00:01:58 1 1 1
00:02:33 1 1 1
00:03:04 1 1 1
00:04:02 1 1 1
00:05:03 1 1 1
00:06:03 1 1 1
00:07:15 1 1 1
00:08:19 1 1 1
02:00:06 1 1 1
02:01:06 1 1 1
02:02:07 1 1 1
02:03:10 1 1 1
02:04:07 1 1 1
02:05:08 1 1 1
02:06:09 1 1 1
02:07:09 1 1 1
02:08:09 1 1 1
02:09:10 1 1 1
02:10:10 1 1 1
02:11:14 1 1 1
02:12:11 1 1 1
02:13:11 1 1 1
02:14:12 1 1 1
02:15:12 1 1 1
02:16:13 1 1 1
02:17:13 1 1 1
02:18:18 1 1 1
02:19:14 1 1 1
02:20:15 1 1 1
02:21:15 1 1 1
02:22:25 1 1 1
02:23:16 1 1 1
02:24:16 1 1 1
02:25:17 1 1 1
02:26:17 1 1 1
02:27:17 1 1 1
02:28:18 1 1 1
02:29:18 1 1 1
02:30:19 1 1 1
02:31:19 1 1 1
02:32:20 1 1 1
02:33:20 1 1 1
02:34:20 1 1 1
02:35:21 1 1 1
02:36:21 1 1 1
02:37:21 1 1 1
02:38:22 1 1 1
02:39:23 1 1 1
02:40:23 1 1 1
02:41:23 1 1 1
02:42:24 1 1 1
02:43:24 1 1 1
02:44:24 1 1 1
02:45:24 1 1 1
02:46:28 1 1 1
02:47:35 1 1 1
02:48:26 1 1 1
02:49:26 1 1 1
02:50:27 1 1 1
02:51:27 1 1 1
02:52:28 1 1 1
02:53:28 1 1 1
02:54:28 1 1 1
02:55:29 1 1 1
02:56:32 1 1 1
02:57:39 1 1 1
02:58:30 1 1 1
02:59:30 1 1 1
03:00:31 1 1 1
03:01:31 1 1 1
03:02:31 1 1 1
03:03:32 1 1 1
03:04:32 1 1 1
03:05:33 1 1 1
03:06:33 1 1 1
03:07:34 1 1 1
03:08:35 1 1 1
03:09:35 1 1 1
03:10:36 1 1 1
03:11:36 1 1 1
03:12:36 1 1 1
03:13:37 1 1 1
03:14:37 1 1 1
03:15:37 1 1 1
03:16:38 1 1 1
03:17:38 1 1 1
03:18:39 1 1 1
03:19:39 1 1 1
03:20:39 1 1 1
03:21:40 1 1 1
03:22:40 1 1 1
03:23:40 1 1 1
03:24:41 1 1 1
03:25:41 1 1 1
03:26:41 1 1 1
03:27:41 1 1 1
03:28:42 1 1 1
03:29:42 1 1 1
03:30:43 1 1 1
03:31:43 1 1 1
03:32:43 1 1 1
03:33:43 1 1 1
03:34:44 1 1 1
03:35:47 1 1 1
03:36:48 1 1 1
03:37:45 1 1 1
03:38:45 1 1 1
03:39:46 1 1 1
03:40:46 1 1 1
03:41:47 1 1 1
03:42:47 1 1 1
03:43:47 1 1 1
03:44:47 1 1 1
03:45:48 1 1 1
03:46:48 1 1 1
03:47:48 1 1 1
03:48:49 1 1 1
03:49:49 1 1 1
03:50:49 1 1 1
03:51:50 1 1 1
03:52:50 1 1 1
03:53:50 1 1 1
03:54:51 1 1 1
03:55:51 1 1 1
03:56:52 1 1 1
03:57:52 1 1 1
03:58:52 1 1 1
03:59:52 1 1 1
04:00:53 1 1 1
04:01:53 1 1 1
04:02:54 1 1 1
04:03:54 1 1 1
04:04:54 1 1 1
04:05:54 1 1 1
04:06:55 1 1 1
04:07:55 1 1 1
04:08:56 1 1 1
04:09:56 1 1 1
04:10:57 1 1 1
04:11:57 1 1 1
04:12:57 1 1 1
04:14:04 1 1 1
04:14:58 1 1 1
04:15:58 1 1 1
04:16:58 1 1 1
04:17:58 1 1 1
04:18:59 1 1 1
04:19:59 1 1 1
04:21:00 1 1 1
04:22:00 1 1 1
04:23:00 1 1 1
04:24:00 1 1 1
04:25:01 1 1 1
04:26:01 1 1 1
04:27:02 1 1 1
04:28:02 1 1 1
04:29:02 1 1 1
04:30:03 1 1 1
04:31:03 1 1 1
04:32:03 1 1 1
04:33:04 1 1 1
04:34:04 1 1 1
04:35:04 1 1 1
04:36:05 1 1 1
04:37:05 1 1 1
04:38:05 1 1 1
04:39:06 1 1 1
04:40:06 1 1 1
04:41:07 1 1 1
04:42:07 1 1 1
04:43:07 1 1 1
04:44:08 1 1 1
04:45:08 1 1 1
04:46:08 1 1 1
04:47:09 1 1 1
04:48:09 1 1 1
04:49:09 1 1 1
04:50:10 1 1 1
04:51:10 1 1 1
04:52:10 1 1 1
04:53:11 1 1 1
04:54:11 1 1 1
04:55:11 1 1 1
04:56:12 1 1 1
04:57:12 1 1 1
04:58:12 1 1 1
04:59:13 1 1 1
05:00:13 1 1 1
05:01:13 1 1 1
05:02:14 1 1 1
05:03:14 1 1 1
05:04:14 1 1 1
05:05:15 1 1 1
05:06:15 1 1 1
05:07:15 1 1 1
05:08:16 1 1 1
05:09:16 1 1 1
05:10:17 1 1 1
05:11:17 1 1 1
05:12:17 1 1 1
05:13:18 1 1 1
05:14:18 1 1 1
05:15:18 1 1 1
05:16:19 1 1 1
05:17:19 1 1 1
05:18:20 1 1 1
05:19:20 1 1 1
05:20:20 1 1 1
05:21:21 1 1 1
05:22:21 1 1 1
05:23:21 1 1 1
05:24:22 1 1 1
05:25:22 1 1 1
05:26:22 1 1 1
05:27:23 1 1 1
05:28:23 1 1 1
05:29:23 1 1 1
05:30:24 1 1 1
05:31:24 1 1 1
05:32:24 1 1 1
05:33:25 1 1 1
05:34:25 1 1 1
05:35:25 1 1 1
05:36:26 1 1 1
05:37:26 1 1 1
05:38:26 1 1 1
05:39:27 1 1 1
05:40:27 1 1 1
05:41:27 1 1 1
05:42:28 1 1 1
05:43:28 1 1 1
05:44:28 1 1 1
05:45:29 1 1 1
05:46:29 1 1 1
05:47:29 1 1 1
05:48:30 1 1 1
05:49:30 1 1 1
05:50:30 1 1 1
05:51:31 1 1 1
05:52:31 1 1 1
05:53:31 1 1 1
05:54:32 1 1 1
05:55:32 1 1 1
05:56:33 1 1 1
05:57:33 1 1 1
05:58:33 1 1 1
05:59:34 1 1 1
06:00:34 1 1 1
06:01:35 1 1 1
06:02:35 1 1 1
06:03:35 1 1 1
06:04:36 1 1 1
06:05:36 1 1 1
06:06:37 1 1 1
06:07:37 1 1 1
06:08:37 1 1 1
06:09:38 1 1 1
06:10:38 1 1 1
06:11:38 1 1 1
06:12:39 1 1 1
06:13:39 1 1 1
06:14:39 1 1 1
06:15:40 1 1 1
06:16:40 1 1 1
06:17:40 1 1 1
06:18:41 1 1 1
06:19:41 1 1 1
06:20:42 1 1 1
06:21:42 1 1 1
06:22:42 1 1 1
06:23:43 1 1 1
06:24:43 1 1 1
06:25:43 1 1 1
06:26:44 1 1 1
06:27:44 1 1 1
06:28:44 1 1 1
06:29:45 1 1 1
06:30:45 1 1 1
06:31:45 1 1 1
06:32:46 1 1 1
06:33:46 1 1 1
06:34:46 1 1 1
06:35:47 1 1 1
06:36:47 1 1 1
06:37:47 1 1 1
06:38:48 1 1 1
06:39:48 1 1 1
06:40:48 1 1 1
06:41:49 1 1 1
06:42:49 1 1 1
06:43:49 1 1 1
06:44:50 1 1 1
06:45:50 1 1 1
06:46:50 1 1 1
06:47:51 1 1 1
06:48:51 1 1 1
06:49:51 1 1 1
06:50:52 1 1 1
06:51:52 1 1 1
06:52:52 1 1 1
06:53:53 1 1 1
06:54:53 1 1 1
06:55:53 1 1 1
06:56:54 1 1 1
06:57:54 1 1 1
06:58:54 1 1 1
06:59:55 1 1 1
07:00:55 1 1 1
07:01:55 1 1 1
07:02:56 1 1 1
07:03:56 1 1 1
07:04:56 1 1 1
07:05:57 1 1 1
07:06:57 1 1 1
07:07:57 1 1 1
07:08:58 1 1 1
07:09:58 1 1 1
07:10:58 1 1 1
07:11:59 1 1 1
07:12:59 1 1 1
07:13:59 1 1 1
07:15:00 1 1 1
07:16:00 1 1 1
07:17:01 1 1 1
07:18:01 1 1 1
07:19:01 1 1 1
07:20:01 1 1 1
07:21:02 1 1 1
07:22:02 1 1 1
07:23:02 1 1 1
07:24:03 1 1 1
07:25:03 1 1 1
07:26:04 1 1 1
07:27:04 1 1 1
07:28:04 1 1 1
07:29:04 1 1 1
07:30:05 1 1 1
07:31:05 1 1 1
07:32:06 1 1 1
07:33:06 1 1 1
07:34:06 1 1 1
07:35:07 1 1 1
07:36:07 1 1 1
07:37:07 1 1 1
07:38:08 1 1 1
07:39:08 1 1 1
07:40:08 1 1 1
07:41:09 1 1 1
07:42:09 1 1 1
07:43:09 1 1 1
07:44:10 1 1 1
07:45:10 1 1 1
07:46:10 1 1 1
07:47:11 1 1 1
07:48:11 1 1 1
07:49:11 1 1 1
07:50:14 1 1 1
07:51:12 1 1 1
07:52:12 1 1 1
07:53:12 1 1 1
07:54:13 1 1 1
07:55:13 1 1 1
07:56:13 1 1 1
07:57:14 1 1 1
07:58:14 1 1 1
07:59:14 1 1 1
08:00:15 1 1 1
08:01:15 1 1 1
08:02:15 1 1 1
08:03:16 1 1 1
08:04:16 1 1 1
08:05:16 1 1 1
08:06:20 1 1 1
08:07:20 1 1 1
08:08:17 1 1 1
08:09:17 1 1 1
08:10:18 1 1 1
08:11:18 1 1 1
08:12:18 1 1 1
08:13:19 1 1 1
08:14:19 1 1 1
08:15:19 1 1 1
08:16:20 1 1 1
08:17:20 1 1 1
08:18:20 1 1 1
08:19:21 1 1 1
08:20:21 1 1 1
08:21:21 1 1 1
08:22:22 1 1 1
08:23:23 1 1 1
08:24:23 1 1 1
08:25:23 1 1 1
08:26:24 1 1 1
08:27:24 1 1 1
08:28:24 1 1 1
08:29:24 1 1 1
08:30:25 1 1 1
08:31:25 1 1 1
08:32:25 1 1 1
08:33:26 1 1 1
08:34:26 1 1 1
08:35:26 1 1 1
08:36:27 1 1 1
08:37:27 1 1 1
08:38:27 1 1 1
08:39:28 1 1 1
08:40:28 1 1 1
08:41:28 1 1 1
08:42:29 1 1 1
08:43:29 1 1 1
08:44:30 1 1 1
08:45:30 1 1 1
08:46:30 1 1 1
08:47:31 1 1 1
08:48:31 1 1 1
08:49:31 1 1 1
08:50:32 1 1 1
08:51:32 1 1 1
08:52:32 1 1 1
08:53:33 1 1 1
08:54:33 1 1 1
08:55:34 1 1 1
08:56:35 1 1 1
08:57:35 1 1 1
08:58:35 1 1 1
08:59:36 1 1 1
09:00:36 1 1 1
09:01:36 1 1 1
09:02:37 1 1 1
09:03:37 1 1 1
09:04:40 1 1 1
09:05:37 1 1 1
09:06:40 1 1 1
09:07:38 1 1 1
09:08:38 1 1 1
09:09:38 1 1 1
09:10:39 1 1 1
09:11:39 1 1 1
09:12:39 1 1 1
09:13:39 1 1 1
09:14:39 1 1 1
09:15:40 1 1 1
09:16:40 1 1 1
09:17:40 1 1 1
09:18:41 1 1 1
09:19:41 1 1 1
09:20:41 1 1 1
09:21:42 1 1 1
09:22:42 1 1 1
09:23:42 1 1 1
09:24:43 1 1 1
09:25:43 1 1 1
09:26:46 1 1 1
09:27:43 1 1 1
09:28:44 1 1 1
09:29:44 1 1 1
09:30:44 1 1 1
09:31:45 1 1 1
09:32:45 1 1 1
09:33:49 1 1 1
09:34:46 1 1 1
09:35:46 1 1 1
09:36:46 1 1 1
09:37:46 1 1 1
09:38:47 1 1 1
09:39:48 1 1 1
09:40:48 1 1 1
09:41:51 1 1 1
09:42:48 1 1 1
09:43:49 1 1 1
09:44:49 1 1 1
09:45:52 1 1 1
09:46:49 1 1 1
09:47:50 1 1 1
09:48:50 1 1 1
09:49:53 1 1 1
09:50:50 1 1 1
09:51:50 1 1 1
09:52:51 1 1 1
09:53:51 1 1 1
09:54:51 1 1 1
09:55:51 1 1 1
09:56:52 1 1 1
09:57:52 1 1 1
09:58:52 1 1 1
09:59:52 1 1 1
10:00:53 1 1 1
10:01:53 1 1 1
10:03:02 1 1 1
10:03:53 1 1 1
10:04:54 1 1 1
10:05:54 1 1 1
10:06:54 1 1 1
10:07:54 1 1 1
10:08:55 1 1 1
10:09:55 1 1 1
10:10:55 1 1 1
10:11:55 1 1 1
10:12:56 1 1 1
10:13:56 1 1 1
10:14:56 1 1 1
10:15:56 1 1 1
10:17:12 0 0 0
10:18:00 1 1 1
10:19:00 1 1 1
10:19:58 1 1 1
10:21:02 1 1 1
10:21:59 1 1 1
10:23:00 1 1 1
10:24:01 1 1 1
10:25:01 1 1 1
10:26:02 1 1 1
10:27:02 1 1 1
10:28:03 1 1 1
10:29:03 1 1 1
10:30:03 1 1 1
10:31:04 1 1 1
10:32:04 1 1 1
10:33:04 1 1 1
10:34:04 1 1 1
10:35:05 1 1 1
10:36:05 1 1 1
10:37:05 1 1 1
10:38:06 1 1 1
10:39:10 1 1 1
10:40:07 1 1 1
10:41:07 1 1 1
10:42:08 1 1 1
10:43:08 1 1 1
10:44:08 1 1 1
10:45:09 1 1 1
10:46:09 1 1 1
10:47:09 1 1 1
10:48:10 1 1 1
10:49:10 1 1 1
10:50:10 1 1 1
10:51:11 1 1 1
10:52:11 1 1 1
10:53:12 1 1 1
10:54:12 1 1 1
10:55:12 1 1 1
10:56:13 1 1 1
10:57:14 1 1 1
10:58:15 1 1 1
10:59:15 1 1 1
11:00:15 1 1 1
11:01:16 1 1 1
11:02:19 1 1 1
11:03:16 1 1 1
11:04:17 1 1 1
11:05:17 1 1 1
11:06:17 1 1 1
11:07:18 1 1 1
11:08:22 1 1 1
11:09:19 1 1 1
11:10:22 1 1 1
11:11:19 1 1 1
11:12:20 1 1 1
11:13:20 1 1 1
11:14:20 1 1 1
11:15:21 1 1 1
11:16:22 1 1 1
11:17:22 1 1 1
11:18:22 1 1 1
11:19:23 1 1 1
11:20:23 1 1 1
11:21:23 1 1 1
11:22:24 1 1 1
11:23:24 1 1 1
11:24:24 1 1 1
11:25:24 1 1 1
11:26:25 1 1 1
11:27:25 1 1 1
11:28:25 1 1 1
11:29:25 1 1 1
11:30:26 1 1 1
11:31:26 1 1 1
11:32:26 1 1 1
11:33:26 1 1 1
11:34:28 1 1 1
11:35:28 1 1 1
11:36:29 1 1 1
11:37:29 1 1 1
11:38:29 1 1 1
11:39:30 1 1 1
11:40:30 1 1 1
11:41:30 1 1 1
11:42:30 1 1 1
11:43:31 1 1 1
11:44:32 1 1 1
11:45:32 1 1 1
11:46:33 1 1 1
11:47:33 1 1 1
11:48:33 1 1 1
11:49:33 1 1 1
11:50:34 1 1 1
11:51:34 1 1 1
11:52:35 1 1 1
11:53:35 1 1 1
11:54:35 1 1 1
11:55:35 1 1 1
11:56:36 1 1 1
11:57:36 1 1 1
11:58:36 1 1 1
11:59:37 1 1 1
12:00:37 1 1 1
12:01:37 1 1 1
12:02:37 1 1 1
12:03:38 1 1 1
12:04:38 1 1 1
12:05:38 1 1 1
12:06:39 1 1 1
12:07:39 1 1 1
12:08:40 1 1 1
12:09:44 1 1 1
12:10:41 1 1 1
12:11:41 1 1 1
12:12:41 1 1 1
12:13:42 1 1 1
12:14:42 1 1 1
12:15:42 1 1 1
12:16:43 1 1 1
12:17:44 1 1 1
12:18:45 1 1 1
12:19:45 1 1 1
12:20:45 1 1 1
12:21:45 1 1 1
12:22:45 1 1 1
12:23:46 1 1 1
12:24:46 1 1 1
12:25:46 1 1 1
12:26:47 1 1 1
12:27:47 1 1 1
12:28:47 1 1 1
12:29:48 1 1 1
12:30:48 1 1 1
12:31:48 1 1 1
12:33:01 1 1 1
12:33:48 1 1 1
12:34:49 1 1 1
12:35:49 1 1 1
12:36:49 1 1 1
12:37:50 1 1 1
12:38:50 1 1 1
12:39:50 1 1 1
12:40:50 1 1 1
12:41:50 1 1 1
12:42:51 1 1 1
12:43:51 1 1 1
12:44:54 1 1 1
12:45:51 1 1 1
12:46:51 1 1 1
12:47:52 1 1 1
12:48:52 1 1 1
12:49:52 1 1 1
12:50:52 1 1 1
12:51:53 1 1 1
12:52:53 1 1 1
12:53:53 1 1 1
12:54:53 1 1 1
12:55:53 1 1 1
12:56:54 1 1 1
12:57:54 1 1 1
12:58:54 1 1 1
12:59:55 1 1 1
13:00:55 1 1 1
13:01:55 1 1 1
13:02:55 1 1 1
13:03:55 1 1 1
13:04:56 1 1 1
13:05:56 1 1 1
13:06:56 1 1 1
13:07:56 1 1 1
13:08:57 1 1 1
13:09:57 1 1 1
13:11:01 1 1 1
13:11:57 1 1 1
13:12:57 1 1 1
13:14:00 1 1 1
13:14:58 1 1 1
13:15:58 1 1 1
13:16:58 1 1 1
13:18:01 1 1 1
13:18:59 1 1 1
13:19:59 1 1 1
13:20:59 1 1 1
13:22:00 1 1 1
13:23:03 1 1 1
13:24:00 1 1 1
13:25:00 1 1 1
13:26:01 1 1 1
13:27:01 1 1 1
13:28:01 1 1 1
13:29:01 1 1 1
13:30:05 1 1 1
13:31:02 1 1 1
13:32:06 1 1 1
13:33:02 1 1 1
13:34:03 1 1 1
13:35:13 1 1 1
13:36:04 1 1 1
13:37:04 1 1 1
13:38:04 1 1 1
13:39:04 1 1 1
13:40:04 1 1 1
13:41:05 1 1 1
13:42:05 1 1 1
13:43:06 1 1 1
13:44:06 1 1 1
13:45:06 1 1 1
13:46:07 1 1 1
13:47:08 1 1 1
13:48:08 1 1 1
13:49:09 1 1 1
13:50:09 1 1 1
13:51:16 1 1 1
13:52:20 1 1 1
13:53:11 1 1 1
13:54:11 1 1 1
13:55:11 1 1 1
13:56:11 1 1 1
13:57:12 1 1 1
13:58:12 1 1 1
13:59:12 1 1 1
14:00:15 1 1 1
14:01:15 1 1 1
14:02:13 1 1 1
14:03:13 1 1 1
14:04:13 1 1 1
14:05:13 1 1 1
14:06:14 1 1 1
14:07:14 1 1 1
14:08:15 1 1 1
14:09:15 1 1 1
14:10:15 1 1 1
14:11:16 1 1 1
14:12:17 1 1 1
14:13:17 1 1 1
14:14:20 1 1 1
14:15:18 1 1 1
14:16:18 1 1 1
14:17:18 1 1 1
14:18:19 1 1 1
14:19:19 1 1 1
14:20:19 1 1 1
14:21:22 1 1 1
14:22:20 1 1 1
14:23:20 1 1 1
14:24:21 1 1 1
14:25:24 1 1 1
14:26:21 1 1 1
14:27:25 1 1 1
14:28:25 1 1 1
14:29:22 1 1 1
14:30:23 1 1 1
14:31:23 1 1 1
14:32:24 1 1 1
14:33:24 1 1 1
14:34:24 1 1 1
14:35:25 1 1 1
14:36:25 1 1 1
14:37:26 1 1 1
14:38:29 1 1 1
14:39:26 1 1 1
14:40:27 1 1 1
14:41:27 1 1 1
14:42:28 1 1 1
14:43:28 1 1 1
14:44:29 1 1 1
14:45:29 1 1 1
14:46:29 1 1 1
14:47:30 1 1 1
14:48:30 1 1 1
14:49:30 1 1 1
14:50:31 1 1 1
14:51:31 1 1 1
14:52:32 1 1 1
14:53:32 1 1 1
14:54:32 1 1 1
14:55:32 1 1 1
14:56:33 1 1 1
14:57:33 1 1 1
14:58:33 1 1 1
14:59:33 1 1 1
15:00:37 1 1 1
15:01:34 1 1 1
15:02:34 1 1 1
15:03:34 1 1 1
15:04:38 1 1 1
15:05:35 1 1 1
15:06:35 1 1 1
15:07:35 1 1 1
15:08:35 1 1 1
15:09:35 1 1 1
15:10:35 1 1 1
15:11:36 1 1 1
15:12:37 1 1 1
15:13:37 1 1 1
15:14:38 1 1 1
15:15:38 1 1 1
15:16:38 1 1 1
15:17:39 1 1 1
15:18:39 1 1 1
15:19:39 1 1 1
15:20:39 1 1 1
15:21:39 1 1 1
15:22:40 1 1 1
15:23:40 1 1 1
15:24:43 1 1 1
15:25:49 1 1 1
15:26:40 1 1 1
15:27:41 1 1 1
15:28:41 1 1 1
15:29:41 1 1 1
15:30:41 1 1 1
15:31:42 1 1 1
15:32:42 1 1 1
15:33:42 1 1 1
15:34:43 1 1 1
15:35:43 1 1 1
15:36:43 1 1 1
15:37:43 1 1 1
15:38:43 1 1 1
15:39:44 1 1 1
15:40:44 1 1 1
15:41:44 1 1 1
15:42:47 1 1 1
15:43:45 1 1 1
15:44:45 1 1 1
15:45:45 1 1 1
15:46:45 1 1 1
15:47:46 1 1 1
15:48:46 1 1 1
15:49:46 1 1 1
15:50:46 1 1 1
15:51:47 1 1 1
15:52:47 1 1 1
15:53:51 1 1 1
15:54:48 1 1 1
15:55:48 1 1 1
15:56:48 1 1 1
15:57:48 1 1 1
15:58:48 1 1 1
15:59:49 1 1 1
16:00:49 1 1 1
16:01:49 1 1 1
16:02:49 1 1 1
16:03:49 1 1 1
16:04:50 1 1 1
16:05:50 1 1 1
16:06:50 1 1 1
16:07:50 1 1 1
16:08:51 1 1 1
16:09:51 1 1 1
16:10:51 1 1 1
16:11:51 1 1 1
16:12:52 1 1 1
16:13:52 1 1 1
16:14:52 1 1 1
16:15:52 1 1 1
16:16:52 1 1 1
16:17:53 1 1 1
16:18:53 1 1 1
16:19:53 1 1 1
16:20:53 1 1 1
16:21:53 1 1 1
16:22:54 1 1 1
16:23:54 1 1 1
16:24:54 1 1 1
16:25:54 1 1 1
16:26:55 1 1 1
16:27:55 1 1 1
16:28:55 1 1 1
16:29:55 1 1 1
16:30:56 1 1 1
16:31:56 1 1 1
16:32:56 1 1 1
16:33:56 1 1 1
16:34:56 1 1 1
16:35:56 1 1 1
16:36:57 1 1 1
16:37:57 1 1 1
16:38:57 1 1 1
16:39:57 1 1 1
16:40:58 1 1 1
16:41:58 1 1 1
16:42:58 1 1 1
16:43:58 1 1 1
16:44:59 1 1 1
16:45:59 1 1 1
16:46:59 1 1 1
16:47:59 1 1 1
16:48:59 1 1 1
16:49:59 1 1 1
16:51:00 1 1 1
16:52:00 1 1 1
16:53:01 1 1 1
16:54:02 1 1 1
16:55:05 1 1 1
16:56:02 1 1 1
16:57:02 1 1 1
16:58:03 1 1 1
16:59:03 1 1 1
17:00:03 1 1 1
17:01:03 1 1 1
17:02:04 1 1 1
17:03:04 1 1 1
17:04:05 1 1 1
17:05:05 1 1 1
17:06:05 1 1 1
17:07:05 1 1 1
17:08:06 1 1 1
17:09:06 1 1 1
17:10:06 1 1 1
17:11:09 1 1 1
17:12:06 1 1 1
17:13:07 1 1 1
17:14:07 1 1 1
17:15:07 1 1 1
17:16:07 1 1 1
17:17:08 1 1 1
17:18:08 1 1 1
17:19:08 1 1 1
17:20:08 1 1 1
17:21:09 1 1 1
17:22:09 1 1 1
17:23:09 1 1 1
17:24:09 1 1 1
17:25:10 1 1 1
17:26:19 1 1 1
17:27:10 1 1 1
17:28:11 1 1 1
17:29:11 1 1 1
17:30:11 1 1 1
17:31:11 1 1 1
17:32:12 1 1 1
17:33:12 1 1 1
17:34:12 1 1 1
17:35:13 1 1 1
17:36:13 1 1 1
17:37:13 1 1 1
17:38:14 1 1 1
17:39:14 1 1 1
17:40:14 1 1 1
17:41:15 1 1 1
17:42:15 1 1 1
17:43:16 1 1 1
17:44:16 1 1 1
17:45:16 1 1 1
17:46:17 1 1 1
17:47:17 1 1 1
17:48:17 1 1 1
17:49:17 1 1 1
17:50:18 1 1 1
17:51:18 1 1 1
17:52:18 1 1 1
17:53:19 1 1 1
17:54:19 1 1 1
17:55:19 1 1 1
17:56:19 1 1 1
17:57:20 1 1 1
17:58:20 1 1 1
17:59:20 1 1 1
18:00:20 1 1 1
18:01:24 1 1 1
18:02:21 1 1 1
18:03:21 1 1 1
18:04:21 1 1 1
18:05:21 1 1 1
18:06:22 1 1 1
18:07:22 1 1 1
18:08:22 1 1 1
18:09:22 1 1 1
18:10:26 1 1 1
18:11:23 1 1 1
18:12:23 1 1 1
18:13:24 1 1 1
18:14:24 1 1 1
18:15:24 1 1 1
18:16:24 1 1 1
18:17:28 1 1 1
18:18:25 1 1 1
18:19:25 1 1 1
18:20:25 1 1 1
18:21:26 1 1 1
18:22:29 1 1 1
18:23:26 1 1 1
18:24:27 1 1 1
18:25:28 1 1 1
18:26:27 1 1 1
18:27:28 1 1 1
18:28:28 1 1 1
18:29:32 1 1 1
18:30:28 1 1 1
18:31:29 1 1 1
18:32:29 1 1 1
18:33:30 1 1 1
18:34:31 1 1 1
18:35:31 1 1 1
18:36:31 1 1 1
18:37:31 1 1 1
18:38:32 1 1 1
18:39:32 1 1 1
18:40:32 1 1 1
18:41:32 1 1 1
18:42:32 1 1 1
18:43:33 1 1 1
18:44:36 1 1 1
18:45:33 1 1 1
18:46:33 1 1 1
18:47:34 1 1 1
18:48:34 1 1 1
18:49:34 1 1 1
18:50:34 1 1 1
18:51:35 1 1 1
18:52:35 1 1 1
18:53:36 1 1 1
18:54:36 1 1 1
18:55:37 1 1 1
18:56:37 1 1 1
18:57:37 1 1 1
18:58:37 1 1 1
18:59:37 1 1 1
19:00:38 1 1 1
19:01:38 1 1 1
19:02:38 1 1 1
19:03:38 1 1 1
19:04:39 1 1 1
19:05:39 1 1 1
19:06:39 1 1 1
19:07:39 1 1 1
19:08:39 1 1 1
19:09:40 1 1 1
19:10:40 1 1 1
19:11:40 1 1 1
19:12:40 1 1 1
19:13:41 1 1 1
19:14:41 1 1 1
19:15:41 1 1 1
19:16:41 1 1 1
19:17:41 1 1 1
19:18:42 1 1 1
19:19:46 1 1 1
19:20:42 1 1 1
19:21:42 1 1 1
19:22:43 1 1 1
19:23:43 1 1 1
19:24:43 1 1 1
19:25:43 1 1 1
19:26:43 1 1 1
19:27:44 1 1 1
19:28:44 1 1 1
19:29:47 1 1 1
19:30:44 1 1 1
19:31:44 1 1 1
19:32:45 1 1 1
19:33:46 1 1 1
19:34:46 1 1 1
19:35:47 1 1 1
19:36:47 1 1 1
19:37:47 1 1 1
19:38:47 1 1 1
19:39:48 1 1 1
19:40:51 1 1 1
19:41:59 1 1 1
19:42:48 1 1 1
19:43:49 1 1 1
19:44:49 1 1 1
19:45:49 1 1 1
19:46:49 1 1 1
19:47:52 1 1 1
19:48:52 1 1 1
19:49:52 1 1 1
19:50:50 1 1 1
19:51:53 1 1 1
19:52:53 1 1 1
19:53:50 1 1 1
19:54:58 1 1 1
19:55:54 1 1 1
19:56:54 1 1 1
19:57:51 1 1 1
19:58:52 1 1 1
19:59:52 1 1 1
20:00:52 1 1 1
20:01:52 1 1 1
20:02:52 1 1 1
20:03:53 1 1 1
20:05:05 1 1 1
20:05:53 1 1 1
20:06:59 1 1 1
20:07:53 1 1 1
20:08:54 1 1 1
20:09:54 1 1 1
20:10:54 1 1 1
20:11:54 1 1 1
20:12:55 1 1 1
20:13:55 1 1 1
20:14:55 1 1 1
20:15:55 1 1 1
20:17:01 1 1 1
20:17:56 1 1 1
20:18:56 1 1 1
20:20:00 1 1 1
20:20:56 1 1 1
20:21:57 1 1 1
20:22:57 1 1 1
20:23:57 1 1 1
20:24:57 1 1 1
20:25:58 1 1 1
20:26:58 1 1 1
20:27:58 1 1 1
20:28:58 1 1 1
20:29:58 1 1 1
20:30:59 1 1 1
20:31:59 1 1 1
20:32:59 1 1 1
20:34:02 1 1 1
20:34:59 1 1 1
20:36:00 1 1 1
20:37:00 1 1 1
20:38:00 1 1 1
20:39:00 1 1 1
20:40:00 1 1 1
20:41:01 1 1 1
20:42:01 1 1 1
20:43:01 1 1 1
20:44:01 1 1 1
20:45:01 1 1 1
20:46:02 1 1 1
20:47:02 1 1 1
20:48:02 1 1 1
20:49:02 1 1 1
20:50:06 1 1 1
20:51:06 1 1 1
20:52:09 1 1 1
20:53:03 1 1 1
20:54:03 1 1 1
20:55:04 1 1 1
20:56:04 1 1 1
20:57:07 1 1 1
20:58:04 1 1 1
20:59:04 1 1 1
21:00:05 1 1 1
21:01:05 1 1 1
21:02:05 1 1 1
21:03:05 1 1 1
21:04:09 1 1 1
21:05:06 1 1 1
21:06:16 1 1 1
21:07:06 1 1 1
21:08:06 1 1 1
21:09:06 1 1 1
21:10:07 1 1 1
21:11:07 1 1 1
21:12:11 1 1 1
21:13:07 1 1 1
21:14:08 1 1 1
21:15:08 1 1 1
21:16:08 1 1 1
21:17:08 1 1 1
21:18:09 1 1 1
21:19:09 1 1 1
21:20:29 0 0 0
21:21:09 1 1 1
21:22:10 1 1 1
21:23:30 0 0 0
21:24:10 1 1 1
21:25:22 1 1 1
21:26:10 1 1 1
21:27:11 1 1 1
21:28:11 1 1 1
21:29:15 1 1 1
21:30:11 1 1 1
21:31:15 1 1 1
21:32:14 1 1 1
21:33:12 1 1 1
21:34:12 1 1 1
21:35:12 1 1 1
21:36:13 1 1 1
21:37:13 1 1 1
21:38:13 1 1 1
21:39:13 1 1 1
21:40:14 1 1 1
21:41:14 1 1 1
21:42:17 1 1 1
21:43:14 1 1 1
21:44:14 1 1 1
21:45:15 1 1 1
21:46:15 1 1 1
21:47:18 1 1 1
21:48:16 1 1 1
21:49:16 1 1 1
21:50:16 1 1 1
21:51:16 1 1 1
21:52:16 1 1 1
21:53:17 1 1 1
21:54:17 1 1 1
21:55:17 1 1 1
21:56:17 1 1 1
21:57:18 1 1 1
21:58:18 1 1 1
21:59:18 1 1 1
22:00:18 1 1 1
22:01:19 1 1 1
22:02:19 1 1 1
22:03:19 1 1 1
22:04:19 1 1 1
22:05:20 1 1 1
22:06:41 1 1 1
22:07:20 1 1 1
22:08:20 1 1 1
22:09:21 1 1 1
22:10:21 1 1 1
22:11:21 1 1 1
22:12:21 1 1 1
22:13:22 1 1 1
22:14:25 1 1 1
22:15:22 1 1 1
22:16:22 1 1 1
22:17:23 1 1 1
22:18:23 1 1 1
22:19:23 1 1 1
22:20:23 1 1 1
22:21:24 1 1 1
22:22:24 1 1 1
22:23:24 1 1 1
22:24:24 1 1 1
22:25:24 1 1 1
22:26:25 1 1 1
22:27:25 1 1 1
22:28:25 1 1 1
22:29:26 1 1 1
22:30:26 1 1 1
22:31:26 1 1 1
22:32:26 1 1 1
22:33:27 1 1 1
22:34:27 1 1 1
22:35:27 1 1 1
22:36:27 1 1 1
22:37:28 1 1 1
22:38:31 1 1 1
22:39:28 1 1 1
22:40:29 1 1 1
22:41:29 1 1 1
22:42:32 1 1 1
22:43:29 1 1 1
22:44:30 1 1 1
22:45:30 1 1 1
22:46:30 1 1 1
22:47:30 1 1 1
22:48:31 1 1 1
22:49:31 1 1 1
22:50:34 1 1 1
22:51:31 1 1 1
22:52:32 1 1 1
22:53:32 1 1 1
22:54:32 1 1 1
22:55:32 1 1 1
22:56:33 1 1 1
22:57:36 1 1 1
22:58:33 1 1 1
22:59:36 1 1 1
23:00:37 1 1 1
23:01:54 1 1 1
23:02:40 1 1 1
23:03:37 1 1 1
23:04:35 1 1 1
23:05:35 1 1 1
23:06:35 1 1 1
23:07:35 1 1 1
23:08:39 1 1 1
23:09:39 1 1 1
23:10:39 1 1 1
23:11:39 1 1 1
23:12:37 1 1 1
23:13:40 1 1 1
23:14:37 1 1 1
23:15:37 1 1 1
23:16:41 1 1 1
23:17:40 1 1 1
23:18:38 1 1 1
23:19:38 1 1 1
23:20:39 1 1 1
23:21:39 1 1 1
23:22:39 1 1 1
23:23:46 1 1 1
23:24:40 1 1 1
23:25:40 1 1 1
23:26:40 1 1 1
23:27:48 1 1 1
23:28:41 1 1 1
23:29:41 1 1 1
23:30:45 1 1 1
23:31:42 1 1 1
23:32:42 1 1 1
23:33:42 1 1 1
23:34:52 1 1 1
23:35:49 1 1 1
23:36:52 1 1 1
23:37:43 1 1 1
23:38:44 1 1 1
23:39:53 1 1 1
23:40:46 1 1 1
23:41:44 1 1 1
23:42:45 1 1 1
23:43:45 1 1 1
23:44:46 1 1 1
23:45:46 1 1 1
23:46:46 1 1 1
23:47:47 1 1 1
23:48:48 1 1 1
23:49:52 1 1 1
23:50:49 1 1 1
23:51:50 1 1 1
23:52:49 1 1 1
23:53:50 1 1 1
23:54:52 1 1 1
23:55:51 1 1 1
23:56:52 1 1 1
23:57:55 1 1 1
23:58:52 1 1 1
23:59:53 1 1 1
