00:00:07 1
00:02:20 1
00:03:05 1
00:03:42 1
00:04:26 1
00:05:27 1
00:06:39 1
00:07:42 1
02:00:11 1
02:01:21 1
02:02:09 -1
02:03:10 1
02:04:23 1
02:05:36 1
02:06:14 1
02:07:11 1
02:08:21 1
02:09:12 1
02:10:19 1
02:11:13 1
02:12:27 1
02:13:13 1
02:14:14 1
02:15:20 1
02:16:15 1
02:17:37 1
02:18:22 1
02:19:30 1
02:20:17 1
02:21:24 1
02:22:17 1
02:23:18 1
02:24:18 1
02:25:45 1
02:26:22 1
02:27:30 1
02:28:20 1
02:29:26 1
02:30:25 1
02:31:31 1
02:32:22 1
02:33:34 1
02:34:25 1
02:35:46 1
02:36:28 1
02:37:29 1
02:38:30 1
02:39:33 1
02:40:37 -1
02:41:40 1
02:42:28 1
02:43:26 1
02:44:32 1
02:45:27 1
02:46:38 1
02:47:37 1
02:48:28 1
02:49:28 1
02:50:38 1
02:51:51 1
02:52:30 1
02:53:45 1
02:54:51 1
02:55:40 1
02:56:35 1
02:57:43 -1
02:58:52 1
02:59:32 1
03:00:56 1
03:01:43 1
03:02:34 -1
03:03:46 1
03:04:56 1
03:05:35 1
03:06:36 1
03:07:37 1
03:08:58 1
03:10:06 1
03:10:41 1
03:11:53 1
03:12:58 1
03:13:42 1
03:14:50 1
03:15:44 1
03:16:40 1
03:17:46 1
03:18:51 1
03:19:47 1
03:20:40 1
03:21:49 1
03:22:41 1
03:23:50 1
03:24:42 1
03:25:50 1
03:26:43 1
03:27:53 1
03:28:43 1
03:29:51 1
03:30:44 1
03:31:51 1
03:32:55 1
03:33:45 1
03:34:49 1
03:35:45 1
03:36:52 1
03:37:46 1
03:38:50 1
03:39:47 1
03:40:50 1
03:41:57 1
03:42:49 1
03:43:56 1
03:44:59 1
03:46:07 -1
03:46:57 1
03:48:07 1
03:48:50 1
03:49:53 1
03:51:12 1
03:51:58 1
03:53:17 1
03:53:54 1
03:55:03 1
03:56:13 1
03:56:53 1
03:58:09 1
03:58:55 1
03:59:57 1
04:00:58 1
04:02:09 1
04:03:11 1
04:04:24 1
04:05:03 1
04:06:15 1
04:07:27 1
04:08:00 1
04:09:08 1
04:10:10 -1
04:10:58 1
04:11:59 1
04:12:59 1
04:13:58 1
04:15:09 1
04:16:06 1
04:17:04 1
04:18:02 1
04:19:00 1
04:20:09 1
04:21:03 1
04:22:14 1
04:23:09 1
04:24:05 1
04:25:02 1
04:26:07 1
04:27:03 1
04:28:19 1
04:29:08 1
04:30:20 1
04:31:11 1
04:32:18 -1
04:33:11 1
04:34:16 1
04:35:06 1
04:36:09 1
04:37:09 1
04:38:27 1
04:39:13 1
04:40:07 1
04:41:14 1
04:42:21 1
04:43:09 1
04:44:10 1
04:45:27 1
04:46:12 1
04:47:14 1
04:48:20 1
04:49:09 -1
04:50:22 1
04:51:13 1
04:52:13 1
04:53:34 -1
04:54:12 1
04:55:17 1
04:56:25 1
04:57:29 1
04:58:38 1
04:59:14 1
05:00:27 1
05:01:41 1
05:02:16 1
05:03:23 1
05:04:33 1
05:05:16 1
05:06:30 1
05:07:35 1
05:08:38 1
05:09:17 1
05:10:36 1
05:11:47 1
05:12:21 1
05:13:26 1
05:14:32 1
05:15:25 1
05:16:20 -1
05:17:28 1
05:18:39 1
05:19:30 1
05:20:23 1
05:21:31 1
05:22:22 1
05:23:30 1
05:24:24 1
05:25:36 1
05:26:31 1
05:27:25 1
05:28:38 1
05:29:36 1
05:30:48 1
05:31:25 1
05:32:45 1
05:33:37 1
05:34:26 1
05:35:38 1
05:36:35 1
05:37:27 1
05:38:39 1
05:39:35 1
05:40:44 1
05:41:36 1
05:42:31 1
05:43:30 1
05:44:54 1
05:45:47 1
05:46:44 1
05:47:38 1
05:48:31 1
05:49:42 1
05:50:34 1
05:51:45 -1
05:52:36 1
05:53:40 1
05:54:47 1
05:55:39 1
05:56:44 1
05:57:46 1
05:58:34 1
05:59:36 1
06:00:40 1
06:01:46 1
06:02:38 1
06:03:49 1
06:04:37 1
06:05:46 1
06:07:09 1
06:07:49 1
06:09:03 1
06:09:44 -1
06:11:09 1
06:11:52 1
06:12:40 1
06:14:02 -1
06:14:44 1
06:16:06 1
06:16:49 1
06:18:06 1
06:19:02 1
06:19:45 1
06:21:06 -1
06:21:47 1
06:23:03 1
06:23:44 1
06:24:58 1
06:25:45 1
06:26:52 1
06:27:45 1
06:28:56 1
06:29:46 1
06:30:55 1
06:31:47 1
06:32:50 1
06:34:00 1
06:34:48 1
06:35:48 1
06:36:50 1
06:37:54 1
06:38:59 1
06:40:01 1
06:40:50 1
06:41:56 1
06:42:59 1
06:44:01 1
06:45:01 1
06:45:58 1
06:46:54 1
06:48:02 1
06:49:18 1
06:49:56 1
06:51:09 1
06:52:02 1
06:52:54 1
06:54:06 1
06:54:54 1
06:56:09 -1
06:56:55 1
06:58:09 1
06:59:21 1
06:59:59 1
07:01:09 1
07:02:16 1
07:02:57 1
07:03:59 1
07:05:06 1
07:06:13 1
07:07:12 1
07:08:02 1
07:09:00 1
07:10:23 1
07:11:00 1
07:12:10 1
07:13:00 1
07:14:01 1
07:15:14 1
07:16:08 1
07:17:02 1
07:18:09 1
07:19:14 1
07:20:06 1
07:21:13 1
07:22:08 1
07:23:04 1
07:24:14 1
07:25:09 1
07:26:05 1
07:27:12 1
07:28:05 1
07:29:13 1
07:30:06 1
07:31:12 1
07:32:07 1
07:33:12 1
07:34:08 1
07:35:30 1
07:36:22 1
07:37:14 1
07:38:20 1
07:39:09 1
07:40:10 1
07:41:21 1
07:42:17 1
07:43:12 1
07:44:21 1
07:45:26 1
07:46:13 1
07:47:19 1
07:48:24 1
07:49:15 1
07:50:20 1
07:51:14 1
07:52:16 1
07:53:23 1
07:54:14 1
07:55:18 1
07:56:23 1
07:57:35 1
07:58:15 1
07:59:16 1
08:00:16 1
08:01:39 1
08:02:25 1
08:03:40 1
08:04:21 1
08:05:17 1
08:06:18 1
08:07:25 1
08:08:26 1
08:09:37 1
08:10:22 1
08:11:47 1
08:12:39 1
08:13:41 1
08:14:40 1
08:15:43 -1
08:16:41 1
08:17:46 1
08:18:36 1
08:19:22 1
08:20:23 1
08:21:45 1
08:22:29 1
08:23:24 1
08:24:44 1
08:25:43 1
08:26:31 1
08:27:25 1
08:28:39 1
08:29:26 1
08:30:52 1
08:31:34 1
08:32:27 1
08:33:33 1
08:34:27 1
08:35:28 1
08:36:28 1
08:37:47 1
08:38:36 1
08:39:30 -1
08:40:29 1
08:41:30 1
08:42:46 1
08:43:55 1
08:44:46 1
08:45:51 1
08:46:31 1
08:47:32 1
08:48:40 1
08:49:32 1
08:50:33 1
08:51:33 1
08:52:33 1
08:53:44 1
08:54:36 1
08:55:55 1
08:56:36 1
08:57:58 1
08:58:41 1
08:59:41 1
09:00:37 1
09:02:02 1
09:03:07 1
09:03:57 1
09:04:57 1
09:05:38 1
09:06:49 1
09:07:47 1
09:08:39 1
09:09:48 1
09:10:41 1
09:12:00 1
09:12:48 1
09:14:04 1
09:14:49 1
09:16:01 1
09:16:41 1
09:17:59 1
09:18:59 -1
09:19:46 1
09:20:48 1
09:21:48 1
09:22:51 1
09:23:50 1
09:24:50 1
09:25:52 -1
09:26:48 -1
09:27:46 1
09:28:57 1
09:30:10 1
09:30:50 1
09:31:48 1
09:32:46 1
09:33:58 1
09:35:01 1
09:35:47 1
09:36:49 1
09:37:48 1
09:38:59 1
09:39:51 1
09:41:04 1
09:41:53 1
09:42:50 1
09:43:59 1
09:44:53 1
09:45:50 1
09:47:03 1
09:48:14 1
09:49:03 1
09:49:51 1
09:51:00 1
09:51:51 1
09:53:01 1
09:54:12 1
09:54:52 1
09:55:59 1
09:57:11 1
09:57:53 1
09:59:07 1
10:00:15 1
10:01:20 1
10:01:54 1
10:02:57 1
10:04:00 1
10:05:06 1
10:05:55 1
10:06:55 1
10:08:02 1
10:08:56 1
10:10:08 -1
10:11:09 1
10:11:57 1
10:12:57 1
10:14:04 1
10:15:00 1
10:16:12 1
10:17:02 1
10:18:15 1
10:19:02 1
10:20:09 1
10:21:17 1
10:22:01 1
10:23:10 1
10:24:11 1
10:25:21 1
10:26:15 1
10:27:04 1
10:28:13 1
10:29:09 -1
10:30:04 1
10:31:15 1
10:32:07 1
10:33:05 1
10:34:13 1
10:35:06 1
10:36:06 1
10:37:19 1
10:38:26 1
10:39:21 1
10:40:30 1
10:41:19 1
10:42:15 1
10:43:22 1
10:44:17 1
10:45:13 1
10:46:36 1
10:47:10 1
10:48:18 1
10:49:35 1
10:50:12 1
10:51:27 1
10:52:39 1
10:53:15 1
10:54:28 1
10:55:38 1
10:56:14 1
10:57:16 1
10:58:23 1
10:59:29 1
11:00:31 1
11:01:35 1
11:02:18 1
11:03:22 1
11:04:37 1
11:05:37 1
11:06:23 1
11:07:24 1
11:08:19 1
11:09:29 -1
11:10:26 1
11:11:20 1
11:12:21 1
11:13:25 1
11:14:22 1
11:15:22 1
11:16:25 1
11:17:38 1
11:18:35 1
11:19:24 1
11:20:24 1
11:21:25 1
11:22:36 1
11:23:25 1
11:24:25 1
11:25:34 1
11:26:26 1
11:27:26 1
11:28:28 1
11:29:37 1
11:30:27 1
11:31:36 1
11:32:33 1
11:33:36 1
11:34:38 1
11:35:28 -1
11:36:45 1
11:37:47 1
11:38:45 1
11:39:47 1
11:40:32 1
11:41:32 1
11:42:38 1
11:43:34 1
11:44:34 -1
11:45:37 1
11:46:34 1
11:47:47 1
11:48:35 1
11:49:46 1
11:50:36 1
11:52:01 1
11:53:01 1
11:53:48 1
11:54:52 1
11:55:49 1
11:56:37 1
11:57:48 1
11:58:37 1
11:59:53 1
12:00:52 1
12:01:41 1
12:02:49 1
12:03:51 1
12:04:39 1
12:06:01 1
12:06:40 1
12:07:41 1
12:08:53 1
12:09:46 1
12:10:43 1
12:11:48 1
12:12:47 1
12:13:43 1
12:14:53 1
12:15:47 1
12:16:50 1
12:18:06 1
12:18:53 1
12:19:57 1
12:21:00 1
12:21:49 1
12:22:47 1
12:23:52 -1
12:24:59 1
12:25:47 1
12:26:57 1
12:27:59 1
12:28:48 1
12:29:50 1
12:30:53 1
12:31:49 1
12:33:12 1
12:33:54 1
12:34:57 1
12:35:54 1
12:37:01 1
12:37:51 1
12:38:51 1
12:39:57 1
12:41:01 1
12:41:54 -1
12:43:01 1
12:43:52 1
12:44:52 1
12:46:01 1
12:46:59 1
12:47:56 1
12:48:58 1
12:50:04 1
12:50:53 1
12:52:03 1
12:52:57 1
12:53:54 1
12:54:56 1
12:55:55 1
12:56:55 1
12:58:03 1
12:59:21 1
13:00:00 1
13:01:19 1
13:02:11 1
13:03:04 1
13:04:19 1
13:04:57 1
13:06:06 1
13:07:23 1
13:08:04 1
13:09:21 1
13:10:05 1
13:10:58 1
13:11:58 1
13:12:58 1
13:14:12 1
13:14:59 1
13:16:20 1
13:17:04 1
13:18:12 1
13:19:00 1
13:20:13 1
13:21:00 1
13:22:15 1
13:23:01 1
13:24:01 1
13:25:03 1
13:26:02 1
13:27:08 1
13:28:10 1
13:29:02 1
13:30:08 1
13:31:03 1
13:32:03 1
13:33:14 1
13:34:04 1
13:35:09 1
13:36:15 1
13:37:05 1
13:38:06 1
13:39:12 1
13:40:06 1
13:41:18 1
13:42:06 1
13:43:11 1
13:44:11 1
13:45:08 1
13:46:08 1
13:47:09 1
13:48:09 1
13:49:10 1
13:50:11 1
13:51:13 1
13:52:33 1
13:53:12 1
13:54:19 1
13:55:38 1
13:56:29 1
13:57:13 1
13:58:26 1
13:59:13 1
14:00:29 -1
14:01:22 1
14:02:21 1
14:03:31 1
14:04:14 1
14:05:29 1
14:06:41 1
14:07:25 1
14:08:37 -1
14:09:26 -1
14:10:36 1
14:11:17 1
14:12:24 1
14:13:30 1
14:14:26 1
14:15:25 1
14:16:25 1
14:17:26 1
14:18:29 1
14:19:20 1
14:20:20 1
14:21:32 1
14:22:33 1
14:23:34 1
14:24:22 1
14:25:27 1
14:26:41 1
14:27:33 1
14:28:23 1
14:29:36 1
14:30:31 1
14:31:33 1
14:32:31 1
14:33:27 1
14:34:25 1
14:35:31 1
14:36:29 1
14:37:39 1
14:38:32 1
14:39:40 1
14:40:42 1
14:41:47 1
14:42:45 1
14:43:42 1
14:44:33 1
14:45:34 1
14:46:52 1
14:47:32 1
14:48:56 1
14:49:52 1
14:50:33 1
14:51:58 1
14:52:54 -1
14:53:51 -1
14:54:34 1
14:55:42 1
14:56:46 1
14:57:39 1
14:58:41 1
14:59:45 1
15:00:36 1
15:01:36 1
15:02:47 1
15:03:49 1
15:04:47 1
15:05:37 1
15:06:47 -1
15:07:38 1
15:08:41 1
15:09:48 1
15:10:39 -1
15:11:40 1
15:12:39 1
15:13:47 1
15:14:44 1
15:15:42 1
15:16:49 1
15:17:41 1
15:18:43 1
15:19:49 1
15:20:41 1
15:21:49 1
15:22:42 1
15:23:46 1
15:24:49 1
15:25:56 1
15:26:52 1
15:27:43 1
15:28:43 1
15:29:56 1
15:30:43 1
15:31:56 1
15:32:44 1
15:33:54 1
15:34:51 1
15:35:45 1
15:36:46 1
15:37:56 1
15:38:47 1
15:39:46 1
15:40:46 1
15:41:46 1
15:42:49 1
15:43:58 1
15:44:47 1
15:45:47 1
15:47:02 1
15:47:51 1
15:49:14 1
15:49:48 1
15:50:52 1
15:51:49 1
15:52:49 1
15:53:50 1
15:54:58 1
15:56:00 1
15:57:03 1
15:57:53 1
15:58:58 1
16:00:01 1
16:00:55 1
16:02:10 1
16:02:51 1
16:03:51 1
16:04:52 1
16:06:13 1
16:07:26 1
16:08:19 1
16:09:30 1
16:10:15 -1
16:10:53 1
16:11:56 1
16:12:53 -1
16:14:21 1
16:14:54 1
16:15:54 1
16:17:17 1
16:18:13 1
16:18:55 1
16:19:55 1
16:20:55 1
16:22:10 1
16:23:04 1
16:23:56 1
16:25:17 1
16:25:58 1
16:26:57 1
16:28:20 1
16:29:15 1
16:30:22 1
16:31:04 1
16:31:58 1
16:33:20 1
16:33:58 1
16:35:11 1
16:35:58 1
16:36:59 1
16:38:06 1
16:39:03 1
16:39:59 1
16:41:14 1
16:42:06 1
16:43:00 1
16:44:08 1
16:45:00 1
16:46:01 1
16:47:01 1
16:48:01 1
16:49:21 1
16:50:20 1
16:51:02 1
16:52:02 1
16:53:15 1
16:54:24 1
16:55:04 1
16:56:22 1
16:57:04 1
16:58:31 -1
16:59:10 1
17:00:28 1
17:01:04 1
17:02:08 1
17:03:06 1
17:04:06 1
17:05:06 1
17:06:10 1
17:07:06 1
17:08:07 1
17:09:07 1
17:10:17 1
17:11:23 1
17:12:34 1
17:13:14 1
17:14:08 1
17:15:14 1
17:16:08 1
17:17:09 1
17:18:20 1
17:19:18 1
17:20:16 1
17:21:10 1
17:22:10 1
17:23:10 1
17:24:10 1
17:25:11 1
17:26:16 1
17:27:11 1
17:28:12 1
17:29:12 1
17:30:12 1
17:31:13 1
17:32:13 1
17:33:13 1
17:34:15 1
17:35:14 1
17:36:16 1
17:37:27 1
17:38:23 1
17:39:19 1
17:40:18 1
17:41:21 1
17:42:19 1
17:43:22 1
17:44:27 1
17:45:31 1
17:46:18 1
17:47:27 1
17:48:18 1
17:49:26 1
17:50:20 1
17:51:19 1
17:52:19 1
17:53:20 1
17:54:20 1
17:55:20 1
17:56:20 1
17:57:34 1
17:58:22 1
17:59:21 1
18:00:33 1
18:01:29 -1
18:02:22 1
18:03:34 1
18:04:27 1
18:05:22 1
18:06:23 1
18:07:32 -1
18:08:23 1
18:09:33 1
18:10:24 1
18:11:24 1
18:12:31 1
18:13:45 1
18:14:26 1
18:15:25 1
18:16:25 1
18:17:28 1
18:18:26 1
18:19:45 1
18:20:35 1
18:21:29 1
18:22:27 1
18:23:38 1
18:24:29 1
18:25:29 1
18:26:35 1
18:27:41 1
18:28:40 1
18:29:31 1
18:30:31 1
18:31:38 1
18:32:31 1
18:33:40 1
18:34:33 1
18:35:36 1
18:36:42 1
18:37:45 1
18:38:41 1
18:39:34 1
18:40:35 1
18:41:40 1
18:42:45 1
18:43:47 1
18:44:35 1
18:45:46 1
18:46:35 1
18:47:38 1
18:48:46 1
18:49:49 1
18:50:39 1
18:51:37 1
18:52:45 1
18:53:39 1
18:54:48 1
18:55:49 1
18:56:38 1
18:57:38 1
18:58:49 1
18:59:38 1
19:00:39 1
19:01:39 1
19:02:44 1
19:03:39 1
19:04:40 1
19:05:40 1
19:06:47 1
19:07:40 1
19:08:40 1
19:09:55 1
19:10:41 1
19:11:44 1
19:12:50 -1
19:13:45 1
19:14:45 1
19:15:42 1
19:16:43 1
19:17:46 1
19:18:54 1
19:19:43 1
19:20:43 1
19:21:43 1
19:22:44 1
19:23:44 1
19:24:47 1
19:25:46 1
19:26:46 1
19:27:46 1
19:28:49 1
19:29:45 1
19:30:49 1
19:31:47 1
19:32:46 1
19:33:52 1
19:34:48 1
19:35:59 1
19:36:48 1
19:37:48 1
19:38:48 1
19:39:49 1
19:41:03 1
19:42:03 1
19:42:55 1
19:43:50 1
19:44:50 1
19:45:54 1
19:47:02 1
19:48:10 1
19:48:51 1
19:50:09 1
19:50:51 1
19:52:10 1
19:52:51 1
19:53:52 1
19:54:52 1
19:55:52 1
19:57:04 1
19:57:57 1
19:58:53 1
20:00:07 1
20:00:59 1
20:01:54 1
20:02:54 1
20:04:03 1
20:05:02 1
20:05:54 1
20:06:57 1
20:08:03 1
20:08:55 1
20:09:55 1
20:11:03 1
20:11:55 1
20:12:56 1
20:13:57 1
20:15:09 -1
20:15:59 1
20:16:56 1
20:17:57 1
20:18:57 1
20:19:57 1
20:20:58 1
20:21:58 1
20:23:00 1
20:23:58 1
20:25:10 1
20:25:59 1
20:26:59 1
20:28:04 1
20:28:59 1
20:29:59 1
20:31:12 1
20:32:18 1
20:33:00 1
20:34:11 1
20:35:00 1
20:36:01 1
20:37:02 -1
20:38:04 1
20:39:01 1
20:40:30 1
20:41:12 1
20:42:06 1
20:43:17 1
20:44:02 1
20:45:02 1
20:46:19 -1
20:47:09 1
20:48:17 1
20:49:04 1
20:50:04 1
20:51:06 1
20:52:04 1
20:53:13 1
20:54:16 1
20:55:05 1
20:56:05 1
20:57:35 1
20:58:05 1
20:59:24 1
21:00:18 1
21:01:09 1
21:02:11 1
21:03:09 1
21:04:09 1
21:05:07 1
21:06:10 1
21:07:13 1
21:08:12 1
21:09:14 1
21:10:16 1
21:11:21 1
21:12:12 1
21:13:08 1
21:14:21 1
21:15:09 1
21:16:22 1
21:17:09 1
21:18:10 1
21:19:10 1
21:20:16 1
21:21:17 1
21:22:16 1
21:23:15 1
21:24:24 1
21:25:20 1
21:26:15 1
21:27:25 1
21:28:12 1
21:29:29 1
21:30:12 1
21:31:24 -1
21:32:13 1
21:33:13 1
21:34:13 1
21:35:33 1
21:36:14 1
21:37:15 1
21:38:16 1
21:39:23 1
21:40:15 1
21:41:27 1
21:42:25 1
21:43:15 1
21:44:26 1
21:45:22 1
21:46:19 1
21:47:16 1
21:48:23 1
21:49:20 1
21:50:20 1
21:51:17 1
21:52:27 1
21:53:19 1
21:54:18 1
21:55:18 1
21:56:23 1
21:57:40 1
21:58:19 1
21:59:19 1
22:00:24 1
22:01:23 1
22:02:21 1
22:03:20 1
22:04:20 1
22:05:21 1
22:06:32 1
22:07:37 1
22:08:21 1
22:09:24 1
22:10:33 1
22:11:23 -1
22:12:22 1
22:13:23 1
22:14:23 1
22:15:31 1
22:16:23 1
22:17:24 1
22:18:34 1
22:19:24 1
22:20:24 1
22:21:25 1
22:22:29 1
22:23:34 1
22:24:36 1
22:25:34 -1
22:26:30 1
22:27:28 1
22:28:26 1
22:29:27 1
22:30:40 1
22:31:48 1
22:32:28 1
22:33:28 1
22:34:28 1
22:35:31 1
22:36:28 1
22:37:29 1
22:38:36 1
22:39:56 1
22:40:30 1
22:41:30 1
22:42:55 1
22:43:30 1
22:44:31 1
22:45:31 1
22:46:31 1
22:47:31 1
22:48:32 1
22:49:41 1
22:50:51 1
22:51:32 1
22:52:33 1
22:53:38 1
22:54:33 1
22:55:41 1
22:56:34 1
22:57:34 1
22:58:53 1
22:59:37 1
23:00:35 1
23:01:41 1
23:02:35 1
23:03:39 1
23:04:36 1
23:05:39 -1
23:06:43 1
23:07:36 1
23:08:39 1
23:09:45 1
23:10:44 1
23:11:38 1
23:12:38 1
23:13:40 1
23:14:38 1
23:15:38 1
23:16:39 1
23:17:39 1
23:18:39 1
23:19:40 1
23:20:41 1
23:21:46 1
23:22:47 1
23:23:49 1
23:24:47 1
23:25:51 1
23:26:41 1
23:27:42 1
23:28:55 1
23:29:53 1
23:30:57 1
23:31:43 1
23:32:54 1
23:33:47 1
23:34:44 1
23:35:56 1
23:36:51 1
23:37:44 1
23:39:20 1
23:39:49 1
23:40:59 1
23:41:57 1
23:43:00 1
23:43:56 1
23:44:54 1
23:45:48 1
23:46:52 1
23:47:48 1
23:49:09 1
23:49:52 1
23:51:07 1
23:51:51 1
23:53:06 1
23:54:06 1
23:55:13 -1
23:56:02 1
23:57:06 1
23:57:55 1
23:58:54 1
