00:01:35 45909 6525
00:02:42 25673 2658
00:03:24 65104 9488
00:04:22 82638 5527
00:05:23 112129 29445
00:06:23 23663 5714
00:07:28 -1 -1
00:08:26 5265 15660
02:00:05 -1 -1
02:01:07 49022 8049
02:02:08 159292 12715
02:03:08 64196 8454
02:04:09 52472 6442
02:05:12 20600 3671
02:06:10 3848 1627
02:07:10 5534 3282
02:08:10 65504 8788
02:09:11 180694 14289
02:10:11 3921 3119
02:11:12 5416 21122
02:12:12 53914 17069
02:13:13 -1 -1
02:14:13 88125 36926
02:15:16 -1 -1
02:16:14 6896 5377
02:17:17 4972 2934
02:18:15 6319 13204
02:19:15 39699 5976
02:20:16 11464 29475
02:21:16 8156 2609
02:22:16 26123 3757
02:23:20 263654 9128
02:24:17 37824 5574
02:25:18 3899 2282
02:26:18 224567 18129
02:27:18 17001 3283
02:28:19 151662 41662
02:29:20 100958 11440
02:30:20 30185 4550
02:31:20 90111 10860
02:32:20 34995 4238
02:33:21 16774 3209
02:34:24 5141 4254
02:35:22 4337 3807
02:36:22 12897 4702
02:37:23 19841 53619
02:38:23 36443 31065
02:39:24 4004 3225
02:40:24 34804 6711
02:41:24 11948 2773
02:42:24 6081 8346
02:43:25 2673 1733
02:44:25 20881 2699
02:45:26 82274 14062
02:46:29 40913 24818
02:47:27 5546 3768
02:48:27 6325 24609
02:49:27 11866 3481
02:50:28 15553 6320
02:51:28 11459 2793
02:52:28 -1 -1
02:53:29 9946 15542
02:54:29 4336 1391
02:55:30 55861 3867
02:56:33 11954 25710
02:57:31 33567 1973
02:58:31 9106 3214
02:59:31 9841 8372
03:00:32 47031 8976
03:01:32 35234 4097
03:02:33 6695 30608
03:03:33 4677 24667
03:04:33 18801 54476
03:05:34 24921 5904
03:06:34 23016 2192
03:07:35 162095 52999
03:08:36 17233 3657
03:09:37 17071 4927
03:10:37 54676 6759
03:11:40 126191 8093
03:12:37 17282 9754
03:13:38 20038 2313
03:14:38 26807 6782
03:15:38 3278 3274
03:16:39 1959 2526
03:17:39 5736 4960
03:18:40 17400 13242
03:19:40 3530 2436
03:20:41 38315 4555
03:21:41 5630 2798
03:22:41 4633 2575
03:23:41 37854 6518
03:24:42 65929 22569
03:25:42 4127 14554
03:26:42 3865 2763
03:27:43 26903 44362
03:28:43 3840 3958
03:29:43 5759 6163
03:30:44 5819 3884
03:31:44 2235 3346
03:32:45 3269 45199
03:33:45 66920 4802
03:34:45 71899 26349
03:35:45 141485 15185
03:36:46 25024 3716
03:37:46 34757 5600
03:38:47 68482 4615
03:39:47 113637 8107
03:40:47 12772 4150
03:41:47 45258 22977
03:42:48 22085 31851
03:43:48 5278 3568
03:44:48 10772 2424
03:45:49 7819 5353
03:46:49 19113 2284
03:47:50 67128 4743
03:48:50 2528 1539
03:49:50 5940 32255
03:50:51 26783 3325
03:51:51 3777 3746
03:52:51 27035 32333
03:53:52 11561 3026
03:54:52 29654 4411
03:55:52 51001 7359
03:56:53 5254 4496
03:57:53 12457 3822
03:58:53 38355 8941
03:59:54 28750 2638
04:00:54 3711 1928
04:01:54 13622 4207
04:02:54 2963 2865
04:03:55 3754 3037
04:04:55 132800 10570
04:05:56 37938 7712
04:06:56 4788 4358
04:07:56 5915 8117
04:08:57 8352 5966
04:09:57 18583 25909
04:10:57 3687 2275
04:11:58 4379 2513
04:12:58 69130 6436
04:13:58 3630 4036
04:14:59 33820 6997
04:15:59 13577 14910
04:17:00 21370 3070
04:18:00 34844 3851
04:19:00 4766 3444
04:20:00 17861 5885
04:21:01 58106 8309
04:22:01 27346 7259
04:23:01 106154 27542
04:24:02 84488 8188
04:25:02 9890 7545
04:26:02 39074 7990
04:27:03 4314 3318
04:28:03 7415 9790
04:29:03 23749 10233
04:30:04 4579 3797
04:31:04 11161 3815
04:32:04 8002 6240
04:33:05 3220 4303
04:34:05 14647 5102
04:35:05 35760 5808
04:36:06 2890 2560
04:37:06 30964 5496
04:38:06 4221 3295
04:39:07 91643 8163
04:40:07 22176 6441
04:41:08 17746 33205
04:42:08 15244 4542
04:43:09 16242 2165
04:44:09 80299 23988
04:45:09 129995 14269
04:46:10 77360 6593
04:47:10 53969 5310
04:48:10 49090 9393
04:49:10 106620 23286
04:50:11 13824 5450
04:51:11 13976 6662
04:52:11 37080 12507
04:53:12 107960 8349
04:54:12 8001 5218
04:55:12 9272 6321
04:56:13 132175 5974
04:57:13 88373 24420
04:58:14 8051 35276
04:59:14 123802 12963
05:00:14 10777 6321
05:01:15 322072 9207
05:02:15 110848 6648
05:03:16 286012 7586
05:04:16 182758 7309
05:05:16 122059 10604
05:06:16 66810 12470
05:07:17 292536 8895
05:08:17 4093 3437
05:09:17 261554 7729
05:10:19 13451 33004
05:11:18 233632 7164
05:12:18 252471 36226
05:13:19 149081 10572
05:14:19 32075 16183
05:15:19 332367 39381
05:16:20 2770 2172
05:17:20 4893 6457
05:18:21 25396 8288
05:19:21 4532 7127
05:20:21 123042 32674
05:21:22 5737 3657
05:22:22 50680 5751
05:23:22 19203 5446
05:24:23 288342 15237
05:25:23 36266 7018
05:26:23 7194 5446
05:27:24 298433 10137
05:28:24 272587 9920
05:29:24 261881 6751
05:30:25 231963 14879
05:31:25 251216 13633
05:32:25 251625 5874
05:33:29 290988 13883
05:34:26 259115 9644
05:35:26 261377 8027
05:36:27 262750 9415
05:37:27 242350 50551
05:38:27 250586 7956
05:39:28 262101 7812
05:40:28 261880 7722
05:41:29 222940 5856
05:42:29 264185 55123
05:43:29 269024 48849
05:44:29 3808 6089
05:45:30 55617 19979
05:46:30 23273 17437
05:47:31 27916 4172
05:48:31 3826 3828
05:49:31 7176 25137
05:50:31 6602 33555
05:51:32 9173 2894
05:52:32 29336 7647
05:53:32 3725 4733
05:54:33 45978 7865
05:55:33 18032 7046
05:56:34 4731 4348
05:57:34 43193 11774
05:58:34 71522 10318
05:59:35 25460 8392
06:00:35 14842 27434
06:01:36 21336 4748
06:02:36 7590 8482
06:03:36 79521 8759
06:04:37 3915 5114
06:05:37 109893 18600
06:06:38 279484 13865
06:07:38 33047 4507
06:08:38 5468 5504
06:09:39 6142 6029
06:10:39 73979 38063
06:11:39 7966 7114
06:12:40 54788 14549
06:13:40 22274 5785
06:14:41 5372 4012
06:15:41 71785 10914
06:16:41 30188 6242
06:17:42 4574 5055
06:18:42 62485 8195
06:19:42 3907 4401
06:20:43 5979 9635
06:21:43 77268 16490
06:22:43 120862 11297
06:23:44 27760 9735
06:24:44 4027 29671
06:25:44 149207 54027
06:26:45 33079 33026
06:27:45 6413 5071
06:28:45 15026 2164
06:29:46 68387 6277
06:30:46 43612 10222
06:31:46 75705 16137
06:32:47 60668 8282
06:33:47 38774 5860
06:34:47 3662 2163
06:35:48 52623 7428
06:36:48 5251 6367
06:37:48 5416 6193
06:38:49 4275 4012
06:39:49 14423 5707
06:40:49 5732 5105
06:41:50 5836 44426
06:42:50 5359 3964
06:43:50 6017 6132
06:44:51 10155 9730
06:45:51 6001 32448
06:46:51 5454 4673
06:47:52 25061 7591
06:48:52 29125 6436
06:49:52 5694 15418
06:50:53 8817 7702
06:51:53 18950 5049
06:52:54 52015 4827
06:53:54 5994 5006
06:54:54 42219 10587
06:55:55 5823 7188
06:56:55 12761 5180
06:57:55 2696 2299
06:58:55 12097 11165
06:59:56 277873 17047
07:00:56 35400 7016
07:01:56 2583 1764
07:02:57 4597 4975
07:03:57 29712 33898
07:04:58 20928 2047
07:05:58 69162 8823
07:06:58 4424 5777
07:07:58 20444 8243
07:08:59 13169 9265
07:09:59 7904 5807
07:10:59 21668 7002
07:12:00 14326 3967
07:13:00 42815 7530
07:14:01 4602 4991
07:15:01 49286 9065
07:16:01 79654 9058
07:17:02 33808 7845
07:18:02 4055 4397
07:19:02 5546 7294
07:20:03 299347 10307
07:21:03 154181 32413
07:22:03 408426 25806
07:23:04 27004 9250
07:24:04 90813 10321
07:25:04 6153 2759
07:26:05 6664 6537
07:27:05 270159 26514
07:28:05 53206 23634
07:29:06 530676 33905
07:30:06 175429 22708
07:31:06 45136 8915
07:32:07 4292 4498
07:33:07 7456 6794
07:34:08 26142 7326
07:35:08 7604 46130
07:36:08 6903 4860
07:37:09 22006 5452
07:38:09 572899 19882
07:39:09 10923 5247
07:40:10 66301 7597
07:41:10 23495 8427
07:42:10 13516 5973
07:43:11 363468 26915
07:44:11 13376 13451
07:45:11 72358 9232
07:46:11 44488 11866
07:47:12 38754 7546
07:48:12 29561 10400
07:49:12 8662 8547
07:50:13 22954 5396
07:51:13 57162 10431
07:52:13 17866 7548
07:53:14 9033 7776
07:54:14 45477 7261
07:55:14 61413 19913
07:56:14 15637 17298
07:57:15 61984 30278
07:58:15 24398 13536
07:59:15 56227 7797
08:00:16 49636 46113
08:01:16 40537 7487
08:02:16 51082 47180
08:03:17 7478 4792
08:04:17 27650 45894
08:05:17 11624 4211
08:06:18 61679 10141
08:07:18 5941 4169
08:08:18 3933 1715
08:09:18 18877 10023
08:10:19 56946 9754
08:11:19 53230 4620
08:12:19 5374 3221
08:13:20 87443 13981
08:14:20 43336 9705
08:15:20 47270 8083
08:16:21 21630 3351
08:17:21 35280 7790
08:18:22 156166 16563
08:19:22 134930 8154
08:20:22 27928 2976
08:21:23 412672 31437
08:22:23 5456 7190
08:23:24 74354 5679
08:24:24 4106 3620
08:25:24 32718 5793
08:26:25 82754 8159
08:27:25 11550 4221
08:28:25 6091 6133
08:29:26 184843 13722
08:30:26 27883 5027
08:31:26 32293 58443
08:32:27 54771 8700
08:33:27 109263 12149
08:34:27 79700 9377
08:35:27 9390 5134
08:36:28 86769 48121
08:37:28 30578 4425
08:38:28 12499 25882
08:39:29 56587 9477
08:40:29 527152 23790
08:41:29 5713 3920
08:42:30 21586 8461
08:43:30 49719 5460
08:44:31 111724 11216
08:45:31 116208 13353
08:46:31 312015 17562
08:47:32 37531 5275
08:48:32 32248 7212
08:49:32 89693 7991
08:50:33 38421 10062
08:51:33 23244 7087
08:52:34 137016 7450
08:53:34 41962 12285
08:54:34 6089 5333
08:55:35 3423 2205
08:56:35 8370 4576
08:57:36 6408 2325
08:58:36 20741 6362
08:59:37 6567 3908
09:00:37 48918 9632
09:01:38 106752 9551
09:02:38 90036 8389
09:03:38 42296 5256
09:04:38 71442 10533
09:05:38 4843 3363
09:06:39 558324 31946
09:07:39 34135 6344
09:08:39 106322 19608
09:09:39 50092 4511
09:10:39 58842 6585
09:11:40 26464 5294
09:12:40 31727 6085
09:13:40 8610 15484
09:14:40 7585 3726
09:15:41 5630 4187
09:16:41 27829 6116
09:17:41 96919 14399
09:18:42 24893 6596
09:19:42 8677 5114
09:20:42 18441 5540
09:21:43 292826 13963
09:22:43 27728 4525
09:23:43 12173 6247
09:24:44 47169 6919
09:25:44 42421 6660
09:26:43 -1 -1
09:27:44 61418 7560
09:28:45 101037 12749
09:29:45 5451 4100
09:30:45 20876 16733
09:31:46 4692 4058
09:32:46 24964 5613
09:33:46 7036 4252
09:34:46 35437 8697
09:35:47 424497 33004
09:36:47 107153 7296
09:37:47 50387 5971
09:38:49 152978 22254
09:39:49 20421 24741
09:40:49 72649 7019
09:41:49 43696 22308
09:42:49 33516 3907
09:43:50 43932 5565
09:44:53 32588 32465
09:45:53 90596 8305
09:46:51 88051 11110
09:47:51 156560 16452
09:48:51 74094 8610
09:49:51 205303 14060
09:50:51 134840 16295
09:51:51 33332 5479
09:52:52 136380 10787
09:53:52 51527 11220
09:54:52 757166 33862
09:55:55 502660 32723
09:56:53 47027 32640
09:57:53 453031 28571
09:58:53 61573 8560
09:59:53 73195 8197
10:00:54 8752 2191
10:01:54 143670 12859
10:02:54 178990 24149
10:03:54 297456 15002
10:04:55 345758 20044
10:05:55 1841 2464
10:06:55 4428 2725
10:07:56 184706 33656
10:08:56 35694 4969
10:09:56 3658 13480
10:10:56 17001 5587
10:11:56 6305 5791
10:12:57 252727 28166
10:13:59 130860 17675
10:14:57 7175 5018
10:15:57 220296 16344
10:17:05 5824 3089
10:17:58 12760 2382
10:18:58 40446 8300
10:19:59 10807 4074
10:20:59 37009 5355
10:22:03 105678 17334
10:23:03 329525 18499
10:24:02 41112 4643
10:25:05 7156 7248
10:26:03 58015 16619
10:27:06 65307 15368
10:28:04 66752 7161
10:29:04 36569 5563
10:30:04 16285 4791
10:31:05 65731 5191
10:32:05 17480 3816
10:33:05 103564 13823
10:34:05 53749 7022
10:35:06 227490 22419
10:36:06 56046 5066
10:37:09 76697 27061
10:38:07 5321 4002
10:39:08 11167 17684
10:40:08 31668 13256
10:41:08 34853 87523
10:42:09 63206 22095
10:43:09 138289 47815
10:44:09 264407 49884
10:45:10 39541 7449
10:46:10 30608 5203
10:47:10 119041 14815
10:48:11 36989 3237
10:49:11 32293 4160
10:50:11 34238 9155
10:51:12 151156 7516
10:52:12 66536 7546
10:53:13 38665 4445
10:54:13 238124 14488
10:55:13 386830 32028
10:56:14 43889 5883
10:57:15 221637 14594
10:58:16 3410 2540
10:59:16 10101 7509
11:00:16 74709 7373
11:01:17 75850 8973
11:02:17 11016 1678
11:03:20 63443 6284
11:04:18 45194 5273
11:05:18 11276 13184
11:06:18 48207 10627
11:07:19 12234 9973
11:08:19 68539 7074
11:09:23 35976 13327
11:10:20 154665 11163
11:11:20 20493 5645
11:12:21 28593 6052
11:13:21 337585 16844
11:14:21 464036 33058
11:15:22 166235 27564
11:16:23 5700 15874
11:17:23 54994 4674
11:18:23 23895 39967
11:19:24 35316 10404
11:20:24 70442 9792
11:21:25 133622 18248
11:22:25 116741 13472
11:23:25 10984 19160
11:24:25 5326 7581
11:25:25 12842 5889
11:26:26 24613 10509
11:27:26 8135 3571
11:28:26 108622 9455
11:29:26 135719 13059
11:30:27 37524 8525
11:31:27 6803 5221
11:32:27 113316 34662
11:33:28 45719 11231
11:34:28 5439 3508
11:35:30 82456 29705
11:36:30 11894 3206
11:37:30 172631 10879
11:38:31 38334 5401
11:39:31 61493 8381
11:40:31 20324 7830
11:41:31 65846 19036
11:42:32 19997 5326
11:43:32 4703 8813
11:44:33 13265 954
11:45:33 87394 14623
11:46:34 56354 12538
11:47:34 9650 4467
11:48:34 58168 4673
11:49:34 99521 6003
11:50:35 44815 6991
11:51:35 124605 8177
11:52:36 221111 30648
11:53:36 86608 6115
11:54:36 13202 4459
11:55:36 400678 13778
11:56:37 117131 12576
11:57:37 135818 11800
11:58:37 87748 7729
11:59:38 122384 14185
12:00:38 48600 6488
12:01:38 75955 9173
12:02:38 146267 38699
12:03:39 47114 9036
12:04:39 4898 4936
12:05:39 21372 9366
12:06:40 47809 7790
12:07:40 38158 5782
12:08:40 216879 14102
12:09:41 3681 4825
12:10:41 4628 2800
12:11:41 46638 12438
12:12:41 8653 9386
12:13:42 31628 6994
12:14:42 133648 10425
12:15:42 175439 8788
12:16:43 26367 3746
12:17:44 527314 32659
12:18:44 61005 8334
12:19:48 6879 4593
12:20:45 52187 29059
12:21:45 4148 2663
12:22:46 29176 3937
12:23:46 24185 3592
12:24:46 53063 4110
12:25:46 12640 3049
12:26:47 17194 7239
12:27:47 289626 11954
12:28:47 139347 11429
12:29:48 41731 6916
12:30:48 40667 33373
12:31:48 12771 4711
12:32:48 63717 7445
12:33:48 72099 4866
12:34:49 36169 5427
12:35:49 48364 5913
12:36:49 13575 2836
12:37:50 29578 7883
12:38:50 3954 3230
12:39:50 42594 8098
12:40:52 6334 5315
12:41:51 152205 8860
12:42:51 4240 5559
12:43:51 196516 10228
12:44:51 205301 13965
12:45:51 6752 5549
12:46:51 2665 2641
12:47:52 77838 7325
12:48:52 3099 2364
12:49:53 53312 8614
12:50:53 60014 8353
12:51:53 138378 9104
12:52:54 107327 8700
12:53:54 249902 10418
12:54:54 12447 3418
12:55:55 7662 5394
12:56:55 43420 4982
12:57:55 155396 16247
12:58:55 44382 5822
12:59:56 22930 6287
13:00:56 80976 5407
13:01:56 12386 3200
13:02:56 8319 8249
13:03:56 4066 4738
13:04:57 3025 2174
13:05:57 188096 9540
13:06:57 198065 33690
13:07:57 123692 10582
13:08:58 95577 10220
13:09:58 19135 3605
13:10:58 20944 3327
13:11:58 468020 25609
13:12:58 319050 15580
13:13:59 22837 2423
13:14:59 220264 17989
13:15:59 28421 16046
13:16:59 152890 8953
13:17:59 104706 11057
13:18:59 75806 7324
13:20:00 342629 11771
13:21:00 46972 2477
13:22:00 153315 9524
13:23:01 8111 13039
13:24:01 117117 3534
13:25:01 52679 2606
13:26:04 -1 -1
13:27:02 26316 11656
13:28:02 64986 6996
13:29:02 106474 9455
13:30:03 37953 3926
13:31:03 3481 1855
13:32:03 4153 1891
13:33:03 3901 2819
13:34:04 19639 5183
13:35:07 61683 8052
13:36:05 62672 10208
13:37:05 10634 7805
13:38:05 34921 7138
13:39:05 36426 4831
13:40:05 41419 3599
13:41:06 16696 3214
13:42:06 116827 7122
13:43:07 45627 4422
13:44:07 46768 4437
13:45:08 50038 7050
13:46:08 51022 8272
13:47:09 45420 6515
13:48:09 69188 6295
13:49:10 6449 5231
13:50:10 25813 5766
13:51:10 6908 7945
13:52:10 72284 5511
13:53:11 18578 6564
13:54:11 43847 4778
13:55:11 14684 6273
13:56:11 31407 4308
13:57:12 15311 8728
13:58:12 192212 22989
13:59:12 57002 6691
14:00:12 184383 10919
14:01:13 53066 9792
14:02:13 60594 7569
14:03:13 61598 22996
14:04:13 63788 4375
14:05:13 62405 5788
14:06:14 92514 7426
14:07:14 52057 3095
14:08:15 68862 5318
14:09:15 21041 3802
14:10:15 3558 1596
14:11:16 4286 12359
14:12:16 4723 2755
14:13:16 26918 6731
14:14:16 6110 4649
14:15:17 98609 11338
14:16:17 56068 6752
14:17:17 90725 7501
14:18:18 31017 7968
14:19:18 174232 12176
14:20:18 20776 4102
14:21:18 18177 2911
14:22:19 90257 5896
14:23:19 97251 16231
14:24:19 390333 43263
14:25:20 101867 9951
14:26:20 15713 6930
14:27:21 7396 5103
14:28:21 21085 6008
14:29:22 72282 8588
14:30:22 377192 15713
14:31:22 28147 3859
14:32:23 98448 6751
14:33:23 224963 20830
14:34:26 172753 10463
14:35:26 215362 9545
14:36:24 51490 8924
14:37:25 252625 15770
14:38:25 528592 84724
14:39:25 63718 6463
14:40:26 26111 3300
14:41:26 106187 12633
14:42:27 31763 3796
14:43:27 32909 7743
14:44:28 181692 34525
14:45:28 21896 3724
14:46:28 121772 9366
14:47:29 22106 45194
14:48:29 18542 4048
14:49:29 109689 7179
14:50:30 121551 9030
14:51:30 9538 3344
14:52:31 199987 14710
14:53:31 63821 8124
14:54:31 99890 6996
14:55:31 46390 5639
14:56:31 10193 6698
14:57:32 40295 5934
14:58:32 20650 9990
14:59:32 74925 6679
15:00:33 12777 3625
15:01:33 33419 5298
15:02:33 155381 11519
15:03:36 42032 4810
15:04:33 160882 8671
15:05:34 247479 38717
15:06:34 64810 8748
15:07:34 31474 5924
15:08:34 55833 5409
15:09:34 2514 2727
15:10:35 3341 2791
15:11:35 57343 3564
15:12:35 5830 3882
15:13:35 36328 3882
15:14:36 98648 7508
15:15:36 40770 4766
15:16:36 257525 9845
15:17:37 14529 8106
15:18:37 445446 22480
15:19:37 87461 7508
15:20:38 39977 9098
15:21:37 83326 7538
15:22:38 36453 7290
15:23:38 375067 16540
15:24:38 65034 10574
15:25:39 176550 27737
15:26:38 11417 5130
15:27:39 39423 16266
15:28:39 19487 31182
15:29:39 35923 5159
15:30:39 384478 16140
15:31:40 261896 13560
15:32:40 102187 13784
15:33:41 66098 10650
15:34:41 113395 11650
15:35:41 27606 4533
15:36:41 126741 28091
15:37:41 266117 15969
15:38:42 8627 1790
15:39:42 160495 54426
15:40:42 21403 4321
15:41:42 32579 6469
15:42:42 5042 3489
15:43:42 3650 1804
15:44:46 51873 45651
15:45:43 57024 9510
15:46:44 37708 8692
15:47:44 79271 9439
15:48:44 448179 15836
15:49:44 17546 17552
15:50:44 41484 4970
15:51:45 243885 20317
15:52:45 173070 21614
15:53:45 501587 24172
15:54:46 271819 9790
15:55:46 331250 16077
15:56:46 69106 9405
15:57:46 96983 12132
15:58:46 279538 19494
15:59:47 206769 9025
16:00:47 90730 4119
16:01:47 81444 4701
16:02:47 81157 8050
16:03:47 31077 3375
16:04:48 234429 9405
16:05:48 48943 23567
16:06:48 4002 1717
16:07:48 71259 7799
16:08:49 22484 4169
16:09:49 232991 13416
16:10:52 281562 18553
16:11:49 18199 6908
16:12:50 164004 40102
16:13:50 159124 8749
16:14:50 62183 12835
16:15:50 112498 3466
16:16:50 61187 5650
16:17:50 -1 -1
16:18:51 116951 9281
16:19:51 166782 7252
16:20:51 26396 6986
16:21:51 18268 5270
16:22:52 45875 12467
16:23:52 97972 5912
16:24:52 48609 6175
16:25:52 36862 8964
16:26:53 77721 9319
16:27:53 50564 5354
16:28:56 99055 11551
16:29:53 24444 4214
16:30:54 23063 3466
16:31:54 60033 12420
16:32:55 26062 9707
16:33:55 117057 10036
16:34:55 328181 13866
16:35:55 76055 7724
16:36:56 111041 7530
16:37:56 188391 11780
16:38:56 102059 9621
16:39:56 65339 45443
16:40:57 144869 9118
16:41:57 108095 19131
16:42:57 704652 34640
16:44:01 100392 10783
16:44:58 67337 5188
16:46:01 155658 13634
16:46:58 61717 7478
16:47:58 108093 5781
16:48:58 63587 3204
16:49:59 214545 21688
16:50:59 153104 6708
16:52:02 82819 5441
16:53:00 131504 7478
16:54:04 227905 17453
16:55:01 273507 16240
16:56:01 73562 4972
16:57:02 179144 27662
16:58:02 70023 8480
16:59:02 142835 11492
17:00:02 77234 6510
17:01:24 87009 4247
17:02:03 86120 7683
17:03:06 50040 5632
17:04:05 75132 4471
17:05:05 185058 6744
17:06:05 49955 3784
17:07:05 49691 5757
17:08:06 81601 8465
17:09:06 108574 6607
17:10:06 143126 34792
17:11:06 80320 8992
17:12:06 151491 7120
17:13:10 259588 13098
17:14:07 80307 8519
17:15:07 331074 17713
17:16:07 157097 9497
17:17:08 82559 4265
17:18:08 150121 12909
17:19:08 315494 45578
17:20:08 75617 7615
17:21:09 50324 9461
17:22:09 314695 44308
17:23:10 85745 5822
17:24:10 115695 16144
17:25:11 65714 8296
17:26:11 15392 3466
17:27:11 250977 10084
17:28:12 9474 6201
17:29:12 196653 15572
17:30:12 81599 7276
17:31:13 6344 2269
17:32:13 3938 1976
17:33:13 5934 2654
17:34:13 54398 6178
17:35:14 32317 2410
17:36:14 65108 4851
17:37:14 3081 2089
17:38:15 33868 3423
17:39:15 12112 2311
17:40:15 34436 28546
17:41:16 48780 2394
17:42:16 13579 3587
17:43:17 21872 4693
17:44:17 8520 3650
17:45:17 135660 7961
17:46:18 28193 4306
17:47:18 83751 4637
17:48:18 111562 7361
17:49:18 17499 2366
17:50:19 65256 12069
17:51:19 100708 13448
17:52:19 38032 10489
17:53:19 50194 7441
17:54:23 80024 7373
17:55:20 73882 20759
17:56:20 29907 4210
17:57:21 24701 5899
17:58:21 8711 2669
17:59:21 -1 -1
18:00:21 33436 4643
18:01:22 120732 30894
18:02:22 134228 7522
18:03:22 166069 8907
18:04:22 236157 12699
18:05:22 325978 21317
18:06:23 103816 6206
18:07:23 130502 7506
18:08:23 502935 15009
18:09:23 125546 6225
18:10:24 102562 5344
18:11:24 99314 6347
18:12:24 165413 8167
18:13:25 91117 47598
18:14:25 8306 6181
18:15:25 4233 3068
18:16:26 22799 4767
18:17:26 5656 2567
18:18:26 91509 6034
18:19:26 39158 5587
18:20:29 11858 3532
18:21:27 42059 4655
18:22:27 87136 6986
18:23:27 47084 5071
18:24:28 40308 4062
18:25:28 9169 2739
18:26:28 87682 9976
18:27:28 3578 3293
18:28:29 69620 20505
18:29:29 112736 9755
18:30:29 138333 7760
18:31:30 6194 4834
18:32:31 11431 1673
18:33:31 6521 24672
18:34:32 43620 6946
18:35:32 294033 13202
18:36:35 167819 14023
18:37:32 28210 4915
18:38:32 140319 21974
18:39:33 17220 3812
18:40:33 131480 7470
18:41:33 93698 11395
18:42:33 96766 5821
18:43:34 26465 3527
18:44:34 42400 5182
18:45:34 83688 7341
18:46:34 134831 9274
18:47:35 178383 10716
18:48:36 119520 13069
18:49:35 126047 8609
18:50:35 31456 3518
18:51:36 83550 8207
18:52:36 43880 5421
18:53:37 51500 4614
18:54:37 15155 5107
18:55:37 7544 7460
18:56:41 33672 4791
18:57:38 17530 2875
18:58:38 22596 6975
18:59:38 4205 2593
19:00:39 65632 7182
19:01:39 36210 3825
19:02:39 5543 3692
19:03:39 30124 5003
19:04:40 42980 5341
19:05:40 4958 3041
19:06:43 35859 9128
19:07:40 70960 32169
19:08:40 96246 7101
19:09:41 50371 4381
19:10:42 52143 8614
19:11:41 32897 3588
19:12:53 22035 19152
19:13:42 4327 1036
19:14:45 59836 5742
19:15:45 17307 2788
19:16:45 32424 11699
19:17:42 101840 16852
19:18:43 306547 21464
19:19:43 11903 2062
19:20:43 33823 3961
19:21:43 106346 10452
19:22:44 121657 36435
19:23:44 23850 2753
19:24:44 17854 4479
19:25:44 8191 2011
19:26:44 30447 3681
19:27:45 86440 8921
19:28:45 137862 10718
19:29:48 117579 18151
19:30:45 85286 8245
19:31:45 63473 5812
19:32:49 34618 7399
19:33:46 74209 33471
19:34:47 42275 4156
19:35:47 70030 24406
19:36:47 163874 12739
19:37:47 62145 7010
19:38:47 173605 15925
19:39:48 53539 13351
19:40:48 21434 4121
19:41:48 53361 6141
19:42:48 13055 5061
19:43:49 19238 43225
19:44:49 40243 5528
19:45:49 47965 5814
19:46:49 116081 9009
19:47:49 45079 7379
19:48:50 90875 6893
19:49:50 66920 5828
19:50:50 215912 12704
19:51:50 30586 6641
19:52:53 65755 10016
19:53:50 47542 5305
19:54:51 57876 8999
19:55:51 58828 35555
19:56:51 29136 4424
19:57:51 60208 12377
19:58:52 172182 13345
19:59:52 146471 21561
20:00:52 72193 14048
20:01:55 33436 12169
20:02:53 148729 11278
20:03:53 59662 81164
20:04:53 95494 12716
20:05:53 47769 5074
20:06:53 21642 4169
20:07:54 63682 8032
20:08:54 56928 4686
20:09:54 40515 7365
20:10:54 3706 1773
20:11:54 54859 5086
20:12:54 10035 32948
20:13:55 44579 4800
20:14:58 25536 4176
20:15:55 18343 9175
20:16:55 11887 5423
20:17:56 5556 3851
20:18:56 28166 6891
20:19:56 25251 5623
20:20:56 210004 11903
20:21:56 224788 44673
20:22:57 43497 10823
20:24:06 19600 7873
20:24:57 4555 2431
20:25:58 164551 11047
20:26:58 65664 6025
20:27:58 593339 25708
20:28:58 8669 3052
20:29:58 123654 39468
20:30:59 140569 12440
20:31:59 47017 18863
20:32:59 60813 6407
20:33:59 45675 4800
20:34:59 78689 18537
20:36:00 98800 9772
20:37:00 3819 2111
20:38:00 25800 3091
20:39:00 9062 4236
20:40:00 36890 3900
20:41:01 25685 6474
20:42:01 17802 2206
20:43:01 5475 5280
20:44:01 56414 5285
20:45:02 36781 5595
20:46:02 77851 7119
20:47:03 131094 11530
20:48:05 135570 18781
20:49:03 26131 6619
20:50:03 16868 6442
20:51:05 60799 8971
20:52:06 89019 9210
20:53:03 22752 2528
20:54:04 41003 19864
20:55:04 5039 2615
20:56:04 33236 5605
20:57:04 25040 3923
20:58:07 56647 5030
20:59:04 123842 9290
21:00:05 36282 8781
21:01:05 92954 29898
21:02:08 61934 4578
21:03:05 33444 13118
21:04:06 15316 3004
21:05:06 139255 19384
21:06:09 35579 3677
21:07:06 18151 57892
21:08:06 192301 23882
21:09:06 20057 2408
21:10:07 51153 27507
21:11:07 78930 22496
21:12:07 68727 4965
21:13:07 64714 8712
21:14:08 104775 8810
21:15:11 72080 6811
21:16:08 31548 4634
21:17:08 10262 4652
21:18:08 228233 15675
21:19:12 83649 5743
21:20:09 65174 2858
21:21:09 227104 11261
21:22:10 52825 11839
21:23:29 -1 -1
21:24:10 4938 27654
21:25:10 65623 5874
21:26:11 54616 44474
21:27:11 46089 5806
21:28:11 50668 5072
21:29:11 71814 6033
21:30:11 4604 12093
21:31:12 25772 5864
21:32:12 8713 4095
21:33:12 28242 2591
21:34:12 27289 7182
21:35:12 63155 6248
21:36:13 184200 16524
21:37:13 11236 12539
21:38:13 116063 14165
21:39:13 13174 3114
21:40:14 89242 11788
21:41:14 4588 3468
21:42:14 42600 19524
21:43:14 94654 7102
21:44:15 14615 6800
21:45:15 250281 15990
21:46:15 52829 20744
21:47:15 37078 33912
21:48:16 10531 28029
21:49:16 18750 3499
21:50:16 46238 4646
21:51:19 259209 17955
21:52:16 1067040 56462
21:53:17 56736 2876
21:54:17 77776 5341
21:55:17 51767 4689
21:56:17 33095 4361
21:57:18 71094 6282
21:58:18 122836 6572
21:59:18 91373 6928
22:00:18 26177 5187
22:01:19 6374 2411
22:02:27 19255 2376
22:03:19 17283 5036
22:04:19 76777 9987
22:05:20 54068 4695
22:06:27 35442 6847
22:07:20 64141 7119
22:08:21 37237 14666
22:09:21 213810 14305
22:10:21 28279 4485
22:11:21 23043 3389
22:12:21 309960 18580
22:13:22 6315 2855
22:14:22 157193 13428
22:15:22 27251 13827
22:16:22 54124 115840
22:17:23 81676 9483
22:18:23 150000 7833
22:19:23 57008 20305
22:20:23 58665 38308
22:21:24 108298 74161
22:22:24 50353 2756
22:23:24 98367 13849
22:24:24 29959 25240
22:25:25 52158 11380
22:26:25 50474 18558
22:27:25 248270 14426
22:28:25 48143 64754
22:29:26 55288 16021
22:30:26 41955 30072
22:31:26 43454 28166
22:32:26 74566 10737
22:33:27 65867 52482
22:34:27 110414 34443
22:35:27 237374 48574
22:36:27 34318 13171
22:37:28 69667 10621
22:38:28 14692 48616
22:39:28 56182 29112
22:40:29 14864 5644
22:41:29 5813 2177
22:42:29 5202 2542
22:43:29 59089 8103
22:44:30 56376 17738
22:45:30 103117 9116
22:46:30 41454 9154
22:47:30 74334 8984
22:48:31 30473 6111
22:49:31 29353 5799
22:50:31 31524 55522
22:51:31 101181 14930
22:52:32 28785 12840
22:53:32 5063 14848
22:54:32 186081 9110
22:55:32 5754 20495
22:56:33 12078 7635
22:57:33 35315 5512
22:58:33 76413 17570
22:59:34 42520 10184
23:00:34 26811 3148
23:01:34 16443 5158
23:02:34 69650 6692
23:03:34 60013 7069
23:04:35 127920 8031
23:05:35 59583 6143
23:06:35 4920 5781
23:07:35 122162 14145
23:08:36 10287 15017
23:09:36 13520 39083
23:10:36 133136 20058
23:11:36 103239 11280
23:12:37 7947 3624
23:13:40 26630 5032
23:14:37 105171 10848
23:15:37 20244 3640
23:16:38 18489 2613
23:17:38 41725 4969
23:18:38 49133 8498
23:19:38 2975 3608
23:20:39 7098 6053
23:21:39 11143 3126
23:22:39 5125 2481
23:23:40 52074 6439
23:24:40 111747 19088
23:25:40 54806 2823
23:26:40 52382 6757
23:27:44 50609 5033
23:28:41 132091 7633
23:29:41 22873 31049
23:30:41 49061 8693
23:31:45 7849 9318
23:32:42 13499 33812
23:33:42 101499 26825
23:34:43 154422 24376
23:35:43 115527 33862
23:36:43 30851 7944
23:37:43 57904 11915
23:38:44 92131 11371
23:39:50 45340 46848
23:40:44 89849 9711
23:41:44 23083 7455
23:42:45 52776 18036
23:43:45 68835 7228
23:44:46 102737 12373
23:45:46 10390 4295
23:46:46 90706 9275
23:47:47 35171 7958
23:48:51 6032 3138
23:49:48 68981 8632
23:50:49 76501 8443
23:51:50 39675 5633
23:52:50 83887 4841
23:53:50 29436 4036
23:54:52 19152 46486
23:55:51 27843 5359
23:56:54 44016 4077
23:57:52 19382 4955
23:58:54 15807 5048
23:59:54 69683 6726
