00:00:29 4 0 163
00:00:39 4 0 163
00:01:36 4 0 163
00:02:13 4 0 163
00:02:38 4 0 163
00:02:57 4 0 163
00:03:24 4 0 163
00:03:46 4 0 163
00:04:18 4 0 163
00:04:48 4 0 163
00:05:19 4 0 163
00:05:57 4 0 163
00:06:22 4 0 163
00:06:53 4 0 163
00:07:28 4 0 163
00:07:55 4 0 164
00:08:27 4 0 163
02:00:07 4 0 269
02:00:38 4 0 269
02:01:08 4 0 269
02:01:38 4 0 268
02:02:08 4 0 270
02:02:38 4 0 269
02:03:09 4 0 270
02:03:39 4 0 270
02:04:09 4 0 267
02:04:39 4 0 269
02:05:10 4 0 270
02:05:40 4 0 270
02:06:10 4 0 270
02:06:41 3 1 256
02:07:11 4 0 267
02:07:41 4 0 270
02:08:11 4 0 270
02:08:41 4 0 269
02:09:11 4 0 270
02:09:41 4 0 270
02:10:12 3 1 270
02:10:42 4 0 270
02:11:12 4 0 270
02:11:42 4 0 270
02:12:12 4 0 270
02:12:43 4 0 267
02:13:13 4 0 270
02:13:43 4 0 270
02:14:13 4 0 270
02:14:47 0 4 -1
02:15:17 0 4 -1
02:15:44 4 0 270
02:16:15 3 1 270
02:16:44 4 0 270
02:17:14 4 0 270
02:17:45 4 0 270
02:18:15 4 0 254
02:18:45 4 0 268
02:19:16 4 0 270
02:19:46 4 0 270
02:20:16 4 0 270
02:20:46 4 0 269
02:21:16 4 0 269
02:21:47 4 0 270
02:22:17 4 0 269
02:22:48 3 1 270
02:23:17 4 0 270
02:23:47 4 0 270
02:24:18 4 0 267
02:24:48 4 0 270
02:25:18 4 0 267
02:25:48 4 0 269
02:26:19 4 0 269
02:26:49 4 0 270
02:27:19 4 0 267
02:27:49 4 0 270
02:28:19 4 0 272
02:28:50 4 0 270
02:29:20 4 0 269
02:29:50 4 0 267
02:30:20 4 0 267
02:30:50 4 0 270
02:31:21 4 0 269
02:31:51 4 0 278
02:32:21 4 0 269
02:32:51 4 0 268
02:33:21 4 0 270
02:33:52 4 0 270
02:34:22 4 0 268
02:34:53 3 1 263
02:35:22 4 0 268
02:35:53 3 1 269
02:36:23 3 1 271
02:36:53 4 0 270
02:37:23 4 0 271
02:37:54 3 1 270
02:38:23 4 0 268
02:38:54 4 0 267
02:39:24 4 0 269
02:39:54 4 0 270
02:40:24 4 0 268
02:40:54 4 0 270
02:41:25 4 0 270
02:41:55 4 0 269
02:42:25 4 0 270
02:42:55 4 0 268
02:43:25 4 0 269
02:43:56 4 0 269
02:44:26 4 0 267
02:44:57 3 1 254
02:45:26 4 0 267
02:45:56 4 0 267
02:46:27 4 0 270
02:46:58 3 1 271
02:47:27 4 0 270
02:47:57 4 0 206
02:48:27 4 0 266
02:48:58 4 0 270
02:49:28 4 0 268
02:49:58 4 0 270
02:50:28 4 0 267
02:50:58 4 0 269
02:51:29 4 0 268
02:52:02 0 4 -1
02:52:31 2 2 680
02:52:59 4 0 269
02:53:30 3 1 269
02:54:00 4 0 267
02:54:30 4 0 269
02:55:01 3 1 302
02:55:30 4 0 270
02:56:01 3 1 270
02:56:31 4 0 267
02:57:01 4 0 270
02:57:31 4 0 271
02:58:01 4 0 269
02:58:31 4 0 270
02:59:02 4 0 268
02:59:32 4 0 267
03:00:02 4 0 269
03:00:32 4 0 269
03:01:03 3 1 255
03:01:33 4 0 267
03:02:03 4 0 263
03:02:33 4 0 267
03:03:03 4 0 268
03:03:33 4 0 268
03:04:03 4 0 269
03:04:34 4 0 270
03:05:04 4 0 267
03:05:34 4 0 267
03:06:05 4 0 268
03:06:35 4 0 268
03:07:05 4 0 267
03:07:37 4 0 271
03:08:07 4 0 268
03:08:38 4 0 246
03:09:08 4 0 269
03:09:38 4 0 270
03:10:08 4 0 270
03:10:38 4 0 269
03:11:09 3 1 269
03:11:39 4 0 239
03:12:09 4 0 276
03:12:39 4 0 267
03:13:09 4 0 267
03:13:39 4 0 268
03:14:10 4 0 267
03:14:40 4 0 269
03:15:10 4 0 267
03:15:40 4 0 267
03:16:10 4 0 268
03:16:40 4 0 270
03:17:11 4 0 269
03:17:41 4 0 285
03:18:11 4 0 267
03:18:41 4 0 267
03:19:11 4 0 269
03:19:42 4 0 269
03:20:12 4 0 267
03:20:42 4 0 267
03:21:12 4 0 267
03:21:42 4 0 270
03:22:12 4 0 269
03:22:43 4 0 267
03:23:13 4 0 268
03:23:43 4 0 267
03:24:13 4 0 267
03:24:43 4 0 267
03:25:13 4 0 270
03:25:44 4 0 267
03:26:14 4 0 267
03:26:44 4 0 267
03:27:14 4 0 267
03:27:44 4 0 267
03:28:14 4 0 267
03:28:45 4 0 267
03:29:15 4 0 268
03:29:45 4 0 267
03:30:15 4 0 267
03:30:46 3 1 267
03:31:15 4 0 267
03:31:46 4 0 278
03:32:16 4 0 267
03:32:46 4 0 267
03:33:16 4 0 268
03:33:46 4 0 245
03:34:16 4 0 267
03:34:46 4 0 268
03:35:17 4 0 267
03:35:47 4 0 267
03:36:17 4 0 266
03:36:47 4 0 267
03:37:17 4 0 268
03:37:48 4 0 267
03:38:18 4 0 267
03:38:48 4 0 267
03:39:18 4 0 267
03:39:48 4 0 266
03:40:18 4 0 268
03:40:49 3 1 268
03:41:19 4 0 266
03:41:49 4 0 267
03:42:19 4 0 268
03:42:49 4 0 267
03:43:19 4 0 267
03:43:50 4 0 267
03:44:20 4 0 267
03:44:50 4 0 267
03:45:20 4 0 267
03:45:51 4 0 267
03:46:21 4 0 260
03:46:51 4 0 266
03:47:21 4 0 267
03:47:51 4 0 267
03:48:21 4 0 267
03:48:51 4 0 263
03:49:22 4 0 267
03:49:52 4 0 267
03:50:22 4 0 267
03:50:52 4 0 267
03:51:22 4 0 266
03:51:53 4 0 267
03:52:23 4 0 267
03:52:53 4 0 265
03:53:23 4 0 267
03:53:53 4 0 267
03:54:23 4 0 267
03:54:54 4 0 268
03:55:24 4 0 267
03:55:54 4 0 267
03:56:24 4 0 266
03:56:54 4 0 266
03:57:24 4 0 267
03:57:55 4 0 267
03:58:25 4 0 267
03:58:55 4 0 267
03:59:25 4 0 267
03:59:55 4 0 267
04:00:25 4 0 267
04:00:56 4 0 266
04:01:26 4 0 267
04:01:56 4 0 267
04:02:26 4 0 266
04:02:56 4 0 265
04:03:26 4 0 266
04:03:56 4 0 267
04:04:27 4 0 267
04:04:57 4 0 267
04:05:27 4 0 267
04:05:57 4 0 266
04:06:27 4 0 185
04:06:58 4 0 263
04:07:28 4 0 266
04:07:58 4 0 267
04:08:28 4 0 267
04:08:58 4 0 266
04:09:28 4 0 267
04:09:59 4 0 266
04:10:29 4 0 267
04:10:59 4 0 267
04:11:29 4 0 268
04:11:59 4 0 268
04:12:29 4 0 268
04:13:00 4 0 267
04:13:29 4 0 224
04:14:00 4 0 267
04:14:30 4 0 266
04:15:00 4 0 263
04:15:31 3 1 267
04:16:01 4 0 267
04:16:31 4 0 268
04:17:01 4 0 267
04:17:31 4 0 268
04:18:01 4 0 266
04:18:31 4 0 264
04:19:02 4 0 262
04:19:32 4 0 267
04:20:02 4 0 267
04:20:32 4 0 267
04:21:02 4 0 269
04:21:32 4 0 270
04:22:03 4 0 265
04:22:33 4 0 242
04:23:03 4 0 265
04:23:33 4 0 267
04:24:03 4 0 266
04:24:33 4 0 268
04:25:04 4 0 266
04:25:33 4 0 214
04:26:04 4 0 163
04:26:34 4 0 163
04:27:04 4 0 163
04:27:34 4 0 163
04:28:04 4 0 163
04:28:34 4 0 163
04:29:05 4 0 163
04:29:35 4 0 163
04:30:05 4 0 163
04:30:35 4 0 163
04:31:05 4 0 163
04:31:35 4 0 163
04:32:06 4 0 163
04:32:36 4 0 163
04:33:06 4 0 163
04:33:36 4 0 163
04:34:06 4 0 163
04:34:36 4 0 163
04:35:07 4 0 163
04:35:37 4 0 163
04:36:07 4 0 163
04:36:37 4 0 163
04:37:07 4 0 163
04:37:37 4 0 163
04:38:08 4 0 163
04:38:38 4 0 163
04:39:08 4 0 163
04:39:38 4 0 163
04:40:09 4 0 163
04:40:39 4 0 163
04:41:09 4 0 163
04:41:39 4 0 163
04:42:09 4 0 163
04:42:39 4 0 163
04:43:10 4 0 163
04:43:40 4 0 163
04:44:10 4 0 163
04:44:40 4 0 163
04:45:10 4 0 163
04:45:40 4 0 163
04:46:11 4 0 163
04:46:41 4 0 163
04:47:11 4 0 163
04:47:41 4 0 163
04:48:11 4 0 163
04:48:41 4 0 163
04:49:12 4 0 163
04:49:42 4 0 163
04:50:12 4 0 163
04:50:42 4 0 163
04:51:12 4 0 163
04:51:42 4 0 172
04:52:13 4 0 163
04:52:43 4 0 163
04:53:13 4 0 163
04:53:43 4 0 163
04:54:13 4 0 163
04:54:43 4 0 163
04:55:14 4 0 163
04:55:44 4 0 163
04:56:14 4 0 163
04:56:44 4 0 163
04:57:14 4 0 163
04:57:44 4 0 163
04:58:15 4 0 163
04:58:45 4 0 163
04:59:15 4 0 163
04:59:45 4 0 163
05:00:15 4 0 163
05:00:46 4 0 163
05:01:16 4 0 163
05:01:46 4 0 163
05:02:16 4 0 163
05:02:46 4 0 163
05:03:16 4 0 163
05:03:47 4 0 163
05:04:17 4 0 163
05:04:47 4 0 163
05:05:17 4 0 163
05:05:47 4 0 163
05:06:18 4 0 163
05:06:48 4 0 163
05:07:18 4 0 163
05:07:48 4 0 163
05:08:18 4 0 174
05:08:48 4 0 163
05:09:19 4 0 163
05:09:49 4 0 163
05:10:19 4 0 163
05:10:49 4 0 163
05:11:19 4 0 163
05:11:49 4 0 163
05:12:20 4 0 163
05:12:50 4 0 163
05:13:20 4 0 163
05:13:50 4 0 163
05:14:20 4 0 163
05:14:50 4 0 163
05:15:21 4 0 163
05:15:51 4 0 163
05:16:21 4 0 163
05:16:51 4 0 163
05:17:21 4 0 163
05:17:51 4 0 163
05:18:22 4 0 163
05:18:52 4 0 163
05:19:22 4 0 163
05:19:52 4 0 163
05:20:23 4 0 168
05:20:53 4 0 163
05:21:23 4 0 163
05:21:53 4 0 163
05:22:23 4 0 163
05:22:53 4 0 163
05:23:24 4 0 163
05:23:54 4 0 174
05:24:24 4 0 163
05:24:54 4 0 163
05:25:24 4 0 163
05:25:54 4 0 163
05:26:25 4 0 163
05:26:55 4 0 163
05:27:25 4 0 165
05:27:55 4 0 165
05:28:25 4 0 163
05:28:55 4 0 163
05:29:26 4 0 163
05:29:56 4 0 163
05:30:26 4 0 165
05:30:56 4 0 164
05:31:26 4 0 163
05:31:56 4 0 163
05:32:27 4 0 163
05:32:57 4 0 163
05:33:27 4 0 163
05:33:57 4 0 163
05:34:27 4 0 163
05:34:57 4 0 163
05:35:28 4 0 163
05:35:58 4 0 163
05:36:28 4 0 163
05:36:58 4 0 163
05:37:28 4 0 163
05:37:58 4 0 163
05:38:29 4 0 163
05:38:59 4 0 163
05:39:29 4 0 163
05:39:59 4 0 163
05:40:29 4 0 163
05:40:59 4 0 163
05:41:30 4 0 163
05:42:00 4 0 163
05:42:30 4 0 163
05:43:00 4 0 163
05:43:30 4 0 163
05:44:00 4 0 163
05:44:31 4 0 163
05:45:01 4 0 163
05:45:31 4 0 165
05:46:01 4 0 163
05:46:31 4 0 163
05:47:01 4 0 163
05:47:32 4 0 163
05:48:02 4 0 163
05:48:32 4 0 163
05:49:02 4 0 163
05:49:32 4 0 163
05:50:02 4 0 163
05:50:33 4 0 163
05:51:03 4 0 163
05:51:33 4 0 163
05:52:03 4 0 163
05:52:33 4 0 163
05:53:03 4 0 163
05:53:34 4 0 163
05:54:04 4 0 163
05:54:34 4 0 163
05:55:04 4 0 163
05:55:35 4 0 163
05:56:05 4 0 163
05:56:35 4 0 163
05:57:05 4 0 163
05:57:35 4 0 164
05:58:05 4 0 163
05:58:36 4 0 163
05:59:06 4 0 163
05:59:36 4 0 163
06:00:07 4 0 163
06:00:36 4 0 163
06:01:06 4 0 163
06:01:37 4 0 163
06:02:07 4 0 163
06:02:37 4 0 163
06:03:07 4 0 163
06:03:38 4 0 163
06:04:08 4 0 163
06:04:38 4 0 163
06:05:08 4 0 163
06:05:38 4 0 163
06:06:09 4 0 163
06:06:39 4 0 163
06:07:09 4 0 163
06:07:39 4 0 163
06:08:09 4 0 163
06:08:40 4 0 163
06:09:10 4 0 163
06:09:40 4 0 163
06:10:10 4 0 163
06:10:40 4 0 163
06:11:10 4 0 163
06:11:41 4 0 163
06:12:11 4 0 163
06:12:41 4 0 163
06:13:11 4 0 163
06:13:41 4 0 163
06:14:11 4 0 163
06:14:42 4 0 163
06:15:12 4 0 163
06:15:42 4 0 163
06:16:12 4 0 163
06:16:42 4 0 163
06:17:13 4 0 163
06:17:43 4 0 163
06:18:13 4 0 163
06:18:43 4 0 172
06:19:13 4 0 163
06:19:43 4 0 163
06:20:14 4 0 163
06:20:44 4 0 163
06:21:14 4 0 163
06:21:44 4 0 163
06:22:14 4 0 163
06:22:45 4 0 163
06:23:15 4 0 163
06:23:45 4 0 163
06:24:15 4 0 163
06:24:45 4 0 163
06:25:15 4 0 163
06:25:46 4 0 163
06:26:16 4 0 163
06:26:46 4 0 163
06:27:16 4 0 192
06:27:46 4 0 163
06:28:16 4 0 163
06:28:47 4 0 170
06:29:17 4 0 163
06:29:47 4 0 163
06:30:17 4 0 163
06:30:47 4 0 163
06:31:17 4 0 163
06:31:48 4 0 163
06:32:18 4 0 163
06:32:48 4 0 163
06:33:18 4 0 163
06:33:48 4 0 163
06:34:18 4 0 163
06:34:49 4 0 163
06:35:19 4 0 163
06:35:49 4 0 163
06:36:19 4 0 163
06:36:49 4 0 163
06:37:19 4 0 163
06:37:50 4 0 163
06:38:20 4 0 163
06:38:50 4 0 163
06:39:20 4 0 163
06:39:50 4 0 163
06:40:20 4 0 163
06:40:51 4 0 163
06:41:21 4 0 163
06:41:51 4 0 163
06:42:21 4 0 163
06:42:51 4 0 163
06:43:21 4 0 163
06:43:52 4 0 163
06:44:22 4 0 163
06:44:52 4 0 163
06:45:22 4 0 163
06:45:52 4 0 163
06:46:22 4 0 163
06:46:53 4 0 163
06:47:23 4 0 163
06:47:53 4 0 163
06:48:23 4 0 163
06:48:53 4 0 163
06:49:23 4 0 163
06:49:54 4 0 163
06:50:24 4 0 163
06:50:54 4 0 163
06:51:24 4 0 163
06:51:54 4 0 163
06:52:24 4 0 163
06:52:55 4 0 163
06:53:25 4 0 163
06:53:55 4 0 163
06:54:25 4 0 163
06:54:55 4 0 163
06:55:25 4 0 163
06:55:56 4 0 163
06:56:26 4 0 163
06:56:56 4 0 163
06:57:26 4 0 163
06:57:56 4 0 163
06:58:26 4 0 163
06:58:57 4 0 163
06:59:27 4 0 163
06:59:57 4 0 163
07:00:27 4 0 163
07:00:57 4 0 163
07:01:27 4 0 163
07:01:58 4 0 163
07:02:28 4 0 163
07:02:58 4 0 163
07:03:28 4 0 163
07:03:58 4 0 163
07:04:28 4 0 163
07:04:59 4 0 163
07:05:29 4 0 163
07:05:59 4 0 163
07:06:29 4 0 163
07:06:59 4 0 163
07:07:29 4 0 163
07:08:00 4 0 163
07:08:30 4 0 163
07:09:00 4 0 163
07:09:30 4 0 163
07:10:00 4 0 163
07:10:30 4 0 163
07:11:01 4 0 164
07:11:31 4 0 163
07:12:01 4 0 163
07:12:31 4 0 163
07:13:01 4 0 163
07:13:31 4 0 163
07:14:02 4 0 163
07:14:32 4 0 163
07:15:02 4 0 163
07:15:32 4 0 163
07:16:03 4 0 163
07:16:33 4 0 163
07:17:03 4 0 163
07:17:33 4 0 163
07:18:03 4 0 163
07:18:33 4 0 163
07:19:04 4 0 163
07:19:34 4 0 163
07:20:04 4 0 163
07:20:34 4 0 163
07:21:04 4 0 163
07:21:34 4 0 163
07:22:04 4 0 163
07:22:35 4 0 163
07:23:05 4 0 163
07:23:35 4 0 163
07:24:05 4 0 163
07:24:35 4 0 163
07:25:06 4 0 163
07:25:36 4 0 163
07:26:06 4 0 163
07:26:37 4 0 163
07:27:07 4 0 163
07:27:37 4 0 163
07:28:08 4 0 163
07:28:38 4 0 163
07:29:08 4 0 163
07:29:38 4 0 163
07:30:08 4 0 163
07:30:38 4 0 163
07:31:09 4 0 163
07:31:39 4 0 163
07:32:09 4 0 163
07:32:39 4 0 163
07:33:09 4 0 163
07:33:39 4 0 163
07:34:10 4 0 163
07:34:40 4 0 178
07:35:11 4 0 163
07:35:41 4 0 163
07:36:11 4 0 163
07:36:41 4 0 163
07:37:12 4 0 163
07:37:42 4 0 163
07:38:12 4 0 170
07:38:42 4 0 163
07:39:12 4 0 163
07:39:42 4 0 163
07:40:13 4 0 163
07:40:43 4 0 163
07:41:13 4 0 163
07:41:43 4 0 163
07:42:13 4 0 163
07:42:43 4 0 163
07:43:14 4 0 163
07:43:44 4 0 163
07:44:14 4 0 163
07:44:44 4 0 163
07:45:14 4 0 173
07:45:44 4 0 163
07:46:15 4 0 163
07:46:45 4 0 163
07:47:15 4 0 163
07:47:45 4 0 163
07:48:15 4 0 163
07:48:45 4 0 163
07:49:16 4 0 163
07:49:46 4 0 163
07:50:16 4 0 163
07:50:46 4 0 163
07:51:16 4 0 163
07:51:46 4 0 163
07:52:16 4 0 163
07:52:46 4 0 163
07:53:17 4 0 163
07:53:47 4 0 163
07:54:17 4 0 163
07:54:47 4 0 163
07:55:17 4 0 163
07:55:47 4 0 163
07:56:18 4 0 163
07:56:48 4 0 163
07:57:18 4 0 163
07:57:48 4 0 163
07:58:18 4 0 163
07:58:48 4 0 163
07:59:19 4 0 163
07:59:49 4 0 163
08:00:19 4 0 163
08:00:49 4 0 163
08:01:19 4 0 163
08:01:49 4 0 163
08:02:20 4 0 163
08:02:50 4 0 163
08:03:20 4 0 163
08:03:50 4 0 163
08:04:20 4 0 163
08:04:50 4 0 163
08:05:21 4 0 172
08:05:51 4 0 163
08:06:21 4 0 163
08:06:51 4 0 187
08:07:21 4 0 163
08:07:51 4 0 163
08:08:21 4 0 163
08:08:51 4 0 163
08:09:22 4 0 163
08:09:52 4 0 163
08:10:22 4 0 163
08:10:52 4 0 163
08:11:22 4 0 163
08:11:52 4 0 163
08:12:23 4 0 163
08:12:53 4 0 163
08:13:23 4 0 163
08:13:53 4 0 163
08:14:23 4 0 163
08:14:53 4 0 163
08:15:24 4 0 163
08:15:54 4 0 163
08:16:24 4 0 163
08:16:54 4 0 163
08:17:24 4 0 163
08:17:54 4 0 163
08:18:25 4 0 163
08:18:55 4 0 163
08:19:25 4 0 163
08:19:55 4 0 163
08:20:25 4 0 163
08:20:55 4 0 163
08:21:26 4 0 163
08:21:56 4 0 163
08:22:26 4 0 163
08:22:57 4 0 163
08:23:27 4 0 163
08:23:57 4 0 163
08:24:27 4 0 163
08:24:57 4 0 163
08:25:28 4 0 163
08:25:58 4 0 163
08:26:28 4 0 163
08:26:58 4 0 163
08:27:28 4 0 163
08:27:58 4 0 163
08:28:29 4 0 163
08:28:59 4 0 163
08:29:29 4 0 163
08:29:59 4 0 163
08:30:29 4 0 163
08:30:59 4 0 163
08:31:29 4 0 163
08:31:59 4 0 163
08:32:30 4 0 163
08:33:00 4 0 163
08:33:30 4 0 163
08:34:00 4 0 163
08:34:30 4 0 163
08:35:00 4 0 163
08:35:31 4 0 163
08:36:01 4 0 163
08:36:31 4 0 163
08:37:01 4 0 163
08:37:31 4 0 163
08:38:01 4 0 163
08:38:32 4 0 163
08:39:02 4 0 163
08:39:32 4 0 163
08:40:02 4 0 163
08:40:32 4 0 163
08:41:02 4 0 163
08:41:33 4 0 163
08:42:03 4 0 164
08:42:34 4 0 163
08:43:04 4 0 163
08:43:34 4 0 163
08:44:05 4 0 163
08:44:35 4 0 163
08:45:05 4 0 163
08:45:35 4 0 163
08:46:05 4 0 163
08:46:36 4 0 163
08:47:06 4 0 163
08:47:36 4 0 164
08:48:06 4 0 163
08:48:37 3 1 167
08:49:06 4 0 163
08:49:37 4 0 163
08:50:07 4 0 163
08:50:37 4 0 163
08:51:07 4 0 163
08:51:37 4 0 163
08:52:07 4 0 163
08:52:38 4 0 163
08:53:08 4 0 163
08:53:38 4 0 163
08:54:08 4 0 164
08:54:38 4 0 163
08:55:09 4 0 163
08:55:39 4 0 163
08:56:09 4 0 163
08:56:40 4 0 163
08:57:10 4 0 163
08:57:40 4 0 163
08:58:11 4 0 163
08:58:41 4 0 164
08:59:11 4 0 163
08:59:42 4 0 163
09:00:12 4 0 163
09:00:42 4 0 166
09:01:12 4 0 163
09:01:42 4 0 163
09:02:12 4 0 163
09:02:43 4 0 163
09:03:13 4 0 202
09:03:44 3 1 163
09:04:13 4 0 163
09:04:43 4 0 163
09:05:13 4 0 163
09:05:43 4 0 163
09:06:13 4 0 163
09:06:45 3 1 165
09:07:14 4 0 163
09:07:44 4 0 163
09:08:14 4 0 178
09:08:44 4 0 163
09:09:14 4 0 163
09:09:44 4 0 163
09:10:14 4 0 163
09:10:45 4 0 166
09:11:15 4 0 163
09:11:45 4 0 163
09:12:15 4 0 163
09:12:45 4 0 163
09:13:15 4 0 163
09:13:45 4 0 168
09:14:15 4 0 163
09:14:46 4 0 163
09:15:16 4 0 163
09:15:46 4 0 163
09:16:16 4 0 197
09:16:46 4 0 163
09:17:16 4 0 163
09:17:47 4 0 163
09:18:17 4 0 163
09:18:48 4 0 163
09:19:18 4 0 163
09:19:48 4 0 163
09:20:18 4 0 163
09:20:49 4 0 163
09:21:19 4 0 163
09:21:49 4 0 163
09:22:19 4 0 163
09:22:49 4 0 163
09:23:19 4 0 163
09:23:50 4 0 163
09:24:20 4 0 163
09:24:50 4 0 163
09:25:20 4 0 163
09:25:50 4 0 163
09:26:20 4 0 163
09:26:50 4 0 163
09:27:20 4 0 163
09:27:51 4 0 163
09:28:21 4 0 163
09:28:51 4 0 163
09:29:21 4 0 163
09:29:51 4 0 163
09:30:21 4 0 163
09:30:51 4 0 165
09:31:22 4 0 163
09:31:52 4 0 163
09:32:22 4 0 163
09:32:52 4 0 163
09:33:22 4 0 163
09:33:52 4 0 174
09:34:22 4 0 163
09:34:53 4 0 163
09:35:23 4 0 163
09:35:53 4 0 163
09:36:23 4 0 163
09:36:53 4 0 163
09:37:23 4 0 163
09:37:54 4 0 163
09:38:24 4 0 163
09:38:54 4 0 163
09:39:24 4 0 163
09:39:55 4 0 163
09:40:25 4 0 163
09:40:55 4 0 163
09:41:25 4 0 163
09:41:55 4 0 163
09:42:25 4 0 163
09:42:56 4 0 163
09:43:26 4 0 163
09:43:56 4 0 165
09:44:26 4 0 163
09:44:56 4 0 163
09:45:26 4 0 164
09:45:56 4 0 163
09:46:26 4 0 163
09:46:57 4 0 163
09:47:27 4 0 163
09:47:57 4 0 163
09:48:27 4 0 163
09:48:57 4 0 163
09:49:27 4 0 163
09:49:57 4 0 164
09:50:27 4 0 163
09:50:57 4 0 165
09:51:28 4 0 164
09:51:59 4 0 163
09:52:29 4 0 163
09:52:59 4 0 163
09:53:29 4 0 163
09:53:59 4 0 165
09:54:29 4 0 163
09:54:59 4 0 163
09:55:29 4 0 163
09:56:00 4 0 163
09:56:30 4 0 164
09:57:00 4 0 163
09:57:30 4 0 163
09:58:00 4 0 163
09:58:30 4 0 163
09:59:00 4 0 174
09:59:31 3 1 163
10:00:01 4 0 166
10:00:31 4 0 163
10:01:01 4 0 163
10:01:31 4 0 163
10:02:01 4 0 163
10:02:31 4 0 164
10:03:01 4 0 163
10:03:31 4 0 163
10:04:02 4 0 163
10:04:32 3 1 163
10:05:02 4 0 163
10:05:32 4 0 163
10:06:02 4 0 163
10:06:32 4 0 163
10:07:02 4 0 163
10:07:32 4 0 166
10:08:03 4 0 163
10:08:33 4 0 163
10:09:03 4 0 191
10:09:33 4 0 163
10:10:03 4 0 163
10:10:34 3 1 164
10:11:03 4 0 163
10:11:34 3 1 200
10:12:05 3 1 210
10:12:34 3 1 215
10:13:05 3 1 213
10:13:35 3 1 203
10:14:04 4 0 205
10:14:34 4 0 187
10:15:04 4 0 163
10:15:35 3 1 200
10:16:05 4 0 194
10:16:36 3 1 199
10:17:05 4 0 199
10:17:35 4 0 203
10:18:05 4 0 206
10:18:37 2 2 209
10:19:06 4 0 203
10:19:36 4 0 185
10:20:06 3 1 193
10:20:36 4 0 192
10:21:07 4 0 206
10:21:37 4 0 207
10:22:08 3 1 209
10:22:37 4 0 200
10:23:08 4 0 201
10:23:38 4 0 198
10:24:09 4 0 203
10:24:39 4 0 188
10:25:09 4 0 163
10:25:39 4 0 163
10:26:11 4 0 209
10:26:41 4 0 163
10:27:12 4 0 163
10:27:42 4 0 163
10:28:12 4 0 164
10:28:42 4 0 163
10:29:12 4 0 163
10:29:42 4 0 163
10:30:12 4 0 163
10:30:42 4 0 164
10:31:14 3 1 167
10:31:43 4 0 163
10:32:13 4 0 170
10:32:44 3 1 169
10:33:13 4 0 164
10:33:43 4 0 163
10:34:13 4 0 163
10:34:43 4 0 163
10:35:14 4 0 163
10:35:44 4 0 163
10:36:14 4 0 164
10:36:44 4 0 163
10:37:14 4 0 163
10:37:44 4 0 163
10:38:15 4 0 163
10:38:46 4 0 163
10:39:16 4 0 163
10:39:46 4 0 163
10:40:16 4 0 183
10:40:46 4 0 163
10:41:17 4 0 163
10:41:47 4 0 164
10:42:17 4 0 167
10:42:47 4 0 165
10:43:17 4 0 167
10:43:47 4 0 169
10:44:18 4 0 163
10:44:48 4 0 164
10:45:18 4 0 163
10:45:48 4 0 163
10:46:18 4 0 163
10:46:48 4 0 163
10:47:19 4 0 163
10:47:49 4 0 163
10:48:19 4 0 163
10:48:49 4 0 163
10:49:19 4 0 163
10:49:49 4 0 166
10:50:20 4 0 163
10:50:50 4 0 163
10:51:20 4 0 163
10:51:50 4 0 163
10:52:21 4 0 163
10:52:51 4 0 163
10:53:21 4 0 163
10:53:51 4 0 163
10:54:21 4 0 163
10:54:51 4 0 163
10:55:22 4 0 163
10:55:52 4 0 163
10:56:23 4 0 163
10:56:53 4 0 210
10:57:23 4 0 163
10:57:53 4 0 163
10:58:23 4 0 163
10:58:54 4 0 163
10:59:24 4 0 163
10:59:54 4 0 163
11:00:25 4 0 163
11:00:55 4 0 163
11:01:25 4 0 163
11:01:55 4 0 163
11:02:25 4 0 163
11:02:55 4 0 163
11:03:26 4 0 163
11:03:56 4 0 163
11:04:26 4 0 163
11:04:56 4 0 163
11:05:26 4 0 163
11:05:56 4 0 163
11:06:27 4 0 164
11:06:57 4 0 164
11:07:27 4 0 166
11:07:57 4 0 163
11:08:27 4 0 163
11:08:58 4 0 163
11:09:28 4 0 163
11:09:58 4 0 163
11:10:28 4 0 163
11:10:58 4 0 163
11:11:28 4 0 166
11:11:58 4 0 166
11:12:29 4 0 166
11:12:59 4 0 163
11:13:29 4 0 163
11:13:59 4 0 163
11:14:30 4 0 170
11:15:00 4 0 163
11:15:30 4 0 202
11:16:00 4 0 163
11:16:31 4 0 163
11:17:01 4 0 163
11:17:31 4 0 163
11:18:01 4 0 163
11:18:32 4 0 163
11:19:02 4 0 163
11:19:32 4 0 163
11:20:02 4 0 163
11:20:32 4 0 170
11:21:02 4 0 163
11:21:33 4 0 163
11:22:03 4 0 163
11:22:33 4 0 163
11:23:03 4 0 163
11:23:33 4 0 163
11:24:03 4 0 163
11:24:33 4 0 163
11:25:03 4 0 163
11:25:34 4 0 163
11:26:04 4 0 163
11:26:34 4 0 163
11:27:04 4 0 163
11:27:34 4 0 163
11:28:04 4 0 163
11:28:34 4 0 163
11:29:04 4 0 163
11:29:35 4 0 163
11:30:05 4 0 163
11:30:35 4 0 163
11:31:05 4 0 163
11:31:35 4 0 163
11:32:05 4 0 163
11:32:35 4 0 163
11:33:05 4 0 163
11:33:36 4 0 163
11:34:06 4 0 163
11:34:36 4 0 163
11:35:06 4 0 163
11:35:37 4 0 163
11:36:07 4 0 163
11:36:37 4 0 163
11:37:08 4 0 166
11:37:38 4 0 163
11:38:09 4 0 163
11:38:39 4 0 163
11:39:09 4 0 163
11:39:39 4 0 163
11:40:09 4 0 163
11:40:39 4 0 163
11:41:09 4 0 163
11:41:39 4 0 163
11:42:09 4 0 163
11:42:40 4 0 163
11:43:10 4 0 163
11:43:40 4 0 163
11:44:10 4 0 166
11:44:41 4 0 163
11:45:11 4 0 163
11:45:42 4 0 163
11:46:12 4 0 163
11:46:43 4 0 163
11:47:13 4 0 163
11:47:43 4 0 163
11:48:13 4 0 163
11:48:44 4 0 163
11:49:15 3 1 163
11:49:45 4 0 163
11:50:15 4 0 163
11:50:48 0 4 -1
11:51:19 0 4 -1
11:51:47 4 0 163
11:52:17 4 0 163
11:52:47 4 0 163
11:53:17 4 0 163
11:53:47 4 0 163
11:54:17 4 0 163
11:54:47 4 0 163
11:55:17 4 0 163
11:55:48 4 0 163
11:56:18 4 0 163
11:56:48 4 0 163
11:57:18 4 0 163
11:57:48 4 0 175
11:58:18 4 0 163
11:58:48 4 0 163
11:59:18 4 0 163
11:59:49 4 0 164
12:00:19 4 0 163
12:00:49 4 0 163
12:01:19 4 0 165
12:01:49 4 0 165
12:02:19 4 0 163
12:02:51 3 1 163
12:03:20 4 0 165
12:03:50 4 0 163
12:04:20 4 0 163
12:04:50 4 0 163
12:05:20 4 0 179
12:05:51 4 0 163
12:06:21 4 0 163
12:06:51 4 0 163
12:07:21 4 0 163
12:07:52 4 0 163
12:08:22 4 0 163
12:08:52 4 0 163
12:09:22 4 0 163
12:09:53 4 0 166
12:10:23 4 0 163
12:10:53 4 0 163
12:11:23 4 0 163
12:11:53 4 0 163
12:12:23 4 0 163
12:12:54 4 0 163
12:13:24 4 0 163
12:13:54 4 0 163
12:14:24 4 0 163
12:14:54 4 0 163
12:15:24 4 0 163
12:15:55 4 0 163
12:16:25 4 0 163
12:16:56 4 0 163
12:17:26 4 0 163
12:17:56 4 0 163
12:18:26 4 0 163
12:18:57 4 0 163
12:19:27 4 0 163
12:19:57 4 0 163
12:20:27 4 0 163
12:20:57 4 0 163
12:21:27 4 0 163
12:21:57 4 0 163
12:22:27 4 0 163
12:22:58 4 0 163
12:23:28 4 0 163
12:23:58 4 0 163
12:24:28 4 0 163
12:24:58 4 0 163
12:25:28 4 0 163
12:25:58 4 0 163
12:26:28 4 0 163
12:26:59 4 0 163
12:27:29 4 0 163
12:27:59 4 0 163
12:28:29 4 0 163
12:29:00 4 0 163
12:29:30 4 0 163
12:30:00 4 0 163
12:30:30 4 0 163
12:31:00 4 0 163
12:31:30 4 0 163
12:32:00 4 0 163
12:32:30 4 0 164
12:33:00 4 0 166
12:33:30 4 0 163
12:34:01 4 0 163
12:34:31 4 0 163
12:35:01 4 0 163
12:35:32 3 1 169
12:36:01 4 0 163
12:36:31 4 0 163
12:37:01 4 0 163
12:37:31 4 0 163
12:38:02 4 0 163
12:38:32 4 0 163
12:39:02 4 0 163
12:39:32 4 0 163
12:40:02 4 0 163
12:40:32 4 0 163
12:41:02 4 0 163
12:41:32 4 0 163
12:42:03 4 0 163
12:42:33 4 0 163
12:43:03 4 0 163
12:43:33 4 0 165
12:44:03 4 0 163
12:44:33 4 0 164
12:45:04 3 1 169
12:45:33 4 0 163
12:46:03 4 0 163
12:46:33 4 0 163
12:47:04 4 0 163
12:47:34 4 0 163
12:48:04 4 0 163
12:48:34 4 0 163
12:49:04 4 0 163
12:49:34 4 0 163
12:50:05 4 0 163
12:50:35 4 0 163
12:51:05 4 0 163
12:51:35 4 0 163
12:52:06 4 0 166
12:52:36 4 0 163
12:53:06 4 0 163
12:53:36 4 0 163
12:54:06 4 0 163
12:54:36 4 0 174
12:55:06 4 0 163
12:55:36 4 0 167
12:56:07 4 0 163
12:56:37 4 0 163
12:57:07 4 0 163
12:57:37 4 0 163
12:58:09 2 2 163
12:58:39 2 2 163
12:59:07 4 0 165
12:59:40 1 3 189
13:00:11 0 4 -1
13:00:38 4 0 163
13:01:08 4 0 163
13:01:38 4 0 163
13:02:08 4 0 191
13:02:38 4 0 163
13:03:08 4 0 163
13:03:38 4 0 163
13:04:09 4 0 163
13:04:39 4 0 163
13:05:09 4 0 163
13:05:39 4 0 163
13:06:09 4 0 163
13:06:39 4 0 163
13:07:09 4 0 163
13:07:39 4 0 163
13:08:09 4 0 163
13:08:39 4 0 163
13:09:10 4 0 164
13:09:40 4 0 163
13:10:10 4 0 163
13:10:40 4 0 163
13:11:10 4 0 163
13:11:40 4 0 165
13:12:10 4 0 163
13:12:40 4 0 163
13:13:10 4 0 166
13:13:40 4 0 165
13:14:11 4 0 165
13:14:41 4 0 163
13:15:11 4 0 163
13:15:41 4 0 165
13:16:11 4 0 166
13:16:41 4 0 163
13:17:11 4 0 163
13:17:41 4 0 163
13:18:11 4 0 163
13:18:41 4 0 163
13:19:12 4 0 163
13:19:42 4 0 166
13:20:12 4 0 165
13:20:42 4 0 163
13:21:12 4 0 164
13:21:42 4 0 163
13:22:13 4 0 165
13:22:43 4 0 165
13:23:13 4 0 163
13:23:43 4 0 163
13:24:13 4 0 165
13:24:43 4 0 163
13:25:13 4 0 163
13:25:47 0 4 -1
13:26:17 0 4 -1
13:26:44 4 0 163
13:27:14 4 0 166
13:27:44 4 0 163
13:28:15 3 1 163
13:28:44 4 0 163
13:29:14 4 0 163
13:29:45 4 0 163
13:30:16 4 0 163
13:30:46 4 0 163
13:31:16 4 0 163
13:31:46 4 0 163
13:32:16 4 0 163
13:32:46 4 0 163
13:33:17 4 0 163
13:33:47 4 0 163
13:34:17 4 0 163
13:34:47 4 0 163
13:35:17 4 0 163
13:35:48 4 0 187
13:36:18 4 0 163
13:36:48 4 0 163
13:37:18 4 0 163
13:37:48 4 0 163
13:38:18 4 0 163
13:38:48 4 0 163
13:39:18 4 0 163
13:39:48 4 0 164
13:40:19 4 0 163
13:40:49 4 0 163
13:41:19 4 0 165
13:41:49 4 0 163
13:42:19 4 0 196
13:42:50 4 0 192
13:43:20 4 0 163
13:43:50 4 0 163
13:44:20 4 0 163
13:44:50 4 0 163
13:45:21 4 0 163
13:45:51 4 0 163
13:46:21 4 0 163
13:46:52 4 0 163
13:47:22 4 0 163
13:47:52 4 0 163
13:48:22 4 0 163
13:48:53 4 0 163
13:49:23 4 0 163
13:49:53 4 0 163
13:50:23 4 0 163
13:50:53 4 0 163
13:51:24 4 0 163
13:51:54 4 0 163
13:52:25 4 0 163
13:52:55 4 0 163
13:53:25 4 0 166
13:53:55 4 0 163
13:54:25 4 0 163
13:54:55 4 0 163
13:55:25 4 0 164
13:55:55 4 0 163
13:56:25 4 0 163
13:56:56 4 0 163
13:57:26 4 0 163
13:57:56 4 0 163
13:58:26 4 0 164
13:58:56 4 0 166
13:59:27 3 1 167
14:00:00 0 4 -1
14:00:30 0 4 -1
14:00:56 4 0 163
14:01:27 4 0 163
14:01:57 4 0 167
14:02:30 1 3 191
14:03:00 0 4 -1
14:03:27 4 0 163
14:03:57 4 0 166
14:04:28 3 1 204
14:04:57 4 0 163
14:05:28 4 0 168
14:05:58 4 0 163
14:06:28 4 0 164
14:06:59 3 1 168
14:07:28 4 0 163
14:07:59 4 0 170
14:08:29 4 0 205
14:08:59 4 0 166
14:09:29 4 0 163
14:09:59 4 0 163
14:10:29 4 0 167
14:10:59 4 0 167
14:11:30 4 0 185
14:12:01 3 1 166
14:12:30 4 0 164
14:13:00 4 0 167
14:13:30 4 0 164
14:14:00 4 0 165
14:14:31 4 0 163
14:15:01 4 0 164
14:15:31 4 0 163
14:16:01 4 0 163
14:16:31 4 0 163
14:17:01 4 0 164
14:17:32 4 0 163
14:18:02 4 0 165
14:18:32 4 0 163
14:19:02 4 0 164
14:19:32 4 0 165
14:20:02 4 0 164
14:20:32 4 0 163
14:21:02 4 0 164
14:21:33 4 0 164
14:22:03 4 0 166
14:22:33 4 0 163
14:23:03 4 0 163
14:23:33 4 0 163
14:24:03 4 0 166
14:24:34 4 0 163
14:25:04 4 0 163
14:25:34 4 0 163
14:26:04 4 0 166
14:26:35 4 0 163
14:27:05 4 0 193
14:27:35 4 0 163
14:28:06 3 1 166
14:28:35 4 0 164
14:29:05 4 0 164
14:29:36 4 0 163
14:30:06 4 0 165
14:30:36 4 0 172
14:31:06 4 0 163
14:31:36 4 0 163
14:32:06 4 0 163
14:32:37 4 0 176
14:33:07 4 0 163
14:33:38 3 1 163
14:34:07 4 0 165
14:34:37 4 0 165
14:35:07 4 0 164
14:35:38 4 0 165
14:36:08 4 0 192
14:36:39 4 0 166
14:37:09 4 0 163
14:37:40 4 0 163
14:38:10 4 0 163
14:38:40 4 0 163
14:39:10 4 0 163
14:39:41 4 0 163
14:40:11 4 0 163
14:40:41 4 0 163
14:41:11 4 0 163
14:41:42 4 0 165
14:42:12 4 0 163
14:42:42 4 0 163
14:43:12 4 0 163
14:43:42 4 0 163
14:44:13 4 0 163
14:44:43 4 0 163
14:45:13 4 0 163
14:45:43 4 0 163
14:46:13 4 0 163
14:46:44 4 0 163
14:47:14 4 0 164
14:47:44 4 0 163
14:48:14 4 0 163
14:48:44 4 0 163
14:49:14 4 0 163
14:49:45 4 0 163
14:50:15 4 0 163
14:50:45 4 0 165
14:51:15 4 0 163
14:51:45 4 0 163
14:52:16 4 0 163
14:52:46 4 0 168
14:53:16 4 0 164
14:53:46 4 0 163
14:54:16 4 0 163
14:54:46 4 0 165
14:55:16 4 0 163
14:55:46 4 0 163
14:56:16 4 0 165
14:56:47 4 0 166
14:57:17 4 0 163
14:57:47 4 0 163
14:58:17 4 0 163
14:58:47 4 0 163
14:59:17 4 0 163
14:59:47 4 0 168
15:00:18 4 0 166
15:00:48 4 0 163
15:01:18 4 0 163
15:01:48 4 0 163
15:02:18 4 0 163
15:02:48 4 0 163
15:03:18 4 0 163
15:03:48 4 0 166
15:04:18 4 0 163
15:04:48 4 0 163
15:05:19 4 0 163
15:05:49 4 0 163
15:06:19 4 0 163
15:06:49 4 0 163
15:07:19 4 0 163
15:07:49 4 0 163
15:08:19 4 0 166
15:08:49 4 0 163
15:09:19 4 0 163
15:09:50 4 0 166
15:10:20 4 0 165
15:10:50 4 0 164
15:11:20 4 0 163
15:11:51 4 0 163
15:12:21 4 0 163
15:12:51 4 0 163
15:13:21 4 0 163
15:13:51 4 0 163
15:14:22 4 0 163
15:14:52 4 0 166
15:15:22 4 0 163
15:15:52 4 0 163
15:16:22 4 0 163
15:16:52 4 0 163
15:17:22 4 0 163
15:17:53 4 0 163
15:18:24 3 1 169
15:18:53 4 0 163
15:19:23 4 0 163
15:19:53 4 0 163
15:20:23 4 0 165
15:20:53 4 0 165
15:21:23 4 0 163
15:21:54 4 0 163
15:22:24 4 0 163
15:22:54 4 0 163
15:23:24 4 0 163
15:23:54 4 0 164
15:24:24 4 0 163
15:24:54 4 0 163
15:25:24 4 0 165
15:25:54 4 0 163
15:26:24 4 0 163
15:26:55 4 0 163
15:27:25 4 0 163
15:27:55 4 0 163
15:28:25 4 0 166
15:28:55 4 0 163
15:29:25 4 0 163
15:29:55 4 0 163
15:30:25 4 0 163
15:30:55 4 0 163
15:31:26 4 0 163
15:31:56 4 0 163
15:32:26 4 0 163
15:32:56 4 0 163
15:33:26 4 0 163
15:33:57 4 0 163
15:34:27 4 0 163
15:34:57 4 0 163
15:35:27 4 0 163
15:35:57 4 0 165
15:36:27 4 0 163
15:36:57 4 0 163
15:37:27 4 0 163
15:37:57 4 0 164
15:38:27 4 0 163
15:38:58 4 0 166
15:39:28 4 0 163
15:39:58 4 0 163
15:40:29 3 1 163
15:40:58 4 0 163
15:41:28 4 0 165
15:41:58 4 0 164
15:42:28 4 0 163
15:42:58 4 0 170
15:43:28 4 0 163
15:43:59 4 0 163
15:44:29 4 0 163
15:44:59 4 0 166
15:45:30 3 1 163
15:45:59 4 0 168
15:46:29 4 0 163
15:47:00 4 0 163
15:47:30 4 0 166
15:48:00 4 0 163
15:48:30 4 0 163
15:49:00 4 0 163
15:49:30 4 0 166
15:50:00 4 0 164
15:50:30 4 0 165
15:51:00 4 0 163
15:51:31 4 0 163
15:52:01 4 0 163
15:52:31 4 0 163
15:53:01 4 0 163
15:53:31 4 0 163
15:54:03 3 1 163
15:54:31 4 0 164
15:55:02 4 0 163
15:55:32 4 0 163
15:56:02 4 0 163
15:56:32 4 0 163
15:57:03 3 1 163
15:57:32 4 0 163
15:58:02 4 0 163
15:58:32 4 0 163
15:59:03 4 0 163
15:59:33 4 0 205
16:00:03 4 0 163
16:00:33 4 0 163
16:01:03 4 0 164
16:01:33 4 0 163
16:02:03 4 0 165
16:02:33 4 0 166
16:03:03 4 0 163
16:03:33 4 0 163
16:04:05 3 1 163
16:04:34 4 0 164
16:05:04 4 0 166
16:05:34 4 0 164
16:06:04 4 0 163
16:06:34 4 0 163
16:07:04 4 0 196
16:07:34 4 0 165
16:08:05 4 0 163
16:08:35 3 1 163
16:09:05 4 0 163
16:09:35 4 0 163
16:10:05 4 0 163
16:10:35 4 0 181
16:11:05 4 0 166
16:11:36 4 0 163
16:12:07 4 0 209
16:12:37 4 0 165
16:13:07 4 0 205
16:13:37 4 0 163
16:14:07 4 0 165
16:14:38 3 1 163
16:15:07 4 0 163
16:15:38 3 1 163
16:16:07 4 0 166
16:16:37 4 0 184
16:17:10 2 2 478
16:17:39 3 1 481
16:18:08 4 0 163
16:18:38 4 0 209
16:19:08 4 0 213
16:19:38 4 0 163
16:20:08 4 0 185
16:20:38 4 0 176
16:21:08 4 0 163
16:21:38 4 0 164
16:22:09 4 0 163
16:22:39 4 0 163
16:23:09 4 0 163
16:23:39 4 0 163
16:24:09 4 0 163
16:24:39 4 0 163
16:25:09 4 0 164
16:25:39 4 0 163
16:26:10 4 0 163
16:26:40 4 0 165
16:27:10 4 0 163
16:27:40 4 0 163
16:28:10 4 0 163
16:28:40 4 0 163
16:29:10 4 0 164
16:29:40 4 0 165
16:30:11 4 0 163
16:30:41 4 0 163
16:31:11 4 0 163
16:31:41 4 0 163
16:32:11 4 0 163
16:32:41 4 0 163
16:33:12 4 0 166
16:33:42 4 0 163
16:34:12 4 0 163
16:34:42 4 0 163
16:35:12 4 0 163
16:35:43 3 1 205
16:36:12 4 0 165
16:36:43 4 0 163
16:37:13 4 0 163
16:37:43 4 0 165
16:38:13 4 0 163
16:38:43 4 0 163
16:39:13 4 0 163
16:39:43 4 0 163
16:40:14 4 0 163
16:40:44 4 0 163
16:41:14 4 0 163
16:41:44 4 0 163
16:42:14 4 0 163
16:42:44 4 0 163
16:43:14 4 0 163
16:43:44 4 0 163
16:44:15 4 0 191
16:44:44 4 0 163
16:45:17 2 2 576
16:45:47 3 1 484
16:46:15 4 0 163
16:46:45 4 0 163
16:47:15 4 0 163
16:47:45 4 0 165
16:48:16 3 1 166
16:48:45 4 0 163
16:49:18 2 2 574
16:49:48 1 3 574
16:50:16 4 0 166
16:50:46 4 0 163
16:51:16 4 0 163
16:51:46 4 0 163
16:52:16 4 0 163
16:52:46 4 0 163
16:53:17 4 0 163
16:53:47 4 0 163
16:54:17 4 0 163
16:54:47 4 0 163
16:55:17 4 0 163
16:55:47 4 0 164
16:56:17 4 0 163
16:56:47 4 0 163
16:57:18 4 0 163
16:57:48 4 0 163
16:58:18 4 0 163
16:58:48 4 0 175
16:59:18 4 0 163
16:59:48 4 0 163
17:00:18 4 0 163
17:00:48 4 0 163
17:01:20 3 1 579
17:01:51 2 2 493
17:02:19 4 0 163
17:02:49 4 0 163
17:03:19 4 0 163
17:03:50 4 0 196
17:04:20 4 0 163
17:04:50 4 0 164
17:05:20 4 0 163
17:05:50 4 0 163
17:06:20 4 0 163
17:06:50 4 0 163
17:07:21 4 0 170
17:07:51 4 0 164
17:08:22 3 1 165
17:08:51 4 0 163
17:09:22 3 1 163
17:09:52 3 1 166
17:10:21 4 0 163
17:10:51 4 0 163
17:11:21 4 0 163
17:11:51 4 0 163
17:12:22 4 0 163
17:12:52 4 0 163
17:13:22 4 0 164
17:13:52 4 0 163
17:14:22 4 0 163
17:14:52 4 0 163
17:15:22 4 0 165
17:15:52 4 0 163
17:16:22 4 0 164
17:16:53 4 0 167
17:17:23 4 0 165
17:17:53 3 1 166
17:18:23 4 0 166
17:18:53 4 0 163
17:19:23 4 0 163
17:19:53 4 0 163
17:20:23 4 0 165
17:20:53 4 0 163
17:21:24 4 0 163
17:21:54 4 0 163
17:22:24 4 0 165
17:22:55 4 0 164
17:23:25 4 0 164
17:23:55 4 0 163
17:24:26 4 0 163
17:24:56 4 0 163
17:25:26 4 0 167
17:25:56 4 0 163
17:26:27 3 1 163
17:26:56 4 0 166
17:27:27 4 0 163
17:27:57 4 0 163
17:28:27 4 0 163
17:28:58 3 1 163
17:29:27 4 0 163
17:29:57 4 0 176
17:30:27 4 0 163
17:30:57 4 0 163
17:31:28 4 0 163
17:31:58 4 0 163
17:32:28 4 0 163
17:32:58 4 0 163
17:33:28 4 0 163
17:33:58 4 0 163
17:34:29 4 0 163
17:34:59 4 0 163
17:35:29 4 0 163
17:35:59 4 0 164
17:36:29 4 0 163
17:36:59 4 0 163
17:37:29 4 0 163
17:37:59 4 0 163
17:38:30 4 0 163
17:39:00 4 0 163
17:39:30 4 0 163
17:40:00 4 0 163
17:40:31 4 0 163
17:41:01 4 0 163
17:41:31 4 0 163
17:42:01 4 0 163
17:42:31 4 0 163
17:43:02 4 0 163
17:43:32 4 0 163
17:44:02 4 0 163
17:44:32 4 0 163
17:45:02 4 0 163
17:45:33 4 0 163
17:46:03 4 0 163
17:46:33 4 0 164
17:47:03 4 0 163
17:47:33 4 0 163
17:48:03 4 0 163
17:48:33 4 0 164
17:49:03 4 0 163
17:49:34 4 0 163
17:50:04 4 0 163
17:50:34 4 0 163
17:51:04 4 0 166
17:51:35 3 1 163
17:52:05 3 1 163
17:52:34 4 0 163
17:53:04 4 0 163
17:53:35 4 0 163
17:54:05 4 0 163
17:54:35 4 0 163
17:55:05 4 0 165
17:55:35 4 0 163
17:56:05 4 0 164
17:56:35 4 0 165
17:57:05 4 0 163
17:57:36 4 0 163
17:58:06 4 0 163
17:58:36 4 0 163
17:59:06 4 0 163
17:59:37 3 1 168
18:00:06 4 0 163
18:00:36 4 0 163
18:01:07 3 1 163
18:01:37 4 0 163
18:02:07 4 0 163
18:02:37 4 0 163
18:03:08 4 0 163
18:03:38 4 0 163
18:04:08 4 0 163
18:04:38 4 0 163
18:05:08 4 0 166
18:05:39 4 0 163
18:06:09 4 0 163
18:06:39 4 0 163
18:07:09 4 0 163
18:07:39 4 0 167
18:08:09 4 0 163
18:08:39 4 0 163
18:09:09 4 0 163
18:09:40 4 0 163
18:10:10 4 0 163
18:10:40 4 0 165
18:11:10 4 0 163
18:11:40 4 0 163
18:12:10 4 0 163
18:12:40 4 0 163
18:13:11 4 0 165
18:13:41 4 0 163
18:14:11 4 0 163
18:14:41 4 0 163
18:15:11 4 0 164
18:15:41 4 0 164
18:16:11 4 0 165
18:16:42 4 0 163
18:17:12 4 0 163
18:17:42 4 0 163
18:18:12 4 0 165
18:18:42 4 0 163
18:19:12 4 0 163
18:19:42 4 0 163
18:20:12 4 0 163
18:20:43 4 0 163
18:21:13 4 0 164
18:21:43 4 0 163
18:22:13 4 0 163
18:22:44 4 0 163
18:23:14 4 0 163
18:23:44 4 0 175
18:24:14 4 0 163
18:24:45 4 0 163
18:25:15 4 0 163
18:25:45 4 0 163
18:26:15 4 0 163
18:26:45 4 0 163
18:27:15 4 0 163
18:27:46 4 0 163
18:28:16 4 0 163
18:28:46 4 0 166
18:29:16 4 0 163
18:29:46 4 0 163
18:30:16 4 0 163
18:30:47 4 0 163
18:31:17 4 0 163
18:31:47 4 0 163
18:32:20 2 2 589
18:32:49 3 1 491
18:33:19 3 1 165
18:33:48 4 0 163
18:34:18 4 0 163
18:34:49 4 0 163
18:35:19 4 0 163
18:35:49 4 0 163
18:36:19 4 0 163
18:36:49 4 0 163
18:37:19 4 0 163
18:37:49 4 0 163
18:38:19 4 0 163
18:38:50 4 0 163
18:39:21 3 1 163
18:39:50 4 0 163
18:40:20 4 0 163
18:40:50 4 0 163
18:41:20 4 0 163
18:41:50 4 0 165
18:42:20 4 0 163
18:42:53 2 2 489
18:43:23 3 1 506
18:43:51 4 0 163
18:44:21 4 0 163
18:44:51 4 0 163
18:45:21 4 0 163
18:45:51 4 0 164
18:46:21 4 0 168
18:46:52 4 0 163
18:47:22 4 0 163
18:47:52 4 0 163
18:48:23 4 0 487
18:48:54 3 1 494
18:49:22 4 0 163
18:49:52 4 0 163
18:50:22 4 0 163
18:50:52 4 0 163
18:51:22 4 0 163
18:51:53 4 0 165
18:52:23 4 0 163
18:52:53 4 0 163
18:53:23 4 0 163
18:53:54 4 0 163
18:54:24 4 0 163
18:54:54 4 0 163
18:55:24 4 0 163
18:55:55 4 0 163
18:56:25 4 0 163
18:56:55 4 0 163
18:57:25 4 0 163
18:57:55 4 0 163
18:58:25 4 0 163
18:58:55 4 0 163
18:59:25 4 0 163
18:59:55 4 0 163
19:00:25 4 0 163
19:00:56 4 0 163
19:01:26 4 0 163
19:01:56 4 0 163
19:02:26 4 0 163
19:02:56 4 0 163
19:03:26 4 0 163
19:03:56 4 0 163
19:04:26 4 0 163
19:04:57 4 0 167
19:05:27 4 0 165
19:05:57 4 0 163
19:06:27 4 0 163
19:06:57 4 0 163
19:07:27 4 0 163
19:07:57 4 0 170
19:08:27 4 0 163
19:08:57 4 0 163
19:09:27 4 0 163
19:09:58 4 0 163
19:10:28 4 0 163
19:10:58 4 0 163
19:11:28 4 0 165
19:11:58 4 0 164
19:12:28 4 0 164
19:12:59 4 0 163
19:13:29 4 0 163
19:13:59 4 0 163
19:14:29 4 0 166
19:14:59 4 0 163
19:15:29 4 0 163
19:15:59 4 0 163
19:16:29 4 0 165
19:16:59 4 0 163
19:17:29 4 0 163
19:18:00 4 0 163
19:18:30 3 1 165
19:19:00 4 0 163
19:19:30 4 0 163
19:20:00 4 0 163
19:20:30 4 0 163
19:21:00 4 0 168
19:21:30 4 0 163
19:22:00 4 0 163
19:22:31 4 0 193
19:23:01 4 0 164
19:23:32 3 1 167
19:24:01 4 0 163
19:24:31 4 0 163
19:25:02 3 1 166
19:25:31 4 0 163
19:26:01 4 0 164
19:26:31 4 0 164
19:27:01 4 0 163
19:27:31 4 0 163
19:28:02 4 0 163
19:28:32 4 0 163
19:29:02 4 0 163
19:29:32 4 0 163
19:30:02 4 0 163
19:30:32 4 0 173
19:31:02 4 0 163
19:31:32 4 0 163
19:32:03 4 0 163
19:32:33 4 0 163
19:33:03 4 0 163
19:33:33 4 0 163
19:34:03 4 0 163
19:34:33 4 0 167
19:35:04 4 0 163
19:35:34 4 0 163
19:36:04 4 0 163
19:36:34 4 0 163
19:37:04 4 0 163
19:37:34 4 0 163
19:38:04 4 0 163
19:38:34 4 0 163
19:39:04 4 0 163
19:39:35 4 0 163
19:40:05 4 0 163
19:40:35 4 0 167
19:41:05 4 0 163
19:41:35 4 0 163
19:42:05 4 0 163
19:42:35 4 0 163
19:43:05 4 0 166
19:43:35 4 0 163
19:44:06 4 0 163
19:44:36 4 0 163
19:45:06 4 0 163
19:45:37 3 1 165
19:46:06 4 0 175
19:46:37 3 1 168
19:47:06 4 0 166
19:47:36 4 0 164
19:48:06 4 0 163
19:48:36 4 0 163
19:49:07 4 0 163
19:49:37 4 0 165
19:50:07 4 0 166
19:50:37 4 0 164
19:51:07 4 0 165
19:51:37 4 0 163
19:52:07 4 0 163
19:52:37 4 0 163
19:53:07 4 0 163
19:53:37 4 0 164
19:54:08 4 0 163
19:54:38 4 0 163
19:55:08 4 0 166
19:55:38 4 0 163
19:56:09 3 1 164
19:56:38 4 0 164
19:57:08 4 0 163
19:57:38 4 0 170
19:58:09 4 0 163
19:58:39 4 0 163
19:59:09 4 0 165
19:59:39 4 0 166
20:00:09 4 0 163
20:00:39 4 0 163
20:01:09 4 0 163
20:01:39 4 0 163
20:02:09 4 0 163
20:02:39 4 0 163
20:03:10 4 0 163
20:03:40 4 0 163
20:04:10 4 0 163
20:04:40 4 0 165
20:05:10 4 0 163
20:05:40 4 0 163
20:06:10 4 0 170
20:06:40 4 0 163
20:07:10 4 0 163
20:07:40 4 0 164
20:08:11 4 0 163
20:08:41 4 0 163
20:09:11 4 0 163
20:09:41 4 0 163
20:10:11 4 0 164
20:10:41 4 0 163
20:11:11 4 0 163
20:11:41 4 0 163
20:12:11 4 0 163
20:12:41 4 0 163
20:13:12 4 0 163
20:13:42 4 0 163
20:14:12 4 0 163
20:14:42 4 0 163
20:15:12 4 0 163
20:15:42 4 0 163
20:16:12 4 0 164
20:16:42 4 0 166
20:17:12 4 0 163
20:17:43 4 0 166
20:18:13 4 0 163
20:18:43 4 0 166
20:19:13 4 0 163
20:19:43 4 0 166
20:20:13 4 0 163
20:20:43 4 0 164
20:21:13 4 0 163
20:21:43 4 0 163
20:22:14 4 0 163
20:22:44 4 0 163
20:23:14 4 0 167
20:23:44 4 0 163
20:24:14 4 0 163
20:24:44 4 0 163
20:25:14 4 0 163
20:25:44 4 0 163
20:26:15 4 0 163
20:26:45 4 0 163
20:27:15 4 0 163
20:27:45 4 0 163
20:28:15 4 0 163
20:28:45 4 0 165
20:29:15 4 0 163
20:29:45 4 0 163
20:30:16 4 0 163
20:30:46 4 0 163
20:31:16 4 0 163
20:31:46 4 0 165
20:32:16 4 0 163
20:32:46 4 0 163
20:33:16 4 0 163
20:33:46 4 0 163
20:34:16 4 0 163
20:34:46 4 0 163
20:35:17 4 0 163
20:35:47 4 0 163
20:36:17 4 0 163
20:36:47 4 0 163
20:37:17 4 0 163
20:37:47 4 0 176
20:38:17 4 0 165
20:38:47 4 0 163
20:39:17 4 0 163
20:39:47 4 0 163
20:40:18 4 0 163
20:40:48 4 0 163
20:41:18 4 0 163
20:41:48 4 0 163
20:42:18 4 0 163
20:42:48 4 0 163
20:43:18 4 0 163
20:43:48 4 0 165
20:44:18 4 0 165
20:44:48 4 0 163
20:45:19 4 0 163
20:45:49 4 0 167
20:46:19 4 0 164
20:46:49 4 0 177
20:47:20 4 0 163
20:47:50 4 0 164
20:48:20 4 0 163
20:48:50 4 0 163
20:49:21 4 0 163
20:49:51 4 0 176
20:50:21 4 0 163
20:50:51 4 0 163
20:51:21 4 0 164
20:51:51 4 0 163
20:52:21 4 0 163
20:52:51 4 0 163
20:53:21 4 0 163
20:53:51 4 0 163
20:54:22 4 0 165
20:54:52 4 0 163
20:55:22 4 0 165
20:55:52 4 0 163
20:56:22 4 0 163
20:56:52 4 0 163
20:57:22 4 0 163
20:57:52 4 0 165
20:58:22 4 0 163
20:58:52 4 0 163
20:59:23 4 0 164
20:59:53 4 0 163
21:00:23 4 0 163
21:00:53 4 0 163
21:01:23 4 0 164
21:01:53 4 0 166
21:02:23 4 0 163
21:02:53 4 0 164
21:03:24 4 0 163
21:03:54 4 0 164
21:04:24 4 0 163
21:04:54 4 0 163
21:05:24 4 0 163
21:05:54 4 0 164
21:06:24 4 0 163
21:06:56 3 1 165
21:07:25 4 0 163
21:07:55 4 0 163
21:08:25 4 0 163
21:08:55 4 0 163
21:09:27 3 1 164
21:09:56 4 0 165
21:10:26 4 0 163
21:10:56 4 0 163
21:11:26 4 0 163
21:11:56 4 0 163
21:12:26 4 0 166
21:12:56 4 0 164
21:13:27 4 0 165
21:13:57 4 0 163
21:14:27 4 0 163
21:14:57 4 0 165
21:15:27 4 0 163
21:15:57 4 0 164
21:16:27 4 0 163
21:16:57 4 0 163
21:17:27 4 0 164
21:17:57 4 0 163
21:18:28 4 0 163
21:18:59 3 1 165
21:19:28 4 0 163
21:19:58 4 0 163
21:20:28 4 0 163
21:20:58 4 0 163
21:21:29 4 0 163
21:21:59 4 0 163
21:22:29 4 0 163
21:22:59 4 0 163
21:23:29 4 0 163
21:23:59 4 0 163
21:24:29 4 0 165
21:24:59 4 0 163
21:25:29 4 0 177
21:25:59 4 0 166
21:26:30 4 0 164
21:27:01 4 0 168
21:27:31 4 0 201
21:28:01 4 0 163
21:28:31 4 0 163
21:29:01 4 0 163
21:29:31 4 0 163
21:30:01 4 0 163
21:30:32 4 0 163
21:31:02 4 0 166
21:31:32 3 1 165
21:32:02 4 0 167
21:32:32 4 0 163
21:33:02 4 0 163
21:33:32 4 0 163
21:34:02 4 0 163
21:34:32 4 0 166
21:35:02 4 0 163
21:35:33 4 0 163
21:36:03 4 0 164
21:36:33 4 0 163
21:37:03 4 0 163
21:37:33 4 0 163
21:38:03 4 0 163
21:38:33 4 0 163
21:39:03 4 0 163
21:39:33 4 0 163
21:40:03 4 0 163
21:40:34 4 0 163
21:41:04 4 0 163
21:41:34 4 0 163
21:42:04 4 0 163
21:42:34 4 0 164
21:43:04 4 0 163
21:43:34 4 0 165
21:44:04 4 0 163
21:44:35 4 0 163
21:45:05 4 0 165
21:45:35 4 0 163
21:46:05 4 0 163
21:46:35 4 0 163
21:47:05 4 0 163
21:47:35 4 0 163
21:48:05 4 0 165
21:48:36 4 0 163
21:49:06 4 0 163
21:49:36 4 0 164
21:50:06 4 0 163
21:50:36 4 0 163
21:51:06 4 0 163
21:51:36 4 0 166
21:52:06 4 0 163
21:52:37 4 0 163
21:53:07 4 0 163
21:53:37 4 0 163
21:54:07 4 0 163
21:54:37 4 0 163
21:55:07 4 0 163
21:55:37 4 0 163
21:56:07 4 0 163
21:56:37 4 0 165
21:57:08 4 0 191
21:57:38 4 0 163
21:58:08 4 0 184
21:58:38 4 0 165
21:59:08 4 0 166
21:59:38 4 0 163
22:00:08 4 0 165
22:00:39 4 0 163
22:01:09 3 1 165
22:01:39 4 0 163
22:02:09 4 0 163
22:02:39 4 0 163
22:03:09 4 0 163
22:03:39 4 0 163
22:04:09 4 0 163
22:04:40 4 0 163
22:05:10 4 0 164
22:05:40 4 0 163
22:06:10 4 0 163
22:06:41 4 0 163
22:07:11 4 0 163
22:07:41 4 0 166
22:08:11 4 0 163
22:08:42 4 0 163
22:09:12 4 0 163
22:09:42 4 0 163
22:10:12 4 0 163
22:10:42 4 0 166
22:11:12 4 0 163
22:11:42 4 0 163
22:12:12 4 0 164
22:12:43 4 0 163
22:13:13 4 0 163
22:13:43 4 0 163
22:14:13 4 0 163
22:14:43 4 0 164
22:15:13 4 0 180
22:15:43 4 0 163
22:16:13 4 0 163
22:16:44 4 0 164
22:17:14 4 0 165
22:17:44 4 0 163
22:18:14 4 0 163
22:18:44 4 0 164
22:19:14 4 0 163
22:19:44 4 0 164
22:20:14 4 0 163
22:20:44 4 0 163
22:21:14 4 0 163
22:21:45 4 0 163
22:22:15 4 0 163
22:22:45 4 0 163
22:23:15 4 0 163
22:23:45 4 0 163
22:24:15 4 0 163
22:24:45 4 0 163
22:25:15 4 0 172
22:25:46 4 0 163
22:26:16 4 0 163
22:26:46 4 0 163
22:27:16 4 0 163
22:27:46 4 0 163
22:28:16 4 0 163
22:28:46 4 0 163
22:29:16 4 0 163
22:29:47 4 0 164
22:30:17 4 0 163
22:30:47 4 0 164
22:31:17 4 0 163
22:31:47 4 0 166
22:32:17 4 0 163
22:32:47 4 0 163
22:33:17 4 0 163
22:33:48 4 0 163
22:34:18 4 0 163
22:34:48 4 0 163
22:35:18 4 0 167
22:35:48 4 0 163
22:36:18 4 0 163
22:36:48 4 0 174
22:37:18 4 0 165
22:37:49 4 0 163
22:38:19 4 0 164
22:38:49 4 0 163
22:39:19 4 0 163
22:39:49 4 0 163
22:40:19 4 0 163
22:40:50 4 0 163
22:41:20 4 0 163
22:41:50 4 0 164
22:42:20 4 0 163
22:42:50 4 0 163
22:43:20 4 0 163
22:43:51 4 0 163
22:44:21 4 0 163
22:44:51 4 0 163
22:45:21 4 0 163
22:45:51 4 0 163
22:46:21 4 0 164
22:46:51 4 0 163
22:47:21 4 0 163
22:47:51 4 0 163
22:48:22 4 0 163
22:48:52 4 0 175
22:49:22 4 0 163
22:49:52 4 0 163
22:50:22 4 0 163
22:50:52 4 0 163
22:51:22 4 0 163
22:51:52 4 0 164
22:52:23 4 0 163
22:52:53 4 0 196
22:53:23 4 0 166
22:53:53 4 0 163
22:54:23 4 0 164
22:54:53 4 0 163
22:55:23 4 0 163
22:55:53 4 0 163
22:56:23 4 0 163
22:56:54 4 0 163
22:57:24 4 0 163
22:57:54 4 0 163
22:58:24 4 0 163
22:58:54 4 0 163
22:59:24 4 0 163
22:59:55 4 0 163
23:00:25 4 0 163
23:00:55 4 0 163
23:01:25 4 0 165
23:01:55 4 0 163
23:02:25 4 0 164
23:02:55 4 0 163
23:03:25 4 0 165
23:03:56 4 0 165
23:04:26 4 0 166
23:04:56 4 0 163
23:05:26 4 0 163
23:05:56 4 0 164
23:06:26 4 0 163
23:06:56 4 0 174
23:07:26 4 0 163
23:07:57 4 0 164
23:08:27 4 0 163
23:08:57 4 0 163
23:09:27 4 0 166
23:09:57 4 0 167
23:10:27 4 0 164
23:10:57 4 0 164
23:11:27 4 0 165
23:11:58 4 0 163
23:12:28 4 0 167
23:12:58 4 0 163
23:13:28 4 0 166
23:13:58 4 0 163
23:14:28 4 0 163
23:14:58 4 0 163
23:15:28 4 0 163
23:15:59 4 0 163
23:16:29 4 0 163
23:16:59 4 0 163
23:17:29 4 0 163
23:17:59 4 0 163
23:18:29 4 0 163
23:18:59 4 0 165
23:19:29 4 0 163
23:20:00 4 0 163
23:20:30 4 0 166
23:21:00 4 0 163
23:21:30 4 0 163
23:22:00 4 0 163
23:22:30 4 0 163
23:23:01 4 0 165
23:23:31 4 0 163
23:24:01 4 0 163
23:24:31 4 0 165
23:25:01 4 0 163
23:25:31 4 0 163
23:26:01 4 0 163
23:26:31 4 0 163
23:27:02 4 0 163
23:27:32 4 0 163
23:28:02 4 0 163
23:28:32 4 0 163
23:29:02 4 0 164
23:29:32 4 0 163
23:30:02 4 0 163
23:30:32 4 0 163
23:31:03 4 0 163
23:31:33 4 0 166
23:32:03 4 0 166
23:32:33 4 0 163
23:33:03 4 0 163
23:33:33 4 0 166
23:34:03 4 0 163
23:34:33 4 0 163
23:35:04 4 0 163
23:35:34 4 0 163
23:36:04 4 0 163
23:36:34 4 0 163
23:37:04 4 0 163
23:37:34 4 0 163
23:38:04 4 0 163
23:38:35 4 0 165
23:39:05 4 0 163
23:39:35 4 0 165
23:40:06 3 1 163
23:40:35 4 0 163
23:41:05 4 0 163
23:41:35 4 0 164
23:42:06 4 0 163
23:42:36 4 0 165
23:43:06 4 0 163
23:43:36 4 0 168
23:44:07 4 0 164
23:44:37 4 0 163
23:45:07 4 0 163
23:45:37 4 0 163
23:46:07 4 0 163
23:46:37 4 0 163
23:47:08 4 0 164
23:47:38 4 0 163
23:48:08 4 0 163
23:48:39 4 0 165
23:49:09 4 0 163
23:49:39 4 0 163
23:50:10 4 0 164
23:50:40 4 0 164
23:51:10 4 0 163
23:51:40 4 0 163
23:52:11 4 0 163
23:52:42 4 0 163
23:53:12 4 0 163
23:53:43 4 0 163
23:54:14 4 0 163
23:54:44 4 0 163
23:55:14 4 0 163
23:55:45 4 0 163
23:56:15 4 0 164
23:56:46 4 0 163
23:57:17 4 0 163
23:57:47 4 0 163
23:58:17 4 0 163
23:58:47 4 0 163
23:59:21 4 0 192
23:59:49 4 0 163
