00:01:36 10801 6734
00:02:42 34086 7485
00:03:24 10483 5935
00:04:23 26471 8607
00:05:23 95431 88232
00:06:24 11279 6234
00:07:28 15681 9492
00:08:39 71767 9325
02:00:06 -1 -1
02:01:08 52600 51272
02:02:08 22056 16450
02:03:08 28518 12127
02:04:09 23873 14514
02:05:09 34245 24912
02:06:10 12230 5797
02:07:10 13647 7918
02:08:10 21783 17957
02:09:11 12888 8511
02:10:11 11249 6056
02:11:12 11208 6995
02:12:12 18518 14187
02:13:13 51349 13146
02:14:13 10351 5913
02:15:16 -1 -1
02:16:14 11010 6171
02:17:14 115682 16174
02:18:15 44826 10364
02:19:15 20818 8800
02:20:17 12878 6211
02:21:16 18527 13554
02:22:17 50979 20243
02:23:17 11695 6774
02:24:18 41592 7988
02:25:18 28926 7082
02:26:18 23009 7300
02:27:19 16223 8463
02:28:19 9947 6104
02:29:19 14180 7637
02:30:20 10977 5989
02:31:20 12040 6857
02:32:21 44022 7641
02:33:21 59783 10785
02:34:21 53003 7531
02:35:25 188792 8296
02:36:22 -1 -1
02:37:23 9679 5581
02:38:23 10644 6134
02:39:24 11691 6403
02:40:27 10519 5742
02:41:24 52094 11378
02:42:25 21867 16865
02:43:25 46040 6627
02:44:26 24460 7933
02:45:27 36617 7987
02:46:26 21149 16019
02:47:28 68688 12698
02:48:27 19381 15143
02:49:28 12584 6941
02:50:28 47333 8036
02:51:28 11123 6096
02:53:12 -1 -1
02:53:32 84057 61175
02:54:30 963861 28839
02:55:30 17206 12486
02:56:30 11942 7514
02:57:31 14766 8772
02:58:31 10872 9491
02:59:31 16961 15570
03:00:32 52386 14513
03:01:33 514 8023
03:02:33 12810 6718
03:03:33 17913 11981
03:04:34 51958 17080
03:05:34 14144 7637
03:06:35 17837 9911
03:07:36 16154 6984
03:08:36 11637 6529
03:09:37 11743 6500
03:10:37 11885 7009
03:11:37 48555 11459
03:12:38 53926 49268
03:13:38 68195 91047
03:14:38 132724 81486
03:15:39 56138 112063
03:16:40 57494 43544
03:17:40 41795 128869
03:18:40 20094 13931
03:19:41 9707 5479
03:20:41 12210 7462
03:21:41 12071 6068
03:22:41 76912 11972
03:23:42 11859 6311
03:24:42 36869 17161
03:25:45 44733 8111
03:26:43 10335 5991
03:27:43 34429 6679
03:28:44 12501 7127
03:29:44 7552 4418
03:30:44 18950 7811
03:31:44 32729 9110
03:32:45 11021 5753
03:33:45 20225 7310
03:34:45 10196 7269
03:35:45 37136 9849
03:36:46 25547 8426
03:37:46 11528 7081
03:38:47 72775 14731
03:39:47 21057 9250
03:40:47 16189 12409
03:41:48 40781 21095
03:42:48 15851 8620
03:43:48 7395 5480
03:44:49 12145 8397
03:45:49 14749 10698
03:46:50 11887 9735
03:47:50 28573 10139
03:48:50 58370 14261
03:49:51 12866 9080
03:50:51 13507 8506
03:51:51 13937 8642
03:53:05 54977 14143
03:53:52 32663 10296
03:54:52 15649 10795
03:55:53 12301 8715
03:56:53 14168 9400
03:57:54 34974 8219
03:58:54 12043 7137
03:59:54 31938 10764
04:00:54 14554 10189
04:01:57 19917 10960
04:02:55 13519 10473
04:03:56 43399 13706
04:04:57 82654 9552
04:05:56 262117 9858
04:06:56 57633 13089
04:07:56 105194 11609
04:08:57 41953 11369
04:09:57 32001 9570
04:10:58 11617 8830
04:11:58 12095 8627
04:12:59 279362 15508
04:13:58 10656 7071
04:14:59 11582 13200
04:15:59 29367 24997
04:17:00 46122 35262
04:18:00 24063 10196
04:19:00 13906 9146
04:20:01 12442 8353
04:21:01 16341 11657
04:22:01 15838 13148
04:23:02 16090 13573
04:24:02 15476 12219
04:25:03 17522 13131
04:26:03 43532 10494
04:27:03 26462 8192
04:28:03 16678 13860
04:29:04 30778 18612
04:30:04 35792 9671
04:31:04 12593 9413
04:32:05 12289 8707
04:33:12 10242 7069
04:34:05 98548 11354
04:35:06 48114 11147
04:36:06 24299 20644
04:37:06 49616 12888
04:38:07 11388 10070
04:39:07 11370 7995
04:40:07 -1 -1
04:41:08 20586 17383
04:42:08 11080 8688
04:43:09 10959 9828
04:44:09 5622 5240
04:45:09 27212 9057
04:46:10 11066 5690
04:47:10 11166 8410
04:48:10 51449 5644
04:49:11 47840 11950
04:50:11 11350 8022
04:51:11 10581 8008
04:52:12 14830 9449
04:53:12 11157 9132
04:54:13 25393 7227
04:55:13 58805 14544
04:56:14 11916 9155
04:57:13 19983 13734
04:58:14 11840 9213
04:59:14 11644 8550
05:00:14 20169 15420
05:01:17 91216 9781
05:02:15 11828 7872
05:03:15 43189 8981
05:04:17 40871 9001
05:05:16 24686 11040
05:06:17 24494 12669
05:07:17 15816 14010
05:08:17 11511 8422
05:09:21 10681 7985
05:10:19 9854 6581
05:11:18 16312 11432
05:12:19 142891 15551
05:13:19 10948 9383
05:14:19 27125 12938
05:15:20 14200 13166
05:16:20 40354 11122
05:17:20 13639 11133
05:18:21 10570 7335
05:19:21 44043 19934
05:20:21 15990 14193
05:21:22 9398 8547
05:22:22 8931 8048
05:23:22 12529 10789
05:24:23 21793 11919
05:25:23 7181 6230
05:26:24 31047 8375
05:27:24 12225 10905
05:28:24 31731 10904
05:29:25 18742 11699
05:30:25 10128 9031
05:31:26 11982 9844
05:32:26 35458 6855
05:33:26 30288 7453
05:34:26 14531 12333
05:35:27 8727 7757
05:36:27 8963 5157
05:37:30 52452 18853
05:38:28 82674 8708
05:39:28 7126 6141
05:40:28 29899 5426
05:41:29 9389 7324
05:42:29 37972 5655
05:43:29 13673 11594
05:44:30 13027 11373
05:45:30 13487 12711
05:46:30 14749 10033
05:47:31 11367 10590
05:48:31 13436 11084
05:49:31 10765 10329
05:50:32 12409 7290
05:51:32 15770 12134
05:52:32 61149 19976
05:53:33 30252 14579
05:54:33 42092 7748
05:55:33 8998 8246
05:56:34 12636 8321
05:57:34 13678 10092
05:58:34 83698 26081
05:59:35 31953 10584
06:00:35 20886 13955
06:01:36 42810 28753
06:02:36 16267 10289
06:03:36 71515 12964
06:04:37 31580 18427
06:05:37 70388 19552
06:06:38 10871 9610
06:07:38 10328 8010
06:08:38 32628 12963
06:09:39 69232 15081
06:10:39 22695 22138
06:11:39 13658 12472
06:12:40 14074 13339
06:13:40 9209 7969
06:14:40 25908 24091
06:15:41 36863 6460
06:16:41 9822 8355
06:17:42 9732 7450
06:18:42 7614 5740
06:19:42 18771 9008
06:20:43 93333 12477
06:21:43 8295 8963
06:22:43 9976 7684
06:23:44 9590 30219
06:24:44 16062 9502
06:25:44 28069 26690
06:26:45 16345 15500
06:27:45 12284 9718
06:28:46 10434 21675
06:29:46 13935 40605
06:30:46 11727 11377
06:31:46 11613 30877
06:32:47 39627 9720
06:33:47 25846 20795
06:34:47 69773 15217
06:35:48 9103 7387
06:36:48 16128 16849
06:37:49 14717 10346
06:38:49 12217 10158
06:39:49 10279 11463
06:40:49 11506 10191
06:41:50 16426 16960
06:42:50 21658 21372
06:43:50 15001 12938
06:44:51 32684 16124
06:45:51 17496 14752
06:46:51 12530 8901
06:47:52 9667 8919
06:48:52 13032 11447
06:49:53 11629 10942
06:50:53 26768 20993
06:51:53 122794 71443
06:52:54 20700 9960
06:53:54 640362 53563
06:54:54 13802 9481
06:55:54 13685 12424
06:56:55 13398 9695
06:57:55 12866 7436
06:58:56 11579 8844
06:59:56 23843 20386
07:00:56 87441 86973
07:01:56 15022 11632
07:02:57 15528 13032
07:03:57 15028 13601
07:04:57 32579 15574
07:05:58 16429 13768
07:06:58 21644 21066
07:07:59 12436 9913
07:08:59 12038 7269
07:09:59 14071 12467
07:10:59 30992 15937
07:12:00 10388 6817
07:13:00 9816 6711
07:14:00 16319 12485
07:15:01 39023 19510
07:16:01 38369 10628
07:17:02 13818 10375
07:18:02 11748 8648
07:19:02 9333 8809
07:20:03 12931 10145
07:21:03 14233 11857
07:22:03 25559 21569
07:23:04 23876 13147
07:24:04 18780 8131
07:25:04 15235 12236
07:26:05 13377 11269
07:27:05 23626 17902
07:28:05 27125 25875
07:29:06 14841 14928
07:30:06 16912 13531
07:31:06 24420 16174
07:32:07 26660 11105
07:33:07 13552 12760
07:34:08 54619 13851
07:35:08 31791 11808
07:36:08 18825 15416
07:37:09 18260 13913
07:38:09 183699 25167
07:39:09 10976 8778
07:40:09 12720 11328
07:41:10 14901 11680
07:42:10 35528 12537
07:43:10 14965 9682
07:44:11 29231 12528
07:45:11 27454 18872
07:46:11 48449 13799
07:47:12 45124 13795
07:48:12 68597 31112
07:49:12 89737 14621
07:50:13 22817 18450
07:51:13 30122 17642
07:52:13 21062 18752
07:53:14 45514 19901
07:54:14 12228 7095
07:55:14 44852 38423
07:56:14 25533 23144
07:57:15 28680 17550
07:58:15 14022 10808
07:59:15 36218 31902
08:00:16 24930 19591
08:01:16 16447 13647
08:02:16 26324 25261
08:03:17 32214 29312
08:04:17 39345 16892
08:05:17 23099 18546
08:06:18 14129 11375
08:07:17 -1 -1
08:08:18 25819 17008
08:09:18 29263 14829
08:10:19 29601 16422
08:11:19 11606 8789
08:12:20 12518 9605
08:13:20 33368 11330
08:14:20 22496 17470
08:15:20 20248 16871
08:16:21 41954 36013
08:17:21 12376 8932
08:18:21 14259 10718
08:19:22 21976 17849
08:20:22 12482 9804
08:21:23 17385 13581
08:22:23 14701 7988
08:23:24 10075 8436
08:24:24 12235 8699
08:25:24 19837 9269
08:26:25 15369 14054
08:27:25 12675 9437
08:28:25 14320 11853
08:29:26 11544 9016
08:30:26 18620 8516
08:31:26 11541 7182
08:32:27 14836 11788
08:33:27 11549 6764
08:34:27 21164 16710
08:35:27 14118 7580
08:36:28 21502 19068
08:37:28 36931 16899
08:38:28 134344 12752
08:39:29 45899 8417
08:40:29 7415 4374
08:41:29 16008 8215
08:42:30 14904 10423
08:43:30 19478 13058
08:44:31 55319 9795
08:45:31 13391 9178
08:46:31 13674 8957
08:47:32 14277 10416
08:48:32 59006 13012
08:49:32 12425 8584
08:50:33 11268 7847
08:51:33 15621 10476
08:52:33 13043 9796
08:53:34 41764 15211
08:54:34 17317 11456
08:55:35 10751 6203
08:56:35 8217 4916
08:57:36 90924 9906
08:58:36 239618 19110
08:59:37 25840 7901
09:00:37 30350 10535
09:01:37 9187 5037
09:02:38 59057 14310
09:03:38 158886 11790
09:04:38 11224 7737
09:05:38 9119 5696
09:06:39 13617 8849
09:07:39 48677 11149
09:08:39 24605 21581
09:09:39 11056 8473
09:10:39 27172 24072
09:11:40 12779 9956
09:12:40 20649 10055
09:13:40 432767 14530
09:14:40 17411 13031
09:15:41 33340 10429
09:16:41 28114 24458
09:17:41 12876 9718
09:18:42 2925 11056
09:19:42 12875 9777
09:20:42 11178 6822
09:21:43 100518 15284
09:22:43 34109 10550
09:23:43 43376 11143
09:24:44 11241 7045
09:25:44 88527 12258
09:26:44 14304 10753
09:27:44 67169 11714
09:28:45 9757 6551
09:29:45 47323 8977
09:30:45 16171 9178
09:31:46 58816 9607
09:32:46 18805 8010
09:33:46 66584 44366
09:34:46 10388 6799
09:35:47 25674 22726
09:36:47 16636 8913
09:37:47 75957 12261
09:38:48 28490 9596
09:39:48 22047 10243
09:40:49 17966 9252
09:41:49 36656 9011
09:42:49 28356 8174
09:43:50 51733 10799
09:44:50 8847 5108
09:45:50 28028 8471
09:46:50 14044 8082
09:47:51 39488 11046
09:48:51 11372 8602
09:49:51 12352 8441
09:50:51 28944 7359
09:51:51 79914 47172
09:52:52 8712 5765
09:53:52 19581 7497
09:54:52 10664 7397
09:55:52 14579 11089
09:56:53 11529 7986
09:57:53 52936 8196
09:58:56 18264 7733
09:59:53 14575 9953
10:00:54 16132 10656
10:01:54 156203 11610
10:02:54 21457 20130
10:03:54 122497 17778
10:04:55 10980 6445
10:05:55 11970 6445
10:06:55 18823 13266
10:07:55 26550 8542
10:08:56 12644 16354
10:09:56 374746 31660
10:10:56 10534 6777
10:11:56 10979 6682
10:12:57 32595 12387
10:13:57 654616 22266
10:14:57 49144 14733
10:15:57 208996 17846
10:17:17 -1 -1
10:17:58 18683 10564
10:18:58 12603 10244
10:19:59 17713 10167
10:20:59 17632 10657
10:22:00 6546 30976
10:23:01 14220 12723
10:24:02 35747 12278
10:25:02 13174 7917
10:26:03 10794 7043
10:27:03 1484 9205
10:28:04 10743 7925
10:29:04 39044 11674
10:30:04 21004 10045
10:31:05 23612 24314
10:32:05 23016 9075
10:33:05 20212 12329
10:34:05 393024 17697
10:35:06 37262 19166
10:36:06 25106 18538
10:37:06 42200 8777
10:38:07 14888 9389
10:39:08 15433 7711
10:40:08 39715 12107
10:41:08 14865 10056
10:42:09 14381 9053
10:43:09 28311 7125
10:44:09 448460 25321
10:45:10 102464 11791
10:46:10 23161 17705
10:47:10 76041 15416
10:48:11 12264 9831
10:49:11 16236 11555
10:50:11 14880 10551
10:51:12 20175 14789
10:52:12 45523 11977
10:53:13 52206 40207
10:54:13 29193 14458
10:55:13 21415 9773
10:56:14 21672 10401
10:57:15 139073 27507
10:58:16 57736 16075
10:59:16 26217 13441
11:00:16 47521 18174
11:01:17 54487 9139
11:02:17 35003 9292
11:03:17 142419 18846
11:04:18 41560 10417
11:05:18 40893 10161
11:06:18 13934 9311
11:07:19 78060 28673
11:08:19 47211 9482
11:09:20 41912 10962
11:10:20 86963 21003
11:11:20 53595 12470
11:12:20 41653 7572
11:13:21 40459 7592
11:14:21 292628 16098
11:15:22 205835 18106
11:16:23 46027 10052
11:17:23 36828 11009
11:18:23 34088 14978
11:19:24 25800 12634
11:20:24 12106 9721
11:21:24 29565 14324
11:22:25 19914 14134
11:23:25 373115 23138
11:24:25 40628 29230
11:25:26 24926 14816
11:26:26 25091 11338
11:27:26 60436 7749
11:28:26 36620 13723
11:29:26 72097 8198
11:30:27 12049 7895
11:31:27 11204 6750
11:32:27 20959 7653
11:33:28 9621 6406
11:34:29 29527 24083
11:35:29 31589 7418
11:36:30 8888 7345
11:37:30 9238 6920
11:38:31 44051 16039
11:39:31 12651 13737
11:40:31 12281 9093
11:41:31 15381 10211
11:42:32 21661 9559
11:43:32 17878 7923
11:44:33 16483 6808
11:45:33 24877 22007
11:46:34 2724 12818
11:47:34 18216 6978
11:48:34 8650 6213
11:49:35 10119 6660
11:50:54 -1 -1
11:51:35 37243 7580
11:52:36 48244 12169
11:53:36 625145 15130
11:54:36 10112 5259
11:55:36 14072 7295
11:56:37 12265 7914
11:57:37 9755 7126
11:58:37 21274 6454
11:59:37 45421 9077
12:00:38 16243 13057
12:01:38 12997 8400
12:02:38 10521 5856
12:03:39 11813 6538
12:04:39 19567 13892
12:05:39 52354 6437
12:06:39 33328 10064
12:07:39 12873 7298
12:08:40 13327 8702
12:09:41 13039 8629
12:10:41 9355 5943
12:11:41 19662 9555
12:12:41 10635 6234
12:13:42 13338 8182
12:14:42 12769 8664
12:15:42 53589 12430
12:16:43 98395 10229
12:17:44 25749 6429
12:18:44 8109 4469
12:19:45 14453 8536
12:20:45 8784 5061
12:21:45 40959 8358
12:22:46 17261 10297
12:23:46 11689 8379
12:24:46 17015 6182
12:25:46 17769 7474
12:26:47 17725 14073
12:27:47 9775 5854
12:28:47 7925 6024
12:29:48 94544 10618
12:30:48 10053 5763
12:31:48 15191 7348
12:32:48 36201 9375
12:33:48 10446 6840
12:34:49 23899 11447
12:35:49 10375 6280
12:36:49 14151 11097
12:37:50 17470 11569
12:38:50 22008 9032
12:39:50 10043 5513
12:40:50 11232 6836
12:41:50 11120 7463
12:42:51 9716 5562
12:43:51 11560 6155
12:44:51 11762 7070
12:45:51 14153 11854
12:46:51 11655 8702
12:47:52 11588 6759
12:48:52 8772 6062
12:49:53 24013 15887
12:50:53 13395 8035
12:51:53 39195 20017
12:52:54 1572 8010
12:53:54 21080 6652
12:54:54 9490 6756
12:55:54 19405 15071
12:56:55 14533 5821
12:57:55 20326 8202
12:58:55 10961 6036
12:59:55 77077 11155
13:00:56 15020 8810
13:01:57 30500 9966
13:02:56 14454 8278
13:03:56 12877 7435
13:04:57 8990 5657
13:05:57 58906 17365
13:06:57 66770 27749
13:07:57 10494 7309
13:08:57 104606 18372
13:09:58 66619 9181
13:10:58 21103 5164
13:11:58 9541 6452
13:12:58 22383 6600
13:13:58 501371 13070
13:14:59 40990 26703
13:15:59 18183 5653
13:16:59 56896 11208
13:17:59 36919 6619
13:18:59 21949 5572
13:20:00 19820 4357
13:21:00 59348 11422
13:22:00 15117 47175
13:23:01 58353 20654
13:24:01 72205 7110
13:25:01 13314 62135
13:26:21 -1 -1
13:27:02 16732 9364
13:28:02 37155 38226
13:29:02 15463 46330
13:30:03 13396 38554
13:31:03 29286 8617
13:32:03 69751 10011
13:33:04 110483 7825
13:34:04 32394 8097
13:35:04 38298 11318
13:36:04 10990 7599
13:37:05 46968 56196
13:38:05 28300 39927
13:39:05 47161 6885
13:40:05 13355 7093
13:41:06 7389 5471
13:42:06 17989 5425
13:43:07 299 8644
13:44:07 12414 6649
13:45:07 15518 9939
13:46:08 9752 5220
13:47:09 52132 12854
13:48:10 10504 7076
13:49:10 38855 6640
13:50:10 10811 6022
13:51:10 10458 5452
13:52:10 288 6372
13:53:14 10522 6223
13:54:11 44148 8795
13:55:11 10911 5897
13:56:11 10826 6559
13:57:12 48042 12439
13:58:12 13526 7077
13:59:12 11997 5715
14:00:12 43210 9689
14:01:12 65367 7979
14:02:13 58498 10077
14:03:13 41818 8690
14:04:13 73033 7306
14:05:13 23812 6371
14:06:14 60998 11970
14:07:14 37259 5677
14:08:15 13487 8150
14:09:15 11426 5606
14:10:15 20123 7759
14:11:16 19442 9399
14:12:16 12273 7411
14:13:16 10541 6217
14:14:16 18437 14053
14:15:17 10524 5922
14:16:17 33184 27143
14:17:17 12013 7092
14:18:18 13975 6940
14:19:18 81132 8845
14:20:18 10530 5815
14:21:18 43423 23929
14:22:19 97069 14914
14:23:19 41449 6849
14:24:20 82110 7845
14:25:20 142676 10615
14:26:20 23749 24658
14:27:21 38008 7250
14:28:21 9233 5214
14:29:21 131756 11137
14:30:22 12829 5592
14:31:22 11657 5299
14:32:22 16208 8073
14:33:23 11016 6462
14:34:23 13071 7526
14:35:23 10387 5654
14:36:24 13464 8062
14:37:25 9546 5168
14:38:25 26360 5984
14:39:25 182336 13459
14:40:26 58009 11890
14:41:26 10589 5921
14:42:27 8966 6791
14:43:27 17862 7325
14:44:28 9168 5013
14:45:28 24359 6909
14:46:28 61064 29527
14:47:29 11163 6579
14:48:29 29386 22913
14:49:29 33926 31358
14:50:30 27899 23999
14:51:30 28576 23960
14:52:31 47428 35626
14:53:31 275598 13264
14:54:31 47549 42917
14:55:31 91312 22771
14:56:31 18103 15689
14:57:32 42216 38212
14:58:32 22059 17150
14:59:52 -1 -1
15:00:33 114435 25836
15:01:33 34871 28050
15:02:33 48618 43457
15:03:33 207160 22097
15:04:34 15879 8063
15:05:34 44250 19278
15:06:34 18527 10498
15:07:34 38887 12294
15:08:34 12989 7118
15:09:34 33757 27514
15:10:35 28456 7561
15:11:35 13838 9067
15:12:35 24542 15961
15:13:36 282476 13670
15:14:36 15034 10233
15:15:36 12572 6353
15:16:36 185816 12258
15:17:36 23339 18732
15:18:37 14025 8768
15:19:37 229539 17903
15:20:37 26081 18039
15:21:37 82762 14175
15:22:38 9891 5972
15:23:38 11933 7403
15:24:38 10961 6044
15:25:38 10500 6268
15:26:38 35492 29493
15:27:39 20235 5183
15:28:39 23693 11066
15:29:39 155907 12354
15:30:39 9350 5142
15:31:40 13038 7196
15:32:40 77462 14367
15:33:40 496722 32806
15:34:41 12957 7522
15:35:41 10545 5854
15:36:41 32823 6245
15:37:41 18739 14452
15:38:41 9115 5305
15:39:42 28150 8587
15:40:42 11097 6026
15:41:42 72803 10378
15:42:42 20650 6810
15:43:42 129918 17660
15:44:43 20545 6141
15:45:43 16739 11042
15:46:43 18412 14948
15:47:44 10208 5702
15:48:44 25309 8378
15:49:44 14916 9372
15:50:44 23502 19552
15:51:45 44191 9836
15:52:45 28472 9661
15:53:46 35738 16958
15:54:46 631367 16362
15:55:46 15678 8600
15:56:46 15985 7727
15:57:46 27185 17992
15:58:46 9956 5882
15:59:47 11187 6652
16:00:47 26843 20174
16:01:47 12982 7095
16:02:47 37770 10047
16:03:47 144012 19337
16:04:48 32226 6640
16:05:48 16154 7166
16:06:48 42097 19606
16:07:48 115226 14854
16:08:49 51595 9993
16:09:49 57178 10054
16:10:49 107779 11411
16:11:50 42462 10599
16:12:50 16056 10738
16:13:50 73845 21592
16:14:50 18847 16069
16:15:50 36230 18016
16:16:50 233458 58786
16:17:51 18914 4975
16:18:51 23863 41981
16:19:51 98351 14774
16:20:51 50878 18322
16:21:51 13926 10942
16:22:52 88239 9318
16:23:52 11434 5980
16:24:52 20613 14901
16:25:52 91419 86929
16:26:53 96162 15329
16:27:53 19364 13043
16:28:53 21539 7918
16:29:53 67615 19606
16:30:54 72368 20504
16:31:54 72381 37878
16:32:55 12937 9866
16:33:55 11379 7448
16:34:55 33928 8794
16:35:55 68496 10947
16:36:56 28775 30671
16:37:56 12797 22133
16:38:56 11711 10659
16:39:56 140554 17765
16:40:57 66744 14518
16:41:57 9911 6924
16:42:57 12463 6877
16:43:57 11206 6074
16:44:57 72134 15265
16:45:58 46759 26707
16:46:58 26580 13254
16:47:58 15451 14391
16:48:58 4258 2554
16:49:58 40708 7744
16:50:59 24637 49988
16:51:59 12613 7377
16:53:00 14240 6600
16:54:01 21840 18639
16:55:01 111267 24856
16:56:01 39958 33389
16:57:01 32370 22067
16:58:02 53931 24099
16:59:02 13793 12617
17:00:02 14883 8447
17:01:06 8332 4985
17:02:03 58031 8835
17:03:04 14350 7195
17:04:05 10543 5671
17:05:05 9392 5334
17:06:05 29686 7125
17:07:05 16513 9378
17:08:06 32602 18969
17:09:06 11586 6731
17:10:06 8971 5051
17:11:06 46730 19028
17:12:06 16844 6505
17:13:07 15495 8177
17:14:07 10372 6547
17:15:07 39721 23344
17:16:07 27449 7844
17:17:08 19243 7134
17:18:08 63711 11045
17:19:08 63868 37415
17:20:08 11854 7305
17:21:09 58875 7835
17:22:09 53692 10529
17:23:10 39921 21018
17:24:10 53123 21158
17:25:11 123659 24818
17:26:11 12340 6474
17:27:11 10603 6499
17:28:12 80121 10321
17:29:12 10864 5789
17:30:12 24179 22914
17:31:12 16699 7543
17:32:13 9326 5323
17:33:13 11150 6823
17:34:13 9649 5161
17:35:14 88006 21935
17:36:14 9837 6146
17:37:14 12439 8623
17:38:15 52813 18300
17:39:15 21891 17628
17:40:15 79332 18226
17:41:16 66323 19251
17:42:16 182143 22072
17:43:17 24052 14121
17:44:17 125120 21204
17:45:17 16937 9856
17:46:18 14973 8072
17:47:18 10454 7148
17:48:18 22371 5940
17:49:18 17250 6128
17:50:19 29901 17646
17:51:19 35367 28969
17:52:19 94375 20259
17:53:19 58116 10095
17:54:20 24921 8447
17:55:20 30148 16867
17:56:20 22517 13339
17:57:20 24536 6442
17:58:21 40234 7261
17:59:21 32656 26372
18:00:21 18275 14238
18:01:22 22572 16722
18:02:22 11270 6245
18:03:22 7421 16080
18:04:22 21031 15433
18:05:23 26573 18131
18:06:23 12507 6932
18:07:23 20646 14824
18:08:23 41532 21123
18:09:23 13600 6848
18:10:24 18145 13375
18:11:24 8468 4772
18:12:24 10979 6281
18:13:25 15203 10042
18:14:25 98320 11246
18:15:25 48424 11455
18:16:25 13034 6679
18:17:26 21388 6834
18:18:26 12913 6805
18:19:26 8375 4608
18:20:26 32494 9929
18:21:27 8546 5973
18:22:27 17502 6332
18:23:27 50784 9808
18:24:28 25006 8432
18:25:28 7929 4877
18:26:28 12121 6565
18:27:28 22122 5865
18:28:29 11919 6523
18:29:29 223612 19801
18:30:29 10112 5578
18:31:30 11260 5407
18:32:30 -1 -1
18:33:31 23942 4432
18:34:31 31168 6700
18:35:32 55924 6782
18:36:32 12913 5234
18:37:32 46745 9235
18:38:32 12226 7988
18:39:33 13035 6664
18:40:33 38153 26539
18:41:33 17281 10281
18:42:33 22712 9970
18:43:55 56843 20207
18:44:34 10266 5201
18:45:34 29462 16811
18:46:34 22901 13537
18:47:35 43906 18200
18:48:34 -1 -1
18:49:35 22337 15337
18:50:35 42088 16188
18:51:36 12081 8588
18:52:36 25796 13163
18:53:37 11419 7863
18:54:37 17755 5887
18:55:37 23427 5563
18:56:38 30008 8382
18:57:38 38583 32087
18:58:38 52610 8979
18:59:38 8189 5142
19:00:39 14288 9276
19:01:39 7655 5745
19:02:39 13136 8923
19:03:39 47300 19213
19:04:39 16266 6968
19:05:40 31172 15866
19:06:40 28990 8649
19:07:40 41336 7150
19:08:40 61508 12328
19:09:41 45095 9035
19:10:41 10455 5726
19:11:41 30142 8851
19:12:41 54695 10771
19:13:42 10860 7853
19:14:45 12047 7031
19:15:42 6684 3710
19:16:42 11554 6762
19:17:42 9691 5438
19:18:43 40621 14933
19:19:43 13170 7615
19:20:43 20595 14924
19:21:43 23582 6743
19:22:43 26996 14115
19:23:44 20740 15446
19:24:44 16424 12071
19:25:44 62723 29562
19:26:44 19469 15011
19:27:44 13546 6476
19:28:45 37261 8521
19:29:48 12552 6841
19:30:45 11554 6069
19:31:45 27454 14905
19:32:46 23689 16459
19:33:47 18129 6337
19:34:47 95777 31059
19:35:48 33749 12197
19:36:48 41814 8140
19:37:48 92425 19952
19:38:51 36657 16380
19:39:49 16826 85510
19:40:49 93344 10133
19:41:49 15089 27180
19:42:49 39493 7860
19:43:50 8746 4235
19:44:50 51083 86568
19:45:53 9515 9725
19:46:50 13603 7283
19:47:50 22686 19719
19:48:50 23872 19568
19:49:51 105698 11579
19:50:51 12549 12019
19:51:51 47820 44892
19:52:51 37647 8653
19:53:54 510426 31695
19:54:52 9275 5737
19:55:52 31068 11294
19:56:55 88357 33844
19:57:53 28043 61292
19:58:53 47842 7349
19:59:53 10268 5568
20:00:53 10719 6425
20:01:53 27719 6381
20:02:53 36811 7265
20:03:54 16786 9260
20:04:54 30562 10847
20:05:54 11161 6240
20:06:54 24424 7400
20:07:54 99970 11608
20:08:55 13981 9162
20:09:55 22030 16883
20:10:55 43178 10233
20:11:55 40203 17507
20:12:55 12013 6414
20:13:56 60779 8876
20:14:56 10887 6284
20:15:56 29768 16891
20:16:56 24695 17855
20:17:57 21372 14987
20:18:57 36773 19099
20:19:57 10876 6134
20:20:57 12072 6821
20:21:57 21974 7753
20:22:58 25684 7693
20:23:58 100758 12854
20:24:58 111290 24008
20:26:02 18878 6645
20:26:59 83033 12542
20:27:59 49600 12537
20:28:59 28461 9759
20:29:59 9330 5879
20:31:00 14535 8224
20:32:00 52953 14116
20:33:00 20219 15997
20:34:00 25981 8690
20:35:01 54705 17851
20:36:01 18627 10122
20:37:01 15029 8242
20:38:01 45650 17557
20:39:01 26397 12056
20:40:01 21637 16343
20:41:02 28770 7248
20:42:02 19378 15463
20:43:02 38926 6703
20:44:02 21455 15373
20:45:02 9370 5097
20:46:03 12131 6522
20:47:03 1812 6007
20:48:03 17161 13041
20:49:03 12320 6801
20:50:04 10684 5998
20:51:07 8719 4953
20:52:04 23457 16176
20:53:04 26343 21308
20:54:04 1129015 37079
20:55:05 14423 10125
20:56:05 17530 13155
20:57:05 42307 36636
20:58:05 26063 17933
20:59:05 57990 18444
21:00:06 53056 29873
21:01:06 29904 12152
21:02:06 35666 8688
21:03:06 497775 36291
21:04:07 26094 11223
21:05:07 24812 10105
21:06:07 106290 11892
21:07:07 39726 7712
21:08:07 21896 7349
21:09:08 69856 16484
21:10:08 13717 7664
21:11:08 12419 7448
21:12:08 15343 9040
21:13:08 32407 21441
21:14:09 704498 17344
21:15:09 35445 14588
21:16:12 10262 5723
21:17:09 9439 5472
21:18:09 105892 11133
21:19:10 9570 5359
21:20:10 18300 15110
21:21:10 14002 6442
21:22:11 11920 7652
21:23:11 26735 6145
21:24:11 13273 7757
21:25:11 12018 6810
21:26:11 59368 14878
21:27:12 32226 12446
21:28:12 11390 6487
21:29:12 9769 5343
21:30:12 20071 15377
21:31:13 11282 6174
21:32:13 28378 20015
21:33:13 38039 9599
21:34:13 829068 26364
21:35:13 18321 13809
21:36:14 40500 17084
21:37:14 35445 8672
21:38:14 21625 6413
21:39:14 17306 13517
21:40:14 32871 9652
21:41:15 47437 9108
21:42:15 53227 7788
21:43:15 82077 10337
21:44:15 46064 16673
21:45:16 14223 6370
21:46:16 11333 7794
21:47:16 17116 8132
21:48:17 16943 9766
21:49:17 39900 8706
21:50:17 12259 6403
21:51:17 8411 4876
21:52:17 11218 6415
21:53:18 33285 7908
21:54:18 59552 10078
21:55:18 17258 13251
21:56:18 17282 7770
21:57:19 18364 7961
21:58:19 20986 16468
21:59:19 12094 7636
22:00:19 23011 16143
22:01:20 28401 5919
22:02:20 14152 7499
22:03:20 24961 18898
22:04:20 51769 16690
22:05:21 19156 7673
22:06:21 13902 7738
22:07:21 11745 10456
22:08:21 26158 5935
22:09:22 10862 6437
22:10:22 13338 6225
22:11:22 11579 6505
22:12:22 10072 5520
22:13:23 721956 18037
22:14:23 20552 6049
22:15:23 8866 5271
22:16:23 27320 5916
22:17:24 23166 9011
22:18:24 35675 8148
22:19:24 32099 8534
22:20:24 12396 7712
22:21:25 10616 6205
22:22:25 14741 6217
22:23:25 53923 19893
22:24:25 22917 16827
22:25:26 68683 8086
22:26:26 25628 10127
22:27:26 13305 8968
22:28:26 41669 8345
22:29:27 53002 10964
22:30:27 18634 7776
22:31:27 11134 7030
22:32:27 92338 14931
22:33:28 64963 39116
22:34:28 106515 24855
22:35:28 56603 45270
22:36:28 44165 139919
22:37:28 63013 8214
22:38:29 25911 7696
22:39:29 53739 8982
22:40:29 32006 8293
22:41:30 10841 6959
22:42:30 13700 8954
22:43:30 8582 5159
22:44:31 10070 5862
22:45:31 26065 9706
22:46:31 59343 15495
22:47:31 41834 8357
22:48:31 226208 26018
22:49:32 172428 26781
22:50:32 118681 45609
22:51:32 12304 6947
22:52:32 43263 8712
22:53:33 41707 16879
22:54:33 600884 16065
22:55:33 13161 7468
22:56:33 55322 9364
22:57:34 10054 6488
22:58:34 9373 5306
22:59:34 11969 7024
23:00:35 12798 7192
23:01:35 14032 8211
23:02:35 43707 9487
23:03:35 46592 10609
23:04:36 13390 7395
23:05:36 23555 13269
23:06:36 15347 12677
23:07:37 18609 17026
23:08:37 23276 18754
23:09:37 24846 22430
23:10:37 16423 11643
23:11:37 14297 9741
23:12:38 11375 6741
23:13:38 11787 6596
23:14:38 13215 7698
23:15:38 11695 6349
23:16:39 8180 5047
23:17:39 18708 9128
23:18:39 12686 7294
23:19:39 13867 8405
23:20:40 16756 9842
23:21:40 15564 9129
23:22:40 10618 6198
23:23:41 18463 7227
23:24:41 20957 15219
23:25:41 11330 6982
23:26:41 103523 15416
23:27:42 33960 8965
23:28:42 22306 16066
23:29:42 10826 7020
23:30:42 12344 7379
23:31:43 13677 8342
23:32:43 79310 11434
23:33:43 40392 15682
23:34:43 57719 17232
23:35:44 15777 12573
23:36:44 38643 6279
23:37:44 70181 11154
23:38:44 63490 60153
23:39:45 93738 13569
23:40:45 74518 12264
23:41:45 62087 9872
23:42:46 25373 17763
23:43:46 11018 6680
23:44:47 51511 7882
23:45:47 127388 13020
23:46:47 73860 10264
23:47:48 51865 11618
23:48:49 40538 6940
23:49:49 33856 8379
23:50:50 42109 8368
23:51:50 43520 11884
23:52:51 21481 8648
23:53:51 12072 6684
23:54:53 12292 7175
23:55:52 11259 6867
23:56:52 9811 5709
23:57:53 32383 28971
23:58:54 33570 10010
23:59:54 11749 7402
