00:00:29 4 0 161
00:00:39 4 0 161
00:01:35 4 0 161
00:02:12 4 0 161
00:02:38 4 0 161
00:02:57 4 0 163
00:03:24 4 0 163
00:03:45 4 0 161
00:04:18 4 0 161
00:04:48 4 0 161
00:05:19 4 0 161
00:05:57 4 0 161
00:06:22 4 0 161
00:06:53 4 0 161
00:07:28 4 0 161
00:07:55 4 0 161
00:08:24 4 0 180
02:00:06 4 0 164
02:00:37 4 0 161
02:01:07 4 0 163
02:01:38 4 0 164
02:02:08 4 0 165
02:02:38 4 0 163
02:03:09 3 1 162
02:03:38 4 0 163
02:04:09 4 0 160
02:04:39 4 0 163
02:05:09 4 0 163
02:05:39 4 0 165
02:06:10 4 0 164
02:06:40 4 0 163
02:07:10 4 0 166
02:07:40 4 0 162
02:08:10 4 0 164
02:08:41 4 0 163
02:09:11 4 0 163
02:09:41 4 0 164
02:10:11 4 0 163
02:10:41 4 0 163
02:11:12 3 1 163
02:11:42 4 0 164
02:12:12 4 0 163
02:12:42 4 0 166
02:13:12 4 0 163
02:13:43 4 0 163
02:14:13 4 0 163
02:14:44 4 0 495
02:15:16 3 1 582
02:15:43 4 0 160
02:16:14 4 0 164
02:16:44 4 0 162
02:17:14 4 0 163
02:17:44 4 0 163
02:18:15 4 0 164
02:18:45 4 0 160
02:19:15 4 0 163
02:19:45 4 0 163
02:20:16 4 0 163
02:20:46 4 0 162
02:21:16 4 0 161
02:21:46 4 0 166
02:22:16 4 0 163
02:22:47 4 0 165
02:23:17 4 0 163
02:23:47 4 0 166
02:24:17 4 0 163
02:24:48 3 1 163
02:25:18 4 0 160
02:25:48 4 0 164
02:26:18 4 0 163
02:26:48 4 0 163
02:27:19 4 0 161
02:27:49 4 0 163
02:28:19 4 0 161
02:28:49 4 0 163
02:29:19 4 0 164
02:29:50 4 0 162
02:30:20 4 0 160
02:30:50 4 0 163
02:31:20 4 0 162
02:31:50 4 0 172
02:32:21 4 0 163
02:32:51 4 0 162
02:33:21 4 0 163
02:33:51 4 0 162
02:34:21 4 0 163
02:34:52 4 0 163
02:35:22 4 0 162
02:35:52 4 0 160
02:36:22 4 0 162
02:36:52 4 0 166
02:37:23 4 0 162
02:37:53 4 0 160
02:38:23 4 0 164
02:38:53 4 0 160
02:39:23 4 0 162
02:39:54 4 0 164
02:40:24 4 0 163
02:40:54 4 0 161
02:41:24 4 0 162
02:41:54 4 0 163
02:42:25 3 1 163
02:42:55 4 0 160
02:43:26 3 1 164
02:43:55 4 0 160
02:44:25 4 0 161
02:44:55 4 0 162
02:45:26 3 1 161
02:45:56 4 0 161
02:46:26 4 0 164
02:46:56 4 0 162
02:47:27 4 0 160
02:47:57 3 1 163
02:48:27 4 0 164
02:48:57 4 0 163
02:49:27 4 0 166
02:49:58 4 0 163
02:50:28 4 0 163
02:50:58 4 0 160
02:51:28 4 0 163
02:52:00 4 0 593
02:52:32 0 4 -1
02:52:59 4 0 161
02:53:29 4 0 160
02:53:59 4 0 160
02:54:29 4 0 163
02:55:00 4 0 193
02:55:30 4 0 160
02:56:00 4 0 163
02:56:30 4 0 163
02:57:00 4 0 163
02:57:31 3 1 163
02:58:01 4 0 162
02:58:31 4 0 162
02:59:01 4 0 161
02:59:31 4 0 164
03:00:01 4 0 160
03:00:32 4 0 162
03:01:02 4 0 162
03:01:32 4 0 160
03:02:02 4 0 163
03:02:33 4 0 163
03:03:03 4 0 160
03:03:33 4 0 160
03:04:03 4 0 160
03:04:33 4 0 160
03:05:03 4 0 161
03:05:34 4 0 160
03:06:04 4 0 160
03:06:35 4 0 161
03:07:05 4 0 160
03:07:36 4 0 160
03:08:07 4 0 160
03:08:37 4 0 160
03:09:07 4 0 160
03:09:38 4 0 160
03:10:08 4 0 160
03:10:38 4 0 160
03:11:08 4 0 160
03:11:38 4 0 163
03:12:08 4 0 160
03:12:39 4 0 160
03:13:09 4 0 160
03:13:39 4 0 160
03:14:09 4 0 160
03:14:39 4 0 160
03:15:09 4 0 163
03:15:40 4 0 160
03:16:10 4 0 161
03:16:40 4 0 161
03:17:10 4 0 163
03:17:40 4 0 161
03:18:11 4 0 163
03:18:41 4 0 162
03:19:11 4 0 160
03:19:41 4 0 160
03:20:11 4 0 160
03:20:42 4 0 160
03:21:12 4 0 160
03:21:42 4 0 160
03:22:12 4 0 160
03:22:42 4 0 160
03:23:12 4 0 160
03:23:43 4 0 160
03:24:13 4 0 160
03:24:43 4 0 160
03:25:13 4 0 166
03:25:43 4 0 160
03:26:13 4 0 160
03:26:44 4 0 160
03:27:14 4 0 160
03:27:44 4 0 160
03:28:14 4 0 160
03:28:44 4 0 160
03:29:14 4 0 162
03:29:44 4 0 160
03:30:15 4 0 160
03:30:45 4 0 160
03:31:15 4 0 160
03:31:45 4 0 160
03:32:15 4 0 160
03:32:45 4 0 161
03:33:15 4 0 162
03:33:46 4 0 160
03:34:16 4 0 160
03:34:46 4 0 160
03:35:16 4 0 160
03:35:46 4 0 160
03:36:16 4 0 160
03:36:47 4 0 160
03:37:17 4 0 160
03:37:47 4 0 160
03:38:17 4 0 160
03:38:48 4 0 160
03:39:18 4 0 160
03:39:48 4 0 160
03:40:18 4 0 160
03:40:48 4 0 163
03:41:18 4 0 160
03:41:49 4 0 160
03:42:19 4 0 160
03:42:49 4 0 160
03:43:19 4 0 160
03:43:49 4 0 160
03:44:19 4 0 160
03:44:50 4 0 160
03:45:20 4 0 160
03:45:50 4 0 161
03:46:20 4 0 160
03:46:50 4 0 160
03:47:20 4 0 160
03:47:51 4 0 162
03:48:21 4 0 160
03:48:51 4 0 160
03:49:21 4 0 160
03:49:51 4 0 160
03:50:21 4 0 160
03:50:52 4 0 160
03:51:22 4 0 160
03:51:52 4 0 160
03:52:22 4 0 160
03:52:52 4 0 162
03:53:22 4 0 160
03:53:53 4 0 164
03:54:23 4 0 160
03:54:53 4 0 160
03:55:23 4 0 162
03:55:53 4 0 160
03:56:23 4 0 160
03:56:54 4 0 160
03:57:24 4 0 163
03:57:54 4 0 160
03:58:24 4 0 161
03:58:54 4 0 160
03:59:24 4 0 160
03:59:55 4 0 160
04:00:25 4 0 163
04:00:55 4 0 160
04:01:25 4 0 162
04:01:55 4 0 160
04:02:25 4 0 160
04:02:56 4 0 163
04:03:26 4 0 160
04:03:56 4 0 161
04:04:26 4 0 160
04:04:56 4 0 160
04:05:27 4 0 160
04:05:57 4 0 160
04:06:27 4 0 162
04:06:57 4 0 161
04:07:27 4 0 160
04:07:57 4 0 160
04:08:28 4 0 160
04:08:58 4 0 160
04:09:28 4 0 160
04:09:58 4 0 160
04:10:28 4 0 160
04:10:59 4 0 160
04:11:29 4 0 160
04:11:59 4 0 160
04:12:29 4 0 160
04:12:59 4 0 160
04:13:29 4 0 160
04:14:00 4 0 160
04:14:30 4 0 162
04:15:00 4 0 160
04:15:30 4 0 160
04:16:00 4 0 160
04:16:30 4 0 160
04:17:01 4 0 160
04:17:31 4 0 160
04:18:01 4 0 160
04:18:31 4 0 160
04:19:01 4 0 160
04:19:31 4 0 162
04:20:02 4 0 160
04:20:32 4 0 161
04:21:02 4 0 160
04:21:32 4 0 161
04:22:02 4 0 160
04:22:32 4 0 161
04:23:02 4 0 161
04:23:33 4 0 160
04:24:03 4 0 161
04:24:33 4 0 161
04:25:03 4 0 160
04:25:33 4 0 161
04:26:04 4 0 162
04:26:34 4 0 161
04:27:04 4 0 162
04:27:34 4 0 161
04:28:04 4 0 161
04:28:34 4 0 161
04:29:05 4 0 164
04:29:35 4 0 168
04:30:05 4 0 161
04:30:35 4 0 162
04:31:05 4 0 163
04:31:35 4 0 161
04:32:06 4 0 161
04:32:36 4 0 161
04:33:06 4 0 161
04:33:36 4 0 161
04:34:06 4 0 161
04:34:36 4 0 163
04:35:07 4 0 161
04:35:37 4 0 161
04:36:07 4 0 161
04:36:37 4 0 161
04:37:07 4 0 161
04:37:37 4 0 161
04:38:08 4 0 161
04:38:38 4 0 161
04:39:08 4 0 161
04:39:38 4 0 161
04:40:09 4 0 161
04:40:39 4 0 161
04:41:09 4 0 161
04:41:39 4 0 161
04:42:09 4 0 161
04:42:39 4 0 161
04:43:10 4 0 161
04:43:40 4 0 161
04:44:10 4 0 161
04:44:40 4 0 161
04:45:10 4 0 161
04:45:40 4 0 161
04:46:11 4 0 161
04:46:41 4 0 161
04:47:11 4 0 161
04:47:41 4 0 161
04:48:11 4 0 161
04:48:41 4 0 161
04:49:12 4 0 161
04:49:42 4 0 161
04:50:12 4 0 161
04:50:42 4 0 161
04:51:12 4 0 161
04:51:42 4 0 171
04:52:13 4 0 161
04:52:43 4 0 161
04:53:13 4 0 161
04:53:43 4 0 161
04:54:13 4 0 161
04:54:43 4 0 161
04:55:14 4 0 161
04:55:44 4 0 161
04:56:14 4 0 161
04:56:44 4 0 161
04:57:14 4 0 163
04:57:44 4 0 162
04:58:15 4 0 161
04:58:45 4 0 161
04:59:15 4 0 161
04:59:45 4 0 161
05:00:15 4 0 161
05:00:45 4 0 161
05:01:16 4 0 161
05:01:46 4 0 161
05:02:16 4 0 161
05:02:46 4 0 161
05:03:16 4 0 161
05:03:46 4 0 161
05:04:17 4 0 161
05:04:47 4 0 161
05:05:17 4 0 162
05:05:47 4 0 161
05:06:18 4 0 161
05:06:48 4 0 161
05:07:18 4 0 161
05:07:48 4 0 161
05:08:18 4 0 172
05:08:48 4 0 161
05:09:19 4 0 161
05:09:49 4 0 161
05:10:19 4 0 162
05:10:49 4 0 161
05:11:19 4 0 161
05:11:49 4 0 161
05:12:20 4 0 161
05:12:50 4 0 161
05:13:20 4 0 161
05:13:50 4 0 161
05:14:20 4 0 161
05:14:50 4 0 161
05:15:21 4 0 161
05:15:51 4 0 161
05:16:21 4 0 161
05:16:51 4 0 161
05:17:21 4 0 161
05:17:51 4 0 161
05:18:22 4 0 161
05:18:52 4 0 161
05:19:22 4 0 161
05:19:52 4 0 161
05:20:23 4 0 168
05:20:53 4 0 161
05:21:23 4 0 161
05:21:53 4 0 161
05:22:23 4 0 161
05:22:53 4 0 161
05:23:24 4 0 161
05:23:54 4 0 175
05:24:24 4 0 161
05:24:54 4 0 162
05:25:24 4 0 161
05:25:54 4 0 161
05:26:25 4 0 161
05:26:55 4 0 161
05:27:25 4 0 161
05:27:55 4 0 161
05:28:25 4 0 163
05:28:55 4 0 161
05:29:26 4 0 162
05:29:56 4 0 161
05:30:26 4 0 161
05:30:56 4 0 161
05:31:26 4 0 161
05:31:56 4 0 161
05:32:27 4 0 161
05:32:57 4 0 161
05:33:27 4 0 163
05:33:57 4 0 161
05:34:27 4 0 161
05:34:57 4 0 161
05:35:28 4 0 161
05:35:58 4 0 161
05:36:28 4 0 161
05:36:58 4 0 161
05:37:28 4 0 161
05:37:58 4 0 161
05:38:29 4 0 161
05:38:59 4 0 161
05:39:29 4 0 161
05:39:59 4 0 161
05:40:29 4 0 161
05:40:59 4 0 161
05:41:30 4 0 161
05:42:00 4 0 161
05:42:30 4 0 161
05:43:00 4 0 161
05:43:30 4 0 161
05:44:00 4 0 162
05:44:31 4 0 161
05:45:01 4 0 161
05:45:31 4 0 161
05:46:01 4 0 161
05:46:31 4 0 162
05:47:01 4 0 161
05:47:32 4 0 161
05:48:02 4 0 161
05:48:32 4 0 164
05:49:02 4 0 183
05:49:32 4 0 166
05:50:02 4 0 172
05:50:33 4 0 161
05:51:03 4 0 161
05:51:33 4 0 161
05:52:03 4 0 161
05:52:33 4 0 161
05:53:03 4 0 161
05:53:34 4 0 161
05:54:04 4 0 161
05:54:34 4 0 161
05:55:04 4 0 161
05:55:35 4 0 161
05:56:05 4 0 161
05:56:35 4 0 161
05:57:05 4 0 161
05:57:35 4 0 161
05:58:05 4 0 161
05:58:36 4 0 162
05:59:06 4 0 161
05:59:36 4 0 161
06:00:06 4 0 161
06:00:36 4 0 161
06:01:06 4 0 161
06:01:37 4 0 162
06:02:07 4 0 161
06:02:37 4 0 161
06:03:07 4 0 161
06:03:38 4 0 162
06:04:08 4 0 161
06:04:38 4 0 161
06:05:08 4 0 162
06:05:38 4 0 161
06:06:09 4 0 161
06:06:39 4 0 161
06:07:09 4 0 161
06:07:39 4 0 161
06:08:09 4 0 161
06:08:40 4 0 161
06:09:10 4 0 161
06:09:40 4 0 161
06:10:10 4 0 163
06:10:40 4 0 161
06:11:10 4 0 161
06:11:41 4 0 162
06:12:11 4 0 161
06:12:41 4 0 161
06:13:11 4 0 161
06:13:41 4 0 161
06:14:11 4 0 161
06:14:42 4 0 161
06:15:12 4 0 166
06:15:42 4 0 161
06:16:12 4 0 162
06:16:42 4 0 161
06:17:13 4 0 161
06:17:43 4 0 161
06:18:13 4 0 165
06:18:43 4 0 169
06:19:13 4 0 161
06:19:43 4 0 161
06:20:14 4 0 161
06:20:44 4 0 161
06:21:14 4 0 161
06:21:44 4 0 161
06:22:14 4 0 161
06:22:45 4 0 161
06:23:15 4 0 161
06:23:45 4 0 161
06:24:15 4 0 161
06:24:45 4 0 161
06:25:15 4 0 164
06:25:46 4 0 161
06:26:16 4 0 161
06:26:46 4 0 161
06:27:16 4 0 190
06:27:46 4 0 161
06:28:16 4 0 161
06:28:47 4 0 171
06:29:17 4 0 161
06:29:47 4 0 161
06:30:17 4 0 161
06:30:47 4 0 161
06:31:17 4 0 161
06:31:48 4 0 162
06:32:18 4 0 161
06:32:48 4 0 162
06:33:18 4 0 162
06:33:48 4 0 161
06:34:18 4 0 161
06:34:49 4 0 162
06:35:19 4 0 163
06:35:49 4 0 161
06:36:19 4 0 161
06:36:49 4 0 162
06:37:19 4 0 162
06:37:50 4 0 161
06:38:20 4 0 166
06:38:50 4 0 161
06:39:20 4 0 161
06:39:50 4 0 161
06:40:20 4 0 161
06:40:51 4 0 161
06:41:21 4 0 161
06:41:51 4 0 161
06:42:21 4 0 161
06:42:51 4 0 161
06:43:21 4 0 161
06:43:52 4 0 163
06:44:22 4 0 161
06:44:52 4 0 161
06:45:22 4 0 164
06:45:52 4 0 161
06:46:22 4 0 161
06:46:53 4 0 161
06:47:23 4 0 161
06:47:53 4 0 162
06:48:23 4 0 161
06:48:53 4 0 162
06:49:23 4 0 161
06:49:54 4 0 163
06:50:24 4 0 161
06:50:54 4 0 161
06:51:24 4 0 162
06:51:54 4 0 161
06:52:26 3 1 161
06:52:55 4 0 161
06:53:25 4 0 161
06:53:55 4 0 161
06:54:25 4 0 161
06:54:55 4 0 161
06:55:25 4 0 163
06:55:56 4 0 161
06:56:26 4 0 161
06:56:56 4 0 161
06:57:26 4 0 161
06:57:56 4 0 161
06:58:26 4 0 161
06:58:57 4 0 161
06:59:27 4 0 161
06:59:57 4 0 162
07:00:27 4 0 161
07:00:57 4 0 161
07:01:27 4 0 161
07:01:58 4 0 161
07:02:28 4 0 161
07:02:58 4 0 162
07:03:28 4 0 161
07:03:58 4 0 161
07:04:28 4 0 161
07:04:59 4 0 161
07:05:29 4 0 161
07:05:59 4 0 161
07:06:29 4 0 163
07:06:59 4 0 162
07:07:29 4 0 162
07:08:00 4 0 161
07:08:30 4 0 161
07:09:00 4 0 161
07:09:30 4 0 161
07:10:00 4 0 161
07:10:30 4 0 161
07:11:01 4 0 161
07:11:31 4 0 161
07:12:01 4 0 161
07:12:31 4 0 161
07:13:01 4 0 161
07:13:31 4 0 161
07:14:02 4 0 161
07:14:32 4 0 161
07:15:02 4 0 161
07:15:32 4 0 161
07:16:03 4 0 161
07:16:33 4 0 161
07:17:03 4 0 161
07:17:33 4 0 161
07:18:03 4 0 161
07:18:33 4 0 161
07:19:03 4 0 161
07:19:34 4 0 161
07:20:04 4 0 161
07:20:34 4 0 161
07:21:04 4 0 161
07:21:34 4 0 161
07:22:04 4 0 162
07:22:35 4 0 161
07:23:05 4 0 161
07:23:35 4 0 161
07:24:05 4 0 161
07:24:35 4 0 161
07:25:06 4 0 161
07:25:36 4 0 161
07:26:06 4 0 161
07:26:37 4 0 161
07:27:07 4 0 161
07:27:37 4 0 161
07:28:08 4 0 161
07:28:38 4 0 161
07:29:08 4 0 161
07:29:38 4 0 161
07:30:08 4 0 161
07:30:38 4 0 161
07:31:09 4 0 161
07:31:39 4 0 161
07:32:09 4 0 161
07:32:39 4 0 161
07:33:09 4 0 161
07:33:39 4 0 161
07:34:10 4 0 161
07:34:40 4 0 175
07:35:11 4 0 161
07:35:41 4 0 161
07:36:11 4 0 161
07:36:41 4 0 164
07:37:12 4 0 161
07:37:42 4 0 161
07:38:12 4 0 171
07:38:42 4 0 161
07:39:12 4 0 161
07:39:42 4 0 161
07:40:13 4 0 161
07:40:43 4 0 161
07:41:13 4 0 161
07:41:43 4 0 161
07:42:13 4 0 161
07:42:43 4 0 163
07:43:14 4 0 161
07:43:44 4 0 161
07:44:14 4 0 162
07:44:44 4 0 161
07:45:14 4 0 173
07:45:44 4 0 161
07:46:15 4 0 161
07:46:45 4 0 162
07:47:15 4 0 161
07:47:45 4 0 161
07:48:15 4 0 161
07:48:45 4 0 161
07:49:16 4 0 161
07:49:46 4 0 161
07:50:16 4 0 161
07:50:46 4 0 161
07:51:16 4 0 161
07:51:46 4 0 161
07:52:16 4 0 161
07:52:46 4 0 161
07:53:17 4 0 161
07:53:47 4 0 161
07:54:17 4 0 161
07:54:47 4 0 161
07:55:17 4 0 161
07:55:47 4 0 161
07:56:18 4 0 161
07:56:48 4 0 161
07:57:18 4 0 161
07:57:48 4 0 162
07:58:18 4 0 161
07:58:48 4 0 161
07:59:19 4 0 161
07:59:49 4 0 161
08:00:19 4 0 161
08:00:49 4 0 161
08:01:19 4 0 161
08:01:49 4 0 161
08:02:20 4 0 161
08:02:50 4 0 161
08:03:20 4 0 161
08:03:50 4 0 161
08:04:20 4 0 161
08:04:50 4 0 161
08:05:21 4 0 170
08:05:51 4 0 161
08:06:21 4 0 161
08:06:51 4 0 185
08:07:21 4 0 162
08:07:51 4 0 164
08:08:21 4 0 162
08:08:51 4 0 161
08:09:22 4 0 161
08:09:52 4 0 161
08:10:22 4 0 161
08:10:52 4 0 161
08:11:22 4 0 161
08:11:52 4 0 161
08:12:23 4 0 161
08:12:53 4 0 161
08:13:23 4 0 161
08:13:53 4 0 161
08:14:23 4 0 161
08:14:53 4 0 161
08:15:24 4 0 161
08:15:54 4 0 161
08:16:24 4 0 161
08:16:54 4 0 161
08:17:24 4 0 161
08:17:54 4 0 161
08:18:25 4 0 161
08:18:55 4 0 161
08:19:25 4 0 161
08:19:55 4 0 161
08:20:25 4 0 161
08:20:55 4 0 162
08:21:26 4 0 161
08:21:56 4 0 161
08:22:26 4 0 161
08:22:56 4 0 161
08:23:27 4 0 161
08:23:57 4 0 161
08:24:27 4 0 161
08:24:57 4 0 161
08:25:28 4 0 161
08:25:58 4 0 162
08:26:28 4 0 163
08:26:58 4 0 161
08:27:28 4 0 161
08:27:58 4 0 161
08:28:29 4 0 161
08:28:59 4 0 162
08:29:29 4 0 161
08:29:59 4 0 161
08:30:29 4 0 161
08:30:59 4 0 161
08:31:29 4 0 161
08:31:59 4 0 161
08:32:30 4 0 161
08:33:00 4 0 161
08:33:30 4 0 161
08:34:00 4 0 161
08:34:30 4 0 161
08:35:00 4 0 161
08:35:31 4 0 161
08:36:01 4 0 161
08:36:31 4 0 161
08:37:01 4 0 161
08:37:31 4 0 164
08:38:01 4 0 163
08:38:32 4 0 161
08:39:02 4 0 161
08:39:32 4 0 161
08:40:02 4 0 161
08:40:32 4 0 161
08:41:02 4 0 161
08:41:33 4 0 163
08:42:03 4 0 161
08:42:34 4 0 161
08:43:04 4 0 161
08:43:34 4 0 161
08:44:05 4 0 161
08:44:35 4 0 161
08:45:05 4 0 161
08:45:35 4 0 161
08:46:05 4 0 162
08:46:36 4 0 161
08:47:06 4 0 161
08:47:36 4 0 161
08:48:06 4 0 161
08:48:36 4 0 161
08:49:06 4 0 161
08:49:37 4 0 161
08:50:07 4 0 161
08:50:37 4 0 163
08:51:07 4 0 161
08:51:37 4 0 164
08:52:07 4 0 161
08:52:38 4 0 161
08:53:08 4 0 161
08:53:38 4 0 161
08:54:08 4 0 162
08:54:38 4 0 161
08:55:09 4 0 164
08:55:39 4 0 161
08:56:09 4 0 161
08:56:40 4 0 161
08:57:10 4 0 161
08:57:40 4 0 161
08:58:11 4 0 161
08:58:41 4 0 161
08:59:11 4 0 161
08:59:42 4 0 162
09:00:12 4 0 161
09:00:42 4 0 162
09:01:12 4 0 161
09:01:42 4 0 161
09:02:12 4 0 161
09:02:43 4 0 161
09:03:13 4 0 198
09:03:43 4 0 161
09:04:13 4 0 161
09:04:43 4 0 164
09:05:14 3 1 161
09:05:43 4 0 161
09:06:13 4 0 161
09:06:44 4 0 161
09:07:14 4 0 161
09:07:44 4 0 161
09:08:14 4 0 178
09:08:44 4 0 161
09:09:14 4 0 161
09:09:44 4 0 162
09:10:14 4 0 161
09:10:45 4 0 161
09:11:15 4 0 161
09:11:45 4 0 161
09:12:15 4 0 161
09:12:45 4 0 161
09:13:15 4 0 161
09:13:45 4 0 166
09:14:15 4 0 161
09:14:46 4 0 161
09:15:16 4 0 161
09:15:46 4 0 161
09:16:16 4 0 190
09:16:46 4 0 161
09:17:16 4 0 161
09:17:47 4 0 161
09:18:17 4 0 166
09:18:48 4 0 161
09:19:18 4 0 161
09:19:48 4 0 161
09:20:18 4 0 161
09:20:49 4 0 161
09:21:19 4 0 161
09:21:50 3 1 161
09:22:19 4 0 161
09:22:49 4 0 161
09:23:19 4 0 161
09:23:50 4 0 161
09:24:20 4 0 161
09:24:50 4 0 164
09:25:21 2 2 161
09:25:50 4 0 161
09:26:20 4 0 161
09:26:50 4 0 162
09:27:20 4 0 161
09:27:51 4 0 161
09:28:21 4 0 161
09:28:51 4 0 161
09:29:21 4 0 161
09:29:51 4 0 161
09:30:21 4 0 161
09:30:51 4 0 161
09:31:22 4 0 163
09:31:52 4 0 165
09:32:22 4 0 163
09:32:52 4 0 161
09:33:22 4 0 161
09:33:52 4 0 171
09:34:22 4 0 161
09:34:53 4 0 161
09:35:23 4 0 161
09:35:53 4 0 161
09:36:23 4 0 161
09:36:53 4 0 161
09:37:23 4 0 161
09:37:54 4 0 161
09:38:24 4 0 165
09:38:54 4 0 161
09:39:25 3 1 161
09:39:55 4 0 161
09:40:25 4 0 161
09:40:55 4 0 161
09:41:25 4 0 161
09:41:55 4 0 161
09:42:25 4 0 161
09:42:56 4 0 161
09:43:26 4 0 162
09:43:56 4 0 161
09:44:26 4 0 161
09:44:56 4 0 162
09:45:26 4 0 161
09:45:57 3 1 161
09:46:26 4 0 161
09:46:57 4 0 161
09:47:27 4 0 161
09:47:57 4 0 161
09:48:27 4 0 161
09:48:57 4 0 161
09:49:27 4 0 161
09:49:57 4 0 161
09:50:27 4 0 161
09:50:57 4 0 165
09:51:28 4 0 161
09:51:59 4 0 161
09:52:29 4 0 161
09:52:59 4 0 161
09:53:29 4 0 161
09:53:59 4 0 161
09:54:29 4 0 161
09:54:59 4 0 161
09:55:29 4 0 163
09:56:00 4 0 161
09:56:30 4 0 161
09:57:00 4 0 161
09:57:30 4 0 162
09:58:00 4 0 162
09:58:31 3 1 161
09:59:00 4 0 174
09:59:31 3 1 161
10:00:01 4 0 161
10:00:31 4 0 161
10:01:01 4 0 162
10:01:31 4 0 161
10:02:01 4 0 161
10:02:31 4 0 161
10:03:01 4 0 161
10:03:31 4 0 162
10:04:01 4 0 161
10:04:32 4 0 161
10:05:02 4 0 162
10:05:32 4 0 161
10:06:02 4 0 161
10:06:32 4 0 161
10:07:02 4 0 163
10:07:32 4 0 163
10:08:03 4 0 163
10:08:33 4 0 163
10:09:03 4 0 189
10:09:33 4 0 161
10:10:03 4 0 161
10:10:34 3 1 161
10:11:03 4 0 161
10:11:34 3 1 201
10:12:04 4 0 207
10:12:34 3 1 210
10:13:04 4 0 199
10:13:35 3 1 204
10:14:04 4 0 205
10:14:34 4 0 187
10:15:04 4 0 161
10:15:34 4 0 197
10:16:05 4 0 192
10:16:36 3 1 202
10:17:05 4 0 198
10:17:35 4 0 204
10:18:05 4 0 205
10:18:36 3 1 211
10:19:06 4 0 202
10:19:36 4 0 187
10:20:06 3 1 190
10:20:36 4 0 198
10:21:06 4 0 197
10:21:38 3 1 200
10:22:08 3 1 205
10:22:37 4 0 193
10:23:08 4 0 192
10:23:39 3 1 205
10:24:10 3 1 199
10:24:39 4 0 185
10:25:09 4 0 161
10:25:39 4 0 161
10:26:11 4 0 202
10:26:41 4 0 161
10:27:12 4 0 163
10:27:42 4 0 161
10:28:12 4 0 161
10:28:42 4 0 161
10:29:12 4 0 161
10:29:42 4 0 161
10:30:12 4 0 168
10:30:42 4 0 161
10:31:14 3 1 161
10:31:43 4 0 161
10:32:13 4 0 164
10:32:43 4 0 164
10:33:13 4 0 161
10:33:43 4 0 161
10:34:13 4 0 163
10:34:43 4 0 161
10:35:14 4 0 161
10:35:44 4 0 162
10:36:14 4 0 161
10:36:44 4 0 161
10:37:14 4 0 161
10:37:44 4 0 161
10:38:15 4 0 163
10:38:45 4 0 161
10:39:16 4 0 162
10:39:46 4 0 161
10:40:16 4 0 177
10:40:46 4 0 161
10:41:17 4 0 161
10:41:47 4 0 161
10:42:17 4 0 161
10:42:47 4 0 161
10:43:17 4 0 161
10:43:47 4 0 161
10:44:18 4 0 161
10:44:48 4 0 161
10:45:18 4 0 161
10:45:48 4 0 161
10:46:18 4 0 161
10:46:48 4 0 161
10:47:19 4 0 161
10:47:49 4 0 161
10:48:19 4 0 161
10:48:49 4 0 161
10:49:19 4 0 162
10:49:49 4 0 161
10:50:20 4 0 161
10:50:50 4 0 161
10:51:20 4 0 161
10:51:50 4 0 161
10:52:21 4 0 161
10:52:51 4 0 161
10:53:21 4 0 162
10:53:51 4 0 161
10:54:21 4 0 161
10:54:51 4 0 161
10:55:22 4 0 162
10:55:52 4 0 161
10:56:23 4 0 161
10:56:53 4 0 211
10:57:23 4 0 161
10:57:53 4 0 164
10:58:23 4 0 161
10:58:54 4 0 161
10:59:24 4 0 161
10:59:54 4 0 162
11:00:25 4 0 161
11:00:55 4 0 162
11:01:25 4 0 161
11:01:55 4 0 163
11:02:25 4 0 161
11:02:55 4 0 161
11:03:26 4 0 164
11:03:56 4 0 161
11:04:26 4 0 161
11:04:56 4 0 161
11:05:26 4 0 162
11:05:56 4 0 162
11:06:27 4 0 163
11:06:57 4 0 161
11:07:27 4 0 162
11:07:57 4 0 161
11:08:27 4 0 161
11:08:57 4 0 161
11:09:28 4 0 163
11:09:58 4 0 161
11:10:28 4 0 161
11:10:58 4 0 161
11:11:28 4 0 161
11:11:58 4 0 162
11:12:29 4 0 161
11:12:59 4 0 161
11:13:29 4 0 161
11:13:59 4 0 161
11:14:30 4 0 170
11:15:00 4 0 161
11:15:30 4 0 193
11:16:00 4 0 161
11:16:31 4 0 161
11:17:01 4 0 161
11:17:31 4 0 161
11:18:01 4 0 161
11:18:32 4 0 161
11:19:02 4 0 161
11:19:32 4 0 161
11:20:02 4 0 161
11:20:32 4 0 169
11:21:02 4 0 161
11:21:33 4 0 161
11:22:03 4 0 161
11:22:33 4 0 161
11:23:03 4 0 161
11:23:33 4 0 161
11:24:03 4 0 162
11:24:33 4 0 161
11:25:03 4 0 161
11:25:34 4 0 161
11:26:04 4 0 161
11:26:34 4 0 161
11:27:04 4 0 161
11:27:34 4 0 161
11:28:04 4 0 161
11:28:34 4 0 161
11:29:04 4 0 161
11:29:35 4 0 161
11:30:05 4 0 161
11:30:35 4 0 161
11:31:05 4 0 161
11:31:35 4 0 161
11:32:05 4 0 161
11:32:35 4 0 161
11:33:05 4 0 161
11:33:36 4 0 161
11:34:06 4 0 161
11:34:36 4 0 163
11:35:06 4 0 161
11:35:36 4 0 161
11:36:07 4 0 161
11:36:37 4 0 161
11:37:08 4 0 161
11:37:38 4 0 161
11:38:08 4 0 161
11:38:39 3 1 162
11:39:09 4 0 161
11:39:39 4 0 161
11:40:09 4 0 161
11:40:39 4 0 161
11:41:09 4 0 161
11:41:39 4 0 161
11:42:09 4 0 161
11:42:40 4 0 161
11:43:10 4 0 161
11:43:40 4 0 161
11:44:10 4 0 163
11:44:41 4 0 161
11:45:11 4 0 161
11:45:42 4 0 163
11:46:12 4 0 161
11:46:43 4 0 162
11:47:13 4 0 161
11:47:43 4 0 161
11:48:13 4 0 161
11:48:44 4 0 161
11:49:14 4 0 161
11:49:45 4 0 161
11:50:15 4 0 161
11:50:45 4 0 161
11:51:16 4 0 161
11:51:46 4 0 161
11:52:17 4 0 161
11:52:47 4 0 161
11:53:17 4 0 161
11:53:47 4 0 162
11:54:17 4 0 162
11:54:47 4 0 161
11:55:17 4 0 161
11:55:48 4 0 161
11:56:18 4 0 161
11:56:48 4 0 161
11:57:18 4 0 161
11:57:48 4 0 178
11:58:18 4 0 161
11:58:48 4 0 161
11:59:18 4 0 161
11:59:49 4 0 164
12:00:19 4 0 162
12:00:49 4 0 161
12:01:19 4 0 161
12:01:49 4 0 161
12:02:19 4 0 161
12:02:50 4 0 162
12:03:20 4 0 164
12:03:50 4 0 161
12:04:20 4 0 162
12:04:50 4 0 161
12:05:20 4 0 179
12:05:50 4 0 161
12:06:21 4 0 161
12:06:51 4 0 161
12:07:21 4 0 161
12:07:52 4 0 161
12:08:22 4 0 161
12:08:52 4 0 162
12:09:23 3 1 165
12:09:53 4 0 164
12:10:23 4 0 162
12:10:53 4 0 162
12:11:23 4 0 162
12:11:54 3 1 161
12:12:23 4 0 161
12:12:53 4 0 161
12:13:23 4 0 161
12:13:54 4 0 161
12:14:24 4 0 161
12:14:54 4 0 161
12:15:24 4 0 161
12:15:55 4 0 161
12:16:25 4 0 161
12:16:55 4 0 161
12:17:25 4 0 161
12:17:56 4 0 161
12:18:26 4 0 162
12:18:57 4 0 161
12:19:27 4 0 161
12:19:57 4 0 161
12:20:27 4 0 161
12:20:57 4 0 161
12:21:27 4 0 161
12:21:57 4 0 161
12:22:27 4 0 161
12:22:58 4 0 161
12:23:28 4 0 161
12:23:58 4 0 161
12:24:28 4 0 161
12:24:58 4 0 161
12:25:28 4 0 162
12:25:58 4 0 161
12:26:28 4 0 161
12:26:59 4 0 161
12:27:29 4 0 161
12:27:59 4 0 161
12:28:29 4 0 161
12:29:00 4 0 161
12:29:30 4 0 161
12:30:00 4 0 161
12:30:30 4 0 161
12:31:01 3 1 161
12:31:30 4 0 161
12:32:00 4 0 161
12:32:30 4 0 161
12:33:00 4 0 161
12:33:30 4 0 164
12:34:01 4 0 161
12:34:31 4 0 161
12:35:01 4 0 161
12:35:31 4 0 161
12:36:01 4 0 163
12:36:31 4 0 161
12:37:01 4 0 162
12:37:31 4 0 161
12:38:02 4 0 161
12:38:32 4 0 161
12:39:02 4 0 161
12:39:32 4 0 161
12:40:02 4 0 161
12:40:32 4 0 161
12:41:02 4 0 162
12:41:32 4 0 161
12:42:03 4 0 161
12:42:33 4 0 161
12:43:03 4 0 163
12:43:33 4 0 166
12:44:03 4 0 161
12:44:33 4 0 161
12:45:03 4 0 161
12:45:33 4 0 163
12:46:03 4 0 161
12:46:33 4 0 161
12:47:03 4 0 161
12:47:34 4 0 161
12:48:04 4 0 162
12:48:34 4 0 161
12:49:04 4 0 161
12:49:34 4 0 161
12:50:05 4 0 161
12:50:35 4 0 162
12:51:05 4 0 162
12:51:35 4 0 162
12:52:06 4 0 161
12:52:36 4 0 161
12:53:06 4 0 161
12:53:36 4 0 161
12:54:06 4 0 161
12:54:36 4 0 172
12:55:06 4 0 161
12:55:36 4 0 161
12:56:07 4 0 167
12:56:37 4 0 161
12:57:07 4 0 161
12:57:37 4 0 161
12:58:07 4 0 161
12:58:37 4 0 161
12:59:07 4 0 161
12:59:37 4 0 165
13:00:08 4 0 161
13:00:38 4 0 161
13:01:08 4 0 161
13:01:38 4 0 161
13:02:08 4 0 186
13:02:38 4 0 162
13:03:08 4 0 161
13:03:38 4 0 162
13:04:09 4 0 161
13:04:39 4 0 161
13:05:09 4 0 161
13:05:39 4 0 161
13:06:09 4 0 161
13:06:39 4 0 161
13:07:09 4 0 161
13:07:39 4 0 161
13:08:09 4 0 162
13:08:39 4 0 163
13:09:10 4 0 161
13:09:40 4 0 161
13:10:10 4 0 161
13:10:40 4 0 161
13:11:10 4 0 163
13:11:40 4 0 161
13:12:10 4 0 161
13:12:40 4 0 161
13:13:10 4 0 161
13:13:40 4 0 161
13:14:11 4 0 161
13:14:41 4 0 161
13:15:11 4 0 161
13:15:41 4 0 161
13:16:11 4 0 162
13:16:41 4 0 161
13:17:11 4 0 162
13:17:41 4 0 161
13:18:11 4 0 165
13:18:41 4 0 162
13:19:12 4 0 161
13:19:42 4 0 163
13:20:12 4 0 162
13:20:42 4 0 161
13:21:12 4 0 161
13:21:42 4 0 161
13:22:13 4 0 162
13:22:43 4 0 164
13:23:13 4 0 161
13:23:43 4 0 161
13:24:13 4 0 161
13:24:43 4 0 161
13:25:13 4 0 161
13:25:46 2 2 573
13:26:16 3 1 573
13:26:44 4 0 162
13:27:14 4 0 161
13:27:44 4 0 161
13:28:15 3 1 162
13:28:44 4 0 161
13:29:14 4 0 161
13:29:45 4 0 161
13:30:16 4 0 161
13:30:46 4 0 161
13:31:16 4 0 161
13:31:46 4 0 161
13:32:16 4 0 163
13:32:46 4 0 161
13:33:17 4 0 161
13:33:47 4 0 161
13:34:17 4 0 161
13:34:47 4 0 161
13:35:17 4 0 161
13:35:48 4 0 189
13:36:18 4 0 161
13:36:48 4 0 162
13:37:18 4 0 161
13:37:48 4 0 161
13:38:18 4 0 163
13:38:48 4 0 162
13:39:18 4 0 161
13:39:48 4 0 161
13:40:19 4 0 161
13:40:49 4 0 161
13:41:19 4 0 162
13:41:49 4 0 161
13:42:19 4 0 198
13:42:50 4 0 195
13:43:20 4 0 161
13:43:50 4 0 162
13:44:20 4 0 161
13:44:50 4 0 161
13:45:21 4 0 161
13:45:51 4 0 164
13:46:21 4 0 163
13:46:51 4 0 161
13:47:22 4 0 161
13:47:52 4 0 161
13:48:22 4 0 162
13:48:53 4 0 161
13:49:23 4 0 167
13:49:53 4 0 161
13:50:23 4 0 161
13:50:53 4 0 164
13:51:24 4 0 161
13:51:54 4 0 165
13:52:25 4 0 164
13:52:55 4 0 162
13:53:25 4 0 161
13:53:55 4 0 161
13:54:25 4 0 161
13:54:55 4 0 161
13:55:25 4 0 161
13:55:55 4 0 161
13:56:25 4 0 161
13:56:56 4 0 161
13:57:26 4 0 161
13:57:56 4 0 161
13:58:26 4 0 165
13:58:56 4 0 165
13:59:26 4 0 163
13:59:56 4 0 161
14:00:26 4 0 161
14:00:56 4 0 161
14:01:27 4 0 161
14:01:57 4 0 161
14:02:27 4 0 161
14:02:57 4 0 161
14:03:27 4 0 165
14:03:57 4 0 161
14:04:27 4 0 190
14:04:57 4 0 161
14:05:28 4 0 166
14:05:58 4 0 164
14:06:28 4 0 161
14:06:58 4 0 161
14:07:28 4 0 161
14:07:59 4 0 161
14:08:29 4 0 205
14:08:59 4 0 163
14:09:29 4 0 161
14:09:59 4 0 163
14:10:29 4 0 161
14:10:59 4 0 161
14:11:30 4 0 167
14:12:00 4 0 161
14:12:30 4 0 161
14:13:00 4 0 163
14:13:30 4 0 161
14:14:00 4 0 161
14:14:31 4 0 161
14:15:01 4 0 161
14:15:31 4 0 164
14:16:01 4 0 169
14:16:32 3 1 168
14:17:01 4 0 169
14:17:32 3 1 166
14:18:02 4 0 162
14:18:32 4 0 163
14:19:03 3 1 161
14:19:32 4 0 161
14:20:02 4 0 161
14:20:32 4 0 163
14:21:02 4 0 161
14:21:33 4 0 161
14:22:04 2 2 164
14:22:33 4 0 161
14:23:04 3 1 164
14:23:33 4 0 161
14:24:03 4 0 161
14:24:34 4 0 161
14:25:04 4 0 163
14:25:34 4 0 161
14:26:04 4 0 162
14:26:35 4 0 163
14:27:05 4 0 190
14:27:35 4 0 164
14:28:05 4 0 163
14:28:35 4 0 164
14:29:05 4 0 161
14:29:36 4 0 165
14:30:06 4 0 162
14:30:36 4 0 170
14:31:06 4 0 161
14:31:36 4 0 165
14:32:06 4 0 161
14:32:37 4 0 175
14:33:07 4 0 161
14:33:37 4 0 161
14:34:07 4 0 161
14:34:37 4 0 163
14:35:07 4 0 161
14:35:38 4 0 162
14:36:08 4 0 194
14:36:39 4 0 161
14:37:09 4 0 161
14:37:40 4 0 162
14:38:10 4 0 161
14:38:40 4 0 162
14:39:10 4 0 161
14:39:41 4 0 161
14:40:11 4 0 163
14:40:41 4 0 161
14:41:11 4 0 161
14:41:42 4 0 163
14:42:12 4 0 161
14:42:42 4 0 161
14:43:12 4 0 161
14:43:42 4 0 161
14:44:12 4 0 161
14:44:43 4 0 163
14:45:13 4 0 164
14:45:43 4 0 161
14:46:13 4 0 161
14:46:43 4 0 161
14:47:14 4 0 161
14:47:44 4 0 161
14:48:14 4 0 161
14:48:44 4 0 162
14:49:14 4 0 161
14:49:44 4 0 164
14:50:15 4 0 161
14:50:45 4 0 162
14:51:15 4 0 162
14:51:45 4 0 161
14:52:16 4 0 161
14:52:46 4 0 163
14:53:16 4 0 164
14:53:47 3 1 161
14:54:16 4 0 161
14:54:46 4 0 161
14:55:16 4 0 162
14:55:46 4 0 161
14:56:16 4 0 161
14:56:47 4 0 161
14:57:17 4 0 161
14:57:47 4 0 161
14:58:17 4 0 161
14:58:47 4 0 162
14:59:17 4 0 161
14:59:47 4 0 161
15:00:17 4 0 161
15:00:48 4 0 161
15:01:18 4 0 161
15:01:48 4 0 161
15:02:18 4 0 161
15:02:48 4 0 161
15:03:18 4 0 161
15:03:48 4 0 161
15:04:18 4 0 161
15:04:48 4 0 161
15:05:19 4 0 161
15:05:49 4 0 161
15:06:19 4 0 161
15:06:49 4 0 161
15:07:19 4 0 161
15:07:49 4 0 162
15:08:19 4 0 161
15:08:49 4 0 161
15:09:19 4 0 162
15:09:49 4 0 161
15:10:20 4 0 161
15:10:50 4 0 161
15:11:20 4 0 162
15:11:51 4 0 161
15:12:21 4 0 163
15:12:51 4 0 162
15:13:21 4 0 162
15:13:51 4 0 161
15:14:22 4 0 161
15:14:52 4 0 161
15:15:22 4 0 161
15:15:52 4 0 161
15:16:22 4 0 161
15:16:52 4 0 164
15:17:22 4 0 161
15:17:53 4 0 163
15:18:23 4 0 161
15:18:53 4 0 161
15:19:23 4 0 161
15:19:53 4 0 161
15:20:23 4 0 161
15:20:53 4 0 161
15:21:23 4 0 161
15:21:54 4 0 161
15:22:24 4 0 163
15:22:54 4 0 162
15:23:24 4 0 161
15:23:54 4 0 162
15:24:24 4 0 166
15:24:54 4 0 163
15:25:24 4 0 161
15:25:54 4 0 161
15:26:24 4 0 161
15:26:55 4 0 161
15:27:25 4 0 161
15:27:55 4 0 161
15:28:25 4 0 161
15:28:55 4 0 161
15:29:25 4 0 161
15:29:55 4 0 161
15:30:25 4 0 163
15:30:55 4 0 161
15:31:26 4 0 161
15:31:56 4 0 162
15:32:26 4 0 162
15:32:56 4 0 161
15:33:26 4 0 163
15:33:57 4 0 161
15:34:27 4 0 161
15:34:57 4 0 161
15:35:27 4 0 161
15:35:57 4 0 161
15:36:27 4 0 161
15:36:57 4 0 161
15:37:27 4 0 161
15:37:57 4 0 161
15:38:27 4 0 161
15:38:58 4 0 161
15:39:28 4 0 162
15:39:58 4 0 161
15:40:28 4 0 161
15:40:58 4 0 161
15:41:28 4 0 161
15:41:58 4 0 161
15:42:29 3 1 161
15:42:58 4 0 168
15:43:28 4 0 161
15:43:59 4 0 161
15:44:30 3 1 161
15:44:59 4 0 161
15:45:30 3 1 161
15:45:59 4 0 161
15:46:29 4 0 161
15:47:00 4 0 162
15:47:30 4 0 161
15:48:00 4 0 162
15:48:30 4 0 161
15:49:00 4 0 162
15:49:30 4 0 162
15:50:00 4 0 161
15:50:30 4 0 163
15:51:00 4 0 161
15:51:31 4 0 162
15:52:01 4 0 162
15:52:31 4 0 161
15:53:01 4 0 164
15:53:31 4 0 163
15:54:03 3 1 163
15:54:31 4 0 162
15:55:02 4 0 161
15:55:32 4 0 164
15:56:02 4 0 161
15:56:32 4 0 161
15:57:02 4 0 161
15:57:32 4 0 161
15:58:02 4 0 161
15:58:32 4 0 162
15:59:03 4 0 161
15:59:33 4 0 203
16:00:03 4 0 161
16:00:33 4 0 162
16:01:03 4 0 161
16:01:33 4 0 161
16:02:03 4 0 161
16:02:33 4 0 164
16:03:03 4 0 161
16:03:33 4 0 165
16:04:04 4 0 161
16:04:34 4 0 161
16:05:04 4 0 161
16:05:34 4 0 161
16:06:04 4 0 161
16:06:34 4 0 161
16:07:04 4 0 197
16:07:34 4 0 161
16:08:05 4 0 161
16:08:35 4 0 161
16:09:05 4 0 161
16:09:35 4 0 161
16:10:05 4 0 161
16:10:35 4 0 182
16:11:05 4 0 161
16:11:36 4 0 161
16:12:07 4 0 201
16:12:37 4 0 161
16:13:07 4 0 206
16:13:38 3 1 161
16:14:07 4 0 161
16:14:37 4 0 161
16:15:07 4 0 161
16:15:37 4 0 161
16:16:07 4 0 161
16:16:37 4 0 180
16:17:09 4 0 476
16:17:40 2 2 482
16:18:08 4 0 161
16:18:38 4 0 201
16:19:09 3 1 211
16:19:38 4 0 161
16:20:08 4 0 178
16:20:38 4 0 173
16:21:08 4 0 161
16:21:38 4 0 161
16:22:09 4 0 161
16:22:39 4 0 161
16:23:09 4 0 161
16:23:39 4 0 163
16:24:09 4 0 161
16:24:39 4 0 161
16:25:09 4 0 161
16:25:39 4 0 162
16:26:10 4 0 162
16:26:40 4 0 161
16:27:10 4 0 161
16:27:40 4 0 161
16:28:10 4 0 161
16:28:40 4 0 161
16:29:10 4 0 161
16:29:40 4 0 161
16:30:11 4 0 161
16:30:41 4 0 162
16:31:11 4 0 161
16:31:41 4 0 161
16:32:11 4 0 161
16:32:41 4 0 162
16:33:12 4 0 161
16:33:42 4 0 163
16:34:12 4 0 161
16:34:42 4 0 161
16:35:12 4 0 162
16:35:42 4 0 200
16:36:12 4 0 161
16:36:42 4 0 161
16:37:13 4 0 162
16:37:43 4 0 161
16:38:13 4 0 168
16:38:43 4 0 161
16:39:13 4 0 161
16:39:43 4 0 161
16:40:14 4 0 162
16:40:44 4 0 161
16:41:14 4 0 161
16:41:44 4 0 161
16:42:14 4 0 161
16:42:44 4 0 161
16:43:14 4 0 161
16:43:44 4 0 162
16:44:15 4 0 188
16:44:44 4 0 161
16:45:16 4 0 573
16:45:47 2 2 482
16:46:15 4 0 161
16:46:45 4 0 161
16:47:15 4 0 162
16:47:45 4 0 161
16:48:15 4 0 161
16:48:45 4 0 162
16:49:17 3 1 574
16:49:48 1 3 576
16:50:16 4 0 163
16:50:46 4 0 161
16:51:16 4 0 166
16:51:46 4 0 166
16:52:16 4 0 161
16:52:46 4 0 161
16:53:17 4 0 161
16:53:47 4 0 161
16:54:17 4 0 163
16:54:47 4 0 163
16:55:17 4 0 161
16:55:47 4 0 162
16:56:17 4 0 161
16:56:47 4 0 161
16:57:18 4 0 161
16:57:48 4 0 161
16:58:18 4 0 163
16:58:48 4 0 174
16:59:18 4 0 165
16:59:48 4 0 161
17:00:18 4 0 162
17:00:48 4 0 162
17:01:20 4 0 578
17:01:50 4 0 491
17:02:19 4 0 161
17:02:49 4 0 161
17:03:19 4 0 161
17:03:50 4 0 195
17:04:20 3 1 161
17:04:50 4 0 163
17:05:20 4 0 161
17:05:50 4 0 161
17:06:20 4 0 161
17:06:50 4 0 161
17:07:21 4 0 165
17:07:51 4 0 162
17:08:21 4 0 162
17:08:51 4 0 164
17:09:22 3 1 161
17:09:51 4 0 161
17:10:21 4 0 161
17:10:52 3 1 161
17:11:21 4 0 161
17:11:51 4 0 161
17:12:22 4 0 164
17:12:52 4 0 161
17:13:22 4 0 161
17:13:53 3 1 161
17:14:22 4 0 161
17:14:52 4 0 164
17:15:22 4 0 161
17:15:52 4 0 162
17:16:22 4 0 161
17:16:53 4 0 161
17:17:23 4 0 161
17:17:53 4 0 164
17:18:23 4 0 161
17:18:53 4 0 161
17:19:23 4 0 161
17:19:53 4 0 163
17:20:23 4 0 164
17:20:53 4 0 161
17:21:24 4 0 162
17:21:54 4 0 163
17:22:24 4 0 161
17:22:54 4 0 161
17:23:25 4 0 162
17:23:55 4 0 161
17:24:26 4 0 161
17:24:56 4 0 161
17:25:26 4 0 161
17:25:56 4 0 161
17:26:26 4 0 161
17:26:56 4 0 163
17:27:27 4 0 161
17:27:57 4 0 161
17:28:27 4 0 161
17:28:57 4 0 161
17:29:27 4 0 161
17:29:57 4 0 175
17:30:27 4 0 161
17:30:57 4 0 161
17:31:28 4 0 161
17:31:58 4 0 161
17:32:28 4 0 161
17:32:58 4 0 161
17:33:28 4 0 162
17:33:58 4 0 161
17:34:29 4 0 161
17:34:59 4 0 161
17:35:29 4 0 161
17:35:59 4 0 164
17:36:29 4 0 163
17:36:59 4 0 162
17:37:29 4 0 161
17:37:59 4 0 162
17:38:30 4 0 163
17:39:00 4 0 161
17:39:30 4 0 163
17:40:00 4 0 165
17:40:30 4 0 161
17:41:01 4 0 161
17:41:31 4 0 161
17:42:01 4 0 161
17:42:31 4 0 161
17:43:02 4 0 161
17:43:32 4 0 161
17:44:02 4 0 161
17:44:32 4 0 163
17:45:02 4 0 161
17:45:33 4 0 161
17:46:03 4 0 163
17:46:33 4 0 161
17:47:03 4 0 161
17:47:33 4 0 163
17:48:03 4 0 163
17:48:33 4 0 161
17:49:03 4 0 161
17:49:34 4 0 161
17:50:04 4 0 163
17:50:34 4 0 161
17:51:04 4 0 161
17:51:35 3 1 161
17:52:04 4 0 162
17:52:34 4 0 161
17:53:04 4 0 162
17:53:35 4 0 166
17:54:05 4 0 161
17:54:35 4 0 162
17:55:05 4 0 161
17:55:35 4 0 161
17:56:05 4 0 161
17:56:35 4 0 161
17:57:05 4 0 161
17:57:36 4 0 161
17:58:06 4 0 161
17:58:36 4 0 161
17:59:06 4 0 161
17:59:36 4 0 164
18:00:06 4 0 161
18:00:36 4 0 163
18:01:07 3 1 163
18:01:37 4 0 161
18:02:07 4 0 161
18:02:37 4 0 163
18:03:08 4 0 162
18:03:38 4 0 164
18:04:08 4 0 162
18:04:38 4 0 162
18:05:08 4 0 164
18:05:39 4 0 161
18:06:09 4 0 165
18:06:39 4 0 161
18:07:09 4 0 163
18:07:39 4 0 161
18:08:09 4 0 161
18:08:39 4 0 161
18:09:09 4 0 161
18:09:40 4 0 163
18:10:10 4 0 161
18:10:40 4 0 161
18:11:10 4 0 161
18:11:40 4 0 161
18:12:10 4 0 161
18:12:40 4 0 161
18:13:11 4 0 162
18:13:41 4 0 163
18:14:11 4 0 163
18:14:41 4 0 161
18:15:11 4 0 164
18:15:41 4 0 162
18:16:11 4 0 161
18:16:41 4 0 161
18:17:12 4 0 161
18:17:42 4 0 162
18:18:12 4 0 161
18:18:42 4 0 161
18:19:12 4 0 161
18:19:42 4 0 161
18:20:12 4 0 161
18:20:43 4 0 161
18:21:13 4 0 161
18:21:43 4 0 161
18:22:13 4 0 161
18:22:44 4 0 161
18:23:14 4 0 163
18:23:44 4 0 165
18:24:14 4 0 161
18:24:45 4 0 161
18:25:15 4 0 161
18:25:45 4 0 161
18:26:15 4 0 162
18:26:45 4 0 163
18:27:15 4 0 161
18:27:46 4 0 161
18:28:16 4 0 161
18:28:46 4 0 161
18:29:16 4 0 161
18:29:46 4 0 161
18:30:16 4 0 163
18:30:47 4 0 162
18:31:17 4 0 161
18:31:47 4 0 161
18:32:20 3 1 586
18:32:49 4 0 490
18:33:18 4 0 163
18:33:48 4 0 161
18:34:18 4 0 162
18:34:49 4 0 161
18:35:19 4 0 162
18:35:49 4 0 163
18:36:19 4 0 161
18:36:49 4 0 161
18:37:19 4 0 163
18:37:49 4 0 163
18:38:19 4 0 161
18:38:50 4 0 163
18:39:20 4 0 163
18:39:50 4 0 162
18:40:20 4 0 162
18:40:50 4 0 162
18:41:20 4 0 162
18:41:50 4 0 162
18:42:20 4 0 162
18:42:53 2 2 483
18:43:22 4 0 514
18:43:51 4 0 161
18:44:21 4 0 162
18:44:51 4 0 164
18:45:21 4 0 161
18:45:51 4 0 162
18:46:21 4 0 161
18:46:52 4 0 162
18:47:22 4 0 162
18:47:52 4 0 161
18:48:23 4 0 488
18:48:54 3 1 492
18:49:22 4 0 161
18:49:52 4 0 161
18:50:22 4 0 161
18:50:52 4 0 163
18:51:22 4 0 161
18:51:53 4 0 162
18:52:23 4 0 162
18:52:53 4 0 162
18:53:23 4 0 162
18:53:54 4 0 162
18:54:24 4 0 162
18:54:54 4 0 162
18:55:24 4 0 162
18:55:55 4 0 163
18:56:25 4 0 164
18:56:55 4 0 162
18:57:25 4 0 163
18:57:55 4 0 161
18:58:25 4 0 162
18:58:55 4 0 162
18:59:26 3 1 164
18:59:55 4 0 161
19:00:25 4 0 164
19:00:56 4 0 161
19:01:26 4 0 162
19:01:56 4 0 163
19:02:26 4 0 164
19:02:56 4 0 162
19:03:26 4 0 166
19:03:56 4 0 162
19:04:26 4 0 162
19:04:57 4 0 161
19:05:27 4 0 162
19:05:57 4 0 163
19:06:27 4 0 162
19:06:57 4 0 162
19:07:27 4 0 163
19:07:57 4 0 168
19:08:27 4 0 162
19:08:57 4 0 163
19:09:27 4 0 163
19:09:58 4 0 163
19:10:28 4 0 162
19:10:58 4 0 162
19:11:28 4 0 162
19:11:58 4 0 162
19:12:28 4 0 162
19:12:59 4 0 162
19:13:29 4 0 162
19:13:59 4 0 161
19:14:29 4 0 161
19:14:59 4 0 161
19:15:29 4 0 161
19:15:59 4 0 161
19:16:29 4 0 163
19:16:59 4 0 165
19:17:29 4 0 161
19:18:00 4 0 162
19:18:30 4 0 161
19:19:00 4 0 161
19:19:30 4 0 161
19:20:00 4 0 161
19:20:30 4 0 161
19:21:00 4 0 161
19:21:30 4 0 161
19:22:00 4 0 161
19:22:31 4 0 192
19:23:01 4 0 161
19:23:31 4 0 161
19:24:01 4 0 161
19:24:31 4 0 162
19:25:01 4 0 161
19:25:31 4 0 161
19:26:01 4 0 161
19:26:31 4 0 161
19:27:01 4 0 161
19:27:31 4 0 161
19:28:02 4 0 163
19:28:32 4 0 161
19:29:02 4 0 161
19:29:32 4 0 161
19:30:02 4 0 161
19:30:32 4 0 168
19:31:02 4 0 163
19:31:32 4 0 162
19:32:02 4 0 161
19:32:33 4 0 164
19:33:03 4 0 161
19:33:33 4 0 163
19:34:03 4 0 161
19:34:33 4 0 161
19:35:04 4 0 162
19:35:34 4 0 161
19:36:04 4 0 162
19:36:34 4 0 162
19:37:04 4 0 161
19:37:34 4 0 161
19:38:04 4 0 161
19:38:34 4 0 162
19:39:04 4 0 161
19:39:35 4 0 162
19:40:05 4 0 162
19:40:35 4 0 161
19:41:05 4 0 161
19:41:35 4 0 161
19:42:05 4 0 161
19:42:35 4 0 162
19:43:05 4 0 161
19:43:35 4 0 161
19:44:06 4 0 161
19:44:36 4 0 162
19:45:06 4 0 162
19:45:36 4 0 161
19:46:06 4 0 173
19:46:36 4 0 161
19:47:06 4 0 161
19:47:36 4 0 164
19:48:06 4 0 162
19:48:36 4 0 161
19:49:07 4 0 161
19:49:37 4 0 161
19:50:07 4 0 162
19:50:37 4 0 161
19:51:08 3 1 164
19:51:37 4 0 161
19:52:07 4 0 161
19:52:37 4 0 163
19:53:07 4 0 161
19:53:37 4 0 162
19:54:08 4 0 161
19:54:38 4 0 161
19:55:08 4 0 161
19:55:38 4 0 163
19:56:08 4 0 162
19:56:38 4 0 161
19:57:08 4 0 162
19:57:38 4 0 161
19:58:09 4 0 161
19:58:39 4 0 163
19:59:09 4 0 161
19:59:39 4 0 161
20:00:09 4 0 163
20:00:39 4 0 161
20:01:09 4 0 161
20:01:39 4 0 161
20:02:09 4 0 161
20:02:39 4 0 162
20:03:10 4 0 161
20:03:40 4 0 162
20:04:10 4 0 161
20:04:40 4 0 162
20:05:10 4 0 161
20:05:40 4 0 161
20:06:10 4 0 173
20:06:40 4 0 162
20:07:10 4 0 161
20:07:40 4 0 161
20:08:11 4 0 162
20:08:41 4 0 161
20:09:11 4 0 163
20:09:41 4 0 161
20:10:11 4 0 162
20:10:41 4 0 161
20:11:11 4 0 164
20:11:41 4 0 162
20:12:11 4 0 162
20:12:41 4 0 161
20:13:12 4 0 164
20:13:42 4 0 163
20:14:12 4 0 161
20:14:42 4 0 162
20:15:12 4 0 161
20:15:42 4 0 161
20:16:12 4 0 162
20:16:42 4 0 161
20:17:12 4 0 161
20:17:42 4 0 162
20:18:13 4 0 161
20:18:43 4 0 161
20:19:13 4 0 162
20:19:43 4 0 161
20:20:13 4 0 161
20:20:43 4 0 165
20:21:13 4 0 161
20:21:43 4 0 166
20:22:14 4 0 162
20:22:44 4 0 162
20:23:14 4 0 163
20:23:44 4 0 161
20:24:14 4 0 162
20:24:44 4 0 161
20:25:14 4 0 161
20:25:44 4 0 162
20:26:15 4 0 162
20:26:45 4 0 164
20:27:15 4 0 161
20:27:45 4 0 162
20:28:15 4 0 161
20:28:45 4 0 161
20:29:15 4 0 161
20:29:45 4 0 162
20:30:16 4 0 162
20:30:46 4 0 163
20:31:16 4 0 162
20:31:46 4 0 161
20:32:16 4 0 163
20:32:46 4 0 166
20:33:16 4 0 162
20:33:46 4 0 178
20:34:16 4 0 162
20:34:46 4 0 161
20:35:17 4 0 161
20:35:47 4 0 161
20:36:17 4 0 164
20:36:47 4 0 162
20:37:17 4 0 161
20:37:47 4 0 171
20:38:17 4 0 163
20:38:47 4 0 161
20:39:17 4 0 162
20:39:47 4 0 163
20:40:18 4 0 162
20:40:48 4 0 162
20:41:18 4 0 162
20:41:48 4 0 161
20:42:18 4 0 161
20:42:48 4 0 165
20:43:18 4 0 163
20:43:48 4 0 162
20:44:18 4 0 163
20:44:48 4 0 174
20:45:19 4 0 164
20:45:49 4 0 162
20:46:19 4 0 162
20:46:49 4 0 176
20:47:20 4 0 162
20:47:50 4 0 162
20:48:20 4 0 162
20:48:50 4 0 164
20:49:21 3 1 162
20:49:51 4 0 177
20:50:21 4 0 161
20:50:51 4 0 164
20:51:21 4 0 162
20:51:51 4 0 162
20:52:21 4 0 164
20:52:51 4 0 161
20:53:21 4 0 162
20:53:51 4 0 162
20:54:22 4 0 163
20:54:52 4 0 162
20:55:22 4 0 163
20:55:52 4 0 163
20:56:22 4 0 161
20:56:52 4 0 162
20:57:22 4 0 162
20:57:52 4 0 165
20:58:22 4 0 166
20:58:52 4 0 161
20:59:23 4 0 161
20:59:53 4 0 164
21:00:23 4 0 162
21:00:53 4 0 164
21:01:23 4 0 163
21:01:53 4 0 163
21:02:23 4 0 162
21:02:53 4 0 162
21:03:24 4 0 162
21:03:54 4 0 162
21:04:24 4 0 162
21:04:54 4 0 162
21:05:25 3 1 162
21:05:54 4 0 162
21:06:24 4 0 165
21:06:55 4 0 161
21:07:26 3 1 161
21:07:55 4 0 161
21:08:25 4 0 162
21:08:55 4 0 162
21:09:26 4 0 162
21:09:56 4 0 162
21:10:27 3 1 161
21:10:56 4 0 162
21:11:26 4 0 164
21:11:56 4 0 163
21:12:26 4 0 162
21:12:56 4 0 162
21:13:28 2 2 164
21:13:57 4 0 162
21:14:27 4 0 161
21:14:57 4 0 162
21:15:27 4 0 163
21:15:57 4 0 165
21:16:27 4 0 162
21:16:57 4 0 163
21:17:27 4 0 164
21:17:57 4 0 162
21:18:28 4 0 162
21:18:58 4 0 162
21:19:28 4 0 161
21:19:58 4 0 161
21:20:28 4 0 161
21:20:58 4 0 161
21:21:29 4 0 163
21:21:59 4 0 163
21:22:29 4 0 164
21:22:59 4 0 164
21:23:29 4 0 161
21:23:59 4 0 162
21:24:29 4 0 165
21:24:59 4 0 165
21:25:29 4 0 178
21:25:59 4 0 161
21:26:30 4 0 164
21:27:01 4 0 161
21:27:31 4 0 202
21:28:01 4 0 162
21:28:31 4 0 162
21:29:01 4 0 163
21:29:31 4 0 166
21:30:01 4 0 162
21:30:32 4 0 162
21:31:02 4 0 161
21:31:32 4 0 164
21:32:02 4 0 162
21:32:32 4 0 161
21:33:02 4 0 167
21:33:32 4 0 165
21:34:02 4 0 162
21:34:32 4 0 162
21:35:02 4 0 161
21:35:33 4 0 162
21:36:03 4 0 163
21:36:33 4 0 162
21:37:03 4 0 162
21:37:33 4 0 162
21:38:03 4 0 162
21:38:33 4 0 161
21:39:03 4 0 162
21:39:33 4 0 163
21:40:03 4 0 162
21:40:34 4 0 162
21:41:04 4 0 162
21:41:34 4 0 162
21:42:04 4 0 161
21:42:34 4 0 164
21:43:04 4 0 162
21:43:34 4 0 161
21:44:04 4 0 163
21:44:35 4 0 162
21:45:05 4 0 163
21:45:35 4 0 161
21:46:05 4 0 162
21:46:35 4 0 161
21:47:05 4 0 162
21:47:35 4 0 163
21:48:05 4 0 164
21:48:36 4 0 162
21:49:06 4 0 161
21:49:36 4 0 161
21:50:06 4 0 161
21:50:36 4 0 162
21:51:06 4 0 162
21:51:36 4 0 162
21:52:06 4 0 162
21:52:37 4 0 164
21:53:07 4 0 164
21:53:37 4 0 163
21:54:07 4 0 162
21:54:37 4 0 162
21:55:07 4 0 162
21:55:37 4 0 163
21:56:07 4 0 161
21:56:37 4 0 163
21:57:08 4 0 188
21:57:38 4 0 161
21:58:08 4 0 183
21:58:38 4 0 164
21:59:08 4 0 162
21:59:38 4 0 163
22:00:08 4 0 165
22:00:39 4 0 163
22:01:09 3 1 162
22:01:39 4 0 165
22:02:09 4 0 162
22:02:39 4 0 161
22:03:09 4 0 161
22:03:39 4 0 163
22:04:09 4 0 161
22:04:40 4 0 162
22:05:10 4 0 163
22:05:40 4 0 161
22:06:10 4 0 161
22:06:41 4 0 163
22:07:11 4 0 163
22:07:41 4 0 166
22:08:11 4 0 175
22:08:42 4 0 163
22:09:12 4 0 168
22:09:42 4 0 174
22:10:12 4 0 161
22:10:42 4 0 164
22:11:12 4 0 163
22:11:42 4 0 161
22:12:12 4 0 164
22:12:43 4 0 161
22:13:13 4 0 162
22:13:43 4 0 161
22:14:13 4 0 161
22:14:43 4 0 161
22:15:13 4 0 181
22:15:43 4 0 161
22:16:13 4 0 161
22:16:43 4 0 162
22:17:14 4 0 162
22:17:44 4 0 162
22:18:14 4 0 165
22:18:44 4 0 164
22:19:14 4 0 164
22:19:44 4 0 162
22:20:14 4 0 163
22:20:44 4 0 162
22:21:14 4 0 162
22:21:45 4 0 163
22:22:15 4 0 162
22:22:45 4 0 162
22:23:15 4 0 161
22:23:45 4 0 163
22:24:15 4 0 162
22:24:45 4 0 162
22:25:15 4 0 172
22:25:46 4 0 162
22:26:16 4 0 162
22:26:46 4 0 162
22:27:16 4 0 162
22:27:46 4 0 163
22:28:16 4 0 163
22:28:46 4 0 163
22:29:16 4 0 161
22:29:47 4 0 165
22:30:17 4 0 165
22:30:47 4 0 161
22:31:17 4 0 164
22:31:47 4 0 163
22:32:17 4 0 164
22:32:47 4 0 162
22:33:17 4 0 162
22:33:48 4 0 166
22:34:18 4 0 164
22:34:49 3 1 163
22:35:18 4 0 162
22:35:48 4 0 162
22:36:18 4 0 162
22:36:48 4 0 177
22:37:18 4 0 163
22:37:49 4 0 163
22:38:19 4 0 163
22:38:49 4 0 162
22:39:19 4 0 164
22:39:49 4 0 163
22:40:19 4 0 162
22:40:50 4 0 163
22:41:20 4 0 162
22:41:50 4 0 162
22:42:20 4 0 163
22:42:50 4 0 162
22:43:20 4 0 162
22:43:51 4 0 161
22:44:21 4 0 161
22:44:51 4 0 161
22:45:21 4 0 164
22:45:51 4 0 164
22:46:21 4 0 161
22:46:51 4 0 162
22:47:21 4 0 162
22:47:51 4 0 162
22:48:22 4 0 163
22:48:52 4 0 175
22:49:22 4 0 163
22:49:52 4 0 162
22:50:22 4 0 161
22:50:52 4 0 164
22:51:22 4 0 164
22:51:52 4 0 161
22:52:22 4 0 162
22:52:53 4 0 194
22:53:23 4 0 162
22:53:53 4 0 161
22:54:23 4 0 161
22:54:53 4 0 161
22:55:23 4 0 161
22:55:53 4 0 163
22:56:23 4 0 162
22:56:54 4 0 168
22:57:24 4 0 162
22:57:54 4 0 161
22:58:24 4 0 162
22:58:54 4 0 171
22:59:25 3 1 165
22:59:55 4 0 164
23:00:25 4 0 162
23:00:55 4 0 164
23:01:25 4 0 162
23:01:55 4 0 164
23:02:26 3 1 165
23:02:55 4 0 165
23:03:25 4 0 163
23:03:56 4 0 163
23:04:26 4 0 166
23:04:56 4 0 162
23:05:26 4 0 162
23:05:56 4 0 162
23:06:26 4 0 165
23:06:56 4 0 175
23:07:26 4 0 162
23:07:57 4 0 162
23:08:27 4 0 161
23:08:57 4 0 161
23:09:27 4 0 162
23:09:57 4 0 168
23:10:27 4 0 161
23:10:57 4 0 163
23:11:27 4 0 161
23:11:58 4 0 161
23:12:28 4 0 161
23:12:58 4 0 161
23:13:28 4 0 162
23:13:58 4 0 164
23:14:28 4 0 163
23:14:58 4 0 162
23:15:28 4 0 164
23:15:59 4 0 163
23:16:29 4 0 162
23:16:59 4 0 161
23:17:29 4 0 162
23:17:59 4 0 162
23:18:29 4 0 163
23:18:59 4 0 161
23:19:29 4 0 163
23:20:00 4 0 161
23:20:30 4 0 163
23:21:00 4 0 163
23:21:30 4 0 163
23:22:00 4 0 161
23:22:30 4 0 161
23:23:01 4 0 162
23:23:31 4 0 161
23:24:01 4 0 161
23:24:31 4 0 161
23:25:01 4 0 161
23:25:31 4 0 161
23:26:01 4 0 162
23:26:31 4 0 164
23:27:02 4 0 161
23:27:32 4 0 162
23:28:02 4 0 161
23:28:32 4 0 161
23:29:03 3 1 165
23:29:32 4 0 165
23:30:02 4 0 165
23:30:32 4 0 165
23:31:03 4 0 163
23:31:33 4 0 161
23:32:03 4 0 162
23:32:33 4 0 163
23:33:03 4 0 162
23:33:33 4 0 166
23:34:03 4 0 161
23:34:33 4 0 161
23:35:04 4 0 162
23:35:34 4 0 167
23:36:04 4 0 162
23:36:34 4 0 161
23:37:04 4 0 161
23:37:34 4 0 161
23:38:04 4 0 161
23:38:34 4 0 161
23:39:05 4 0 161
23:39:35 4 0 161
23:40:05 4 0 161
23:40:35 4 0 161
23:41:05 4 0 162
23:41:35 4 0 164
23:42:06 4 0 162
23:42:36 4 0 162
23:43:06 4 0 162
23:43:36 4 0 169
23:44:07 4 0 162
23:44:37 4 0 162
23:45:07 4 0 162
23:45:37 4 0 161
23:46:07 4 0 164
23:46:37 4 0 162
23:47:08 4 0 162
23:47:38 4 0 162
23:48:08 4 0 164
23:48:39 4 0 162
23:49:09 4 0 163
23:49:39 4 0 162
23:50:10 4 0 163
23:50:40 4 0 164
23:51:10 4 0 161
23:51:40 4 0 161
23:52:11 4 0 161
23:52:41 4 0 162
23:53:12 4 0 162
23:53:43 4 0 165
23:54:13 4 0 161
23:54:44 4 0 163
23:55:14 4 0 161
23:55:45 4 0 161
23:56:15 4 0 161
23:56:46 4 0 164
23:57:17 4 0 163
23:57:47 4 0 168
23:58:17 4 0 171
23:58:47 4 0 161
23:59:21 4 0 196
23:59:49 4 0 176
