00:00:29 4 0 165
00:00:39 4 0 166
00:01:36 4 0 166
00:02:13 4 0 166
00:02:38 4 0 166
00:02:57 4 0 166
00:03:24 4 0 166
00:03:46 4 0 166
00:04:18 4 0 166
00:04:48 4 0 166
00:05:19 4 0 166
00:05:57 4 0 166
00:06:22 4 0 166
00:06:53 4 0 166
00:07:28 4 0 167
00:07:55 4 0 166
00:08:24 4 0 183
02:00:06 4 0 271
02:00:37 3 1 271
02:01:07 4 0 271
02:01:37 4 0 270
02:02:07 4 0 270
02:02:37 4 0 271
02:03:08 4 0 270
02:03:38 4 0 266
02:04:08 4 0 267
02:04:38 4 0 268
02:05:09 4 0 269
02:05:39 4 0 269
02:06:09 4 0 268
02:06:39 4 0 268
02:07:09 4 0 268
02:07:40 4 0 269
02:08:10 4 0 270
02:08:40 4 0 265
02:09:10 4 0 268
02:09:40 4 0 270
02:10:12 3 1 268
02:10:42 3 1 269
02:11:11 4 0 268
02:11:41 4 0 270
02:12:11 4 0 270
02:12:42 4 0 268
02:13:12 4 0 268
02:13:42 4 0 270
02:14:12 4 0 269
02:14:46 0 4 -1
02:15:16 0 4 -1
02:15:43 4 0 267
02:16:13 4 0 268
02:16:43 4 0 268
02:17:13 4 0 269
02:17:44 4 0 268
02:18:14 4 0 268
02:18:44 4 0 268
02:19:15 4 0 268
02:19:45 4 0 268
02:20:15 4 0 270
02:20:45 4 0 270
02:21:15 4 0 268
02:21:46 4 0 269
02:22:16 4 0 269
02:22:46 4 0 268
02:23:16 4 0 269
02:23:46 4 0 268
02:24:17 4 0 268
02:24:47 4 0 269
02:25:18 3 1 267
02:25:47 4 0 268
02:26:17 4 0 267
02:26:48 4 0 267
02:27:18 4 0 267
02:27:48 4 0 267
02:28:18 4 0 267
02:28:49 4 0 267
02:29:19 4 0 267
02:29:49 4 0 268
02:30:19 4 0 268
02:30:49 4 0 269
02:31:20 4 0 268
02:31:50 4 0 268
02:32:20 4 0 268
02:32:50 4 0 268
02:33:20 4 0 268
02:33:51 4 0 271
02:34:21 4 0 270
02:34:52 3 1 258
02:35:21 4 0 248
02:35:51 4 0 270
02:36:22 4 0 268
02:36:52 4 0 266
02:37:22 4 0 267
02:37:52 4 0 270
02:38:22 4 0 268
02:38:54 3 1 268
02:39:23 4 0 267
02:39:53 4 0 270
02:40:23 4 0 268
02:40:53 4 0 267
02:41:24 4 0 267
02:41:54 4 0 267
02:42:24 4 0 254
02:42:54 4 0 267
02:43:24 4 0 267
02:43:55 4 0 269
02:44:25 4 0 267
02:44:55 4 0 221
02:45:25 4 0 267
02:45:55 4 0 271
02:46:25 4 0 255
02:46:56 4 0 269
02:47:27 3 1 271
02:47:56 4 0 184
02:48:27 3 1 269
02:48:57 4 0 270
02:49:27 3 1 266
02:49:57 4 0 268
02:50:27 4 0 271
02:50:57 4 0 268
02:51:27 4 0 247
02:52:00 2 2 673
02:52:30 3 1 676
02:52:58 4 0 267
02:53:28 4 0 269
02:53:59 4 0 267
02:54:29 4 0 267
02:54:59 4 0 273
02:55:29 4 0 269
02:55:59 4 0 270
02:56:30 4 0 269
02:57:00 4 0 266
02:57:30 4 0 268
02:58:00 4 0 267
02:58:30 4 0 268
02:59:01 4 0 267
02:59:31 4 0 270
03:00:01 4 0 266
03:00:31 4 0 254
03:01:01 4 0 268
03:01:31 4 0 267
03:02:02 4 0 268
03:02:32 4 0 268
03:03:02 4 0 267
03:03:32 4 0 268
03:04:02 4 0 267
03:04:33 4 0 271
03:05:03 4 0 268
03:05:34 3 1 267
03:06:04 4 0 270
03:06:34 4 0 267
03:07:04 4 0 267
03:07:35 4 0 267
03:08:05 4 0 267
03:08:36 4 0 267
03:09:06 4 0 267
03:09:36 4 0 268
03:10:06 4 0 269
03:10:36 4 0 267
03:11:06 4 0 267
03:11:37 4 0 267
03:12:07 4 0 267
03:12:37 4 0 267
03:13:07 4 0 270
03:13:37 4 0 268
03:14:07 4 0 267
03:14:38 4 0 266
03:15:08 4 0 268
03:15:38 4 0 267
03:16:08 4 0 267
03:16:38 4 0 267
03:17:08 4 0 267
03:17:39 4 0 268
03:18:10 3 1 267
03:18:39 4 0 268
03:19:09 4 0 267
03:19:39 4 0 270
03:20:10 4 0 268
03:20:40 4 0 267
03:21:10 4 0 267
03:21:40 4 0 267
03:22:10 4 0 267
03:22:40 4 0 267
03:23:11 4 0 267
03:23:41 4 0 267
03:24:12 3 1 267
03:24:41 4 0 267
03:25:11 4 0 267
03:25:41 4 0 267
03:26:12 4 0 267
03:26:42 4 0 267
03:27:12 4 0 267
03:27:42 4 0 267
03:28:12 4 0 267
03:28:42 4 0 267
03:29:13 4 0 269
03:29:43 4 0 276
03:30:13 4 0 267
03:30:43 4 0 268
03:31:13 4 0 267
03:31:43 4 0 268
03:32:14 4 0 267
03:32:44 4 0 267
03:33:14 4 0 267
03:33:44 4 0 267
03:34:14 4 0 267
03:34:44 4 0 267
03:35:15 4 0 266
03:35:45 4 0 265
03:36:15 4 0 266
03:36:45 4 0 267
03:37:15 4 0 266
03:37:45 4 0 267
03:38:16 4 0 267
03:38:46 4 0 268
03:39:16 4 0 243
03:39:46 4 0 267
03:40:16 4 0 267
03:40:47 4 0 268
03:41:17 4 0 268
03:41:47 4 0 267
03:42:17 4 0 267
03:42:47 4 0 267
03:43:17 4 0 267
03:43:48 4 0 265
03:44:18 4 0 267
03:44:48 4 0 267
03:45:18 4 0 267
03:45:48 4 0 269
03:46:18 4 0 223
03:46:49 4 0 266
03:47:19 4 0 267
03:47:49 4 0 269
03:48:19 4 0 267
03:48:49 4 0 251
03:49:19 4 0 268
03:49:50 4 0 267
03:50:20 4 0 267
03:50:50 4 0 267
03:51:20 4 0 267
03:51:50 4 0 267
03:52:21 4 0 266
03:52:51 4 0 267
03:53:21 4 0 267
03:53:51 4 0 267
03:54:21 4 0 267
03:54:51 4 0 270
03:55:22 4 0 267
03:55:52 4 0 268
03:56:22 4 0 267
03:56:52 4 0 266
03:57:22 4 0 267
03:57:52 4 0 267
03:58:23 4 0 267
03:58:53 4 0 267
03:59:23 4 0 267
03:59:53 4 0 267
04:00:23 4 0 267
04:00:53 4 0 267
04:01:24 4 0 267
04:01:54 4 0 267
04:02:24 4 0 267
04:02:54 4 0 267
04:03:24 4 0 235
04:03:54 4 0 248
04:04:24 4 0 267
04:04:55 4 0 267
04:05:25 4 0 267
04:05:55 4 0 268
04:06:25 4 0 267
04:06:55 4 0 266
04:07:26 4 0 266
04:07:56 4 0 267
04:08:26 4 0 267
04:08:56 4 0 235
04:09:26 4 0 266
04:09:56 4 0 264
04:10:27 4 0 267
04:10:57 4 0 267
04:11:27 4 0 267
04:11:57 4 0 268
04:12:27 4 0 268
04:12:57 4 0 267
04:13:28 4 0 268
04:13:59 3 1 269
04:14:28 4 0 263
04:14:58 4 0 258
04:15:28 4 0 266
04:15:58 4 0 267
04:16:29 4 0 267
04:16:59 4 0 267
04:17:29 4 0 267
04:17:59 4 0 267
04:18:29 4 0 267
04:18:59 4 0 266
04:19:30 4 0 267
04:20:00 4 0 268
04:20:30 4 0 262
04:21:00 4 0 267
04:21:30 4 0 270
04:22:00 4 0 267
04:22:31 4 0 258
04:23:01 4 0 267
04:23:31 4 0 278
04:24:01 4 0 267
04:24:31 4 0 266
04:25:01 4 0 268
04:25:32 4 0 267
04:26:01 4 0 166
04:26:32 4 0 166
04:27:02 4 0 166
04:27:32 4 0 166
04:28:02 4 0 165
04:28:32 4 0 167
04:29:02 4 0 166
04:29:34 3 1 168
04:30:03 4 0 166
04:30:33 4 0 166
04:31:03 4 0 166
04:31:33 4 0 165
04:32:03 4 0 168
04:32:34 4 0 168
04:33:04 4 0 166
04:33:34 4 0 165
04:34:04 4 0 166
04:34:34 4 0 165
04:35:05 4 0 165
04:35:35 4 0 166
04:36:05 4 0 166
04:36:35 4 0 166
04:37:05 4 0 165
04:37:35 4 0 166
04:38:06 4 0 166
04:38:36 4 0 165
04:39:06 4 0 166
04:39:36 4 0 166
04:40:06 4 0 165
04:40:37 4 0 165
04:41:07 4 0 166
04:41:37 4 0 165
04:42:07 4 0 166
04:42:37 4 0 166
04:43:08 4 0 165
04:43:38 4 0 166
04:44:08 4 0 166
04:44:38 4 0 166
04:45:08 4 0 166
04:45:38 4 0 166
04:46:09 4 0 166
04:46:39 4 0 166
04:47:09 4 0 166
04:47:39 4 0 166
04:48:09 4 0 165
04:48:39 4 0 166
04:49:10 4 0 167
04:49:40 4 0 166
04:50:10 4 0 166
04:50:40 4 0 166
04:51:10 4 0 168
04:51:40 4 0 166
04:52:10 4 0 166
04:52:41 4 0 166
04:53:11 4 0 166
04:53:41 4 0 166
04:54:11 4 0 165
04:54:41 4 0 165
04:55:12 4 0 166
04:55:42 4 0 166
04:56:12 4 0 167
04:56:42 4 0 166
04:57:12 4 0 166
04:57:42 4 0 166
04:58:13 4 0 176
04:58:43 4 0 166
04:59:13 4 0 166
04:59:43 4 0 166
05:00:13 4 0 166
05:00:44 4 0 166
05:01:14 4 0 167
05:01:44 4 0 166
05:02:14 4 0 166
05:02:44 4 0 166
05:03:14 4 0 166
05:03:44 4 0 166
05:04:15 4 0 166
05:04:45 4 0 166
05:05:15 4 0 165
05:05:45 4 0 166
05:06:15 4 0 165
05:06:46 4 0 165
05:07:16 4 0 166
05:07:46 4 0 166
05:08:16 4 0 166
05:08:46 4 0 166
05:09:16 4 0 166
05:09:47 4 0 166
05:10:17 4 0 165
05:10:47 4 0 165
05:11:17 4 0 166
05:11:47 4 0 166
05:12:17 4 0 166
05:12:48 4 0 166
05:13:18 4 0 165
05:13:48 4 0 165
05:14:18 4 0 165
05:14:48 4 0 166
05:15:18 4 0 166
05:15:49 4 0 177
05:16:19 4 0 166
05:16:49 4 0 166
05:17:19 4 0 166
05:17:49 4 0 166
05:18:20 4 0 166
05:18:50 4 0 166
05:19:20 4 0 166
05:19:50 4 0 166
05:20:20 4 0 167
05:20:51 4 0 166
05:21:21 4 0 165
05:21:51 4 0 166
05:22:21 4 0 166
05:22:51 4 0 165
05:23:21 4 0 166
05:23:52 4 0 166
05:24:22 4 0 166
05:24:52 4 0 165
05:25:22 4 0 166
05:25:52 4 0 166
05:26:22 4 0 166
05:26:53 4 0 166
05:27:23 4 0 166
05:27:53 4 0 166
05:28:23 4 0 166
05:28:53 4 0 165
05:29:23 4 0 166
05:29:54 4 0 165
05:30:24 4 0 166
05:30:54 4 0 166
05:31:24 4 0 166
05:31:54 4 0 166
05:32:24 4 0 165
05:32:55 4 0 165
05:33:25 4 0 166
05:33:55 4 0 165
05:34:25 4 0 166
05:34:55 4 0 166
05:35:25 4 0 166
05:35:56 4 0 166
05:36:26 4 0 166
05:36:56 4 0 165
05:37:26 4 0 166
05:37:56 4 0 166
05:38:26 4 0 166
05:38:57 4 0 165
05:39:27 4 0 166
05:39:57 4 0 165
05:40:27 4 0 166
05:40:57 4 0 166
05:41:28 4 0 166
05:41:58 4 0 166
05:42:28 4 0 166
05:42:58 4 0 166
05:43:28 4 0 166
05:43:58 4 0 166
05:44:29 4 0 165
05:44:59 4 0 165
05:45:29 4 0 166
05:45:59 4 0 165
05:46:29 4 0 166
05:46:59 4 0 166
05:47:30 4 0 166
05:48:00 4 0 166
05:48:30 4 0 165
05:49:00 4 0 166
05:49:30 4 0 166
05:50:00 4 0 172
05:50:31 4 0 165
05:51:01 4 0 166
05:51:31 4 0 166
05:52:01 4 0 165
05:52:31 4 0 166
05:53:01 4 0 166
05:53:32 4 0 166
05:54:02 4 0 165
05:54:32 4 0 167
05:55:02 4 0 166
05:55:32 4 0 169
05:56:03 4 0 166
05:56:33 4 0 165
05:57:03 4 0 166
05:57:33 4 0 166
05:58:03 4 0 165
05:58:33 4 0 166
05:59:04 4 0 165
05:59:34 4 0 166
06:00:04 4 0 165
06:00:34 4 0 165
06:01:04 4 0 165
06:01:35 4 0 166
06:02:05 4 0 166
06:02:35 4 0 166
06:03:05 4 0 165
06:03:35 4 0 169
06:04:06 4 0 165
06:04:36 4 0 169
06:05:06 4 0 166
06:05:36 4 0 166
06:06:07 4 0 166
06:06:37 4 0 166
06:07:07 4 0 165
06:07:37 4 0 166
06:08:07 4 0 165
06:08:37 4 0 166
06:09:08 4 0 165
06:09:38 4 0 166
06:10:08 4 0 166
06:10:38 4 0 165
06:11:08 4 0 165
06:11:39 4 0 165
06:12:09 4 0 166
06:12:39 4 0 165
06:13:09 4 0 166
06:13:39 4 0 165
06:14:09 4 0 165
06:14:40 4 0 175
06:15:10 4 0 166
06:15:40 4 0 166
06:16:10 4 0 166
06:16:40 4 0 166
06:17:11 4 0 166
06:17:41 4 0 166
06:18:11 4 0 166
06:18:41 4 0 194
06:19:11 4 0 166
06:19:41 4 0 166
06:20:12 4 0 166
06:20:42 4 0 165
06:21:12 4 0 166
06:21:42 4 0 166
06:22:12 4 0 166
06:22:42 4 0 166
06:23:13 4 0 166
06:23:43 4 0 165
06:24:13 4 0 165
06:24:43 4 0 168
06:25:13 4 0 166
06:25:43 4 0 166
06:26:14 4 0 166
06:26:44 4 0 166
06:27:14 4 0 166
06:27:44 4 0 166
06:28:14 4 0 166
06:28:45 4 0 183
06:29:15 4 0 166
06:29:45 4 0 165
06:30:15 4 0 166
06:30:45 4 0 165
06:31:15 4 0 166
06:31:46 4 0 166
06:32:16 4 0 166
06:32:46 4 0 166
06:33:16 4 0 166
06:33:46 4 0 166
06:34:16 4 0 166
06:34:46 4 0 166
06:35:17 4 0 165
06:35:47 4 0 165
06:36:17 4 0 165
06:36:47 4 0 166
06:37:17 4 0 166
06:37:47 4 0 166
06:38:18 4 0 166
06:38:48 4 0 166
06:39:18 4 0 166
06:39:48 4 0 166
06:40:18 4 0 166
06:40:49 4 0 165
06:41:19 4 0 166
06:41:49 4 0 166
06:42:19 4 0 166
06:42:49 4 0 165
06:43:19 4 0 166
06:43:50 4 0 169
06:44:20 4 0 166
06:44:50 4 0 166
06:45:20 4 0 166
06:45:50 4 0 165
06:46:20 4 0 166
06:46:51 4 0 166
06:47:21 4 0 165
06:47:51 4 0 165
06:48:21 4 0 166
06:48:51 4 0 166
06:49:21 4 0 166
06:49:52 4 0 166
06:50:22 4 0 166
06:50:52 4 0 166
06:51:22 4 0 165
06:51:52 4 0 166
06:52:22 4 0 166
06:52:53 4 0 194
06:53:23 4 0 165
06:53:53 4 0 166
06:54:23 4 0 166
06:54:53 4 0 166
06:55:23 4 0 166
06:55:54 4 0 165
06:56:24 4 0 166
06:56:54 4 0 165
06:57:24 4 0 165
06:57:54 4 0 166
06:58:24 4 0 166
06:58:55 4 0 165
06:59:25 4 0 166
06:59:55 4 0 165
07:00:25 4 0 166
07:00:55 4 0 166
07:01:25 4 0 166
07:01:56 4 0 167
07:02:26 4 0 166
07:02:56 4 0 166
07:03:26 4 0 166
07:03:56 4 0 166
07:04:26 4 0 166
07:04:57 4 0 166
07:05:27 4 0 166
07:05:57 4 0 166
07:06:27 4 0 166
07:06:57 4 0 165
07:07:27 4 0 166
07:07:58 4 0 165
07:08:28 4 0 165
07:08:58 4 0 165
07:09:28 4 0 166
07:09:58 4 0 166
07:10:28 4 0 166
07:10:59 4 0 166
07:11:29 4 0 166
07:11:59 4 0 165
07:12:29 4 0 165
07:12:59 4 0 166
07:13:29 4 0 180
07:14:00 4 0 166
07:14:30 4 0 166
07:15:00 4 0 166
07:15:30 4 0 166
07:16:00 4 0 166
07:16:31 4 0 166
07:17:01 4 0 167
07:17:31 4 0 166
07:18:01 4 0 166
07:18:31 4 0 166
07:19:01 4 0 166
07:19:32 4 0 165
07:20:02 4 0 165
07:20:32 4 0 165
07:21:02 4 0 166
07:21:32 4 0 166
07:22:02 4 0 166
07:22:33 4 0 165
07:23:03 4 0 166
07:23:33 4 0 166
07:24:03 4 0 166
07:24:33 4 0 166
07:25:03 4 0 166
07:25:34 4 0 166
07:26:04 4 0 166
07:26:35 4 0 166
07:27:05 4 0 166
07:27:35 4 0 165
07:28:06 4 0 166
07:28:36 4 0 166
07:29:06 4 0 165
07:29:36 4 0 166
07:30:06 4 0 165
07:30:36 4 0 166
07:31:07 4 0 165
07:31:37 4 0 166
07:32:07 4 0 166
07:32:37 4 0 166
07:33:07 4 0 166
07:33:37 4 0 166
07:34:08 4 0 165
07:34:38 4 0 166
07:35:09 4 0 166
07:35:39 4 0 166
07:36:09 4 0 166
07:36:39 4 0 166
07:37:10 4 0 166
07:37:40 4 0 166
07:38:10 4 0 165
07:38:40 4 0 166
07:39:10 4 0 166
07:39:40 4 0 181
07:40:11 4 0 166
07:40:41 4 0 165
07:41:11 4 0 165
07:41:41 4 0 166
07:42:11 4 0 177
07:42:41 4 0 165
07:43:12 4 0 165
07:43:42 4 0 166
07:44:12 4 0 166
07:44:42 4 0 166
07:45:12 4 0 166
07:45:42 4 0 166
07:46:13 4 0 166
07:46:43 4 0 165
07:47:13 4 0 166
07:47:43 4 0 166
07:48:13 4 0 166
07:48:43 4 0 166
07:49:14 4 0 166
07:49:44 4 0 166
07:50:14 4 0 166
07:50:44 4 0 166
07:51:14 4 0 192
07:51:44 4 0 166
07:52:14 4 0 166
07:52:45 4 0 196
07:53:15 4 0 166
07:53:45 4 0 166
07:54:15 4 0 166
07:54:45 4 0 166
07:55:15 4 0 166
07:55:45 4 0 166
07:56:16 4 0 166
07:56:46 4 0 166
07:57:16 4 0 166
07:57:46 4 0 166
07:58:16 4 0 166
07:58:46 4 0 165
07:59:17 4 0 166
07:59:47 4 0 166
08:00:17 4 0 166
08:00:47 4 0 166
08:01:17 4 0 166
08:01:47 4 0 166
08:02:18 4 0 166
08:02:48 4 0 165
08:03:18 4 0 166
08:03:48 4 0 166
08:04:18 4 0 166
08:04:48 4 0 166
08:05:19 4 0 166
08:05:49 4 0 165
08:06:19 4 0 170
08:06:49 4 0 166
08:07:19 4 0 166
08:07:49 4 0 166
08:08:19 4 0 166
08:08:49 4 0 166
08:09:20 4 0 166
08:09:50 4 0 166
08:10:20 4 0 166
08:10:50 4 0 166
08:11:20 4 0 166
08:11:50 4 0 166
08:12:21 4 0 188
08:12:51 4 0 166
08:13:21 4 0 166
08:13:51 4 0 179
08:14:21 4 0 166
08:14:51 4 0 165
08:15:22 4 0 165
08:15:52 4 0 166
08:16:22 4 0 166
08:16:52 4 0 166
08:17:22 4 0 165
08:17:52 4 0 166
08:18:23 4 0 166
08:18:53 4 0 166
08:19:23 4 0 166
08:19:53 4 0 166
08:20:23 4 0 166
08:20:53 4 0 166
08:21:24 4 0 166
08:21:54 4 0 166
08:22:24 4 0 165
08:22:54 4 0 166
08:23:25 4 0 197
08:23:55 4 0 165
08:24:25 4 0 166
08:24:55 4 0 166
08:25:25 4 0 166
08:25:56 4 0 166
08:26:26 4 0 166
08:26:56 4 0 178
08:27:26 4 0 166
08:27:56 4 0 166
08:28:26 4 0 165
08:28:57 4 0 165
08:29:27 4 0 166
08:29:57 4 0 166
08:30:27 4 0 166
08:30:57 4 0 166
08:31:27 4 0 166
08:31:57 4 0 166
08:32:28 4 0 166
08:32:58 4 0 166
08:33:28 4 0 165
08:33:58 4 0 166
08:34:28 4 0 166
08:34:58 4 0 166
08:35:29 4 0 166
08:35:59 4 0 166
08:36:29 4 0 165
08:36:59 4 0 166
08:37:29 4 0 166
08:37:59 4 0 166
08:38:30 4 0 166
08:39:00 4 0 166
08:39:30 4 0 166
08:40:00 4 0 165
08:40:30 4 0 166
08:41:00 4 0 166
08:41:31 4 0 166
08:42:01 4 0 166
08:42:31 4 0 166
08:43:02 4 0 166
08:43:32 4 0 166
08:44:02 4 0 166
08:44:33 4 0 166
08:45:03 4 0 166
08:45:33 4 0 166
08:46:03 4 0 166
08:46:34 4 0 166
08:47:04 4 0 165
08:47:34 4 0 166
08:48:04 4 0 166
08:48:34 4 0 166
08:49:04 4 0 166
08:49:35 4 0 166
08:50:05 4 0 166
08:50:35 4 0 166
08:51:05 4 0 166
08:51:35 4 0 166
08:52:05 4 0 166
08:52:36 4 0 166
08:53:06 4 0 166
08:53:36 4 0 166
08:54:06 4 0 167
08:54:36 4 0 166
08:55:06 4 0 166
08:55:37 4 0 166
08:56:07 4 0 166
08:56:38 4 0 166
08:57:08 4 0 166
08:57:38 4 0 165
08:58:09 4 0 167
08:58:39 4 0 166
08:59:09 4 0 166
08:59:40 4 0 166
09:00:10 4 0 166
09:00:40 4 0 173
09:01:10 4 0 166
09:01:40 4 0 165
09:02:10 4 0 166
09:02:41 4 0 166
09:03:11 4 0 201
09:03:41 4 0 166
09:04:11 4 0 165
09:04:41 4 0 166
09:05:11 4 0 166
09:05:41 4 0 166
09:06:11 4 0 166
09:06:42 4 0 166
09:07:12 4 0 166
09:07:42 4 0 166
09:08:12 4 0 166
09:08:42 4 0 166
09:09:12 4 0 166
09:09:42 4 0 166
09:10:12 4 0 166
09:10:43 4 0 166
09:11:13 4 0 166
09:11:43 4 0 166
09:12:13 4 0 166
09:12:43 4 0 165
09:13:13 4 0 166
09:13:43 4 0 167
09:14:13 4 0 166
09:14:44 4 0 166
09:15:14 4 0 166
09:15:44 4 0 165
09:16:14 4 0 166
09:16:44 4 0 166
09:17:15 3 1 166
09:17:45 4 0 168
09:18:15 4 0 166
09:18:45 4 0 166
09:19:15 4 0 166
09:19:45 4 0 166
09:20:15 4 0 166
09:20:46 4 0 166
09:21:16 4 0 166
09:21:47 3 1 166
09:22:16 4 0 166
09:22:46 4 0 165
09:23:16 4 0 166
09:23:47 4 0 166
09:24:17 4 0 166
09:24:47 4 0 166
09:25:17 4 0 166
09:25:47 4 0 166
09:26:17 4 0 166
09:26:47 4 0 166
09:27:17 4 0 166
09:27:48 4 0 166
09:28:18 4 0 166
09:28:48 4 0 166
09:29:18 4 0 166
09:29:48 4 0 166
09:30:18 4 0 166
09:30:48 4 0 165
09:31:18 4 0 166
09:31:49 4 0 166
09:32:19 4 0 166
09:32:49 4 0 166
09:33:19 4 0 166
09:33:49 4 0 166
09:34:19 4 0 166
09:34:50 4 0 166
09:35:20 4 0 167
09:35:50 4 0 166
09:36:20 4 0 166
09:36:50 4 0 166
09:37:20 4 0 205
09:37:51 4 0 166
09:38:21 4 0 166
09:38:51 4 0 166
09:39:21 4 0 166
09:39:52 4 0 168
09:40:22 4 0 165
09:40:52 4 0 166
09:41:22 4 0 166
09:41:52 4 0 166
09:42:22 4 0 171
09:42:53 4 0 165
09:43:23 4 0 166
09:43:53 4 0 165
09:44:23 4 0 166
09:44:53 4 0 166
09:45:23 4 0 166
09:45:53 4 0 176
09:46:23 4 0 192
09:46:54 4 0 166
09:47:24 4 0 165
09:47:54 4 0 166
09:48:24 4 0 166
09:48:54 4 0 166
09:49:24 4 0 166
09:49:55 3 1 166
09:50:24 4 0 166
09:50:55 4 0 196
09:51:25 4 0 166
09:51:56 4 0 166
09:52:26 4 0 166
09:52:56 4 0 166
09:53:26 4 0 166
09:53:56 4 0 166
09:54:26 4 0 165
09:54:56 4 0 166
09:55:26 4 0 166
09:55:57 4 0 166
09:56:27 4 0 166
09:56:57 4 0 166
09:57:27 4 0 166
09:57:57 4 0 166
09:58:27 4 0 166
09:58:57 4 0 167
09:59:27 4 0 166
09:59:58 4 0 166
10:00:28 4 0 167
10:00:58 4 0 166
10:01:28 4 0 165
10:01:58 4 0 165
10:02:28 4 0 165
10:02:58 4 0 209
10:03:28 4 0 166
10:03:58 4 0 165
10:04:29 4 0 166
10:04:59 4 0 165
10:05:29 4 0 165
10:05:59 4 0 166
10:06:29 4 0 166
10:06:59 4 0 165
10:07:29 4 0 166
10:07:59 4 0 166
10:08:30 4 0 165
10:09:00 4 0 166
10:09:30 4 0 166
10:10:00 4 0 166
10:10:30 4 0 166
10:11:00 4 0 166
10:11:30 4 0 166
10:12:01 4 0 202
10:12:32 2 2 193
10:13:01 4 0 208
10:13:31 4 0 204
10:14:03 2 2 211
10:14:31 4 0 193
10:15:02 3 1 181
10:15:32 3 1 201
10:16:03 3 1 211
10:16:32 4 0 209
10:17:02 4 0 201
10:17:32 4 0 198
10:18:02 4 0 197
10:18:33 3 1 197
10:19:03 4 0 191
10:19:32 4 0 180
10:20:03 4 0 196
10:20:33 4 0 203
10:21:04 4 0 198
10:21:34 4 0 194
10:22:04 4 0 201
10:22:34 4 0 214
10:23:05 4 0 200
10:23:36 3 1 211
10:24:06 4 0 198
10:24:36 4 0 166
10:25:06 4 0 166
10:25:36 4 0 166
10:26:08 3 1 166
10:26:38 3 1 166
10:27:09 4 0 166
10:27:39 4 0 166
10:28:09 4 0 166
10:28:39 4 0 166
10:29:09 4 0 166
10:29:39 4 0 166
10:30:09 4 0 166
10:30:39 4 0 165
10:31:10 4 0 165
10:31:40 4 0 166
10:32:10 4 0 166
10:32:40 4 0 176
10:33:10 4 0 166
10:33:40 4 0 166
10:34:10 4 0 166
10:34:41 3 1 166
10:35:11 4 0 166
10:35:41 4 0 166
10:36:11 4 0 166
10:36:41 4 0 165
10:37:11 4 0 166
10:37:41 4 0 166
10:38:12 4 0 166
10:38:42 4 0 166
10:39:13 4 0 166
10:39:43 4 0 166
10:40:13 4 0 165
10:40:43 4 0 166
10:41:14 4 0 166
10:41:44 4 0 166
10:42:14 4 0 166
10:42:44 4 0 165
10:43:14 4 0 166
10:43:44 4 0 166
10:44:15 4 0 166
10:44:45 4 0 166
10:45:15 4 0 166
10:45:45 4 0 166
10:46:15 4 0 166
10:46:45 4 0 166
10:47:16 4 0 166
10:47:46 4 0 166
10:48:16 4 0 165
10:48:46 4 0 166
10:49:16 4 0 166
10:49:46 4 0 165
10:50:17 4 0 166
10:50:47 4 0 166
10:51:17 4 0 166
10:51:47 4 0 166
10:52:17 4 0 166
10:52:48 4 0 166
10:53:18 4 0 166
10:53:48 4 0 166
10:54:18 4 0 166
10:54:48 4 0 166
10:55:19 4 0 166
10:55:49 4 0 166
10:56:20 4 0 166
10:56:50 4 0 166
10:57:20 4 0 166
10:57:50 4 0 169
10:58:20 4 0 166
10:58:51 4 0 166
10:59:21 4 0 166
10:59:51 4 0 166
11:00:22 4 0 166
11:00:52 4 0 166
11:01:22 4 0 166
11:01:52 4 0 166
11:02:22 4 0 166
11:02:52 4 0 166
11:03:23 4 0 166
11:03:53 4 0 166
11:04:23 4 0 166
11:04:53 4 0 166
11:05:23 4 0 165
11:05:53 4 0 166
11:06:24 4 0 168
11:06:54 4 0 165
11:07:24 4 0 166
11:07:54 4 0 166
11:08:24 4 0 166
11:08:54 4 0 166
11:09:25 3 1 166
11:09:55 4 0 166
11:10:25 4 0 166
11:10:55 4 0 166
11:11:25 4 0 166
11:11:55 4 0 166
11:12:26 4 0 166
11:12:56 4 0 166
11:13:26 4 0 165
11:13:56 4 0 166
11:14:26 4 0 166
11:14:57 4 0 165
11:15:27 4 0 200
11:15:57 4 0 166
11:16:28 4 0 167
11:16:58 4 0 166
11:17:28 4 0 166
11:17:58 4 0 166
11:18:29 4 0 166
11:18:59 4 0 166
11:19:29 4 0 166
11:19:59 4 0 166
11:20:29 4 0 177
11:20:59 4 0 165
11:21:30 4 0 166
11:22:00 4 0 166
11:22:30 4 0 166
11:23:00 4 0 166
11:23:30 4 0 166
11:24:00 4 0 165
11:24:30 4 0 166
11:25:00 4 0 166
11:25:31 4 0 166
11:26:01 4 0 165
11:26:31 4 0 166
11:27:01 4 0 166
11:27:31 4 0 166
11:28:01 4 0 166
11:28:31 4 0 166
11:29:01 4 0 166
11:29:32 4 0 166
11:30:02 4 0 166
11:30:32 4 0 166
11:31:02 4 0 166
11:31:32 4 0 166
11:32:02 4 0 166
11:32:32 4 0 166
11:33:02 4 0 166
11:33:33 4 0 166
11:34:03 4 0 166
11:34:33 4 0 190
11:35:03 4 0 166
11:35:33 4 0 165
11:36:04 4 0 166
11:36:34 4 0 165
11:37:05 4 0 181
11:37:35 4 0 166
11:38:05 4 0 166
11:38:36 4 0 166
11:39:06 4 0 166
11:39:36 4 0 166
11:40:06 4 0 166
11:40:36 4 0 185
11:41:06 4 0 166
11:41:36 4 0 166
11:42:06 4 0 166
11:42:37 3 1 166
11:43:07 4 0 166
11:43:37 4 0 166
11:44:07 4 0 166
11:44:38 4 0 166
11:45:08 4 0 165
11:45:38 4 0 166
11:46:09 4 0 168
11:46:39 4 0 166
11:47:09 4 0 165
11:47:39 4 0 166
11:48:09 4 0 166
11:48:40 4 0 166
11:49:10 4 0 166
11:49:41 4 0 166
11:50:11 4 0 166
11:50:43 2 2 176
11:51:14 1 3 176
11:51:41 4 0 165
11:52:12 4 0 166
11:52:42 4 0 166
11:53:12 4 0 165
11:53:42 4 0 166
11:54:12 4 0 166
11:54:42 4 0 166
11:55:12 4 0 166
11:55:42 4 0 165
11:56:13 4 0 166
11:56:43 4 0 166
11:57:13 4 0 165
11:57:43 4 0 166
11:58:13 4 0 165
11:58:43 4 0 166
11:59:13 4 0 166
11:59:44 4 0 184
12:00:14 4 0 166
12:00:44 4 0 166
12:01:14 4 0 165
12:01:44 4 0 166
12:02:14 4 0 166
12:02:45 4 0 166
12:03:15 4 0 166
12:03:45 4 0 166
12:04:15 4 0 165
12:04:45 4 0 165
12:05:15 4 0 165
12:05:45 4 0 166
12:06:16 4 0 167
12:06:46 4 0 166
12:07:16 4 0 166
12:07:47 4 0 166
12:08:17 4 0 166
12:08:47 4 0 166
12:09:17 4 0 166
12:09:47 4 0 165
12:10:18 4 0 166
12:10:48 4 0 166
12:11:18 4 0 166
12:11:48 4 0 166
12:12:18 4 0 166
12:12:48 4 0 166
12:13:19 4 0 166
12:13:49 4 0 166
12:14:19 4 0 166
12:14:49 4 0 166
12:15:19 4 0 166
12:15:50 4 0 166
12:16:20 4 0 166
12:16:51 4 0 166
12:17:21 4 0 166
12:17:51 4 0 166
12:18:21 4 0 166
12:18:52 4 0 166
12:19:22 4 0 166
12:19:52 4 0 166
12:20:22 4 0 166
12:20:52 4 0 166
12:21:22 4 0 166
12:21:52 4 0 166
12:22:22 4 0 166
12:22:53 4 0 166
12:23:23 4 0 166
12:23:53 4 0 166
12:24:23 4 0 166
12:24:53 4 0 166
12:25:23 4 0 166
12:25:53 4 0 166
12:26:23 4 0 166
12:26:54 4 0 166
12:27:24 4 0 166
12:27:54 4 0 166
12:28:24 4 0 166
12:28:55 4 0 166
12:29:25 4 0 166
12:29:55 4 0 166
12:30:25 4 0 166
12:30:55 4 0 166
12:31:25 4 0 166
12:31:55 4 0 166
12:32:25 4 0 166
12:32:55 4 0 166
12:33:25 4 0 166
12:33:56 4 0 165
12:34:26 4 0 166
12:34:56 4 0 166
12:35:26 4 0 166
12:35:56 4 0 166
12:36:26 4 0 187
12:36:56 4 0 166
12:37:26 4 0 166
12:37:57 4 0 166
12:38:27 4 0 166
12:38:57 4 0 197
12:39:27 4 0 165
12:39:57 4 0 166
12:40:27 4 0 166
12:40:57 4 0 166
12:41:27 4 0 166
12:41:58 4 0 166
12:42:28 4 0 166
12:42:58 4 0 166
12:43:28 4 0 166
12:43:58 4 0 166
12:44:28 4 0 166
12:44:58 4 0 166
12:45:28 4 0 166
12:45:58 4 0 166
12:46:28 4 0 203
12:46:58 4 0 166
12:47:29 4 0 166
12:47:59 4 0 166
12:48:29 4 0 166
12:48:59 4 0 175
12:49:29 4 0 166
12:50:00 4 0 166
12:50:30 4 0 166
12:51:00 4 0 166
12:51:30 4 0 184
12:52:01 4 0 166
12:52:31 4 0 166
12:53:01 4 0 166
12:53:31 4 0 178
12:54:01 4 0 166
12:54:31 4 0 193
12:55:01 4 0 166
12:55:31 4 0 166
12:56:02 4 0 166
12:56:32 4 0 166
12:57:02 4 0 166
12:57:32 4 0 166
12:58:02 4 0 166
12:58:32 4 0 166
12:59:02 4 0 166
12:59:32 4 0 166
13:00:03 4 0 166
13:00:33 4 0 166
13:01:03 4 0 165
13:01:33 4 0 165
13:02:03 4 0 166
13:02:33 4 0 166
13:03:03 4 0 186
13:03:33 4 0 166
13:04:04 4 0 166
13:04:34 4 0 196
13:05:04 4 0 166
13:05:34 4 0 166
13:06:04 4 0 166
13:06:34 4 0 166
13:07:04 4 0 166
13:07:34 4 0 166
13:08:04 4 0 166
13:08:34 4 0 166
13:09:05 4 0 190
13:09:35 4 0 167
13:10:05 4 0 166
13:10:35 4 0 166
13:11:05 4 0 166
13:11:35 4 0 166
13:12:05 4 0 166
13:12:35 4 0 166
13:13:05 4 0 165
13:13:35 4 0 166
13:14:06 4 0 166
13:14:36 4 0 166
13:15:06 4 0 166
13:15:36 4 0 165
13:16:06 4 0 166
13:16:36 4 0 166
13:17:06 4 0 165
13:17:36 4 0 177
13:18:06 4 0 166
13:18:36 4 0 165
13:19:07 4 0 166
13:19:37 4 0 168
13:20:07 4 0 166
13:20:37 4 0 166
13:21:07 4 0 166
13:21:37 4 0 166
13:22:08 4 0 166
13:22:38 4 0 166
13:23:08 4 0 165
13:23:38 4 0 165
13:24:08 4 0 166
13:24:38 4 0 177
13:25:08 4 0 166
13:25:42 0 4 -1
13:26:12 0 4 -1
13:26:39 4 0 166
13:27:09 4 0 166
13:27:39 4 0 166
13:28:09 4 0 166
13:28:39 4 0 166
13:29:09 4 0 166
13:29:40 4 0 166
13:30:10 4 0 166
13:30:40 4 0 167
13:31:10 4 0 166
13:31:40 4 0 166
13:32:10 4 0 166
13:32:40 4 0 175
13:33:10 4 0 166
13:33:41 4 0 166
13:34:11 4 0 166
13:34:41 4 0 166
13:35:11 4 0 166
13:35:41 4 0 165
13:36:12 4 0 166
13:36:42 4 0 166
13:37:12 4 0 166
13:37:42 4 0 166
13:38:12 4 0 166
13:38:42 4 0 166
13:39:12 4 0 166
13:39:42 4 0 166
13:40:13 4 0 166
13:40:43 4 0 166
13:41:13 4 0 166
13:41:43 4 0 166
13:42:13 4 0 198
13:42:44 4 0 193
13:43:14 4 0 180
13:43:44 4 0 166
13:44:14 4 0 168
13:44:44 4 0 166
13:45:15 4 0 166
13:45:45 4 0 166
13:46:15 4 0 166
13:46:45 4 0 166
13:47:16 4 0 166
13:47:46 4 0 166
13:48:16 4 0 166
13:48:47 4 0 166
13:49:17 4 0 165
13:49:47 4 0 166
13:50:17 4 0 166
13:50:47 4 0 166
13:51:18 3 1 166
13:51:47 4 0 166
13:52:18 4 0 166
13:52:48 4 0 166
13:53:18 4 0 166
13:53:48 4 0 166
13:54:18 4 0 166
13:54:48 4 0 166
13:55:18 4 0 166
13:55:48 4 0 166
13:56:18 4 0 166
13:56:49 4 0 165
13:57:19 4 0 166
13:57:49 4 0 166
13:58:19 4 0 166
13:58:49 4 0 166
13:59:19 4 0 166
13:59:49 4 0 166
14:00:19 4 0 166
14:00:49 4 0 166
14:01:20 4 0 168
14:01:50 4 0 166
14:02:20 4 0 166
14:02:50 4 0 165
14:03:20 4 0 166
14:03:50 4 0 168
14:04:20 4 0 167
14:04:50 4 0 172
14:05:21 4 0 166
14:05:51 4 0 167
14:06:21 4 0 166
14:06:51 4 0 166
14:07:21 4 0 167
14:07:52 4 0 166
14:08:22 4 0 166
14:08:52 4 0 166
14:09:22 4 0 168
14:09:52 4 0 166
14:10:22 4 0 166
14:10:52 4 0 166
14:11:23 4 0 166
14:11:53 4 0 166
14:12:23 4 0 166
14:12:53 4 0 166
14:13:23 4 0 166
14:13:53 4 0 167
14:14:24 4 0 166
14:14:54 4 0 166
14:15:24 4 0 166
14:15:54 4 0 166
14:16:24 4 0 167
14:16:54 4 0 165
14:17:25 4 0 166
14:17:55 4 0 165
14:18:25 4 0 180
14:18:55 4 0 166
14:19:25 4 0 168
14:19:55 4 0 166
14:20:25 4 0 167
14:20:55 4 0 166
14:21:26 4 0 191
14:21:56 4 0 166
14:22:26 4 0 166
14:22:56 4 0 166
14:23:26 4 0 166
14:23:56 4 0 166
14:24:27 4 0 166
14:24:57 4 0 166
14:25:27 4 0 168
14:25:57 4 0 166
14:26:28 4 0 166
14:26:58 4 0 166
14:27:28 4 0 172
14:27:58 4 0 166
14:28:28 4 0 165
14:28:58 4 0 166
14:29:29 4 0 168
14:29:59 4 0 166
14:30:29 4 0 166
14:30:59 4 0 166
14:31:29 4 0 166
14:31:59 4 0 166
14:32:30 4 0 166
14:33:00 4 0 166
14:33:30 4 0 166
14:34:00 4 0 167
14:34:30 4 0 170
14:35:00 4 0 169
14:35:31 4 0 166
14:36:01 4 0 166
14:36:31 4 0 168
14:37:02 4 0 175
14:37:32 4 0 166
14:38:03 4 0 166
14:38:33 4 0 166
14:39:03 4 0 201
14:39:33 4 0 166
14:40:04 4 0 166
14:40:34 4 0 166
14:41:04 4 0 166
14:41:34 4 0 166
14:42:05 4 0 166
14:42:35 4 0 166
14:43:05 4 0 166
14:43:35 4 0 166
14:44:05 4 0 180
14:44:37 3 1 166
14:45:06 4 0 165
14:45:36 4 0 166
14:46:06 4 0 166
14:46:36 4 0 166
14:47:07 4 0 166
14:47:37 4 0 166
14:48:07 4 0 166
14:48:37 4 0 166
14:49:07 4 0 166
14:49:37 4 0 166
14:50:08 4 0 166
14:50:38 4 0 166
14:51:08 4 0 166
14:51:38 4 0 166
14:52:09 4 0 166
14:52:39 4 0 166
14:53:09 4 0 166
14:53:39 4 0 166
14:54:09 4 0 166
14:54:39 4 0 168
14:55:09 4 0 168
14:55:39 4 0 166
14:56:09 4 0 166
14:56:40 4 0 166
14:57:10 4 0 166
14:57:40 4 0 166
14:58:10 4 0 166
14:58:40 4 0 166
14:59:10 4 0 166
14:59:40 4 0 167
15:00:10 4 0 166
15:00:41 4 0 166
15:01:11 4 0 168
15:01:41 4 0 166
15:02:11 4 0 166
15:02:41 4 0 166
15:03:11 4 0 166
15:03:41 4 0 166
15:04:11 4 0 166
15:04:41 4 0 166
15:05:12 4 0 168
15:05:42 4 0 166
15:06:12 4 0 166
15:06:42 4 0 166
15:07:12 4 0 166
15:07:44 2 2 166
15:08:12 4 0 166
15:08:42 4 0 166
15:09:12 4 0 166
15:09:42 4 0 166
15:10:13 4 0 166
15:10:43 4 0 166
15:11:13 4 0 166
15:11:43 4 0 166
15:12:13 4 0 166
15:12:43 4 0 166
15:13:13 4 0 166
15:13:43 4 0 168
15:14:14 4 0 165
15:14:44 4 0 166
15:15:14 4 0 166
15:15:44 4 0 182
15:16:14 4 0 166
15:16:45 3 1 166
15:17:14 4 0 166
15:17:45 4 0 167
15:18:15 4 0 192
15:18:45 4 0 166
15:19:15 4 0 166
15:19:45 4 0 169
15:20:15 4 0 166
15:20:45 4 0 166
15:21:15 4 0 166
15:21:46 4 0 166
15:22:16 4 0 166
15:22:47 3 1 166
15:23:16 4 0 200
15:23:46 4 0 166
15:24:16 4 0 168
15:24:46 4 0 166
15:25:16 4 0 166
15:25:46 4 0 166
15:26:16 4 0 166
15:26:47 4 0 166
15:27:17 4 0 166
15:27:47 4 0 166
15:28:17 4 0 166
15:28:47 4 0 166
15:29:17 4 0 166
15:29:47 4 0 166
15:30:17 4 0 166
15:30:47 4 0 166
15:31:18 4 0 166
15:31:48 4 0 166
15:32:18 4 0 166
15:32:48 4 0 166
15:33:18 4 0 166
15:33:49 4 0 166
15:34:19 4 0 168
15:34:49 4 0 166
15:35:19 4 0 166
15:35:49 4 0 166
15:36:19 4 0 166
15:36:49 4 0 166
15:37:19 4 0 166
15:37:49 4 0 166
15:38:19 4 0 166
15:38:50 4 0 166
15:39:20 4 0 166
15:39:50 4 0 166
15:40:20 4 0 168
15:40:50 4 0 166
15:41:20 4 0 166
15:41:50 4 0 166
15:42:20 4 0 166
15:42:50 4 0 166
15:43:20 4 0 166
15:43:51 4 0 166
15:44:21 4 0 165
15:44:51 4 0 168
15:45:21 4 0 166
15:45:51 4 0 168
15:46:21 4 0 166
15:46:52 4 0 166
15:47:22 4 0 166
15:47:52 4 0 166
15:48:22 4 0 166
15:48:52 4 0 167
15:49:22 4 0 166
15:49:52 4 0 166
15:50:22 4 0 166
15:50:52 4 0 168
15:51:23 4 0 166
15:51:53 4 0 165
15:52:23 4 0 166
15:52:53 4 0 166
15:53:23 4 0 166
15:53:53 4 0 166
15:54:24 4 0 166
15:54:54 4 0 183
15:55:24 4 0 167
15:55:54 4 0 166
15:56:24 4 0 166
15:56:54 4 0 166
15:57:24 4 0 165
15:57:54 4 0 166
15:58:24 4 0 166
15:58:55 4 0 166
15:59:25 4 0 166
15:59:55 4 0 169
16:00:25 4 0 166
16:00:55 4 0 166
16:01:25 4 0 166
16:01:55 4 0 166
16:02:25 4 0 166
16:02:55 4 0 166
16:03:25 4 0 166
16:03:56 4 0 166
16:04:26 4 0 166
16:04:56 4 0 166
16:05:26 4 0 166
16:05:56 4 0 166
16:06:26 4 0 166
16:06:57 3 1 166
16:07:26 4 0 166
16:07:57 4 0 166
16:08:27 4 0 165
16:08:57 4 0 185
16:09:27 4 0 166
16:09:57 4 0 166
16:10:27 4 0 166
16:10:57 4 0 165
16:11:27 4 0 166
16:11:58 4 0 207
16:12:28 3 1 166
16:12:58 4 0 166
16:13:28 3 1 166
16:13:58 4 0 166
16:14:28 4 0 166
16:14:58 4 0 167
16:15:28 4 0 166
16:15:58 4 0 166
16:16:28 4 0 166
16:16:59 4 0 327
16:17:31 2 2 487
16:17:59 4 0 174
16:18:29 4 0 165
16:18:59 4 0 166
16:19:29 4 0 166
16:19:59 4 0 198
16:20:29 4 0 209
16:20:59 4 0 166
16:21:29 4 0 166
16:22:00 4 0 166
16:22:30 4 0 166
16:23:00 4 0 166
16:23:30 4 0 166
16:24:00 4 0 165
16:24:30 4 0 166
16:25:00 4 0 166
16:25:30 4 0 166
16:26:01 4 0 166
16:26:31 4 0 166
16:27:01 4 0 166
16:27:31 4 0 166
16:28:01 4 0 166
16:28:31 4 0 166
16:29:01 4 0 166
16:29:31 4 0 166
16:30:02 4 0 166
16:30:32 4 0 166
16:31:02 4 0 166
16:31:32 4 0 166
16:32:02 4 0 166
16:32:32 4 0 166
16:33:03 4 0 166
16:33:33 4 0 166
16:34:03 4 0 166
16:34:33 4 0 166
16:35:03 4 0 166
16:35:33 4 0 166
16:36:03 4 0 166
16:36:33 4 0 166
16:37:04 4 0 166
16:37:34 4 0 166
16:38:04 4 0 166
16:38:34 4 0 166
16:39:04 4 0 166
16:39:34 4 0 166
16:40:05 4 0 166
16:40:35 4 0 166
16:41:05 4 0 165
16:41:35 4 0 166
16:42:05 4 0 171
16:42:35 4 0 166
16:43:05 4 0 166
16:43:35 4 0 166
16:44:05 4 0 166
16:44:35 4 0 166
16:45:08 3 1 542
16:45:37 4 0 491
16:46:06 4 0 166
16:46:36 4 0 166
16:47:06 4 0 166
16:47:36 4 0 166
16:48:06 4 0 168
16:48:36 4 0 168
16:49:09 2 2 578
16:49:39 3 1 579
16:50:07 4 0 166
16:50:37 4 0 165
16:51:07 4 0 166
16:51:37 4 0 164
16:52:07 4 0 166
16:52:37 4 0 166
16:53:08 4 0 165
16:53:38 4 0 166
16:54:08 4 0 166
16:54:38 4 0 166
16:55:08 4 0 166
16:55:38 4 0 166
16:56:08 4 0 166
16:56:38 4 0 165
16:57:09 4 0 166
16:57:39 4 0 166
16:58:09 4 0 166
16:58:39 4 0 166
16:59:09 4 0 166
16:59:39 4 0 166
17:00:09 4 0 166
17:00:39 4 0 166
17:01:12 2 2 585
17:01:42 2 2 495
17:02:10 4 0 166
17:02:40 4 0 166
17:03:10 4 0 166
17:03:41 4 0 196
17:04:11 4 0 166
17:04:41 4 0 166
17:05:11 4 0 165
17:05:41 4 0 166
17:06:11 4 0 166
17:06:41 4 0 166
17:07:12 4 0 166
17:07:42 4 0 166
17:08:12 4 0 176
17:08:42 4 0 166
17:09:12 4 0 166
17:09:42 4 0 166
17:10:12 4 0 166
17:10:42 4 0 166
17:11:12 4 0 166
17:11:42 4 0 166
17:12:13 4 0 177
17:12:43 4 0 168
17:13:13 4 0 177
17:13:43 4 0 166
17:14:13 4 0 166
17:14:43 4 0 166
17:15:13 4 0 166
17:15:43 4 0 166
17:16:13 4 0 166
17:16:44 4 0 166
17:17:15 3 1 166
17:17:44 4 0 166
17:18:14 4 0 166
17:18:44 4 0 166
17:19:14 4 0 165
17:19:44 4 0 166
17:20:14 4 0 166
17:20:44 4 0 166
17:21:15 4 0 166
17:21:45 4 0 166
17:22:15 4 0 166
17:22:45 4 0 166
17:23:15 4 0 165
17:23:45 4 0 166
17:24:16 4 0 166
17:24:46 4 0 167
17:25:16 4 0 166
17:25:46 4 0 168
17:26:16 4 0 166
17:26:46 4 0 166
17:27:17 4 0 166
17:27:47 4 0 165
17:28:17 4 0 166
17:28:47 4 0 166
17:29:17 4 0 165
17:29:47 4 0 166
17:30:17 4 0 166
17:30:47 4 0 166
17:31:18 4 0 166
17:31:48 4 0 166
17:32:18 4 0 178
17:32:48 4 0 178
17:33:18 4 0 166
17:33:48 4 0 166
17:34:18 4 0 166
17:34:49 4 0 166
17:35:19 4 0 166
17:35:49 4 0 166
17:36:19 4 0 166
17:36:49 4 0 166
17:37:19 4 0 166
17:37:49 4 0 166
17:38:20 4 0 166
17:38:50 4 0 166
17:39:20 4 0 166
17:39:50 4 0 166
17:40:21 4 0 165
17:40:51 4 0 166
17:41:21 4 0 166
17:41:51 4 0 166
17:42:21 4 0 166
17:42:52 4 0 166
17:43:22 4 0 177
17:43:52 4 0 166
17:44:22 4 0 165
17:44:52 4 0 166
17:45:23 4 0 166
17:45:53 4 0 166
17:46:23 4 0 166
17:46:53 4 0 166
17:47:23 4 0 166
17:47:53 4 0 166
17:48:23 4 0 166
17:48:53 4 0 166
17:49:24 4 0 166
17:49:54 4 0 166
17:50:24 4 0 166
17:50:54 4 0 166
17:51:24 4 0 167
17:51:54 4 0 166
17:52:24 4 0 166
17:52:54 4 0 166
17:53:25 4 0 166
17:53:55 4 0 166
17:54:25 4 0 166
17:54:55 4 0 167
17:55:25 4 0 166
17:55:55 4 0 166
17:56:25 4 0 166
17:56:55 4 0 166
17:57:26 4 0 166
17:57:56 4 0 166
17:58:26 4 0 169
17:58:56 4 0 166
17:59:26 4 0 166
17:59:56 4 0 166
18:00:26 4 0 166
18:00:57 4 0 166
18:01:27 4 0 166
18:01:57 4 0 166
18:02:27 4 0 166
18:02:58 4 0 166
18:03:28 4 0 167
18:03:58 4 0 166
18:04:28 4 0 166
18:04:58 4 0 166
18:05:29 4 0 166
18:05:59 4 0 166
18:06:29 4 0 165
18:06:59 4 0 166
18:07:29 4 0 166
18:07:59 4 0 166
18:08:29 4 0 166
18:08:59 4 0 169
18:09:30 4 0 177
18:10:00 4 0 166
18:10:30 4 0 166
18:11:00 4 0 165
18:11:30 4 0 166
18:12:00 4 0 166
18:12:30 4 0 166
18:13:01 4 0 166
18:13:31 4 0 165
18:14:01 4 0 166
18:14:32 3 1 165
18:15:01 4 0 167
18:15:31 4 0 173
18:16:01 4 0 165
18:16:32 4 0 166
18:17:02 4 0 166
18:17:32 4 0 166
18:18:02 4 0 166
18:18:32 4 0 166
18:19:02 4 0 166
18:19:32 4 0 166
18:20:02 4 0 183
18:20:33 4 0 166
18:21:03 4 0 166
18:21:33 4 0 166
18:22:03 4 0 166
18:22:34 4 0 168
18:23:04 4 0 166
18:23:34 4 0 166
18:24:04 4 0 170
18:24:35 4 0 166
18:25:05 4 0 166
18:25:35 4 0 166
18:26:05 4 0 166
18:26:35 4 0 166
18:27:05 4 0 165
18:27:36 4 0 166
18:28:06 4 0 166
18:28:36 4 0 166
18:29:06 4 0 181
18:29:36 4 0 165
18:30:06 4 0 166
18:30:37 4 0 166
18:31:07 4 0 165
18:31:37 4 0 164
18:32:09 3 1 491
18:32:40 2 2 499
18:33:07 4 0 167
18:33:38 4 0 166
18:34:08 4 0 166
18:34:39 4 0 166
18:35:09 4 0 165
18:35:39 4 0 166
18:36:09 4 0 165
18:36:39 4 0 165
18:37:09 4 0 165
18:37:39 4 0 165
18:38:09 4 0 166
18:38:40 4 0 166
18:39:10 4 0 166
18:39:40 4 0 165
18:40:10 4 0 165
18:40:40 4 0 166
18:41:10 4 0 165
18:41:40 4 0 165
18:42:10 4 0 165
18:42:41 4 0 166
18:43:13 2 2 588
18:43:42 4 0 490
18:44:11 4 0 165
18:44:41 4 0 166
18:45:11 4 0 166
18:45:41 4 0 165
18:46:11 4 0 165
18:46:41 4 0 166
18:47:12 4 0 166
18:47:42 4 0 166
18:48:14 3 1 490
18:48:43 4 0 487
18:49:12 4 0 166
18:49:42 4 0 165
18:50:12 4 0 166
18:50:42 4 0 166
18:51:12 4 0 166
18:51:43 4 0 165
18:52:13 4 0 166
18:52:43 4 0 164
18:53:13 4 0 165
18:53:44 4 0 168
18:54:14 4 0 165
18:54:44 4 0 165
18:55:14 4 0 165
18:55:45 4 0 165
18:56:15 4 0 164
18:56:45 4 0 165
18:57:15 4 0 165
18:57:45 4 0 165
18:58:15 4 0 165
18:58:45 4 0 165
18:59:15 4 0 165
18:59:45 4 0 165
19:00:15 4 0 165
19:00:46 4 0 165
19:01:16 4 0 166
19:01:46 4 0 165
19:02:16 4 0 166
19:02:46 4 0 164
19:03:16 4 0 165
19:03:46 4 0 165
19:04:16 4 0 165
19:04:47 4 0 166
19:05:17 4 0 172
19:05:47 4 0 165
19:06:17 4 0 165
19:06:47 4 0 167
19:07:17 4 0 164
19:07:47 4 0 165
19:08:17 4 0 165
19:08:47 4 0 166
19:09:17 4 0 165
19:09:48 4 0 165
19:10:18 4 0 165
19:10:48 4 0 165
19:11:18 4 0 165
19:11:48 4 0 165
19:12:18 4 0 165
19:12:49 4 0 165
19:13:19 4 0 166
19:13:49 4 0 165
19:14:19 4 0 166
19:14:49 4 0 165
19:15:19 4 0 166
19:15:49 4 0 166
19:16:19 4 0 165
19:16:49 4 0 166
19:17:19 4 0 166
19:17:50 4 0 165
19:18:20 4 0 166
19:18:50 4 0 166
19:19:20 4 0 168
19:19:50 4 0 165
19:20:20 4 0 166
19:20:50 4 0 166
19:21:20 4 0 166
19:21:50 4 0 166
19:22:20 4 0 166
19:22:51 4 0 166
19:23:21 4 0 164
19:23:51 4 0 166
19:24:21 4 0 166
19:24:51 4 0 166
19:25:21 4 0 166
19:25:51 4 0 167
19:26:21 4 0 166
19:26:51 4 0 166
19:27:21 4 0 166
19:27:52 4 0 166
19:28:22 4 0 166
19:28:52 4 0 166
19:29:22 4 0 174
19:29:52 4 0 166
19:30:22 4 0 166
19:30:52 4 0 166
19:31:22 4 0 166
19:31:53 4 0 169
19:32:23 4 0 169
19:32:53 4 0 166
19:33:23 4 0 166
19:33:53 4 0 166
19:34:23 4 0 166
19:34:54 4 0 166
19:35:24 4 0 165
19:35:54 4 0 166
19:36:24 4 0 166
19:36:54 4 0 166
19:37:24 4 0 166
19:37:54 4 0 166
19:38:24 4 0 166
19:38:54 4 0 166
19:39:25 4 0 166
19:39:55 4 0 166
19:40:25 4 0 166
19:40:55 4 0 166
19:41:25 4 0 166
19:41:55 4 0 166
19:42:25 4 0 166
19:42:55 4 0 166
19:43:25 4 0 165
19:43:56 4 0 166
19:44:26 4 0 166
19:44:56 4 0 166
19:45:26 4 0 166
19:45:56 4 0 167
19:46:26 4 0 166
19:46:56 4 0 168
19:47:26 4 0 166
19:47:56 4 0 166
19:48:26 4 0 168
19:48:57 4 0 166
19:49:27 4 0 166
19:49:57 4 0 167
19:50:27 4 0 167
19:50:57 4 0 166
19:51:27 4 0 166
19:51:57 4 0 168
19:52:27 4 0 179
19:52:57 4 0 166
19:53:27 4 0 165
19:53:58 4 0 166
19:54:28 4 0 166
19:54:59 3 1 168
19:55:28 4 0 166
19:55:58 4 0 166
19:56:28 4 0 166
19:56:58 4 0 166
19:57:28 4 0 166
19:57:59 4 0 169
19:58:29 4 0 166
19:58:59 4 0 166
19:59:29 4 0 166
19:59:59 4 0 166
20:00:29 4 0 165
20:00:59 4 0 166
20:01:29 4 0 168
20:02:00 4 0 195
20:02:29 4 0 166
20:03:00 4 0 166
20:03:30 4 0 165
20:04:00 4 0 165
20:04:30 4 0 166
20:05:00 4 0 166
20:05:30 4 0 166
20:06:00 4 0 166
20:06:30 4 0 166
20:07:00 4 0 166
20:07:30 4 0 166
20:08:01 4 0 166
20:08:31 4 0 166
20:09:01 4 0 165
20:09:31 4 0 166
20:10:01 4 0 165
20:10:31 4 0 166
20:11:01 4 0 166
20:11:31 4 0 165
20:12:01 4 0 165
20:12:31 4 0 166
20:13:02 4 0 166
20:13:32 4 0 166
20:14:02 4 0 166
20:14:32 4 0 166
20:15:02 4 0 166
20:15:32 4 0 166
20:16:02 4 0 166
20:16:32 4 0 166
20:17:02 4 0 168
20:17:32 4 0 165
20:18:03 4 0 168
20:18:33 4 0 166
20:19:03 4 0 166
20:19:33 4 0 166
20:20:03 4 0 166
20:20:33 4 0 166
20:21:03 4 0 165
20:21:33 4 0 165
20:22:04 4 0 165
20:22:34 4 0 166
20:23:04 4 0 166
20:23:34 4 0 166
20:24:04 4 0 166
20:24:34 4 0 166
20:25:04 4 0 166
20:25:34 4 0 166
20:26:05 4 0 165
20:26:35 4 0 166
20:27:05 4 0 166
20:27:35 4 0 166
20:28:05 4 0 165
20:28:35 4 0 168
20:29:06 4 0 202
20:29:35 4 0 166
20:30:06 4 0 165
20:30:36 4 0 166
20:31:06 4 0 165
20:31:36 4 0 165
20:32:06 4 0 165
20:32:36 4 0 165
20:33:07 3 1 165
20:33:36 4 0 165
20:34:06 4 0 166
20:34:36 4 0 166
20:35:07 4 0 166
20:35:37 4 0 166
20:36:07 4 0 165
20:36:37 4 0 164
20:37:07 4 0 166
20:37:37 4 0 166
20:38:07 4 0 165
20:38:37 4 0 165
20:39:07 4 0 165
20:39:37 4 0 166
20:40:08 4 0 165
20:40:38 4 0 165
20:41:08 4 0 165
20:41:38 4 0 165
20:42:08 4 0 166
20:42:38 4 0 165
20:43:08 4 0 165
20:43:38 4 0 165
20:44:08 4 0 166
20:44:38 4 0 166
20:45:09 4 0 165
20:45:39 4 0 165
20:46:09 4 0 166
20:46:39 4 0 165
20:47:09 4 0 164
20:47:39 4 0 165
20:48:09 4 0 165
20:48:39 4 0 166
20:49:10 4 0 177
20:49:40 4 0 165
20:50:10 4 0 166
20:50:40 4 0 166
20:51:10 4 0 169
20:51:40 4 0 165
20:52:10 4 0 167
20:52:40 4 0 166
20:53:10 4 0 166
20:53:41 3 1 165
20:54:11 4 0 165
20:54:41 4 0 165
20:55:11 4 0 166
20:55:41 4 0 166
20:56:11 4 0 166
20:56:41 4 0 166
20:57:11 4 0 165
20:57:41 4 0 166
20:58:11 4 0 165
20:58:41 4 0 164
20:59:12 4 0 166
20:59:43 3 1 165
21:00:12 4 0 166
21:00:42 4 0 164
21:01:12 4 0 165
21:01:42 4 0 165
21:02:12 4 0 165
21:02:42 4 0 165
21:03:13 4 0 165
21:03:43 4 0 165
21:04:13 4 0 167
21:04:43 4 0 165
21:05:13 4 0 165
21:05:43 4 0 165
21:06:13 4 0 165
21:06:44 4 0 165
21:07:14 4 0 166
21:07:44 4 0 165
21:08:14 4 0 166
21:08:44 4 0 165
21:09:15 4 0 165
21:09:45 4 0 167
21:10:15 4 0 167
21:10:45 4 0 166
21:11:15 4 0 165
21:11:45 4 0 192
21:12:15 4 0 166
21:12:45 4 0 165
21:13:16 4 0 165
21:13:46 4 0 166
21:14:16 4 0 165
21:14:47 3 1 165
21:15:16 4 0 165
21:15:46 4 0 198
21:16:16 4 0 166
21:16:46 4 0 166
21:17:16 4 0 166
21:17:46 4 0 165
21:18:17 4 0 164
21:18:47 4 0 165
21:19:17 4 0 165
21:19:47 4 0 165
21:20:17 4 0 166
21:20:47 4 0 166
21:21:18 4 0 166
21:21:48 4 0 166
21:22:18 4 0 165
21:22:48 4 0 165
21:23:18 4 0 165
21:23:48 4 0 165
21:24:18 4 0 165
21:24:48 4 0 165
21:25:18 4 0 165
21:25:48 4 0 165
21:26:19 4 0 166
21:26:49 4 0 166
21:27:20 4 0 166
21:27:50 4 0 165
21:28:20 4 0 166
21:28:50 4 0 166
21:29:20 4 0 166
21:29:50 4 0 165
21:30:21 4 0 165
21:30:51 4 0 165
21:31:21 4 0 165
21:31:51 4 0 166
21:32:21 4 0 166
21:32:51 4 0 165
21:33:21 4 0 165
21:33:51 4 0 166
21:34:21 4 0 165
21:34:51 4 0 166
21:35:22 4 0 165
21:35:52 4 0 167
21:36:22 4 0 165
21:36:52 4 0 165
21:37:22 4 0 165
21:37:52 4 0 165
21:38:22 4 0 164
21:38:52 4 0 169
21:39:22 4 0 165
21:39:52 4 0 166
21:40:23 4 0 165
21:40:53 4 0 165
21:41:23 4 0 165
21:41:53 4 0 166
21:42:24 3 1 166
21:42:53 4 0 197
21:43:23 4 0 165
21:43:53 4 0 168
21:44:24 4 0 165
21:44:54 4 0 166
21:45:24 4 0 166
21:45:54 4 0 166
21:46:24 4 0 169
21:46:54 4 0 166
21:47:24 4 0 164
21:47:54 4 0 165
21:48:25 4 0 165
21:48:55 4 0 165
21:49:25 4 0 166
21:49:55 4 0 166
21:50:25 4 0 165
21:50:55 4 0 165
21:51:25 4 0 176
21:51:55 4 0 166
21:52:26 4 0 166
21:52:56 4 0 166
21:53:26 4 0 166
21:53:56 4 0 166
21:54:26 4 0 166
21:54:56 4 0 165
21:55:26 4 0 165
21:55:56 4 0 166
21:56:26 4 0 181
21:56:56 4 0 165
21:57:27 4 0 166
21:57:57 4 0 165
21:58:27 4 0 165
21:58:57 4 0 165
21:59:27 4 0 165
21:59:57 4 0 164
22:00:28 4 0 165
22:00:58 4 0 165
22:01:28 4 0 164
22:01:58 4 0 165
22:02:28 4 0 166
22:02:58 4 0 166
22:03:28 4 0 165
22:03:58 4 0 166
22:04:29 4 0 166
22:04:59 4 0 166
22:05:29 4 0 166
22:05:59 4 0 166
22:06:29 4 0 166
22:07:00 4 0 166
22:07:30 4 0 166
22:08:00 4 0 165
22:08:31 4 0 166
22:09:01 4 0 166
22:09:31 4 0 166
22:10:01 4 0 166
22:10:31 4 0 166
22:11:01 4 0 166
22:11:31 4 0 166
22:12:01 4 0 165
22:12:32 4 0 166
22:13:02 4 0 166
22:13:32 4 0 166
22:14:02 4 0 166
22:14:32 4 0 178
22:15:02 4 0 165
22:15:32 4 0 166
22:16:02 4 0 164
22:16:33 4 0 166
22:17:03 4 0 165
22:17:33 4 0 166
22:18:03 4 0 165
22:18:33 4 0 165
22:19:03 4 0 166
22:19:33 4 0 178
22:20:03 4 0 165
22:20:33 4 0 165
22:21:03 4 0 165
22:21:34 4 0 166
22:22:04 4 0 165
22:22:34 4 0 165
22:23:04 4 0 165
22:23:34 4 0 165
22:24:04 4 0 165
22:24:34 4 0 165
22:25:04 4 0 165
22:25:35 4 0 165
22:26:05 4 0 165
22:26:35 4 0 165
22:27:05 4 0 165
22:27:35 4 0 166
22:28:05 4 0 165
22:28:35 4 0 166
22:29:05 4 0 165
22:29:36 4 0 166
22:30:06 4 0 188
22:30:36 4 0 165
22:31:06 4 0 166
22:31:36 4 0 166
22:32:06 4 0 166
22:32:36 4 0 165
22:33:06 4 0 165
22:33:37 4 0 177
22:34:07 4 0 164
22:34:37 4 0 165
22:35:07 4 0 165
22:35:37 4 0 165
22:36:07 4 0 164
22:36:37 4 0 165
22:37:07 4 0 166
22:37:38 4 0 165
22:38:08 4 0 165
22:38:38 4 0 165
22:39:08 4 0 165
22:39:38 4 0 165
22:40:08 4 0 165
22:40:39 4 0 165
22:41:09 4 0 166
22:41:39 4 0 164
22:42:09 4 0 165
22:42:39 4 0 165
22:43:09 4 0 165
22:43:40 4 0 167
22:44:10 4 0 166
22:44:40 4 0 165
22:45:10 4 0 166
22:45:40 4 0 164
22:46:10 4 0 165
22:46:40 4 0 165
22:47:10 4 0 166
22:47:40 4 0 166
22:48:11 4 0 166
22:48:41 4 0 165
22:49:11 4 0 166
22:49:41 4 0 166
22:50:11 4 0 165
22:50:41 4 0 165
22:51:12 3 1 166
22:51:42 3 1 166
22:52:11 4 0 166
22:52:42 4 0 165
22:53:12 4 0 169
22:53:42 4 0 166
22:54:12 4 0 166
22:54:42 4 0 166
22:55:12 4 0 166
22:55:42 4 0 166
22:56:12 4 0 167
22:56:43 3 1 166
22:57:13 4 0 165
22:57:43 4 0 166
22:58:13 4 0 166
22:58:43 4 0 165
22:59:13 4 0 165
22:59:44 4 0 166
23:00:14 4 0 166
23:00:44 4 0 166
23:01:15 3 1 166
23:01:45 3 1 168
23:02:14 4 0 166
23:02:44 4 0 166
23:03:14 4 0 166
23:03:45 4 0 166
23:04:15 4 0 166
23:04:45 4 0 165
23:05:15 4 0 166
23:05:45 4 0 166
23:06:15 4 0 165
23:06:45 4 0 165
23:07:15 4 0 165
23:07:46 4 0 165
23:08:16 4 0 164
23:08:46 4 0 165
23:09:16 4 0 167
23:09:46 4 0 165
23:10:16 4 0 165
23:10:46 4 0 166
23:11:17 4 0 208
23:11:47 4 0 166
23:12:17 4 0 166
23:12:47 4 0 166
23:13:17 4 0 166
23:13:47 4 0 165
23:14:17 4 0 166
23:14:47 4 0 165
23:15:17 4 0 166
23:15:48 4 0 166
23:16:18 4 0 166
23:16:48 4 0 166
23:17:18 4 0 166
23:17:48 4 0 169
23:18:18 4 0 166
23:18:48 4 0 166
23:19:18 4 0 165
23:19:49 4 0 166
23:20:19 4 0 166
23:20:49 4 0 167
23:21:19 4 0 165
23:21:49 4 0 175
23:22:19 4 0 166
23:22:50 4 0 166
23:23:20 4 0 166
23:23:50 4 0 165
23:24:20 4 0 166
23:24:50 4 0 166
23:25:20 4 0 165
23:25:50 4 0 166
23:26:20 4 0 166
23:26:51 4 0 166
23:27:21 4 0 166
23:27:51 4 0 167
23:28:21 4 0 165
23:28:51 4 0 166
23:29:21 4 0 165
23:29:51 4 0 165
23:30:21 4 0 168
23:30:52 4 0 166
23:31:22 4 0 165
23:31:52 4 0 166
23:32:22 4 0 165
23:32:52 4 0 195
23:33:22 4 0 165
23:33:52 4 0 165
23:34:22 4 0 166
23:34:53 4 0 166
23:35:23 4 0 166
23:35:53 4 0 165
23:36:23 4 0 165
23:36:53 4 0 165
23:37:23 4 0 173
23:37:53 4 0 166
23:38:24 4 0 166
23:38:54 4 0 166
23:39:24 4 0 166
23:39:54 4 0 166
23:40:24 4 0 166
23:40:54 4 0 165
23:41:24 4 0 165
23:41:55 4 0 164
23:42:25 4 0 164
23:42:55 4 0 166
23:43:25 4 0 165
23:43:56 4 0 165
23:44:26 4 0 166
23:44:56 4 0 165
23:45:26 4 0 165
23:45:56 4 0 165
23:46:26 4 0 166
23:46:57 4 0 165
23:47:27 4 0 165
23:47:57 4 0 165
23:48:28 4 0 168
23:48:58 4 0 165
23:49:28 4 0 166
23:49:59 3 1 165
23:50:29 4 0 165
23:50:59 4 0 164
23:51:29 4 0 166
23:52:00 4 0 166
23:52:30 4 0 166
23:53:01 4 0 166
23:53:31 4 0 166
23:54:02 4 0 168
23:54:32 4 0 167
23:55:02 4 0 166
23:55:33 4 0 166
23:56:04 4 0 168
23:56:34 4 0 167
23:57:04 4 0 166
23:57:35 4 0 166
23:58:05 4 0 167
23:58:35 4 0 166
23:59:06 4 0 166
23:59:36 4 0 166
