00:00:28 4 0 153
00:00:39 4 0 151
00:01:31 4 0 151
00:02:12 4 0 153
00:02:34 4 0 151
00:02:55 4 0 151
00:03:24 4 0 151
00:03:45 4 0 151
00:04:18 4 0 151
00:04:48 4 0 151
00:05:19 4 0 151
00:05:57 4 0 151
00:06:22 4 0 151
00:06:53 4 0 151
00:07:28 4 0 151
00:07:55 4 0 151
00:08:24 4 0 162
02:00:06 4 0 154
02:00:35 4 0 154
02:01:05 4 0 154
02:01:36 4 0 153
02:02:06 4 0 154
02:02:36 4 0 153
02:03:06 4 0 155
02:03:37 3 1 156
02:04:06 4 0 153
02:04:37 4 0 155
02:05:07 4 0 155
02:05:37 4 0 156
02:06:08 4 0 155
02:06:38 4 0 155
02:07:08 4 0 155
02:07:38 4 0 155
02:08:08 4 0 153
02:08:39 4 0 154
02:09:09 4 0 156
02:09:40 3 1 156
02:10:09 4 0 156
02:10:39 4 0 155
02:11:09 4 0 156
02:11:40 4 0 164
02:12:10 4 0 155
02:12:40 4 0 153
02:13:10 4 0 155
02:13:41 4 0 155
02:14:11 4 0 155
02:14:44 2 2 478
02:15:14 2 2 584
02:15:41 4 0 153
02:16:11 4 0 155
02:16:42 4 0 155
02:17:13 3 1 155
02:17:42 4 0 156
02:18:12 4 0 153
02:18:43 4 0 155
02:19:13 4 0 155
02:19:43 4 0 155
02:20:13 4 0 155
02:20:44 4 0 155
02:21:14 4 0 155
02:21:44 4 0 155
02:22:14 4 0 155
02:22:46 3 1 155
02:23:15 3 1 155
02:23:45 4 0 155
02:24:15 4 0 153
02:24:45 4 0 155
02:25:15 4 0 155
02:25:46 4 0 153
02:26:16 4 0 154
02:26:46 4 0 153
02:27:16 4 0 153
02:27:47 4 0 155
02:28:17 4 0 155
02:28:47 4 0 154
02:29:17 4 0 155
02:29:48 4 0 154
02:30:18 4 0 155
02:30:48 4 0 155
02:31:18 4 0 155
02:31:48 4 0 155
02:32:19 3 1 155
02:32:49 4 0 153
02:33:19 4 0 155
02:33:49 4 0 153
02:34:19 4 0 154
02:34:50 4 0 157
02:35:20 4 0 155
02:35:50 4 0 153
02:36:20 4 0 153
02:36:50 4 0 158
02:37:20 4 0 155
02:37:51 4 0 154
02:38:21 4 0 153
02:38:51 4 0 156
02:39:21 4 0 154
02:39:51 4 0 155
02:40:22 4 0 154
02:40:52 4 0 154
02:41:22 4 0 154
02:41:52 4 0 155
02:42:22 4 0 155
02:42:53 4 0 153
02:43:23 4 0 154
02:43:53 4 0 153
02:44:24 3 1 155
02:44:53 4 0 155
02:45:23 4 0 154
02:45:54 4 0 155
02:46:24 4 0 153
02:46:54 4 0 154
02:47:24 4 0 153
02:47:55 4 0 155
02:48:25 4 0 174
02:48:55 4 0 153
02:49:25 4 0 155
02:49:55 4 0 154
02:50:26 4 0 155
02:50:56 4 0 153
02:51:26 4 0 154
02:51:57 4 0 263
02:52:29 2 2 566
02:52:57 4 0 153
02:53:27 4 0 155
02:53:57 4 0 153
02:54:27 4 0 155
02:54:57 4 0 153
02:55:28 4 0 153
02:55:58 4 0 154
02:56:28 4 0 156
02:56:58 4 0 155
02:57:28 4 0 155
02:57:59 4 0 153
02:58:29 4 0 153
02:58:59 4 0 153
02:59:29 4 0 153
02:59:59 4 0 155
03:00:30 4 0 155
03:01:01 3 1 155
03:01:30 4 0 157
03:02:00 4 0 156
03:02:30 4 0 154
03:03:01 4 0 153
03:03:31 4 0 153
03:04:01 4 0 154
03:04:31 4 0 156
03:05:01 4 0 153
03:05:32 4 0 153
03:06:02 4 0 153
03:06:32 4 0 153
03:07:03 4 0 154
03:07:33 4 0 153
03:08:04 4 0 153
03:08:34 4 0 153
03:09:04 4 0 156
03:09:34 4 0 153
03:10:05 4 0 153
03:10:35 4 0 155
03:11:05 4 0 154
03:11:35 4 0 153
03:12:05 4 0 153
03:12:35 4 0 153
03:13:06 4 0 153
03:13:36 4 0 156
03:14:06 4 0 153
03:14:36 4 0 153
03:15:06 4 0 154
03:15:36 4 0 153
03:16:07 4 0 153
03:16:37 4 0 154
03:17:07 4 0 153
03:17:37 4 0 154
03:18:08 4 0 153
03:18:38 4 0 153
03:19:08 4 0 153
03:19:38 4 0 154
03:20:08 4 0 155
03:20:38 4 0 153
03:21:09 4 0 153
03:21:39 4 0 154
03:22:09 4 0 153
03:22:39 4 0 153
03:23:09 4 0 154
03:23:39 4 0 153
03:24:09 4 0 153
03:24:40 4 0 153
03:25:10 4 0 154
03:25:40 4 0 153
03:26:10 4 0 153
03:26:40 4 0 154
03:27:10 4 0 153
03:27:41 4 0 153
03:28:11 4 0 153
03:28:41 4 0 153
03:29:11 4 0 155
03:29:41 4 0 153
03:30:11 4 0 153
03:30:42 4 0 153
03:31:12 4 0 153
03:31:42 4 0 153
03:32:12 4 0 154
03:32:42 4 0 153
03:33:12 4 0 153
03:33:42 4 0 155
03:34:13 4 0 153
03:34:43 4 0 153
03:35:13 4 0 153
03:35:43 4 0 153
03:36:13 4 0 153
03:36:43 4 0 153
03:37:14 4 0 155
03:37:44 4 0 153
03:38:14 4 0 153
03:38:44 4 0 153
03:39:15 4 0 153
03:39:45 4 0 153
03:40:15 4 0 153
03:40:45 4 0 153
03:41:15 4 0 153
03:41:45 4 0 153
03:42:16 4 0 155
03:42:46 4 0 153
03:43:16 4 0 153
03:43:46 4 0 153
03:44:16 4 0 153
03:44:46 4 0 153
03:45:17 4 0 153
03:45:47 4 0 153
03:46:17 4 0 153
03:46:47 4 0 153
03:47:17 4 0 153
03:47:47 4 0 153
03:48:18 4 0 153
03:48:48 4 0 153
03:49:18 4 0 153
03:49:48 4 0 153
03:50:18 4 0 153
03:50:48 4 0 153
03:51:19 4 0 153
03:51:49 4 0 153
03:52:19 4 0 153
03:52:49 4 0 153
03:53:19 4 0 153
03:53:49 4 0 153
03:54:20 4 0 153
03:54:50 4 0 153
03:55:20 4 0 153
03:55:50 4 0 153
03:56:20 4 0 153
03:56:50 4 0 153
03:57:21 4 0 156
03:57:51 4 0 153
03:58:21 4 0 153
03:58:51 4 0 153
03:59:21 4 0 153
03:59:51 4 0 153
04:00:22 4 0 153
04:00:52 4 0 153
04:01:22 4 0 154
04:01:52 4 0 153
04:02:22 4 0 153
04:02:52 4 0 153
04:03:23 4 0 154
04:03:53 4 0 153
04:04:23 4 0 153
04:04:53 4 0 154
04:05:24 4 0 153
04:05:54 4 0 153
04:06:24 4 0 153
04:06:54 4 0 153
04:07:24 4 0 153
04:07:54 4 0 153
04:08:24 4 0 154
04:08:54 4 0 154
04:09:25 4 0 153
04:09:55 4 0 153
04:10:25 4 0 153
04:10:55 4 0 153
04:11:25 4 0 153
04:11:56 4 0 154
04:12:26 4 0 153
04:12:56 4 0 153
04:13:26 4 0 153
04:13:57 3 1 157
04:14:27 4 0 153
04:14:57 4 0 153
04:15:27 4 0 153
04:15:57 4 0 153
04:16:27 4 0 153
04:16:57 4 0 154
04:17:27 4 0 153
04:17:58 4 0 153
04:18:28 4 0 153
04:18:58 4 0 153
04:19:28 4 0 153
04:19:58 4 0 153
04:20:29 4 0 153
04:20:59 4 0 153
04:21:29 4 0 153
04:21:59 4 0 153
04:22:29 4 0 153
04:22:59 4 0 153
04:23:30 4 0 176
04:24:00 4 0 153
04:24:30 4 0 153
04:25:00 4 0 154
04:25:30 4 0 153
04:26:00 4 0 152
04:26:31 4 0 151
04:27:01 4 0 151
04:27:31 4 0 151
04:28:01 4 0 151
04:28:31 4 0 151
04:29:01 4 0 151
04:29:32 4 0 151
04:30:02 4 0 151
04:30:32 4 0 153
04:31:02 4 0 151
04:31:32 4 0 151
04:32:02 4 0 151
04:32:33 4 0 152
04:33:03 4 0 151
04:33:33 4 0 151
04:34:03 4 0 153
04:34:33 4 0 151
04:35:03 4 0 151
04:35:34 4 0 151
04:36:04 4 0 151
04:36:34 4 0 151
04:37:04 4 0 151
04:37:34 4 0 151
04:38:04 4 0 151
04:38:35 4 0 152
04:39:05 4 0 152
04:39:35 4 0 151
04:40:05 4 0 151
04:40:36 4 0 153
04:41:06 4 0 160
04:41:36 4 0 151
04:42:06 4 0 152
04:42:36 4 0 153
04:43:06 4 0 151
04:43:37 4 0 151
04:44:07 4 0 151
04:44:37 4 0 153
04:45:07 4 0 151
04:45:37 4 0 166
04:46:07 4 0 151
04:46:38 4 0 151
04:47:08 4 0 151
04:47:38 4 0 153
04:48:08 4 0 151
04:48:38 4 0 151
04:49:08 4 0 151
04:49:39 4 0 151
04:50:09 4 0 151
04:50:39 4 0 151
04:51:09 4 0 151
04:51:39 4 0 151
04:52:09 4 0 151
04:52:40 4 0 151
04:53:10 4 0 151
04:53:40 4 0 151
04:54:10 4 0 151
04:54:40 4 0 151
04:55:10 4 0 156
04:55:41 4 0 164
04:56:11 4 0 151
04:56:41 4 0 151
04:57:11 4 0 151
04:57:41 4 0 151
04:58:11 4 0 151
04:58:42 4 0 151
04:59:12 4 0 151
04:59:42 4 0 151
05:00:12 4 0 151
05:00:42 4 0 151
05:01:12 4 0 151
05:01:43 4 0 151
05:02:13 4 0 151
05:02:43 4 0 151
05:03:13 4 0 151
05:03:43 4 0 151
05:04:14 4 0 162
05:04:44 4 0 151
05:05:14 4 0 151
05:05:44 4 0 151
05:06:14 4 0 151
05:06:44 4 0 151
05:07:15 4 0 151
05:07:45 4 0 151
05:08:15 4 0 151
05:08:45 4 0 151
05:09:15 4 0 151
05:09:46 4 0 151
05:10:16 4 0 151
05:10:46 4 0 151
05:11:16 4 0 151
05:11:46 4 0 151
05:12:16 4 0 151
05:12:47 4 0 151
05:13:17 4 0 151
05:13:47 4 0 151
05:14:17 4 0 151
05:14:47 4 0 151
05:15:17 4 0 151
05:15:48 4 0 151
05:16:18 4 0 151
05:16:48 4 0 151
05:17:18 4 0 180
05:17:48 4 0 151
05:18:18 4 0 151
05:18:49 4 0 151
05:19:19 4 0 151
05:19:49 4 0 151
05:20:19 4 0 151
05:20:50 4 0 151
05:21:20 4 0 151
05:21:50 4 0 151
05:22:20 4 0 151
05:22:50 4 0 151
05:23:20 4 0 151
05:23:51 4 0 151
05:24:21 4 0 151
05:24:51 4 0 151
05:25:21 4 0 151
05:25:51 4 0 151
05:26:21 4 0 151
05:26:52 4 0 161
05:27:22 4 0 159
05:27:52 4 0 151
05:28:22 4 0 151
05:28:52 4 0 151
05:29:22 4 0 151
05:29:53 4 0 151
05:30:23 4 0 151
05:30:53 4 0 152
05:31:23 4 0 151
05:31:53 4 0 151
05:32:23 4 0 151
05:32:54 4 0 151
05:33:24 4 0 151
05:33:54 4 0 151
05:34:24 4 0 151
05:34:54 4 0 151
05:35:24 4 0 151
05:35:55 4 0 151
05:36:25 4 0 151
05:36:55 4 0 151
05:37:25 4 0 151
05:37:55 4 0 151
05:38:25 4 0 151
05:38:56 4 0 151
05:39:26 4 0 151
05:39:56 4 0 151
05:40:26 4 0 151
05:40:56 4 0 152
05:41:26 4 0 151
05:41:57 4 0 151
05:42:27 4 0 151
05:42:57 4 0 151
05:43:27 4 0 151
05:43:57 4 0 151
05:44:27 4 0 151
05:44:58 4 0 151
05:45:28 4 0 151
05:45:58 4 0 151
05:46:28 4 0 151
05:46:58 4 0 151
05:47:28 4 0 151
05:47:59 4 0 151
05:48:29 4 0 151
05:48:59 4 0 152
05:49:29 4 0 151
05:49:59 4 0 151
05:50:29 4 0 151
05:51:00 4 0 151
05:51:30 4 0 151
05:52:00 4 0 152
05:52:30 4 0 151
05:53:00 4 0 151
05:53:30 4 0 151
05:54:01 4 0 151
05:54:31 4 0 151
05:55:01 4 0 151
05:55:31 4 0 151
05:56:02 4 0 151
05:56:32 4 0 151
05:57:02 4 0 151
05:57:32 4 0 151
05:58:02 4 0 151
05:58:32 4 0 151
05:59:03 4 0 151
05:59:33 4 0 151
06:00:03 4 0 151
06:00:33 4 0 151
06:01:03 4 0 151
06:01:33 4 0 151
06:02:04 4 0 151
06:02:34 4 0 151
06:03:04 4 0 151
06:03:34 4 0 151
06:04:05 4 0 162
06:04:35 4 0 151
06:05:05 4 0 151
06:05:35 4 0 151
06:06:05 4 0 151
06:06:36 4 0 151
06:07:06 4 0 151
06:07:36 4 0 151
06:08:06 4 0 151
06:08:36 4 0 151
06:09:07 4 0 151
06:09:37 4 0 151
06:10:07 4 0 151
06:10:37 4 0 151
06:11:07 4 0 151
06:11:37 4 0 151
06:12:08 4 0 151
06:12:38 4 0 151
06:13:08 4 0 151
06:13:38 4 0 151
06:14:08 4 0 151
06:14:38 4 0 151
06:15:09 4 0 151
06:15:39 4 0 151
06:16:09 4 0 151
06:16:39 4 0 151
06:17:09 4 0 151
06:17:39 4 0 151
06:18:10 4 0 151
06:18:40 4 0 176
06:19:10 4 0 151
06:19:40 4 0 151
06:20:10 4 0 151
06:20:41 4 0 151
06:21:11 4 0 151
06:21:41 4 0 151
06:22:11 4 0 151
06:22:41 4 0 151
06:23:12 4 0 151
06:23:42 4 0 151
06:24:12 4 0 151
06:24:42 4 0 151
06:25:12 4 0 151
06:25:42 4 0 151
06:26:13 4 0 151
06:26:43 4 0 151
06:27:13 4 0 151
06:27:43 4 0 151
06:28:13 4 0 151
06:28:43 4 0 153
06:29:14 4 0 151
06:29:44 4 0 151
06:30:14 4 0 151
06:30:44 4 0 151
06:31:14 4 0 151
06:31:44 4 0 151
06:32:15 4 0 151
06:32:45 4 0 151
06:33:15 4 0 151
06:33:45 4 0 151
06:34:15 4 0 151
06:34:45 4 0 151
06:35:16 4 0 151
06:35:46 4 0 151
06:36:16 4 0 151
06:36:46 4 0 151
06:37:16 4 0 151
06:37:46 4 0 151
06:38:17 4 0 151
06:38:47 4 0 151
06:39:17 4 0 151
06:39:47 4 0 151
06:40:17 4 0 151
06:40:47 4 0 151
06:41:18 4 0 151
06:41:48 4 0 151
06:42:18 4 0 151
06:42:48 4 0 151
06:43:18 4 0 151
06:43:48 4 0 151
06:44:19 4 0 151
06:44:49 4 0 151
06:45:19 4 0 151
06:45:49 4 0 151
06:46:19 4 0 151
06:46:49 4 0 151
06:47:20 4 0 151
06:47:50 4 0 151
06:48:20 4 0 151
06:48:50 4 0 151
06:49:20 4 0 151
06:49:50 4 0 151
06:50:21 4 0 151
06:50:51 4 0 151
06:51:21 4 0 151
06:51:51 4 0 151
06:52:21 4 0 153
06:52:51 4 0 175
06:53:22 4 0 151
06:53:52 4 0 151
06:54:22 4 0 151
06:54:52 4 0 151
06:55:22 4 0 151
06:55:52 4 0 151
06:56:23 4 0 151
06:56:53 4 0 151
06:57:23 4 0 151
06:57:53 4 0 151
06:58:23 4 0 151
06:58:53 4 0 151
06:59:24 4 0 151
06:59:54 4 0 151
07:00:24 4 0 151
07:00:54 4 0 151
07:01:24 4 0 151
07:01:54 4 0 151
07:02:25 4 0 151
07:02:55 4 0 151
07:03:25 4 0 151
07:03:55 4 0 151
07:04:25 4 0 151
07:04:55 4 0 151
07:05:26 4 0 151
07:05:56 4 0 151
07:06:26 4 0 151
07:06:56 4 0 151
07:07:26 4 0 151
07:07:56 4 0 151
07:08:27 4 0 151
07:08:57 4 0 151
07:09:27 4 0 151
07:09:57 4 0 151
07:10:27 4 0 152
07:10:57 4 0 152
07:11:28 4 0 152
07:11:58 4 0 153
07:12:28 4 0 151
07:12:58 4 0 151
07:13:28 4 0 151
07:13:58 4 0 151
07:14:29 4 0 151
07:14:59 4 0 151
07:15:29 4 0 154
07:15:59 4 0 151
07:16:30 4 0 151
07:17:00 4 0 151
07:17:30 4 0 151
07:18:00 4 0 151
07:18:30 4 0 151
07:19:00 4 0 151
07:19:30 4 0 151
07:20:00 4 0 151
07:20:31 4 0 151
07:21:01 4 0 151
07:21:31 4 0 151
07:22:01 4 0 151
07:22:31 4 0 151
07:23:02 4 0 151
07:23:32 4 0 151
07:24:02 4 0 151
07:24:32 4 0 151
07:25:02 4 0 151
07:25:33 4 0 151
07:26:03 4 0 151
07:26:34 4 0 151
07:27:04 4 0 151
07:27:34 4 0 151
07:28:04 4 0 151
07:28:35 4 0 151
07:29:05 4 0 151
07:29:35 4 0 151
07:30:05 4 0 151
07:30:35 4 0 151
07:31:05 4 0 151
07:31:36 4 0 151
07:32:06 4 0 151
07:32:36 4 0 151
07:33:06 4 0 151
07:33:36 4 0 151
07:34:06 4 0 151
07:34:37 4 0 151
07:35:08 4 0 151
07:35:38 4 0 152
07:36:08 4 0 151
07:36:38 4 0 151
07:37:09 4 0 151
07:37:39 4 0 151
07:38:09 4 0 151
07:38:39 4 0 169
07:39:09 4 0 151
07:39:39 4 0 161
07:40:10 4 0 151
07:40:40 4 0 151
07:41:10 4 0 151
07:41:40 4 0 151
07:42:10 4 0 161
07:42:40 4 0 151
07:43:11 4 0 151
07:43:41 4 0 151
07:44:11 4 0 151
07:44:41 4 0 151
07:45:11 4 0 151
07:45:41 4 0 151
07:46:12 4 0 151
07:46:42 4 0 151
07:47:12 4 0 151
07:47:42 4 0 151
07:48:12 4 0 151
07:48:42 4 0 151
07:49:12 4 0 151
07:49:43 4 0 151
07:50:13 4 0 151
07:50:43 4 0 151
07:51:13 4 0 179
07:51:43 4 0 151
07:52:13 4 0 151
07:52:44 4 0 181
07:53:14 4 0 151
07:53:44 4 0 151
07:54:14 4 0 151
07:54:44 4 0 151
07:55:14 4 0 151
07:55:44 4 0 151
07:56:15 4 0 151
07:56:45 4 0 151
07:57:15 4 0 151
07:57:45 4 0 151
07:58:15 4 0 151
07:58:45 4 0 151
07:59:16 4 0 151
07:59:46 4 0 151
08:00:16 4 0 151
08:00:46 4 0 151
08:01:16 4 0 151
08:01:46 4 0 151
08:02:17 4 0 151
08:02:47 4 0 151
08:03:17 4 0 151
08:03:47 4 0 151
08:04:17 4 0 151
08:04:47 4 0 151
08:05:18 4 0 151
08:05:48 4 0 151
08:06:18 4 0 151
08:06:48 4 0 151
08:07:18 4 0 152
08:07:48 4 0 152
08:08:18 4 0 151
08:08:48 4 0 151
08:09:19 4 0 151
08:09:49 4 0 151
08:10:19 4 0 151
08:10:49 4 0 151
08:11:19 4 0 154
08:11:49 4 0 151
08:12:20 4 0 151
08:12:50 4 0 151
08:13:20 4 0 151
08:13:50 4 0 159
08:14:20 4 0 151
08:14:50 4 0 151
08:15:21 4 0 151
08:15:51 4 0 151
08:16:21 4 0 151
08:16:51 4 0 152
08:17:21 4 0 152
08:17:51 4 0 151
08:18:22 4 0 151
08:18:52 4 0 151
08:19:22 4 0 151
08:19:52 4 0 152
08:20:22 4 0 151
08:20:52 4 0 151
08:21:23 4 0 151
08:21:53 4 0 151
08:22:23 4 0 151
08:22:53 4 0 151
08:23:24 4 0 179
08:23:54 4 0 151
08:24:24 4 0 151
08:24:54 4 0 151
08:25:24 4 0 151
08:25:54 4 0 151
08:26:25 4 0 151
08:26:55 4 0 168
08:27:25 4 0 152
08:27:55 4 0 151
08:28:25 4 0 151
08:28:55 4 0 151
08:29:26 4 0 151
08:29:56 4 0 152
08:30:26 4 0 151
08:30:56 4 0 151
08:31:26 4 0 171
08:31:56 4 0 151
08:32:27 4 0 151
08:32:57 4 0 151
08:33:27 4 0 151
08:33:57 4 0 151
08:34:27 4 0 152
08:34:57 4 0 151
08:35:28 4 0 151
08:35:58 4 0 152
08:36:28 4 0 151
08:36:58 4 0 151
08:37:28 4 0 151
08:37:58 4 0 151
08:38:29 4 0 152
08:38:59 4 0 151
08:39:29 4 0 153
08:39:59 4 0 151
08:40:29 4 0 152
08:40:59 4 0 154
08:41:30 4 0 151
08:42:00 4 0 152
08:42:30 4 0 151
08:43:01 4 0 151
08:43:31 4 0 151
08:44:01 4 0 151
08:44:32 4 0 153
08:45:02 4 0 151
08:45:32 4 0 151
08:46:02 4 0 152
08:46:33 4 0 151
08:47:03 4 0 152
08:47:33 4 0 151
08:48:03 4 0 152
08:48:33 4 0 152
08:49:03 4 0 151
08:49:33 4 0 153
08:50:03 4 0 151
08:50:34 4 0 151
08:51:04 4 0 152
08:51:34 4 0 153
08:52:04 4 0 153
08:52:35 4 0 151
08:53:05 4 0 154
08:53:35 4 0 151
08:54:07 2 2 154
08:54:35 4 0 151
08:55:05 4 0 151
08:55:36 4 0 153
08:56:06 4 0 154
08:56:37 4 0 151
08:57:07 4 0 151
08:57:37 4 0 153
08:58:07 4 0 152
08:58:38 4 0 151
08:59:08 4 0 151
08:59:39 4 0 153
09:00:09 4 0 151
09:00:39 4 0 151
09:01:09 4 0 151
09:01:39 4 0 151
09:02:09 4 0 151
09:02:40 4 0 161
09:03:10 4 0 196
09:03:40 4 0 151
09:04:11 3 1 151
09:04:40 4 0 151
09:05:10 4 0 151
09:05:40 4 0 151
09:06:10 4 0 151
09:06:41 4 0 151
09:07:11 4 0 152
09:07:41 4 0 153
09:08:11 4 0 152
09:08:41 4 0 151
09:09:11 4 0 152
09:09:41 4 0 152
09:10:11 4 0 153
09:10:42 4 0 152
09:11:12 4 0 153
09:11:42 4 0 153
09:12:12 4 0 153
09:12:42 4 0 152
09:13:12 4 0 151
09:13:42 4 0 152
09:14:12 4 0 152
09:14:43 4 0 152
09:15:13 4 0 152
09:15:43 4 0 151
09:16:13 4 0 153
09:16:43 4 0 152
09:17:13 4 0 151
09:17:43 4 0 151
09:18:14 4 0 151
09:18:44 4 0 152
09:19:14 4 0 151
09:19:44 4 0 154
09:20:14 4 0 153
09:20:45 4 0 153
09:21:15 4 0 152
09:21:45 4 0 152
09:22:15 4 0 151
09:22:45 4 0 152
09:23:15 4 0 153
09:23:45 4 0 152
09:24:15 4 0 152
09:24:46 4 0 151
09:25:16 4 0 152
09:25:46 4 0 151
09:26:16 4 0 152
09:26:46 4 0 151
09:27:16 4 0 177
09:27:46 4 0 152
09:28:17 4 0 151
09:28:47 4 0 152
09:29:17 4 0 152
09:29:47 4 0 151
09:30:17 4 0 151
09:30:47 4 0 152
09:31:17 4 0 152
09:31:48 4 0 153
09:32:18 4 0 151
09:32:48 4 0 151
09:33:18 4 0 151
09:33:48 4 0 152
09:34:18 4 0 152
09:34:49 4 0 152
09:35:19 4 0 151
09:35:49 4 0 151
09:36:19 4 0 155
09:36:49 4 0 151
09:37:19 4 0 187
09:37:50 4 0 154
09:38:20 4 0 151
09:38:50 4 0 153
09:39:20 4 0 152
09:39:51 4 0 152
09:40:21 4 0 152
09:40:51 4 0 154
09:41:21 4 0 153
09:41:51 4 0 153
09:42:21 4 0 151
09:42:52 4 0 151
09:43:21 4 0 151
09:43:52 4 0 151
09:44:22 4 0 152
09:44:52 4 0 151
09:45:22 4 0 152
09:45:52 4 0 151
09:46:22 4 0 165
09:46:53 4 0 153
09:47:23 4 0 152
09:47:53 4 0 151
09:48:23 4 0 152
09:48:53 4 0 152
09:49:23 4 0 152
09:49:53 4 0 151
09:50:23 4 0 151
09:50:53 4 0 159
09:51:24 4 0 153
09:51:55 4 0 152
09:52:25 4 0 154
09:52:55 4 0 152
09:53:25 4 0 151
09:53:55 4 0 151
09:54:25 4 0 153
09:54:55 4 0 151
09:55:25 4 0 151
09:55:55 4 0 152
09:56:26 4 0 151
09:56:56 4 0 153
09:57:26 4 0 151
09:57:56 4 0 151
09:58:26 4 0 151
09:58:56 4 0 151
09:59:26 4 0 164
09:59:56 4 0 152
10:00:27 4 0 156
10:00:57 4 0 153
10:01:27 4 0 151
10:01:57 4 0 151
10:02:27 4 0 151
10:02:57 4 0 171
10:03:27 4 0 151
10:03:57 4 0 153
10:04:27 4 0 153
10:04:58 4 0 151
10:05:28 4 0 151
10:05:58 4 0 152
10:06:28 4 0 153
10:06:58 4 0 151
10:07:28 4 0 151
10:07:58 4 0 153
10:08:28 4 0 154
10:08:59 4 0 153
10:09:29 4 0 152
10:09:59 4 0 154
10:10:29 4 0 153
10:10:59 4 0 152
10:11:29 4 0 152
10:12:00 4 0 190
10:12:32 2 2 206
10:13:01 3 1 200
10:13:30 4 0 199
10:14:00 4 0 181
10:14:30 4 0 189
10:15:00 4 0 196
10:15:30 4 0 182
10:16:02 3 1 191
10:16:31 4 0 179
10:17:01 4 0 182
10:17:31 4 0 192
10:18:01 4 0 178
10:18:32 3 1 176
10:19:02 4 0 196
10:19:32 4 0 200
10:20:02 4 0 193
10:20:32 4 0 193
10:21:03 4 0 190
10:21:33 4 0 193
10:22:03 4 0 185
10:22:33 4 0 187
10:23:04 4 0 196
10:23:35 3 1 183
10:24:05 4 0 198
10:24:35 4 0 153
10:25:05 4 0 152
10:25:35 4 0 152
10:26:06 4 0 151
10:26:37 4 0 151
10:27:07 4 0 153
10:27:38 4 0 152
10:28:08 4 0 151
10:28:38 4 0 152
10:29:08 4 0 151
10:29:38 4 0 151
10:30:08 4 0 154
10:30:38 4 0 151
10:31:09 4 0 153
10:31:39 4 0 151
10:32:09 4 0 154
10:32:39 4 0 157
10:33:09 4 0 151
10:33:39 4 0 153
10:34:09 4 0 152
10:34:39 4 0 152
10:35:10 4 0 151
10:35:40 4 0 151
10:36:10 4 0 151
10:36:40 4 0 151
10:37:10 4 0 152
10:37:40 4 0 151
10:38:11 4 0 152
10:38:41 4 0 152
10:39:12 4 0 154
10:39:42 4 0 151
10:40:12 4 0 175
10:40:42 4 0 151
10:41:13 4 0 151
10:41:43 4 0 151
10:42:13 4 0 151
10:42:43 4 0 151
10:43:13 4 0 151
10:43:43 4 0 151
10:44:14 3 1 153
10:44:44 4 0 152
10:45:14 4 0 151
10:45:44 4 0 151
10:46:14 4 0 152
10:46:44 4 0 151
10:47:15 4 0 153
10:47:45 4 0 166
10:48:15 4 0 152
10:48:45 4 0 151
10:49:15 4 0 152
10:49:45 4 0 151
10:50:16 4 0 151
10:50:46 4 0 151
10:51:16 4 0 153
10:51:46 4 0 152
10:52:16 4 0 151
10:52:46 4 0 151
10:53:17 4 0 154
10:53:47 4 0 153
10:54:17 4 0 190
10:54:47 4 0 153
10:55:18 4 0 151
10:55:48 4 0 151
10:56:18 4 0 151
10:56:49 4 0 151
10:57:19 4 0 153
10:57:49 4 0 151
10:58:19 4 0 152
10:58:50 4 0 151
10:59:20 4 0 163
10:59:50 4 0 152
11:00:21 4 0 152
11:00:51 4 0 152
11:01:21 4 0 153
11:01:51 4 0 152
11:02:21 4 0 153
11:02:51 4 0 151
11:03:22 3 1 157
11:03:52 4 0 154
11:04:22 4 0 155
11:04:52 4 0 154
11:05:22 4 0 156
11:05:52 4 0 155
11:06:22 4 0 156
11:06:53 4 0 156
11:07:23 4 0 154
11:07:53 4 0 155
11:08:23 4 0 151
11:08:53 4 0 154
11:09:24 3 1 152
11:09:54 4 0 152
11:10:24 4 0 154
11:10:54 4 0 151
11:11:24 4 0 154
11:11:54 4 0 152
11:12:25 4 0 157
11:12:55 4 0 154
11:13:25 4 0 154
11:13:55 4 0 154
11:14:25 4 0 151
11:14:56 4 0 152
11:15:26 4 0 159
11:15:56 4 0 153
11:16:26 4 0 152
11:16:57 4 0 153
11:17:27 4 0 152
11:17:57 4 0 151
11:18:28 4 0 154
11:18:58 4 0 152
11:19:28 4 0 152
11:19:59 3 1 154
11:20:28 4 0 165
11:20:58 4 0 153
11:21:29 4 0 151
11:21:59 4 0 153
11:22:29 4 0 154
11:22:59 4 0 151
11:23:29 4 0 151
11:23:59 4 0 152
11:24:29 4 0 153
11:24:59 4 0 151
11:25:30 4 0 153
11:26:00 4 0 152
11:26:30 4 0 152
11:27:00 4 0 155
11:27:30 4 0 153
11:28:00 4 0 153
11:28:30 4 0 152
11:29:00 4 0 152
11:29:31 4 0 151
11:30:01 4 0 156
11:30:31 4 0 153
11:31:01 4 0 152
11:31:31 4 0 152
11:32:01 4 0 152
11:32:31 4 0 153
11:33:02 3 1 154
11:33:32 4 0 151
11:34:02 4 0 152
11:34:32 4 0 178
11:35:02 4 0 153
11:35:32 4 0 151
11:36:03 3 1 151
11:36:33 4 0 153
11:37:04 4 0 160
11:37:34 4 0 153
11:38:04 4 0 153
11:38:35 4 0 153
11:39:05 4 0 152
11:39:35 4 0 153
11:40:05 4 0 152
11:40:35 4 0 152
11:41:05 4 0 152
11:41:35 4 0 152
11:42:05 4 0 153
11:42:36 4 0 154
11:43:06 4 0 151
11:43:36 4 0 152
11:44:06 4 0 157
11:44:37 4 0 154
11:45:07 4 0 152
11:45:37 4 0 155
11:46:08 4 0 153
11:46:38 4 0 153
11:47:08 4 0 152
11:47:38 4 0 152
11:48:08 4 0 152
11:48:39 4 0 152
11:49:09 4 0 152
11:49:40 4 0 152
11:50:10 4 0 153
11:50:43 0 4 -1
11:51:11 3 1 163
11:51:40 4 0 155
11:52:11 4 0 152
11:52:41 4 0 151
11:53:11 4 0 152
11:53:41 4 0 153
11:54:11 4 0 153
11:54:41 4 0 154
11:55:11 4 0 152
11:55:41 4 0 151
11:56:12 4 0 152
11:56:42 3 1 157
11:57:12 4 0 152
11:57:42 4 0 152
11:58:12 4 0 152
11:58:42 4 0 151
11:59:12 4 0 154
11:59:43 4 0 171
12:00:13 4 0 153
12:00:43 4 0 156
12:01:13 4 0 151
12:01:43 4 0 151
12:02:13 4 0 151
12:02:44 4 0 152
12:03:14 4 0 152
12:03:44 4 0 153
12:04:14 4 0 188
12:04:44 4 0 153
12:05:14 4 0 155
12:05:44 4 0 153
12:06:15 4 0 153
12:06:45 4 0 153
12:07:15 4 0 153
12:07:46 4 0 153
12:08:16 4 0 151
12:08:46 4 0 153
12:09:16 4 0 153
12:09:46 4 0 155
12:10:17 4 0 157
12:10:47 4 0 152
12:11:17 4 0 151
12:11:47 4 0 152
12:12:17 4 0 152
12:12:47 4 0 152
12:13:17 4 0 153
12:13:48 4 0 152
12:14:18 4 0 151
12:14:48 4 0 153
12:15:18 4 0 154
12:15:49 4 0 152
12:16:19 4 0 153
12:16:49 4 0 152
12:17:19 4 0 153
12:17:50 4 0 153
12:18:20 4 0 152
12:18:51 4 0 153
12:19:22 3 1 151
12:19:51 4 0 152
12:20:21 4 0 152
12:20:51 4 0 152
12:21:21 4 0 154
12:21:51 4 0 156
12:22:21 4 0 153
12:22:52 4 0 155
12:23:22 4 0 152
12:23:52 4 0 152
12:24:22 4 0 153
12:24:52 4 0 151
12:25:22 4 0 152
12:25:52 4 0 153
12:26:22 4 0 152
12:26:53 4 0 151
12:27:23 4 0 151
12:27:53 4 0 151
12:28:24 3 1 157
12:28:54 3 1 155
12:29:24 3 1 154
12:29:54 4 0 152
12:30:24 4 0 153
12:30:54 4 0 151
12:31:24 4 0 153
12:31:55 3 1 152
12:32:24 4 0 151
12:32:54 4 0 151
12:33:24 4 0 154
12:33:55 4 0 155
12:34:25 4 0 152
12:34:55 4 0 151
12:35:25 4 0 152
12:35:55 4 0 152
12:36:25 4 0 152
12:36:55 4 0 154
12:37:25 4 0 153
12:37:56 4 0 153
12:38:26 4 0 154
12:38:56 4 0 151
12:39:26 4 0 152
12:39:56 4 0 152
12:40:26 4 0 151
12:40:56 4 0 151
12:41:27 3 1 153
12:41:57 4 0 152
12:42:27 4 0 152
12:42:57 4 0 156
12:43:27 4 0 154
12:43:58 3 1 153
12:44:27 4 0 154
12:44:57 4 0 155
12:45:27 4 0 153
12:45:57 4 0 153
12:46:27 4 0 183
12:46:57 4 0 154
12:47:28 3 1 153
12:47:58 4 0 152
12:48:28 4 0 154
12:48:58 4 0 157
12:49:28 4 0 153
12:50:00 3 1 157
12:50:29 4 0 152
12:50:59 4 0 153
12:51:29 4 0 180
12:52:00 4 0 154
12:52:30 4 0 152
12:53:00 4 0 155
12:53:30 4 0 166
12:54:00 4 0 153
12:54:30 4 0 179
12:55:00 4 0 151
12:55:31 3 1 155
12:56:01 4 0 153
12:56:31 4 0 152
12:57:01 4 0 153
12:57:31 4 0 153
12:58:01 4 0 153
12:58:31 4 0 152
12:59:01 4 0 156
12:59:32 3 1 157
13:00:02 4 0 152
13:00:32 4 0 153
13:01:02 4 0 153
13:01:32 4 0 152
13:02:02 4 0 151
13:02:32 4 0 152
13:03:02 4 0 152
13:03:32 4 0 155
13:04:03 4 0 152
13:04:33 4 0 159
13:05:03 4 0 153
13:05:33 4 0 153
13:06:03 4 0 153
13:06:33 4 0 153
13:07:03 4 0 153
13:07:33 4 0 153
13:08:03 4 0 153
13:08:33 4 0 154
13:09:04 4 0 182
13:09:34 4 0 153
13:10:04 4 0 151
13:10:34 4 0 153
13:11:04 4 0 154
13:11:34 4 0 153
13:12:04 4 0 153
13:12:34 4 0 154
13:13:04 4 0 151
13:13:34 4 0 152
13:14:05 4 0 154
13:14:35 4 0 153
13:15:05 4 0 152
13:15:35 4 0 151
13:16:05 4 0 153
13:16:35 4 0 152
13:17:05 4 0 155
13:17:35 4 0 153
13:18:05 4 0 156
13:18:35 4 0 154
13:19:06 4 0 151
13:19:36 4 0 157
13:20:07 3 1 153
13:20:36 4 0 153
13:21:06 4 0 154
13:21:36 4 0 154
13:22:07 4 0 154
13:22:37 4 0 152
13:23:07 4 0 154
13:23:37 4 0 152
13:24:07 4 0 153
13:24:37 4 0 151
13:25:07 4 0 154
13:25:41 0 4 -1
13:26:11 1 3 576
13:26:38 4 0 152
13:27:08 4 0 153
13:27:38 4 0 151
13:28:08 4 0 154
13:28:38 4 0 152
13:29:09 3 1 155
13:29:39 4 0 167
13:30:09 4 0 153
13:30:39 4 0 153
13:31:09 4 0 153
13:31:39 4 0 153
13:32:09 4 0 151
13:32:39 4 0 170
13:33:09 4 0 153
13:33:41 3 1 151
13:34:10 4 0 153
13:34:40 4 0 151
13:35:10 4 0 154
13:35:40 4 0 153
13:36:11 4 0 152
13:36:41 4 0 152
13:37:11 4 0 151
13:37:41 4 0 152
13:38:11 4 0 155
13:38:41 4 0 157
13:39:11 4 0 154
13:39:41 4 0 155
13:40:12 4 0 156
13:40:42 4 0 154
13:41:12 4 0 156
13:41:42 4 0 154
13:42:12 4 0 176
13:42:42 4 0 184
13:43:13 4 0 153
13:43:43 4 0 151
13:44:13 4 0 156
13:44:43 4 0 152
13:45:14 4 0 154
13:45:44 4 0 152
13:46:14 4 0 151
13:46:44 4 0 180
13:47:15 4 0 153
13:47:45 4 0 151
13:48:15 4 0 152
13:48:45 4 0 152
13:49:16 4 0 153
13:49:46 4 0 153
13:50:16 4 0 152
13:50:46 4 0 151
13:51:16 4 0 151
13:51:46 4 0 151
13:52:17 4 0 151
13:52:47 4 0 155
13:53:17 4 0 151
13:53:47 4 0 152
13:54:17 4 0 153
13:54:47 4 0 153
13:55:17 4 0 154
13:55:47 4 0 160
13:56:17 4 0 153
13:56:48 4 0 154
13:57:18 4 0 153
13:57:48 4 0 153
13:58:18 4 0 153
13:58:49 3 1 154
13:59:18 4 0 153
13:59:48 4 0 153
14:00:18 4 0 154
14:00:48 4 0 152
14:01:19 4 0 153
14:01:49 4 0 155
14:02:19 4 0 154
14:02:49 4 0 156
14:03:19 4 0 151
14:03:49 4 0 153
14:04:19 4 0 153
14:04:49 4 0 152
14:05:20 4 0 152
14:05:50 4 0 151
14:06:20 4 0 153
14:06:50 4 0 151
14:07:20 4 0 152
14:07:50 4 0 156
14:08:21 4 0 152
14:08:51 4 0 154
14:09:21 4 0 152
14:09:51 4 0 151
14:10:21 4 0 152
14:10:51 4 0 151
14:11:22 4 0 151
14:11:52 4 0 152
14:12:22 4 0 153
14:12:52 4 0 153
14:13:22 4 0 153
14:13:52 4 0 154
14:14:23 4 0 154
14:14:53 4 0 153
14:15:23 4 0 153
14:15:53 4 0 152
14:16:23 4 0 151
14:16:53 4 0 154
14:17:24 4 0 152
14:17:54 4 0 152
14:18:24 4 0 152
14:18:54 4 0 151
14:19:24 4 0 154
14:19:54 4 0 151
14:20:24 4 0 151
14:20:54 4 0 152
14:21:24 4 0 176
14:21:54 4 0 153
14:22:25 4 0 152
14:22:55 4 0 153
14:23:25 4 0 152
14:23:55 4 0 152
14:24:25 4 0 153
14:24:56 4 0 153
14:25:26 4 0 152
14:25:56 4 0 156
14:26:27 4 0 154
14:26:57 4 0 155
14:27:27 4 0 151
14:27:57 4 0 153
14:28:27 4 0 155
14:28:57 4 0 153
14:29:28 4 0 153
14:29:58 4 0 156
14:30:28 4 0 155
14:30:59 3 1 154
14:31:28 4 0 153
14:31:58 4 0 152
14:32:29 4 0 155
14:32:59 4 0 152
14:33:29 4 0 151
14:33:59 4 0 154
14:34:29 4 0 152
14:35:00 3 1 157
14:35:30 4 0 156
14:36:00 4 0 155
14:36:30 4 0 169
14:37:01 4 0 151
14:37:31 4 0 153
14:38:02 4 0 153
14:38:32 4 0 152
14:39:02 4 0 197
14:39:32 4 0 153
14:40:03 4 0 153
14:40:34 3 1 157
14:41:03 4 0 160
14:41:33 4 0 154
14:42:04 4 0 154
14:42:34 4 0 151
14:43:04 4 0 152
14:43:34 4 0 151
14:44:04 4 0 157
14:44:35 4 0 154
14:45:05 4 0 154
14:45:35 4 0 153
14:46:05 4 0 153
14:46:35 4 0 156
14:47:06 4 0 154
14:47:36 4 0 155
14:48:06 4 0 154
14:48:36 4 0 153
14:49:06 4 0 153
14:49:36 4 0 154
14:50:06 4 0 154
14:50:37 4 0 156
14:51:08 3 1 157
14:51:37 4 0 152
14:52:07 4 0 158
14:52:38 4 0 155
14:53:08 4 0 152
14:53:38 4 0 151
14:54:08 4 0 155
14:54:38 4 0 158
14:55:08 4 0 153
14:55:38 4 0 152
14:56:08 4 0 153
14:56:39 4 0 152
14:57:09 4 0 152
14:57:39 4 0 153
14:58:09 4 0 154
14:58:39 4 0 154
14:59:09 4 0 154
14:59:39 4 0 154
15:00:09 4 0 153
15:00:40 4 0 154
15:01:10 4 0 151
15:01:40 4 0 151
15:02:10 4 0 152
15:02:40 4 0 153
15:03:10 4 0 153
15:03:40 4 0 153
15:04:10 4 0 164
15:04:40 4 0 153
15:05:10 4 0 151
15:05:41 4 0 152
15:06:11 4 0 153
15:06:41 4 0 153
15:07:11 4 0 154
15:07:41 4 0 152
15:08:12 3 1 155
15:08:41 4 0 151
15:09:11 4 0 151
15:09:41 4 0 152
15:10:11 4 0 153
15:10:42 4 0 154
15:11:12 4 0 154
15:11:42 4 0 152
15:12:12 4 0 152
15:12:42 4 0 154
15:13:12 4 0 152
15:13:42 4 0 153
15:14:13 4 0 153
15:14:43 4 0 154
15:15:13 4 0 154
15:15:43 4 0 153
15:16:14 3 1 155
15:16:43 4 0 153
15:17:13 4 0 155
15:17:44 4 0 154
15:18:14 4 0 155
15:18:44 4 0 151
15:19:14 4 0 154
15:19:44 4 0 153
15:20:14 4 0 153
15:20:44 4 0 156
15:21:14 4 0 152
15:21:44 4 0 155
15:22:15 4 0 153
15:22:45 4 0 153
15:23:15 4 0 152
15:23:45 4 0 153
15:24:15 4 0 159
15:24:45 4 0 153
15:25:15 4 0 155
15:25:45 4 0 154
15:26:16 3 1 154
15:26:45 4 0 154
15:27:16 4 0 155
15:27:46 4 0 156
15:28:16 4 0 154
15:28:46 4 0 154
15:29:16 4 0 154
15:29:46 4 0 154
15:30:16 4 0 153
15:30:46 4 0 154
15:31:16 4 0 153
15:31:47 4 0 152
15:32:17 4 0 152
15:32:47 4 0 154
15:33:17 4 0 153
15:33:47 4 0 152
15:34:17 4 0 154
15:34:48 4 0 151
15:35:18 4 0 155
15:35:48 4 0 154
15:36:18 4 0 152
15:36:48 4 0 153
15:37:19 3 1 154
15:37:48 4 0 153
15:38:19 3 1 153
15:38:49 4 0 153
15:39:19 4 0 156
15:39:49 4 0 153
15:40:19 4 0 152
15:40:49 4 0 166
15:41:19 4 0 151
15:41:49 4 0 152
15:42:19 4 0 154
15:42:49 4 0 154
15:43:19 4 0 153
15:43:50 4 0 152
15:44:20 4 0 154
15:44:50 4 0 151
15:45:20 4 0 151
15:45:50 4 0 154
15:46:20 4 0 152
15:46:51 4 0 154
15:47:22 3 1 157
15:47:51 4 0 154
15:48:21 4 0 154
15:48:51 4 0 154
15:49:21 4 0 154
15:49:51 4 0 153
15:50:21 4 0 155
15:50:51 4 0 152
15:51:23 3 1 154
15:51:52 4 0 157
15:52:22 4 0 156
15:52:52 4 0 153
15:53:22 4 0 153
15:53:52 4 0 153
15:54:22 4 0 155
15:54:53 4 0 162
15:55:23 4 0 153
15:55:54 3 1 162
15:56:23 4 0 155
15:56:53 4 0 151
15:57:23 4 0 154
15:57:53 4 0 152
15:58:23 4 0 153
15:58:53 4 0 154
15:59:24 4 0 153
15:59:54 4 0 154
16:00:24 4 0 187
16:00:54 4 0 153
16:01:25 3 1 155
16:01:54 4 0 154
16:02:24 4 0 153
16:02:54 4 0 154
16:03:24 4 0 153
16:03:55 4 0 154
16:04:25 4 0 154
16:04:55 4 0 152
16:05:25 4 0 152
16:05:55 4 0 154
16:06:25 4 0 154
16:06:56 3 1 154
16:07:25 4 0 155
16:07:55 4 0 154
16:08:27 3 1 153
16:08:57 3 1 179
16:09:26 4 0 154
16:09:56 4 0 153
16:10:26 4 0 151
16:10:56 4 0 152
16:11:26 4 0 155
16:11:57 4 0 184
16:12:27 3 1 152
16:12:58 3 1 155
16:13:27 4 0 151
16:13:57 4 0 155
16:14:27 4 0 153
16:14:57 4 0 153
16:15:27 4 0 153
16:15:57 4 0 151
16:16:27 4 0 154
16:16:58 4 0 174
16:17:29 3 1 474
16:17:58 4 0 154
16:18:28 4 0 157
16:18:58 4 0 154
16:19:28 4 0 202
16:19:58 4 0 155
16:20:28 4 0 197
16:20:58 4 0 155
16:21:28 4 0 168
16:21:59 4 0 152
16:22:29 4 0 153
16:22:59 4 0 152
16:23:29 4 0 153
16:23:59 4 0 155
16:24:29 4 0 152
16:24:59 4 0 152
16:25:30 3 1 156
16:26:00 4 0 154
16:26:30 4 0 153
16:27:00 4 0 153
16:27:30 4 0 152
16:28:00 4 0 152
16:28:30 4 0 153
16:29:00 4 0 153
16:29:30 4 0 153
16:30:00 4 0 154
16:30:30 4 0 154
16:31:01 4 0 154
16:31:31 4 0 154
16:32:01 4 0 153
16:32:31 4 0 153
16:33:01 4 0 152
16:33:32 4 0 152
16:34:02 4 0 153
16:34:32 4 0 153
16:35:02 4 0 154
16:35:32 4 0 169
16:36:02 4 0 154
16:36:32 4 0 155
16:37:03 4 0 152
16:37:33 4 0 151
16:38:04 3 1 156
16:38:34 3 1 165
16:39:04 3 1 153
16:39:33 4 0 153
16:40:03 4 0 154
16:40:34 4 0 154
16:41:04 4 0 153
16:41:34 4 0 154
16:42:04 4 0 154
16:42:34 4 0 154
16:43:04 4 0 152
16:43:34 4 0 153
16:44:04 4 0 152
16:44:34 4 0 152
16:45:07 2 2 523
16:45:36 4 0 477
16:46:05 4 0 151
16:46:36 3 1 153
16:47:05 4 0 153
16:47:35 4 0 153
16:48:05 4 0 153
16:48:35 4 0 152
16:49:07 3 1 567
16:49:37 3 1 567
16:50:06 4 0 153
16:50:36 4 0 152
16:51:06 4 0 152
16:51:36 4 0 153
16:52:06 4 0 154
16:52:36 4 0 151
16:53:06 4 0 152
16:53:37 4 0 153
16:54:07 4 0 153
16:54:37 4 0 152
16:55:07 4 0 154
16:55:37 4 0 152
16:56:07 4 0 154
16:56:37 4 0 152
16:57:07 4 0 153
16:57:38 4 0 154
16:58:08 4 0 152
16:58:39 2 2 154
16:59:08 4 0 153
16:59:39 3 1 153
17:00:08 4 0 154
17:00:38 4 0 154
17:01:11 3 1 571
17:01:41 1 3 481
17:02:09 4 0 154
17:02:39 4 0 152
17:03:10 3 1 155
17:03:40 4 0 185
17:04:10 4 0 153
17:04:40 4 0 154
17:05:10 4 0 155
17:05:40 4 0 154
17:06:10 4 0 153
17:06:40 4 0 153
17:07:10 4 0 153
17:07:40 4 0 153
17:08:11 4 0 153
17:08:41 4 0 154
17:09:11 4 0 154
17:09:41 4 0 153
17:10:11 4 0 154
17:10:41 4 0 151
17:11:11 4 0 154
17:11:41 4 0 154
17:12:12 4 0 155
17:12:42 4 0 158
17:13:12 4 0 195
17:13:43 3 1 152
17:14:12 4 0 152
17:14:42 4 0 152
17:15:12 4 0 153
17:15:42 4 0 153
17:16:12 4 0 153
17:16:42 4 0 151
17:17:14 3 1 154
17:17:43 3 1 155
17:18:13 4 0 152
17:18:43 4 0 152
17:19:13 4 0 155
17:19:44 3 1 153
17:20:13 4 0 153
17:20:43 4 0 154
17:21:14 4 0 152
17:21:44 4 0 151
17:22:14 4 0 151
17:22:44 4 0 153
17:23:14 4 0 153
17:23:44 4 0 153
17:24:14 4 0 151
17:24:44 4 0 152
17:25:15 4 0 153
17:25:45 4 0 151
17:26:15 4 0 152
17:26:45 4 0 151
17:27:16 4 0 151
17:27:46 4 0 155
17:28:16 4 0 152
17:28:46 4 0 151
17:29:16 4 0 153
17:29:46 4 0 175
17:30:16 4 0 152
17:30:47 3 1 152
17:31:17 4 0 152
17:31:47 4 0 153
17:32:17 4 0 153
17:32:48 3 1 154
17:33:17 4 0 151
17:33:47 4 0 172
17:34:17 4 0 153
17:34:48 3 1 153
17:35:18 4 0 153
17:35:48 4 0 151
17:36:18 4 0 152
17:36:48 4 0 151
17:37:18 4 0 153
17:37:48 4 0 152
17:38:19 4 0 151
17:38:50 3 1 153
17:39:19 4 0 151
17:39:49 4 0 152
17:40:19 4 0 152
17:40:49 4 0 153
17:41:20 4 0 153
17:41:50 4 0 151
17:42:20 4 0 153
17:42:50 4 0 156
17:43:21 4 0 151
17:43:51 4 0 152
17:44:21 4 0 154
17:44:51 4 0 155
17:45:21 4 0 153
17:45:52 4 0 153
17:46:22 4 0 152
17:46:52 4 0 153
17:47:22 4 0 154
17:47:52 4 0 152
17:48:22 4 0 154
17:48:52 4 0 154
17:49:23 4 0 153
17:49:53 4 0 156
17:50:23 4 0 154
17:50:53 4 0 153
17:51:23 4 0 153
17:51:53 4 0 152
17:52:23 4 0 153
17:52:53 4 0 152
17:53:24 4 0 152
17:53:54 4 0 154
17:54:24 4 0 151
17:54:55 3 1 154
17:55:24 4 0 154
17:55:54 4 0 153
17:56:24 4 0 153
17:56:54 4 0 153
17:57:25 4 0 151
17:57:55 4 0 155
17:58:25 4 0 155
17:58:55 4 0 151
17:59:26 3 1 152
17:59:55 4 0 153
18:00:25 4 0 153
18:00:55 4 0 153
18:01:26 4 0 151
18:01:56 4 0 153
18:02:26 4 0 151
18:02:56 4 0 152
18:03:27 4 0 153
18:03:57 4 0 153
18:04:27 4 0 153
18:04:57 4 0 153
18:05:28 4 0 152
18:05:58 4 0 151
18:06:29 3 1 154
18:06:58 4 0 162
18:07:28 4 0 152
18:07:58 4 0 153
18:08:28 4 0 157
18:08:58 4 0 151
18:09:29 4 0 151
18:09:59 4 0 151
18:10:29 4 0 153
18:10:59 4 0 153
18:11:29 4 0 152
18:11:59 4 0 154
18:12:29 4 0 152
18:13:01 3 1 153
18:13:30 4 0 151
18:14:01 3 1 155
18:14:30 4 0 152
18:15:00 4 0 152
18:15:30 4 0 155
18:16:00 4 0 152
18:16:30 4 0 151
18:17:00 4 0 151
18:17:31 4 0 151
18:18:01 4 0 152
18:18:31 4 0 151
18:19:01 4 0 154
18:19:31 4 0 155
18:20:01 4 0 153
18:20:32 4 0 153
18:21:02 4 0 152
18:21:32 4 0 155
18:22:02 4 0 153
18:22:32 4 0 151
18:23:03 4 0 152
18:23:33 4 0 153
18:24:03 4 0 151
18:24:34 4 0 153
18:25:04 4 0 154
18:25:34 4 0 154
18:26:04 4 0 153
18:26:34 4 0 154
18:27:04 4 0 178
18:27:35 4 0 151
18:28:05 4 0 152
18:28:35 4 0 151
18:29:05 4 0 178
18:29:35 4 0 154
18:30:05 4 0 153
18:30:36 4 0 153
18:31:06 4 0 153
18:31:36 4 0 154
18:32:07 4 0 419
18:32:38 3 1 488
18:33:06 4 0 153
18:33:37 4 0 153
18:34:07 4 0 152
18:34:38 4 0 153
18:35:08 3 1 153
18:35:38 4 0 151
18:36:08 4 0 154
18:36:38 4 0 154
18:37:08 4 0 153
18:37:40 2 2 154
18:38:08 4 0 153
18:38:39 4 0 152
18:39:09 4 0 155
18:39:39 4 0 153
18:40:09 4 0 153
18:40:39 4 0 153
18:41:09 4 0 152
18:41:39 4 0 164
18:42:09 4 0 154
18:42:40 4 0 151
18:43:12 3 1 571
18:43:42 2 2 476
18:44:10 4 0 154
18:44:41 3 1 157
18:45:10 4 0 151
18:45:40 4 0 154
18:46:10 4 0 152
18:46:40 4 0 152
18:47:11 4 0 152
18:47:41 4 0 154
18:48:13 3 1 478
18:48:42 4 0 476
18:49:11 4 0 153
18:49:41 4 0 153
18:50:11 4 0 151
18:50:41 4 0 152
18:51:11 4 0 152
18:51:42 3 1 155
18:52:12 4 0 154
18:52:42 4 0 155
18:53:12 4 0 153
18:53:43 4 0 154
18:54:13 4 0 153
18:54:43 4 0 156
18:55:13 4 0 153
18:55:44 4 0 152
18:56:14 4 0 153
18:56:44 4 0 153
18:57:14 4 0 151
18:57:44 4 0 155
18:58:14 4 0 152
18:58:44 4 0 153
18:59:14 4 0 153
18:59:44 4 0 153
19:00:14 4 0 153
19:00:45 4 0 154
19:01:15 4 0 153
19:01:45 4 0 152
19:02:15 4 0 153
19:02:45 4 0 153
19:03:15 4 0 151
19:03:46 3 1 156
19:04:15 4 0 154
19:04:46 4 0 152
19:05:16 4 0 152
19:05:46 4 0 153
19:06:17 3 1 153
19:06:46 4 0 154
19:07:16 4 0 153
19:07:46 4 0 153
19:08:16 4 0 153
19:08:46 4 0 153
19:09:16 4 0 156
19:09:47 4 0 152
19:10:17 4 0 154
19:10:48 3 1 152
19:11:17 4 0 151
19:11:47 4 0 151
19:12:20 1 3 153
19:12:47 4 0 153
19:13:17 4 0 154
19:13:48 4 0 153
19:14:18 4 0 153
19:14:48 4 0 153
19:15:18 4 0 151
19:15:48 4 0 152
19:16:18 4 0 155
19:16:48 4 0 152
19:17:18 4 0 152
19:17:48 4 0 154
19:18:19 4 0 155
19:18:49 4 0 152
19:19:19 4 0 153
19:19:49 4 0 151
19:20:19 4 0 153
19:20:49 4 0 154
19:21:19 4 0 154
19:21:49 4 0 154
19:22:19 4 0 153
19:22:50 4 0 154
19:23:21 3 1 155
19:23:50 4 0 152
19:24:20 4 0 154
19:24:50 4 0 152
19:25:20 4 0 151
19:25:50 4 0 152
19:26:20 4 0 157
19:26:50 4 0 151
19:27:20 4 0 153
19:27:52 3 1 151
19:28:21 4 0 153
19:28:51 4 0 153
19:29:21 4 0 155
19:29:51 4 0 153
19:30:21 4 0 153
19:30:51 4 0 151
19:31:21 4 0 153
19:31:51 4 0 153
19:32:22 3 1 156
19:32:52 4 0 154
19:33:22 4 0 153
19:33:52 4 0 153
19:34:22 4 0 153
19:34:53 4 0 157
19:35:23 4 0 154
19:35:53 4 0 153
19:36:23 4 0 154
19:36:53 4 0 154
19:37:23 4 0 153
19:37:53 4 0 153
19:38:23 4 0 155
19:38:53 4 0 151
19:39:24 4 0 151
19:39:54 4 0 154
19:40:24 4 0 154
19:40:54 4 0 153
19:41:24 4 0 153
19:41:54 4 0 154
19:42:24 4 0 152
19:42:54 4 0 156
19:43:24 4 0 151
19:43:55 4 0 153
19:44:25 4 0 155
19:44:55 4 0 157
19:45:25 4 0 154
19:45:55 4 0 154
19:46:25 4 0 152
19:46:55 4 0 152
19:47:25 4 0 152
19:47:55 4 0 151
19:48:25 4 0 156
19:48:56 4 0 151
19:49:26 4 0 151
19:49:56 4 0 153
19:50:26 4 0 156
19:50:56 4 0 153
19:51:26 4 0 154
19:51:56 4 0 153
19:52:26 4 0 187
19:52:56 4 0 152
19:53:26 4 0 155
19:53:57 4 0 153
19:54:27 4 0 155
19:54:57 4 0 153
19:55:27 4 0 153
19:55:57 4 0 151
19:56:27 4 0 153
19:56:57 4 0 151
19:57:27 4 0 153
19:57:58 4 0 153
19:58:29 3 1 155
19:58:58 4 0 152
19:59:28 4 0 153
19:59:58 4 0 151
20:00:28 4 0 156
20:00:58 4 0 151
20:01:28 4 0 153
20:01:59 4 0 188
20:02:28 4 0 155
20:02:59 4 0 151
20:03:29 4 0 153
20:04:00 3 1 156
20:04:29 4 0 153
20:04:59 4 0 153
20:05:29 4 0 153
20:05:59 4 0 153
20:06:29 4 0 155
20:06:59 4 0 152
20:07:29 4 0 153
20:08:00 4 0 153
20:08:30 4 0 151
20:09:00 4 0 151
20:09:30 4 0 153
20:10:00 4 0 152
20:10:30 4 0 155
20:11:01 3 1 151
20:11:30 4 0 152
20:12:00 4 0 153
20:12:31 3 1 155
20:13:02 3 1 154
20:13:31 4 0 154
20:14:01 4 0 156
20:14:31 4 0 153
20:15:01 4 0 153
20:15:31 4 0 153
20:16:01 4 0 155
20:16:31 4 0 154
20:17:01 4 0 152
20:17:31 4 0 153
20:18:02 4 0 153
20:18:32 4 0 151
20:19:03 3 1 153
20:19:32 4 0 156
20:20:02 4 0 154
20:20:32 4 0 153
20:21:02 4 0 154
20:21:32 4 0 153
20:22:03 4 0 152
20:22:33 4 0 153
20:23:03 4 0 155
20:23:33 4 0 151
20:24:03 4 0 153
20:24:33 4 0 153
20:25:03 4 0 152
20:25:33 4 0 153
20:26:04 4 0 153
20:26:34 4 0 151
20:27:04 4 0 154
20:27:34 4 0 155
20:28:04 4 0 155
20:28:34 4 0 154
20:29:04 4 0 170
20:29:34 4 0 156
20:30:05 4 0 154
20:30:35 3 1 152
20:31:05 4 0 153
20:31:35 4 0 156
20:32:05 4 0 155
20:32:35 4 0 151
20:33:05 4 0 153
20:33:35 4 0 153
20:34:05 4 0 153
20:34:35 4 0 153
20:35:06 4 0 152
20:35:36 4 0 153
20:36:06 4 0 153
20:36:36 4 0 153
20:37:06 4 0 152
20:37:36 4 0 158
20:38:06 4 0 152
20:38:36 4 0 154
20:39:06 4 0 153
20:39:36 4 0 151
20:40:07 4 0 154
20:40:37 4 0 156
20:41:07 4 0 152
20:41:37 4 0 151
20:42:07 4 0 153
20:42:37 4 0 152
20:43:07 4 0 157
20:43:37 4 0 156
20:44:07 4 0 153
20:44:37 4 0 156
20:45:08 4 0 151
20:45:38 4 0 156
20:46:08 4 0 156
20:46:38 4 0 154
20:47:08 4 0 154
20:47:39 3 1 155
20:48:08 4 0 153
20:48:38 4 0 152
20:49:09 4 0 182
20:49:39 4 0 154
20:50:09 4 0 151
20:50:39 4 0 154
20:51:09 4 0 155
20:51:39 4 0 156
20:52:10 3 1 155
20:52:39 4 0 154
20:53:09 4 0 164
20:53:39 4 0 153
20:54:10 4 0 153
20:54:40 4 0 153
20:55:10 4 0 153
20:55:40 4 0 153
20:56:10 4 0 155
20:56:40 4 0 157
20:57:10 4 0 154
20:57:41 3 1 154
20:58:10 4 0 153
20:58:40 4 0 152
20:59:11 3 1 154
20:59:41 4 0 154
21:00:11 4 0 154
21:00:42 3 1 154
21:01:11 4 0 153
21:01:41 4 0 154
21:02:12 3 1 153
21:02:41 4 0 155
21:03:11 4 0 153
21:03:42 4 0 153
21:04:12 4 0 155
21:04:42 4 0 155
21:05:12 4 0 156
21:05:42 4 0 154
21:06:12 4 0 154
21:06:42 4 0 151
21:07:13 4 0 157
21:07:43 4 0 156
21:08:13 4 0 154
21:08:43 4 0 153
21:09:14 4 0 153
21:09:44 4 0 153
21:10:14 4 0 154
21:10:44 4 0 152
21:11:14 4 0 156
21:11:44 4 0 191
21:12:14 4 0 154
21:12:44 4 0 152
21:13:14 4 0 154
21:13:44 4 0 153
21:14:15 4 0 154
21:14:45 4 0 153
21:15:15 4 0 153
21:15:45 4 0 154
21:16:16 3 1 156
21:16:45 4 0 156
21:17:15 4 0 161
21:17:45 4 0 156
21:18:16 4 0 153
21:18:46 4 0 154
21:19:16 4 0 152
21:19:47 3 1 154
21:20:17 3 1 155
21:20:46 4 0 151
21:21:17 4 0 154
21:21:47 4 0 153
21:22:17 4 0 152
21:22:47 3 1 153
21:23:17 4 0 155
21:23:48 3 1 156
21:24:17 4 0 152
21:24:47 4 0 151
21:25:18 3 1 154
21:25:47 4 0 153
21:26:18 4 0 154
21:26:48 4 0 153
21:27:19 4 0 154
21:27:49 4 0 154
21:28:19 4 0 154
21:28:49 4 0 153
21:29:20 3 1 154
21:29:49 4 0 154
21:30:19 4 0 154
21:30:49 4 0 154
21:31:20 4 0 154
21:31:50 4 0 154
21:32:20 4 0 154
21:32:50 4 0 153
21:33:20 4 0 154
21:33:50 4 0 153
21:34:20 4 0 153
21:34:50 4 0 154
21:35:21 4 0 154
21:35:51 4 0 153
21:36:21 4 0 156
21:36:51 4 0 155
21:37:21 4 0 154
21:37:51 4 0 153
21:38:21 4 0 157
21:38:51 4 0 153
21:39:21 4 0 153
21:39:51 4 0 156
21:40:22 4 0 153
21:40:52 4 0 154
21:41:22 4 0 153
21:41:52 4 0 152
21:42:22 4 0 153
21:42:53 3 1 177
21:43:22 4 0 156
21:43:52 4 0 153
21:44:23 4 0 154
21:44:53 4 0 153
21:45:23 4 0 153
21:45:53 4 0 153
21:46:23 4 0 154
21:46:53 4 0 153
21:47:23 4 0 153
21:47:53 4 0 153
21:48:24 4 0 154
21:48:54 4 0 153
21:49:24 4 0 154
21:49:54 4 0 154
21:50:24 4 0 153
21:50:54 4 0 154
21:51:24 4 0 155
21:51:54 4 0 154
21:52:25 4 0 153
21:52:55 4 0 154
21:53:25 4 0 155
21:53:56 3 1 154
21:54:25 4 0 154
21:54:55 4 0 154
21:55:25 4 0 154
21:55:55 4 0 153
21:56:25 4 0 154
21:56:55 4 0 153
21:57:27 3 1 154
21:57:56 4 0 154
21:58:26 4 0 152
21:58:56 4 0 152
21:59:26 4 0 153
21:59:56 4 0 153
22:00:26 4 0 154
22:00:56 4 0 154
22:01:27 4 0 151
22:01:58 3 1 158
22:02:27 4 0 156
22:02:57 4 0 153
22:03:27 4 0 154
22:03:57 4 0 153
22:04:27 4 0 153
22:04:58 4 0 153
22:05:28 4 0 154
22:05:58 4 0 154
22:06:28 4 0 153
22:06:59 4 0 153
22:07:29 4 0 154
22:08:00 3 1 158
22:08:29 4 0 154
22:08:59 4 0 153
22:09:30 4 0 154
22:10:01 3 1 151
22:10:31 3 1 154
22:11:00 4 0 154
22:11:30 4 0 154
22:12:00 4 0 154
22:12:30 4 0 154
22:13:01 4 0 154
22:13:31 4 0 156
22:14:01 4 0 153
22:14:31 4 0 154
22:15:01 4 0 154
22:15:31 4 0 151
22:16:01 4 0 153
22:16:31 4 0 153
22:17:01 4 0 153
22:17:32 4 0 154
22:18:02 4 0 151
22:18:32 4 0 155
22:19:02 4 0 154
22:19:32 4 0 193
22:20:02 4 0 154
22:20:33 3 1 153
22:21:02 4 0 153
22:21:33 4 0 155
22:22:03 4 0 151
22:22:33 4 0 154
22:23:03 4 0 155
22:23:33 4 0 154
22:24:03 4 0 153
22:24:33 4 0 153
22:25:03 4 0 154
22:25:34 4 0 155
22:26:04 4 0 155
22:26:34 4 0 153
22:27:04 4 0 154
22:27:34 4 0 154
22:28:04 4 0 153
22:28:34 4 0 154
22:29:04 4 0 161
22:29:35 4 0 153
22:30:05 4 0 189
22:30:35 4 0 154
22:31:05 4 0 154
22:31:35 4 0 154
22:32:05 4 0 154
22:32:35 4 0 153
22:33:05 4 0 154
22:33:36 4 0 157
22:34:06 4 0 154
22:34:36 4 0 154
22:35:07 3 1 154
22:35:36 4 0 157
22:36:06 4 0 154
22:36:36 4 0 154
22:37:06 4 0 154
22:37:37 4 0 154
22:38:07 4 0 153
22:38:37 4 0 153
22:39:07 4 0 154
22:39:38 3 1 154
22:40:07 4 0 153
22:40:39 3 1 154
22:41:08 4 0 154
22:41:38 4 0 154
22:42:08 4 0 153
22:42:38 4 0 152
22:43:08 4 0 153
22:43:38 4 0 154
22:44:08 4 0 154
22:44:39 4 0 154
22:45:09 4 0 151
22:45:40 3 1 152
22:46:09 4 0 154
22:46:39 4 0 152
22:47:09 4 0 153
22:47:40 3 1 154
22:48:09 4 0 153
22:48:40 4 0 154
22:49:10 4 0 153
22:49:40 4 0 153
22:50:10 4 0 154
22:50:40 4 0 153
22:51:10 4 0 154
22:51:40 4 0 155
22:52:10 4 0 153
22:52:41 4 0 153
22:53:11 4 0 152
22:53:41 4 0 153
22:54:11 4 0 155
22:54:41 4 0 154
22:55:11 4 0 155
22:55:41 4 0 152
22:56:11 4 0 151
22:56:42 4 0 153
22:57:12 4 0 154
22:57:42 4 0 154
22:58:12 4 0 154
22:58:42 4 0 153
22:59:12 4 0 153
22:59:43 4 0 153
23:00:13 4 0 153
23:00:43 4 0 153
23:01:13 4 0 151
23:01:43 4 0 151
23:02:13 4 0 153
23:02:43 4 0 152
23:03:13 4 0 151
23:03:44 4 0 154
23:04:14 4 0 151
23:04:44 4 0 154
23:05:14 4 0 154
23:05:44 4 0 151
23:06:15 3 1 154
23:06:44 4 0 154
23:07:14 4 0 153
23:07:45 4 0 157
23:08:15 4 0 151
23:08:45 4 0 151
23:09:15 4 0 153
23:09:45 4 0 188
23:10:15 4 0 154
23:10:46 3 1 153
23:11:16 4 0 194
23:11:46 4 0 153
23:12:16 4 0 151
23:12:46 4 0 154
23:13:16 4 0 153
23:13:47 3 1 154
23:14:16 4 0 154
23:14:46 4 0 152
23:15:16 4 0 153
23:15:47 4 0 153
23:16:17 4 0 154
23:16:47 4 0 154
23:17:17 4 0 154
23:17:47 4 0 151
23:18:17 4 0 156
23:18:48 3 1 153
23:19:17 4 0 151
23:19:48 4 0 152
23:20:18 4 0 152
23:20:48 4 0 154
23:21:18 4 0 153
23:21:48 4 0 161
23:22:18 4 0 151
23:22:48 4 0 155
23:23:19 4 0 153
23:23:49 4 0 154
23:24:19 4 0 153
23:24:49 4 0 154
23:25:19 4 0 155
23:25:49 4 0 153
23:26:19 4 0 155
23:26:50 4 0 154
23:27:20 4 0 154
23:27:50 4 0 156
23:28:20 4 0 152
23:28:50 4 0 151
23:29:20 4 0 154
23:29:50 4 0 153
23:30:20 4 0 152
23:30:50 4 0 154
23:31:21 4 0 155
23:31:51 4 0 152
23:32:21 4 0 153
23:32:51 4 0 163
23:33:21 4 0 151
23:33:52 3 1 154
23:34:21 4 0 153
23:34:52 4 0 151
23:35:22 4 0 154
23:35:52 4 0 154
23:36:22 4 0 153
23:36:52 4 0 152
23:37:22 4 0 154
23:37:52 4 0 156
23:38:22 4 0 151
23:38:53 4 0 156
23:39:23 4 0 153
23:39:53 4 0 154
23:40:23 4 0 155
23:40:53 4 0 152
23:41:23 4 0 153
23:41:54 4 0 155
23:42:24 4 0 154
23:42:54 4 0 153
23:43:24 4 0 154
23:43:55 4 0 162
23:44:25 4 0 153
23:44:56 3 1 154
23:45:25 4 0 154
23:45:55 4 0 154
23:46:25 4 0 153
23:46:56 4 0 153
23:47:26 4 0 154
23:47:56 4 0 151
23:48:26 4 0 154
23:48:57 4 0 152
23:49:27 4 0 153
23:49:58 4 0 153
23:50:28 4 0 153
23:50:58 4 0 154
23:51:28 4 0 153
23:51:59 4 0 153
23:52:29 4 0 154
23:53:00 4 0 156
23:53:30 4 0 158
23:54:00 4 0 154
23:54:31 4 0 153
23:55:01 4 0 152
23:55:32 3 1 154
23:56:03 4 0 151
23:56:33 4 0 153
23:57:03 4 0 154
23:57:34 4 0 153
23:58:04 4 0 154
23:58:35 3 1 154
23:59:05 4 0 152
23:59:36 4 0 152
