00:01:26 2650 3757
00:02:42 105258 9085
00:03:24 17540 2259
00:04:18 22406 2036
00:05:19 159785 9419
00:06:19 33818 2926
00:07:20 87115 5928
00:08:21 20130 1744
02:00:08 31132 2010
02:01:06 31921 5822
02:02:07 2998 4140
02:03:07 69054 9832
02:04:07 78066 10488
02:05:08 46523 37560
02:06:08 86066 5006
02:07:09 3296 3391
02:08:09 36068 4785
02:09:10 94430 13702
02:10:12 80778 6752
02:11:14 6783 224796
02:12:11 24944 6332
02:13:11 35120 9459
02:14:12 22043 13664
02:15:13 9546 25859
02:16:13 75389 8798
02:17:13 25617 3340
02:18:13 33117 8811
02:19:14 42379 5214
02:20:14 30443 2806
02:21:15 42228 9464
02:22:15 7210 3439
02:23:18 38213 7017
02:24:16 2551 3414
02:25:16 15491 3827
02:26:17 2362 2822
02:27:17 24614 4694
02:28:18 12756 6611
02:29:18 61525 10554
02:30:19 5986 2547
02:31:21 12413 8204
02:32:19 57496 6614
02:33:20 38430 8907
02:34:20 15624 4222
02:35:20 41862 4780
02:36:21 1971 1710
02:37:21 15534 7189
02:38:22 16227 6073
02:39:22 57961 35217
02:40:23 50246 11112
02:41:23 46461 16243
02:42:26 169332 9541
02:43:24 306324 18978
02:44:24 2582 3324
02:45:25 -1 -1
02:46:25 96592 31127
02:47:25 22804 17601
02:48:26 152560 17130
02:49:26 25746 4539
02:50:26 60107 5061
02:51:27 66225 7371
02:52:28 16352 2310
02:53:28 18530 6530
02:54:28 49088 8046
02:55:29 48249 16419
02:56:33 24320 6331
02:57:30 97115 6375
02:58:30 8728 4703
02:59:30 19450 8394
03:00:31 7781 6462
03:01:32 16824 14796
03:02:31 3041 3854
03:03:32 25177 5323
03:04:32 30440 161291
03:05:33 74349 7887
03:06:33 7545 4038
03:07:34 61604 15100
03:08:35 13301 22242
03:09:35 19452 7653
03:10:37 145770 16038
03:11:40 3087 3821
03:12:37 55572 6882
03:13:37 55912 7127
03:14:37 47698 5081
03:15:37 18251 10670
03:16:38 5777 4946
03:17:38 30621 6201
03:18:38 116268 35996
03:19:39 20028 5050
03:20:39 102330 43274
03:21:39 93385 21088
03:22:40 7197 2569
03:23:40 2594 3432
03:24:40 8574 2883
03:25:41 18774 12694
03:26:41 30007 6384
03:27:43 41973 3157
03:28:42 41279 5243
03:29:42 47660 3780
03:30:45 18269 10979
03:31:43 16227 25493
03:32:43 8151 4204
03:33:43 57986 5833
03:34:44 50640 10158
03:35:44 3090 3612
03:36:44 3418 4514
03:37:45 17423 6955
03:38:45 44724 3445
03:39:46 3930 4313
03:40:46 88936 9431
03:41:47 44513 5564
03:42:47 32875 6226
03:43:47 2113 2172
03:44:47 162049 12454
03:45:48 52260 5037
03:46:48 49808 5398
03:47:48 149683 13859
03:48:49 132284 4924
03:49:49 375601 16033
03:50:50 141682 10322
03:51:50 221754 17205
03:52:50 174047 10929
03:53:50 125900 6931
03:54:51 135798 7720
03:55:51 11494 4231
03:56:51 207756 12312
03:57:52 21913 10245
03:58:52 37480 4532
03:59:52 8248 6697
04:00:53 18825 4391
04:01:53 532515 17608
04:02:54 66539 6593
04:03:54 98024 4520
04:04:54 34462 2860
04:05:56 -1 -1
04:06:55 143991 5891
04:07:56 267044 35547
04:08:56 314048 10134
04:09:56 -1 -1
04:10:56 12754 5485
04:11:57 42417 6282
04:12:57 18293 53081
04:13:58 10294 5653
04:14:58 28297 6863
04:15:58 26747 283484
04:16:58 258672 6494
04:17:59 61912 6895
04:18:59 283123 6522
04:19:59 41205 2858
04:21:00 32752 8145
04:22:00 637 628
04:23:00 41395 4987
04:24:01 268349 6366
04:25:01 68260 9102
04:26:03 224999 8555
04:27:01 58480 4889
04:28:02 123580 10484
04:29:03 265155 22855
04:30:03 241649 8631
04:31:04 155576 8359
04:32:04 288205 9503
04:33:03 246391 4987
04:34:04 233074 10099
04:35:04 128279 33540
04:36:05 420645 249690
04:37:05 18153 3189
04:38:05 109138 31413
04:39:08 370830 8239
04:40:06 242506 8112
04:41:06 269025 8198
04:42:07 282177 10376
04:43:07 241785 5030
04:44:08 296697 5700
04:45:08 288302 8479
04:46:08 291790 8418
04:47:09 292643 11809
04:48:10 58685 7258
04:49:09 255641 6224
04:50:09 39071 3598
04:51:12 187742 8894
04:52:10 1829 2102
04:53:11 243560 10139
04:54:11 67498 6369
04:55:11 256832 48019
04:56:12 90253 4710
04:57:12 138803 6442
04:58:12 128664 12484
04:59:13 138462 8017
05:00:13 93212 7065
05:01:14 132543 5188
05:02:14 13951 2904
05:03:14 4102 2528
05:04:14 16023 5100
05:05:15 45962 5724
05:06:15 32415 3858
05:07:15 42884 11630
05:08:16 168593 13523
05:09:16 15271 2211
05:10:17 40942 11750
05:11:21 32160 11032
05:12:19 114502 6334
05:13:18 77081 16637
05:14:18 2796 3050
05:15:18 3212 1602
05:16:19 21495 46070
05:17:19 54681 10952
05:18:19 -1 -1
05:19:20 76786 7770
05:20:20 37576 4938
05:21:20 34626 4132
05:22:21 28867 2095
05:23:21 7312 3179
05:24:21 3224 1982
05:25:22 8545 3538
05:26:22 64099 16572
05:27:23 139549 5950
05:28:23 78632 5242
05:29:23 102913 30204
05:30:24 12242 54815
05:31:28 31963 4286
05:32:24 12240 2996
05:33:25 36319 3784
05:34:25 8916 2292
05:35:25 -1 -1
05:36:26 12018 3308
05:37:26 16604 2920
05:38:26 84917 3607
05:39:26 2828 854
05:40:27 111845 21854
05:41:29 60934 7198
05:42:28 47104 3764
05:43:28 1180 1768
05:44:29 20219 2165
05:45:29 30049 3178
05:46:29 13810 6873
05:47:29 16523 2024
05:48:30 66749 7810
05:49:31 38026 8195
05:50:30 12629 2244
05:51:32 37917 3236
05:52:31 831 1070
05:53:31 169205 9688
05:54:32 34627 43027
05:55:32 60335 3322
05:56:32 21847 5309
05:57:33 101336 24605
05:58:33 97873 7253
05:59:35 174430 7259
06:00:34 3802 3469
06:01:34 53840 7566
06:02:35 1147 1258
06:03:35 9676 1528
06:04:36 85540 4965
06:05:36 856 1108
06:06:37 7775 4043
06:07:37 -1 -1
06:08:37 27589 3194
06:09:38 22551 2695
06:10:38 13881 8261
06:11:39 117314 12589
06:12:39 27845 3281
06:13:39 36565 4536
06:14:39 143785 4964
06:15:40 51922 2592
06:16:40 61488 8765
06:17:40 37641 2148
06:18:42 46224 4296
06:19:41 31077 2270
06:20:41 54236 27832
06:21:42 31302 24939
06:22:42 159500 8853
06:23:42 21902 2686
06:24:43 86755 5535
06:25:43 51593 7308
06:26:43 28254 1673
06:27:44 95082 13824
06:28:44 2953 11000
06:29:45 68146 8318
06:30:46 4324 3218
06:31:46 383756 23060
06:32:46 18280 4881
06:33:46 16289 5189
06:34:46 21400 57555
06:35:46 72848 5431
06:36:47 -1 -1
06:37:47 310 388
06:38:48 14863 2601
06:39:48 1378 2218
06:40:48 15261 3584
06:41:49 1757 2320
06:42:49 26888 4754
06:43:50 37242 8844
06:44:50 38311 4731
06:45:50 702 1291
06:46:53 34290 2759
06:47:51 28508 1825
06:48:51 52437 9671
06:49:51 60585 6181
06:50:54 37929 4280
06:51:52 40318 4858
06:52:53 118611 6847
06:53:53 18147 1608
06:54:53 75792 8861
06:55:53 20232 2998
06:56:54 18397 4084
06:57:54 9062 7877
06:58:55 90797 5622
06:59:55 25892 6772
07:00:55 14959 5125
07:01:56 42662 280784
07:02:56 26182 6798
07:03:56 19816 2078
07:04:56 58121 4275
07:05:57 14896 3161
07:06:57 10475 9512
07:07:57 31857 6828
07:08:58 10782 3306
07:09:58 550 1208
07:11:00 9408 1635
07:12:01 19706 3874
07:12:59 28928 2982
07:13:59 160806 9305
07:15:00 69434 4745
07:16:00 12393 2487
07:17:00 14381 2718
07:18:01 34932 54457
07:19:01 3932 12424
07:20:01 14716 11032
07:21:03 52458 2801
07:22:02 490 782
07:23:02 28741 3756
07:24:03 87909 19770
07:25:03 41238 3057
07:26:04 1788 2734
07:27:04 65576 6491
07:28:04 93475 9228
07:29:04 157207 13177
07:30:05 66044 5218
07:31:05 10341 3272
07:32:06 29063 56708
07:33:06 5639 2342
07:34:06 32760 5810
07:35:06 52190 18853
07:36:08 57215 6210
07:37:07 64866 4004
07:38:08 28870 12542
07:39:08 1338 1956
07:40:09 48969 14501
07:41:09 21159 4337
07:42:09 89803 6038
07:43:10 6257 2301
07:44:09 12206 4043
07:45:10 4481 3103
07:46:10 48934 22592
07:47:10 38425 5364
07:48:11 38543 4592
07:49:11 26656 3967
07:50:12 67390 15000
07:51:21 127013 12633
07:52:12 40465 4425
07:53:12 2224 7342
07:54:13 6174 22213
07:55:13 11293 2683
07:56:13 29214 16903
07:57:14 5001 6932
07:58:14 45546 5290
07:59:14 49816 7290
08:00:15 20623 5783
08:01:15 12533 996
08:02:16 49258 2942
08:03:17 152525 4550
08:04:16 11014 1732
08:05:16 85068 7684
08:06:16 17429 3982
08:07:17 24510 6218
08:08:17 7649 1631
08:09:17 83929 17397
08:10:18 80348 3535
08:11:18 15671 45213
08:12:18 109700 7674
08:13:19 196680 15395
08:14:19 1726 2741
08:15:19 74715 9854
08:16:20 920 755
08:17:20 13348 159739
08:18:20 131837 5300
08:19:20 4782 432
08:20:21 461 562
08:21:21 174 246
08:22:22 5655 1597
08:23:22 41774 3545
08:24:23 9938 1836
08:25:23 162 306
08:26:24 -1 -1
08:27:24 39328 8695
08:28:24 2064 1192
08:29:25 26644 2570
08:30:25 62721 4042
08:31:29 27248 3057
08:32:25 16232 305558
08:33:26 6739 1276
08:34:26 11975 2205
08:35:26 13420 3515
08:36:27 55187 4296
08:37:27 20402 16986
08:38:27 26369 2504
08:39:28 24258 4503
08:40:28 67994 5963
08:41:28 62098 7803
08:42:29 126088 6917
08:43:29 17913 2559
08:44:29 5372 1349
08:45:30 22961 11594
08:46:30 2043 497
08:47:30 16213 1809
08:48:31 975 1635
08:49:31 859030 329342
08:50:32 33921 4505
08:51:38 92722 7066
08:52:32 265139 10228
08:53:32 31373 3322
08:54:33 40866 18970
08:55:34 8636 1082
08:56:34 41290 4655
08:57:35 36729 11756
08:58:35 276980 15273
08:59:35 124765 10790
09:00:36 400722 277506
09:01:36 100242 6732
09:02:38 9247 2572
09:03:37 18223 2980
09:04:37 10107 2147
09:05:37 56185 5914
09:06:37 1033 1042
09:07:38 64809 4956
09:08:38 49171 7791
09:09:38 104659 12547
09:10:41 11595 3106
09:11:39 92459 27461
09:12:39 53927 5559
09:13:39 6914 6513
09:14:39 67303 13593
09:15:40 45622 76631
09:16:40 2789 43688
09:17:40 28527 73944
09:18:41 927 919
09:19:41 16285 2581
09:20:41 106396 8047
09:21:42 45888 3060
09:22:42 31148 6194
09:23:42 58924 5521
09:24:42 113882 11944
09:25:43 40698 9152
09:26:44 21981 8388
09:27:43 20383 16376
09:28:43 31615 3043
09:29:44 28760 6632
09:30:47 99389 25498
09:31:46 269311 73762
09:32:45 204520 8064
09:33:45 295448 13785
09:34:45 59933 6671
09:35:46 192124 114701
09:36:49 248737 21180
09:37:46 26184 5381
09:38:47 82280 9122
09:39:50 460932 25701
09:40:48 93334 3806
09:41:48 25585 4133
09:42:48 5237 3468
09:43:48 138829 273037
09:44:49 95747 4446
09:45:49 -1 -1
09:46:50 110286 9263
09:47:49 103848 8915
09:48:50 144206 6611
09:49:50 80128 8461
09:50:50 19301 13068
09:51:50 97313 7184
09:52:51 148034 180341
09:53:51 3900 3987
09:54:51 4333 8431
09:55:51 73498 8178
09:56:51 2172 8914
09:57:52 21371 81987
09:58:52 97927 7074
09:59:52 -1 -1
10:00:52 111094 19794
10:01:53 20022 4132
10:02:54 37957 22746
10:03:53 13347 2247
10:04:53 10604 8392
10:05:54 121595 9997
10:06:54 66075 3789
10:07:54 44376 6210
10:08:55 536992 20104
10:09:55 39785 296202
10:10:58 1341 1642
10:11:57 42854 3063
10:12:55 141367 11573
10:13:56 30226 6374
10:14:56 2944 1070
10:15:56 84499 6156
10:16:56 44865 7754
10:18:01 231627 24637
10:18:57 89951 10418
10:19:57 422438 26695
10:20:58 32306 2865
10:21:59 302843 23094
10:22:59 24957 15248
10:24:03 139155 22500
10:25:01 74926 9732
10:26:01 59611 253530
10:27:02 158949 14040
10:28:03 118593 20212
10:29:03 187659 17389
10:30:03 78571 18707
10:31:04 274615 39745
10:32:04 124744 31096
10:33:04 191109 22377
10:34:05 85658 13129
10:35:04 37447 3550
10:36:05 57925 6881
10:37:05 89080 15207
10:38:06 149901 10317
10:39:06 38722 2838
10:40:10 448513 36170
10:41:08 169144 13175
10:42:07 78779 4575
10:43:08 31254 4028
10:44:09 250473 23051
10:45:08 128815 39559
10:46:09 101331 28903
10:47:10 437746 22553
10:48:10 241327 16206
10:49:10 128844 42663
10:50:10 49606 2724
10:51:11 251478 10547
10:52:11 217428 11769
10:53:12 24764 314031
10:54:12 103882 55311
10:55:12 166182 29717
10:56:13 200727 10814
10:57:14 288349 42138
10:58:14 68395 7940
10:59:15 72813 4038
11:00:15 466205 21299
11:01:15 93022 7967
11:02:16 168858 12908
11:03:17 55971 6171
11:04:16 46410 7477
11:05:17 508540 23192
11:06:17 97030 5499
11:07:17 17087 1616
11:08:18 19646 102112
11:09:18 24366 15814
11:10:19 215809 17805
11:11:21 22936 21653
11:12:19 36924 3870
11:13:20 226612 13440
11:14:20 111839 8313
11:15:21 354054 25506
11:16:22 123958 24418
11:17:22 53408 2682
11:18:22 27750 9076
11:19:22 175051 16977
11:20:23 11452 6820
11:21:23 253346 21185
11:22:23 177138 14726
11:23:24 103051 13032
11:24:24 413993 18108
11:25:24 70480 4417
11:26:25 11850 1372
11:27:25 197578 11222
11:28:25 158129 7946
11:29:26 269978 16809
11:30:25 182078 7326
11:31:28 473098 22083
11:32:26 44288 2380
11:33:26 40316 5223
11:34:27 947 974
11:35:28 291909 10523
11:36:29 61924 3957
11:37:29 89170 3624
11:38:29 251476 12976
11:39:30 11382 1542
11:40:30 22930 20090
11:41:30 205547 20071
11:42:31 29340 2026
11:43:31 335835 18413
11:44:34 22327 2862
11:45:32 186565 17267
11:46:33 186576 12502
11:47:33 203610 16651
11:48:33 61789 3329
11:49:34 75475 3992
11:50:35 49098 3805
11:51:39 341028 12904
11:52:35 54616 36073
11:53:36 56977 6436
11:54:36 12520 1922
11:55:36 413602 27000
11:56:37 48355 16266
11:57:37 10478 4271
11:58:37 68345 6572
11:59:38 256725 18455
12:00:38 96527 8689
12:01:38 76374 12420
12:02:38 28773 3230
12:03:39 32480 119432
12:04:39 45014 9867
12:05:39 33519 3648
12:06:39 101986 22451
12:07:39 157449 14502
12:08:40 49403 121204
12:09:40 86908 4712
12:10:42 41429 5869
12:11:43 97056 92891
12:12:41 13965 1678
12:13:41 46843 1080
12:14:42 17876 2949
12:15:42 944 3486
12:16:43 690 3682
12:17:43 135605 16851
12:18:44 52144 6450
12:19:45 122765 6738
12:20:45 100892 9087
12:21:45 308909 14655
12:22:45 665 1094
12:23:46 86103 10455
12:24:46 241301 16371
12:25:46 160749 9983
12:26:46 3882 2358
12:27:47 62032 3270
12:28:47 62825 8113
12:29:47 10122 1785
12:30:48 6512 1370
12:31:53 55076 4845
12:32:48 42902 2295
12:33:51 1701 458
12:34:48 255289 10628
12:35:49 4383 5200
12:36:49 84923 5007
12:37:49 22394 2725
12:38:50 6996 1977
12:39:50 112510 6868
12:40:50 53172 5804
12:41:50 54965 3006
12:42:54 88587 4436
12:43:51 73475 31464
12:44:51 107406 8888
12:45:51 43656 3884
12:46:51 382815 26029
12:47:51 53849 5648
12:48:52 47213 3823
12:49:52 219682 11296
12:50:55 77753 5973
12:51:54 31528 2557
12:52:54 30492 2760
12:53:54 14065 3127
12:54:54 23191 2742
12:55:54 8995 20853
12:56:54 88195 6833
12:57:55 52477 2703
12:58:55 21916 2369
12:59:58 24649 2806
13:00:56 20475 2518
13:01:56 33214 3064
13:02:56 2377 9387
13:03:56 4159 1179
13:04:56 116234 6387
13:05:57 32515 8890
13:06:57 18072 1692
13:07:57 17636 1992
13:08:57 47734 3668
13:09:57 99465 8882
13:10:58 749 1432
13:11:58 4044 3196
13:12:58 27749 24410
13:13:58 428690 43287
13:14:59 49131 5342
13:15:59 65499 6767
13:17:07 15381 3171
13:17:59 54751 2100
13:18:59 18722 8346
13:20:01 121265 11074
13:21:00 19689 3990
13:22:00 33933 3532
13:23:01 106639 6127
13:24:01 33874 22441
13:25:01 74168 2736
13:26:02 1772 60
13:27:02 254199 28882
13:28:02 215113 9699
13:29:02 50820 13809
13:30:02 181726 7705
13:31:04 16216 7270
13:32:03 56517 3389
13:33:03 340402 12917
13:34:04 109601 8921
13:35:04 117184 7961
13:36:04 175021 12060
13:37:07 142382 13039
13:38:05 402977 20931
13:39:05 239097 14281
13:40:05 174 620
13:41:06 186027 8447
13:42:06 8003 2545
13:43:07 11844 2130
13:44:07 33044 141018
13:45:07 715 1391
13:46:08 130818 44789
13:47:09 47907 3455
13:48:09 45569 12242
13:49:09 149516 12205
13:50:10 11539 1447
13:51:10 129090 4351
13:52:11 16150 846
13:53:11 72288 3879
13:54:11 11805 2490
13:55:11 137128 12904
13:56:11 83423 3700
13:57:11 284581 12874
13:58:12 67706 2320
13:59:15 13096 2443
14:00:12 284902 24996
14:01:12 225692 12336
14:02:13 148278 15232
14:03:13 41456 4031
14:04:13 283900 16744
14:05:13 17031 2458
14:06:14 2721 1178
14:07:14 29491 21155
14:08:14 142684 8659
14:09:15 285742 16134
14:10:15 61638 3754
14:11:15 96357 11663
14:12:16 89094 4527
14:13:16 56491 3278
14:14:19 80191 5751
14:15:17 46783 5678
14:16:17 73229 222472
14:17:17 35514 5420
14:18:18 81485 10249
14:19:19 313924 40874
14:20:18 32692 3479
14:21:18 850 878
14:22:18 60678 27478
14:23:19 160567 10666
14:24:19 32176 9412
14:25:20 72378 7410
14:26:20 42139 6158
14:27:21 122350 9701
14:28:24 65632 27087
14:29:21 142025 9069
14:30:35 14973 7075
14:31:23 122089 9425
14:32:22 145302 10107
14:33:23 124779 8795
14:34:27 43202 8951
14:35:26 152880 9207
14:36:24 17118 5803
14:37:25 15091 2148
14:38:25 93749 5146
14:39:25 37915 1582
14:40:25 35082 2906
14:41:26 168776 14600
14:42:26 166183 18789
14:43:27 10997 5042
14:44:28 96715 12841
14:45:31 68699 222453
14:46:28 111111 19253
14:47:28 78413 69165
14:48:29 75011 16598
14:49:29 203697 11564
14:50:29 87724 9126
14:51:31 112721 6538
14:52:31 86599 21830
14:53:31 3009 1428
14:54:31 33641 3784
14:55:31 -1 -1
14:56:31 117560 11151
14:57:32 89179 6162
14:58:32 21960 3145
14:59:32 99339 18903
15:00:32 75333 7485
15:01:32 78648 6818
15:02:33 65874 14315
15:03:33 76172 3215
15:04:34 350915 16074
15:05:33 418668 23531
15:06:34 154516 14901
15:07:34 74498 4097
15:08:34 63318 6243
15:09:34 410182 17159
15:10:34 124726 6328
15:11:35 81642 5129
15:12:35 167548 8695
15:13:35 159723 16085
15:14:35 77929 5611
15:15:36 112055 28245
15:16:36 147921 8031
15:17:36 66115 7297
15:18:39 67389 8664
15:19:37 15124 3321
15:20:37 38429 2850
15:21:37 62354 6714
15:22:37 56495 16383
15:23:38 80358 9013
15:24:38 96430 7982
15:25:38 297754 13234
15:26:38 41446 7617
15:27:38 49507 3383
15:28:39 120046 14790
15:29:39 182096 7398
15:30:39 140290 8541
15:31:40 147006 7343
15:32:40 69063 4811
15:33:40 288018 11903
15:34:40 241080 29105
15:35:41 57164 6406
15:36:41 71976 5522
15:37:41 83761 7503
15:38:41 38977 3479
15:39:41 161389 8674
15:40:42 76059 6686
15:41:42 46121 25000
15:42:42 96511 20133
15:43:42 165483 10292
15:44:46 32118 3219
15:45:43 176165 15099
15:46:43 244693 12788
15:47:44 212707 22434
15:48:44 141855 7270
15:49:46 137494 14296
15:50:44 8008 68466
15:51:48 215925 4821
15:52:45 43887 15443
15:53:48 83838 10601
15:54:45 46857 9407
15:55:46 35068 4020
15:56:46 158552 228321
15:57:47 49676 14134
15:58:46 21467 3820
15:59:46 13135 2350
16:00:47 -1 -1
16:01:50 16668 138777
16:02:47 18925 2545
16:03:47 48359 47148
16:04:48 47050 7709
16:05:48 58147 18651
16:06:48 60825 8100
16:07:48 105999 8508
16:08:48 258458 55477
16:09:49 225339 14661
16:10:51 40680 3303
16:11:49 51289 13764
16:12:50 192602 15571
16:13:50 74681 7739
16:14:50 43609 4295
16:15:50 120162 15761
16:16:50 378721 27508
16:18:00 230283 11615
16:18:51 151620 29151
16:19:51 128290 28377
16:20:54 405869 187005
16:21:51 45905 3034
16:22:52 177557 8451
16:23:52 414650 38055
16:24:52 50194 3109
16:25:52 89816 12946
16:26:52 72791 4942
16:27:53 41015 153054
16:28:53 20944 994
16:29:53 83017 7882
16:30:56 166145 24499
16:31:57 710 512
16:32:54 38226 7113
16:33:55 88509 323518
16:34:55 26532 4193
16:35:56 89598 6247
16:36:55 127739 10034
16:38:06 164612 23022
16:38:56 227076 19103
16:39:56 162898 16752
16:40:57 501183 166534
16:41:57 69736 12954
16:42:57 53536 11643
16:43:57 110642 224788
16:44:57 1022 571
16:45:57 57935 13626
16:46:58 50113 4061
16:47:58 90026 6094
16:48:58 53032 4676
16:49:59 127758 5954
16:51:00 248112 13195
16:51:59 317941 10981
16:53:00 163219 16124
16:53:59 21196 2182
16:55:00 189755 7297
16:56:00 121297 6617
16:57:20 -1 -1
16:58:00 454429 27455
16:59:01 51771 5423
17:00:01 30521 4313
17:01:11 108973 4099
17:02:01 32573 106743
17:03:03 117895 16248
17:04:03 44727 3536
17:05:04 120225 16635
17:06:04 264272 20422
17:07:04 77340 7098
17:08:08 106249 8774
17:09:08 161143 29622
17:10:08 40932 6660
17:11:08 57492 8403
17:12:08 230993 11788
17:13:05 431919 31656
17:14:06 247113 13514
17:15:08 343543 24809
17:16:06 41667 3849
17:17:06 104298 327541
17:18:07 222975 10676
17:19:07 76620 2816
17:20:07 76173 65871
17:21:07 37816 4045
17:22:08 -1 -1
17:23:09 38827 3855
17:24:09 28687 5022
17:25:09 188936 10934
17:26:10 94898 21624
17:27:10 195097 8012
17:28:11 139786 9081
17:29:11 78155 12517
17:30:11 26484 2385
17:31:15 198404 9661
17:32:13 281437 11352
17:33:12 109010 8273
17:34:12 348617 12596
17:35:12 100986 29440
17:36:13 39887 18238
17:37:13 129884 8408
17:38:14 131198 8972
17:39:15 151520 7977
17:40:14 43729 26100
17:41:14 626 881
17:42:15 106535 12423
17:43:16 71954 3660
17:44:16 21488 5961
17:45:16 88899 22937
17:46:16 11811 1765
17:47:17 12703 11199
17:48:17 271052 17447
17:49:17 88535 4496
17:50:17 136623 6698
17:51:20 -1 -1
17:52:18 142479 6089
17:53:20 1044787 51889
17:54:19 94323 6136
17:55:19 150313 8793
17:56:19 42878 4489
17:57:19 9987 3115
17:58:23 41833 3271
17:59:20 161206 7989
18:00:20 130792 13946
18:01:20 48322 3218
18:02:21 96525 6473
18:03:21 36252 3355
18:04:21 34034 4346
18:05:22 44870 4968
18:06:22 78958 5809
18:07:22 56170 12084
18:08:22 76461 5165
18:09:22 13721 4425
18:10:22 52307 4797
18:11:23 144177 7928
18:12:23 237105 11137
18:13:24 -1 -1
18:14:24 32302 1940
18:15:24 12026 33414
18:16:24 77965 9978
18:17:25 155939 41588
18:18:25 17395 4425
18:19:25 32359 9645
18:20:25 46274 3634
18:21:25 43076 9998
18:22:26 96275 3993
18:23:26 168437 20479
18:24:26 20393 1947
18:25:26 52784 7487
18:26:27 302748 17882
18:27:27 84289 8401
18:28:28 94198 199826
18:29:28 73862 12455
18:30:30 98528 8654
18:31:29 6058 1049
18:32:39 7997 1419
18:33:30 31273 7738
18:34:30 35125 3856
18:35:31 52769 4191
18:36:31 115308 10002
18:37:31 19016 2086
18:38:31 62468 5121
18:39:32 49732 5393
18:40:32 48683 5395
18:41:32 39398 3892
18:42:32 37474 2929
18:43:52 -1 -1
18:44:33 193027 11177
18:45:33 180480 34735
18:46:33 71806 3313
18:47:34 73115 3960
18:48:37 22563 2430
18:49:34 20112 9261
18:50:34 48316 2270
18:51:38 -1 -1
18:52:34 4609 3108
18:53:35 8802500 168885
18:54:36 21974 4427
18:55:36 69338 8115
18:56:37 38264 31162
18:57:37 84232 8104
18:58:37 307554 18238
18:59:37 57243 75402
19:00:37 257258 19964
19:01:38 39324 3915
19:02:38 89094 6533
19:03:38 157378 10445
19:04:38 116176 8676
19:05:39 105084 36511
19:06:39 -1 -1
19:07:39 48451 6375
19:08:39 4434 3296
19:09:39 43414 8379
19:10:39 2390 1097
19:11:40 20582 24661
19:12:40 59166 19008
19:13:41 104592 6177
19:14:41 25923 3534
19:15:41 45646 3533
19:16:41 141738 5580
19:17:41 25874 3245
19:18:41 81446 9776
19:19:42 17518 592
19:20:42 129172 6328
19:21:42 77145 5951
19:22:42 21086 6582
19:23:43 62431 111101
19:24:43 15932 1783
19:25:43 60858 2009
19:26:43 34846 3253
19:27:43 52135 4498
19:28:44 298633 17523
19:29:44 27519 5121
19:30:44 355204 29809
19:31:45 24430 4270
19:32:45 81429 9499
19:33:45 38985 212737
19:34:46 71462 3044
19:35:45 102277 4462
19:36:46 57412 5034
19:37:46 39966 4267
19:38:46 46885 4728
19:39:46 43948 47177
19:40:48 21563 192725
19:41:48 20905 1231
19:42:48 1239 1080
19:43:51 346736 17952
19:44:48 5330 136057
19:45:51 38432 6926
19:46:48 -1 -1
19:47:52 166214 10472
19:48:49 50026 3953
19:49:49 49162 249537
19:50:49 27195 13410
19:51:51 358375 16727
19:52:50 188099 6602
19:53:49 5145 968
19:54:49 295805 196691
19:55:50 346083 76016
19:56:50 139714 15015
19:57:50 24000 1599
19:58:51 74809 5429
19:59:51 46067 5269
20:00:51 66885 3881
20:01:51 55426 9701
20:02:54 6733 1292
20:03:52 33914 2922
20:04:52 404633 17638
20:05:52 97319 7003
20:06:52 39794 1775
20:07:52 190279 14159
20:08:53 195121 27047
20:09:53 44259 58397
20:10:54 22684 2297
20:11:53 153060 6351
20:12:53 265494 11179
20:13:54 101758 7604
20:14:54 36953 23544
20:15:54 26109 7046
20:16:54 17029 8990
20:17:55 57269 3880
20:18:55 40614 3699
20:19:58 25127 2340
20:20:55 69142 27136
20:21:56 65077 3746
20:22:56 40327 7091
20:23:56 185546 9311
20:24:56 214050 11437
20:25:56 66545 7246
20:26:57 56961 3498
20:27:58 118829 10668
20:28:58 88326 13606
20:29:57 178762 7133
20:31:00 81337 5491
20:31:59 107037 326512
20:32:58 19542 3347
20:33:58 73691 9153
20:34:58 174549 265708
20:36:02 78283 12581
20:36:59 81493 7229
20:37:59 77085 5658
20:39:02 94130 9990
20:40:00 132198 35849
20:41:03 79948 3995
20:42:00 12653 2068
20:43:00 12989 752
20:44:00 65175 6213
20:45:00 237671 10580
20:46:01 41130 4052
20:47:01 21865 2215
20:48:02 50543 9837
20:49:01 47334 3289
20:50:02 79973 5854
20:51:02 136630 10041
20:52:02 101007 11981
20:53:02 70795 10456
20:54:02 20136 11245
20:55:07 9477 3282
20:56:03 71390 6380
20:57:03 18889 1262
20:58:03 114214 48474
20:59:03 99979 7248
21:00:03 18657 2119
21:01:06 98239 7487
21:02:04 85594 7031
21:03:04 39442 2574
21:04:04 52147 3544
21:05:05 37647 2088
21:06:08 10381 5700
21:07:05 49417 5614
21:08:05 92184 6043
21:09:06 76811 7841
21:10:05 19508 1662
21:11:08 63769 5456
21:12:06 123428 11719
21:13:06 -1 -1
21:14:07 8515 2785
21:15:07 16081 4669
21:16:07 84340 8425
21:17:07 74558 7655
21:18:07 113661 24244
21:19:08 39240 8374
21:20:08 94466 5857
21:21:08 94996 180071
21:22:08 57882 6183
21:23:09 96708 9061
21:24:09 75574 9459
21:25:09 64659 4950
21:26:09 13023 1282
21:27:10 17894 1224
21:28:10 132872 6500
21:29:10 76350 105208
21:30:10 31239 3705
21:31:12 71449 198427
21:32:11 68240 6274
21:33:11 74370 9346
21:34:11 46790 5595
21:35:12 86759 8128
21:36:12 98730 7321
21:37:12 13910 2285
21:38:15 43232 2874
21:39:13 9260 4836
21:40:12 24784 2336
21:41:13 49754 2734
21:42:16 16427 2371
21:43:13 49223 5985
21:44:13 231149 14031
21:45:13 76495 15078
21:46:14 90947 6185
21:47:14 72258 11698
21:48:14 38784 16380
21:49:15 226317 25710
21:50:15 20654 6292
21:51:16 516 644
21:52:16 24409 2701
21:53:15 81988 20499
21:54:16 49180 196246
21:55:16 6147 2724
21:56:19 138025 13315
21:57:17 21418 8622
21:58:16 8466 114424
21:59:18 33616 2521
22:00:17 120025 12734
22:01:17 22890 7378
22:02:18 569716 25373
22:03:18 49311 30046
22:04:18 10102 4258
22:05:19 163685 9891
22:06:19 58384 5681
22:07:19 97772 8464
22:08:19 81708 12649
22:09:19 80055 5343
22:10:20 174379 8664
22:11:22 55127 7737
22:12:23 97347 7557
22:13:30 75449 6285
22:14:21 150043 15604
22:15:21 48113 3528
22:16:21 111144 5835
22:17:22 57774 6047
22:18:22 121486 5714
22:19:22 72403 3913
22:20:22 57722 3408
22:21:22 75240 4213
22:22:23 55059 105769
22:23:23 195227 11311
22:24:23 98025 30316
22:25:24 98001 48128
22:26:24 6940 3372
22:27:24 22005 78088
22:28:24 81260 18750
22:29:26 23271 27938
22:30:25 90098 6916
22:31:25 -1 -1
22:32:25 7068960 168250
22:33:25 68917 104502
22:34:27 119839 19053
22:35:26 22656 3753
22:36:26 50273 3493
22:37:26 252870 24588
22:38:27 3566 1401
22:39:27 84297 4329
22:40:28 80127 5525
22:41:28 48009 9921
22:42:28 55188 4216
22:43:28 336974 89351
22:44:29 74794 72358
22:45:29 42732 3357
22:46:29 47758 3652
22:47:29 47310 3046
22:48:32 159915 12157
22:49:30 341584 23213
22:50:30 51777 1554
22:51:30 186428 12310
22:52:31 278430 9274
22:53:31 79873 7799
22:54:31 65065 7689
22:55:31 24785 2622
22:56:31 43784 3656
22:57:32 68834 17890
22:58:32 76675 2918
22:59:32 47018 21021
23:00:33 23253 13266
23:01:33 82055 7058
23:02:33 55880 7911
23:03:33 37734 3043
23:04:34 17921 1842
23:05:34 13228 1798
23:06:35 160610 11353
23:07:34 36547 2137
23:08:34 123518 14041
23:09:35 51711 14730
23:10:35 22728 22158
23:11:37 789 545
23:12:36 35398 3225
23:13:36 64098 7201
23:14:36 5848 3048
23:15:38 25325 33788
23:16:40 121708 10004
23:17:37 271653 12080
23:18:38 199338 77690
23:19:37 19070 2137
23:20:38 48744 3071
23:21:38 572 862
23:22:38 25167 51376
23:23:38 271651 15373
23:24:39 85662 4737
23:25:39 368271 17708
23:26:40 274925 11957
23:27:40 49379 3751
23:28:40 280206 15350
23:29:40 366015 14177
23:30:40 36168 4415
23:31:41 141536 7122
23:32:41 319162 10451
23:33:41 142897 7350
23:34:42 520614 34045
23:35:42 84020 30969
23:36:42 378787 12417
23:37:42 -1 -1
23:38:42 74880 11850
23:39:43 29142 5978
23:40:43 104443 71796
23:41:43 189152 11788
23:42:44 52049 25685
23:43:44 103086 6784
23:44:45 354398 12676
23:45:45 116058 25109
23:46:45 243107 14963
23:47:46 87548 5650
23:48:46 86752 22512
23:49:47 39289 3658
23:50:48 389279 16071
23:51:50 27626 28770
23:52:49 21726 3541
23:53:50 134985 9860
23:54:50 18490 4434
23:55:51 157494 30990
23:56:50 115601 4966
23:57:51 21993 3773
23:58:51 643797 29313
23:59:52 81703 8262
