00:00:37 4 0 152
00:00:42 4 0 151
00:01:57 4 0 151
00:02:23 4 0 152
00:02:38 4 0 152
00:03:03 4 0 151
00:03:30 4 0 151
00:04:00 4 0 155
00:04:31 4 0 151
00:05:02 4 0 152
00:05:32 4 0 151
00:06:03 4 0 151
00:06:39 4 0 154
00:07:15 4 0 151
00:07:46 4 0 151
00:08:20 4 0 151
02:00:07 4 0 157
02:00:37 4 0 157
02:01:08 4 0 157
02:01:38 4 0 157
02:02:08 4 0 157
02:02:39 3 1 157
02:03:09 3 1 157
02:03:38 4 0 157
02:04:09 4 0 155
02:04:39 4 0 157
02:05:09 4 0 157
02:05:40 3 1 157
02:06:10 4 0 157
02:06:40 4 0 157
02:07:10 4 0 154
02:07:40 4 0 157
02:08:11 3 1 157
02:08:41 3 1 157
02:09:11 4 0 157
02:09:41 4 0 157
02:10:11 4 0 157
02:10:41 4 0 157
02:11:12 3 1 157
02:11:42 4 0 157
02:12:13 3 1 157
02:12:42 4 0 156
02:13:14 3 1 158
02:13:44 3 1 157
02:14:13 4 0 157
02:14:43 4 0 158
02:15:13 4 0 157
02:15:43 4 0 156
02:16:14 4 0 157
02:16:44 4 0 157
02:17:14 4 0 157
02:17:44 4 0 157
02:18:16 3 1 157
02:18:45 4 0 154
02:19:15 4 0 157
02:19:46 3 1 157
02:20:16 4 0 156
02:20:46 4 0 157
02:21:16 4 0 157
02:21:46 4 0 157
02:22:17 4 0 157
02:22:47 4 0 157
02:23:17 4 0 157
02:23:47 4 0 157
02:24:17 4 0 156
02:24:47 4 0 157
02:25:18 4 0 155
02:25:48 4 0 156
02:26:18 4 0 158
02:26:48 4 0 157
02:27:19 4 0 154
02:27:49 4 0 157
02:28:19 4 0 161
02:28:49 4 0 156
02:29:20 4 0 156
02:29:50 4 0 157
02:30:20 4 0 154
02:30:50 4 0 157
02:31:20 4 0 156
02:31:52 3 1 172
02:32:21 4 0 157
02:32:51 4 0 155
02:33:22 3 1 157
02:33:51 4 0 158
02:34:22 4 0 157
02:34:52 4 0 158
02:35:22 4 0 157
02:35:52 4 0 156
02:36:22 4 0 157
02:36:52 4 0 157
02:37:23 4 0 157
02:37:54 3 1 157
02:38:23 4 0 157
02:38:53 4 0 156
02:39:23 4 0 157
02:39:54 4 0 157
02:40:24 4 0 157
02:40:54 4 0 157
02:41:25 3 1 156
02:41:54 4 0 157
02:42:26 3 1 156
02:42:55 3 1 157
02:43:25 4 0 157
02:43:55 4 0 155
02:44:25 4 0 156
02:44:55 4 0 157
02:45:26 4 0 156
02:45:56 4 0 157
02:46:28 2 2 158
02:46:57 3 1 157
02:47:28 3 1 158
02:47:57 4 0 157
02:48:27 4 0 155
02:48:58 3 1 157
02:49:27 4 0 158
02:49:58 4 0 156
02:50:28 4 0 157
02:50:58 4 0 156
02:51:28 4 0 157
02:51:58 4 0 157
02:52:29 4 0 157
02:52:59 4 0 157
02:53:29 4 0 157
02:53:59 4 0 154
02:54:29 4 0 156
02:55:01 3 1 187
02:55:30 4 0 155
02:56:00 4 0 157
02:56:30 4 0 157
02:57:01 3 1 157
02:57:31 4 0 157
02:58:01 4 0 156
02:58:31 4 0 157
02:59:01 4 0 156
02:59:32 3 1 157
03:00:02 4 0 157
03:00:32 4 0 157
03:01:02 4 0 157
03:01:32 4 0 154
03:02:03 3 1 157
03:02:33 4 0 156
03:03:03 4 0 156
03:03:33 4 0 155
03:04:03 4 0 156
03:04:33 4 0 159
03:05:04 4 0 154
03:05:34 4 0 155
03:06:04 4 0 156
03:06:35 4 0 156
03:07:05 4 0 155
03:07:35 4 0 155
03:08:06 4 0 155
03:08:36 4 0 155
03:09:06 4 0 155
03:09:37 4 0 156
03:10:07 4 0 156
03:10:38 2 2 158
03:11:07 4 0 158
03:11:37 4 0 158
03:12:07 4 0 157
03:12:38 4 0 156
03:13:08 4 0 157
03:13:38 4 0 155
03:14:08 4 0 157
03:14:38 4 0 156
03:15:08 4 0 157
03:15:39 4 0 155
03:16:09 4 0 155
03:16:39 4 0 155
03:17:09 4 0 156
03:17:39 4 0 157
03:18:10 4 0 157
03:18:40 4 0 155
03:19:10 4 0 155
03:19:40 4 0 157
03:20:10 4 0 156
03:20:41 4 0 157
03:21:11 4 0 157
03:21:41 4 0 156
03:22:11 4 0 156
03:22:41 4 0 155
03:23:11 4 0 155
03:23:41 4 0 155
03:24:12 4 0 155
03:24:42 4 0 154
03:25:13 3 1 157
03:25:42 4 0 156
03:26:12 4 0 155
03:26:42 4 0 156
03:27:13 4 0 155
03:27:44 3 1 156
03:28:13 4 0 155
03:28:43 4 0 156
03:29:13 4 0 156
03:29:43 4 0 157
03:30:13 4 0 155
03:30:44 4 0 154
03:31:14 4 0 154
03:31:44 4 0 154
03:32:14 4 0 156
03:32:44 4 0 155
03:33:14 4 0 156
03:33:45 4 0 157
03:34:15 4 0 156
03:34:45 4 0 155
03:35:15 4 0 156
03:35:45 4 0 156
03:36:15 4 0 156
03:36:46 4 0 156
03:37:16 4 0 155
03:37:46 4 0 155
03:38:16 4 0 154
03:38:47 4 0 155
03:39:17 4 0 154
03:39:47 4 0 157
03:40:18 3 1 157
03:40:47 4 0 157
03:41:18 3 1 157
03:41:48 4 0 157
03:42:18 4 0 154
03:42:48 4 0 155
03:43:18 4 0 155
03:43:48 4 0 155
03:44:18 4 0 156
03:44:49 4 0 156
03:45:19 4 0 154
03:45:49 4 0 156
03:46:19 4 0 154
03:46:49 4 0 155
03:47:19 4 0 156
03:47:50 4 0 156
03:48:20 4 0 156
03:48:50 4 0 155
03:49:20 4 0 157
03:49:50 4 0 156
03:50:20 4 0 154
03:50:51 4 0 155
03:51:21 4 0 155
03:51:51 4 0 156
03:52:21 4 0 154
03:52:51 4 0 155
03:53:21 4 0 154
03:53:52 4 0 155
03:54:22 4 0 154
03:54:52 4 0 157
03:55:22 4 0 154
03:55:52 4 0 155
03:56:22 4 0 155
03:56:53 4 0 154
03:57:23 4 0 154
03:57:53 4 0 154
03:58:23 4 0 154
03:58:53 4 0 154
03:59:23 4 0 155
03:59:54 3 1 154
04:00:24 4 0 154
04:00:54 4 0 154
04:01:24 4 0 166
04:01:54 4 0 155
04:02:24 4 0 157
04:02:55 4 0 154
04:03:25 4 0 156
04:03:55 4 0 154
04:04:25 4 0 154
04:04:55 4 0 155
04:05:26 4 0 157
04:05:56 4 0 156
04:06:26 4 0 157
04:06:56 4 0 156
04:07:27 3 1 158
04:07:56 4 0 156
04:08:26 4 0 154
04:08:57 4 0 154
04:09:27 4 0 154
04:09:57 4 0 155
04:10:27 4 0 156
04:10:57 4 0 156
04:11:28 4 0 154
04:11:58 4 0 155
04:12:28 4 0 154
04:12:58 4 0 155
04:13:28 4 0 154
04:13:59 4 0 155
04:14:29 4 0 156
04:14:59 4 0 154
04:15:29 4 0 154
04:15:59 4 0 154
04:16:29 4 0 155
04:16:59 4 0 154
04:17:30 4 0 154
04:18:00 4 0 156
04:18:31 3 1 157
04:19:00 4 0 154
04:19:30 4 0 154
04:20:00 4 0 154
04:20:31 4 0 154
04:21:01 4 0 156
04:21:31 4 0 155
04:22:01 4 0 155
04:22:31 4 0 155
04:23:01 4 0 157
04:23:32 4 0 157
04:24:02 4 0 154
04:24:32 4 0 156
04:25:02 4 0 154
04:25:32 4 0 164
04:26:03 4 0 151
04:26:33 4 0 151
04:27:03 4 0 151
04:27:33 4 0 151
04:28:03 4 0 151
04:28:33 4 0 151
04:29:04 4 0 151
04:29:34 4 0 151
04:30:04 4 0 151
04:30:34 4 0 151
04:31:04 4 0 151
04:31:34 4 0 151
04:32:05 4 0 151
04:32:35 4 0 151
04:33:05 4 0 151
04:33:35 4 0 151
04:34:05 4 0 151
04:34:35 4 0 151
04:35:06 4 0 151
04:35:36 4 0 151
04:36:06 4 0 151
04:36:36 4 0 151
04:37:06 4 0 151
04:37:36 4 0 152
04:38:07 4 0 155
04:38:37 4 0 151
04:39:07 4 0 151
04:39:37 4 0 151
04:40:07 4 0 151
04:40:38 4 0 151
04:41:08 4 0 151
04:41:38 4 0 151
04:42:08 4 0 151
04:42:38 4 0 151
04:43:09 4 0 151
04:43:39 4 0 151
04:44:09 4 0 151
04:44:39 4 0 151
04:45:09 4 0 151
04:45:39 4 0 151
04:46:10 4 0 151
04:46:40 4 0 151
04:47:10 4 0 151
04:47:40 4 0 151
04:48:10 4 0 151
04:48:40 4 0 151
04:49:11 4 0 151
04:49:41 4 0 151
04:50:11 4 0 151
04:50:41 4 0 151
04:51:11 4 0 151
04:51:41 4 0 151
04:52:12 4 0 151
04:52:42 4 0 151
04:53:12 4 0 151
04:53:42 4 0 151
04:54:12 4 0 151
04:54:42 4 0 151
04:55:13 4 0 151
04:55:43 4 0 152
04:56:13 4 0 151
04:56:43 4 0 151
04:57:13 4 0 151
04:57:43 4 0 151
04:58:14 4 0 151
04:58:44 4 0 151
04:59:14 4 0 151
04:59:44 4 0 151
05:00:14 4 0 151
05:00:44 4 0 151
05:01:15 4 0 151
05:01:45 4 0 151
05:02:15 4 0 151
05:02:45 4 0 151
05:03:15 4 0 151
05:03:45 4 0 151
05:04:16 4 0 151
05:04:46 4 0 151
05:05:16 4 0 151
05:05:46 4 0 151
05:06:16 4 0 151
05:06:47 4 0 151
05:07:17 4 0 151
05:07:47 4 0 151
05:08:17 4 0 173
05:08:47 4 0 151
05:09:18 4 0 151
05:09:48 4 0 151
05:10:18 4 0 155
05:10:48 4 0 151
05:11:18 4 0 151
05:11:48 4 0 151
05:12:19 4 0 151
05:12:49 4 0 151
05:13:19 4 0 151
05:13:49 4 0 151
05:14:19 4 0 151
05:14:49 4 0 151
05:15:20 4 0 151
05:15:50 4 0 151
05:16:20 4 0 151
05:16:50 4 0 151
05:17:20 4 0 151
05:17:50 4 0 151
05:18:21 4 0 151
05:18:51 4 0 151
05:19:21 4 0 151
05:19:51 4 0 151
05:20:22 4 0 151
05:20:52 4 0 151
05:21:22 4 0 151
05:21:52 4 0 151
05:22:22 4 0 151
05:22:52 4 0 151
05:23:23 4 0 151
05:23:53 4 0 151
05:24:23 4 0 151
05:24:53 4 0 151
05:25:23 4 0 151
05:25:53 4 0 151
05:26:24 4 0 151
05:26:54 4 0 151
05:27:24 4 0 152
05:27:54 4 0 151
05:28:24 4 0 151
05:28:54 4 0 151
05:29:25 4 0 151
05:29:55 4 0 151
05:30:25 4 0 151
05:30:55 4 0 151
05:31:25 4 0 151
05:31:55 4 0 151
05:32:26 4 0 151
05:32:56 4 0 151
05:33:26 4 0 151
05:33:56 4 0 151
05:34:26 4 0 151
05:34:56 4 0 151
05:35:27 4 0 151
05:35:57 4 0 151
05:36:27 4 0 151
05:36:57 4 0 151
05:37:27 4 0 151
05:37:57 4 0 151
05:38:28 4 0 151
05:38:58 4 0 151
05:39:28 4 0 151
05:39:58 4 0 151
05:40:28 4 0 151
05:40:58 4 0 151
05:41:29 4 0 151
05:41:59 4 0 151
05:42:29 4 0 151
05:42:59 4 0 151
05:43:29 4 0 151
05:43:59 4 0 151
05:44:30 4 0 151
05:45:00 4 0 151
05:45:30 4 0 151
05:46:00 4 0 151
05:46:30 4 0 151
05:47:00 4 0 151
05:47:31 4 0 151
05:48:01 4 0 151
05:48:31 4 0 151
05:49:01 4 0 151
05:49:31 4 0 151
05:50:01 4 0 151
05:50:32 4 0 151
05:51:02 4 0 151
05:51:32 4 0 151
05:52:02 4 0 151
05:52:32 4 0 151
05:53:02 4 0 151
05:53:33 4 0 151
05:54:03 4 0 151
05:54:33 4 0 151
05:55:03 4 0 151
05:55:33 4 0 151
05:56:04 4 0 151
05:56:34 4 0 151
05:57:04 4 0 151
05:57:34 4 0 151
05:58:04 4 0 151
05:58:35 4 0 151
05:59:05 4 0 151
05:59:35 4 0 151
06:00:05 4 0 151
06:00:35 4 0 151
06:01:05 4 0 151
06:01:36 4 0 151
06:02:06 4 0 151
06:02:36 4 0 151
06:03:06 4 0 151
06:03:37 4 0 151
06:04:07 4 0 151
06:04:37 4 0 151
06:05:07 4 0 151
06:05:37 4 0 151
06:06:07 4 0 151
06:06:38 4 0 151
06:07:08 4 0 151
06:07:38 4 0 151
06:08:08 4 0 151
06:08:39 4 0 151
06:09:09 4 0 151
06:09:39 4 0 151
06:10:09 4 0 151
06:10:39 4 0 151
06:11:09 4 0 151
06:11:40 4 0 151
06:12:10 4 0 151
06:12:40 4 0 151
06:13:10 4 0 151
06:13:40 4 0 151
06:14:10 4 0 151
06:14:41 4 0 151
06:15:11 4 0 151
06:15:41 4 0 151
06:16:11 4 0 151
06:16:41 4 0 151
06:17:11 4 0 151
06:17:42 4 0 151
06:18:12 4 0 151
06:18:42 4 0 151
06:19:12 4 0 151
06:19:42 4 0 151
06:20:12 4 0 151
06:20:43 4 0 151
06:21:13 4 0 151
06:21:43 4 0 151
06:22:13 4 0 151
06:22:44 4 0 151
06:23:14 4 0 151
06:23:44 4 0 151
06:24:14 4 0 151
06:24:44 4 0 151
06:25:14 4 0 151
06:25:45 4 0 151
06:26:15 4 0 151
06:26:45 4 0 151
06:27:15 4 0 167
06:27:45 4 0 151
06:28:15 4 0 151
06:28:46 4 0 168
06:29:16 4 0 151
06:29:46 4 0 151
06:30:16 4 0 151
06:30:46 4 0 151
06:31:16 4 0 151
06:31:47 4 0 151
06:32:17 4 0 151
06:32:47 4 0 151
06:33:17 4 0 151
06:33:47 4 0 151
06:34:17 4 0 151
06:34:48 4 0 151
06:35:18 4 0 151
06:35:48 4 0 151
06:36:18 4 0 151
06:36:48 4 0 151
06:37:18 4 0 151
06:37:49 4 0 151
06:38:19 4 0 151
06:38:49 4 0 151
06:39:19 4 0 151
06:39:49 4 0 151
06:40:19 4 0 151
06:40:50 4 0 151
06:41:20 4 0 151
06:41:50 4 0 151
06:42:20 4 0 151
06:42:50 4 0 151
06:43:20 4 0 151
06:43:51 4 0 151
06:44:21 4 0 151
06:44:51 4 0 151
06:45:21 4 0 151
06:45:51 4 0 151
06:46:21 4 0 151
06:46:52 4 0 151
06:47:22 4 0 151
06:47:52 4 0 151
06:48:22 4 0 151
06:48:52 4 0 151
06:49:22 4 0 151
06:49:53 4 0 151
06:50:23 4 0 151
06:50:53 4 0 151
06:51:23 4 0 151
06:51:53 4 0 151
06:52:23 4 0 151
06:52:54 4 0 165
06:53:24 4 0 151
06:53:54 4 0 151
06:54:24 4 0 151
06:54:54 4 0 151
06:55:24 4 0 151
06:55:55 4 0 151
06:56:25 4 0 151
06:56:55 4 0 151
06:57:25 4 0 151
06:57:55 4 0 151
06:58:25 4 0 151
06:58:56 4 0 151
06:59:26 4 0 151
06:59:56 4 0 151
07:00:26 4 0 151
07:00:56 4 0 151
07:01:26 4 0 151
07:01:57 4 0 151
07:02:27 4 0 151
07:02:57 4 0 151
07:03:27 4 0 151
07:03:57 4 0 151
07:04:27 4 0 151
07:04:58 4 0 151
07:05:28 4 0 151
07:05:58 4 0 151
07:06:28 4 0 151
07:06:58 4 0 151
07:07:28 4 0 151
07:07:59 4 0 151
07:08:29 4 0 151
07:08:59 4 0 151
07:09:29 4 0 151
07:09:59 4 0 151
07:10:29 4 0 151
07:11:00 4 0 151
07:11:30 4 0 151
07:12:00 4 0 151
07:12:30 4 0 151
07:13:00 4 0 151
07:13:30 4 0 151
07:14:01 4 0 161
07:14:31 4 0 151
07:15:01 4 0 151
07:15:31 4 0 151
07:16:01 4 0 151
07:16:32 4 0 151
07:17:02 4 0 151
07:17:32 4 0 151
07:18:02 4 0 151
07:18:32 4 0 151
07:19:02 4 0 151
07:19:32 4 0 151
07:20:03 4 0 151
07:20:33 4 0 151
07:21:03 4 0 151
07:21:33 4 0 151
07:22:03 4 0 151
07:22:33 4 0 151
07:23:04 4 0 151
07:23:34 4 0 151
07:24:04 4 0 151
07:24:34 4 0 151
07:25:05 4 0 151
07:25:35 4 0 151
07:26:05 4 0 151
07:26:36 4 0 153
07:27:06 4 0 151
07:27:36 4 0 151
07:28:07 4 0 151
07:28:37 4 0 151
07:29:07 4 0 151
07:29:37 4 0 151
07:30:07 4 0 151
07:30:37 4 0 151
07:31:08 4 0 151
07:31:38 4 0 151
07:32:08 4 0 151
07:32:38 4 0 151
07:33:08 4 0 151
07:33:38 4 0 151
07:34:09 4 0 151
07:34:39 4 0 151
07:35:10 4 0 151
07:35:40 4 0 151
07:36:10 4 0 151
07:36:40 4 0 151
07:37:11 4 0 151
07:37:41 4 0 151
07:38:11 4 0 151
07:38:41 4 0 151
07:39:11 4 0 151
07:39:41 4 0 151
07:40:12 4 0 151
07:40:42 4 0 151
07:41:12 4 0 151
07:41:42 4 0 151
07:42:12 4 0 151
07:42:42 4 0 151
07:43:13 4 0 151
07:43:43 4 0 151
07:44:13 4 0 151
07:44:43 4 0 151
07:45:13 4 0 151
07:45:43 4 0 151
07:46:14 4 0 151
07:46:44 4 0 151
07:47:14 4 0 151
07:47:44 4 0 151
07:48:14 4 0 151
07:48:44 4 0 151
07:49:14 4 0 151
07:49:45 4 0 151
07:50:15 4 0 152
07:50:45 4 0 151
07:51:15 4 0 157
07:51:45 4 0 151
07:52:15 4 0 151
07:52:46 4 0 182
07:53:16 4 0 151
07:53:46 4 0 151
07:54:16 4 0 151
07:54:46 4 0 151
07:55:16 4 0 151
07:55:46 4 0 151
07:56:17 4 0 151
07:56:47 4 0 151
07:57:17 4 0 151
07:57:47 4 0 151
07:58:17 4 0 151
07:58:47 4 0 151
07:59:18 4 0 151
07:59:48 4 0 151
08:00:18 4 0 151
08:00:48 4 0 151
08:01:18 4 0 151
08:01:48 4 0 151
08:02:19 4 0 151
08:02:49 4 0 151
08:03:19 4 0 151
08:03:49 4 0 151
08:04:19 4 0 151
08:04:49 4 0 152
08:05:20 4 0 151
08:05:50 4 0 151
08:06:20 4 0 151
08:06:50 4 0 151
08:07:20 4 0 151
08:07:50 4 0 151
08:08:20 4 0 151
08:08:50 4 0 151
08:09:21 4 0 151
08:09:51 4 0 151
08:10:21 4 0 151
08:10:51 4 0 151
08:11:21 4 0 151
08:11:51 4 0 151
08:12:22 4 0 151
08:12:52 4 0 151
08:13:22 4 0 151
08:13:52 4 0 175
08:14:22 4 0 151
08:14:52 4 0 151
08:15:23 4 0 151
08:15:53 4 0 151
08:16:23 4 0 151
08:16:53 4 0 151
08:17:23 4 0 151
08:17:53 4 0 151
08:18:24 4 0 151
08:18:54 4 0 151
08:19:24 4 0 151
08:19:54 4 0 151
08:20:24 4 0 151
08:20:54 4 0 151
08:21:25 4 0 151
08:21:55 4 0 151
08:22:25 4 0 151
08:22:55 4 0 151
08:23:26 4 0 166
08:23:56 4 0 151
08:24:26 4 0 151
08:24:56 4 0 151
08:25:26 4 0 153
08:25:57 4 0 151
08:26:27 4 0 151
08:26:57 4 0 151
08:27:27 4 0 151
08:27:57 4 0 151
08:28:27 4 0 151
08:28:58 4 0 151
08:29:28 4 0 151
08:29:58 4 0 151
08:30:28 4 0 151
08:30:58 4 0 151
08:31:28 4 0 151
08:31:58 4 0 151
08:32:29 4 0 151
08:32:59 4 0 151
08:33:29 4 0 151
08:33:59 4 0 151
08:34:29 4 0 151
08:34:59 4 0 151
08:35:30 4 0 151
08:36:00 4 0 151
08:36:30 4 0 151
08:37:00 4 0 151
08:37:30 4 0 151
08:38:00 4 0 151
08:38:31 4 0 151
08:39:01 4 0 151
08:39:31 4 0 152
08:40:01 4 0 151
08:40:31 4 0 151
08:41:01 4 0 151
08:41:32 4 0 151
08:42:02 4 0 151
08:42:33 4 0 152
08:43:03 4 0 151
08:43:33 4 0 153
08:44:03 4 0 151
08:44:34 4 0 151
08:45:04 4 0 162
08:45:34 4 0 151
08:46:04 4 0 151
08:46:35 4 0 151
08:47:05 4 0 151
08:47:35 4 0 151
08:48:05 4 0 151
08:48:35 4 0 153
08:49:05 4 0 151
08:49:35 4 0 151
08:50:06 4 0 151
08:50:36 4 0 152
08:51:06 4 0 151
08:51:36 4 0 151
08:52:06 4 0 151
08:52:37 4 0 151
08:53:07 4 0 151
08:53:37 4 0 151
08:54:07 4 0 151
08:54:37 4 0 151
08:55:08 4 0 151
08:55:38 4 0 151
08:56:08 4 0 151
08:56:39 4 0 151
08:57:09 4 0 152
08:57:39 4 0 151
08:58:10 4 0 154
08:58:40 4 0 151
08:59:10 4 0 151
08:59:41 4 0 151
09:00:11 4 0 151
09:00:41 4 0 168
09:01:11 4 0 151
09:01:41 4 0 151
09:02:11 4 0 151
09:02:42 4 0 151
09:03:12 4 0 187
09:03:42 4 0 152
09:04:12 4 0 151
09:04:42 4 0 151
09:05:12 4 0 151
09:05:42 4 0 151
09:06:12 4 0 151
09:06:43 4 0 151
09:07:13 4 0 152
09:07:43 4 0 151
09:08:13 4 0 151
09:08:43 4 0 151
09:09:13 4 0 151
09:09:43 4 0 151
09:10:13 4 0 151
09:10:44 4 0 151
09:11:14 4 0 151
09:11:44 4 0 151
09:12:14 4 0 151
09:12:44 4 0 151
09:13:14 4 0 151
09:13:44 4 0 158
09:14:14 4 0 151
09:14:45 4 0 151
09:15:15 4 0 151
09:15:45 4 0 151
09:16:15 4 0 181
09:16:45 4 0 151
09:17:15 4 0 151
09:17:46 4 0 154
09:18:16 4 0 151
09:18:47 4 0 151
09:19:17 4 0 151
09:19:47 4 0 151
09:20:17 4 0 151
09:20:48 4 0 151
09:21:18 4 0 151
09:21:48 4 0 151
09:22:18 4 0 153
09:22:48 4 0 151
09:23:18 4 0 151
09:23:48 4 0 151
09:24:18 4 0 151
09:24:49 4 0 151
09:25:19 4 0 151
09:25:49 4 0 151
09:26:19 4 0 151
09:26:49 4 0 151
09:27:19 4 0 152
09:27:50 4 0 151
09:28:20 4 0 151
09:28:50 4 0 151
09:29:20 4 0 151
09:29:50 4 0 153
09:30:20 4 0 151
09:30:50 4 0 151
09:31:20 4 0 151
09:31:51 4 0 151
09:32:21 4 0 151
09:32:51 4 0 151
09:33:21 4 0 151
09:33:51 4 0 151
09:34:22 3 1 151
09:34:52 4 0 152
09:35:22 4 0 151
09:35:52 4 0 151
09:36:22 4 0 151
09:36:52 4 0 151
09:37:22 4 0 152
09:37:53 4 0 151
09:38:23 4 0 151
09:38:53 4 0 151
09:39:23 4 0 151
09:39:54 4 0 151
09:40:24 4 0 151
09:40:54 4 0 151
09:41:24 4 0 151
09:41:54 4 0 151
09:42:24 4 0 160
09:42:55 3 1 151
09:43:25 4 0 151
09:43:55 4 0 151
09:44:25 4 0 151
09:44:55 4 0 151
09:45:25 4 0 151
09:45:55 4 0 151
09:46:25 4 0 151
09:46:56 4 0 151
09:47:26 4 0 151
09:47:56 4 0 151
09:48:26 4 0 151
09:48:56 4 0 151
09:49:26 4 0 151
09:49:57 3 1 151
09:50:26 4 0 151
09:50:57 4 0 172
09:51:27 4 0 151
09:51:58 4 0 151
09:52:28 4 0 151
09:52:58 4 0 151
09:53:28 4 0 151
09:53:58 4 0 151
09:54:28 4 0 156
09:54:58 4 0 151
09:55:28 4 0 153
09:55:59 4 0 151
09:56:29 4 0 151
09:56:59 4 0 165
09:57:29 4 0 151
09:57:59 4 0 151
09:58:29 4 0 151
09:58:59 4 0 154
09:59:29 4 0 196
09:59:59 4 0 152
10:00:30 4 0 152
10:01:00 4 0 151
10:01:30 4 0 151
10:02:00 4 0 151
10:02:30 4 0 151
10:03:00 4 0 151
10:03:30 4 0 151
10:04:01 3 1 152
10:04:31 3 1 151
10:05:01 4 0 151
10:05:31 4 0 151
10:06:01 4 0 151
10:06:31 4 0 154
10:07:01 4 0 151
10:07:31 4 0 151
10:08:01 4 0 152
10:08:31 4 0 151
10:09:02 4 0 151
10:09:32 4 0 151
10:10:02 4 0 151
10:10:32 4 0 151
10:11:02 4 0 151
10:11:32 4 0 174
10:12:03 4 0 193
10:12:33 4 0 184
10:13:03 4 0 184
10:13:33 4 0 182
10:14:03 4 0 187
10:14:33 4 0 189
10:15:03 4 0 151
10:15:34 3 1 176
10:16:04 4 0 181
10:16:35 3 1 187
10:17:05 3 1 192
10:17:34 4 0 184
10:18:04 4 0 187
10:18:34 4 0 188
10:19:05 4 0 190
10:19:35 4 0 177
10:20:05 4 0 196
10:20:35 4 0 190
10:21:05 4 0 186
10:21:36 4 0 182
10:22:06 4 0 176
10:22:36 4 0 187
10:23:07 4 0 191
10:23:38 3 1 189
10:24:08 4 0 190
10:24:38 4 0 181
10:25:08 4 0 151
10:25:38 4 0 151
10:26:09 4 0 151
10:26:40 4 0 151
10:27:10 4 0 151
10:27:41 4 0 152
10:28:11 4 0 151
10:28:41 4 0 151
10:29:11 4 0 151
10:29:41 4 0 161
10:30:11 4 0 151
10:30:41 4 0 151
10:31:12 4 0 152
10:31:42 4 0 151
10:32:12 4 0 151
10:32:42 4 0 151
10:33:12 4 0 151
10:33:42 4 0 151
10:34:12 4 0 151
10:34:42 4 0 151
10:35:13 4 0 151
10:35:43 4 0 151
10:36:13 4 0 151
10:36:43 4 0 152
10:37:13 4 0 151
10:37:43 4 0 151
10:38:14 4 0 151
10:38:46 3 1 151
10:39:15 4 0 151
10:39:45 4 0 151
10:40:15 4 0 156
10:40:45 4 0 153
10:41:16 4 0 151
10:41:46 4 0 151
10:42:16 4 0 151
10:42:46 4 0 151
10:43:16 4 0 151
10:43:46 4 0 153
10:44:17 4 0 151
10:44:47 4 0 151
10:45:17 4 0 151
10:45:47 4 0 151
10:46:17 4 0 151
10:46:47 4 0 151
10:47:18 4 0 151
10:47:48 3 1 151
10:48:18 4 0 151
10:48:48 4 0 151
10:49:18 4 0 151
10:49:48 4 0 151
10:50:19 4 0 151
10:50:49 4 0 151
10:51:19 4 0 151
10:51:49 4 0 151
10:52:19 4 0 151
10:52:50 4 0 151
10:53:20 4 0 162
10:53:50 4 0 153
10:54:20 4 0 151
10:54:50 4 0 151
10:55:21 4 0 151
10:55:51 4 0 152
10:56:22 4 0 153
10:56:52 4 0 186
10:57:23 3 1 154
10:57:52 4 0 151
10:58:22 4 0 151
10:58:53 4 0 151
10:59:23 4 0 151
10:59:53 4 0 151
11:00:24 4 0 151
11:00:54 4 0 151
11:01:24 4 0 151
11:01:54 4 0 151
11:02:24 4 0 151
11:02:54 4 0 151
11:03:25 4 0 151
11:03:55 4 0 151
11:04:25 4 0 151
11:04:55 4 0 151
11:05:25 4 0 151
11:05:55 4 0 151
11:06:26 4 0 153
11:06:56 4 0 153
11:07:26 4 0 154
11:07:56 4 0 151
11:08:26 4 0 151
11:08:56 4 0 151
11:09:27 3 1 156
11:09:57 4 0 151
11:10:27 4 0 151
11:10:57 4 0 151
11:11:27 4 0 151
11:11:57 4 0 151
11:12:28 4 0 153
11:12:58 4 0 153
11:13:28 4 0 151
11:13:58 4 0 151
11:14:30 3 1 156
11:14:59 4 0 151
11:15:29 4 0 189
11:15:59 4 0 151
11:16:30 4 0 151
11:17:00 4 0 151
11:17:30 4 0 151
11:18:00 4 0 151
11:18:31 4 0 152
11:19:01 4 0 151
11:19:31 4 0 151
11:20:02 3 1 156
11:20:31 4 0 151
11:21:01 4 0 151
11:21:32 4 0 154
11:22:02 4 0 151
11:22:32 4 0 151
11:23:02 4 0 151
11:23:32 4 0 151
11:24:02 4 0 154
11:24:32 4 0 154
11:25:02 4 0 151
11:25:33 4 0 151
11:26:03 4 0 151
11:26:33 4 0 152
11:27:03 4 0 153
11:27:35 2 2 154
11:28:03 4 0 151
11:28:33 4 0 151
11:29:03 4 0 151
11:29:34 4 0 151
11:30:04 4 0 151
11:30:34 4 0 151
11:31:04 4 0 151
11:31:34 4 0 151
11:32:04 4 0 151
11:32:34 4 0 151
11:33:04 4 0 151
11:33:35 4 0 151
11:34:05 4 0 151
11:34:35 4 0 156
11:35:05 4 0 151
11:35:35 4 0 151
11:36:05 4 0 151
11:36:36 4 0 153
11:37:07 4 0 151
11:37:37 4 0 151
11:38:07 4 0 151
11:38:38 4 0 151
11:39:08 4 0 151
11:39:38 4 0 151
11:40:08 4 0 151
11:40:38 4 0 171
11:41:08 4 0 151
11:41:38 4 0 151
11:42:08 4 0 151
11:42:39 4 0 152
11:43:09 4 0 154
11:43:39 4 0 151
11:44:10 3 1 155
11:44:40 4 0 154
11:45:10 4 0 151
11:45:41 4 0 151
11:46:11 4 0 151
11:46:42 4 0 151
11:47:12 4 0 151
11:47:42 4 0 151
11:48:12 4 0 151
11:48:43 4 0 151
11:49:13 4 0 151
11:49:44 4 0 153
11:50:14 4 0 151
11:50:45 3 1 158
11:51:14 4 0 155
11:51:45 4 0 151
11:52:17 3 1 152
11:52:46 4 0 151
11:53:16 4 0 151
11:53:46 4 0 151
11:54:16 4 0 151
11:54:46 4 0 151
11:55:16 4 0 151
11:55:46 4 0 151
11:56:17 4 0 151
11:56:47 4 0 151
11:57:17 4 0 151
11:57:47 4 0 151
11:58:17 4 0 151
11:58:47 4 0 151
11:59:17 4 0 151
11:59:48 4 0 151
12:00:18 4 0 151
12:00:48 4 0 151
12:01:18 4 0 154
12:01:48 4 0 154
12:02:18 4 0 151
12:02:49 4 0 153
12:03:19 3 1 154
12:03:49 4 0 151
12:04:19 4 0 151
12:04:49 4 0 151
12:05:19 4 0 154
12:05:49 4 0 151
12:06:20 4 0 151
12:06:50 4 0 151
12:07:20 4 0 151
12:07:51 4 0 151
12:08:21 4 0 151
12:08:51 4 0 151
12:09:21 4 0 151
12:09:52 4 0 153
12:10:22 4 0 151
12:10:52 4 0 152
12:11:22 4 0 153
12:11:52 4 0 151
12:12:22 4 0 151
12:12:52 4 0 151
12:13:22 4 0 151
12:13:53 4 0 151
12:14:23 4 0 151
12:14:53 4 0 151
12:15:23 4 0 151
12:15:54 4 0 151
12:16:24 4 0 151
12:16:54 4 0 151
12:17:24 4 0 151
12:17:55 4 0 153
12:18:25 4 0 151
12:18:56 4 0 151
12:19:26 3 1 151
12:19:56 4 0 151
12:20:26 4 0 151
12:20:56 4 0 151
12:21:26 4 0 151
12:21:56 4 0 151
12:22:26 4 0 151
12:22:57 4 0 152
12:23:27 4 0 152
12:23:57 4 0 151
12:24:27 4 0 151
12:24:57 4 0 151
12:25:27 4 0 152
12:25:57 4 0 151
12:26:27 4 0 151
12:26:58 4 0 151
12:27:28 4 0 151
12:27:58 4 0 155
12:28:28 4 0 151
12:29:00 2 2 159
12:29:29 4 0 151
12:29:59 4 0 151
12:30:29 4 0 151
12:30:59 4 0 151
12:31:29 4 0 151
12:31:59 4 0 151
12:32:30 3 1 153
12:32:59 4 0 153
12:33:29 4 0 155
12:34:00 4 0 151
12:34:30 4 0 151
12:35:00 4 0 151
12:35:30 4 0 151
12:36:00 4 0 151
12:36:30 4 0 151
12:37:00 4 0 155
12:37:30 4 0 151
12:38:01 4 0 152
12:38:31 4 0 151
12:39:01 4 0 151
12:39:31 4 0 151
12:40:01 4 0 151
12:40:32 3 1 153
12:41:01 4 0 151
12:41:31 4 0 151
12:42:02 4 0 151
12:42:32 4 0 151
12:43:02 4 0 151
12:43:32 4 0 151
12:44:02 4 0 151
12:44:32 4 0 152
12:45:02 4 0 152
12:45:32 4 0 151
12:46:02 4 0 151
12:46:32 4 0 173
12:47:02 4 0 151
12:47:32 4 0 151
12:48:03 4 0 151
12:48:33 4 0 151
12:49:04 3 1 151
12:49:33 4 0 151
12:50:04 4 0 151
12:50:34 4 0 151
12:51:04 4 0 151
12:51:34 4 0 151
12:52:05 4 0 151
12:52:35 4 0 151
12:53:05 4 0 151
12:53:35 4 0 151
12:54:05 4 0 151
12:54:35 4 0 151
12:55:05 4 0 154
12:55:35 4 0 151
12:56:06 4 0 151
12:56:36 4 0 151
12:57:06 4 0 151
12:57:36 4 0 151
12:58:06 4 0 151
12:58:36 4 0 151
12:59:06 4 0 151
12:59:36 4 0 169
13:00:07 4 0 151
13:00:37 4 0 152
13:01:07 4 0 151
13:01:37 4 0 152
13:02:07 4 0 151
13:02:37 4 0 151
13:03:07 4 0 181
13:03:37 4 0 151
13:04:08 4 0 154
13:04:38 4 0 151
13:05:08 4 0 151
13:05:38 4 0 172
13:06:08 4 0 168
13:06:38 4 0 154
13:07:08 4 0 154
13:07:38 4 0 151
13:08:09 3 1 154
13:08:38 4 0 151
13:09:09 4 0 152
13:09:39 4 0 152
13:10:09 4 0 151
13:10:39 4 0 151
13:11:09 4 0 151
13:11:39 4 0 151
13:12:09 4 0 152
13:12:39 4 0 154
13:13:09 4 0 151
13:13:39 4 0 151
13:14:10 4 0 153
13:14:40 4 0 151
13:15:10 4 0 154
13:15:40 4 0 151
13:16:10 4 0 152
13:16:40 4 0 154
13:17:10 4 0 152
13:17:40 4 0 151
13:18:10 4 0 151
13:18:40 4 0 151
13:19:11 4 0 151
13:19:41 4 0 151
13:20:11 4 0 151
13:20:41 4 0 151
13:21:11 4 0 151
13:21:41 4 0 153
13:22:12 4 0 152
13:22:42 4 0 151
13:23:12 4 0 151
13:23:42 4 0 151
13:24:12 4 0 151
13:24:42 4 0 151
13:25:12 4 0 151
13:25:42 4 0 151
13:26:13 4 0 151
13:26:43 4 0 151
13:27:13 4 0 151
13:27:43 4 0 152
13:28:13 4 0 152
13:28:43 4 0 151
13:29:13 4 0 151
13:29:44 4 0 155
13:30:15 4 0 151
13:30:46 3 1 154
13:31:15 4 0 154
13:31:45 4 0 151
13:32:15 4 0 151
13:32:45 4 0 151
13:33:16 4 0 153
13:33:46 4 0 152
13:34:16 4 0 151
13:34:46 4 0 152
13:35:16 4 0 151
13:35:46 4 0 171
13:36:17 4 0 151
13:36:47 4 0 151
13:37:17 4 0 151
13:37:47 4 0 151
13:38:17 4 0 151
13:38:47 4 0 151
13:39:17 4 0 151
13:39:47 4 0 151
13:40:18 4 0 151
13:40:48 4 0 151
13:41:18 4 0 151
13:41:48 4 0 151
13:42:18 4 0 177
13:42:49 4 0 182
13:43:19 4 0 151
13:43:49 4 0 162
13:44:19 4 0 151
13:44:49 4 0 151
13:45:20 4 0 151
13:45:50 4 0 151
13:46:20 4 0 151
13:46:50 4 0 151
13:47:21 4 0 151
13:47:51 4 0 161
13:48:21 4 0 154
13:48:51 4 0 153
13:49:22 4 0 151
13:49:52 4 0 153
13:50:22 4 0 151
13:50:52 4 0 151
13:51:23 4 0 152
13:51:53 4 0 154
13:52:24 4 0 152
13:52:54 4 0 155
13:53:24 4 0 155
13:53:54 4 0 151
13:54:24 4 0 151
13:54:54 4 0 151
13:55:24 4 0 153
13:55:54 4 0 152
13:56:24 4 0 156
13:56:55 4 0 151
13:57:25 4 0 154
13:57:55 4 0 151
13:58:25 4 0 161
13:58:55 4 0 155
13:59:25 4 0 154
13:59:55 4 0 156
14:00:25 4 0 157
14:00:55 4 0 155
14:01:26 4 0 162
14:01:56 4 0 157
14:02:26 4 0 154
14:02:56 4 0 156
14:03:26 4 0 154
14:03:56 4 0 154
14:04:26 4 0 194
14:04:56 4 0 152
14:05:27 4 0 153
14:05:58 2 2 154
14:06:28 3 1 156
14:06:57 4 0 154
14:07:27 4 0 153
14:07:58 3 1 154
14:08:28 4 0 185
14:08:58 4 0 156
14:09:28 4 0 153
14:09:58 4 0 151
14:10:28 4 0 151
14:10:58 4 0 154
14:11:28 4 0 151
14:11:59 4 0 151
14:12:29 4 0 151
14:12:59 4 0 155
14:13:29 4 0 155
14:13:59 4 0 154
14:14:30 4 0 156
14:15:00 4 0 155
14:15:30 4 0 151
14:16:00 4 0 156
14:16:30 4 0 154
14:17:00 4 0 154
14:17:31 4 0 153
14:18:01 4 0 157
14:18:31 4 0 155
14:19:01 4 0 153
14:19:32 3 1 173
14:20:02 3 1 157
14:20:31 4 0 152
14:21:01 4 0 155
14:21:31 4 0 155
14:22:02 4 0 153
14:22:32 4 0 151
14:23:02 4 0 151
14:23:32 4 0 153
14:24:02 4 0 155
14:24:33 4 0 153
14:25:03 4 0 151
14:25:33 4 0 151
14:26:03 4 0 154
14:26:34 4 0 152
14:27:04 4 0 154
14:27:34 4 0 152
14:28:04 4 0 156
14:28:34 4 0 151
14:29:04 4 0 152
14:29:35 4 0 151
14:30:05 4 0 152
14:30:35 4 0 157
14:31:06 3 1 152
14:31:35 4 0 153
14:32:05 4 0 152
14:32:36 4 0 152
14:33:06 4 0 155
14:33:36 4 0 151
14:34:06 4 0 151
14:34:36 4 0 154
14:35:06 4 0 153
14:35:37 4 0 153
14:36:07 4 0 158
14:36:38 4 0 151
14:37:08 4 0 151
14:37:39 4 0 173
14:38:10 3 1 154
14:38:39 4 0 151
14:39:09 4 0 155
14:39:40 4 0 153
14:40:10 4 0 153
14:40:40 4 0 151
14:41:10 4 0 152
14:41:41 4 0 151
14:42:11 4 0 151
14:42:41 4 0 151
14:43:11 4 0 155
14:43:41 4 0 153
14:44:11 4 0 152
14:44:42 4 0 151
14:45:12 4 0 156
14:45:42 4 0 154
14:46:12 4 0 153
14:46:42 4 0 154
14:47:13 4 0 151
14:47:43 4 0 154
14:48:13 4 0 151
14:48:43 4 0 154
14:49:13 4 0 153
14:49:43 4 0 153
14:50:14 4 0 152
14:50:44 4 0 153
14:51:14 4 0 155
14:51:44 4 0 154
14:52:14 4 0 152
14:52:45 4 0 153
14:53:16 3 1 154
14:53:47 2 2 155
14:54:15 4 0 154
14:54:46 3 1 154
14:55:15 4 0 151
14:55:45 4 0 151
14:56:15 4 0 154
14:56:46 4 0 154
14:57:16 4 0 153
14:57:46 4 0 154
14:58:16 4 0 163
14:58:46 4 0 152
14:59:16 4 0 151
14:59:46 4 0 153
15:00:17 3 1 154
15:00:47 4 0 153
15:01:17 3 1 155
15:01:47 4 0 156
15:02:17 4 0 152
15:02:47 4 0 151
15:03:17 4 0 152
15:03:48 3 1 158
15:04:17 4 0 153
15:04:47 4 0 152
15:05:18 4 0 156
15:05:48 4 0 157
15:06:18 4 0 153
15:06:48 4 0 152
15:07:19 3 1 156
15:07:48 4 0 155
15:08:18 4 0 156
15:08:48 4 0 157
15:09:18 4 0 152
15:09:49 4 0 188
15:10:18 4 0 151
15:10:49 4 0 151
15:11:19 4 0 152
15:11:50 4 0 152
15:12:20 4 0 154
15:12:50 4 0 153
15:13:20 4 0 151
15:13:50 4 0 151
15:14:21 4 0 151
15:14:51 4 0 153
15:15:21 4 0 151
15:15:51 4 0 152
15:16:21 4 0 152
15:16:51 4 0 151
15:17:21 4 0 169
15:17:52 4 0 151
15:18:22 4 0 153
15:18:52 4 0 151
15:19:22 4 0 151
15:19:52 4 0 151
15:20:22 4 0 152
15:20:52 4 0 151
15:21:22 4 0 151
15:21:52 4 0 151
15:22:23 4 0 151
15:22:53 4 0 151
15:23:23 4 0 152
15:23:53 4 0 153
15:24:23 4 0 151
15:24:53 4 0 151
15:25:23 4 0 151
15:25:53 4 0 151
15:26:23 4 0 151
15:26:53 4 0 151
15:27:24 4 0 151
15:27:54 4 0 153
15:28:25 3 1 151
15:28:54 4 0 151
15:29:24 4 0 151
15:29:54 4 0 151
15:30:24 4 0 151
15:30:54 4 0 151
15:31:25 4 0 151
15:31:55 4 0 152
15:32:25 4 0 151
15:32:55 4 0 151
15:33:25 4 0 151
15:33:55 4 0 151
15:34:25 4 0 151
15:34:56 4 0 151
15:35:26 4 0 151
15:35:56 4 0 154
15:36:26 4 0 151
15:36:57 3 1 153
15:37:26 4 0 151
15:37:56 4 0 151
15:38:26 4 0 151
15:38:57 4 0 151
15:39:27 3 1 153
15:39:57 4 0 153
15:40:27 4 0 154
15:40:57 4 0 153
15:41:27 4 0 153
15:41:57 4 0 151
15:42:27 4 0 151
15:42:58 4 0 180
15:43:27 4 0 153
15:43:58 4 0 151
15:44:28 4 0 151
15:44:58 4 0 153
15:45:28 4 0 151
15:45:58 4 0 154
15:46:28 4 0 151
15:46:59 4 0 151
15:47:31 2 2 151
15:47:59 4 0 151
15:48:29 4 0 151
15:48:59 4 0 151
15:49:29 4 0 151
15:49:59 4 0 151
15:50:29 4 0 153
15:50:59 4 0 151
15:51:31 3 1 151
15:52:00 4 0 151
15:52:30 4 0 151
15:53:00 4 0 152
15:53:30 4 0 151
15:54:00 4 0 151
15:54:30 4 0 151
15:55:01 4 0 151
15:55:31 4 0 151
15:56:02 3 1 151
15:56:31 4 0 151
15:57:02 3 1 151
15:57:31 4 0 151
15:58:02 3 1 152
15:58:31 4 0 151
15:59:01 4 0 151
15:59:32 4 0 152
16:00:02 4 0 151
16:00:32 4 0 151
16:01:02 4 0 151
16:01:32 4 0 151
16:02:02 4 0 151
16:02:32 4 0 151
16:03:02 4 0 151
16:03:32 4 0 151
16:04:03 4 0 151
16:04:33 4 0 151
16:05:03 4 0 151
16:05:33 4 0 151
16:06:03 4 0 151
16:06:33 4 0 151
16:07:03 4 0 155
16:07:33 4 0 151
16:08:03 4 0 151
16:08:33 4 0 153
16:09:04 4 0 151
16:09:34 4 0 151
16:10:04 4 0 151
16:10:34 4 0 155
16:11:04 4 0 175
16:11:35 4 0 151
16:12:06 4 0 181
16:12:36 4 0 151
16:13:06 4 0 185
16:13:36 4 0 151
16:14:06 4 0 152
16:14:36 4 0 152
16:15:07 3 1 151
16:15:36 4 0 151
16:16:06 4 0 151
16:16:36 4 0 151
16:17:06 4 0 151
16:17:36 4 0 153
16:18:07 4 0 151
16:18:37 4 0 199
16:19:07 4 0 186
16:19:37 4 0 151
16:20:07 4 0 151
16:20:37 4 0 192
16:21:07 4 0 151
16:21:37 4 0 151
16:22:08 4 0 151
16:22:38 4 0 151
16:23:08 4 0 151
16:23:38 4 0 151
16:24:08 4 0 151
16:24:38 4 0 151
16:25:08 4 0 151
16:25:38 4 0 151
16:26:09 4 0 151
16:26:39 4 0 178
16:27:09 4 0 151
16:27:39 4 0 151
16:28:09 4 0 151
16:28:39 4 0 151
16:29:09 4 0 151
16:29:39 4 0 151
16:30:09 4 0 151
16:30:39 4 0 151
16:31:10 4 0 151
16:31:40 4 0 151
16:32:10 4 0 151
16:32:40 4 0 154
16:33:11 4 0 151
16:33:41 4 0 151
16:34:11 4 0 151
16:34:41 4 0 151
16:35:11 4 0 151
16:35:41 4 0 188
16:36:11 4 0 151
16:36:41 4 0 151
16:37:12 4 0 151
16:37:42 4 0 151
16:38:12 4 0 151
16:38:42 4 0 157
16:39:12 4 0 152
16:39:42 4 0 151
16:40:13 4 0 151
16:40:43 4 0 154
16:41:13 4 0 151
16:41:43 4 0 156
16:42:13 4 0 153
16:42:43 4 0 152
16:43:13 4 0 151
16:43:43 4 0 151
16:44:13 4 0 156
16:44:43 4 0 154
16:45:14 4 0 151
16:45:44 4 0 152
16:46:14 4 0 155
16:46:45 3 1 152
16:47:14 4 0 151
16:47:44 4 0 151
16:48:14 4 0 158
16:48:44 4 0 163
16:49:14 4 0 151
16:49:45 3 1 151
16:50:14 4 0 151
16:50:45 4 0 151
16:51:15 4 0 151
16:51:45 4 0 152
16:52:15 4 0 151
16:52:45 4 0 151
16:53:16 4 0 152
16:53:46 4 0 151
16:54:16 4 0 151
16:54:46 4 0 151
16:55:16 4 0 152
16:55:46 4 0 151
16:56:16 4 0 151
16:56:46 4 0 151
16:57:16 4 0 151
16:57:47 4 0 152
16:58:17 4 0 151
16:58:47 4 0 151
16:59:17 4 0 151
16:59:47 4 0 151
17:00:17 4 0 151
17:00:47 4 0 154
17:01:17 4 0 151
17:01:48 4 0 151
17:02:18 4 0 151
17:02:48 4 0 151
17:03:18 4 0 151
17:03:49 4 0 184
17:04:19 4 0 151
17:04:49 4 0 151
17:05:19 4 0 151
17:05:49 4 0 151
17:06:19 4 0 151
17:06:49 4 0 151
17:07:19 4 0 151
17:07:50 4 0 160
17:08:20 4 0 151
17:08:50 4 0 151
17:09:20 4 0 151
17:09:50 4 0 153
17:10:20 4 0 151
17:10:50 4 0 152
17:11:20 4 0 151
17:11:50 4 0 151
17:12:21 4 0 151
17:12:51 4 0 151
17:13:21 4 0 178
17:13:51 4 0 151
17:14:21 4 0 151
17:14:51 4 0 151
17:15:21 4 0 151
17:15:51 4 0 152
17:16:21 4 0 151
17:16:51 4 0 151
17:17:22 4 0 154
17:17:52 4 0 151
17:18:22 4 0 151
17:18:52 4 0 152
17:19:22 4 0 151
17:19:52 4 0 151
17:20:22 4 0 151
17:20:52 4 0 151
17:21:23 4 0 151
17:21:53 4 0 151
17:22:23 4 0 151
17:22:53 4 0 154
17:23:24 4 0 151
17:23:54 4 0 161
17:24:26 3 1 156
17:24:54 4 0 154
17:25:26 3 1 154
17:25:55 4 0 154
17:26:25 4 0 151
17:26:55 4 0 154
17:27:26 3 1 155
17:27:56 4 0 151
17:28:26 4 0 151
17:28:56 4 0 151
17:29:26 4 0 151
17:29:56 4 0 151
17:30:26 4 0 151
17:30:56 4 0 151
17:31:27 4 0 166
17:31:57 4 0 151
17:32:27 4 0 151
17:32:57 4 0 151
17:33:27 4 0 151
17:33:57 4 0 151
17:34:27 4 0 151
17:34:58 4 0 151
17:35:28 4 0 151
17:35:58 4 0 151
17:36:28 4 0 151
17:36:58 4 0 151
17:37:28 4 0 151
17:37:58 4 0 151
17:38:29 4 0 151
17:38:59 4 0 151
17:39:29 4 0 151
17:39:59 4 0 151
17:40:29 4 0 153
17:40:59 4 0 151
17:41:30 4 0 160
17:42:00 4 0 151
17:42:30 4 0 151
17:43:01 4 0 151
17:43:31 4 0 151
17:44:01 4 0 151
17:44:31 4 0 151
17:45:01 4 0 151
17:45:31 4 0 152
17:46:02 4 0 154
17:46:32 4 0 151
17:47:02 4 0 151
17:47:32 4 0 151
17:48:02 4 0 151
17:48:32 4 0 151
17:49:02 4 0 152
17:49:33 4 0 151
17:50:03 4 0 151
17:50:33 4 0 151
17:51:03 4 0 156
17:51:34 3 1 151
17:52:03 4 0 153
17:52:33 4 0 151
17:53:03 4 0 151
17:53:34 4 0 151
17:54:04 4 0 151
17:54:34 4 0 151
17:55:04 4 0 152
17:55:34 4 0 151
17:56:04 4 0 151
17:56:34 4 0 151
17:57:04 4 0 151
17:57:35 4 0 151
17:58:05 4 0 151
17:58:35 4 0 151
17:59:05 4 0 151
17:59:35 4 0 151
18:00:05 4 0 151
18:00:35 4 0 151
18:01:05 4 0 151
18:01:36 4 0 151
18:02:06 4 0 151
18:02:36 4 0 153
18:03:07 4 0 151
18:03:37 4 0 151
18:04:07 4 0 151
18:04:37 4 0 151
18:05:07 4 0 151
18:05:38 4 0 151
18:06:08 4 0 151
18:06:38 4 0 151
18:07:08 4 0 151
18:07:38 4 0 151
18:08:08 4 0 151
18:08:38 4 0 152
18:09:08 4 0 151
18:09:39 4 0 153
18:10:09 4 0 151
18:10:39 4 0 151
18:11:09 4 0 151
18:11:39 4 0 151
18:12:09 4 0 151
18:12:39 4 0 151
18:13:10 4 0 151
18:13:40 4 0 151
18:14:10 4 0 151
18:14:40 4 0 151
18:15:10 4 0 153
18:15:40 4 0 151
18:16:10 4 0 154
18:16:40 4 0 151
18:17:10 4 0 151
18:17:41 4 0 151
18:18:11 4 0 151
18:18:41 4 0 151
18:19:11 4 0 151
18:19:41 4 0 151
18:20:11 4 0 151
18:20:42 4 0 151
18:21:12 4 0 151
18:21:42 4 0 151
18:22:12 4 0 151
18:22:43 4 0 151
18:23:13 4 0 151
18:23:43 4 0 152
18:24:13 4 0 153
18:24:44 4 0 153
18:25:14 4 0 151
18:25:45 3 1 154
18:26:14 4 0 151
18:26:44 4 0 151
18:27:14 4 0 151
18:27:45 4 0 151
18:28:15 4 0 151
18:28:45 4 0 151
18:29:15 4 0 151
18:29:45 4 0 151
18:30:15 4 0 153
18:30:46 4 0 152
18:31:16 4 0 151
18:31:46 4 0 151
18:32:16 4 0 151
18:32:46 4 0 151
18:33:17 4 0 151
18:33:47 4 0 151
18:34:17 4 0 151
18:34:48 4 0 151
18:35:18 4 0 151
18:35:48 4 0 153
18:36:18 4 0 151
18:36:48 4 0 151
18:37:18 4 0 151
18:37:48 4 0 151
18:38:18 4 0 151
18:38:49 4 0 151
18:39:19 4 0 151
18:39:49 4 0 151
18:40:19 4 0 151
18:40:49 4 0 151
18:41:19 4 0 151
18:41:49 4 0 151
18:42:19 4 0 151
18:42:50 4 0 151
18:43:20 4 0 151
18:43:50 4 0 152
18:44:20 4 0 151
18:44:50 4 0 151
18:45:20 4 0 151
18:45:50 4 0 151
18:46:20 4 0 151
18:46:51 4 0 151
18:47:21 4 0 151
18:47:51 4 0 151
18:48:21 4 0 151
18:48:51 4 0 151
18:49:21 4 0 151
18:49:51 4 0 152
18:50:21 4 0 151
18:50:51 4 0 151
18:51:21 4 0 153
18:51:52 4 0 151
18:52:22 4 0 151
18:52:52 4 0 151
18:53:22 4 0 152
18:53:53 4 0 151
18:54:23 4 0 151
18:54:53 4 0 151
18:55:23 4 0 151
18:55:54 4 0 151
18:56:24 4 0 151
18:56:54 4 0 152
18:57:24 4 0 152
18:57:54 4 0 153
18:58:24 4 0 151
18:58:54 4 0 151
18:59:24 4 0 151
18:59:54 4 0 151
19:00:24 4 0 151
19:00:55 4 0 151
19:01:25 4 0 151
19:01:55 4 0 151
19:02:25 4 0 151
19:02:55 4 0 151
19:03:25 4 0 151
19:03:55 4 0 151
19:04:25 4 0 151
19:04:56 4 0 154
19:05:27 3 1 156
19:05:56 4 0 154
19:06:26 4 0 152
19:06:56 4 0 151
19:07:26 4 0 151
19:07:56 4 0 151
19:08:26 4 0 151
19:08:56 4 0 151
19:09:26 4 0 161
19:09:57 4 0 151
19:10:27 4 0 151
19:10:57 4 0 151
19:11:27 4 0 151
19:11:57 4 0 151
19:12:27 4 0 151
19:12:57 4 0 151
19:13:28 4 0 157
19:13:58 4 0 153
19:14:28 4 0 152
19:14:58 4 0 151
19:15:28 4 0 157
19:15:58 4 0 154
19:16:28 4 0 151
19:16:58 4 0 154
19:17:28 4 0 153
19:17:58 4 0 151
19:18:29 4 0 151
19:18:59 4 0 151
19:19:29 4 0 151
19:19:59 4 0 153
19:20:29 4 0 153
19:20:59 4 0 151
19:21:29 4 0 152
19:21:59 4 0 151
19:22:30 4 0 175
19:23:00 4 0 154
19:23:30 4 0 151
19:24:00 4 0 151
19:24:30 4 0 151
19:25:00 4 0 151
19:25:30 4 0 151
19:26:00 4 0 151
19:26:30 4 0 151
19:27:00 4 0 151
19:27:31 3 1 151
19:28:01 4 0 151
19:28:31 4 0 151
19:29:01 4 0 151
19:29:31 4 0 151
19:30:01 4 0 151
19:30:31 4 0 153
19:31:01 4 0 151
19:31:31 4 0 151
19:32:01 4 0 151
19:32:31 4 0 154
19:33:02 4 0 154
19:33:32 4 0 151
19:34:02 4 0 151
19:34:32 4 0 151
19:35:03 4 0 151
19:35:33 4 0 153
19:36:03 4 0 151
19:36:33 4 0 151
19:37:03 4 0 154
19:37:33 4 0 152
19:38:03 4 0 151
19:38:33 4 0 151
19:39:03 4 0 151
19:39:34 4 0 151
19:40:04 4 0 151
19:40:34 4 0 151
19:41:04 4 0 151
19:41:34 4 0 151
19:42:04 4 0 151
19:42:34 4 0 151
19:43:04 4 0 151
19:43:34 4 0 151
19:44:05 4 0 152
19:44:35 4 0 155
19:45:05 4 0 151
19:45:35 4 0 153
19:46:05 4 0 151
19:46:35 4 0 151
19:47:05 4 0 153
19:47:35 4 0 152
19:48:05 4 0 151
19:48:35 4 0 151
19:49:06 4 0 151
19:49:36 4 0 151
19:50:07 3 1 151
19:50:36 4 0 151
19:51:07 3 1 153
19:51:36 4 0 152
19:52:06 4 0 151
19:52:36 4 0 151
19:53:07 3 1 155
19:53:36 4 0 152
19:54:07 4 0 154
19:54:37 4 0 151
19:55:07 4 0 151
19:55:37 4 0 154
19:56:07 4 0 151
19:56:37 4 0 151
19:57:09 2 2 151
19:57:37 4 0 153
19:58:08 4 0 151
19:58:38 4 0 151
19:59:08 4 0 151
19:59:38 4 0 151
20:00:09 3 1 152
20:00:38 4 0 151
20:01:08 4 0 151
20:01:38 4 0 154
20:02:08 4 0 153
20:02:38 4 0 151
20:03:09 4 0 152
20:03:39 4 0 151
20:04:09 4 0 151
20:04:39 4 0 154
20:05:09 4 0 152
20:05:39 4 0 151
20:06:09 4 0 151
20:06:39 4 0 151
20:07:10 3 1 157
20:07:39 4 0 154
20:08:10 4 0 151
20:08:40 4 0 151
20:09:10 4 0 155
20:09:40 4 0 151
20:10:10 4 0 151
20:10:40 4 0 151
20:11:10 4 0 151
20:11:40 4 0 151
20:12:10 4 0 151
20:12:40 4 0 153
20:13:11 4 0 151
20:13:41 4 0 151
20:14:11 4 0 153
20:14:41 4 0 153
20:15:11 4 0 151
20:15:41 4 0 153
20:16:11 4 0 151
20:16:41 4 0 151
20:17:11 4 0 154
20:17:41 4 0 151
20:18:12 4 0 151
20:18:42 4 0 154
20:19:12 4 0 151
20:19:42 4 0 153
20:20:12 4 0 151
20:20:42 4 0 154
20:21:12 4 0 153
20:21:42 4 0 151
20:22:13 4 0 153
20:22:43 4 0 154
20:23:13 4 0 154
20:23:43 4 0 157
20:24:13 4 0 163
20:24:43 4 0 155
20:25:13 4 0 152
20:25:43 4 0 151
20:26:14 4 0 152
20:26:44 4 0 151
20:27:14 4 0 153
20:27:44 4 0 153
20:28:14 4 0 153
20:28:44 4 0 153
20:29:14 4 0 155
20:29:44 4 0 151
20:30:15 4 0 151
20:30:45 4 0 151
20:31:15 4 0 151
20:31:45 4 0 155
20:32:15 4 0 199
20:32:45 4 0 151
20:33:15 4 0 151
20:33:45 4 0 154
20:34:15 4 0 151
20:34:45 4 0 153
20:35:16 4 0 152
20:35:46 4 0 154
20:36:16 4 0 155
20:36:46 4 0 151
20:37:16 4 0 151
20:37:47 3 1 155
20:38:16 4 0 151
20:38:46 4 0 151
20:39:16 4 0 151
20:39:46 4 0 154
20:40:17 4 0 153
20:40:47 4 0 153
20:41:17 4 0 151
20:41:47 4 0 151
20:42:17 4 0 153
20:42:47 4 0 155
20:43:17 4 0 152
20:43:47 4 0 156
20:44:17 4 0 152
20:44:47 4 0 151
20:45:18 3 1 157
20:45:48 4 0 156
20:46:18 4 0 153
20:46:48 4 0 159
20:47:19 4 0 151
20:47:49 4 0 155
20:48:19 4 0 155
20:48:49 4 0 153
20:49:20 4 0 151
20:49:50 4 0 151
20:50:20 4 0 153
20:50:50 4 0 154
20:51:20 4 0 151
20:51:50 4 0 154
20:52:20 4 0 154
20:52:50 4 0 151
20:53:20 4 0 151
20:53:50 4 0 155
20:54:21 4 0 153
20:54:51 4 0 152
20:55:21 4 0 151
20:55:51 4 0 152
20:56:21 4 0 151
20:56:51 4 0 151
20:57:21 4 0 154
20:57:51 4 0 153
20:58:21 4 0 151
20:58:51 4 0 151
20:59:22 4 0 151
20:59:52 4 0 151
21:00:22 4 0 151
21:00:52 4 0 152
21:01:22 4 0 153
21:01:52 4 0 151
21:02:22 4 0 153
21:02:52 4 0 151
21:03:23 4 0 153
21:03:53 4 0 154
21:04:23 3 1 154
21:04:53 4 0 156
21:05:23 4 0 151
21:05:53 4 0 151
21:06:23 4 0 151
21:06:54 3 1 155
21:07:24 4 0 152
21:07:54 4 0 151
21:08:24 4 0 151
21:08:54 4 0 152
21:09:25 4 0 153
21:09:55 4 0 155
21:10:25 3 1 151
21:10:55 4 0 151
21:11:25 4 0 152
21:11:55 4 0 151
21:12:25 4 0 154
21:12:56 3 1 157
21:13:25 4 0 151
21:13:55 4 0 152
21:14:26 4 0 157
21:14:56 4 0 153
21:15:26 4 0 151
21:15:56 4 0 152
21:16:26 4 0 153
21:16:56 4 0 156
21:17:26 4 0 151
21:17:56 4 0 151
21:18:27 4 0 153
21:18:58 3 1 155
21:19:28 2 2 156
21:19:57 4 0 156
21:20:27 4 0 154
21:20:57 4 0 151
21:21:28 4 0 151
21:21:58 4 0 151
21:22:28 4 0 151
21:22:58 4 0 156
21:23:28 4 0 155
21:23:58 4 0 151
21:24:28 4 0 151
21:24:58 4 0 151
21:25:28 4 0 151
21:25:58 4 0 152
21:26:29 4 0 153
21:27:00 4 0 188
21:27:30 4 0 182
21:28:00 4 0 152
21:28:30 4 0 155
21:29:00 4 0 157
21:29:30 4 0 151
21:30:00 4 0 153
21:30:30 4 0 152
21:31:00 4 0 151
21:31:31 4 0 153
21:32:01 4 0 151
21:32:31 4 0 152
21:33:01 4 0 153
21:33:31 4 0 152
21:34:01 4 0 151
21:34:31 4 0 154
21:35:01 4 0 151
21:35:32 4 0 155
21:36:02 4 0 155
21:36:32 4 0 153
21:37:02 4 0 154
21:37:32 4 0 154
21:38:02 4 0 154
21:38:32 4 0 152
21:39:02 4 0 151
21:39:32 4 0 151
21:40:02 4 0 153
21:40:33 4 0 156
21:41:03 4 0 153
21:41:33 4 0 151
21:42:03 4 0 153
21:42:33 4 0 151
21:43:03 4 0 151
21:43:33 4 0 153
21:44:03 4 0 151
21:44:34 4 0 151
21:45:04 4 0 154
21:45:34 4 0 153
21:46:04 4 0 154
21:46:34 4 0 151
21:47:04 4 0 154
21:47:34 4 0 152
21:48:04 4 0 152
21:48:35 4 0 151
21:49:05 4 0 154
21:49:35 4 0 157
21:50:05 4 0 156
21:50:35 4 0 152
21:51:05 4 0 151
21:51:35 4 0 152
21:52:06 3 1 156
21:52:36 4 0 155
21:53:06 4 0 153
21:53:36 4 0 151
21:54:06 4 0 151
21:54:36 4 0 151
21:55:06 4 0 151
21:55:36 4 0 151
21:56:06 4 0 152
21:56:36 4 0 153
21:57:07 4 0 169
21:57:37 4 0 152
21:58:07 4 0 184
21:58:37 4 0 153
21:59:07 4 0 151
21:59:37 4 0 151
22:00:07 4 0 151
22:00:37 4 0 151
22:01:07 4 0 153
22:01:38 4 0 154
22:02:08 4 0 153
22:02:38 4 0 154
22:03:08 4 0 153
22:03:38 4 0 151
22:04:08 4 0 153
22:04:38 4 0 151
22:05:09 4 0 153
22:05:39 4 0 151
22:06:09 4 0 151
22:06:40 4 0 154
22:07:10 4 0 151
22:07:40 4 0 151
22:08:10 4 0 151
22:08:40 4 0 151
22:09:10 4 0 152
22:09:41 4 0 151
22:10:11 4 0 151
22:10:41 4 0 154
22:11:11 4 0 151
22:11:41 4 0 152
22:12:11 4 0 151
22:12:41 4 0 151
22:13:11 4 0 153
22:13:42 4 0 151
22:14:12 4 0 151
22:14:42 4 0 151
22:15:12 4 0 151
22:15:42 4 0 151
22:16:12 4 0 151
22:16:42 4 0 151
22:17:13 4 0 151
22:17:43 4 0 153
22:18:13 4 0 151
22:18:43 4 0 152
22:19:13 4 0 151
22:19:43 4 0 151
22:20:13 4 0 151
22:20:43 4 0 151
22:21:13 4 0 151
22:21:44 4 0 152
22:22:14 4 0 154
22:22:44 4 0 151
22:23:14 4 0 151
22:23:44 4 0 151
22:24:14 4 0 151
22:24:44 4 0 151
22:25:14 4 0 151
22:25:45 4 0 152
22:26:15 4 0 153
22:26:45 4 0 151
22:27:15 4 0 151
22:27:45 4 0 153
22:28:15 4 0 151
22:28:45 4 0 152
22:29:15 4 0 151
22:29:46 4 0 151
22:30:16 4 0 151
22:30:46 4 0 153
22:31:16 4 0 151
22:31:46 4 0 153
22:32:16 4 0 152
22:32:46 4 0 151
22:33:16 4 0 151
22:33:47 4 0 151
22:34:17 4 0 151
22:34:47 4 0 151
22:35:17 4 0 151
22:35:47 4 0 151
22:36:17 4 0 152
22:36:47 4 0 155
22:37:17 4 0 151
22:37:48 4 0 153
22:38:18 4 0 152
22:38:48 4 0 154
22:39:18 4 0 151
22:39:48 4 0 162
22:40:18 4 0 153
22:40:49 4 0 153
22:41:19 4 0 151
22:41:49 4 0 151
22:42:19 4 0 154
22:42:49 4 0 153
22:43:19 4 0 151
22:43:49 4 0 151
22:44:19 4 0 153
22:44:50 4 0 157
22:45:20 4 0 158
22:45:50 4 0 154
22:46:20 4 0 151
22:46:50 4 0 156
22:47:20 4 0 154
22:47:50 4 0 151
22:48:20 4 0 153
22:48:51 4 0 151
22:49:21 4 0 154
22:49:51 4 0 151
22:50:21 4 0 151
22:50:51 4 0 151
22:51:21 4 0 153
22:51:51 4 0 156
22:52:21 4 0 151
22:52:53 3 1 187
22:53:22 4 0 155
22:53:52 4 0 151
22:54:22 4 0 151
22:54:52 4 0 154
22:55:22 4 0 151
22:55:52 4 0 151
22:56:22 4 0 151
22:56:53 4 0 151
22:57:23 4 0 151
22:57:53 4 0 151
22:58:23 4 0 151
22:58:53 4 0 151
22:59:23 4 0 154
22:59:54 4 0 151
23:00:24 4 0 153
23:00:54 4 0 154
23:01:24 4 0 154
23:01:54 4 0 151
23:02:24 4 0 151
23:02:54 4 0 151
23:03:24 4 0 151
23:03:55 4 0 151
23:04:25 4 0 154
23:04:55 4 0 151
23:05:25 4 0 156
23:05:55 4 0 157
23:06:25 4 0 152
23:06:55 4 0 151
23:07:25 4 0 151
23:07:56 4 0 152
23:08:26 4 0 155
23:08:56 4 0 151
23:09:26 4 0 153
23:09:56 4 0 155
23:10:26 4 0 151
23:10:56 4 0 153
23:11:27 3 1 152
23:11:57 4 0 152
23:12:28 3 1 154
23:12:57 4 0 156
23:13:27 4 0 154
23:13:57 4 0 152
23:14:27 4 0 151
23:14:57 4 0 151
23:15:27 4 0 151
23:15:58 4 0 151
23:16:28 4 0 151
23:16:58 4 0 151
23:17:28 4 0 151
23:17:58 4 0 153
23:18:28 4 0 151
23:18:58 4 0 154
23:19:28 4 0 151
23:19:59 4 0 151
23:20:29 4 0 153
23:21:00 3 1 153
23:21:29 4 0 151
23:21:59 4 0 152
23:22:29 4 0 152
23:22:59 4 0 151
23:23:30 4 0 154
23:24:00 4 0 153
23:24:30 4 0 154
23:25:00 4 0 151
23:25:30 4 0 151
23:26:00 4 0 154
23:26:30 4 0 155
23:27:01 4 0 155
23:27:32 3 1 154
23:28:01 4 0 151
23:28:31 4 0 152
23:29:01 4 0 151
23:29:31 4 0 151
23:30:01 4 0 151
23:30:31 4 0 154
23:31:02 4 0 154
23:31:32 4 0 151
23:32:02 4 0 151
23:32:32 4 0 151
23:33:02 4 0 151
23:33:32 4 0 151
23:34:02 4 0 151
23:34:32 4 0 154
23:35:03 4 0 155
23:35:33 4 0 154
23:36:03 4 0 154
23:36:33 4 0 151
23:37:03 4 0 151
23:37:33 4 0 151
23:38:03 4 0 153
23:38:34 3 1 155
23:39:04 4 0 151
23:39:34 4 0 152
23:40:04 4 0 151
23:40:34 4 0 151
23:41:04 4 0 151
23:41:34 4 0 153
23:42:05 4 0 151
23:42:35 4 0 151
23:43:05 4 0 151
23:43:35 4 0 151
23:44:05 4 0 151
23:44:36 4 0 151
23:45:06 4 0 151
23:45:36 4 0 152
23:46:06 4 0 151
23:46:36 4 0 151
23:47:07 4 0 151
23:47:37 4 0 151
23:48:07 4 0 153
23:48:38 4 0 154
23:49:08 4 0 151
23:49:38 4 0 151
23:50:09 4 0 151
23:50:39 4 0 151
23:51:09 4 0 153
23:51:39 4 0 151
23:52:10 4 0 151
23:52:40 4 0 151
23:53:11 4 0 154
23:53:41 4 0 152
23:54:11 4 0 151
23:54:42 4 0 151
23:55:12 4 0 151
23:55:43 4 0 151
23:56:14 4 0 151
23:56:45 4 0 153
23:57:16 4 0 151
23:57:46 4 0 151
23:58:16 4 0 151
23:58:46 4 0 151
23:59:17 4 0 164
23:59:47 4 0 151
