00:00:37 4 0 186
00:00:42 4 0 186
00:01:57 4 0 186
00:02:26 4 0 186
00:02:38 4 0 186
00:03:03 4 0 186
00:03:30 4 0 186
00:04:00 4 0 186
00:04:31 4 0 186
00:05:02 4 0 186
00:05:32 4 0 186
00:06:03 4 0 186
00:06:39 4 0 186
00:07:15 4 0 186
00:07:46 4 0 186
00:08:20 4 0 186
02:00:07 4 0 186
02:00:37 4 0 189
02:01:08 3 1 190
02:01:38 3 1 189
02:02:09 3 1 189
02:02:39 3 1 189
02:03:08 4 0 188
02:03:38 4 0 189
02:04:09 4 0 186
02:04:39 4 0 188
02:05:09 4 0 187
02:05:40 4 0 188
02:06:10 4 0 187
02:06:40 4 0 189
02:07:10 4 0 186
02:07:40 4 0 187
02:08:11 4 0 189
02:08:41 4 0 187
02:09:11 4 0 186
02:09:41 4 0 186
02:10:11 4 0 187
02:10:43 3 1 187
02:11:12 4 0 187
02:11:42 4 0 189
02:12:12 4 0 188
02:12:42 4 0 186
02:13:13 4 0 188
02:13:43 4 0 188
02:14:13 4 0 186
02:14:43 4 0 186
02:15:13 4 0 186
02:15:44 4 0 186
02:16:14 4 0 186
02:16:44 4 0 188
02:17:14 4 0 188
02:17:44 4 0 188
02:18:15 4 0 188
02:18:45 4 0 186
02:19:15 4 0 187
02:19:45 4 0 187
02:20:16 4 0 187
02:20:47 3 1 187
02:21:16 4 0 186
02:21:46 4 0 187
02:22:16 4 0 187
02:22:47 4 0 187
02:23:17 4 0 188
02:23:47 4 0 186
02:24:17 4 0 186
02:24:47 4 0 188
02:25:18 4 0 187
02:25:48 4 0 186
02:26:18 4 0 186
02:26:48 4 0 186
02:27:19 4 0 186
02:27:49 4 0 188
02:28:19 4 0 191
02:28:49 4 0 186
02:29:20 4 0 186
02:29:50 4 0 186
02:30:20 4 0 186
02:30:50 4 0 187
02:31:20 4 0 186
02:31:50 4 0 192
02:32:21 4 0 186
02:32:51 4 0 186
02:33:21 4 0 187
02:33:51 4 0 190
02:34:22 4 0 188
02:34:52 3 1 189
02:35:22 4 0 190
02:35:52 4 0 189
02:36:22 4 0 188
02:36:52 4 0 186
02:37:23 4 0 186
02:37:53 4 0 188
02:38:23 4 0 187
02:38:53 4 0 186
02:39:23 4 0 186
02:39:54 4 0 189
02:40:24 4 0 186
02:40:54 4 0 186
02:41:24 4 0 186
02:41:54 4 0 186
02:42:25 4 0 186
02:42:55 4 0 186
02:43:25 4 0 186
02:43:55 4 0 186
02:44:25 4 0 186
02:44:56 4 0 186
02:45:26 4 0 186
02:45:56 4 0 186
02:46:26 4 0 186
02:46:56 4 0 187
02:47:27 4 0 189
02:47:57 3 1 190
02:48:28 3 1 190
02:48:59 2 2 189
02:49:27 4 0 186
02:49:58 4 0 186
02:50:28 4 0 189
02:50:58 4 0 188
02:51:28 4 0 186
02:51:58 4 0 186
02:52:29 4 0 186
02:52:59 4 0 187
02:53:29 4 0 187
02:53:59 4 0 186
02:54:29 4 0 186
02:55:00 4 0 219
02:55:30 4 0 188
02:56:01 3 1 189
02:56:31 3 1 189
02:57:00 4 0 187
02:57:31 4 0 186
02:58:01 4 0 186
02:58:31 4 0 186
02:59:01 4 0 186
02:59:31 4 0 189
03:00:02 4 0 186
03:00:32 4 0 186
03:01:02 4 0 188
03:01:32 4 0 186
03:02:02 4 0 188
03:02:33 4 0 187
03:03:03 4 0 186
03:03:33 4 0 186
03:04:03 4 0 186
03:04:33 4 0 186
03:05:04 4 0 186
03:05:34 4 0 186
03:06:04 4 0 186
03:06:35 4 0 186
03:07:05 4 0 186
03:07:35 4 0 186
03:08:06 4 0 186
03:08:36 4 0 186
03:09:06 4 0 186
03:09:37 4 0 186
03:10:07 4 0 189
03:10:38 3 1 189
03:11:07 4 0 187
03:11:37 4 0 186
03:12:07 4 0 186
03:12:38 4 0 186
03:13:08 4 0 189
03:13:38 4 0 186
03:14:08 4 0 186
03:14:38 4 0 186
03:15:08 4 0 187
03:15:39 4 0 186
03:16:09 4 0 186
03:16:39 4 0 186
03:17:09 4 0 186
03:17:40 4 0 186
03:18:10 4 0 186
03:18:40 4 0 187
03:19:10 4 0 186
03:19:40 4 0 189
03:20:10 4 0 186
03:20:41 4 0 186
03:21:11 4 0 186
03:21:41 4 0 186
03:22:11 4 0 186
03:22:41 4 0 186
03:23:11 4 0 186
03:23:42 4 0 186
03:24:12 4 0 186
03:24:42 4 0 186
03:25:12 4 0 186
03:25:42 4 0 186
03:26:12 4 0 186
03:26:43 4 0 186
03:27:13 4 0 186
03:27:43 4 0 186
03:28:13 4 0 188
03:28:43 4 0 186
03:29:13 4 0 186
03:29:44 4 0 186
03:30:14 4 0 186
03:30:44 4 0 186
03:31:14 4 0 186
03:31:44 4 0 187
03:32:14 4 0 186
03:32:45 4 0 186
03:33:15 4 0 186
03:33:45 4 0 186
03:34:15 4 0 187
03:34:45 4 0 186
03:35:15 4 0 186
03:35:46 4 0 186
03:36:16 4 0 186
03:36:46 4 0 186
03:37:16 4 0 186
03:37:46 4 0 186
03:38:16 4 0 186
03:38:47 4 0 186
03:39:17 4 0 186
03:39:47 4 0 186
03:40:17 4 0 186
03:40:47 4 0 186
03:41:17 4 0 188
03:41:48 4 0 186
03:42:18 4 0 190
03:42:48 4 0 186
03:43:18 4 0 186
03:43:48 4 0 186
03:44:18 4 0 186
03:44:49 4 0 186
03:45:19 4 0 186
03:45:49 4 0 186
03:46:19 4 0 186
03:46:50 4 0 186
03:47:20 4 0 186
03:47:51 3 1 189
03:48:20 4 0 186
03:48:50 4 0 186
03:49:20 4 0 188
03:49:50 4 0 186
03:50:21 4 0 186
03:50:51 4 0 186
03:51:21 4 0 186
03:51:51 4 0 186
03:52:21 4 0 186
03:52:51 4 0 186
03:53:22 4 0 186
03:53:52 4 0 186
03:54:22 4 0 186
03:54:52 4 0 189
03:55:22 4 0 186
03:55:53 4 0 186
03:56:23 4 0 186
03:56:53 4 0 186
03:57:23 4 0 186
03:57:53 4 0 186
03:58:23 4 0 186
03:58:53 4 0 186
03:59:23 4 0 186
03:59:54 4 0 186
04:00:24 4 0 186
04:00:54 4 0 186
04:01:24 4 0 195
04:01:54 4 0 186
04:02:24 4 0 186
04:02:55 4 0 186
04:03:25 4 0 186
04:03:55 4 0 186
04:04:25 4 0 186
04:04:56 4 0 186
04:05:26 4 0 186
04:05:56 4 0 188
04:06:26 4 0 186
04:06:56 4 0 186
04:07:26 4 0 186
04:07:57 4 0 186
04:08:27 4 0 186
04:08:57 4 0 186
04:09:27 4 0 186
04:09:57 4 0 186
04:10:27 4 0 186
04:10:58 4 0 186
04:11:28 4 0 186
04:11:58 4 0 186
04:12:28 4 0 186
04:12:58 4 0 186
04:13:28 4 0 186
04:13:59 4 0 189
04:14:29 4 0 186
04:14:59 4 0 186
04:15:29 4 0 186
04:15:59 4 0 186
04:16:29 4 0 186
04:17:00 4 0 186
04:17:30 4 0 186
04:18:00 4 0 186
04:18:30 4 0 186
04:19:00 4 0 186
04:19:30 4 0 186
04:20:01 4 0 186
04:20:31 4 0 186
04:21:01 4 0 186
04:21:31 4 0 188
04:22:01 4 0 186
04:22:31 4 0 186
04:23:02 4 0 186
04:23:32 4 0 187
04:24:02 4 0 186
04:24:32 4 0 186
04:25:02 4 0 186
04:25:32 4 0 196
04:26:03 4 0 186
04:26:33 4 0 186
04:27:03 4 0 186
04:27:33 4 0 186
04:28:03 4 0 186
04:28:33 4 0 187
04:29:04 4 0 187
04:29:34 4 0 186
04:30:04 4 0 186
04:30:34 4 0 186
04:31:04 4 0 186
04:31:34 4 0 186
04:32:05 4 0 186
04:32:35 4 0 186
04:33:05 4 0 186
04:33:35 4 0 186
04:34:05 4 0 186
04:34:35 4 0 186
04:35:06 4 0 186
04:35:36 4 0 186
04:36:06 4 0 186
04:36:36 4 0 186
04:37:06 4 0 186
04:37:36 4 0 186
04:38:07 4 0 186
04:38:37 4 0 186
04:39:07 4 0 186
04:39:37 4 0 186
04:40:08 4 0 186
04:40:38 4 0 186
04:41:08 4 0 186
04:41:38 4 0 186
04:42:08 4 0 186
04:42:38 4 0 186
04:43:09 4 0 186
04:43:39 4 0 186
04:44:09 4 0 186
04:44:39 4 0 186
04:45:09 4 0 186
04:45:39 4 0 186
04:46:10 4 0 186
04:46:40 4 0 186
04:47:10 4 0 186
04:47:40 4 0 186
04:48:10 4 0 186
04:48:40 4 0 186
04:49:11 4 0 186
04:49:41 4 0 186
04:50:11 4 0 186
04:50:41 4 0 186
04:51:11 4 0 186
04:51:41 4 0 186
04:52:12 4 0 186
04:52:42 4 0 186
04:53:12 4 0 186
04:53:42 4 0 186
04:54:12 4 0 186
04:54:42 4 0 186
04:55:13 4 0 186
04:55:43 4 0 186
04:56:13 4 0 186
04:56:43 4 0 186
04:57:13 4 0 186
04:57:44 4 0 186
04:58:14 4 0 186
04:58:44 4 0 186
04:59:14 4 0 186
04:59:44 4 0 186
05:00:14 4 0 186
05:00:45 4 0 186
05:01:15 4 0 186
05:01:45 4 0 186
05:02:15 4 0 186
05:02:45 4 0 186
05:03:15 4 0 186
05:03:46 4 0 186
05:04:16 4 0 186
05:04:46 4 0 188
05:05:16 4 0 186
05:05:46 4 0 186
05:06:17 4 0 186
05:06:47 4 0 186
05:07:17 4 0 186
05:07:47 4 0 186
05:08:17 4 0 197
05:08:47 4 0 186
05:09:18 4 0 186
05:09:48 4 0 186
05:10:18 4 0 186
05:10:48 4 0 186
05:11:18 4 0 186
05:11:48 4 0 186
05:12:19 4 0 186
05:12:49 4 0 186
05:13:19 4 0 186
05:13:49 4 0 186
05:14:19 4 0 186
05:14:49 4 0 186
05:15:20 4 0 186
05:15:50 4 0 186
05:16:20 4 0 186
05:16:50 4 0 186
05:17:20 4 0 186
05:17:50 4 0 186
05:18:21 4 0 186
05:18:51 4 0 186
05:19:21 4 0 186
05:19:51 4 0 186
05:20:22 4 0 186
05:20:52 4 0 186
05:21:22 4 0 186
05:21:52 4 0 186
05:22:22 4 0 186
05:22:52 4 0 186
05:23:23 4 0 186
05:23:53 4 0 186
05:24:23 4 0 186
05:24:53 4 0 186
05:25:23 4 0 186
05:25:53 4 0 186
05:26:24 4 0 186
05:26:54 4 0 186
05:27:24 4 0 186
05:27:54 4 0 186
05:28:24 4 0 186
05:28:54 4 0 186
05:29:25 4 0 186
05:29:55 4 0 186
05:30:25 4 0 186
05:30:55 4 0 186
05:31:25 4 0 186
05:31:55 4 0 186
05:32:26 4 0 186
05:32:56 4 0 186
05:33:26 4 0 186
05:33:56 4 0 186
05:34:26 4 0 186
05:34:56 4 0 186
05:35:27 4 0 186
05:35:57 4 0 186
05:36:27 4 0 186
05:36:57 4 0 186
05:37:27 4 0 186
05:37:57 4 0 186
05:38:28 4 0 186
05:38:58 4 0 186
05:39:28 4 0 186
05:39:58 4 0 186
05:40:28 4 0 186
05:40:59 4 0 186
05:41:29 4 0 186
05:41:59 4 0 186
05:42:29 4 0 186
05:42:59 4 0 186
05:43:29 4 0 186
05:43:59 4 0 186
05:44:30 4 0 186
05:45:00 4 0 186
05:45:30 4 0 186
05:46:00 4 0 187
05:46:30 4 0 186
05:47:01 4 0 186
05:47:31 4 0 186
05:48:01 4 0 186
05:48:31 4 0 186
05:49:01 4 0 186
05:49:31 4 0 186
05:50:01 4 0 186
05:50:32 4 0 186
05:51:02 4 0 186
05:51:32 4 0 186
05:52:02 4 0 186
05:52:32 4 0 186
05:53:03 4 0 186
05:53:33 4 0 186
05:54:03 4 0 186
05:54:33 4 0 186
05:55:03 4 0 186
05:55:33 4 0 186
05:56:04 4 0 186
05:56:34 4 0 186
05:57:04 4 0 186
05:57:34 4 0 186
05:58:04 4 0 186
05:58:35 4 0 186
05:59:05 4 0 186
05:59:35 4 0 186
06:00:05 4 0 186
06:00:35 4 0 186
06:01:06 4 0 186
06:01:36 4 0 186
06:02:06 4 0 186
06:02:36 4 0 186
06:03:06 4 0 186
06:03:37 4 0 186
06:04:07 4 0 186
06:04:37 4 0 186
06:05:07 4 0 186
06:05:38 4 0 186
06:06:08 4 0 186
06:06:38 4 0 186
06:07:08 4 0 186
06:07:38 4 0 186
06:08:08 4 0 186
06:08:39 4 0 186
06:09:09 4 0 186
06:09:39 4 0 186
06:10:09 4 0 186
06:10:39 4 0 186
06:11:10 4 0 186
06:11:40 4 0 187
06:12:10 4 0 186
06:12:40 4 0 186
06:13:10 4 0 186
06:13:41 4 0 186
06:14:11 4 0 186
06:14:41 4 0 186
06:15:11 4 0 186
06:15:41 4 0 186
06:16:11 4 0 186
06:16:42 4 0 186
06:17:12 4 0 186
06:17:42 4 0 186
06:18:12 4 0 186
06:18:42 4 0 186
06:19:12 4 0 186
06:19:43 4 0 188
06:20:13 4 0 186
06:20:43 4 0 186
06:21:13 4 0 186
06:21:43 4 0 186
06:22:13 4 0 186
06:22:44 4 0 186
06:23:14 4 0 186
06:23:44 4 0 186
06:24:14 4 0 186
06:24:44 4 0 186
06:25:14 4 0 186
06:25:45 4 0 186
06:26:15 4 0 186
06:26:45 4 0 187
06:27:15 4 0 208
06:27:45 4 0 186
06:28:15 4 0 186
06:28:46 4 0 209
06:29:16 4 0 186
06:29:46 4 0 186
06:30:16 4 0 186
06:30:46 4 0 186
06:31:16 4 0 186
06:31:47 4 0 186
06:32:17 4 0 186
06:32:47 4 0 186
06:33:17 4 0 186
06:33:47 4 0 186
06:34:17 4 0 186
06:34:48 4 0 186
06:35:18 4 0 186
06:35:48 4 0 186
06:36:18 4 0 186
06:36:48 4 0 186
06:37:18 4 0 187
06:37:49 4 0 186
06:38:19 4 0 186
06:38:49 4 0 186
06:39:19 4 0 186
06:39:49 4 0 186
06:40:20 4 0 186
06:40:50 4 0 186
06:41:20 4 0 186
06:41:50 4 0 186
06:42:20 4 0 186
06:42:50 4 0 186
06:43:20 4 0 186
06:43:51 4 0 186
06:44:21 4 0 186
06:44:51 4 0 186
06:45:21 4 0 186
06:45:51 4 0 186
06:46:22 4 0 186
06:46:52 4 0 186
06:47:22 4 0 186
06:47:52 4 0 186
06:48:22 4 0 188
06:48:52 4 0 186
06:49:22 4 0 186
06:49:53 4 0 186
06:50:23 4 0 186
06:50:53 4 0 186
06:51:23 4 0 186
06:51:54 4 0 186
06:52:24 4 0 186
06:52:54 4 0 201
06:53:24 4 0 186
06:53:54 4 0 186
06:54:24 4 0 186
06:54:54 4 0 186
06:55:24 4 0 186
06:55:55 4 0 186
06:56:25 4 0 186
06:56:55 4 0 186
06:57:25 4 0 186
06:57:55 4 0 186
06:58:25 4 0 186
06:58:56 4 0 186
06:59:26 4 0 186
06:59:56 4 0 186
07:00:26 4 0 186
07:00:56 4 0 186
07:01:27 4 0 186
07:01:57 4 0 186
07:02:27 4 0 186
07:02:57 4 0 186
07:03:27 4 0 186
07:03:57 4 0 186
07:04:27 4 0 186
07:04:58 4 0 186
07:05:28 4 0 186
07:05:58 4 0 186
07:06:28 4 0 186
07:06:58 4 0 186
07:07:28 4 0 186
07:07:59 4 0 186
07:08:29 4 0 186
07:08:59 4 0 186
07:09:29 4 0 186
07:09:59 4 0 186
07:10:29 4 0 186
07:11:00 4 0 186
07:11:30 4 0 186
07:12:00 4 0 186
07:12:30 4 0 186
07:13:00 4 0 186
07:13:30 4 0 186
07:14:01 4 0 192
07:14:31 4 0 186
07:15:01 4 0 186
07:15:31 4 0 186
07:16:02 4 0 187
07:16:32 4 0 186
07:17:02 4 0 186
07:17:32 4 0 186
07:18:02 4 0 186
07:18:32 4 0 186
07:19:03 4 0 186
07:19:33 4 0 186
07:20:03 4 0 186
07:20:33 4 0 186
07:21:03 4 0 186
07:21:33 4 0 186
07:22:04 4 0 186
07:22:34 4 0 186
07:23:04 4 0 186
07:23:34 4 0 186
07:24:04 4 0 186
07:24:34 4 0 186
07:25:05 4 0 187
07:25:35 4 0 186
07:26:05 4 0 186
07:26:36 4 0 186
07:27:06 4 0 186
07:27:36 4 0 186
07:28:07 4 0 186
07:28:37 4 0 186
07:29:07 4 0 186
07:29:37 4 0 186
07:30:07 4 0 186
07:30:37 4 0 195
07:31:08 4 0 186
07:31:38 4 0 186
07:32:08 4 0 186
07:32:38 4 0 186
07:33:08 4 0 186
07:33:38 4 0 186
07:34:09 4 0 186
07:34:39 4 0 186
07:35:10 4 0 186
07:35:40 4 0 186
07:36:10 4 0 186
07:36:41 4 0 190
07:37:11 4 0 186
07:37:41 4 0 186
07:38:11 4 0 186
07:38:41 4 0 186
07:39:11 4 0 186
07:39:41 4 0 186
07:40:12 4 0 186
07:40:42 4 0 186
07:41:12 4 0 186
07:41:42 4 0 186
07:42:12 4 0 186
07:42:42 4 0 186
07:43:13 4 0 186
07:43:43 4 0 186
07:44:13 4 0 186
07:44:43 4 0 186
07:45:13 4 0 186
07:45:43 4 0 186
07:46:14 4 0 186
07:46:44 4 0 186
07:47:14 4 0 186
07:47:44 4 0 186
07:48:14 4 0 186
07:48:44 4 0 186
07:49:15 4 0 186
07:49:45 4 0 186
07:50:15 4 0 186
07:50:45 4 0 186
07:51:15 4 0 194
07:51:45 4 0 186
07:52:16 4 0 186
07:52:46 4 0 216
07:53:16 4 0 186
07:53:46 4 0 186
07:54:16 4 0 186
07:54:46 4 0 186
07:55:16 4 0 186
07:55:46 4 0 186
07:56:17 4 0 186
07:56:47 4 0 186
07:57:17 4 0 186
07:57:47 4 0 190
07:58:18 4 0 186
07:58:48 4 0 186
07:59:18 4 0 186
07:59:48 4 0 186
08:00:18 4 0 186
08:00:48 4 0 186
08:01:18 4 0 186
08:01:48 4 0 186
08:02:19 4 0 186
08:02:49 4 0 186
08:03:19 4 0 186
08:03:49 4 0 186
08:04:19 4 0 186
08:04:49 4 0 186
08:05:20 4 0 186
08:05:50 4 0 186
08:06:20 4 0 186
08:06:50 4 0 186
08:07:20 4 0 188
08:07:50 4 0 189
08:08:20 4 0 188
08:08:50 4 0 186
08:09:21 4 0 186
08:09:51 4 0 186
08:10:21 4 0 186
08:10:51 4 0 186
08:11:21 4 0 186
08:11:51 4 0 186
08:12:22 4 0 186
08:12:52 4 0 186
08:13:22 4 0 186
08:13:52 4 0 200
08:14:22 4 0 186
08:14:52 4 0 186
08:15:23 4 0 186
08:15:53 4 0 186
08:16:23 4 0 186
08:16:53 4 0 186
08:17:23 4 0 186
08:17:53 4 0 186
08:18:24 4 0 186
08:18:54 4 0 186
08:19:24 4 0 186
08:19:54 4 0 186
08:20:24 4 0 186
08:20:54 4 0 186
08:21:25 4 0 186
08:21:55 4 0 186
08:22:25 4 0 186
08:22:55 4 0 186
08:23:26 4 0 202
08:23:56 4 0 186
08:24:26 4 0 186
08:24:56 4 0 186
08:25:27 4 0 186
08:25:57 4 0 189
08:26:27 4 0 187
08:26:57 4 0 186
08:27:27 4 0 186
08:27:57 4 0 186
08:28:28 4 0 186
08:28:58 4 0 186
08:29:28 4 0 186
08:29:58 4 0 186
08:30:28 4 0 186
08:30:58 4 0 186
08:31:29 4 0 186
08:31:59 4 0 186
08:32:29 4 0 186
08:32:59 4 0 186
08:33:29 4 0 186
08:33:59 4 0 186
08:34:29 4 0 186
08:34:59 4 0 186
08:35:30 4 0 186
08:36:00 4 0 186
08:36:30 4 0 186
08:37:00 4 0 186
08:37:30 4 0 186
08:38:00 4 0 186
08:38:31 4 0 186
08:39:01 4 0 186
08:39:31 4 0 186
08:40:01 4 0 186
08:40:31 4 0 186
08:41:01 4 0 186
08:41:32 4 0 186
08:42:02 4 0 186
08:42:33 4 0 186
08:43:03 4 0 186
08:43:34 4 0 186
08:44:04 4 0 186
08:44:34 4 0 186
08:45:04 4 0 197
08:45:34 4 0 186
08:46:04 4 0 186
08:46:35 4 0 186
08:47:05 4 0 186
08:47:35 4 0 186
08:48:05 4 0 186
08:48:35 4 0 186
08:49:05 4 0 186
08:49:36 4 0 186
08:50:06 4 0 186
08:50:36 4 0 186
08:51:06 4 0 186
08:51:36 4 0 186
08:52:06 4 0 186
08:52:37 4 0 186
08:53:07 4 0 186
08:53:37 4 0 186
08:54:08 3 1 186
08:54:37 4 0 186
08:55:08 4 0 186
08:55:38 4 0 186
08:56:08 4 0 186
08:56:39 4 0 186
08:57:09 4 0 186
08:57:39 4 0 186
08:58:10 4 0 186
08:58:40 4 0 186
08:59:11 4 0 186
08:59:41 4 0 186
09:00:11 4 0 186
09:00:42 3 1 189
09:01:11 4 0 186
09:01:41 4 0 186
09:02:12 4 0 186
09:02:42 4 0 186
09:03:13 3 1 221
09:03:42 4 0 186
09:04:12 4 0 186
09:04:42 4 0 189
09:05:12 4 0 188
09:05:42 4 0 186
09:06:13 4 0 186
09:06:43 4 0 186
09:07:13 4 0 186
09:07:43 4 0 186
09:08:13 4 0 186
09:08:43 4 0 186
09:09:13 4 0 186
09:09:43 4 0 186
09:10:14 4 0 186
09:10:44 4 0 186
09:11:14 4 0 186
09:11:44 4 0 186
09:12:14 4 0 186
09:12:44 4 0 186
09:13:14 4 0 186
09:13:44 4 0 190
09:14:14 4 0 186
09:14:45 4 0 186
09:15:15 4 0 186
09:15:45 4 0 186
09:16:15 4 0 218
09:16:45 4 0 186
09:17:15 4 0 186
09:17:46 4 0 186
09:18:16 4 0 186
09:18:47 4 0 186
09:19:17 4 0 186
09:19:47 4 0 186
09:20:17 4 0 186
09:20:48 4 0 186
09:21:18 4 0 186
09:21:48 4 0 186
09:22:18 4 0 186
09:22:48 4 0 186
09:23:18 4 0 186
09:23:49 4 0 186
09:24:19 4 0 186
09:24:49 4 0 186
09:25:19 4 0 186
09:25:49 4 0 186
09:26:19 4 0 186
09:26:49 4 0 186
09:27:19 4 0 186
09:27:50 4 0 186
09:28:20 4 0 186
09:28:50 4 0 186
09:29:20 4 0 186
09:29:50 4 0 186
09:30:20 4 0 186
09:30:50 4 0 186
09:31:21 4 0 186
09:31:51 4 0 187
09:32:21 4 0 186
09:32:51 4 0 186
09:33:21 4 0 186
09:33:51 4 0 186
09:34:21 4 0 186
09:34:52 4 0 186
09:35:22 4 0 186
09:35:52 4 0 186
09:36:23 3 1 186
09:36:52 4 0 186
09:37:22 4 0 186
09:37:53 4 0 186
09:38:23 4 0 186
09:38:54 4 0 186
09:39:24 4 0 186
09:39:54 4 0 186
09:40:24 4 0 186
09:40:54 4 0 186
09:41:24 4 0 186
09:41:54 4 0 186
09:42:24 4 0 193
09:42:55 3 1 186
09:43:25 4 0 186
09:43:55 4 0 186
09:44:25 4 0 186
09:44:55 4 0 186
09:45:25 4 0 186
09:45:55 4 0 186
09:46:25 4 0 186
09:46:56 4 0 186
09:47:26 4 0 186
09:47:56 4 0 186
09:48:26 4 0 186
09:48:56 4 0 187
09:49:26 4 0 186
09:49:56 4 0 186
09:50:27 3 1 186
09:50:57 4 0 204
09:51:27 4 0 186
09:51:58 4 0 186
09:52:28 4 0 186
09:52:58 4 0 186
09:53:28 4 0 186
09:53:58 4 0 186
09:54:29 3 1 186
09:54:58 4 0 186
09:55:28 4 0 188
09:55:59 4 0 186
09:56:29 4 0 189
09:56:59 4 0 196
09:57:29 4 0 188
09:57:59 4 0 186
09:58:29 4 0 186
09:58:59 4 0 186
09:59:30 4 0 235
10:00:00 4 0 186
10:00:30 4 0 186
10:01:00 4 0 186
10:01:30 4 0 186
10:02:00 4 0 186
10:02:30 4 0 186
10:03:00 4 0 186
10:03:30 4 0 189
10:04:01 4 0 189
10:04:31 4 0 186
10:05:01 4 0 187
10:05:31 4 0 186
10:06:01 4 0 186
10:06:31 4 0 186
10:07:01 4 0 189
10:07:31 4 0 189
10:08:02 4 0 187
10:08:32 4 0 186
10:09:02 4 0 186
10:09:32 4 0 186
10:10:02 4 0 186
10:10:32 4 0 186
10:11:02 4 0 186
10:11:33 4 0 219
10:12:03 4 0 229
10:12:33 4 0 224
10:13:03 4 0 227
10:13:33 4 0 224
10:14:03 4 0 229
10:14:33 4 0 229
10:15:03 4 0 186
10:15:34 3 1 223
10:16:06 2 2 209
10:16:34 4 0 224
10:17:04 4 0 227
10:17:34 4 0 222
10:18:04 4 0 215
10:18:35 3 1 215
10:19:06 3 1 235
10:19:35 4 0 215
10:20:06 3 1 219
10:20:35 4 0 240
10:21:05 4 0 226
10:21:36 4 0 223
10:22:06 4 0 216
10:22:36 4 0 225
10:23:08 3 1 223
10:23:37 4 0 220
10:24:08 4 0 223
10:24:38 4 0 217
10:25:08 4 0 186
10:25:39 4 0 186
10:26:09 4 0 186
10:26:40 4 0 186
10:27:11 4 0 186
10:27:41 4 0 186
10:28:11 4 0 186
10:28:41 4 0 186
10:29:11 4 0 186
10:29:41 4 0 194
10:30:11 4 0 189
10:30:41 4 0 186
10:31:12 4 0 186
10:31:42 4 0 186
10:32:12 4 0 188
10:32:42 4 0 186
10:33:12 4 0 186
10:33:42 4 0 186
10:34:13 3 1 187
10:34:43 4 0 186
10:35:13 4 0 186
10:35:43 4 0 186
10:36:13 4 0 186
10:36:43 4 0 186
10:37:13 4 0 186
10:37:43 4 0 186
10:38:14 4 0 186
10:38:46 3 1 186
10:39:15 4 0 186
10:39:45 4 0 186
10:40:16 3 1 197
10:40:45 4 0 186
10:41:16 4 0 187
10:41:46 4 0 186
10:42:16 4 0 186
10:42:46 4 0 186
10:43:16 4 0 186
10:43:46 4 0 186
10:44:17 4 0 186
10:44:47 4 0 186
10:45:17 4 0 186
10:45:47 4 0 186
10:46:17 4 0 186
10:46:47 4 0 186
10:47:18 4 0 187
10:47:48 4 0 186
10:48:18 4 0 186
10:48:48 4 0 186
10:49:18 4 0 186
10:49:48 4 0 186
10:50:19 4 0 186
10:50:49 4 0 186
10:51:19 4 0 186
10:51:49 4 0 186
10:52:20 4 0 186
10:52:50 4 0 186
10:53:20 4 0 191
10:53:50 4 0 186
10:54:20 4 0 186
10:54:50 4 0 186
10:55:21 4 0 186
10:55:51 4 0 186
10:56:22 4 0 186
10:56:52 4 0 218
10:57:22 4 0 187
10:57:52 4 0 186
10:58:23 4 0 186
10:58:53 4 0 188
10:59:23 4 0 186
10:59:53 4 0 186
11:00:24 4 0 186
11:00:54 4 0 186
11:01:24 4 0 186
11:01:54 4 0 186
11:02:24 4 0 186
11:02:54 4 0 186
11:03:25 4 0 188
11:03:55 4 0 186
11:04:25 4 0 186
11:04:55 4 0 186
11:05:25 4 0 187
11:05:55 4 0 187
11:06:26 4 0 187
11:06:56 4 0 188
11:07:26 4 0 186
11:07:56 4 0 186
11:08:27 4 0 186
11:08:57 4 0 186
11:09:27 4 0 186
11:09:57 4 0 186
11:10:27 4 0 186
11:10:57 4 0 186
11:11:27 4 0 186
11:11:57 4 0 186
11:12:28 4 0 186
11:12:58 4 0 186
11:13:28 4 0 186
11:13:58 4 0 186
11:14:29 3 1 186
11:14:59 4 0 186
11:15:29 4 0 220
11:15:59 4 0 186
11:16:30 4 0 186
11:17:00 4 0 186
11:17:30 4 0 186
11:18:00 4 0 186
11:18:31 4 0 186
11:19:01 4 0 186
11:19:31 4 0 186
11:20:01 4 0 186
11:20:31 4 0 186
11:21:01 4 0 186
11:21:32 4 0 186
11:22:02 4 0 186
11:22:32 4 0 186
11:23:02 4 0 186
11:23:32 4 0 186
11:24:02 4 0 186
11:24:32 4 0 186
11:25:02 4 0 186
11:25:33 4 0 186
11:26:03 4 0 186
11:26:33 4 0 186
11:27:03 4 0 186
11:27:33 4 0 186
11:28:03 4 0 186
11:28:33 4 0 186
11:29:03 4 0 186
11:29:34 4 0 186
11:30:04 4 0 186
11:30:34 4 0 186
11:31:04 4 0 186
11:31:34 4 0 186
11:32:04 4 0 186
11:32:34 4 0 186
11:33:04 4 0 186
11:33:36 3 1 186
11:34:05 4 0 186
11:34:35 4 0 192
11:35:05 4 0 186
11:35:36 4 0 186
11:36:06 4 0 186
11:36:36 4 0 186
11:37:07 4 0 186
11:37:37 4 0 186
11:38:08 4 0 186
11:38:38 4 0 186
11:39:08 4 0 186
11:39:38 4 0 186
11:40:08 4 0 186
11:40:38 4 0 211
11:41:08 4 0 186
11:41:39 4 0 186
11:42:09 4 0 186
11:42:39 4 0 188
11:43:09 4 0 186
11:43:39 4 0 186
11:44:09 4 0 187
11:44:40 4 0 186
11:45:10 4 0 186
11:45:41 4 0 188
11:46:11 4 0 186
11:46:42 4 0 186
11:47:12 4 0 186
11:47:42 4 0 186
11:48:12 4 0 186
11:48:43 4 0 186
11:49:13 4 0 186
11:49:44 4 0 187
11:50:14 4 0 186
11:50:44 4 0 186
11:51:14 4 0 186
11:51:45 4 0 186
11:52:16 4 0 186
11:52:46 4 0 186
11:53:16 4 0 186
11:53:46 4 0 186
11:54:16 4 0 186
11:54:46 4 0 186
11:55:16 4 0 186
11:55:47 4 0 186
11:56:17 4 0 186
11:56:47 4 0 186
11:57:17 4 0 186
11:57:47 4 0 188
11:58:17 4 0 186
11:58:47 4 0 186
11:59:18 4 0 186
11:59:48 4 0 188
12:00:18 4 0 186
12:00:48 4 0 186
12:01:18 4 0 186
12:01:48 4 0 186
12:02:18 4 0 186
12:02:49 4 0 186
12:03:19 4 0 186
12:03:49 4 0 186
12:04:19 4 0 188
12:04:49 4 0 186
12:05:19 4 0 189
12:05:49 4 0 189
12:06:19 4 0 186
12:06:50 4 0 186
12:07:20 4 0 186
12:07:50 4 0 186
12:08:20 4 0 186
12:08:50 4 0 186
12:09:20 4 0 186
12:09:51 3 1 187
12:10:21 4 0 187
12:10:51 4 0 186
12:11:21 4 0 186
12:11:51 4 0 186
12:12:21 4 0 186
12:12:52 4 0 186
12:13:22 4 0 186
12:13:52 4 0 186
12:14:22 4 0 186
12:14:52 4 0 186
12:15:22 4 0 186
12:15:53 4 0 186
12:16:23 4 0 186
12:16:54 4 0 186
12:17:24 4 0 186
12:17:54 4 0 186
12:18:24 4 0 186
12:18:55 4 0 186
12:19:25 4 0 186
12:19:55 4 0 186
12:20:25 4 0 186
12:20:55 4 0 186
12:21:25 4 0 186
12:21:56 4 0 186
12:22:26 4 0 186
12:22:56 4 0 186
12:23:26 4 0 204
12:23:56 4 0 186
12:24:26 4 0 186
12:24:56 4 0 186
12:25:26 4 0 186
12:25:57 4 0 186
12:26:27 4 0 197
12:26:57 4 0 186
12:27:27 4 0 186
12:27:57 4 0 186
12:28:27 4 0 186
12:28:58 4 0 186
12:29:28 4 0 186
12:29:58 4 0 186
12:30:28 4 0 186
12:30:58 4 0 186
12:31:28 4 0 186
12:31:58 4 0 186
12:32:28 4 0 186
12:32:58 4 0 186
12:33:28 4 0 186
12:33:59 4 0 188
12:34:29 4 0 186
12:34:59 4 0 186
12:35:29 4 0 186
12:35:59 4 0 189
12:36:29 4 0 186
12:36:59 4 0 186
12:37:29 4 0 186
12:38:00 4 0 193
12:38:30 4 0 186
12:39:00 4 0 186
12:39:30 4 0 186
12:40:00 4 0 186
12:40:30 4 0 186
12:41:00 4 0 186
12:41:31 4 0 186
12:42:01 4 0 186
12:42:31 4 0 186
12:43:01 4 0 186
12:43:31 4 0 186
12:44:01 4 0 186
12:44:31 4 0 186
12:45:01 4 0 186
12:45:31 4 0 186
12:46:01 4 0 186
12:46:32 4 0 214
12:47:02 4 0 186
12:47:32 4 0 186
12:48:02 4 0 186
12:48:32 4 0 186
12:49:02 4 0 186
12:49:32 4 0 186
12:50:03 4 0 186
12:50:33 4 0 186
12:51:03 4 0 186
12:51:34 4 0 186
12:52:04 4 0 186
12:52:34 4 0 186
12:53:04 4 0 186
12:53:34 4 0 186
12:54:04 4 0 186
12:54:34 4 0 186
12:55:04 4 0 186
12:55:34 4 0 186
12:56:05 4 0 186
12:56:35 4 0 186
12:57:05 4 0 186
12:57:35 4 0 186
12:58:05 4 0 186
12:58:35 4 0 186
12:59:05 4 0 187
12:59:36 4 0 212
13:00:06 4 0 186
13:00:36 4 0 186
13:01:06 4 0 186
13:01:36 4 0 186
13:02:06 4 0 186
13:02:36 4 0 186
13:03:07 4 0 216
13:03:37 4 0 186
13:04:07 4 0 186
13:04:37 4 0 186
13:05:07 4 0 186
13:05:37 4 0 186
13:06:07 4 0 186
13:06:37 4 0 186
13:07:07 4 0 186
13:07:37 4 0 186
13:08:08 4 0 186
13:08:38 4 0 188
13:09:08 4 0 186
13:09:38 4 0 186
13:10:08 4 0 186
13:10:38 4 0 186
13:11:08 4 0 186
13:11:38 4 0 186
13:12:08 4 0 186
13:12:38 4 0 186
13:13:08 4 0 186
13:13:38 4 0 186
13:14:09 4 0 186
13:14:39 4 0 186
13:15:09 4 0 186
13:15:39 4 0 188
13:16:09 4 0 186
13:16:39 4 0 186
13:17:09 4 0 186
13:17:39 4 0 186
13:18:10 4 0 186
13:18:40 4 0 186
13:19:10 4 0 186
13:19:40 4 0 186
13:20:10 4 0 186
13:20:40 4 0 186
13:21:10 4 0 186
13:21:40 4 0 186
13:22:11 4 0 186
13:22:41 4 0 186
13:23:11 4 0 186
13:23:41 4 0 187
13:24:11 4 0 186
13:24:41 4 0 186
13:25:12 4 0 187
13:25:42 4 0 186
13:26:12 4 0 186
13:26:42 4 0 186
13:27:12 4 0 186
13:27:42 4 0 186
13:28:12 4 0 186
13:28:42 4 0 186
13:29:12 4 0 186
13:29:43 4 0 186
13:30:14 4 0 186
13:30:44 4 0 186
13:31:14 4 0 186
13:31:44 4 0 186
13:32:14 4 0 189
13:32:44 4 0 186
13:33:15 4 0 186
13:33:45 4 0 187
13:34:15 4 0 186
13:34:45 4 0 186
13:35:17 3 1 189
13:35:46 4 0 191
13:36:16 4 0 186
13:36:46 4 0 188
13:37:16 4 0 186
13:37:46 4 0 186
13:38:16 4 0 186
13:38:46 4 0 186
13:39:16 4 0 186
13:39:47 4 0 186
13:40:17 4 0 186
13:40:47 4 0 186
13:41:17 4 0 187
13:41:47 4 0 186
13:42:17 4 0 216
13:42:48 4 0 217
13:43:18 4 0 186
13:43:48 4 0 186
13:44:18 4 0 193
13:44:48 4 0 186
13:45:19 4 0 186
13:45:49 4 0 188
13:46:19 4 0 186
13:46:49 4 0 186
13:47:20 4 0 186
13:47:50 4 0 186
13:48:21 4 0 186
13:48:51 4 0 186
13:49:21 4 0 188
13:49:51 4 0 186
13:50:21 4 0 186
13:50:51 4 0 188
13:51:22 4 0 186
13:51:52 4 0 188
13:52:22 4 0 186
13:52:52 4 0 186
13:53:22 4 0 202
13:53:52 4 0 186
13:54:22 4 0 186
13:54:52 4 0 186
13:55:22 4 0 186
13:55:52 4 0 186
13:56:23 4 0 186
13:56:53 4 0 186
13:57:23 4 0 186
13:57:53 4 0 186
13:58:23 4 0 186
13:58:53 4 0 186
13:59:23 4 0 186
13:59:53 4 0 187
14:00:23 4 0 186
14:00:54 4 0 186
14:01:24 4 0 186
14:01:54 4 0 186
14:02:24 4 0 186
14:02:54 4 0 186
14:03:24 4 0 186
14:03:54 4 0 186
14:04:24 4 0 208
14:04:54 4 0 186
14:05:25 4 0 186
14:05:55 4 0 189
14:06:25 4 0 186
14:06:55 4 0 188
14:07:25 4 0 186
14:07:56 4 0 186
14:08:27 3 1 199
14:08:56 4 0 188
14:09:26 4 0 186
14:09:56 4 0 188
14:10:26 4 0 186
14:10:56 4 0 189
14:11:27 4 0 190
14:11:58 4 0 188
14:12:28 4 0 186
14:12:58 4 0 189
14:13:28 4 0 186
14:13:58 4 0 186
14:14:29 4 0 186
14:14:59 4 0 186
14:15:29 4 0 186
14:15:59 4 0 188
14:16:29 4 0 189
14:17:00 3 1 190
14:17:30 4 0 187
14:18:00 4 0 186
14:18:30 4 0 190
14:19:00 4 0 186
14:19:30 4 0 206
14:20:00 4 0 186
14:20:30 4 0 188
14:21:00 4 0 186
14:21:31 4 0 186
14:22:01 4 0 189
14:22:31 4 0 186
14:23:01 4 0 189
14:23:31 4 0 186
14:24:01 4 0 186
14:24:32 4 0 187
14:25:02 4 0 189
14:25:32 4 0 186
14:26:02 4 0 187
14:26:33 4 0 188
14:27:03 4 0 186
14:27:33 4 0 189
14:28:03 4 0 189
14:28:33 4 0 186
14:29:04 4 0 186
14:29:34 4 0 187
14:30:04 4 0 186
14:30:34 4 0 187
14:31:04 4 0 186
14:31:35 4 0 189
14:32:05 4 0 186
14:32:35 4 0 188
14:33:05 4 0 186
14:33:35 4 0 188
14:34:05 4 0 186
14:34:35 4 0 199
14:35:06 4 0 186
14:35:36 4 0 186
14:36:06 4 0 189
14:36:36 4 0 186
14:37:07 4 0 186
14:37:37 4 0 206
14:38:08 4 0 186
14:38:38 4 0 190
14:39:08 4 0 186
14:39:39 4 0 186
14:40:09 3 1 189
14:40:39 4 0 186
14:41:09 4 0 186
14:41:39 4 0 188
14:42:10 4 0 186
14:42:40 4 0 186
14:43:10 4 0 186
14:43:40 4 0 186
14:44:10 4 0 186
14:44:41 4 0 186
14:45:11 4 0 186
14:45:41 4 0 186
14:46:11 4 0 186
14:46:42 4 0 186
14:47:12 4 0 186
14:47:42 4 0 186
14:48:12 4 0 186
14:48:42 4 0 187
14:49:12 4 0 187
14:49:42 4 0 187
14:50:13 4 0 186
14:50:43 4 0 186
14:51:13 4 0 188
14:51:43 4 0 189
14:52:14 4 0 186
14:52:44 4 0 186
14:53:14 4 0 189
14:53:44 4 0 188
14:54:14 4 0 186
14:54:44 4 0 189
14:55:14 4 0 186
14:55:44 4 0 186
14:56:15 4 0 188
14:56:45 4 0 186
14:57:15 4 0 186
14:57:45 4 0 186
14:58:15 4 0 186
14:58:45 4 0 187
14:59:15 4 0 187
14:59:46 4 0 186
15:00:16 4 0 186
15:00:46 4 0 195
15:01:16 4 0 186
15:01:46 4 0 194
15:02:16 4 0 186
15:02:46 4 0 186
15:03:16 4 0 187
15:03:46 4 0 186
15:04:16 4 0 186
15:04:47 4 0 186
15:05:17 4 0 186
15:05:47 4 0 186
15:06:17 4 0 193
15:06:47 4 0 186
15:07:17 4 0 186
15:07:47 4 0 186
15:08:17 4 0 186
15:08:47 4 0 188
15:09:17 4 0 187
15:09:48 4 0 186
15:10:18 4 0 187
15:10:48 4 0 186
15:11:18 4 0 186
15:11:48 4 0 186
15:12:18 4 0 187
15:12:48 4 0 186
15:13:18 4 0 189
15:13:49 4 0 187
15:14:19 4 0 186
15:14:49 4 0 186
15:15:19 4 0 189
15:15:49 4 0 186
15:16:19 4 0 186
15:16:50 4 0 186
15:17:20 4 0 188
15:17:50 4 0 188
15:18:20 4 0 186
15:18:50 4 0 186
15:19:20 4 0 186
15:19:50 4 0 186
15:20:20 4 0 186
15:20:50 4 0 186
15:21:20 4 0 186
15:21:51 4 0 186
15:22:21 4 0 188
15:22:51 4 0 188
15:23:21 4 0 186
15:23:51 4 0 186
15:24:21 4 0 189
15:24:51 4 0 188
15:25:21 4 0 186
15:25:51 4 0 186
15:26:21 4 0 186
15:26:52 4 0 186
15:27:22 4 0 186
15:27:52 4 0 209
15:28:22 4 0 186
15:28:52 4 0 186
15:29:22 4 0 198
15:29:52 4 0 194
15:30:22 4 0 187
15:30:52 4 0 186
15:31:23 4 0 186
15:31:53 4 0 197
15:32:23 4 0 187
15:32:53 4 0 186
15:33:23 4 0 186
15:33:54 4 0 186
15:34:24 4 0 186
15:34:54 4 0 186
15:35:24 4 0 187
15:35:54 4 0 186
15:36:24 4 0 187
15:36:54 4 0 186
15:37:24 4 0 186
15:37:54 4 0 187
15:38:25 4 0 186
15:38:55 4 0 196
15:39:25 4 0 186
15:39:55 4 0 186
15:40:25 4 0 186
15:40:55 4 0 186
15:41:25 4 0 189
15:41:55 4 0 187
15:42:25 4 0 186
15:42:56 4 0 186
15:43:26 4 0 187
15:43:56 4 0 186
15:44:26 4 0 186
15:44:56 4 0 186
15:45:26 4 0 186
15:45:56 4 0 186
15:46:26 4 0 186
15:46:57 4 0 186
15:47:27 4 0 186
15:47:57 4 0 188
15:48:27 4 0 186
15:48:57 4 0 186
15:49:27 4 0 186
15:49:57 4 0 186
15:50:27 4 0 188
15:50:58 4 0 186
15:51:28 4 0 186
15:51:58 4 0 188
15:52:28 4 0 186
15:52:58 4 0 186
15:53:28 4 0 188
15:53:59 4 0 189
15:54:29 4 0 186
15:54:59 4 0 186
15:55:29 4 0 188
15:55:59 4 0 186
15:56:30 3 1 186
15:56:59 4 0 186
15:57:29 4 0 186
15:58:00 3 1 186
15:58:29 4 0 186
15:59:00 4 0 186
15:59:30 4 0 186
16:00:00 4 0 186
16:00:30 4 0 186
16:01:00 4 0 186
16:01:30 4 0 186
16:02:00 4 0 187
16:02:30 4 0 186
16:03:00 4 0 186
16:03:31 4 0 191
16:04:01 4 0 186
16:04:31 4 0 186
16:05:01 4 0 186
16:05:31 4 0 186
16:06:01 4 0 186
16:06:31 4 0 186
16:07:01 4 0 186
16:07:31 4 0 186
16:08:02 4 0 186
16:08:32 3 1 186
16:09:02 4 0 186
16:09:32 4 0 186
16:10:02 4 0 186
16:10:32 4 0 186
16:11:02 4 0 209
16:11:32 4 0 186
16:12:03 3 1 215
16:12:33 4 0 186
16:13:03 4 0 186
16:13:33 4 0 186
16:14:03 4 0 186
16:14:33 4 0 186
16:15:03 4 0 186
16:15:33 4 0 186
16:16:03 4 0 186
16:16:33 4 0 186
16:17:04 4 0 186
16:17:34 4 0 186
16:18:04 4 0 186
16:18:34 4 0 187
16:19:04 4 0 187
16:19:34 4 0 187
16:20:04 4 0 234
16:20:34 4 0 226
16:21:04 4 0 186
16:21:35 4 0 196
16:22:05 4 0 186
16:22:35 4 0 186
16:23:05 4 0 186
16:23:35 4 0 186
16:24:05 4 0 186
16:24:35 4 0 186
16:25:05 4 0 186
16:25:35 4 0 186
16:26:06 4 0 186
16:26:36 4 0 187
16:27:06 4 0 186
16:27:36 4 0 186
16:28:06 4 0 186
16:28:36 4 0 186
16:29:06 4 0 186
16:29:36 4 0 186
16:30:07 4 0 186
16:30:37 4 0 186
16:31:07 4 0 186
16:31:37 4 0 186
16:32:07 4 0 186
16:32:37 4 0 196
16:33:08 4 0 186
16:33:38 4 0 186
16:34:08 4 0 186
16:34:38 4 0 186
16:35:08 4 0 186
16:35:38 4 0 223
16:36:09 4 0 186
16:36:39 4 0 186
16:37:09 4 0 186
16:37:39 4 0 186
16:38:09 4 0 186
16:38:39 4 0 186
16:39:09 4 0 186
16:39:40 4 0 202
16:40:10 4 0 186
16:40:40 4 0 186
16:41:10 4 0 186
16:41:40 4 0 196
16:42:10 4 0 186
16:42:40 4 0 186
16:43:10 4 0 186
16:43:40 4 0 186
16:44:11 4 0 186
16:44:41 4 0 186
16:45:11 4 0 186
16:45:41 4 0 186
16:46:11 4 0 186
16:46:41 4 0 186
16:47:11 4 0 186
16:47:41 4 0 186
16:48:11 4 0 186
16:48:41 4 0 186
16:49:11 4 0 186
16:49:41 4 0 186
16:50:12 4 0 186
16:50:42 4 0 186
16:51:12 4 0 199
16:51:42 4 0 188
16:52:12 4 0 186
16:52:42 4 0 187
16:53:13 4 0 186
16:53:43 4 0 186
16:54:13 4 0 188
16:54:43 4 0 187
16:55:13 4 0 186
16:55:43 4 0 187
16:56:13 4 0 186
16:56:43 4 0 186
16:57:14 4 0 186
16:57:44 4 0 188
16:58:14 4 0 186
16:58:44 4 0 189
16:59:14 4 0 189
16:59:44 4 0 187
17:00:14 4 0 186
17:00:44 4 0 186
17:01:15 3 1 186
17:01:45 4 0 186
17:02:15 4 0 186
17:02:45 4 0 186
17:03:16 4 0 186
17:03:46 4 0 217
17:04:16 4 0 186
17:04:46 4 0 186
17:05:16 4 0 186
17:05:46 4 0 186
17:06:16 4 0 186
17:06:46 4 0 186
17:07:17 4 0 186
17:07:47 4 0 186
17:08:17 4 0 186
17:08:47 4 0 187
17:09:17 4 0 186
17:09:47 4 0 186
17:10:17 4 0 186
17:10:47 4 0 186
17:11:17 4 0 186
17:11:48 4 0 186
17:12:18 4 0 189
17:12:48 4 0 186
17:13:18 4 0 226
17:13:48 4 0 186
17:14:18 4 0 186
17:14:49 3 1 188
17:15:18 4 0 186
17:15:48 4 0 188
17:16:19 4 0 187
17:16:49 4 0 186
17:17:19 4 0 186
17:17:49 4 0 186
17:18:19 4 0 186
17:18:49 4 0 186
17:19:19 4 0 198
17:19:49 4 0 186
17:20:20 4 0 203
17:20:50 4 0 188
17:21:21 3 1 186
17:21:50 4 0 188
17:22:20 4 0 186
17:22:50 4 0 186
17:23:21 4 0 186
17:23:51 4 0 207
17:24:22 4 0 186
17:24:52 4 0 186
17:25:22 4 0 187
17:25:52 4 0 186
17:26:22 4 0 186
17:26:52 4 0 186
17:27:23 4 0 186
17:27:53 4 0 187
17:28:23 4 0 186
17:28:53 4 0 186
17:29:23 4 0 186
17:29:53 4 0 186
17:30:24 4 0 186
17:30:54 4 0 187
17:31:24 4 0 186
17:31:54 4 0 186
17:32:24 4 0 186
17:32:54 4 0 186
17:33:24 4 0 186
17:33:54 4 0 186
17:34:25 4 0 200
17:34:55 4 0 186
17:35:25 4 0 188
17:35:55 4 0 188
17:36:25 4 0 186
17:36:55 4 0 186
17:37:25 4 0 187
17:37:55 4 0 186
17:38:26 4 0 186
17:38:56 4 0 186
17:39:26 4 0 186
17:39:56 4 0 196
17:40:27 4 0 186
17:40:57 4 0 186
17:41:27 4 0 186
17:41:57 4 0 186
17:42:27 4 0 187
17:42:58 4 0 189
17:43:28 4 0 186
17:43:58 4 0 186
17:44:28 4 0 186
17:44:58 4 0 186
17:45:29 4 0 187
17:45:59 4 0 186
17:46:29 4 0 187
17:46:59 4 0 186
17:47:29 4 0 186
17:47:59 4 0 188
17:48:29 4 0 186
17:49:00 4 0 186
17:49:30 4 0 187
17:50:00 4 0 186
17:50:30 4 0 186
17:51:00 4 0 186
17:51:31 3 1 186
17:52:00 4 0 186
17:52:31 4 0 186
17:53:01 4 0 186
17:53:31 4 0 188
17:54:01 3 1 186
17:54:31 4 0 186
17:55:01 4 0 186
17:55:31 4 0 189
17:56:01 4 0 186
17:56:31 4 0 186
17:57:02 4 0 187
17:57:32 4 0 186
17:58:02 4 0 186
17:58:32 4 0 186
17:59:02 4 0 186
17:59:32 4 0 189
18:00:02 4 0 186
18:00:33 4 0 186
18:01:03 4 0 189
18:01:33 4 0 186
18:02:03 4 0 208
18:02:34 3 1 186
18:03:04 4 0 189
18:03:34 4 0 186
18:04:04 4 0 187
18:04:34 4 0 188
18:05:04 4 0 187
18:05:35 4 0 186
18:06:05 4 0 187
18:06:35 4 0 186
18:07:05 4 0 192
18:07:35 4 0 196
18:08:05 4 0 186
18:08:36 4 0 186
18:09:06 4 0 186
18:09:36 4 0 186
18:10:06 4 0 187
18:10:36 4 0 186
18:11:06 4 0 186
18:11:36 4 0 186
18:12:06 4 0 186
18:12:37 4 0 187
18:13:07 4 0 186
18:13:37 4 0 186
18:14:07 4 0 189
18:14:37 4 0 186
18:15:07 4 0 186
18:15:37 4 0 186
18:16:07 4 0 186
18:16:38 4 0 195
18:17:08 4 0 186
18:17:38 4 0 186
18:18:08 4 0 186
18:18:38 4 0 186
18:19:08 4 0 186
18:19:38 4 0 187
18:20:08 4 0 187
18:20:39 4 0 186
18:21:09 4 0 186
18:21:39 4 0 186
18:22:09 4 0 187
18:22:40 4 0 186
18:23:11 3 1 189
18:23:40 4 0 186
18:24:11 4 0 186
18:24:41 4 0 186
18:25:11 4 0 186
18:25:41 4 0 186
18:26:11 4 0 186
18:26:41 4 0 186
18:27:11 4 0 186
18:27:42 4 0 186
18:28:12 4 0 186
18:28:42 4 0 186
18:29:12 4 0 186
18:29:42 4 0 186
18:30:12 4 0 186
18:30:43 4 0 186
18:31:13 4 0 200
18:31:43 4 0 186
18:32:13 4 0 186
18:32:44 4 0 186
18:33:14 4 0 186
18:33:44 4 0 186
18:34:15 4 0 186
18:34:45 4 0 186
18:35:15 4 0 186
18:35:45 4 0 188
18:36:15 4 0 186
18:36:45 4 0 186
18:37:15 4 0 186
18:37:46 4 0 186
18:38:16 4 0 186
18:38:46 4 0 186
18:39:16 4 0 187
18:39:46 4 0 186
18:40:16 4 0 186
18:40:46 4 0 187
18:41:16 4 0 186
18:41:47 4 0 186
18:42:17 4 0 186
18:42:47 4 0 186
18:43:17 4 0 186
18:43:47 4 0 191
18:44:17 4 0 186
18:44:47 4 0 187
18:45:17 4 0 186
18:45:47 4 0 186
18:46:17 4 0 186
18:46:48 4 0 186
18:47:18 4 0 186
18:47:48 4 0 186
18:48:18 4 0 208
18:48:48 4 0 186
18:49:18 4 0 186
18:49:48 4 0 186
18:50:18 4 0 186
18:50:49 4 0 186
18:51:19 4 0 186
18:51:49 4 0 186
18:52:19 4 0 187
18:52:49 4 0 186
18:53:19 4 0 186
18:53:50 4 0 186
18:54:20 4 0 186
18:54:50 4 0 188
18:55:21 4 0 186
18:55:51 4 0 209
18:56:21 4 0 186
18:56:51 4 0 188
18:57:21 4 0 188
18:57:51 4 0 186
18:58:21 4 0 186
18:58:51 4 0 186
18:59:21 4 0 188
18:59:52 4 0 186
19:00:22 4 0 188
19:00:52 4 0 186
19:01:22 4 0 187
19:01:52 4 0 186
19:02:22 4 0 186
19:02:52 4 0 187
19:03:22 4 0 187
19:03:53 4 0 186
19:04:23 4 0 187
19:04:53 4 0 186
19:05:23 4 0 187
19:05:53 4 0 189
19:06:23 4 0 186
19:06:53 4 0 188
19:07:23 4 0 186
19:07:53 4 0 188
19:08:23 4 0 186
19:08:54 4 0 186
19:09:24 4 0 187
19:09:54 4 0 186
19:10:24 4 0 186
19:10:54 4 0 186
19:11:24 4 0 186
19:11:54 4 0 216
19:12:24 4 0 186
19:12:55 4 0 186
19:13:25 4 0 186
19:13:55 4 0 186
19:14:25 4 0 186
19:14:55 4 0 186
19:15:25 4 0 186
19:15:55 4 0 186
19:16:25 4 0 187
19:16:55 4 0 186
19:17:25 4 0 186
19:17:56 4 0 187
19:18:26 4 0 186
19:18:56 4 0 186
19:19:26 4 0 186
19:19:56 4 0 186
19:20:26 4 0 186
19:20:56 4 0 186
19:21:26 4 0 186
19:21:57 4 0 186
19:22:27 4 0 186
19:22:57 4 0 188
19:23:27 4 0 186
19:23:57 4 0 186
19:24:27 4 0 186
19:24:57 4 0 186
19:25:27 4 0 186
19:25:57 4 0 186
19:26:27 4 0 186
19:26:58 4 0 186
19:27:28 4 0 186
19:27:58 4 0 186
19:28:28 4 0 186
19:28:58 4 0 186
19:29:28 4 0 186
19:29:58 4 0 188
19:30:28 4 0 186
19:30:58 4 0 186
19:31:28 4 0 186
19:31:59 4 0 186
19:32:29 4 0 188
19:32:59 4 0 186
19:33:29 4 0 186
19:34:00 4 0 186
19:34:30 4 0 186
19:35:00 4 0 186
19:35:30 4 0 186
19:36:00 4 0 203
19:36:30 4 0 186
19:37:00 4 0 186
19:37:30 4 0 186
19:38:00 4 0 186
19:38:30 4 0 186
19:39:01 4 0 186
19:39:31 3 1 186
19:40:01 4 0 204
19:40:31 4 0 186
19:41:01 4 0 186
19:41:31 4 0 186
19:42:01 4 0 186
19:42:31 4 0 199
19:43:02 4 0 186
19:43:32 4 0 188
19:44:02 4 0 186
19:44:32 4 0 186
19:45:02 4 0 186
19:45:32 4 0 186
19:46:02 4 0 186
19:46:32 4 0 186
19:47:02 4 0 186
19:47:32 4 0 186
19:48:03 4 0 186
19:48:33 4 0 189
19:49:03 4 0 186
19:49:33 4 0 186
19:50:03 4 0 186
19:50:33 4 0 186
19:51:03 4 0 189
19:51:33 4 0 186
19:52:03 4 0 186
19:52:33 4 0 186
19:53:04 4 0 188
19:53:34 4 0 186
19:54:04 4 0 186
19:54:34 4 0 186
19:55:04 4 0 186
19:55:34 4 0 188
19:56:04 4 0 186
19:56:34 4 0 186
19:57:05 4 0 186
19:57:35 4 0 186
19:58:05 4 0 187
19:58:35 4 0 186
19:59:05 4 0 186
19:59:35 4 0 186
20:00:05 4 0 186
20:00:35 4 0 186
20:01:05 4 0 186
20:01:35 4 0 186
20:02:06 4 0 186
20:02:36 4 0 186
20:03:06 4 0 186
20:03:36 4 0 186
20:04:06 4 0 187
20:04:36 4 0 187
20:05:06 4 0 186
20:05:36 4 0 186
20:06:06 4 0 186
20:06:36 4 0 188
20:07:07 4 0 186
20:07:37 4 0 186
20:08:07 4 0 186
20:08:37 4 0 186
20:09:07 4 0 186
20:09:37 4 0 186
20:10:07 4 0 186
20:10:37 4 0 186
20:11:07 4 0 188
20:11:37 4 0 188
20:12:08 4 0 186
20:12:38 4 0 186
20:13:08 4 0 189
20:13:38 4 0 186
20:14:08 4 0 186
20:14:38 4 0 186
20:15:08 4 0 189
20:15:38 4 0 217
20:16:08 4 0 186
20:16:39 3 1 186
20:17:09 4 0 186
20:17:39 4 0 186
20:18:09 4 0 188
20:18:39 4 0 186
20:19:09 4 0 186
20:19:39 4 0 186
20:20:09 4 0 187
20:20:39 4 0 188
20:21:09 4 0 188
20:21:40 4 0 186
20:22:10 4 0 187
20:22:40 4 0 189
20:23:10 4 0 187
20:23:40 4 0 186
20:24:10 4 0 188
20:24:40 4 0 186
20:25:10 4 0 188
20:25:41 4 0 186
20:26:11 4 0 186
20:26:41 4 0 187
20:27:11 4 0 186
20:27:41 4 0 186
20:28:11 4 0 186
20:28:41 4 0 186
20:29:11 4 0 186
20:29:41 4 0 186
20:30:12 4 0 186
20:30:42 4 0 186
20:31:12 4 0 186
20:31:42 4 0 186
20:32:12 4 0 186
20:32:42 4 0 189
20:33:12 4 0 186
20:33:42 4 0 188
20:34:12 4 0 186
20:34:43 4 0 186
20:35:13 4 0 186
20:35:43 4 0 189
20:36:13 4 0 186
20:36:43 4 0 186
20:37:13 4 0 186
20:37:43 4 0 188
20:38:14 3 1 186
20:38:43 4 0 186
20:39:14 4 0 187
20:39:44 4 0 186
20:40:14 4 0 186
20:40:44 4 0 186
20:41:14 4 0 186
20:41:44 4 0 186
20:42:14 4 0 186
20:42:44 4 0 186
20:43:14 4 0 186
20:43:44 4 0 186
20:44:14 4 0 186
20:44:45 4 0 186
20:45:15 4 0 186
20:45:45 4 0 186
20:46:15 4 0 186
20:46:45 4 0 186
20:47:15 4 0 186
20:47:45 4 0 186
20:48:15 4 0 186
20:48:46 4 0 186
20:49:16 4 0 189
20:49:46 4 0 186
20:50:16 4 0 186
20:50:46 4 0 186
20:51:16 4 0 190
20:51:46 4 0 186
20:52:16 4 0 186
20:52:46 4 0 186
20:53:16 4 0 187
20:53:46 4 0 187
20:54:17 4 0 186
20:54:47 4 0 186
20:55:17 4 0 208
20:55:47 4 0 186
20:56:17 4 0 186
20:56:47 4 0 186
20:57:17 4 0 186
20:57:47 4 0 186
20:58:17 4 0 188
20:58:48 4 0 186
20:59:18 4 0 186
20:59:48 4 0 188
21:00:18 4 0 186
21:00:48 4 0 186
21:01:18 4 0 186
21:01:48 4 0 186
21:02:18 4 0 186
21:02:48 4 0 186
21:03:19 4 0 186
21:03:49 4 0 219
21:04:19 4 0 186
21:04:49 4 0 186
21:05:19 4 0 186
21:05:49 4 0 186
21:06:19 4 0 186
21:06:50 4 0 186
21:07:21 3 1 186
21:07:50 4 0 186
21:08:21 4 0 187
21:08:51 4 0 186
21:09:21 4 0 186
21:09:51 4 0 186
21:10:21 4 0 186
21:10:51 4 0 187
21:11:21 4 0 186
21:11:51 4 0 188
21:12:21 4 0 186
21:12:51 4 0 188
21:13:22 4 0 186
21:13:52 4 0 186
21:14:22 4 0 187
21:14:52 4 0 187
21:15:22 4 0 186
21:15:52 4 0 186
21:16:22 4 0 187
21:16:52 4 0 186
21:17:22 4 0 186
21:17:52 4 0 187
21:18:23 4 0 188
21:18:53 4 0 186
21:19:23 4 0 188
21:19:53 4 0 186
21:20:23 4 0 186
21:20:53 4 0 186
21:21:24 4 0 186
21:21:54 4 0 188
21:22:24 4 0 188
21:22:54 4 0 189
21:23:24 4 0 186
21:23:54 4 0 186
21:24:24 4 0 186
21:24:54 4 0 189
21:25:25 3 1 189
21:25:54 4 0 186
21:26:25 4 0 186
21:26:55 4 0 189
21:27:26 4 0 206
21:27:56 4 0 186
21:28:26 4 0 187
21:28:56 4 0 189
21:29:26 4 0 199
21:29:56 4 0 186
21:30:27 4 0 186
21:30:57 4 0 186
21:31:27 4 0 186
21:31:57 4 0 186
21:32:27 4 0 187
21:32:57 4 0 186
21:33:27 4 0 189
21:33:57 4 0 195
21:34:27 4 0 186
21:34:58 4 0 186
21:35:28 4 0 186
21:35:58 4 0 188
21:36:28 4 0 186
21:36:58 4 0 186
21:37:28 4 0 186
21:37:58 4 0 186
21:38:28 4 0 187
21:38:58 4 0 186
21:39:29 4 0 186
21:39:59 4 0 186
21:40:29 4 0 186
21:40:59 4 0 186
21:41:29 4 0 186
21:41:59 4 0 186
21:42:29 4 0 187
21:42:59 4 0 186
21:43:29 4 0 186
21:44:00 4 0 186
21:44:30 4 0 188
21:45:00 4 0 196
21:45:30 4 0 186
21:46:00 4 0 186
21:46:30 4 0 186
21:47:00 4 0 186
21:47:31 4 0 186
21:48:01 4 0 189
21:48:31 4 0 187
21:49:01 4 0 186
21:49:31 4 0 186
21:50:01 4 0 186
21:50:31 4 0 186
21:51:01 4 0 186
21:51:31 4 0 186
21:52:01 4 0 186
21:52:32 4 0 186
21:53:02 4 0 186
21:53:32 4 0 186
21:54:02 4 0 186
21:54:32 4 0 186
21:55:02 4 0 186
21:55:32 4 0 186
21:56:02 4 0 188
21:56:33 4 0 186
21:57:03 4 0 186
21:57:33 4 0 186
21:58:03 4 0 187
21:58:33 4 0 186
21:59:03 4 0 186
21:59:33 4 0 186
22:00:03 4 0 187
22:00:34 4 0 186
22:01:04 4 0 186
22:01:34 4 0 187
22:02:04 4 0 211
22:02:34 4 0 186
22:03:04 4 0 186
22:03:34 4 0 186
22:04:04 4 0 186
22:04:35 4 0 188
22:05:06 3 1 188
22:05:35 4 0 186
22:06:05 4 0 186
22:06:36 4 0 186
22:07:06 4 0 186
22:07:36 4 0 186
22:08:06 4 0 186
22:08:37 4 0 188
22:09:07 4 0 186
22:09:37 4 0 186
22:10:07 4 0 186
22:10:37 4 0 186
22:11:07 4 0 186
22:11:37 4 0 186
22:12:07 4 0 188
22:12:38 4 0 187
22:13:08 4 0 186
22:13:38 4 0 186
22:14:08 4 0 186
22:14:38 4 0 188
22:15:08 4 0 187
22:15:38 4 0 186
22:16:08 4 0 186
22:16:39 4 0 187
22:17:09 4 0 187
22:17:39 4 0 186
22:18:09 4 0 186
22:18:39 4 0 188
22:19:09 4 0 186
22:19:39 4 0 186
22:20:09 4 0 186
22:20:40 4 0 186
22:21:10 4 0 188
22:21:40 4 0 186
22:22:10 4 0 198
22:22:40 4 0 188
22:23:10 4 0 186
22:23:40 4 0 186
22:24:10 4 0 186
22:24:41 4 0 187
22:25:11 4 0 186
22:25:41 4 0 186
22:26:11 4 0 186
22:26:41 4 0 186
22:27:11 4 0 188
22:27:41 4 0 187
22:28:11 4 0 187
22:28:42 4 0 186
22:29:12 4 0 188
22:29:42 4 0 186
22:30:12 4 0 196
22:30:42 4 0 186
22:31:12 4 0 187
22:31:42 4 0 188
22:32:12 4 0 186
22:32:43 4 0 188
22:33:13 4 0 189
22:33:43 4 0 193
22:34:13 4 0 186
22:34:43 4 0 187
22:35:13 4 0 186
22:35:43 4 0 186
22:36:13 4 0 186
22:36:44 4 0 217
22:37:14 4 0 187
22:37:44 4 0 186
22:38:14 4 0 187
22:38:44 4 0 186
22:39:14 4 0 186
22:39:45 4 0 188
22:40:15 4 0 186
22:40:45 4 0 188
22:41:15 4 0 216
22:41:45 4 0 186
22:42:15 4 0 192
22:42:45 4 0 186
22:43:15 4 0 187
22:43:46 4 0 186
22:44:16 4 0 186
22:44:46 4 0 189
22:45:16 4 0 189
22:45:46 4 0 188
22:46:16 4 0 186
22:46:46 4 0 187
22:47:16 4 0 186
22:47:47 4 0 186
22:48:17 4 0 188
22:48:47 4 0 186
22:49:17 4 0 187
22:49:47 4 0 186
22:50:17 4 0 186
22:50:47 4 0 186
22:51:17 4 0 186
22:51:48 4 0 186
22:52:18 4 0 186
22:52:48 4 0 186
22:53:18 4 0 186
22:53:48 4 0 186
22:54:18 4 0 186
22:54:48 4 0 218
22:55:18 4 0 186
22:55:49 4 0 186
22:56:19 4 0 186
22:56:49 4 0 189
22:57:19 4 0 188
22:57:49 4 0 186
22:58:19 4 0 187
22:58:49 4 0 186
22:59:19 4 0 189
22:59:50 4 0 186
23:00:20 4 0 187
23:00:50 4 0 186
23:01:20 4 0 186
23:01:50 4 0 186
23:02:20 4 0 188
23:02:50 4 0 187
23:03:20 4 0 186
23:03:51 4 0 187
23:04:21 4 0 188
23:04:51 4 0 186
23:05:21 4 0 186
23:05:51 4 0 186
23:06:21 4 0 186
23:06:51 4 0 186
23:07:21 4 0 186
23:07:53 3 1 244
23:08:22 4 0 186
23:08:52 4 0 186
23:09:22 4 0 186
23:09:52 4 0 186
23:10:22 4 0 186
23:10:52 4 0 186
23:11:22 4 0 186
23:11:53 4 0 186
23:12:23 4 0 186
23:12:53 4 0 186
23:13:23 4 0 186
23:13:53 4 0 186
23:14:23 4 0 186
23:14:53 4 0 186
23:15:23 4 0 186
23:15:54 4 0 188
23:16:24 4 0 186
23:16:54 4 0 209
23:17:24 4 0 186
23:17:54 4 0 186
23:18:24 4 0 186
23:18:54 4 0 186
23:19:24 4 0 189
23:19:55 4 0 186
23:20:25 4 0 186
23:20:55 4 0 186
23:21:25 4 0 186
23:21:55 4 0 186
23:22:25 4 0 186
23:22:56 3 1 188
23:23:26 4 0 186
23:23:56 4 0 186
23:24:26 4 0 186
23:24:56 4 0 186
23:25:26 4 0 186
23:25:56 4 0 186
23:26:26 4 0 186
23:26:57 4 0 186
23:27:27 4 0 186
23:27:57 4 0 187
23:28:27 4 0 188
23:28:57 4 0 189
23:29:27 4 0 186
23:29:57 4 0 188
23:30:27 4 0 186
23:30:58 4 0 186
23:31:28 4 0 186
23:31:58 4 0 186
23:32:28 4 0 196
23:32:58 4 0 186
23:33:28 4 0 187
23:33:59 4 0 189
23:34:29 4 0 187
23:34:59 4 0 186
23:35:29 4 0 186
23:35:59 4 0 189
23:36:29 4 0 186
23:36:59 4 0 186
23:37:29 4 0 186
23:38:00 4 0 186
23:38:30 4 0 186
23:39:00 4 0 186
23:39:30 4 0 186
23:40:00 4 0 186
23:40:30 4 0 186
23:41:00 4 0 189
23:41:30 4 0 196
23:42:01 4 0 186
23:42:31 4 0 186
23:43:01 4 0 186
23:43:31 4 0 186
23:44:02 4 0 186
23:44:32 4 0 186
23:45:02 4 0 186
23:45:32 4 0 190
23:46:02 4 0 187
23:46:32 4 0 186
23:47:03 4 0 186
23:47:33 4 0 186
23:48:03 4 0 188
23:48:34 4 0 186
23:49:04 4 0 187
23:49:34 4 0 186
23:50:05 4 0 186
23:50:35 4 0 186
23:51:06 4 0 187
23:51:36 4 0 186
23:52:06 4 0 186
23:52:37 4 0 186
23:53:07 4 0 186
23:53:37 4 0 186
23:54:08 4 0 187
23:54:38 4 0 186
23:55:08 4 0 186
23:55:39 4 0 186
23:56:10 4 0 187
23:56:40 4 0 186
23:57:11 4 0 186
23:57:42 4 0 186
23:58:12 4 0 186
23:58:42 4 0 186
23:59:13 4 0 186
23:59:46 3 1 188
