00:00:28 4 0 152
00:00:39 4 0 151
00:01:34 4 0 151
00:02:12 4 0 152
00:02:34 4 0 152
00:02:55 4 0 151
00:03:24 4 0 152
00:03:45 4 0 151
00:04:18 4 0 151
00:04:48 4 0 151
00:05:19 4 0 151
00:05:57 4 0 151
00:06:22 4 0 151
00:06:53 4 0 151
00:07:28 4 0 152
00:07:55 4 0 151
00:08:24 4 0 161
02:00:06 4 0 153
02:00:36 4 0 153
02:01:07 3 1 152
02:01:38 3 1 153
02:02:08 3 1 153
02:02:37 4 0 153
02:03:07 4 0 152
02:03:37 4 0 155
02:04:08 4 0 150
02:04:38 4 0 152
02:05:08 4 0 155
02:05:38 4 0 155
02:06:09 4 0 154
02:06:39 4 0 153
02:07:09 4 0 150
02:07:39 4 0 152
02:08:09 4 0 152
02:08:40 4 0 153
02:09:10 4 0 152
02:09:40 4 0 151
02:10:10 4 0 156
02:10:40 4 0 153
02:11:11 4 0 152
02:11:41 4 0 155
02:12:12 3 1 152
02:12:41 4 0 150
02:13:11 4 0 153
02:13:42 4 0 153
02:14:12 4 0 152
02:14:46 0 4 -1
02:15:15 1 3 581
02:15:42 4 0 150
02:16:13 4 0 153
02:16:43 4 0 152
02:17:13 4 0 152
02:17:43 4 0 152
02:18:13 4 0 151
02:18:44 4 0 152
02:19:14 4 0 152
02:19:44 4 0 152
02:20:15 4 0 153
02:20:45 4 0 153
02:21:15 4 0 151
02:21:46 3 1 156
02:22:15 4 0 155
02:22:45 4 0 153
02:23:16 4 0 152
02:23:46 4 0 152
02:24:16 4 0 150
02:24:46 4 0 152
02:25:17 4 0 151
02:25:47 4 0 153
02:26:17 4 0 152
02:26:47 4 0 150
02:27:17 4 0 150
02:27:48 4 0 152
02:28:18 4 0 151
02:28:48 4 0 153
02:29:18 4 0 152
02:29:49 4 0 151
02:30:19 4 0 152
02:30:50 3 1 154
02:31:19 4 0 152
02:31:49 4 0 152
02:32:19 4 0 152
02:32:50 4 0 150
02:33:20 4 0 152
02:33:50 4 0 153
02:34:20 4 0 153
02:34:51 4 0 153
02:35:21 4 0 153
02:35:51 4 0 150
02:36:21 4 0 152
02:36:51 4 0 150
02:37:21 4 0 152
02:37:52 4 0 150
02:38:23 3 1 150
02:38:52 4 0 150
02:39:22 4 0 151
02:39:53 3 1 154
02:40:23 4 0 151
02:40:53 4 0 151
02:41:23 4 0 150
02:41:53 4 0 152
02:42:24 3 1 155
02:42:54 4 0 150
02:43:24 4 0 150
02:43:54 4 0 150
02:44:24 4 0 151
02:44:54 4 0 150
02:45:25 4 0 150
02:45:55 4 0 152
02:46:25 4 0 153
02:46:55 4 0 152
02:47:27 2 2 155
02:47:56 4 0 150
02:48:26 4 0 173
02:48:56 4 0 152
02:49:26 4 0 151
02:49:56 4 0 150
02:50:27 4 0 154
02:50:57 4 0 150
02:51:27 4 0 152
02:52:00 2 2 550
02:52:30 1 3 565
02:52:58 4 0 151
02:53:28 4 0 150
02:53:58 4 0 150
02:54:29 3 1 156
02:54:58 4 0 155
02:55:29 4 0 152
02:55:59 4 0 157
02:56:29 4 0 153
02:56:59 4 0 150
02:57:30 3 1 159
02:58:00 4 0 150
02:58:30 4 0 151
02:59:00 4 0 151
02:59:30 4 0 151
03:00:00 4 0 150
03:00:31 4 0 152
03:01:01 4 0 150
03:01:31 4 0 150
03:02:01 4 0 151
03:02:31 4 0 150
03:03:02 4 0 150
03:03:32 4 0 150
03:04:02 4 0 149
03:04:32 4 0 151
03:05:02 4 0 150
03:05:33 4 0 150
03:06:03 4 0 159
03:06:33 4 0 150
03:07:04 4 0 150
03:07:34 4 0 150
03:08:05 4 0 150
03:08:35 4 0 151
03:09:05 4 0 150
03:09:35 4 0 149
03:10:06 4 0 149
03:10:36 4 0 153
03:11:07 3 1 150
03:11:36 4 0 152
03:12:06 4 0 150
03:12:36 4 0 150
03:13:08 3 1 157
03:13:37 4 0 150
03:14:07 4 0 150
03:14:37 4 0 151
03:15:08 3 1 153
03:15:37 4 0 149
03:16:08 4 0 151
03:16:38 4 0 149
03:17:08 4 0 150
03:17:38 4 0 156
03:18:09 4 0 149
03:18:39 4 0 150
03:19:09 4 0 150
03:19:39 4 0 152
03:20:09 4 0 150
03:20:39 4 0 151
03:21:10 4 0 149
03:21:40 4 0 150
03:22:10 4 0 150
03:22:40 4 0 149
03:23:10 4 0 150
03:23:40 4 0 149
03:24:10 4 0 150
03:24:41 4 0 152
03:25:11 4 0 153
03:25:41 4 0 150
03:26:11 4 0 151
03:26:41 4 0 151
03:27:11 4 0 150
03:27:42 4 0 150
03:28:12 4 0 151
03:28:42 4 0 150
03:29:12 4 0 152
03:29:42 4 0 150
03:30:12 4 0 150
03:30:43 4 0 150
03:31:13 4 0 150
03:31:43 4 0 152
03:32:13 4 0 150
03:32:43 4 0 151
03:33:13 4 0 151
03:33:44 4 0 150
03:34:14 4 0 150
03:34:44 4 0 149
03:35:14 4 0 149
03:35:44 4 0 153
03:36:14 4 0 150
03:36:45 4 0 151
03:37:15 4 0 150
03:37:45 4 0 149
03:38:15 4 0 150
03:38:45 4 0 152
03:39:16 4 0 150
03:39:46 4 0 152
03:40:16 4 0 151
03:40:47 3 1 152
03:41:16 4 0 150
03:41:46 4 0 150
03:42:17 4 0 149
03:42:47 4 0 149
03:43:17 4 0 149
03:43:47 4 0 149
03:44:17 4 0 150
03:44:48 4 0 150
03:45:18 4 0 150
03:45:48 4 0 150
03:46:18 4 0 150
03:46:48 4 0 150
03:47:18 4 0 150
03:47:48 4 0 150
03:48:19 4 0 151
03:48:49 4 0 150
03:49:19 4 0 149
03:49:49 4 0 151
03:50:19 4 0 149
03:50:50 4 0 150
03:51:20 4 0 151
03:51:50 4 0 150
03:52:20 4 0 149
03:52:50 4 0 150
03:53:20 4 0 149
03:53:51 4 0 150
03:54:21 4 0 150
03:54:51 4 0 150
03:55:21 4 0 150
03:55:51 4 0 150
03:56:21 4 0 149
03:56:52 4 0 149
03:57:22 4 0 149
03:57:52 4 0 150
03:58:22 4 0 152
03:58:52 4 0 150
03:59:22 4 0 149
03:59:53 4 0 150
04:00:23 4 0 150
04:00:53 4 0 151
04:01:23 4 0 150
04:01:53 4 0 152
04:02:23 4 0 152
04:02:53 4 0 151
04:03:24 4 0 151
04:03:54 4 0 149
04:04:24 4 0 150
04:04:54 4 0 152
04:05:25 4 0 149
04:05:55 4 0 150
04:06:25 4 0 150
04:06:55 4 0 149
04:07:25 4 0 149
04:07:55 4 0 149
04:08:25 4 0 149
04:08:56 4 0 149
04:09:26 4 0 150
04:09:56 4 0 150
04:10:26 4 0 150
04:10:56 4 0 150
04:11:26 4 0 149
04:11:57 4 0 150
04:12:27 4 0 150
04:12:57 4 0 150
04:13:27 4 0 150
04:13:57 4 0 153
04:14:28 4 0 150
04:14:58 4 0 150
04:15:28 4 0 150
04:15:58 4 0 149
04:16:28 4 0 149
04:16:58 4 0 149
04:17:28 4 0 149
04:17:59 4 0 149
04:18:29 4 0 152
04:18:59 4 0 150
04:19:29 4 0 150
04:19:59 4 0 149
04:20:30 4 0 150
04:21:01 3 1 155
04:21:30 4 0 149
04:22:00 4 0 150
04:22:30 4 0 150
04:23:00 4 0 149
04:23:30 4 0 156
04:24:01 4 0 149
04:24:31 4 0 150
04:25:01 4 0 150
04:25:31 4 0 149
04:26:01 4 0 152
04:26:32 4 0 151
04:27:02 4 0 151
04:27:32 4 0 151
04:28:02 4 0 151
04:28:32 4 0 151
04:29:02 4 0 151
04:29:33 4 0 151
04:30:03 4 0 151
04:30:33 4 0 151
04:31:03 4 0 152
04:31:33 4 0 151
04:32:03 4 0 151
04:32:34 4 0 151
04:33:04 4 0 151
04:33:34 4 0 151
04:34:04 4 0 151
04:34:34 4 0 151
04:35:04 4 0 151
04:35:35 4 0 151
04:36:05 4 0 151
04:36:35 4 0 151
04:37:05 4 0 151
04:37:35 4 0 151
04:38:06 4 0 151
04:38:36 4 0 151
04:39:06 4 0 151
04:39:36 4 0 151
04:40:06 4 0 151
04:40:37 4 0 151
04:41:07 4 0 151
04:41:37 4 0 151
04:42:07 4 0 151
04:42:37 4 0 151
04:43:08 4 0 151
04:43:38 4 0 151
04:44:08 4 0 151
04:44:38 4 0 151
04:45:08 4 0 151
04:45:38 4 0 151
04:46:08 4 0 151
04:46:39 4 0 151
04:47:09 4 0 151
04:47:39 4 0 151
04:48:09 4 0 151
04:48:39 4 0 151
04:49:10 4 0 151
04:49:40 4 0 151
04:50:10 4 0 151
04:50:40 4 0 151
04:51:10 4 0 151
04:51:40 4 0 151
04:52:10 4 0 151
04:52:41 4 0 151
04:53:11 4 0 155
04:53:41 4 0 151
04:54:11 4 0 151
04:54:41 4 0 151
04:55:11 4 0 151
04:55:42 4 0 151
04:56:12 4 0 151
04:56:42 4 0 151
04:57:12 4 0 151
04:57:42 4 0 151
04:58:13 4 0 160
04:58:43 4 0 151
04:59:13 4 0 153
04:59:43 4 0 151
05:00:13 4 0 151
05:00:43 4 0 151
05:01:14 4 0 151
05:01:44 4 0 151
05:02:14 4 0 151
05:02:44 4 0 151
05:03:14 4 0 151
05:03:44 4 0 151
05:04:15 4 0 151
05:04:45 4 0 151
05:05:15 4 0 151
05:05:45 4 0 151
05:06:15 4 0 151
05:06:45 4 0 151
05:07:16 4 0 151
05:07:46 4 0 151
05:08:16 4 0 151
05:08:46 4 0 151
05:09:16 4 0 151
05:09:47 4 0 151
05:10:17 4 0 151
05:10:47 4 0 151
05:11:17 4 0 151
05:11:47 4 0 151
05:12:17 4 0 151
05:12:48 4 0 151
05:13:18 4 0 151
05:13:48 4 0 151
05:14:18 4 0 151
05:14:48 4 0 151
05:15:18 4 0 151
05:15:49 4 0 159
05:16:19 4 0 151
05:16:49 4 0 151
05:17:19 4 0 151
05:17:49 4 0 151
05:18:20 4 0 152
05:18:50 4 0 151
05:19:20 4 0 151
05:19:50 4 0 151
05:20:20 4 0 151
05:20:51 4 0 151
05:21:21 4 0 151
05:21:51 4 0 151
05:22:21 4 0 152
05:22:51 4 0 151
05:23:21 4 0 151
05:23:52 4 0 151
05:24:22 4 0 151
05:24:52 4 0 151
05:25:22 4 0 151
05:25:52 4 0 151
05:26:22 4 0 151
05:26:53 4 0 151
05:27:23 4 0 151
05:27:53 4 0 151
05:28:23 4 0 151
05:28:53 4 0 151
05:29:23 4 0 151
05:29:54 4 0 151
05:30:24 4 0 153
05:30:54 4 0 151
05:31:24 4 0 151
05:31:54 4 0 151
05:32:24 4 0 151
05:32:55 4 0 151
05:33:25 4 0 151
05:33:55 4 0 151
05:34:25 4 0 151
05:34:55 4 0 151
05:35:25 4 0 154
05:35:56 4 0 151
05:36:26 4 0 151
05:36:56 4 0 151
05:37:26 4 0 151
05:37:56 4 0 151
05:38:26 4 0 151
05:38:57 4 0 151
05:39:27 4 0 151
05:39:57 4 0 151
05:40:27 4 0 151
05:40:57 4 0 151
05:41:28 4 0 151
05:41:58 4 0 151
05:42:28 4 0 151
05:42:58 4 0 151
05:43:28 4 0 151
05:43:58 4 0 151
05:44:28 4 0 151
05:44:59 4 0 151
05:45:29 4 0 151
05:45:59 4 0 151
05:46:29 4 0 151
05:46:59 4 0 151
05:47:30 4 0 155
05:48:00 4 0 151
05:48:30 4 0 151
05:49:00 4 0 151
05:49:30 4 0 151
05:50:00 4 0 158
05:50:30 4 0 151
05:51:01 4 0 151
05:51:31 4 0 151
05:52:01 4 0 151
05:52:31 4 0 151
05:53:01 4 0 151
05:53:32 4 0 151
05:54:02 4 0 151
05:54:32 4 0 151
05:55:02 4 0 151
05:55:32 4 0 151
05:56:03 4 0 151
05:56:33 4 0 151
05:57:03 4 0 151
05:57:33 4 0 151
05:58:03 4 0 151
05:58:33 4 0 151
05:59:04 4 0 151
05:59:34 4 0 151
06:00:04 4 0 151
06:00:34 4 0 151
06:01:04 4 0 151
06:01:35 4 0 151
06:02:05 4 0 151
06:02:35 4 0 152
06:03:05 4 0 151
06:03:35 4 0 151
06:04:06 4 0 151
06:04:36 4 0 151
06:05:06 4 0 151
06:05:36 4 0 151
06:06:06 4 0 151
06:06:37 4 0 151
06:07:07 4 0 151
06:07:37 4 0 151
06:08:07 4 0 151
06:08:37 4 0 151
06:09:08 4 0 151
06:09:38 4 0 151
06:10:08 4 0 151
06:10:38 4 0 151
06:11:08 4 0 151
06:11:39 4 0 151
06:12:09 4 0 151
06:12:39 4 0 151
06:13:09 4 0 151
06:13:39 4 0 151
06:14:09 4 0 151
06:14:40 4 0 161
06:15:10 4 0 151
06:15:40 4 0 151
06:16:10 4 0 151
06:16:40 4 0 151
06:17:10 4 0 151
06:17:41 4 0 151
06:18:11 4 0 151
06:18:41 4 0 179
06:19:11 4 0 151
06:19:41 4 0 153
06:20:11 4 0 151
06:20:42 4 0 151
06:21:12 4 0 151
06:21:42 4 0 151
06:22:12 4 0 151
06:22:42 4 0 151
06:23:13 4 0 151
06:23:43 4 0 151
06:24:13 4 0 151
06:24:43 4 0 151
06:25:13 4 0 151
06:25:43 4 0 151
06:26:14 4 0 151
06:26:44 4 0 151
06:27:14 4 0 151
06:27:44 4 0 152
06:28:14 4 0 151
06:28:45 4 0 173
06:29:15 4 0 151
06:29:45 4 0 151
06:30:15 4 0 151
06:30:45 4 0 151
06:31:15 4 0 151
06:31:45 4 0 151
06:32:16 4 0 151
06:32:46 4 0 151
06:33:16 4 0 151
06:33:46 4 0 151
06:34:16 4 0 151
06:34:46 4 0 151
06:35:17 4 0 151
06:35:47 4 0 154
06:36:17 4 0 151
06:36:47 4 0 151
06:37:17 4 0 151
06:37:47 4 0 151
06:38:18 4 0 151
06:38:48 4 0 151
06:39:18 4 0 151
06:39:48 4 0 151
06:40:18 4 0 151
06:40:49 4 0 151
06:41:19 4 0 151
06:41:49 4 0 151
06:42:19 4 0 151
06:42:49 4 0 151
06:43:19 4 0 151
06:43:50 4 0 151
06:44:20 4 0 151
06:44:50 4 0 151
06:45:20 4 0 151
06:45:50 4 0 151
06:46:20 4 0 151
06:46:51 4 0 152
06:47:21 4 0 151
06:47:51 4 0 151
06:48:21 4 0 151
06:48:51 4 0 151
06:49:21 4 0 151
06:49:51 4 0 151
06:50:22 4 0 151
06:50:52 4 0 151
06:51:22 4 0 151
06:51:52 4 0 151
06:52:22 4 0 151
06:52:53 4 0 180
06:53:23 4 0 151
06:53:53 4 0 151
06:54:23 4 0 151
06:54:53 4 0 151
06:55:23 4 0 151
06:55:54 4 0 151
06:56:24 4 0 151
06:56:54 4 0 151
06:57:24 4 0 151
06:57:54 4 0 151
06:58:24 4 0 151
06:58:54 4 0 152
06:59:25 4 0 151
06:59:55 4 0 151
07:00:25 4 0 151
07:00:55 4 0 151
07:01:25 4 0 151
07:01:56 4 0 151
07:02:26 4 0 151
07:02:56 4 0 151
07:03:26 4 0 151
07:03:56 4 0 151
07:04:26 4 0 151
07:04:56 4 0 151
07:05:27 4 0 151
07:05:57 4 0 151
07:06:27 4 0 151
07:06:57 4 0 151
07:07:27 4 0 151
07:07:57 4 0 151
07:08:28 4 0 151
07:08:58 4 0 151
07:09:28 4 0 151
07:09:58 4 0 151
07:10:28 4 0 151
07:10:58 4 0 151
07:11:29 4 0 151
07:11:59 4 0 151
07:12:29 4 0 151
07:12:59 4 0 154
07:13:29 4 0 176
07:14:00 4 0 153
07:14:30 4 0 151
07:15:00 4 0 151
07:15:30 4 0 151
07:16:00 4 0 151
07:16:31 4 0 151
07:17:01 4 0 151
07:17:31 4 0 151
07:18:01 4 0 151
07:18:31 4 0 151
07:19:01 4 0 151
07:19:31 4 0 151
07:20:02 4 0 151
07:20:32 4 0 151
07:21:02 4 0 151
07:21:32 4 0 151
07:22:02 4 0 151
07:22:32 4 0 151
07:23:03 4 0 151
07:23:33 4 0 151
07:24:03 4 0 153
07:24:33 4 0 151
07:25:03 4 0 151
07:25:34 4 0 151
07:26:04 4 0 151
07:26:35 4 0 153
07:27:05 4 0 151
07:27:35 4 0 151
07:28:05 4 0 151
07:28:36 4 0 151
07:29:06 4 0 151
07:29:36 4 0 151
07:30:06 4 0 151
07:30:36 4 0 151
07:31:07 4 0 151
07:31:37 4 0 151
07:32:07 4 0 151
07:32:37 4 0 151
07:33:07 4 0 151
07:33:37 4 0 151
07:34:08 4 0 151
07:34:38 4 0 151
07:35:09 4 0 151
07:35:39 4 0 151
07:36:09 4 0 151
07:36:39 4 0 151
07:37:10 4 0 151
07:37:40 4 0 151
07:38:10 4 0 151
07:38:40 4 0 151
07:39:10 4 0 151
07:39:40 4 0 165
07:40:11 4 0 151
07:40:41 4 0 151
07:41:11 4 0 151
07:41:41 4 0 151
07:42:11 4 0 163
07:42:41 4 0 151
07:43:12 4 0 151
07:43:42 4 0 151
07:44:12 4 0 151
07:44:42 4 0 151
07:45:12 4 0 151
07:45:42 4 0 151
07:46:13 4 0 151
07:46:43 4 0 151
07:47:13 4 0 151
07:47:43 4 0 151
07:48:13 4 0 151
07:48:43 4 0 151
07:49:13 4 0 151
07:49:44 4 0 151
07:50:14 4 0 151
07:50:44 4 0 151
07:51:14 4 0 178
07:51:44 4 0 151
07:52:14 4 0 151
07:52:45 4 0 183
07:53:15 4 0 151
07:53:45 4 0 151
07:54:15 4 0 151
07:54:45 4 0 151
07:55:15 4 0 151
07:55:45 4 0 151
07:56:16 4 0 151
07:56:46 4 0 151
07:57:16 4 0 151
07:57:46 4 0 151
07:58:16 4 0 151
07:58:46 4 0 151
07:59:17 4 0 151
07:59:47 4 0 151
08:00:17 4 0 151
08:00:47 4 0 151
08:01:17 4 0 151
08:01:47 4 0 151
08:02:18 4 0 151
08:02:48 4 0 151
08:03:18 4 0 151
08:03:48 4 0 151
08:04:18 4 0 151
08:04:48 4 0 151
08:05:19 4 0 151
08:05:49 4 0 151
08:06:19 4 0 155
08:06:49 4 0 151
08:07:19 4 0 151
08:07:49 4 0 154
08:08:19 4 0 151
08:08:49 4 0 151
08:09:20 4 0 151
08:09:50 4 0 151
08:10:20 4 0 151
08:10:50 4 0 151
08:11:20 4 0 151
08:11:50 4 0 151
08:12:21 4 0 174
08:12:51 4 0 151
08:13:21 4 0 151
08:13:51 4 0 176
08:14:21 4 0 151
08:14:51 4 0 151
08:15:22 4 0 151
08:15:52 4 0 151
08:16:22 4 0 151
08:16:52 4 0 151
08:17:22 4 0 151
08:17:52 4 0 151
08:18:23 4 0 151
08:18:53 4 0 151
08:19:23 4 0 151
08:19:53 4 0 151
08:20:23 4 0 151
08:20:53 4 0 151
08:21:24 4 0 151
08:21:54 4 0 151
08:22:24 4 0 151
08:22:54 4 0 151
08:23:25 4 0 183
08:23:55 4 0 151
08:24:25 4 0 151
08:24:55 4 0 151
08:25:25 4 0 151
08:25:56 4 0 152
08:26:26 4 0 151
08:26:56 4 0 169
08:27:26 4 0 151
08:27:56 4 0 151
08:28:26 4 0 151
08:28:56 4 0 151
08:29:27 4 0 151
08:29:57 4 0 151
08:30:27 4 0 151
08:30:57 4 0 151
08:31:27 4 0 152
08:31:57 4 0 151
08:32:28 4 0 151
08:32:58 4 0 151
08:33:28 4 0 151
08:33:58 4 0 151
08:34:28 4 0 151
08:34:58 4 0 151
08:35:29 4 0 151
08:35:59 4 0 151
08:36:29 4 0 151
08:36:59 4 0 151
08:37:29 4 0 151
08:37:59 4 0 151
08:38:30 4 0 151
08:39:00 4 0 151
08:39:30 4 0 151
08:40:00 4 0 151
08:40:30 4 0 151
08:41:00 4 0 151
08:41:31 4 0 151
08:42:01 4 0 151
08:42:31 4 0 151
08:43:02 4 0 151
08:43:32 4 0 153
08:44:02 4 0 151
08:44:33 4 0 151
08:45:03 4 0 151
08:45:33 4 0 151
08:46:03 4 0 151
08:46:34 4 0 151
08:47:04 4 0 151
08:47:34 4 0 151
08:48:04 4 0 151
08:48:34 4 0 151
08:49:04 4 0 151
08:49:34 4 0 151
08:50:04 4 0 151
08:50:35 4 0 151
08:51:05 4 0 151
08:51:35 4 0 151
08:52:05 4 0 151
08:52:36 4 0 151
08:53:06 4 0 151
08:53:36 4 0 151
08:54:06 4 0 151
08:54:36 4 0 151
08:55:06 4 0 151
08:55:37 4 0 151
08:56:07 4 0 151
08:56:38 4 0 151
08:57:08 4 0 151
08:57:38 4 0 151
08:58:09 4 0 151
08:58:39 4 0 151
08:59:09 4 0 151
08:59:40 4 0 151
09:00:10 4 0 151
09:00:40 4 0 154
09:01:10 4 0 151
09:01:40 4 0 151
09:02:10 4 0 151
09:02:41 4 0 151
09:03:11 4 0 183
09:03:41 4 0 152
09:04:11 4 0 152
09:04:41 4 0 151
09:05:11 4 0 151
09:05:41 4 0 151
09:06:11 4 0 151
09:06:42 4 0 151
09:07:12 4 0 151
09:07:42 4 0 151
09:08:12 4 0 151
09:08:42 4 0 151
09:09:12 4 0 151
09:09:42 4 0 151
09:10:12 4 0 151
09:10:43 4 0 151
09:11:13 4 0 151
09:11:43 4 0 151
09:12:13 4 0 151
09:12:43 4 0 151
09:13:13 4 0 151
09:13:43 4 0 152
09:14:13 4 0 151
09:14:44 4 0 151
09:15:14 4 0 151
09:15:44 4 0 151
09:16:14 4 0 151
09:16:44 4 0 151
09:17:14 4 0 151
09:17:44 4 0 151
09:18:15 4 0 152
09:18:46 4 0 151
09:19:16 4 0 151
09:19:46 4 0 151
09:20:16 4 0 151
09:20:47 4 0 151
09:21:18 3 1 151
09:21:47 4 0 151
09:22:17 4 0 151
09:22:47 4 0 151
09:23:17 4 0 151
09:23:47 4 0 151
09:24:17 4 0 151
09:24:48 4 0 153
09:25:18 4 0 151
09:25:48 4 0 151
09:26:18 4 0 151
09:26:48 4 0 151
09:27:18 4 0 151
09:27:48 4 0 151
09:28:19 4 0 153
09:28:49 4 0 151
09:29:19 4 0 151
09:29:49 4 0 151
09:30:19 4 0 151
09:30:49 4 0 151
09:31:19 4 0 151
09:31:50 4 0 151
09:32:20 4 0 151
09:32:50 4 0 152
09:33:20 4 0 151
09:33:50 4 0 151
09:34:20 4 0 151
09:34:51 4 0 151
09:35:21 4 0 151
09:35:51 4 0 151
09:36:21 4 0 151
09:36:51 4 0 151
09:37:21 4 0 151
09:37:52 4 0 160
09:38:22 4 0 151
09:38:52 4 0 151
09:39:22 4 0 151
09:39:53 4 0 151
09:40:23 4 0 151
09:40:53 4 0 151
09:41:23 4 0 151
09:41:53 4 0 151
09:42:23 4 0 170
09:42:54 4 0 151
09:43:24 4 0 151
09:43:54 4 0 151
09:44:24 4 0 151
09:44:54 4 0 151
09:45:24 4 0 151
09:45:54 4 0 151
09:46:24 4 0 151
09:46:55 4 0 151
09:47:25 4 0 151
09:47:55 4 0 151
09:48:25 4 0 151
09:48:55 4 0 151
09:49:25 4 0 151
09:49:56 3 1 154
09:50:25 4 0 151
09:50:56 4 0 183
09:51:26 4 0 152
09:51:57 4 0 151
09:52:27 4 0 151
09:52:57 4 0 151
09:53:27 4 0 151
09:53:57 4 0 151
09:54:27 4 0 151
09:54:57 4 0 151
09:55:27 4 0 151
09:55:57 4 0 152
09:56:28 4 0 151
09:56:58 4 0 151
09:57:28 4 0 151
09:57:58 4 0 151
09:58:28 4 0 151
09:58:58 4 0 151
09:59:29 3 1 192
09:59:58 4 0 151
10:00:29 4 0 155
10:00:59 4 0 151
10:01:29 4 0 151
10:01:59 4 0 152
10:02:29 4 0 152
10:02:59 4 0 192
10:03:29 4 0 152
10:04:00 3 1 151
10:04:30 3 1 159
10:05:00 4 0 151
10:05:30 4 0 151
10:06:00 4 0 151
10:06:30 4 0 151
10:07:00 4 0 151
10:07:30 4 0 151
10:08:00 4 0 151
10:08:30 4 0 151
10:09:01 4 0 151
10:09:31 4 0 151
10:10:01 4 0 151
10:10:31 4 0 151
10:11:01 4 0 151
10:11:31 4 0 151
10:12:02 4 0 187
10:12:32 4 0 196
10:13:02 4 0 190
10:13:32 4 0 193
10:14:03 3 1 199
10:14:32 4 0 192
10:15:02 4 0 151
10:15:32 4 0 191
10:16:03 4 0 182
10:16:34 3 1 185
10:17:03 4 0 193
10:17:34 3 1 189
10:18:03 4 0 188
10:18:33 4 0 186
10:19:03 4 0 177
10:19:34 4 0 187
10:20:04 4 0 193
10:20:34 4 0 188
10:21:05 4 0 188
10:21:37 2 2 196
10:22:06 4 0 175
10:22:36 4 0 187
10:23:08 3 1 200
10:23:37 4 0 176
10:24:08 4 0 192
10:24:38 4 0 177
10:25:08 4 0 151
10:25:38 4 0 151
10:26:09 4 0 151
10:26:40 4 0 151
10:27:10 4 0 151
10:27:41 4 0 151
10:28:11 4 0 151
10:28:41 4 0 151
10:29:11 4 0 151
10:29:41 4 0 160
10:30:11 4 0 151
10:30:41 4 0 151
10:31:12 4 0 152
10:31:42 4 0 151
10:32:12 4 0 151
10:32:42 4 0 151
10:33:12 4 0 151
10:33:42 4 0 151
10:34:12 4 0 151
10:34:42 4 0 151
10:35:13 4 0 151
10:35:43 4 0 151
10:36:13 4 0 151
10:36:43 4 0 151
10:37:13 4 0 151
10:37:43 4 0 151
10:38:14 4 0 151
10:38:44 4 0 151
10:39:15 4 0 152
10:39:45 4 0 151
10:40:15 4 0 151
10:40:45 4 0 151
10:41:16 4 0 151
10:41:46 4 0 151
10:42:16 4 0 151
10:42:46 4 0 151
10:43:16 4 0 151
10:43:46 4 0 151
10:44:18 3 1 151
10:44:47 4 0 151
10:45:17 4 0 151
10:45:47 4 0 151
10:46:17 4 0 151
10:46:47 4 0 151
10:47:18 4 0 151
10:47:49 3 1 151
10:48:18 4 0 151
10:48:48 4 0 151
10:49:18 4 0 151
10:49:48 4 0 151
10:50:19 4 0 151
10:50:49 4 0 151
10:51:19 4 0 151
10:51:49 4 0 151
10:52:19 4 0 151
10:52:49 4 0 151
10:53:20 4 0 162
10:53:50 4 0 151
10:54:20 4 0 151
10:54:50 4 0 151
10:55:21 4 0 151
10:55:51 4 0 151
10:56:21 4 0 151
10:56:53 3 1 190
10:57:22 4 0 151
10:57:52 4 0 151
10:58:22 4 0 151
10:58:53 4 0 153
10:59:23 4 0 151
10:59:53 4 0 151
11:00:24 4 0 151
11:00:54 4 0 151
11:01:24 4 0 151
11:01:54 4 0 151
11:02:24 4 0 151
11:02:54 4 0 151
11:03:24 4 0 151
11:03:55 4 0 151
11:04:25 4 0 151
11:04:55 4 0 151
11:05:25 4 0 151
11:05:55 4 0 151
11:06:25 4 0 154
11:06:56 4 0 152
11:07:26 4 0 151
11:07:56 4 0 151
11:08:26 4 0 151
11:08:56 4 0 151
11:09:27 4 0 152
11:09:57 4 0 151
11:10:27 4 0 153
11:10:57 4 0 151
11:11:27 4 0 151
11:11:57 4 0 151
11:12:28 4 0 151
11:12:58 4 0 154
11:13:28 4 0 153
11:13:58 4 0 151
11:14:29 3 1 154
11:14:59 4 0 151
11:15:29 4 0 184
11:15:59 4 0 151
11:16:30 4 0 151
11:17:00 4 0 151
11:17:30 4 0 151
11:18:00 4 0 151
11:18:31 4 0 151
11:19:01 4 0 151
11:19:31 4 0 151
11:20:01 4 0 151
11:20:31 4 0 151
11:21:01 4 0 151
11:21:32 4 0 151
11:22:02 4 0 151
11:22:32 4 0 151
11:23:02 4 0 151
11:23:32 4 0 151
11:24:02 4 0 151
11:24:32 4 0 151
11:25:02 4 0 151
11:25:33 4 0 151
11:26:03 4 0 151
11:26:33 4 0 151
11:27:03 4 0 151
11:27:33 4 0 151
11:28:03 4 0 151
11:28:33 4 0 151
11:29:03 4 0 151
11:29:34 4 0 151
11:30:04 4 0 151
11:30:34 4 0 151
11:31:04 4 0 151
11:31:34 4 0 151
11:32:04 4 0 151
11:32:34 4 0 151
11:33:04 4 0 151
11:33:35 4 0 151
11:34:05 4 0 152
11:34:35 4 0 157
11:35:05 4 0 151
11:35:35 4 0 151
11:36:05 4 0 151
11:36:36 4 0 151
11:37:07 4 0 151
11:37:37 4 0 151
11:38:07 4 0 151
11:38:38 4 0 151
11:39:08 4 0 151
11:39:38 4 0 151
11:40:08 4 0 151
11:40:38 4 0 175
11:41:08 4 0 151
11:41:38 4 0 151
11:42:08 4 0 151
11:42:39 4 0 152
11:43:10 3 1 152
11:43:39 4 0 151
11:44:09 4 0 151
11:44:40 4 0 153
11:45:10 4 0 151
11:45:40 4 0 151
11:46:11 4 0 152
11:46:42 4 0 151
11:47:12 4 0 151
11:47:42 4 0 151
11:48:12 4 0 151
11:48:43 3 1 151
11:49:13 4 0 151
11:49:44 4 0 151
11:50:14 4 0 151
11:50:47 0 4 -1
11:51:16 2 2 161
11:51:45 4 0 151
11:52:16 4 0 151
11:52:46 4 0 151
11:53:16 4 0 151
11:53:46 4 0 151
11:54:17 3 1 155
11:54:46 4 0 151
11:55:16 4 0 151
11:55:46 4 0 151
11:56:17 4 0 151
11:56:47 4 0 151
11:57:17 4 0 151
11:57:47 4 0 151
11:58:17 4 0 151
11:58:47 4 0 151
11:59:17 4 0 151
11:59:48 4 0 151
12:00:18 4 0 151
12:00:48 4 0 151
12:01:18 4 0 154
12:01:48 4 0 154
12:02:18 4 0 151
12:02:49 3 1 151
12:03:19 4 0 151
12:03:49 4 0 151
12:04:19 4 0 151
12:04:49 4 0 151
12:05:19 4 0 151
12:05:49 4 0 151
12:06:19 4 0 151
12:06:49 4 0 151
12:07:19 4 0 151
12:07:50 4 0 151
12:08:20 4 0 151
12:08:50 4 0 151
12:09:20 4 0 151
12:09:50 4 0 151
12:10:21 4 0 151
12:10:51 4 0 151
12:11:21 4 0 151
12:11:51 4 0 151
12:12:21 4 0 151
12:12:51 4 0 151
12:13:21 4 0 151
12:13:52 4 0 151
12:14:22 4 0 151
12:14:52 4 0 151
12:15:22 4 0 151
12:15:53 4 0 151
12:16:23 4 0 151
12:16:53 4 0 151
12:17:23 4 0 151
12:17:54 4 0 151
12:18:24 4 0 151
12:18:55 4 0 151
12:19:25 4 0 151
12:19:55 4 0 151
12:20:25 4 0 151
12:20:55 4 0 151
12:21:25 4 0 151
12:21:55 4 0 151
12:22:25 4 0 151
12:22:56 4 0 151
12:23:26 4 0 168
12:23:56 4 0 151
12:24:26 4 0 151
12:24:56 4 0 151
12:25:26 4 0 151
12:25:56 4 0 151
12:26:26 4 0 161
12:26:57 4 0 151
12:27:27 4 0 151
12:27:57 4 0 151
12:28:27 4 0 151
12:28:58 4 0 151
12:29:28 4 0 151
12:29:58 4 0 151
12:30:28 4 0 151
12:30:58 4 0 151
12:31:28 4 0 151
12:31:58 4 0 151
12:32:28 4 0 151
12:32:58 4 0 151
12:33:28 4 0 151
12:33:59 4 0 151
12:34:29 4 0 151
12:34:59 4 0 153
12:35:29 4 0 154
12:35:59 4 0 151
12:36:29 4 0 151
12:36:59 4 0 151
12:37:29 4 0 151
12:38:00 4 0 165
12:38:30 4 0 151
12:39:00 4 0 151
12:39:30 4 0 151
12:40:00 4 0 151
12:40:30 4 0 152
12:41:00 4 0 151
12:41:30 4 0 151
12:42:01 4 0 151
12:42:31 4 0 152
12:43:01 4 0 151
12:43:31 4 0 151
12:44:01 4 0 151
12:44:31 4 0 151
12:45:01 4 0 151
12:45:31 4 0 151
12:46:01 4 0 151
12:46:31 4 0 175
12:47:01 4 0 151
12:47:31 4 0 151
12:48:02 4 0 151
12:48:32 4 0 151
12:49:02 4 0 151
12:49:32 4 0 151
12:50:03 4 0 151
12:50:33 4 0 151
12:51:03 4 0 151
12:51:33 4 0 151
12:52:04 4 0 151
12:52:34 4 0 151
12:53:04 4 0 151
12:53:34 4 0 151
12:54:04 4 0 151
12:54:34 4 0 151
12:55:04 4 0 151
12:55:34 4 0 151
12:56:05 4 0 151
12:56:35 4 0 151
12:57:05 4 0 151
12:57:35 4 0 151
12:58:05 4 0 151
12:58:35 4 0 151
12:59:05 4 0 151
12:59:35 4 0 168
13:00:06 4 0 151
13:00:36 4 0 151
13:01:06 4 0 151
13:01:36 4 0 151
13:02:06 4 0 151
13:02:36 4 0 151
13:03:06 4 0 180
13:03:36 4 0 151
13:04:07 4 0 151
13:04:37 4 0 151
13:05:07 4 0 151
13:05:37 4 0 151
13:06:07 4 0 151
13:06:37 4 0 151
13:07:07 4 0 151
13:07:37 4 0 151
13:08:07 4 0 152
13:08:37 4 0 151
13:09:08 4 0 151
13:09:38 4 0 151
13:10:08 4 0 151
13:10:38 4 0 151
13:11:08 4 0 151
13:11:38 4 0 151
13:12:08 4 0 151
13:12:38 4 0 151
13:13:08 4 0 151
13:13:38 4 0 151
13:14:09 4 0 151
13:14:39 4 0 151
13:15:09 4 0 151
13:15:39 4 0 153
13:16:09 4 0 152
13:16:39 4 0 153
13:17:09 4 0 151
13:17:39 4 0 151
13:18:09 4 0 151
13:18:39 4 0 153
13:19:10 4 0 151
13:19:40 4 0 151
13:20:10 4 0 153
13:20:40 4 0 151
13:21:10 4 0 152
13:21:40 4 0 151
13:22:11 4 0 151
13:22:41 4 0 151
13:23:11 4 0 151
13:23:41 4 0 151
13:24:11 4 0 151
13:24:41 4 0 151
13:25:11 4 0 152
13:25:43 3 1 574
13:26:15 0 4 -1
13:26:42 4 0 151
13:27:12 4 0 152
13:27:42 4 0 151
13:28:13 3 1 151
13:28:42 4 0 151
13:29:12 4 0 151
13:29:43 4 0 153
13:30:13 4 0 151
13:30:43 4 0 151
13:31:13 4 0 151
13:31:43 4 0 151
13:32:13 4 0 152
13:32:43 4 0 151
13:33:13 4 0 151
13:33:44 4 0 151
13:34:14 4 0 151
13:34:44 4 0 151
13:35:14 4 0 151
13:35:44 4 0 151
13:36:15 4 0 151
13:36:45 4 0 151
13:37:15 4 0 151
13:37:45 4 0 154
13:38:15 4 0 151
13:38:45 4 0 155
13:39:15 4 0 151
13:39:45 4 0 155
13:40:16 4 0 151
13:40:46 3 1 151
13:41:16 4 0 154
13:41:46 4 0 151
13:42:16 4 0 175
13:42:47 4 0 189
13:43:17 4 0 151
13:43:47 4 0 151
13:44:17 4 0 151
13:44:47 4 0 151
13:45:18 4 0 151
13:45:48 4 0 151
13:46:18 4 0 151
13:46:48 4 0 151
13:47:19 4 0 151
13:47:49 4 0 152
13:48:19 4 0 151
13:48:49 4 0 151
13:49:20 4 0 153
13:49:50 4 0 151
13:50:20 4 0 153
13:50:50 4 0 151
13:51:20 4 0 152
13:51:50 4 0 154
13:52:21 4 0 151
13:52:51 4 0 151
13:53:21 4 0 167
13:53:51 4 0 151
13:54:21 4 0 151
13:54:51 4 0 151
13:55:21 4 0 151
13:55:51 4 0 151
13:56:21 4 0 151
13:56:52 4 0 151
13:57:22 4 0 153
13:57:52 4 0 151
13:58:22 4 0 154
13:58:52 4 0 151
13:59:22 4 0 151
13:59:52 4 0 161
14:00:22 4 0 151
14:00:52 4 0 151
14:01:23 4 0 151
14:01:53 4 0 151
14:02:23 4 0 151
14:02:53 4 0 154
14:03:23 4 0 151
14:03:53 4 0 153
14:04:23 4 0 154
14:04:54 3 1 151
14:05:24 4 0 154
14:05:54 4 0 151
14:06:24 4 0 151
14:06:54 4 0 154
14:07:24 4 0 151
14:07:54 4 0 153
14:08:25 4 0 183
14:08:56 3 1 153
14:09:25 4 0 152
14:09:55 4 0 152
14:10:25 4 0 154
14:10:55 4 0 154
14:11:26 4 0 154
14:11:57 4 0 151
14:12:27 4 0 153
14:12:58 3 1 152
14:13:27 4 0 152
14:13:57 4 0 151
14:14:28 4 0 151
14:14:58 4 0 152
14:15:28 4 0 151
14:15:58 4 0 151
14:16:28 4 0 151
14:16:58 4 0 152
14:17:29 4 0 152
14:17:59 4 0 174
14:18:29 4 0 151
14:18:59 4 0 152
14:19:29 4 0 171
14:19:59 4 0 151
14:20:29 4 0 151
14:20:59 4 0 151
14:21:29 4 0 151
14:22:00 4 0 155
14:22:30 4 0 151
14:23:00 4 0 151
14:23:30 4 0 154
14:24:00 4 0 152
14:24:31 4 0 151
14:25:01 4 0 151
14:25:31 4 0 151
14:26:01 4 0 154
14:26:32 4 0 151
14:27:02 4 0 153
14:27:32 4 0 151
14:28:02 4 0 154
14:28:32 4 0 153
14:29:02 4 0 151
14:29:33 4 0 151
14:30:03 4 0 151
14:30:33 4 0 153
14:31:03 4 0 151
14:31:33 4 0 151
14:32:03 4 0 151
14:32:34 4 0 151
14:33:04 4 0 170
14:33:35 3 1 151
14:34:04 4 0 151
14:34:34 4 0 151
14:35:04 4 0 151
14:35:35 4 0 151
14:36:05 4 0 151
14:36:35 4 0 151
14:37:06 4 0 151
14:37:36 4 0 162
14:38:07 4 0 154
14:38:37 4 0 151
14:39:07 4 0 153
14:39:37 4 0 154
14:40:08 4 0 151
14:40:38 4 0 151
14:41:08 4 0 151
14:41:38 4 0 152
14:42:09 4 0 151
14:42:39 4 0 151
14:43:09 4 0 152
14:43:39 4 0 151
14:44:09 4 0 151
14:44:40 4 0 151
14:45:10 4 0 151
14:45:40 4 0 152
14:46:10 4 0 151
14:46:40 4 0 151
14:47:11 4 0 152
14:47:41 4 0 180
14:48:11 4 0 153
14:48:41 4 0 151
14:49:11 4 0 151
14:49:41 4 0 153
14:50:11 4 0 151
14:50:42 4 0 151
14:51:12 4 0 161
14:51:42 4 0 153
14:52:12 4 0 151
14:52:43 4 0 151
14:53:14 3 1 156
14:53:43 4 0 152
14:54:13 4 0 151
14:54:43 4 0 154
14:55:13 4 0 151
14:55:43 4 0 151
14:56:13 4 0 151
14:56:44 4 0 152
14:57:14 4 0 151
14:57:44 4 0 151
14:58:14 4 0 151
14:58:44 4 0 151
14:59:14 4 0 151
14:59:44 4 0 151
15:00:14 4 0 161
15:00:45 4 0 151
15:01:15 4 0 151
15:01:45 4 0 151
15:02:15 4 0 151
15:02:45 4 0 151
15:03:15 4 0 151
15:03:45 4 0 151
15:04:15 4 0 151
15:04:45 4 0 151
15:05:15 4 0 151
15:05:46 4 0 151
15:06:16 4 0 151
15:06:46 4 0 151
15:07:16 4 0 151
15:07:46 4 0 151
15:08:16 4 0 152
15:08:46 4 0 151
15:09:16 4 0 151
15:09:46 4 0 151
15:10:16 4 0 151
15:10:47 4 0 151
15:11:17 4 0 151
15:11:47 4 0 151
15:12:17 4 0 152
15:12:47 4 0 152
15:13:17 4 0 151
15:13:47 4 0 151
15:14:18 4 0 151
15:14:48 4 0 152
15:15:18 4 0 154
15:15:48 4 0 151
15:16:18 4 0 153
15:16:48 4 0 151
15:17:18 4 0 151
15:17:49 4 0 151
15:18:19 4 0 154
15:18:49 4 0 152
15:19:19 4 0 151
15:19:49 4 0 151
15:20:19 4 0 151
15:20:49 4 0 151
15:21:19 4 0 153
15:21:49 4 0 151
15:22:20 3 1 154
15:22:51 3 1 152
15:23:20 4 0 151
15:23:50 4 0 151
15:24:20 4 0 151
15:24:50 4 0 151
15:25:20 4 0 151
15:25:50 4 0 151
15:26:20 4 0 153
15:26:50 4 0 151
15:27:22 2 2 155
15:27:51 4 0 164
15:28:21 4 0 153
15:28:51 4 0 151
15:29:21 4 0 151
15:29:51 4 0 151
15:30:21 4 0 151
15:30:51 4 0 151
15:31:22 4 0 160
15:31:52 4 0 153
15:32:22 4 0 151
15:32:52 4 0 152
15:33:22 4 0 151
15:33:52 4 0 151
15:34:23 4 0 155
15:34:53 4 0 151
15:35:23 4 0 152
15:35:53 4 0 151
15:36:23 4 0 151
15:36:53 4 0 151
15:37:23 4 0 151
15:37:53 4 0 154
15:38:23 4 0 151
15:38:54 4 0 177
15:39:24 4 0 151
15:39:54 4 0 153
15:40:24 4 0 151
15:40:54 4 0 151
15:41:24 4 0 152
15:41:54 4 0 151
15:42:24 4 0 151
15:42:54 4 0 151
15:43:24 4 0 152
15:43:55 4 0 155
15:44:25 4 0 151
15:44:55 4 0 154
15:45:26 3 1 151
15:45:55 4 0 153
15:46:25 4 0 151
15:46:56 4 0 151
15:47:26 4 0 151
15:47:56 4 0 151
15:48:26 4 0 153
15:48:56 4 0 151
15:49:26 4 0 151
15:49:56 4 0 151
15:50:26 4 0 151
15:50:56 4 0 151
15:51:27 4 0 155
15:51:57 4 0 153
15:52:27 4 0 151
15:52:57 4 0 151
15:53:27 4 0 151
15:53:57 4 0 151
15:54:27 4 0 154
15:54:58 4 0 152
15:55:28 4 0 151
15:55:58 4 0 151
15:56:28 4 0 151
15:56:59 3 1 152
15:57:28 4 0 152
15:57:58 4 0 151
15:58:28 4 0 151
15:58:58 4 0 151
15:59:29 4 0 151
15:59:59 4 0 152
16:00:29 4 0 151
16:00:59 4 0 151
16:01:29 4 0 151
16:02:00 3 1 154
16:02:29 4 0 151
16:02:59 4 0 151
16:03:29 4 0 169
16:04:00 4 0 151
16:04:30 4 0 151
16:05:00 4 0 151
16:05:30 4 0 151
16:06:00 4 0 151
16:06:30 4 0 151
16:07:00 4 0 151
16:07:30 4 0 153
16:08:00 4 0 151
16:08:30 4 0 151
16:09:01 4 0 151
16:09:31 4 0 151
16:10:01 4 0 151
16:10:31 4 0 151
16:11:01 4 0 151
16:11:31 4 0 153
16:12:02 4 0 151
16:12:32 3 1 152
16:13:02 4 0 168
16:13:32 4 0 151
16:14:02 4 0 153
16:14:32 4 0 151
16:15:02 4 0 152
16:15:32 4 0 151
16:16:02 4 0 151
16:16:32 4 0 153
16:17:04 3 1 467
16:17:35 1 3 471
16:18:03 4 0 154
16:18:33 4 0 164
16:19:03 4 0 151
16:19:33 4 0 151
16:20:03 4 0 200
16:20:33 4 0 198
16:21:03 4 0 152
16:21:33 4 0 153
16:22:04 4 0 152
16:22:34 4 0 153
16:23:04 4 0 151
16:23:34 4 0 151
16:24:04 4 0 151
16:24:36 2 2 151
16:25:05 3 1 153
16:25:34 4 0 151
16:26:05 4 0 151
16:26:35 4 0 154
16:27:06 3 1 151
16:27:35 4 0 152
16:28:05 4 0 152
16:28:35 4 0 152
16:29:05 4 0 154
16:29:35 4 0 154
16:30:05 4 0 151
16:30:35 4 0 154
16:31:06 4 0 152
16:31:36 4 0 151
16:32:06 4 0 152
16:32:36 4 0 152
16:33:07 4 0 154
16:33:37 4 0 151
16:34:07 4 0 154
16:34:37 4 0 151
16:35:07 4 0 151
16:35:37 4 0 194
16:36:07 4 0 154
16:36:37 4 0 151
16:37:08 4 0 152
16:37:38 4 0 152
16:38:08 4 0 151
16:38:38 4 0 153
16:39:08 4 0 151
16:39:38 4 0 169
16:40:08 4 0 151
16:40:39 4 0 151
16:41:09 4 0 151
16:41:39 4 0 154
16:42:09 4 0 151
16:42:39 4 0 151
16:43:09 4 0 151
16:43:39 4 0 151
16:44:09 4 0 151
16:44:39 4 0 151
16:45:12 2 2 566
16:45:43 1 3 475
16:46:10 4 0 154
16:46:40 4 0 151
16:47:10 4 0 151
16:47:40 4 0 151
16:48:10 4 0 151
16:48:40 4 0 151
16:49:12 3 1 565
16:49:43 2 2 567
16:50:11 4 0 151
16:50:41 4 0 151
16:51:11 4 0 151
16:51:41 4 0 150
16:52:11 4 0 151
16:52:41 4 0 151
16:53:12 4 0 157
16:53:42 4 0 152
16:54:12 4 0 151
16:54:42 4 0 152
16:55:12 4 0 151
16:55:42 4 0 151
16:56:12 4 0 151
16:56:42 4 0 151
16:57:12 4 0 151
16:57:43 4 0 151
16:58:13 4 0 151
16:58:43 4 0 151
16:59:13 4 0 151
16:59:43 4 0 151
17:00:13 4 0 165
17:00:43 4 0 151
17:01:15 4 0 571
17:01:45 4 0 484
17:02:15 3 1 151
17:02:44 4 0 151
17:03:14 4 0 151
17:03:45 4 0 184
17:04:15 4 0 151
17:04:45 4 0 151
17:05:15 4 0 151
17:05:45 4 0 151
17:06:15 4 0 151
17:06:45 4 0 151
17:07:15 4 0 151
17:07:45 4 0 151
17:08:16 4 0 151
17:08:46 4 0 151
17:09:16 4 0 151
17:09:46 4 0 153
17:10:16 4 0 151
17:10:46 4 0 151
17:11:16 4 0 151
17:11:46 4 0 151
17:12:17 4 0 151
17:12:47 4 0 155
17:13:17 4 0 156
17:13:47 4 0 151
17:14:17 4 0 151
17:14:47 4 0 151
17:15:17 4 0 152
17:15:47 4 0 151
17:16:17 4 0 155
17:16:47 4 0 153
17:17:18 4 0 151
17:17:48 4 0 152
17:18:18 4 0 151
17:18:48 4 0 151
17:19:18 4 0 152
17:19:48 4 0 151
17:20:18 4 0 160
17:20:48 4 0 151
17:21:19 4 0 151
17:21:49 4 0 151
17:22:19 4 0 152
17:22:49 4 0 151
17:23:20 4 0 151
17:23:50 4 0 176
17:24:20 4 0 151
17:24:50 4 0 151
17:25:21 4 0 151
17:25:51 4 0 151
17:26:21 4 0 154
17:26:51 4 0 151
17:27:22 4 0 151
17:27:52 4 0 151
17:28:22 4 0 155
17:28:52 4 0 156
17:29:22 4 0 151
17:29:52 4 0 151
17:30:22 4 0 151
17:30:52 4 0 151
17:31:23 4 0 151
17:31:53 4 0 151
17:32:23 4 0 151
17:32:53 4 0 151
17:33:23 4 0 153
17:33:53 4 0 151
17:34:23 4 0 151
17:34:53 4 0 151
17:35:24 4 0 151
17:35:54 4 0 151
17:36:24 4 0 153
17:36:54 4 0 151
17:37:24 4 0 151
17:37:54 4 0 151
17:38:25 4 0 151
17:38:56 3 1 151
17:39:25 4 0 151
17:39:55 4 0 152
17:40:25 4 0 151
17:40:55 4 0 151
17:41:26 4 0 151
17:41:56 4 0 151
17:42:26 4 0 151
17:42:56 4 0 151
17:43:27 4 0 151
17:43:57 4 0 151
17:44:27 4 0 151
17:44:57 4 0 151
17:45:27 4 0 151
17:45:58 4 0 153
17:46:28 4 0 151
17:46:58 4 0 151
17:47:28 4 0 152
17:47:58 4 0 152
17:48:28 4 0 152
17:48:58 4 0 151
17:49:29 4 0 151
17:49:59 4 0 152
17:50:29 4 0 151
17:50:59 4 0 151
17:51:29 4 0 151
17:52:00 3 1 154
17:52:29 4 0 154
17:52:59 4 0 151
17:53:30 4 0 151
17:54:00 4 0 152
17:54:30 4 0 151
17:55:00 4 0 151
17:55:30 4 0 154
17:56:00 4 0 151
17:56:30 4 0 151
17:57:00 4 0 152
17:57:31 4 0 151
17:58:01 4 0 151
17:58:31 4 0 151
17:59:01 4 0 151
17:59:31 4 0 151
18:00:01 4 0 151
18:00:31 4 0 151
18:01:01 4 0 151
18:01:32 4 0 151
18:02:02 4 0 159
18:02:32 4 0 151
18:03:03 4 0 151
18:03:33 4 0 152
18:04:03 4 0 151
18:04:33 4 0 151
18:05:03 4 0 151
18:05:34 4 0 151
18:06:04 4 0 151
18:06:34 4 0 151
18:07:04 4 0 151
18:07:34 4 0 151
18:08:04 4 0 151
18:08:34 4 0 151
18:09:04 4 0 151
18:09:35 4 0 152
18:10:05 4 0 151
18:10:35 4 0 151
18:11:05 4 0 151
18:11:35 4 0 151
18:12:05 4 0 151
18:12:35 4 0 151
18:13:06 4 0 151
18:13:36 4 0 151
18:14:06 4 0 151
18:14:36 4 0 151
18:15:06 4 0 151
18:15:36 4 0 151
18:16:06 4 0 151
18:16:36 4 0 151
18:17:07 4 0 151
18:17:37 4 0 151
18:18:07 4 0 151
18:18:37 4 0 151
18:19:07 4 0 151
18:19:37 4 0 151
18:20:07 4 0 151
18:20:38 3 1 151
18:21:08 4 0 151
18:21:38 4 0 151
18:22:08 4 0 151
18:22:39 4 0 151
18:23:09 4 0 151
18:23:39 4 0 151
18:24:09 4 0 151
18:24:40 4 0 151
18:25:10 4 0 151
18:25:40 4 0 152
18:26:10 4 0 151
18:26:40 4 0 151
18:27:10 4 0 153
18:27:41 4 0 151
18:28:11 4 0 151
18:28:41 4 0 151
18:29:11 4 0 151
18:29:41 4 0 151
18:30:11 4 0 161
18:30:42 4 0 151
18:31:12 4 0 151
18:31:42 4 0 151
18:32:14 3 1 568
18:32:44 4 0 484
18:33:12 4 0 153
18:33:43 4 0 151
18:34:13 4 0 151
18:34:44 4 0 151
18:35:14 4 0 151
18:35:44 4 0 151
18:36:14 4 0 151
18:36:44 4 0 151
18:37:14 4 0 151
18:37:44 4 0 151
18:38:14 4 0 152
18:38:45 4 0 150
18:39:15 4 0 151
18:39:45 4 0 150
18:40:15 4 0 153
18:40:45 4 0 150
18:41:16 3 1 153
18:41:45 4 0 150
18:42:15 4 0 150
18:42:46 4 0 154
18:43:18 3 1 585
18:43:46 4 0 174
18:44:16 4 0 152
18:44:46 4 0 150
18:45:16 4 0 151
18:45:46 4 0 153
18:46:16 4 0 151
18:46:46 4 0 151
18:47:17 4 0 150
18:47:47 4 0 153
18:48:18 4 0 494
18:48:48 4 0 475
18:49:17 4 0 151
18:49:47 4 0 160
18:50:17 4 0 151
18:50:47 4 0 150
18:51:17 4 0 151
18:51:48 4 0 154
18:52:18 4 0 152
18:52:48 4 0 150
18:53:18 4 0 150
18:53:49 4 0 151
18:54:19 4 0 150
18:54:49 4 0 150
18:55:19 4 0 150
18:55:50 4 0 172
18:56:20 4 0 150
18:56:50 4 0 150
18:57:20 4 0 150
18:57:50 4 0 150
18:58:20 4 0 150
18:58:50 4 0 150
18:59:20 4 0 150
18:59:50 4 0 161
19:00:20 4 0 153
19:00:51 4 0 150
19:01:21 4 0 181
19:01:51 4 0 150
19:02:21 4 0 151
19:02:51 4 0 151
19:03:21 4 0 150
19:03:51 4 0 150
19:04:21 4 0 151
19:04:52 4 0 151
19:05:22 4 0 151
19:05:52 4 0 150
19:06:22 4 0 150
19:06:52 4 0 150
19:07:22 4 0 150
19:07:52 4 0 150
19:08:22 4 0 150
19:08:52 4 0 151
19:09:22 4 0 150
19:09:53 4 0 150
19:10:23 4 0 150
19:10:53 4 0 150
19:11:23 4 0 150
19:11:53 4 0 181
19:12:23 4 0 150
19:12:53 4 0 150
19:13:23 4 0 151
19:13:54 4 0 150
19:14:24 4 0 150
19:14:54 4 0 151
19:15:24 4 0 151
19:15:54 4 0 151
19:16:24 4 0 153
19:16:54 4 0 154
19:17:24 4 0 151
19:17:54 4 0 150
19:18:25 4 0 151
19:18:55 4 0 151
19:19:25 4 0 151
19:19:55 4 0 153
19:20:25 4 0 151
19:20:55 4 0 154
19:21:25 4 0 151
19:21:55 4 0 152
19:22:25 4 0 151
19:22:56 4 0 151
19:23:26 4 0 154
19:23:56 4 0 151
19:24:26 4 0 151
19:24:56 4 0 151
19:25:26 4 0 151
19:25:56 4 0 151
19:26:26 4 0 151
19:26:56 4 0 151
19:27:26 4 0 152
19:27:57 4 0 151
19:28:27 4 0 176
19:28:57 4 0 151
19:29:27 4 0 151
19:29:57 4 0 152
19:30:27 4 0 154
19:30:57 4 0 151
19:31:27 4 0 151
19:31:57 4 0 151
19:32:27 4 0 151
19:32:58 4 0 152
19:33:28 4 0 151
19:33:58 4 0 151
19:34:28 4 0 151
19:34:59 4 0 151
19:35:29 4 0 151
19:35:59 4 0 151
19:36:29 4 0 151
19:36:59 4 0 151
19:37:29 4 0 151
19:37:59 4 0 151
19:38:29 4 0 152
19:38:59 4 0 151
19:39:30 4 0 151
19:40:00 4 0 165
19:40:30 4 0 151
19:41:00 4 0 151
19:41:30 4 0 151
19:42:00 4 0 151
19:42:30 4 0 166
19:43:00 4 0 151
19:43:30 4 0 151
19:44:01 4 0 151
19:44:31 4 0 151
19:45:01 4 0 153
19:45:31 4 0 155
19:46:01 4 0 151
19:46:31 4 0 151
19:47:01 4 0 151
19:47:31 4 0 155
19:48:01 4 0 151
19:48:31 4 0 151
19:49:03 3 1 154
19:49:32 4 0 151
19:50:02 4 0 151
19:50:32 4 0 152
19:51:02 4 0 151
19:51:32 4 0 151
19:52:02 4 0 151
19:52:32 4 0 151
19:53:02 4 0 151
19:53:32 4 0 153
19:54:03 4 0 151
19:54:33 4 0 151
19:55:03 4 0 151
19:55:33 4 0 151
19:56:03 4 0 153
19:56:33 4 0 153
19:57:03 4 0 151
19:57:33 4 0 152
19:58:04 4 0 151
19:58:34 4 0 154
19:59:04 4 0 151
19:59:34 4 0 151
20:00:04 4 0 152
20:00:34 4 0 150
20:01:04 4 0 151
20:01:34 4 0 151
20:02:04 4 0 152
20:02:34 4 0 151
20:03:05 4 0 154
20:03:35 4 0 153
20:04:05 4 0 150
20:04:35 4 0 151
20:05:05 4 0 152
20:05:35 4 0 151
20:06:05 4 0 151
20:06:35 4 0 151
20:07:05 4 0 151
20:07:35 4 0 151
20:08:06 4 0 151
20:08:36 4 0 151
20:09:06 4 0 151
20:09:36 4 0 151
20:10:06 4 0 152
20:10:36 4 0 151
20:11:06 4 0 151
20:11:36 4 0 150
20:12:06 4 0 151
20:12:36 4 0 151
20:13:07 4 0 154
20:13:37 4 0 151
20:14:07 4 0 152
20:14:37 4 0 151
20:15:07 4 0 151
20:15:37 4 0 178
20:16:07 4 0 150
20:16:37 4 0 153
20:17:07 4 0 151
20:17:37 4 0 150
20:18:08 4 0 152
20:18:38 4 0 151
20:19:08 4 0 151
20:19:38 4 0 151
20:20:08 4 0 152
20:20:38 4 0 151
20:21:08 4 0 150
20:21:38 4 0 150
20:22:09 4 0 150
20:22:39 4 0 151
20:23:09 4 0 151
20:23:39 4 0 151
20:24:09 4 0 151
20:24:39 4 0 151
20:25:09 4 0 151
20:25:39 4 0 152
20:26:10 4 0 153
20:26:40 4 0 151
20:27:10 4 0 151
20:27:40 4 0 150
20:28:10 4 0 153
20:28:40 4 0 151
20:29:10 4 0 153
20:29:40 4 0 151
20:30:11 4 0 150
20:30:41 4 0 150
20:31:11 4 0 150
20:31:41 4 0 151
20:32:11 4 0 152
20:32:41 4 0 150
20:33:11 4 0 151
20:33:41 4 0 151
20:34:11 4 0 153
20:34:41 4 0 151
20:35:12 4 0 151
20:35:42 4 0 151
20:36:12 4 0 150
20:36:42 4 0 150
20:37:12 4 0 151
20:37:42 4 0 151
20:38:12 4 0 150
20:38:42 4 0 150
20:39:12 4 0 150
20:39:42 4 0 150
20:40:13 4 0 150
20:40:43 4 0 150
20:41:13 4 0 150
20:41:43 4 0 151
20:42:13 4 0 151
20:42:43 4 0 150
20:43:13 4 0 150
20:43:43 4 0 151
20:44:13 4 0 151
20:44:43 4 0 151
20:45:14 4 0 151
20:45:44 4 0 150
20:46:14 4 0 151
20:46:44 4 0 151
20:47:14 4 0 150
20:47:44 4 0 150
20:48:14 4 0 150
20:48:44 4 0 151
20:49:15 4 0 151
20:49:45 4 0 151
20:50:15 4 0 151
20:50:45 4 0 151
20:51:15 4 0 150
20:51:45 4 0 150
20:52:15 4 0 150
20:52:45 4 0 153
20:53:15 4 0 151
20:53:45 4 0 150
20:54:15 4 0 150
20:54:46 4 0 150
20:55:16 4 0 165
20:55:46 4 0 151
20:56:16 4 0 151
20:56:46 4 0 150
20:57:16 4 0 150
20:57:46 4 0 151
20:58:16 4 0 151
20:58:46 4 0 151
20:59:17 4 0 151
20:59:47 4 0 150
21:00:17 4 0 150
21:00:47 4 0 150
21:01:17 4 0 152
21:01:47 4 0 150
21:02:17 4 0 150
21:02:47 4 0 150
21:03:17 4 0 151
21:03:48 4 0 151
21:04:18 4 0 150
21:04:48 4 0 150
21:05:18 4 0 150
21:05:48 4 0 150
21:06:18 4 0 153
21:06:49 4 0 151
21:07:19 4 0 170
21:07:49 4 0 150
21:08:19 4 0 151
21:08:49 4 0 150
21:09:20 4 0 150
21:09:50 4 0 150
21:10:20 4 0 151
21:10:50 4 0 150
21:11:20 4 0 152
21:11:50 4 0 151
21:12:20 4 0 150
21:12:50 4 0 152
21:13:20 4 0 150
21:13:50 4 0 150
21:14:21 4 0 150
21:14:51 4 0 150
21:15:21 4 0 150
21:15:51 4 0 150
21:16:21 4 0 151
21:16:51 4 0 150
21:17:21 4 0 150
21:17:51 4 0 151
21:18:22 4 0 151
21:18:52 4 0 150
21:19:23 3 1 152
21:19:52 4 0 151
21:20:22 4 0 151
21:20:52 4 0 153
21:21:23 4 0 153
21:21:53 4 0 151
21:22:23 4 0 150
21:22:53 4 0 151
21:23:23 4 0 151
21:23:53 4 0 150
21:24:23 4 0 150
21:24:53 4 0 154
21:25:23 4 0 150
21:25:53 4 0 151
21:26:24 4 0 150
21:26:54 4 0 152
21:27:25 4 0 179
21:27:55 4 0 153
21:28:25 4 0 152
21:28:55 4 0 151
21:29:25 4 0 151
21:29:55 4 0 151
21:30:25 4 0 150
21:30:55 4 0 150
21:31:26 4 0 150
21:31:56 4 0 151
21:32:26 4 0 151
21:32:56 4 0 152
21:33:26 4 0 151
21:33:56 4 0 150
21:34:26 4 0 151
21:34:56 4 0 154
21:35:27 4 0 150
21:35:57 4 0 150
21:36:27 4 0 150
21:36:57 4 0 150
21:37:27 4 0 150
21:37:57 4 0 150
21:38:27 4 0 154
21:38:57 4 0 152
21:39:27 4 0 151
21:39:57 4 0 151
21:40:28 4 0 151
21:40:58 4 0 150
21:41:28 4 0 152
21:41:58 4 0 152
21:42:29 3 1 154
21:42:58 4 0 153
21:43:28 4 0 153
21:43:58 4 0 151
21:44:29 4 0 150
21:44:59 4 0 150
21:45:29 4 0 151
21:45:59 4 0 151
21:46:29 4 0 151
21:46:59 4 0 150
21:47:29 4 0 151
21:47:59 4 0 151
21:48:30 4 0 150
21:49:00 4 0 152
21:49:30 4 0 151
21:50:00 4 0 151
21:50:30 4 0 150
21:51:00 4 0 150
21:51:30 4 0 150
21:52:00 4 0 153
21:52:31 4 0 151
21:53:01 4 0 151
21:53:31 4 0 151
21:54:01 4 0 151
21:54:31 4 0 150
21:55:01 4 0 150
21:55:31 4 0 151
21:56:01 4 0 151
21:56:31 4 0 151
21:57:01 4 0 150
21:57:32 4 0 152
21:58:02 4 0 150
21:58:32 4 0 150
21:59:02 4 0 150
21:59:32 4 0 152
22:00:02 4 0 150
22:00:33 4 0 163
22:01:02 4 0 150
22:01:33 4 0 150
22:02:03 4 0 150
22:02:33 4 0 151
22:03:03 4 0 151
22:03:33 4 0 151
22:04:03 4 0 151
22:04:33 4 0 151
22:05:04 4 0 151
22:05:34 4 0 151
22:06:04 4 0 151
22:06:34 4 0 151
22:07:05 4 0 153
22:07:35 4 0 151
22:08:05 4 0 150
22:08:35 4 0 150
22:09:05 4 0 150
22:09:36 4 0 152
22:10:06 4 0 151
22:10:36 4 0 152
22:11:06 4 0 152
22:11:36 4 0 151
22:12:06 4 0 151
22:12:36 4 0 151
22:13:06 4 0 151
22:13:37 4 0 151
22:14:07 4 0 151
22:14:37 4 0 152
22:15:07 4 0 151
22:15:37 4 0 151
22:16:07 4 0 150
22:16:37 4 0 150
22:17:07 4 0 150
22:17:38 4 0 152
22:18:08 4 0 150
22:18:39 3 1 150
22:19:08 4 0 151
22:19:38 4 0 151
22:20:08 4 0 150
22:20:38 4 0 150
22:21:08 4 0 150
22:21:39 4 0 151
22:22:09 4 0 165
22:22:39 4 0 150
22:23:09 4 0 150
22:23:39 4 0 150
22:24:09 4 0 151
22:24:39 4 0 150
22:25:09 4 0 150
22:25:40 4 0 150
22:26:10 4 0 150
22:26:40 4 0 150
22:27:10 4 0 150
22:27:40 4 0 151
22:28:10 4 0 151
22:28:40 4 0 152
22:29:10 4 0 150
22:29:41 4 0 151
22:30:11 4 0 150
22:30:41 4 0 150
22:31:11 4 0 151
22:31:41 4 0 151
22:32:11 4 0 150
22:32:41 4 0 150
22:33:11 4 0 152
22:33:42 4 0 151
22:34:12 4 0 151
22:34:42 4 0 151
22:35:12 4 0 151
22:35:42 4 0 150
22:36:13 3 1 150
22:36:42 4 0 187
22:37:12 4 0 151
22:37:43 4 0 153
22:38:13 4 0 152
22:38:43 4 0 150
22:39:13 4 0 150
22:39:43 4 0 150
22:40:13 4 0 152
22:40:44 4 0 150
22:41:14 4 0 151
22:41:44 4 0 150
22:42:14 4 0 150
22:42:44 4 0 150
22:43:14 4 0 151
22:43:44 4 0 152
22:44:14 4 0 153
22:44:45 4 0 151
22:45:15 4 0 150
22:45:45 4 0 150
22:46:15 4 0 150
22:46:45 4 0 150
22:47:15 4 0 153
22:47:45 4 0 151
22:48:15 4 0 151
22:48:46 4 0 150
22:49:16 4 0 151
22:49:46 4 0 151
22:50:16 4 0 151
22:50:46 4 0 150
22:51:16 4 0 150
22:51:47 3 1 151
22:52:16 4 0 151
22:52:47 4 0 152
22:53:17 4 0 152
22:53:47 4 0 151
22:54:17 4 0 151
22:54:47 4 0 151
22:55:17 4 0 153
22:55:47 4 0 151
22:56:17 4 0 151
22:56:48 4 0 152
22:57:18 4 0 151
22:57:48 4 0 152
22:58:18 4 0 151
22:58:48 4 0 150
22:59:18 4 0 150
22:59:49 4 0 151
23:00:19 4 0 150
23:00:49 4 0 151
23:01:19 4 0 151
23:01:49 4 0 151
23:02:19 4 0 151
23:02:49 4 0 151
23:03:19 4 0 151
23:03:50 4 0 152
23:04:20 4 0 151
23:04:50 4 0 150
23:05:20 4 0 151
23:05:50 4 0 151
23:06:20 4 0 150
23:06:51 3 1 150
23:07:20 4 0 150
23:07:51 4 0 150
23:08:21 4 0 151
23:08:51 4 0 152
23:09:21 4 0 151
23:09:51 4 0 150
23:10:21 4 0 150
23:10:51 4 0 151
23:11:21 4 0 152
23:11:52 4 0 151
23:12:22 4 0 151
23:12:52 4 0 151
23:13:22 4 0 151
23:13:52 4 0 150
23:14:22 4 0 151
23:14:52 4 0 150
23:15:22 4 0 150
23:15:53 4 0 151
23:16:23 4 0 151
23:16:53 4 0 172
23:17:23 4 0 151
23:17:53 4 0 151
23:18:23 4 0 151
23:18:53 4 0 151
23:19:23 4 0 155
23:19:54 4 0 151
23:20:24 4 0 151
23:20:54 4 0 150
23:21:24 4 0 150
23:21:54 4 0 150
23:22:24 4 0 151
23:22:54 4 0 153
23:23:25 4 0 151
23:23:55 4 0 151
23:24:25 4 0 151
23:24:55 4 0 151
23:25:25 4 0 150
23:25:56 3 1 152
23:26:25 4 0 153
23:26:56 4 0 152
23:27:26 4 0 151
23:27:56 4 0 151
23:28:26 4 0 150
23:28:56 4 0 150
23:29:26 4 0 150
23:29:56 4 0 150
23:30:26 4 0 151
23:30:56 4 0 150
23:31:27 4 0 150
23:31:57 4 0 150
23:32:27 4 0 150
23:32:57 4 0 150
23:33:27 4 0 150
23:33:57 4 0 150
23:34:27 4 0 152
23:34:58 4 0 151
23:35:28 4 0 153
23:35:58 4 0 151
23:36:28 4 0 150
23:36:58 4 0 158
23:37:28 4 0 151
23:37:58 4 0 152
23:38:28 4 0 152
23:38:59 4 0 154
23:39:29 4 0 151
23:39:59 4 0 151
23:40:29 4 0 161
23:40:59 4 0 151
23:41:29 4 0 150
23:42:00 4 0 150
23:42:30 4 0 150
23:43:00 4 0 151
23:43:30 4 0 150
23:44:00 4 0 150
23:44:31 4 0 150
23:45:01 4 0 152
23:45:31 4 0 150
23:46:01 4 0 150
23:46:31 4 0 150
23:47:02 4 0 150
23:47:32 4 0 150
23:48:02 4 0 150
23:48:32 4 0 150
23:49:03 4 0 150
23:49:33 4 0 152
23:50:04 4 0 150
23:50:34 4 0 150
23:51:04 4 0 150
23:51:34 4 0 151
23:52:05 4 0 151
23:52:35 4 0 151
23:53:06 4 0 151
23:53:36 4 0 151
23:54:06 4 0 151
23:54:37 4 0 151
23:55:07 4 0 154
23:55:38 4 0 166
23:56:09 4 0 151
23:56:39 4 0 151
23:57:09 4 0 151
23:57:40 4 0 151
23:58:10 4 0 152
23:58:40 4 0 151
23:59:11 4 0 151
23:59:41 4 0 151
