00:00:36 4 0 154
00:00:42 4 0 154
00:01:57 4 0 154
00:02:26 4 0 154
00:02:38 4 0 154
00:03:03 4 0 155
00:03:30 4 0 154
00:04:00 4 0 156
00:04:31 4 0 154
00:05:02 4 0 154
00:05:32 4 0 154
00:06:03 4 0 154
00:06:39 4 0 154
00:07:15 4 0 154
00:07:46 4 0 154
00:08:20 4 0 154
02:00:07 4 0 161
02:00:37 4 0 159
02:01:07 4 0 159
02:01:38 4 0 159
02:02:08 4 0 159
02:02:38 4 0 159
02:03:08 4 0 158
02:03:38 4 0 158
02:04:09 4 0 157
02:04:40 3 1 158
02:05:10 3 1 158
02:05:40 3 1 159
02:06:10 4 0 158
02:06:40 4 0 158
02:07:10 4 0 155
02:07:41 3 1 159
02:08:11 3 1 159
02:08:41 4 0 158
02:09:11 4 0 159
02:09:41 4 0 158
02:10:11 4 0 159
02:10:41 4 0 158
02:11:12 4 0 159
02:11:42 4 0 158
02:12:12 4 0 158
02:12:42 4 0 157
02:13:12 4 0 159
02:13:43 4 0 158
02:14:13 4 0 158
02:14:44 4 0 492
02:15:16 3 1 579
02:15:43 4 0 157
02:16:14 4 0 158
02:16:44 4 0 158
02:17:15 3 1 158
02:17:44 4 0 158
02:18:15 4 0 160
02:18:45 4 0 155
02:19:15 4 0 158
02:19:45 4 0 159
02:20:17 3 1 158
02:20:46 4 0 158
02:21:16 4 0 158
02:21:46 4 0 159
02:22:16 4 0 158
02:22:47 4 0 158
02:23:17 4 0 158
02:23:47 4 0 158
02:24:17 4 0 157
02:24:47 4 0 158
02:25:18 4 0 157
02:25:48 4 0 157
02:26:18 4 0 158
02:26:48 4 0 158
02:27:19 4 0 159
02:27:49 4 0 158
02:28:20 3 1 171
02:28:49 4 0 158
02:29:19 4 0 158
02:29:50 4 0 158
02:30:20 4 0 155
02:30:50 4 0 158
02:31:20 4 0 158
02:31:50 4 0 168
02:32:21 4 0 158
02:32:51 4 0 157
02:33:21 4 0 158
02:33:51 4 0 158
02:34:21 4 0 158
02:34:52 4 0 158
02:35:23 3 1 158
02:35:52 4 0 157
02:36:22 4 0 158
02:36:52 4 0 158
02:37:23 4 0 158
02:37:53 4 0 159
02:38:23 4 0 158
02:38:53 4 0 158
02:39:23 4 0 158
02:39:54 4 0 158
02:40:24 4 0 159
02:40:55 3 1 158
02:41:24 4 0 160
02:41:54 4 0 158
02:42:25 4 0 158
02:42:55 4 0 158
02:43:25 4 0 158
02:43:55 4 0 157
02:44:25 4 0 158
02:44:55 4 0 158
02:45:26 4 0 157
02:45:56 4 0 158
02:46:26 4 0 159
02:46:56 4 0 158
02:47:27 4 0 161
02:47:59 2 2 158
02:48:27 4 0 157
02:48:57 4 0 158
02:49:27 4 0 163
02:49:57 4 0 158
02:50:28 4 0 158
02:50:58 4 0 157
02:51:28 4 0 158
02:52:01 2 2 570
02:52:31 3 1 570
02:52:59 4 0 158
02:53:30 2 2 159
02:53:59 4 0 156
02:54:29 4 0 158
02:55:00 4 0 188
02:55:30 4 0 157
02:56:00 4 0 158
02:56:30 4 0 158
02:57:00 4 0 158
02:57:31 4 0 159
02:58:01 4 0 157
02:58:31 4 0 158
02:59:01 4 0 157
02:59:31 4 0 158
03:00:02 3 1 159
03:00:33 3 1 158
03:01:02 4 0 158
03:01:32 4 0 155
03:02:02 4 0 158
03:02:33 4 0 157
03:03:03 4 0 157
03:03:33 4 0 157
03:04:03 4 0 158
03:04:33 4 0 157
03:05:04 4 0 155
03:05:34 4 0 157
03:06:04 4 0 158
03:06:35 4 0 158
03:07:05 4 0 157
03:07:35 4 0 157
03:08:06 4 0 156
03:08:36 4 0 157
03:09:06 4 0 156
03:09:37 4 0 157
03:10:07 4 0 158
03:10:37 4 0 159
03:11:08 3 1 158
03:11:37 4 0 158
03:12:07 4 0 159
03:12:38 4 0 157
03:13:08 4 0 158
03:13:38 4 0 157
03:14:08 4 0 158
03:14:38 4 0 158
03:15:09 3 1 158
03:15:39 4 0 157
03:16:09 4 0 157
03:16:39 4 0 156
03:17:09 4 0 157
03:17:39 4 0 158
03:18:10 4 0 158
03:18:40 4 0 156
03:19:10 4 0 156
03:19:40 4 0 158
03:20:10 4 0 157
03:20:41 3 1 158
03:21:11 4 0 158
03:21:41 4 0 158
03:22:11 4 0 157
03:22:41 4 0 157
03:23:11 4 0 156
03:23:41 4 0 156
03:24:11 4 0 157
03:24:42 4 0 156
03:25:12 4 0 158
03:25:42 4 0 158
03:26:12 4 0 156
03:26:42 4 0 157
03:27:13 4 0 157
03:27:44 3 1 158
03:28:13 4 0 157
03:28:43 4 0 158
03:29:13 4 0 157
03:29:43 4 0 158
03:30:13 4 0 156
03:30:44 4 0 155
03:31:14 4 0 155
03:31:44 4 0 155
03:32:14 4 0 156
03:32:44 4 0 157
03:33:14 4 0 157
03:33:45 4 0 158
03:34:15 4 0 158
03:34:45 4 0 157
03:35:15 4 0 158
03:35:45 4 0 157
03:36:15 4 0 157
03:36:46 4 0 157
03:37:16 4 0 156
03:37:46 4 0 157
03:38:16 4 0 155
03:38:47 4 0 157
03:39:17 4 0 155
03:39:47 4 0 158
03:40:17 4 0 158
03:40:47 4 0 158
03:41:17 4 0 158
03:41:48 4 0 158
03:42:18 4 0 156
03:42:48 4 0 156
03:43:18 4 0 156
03:43:48 4 0 156
03:44:18 4 0 156
03:44:49 4 0 158
03:45:19 4 0 156
03:45:49 4 0 158
03:46:19 4 0 155
03:46:49 4 0 157
03:47:19 4 0 158
03:47:50 4 0 158
03:48:20 4 0 158
03:48:50 4 0 157
03:49:20 4 0 158
03:49:50 4 0 158
03:50:20 4 0 157
03:50:51 4 0 157
03:51:21 4 0 156
03:51:52 3 1 156
03:52:21 4 0 155
03:52:51 4 0 156
03:53:21 4 0 155
03:53:52 4 0 156
03:54:22 4 0 155
03:54:52 4 0 157
03:55:22 4 0 155
03:55:52 4 0 156
03:56:22 4 0 156
03:56:53 4 0 156
03:57:23 4 0 155
03:57:53 4 0 156
03:58:23 4 0 156
03:58:53 4 0 155
03:59:23 4 0 156
03:59:54 4 0 157
04:00:24 4 0 155
04:00:54 4 0 155
04:01:24 4 0 169
04:01:54 4 0 156
04:02:24 4 0 158
04:02:55 4 0 156
04:03:25 4 0 158
04:03:55 4 0 155
04:04:25 4 0 155
04:04:55 4 0 157
04:05:26 4 0 158
04:05:56 4 0 158
04:06:27 3 1 159
04:06:56 4 0 157
04:07:26 4 0 158
04:07:56 4 0 157
04:08:26 4 0 155
04:08:57 4 0 155
04:09:27 4 0 155
04:09:57 4 0 156
04:10:27 4 0 158
04:10:57 4 0 157
04:11:28 4 0 155
04:11:58 4 0 157
04:12:28 4 0 155
04:12:58 4 0 156
04:13:28 4 0 155
04:13:58 4 0 156
04:14:29 4 0 157
04:14:59 4 0 156
04:15:29 4 0 155
04:15:59 4 0 155
04:16:29 4 0 157
04:16:59 4 0 155
04:17:30 4 0 155
04:18:00 4 0 157
04:18:30 3 1 159
04:19:00 4 0 155
04:19:30 4 0 155
04:20:00 4 0 155
04:20:31 4 0 155
04:21:01 4 0 157
04:21:31 4 0 156
04:22:01 4 0 156
04:22:31 4 0 156
04:23:01 4 0 158
04:23:31 4 0 157
04:24:02 4 0 155
04:24:32 4 0 158
04:25:02 4 0 155
04:25:32 4 0 167
04:26:03 4 0 154
04:26:33 4 0 154
04:27:03 4 0 154
04:27:33 4 0 154
04:28:03 4 0 154
04:28:33 4 0 154
04:29:03 4 0 154
04:29:34 4 0 154
04:30:04 4 0 153
04:30:34 4 0 153
04:31:04 4 0 154
04:31:34 4 0 153
04:32:05 4 0 154
04:32:35 4 0 154
04:33:05 4 0 154
04:33:35 4 0 153
04:34:05 4 0 154
04:34:35 4 0 156
04:35:06 4 0 154
04:35:36 4 0 154
04:36:06 4 0 154
04:36:36 4 0 153
04:37:06 4 0 154
04:37:36 4 0 153
04:38:07 4 0 157
04:38:37 4 0 153
04:39:07 4 0 154
04:39:37 4 0 153
04:40:07 4 0 154
04:40:38 4 0 153
04:41:08 4 0 154
04:41:38 4 0 153
04:42:08 4 0 154
04:42:38 4 0 153
04:43:09 4 0 153
04:43:39 4 0 154
04:44:09 4 0 154
04:44:39 4 0 153
04:45:09 4 0 154
04:45:39 4 0 153
04:46:10 4 0 153
04:46:40 4 0 153
04:47:10 4 0 153
04:47:40 4 0 153
04:48:10 4 0 154
04:48:40 4 0 153
04:49:11 4 0 153
04:49:41 4 0 153
04:50:11 4 0 154
04:50:41 4 0 153
04:51:11 4 0 154
04:51:41 4 0 154
04:52:12 4 0 154
04:52:42 4 0 154
04:53:12 4 0 153
04:53:42 4 0 154
04:54:12 4 0 154
04:54:42 4 0 154
04:55:13 4 0 154
04:55:43 4 0 153
04:56:13 4 0 153
04:56:43 4 0 153
04:57:13 4 0 153
04:57:43 4 0 154
04:58:14 4 0 154
04:58:44 4 0 154
04:59:14 4 0 154
04:59:44 4 0 154
05:00:14 4 0 154
05:00:44 4 0 153
05:01:15 4 0 154
05:01:45 4 0 154
05:02:15 4 0 154
05:02:45 4 0 154
05:03:15 4 0 153
05:03:45 4 0 153
05:04:16 4 0 153
05:04:46 4 0 153
05:05:16 4 0 154
05:05:46 4 0 154
05:06:16 4 0 154
05:06:46 4 0 153
05:07:17 4 0 154
05:07:47 4 0 153
05:08:17 4 0 176
05:08:47 4 0 154
05:09:17 4 0 153
05:09:48 4 0 153
05:10:18 4 0 160
05:10:48 4 0 154
05:11:18 4 0 153
05:11:48 4 0 153
05:12:19 4 0 153
05:12:49 4 0 154
05:13:19 4 0 153
05:13:49 4 0 153
05:14:19 4 0 154
05:14:49 4 0 154
05:15:20 4 0 154
05:15:50 4 0 153
05:16:20 4 0 154
05:16:50 4 0 153
05:17:20 4 0 154
05:17:50 4 0 153
05:18:21 4 0 154
05:18:51 4 0 154
05:19:21 4 0 154
05:19:51 4 0 153
05:20:21 4 0 153
05:20:52 4 0 153
05:21:22 4 0 153
05:21:52 4 0 153
05:22:22 4 0 155
05:22:52 4 0 153
05:23:22 4 0 154
05:23:53 4 0 153
05:24:23 4 0 154
05:24:53 4 0 153
05:25:23 4 0 154
05:25:53 4 0 154
05:26:24 4 0 154
05:26:54 4 0 153
05:27:24 4 0 155
05:27:54 4 0 153
05:28:24 4 0 154
05:28:54 4 0 154
05:29:25 4 0 154
05:29:55 4 0 154
05:30:25 4 0 154
05:30:55 4 0 154
05:31:25 4 0 154
05:31:55 4 0 154
05:32:26 4 0 153
05:32:56 4 0 154
05:33:26 4 0 154
05:33:56 4 0 154
05:34:26 4 0 154
05:34:56 4 0 154
05:35:27 4 0 154
05:35:57 4 0 154
05:36:27 4 0 154
05:36:57 4 0 154
05:37:27 4 0 154
05:37:57 4 0 154
05:38:28 4 0 153
05:38:58 4 0 154
05:39:28 4 0 154
05:39:58 4 0 154
05:40:28 4 0 154
05:40:58 4 0 154
05:41:29 4 0 154
05:41:59 4 0 154
05:42:29 4 0 154
05:42:59 4 0 154
05:43:29 4 0 154
05:43:59 4 0 154
05:44:30 4 0 154
05:45:00 4 0 154
05:45:30 4 0 154
05:46:00 4 0 154
05:46:30 4 0 154
05:47:00 4 0 154
05:47:31 4 0 154
05:48:01 4 0 153
05:48:31 4 0 153
05:49:01 4 0 153
05:49:31 4 0 153
05:50:01 4 0 153
05:50:32 4 0 154
05:51:02 4 0 153
05:51:32 4 0 154
05:52:02 4 0 153
05:52:32 4 0 154
05:53:02 4 0 153
05:53:33 4 0 153
05:54:03 4 0 154
05:54:33 4 0 153
05:55:03 4 0 153
05:55:33 4 0 154
05:56:04 4 0 154
05:56:34 4 0 153
05:57:04 4 0 153
05:57:34 4 0 153
05:58:04 4 0 153
05:58:34 4 0 153
05:59:05 4 0 153
05:59:35 4 0 154
06:00:05 4 0 153
06:00:35 4 0 154
06:01:05 4 0 153
06:01:36 4 0 154
06:02:06 4 0 153
06:02:36 4 0 154
06:03:06 4 0 153
06:03:37 4 0 153
06:04:07 4 0 153
06:04:37 4 0 153
06:05:07 4 0 154
06:05:37 4 0 153
06:06:07 4 0 153
06:06:38 4 0 154
06:07:08 4 0 153
06:07:38 4 0 154
06:08:08 4 0 153
06:08:39 4 0 154
06:09:09 4 0 153
06:09:39 4 0 154
06:10:09 4 0 153
06:10:39 4 0 154
06:11:09 4 0 153
06:11:40 4 0 153
06:12:10 4 0 153
06:12:40 4 0 153
06:13:10 4 0 153
06:13:40 4 0 153
06:14:10 4 0 153
06:14:41 4 0 154
06:15:11 4 0 153
06:15:41 4 0 154
06:16:11 4 0 153
06:16:41 4 0 154
06:17:11 4 0 153
06:17:42 4 0 153
06:18:12 4 0 154
06:18:42 4 0 154
06:19:12 4 0 154
06:19:42 4 0 154
06:20:12 4 0 154
06:20:43 4 0 154
06:21:13 4 0 154
06:21:43 4 0 154
06:22:13 4 0 154
06:22:44 4 0 154
06:23:14 4 0 154
06:23:44 4 0 154
06:24:14 4 0 154
06:24:44 4 0 154
06:25:14 4 0 154
06:25:45 4 0 154
06:26:15 4 0 154
06:26:45 4 0 154
06:27:15 4 0 168
06:27:45 4 0 154
06:28:15 4 0 154
06:28:46 4 0 173
06:29:16 4 0 154
06:29:46 4 0 153
06:30:16 4 0 153
06:30:46 4 0 153
06:31:16 4 0 153
06:31:47 4 0 154
06:32:17 4 0 153
06:32:47 4 0 154
06:33:17 4 0 154
06:33:47 4 0 153
06:34:17 4 0 153
06:34:48 4 0 154
06:35:18 4 0 153
06:35:48 4 0 154
06:36:18 4 0 154
06:36:48 4 0 154
06:37:18 4 0 154
06:37:49 4 0 154
06:38:19 4 0 153
06:38:49 4 0 153
06:39:19 4 0 153
06:39:49 4 0 154
06:40:19 4 0 153
06:40:50 4 0 153
06:41:20 4 0 153
06:41:50 4 0 154
06:42:20 4 0 153
06:42:50 4 0 154
06:43:20 4 0 153
06:43:51 4 0 154
06:44:21 4 0 153
06:44:51 4 0 153
06:45:21 4 0 154
06:45:51 4 0 154
06:46:21 4 0 154
06:46:52 4 0 154
06:47:22 4 0 153
06:47:52 4 0 154
06:48:22 4 0 153
06:48:52 4 0 154
06:49:22 4 0 153
06:49:53 4 0 154
06:50:23 4 0 153
06:50:53 4 0 154
06:51:23 4 0 153
06:51:53 4 0 154
06:52:23 4 0 154
06:52:54 4 0 166
06:53:24 4 0 154
06:53:54 4 0 154
06:54:24 4 0 154
06:54:54 4 0 154
06:55:24 4 0 154
06:55:55 4 0 154
06:56:25 4 0 154
06:56:55 4 0 154
06:57:25 4 0 154
06:57:55 4 0 154
06:58:25 4 0 153
06:58:56 4 0 154
06:59:26 4 0 153
06:59:56 4 0 154
07:00:26 4 0 153
07:00:56 4 0 154
07:01:26 4 0 153
07:01:57 4 0 154
07:02:27 4 0 154
07:02:57 4 0 154
07:03:27 4 0 153
07:03:57 4 0 154
07:04:27 4 0 153
07:04:58 4 0 154
07:05:28 4 0 154
07:05:58 4 0 153
07:06:28 4 0 153
07:06:58 4 0 153
07:07:28 4 0 154
07:07:59 4 0 154
07:08:29 4 0 153
07:08:59 4 0 154
07:09:29 4 0 153
07:09:59 4 0 154
07:10:29 4 0 153
07:11:00 4 0 154
07:11:30 4 0 154
07:12:00 4 0 153
07:12:30 4 0 153
07:13:00 4 0 153
07:13:30 4 0 153
07:14:01 4 0 163
07:14:31 4 0 153
07:15:01 4 0 154
07:15:31 4 0 153
07:16:01 4 0 154
07:16:32 4 0 154
07:17:02 4 0 154
07:17:32 4 0 154
07:18:02 4 0 154
07:18:32 4 0 153
07:19:02 4 0 154
07:19:32 4 0 154
07:20:03 4 0 154
07:20:33 4 0 153
07:21:03 4 0 154
07:21:33 4 0 153
07:22:03 4 0 154
07:22:33 4 0 153
07:23:04 4 0 154
07:23:34 4 0 154
07:24:04 4 0 153
07:24:34 4 0 153
07:25:05 4 0 154
07:25:35 4 0 154
07:26:05 4 0 154
07:26:36 4 0 154
07:27:06 4 0 154
07:27:36 4 0 154
07:28:06 4 0 154
07:28:37 4 0 154
07:29:07 4 0 153
07:29:37 4 0 154
07:30:07 4 0 154
07:30:37 4 0 153
07:31:08 4 0 154
07:31:38 4 0 154
07:32:08 4 0 154
07:32:38 4 0 153
07:33:08 4 0 154
07:33:38 4 0 154
07:34:09 4 0 154
07:34:39 4 0 154
07:35:10 4 0 154
07:35:40 4 0 154
07:36:10 4 0 154
07:36:40 4 0 154
07:37:11 4 0 154
07:37:41 4 0 154
07:38:11 4 0 154
07:38:41 4 0 154
07:39:11 4 0 154
07:39:41 4 0 154
07:40:12 4 0 154
07:40:42 4 0 154
07:41:12 4 0 154
07:41:42 4 0 154
07:42:12 4 0 154
07:42:42 4 0 154
07:43:13 4 0 154
07:43:43 4 0 154
07:44:13 4 0 154
07:44:43 4 0 154
07:45:13 4 0 154
07:45:43 4 0 153
07:46:14 4 0 154
07:46:44 4 0 154
07:47:14 4 0 154
07:47:44 4 0 154
07:48:14 4 0 154
07:48:44 4 0 153
07:49:14 4 0 154
07:49:45 4 0 153
07:50:15 4 0 155
07:50:45 4 0 154
07:51:15 4 0 160
07:51:45 4 0 154
07:52:15 4 0 154
07:52:46 4 0 185
07:53:16 4 0 153
07:53:46 4 0 154
07:54:16 4 0 154
07:54:46 4 0 154
07:55:16 4 0 153
07:55:46 4 0 154
07:56:17 4 0 154
07:56:47 4 0 154
07:57:17 4 0 154
07:57:47 4 0 154
07:58:17 4 0 154
07:58:47 4 0 154
07:59:18 4 0 154
07:59:48 4 0 154
08:00:18 4 0 154
08:00:48 4 0 154
08:01:18 4 0 154
08:01:48 4 0 153
08:02:19 4 0 153
08:02:49 4 0 154
08:03:19 4 0 153
08:03:49 4 0 153
08:04:19 4 0 153
08:04:49 4 0 155
08:05:20 4 0 154
08:05:50 4 0 153
08:06:20 4 0 153
08:06:50 4 0 153
08:07:20 4 0 153
08:07:50 4 0 154
08:08:20 4 0 153
08:08:50 4 0 153
08:09:21 4 0 153
08:09:51 4 0 153
08:10:21 4 0 153
08:10:51 4 0 153
08:11:21 4 0 155
08:11:51 4 0 153
08:12:22 4 0 153
08:12:52 4 0 153
08:13:22 4 0 154
08:13:52 4 0 177
08:14:22 4 0 154
08:14:52 4 0 154
08:15:23 4 0 154
08:15:53 4 0 154
08:16:23 4 0 154
08:16:53 4 0 153
08:17:23 4 0 154
08:17:53 4 0 154
08:18:24 4 0 154
08:18:54 4 0 154
08:19:24 4 0 154
08:19:54 4 0 154
08:20:24 4 0 154
08:20:54 4 0 154
08:21:25 4 0 154
08:21:55 4 0 154
08:22:25 4 0 154
08:22:55 4 0 154
08:23:26 4 0 169
08:23:56 4 0 153
08:24:26 4 0 154
08:24:56 4 0 154
08:25:26 4 0 154
08:25:57 4 0 154
08:26:27 4 0 153
08:26:57 4 0 153
08:27:27 4 0 155
08:27:57 4 0 154
08:28:27 4 0 154
08:28:57 4 0 154
08:29:28 4 0 154
08:29:58 4 0 155
08:30:28 4 0 154
08:30:58 4 0 154
08:31:28 4 0 154
08:31:58 4 0 154
08:32:29 4 0 154
08:32:59 4 0 154
08:33:29 4 0 153
08:33:59 4 0 154
08:34:29 4 0 154
08:34:59 4 0 153
08:35:30 4 0 154
08:36:00 4 0 154
08:36:30 4 0 154
08:37:00 4 0 154
08:37:30 4 0 154
08:38:00 4 0 154
08:38:31 4 0 153
08:39:01 4 0 153
08:39:31 4 0 156
08:40:01 4 0 156
08:40:31 4 0 154
08:41:01 4 0 153
08:41:32 4 0 154
08:42:02 4 0 154
08:42:33 4 0 154
08:43:03 4 0 153
08:43:33 4 0 155
08:44:03 4 0 154
08:44:34 4 0 156
08:45:04 4 0 168
08:45:34 4 0 154
08:46:04 4 0 153
08:46:35 4 0 153
08:47:05 4 0 154
08:47:35 4 0 154
08:48:05 4 0 154
08:48:35 4 0 156
08:49:05 4 0 153
08:49:35 4 0 156
08:50:05 4 0 154
08:50:36 4 0 155
08:51:06 4 0 154
08:51:36 4 0 155
08:52:06 4 0 154
08:52:37 4 0 154
08:53:07 4 0 154
08:53:37 4 0 154
08:54:07 4 0 154
08:54:37 4 0 155
08:55:08 4 0 154
08:55:38 4 0 155
08:56:08 4 0 155
08:56:39 4 0 155
08:57:09 4 0 154
08:57:39 4 0 154
08:58:10 4 0 154
08:58:40 4 0 154
08:59:10 4 0 154
08:59:41 4 0 156
09:00:11 4 0 153
09:00:41 4 0 170
09:01:11 4 0 154
09:01:41 4 0 154
09:02:11 4 0 154
09:02:42 4 0 154
09:03:12 4 0 192
09:03:42 4 0 154
09:04:12 4 0 154
09:04:42 4 0 154
09:05:12 4 0 154
09:05:42 4 0 154
09:06:12 4 0 154
09:06:43 4 0 154
09:07:14 3 1 155
09:07:43 4 0 155
09:08:13 4 0 155
09:08:43 4 0 154
09:09:13 4 0 154
09:09:43 4 0 154
09:10:13 4 0 154
09:10:44 4 0 155
09:11:14 4 0 155
09:11:44 4 0 155
09:12:14 4 0 153
09:12:44 4 0 153
09:13:14 4 0 154
09:13:44 4 0 164
09:14:14 4 0 154
09:14:45 4 0 154
09:15:15 4 0 154
09:15:46 3 1 155
09:16:16 3 1 183
09:16:45 4 0 154
09:17:15 4 0 155
09:17:45 4 0 155
09:18:16 4 0 155
09:18:47 4 0 154
09:19:17 4 0 154
09:19:47 4 0 155
09:20:17 4 0 155
09:20:48 4 0 155
09:21:18 4 0 155
09:21:48 4 0 154
09:22:18 4 0 156
09:22:48 4 0 154
09:23:18 4 0 154
09:23:48 4 0 156
09:24:18 4 0 155
09:24:49 4 0 155
09:25:19 4 0 154
09:25:49 4 0 154
09:26:19 4 0 155
09:26:49 4 0 154
09:27:19 4 0 157
09:27:50 4 0 155
09:28:20 4 0 154
09:28:50 4 0 154
09:29:20 4 0 154
09:29:50 4 0 153
09:30:20 4 0 156
09:30:50 4 0 156
09:31:20 4 0 154
09:31:51 4 0 155
09:32:21 4 0 155
09:32:51 4 0 154
09:33:21 4 0 154
09:33:51 4 0 154
09:34:21 4 0 154
09:34:52 4 0 154
09:35:22 4 0 155
09:35:52 4 0 154
09:36:22 4 0 154
09:36:52 4 0 153
09:37:22 4 0 155
09:37:53 4 0 154
09:38:23 4 0 155
09:38:53 4 0 154
09:39:23 4 0 155
09:39:54 4 0 154
09:40:24 4 0 154
09:40:54 4 0 155
09:41:24 4 0 155
09:41:54 4 0 155
09:42:24 4 0 165
09:42:55 4 0 155
09:43:25 4 0 156
09:43:55 4 0 155
09:44:25 4 0 154
09:44:55 4 0 154
09:45:25 4 0 154
09:45:55 4 0 154
09:46:25 4 0 155
09:46:56 4 0 155
09:47:26 4 0 154
09:47:56 4 0 154
09:48:26 4 0 155
09:48:56 4 0 154
09:49:26 4 0 154
09:49:56 4 0 154
09:50:26 4 0 154
09:50:57 4 0 176
09:51:27 4 0 155
09:51:58 4 0 154
09:52:28 4 0 154
09:52:58 4 0 154
09:53:28 4 0 155
09:53:58 4 0 154
09:54:28 4 0 159
09:54:58 4 0 154
09:55:28 4 0 154
09:55:58 4 0 154
09:56:29 4 0 154
09:56:59 4 0 170
09:57:29 4 0 154
09:57:59 4 0 154
09:58:29 4 0 154
09:58:59 4 0 154
09:59:30 4 0 206
09:59:59 4 0 157
10:00:30 4 0 157
10:01:00 4 0 155
10:01:30 4 0 154
10:02:00 4 0 156
10:02:30 4 0 156
10:03:00 4 0 155
10:03:30 4 0 154
10:04:00 4 0 156
10:04:31 3 1 156
10:05:01 4 0 154
10:05:31 4 0 154
10:06:01 4 0 154
10:06:31 4 0 157
10:07:01 4 0 154
10:07:31 4 0 154
10:08:01 4 0 154
10:08:31 4 0 155
10:09:02 4 0 153
10:09:32 4 0 154
10:10:02 4 0 156
10:10:34 2 2 154
10:11:02 4 0 155
10:11:32 4 0 183
10:12:03 3 1 196
10:12:33 4 0 187
10:13:03 4 0 187
10:13:34 3 1 184
10:14:03 4 0 186
10:14:33 4 0 190
10:15:03 4 0 153
10:15:34 3 1 185
10:16:04 4 0 186
10:16:35 3 1 189
10:17:05 3 1 196
10:17:34 4 0 188
10:18:04 4 0 190
10:18:35 3 1 198
10:19:05 4 0 195
10:19:35 3 1 192
10:20:05 4 0 196
10:20:35 4 0 192
10:21:05 4 0 192
10:21:36 4 0 186
10:22:06 4 0 179
10:22:36 4 0 186
10:23:08 3 1 196
10:23:37 4 0 191
10:24:08 4 0 187
10:24:38 4 0 185
10:25:08 4 0 156
10:25:38 4 0 154
10:26:09 4 0 154
10:26:40 4 0 154
10:27:11 4 0 155
10:27:41 4 0 155
10:28:11 4 0 154
10:28:41 4 0 155
10:29:11 4 0 154
10:29:41 4 0 164
10:30:11 4 0 155
10:30:41 4 0 155
10:31:12 4 0 155
10:31:42 4 0 154
10:32:12 4 0 154
10:32:42 4 0 154
10:33:12 4 0 154
10:33:42 4 0 156
10:34:12 4 0 154
10:34:42 4 0 154
10:35:13 4 0 154
10:35:43 4 0 154
10:36:13 4 0 154
10:36:43 4 0 158
10:37:13 4 0 155
10:37:43 4 0 155
10:38:14 4 0 154
10:38:44 4 0 155
10:39:15 4 0 154
10:39:45 4 0 154
10:40:15 4 0 156
10:40:45 4 0 155
10:41:16 4 0 154
10:41:46 4 0 153
10:42:16 4 0 154
10:42:46 4 0 153
10:43:16 4 0 153
10:43:46 4 0 156
10:44:17 4 0 155
10:44:47 4 0 154
10:45:17 4 0 154
10:45:47 4 0 154
10:46:17 4 0 155
10:46:47 4 0 155
10:47:18 4 0 155
10:47:48 4 0 154
10:48:18 4 0 155
10:48:48 4 0 154
10:49:18 4 0 156
10:49:48 4 0 154
10:50:19 4 0 154
10:50:49 4 0 155
10:51:19 4 0 154
10:51:49 4 0 154
10:52:19 4 0 155
10:52:50 4 0 155
10:53:20 4 0 165
10:53:50 4 0 155
10:54:20 4 0 154
10:54:50 4 0 154
10:55:21 4 0 154
10:55:51 4 0 155
10:56:22 4 0 156
10:56:53 3 1 194
10:57:22 4 0 158
10:57:52 4 0 154
10:58:22 4 0 154
10:58:53 4 0 154
10:59:23 4 0 155
10:59:53 4 0 154
11:00:24 4 0 154
11:00:54 4 0 156
11:01:24 4 0 155
11:01:54 4 0 154
11:02:24 4 0 156
11:02:54 4 0 154
11:03:25 4 0 156
11:03:55 4 0 156
11:04:25 4 0 156
11:04:55 4 0 157
11:05:25 4 0 157
11:05:56 3 1 156
11:06:25 4 0 157
11:06:56 3 1 157
11:07:26 4 0 159
11:07:56 4 0 154
11:08:26 4 0 156
11:08:56 4 0 156
11:09:27 4 0 157
11:09:57 4 0 157
11:10:27 4 0 156
11:10:57 4 0 156
11:11:28 3 1 157
11:11:57 4 0 156
11:12:28 4 0 159
11:12:58 4 0 156
11:13:28 4 0 157
11:13:59 3 1 156
11:14:28 4 0 158
11:14:59 4 0 154
11:15:29 4 0 183
11:15:59 4 0 155
11:16:30 4 0 154
11:17:00 4 0 155
11:17:30 4 0 157
11:18:00 4 0 156
11:18:31 4 0 157
11:19:01 4 0 155
11:19:31 4 0 154
11:20:01 4 0 157
11:20:31 4 0 154
11:21:01 4 0 154
11:21:32 4 0 155
11:22:02 4 0 156
11:22:32 4 0 156
11:23:02 4 0 155
11:23:32 4 0 155
11:24:02 4 0 155
11:24:33 3 1 156
11:25:02 4 0 154
11:25:33 4 0 155
11:26:03 4 0 155
11:26:33 4 0 158
11:27:03 4 0 155
11:27:34 3 1 157
11:28:03 4 0 157
11:28:33 4 0 156
11:29:03 4 0 154
11:29:34 4 0 155
11:30:04 4 0 155
11:30:34 4 0 155
11:31:04 4 0 156
11:31:35 3 1 155
11:32:04 4 0 154
11:32:34 4 0 155
11:33:04 4 0 154
11:33:36 3 1 155
11:34:05 4 0 155
11:34:35 4 0 163
11:35:05 4 0 156
11:35:35 4 0 155
11:36:05 4 0 156
11:36:36 4 0 156
11:37:07 4 0 155
11:37:37 4 0 154
11:38:07 4 0 154
11:38:38 4 0 156
11:39:08 4 0 154
11:39:38 4 0 154
11:40:08 4 0 154
11:40:38 4 0 173
11:41:08 4 0 154
11:41:38 4 0 154
11:42:08 4 0 156
11:42:39 4 0 158
11:43:09 4 0 155
11:43:39 4 0 154
11:44:09 4 0 160
11:44:40 4 0 159
11:45:10 4 0 155
11:45:40 4 0 159
11:46:11 4 0 155
11:46:43 3 1 154
11:47:12 4 0 155
11:47:42 4 0 156
11:48:12 4 0 154
11:48:43 4 0 154
11:49:13 4 0 155
11:49:44 4 0 156
11:50:14 4 0 155
11:50:45 3 1 161
11:51:14 4 0 158
11:51:45 4 0 154
11:52:17 3 1 157
11:52:46 4 0 155
11:53:16 4 0 156
11:53:46 4 0 155
11:54:16 4 0 156
11:54:46 4 0 155
11:55:16 4 0 157
11:55:46 4 0 155
11:56:17 4 0 154
11:56:47 4 0 156
11:57:17 4 0 155
11:57:47 4 0 155
11:58:17 4 0 156
11:58:47 4 0 156
11:59:17 4 0 154
11:59:48 4 0 156
12:00:18 4 0 156
12:00:48 4 0 154
12:01:18 4 0 156
12:01:48 4 0 158
12:02:18 4 0 155
12:02:49 4 0 156
12:03:19 4 0 160
12:03:49 4 0 154
12:04:19 4 0 156
12:04:49 4 0 156
12:05:19 4 0 158
12:05:49 4 0 158
12:06:19 4 0 154
12:06:49 4 0 154
12:07:20 4 0 155
12:07:50 4 0 155
12:08:20 3 1 154
12:08:50 4 0 155
12:09:20 4 0 155
12:09:50 4 0 158
12:10:21 4 0 156
12:10:51 4 0 156
12:11:22 3 1 155
12:11:51 4 0 154
12:12:21 4 0 156
12:12:51 4 0 156
12:13:21 4 0 156
12:13:52 4 0 155
12:14:22 4 0 155
12:14:52 4 0 155
12:15:22 4 0 156
12:15:53 4 0 157
12:16:23 4 0 156
12:16:53 4 0 155
12:17:23 4 0 154
12:17:54 4 0 156
12:18:24 4 0 155
12:18:55 4 0 154
12:19:25 4 0 155
12:19:55 4 0 154
12:20:25 4 0 154
12:20:55 4 0 154
12:21:25 4 0 155
12:21:55 4 0 155
12:22:25 4 0 155
12:22:56 4 0 156
12:23:26 4 0 171
12:23:56 4 0 155
12:24:26 4 0 156
12:24:56 4 0 155
12:25:26 4 0 154
12:25:56 4 0 154
12:26:26 4 0 164
12:26:57 4 0 155
12:27:27 4 0 156
12:27:57 4 0 158
12:28:28 3 1 158
12:28:58 4 0 161
12:29:28 4 0 154
12:29:58 4 0 154
12:30:28 4 0 154
12:30:58 4 0 154
12:31:28 4 0 156
12:31:58 4 0 156
12:32:28 4 0 160
12:32:58 4 0 157
12:33:28 4 0 154
12:33:59 4 0 156
12:34:29 4 0 155
12:34:59 4 0 155
12:35:29 4 0 154
12:35:59 4 0 154
12:36:29 4 0 155
12:36:59 4 0 156
12:37:29 4 0 156
12:38:00 4 0 170
12:38:30 4 0 157
12:39:00 4 0 154
12:39:30 4 0 155
12:40:00 4 0 154
12:40:30 4 0 155
12:41:00 4 0 155
12:41:30 4 0 154
12:42:01 4 0 156
12:42:31 4 0 154
12:43:01 4 0 158
12:43:31 4 0 156
12:44:01 4 0 156
12:44:31 4 0 158
12:45:01 4 0 156
12:45:31 4 0 154
12:46:01 4 0 155
12:46:31 4 0 182
12:47:01 4 0 156
12:47:31 4 0 156
12:48:02 4 0 156
12:48:32 4 0 155
12:49:02 4 0 155
12:49:32 4 0 156
12:50:03 4 0 157
12:50:33 4 0 155
12:51:03 4 0 156
12:51:33 4 0 156
12:52:04 4 0 156
12:52:34 4 0 155
12:53:04 4 0 157
12:53:34 4 0 154
12:54:05 3 1 156
12:54:34 4 0 155
12:55:04 4 0 156
12:55:34 4 0 156
12:56:05 4 0 156
12:56:35 4 0 156
12:57:05 4 0 156
12:57:35 4 0 155
12:58:05 4 0 156
12:58:35 4 0 156
12:59:05 4 0 155
12:59:35 4 0 166
13:00:06 4 0 155
13:00:36 4 0 156
13:01:06 4 0 156
13:01:36 4 0 155
13:02:06 4 0 156
13:02:36 4 0 155
13:03:06 4 0 184
13:03:36 4 0 155
13:04:07 4 0 156
13:04:37 4 0 155
13:05:07 4 0 155
13:05:37 4 0 155
13:06:07 4 0 154
13:06:37 4 0 154
13:07:07 4 0 154
13:07:37 4 0 155
13:08:07 4 0 154
13:08:37 4 0 157
13:09:08 4 0 156
13:09:38 4 0 156
13:10:08 4 0 155
13:10:38 4 0 155
13:11:08 4 0 156
13:11:38 4 0 154
13:12:08 4 0 158
13:12:38 4 0 156
13:13:08 4 0 153
13:13:38 4 0 155
13:14:09 4 0 156
13:14:39 4 0 155
13:15:09 4 0 156
13:15:39 4 0 155
13:16:09 4 0 154
13:16:39 4 0 158
13:17:10 3 1 156
13:17:39 4 0 154
13:18:09 4 0 156
13:18:39 4 0 157
13:19:10 4 0 154
13:19:40 4 0 157
13:20:10 4 0 156
13:20:40 4 0 155
13:21:10 4 0 156
13:21:40 4 0 159
13:22:11 4 0 155
13:22:41 4 0 156
13:23:12 3 1 156
13:23:41 4 0 157
13:24:11 4 0 154
13:24:41 4 0 156
13:25:11 4 0 156
13:25:44 1 3 569
13:26:14 2 2 574
13:26:42 4 0 155
13:27:12 4 0 156
13:27:42 4 0 155
13:28:13 3 1 156
13:28:42 4 0 156
13:29:12 4 0 156
13:29:44 3 1 161
13:30:14 4 0 156
13:30:44 4 0 154
13:31:14 4 0 154
13:31:44 4 0 155
13:32:14 4 0 156
13:32:44 4 0 156
13:33:14 4 0 155
13:33:45 4 0 156
13:34:15 4 0 155
13:34:45 4 0 157
13:35:15 4 0 154
13:35:45 4 0 156
13:36:16 4 0 155
13:36:46 4 0 154
13:37:16 4 0 153
13:37:46 4 0 156
13:38:16 4 0 156
13:38:46 4 0 156
13:39:16 4 0 157
13:39:46 4 0 156
13:40:17 4 0 156
13:40:47 4 0 156
13:41:17 4 0 157
13:41:47 4 0 155
13:42:17 4 0 183
13:42:48 4 0 188
13:43:18 4 0 155
13:43:48 4 0 155
13:44:18 4 0 160
13:44:48 4 0 156
13:45:19 4 0 156
13:45:49 4 0 156
13:46:19 4 0 155
13:46:49 4 0 156
13:47:20 4 0 154
13:47:50 4 0 154
13:48:20 4 0 158
13:48:50 4 0 157
13:49:21 4 0 155
13:49:51 4 0 159
13:50:21 4 0 155
13:50:51 4 0 153
13:51:21 4 0 156
13:51:52 4 0 154
13:52:23 4 0 153
13:52:53 4 0 157
13:53:23 4 0 190
13:53:53 4 0 156
13:54:23 4 0 156
13:54:53 4 0 154
13:55:23 4 0 156
13:55:53 4 0 157
13:56:23 4 0 158
13:56:54 4 0 161
13:57:24 4 0 156
13:57:54 4 0 156
13:58:24 4 0 156
13:58:55 3 1 161
13:59:24 4 0 159
13:59:54 4 0 157
14:00:24 4 0 157
14:00:54 4 0 157
14:01:25 4 0 156
14:01:55 4 0 160
14:02:25 4 0 158
14:02:55 4 0 159
14:03:25 4 0 158
14:03:55 4 0 157
14:04:25 4 0 193
14:04:55 4 0 156
14:05:26 4 0 155
14:05:56 4 0 157
14:06:26 4 0 159
14:06:56 4 0 153
14:07:26 4 0 154
14:07:57 4 0 159
14:08:27 4 0 159
14:08:57 4 0 156
14:09:28 3 1 154
14:09:57 4 0 156
14:10:27 4 0 154
14:10:57 4 0 154
14:11:28 4 0 154
14:11:59 4 0 156
14:12:29 4 0 156
14:12:59 4 0 156
14:13:29 4 0 158
14:13:59 4 0 159
14:14:30 4 0 159
14:15:00 4 0 158
14:15:31 3 1 157
14:16:00 4 0 156
14:16:30 4 0 158
14:17:00 4 0 156
14:17:31 4 0 157
14:18:01 4 0 162
14:18:31 4 0 155
14:19:01 4 0 155
14:19:31 4 0 177
14:20:01 4 0 157
14:20:31 4 0 155
14:21:01 4 0 156
14:21:31 4 0 157
14:22:02 4 0 158
14:22:32 4 0 155
14:23:02 4 0 155
14:23:32 4 0 157
14:24:02 4 0 159
14:24:33 4 0 156
14:25:03 4 0 154
14:25:33 4 0 155
14:26:03 4 0 156
14:26:34 4 0 157
14:27:04 4 0 159
14:27:34 4 0 156
14:28:04 4 0 158
14:28:34 4 0 157
14:29:04 4 0 155
14:29:35 4 0 157
14:30:05 4 0 154
14:30:35 4 0 161
14:31:05 4 0 158
14:31:35 4 0 157
14:32:05 4 0 156
14:32:36 4 0 154
14:33:06 4 0 158
14:33:36 4 0 156
14:34:06 4 0 155
14:34:36 4 0 156
14:35:06 4 0 156
14:35:37 4 0 160
14:36:07 4 0 164
14:36:38 4 0 156
14:37:08 4 0 155
14:37:38 4 0 172
14:38:09 4 0 156
14:38:39 4 0 156
14:39:09 4 0 157
14:39:39 4 0 156
14:40:10 4 0 157
14:40:40 4 0 156
14:41:10 4 0 156
14:41:40 4 0 157
14:42:11 4 0 157
14:42:41 4 0 155
14:43:11 4 0 159
14:43:41 4 0 156
14:44:11 4 0 156
14:44:42 4 0 157
14:45:12 4 0 158
14:45:42 4 0 158
14:46:12 4 0 159
14:46:42 4 0 157
14:47:13 4 0 156
14:47:45 2 2 157
14:48:13 4 0 156
14:48:43 4 0 159
14:49:13 4 0 156
14:49:43 4 0 159
14:50:14 4 0 157
14:50:44 4 0 158
14:51:14 4 0 158
14:51:44 4 0 158
14:52:14 4 0 156
14:52:45 4 0 157
14:53:16 3 1 156
14:53:46 3 1 155
14:54:15 4 0 158
14:54:46 3 1 158
14:55:15 4 0 154
14:55:45 4 0 156
14:56:15 4 0 158
14:56:46 4 0 158
14:57:16 4 0 156
14:57:46 4 0 158
14:58:16 4 0 166
14:58:46 4 0 156
14:59:16 4 0 157
14:59:46 4 0 157
15:00:17 3 1 162
15:00:47 4 0 157
15:01:18 3 1 160
15:01:48 3 1 158
15:02:17 4 0 156
15:02:47 4 0 155
15:03:17 4 0 157
15:03:47 4 0 159
15:04:17 4 0 155
15:04:47 4 0 155
15:05:18 3 1 157
15:05:48 4 0 157
15:06:18 4 0 157
15:06:48 4 0 156
15:07:18 4 0 157
15:07:48 4 0 158
15:08:19 3 1 157
15:08:48 4 0 157
15:09:18 4 0 156
15:09:48 4 0 157
15:10:18 4 0 156
15:10:49 4 0 157
15:11:19 4 0 161
15:11:49 4 0 157
15:12:19 4 0 156
15:12:49 4 0 156
15:13:19 4 0 155
15:13:50 3 1 156
15:14:20 4 0 155
15:14:50 4 0 156
15:15:20 4 0 156
15:15:50 4 0 156
15:16:21 3 1 156
15:16:50 4 0 156
15:17:20 4 0 156
15:17:51 4 0 157
15:18:21 4 0 158
15:18:51 4 0 155
15:19:21 4 0 159
15:19:51 4 0 156
15:20:21 4 0 157
15:20:52 3 1 156
15:21:21 4 0 155
15:21:52 4 0 156
15:22:22 4 0 158
15:22:52 4 0 156
15:23:22 4 0 155
15:23:52 4 0 158
15:24:22 4 0 156
15:24:52 4 0 155
15:25:22 4 0 156
15:25:52 4 0 156
15:26:23 3 1 156
15:26:52 4 0 155
15:27:23 4 0 157
15:27:54 3 1 157
15:28:23 4 0 156
15:28:53 4 0 156
15:29:23 4 0 172
15:29:53 4 0 156
15:30:23 4 0 156
15:30:53 4 0 154
15:31:24 4 0 157
15:31:54 4 0 156
15:32:24 4 0 156
15:32:55 3 1 157
15:33:24 4 0 155
15:33:54 4 0 156
15:34:24 4 0 154
15:34:55 4 0 156
15:35:25 4 0 158
15:35:55 4 0 157
15:36:25 4 0 156
15:36:56 3 1 160
15:37:25 4 0 156
15:37:56 3 1 157
15:38:25 4 0 155
15:38:56 4 0 157
15:39:26 4 0 157
15:39:56 4 0 160
15:40:26 4 0 160
15:40:57 3 1 157
15:41:26 4 0 155
15:41:56 4 0 156
15:42:26 4 0 155
15:42:56 4 0 159
15:43:26 4 0 158
15:43:57 4 0 156
15:44:27 4 0 154
15:44:57 4 0 157
15:45:27 4 0 156
15:45:57 4 0 157
15:46:27 4 0 155
15:46:58 4 0 156
15:47:28 4 0 156
15:47:58 4 0 155
15:48:28 4 0 157
15:48:58 4 0 157
15:49:28 4 0 155
15:49:58 4 0 156
15:50:28 4 0 158
15:50:58 4 0 157
15:51:29 4 0 157
15:51:59 4 0 157
15:52:29 4 0 184
15:52:59 4 0 157
15:53:29 4 0 156
15:53:59 4 0 156
15:54:29 4 0 154
15:55:00 4 0 155
15:55:30 4 0 155
15:56:00 4 0 157
15:56:31 3 1 157
15:57:00 4 0 154
15:57:30 4 0 157
15:58:00 4 0 154
15:58:30 4 0 156
15:59:00 4 0 156
15:59:31 4 0 155
16:00:01 4 0 157
16:00:31 4 0 155
16:01:01 4 0 157
16:01:31 4 0 154
16:02:01 4 0 157
16:02:31 4 0 157
16:03:01 4 0 154
16:03:31 4 0 156
16:04:02 4 0 156
16:04:33 3 1 156
16:05:03 3 1 157
16:05:32 4 0 155
16:06:02 4 0 156
16:06:32 4 0 156
16:07:03 3 1 157
16:07:32 4 0 157
16:08:04 3 1 158
16:08:33 3 1 159
16:09:03 4 0 156
16:09:33 4 0 156
16:10:03 4 0 156
16:10:33 4 0 159
16:11:03 4 0 175
16:11:33 4 0 157
16:12:04 4 0 156
16:12:34 3 1 156
16:13:04 4 0 158
16:13:34 4 0 154
16:14:04 4 0 160
16:14:34 4 0 156
16:15:05 3 1 157
16:15:35 3 1 156
16:16:04 4 0 156
16:16:34 4 0 157
16:17:07 2 2 473
16:17:36 3 1 475
16:18:05 4 0 155
16:18:35 4 0 157
16:19:05 4 0 156
16:19:35 4 0 156
16:20:05 4 0 173
16:20:35 4 0 203
16:21:05 4 0 157
16:21:35 4 0 155
16:22:06 4 0 155
16:22:36 4 0 156
16:23:06 4 0 155
16:23:36 4 0 156
16:24:06 4 0 156
16:24:36 4 0 155
16:25:06 4 0 155
16:25:36 4 0 156
16:26:07 3 1 155
16:26:37 4 0 156
16:27:07 4 0 155
16:27:37 4 0 154
16:28:07 4 0 155
16:28:37 4 0 157
16:29:07 4 0 154
16:29:37 4 0 155
16:30:07 4 0 154
16:30:38 4 0 155
16:31:08 4 0 156
16:31:38 4 0 156
16:32:08 4 0 154
16:32:38 4 0 158
16:33:09 4 0 154
16:33:39 4 0 155
16:34:09 4 0 155
16:34:39 4 0 154
16:35:09 4 0 155
16:35:39 4 0 176
16:36:10 3 1 156
16:36:39 4 0 156
16:37:10 4 0 155
16:37:40 4 0 156
16:38:10 4 0 154
16:38:41 3 1 160
16:39:10 4 0 156
16:39:40 4 0 154
16:40:11 4 0 157
16:40:41 4 0 156
16:41:11 4 0 156
16:41:41 4 0 158
16:42:11 4 0 156
16:42:41 4 0 156
16:43:11 4 0 156
16:43:41 4 0 156
16:44:11 4 0 158
16:44:41 4 0 157
16:45:14 2 2 565
16:45:44 2 2 481
16:46:12 4 0 158
16:46:42 4 0 156
16:47:12 4 0 154
16:47:42 4 0 156
16:48:12 4 0 157
16:48:42 4 0 157
16:49:14 4 0 568
16:49:44 3 1 567
16:50:13 4 0 155
16:50:43 4 0 156
16:51:13 4 0 173
16:51:43 4 0 155
16:52:13 4 0 155
16:52:43 4 0 156
16:53:14 4 0 157
16:53:44 4 0 156
16:54:14 4 0 156
16:54:44 4 0 154
16:55:14 4 0 160
16:55:44 4 0 157
16:56:14 4 0 157
16:56:44 4 0 156
16:57:15 4 0 157
16:57:45 4 0 157
16:58:15 4 0 154
16:58:45 4 0 156
16:59:15 4 0 156
16:59:45 4 0 155
17:00:15 4 0 155
17:00:45 4 0 157
17:01:18 1 3 572
17:01:47 4 0 483
17:02:16 4 0 190
17:02:46 4 0 155
17:03:17 3 1 157
17:03:47 4 0 189
17:04:17 4 0 156
17:04:47 4 0 155
17:05:17 4 0 157
17:05:47 4 0 157
17:06:17 4 0 157
17:06:47 4 0 156
17:07:17 4 0 155
17:07:48 4 0 157
17:08:18 4 0 156
17:08:48 4 0 156
17:09:18 4 0 157
17:09:48 4 0 159
17:10:18 4 0 156
17:10:48 4 0 157
17:11:18 4 0 157
17:11:48 4 0 155
17:12:19 4 0 157
17:12:49 4 0 156
17:13:19 4 0 189
17:13:50 3 1 154
17:14:19 4 0 157
17:14:49 4 0 157
17:15:19 4 0 156
17:15:49 4 0 157
17:16:19 4 0 154
17:16:50 4 0 156
17:17:20 4 0 159
17:17:51 3 1 157
17:18:21 3 1 157
17:18:50 4 0 155
17:19:20 4 0 154
17:19:50 4 0 157
17:20:20 4 0 156
17:20:50 4 0 154
17:21:21 4 0 155
17:21:51 4 0 155
17:22:21 4 0 156
17:22:51 4 0 158
17:23:22 4 0 154
17:23:52 4 0 186
17:24:22 4 0 157
17:24:52 4 0 154
17:25:23 4 0 154
17:25:53 4 0 154
17:26:23 4 0 156
17:26:53 4 0 157
17:27:24 4 0 155
17:27:54 4 0 156
17:28:24 4 0 155
17:28:54 4 0 156
17:29:24 4 0 156
17:29:54 4 0 154
17:30:24 4 0 155
17:30:54 4 0 155
17:31:25 4 0 176
17:31:55 4 0 156
17:32:25 4 0 154
17:32:55 4 0 155
17:33:25 4 0 156
17:33:55 4 0 155
17:34:26 4 0 170
17:34:56 4 0 154
17:35:26 4 0 156
17:35:56 4 0 154
17:36:26 4 0 156
17:36:56 4 0 156
17:37:26 4 0 156
17:37:56 4 0 154
17:38:27 4 0 154
17:38:57 4 0 156
17:39:27 4 0 156
17:39:57 4 0 155
17:40:27 4 0 156
17:40:57 4 0 154
17:41:28 4 0 156
17:41:58 4 0 156
17:42:28 4 0 156
17:42:59 4 0 154
17:43:29 4 0 155
17:43:59 4 0 155
17:44:29 4 0 157
17:44:59 4 0 155
17:45:30 4 0 159
17:46:00 4 0 155
17:46:31 3 1 154
17:47:00 4 0 156
17:47:30 4 0 166
17:48:00 4 0 157
17:48:30 4 0 156
17:49:00 4 0 155
17:49:31 4 0 154
17:50:01 4 0 157
17:50:31 4 0 156
17:51:01 4 0 155
17:51:31 4 0 155
17:52:01 4 0 155
17:52:31 4 0 155
17:53:01 4 0 155
17:53:32 4 0 156
17:54:02 4 0 157
17:54:32 4 0 154
17:55:02 4 0 159
17:55:32 4 0 154
17:56:02 4 0 157
17:56:32 4 0 155
17:57:02 4 0 157
17:57:33 4 0 156
17:58:03 4 0 156
17:58:33 4 0 154
17:59:03 4 0 155
17:59:33 4 0 155
18:00:03 4 0 158
18:00:33 4 0 155
18:01:03 4 0 156
18:01:34 4 0 154
18:02:04 4 0 165
18:02:34 4 0 155
18:03:05 4 0 156
18:03:35 4 0 155
18:04:05 4 0 155
18:04:35 4 0 155
18:05:05 4 0 154
18:05:37 3 1 154
18:06:06 4 0 155
18:06:36 4 0 156
18:07:06 4 0 156
18:07:36 4 0 154
18:08:06 4 0 155
18:08:36 4 0 158
18:09:06 4 0 154
18:09:37 4 0 154
18:10:07 4 0 154
18:10:37 4 0 155
18:11:07 4 0 154
18:11:37 4 0 156
18:12:07 4 0 154
18:12:37 4 0 160
18:13:08 4 0 155
18:13:38 4 0 155
18:14:08 4 0 155
18:14:38 4 0 156
18:15:08 4 0 156
18:15:38 4 0 155
18:16:08 4 0 157
18:16:38 4 0 154
18:17:09 4 0 154
18:17:39 4 0 157
18:18:09 4 0 157
18:18:39 4 0 155
18:19:09 4 0 156
18:19:39 4 0 156
18:20:09 4 0 173
18:20:40 4 0 155
18:21:10 4 0 155
18:21:40 4 0 156
18:22:10 4 0 158
18:22:41 4 0 154
18:23:11 4 0 154
18:23:41 4 0 158
18:24:11 4 0 156
18:24:42 4 0 157
18:25:12 4 0 154
18:25:42 4 0 160
18:26:12 4 0 155
18:26:42 4 0 155
18:27:12 4 0 156
18:27:43 4 0 156
18:28:13 4 0 154
18:28:43 4 0 154
18:29:13 4 0 155
18:29:43 4 0 155
18:30:13 4 0 159
18:30:45 3 1 157
18:31:14 4 0 156
18:31:44 4 0 155
18:32:17 2 2 577
18:32:46 4 0 486
18:33:14 4 0 155
18:33:46 3 1 156
18:34:15 4 0 156
18:34:46 4 0 155
18:35:16 4 0 156
18:35:46 4 0 156
18:36:16 4 0 155
18:36:46 4 0 156
18:37:16 4 0 157
18:37:46 4 0 155
18:38:16 4 0 156
18:38:47 4 0 156
18:39:17 4 0 155
18:39:47 4 0 156
18:40:18 3 1 156
18:40:47 4 0 156
18:41:17 4 0 154
18:41:47 4 0 155
18:42:17 4 0 156
18:42:48 4 0 254
18:43:20 3 1 565
18:43:48 4 0 154
18:44:18 4 0 154
18:44:48 4 0 157
18:45:18 4 0 155
18:45:49 3 1 157
18:46:18 4 0 156
18:46:48 4 0 155
18:47:19 4 0 155
18:47:49 4 0 154
18:48:21 2 2 483
18:48:51 2 2 477
18:49:19 4 0 155
18:49:49 4 0 155
18:50:19 4 0 155
18:50:49 4 0 156
18:51:19 4 0 156
18:51:50 4 0 155
18:52:20 4 0 156
18:52:50 4 0 157
18:53:20 4 0 157
18:53:51 4 0 155
18:54:21 4 0 155
18:54:51 4 0 156
18:55:21 4 0 156
18:55:52 4 0 175
18:56:22 4 0 155
18:56:52 4 0 153
18:57:22 4 0 155
18:57:52 4 0 156
18:58:22 4 0 156
18:58:52 4 0 156
18:59:22 4 0 155
18:59:54 2 2 156
19:00:22 4 0 157
19:00:53 4 0 157
19:01:23 4 0 156
19:01:53 4 0 156
19:02:23 4 0 156
19:02:53 4 0 154
19:03:23 4 0 155
19:03:53 4 0 155
19:04:23 4 0 156
19:04:54 4 0 154
19:05:24 4 0 157
19:05:54 4 0 158
19:06:24 4 0 157
19:06:54 4 0 155
19:07:24 4 0 156
19:07:54 4 0 156
19:08:24 4 0 156
19:08:54 4 0 155
19:09:24 4 0 154
19:09:55 4 0 156
19:10:25 4 0 155
19:10:55 4 0 156
19:11:25 4 0 156
19:11:55 4 0 156
19:12:25 4 0 156
19:12:55 4 0 154
19:13:26 4 0 158
19:13:56 4 0 155
19:14:26 4 0 154
19:14:56 4 0 155
19:15:26 4 0 155
19:15:56 4 0 157
19:16:26 4 0 155
19:16:56 4 0 156
19:17:26 4 0 154
19:17:57 4 0 156
19:18:27 4 0 156
19:18:57 4 0 156
19:19:27 4 0 158
19:19:57 4 0 153
19:20:27 4 0 158
19:20:57 4 0 154
19:21:27 4 0 159
19:21:57 4 0 156
19:22:27 4 0 156
19:22:58 4 0 155
19:23:28 4 0 155
19:23:58 4 0 156
19:24:28 4 0 156
19:24:58 4 0 156
19:25:28 4 0 155
19:25:58 4 0 157
19:26:28 4 0 156
19:26:58 4 0 155
19:27:28 4 0 157
19:27:59 4 0 156
19:28:29 4 0 154
19:28:59 4 0 154
19:29:29 4 0 156
19:29:59 4 0 157
19:30:29 4 0 156
19:30:59 4 0 157
19:31:29 4 0 154
19:32:01 3 1 155
19:32:29 4 0 155
19:33:00 4 0 156
19:33:30 4 0 158
19:34:00 4 0 157
19:34:31 3 1 154
19:35:01 4 0 155
19:35:31 4 0 155
19:36:01 4 0 186
19:36:31 4 0 156
19:37:01 4 0 156
19:37:31 4 0 156
19:38:01 4 0 154
19:38:31 4 0 158
19:39:01 4 0 156
19:39:32 4 0 156
19:40:02 4 0 160
19:40:32 4 0 156
19:41:02 4 0 156
19:41:32 4 0 154
19:42:02 4 0 154
19:42:32 4 0 156
19:43:02 4 0 156
19:43:32 4 0 156
19:44:03 4 0 155
19:44:33 4 0 156
19:45:03 4 0 155
19:45:33 4 0 154
19:46:03 4 0 156
19:46:33 4 0 155
19:47:03 4 0 155
19:47:33 4 0 154
19:48:03 4 0 156
19:48:33 4 0 155
19:49:04 4 0 156
19:49:34 4 0 156
19:50:04 4 0 158
19:50:34 4 0 154
19:51:04 4 0 158
19:51:34 4 0 156
19:52:04 4 0 156
19:52:34 4 0 154
19:53:04 4 0 157
19:53:34 4 0 154
19:54:05 4 0 156
19:54:35 4 0 154
19:55:05 4 0 155
19:55:35 4 0 157
19:56:05 4 0 154
19:56:35 4 0 157
19:57:05 4 0 156
19:57:35 4 0 155
19:58:06 4 0 156
19:58:36 4 0 155
19:59:06 4 0 155
19:59:36 4 0 156
20:00:06 4 0 155
20:00:36 4 0 156
20:01:06 4 0 155
20:01:36 4 0 154
20:02:06 4 0 158
20:02:36 4 0 154
20:03:07 4 0 156
20:03:37 4 0 154
20:04:07 4 0 156
20:04:37 4 0 155
20:05:07 4 0 154
20:05:37 4 0 156
20:06:07 4 0 155
20:06:37 4 0 156
20:07:07 4 0 159
20:07:37 4 0 156
20:08:08 4 0 155
20:08:38 4 0 154
20:09:08 4 0 159
20:09:38 4 0 155
20:10:08 4 0 157
20:10:38 4 0 155
20:11:08 4 0 156
20:11:38 4 0 154
20:12:08 4 0 156
20:12:38 4 0 156
20:13:09 4 0 156
20:13:39 4 0 154
20:14:09 4 0 156
20:14:39 4 0 158
20:15:10 3 1 156
20:15:39 4 0 162
20:16:09 4 0 156
20:16:39 4 0 155
20:17:09 4 0 154
20:17:39 4 0 156
20:18:10 4 0 155
20:18:40 4 0 155
20:19:10 4 0 155
20:19:40 4 0 157
20:20:10 4 0 159
20:20:40 4 0 160
20:21:10 4 0 158
20:21:40 4 0 158
20:22:12 3 1 156
20:22:41 4 0 158
20:23:11 4 0 154
20:23:41 4 0 155
20:24:12 3 1 156
20:24:41 4 0 157
20:25:11 4 0 156
20:25:41 4 0 156
20:26:12 4 0 157
20:26:42 4 0 156
20:27:12 4 0 158
20:27:43 3 1 159
20:28:12 4 0 157
20:28:42 4 0 157
20:29:12 4 0 158
20:29:42 4 0 156
20:30:13 4 0 154
20:30:43 4 0 156
20:31:13 4 0 156
20:31:44 2 2 161
20:32:13 4 0 155
20:32:43 4 0 155
20:33:13 4 0 155
20:33:43 4 0 157
20:34:13 4 0 154
20:34:43 4 0 154
20:35:14 4 0 158
20:35:44 4 0 157
20:36:14 4 0 157
20:36:44 4 0 156
20:37:14 4 0 158
20:37:44 4 0 160
20:38:14 4 0 158
20:38:44 4 0 156
20:39:14 4 0 156
20:39:44 4 0 156
20:40:15 4 0 156
20:40:45 4 0 157
20:41:16 3 1 157
20:41:45 4 0 156
20:42:15 4 0 155
20:42:45 4 0 156
20:43:15 4 0 158
20:43:45 4 0 158
20:44:15 4 0 158
20:44:45 4 0 158
20:45:16 4 0 157
20:45:46 4 0 156
20:46:16 4 0 159
20:46:46 4 0 158
20:47:16 4 0 156
20:47:46 4 0 156
20:48:16 4 0 158
20:48:46 4 0 156
20:49:17 4 0 156
20:49:47 4 0 167
20:50:17 4 0 160
20:50:47 4 0 155
20:51:17 4 0 158
20:51:47 4 0 157
20:52:17 4 0 154
20:52:47 4 0 156
20:53:17 4 0 156
20:53:48 3 1 159
20:54:18 4 0 156
20:54:48 4 0 159
20:55:18 4 0 155
20:55:48 4 0 156
20:56:18 4 0 156
20:56:48 4 0 156
20:57:19 3 1 158
20:57:48 4 0 161
20:58:18 4 0 156
20:58:48 4 0 157
20:59:19 4 0 158
20:59:49 4 0 157
21:00:19 4 0 158
21:00:50 3 1 156
21:01:19 4 0 156
21:01:49 4 0 157
21:02:19 4 0 158
21:02:50 3 1 156
21:03:20 4 0 155
21:03:50 4 0 190
21:04:21 3 1 157
21:04:50 4 0 153
21:05:20 4 0 157
21:05:50 4 0 155
21:06:20 4 0 156
21:06:52 3 1 159
21:07:21 4 0 154
21:07:51 4 0 155
21:08:22 3 1 157
21:08:51 4 0 156
21:09:22 4 0 156
21:09:53 2 2 158
21:10:23 2 2 158
21:10:52 4 0 154
21:11:22 4 0 158
21:11:52 4 0 156
21:12:22 4 0 159
21:12:52 4 0 159
21:13:22 4 0 155
21:13:53 4 0 156
21:14:23 4 0 155
21:14:53 4 0 156
21:15:23 4 0 157
21:15:53 4 0 156
21:16:23 4 0 154
21:16:54 3 1 159
21:17:23 4 0 154
21:17:53 4 0 156
21:18:24 4 0 156
21:18:54 4 0 158
21:19:24 4 0 155
21:19:54 4 0 159
21:20:25 3 1 160
21:20:54 4 0 155
21:21:25 4 0 156
21:21:55 4 0 156
21:22:25 4 0 157
21:22:55 4 0 160
21:23:25 4 0 156
21:23:55 4 0 154
21:24:25 4 0 155
21:24:55 4 0 157
21:25:25 4 0 154
21:25:55 4 0 156
21:26:26 4 0 157
21:26:56 4 0 160
21:27:27 4 0 185
21:27:57 4 0 156
21:28:27 4 0 155
21:28:57 4 0 158
21:29:27 4 0 160
21:29:57 4 0 157
21:30:27 4 0 157
21:30:58 4 0 156
21:31:28 4 0 157
21:31:59 3 1 156
21:32:29 3 1 157
21:32:58 4 0 156
21:33:28 4 0 157
21:33:58 4 0 158
21:34:28 4 0 157
21:34:58 4 0 156
21:35:29 4 0 155
21:35:59 4 0 157
21:36:29 4 0 155
21:36:59 4 0 156
21:37:29 4 0 155
21:37:59 4 0 157
21:38:31 2 2 156
21:38:59 4 0 156
21:39:29 4 0 156
21:39:59 4 0 156
21:40:30 4 0 158
21:41:00 4 0 156
21:41:30 4 0 155
21:42:00 4 0 158
21:42:30 4 0 156
21:43:00 4 0 154
21:43:30 4 0 154
21:44:00 4 0 156
21:44:31 4 0 156
21:45:01 4 0 159
21:45:31 4 0 159
21:46:01 4 0 156
21:46:31 4 0 156
21:47:01 4 0 155
21:47:31 4 0 156
21:48:01 4 0 156
21:48:32 4 0 156
21:49:02 4 0 161
21:49:32 4 0 160
21:50:02 4 0 157
21:50:32 4 0 157
21:51:02 4 0 157
21:51:32 4 0 156
21:52:02 4 0 157
21:52:34 2 2 159
21:53:03 4 0 156
21:53:33 4 0 157
21:54:04 3 1 155
21:54:33 4 0 155
21:55:03 4 0 156
21:55:33 4 0 157
21:56:03 4 0 157
21:56:33 4 0 155
21:57:03 4 0 156
21:57:34 4 0 156
21:58:04 4 0 157
21:58:34 4 0 156
21:59:04 4 0 154
21:59:34 4 0 156
22:00:04 4 0 156
22:00:34 4 0 157
22:01:05 4 0 157
22:01:35 4 0 157
22:02:05 4 0 187
22:02:35 4 0 157
22:03:05 4 0 156
22:03:35 4 0 157
22:04:05 4 0 156
22:04:36 4 0 156
22:05:06 4 0 157
22:05:36 4 0 156
22:06:06 4 0 156
22:06:37 4 0 160
22:07:07 4 0 163
22:07:37 4 0 155
22:08:08 3 1 157
22:08:37 4 0 157
22:09:08 4 0 156
22:09:38 4 0 156
22:10:08 4 0 156
22:10:38 4 0 156
22:11:08 4 0 156
22:11:38 4 0 157
22:12:08 4 0 157
22:12:38 4 0 156
22:13:09 4 0 157
22:13:39 4 0 156
22:14:09 4 0 156
22:14:39 4 0 157
22:15:10 3 1 158
22:15:39 4 0 157
22:16:09 4 0 156
22:16:39 4 0 156
22:17:10 4 0 156
22:17:40 4 0 155
22:18:10 4 0 158
22:18:41 3 1 157
22:19:11 3 1 156
22:19:40 4 0 156
22:20:10 4 0 160
22:20:40 4 0 157
22:21:11 3 1 156
22:21:41 4 0 159
22:22:12 3 1 158
22:22:41 4 0 156
22:23:11 4 0 157
22:23:41 4 0 157
22:24:11 4 0 157
22:24:41 4 0 156
22:25:11 4 0 157
22:25:42 4 0 156
22:26:12 4 0 158
22:26:42 4 0 156
22:27:12 4 0 156
22:27:43 3 1 157
22:28:12 4 0 156
22:28:42 4 0 157
22:29:12 4 0 156
22:29:43 4 0 156
22:30:13 4 0 156
22:30:43 4 0 158
22:31:13 4 0 156
22:31:43 4 0 157
22:32:13 4 0 155
22:32:43 4 0 156
22:33:13 4 0 157
22:33:44 4 0 158
22:34:14 4 0 157
22:34:44 4 0 156
22:35:14 4 0 154
22:35:44 4 0 158
22:36:14 4 0 157
22:36:44 4 0 174
22:37:14 4 0 156
22:37:45 4 0 156
22:38:15 4 0 156
22:38:45 4 0 156
22:39:15 4 0 156
22:39:45 4 0 156
22:40:15 4 0 157
22:40:47 3 1 157
22:41:16 4 0 186
22:41:46 4 0 156
22:42:16 4 0 154
22:42:46 4 0 154
22:43:16 4 0 156
22:43:46 4 0 156
22:44:17 4 0 157
22:44:48 3 1 159
22:45:17 4 0 157
22:45:47 4 0 156
22:46:17 4 0 159
22:46:47 4 0 154
22:47:17 4 0 156
22:47:47 4 0 156
22:48:17 4 0 157
22:48:48 4 0 155
22:49:18 4 0 156
22:49:48 4 0 156
22:50:18 4 0 157
22:50:48 4 0 156
22:51:18 4 0 156
22:51:48 4 0 154
22:52:18 4 0 157
22:52:49 4 0 159
22:53:19 4 0 159
22:53:49 4 0 156
22:54:19 4 0 155
22:54:49 4 0 194
22:55:19 4 0 157
22:55:49 4 0 154
22:56:19 4 0 155
22:56:50 4 0 156
22:57:20 4 0 157
22:57:50 4 0 157
22:58:20 4 0 157
22:58:50 4 0 156
22:59:20 4 0 156
22:59:51 4 0 159
23:00:21 3 1 158
23:00:51 4 0 159
23:01:21 4 0 157
23:01:51 4 0 156
23:02:21 4 0 154
23:02:51 4 0 155
23:03:21 4 0 155
23:03:52 3 1 156
23:04:22 4 0 155
23:04:52 4 0 156
23:05:22 4 0 158
23:05:52 4 0 157
23:06:23 3 1 157
23:06:52 4 0 156
23:07:22 4 0 156
23:07:53 4 0 204
23:08:23 4 0 156
23:08:53 4 0 155
23:09:23 4 0 158
23:09:53 4 0 157
23:10:23 4 0 156
23:10:53 4 0 157
23:11:23 4 0 157
23:11:54 4 0 155
23:12:24 4 0 158
23:12:54 4 0 157
23:13:24 4 0 154
23:13:55 3 1 156
23:14:24 4 0 156
23:14:54 4 0 156
23:15:24 4 0 154
23:15:55 4 0 156
23:16:25 4 0 156
23:16:55 4 0 177
23:17:25 4 0 156
23:17:55 4 0 154
23:18:25 4 0 156
23:18:55 4 0 156
23:19:25 4 0 155
23:19:56 4 0 155
23:20:26 4 0 155
23:20:57 3 1 157
23:21:26 4 0 156
23:21:57 3 1 156
23:22:27 3 1 158
23:22:57 4 0 158
23:23:27 3 1 158
23:23:57 4 0 157
23:24:27 4 0 156
23:24:57 4 0 154
23:25:27 4 0 156
23:25:57 4 0 157
23:26:27 4 0 158
23:26:58 4 0 158
23:27:28 4 0 156
23:27:58 4 0 154
23:28:28 4 0 155
23:28:58 4 0 154
23:29:28 4 0 156
23:29:58 4 0 157
23:30:28 4 0 155
23:30:58 4 0 154
23:31:29 4 0 154
23:31:59 4 0 154
23:32:29 4 0 156
23:32:59 4 0 155
23:33:29 4 0 154
23:33:59 4 0 157
23:34:29 4 0 158
23:35:00 4 0 159
23:35:30 4 0 155
23:36:01 3 1 154
23:36:30 4 0 156
23:37:00 4 0 156
23:37:30 4 0 156
23:38:00 4 0 156
23:38:30 4 0 159
23:39:01 4 0 159
23:39:31 4 0 154
23:40:01 4 0 154
23:40:31 4 0 157
23:41:01 4 0 155
23:41:31 4 0 154
23:42:02 4 0 158
23:42:32 4 0 157
23:43:02 4 0 157
23:43:32 4 0 155
23:44:03 4 0 156
23:44:33 4 0 157
23:45:03 4 0 155
23:45:33 4 0 157
23:46:03 4 0 156
23:46:33 4 0 156
23:47:04 4 0 155
23:47:34 4 0 156
23:48:04 4 0 157
23:48:35 4 0 155
23:49:05 4 0 158
23:49:35 4 0 154
23:50:06 4 0 156
23:50:36 4 0 157
23:51:06 4 0 156
23:51:36 4 0 156
23:52:07 4 0 158
23:52:38 3 1 157
23:53:08 4 0 156
23:53:38 4 0 154
23:54:08 4 0 154
23:54:39 4 0 156
23:55:10 3 1 156
23:55:40 4 0 156
23:56:11 4 0 154
23:56:43 3 1 157
23:57:12 4 0 156
23:57:43 4 0 157
23:58:13 4 0 156
23:58:43 4 0 156
23:59:14 4 0 155
23:59:47 4 0 157
