00:00:32 4 0 9
00:00:41 4 0 8
00:01:43 4 0 9
00:02:13 4 0 8
00:02:38 4 0 8
00:02:57 4 0 8
00:03:24 4 0 8
00:03:46 4 0 8
00:04:18 4 0 8
00:04:47 4 0 8
00:05:18 4 0 9
00:05:57 4 0 8
00:06:23 4 0 9
00:06:54 4 0 8
00:07:28 4 0 8
00:07:57 4 0 9
00:08:27 4 0 8
02:00:08 3 1 116
02:00:38 3 1 118
02:01:07 4 0 112
02:01:37 4 0 115
02:02:08 4 0 115
02:02:38 4 0 115
02:03:08 4 0 114
02:03:39 3 1 114
02:04:09 3 1 114
02:04:39 4 0 113
02:05:09 4 0 114
02:05:39 4 0 115
02:06:10 4 0 115
02:06:40 4 0 98
02:07:10 4 0 112
02:07:41 3 1 114
02:08:10 4 0 115
02:08:42 2 2 115
02:09:11 4 0 114
02:09:41 4 0 112
02:10:11 4 0 115
02:10:41 4 0 115
02:11:13 3 1 115
02:11:42 4 0 115
02:12:13 3 1 115
02:12:42 4 0 112
02:13:13 3 1 114
02:13:42 4 0 114
02:14:13 4 0 114
02:14:43 4 0 114
02:15:13 4 0 113
02:15:43 4 0 112
02:16:14 4 0 114
02:16:45 3 1 114
02:17:14 4 0 115
02:17:44 4 0 114
02:18:15 4 0 91
02:18:45 4 0 112
02:19:15 4 0 114
02:19:45 4 0 114
02:20:16 4 0 114
02:20:46 4 0 114
02:21:16 4 0 112
02:21:46 4 0 115
02:22:16 4 0 114
02:22:46 4 0 114
02:23:17 4 0 114
02:23:47 4 0 114
02:24:17 4 0 112
02:24:47 4 0 114
02:25:18 4 0 115
02:25:48 4 0 113
02:26:18 4 0 112
02:26:48 4 0 114
02:27:18 4 0 112
02:27:49 4 0 114
02:28:19 4 0 114
02:28:49 4 0 114
02:29:19 4 0 114
02:29:50 3 1 112
02:30:20 4 0 112
02:30:50 4 0 115
02:31:20 4 0 114
02:31:51 3 1 127
02:32:21 4 0 114
02:32:51 4 0 112
02:33:21 4 0 114
02:33:51 4 0 115
02:34:21 4 0 114
02:34:51 4 0 100
02:35:23 3 1 112
02:35:52 4 0 111
02:36:23 3 1 113
02:36:52 4 0 114
02:37:23 4 0 114
02:37:53 4 0 114
02:38:23 4 0 114
02:38:53 4 0 112
02:39:23 4 0 114
02:39:53 4 0 113
02:40:24 4 0 114
02:40:54 4 0 114
02:41:24 4 0 112
02:41:54 4 0 113
02:42:24 4 0 114
02:42:55 4 0 111
02:43:25 4 0 114
02:43:55 4 0 114
02:44:25 4 0 111
02:44:55 4 0 91
02:45:26 4 0 112
02:45:56 4 0 111
02:46:26 4 0 115
02:46:57 3 1 115
02:47:26 4 0 111
02:47:56 4 0 49
02:48:27 4 0 112
02:48:58 3 1 114
02:49:27 4 0 113
02:49:57 4 0 111
02:50:28 4 0 115
02:50:58 4 0 111
02:51:28 4 0 114
02:51:58 4 0 114
02:52:28 4 0 114
02:52:59 4 0 113
02:53:29 4 0 114
02:53:59 4 0 112
02:54:29 4 0 115
02:54:59 4 0 143
02:55:30 4 0 112
02:56:01 3 1 126
02:56:30 4 0 110
02:57:00 4 0 114
02:57:30 4 0 114
02:58:01 4 0 112
02:58:31 4 0 113
02:59:01 4 0 114
02:59:31 4 0 114
03:00:01 4 0 111
03:00:32 4 0 111
03:01:02 4 0 94
03:01:32 4 0 111
03:02:03 3 1 112
03:02:32 4 0 111
03:03:02 4 0 112
03:03:33 4 0 112
03:04:03 4 0 112
03:04:33 4 0 111
03:05:03 4 0 112
03:05:34 4 0 112
03:06:04 4 0 112
03:06:34 4 0 112
03:07:05 4 0 114
03:07:35 4 0 111
03:08:06 4 0 111
03:08:36 4 0 115
03:09:06 4 0 112
03:09:36 4 0 112
03:10:06 4 0 111
03:10:37 4 0 108
03:11:07 4 0 110
03:11:37 4 0 114
03:12:07 4 0 112
03:12:37 4 0 112
03:13:08 4 0 110
03:13:38 4 0 112
03:14:08 4 0 111
03:14:38 4 0 113
03:15:08 4 0 113
03:15:38 4 0 112
03:16:09 4 0 112
03:16:39 4 0 111
03:17:09 4 0 112
03:17:39 4 0 112
03:18:09 4 0 112
03:18:40 4 0 112
03:19:10 4 0 112
03:19:40 4 0 114
03:20:11 3 1 112
03:20:40 4 0 111
03:21:10 4 0 112
03:21:41 4 0 111
03:22:11 4 0 111
03:22:41 4 0 112
03:23:11 4 0 111
03:23:41 4 0 111
03:24:11 4 0 112
03:24:42 4 0 112
03:25:12 4 0 112
03:25:42 4 0 112
03:26:12 4 0 111
03:26:42 4 0 112
03:27:12 4 0 112
03:27:43 4 0 112
03:28:13 4 0 112
03:28:43 4 0 111
03:29:13 4 0 112
03:29:43 4 0 112
03:30:13 4 0 111
03:30:44 4 0 112
03:31:14 4 0 112
03:31:45 3 1 112
03:32:14 4 0 112
03:32:44 4 0 112
03:33:14 4 0 112
03:33:44 4 0 68
03:34:15 4 0 112
03:34:45 4 0 112
03:35:15 4 0 111
03:35:45 4 0 111
03:36:15 4 0 114
03:36:46 4 0 112
03:37:16 4 0 110
03:37:46 4 0 111
03:38:16 4 0 111
03:38:46 4 0 112
03:39:16 4 0 108
03:39:47 4 0 110
03:40:18 3 1 112
03:40:47 4 0 110
03:41:17 4 0 111
03:41:47 4 0 114
03:42:17 4 0 111
03:42:48 4 0 111
03:43:18 4 0 111
03:43:48 4 0 103
03:44:18 4 0 112
03:44:48 4 0 111
03:45:19 4 0 112
03:45:49 4 0 112
03:46:19 4 0 71
03:46:49 4 0 112
03:47:19 4 0 112
03:47:50 3 1 112
03:48:20 4 0 111
03:48:50 4 0 78
03:49:20 4 0 111
03:49:50 4 0 111
03:50:20 4 0 112
03:50:51 4 0 111
03:51:21 4 0 111
03:51:51 4 0 111
03:52:21 4 0 111
03:52:51 4 0 111
03:53:22 3 1 112
03:53:52 4 0 112
03:54:22 4 0 112
03:54:52 4 0 112
03:55:22 4 0 112
03:55:52 4 0 112
03:56:22 4 0 111
03:56:53 4 0 111
03:57:23 4 0 112
03:57:53 4 0 112
03:58:23 4 0 114
03:58:53 4 0 111
03:59:23 4 0 112
03:59:54 4 0 111
04:00:24 4 0 111
04:00:54 4 0 111
04:01:24 4 0 113
04:01:54 4 0 112
04:02:24 4 0 112
04:02:54 4 0 110
04:03:24 4 0 80
04:03:55 4 0 112
04:04:25 4 0 112
04:04:55 4 0 111
04:05:25 4 0 111
04:05:56 4 0 111
04:06:25 4 0 51
04:06:56 4 0 111
04:07:26 4 0 109
04:07:56 4 0 112
04:08:26 4 0 111
04:08:57 4 0 96
04:09:27 4 0 111
04:09:57 4 0 111
04:10:27 4 0 112
04:10:57 4 0 112
04:11:27 4 0 112
04:11:58 4 0 112
04:12:28 4 0 112
04:12:58 4 0 112
04:13:28 4 0 87
04:13:58 4 0 109
04:14:28 4 0 111
04:14:59 4 0 110
04:15:29 4 0 111
04:15:59 4 0 111
04:16:29 4 0 111
04:16:59 4 0 112
04:17:29 4 0 110
04:18:00 4 0 111
04:18:30 4 0 111
04:19:00 4 0 111
04:19:30 4 0 110
04:20:00 4 0 111
04:20:30 4 0 110
04:21:01 4 0 110
04:21:31 4 0 109
04:22:01 4 0 107
04:22:31 4 0 75
04:23:01 4 0 109
04:23:31 4 0 118
04:24:02 4 0 111
04:24:32 4 0 110
04:25:02 4 0 109
04:25:32 4 0 124
04:26:02 4 0 9
04:26:32 4 0 10
04:27:02 4 0 8
04:27:32 4 0 9
04:28:03 4 0 9
04:28:33 4 0 10
04:29:03 4 0 10
04:29:33 4 0 8
04:30:03 4 0 8
04:30:33 4 0 9
04:31:04 4 0 9
04:31:34 4 0 9
04:32:04 4 0 9
04:32:34 4 0 9
04:33:04 4 0 8
04:33:34 4 0 10
04:34:05 4 0 9
04:34:35 4 0 9
04:35:05 4 0 9
04:35:35 4 0 8
04:36:05 4 0 8
04:36:35 4 0 12
04:37:06 4 0 9
04:37:36 4 0 9
04:38:06 4 0 8
04:38:36 4 0 8
04:39:07 4 0 8
04:39:37 4 0 9
04:40:07 4 0 8
04:40:37 4 0 9
04:41:07 4 0 9
04:41:37 4 0 10
04:42:08 4 0 9
04:42:38 4 0 8
04:43:08 4 0 8
04:43:38 4 0 10
04:44:08 4 0 9
04:44:38 4 0 9
04:45:09 4 0 8
04:45:39 4 0 9
04:46:09 4 0 8
04:46:39 4 0 9
04:47:09 4 0 9
04:47:39 4 0 8
04:48:10 4 0 8
04:48:40 4 0 9
04:49:10 4 0 10
04:49:40 4 0 9
04:50:10 4 0 8
04:50:40 4 0 9
04:51:11 4 0 8
04:51:41 4 0 8
04:52:11 4 0 9
04:52:41 4 0 9
04:53:11 4 0 9
04:53:41 4 0 8
04:54:12 4 0 8
04:54:42 4 0 9
04:55:12 4 0 9
04:55:42 4 0 8
04:56:12 4 0 8
04:56:42 4 0 8
04:57:13 4 0 8
04:57:43 4 0 8
04:58:13 4 0 8
04:58:43 4 0 9
04:59:13 4 0 9
04:59:44 4 0 9
05:00:14 4 0 8
05:00:44 4 0 8
05:01:14 4 0 8
05:01:44 4 0 9
05:02:14 4 0 8
05:02:45 4 0 9
05:03:15 4 0 8
05:03:45 4 0 9
05:04:15 4 0 9
05:04:45 4 0 8
05:05:16 4 0 8
05:05:46 4 0 9
05:06:16 4 0 8
05:06:46 4 0 8
05:07:16 4 0 9
05:07:46 4 0 8
05:08:17 4 0 10
05:08:47 4 0 9
05:09:17 4 0 9
05:09:47 4 0 10
05:10:17 4 0 42
05:10:47 4 0 8
05:11:18 4 0 10
05:11:48 4 0 8
05:12:18 4 0 9
05:12:48 4 0 8
05:13:18 4 0 8
05:13:48 4 0 9
05:14:19 4 0 8
05:14:49 4 0 9
05:15:19 4 0 9
05:15:49 4 0 9
05:16:19 4 0 11
05:16:49 4 0 8
05:17:20 4 0 8
05:17:50 4 0 10
05:18:20 4 0 8
05:18:50 4 0 8
05:19:21 4 0 10
05:19:51 4 0 10
05:20:21 4 0 9
05:20:51 4 0 8
05:21:21 4 0 9
05:21:51 4 0 9
05:22:22 4 0 8
05:22:52 4 0 8
05:23:22 4 0 8
05:23:52 4 0 8
05:24:22 4 0 8
05:24:52 4 0 9
05:25:23 4 0 8
05:25:53 4 0 8
05:26:23 4 0 9
05:26:53 4 0 8
05:27:23 4 0 8
05:27:53 4 0 9
05:28:24 4 0 8
05:28:54 4 0 9
05:29:24 4 0 9
05:29:54 4 0 10
05:30:24 4 0 10
05:30:54 4 0 9
05:31:25 4 0 9
05:31:55 4 0 9
05:32:25 4 0 9
05:32:55 4 0 8
05:33:25 4 0 8
05:33:55 4 0 8
05:34:26 4 0 8
05:34:56 4 0 8
05:35:26 4 0 8
05:35:56 4 0 8
05:36:26 4 0 8
05:36:56 4 0 9
05:37:27 4 0 8
05:37:57 4 0 8
05:38:27 4 0 8
05:38:57 4 0 9
05:39:27 4 0 9
05:39:57 4 0 8
05:40:28 4 0 9
05:40:58 4 0 10
05:41:28 4 0 9
05:41:58 4 0 8
05:42:28 4 0 8
05:42:58 4 0 8
05:43:29 4 0 10
05:43:59 4 0 8
05:44:29 4 0 8
05:44:59 4 0 8
05:45:29 4 0 9
05:45:59 4 0 8
05:46:30 4 0 9
05:47:00 4 0 8
05:47:30 4 0 8
05:48:00 4 0 10
05:48:30 4 0 8
05:49:00 4 0 9
05:49:31 4 0 9
05:50:01 4 0 8
05:50:31 4 0 8
05:51:01 4 0 9
05:51:31 4 0 8
05:52:01 4 0 8
05:52:32 4 0 9
05:53:02 4 0 9
05:53:32 4 0 10
05:54:02 4 0 10
05:54:32 4 0 8
05:55:02 4 0 8
05:55:33 4 0 9
05:56:03 4 0 9
05:56:33 4 0 9
05:57:03 4 0 10
05:57:34 4 0 8
05:58:04 4 0 8
05:58:34 4 0 8
05:59:04 4 0 8
05:59:34 4 0 9
06:00:04 4 0 10
06:00:35 4 0 8
06:01:05 4 0 8
06:01:35 4 0 8
06:02:05 4 0 8
06:02:36 4 0 10
06:03:06 4 0 9
06:03:36 4 0 8
06:04:06 4 0 9
06:04:36 4 0 9
06:05:06 4 0 9
06:05:37 4 0 8
06:06:07 4 0 8
06:06:37 4 0 8
06:07:07 4 0 9
06:07:38 4 0 8
06:08:08 4 0 8
06:08:38 4 0 9
06:09:08 4 0 9
06:09:38 4 0 9
06:10:08 4 0 8
06:10:39 4 0 8
06:11:09 4 0 9
06:11:39 4 0 8
06:12:09 4 0 9
06:12:39 4 0 8
06:13:10 4 0 9
06:13:40 4 0 10
06:14:10 4 0 8
06:14:40 4 0 10
06:15:10 4 0 9
06:15:41 4 0 9
06:16:11 4 0 9
06:16:41 4 0 8
06:17:11 4 0 8
06:17:41 4 0 8
06:18:11 4 0 10
06:18:42 4 0 9
06:19:12 4 0 8
06:19:42 4 0 8
06:20:12 4 0 9
06:20:42 4 0 8
06:21:12 4 0 9
06:21:43 4 0 9
06:22:13 4 0 8
06:22:43 4 0 8
06:23:13 4 0 8
06:23:43 4 0 8
06:24:13 4 0 10
06:24:44 4 0 9
06:25:14 4 0 8
06:25:44 4 0 9
06:26:14 4 0 8
06:26:44 4 0 8
06:27:14 4 0 9
06:27:45 4 0 10
06:28:15 4 0 9
06:28:45 4 0 28
06:29:15 4 0 9
06:29:45 4 0 10
06:30:15 4 0 9
06:30:46 4 0 9
06:31:16 4 0 9
06:31:46 4 0 8
06:32:16 4 0 8
06:32:46 4 0 8
06:33:16 4 0 8
06:33:47 4 0 10
06:34:17 4 0 8
06:34:47 4 0 9
06:35:17 4 0 9
06:35:47 4 0 8
06:36:17 4 0 9
06:36:48 4 0 9
06:37:18 4 0 8
06:37:48 4 0 9
06:38:18 4 0 9
06:38:48 4 0 8
06:39:18 4 0 9
06:39:49 4 0 9
06:40:19 4 0 8
06:40:49 4 0 9
06:41:19 4 0 9
06:41:49 4 0 9
06:42:19 4 0 9
06:42:50 4 0 8
06:43:20 4 0 8
06:43:50 4 0 9
06:44:20 4 0 8
06:44:50 4 0 8
06:45:20 4 0 9
06:45:51 4 0 9
06:46:21 4 0 9
06:46:51 4 0 9
06:47:21 4 0 8
06:47:51 4 0 8
06:48:21 4 0 8
06:48:52 4 0 11
06:49:22 4 0 8
06:49:52 4 0 8
06:50:22 4 0 8
06:50:52 4 0 8
06:51:23 4 0 8
06:51:53 4 0 8
06:52:23 4 0 9
06:52:53 4 0 35
06:53:23 4 0 8
06:53:53 4 0 9
06:54:23 4 0 8
06:54:54 4 0 8
06:55:24 4 0 9
06:55:54 4 0 9
06:56:24 4 0 8
06:56:54 4 0 8
06:57:24 4 0 9
06:57:55 4 0 9
06:58:25 4 0 10
06:58:55 4 0 8
06:59:25 4 0 8
06:59:55 4 0 9
07:00:25 4 0 8
07:00:56 4 0 8
07:01:26 4 0 8
07:01:56 4 0 8
07:02:26 4 0 10
07:02:56 4 0 9
07:03:26 4 0 8
07:03:57 4 0 10
07:04:27 4 0 8
07:04:57 4 0 9
07:05:27 4 0 9
07:05:57 4 0 9
07:06:27 4 0 11
07:06:58 4 0 8
07:07:28 4 0 8
07:07:58 4 0 8
07:08:28 4 0 8
07:08:58 4 0 8
07:09:28 4 0 9
07:09:59 4 0 9
07:10:29 4 0 9
07:10:59 4 0 8
07:11:29 4 0 9
07:11:59 4 0 8
07:12:29 4 0 8
07:13:00 4 0 9
07:13:30 4 0 10
07:14:00 4 0 8
07:14:30 4 0 9
07:15:00 4 0 9
07:15:31 4 0 9
07:16:01 4 0 9
07:16:31 4 0 10
07:17:01 4 0 8
07:17:31 4 0 9
07:18:02 4 0 8
07:18:32 4 0 8
07:19:02 4 0 9
07:19:32 4 0 9
07:20:02 4 0 8
07:20:32 4 0 8
07:21:03 4 0 9
07:21:33 4 0 8
07:22:03 4 0 9
07:22:33 4 0 9
07:23:03 4 0 8
07:23:33 4 0 9
07:24:04 4 0 8
07:24:34 4 0 9
07:25:04 4 0 8
07:25:34 4 0 8
07:26:05 4 0 8
07:26:35 4 0 8
07:27:06 4 0 9
07:27:36 4 0 8
07:28:06 4 0 9
07:28:36 4 0 8
07:29:06 4 0 9
07:29:36 4 0 8
07:30:07 4 0 9
07:30:37 4 0 8
07:31:07 4 0 9
07:31:37 4 0 9
07:32:07 4 0 10
07:32:37 4 0 9
07:33:08 4 0 9
07:33:38 4 0 8
07:34:08 4 0 8
07:34:38 4 0 8
07:35:09 4 0 8
07:35:39 4 0 9
07:36:10 4 0 9
07:36:40 4 0 8
07:37:10 4 0 8
07:37:40 4 0 8
07:38:10 4 0 9
07:38:40 4 0 8
07:39:11 4 0 8
07:39:41 4 0 16
07:40:11 4 0 8
07:40:41 4 0 9
07:41:11 4 0 10
07:41:41 4 0 9
07:42:12 4 0 8
07:42:42 4 0 9
07:43:12 4 0 9
07:43:42 4 0 8
07:44:12 4 0 9
07:44:42 4 0 9
07:45:13 4 0 8
07:45:43 4 0 9
07:46:13 4 0 9
07:46:43 4 0 8
07:47:13 4 0 10
07:47:43 4 0 8
07:48:14 4 0 10
07:48:44 4 0 8
07:49:14 4 0 8
07:49:44 4 0 8
07:50:14 4 0 8
07:50:44 4 0 8
07:51:15 4 0 35
07:51:45 4 0 10
07:52:15 4 0 9
07:52:45 4 0 40
07:53:15 4 0 9
07:53:45 4 0 9
07:54:15 4 0 9
07:54:45 4 0 8
07:55:16 4 0 8
07:55:46 4 0 9
07:56:16 4 0 9
07:56:46 4 0 8
07:57:16 4 0 9
07:57:46 4 0 8
07:58:17 4 0 9
07:58:47 4 0 9
07:59:17 4 0 10
07:59:47 4 0 8
08:00:17 4 0 10
08:00:47 4 0 9
08:01:18 4 0 9
08:01:48 4 0 8
08:02:18 4 0 9
08:02:48 4 0 9
08:03:18 4 0 9
08:03:48 4 0 10
08:04:19 4 0 8
08:04:49 4 0 8
08:05:19 4 0 8
08:05:49 4 0 9
08:06:19 4 0 8
08:06:49 4 0 8
08:07:20 4 0 9
08:07:50 4 0 9
08:08:20 4 0 9
08:08:50 4 0 8
08:09:20 4 0 9
08:09:50 4 0 9
08:10:20 4 0 8
08:10:50 4 0 8
08:11:21 4 0 9
08:11:51 4 0 9
08:12:21 4 0 8
08:12:51 4 0 9
08:13:21 4 0 9
08:13:51 4 0 31
08:14:22 4 0 9
08:14:52 4 0 8
08:15:22 4 0 8
08:15:52 4 0 10
08:16:22 4 0 9
08:16:52 4 0 8
08:17:23 4 0 8
08:17:53 4 0 8
08:18:23 4 0 9
08:18:53 4 0 10
08:19:23 4 0 8
08:19:53 4 0 8
08:20:24 4 0 8
08:20:54 4 0 10
08:21:24 4 0 8
08:21:54 4 0 10
08:22:24 4 0 11
08:22:55 4 0 8
08:23:25 4 0 40
08:23:55 4 0 11
08:24:26 4 0 8
08:24:56 4 0 9
08:25:26 4 0 8
08:25:56 4 0 10
08:26:26 4 0 9
08:26:56 4 0 9
08:27:27 4 0 9
08:27:57 4 0 9
08:28:27 4 0 9
08:28:57 4 0 9
08:29:27 4 0 11
08:29:57 4 0 9
08:30:28 4 0 9
08:30:58 4 0 9
08:31:28 4 0 8
08:31:58 4 0 8
08:32:28 4 0 9
08:32:59 3 1 9
08:33:28 4 0 8
08:33:58 4 0 10
08:34:29 4 0 10
08:34:59 4 0 9
08:35:29 4 0 8
08:35:59 4 0 10
08:36:29 4 0 10
08:36:59 4 0 9
08:37:30 4 0 9
08:38:00 4 0 9
08:38:30 4 0 10
08:39:00 4 0 8
08:39:30 4 0 9
08:40:00 4 0 8
08:40:31 4 0 8
08:41:01 4 0 8
08:41:32 3 1 8
08:42:01 4 0 8
08:42:32 4 0 8
08:43:02 4 0 9
08:43:33 4 0 9
08:44:03 4 0 9
08:44:33 4 0 10
08:45:03 4 0 50
08:45:34 4 0 9
08:46:04 4 0 9
08:46:34 4 0 8
08:47:04 4 0 9
08:47:34 4 0 10
08:48:04 4 0 8
08:48:35 4 0 9
08:49:05 4 0 8
08:49:35 4 0 9
08:50:05 4 0 9
08:50:35 4 0 10
08:51:05 4 0 9
08:51:36 4 0 8
08:52:06 4 0 9
08:52:36 4 0 8
08:53:06 4 0 9
08:53:36 4 0 10
08:54:06 4 0 9
08:54:37 4 0 10
08:55:07 4 0 8
08:55:38 4 0 9
08:56:08 4 0 8
08:56:38 4 0 10
08:57:08 4 0 9
08:57:38 4 0 9
08:58:09 4 0 8
08:58:40 4 0 8
08:59:10 4 0 9
08:59:40 4 0 8
09:00:10 4 0 9
09:00:41 4 0 18
09:01:11 4 0 10
09:01:41 4 0 9
09:02:11 4 0 19
09:02:41 4 0 8
09:03:11 4 0 39
09:03:43 3 1 9
09:04:11 4 0 9
09:04:42 4 0 8
09:05:12 4 0 9
09:05:42 4 0 9
09:06:12 4 0 8
09:06:42 4 0 9
09:07:12 4 0 9
09:07:42 4 0 10
09:08:12 4 0 10
09:08:43 4 0 9
09:09:13 4 0 8
09:09:43 4 0 9
09:10:13 4 0 8
09:10:43 4 0 9
09:11:13 4 0 9
09:11:43 4 0 8
09:12:13 4 0 10
09:12:44 4 0 9
09:13:14 4 0 9
09:13:44 4 0 17
09:14:14 4 0 8
09:14:44 4 0 9
09:15:14 4 0 31
09:15:44 4 0 8
09:16:16 3 1 41
09:16:45 4 0 9
09:17:15 4 0 8
09:17:45 4 0 9
09:18:16 4 0 8
09:18:47 4 0 9
09:19:17 4 0 9
09:19:47 4 0 10
09:20:17 4 0 10
09:20:47 4 0 10
09:21:17 4 0 8
09:21:47 4 0 9
09:22:17 4 0 8
09:22:48 4 0 8
09:23:18 4 0 8
09:23:48 4 0 8
09:24:19 3 1 9
09:24:48 4 0 9
09:25:18 4 0 10
09:25:49 3 1 8
09:26:20 3 1 8
09:26:49 4 0 8
09:27:19 4 0 9
09:27:49 4 0 8
09:28:20 3 1 9
09:28:49 4 0 9
09:29:19 4 0 8
09:29:49 4 0 8
09:30:19 4 0 10
09:30:50 4 0 8
09:31:20 4 0 9
09:31:50 4 0 8
09:32:20 4 0 9
09:32:51 4 0 9
09:33:21 4 0 8
09:33:51 4 0 9
09:34:22 3 1 9
09:34:51 4 0 8
09:35:21 4 0 9
09:35:51 4 0 8
09:36:21 4 0 9
09:36:52 4 0 9
09:37:22 4 0 10
09:37:52 4 0 8
09:38:22 4 0 8
09:38:53 4 0 9
09:39:23 4 0 8
09:39:53 4 0 8
09:40:23 4 0 9
09:40:53 4 0 9
09:41:23 4 0 9
09:41:54 4 0 8
09:42:24 4 0 32
09:42:55 3 1 8
09:43:24 4 0 8
09:43:55 3 1 8
09:44:24 4 0 8
09:44:54 4 0 8
09:45:24 4 0 8
09:45:55 4 0 8
09:46:25 4 0 9
09:46:55 4 0 9
09:47:25 4 0 8
09:47:55 4 0 9
09:48:25 4 0 9
09:48:55 4 0 10
09:49:25 4 0 8
09:49:56 4 0 9
09:50:26 4 0 8
09:50:56 4 0 36
09:51:26 4 0 8
09:51:57 4 0 8
09:52:27 4 0 8
09:52:57 4 0 10
09:53:27 4 0 8
09:53:57 4 0 8
09:54:29 3 1 59
09:54:58 4 0 9
09:55:29 3 1 9
09:55:58 4 0 8
09:56:28 4 0 8
09:56:59 3 1 11
09:57:28 4 0 9
09:57:58 4 0 8
09:58:28 4 0 9
09:58:59 4 0 10
09:59:29 4 0 50
09:59:59 4 0 9
10:00:29 4 0 10
10:00:59 4 0 9
10:01:29 4 0 11
10:02:00 3 1 8
10:02:30 4 0 8
10:03:00 4 0 8
10:03:30 4 0 9
10:04:00 4 0 8
10:04:31 3 1 10
10:05:00 4 0 8
10:05:31 3 1 8
10:06:00 4 0 9
10:06:30 4 0 8
10:07:01 4 0 8
10:07:31 4 0 11
10:08:01 4 0 8
10:08:31 4 0 9
10:09:01 4 0 9
10:09:31 4 0 9
10:10:01 4 0 9
10:10:31 4 0 9
10:11:02 4 0 8
10:11:33 3 1 65
10:12:02 4 0 56
10:12:32 4 0 46
10:13:03 3 1 51
10:13:32 4 0 29
10:14:03 4 0 42
10:14:34 3 1 34
10:15:03 4 0 9
10:15:33 4 0 50
10:16:04 3 1 61
10:16:33 4 0 56
10:17:03 4 0 46
10:17:33 4 0 44
10:18:04 4 0 37
10:18:34 4 0 33
10:19:04 4 0 55
10:19:34 4 0 48
10:20:04 4 0 47
10:20:34 4 0 34
10:21:05 4 0 49
10:21:36 3 1 66
10:22:05 4 0 26
10:22:36 4 0 42
10:23:08 2 2 64
10:23:38 3 1 60
10:24:07 4 0 50
10:24:38 4 0 41
10:25:08 4 0 8
10:25:38 4 0 8
10:26:09 4 0 8
10:26:39 4 0 8
10:27:10 4 0 9
10:27:41 3 1 8
10:28:10 4 0 9
10:28:40 4 0 10
10:29:10 4 0 8
10:29:40 4 0 9
10:30:11 4 0 10
10:30:41 4 0 9
10:31:11 4 0 8
10:31:41 4 0 9
10:32:11 4 0 10
10:32:41 4 0 9
10:33:12 4 0 8
10:33:42 4 0 11
10:34:12 4 0 9
10:34:42 4 0 9
10:35:12 4 0 9
10:35:42 4 0 9
10:36:12 4 0 9
10:36:42 4 0 9
10:37:13 4 0 8
10:37:43 4 0 9
10:38:14 4 0 8
10:38:45 3 1 10
10:39:14 4 0 8
10:39:44 4 0 8
10:40:15 4 0 9
10:40:45 4 0 14
10:41:15 4 0 10
10:41:45 4 0 9
10:42:15 4 0 9
10:42:45 4 0 9
10:43:16 4 0 9
10:43:46 4 0 8
10:44:16 4 0 8
10:44:46 4 0 10
10:45:16 4 0 9
10:45:46 4 0 9
10:46:17 4 0 9
10:46:47 4 0 9
10:47:17 4 0 10
10:47:48 3 1 8
10:48:17 4 0 10
10:48:47 4 0 9
10:49:18 4 0 8
10:49:48 4 0 9
10:50:18 4 0 10
10:50:48 4 0 8
10:51:19 4 0 8
10:51:49 4 0 9
10:52:19 4 0 8
10:52:50 3 1 8
10:53:19 4 0 9
10:53:49 4 0 9
10:54:20 4 0 9
10:54:50 4 0 9
10:55:20 4 0 9
10:55:50 4 0 8
10:56:21 4 0 8
10:56:51 4 0 9
10:57:21 4 0 8
10:57:51 4 0 8
10:58:22 4 0 9
10:58:52 4 0 8
10:59:23 4 0 8
10:59:53 4 0 8
11:00:24 3 1 8
11:00:53 4 0 9
11:01:23 4 0 9
11:01:53 4 0 9
11:02:24 4 0 8
11:02:54 4 0 8
11:03:24 4 0 9
11:03:54 4 0 9
11:04:24 4 0 8
11:04:54 4 0 9
11:05:25 4 0 9
11:05:55 4 0 9
11:06:25 4 0 8
11:06:55 4 0 9
11:07:26 4 0 9
11:07:56 4 0 9
11:08:26 4 0 9
11:08:56 4 0 11
11:09:27 3 1 9
11:09:56 4 0 12
11:10:26 4 0 9
11:10:56 4 0 9
11:11:27 4 0 9
11:11:57 4 0 8
11:12:27 4 0 9
11:12:57 4 0 10
11:13:27 4 0 9
11:13:57 4 0 9
11:14:28 4 0 9
11:14:58 4 0 8
11:15:30 3 1 45
11:15:59 4 0 9
11:16:29 4 0 8
11:16:59 4 0 9
11:17:30 4 0 9
11:18:00 4 0 10
11:18:30 4 0 9
11:19:00 4 0 8
11:19:30 4 0 10
11:20:01 4 0 9
11:20:31 4 0 10
11:21:01 4 0 9
11:21:31 4 0 10
11:22:01 4 0 9
11:22:31 4 0 8
11:23:01 4 0 8
11:23:31 4 0 9
11:24:02 4 0 8
11:24:32 4 0 8
11:25:02 4 0 9
11:25:32 4 0 9
11:26:02 4 0 8
11:26:32 4 0 9
11:27:02 4 0 10
11:27:32 4 0 9
11:28:03 4 0 9
11:28:33 4 0 10
11:29:03 4 0 10
11:29:33 4 0 8
11:30:03 4 0 9
11:30:33 4 0 9
11:31:03 4 0 9
11:31:33 4 0 10
11:32:03 4 0 9
11:32:34 4 0 8
11:33:04 4 0 9
11:33:35 3 1 8
11:34:04 4 0 8
11:34:35 4 0 34
11:35:05 4 0 9
11:35:35 4 0 9
11:36:05 4 0 9
11:36:36 4 0 8
11:37:06 4 0 8
11:37:37 4 0 9
11:38:07 4 0 8
11:38:37 4 0 8
11:39:07 4 0 10
11:39:37 4 0 9
11:40:07 4 0 9
11:40:38 4 0 24
11:41:08 4 0 9
11:41:38 4 0 9
11:42:08 4 0 9
11:42:38 4 0 9
11:43:08 4 0 9
11:43:38 4 0 9
11:44:09 4 0 8
11:44:39 4 0 8
11:45:09 4 0 8
11:45:40 4 0 8
11:46:11 4 0 8
11:46:41 4 0 10
11:47:12 4 0 9
11:47:42 4 0 10
11:48:12 4 0 8
11:48:42 4 0 10
11:49:12 4 0 8
11:49:43 4 0 9
11:50:13 4 0 9
11:50:43 4 0 9
11:51:14 4 0 8
11:51:45 4 0 8
11:52:15 4 0 9
11:52:45 4 0 11
11:53:15 4 0 9
11:53:45 4 0 9
11:54:15 4 0 8
11:54:46 4 0 8
11:55:16 4 0 8
11:55:46 4 0 9
11:56:16 4 0 10
11:56:46 4 0 9
11:57:16 4 0 10
11:57:47 4 0 8
11:58:17 4 0 8
11:58:47 4 0 10
11:59:17 4 0 8
11:59:47 4 0 11
12:00:17 4 0 8
12:00:47 4 0 9
12:01:17 4 0 8
12:01:49 3 1 10
12:02:18 4 0 9
12:02:49 3 1 8
12:03:18 4 0 8
12:03:48 4 0 9
12:04:18 4 0 8
12:04:48 4 0 9
12:05:18 4 0 9
12:05:49 4 0 8
12:06:20 4 0 8
12:06:50 4 0 9
12:07:20 4 0 8
12:07:50 4 0 10
12:08:20 4 0 9
12:08:50 4 0 9
12:09:21 4 0 12
12:09:51 4 0 8
12:10:21 4 0 8
12:10:51 4 0 9
12:11:22 4 0 8
12:11:53 3 1 8
12:12:22 4 0 9
12:12:52 4 0 8
12:13:22 4 0 8
12:13:52 4 0 8
12:14:22 4 0 8
12:14:53 4 0 9
12:15:23 4 0 8
12:15:53 4 0 9
12:16:23 4 0 9
12:16:54 4 0 8
12:17:24 4 0 8
12:17:55 4 0 8
12:18:25 4 0 9
12:18:55 4 0 9
12:19:26 3 1 8
12:19:55 4 0 10
12:20:25 4 0 9
12:20:56 4 0 9
12:21:26 4 0 9
12:21:56 4 0 9
12:22:26 4 0 10
12:22:56 4 0 9
12:23:26 4 0 8
12:23:56 4 0 9
12:24:26 4 0 9
12:24:57 4 0 9
12:25:27 4 0 8
12:25:57 4 0 9
12:26:27 4 0 9
12:26:57 4 0 9
12:27:27 4 0 9
12:27:58 4 0 9
12:28:28 4 0 9
12:28:58 4 0 9
12:29:28 4 0 8
12:29:58 4 0 9
12:30:28 4 0 9
12:30:58 4 0 9
12:31:28 4 0 8
12:31:59 4 0 9
12:32:29 4 0 9
12:32:59 4 0 8
12:33:29 4 0 9
12:33:59 4 0 8
12:34:29 4 0 8
12:34:59 4 0 8
12:35:29 4 0 9
12:35:59 4 0 9
12:36:29 4 0 8
12:37:00 4 0 9
12:37:30 4 0 8
12:38:00 4 0 8
12:38:30 4 0 9
12:39:00 4 0 8
12:39:30 4 0 8
12:40:01 4 0 8
12:40:31 4 0 9
12:41:01 4 0 9
12:41:31 4 0 9
12:42:01 4 0 8
12:42:31 4 0 10
12:43:01 4 0 9
12:43:31 4 0 8
12:44:01 4 0 8
12:44:31 4 0 10
12:45:01 4 0 10
12:45:32 4 0 9
12:46:02 4 0 10
12:46:32 4 0 38
12:47:02 4 0 8
12:47:32 4 0 9
12:48:02 4 0 8
12:48:32 4 0 8
12:49:02 4 0 9
12:49:33 4 0 8
12:50:03 4 0 8
12:50:33 4 0 9
12:51:04 4 0 8
12:51:34 4 0 8
12:52:04 4 0 10
12:52:34 4 0 8
12:53:04 4 0 11
12:53:34 4 0 8
12:54:04 4 0 8
12:54:34 4 0 8
12:55:05 4 0 13
12:55:35 4 0 10
12:56:05 4 0 8
12:56:35 4 0 8
12:57:05 4 0 9
12:57:35 4 0 9
12:58:06 4 0 9
12:58:36 4 0 9
12:59:06 4 0 9
12:59:36 4 0 22
13:00:06 4 0 9
13:00:36 4 0 8
13:01:06 4 0 8
13:01:36 4 0 8
13:02:07 4 0 9
13:02:37 4 0 9
13:03:07 4 0 35
13:03:37 4 0 8
13:04:07 4 0 8
13:04:37 4 0 8
13:05:07 4 0 9
13:05:37 4 0 8
13:06:07 4 0 10
13:06:37 4 0 8
13:07:08 4 0 8
13:07:38 4 0 9
13:08:08 4 0 8
13:08:38 4 0 8
13:09:08 4 0 9
13:09:38 4 0 10
13:10:08 4 0 8
13:10:38 4 0 8
13:11:08 4 0 10
13:11:38 4 0 9
13:12:09 4 0 9
13:12:39 4 0 10
13:13:09 4 0 13
13:13:39 4 0 9
13:14:09 4 0 13
13:14:39 4 0 9
13:15:09 4 0 10
13:15:39 4 0 8
13:16:09 4 0 10
13:16:39 4 0 8
13:17:10 4 0 9
13:17:40 4 0 8
13:18:10 4 0 8
13:18:40 4 0 9
13:19:10 4 0 10
13:19:40 4 0 8
13:20:10 4 0 8
13:20:40 4 0 8
13:21:10 4 0 8
13:21:41 4 0 8
13:22:11 4 0 8
13:22:41 4 0 9
13:23:11 4 0 8
13:23:41 4 0 9
13:24:12 4 0 8
13:24:42 4 0 9
13:25:12 4 0 9
13:25:42 4 0 9
13:26:12 4 0 9
13:26:42 4 0 8
13:27:12 4 0 8
13:27:42 4 0 11
13:28:13 4 0 9
13:28:43 4 0 10
13:29:13 4 0 10
13:29:43 4 0 16
13:30:14 4 0 10
13:30:44 4 0 8
13:31:14 4 0 8
13:31:44 4 0 8
13:32:15 4 0 9
13:32:45 4 0 9
13:33:15 4 0 10
13:33:45 4 0 9
13:34:16 4 0 9
13:34:46 4 0 8
13:35:16 4 0 9
13:35:46 4 0 38
13:36:16 4 0 10
13:36:46 4 0 10
13:37:16 4 0 8
13:37:46 4 0 8
13:38:17 4 0 9
13:38:47 4 0 8
13:39:17 4 0 8
13:39:47 4 0 8
13:40:17 4 0 8
13:40:47 4 0 8
13:41:17 4 0 9
13:41:47 4 0 8
13:42:18 4 0 33
13:42:48 4 0 34
13:43:19 4 0 8
13:43:49 4 0 10
13:44:19 4 0 8
13:44:49 4 0 8
13:45:19 4 0 8
13:45:49 4 0 8
13:46:19 4 0 10
13:46:50 4 0 8
13:47:21 4 0 9
13:47:51 4 0 45
13:48:21 4 0 9
13:48:51 4 0 10
13:49:21 4 0 9
13:49:51 4 0 9
13:50:21 4 0 8
13:50:51 4 0 12
13:51:22 4 0 8
13:51:53 4 0 9
13:52:23 4 0 11
13:52:53 4 0 9
13:53:23 4 0 9
13:53:53 4 0 8
13:54:23 4 0 8
13:54:53 4 0 9
13:55:24 4 0 9
13:55:54 4 0 9
13:56:24 4 0 9
13:56:54 4 0 17
13:57:24 4 0 9
13:57:54 4 0 9
13:58:24 4 0 8
13:58:54 4 0 9
13:59:25 4 0 9
13:59:55 4 0 10
14:00:25 4 0 10
14:00:55 4 0 9
14:01:25 4 0 8
14:01:55 4 0 8
14:02:25 4 0 9
14:02:55 4 0 11
14:03:25 4 0 9
14:03:55 4 0 8
14:04:26 4 0 40
14:04:56 4 0 9
14:05:26 4 0 9
14:05:56 4 0 13
14:06:26 4 0 8
14:06:57 4 0 8
14:07:27 4 0 8
14:07:57 4 0 9
14:08:27 4 0 34
14:08:57 4 0 8
14:09:28 4 0 8
14:09:58 4 0 12
14:10:29 3 1 11
14:10:58 4 0 11
14:11:28 4 0 10
14:11:58 4 0 13
14:12:29 3 1 9
14:12:58 4 0 8
14:13:29 4 0 8
14:13:59 4 0 9
14:14:29 4 0 9
14:14:59 4 0 9
14:15:29 4 0 9
14:15:59 4 0 10
14:16:30 4 0 10
14:17:00 4 0 9
14:17:30 4 0 10
14:18:00 4 0 8
14:18:30 4 0 12
14:19:00 4 0 9
14:19:32 3 1 31
14:20:01 4 0 15
14:20:31 4 0 9
14:21:01 4 0 9
14:21:31 4 0 9
14:22:01 4 0 10
14:22:31 4 0 9
14:23:01 4 0 12
14:23:31 4 0 11
14:24:01 4 0 14
14:24:32 4 0 8
14:25:02 4 0 11
14:25:33 4 0 10
14:26:03 4 0 12
14:26:33 4 0 9
14:27:03 4 0 10
14:27:34 4 0 11
14:28:04 4 0 9
14:28:34 4 0 9
14:29:04 4 0 9
14:29:34 4 0 9
14:30:04 4 0 9
14:30:34 4 0 9
14:31:04 4 0 8
14:31:35 4 0 12
14:32:05 4 0 10
14:32:35 4 0 9
14:33:05 4 0 9
14:33:35 4 0 10
14:34:05 4 0 9
14:34:36 4 0 8
14:35:06 4 0 9
14:35:36 4 0 9
14:36:06 4 0 10
14:36:37 4 0 8
14:37:07 4 0 9
14:37:38 4 0 10
14:38:08 4 0 8
14:38:39 4 0 8
14:39:09 4 0 9
14:39:39 4 0 8
14:40:09 4 0 8
14:40:39 4 0 9
14:41:09 4 0 9
14:41:40 4 0 8
14:42:10 4 0 8
14:42:40 4 0 9
14:43:10 4 0 8
14:43:41 4 0 9
14:44:11 4 0 8
14:44:41 4 0 8
14:45:11 4 0 9
14:45:42 4 0 8
14:46:12 4 0 10
14:46:43 3 1 9
14:47:12 4 0 10
14:47:42 4 0 10
14:48:12 4 0 8
14:48:43 4 0 8
14:49:13 4 0 10
14:49:43 4 0 10
14:50:13 4 0 8
14:50:43 4 0 9
14:51:15 3 1 8
14:51:47 1 3 8
14:52:14 4 0 10
14:52:45 3 1 8
14:53:14 4 0 8
14:53:44 4 0 9
14:54:14 4 0 8
14:54:44 4 0 10
14:55:15 4 0 9
14:55:45 4 0 10
14:56:15 4 0 9
14:56:45 4 0 9
14:57:15 4 0 8
14:57:45 4 0 8
14:58:15 4 0 8
14:58:46 4 0 9
14:59:16 4 0 9
14:59:46 4 0 8
15:00:16 4 0 9
15:00:46 4 0 8
15:01:16 4 0 9
15:01:46 4 0 9
15:02:16 4 0 9
15:02:46 4 0 9
15:03:16 4 0 10
15:03:47 4 0 10
15:04:17 4 0 9
15:04:47 4 0 9
15:05:17 4 0 8
15:05:47 4 0 9
15:06:17 4 0 9
15:06:47 4 0 9
15:07:17 4 0 9
15:07:47 4 0 9
15:08:18 4 0 9
15:08:48 4 0 9
15:09:18 4 0 8
15:09:48 4 0 9
15:10:18 4 0 8
15:10:48 4 0 9
15:11:19 4 0 22
15:11:48 4 0 8
15:12:18 4 0 9
15:12:49 4 0 9
15:13:19 4 0 8
15:13:49 4 0 9
15:14:19 4 0 8
15:14:49 4 0 9
15:15:19 4 0 9
15:15:50 4 0 9
15:16:20 4 0 8
15:16:50 4 0 9
15:17:20 4 0 9
15:17:50 4 0 9
15:18:20 4 0 9
15:18:50 4 0 8
15:19:20 4 0 8
15:19:50 4 0 10
15:20:21 4 0 11
15:20:51 4 0 10
15:21:21 4 0 10
15:21:52 3 1 8
15:22:21 4 0 9
15:22:51 4 0 9
15:23:21 4 0 9
15:23:51 4 0 8
15:24:21 4 0 10
15:24:51 4 0 8
15:25:22 4 0 9
15:25:52 4 0 8
15:26:22 4 0 9
15:26:52 4 0 9
15:27:22 4 0 9
15:27:52 4 0 42
15:28:22 4 0 9
15:28:52 4 0 9
15:29:22 4 0 8
15:29:53 4 0 8
15:30:23 4 0 8
15:30:53 4 0 8
15:31:23 4 0 9
15:31:54 4 0 8
15:32:24 4 0 8
15:32:54 4 0 9
15:33:24 4 0 9
15:33:54 4 0 9
15:34:24 4 0 9
15:34:54 4 0 8
15:35:24 4 0 9
15:35:54 4 0 9
15:36:24 4 0 9
15:36:55 4 0 9
15:37:25 4 0 9
15:37:55 4 0 8
15:38:25 4 0 9
15:38:55 4 0 9
15:39:25 4 0 10
15:39:55 4 0 9
15:40:25 4 0 9
15:40:55 4 0 8
15:41:25 4 0 9
15:41:56 4 0 8
15:42:26 4 0 9
15:42:56 4 0 8
15:43:26 4 0 9
15:43:56 4 0 9
15:44:26 4 0 10
15:44:56 4 0 9
15:45:26 4 0 9
15:45:57 4 0 9
15:46:27 4 0 8
15:46:57 4 0 9
15:47:28 3 1 11
15:47:57 4 0 10
15:48:27 4 0 12
15:48:57 4 0 9
15:49:27 4 0 9
15:49:58 4 0 9
15:50:28 4 0 9
15:50:58 4 0 8
15:51:28 4 0 8
15:51:58 4 0 10
15:52:28 4 0 10
15:52:59 4 0 9
15:53:29 4 0 9
15:53:59 4 0 9
15:54:29 4 0 12
15:54:59 4 0 12
15:55:29 4 0 10
15:55:59 4 0 10
15:56:29 4 0 12
15:56:59 4 0 9
15:57:30 4 0 10
15:58:00 4 0 8
15:58:30 4 0 9
15:59:00 4 0 10
15:59:30 4 0 10
16:00:00 4 0 8
16:00:30 4 0 8
16:01:00 4 0 9
16:01:30 4 0 9
16:02:01 4 0 9
16:02:31 4 0 8
16:03:01 4 0 8
16:03:31 4 0 8
16:04:01 4 0 9
16:04:31 4 0 8
16:05:01 4 0 9
16:05:31 4 0 8
16:06:01 4 0 9
16:06:31 4 0 10
16:07:02 4 0 8
16:07:32 4 0 8
16:08:02 4 0 9
16:08:33 3 1 9
16:09:02 4 0 9
16:09:32 4 0 8
16:10:02 4 0 9
16:10:32 4 0 9
16:11:03 4 0 36
16:11:33 4 0 9
16:12:04 4 0 8
16:12:34 4 0 8
16:13:04 4 0 8
16:13:34 4 0 8
16:14:04 4 0 8
16:14:34 4 0 8
16:15:04 4 0 8
16:15:34 4 0 8
16:16:06 3 1 8
16:16:35 4 0 8
16:17:05 4 0 8
16:17:35 4 0 9
16:18:05 4 0 8
16:18:35 4 0 8
16:19:05 4 0 8
16:19:35 4 0 8
16:20:06 4 0 8
16:20:36 4 0 54
16:21:06 4 0 8
16:21:36 4 0 8
16:22:06 4 0 8
16:22:36 4 0 8
16:23:06 4 0 8
16:23:36 4 0 8
16:24:06 4 0 9
16:24:36 4 0 8
16:25:07 4 0 8
16:25:37 4 0 8
16:26:07 4 0 8
16:26:37 4 0 8
16:27:07 4 0 8
16:27:37 4 0 8
16:28:07 4 0 8
16:28:37 4 0 8
16:29:08 4 0 8
16:29:38 4 0 8
16:30:08 4 0 8
16:30:38 4 0 8
16:31:08 4 0 8
16:31:38 4 0 8
16:32:08 4 0 8
16:32:39 4 0 12
16:33:09 4 0 12
16:33:39 4 0 8
16:34:09 4 0 8
16:34:41 3 1 8
16:35:10 4 0 8
16:35:40 4 0 42
16:36:10 4 0 8
16:36:40 4 0 8
16:37:10 4 0 8
16:37:40 4 0 8
16:38:10 4 0 8
16:38:40 4 0 11
16:39:11 4 0 8
16:39:41 4 0 8
16:40:11 4 0 8
16:40:41 4 0 8
16:41:11 4 0 14
16:41:41 4 0 8
16:42:11 4 0 8
16:42:41 4 0 8
16:43:12 4 0 8
16:43:42 4 0 8
16:44:13 3 1 8
16:44:42 4 0 8
16:45:12 4 0 8
16:45:42 4 0 8
16:46:12 4 0 8
16:46:42 4 0 8
16:47:12 4 0 8
16:47:42 4 0 8
16:48:14 3 1 8
16:48:43 4 0 8
16:49:13 4 0 8
16:49:43 4 0 8
16:50:13 4 0 8
16:50:43 4 0 8
16:51:13 4 0 41
16:51:43 4 0 8
16:52:13 4 0 8
16:52:44 4 0 10
16:53:14 4 0 8
16:53:44 4 0 8
16:54:14 4 0 8
16:54:44 4 0 8
16:55:14 4 0 8
16:55:44 4 0 8
16:56:15 4 0 8
16:56:45 4 0 8
16:57:15 4 0 8
16:57:45 4 0 8
16:58:15 4 0 8
16:58:45 4 0 8
16:59:15 4 0 8
16:59:45 4 0 8
17:00:16 4 0 8
17:00:46 4 0 8
17:01:16 4 0 8
17:01:46 4 0 8
17:02:16 4 0 8
17:02:47 4 0 11
17:03:17 4 0 8
17:03:47 4 0 38
17:04:17 4 0 8
17:04:47 4 0 14
17:05:18 3 1 8
17:05:47 4 0 8
17:06:19 3 1 8
17:06:48 4 0 10
17:07:18 4 0 8
17:07:48 4 0 8
17:08:20 2 2 12
17:08:48 4 0 8
17:09:18 4 0 8
17:09:48 4 0 8
17:10:18 4 0 8
17:10:48 4 0 8
17:11:19 4 0 13
17:11:49 4 0 8
17:12:19 4 0 8
17:12:49 4 0 8
17:13:20 3 1 47
17:13:49 4 0 8
17:14:19 4 0 8
17:14:49 4 0 8
17:15:20 4 0 8
17:15:50 4 0 8
17:16:20 4 0 8
17:16:50 4 0 8
17:17:20 4 0 8
17:17:50 4 0 8
17:18:20 4 0 8
17:18:50 4 0 8
17:19:21 4 0 8
17:19:51 4 0 8
17:20:21 4 0 8
17:20:51 4 0 8
17:21:21 4 0 8
17:21:51 4 0 8
17:22:21 4 0 8
17:22:52 4 0 12
17:23:23 4 0 8
17:23:53 4 0 30
17:24:23 4 0 11
17:24:53 4 0 8
17:25:23 4 0 9
17:25:53 4 0 8
17:26:24 4 0 8
17:26:54 4 0 11
17:27:24 4 0 8
17:27:54 4 0 8
17:28:24 4 0 8
17:28:54 4 0 8
17:29:25 4 0 8
17:29:55 4 0 8
17:30:25 4 0 8
17:30:55 4 0 8
17:31:25 4 0 38
17:31:55 4 0 8
17:32:25 4 0 8
17:32:55 4 0 8
17:33:26 4 0 8
17:33:56 4 0 8
17:34:26 4 0 13
17:34:57 3 1 8
17:35:26 4 0 10
17:35:56 4 0 8
17:36:26 4 0 8
17:36:57 4 0 8
17:37:27 4 0 8
17:37:57 4 0 8
17:38:27 4 0 8
17:38:57 4 0 8
17:39:28 4 0 8
17:39:58 4 0 8
17:40:28 4 0 8
17:40:58 4 0 8
17:41:28 4 0 8
17:41:58 4 0 8
17:42:29 4 0 8
17:42:59 4 0 9
17:43:29 4 0 8
17:43:59 4 0 8
17:44:30 4 0 8
17:45:00 4 0 8
17:45:30 4 0 8
17:46:00 4 0 8
17:46:30 4 0 8
17:47:00 4 0 8
17:47:31 4 0 8
17:48:01 4 0 8
17:48:31 4 0 8
17:49:01 4 0 8
17:49:31 4 0 8
17:50:01 4 0 8
17:50:31 4 0 8
17:51:01 4 0 8
17:51:33 3 1 8
17:52:02 4 0 8
17:52:32 4 0 8
17:53:02 4 0 8
17:53:32 4 0 8
17:54:02 4 0 8
17:54:32 4 0 8
17:55:02 4 0 8
17:55:33 4 0 8
17:56:03 4 0 8
17:56:33 4 0 8
17:57:03 4 0 8
17:57:33 4 0 8
17:58:03 4 0 8
17:58:33 4 0 8
17:59:03 4 0 8
17:59:34 4 0 13
18:00:04 4 0 8
18:00:34 4 0 8
18:01:04 4 0 8
18:01:34 4 0 8
18:02:04 4 0 8
18:02:35 4 0 9
18:03:05 4 0 12
18:03:35 4 0 8
18:04:06 4 0 8
18:04:36 4 0 8
18:05:06 4 0 8
18:05:36 4 0 8
18:06:06 4 0 8
18:06:36 4 0 8
18:07:06 4 0 8
18:07:37 4 0 8
18:08:07 4 0 8
18:08:37 4 0 8
18:09:07 4 0 8
18:09:37 4 0 9
18:10:07 4 0 8
18:10:37 4 0 8
18:11:07 4 0 8
18:11:38 4 0 8
18:12:08 4 0 8
18:12:38 4 0 8
18:13:08 4 0 8
18:13:38 4 0 8
18:14:08 4 0 8
18:14:38 4 0 8
18:15:08 4 0 8
18:15:39 4 0 8
18:16:09 4 0 10
18:16:39 4 0 8
18:17:09 4 0 12
18:17:39 4 0 8
18:18:10 3 1 11
18:18:39 4 0 8
18:19:09 4 0 8
18:19:40 4 0 8
18:20:11 3 1 8
18:20:40 4 0 8
18:21:10 4 0 8
18:21:40 4 0 8
18:22:10 4 0 8
18:22:41 4 0 11
18:23:12 4 0 8
18:23:42 4 0 8
18:24:12 4 0 8
18:24:42 4 0 8
18:25:12 4 0 8
18:25:42 4 0 8
18:26:12 4 0 8
18:26:43 4 0 8
18:27:13 4 0 8
18:27:43 4 0 8
18:28:13 4 0 8
18:28:43 4 0 8
18:29:13 4 0 8
18:29:44 4 0 8
18:30:14 4 0 8
18:30:44 4 0 8
18:31:14 4 0 8
18:31:45 4 0 8
18:32:15 4 0 8
18:32:45 4 0 8
18:33:15 4 0 11
18:33:46 4 0 8
18:34:16 4 0 8
18:34:46 4 0 8
18:35:16 4 0 8
18:35:46 4 0 8
18:36:16 4 0 8
18:36:47 4 0 24
18:37:17 4 0 8
18:37:47 4 0 8
18:38:17 4 0 8
18:38:47 4 0 8
18:39:17 4 0 8
18:39:47 4 0 8
18:40:17 4 0 8
18:40:48 4 0 8
18:41:18 4 0 8
18:41:48 4 0 8
18:42:18 4 0 8
18:42:49 3 1 8
18:43:18 4 0 8
18:43:48 4 0 8
18:44:18 4 0 8
18:44:48 4 0 8
18:45:18 4 0 8
18:45:49 4 0 8
18:46:19 4 0 8
18:46:49 4 0 8
18:47:19 4 0 8
18:47:49 4 0 8
18:48:19 4 0 8
18:48:49 4 0 8
18:49:20 4 0 8
18:49:50 4 0 8
18:50:20 4 0 8
18:50:50 4 0 11
18:51:20 4 0 8
18:51:50 4 0 8
18:52:20 4 0 8
18:52:50 4 0 8
18:53:21 4 0 10
18:53:51 4 0 8
18:54:22 4 0 8
18:54:52 4 0 11
18:55:22 4 0 8
18:55:52 4 0 8
18:56:22 4 0 8
18:56:52 4 0 8
18:57:22 4 0 8
18:57:52 4 0 8
18:58:22 4 0 8
18:58:53 4 0 8
18:59:23 4 0 8
18:59:53 4 0 8
19:00:23 4 0 8
19:00:53 4 0 8
19:01:23 4 0 8
19:01:53 4 0 8
19:02:23 4 0 8
19:02:54 4 0 8
19:03:24 4 0 8
19:03:54 4 0 8
19:04:24 4 0 8
19:04:54 4 0 8
19:05:24 4 0 8
19:05:54 4 0 8
19:06:24 4 0 8
19:06:54 4 0 8
19:07:24 4 0 8
19:07:55 4 0 8
19:08:25 4 0 8
19:08:55 4 0 8
19:09:25 4 0 8
19:09:55 4 0 8
19:10:25 4 0 8
19:10:55 4 0 8
19:11:25 4 0 8
19:11:56 4 0 8
19:12:26 4 0 8
19:12:56 4 0 8
19:13:26 4 0 8
19:13:56 4 0 8
19:14:26 4 0 8
19:14:56 4 0 8
19:15:26 4 0 8
19:15:57 4 0 8
19:16:27 4 0 8
19:16:57 4 0 11
19:17:27 4 0 8
19:17:57 4 0 8
19:18:27 4 0 8
19:18:57 4 0 8
19:19:27 4 0 8
19:19:57 4 0 8
19:20:27 4 0 8
19:20:58 4 0 8
19:21:28 4 0 8
19:21:58 4 0 8
19:22:28 4 0 8
19:22:58 4 0 8
19:23:28 4 0 8
19:23:58 4 0 8
19:24:28 4 0 8
19:24:58 4 0 8
19:25:28 4 0 8
19:25:59 4 0 8
19:26:29 4 0 8
19:26:59 4 0 8
19:27:29 4 0 28
19:27:59 4 0 8
19:28:29 4 0 8
19:28:59 4 0 8
19:29:29 4 0 8
19:29:59 4 0 8
19:30:29 4 0 8
19:31:00 4 0 8
19:31:30 4 0 8
19:32:00 4 0 8
19:32:30 4 0 8
19:33:00 4 0 8
19:33:30 4 0 10
19:34:01 4 0 8
19:34:31 4 0 8
19:35:01 4 0 8
19:35:31 4 0 8
19:36:01 4 0 8
19:36:31 4 0 8
19:37:01 4 0 8
19:37:31 4 0 8
19:38:02 4 0 8
19:38:32 4 0 8
19:39:02 4 0 8
19:39:32 4 0 8
19:40:02 4 0 8
19:40:32 4 0 11
19:41:02 4 0 8
19:41:32 4 0 8
19:42:03 4 0 8
19:42:33 4 0 8
19:43:03 4 0 8
19:43:33 4 0 8
19:44:03 4 0 8
19:44:33 4 0 8
19:45:03 4 0 8
19:45:33 4 0 8
19:46:03 4 0 8
19:46:33 4 0 11
19:47:04 4 0 8
19:47:34 4 0 8
19:48:04 4 0 8
19:48:34 4 0 8
19:49:04 4 0 8
19:49:34 4 0 8
19:50:04 4 0 8
19:50:34 4 0 8
19:51:04 4 0 8
19:51:34 4 0 8
19:52:05 4 0 8
19:52:35 4 0 8
19:53:05 4 0 8
19:53:35 4 0 8
19:54:05 4 0 8
19:54:35 4 0 9
19:55:05 4 0 8
19:55:35 4 0 8
19:56:05 4 0 8
19:56:35 4 0 8
19:57:06 4 0 8
19:57:36 4 0 8
19:58:06 4 0 8
19:58:36 4 0 8
19:59:06 4 0 8
19:59:36 4 0 8
20:00:06 4 0 8
20:00:36 4 0 8
20:01:07 4 0 8
20:01:37 4 0 8
20:02:07 4 0 8
20:02:37 4 0 8
20:03:07 4 0 8
20:03:37 4 0 17
20:04:07 4 0 8
20:04:37 4 0 8
20:05:07 4 0 8
20:05:37 4 0 12
20:06:08 4 0 8
20:06:38 4 0 8
20:07:08 4 0 8
20:07:38 4 0 8
20:08:08 4 0 8
20:08:38 4 0 8
20:09:09 3 1 8
20:09:38 4 0 8
20:10:08 4 0 8
20:10:38 4 0 8
20:11:09 4 0 8
20:11:39 4 0 8
20:12:09 4 0 8
20:12:39 4 0 8
20:13:09 4 0 8
20:13:39 4 0 8
20:14:09 4 0 8
20:14:39 4 0 8
20:15:09 4 0 8
20:15:39 4 0 8
20:16:10 4 0 8
20:16:40 4 0 8
20:17:10 4 0 8
20:17:40 4 0 8
20:18:10 4 0 8
20:18:40 4 0 8
20:19:10 4 0 8
20:19:40 4 0 8
20:20:11 4 0 8
20:20:41 4 0 8
20:21:11 4 0 8
20:21:41 4 0 8
20:22:11 4 0 8
20:22:41 4 0 8
20:23:11 4 0 8
20:23:41 4 0 8
20:24:12 4 0 8
20:24:42 4 0 8
20:25:12 4 0 8
20:25:42 4 0 8
20:26:12 4 0 8
20:26:42 4 0 8
20:27:12 4 0 8
20:27:43 3 1 8
20:28:13 4 0 8
20:28:43 4 0 8
20:29:13 4 0 8
20:29:43 4 0 8
20:30:13 4 0 8
20:30:43 4 0 8
20:31:13 4 0 8
20:31:43 4 0 12
20:32:13 4 0 8
20:32:43 4 0 8
20:33:14 4 0 8
20:33:44 4 0 8
20:34:14 4 0 8
20:34:44 4 0 8
20:35:14 4 0 8
20:35:44 4 0 8
20:36:14 4 0 8
20:36:44 4 0 8
20:37:14 4 0 8
20:37:44 4 0 8
20:38:15 4 0 8
20:38:45 4 0 8
20:39:15 4 0 8
20:39:45 4 0 8
20:40:15 4 0 8
20:40:45 4 0 8
20:41:15 4 0 8
20:41:45 4 0 8
20:42:15 4 0 8
20:42:45 4 0 8
20:43:16 4 0 8
20:43:46 4 0 8
20:44:16 4 0 8
20:44:46 4 0 8
20:45:16 4 0 10
20:45:46 4 0 8
20:46:16 4 0 12
20:46:47 4 0 8
20:47:17 4 0 8
20:47:47 4 0 8
20:48:17 4 0 8
20:48:47 4 0 8
20:49:17 4 0 8
20:49:47 4 0 33
20:50:17 4 0 8
20:50:47 4 0 8
20:51:17 4 0 8
20:51:47 4 0 10
20:52:18 4 0 8
20:52:48 4 0 8
20:53:18 4 0 8
20:53:48 4 0 8
20:54:18 4 0 10
20:54:48 4 0 8
20:55:18 4 0 8
20:55:48 4 0 8
20:56:18 4 0 8
20:56:48 4 0 8
20:57:19 4 0 8
20:57:49 4 0 8
20:58:19 4 0 8
20:58:49 4 0 8
20:59:19 4 0 11
20:59:49 4 0 8
21:00:19 4 0 8
21:00:49 4 0 8
21:01:20 4 0 8
21:01:50 4 0 8
21:02:20 4 0 8
21:02:50 4 0 8
21:03:20 4 0 8
21:03:50 4 0 8
21:04:20 4 0 8
21:04:50 4 0 8
21:05:20 4 0 8
21:05:50 4 0 42
21:06:21 4 0 10
21:06:51 4 0 8
21:07:22 4 0 8
21:07:52 4 0 8
21:08:22 4 0 8
21:08:52 4 0 8
21:09:22 4 0 8
21:09:52 4 0 8
21:10:22 4 0 8
21:10:52 4 0 8
21:11:22 4 0 8
21:11:52 4 0 8
21:12:23 4 0 8
21:12:53 4 0 9
21:13:23 4 0 8
21:13:53 4 0 8
21:14:23 4 0 8
21:14:53 4 0 8
21:15:23 4 0 8
21:15:53 4 0 8
21:16:23 4 0 8
21:16:53 4 0 8
21:17:24 4 0 8
21:17:54 4 0 8
21:18:24 4 0 8
21:18:54 4 0 8
21:19:25 4 0 10
21:19:55 4 0 8
21:20:25 4 0 41
21:20:55 4 0 8
21:21:25 4 0 8
21:21:55 4 0 8
21:22:25 4 0 10
21:22:55 4 0 8
21:23:25 4 0 8
21:23:55 4 0 8
21:24:26 4 0 8
21:24:57 3 1 11
21:25:26 4 0 11
21:25:56 4 0 8
21:26:26 4 0 8
21:26:57 4 0 8
21:27:27 4 0 39
21:27:57 4 0 8
21:28:27 4 0 8
21:28:58 4 0 9
21:29:28 4 0 11
21:29:58 4 0 8
21:30:28 4 0 9
21:30:58 4 0 8
21:31:28 4 0 8
21:31:58 4 0 8
21:32:28 4 0 8
21:32:58 4 0 8
21:33:29 4 0 8
21:33:59 4 0 8
21:34:29 4 0 8
21:34:59 4 0 8
21:35:29 4 0 8
21:35:59 4 0 8
21:36:29 4 0 8
21:36:59 4 0 8
21:37:29 4 0 9
21:37:59 4 0 8
21:38:30 4 0 8
21:39:00 4 0 8
21:39:30 4 0 8
21:40:00 4 0 8
21:40:30 4 0 8
21:41:00 4 0 8
21:41:30 4 0 8
21:42:00 4 0 8
21:42:31 4 0 8
21:43:01 4 0 8
21:43:31 4 0 8
21:44:01 4 0 11
21:44:31 4 0 8
21:45:01 4 0 8
21:45:31 4 0 8
21:46:01 4 0 8
21:46:32 4 0 8
21:47:02 4 0 8
21:47:32 4 0 8
21:48:02 4 0 8
21:48:32 4 0 8
21:49:02 4 0 11
21:49:32 4 0 8
21:50:02 4 0 8
21:50:32 4 0 8
21:51:03 4 0 8
21:51:33 4 0 8
21:52:03 4 0 11
21:52:33 4 0 11
21:53:03 4 0 8
21:53:33 4 0 11
21:54:03 4 0 11
21:54:33 4 0 8
21:55:03 4 0 10
21:55:34 4 0 8
21:56:04 4 0 8
21:56:34 4 0 8
21:57:04 4 0 8
21:57:34 4 0 8
21:58:04 4 0 8
21:58:34 4 0 8
21:59:04 4 0 8
21:59:35 4 0 8
22:00:05 4 0 8
22:00:35 4 0 8
22:01:05 4 0 8
22:01:35 4 0 8
22:02:05 4 0 31
22:02:35 4 0 8
22:03:05 4 0 8
22:03:36 4 0 8
22:04:06 4 0 8
22:04:36 4 0 8
22:05:06 4 0 11
22:05:36 4 0 8
22:06:06 4 0 8
22:06:37 4 0 8
22:07:08 4 0 32
22:07:38 4 0 8
22:08:08 4 0 8
22:08:38 4 0 8
22:09:08 4 0 8
22:09:38 4 0 8
22:10:08 4 0 8
22:10:38 4 0 10
22:11:08 4 0 8
22:11:39 4 0 8
22:12:09 4 0 8
22:12:39 4 0 8
22:13:09 4 0 8
22:13:39 4 0 8
22:14:09 4 0 8
22:14:39 4 0 8
22:15:09 4 0 8
22:15:40 4 0 8
22:16:10 4 0 8
22:16:40 4 0 8
22:17:10 4 0 8
22:17:40 4 0 10
22:18:10 4 0 8
22:18:40 4 0 8
22:19:10 4 0 10
22:19:41 4 0 8
22:20:11 4 0 8
22:20:41 4 0 8
22:21:11 4 0 8
22:21:41 4 0 8
22:22:11 4 0 8
22:22:41 4 0 8
22:23:11 4 0 8
22:23:42 4 0 8
22:24:12 4 0 8
22:24:42 4 0 8
22:25:12 4 0 8
22:25:42 4 0 8
22:26:12 4 0 8
22:26:42 4 0 8
22:27:12 4 0 8
22:27:43 4 0 8
22:28:13 4 0 8
22:28:43 4 0 8
22:29:13 4 0 8
22:29:43 4 0 8
22:30:13 4 0 8
22:30:43 4 0 8
22:31:13 4 0 8
22:31:43 4 0 8
22:32:14 4 0 8
22:32:44 4 0 8
22:33:14 4 0 8
22:33:44 4 0 8
22:34:14 4 0 8
22:34:44 4 0 8
22:35:14 4 0 8
22:35:44 4 0 8
22:36:15 4 0 8
22:36:45 4 0 15
22:37:15 4 0 8
22:37:45 4 0 8
22:38:15 4 0 8
22:38:46 4 0 8
22:39:16 4 0 8
22:39:46 4 0 8
22:40:16 4 0 8
22:40:46 4 0 8
22:41:16 4 0 14
22:41:46 4 0 8
22:42:16 4 0 8
22:42:47 4 0 8
22:43:17 4 0 8
22:43:47 4 0 8
22:44:17 4 0 8
22:44:47 4 0 9
22:45:17 4 0 10
22:45:47 4 0 8
22:46:17 4 0 8
22:46:48 4 0 8
22:47:18 4 0 8
22:47:48 4 0 8
22:48:18 4 0 8
22:48:48 4 0 8
22:49:18 4 0 8
22:49:48 4 0 8
22:50:18 4 0 8
22:50:49 4 0 8
22:51:19 4 0 8
22:51:49 4 0 8
22:52:19 4 0 8
22:52:49 4 0 8
22:53:19 4 0 8
22:53:49 4 0 8
22:54:19 4 0 8
22:54:50 4 0 50
22:55:21 3 1 8
22:55:50 4 0 8
22:56:20 4 0 8
22:56:51 3 1 8
22:57:21 3 1 8
22:57:50 4 0 8
22:58:20 4 0 8
22:58:51 4 0 8
22:59:21 4 0 8
22:59:51 4 0 8
23:00:21 4 0 8
23:00:51 4 0 8
23:01:21 4 0 8
23:01:51 4 0 8
23:02:22 4 0 8
23:02:52 4 0 8
23:03:22 4 0 8
23:03:52 4 0 8
23:04:22 4 0 8
23:04:52 4 0 8
23:05:22 4 0 8
23:05:52 4 0 9
23:06:22 4 0 8
23:06:53 4 0 8
23:07:23 4 0 8
23:07:53 4 0 62
23:08:23 4 0 8
23:08:53 4 0 8
23:09:23 4 0 8
23:09:54 4 0 8
23:10:24 4 0 8
23:10:54 4 0 8
23:11:24 4 0 8
23:11:54 4 0 9
23:12:24 4 0 10
23:12:54 4 0 8
23:13:24 4 0 8
23:13:54 4 0 8
23:14:25 4 0 8
23:14:55 4 0 8
23:15:25 4 0 8
23:15:55 4 0 8
23:16:25 4 0 8
23:16:55 4 0 8
23:17:25 4 0 8
23:17:56 4 0 8
23:18:26 4 0 8
23:18:56 4 0 8
23:19:26 4 0 8
23:19:56 4 0 8
23:20:26 4 0 8
23:20:56 4 0 8
23:21:26 4 0 8
23:21:57 4 0 8
23:22:27 4 0 8
23:22:57 4 0 8
23:23:27 4 0 8
23:23:57 4 0 8
23:24:27 4 0 8
23:24:57 4 0 8
23:25:27 4 0 8
23:25:58 4 0 8
23:26:28 4 0 8
23:26:58 4 0 8
23:27:28 4 0 8
23:27:58 4 0 8
23:28:28 4 0 8
23:28:58 4 0 8
23:29:28 4 0 8
23:29:59 4 0 8
23:30:29 4 0 8
23:30:59 4 0 8
23:31:29 4 0 8
23:31:59 4 0 8
23:32:29 4 0 8
23:33:00 4 0 8
23:33:30 4 0 8
23:34:00 4 0 8
23:34:30 4 0 8
23:35:00 4 0 8
23:35:30 4 0 9
23:36:00 4 0 11
23:36:30 4 0 8
23:37:01 4 0 8
23:37:31 4 0 8
23:38:01 4 0 8
23:38:31 4 0 8
23:39:01 4 0 8
23:39:31 4 0 8
23:40:01 4 0 8
23:40:31 4 0 8
23:41:02 4 0 8
23:41:32 4 0 8
23:42:02 4 0 13
23:42:32 4 0 8
23:43:03 4 0 8
23:43:33 4 0 8
23:44:03 4 0 8
23:44:33 4 0 8
23:45:03 4 0 8
23:45:33 4 0 8
23:46:04 4 0 10
23:46:34 4 0 8
23:47:04 4 0 9
23:47:34 4 0 8
23:48:05 4 0 8
23:48:35 4 0 9
23:49:06 4 0 8
23:49:36 4 0 8
23:50:06 4 0 8
23:50:36 4 0 8
23:51:07 4 0 8
23:51:37 4 0 10
23:52:07 4 0 8
23:52:38 4 0 8
23:53:08 4 0 8
23:53:39 4 0 8
23:54:09 4 0 8
23:54:39 4 0 8
23:55:10 4 0 8
23:55:40 4 0 8
23:56:12 4 0 8
23:56:44 4 0 9
23:57:14 4 0 8
23:57:44 4 0 8
23:58:15 4 0 8
23:58:45 4 0 8
23:59:15 4 0 8
23:59:47 4 0 8
