00:00:30 0 4 -1
00:00:39 0 4 -1
00:01:42 0 4 -1
00:02:14 0 4 -1
00:02:38 0 4 -1
00:03:00 0 4 -1
00:03:24 0 4 -1
00:03:55 0 4 -1
00:04:24 0 4 -1
00:04:58 0 4 -1
00:05:29 0 4 -1
00:06:04 0 4 -1
00:06:33 0 4 -1
00:07:04 0 4 -1
00:07:35 0 4 -1
00:08:06 0 4 -1
02:00:09 0 4 -1
02:00:39 0 4 -1
02:01:10 0 4 -1
02:01:40 0 4 -1
02:02:10 0 4 -1
02:02:40 0 4 -1
02:03:10 0 4 -1
02:03:41 0 4 -1
02:04:11 0 4 -1
02:04:41 0 4 -1
02:05:11 0 4 -1
02:05:42 0 4 -1
02:06:12 0 4 -1
02:06:42 0 4 -1
02:07:12 0 4 -1
02:07:42 0 4 -1
02:08:12 0 4 -1
02:08:43 0 4 -1
02:09:13 0 4 -1
02:09:43 0 4 -1
02:10:13 0 4 -1
02:10:44 0 4 -1
02:11:14 0 4 -1
02:11:44 0 4 -1
02:12:15 0 4 -1
02:12:45 0 4 -1
02:13:15 0 4 -1
02:13:45 0 4 -1
02:14:15 0 4 -1
02:14:46 0 4 -1
02:15:16 0 4 -1
02:15:46 0 4 -1
02:16:16 0 4 -1
02:16:46 0 4 -1
02:17:17 0 4 -1
02:17:47 0 4 -1
02:18:17 0 4 -1
02:18:48 0 4 -1
02:19:18 0 4 -1
02:19:48 0 4 -1
02:20:18 0 4 -1
02:20:48 0 4 -1
02:21:18 0 4 -1
02:21:49 0 4 -1
02:22:19 0 4 -1
02:22:49 0 4 -1
02:23:19 0 4 -1
02:23:50 0 4 -1
02:24:20 0 4 -1
02:24:50 0 4 -1
02:25:20 0 4 -1
02:25:50 0 4 -1
02:26:20 0 4 -1
02:26:51 0 4 -1
02:27:21 0 4 -1
02:27:51 0 4 -1
02:28:21 0 4 -1
02:28:52 0 4 -1
02:29:22 0 4 -1
02:29:52 0 4 -1
02:30:22 0 4 -1
02:30:52 0 4 -1
02:31:23 0 4 -1
02:31:53 0 4 -1
02:32:23 0 4 -1
02:32:53 0 4 -1
02:33:23 0 4 -1
02:33:54 0 4 -1
02:34:24 0 4 -1
02:34:54 0 4 -1
02:35:24 0 4 -1
02:35:54 0 4 -1
02:36:24 0 4 -1
02:36:55 0 4 -1
02:37:25 0 4 -1
02:37:55 0 4 -1
02:38:25 0 4 -1
02:38:56 0 4 -1
02:39:26 0 4 -1
02:39:56 0 4 -1
02:40:26 0 4 -1
02:40:56 0 4 -1
02:41:26 0 4 -1
02:41:57 0 4 -1
02:42:27 0 4 -1
02:42:57 0 4 -1
02:43:27 0 4 -1
02:43:58 0 4 -1
02:44:28 0 4 -1
02:44:58 0 4 -1
02:45:28 0 4 -1
02:45:58 0 4 -1
02:46:28 0 4 -1
02:46:59 0 4 -1
02:47:29 0 4 -1
02:47:59 0 4 -1
02:48:29 0 4 -1
02:48:59 0 4 -1
02:49:30 0 4 -1
02:50:00 0 4 -1
02:50:30 0 4 -1
02:51:00 0 4 -1
02:51:30 0 4 -1
02:52:01 0 4 -1
02:52:31 0 4 -1
02:53:01 0 4 -1
02:53:31 0 4 -1
02:54:01 0 4 -1
02:54:31 0 4 -1
02:55:02 0 4 -1
02:55:32 0 4 -1
02:56:02 0 4 -1
02:56:32 0 4 -1
02:57:03 0 4 -1
02:57:33 0 4 -1
02:58:03 0 4 -1
02:58:33 0 4 -1
02:59:03 0 4 -1
02:59:33 0 4 -1
03:00:04 0 4 -1
03:00:34 0 4 -1
03:01:04 0 4 -1
03:01:34 0 4 -1
03:02:05 0 4 -1
03:02:35 0 4 -1
03:03:05 0 4 -1
03:03:35 0 4 -1
03:04:05 0 4 -1
03:04:35 0 4 -1
03:05:06 0 4 -1
03:05:36 0 4 -1
03:06:06 0 4 -1
03:06:37 0 4 -1
03:07:07 0 4 -1
03:07:37 0 4 -1
03:08:08 0 4 -1
03:08:38 0 4 -1
03:09:09 0 4 -1
03:09:39 0 4 -1
03:10:09 0 4 -1
03:10:39 0 4 -1
03:11:09 0 4 -1
03:11:39 0 4 -1
03:12:10 0 4 -1
03:12:40 0 4 -1
03:13:10 0 4 -1
03:13:40 0 4 -1
03:14:10 0 4 -1
03:14:40 0 4 -1
03:15:11 0 4 -1
03:15:41 0 4 -1
03:16:11 0 4 -1
03:16:41 0 4 -1
03:17:11 0 4 -1
03:17:41 0 4 -1
03:18:12 0 4 -1
03:18:42 0 4 -1
03:19:13 0 4 -1
03:19:43 0 4 -1
03:20:13 0 4 -1
03:20:43 0 4 -1
03:21:13 0 4 -1
03:21:43 0 4 -1
03:22:13 0 4 -1
03:22:44 0 4 -1
03:23:14 0 4 -1
03:23:44 0 4 -1
03:24:14 0 4 -1
03:24:44 0 4 -1
03:25:15 0 4 -1
03:25:45 0 4 -1
03:26:15 0 4 -1
03:26:45 0 4 -1
03:27:15 0 4 -1
03:27:45 0 4 -1
03:28:15 0 4 -1
03:28:45 0 4 -1
03:29:16 0 4 -1
03:29:46 0 4 -1
03:30:16 0 4 -1
03:30:46 0 4 -1
03:31:16 0 4 -1
03:31:46 0 4 -1
03:32:17 0 4 -1
03:32:47 0 4 -1
03:33:17 0 4 -1
03:33:47 0 4 -1
03:34:17 0 4 -1
03:34:47 0 4 -1
03:35:18 0 4 -1
03:35:48 0 4 -1
03:36:18 0 4 -1
03:36:48 0 4 -1
03:37:18 0 4 -1
03:37:48 0 4 -1
03:38:19 0 4 -1
03:38:49 0 4 -1
03:39:19 0 4 -1
03:39:49 0 4 -1
03:40:19 0 4 -1
03:40:50 0 4 -1
03:41:20 0 4 -1
03:41:50 0 4 -1
03:42:20 0 4 -1
03:42:50 0 4 -1
03:43:21 0 4 -1
03:43:51 0 4 -1
03:44:21 0 4 -1
03:44:51 0 4 -1
03:45:21 0 4 -1
03:45:51 0 4 -1
03:46:22 0 4 -1
03:46:52 0 4 -1
03:47:22 0 4 -1
03:47:52 0 4 -1
03:48:22 0 4 -1
03:48:52 0 4 -1
03:49:22 0 4 -1
03:49:53 0 4 -1
03:50:23 0 4 -1
03:50:53 0 4 -1
03:51:23 0 4 -1
03:51:53 0 4 -1
03:52:24 0 4 -1
03:52:54 0 4 -1
03:53:24 0 4 -1
03:53:54 0 4 -1
03:54:24 0 4 -1
03:54:54 0 4 -1
03:55:25 0 4 -1
03:55:55 0 4 -1
03:56:25 0 4 -1
03:56:55 0 4 -1
03:57:25 0 4 -1
03:57:55 0 4 -1
03:58:25 0 4 -1
03:58:56 0 4 -1
03:59:26 0 4 -1
03:59:56 0 4 -1
04:00:26 0 4 -1
04:00:56 0 4 -1
04:01:26 0 4 -1
04:01:56 0 4 -1
04:02:27 0 4 -1
04:02:57 0 4 -1
04:03:27 0 4 -1
04:03:57 0 4 -1
04:04:27 0 4 -1
04:04:57 0 4 -1
04:05:28 0 4 -1
04:05:58 0 4 -1
04:06:28 0 4 -1
04:06:58 0 4 -1
04:07:28 0 4 -1
04:07:58 0 4 -1
04:08:29 0 4 -1
04:08:59 0 4 -1
04:09:29 0 4 -1
04:09:59 0 4 -1
04:10:29 0 4 -1
04:11:00 0 4 -1
04:11:30 0 4 -1
04:12:00 0 4 -1
04:12:30 0 4 -1
04:13:00 0 4 -1
04:13:30 0 4 -1
04:14:00 0 4 -1
04:14:31 0 4 -1
04:15:01 0 4 -1
04:15:31 0 4 -1
04:16:01 0 4 -1
04:16:31 0 4 -1
04:17:01 0 4 -1
04:17:32 0 4 -1
04:18:02 0 4 -1
04:18:32 0 4 -1
04:19:02 0 4 -1
04:19:32 0 4 -1
04:20:02 0 4 -1
04:20:33 0 4 -1
04:21:03 0 4 -1
04:21:33 0 4 -1
04:22:03 0 4 -1
04:22:33 0 4 -1
04:23:03 0 4 -1
04:23:34 0 4 -1
04:24:04 0 4 -1
04:24:34 0 4 -1
04:25:04 0 4 -1
04:25:35 0 4 -1
04:26:05 0 4 -1
04:26:35 0 4 -1
04:27:05 0 4 -1
04:27:36 0 4 -1
04:28:06 0 4 -1
04:28:36 0 4 -1
04:29:06 0 4 -1
04:29:36 0 4 -1
04:30:06 0 4 -1
04:30:37 0 4 -1
04:31:07 0 4 -1
04:31:37 0 4 -1
04:32:07 0 4 -1
04:32:37 0 4 -1
04:33:07 0 4 -1
04:33:38 0 4 -1
04:34:08 0 4 -1
04:34:38 0 4 -1
04:35:08 0 4 -1
04:35:38 0 4 -1
04:36:08 0 4 -1
04:36:39 0 4 -1
04:37:09 0 4 -1
04:37:39 0 4 -1
04:38:09 0 4 -1
04:38:39 0 4 -1
04:39:09 0 4 -1
04:39:40 0 4 -1
04:40:10 0 4 -1
04:40:40 0 4 -1
04:41:10 0 4 -1
04:41:40 0 4 -1
04:42:11 0 4 -1
04:42:41 0 4 -1
04:43:11 0 4 -1
04:43:41 0 4 -1
04:44:11 0 4 -1
04:44:42 0 4 -1
04:45:12 0 4 -1
04:45:42 0 4 -1
04:46:12 0 4 -1
04:46:42 0 4 -1
04:47:12 0 4 -1
04:47:43 0 4 -1
04:48:13 0 4 -1
04:48:43 0 4 -1
04:49:13 0 4 -1
04:49:43 0 4 -1
04:50:13 0 4 -1
04:50:44 0 4 -1
04:51:14 0 4 -1
04:51:44 0 4 -1
04:52:14 0 4 -1
04:52:44 0 4 -1
04:53:14 0 4 -1
04:53:44 0 4 -1
04:54:15 0 4 -1
04:54:45 0 4 -1
04:55:15 0 4 -1
04:55:45 0 4 -1
04:56:15 0 4 -1
04:56:46 0 4 -1
04:57:16 0 4 -1
04:57:46 0 4 -1
04:58:16 0 4 -1
04:58:46 0 4 -1
04:59:16 0 4 -1
04:59:47 0 4 -1
05:00:17 0 4 -1
05:00:47 0 4 -1
05:01:17 0 4 -1
05:01:47 0 4 -1
05:02:17 0 4 -1
05:02:48 0 4 -1
05:03:18 0 4 -1
05:03:48 0 4 -1
05:04:18 0 4 -1
05:04:48 0 4 -1
05:05:18 0 4 -1
05:05:49 0 4 -1
05:06:19 0 4 -1
05:06:49 0 4 -1
05:07:19 0 4 -1
05:07:49 0 4 -1
05:08:19 0 4 -1
05:08:50 0 4 -1
05:09:20 0 4 -1
05:09:50 0 4 -1
05:10:20 0 4 -1
05:10:50 0 4 -1
05:11:20 0 4 -1
05:11:51 0 4 -1
05:12:21 0 4 -1
05:12:51 0 4 -1
05:13:21 0 4 -1
05:13:51 0 4 -1
05:14:21 0 4 -1
05:14:52 0 4 -1
05:15:22 0 4 -1
05:15:52 0 4 -1
05:16:22 0 4 -1
05:16:52 0 4 -1
05:17:22 0 4 -1
05:17:53 0 4 -1
05:18:23 0 4 -1
05:18:53 0 4 -1
05:19:23 0 4 -1
05:19:53 0 4 -1
05:20:24 0 4 -1
05:20:54 0 4 -1
05:21:24 0 4 -1
05:21:54 0 4 -1
05:22:24 0 4 -1
05:22:54 0 4 -1
05:23:24 0 4 -1
05:23:55 0 4 -1
05:24:25 0 4 -1
05:24:55 0 4 -1
05:25:25 0 4 -1
05:25:56 0 4 -1
05:26:26 0 4 -1
05:26:56 0 4 -1
05:27:26 0 4 -1
05:27:56 0 4 -1
05:28:26 0 4 -1
05:28:56 0 4 -1
05:29:27 0 4 -1
05:29:57 0 4 -1
05:30:27 0 4 -1
05:30:57 0 4 -1
05:31:27 0 4 -1
05:31:57 0 4 -1
05:32:28 0 4 -1
05:32:58 0 4 -1
05:33:28 0 4 -1
05:33:59 0 4 -1
05:34:29 0 4 -1
05:34:59 0 4 -1
05:35:29 0 4 -1
05:35:59 0 4 -1
05:36:29 0 4 -1
05:37:00 0 4 -1
05:37:30 0 4 -1
05:38:00 0 4 -1
05:38:30 0 4 -1
05:39:00 0 4 -1
05:39:30 0 4 -1
05:40:01 0 4 -1
05:40:31 0 4 -1
05:41:01 0 4 -1
05:41:31 0 4 -1
05:42:01 0 4 -1
05:42:31 0 4 -1
05:43:02 0 4 -1
05:43:32 0 4 -1
05:44:02 0 4 -1
05:44:32 0 4 -1
05:45:02 0 4 -1
05:45:32 0 4 -1
05:46:03 0 4 -1
05:46:33 0 4 -1
05:47:03 0 4 -1
05:47:33 0 4 -1
05:48:03 0 4 -1
05:48:33 0 4 -1
05:49:04 0 4 -1
05:49:34 0 4 -1
05:50:04 0 4 -1
05:50:34 0 4 -1
05:51:04 0 4 -1
05:51:34 0 4 -1
05:52:05 0 4 -1
05:52:35 0 4 -1
05:53:05 0 4 -1
05:53:35 0 4 -1
05:54:05 0 4 -1
05:54:35 0 4 -1
05:55:06 0 4 -1
05:55:36 0 4 -1
05:56:06 0 4 -1
05:56:36 0 4 -1
05:57:06 0 4 -1
05:57:36 0 4 -1
05:58:07 0 4 -1
05:58:37 0 4 -1
05:59:07 0 4 -1
05:59:37 0 4 -1
06:00:08 0 4 -1
06:00:38 0 4 -1
06:01:08 0 4 -1
06:01:38 0 4 -1
06:02:08 0 4 -1
06:02:38 0 4 -1
06:03:09 0 4 -1
06:03:39 0 4 -1
06:04:09 0 4 -1
06:04:39 0 4 -1
06:05:10 0 4 -1
06:05:40 0 4 -1
06:06:10 0 4 -1
06:06:40 0 4 -1
06:07:10 0 4 -1
06:07:40 0 4 -1
06:08:11 0 4 -1
06:08:41 0 4 -1
06:09:11 0 4 -1
06:09:41 0 4 -1
06:10:11 0 4 -1
06:10:41 0 4 -1
06:11:12 0 4 -1
06:11:42 0 4 -1
06:12:12 0 4 -1
06:12:42 0 4 -1
06:13:12 0 4 -1
06:13:43 0 4 -1
06:14:13 0 4 -1
06:14:43 0 4 -1
06:15:13 0 4 -1
06:15:43 0 4 -1
06:16:14 0 4 -1
06:16:44 0 4 -1
06:17:14 0 4 -1
06:17:44 0 4 -1
06:18:14 0 4 -1
06:18:44 0 4 -1
06:19:15 0 4 -1
06:19:45 0 4 -1
06:20:15 0 4 -1
06:20:45 0 4 -1
06:21:15 0 4 -1
06:21:45 0 4 -1
06:22:16 0 4 -1
06:22:46 0 4 -1
06:23:16 0 4 -1
06:23:46 0 4 -1
06:24:16 0 4 -1
06:24:46 0 4 -1
06:25:17 0 4 -1
06:25:47 0 4 -1
06:26:17 0 4 -1
06:26:47 0 4 -1
06:27:17 0 4 -1
06:27:47 0 4 -1
06:28:18 0 4 -1
06:28:48 0 4 -1
06:29:18 0 4 -1
06:29:48 0 4 -1
06:30:18 0 4 -1
06:30:48 0 4 -1
06:31:19 0 4 -1
06:31:49 0 4 -1
06:32:19 0 4 -1
06:32:49 0 4 -1
06:33:19 0 4 -1
06:33:49 0 4 -1
06:34:20 0 4 -1
06:34:50 0 4 -1
06:35:20 0 4 -1
06:35:50 0 4 -1
06:36:20 0 4 -1
06:36:50 0 4 -1
06:37:21 0 4 -1
06:37:51 0 4 -1
06:38:21 0 4 -1
06:38:51 0 4 -1
06:39:21 0 4 -1
06:39:51 0 4 -1
06:40:22 0 4 -1
06:40:52 0 4 -1
06:41:22 0 4 -1
06:41:52 0 4 -1
06:42:23 0 4 -1
06:42:53 0 4 -1
06:43:23 0 4 -1
06:43:53 0 4 -1
06:44:23 0 4 -1
06:44:53 0 4 -1
06:45:24 0 4 -1
06:45:54 0 4 -1
06:46:24 0 4 -1
06:46:54 0 4 -1
06:47:24 0 4 -1
06:47:54 0 4 -1
06:48:25 0 4 -1
06:48:55 0 4 -1
06:49:25 0 4 -1
06:49:55 0 4 -1
06:50:25 0 4 -1
06:50:55 0 4 -1
06:51:26 0 4 -1
06:51:56 0 4 -1
06:52:26 0 4 -1
06:52:56 0 4 -1
06:53:26 0 4 -1
06:53:56 0 4 -1
06:54:27 0 4 -1
06:54:57 0 4 -1
06:55:27 0 4 -1
06:55:57 0 4 -1
06:56:27 0 4 -1
06:56:57 0 4 -1
06:57:28 0 4 -1
06:57:58 0 4 -1
06:58:28 0 4 -1
06:58:58 0 4 -1
06:59:28 0 4 -1
06:59:58 0 4 -1
07:00:29 0 4 -1
07:00:59 0 4 -1
07:01:29 0 4 -1
07:01:59 0 4 -1
07:02:29 0 4 -1
07:02:59 0 4 -1
07:03:30 0 4 -1
07:04:00 0 4 -1
07:04:30 0 4 -1
07:05:00 0 4 -1
07:05:30 0 4 -1
07:06:00 0 4 -1
07:06:31 0 4 -1
07:07:01 0 4 -1
07:07:31 0 4 -1
07:08:01 0 4 -1
07:08:31 0 4 -1
07:09:01 0 4 -1
07:09:31 0 4 -1
07:10:01 0 4 -1
07:10:32 0 4 -1
07:11:02 0 4 -1
07:11:32 0 4 -1
07:12:02 0 4 -1
07:12:32 0 4 -1
07:13:03 0 4 -1
07:13:33 0 4 -1
07:14:03 0 4 -1
07:14:33 0 4 -1
07:15:03 0 4 -1
07:15:33 0 4 -1
07:16:04 0 4 -1
07:16:34 0 4 -1
07:17:04 0 4 -1
07:17:34 0 4 -1
07:18:04 0 4 -1
07:18:35 0 4 -1
07:19:05 0 4 -1
07:19:35 0 4 -1
07:20:05 0 4 -1
07:20:35 0 4 -1
07:21:05 0 4 -1
07:21:36 0 4 -1
07:22:06 0 4 -1
07:22:36 0 4 -1
07:23:06 0 4 -1
07:23:36 0 4 -1
07:24:06 0 4 -1
07:24:37 0 4 -1
07:25:07 0 4 -1
07:25:37 0 4 -1
07:26:07 0 4 -1
07:26:38 0 4 -1
07:27:09 0 4 -1
07:27:39 0 4 -1
07:28:09 0 4 -1
07:28:39 0 4 -1
07:29:09 0 4 -1
07:29:39 0 4 -1
07:30:09 0 4 -1
07:30:40 0 4 -1
07:31:10 0 4 -1
07:31:40 0 4 -1
07:32:10 0 4 -1
07:32:40 0 4 -1
07:33:11 0 4 -1
07:33:41 0 4 -1
07:34:11 0 4 -1
07:34:41 0 4 -1
07:35:11 0 4 -1
07:35:41 0 4 -1
07:36:12 0 4 -1
07:36:42 0 4 -1
07:37:12 0 4 -1
07:37:42 0 4 -1
07:38:12 0 4 -1
07:38:42 0 4 -1
07:39:13 0 4 -1
07:39:43 0 4 -1
07:40:13 0 4 -1
07:40:43 0 4 -1
07:41:13 0 4 -1
07:41:43 0 4 -1
07:42:14 0 4 -1
07:42:44 0 4 -1
07:43:14 0 4 -1
07:43:44 0 4 -1
07:44:14 0 4 -1
07:44:44 0 4 -1
07:45:14 0 4 -1
07:45:44 0 4 -1
07:46:15 0 4 -1
07:46:45 0 4 -1
07:47:15 0 4 -1
07:47:45 0 4 -1
07:48:15 0 4 -1
07:48:45 0 4 -1
07:49:16 0 4 -1
07:49:46 0 4 -1
07:50:16 0 4 -1
07:50:46 0 4 -1
07:51:17 0 4 -1
07:51:47 0 4 -1
07:52:17 0 4 -1
07:52:47 0 4 -1
07:53:17 0 4 -1
07:53:47 0 4 -1
07:54:18 0 4 -1
07:54:48 0 4 -1
07:55:18 0 4 -1
07:55:48 0 4 -1
07:56:18 0 4 -1
07:56:48 0 4 -1
07:57:19 0 4 -1
07:57:49 0 4 -1
07:58:19 0 4 -1
07:58:49 0 4 -1
07:59:19 0 4 -1
07:59:49 0 4 -1
08:00:20 0 4 -1
08:00:50 0 4 -1
08:01:20 0 4 -1
08:01:50 0 4 -1
08:02:20 0 4 -1
08:02:50 0 4 -1
08:03:21 0 4 -1
08:03:51 0 4 -1
08:04:21 0 4 -1
08:04:51 0 4 -1
08:05:21 0 4 -1
08:05:51 0 4 -1
08:06:21 0 4 -1
08:06:51 0 4 -1
08:07:22 0 4 -1
08:07:52 0 4 -1
08:08:22 0 4 -1
08:08:52 0 4 -1
08:09:22 0 4 -1
08:09:52 0 4 -1
08:10:22 0 4 -1
08:10:52 0 4 -1
08:11:23 0 4 -1
08:11:53 0 4 -1
08:12:23 0 4 -1
08:12:53 0 4 -1
08:13:23 0 4 -1
08:13:53 0 4 -1
08:14:24 0 4 -1
08:14:54 0 4 -1
08:15:24 0 4 -1
08:15:54 0 4 -1
08:16:24 0 4 -1
08:16:54 0 4 -1
08:17:25 0 4 -1
08:17:55 0 4 -1
08:18:25 0 4 -1
08:18:55 0 4 -1
08:19:25 0 4 -1
08:19:55 0 4 -1
08:20:26 0 4 -1
08:20:56 0 4 -1
08:21:26 0 4 -1
08:21:56 0 4 -1
08:22:26 0 4 -1
08:22:57 0 4 -1
08:23:27 0 4 -1
08:23:57 0 4 -1
08:24:28 0 4 -1
08:24:58 0 4 -1
08:25:28 0 4 -1
08:25:58 0 4 -1
08:26:28 0 4 -1
08:26:58 0 4 -1
08:27:29 0 4 -1
08:27:59 0 4 -1
08:28:29 0 4 -1
08:28:59 0 4 -1
08:29:29 0 4 -1
08:29:59 0 4 -1
08:30:29 0 4 -1
08:31:00 0 4 -1
08:31:30 0 4 -1
08:32:00 0 4 -1
08:32:30 0 4 -1
08:33:00 0 4 -1
08:33:30 0 4 -1
08:34:00 0 4 -1
08:34:31 0 4 -1
08:35:01 0 4 -1
08:35:31 0 4 -1
08:36:01 0 4 -1
08:36:31 0 4 -1
08:37:01 0 4 -1
08:37:32 0 4 -1
08:38:02 0 4 -1
08:38:32 0 4 -1
08:39:02 0 4 -1
08:39:32 0 4 -1
08:40:02 0 4 -1
08:40:33 0 4 -1
08:41:03 0 4 -1
08:41:33 0 4 -1
08:42:03 0 4 -1
08:42:34 0 4 -1
08:43:04 0 4 -1
08:43:35 0 4 -1
08:44:05 0 4 -1
08:44:35 0 4 -1
08:45:05 0 4 -1
08:45:35 0 4 -1
08:46:06 0 4 -1
08:46:36 0 4 -1
08:47:06 0 4 -1
08:47:36 0 4 -1
08:48:06 0 4 -1
08:48:36 0 4 -1
08:49:06 0 4 -1
08:49:37 0 4 -1
08:50:07 0 4 -1
08:50:37 0 4 -1
08:51:07 0 4 -1
08:51:37 0 4 -1
08:52:08 0 4 -1
08:52:38 0 4 -1
08:53:08 0 4 -1
08:53:38 0 4 -1
08:54:08 0 4 -1
08:54:38 0 4 -1
08:55:09 0 4 -1
08:55:39 0 4 -1
08:56:10 0 4 -1
08:56:40 0 4 -1
08:57:10 0 4 -1
08:57:40 0 4 -1
08:58:11 0 4 -1
08:58:41 0 4 -1
08:59:12 0 4 -1
08:59:42 0 4 -1
09:00:13 0 4 -1
09:00:43 0 4 -1
09:01:13 0 4 -1
09:01:43 0 4 -1
09:02:13 0 4 -1
09:02:43 0 4 -1
09:03:13 0 4 -1
09:03:44 0 4 -1
09:04:14 0 4 -1
09:04:44 0 4 -1
09:05:14 0 4 -1
09:05:44 0 4 -1
09:06:14 0 4 -1
09:06:44 0 4 -1
09:07:14 0 4 -1
09:07:44 0 4 -1
09:08:15 0 4 -1
09:08:45 0 4 -1
09:09:15 0 4 -1
09:09:45 0 4 -1
09:10:15 0 4 -1
09:10:45 0 4 -1
09:11:15 0 4 -1
09:11:45 0 4 -1
09:12:16 0 4 -1
09:12:46 0 4 -1
09:13:16 0 4 -1
09:13:46 0 4 -1
09:14:16 0 4 -1
09:14:46 0 4 -1
09:15:16 0 4 -1
09:15:46 0 4 -1
09:16:16 0 4 -1
09:16:47 0 4 -1
09:17:17 0 4 -1
09:17:47 0 4 -1
09:18:18 0 4 -1
09:18:48 0 4 -1
09:19:18 0 4 -1
09:19:48 0 4 -1
09:20:18 0 4 -1
09:20:48 0 4 -1
09:21:18 0 4 -1
09:21:48 0 4 -1
09:22:18 0 4 -1
09:22:49 0 4 -1
09:23:19 0 4 -1
09:23:49 0 4 -1
09:24:19 0 4 -1
09:24:49 0 4 -1
09:25:19 0 4 -1
09:25:49 0 4 -1
09:26:20 0 4 -1
09:26:50 0 4 -1
09:27:20 0 4 -1
09:27:50 0 4 -1
09:28:20 0 4 -1
09:28:50 0 4 -1
09:29:20 0 4 -1
09:29:51 0 4 -1
09:30:21 0 4 -1
09:30:51 0 4 -1
09:31:21 0 4 -1
09:31:51 0 4 -1
09:32:21 0 4 -1
09:32:52 0 4 -1
09:33:22 0 4 -1
09:33:52 0 4 -1
09:34:22 0 4 -1
09:34:52 0 4 -1
09:35:22 0 4 -1
09:35:52 0 4 -1
09:36:22 0 4 -1
09:36:53 0 4 -1
09:37:23 0 4 -1
09:37:53 0 4 -1
09:38:23 0 4 -1
09:38:54 0 4 -1
09:39:24 0 4 -1
09:39:54 0 4 -1
09:40:24 0 4 -1
09:40:54 0 4 -1
09:41:24 0 4 -1
09:41:55 0 4 -1
09:42:25 0 4 -1
09:42:55 0 4 -1
09:43:25 0 4 -1
09:43:55 0 4 -1
09:44:25 0 4 -1
09:44:55 0 4 -1
09:45:25 0 4 -1
09:45:56 0 4 -1
09:46:26 0 4 -1
09:46:56 0 4 -1
09:47:26 0 4 -1
09:47:56 0 4 -1
09:48:26 0 4 -1
09:48:56 0 4 -1
09:49:26 0 4 -1
09:49:57 0 4 -1
09:50:27 0 4 -1
09:50:57 0 4 -1
09:51:27 0 4 -1
09:51:58 0 4 -1
09:52:28 0 4 -1
09:52:58 0 4 -1
09:53:28 0 4 -1
09:53:58 0 4 -1
09:54:28 0 4 -1
09:54:59 0 4 -1
09:55:29 0 4 -1
09:55:59 0 4 -1
09:56:29 0 4 -1
09:56:59 0 4 -1
09:57:29 0 4 -1
09:57:59 0 4 -1
09:58:29 0 4 -1
09:59:00 0 4 -1
09:59:30 0 4 -1
10:00:00 0 4 -1
10:00:30 0 4 -1
10:01:00 0 4 -1
10:01:30 0 4 -1
10:02:00 0 4 -1
10:02:30 0 4 -1
10:03:00 0 4 -1
10:03:30 0 4 -1
10:04:01 0 4 -1
10:04:31 0 4 -1
10:05:01 0 4 -1
10:05:31 0 4 -1
10:06:01 0 4 -1
10:06:31 0 4 -1
10:07:01 0 4 -1
10:07:31 0 4 -1
10:08:02 0 4 -1
10:08:32 0 4 -1
10:09:02 0 4 -1
10:09:32 0 4 -1
10:10:03 0 4 -1
10:10:33 0 4 -1
10:11:03 0 4 -1
10:11:33 0 4 -1
10:12:03 0 4 -1
10:12:33 0 4 -1
10:13:03 0 4 -1
10:13:33 0 4 -1
10:14:04 0 4 -1
10:14:34 0 4 -1
10:15:04 0 4 -1
10:15:34 0 4 -1
10:16:04 0 4 -1
10:16:34 0 4 -1
10:17:04 0 4 -1
10:17:34 0 4 -1
10:18:05 0 4 -1
10:18:35 0 4 -1
10:19:05 0 4 -1
10:19:35 0 4 -1
10:20:05 0 4 -1
10:20:35 0 4 -1
10:21:06 0 4 -1
10:21:36 0 4 -1
10:22:06 0 4 -1
10:22:37 0 4 -1
10:23:07 0 4 -1
10:23:37 0 4 -1
10:24:08 0 4 -1
10:24:39 0 4 -1
10:25:09 0 4 -1
10:25:39 0 4 -1
10:26:09 0 4 -1
10:26:40 0 4 -1
10:27:11 0 4 -1
10:27:41 0 4 -1
10:28:11 0 4 -1
10:28:41 0 4 -1
10:29:12 0 4 -1
10:29:42 0 4 -1
10:30:12 0 4 -1
10:30:42 0 4 -1
10:31:12 0 4 -1
10:31:42 0 4 -1
10:32:12 0 4 -1
10:32:42 0 4 -1
10:33:13 0 4 -1
10:33:43 0 4 -1
10:34:13 0 4 -1
10:34:43 0 4 -1
10:35:13 0 4 -1
10:35:43 0 4 -1
10:36:13 0 4 -1
10:36:43 0 4 -1
10:37:14 0 4 -1
10:37:44 0 4 -1
10:38:14 0 4 -1
10:38:45 0 4 -1
10:39:15 0 4 -1
10:39:45 0 4 -1
10:40:16 0 4 -1
10:40:46 0 4 -1
10:41:16 0 4 -1
10:41:46 0 4 -1
10:42:16 0 4 -1
10:42:46 0 4 -1
10:43:17 0 4 -1
10:43:47 0 4 -1
10:44:17 0 4 -1
10:44:47 0 4 -1
10:45:17 0 4 -1
10:45:47 0 4 -1
10:46:18 0 4 -1
10:46:48 0 4 -1
10:47:18 0 4 -1
10:47:48 0 4 -1
10:48:18 0 4 -1
10:48:48 0 4 -1
10:49:19 0 4 -1
10:49:49 0 4 -1
10:50:19 0 4 -1
10:50:49 0 4 -1
10:51:19 0 4 -1
10:51:49 0 4 -1
10:52:20 0 4 -1
10:52:50 0 4 -1
10:53:20 0 4 -1
10:53:50 0 4 -1
10:54:20 0 4 -1
10:54:51 0 4 -1
10:55:21 0 4 -1
10:55:51 0 4 -1
10:56:22 0 4 -1
10:56:52 0 4 -1
10:57:22 0 4 -1
10:57:52 0 4 -1
10:58:23 0 4 -1
10:58:53 0 4 -1
10:59:23 0 4 -1
10:59:54 0 4 -1
11:00:24 0 4 -1
11:00:54 0 4 -1
11:01:24 0 4 -1
11:01:54 0 4 -1
11:02:24 0 4 -1
11:02:55 0 4 -1
11:03:25 0 4 -1
11:03:55 0 4 -1
11:04:25 0 4 -1
11:04:55 0 4 -1
11:05:25 0 4 -1
11:05:55 0 4 -1
11:06:26 0 4 -1
11:06:56 0 4 -1
11:07:26 0 4 -1
11:07:56 0 4 -1
11:08:27 0 4 -1
11:08:57 0 4 -1
11:09:27 0 4 -1
11:09:57 0 4 -1
11:10:27 0 4 -1
11:10:57 0 4 -1
11:11:28 0 4 -1
11:11:58 0 4 -1
11:12:28 0 4 -1
11:12:58 0 4 -1
11:13:28 0 4 -1
11:13:58 0 4 -1
11:14:28 0 4 -1
11:14:59 0 4 -1
11:15:29 0 4 -1
11:15:59 0 4 -1
11:16:30 0 4 -1
11:17:01 0 4 -1
11:17:31 0 4 -1
11:18:01 0 4 -1
11:18:31 0 4 -1
11:19:01 0 4 -1
11:19:32 0 4 -1
11:20:02 0 4 -1
11:20:32 0 4 -1
11:21:02 0 4 -1
11:21:32 0 4 -1
11:22:02 0 4 -1
11:22:32 0 4 -1
11:23:02 0 4 -1
11:23:33 0 4 -1
11:24:03 0 4 -1
11:24:33 0 4 -1
11:25:03 0 4 -1
11:25:33 0 4 -1
11:26:03 0 4 -1
11:26:33 0 4 -1
11:27:03 0 4 -1
11:27:34 0 4 -1
11:28:04 0 4 -1
11:28:34 0 4 -1
11:29:04 0 4 -1
11:29:34 0 4 -1
11:30:04 0 4 -1
11:30:34 0 4 -1
11:31:04 0 4 -1
11:31:35 0 4 -1
11:32:05 0 4 -1
11:32:35 0 4 -1
11:33:05 0 4 -1
11:33:35 0 4 -1
11:34:05 0 4 -1
11:34:36 0 4 -1
11:35:06 0 4 -1
11:35:36 0 4 -1
11:36:06 0 4 -1
11:36:37 0 4 -1
11:37:07 0 4 -1
11:37:38 0 4 -1
11:38:08 0 4 -1
11:38:38 0 4 -1
11:39:08 0 4 -1
11:39:38 0 4 -1
11:40:08 0 4 -1
11:40:39 0 4 -1
11:41:09 0 4 -1
11:41:39 0 4 -1
11:42:09 0 4 -1
11:42:39 0 4 -1
11:43:09 0 4 -1
11:43:39 0 4 -1
11:44:10 0 4 -1
11:44:40 0 4 -1
11:45:10 0 4 -1
11:45:41 0 4 -1
11:46:11 0 4 -1
11:46:42 0 4 -1
11:47:12 0 4 -1
11:47:42 0 4 -1
11:48:12 0 4 -1
11:48:42 0 4 -1
11:49:12 0 4 -1
11:49:43 0 4 -1
11:50:13 0 4 -1
11:50:43 0 4 -1
11:51:13 0 4 -1
11:51:44 0 4 -1
11:52:14 0 4 -1
11:52:44 0 4 -1
11:53:14 0 4 -1
11:53:44 0 4 -1
11:54:14 0 4 -1
11:54:45 0 4 -1
11:55:15 0 4 -1
11:55:45 0 4 -1
11:56:15 0 4 -1
11:56:45 0 4 -1
11:57:15 0 4 -1
11:57:45 0 4 -1
11:58:16 0 4 -1
11:58:46 0 4 -1
11:59:16 0 4 -1
11:59:46 0 4 -1
12:00:16 0 4 -1
12:00:46 0 4 -1
12:01:16 0 4 -1
12:01:47 0 4 -1
12:02:17 0 4 -1
12:02:47 0 4 -1
12:03:17 0 4 -1
12:03:47 0 4 -1
12:04:17 0 4 -1
12:04:47 0 4 -1
12:05:17 0 4 -1
12:05:47 0 4 -1
12:06:18 0 4 -1
12:06:49 0 4 -1
12:07:19 0 4 -1
12:07:49 0 4 -1
12:08:19 0 4 -1
12:08:49 0 4 -1
12:09:19 0 4 -1
12:09:50 0 4 -1
12:10:20 0 4 -1
12:10:50 0 4 -1
12:11:20 0 4 -1
12:11:51 0 4 -1
12:12:21 0 4 -1
12:12:51 0 4 -1
12:13:21 0 4 -1
12:13:51 0 4 -1
12:14:21 0 4 -1
12:14:52 0 4 -1
12:15:22 0 4 -1
12:15:52 0 4 -1
12:16:22 0 4 -1
12:16:53 0 4 -1
12:17:23 0 4 -1
12:17:53 0 4 -1
12:18:24 0 4 -1
12:18:54 0 4 -1
12:19:24 0 4 -1
12:19:54 0 4 -1
12:20:24 0 4 -1
12:20:54 0 4 -1
12:21:24 0 4 -1
12:21:55 0 4 -1
12:22:25 0 4 -1
12:22:55 0 4 -1
12:23:25 0 4 -1
12:23:55 0 4 -1
12:24:25 0 4 -1
12:24:55 0 4 -1
12:25:26 0 4 -1
12:25:56 0 4 -1
12:26:26 0 4 -1
12:26:56 0 4 -1
12:27:27 0 4 -1
12:27:57 0 4 -1
12:28:27 0 4 -1
12:28:57 0 4 -1
12:29:27 0 4 -1
12:29:57 0 4 -1
12:30:27 0 4 -1
12:30:58 0 4 -1
12:31:28 0 4 -1
12:31:58 0 4 -1
12:32:28 0 4 -1
12:32:58 0 4 -1
12:33:28 0 4 -1
12:33:58 0 4 -1
12:34:28 0 4 -1
12:34:58 0 4 -1
12:35:28 0 4 -1
12:35:59 0 4 -1
12:36:29 0 4 -1
12:36:59 0 4 -1
12:37:29 0 4 -1
12:37:59 0 4 -1
12:38:29 0 4 -1
12:39:00 0 4 -1
12:39:30 0 4 -1
12:40:00 0 4 -1
12:40:30 0 4 -1
12:41:00 0 4 -1
12:41:30 0 4 -1
12:42:00 0 4 -1
12:42:30 0 4 -1
12:43:00 0 4 -1
12:43:30 0 4 -1
12:44:00 0 4 -1
12:44:31 0 4 -1
12:45:01 0 4 -1
12:45:31 0 4 -1
12:46:01 0 4 -1
12:46:31 0 4 -1
12:47:01 0 4 -1
12:47:31 0 4 -1
12:48:01 0 4 -1
12:48:31 0 4 -1
12:49:01 0 4 -1
12:49:32 0 4 -1
12:50:02 0 4 -1
12:50:33 0 4 -1
12:51:03 0 4 -1
12:51:33 0 4 -1
12:52:03 0 4 -1
12:52:33 0 4 -1
12:53:03 0 4 -1
12:53:33 0 4 -1
12:54:04 0 4 -1
12:54:34 0 4 -1
12:55:04 0 4 -1
12:55:34 0 4 -1
12:56:04 0 4 -1
12:56:34 0 4 -1
12:57:04 0 4 -1
12:57:34 0 4 -1
12:58:05 0 4 -1
12:58:35 0 4 -1
12:59:05 0 4 -1
12:59:35 0 4 -1
13:00:05 0 4 -1
13:00:35 0 4 -1
13:01:05 0 4 -1
13:01:35 0 4 -1
13:02:06 0 4 -1
13:02:36 0 4 -1
13:03:06 0 4 -1
13:03:36 0 4 -1
13:04:06 0 4 -1
13:04:36 0 4 -1
13:05:06 0 4 -1
13:05:36 0 4 -1
13:06:06 0 4 -1
13:06:36 0 4 -1
13:07:07 0 4 -1
13:07:37 0 4 -1
13:08:07 0 4 -1
13:08:37 0 4 -1
13:09:07 0 4 -1
13:09:37 0 4 -1
13:10:07 0 4 -1
13:10:37 0 4 -1
13:11:07 0 4 -1
13:11:37 0 4 -1
13:12:07 0 4 -1
13:12:37 0 4 -1
13:13:08 0 4 -1
13:13:38 0 4 -1
13:14:08 0 4 -1
13:14:38 0 4 -1
13:15:08 0 4 -1
13:15:38 0 4 -1
13:16:08 0 4 -1
13:16:38 0 4 -1
13:17:08 0 4 -1
13:17:38 0 4 -1
13:18:09 0 4 -1
13:18:39 0 4 -1
13:19:09 0 4 -1
13:19:39 0 4 -1
13:20:09 0 4 -1
13:20:39 0 4 -1
13:21:09 0 4 -1
13:21:39 0 4 -1
13:22:10 0 4 -1
13:22:40 0 4 -1
13:23:10 0 4 -1
13:23:40 0 4 -1
13:24:10 0 4 -1
13:24:40 0 4 -1
13:25:11 0 4 -1
13:25:41 0 4 -1
13:26:11 0 4 -1
13:26:41 0 4 -1
13:27:11 0 4 -1
13:27:41 0 4 -1
13:28:11 0 4 -1
13:28:41 0 4 -1
13:29:12 0 4 -1
13:29:42 0 4 -1
13:30:12 0 4 -1
13:30:42 0 4 -1
13:31:12 0 4 -1
13:31:42 0 4 -1
13:32:12 0 4 -1
13:32:42 0 4 -1
13:33:12 0 4 -1
13:33:44 0 4 -1
13:34:14 0 4 -1
13:34:44 0 4 -1
13:35:14 0 4 -1
13:35:44 0 4 -1
13:36:14 0 4 -1
13:36:44 0 4 -1
13:37:15 0 4 -1
13:37:45 0 4 -1
13:38:15 0 4 -1
13:38:45 0 4 -1
13:39:15 0 4 -1
13:39:45 0 4 -1
13:40:15 0 4 -1
13:40:45 0 4 -1
13:41:16 0 4 -1
13:41:46 0 4 -1
13:42:16 0 4 -1
13:42:46 0 4 -1
13:43:17 0 4 -1
13:43:47 0 4 -1
13:44:17 0 4 -1
13:44:47 0 4 -1
13:45:17 0 4 -1
13:45:47 0 4 -1
13:46:17 0 4 -1
13:46:48 0 4 -1
13:47:18 0 4 -1
13:47:49 0 4 -1
13:48:19 0 4 -1
13:48:49 0 4 -1
13:49:19 0 4 -1
13:49:49 0 4 -1
13:50:19 0 4 -1
13:50:49 0 4 -1
13:51:20 0 4 -1
13:51:50 0 4 -1
13:52:20 0 4 -1
13:52:50 0 4 -1
13:53:20 0 4 -1
13:53:50 0 4 -1
13:54:21 0 4 -1
13:54:51 0 4 -1
13:55:21 0 4 -1
13:55:51 0 4 -1
13:56:21 0 4 -1
13:56:51 0 4 -1
13:57:21 0 4 -1
13:57:51 0 4 -1
13:58:21 0 4 -1
13:58:51 0 4 -1
13:59:22 0 4 -1
13:59:52 0 4 -1
14:00:22 0 4 -1
14:00:52 0 4 -1
14:01:22 0 4 -1
14:01:52 0 4 -1
14:02:22 0 4 -1
14:02:52 0 4 -1
14:03:22 0 4 -1
14:03:53 0 4 -1
14:04:23 0 4 -1
14:04:53 0 4 -1
14:05:23 0 4 -1
14:05:53 0 4 -1
14:06:23 0 4 -1
14:06:54 0 4 -1
14:07:24 0 4 -1
14:07:54 0 4 -1
14:08:24 0 4 -1
14:08:54 0 4 -1
14:09:24 0 4 -1
14:09:55 0 4 -1
14:10:25 0 4 -1
14:10:55 0 4 -1
14:11:25 0 4 -1
14:11:55 0 4 -1
14:12:25 0 4 -1
14:12:55 0 4 -1
14:13:26 0 4 -1
14:13:56 0 4 -1
14:14:26 0 4 -1
14:14:56 0 4 -1
14:15:26 0 4 -1
14:15:56 0 4 -1
14:16:27 0 4 -1
14:16:57 0 4 -1
14:17:27 0 4 -1
14:17:57 0 4 -1
14:18:27 0 4 -1
14:18:57 0 4 -1
14:19:27 0 4 -1
14:19:57 0 4 -1
14:20:28 0 4 -1
14:20:58 0 4 -1
14:21:28 0 4 -1
14:21:58 0 4 -1
14:22:28 0 4 -1
14:22:58 0 4 -1
14:23:28 0 4 -1
14:23:58 0 4 -1
14:24:29 0 4 -1
14:24:59 0 4 -1
14:25:30 0 4 -1
14:26:00 0 4 -1
14:26:30 0 4 -1
14:27:00 0 4 -1
14:27:31 0 4 -1
14:28:01 0 4 -1
14:28:31 0 4 -1
14:29:01 0 4 -1
14:29:31 0 4 -1
14:30:01 0 4 -1
14:30:31 0 4 -1
14:31:01 0 4 -1
14:31:32 0 4 -1
14:32:02 0 4 -1
14:32:32 0 4 -1
14:33:02 0 4 -1
14:33:32 0 4 -1
14:34:02 0 4 -1
14:34:33 0 4 -1
14:35:03 0 4 -1
14:35:33 0 4 -1
14:36:03 0 4 -1
14:36:34 0 4 -1
14:37:04 0 4 -1
14:37:34 0 4 -1
14:38:05 0 4 -1
14:38:36 0 4 -1
14:39:06 0 4 -1
14:39:36 0 4 -1
14:40:06 0 4 -1
14:40:36 0 4 -1
14:41:06 0 4 -1
14:41:37 0 4 -1
14:42:07 0 4 -1
14:42:37 0 4 -1
14:43:07 0 4 -1
14:43:38 0 4 -1
14:44:08 0 4 -1
14:44:38 0 4 -1
14:45:08 0 4 -1
14:45:39 0 4 -1
14:46:09 0 4 -1
14:46:39 0 4 -1
14:47:09 0 4 -1
14:47:39 0 4 -1
14:48:09 0 4 -1
14:48:40 0 4 -1
14:49:10 0 4 -1
14:49:40 0 4 -1
14:50:10 0 4 -1
14:50:40 0 4 -1
14:51:10 0 4 -1
14:51:41 0 4 -1
14:52:11 0 4 -1
14:52:41 0 4 -1
14:53:11 0 4 -1
14:53:41 0 4 -1
14:54:11 0 4 -1
14:54:41 0 4 -1
14:55:12 0 4 -1
14:55:42 0 4 -1
14:56:12 0 4 -1
14:56:42 0 4 -1
14:57:12 0 4 -1
14:57:42 0 4 -1
14:58:12 0 4 -1
14:58:43 0 4 -1
14:59:13 0 4 -1
14:59:43 0 4 -1
15:00:13 0 4 -1
15:00:43 0 4 -1
15:01:13 0 4 -1
15:01:43 0 4 -1
15:02:13 0 4 -1
15:02:43 0 4 -1
15:03:13 0 4 -1
15:03:44 0 4 -1
15:04:14 0 4 -1
15:04:44 0 4 -1
15:05:14 0 4 -1
15:05:44 0 4 -1
15:06:14 0 4 -1
15:06:44 0 4 -1
15:07:14 0 4 -1
15:07:44 0 4 -1
15:08:15 0 4 -1
15:08:45 0 4 -1
15:09:15 0 4 -1
15:09:45 0 4 -1
15:10:15 0 4 -1
15:10:45 0 4 -1
15:11:15 0 4 -1
15:11:45 0 4 -1
15:12:15 0 4 -1
15:12:46 0 4 -1
15:13:16 0 4 -1
15:13:46 0 4 -1
15:14:16 0 4 -1
15:14:46 0 4 -1
15:15:16 0 4 -1
15:15:47 0 4 -1
15:16:17 0 4 -1
15:16:47 0 4 -1
15:17:17 0 4 -1
15:17:47 0 4 -1
15:18:17 0 4 -1
15:18:47 0 4 -1
15:19:17 0 4 -1
15:19:47 0 4 -1
15:20:17 0 4 -1
15:20:48 0 4 -1
15:21:18 0 4 -1
15:21:48 0 4 -1
15:22:18 0 4 -1
15:22:48 0 4 -1
15:23:18 0 4 -1
15:23:48 0 4 -1
15:24:18 0 4 -1
15:24:48 0 4 -1
15:25:18 0 4 -1
15:25:49 0 4 -1
15:26:19 0 4 -1
15:26:49 0 4 -1
15:27:19 0 4 -1
15:27:49 0 4 -1
15:28:19 0 4 -1
15:28:49 0 4 -1
15:29:19 0 4 -1
15:29:50 0 4 -1
15:30:20 0 4 -1
15:30:50 0 4 -1
15:31:20 0 4 -1
15:31:51 0 4 -1
15:32:21 0 4 -1
15:32:51 0 4 -1
15:33:21 0 4 -1
15:33:51 0 4 -1
15:34:21 0 4 -1
15:34:51 0 4 -1
15:35:21 0 4 -1
15:35:51 0 4 -1
15:36:21 0 4 -1
15:36:52 0 4 -1
15:37:22 0 4 -1
15:37:52 0 4 -1
15:38:22 0 4 -1
15:38:52 0 4 -1
15:39:22 0 4 -1
15:39:52 0 4 -1
15:40:22 0 4 -1
15:40:52 0 4 -1
15:41:22 0 4 -1
15:41:53 0 4 -1
15:42:23 0 4 -1
15:42:53 0 4 -1
15:43:23 0 4 -1
15:43:53 0 4 -1
15:44:23 0 4 -1
15:44:53 0 4 -1
15:45:23 0 4 -1
15:45:53 0 4 -1
15:46:24 0 4 -1
15:46:54 0 4 -1
15:47:24 0 4 -1
15:47:54 0 4 -1
15:48:24 0 4 -1
15:48:54 0 4 -1
15:49:24 0 4 -1
15:49:55 0 4 -1
15:50:25 0 4 -1
15:50:55 0 4 -1
15:51:25 0 4 -1
15:51:55 0 4 -1
15:52:25 0 4 -1
15:52:56 0 4 -1
15:53:26 0 4 -1
15:53:56 0 4 -1
15:54:26 0 4 -1
15:54:56 0 4 -1
15:55:26 0 4 -1
15:55:56 0 4 -1
15:56:26 0 4 -1
15:56:56 0 4 -1
15:57:27 0 4 -1
15:57:57 0 4 -1
15:58:27 0 4 -1
15:58:57 0 4 -1
15:59:27 0 4 -1
15:59:57 0 4 -1
16:00:27 0 4 -1
16:00:57 0 4 -1
16:01:27 0 4 -1
16:01:58 0 4 -1
16:02:28 0 4 -1
16:02:58 0 4 -1
16:03:28 0 4 -1
16:03:58 0 4 -1
16:04:28 0 4 -1
16:04:58 0 4 -1
16:05:28 0 4 -1
16:05:58 0 4 -1
16:06:28 0 4 -1
16:06:59 0 4 -1
16:07:29 0 4 -1
16:07:59 0 4 -1
16:08:29 0 4 -1
16:08:59 0 4 -1
16:09:29 0 4 -1
16:09:59 0 4 -1
16:10:29 0 4 -1
16:10:59 0 4 -1
16:11:30 0 4 -1
16:12:00 0 4 -1
16:12:30 0 4 -1
16:13:00 0 4 -1
16:13:30 0 4 -1
16:14:00 0 4 -1
16:14:30 0 4 -1
16:15:00 0 4 -1
16:15:30 0 4 -1
16:16:01 0 4 -1
16:16:31 0 4 -1
16:17:01 0 4 -1
16:17:31 0 4 -1
16:18:01 0 4 -1
16:18:31 0 4 -1
16:19:01 0 4 -1
16:19:31 0 4 -1
16:20:02 0 4 -1
16:20:32 0 4 -1
16:21:02 0 4 -1
16:21:32 0 4 -1
16:22:02 0 4 -1
16:22:32 0 4 -1
16:23:02 0 4 -1
16:23:32 0 4 -1
16:24:02 0 4 -1
16:24:32 0 4 -1
16:25:03 0 4 -1
16:25:33 0 4 -1
16:26:03 0 4 -1
16:26:33 0 4 -1
16:27:03 0 4 -1
16:27:33 0 4 -1
16:28:03 0 4 -1
16:28:33 0 4 -1
16:29:04 0 4 -1
16:29:34 0 4 -1
16:30:04 0 4 -1
16:30:34 0 4 -1
16:31:04 0 4 -1
16:31:34 0 4 -1
16:32:04 0 4 -1
16:32:34 0 4 -1
16:33:05 0 4 -1
16:33:35 0 4 -1
16:34:05 0 4 -1
16:34:36 0 4 -1
16:35:06 0 4 -1
16:35:36 0 4 -1
16:36:06 0 4 -1
16:36:36 0 4 -1
16:37:06 0 4 -1
16:37:36 0 4 -1
16:38:06 0 4 -1
16:38:36 0 4 -1
16:39:07 0 4 -1
16:39:37 0 4 -1
16:40:07 0 4 -1
16:40:37 0 4 -1
16:41:07 0 4 -1
16:41:37 0 4 -1
16:42:07 0 4 -1
16:42:37 0 4 -1
16:43:08 0 4 -1
16:43:38 0 4 -1
16:44:08 0 4 -1
16:44:38 0 4 -1
16:45:08 0 4 -1
16:45:38 0 4 -1
16:46:08 0 4 -1
16:46:38 0 4 -1
16:47:08 0 4 -1
16:47:38 0 4 -1
16:48:09 0 4 -1
16:48:39 0 4 -1
16:49:09 0 4 -1
16:49:39 0 4 -1
16:50:09 0 4 -1
16:50:39 0 4 -1
16:51:09 0 4 -1
16:51:39 0 4 -1
16:52:09 0 4 -1
16:52:39 0 4 -1
16:53:10 0 4 -1
16:53:40 0 4 -1
16:54:10 0 4 -1
16:54:40 0 4 -1
16:55:10 0 4 -1
16:55:40 0 4 -1
16:56:11 0 4 -1
16:56:41 0 4 -1
16:57:11 0 4 -1
16:57:41 0 4 -1
16:58:11 0 4 -1
16:58:41 0 4 -1
16:59:11 0 4 -1
16:59:41 0 4 -1
17:00:12 0 4 -1
17:00:42 0 4 -1
17:01:12 0 4 -1
17:01:42 0 4 -1
17:02:12 0 4 -1
17:02:42 0 4 -1
17:03:13 0 4 -1
17:03:43 0 4 -1
17:04:13 0 4 -1
17:04:43 0 4 -1
17:05:13 0 4 -1
17:05:43 0 4 -1
17:06:13 0 4 -1
17:06:44 0 4 -1
17:07:14 0 4 -1
17:07:44 0 4 -1
17:08:14 0 4 -1
17:08:44 0 4 -1
17:09:14 0 4 -1
17:09:44 0 4 -1
17:10:14 0 4 -1
17:10:44 0 4 -1
17:11:15 0 4 -1
17:11:45 0 4 -1
17:12:15 0 4 -1
17:12:45 0 4 -1
17:13:15 0 4 -1
17:13:45 0 4 -1
17:14:15 0 4 -1
17:14:45 0 4 -1
17:15:16 0 4 -1
17:15:46 0 4 -1
17:16:16 0 4 -1
17:16:46 0 4 -1
17:17:16 0 4 -1
17:17:46 0 4 -1
17:18:16 0 4 -1
17:18:46 0 4 -1
17:19:17 0 4 -1
17:19:47 0 4 -1
17:20:17 0 4 -1
17:20:47 0 4 -1
17:21:17 0 4 -1
17:21:47 0 4 -1
17:22:17 0 4 -1
17:22:48 0 4 -1
17:23:18 0 4 -1
17:23:48 0 4 -1
17:24:18 0 4 -1
17:24:48 0 4 -1
17:25:18 0 4 -1
17:25:48 0 4 -1
17:26:19 0 4 -1
17:26:49 0 4 -1
17:27:19 0 4 -1
17:27:49 0 4 -1
17:28:19 0 4 -1
17:28:49 0 4 -1
17:29:20 0 4 -1
17:29:50 0 4 -1
17:30:20 0 4 -1
17:30:50 0 4 -1
17:31:20 0 4 -1
17:31:50 0 4 -1
17:32:20 0 4 -1
17:32:50 0 4 -1
17:33:21 0 4 -1
17:33:51 0 4 -1
17:34:21 0 4 -1
17:34:51 0 4 -1
17:35:21 0 4 -1
17:35:51 0 4 -1
17:36:21 0 4 -1
17:36:52 0 4 -1
17:37:22 0 4 -1
17:37:52 0 4 -1
17:38:22 0 4 -1
17:38:52 0 4 -1
17:39:23 0 4 -1
17:39:53 0 4 -1
17:40:23 0 4 -1
17:40:53 0 4 -1
17:41:23 0 4 -1
17:41:53 0 4 -1
17:42:23 0 4 -1
17:42:54 0 4 -1
17:43:24 0 4 -1
17:43:54 0 4 -1
17:44:25 0 4 -1
17:44:55 0 4 -1
17:45:25 0 4 -1
17:45:55 0 4 -1
17:46:25 0 4 -1
17:46:55 0 4 -1
17:47:26 0 4 -1
17:47:56 0 4 -1
17:48:26 0 4 -1
17:48:56 0 4 -1
17:49:26 0 4 -1
17:49:56 0 4 -1
17:50:26 0 4 -1
17:50:56 0 4 -1
17:51:27 0 4 -1
17:51:57 0 4 -1
17:52:27 0 4 -1
17:52:57 0 4 -1
17:53:27 0 4 -1
17:53:57 0 4 -1
17:54:27 0 4 -1
17:54:57 0 4 -1
17:55:28 0 4 -1
17:55:58 0 4 -1
17:56:28 0 4 -1
17:56:58 0 4 -1
17:57:28 0 4 -1
17:57:58 0 4 -1
17:58:28 0 4 -1
17:58:58 0 4 -1
17:59:29 0 4 -1
17:59:59 0 4 -1
18:00:29 0 4 -1
18:00:59 0 4 -1
18:01:29 0 4 -1
18:01:59 0 4 -1
18:02:29 0 4 -1
18:03:00 0 4 -1
18:03:30 0 4 -1
18:04:01 0 4 -1
18:04:31 0 4 -1
18:05:01 0 4 -1
18:05:31 0 4 -1
18:06:01 0 4 -1
18:06:31 0 4 -1
18:07:01 0 4 -1
18:07:32 0 4 -1
18:08:02 0 4 -1
18:08:32 0 4 -1
18:09:02 0 4 -1
18:09:32 0 4 -1
18:10:02 0 4 -1
18:10:32 0 4 -1
18:11:02 0 4 -1
18:11:33 0 4 -1
18:12:03 0 4 -1
18:12:33 0 4 -1
18:13:03 0 4 -1
18:13:33 0 4 -1
18:14:03 0 4 -1
18:14:33 0 4 -1
18:15:03 0 4 -1
18:15:34 0 4 -1
18:16:04 0 4 -1
18:16:34 0 4 -1
18:17:04 0 4 -1
18:17:34 0 4 -1
18:18:04 0 4 -1
18:18:34 0 4 -1
18:19:04 0 4 -1
18:19:35 0 4 -1
18:20:05 0 4 -1
18:20:35 0 4 -1
18:21:05 0 4 -1
18:21:35 0 4 -1
18:22:05 0 4 -1
18:22:36 0 4 -1
18:23:06 0 4 -1
18:23:37 0 4 -1
18:24:07 0 4 -1
18:24:37 0 4 -1
18:25:07 0 4 -1
18:25:37 0 4 -1
18:26:07 0 4 -1
18:26:38 0 4 -1
18:27:08 0 4 -1
18:27:38 0 4 -1
18:28:08 0 4 -1
18:28:38 0 4 -1
18:29:08 0 4 -1
18:29:39 0 4 -1
18:30:09 0 4 -1
18:30:39 0 4 -1
18:31:09 0 4 -1
18:31:40 0 4 -1
18:32:10 0 4 -1
18:32:40 0 4 -1
18:33:10 0 4 -1
18:33:40 0 4 -1
18:34:11 0 4 -1
18:34:41 0 4 -1
18:35:11 0 4 -1
18:35:41 0 4 -1
18:36:11 0 4 -1
18:36:41 0 4 -1
18:37:12 0 4 -1
18:37:42 0 4 -1
18:38:12 0 4 -1
18:38:42 0 4 -1
18:39:12 0 4 -1
18:39:42 0 4 -1
18:40:12 0 4 -1
18:40:43 0 4 -1
18:41:13 0 4 -1
18:41:43 0 4 -1
18:42:13 0 4 -1
18:42:43 0 4 -1
18:43:13 0 4 -1
18:43:43 0 4 -1
18:44:13 0 4 -1
18:44:43 0 4 -1
18:45:13 0 4 -1
18:45:44 0 4 -1
18:46:14 0 4 -1
18:46:44 0 4 -1
18:47:14 0 4 -1
18:47:44 0 4 -1
18:48:14 0 4 -1
18:48:44 0 4 -1
18:49:14 0 4 -1
18:49:45 0 4 -1
18:50:15 0 4 -1
18:50:45 0 4 -1
18:51:15 0 4 -1
18:51:45 0 4 -1
18:52:15 0 4 -1
18:52:45 0 4 -1
18:53:16 0 4 -1
18:53:46 0 4 -1
18:54:17 0 4 -1
18:54:47 0 4 -1
18:55:17 0 4 -1
18:55:47 0 4 -1
18:56:17 0 4 -1
18:56:47 0 4 -1
18:57:17 0 4 -1
18:57:47 0 4 -1
18:58:17 0 4 -1
18:58:48 0 4 -1
18:59:18 0 4 -1
18:59:48 0 4 -1
19:00:18 0 4 -1
19:00:48 0 4 -1
19:01:18 0 4 -1
19:01:48 0 4 -1
19:02:18 0 4 -1
19:02:49 0 4 -1
19:03:19 0 4 -1
19:03:49 0 4 -1
19:04:19 0 4 -1
19:04:49 0 4 -1
19:05:19 0 4 -1
19:05:49 0 4 -1
19:06:19 0 4 -1
19:06:49 0 4 -1
19:07:19 0 4 -1
19:07:50 0 4 -1
19:08:20 0 4 -1
19:08:50 0 4 -1
19:09:20 0 4 -1
19:09:50 0 4 -1
19:10:20 0 4 -1
19:10:50 0 4 -1
19:11:20 0 4 -1
19:11:50 0 4 -1
19:12:21 0 4 -1
19:12:51 0 4 -1
19:13:21 0 4 -1
19:13:51 0 4 -1
19:14:21 0 4 -1
19:14:51 0 4 -1
19:15:21 0 4 -1
19:15:52 0 4 -1
19:16:22 0 4 -1
19:16:52 0 4 -1
19:17:22 0 4 -1
19:17:52 0 4 -1
19:18:22 0 4 -1
19:18:52 0 4 -1
19:19:22 0 4 -1
19:19:52 0 4 -1
19:20:22 0 4 -1
19:20:53 0 4 -1
19:21:23 0 4 -1
19:21:53 0 4 -1
19:22:23 0 4 -1
19:22:53 0 4 -1
19:23:23 0 4 -1
19:23:53 0 4 -1
19:24:23 0 4 -1
19:24:53 0 4 -1
19:25:23 0 4 -1
19:25:54 0 4 -1
19:26:24 0 4 -1
19:26:54 0 4 -1
19:27:24 0 4 -1
19:27:54 0 4 -1
19:28:24 0 4 -1
19:28:54 0 4 -1
19:29:24 0 4 -1
19:29:54 0 4 -1
19:30:24 0 4 -1
19:30:55 0 4 -1
19:31:25 0 4 -1
19:31:55 0 4 -1
19:32:25 0 4 -1
19:32:55 0 4 -1
19:33:25 0 4 -1
19:33:56 0 4 -1
19:34:26 0 4 -1
19:34:56 0 4 -1
19:35:26 0 4 -1
19:35:56 0 4 -1
19:36:26 0 4 -1
19:36:56 0 4 -1
19:37:26 0 4 -1
19:37:57 0 4 -1
19:38:27 0 4 -1
19:38:57 0 4 -1
19:39:27 0 4 -1
19:39:57 0 4 -1
19:40:27 0 4 -1
19:40:57 0 4 -1
19:41:27 0 4 -1
19:41:58 0 4 -1
19:42:28 0 4 -1
19:42:58 0 4 -1
19:43:28 0 4 -1
19:43:58 0 4 -1
19:44:28 0 4 -1
19:44:58 0 4 -1
19:45:28 0 4 -1
19:45:58 0 4 -1
19:46:28 0 4 -1
19:46:59 0 4 -1
19:47:29 0 4 -1
19:47:59 0 4 -1
19:48:29 0 4 -1
19:48:59 0 4 -1
19:49:29 0 4 -1
19:49:59 0 4 -1
19:50:29 0 4 -1
19:50:59 0 4 -1
19:51:29 0 4 -1
19:52:00 0 4 -1
19:52:30 0 4 -1
19:53:00 0 4 -1
19:53:30 0 4 -1
19:54:00 0 4 -1
19:54:30 0 4 -1
19:55:00 0 4 -1
19:55:30 0 4 -1
19:56:00 0 4 -1
19:56:30 0 4 -1
19:57:01 0 4 -1
19:57:31 0 4 -1
19:58:01 0 4 -1
19:58:31 0 4 -1
19:59:01 0 4 -1
19:59:31 0 4 -1
20:00:01 0 4 -1
20:00:31 0 4 -1
20:01:02 0 4 -1
20:01:32 0 4 -1
20:02:02 0 4 -1
20:02:32 0 4 -1
20:03:02 0 4 -1
20:03:32 0 4 -1
20:04:02 0 4 -1
20:04:32 0 4 -1
20:05:02 0 4 -1
20:05:32 0 4 -1
20:06:03 0 4 -1
20:06:33 0 4 -1
20:07:03 0 4 -1
20:07:33 0 4 -1
20:08:03 0 4 -1
20:08:33 0 4 -1
20:09:03 0 4 -1
20:09:33 0 4 -1
20:10:03 0 4 -1
20:10:33 0 4 -1
20:11:04 0 4 -1
20:11:34 0 4 -1
20:12:04 0 4 -1
20:12:34 0 4 -1
20:13:04 0 4 -1
20:13:34 0 4 -1
20:14:04 0 4 -1
20:14:34 0 4 -1
20:15:04 0 4 -1
20:15:34 0 4 -1
20:16:05 0 4 -1
20:16:35 0 4 -1
20:17:05 0 4 -1
20:17:35 0 4 -1
20:18:05 0 4 -1
20:18:35 0 4 -1
20:19:05 0 4 -1
20:19:35 0 4 -1
20:20:06 0 4 -1
20:20:36 0 4 -1
20:21:06 0 4 -1
20:21:36 0 4 -1
20:22:06 0 4 -1
20:22:36 0 4 -1
20:23:06 0 4 -1
20:23:36 0 4 -1
20:24:07 0 4 -1
20:24:37 0 4 -1
20:25:07 0 4 -1
20:25:37 0 4 -1
20:26:07 0 4 -1
20:26:37 0 4 -1
20:27:07 0 4 -1
20:27:37 0 4 -1
20:28:08 0 4 -1
20:28:38 0 4 -1
20:29:08 0 4 -1
20:29:38 0 4 -1
20:30:08 0 4 -1
20:30:38 0 4 -1
20:31:08 0 4 -1
20:31:38 0 4 -1
20:32:08 0 4 -1
20:32:38 0 4 -1
20:33:09 0 4 -1
20:33:39 0 4 -1
20:34:09 0 4 -1
20:34:39 0 4 -1
20:35:09 0 4 -1
20:35:39 0 4 -1
20:36:09 0 4 -1
20:36:39 0 4 -1
20:37:09 0 4 -1
20:37:39 0 4 -1
20:38:10 0 4 -1
20:38:40 0 4 -1
20:39:10 0 4 -1
20:39:40 0 4 -1
20:40:10 0 4 -1
20:40:40 0 4 -1
20:41:10 0 4 -1
20:41:40 0 4 -1
20:42:10 0 4 -1
20:42:40 0 4 -1
20:43:11 0 4 -1
20:43:41 0 4 -1
20:44:11 0 4 -1
20:44:41 0 4 -1
20:45:11 0 4 -1
20:45:41 0 4 -1
20:46:11 0 4 -1
20:46:41 0 4 -1
20:47:12 0 4 -1
20:47:42 0 4 -1
20:48:12 0 4 -1
20:48:42 0 4 -1
20:49:12 0 4 -1
20:49:42 0 4 -1
20:50:12 0 4 -1
20:50:42 0 4 -1
20:51:12 0 4 -1
20:51:42 0 4 -1
20:52:13 0 4 -1
20:52:43 0 4 -1
20:53:13 0 4 -1
20:53:43 0 4 -1
20:54:13 0 4 -1
20:54:43 0 4 -1
20:55:13 0 4 -1
20:55:43 0 4 -1
20:56:13 0 4 -1
20:56:43 0 4 -1
20:57:14 0 4 -1
20:57:44 0 4 -1
20:58:14 0 4 -1
20:58:44 0 4 -1
20:59:14 0 4 -1
20:59:44 0 4 -1
21:00:14 0 4 -1
21:00:44 0 4 -1
21:01:14 0 4 -1
21:01:45 0 4 -1
21:02:15 0 4 -1
21:02:45 0 4 -1
21:03:15 0 4 -1
21:03:45 0 4 -1
21:04:15 0 4 -1
21:04:45 0 4 -1
21:05:15 0 4 -1
21:05:45 0 4 -1
21:06:16 0 4 -1
21:06:46 0 4 -1
21:07:17 0 4 -1
21:07:47 0 4 -1
21:08:17 0 4 -1
21:08:47 0 4 -1
21:09:17 0 4 -1
21:09:47 0 4 -1
21:10:17 0 4 -1
21:10:47 0 4 -1
21:11:17 0 4 -1
21:11:47 0 4 -1
21:12:18 0 4 -1
21:12:48 0 4 -1
21:13:18 0 4 -1
21:13:48 0 4 -1
21:14:18 0 4 -1
21:14:48 0 4 -1
21:15:18 0 4 -1
21:15:48 0 4 -1
21:16:18 0 4 -1
21:16:48 0 4 -1
21:17:19 0 4 -1
21:17:49 0 4 -1
21:18:19 0 4 -1
21:18:49 0 4 -1
21:19:19 0 4 -1
21:19:50 0 4 -1
21:20:20 0 4 -1
21:20:50 0 4 -1
21:21:20 0 4 -1
21:21:50 0 4 -1
21:22:20 0 4 -1
21:22:50 0 4 -1
21:23:20 0 4 -1
21:23:50 0 4 -1
21:24:21 0 4 -1
21:24:51 0 4 -1
21:25:21 0 4 -1
21:25:51 0 4 -1
21:26:21 0 4 -1
21:26:52 0 4 -1
21:27:22 0 4 -1
21:27:52 0 4 -1
21:28:22 0 4 -1
21:28:53 0 4 -1
21:29:23 0 4 -1
21:29:53 0 4 -1
21:30:23 0 4 -1
21:30:53 0 4 -1
21:31:23 0 4 -1
21:31:53 0 4 -1
21:32:23 0 4 -1
21:32:53 0 4 -1
21:33:24 0 4 -1
21:33:54 0 4 -1
21:34:24 0 4 -1
21:34:54 0 4 -1
21:35:24 0 4 -1
21:35:54 0 4 -1
21:36:24 0 4 -1
21:36:54 0 4 -1
21:37:24 0 4 -1
21:37:54 0 4 -1
21:38:25 0 4 -1
21:38:55 0 4 -1
21:39:25 0 4 -1
21:39:55 0 4 -1
21:40:25 0 4 -1
21:40:55 0 4 -1
21:41:25 0 4 -1
21:41:55 0 4 -1
21:42:26 0 4 -1
21:42:56 0 4 -1
21:43:26 0 4 -1
21:43:56 0 4 -1
21:44:26 0 4 -1
21:44:56 0 4 -1
21:45:26 0 4 -1
21:45:56 0 4 -1
21:46:27 0 4 -1
21:46:57 0 4 -1
21:47:27 0 4 -1
21:47:57 0 4 -1
21:48:27 0 4 -1
21:48:57 0 4 -1
21:49:27 0 4 -1
21:49:57 0 4 -1
21:50:27 0 4 -1
21:50:58 0 4 -1
21:51:28 0 4 -1
21:51:58 0 4 -1
21:52:28 0 4 -1
21:52:58 0 4 -1
21:53:28 0 4 -1
21:53:58 0 4 -1
21:54:28 0 4 -1
21:54:58 0 4 -1
21:55:29 0 4 -1
21:55:59 0 4 -1
21:56:29 0 4 -1
21:56:59 0 4 -1
21:57:29 0 4 -1
21:57:59 0 4 -1
21:58:29 0 4 -1
21:58:59 0 4 -1
21:59:30 0 4 -1
22:00:00 0 4 -1
22:00:30 0 4 -1
22:01:00 0 4 -1
22:01:30 0 4 -1
22:02:00 0 4 -1
22:02:30 0 4 -1
22:03:00 0 4 -1
22:03:31 0 4 -1
22:04:01 0 4 -1
22:04:31 0 4 -1
22:05:01 0 4 -1
22:05:31 0 4 -1
22:06:01 0 4 -1
22:06:32 0 4 -1
22:07:02 0 4 -1
22:07:33 0 4 -1
22:08:03 0 4 -1
22:08:33 0 4 -1
22:09:03 0 4 -1
22:09:33 0 4 -1
22:10:03 0 4 -1
22:10:33 0 4 -1
22:11:03 0 4 -1
22:11:34 0 4 -1
22:12:04 0 4 -1
22:12:34 0 4 -1
22:13:04 0 4 -1
22:13:34 0 4 -1
22:14:04 0 4 -1
22:14:34 0 4 -1
22:15:04 0 4 -1
22:15:35 0 4 -1
22:16:05 0 4 -1
22:16:35 0 4 -1
22:17:05 0 4 -1
22:17:35 0 4 -1
22:18:05 0 4 -1
22:18:35 0 4 -1
22:19:05 0 4 -1
22:19:36 0 4 -1
22:20:06 0 4 -1
22:20:36 0 4 -1
22:21:06 0 4 -1
22:21:36 0 4 -1
22:22:06 0 4 -1
22:22:36 0 4 -1
22:23:06 0 4 -1
22:23:37 0 4 -1
22:24:07 0 4 -1
22:24:37 0 4 -1
22:25:07 0 4 -1
22:25:37 0 4 -1
22:26:07 0 4 -1
22:26:37 0 4 -1
22:27:07 0 4 -1
22:27:38 0 4 -1
22:28:08 0 4 -1
22:28:38 0 4 -1
22:29:08 0 4 -1
22:29:38 0 4 -1
22:30:08 0 4 -1
22:30:38 0 4 -1
22:31:08 0 4 -1
22:31:38 0 4 -1
22:32:09 0 4 -1
22:32:39 0 4 -1
22:33:09 0 4 -1
22:33:39 0 4 -1
22:34:09 0 4 -1
22:34:39 0 4 -1
22:35:09 0 4 -1
22:35:39 0 4 -1
22:36:10 0 4 -1
22:36:40 0 4 -1
22:37:10 0 4 -1
22:37:40 0 4 -1
22:38:10 0 4 -1
22:38:41 0 4 -1
22:39:11 0 4 -1
22:39:41 0 4 -1
22:40:11 0 4 -1
22:40:41 0 4 -1
22:41:11 0 4 -1
22:41:41 0 4 -1
22:42:11 0 4 -1
22:42:42 0 4 -1
22:43:12 0 4 -1
22:43:42 0 4 -1
22:44:12 0 4 -1
22:44:42 0 4 -1
22:45:12 0 4 -1
22:45:42 0 4 -1
22:46:12 0 4 -1
22:46:43 0 4 -1
22:47:13 0 4 -1
22:47:43 0 4 -1
22:48:13 0 4 -1
22:48:43 0 4 -1
22:49:13 0 4 -1
22:49:43 0 4 -1
22:50:13 0 4 -1
22:50:44 0 4 -1
22:51:14 0 4 -1
22:51:44 0 4 -1
22:52:14 0 4 -1
22:52:44 0 4 -1
22:53:14 0 4 -1
22:53:44 0 4 -1
22:54:14 0 4 -1
22:54:45 0 4 -1
22:55:15 0 4 -1
22:55:45 0 4 -1
22:56:15 0 4 -1
22:56:45 0 4 -1
22:57:15 0 4 -1
22:57:45 0 4 -1
22:58:15 0 4 -1
22:58:46 0 4 -1
22:59:16 0 4 -1
22:59:46 0 4 -1
23:00:16 0 4 -1
23:00:46 0 4 -1
23:01:16 0 4 -1
23:01:46 0 4 -1
23:02:17 0 4 -1
23:02:47 0 4 -1
23:03:17 0 4 -1
23:03:47 0 4 -1
23:04:17 0 4 -1
23:04:47 0 4 -1
23:05:17 0 4 -1
23:05:47 0 4 -1
23:06:17 0 4 -1
23:06:48 0 4 -1
23:07:18 0 4 -1
23:07:48 0 4 -1
23:08:18 0 4 -1
23:08:48 0 4 -1
23:09:18 0 4 -1
23:09:49 0 4 -1
23:10:19 0 4 -1
23:10:49 0 4 -1
23:11:19 0 4 -1
23:11:49 0 4 -1
23:12:19 0 4 -1
23:12:49 0 4 -1
23:13:19 0 4 -1
23:13:49 0 4 -1
23:14:19 0 4 -1
23:14:50 0 4 -1
23:15:20 0 4 -1
23:15:50 0 4 -1
23:16:20 0 4 -1
23:16:50 0 4 -1
23:17:20 0 4 -1
23:17:50 0 4 -1
23:18:21 0 4 -1
23:18:51 0 4 -1
23:19:21 0 4 -1
23:19:51 0 4 -1
23:20:21 0 4 -1
23:20:51 0 4 -1
23:21:21 0 4 -1
23:21:52 0 4 -1
23:22:22 0 4 -1
23:22:52 0 4 -1
23:23:22 0 4 -1
23:23:52 0 4 -1
23:24:22 0 4 -1
23:24:52 0 4 -1
23:25:22 0 4 -1
23:25:53 0 4 -1
23:26:23 0 4 -1
23:26:53 0 4 -1
23:27:23 0 4 -1
23:27:53 0 4 -1
23:28:23 0 4 -1
23:28:53 0 4 -1
23:29:23 0 4 -1
23:29:54 0 4 -1
23:30:24 0 4 -1
23:30:54 0 4 -1
23:31:24 0 4 -1
23:31:54 0 4 -1
23:32:24 0 4 -1
23:32:55 0 4 -1
23:33:25 0 4 -1
23:33:55 0 4 -1
23:34:25 0 4 -1
23:34:55 0 4 -1
23:35:25 0 4 -1
23:35:55 0 4 -1
23:36:25 0 4 -1
23:36:56 0 4 -1
23:37:26 0 4 -1
23:37:56 0 4 -1
23:38:26 0 4 -1
23:38:56 0 4 -1
23:39:26 0 4 -1
23:39:56 0 4 -1
23:40:26 0 4 -1
23:40:57 0 4 -1
23:41:27 0 4 -1
23:41:57 0 4 -1
23:42:27 0 4 -1
23:42:58 0 4 -1
23:43:28 0 4 -1
23:43:58 0 4 -1
23:44:28 0 4 -1
23:44:58 0 4 -1
23:45:28 0 4 -1
23:45:59 0 4 -1
23:46:29 0 4 -1
23:46:59 0 4 -1
23:47:29 0 4 -1
23:48:00 0 4 -1
23:48:30 0 4 -1
23:49:00 0 4 -1
23:49:31 0 4 -1
23:50:01 0 4 -1
23:50:31 0 4 -1
23:51:02 0 4 -1
23:51:32 0 4 -1
23:52:02 0 4 -1
23:52:33 0 4 -1
23:53:03 0 4 -1
23:53:34 0 4 -1
23:54:04 0 4 -1
23:54:34 0 4 -1
23:55:04 0 4 -1
23:55:35 0 4 -1
23:56:06 0 4 -1
23:56:36 0 4 -1
23:57:07 0 4 -1
23:57:37 0 4 -1
23:58:08 0 4 -1
23:58:38 0 4 -1
23:59:08 0 4 -1
23:59:39 0 4 -1
