00:03:24 0
00:07:37 0
02:00:26 0
02:05:26 0
02:10:27 0
02:15:28 0
02:20:28 0
02:25:28 0
02:30:28 0
02:35:28 0
02:40:29 0
02:45:30 0
02:50:30 0
02:55:31 0
03:00:31 0
03:05:31 0
03:10:31 0
03:15:32 0
03:20:33 0
03:25:33 0
03:30:34 0
03:35:34 0
03:40:35 0
03:45:36 0
03:50:37 0
03:55:38 0
04:00:38 0
04:05:39 0
04:10:40 0
04:15:40 0
04:20:41 0
04:25:42 0
04:30:42 0
04:35:43 0
04:40:44 0
04:45:45 0
04:50:45 0
04:55:46 0
05:00:47 0
05:05:47 0
05:10:48 0
05:15:49 0
05:20:50 0
05:25:51 0
05:30:51 0
05:35:52 0
05:40:53 0
05:45:53 0
05:50:54 0
05:55:55 0
06:00:56 0
06:05:57 0
06:10:57 0
06:15:58 0
06:20:59 0
06:26:00 0
06:31:00 0
06:36:01 0
06:41:02 0
06:46:02 0
06:51:03 0
06:56:04 0
07:01:04 0
07:06:05 0
07:11:06 0
07:16:07 0
07:21:07 0
07:26:08 0
07:31:09 0
07:36:09 0
07:41:10 0
07:46:11 0
07:51:11 0
07:56:12 0
08:01:12 0
08:06:13 0
08:11:14 0
08:16:14 0
08:21:15 0
08:26:15 0
08:31:16 0
08:36:16 0
08:41:17 0
08:46:18 0
08:51:18 0
08:56:19 0
09:01:20 0
09:06:20 0
09:11:20 0
09:16:20 0
09:21:21 0
09:26:21 0
09:31:22 0
09:36:22 0
09:41:23 0
09:46:24 0
09:51:24 0
09:56:24 0
10:01:24 0
10:06:24 0
10:11:25 0
10:16:25 0
10:21:25 0
10:26:26 0
10:31:27 0
10:36:27 0
10:41:28 0
10:46:28 0
10:51:29 0
10:56:29 0
11:01:30 0
11:06:31 0
11:11:32 0
11:16:32 0
11:21:32 0
11:26:32 0
11:31:32 0
11:36:33 0
11:41:34 0
11:46:34 0
11:51:35 0
11:56:35 0
12:01:35 0
12:06:36 0
12:11:36 0
12:16:37 0
12:21:38 0
12:26:38 0
12:31:38 0
12:36:38 0
12:41:39 0
12:46:40 0
12:51:40 0
12:56:40 0
13:01:40 0
13:06:41 0
13:11:42 0
13:16:42 0
13:21:43 0
13:26:43 0
13:31:43 0
13:36:44 0
13:41:44 0
13:46:45 0
13:51:46 0
13:56:47 0
14:01:47 0
14:06:47 0
14:11:47 0
14:16:48 0
14:21:48 0
14:26:48 0
14:31:49 0
14:36:49 0
14:41:50 0
14:46:50 0
14:51:50 0
14:56:51 0
15:01:51 0
15:06:51 0
15:11:52 0
15:16:52 0
15:21:53 0
15:26:54 0
15:31:54 0
15:36:56 0
15:41:55 0
15:46:56 0
15:51:57 0
15:56:57 0
16:01:57 0
16:06:57 0
16:11:58 0
16:16:59 0
16:21:59 0
16:26:59 0
16:31:59 0
16:37:00 0
16:42:00 0
16:47:01 0
16:52:02 0
16:57:03 0
17:02:03 0
17:07:04 0
17:12:04 0
17:17:04 0
17:22:04 0
17:27:05 0
17:32:05 0
17:37:06 0
17:42:06 0
17:47:06 0
17:52:06 0
17:57:07 0
18:02:07 0
18:07:07 0
18:12:08 0
18:17:08 0
18:22:08 0
18:27:09 0
18:32:10 0
18:37:11 0
18:42:11 0
18:47:11 0
18:52:11 0
18:57:11 0
19:02:11 0
19:07:11 0
19:12:12 0
19:17:12 0
19:22:12 0
19:27:13 0
19:32:13 0
19:37:13 0
19:42:13 0
19:47:14 0
19:52:14 0
19:57:14 0
20:02:15 0
20:07:16 0
20:12:17 0
20:17:17 0
20:22:17 0
20:27:17 0
20:32:17 0
20:37:17 0
20:42:17 0
20:47:18 0
20:52:18 0
20:57:18 0
21:02:19 0
21:07:19 0
21:12:19 0
21:17:19 0
21:22:20 0
21:27:21 0
21:32:21 0
21:37:21 0
21:42:21 0
21:47:22 0
21:52:22 0
21:57:22 0
22:02:22 0
22:07:22 0
22:12:23 0
22:17:23 0
22:22:23 0
22:27:23 0
22:32:23 0
22:37:24 0
22:42:24 0
22:47:25 0
22:52:25 0
22:57:25 0
23:02:25 0
23:07:26 0
23:12:26 0
23:17:26 0
23:22:27 0
23:27:27 0
23:32:27 0
23:37:28 0
23:42:28 0
23:47:29 0
23:52:29 0
23:57:30 0
