00:00:10 0 0 0
00:02:04 0 0 0
00:02:33 0 0 0
00:03:27 0 0 0
00:04:27 0 0 0
00:05:27 0 0 0
00:06:30 0 0 0
00:07:37 0 0 0
02:00:26 0 0 0
02:01:27 0 0 0
02:02:27 0 0 0
02:03:27 0 0 0
02:04:28 0 0 0
02:05:28 0 0 0
02:06:29 0 0 0
02:07:29 0 0 0
02:08:30 0 0 0
02:09:30 0 0 0
02:10:30 0 0 0
02:11:31 0 0 0
02:12:31 0 0 0
02:13:32 0 0 0
02:14:32 0 0 0
02:15:32 0 0 0
02:16:33 0 0 0
02:17:33 0 0 0
02:18:34 0 0 0
02:19:34 0 0 0
02:20:35 0 0 0
02:21:35 0 0 0
02:22:36 0 0 0
02:23:36 0 0 0
02:24:36 0 0 0
02:25:37 0 0 0
02:26:37 0 0 0
02:27:38 0 0 0
02:28:38 0 0 0
02:29:39 0 0 0
02:30:39 0 0 0
02:31:39 0 0 0
02:32:40 0 0 0
02:33:40 0 0 0
02:34:41 0 0 0
02:35:41 0 0 0
02:36:41 0 0 0
02:37:42 0 0 0
02:38:42 0 0 0
02:39:43 0 0 0
02:40:43 0 0 0
02:41:43 0 0 0
02:42:44 0 0 0
02:43:44 0 0 0
02:44:44 0 0 0
02:45:45 0 0 0
02:46:45 0 0 0
02:47:46 0 0 0
02:48:46 0 0 0
02:49:47 0 0 0
02:50:47 0 0 0
02:51:47 0 0 0
02:52:48 0 0 0
02:53:48 0 0 0
02:54:48 0 0 0
02:55:49 0 0 0
02:56:49 0 0 0
02:57:50 0 0 0
02:58:50 0 0 0
02:59:50 0 0 0
03:00:51 0 0 0
03:01:51 0 0 0
03:02:52 0 0 0
03:03:52 0 0 0
03:04:53 0 0 0
03:05:53 0 0 0
03:06:54 0 0 0
03:07:55 0 0 0
03:08:55 0 0 0
03:09:56 0 0 0
03:10:56 0 0 0
03:11:56 0 0 0
03:12:57 0 0 0
03:13:57 0 0 0
03:14:57 0 0 0
03:15:58 0 0 0
03:16:58 0 0 0
03:17:58 0 0 0
03:18:59 0 0 0
03:19:59 0 0 0
03:21:00 0 0 0
03:22:00 0 0 0
03:23:00 0 0 0
03:24:01 0 0 0
03:25:01 0 0 0
03:26:01 0 0 0
03:27:02 0 0 0
03:28:02 0 0 0
03:29:02 0 0 0
03:30:03 0 0 0
03:31:03 0 0 0
03:32:03 0 0 0
03:33:04 0 0 0
03:34:04 0 0 0
03:35:04 0 0 0
03:36:04 0 0 0
03:37:05 0 0 0
03:38:05 0 0 0
03:39:06 0 0 0
03:40:06 0 0 0
03:41:06 0 0 0
03:42:07 0 0 0
03:43:07 0 0 0
03:44:07 0 0 0
03:45:08 0 0 0
03:46:08 0 0 0
03:47:09 0 0 0
03:48:09 0 0 0
03:49:09 0 0 0
03:50:09 0 0 0
03:51:10 0 0 0
03:52:10 0 0 0
03:53:11 0 0 0
03:54:11 0 0 0
03:55:11 0 0 0
03:56:12 0 0 0
03:57:12 0 0 0
03:58:12 0 0 0
03:59:13 0 0 0
04:00:13 0 0 0
04:01:13 0 0 0
04:02:14 0 0 0
04:03:14 0 0 0
04:04:14 0 0 0
04:05:14 0 0 0
04:06:15 0 0 0
04:07:15 0 0 0
04:08:16 0 0 0
04:09:16 0 0 0
04:10:17 0 0 0
04:11:17 0 0 0
04:12:17 0 0 0
04:13:17 0 0 0
04:14:18 0 0 0
04:15:18 0 0 0
04:16:18 0 0 0
04:17:19 0 0 0
04:18:19 0 0 0
04:19:19 0 0 0
04:20:20 0 0 0
04:21:20 0 0 0
04:22:20 0 0 0
04:23:20 0 0 0
04:24:21 0 0 0
04:25:21 0 0 0
04:26:22 0 0 0
04:27:22 0 0 0
04:28:22 0 0 0
04:29:23 0 0 0
04:30:23 0 0 0
04:31:23 0 0 0
04:32:24 0 0 0
04:33:24 0 0 0
04:34:24 0 0 0
04:35:25 0 0 0
04:36:25 0 0 0
04:37:25 0 0 0
04:38:26 0 0 0
04:39:26 0 0 0
04:40:27 0 0 0
04:41:27 0 0 0
04:42:27 0 0 0
04:43:28 0 0 0
04:44:28 0 0 0
04:45:28 0 0 0
04:46:29 0 0 0
04:47:29 0 0 0
04:48:29 0 0 0
04:49:30 0 0 0
04:50:30 0 0 0
04:51:31 0 0 0
04:52:31 0 0 0
04:53:31 0 0 0
04:54:32 0 0 0
04:55:32 0 0 0
04:56:32 0 0 0
04:57:33 0 0 0
04:58:33 0 0 0
04:59:33 0 0 0
05:00:34 0 0 0
05:01:34 0 0 0
05:02:34 0 0 0
05:03:34 0 0 0
05:04:35 0 0 0
05:05:35 0 0 0
05:06:36 0 0 0
05:07:36 0 0 0
05:08:36 0 0 0
05:09:37 0 0 0
05:10:37 0 0 0
05:11:37 0 0 0
05:12:38 0 0 0
05:13:38 0 0 0
05:14:38 0 0 0
05:15:39 0 0 0
05:16:39 0 0 0
05:17:40 0 0 0
05:18:40 0 0 0
05:19:40 0 0 0
05:20:41 0 0 0
05:21:41 0 0 0
05:22:41 0 0 0
05:23:42 0 0 0
05:24:42 0 0 0
05:25:42 0 0 0
05:26:43 0 0 0
05:27:43 0 0 0
05:28:43 0 0 0
05:29:44 0 0 0
05:30:44 0 0 0
05:31:44 0 0 0
05:32:45 0 0 0
05:33:45 0 0 0
05:34:45 0 0 0
05:35:46 0 0 0
05:36:46 0 0 0
05:37:46 0 0 0
05:38:47 0 0 0
05:39:47 0 0 0
05:40:47 0 0 0
05:41:48 0 0 0
05:42:48 0 0 0
05:43:48 0 0 0
05:44:49 0 0 0
05:45:49 0 0 0
05:46:50 0 0 0
05:47:50 0 0 0
05:48:50 0 0 0
05:49:50 0 0 0
05:50:51 0 0 0
05:51:51 0 0 0
05:52:51 0 0 0
05:53:52 0 0 0
05:54:52 0 0 0
05:55:52 0 0 0
05:56:53 0 0 0
05:57:53 0 0 0
05:58:54 0 0 0
05:59:54 0 0 0
06:00:54 0 0 0
06:01:55 0 0 0
06:02:56 0 0 0
06:03:56 0 0 0
06:04:56 0 0 0
06:05:57 0 0 0
06:06:57 0 0 0
06:07:58 0 0 0
06:08:58 0 0 0
06:09:58 0 0 0
06:10:58 0 0 0
06:11:59 0 0 0
06:12:59 0 0 0
06:13:59 0 0 0
06:15:00 0 0 0
06:16:00 0 0 0
06:17:01 0 0 0
06:18:01 0 0 0
06:19:01 0 0 0
06:20:02 0 0 0
06:21:02 0 0 0
06:22:02 0 0 0
06:23:03 0 0 0
06:24:03 0 0 0
06:25:03 0 0 0
06:26:04 0 0 0
06:27:04 0 0 0
06:28:04 0 0 0
06:29:05 0 0 0
06:30:05 0 0 0
06:31:05 0 0 0
06:32:06 0 0 0
06:33:06 0 0 0
06:34:06 0 0 0
06:35:07 0 0 0
06:36:07 0 0 0
06:37:07 0 0 0
06:38:08 0 0 0
06:39:08 0 0 0
06:40:09 0 0 0
06:41:09 0 0 0
06:42:09 0 0 0
06:43:10 0 0 0
06:44:10 0 0 0
06:45:10 0 0 0
06:46:11 0 0 0
06:47:11 0 0 0
06:48:11 0 0 0
06:49:11 0 0 0
06:50:12 0 0 0
06:51:12 0 0 0
06:52:13 0 0 0
06:53:13 0 0 0
06:54:13 0 0 0
06:55:14 0 0 0
06:56:14 0 0 0
06:57:14 0 0 0
06:58:14 0 0 0
06:59:15 0 0 0
07:00:15 0 0 0
07:01:16 0 0 0
07:02:16 0 0 0
07:03:16 0 0 0
07:04:17 0 0 0
07:05:17 0 0 0
07:06:17 0 0 0
07:07:17 0 0 0
07:08:18 0 0 0
07:09:18 0 0 0
07:10:18 0 0 0
07:11:19 0 0 0
07:12:19 0 0 0
07:13:19 0 0 0
07:14:20 0 0 0
07:15:20 0 0 0
07:16:21 0 0 0
07:17:21 0 0 0
07:18:21 0 0 0
07:19:22 0 0 0
07:20:22 0 0 0
07:21:22 0 0 0
07:22:23 0 0 0
07:23:23 0 0 0
07:24:23 0 0 0
07:25:24 0 0 0
07:26:24 0 0 0
07:27:24 0 0 0
07:28:25 0 0 0
07:29:25 0 0 0
07:30:25 0 0 0
07:31:26 0 0 0
07:32:26 0 0 0
07:33:27 0 0 0
07:34:27 0 0 0
07:35:27 0 0 0
07:36:27 0 0 0
07:37:28 0 0 0
07:38:28 0 0 0
07:39:29 0 0 0
07:40:29 0 0 0
07:41:29 0 0 0
07:42:29 0 0 0
07:43:30 0 0 0
07:44:30 0 0 0
07:45:30 0 0 0
07:46:31 0 0 0
07:47:31 0 0 0
07:48:31 0 0 0
07:49:32 0 0 0
07:50:32 0 0 0
07:51:32 0 0 0
07:52:33 0 0 0
07:53:33 0 0 0
07:54:33 0 0 0
07:55:33 0 0 0
07:56:34 0 0 0
07:57:34 0 0 0
07:58:34 0 0 0
07:59:35 0 0 0
08:00:35 0 0 0
08:01:35 0 0 0
08:02:36 0 0 0
08:03:36 0 0 0
08:04:36 0 0 0
08:05:37 0 0 0
08:06:37 0 0 0
08:07:37 0 0 0
08:08:38 0 0 0
08:09:38 0 0 0
08:10:38 0 0 0
08:11:38 0 0 0
08:12:39 0 0 0
08:13:39 0 0 0
08:14:40 0 0 0
08:15:40 0 0 0
08:16:40 0 0 0
08:17:40 0 0 0
08:18:41 0 0 0
08:19:41 0 0 0
08:20:41 0 0 0
08:21:42 0 0 0
08:22:42 0 0 0
08:23:43 0 0 0
08:24:43 0 0 0
08:25:44 0 0 0
08:26:44 0 0 0
08:27:44 0 0 0
08:28:45 0 0 0
08:29:45 0 0 0
08:30:45 0 0 0
08:31:46 0 0 0
08:32:46 0 0 0
08:33:46 0 0 0
08:34:46 0 0 0
08:35:47 0 0 0
08:36:47 0 0 0
08:37:47 0 0 0
08:38:48 0 0 0
08:39:48 0 0 0
08:40:48 0 0 0
08:41:49 0 0 0
08:42:49 0 0 0
08:43:49 0 0 0
08:44:50 0 0 0
08:45:50 0 0 0
08:46:51 0 0 0
08:47:51 0 0 0
08:48:51 0 0 0
08:49:52 0 0 0
08:50:52 0 0 0
08:51:52 0 0 0
08:52:53 0 0 0
08:53:53 0 0 0
08:54:53 0 0 0
08:55:55 0 0 0
08:56:55 0 0 0
08:57:55 0 0 0
08:58:55 0 0 0
08:59:56 0 0 0
09:00:56 0 0 0
09:01:57 0 0 0
09:02:57 0 0 0
09:03:57 0 0 0
09:04:57 0 0 0
09:05:58 0 0 0
09:06:58 0 0 0
09:07:58 0 0 0
09:08:58 0 0 0
09:09:59 0 0 0
09:10:59 0 0 0
09:11:59 0 0 0
09:13:00 0 0 0
09:13:59 0 0 0
09:15:00 0 0 0
09:16:00 0 0 0
09:17:00 0 0 0
09:18:01 0 0 0
09:19:01 0 0 0
09:20:02 0 0 0
09:21:02 0 0 0
09:22:02 0 0 0
09:23:02 0 0 0
09:24:03 0 0 0
09:25:03 0 0 0
09:26:03 0 0 0
09:27:03 0 0 0
09:28:04 0 0 0
09:29:04 0 0 0
09:30:04 0 0 0
09:31:05 0 0 0
09:32:05 0 0 0
09:33:05 0 0 0
09:34:05 0 0 0
09:35:06 0 0 0
09:36:06 0 0 0
09:37:06 0 0 0
09:38:07 0 0 0
09:39:08 0 0 0
09:40:08 0 0 0
09:41:08 0 0 0
09:42:09 0 0 0
09:43:09 0 0 0
09:44:09 0 0 0
09:45:09 0 0 0
09:46:09 0 0 0
09:47:10 0 0 0
09:48:10 0 0 0
09:49:10 0 0 0
09:50:10 0 0 0
09:51:11 0 0 0
09:52:11 0 0 0
09:53:11 0 0 0
09:54:11 0 0 0
09:55:11 0 0 0
09:56:12 0 0 0
09:57:12 0 0 0
09:58:12 0 0 0
09:59:12 0 0 0
10:00:13 0 0 0
10:01:13 0 0 0
10:02:13 0 0 0
10:03:13 0 0 0
10:04:14 0 0 0
10:05:14 0 0 0
10:06:14 0 0 0
10:07:14 0 0 0
10:08:15 0 0 0
10:09:15 0 0 0
10:10:15 0 0 0
10:11:15 0 0 0
10:12:16 0 0 0
10:13:16 0 0 0
10:14:16 0 0 0
10:15:16 0 0 0
10:16:17 0 0 0
10:17:17 0 0 0
10:18:17 0 0 0
10:19:18 0 0 0
10:20:18 0 0 0
10:21:19 0 0 0
10:22:19 0 0 0
10:23:20 0 0 0
10:24:21 0 0 0
10:25:21 0 0 0
10:26:22 0 0 0
10:27:23 0 0 0
10:28:23 0 0 0
10:29:23 0 0 0
10:30:24 0 0 0
10:31:24 0 0 0
10:32:24 0 0 0
10:33:24 0 0 0
10:34:25 0 0 0
10:35:25 0 0 0
10:36:25 0 0 0
10:37:25 0 0 0
10:38:26 0 0 0
10:39:27 0 0 0
10:40:27 0 0 0
10:41:28 0 0 0
10:42:28 0 0 0
10:43:28 0 0 0
10:44:29 0 0 0
10:45:29 0 0 0
10:46:29 0 0 0
10:47:30 0 0 0
10:48:30 0 0 0
10:49:30 0 0 0
10:50:31 0 0 0
10:51:31 0 0 0
10:52:32 0 0 0
10:53:32 0 0 0
10:54:32 0 0 0
10:55:33 0 0 0
10:56:34 0 0 0
10:57:34 0 0 0
10:58:34 0 0 0
10:59:35 0 0 0
11:00:36 0 0 0
11:01:36 0 0 0
11:02:36 0 0 0
11:03:37 0 0 0
11:04:37 0 0 0
11:05:37 0 0 0
11:06:38 0 0 0
11:07:38 0 0 0
11:08:38 0 0 0
11:09:39 0 0 0
11:10:39 0 0 0
11:11:39 0 0 0
11:12:40 0 0 0
11:13:40 0 0 0
11:14:41 0 0 0
11:15:41 0 0 0
11:16:42 0 0 0
11:17:42 0 0 0
11:18:43 0 0 0
11:19:43 0 0 0
11:20:44 0 0 0
11:21:44 0 0 0
11:22:44 0 0 0
11:23:44 0 0 0
11:24:44 0 0 0
11:25:45 0 0 0
11:26:45 0 0 0
11:27:45 0 0 0
11:28:45 0 0 0
11:29:46 0 0 0
11:30:46 0 0 0
11:31:46 0 0 0
11:32:46 0 0 0
11:33:47 0 0 0
11:34:48 0 0 0
11:35:49 0 0 0
11:36:49 0 0 0
11:37:49 0 0 0
11:38:50 0 0 0
11:39:50 0 0 0
11:40:50 0 0 0
11:41:51 0 0 0
11:42:51 0 0 0
11:43:51 0 0 0
11:44:52 0 0 0
11:45:53 0 0 0
11:46:53 0 0 0
11:47:54 0 0 0
11:48:54 0 0 0
11:49:54 0 0 0
11:50:54 0 0 0
11:51:55 0 0 0
11:52:55 0 0 0
11:53:55 0 0 0
11:54:55 0 0 0
11:55:56 0 0 0
11:56:56 0 0 0
11:57:56 0 0 0
11:58:57 0 0 0
11:59:57 0 0 0
12:00:57 0 0 0
12:01:57 0 0 0
12:02:58 0 0 0
12:03:58 0 0 0
12:04:58 0 0 0
12:05:59 0 0 0
12:06:59 0 0 0
12:07:59 0 0 0
12:08:59 0 0 0
12:10:00 0 0 0
12:11:00 0 0 0
12:12:01 0 0 0
12:13:01 0 0 0
12:14:01 0 0 0
12:15:01 0 0 0
12:16:02 0 0 0
12:17:02 0 0 0
12:18:03 0 0 0
12:19:04 0 0 0
12:20:04 0 0 0
12:21:04 0 0 0
12:22:05 0 0 0
12:23:05 0 0 0
12:24:05 0 0 0
12:25:05 0 0 0
12:26:06 0 0 0
12:27:06 0 0 0
12:28:06 0 0 0
12:29:07 0 0 0
12:30:07 0 0 0
12:31:07 0 0 0
12:32:07 0 0 0
12:33:08 0 0 0
12:34:08 0 0 0
12:35:08 0 0 0
12:36:08 0 0 0
12:37:08 0 0 0
12:38:09 0 0 0
12:39:09 0 0 0
12:40:09 0 0 0
12:41:10 0 0 0
12:42:10 0 0 0
12:43:10 0 0 0
12:44:10 0 0 0
12:45:10 0 0 0
12:46:11 0 0 0
12:47:11 0 0 0
12:48:11 0 0 0
12:49:11 0 0 0
12:50:12 0 0 0
12:51:13 0 0 0
12:52:13 0 0 0
12:53:13 0 0 0
12:54:13 0 0 0
12:55:13 0 0 0
12:56:14 0 0 0
12:57:14 0 0 0
12:58:14 0 0 0
12:59:15 0 0 0
13:00:15 0 0 0
13:01:15 0 0 0
13:02:15 0 0 0
13:03:16 0 0 0
13:04:16 0 0 0
13:05:16 0 0 0
13:06:16 0 0 0
13:07:16 0 0 0
13:08:17 0 0 0
13:09:17 0 0 0
13:10:17 0 0 0
13:11:17 0 0 0
13:12:17 0 0 0
13:13:17 0 0 0
13:14:18 0 0 0
13:15:18 0 0 0
13:16:18 0 0 0
13:17:18 0 0 0
13:18:19 0 0 0
13:19:19 0 0 0
13:20:19 0 0 0
13:21:19 0 0 0
13:22:20 0 0 0
13:23:20 0 0 0
13:24:20 0 0 0
13:25:21 0 0 0
13:26:21 0 0 0
13:27:21 0 0 0
13:28:21 0 0 0
13:29:22 0 0 0
13:30:22 0 0 0
13:31:22 0 0 0
13:32:22 0 0 0
13:33:23 0 0 0
13:34:23 0 0 0
13:35:24 0 0 0
13:36:24 0 0 0
13:37:24 0 0 0
13:38:24 0 0 0
13:39:24 0 0 0
13:40:25 0 0 0
13:41:25 0 0 0
13:42:26 0 0 0
13:43:26 0 0 0
13:44:27 0 0 0
13:45:27 0 0 0
13:46:27 0 0 0
13:47:28 0 0 0
13:48:29 0 0 0
13:49:29 0 0 0
13:50:29 0 0 0
13:51:30 0 0 0
13:52:30 0 0 0
13:53:30 0 0 0
13:54:30 0 0 0
13:55:30 0 0 0
13:56:31 0 0 0
13:57:31 0 0 0
13:58:31 0 0 0
13:59:31 0 0 0
14:00:32 0 0 0
14:01:32 0 0 0
14:02:32 0 0 0
14:03:32 0 0 0
14:04:33 0 0 0
14:05:33 0 0 0
14:06:33 0 0 0
14:07:34 0 0 0
14:08:34 0 0 0
14:09:34 0 0 0
14:10:34 0 0 0
14:11:35 0 0 0
14:12:35 0 0 0
14:13:35 0 0 0
14:14:36 0 0 0
14:15:36 0 0 0
14:16:36 0 0 0
14:17:37 0 0 0
14:18:37 0 0 0
14:19:37 0 0 0
14:20:37 0 0 0
14:21:38 0 0 0
14:22:38 0 0 0
14:23:38 0 0 0
14:24:39 0 0 0
14:25:40 0 0 0
14:26:40 0 0 0
14:27:40 0 0 0
14:28:40 0 0 0
14:29:41 0 0 0
14:30:41 0 0 0
14:31:41 0 0 0
14:32:42 0 0 0
14:33:42 0 0 0
14:34:42 0 0 0
14:35:43 0 0 0
14:36:43 0 0 0
14:37:44 0 0 0
14:38:45 0 0 0
14:39:45 0 0 0
14:40:45 0 0 0
14:41:45 0 0 0
14:42:46 0 0 0
14:43:46 0 0 0
14:44:47 0 0 0
14:45:47 0 0 0
14:46:48 0 0 0
14:47:48 0 0 0
14:48:48 0 0 0
14:49:49 0 0 0
14:50:49 0 0 0
14:51:49 0 0 0
14:52:50 0 0 0
14:53:50 0 0 0
14:54:50 0 0 0
14:55:51 0 0 0
14:56:51 0 0 0
14:57:51 0 0 0
14:58:51 0 0 0
14:59:52 0 0 0
15:00:52 0 0 0
15:01:52 0 0 0
15:02:52 0 0 0
15:03:53 0 0 0
15:04:53 0 0 0
15:05:53 0 0 0
15:06:53 0 0 0
15:07:53 0 0 0
15:08:53 0 0 0
15:09:54 0 0 0
15:10:54 0 0 0
15:11:54 0 0 0
15:12:55 0 0 0
15:13:55 0 0 0
15:14:55 0 0 0
15:15:55 0 0 0
15:16:56 0 0 0
15:17:56 0 0 0
15:18:56 0 0 0
15:19:56 0 0 0
15:20:56 0 0 0
15:21:57 0 0 0
15:22:57 0 0 0
15:23:57 0 0 0
15:24:57 0 0 0
15:25:57 0 0 0
15:26:58 0 0 0
15:27:58 0 0 0
15:28:58 0 0 0
15:29:58 0 0 0
15:30:59 0 0 0
15:31:59 0 0 0
15:32:59 0 0 0
15:34:00 0 0 0
15:35:00 0 0 0
15:36:00 0 0 0
15:37:01 0 0 0
15:38:00 0 0 0
15:39:01 0 0 0
15:40:01 0 0 0
15:41:01 0 0 0
15:42:01 0 0 0
15:43:01 0 0 0
15:44:02 0 0 0
15:45:02 0 0 0
15:46:02 0 0 0
15:47:03 0 0 0
15:48:03 0 0 0
15:49:03 0 0 0
15:50:03 0 0 0
15:51:03 0 0 0
15:52:04 0 0 0
15:53:04 0 0 0
15:54:05 0 0 0
15:55:05 0 0 0
15:56:05 0 0 0
15:57:05 0 0 0
15:58:05 0 0 0
15:59:06 0 0 0
16:00:06 0 0 0
16:01:06 0 0 0
16:02:06 0 0 0
16:03:07 0 0 0
16:04:07 0 0 0
16:05:07 0 0 0
16:06:07 0 0 0
16:07:07 0 0 0
16:08:08 0 0 0
16:09:08 0 0 0
16:10:08 0 0 0
16:11:08 0 0 0
16:12:09 0 0 0
16:13:09 0 0 0
16:14:09 0 0 0
16:15:09 0 0 0
16:16:09 0 0 0
16:17:10 0 0 0
16:18:10 0 0 0
16:19:10 0 0 0
16:20:10 0 0 0
16:21:11 0 0 0
16:22:11 0 0 0
16:23:11 0 0 0
16:24:11 0 0 0
16:25:12 0 0 0
16:26:12 0 0 0
16:27:12 0 0 0
16:28:12 0 0 0
16:29:12 0 0 0
16:30:13 0 0 0
16:31:13 0 0 0
16:32:13 0 0 0
16:33:14 0 0 0
16:34:14 0 0 0
16:35:14 0 0 0
16:36:15 0 0 0
16:37:15 0 0 0
16:38:15 0 0 0
16:39:15 0 0 0
16:40:16 0 0 0
16:41:16 0 0 0
16:42:16 0 0 0
16:43:17 0 0 0
16:44:17 0 0 0
16:45:17 0 0 0
16:46:17 0 0 0
16:47:17 0 0 0
16:48:17 0 0 0
16:49:17 0 0 0
16:50:18 0 0 0
16:51:18 0 0 0
16:52:18 0 0 0
16:53:19 0 0 0
16:54:20 0 0 0
16:55:20 0 0 0
16:56:20 0 0 0
16:57:21 0 0 0
16:58:21 0 0 0
16:59:21 0 0 0
17:00:21 0 0 0
17:01:22 0 0 0
17:02:22 0 0 0
17:03:23 0 0 0
17:04:24 0 0 0
17:05:24 0 0 0
17:06:24 0 0 0
17:07:24 0 0 0
17:08:25 0 0 0
17:09:25 0 0 0
17:10:25 0 0 0
17:11:25 0 0 0
17:12:26 0 0 0
17:13:26 0 0 0
17:14:26 0 0 0
17:15:26 0 0 0
17:16:27 0 0 0
17:17:27 0 0 0
17:18:27 0 0 0
17:19:27 0 0 0
17:20:28 0 0 0
17:21:28 0 0 0
17:22:28 0 0 0
17:23:29 0 0 0
17:24:30 0 0 0
17:25:30 0 0 0
17:26:30 0 0 0
17:27:31 0 0 0
17:28:31 0 0 0
17:29:31 0 0 0
17:30:31 0 0 0
17:31:32 0 0 0
17:32:32 0 0 0
17:33:32 0 0 0
17:34:33 0 0 0
17:35:33 0 0 0
17:36:33 0 0 0
17:37:34 0 0 0
17:38:34 0 0 0
17:39:34 0 0 0
17:40:35 0 0 0
17:41:35 0 0 0
17:42:35 0 0 0
17:43:36 0 0 0
17:44:36 0 0 0
17:45:37 0 0 0
17:46:37 0 0 0
17:47:37 0 0 0
17:48:38 0 0 0
17:49:38 0 0 0
17:50:38 0 0 0
17:51:38 0 0 0
17:52:39 0 0 0
17:53:39 0 0 0
17:54:39 0 0 0
17:55:39 0 0 0
17:56:40 0 0 0
17:57:40 0 0 0
17:58:40 0 0 0
17:59:40 0 0 0
18:00:41 0 0 0
18:01:41 0 0 0
18:02:41 0 0 0
18:03:41 0 0 0
18:04:41 0 0 0
18:05:42 0 0 0
18:06:42 0 0 0
18:07:42 0 0 0
18:08:43 0 0 0
18:09:43 0 0 0
18:10:43 0 0 0
18:11:43 0 0 0
18:12:44 0 0 0
18:13:44 0 0 0
18:14:44 0 0 0
18:15:44 0 0 0
18:16:45 0 0 0
18:17:45 0 0 0
18:18:45 0 0 0
18:19:45 0 0 0
18:20:46 0 0 0
18:21:46 0 0 0
18:22:46 0 0 0
18:23:46 0 0 0
18:24:47 0 0 0
18:25:47 0 0 0
18:26:47 0 0 0
18:27:48 0 0 0
18:28:48 0 0 0
18:29:49 0 0 0
18:30:49 0 0 0
18:31:49 0 0 0
18:32:50 0 0 0
18:33:50 0 0 0
18:34:51 0 0 0
18:35:51 0 0 0
18:36:51 0 0 0
18:37:52 0 0 0
18:38:52 0 0 0
18:39:52 0 0 0
18:40:52 0 0 0
18:41:53 0 0 0
18:42:53 0 0 0
18:43:53 0 0 0
18:44:53 0 0 0
18:45:53 0 0 0
18:46:54 0 0 0
18:47:54 0 0 0
18:48:54 0 0 0
18:49:55 0 0 0
18:50:55 0 0 0
18:51:55 0 0 0
18:52:55 0 0 0
18:53:56 0 0 0
18:54:56 0 0 0
18:55:57 0 0 0
18:56:57 0 0 0
18:57:57 0 0 0
18:58:57 0 0 0
18:59:58 0 0 0
19:00:58 0 0 0
19:01:58 0 0 0
19:02:58 0 0 0
19:03:59 0 0 0
19:04:59 0 0 0
19:05:59 0 0 0
19:06:59 0 0 0
19:07:59 0 0 0
19:09:00 0 0 0
19:10:00 0 0 0
19:11:00 0 0 0
19:12:00 0 0 0
19:13:01 0 0 0
19:14:01 0 0 0
19:15:01 0 0 0
19:16:01 0 0 0
19:17:02 0 0 0
19:18:02 0 0 0
19:19:02 0 0 0
19:20:02 0 0 0
19:21:02 0 0 0
19:22:03 0 0 0
19:23:03 0 0 0
19:24:03 0 0 0
19:25:03 0 0 0
19:26:03 0 0 0
19:27:04 0 0 0
19:28:04 0 0 0
19:29:04 0 0 0
19:30:04 0 0 0
19:31:04 0 0 0
19:32:05 0 0 0
19:33:05 0 0 0
19:34:06 0 0 0
19:35:07 0 0 0
19:36:07 0 0 0
19:37:07 0 0 0
19:38:07 0 0 0
19:39:08 0 0 0
19:40:08 0 0 0
19:41:08 0 0 0
19:42:08 0 0 0
19:43:09 0 0 0
19:44:09 0 0 0
19:45:09 0 0 0
19:46:09 0 0 0
19:47:09 0 0 0
19:48:10 0 0 0
19:49:10 0 0 0
19:50:10 0 0 0
19:51:10 0 0 0
19:52:10 0 0 0
19:53:11 0 0 0
19:54:11 0 0 0
19:55:11 0 0 0
19:56:11 0 0 0
19:57:11 0 0 0
19:58:12 0 0 0
19:59:12 0 0 0
20:00:12 0 0 0
20:01:12 0 0 0
20:02:13 0 0 0
20:03:13 0 0 0
20:04:13 0 0 0
20:05:13 0 0 0
20:06:13 0 0 0
20:07:13 0 0 0
20:08:14 0 0 0
20:09:14 0 0 0
20:10:14 0 0 0
20:11:14 0 0 0
20:12:14 0 0 0
20:13:15 0 0 0
20:14:15 0 0 0
20:15:15 0 0 0
20:16:15 0 0 0
20:17:15 0 0 0
20:18:16 0 0 0
20:19:16 0 0 0
20:20:16 0 0 0
20:21:17 0 0 0
20:22:17 0 0 0
20:23:17 0 0 0
20:24:17 0 0 0
20:25:17 0 0 0
20:26:18 0 0 0
20:27:18 0 0 0
20:28:18 0 0 0
20:29:19 0 0 0
20:30:19 0 0 0
20:31:19 0 0 0
20:32:19 0 0 0
20:33:19 0 0 0
20:34:20 0 0 0
20:35:20 0 0 0
20:36:20 0 0 0
20:37:20 0 0 0
20:38:21 0 0 0
20:39:21 0 0 0
20:40:21 0 0 0
20:41:21 0 0 0
20:42:21 0 0 0
20:43:22 0 0 0
20:44:22 0 0 0
20:45:22 0 0 0
20:46:22 0 0 0
20:47:22 0 0 0
20:48:23 0 0 0
20:49:23 0 0 0
20:50:23 0 0 0
20:51:23 0 0 0
20:52:23 0 0 0
20:53:24 0 0 0
20:54:24 0 0 0
20:55:24 0 0 0
20:56:24 0 0 0
20:57:24 0 0 0
20:58:25 0 0 0
20:59:25 0 0 0
21:00:25 0 0 0
21:01:25 0 0 0
21:02:26 0 0 0
21:03:26 0 0 0
21:04:26 0 0 0
21:05:26 0 0 0
21:06:27 0 0 0
21:07:26 0 0 0
21:08:27 0 0 0
21:09:27 0 0 0
21:10:27 0 0 0
21:11:27 0 0 0
21:12:27 0 0 0
21:13:28 0 0 0
21:14:28 0 0 0
21:15:28 0 0 0
21:16:28 0 0 0
21:17:28 0 0 0
21:18:29 0 0 0
21:19:29 0 0 0
21:20:29 0 0 0
21:21:30 0 0 0
21:22:30 0 0 0
21:23:30 0 0 0
21:24:30 0 0 0
21:25:30 0 0 0
21:26:31 0 0 0
21:27:31 0 0 0
21:28:31 0 0 0
21:29:32 0 0 0
21:30:32 0 0 0
21:31:32 0 0 0
21:32:32 0 0 0
21:33:32 0 0 0
21:34:33 0 0 0
21:35:33 0 0 0
21:36:33 0 0 0
21:37:33 0 0 0
21:38:33 0 0 0
21:39:34 0 0 0
21:40:34 0 0 0
21:41:34 0 0 0
21:42:34 0 0 0
21:43:34 0 0 0
21:44:35 0 0 0
21:45:35 0 0 0
21:46:35 0 0 0
21:47:36 0 0 0
21:48:36 0 0 0
21:49:36 0 0 0
21:50:36 0 0 0
21:51:37 0 0 0
21:52:37 0 0 0
21:53:37 0 0 0
21:54:37 0 0 0
21:55:37 0 0 0
21:56:38 0 0 0
21:57:38 0 0 0
21:58:38 0 0 0
21:59:39 0 0 0
22:00:39 0 0 0
22:01:39 0 0 0
22:02:39 0 0 0
22:03:39 0 0 0
22:04:40 0 0 0
22:05:40 0 0 0
22:06:40 0 0 0
22:07:41 0 0 0
22:08:41 0 0 0
22:09:41 0 0 0
22:10:41 0 0 0
22:11:41 0 0 0
22:12:42 0 0 0
22:13:42 0 0 0
22:14:42 0 0 0
22:15:43 0 0 0
22:16:43 0 0 0
22:17:43 0 0 0
22:18:43 0 0 0
22:19:43 0 0 0
22:20:44 0 0 0
22:21:44 0 0 0
22:22:44 0 0 0
22:23:44 0 0 0
22:24:45 0 0 0
22:25:45 0 0 0
22:26:45 0 0 0
22:27:45 0 0 0
22:28:45 0 0 0
22:29:46 0 0 0
22:30:46 0 0 0
22:31:46 0 0 0
22:32:47 0 0 0
22:33:47 0 0 0
22:34:47 0 0 0
22:35:47 0 0 0
22:36:47 0 0 0
22:37:48 0 0 0
22:38:48 0 0 0
22:39:49 0 0 0
22:40:49 0 0 0
22:41:49 0 0 0
22:42:49 0 0 0
22:43:50 0 0 0
22:44:50 0 0 0
22:45:50 0 0 0
22:46:50 0 0 0
22:47:51 0 0 0
22:48:51 0 0 0
22:49:51 0 0 0
22:50:51 0 0 0
22:51:52 0 0 0
22:52:52 0 0 0
22:53:52 0 0 0
22:54:52 0 0 0
22:55:53 0 0 0
22:56:53 0 0 0
22:57:53 0 0 0
22:58:53 0 0 0
22:59:54 0 0 0
23:00:54 0 0 0
23:01:54 0 0 0
23:02:55 0 0 0
23:03:55 0 0 0
23:04:55 0 0 0
23:05:55 0 0 0
23:06:55 0 0 0
23:07:56 0 0 0
23:08:56 0 0 0
23:09:56 0 0 0
23:10:57 0 0 0
23:11:57 0 0 0
23:12:57 0 0 0
23:13:57 0 0 0
23:14:57 0 0 0
23:15:58 0 0 0
23:16:58 0 0 0
23:17:58 0 0 0
23:18:59 0 0 0
23:19:59 0 0 0
23:20:59 0 0 0
23:21:59 0 0 0
23:23:00 0 0 0
23:24:00 0 0 0
23:25:00 0 0 0
23:26:01 0 0 0
23:27:01 0 0 0
23:28:01 0 0 0
23:29:01 0 0 0
23:30:01 0 0 0
23:31:02 0 0 0
23:32:02 0 0 0
23:33:02 0 0 0
23:34:03 0 0 0
23:35:03 0 0 0
23:36:03 0 0 0
23:37:03 0 0 0
23:38:04 0 0 0
23:39:04 0 0 0
23:40:04 0 0 0
23:41:05 0 0 0
23:42:05 0 0 0
23:43:05 0 0 0
23:44:06 0 0 0
23:45:06 0 0 0
23:46:06 0 0 0
23:47:07 0 0 0
23:48:07 0 0 0
23:49:08 0 0 0
23:50:09 0 0 0
23:51:09 0 0 0
23:52:10 0 0 0
23:53:10 0 0 0
23:54:10 0 0 0
23:55:11 0 0 0
23:56:11 0 0 0
23:57:13 0 0 0
23:58:12 0 0 0
23:59:13 0 0 0
