00:01:05 207672 19698
00:02:39 56755 3449
00:03:22 50803 51085
00:04:07 33016 17893
00:05:07 168695 52737
00:06:10 57191 5353
00:07:15 23809 9370
00:08:17 707268 27877
02:00:05 -1 -1
02:01:07 22639 4805
02:02:07 2298 1012
02:03:08 3976 3753
02:04:08 74522 20112
02:05:09 95341 12110
02:06:09 -1 -1
02:07:10 68941 19068
02:08:10 9050 9885
02:09:10 3891 6036
02:10:11 -1 -1
02:11:11 265124 11920
02:12:12 -1 -1
02:13:12 1517 120
02:14:12 94748 49617
02:15:13 20656 17388
02:16:13 18672 958
02:17:14 -1 -1
02:18:14 17117 6983
02:19:15 24068 6534
02:20:15 -1 -1
02:21:15 2878 4608
02:22:16 48319 7294
02:23:16 111737 12876
02:24:17 19785 10349
02:25:17 211402 29659
02:26:18 113335 25240
02:27:18 70300 17190
02:28:18 132248 42510
02:29:19 8874 1460
02:30:19 5701 9536
02:31:20 6694 10938
02:32:20 54126 6365
02:33:20 3523 1442
02:34:24 -1 -1
02:35:21 133218 21767
02:36:22 54497 11968
02:37:22 74352 3358
02:38:22 115473 55102
02:39:23 330 592
02:40:23 43970 16534
02:41:24 34333 11149
02:42:24 22417 7953
02:43:24 58229 8799
02:44:25 6570 8267
02:45:25 314912 35008
02:46:26 91705 18420
02:47:26 75455 26928
02:48:26 318460 54303
02:49:27 1077 2997
02:50:27 -1 -1
02:51:28 7946 11721
02:52:28 111404 21761
02:53:29 9566 2260
02:54:29 18627 6112
02:55:29 72148 13290
02:56:30 93657 28606
02:57:30 103143 40821
02:58:30 2153 3266
02:59:31 45032 9970
03:00:31 21042 5484
03:01:32 47850 4748
03:02:32 49192 13503
03:03:32 206763 25957
03:04:33 79378 16984
03:05:34 228607 18329
03:06:34 16216 9776
03:07:35 932 567
03:08:36 25009 2027
03:09:36 2005 2147
03:10:37 61787 52797
03:11:37 -1 -1
03:12:37 60241 6192
03:13:37 100753 34991
03:14:38 30786 4978
03:15:38 78243 15102
03:16:39 -1 -1
03:17:45 2438 1493
03:18:39 96250 15875
03:19:40 582 1416
03:20:40 10904 4462
03:21:40 67213 6810
03:22:41 7051 694
03:23:41 2350 974
03:24:41 12014 2388
03:25:42 108 120
03:26:42 162447 23948
03:27:42 17615 4494
03:28:43 23334 5075
03:29:43 33205 3621
03:30:43 26893 6706
03:31:44 2374 2808
03:32:44 1063477 34931
03:33:44 46779 6854
03:34:45 1330 420
03:35:45 16389 3391
03:36:45 96041 6189
03:37:46 16164 6158
03:38:46 215076 21803
03:39:49 4145 2247
03:40:47 27257 13485
03:41:47 209147 39133
03:42:47 20894 3046
03:43:48 6543 1606
03:44:48 69980 5715
03:45:49 21540 2475
03:46:49 46349 35922
03:47:49 20083 5281
03:48:49 3716 1632
03:49:50 217 300
03:50:50 175391 20172
03:51:50 6042 5139
03:52:51 28790 5671
03:53:51 5202 7834
03:54:51 19778 11747
03:55:52 -1 -1
03:56:52 210233 12900
03:57:52 83674 7303
03:58:53 107298 29620
03:59:53 6925 4993
04:00:53 41440 4750
04:01:54 10726 5188
04:02:54 132869 20129
04:03:54 11710 15120
04:04:55 44676 10342
04:05:55 23553 5387
04:06:56 3425 810
04:07:56 14500 2775
04:08:56 3345 1530
04:09:57 148416 13892
04:10:57 89824 9090
04:11:57 63281 6436
04:12:58 28293 3142
04:13:59 -1 -1
04:15:00 197086 4382871
04:15:59 48049 7712
04:17:00 38116 3910
04:18:00 13982 2003
04:19:00 -1 -1
04:20:00 84156 8185
04:21:00 -1 -1
04:22:01 97595 23275
04:23:01 83470 40103
04:24:01 10860 8342
04:25:02 -1 -1
04:26:02 19563 2449
04:27:02 31948 3494
04:28:03 4291 3435
04:29:03 -1 -1
04:30:03 20767 2520
04:31:04 -1 -1
04:32:04 9795199 229614
04:33:05 -1 -1
04:34:06 12045 5205
04:35:06 116541 10067
04:36:06 61379 6059
04:37:06 21237 10232
04:38:06 -1 -1
04:39:07 163472 73016
04:40:07 1734 192
04:41:07 76106 10145
04:42:08 53576 3191
04:43:09 38304 8514
04:44:08 -1 -1
04:45:09 95905 8593
04:46:09 92310 12000
04:47:12 80867 10011
04:48:10 40257 43866
04:49:11 218408 95737
04:50:10 -1 -1
04:51:11 2691 1938
04:52:11 47398 7999
04:53:12 189365 14123
04:54:12 17164 5399
04:55:12 2002 480
04:56:13 3625 793
04:57:14 48300 6133
04:58:13 35984 2844
04:59:13 92897 9672
05:00:14 45889 6149
05:01:15 58110 8672
05:02:16 37446 7530
05:03:15 51982 9709
05:04:15 29144 2556
05:05:16 55147 5309
05:06:16 57459 5575
05:07:16 52114 1682
05:08:17 88956 30228
05:09:17 244204 10967217
05:10:17 276124 32093
05:11:18 24597 7998
05:12:18 11980 4742
05:13:18 302666 17252
05:14:19 50883 8181
05:15:19 40657 4883
05:16:19 52453 5103
05:17:20 69712 6121
05:18:20 14102 2970
05:19:21 67041 5721
05:20:21 4956 2638
05:21:21 79323 9353
05:22:22 33847 5087
05:23:22 2046 2784
05:24:22 213885 9708436
05:25:23 29179 2667
05:26:26 57959 3581
05:27:23 -1 -1
05:28:24 56401 23289
05:29:24 9659 1076
05:30:24 49769 20875
05:31:25 31034 4603
05:32:25 24338 2875
05:33:25 120125 28433
05:34:26 333216 35851
05:35:26 124093 18869
05:36:27 81370 10912
05:37:27 307293 42746
05:38:27 20515 1688
05:39:27 1874 460
05:40:28 12639 1944
05:41:28 45024 4741
05:42:29 148869 10271
05:43:29 -1 -1
05:44:29 453365 15033
05:45:30 -1 -1
05:46:30 128440 62888
05:47:30 87618 45764
05:48:30 125216 39950
05:49:31 10036 1435
05:50:31 69489 30658
05:51:31 103464 5789
05:52:32 63580 11798
05:53:32 -1 -1
05:54:33 66795 9164
05:55:33 51517 31589
05:56:33 45810 5986
05:57:34 16334 4232
05:58:34 48677 693028
05:59:34 93383 424994
06:00:35 58752 415954
06:01:35 73610 9917
06:02:36 43330 42200
06:03:36 104417 26229
06:04:36 178477 12141
06:05:37 18930 11062
06:06:37 -1 -1
06:07:38 208009 18834
06:08:38 67848 12310
06:09:38 186 254
06:10:39 92791 12432
06:11:39 311916 13763
06:12:39 224285 7944
06:13:40 443226 36233
06:14:40 2869 3000
06:15:41 8646 411331
06:16:41 -1 -1
06:17:41 179720 7979334
06:18:42 -1 -1
06:19:42 55200 421762
06:20:42 106758 12316
06:21:43 49779 6852
06:22:43 153818 4387
06:23:43 94508 9042
06:24:44 104382 7663
06:25:44 14580 1508
06:26:44 235435 14045
06:27:45 -1 -1
06:28:45 1078 898
06:29:45 -1 -1
06:30:46 236521 8180537
06:31:46 57013 9284
06:32:47 107163 11156
06:33:47 130243 26808
06:34:47 31104 5992
06:35:47 162152 10594
06:36:48 24193 1432
06:37:48 2159 745
06:38:48 111002 6901
06:39:49 3106 1246
06:40:49 117790 8085
06:41:49 17315 7535
06:42:50 75516 7076
06:43:50 -1 -1
06:44:50 94577 11110
06:45:51 3266 306
06:46:51 3943 5121
06:47:52 57818 6616
06:48:52 26709 3366
06:49:52 252032 11199175
06:50:52 26901 1892
06:51:53 34814 18952
06:52:54 38284 4574
06:53:53 14170 5492
06:54:54 -1 -1
06:55:54 246790 8442
06:56:55 3828 1195
06:57:55 85405 15344
06:58:55 13342 8277
06:59:56 7821 3376
07:00:56 -1 -1
07:01:56 118156 42094
07:02:56 2616 120
07:03:57 455189 64462
07:04:57 41741 2632
07:05:58 147147 11344
07:06:58 21037 1284
07:07:58 1338 4876
07:08:59 4467 2629
07:09:59 32569 14572
07:11:00 47857 8757
07:11:59 52954 7663
07:13:00 213807 14828
07:14:00 -1 -1
07:15:01 24012 2200
07:16:01 674879 45407
07:17:01 28807 2879
07:18:02 211983 11234
07:19:02 62531 5974
07:20:02 9127 5288
07:21:03 258512 19514
07:22:03 27606 10665
07:23:03 79685 21511
07:24:04 22363 7369
07:25:04 -1 -1
07:26:04 -1 -1
07:27:05 322205 17915
07:28:05 68529 7278
07:29:05 19074 6943
07:30:06 14017 3699
07:31:06 18214 2218
07:32:06 108807 24076
07:33:07 48607 8370
07:34:07 93409 11072
07:35:07 277177 17733
07:36:08 30712 7001
07:37:08 291019 8832
07:38:08 5874 1351
07:39:09 35276 5640
07:40:09 12765 2618
07:41:09 42549 10390
07:42:10 42924 13101
07:43:19 192482 7553
07:44:10 26387 5582
07:45:11 269507 16018
07:46:11 -1 -1
07:47:11 45566 3409
07:48:12 263629 21956
07:49:12 12074 2427
07:50:12 30363 9313
07:51:13 42566 4659
07:52:13 40732 3413
07:53:13 -1 -1
07:54:14 287375 84265
07:55:14 -1 -1
07:56:14 78459 46641
07:57:14 13033 1519
07:58:15 45619 7307
07:59:15 44608 3522
08:00:15 416903 25246
08:01:16 53047 4804
08:02:16 205340 20619
08:03:17 35202 9020
08:04:17 78447 21298
08:05:17 1064733 66074
08:06:17 177705 8641
08:07:18 56869 5304
08:08:18 16663 3947
08:09:18 37575 2320
08:10:18 -1 -1
08:11:19 22217 2987
08:12:19 88744 11070
08:13:19 135078 31301
08:14:20 194276 25138
08:15:21 28239 3818
08:16:20 61144 15513
08:17:21 99138 22812
08:18:21 36541 5461
08:19:21 -1 -1
08:20:22 17246 5521
08:21:22 164220 23051
08:22:22 48523 17224
08:23:24 144297 11510
08:24:24 21567 8058
08:25:24 -1 -1
08:26:25 34160 1534
08:27:24 102249 15256
08:28:25 119536 40619
08:29:25 39705 3847
08:30:26 368335 16322
08:31:26 911937 35230
08:32:26 151418 4526
08:33:26 107292 11100
08:34:27 10855 1828
08:35:27 226973 15683
08:36:27 101779 11538
08:37:28 2063 943
08:38:28 4967 2400
08:39:28 34951 4501
08:40:29 14629 1462
08:41:29 367360 17448
08:42:30 38852 5717
08:43:30 212093 20240
08:44:30 216113 9258
08:45:31 312077 14524
08:46:31 68991 3475
08:47:31 10449 968
08:48:32 16093 3652
08:49:32 32185 2927
08:50:32 97765 42619
08:51:33 346743 12929
08:52:33 94436 13648
08:53:33 216819 19828
08:54:34 3120 1115
08:55:35 31321 2877
08:56:35 18285 7756
08:57:35 45691 6781
08:58:36 6212 601
08:59:36 239540 9536
09:00:37 30744 1946
09:01:37 48377 4764
09:02:37 181514 8508
09:03:37 26595 2474
09:04:38 24541 13340
09:05:38 100125 32117
09:06:38 57604 10220
09:07:38 57923 10367
09:08:39 103602 33046
09:09:39 114885 56723
09:10:39 51711 25983
09:11:39 81802 40463
09:12:40 11937 14967
09:13:40 136384 14805
09:14:40 -1 -1
09:15:40 94568 10091
09:16:41 27895 6354
09:17:41 -1 -1
09:18:42 25765 4173
09:19:42 69547 7039
09:20:42 -1 -1
09:21:42 72844 12948
09:22:43 -1 -1
09:23:43 587175 18424
09:24:43 66414 11079
09:25:44 61561 5236
09:26:44 -1 -1
09:27:44 12195 850
09:28:44 63281 12466
09:29:45 5293 1743
09:30:45 21716 2401
09:31:45 67890 13684
09:32:46 11379 3134
09:33:46 -1 -1
09:34:46 694910 28294
09:35:46 67984 14488
09:36:47 114306 13494
09:37:47 623499 21893
09:38:48 -1 -1
09:39:48 186399 5948
09:40:49 101708 7227
09:41:49 316552 24667
09:42:49 26024 5690
09:43:49 277734 16762
09:44:49 13409 5183
09:45:50 61735 6332
09:46:50 196529 35254
09:47:50 182828 15150
09:48:50 124052 9740
09:49:51 204541 8656
09:50:51 18748 10549
09:51:51 171627 18508
09:52:51 235313 13911
09:53:52 95715 19921
09:54:52 -1 -1
09:55:52 200153 21168
09:56:52 140850 66741
09:57:53 711871 186384
09:58:53 108395 8569
09:59:53 -1 -1
10:00:53 453907 20080
10:01:54 311655 12959
10:02:54 102994 19591
10:03:54 607685 66672
10:04:54 133945 37008
10:05:54 -1 -1
10:06:55 38859 5948
10:07:55 315343 20980
10:08:55 175919 17152
10:09:56 157134 103562
10:10:56 17926 2583
10:11:56 136380 20980
10:12:56 54877 9880
10:13:56 62156 22205
10:14:58 58447 25390
10:15:57 2024 1597
10:16:57 231340 11653
10:17:58 787010 35618
10:18:58 142807 27535
10:19:58 27582 3601
10:20:59 186194 21241
10:22:11 51636 3985
10:23:00 77133 7950
10:24:01 113900 48350
10:25:02 46749 6398
10:26:02 101036 13823
10:27:03 146971 23669
10:28:03 529696 9469
10:29:04 65794 4490
10:30:04 117188 13372
10:31:04 726484 52405
10:32:05 30152 2698
10:33:05 101673 5229
10:34:05 58278 23270
10:35:05 305786 11769
10:36:05 311795 11610
10:37:06 755784 50306
10:38:07 263997 41814
10:39:07 67899 9384
10:40:07 107973 13938
10:41:08 840835 30472
10:42:08 140568 12423
10:43:09 -1 -1
10:44:09 383533 15727
10:45:09 78250 50495
10:46:10 99016 7019
10:47:10 -1 -1
10:48:10 27397 5313
10:49:11 10207 2108
10:50:11 312554 28166
10:51:11 54899 12009
10:52:12 92968 10312
10:53:12 56829 6264
10:54:13 412256 15577
10:55:13 6635 13712
10:56:14 76879 11090
10:57:15 306739 67495
10:58:16 42703 5576
10:59:16 -1 -1
11:00:16 480482 23990
11:01:16 -1 -1
11:02:17 94645 11792
11:03:17 60380 4231
11:04:18 32964 4071
11:05:18 58774 6092
11:06:18 35232 4250
11:07:19 253643 5955
11:08:22 8367 1534
11:09:19 22523 1768
11:10:19 45076 27008
11:11:20 15338 1570
11:12:20 235286 8497
11:13:20 136746 7209
11:14:21 48290 3350
11:15:22 96652 38284
11:16:22 23021 3920
11:17:23 296066 17709
11:18:23 80418 26352
11:19:23 192590 11585
11:20:24 69484 28536
11:21:24 51248 10982
11:22:25 360172 273831
11:23:25 -1 -1
11:24:25 -1 -1
11:25:25 300416 16652
11:26:25 140795 13103
11:27:26 121708 25917
11:28:26 136887 23628
11:29:26 254320 22003
11:30:26 105758 12503
11:31:27 207954 54513
11:32:27 52233 8966
11:33:27 47990 5341
11:34:28 11526 1778
11:35:29 5888 7128
11:36:30 -1 -1
11:37:30 3748 1703
11:38:30 25177 2840
11:39:30 141953 12293
11:40:31 -1 -1
11:41:31 144970 7278
11:42:34 -1 -1
11:43:31 9323 1174
11:44:33 28395 3606
11:45:42 210815 18109
11:46:34 164957 9957
11:47:34 156924 12317
11:48:34 7819 55946
11:49:34 48046 3993
11:50:34 47769 7089
11:51:35 166666 11431
11:52:35 -1 -1
11:53:35 62348 3154
11:54:36 1062988 45834
11:55:36 34647 6946
11:56:36 -1 -1
11:57:37 -1 -1
11:58:37 85372 10588
11:59:37 118336 53229
12:00:37 38051 16458
12:01:38 24069 13234
12:02:38 334439 56470
12:03:38 200872 10370
12:04:41 207987 10303
12:05:39 3820 1919
12:06:40 256631 70526
12:07:40 5396 1219
12:08:40 -1 -1
12:09:41 26842 6153
12:10:42 107640 40711
12:11:42 93821 8410
12:12:42 9112 1695
12:13:42 31332 17382
12:14:43 25491 2328
12:15:43 111840 5864
12:16:44 44180 7695
12:17:44 73039 12422
12:18:45 36758 40099
12:19:45 104448 14016
12:20:46 37320 3418
12:21:46 9715 4093
12:22:46 25177 1676
12:23:46 54 120
12:24:47 356 666
12:25:47 4485 1389
12:26:47 13901 3127
12:27:48 70739 16999
12:28:48 145056 19146
12:29:48 50849 2262
12:30:48 119333 18854
12:31:49 57818 8166
12:32:49 130182 11918
12:33:49 91371 23499
12:34:49 -1 -1
12:35:50 -1 -1
12:36:50 160214 40023
12:37:50 82758 11655
12:38:50 295532 20748
12:39:51 230276 50873
12:40:51 13576 2407
12:41:51 200962 11838
12:42:51 27897 11083
12:43:51 67460 49113
12:44:52 26300 2651
12:45:52 -1 -1
12:46:52 210884 10380
12:47:52 43206 33342
12:48:52 73788 14707
12:49:53 22576 2291
12:50:53 32852 8820
12:51:53 152879 26644
12:52:53 57741 8443
12:53:53 78688 79127
12:54:54 76723 52028
12:55:54 105328 7740
12:56:54 8005 4014
12:57:55 156173 30264
12:58:55 46554 9152
12:59:55 -1 -1
13:00:58 14030 2255
13:01:56 246004 16145
13:02:56 28557 4258
13:03:56 123329 14861
13:04:56 41475 1964
13:05:57 81522 7530
13:06:57 113909 49497
13:07:57 111421 81680
13:09:00 19939 10488
13:09:57 16252 11465
13:10:57 -1 -1
13:11:58 13050 15872
13:12:58 167695 54581
13:13:58 141248 40361
13:14:58 95582 11361
13:15:59 313546 38175
13:16:59 86080 3493
13:17:59 4099 1627
13:18:59 12787 2837
13:19:59 42716 17710
13:21:00 80793 33395
13:22:00 108801 18173
13:23:00 -1 -1
13:24:01 40778 2656
13:25:01 71167 44194
13:26:02 430550 23145
13:27:02 394411 27558
13:28:02 128910 28719
13:29:02 85365 17629
13:30:02 266817 41223
13:31:02 39591 6671
13:32:03 -1 -1
13:33:03 57761 5901
13:34:04 66213 8514
13:35:04 -1 -1
13:36:04 152201 18097
13:37:05 366438 27959
13:38:05 33984 3528
13:39:05 17635 48541
13:40:05 6917 2748
13:41:06 57557 10512
13:42:06 109686 21149
13:43:07 439351 18709
13:44:07 215288 16923
13:45:07 47047 9426
13:46:07 121047 45860
13:47:09 83619 7345
13:48:09 16740 1743
13:49:09 38653 5382
13:50:09 212271 47131
13:51:10 203864 27588
13:52:11 75861 12202
13:53:12 233549 17127
13:54:12 49266 2454
13:55:12 36042 18538
13:56:12 57561 16291
13:57:12 156442 42250
13:58:12 710240 60723
13:59:13 87674 6021
14:00:13 9364 14767
14:01:13 180626 47537
14:02:13 459110 24989
14:03:14 89635 18267
14:04:14 93332 10387
14:05:14 -1 -1
14:06:14 23559 7425
14:07:15 27631 11586
14:08:15 1063083 36723
14:09:16 -1 -1
14:10:16 241824 57569
14:11:16 77996 9360
14:12:17 363152 130666
14:13:17 138158 49749
14:14:17 36238 7867
14:15:17 22582 8122
14:16:18 632750 55028
14:17:21 73433 5228
14:18:18 137144 8065
14:19:18 287739 66142
14:20:19 37783 17043
14:21:19 3571 5586
14:22:19 24728 8609
14:23:19 116451 21159
14:24:20 88740 13315
14:25:21 220862 60080
14:26:21 -1 -1
14:27:22 256773 35650
14:28:22 239561 79125
14:29:22 62677 10185
14:30:22 -1 -1
14:31:23 11956 13346
14:32:23 31331 12127
14:33:23 151965 24207
14:34:24 154137 20049
14:35:25 209085 11291
14:36:25 247845 64695
14:37:25 60024 20847
14:38:25 239835 19922
14:39:26 48027 14633
14:40:26 185017 55351
14:41:27 289725 40573
14:42:27 180237 14316
14:43:27 7668 8749
14:44:29 644819 160495
14:45:29 81786 12556
14:46:29 -1 -1
14:47:29 42475 12380
14:48:30 280245 37066
14:49:30 124609 26347
14:50:30 359249 43959
14:51:31 45319 11431
14:52:31 47861 5474
14:53:31 48660 13438
14:54:32 47301 15875
14:55:33 26980 6770
14:56:32 234926 22530
14:57:32 24378 6892
14:58:33 101590 36903
14:59:32 -1 -1
15:00:33 261119 27539
15:01:34 76444 7829
15:02:34 130451 22069
15:03:34 175772 34178
15:04:34 125500 41018
15:05:34 85781 13254
15:06:34 157106 19919
15:07:35 7375 3404
15:08:35 257014 30224
15:09:35 198316 18315
15:10:35 -1 -1
15:11:36 58244 6140
15:12:37 -1 -1
15:13:37 250157 47875
15:14:37 -1 -1
15:15:38 71262 12086
15:16:38 -1 -1
15:17:38 927201 42941
15:18:38 93378 5315
15:19:38 404612 15772
15:20:39 143770 13637
15:21:39 52778 5588
15:22:59 -1 -1
15:23:40 139256 8314
15:24:39 -1 -1
15:25:40 264250 12374
15:26:40 -1 -1
15:27:40 89540 5829
15:28:40 664889 22768
15:29:41 234811 9603
15:30:41 566951 20535
15:31:42 82537 5560
15:32:42 41480 5282
15:33:42 146929 22473
15:34:43 12774 4661
15:35:42 21364 2955
15:36:43 99384 28103
15:37:43 81446 4560
15:38:43 66026 3809
15:39:43 164301 20514
15:40:43 111317 6849
15:41:44 154819 54119
15:42:44 257230 15384
15:43:44 192947 32436
15:44:44 31088 2698
15:45:45 343127 23039
15:46:45 -1 -1
15:47:45 3095 1240
15:48:45 11742 16849
15:49:46 1000054 59096
15:50:46 -1 -1
15:51:46 9739 1813
15:52:47 40773 6582
15:53:47 120154 11630
15:54:47 49290 2688
15:55:52 411770 95077
15:56:48 697997 27015
15:57:51 440873 21627
15:58:48 41429 6498
15:59:48 19500 2745
16:00:48 116357 9754
16:01:49 3351 1551
16:02:49 7747 4404
16:03:49 23939 1696
16:04:49 7116 3556
16:05:50 -1 -1
16:06:50 44208 7822
16:07:50 233753 13342
16:08:50 159146 20153
16:09:50 392352 40680
16:10:50 39697 10881
16:11:51 74068 6320
16:12:51 52916 3850
16:13:52 347647 16259
16:14:52 -1 -1
16:15:52 16479 4158
16:16:52 51597 9726
16:17:52 103887 7766
16:18:53 170334 137602
16:19:53 84944 13600
16:20:53 1096363 76163
16:21:53 93546 43318
16:22:53 554642 97921
16:23:54 54085 3904
16:24:54 284170 90226
16:25:54 391106 55706
16:26:54 133056 13483
16:27:55 875294 34315
16:28:55 105694 41537
16:29:55 101209 5033
16:30:55 64381 178214
16:31:55 41393 61799
16:32:57 30107 4027
16:33:57 52965 7838
16:34:57 53474 14913
16:35:57 75193 5576
16:36:57 52485 4243
16:37:57 670613 30403
16:38:58 80067 16293
16:39:58 92451 19838
16:40:58 204737 10552
16:41:58 84994 26939
16:42:59 287443 9695
16:43:59 307549 11432
16:44:59 59455 14923
16:45:59 -1 -1
16:47:00 20624 24383
16:48:00 27889 24104
16:49:00 11548 1990
16:50:00 41258 6396
16:51:00 143242 8394
16:52:00 -1 -1
16:53:01 228381 14918
16:54:02 100696 8657
16:55:02 76828 8780
16:56:03 63292 6590
16:57:03 102360 6354
16:58:03 166991 8727
16:59:03 5083 3084
17:00:04 59938 8176
17:01:04 130324 6223
17:02:04 -1 -1
17:03:04 33785 6825
17:04:05 1074619 40594
17:05:06 503619 23490
17:06:05 27437 11847
17:07:06 238175 16248
17:08:06 288099 16193
17:09:06 93182 6943
17:10:06 116225 15613
17:11:07 223077 13521
17:12:07 8215 3322
17:13:07 166962 18444
17:14:08 1038 497
17:15:08 4050 1032
17:16:08 9912 685
17:17:08 89665 11790
17:18:08 362862 61801
17:19:09 19888 2955
17:20:09 684332 62845
17:21:09 159629 22772
17:22:10 61146 4684
17:23:10 37691 6194
17:24:10 59416 4291
17:25:10 -1 -1
17:26:11 -1 -1
17:27:11 17620 4060
17:28:11 743664 140415
17:29:12 5059 574
17:30:12 163723 48928
17:31:12 301722 18055
17:32:12 79423 15955
17:33:13 44990 4572
17:34:13 463611 24728
17:35:14 -1 -1
17:36:14 41551 4026
17:37:14 87760 5890
17:38:14 22698 12088
17:39:15 60845 20437
17:40:15 47322 2262
17:41:15 76165 11149
17:42:15 22322 4466
17:43:16 2534 5769
17:44:17 35099 7489
17:45:17 9423 1988
17:46:17 289411 21617
17:47:18 80251 7374
17:48:18 819676 57567
17:49:18 19425 17321
17:50:19 -1 -1
17:51:19 529573 90851
17:52:19 12498 7511
17:53:19 42138 5534
17:54:20 -1 -1
17:55:20 11191 1818
17:56:20 206722 24391
17:57:20 59620 9411
17:58:20 1816 1016
17:59:21 63253 9489
18:00:21 65049 5508
18:01:21 179465 82111
18:02:21 93563 28262
18:03:22 32166 3500
18:04:22 149709 120444
18:05:22 36530 11974
18:06:22 37167 2962
18:07:23 175487 201741
18:08:23 3622 1804
18:09:23 60154 22665
18:10:24 -1 -1
18:11:24 78347 13375
18:12:24 19470 1768
18:13:24 235907 12706
18:14:24 27097 7904
18:15:27 5862 987
18:16:25 62977 3252
18:17:25 56806 6238
18:18:25 50588 7117
18:19:26 26882 6362
18:20:29 10429 2144
18:21:26 42802 11107
18:22:27 22890 9019
18:23:27 351423 24558
18:24:27 107977 77296
18:25:27 116553 9307
18:26:28 101961 12167
18:27:28 27913 6760
18:28:28 68225 26466
18:29:29 136769 25030
18:30:29 125260 22577
18:31:30 94649 12827
18:32:30 5445 1285
18:33:31 86726 10316
18:34:31 22115 3134
18:35:32 -1 -1
18:36:32 10670 2209
18:37:32 -1 -1
18:38:32 -1 -1
18:39:32 289372 12057
18:40:33 891322 27764
18:41:33 35912 2778
18:42:33 18976 3506
18:43:33 -1 -1
18:44:33 52096 11810
18:45:34 22502 1976
18:46:34 255495 47154
18:47:34 49442 3446
18:48:34 1065282 36295
18:49:35 -1 -1
18:50:35 106188 14559
18:51:35 29397 3410
18:52:35 153648 38822
18:53:36 1868 466
18:54:37 17882 1806
18:55:38 -1 -1
18:56:38 28057 5019
18:57:38 9086 7347
18:58:38 3309 990
18:59:38 3262 4130
19:00:38 59934 3910
19:01:38 30484 10572
19:02:38 15253 2431
19:03:39 5389 1535
19:04:39 -1 -1
19:05:40 9781 1786
19:06:39 442 1516
19:07:40 35310 3767
19:08:40 13536 2839
19:09:40 87068 15684
19:10:40 55698 4604
19:11:41 15392 8228
19:12:41 168736 12856
19:13:41 101955 4458
19:14:42 98580 10403
19:15:42 192500 21337
19:16:42 67681 4369
19:17:42 212938 48312
19:18:42 53749 5201
19:19:42 190431 58548
19:20:42 396244 21915
19:21:43 42028 3703
19:22:43 165959 17632
19:23:43 119811 10637
19:24:44 48630 12944
19:25:44 117547 12749
19:26:44 115033 4270
19:27:44 46774 15229
19:28:44 176662 23684
19:29:45 42311 6047
19:30:45 79267 14560
19:31:45 79648 7139
19:32:45 1369 1408
19:33:46 81503 3801
19:34:48 92742 70316
19:35:48 -1 -1
19:36:47 25360 2289
19:37:48 -1 -1
19:38:48 207249 45788
19:39:48 162249 11914
19:40:48 139407 44722
19:41:49 394891 39250
19:42:49 86239 7938
19:43:49 438375 27134
19:44:49 16374 4166
19:45:49 823150 63714
19:46:50 144401 5487
19:47:50 198447 103113
19:48:50 79164 12102
19:49:50 9036 1149
19:50:50 -1 -1
19:51:51 80055 4889
19:52:51 23538 2839
19:53:51 60747 13396
19:54:51 21612 5710
19:55:51 6871 1454
19:56:52 24893 3973
19:57:52 69585 5826
19:58:52 17256 1566
19:59:52 74256 7456
20:00:53 136623 52898
20:01:53 140673 12331
20:02:53 -1 -1
20:03:53 139613 26083
20:04:53 20081 4310
20:05:54 -1 -1
20:06:54 74603 26257
20:07:54 22293 4709
20:08:54 2084 1494
20:09:55 143606 24990
20:10:55 146612 58779
20:11:55 56312 4414
20:12:55 26087 2365
20:13:55 141493 33592
20:14:56 -1 -1
20:15:56 62321 15903
20:16:56 8571 3087
20:17:56 96826 7608
20:18:56 107587 20962
20:19:57 13518 11558
20:20:57 52543 7997
20:21:57 109399 13393
20:22:57 87475 83389
20:23:58 80186 48335
20:24:58 2964 1429
20:25:58 67072 6809
20:26:59 230472 40975
20:27:59 126077 45431
20:28:59 181878 58489
20:29:59 84207 8404
20:30:59 21488 2137
20:32:00 -1 -1
20:33:00 13480 726
20:34:00 27395 15622
20:35:02 56181 30510
20:36:00 7402 1412
20:37:00 131006 21273
20:38:01 3645 2191
20:39:01 184661 14095
20:40:01 342740 55448
20:41:01 58012 15112
20:42:02 -1 -1
20:43:02 16371 3134
20:44:02 112651 65888
20:45:02 174 796
20:46:02 3198 769
20:47:03 2900 694
20:48:03 754127 36332
20:49:03 -1 -1
20:50:03 16024 3121
20:51:04 5942 7788
20:52:04 -1 -1
20:53:04 -1 -1
20:54:04 23719 11259
20:55:04 154356 60367
20:56:04 -1 -1
20:57:05 36475 5260
20:58:05 46198 5883
20:59:05 -1 -1
21:00:05 278151 9349
21:01:05 374995 39726
21:02:06 80128 10542
21:03:06 228820 26086
21:04:06 33492 7343
21:05:06 73346 4661
21:06:06 13184 2577
21:07:07 297786 23743
21:08:07 220792 14525
21:09:07 317236 11412
21:10:08 35391 302533
21:11:08 128473 41255
21:12:08 16831 13836
21:13:08 98167 7396
21:14:08 -1 -1
21:15:09 87564 63026
21:16:09 15984 3006
21:17:09 156043 11091
21:18:09 111793 13932
21:19:09 199885 63895
21:20:10 193333 51632
21:21:10 53609 8060
21:22:10 90421 19041
21:23:10 80606 12198
21:24:11 56694 8310
21:25:11 46475 4585
21:26:11 333197 13688
21:27:11 64761 33207
21:28:11 28746 4211
21:29:12 2318 774
21:30:12 4099 7894
21:31:12 118096 52967
21:32:12 42158 3412
21:33:13 82313 6817
21:34:14 73317 5347
21:35:15 -1 -1
21:36:15 204415 54986
21:37:14 170891 44743
21:38:14 10003 6853
21:39:14 33670 6763
21:40:14 48824 3889
21:41:14 36206 3844
21:42:15 62935 4507
21:43:15 5848 6082
21:44:15 -1 -1
21:45:15 319349 23054
21:46:15 80644 12131
21:47:16 206763 31375
21:48:17 151585 11172
21:49:16 102476 33940
21:50:16 147571 26148
21:51:17 204240 11877
21:52:17 816 1433
21:53:17 34027 7060
21:54:17 77322 45697
21:55:18 4240 1707
21:56:18 2842 1206
21:57:18 59438 3391
21:58:18 28024 4988
21:59:19 23191 9355
22:00:19 7550 3350
22:01:19 3133 3774
22:02:20 38948 7144
22:03:20 53469 11911
22:04:20 43283 5185
22:05:20 3961 3577
22:06:20 326461 29635
22:07:21 -1 -1
22:08:21 8380 2738
22:09:21 185949 26903
22:10:21 82551 6056
22:11:22 103532 15809
22:12:22 -1 -1
22:13:22 97751 10112
22:14:25 62803 6407
22:15:24 106520 11921
22:16:23 87346 10771
22:17:23 3544 3259
22:18:23 449029 19205
22:19:24 69218 42052
22:20:24 -1 -1
22:21:24 53308 7090
22:22:24 -1 -1
22:23:25 239991 20941
22:24:25 94196 11662
22:25:25 161672 24171
22:26:25 -1 -1
22:27:26 41801 4719
22:28:26 7397 3926
22:29:26 26987 4225
22:30:26 60537 7366
22:31:27 23574 2070
22:32:27 45934 13764
22:33:27 101744 51752
22:34:27 5501 3259
22:35:28 44556 32158
22:36:28 45096 15774
22:37:28 37599 14858
22:38:28 98910 33729
22:39:29 183202 14580
22:40:29 235944 39635
22:41:29 304230 79390
22:42:30 173800 12689
22:43:30 191366 13860
22:44:30 -1 -1
22:45:30 230889 21945
22:46:31 17752 11363
22:47:31 184517 34295
22:48:31 80288 12895
22:49:31 -1 -1
22:50:32 -1 -1
22:51:32 273038 108388
22:52:32 28090 19007
22:53:32 574772 54363
22:54:34 -1 -1
22:55:33 45264 26408
22:56:33 14782 13721
22:57:33 33871 22691
22:58:34 7606 6553
22:59:34 -1 -1
23:00:34 44625 21394
23:01:35 -1 -1
23:02:35 5608 6134
23:03:35 171625 49746
23:04:35 102132 27803
23:05:35 29363 34209
23:06:36 -1 -1
23:07:36 5887 2863
23:08:36 32909 8854
23:09:37 112303 41432
23:10:37 52106 17398
23:11:37 66605 28480
23:12:37 46151 23848
23:13:38 -1 -1
23:14:40 35544 12006
23:15:38 82357 27410
23:16:38 37635 21703
23:17:39 55648 42229
23:18:39 124872 42441
23:19:39 225535 25872
23:20:40 -1 -1
23:21:40 346185 79073
23:22:40 172306 28392
23:23:40 139181 60570
23:24:40 594084 31604
23:25:41 184845 30279
23:26:41 320240 20030
23:27:41 131960 28164
23:28:41 110869 27243
23:29:42 128786 12844
23:30:42 174900 30860
23:31:42 21051 10720
23:32:42 -1 -1
23:33:43 11558 8273
23:34:43 44798 20380
23:35:46 230428 69450
23:36:44 941341 46499
23:37:44 79104 18311
23:38:44 10619 12902
23:39:45 33105 8593
23:40:45 87451 37889
23:41:45 34637 8285
23:42:45 63787 16872
23:43:46 56660 13569
23:44:46 17403 26486
23:45:46 65595 10167
23:46:47 51782 14223
23:47:48 10071 13794
23:48:48 101802 30928
23:49:49 49122 19608
23:50:50 135410 16751
23:51:50 146334 23884
23:52:50 240656 23432
23:53:51 36423 8132
23:54:53 73720 62758
23:55:52 -1 -1
23:56:52 -1 -1
23:57:53 374160 41694
23:58:54 104678 32327
23:59:53 29921 16754
