00:01:04 -1 -1
00:02:39 -1 -1
00:03:22 -1 -1
00:04:07 37450 17959
00:05:07 168695 52617
00:06:10 51717 6343
00:07:15 -1 -1
00:08:17 -1 -1
02:00:05 -1 -1
02:01:07 22639 4805
02:02:07 2298 1012
02:03:27 -1 -1
02:04:08 77243 21671
02:05:09 -1 -1
02:06:09 128119 11321
02:07:10 -1 -1
02:08:10 9050 9885
02:09:10 -1 -1
02:10:11 36482 9724
02:11:11 262968 12040
02:12:12 162171 57348
02:13:12 -1 -1
02:14:12 -1 -1
02:15:13 -1 -1
02:16:13 -1 -1
02:17:14 37663 12411
02:18:14 17117 6983
02:19:15 -1 -1
02:20:15 139547 17804
02:21:15 -1 -1
02:22:16 52106 8713
02:23:16 -1 -1
02:24:17 -1 -1
02:25:17 -1 -1
02:26:18 -1 -1
02:27:18 73217 17698
02:28:18 -1 -1
02:29:19 8874 1460
02:30:19 -1 -1
02:31:20 -1 -1
02:32:20 54126 6425
02:33:20 -1 -1
02:34:24 73883 20399
02:35:21 -1 -1
02:36:22 -1 -1
02:37:22 -1 -1
02:38:22 -1 -1
02:39:23 -1 -1
02:40:23 -1 -1
02:41:24 42215 10957
02:42:24 -1 -1
02:43:24 58488 10204
02:44:25 6570 8267
02:45:25 -1 -1
02:46:25 110178 19830
02:47:26 -1 -1
02:48:26 -1 -1
02:49:27 1077 2997
02:50:27 3732 6204
02:51:28 -1 -1
02:52:28 -1 -1
02:53:29 9566 2260
02:54:29 -1 -1
02:55:29 72222 13837
02:56:30 85668 28114
02:57:30 103436 40635
02:58:30 -1 -1
02:59:31 45198 9970
03:00:31 20820 5142
03:01:32 -1 -1
03:02:32 49292 13741
03:03:32 -1 -1
03:04:33 79378 16918
03:05:34 242130 21933
03:06:34 21750 12580
03:07:35 -1 -1
03:08:36 -1 -1
03:09:36 2274 3374
03:10:37 61763 53337
03:11:37 67782 27097
03:12:37 -1 -1
03:13:37 -1 -1
03:14:38 -1 -1
03:15:38 -1 -1
03:16:39 79848 6666
03:17:39 103436 23239
03:18:39 80169 15159
03:19:40 -1 -1
03:20:40 10904 4462
03:21:40 67473 8089
03:22:41 7051 694
03:23:41 2350 974
03:24:41 -1 -1
03:25:42 108 120
03:26:42 162447 23948
03:27:42 -1 -1
03:28:43 -1 -1
03:29:43 33144 2939
03:30:43 -1 -1
03:31:44 -1 -1
03:32:44 -1 -1
03:33:45 56941 7044
03:34:44 1537 1579
03:35:48 16604 3361
03:36:45 -1 -1
03:37:46 16164 6158
03:38:46 -1 -1
03:39:46 -1 -1
03:40:47 25470 13133
03:41:47 208427 41085
03:42:47 -1 -1
03:43:48 5673 1264
03:44:48 69980 5715
03:45:48 -1 -1
03:46:49 42966 35502
03:47:49 20083 5347
03:48:49 -1 -1
03:49:50 -1 -1
03:50:50 -1 -1
03:51:50 6042 5139
03:52:51 29625 7524
03:53:51 5483 8903
03:54:51 19778 11807
03:55:52 4659 2733
03:56:52 -1 -1
03:57:52 94591 8968
03:58:53 -1 -1
03:59:53 -1 -1
04:00:53 39074 4470
04:01:54 10780 5188
04:02:54 -1 -1
04:03:54 -1 -1
04:04:55 44676 10162
04:05:55 23553 5042
04:06:55 4033 2283
04:07:56 5974 3888
04:08:56 -1 -1
04:09:57 -1 -1
04:10:57 -1 -1
04:11:57 63281 6436
04:12:58 28293 3142
04:13:59 71162 184243
04:15:00 168854 2896122
04:15:59 -1 -1
04:16:59 -1 -1
04:18:00 40464 5022
04:19:00 65992 7937
04:20:00 84248 8259
04:21:00 135567 42997
04:22:01 -1 -1
04:23:01 83463 40280
04:24:01 8293 8270
04:25:02 3654 778
04:26:02 19617 2449
04:27:02 -1 -1
04:28:03 4291 3435
04:29:03 37963 160500
04:30:03 -1 -1
04:31:04 -1 -1
04:32:04 -1 -1
04:33:05 110794 17797
04:34:06 -1 -1
04:35:06 -1 -1
04:36:05 -1 -1
04:37:07 17436 7493
04:38:06 470209 62402
04:39:07 167650 76894
04:40:07 -1 -1
04:41:07 75940 10145
04:42:08 -1 -1
04:43:09 -1 -1
04:44:08 55998 9710
04:45:09 -1 -1
04:46:09 93592 11856
04:47:09 61449 8235
04:48:10 40689 44372
04:49:11 224405 99587
04:50:10 48811 7808
04:51:11 2691 1938
04:52:11 51656 7573
04:53:12 -1 -1
04:54:12 8804 5572
04:55:12 -1 -1
04:56:13 -1 -1
04:57:14 46534 5729
04:58:13 -1 -1
04:59:14 101629 12186
05:00:14 50549 7892
05:01:14 62593 8738
05:02:16 37437 7579
05:03:15 51928 9349
05:04:15 29144 2556
05:05:15 57892 7208
05:06:16 57393 5263
05:07:16 -1 -1
05:08:17 -1 -1
05:09:17 -1 -1
05:10:17 305380 36028
05:11:18 -1 -1
05:12:18 11416 4831
05:13:18 -1 -1
05:14:19 -1 -1
05:15:19 39242 3940
05:16:19 68832 6522
05:17:20 -1 -1
05:18:20 -1 -1
05:19:20 68761 6762
05:20:30 4878 2133
05:21:21 79323 9353
05:22:22 -1 -1
05:23:22 -1 -1
05:24:22 -1 -1
05:25:23 -1 -1
05:26:23 -1 -1
05:27:23 25307 5419
05:28:24 55058 28432
05:29:24 9659 1076
05:30:24 51143 21519
05:31:25 31034 4603
05:32:25 16513 2303
05:33:25 144457 25811
05:34:26 -1 -1
05:35:26 128069 19950
05:36:27 81370 10912
05:37:27 307293 42746
05:38:27 20515 1688
05:39:27 -1 -1
05:40:28 12639 1944
05:41:28 45029 5443
05:42:29 -1 -1
05:43:29 63844 31037
05:44:29 453365 15093
05:45:30 45087 6412
05:46:30 131299 62006
05:47:30 -1 -1
05:48:30 -1 -1
05:49:31 10036 1435
05:50:31 -1 -1
05:51:31 -1 -1
05:52:32 63634 11798
05:53:32 42752 1926
05:54:33 -1 -1
05:55:33 -1 -1
05:56:33 -1 -1
05:57:34 -1 -1
05:58:34 -1 -1
05:59:34 -1 -1
06:00:35 -1 -1
06:01:35 -1 -1
06:02:36 -1 -1
06:03:36 83554 24455
06:04:36 -1 -1
06:05:37 -1 -1
06:06:37 15591 286545
06:07:37 175344 18813
06:08:38 -1 -1
06:09:38 186 254
06:10:39 91435 13032
06:11:39 -1 -1
06:12:39 -1 -1
06:13:40 -1 -1
06:14:40 -1 -1
06:15:41 8646 411331
06:16:41 20006 274717
06:17:41 -1 -1
06:18:42 97148 1655444
06:19:42 -1 -1
06:20:42 59812 9373
06:21:43 49779 6720
06:22:43 162620 4119
06:23:43 94508 9042
06:24:44 -1 -1
06:25:44 14580 1508
06:26:44 235435 14045
06:27:45 28703 3030
06:28:45 1253 630
06:29:45 94943 5971
06:30:46 236757 8198853
06:31:46 -1 -1
06:32:46 -1 -1
06:33:47 130976 28200
06:34:47 -1 -1
06:35:47 166530 10966
06:36:48 23735 2725
06:37:48 1836 745
06:38:48 96176 6079
06:39:49 3106 1246
06:40:49 -1 -1
06:41:49 -1 -1
06:42:50 -1 -1
06:43:50 286036 22605
06:44:50 119336 12042
06:45:51 -1 -1
06:46:51 3148 5543
06:47:51 53844 6556
06:48:52 26709 3366
06:49:52 242263 11249861
06:50:52 26847 1892
06:51:53 34814 18952
06:52:54 -1 -1
06:53:53 14513 5893
06:54:54 9026 3379
06:55:54 -1 -1
06:56:55 3750 1121
06:57:55 -1 -1
06:58:55 9957 8658
06:59:56 19004 6041
07:00:56 91479 6868
07:01:56 -1 -1
07:02:56 -1 -1
07:03:57 455189 63742
07:04:57 41741 2692
07:05:58 155579 12040
07:06:58 21037 1284
07:07:58 -1 -1
07:08:59 4521 2629
07:09:59 32225 14102
07:11:00 48047 8891
07:11:59 -1 -1
07:13:00 213807 14828
07:14:00 41175 25034
07:15:01 24012 2200
07:16:01 681282 45610
07:17:01 -1 -1
07:18:02 211983 11234
07:19:02 -1 -1
07:20:02 -1 -1
07:21:03 258512 19514
07:22:03 27606 10599
07:23:03 -1 -1
07:24:03 24046 8563
07:25:04 3074 872
07:26:04 -1 -1
07:27:05 -1 -1
07:28:05 68529 7278
07:29:05 19074 6943
07:30:06 14017 3699
07:31:06 -1 -1
07:32:06 75271 17537
07:33:07 48607 8370
07:34:07 97030 11270
07:35:07 -1 -1
07:36:08 33308 7181
07:37:08 283290 10006
07:38:08 -1 -1
07:39:09 33520 5753
07:40:09 12737 3228
07:41:09 -1 -1
07:42:10 -1 -1
07:43:10 -1 -1
07:44:10 32361 6505
07:45:11 -1 -1
07:46:11 109120 9054
07:47:11 45566 3409
07:48:12 -1 -1
07:49:12 12074 2427
07:50:12 30417 9313
07:51:13 42566 4659
07:52:13 40732 3413
07:53:13 3730 2350
07:54:13 -1 -1
07:55:14 282261 24228
07:56:14 91559 47636
07:57:14 -1 -1
07:58:15 45619 7307
07:59:15 -1 -1
08:00:15 -1 -1
08:01:16 53047 4936
08:02:16 -1 -1
08:03:17 35492 9550
08:04:17 39037 9774
08:05:17 1064733 65954
08:06:17 -1 -1
08:07:21 394611 22910
08:08:18 -1 -1
08:09:18 37575 2320
08:10:18 71724 9449
08:11:19 22650 2981
08:12:19 89132 11952
08:13:19 134045 35633
08:14:20 169398 25801
08:15:21 28107 3818
08:16:20 -1 -1
08:17:21 -1 -1
08:18:21 36541 5461
08:19:21 50922 14886
08:20:22 17246 5455
08:21:22 -1 -1
08:22:22 -1 -1
08:23:24 -1 -1
08:24:24 21567 8058
08:25:24 54177 4962
08:26:25 34012 1386
08:27:24 101607 15338
08:28:25 119536 40619
08:29:25 39517 5271
08:30:25 425092 35085
08:31:26 911937 35230
08:32:26 151418 4466
08:33:26 -1 -1
08:34:27 12005 3253
08:35:27 -1 -1
08:36:27 101344 11856
08:37:28 -1 -1
08:38:28 5158 4314
08:39:28 34951 4501
08:40:29 20357 1597
08:41:29 398785 19213
08:42:30 -1 -1
08:43:30 212093 19887
08:44:30 -1 -1
08:45:31 329325 14884
08:46:31 -1 -1
08:47:31 -1 -1
08:48:32 16779 4837
08:49:32 32185 2927
08:50:32 97765 42619
08:51:33 346743 12929
08:52:33 94252 14839
08:53:33 -1 -1
08:54:33 3031 2038
08:55:35 31321 3239
08:56:35 -1 -1
08:57:35 49773 6889
08:58:36 6212 601
08:59:36 228010 9759
09:00:37 -1 -1
09:01:37 -1 -1
09:02:37 -1 -1
09:03:37 -1 -1
09:04:37 27755 13965
09:05:38 -1 -1
09:06:38 57604 10220
09:07:38 67688 10833
09:08:39 -1 -1
09:09:39 -1 -1
09:10:42 83943 19616
09:11:39 -1 -1
09:12:40 -1 -1
09:13:40 136384 14865
09:14:40 12934 4524
09:15:40 95458 7768
09:16:41 27895 6354
09:17:41 42632 3169
09:18:42 -1 -1
09:19:42 37858 5886
09:20:42 12318 3365
09:21:42 -1 -1
09:22:43 107476 32943
09:23:43 -1 -1
09:24:43 66414 11079
09:25:43 -1 -1
09:26:44 305871 31400
09:27:44 -1 -1
09:28:44 -1 -1
09:29:44 3587 1821
09:30:45 21836 2401
09:31:45 -1 -1
09:32:46 -1 -1
09:33:46 216963 10835
09:34:46 -1 -1
09:35:46 67984 14488
09:36:47 114472 13776
09:37:47 622249 21833
09:38:48 208440 12072
09:39:48 -1 -1
09:40:49 -1 -1
09:41:52 339397 25539
09:42:49 -1 -1
09:43:49 277518 16704
09:44:49 20709 5605
09:45:50 72202 6959
09:46:50 195158 35683
09:47:50 182828 15216
09:48:50 -1 -1
09:49:51 204541 8656
09:50:51 18748 10549
09:51:51 170427 18926
09:52:51 232341 14041
09:53:52 100737 20449
09:54:52 215399 18434
09:55:52 162396 20565
09:56:52 -1 -1
09:57:53 -1 -1
09:58:53 -1 -1
09:59:53 90592 5924
10:00:53 -1 -1
10:01:54 311655 12959
10:02:54 89175 18705
10:03:54 665878 67540
10:04:54 133945 37008
10:05:54 117563 39490
10:06:55 38859 5948
10:07:55 311639 20588
10:08:55 -1 -1
10:09:56 165523 95668
10:10:56 -1 -1
10:11:56 140812 21220
10:12:56 -1 -1
10:13:57 -1 -1
10:14:58 49199 24515
10:15:57 -1 -1
10:16:57 207697 10517
10:17:58 787082 35738
10:18:58 -1 -1
10:19:58 31077 3541
10:20:59 186194 21303
10:22:03 110024 7885
10:23:04 184532 10744
10:24:01 106920 46584
10:25:02 -1 -1
10:26:02 -1 -1
10:27:03 147314 24532
10:28:03 529696 9469
10:29:04 -1 -1
10:30:04 117188 13372
10:31:04 -1 -1
10:32:05 -1 -1
10:33:05 -1 -1
10:34:05 49144 22229
10:35:05 -1 -1
10:36:05 311795 11610
10:37:06 722219 47642
10:38:06 276609 42806
10:39:07 67899 9384
10:40:08 113463 13749
10:41:08 -1 -1
10:42:08 140568 12423
10:43:09 21756 7425
10:44:09 469514 18085
10:45:09 -1 -1
10:46:10 -1 -1
10:47:10 124617 16262
10:48:10 -1 -1
10:49:11 10117 2971
10:50:11 -1 -1
10:51:11 -1 -1
10:52:12 92968 10312
10:53:12 -1 -1
10:54:12 429197 16357
10:55:13 6084 11627
10:56:14 76879 11090
10:57:15 271699 68329
10:58:16 39887 6927
10:59:16 170892 14971
11:00:16 497114 24466
11:01:16 34578 5022
11:02:17 94645 11792
11:03:17 -1 -1
11:04:18 29870 3873
11:05:18 -1 -1
11:06:18 17767 3326
11:07:19 247175 5617
11:08:19 8367 1534
11:09:19 22523 1768
11:10:19 -1 -1
11:11:20 19657 2610
11:12:20 -1 -1
11:13:20 -1 -1
11:14:21 48290 3350
11:15:22 96652 38284
11:16:22 -1 -1
11:17:23 302462 17739
11:18:23 80269 25066
11:19:23 192590 11585
11:20:24 -1 -1
11:21:24 -1 -1
11:22:25 363469 279594
11:23:25 135899 16855
11:24:25 80310 15486
11:25:25 298974 17713
11:26:25 151170 13002
11:27:26 -1 -1
11:28:26 158471 23941
11:29:26 253428 21949
11:30:26 -1 -1
11:31:27 207954 54513
11:32:27 -1 -1
11:33:27 -1 -1
11:34:28 -1 -1
11:35:29 5726 4164
11:36:33 148984 12529
11:37:30 3112 1307
11:38:30 -1 -1
11:39:30 -1 -1
11:40:31 109805 11933
11:41:31 -1 -1
11:42:34 293548 15378
11:43:31 9323 1174
11:44:32 38593 7003
11:45:33 210815 18109
11:46:34 166929 12640
11:47:34 156924 12317
11:48:34 -1 -1
11:49:34 56766 4323
11:50:34 48186 10774
11:51:35 57241 8565
11:52:35 73129 16314
11:53:35 -1 -1
11:54:36 1063060 46206
11:55:36 45165 6656
11:56:36 14688 2538
11:57:37 153088 8482
11:58:37 -1 -1
11:59:37 110425 53394
12:00:37 56414 13697
12:01:38 -1 -1
12:02:38 -1 -1
12:03:38 -1 -1
12:04:38 172139 10488
12:05:39 4561 2968
12:06:40 -1 -1
12:07:40 5439 2598
12:08:40 191090 10268
12:09:41 4453 5347
12:10:42 107640 40711
12:11:42 -1 -1
12:12:42 -1 -1
12:13:42 27731 17955
12:14:43 -1 -1
12:15:43 116152 6044
12:16:44 44296 7877
12:17:44 73039 12422
12:18:45 37055 41065
12:19:45 -1 -1
12:20:46 37320 3418
12:21:46 22511 7336
12:22:46 25177 1676
12:23:46 -1 -1
12:24:47 356 666
12:25:47 5025 1512
12:26:47 14130 2069
12:27:48 70739 16999
12:28:48 -1 -1
12:29:48 57304 3438
12:30:48 119333 18854
12:31:49 60065 9491
12:32:49 130466 11918
12:33:49 91371 23499
12:34:49 151561 13690
12:35:50 123699 23809
12:36:50 104332 15658
12:37:50 82758 11655
12:38:50 295532 20748
12:39:51 230276 50063
12:40:51 15756 2664
12:41:51 -1 -1
12:42:51 -1 -1
12:43:51 67460 49113
12:44:52 26300 2651
12:45:52 177804 23231
12:46:52 213007 9439
12:47:52 43206 33342
12:48:52 73788 15536
12:49:52 8081 3036
12:50:53 32852 8820
12:51:53 -1 -1
12:52:53 -1 -1
12:53:53 -1 -1
12:54:54 -1 -1
12:55:54 105328 7740
12:56:54 15541 3044
12:57:55 138524 29340
12:58:55 46554 9152
12:59:55 21834 6892
13:00:55 12029 2617
13:01:56 255454 18143
13:02:56 -1 -1
13:03:56 -1 -1
13:04:56 -1 -1
13:05:57 -1 -1
13:06:57 113909 49497
13:07:57 111421 81680
13:08:57 -1 -1
13:09:57 19819 14008
13:10:57 -1 -1
13:11:58 -1 -1
13:12:58 -1 -1
13:13:58 -1 -1
13:14:58 -1 -1
13:15:59 319423 40488
13:16:59 84732 3796
13:17:59 -1 -1
13:18:59 12937 3350
13:19:59 42716 17710
13:21:00 -1 -1
13:22:00 -1 -1
13:23:00 194388 37323
13:24:01 40512 2395
13:25:01 72002 44194
13:26:02 520958 26913
13:27:02 394743 28204
13:28:02 146056 29691
13:29:02 79079 11000
13:30:02 -1 -1
13:31:02 -1 -1
13:32:03 148430 47749
13:33:03 -1 -1
13:34:04 52518 8804
13:35:04 15275 7690
13:36:04 -1 -1
13:37:05 377386 28501
13:38:05 33984 3462
13:39:05 -1 -1
13:40:05 6917 2748
13:41:06 57503 10272
13:42:06 109686 21149
13:43:07 439351 18709
13:44:07 221756 16983
13:45:07 47047 9426
13:46:07 -1 -1
13:47:09 83619 7345
13:48:09 16740 1743
13:49:09 38653 5382
13:50:09 -1 -1
13:51:10 189981 18684
13:52:11 43336 11493
13:53:12 229237 17127
13:54:12 -1 -1
13:55:12 34902 18844
13:56:12 62694 16619
13:57:12 -1 -1
13:58:12 784103 64581
13:59:13 46280 4824
14:00:13 -1 -1
14:01:13 180626 47537
14:02:34 454798 24989
14:03:14 -1 -1
14:04:14 80202 9103
14:05:14 32488 7346
14:06:14 22215 7398
14:07:15 27631 11586
14:08:15 1063763 39451
14:09:16 88413 16009
14:10:16 239614 57209
14:11:16 -1 -1
14:12:17 363502 131686
14:13:17 120366 41193
14:14:17 -1 -1
14:15:17 22925 8122
14:16:18 -1 -1
14:17:18 186448 14451
14:18:18 -1 -1
14:19:18 282702 66142
14:20:19 37783 17043
14:21:19 3571 5586
14:22:19 24728 8187
14:23:19 116451 21093
14:24:20 90555 13315
14:25:21 185623 60166
14:26:21 439035 44915
14:27:22 256773 35650
14:28:22 229565 53437
14:29:22 62677 10185
14:30:22 633799 31353
14:31:23 11956 12418
14:32:23 -1 -1
14:33:23 149890 24193
14:34:24 174228 17577
14:35:25 208919 10745
14:36:25 -1 -1
14:37:25 52819 20529
14:38:26 193214 19748
14:39:26 48579 14127
14:40:26 -1 -1
14:41:27 285482 41868
14:42:27 -1 -1
14:43:27 7668 8329
14:44:29 -1 -1
14:45:29 81786 13072
14:46:32 27865 7817
14:47:29 42475 12380
14:48:30 278464 37823
14:49:30 -1 -1
14:50:30 -1 -1
14:51:31 -1 -1
14:52:31 45681 5534
14:53:31 45271 12822
14:54:31 57312 16827
14:55:33 26872 6443
14:56:32 244253 23808
14:57:32 24378 6892
14:58:33 123720 35647
14:59:36 106152 38627
15:00:33 -1 -1
15:01:33 76444 7605
15:02:33 144770 24119
15:03:34 172545 32313
15:04:34 125500 40958
15:05:34 70127 11526
15:06:34 190076 20876
15:07:35 7375 3404
15:08:35 216008 29956
15:09:35 -1 -1
15:10:35 76595 42638
15:11:36 47691 6236
15:12:37 529264 55852
15:13:40 250041 47573
15:14:37 20503 8056
15:15:38 -1 -1
15:16:38 142282 14822
15:17:38 890152 44355
15:18:38 -1 -1
15:19:38 402456 15952
15:20:39 143770 13637
15:21:39 -1 -1
15:22:42 471524 54342
15:23:40 139256 8314
15:24:39 20581 1863
15:25:40 -1 -1
15:26:40 27580 5065
15:27:40 89540 5829
15:28:40 665701 23092
15:29:41 236967 10023
15:30:41 566951 20535
15:31:41 93775 6741
15:32:42 44683 6691
15:33:42 146929 22473
15:34:43 12828 4863
15:35:42 18857 2955
15:36:43 99384 28103
15:37:43 -1 -1
15:38:43 -1 -1
15:39:43 164301 20514
15:40:43 111317 7271
15:41:44 154476 54053
15:42:44 257230 15384
15:43:44 -1 -1
15:44:44 16656 2580
15:45:44 446188 26433
15:46:45 20254 952
15:47:45 10040 1800
15:48:45 -1 -1
15:49:46 1003641 58672
15:50:46 72972 15595
15:51:46 9739 2233
15:52:47 47777 6280
15:53:47 120154 11630
15:54:47 49290 2688
15:55:52 445422 90755
15:56:48 -1 -1
15:57:51 434062 21955
15:58:48 41772 6498
15:59:48 -1 -1
16:00:48 116357 9754
16:01:48 1893 2161
16:02:49 -1 -1
16:03:49 23939 1696
16:04:49 -1 -1
16:05:50 160740 12392
16:06:50 49147 7584
16:07:53 232753 13414
16:08:50 -1 -1
16:09:50 397754 47515
16:10:50 -1 -1
16:11:51 74314 5724
16:12:51 52838 3850
16:13:52 347647 16319
16:14:52 133591 15013
16:15:52 16479 4158
16:16:52 -1 -1
16:17:55 104063 17298
16:18:53 170334 137362
16:19:53 84944 13720
16:20:53 -1 -1
16:21:53 96425 41511
16:22:53 554493 97411
16:23:54 54085 3904
16:24:54 -1 -1
16:25:54 346634 54720
16:26:54 -1 -1
16:27:55 884707 34615
16:28:55 115083 43328
16:29:55 101209 5033
16:30:55 51460 151090
16:31:55 -1 -1
16:32:56 -1 -1
16:33:57 56741 8624
16:34:57 -1 -1
16:35:57 -1 -1
16:36:58 67701 5725
16:37:57 670613 30403
16:38:58 80067 16293
16:39:58 92451 19838
16:40:58 -1 -1
16:41:59 79220 24566
16:42:59 287443 9635
16:43:59 312204 12293
16:44:59 57981 15247
16:45:59 14444 15911
16:47:00 -1 -1
16:48:00 27823 23884
16:49:00 11903 1568
16:50:00 41258 6396
16:51:00 141418 8472
16:52:00 45119 40496
16:53:01 -1 -1
16:54:02 100526 8535
16:55:02 -1 -1
16:56:03 63292 6530
16:57:03 -1 -1
16:58:03 174867 9481
16:59:03 6601 4002
17:00:04 -1 -1
17:01:04 -1 -1
17:02:04 78978 11485
17:03:04 49090 8352
17:04:05 1074619 41594
17:05:06 501347 23556
17:06:06 14070 4011
17:07:06 224953 15027
17:08:06 288099 15523
17:09:06 -1 -1
17:10:06 -1 -1
17:11:07 -1 -1
17:12:07 -1 -1
17:13:07 -1 -1
17:14:08 -1 -1
17:15:08 -1 -1
17:16:08 9912 685
17:17:08 76620 10198
17:18:08 385569 73070
17:19:08 14368 3243
17:20:09 -1 -1
17:21:09 164286 14887
17:22:10 61146 4684
17:23:10 -1 -1
17:24:10 59416 4291
17:25:10 399739 25365
17:26:11 248238 56499
17:27:11 -1 -1
17:28:11 -1 -1
17:29:11 4544 1122
17:30:15 153417 49425
17:31:12 -1 -1
17:32:12 -1 -1
17:33:13 -1 -1
17:34:13 441237 23914
17:35:14 666397 30029
17:36:14 40817 3306
17:37:14 83430 4594
17:38:14 -1 -1
17:39:15 71511 21937
17:40:15 47019 3245
17:41:15 76165 11149
17:42:16 22388 4532
17:43:16 -1 -1
17:44:17 35180 6871
17:45:17 9423 1988
17:46:17 -1 -1
17:47:18 -1 -1
17:48:18 855526 59414
17:49:18 -1 -1
17:50:19 190414 30071
17:51:19 -1 -1
17:52:19 -1 -1
17:53:19 -1 -1
17:54:20 14821 4286
17:55:20 11191 1818
17:56:20 206722 24511
17:57:20 -1 -1
17:58:20 1816 1016
17:59:21 63253 9489
18:00:21 -1 -1
18:01:21 -1 -1
18:02:21 -1 -1
18:03:22 32166 3500
18:04:22 155629 121318
18:05:22 38317 12552
18:06:22 -1 -1
18:07:22 171925 202806
18:08:23 -1 -1
18:09:23 59406 20821
18:10:24 41364 18978
18:11:23 95302 18807
18:12:24 19470 1768
18:13:24 -1 -1
18:14:24 27097 8266
18:15:27 5465 366
18:16:25 62977 3252
18:17:25 -1 -1
18:18:25 -1 -1
18:19:26 -1 -1
18:20:26 57761 6203
18:21:26 47432 12060
18:22:27 -1 -1
18:23:27 351423 24558
18:24:27 107846 78496
18:25:27 -1 -1
18:26:28 102890 12388
18:27:28 27520 8307
18:28:28 -1 -1
18:29:29 136769 25030
18:30:29 125260 22639
18:31:30 -1 -1
18:32:30 -1 -1
18:33:31 -1 -1
18:34:31 22458 3937
18:35:32 33186 5876
18:36:31 -1 -1
18:37:32 58910 4139
18:38:32 7582 2604
18:39:32 -1 -1
18:40:33 -1 -1
18:41:33 42288 4292
18:42:33 -1 -1
18:43:33 59227 9785
18:44:34 52517 10414
18:45:34 -1 -1
18:46:34 -1 -1
18:47:34 -1 -1
18:48:34 1065300 36718
18:49:35 103357 15267
18:50:35 102313 14479
18:51:35 29523 4198
18:52:35 -1 -1
18:53:36 -1 -1
18:54:37 -1 -1
18:55:38 24108 840
18:56:37 23607 5816
18:57:38 -1 -1
18:58:38 3309 990
18:59:38 3262 4130
19:00:38 59934 3910
19:01:38 32772 8321
19:02:38 15253 1949
19:03:39 -1 -1
19:04:39 120422 6485
19:05:40 22033 2790
19:06:39 4572 1522
19:07:40 28754 3569
19:08:40 12022 2839
19:09:40 87068 15684
19:10:40 55752 4784
19:11:41 13328 7739
19:12:41 154768 10197
19:13:41 101955 4458
19:14:42 -1 -1
19:15:42 184223 21637
19:16:42 -1 -1
19:17:42 -1 -1
19:18:42 -1 -1
19:19:42 -1 -1
19:20:46 409028 16828
19:21:43 42028 3703
19:22:43 157910 16001
19:23:43 -1 -1
19:24:44 -1 -1
19:25:44 119693 13811
19:26:44 115033 4270
19:27:44 -1 -1
19:28:44 -1 -1
19:29:45 -1 -1
19:30:45 46012 12128
19:31:45 -1 -1
19:32:45 -1 -1
19:33:46 81503 3801
19:34:48 -1 -1
19:35:48 117033 7096
19:36:47 -1 -1
19:37:48 62186 8420
19:38:48 -1 -1
19:39:48 -1 -1
19:40:48 -1 -1
19:41:49 424762 40711
19:42:49 86239 7938
19:43:49 -1 -1
19:44:49 16374 4166
19:45:49 806942 63498
19:46:50 -1 -1
19:47:50 -1 -1
19:48:50 96756 15273
19:49:50 -1 -1
19:50:50 128584 34955
19:51:51 80978 4889
19:52:51 -1 -1
19:53:51 60747 13396
19:54:51 -1 -1
19:55:51 -1 -1
19:56:51 35879 5156
19:57:52 77166 7454
19:58:52 -1 -1
19:59:52 43837 6730
20:00:53 -1 -1
20:01:53 138645 10566
20:02:53 13369 2493
20:03:53 -1 -1
20:04:53 7200 4720
20:05:54 8874 2030
20:06:54 74446 22800
20:07:54 22293 4709
20:08:54 2342 1366
20:09:55 -1 -1
20:10:55 166073 60414
20:11:55 -1 -1
20:12:55 46398 2659
20:13:55 -1 -1
20:14:56 52889 5436
20:15:56 68459 16035
20:16:56 8571 3087
20:17:59 62114 20424
20:18:56 107587 21028
20:19:57 13518 11558
20:20:57 52543 7937
20:21:57 109399 13393
20:22:57 -1 -1
20:23:58 -1 -1
20:24:58 2964 1429
20:25:58 47383 6017
20:26:59 -1 -1
20:27:59 123990 45456
20:28:59 158070 47111
20:29:59 -1 -1
20:30:59 -1 -1
20:32:00 8663 9892
20:33:00 13480 726
20:34:00 -1 -1
20:35:04 99930 40206
20:36:00 7745 2215
20:37:00 130952 21147
20:38:01 -1 -1
20:39:01 -1 -1
20:40:01 -1 -1
20:41:01 58012 15112
20:42:02 106986 62141
20:43:02 16371 3134
20:44:02 -1 -1
20:45:02 174 796
20:46:02 -1 -1
20:47:03 -1 -1
20:48:03 624393 31882
20:49:03 44728 5656
20:50:03 -1 -1
20:51:04 5996 7788
20:52:04 6596 4315
20:53:04 9970 3803
20:54:04 25390 12347
20:55:04 -1 -1
20:56:04 90624 44768
20:57:05 36475 5260
20:58:05 -1 -1
20:59:05 161868 10390
21:00:05 278151 9349
21:01:06 334777 21144
21:02:06 144019 34320
21:03:06 -1 -1
21:04:06 -1 -1
21:05:06 -1 -1
21:06:07 13352 2651
21:07:07 -1 -1
21:08:07 234897 14857
21:09:07 319393 13212
21:10:08 31658 299055
21:11:08 -1 -1
21:12:08 16831 13836
21:13:08 -1 -1
21:14:08 98762 10692
21:15:10 100451 67110
21:16:08 -1 -1
21:17:09 -1 -1
21:18:09 -1 -1
21:19:09 192819 65011
21:20:10 -1 -1
21:21:10 113012 43460
21:22:10 -1 -1
21:23:10 80606 12198
21:24:11 -1 -1
21:25:11 -1 -1
21:26:11 -1 -1
21:27:11 -1 -1
21:28:11 -1 -1
21:29:12 2695 654
21:30:12 4014 6769
21:31:12 98552 51593
21:32:12 -1 -1
21:33:13 -1 -1
21:34:14 -1 -1
21:35:15 91578 40374
21:36:15 -1 -1
21:37:14 170891 44743
21:38:14 10003 6853
21:39:14 43041 6561
21:40:14 48824 3889
21:41:14 36517 4341
21:42:15 63001 4581
21:43:15 -1 -1
21:44:15 55683 4993
21:45:15 319349 23054
21:46:15 80242 12839
21:47:16 212256 33172
21:48:17 161923 11184
21:49:16 -1 -1
21:50:16 -1 -1
21:51:17 204240 11997
21:52:17 750 1433
21:53:17 -1 -1
21:54:17 77322 45697
21:55:18 4294 1707
21:56:18 -1 -1
21:57:18 59438 3391
21:58:18 28024 4988
21:59:19 23191 9355
22:00:19 7604 3350
22:01:19 -1 -1
22:02:19 38948 7144
22:03:20 53469 11911
22:04:20 -1 -1
22:05:20 3961 3577
22:06:21 318116 28323
22:07:21 145090 36533
22:08:21 8380 2738
22:09:21 152865 23750
22:10:21 -1 -1
22:11:22 92439 15229
22:12:22 116589 12919
22:13:22 93391 8781
22:14:24 -1 -1
22:15:24 -1 -1
22:16:23 86660 10709
22:17:23 3606 3259
22:18:23 449029 19205
22:19:24 69218 42052
22:20:24 181712 12445
22:21:24 -1 -1
22:22:24 15045 4422
22:23:25 239991 20701
22:24:25 94196 11596
22:25:25 161672 24171
22:26:25 140841 71932
22:27:26 -1 -1
22:28:26 4467 3285
22:29:26 -1 -1
22:30:26 59933 7798
22:31:27 23574 2070
22:32:27 11224 8270
22:33:27 128095 69197
22:34:27 -1 -1
22:35:28 43888 31764
22:36:28 64809 16620
22:37:28 37479 14672
22:38:28 -1 -1
22:39:29 -1 -1
22:40:29 -1 -1
22:41:29 -1 -1
22:42:30 -1 -1
22:43:30 183393 13912
22:44:30 53969 13166
22:45:30 -1 -1
22:46:31 -1 -1
22:47:31 161026 29873
22:48:31 80288 12895
22:49:31 330770 48661
22:50:32 43283 10100
22:51:32 273038 108388
22:52:32 -1 -1
22:53:32 570292 54363
22:54:34 154215 17903
22:55:33 43544 26830
22:56:33 14311 14036
22:57:33 -1 -1
22:58:34 -1 -1
22:59:34 257268 81688
23:00:34 44869 21656
23:01:35 6026 7787
23:02:35 12825 6680
23:03:35 160656 44715
23:04:35 -1 -1
23:05:35 -1 -1
23:06:36 290246 26707
23:07:36 5887 2863
23:08:36 32909 8792
23:09:37 -1 -1
23:10:37 69524 20030
23:11:37 66605 28480
23:12:37 46151 23848
23:13:38 5461 7897
23:14:38 65627 15754
23:15:38 82357 27116
23:16:38 37635 21703
23:17:39 -1 -1
23:18:39 108205 31068
23:19:39 -1 -1
23:20:40 122796 31300
23:21:40 -1 -1
23:22:40 -1 -1
23:23:40 -1 -1
23:24:40 -1 -1
23:25:41 182665 30081
23:26:41 316799 20060
23:27:41 -1 -1
23:28:41 111212 27243
23:29:42 129137 13278
23:30:42 111161 28991
23:31:42 21761 10786
23:32:43 91180 28473
23:33:43 -1 -1
23:34:44 45244 20336
23:35:46 -1 -1
23:36:44 -1 -1
23:37:44 84228 19198
23:38:44 10785 12902
23:39:45 -1 -1
23:40:45 -1 -1
23:41:45 34637 8285
23:42:45 66190 21299
23:43:49 56660 13859
23:44:46 17403 26486
23:45:46 -1 -1
23:46:47 51782 13997
23:47:47 10557 13061
23:48:48 89327 28458
23:49:49 49122 19674
23:50:50 135410 16751
23:51:50 115899 13869
23:52:50 -1 -1
23:53:51 -1 -1
23:54:53 73720 63180
23:55:52 22057 19722
23:56:52 65704 14164
23:57:53 390289 42365
23:58:54 -1 -1
23:59:53 -1 -1
