00:00:58 118632 8191
00:02:34 95927 23657
00:03:19 121593 149913
00:04:03 163039 13496
00:05:01 129824 19435
00:06:04 79313 11665
00:07:17 137254 70617
00:08:17 46335 8363
02:00:06 93352 53048
02:01:07 111037 314562
02:02:07 116503 7076
02:03:08 110314 5850
02:04:07 -1 -1
02:05:09 64849 37255
02:06:09 125649 15037
02:07:09 73228 103905
02:08:10 153952 97330
02:09:10 65802 86576
02:10:11 110018 20619
02:11:11 31376 7442
02:12:12 88712 28274
02:13:12 49062 307667
02:14:12 61578 12572
02:15:13 64748 20618
02:16:13 23437 43042
02:17:13 36583 7318
02:18:14 60393 13843
02:19:15 64931 17078
02:20:15 94650 13358
02:21:15 139420 30390
02:22:16 111305 8046
02:23:16 61518 9141
02:24:17 52463 6420
02:25:17 78709 6495
02:26:18 53869 8966
02:27:18 62093 10987
02:28:19 118800 12775
02:29:19 28225 17588
02:30:19 88333 19908
02:31:20 43861 9675
02:32:20 21889 9277
02:33:21 25235 10146
02:34:23 24952 4538
02:35:21 22845 11981
02:36:22 95999 24997
02:37:22 163238 41303
02:38:22 7127 4943
02:39:23 36555 5738
02:40:25 96314 27587
02:41:24 79838 111974
02:42:24 88095 69219
02:43:24 10790 7426
02:44:25 42206 4608
02:45:25 174118 334022
02:46:26 83660 14635
02:47:29 44329 9335
02:48:26 58769 23182
02:49:27 130137 15539
02:50:27 70477 9685
02:51:28 49855 10632
02:52:28 34715 5578
02:53:28 103673 8786
02:54:29 109961 11943
02:55:29 121514 11885
02:56:30 56851 16377
02:57:30 22325 8305
02:58:30 43640 12169
02:59:31 88983 10903
03:00:31 9739 32152
03:01:31 8438 7081
03:02:32 73623 12458
03:03:32 20920 13578
03:04:33 11083 4813
03:05:33 59773 7219
03:06:34 5829 4356
03:07:35 69755 10388
03:08:35 20662 6250
03:09:36 21826 10134
03:10:36 152533 10110
03:11:37 42567 9979
03:12:37 46975 6678
03:13:37 94003 15398
03:14:38 25329 6280
03:15:38 141917 19935
03:16:38 67351 11919
03:17:39 110938 50580
03:18:39 63171 6605
03:19:39 125403 10283
03:20:40 104426 14488
03:21:40 27233 5746
03:22:41 48728 40409
03:23:41 45402 13487
03:24:41 87807 6545
03:25:42 59869 9765
03:26:42 51545 4630
03:27:42 31815 6535
03:28:43 67457 11508
03:29:43 47428 11617
03:30:43 215027 25361
03:31:43 288919 34551
03:32:44 22640 10403
03:33:44 36019 4219
03:34:44 65168 14836
03:35:45 47196 10634
03:36:45 103386 7768
03:37:46 41791 3865
03:38:46 29242 7572
03:39:46 33556 5195
03:40:47 136098 13032
03:41:47 57265 15659
03:42:47 90418 14327
03:43:48 89650 12138
03:44:48 144263 10080
03:45:48 71163 9477
03:46:49 39411 8200
03:47:49 196114 20371
03:48:49 89555 13649
03:49:50 140026 24498
03:50:50 39713 6380
03:51:50 43288 8426
03:52:51 67580 18078
03:53:51 78793 57397
03:54:51 17361 3887
03:55:52 59287 6830
03:56:52 76530 7680
03:57:53 63001 6229
03:58:53 43320 14547
03:59:53 17103 4283
04:00:53 27034 4784
04:01:54 74724 9193
04:02:54 26153 6493
04:03:54 9914 4361
04:04:55 1154 1845
04:05:55 106691 14144
04:06:56 201074 17564
04:07:56 152855 19710
04:08:56 19188 3575
04:09:57 66103 10216
04:10:57 86637 10995
04:11:57 90111 12702
04:12:58 68130 10250
04:13:58 23755 8111
04:14:58 18386 6141
04:15:58 112722 12286
04:16:59 30847 6151
04:17:59 109301 14573
04:19:00 11592 3154
04:20:00 100296 126139
04:21:00 102338 8950
04:22:00 11569515 265522
04:23:01 651038 27441
04:24:01 71166 11732
04:25:01 38650 3335
04:26:02 218105 21383
04:27:02 26190 5760
04:28:04 82916 8485
04:29:03 40500 10488
04:30:03 43713 6752
04:31:04 158739 13115
04:32:04 41741 10241
04:33:04 44875 6140
04:34:05 1535409 45182
04:35:05 102416 12760
04:36:05 559033 41902
04:37:06 149067 150223
04:38:06 40624 6164
04:39:06 58941 4643
04:40:07 52128 5378
04:41:07 58165 136787
04:42:08 70655 21185
04:43:08 210773 10906
04:44:08 34989 3904
04:45:09 146647 13976
04:46:09 28700 10135
04:47:09 24098 4719
04:48:10 21186 6728
04:49:10 96169 17038
04:50:10 103197 10497
04:51:11 120639 31494
04:52:11 25777 4144
04:53:11 17736 3204
04:54:12 40314 26132
04:55:12 34877 9790
04:56:12 123226 47385
04:57:13 58371 53670
04:58:13 12299 3401
04:59:13 56254 9700
05:00:14 32408 4541
05:01:14 7566 6825
05:02:14 71538 8064
05:03:15 55148 10633
05:04:15 166484 13568
05:05:15 74041 5317
05:06:16 22334 3653
05:07:16 110391 9252
05:08:17 7744 3897
05:09:17 100605 62922
05:10:17 33048 3932
05:11:18 41663 27420
05:12:18 21570 12189
05:13:18 15490 15389
05:14:19 37078 20862
05:15:19 89961 14940
05:16:19 35896 5332
05:17:20 47929 33285
05:18:20 60347 7439
05:19:20 15957 31899
05:20:21 121975 21854
05:21:21 26830 5841
05:22:21 59709 7812
05:23:22 99053 7160
05:24:22 95107 8482
05:25:23 64028 7812
05:26:23 50118 4330
05:27:23 43081 32923
05:28:23 65596 9481
05:29:24 15209 9399
05:30:24 38880 10707
05:31:24 48369 11573
05:32:25 55801 13198
05:33:25 66241 8045
05:34:26 88335 12343
05:35:26 225385 14449
05:36:26 130018 13876
05:37:27 103857 93395
05:38:27 33004 5527
05:39:27 54676 44690
05:40:27 44626 6872
05:41:28 79551 19242
05:42:28 142863 84765
05:43:29 118754 31247
05:44:29 161280 14867
05:45:29 23558 11266
05:46:30 69237 7611
05:47:30 24995 7075
05:48:30 205967 43963
05:49:31 97015 14027
05:50:31 29897 2718
05:51:31 3926 3482
05:52:32 215044 96378
05:53:32 58240 7152
05:54:32 126549 9851
05:55:33 155818 66350
05:56:33 73862 10373
05:57:33 107718 13349
05:58:34 44567 7978
05:59:34 132659 9917
06:00:35 115469 54029
06:01:35 52540 7373
06:02:36 95869 9907
06:03:36 108114 66572
06:04:36 729590 47892
06:05:37 121153 20045
06:06:37 68739 5229
06:07:38 50715 9386
06:08:38 45265 6902
06:09:38 39557 168717
06:10:39 221429 22134
06:11:39 84206 116460
06:12:39 6129 3557
06:13:40 119510 16092
06:14:40 62239 14070
06:15:40 100724 27068
06:16:41 31577 5884
06:17:41 121005 8589
06:18:42 112627 24416
06:19:42 81797 55202
06:20:42 188847 16269
06:21:43 56604 215385
06:22:43 32300 43839
06:23:43 13596 9224
06:24:44 80931 18088
06:25:44 31635 6796
06:26:44 92521 9284
06:27:45 77854 13148
06:28:45 66761 10117
06:29:45 82301 17407
06:30:46 63307 9258
06:31:46 75640 11487
06:32:46 146633 13570
06:33:47 69350 7494
06:34:47 57307 9364
06:35:47 421345 22048
06:36:48 12472 3175
06:37:48 34248 6215
06:38:48 78980 17406
06:39:49 30492 8088
06:40:49 76460 12867
06:41:49 40155 10128
06:42:50 52833 48219
06:43:50 255317 33976
06:44:50 115760 191941
06:45:51 66155 8478
06:46:51 46740 8119
06:47:51 56254 11070
06:48:52 25394 11248
06:49:52 77156 10868
06:50:52 37948 8396
06:51:53 47552 6226
06:52:53 178431 13237
06:53:53 22882 7595
06:54:54 66476 62631
06:55:54 95800 9515
06:56:54 58260 9984
06:57:55 7221 2837
06:58:55 96819 10657
06:59:55 44301 16081
07:00:56 68186 7071
07:01:56 80733 11943
07:02:56 115625 13054
07:03:57 24029 3544
07:04:57 46055 3706
07:05:57 16945 9408
07:06:58 38502 7319
07:07:58 66623 70816
07:08:58 21667 7638
07:09:59 44002 8968
07:10:59 73374 12538
07:11:59 99847 14431
07:13:00 86955 218414
07:14:00 75611 11331
07:15:00 33696 10440
07:16:01 70645 9161
07:17:01 145681 94614
07:18:01 166334 14633
07:19:02 40599 6648
07:20:02 95373 9372
07:21:02 38517 8833
07:22:03 83627 7986
07:23:03 33745 4273
07:24:04 71899 8782
07:25:04 77872 8125
07:26:04 12899 5210
07:27:05 87670 12554
07:28:05 68179 13559
07:29:05 92096 13971
07:30:05 290298 22751
07:31:06 37505 12593
07:32:06 61872 191712
07:33:07 74486 21181
07:34:07 149644 12033
07:35:07 89204 76911
07:36:08 23999 6538
07:37:08 40222 3795
07:38:08 66670 11536
07:39:09 27676 5167
07:40:09 25194 9725
07:41:09 34394 7277
07:42:10 51006 8496
07:43:10 36406 8582
07:44:10 50266 7502
07:45:11 162607 145137
07:46:11 91477 13092
07:47:11 72046 9187
07:48:11 49666 9079
07:49:12 80097 13887
07:50:12 69491 9494
07:51:12 437392 37498
07:52:13 4636 4386
07:53:13 40018 3350
07:54:13 39251 8905
07:55:14 10519 7418
07:56:14 69811 10043
07:57:14 77928 8677
07:58:15 36605 6858
07:59:15 64507 114945
08:00:15 50042 22533
08:01:16 33038 69958
08:02:16 45957 49137
08:03:16 39961 5053
08:04:16 88480 14768
08:05:17 72698 91974
08:06:17 104620 11857
08:07:17 50935 3717
08:08:18 54834 9676
08:09:18 72430 9607
08:10:18 26004 13122
08:11:19 94027 8626
08:12:19 53542 9327
08:13:19 39926 7181
08:14:20 61799 13054
08:15:20 81707 14871
08:16:20 476884 34145
08:17:21 57299 8154
08:18:21 51642 14240
08:19:21 85706 7761
08:20:22 182116 16753
08:21:22 204637 14830
08:22:22 17706 31855
08:23:23 51649 8008
08:24:23 33839 8281
08:25:24 47775 6897
08:26:24 67503 4443
08:27:24 72627 109231
08:28:25 448165 26334
08:29:25 68195 53182
08:30:25 80883 9534
08:31:26 22676 113017
08:32:26 163499 102017
08:33:26 67559 11268
08:34:27 49794 13866
08:35:27 268882 14275
08:36:27 308709 19494
08:37:27 148883 9967
08:38:28 134499 16430
08:39:28 117301 14642
08:40:29 200573 122962
08:41:29 179343 11539
08:42:30 95285 9157
08:43:30 119433 214317
08:44:30 130837 8087
08:45:30 101049 7768
08:46:31 142065 20043
08:47:31 49613 17310
08:48:31 36490 5946
08:49:32 29421 7554
08:50:32 26581 9731
08:51:32 108496 10263
08:52:33 61459 722157
08:53:33 66824 10449
08:54:34 639160 32518
08:55:35 39524 331914
08:56:35 632612 29390
08:57:35 296652 22648
08:58:36 41926 9675
08:59:36 129185 50297
09:00:36 106774 37264
09:01:37 309373 16315
09:02:37 21575 6865
09:03:37 99770 5511
09:04:38 23344 5502
09:05:38 30379 4868
09:06:38 90056 9417
09:07:38 209561 21860
09:08:38 43156 8239
09:09:39 56851 11868
09:10:39 26157 7450
09:11:39 76334 8750
09:12:40 55701 6428
09:13:40 17217 9238
09:14:43 136859 9638
09:15:40 56993 10270
09:16:40 154883 10155
09:17:41 91737 18865
09:18:41 244855 23417
09:19:42 86845 9157
09:20:42 49337 13868
09:21:42 78813 25671
09:22:43 17737 3496
09:23:43 111127 12255
09:24:43 51579 4906
09:25:43 72949 9853
09:26:46 37462 12736
09:27:44 99687 20331
09:28:47 44155 12233
09:29:45 161862 16215
09:30:45 120989 11880
09:31:45 81614 16000
09:32:45 231633 13374
09:33:46 72016 18593
09:34:46 25219 5847
09:35:46 52849 8095
09:36:47 37491 9697
09:37:47 71444 10311
09:38:48 47377 12145
09:39:48 100296 46061
09:40:48 34550 3333
09:41:49 64888 8939
09:42:49 253659 43608
09:43:52 58810 18627
09:44:49 247748 14478
09:45:55 31247 5785
09:46:50 58602 10966
09:47:50 16081 6357
09:48:54 73471 9037
09:49:51 292322 17441
09:50:53 180137 109450
09:51:51 93372 9619
09:52:51 57905 10021
09:53:51 61471 36788
09:54:52 93224 9531
09:55:54 -1 -1
09:56:52 134179 23292
09:57:52 72891 20040
09:58:53 199074 10832
09:59:53 205781 70124
10:00:53 92994 26220
10:01:56 52037 30060
10:02:54 51313 11228
10:03:54 66960 9443
10:04:54 96214 27980
10:05:54 191996 15823
10:06:54 28346 8707
10:07:55 13525 9404
10:08:55 15108 4797
10:09:55 24663 8855
10:10:56 329093 474804
10:11:59 174452 14491
10:12:56 21194 8355
10:14:02 92618 8872
10:14:57 105948 13267
10:15:57 54080 8640
10:16:57 80010 22169
10:17:57 619177 27897
10:18:58 39122 8315
10:19:58 93425 12605
10:20:59 50798 7581
10:21:59 50361 781842
10:23:00 198794 444091
10:24:01 82570 10497
10:25:02 261376 19440
10:26:02 67122 9956
10:27:02 -1 -1
10:28:03 782085 36297
10:29:03 355263 48334
10:30:04 17361 8059
10:31:04 282087 42978
10:32:04 48567 8784
10:33:05 598951 22179
10:34:05 87041 10647
10:35:05 328352 16399
10:36:05 178148 26382
10:37:06 118126 8123
10:38:06 133646 9244
10:39:07 104575 17570
10:40:07 41038 10567
10:41:08 256887 25128
10:42:08 80977 15040
10:43:09 247303 22166
10:44:09 506203 38601
10:45:09 208148 15836
10:46:10 62174 6649
10:47:10 202840 15677
10:48:10 348248 39835
10:49:10 136433 11634
10:50:11 323541 25166
10:51:11 57406 12811
10:52:12 130847 313307
10:53:12 93832 25470
10:54:12 65153 14375
10:55:24 104375 12331
10:56:14 640308 135789
10:57:14 222339 20633
10:58:15 61216 8010
10:59:16 146604 12663
11:00:16 101051 15591
11:01:16 75040 15174
11:02:17 101624 8477
11:03:17 94248 11349
11:04:17 52274 5169
11:05:17 120422 9516
11:06:18 92976 233366
11:07:18 68377 121227
11:08:19 180989 184386
11:09:19 213351 17391
11:10:19 8522 6571
11:11:20 10368 3425
11:12:20 34055 9627
11:13:20 35977 25448
11:14:21 53485 48985
11:15:21 48784 9031
11:16:22 59022 5570
11:17:23 122070 13497
11:18:23 104684 26393
11:19:23 68209 14021
11:20:24 35707 9411
11:21:24 57299 15257
11:22:24 163059 29859
11:23:25 38589 72338
11:24:25 100033 13336
11:25:25 35289 8120
11:26:25 26324 17932
11:27:25 187775 19468
11:28:26 26528 4046
11:29:26 125066 6986
11:30:26 40258 8612
11:31:29 228372 11053
11:32:27 58012 9283
11:33:27 540493 19312
11:34:28 90804 11139
11:35:29 260138 55928
11:36:29 40415 12192
11:37:30 19786 8013
11:38:30 40713 7947
11:39:30 10347 10737
11:40:31 29506 14372
11:41:31 66149 120402
11:42:31 61929 67583
11:43:31 118510 75386
11:44:32 42209 99667
11:45:33 19945 74798
11:46:33 180689 289279
11:47:34 34581 72957
11:48:34 184338 94766
11:49:34 51822 23358
11:50:34 274426 24617
11:51:35 23880 4680
11:52:35 53050 9689
11:53:35 56806 6031
11:54:36 163868 18305
11:55:36 159846 23499
11:56:36 79874 7733
11:57:37 36640 18260
11:58:37 32391 21545
11:59:37 186958 150215
12:00:37 113128 6817
12:01:38 23244 6273
12:02:38 296166 26800
12:03:38 100223 8450
12:04:38 71725 6788
12:05:39 84174 7841
12:06:39 70923 15854
12:07:39 255835 25325
12:08:39 75223 6770
12:09:40 7010 7833
12:10:40 4968 5097
12:11:41 76535 9836
12:12:41 6538 7403
12:13:41 141436 277247
12:14:42 49817 7547
12:15:42 101039 406725
12:16:43 58535 4069
12:17:43 66646 15846
12:18:44 42728 3276
12:19:44 51523 6521
12:20:45 108789 9057
12:21:45 72303 9807
12:22:45 63089 10858
12:23:45 212024 19111
12:24:46 50358 12203
12:25:46 53240 31116
12:26:46 302457 13050
12:27:46 97688 6030
12:28:47 10990 4432
12:29:47 28747 5333
12:30:47 84966 21643
12:31:47 88307 9888
12:32:48 43246 21782
12:33:48 77327 7609
12:34:48 39509 7709
12:35:48 87592 18224
12:36:49 71002 5553
12:37:49 31363 3910
12:38:49 21952 2769
12:39:50 15580 8942
12:40:50 20823 2641
12:41:50 50629 10973
12:42:50 78848 14700
12:43:50 37447 9874
12:44:51 201827 22674
12:45:51 93221 12927
12:46:51 97105 15160
12:47:51 5620 5448
12:48:51 29920 8231
12:49:52 17530 9803
12:50:53 19379 3344
12:51:53 61229 8226
12:52:53 48425 11032
12:53:54 53716 9559
12:54:54 38423 5479
12:55:54 46468 4920
12:56:54 2634 1448
12:57:55 27326 5572
12:58:55 27837 7722
12:59:55 81872 8317
13:00:55 22423 8861
13:01:56 80002 13488
13:02:56 42263 11789
13:03:56 24651 6777
13:04:56 19622 4927
13:05:56 239650 23830
13:06:57 136690 20271
13:07:57 31410 12685
13:08:57 4598 4058
13:09:57 113299 9635
13:10:57 101187 7427
13:11:58 45725 7698
13:12:58 211498 16156
13:13:58 20681 4330
13:14:58 95187 17951
13:15:58 153534 11810
13:16:59 24960 6030
13:17:59 70785 8498
13:18:59 73707 10349
13:19:59 15641 7822
13:20:59 49239 8377
13:22:00 60596 11483
13:23:00 158508 31935
13:24:01 144068 14731
13:25:01 109433 11140
13:26:01 82501 13693
13:27:01 51636 5679
13:28:02 49421 14335
13:29:02 68865 9001
13:30:02 69717 5283
13:31:02 84568 9552
13:32:03 61820 16117
13:33:03 79291 17897
13:34:04 102689 14593
13:35:04 165038 18224
13:36:04 42164 11220
13:37:07 69755 22862
13:38:05 88378 8790
13:39:05 74907 21549
13:40:05 34860 5637
13:41:05 140291 12480
13:42:06 64426 8825
13:43:06 259105 25633
13:44:07 352782 18580
13:45:07 70767 10419
13:46:07 560506 20941
13:47:08 71261 18349
13:48:09 70857 12244
13:49:09 10161 8406
13:50:09 35578 4506
13:51:10 285814 22761
13:52:10 25451 10427
13:53:10 30887 16436
13:54:11 15002 4126
13:55:11 46499 12130
13:56:11 65658 15529
13:57:11 69837 7702
13:58:11 39441 49281
13:59:12 35857 18161
14:00:12 55948 355832
14:01:15 51129 12026
14:02:12 45900 6759
14:03:12 92243 22732
14:04:13 57819 4692
14:05:13 252244 14599
14:06:13 83523 11542
14:07:14 254732 155951
14:08:14 98829 12586
14:09:15 89148 6034
14:10:15 160128 13559
14:11:15 127687 15813
14:12:15 79918 8510
14:13:16 110463 19178
14:14:16 391695 15826
14:15:16 267442 13426
14:16:17 59721 15001
14:17:17 61855 22312
14:18:17 8513 4144
14:19:17 24074 10652
14:20:18 77102 7175
14:21:27 259837 13268
14:22:21 106198 158102
14:23:18 47077 13316
14:24:19 21373 2601
14:25:20 112941 12446
14:26:20 41025 18459
14:27:20 278545 16459
14:28:21 117278 15018
14:29:21 503368 18207
14:30:21 222362 22383
14:31:21 241865 23469
14:32:22 358800 26599
14:33:22 142450 9306
14:34:23 51259 10297
14:35:23 116544 13597
14:36:23 11640 4602
14:37:24 26417 5907
14:38:24 407702 54232
14:39:25 205980 27752
14:40:25 69905 6571
14:41:25 130199 13829
14:42:26 306021 15819
14:43:30 122950 31384
14:44:27 151999 21782
14:45:28 433622 51749
14:46:28 297621 142475
14:47:28 357859 23157
14:48:29 21879 16883
14:49:29 93500 13847
14:50:29 80404 13247
14:51:50 21777 2854
14:52:29 -1 -1
14:53:30 320960 10313
14:54:34 148226 15242
14:55:31 35036 4817
14:56:31 73894 9179
14:57:31 29738 53428
14:58:32 155012 15334
14:59:32 205131 11210
15:00:32 38941 22913
15:01:32 87636 9762
15:02:32 24361 9104
15:03:33 180140 158857
15:04:33 172478 11284
15:05:33 152613 16768
15:06:33 268230 23399
15:07:34 49551 9502
15:08:34 205481 25244
15:09:34 55582 16438
15:10:34 198574 12822
15:11:35 90528 6910
15:12:35 84472 7430
15:13:35 98905 12681
15:14:35 40279 2827
15:15:35 36494 6460
15:16:36 55943 12568
15:17:36 60012 8999
15:18:36 213739 19866
15:19:36 95546 11578
15:20:37 50661 13266
15:21:37 298762 111680
15:22:37 22343 6794
15:23:37 31433 12036
15:24:37 635618 26351
15:25:38 240658 13691
15:26:38 38648 9041
15:27:38 23928 5309
15:28:38 78134 76285
15:29:39 81989 10760
15:30:39 21851 5819
15:31:39 22966 5857
15:32:40 203612 15726
15:33:40 131299 20357
15:34:40 176519 10676
15:35:40 491287 35934
15:36:41 95598 11999
15:37:41 54262 17838
15:38:41 50970 4691
15:39:41 89769 6673
15:40:41 26754 8638
15:41:42 79912 6897
15:42:42 35882 7916
15:43:42 48612 6588
15:44:42 811863 33001
15:45:43 142285 15585
15:46:43 116828 15839
15:47:43 28140 5315
15:48:43 70799 26081
15:49:43 70352 187728
15:50:44 126993 17209
15:51:44 131654 9013
15:52:45 41438 6342
15:53:45 59267 10922
15:54:45 115650 15624
15:55:45 83413 9155
15:56:45 101167 7929
15:57:46 175382 11750
15:58:46 94951 9617
15:59:46 214501 66010
16:00:46 200759 9035
16:01:46 494190 42143
16:02:47 27400 6930
16:03:47 61207 12698
16:04:47 118184 130881
16:05:47 58259 13259
16:06:48 136104 14626
16:07:48 48821 13457
16:08:48 102863 11385
16:09:51 24375 4407
16:10:48 125288 6691
16:11:49 53120 9332
16:12:49 70203 19171
16:13:49 330078 32721
16:14:49 390683 26611
16:15:50 194024 23648
16:16:53 249973 22444
16:17:50 51968 10480
16:18:50 225308 23203
16:19:51 112822 14386
16:20:51 40161 8067
16:21:51 162355 8209
16:22:51 34904 69282
16:23:52 99774 8776
16:24:52 56849 9966
16:25:52 256069 21469
16:26:52 228115 19175
16:27:52 232958 325911
16:28:52 149062 13135
16:29:53 27568 4603
16:30:53 73275 8733
16:31:54 92248 38857
16:32:57 519450 23119
16:33:55 81135 9529
16:34:55 229372 15783
16:35:55 122131 14858
16:36:55 61271 9699
16:37:55 70639 27881
16:38:56 50781 11839
16:39:56 155797 33483
16:40:56 18473 4674
16:41:56 58261 5845
16:42:57 72997 20233
16:43:57 54203 9176
16:44:57 75669 82139
16:45:57 55718 25375
16:46:57 156024 564354
16:47:58 75395 11193
16:48:58 68331 12262
16:49:58 626699 72838
16:50:58 118259 12099
16:51:58 256520 17411
16:53:04 56507 8251
16:54:00 292443 24539
16:55:00 70736 4796
16:56:01 40407 8500
16:57:01 215456 44803
16:58:01 103961 12768
16:59:01 164484 17975
17:00:02 65035 11231
17:01:02 64409 18779
17:02:02 31837 4397
17:03:03 198820 13037
17:04:04 67994 12824
17:05:04 71361 22427
17:06:04 155826 12795
17:07:05 88114 6938
17:08:05 18160 3812
17:09:05 156647 20203
17:10:05 91671 7884
17:11:06 25586 9331
17:12:06 38213 9426
17:13:06 31092 9870
17:14:09 67142 7874
17:15:07 424341 23684
17:16:07 166412 15527
17:17:07 48962 8321
17:18:07 187542 11285
17:19:07 106448 9812
17:20:08 245309 21740
17:21:08 22128 7265
17:22:08 36973 7078
17:23:09 108477 11541
17:24:10 38032 14127
17:25:10 142611 177836
17:26:10 116140 26083
17:27:11 118397 11380
17:28:11 51117 9881
17:29:11 99125 9303
17:30:12 7732 3518
17:31:12 361933 18296
17:32:12 25465 7350
17:33:13 65212 18158
17:34:13 43416 7270
17:35:13 18017 5303
17:36:13 42162 7587
17:37:14 18794 3698
17:38:14 78508 6190
17:39:15 176537 12219
17:40:15 53803 9139
17:41:15 34384 6969
17:42:15 145389 12837
17:43:16 85318 24964
17:44:17 35950 7832
17:45:17 910905 57582
17:46:17 27349 8039
17:47:17 129483 25897
17:48:18 37698 3602
17:49:18 25077 5278
17:50:18 374145 16421
17:51:18 82565 7738
17:52:19 276346 17270
17:53:19 8094 7478
17:54:19 39547 21570
17:55:19 174901 23412
17:56:20 70995 170249
17:57:20 1074427 446348
17:58:20 158390 16184
17:59:20 71101 13353
18:00:21 91076 7074
18:01:21 21864 7626
18:02:21 46039 51365
18:03:21 98394 24400
18:04:22 191002 141843
18:05:22 46798 9262
18:06:22 117805 13107
18:07:22 54366 9269
18:08:23 54701 17170
18:09:23 171973 19830
18:10:23 48713 23714
18:11:23 4940 6511
18:12:24 100581 7498
18:13:24 293340 21884
18:14:24 31365 6021
18:15:25 106047 24512
18:16:25 59498 8585
18:17:25 136861 33263
18:18:25 73215 12183
18:19:26 79276 6653
18:20:26 71786 4698
18:21:26 27964 11399
18:22:27 74371 9658
18:23:27 31914 9185
18:24:27 101426 10042
18:25:27 34338 18495
18:26:28 48500 9247
18:27:28 110569 33302
18:28:28 57848 10142
18:29:29 38289 8691
18:30:29 72482 11540
18:31:30 25633 13847
18:32:30 179471 18903
18:33:31 57811 10528
18:34:31 87288 10060
18:35:31 81996 7828
18:36:31 39977 4225
18:37:32 118233 15464
18:38:32 71805 8543
18:39:32 110880 10473
18:40:33 252257 20798
18:41:33 56554 8893
18:42:33 193989 14973
18:43:33 22269 4986
18:44:33 97429 11773
18:45:34 68344 9882
18:46:34 51662 11197
18:47:37 19115 7412
18:48:34 32244 11449
18:49:35 45455 11008
18:50:35 124566 14301
18:51:35 27722 6411
18:52:35 61183 7932
18:53:36 101343 7552
18:54:37 44731 6764
18:55:37 110341 11620
18:56:37 129096 15315
18:57:37 65652 7376
18:58:38 166376 13560
18:59:38 71451 6744
19:00:38 192473 28924
19:01:38 155532 10153
19:02:38 53519 17096
19:03:39 222431 25399
19:04:39 52475 11476
19:05:39 291000 180588
19:06:39 117935 19097
19:07:40 75304 81517
19:08:40 212918 15512
19:09:40 68387 148656
19:10:40 122342 14752
19:11:40 35360 8573
19:12:41 98896 15056
19:13:41 119872 8222
19:14:41 61979 10699
19:15:41 125482 12855
19:16:42 37992 6061
19:17:42 4860 19751
19:18:42 225334 17354
19:19:45 96890 8374
19:20:42 118975 19580
19:21:43 70137 86009
19:22:43 8634 3098
19:23:43 142558 17467
19:24:43 111840 8532
19:25:44 51307 113054
19:26:44 148409 24419
19:27:44 69541 8547
19:28:44 56652 12940
19:29:44 52985 11142
19:30:45 124115 21180
19:31:45 74783 154352
19:32:45 46959 11869
19:33:46 34180 7356
19:34:47 65151 6308
19:35:47 247924 25153
19:36:47 273326 41320
19:37:48 156480 8029
19:38:48 70233 4586
19:39:48 201746 14097
19:40:48 193326 10534
19:41:48 61240 10680
19:42:49 55392 6040
19:43:49 107464 11313
19:44:49 96635 17793
19:45:49 32173 6324
19:46:50 71898 6172
19:47:50 48905 4939
19:48:50 63083 8344
19:49:50 100396 10132
19:50:50 470936 35708
19:51:50 84725 32351
19:52:51 110181 31530
19:53:51 74839 14849
19:54:51 113670 492813
19:55:51 25427 6195
19:56:51 44429 10936
19:57:52 92010 8770
19:58:52 87636 11902
19:59:52 418759 28143
20:00:53 71931 15085
20:01:53 157958 10023
20:02:53 31452 5374
20:03:53 69331 5582
20:04:53 34020 5249
20:05:54 70216 17901
20:06:54 142119 14612
20:07:54 284827 32014
20:08:54 68461 9351
20:09:53 -1 -1
20:10:55 149131 19104
20:11:55 62840 22938
20:12:55 96147 47234
20:13:55 42150 8978
20:14:55 236948 22977
20:15:56 65960 62811
20:16:56 375482 25315
20:17:56 66413 11886
20:18:56 90858 10159
20:19:57 271460 115163
20:20:57 123515 9675
20:21:57 55449 7509
20:22:57 59742 9271
20:23:58 36782 8165
20:24:58 607197 38341
20:25:58 87143 13286
20:26:58 153408 9929
20:27:59 153083 10942
20:28:59 45067 3822
20:29:59 61378 12186
20:30:59 39902 12145
20:31:59 34273 21615
20:33:00 19386 14556
20:34:00 138789 12003
20:35:00 65400 135975
20:36:00 120428 14040
20:37:00 159939 14854
20:38:01 81308 10416
20:39:01 145140 31440
20:40:01 43541 6509
20:41:01 39455 9778
20:42:01 171395 12872
20:43:02 48494 14130
20:44:02 35397 8324
20:45:02 98575 266028
20:46:02 136434 7786
20:47:03 56601 268688
20:48:03 133559 22842
20:49:03 45051 3629
20:50:03 205545 17113
20:51:03 104735 147968
20:52:03 22531 7771
20:53:04 17507 10605
20:54:04 40677 8581
20:55:04 176689 13909
20:56:04 48798 7980
20:57:04 130986 10452
20:58:05 203346 11299
20:59:05 73238 10906
21:00:05 118230 14285
21:01:05 134062 10014
21:02:06 58582 6317
21:03:06 20680 6362
21:04:06 102076 16718
21:05:06 82418 11691
21:06:06 35877 216415
21:07:07 181768 11167
21:08:07 297602 285214
21:09:07 104053 329625
21:10:07 95122 12250
21:11:07 395846 25261
21:12:08 177529 16305
21:13:08 70736 23195
21:14:08 71498 11296
21:15:08 50390 13017
21:16:08 50657 16544
21:17:09 101448 12973
21:18:09 87974 13506
21:19:09 87418 22354
21:20:10 150758 188191
21:21:10 57609 13442
21:22:10 45665 8601
21:23:10 29539 9331
21:24:11 481576 39358
21:25:11 29354 33710
21:26:11 266176 21929
21:27:11 108129 145220
21:28:11 295489 20872
21:29:12 62883 58321
21:30:12 191956 87858
21:31:12 63956 18191
21:32:12 378722 31227
21:33:12 85441 153358
21:34:13 54339 8915
21:35:13 82843 5442
21:36:13 70416 5891
21:37:13 66793 181469
21:38:14 88449 21638
21:39:14 69266 9517
21:40:14 213321 349950
21:41:14 82736 51836
21:42:15 35357 10192
21:43:15 9819 12825
21:44:15 68097 20606
21:45:15 70149 7169
21:46:15 81948 534659
21:47:16 99572 11451
21:48:16 49627 6156
21:49:16 35359 4371
21:50:16 54139 8281
21:51:17 87257 8177
21:52:17 306866 21057
21:53:17 761197 32190
21:54:17 701747 29695
21:55:18 153197 41095
21:56:18 137385 37048
21:57:18 106192 11015
21:58:18 42265 5650
21:59:19 125094 64654
22:00:19 25123 3287
22:01:19 93254 9398
22:02:19 111273 19747
22:03:20 86049 9754
22:04:20 47833 12360
22:05:20 60366 98348
22:06:20 66299 7646
22:07:21 156791 16451
22:08:21 99289 9865
22:09:21 28522 17561
22:10:21 76340 10931
22:11:22 70744 10555
22:12:22 384926 40253
22:13:22 302753 107014
22:14:22 75988 29091
22:15:23 83518 102184
22:16:23 144052 641639
22:17:23 34975 14357
22:18:23 65977 40431
22:19:24 117121 24283
22:20:24 253253 31937
22:21:24 80325 12702
22:22:24 68927 17691
22:23:24 54106 58047
22:24:25 101585 21788
22:25:25 86320 8670
22:26:25 1073551 203327
22:27:25 953078 56658
22:28:26 125054 17366
22:29:26 89108 10386
22:30:26 31902 9929
22:31:26 57865 7984
22:32:27 56908 6187
22:33:27 108860 12907
22:34:27 190475 550048
22:35:27 30783 6930
22:36:28 47904 6605
22:37:28 57007 8370
22:38:28 98450 13548
22:39:29 19369 19443
22:40:29 103489 9561
22:41:29 35486 4449
22:42:30 21692 6516
22:43:30 156026 15351
22:44:30 53603 41618
22:45:30 93829 47850
22:46:30 62224 7908
22:47:31 92706 7088
22:48:31 27410 4094
22:49:31 47437 7729
22:50:31 90884 36250
22:51:32 78754 13331
22:52:32 50330 8998
22:53:32 159109 527906
22:54:32 62697 8243
22:55:33 68362 26035
22:56:33 140506 14952
22:57:33 202825 23373
22:58:34 51720 4746
22:59:33 -1 -1
23:00:34 93981 27603
23:01:35 72040 9366
23:02:35 230305 26033
23:03:35 56423 6187
23:04:35 306792 18132
23:05:35 294134 47556
23:06:36 230670 21169
23:07:36 298161 32843
23:08:36 312702 84928
23:09:36 114257 13505
23:10:37 23421 4471
23:11:37 105344 8287
23:12:37 40761 278705
23:13:38 95370 36509
23:14:38 80727 8421
23:15:38 52691 196646
23:16:38 64206 15960
23:17:38 81052 373109
23:18:39 397169 15083
23:19:39 50900 21073
23:20:39 105173 66105
23:21:39 26900 34777
23:22:40 63843 6534
23:23:40 56549 19419
23:24:40 42594 8887
23:25:41 239376 121608
23:26:41 95155 41082
23:27:41 100677 15317
23:28:41 44037 9315
23:29:41 347692 39334
23:30:42 277904 35101
23:31:42 117857 14713
23:32:42 214635 37166
23:33:43 71920 11304
23:34:43 279394 22793
23:35:43 53283 10435
23:36:43 265126 25033
23:37:44 62214 12332
23:38:44 20767 9722
23:39:44 59526 13078
23:40:45 103594 18865
23:41:45 125790 26543
23:42:45 382368 27635
23:43:46 34140 6032
23:44:46 444805 35313
23:45:46 71731 8939
23:46:47 35215 7385
23:47:47 65262 24812
23:48:48 85348 18690
23:49:49 427340 49917
23:50:49 135175 30646
23:51:50 46163 8969
23:52:50 69741 10374
23:53:51 79316 11665
23:54:52 46557 6479
23:55:51 151406 24847
23:56:51 149996 22520
23:57:52 67978 113915
23:58:54 67488 22619
23:59:53 57182 19150
