00:02:38 1
00:07:15 1
02:00:06 1
02:05:05 1
02:10:06 1
02:15:06 1
02:20:07 1
02:25:07 1
02:30:07 1
02:35:10 1
02:40:08 1
02:45:09 1
02:50:09 1
02:55:10 1
03:00:10 1
03:05:10 1
03:10:10 1
03:15:11 1
03:20:12 1
03:25:12 1
03:30:13 1
03:35:34 0
03:40:14 1
03:45:15 1
03:50:16 1
03:55:17 1
04:00:17 1
04:05:18 1
04:10:19 1
04:15:19 1
04:20:20 1
04:25:21 1
04:30:21 1
04:35:22 1
04:40:23 1
04:45:24 1
04:50:24 1
04:55:25 1
05:00:26 1
05:05:27 1
05:10:27 1
05:15:28 1
05:20:29 1
05:25:30 1
05:30:30 1
05:35:31 1
05:40:32 1
05:45:32 1
05:50:33 1
05:55:34 1
06:00:35 1
06:05:36 1
06:10:36 1
06:15:37 1
06:20:38 1
06:25:39 1
06:30:39 1
06:35:40 1
06:40:41 1
06:45:41 1
06:50:42 1
06:55:43 1
07:00:43 1
07:05:44 1
07:10:45 1
07:15:46 1
07:20:46 1
07:25:47 1
07:30:48 1
07:35:48 1
07:40:49 1
07:45:50 1
07:50:50 1
07:55:51 1
08:00:51 1
08:05:52 1
08:10:52 1
08:15:53 1
08:20:54 1
08:25:54 1
08:30:54 1
08:35:55 1
08:40:56 1
08:45:57 1
08:50:57 1
08:55:58 1
09:00:59 1
09:05:59 1
09:10:59 1
09:15:59 1
09:21:00 1
09:26:00 1
09:31:01 1
09:36:01 1
09:41:02 1
09:46:03 1
09:51:03 1
09:56:03 1
10:01:03 1
10:06:03 1
10:11:04 1
10:16:04 1
10:21:04 1
10:26:05 1
10:31:06 1
10:36:06 1
10:41:07 1
10:46:07 1
10:51:08 1
10:56:09 1
11:01:09 1
11:06:10 1
11:11:11 1
11:16:11 1
11:21:12 1
11:26:12 1
11:31:12 1
11:36:13 1
11:41:14 1
11:46:14 1
11:51:15 1
11:56:15 1
12:01:15 1
12:06:15 1
12:11:15 1
12:16:16 1
12:21:17 1
12:26:17 1
12:31:17 1
12:36:17 1
12:41:18 1
12:46:19 1
12:51:19 1
12:56:19 1
13:01:19 1
13:06:19 1
13:11:20 1
13:16:21 1
13:21:21 1
13:26:22 1
13:31:22 1
13:36:23 1
13:41:23 1
13:46:24 1
13:51:25 1
13:56:26 1
14:01:26 1
14:06:26 1
14:11:26 1
14:16:27 1
14:21:27 1
14:26:27 1
14:31:28 1
14:36:28 1
14:41:29 1
14:46:29 1
14:51:29 1
14:56:30 1
15:01:30 1
15:06:30 1
15:11:31 1
15:16:32 1
15:21:32 1
15:26:33 1
15:31:33 1
15:36:34 1
15:41:34 1
15:46:35 1
15:51:36 1
15:56:36 1
16:01:36 1
16:06:36 1
16:11:37 1
16:16:38 1
16:21:38 1
16:26:38 1
16:31:38 1
16:36:39 1
16:41:39 1
16:46:40 1
16:51:41 1
16:56:42 1
17:01:42 1
17:06:43 1
17:11:43 1
17:16:43 1
17:21:43 1
17:26:44 1
17:31:44 1
17:36:44 1
17:41:45 1
17:46:45 1
17:51:48 1
17:56:46 1
18:01:46 1
18:06:46 1
18:11:47 1
18:16:47 1
18:21:47 1
18:26:48 1
18:31:49 1
18:36:49 1
18:41:50 1
18:46:50 1
18:51:50 1
18:56:50 1
19:01:50 1
19:06:50 1
19:11:50 1
19:16:51 1
19:21:51 1
19:26:52 1
19:31:52 1
19:36:52 1
19:41:52 1
19:46:53 1
19:51:53 1
19:56:53 1
20:01:54 1
20:06:55 1
20:11:56 1
20:16:56 1
20:21:56 1
20:26:56 1
20:31:56 1
20:36:56 1
20:41:56 1
20:46:57 1
20:51:57 1
20:56:57 1
21:01:58 1
21:06:58 1
21:11:58 1
21:16:58 1
21:21:59 1
21:27:00 1
21:32:00 1
21:37:00 1
21:42:00 1
21:47:01 1
21:52:01 1
21:57:01 1
22:02:01 1
22:07:01 1
22:12:02 1
22:17:02 1
22:22:02 1
22:27:02 1
22:32:02 1
22:37:03 1
22:42:03 1
22:47:04 1
22:52:04 1
22:57:04 1
23:02:04 1
23:07:05 1
23:12:05 1
23:17:05 1
23:22:06 1
23:27:06 1
23:32:06 1
23:37:07 1
23:42:07 1
23:47:08 1
23:52:08 1
23:57:09 1
