00:00:19 96575 8356
00:02:11 18842 5672
00:03:03 666398 36976
00:03:42 21754 8270
00:04:42 39576 3008
00:05:43 17321 2390
00:06:43 65998 10223
00:07:44 92480 12901
02:00:07 19045 11498
02:01:08 54527 19801
02:02:12 11069 7684
02:03:09 27976 2132
02:04:09 17780 6579
02:05:10 6541 3530
02:06:13 38139 11805
02:07:11 72477 5270
02:08:11 599805 71810
02:09:12 65316 24783
02:10:12 3881 2659
02:11:12 103417 9589
02:12:13 25553 4857
02:13:16 114622 144518
02:14:13 41154 140962
02:15:14 12097 139097
02:16:14 129974 29281
02:17:15 26613 14541
02:18:15 152966 30892
02:19:16 25889 16754
02:20:16 53347 12097
02:21:16 19738 289385
02:22:17 23500 7793
02:23:17 16819 4530
02:24:18 105956 7845
02:25:18 25586 4044
02:26:19 27478 3166
02:27:19 108998 108195
02:28:20 42694 5910
02:29:20 45885 4366
02:30:21 21880 10737
02:31:21 77890 12192
02:32:21 40504 5297
02:33:22 5916 7078
02:34:25 41752 3483
02:35:25 32487 11261
02:36:23 69572 11362
02:37:23 42452 6254
02:38:24 3033 3691
02:39:24 25974 3690
02:40:27 94490 10941
02:41:28 19142 8804
02:42:28 79405 9692
02:43:25 108169 29545
02:44:26 17651 2261
02:45:26 1925 1864
02:46:30 30963 4905
02:47:36 75412 14620
02:48:33 41109 3772
02:49:28 88411 6776
02:50:28 36604 13195
02:51:29 83114 7324
02:52:30 264067 19181
02:53:33 5119 3859
02:54:30 2415 1693
02:55:30 5191 3803
02:56:31 6608 3392
02:57:31 64471 4628
02:58:32 14909 5401
02:59:32 5176 3180
03:00:32 53148 11007
03:01:33 211097 18948
03:02:33 44477 3334
03:03:33 14247 3589
03:04:34 21046 4610
03:05:35 192971 17538
03:06:35 48068 308749
03:07:35 25699 9621
03:08:36 33225 3513
03:09:36 43680 4600
03:10:40 18297 16868
03:11:36 -1 -1
03:12:37 46344 4687
03:13:38 66550 6582
03:14:38 1348 1164
03:15:38 2152 1842
03:16:39 42523 3706
03:17:39 1454 1840
03:18:39 5724 7029
03:19:40 17154 6746
03:20:40 23522 3983
03:21:54 212558 13927
03:22:41 40357 10150
03:23:41 57173 9337
03:24:41 74377 5883
03:25:42 91680 154314
03:26:45 97265 8047
03:27:43 24942 3891
03:28:43 22961 3647
03:29:43 84001 7477
03:30:43 49052 3898
03:31:44 197441 18554
03:32:44 22143 12471
03:33:44 54890 11963
03:34:45 44525 13396
03:35:45 137111 15920
03:36:45 38926 16408
03:37:46 41294 4785
03:38:46 68767 15637
03:39:47 59753 13244
03:40:47 11052 3610
03:41:47 5033 3497
03:42:47 19317 5074
03:43:48 32679 4932
03:44:48 23936 4901
03:45:49 25586 5907
03:46:49 44305 5445
03:47:49 236790 441197
03:48:50 43538 5760
03:49:50 235696 14996
03:50:50 60188 6598
03:51:51 82191 4688
03:52:51 3793028 91132
03:53:51 39833 5192
03:54:52 23090 9253
03:55:52 36859 27163
03:56:52 9017 57634
03:57:53 44907 13226
03:58:53 22928 8676
03:59:53 23914 6455
04:00:53 57323 10357
04:01:54 33299 7418
04:02:54 107517 21320
04:03:54 27693 3431
04:04:55 102221 8886
04:05:56 79354 12154
04:06:56 75047 12974
04:07:56 60781 4702
04:08:56 69807 9799
04:09:57 100650 8227
04:10:57 77096 683213
04:12:00 146900 11060
04:12:58 5634 3492
04:13:58 28239 4583
04:14:58 26771 5163
04:15:59 26617 3500
04:16:59 11300 4677
04:17:59 148669 17744
04:19:00 52986 5569
04:20:00 24879 7594
04:21:01 24800 5276
04:22:01 96440 6159
04:23:01 51797 3972
04:24:01 80095 4409
04:25:02 75705 7582
04:26:03 15548 2202
04:27:02 59348 5521
04:28:03 30933 2206
04:29:03 18090 2466
04:30:03 84626 11747
04:31:04 44867 13944
04:32:04 11880 1954
04:33:04 60461 18163
04:34:05 23829 2570
04:35:05 1236385 31963
04:36:05 48144 4653
04:37:06 30760 14769
04:38:07 31936 4192
04:39:07 4763 2259
04:40:07 3853 2089
04:41:08 74606 25242
04:42:08 26181 3454
04:43:08 45000 16716
04:44:08 74180 8406
04:45:09 2266 2210
04:46:09 27387 4502
04:47:09 39906 4160
04:48:10 76224 19074
04:49:10 3078 2987
04:50:10 4236 3529
04:51:11 5690 3071
04:52:11 227942 8614
04:53:11 2295 1892
04:54:12 13684 3315
04:55:12 82848 116200
04:56:12 23612 3278
04:57:13 12763 2742
04:58:13 61787 6427
04:59:14 84271 12017
05:00:14 36814 2350
05:01:14 69075 13346
05:02:14 29088 9533
05:03:15 4629 4044
05:04:15 67724 8785
05:05:16 57938 17450
05:06:16 88338 8996
05:07:16 53294 3963
05:08:17 572 854
05:09:17 114555 15503
05:10:17 33469 7607
05:11:18 43842 2522
05:12:18 8504 4653
05:13:18 76831 14747
05:14:19 51629 12041
05:15:19 130789 16271
05:16:19 70180 4608
05:17:20 4898 1904
05:18:20 13999 1238
05:19:21 113408 11996
05:20:21 96860 4142
05:21:21 13422 1982
05:22:22 49141 5162
05:23:22 85698 5328
05:24:22 72222 9419
05:25:23 31078 6355
05:26:23 8817 2256
05:27:23 2504 1773
05:28:24 2826 1372
05:29:24 24409 8760
05:30:24 75999 14862
05:31:25 11903 4094
05:32:25 70527 17223
05:33:25 20636 8166
05:34:26 56783 3901
05:35:26 43389 10023
05:36:26 77468 17436
05:37:27 4460 5289
05:38:27 22356 12214
05:39:27 5025 3952
05:40:28 63125 24702
05:41:28 74172 12401
05:42:28 13032 1684
05:43:29 13690 3180
05:44:29 137116 9139
05:45:29 82811 11355
05:46:30 56708 8094
05:47:30 41265 11199
05:48:30 52749 10820
05:49:31 74840 6765
05:50:31 137236 15163
05:51:32 25893 9746
05:52:32 84869 15583
05:53:32 36561 4122
05:54:32 3328 1556
05:55:33 44822 4052
05:56:33 18044 4095
05:57:34 88535 19405
05:58:34 28946 7561
05:59:34 2406 2014
06:00:35 114399 9147
06:01:35 63606 10421
06:02:36 21884 9605
06:03:36 75162 12614
06:04:36 40978 8207
06:05:37 198419 8316
06:06:37 95983 13735
06:07:38 80327 19068
06:08:38 29767 16639
06:09:38 134496 3660
06:10:39 2133 1815
06:11:39 10189 2212
06:12:39 17704 4859
06:13:40 45258 5684
06:14:40 219318 17643
06:15:40 8002 1767
06:16:41 33692 3337
06:17:41 2051 2385
06:18:42 121656 17242
06:19:42 14369 2843
06:20:42 19632 8775
06:21:43 135469 9778
06:22:43 164833 5520
06:23:43 96498 15260
06:24:44 22466 9931
06:25:44 113436 7135
06:26:44 562299 26306
06:27:45 2624 1370
06:28:45 847 1778
06:29:45 242767 17877
06:30:46 4051 1837
06:31:46 33553 4512
06:32:46 15202 2496
06:33:47 38054 8198
06:34:47 116761 24907
06:35:47 2507 2578
06:36:48 21637 8227
06:37:48 2426 2648
06:38:48 1345 2541
06:39:49 41599 2951
06:40:49 142464 11275
06:41:49 1826 2558
06:42:50 13396 2911
06:43:50 53933 5264
06:44:50 58628 4997
06:45:51 59183 3718
06:46:51 60307 4620
06:47:52 195522 7710
06:48:52 90255 7831
06:49:52 102331 7960
06:50:52 18872 2037
06:51:53 41532 3974
06:52:53 141057 8380
06:53:53 47342 7817
06:54:54 45785 10872
06:55:54 82893 8261
06:56:54 84451 4972
06:57:55 69802 4875
06:58:55 6908 7417
06:59:55 27598 6311
07:00:56 76207 5586
07:01:56 73670 8312
07:02:56 77282 5249
07:03:57 198626 19614
07:04:57 283525 22007
07:05:57 48960 4624
07:06:58 1342 2177
07:07:58 48954 3069
07:08:58 73083 11789
07:09:59 25886 8613
07:10:59 78891 5893
07:11:59 30594 3623
07:13:00 44686 3057
07:14:00 44562 3198
07:15:00 93529 3252
07:16:01 3194 2034
07:17:01 10332 48671
07:18:01 82945 6253
07:19:02 19469 2292
07:20:02 203397 12771
07:21:03 76855 24984
07:22:03 13179 2261
07:23:03 23758 2327
07:24:04 71985 12872
07:25:04 14228 4287
07:26:04 106051 9837
07:27:05 49001 7172
07:28:05 94448 12229
07:29:05 77632 12989
07:30:06 32428 8036
07:31:06 17466 4550
07:32:06 10183 3675
07:33:07 30750 9580
07:34:07 35671 4169
07:35:07 43728 3780
07:36:08 361589 27097
07:37:08 28563 4019
07:38:08 39172 3734
07:39:09 190495 9131
07:40:09 148850 19960
07:41:09 50220 5280
07:42:10 71877 5019
07:43:10 77969 17141
07:44:10 65401 5306
07:45:11 106146 9076
07:46:11 27677 5946
07:47:11 40915 3207
07:48:12 22026 5750
07:49:12 14889 1620
07:50:12 81489 10236
07:51:13 47193 11623
07:52:13 -1 -1
07:53:13 576129 28104
07:54:13 212563 13759
07:55:14 46863 6147
07:56:14 49162 157008
07:57:14 23549 3472
07:58:15 7495 3269
07:59:15 86396 14032
08:00:15 49472 6587
08:01:16 31541 4380
08:02:16 25504 10232
08:03:16 43276 4862
08:04:17 311128 19377
08:05:17 84438 14316
08:06:17 42089 5150
08:07:17 82237 18228
08:08:18 19799 8503
08:09:18 52087 11759
08:10:18 25751 7522
08:11:19 81556 10706
08:12:19 3168 1739
08:13:19 103171 6609
08:14:20 59430 4573
08:15:20 33065 7230
08:16:20 21407 4100
08:17:21 33228 6033
08:18:21 48457 8798
08:19:21 29655 3383
08:20:22 86682 9001
08:21:22 284815 19928
08:22:22 43506 6208
08:23:23 124362 9997
08:24:24 151346 14201
08:25:24 16910 2661
08:26:24 92917 5918
08:27:25 301970 22582
08:28:25 322852 29780
08:29:25 51100 3774
08:30:25 134871 10534
08:31:29 45111 4932
08:32:26 76978 26197
08:33:26 36145 4480
08:34:27 27150 4469
08:35:27 87183 8371
08:36:27 37677 15479
08:37:28 58540 6488
08:38:28 35332 15945
08:39:28 26820 2378
08:40:29 553233 28888
08:41:29 81574 10585
08:42:30 99862 10142
08:43:30 182342 29835
08:44:30 32080 6297
08:45:30 63192 7943
08:46:31 139900 19490
08:47:31 103166 19800
08:48:31 151923 29600
08:49:32 318488 12133
08:50:32 40050 4945
08:51:33 27663 10692
08:52:33 9533 2228
08:53:33 52277 10331
08:54:34 34073 12057
08:55:35 4297 2292
08:56:35 134449 14703
08:57:35 107298 20168
08:58:36 84456 33580
08:59:36 238778 14472
09:00:37 21543 4838
09:01:37 393166 22242
09:02:37 90832 8869
09:03:38 124661 10543
09:04:38 111561 17363
09:05:38 45305 11582
09:06:38 147676 21892
09:07:38 41608 7989
09:08:39 42376 8480
09:09:39 179196 22487
09:10:39 139997 9175
09:11:39 69576 7304
09:12:40 214419 12001
09:13:40 17584 3915
09:14:40 219495 17434
09:15:40 211421 20860
09:16:44 243076 18449
09:17:41 10938 6052
09:18:42 73560 11274
09:19:42 394988 17747
09:20:42 598652 19202
09:21:43 268110 27071
09:22:43 188872 21617
09:23:47 102724 6542
09:24:43 112013 17539
09:25:44 40762 11396
09:26:46 93755 12813
09:27:44 136524 10003
09:28:44 224314 17000
09:29:45 199120 145697
09:30:45 130190 141919
09:31:45 86037 141085
09:32:46 11351135 396342
09:33:46 89520 12173
09:34:46 277088 26137
09:35:46 384926 21604
09:36:47 120837 6183
09:37:47 219371 8998
09:38:48 160662 11613
09:39:48 306936 28025
09:40:48 142543 13914
09:41:49 284489 16036
09:42:49 247724 10939
09:43:49 136855 9984
09:44:50 194603 28770
09:45:50 232775 14639
09:46:50 193892 27952
09:47:50 312349 29137
09:48:50 156308 11360
09:49:51 201816 16807
09:50:51 216052 18756
09:51:51 218188 18089
09:52:51 264552 22458
09:53:52 418502 28056
09:54:52 321297 41729
09:55:52 337118 15466
09:56:52 248672 18395
09:57:53 229059 12269
09:58:56 108368 27223
09:59:53 65498 7914
10:00:53 117414 9422
10:01:54 104039 26756
10:02:54 190127 24810
10:03:54 254669 17536
10:04:54 164242 12175
10:05:54 81609 11431
10:06:55 154212 11303
10:07:55 547984 44392
10:08:55 307630 42874
10:09:55 471154 28175
10:10:56 379879 16560
10:11:56 445663 22484
10:12:56 142684 8924
10:14:03 121697 16481
10:14:57 70911 12925
10:15:57 512631 45472
10:17:01 120988 8945
10:17:58 129043 21991
10:19:01 112685 15444
10:19:58 160927 28146
10:20:59 85925 10619
10:21:59 710124 33131
10:23:01 215796 30542
10:24:02 170109 36771
10:25:02 869659 309149
10:26:05 161674 28372
10:27:02 -1 -1
10:28:03 90744 18803
10:29:03 329811 26321
10:30:04 301461 17367
10:31:04 172140 17694
10:32:04 175226 24023
10:33:05 219784 60441
10:34:09 323075 17566
10:35:05 135938 21376
10:36:05 182199 17703
10:37:06 228908 26866
10:38:07 521366 39382
10:39:07 133885 16180
10:40:08 348625 25989
10:41:08 53319 9460
10:42:08 162478 16064
10:43:09 197268 20339
10:44:09 270295 20256
10:45:09 235558 98713
10:46:10 389491 24513
10:47:10 163849 12075
10:48:10 50903 10562
10:49:11 188594 17339
10:50:11 255445 22082
10:51:11 429685 30180
10:52:12 77512 11715
10:53:12 554159 25769
10:54:13 40050 6637
10:55:13 305678 27013
10:56:14 307205 24785
10:57:15 103227 12081
10:58:16 68433 7209
10:59:16 16446 7847
11:00:16 47327 7956
11:01:16 16902 9063
11:02:17 24585 3147
11:03:17 291921 51655
11:04:17 28964 4357
11:05:17 13847 7015
11:06:18 117479 26395
11:07:18 213647 13927
11:08:19 79949 99674
11:09:19 126967 45169
11:10:19 75498 28241
11:11:20 212325 19711
11:12:20 3813671 114933
11:13:20 47828 9805
11:14:21 177846 47678
11:15:22 166549 12734
11:16:23 225918 14674
11:17:23 135203 8413
11:18:23 237825 11889
11:19:23 181015 15744
11:20:24 329503 27605
11:21:24 162305 9936
11:22:24 359911 17228
11:23:25 150905 16581
11:24:25 442524 28341
11:25:25 723712 183683
11:26:25 208141 13106
11:27:26 217163 19977
11:28:26 133702 8067
11:29:26 325785 17190
11:30:26 218856 19841
11:31:27 582461 19780
11:32:27 279484 28238
11:33:27 91329 194470
11:34:28 137704 39783
11:35:29 243527 32513
11:36:30 116051 7852
11:37:31 150372 10232
11:38:31 15254 4867
11:39:31 1004720 38961
11:40:32 431226 22202
11:41:32 192622 15403
11:42:32 158456 8313
11:43:32 474470 20561
11:44:33 148440 13905
11:45:33 88140 14572
11:46:33 221612 14896
11:47:34 222788 32385
11:48:34 400296 24978
11:49:34 213582 8931
11:50:34 191212 12081
11:51:35 11294 3260
11:52:36 83122 20784
11:53:36 44906 9234
11:54:37 745867 32941
11:55:37 330583 32203
11:56:37 137478 24952
11:57:37 48433 12212
11:58:38 105372 9659
11:59:38 89570 9095
12:00:38 34914 11176
12:01:39 231683 33516
12:02:39 420183 22397
12:03:39 63875 12220
12:04:39 59278 9616
12:05:40 33013 5394
12:06:41 86830 13605
12:07:41 202762 21067
12:08:41 13904 3647
12:09:41 55844 11914
12:10:41 66378 7161
12:11:42 91212 14789
12:12:42 12265115 279060
12:13:42 333981 24055
12:14:46 278954 16328
12:15:43 626122 32600
12:16:44 90684 13369
12:17:45 234201 49042
12:18:45 59507 5226
12:19:45 50447 5978
12:20:46 68141 189077
12:21:46 63649 17671
12:22:46 56123 5735
12:23:46 227557 14318
12:24:47 144990 12918
12:25:47 158986 11627
12:26:47 62960 7029
12:27:48 45069 5378
12:28:48 118055 11204
12:29:48 194898 73305
12:30:48 67494 19913
12:31:49 86391 7615
12:32:49 244983 20346
12:33:49 24675 4792
12:34:49 38472 7116
12:35:49 71129 18984
12:36:50 136128 33880
12:37:50 28957 6008
12:38:50 26328 6138
12:39:51 415655 57758
12:40:51 187466 27073
12:41:51 18329 24858
12:42:51 142385 8216
12:43:52 37495 4304
12:44:52 986792 36559
12:45:52 129578 15071
12:46:52 104804 13490
12:47:52 152331 9369
12:48:52 122007 16161
12:49:53 158502 17548
12:50:53 35525 5089
12:51:53 21210 11343
12:52:53 88005 23271
12:53:53 44586 5572
12:54:54 92790 12887
12:55:54 691723 22395
12:56:54 123803 11471
12:57:55 68937 19480
12:58:55 559570 21448
12:59:55 113351 20412
13:00:55 137538 7648
13:01:56 87068 10268
13:02:56 3431 1999
13:03:56 216769 20024
13:04:56 14714 2282
13:05:57 68137 7047
13:06:57 171112 65984
13:07:57 65610 14824
13:08:57 24196 4495
13:09:57 303120 16163
13:10:57 287329 22388
13:11:58 474914 22392
13:12:58 168070 23678
13:13:58 367920 40568
13:14:58 209619 32625
13:15:58 467888 17717
13:16:59 206473 85345
13:17:59 53926 6853
13:18:59 67434 17149
13:19:59 744091 32912
13:20:59 154766 21384
13:22:00 83528 19688
13:23:01 136908 9785
13:24:01 73770 13505
13:25:01 102236 21323
13:26:01 539764 33621
13:27:02 593101 25280
13:28:02 23287 4761
13:29:02 30738 3759
13:30:02 58272 6286
13:31:02 73341 7918
13:32:03 76333 43881
13:33:03 295693 63666
13:34:04 12575 8859
13:35:04 77005 15427
13:36:04 128896 9772
13:37:04 56348 6961
13:38:05 144990 11872
13:39:05 554861 39006
13:40:05 132659 10400
13:41:05 411009 38016
13:42:06 67320 43186
13:43:07 102427 13222
13:44:07 236653 24310
13:45:07 2366 2252
13:46:07 88689 17715
13:47:09 363131 26545
13:48:09 14458 7207
13:49:09 52445 12213
13:50:09 912252 70367
13:51:10 82837 44013
13:52:11 34971 10001
13:53:11 53984 4173
13:54:11 20054 8042
13:55:12 268197 24098
13:56:12 38106 5001
13:57:12 60366 4223
13:58:12 41573 4787
13:59:13 6035 5913
14:00:13 58199 14127
14:01:13 46699 9460
14:02:13 80204 8335
14:03:13 14153 7906
14:04:14 24141 9131
14:05:14 36764 10571
14:06:14 35067 16099
14:07:15 129826 18061
14:08:15 27548 6175
14:09:16 5142 3621
14:10:16 48257 6052
14:11:17 34921 7689
14:12:18 24193 3948
14:13:18 36636 3046
14:14:18 46406 4516
14:15:19 99748 5886
14:16:19 114237 25085
14:17:19 98980 18460
14:18:19 299846 19226
14:19:19 70683 26822
14:20:20 677502 38097
14:21:20 68960 9745
14:22:20 35113 5152
14:23:20 358830 17370
14:24:21 63986 14183
14:25:22 64842 6477
14:26:22 30958 5016
14:27:23 115119 20115
14:28:26 87156 6600
14:29:23 9146 1859
14:30:23 8879 3523
14:31:24 229793 10814
14:32:24 23461 10333
14:33:24 1589 1876
14:34:25 56988 13030
14:35:25 47058 14300
14:36:26 53129 5444
14:37:26 122113 15271
14:38:27 656 1014
14:39:27 42366 3834
14:40:27 367923 33670
14:41:28 24941 9754
14:42:28 108174 17712
14:43:29 158074 10754
14:44:30 14277 3944
14:45:33 164776 11996
14:46:31 110249 5720
14:47:31 63967 13153
14:48:32 31307 12821
14:49:32 111513 9625
14:50:32 130050 9183
14:51:32 -1 -1
14:52:54 10436 1450
14:53:33 64626 10700
14:54:34 5148 3048
14:55:34 70129 16961
14:56:34 13624 8901
14:57:34 53104 5006
14:58:35 99328 15322
14:59:35 22810 5911
15:00:35 220039 17935
15:01:35 178260 16881
15:02:36 304434 33758
15:03:36 998301 39053
15:04:36 55106 15759
15:05:36 26005 28141
15:06:36 80773 6804
15:07:37 438944 19497
15:08:37 37989 6593
15:09:37 66372 4007
15:10:37 104357 7184
15:11:38 127217 13141
15:12:39 25571 4742
15:13:39 24710 3690
15:14:39 299334 15632
15:15:40 222457 51672
15:16:40 261250 25999
15:17:40 201010 12959
15:18:40 218661 14324
15:19:41 69836 17735
15:20:41 291721 14516
15:21:41 34370 10218
15:22:40 -1 -1
15:23:41 41868 15085
15:24:42 48976 11665
15:25:42 298735 21151
15:26:42 134859 16789
15:27:42 336610 32876
15:28:45 126963 13906
15:29:43 62950 9395
15:30:43 102087 14433
15:31:44 167817 19012
15:32:44 178534 43248
15:33:44 94157 37029
15:34:44 168329 38803
15:35:44 222314 41506
15:36:45 285860 11233
15:37:45 303540 57958
15:38:45 436852 50686
15:39:45 7409 14497
15:40:45 66185 47092
15:41:46 155083 42575
15:42:49 19188 40087
15:43:46 984510 35255
15:44:46 119563 10190
15:45:47 87878 12686
15:46:47 125738 18395
15:47:47 19656 132225
15:48:47 33353 77437
15:49:48 49842 11675
15:50:48 109571 18460
15:51:48 184439 13872
15:52:49 3978579 107548
15:53:49 266502 64944
15:54:49 124971 13526
15:55:49 395080 28535
15:56:50 178796 39172
15:57:50 59918 21124
15:58:50 18709 81268
15:59:50 59233 5544
16:00:50 132084 20922
16:01:51 162624 38917
16:02:51 98723 5878
16:03:51 242653 19036
16:04:51 36859 4416
16:05:52 57387 21205
16:06:52 37141 3761
16:07:52 121307 13102
16:08:52 314290 14461
16:09:52 85919 7666
16:10:52 283652 19487
16:11:53 9499 1879
16:12:53 73180 7049
16:13:53 166031 23628
16:14:54 417278 16314
16:15:54 254634 20727
16:16:54 103796 15879
16:17:54 82975 7411
16:18:54 75877 58700
16:19:55 14906 52441
16:20:55 240902 53893
16:21:55 78529 52844
16:22:55 341012 70571
16:23:56 67341 61531
16:24:56 240668 24282
16:25:56 126248 16598
16:26:56 100387 36283
16:27:56 133531 17936
16:28:57 540860 29172
16:30:00 76109 4236
16:30:57 284498 21949
16:31:57 148063 11753
16:32:57 114843 10420
16:33:59 102608 8589
16:34:59 116825 9396
16:35:59 307246 18984
16:36:59 470800 28612
16:38:00 52410 10443
16:39:00 229239 16176
16:40:00 525503 16868
16:41:00 155594 16347
16:42:00 230096 24443
16:43:01 223492 16811
16:44:01 122906 22211
16:45:01 150780 28968
16:46:01 186121 92470
16:47:01 62283 12289
16:48:02 74998 6278
16:49:02 101678 15749
16:50:02 88731 9127
16:51:02 195381 18893
16:52:02 72578 5775
16:53:02 218683 22071
16:54:03 121520 173241
16:55:03 214589 182993
16:56:04 25555 141146
16:57:04 80307 149555
16:58:04 54130 16811
16:59:05 42109 20118
17:00:05 109430 15115
17:01:05 159386 8255
17:02:05 185050 43665
17:03:06 186300 17681
17:04:06 238575 13848
17:05:05 -1 -1
17:06:07 266315 16085
17:07:07 169584 10051
17:08:07 374367 23578
17:09:07 202616 16184
17:10:08 4393 3611
17:11:08 70260 16643
17:12:08 834715 41179
17:13:08 80428 13361
17:14:08 124103 17492
17:15:09 54497 4646
17:16:09 37254 6511
17:17:09 127609 7925
17:18:09 100731 14392
17:19:10 174618 14769
17:20:10 107882 7242
17:21:10 58252 9118
17:22:10 267295 34759
17:23:11 265219 62951
17:24:11 99519 569478
17:25:11 143785 337390
17:26:12 43773 5410
17:27:12 149174 11791
17:28:14 239801 76153
17:29:13 52368 8250
17:30:13 225890 12644
17:31:13 160437 11793
17:32:14 134695 8616
17:33:14 34014 6839
17:34:14 16392 4445
17:35:14 9587965 226074
17:36:14 510422 43149
17:37:15 8415 34228
17:38:15 256958 91416
17:39:16 5136 2867
17:40:16 48753 4046
17:41:16 37514 2632
17:42:16 54614 3974
17:43:17 172831 16156
17:44:18 40669 5407
17:45:18 48555 4464
17:46:18 146248 20033
17:47:19 115654 9158
17:48:19 139455 8573
17:49:19 929061 40168
17:50:19 168711 8963
17:51:20 112540 18504
17:52:20 57615 8991
17:53:20 60957 8366
17:54:20 121259 16406
17:55:21 4410 5098
17:56:21 39741 9688
17:57:21 109211 9477
17:58:21 71889 13813
17:59:22 81817 25487
18:00:22 2574 1903
18:01:22 282008 10727
18:02:22 47945 9967
18:03:23 207146 34775
18:04:23 42287 5709
18:05:23 31573 6790
18:06:23 11624 3940
18:07:24 1068223 41485
18:08:24 146393 4974
18:09:24 49521 11619
18:10:24 232623 17688
18:11:25 451221 44689
18:12:25 109148 13669
18:13:25 101044 18014
18:14:25 200361 20072
18:15:26 32252 3773
18:16:26 27790 6408
18:17:26 82394 62700
18:18:26 85650 8547
18:19:27 100445 8564
18:20:27 50108 5427
18:21:27 43685 11745
18:22:28 13850 3685
18:23:29 123826 9337
18:24:29 57906 7837
18:25:29 139765 5865
18:26:30 58756 3995
18:27:30 49488 9884
18:28:31 85499 5919
18:29:31 108771 5442
18:30:31 174717 11328
18:31:32 119706 15264
18:32:32 68626 6838
18:33:32 30895 3485
18:34:32 31173 2509
18:35:32 61139 12517
18:36:32 42343 5800
18:37:33 5896 2857
18:38:33 315391 26754
18:39:33 105818 8832
18:40:34 25528 13167
18:41:34 15726 11817
18:42:34 164898 14945
18:43:34 198280 15686
18:44:34 192774 22114
18:45:35 119595 6925
18:46:38 144090 4942
18:47:35 28823 11816
18:48:35 47197 5721
18:49:36 15719 3697
18:50:36 56138 3921
18:51:36 57867 12910
18:52:36 81748 3959
18:53:37 145099 13451
18:54:37 33973 12195
18:55:37 128794 11738
18:56:37 20228 5695
18:57:38 28805 3925
18:58:38 3239 2132
18:59:38 30495 6092
19:00:38 40168 8222
19:01:38 40769 11825
19:02:39 42646 12184
19:03:39 94644 5973
19:04:39 164527 9931
19:05:39 214528 21041
19:06:40 400199 27878
19:07:40 52970 5232
19:08:40 92743 13985
19:09:40 1238 2224
19:10:40 143137 6518
19:11:41 70465 12465
19:12:41 2126005 51033
19:13:41 113879 8229
19:14:42 170684 22255
19:15:42 50150 4629
19:16:42 24896 6253
19:17:42 12463 4252
19:18:42 13079 2248
19:19:42 63044 5443
19:20:43 50778 6509
19:21:43 153765 5604
19:22:43 29975 5140
19:23:43 48960 13888
19:24:43 37526 8035
19:25:44 55208 9427
19:26:44 21725 4645
19:27:44 20267 4242
19:28:44 148063 13258
19:29:45 691628 24889
19:30:45 64342 5120
19:31:45 24364 4257
19:32:45 9212710 217701
19:33:46 24823 6571
19:34:47 27771 4483
19:35:47 45971 17673
19:36:47 215916 24151
19:37:48 8808 4593
19:38:48 52380 4890
19:39:48 78374 7482
19:40:48 206763 16289
19:41:49 115926 15645
19:42:49 50599 5803
19:43:49 58435 4601
19:44:49 35331 4522
19:45:49 201800 17041
19:46:50 17261 3479
19:47:50 55095 12955
19:48:50 9776 2019
19:49:50 39146 8541
19:50:51 6953 3647
19:51:51 40187 8441
19:52:51 17551 4863
19:53:51 43182 12769
19:54:51 40960 3527
19:55:51 94515 11758
19:56:52 28204 11222
19:57:52 1342 812
19:58:52 55090 6195
19:59:52 12757 8389
20:00:53 98570 11154
20:01:53 56910 6255
20:02:53 58106 10553
20:03:53 42756 5678
20:04:53 129792 8357
20:05:54 75809 40545
20:06:54 92518 6279
20:07:53 -1 -1
20:08:54 95746 20434
20:09:54 261861 10041
20:10:55 126574 14801
20:11:55 9017 4472
20:12:55 4500 3759
20:13:55 3162 2439
20:14:56 243467 52011
20:15:56 35040 3182
20:16:56 147584 30819
20:17:56 36053 3649
20:18:56 31157 2957
20:19:57 35192 5442
20:20:57 48520 6890
20:21:57 46390 6691
20:22:57 11941 1974
20:23:58 285205 21698
20:24:58 434039 21242
20:25:58 215338 21567
20:26:58 42411 4888
20:27:59 538406 28902
20:28:59 25425 3102
20:29:59 47847 7402
20:30:59 89946 12572
20:31:59 142658 12062
20:33:00 58952 13675
20:34:00 36988 2294
20:35:00 30744 18546
20:36:00 21885 4217
20:37:01 6210 4003
20:38:01 169571 16341
20:39:01 66034 22163
20:40:01 39318 8827
20:41:01 24209 3902
20:42:01 47977 6560
20:43:02 155171 25875
20:44:02 3276 2263
20:45:02 10226 2764
20:46:02 68065 13808
20:47:03 53568 8017
20:48:03 7711 5815
20:49:03 2176 894
20:50:03 4596 2215
20:51:03 174925 8790
20:52:04 245816 20724
20:53:04 5443 3285
20:54:04 156775 14415
20:55:04 28307 15364
20:56:04 2924 1559
20:57:05 87200 12077
20:58:05 99281 13338
20:59:05 524062 27201
21:00:05 27619 4520
21:01:06 124599 91680
21:02:06 137652 14096
21:03:06 18272 229742
21:04:06 2279 1858
21:05:06 21928 5516
21:06:07 26721 13647
21:07:07 1675 1868
21:08:07 9660 3906
21:09:07 15378 15088
21:10:07 6774 4645
21:11:07 35848 9287
21:12:08 34721 265801
21:13:08 14333 4436
21:14:08 38925 11109
21:15:08 100525 9087
21:16:09 136194 15709
21:17:09 85453 6742
21:18:09 53893 16071
21:19:09 34596 12826
21:20:10 74807 10286
21:21:10 99793 11816
21:22:10 36988 2997
21:23:10 68991 6235
21:24:11 50436 30978
21:25:11 13432 5969
21:26:11 56059 9638
21:27:11 36391 10074
21:28:12 95412 9180
21:29:12 28251 8878
21:30:12 50323 4998
21:31:12 72046 6296
21:32:12 32504 12624
21:33:13 14312 4003
21:34:13 122639 10630
21:35:13 173121 10720
21:36:13 82511 6828
21:37:14 98792 9554
21:38:14 88714 10119
21:39:14 145566 17925
21:40:14 23359 3908
21:41:14 9841 1658
21:42:15 90455 18552
21:43:15 121908 6650
21:44:15 206603 79783
21:45:15 26888 3071
21:46:16 30934 2413
21:47:16 41027 14737
21:48:16 19105 4406
21:49:16 171604 16614
21:50:17 5049 6363
21:51:17 111297 21889
21:52:17 64663 3220
21:53:17 27951 3573
21:54:17 64406 20785
21:55:18 63407 9549
21:56:18 22809 10776
21:57:18 32227 6974
21:58:18 41770 7812
21:59:19 55313 6008
22:00:19 142135 20860
22:01:19 232528 17716
22:02:19 149273 8725
22:03:20 125415 20816
22:04:20 50285 8708
22:05:20 17560 6903
22:06:21 102096 12522
22:07:21 103588 12714
22:08:21 25357 11731
22:09:21 25664 3677
22:10:21 95026 7769
22:11:22 46899 12309
22:12:22 41955 5315
22:13:22 30102 10754
22:14:22 167381 14008
22:15:23 103748 16409
22:16:23 41809 11543
22:17:23 22801 9800
22:18:23 60209 11641
22:19:24 68103 157970
22:20:24 86449 5769
22:21:24 25286 5490
22:22:24 14497 10344
22:23:25 3934 3173
22:24:25 12181 5123
22:25:25 20220 8084
22:26:25 3869 3967
22:27:26 62275 9162
22:28:26 3227 3261
22:29:26 28838 4689
22:30:26 96744 15183
22:31:27 39850 7034
22:32:27 24428 152441
22:33:27 269886 20170
22:34:27 124392 11827
22:35:28 17820 4595
22:36:28 9255 4828
22:37:28 91296 8367
22:38:28 125383 10449
22:39:29 103652 16782
22:40:29 233065 20524
22:41:29 52363 15188
22:42:30 79024 10675
22:43:30 7129 2614
22:44:30 44019 38817
22:45:30 64652 14996
22:46:31 70898 19685
22:47:31 37173 9220
22:48:31 8959 1465
22:49:31 73836 14026
22:50:32 67308 3597
22:51:32 41503 3482
22:52:32 420463 22964
22:53:32 136715 18637
22:54:33 65284 26745
22:55:33 20298 9187
22:56:32 -1 -1
22:57:33 205248 13568
22:58:33 -1 -1
22:59:34 27633 2995
23:00:34 124888 30429
23:01:35 33412 3227
23:02:35 119761 14793
23:03:35 47236 13127
23:04:35 26177 2875
23:05:36 84526 11969
23:06:36 3757 3712
23:07:36 19458 5007
23:08:36 9351 2860
23:09:37 71267 12090
23:10:37 5443 5143
23:11:37 15846 5150
23:12:37 48733 5622
23:13:38 20548 4025
23:14:38 57404 11952
23:15:38 33972 8083
23:16:38 74637 10837
23:17:39 159100 12764
23:18:39 136400 12932
23:19:39 126061 7511
23:20:40 5832 3361
23:21:40 8420 3606
23:22:40 48140 11020
23:23:40 90828 9162
23:24:40 31377 5190
23:25:41 21175 3695
23:26:41 20053 9078
23:27:41 65190 15810
23:28:41 193842 9594
23:29:42 107986 18038
23:30:42 14399 2659
23:31:45 11712 1813
23:32:42 79903 6633
23:33:43 145813 17400
23:34:43 53825 5358
23:35:43 29525 4270
23:36:44 67739 16206
23:37:44 49957 11047
23:38:44 64261 6467
23:39:44 27499 4033
23:40:45 62793 10476
23:41:45 42418 4882
23:42:46 156438 11409
23:43:46 31223 3766
23:44:46 201511 22218
23:45:47 44763 16291
23:46:47 53110 4928
23:47:48 108371 13280
23:48:48 52946 11208
23:49:49 12468 2759
23:50:50 55158 5824
23:51:50 28415 9323
23:52:51 12214285 274394
23:53:52 38298 10743
23:54:53 40227 16173
23:55:53 95608 9160
23:56:54 11919 74107
23:57:54 93751 7653
23:58:54 154842 20123
23:59:54 51105 6076
