00:01:17 80803 33598
00:02:39 134424 20173
00:03:24 13757 3868
00:04:18 297177 13252
00:05:18 82328 5758
00:06:19 56291 9821
00:07:20 41338 3742
00:08:21 132470 9731
02:00:07 9782 931
02:01:08 18688 3286
02:02:08 162722 11045
02:03:09 2874 892
02:04:09 174670 9090
02:05:10 18407 5088
02:06:10 186 192
02:07:11 5624 5056
02:08:11 2372 1384
02:09:11 16174 6641
02:10:14 9603 510
02:11:12 39310 3109
02:12:13 7049 1574
02:13:13 8928 1437
02:14:13 44100 16102
02:15:14 189926 5420
02:16:14 214826 7480
02:17:15 54 60
02:18:15 15072 1091
02:19:16 27040 8719
02:20:16 132 588
02:21:17 684 1529
02:22:20 25979 1712
02:23:18 37441 3422
02:24:18 2774 2909
02:25:18 19644 2597
02:26:19 62018 3506
02:27:19 666 1178
02:28:20 11617 1421
02:29:20 4224 1042
02:30:20 30299 5613
02:31:21 2528 2358
02:32:21 11857 654
02:33:22 88506 3162
02:34:22 35008 3931
02:35:22 108 120
02:36:23 17578 1867
02:37:23 102558 7088
02:38:24 7372 1702
02:39:24 782 722
02:40:24 57951 6242
02:41:25 48852 7218
02:42:25 48076 3180
02:43:25 44217 9058
02:44:26 11519 1830
02:45:26 54 120
02:46:27 47571 5793
02:47:27 6173 2961
02:48:31 19350 2552
02:49:31 1864 905
02:50:28 22948 1776
02:51:29 324 4780
02:52:29 186 312
02:53:29 109685 9269
02:54:30 125646 13493
02:55:31 211005 8851
02:56:31 187455 15879
02:57:31 2506 2232
02:58:31 22831 7001
02:59:32 29945 1416
03:00:32 15629 1065
03:01:33 396 570
03:02:33 52186 1624628
03:03:34 5406 1164
03:04:34 40876 1430774
03:05:35 3598 1607
03:06:35 64679 2250
03:07:35 77313 17915
03:08:36 36078 2844
03:09:36 54 0
03:10:37 6457 654
03:11:37 20526 726
03:12:37 12581 1464
03:13:38 15668 2879
03:14:38 28627 3228
03:15:38 8278 1134
03:16:38 34606 5971
03:17:39 54 0
03:18:39 25793 69989
03:19:40 252 390
03:20:40 120 186
03:21:40 29185 1562
03:22:41 15097 1938
03:23:41 330 326
03:24:41 16135 1914
03:25:42 14713 1038
03:26:42 413 630
03:27:42 267304 12261856
03:28:43 23296 19933
03:29:43 67804 6537
03:30:43 1368 6446
03:31:44 54 60
03:32:44 7010 925
03:33:44 23981 1186
03:34:45 19048 2771
03:35:45 285068 13277
03:36:45 249980 12171444
03:37:46 654 984
03:38:46 54 120
03:39:46 120 66
03:40:47 40160 1560
03:41:47 2592 4170
03:42:47 397 746
03:43:48 104226 3351
03:44:48 165004 14073
03:45:49 5296 1501
03:46:49 39904 4558
03:47:49 151830 20646
03:48:49 109810 10131
03:49:50 55321 3123
03:50:50 5839 660
03:51:51 397 594
03:52:51 17875 913
03:53:51 20242 1025
03:54:52 57478 4718
03:55:52 3304 686
03:56:52 4027 1346
03:57:53 2988 926
03:58:53 54 0
03:59:53 706 5748
04:00:54 54 60
04:01:54 125666 3962
04:02:54 74598 6121
04:03:55 108 60
04:04:55 366 384
04:05:56 21206 2047
04:06:56 1062 909
04:07:56 48095 3400
04:08:56 44966 2633
04:09:57 6758 503
04:10:57 162 180
04:11:58 23736 1314
04:12:58 38125 3666
04:13:58 58628 3490
04:14:58 30698 6363
04:15:59 580 767
04:16:59 47770 9276
04:17:59 397 442
04:19:00 11188 1021
04:20:00 132 74
04:21:00 54 60
04:22:01 242179 11318236
04:23:01 87708 414697
04:24:01 31779 2197
04:25:02 32283 1182
04:26:02 47550 28048
04:27:02 54 0
04:28:03 14994 426
04:29:03 59618 9110
04:30:03 2617 348
04:31:04 30370 1332
04:32:04 81830 2816
04:33:05 54 60
04:34:05 24413 1035502
04:35:05 28662 1224888
04:36:06 54 60
04:37:06 432 617
04:38:06 10441 1381
04:39:07 71203 4526
04:40:07 80476 4236
04:41:07 10906 2532
04:42:08 20548 2879
04:43:08 228 378
04:44:08 15271 3847
04:45:09 847 950
04:46:09 263489 11296604
04:47:09 30148 2869
04:48:10 10702 549
04:49:10 18314 1037
04:50:10 51511 9183
04:51:11 294 312
04:52:11 2626 1001
04:53:11 54 60
04:54:12 20754 11079
04:55:12 339 323
04:56:13 135 180
04:57:13 43136 2187
04:58:13 20453 1015
04:59:14 239 329
05:00:14 20310 2567
05:01:14 1075 1618
05:02:15 23777 2401
05:03:15 19833 2468
05:04:15 45144 5730
05:05:16 40160 2758
05:06:16 53572 4057
05:07:16 550 723
05:08:17 1784 1033
05:09:17 27806 5065
05:10:17 2428 3361
05:11:18 359 380
05:12:18 108 454
05:13:18 37554 6456
05:14:19 140973 10085
05:15:19 18969 3311
05:16:19 80595 8102
05:17:20 3814 724
05:18:20 67905 4100
05:19:21 107482 14176
05:20:21 331226 16973
05:21:21 1371 1606
05:22:22 493 2254
05:23:22 54 60
05:24:22 162 180
05:25:23 2416 1974
05:26:23 54 60
05:27:23 54 60
05:28:24 21166 8043
05:29:24 948 4288
05:30:24 6367 1988
05:31:25 66339 2448
05:32:25 280759 13830
05:33:25 54 120
05:34:26 54 60
05:35:26 110283 16139
05:36:26 5684 770
05:37:27 784 1280
05:38:27 4073 2235
05:39:28 20344 2775
05:40:28 1434 3074
05:41:28 36775 2845
05:42:29 107832 4809
05:43:29 70679 3474
05:44:29 246271 10688
05:45:29 9360 2007
05:46:30 452 458
05:47:30 16310 2752
05:48:30 15683 1728
05:49:31 264 266
05:50:31 1786 637
05:51:32 54 120
05:52:32 3264 1476
05:53:32 16149 4174
05:54:32 13221 1295
05:55:33 1549 1353
05:56:33 53642 3922
05:57:34 120 246
05:58:34 40557 5387
05:59:34 25204 4893
06:00:35 155364 2846
06:01:35 2262 888
06:02:36 3854 6068
06:03:36 54 60
06:04:36 42990 2143
06:05:37 54 186
06:06:37 54 60
06:07:38 108 60
06:08:38 24654 840
06:09:38 11756 2088
06:10:39 4236 1304
06:11:39 1046 1366
06:12:40 269 620
06:13:40 203 404
06:14:40 13741 5854
06:15:41 186 192
06:16:41 54 60
06:17:41 1600 430
06:18:42 10166 1876
06:19:42 62924 7929
06:20:42 144 60
06:21:43 17719 1115
06:22:43 90124 14817
06:23:43 11871 1432
06:24:44 51730 2175
06:25:44 54 60
06:26:44 0 60
06:27:45 54 60
06:28:45 10611 1708
06:29:45 43859 7453
06:30:46 81352 9843
06:31:46 14746 1128
06:32:47 64101 4292
06:33:47 2366 2278
06:34:47 810 1180
06:35:47 54 300
06:36:48 136679 7969
06:37:48 706 782
06:38:49 17716 9515
06:39:49 58408 3852
06:40:49 18081 2312
06:41:49 2728 2034
06:42:50 76398 3559
06:43:50 1822 378
06:44:50 76323 4854
06:45:51 588 3548
06:46:51 1864 811
06:47:52 34105 3185
06:48:52 22577 9821
06:49:52 42019 4784
06:50:53 54 152
06:51:53 15304 1325
06:52:53 28245 2242
06:53:54 2525 1987
06:54:54 29833 2292
06:55:54 120 66
06:56:54 31455 5577
06:57:55 3413 4666
06:58:55 7078 1164
06:59:55 330 833
07:00:56 10824 738
07:01:56 13970 1730
07:02:56 108188 8287
07:03:57 57440 3116
07:04:57 2375 1387
07:05:57 34090 2004
07:06:58 93196 13345
07:07:58 18238 1709
07:08:58 7222 1018
07:09:59 194 262
07:10:59 210 274
07:11:59 10435 1101
07:13:00 203 224
07:14:00 4764 2106
07:15:00 240 192
07:16:01 46083 6459
07:17:01 17876 1087
07:18:02 14287 914
07:19:02 54 120
07:20:02 162 180
07:21:03 4796 2082
07:22:03 4308 1500
07:23:03 2044 1568
07:24:04 78133 5729
07:25:04 54 60
07:26:05 2017 330
07:27:05 1196 813
07:28:05 66231 5336
07:29:05 3316 1227
07:30:06 4276 3933
07:31:06 1817 776
07:32:06 79450 8672
07:33:07 77819 5742
07:34:07 9340 1405
07:35:07 6081 3269
07:36:08 27473 1903
07:37:08 54 60
07:38:08 5111 933
07:39:09 14346 2924
07:40:09 23765 934
07:41:09 52611 4074
07:42:10 54 60
07:43:10 4536 126
07:44:10 17711 654
07:45:11 29316 3977
07:46:11 30363 3104
07:47:11 54 60
07:48:12 2436 1145
07:49:12 726 378
07:50:12 876 1304
07:51:13 54 60
07:52:13 54 120
07:53:13 9936 840
07:54:13 3694 654
07:55:14 10005 720
07:56:14 114933 5266
07:57:14 12708 588
07:58:15 1266 1901
07:59:15 103178 3340
08:00:15 74949 2934
08:01:16 1941 1178
08:02:16 458 798
08:03:16 54 60
08:04:17 1961 819
08:05:17 186 434
08:06:17 69958 2502
08:07:18 10327 984
08:08:18 11020 1670
08:09:18 41101 8359
08:10:18 69496 10667
08:11:19 3194 588
08:12:19 1064 582
08:13:19 27807 2068
08:14:20 76969 9211
08:15:20 25900 1124
08:16:20 120 426
08:17:21 132 60
08:18:21 1548 60
08:19:21 54 186
08:20:22 43118 4049
08:21:22 160367 13140
08:22:22 17888 1040
08:23:23 186 522
08:24:24 28226 2566
08:25:24 586 2898
08:26:24 40828 2691
08:27:25 9666 9724
08:28:25 21957 4928
08:29:25 57951 3890
08:30:26 12599 2613
08:31:26 3394 2975
08:32:26 37913 3457
08:33:26 374 322
08:34:27 66488 5969
08:35:27 7758 2243
08:36:27 142232 15033
08:37:28 256 320
08:38:28 129408 5648
08:39:28 54 588
08:40:29 121247 6956
08:41:29 2876 4571
08:42:30 104230 7931
08:43:30 41970 2443
08:44:30 166890 35515
08:45:31 4197 3883
08:46:31 67647 7666
08:47:31 2785 1964
08:48:31 76379 12593
08:49:32 3101 1245
08:50:32 36132 4154
08:51:33 1658 1177
08:52:33 1250 769
08:53:33 16792 1140
08:54:34 16312 1455
08:55:35 1328 843
08:56:35 609438 23168
08:57:35 356830 16781
08:58:36 54 60
08:59:36 266606 12085
09:00:37 6319 1424
09:01:37 1358 3633
09:02:37 14583 1979
09:03:37 72804 3446
09:04:38 103722 5996
09:05:38 288660 15165
09:06:38 7407 1400
09:07:38 81158 1806
09:08:39 513288 29397
09:09:39 4140 4909
09:10:39 315586 16053
09:11:39 16411 1594
09:12:40 102089 7495
09:13:40 173237 7049
09:14:43 144145 8137
09:15:40 13220 780
09:16:44 26406 6164
09:17:41 43932 27785
09:18:42 2326 3652
09:19:42 55094 9884
09:20:42 243785 8203
09:21:42 171388 10571
09:22:46 155597 5098
09:23:43 124053 37142
09:24:43 291097 19004
09:25:44 54 60
09:26:47 34514 7399
09:27:44 13318 1685
09:28:44 313633 8580
09:29:45 88528 4753
09:30:45 484704 33449
09:31:45 162841 10307
09:32:46 154271 6061
09:33:46 395493 15282
09:34:46 110020 5858
09:35:46 310125 19787
09:36:47 152858 7623
09:37:47 111702 5550
09:38:48 63460 17798
09:39:48 38210 1460
09:40:48 134653 21339
09:41:49 66401 9390
09:42:49 33533 2267
09:43:49 246620 18593
09:44:50 25247 6303
09:45:50 89464 10302
09:46:50 146242 9646
09:47:50 21277 6330
09:48:50 178981 14092
09:49:51 75358 11128
09:50:51 49136 1484
09:51:51 11020 938
09:52:51 99300 13925
09:53:52 90497 8792
09:54:52 47422 4950
09:55:51 -1 -1
09:56:52 39674 9894
09:57:53 1680 312
09:58:53 165603 7997
09:59:53 20236 1862
10:00:53 61849 2022
10:01:54 137207 6725
10:02:54 27712 2573
10:03:54 261607 15638
10:04:54 21546 5990
10:05:54 5264 641
10:06:55 96508 4479
10:07:55 508295 20028
10:08:55 6872 1057
10:09:55 10795 2890
10:10:56 450 518
10:11:56 13786 3662
10:12:56 12262 1894
10:13:57 100950 5491
10:14:57 97018 10307
10:15:57 46145 8615
10:17:06 49259 5467
10:17:58 43019 3257
10:18:58 5088 600
10:20:01 184575 6802
10:20:59 2308 36544
10:21:59 1444 1675
10:23:01 54 0
10:24:02 130661 4502
10:25:02 162 60
10:26:05 41572 1020
10:27:03 17099 1458
10:28:03 27067 62103
10:29:03 54 60
10:30:04 2872 833
10:31:04 27101 1908
10:32:04 49965 10382
10:33:05 71685 30702
10:34:05 163165 9519
10:35:05 2312 646
10:36:06 108000 14632
10:37:06 53108 3379
10:38:07 14222 1179
10:39:07 108 126
10:40:08 11858 574
10:41:08 16211 4666
10:42:08 3448 1284
10:43:09 32125 3102
10:44:09 48915 4167
10:45:09 33393 4521
10:46:10 29065 3819
10:47:10 71524 3148
10:48:10 115533 3694
10:49:11 184260 4938
10:50:11 343772 12393
10:51:12 586 3227
10:52:12 16187 2048
10:53:12 25849 4324
10:54:13 43718 1774
10:55:13 21536 1206
10:56:14 51979 16791
10:57:24 121981 6707
10:58:16 199338 25900
10:59:16 8329 645
11:00:16 59508 5744
11:01:16 2967 2747
11:02:17 94399 4967
11:03:17 653690 43655
11:04:17 132019 8799
11:05:17 30894 1672
11:06:18 240 254
11:07:19 188089 6770
11:08:19 429296 23451
11:09:19 310638 23199
11:10:19 5535 2952
11:11:20 576218 26123
11:12:20 37689 10184
11:13:23 75774 6260
11:14:21 10500 3487
11:15:22 44282 6200
11:16:23 182 194
11:17:23 354033 22441
11:18:23 55772 3891
11:19:23 11252 1413
11:20:24 97500 6515
11:21:24 99075 3232
11:22:24 725 16564
11:23:25 655473 40221
11:24:25 10008 3969
11:25:25 41240 4119
11:26:25 27378 1988
11:27:26 162068 8725
11:28:26 776 1169
11:29:26 3102 2457
11:30:26 64549 56856
11:31:27 297643 18174
11:32:27 1316 1650
11:33:27 15234 4373
11:34:28 289294 8656
11:35:29 7258 7245
11:36:30 90576 7339
11:37:31 64776 10028
11:38:31 3374 3345
11:39:31 1124 1880
11:40:32 32115 4548
11:41:32 100252 8349
11:42:32 86208 1914
11:43:32 19357 2804
11:44:36 54449 16826
11:45:33 181286 101636
11:46:34 7827 2485
11:47:34 22516 1320
11:48:34 66797 7814
11:49:34 10346 4799
11:50:34 96046 6237
11:51:35 19301 2591
11:52:36 108 180
11:53:36 47671 3068
11:54:37 876 2520
11:55:37 491738 28909
11:56:37 14470 2252
11:57:38 50901 13560
11:58:38 13230 13457
11:59:38 92314 5580
12:00:38 135222 7990
12:01:39 93926 980
12:02:39 76046 17996
12:03:39 34427 2275
12:04:39 290496 11062
12:05:40 36666 2122
12:06:41 27103 1631
12:07:41 36713 5192
12:08:41 14985 2097
12:09:41 15038 2797
12:10:41 189856 7756
12:11:42 710 886
12:12:42 249993 13496
12:13:42 661843 32787
12:14:43 108 360
12:15:43 42087 6157
12:16:44 20583 9686
12:17:45 23960 3431
12:18:45 27295 6076
12:19:45 19804 2549
12:20:46 42400 35487
12:21:46 21767 3620
12:22:46 2411 3110
12:23:46 937 1247
12:24:46 205513 15960
12:25:47 89603 5531
12:26:47 568 804
12:27:47 92739 3821
12:28:48 3782 595
12:29:48 10762 1856
12:30:48 395466 22388
12:31:49 132 74
12:32:49 1116 1038
12:33:49 252 528
12:34:49 61708 5447
12:35:49 25906 3780
12:36:50 10087 4673
12:37:50 1223 1361
12:38:50 26569 4408
12:39:51 2829 1423
12:40:51 108 272
12:41:51 5047 4561
12:42:51 360 570
12:43:52 8031 3797
12:44:52 34031 4200
12:45:52 2999 2809
12:46:52 32266 2456
12:47:52 1786 829
12:48:53 35595 5442
12:49:53 47256 4032
12:50:53 186 254
12:51:53 37323 2582
12:52:53 696519 11441
12:53:54 162202 3650
12:54:54 13751 14916
12:55:54 132 74
12:56:54 239834 19116
12:57:55 6538 1724
12:58:55 16247 979
12:59:55 254624 16086
13:00:56 53533 2846
13:01:56 36038 2489
13:02:56 28262 984
13:03:56 5096 5000
13:04:56 969 1690
13:05:57 96225 3082
13:06:57 14096 1398
13:07:57 472 740
13:08:57 51221 2817
13:09:57 320692 18700
13:10:57 76025 5938
13:11:58 52046 4784
13:12:58 104526 8978
13:13:58 17537 2736
13:14:58 9801 1682
13:15:59 54 0
13:16:59 81690 8842
13:17:59 54637 2851
13:18:59 76146 17929
13:19:59 17730 1070
13:21:00 198 667
13:22:00 60489 7998
13:23:00 5063 5062
13:24:01 38915 3006
13:25:01 81117 5709
13:26:01 28754 6359
13:27:01 17798 1444
13:28:02 61149 13216
13:29:02 27327 1794
13:30:02 48367 4254
13:31:02 3298 803
13:32:03 38852 11130
13:33:03 39067 14359
13:34:04 79805 9208
13:35:04 29049 2796
13:36:04 54 0
13:37:05 210076 18476
13:38:05 5170 825
13:39:05 276564 36566
13:40:05 66742 5900
13:41:05 29408 2151
13:42:06 90144 6047
13:43:07 81385 3846
13:44:07 138999 13457
13:45:07 171302 21676
13:46:07 137326 7673
13:47:09 173392 17340
13:48:09 16018 3319
13:49:09 380107 13586
13:50:09 5580 762
13:51:10 84612 6139
13:52:11 100535 27529
13:53:11 31509 2157
13:54:12 20813 2990
13:55:12 2244 6964
13:56:12 60402 3942
13:57:12 34015 19937
13:58:12 80919 44203
13:59:13 128382 10155
14:00:13 188549 13204
14:01:13 5292 3983
14:02:13 95664 8921
14:03:14 233053 7707
14:04:14 52767 3445
14:05:14 486 60
14:06:14 147659 6440
14:07:15 45577 4492
14:08:15 520444 27992
14:09:16 16462 6013
14:10:16 683849 31639
14:11:17 496827 28640
14:12:17 8723 2947
14:13:18 17723 13494
14:14:18 18217 486
14:15:19 357756 13857
14:16:19 934424 31034
14:17:19 274390 32197
14:18:19 3206 1876
14:19:20 96486 12498
14:20:20 50432 4843
14:21:20 34300 3320
14:22:20 67171 64927
14:23:20 511188 21233
14:24:21 201014 7154
14:25:22 206337 20838
14:26:22 338920 14514
14:27:22 320531 14441
14:28:23 77272 4786
14:29:23 266708 9367
14:30:23 280256 16271
14:31:24 378117 15288
14:32:24 33139 3750
14:33:24 154390 5020
14:34:25 137462 8441
14:35:25 37960 19262
14:36:28 221350 15073
14:37:26 333773 24722
14:38:27 3322 1041
14:39:27 22355 2443
14:40:27 1769 779
14:41:28 129275 9894
14:42:28 203461 8153
14:43:29 272047 11359
14:44:30 475842 20827
14:45:34 247108 7692
14:46:31 361784 14393
14:47:31 56533 5506
14:48:32 99560 11618
14:49:32 257405 9909
14:50:32 227350 4796
14:51:36 14388 306
14:52:35 -1 -1
14:53:33 230777 12204
14:54:34 360714 15169
14:55:34 224796 5678
14:56:34 210866 6076
14:57:34 125774 3508
14:58:35 257441 11817
14:59:38 227603 11810
15:00:35 251011 23985
15:01:35 342657 9309
15:02:36 436306 13204
15:03:36 309495 8151
15:04:36 246857 7274
15:05:36 414461 20760
15:06:36 282447 11230
15:07:37 356417 9210
15:08:37 300193 7236
15:09:37 297058 7860
15:10:37 315572 9908
15:11:38 507492 17780
15:12:39 578379 19208
15:13:39 303378 6582
15:14:39 322065 19208
15:15:40 382317 11075
15:16:40 292417 17690
15:17:40 442811 38040
15:18:43 260145 10834
15:19:41 152224 4194
15:20:41 161434 5072
15:21:41 242685 21178
15:22:44 186568 9351
15:23:41 234633 8688
15:24:42 222738 5094
15:25:42 336974 23936
15:26:42 195908 5752
15:27:42 440056 20271
15:28:42 219738 7916
15:29:43 377988 16588
15:30:43 459763 13598
15:31:44 199734 5081
15:32:44 170004 6237
15:33:44 133999 5685
15:34:44 165589 4215
15:35:44 168903 5027
15:36:45 231728 6528
15:37:48 218452 7732
15:38:45 130761 4842
15:39:45 213199 7131
15:40:45 214782 8816
15:41:46 135622 5177
15:42:46 219282 7785
15:43:46 221923 9001
15:44:46 152850 8999
15:45:47 261296 8368
15:46:47 156084 4956
15:47:47 448613 54968
15:48:47 203411 98339
15:49:51 642012 37242
15:50:48 202866 10174
15:51:49 148636 6377
15:52:49 36125 3818
15:53:49 41370 1266
15:54:49 118375 4056
15:55:49 375448 24029
15:56:50 177411 26321
15:57:50 395371 17146
15:58:50 218811 16805
15:59:50 277662 9356
16:00:50 74259 4611
16:01:51 244603 21711
16:02:51 510297 473832
16:03:51 107201 3505
16:04:51 269673 18273
16:05:51 105115 3524
16:06:52 58744 3308
16:07:52 319193 11751
16:08:52 268256 18106
16:09:52 89054 5112
16:10:52 438809 20520
16:11:53 425291 23455
16:12:53 50712 12637
16:13:53 375316 24059
16:14:54 522051 21133
16:15:54 177130 10535
16:16:54 367218 20946
16:17:54 110762 8192
16:18:57 245158 13375
16:19:57 245767 20491
16:20:55 41903 3196
16:21:55 3300 1575
16:22:55 108247 9341
16:23:56 180089 11914
16:24:56 217345 10601
16:25:56 252513 9022
16:26:56 78106 4870
16:27:56 809643 27423
16:28:57 123196 5446
16:29:57 61717 3530
16:30:57 75453 4089
16:31:58 217109 118643
16:32:58 134145 7840
16:33:59 54708 4550
16:34:59 37357 2657
16:35:59 183711 10428
16:36:59 77726 11492
16:38:00 86912 22698
16:39:00 10756 1795
16:40:00 15778 1403
16:41:00 79419 8863
16:42:01 192188 14611
16:43:01 20227 2648
16:44:01 397 682
16:45:01 117819 298782
16:46:01 1655 240
16:47:01 71713 3567
16:48:02 23351 2650
16:49:02 228 180
16:50:02 17152 894
16:51:02 28677 2787
16:52:02 432 1036
16:53:03 7728 881
16:54:03 254792 21087
16:55:03 68921 7093
16:56:04 6418 702
16:57:04 222134 26157
16:58:04 165930 28659
16:59:05 94458 6141
17:00:05 61715 4868
17:01:05 7856 542
17:02:05 146662 3966
17:03:06 80618 5997
17:04:06 57416 2428
17:05:05 -1 -1
17:06:07 26399 5394
17:07:07 49499 34694
17:08:07 56297 3413
17:09:07 52088 8837
17:10:08 105187 16845
17:11:08 6596 1533
17:12:08 156381 10777
17:13:08 57665 27395
17:14:08 557223 33120
17:15:09 177548 25961
17:16:09 180783 14817
17:17:09 4614 140
17:18:09 48876 4349
17:19:10 21119 1370
17:20:10 145158 5607
17:21:10 286578 10653
17:22:10 516055 28407
17:23:11 9452 3861
17:24:11 33179 6162
17:25:11 798402 33356
17:26:12 160150 8645
17:27:12 263400 61916
17:28:12 4495 666
17:29:13 96187 7196
17:30:13 8092 524
17:31:13 64792 3505
17:32:13 542873 21050
17:33:14 55026 7798
17:34:14 165933 4558
17:35:14 54280 7240
17:36:14 54975 3269
17:37:15 133345 4056
17:38:15 648 1254
17:39:16 30941 4436
17:40:16 12995 2274
17:41:16 571 562
17:42:17 27354 1464
17:43:17 180958 5734
17:44:18 62842 11975
17:45:18 36051 7330
17:46:18 74403 4451
17:47:19 672951 32171
17:48:19 30340 4278
17:49:19 112 246
17:50:19 329368 11076
17:51:20 36821 5049
17:52:20 47202 4028
17:53:20 8004 984
17:54:20 71211 3977
17:55:21 3288 5302
17:56:21 54 126
17:57:21 58272 9977
17:58:21 10155 1361
17:59:22 2312 629
18:00:22 12511 186
18:01:22 481850 18633
18:02:23 157611 9365
18:03:23 33992 2622
18:04:23 21513 2338
18:05:23 8516 2967
18:06:23 276700 11081
18:07:24 73498 4320
18:08:24 269136 17646
18:09:24 272526 11058
18:10:24 39219 6140
18:11:25 314 316
18:12:25 56090 1558
18:13:25 604976 26370
18:14:25 165123 12566
18:15:26 29725 3158
18:16:26 20178 1489
18:17:26 18535 3524
18:18:27 751575 27839
18:19:27 45393 2761
18:20:27 46517 10723
18:21:27 24145 3470
18:22:28 35966 3889
18:23:29 1028 820
18:24:29 96803 6107
18:25:29 537177 25494
18:26:30 29645 3403
18:27:30 53958 5078
18:28:31 17090 1369
18:29:31 2261 1012
18:30:31 2146 934
18:31:32 51908 6380
18:32:32 8196 534
18:33:32 19934 2803
18:34:32 132242 4213
18:35:32 1739 562
18:36:32 16141 2810
18:37:33 10279 1449
18:38:33 65629 4021
18:39:33 13050 2128
18:40:34 82086 27228
18:41:34 90839 19683
18:42:34 92307 6315
18:43:34 39114 1400
18:44:35 16566 5573
18:45:35 41658 4160
18:46:35 5223 1561
18:47:35 409378 18196
18:48:35 14862 1458
18:49:36 124053 3823
18:50:36 209457 6078
18:51:36 37406 2269
18:52:36 60752 4423
18:53:37 187536 11797
18:54:37 83179 14886
18:55:37 7932 1764
18:56:37 28883 3648
18:57:37 31232 3255
18:58:38 605187 22285
18:59:38 146543 28205
19:00:38 146172 5314
19:01:38 85521 7808
19:02:39 71528 2610
19:03:39 206571 14123
19:04:39 7970 878
19:05:39 9127 1164
19:06:39 236257 9243
19:07:40 26039 1567
19:08:40 1061275 50410
19:09:40 210 208
19:10:40 30888 1984
19:11:41 4904 4179
19:12:41 2642 1542
19:13:41 18608 7704
19:14:42 16645 2094
19:15:42 47669 1631
19:16:42 40508 4051
19:17:42 115422 4052
19:18:42 63825 4326
19:19:42 2342 985
19:20:43 162 252
19:21:43 54 502
19:22:43 2173 1110
19:23:43 49459 2172
19:24:44 39326 3933
19:25:44 61009 3518
19:26:44 24158 3281
19:27:44 70911 5365
19:28:44 240130 21042
19:29:45 222643 12539
19:30:45 44435 10719
19:31:45 22469 1970
19:32:45 9378 2267
19:33:46 89979 5081
19:34:47 34355 16341
19:35:47 137064 7072
19:36:47 58775 4965
19:37:48 581078 27687
19:38:48 50248 4739
19:39:48 93424 26097
19:40:48 77688 6444
19:41:49 5841 1757
19:42:49 186 378
19:43:49 84209 3084
19:44:49 38034 3533
19:45:49 48545 11974
19:46:50 24007 2937
19:47:50 1948 947
19:48:50 143260 6974
19:49:50 3655 1957
19:50:51 207001 14275
19:51:51 1062 1035
19:52:51 186 192
19:53:51 88277 9564
19:54:51 105081 12035
19:55:51 33031 2528
19:56:52 28744 11108
19:57:52 209180 6282
19:58:52 6356 453
19:59:52 63875 5892
20:00:53 4048 1794
20:01:53 54309 5339
20:02:53 1732 654
20:03:53 9998 3399
20:04:53 91093 20533
20:05:54 132 300
20:06:54 37270 2497
20:07:53 -1 -1
20:08:53 -1 -1
20:09:53 -1 -1
20:10:55 30196 2418
20:11:55 16635 1740
20:12:55 11899 3671
20:13:55 54 60
20:14:56 48126 18096
20:15:56 5497 6316
20:16:56 76320 2921
20:17:56 46587 17551
20:18:57 13903 2814
20:19:57 20181 1346
20:20:57 36162 1523
20:21:57 39597 2243
20:22:57 45944 5004
20:23:58 163432 5163
20:24:58 177223 11913
20:25:58 10405 6265
20:26:58 194056 14820
20:27:59 40053 25076
20:28:59 49428 10373
20:29:59 9473 11236
20:30:59 35982 5981
20:31:59 34811 1386
20:33:00 235907 10589
20:34:00 79283 14477
20:35:00 28767 21050
20:36:00 52914 12803
20:37:00 16281 34784
20:38:01 137180 23761
20:39:01 800363 29298
20:40:01 159295 60846
20:41:01 10078 12605
20:42:02 46788 4023
20:43:02 32694 6401
20:44:02 72730 6648
20:45:02 399263 13868
20:46:02 124863 5730
20:47:03 515005 50577
20:48:03 126225 19144
20:49:03 22554 1048
20:50:03 130106 9193
20:51:03 21618 2817
20:52:04 13802 1345
20:53:04 72495 4412
20:54:04 1836 1183
20:55:04 32239 3509
20:56:04 1261 836
20:57:05 17231 2169
20:58:05 73647 11047
20:59:05 64681 44560
21:00:05 735 766
21:01:06 25346 12285
21:02:06 43828 6495
21:03:06 119169 4536
21:04:06 59061 56336
21:05:06 24890 4644
21:06:07 200580 17554
21:07:07 40154 2645
21:08:07 20563 12596
21:09:07 29095 2575
21:10:07 634554 36510
21:11:07 358925 12470
21:12:08 8937 1693
21:13:08 24326 2025
21:14:08 54505 4282
21:15:08 868 1968
21:16:09 15526 4211
21:17:09 43821 3794
21:18:09 48368 8276
21:19:10 1883 863
21:20:10 42472 48652
21:21:10 2312 2467
21:22:10 135019 9050
21:23:10 63262 20955
21:24:11 256798 12083
21:25:11 216 300
21:26:11 13200 810
21:27:11 531843 14686
21:28:12 172988 13421
21:29:12 341972 12983
21:30:12 13009 20037
21:31:12 35836 52423
21:32:12 54 240
21:33:13 37652 3874
21:34:13 9796 2117
21:35:13 48334 2262
21:36:13 40009 7671
21:37:14 11198 1600
21:38:14 17040 3930
21:39:14 164628 10528
21:40:14 21303 2052
21:41:14 2008 1313
21:42:15 82526 23438
21:43:15 57436 3554
21:44:15 240 2461
21:45:15 41629 2998
21:46:16 24495 1965
21:47:16 54 126
21:48:16 11258 3586
21:49:16 31648 6266
21:50:17 6601 1442
21:51:17 6364 1187
21:52:17 104370 8696
21:53:17 108812 12897
21:54:17 267308 15882
21:55:18 30046 4071
21:56:18 113249 9174
21:57:18 214572 62859
21:58:18 103968 22600
21:59:19 87612 7378
22:00:19 129680 4911
22:01:19 1080 6760
22:02:19 11807 1178
22:03:20 44931 8960
22:04:20 214287 9336
22:05:20 12786 1498
22:06:21 30143 1676
22:07:21 12019 887
22:08:21 126177 8836
22:09:21 42438 2572
22:10:21 36582 2271
22:11:22 43146 1620
22:12:22 151425 5754
22:13:22 15013 2317
22:14:22 53322 2542
22:15:23 6540 487
22:16:23 191320 5046
22:17:23 30984 7901
22:18:23 450 797
22:19:24 29436 2485
22:20:24 56101 5495
22:21:24 105266 7448
22:22:24 2312 515
22:23:25 92821 19959
22:24:25 229814 7936
22:25:25 377724 17017
22:26:25 10566 1228
22:27:26 258513 20723
22:28:26 2675 1607
22:29:26 104871 15076
22:30:26 65211 10418
22:31:27 90845 7812
22:32:27 296329 8357
22:33:27 658524 22718
22:34:27 186 192
22:35:28 15062 3349
22:36:28 36406 4963
22:37:28 32355 2082
22:38:28 6138 258
22:39:29 80498 2821
22:40:29 108 60
22:41:29 95012 3829
22:42:30 46746 1860
22:43:30 33226 1550
22:44:30 69172 2226
22:45:30 21593 5719
22:46:31 128867 12733
22:47:31 1878 2918
22:48:31 3122 1810
22:49:31 348 5552
22:50:32 52306 3907
22:51:32 272472 7560
22:52:32 45256 3186
22:53:32 60327 4344
22:54:33 10192 2487
22:55:33 138825 5670
22:56:36 670 778
22:57:33 27714 8072
22:58:34 17028 1108
22:59:34 75156 6988
23:00:34 2936 774
23:01:35 98979 10308
23:02:35 61561 5171
23:03:35 93206 3011
23:04:35 20102 1653
23:05:36 28284 1046
23:06:36 211763 9516
23:07:36 1186 775
23:08:36 57164 3155
23:09:37 107512 3656
23:10:37 10278 320
23:11:37 22990 1809
23:12:37 150995 11112
23:13:38 101910 5123
23:14:38 148333 15027
23:15:38 893770 29294
23:16:38 143217 8108
23:17:39 47584 34915
23:18:39 134335 44572
23:19:39 3780 384
23:20:39 81231 3971
23:21:40 87556 3755
23:22:40 77759 3597
23:23:40 29152 1624
23:24:40 22141 20738
23:25:41 25368 5823
23:26:41 34203 12607
23:27:41 222728 12600
23:28:41 3144 384
23:29:45 14060 1026
23:30:42 4090 1155
23:31:42 3082 624
23:32:43 9890 2637
23:33:43 3289 568
23:34:43 4884 1085
23:35:43 5004 1133
23:36:44 3268 524
23:37:44 3082 456
23:38:44 15590 8139
23:39:45 31984 1458
23:40:45 37192 3541
23:41:45 122656 5496
23:42:46 531054 19414
23:43:46 31326 1206
23:44:46 25770 2002
23:45:47 252318 15971
23:46:47 3148 456
23:47:48 4662 582
23:48:48 32092 2602
23:49:49 325660 33026
23:50:50 205576 11304
23:51:50 4646 2998
23:52:51 8822 1926
23:53:52 29442 3787
23:54:53 58978 9400
23:55:53 101865 34812
23:56:54 18411 2719
23:57:55 49561 19156
23:58:55 54 420
23:59:55 32686 1470
