00:01:00 207685 9720
00:02:38 141954 15806
00:03:21 166347 10676
00:04:03 186819 10021
00:05:03 161843 35916
00:06:04 76567 8650
00:07:16 104755 10066
00:08:17 5430 4939
02:00:07 135778 11582
02:01:20 336419 14329
02:02:07 66240 6627
02:03:08 28996 1644
02:04:07 -1 -1
02:05:09 80821 4057
02:06:09 55077 5731
02:07:10 63571 8080
02:08:10 75509 5078
02:09:11 61476 7183
02:10:11 12122 2947
02:11:11 59525 5274
02:12:12 13338 9557
02:13:12 4961 3614
02:14:12 84726 9933
02:15:13 287415 17181
02:16:13 216706 11528
02:17:14 140695 9463
02:18:14 148932 7936
02:19:15 74184 5908
02:20:15 30223 4832
02:21:16 137134 6308
02:22:16 13465 4583
02:23:16 3169 4218
02:24:17 2953 1320
02:25:17 24796 5031
02:26:18 68339 7036
02:27:18 32223 3604
02:28:18 115421 12699
02:29:19 32935 7179
02:30:19 31337 6082
02:31:20 26721 3692
02:32:20 130746 9956
02:33:20 95511 8524
02:34:21 2319 1480
02:35:24 96043 7198
02:36:22 13939 3351
02:37:22 39239 3111
02:38:22 2303 714
02:39:23 4046 2945
02:40:23 126549 10243
02:41:24 58962 9726
02:42:24 67014 8992
02:43:24 94009 10882
02:44:25 29168 7380
02:45:25 21028 15015
02:46:26 37452 3844
02:47:26 83364 11182
02:48:26 3683 3746
02:49:27 28596 3186
02:50:27 50819 7296
02:51:28 16392 5303
02:52:28 161812 12354
02:53:28 11725 2769
02:54:29 60038 5838
02:55:29 13324 4027
02:56:30 47721 5508
02:57:30 161976 15089
02:58:30 71255 8464
02:59:31 119188 7116
03:00:31 25063 4940
03:01:32 316984 19006
03:02:32 15326 10520
03:03:32 125664 9085
03:04:33 14272 5277
03:05:33 5361 13422
03:06:34 106053 7558
03:07:35 19598 24409
03:08:36 28047 3893
03:09:36 2333 1882
03:10:36 72051 6677
03:11:37 4525 3480
03:12:37 194935 14173
03:13:38 126259 13133
03:14:38 7315 4937
03:15:38 2386 3043
03:16:38 37800 6062
03:17:39 10235 4992
03:18:39 33405 6540
03:19:39 44078 6451
03:20:40 7930 2414
03:21:40 10912 1129
03:22:41 49950 4164
03:23:41 78854 9493
03:24:41 28091 3704
03:25:41 296116 16138
03:26:42 333023 24282
03:27:42 38026 3851
03:28:42 31782 4360
03:29:43 40012 6133
03:30:43 15037 7141
03:31:43 120436 10001
03:32:44 16188 7765
03:33:44 18622 6364
03:34:44 29395 7256
03:35:45 22487 4694
03:36:45 217096 16963
03:37:45 42008 7760
03:38:46 142338 9663
03:39:46 82885 7785
03:40:47 63947 7272
03:41:47 196867 12572
03:42:47 45751 3798
03:43:48 22373 4000
03:44:48 26157 3136
03:45:48 19158 5239
03:46:49 1387 985
03:47:49 469947 40297
03:48:50 19743 4368
03:49:50 115218 7479
03:50:50 56227 9493
03:51:51 99159 9746
03:52:51 23268 4024
03:53:51 146089 28340
03:54:51 200198 14641
03:55:52 237875 12283
03:56:52 83525 6938
03:57:52 229942 14856
03:58:53 1190 1712
03:59:53 82512 9331
04:00:53 40586 5644
04:01:54 50247 3488
04:02:54 29349 3479
04:03:55 17455 2862
04:04:55 5229 1088
04:05:55 10332 2290
04:06:55 121768 9052
04:07:56 11416 2250
04:08:56 89646 9361
04:09:56 60462 6565
04:10:57 50012 3759
04:11:57 45104 3857
04:12:58 2668 2268
04:13:58 10468 2961
04:14:58 39517 11905
04:15:59 28897 2501
04:16:59 43269 2584
04:17:59 5835 5829
04:19:00 32035 4081
04:20:00 5817 3430
04:21:00 70388 5285
04:22:00 53819 10838
04:23:01 16148 4330
04:24:01 18535 8711
04:25:02 239452 15690
04:26:02 51637 4313
04:27:02 40429 5036
04:28:03 119183 10092
04:29:03 64827 5631
04:30:03 6139 3304
04:31:03 44860 6018
04:32:04 3410 2365
04:33:04 3194 2663
04:34:05 60952 6559
04:35:05 548 1543
04:36:05 32802 3105
04:37:05 15684 6936
04:38:06 43615 6612
04:39:07 3497 4152
04:40:07 8121 5071
04:41:07 6896 7506
04:42:08 187429 8916
04:43:08 9958 3583
04:44:08 291639 15285
04:45:09 324484 16135
04:46:09 150214 9368
04:47:09 167482 8450
04:48:10 191834 11196
04:49:10 141861 6923
04:50:10 12131 2999
04:51:11 50512 7443
04:52:11 3800 2676
04:53:11 159489 13978
04:54:12 27401 3133
04:55:12 58728 8938
04:56:13 40486 5475
04:57:13 4536 3985
04:58:13 59477 6792
04:59:13 47794 5368
05:00:14 67488 6941
05:01:14 67351 9636
05:02:14 22542 3701
05:03:15 23166 4722
05:04:15 177868 16611
05:05:15 55006 8604
05:06:16 8299 5481
05:07:16 1907 2363
05:08:17 15756 5051
05:09:17 72503 4153
05:10:17 47240 14824
05:11:18 42922 4197
05:12:18 150964 11083
05:13:18 245193 17407
05:14:18 11910 2906
05:15:19 1991 2119
05:16:19 43679 5711
05:17:20 3337 1845
05:18:20 72025 7467
05:19:20 70072 4947
05:20:21 25254 3675
05:21:21 659577 27367
05:22:22 61337 6388
05:23:22 41660 6305
05:24:22 111783 9058
05:25:23 126574 11672
05:26:23 18741 2794
05:27:23 2791 4003
05:28:24 39207 5591
05:29:24 147072 14603
05:30:24 38963 12373
05:31:25 29774 5685
05:32:25 25830 8635
05:33:25 16021 2486
05:34:26 42536 6096
05:35:26 22495 6334
05:36:26 86448 7773
05:37:26 7697 4383
05:38:27 10166 4604
05:39:27 6793 5649
05:40:28 28299 7966
05:41:28 25566 5521
05:42:28 4172 1642
05:43:29 51506 6720
05:44:29 27644 2372
05:45:29 88022 8503
05:46:30 137864 9556
05:47:30 85232 10657
05:48:30 10837 4487
05:49:31 93124 5268
05:50:31 264110 17722
05:51:31 183392 7679
05:52:32 10514 4261
05:53:32 6966 8961
05:54:32 1816 1682
05:55:33 4130 2585
05:56:33 4184 2593
05:57:33 17291 4398
05:58:34 5119 6287
05:59:34 3426 2300
06:00:35 27189 4383
06:01:35 46463 5281
06:02:35 39563 8631
06:03:36 102427 7479
06:04:36 118659 9863
06:05:37 103277 5702
06:06:37 30760 5037
06:07:37 80808 19982
06:08:38 34195 7348
06:09:38 109165 7057
06:10:38 102601 5306
06:11:39 19110 5567
06:12:39 211978 18800
06:13:40 194674 16409
06:14:40 121763 11185
06:15:40 384523 24844
06:16:41 74967 7310
06:17:41 40567 4465
06:18:41 50201 6088
06:19:42 28722 2673
06:20:42 44752 4052
06:21:42 25442 3747
06:22:43 9871 2250
06:23:43 7028 4512
06:24:44 10741 1155
06:25:44 72211 6702
06:26:44 52332 6459
06:27:44 20992 3124
06:28:45 145776 13083
06:29:45 7688 16773
06:30:45 10354 4272
06:31:46 12526 2554
06:32:46 5750 2220
06:33:47 165047 8426
06:34:47 27437 1894
06:35:47 11026 8536
06:36:48 4571 1372
06:37:48 136653 8853
06:38:48 47094 4234
06:39:49 3101 2304
06:40:49 140939 12213
06:41:49 32165 3772
06:42:50 482740 33674
06:43:50 30581 4003
06:44:50 45104 5285
06:45:51 43709 4748
06:46:51 57074 5649
06:47:51 54395 10660
06:48:52 4511 4187
06:49:52 29485 4216
06:50:52 373012 19843
06:51:53 43407 4200
06:52:54 91025 7931
06:53:53 4089 3427
06:54:54 6166 3621
06:55:54 38915 8810
06:56:54 41317 2864
06:57:55 3682 2654
06:58:55 19587 6480
06:59:55 110773 7936
07:00:56 414481 16705
07:01:56 16594 5403
07:02:56 77616 5233
07:03:57 41156 3808
07:04:57 93766 7253
07:05:57 83236 5904
07:06:58 417668 23993
07:07:58 203390 75140
07:08:58 145357 15103
07:09:59 10284 2971
07:10:59 161368 7619
07:11:59 10610 3449
07:13:00 66880 5773
07:14:00 126216 10528
07:15:00 27861 7957
07:16:01 75249 7231
07:17:01 5255 3634
07:18:02 33082 5032
07:19:02 59571 6254
07:20:02 26168 12801
07:21:02 80304 7995
07:22:03 22224 4867
07:23:03 13489 2494
07:24:03 10884 7871
07:25:04 16490 3619
07:26:04 71529 19252
07:27:05 2414 1706
07:28:05 44977 4002
07:29:05 75637 7227
07:30:05 5116 3575
07:31:06 12942 10242
07:32:06 17412 2386
07:33:07 9732 2448
07:34:07 2950 1572
07:35:07 197596 16595
07:36:08 150931 17012
07:37:08 41341 5738
07:38:08 148524 10366
07:39:09 19899 2525
07:40:09 63715 7022
07:41:09 24644 7412
07:42:10 1802 3284
07:43:10 98193 12067
07:44:10 87326 5755
07:45:10 49435 6754
07:46:11 40223 5152
07:47:11 65479 6038
07:48:12 47457 6669
07:49:12 30896 6981
07:50:12 32351 8425
07:51:12 8465 4917
07:52:13 35779 4858
07:53:13 713548 33573
07:54:13 71674 4946
07:55:14 117273 11831
07:56:14 285543 21516
07:57:14 21922 3800
07:58:15 35551 4918
07:59:15 51711 4860
08:00:15 44395 4823
08:01:16 178091 20937
08:02:16 166148 14398
08:03:16 46763 7149
08:04:17 87184 8474
08:05:17 95647 8333
08:06:17 6809 5397
08:07:17 105796 6540
08:08:18 26636 8339
08:09:18 154455 13994
08:10:18 54239 14457
08:11:19 49477 9476
08:12:19 74574 10686
08:13:19 64561 10393
08:14:20 279430 14787
08:15:20 9371 4849
08:16:20 37626 5225
08:17:20 36166 7675
08:18:21 264145 15386
08:19:21 79802 9217
08:20:22 177006 15634
08:21:22 107144 15537
08:22:22 62851 5809
08:23:23 146012 10013
08:24:24 145662 13497
08:25:24 81389 9403
08:26:24 45666 8948
08:27:24 81263 12328
08:28:25 7276 4050
08:29:25 73314 31431
08:30:25 451188 22414
08:31:26 107782 12603
08:32:26 58404 5905
08:33:26 56047 5261
08:34:27 603245 28462
08:35:27 139147 8613
08:36:27 54543 4663
08:37:28 148010 12156
08:38:28 10433 2767
08:39:28 72351 9260
08:40:29 104017 14073
08:41:29 132003 14918
08:42:29 204808 16130
08:43:30 105542 24868
08:44:30 31376 5865
08:45:30 70765 11096
08:46:31 82394 6862
08:47:31 61014 10977
08:48:31 96483 8954
08:49:32 45916 7903
08:50:32 66420 11470
08:51:32 129370 10064
08:52:33 36795 95434
08:53:33 74135 10444
08:54:33 5305 4040
08:55:35 89257 10996
08:56:35 94293 13246
08:57:35 976655 37784
08:58:36 58224 5049
08:59:36 82459 7132
09:00:36 120920 17072
09:01:37 21932 6908
09:02:37 68134 8503
09:03:37 64403 7381
09:04:37 142962 17078
09:05:38 67784 16057
09:06:38 17734 5516
09:07:38 22401 3873
09:08:38 29783 7214
09:09:39 691738 34167
09:10:39 56588 60064
09:11:39 62710 7253
09:12:40 94449 9841
09:13:40 69478 9898
09:14:40 104950 10802
09:15:40 300627 16622
09:16:40 122958 6805
09:17:41 370230 21936
09:18:42 246050 39629
09:19:42 311980 14585
09:20:42 291914 14577
09:21:42 141996 19020
09:22:43 127145 12972
09:23:43 28773 6497
09:24:43 148822 25576
09:25:50 100279 12377
09:26:44 -1 -1
09:27:44 141167 11654
09:28:44 31821 9139
09:29:44 78516 4922
09:30:45 46476 6813
09:31:45 423163 22519
09:32:54 337813 19208
09:33:46 38945 9723
09:34:46 203261 12588
09:35:46 71863 6627
09:36:47 230339 30891
09:37:47 133017 20712
09:38:48 325133 67517
09:39:48 148928 12907
09:40:48 139810 882604
09:41:49 98378 10837
09:42:49 20605 11670
09:43:53 197226 25853
09:44:49 134385 81665
09:45:50 101386 69638
09:46:50 306912 110826
09:47:50 513086 67170
09:48:51 67223 51408
09:49:51 217825 53792
09:50:51 256344 25888
09:51:51 167788 10055
09:52:51 43237 5214
09:53:51 259292 16479
09:54:52 400289 38467
09:55:51 -1 -1
09:56:52 126106 16474
09:57:52 31062 5174
09:58:53 126726 12094
09:59:53 294422 20959
10:00:53 195786 13363
10:01:54 112040 9406
10:02:54 647792 34737
10:03:54 190910 27996
10:04:54 116837 12232
10:05:54 320814 18229
10:06:54 60923 6104
10:07:55 84503 12910
10:08:55 128481 12180
10:09:55 541006 29629
10:10:55 255067 18338
10:11:56 382698 24775
10:12:56 44723 9909
10:13:59 169325 10978
10:14:57 526266 31972
10:16:00 241761 130100
10:16:57 151178 30882
10:18:00 89380 13160
10:18:58 87248 13367
10:19:58 438909 53546
10:20:59 287850 17121
10:21:59 111594 11702
10:23:00 112537 17586
10:24:01 119095 11572
10:25:01 122074 15796
10:26:02 398418 21406
10:27:23 -1 -1
10:28:03 96465 14995
10:29:03 134748 59784
10:30:04 51247 10060
10:31:04 84565 11663
10:32:04 571889 40377
10:33:05 179764 23797
10:34:05 221873 27492
10:35:05 103226 78377
10:36:05 154846 32743
10:37:06 139760 53248
10:38:06 1028005 152302
10:39:07 168030 68547
10:40:10 16510 13963
10:41:08 30954 5803
10:42:08 322340 20590
10:43:08 41721 19190
10:44:09 18400 55451
10:45:09 134069 29850
10:46:10 37096 7047
10:47:10 68430 24344
10:48:10 520712 36633
10:49:11 115044 35110
10:50:11 67513 15647
10:51:11 76269 10129
10:52:12 450988 29012
10:53:12 77724 21822
10:54:13 563454 39163
10:55:13 131870 14476
10:56:14 248138 15437
10:57:14 135128 29765
10:58:15 209727 74360
10:59:16 23563 8616
11:00:16 13865 5294
11:01:16 242928 14381
11:02:16 29472 28520
11:03:17 222184 74315
11:04:17 206585 282981
11:05:17 10129 4073
11:06:18 60232 47642
11:07:18 100166 13983
11:08:19 365335 60353
11:09:19 34506 41371
11:10:19 88651 29842
11:11:20 107121 80687
11:12:20 167155 120017
11:13:20 238119 43692
11:14:21 624407 39733
11:15:21 23501 16894
11:16:22 158974 72928
11:17:23 89583 26255
11:18:23 79787 12223
11:19:23 81951 33577
11:20:24 80626 13198
11:21:24 393653 32205
11:22:24 112048 79128
11:23:25 87266 13836
11:24:25 30961 9862
11:25:25 236408 23391
11:26:25 69359 13278
11:27:25 134103 11119
11:28:26 101538 8121
11:29:26 233266 23356
11:30:26 379321 67325
11:31:27 36537 9702
11:32:27 173494 17113
11:33:27 368312 23955
11:34:28 159270 57227
11:35:29 193788 22085
11:36:29 118150 13106
11:37:29 32487 13644
11:38:30 54896 6939
11:39:30 9728 11022
11:40:31 152669 14045
11:41:31 192028 26875
11:42:31 398361 27667
11:43:31 39890 5986
11:44:32 121758 16902
11:45:33 47685 15969
11:46:33 75986 15188
11:47:34 304916 81523
11:48:34 425007 50458
11:49:34 485447 58642
11:50:37 296227 24974
11:51:35 104941 11011
11:52:35 156247 11768
11:53:35 250758 38363
11:54:35 136657 9709
11:55:36 495927 16179
11:56:36 809697 35619
11:57:37 42683 53272
11:58:37 170618 14085
11:59:37 323190 17173
12:00:37 46673 9118
12:01:38 191232 12583
12:02:38 57632 8650
12:03:38 786624 32158
12:04:41 681915 115710
12:05:39 127515 78618
12:06:39 45869 13582
12:07:39 567180 37125
12:08:39 131163 24396
12:09:40 59849 11787
12:10:40 178650 23832
12:11:41 77632 13272
12:12:41 85290 16005
12:13:41 278206 41326
12:14:42 80013 37907
12:15:42 384185 111161
12:16:43 175747 19625
12:17:43 177303 14949
12:18:44 76338 17961
12:19:45 85622 15267
12:20:45 203368 36541
12:21:45 307204 30627
12:22:45 211257 31188
12:23:45 593018 89799
12:24:46 345672 31456
12:25:46 78962 19721
12:26:46 665692 29472
12:27:47 65722 18453
12:28:47 46630 19182
12:29:47 54590 37332
12:30:47 297721 49816
12:31:48 170242 12097
12:32:48 91051 10820
12:33:48 81796 35508
12:34:48 149023 15865
12:35:48 95756 26415
12:36:49 65054 9854
12:37:49 110829 14681
12:38:49 54521 10834
12:39:50 252769 12587
12:40:50 137456 60942
12:41:50 301543 54332
12:42:50 562876 27708
12:43:50 720005 58580
12:44:51 55452 7757
12:45:51 164100 69051
12:46:51 122306 9379
12:47:51 133923 14629
12:48:51 85599 6851
12:49:52 12266 4675
12:50:53 43492 6688
12:51:53 55450 9276
12:52:53 99346 7537
12:53:54 345332 18022
12:54:54 261548 21990
12:55:54 82673 33821
12:56:54 91392 11719
12:57:54 47777 13816
12:58:55 50761 12375
12:59:55 91701 11073
13:00:55 14989 5893
13:01:56 4210 2163
13:02:56 67764 9894
13:03:56 70219 15125
13:04:56 82576 64951
13:05:57 47879 17509
13:06:57 149894 54508
13:07:57 128829 32497
13:08:57 46356 9520
13:09:57 17954 6309
13:10:57 70831 9433
13:11:58 24308 8138
13:12:58 67363 12614
13:13:58 103966 7787
13:14:58 30902 8479
13:15:58 39000 5230
13:16:59 6351 6930
13:17:59 56798 7294
13:18:59 24775 8826
13:19:59 18201 8889
13:20:59 235718 81057
13:22:00 30261 15398
13:23:00 230602 32804
13:24:01 158041 15633
13:25:01 48714 7512
13:26:01 268614 49470
13:27:01 55252 8605
13:28:02 138235 11375
13:29:02 101678 15833
13:30:02 36233 8332
13:31:03 28143 2769
13:32:03 76601 6619
13:33:03 732258 47351
13:34:03 172381 22141
13:35:04 123043 70102
13:36:04 124651 7229
13:37:04 100009 6537
13:38:04 97439 11363
13:39:05 9789 5012
13:40:05 6870 2987
13:41:05 19199 9114
13:42:06 168731 12987
13:43:06 149269 16181
13:44:07 109942 12796
13:45:07 40269 13898
13:46:07 405466 27244
13:47:09 251919 19759
13:48:09 30778 6592
13:49:09 38630 6633
13:50:09 26743 9857
13:51:10 299089 18740
13:52:10 128881 16142
13:53:10 75231 9326
13:54:10 346735 21462
13:55:11 53790 10922
13:56:11 42169 11131
13:57:11 159069 9182
13:58:11 4771 4304
13:59:12 10525 9912
14:00:12 172794 11904
14:01:12 19495 7136
14:02:12 92519 18963
14:03:12 859261 56521
14:04:13 36150 11609
14:05:13 842618 37948
14:06:13 6126 6499
14:07:14 84161 24239
14:08:14 367409 33836
14:09:14 51242 17661
14:10:15 15414 5567
14:11:15 260366 19608
14:12:16 114847 8509
14:13:16 188516 12284
14:14:16 86068 19357
14:15:16 67907 8291
14:16:17 358338 17821
14:17:17 544288 39710
14:18:17 177715 21073
14:19:17 134616 23226
14:20:18 85281 14097
14:21:18 46143 9952
14:22:18 477555 26236
14:23:18 168093 15543
14:24:19 179416 19172
14:25:20 635468 38967
14:26:20 365644 32879
14:27:20 268194 38955
14:28:21 161857 10554
14:29:21 196240 19733
14:30:21 181590 22049
14:31:21 51290 5787
14:32:22 933790 37344
14:33:22 577112 64817
14:34:23 141535 9975
14:35:26 65858 7153
14:36:24 311253 25594
14:37:24 14710 11300
14:38:24 132983 19374
14:39:25 245725 19226
14:40:25 73328 14672
14:41:26 257556 22525
14:42:26 88888 16572
14:43:27 115554 17425
14:44:27 372288 20094
14:45:28 186065 15698
14:46:28 224435 15465
14:47:31 293669 23384
14:48:32 104101 11232
14:49:29 51541 8868
14:50:29 300395 42573
14:51:29 95729 6870
14:52:30 62391 9497
14:53:30 231409 24350
14:54:31 148445 20436
14:55:31 55621 23659
14:56:31 106336 11847
14:57:31 203956 18795
14:58:32 118477 34627
14:59:32 81689 9198
15:00:32 239837 49051
15:01:32 319945 22522
15:02:52 -1 -1
15:03:33 77686 4202
15:04:33 261090 79642
15:05:33 351588 73309
15:06:33 350246 26115
15:07:34 55511 6498
15:08:34 34221 4891
15:09:34 358671 18554
15:10:34 516325 28809
15:11:34 322954 20300
15:12:35 155542 26697
15:13:35 194065 36798
15:14:35 297858 17878
15:15:35 517813 35697
15:16:36 178888 15304
15:17:39 372801 18344
15:18:37 98793 13106
15:19:36 115325 19679
15:20:37 172769 6632
15:21:37 274518 16229
15:22:37 621081 41787
15:23:37 403894 22618
15:24:37 161066 10888
15:25:38 96676 17758
15:26:38 77436 11593
15:27:38 342225 22048
15:28:41 122030 16454
15:29:39 303219 38854
15:30:39 131620 7676
15:31:39 85617 37776
15:32:40 80500 16972
15:33:40 190553 16457
15:34:40 240878 27387
15:35:40 51195 9020
15:36:41 27025 15402
15:37:41 210006 35303
15:38:41 261486 15686
15:39:41 305636 36569
15:40:41 -1 -1
15:41:42 97975 14561
15:42:42 243451 23121
15:43:42 56847 13905
15:44:42 235892 61140
15:45:42 126642 11719
15:46:43 144556 17075
15:47:43 236534 22827
15:48:43 260581 18253
15:49:43 137585 15202
15:50:44 130046 17131
15:51:44 125950 32407
15:52:45 316070 43589
15:53:48 174747 48303
15:54:45 230608 38211
15:55:45 75258 19146
15:56:45 502326 77451
15:57:46 43427 22011
15:58:46 514232 28203
15:59:49 275067 67214
16:00:46 306020 41841
16:01:47 545185 46358
16:02:47 327585 33332
16:03:47 237465 30296
16:04:47 105013 15469
16:05:47 187116 100053
16:06:48 458575 25587
16:07:48 348270 35758
16:08:48 394664 119680
16:09:51 62854 9028
16:10:49 290418 23094
16:11:49 225539 20215
16:12:49 616449 34157
16:13:48 -1 -1
16:14:49 223577 47527
16:15:50 391241 19126
16:16:50 167964 15346
16:17:50 94586 11977
16:18:53 144711 16353
16:19:51 623055 33259
16:20:51 187616 18618
16:21:54 33051 5030
16:22:51 305112 58475
16:23:51 58062 5913
16:24:52 100607 9894
16:25:52 211765 17521
16:26:52 92135 15353
16:27:52 205831 14812
16:28:53 470807 20389
16:29:53 114021 21617
16:30:53 199174 20991
16:31:54 330655 105098
16:32:54 185384 26757
16:33:54 393514 24346
16:34:55 441128 22533
16:35:55 321113 30050
16:36:55 71023 7723
16:37:55 91717 12400
16:38:56 217439 13764
16:39:56 198276 18653
16:40:56 156446 17326
16:41:56 123221 22437
16:42:57 52802 8821
16:43:57 21161 8599
16:44:57 321982 17989
16:45:57 214524 18391
16:46:58 124963 9299
16:47:58 38460 5104
16:48:58 91105 9201
16:49:58 663908 63476
16:50:58 524038 29871
16:51:59 289692 25385
16:52:59 325895 28217
16:54:00 125720 21037
16:55:03 58723 10704
16:56:01 168857 23364
16:57:01 141529 18444
16:58:01 61916 8880
16:59:01 459172 67538
17:00:02 35381 8163
17:01:02 133078 13072
17:02:02 45131 7431
17:03:03 89809 18039
17:04:04 279957 21852
17:05:04 63101 15852
17:06:05 784617 40154
17:07:05 67607 9006
17:08:05 245943 12733
17:09:05 178437 30772
17:10:06 157927 38482
17:11:06 155405 12910
17:12:06 3499 3646
17:13:06 338090 16471
17:14:06 117724 9332
17:15:06 120851 10653
17:16:07 788556 26452
17:17:10 136997 113553
17:18:07 351714 22150
17:19:07 62224 14173
17:20:08 81413 15101
17:21:08 259171 28889
17:22:08 170421 33861
17:23:09 707712 58595
17:24:10 107992 12168
17:25:10 119305 19591
17:26:10 618480 32593
17:27:11 225613 13144
17:28:11 112554 31572
17:29:11 83190 10930
17:30:12 17280 6363
17:31:12 117499 11667
17:32:12 149296 17138
17:33:13 281980 43022
17:34:13 95573 11914
17:35:13 52706 9737
17:36:13 42147 8261
17:37:14 95866 90003
17:38:14 93716 8575
17:39:15 174730 12414
17:40:15 130648 32718
17:41:14 -1 -1
17:42:15 194456 25919
17:43:16 369726 27111
17:44:17 387236 31727
17:45:17 528060 25292
17:46:17 564021 30290
17:47:17 309353 44200
17:48:18 152527 28630
17:49:18 169831 20324
17:50:18 93157 9865
17:51:18 246935 22876
17:52:19 121180 20661
17:53:19 116552 15353
17:54:19 214455 22153
17:55:20 191377 177839
17:56:20 169757 17955
17:57:20 316346 18629
17:58:20 126253 10811
17:59:21 442322 24809
18:00:21 128112 17698
18:01:21 161365 14286
18:02:21 106573 8902
18:03:21 155041 18026
18:04:22 83195 9090
18:05:22 540980 37993
18:06:22 100932 27290
18:07:23 242087 16130
18:08:23 35508 8725
18:09:23 296405 21938
18:10:23 75316 13621
18:11:24 613774 42053
18:12:24 47417 6454
18:13:24 98739 7711
18:14:24 44657 4220
18:15:25 83950 10407
18:16:25 70026 6346
18:17:25 30582 7932
18:18:25 39756 4912
18:19:29 29287 3755
18:20:29 82166 7267
18:21:26 189231 16540
18:22:26 128753 9967
18:23:27 120916 9652
18:24:27 158573 23387
18:25:27 28148 6812
18:26:28 86372 11368
18:27:28 113865 10748
18:28:28 26123 6811
18:29:29 59677 6001
18:30:29 58159 15469
18:31:29 31750 13210
18:32:30 80899 6914
18:33:30 86727 10176
18:34:31 45269 6215
18:35:31 53094 8013
18:36:31 133999 17481
18:37:32 33713 5400
18:38:32 151461 16788
18:39:32 61359 11825
18:40:33 39423 11050
18:41:33 450074 28840
18:42:33 67884 10351
18:43:33 22561 4027
18:44:33 31469 12852
18:45:34 24665 8324
18:46:34 68252 10009
18:47:34 17346 5139
18:48:35 66359 13068
18:49:35 46152 11647
18:50:35 3895 2724
18:51:35 10113 2534
18:52:35 48407 8736
18:53:36 114380 8429
18:54:37 229409 17505
18:55:37 147450 16240
18:56:37 347932 37414
18:57:37 105252 10817
18:58:38 18098 4044
18:59:38 125163 10601
19:00:38 165297 13245
19:01:38 46389 7043
19:02:38 168934 22388
19:03:39 97220 16107
19:04:39 61784 8699
19:05:39 24146 11211
19:06:39 205224 12598
19:07:40 231244 12279
19:08:40 39035 4389
19:09:40 84705 15090
19:10:40 186273 11670
19:11:40 162026 10645
19:12:41 72787 6376
19:13:41 20229 9067
19:14:41 5855 5324
19:15:41 48302 11554
19:16:42 112176 11951
19:17:42 67535 11728
19:18:42 58520 12859
19:19:42 364326 25645
19:20:42 165954 13531
19:21:43 25209 10782
19:22:43 53939 11188
19:23:43 28447 5126
19:24:43 10449 6369
19:25:44 107102 9168
19:26:44 14640 5437
19:27:44 102460 18253
19:28:44 144498 9348
19:29:44 116873 15855
19:30:45 77961 96442
19:31:45 4651 5452
19:32:45 4053 2309
19:33:46 59602 7648
19:34:47 20626 4242
19:35:47 38278 8719
19:36:47 3980 4476
19:37:48 491050 26811
19:38:48 89464 22095
19:39:48 156703 7422
19:40:48 154199 20599
19:41:48 54029 7320
19:42:49 38025 4676
19:43:49 110726 10550
19:44:49 41476 10101
19:45:49 88488 13839
19:46:50 39431 8185
19:47:50 11685 6631
19:48:50 326006 18053
19:49:50 192833 16760
19:50:50 384337 16036
19:51:51 270846 20747
19:52:51 24501 6132
19:53:51 71094 11403
19:54:51 104841 11909
19:55:51 31434 5299
19:56:51 240550 23455
19:57:52 95679 11597
19:58:52 60578 8361
19:59:52 32878 6468
20:00:53 247229 19944
20:01:53 71124 11906
20:02:53 20878 4104
20:03:53 49209 8958
20:04:53 30753 10918
20:05:54 20761 6949
20:06:54 185917 25502
20:07:54 50007 6544
20:08:54 44597 5399
20:09:55 41346 7616
20:10:54 561758 35120
20:11:55 68207 8101
20:12:55 108426 12066
20:13:55 125220 12465
20:14:55 323050 28183
20:15:56 55725 8169
20:16:56 57568 15260
20:17:56 241761 36708
20:18:56 458164 33775
20:19:57 5059 6552
20:20:57 42423 6520
20:21:57 48782 7658
20:22:57 69446 7792
20:23:58 265398 33872
20:24:58 78900 10247
20:25:58 92221 9804
20:26:58 227303 10529
20:27:58 7898 9542
20:28:59 35719 12666
20:29:59 1066189 43065
20:30:59 62734 10502
20:31:59 264117 21300
20:32:59 93692 15565
20:34:00 48892 5960
20:35:00 34280 3259
20:36:00 61193 8683
20:37:00 1066375 41773
20:38:00 133339 15960
20:39:01 196695 12001
20:40:01 751821 58992
20:41:01 1062982 45347
20:42:02 19751 4018
20:43:02 604081 54030
20:44:02 163982 22062
20:45:02 1071625 59803
20:46:02 1066889 47476
20:47:03 435516 28568
20:48:03 948427 82397
20:49:03 333656 47294
20:50:03 173830 22957
20:51:03 283696 35943
20:52:04 10720 6395
20:53:04 7480 7080
20:54:04 106892 20743
20:55:04 116612 17343
20:56:04 65379 12322
20:57:05 57575 13006
20:58:05 61778 7637
20:59:05 882278 37675
21:00:05 52475 14908
21:01:05 18977 14953
21:02:06 130479 14821
21:03:06 48794 8779
21:04:06 31919 9392
21:05:06 65299 11165
21:06:07 74626 14234
21:07:07 424989 28885
21:08:07 92167 18325
21:09:07 6104 5355
21:10:07 9173 5310
21:11:07 253528 26655
21:12:08 683143 45085
21:13:08 195047 26271
21:14:08 109064 11906
21:15:08 45015 12006
21:16:08 57002 14405
21:17:09 249379 20046
21:18:09 97439 12985
21:19:09 71434 10971
21:20:10 8723 8602
21:21:10 230190 20481
21:22:10 60839 11299
21:23:10 89442 32443
21:24:10 137313 14063
21:25:11 43558 10655
21:26:11 104484 34655
21:27:11 82835 19265
21:28:11 66170 7690
21:29:12 72790 10769
21:30:12 41673 11894
21:31:12 464573 111263
21:32:12 72437 9673
21:33:12 56373 15251
21:34:13 103405 15560
21:35:13 32141 10273
21:36:13 375319 21165
21:37:13 63165 11390
21:38:14 137143 14999
21:39:14 330710 29618
21:40:14 93441 10685
21:41:14 57927 9882
21:42:14 85279 14029
21:43:15 100466 13525
21:44:15 343818 43718
21:45:15 43480 4481
21:46:15 20657 8639
21:47:16 73501 8296
21:48:16 18559 7601
21:49:16 53326 9075
21:50:16 32449 8636
21:51:17 117084 12232
21:52:17 35244 7519
21:53:17 143154 12329
21:54:17 105508 10270
21:55:18 100079 10639
21:56:18 50350 9041
21:57:18 63028 18153
21:58:18 90602 8565
21:59:19 28554 5095
22:00:19 167879 10860
22:01:19 75159 12833
22:02:19 490514 38396
22:03:20 108372 13831
22:04:20 164886 10300
22:05:20 332715 28517
22:06:20 277904 18625
22:07:21 85968 11032
22:08:21 58449 8656
22:09:21 73903 7523
22:10:21 2544 3158
22:11:21 57469 6739
22:12:22 12319 4181
22:13:22 413492 33695
22:14:22 111359 17468
22:15:23 86242 9530
22:16:23 164626 21341
22:17:23 8166 11148
22:18:23 256555 14684
22:19:24 265835 22314
22:20:24 263358 12616
22:21:24 173351 16003
22:22:24 193730 12989
22:23:24 218757 20979
22:24:25 83324 19589
22:25:25 170992 21694
22:26:25 250747 27378
22:27:25 3450 3585
22:28:26 162798 13839
22:29:26 155689 13158
22:30:26 104377 12524
22:31:26 74117 9169
22:32:27 2730 3812
22:33:27 23383 9632
22:34:27 30357 9066
22:35:27 74158 12069
22:36:28 22940 6086
22:37:28 16010 9280
22:38:28 650103 36634
22:39:29 59988 8119
22:40:29 77670 13919
22:41:29 6919 9125
22:42:30 54021 7701
22:43:30 47460 4937
22:44:30 114817 12719
22:45:30 119386 14381
22:46:31 12148 8726
22:47:31 79468 12582
22:48:31 27672 7682
22:49:31 25494 7136
22:50:32 83701 7386
22:51:32 16177 4592
22:52:32 219196 20846
22:53:32 123635 12495
22:54:32 35794 9461
22:55:33 52895 8170
22:56:32 -1 -1
22:57:33 82599 17892
22:58:34 93734 6076
22:59:33 -1 -1
23:00:34 70839 9241
23:01:35 86696 14112
23:02:35 4688 2874
23:03:35 12151 8676
23:04:36 314500 26939
23:05:35 71898 3544
23:06:36 28212 3448
23:07:36 106589 10230
23:08:36 25068 14450
23:09:36 138403 13711
23:10:37 66218 12000
23:11:37 145831 11526
23:12:37 168934 15261
23:13:37 127163 14910
23:14:38 45597 13661
23:15:38 104081 14432
23:16:38 218210 19895
23:17:38 40155 9470
23:18:39 3174 3831
23:19:39 65415 9990
23:20:39 229247 13835
23:21:40 278141 16731
23:22:40 23370 2351
23:23:40 97124 13124
23:24:40 127889 12521
23:25:41 32201 6374
23:26:41 40483 10715
23:27:41 44048 4749
23:28:41 69066 6214
23:29:42 92368 12912
23:30:42 107911 13877
23:31:42 97586 13013
23:32:42 188365 7378
23:33:43 52966 6191
23:34:43 25630 6199
23:35:43 194043 19405
23:36:44 74169 15879
23:37:44 428007 22786
23:38:44 4794 4987
23:39:44 11027 6400
23:40:45 8704 5405
23:41:45 65586 7225
23:42:45 147653 20441
23:43:46 100991 13645
23:44:46 335882 28557
23:45:46 264105 36012
23:46:47 540191 25512
23:47:48 116590 14320
23:48:48 134995 10943
23:49:49 64464 9817
23:50:50 11271 8693
23:51:50 48342 7884
23:52:50 52250 6061
23:53:51 3708 1803
23:54:53 20865 6814
23:55:51 78413 9132
23:56:52 36000 13431
23:57:52 19398 5852
23:58:54 72436 10458
23:59:53 70275 7429
