00:01:07 128052 39804
00:02:39 165532 36998
00:03:22 22476 27387
00:04:07 58258 32411
00:05:07 80824 28673
00:06:10 31554 33204
00:07:15 119054 37814
00:08:17 325716 35858
02:00:08 53062 32722
02:01:08 101168 28205
02:02:09 136112 58295
02:03:09 56495 21118
02:04:09 241922 61100
02:05:10 130494 71777
02:06:10 63266 37346
02:07:11 104971 49461
02:08:11 331206 82306
02:09:11 184627 81947
02:10:15 148116 68394
02:11:12 183297 132577
02:12:16 158980 101340
02:13:13 31545 24987
02:14:13 152310 29460
02:15:14 84141 36796
02:16:17 47824 20269
02:17:15 49896 35369
02:18:16 18499 26293
02:19:16 80879 28066
02:20:16 34843 29366
02:21:17 154398 30164
02:22:17 110959 31569
02:23:18 31119 27326
02:24:18 45157 26174
02:25:18 28061 25284
02:26:19 42098 31716
02:27:20 86090 25695
02:28:20 33265 42624
02:29:20 29885 26615
02:30:20 31764 28543
02:31:21 188048 40867
02:32:21 18572 28324
02:33:22 16017 24828
02:34:22 142365 41199
02:35:23 131370 34247
02:36:23 84473 33414
02:37:23 84665 29152
02:38:24 27235 27598
02:39:24 44054 29632
02:40:24 89681 52189
02:41:25 25632 26196
02:42:25 174691 34199
02:43:26 52944 25771
02:44:26 38929 40424
02:45:26 64836 28358
02:46:27 28360 24476
02:47:27 76528 34706
02:48:28 52201 27050
02:49:28 71215 30802
02:50:28 25602 24232
02:51:29 72348 26752
02:52:29 18708 26019
02:53:30 69054 29255
02:54:30 76788 32740
02:55:31 41715 33128
02:56:31 14742 22731
02:57:31 193095 37423
02:58:32 101670 30606
02:59:32 25136 23616
03:00:33 104806 29080
03:01:33 12332 21118
03:02:33 40739 24192
03:03:34 237248 29052
03:04:34 30101 45257
03:05:35 86209 29594
03:06:35 66094 31254
03:07:39 40352 29927
03:08:36 19087 26685
03:09:36 17269 21960
03:10:37 50318 23677
03:11:37 228902 39654
03:12:37 56349 30291
03:13:38 28492 32314
03:14:38 85959 27322
03:15:39 108680 30128
03:16:39 102562 29300
03:17:43 128898 27077
03:18:39 117296 32652
03:19:40 188507 59236
03:20:40 791619 61543
03:21:41 99615 46861
03:22:41 91588 30142
03:23:41 128940 34741
03:24:41 51307 28969
03:25:42 18210 27355
03:26:42 26144 37780
03:27:42 27686 26812
03:28:43 204439 34262
03:29:44 14916 22827
03:30:43 127558 29588
03:31:44 81868 26624
03:32:44 84465 26826
03:33:44 76939 28410
03:34:45 42957 24309
03:35:45 26262 31284
03:36:45 65789 34522
03:37:46 82958 26997
03:38:46 73069 31332
03:39:46 551801 50628
03:40:47 78724 55559
03:41:47 92368 31992
03:42:48 48206 30736
03:43:48 39280 28124
03:44:48 17407 21476
03:45:49 57087 33965
03:46:49 16322 18488
03:47:49 35973 30663
03:48:49 87520 31090
03:49:50 111528 30276
03:50:50 17252 24448
03:51:51 23084 24698
03:52:51 59713 35275
03:53:52 62540 37724
03:54:52 34867 28186
03:55:52 15769 27159
03:56:53 71788 26301
03:57:53 20205 24920
03:58:56 73787 30614
03:59:53 51166 23567
04:00:54 16562 21524
04:01:54 120687 30085
04:02:54 22474 26933
04:03:55 70724 30532
04:04:55 69799 33522
04:05:55 147224 39891
04:06:56 79186 27542
04:07:56 1081731 90714
04:08:56 30128 24735
04:09:57 73308 34020
04:10:57 474621 47643
04:11:57 58068 34686
04:12:58 32766 22634
04:13:58 170873 30960
04:14:58 99124 30252
04:15:59 16327 23346
04:16:59 549069 42961
04:17:59 23278 32527
04:19:00 96712 25159
04:20:00 15786 23954
04:21:00 29214 24050
04:22:01 167079 31403
04:23:01 62234 27175
04:24:01 53596 35455
04:25:05 15695 29310
04:26:02 80744 30761
04:27:05 44736 28501
04:28:03 22523 26594
04:29:03 34267 28437
04:30:03 128835 30771
04:31:04 92016 26810
04:32:04 40912 23265
04:33:05 88416 24192
04:34:05 103765 29860
04:35:05 245456 33838
04:36:05 49095 25551
04:37:06 103020 36977
04:38:06 143654 29315
04:39:07 39033 28319
04:40:07 56701 28326
04:41:07 33496 29170
04:42:08 19878 29784
04:43:08 18576 29328
04:44:08 36204 29921
04:45:09 53023 28961
04:46:09 16874 25150
04:47:10 43086 30188
04:48:10 16037 22327
04:49:10 39452 27398
04:50:11 73225 26372
04:51:11 15842 24664
04:52:11 85885 28898
04:53:11 56380 30576
04:54:12 81852 25591
04:55:12 51857 33281
04:56:12 52370 24336
04:57:13 213440 47818
04:58:13 53738 26600
04:59:14 77109 26580
05:00:14 74602 26777
05:01:14 37604 30270
05:02:15 169064 38967
05:03:15 86378 27380
05:04:15 37644 24387
05:05:16 18093 27946
05:06:16 23763 30652
05:07:16 66308 27058
05:08:17 103829 24028
05:09:17 19356 31404
05:10:17 97983 24936
05:11:18 49130 25334
05:12:18 25352 30419
05:13:18 63100 29352
05:14:19 40257 24592
05:15:19 107665 27254
05:16:19 110002 28307
05:17:20 106867 26986
05:18:20 53944 28644
05:19:21 16111 27100
05:20:21 96731 29836
05:21:22 55514 33435
05:22:22 34395 27092
05:23:22 23785 23872
05:24:23 68013 30159
05:25:23 32430 26468
05:26:23 35258 24926
05:27:23 34124 32280
05:28:24 202036 32829
05:29:24 33638 26757
05:30:25 61196 28490
05:31:25 115521 28906
05:32:25 89750 26573
05:33:26 15297 22932
05:34:26 36208 29694
05:35:26 119651 28865
05:36:27 19113 28436
05:37:27 46147 25104
05:38:27 29714 25411
05:39:28 15004 20234
05:40:28 30717 33306
05:41:28 347951 44202
05:42:29 147741 30973
05:43:29 27567 23345
05:44:29 114501 28844
05:45:30 34678 22972
05:46:30 143101 40058
05:47:30 23964 30193
05:48:31 161727 34729
05:49:31 47721 24715
05:50:31 21271 27946
05:51:32 28839 28996
05:52:32 20932 18983
05:53:32 60454 32044
05:54:33 37955 24619
05:55:33 72626 35463
05:56:33 14734 21734
05:57:34 56414 30624
05:58:34 93296 30380
05:59:34 70679 24287
06:00:35 136852 28414
06:01:35 125067 33813
06:02:36 21078 35708
06:03:36 65633 27931
06:04:36 20381 29278
06:05:37 19889 30463
06:06:37 23188 34742
06:07:38 17787 31631
06:08:38 17483 30701
06:09:38 14861 19323
06:10:39 105001 40246
06:11:39 86069 42519
06:12:40 34633 30653
06:13:40 22612 29672
06:14:40 44967 29164
06:15:41 135688 32237
06:16:41 126512 48785
06:17:41 15761 25874
06:18:42 131851 37388
06:19:42 61062 30023
06:20:42 16045 21956
06:21:43 138171 39040
06:22:43 234611 36710
06:23:44 38703 36655
06:24:44 20202 26489
06:25:44 118465 33051
06:26:44 65709 37486
06:27:45 54073 29349
06:28:45 75545 27786
06:29:45 48880 35384
06:30:46 135954 38179
06:31:46 154639 38175
06:32:47 80406 32787
06:33:47 61096 30536
06:34:47 76151 32411
06:35:47 39941 34195
06:36:48 46253 35038
06:37:48 49764 37696
06:38:49 48317 33221
06:39:49 22053 33290
06:40:49 34328 25468
06:41:50 83146 33477
06:42:50 16527 21355
06:43:50 31694 27460
06:44:51 199605 33265
06:45:51 33999 24820
06:46:51 94122 34442
06:47:52 28792 28290
06:48:52 202837 40406
06:49:52 60114 27119
06:50:53 33783 28466
06:51:53 155201 28065
06:52:53 32046 27242
06:53:54 45111 21629
06:54:54 44044 27507
06:55:54 17138 23126
06:56:55 80954 33482
06:57:55 34480 32038
06:58:55 40584 31764
06:59:58 121461 29330
07:00:56 19645 26958
07:01:56 60172 38889
07:02:56 -1 -1
07:03:57 20205 30783
07:04:57 68328 35451
07:05:58 20084 30007
07:06:58 23629 34897
07:07:58 193024 65544
07:08:59 101733 32074
07:09:59 28271 34490
07:10:59 30314 30586
07:11:59 47047 40574
07:13:00 27997 33116
07:14:00 24449 34440
07:15:00 42594 37488
07:16:01 75247 28080
07:17:01 64784 35058
07:18:02 65431 32305
07:19:02 104931 35739
07:20:02 20056 32758
07:21:03 68055 30835
07:22:03 19851 28911
07:23:03 43428 33513
07:24:04 38331 34060
07:25:04 89216 31137
07:26:05 112661 37898
07:27:05 87860 26071
07:28:05 58933 29783
07:29:05 48931 29404
07:30:06 24384 24748
07:31:06 23463 35064
07:32:06 55059 27575
07:33:07 42068 29148
07:34:07 20279 31842
07:35:08 181528 37676
07:36:08 28713 28551
07:37:08 33161 34275
07:38:08 204008 40864
07:39:09 24316 35723
07:40:09 47209 37918
07:41:10 53988 33098
07:42:10 90403 33822
07:43:10 53548 35374
07:44:10 54451 30983
07:45:11 20680 33920
07:46:11 33181 21660
07:47:11 199723 47738
07:48:12 59823 35156
07:49:12 70418 30059
07:50:12 23406 35238
07:51:13 77783 41273
07:52:13 62027 31590
07:53:13 35653 37548
07:54:14 31830 29092
07:55:14 120477 28515
07:56:14 138202 40664
07:57:15 90821 37267
07:58:15 166260 37070
07:59:15 49281 34660
08:00:15 33301 34581
08:01:16 86384 38127
08:02:16 33765 37394
08:03:16 38934 34790
08:04:17 86592 41425
08:05:17 171098 47510
08:06:17 61552 41073
08:07:18 85013 38582
08:08:18 80364 43160
08:09:18 108433 46893
08:10:18 359329 55425
08:11:19 193110 40977
08:12:19 115477 41777
08:13:19 81016 46456
08:14:20 98955 40345
08:15:20 130789 42557
08:16:20 103421 45974
08:17:21 54498 36867
08:18:21 138035 44874
08:19:22 82052 40306
08:20:22 58225 32948
08:21:22 193397 48110
08:22:22 182755 34939
08:23:24 109382 57939
08:24:24 21403 34205
08:25:24 22632 31766
08:26:24 84885 47972
08:27:25 88573 36830
08:28:25 87104 49380
08:29:25 68611 35808
08:30:26 103770 35708
08:31:26 209303 41078
08:32:26 83070 37293
08:33:27 59716 35457
08:34:27 18266 27596
08:35:27 174276 58644
08:36:28 32568 33201
08:37:28 29789 32456
08:38:28 1014128 89606
08:39:28 55936 37465
08:40:29 60067 34368
08:41:29 209849 36485
08:42:30 83035 28839
08:43:30 33551 29195
08:44:30 66972 32062
08:45:31 29230 28931
08:46:31 43520 38083
08:47:31 94858 36090
08:48:32 917928 55361
08:49:32 65204 33415
08:50:32 45374 30992
08:51:33 201768 33061
08:52:33 69458 42405
08:53:33 63371 33281
08:54:34 134245 43524
08:55:35 125303 42236
08:56:36 108838 39236
08:57:36 234628 53966
08:58:37 37792 40102
08:59:37 66444 40155
09:00:38 37872 31584
09:01:38 63075 65324
09:02:38 25796 39676
09:03:38 68910 34736
09:04:39 61617 36966
09:05:39 271485 43435
09:06:39 53956 33589
09:07:39 84970 37198
09:08:40 121504 34443
09:09:40 29648 31684
09:10:40 62160 38735
09:11:40 68409 45000
09:12:41 201770 51190
09:13:41 108225 38515
09:14:41 95335 44370
09:15:44 151018 35988
09:16:42 45272 33633
09:17:42 223506 44683
09:18:43 43696 35014
09:19:43 95864 37813
09:20:43 81496 33624
09:21:43 93822 37459
09:22:53 216505 40327
09:23:44 871287 115055
09:24:44 44669 40836
09:25:44 51204 31612
09:26:45 118293 38895
09:27:45 99684 30382
09:28:45 50509 27822
09:29:45 175189 32433
09:30:46 133315 46289
09:31:49 217454 51239
09:32:47 329481 47174
09:33:47 68758 36296
09:34:47 34726 33306
09:35:48 112022 42663
09:36:48 145541 60208
09:37:51 236736 42884
09:38:49 161839 38109
09:39:49 131887 34780
09:40:49 138045 34635
09:41:50 321373 54407
09:42:50 230425 48483
09:43:50 153997 37578
09:44:50 135696 41688
09:45:51 137973 36703
09:46:51 66135 36417
09:47:51 84350 42640
09:48:55 109047 35820
09:49:52 59524 40916
09:50:52 144865 37197
09:51:52 200574 40703
09:52:52 242918 33932
09:53:52 38676 32621
09:54:53 68094 41970
09:55:53 149419 39293
09:56:53 144763 105212
09:57:54 93971 50773
09:58:54 193627 81619
09:59:54 172038 77809
10:00:58 92026 55534
10:01:55 150963 83186
10:02:55 67710 42563
10:03:55 38365 29570
10:04:58 161160 44308
10:05:55 65295 42980
10:06:56 215795 39645
10:07:56 113866 34830
10:08:56 103513 48819
10:09:56 123005 29155
10:10:57 99426 37178
10:11:57 42507 42533
10:12:57 466453 53431
10:13:58 392961 49735
10:14:58 48774 45771
10:15:58 37740 35988
10:16:58 102676 34746
10:18:01 813579 68221
10:18:59 225653 46050
10:19:59 50203 66070
10:21:00 143102 42103
10:22:00 49228 42080
10:23:01 82343 36665
10:24:02 147028 44329
10:25:03 27425 35102
10:26:03 68719 43695
10:27:03 -1 -1
10:28:04 51853 29227
10:29:04 104352 39910
10:30:05 141383 36413
10:31:05 230337 42818
10:32:06 260202 48361
10:33:06 119450 38607
10:34:06 243769 42898
10:35:06 562831 47750
10:36:06 47430 38755
10:37:07 469776 67956
10:38:07 55781 36174
10:39:07 336283 47866
10:40:08 200487 46182
10:41:08 71276 33775
10:42:08 220490 47155
10:43:09 249780 52449
10:44:09 202724 45511
10:45:09 25439 37169
10:46:10 126645 37490
10:47:10 95326 38895
10:48:10 102067 36289
10:49:11 61813 42903
10:50:11 117528 68043
10:51:11 85926 45317
10:52:12 644737 60345
10:53:12 132244 38823
10:54:13 24464 29905
10:55:13 225969 38334
10:56:14 64985 44012
10:57:15 71545 35165
10:58:16 44634 33324
10:59:16 71703 42338
11:00:16 114023 35096
11:01:16 27309 43705
11:02:17 22236 33877
11:03:17 351229 39115
11:04:17 87715 37025
11:05:18 56919 34719
11:06:18 77776 42849
11:07:19 290886 49765
11:08:19 41045 38336
11:09:19 120131 39469
11:10:19 143239 133346
11:11:20 130273 39036
11:12:20 80880 41376
11:13:24 381073 53004
11:14:22 45266 37754
11:15:25 159095 47821
11:16:23 135711 41136
11:17:24 118479 39041
11:18:24 215193 43853
11:19:24 58396 31406
11:20:25 63007 53052
11:21:25 77693 42666
11:22:25 93566 42798
11:23:26 101545 41552
11:24:26 94092 37917
11:25:26 138722 52651
11:26:26 227386 80852
11:27:27 28836 40323
11:28:27 87104 34936
11:29:27 126071 62139
11:30:27 79475 38169
11:31:27 104528 33741
11:32:28 75242 38734
11:33:31 106290 35861
11:34:28 73524 96992
11:35:29 191802 48502
11:36:30 80274 55790
11:37:31 23596 36610
11:38:31 104219 40079
11:39:31 27324 47036
11:40:32 222177 46828
11:41:32 150762 48648
11:42:32 191076 45783
11:43:33 157263 43026
11:44:33 119721 41723
11:45:34 73238 33564
11:46:35 38972 34698
11:47:35 114105 42513
11:48:35 288226 43458
11:49:35 202965 42183
11:50:36 695819 69641
11:51:37 426978 59562
11:52:38 335193 49962
11:53:38 157345 45263
11:54:39 79383 34709
11:55:39 79911 38039
11:56:39 38598 39981
11:57:39 32640 41503
11:58:40 77380 40235
11:59:40 39531 36531
12:00:40 36995 43588
12:01:41 35483 44372
12:02:41 73267 59203
12:03:41 33581 37003
12:04:41 38759 38901
12:05:42 162463 45838
12:06:43 198072 39415
12:07:43 50520 32990
12:08:44 27590 37518
12:09:44 30297 35369
12:10:44 46044 34362
12:11:45 74348 45662
12:12:45 117009 38816
12:13:45 22236 34074
12:14:46 90551 39672
12:15:46 35424 30643
12:16:47 109733 40558
12:17:48 60514 40993
12:18:48 255326 46798
12:19:49 30134 34258
12:20:49 206630 46801
12:21:49 21512 32883
12:22:49 79679 37340
12:23:49 122396 43412
12:24:50 134037 36424
12:25:50 38967 32570
12:26:50 53839 34098
12:27:51 59332 37162
12:28:51 41919 36175
12:29:51 56631 35217
12:30:52 34854 37448
12:31:52 55524 37347
12:32:55 35626 36203
12:33:52 21583 38156
12:34:52 702981 65877
12:35:53 31912 40385
12:36:53 45768 41426
12:37:53 62810 36906
12:38:53 222779 40008
12:39:54 65352 40415
12:40:54 149175 37287
12:41:54 24341 35878
12:42:55 23481 28201
12:43:55 20469 32376
12:44:55 41285 32351
12:45:55 70324 30461
12:46:55 47504 33562
12:47:55 58443 34378
12:48:55 64210 30791
12:49:56 61540 36156
12:50:57 70633 37541
12:51:57 25781 36643
12:52:57 71488 31707
12:53:58 22161 35867
12:54:58 23873 34308
12:55:58 30547 27790
12:56:58 16872 25419
12:57:59 41406 29792
12:58:59 19945 33585
12:59:59 162718 40976
13:01:00 46989 34368
13:02:00 19301 25466
13:03:00 123093 49363
13:04:00 25938 40277
13:05:00 21136 30101
13:06:01 43807 32664
13:07:01 38812 29098
13:08:01 78803 38268
13:09:01 35074 31258
13:10:01 39731 36707
13:11:02 21775 33384
13:12:02 283865 57033
13:13:02 77691 34942
13:14:02 241677 34907
13:15:02 32315 35573
13:16:02 16489 24288
13:17:03 511600 43824
13:18:03 20206 31558
13:19:03 31661 35390
13:20:03 122488 38117
13:21:03 130482 35507
13:22:04 52880 37819
13:23:04 53903 31853
13:24:05 48986 27836
13:25:05 20323 26995
13:26:05 33392 35950
13:27:06 110904 29306
13:28:06 78694 33989
13:29:06 142160 32987
13:30:06 60645 34676
13:31:07 371286 44166
13:32:07 97927 28773
13:33:08 130884 52746
13:34:08 51031 34588
13:35:08 21559 37243
13:36:08 52921 35995
13:37:08 91481 34943
13:38:09 33519 52474
13:39:09 97580 45063
13:40:09 45319 37356
13:41:09 163409 40120
13:42:10 19527 28515
13:43:11 94651 33703
13:44:11 78474 33556
13:45:11 128065 36292
13:46:11 110176 38008
13:47:12 79889 36071
13:48:12 42209 30149
13:49:12 60729 36066
13:50:12 47162 36735
13:51:13 33027 31731
13:52:13 234586 39169
13:53:13 128506 28251
13:54:14 55224 34033
13:55:14 40566 26478
13:56:14 820332 65587
13:57:14 42553 34607
13:58:15 48009 40285
13:59:15 38111 60196
14:00:15 64559 36026
14:01:15 222740 42140
14:02:15 113760 37277
14:03:15 27172 37939
14:04:16 79721 35921
14:05:16 196487 45427
14:06:16 110216 37924
14:07:17 104331 35666
14:08:17 555109 54247
14:09:18 253105 64006
14:10:18 26231 38702
14:11:18 71691 37024
14:12:18 65141 38728
14:13:19 57988 39405
14:14:19 97938 38029
14:15:19 66352 33709
14:16:20 191053 49710
14:17:20 46488 28388
14:18:20 87842 36088
14:19:21 221370 48739
14:20:24 34411 33851
14:21:21 181865 43777
14:22:21 29517 34764
14:23:21 817587 55289
14:24:22 18135 29828
14:25:22 71005 46341
14:26:22 285096 48776
14:27:23 36481 37165
14:28:23 93160 33895
14:29:23 176838 71340
14:30:24 30106 35907
14:31:24 52835 32713
14:32:24 34926 36840
14:33:24 140319 40039
14:34:25 40540 32877
14:35:25 172597 57189
14:36:26 109766 35770
14:37:27 185531 37649
14:38:27 95366 37900
14:39:27 803155 56451
14:40:27 64565 38218
14:41:28 65458 33937
14:42:28 70892 36358
14:43:29 24967 35313
14:44:30 303272 43555
14:45:31 105000 37976
14:46:34 120862 43046
14:47:31 533353 50228
14:48:32 173424 46221
14:49:32 280080 36641
14:50:32 908741 61944
14:51:53 -1 -1
14:52:36 -1 -1
14:53:34 367998 37951
14:54:35 307265 44150
14:55:35 513114 57265
14:56:35 53619 27953
14:57:35 142631 48950
14:58:36 88285 41702
14:59:39 108914 34569
15:00:36 64335 37039
15:01:36 699299 63421
15:02:37 307901 67337
15:03:37 269833 44413
15:04:37 101207 36625
15:05:37 341653 52558
15:06:37 152013 30238
15:07:38 215915 39913
15:08:38 350357 41092
15:09:38 223026 37526
15:10:38 29079 29675
15:11:38 41050 40767
15:12:39 129890 32559
15:13:39 70188 37760
15:14:39 84987 31748
15:15:40 270946 51970
15:16:40 55790 49298
15:17:43 210743 41115
15:18:40 154354 34088
15:19:40 203570 39662
15:20:41 129837 32243
15:21:41 87925 37248
15:22:41 289756 33937
15:23:41 45822 37709
15:24:42 191706 48531
15:25:42 24691 36872
15:26:42 105028 34767
15:27:42 50170 30639
15:28:48 73663 41750
15:29:43 277944 44568
15:30:43 275952 46725
15:31:44 140533 41683
15:32:44 216293 42179
15:33:44 282384 48716
15:34:44 70232 39419
15:35:47 48719 34189
15:36:45 957713 64751
15:37:45 186563 57597
15:38:45 137293 43775
15:39:45 298270 42253
15:40:45 96287 40354
15:41:46 111760 93944
15:42:46 126884 42865
15:43:46 159199 45085
15:44:46 87559 52744
15:45:47 110483 28041
15:46:50 91050 54560
15:47:47 104076 39192
15:48:47 53111 41520
15:49:48 119446 51559
15:50:48 35240 33685
15:51:49 90988 36218
15:52:49 271630 43333
15:53:49 225671 57566
15:54:49 182356 45006
15:55:49 76420 40609
15:56:49 486242 48017
15:57:50 68920 41905
15:58:50 54721 55685
15:59:50 327124 63420
16:00:50 139973 32867
16:01:51 131049 39405
16:02:51 85215 44434
16:03:51 191814 59313
16:04:51 26481 36005
16:05:52 393033 54011
16:06:52 84790 41796
16:07:52 41836 37675
16:08:52 96422 37786
16:09:52 504006 71264
16:10:52 185447 50193
16:11:53 222182 39276
16:12:53 26562 37400
16:13:53 97840 42114
16:14:54 106810 34938
16:15:54 24427 33277
16:16:54 124886 45336
16:17:54 37324 36077
16:18:55 58358 41229
16:19:55 25271 38469
16:20:55 96718 37092
16:21:55 157246 46341
16:22:55 191378 51968
16:23:56 107295 29379
16:24:56 32841 34581
16:25:59 152328 44918
16:26:56 279517 50800
16:27:59 333112 46272
16:28:57 26281 30862
16:29:57 31648 37494
16:30:57 95585 35449
16:31:58 109470 34236
16:33:01 44642 30095
16:33:59 58919 36536
16:34:59 20008 28893
16:35:59 27346 30516
16:36:59 96907 40268
16:37:59 321303 53182
16:39:00 145381 46394
16:40:00 83759 32480
16:41:03 65993 39864
16:42:01 30924 39587
16:43:01 71443 37968
16:44:01 29489 41145
16:45:01 64425 31005
16:46:01 65377 35069
16:47:01 173985 45726
16:48:02 125570 35335
16:49:02 72534 35774
16:50:02 91342 35414
16:51:06 49504 37262
16:52:02 39201 38471
16:53:03 149534 479350
16:54:03 139845 38609
16:55:04 272543 49776
16:56:04 79827 24806
16:57:04 23102 26704
16:58:04 51612 36580
16:59:05 37308 57117
17:00:05 119406 34195
17:01:05 125885 45772
17:02:05 97130 37511
17:03:06 144433 39685
17:04:06 686585 64300
17:05:05 -1 -1
17:06:07 75607 45047
17:07:07 104686 44627
17:08:07 137572 46545
17:09:07 52060 35799
17:10:08 58910 33476
17:11:08 114861 34343
17:12:08 60302 34555
17:13:08 149875 41873
17:14:09 99357 34603
17:15:09 207196 60278
17:16:09 41215 37362
17:17:09 70287 43025
17:18:10 17629 36407
17:19:10 130803 36164
17:20:10 238739 50571
17:21:10 142692 38646
17:22:11 310839 169362
17:23:11 115135 45299
17:24:11 155530 38288
17:25:11 54975 35119
17:26:12 301726 52747
17:27:12 91185 34739
17:28:13 107403 41158
17:29:13 132018 37332
17:30:16 205831 79718
17:31:13 30216 35994
17:32:13 181782 45849
17:33:14 150910 42987
17:34:14 49440 31651
17:35:14 111965 37177
17:36:15 20456 27423
17:37:15 31172 27381
17:38:15 110914 36834
17:39:16 99783 35328
17:40:16 66516 35201
17:41:15 -1 -1
17:42:17 31988 24189
17:43:18 104502 37301
17:44:18 120489 68328
17:45:18 61819 36676
17:46:18 55557 31963
17:47:19 66506 33208
17:48:19 87717 57486
17:49:19 77177 31678
17:50:22 30798 65040
17:51:20 67641 35061
17:52:20 91438 72300
17:53:20 16647 24764
17:54:20 297772 35317
17:55:21 73170 36427
17:56:21 34318 36268
17:57:21 160634 36598
17:58:21 52165 31772
17:59:22 29603 39096
18:00:22 116973 38252
18:01:22 22019 27002
18:02:23 36774 43752
18:03:26 53192 51577
18:04:23 812962 62243
18:05:23 23264 32200
18:06:23 16755 29193
18:07:24 105614 102659
18:08:24 68264 37513
18:09:24 111238 39641
18:10:25 49783 37011
18:11:25 83360 38821
18:12:25 25491 27237
18:13:25 646034 40451
18:14:26 21060 29389
18:15:26 71536 38371
18:16:26 109621 33128
18:17:26 24832 29598
18:18:27 102870 30654
18:19:27 38501 28918
18:20:27 152229 33957
18:21:28 132564 31291
18:22:28 114801 30797
18:23:29 352534 57941
18:24:29 77205 45888
18:25:30 46703 32160
18:26:30 46728 31907
18:27:30 90338 38672
18:28:31 47165 36637
18:29:31 48091 19032
18:30:31 225169 45341
18:31:32 192066 43770
18:32:32 118587 37266
18:33:32 95090 27337
18:34:33 105075 29858
18:35:33 54774 30024
18:36:34 134804 26689
18:37:34 35401 20147
18:38:34 122051 32786
18:39:35 46372 25688
18:40:35 126938 32009
18:41:35 21970 27886
18:42:35 67245 25912
18:43:35 79658 27202
18:44:36 20903 28059
18:45:36 15834 21871
18:46:36 284389 38110
18:47:36 27312 27699
18:48:37 124795 32105
18:49:37 576760 37990
18:50:37 32399 27089
18:51:37 70887 31716
18:52:37 82383 42656
18:53:38 61718 16527
18:54:39 40637 26477
18:55:39 83550 31496
18:56:39 35540 29843
18:57:40 62415 24059
18:58:40 56204 23664
18:59:40 50046 23720
19:00:40 27142 23195
19:01:40 46897 21987
19:02:41 679686 46910
19:03:41 116871 26881
19:04:41 24771 24652
19:05:41 17711 24644
19:06:42 86480 99280
19:07:42 90503 47916
19:08:42 18819 25882
19:09:42 365334 39201
19:10:42 388188 55057
19:11:43 101506 30224
19:12:43 79459 33332
19:13:43 44886 36441
19:14:43 26816 88647
19:15:44 333103 88929
19:16:44 13555 20966
19:17:44 90673 28426
19:18:44 22642 34973
19:19:44 18442 26574
19:20:45 25838 31746
19:21:45 47364 38331
19:22:45 15764 28982
19:23:45 31353 29512
19:24:46 105258 39799
19:25:46 91893 43106
19:26:46 43827 41685
19:27:46 77690 28305
19:28:46 63480 33769
19:29:47 21042 27176
19:30:47 14097 17533
19:31:47 38810 26863
19:32:47 31915 32003
19:33:48 176403 47178
19:34:48 1079748 63726
19:35:48 256650 39105
19:36:49 109247 31580
19:37:49 111304 34539
19:38:49 152758 31817
19:39:49 91447 31784
19:40:49 279428 37193
19:41:50 97071 30409
19:42:50 701476 64273
19:43:50 64558 31047
19:44:50 112069 27767
19:45:50 78664 19000
19:46:51 67438 30963
19:47:51 123285 40727
19:48:51 208623 38200
19:49:51 22535 34751
19:50:52 277789 42447
19:51:52 16333 23880
19:52:52 99098 30696
19:53:52 46777 26286
19:54:52 105550 29868
19:55:55 126863 29545
19:56:53 40351 25108
19:57:53 163534 28773
19:58:53 428563 42051
19:59:54 77712 30382
20:00:54 88205 34097
20:01:54 67299 22942
20:02:54 37878 24769
20:03:54 278462 32552
20:04:55 25047 32586
20:05:55 100224 24003
20:06:55 59585 29760
20:07:55 43053 28672
20:08:54 -1 -1
20:09:55 162005 33224
20:10:56 40604 31353
20:11:56 25414 29753
20:12:56 81928 38896
20:13:56 164577 32907
20:14:57 51660 27702
20:15:57 49819 31866
20:16:57 33979 29837
20:17:57 37261 27627
20:18:57 18232 26628
20:19:58 78052 28254
20:20:58 52429 29419
20:21:58 25167 32758
20:22:59 27429 31896
20:23:59 45713 32496
20:24:59 66389 37204
20:25:59 14761 27341
20:26:59 316710 45114
20:28:00 88687 32820
20:29:00 37763 33448
20:30:00 21813 31292
20:31:00 156094 46655
20:32:00 60978 28194
20:33:01 351455 47820
20:34:01 404855 58393
20:35:01 93940 45361
20:36:01 78304 41305
20:37:02 194336 44237
20:38:02 45784 35967
20:39:02 91365 38209
20:40:02 136453 42848
20:41:02 46012 34482
20:42:02 160911 34729
20:43:03 209208 41976
20:44:03 57024 41410
20:45:03 24132 38345
20:46:03 256937 66973
20:47:04 168383 35654
20:48:04 149591 39849
20:49:04 56505 39004
20:50:04 27453 29948
20:51:04 52983 36371
20:52:05 123019 35346
20:53:05 92955 40547
20:54:05 85646 30692
20:55:05 28452 34663
20:56:05 59292 38007
20:57:06 91829 33071
20:58:06 95771 34094
20:59:06 83151 36824
21:00:06 132450 29799
21:01:07 81412 30245
21:02:07 110739 32205
21:03:07 532841 45087
21:04:07 77254 30819
21:05:07 79674 40719
21:06:08 129197 37962
21:07:08 397558 49016
21:08:08 86741 46411
21:09:08 571304 47310
21:10:08 88398 33986
21:11:09 107964 33046
21:12:09 499115 52198
21:13:09 173252 35876
21:14:09 159000 38186
21:15:09 61502 42822
21:16:10 159680 37425
21:17:10 126624 38043
21:18:10 39724 30360
21:19:11 65375 34796
21:20:11 83460 37840
21:21:11 25085 28623
21:22:11 125194 43178
21:23:11 89969 28170
21:24:12 456454 47941
21:25:15 69733 39595
21:26:12 168627 39706
21:27:15 45057 31301
21:28:13 15732 20759
21:29:13 86880 38908
21:30:13 20859 33159
21:31:13 20071 26428
21:32:13 127686 30924
21:33:14 160425 39935
21:34:14 45896 29571
21:35:14 82375 33128
21:36:14 274167 32073
21:37:15 130502 42301
21:38:15 17296 32888
21:39:15 80524 38154
21:40:15 34223 27345
21:41:15 35478 32604
21:42:16 86149 29935
21:43:16 19606 27434
21:44:16 84784 27331
21:45:16 23966 29240
21:46:17 59151 28890
21:47:17 14610 20408
21:48:17 48525 31753
21:49:17 69396 31711
21:50:18 127859 36712
21:51:18 128041 38052
21:52:18 29170 36478
21:53:18 211425 33469
21:54:19 20714 33201
21:55:19 51353 36798
21:56:19 124586 32781
21:57:19 32544 30768
21:58:19 62309 26531
21:59:20 120754 36927
22:00:20 242568 39754
22:01:20 23841 23954
22:02:20 35073 33004
22:03:21 76939 43356
22:04:21 43314 33925
22:05:21 55698 28124
22:06:22 193316 32055
22:07:22 89853 33469
22:08:22 46938 35956
22:09:22 59329 33101
22:10:22 827947 52367
22:11:23 169098 47246
22:12:23 23949 31022
22:13:23 58656 34987
22:14:23 506528 48071
22:15:24 19250 28394
22:16:24 43255 29103
22:17:24 44985 30619
22:18:25 47399 40137
22:19:25 139244 33907
22:20:25 18798 28235
22:21:25 84497 34988
22:22:25 63652 25576
22:23:26 377866 45398
22:24:26 39411 30405
22:25:26 136069 43252
22:26:26 63262 32782
22:27:27 28643 28898
22:28:27 204597 45386
22:29:27 46793 36969
22:30:27 33612 28144
22:31:28 56108 26570
22:32:28 51433 23125
22:33:28 15858 17841
22:34:28 29267 28349
22:35:32 56080 23912
22:36:29 24986 30027
22:37:29 35033 24194
22:38:29 74544 29458
22:39:30 101895 32968
22:40:30 290269 37439
22:41:30 244621 35468
22:42:31 40294 31234
22:43:31 30704 27590
22:44:31 19153 29463
22:45:31 117525 30267
22:46:35 161426 37320
22:47:32 106962 31747
22:48:32 54826 29560
22:49:32 74023 35941
22:50:33 21655 21779
22:51:33 176095 35135
22:52:33 42115 23753
22:53:33 22952 28844
22:54:34 38049 25444
22:55:46 15892 24353
22:56:37 146400 24110
22:57:34 65904 36847
22:58:35 56726 27256
22:59:38 109773 28436
23:00:35 30520 23196
23:01:36 72234 34244
23:02:36 33362 27259
23:03:36 58813 32923
23:04:36 98350 34725
23:05:37 15611 23709
23:06:37 20019 27966
23:07:37 44799 26386
23:08:37 105097 32247
23:09:37 561830 49534
23:10:38 47902 24223
23:11:38 169191 44600
23:12:38 93691 27132
23:13:39 163508 33575
23:14:41 103877 33447
23:15:39 104383 34772
23:16:39 386793 42227
23:17:40 127916 28751
23:18:40 420394 60284
23:19:40 17725 30173
23:20:41 35864 33135
23:21:41 16302 25473
23:22:41 30654 45399
23:23:41 98768 30623
23:24:42 35140 30109
23:25:42 62046 30039
23:26:42 63886 33868
23:27:42 87117 29178
23:28:45 86808 54512
23:29:43 14538 26311
23:30:43 88983 50385
23:31:43 63231 26090
23:32:43 16075 22450
23:33:44 51485 31695
23:34:44 100050 35279
23:35:44 74807 26125
23:36:45 48827 35061
23:37:45 150563 29393
23:38:45 118037 26107
23:39:46 26589 26561
23:40:48 249476 45770
23:41:46 63452 37447
23:42:47 69398 40330
23:43:47 113524 29549
23:44:47 51157 37968
23:45:48 37976 35501
23:46:48 194750 42702
23:47:49 19679 27150
23:48:50 75440 26122
23:49:50 16625 28276
23:50:51 87833 32782
23:51:51 48106 24239
23:52:52 42547 26762
23:53:53 35667 26720
23:54:54 19056 31106
23:55:54 144699 52243
23:56:55 15577 23165
23:57:56 60930 28061
23:58:56 39840 25285
23:59:59 17431 21637
