00:01:15 54717 5621
00:02:39 25971 6120
00:03:24 12813 1468
00:04:10 338 366
00:05:13 185074 12270
00:06:11 20436 4194
00:07:16 89223 5935
00:08:17 54483 2365
02:00:11 48015 6633
02:01:08 4914 3662
02:02:09 31082 10152
02:03:09 803 1971
02:04:10 1502 2242
02:05:10 119262 9804
02:06:10 2751 1160
02:07:11 13250 2249
02:08:11 12968 3890
02:09:12 7874 858
02:10:12 46455 3181
02:11:12 182 254
02:12:13 14308 9783
02:13:13 35206 3578
02:14:14 36548 3945
02:15:14 767 1678
02:16:15 166 829
02:17:15 12592 2982
02:18:15 34891 3876
02:19:16 14536 1191
02:20:19 10780 180
02:21:17 1225 2385
02:22:17 5717 3892
02:23:18 31071 4164
02:24:18 29160 2678
02:25:18 1133 1262
02:26:19 4482 308
02:27:19 31153 4341
02:28:20 4621 819
02:29:20 284 1406
02:30:21 99342 11781
02:31:22 83781 11764
02:32:22 40211 4415
02:33:22 32967 5243
02:34:23 34651 1973
02:35:23 17457 2657
02:36:23 1594 4389
02:37:24 132 1191
02:38:24 108 246
02:39:24 110537 14993
02:40:25 8277 820
02:41:25 21243 1472
02:42:26 7017 1279
02:43:26 30635 6679
02:44:28 28958 1817
02:45:27 9795 2199
02:46:31 25497 2629
02:47:28 11344 1025
02:48:28 52810 9753
02:49:28 571320 17311
02:50:29 71498 12239
02:51:30 201388 11410
02:52:29 15420 1999
02:53:30 89035 11356
02:54:30 13079 6423
02:55:33 17456 4920
02:56:31 74660 5292
02:57:31 2832530 64910
02:58:32 27083 10682
02:59:32 2649 928
03:00:33 32250 2399
03:01:33 185901 12586
03:02:33 41727 5688
03:03:34 31330 1311
03:04:34 1602 240
03:05:35 22483 6864
03:06:35 4538 2478
03:07:36 83842 3721
03:08:36 40767 8404
03:09:36 350 296
03:10:37 7437 3177
03:11:37 8460 2629
03:12:37 50738 3971
03:13:38 31482 4113
03:14:38 7368 3424
03:15:38 8295 4522
03:16:39 40377 8029
03:17:39 132928 13077
03:18:40 15501 28073
03:19:40 39383 21598
03:20:40 16092 1470
03:21:40 47537 5032
03:22:41 52684 5082
03:23:41 36567 3781
03:24:42 622 1833
03:25:42 27391 9999
03:26:42 105885 21884
03:27:43 44242 4276
03:28:43 19924 6767
03:29:43 26368 3507
03:30:43 27901 16989
03:31:44 14973 778
03:32:44 5491 1903
03:33:44 11881 2532
03:34:45 17156 1842
03:35:45 21528 12102
03:36:46 39492 32908
03:37:46 12821 7321
03:38:46 15542 4000
03:39:47 16692 2462
03:40:47 482 1751
03:41:47 45424 79147
03:42:48 13971 2353
03:43:48 825 998
03:44:48 20548 1616
03:45:49 24996 2232
03:46:49 21518 3001
03:47:50 89529 7177
03:48:50 41720 4468
03:49:50 47911 4027
03:50:50 15181 5260
03:51:50 92558 9339
03:52:51 14187 2199
03:53:51 16608 4809
03:54:52 82831 26566
03:55:52 16764 2870
03:56:52 3298 1467
03:57:53 56284 7227
03:58:53 72318 6041
03:59:53 1683 2391
04:00:54 8114 2930
04:01:54 17496 1772
04:02:54 516 1131
04:03:55 633 1045
04:04:55 54339 7096
04:05:55 587 698
04:06:56 364 380
04:07:56 72011 6898
04:08:56 68220 10844
04:09:57 34891 2093
04:10:57 34805 3021
04:11:58 13951 3572
04:12:58 412 810
04:13:58 193299 74722
04:14:58 99288 20796
04:15:59 26930 4665
04:16:59 40570 8998
04:17:59 8997 3882
04:19:00 14858 3863
04:20:00 36923 5850
04:21:01 28984 3479
04:22:01 23834 1089
04:23:01 540 937
04:24:02 404 476
04:25:02 4272 1107
04:26:02 10615 3365
04:27:02 13207 558
04:28:03 1203 596
04:29:03 37675 1686
04:30:03 4934 1671
04:31:04 21530 10155
04:32:04 37241 2441
04:33:05 16251 2943
04:34:05 39608 5941
04:35:05 354 926
04:36:06 6827 3023
04:37:06 32697 12940
04:38:06 103346 9061
04:39:07 29320 2993
04:40:07 382447 14069
04:41:07 4400 1931
04:42:08 679 2142
04:43:08 1199 761
04:44:09 713 692
04:45:09 7283 842
04:46:09 611 764
04:47:10 31360 5480
04:48:10 19010 686
04:49:10 352 180
04:50:11 90555 16302
04:51:11 48137 3691
04:52:11 34015 5991
04:53:12 32367 2559
04:54:12 1750 775
04:55:12 28187 1949
04:56:13 22519 4250
04:57:13 24687 1700
04:58:13 29471 2645
04:59:14 52474 3752
05:00:14 402 1192
05:01:14 33134 7378
05:02:15 47918 7940
05:03:15 32840 10377
05:04:15 3112 4824
05:05:16 3210 5522
05:06:16 3422 5540
05:07:16 19616 3117
05:08:17 29155 2478
05:09:17 48497 4975
05:10:17 42878 9146
05:11:18 64451 12467
05:12:18 105922 7983
05:13:19 24486 4386
05:14:19 63275 6819
05:15:19 8517 1104
05:16:19 11239 4905
05:17:20 162396 36744
05:18:20 22961 546
05:19:21 9171 1859
05:20:21 22311 2250
05:21:21 6754 1222
05:22:22 173885 11644
05:23:22 38877 3661
05:24:22 22529 2081
05:25:23 61544 2403
05:26:23 28933 4799
05:27:23 60171 6662
05:28:24 2880 2684
05:29:24 1738 709
05:30:24 12197 2862
05:31:25 120399 52586
05:32:25 43077 4137
05:33:25 18523 3439
05:34:26 34542 4565
05:35:26 35617 9533
05:36:27 4408 2299
05:37:27 60975 19327
05:38:27 6230 6663
05:39:27 24501 7676
05:40:28 60110 3180
05:41:28 44658 3059
05:42:29 31948 10657
05:43:29 22394 2800
05:44:29 22644 5700
05:45:29 1978 953
05:46:30 10818 3924
05:47:30 3779 2278
05:48:30 1006 910
05:49:31 2773 2174
05:50:31 100536 9573
05:51:32 15901 2638
05:52:32 56133 5369
05:53:32 1899 4200
05:54:33 66370 4898
05:55:33 4107 1494
05:56:33 678 1173
05:57:34 22760 2292
05:58:34 7316 11615
05:59:35 23449 3505
06:00:35 26434 3846
06:01:35 18794 2420
06:02:36 35613 25780
06:03:36 12646 2733
06:04:37 805 1275
06:05:37 1130 878
06:06:37 1724 1831
06:07:38 28656 6465
06:08:38 123427 7994
06:09:38 1401 3101
06:10:39 34042 2466
06:11:39 28847 4602
06:12:40 14907 2233
06:13:40 17021 53339
06:14:40 3841 2535
06:15:41 64523 5268
06:16:41 778475 41174
06:17:41 14842 2288
06:18:42 60208 7396
06:19:42 19416 2906
06:20:43 31780 1055
06:21:43 20878 2966
06:22:43 297294 19516
06:23:44 20052 4337
06:24:44 17556 5386
06:25:44 1625 2041
06:26:44 20055 2935
06:27:45 2101 1055
06:28:45 17835 2937
06:29:45 25310 16757
06:30:46 4609 7927
06:31:46 83527 16696
06:32:47 3196 5698
06:33:47 26838 5998
06:34:47 508 767
06:35:47 7052 600
06:36:48 4240 863
06:37:48 290 764
06:38:48 7329 1635
06:39:49 4578 2547
06:40:49 35848 2620
06:41:50 559 664
06:42:50 8421 2967
06:43:50 43911 7851
06:44:50 124937 12243
06:45:51 142125 14138
06:46:51 9017 2564
06:47:52 319 845
06:48:52 71581 6111
06:49:52 1921 927
06:50:53 103503 345323
06:51:53 14469 1601
06:52:53 22277 2260
06:53:54 14842 4299
06:54:54 24115 4188
06:55:54 8170 2128
06:56:55 6500 1138
06:57:55 31222 5487
06:58:55 54395 6892
06:59:56 5285 1026
07:00:56 52582 3124
07:01:56 114888 9541
07:02:57 594905 44913
07:03:57 23032 3835
07:04:57 54953 4860
07:05:57 26148 2773
07:06:58 454 554
07:07:58 65467 6702
07:08:59 15364 2586
07:09:59 11264 3656
07:10:59 11601 5452
07:12:00 30812 3861
07:13:00 5722 840
07:14:00 148943 8616
07:15:00 15031 1567
07:16:01 34354 3898
07:17:01 10111 1636
07:18:02 58240 2154
07:19:02 18212 1263
07:20:02 30780 1754
07:21:03 5753 1355
07:22:03 58544 3392
07:23:04 195454 9075
07:24:04 43717 15394
07:25:04 110161 5497
07:26:05 14131 1720
07:27:05 37511 2066
07:28:05 147167 12465
07:29:05 18871 3814
07:30:06 6763 3020
07:31:07 18705 1832
07:32:06 51377 7285
07:33:07 16481 4805
07:34:07 294 372
07:35:08 224496 14874
07:36:08 14138 5561
07:37:08 11387 5704
07:38:09 6764 944
07:39:09 36740 3605
07:40:09 4158 1644
07:41:09 10063 2031
07:42:10 19024 1893
07:43:10 218078 12138
07:44:10 1931 1216
07:45:11 30617 6673
07:46:11 9093 2388
07:47:11 38619 6121
07:48:12 1417 3131
07:49:12 632 1483
07:50:12 538 1128
07:51:13 2452 977
07:52:13 186 908
07:53:13 50686 2787
07:54:14 4484 2219
07:55:14 3096 240
07:56:14 169458 8143
07:57:15 26947 1151
07:58:15 83515 5752
07:59:15 137924 10009
08:00:15 12853 4029
08:01:16 28173 6044
08:02:16 44527 5065
08:03:16 104194 6114
08:04:17 9723 3527
08:05:17 6264 4819
08:06:17 4139 2800
08:07:18 35438 1274
08:08:18 21872 1632
08:09:18 45713 26536
08:10:19 57988 17246
08:11:19 43292 1489
08:12:19 33464 2967
08:13:20 16288 13128
08:14:20 121418 7055
08:15:21 97215 8300
08:16:20 67754 5082
08:17:21 57680 3042
08:18:21 26331 4108
08:19:21 83553 13044
08:20:22 28859 1804
08:21:22 17187 2288
08:22:23 164878 12392
08:23:23 12327 1875
08:24:24 61218 5455
08:25:24 56795 3222
08:26:24 504003 12187
08:27:25 229536 42352
08:28:25 192873 25538
08:29:25 499815 12140
08:30:26 397429 14171
08:31:26 914220 35551
08:32:26 378670 22677
08:33:26 1446246 30211
08:34:27 835430 18043
08:35:28 915434 44226
08:36:27 128455 13174
08:37:28 136525 17799
08:38:28 347310 17710
08:39:28 952193 21681
08:40:29 223930 13126
08:41:29 547568 15222
08:42:30 29671 4349
08:43:30 1097177 24999
08:44:30 940988 33972
08:45:31 673112 16391
08:46:31 666486 19689
08:47:31 339032 25807
08:48:32 379803 18948
08:49:32 720262 18306
08:50:33 26424 7163
08:51:33 256122 20423
08:52:33 48220 7053
08:53:33 144972 18960
08:54:34 947040 23325
08:55:36 243835 14141
08:56:36 92036 752189
08:57:36 84520 695441
08:58:37 80204 523817
08:59:37 229750 711028
09:00:38 25259 408246
09:01:38 29285 458205
09:02:39 374574 17010
09:03:38 71822 6369
09:04:39 26998 5594
09:05:39 265311 20393
09:06:39 49593 6928
09:07:40 49520 8210
09:08:40 12372 14550
09:09:40 29142 11550
09:10:40 8187 8853
09:11:41 10689 7912
09:12:41 242663 11065
09:13:41 158565 8390
09:14:41 103115 6524
09:15:41 89894 11827
09:16:42 455486 15895
09:17:43 71396 12463
09:18:43 71095 20644
09:19:43 30712 10423
09:20:44 187215 12210
09:21:47 105071 5477
09:22:44 42061 7161
09:23:44 6520 4167
09:24:44 6494 2058
09:25:45 910182 40084
09:26:45 33668 1947
09:27:45 45746 5298
09:28:45 41634 4156
09:29:46 261991 14265
09:30:46 285686 33728
09:31:47 607683 49989
09:32:47 35539 4149
09:33:47 164302 20727
09:34:48 16059 2339
09:35:48 445055 20263
09:36:48 315406 13973
09:37:49 58997 7721
09:38:49 57630 5768
09:39:50 72176 8875
09:40:52 65346 8475
09:41:50 43049 6774
09:42:51 172324 14749
09:43:51 105803 6033
09:44:51 68208 4181
09:45:51 35723 8793
09:46:51 53402 14716
09:47:52 113003 9097
09:48:52 40623 9439
09:49:52 61371 17734
09:51:02 14845 6422
09:51:52 24905 9570
09:52:52 111270 9134
09:53:53 4099 2049
09:54:53 151466 10490
09:55:52 -1 -1
09:56:54 148164 18412
09:57:54 268449 19029
09:58:57 127625 34580
09:59:54 175684 11150
10:00:54 802 807
10:01:55 39658 4163
10:02:55 44235 3357
10:03:55 97176 6293
10:04:56 549038 28461
10:05:56 394200 22624
10:06:56 532416 23289
10:07:57 347064 20772
10:08:56 128473 8820
10:09:57 223742 13839
10:10:57 145163 7341
10:11:58 83830 3446
10:12:58 50603 3380
10:13:58 91186 7192
10:14:58 26077 27468
10:15:58 93407 3050
10:16:59 133698 12427
10:17:59 167974 12210
10:19:00 275774 23758
10:20:00 747924 48689
10:21:00 484820 14840
10:22:00 186125 10214
10:23:01 229201 17288
10:24:02 306521 12449
10:25:03 74806 3320
10:26:03 33226 1990
10:27:05 109543 7131
10:28:05 617783 57967
10:29:05 146442 8880
10:30:05 1207806 22927
10:31:06 67981 4048
10:33:00 -1 -1
10:33:06 872251 257772
10:34:10 92552 7507
10:35:07 231521 6025
10:36:07 93116 6607
10:37:07 182172 11988
10:38:07 25371 4072
10:39:08 456653 20175
10:40:08 117328 6275
10:41:09 141884 5768
10:42:09 379286 16782
10:43:09 270882 16000
10:44:10 376167 18442
10:45:10 185436 6846
10:46:10 144240 6308
10:47:11 74459 2130
10:48:11 55252 3462
10:49:11 65405 3747
10:50:12 106624 7762
10:51:12 141284 11620
10:52:12 135432 6893
10:53:13 157006 4928
10:54:13 285109 38676
10:55:14 243707 15012
10:56:15 47983 19528
10:57:15 318922 41666
10:58:16 262102 7413
10:59:16 472787 15805
11:00:17 624431 29722
11:01:17 169431 8829
11:02:17 219889 10925
11:03:18 270635 13638
11:04:18 351527 25983
11:05:18 332175 9984
11:06:18 285710 19468
11:07:19 458851 18072
11:08:20 262802 11435
11:09:20 80663 7444
11:10:20 38361 7755
11:11:20 139871 10073
11:12:21 66246 11626
11:13:21 112667 12551
11:14:22 126980 14782
11:15:23 271047 10475
11:16:23 452128 23523
11:17:24 500933 13758
11:18:24 171708 6379
11:19:25 242969 11641
11:20:25 286681 10320
11:21:26 214208 7141
11:22:26 172640 5520
11:23:26 4112 504
11:24:26 67082 3382
11:25:27 211982 15722
11:26:27 352108 11000
11:27:27 38246 3244
11:28:27 249625 10652
11:29:28 19584 2152
11:30:28 59608 2440
11:31:28 38559 2850
11:32:28 177396 7490
11:33:28 42716 978
11:34:29 72375 5538
11:35:29 15626 5675
11:36:31 219165 15584
11:37:31 376996 22689
11:38:31 146853 14350
11:39:32 131034 6902
11:40:32 211969 7408
11:41:32 298973 43838
11:42:33 521572 13781
11:43:33 62313 3974
11:44:33 194635 6951
11:45:34 5438 1944
11:46:35 210530 24453
11:47:35 53319 3290
11:48:36 50914 2466
11:49:36 35440 63271
11:50:37 38041 2775
11:51:38 88584 195571
11:52:39 189469 62300
11:53:39 597927 22516
11:54:41 272092 6901
11:55:39 232357 6670
11:56:40 496750 13151
11:57:40 390599 16092
11:58:40 183123 5355
11:59:40 319915 20358
12:00:41 418866 10221
12:01:41 223647 7403
12:02:42 666348 19121
12:03:42 505797 10636
12:04:42 167794 10726
12:05:43 149779 3732
12:06:44 324193 8763
12:07:44 678782 32468
12:08:43 742736 18547
12:09:44 210910 6288
12:10:45 803530 26276
12:11:45 568558 19333
12:12:46 563383 15040
12:13:46 316914 11336
12:14:46 364848 12948
12:15:47 1064637 35347
12:16:47 634014 21372
12:17:48 472609 12503
12:18:48 349154 23333
12:19:49 831842 16881
12:20:49 550610 10639
12:21:49 314547 9101
12:22:50 209383 6654
12:23:50 124576 4259
12:24:50 267307 15535
12:25:50 280510 8531
12:26:51 161792 3156
12:27:51 939620 25213
12:28:51 584104 21166
12:29:51 142522 11885
12:30:52 533670 19252
12:31:52 40510 2479
12:32:52 266663 13931
12:33:53 51445 2810
12:34:53 56515 7094
12:35:53 12302 2890
12:36:53 95697 5884
12:37:54 13116 41200
12:38:54 11563 2424
12:39:54 28980 6437
12:40:54 15147 2684
12:41:54 65924 7509
12:42:55 31602 7241
12:43:55 17375 19399
12:44:55 26687 2697
12:45:55 14755 2797
12:46:55 29603 3472
12:47:56 32736 3854
12:48:56 20833 3180
12:49:56 28484 4624
12:50:57 5723 905
12:51:57 8425 7768
12:52:58 242150 8168
12:53:58 121809 4924
12:54:58 87610 6783
12:55:59 250711 9811
12:56:59 4360 1800
12:57:59 25890 2651
12:58:59 15898 5268
13:00:00 9287 2206
13:01:00 4310 11179
13:02:00 93757 3448
13:03:00 20220 21784
13:04:01 18246 11251
13:05:01 5304 1871
13:06:01 7935 1379
13:07:01 690726 32948
13:08:01 23649 5868
13:09:02 29250 11208
13:10:01 55669 8226
13:11:02 25403 7265
13:12:02 52243 8515
13:13:02 7010 6879
13:14:03 13614 3639
13:15:03 8771 4324
13:16:03 10371 746
13:17:03 4608 5202
13:18:03 18325 3710
13:19:04 1113227 32908
13:20:04 18425 7056
13:21:04 43825 2645
13:22:05 50706 10345
13:23:05 14228 6654
13:24:05 3525 5329
13:25:05 26125 7310
13:26:05 225698 21732
13:27:06 237735 9984
13:28:07 65224 9456
13:29:07 244807 67165
13:30:07 13455 6418
13:31:07 25979 4075
13:32:07 157083 18736
13:33:08 199893 32936
13:34:08 17917 23753
13:35:08 48675 9482
13:36:09 25598 4647
13:37:09 734366 23207
13:38:09 385693 12838
13:39:09 734 886
13:40:10 205479 11844
13:41:10 9313 4962
13:42:10 6435 2396
13:43:11 48272 8603
13:44:11 382928 18519
13:45:11 4613 19706
13:46:12 89479 10662
13:47:12 3713 1369
13:48:13 139511 7249
13:49:14 9131 1763
13:50:13 35150 12056
13:51:14 27478 2629
13:52:14 14331 2446
13:53:15 75953 3284
13:54:14 22055 2651
13:55:15 27741 3731
13:56:15 24833 7837
13:57:16 30747 3999
13:58:16 124769 11979
13:59:16 60936 8466
14:00:16 18615 3140
14:01:17 44644 4454
14:02:17 15539 1084
14:03:17 175502 11125
14:04:17 376231 9767
14:05:17 1022 1442
14:06:18 2528 1901
14:07:18 72335 7203
14:08:19 74615 11105
14:09:19 316717 14585
14:10:19 16506 3349
14:11:20 2240 1644
14:12:20 66759 6440
14:13:20 197484 11769
14:14:21 23560 6190
14:15:21 21695 2036
14:16:21 36945 3135
14:17:21 76874 4412
14:18:22 13250 2859
14:19:22 4576 1627
14:20:22 21713 4155
14:21:22 39767 3124
14:22:23 34156 3226
14:23:23 150049 17545
14:24:23 21063 2344
14:25:23 198 1112
14:26:24 4744 5285
14:27:24 53398 9552
14:28:25 399030 31209
14:29:25 9839 1515
14:30:25 416303 18427
14:31:25 26353 4074
14:32:26 36500 2701
14:33:26 83952 5412
14:34:26 615759 23147
14:35:27 33659 33700
14:36:27 3846 6734
14:37:28 116633 7402
14:38:28 1762 797
14:39:28 2288 120
14:40:29 224055 16187
14:41:29 122924 5218
14:42:30 314570 8632
14:43:30 91504 4205
14:44:31 242722 9545
14:45:31 266457 19383
14:46:34 139596 9294
14:47:32 10456 5919
14:48:32 81496 8647
14:49:32 8795 1956
14:50:33 45846 13218
14:51:53 -1 -1
14:52:34 11488 1138
14:53:35 10178 3020
14:54:35 12166 360
14:55:36 59085 39639
14:56:36 9350 2030
14:57:36 76282 3092
14:58:36 31375 8088
14:59:36 154760 8731
15:00:37 16465 3017
15:01:37 365579 39293
15:02:37 73484 5674
15:03:37 86391 7636
15:04:37 236850 37791
15:05:38 1835 682
15:06:38 719211 33639
15:07:38 54 0
15:08:41 13147 4844
15:09:39 57052 2167
15:10:39 15710 804
15:11:39 109391 4650
15:12:39 52849 15365
15:13:40 151844 51035
15:14:40 138877 28990
15:15:40 13439 2134
15:16:40 114011 6028
15:17:41 79084 3943
15:18:41 105614 7995
15:19:41 24739 2392
15:20:41 10769 1757
15:21:42 21956 4012
15:22:42 199951 36393
15:23:42 82358 33756
15:24:42 12928 11315
15:25:42 33441 11845
15:26:43 39860 15214
15:27:43 42956 43506
15:28:46 10322 3732
15:29:46 53008 10105
15:30:44 3829 1452
15:31:45 127425 12313
15:32:45 35691 1242
15:33:45 152746 6894
15:34:45 115195 9946
15:35:45 2983 780
15:36:45 102526 4957
15:37:45 440104 25420
15:38:45 73760 3228
15:39:46 85267 5175
15:40:46 118408 4904
15:41:46 364625 26088
15:42:47 370830 12269
15:43:47 7838 1554
15:44:47 17867 1295
15:45:47 22333 13238
15:46:51 76127 5835
15:47:48 218859 15919
15:48:48 82617 5036
15:49:48 16698 13909
15:50:49 69219 22700
15:51:49 143300 7428
15:52:49 655905 166908
15:53:49 288906 10329
15:54:50 11652 3382
15:55:50 1186736 41773
15:56:50 370162 18254
15:57:50 18474 4057
15:58:51 154890 8072
15:59:51 88318 21179
16:00:51 8620 2068
16:01:51 8612 6903
16:02:51 25814 7304
16:03:52 11758 6690
16:04:52 60250 19185
16:05:52 115983 6204
16:06:52 52804 6982
16:07:53 86736 4433
16:08:53 25695 5206
16:09:53 88444 8803
16:10:53 56713 3265
16:11:54 90342 4186
16:12:54 71212 7864
16:13:54 92361 6493
16:14:54 4598 482
16:15:55 638862 24916
16:16:55 49787 2181
16:17:55 30649 6510
16:18:55 88875 9014
16:19:56 60930 7854
16:20:56 157549 9090
16:21:56 110607 4268
16:22:56 27299 2140
16:23:56 33049 7429
16:24:56 16810 13866
16:25:57 751887 23281
16:26:57 30911 2590
16:27:57 69490 17678
16:28:57 14019 4794
16:29:58 34001 4958
16:30:58 40412 2216
16:31:58 27026 4700
16:32:59 6427 8402
16:33:59 11355 1907
16:34:59 64810 14078
16:36:00 135326 40819
16:37:00 3778 180
16:38:00 233476 12470
16:39:00 49096 1984
16:40:01 33716 1354
16:41:01 13306 17648
16:42:01 23704 6366
16:43:01 74304 4342
16:44:04 28710 2915
16:45:02 20990 6781
16:46:02 104181 8701
16:47:02 14656 4177
16:48:02 522 1140
16:49:03 6312 2359
16:50:03 14121 1837
16:51:03 186556 11571
16:52:04 216489 7323
16:53:04 61899 4498
16:54:04 4134 1854
16:55:04 399193 14007
16:56:04 21127 2706
16:57:05 95905 7575
16:58:05 100065 8838
16:59:05 104 122
17:00:06 18538 8493
17:01:06 18128 1048
17:02:06 8180 3781
17:03:07 2460 1337
17:04:07 221837 10375
17:05:07 153406 8335
17:06:07 76147 36241
17:07:08 179658 10106
17:08:08 103200 10347
17:09:08 5705 3680
17:10:08 22306 1879
17:11:08 23745 1647
17:12:09 35724 3624
17:13:09 141436 19910
17:14:09 105165 16745
17:15:09 275150 9146
17:16:09 9020 1164
17:17:10 846 3186
17:18:10 2266 1105
17:19:10 487756 16661
17:20:11 5601 1951
17:21:11 11347 4523
17:22:11 17370 5025
17:23:11 33715 44548
17:24:12 2191 2138
17:25:12 227193 15586
17:26:12 516 1182
17:27:13 231558 6938
17:28:13 51105 4005
17:29:13 9939 1774
17:30:14 4806 787
17:31:14 207074 17989
17:32:14 22800 8639
17:33:14 41458 2693
17:34:15 6522 1288
17:35:15 1093 2825
17:36:15 342 1084
17:37:16 3850 1342
17:38:16 10921 1852
17:39:17 138065 5599
17:40:18 102620 6927
17:41:17 21508 12852
17:42:19 -1 -1
17:43:18 29639 20491
17:44:19 8647 3756
17:45:19 29109 1952
17:46:19 67409 25855
17:47:19 38484 7293
17:48:20 20377 4583
17:49:20 24791 1554
17:50:20 53338 7444
17:51:20 45861 18300
17:52:21 251836 10369
17:53:21 73588 4742
17:54:21 99735 4397
17:55:21 22072 19555
17:56:21 50481 10844
17:57:22 30741 3327
17:58:22 69420 6846
17:59:22 68141 6941
18:00:23 43691 3238
18:01:23 20647 2226
18:02:23 8319 3217
18:03:23 9831 1842
18:04:24 11136 4253
18:05:24 29998 2959
18:06:24 16898 7352
18:07:24 9118 828
18:08:25 82731 3104
18:09:25 67106 4853
18:10:25 12605 1964
18:11:25 348 1818
18:12:26 54594 10890
18:13:27 9006 2754
18:14:26 88429 4930
18:15:27 41878 10296
18:16:27 23949 2823
18:17:27 31224 5438
18:18:27 29801 13479
18:19:27 51100 4514
18:20:28 95086 7813
18:21:28 44279 3679
18:22:29 871 2384
18:23:30 8612 2490
18:24:30 132809 13277
18:25:33 76050 18083
18:26:31 40976 25847
18:27:31 27105 3595
18:28:31 66054 3702
18:29:32 8457 942
18:30:32 4077 1808
18:31:32 23209 3884
18:32:33 24821 2844
18:33:33 12388 684
18:34:34 18611 2337
18:35:34 1007 1192
18:36:34 87200 5733
18:37:35 19380 3226
18:38:35 39768 3921
18:39:35 148071 7825
18:40:36 24259 3614
18:41:36 14284 4292
18:42:36 8657 2537
18:43:36 59438 4138
18:44:37 12839 2408
18:45:36 4183 1502
18:46:37 4284 2719
18:47:37 349732 13024
18:48:37 18783 1440
18:49:38 14999 600
18:50:38 2315 1951
18:51:38 234217 9293
18:52:38 180897 9884
18:53:39 2042 1787
18:54:39 12425 1903
18:55:40 31892 4102
18:56:40 24922 8712
18:57:40 36439 9949
18:58:40 4895 2854
18:59:41 34506 2474
19:00:41 657 1597
19:01:41 33267 6899
19:02:41 8896 2260
19:03:42 51503 5717
19:04:42 240 1477
19:05:42 16228 2047
19:06:42 15591 4517
19:07:43 239640 22589
19:08:43 5880 2262
19:09:43 59660 6224
19:10:43 770 1069
19:11:43 19459 1762
19:12:44 3619 1032
19:13:44 89026 26395
19:14:44 22237 8041
19:15:44 11070 2274
19:16:44 17090 1895
19:17:45 80688 22574
19:18:45 31071 4337
19:19:45 34819 2886
19:20:46 118315 71142
19:21:46 262504 9030
19:22:46 2120 623
19:23:46 13176 5435
19:24:46 21028 5611
19:25:47 18185 1855
19:26:47 8788 3830
19:27:47 10726 9201
19:28:47 61746 5395
19:29:47 9469 1249
19:30:47 7598 2552
19:31:47 76703 16729
19:32:48 11570 6135
19:33:48 4864 2233
19:34:49 448 580
19:35:49 25779 6588
19:36:49 20189 6510
19:37:49 78192 13387
19:38:50 7946 1962
19:39:50 35836 1878
19:40:50 82506 6348
19:41:50 5239 3659
19:42:50 78 0
19:43:51 4130 1838
19:44:51 93950 5130
19:45:51 13603 1814
19:46:51 1722 1498
19:47:52 2294 1236
19:48:53 11011 1634
19:49:52 403501 28898
19:50:52 457814 18525
19:51:52 124547 21407
19:52:53 3336 4007
19:53:53 11727 813
19:54:53 360 1254
19:55:53 27557 2168
19:56:53 76620 3736
19:57:54 186 140
19:58:54 41517 2430
19:59:54 13770 9918
20:00:55 89982 2760
20:01:54 220 240
20:02:55 7019 4041
20:03:55 1488 224
20:04:55 7332 1086
20:05:55 14521 992
20:06:56 242107 9040
20:08:05 86792 11839
20:09:05 3127 1773
20:09:56 174389 10089
20:10:56 74532 7125
20:11:57 7456 3279
20:12:57 115559 5144
20:13:57 38616 8341
20:14:58 19847 2292
20:15:57 2420 1776
20:16:58 23050 4113
20:17:58 20844 1713
20:18:58 3898 758
20:19:58 34292 1971
20:20:58 41478 1584
20:21:59 18259 2483
20:22:59 4686 5090
20:24:00 8485 3926
20:25:00 17354 3928
20:26:00 135841 6548
20:27:00 112265 9469
20:28:00 179069 11203
20:29:01 53896 7746
20:30:01 14496 1319
20:31:01 155018 6992
20:32:01 11778 1970
20:33:01 493659 22744
20:34:01 34475 3837
20:35:02 1234 60
20:36:02 15684 1188
20:37:03 5403 9046
20:38:03 914880 22860
20:39:03 118714 10837
20:40:03 38338 2829
20:41:03 11224 1600
20:42:03 141560 12638
20:43:03 42379 1526
20:44:04 90358 10352
20:45:04 445275 18996
20:46:04 32830 11425
20:47:04 3328 944
20:48:05 16651 1014
20:49:05 20495 540
20:50:05 14968 2615
20:51:05 290 0
20:52:05 2150 2278
20:53:06 115926 6242
20:54:06 14007 718
20:55:06 177809 6053
20:56:07 17436 4359
20:57:07 15326 2283
20:58:07 134020 8690
20:59:07 155411 5488
21:00:07 5799 1902
21:01:07 11499 2388
21:02:08 331802 31833
21:03:08 4116 766
21:04:08 1970 2892
21:05:08 3206 6910
21:06:08 163158 34724
21:07:08 10677 510
21:08:09 262304 19072
21:09:09 5780 806
21:10:09 31507 2323
21:11:09 4355 5454
21:12:10 28249 2212
21:13:10 527570 16501
21:14:10 191837 6868
21:15:10 14757 7487
21:16:10 19913 2662
21:17:10 120 132
21:18:11 45732 9712
21:19:11 23521 858
21:20:11 9115 6920
21:21:12 1796 348
21:22:12 3175 1479
21:23:12 26530 2498
21:24:12 50386 16562
21:25:16 3777 1744
21:26:13 6855 1753
21:27:13 30824 3372
21:28:13 143523 11754
21:29:13 46229 3169
21:30:14 8430 3701
21:31:14 48076 5778
21:32:14 6863 5974
21:33:14 1018 1215
21:34:14 11792 1911
21:35:15 6271 1185
21:36:15 21050 7034
21:37:16 9480 8238
21:38:16 16267 8369
21:39:16 67806 7348
21:40:16 13927 2389
21:41:16 3997 5617
21:42:16 2603 17101
21:43:17 157163 35113
21:44:17 58066 73303
21:45:17 168115 28234
21:46:17 48618 3413
21:47:18 37007 10825
21:48:18 2410 70802
21:49:18 124331 72473
21:50:18 192069 83550
21:51:18 19580 62863
21:52:18 17982 64457
21:53:19 53353 5913
21:54:20 105690 5671
21:55:19 69701 8729
21:56:20 32813 82629
21:57:20 9432 7255
21:58:20 130808 12639
21:59:20 2536 63226
22:00:21 37429 3908
22:01:21 143121 11052
22:02:21 18715 2774
22:03:21 19302 19841
22:04:21 75698 86510
22:05:22 363768 82674
22:06:23 5123 14695
22:07:23 23059 11937
22:08:23 29714 4238
22:09:23 127828 11699
22:10:23 19992 1893
22:11:23 30774 4594
22:12:24 532906 22024
22:13:24 6757 1768
22:14:25 16393 7260
22:15:25 91202 4766
22:16:25 34536 13438
22:17:25 44695 30247
22:18:25 13082 19703
22:19:25 13807 3662
22:20:25 7344 4658
22:21:26 287855 17523
22:22:26 31843 11539
22:23:26 375282 21849
22:24:27 7599 10250
22:25:27 19078 16792
22:26:27 186818 27274
22:27:27 200013 9622
22:28:28 5749 2905
22:29:28 792088 50100
22:30:28 460093 21707
22:31:28 1586 2360
22:32:28 43641 8009
22:33:29 15056 9767
22:34:29 39857 109602
22:35:30 91304 17081
22:36:30 17515 2171
22:37:30 7783 142779
22:38:30 2846 5029
22:39:31 650 1411
22:40:31 21366 5649
22:41:31 46537 16058
22:42:31 16623 14743
22:43:31 2643 13326
22:44:32 4368 160938
22:45:32 9006 2012
22:46:32 6986 11505
22:47:33 7224 12327
22:48:33 12683 2133
22:49:33 9371 3543
22:50:33 4892 3489
22:51:34 108501 4967
22:52:34 1561 2478
22:53:34 158758 7009
22:54:34 661 1402
22:55:35 7742 1211
22:56:36 -1 -1
22:57:35 117571 8646
22:58:36 4431 1663
22:59:34 -1 -1
23:00:36 110705 4549
23:01:37 107297 14281
23:02:36 5563 2184
23:03:37 169957 12515
23:04:37 3197 2462
23:05:37 78186 5415
23:06:37 69237 6119
23:07:38 6122 2975
23:08:38 9599 4059
23:09:38 10078 3701
23:10:38 565 2284
23:11:39 89602 4344
23:12:39 21365 5536
23:13:39 164822 7352
23:14:39 16690 2568
23:15:40 9488 3781
23:16:40 6377 3300
23:17:40 11681 3393
23:18:40 17201 4407
23:19:41 22580 2749
23:20:41 247988 12020
23:21:41 836 1354
23:22:42 10814 3237
23:23:42 217749 12972
23:24:42 13323 3713
23:25:43 14978 8313
23:26:43 991 2650
23:27:43 5669 2378
23:28:43 25870 2203
23:29:43 106709 9770
23:30:44 156282 4918
23:31:44 24571 3846
23:32:44 4695 1847
23:33:44 8580 3527
23:34:45 3438 2014
23:35:45 32216 3204
23:36:45 16409 2322
23:37:45 16826 5320
23:38:46 7010 1930
23:39:47 2287 3144
23:40:46 76145 17886
23:41:47 2731 1136
23:42:47 5751 2735
23:43:47 2397 1241
23:44:48 1377 2237
23:45:48 26501 6274
23:46:49 8705 6026
23:47:49 28771 6251
23:48:50 13590 3001
23:49:51 2735 2695
23:50:51 23024 9539
23:51:52 8270 2548
23:52:53 177261 7097
23:53:53 3204 60
23:54:54 53520 6796
23:55:55 4437 5654
23:56:55 12463 4801
23:57:56 22510 13034
23:58:57 1230729 59722
23:59:57 12249 1672
