00:00:32 4 0 9
00:00:41 4 0 11
00:01:43 4 0 9
00:02:13 4 0 9
00:02:38 4 0 9
00:02:57 4 0 9
00:03:24 4 0 9
00:03:46 4 0 10
00:04:18 4 0 10
00:04:47 4 0 9
00:05:18 4 0 10
00:05:57 4 0 9
00:06:23 4 0 10
00:06:54 4 0 10
00:07:28 4 0 9
00:07:57 4 0 10
00:08:27 4 0 12
02:00:06 4 0 9
02:00:37 4 0 12
02:01:07 4 0 10
02:01:37 4 0 10
02:02:07 4 0 11
02:02:37 4 0 9
02:03:08 4 0 12
02:03:38 4 0 12
02:04:08 4 0 9
02:04:38 4 0 11
02:05:09 4 0 12
02:05:39 4 0 13
02:06:09 4 0 12
02:06:39 4 0 13
02:07:10 4 0 9
02:07:40 4 0 12
02:08:10 4 0 10
02:08:40 4 0 12
02:09:10 4 0 13
02:09:40 4 0 9
02:10:12 3 1 10
02:10:41 4 0 12
02:11:11 4 0 12
02:11:43 3 1 13
02:12:12 4 0 14
02:12:42 4 0 11
02:13:12 4 0 12
02:13:42 4 0 12
02:14:12 4 0 13
02:14:42 4 0 15
02:15:13 4 0 15
02:15:43 4 0 10
02:16:13 4 0 14
02:16:43 4 0 11
02:17:14 4 0 14
02:17:44 4 0 12
02:18:15 3 1 12
02:18:44 4 0 12
02:19:15 4 0 11
02:19:46 3 1 12
02:20:15 4 0 12
02:20:45 4 0 14
02:21:16 4 0 10
02:21:46 4 0 13
02:22:16 4 0 12
02:22:46 4 0 12
02:23:16 4 0 13
02:23:46 4 0 13
02:24:17 4 0 9
02:24:48 3 1 13
02:25:17 4 0 12
02:25:47 4 0 11
02:26:18 4 0 10
02:26:48 4 0 14
02:27:18 4 0 10
02:27:48 4 0 13
02:28:18 4 0 11
02:28:49 4 0 10
02:29:19 4 0 14
02:29:49 4 0 11
02:30:19 4 0 12
02:30:49 4 0 12
02:31:20 4 0 12
02:31:50 4 0 12
02:32:20 4 0 13
02:32:50 4 0 9
02:33:20 4 0 12
02:33:51 4 0 12
02:34:21 4 0 14
02:34:52 3 1 13
02:35:21 4 0 12
02:35:51 4 0 9
02:36:22 4 0 12
02:36:52 4 0 11
02:37:22 4 0 10
02:37:52 4 0 12
02:38:22 4 0 10
02:38:53 4 0 11
02:39:24 3 1 15
02:39:53 4 0 10
02:40:23 4 0 14
02:40:54 3 1 15
02:41:24 4 0 9
02:41:54 4 0 13
02:42:24 4 0 13
02:42:54 4 0 11
02:43:24 4 0 13
02:43:55 4 0 10
02:44:25 4 0 13
02:44:58 1 3 17
02:45:25 4 0 9
02:45:55 4 0 13
02:46:26 4 0 12
02:46:56 4 0 11
02:47:26 4 0 11
02:47:56 4 0 10
02:48:26 4 0 14
02:48:56 4 0 12
02:49:27 4 0 13
02:49:57 4 0 11
02:50:27 4 0 14
02:50:57 4 0 10
02:51:28 4 0 9
02:51:58 4 0 16
02:52:28 4 0 12
02:52:58 4 0 10
02:53:28 4 0 10
02:53:59 4 0 12
02:54:29 4 0 11
02:55:00 3 1 34
02:55:29 4 0 13
02:56:01 2 2 16
02:56:30 4 0 12
02:57:00 4 0 9
02:57:30 4 0 10
02:58:00 4 0 11
02:58:30 4 0 9
02:59:01 4 0 9
02:59:31 4 0 14
03:00:01 4 0 14
03:00:31 4 0 13
03:01:01 4 0 13
03:01:32 4 0 12
03:02:02 4 0 13
03:02:32 4 0 9
03:03:02 4 0 11
03:03:32 4 0 10
03:04:02 4 0 11
03:04:33 4 0 9
03:05:03 4 0 9
03:05:33 4 0 9
03:06:04 4 0 11
03:06:35 3 1 12
03:07:04 4 0 9
03:07:34 4 0 12
03:08:05 4 0 14
03:08:36 4 0 9
03:09:06 4 0 11
03:09:36 4 0 10
03:10:06 4 0 10
03:10:36 4 0 12
03:11:06 4 0 11
03:11:37 4 0 15
03:12:07 4 0 11
03:12:37 4 0 10
03:13:07 4 0 13
03:13:37 4 0 11
03:14:07 4 0 13
03:14:38 4 0 10
03:15:09 3 1 15
03:15:38 4 0 15
03:16:08 4 0 15
03:16:38 4 0 9
03:17:08 4 0 11
03:17:40 3 1 13
03:18:09 4 0 11
03:18:39 4 0 14
03:19:09 4 0 9
03:19:40 4 0 9
03:20:10 4 0 10
03:20:40 4 0 10
03:21:10 4 0 9
03:21:40 4 0 11
03:22:10 4 0 12
03:22:41 4 0 11
03:23:11 4 0 9
03:23:41 4 0 10
03:24:11 4 0 11
03:24:41 4 0 9
03:25:11 4 0 9
03:25:42 4 0 13
03:26:12 4 0 10
03:26:42 4 0 9
03:27:12 4 0 9
03:27:42 4 0 10
03:28:12 4 0 10
03:28:43 4 0 10
03:29:13 4 0 9
03:29:43 4 0 9
03:30:13 4 0 9
03:30:43 4 0 9
03:31:13 4 0 11
03:31:44 4 0 10
03:32:14 4 0 10
03:32:44 4 0 9
03:33:14 4 0 11
03:33:44 4 0 10
03:34:14 4 0 11
03:34:44 4 0 11
03:35:15 4 0 12
03:35:45 4 0 10
03:36:15 4 0 10
03:36:45 4 0 9
03:37:15 4 0 10
03:37:46 4 0 11
03:38:16 4 0 9
03:38:46 4 0 10
03:39:16 4 0 9
03:39:46 4 0 11
03:40:16 4 0 10
03:40:47 4 0 10
03:41:17 4 0 9
03:41:47 4 0 9
03:42:17 4 0 11
03:42:47 4 0 10
03:43:17 4 0 9
03:43:48 4 0 9
03:44:18 4 0 9
03:44:48 4 0 9
03:45:18 4 0 10
03:45:48 4 0 12
03:46:19 4 0 11
03:46:49 4 0 9
03:47:19 4 0 9
03:47:49 4 0 9
03:48:19 4 0 9
03:48:49 4 0 10
03:49:19 4 0 10
03:49:50 4 0 9
03:50:20 4 0 9
03:50:50 4 0 9
03:51:20 4 0 10
03:51:50 4 0 11
03:52:20 4 0 12
03:52:51 4 0 9
03:53:21 4 0 10
03:53:51 4 0 9
03:54:21 4 0 10
03:54:51 4 0 9
03:55:22 4 0 11
03:55:52 4 0 12
03:56:22 4 0 9
03:56:52 4 0 14
03:57:22 4 0 11
03:57:52 4 0 10
03:58:23 4 0 11
03:58:53 4 0 12
03:59:23 4 0 11
03:59:53 4 0 11
04:00:23 4 0 9
04:00:53 4 0 10
04:01:23 4 0 9
04:01:54 4 0 9
04:02:24 4 0 10
04:02:54 4 0 10
04:03:24 4 0 10
04:03:54 4 0 9
04:04:24 4 0 9
04:04:55 4 0 11
04:05:25 4 0 10
04:05:55 4 0 9
04:06:25 4 0 9
04:06:56 4 0 10
04:07:26 4 0 9
04:07:56 4 0 10
04:08:26 4 0 10
04:08:56 4 0 10
04:09:26 4 0 11
04:09:57 4 0 9
04:10:27 4 0 9
04:10:57 4 0 9
04:11:27 4 0 9
04:11:57 4 0 12
04:12:27 4 0 11
04:12:58 4 0 11
04:13:28 4 0 11
04:13:58 4 0 13
04:14:28 4 0 11
04:14:58 4 0 11
04:15:28 4 0 9
04:15:59 4 0 10
04:16:30 2 2 9
04:16:59 4 0 9
04:17:29 4 0 9
04:17:59 4 0 9
04:18:29 4 0 9
04:19:00 4 0 14
04:19:30 4 0 11
04:20:00 4 0 10
04:20:30 4 0 9
04:21:00 4 0 12
04:21:30 4 0 9
04:22:01 4 0 9
04:22:31 4 0 11
04:23:02 3 1 16
04:23:31 4 0 26
04:24:01 4 0 9
04:24:31 4 0 10
04:25:02 4 0 9
04:25:32 4 0 9
04:26:02 4 0 9
04:26:32 4 0 9
04:27:04 3 1 13
04:27:32 4 0 9
04:28:03 4 0 10
04:28:33 4 0 9
04:29:03 4 0 9
04:29:33 4 0 9
04:30:03 4 0 9
04:30:33 4 0 9
04:31:04 4 0 9
04:31:34 4 0 9
04:32:04 4 0 9
04:32:34 4 0 9
04:33:04 4 0 11
04:33:34 4 0 9
04:34:05 4 0 11
04:34:35 4 0 10
04:35:05 4 0 9
04:35:35 4 0 10
04:36:05 4 0 9
04:36:35 4 0 11
04:37:06 4 0 9
04:37:36 4 0 11
04:38:06 4 0 9
04:38:36 4 0 9
04:39:06 4 0 9
04:39:37 4 0 9
04:40:07 4 0 9
04:40:37 4 0 10
04:41:07 4 0 10
04:41:37 4 0 9
04:42:08 4 0 9
04:42:38 4 0 10
04:43:08 4 0 9
04:43:38 4 0 9
04:44:08 4 0 9
04:44:38 4 0 9
04:45:09 4 0 9
04:45:39 4 0 9
04:46:09 4 0 10
04:46:39 4 0 9
04:47:09 4 0 10
04:47:39 4 0 9
04:48:10 4 0 10
04:48:40 4 0 9
04:49:10 4 0 9
04:49:40 4 0 9
04:50:10 4 0 10
04:50:40 4 0 9
04:51:11 4 0 9
04:51:41 4 0 9
04:52:11 4 0 9
04:52:41 4 0 9
04:53:11 4 0 9
04:53:41 4 0 9
04:54:12 4 0 9
04:54:42 4 0 9
04:55:12 4 0 10
04:55:42 4 0 10
04:56:12 4 0 9
04:56:42 4 0 9
04:57:13 4 0 9
04:57:43 4 0 9
04:58:13 4 0 9
04:58:43 4 0 9
04:59:13 4 0 9
04:59:44 4 0 10
05:00:14 4 0 10
05:00:44 4 0 9
05:01:14 4 0 9
05:01:44 4 0 10
05:02:14 4 0 9
05:02:45 4 0 9
05:03:15 4 0 9
05:03:45 4 0 9
05:04:15 4 0 9
05:04:45 4 0 10
05:05:16 4 0 11
05:05:46 4 0 9
05:06:16 4 0 10
05:06:46 4 0 9
05:07:16 4 0 9
05:07:46 4 0 10
05:08:17 4 0 9
05:08:47 4 0 9
05:09:17 4 0 10
05:09:47 4 0 11
05:10:17 4 0 43
05:10:47 4 0 11
05:11:18 4 0 10
05:11:48 4 0 9
05:12:18 4 0 10
05:12:48 4 0 11
05:13:18 4 0 9
05:13:48 4 0 9
05:14:19 4 0 9
05:14:49 4 0 9
05:15:19 4 0 9
05:15:49 4 0 9
05:16:19 4 0 10
05:16:49 4 0 9
05:17:20 4 0 9
05:17:50 4 0 9
05:18:20 4 0 9
05:18:50 4 0 9
05:19:21 4 0 10
05:19:51 4 0 11
05:20:21 4 0 9
05:20:51 4 0 9
05:21:21 4 0 9
05:21:51 4 0 10
05:22:22 4 0 10
05:22:52 4 0 9
05:23:22 4 0 12
05:23:52 4 0 9
05:24:22 4 0 9
05:24:52 4 0 11
05:25:23 4 0 9
05:25:53 4 0 9
05:26:23 4 0 9
05:26:53 4 0 10
05:27:23 4 0 10
05:27:53 4 0 13
05:28:24 4 0 9
05:28:54 4 0 10
05:29:24 4 0 9
05:29:54 4 0 9
05:30:24 4 0 13
05:30:54 4 0 10
05:31:25 4 0 9
05:31:55 4 0 9
05:32:25 4 0 9
05:32:55 4 0 11
05:33:25 4 0 10
05:33:55 4 0 11
05:34:26 4 0 9
05:34:56 4 0 9
05:35:26 4 0 9
05:35:56 4 0 11
05:36:26 4 0 9
05:36:56 4 0 10
05:37:27 4 0 13
05:37:57 4 0 11
05:38:27 4 0 9
05:38:57 4 0 9
05:39:27 4 0 9
05:39:57 4 0 9
05:40:28 4 0 9
05:40:58 4 0 9
05:41:28 4 0 9
05:41:58 4 0 9
05:42:28 4 0 9
05:42:58 4 0 10
05:43:29 4 0 9
05:43:59 4 0 10
05:44:29 4 0 10
05:44:59 4 0 10
05:45:29 4 0 9
05:45:59 4 0 12
05:46:30 4 0 10
05:47:00 4 0 9
05:47:30 4 0 10
05:48:00 4 0 9
05:48:30 4 0 13
05:49:00 4 0 9
05:49:31 4 0 10
05:50:01 4 0 9
05:50:31 4 0 9
05:51:01 4 0 9
05:51:31 4 0 9
05:52:01 4 0 9
05:52:32 4 0 10
05:53:02 4 0 9
05:53:32 4 0 10
05:54:02 4 0 9
05:54:32 4 0 9
05:55:02 4 0 10
05:55:33 4 0 9
05:56:03 4 0 11
05:56:33 4 0 9
05:57:03 4 0 9
05:57:34 4 0 9
05:58:04 4 0 9
05:58:34 4 0 9
05:59:04 4 0 9
05:59:34 4 0 9
06:00:04 4 0 9
06:00:35 4 0 10
06:01:05 4 0 9
06:01:35 4 0 9
06:02:05 4 0 10
06:02:36 4 0 9
06:03:06 4 0 9
06:03:36 4 0 11
06:04:06 4 0 10
06:04:36 4 0 9
06:05:06 4 0 9
06:05:37 4 0 9
06:06:07 4 0 10
06:06:37 4 0 9
06:07:07 4 0 9
06:07:38 4 0 11
06:08:08 4 0 10
06:08:38 4 0 10
06:09:08 4 0 9
06:09:38 4 0 9
06:10:08 4 0 9
06:10:39 4 0 10
06:11:09 4 0 10
06:11:39 4 0 9
06:12:09 4 0 10
06:12:39 4 0 9
06:13:09 4 0 9
06:13:40 4 0 9
06:14:10 4 0 9
06:14:40 4 0 10
06:15:10 4 0 9
06:15:41 4 0 9
06:16:11 4 0 12
06:16:41 4 0 9
06:17:11 4 0 10
06:17:41 4 0 9
06:18:11 4 0 9
06:18:42 4 0 11
06:19:12 4 0 10
06:19:42 4 0 9
06:20:12 4 0 9
06:20:42 4 0 9
06:21:12 4 0 9
06:21:43 4 0 9
06:22:13 4 0 9
06:22:43 4 0 9
06:23:13 4 0 10
06:23:43 4 0 9
06:24:13 4 0 9
06:24:44 4 0 9
06:25:14 4 0 9
06:25:44 4 0 9
06:26:14 4 0 9
06:26:44 4 0 10
06:27:14 4 0 9
06:27:45 4 0 9
06:28:15 4 0 9
06:28:45 4 0 30
06:29:15 4 0 10
06:29:45 4 0 12
06:30:15 4 0 9
06:30:46 4 0 9
06:31:16 4 0 9
06:31:46 4 0 10
06:32:16 4 0 9
06:32:46 4 0 9
06:33:16 4 0 9
06:33:47 4 0 9
06:34:17 4 0 9
06:34:47 4 0 9
06:35:17 4 0 11
06:35:47 4 0 9
06:36:17 4 0 10
06:36:48 4 0 10
06:37:18 4 0 10
06:37:48 4 0 10
06:38:18 4 0 10
06:38:48 4 0 9
06:39:18 4 0 10
06:39:49 4 0 10
06:40:19 4 0 10
06:40:49 4 0 9
06:41:19 4 0 11
06:41:49 4 0 9
06:42:19 4 0 10
06:42:50 4 0 10
06:43:20 4 0 10
06:43:50 4 0 12
06:44:20 4 0 9
06:44:50 4 0 9
06:45:20 4 0 9
06:45:51 4 0 9
06:46:21 4 0 10
06:46:51 4 0 11
06:47:21 4 0 10
06:47:51 4 0 9
06:48:21 4 0 11
06:48:52 4 0 11
06:49:22 4 0 9
06:49:52 4 0 9
06:50:22 4 0 10
06:50:52 4 0 9
06:51:23 4 0 9
06:51:53 4 0 9
06:52:23 4 0 11
06:52:53 4 0 35
06:53:23 4 0 9
06:53:53 4 0 9
06:54:23 4 0 10
06:54:54 4 0 9
06:55:24 4 0 11
06:55:54 4 0 11
06:56:24 4 0 9
06:56:54 4 0 9
06:57:24 4 0 10
06:57:55 4 0 9
06:58:25 4 0 9
06:58:55 4 0 10
06:59:25 4 0 11
06:59:55 4 0 13
07:00:25 4 0 10
07:00:56 4 0 11
07:01:26 4 0 9
07:01:56 4 0 9
07:02:26 4 0 10
07:02:56 4 0 10
07:03:26 4 0 9
07:03:57 4 0 9
07:04:27 4 0 9
07:04:57 4 0 10
07:05:27 4 0 9
07:05:57 4 0 9
07:06:27 4 0 10
07:06:58 4 0 10
07:07:28 4 0 9
07:07:58 4 0 9
07:08:28 4 0 9
07:08:58 4 0 9
07:09:28 4 0 10
07:09:59 4 0 9
07:10:29 4 0 10
07:10:59 4 0 9
07:11:29 4 0 9
07:11:59 4 0 10
07:12:29 4 0 10
07:13:00 4 0 9
07:13:30 4 0 9
07:14:00 4 0 9
07:14:30 4 0 9
07:15:00 4 0 9
07:15:31 4 0 9
07:16:01 4 0 10
07:16:31 4 0 9
07:17:01 4 0 9
07:17:31 4 0 10
07:18:02 4 0 10
07:18:32 4 0 9
07:19:02 4 0 9
07:19:32 4 0 9
07:20:02 4 0 11
07:20:32 4 0 9
07:21:03 4 0 13
07:21:33 4 0 9
07:22:03 4 0 11
07:22:33 4 0 10
07:23:03 4 0 9
07:23:33 4 0 9
07:24:04 4 0 10
07:24:34 4 0 9
07:25:04 4 0 9
07:25:34 4 0 9
07:26:05 4 0 9
07:26:35 4 0 9
07:27:06 4 0 9
07:27:36 4 0 10
07:28:06 4 0 9
07:28:36 4 0 9
07:29:06 4 0 9
07:29:36 4 0 9
07:30:07 4 0 9
07:30:37 4 0 9
07:31:07 4 0 9
07:31:37 4 0 9
07:32:07 4 0 9
07:32:37 4 0 9
07:33:08 4 0 9
07:33:38 4 0 10
07:34:08 4 0 11
07:34:38 4 0 11
07:35:09 4 0 10
07:35:39 4 0 9
07:36:10 4 0 9
07:36:40 4 0 9
07:37:10 4 0 9
07:37:40 4 0 10
07:38:10 4 0 9
07:38:40 4 0 9
07:39:11 4 0 9
07:39:41 4 0 18
07:40:11 4 0 11
07:40:41 4 0 10
07:41:11 4 0 9
07:41:41 4 0 9
07:42:12 4 0 11
07:42:42 4 0 10
07:43:12 4 0 9
07:43:42 4 0 9
07:44:12 4 0 10
07:44:42 4 0 10
07:45:13 4 0 9
07:45:43 4 0 9
07:46:13 4 0 9
07:46:43 4 0 9
07:47:13 4 0 12
07:47:43 4 0 9
07:48:14 4 0 9
07:48:44 4 0 9
07:49:14 4 0 9
07:49:44 4 0 9
07:50:14 4 0 11
07:50:44 4 0 13
07:51:15 4 0 35
07:51:45 4 0 10
07:52:15 4 0 9
07:52:45 4 0 41
07:53:15 4 0 9
07:53:45 4 0 9
07:54:15 4 0 9
07:54:45 4 0 9
07:55:16 4 0 9
07:55:46 4 0 10
07:56:16 4 0 9
07:56:46 4 0 9
07:57:16 4 0 10
07:57:46 4 0 15
07:58:17 4 0 9
07:58:47 4 0 9
07:59:17 4 0 12
07:59:47 4 0 9
08:00:17 4 0 10
08:00:47 4 0 9
08:01:18 4 0 11
08:01:48 4 0 10
08:02:18 4 0 10
08:02:48 4 0 10
08:03:18 4 0 9
08:03:48 4 0 10
08:04:19 4 0 10
08:04:49 4 0 10
08:05:19 4 0 9
08:05:49 4 0 9
08:06:19 4 0 9
08:06:49 4 0 10
08:07:20 4 0 9
08:07:50 4 0 10
08:08:20 4 0 9
08:08:50 4 0 10
08:09:20 4 0 9
08:09:50 4 0 10
08:10:20 4 0 9
08:10:50 4 0 9
08:11:21 4 0 9
08:11:51 4 0 10
08:12:21 4 0 11
08:12:51 4 0 10
08:13:21 4 0 11
08:13:51 4 0 32
08:14:22 4 0 12
08:14:52 4 0 10
08:15:22 4 0 11
08:15:52 4 0 9
08:16:22 4 0 10
08:16:52 4 0 9
08:17:23 4 0 9
08:17:53 4 0 9
08:18:23 4 0 10
08:18:53 4 0 9
08:19:23 4 0 11
08:19:53 4 0 10
08:20:24 4 0 9
08:20:54 4 0 13
08:21:24 4 0 9
08:21:54 4 0 10
08:22:24 4 0 12
08:22:55 4 0 10
08:23:25 4 0 42
08:23:55 4 0 10
08:24:26 4 0 9
08:24:56 4 0 9
08:25:26 4 0 9
08:25:56 4 0 10
08:26:26 4 0 9
08:26:56 4 0 9
08:27:27 4 0 11
08:27:57 4 0 9
08:28:27 4 0 9
08:28:57 4 0 10
08:29:27 4 0 9
08:29:57 4 0 11
08:30:28 4 0 9
08:30:58 4 0 11
08:31:28 4 0 9
08:31:58 4 0 9
08:32:28 4 0 9
08:32:58 4 0 11
08:33:28 4 0 11
08:33:58 4 0 10
08:34:29 4 0 10
08:34:59 4 0 14
08:35:29 4 0 9
08:35:59 4 0 9
08:36:29 4 0 9
08:36:59 4 0 9
08:37:30 4 0 10
08:38:00 4 0 10
08:38:30 4 0 10
08:39:00 4 0 9
08:39:30 4 0 11
08:40:00 4 0 10
08:40:31 4 0 9
08:41:01 4 0 9
08:41:31 4 0 9
08:42:01 4 0 11
08:42:32 4 0 10
08:43:02 4 0 10
08:43:33 4 0 9
08:44:03 4 0 11
08:44:33 4 0 9
08:45:03 4 0 43
08:45:34 4 0 9
08:46:04 4 0 10
08:46:34 4 0 9
08:47:04 4 0 9
08:47:34 4 0 12
08:48:04 4 0 9
08:48:35 4 0 9
08:49:05 4 0 10
08:49:35 4 0 9
08:50:05 4 0 11
08:50:35 4 0 11
08:51:05 4 0 10
08:51:36 4 0 12
08:52:06 4 0 9
08:52:36 4 0 9
08:53:06 4 0 9
08:53:36 4 0 9
08:54:06 4 0 9
08:54:37 4 0 9
08:55:07 4 0 17
08:55:37 4 0 11
08:56:08 4 0 9
08:56:38 4 0 9
08:57:08 4 0 10
08:57:38 4 0 9
08:58:09 4 0 9
08:58:40 4 0 9
08:59:10 4 0 9
08:59:40 4 0 9
09:00:10 4 0 9
09:00:41 4 0 25
09:01:11 4 0 9
09:01:41 4 0 9
09:02:11 4 0 21
09:02:41 4 0 12
09:03:11 4 0 41
09:03:43 3 1 9
09:04:11 4 0 10
09:04:42 4 0 9
09:05:12 4 0 9
09:05:42 4 0 10
09:06:12 4 0 9
09:06:42 4 0 9
09:07:12 4 0 10
09:07:42 4 0 10
09:08:12 4 0 9
09:08:43 4 0 11
09:09:13 4 0 11
09:09:43 4 0 9
09:10:13 4 0 9
09:10:43 4 0 10
09:11:13 4 0 9
09:11:43 4 0 9
09:12:13 4 0 12
09:12:44 4 0 9
09:13:14 4 0 10
09:13:44 4 0 23
09:14:14 4 0 9
09:14:44 4 0 9
09:15:14 4 0 32
09:15:44 4 0 9
09:16:14 4 0 42
09:16:45 4 0 10
09:17:15 4 0 11
09:17:45 4 0 10
09:18:16 4 0 11
09:18:47 4 0 9
09:19:17 4 0 10
09:19:47 4 0 9
09:20:17 4 0 11
09:20:47 4 0 9
09:21:17 4 0 10
09:21:47 4 0 10
09:22:17 4 0 11
09:22:48 4 0 9
09:23:18 4 0 10
09:23:48 4 0 9
09:24:18 4 0 9
09:24:48 4 0 9
09:25:19 3 1 9
09:25:48 4 0 9
09:26:20 3 1 9
09:26:49 4 0 10
09:27:20 3 1 9
09:27:49 4 0 9
09:28:19 4 0 10
09:28:49 4 0 10
09:29:19 4 0 11
09:29:49 4 0 10
09:30:19 4 0 9
09:30:51 3 1 9
09:31:20 4 0 10
09:31:50 4 0 10
09:32:20 4 0 9
09:32:51 4 0 9
09:33:21 4 0 10
09:33:51 4 0 9
09:34:21 4 0 10
09:34:51 4 0 10
09:35:21 4 0 13
09:35:51 4 0 11
09:36:21 4 0 10
09:36:53 3 1 9
09:37:22 4 0 10
09:37:52 4 0 9
09:38:23 3 1 9
09:38:53 4 0 10
09:39:24 3 1 9
09:39:53 4 0 9
09:40:23 4 0 14
09:40:53 4 0 9
09:41:23 4 0 9
09:41:55 3 1 11
09:42:24 4 0 32
09:42:56 2 2 9
09:43:24 4 0 9
09:43:54 4 0 9
09:44:25 3 1 9
09:44:54 4 0 10
09:45:24 4 0 9
09:45:55 4 0 11
09:46:25 4 0 10
09:46:55 4 0 10
09:47:25 4 0 9
09:47:55 4 0 10
09:48:25 4 0 10
09:48:55 4 0 9
09:49:25 4 0 10
09:49:56 4 0 10
09:50:26 4 0 9
09:50:56 4 0 38
09:51:26 4 0 11
09:51:57 4 0 9
09:52:27 4 0 13
09:52:57 4 0 15
09:53:27 4 0 9
09:53:58 3 1 9
09:54:28 4 0 10
09:54:58 4 0 11
09:55:29 3 1 9
09:55:58 4 0 9
09:56:29 3 1 9
09:56:59 3 1 11
09:57:28 4 0 9
09:57:59 3 1 12
09:58:28 4 0 12
09:58:59 4 0 14
09:59:29 4 0 51
09:59:59 4 0 9
10:00:29 4 0 9
10:00:59 4 0 9
10:01:29 4 0 11
10:01:59 4 0 11
10:02:30 4 0 9
10:03:00 4 0 9
10:03:30 4 0 12
10:04:00 4 0 9
10:04:30 4 0 11
10:05:00 4 0 13
10:05:30 4 0 9
10:06:00 4 0 10
10:06:30 4 0 9
10:07:01 4 0 11
10:07:31 4 0 11
10:08:01 4 0 12
10:08:31 4 0 10
10:09:01 4 0 12
10:09:31 4 0 10
10:10:01 4 0 12
10:10:34 2 2 15
10:11:02 4 0 10
10:11:33 3 1 59
10:12:02 4 0 57
10:12:32 4 0 50
10:13:03 3 1 57
10:13:33 3 1 55
10:14:03 4 0 46
10:14:34 3 1 34
10:15:03 4 0 9
10:15:34 3 1 37
10:16:03 4 0 35
10:16:33 4 0 59
10:17:03 4 0 48
10:17:34 3 1 61
10:18:04 4 0 38
10:18:34 4 0 41
10:19:04 4 0 50
10:19:35 3 1 46
10:20:04 4 0 54
10:20:34 4 0 37
10:21:05 4 0 41
10:21:36 3 1 65
10:22:05 4 0 29
10:22:36 4 0 44
10:23:07 3 1 63
10:23:38 3 1 51
10:24:07 4 0 38
10:24:40 2 2 55
10:25:08 4 0 9
10:25:38 4 0 10
10:26:09 4 0 9
10:26:39 4 0 10
10:27:12 2 2 11
10:27:42 2 2 10
10:28:10 4 0 9
10:28:40 4 0 12
10:29:10 4 0 12
10:29:40 4 0 9
10:30:11 4 0 11
10:30:41 4 0 10
10:31:11 4 0 9
10:31:41 4 0 10
10:32:11 4 0 10
10:32:41 4 0 13
10:33:12 4 0 10
10:33:42 4 0 9
10:34:12 4 0 10
10:34:42 4 0 11
10:35:12 4 0 11
10:35:42 4 0 11
10:36:12 4 0 11
10:36:42 4 0 11
10:37:13 4 0 10
10:37:43 4 0 11
10:38:15 3 1 12
10:38:45 3 1 12
10:39:15 3 1 10
10:39:44 4 0 10
10:40:15 4 0 11
10:40:45 4 0 11
10:41:15 4 0 11
10:41:45 4 0 9
10:42:15 4 0 10
10:42:45 4 0 9
10:43:16 4 0 11
10:43:46 4 0 11
10:44:16 4 0 12
10:44:46 4 0 9
10:45:16 4 0 9
10:45:46 4 0 10
10:46:17 4 0 9
10:46:47 4 0 10
10:47:17 4 0 10
10:47:48 3 1 11
10:48:17 4 0 10
10:48:47 4 0 11
10:49:18 4 0 10
10:49:49 3 1 14
10:50:18 4 0 10
10:50:48 4 0 10
10:51:19 3 1 11
10:51:49 4 0 10
10:52:19 4 0 11
10:52:50 3 1 9
10:53:19 4 0 11
10:53:49 4 0 10
10:54:20 4 0 11
10:54:50 4 0 10
10:55:20 4 0 9
10:55:50 4 0 9
10:56:21 4 0 10
10:56:51 4 0 9
10:57:21 4 0 12
10:57:51 4 0 9
10:58:22 4 0 11
10:58:52 4 0 13
10:59:23 4 0 15
10:59:53 4 0 10
11:00:23 4 0 9
11:00:53 4 0 12
11:01:23 4 0 10
11:01:53 4 0 9
11:02:24 4 0 11
11:02:54 4 0 10
11:03:24 4 0 11
11:03:54 4 0 9
11:04:24 4 0 10
11:04:54 4 0 11
11:05:25 4 0 10
11:05:55 4 0 12
11:06:25 4 0 13
11:06:55 4 0 10
11:07:26 4 0 10
11:07:56 3 1 13
11:08:26 4 0 9
11:08:56 4 0 11
11:09:27 3 1 15
11:09:56 4 0 13
11:10:26 4 0 13
11:10:56 4 0 11
11:11:27 4 0 14
11:11:59 2 2 14
11:12:27 4 0 10
11:12:58 3 1 12
11:13:28 3 1 12
11:13:57 4 0 13
11:14:28 4 0 9
11:14:58 4 0 10
11:15:30 3 1 37
11:15:59 4 0 11
11:16:29 4 0 9
11:16:59 4 0 9
11:17:30 4 0 9
11:18:00 4 0 11
11:18:30 4 0 10
11:19:00 4 0 9
11:19:30 4 0 9
11:20:01 4 0 9
11:20:31 4 0 13
11:21:01 4 0 11
11:21:31 4 0 11
11:22:01 4 0 10
11:22:31 4 0 11
11:23:01 4 0 11
11:23:31 4 0 9
11:24:02 4 0 12
11:24:32 4 0 9
11:25:02 4 0 11
11:25:32 4 0 11
11:26:02 4 0 10
11:26:32 4 0 11
11:27:02 4 0 11
11:27:32 4 0 9
11:28:03 4 0 9
11:28:33 4 0 11
11:29:03 4 0 10
11:29:33 4 0 11
11:30:03 4 0 9
11:30:33 4 0 10
11:31:03 4 0 9
11:31:33 4 0 10
11:32:03 4 0 11
11:32:34 4 0 9
11:33:04 4 0 12
11:33:35 3 1 9
11:34:04 4 0 9
11:34:35 4 0 34
11:35:05 4 0 10
11:35:35 4 0 11
11:36:05 4 0 9
11:36:36 4 0 10
11:37:06 4 0 9
11:37:37 4 0 9
11:38:07 4 0 11
11:38:39 2 2 9
11:39:07 4 0 9
11:39:37 4 0 11
11:40:07 4 0 10
11:40:38 4 0 28
11:41:08 4 0 10
11:41:38 4 0 9
11:42:08 4 0 10
11:42:38 4 0 9
11:43:08 4 0 10
11:43:38 4 0 11
11:44:09 4 0 11
11:44:39 4 0 10
11:45:09 4 0 9
11:45:40 4 0 9
11:46:12 3 1 9
11:46:41 4 0 10
11:47:12 4 0 10
11:47:42 4 0 9
11:48:12 4 0 9
11:48:42 4 0 11
11:49:12 4 0 9
11:49:43 4 0 10
11:50:14 3 1 9
11:50:43 4 0 10
11:51:14 4 0 10
11:51:45 4 0 11
11:52:15 4 0 10
11:52:45 4 0 16
11:53:15 4 0 9
11:53:45 4 0 10
11:54:15 4 0 11
11:54:46 4 0 10
11:55:16 4 0 9
11:55:46 4 0 12
11:56:16 4 0 10
11:56:46 4 0 12
11:57:16 4 0 10
11:57:47 4 0 10
11:58:17 4 0 10
11:58:47 4 0 11
11:59:17 4 0 9
11:59:47 4 0 12
12:00:17 4 0 11
12:00:47 4 0 9
12:01:17 4 0 9
12:01:48 4 0 10
12:02:18 4 0 10
12:02:48 4 0 10
12:03:18 4 0 14
12:03:48 4 0 11
12:04:18 4 0 11
12:04:48 4 0 9
12:05:18 4 0 10
12:05:49 4 0 9
12:06:20 4 0 9
12:06:50 4 0 11
12:07:20 4 0 9
12:07:50 4 0 9
12:08:20 4 0 10
12:08:50 4 0 10
12:09:21 4 0 15
12:09:51 4 0 13
12:10:21 4 0 9
12:10:51 4 0 9
12:11:22 4 0 10
12:11:53 3 1 9
12:12:22 4 0 9
12:12:52 4 0 9
12:13:22 4 0 9
12:13:52 4 0 10
12:14:22 4 0 9
12:14:53 4 0 9
12:15:23 4 0 9
12:15:53 4 0 10
12:16:23 4 0 9
12:16:54 4 0 9
12:17:24 4 0 9
12:17:55 4 0 9
12:18:25 4 0 9
12:18:55 4 0 11
12:19:25 4 0 9
12:19:55 4 0 9
12:20:25 4 0 9
12:20:56 4 0 9
12:21:26 4 0 9
12:21:56 4 0 9
12:22:26 4 0 9
12:22:56 4 0 9
12:23:26 4 0 9
12:23:56 4 0 10
12:24:26 4 0 11
12:24:57 4 0 9
12:25:27 4 0 9
12:25:57 4 0 9
12:26:27 4 0 9
12:26:57 4 0 10
12:27:27 4 0 9
12:27:58 4 0 9
12:28:28 4 0 9
12:28:58 4 0 10
12:29:28 4 0 9
12:29:58 4 0 10
12:30:28 4 0 9
12:30:58 4 0 9
12:31:28 4 0 9
12:31:59 4 0 9
12:32:29 4 0 9
12:32:59 4 0 9
12:33:29 4 0 10
12:33:59 4 0 9
12:34:29 4 0 9
12:34:59 4 0 9
12:35:29 4 0 9
12:35:59 4 0 12
12:36:29 4 0 9
12:37:00 4 0 10
12:37:30 4 0 9
12:38:00 4 0 9
12:38:30 4 0 9
12:39:00 4 0 9
12:39:30 4 0 10
12:40:01 4 0 9
12:40:31 4 0 9
12:41:01 4 0 9
12:41:31 4 0 9
12:42:01 4 0 10
12:42:31 4 0 12
12:43:01 4 0 9
12:43:31 4 0 9
12:44:01 4 0 9
12:44:31 4 0 9
12:45:01 4 0 13
12:45:32 4 0 9
12:46:02 4 0 10
12:46:32 4 0 40
12:47:02 4 0 10
12:47:32 4 0 9
12:48:02 4 0 9
12:48:32 4 0 9
12:49:02 4 0 9
12:49:33 4 0 10
12:50:03 4 0 9
12:50:33 4 0 10
12:51:04 4 0 9
12:51:34 4 0 10
12:52:04 4 0 9
12:52:34 4 0 10
12:53:04 4 0 11
12:53:34 4 0 9
12:54:04 4 0 9
12:54:34 4 0 9
12:55:05 4 0 10
12:55:36 3 1 9
12:56:05 4 0 10
12:56:35 4 0 9
12:57:05 4 0 10
12:57:35 4 0 11
12:58:06 4 0 10
12:58:36 4 0 9
12:59:06 4 0 10
12:59:36 4 0 26
13:00:06 4 0 9
13:00:36 4 0 11
13:01:06 4 0 9
13:01:36 4 0 9
13:02:07 4 0 11
13:02:37 4 0 9
13:03:07 4 0 36
13:03:37 4 0 9
13:04:07 4 0 10
13:04:37 4 0 9
13:05:07 4 0 9
13:05:37 4 0 10
13:06:07 4 0 9
13:06:37 4 0 9
13:07:08 4 0 11
13:07:38 4 0 11
13:08:08 4 0 9
13:08:38 4 0 10
13:09:08 4 0 9
13:09:38 4 0 11
13:10:08 4 0 11
13:10:38 4 0 10
13:11:08 4 0 9
13:11:38 4 0 9
13:12:09 4 0 11
13:12:39 4 0 9
13:13:09 4 0 10
13:13:39 4 0 9
13:14:09 4 0 11
13:14:39 4 0 10
13:15:09 4 0 10
13:15:39 4 0 10
13:16:09 4 0 12
13:16:39 4 0 14
13:17:10 4 0 9
13:17:40 4 0 9
13:18:10 4 0 10
13:18:40 4 0 12
13:19:10 4 0 9
13:19:40 4 0 10
13:20:10 4 0 10
13:20:40 4 0 11
13:21:10 4 0 9
13:21:41 4 0 9
13:22:11 4 0 9
13:22:41 4 0 9
13:23:11 4 0 12
13:23:41 4 0 11
13:24:12 4 0 9
13:24:42 4 0 11
13:25:12 4 0 11
13:25:42 4 0 11
13:26:12 4 0 10
13:26:42 4 0 9
13:27:12 4 0 9
13:27:42 4 0 11
13:28:13 4 0 11
13:28:43 4 0 12
13:29:13 4 0 10
13:29:43 4 0 11
13:30:14 4 0 9
13:30:44 4 0 9
13:31:14 4 0 9
13:31:44 4 0 9
13:32:15 4 0 11
13:32:45 4 0 11
13:33:15 4 0 10
13:33:45 4 0 11
13:34:16 4 0 9
13:34:46 4 0 9
13:35:16 4 0 9
13:35:46 4 0 39
13:36:16 4 0 9
13:36:46 4 0 9
13:37:16 4 0 11
13:37:46 4 0 9
13:38:17 4 0 10
13:38:47 4 0 9
13:39:17 4 0 9
13:39:47 4 0 10
13:40:17 4 0 9
13:40:47 4 0 10
13:41:17 4 0 11
13:41:47 4 0 9
13:42:18 4 0 36
13:42:48 4 0 39
13:43:19 4 0 13
13:43:49 4 0 11
13:44:19 4 0 9
13:44:49 4 0 10
13:45:19 4 0 13
13:45:49 4 0 9
13:46:19 4 0 11
13:46:50 4 0 11
13:47:20 4 0 9
13:47:51 4 0 49
13:48:21 4 0 11
13:48:51 4 0 9
13:49:21 4 0 11
13:49:51 4 0 10
13:50:21 4 0 10
13:50:51 4 0 9
13:51:22 4 0 9
13:51:53 4 0 9
13:52:23 4 0 10
13:52:54 3 1 10
13:53:23 4 0 13
13:53:53 4 0 9
13:54:23 4 0 9
13:54:53 4 0 10
13:55:24 4 0 10
13:55:54 4 0 9
13:56:24 4 0 10
13:56:54 4 0 19
13:57:24 4 0 12
13:57:54 4 0 9
13:58:24 4 0 9
13:58:54 4 0 9
13:59:25 4 0 13
13:59:55 4 0 11
14:00:25 4 0 10
14:00:55 4 0 9
14:01:25 4 0 12
14:01:57 2 2 13
14:02:25 4 0 10
14:02:55 4 0 9
14:03:25 4 0 11
14:03:55 4 0 9
14:04:26 4 0 37
14:04:56 4 0 9
14:05:26 4 0 10
14:05:56 4 0 13
14:06:26 4 0 12
14:06:57 4 0 9
14:07:27 4 0 10
14:07:57 4 0 10
14:08:27 4 0 35
14:08:57 4 0 9
14:09:28 4 0 11
14:09:58 4 0 10
14:10:28 4 0 14
14:10:58 4 0 9
14:11:28 4 0 9
14:11:58 4 0 10
14:12:28 4 0 10
14:12:58 4 0 11
14:13:29 4 0 9
14:13:59 4 0 11
14:14:29 4 0 9
14:14:59 4 0 10
14:15:29 4 0 11
14:16:01 2 2 14
14:16:30 4 0 9
14:17:00 4 0 9
14:17:30 4 0 10
14:18:00 4 0 10
14:18:30 4 0 11
14:19:00 4 0 10
14:19:31 4 0 34
14:20:00 4 0 13
14:20:31 4 0 13
14:21:01 4 0 9
14:21:31 4 0 12
14:22:01 4 0 10
14:22:31 4 0 11
14:23:01 4 0 11
14:23:31 4 0 11
14:24:02 3 1 9
14:24:32 4 0 10
14:25:02 4 0 9
14:25:33 4 0 10
14:26:03 4 0 11
14:26:33 4 0 9
14:27:03 4 0 9
14:27:34 4 0 9
14:28:04 4 0 9
14:28:34 4 0 10
14:29:04 4 0 14
14:29:34 4 0 9
14:30:04 4 0 11
14:30:34 4 0 9
14:31:04 4 0 9
14:31:35 4 0 11
14:32:05 4 0 11
14:32:35 4 0 11
14:33:05 4 0 10
14:33:35 4 0 9
14:34:05 4 0 9
14:34:36 4 0 13
14:35:06 4 0 9
14:35:36 4 0 11
14:36:07 3 1 48
14:36:37 4 0 9
14:37:07 4 0 11
14:37:39 3 1 9
14:38:08 4 0 14
14:38:39 4 0 9
14:39:09 4 0 9
14:39:39 4 0 12
14:40:09 4 0 10
14:40:39 4 0 10
14:41:09 4 0 9
14:41:40 4 0 9
14:42:10 4 0 9
14:42:40 4 0 9
14:43:10 4 0 10
14:43:41 4 0 10
14:44:11 4 0 11
14:44:41 4 0 14
14:45:11 4 0 11
14:45:42 4 0 12
14:46:12 4 0 11
14:46:42 4 0 9
14:47:12 4 0 11
14:47:42 4 0 10
14:48:12 4 0 9
14:48:43 4 0 11
14:49:14 3 1 9
14:49:43 4 0 11
14:50:13 4 0 9
14:50:43 4 0 10
14:51:15 2 2 9
14:51:46 2 2 9
14:52:14 4 0 11
14:52:46 2 2 9
14:53:14 4 0 10
14:53:44 4 0 10
14:54:15 3 1 13
14:54:45 4 0 14
14:55:15 4 0 10
14:55:45 4 0 12
14:56:15 4 0 13
14:56:45 4 0 9
14:57:15 4 0 9
14:57:45 4 0 11
14:58:15 4 0 9
14:58:46 4 0 9
14:59:16 4 0 9
14:59:48 2 2 14
15:00:16 4 0 9
15:00:46 4 0 9
15:01:16 4 0 11
15:01:46 4 0 11
15:02:16 4 0 9
15:02:46 4 0 13
15:03:16 4 0 15
15:03:47 4 0 14
15:04:17 4 0 9
15:04:47 4 0 11
15:05:17 4 0 9
15:05:47 4 0 9
15:06:17 4 0 9
15:06:47 4 0 10
15:07:17 4 0 9
15:07:47 4 0 10
15:08:18 4 0 10
15:08:48 4 0 9
15:09:18 4 0 9
15:09:48 4 0 9
15:10:18 4 0 14
15:10:48 4 0 10
15:11:18 4 0 20
15:11:48 4 0 10
15:12:18 4 0 12
15:12:49 4 0 10
15:13:20 3 1 9
15:13:49 4 0 11
15:14:19 4 0 10
15:14:50 3 1 13
15:15:19 4 0 11
15:15:50 4 0 9
15:16:20 4 0 9
15:16:50 4 0 10
15:17:21 3 1 10
15:17:50 4 0 9
15:18:20 4 0 9
15:18:50 4 0 11
15:19:20 4 0 9
15:19:50 4 0 10
15:20:21 4 0 10
15:20:51 4 0 10
15:21:21 4 0 9
15:21:52 3 1 9
15:22:21 4 0 11
15:22:51 4 0 11
15:23:21 4 0 10
15:23:51 4 0 11
15:24:21 4 0 12
15:24:51 4 0 11
15:25:22 4 0 9
15:25:52 4 0 11
15:26:22 4 0 12
15:26:52 4 0 10
15:27:22 4 0 9
15:27:52 4 0 34
15:28:22 4 0 9
15:28:53 3 1 9
15:29:22 4 0 11
15:29:53 4 0 9
15:30:24 3 1 12
15:30:53 4 0 10
15:31:23 4 0 13
15:31:54 4 0 10
15:32:24 4 0 9
15:32:54 4 0 11
15:33:24 4 0 13
15:33:54 4 0 9
15:34:24 4 0 11
15:34:54 4 0 11
15:35:24 4 0 9
15:35:54 4 0 9
15:36:24 4 0 9
15:36:55 4 0 10
15:37:25 4 0 11
15:37:56 3 1 9
15:38:25 4 0 9
15:38:55 4 0 14
15:39:25 4 0 10
15:39:55 4 0 10
15:40:25 4 0 11
15:40:55 4 0 10
15:41:25 4 0 13
15:41:56 4 0 9
15:42:26 4 0 11
15:42:56 4 0 9
15:43:26 4 0 14
15:43:56 4 0 9
15:44:26 4 0 9
15:44:56 4 0 11
15:45:26 4 0 10
15:45:58 3 1 13
15:46:27 4 0 15
15:46:57 4 0 9
15:47:27 4 0 10
15:47:57 4 0 11
15:48:27 4 0 10
15:48:57 4 0 9
15:49:27 4 0 10
15:49:58 4 0 9
15:50:28 4 0 9
15:50:58 4 0 9
15:51:28 4 0 12
15:51:58 4 0 11
15:52:28 4 0 10
15:52:59 4 0 9
15:53:29 4 0 12
15:53:59 4 0 10
15:54:29 4 0 13
15:54:59 4 0 10
15:55:29 4 0 13
15:55:59 4 0 9
15:56:29 4 0 15
15:56:59 4 0 10
15:57:30 4 0 12
15:58:00 4 0 9
15:58:30 4 0 10
15:59:00 4 0 13
15:59:30 4 0 9
16:00:00 4 0 11
16:00:30 4 0 10
16:01:00 4 0 11
16:01:30 4 0 11
16:02:01 4 0 10
16:02:31 4 0 10
16:03:01 4 0 10
16:03:31 4 0 9
16:04:01 4 0 11
16:04:31 4 0 9
16:05:01 4 0 11
16:05:31 4 0 13
16:06:01 4 0 10
16:06:31 4 0 9
16:07:02 4 0 11
16:07:32 4 0 9
16:08:02 4 0 9
16:08:32 4 0 10
16:09:02 4 0 9
16:09:32 4 0 10
16:10:02 4 0 11
16:10:32 4 0 11
16:11:03 4 0 38
16:11:33 4 0 9
16:12:04 3 1 29
16:12:33 4 0 9
16:13:03 4 0 10
16:13:33 4 0 11
16:14:03 4 0 10
16:14:33 4 0 9
16:15:03 4 0 9
16:15:34 4 0 9
16:16:05 3 1 11
16:16:35 3 1 14
16:17:04 4 0 10
16:17:34 4 0 10
16:18:04 4 0 9
16:18:34 4 0 9
16:19:04 4 0 29
16:19:34 4 0 9
16:20:05 4 0 66
16:20:35 4 0 54
16:21:05 4 0 10
16:21:35 4 0 11
16:22:05 4 0 11
16:22:35 4 0 10
16:23:05 4 0 10
16:23:35 4 0 10
16:24:05 4 0 9
16:24:35 4 0 10
16:25:06 4 0 9
16:25:36 4 0 11
16:26:06 4 0 10
16:26:36 4 0 11
16:27:06 4 0 11
16:27:36 4 0 14
16:28:06 4 0 9
16:28:36 4 0 11
16:29:07 4 0 10
16:29:37 4 0 11
16:30:07 4 0 9
16:30:37 4 0 11
16:31:07 4 0 10
16:31:37 4 0 11
16:32:07 4 0 10
16:32:38 4 0 12
16:33:08 4 0 10
16:33:38 4 0 10
16:34:08 4 0 10
16:34:39 4 0 9
16:35:09 4 0 10
16:35:39 4 0 9
16:36:09 4 0 10
16:36:39 4 0 9
16:37:09 4 0 10
16:37:39 4 0 9
16:38:09 4 0 9
16:38:39 4 0 11
16:39:10 4 0 10
16:39:40 4 0 10
16:40:10 4 0 11
16:40:40 4 0 10
16:41:10 4 0 12
16:41:40 4 0 10
16:42:10 4 0 10
16:42:40 4 0 10
16:43:11 4 0 11
16:43:41 4 0 10
16:44:11 4 0 10
16:44:41 4 0 10
16:45:11 4 0 9
16:45:41 4 0 9
16:46:11 4 0 9
16:46:41 4 0 11
16:47:11 4 0 10
16:47:41 4 0 9
16:48:12 4 0 10
16:48:42 4 0 11
16:49:12 4 0 11
16:49:42 4 0 11
16:50:12 4 0 11
16:50:42 4 0 12
16:51:12 4 0 33
16:51:42 4 0 11
16:52:12 4 0 10
16:52:43 4 0 11
16:53:13 4 0 10
16:53:43 4 0 9
16:54:13 4 0 11
16:54:43 4 0 10
16:55:13 4 0 9
16:55:44 3 1 10
16:56:14 4 0 11
16:56:44 4 0 10
16:57:14 4 0 9
16:57:44 4 0 12
16:58:14 4 0 9
16:58:44 4 0 11
16:59:14 4 0 11
16:59:44 4 0 11
17:00:15 4 0 16
17:00:45 4 0 9
17:01:15 4 0 10
17:01:45 4 0 11
17:02:15 4 0 51
17:02:46 4 0 9
17:03:16 4 0 10
17:03:46 4 0 37
17:04:16 4 0 10
17:04:46 4 0 9
17:05:16 4 0 9
17:05:46 4 0 11
17:06:17 4 0 11
17:06:47 4 0 11
17:07:17 4 0 11
17:07:47 4 0 9
17:08:17 4 0 10
17:08:47 4 0 11
17:09:17 4 0 10
17:09:47 4 0 10
17:10:17 4 0 15
17:10:47 4 0 9
17:11:18 4 0 11
17:11:48 4 0 10
17:12:19 3 1 9
17:12:48 4 0 9
17:13:18 4 0 9
17:13:48 4 0 11
17:14:18 4 0 11
17:14:48 4 0 11
17:15:19 4 0 9
17:15:49 4 0 10
17:16:19 4 0 10
17:16:49 4 0 10
17:17:19 4 0 10
17:17:49 4 0 12
17:18:19 4 0 12
17:18:49 4 0 11
17:19:20 4 0 10
17:19:50 4 0 11
17:20:20 4 0 16
17:20:50 4 0 10
17:21:20 4 0 11
17:21:50 4 0 13
17:22:20 4 0 11
17:22:51 4 0 13
17:23:22 4 0 11
17:23:52 4 0 33
17:24:22 4 0 10
17:24:52 4 0 11
17:25:22 4 0 11
17:25:52 4 0 12
17:26:23 4 0 10
17:26:53 4 0 10
17:27:23 4 0 10
17:27:53 4 0 10
17:28:23 4 0 10
17:28:53 4 0 11
17:29:24 4 0 11
17:29:54 4 0 11
17:30:24 4 0 10
17:30:54 4 0 10
17:31:24 4 0 11
17:31:54 4 0 10
17:32:24 4 0 13
17:32:54 4 0 10
17:33:25 4 0 11
17:33:55 4 0 11
17:34:25 4 0 31
17:34:55 4 0 11
17:35:26 3 1 10
17:35:55 4 0 10
17:36:25 4 0 11
17:36:56 4 0 9
17:37:26 4 0 11
17:37:56 4 0 11
17:38:26 4 0 11
17:38:56 4 0 10
17:39:27 4 0 11
17:39:57 4 0 11
17:40:27 4 0 10
17:40:57 4 0 14
17:41:28 3 1 10
17:41:58 3 1 9
17:42:29 3 1 14
17:42:58 4 0 12
17:43:28 4 0 11
17:43:58 4 0 11
17:44:29 4 0 10
17:44:59 4 0 10
17:45:29 4 0 9
17:45:59 4 0 9
17:46:29 4 0 11
17:46:59 4 0 11
17:47:30 4 0 18
17:48:01 3 1 14
17:48:30 4 0 10
17:49:00 4 0 10
17:49:30 4 0 13
17:50:00 4 0 11
17:50:30 4 0 17
17:51:01 3 1 13
17:51:31 4 0 10
17:52:01 4 0 9
17:52:31 4 0 9
17:53:01 4 0 12
17:53:31 4 0 9
17:54:02 3 1 9
17:54:31 4 0 10
17:55:01 4 0 12
17:55:32 4 0 11
17:56:02 4 0 10
17:56:32 4 0 11
17:57:02 4 0 10
17:57:32 4 0 9
17:58:02 4 0 10
17:58:32 4 0 11
17:59:02 4 0 11
17:59:33 4 0 10
18:00:03 4 0 11
18:00:33 4 0 13
18:01:03 4 0 14
18:01:33 4 0 10
18:02:03 4 0 10
18:02:34 4 0 13
18:03:05 3 1 13
18:03:34 4 0 10
18:04:05 4 0 9
18:04:35 4 0 9
18:05:05 4 0 9
18:05:35 4 0 10
18:06:05 4 0 11
18:06:35 4 0 10
18:07:05 4 0 10
18:07:36 4 0 13
18:08:06 4 0 9
18:08:36 4 0 10
18:09:06 4 0 11
18:09:37 3 1 13
18:10:06 4 0 10
18:10:36 4 0 9
18:11:06 4 0 9
18:11:37 4 0 9
18:12:07 4 0 9
18:12:37 4 0 10
18:13:07 4 0 9
18:13:37 4 0 9
18:14:07 4 0 11
18:14:37 4 0 11
18:15:07 4 0 9
18:15:38 4 0 10
18:16:08 4 0 11
18:16:38 4 0 14
18:17:10 2 2 13
18:17:38 4 0 11
18:18:08 4 0 10
18:18:38 4 0 10
18:19:08 4 0 10
18:19:39 4 0 11
18:20:10 3 1 9
18:20:39 4 0 11
18:21:11 2 2 13
18:21:39 4 0 11
18:22:09 4 0 11
18:22:41 3 1 10
18:23:13 2 2 13
18:23:41 4 0 13
18:24:11 4 0 10
18:24:41 4 0 10
18:25:11 4 0 10
18:25:41 4 0 9
18:26:11 4 0 10
18:26:42 4 0 11
18:27:12 4 0 11
18:27:42 4 0 9
18:28:12 4 0 9
18:28:42 4 0 11
18:29:12 4 0 11
18:29:43 4 0 11
18:30:13 4 0 11
18:30:43 4 0 10
18:31:13 4 0 11
18:31:44 4 0 11
18:32:14 4 0 11
18:32:44 4 0 11
18:33:14 4 0 10
18:33:45 4 0 13
18:34:15 4 0 10
18:34:45 4 0 10
18:35:16 3 1 15
18:35:45 4 0 11
18:36:15 4 0 14
18:36:45 4 0 10
18:37:16 4 0 15
18:37:46 4 0 10
18:38:16 4 0 9
18:38:46 4 0 9
18:39:16 4 0 10
18:39:46 4 0 9
18:40:16 4 0 10
18:40:47 4 0 9
18:41:17 4 0 10
18:41:47 4 0 10
18:42:17 4 0 11
18:42:47 4 0 10
18:43:17 4 0 10
18:43:47 4 0 9
18:44:17 4 0 10
18:44:47 4 0 10
18:45:17 4 0 9
18:45:48 4 0 9
18:46:18 4 0 9
18:46:48 4 0 9
18:47:18 4 0 11
18:47:48 4 0 10
18:48:19 3 1 40
18:48:48 4 0 11
18:49:19 4 0 11
18:49:49 4 0 11
18:50:19 4 0 11
18:50:49 4 0 11
18:51:19 4 0 9
18:51:50 3 1 14
18:52:19 4 0 10
18:52:49 4 0 10
18:53:20 4 0 9
18:53:50 4 0 10
18:54:21 4 0 9
18:54:51 4 0 13
18:55:21 4 0 9
18:55:51 4 0 31
18:56:21 4 0 10
18:56:51 4 0 10
18:57:21 4 0 10
18:57:51 4 0 10
18:58:21 4 0 9
18:58:52 4 0 10
18:59:22 4 0 10
18:59:52 4 0 12
19:00:22 4 0 10
19:00:52 4 0 9
19:01:22 4 0 11
19:01:52 4 0 10
19:02:22 4 0 11
19:02:53 4 0 9
19:03:23 4 0 9
19:03:53 4 0 9
19:04:23 4 0 10
19:04:53 4 0 10
19:05:23 4 0 9
19:05:53 4 0 11
19:06:25 2 2 13
19:06:53 4 0 10
19:07:23 4 0 11
19:07:54 4 0 9
19:08:24 4 0 9
19:08:54 4 0 9
19:09:24 4 0 10
19:09:54 4 0 10
19:10:24 4 0 9
19:10:54 4 0 9
19:11:24 4 0 12
19:11:55 4 0 11
19:12:25 4 0 9
19:12:55 4 0 9
19:13:25 4 0 9
19:13:55 4 0 9
19:14:25 4 0 10
19:14:55 4 0 9
19:15:25 4 0 9
19:15:56 4 0 9
19:16:26 4 0 11
19:16:56 4 0 10
19:17:26 4 0 10
19:17:56 4 0 9
19:18:26 4 0 9
19:18:56 4 0 11
19:19:26 4 0 10
19:19:56 4 0 9
19:20:26 4 0 14
19:20:57 4 0 9
19:21:27 4 0 9
19:21:57 4 0 11
19:22:27 4 0 10
19:22:57 4 0 11
19:23:27 4 0 10
19:23:57 4 0 13
19:24:27 4 0 9
19:24:57 4 0 9
19:25:27 4 0 9
19:25:58 4 0 9
19:26:28 4 0 9
19:26:58 4 0 9
19:27:28 4 0 11
19:27:58 4 0 12
19:28:28 4 0 10
19:28:58 4 0 9
19:29:28 4 0 10
19:29:58 4 0 11
19:30:28 4 0 10
19:30:59 4 0 11
19:31:29 4 0 11
19:31:59 4 0 9
19:32:29 4 0 11
19:32:59 4 0 11
19:33:29 4 0 10
19:34:00 4 0 10
19:34:30 4 0 11
19:35:00 4 0 10
19:35:30 4 0 10
19:36:00 4 0 27
19:36:30 4 0 9
19:37:01 3 1 12
19:37:30 4 0 9
19:38:01 4 0 15
19:38:31 4 0 11
19:39:01 4 0 10
19:39:31 4 0 11
19:40:01 4 0 10
19:40:31 4 0 11
19:41:01 4 0 10
19:41:31 4 0 10
19:42:02 4 0 10
19:42:32 4 0 10
19:43:02 4 0 12
19:43:32 4 0 10
19:44:02 4 0 10
19:44:32 4 0 10
19:45:02 4 0 9
19:45:32 4 0 9
19:46:02 4 0 9
19:46:32 4 0 9
19:47:03 4 0 10
19:47:33 4 0 9
19:48:03 4 0 10
19:48:33 4 0 10
19:49:03 4 0 11
19:49:33 4 0 11
19:50:03 4 0 15
19:50:33 4 0 9
19:51:03 4 0 11
19:51:33 4 0 9
19:52:04 4 0 10
19:52:34 4 0 10
19:53:04 4 0 11
19:53:34 4 0 10
19:54:04 4 0 10
19:54:34 4 0 11
19:55:04 4 0 10
19:55:35 3 1 15
19:56:04 4 0 10
19:56:34 4 0 10
19:57:05 4 0 11
19:57:35 4 0 9
19:58:05 4 0 10
19:58:35 4 0 10
19:59:05 4 0 10
19:59:35 4 0 11
20:00:05 4 0 12
20:00:35 4 0 10
20:01:06 4 0 9
20:01:36 4 0 10
20:02:06 4 0 12
20:02:36 4 0 10
20:03:06 4 0 10
20:03:36 4 0 13
20:04:06 4 0 11
20:04:36 4 0 9
20:05:06 4 0 11
20:05:36 4 0 9
20:06:07 4 0 10
20:06:37 4 0 9
20:07:08 3 1 9
20:07:38 3 1 10
20:08:07 4 0 11
20:08:38 3 1 9
20:09:07 4 0 9
20:09:38 3 1 11
20:10:08 3 1 9
20:10:37 4 0 9
20:11:08 4 0 9
20:11:38 4 0 9
20:12:08 4 0 9
20:12:38 4 0 10
20:13:08 4 0 11
20:13:38 4 0 11
20:14:08 4 0 10
20:14:38 4 0 12
20:15:08 4 0 10
20:15:39 4 0 42
20:16:09 4 0 9
20:16:39 4 0 9
20:17:09 4 0 10
20:17:39 4 0 11
20:18:09 4 0 10
20:18:39 4 0 10
20:19:09 4 0 10
20:19:39 4 0 11
20:20:10 4 0 10
20:20:40 4 0 9
20:21:10 4 0 9
20:21:40 4 0 9
20:22:10 4 0 10
20:22:40 4 0 9
20:23:10 4 0 11
20:23:40 4 0 10
20:24:11 4 0 10
20:24:41 4 0 10
20:25:11 4 0 9
20:25:41 4 0 15
20:26:11 4 0 10
20:26:41 4 0 9
20:27:11 4 0 10
20:27:41 4 0 13
20:28:12 4 0 11
20:28:42 4 0 10
20:29:12 4 0 11
20:29:42 4 0 11
20:30:12 4 0 9
20:30:42 4 0 10
20:31:12 4 0 11
20:31:42 4 0 10
20:32:12 4 0 10
20:32:42 4 0 10
20:33:13 4 0 10
20:33:43 4 0 10
20:34:13 4 0 12
20:34:43 4 0 10
20:35:13 4 0 9
20:35:43 4 0 11
20:36:13 4 0 9
20:36:43 4 0 9
20:37:13 4 0 10
20:37:43 4 0 9
20:38:14 4 0 9
20:38:44 4 0 9
20:39:14 4 0 9
20:39:44 4 0 11
20:40:14 4 0 10
20:40:44 4 0 10
20:41:14 4 0 10
20:41:44 4 0 13
20:42:14 4 0 10
20:42:44 4 0 11
20:43:15 4 0 11
20:43:45 4 0 10
20:44:15 4 0 9
20:44:46 3 1 13
20:45:15 4 0 9
20:45:45 4 0 10
20:46:15 4 0 11
20:46:46 4 0 10
20:47:16 4 0 10
20:47:46 4 0 13
20:48:17 3 1 11
20:48:46 4 0 12
20:49:16 4 0 10
20:49:46 4 0 11
20:50:16 4 0 10
20:50:46 4 0 10
20:51:16 4 0 11
20:51:46 4 0 9
20:52:17 4 0 9
20:52:47 4 0 11
20:53:17 4 0 10
20:53:47 4 0 10
20:54:17 4 0 9
20:54:47 4 0 9
20:55:17 4 0 11
20:55:47 4 0 9
20:56:17 4 0 12
20:56:47 4 0 10
20:57:18 4 0 10
20:57:48 4 0 9
20:58:18 4 0 9
20:58:48 4 0 9
20:59:18 4 0 11
20:59:48 4 0 9
21:00:18 4 0 9
21:00:48 4 0 10
21:01:19 4 0 12
21:01:49 4 0 9
21:02:19 4 0 9
21:02:49 4 0 9
21:03:19 4 0 10
21:03:49 4 0 43
21:04:19 4 0 11
21:04:49 4 0 11
21:05:19 4 0 11
21:05:49 4 0 9
21:06:20 4 0 9
21:06:50 4 0 13
21:07:21 4 0 15
21:07:51 4 0 10
21:08:21 4 0 10
21:08:51 4 0 9
21:09:21 4 0 9
21:09:51 4 0 11
21:10:21 4 0 12
21:10:51 4 0 10
21:11:21 4 0 9
21:11:51 4 0 10
21:12:22 4 0 10
21:12:53 3 1 17
21:13:22 4 0 10
21:13:52 4 0 10
21:14:22 4 0 10
21:14:52 4 0 10
21:15:22 4 0 10
21:15:52 4 0 11
21:16:22 4 0 10
21:16:52 4 0 10
21:17:23 4 0 9
21:17:53 4 0 9
21:18:24 3 1 9
21:18:53 4 0 13
21:19:23 4 0 10
21:19:54 4 0 11
21:20:24 4 0 10
21:20:54 4 0 9
21:21:24 4 0 10
21:21:54 4 0 9
21:22:24 4 0 9
21:22:54 4 0 15
21:23:24 4 0 10
21:23:54 4 0 10
21:24:25 4 0 9
21:24:55 4 0 13
21:25:25 4 0 16
21:25:55 4 0 11
21:26:25 4 0 10
21:26:57 3 1 19
21:27:26 4 0 41
21:27:56 4 0 9
21:28:26 4 0 9
21:28:57 4 0 14
21:29:27 4 0 13
21:29:57 4 0 10
21:30:27 4 0 10
21:30:57 4 0 10
21:31:27 4 0 11
21:31:57 4 0 9
21:32:27 4 0 9
21:32:57 4 0 10
21:33:28 4 0 9
21:34:01 1 3 14
21:34:28 4 0 10
21:34:58 4 0 10
21:35:28 4 0 11
21:35:58 4 0 9
21:36:28 4 0 10
21:36:58 4 0 11
21:37:28 4 0 11
21:37:58 4 0 10
21:38:29 4 0 9
21:38:59 4 0 9
21:39:29 4 0 10
21:39:59 4 0 10
21:40:29 4 0 9
21:40:59 4 0 10
21:41:29 4 0 9
21:41:59 4 0 10
21:42:30 4 0 10
21:43:00 4 0 11
21:43:30 4 0 9
21:44:00 4 0 11
21:44:30 4 0 10
21:45:00 4 0 10
21:45:30 4 0 10
21:46:00 4 0 9
21:46:31 4 0 10
21:47:01 4 0 10
21:47:31 4 0 11
21:48:01 4 0 10
21:48:31 4 0 9
21:49:01 4 0 12
21:49:32 3 1 14
21:50:01 4 0 9
21:50:31 4 0 9
21:51:02 4 0 10
21:51:32 4 0 9
21:52:02 4 0 14
21:52:32 4 0 10
21:53:02 4 0 9
21:53:32 4 0 9
21:54:02 4 0 11
21:54:32 4 0 11
21:55:02 4 0 10
21:55:33 4 0 10
21:56:03 4 0 10
21:56:33 4 0 9
21:57:03 4 0 9
21:57:33 4 0 9
21:58:03 4 0 11
21:58:33 4 0 11
21:59:03 4 0 14
21:59:34 4 0 10
22:00:04 4 0 11
22:00:34 4 0 10
22:01:04 4 0 12
22:01:34 4 0 9
22:02:04 4 0 40
22:02:34 4 0 9
22:03:04 4 0 10
22:03:35 4 0 9
22:04:05 4 0 9
22:04:35 4 0 10
22:05:05 4 0 9
22:05:35 4 0 10
22:06:05 4 0 9
22:06:36 4 0 11
22:07:06 4 0 9
22:07:37 4 0 11
22:08:07 4 0 10
22:08:37 4 0 10
22:09:07 4 0 9
22:09:37 4 0 9
22:10:07 4 0 11
22:10:37 4 0 10
22:11:07 4 0 10
22:11:38 4 0 9
22:12:08 4 0 11
22:12:38 4 0 10
22:13:08 4 0 9
22:13:38 4 0 11
22:14:08 4 0 14
22:14:38 4 0 10
22:15:08 4 0 11
22:15:39 4 0 9
22:16:09 4 0 10
22:16:39 4 0 9
22:17:09 4 0 9
22:17:40 3 1 13
22:18:09 4 0 12
22:18:39 4 0 10
22:19:09 4 0 9
22:19:40 4 0 10
22:20:11 3 1 13
22:20:40 4 0 14
22:21:10 4 0 10
22:21:40 4 0 10
22:22:10 4 0 11
22:22:40 4 0 10
22:23:10 4 0 10
22:23:41 4 0 10
22:24:11 4 0 10
22:24:41 4 0 10
22:25:11 4 0 9
22:25:41 4 0 9
22:26:11 4 0 11
22:26:41 4 0 10
22:27:11 4 0 12
22:27:42 4 0 11
22:28:12 4 0 9
22:28:42 4 0 11
22:29:12 4 0 9
22:29:42 4 0 12
22:30:12 4 0 9
22:30:42 4 0 11
22:31:12 4 0 11
22:31:43 4 0 10
22:32:13 4 0 9
22:32:43 4 0 9
22:33:13 4 0 11
22:33:43 4 0 10
22:34:13 4 0 10
22:34:43 4 0 9
22:35:15 2 2 13
22:35:45 2 2 9
22:36:14 4 0 11
22:36:44 4 0 47
22:37:14 4 0 9
22:37:44 4 0 9
22:38:14 4 0 10
22:38:45 4 0 11
22:39:15 4 0 10
22:39:45 4 0 11
22:40:15 4 0 10
22:40:45 4 0 11
22:41:15 4 0 42
22:41:45 4 0 11
22:42:15 4 0 10
22:42:46 4 0 9
22:43:16 4 0 10
22:43:46 4 0 10
22:44:16 4 0 10
22:44:46 4 0 11
22:45:16 4 0 14
22:45:46 4 0 9
22:46:16 4 0 9
22:46:48 3 1 15
22:47:17 4 0 10
22:47:47 4 0 10
22:48:17 4 0 10
22:48:47 4 0 10
22:49:17 4 0 11
22:49:47 4 0 11
22:50:17 4 0 11
22:50:48 4 0 10
22:51:18 4 0 10
22:51:49 3 1 15
22:52:18 4 0 17
22:52:49 3 1 12
22:53:18 4 0 10
22:53:48 4 0 11
22:54:18 4 0 11
22:54:49 4 0 46
22:55:19 4 0 11
22:55:50 3 1 18
22:56:21 2 2 18
22:56:49 4 0 9
22:57:19 4 0 11
22:57:50 3 1 9
22:58:19 4 0 11
22:58:50 4 0 9
22:59:20 4 0 10
22:59:50 4 0 14
23:00:20 4 0 10
23:00:50 4 0 9
23:01:20 4 0 10
23:01:50 4 0 9
23:02:21 4 0 10
23:02:51 4 0 13
23:03:21 4 0 11
23:03:51 4 0 10
23:04:21 4 0 10
23:04:51 4 0 10
23:05:21 4 0 12
23:05:51 4 0 13
23:06:21 4 0 9
23:06:52 4 0 11
23:07:22 4 0 9
23:07:52 4 0 54
23:08:22 4 0 10
23:08:52 4 0 9
23:09:22 4 0 11
23:09:53 4 0 10
23:10:23 4 0 10
23:10:53 4 0 11
23:11:23 4 0 9
23:11:53 4 0 11
23:12:23 4 0 13
23:12:53 4 0 10
23:13:23 4 0 11
23:13:53 4 0 9
23:14:24 4 0 10
23:14:54 4 0 17
23:15:24 4 0 11
23:15:54 4 0 11
23:16:24 4 0 9
23:16:54 4 0 36
23:17:24 4 0 9
23:17:55 4 0 9
23:18:25 4 0 10
23:18:55 4 0 11
23:19:25 4 0 10
23:19:55 4 0 9
23:20:25 4 0 9
23:20:55 4 0 9
23:21:25 4 0 9
23:21:56 4 0 11
23:22:26 4 0 9
23:22:56 4 0 14
23:23:26 4 0 12
23:23:56 4 0 12
23:24:26 4 0 14
23:24:56 4 0 13
23:25:26 4 0 10
23:25:57 4 0 12
23:26:27 4 0 10
23:26:57 4 0 10
23:27:27 4 0 10
23:27:57 4 0 10
23:28:27 4 0 11
23:28:57 4 0 13
23:29:27 4 0 10
23:29:58 4 0 10
23:30:28 4 0 10
23:30:59 3 1 9
23:31:28 4 0 9
23:31:58 4 0 14
23:32:28 4 0 9
23:32:59 4 0 10
23:33:29 4 0 9
23:33:59 4 0 9
23:34:29 4 0 13
23:34:59 4 0 10
23:35:29 4 0 11
23:35:59 4 0 12
23:36:29 4 0 10
23:37:00 4 0 10
23:37:30 4 0 13
23:38:00 4 0 9
23:38:30 4 0 11
23:39:00 4 0 13
23:39:30 4 0 9
23:40:00 4 0 9
23:40:30 4 0 9
23:41:01 4 0 12
23:41:31 4 0 11
23:42:01 4 0 10
23:42:31 4 0 14
23:43:02 4 0 9
23:43:32 4 0 10
23:44:02 4 0 9
23:44:32 4 0 10
23:45:02 4 0 9
23:45:32 4 0 9
23:46:03 4 0 9
23:46:33 4 0 9
23:47:03 4 0 10
23:47:33 4 0 9
23:48:04 4 0 10
23:48:34 4 0 9
23:49:05 4 0 9
23:49:35 4 0 9
23:50:05 4 0 11
23:50:35 4 0 9
23:51:06 4 0 13
23:51:36 4 0 9
23:52:06 4 0 11
23:52:37 4 0 9
23:53:07 4 0 9
23:53:39 3 1 14
23:54:08 4 0 10
23:54:38 4 0 10
23:55:09 4 0 10
23:55:39 4 0 10
23:56:10 4 0 9
23:56:41 4 0 12
23:57:12 4 0 10
23:57:42 4 0 14
23:58:13 4 0 9
23:58:43 4 0 10
23:59:13 4 0 10
23:59:47 4 0 9
