00:00:20 4 0 83
00:00:39 4 0 83
00:01:26 4 0 83
00:02:11 4 0 83
00:02:34 4 0 84
00:02:55 4 0 89
00:03:24 4 0 84
00:03:44 4 0 84
00:04:18 4 0 83
00:04:49 3 1 83
00:05:20 3 1 84
00:05:57 4 0 83
00:06:22 4 0 84
00:06:53 4 0 84
00:07:28 3 1 83
00:07:55 4 0 84
00:08:23 4 0 101
02:00:06 3 1 89
02:00:37 3 1 92
02:01:06 4 0 88
02:01:36 4 0 90
02:02:08 3 1 89
02:02:37 4 0 89
02:03:07 4 0 89
02:03:37 4 0 89
02:04:07 4 0 87
02:04:38 4 0 84
02:05:08 4 0 89
02:05:38 4 0 85
02:06:08 4 0 89
02:06:39 4 0 86
02:07:09 4 0 87
02:07:39 4 0 86
02:08:09 4 0 85
02:08:39 4 0 86
02:09:09 4 0 88
02:09:40 4 0 86
02:10:10 4 0 89
02:10:40 4 0 88
02:11:10 4 0 87
02:11:41 4 0 86
02:12:11 4 0 88
02:12:41 4 0 85
02:13:11 4 0 88
02:13:41 4 0 86
02:14:12 4 0 256
02:14:42 4 0 86
02:15:12 4 0 85
02:15:42 4 0 85
02:16:12 4 0 87
02:16:43 4 0 256
02:17:13 4 0 87
02:17:43 4 0 87
02:18:13 4 0 85
02:18:44 4 0 86
02:19:14 4 0 87
02:19:45 4 0 256
02:20:14 4 0 88
02:20:44 4 0 88
02:21:15 4 0 86
02:21:45 4 0 87
02:22:15 4 0 88
02:22:46 4 0 265
02:23:16 4 0 260
02:23:46 4 0 262
02:24:16 4 0 261
02:24:47 4 0 263
02:25:17 4 0 260
02:25:47 4 0 86
02:26:17 4 0 85
02:26:47 4 0 87
02:27:17 4 0 86
02:27:47 4 0 86
02:28:17 4 0 86
02:28:48 4 0 86
02:29:18 4 0 86
02:29:48 4 0 86
02:30:18 4 0 86
02:30:49 4 0 88
02:31:19 4 0 86
02:31:49 4 0 87
02:32:19 4 0 90
02:32:49 4 0 87
02:33:20 4 0 87
02:33:50 4 0 89
02:34:20 4 0 86
02:34:51 4 0 255
02:35:20 4 0 88
02:35:51 4 0 86
02:36:21 4 0 88
02:36:51 4 0 86
02:37:21 4 0 88
02:37:51 4 0 86
02:38:22 4 0 87
02:38:52 4 0 87
02:39:22 4 0 88
02:39:52 4 0 87
02:40:22 4 0 85
02:40:53 4 0 85
02:41:23 4 0 85
02:41:53 4 0 87
02:42:23 4 0 88
02:42:53 4 0 85
02:43:23 4 0 88
02:43:54 4 0 85
02:44:24 4 0 87
02:44:55 4 0 253
02:45:24 4 0 86
02:45:55 4 0 87
02:46:25 4 0 89
02:46:55 4 0 85
02:47:25 4 0 85
02:47:56 4 0 255
02:48:26 4 0 112
02:48:58 2 2 88
02:49:26 4 0 88
02:49:57 3 1 86
02:50:26 4 0 87
02:50:57 4 0 86
02:51:27 4 0 86
02:51:57 4 0 88
02:52:27 4 0 91
02:52:57 4 0 85
02:53:27 4 0 87
02:53:58 4 0 86
02:54:28 4 0 87
02:54:58 4 0 86
02:55:28 4 0 86
02:55:59 3 1 87
02:56:29 4 0 86
02:56:59 4 0 86
02:57:29 4 0 87
02:57:59 4 0 86
02:58:30 4 0 254
02:59:00 4 0 86
02:59:30 4 0 86
03:00:00 4 0 86
03:00:30 4 0 87
03:01:01 4 0 85
03:01:31 4 0 86
03:02:02 4 0 267
03:02:31 4 0 86
03:03:01 4 0 88
03:03:31 4 0 86
03:04:02 4 0 86
03:04:32 4 0 86
03:05:02 4 0 85
03:05:32 4 0 85
03:06:03 4 0 86
03:06:33 4 0 86
03:07:03 4 0 85
03:07:34 4 0 86
03:08:04 4 0 88
03:08:35 4 0 85
03:09:05 4 0 87
03:09:35 4 0 86
03:10:05 4 0 86
03:10:35 4 0 87
03:11:06 4 0 85
03:11:36 4 0 256
03:12:06 4 0 85
03:12:36 4 0 86
03:13:06 4 0 87
03:13:36 4 0 86
03:14:07 4 0 85
03:14:37 4 0 87
03:15:08 4 0 258
03:15:37 4 0 85
03:16:07 4 0 85
03:16:37 4 0 87
03:17:08 4 0 86
03:17:38 4 0 86
03:18:09 4 0 257
03:18:38 4 0 86
03:19:09 4 0 86
03:19:39 4 0 86
03:20:10 4 0 266
03:20:39 4 0 85
03:21:09 4 0 85
03:21:39 4 0 85
03:22:10 4 0 86
03:22:40 4 0 86
03:23:10 4 0 85
03:23:40 4 0 86
03:24:10 4 0 85
03:24:41 4 0 268
03:25:11 4 0 85
03:25:41 4 0 87
03:26:11 4 0 86
03:26:41 4 0 85
03:27:11 4 0 85
03:27:41 4 0 86
03:28:12 4 0 85
03:28:42 4 0 86
03:29:12 4 0 86
03:29:42 4 0 85
03:30:12 4 0 85
03:30:42 4 0 86
03:31:13 4 0 85
03:31:43 4 0 85
03:32:13 4 0 85
03:32:43 4 0 86
03:33:13 4 0 85
03:33:43 4 0 86
03:34:13 4 0 85
03:34:44 4 0 254
03:35:14 4 0 85
03:35:44 4 0 86
03:36:15 4 0 264
03:36:44 4 0 88
03:37:15 4 0 85
03:37:45 4 0 86
03:38:15 4 0 85
03:38:45 4 0 87
03:39:15 4 0 85
03:39:45 4 0 86
03:40:16 4 0 88
03:40:46 4 0 86
03:41:16 4 0 85
03:41:46 4 0 87
03:42:16 4 0 86
03:42:46 4 0 85
03:43:17 4 0 85
03:43:47 4 0 85
03:44:17 4 0 86
03:44:47 4 0 86
03:45:17 4 0 86
03:45:48 4 0 86
03:46:18 4 0 85
03:46:48 4 0 86
03:47:18 4 0 85
03:47:48 4 0 87
03:48:18 4 0 86
03:48:48 4 0 87
03:49:19 4 0 85
03:49:49 4 0 85
03:50:20 4 0 256
03:50:49 4 0 87
03:51:19 4 0 85
03:51:49 4 0 85
03:52:20 4 0 85
03:52:50 4 0 256
03:53:20 4 0 85
03:53:50 4 0 87
03:54:20 4 0 86
03:54:51 4 0 88
03:55:22 4 0 253
03:55:51 4 0 85
03:56:21 4 0 85
03:56:51 4 0 86
03:57:22 4 0 266
03:57:52 4 0 262
03:58:22 4 0 257
03:58:52 4 0 192
03:59:23 4 0 232
03:59:53 4 0 261
04:00:22 4 0 86
04:00:53 4 0 85
04:01:23 4 0 85
04:01:53 4 0 89
04:02:24 3 1 88
04:02:53 4 0 85
04:03:23 4 0 85
04:03:53 4 0 87
04:04:24 4 0 85
04:04:54 4 0 88
04:05:24 4 0 86
04:05:54 4 0 86
04:06:25 4 0 256
04:06:55 4 0 87
04:07:25 4 0 88
04:07:55 4 0 85
04:08:25 4 0 85
04:08:55 4 0 86
04:09:25 4 0 85
04:09:56 4 0 86
04:10:26 4 0 85
04:10:56 4 0 85
04:11:26 4 0 85
04:11:56 4 0 87
04:12:27 4 0 85
04:12:57 4 0 85
04:13:27 4 0 85
04:13:58 4 0 268
04:14:27 4 0 85
04:14:57 4 0 85
04:15:28 4 0 86
04:15:58 4 0 85
04:16:28 4 0 85
04:16:58 4 0 86
04:17:28 4 0 86
04:17:58 4 0 85
04:18:29 4 0 85
04:18:59 4 0 86
04:19:29 4 0 85
04:19:59 4 0 86
04:20:29 4 0 86
04:20:59 4 0 86
04:21:30 4 0 85
04:22:00 4 0 86
04:22:30 4 0 85
04:23:00 4 0 86
04:23:31 4 0 279
04:24:00 4 0 86
04:24:31 4 0 86
04:25:01 4 0 87
04:25:31 4 0 85
04:26:01 4 0 84
04:26:31 4 0 83
04:27:01 4 0 84
04:27:32 4 0 83
04:28:02 4 0 83
04:28:32 4 0 83
04:29:02 4 0 83
04:29:32 4 0 83
04:30:02 4 0 84
04:30:33 4 0 252
04:31:03 4 0 83
04:31:33 4 0 83
04:32:03 4 0 83
04:32:33 4 0 83
04:33:03 4 0 83
04:33:34 4 0 83
04:34:04 4 0 84
04:34:34 4 0 84
04:35:04 4 0 83
04:35:35 4 0 262
04:36:05 4 0 258
04:36:35 4 0 260
04:37:05 4 0 260
04:37:36 4 0 260
04:38:06 4 0 259
04:38:35 4 0 83
04:39:05 4 0 84
04:39:36 4 0 83
04:40:06 4 0 83
04:40:36 4 0 83
04:41:06 4 0 84
04:41:37 4 0 83
04:42:07 4 0 83
04:42:37 4 0 83
04:43:07 4 0 83
04:43:37 4 0 83
04:44:07 4 0 83
04:44:38 4 0 84
04:45:08 4 0 83
04:45:38 4 0 83
04:46:08 4 0 83
04:46:38 4 0 83
04:47:08 4 0 84
04:47:39 4 0 83
04:48:09 4 0 83
04:48:39 4 0 83
04:49:09 4 0 83
04:49:40 4 0 260
04:50:10 4 0 257
04:50:40 4 0 163
04:51:10 4 0 258
04:51:41 4 0 258
04:52:10 4 0 83
04:52:40 4 0 84
04:53:10 4 0 83
04:53:41 4 0 83
04:54:11 4 0 84
04:54:41 4 0 83
04:55:11 4 0 83
04:55:41 4 0 87
04:56:11 4 0 83
04:56:42 4 0 83
04:57:12 4 0 189
04:57:42 4 0 83
04:58:12 4 0 83
04:58:42 4 0 83
04:59:13 4 0 83
04:59:43 4 0 83
05:00:13 4 0 83
05:00:43 4 0 83
05:01:14 4 0 260
05:01:44 4 0 259
05:02:14 4 0 84
05:02:44 4 0 83
05:03:14 4 0 84
05:03:44 4 0 83
05:04:14 4 0 86
05:04:44 4 0 84
05:05:15 4 0 83
05:05:45 4 0 83
05:06:15 4 0 84
05:06:45 4 0 83
05:07:15 4 0 83
05:07:46 4 0 83
05:08:16 4 0 84
05:08:46 4 0 83
05:09:16 4 0 84
05:09:46 4 0 83
05:10:16 4 0 83
05:10:47 4 0 251
05:11:17 4 0 84
05:11:47 4 0 83
05:12:17 4 0 83
05:12:47 4 0 83
05:13:18 4 0 260
05:13:48 4 0 258
05:14:18 4 0 256
05:14:49 4 0 258
05:15:18 4 0 83
05:15:48 4 0 104
05:16:18 4 0 84
05:16:49 4 0 83
05:17:19 4 0 84
05:17:49 4 0 84
05:18:19 4 0 84
05:18:50 4 0 83
05:19:20 4 0 83
05:19:50 4 0 83
05:20:20 4 0 83
05:20:50 4 0 83
05:21:21 4 0 132
05:21:51 4 0 83
05:22:21 4 0 83
05:22:51 4 0 83
05:23:21 4 0 84
05:23:51 4 0 83
05:24:21 4 0 83
05:24:52 4 0 83
05:25:22 4 0 83
05:25:52 4 0 83
05:26:22 4 0 84
05:26:52 4 0 84
05:27:22 4 0 83
05:27:53 4 0 83
05:28:23 4 0 84
05:28:53 4 0 83
05:29:24 4 0 259
05:29:54 4 0 258
05:30:24 4 0 256
05:30:54 4 0 83
05:31:24 4 0 83
05:31:54 4 0 83
05:32:24 4 0 84
05:32:54 4 0 83
05:33:24 4 0 83
05:33:55 4 0 83
05:34:25 4 0 83
05:34:55 4 0 83
05:35:25 4 0 83
05:35:55 4 0 83
05:36:25 4 0 84
05:36:56 4 0 83
05:37:26 4 0 83
05:37:56 4 0 84
05:38:26 4 0 83
05:38:56 4 0 83
05:39:26 4 0 85
05:39:57 4 0 83
05:40:27 4 0 84
05:40:57 4 0 83
05:41:28 4 0 260
05:41:58 4 0 258
05:42:28 4 0 256
05:42:58 4 0 83
05:43:28 4 0 83
05:43:58 4 0 83
05:44:28 4 0 83
05:44:58 4 0 83
05:45:28 4 0 83
05:45:59 4 0 83
05:46:29 4 0 84
05:46:59 4 0 83
05:47:29 4 0 83
05:47:59 4 0 83
05:48:29 4 0 83
05:49:00 4 0 83
05:49:30 4 0 83
05:50:00 4 0 91
05:50:31 4 0 253
05:51:00 4 0 83
05:51:31 4 0 260
05:52:01 4 0 257
05:52:31 4 0 257
05:53:01 4 0 83
05:53:31 4 0 83
05:54:01 4 0 83
05:54:32 4 0 252
05:55:02 4 0 83
05:55:32 4 0 84
05:56:02 4 0 83
05:56:32 4 0 83
05:57:03 4 0 83
05:57:33 4 0 83
05:58:03 4 0 83
05:58:33 4 0 93
05:59:03 4 0 83
05:59:33 4 0 83
06:00:04 4 0 83
06:00:34 4 0 83
06:01:04 4 0 83
06:01:34 4 0 84
06:02:05 4 0 83
06:02:35 4 0 83
06:03:05 4 0 83
06:03:35 4 0 84
06:04:05 4 0 83
06:04:35 4 0 83
06:05:06 4 0 83
06:05:36 4 0 83
06:06:06 4 0 83
06:06:36 4 0 83
06:07:07 4 0 83
06:07:37 4 0 260
06:08:08 4 0 257
06:08:38 4 0 258
06:09:07 4 0 83
06:09:37 4 0 83
06:10:08 4 0 83
06:10:38 4 0 83
06:11:08 4 0 83
06:11:38 4 0 83
06:12:08 4 0 83
06:12:39 4 0 83
06:13:09 4 0 83
06:13:39 4 0 83
06:14:09 4 0 83
06:14:39 4 0 83
06:15:09 4 0 84
06:15:40 4 0 83
06:16:11 4 0 252
06:16:40 4 0 83
06:17:10 4 0 83
06:17:40 4 0 83
06:18:11 4 0 84
06:18:41 4 0 115
06:19:11 4 0 84
06:19:41 4 0 83
06:20:11 4 0 83
06:20:41 4 0 86
06:21:12 4 0 83
06:21:42 4 0 84
06:22:12 4 0 83
06:22:42 4 0 83
06:23:12 4 0 83
06:23:42 4 0 83
06:24:13 4 0 83
06:24:43 4 0 83
06:25:13 4 0 84
06:25:43 4 0 83
06:26:13 4 0 83
06:26:43 4 0 85
06:27:14 4 0 83
06:27:44 4 0 83
06:28:14 4 0 83
06:28:44 4 0 110
06:29:14 4 0 83
06:29:44 4 0 86
06:30:15 4 0 83
06:30:45 4 0 262
06:31:16 4 0 258
06:31:46 4 0 258
06:32:15 4 0 83
06:32:45 4 0 84
06:33:16 4 0 83
06:33:46 4 0 83
06:34:16 4 0 83
06:34:46 4 0 83
06:35:16 4 0 83
06:35:46 4 0 84
06:36:17 4 0 83
06:36:47 4 0 83
06:37:17 4 0 83
06:37:47 4 0 83
06:38:17 4 0 83
06:38:47 4 0 83
06:39:18 4 0 83
06:39:48 4 0 83
06:40:19 4 0 253
06:40:48 4 0 83
06:41:18 4 0 83
06:41:48 4 0 83
06:42:19 4 0 83
06:42:49 4 0 83
06:43:19 4 0 83
06:43:49 4 0 83
06:44:20 4 0 261
06:44:50 4 0 259
06:45:20 4 0 258
06:45:50 4 0 83
06:46:20 4 0 84
06:46:50 4 0 83
06:47:20 4 0 84
06:47:51 4 0 83
06:48:21 4 0 83
06:48:51 4 0 84
06:49:21 4 0 83
06:49:51 4 0 83
06:50:21 4 0 83
06:50:52 4 0 84
06:51:22 4 0 83
06:51:52 4 0 83
06:52:22 4 0 83
06:52:52 4 0 114
06:53:22 4 0 85
06:53:52 4 0 84
06:54:23 4 0 83
06:54:53 4 0 83
06:55:23 4 0 83
06:55:53 4 0 83
06:56:23 4 0 83
06:56:53 4 0 83
06:57:24 4 0 83
06:57:54 4 0 83
06:58:24 4 0 83
06:58:54 4 0 84
06:59:24 4 0 84
06:59:54 4 0 84
07:00:25 4 0 83
07:00:55 4 0 83
07:01:25 4 0 83
07:01:56 4 0 261
07:02:26 4 0 259
07:02:56 4 0 259
07:03:26 4 0 83
07:03:56 4 0 94
07:04:26 4 0 85
07:04:56 4 0 83
07:05:26 4 0 83
07:05:56 4 0 83
07:06:27 4 0 83
07:06:57 4 0 83
07:07:27 4 0 83
07:07:57 4 0 83
07:08:27 4 0 83
07:08:57 4 0 83
07:09:28 4 0 83
07:09:58 4 0 83
07:10:28 4 0 83
07:10:58 4 0 85
07:11:28 4 0 83
07:11:58 4 0 83
07:12:29 4 0 83
07:12:59 4 0 83
07:13:29 4 0 100
07:13:59 4 0 85
07:14:29 4 0 83
07:14:59 4 0 83
07:15:30 4 0 83
07:16:00 4 0 83
07:16:30 4 0 83
07:17:00 4 0 85
07:17:31 4 0 83
07:18:01 4 0 83
07:18:31 4 0 83
07:19:01 4 0 85
07:19:32 4 0 262
07:20:01 4 0 83
07:20:31 4 0 83
07:21:02 4 0 83
07:21:32 4 0 83
07:22:02 4 0 83
07:22:32 4 0 83
07:23:02 4 0 83
07:23:33 4 0 83
07:24:03 4 0 84
07:24:33 4 0 83
07:25:03 4 0 85
07:25:33 4 0 84
07:26:04 4 0 83
07:26:34 4 0 84
07:27:05 4 0 83
07:27:35 4 0 83
07:28:05 4 0 84
07:28:35 4 0 83
07:29:06 4 0 83
07:29:36 4 0 83
07:30:06 4 0 83
07:30:36 4 0 83
07:31:06 4 0 84
07:31:36 4 0 83
07:32:07 4 0 83
07:32:37 4 0 83
07:33:08 4 0 261
07:33:38 4 0 260
07:34:08 4 0 259
07:34:38 4 0 84
07:35:08 4 0 83
07:35:38 4 0 83
07:36:08 4 0 83
07:36:38 4 0 83
07:37:08 4 0 83
07:37:38 4 0 83
07:38:09 4 0 83
07:38:39 4 0 101
07:39:09 4 0 83
07:39:39 4 0 91
07:40:09 4 0 83
07:40:39 4 0 83
07:41:10 4 0 83
07:41:40 4 0 251
07:42:10 4 0 103
07:42:40 4 0 83
07:43:10 4 0 83
07:43:40 4 0 83
07:44:11 4 0 83
07:44:41 4 0 83
07:45:11 4 0 83
07:45:42 4 0 251
07:46:11 4 0 83
07:46:41 4 0 85
07:47:12 4 0 83
07:47:42 4 0 83
07:48:12 4 0 83
07:48:42 4 0 83
07:49:13 4 0 261
07:49:43 4 0 259
07:50:13 4 0 260
07:50:43 4 0 83
07:51:13 4 0 114
07:51:43 4 0 83
07:52:13 4 0 83
07:52:43 4 0 113
07:53:13 4 0 83
07:53:45 3 1 83
07:54:14 4 0 84
07:54:44 4 0 83
07:55:14 4 0 83
07:55:44 4 0 83
07:56:14 4 0 85
07:56:44 4 0 83
07:57:15 4 0 83
07:57:45 4 0 84
07:58:15 4 0 83
07:58:45 4 0 83
07:59:15 4 0 83
07:59:45 4 0 83
08:00:16 4 0 83
08:00:46 4 0 83
08:01:16 4 0 83
08:01:46 4 0 83
08:02:16 4 0 83
08:02:46 4 0 83
08:03:17 4 0 83
08:03:47 4 0 261
08:04:18 4 0 259
08:04:48 4 0 240
08:05:17 4 0 83
08:05:47 4 0 83
08:06:18 4 0 83
08:06:48 4 0 83
08:07:18 4 0 83
08:07:48 4 0 83
08:08:18 4 0 83
08:08:48 4 0 83
08:09:18 4 0 83
08:09:48 4 0 84
08:10:19 4 0 83
08:10:49 4 0 83
08:11:19 4 0 83
08:11:49 4 0 83
08:12:19 4 0 83
08:12:49 4 0 85
08:13:20 4 0 84
08:13:50 4 0 83
08:14:20 4 0 83
08:14:50 4 0 84
08:15:20 4 0 83
08:15:50 4 0 83
08:16:21 4 0 84
08:16:51 4 0 83
08:17:21 4 0 85
08:17:51 4 0 83
08:18:21 4 0 83
08:18:51 4 0 83
08:19:22 4 0 83
08:19:52 4 0 84
08:20:22 4 0 83
08:20:52 4 0 83
08:21:22 4 0 83
08:21:53 4 0 262
08:22:23 4 0 260
08:22:54 4 0 259
08:23:24 4 0 101
08:23:54 4 0 83
08:24:24 4 0 83
08:24:54 4 0 83
08:25:24 4 0 84
08:25:55 4 0 171
08:26:25 4 0 83
08:26:55 4 0 105
08:27:25 4 0 83
08:27:55 4 0 83
08:28:25 4 0 83
08:28:55 4 0 84
08:29:26 4 0 83
08:29:56 4 0 85
08:30:26 4 0 84
08:30:56 4 0 83
08:31:27 4 0 277
08:31:56 4 0 83
08:32:26 4 0 84
08:32:56 4 0 83
08:33:27 4 0 83
08:33:57 4 0 83
08:34:27 4 0 83
08:34:57 4 0 83
08:35:28 3 1 83
08:35:57 4 0 84
08:36:28 4 0 83
08:36:58 4 0 83
08:37:28 4 0 83
08:37:58 4 0 85
08:38:28 4 0 83
08:38:58 4 0 87
08:39:29 4 0 83
08:39:59 4 0 83
08:40:29 4 0 83
08:40:59 4 0 83
08:41:29 4 0 84
08:41:59 4 0 83
08:42:31 4 0 262
08:43:01 4 0 255
08:43:32 4 0 247
08:44:01 4 0 83
08:44:31 4 0 84
08:45:02 4 0 83
08:45:32 4 0 84
08:46:02 4 0 83
08:46:32 4 0 83
08:47:02 4 0 83
08:47:33 4 0 83
08:48:03 4 0 253
08:48:33 4 0 83
08:49:03 4 0 86
08:49:33 4 0 83
08:50:03 4 0 83
08:50:33 4 0 84
08:51:04 4 0 83
08:51:35 4 0 252
08:52:04 4 0 84
08:52:34 4 0 85
08:53:04 4 0 84
08:53:35 4 0 83
08:54:05 4 0 85
08:54:35 4 0 84
08:55:05 4 0 83
08:55:36 4 0 83
08:56:06 4 0 83
08:56:36 4 0 83
08:57:06 4 0 85
08:57:37 4 0 84
08:58:07 4 0 83
08:58:38 4 0 83
08:59:08 4 0 83
08:59:38 4 0 83
09:00:09 4 0 265
09:00:40 4 0 262
09:01:09 4 0 233
09:01:39 4 0 83
09:02:09 4 0 83
09:02:39 4 0 104
09:03:11 3 1 119
09:03:40 4 0 83
09:04:10 4 0 83
09:04:40 4 0 83
09:05:10 4 0 83
09:05:40 4 0 83
09:06:10 4 0 83
09:06:40 4 0 83
09:07:10 4 0 83
09:07:41 4 0 83
09:08:11 4 0 83
09:08:41 4 0 83
09:09:11 4 0 83
09:09:41 4 0 83
09:10:11 4 0 83
09:10:42 4 0 265
09:11:11 4 0 83
09:11:42 4 0 83
09:12:12 4 0 83
09:12:42 4 0 83
09:13:12 4 0 83
09:13:42 4 0 83
09:14:12 4 0 83
09:14:42 4 0 83
09:15:12 4 0 83
09:15:43 4 0 83
09:16:13 4 0 83
09:16:43 4 0 83
09:17:13 4 0 83
09:17:43 4 0 83
09:18:14 4 0 85
09:18:44 4 0 83
09:19:14 4 0 83
09:19:44 4 0 83
09:20:14 4 0 83
09:20:44 4 0 83
09:21:14 4 0 83
09:21:45 4 0 83
09:22:15 4 0 263
09:22:46 4 0 262
09:23:16 4 0 263
09:23:45 4 0 83
09:24:15 4 0 83
09:24:45 4 0 83
09:25:15 4 0 83
09:25:46 4 0 83
09:26:16 4 0 83
09:26:46 4 0 83
09:27:16 4 0 116
09:27:46 4 0 84
09:28:16 4 0 83
09:28:46 4 0 84
09:29:17 4 0 270
09:29:47 4 0 84
09:30:17 4 0 83
09:30:47 4 0 83
09:31:17 4 0 84
09:31:47 4 0 83
09:32:17 4 0 83
09:32:48 4 0 83
09:33:18 4 0 83
09:33:48 4 0 84
09:34:18 4 0 83
09:34:48 4 0 83
09:35:18 4 0 83
09:35:49 4 0 84
09:36:19 4 0 83
09:36:49 4 0 83
09:37:19 4 0 118
09:37:49 4 0 83
09:38:20 4 0 83
09:38:50 4 0 83
09:39:20 4 0 83
09:39:51 3 1 83
09:40:20 4 0 83
09:40:51 4 0 268
09:41:21 4 0 84
09:41:51 4 0 83
09:42:21 4 0 83
09:42:51 4 0 83
09:43:21 4 0 84
09:43:51 4 0 83
09:44:21 4 0 84
09:44:52 4 0 84
09:45:22 4 0 83
09:45:52 4 0 85
09:46:23 4 0 244
09:46:52 4 0 83
09:47:22 4 0 83
09:47:52 4 0 84
09:48:22 4 0 83
09:48:53 4 0 83
09:49:23 4 0 83
09:49:54 4 0 249
09:50:23 4 0 84
09:50:53 4 0 83
09:51:23 4 0 83
09:51:55 4 0 264
09:52:25 4 0 263
09:52:55 4 0 237
09:53:25 4 0 83
09:53:55 4 0 83
09:54:25 4 0 84
09:54:55 4 0 84
09:55:25 4 0 83
09:55:56 4 0 246
09:56:25 4 0 83
09:56:55 4 0 83
09:57:26 4 0 83
09:57:56 4 0 83
09:58:26 4 0 83
09:58:56 4 0 83
09:59:26 4 0 189
09:59:56 4 0 85
10:00:26 4 0 88
10:00:56 4 0 84
10:01:27 4 0 83
10:01:57 4 0 84
10:02:27 4 0 84
10:02:58 4 0 276
10:03:28 4 0 265
10:03:58 4 0 266
10:04:28 4 0 268
10:04:57 4 0 83
10:05:27 4 0 84
10:05:58 4 0 83
10:06:28 4 0 84
10:06:58 4 0 83
10:07:28 4 0 83
10:07:58 4 0 83
10:08:28 4 0 84
10:08:58 4 0 83
10:09:28 4 0 83
10:09:59 4 0 83
10:10:29 4 0 85
10:10:59 4 0 83
10:11:29 4 0 95
10:11:59 4 0 117
10:12:30 3 1 138
10:13:00 4 0 130
10:13:31 3 1 124
10:14:01 3 1 125
10:14:31 3 1 123
10:15:00 4 0 120
10:15:31 3 1 104
10:16:01 3 1 116
10:16:30 4 0 124
10:17:01 4 0 120
10:17:31 4 0 122
10:18:01 4 0 114
10:18:31 4 0 118
10:19:01 4 0 129
10:19:31 4 0 123
10:20:02 4 0 129
10:20:32 3 1 132
10:21:04 2 2 133
10:21:32 4 0 119
10:22:03 4 0 124
10:22:33 4 0 108
10:23:03 4 0 128
10:23:35 3 1 132
10:24:05 4 0 128
10:24:35 4 0 83
10:25:05 4 0 84
10:25:35 4 0 83
10:26:05 4 0 83
10:26:36 4 0 83
10:27:07 4 0 85
10:27:37 4 0 84
10:28:07 4 0 84
10:28:37 4 0 83
10:29:08 4 0 83
10:29:39 3 1 83
10:30:08 4 0 83
10:30:38 4 0 84
10:31:08 4 0 83
10:31:38 4 0 86
10:32:09 4 0 83
10:32:39 4 0 83
10:33:09 4 0 85
10:33:39 4 0 83
10:34:09 4 0 86
10:34:40 3 1 83
10:35:09 4 0 84
10:35:39 4 0 83
10:36:10 4 0 83
10:36:40 4 0 83
10:37:10 4 0 83
10:37:40 4 0 84
10:38:11 4 0 83
10:38:41 4 0 84
10:39:12 4 0 83
10:39:42 4 0 85
10:40:12 4 0 118
10:40:42 4 0 83
10:41:12 4 0 83
10:41:43 3 1 85
10:42:13 4 0 84
10:42:43 4 0 83
10:43:13 4 0 86
10:43:43 4 0 83
10:44:13 4 0 83
10:44:43 4 0 83
10:45:14 4 0 90
10:45:44 4 0 83
10:46:14 4 0 83
10:46:44 4 0 84
10:47:14 4 0 83
10:47:44 4 0 111
10:48:14 4 0 83
10:48:45 4 0 84
10:49:15 4 0 83
10:49:45 4 0 83
10:50:15 4 0 84
10:50:45 4 0 86
10:51:16 4 0 83
10:51:46 4 0 83
10:52:17 3 1 87
10:52:46 4 0 84
10:53:17 4 0 100
10:53:47 4 0 83
10:54:17 4 0 130
10:54:47 4 0 84
10:55:17 4 0 83
10:55:47 4 0 85
10:56:18 4 0 83
10:56:48 4 0 87
10:57:19 4 0 84
10:57:49 4 0 83
10:58:19 4 0 85
10:58:49 4 0 86
10:59:20 4 0 84
10:59:50 4 0 83
11:00:20 4 0 84
11:00:50 4 0 90
11:01:21 4 0 83
11:01:51 4 0 83
11:02:21 4 0 83
11:02:51 4 0 91
11:03:21 4 0 90
11:03:51 4 0 85
11:04:22 4 0 84
11:04:52 4 0 100
11:05:22 4 0 107
11:05:52 4 0 94
11:06:22 4 0 102
11:06:52 4 0 91
11:07:23 4 0 84
11:07:53 4 0 84
11:08:23 4 0 83
11:08:53 4 0 84
11:09:23 4 0 83
11:09:53 4 0 91
11:10:24 4 0 85
11:10:54 4 0 87
11:11:24 4 0 89
11:11:54 4 0 83
11:12:24 4 0 83
11:12:54 4 0 83
11:13:25 4 0 93
11:13:55 4 0 84
11:14:25 4 0 83
11:14:56 4 0 83
11:15:26 4 0 90
11:15:56 4 0 96
11:16:26 4 0 94
11:16:57 4 0 98
11:17:27 4 0 83
11:17:57 4 0 84
11:18:27 4 0 113
11:18:57 4 0 109
11:19:28 4 0 83
11:19:58 4 0 124
11:20:28 4 0 96
11:20:58 4 0 105
11:21:28 4 0 83
11:21:58 4 0 87
11:22:28 4 0 84
11:22:59 4 0 87
11:23:29 4 0 95
11:23:59 4 0 83
11:24:29 4 0 83
11:24:59 4 0 83
11:25:29 4 0 84
11:25:59 4 0 102
11:26:30 4 0 83
11:27:00 4 0 85
11:27:30 4 0 85
11:28:00 4 0 98
11:28:30 4 0 91
11:29:00 4 0 84
11:29:30 4 0 84
11:30:00 4 0 93
11:30:30 4 0 85
11:31:01 4 0 91
11:31:31 4 0 86
11:32:01 4 0 83
11:32:31 4 0 85
11:33:01 4 0 97
11:33:31 4 0 92
11:34:01 4 0 90
11:34:32 4 0 119
11:35:02 4 0 99
11:35:32 4 0 96
11:36:02 4 0 100
11:36:33 4 0 120
11:37:03 4 0 97
11:37:34 4 0 108
11:38:04 4 0 107
11:38:34 4 0 116
11:39:04 4 0 118
11:39:35 4 0 122
11:40:05 4 0 123
11:40:35 4 0 112
11:41:05 4 0 113
11:41:35 4 0 106
11:42:05 4 0 111
11:42:35 4 0 117
11:43:05 4 0 100
11:43:36 4 0 122
11:44:06 4 0 97
11:44:36 4 0 95
11:45:07 4 0 108
11:45:37 4 0 104
11:46:08 4 0 123
11:46:38 4 0 114
11:47:08 4 0 110
11:47:38 4 0 87
11:48:08 4 0 88
11:48:38 4 0 84
11:49:09 4 0 114
11:49:39 4 0 84
11:50:09 4 0 83
11:50:40 3 1 106
11:51:10 4 0 127
11:51:40 4 0 84
11:52:10 4 0 83
11:52:40 4 0 83
11:53:10 4 0 84
11:53:41 4 0 84
11:54:11 4 0 86
11:54:41 4 0 84
11:55:11 4 0 84
11:55:41 4 0 84
11:56:11 4 0 83
11:56:42 3 1 100
11:57:12 4 0 83
11:57:42 4 0 102
11:58:12 4 0 83
11:58:42 4 0 99
11:59:13 3 1 126
11:59:42 4 0 91
12:00:12 4 0 106
12:00:43 4 0 87
12:01:13 4 0 83
12:01:43 4 0 87
12:02:13 4 0 87
12:02:43 4 0 105
12:03:13 4 0 109
12:03:44 4 0 116
12:04:14 4 0 131
12:04:44 4 0 87
12:05:14 4 0 86
12:05:44 4 0 86
12:06:14 4 0 83
12:06:45 4 0 85
12:07:15 4 0 86
12:07:45 4 0 85
12:08:15 4 0 83
12:08:46 4 0 88
12:09:16 4 0 84
12:09:46 4 0 85
12:10:16 4 0 84
12:10:47 4 0 85
12:11:17 4 0 88
12:11:47 4 0 91
12:12:17 4 0 91
12:12:48 3 1 87
12:13:17 4 0 86
12:13:48 4 0 99
12:14:18 4 0 87
12:14:48 4 0 86
12:15:18 4 0 84
12:15:48 4 0 84
12:16:19 4 0 87
12:16:49 4 0 89
12:17:19 4 0 101
12:17:50 4 0 88
12:18:20 4 0 98
12:18:51 4 0 88
12:19:22 2 2 83
12:19:51 4 0 99
12:20:21 4 0 92
12:20:51 4 0 100
12:21:21 4 0 105
12:21:51 4 0 84
12:22:21 4 0 86
12:22:52 3 1 83
12:23:21 4 0 84
12:23:52 4 0 88
12:24:22 4 0 87
12:24:52 4 0 91
12:25:22 4 0 93
12:25:52 4 0 96
12:26:22 4 0 111
12:26:53 4 0 98
12:27:23 4 0 88
12:27:53 4 0 83
12:28:24 3 1 128
12:28:54 3 1 123
12:29:23 4 0 83
12:29:53 4 0 84
12:30:23 4 0 83
12:30:54 4 0 87
12:31:24 4 0 101
12:31:54 4 0 109
12:32:24 4 0 84
12:32:54 4 0 83
12:33:24 4 0 112
12:33:54 4 0 83
12:34:25 3 1 98
12:34:55 4 0 103
12:35:25 4 0 105
12:35:55 4 0 89
12:36:25 4 0 98
12:36:55 4 0 99
12:37:25 4 0 122
12:37:56 4 0 119
12:38:26 4 0 104
12:38:56 4 0 91
12:39:26 4 0 93
12:39:56 4 0 112
12:40:26 4 0 99
12:40:56 4 0 100
12:41:26 4 0 124
12:41:56 4 0 116
12:42:26 4 0 115
12:42:57 4 0 85
12:43:27 4 0 114
12:43:57 4 0 113
12:44:27 4 0 88
12:44:57 4 0 88
12:45:27 4 0 102
12:45:57 4 0 109
12:46:27 4 0 148
12:46:57 4 0 113
12:47:27 4 0 127
12:47:57 4 0 120
12:48:28 4 0 123
12:48:58 4 0 115
12:49:28 4 0 120
12:49:59 4 0 108
12:50:29 4 0 108
12:50:59 4 0 88
12:51:29 4 0 115
12:51:59 4 0 109
12:52:30 4 0 124
12:53:00 4 0 118
12:53:30 4 0 113
12:54:00 4 0 125
12:54:30 4 0 136
12:55:00 4 0 111
12:55:30 4 0 85
12:56:00 4 0 121
12:56:30 4 0 114
12:57:01 4 0 107
12:57:31 4 0 109
12:58:01 4 0 112
12:58:31 4 0 108
12:59:01 4 0 116
12:59:32 3 1 122
13:00:02 4 0 128
13:00:31 4 0 83
13:01:02 4 0 104
13:01:32 4 0 99
13:02:02 4 0 119
13:02:32 4 0 104
13:03:02 4 0 104
13:03:32 4 0 83
13:04:02 4 0 100
13:04:32 4 0 110
13:05:03 4 0 99
13:05:33 4 0 117
13:06:03 4 0 117
13:06:33 4 0 98
13:07:03 4 0 86
13:07:33 4 0 121
13:08:03 4 0 84
13:08:33 4 0 87
13:09:04 4 0 146
13:09:33 4 0 97
13:10:04 4 0 114
13:10:34 4 0 120
13:11:04 4 0 97
13:11:34 4 0 119
13:12:04 4 0 108
13:12:34 4 0 122
13:13:04 4 0 119
13:13:34 4 0 119
13:14:04 4 0 114
13:14:34 4 0 119
13:15:05 4 0 112
13:15:35 4 0 101
13:16:05 4 0 113
13:16:35 4 0 84
13:17:05 4 0 100
13:17:35 4 0 122
13:18:05 4 0 121
13:18:35 4 0 122
13:19:05 4 0 112
13:19:35 4 0 120
13:20:06 4 0 122
13:20:36 4 0 120
13:21:06 4 0 117
13:21:36 4 0 120
13:22:06 4 0 113
13:22:37 4 0 128
13:23:07 4 0 125
13:23:37 4 0 109
13:24:07 4 0 117
13:24:37 4 0 116
13:25:07 4 0 113
13:25:37 4 0 115
13:26:07 4 0 111
13:26:38 4 0 96
13:27:08 4 0 107
13:27:38 4 0 89
13:28:08 4 0 123
13:28:38 4 0 120
13:29:08 4 0 106
13:29:38 4 0 139
13:30:09 4 0 115
13:30:39 4 0 123
13:31:09 4 0 118
13:31:39 4 0 93
13:32:09 4 0 95
13:32:39 4 0 126
13:33:09 4 0 123
13:33:40 4 0 121
13:34:10 4 0 104
13:34:40 4 0 120
13:35:10 4 0 121
13:35:40 4 0 100
13:36:10 4 0 110
13:36:41 4 0 121
13:37:11 4 0 112
13:37:41 4 0 118
13:38:11 4 0 126
13:38:41 4 0 110
13:39:11 4 0 115
13:39:41 4 0 126
13:40:11 4 0 108
13:40:42 4 0 116
13:41:12 4 0 127
13:41:42 4 0 125
13:42:12 4 0 140
13:42:42 4 0 145
13:43:13 4 0 122
13:43:44 3 1 127
13:44:13 4 0 103
13:44:43 4 0 125
13:45:13 4 0 122
13:45:44 4 0 118
13:46:14 4 0 116
13:46:44 4 0 151
13:47:15 4 0 126
13:47:45 4 0 119
13:48:15 4 0 112
13:48:45 4 0 96
13:49:16 4 0 113
13:49:45 4 0 84
13:50:16 4 0 127
13:50:46 4 0 110
13:51:16 4 0 100
13:51:46 4 0 103
13:52:16 4 0 114
13:52:46 4 0 122
13:53:17 4 0 113
13:53:47 4 0 123
13:54:17 4 0 112
13:54:47 4 0 122
13:55:17 4 0 112
13:55:47 4 0 132
13:56:17 4 0 123
13:56:47 4 0 122
13:57:18 4 0 124
13:57:48 4 0 116
13:58:18 4 0 123
13:58:48 4 0 106
13:59:18 4 0 113
13:59:48 4 0 87
14:00:18 4 0 105
14:00:48 4 0 108
14:01:18 4 0 107
14:01:48 4 0 113
14:02:19 4 0 112
14:02:49 4 0 118
14:03:19 4 0 117
14:03:49 4 0 124
14:04:19 4 0 97
14:04:49 4 0 99
14:05:19 4 0 108
14:05:50 4 0 106
14:06:20 4 0 88
14:06:50 4 0 120
14:07:20 4 0 106
14:07:50 4 0 120
14:08:20 4 0 111
14:08:51 4 0 112
14:09:21 4 0 105
14:09:51 4 0 103
14:10:21 4 0 120
14:10:51 4 0 108
14:11:21 4 0 92
14:11:52 4 0 110
14:12:22 4 0 112
14:12:52 4 0 114
14:13:22 4 0 125
14:13:52 4 0 111
14:14:22 4 0 123
14:14:52 4 0 110
14:15:23 4 0 84
14:15:53 4 0 86
14:16:23 4 0 85
14:16:53 4 0 127
14:17:23 4 0 105
14:17:53 4 0 112
14:18:24 4 0 106
14:18:54 4 0 113
14:19:24 4 0 85
14:19:54 4 0 88
14:20:24 4 0 120
14:20:54 4 0 120
14:21:25 3 1 155
14:21:54 4 0 111
14:22:25 4 0 122
14:22:55 4 0 118
14:23:25 4 0 106
14:23:55 4 0 124
14:24:25 4 0 124
14:24:56 4 0 119
14:25:26 4 0 93
14:25:56 4 0 105
14:26:26 4 0 115
14:26:57 4 0 121
14:27:27 4 0 109
14:27:57 4 0 121
14:28:27 4 0 116
14:28:57 4 0 127
14:29:27 4 0 106
14:29:57 4 0 120
14:30:29 3 1 114
14:30:58 4 0 93
14:31:28 4 0 111
14:31:59 3 1 121
14:32:28 4 0 92
14:32:59 4 0 117
14:33:29 4 0 125
14:34:00 3 1 130
14:34:29 4 0 109
14:34:59 4 0 110
14:35:29 4 0 118
14:36:00 4 0 124
14:36:30 4 0 133
14:37:01 4 0 125
14:37:31 4 0 124
14:38:02 4 0 117
14:38:32 4 0 119
14:39:02 4 0 169
14:39:32 4 0 119
14:40:02 4 0 127
14:40:33 4 0 124
14:41:03 4 0 126
14:41:33 4 0 126
14:42:04 4 0 129
14:42:34 4 0 115
14:43:04 4 0 124
14:43:34 4 0 107
14:44:04 4 0 102
14:44:34 4 0 106
14:45:05 4 0 121
14:45:35 4 0 86
14:46:05 4 0 122
14:46:35 4 0 107
14:47:05 4 0 96
14:47:36 4 0 109
14:48:06 4 0 114
14:48:36 4 0 124
14:49:06 4 0 109
14:49:36 4 0 93
14:50:06 4 0 100
14:50:36 4 0 100
14:51:07 4 0 110
14:51:37 4 0 93
14:52:07 4 0 101
14:52:37 4 0 109
14:53:07 4 0 91
14:53:38 4 0 84
14:54:08 4 0 104
14:54:38 4 0 85
14:55:08 4 0 87
14:55:38 4 0 120
14:56:08 4 0 108
14:56:38 4 0 85
14:57:08 4 0 98
14:57:39 4 0 103
14:58:09 4 0 120
14:58:39 4 0 97
14:59:09 4 0 115
14:59:40 3 1 84
15:00:09 4 0 100
15:00:39 4 0 118
15:01:09 4 0 97
15:01:40 4 0 100
15:02:10 4 0 89
15:02:40 4 0 83
15:03:11 3 1 99
15:03:40 4 0 84
15:04:10 4 0 98
15:04:40 4 0 114
15:05:10 4 0 105
15:05:40 4 0 93
15:06:10 4 0 103
15:06:41 4 0 99
15:07:12 3 1 96
15:07:41 4 0 111
15:08:11 4 0 89
15:08:41 4 0 117
15:09:12 3 1 103
15:09:41 4 0 114
15:10:11 4 0 109
15:10:41 4 0 109
15:11:12 4 0 107
15:11:42 4 0 108
15:12:12 4 0 118
15:12:42 4 0 108
15:13:12 4 0 93
15:13:42 4 0 118
15:14:12 4 0 112
15:14:43 4 0 84
15:15:13 4 0 107
15:15:43 4 0 120
15:16:14 3 1 120
15:16:43 4 0 100
15:17:13 4 0 125
15:17:43 4 0 122
15:18:13 4 0 91
15:18:44 4 0 92
15:19:14 4 0 119
15:19:44 4 0 101
15:20:14 4 0 94
15:20:45 3 1 124
15:21:14 4 0 111
15:21:44 4 0 120
15:22:14 4 0 115
15:22:45 3 1 102
15:23:14 4 0 108
15:23:45 4 0 108
15:24:15 4 0 139
15:24:45 4 0 105
15:25:15 4 0 92
15:25:45 4 0 99
15:26:15 4 0 95
15:26:45 4 0 128
15:27:15 4 0 129
15:27:46 4 0 129
15:28:16 4 0 106
15:28:46 4 0 113
15:29:16 4 0 121
15:29:46 4 0 110
15:30:16 4 0 102
15:30:47 3 1 90
15:31:16 4 0 89
15:31:47 4 0 110
15:32:17 4 0 108
15:32:47 4 0 114
15:33:17 4 0 106
15:33:47 4 0 85
15:34:17 4 0 126
15:34:48 4 0 120
15:35:17 4 0 100
15:35:48 4 0 109
15:36:18 4 0 84
15:36:48 4 0 119
15:37:19 3 1 88
15:37:48 4 0 100
15:38:18 4 0 85
15:38:48 4 0 110
15:39:18 4 0 117
15:39:48 4 0 87
15:40:19 4 0 100
15:40:50 3 1 109
15:41:19 4 0 85
15:41:49 4 0 88
15:42:19 4 0 119
15:42:49 4 0 83
15:43:19 4 0 106
15:43:49 4 0 107
15:44:19 4 0 109
15:44:50 4 0 113
15:45:20 4 0 108
15:45:50 4 0 83
15:46:20 4 0 99
15:46:51 3 1 93
15:47:20 4 0 106
15:47:51 4 0 103
15:48:21 4 0 87
15:48:51 4 0 104
15:49:21 4 0 96
15:49:52 3 1 118
15:50:21 4 0 128
15:50:51 4 0 89
15:51:21 4 0 104
15:51:53 3 1 92
15:52:22 4 0 98
15:52:52 4 0 94
15:53:22 4 0 118
15:53:52 4 0 112
15:54:22 4 0 85
15:54:52 4 0 95
15:55:22 4 0 114
15:55:53 4 0 114
15:56:23 4 0 108
15:56:53 4 0 124
15:57:23 4 0 115
15:57:53 4 0 118
15:58:23 4 0 117
15:58:53 4 0 126
15:59:23 4 0 122
15:59:54 4 0 125
16:00:24 4 0 155
16:00:54 4 0 108
16:01:24 4 0 127
16:01:54 4 0 121
16:02:24 4 0 119
16:02:54 4 0 125
16:03:24 4 0 123
16:03:54 4 0 108
16:04:24 4 0 121
16:04:55 4 0 102
16:05:25 4 0 114
16:05:55 4 0 107
16:06:25 4 0 110
16:06:55 4 0 125
16:07:25 4 0 117
16:07:56 3 1 116
16:08:26 3 1 118
16:08:55 4 0 106
16:09:25 4 0 86
16:09:56 4 0 117
16:10:26 4 0 125
16:10:56 4 0 119
16:11:26 4 0 113
16:11:56 4 0 142
16:12:26 4 0 113
16:12:57 4 0 115
16:13:27 4 0 123
16:13:57 4 0 117
16:14:28 3 1 118
16:14:57 4 0 122
16:15:27 4 0 129
16:15:58 3 1 121
16:16:28 3 1 128
16:16:57 4 0 94
16:17:27 4 0 114
16:17:57 4 0 112
16:18:27 4 0 89
16:18:58 4 0 109
16:19:28 4 0 180
16:19:58 4 0 119
16:20:28 4 0 163
16:20:58 4 0 116
16:21:28 4 0 136
16:21:58 4 0 95
16:22:28 4 0 115
16:22:59 4 0 112
16:23:29 4 0 113
16:23:59 4 0 84
16:24:29 4 0 85
16:24:59 4 0 95
16:25:29 4 0 107
16:25:59 4 0 107
16:26:29 4 0 120
16:27:00 4 0 119
16:27:30 4 0 120
16:28:00 4 0 113
16:28:30 4 0 110
16:29:00 4 0 118
16:29:30 4 0 95
16:30:00 4 0 111
16:30:32 2 2 123
16:31:01 4 0 105
16:31:31 3 1 128
16:32:01 4 0 96
16:32:31 4 0 124
16:33:01 4 0 93
16:33:32 4 0 114
16:34:02 4 0 117
16:34:32 4 0 106
16:35:02 4 0 100
16:35:33 3 1 119
16:36:02 4 0 126
16:36:32 4 0 117
16:37:03 4 0 116
16:37:33 4 0 125
16:38:04 3 1 111
16:38:36 0 4 -1
16:39:03 4 0 83
16:39:33 4 0 83
16:40:03 4 0 85
16:40:33 4 0 85
16:41:04 4 0 93
16:41:34 4 0 93
16:42:04 4 0 91
16:42:34 4 0 86
16:43:04 4 0 110
16:43:34 4 0 119
16:44:04 4 0 114
16:44:34 4 0 109
16:45:04 4 0 107
16:45:34 4 0 118
16:46:04 4 0 85
16:46:35 4 0 87
16:47:05 4 0 118
16:47:35 4 0 89
16:48:05 4 0 110
16:48:35 4 0 102
16:49:05 4 0 118
16:49:35 4 0 100
16:50:05 4 0 120
16:50:35 4 0 100
16:51:05 4 0 86
16:51:36 4 0 107
16:52:06 4 0 85
16:52:36 4 0 103
16:53:06 4 0 114
16:53:36 4 0 111
16:54:06 4 0 84
16:54:36 4 0 83
16:55:07 4 0 83
16:55:37 4 0 84
16:56:07 4 0 83
16:56:37 4 0 86
16:57:07 4 0 85
16:57:37 4 0 103
16:58:08 4 0 89
16:58:38 4 0 88
16:59:08 4 0 88
16:59:38 4 0 89
17:00:08 4 0 85
17:00:38 4 0 85
17:01:08 4 0 86
17:01:38 4 0 85
17:02:08 4 0 85
17:02:40 4 0 83
17:03:09 4 0 86
17:03:39 4 0 113
17:04:09 4 0 84
17:04:40 4 0 128
17:05:10 4 0 128
17:05:40 4 0 98
17:06:10 4 0 113
17:06:40 4 0 90
17:07:10 4 0 93
17:07:40 4 0 84
17:08:11 3 1 97
17:08:40 4 0 87
17:09:11 4 0 86
17:09:41 4 0 86
17:10:11 4 0 83
17:10:41 4 0 84
17:11:11 4 0 92
17:11:41 4 0 88
17:12:12 3 1 112
17:12:41 4 0 113
17:13:12 4 0 122
17:13:42 4 0 96
17:14:12 4 0 107
17:14:42 4 0 127
17:15:12 4 0 124
17:15:42 4 0 119
17:16:12 4 0 99
17:16:42 4 0 86
17:17:13 4 0 128
17:17:42 4 0 95
17:18:13 4 0 84
17:18:43 4 0 108
17:19:13 4 0 84
17:19:43 4 0 91
17:20:13 4 0 103
17:20:43 4 0 123
17:21:14 4 0 119
17:21:44 4 0 109
17:22:14 4 0 96
17:22:44 4 0 96
17:23:14 4 0 120
17:23:44 4 0 105
17:24:14 4 0 119
17:24:44 4 0 119
17:25:15 4 0 110
17:25:45 4 0 112
17:26:15 4 0 125
17:26:45 4 0 106
17:27:15 4 0 112
17:27:46 3 1 122
17:28:16 4 0 126
17:28:46 4 0 103
17:29:16 4 0 116
17:29:46 4 0 121
17:30:16 4 0 125
17:30:46 4 0 93
17:31:16 4 0 127
17:31:46 4 0 106
17:32:17 4 0 111
17:32:47 4 0 124
17:33:17 4 0 117
17:33:47 4 0 136
17:34:18 3 1 116
17:34:47 4 0 119
17:35:18 4 0 117
17:35:48 4 0 115
17:36:19 3 1 113
17:36:48 4 0 106
17:37:18 4 0 101
17:37:48 4 0 123
17:38:19 4 0 120
17:38:51 2 2 93
17:39:19 4 0 108
17:39:49 4 0 105
17:40:19 4 0 93
17:40:49 4 0 97
17:41:19 4 0 91
17:41:50 4 0 102
17:42:20 4 0 104
17:42:50 4 0 83
17:43:21 4 0 108
17:43:51 4 0 107
17:44:21 4 0 93
17:44:51 4 0 111
17:45:21 4 0 86
17:45:51 4 0 99
17:46:22 4 0 101
17:46:52 4 0 90
17:47:22 4 0 83
17:47:52 4 0 111
17:48:22 4 0 100
17:48:52 4 0 83
17:49:22 4 0 86
17:49:52 4 0 103
17:50:24 2 2 102
17:50:53 4 0 87
17:51:23 4 0 91
17:51:53 4 0 84
17:52:23 4 0 97
17:52:53 4 0 85
17:53:23 4 0 112
17:53:54 4 0 116
17:54:24 4 0 121
17:54:54 4 0 111
17:55:24 4 0 122
17:55:54 4 0 106
17:56:24 4 0 104
17:56:54 4 0 102
17:57:25 4 0 119
17:57:54 4 0 106
17:58:25 4 0 92
17:58:55 4 0 119
17:59:25 4 0 113
17:59:55 4 0 124
18:00:25 4 0 113
18:00:55 4 0 116
18:01:26 4 0 107
18:01:56 4 0 126
18:02:26 4 0 102
18:02:56 4 0 110
18:03:27 4 0 88
18:03:57 4 0 121
18:04:27 4 0 109
18:04:57 4 0 124
18:05:27 4 0 114
18:05:57 4 0 115
18:06:29 3 1 116
18:06:58 4 0 122
18:07:28 4 0 96
18:07:58 4 0 111
18:08:28 4 0 126
18:08:58 4 0 127
18:09:28 4 0 117
18:09:58 4 0 102
18:10:29 4 0 119
18:10:59 4 0 122
18:11:29 4 0 125
18:11:59 4 0 123
18:12:29 4 0 84
18:12:59 4 0 105
18:13:30 4 0 119
18:14:00 4 0 92
18:14:30 4 0 123
18:15:00 4 0 123
18:15:30 4 0 122
18:16:00 4 0 128
18:16:30 4 0 104
18:17:00 4 0 98
18:17:31 4 0 101
18:18:00 4 0 84
18:18:31 4 0 116
18:19:01 4 0 124
18:19:31 4 0 126
18:20:01 4 0 118
18:20:31 4 0 116
18:21:01 4 0 123
18:21:32 4 0 126
18:22:02 4 0 124
18:22:32 4 0 119
18:23:03 4 0 115
18:23:33 4 0 126
18:24:03 4 0 119
18:24:33 4 0 109
18:25:04 4 0 118
18:25:36 1 3 113
18:26:05 2 2 112
18:26:34 4 0 84
18:27:04 4 0 127
18:27:35 4 0 111
18:28:06 2 2 89
18:28:36 3 1 113
18:29:05 4 0 113
18:29:35 4 0 91
18:30:05 4 0 95
18:30:36 4 0 117
18:31:08 1 3 117
18:31:36 4 0 122
18:32:06 4 0 84
18:32:36 4 0 111
18:33:06 4 0 98
18:33:37 4 0 86
18:34:07 4 0 117
18:34:37 4 0 116
18:35:07 4 0 90
18:35:38 4 0 115
18:36:08 4 0 105
18:36:38 4 0 100
18:37:08 4 0 109
18:37:38 4 0 125
18:38:08 4 0 98
18:38:39 4 0 112
18:39:09 4 0 120
18:39:39 4 0 108
18:40:09 4 0 109
18:40:39 4 0 122
18:41:09 4 0 117
18:41:39 4 0 115
18:42:09 4 0 116
18:42:39 4 0 124
18:43:10 4 0 127
18:43:40 4 0 120
18:44:10 4 0 87
18:44:40 4 0 118
18:45:10 4 0 118
18:45:40 4 0 113
18:46:10 4 0 117
18:46:40 4 0 117
18:47:10 4 0 111
18:47:41 4 0 122
18:48:11 4 0 120
18:48:41 4 0 125
18:49:11 4 0 116
18:49:41 4 0 127
18:50:11 4 0 119
18:50:41 4 0 101
18:51:11 4 0 121
18:51:41 4 0 121
18:52:12 4 0 107
18:52:42 4 0 122
18:53:12 4 0 124
18:53:43 4 0 120
18:54:13 4 0 119
18:54:43 4 0 119
18:55:13 4 0 126
18:55:43 4 0 117
18:56:14 3 1 110
18:56:44 4 0 118
18:57:14 4 0 126
18:57:44 4 0 109
18:58:14 4 0 116
18:58:44 4 0 126
18:59:14 4 0 120
18:59:44 4 0 127
19:00:14 4 0 123
19:00:44 4 0 120
19:01:15 4 0 122
19:01:45 4 0 113
19:02:15 4 0 113
19:02:45 4 0 109
19:03:15 4 0 126
19:03:45 4 0 98
19:04:15 4 0 124
19:04:45 4 0 89
19:05:15 4 0 105
19:05:46 4 0 127
19:06:16 4 0 103
19:06:46 4 0 120
19:07:16 4 0 124
19:07:46 4 0 127
19:08:16 4 0 124
19:08:46 4 0 124
19:09:16 4 0 107
19:09:47 4 0 128
19:10:17 4 0 122
19:10:47 4 0 124
19:11:17 4 0 123
19:11:47 4 0 122
19:12:17 4 0 119
19:12:47 4 0 118
19:13:17 4 0 115
19:13:48 4 0 115
19:14:18 4 0 124
19:14:48 4 0 128
19:15:18 4 0 121
19:15:48 4 0 126
19:16:18 4 0 122
19:16:48 4 0 119
19:17:18 4 0 128
19:17:48 4 0 128
19:18:18 4 0 123
19:18:49 4 0 121
19:19:19 4 0 120
19:19:49 4 0 117
19:20:19 4 0 112
19:20:49 4 0 126
19:21:19 4 0 117
19:21:49 4 0 129
19:22:19 4 0 124
19:22:49 4 0 118
19:23:19 4 0 100
19:23:50 4 0 121
19:24:20 4 0 120
19:24:50 4 0 115
19:25:20 4 0 117
19:25:50 4 0 119
19:26:20 4 0 119
19:26:50 4 0 120
19:27:20 4 0 124
19:27:50 4 0 125
19:28:20 4 0 118
19:28:51 4 0 120
19:29:21 4 0 122
19:29:51 4 0 116
19:30:21 4 0 121
19:30:51 4 0 124
19:31:21 4 0 128
19:31:51 4 0 112
19:32:21 4 0 117
19:32:52 4 0 123
19:33:22 4 0 119
19:33:53 3 1 125
19:34:22 4 0 118
19:34:52 4 0 91
19:35:22 4 0 113
19:35:53 4 0 123
19:36:23 4 0 123
19:36:53 4 0 128
19:37:23 4 0 126
19:37:53 4 0 128
19:38:23 4 0 105
19:38:53 4 0 111
19:39:23 4 0 114
19:39:53 4 0 98
19:40:24 4 0 129
19:40:54 4 0 128
19:41:24 4 0 128
19:41:54 4 0 97
19:42:24 4 0 120
19:42:56 2 2 115
19:43:24 4 0 108
19:43:54 4 0 122
19:44:24 4 0 113
19:44:55 4 0 106
19:45:25 4 0 125
19:45:55 4 0 112
19:46:25 4 0 124
19:46:55 4 0 114
19:47:25 4 0 97
19:47:55 4 0 126
19:48:25 4 0 112
19:48:55 4 0 95
19:49:26 4 0 123
19:49:56 4 0 125
19:50:26 4 0 126
19:50:56 4 0 121
19:51:26 4 0 118
19:51:56 4 0 117
19:52:26 4 0 136
19:52:56 4 0 126
19:53:26 4 0 118
19:53:56 4 0 109
19:54:26 4 0 126
19:54:57 4 0 125
19:55:27 4 0 129
19:55:57 4 0 108
19:56:27 4 0 125
19:56:57 4 0 126
19:57:27 4 0 124
19:57:58 4 0 128
19:58:28 4 0 125
19:58:58 4 0 127
19:59:28 4 0 124
19:59:58 4 0 127
20:00:28 4 0 124
20:00:58 4 0 128
20:01:28 4 0 122
20:01:58 4 0 160
20:02:28 4 0 124
20:02:58 4 0 127
20:03:28 4 0 128
20:03:59 4 0 113
20:04:29 4 0 124
20:04:59 4 0 124
20:05:29 4 0 121
20:05:59 4 0 124
20:06:29 4 0 120
20:06:59 4 0 124
20:07:29 4 0 127
20:07:59 4 0 127
20:08:29 4 0 126
20:09:00 4 0 124
20:09:30 4 0 121
20:10:00 4 0 124
20:10:30 4 0 124
20:11:00 4 0 127
20:11:30 4 0 124
20:12:00 4 0 127
20:12:30 4 0 129
20:13:00 4 0 117
20:13:31 4 0 128
20:14:01 4 0 126
20:14:31 4 0 128
20:15:01 4 0 118
20:15:31 4 0 127
20:16:01 4 0 122
20:16:31 4 0 127
20:17:01 4 0 132
20:17:31 4 0 125
20:18:02 4 0 124
20:18:32 4 0 121
20:19:02 4 0 129
20:19:32 4 0 117
20:20:02 4 0 123
20:20:32 4 0 124
20:21:02 4 0 128
20:21:32 4 0 123
20:22:03 4 0 129
20:22:33 4 0 125
20:23:03 4 0 124
20:23:33 4 0 84
20:24:03 4 0 130
20:24:33 4 0 122
20:25:03 4 0 128
20:25:33 4 0 125
20:26:03 4 0 121
20:26:34 4 0 126
20:27:04 4 0 122
20:27:34 4 0 127
20:28:04 4 0 126
20:28:34 4 0 118
20:29:04 4 0 123
20:29:34 4 0 91
20:30:04 4 0 125
20:30:35 4 0 166
20:31:05 4 0 128
20:31:35 4 0 127
20:32:05 4 0 127
20:32:35 4 0 121
20:33:05 4 0 126
20:33:35 4 0 127
20:34:05 4 0 125
20:34:35 4 0 125
20:35:05 4 0 127
20:35:35 4 0 130
20:36:06 4 0 127
20:36:36 4 0 124
20:37:06 4 0 127
20:37:36 4 0 116
20:38:06 4 0 123
20:38:36 4 0 126
20:39:06 4 0 129
20:39:36 4 0 105
20:40:06 4 0 122
20:40:36 4 0 115
20:41:07 4 0 117
20:41:37 4 0 122
20:42:07 4 0 122
20:42:37 4 0 123
20:43:07 4 0 109
20:43:37 4 0 127
20:44:07 4 0 126
20:44:37 4 0 128
20:45:07 4 0 124
20:45:37 4 0 103
20:46:08 4 0 113
20:46:38 4 0 127
20:47:08 4 0 126
20:47:38 4 0 125
20:48:08 4 0 112
20:48:38 4 0 122
20:49:09 4 0 157
20:49:38 4 0 121
20:50:09 4 0 123
20:50:39 4 0 130
20:51:09 4 0 127
20:51:39 4 0 126
20:52:09 4 0 118
20:52:39 4 0 124
20:53:09 4 0 139
20:53:39 4 0 122
20:54:09 4 0 128
20:54:39 4 0 128
20:55:10 4 0 128
20:55:40 4 0 119
20:56:10 4 0 126
20:56:40 4 0 114
20:57:10 4 0 124
20:57:40 4 0 105
20:58:10 4 0 118
20:58:40 4 0 127
20:59:10 4 0 129
20:59:40 4 0 126
21:00:11 4 0 110
21:00:41 4 0 120
21:01:11 4 0 126
21:01:41 4 0 125
21:02:11 4 0 125
21:02:41 4 0 125
21:03:11 4 0 128
21:03:41 4 0 126
21:04:11 4 0 84
21:04:42 4 0 97
21:05:12 4 0 117
21:05:42 4 0 120
21:06:12 4 0 120
21:06:42 4 0 107
21:07:13 4 0 109
21:07:43 4 0 107
21:08:13 4 0 126
21:08:43 4 0 128
21:09:13 4 0 128
21:09:43 4 0 127
21:10:14 4 0 120
21:10:44 4 0 128
21:11:14 4 0 126
21:11:44 4 0 160
21:12:14 4 0 128
21:12:44 4 0 127
21:13:14 4 0 126
21:13:44 4 0 127
21:14:15 4 0 128
21:14:45 4 0 128
21:15:15 4 0 124
21:15:45 4 0 126
21:16:15 4 0 128
21:16:45 4 0 126
21:17:15 4 0 133
21:17:45 4 0 127
21:18:16 4 0 129
21:18:46 4 0 128
21:19:16 4 0 115
21:19:46 4 0 123
21:20:17 3 1 130
21:20:46 4 0 124
21:21:16 4 0 127
21:21:46 4 0 126
21:22:17 4 0 128
21:22:47 4 0 127
21:23:17 4 0 130
21:23:47 4 0 130
21:24:17 4 0 127
21:24:47 4 0 125
21:25:17 4 0 129
21:25:47 4 0 126
21:26:18 4 0 128
21:26:48 4 0 128
21:27:20 3 1 126
21:27:50 3 1 127
21:28:19 4 0 135
21:28:49 4 0 128
21:29:19 4 0 132
21:29:49 4 0 127
21:30:19 4 0 129
21:30:49 4 0 126
21:31:20 3 1 128
21:31:50 4 0 128
21:32:20 4 0 123
21:32:50 4 0 127
21:33:20 4 0 126
21:33:50 4 0 113
21:34:20 4 0 121
21:34:50 4 0 125
21:35:20 4 0 127
21:35:50 4 0 128
21:36:21 4 0 130
21:36:51 4 0 128
21:37:21 4 0 129
21:37:51 4 0 127
21:38:21 4 0 124
21:38:51 4 0 125
21:39:21 4 0 126
21:39:51 4 0 122
21:40:22 4 0 126
21:40:52 4 0 125
21:41:22 4 0 121
21:41:52 4 0 112
21:42:22 4 0 123
21:42:52 4 0 143
21:43:22 4 0 128
21:43:52 4 0 127
21:44:22 4 0 126
21:44:52 4 0 124
21:45:23 4 0 123
21:45:53 4 0 127
21:46:23 4 0 127
21:46:53 4 0 125
21:47:23 4 0 125
21:47:53 4 0 122
21:48:24 4 0 130
21:48:54 4 0 125
21:49:24 4 0 124
21:49:54 4 0 127
21:50:24 4 0 128
21:50:54 4 0 123
21:51:24 4 0 123
21:51:54 4 0 131
21:52:24 4 0 125
21:52:54 4 0 128
21:53:25 4 0 126
21:53:55 4 0 128
21:54:25 4 0 128
21:54:55 4 0 122
21:55:25 4 0 127
21:55:55 4 0 124
21:56:25 4 0 127
21:56:55 4 0 127
21:57:26 4 0 127
21:57:56 4 0 127
21:58:26 4 0 125
21:58:56 4 0 128
21:59:27 3 1 127
21:59:56 4 0 129
22:00:26 4 0 127
22:00:56 4 0 102
22:01:27 4 0 125
22:01:57 4 0 118
22:02:27 4 0 124
22:02:57 4 0 124
22:03:27 4 0 122
22:03:57 4 0 123
22:04:27 4 0 129
22:04:57 4 0 123
22:05:28 4 0 118
22:05:58 4 0 126
22:06:28 4 0 127
22:06:59 4 0 129
22:07:29 4 0 125
22:07:59 4 0 124
22:08:29 4 0 129
22:08:59 4 0 125
22:09:30 4 0 125
22:10:00 4 0 123
22:10:30 4 0 125
22:11:01 3 1 120
22:11:30 4 0 128
22:12:00 4 0 127
22:12:30 4 0 97
22:13:00 4 0 103
22:13:31 4 0 119
22:14:01 4 0 124
22:14:31 4 0 114
22:15:01 4 0 119
22:15:31 4 0 125
22:16:01 4 0 122
22:16:32 3 1 126
22:17:01 4 0 121
22:17:32 4 0 118
22:18:02 4 0 128
22:18:32 4 0 127
22:19:02 4 0 119
22:19:32 4 0 167
22:20:02 4 0 126
22:20:32 4 0 127
22:21:02 4 0 126
22:21:32 4 0 118
22:22:03 4 0 124
22:22:33 4 0 128
22:23:03 4 0 125
22:23:33 4 0 123
22:24:04 3 1 126
22:24:33 4 0 129
22:25:03 4 0 124
22:25:34 4 0 127
22:26:04 4 0 126
22:26:34 4 0 124
22:27:04 4 0 124
22:27:34 4 0 126
22:28:04 4 0 128
22:28:34 4 0 123
22:29:04 4 0 138
22:29:35 4 0 129
22:30:05 4 0 156
22:30:35 4 0 122
22:31:05 4 0 122
22:31:35 4 0 122
22:32:05 4 0 125
22:32:35 4 0 120
22:33:05 4 0 97
22:33:36 4 0 131
22:34:05 4 0 103
22:34:36 4 0 104
22:35:06 4 0 116
22:35:36 4 0 127
22:36:06 4 0 125
22:36:36 4 0 120
22:37:06 4 0 126
22:37:37 4 0 123
22:38:07 4 0 128
22:38:37 4 0 126
22:39:07 4 0 124
22:39:37 4 0 123
22:40:07 4 0 124
22:40:38 4 0 123
22:41:08 3 1 118
22:41:38 4 0 127
22:42:08 4 0 115
22:42:38 4 0 107
22:43:08 4 0 124
22:43:38 4 0 126
22:44:08 4 0 122
22:44:39 4 0 121
22:45:09 4 0 124
22:45:39 4 0 126
22:46:09 4 0 119
22:46:39 4 0 120
22:47:09 4 0 114
22:47:39 4 0 129
22:48:09 4 0 122
22:48:40 4 0 123
22:49:10 4 0 124
22:49:40 4 0 120
22:50:10 4 0 126
22:50:40 4 0 127
22:51:10 4 0 137
22:51:40 4 0 126
22:52:10 4 0 125
22:52:41 4 0 127
22:53:11 4 0 127
22:53:41 4 0 119
22:54:11 4 0 108
22:54:41 4 0 123
22:55:11 4 0 125
22:55:41 4 0 128
22:56:11 4 0 121
22:56:42 3 1 128
22:57:12 4 0 128
22:57:42 4 0 120
22:58:12 4 0 127
22:58:42 4 0 124
22:59:12 4 0 127
22:59:42 4 0 121
23:00:12 4 0 123
23:00:43 4 0 128
23:01:13 4 0 117
23:01:44 3 1 121
23:02:13 4 0 125
23:02:43 4 0 126
23:03:13 4 0 119
23:03:43 4 0 127
23:04:13 4 0 120
23:04:44 4 0 126
23:05:14 4 0 127
23:05:44 4 0 127
23:06:14 4 0 126
23:06:44 4 0 126
23:07:14 4 0 127
23:07:44 4 0 123
23:08:15 4 0 128
23:08:45 4 0 127
23:09:15 4 0 127
23:09:45 4 0 162
23:10:15 4 0 125
23:10:45 4 0 129
23:11:15 4 0 163
23:11:45 4 0 128
23:12:16 4 0 123
23:12:46 4 0 128
23:13:16 4 0 128
23:13:47 3 1 124
23:14:16 4 0 129
23:14:46 4 0 132
23:15:16 4 0 124
23:15:46 4 0 125
23:16:16 4 0 127
23:16:47 4 0 120
23:17:18 3 1 129
23:17:47 4 0 125
23:18:17 4 0 102
23:18:47 4 0 126
23:19:17 4 0 120
23:19:48 4 0 128
23:20:19 3 1 128
23:20:48 4 0 112
23:21:18 4 0 123
23:21:48 4 0 131
23:22:18 4 0 115
23:22:48 4 0 128
23:23:18 4 0 124
23:23:49 4 0 123
23:24:19 4 0 117
23:24:49 4 0 123
23:25:19 4 0 128
23:25:49 4 0 127
23:26:19 4 0 128
23:26:49 4 0 123
23:27:19 4 0 128
23:27:50 4 0 126
23:28:21 3 1 120
23:28:50 4 0 119
23:29:20 4 0 128
23:29:50 4 0 120
23:30:21 3 1 119
23:30:50 4 0 121
23:31:20 4 0 125
23:31:51 4 0 122
23:32:21 4 0 126
23:32:51 4 0 126
23:33:21 4 0 127
23:33:51 4 0 123
23:34:21 4 0 117
23:34:52 4 0 124
23:35:22 4 0 117
23:35:52 4 0 118
23:36:22 4 0 125
23:36:52 4 0 125
23:37:22 4 0 121
23:37:52 4 0 127
23:38:22 4 0 124
23:38:53 4 0 125
23:39:23 4 0 127
23:39:53 4 0 103
23:40:23 4 0 107
23:40:53 4 0 120
23:41:23 4 0 107
23:41:53 4 0 126
23:42:24 4 0 126
23:42:54 4 0 122
23:43:24 4 0 124
23:43:54 4 0 133
23:44:24 4 0 124
23:44:55 4 0 127
23:45:25 4 0 128
23:45:55 4 0 128
23:46:25 4 0 115
23:46:55 4 0 105
23:47:26 4 0 120
23:47:57 3 1 117
23:48:26 4 0 85
23:48:59 2 2 108
23:49:27 4 0 83
23:49:57 4 0 99
23:50:28 4 0 116
23:50:58 4 0 98
23:51:28 4 0 109
23:51:59 4 0 126
23:52:29 4 0 104
23:52:59 4 0 104
23:53:30 4 0 116
23:54:00 4 0 121
23:54:31 4 0 120
23:55:01 4 0 112
23:55:31 4 0 122
23:56:02 4 0 111
23:56:33 4 0 102
23:57:03 4 0 117
23:57:34 4 0 120
23:58:04 4 0 119
23:58:34 4 0 113
23:59:05 4 0 120
23:59:36 4 0 119
