00:02:51 1
00:07:14 1
02:00:06 1
02:05:07 1
02:10:07 1
02:15:08 1
02:20:08 1
02:25:08 1
02:30:08 1
02:35:08 1
02:40:09 1
02:45:10 1
02:50:10 1
02:55:11 1
03:00:11 1
03:05:11 1
03:10:11 1
03:15:12 1
03:20:13 1
03:25:13 1
03:30:17 1
03:35:15 1
03:40:15 1
03:45:16 1
03:50:17 1
03:55:18 1
04:00:18 1
04:05:19 1
04:10:20 1
04:15:20 1
04:20:21 1
04:25:22 1
04:30:22 1
04:35:23 1
04:40:24 1
04:45:25 1
04:50:25 1
04:55:26 1
05:00:27 1
05:05:28 1
05:10:28 1
05:15:29 1
05:20:30 1
05:25:31 1
05:30:32 1
05:35:32 1
05:40:33 1
05:45:33 1
05:50:34 1
05:55:35 1
06:00:36 1
06:05:37 1
06:10:38 1
06:15:38 1
06:20:39 1
06:25:40 1
06:30:41 1
06:35:50 1
06:40:42 1
06:45:43 1
06:50:43 1
06:55:44 1
07:00:45 1
07:05:45 1
07:10:46 1
07:15:47 1
07:20:47 1
07:25:48 1
07:30:49 1
07:35:49 1
07:40:50 1
07:45:51 1
07:50:51 1
07:55:52 1
08:00:53 1
08:05:53 1
08:10:54 1
08:15:54 1
08:20:55 1
08:25:55 1
08:30:56 1
08:35:56 1
08:40:57 1
08:45:58 1
08:50:58 1
08:55:59 1
09:01:00 1
09:06:00 1
09:11:03 1
09:16:00 1
09:21:01 1
09:26:02 1
09:31:02 1
09:36:02 1
09:41:06 1
09:46:04 1
09:51:04 1
09:56:04 1
10:01:04 1
10:06:04 1
10:11:05 1
10:16:05 1
10:21:06 1
10:26:06 1
10:31:07 1
10:36:07 1
10:41:08 1
10:46:09 1
10:51:09 1
10:56:10 1
11:01:10 1
11:06:11 1
11:11:12 1
11:16:12 1
11:21:13 1
11:26:13 1
11:31:13 1
11:36:14 1
11:41:15 1
11:46:15 1
11:51:16 1
11:56:17 1
12:01:17 1
12:06:17 1
12:11:18 1
12:16:18 1
12:21:19 1
12:26:19 1
12:31:19 1
12:36:20 1
12:41:20 1
12:46:21 1
12:51:21 1
12:56:21 1
13:01:21 1
13:06:22 1
13:11:22 1
13:16:26 1
13:21:24 1
13:26:24 1
13:31:24 1
13:36:25 1
13:41:25 1
13:46:26 1
13:51:27 1
13:56:27 1
14:01:27 1
14:06:27 1
14:11:28 1
14:16:28 1
14:21:28 1
14:26:28 1
14:31:29 1
14:36:30 1
14:41:30 1
14:46:30 1
14:51:31 1
14:56:31 1
15:01:31 1
15:06:31 1
15:11:32 1
15:16:36 1
15:21:33 1
15:26:34 1
15:31:35 1
15:36:35 1
15:41:38 1
15:46:36 1
15:51:37 1
15:56:37 1
16:01:37 1
16:06:38 1
16:11:38 1
16:16:39 1
16:21:39 1
16:26:39 1
16:31:39 1
16:36:40 1
16:41:40 1
16:46:41 1
16:51:42 1
16:56:43 1
17:01:43 1
17:06:44 1
17:11:44 1
17:16:44 1
17:21:47 1
17:26:45 1
17:31:45 1
17:36:46 1
17:41:46 1
17:46:46 1
17:51:50 1
17:56:47 1
18:01:47 1
18:06:47 1
18:11:48 1
18:16:48 1
18:21:48 1
18:26:49 1
18:32:11 0
18:36:51 1
18:41:51 1
18:46:51 1
18:51:51 1
18:56:51 1
19:01:51 1
19:06:51 1
19:11:52 1
19:16:52 1
19:21:52 1
19:26:52 1
19:31:52 1
19:36:52 1
19:41:53 1
19:46:53 1
19:51:53 1
19:56:53 1
20:01:54 1
20:06:55 1
20:11:56 1
20:16:56 1
20:21:56 1
20:26:56 1
20:31:56 1
20:36:56 1
20:41:56 1
20:46:57 1
20:51:57 1
20:56:57 1
21:01:58 1
21:07:07 1
21:11:59 1
21:16:59 1
21:21:59 1
21:27:00 1
21:32:00 1
21:37:00 1
21:42:00 1
21:47:01 1
21:52:01 1
21:57:01 1
22:02:01 1
22:07:02 1
22:12:02 1
22:17:02 1
22:22:05 1
22:27:02 1
22:32:06 1
22:37:03 1
22:42:03 1
22:47:04 1
22:52:04 1
22:57:04 1
23:02:05 1
23:07:05 1
23:12:05 1
23:17:05 1
23:22:06 1
23:27:06 1
23:32:06 1
23:37:07 1
23:42:07 1
23:47:08 1
23:52:08 1
23:57:09 1
