00:00:24 4 0 93
00:00:39 4 0 93
00:01:30 4 0 93
00:02:11 4 0 93
00:02:34 4 0 93
00:02:55 4 0 95
00:03:24 4 0 94
00:03:44 4 0 95
00:04:18 4 0 93
00:04:48 4 0 96
00:05:19 4 0 93
00:05:57 4 0 93
00:06:22 4 0 94
00:06:53 4 0 94
00:07:28 4 0 93
00:07:55 4 0 94
00:08:23 4 0 109
02:00:06 4 0 94
02:00:36 4 0 96
02:01:06 4 0 93
02:01:36 4 0 93
02:02:06 4 0 96
02:02:37 4 0 94
02:03:07 4 0 95
02:03:37 4 0 95
02:04:07 4 0 93
02:04:38 4 0 93
02:05:08 4 0 93
02:05:38 4 0 94
02:06:08 4 0 95
02:06:39 4 0 93
02:07:09 4 0 94
02:07:39 4 0 95
02:08:09 4 0 93
02:08:39 4 0 93
02:09:10 4 0 94
02:09:40 4 0 94
02:10:10 4 0 94
02:10:40 4 0 96
02:11:10 4 0 95
02:11:41 4 0 94
02:12:11 4 0 95
02:12:41 4 0 93
02:13:11 4 0 95
02:13:41 4 0 94
02:14:14 2 2 194
02:14:42 4 0 93
02:15:12 4 0 93
02:15:42 4 0 93
02:16:12 4 0 95
02:16:45 2 2 194
02:17:13 4 0 93
02:17:43 4 0 94
02:18:13 4 0 93
02:18:44 4 0 96
02:19:14 4 0 95
02:19:46 2 2 194
02:20:14 4 0 95
02:20:44 4 0 94
02:21:15 4 0 93
02:21:45 4 0 95
02:22:15 4 0 94
02:22:47 2 2 196
02:23:16 4 0 196
02:23:48 2 2 197
02:24:16 4 0 196
02:24:47 4 0 195
02:25:18 3 1 196
02:25:47 4 0 93
02:26:17 4 0 93
02:26:47 4 0 93
02:27:17 4 0 94
02:27:47 4 0 93
02:28:18 4 0 95
02:28:48 4 0 93
02:29:18 4 0 93
02:29:48 4 0 94
02:30:18 4 0 93
02:30:49 4 0 93
02:31:19 4 0 93
02:31:49 4 0 93
02:32:19 4 0 93
02:32:50 4 0 93
02:33:20 4 0 93
02:33:50 4 0 95
02:34:20 4 0 96
02:34:51 3 1 132
02:35:20 4 0 93
02:35:51 4 0 93
02:36:22 3 1 96
02:36:52 3 1 99
02:37:21 4 0 95
02:37:51 4 0 93
02:38:22 4 0 93
02:38:52 4 0 96
02:39:22 4 0 93
02:39:52 4 0 94
02:40:22 4 0 93
02:40:53 4 0 93
02:41:23 4 0 93
02:41:53 4 0 95
02:42:23 4 0 95
02:42:53 4 0 95
02:43:24 4 0 93
02:43:54 4 0 93
02:44:24 4 0 98
02:44:55 4 0 193
02:45:24 4 0 93
02:45:55 4 0 93
02:46:26 3 1 95
02:46:55 4 0 93
02:47:25 4 0 93
02:47:57 2 2 93
02:48:26 4 0 109
02:48:56 4 0 97
02:49:26 4 0 99
02:49:56 4 0 95
02:50:26 4 0 94
02:50:57 4 0 96
02:51:27 4 0 93
02:51:57 4 0 93
02:52:27 4 0 93
02:52:57 4 0 93
02:53:28 4 0 95
02:53:58 4 0 93
02:54:28 4 0 95
02:54:58 4 0 98
02:55:28 4 0 93
02:55:59 4 0 93
02:56:29 4 0 93
02:56:59 4 0 93
02:57:29 4 0 93
02:57:59 4 0 94
02:58:32 2 2 192
02:59:00 4 0 94
02:59:30 4 0 98
03:00:00 4 0 93
03:00:30 4 0 94
03:01:01 4 0 93
03:01:31 4 0 94
03:02:04 1 3 200
03:02:33 3 1 196
03:03:01 4 0 94
03:03:32 4 0 95
03:04:02 4 0 116
03:04:32 4 0 134
03:05:02 4 0 94
03:05:33 4 0 93
03:06:03 4 0 95
03:06:33 4 0 93
03:07:03 4 0 93
03:07:34 4 0 95
03:08:04 4 0 93
03:08:35 4 0 93
03:09:05 4 0 94
03:09:35 4 0 94
03:10:05 4 0 93
03:10:36 4 0 93
03:11:06 4 0 97
03:11:38 2 2 196
03:12:06 4 0 93
03:12:36 4 0 93
03:13:06 4 0 93
03:13:37 4 0 93
03:14:07 4 0 93
03:14:37 4 0 93
03:15:08 3 1 192
03:15:37 4 0 94
03:16:07 4 0 96
03:16:38 4 0 93
03:17:08 4 0 95
03:17:38 4 0 96
03:18:10 2 2 193
03:18:38 4 0 93
03:19:09 4 0 93
03:19:39 4 0 93
03:20:09 4 0 196
03:20:39 4 0 93
03:21:09 4 0 94
03:21:39 4 0 93
03:22:10 4 0 93
03:22:40 4 0 93
03:23:10 4 0 93
03:23:40 4 0 93
03:24:10 4 0 93
03:24:42 2 2 196
03:25:12 3 1 199
03:25:41 4 0 93
03:26:11 4 0 93
03:26:41 4 0 93
03:27:11 4 0 93
03:27:41 4 0 98
03:28:12 4 0 93
03:28:42 4 0 93
03:29:12 4 0 93
03:29:42 4 0 93
03:30:12 4 0 97
03:30:42 4 0 93
03:31:13 4 0 93
03:31:43 4 0 93
03:32:13 4 0 93
03:32:43 4 0 95
03:33:13 4 0 96
03:33:43 4 0 94
03:34:13 4 0 97
03:34:44 4 0 194
03:35:14 4 0 93
03:35:44 4 0 93
03:36:16 2 2 196
03:36:45 4 0 196
03:37:15 4 0 196
03:37:45 4 0 196
03:38:15 4 0 195
03:38:46 4 0 197
03:39:15 4 0 93
03:39:46 3 1 97
03:40:16 4 0 93
03:40:47 3 1 96
03:41:16 4 0 94
03:41:46 4 0 94
03:42:16 4 0 93
03:42:47 4 0 93
03:43:17 4 0 93
03:43:47 4 0 95
03:44:17 4 0 93
03:44:47 4 0 93
03:45:17 4 0 93
03:45:48 4 0 94
03:46:18 4 0 93
03:46:48 4 0 96
03:47:18 4 0 93
03:47:48 4 0 93
03:48:18 4 0 93
03:48:49 4 0 93
03:49:19 4 0 93
03:49:49 4 0 93
03:50:20 3 1 192
03:50:49 4 0 93
03:51:19 4 0 94
03:51:50 4 0 93
03:52:20 4 0 93
03:52:53 1 3 93
03:53:20 4 0 93
03:53:50 4 0 93
03:54:20 4 0 93
03:54:51 4 0 94
03:55:25 0 4 -1
03:55:51 4 0 94
03:56:21 4 0 93
03:56:51 4 0 93
03:57:24 2 2 196
03:57:53 3 1 197
03:58:22 4 0 197
03:58:52 4 0 196
03:59:23 4 0 196
03:59:54 2 2 199
04:00:23 4 0 93
04:00:53 4 0 93
04:01:23 4 0 93
04:01:53 4 0 93
04:02:23 4 0 94
04:02:53 4 0 94
04:03:23 4 0 93
04:03:54 4 0 93
04:04:24 4 0 96
04:04:54 4 0 93
04:05:24 4 0 93
04:05:54 4 0 94
04:06:26 3 1 164
04:06:55 4 0 93
04:07:25 4 0 93
04:07:55 4 0 93
04:08:25 4 0 93
04:08:55 4 0 93
04:09:26 4 0 93
04:09:56 4 0 93
04:10:26 4 0 93
04:10:56 4 0 95
04:11:26 4 0 96
04:11:56 4 0 93
04:12:27 4 0 93
04:12:57 4 0 93
04:13:27 4 0 93
04:13:57 4 0 108
04:14:27 4 0 94
04:14:57 4 0 93
04:15:28 4 0 93
04:15:58 4 0 93
04:16:28 4 0 93
04:16:59 3 1 97
04:17:28 4 0 93
04:17:58 4 0 93
04:18:29 4 0 93
04:18:59 4 0 95
04:19:29 4 0 93
04:19:59 4 0 94
04:20:29 4 0 93
04:20:59 4 0 95
04:21:30 4 0 93
04:22:00 4 0 94
04:22:30 4 0 93
04:23:00 4 0 93
04:23:32 2 2 197
04:24:02 3 1 196
04:24:31 4 0 196
04:25:01 4 0 196
04:25:31 4 0 197
04:26:02 4 0 196
04:26:31 4 0 93
04:27:01 4 0 94
04:27:32 4 0 94
04:28:02 4 0 93
04:28:32 4 0 93
04:29:02 4 0 93
04:29:32 4 0 95
04:30:02 4 0 93
04:30:33 4 0 193
04:31:03 4 0 92
04:31:33 4 0 93
04:32:03 4 0 94
04:32:33 4 0 93
04:33:03 4 0 94
04:33:34 4 0 111
04:34:04 4 0 93
04:34:34 4 0 93
04:35:04 4 0 93
04:35:36 3 1 195
04:36:07 1 3 196
04:36:35 4 0 196
04:37:07 2 2 196
04:37:36 4 0 195
04:38:06 4 0 196
04:38:35 4 0 93
04:39:06 4 0 93
04:39:36 4 0 93
04:40:06 4 0 96
04:40:36 4 0 93
04:41:06 4 0 93
04:41:37 4 0 93
04:42:07 4 0 93
04:42:37 4 0 94
04:43:07 4 0 93
04:43:37 4 0 93
04:44:08 4 0 93
04:44:38 4 0 93
04:45:08 4 0 93
04:45:38 4 0 93
04:46:08 4 0 93
04:46:38 4 0 92
04:47:09 4 0 92
04:47:39 4 0 93
04:48:09 4 0 93
04:48:39 4 0 93
04:49:09 4 0 93
04:49:43 0 4 -1
04:50:10 3 1 94
04:50:40 4 0 93
04:51:11 3 1 196
04:51:40 4 0 196
04:52:10 4 0 93
04:52:40 4 0 93
04:53:11 4 0 92
04:53:41 4 0 93
04:54:11 4 0 92
04:54:41 4 0 93
04:55:11 4 0 94
04:55:41 4 0 95
04:56:12 4 0 93
04:56:42 4 0 93
04:57:13 3 1 94
04:57:42 4 0 93
04:58:12 4 0 93
04:58:43 4 0 93
04:59:13 4 0 93
04:59:43 4 0 94
05:00:13 4 0 95
05:00:43 4 0 93
05:01:15 2 2 196
05:01:46 2 2 196
05:02:14 4 0 93
05:02:44 4 0 93
05:03:14 4 0 93
05:03:44 4 0 93
05:04:14 4 0 93
05:04:45 4 0 93
05:05:15 4 0 93
05:05:45 4 0 95
05:06:15 4 0 93
05:06:45 4 0 93
05:07:15 4 0 92
05:07:46 4 0 93
05:08:16 4 0 93
05:08:46 4 0 93
05:09:16 4 0 93
05:09:46 4 0 94
05:10:16 4 0 93
05:10:48 3 1 140
05:11:17 4 0 92
05:11:47 4 0 93
05:12:17 4 0 93
05:12:47 4 0 93
05:13:19 3 1 196
05:13:50 2 2 196
05:14:19 3 1 196
05:14:48 4 0 197
05:15:18 4 0 93
05:15:48 4 0 107
05:16:18 4 0 93
05:16:49 4 0 93
05:17:19 4 0 94
05:17:49 4 0 93
05:18:19 4 0 93
05:18:50 4 0 93
05:19:20 4 0 93
05:19:50 4 0 93
05:20:20 4 0 93
05:20:50 4 0 93
05:21:22 3 1 143
05:21:51 4 0 94
05:22:21 4 0 93
05:22:51 4 0 92
05:23:21 4 0 93
05:23:51 4 0 93
05:24:21 4 0 93
05:24:52 4 0 93
05:25:22 4 0 93
05:25:52 4 0 94
05:26:22 4 0 93
05:26:52 4 0 93
05:27:23 4 0 93
05:27:53 4 0 93
05:28:23 4 0 93
05:28:53 4 0 92
05:29:26 1 3 196
05:29:56 1 3 196
05:30:25 3 1 196
05:30:54 4 0 92
05:31:24 4 0 93
05:31:54 4 0 93
05:32:24 4 0 93
05:32:54 4 0 93
05:33:25 4 0 93
05:33:55 4 0 93
05:34:25 4 0 92
05:34:57 2 2 96
05:35:25 4 0 97
05:35:55 4 0 93
05:36:26 4 0 93
05:36:56 4 0 93
05:37:26 4 0 93
05:37:56 4 0 94
05:38:26 4 0 94
05:38:56 4 0 94
05:39:27 4 0 93
05:39:57 4 0 93
05:40:27 4 0 93
05:40:57 4 0 93
05:41:29 2 2 196
05:42:00 2 2 196
05:42:29 3 1 196
05:42:58 4 0 92
05:43:28 4 0 93
05:43:58 4 0 93
05:44:28 4 0 93
05:44:58 4 0 93
05:45:29 4 0 93
05:45:59 4 0 93
05:46:29 4 0 93
05:46:59 4 0 93
05:47:29 4 0 96
05:47:59 4 0 93
05:48:30 4 0 93
05:49:00 4 0 93
05:49:30 4 0 93
05:50:00 4 0 100
05:50:31 3 1 192
05:51:00 4 0 93
05:51:33 1 3 196
05:52:02 3 1 196
05:52:31 4 0 196
05:53:01 4 0 93
05:53:31 4 0 92
05:54:01 4 0 93
05:54:34 2 2 192
05:55:02 4 0 93
05:55:32 4 0 93
05:56:02 4 0 94
05:56:32 4 0 93
05:57:03 4 0 92
05:57:33 4 0 95
05:58:03 4 0 93
05:58:33 4 0 92
05:59:03 4 0 93
05:59:34 4 0 93
06:00:04 4 0 93
06:00:34 4 0 94
06:01:04 4 0 93
06:01:34 4 0 93
06:02:05 4 0 93
06:02:35 4 0 94
06:03:05 4 0 93
06:03:35 4 0 95
06:04:05 4 0 93
06:04:36 4 0 93
06:05:06 4 0 93
06:05:36 4 0 92
06:06:06 4 0 93
06:06:37 4 0 93
06:07:07 4 0 93
06:07:39 1 3 196
06:08:07 4 0 196
06:08:38 3 1 196
06:09:07 4 0 93
06:09:38 4 0 93
06:10:08 4 0 92
06:10:38 4 0 93
06:11:08 4 0 93
06:11:38 4 0 92
06:12:08 4 0 93
06:12:39 4 0 92
06:13:09 4 0 93
06:13:39 4 0 93
06:14:09 4 0 93
06:14:39 4 0 101
06:15:09 4 0 93
06:15:40 4 0 94
06:16:12 2 2 192
06:16:40 4 0 93
06:17:10 4 0 93
06:17:40 4 0 94
06:18:11 4 0 93
06:18:41 4 0 124
06:19:11 4 0 92
06:19:41 4 0 93
06:20:11 4 0 93
06:20:41 4 0 93
06:21:12 4 0 92
06:21:42 4 0 93
06:22:12 4 0 93
06:22:42 4 0 93
06:23:12 4 0 92
06:23:43 4 0 93
06:24:13 4 0 93
06:24:43 4 0 95
06:25:13 4 0 93
06:25:43 4 0 96
06:26:13 4 0 92
06:26:44 4 0 93
06:27:14 4 0 92
06:27:44 4 0 93
06:28:14 4 0 93
06:28:44 4 0 107
06:29:14 4 0 93
06:29:45 4 0 93
06:30:15 4 0 93
06:30:46 3 1 196
06:31:16 3 1 196
06:31:46 3 1 196
06:32:15 4 0 93
06:32:46 4 0 93
06:33:16 4 0 93
06:33:46 4 0 96
06:34:16 4 0 93
06:34:46 4 0 93
06:35:16 4 0 93
06:35:47 4 0 92
06:36:17 4 0 93
06:36:47 4 0 93
06:37:17 4 0 93
06:37:47 4 0 93
06:38:17 4 0 94
06:38:48 4 0 93
06:39:18 4 0 93
06:39:48 4 0 93
06:40:19 4 0 192
06:40:48 4 0 94
06:41:18 4 0 93
06:41:49 4 0 93
06:42:19 4 0 93
06:42:49 4 0 93
06:43:19 4 0 93
06:43:49 4 0 95
06:44:22 1 3 196
06:44:50 4 0 197
06:45:20 4 0 196
06:45:50 4 0 93
06:46:20 4 0 93
06:46:50 4 0 93
06:47:20 4 0 93
06:47:51 4 0 93
06:48:21 4 0 93
06:48:51 4 0 94
06:49:21 4 0 93
06:49:51 4 0 93
06:50:21 4 0 93
06:50:52 4 0 93
06:51:22 4 0 92
06:51:52 4 0 92
06:52:22 4 0 93
06:52:52 4 0 123
06:53:22 4 0 93
06:53:53 4 0 93
06:54:23 4 0 93
06:54:53 4 0 92
06:55:23 4 0 93
06:55:53 4 0 95
06:56:23 4 0 93
06:56:54 4 0 93
06:57:24 4 0 93
06:57:54 4 0 92
06:58:24 4 0 93
06:58:54 4 0 93
06:59:24 4 0 92
06:59:55 4 0 94
07:00:25 4 0 94
07:00:55 4 0 93
07:01:25 4 0 92
07:01:58 1 3 196
07:02:27 3 1 196
07:02:56 4 0 196
07:03:26 4 0 93
07:03:56 4 0 93
07:04:26 4 0 94
07:04:56 4 0 93
07:05:26 4 0 93
07:05:57 4 0 93
07:06:27 4 0 92
07:06:57 4 0 93
07:07:27 4 0 93
07:07:57 4 0 93
07:08:27 4 0 93
07:08:58 4 0 93
07:09:28 4 0 93
07:09:59 3 1 96
07:10:28 4 0 93
07:10:58 4 0 93
07:11:28 4 0 93
07:11:59 4 0 93
07:12:29 4 0 94
07:12:59 4 0 93
07:13:29 4 0 105
07:13:59 4 0 94
07:14:29 4 0 93
07:15:00 4 0 93
07:15:30 4 0 93
07:16:00 4 0 93
07:16:30 4 0 95
07:17:00 4 0 92
07:17:31 4 0 93
07:18:01 4 0 94
07:18:31 4 0 93
07:19:01 4 0 94
07:19:33 3 1 195
07:20:03 3 1 196
07:20:32 4 0 195
07:21:02 4 0 96
07:21:32 4 0 93
07:22:02 4 0 93
07:22:32 4 0 93
07:23:02 4 0 93
07:23:33 4 0 93
07:24:03 4 0 93
07:24:33 4 0 93
07:25:03 4 0 96
07:25:33 4 0 95
07:26:04 4 0 93
07:26:34 4 0 93
07:27:05 4 0 94
07:27:35 4 0 93
07:28:05 4 0 93
07:28:35 4 0 92
07:29:06 4 0 93
07:29:36 4 0 93
07:30:06 4 0 93
07:30:36 4 0 93
07:31:06 4 0 94
07:31:36 4 0 92
07:32:07 4 0 93
07:32:37 4 0 93
07:33:09 2 2 196
07:33:39 2 2 196
07:34:08 4 0 196
07:34:38 4 0 93
07:35:09 4 0 92
07:35:39 4 0 93
07:36:09 4 0 94
07:36:39 4 0 93
07:37:09 4 0 95
07:37:40 4 0 96
07:38:10 4 0 92
07:38:40 4 0 93
07:39:10 4 0 94
07:39:40 4 0 109
07:40:10 4 0 93
07:40:40 4 0 93
07:41:11 4 0 93
07:41:43 2 2 187
07:42:11 4 0 116
07:42:41 4 0 93
07:43:11 4 0 93
07:43:41 4 0 99
07:44:12 4 0 93
07:44:42 4 0 93
07:45:12 4 0 93
07:45:43 3 1 192
07:46:12 4 0 93
07:46:42 4 0 92
07:47:13 4 0 92
07:47:43 4 0 93
07:48:13 4 0 93
07:48:43 4 0 92
07:49:16 1 3 196
07:49:44 4 0 196
07:50:14 4 0 196
07:50:44 4 0 93
07:51:14 4 0 123
07:51:44 4 0 94
07:52:14 4 0 93
07:52:44 4 0 123
07:53:14 4 0 94
07:53:44 4 0 93
07:54:15 4 0 93
07:54:45 4 0 93
07:55:15 4 0 93
07:55:45 4 0 93
07:56:15 4 0 93
07:56:45 4 0 94
07:57:16 4 0 93
07:57:46 4 0 93
07:58:16 4 0 93
07:58:46 4 0 93
07:59:16 4 0 93
07:59:46 4 0 93
08:00:17 4 0 93
08:00:47 4 0 93
08:01:17 4 0 93
08:01:47 4 0 93
08:02:17 4 0 93
08:02:47 4 0 95
08:03:18 4 0 93
08:03:50 2 2 195
08:04:21 1 3 196
08:04:48 4 0 196
08:05:18 4 0 93
08:05:48 4 0 93
08:06:19 4 0 93
08:06:49 4 0 93
08:07:19 4 0 93
08:07:49 4 0 93
08:08:19 4 0 93
08:08:49 4 0 94
08:09:19 4 0 95
08:09:49 4 0 93
08:10:20 4 0 93
08:10:50 4 0 93
08:11:20 4 0 93
08:11:50 4 0 93
08:12:20 4 0 123
08:12:50 4 0 93
08:13:21 4 0 93
08:13:51 4 0 104
08:14:21 4 0 93
08:14:51 4 0 93
08:15:21 4 0 93
08:15:51 4 0 93
08:16:22 4 0 93
08:16:52 4 0 93
08:17:22 4 0 93
08:17:52 4 0 93
08:18:22 4 0 93
08:18:52 4 0 93
08:19:23 4 0 93
08:19:53 4 0 93
08:20:23 4 0 94
08:20:53 4 0 94
08:21:23 4 0 93
08:21:55 2 2 197
08:22:25 3 1 196
08:22:56 2 2 199
08:23:25 4 0 125
08:23:55 4 0 95
08:24:25 4 0 93
08:24:55 4 0 98
08:25:25 4 0 94
08:25:55 4 0 93
08:26:26 4 0 93
08:26:56 4 0 108
08:27:26 4 0 93
08:27:56 4 0 93
08:28:26 4 0 93
08:28:56 4 0 93
08:29:27 4 0 93
08:29:57 4 0 93
08:30:27 4 0 95
08:30:57 4 0 93
08:31:29 3 1 190
08:31:57 4 0 93
08:32:27 4 0 93
08:32:57 4 0 94
08:33:28 4 0 94
08:33:58 4 0 93
08:34:28 4 0 93
08:34:58 4 0 94
08:35:28 4 0 93
08:35:58 4 0 93
08:36:29 4 0 93
08:36:59 4 0 95
08:37:29 4 0 96
08:37:59 4 0 93
08:38:29 4 0 93
08:38:59 4 0 93
08:39:30 4 0 94
08:40:00 4 0 93
08:40:30 4 0 93
08:41:00 4 0 92
08:41:30 4 0 95
08:42:00 4 0 93
08:42:33 3 1 196
08:43:03 2 2 196
08:43:33 4 0 197
08:44:02 4 0 93
08:44:33 4 0 95
08:45:03 4 0 93
08:45:33 4 0 93
08:46:03 4 0 93
08:46:33 4 0 93
08:47:03 4 0 93
08:47:34 4 0 93
08:48:05 3 1 192
08:48:34 4 0 93
08:49:04 4 0 94
08:49:34 4 0 93
08:50:04 4 0 93
08:50:35 4 0 93
08:51:05 4 0 93
08:51:35 4 0 192
08:52:05 4 0 93
08:52:35 4 0 94
08:53:05 4 0 94
08:53:36 3 1 95
08:54:06 4 0 95
08:54:37 3 1 93
08:55:06 4 0 94
08:55:37 4 0 93
08:56:07 4 0 93
08:56:37 4 0 95
08:57:07 4 0 95
08:57:38 4 0 93
08:58:08 4 0 95
08:58:39 4 0 93
08:59:09 4 0 93
08:59:40 4 0 93
09:00:12 2 2 195
09:00:42 2 2 203
09:01:10 4 0 197
09:01:40 4 0 93
09:02:10 4 0 94
09:02:40 4 0 93
09:03:11 3 1 129
09:03:41 4 0 93
09:04:11 4 0 93
09:04:41 4 0 94
09:05:11 4 0 93
09:05:41 4 0 93
09:06:11 4 0 93
09:06:41 4 0 93
09:07:11 4 0 94
09:07:42 4 0 93
09:08:12 4 0 93
09:08:42 4 0 93
09:09:12 4 0 93
09:09:42 4 0 93
09:10:12 4 0 93
09:10:43 4 0 195
09:11:14 3 1 196
09:11:44 3 1 196
09:12:13 4 0 93
09:12:43 4 0 93
09:13:13 4 0 93
09:13:43 4 0 94
09:14:13 4 0 99
09:14:43 4 0 93
09:15:13 4 0 93
09:15:44 4 0 93
09:16:14 4 0 93
09:16:44 4 0 93
09:17:14 4 0 93
09:17:44 4 0 93
09:18:15 4 0 93
09:18:46 4 0 94
09:19:16 4 0 93
09:19:46 4 0 93
09:20:16 4 0 94
09:20:46 4 0 96
09:21:16 4 0 93
09:21:47 4 0 95
09:22:19 2 2 195
09:22:49 2 2 196
09:23:17 4 0 196
09:23:47 4 0 93
09:24:17 4 0 93
09:24:47 4 0 93
09:25:18 3 1 94
09:25:48 4 0 92
09:26:18 4 0 93
09:26:48 4 0 98
09:27:18 4 0 93
09:27:48 4 0 93
09:28:18 4 0 93
09:28:48 4 0 94
09:29:19 4 0 195
09:29:49 4 0 93
09:30:19 4 0 94
09:30:49 4 0 95
09:31:19 4 0 93
09:31:49 4 0 93
09:32:19 4 0 94
09:32:50 4 0 93
09:33:20 4 0 94
09:33:50 4 0 93
09:34:20 4 0 93
09:34:50 4 0 93
09:35:20 4 0 94
09:35:51 4 0 93
09:36:21 4 0 93
09:36:51 4 0 93
09:37:21 4 0 93
09:37:51 4 0 101
09:38:22 4 0 94
09:38:52 4 0 93
09:39:22 4 0 93
09:39:52 4 0 93
09:40:22 4 0 94
09:40:53 4 0 195
09:41:23 4 0 93
09:41:54 3 1 93
09:42:23 4 0 120
09:42:53 4 0 93
09:43:23 4 0 93
09:43:53 4 0 96
09:44:24 4 0 93
09:44:54 4 0 93
09:45:24 4 0 93
09:45:54 4 0 97
09:46:24 4 0 152
09:46:54 4 0 93
09:47:24 4 0 93
09:47:56 3 1 95
09:48:25 4 0 93
09:48:55 4 0 93
09:49:25 4 0 94
09:49:55 4 0 113
09:50:25 4 0 93
09:50:55 4 0 137
09:51:25 4 0 94
09:51:59 1 3 199
09:52:29 1 3 196
09:52:58 3 1 196
09:53:27 4 0 94
09:53:57 4 0 93
09:54:27 4 0 94
09:54:57 4 0 95
09:55:27 4 0 93
09:55:57 4 0 93
09:56:27 4 0 95
09:56:58 4 0 94
09:57:28 4 0 94
09:57:58 4 0 93
09:58:28 4 0 93
09:58:58 4 0 94
09:59:28 4 0 120
09:59:58 4 0 93
10:00:28 4 0 93
10:00:58 4 0 94
10:01:29 4 0 95
10:01:59 4 0 93
10:02:29 4 0 93
10:02:59 4 0 152
10:03:31 2 2 196
10:04:01 2 2 197
10:04:30 3 1 209
10:04:59 4 0 93
10:05:29 4 0 96
10:06:00 4 0 93
10:06:30 4 0 93
10:07:00 4 0 93
10:07:30 4 0 93
10:08:00 4 0 97
10:08:30 4 0 93
10:09:00 4 0 93
10:09:30 4 0 93
10:10:01 4 0 93
10:10:31 4 0 93
10:11:01 4 0 94
10:11:31 4 0 93
10:12:02 3 1 136
10:12:33 2 2 138
10:13:02 4 0 128
10:13:33 3 1 154
10:14:03 3 1 139
10:14:33 3 1 139
10:15:02 4 0 96
10:15:32 4 0 134
10:16:02 4 0 129
10:16:34 2 2 115
10:17:04 3 1 134
10:17:33 4 0 131
10:18:04 3 1 138
10:18:33 4 0 126
10:19:03 4 0 115
10:19:34 3 1 122
10:20:05 3 1 131
10:20:34 3 1 141
10:21:05 4 0 130
10:21:36 4 0 133
10:22:07 3 1 126
10:22:37 3 1 130
10:23:06 4 0 133
10:23:37 4 0 125
10:24:08 3 1 126
10:24:38 4 0 117
10:25:08 4 0 95
10:25:38 4 0 95
10:26:09 4 0 93
10:26:40 3 1 93
10:27:11 3 1 114
10:27:40 4 0 95
10:28:10 4 0 93
10:28:41 4 0 96
10:29:11 4 0 93
10:29:41 4 0 93
10:30:11 4 0 93
10:30:41 4 0 93
10:31:11 4 0 93
10:31:41 4 0 94
10:32:12 4 0 93
10:32:42 4 0 94
10:33:12 4 0 96
10:33:42 4 0 93
10:34:12 4 0 93
10:34:42 4 0 94
10:35:12 4 0 94
10:35:42 4 0 93
10:36:13 4 0 94
10:36:43 4 0 95
10:37:13 4 0 94
10:37:43 4 0 95
10:38:14 4 0 94
10:38:45 3 1 93
10:39:15 4 0 94
10:39:45 4 0 93
10:40:16 3 1 111
10:40:45 4 0 100
10:41:15 4 0 94
10:41:45 4 0 95
10:42:16 4 0 94
10:42:46 4 0 93
10:43:16 4 0 93
10:43:46 4 0 93
10:44:18 3 1 93
10:44:46 4 0 98
10:45:17 4 0 94
10:45:47 4 0 93
10:46:17 4 0 95
10:46:47 4 0 95
10:47:18 3 1 94
10:47:48 3 1 95
10:48:18 4 0 94
10:48:48 4 0 94
10:49:18 4 0 94
10:49:48 4 0 95
10:50:18 4 0 93
10:50:48 4 0 93
10:51:19 4 0 93
10:51:49 4 0 93
10:52:19 4 0 94
10:52:49 4 0 93
10:53:20 4 0 104
10:53:50 4 0 94
10:54:20 4 0 95
10:54:50 4 0 94
10:55:20 4 0 96
10:55:51 4 0 95
10:56:21 4 0 95
10:56:51 4 0 115
10:57:22 4 0 94
10:57:52 4 0 93
10:58:22 4 0 94
10:58:52 4 0 93
10:59:23 4 0 94
10:59:53 4 0 95
11:00:23 4 0 95
11:00:53 4 0 118
11:01:24 4 0 96
11:01:54 4 0 93
11:02:24 4 0 94
11:02:54 4 0 102
11:03:24 4 0 94
11:03:54 4 0 103
11:04:25 4 0 93
11:04:55 4 0 108
11:05:25 4 0 108
11:05:55 4 0 106
11:06:25 4 0 107
11:06:55 4 0 96
11:07:26 4 0 93
11:07:56 4 0 97
11:08:26 4 0 97
11:08:56 4 0 99
11:09:26 4 0 95
11:09:57 4 0 105
11:10:27 4 0 94
11:10:57 4 0 106
11:11:27 4 0 96
11:11:57 4 0 98
11:12:28 3 1 97
11:12:57 4 0 94
11:13:28 4 0 98
11:13:58 4 0 94
11:14:28 4 0 98
11:14:59 4 0 95
11:15:29 4 0 147
11:15:59 4 0 97
11:16:29 4 0 94
11:17:00 4 0 117
11:17:30 4 0 94
11:18:00 4 0 96
11:18:30 4 0 115
11:19:01 4 0 127
11:19:31 4 0 93
11:20:02 3 1 138
11:20:31 4 0 93
11:21:01 4 0 100
11:21:31 4 0 94
11:22:01 4 0 98
11:22:32 4 0 97
11:23:02 4 0 100
11:23:32 4 0 96
11:24:02 4 0 95
11:24:32 4 0 95
11:25:02 4 0 96
11:25:32 4 0 97
11:26:02 4 0 115
11:26:33 4 0 94
11:27:03 4 0 96
11:27:33 4 0 96
11:28:03 4 0 104
11:28:33 4 0 101
11:29:03 4 0 96
11:29:33 4 0 95
11:30:03 4 0 101
11:30:34 4 0 95
11:31:04 4 0 102
11:31:34 4 0 105
11:32:04 4 0 97
11:32:34 4 0 100
11:33:04 4 0 103
11:33:34 4 0 100
11:34:05 4 0 96
11:34:35 4 0 115
11:35:05 4 0 114
11:35:35 4 0 100
11:36:05 4 0 103
11:36:36 4 0 130
11:37:07 4 0 124
11:37:38 3 1 128
11:38:07 4 0 127
11:38:38 4 0 131
11:39:08 4 0 129
11:39:38 4 0 122
11:40:08 4 0 136
11:40:38 4 0 147
11:41:08 4 0 125
11:41:38 4 0 121
11:42:08 4 0 125
11:42:38 4 0 98
11:43:09 4 0 125
11:43:39 4 0 127
11:44:09 4 0 98
11:44:39 4 0 95
11:45:10 4 0 125
11:45:40 4 0 106
11:46:11 4 0 137
11:46:42 4 0 123
11:47:12 4 0 114
11:47:42 4 0 101
11:48:12 4 0 100
11:48:43 3 1 100
11:49:13 4 0 129
11:49:43 4 0 100
11:50:13 4 0 96
11:50:46 1 3 126
11:51:14 4 0 144
11:51:45 4 0 93
11:52:15 4 0 97
11:52:45 4 0 99
11:53:16 4 0 95
11:53:46 4 0 97
11:54:16 4 0 96
11:54:46 4 0 97
11:55:16 4 0 95
11:55:46 4 0 96
11:56:16 4 0 95
11:56:47 4 0 99
11:57:17 4 0 96
11:57:47 4 0 120
11:58:17 4 0 97
11:58:47 4 0 102
11:59:17 4 0 134
11:59:47 4 0 110
12:00:17 4 0 99
12:00:48 4 0 97
12:01:18 4 0 93
12:01:48 4 0 110
12:02:18 4 0 103
12:02:48 4 0 125
12:03:18 4 0 128
12:03:49 4 0 130
12:04:19 4 0 130
12:04:49 4 0 96
12:05:19 4 0 94
12:05:49 4 0 95
12:06:19 4 0 95
12:06:49 4 0 96
12:07:19 4 0 98
12:07:49 4 0 95
12:08:19 4 0 94
12:08:50 4 0 104
12:09:21 3 1 102
12:09:50 4 0 97
12:10:20 4 0 96
12:10:51 4 0 96
12:11:21 4 0 93
12:11:51 4 0 96
12:12:21 4 0 96
12:12:51 4 0 104
12:13:21 4 0 105
12:13:52 4 0 112
12:14:22 4 0 97
12:14:52 4 0 95
12:15:22 4 0 96
12:15:53 4 0 140
12:16:23 4 0 96
12:16:53 4 0 98
12:17:24 3 1 115
12:17:54 4 0 106
12:18:24 4 0 98
12:18:55 4 0 104
12:19:26 3 1 93
12:19:55 4 0 109
12:20:25 4 0 105
12:20:55 4 0 111
12:21:25 4 0 113
12:21:55 4 0 95
12:22:26 3 1 94
12:22:55 4 0 96
12:23:26 4 0 126
12:23:56 4 0 101
12:24:26 3 1 110
12:24:56 4 0 109
12:25:26 4 0 102
12:25:56 4 0 100
12:26:26 4 0 120
12:26:57 4 0 98
12:27:27 4 0 102
12:27:57 4 0 97
12:28:28 3 1 108
12:29:00 1 3 143
12:29:27 4 0 97
12:29:58 4 0 95
12:30:28 4 0 95
12:30:58 4 0 100
12:31:28 4 0 115
12:31:58 4 0 94
12:32:28 4 0 93
12:32:58 4 0 94
12:33:28 4 0 95
12:33:58 4 0 97
12:34:28 4 0 94
12:34:59 4 0 106
12:35:29 4 0 131
12:35:59 4 0 136
12:36:29 4 0 105
12:36:59 4 0 100
12:37:29 4 0 128
12:38:00 4 0 153
12:38:30 4 0 105
12:39:00 4 0 110
12:39:30 4 0 111
12:40:00 4 0 127
12:40:30 4 0 114
12:41:00 4 0 115
12:41:30 4 0 126
12:42:01 3 1 129
12:42:31 4 0 128
12:43:01 4 0 121
12:43:31 4 0 99
12:44:01 4 0 125
12:44:31 4 0 101
12:45:01 4 0 113
12:45:31 4 0 125
12:46:01 4 0 120
12:46:31 4 0 145
12:47:01 4 0 132
12:47:31 4 0 116
12:48:02 4 0 129
12:48:32 4 0 135
12:49:02 4 0 117
12:49:32 4 0 126
12:50:03 4 0 125
12:50:33 4 0 128
12:51:03 4 0 93
12:51:33 4 0 93
12:52:03 4 0 130
12:52:34 4 0 130
12:53:04 4 0 113
12:53:34 4 0 123
12:54:04 4 0 119
12:54:35 3 1 123
12:55:04 4 0 112
12:55:34 4 0 93
12:56:04 4 0 135
12:56:34 4 0 120
12:57:05 4 0 106
12:57:35 4 0 114
12:58:05 4 0 123
12:58:35 4 0 116
12:59:05 4 0 123
12:59:35 4 0 153
13:00:06 4 0 139
13:00:35 4 0 93
13:01:06 4 0 95
13:01:36 4 0 120
13:02:06 4 0 136
13:02:36 4 0 115
13:03:06 4 0 142
13:03:36 4 0 93
13:04:07 3 1 139
13:04:36 4 0 124
13:05:07 4 0 131
13:05:37 4 0 123
13:06:08 3 1 128
13:06:37 4 0 107
13:07:07 4 0 106
13:07:37 4 0 125
13:08:07 4 0 107
13:08:38 3 1 99
13:09:07 4 0 115
13:09:37 4 0 129
13:10:08 4 0 121
13:10:38 4 0 129
13:11:08 4 0 102
13:11:38 4 0 134
13:12:08 4 0 127
13:12:38 4 0 110
13:13:08 4 0 128
13:13:38 4 0 119
13:14:08 4 0 132
13:14:38 4 0 120
13:15:09 4 0 118
13:15:39 4 0 102
13:16:09 4 0 104
13:16:39 4 0 119
13:17:09 4 0 125
13:17:39 4 0 135
13:18:09 4 0 95
13:18:39 4 0 119
13:19:09 4 0 128
13:19:40 4 0 134
13:20:10 4 0 131
13:20:40 4 0 133
13:21:10 4 0 132
13:21:40 4 0 126
13:22:10 4 0 130
13:22:40 4 0 99
13:23:12 3 1 139
13:23:41 4 0 105
13:24:11 4 0 96
13:24:41 4 0 133
13:25:11 4 0 118
13:25:41 4 0 127
13:26:12 4 0 125
13:26:42 4 0 115
13:27:12 4 0 131
13:27:45 0 4 -1
13:28:12 4 0 126
13:28:42 4 0 137
13:29:13 3 1 124
13:29:43 4 0 126
13:30:13 4 0 137
13:30:43 4 0 134
13:31:13 4 0 128
13:31:43 4 0 119
13:32:13 4 0 109
13:32:43 4 0 123
13:33:15 2 2 133
13:33:44 4 0 138
13:34:14 4 0 113
13:34:44 4 0 129
13:35:14 4 0 123
13:35:44 4 0 112
13:36:15 4 0 129
13:36:45 4 0 133
13:37:15 4 0 131
13:37:45 4 0 135
13:38:15 4 0 132
13:38:45 4 0 133
13:39:16 3 1 135
13:39:45 4 0 113
13:40:15 4 0 117
13:40:46 3 1 135
13:41:16 4 0 123
13:41:46 4 0 121
13:42:16 4 0 157
13:42:47 4 0 160
13:43:17 4 0 134
13:43:47 4 0 103
13:44:18 3 1 130
13:44:47 4 0 137
13:45:18 4 0 139
13:45:48 4 0 136
13:46:18 4 0 124
13:46:48 4 0 129
13:47:19 4 0 133
13:47:49 4 0 122
13:48:19 4 0 124
13:48:49 4 0 107
13:49:20 4 0 117
13:49:49 4 0 93
13:50:20 4 0 137
13:50:50 4 0 134
13:51:20 4 0 108
13:51:50 4 0 106
13:52:20 4 0 112
13:52:51 4 0 132
13:53:21 4 0 146
13:53:51 4 0 128
13:54:21 4 0 128
13:54:51 4 0 129
13:55:21 4 0 130
13:55:51 4 0 124
13:56:21 4 0 130
13:56:51 4 0 131
13:57:22 4 0 132
13:57:52 4 0 134
13:58:22 4 0 120
13:58:52 4 0 109
13:59:22 4 0 95
13:59:52 4 0 103
14:00:23 3 1 106
14:00:52 4 0 131
14:01:22 4 0 131
14:01:52 4 0 109
14:02:23 4 0 125
14:02:53 4 0 130
14:03:23 4 0 116
14:03:53 4 0 129
14:04:23 4 0 114
14:04:53 4 0 129
14:05:25 3 1 129
14:05:54 4 0 113
14:06:24 3 1 109
14:06:54 4 0 110
14:07:24 4 0 129
14:07:54 4 0 124
14:08:25 4 0 147
14:08:55 4 0 111
14:09:25 4 0 113
14:09:55 4 0 131
14:10:25 4 0 126
14:10:55 4 0 119
14:11:26 4 0 127
14:11:57 4 0 108
14:12:27 4 0 128
14:12:57 4 0 129
14:13:27 4 0 136
14:13:57 4 0 135
14:14:27 4 0 121
14:15:00 1 3 132
14:15:28 4 0 114
14:15:59 3 1 117
14:16:28 4 0 98
14:16:58 4 0 128
14:17:28 4 0 119
14:17:59 4 0 148
14:18:29 4 0 118
14:19:00 3 1 107
14:19:29 4 0 107
14:20:00 3 1 106
14:20:29 4 0 117
14:20:59 4 0 128
14:21:29 4 0 133
14:21:59 4 0 128
14:22:30 4 0 123
14:23:00 4 0 133
14:23:30 4 0 133
14:24:00 4 0 116
14:24:31 4 0 138
14:25:01 4 0 133
14:25:31 4 0 104
14:26:01 4 0 121
14:26:32 4 0 122
14:27:02 4 0 127
14:27:32 4 0 114
14:28:02 4 0 119
14:28:32 4 0 132
14:29:02 4 0 130
14:29:32 4 0 130
14:30:03 4 0 138
14:30:33 4 0 121
14:31:03 4 0 121
14:31:33 4 0 119
14:32:03 4 0 132
14:32:33 4 0 95
14:33:04 4 0 147
14:33:34 4 0 115
14:34:04 4 0 134
14:34:34 4 0 114
14:35:04 4 0 133
14:35:35 4 0 136
14:36:05 4 0 132
14:36:35 4 0 133
14:37:06 4 0 135
14:37:36 4 0 134
14:38:07 4 0 138
14:38:37 4 0 135
14:39:07 4 0 137
14:39:37 4 0 136
14:40:07 4 0 129
14:40:38 4 0 129
14:41:08 4 0 135
14:41:38 4 0 128
14:42:09 4 0 131
14:42:39 4 0 133
14:43:09 4 0 126
14:43:39 4 0 108
14:44:09 4 0 120
14:44:40 4 0 124
14:45:10 4 0 131
14:45:40 4 0 100
14:46:10 4 0 125
14:46:40 4 0 120
14:47:10 4 0 110
14:47:41 4 0 129
14:48:11 4 0 136
14:48:41 4 0 132
14:49:11 4 0 129
14:49:41 4 0 111
14:50:11 4 0 109
14:50:42 4 0 116
14:51:12 4 0 132
14:51:42 4 0 119
14:52:12 4 0 106
14:52:43 4 0 129
14:53:12 4 0 104
14:53:43 4 0 94
14:54:13 4 0 135
14:54:43 4 0 100
14:55:13 4 0 114
14:55:43 4 0 131
14:56:13 4 0 117
14:56:44 4 0 118
14:57:13 4 0 95
14:57:44 4 0 112
14:58:14 4 0 108
14:58:44 4 0 110
14:59:14 4 0 113
14:59:44 4 0 96
15:00:14 4 0 128
15:00:44 4 0 130
15:01:16 3 1 111
15:01:45 4 0 108
15:02:15 4 0 114
15:02:45 4 0 106
15:03:15 4 0 103
15:03:46 3 1 99
15:04:16 3 1 107
15:04:46 3 1 128
15:05:15 4 0 119
15:05:45 4 0 110
15:06:16 4 0 118
15:06:46 4 0 109
15:07:16 4 0 111
15:07:46 4 0 130
15:08:16 4 0 108
15:08:46 4 0 137
15:09:16 4 0 118
15:09:46 4 0 134
15:10:16 4 0 126
15:10:46 4 0 107
15:11:17 4 0 134
15:11:47 4 0 121
15:12:17 4 0 132
15:12:47 4 0 120
15:13:18 3 1 113
15:13:47 4 0 134
15:14:19 3 1 128
15:14:48 4 0 109
15:15:18 4 0 118
15:15:48 4 0 127
15:16:18 4 0 127
15:16:48 4 0 133
15:17:18 4 0 124
15:17:49 4 0 128
15:18:19 4 0 125
15:18:49 4 0 123
15:19:19 4 0 136
15:19:49 4 0 125
15:20:19 4 0 127
15:20:49 4 0 133
15:21:19 4 0 124
15:21:49 4 0 128
15:22:19 4 0 131
15:22:50 4 0 113
15:23:20 3 1 128
15:23:50 4 0 116
15:24:20 4 0 120
15:24:50 4 0 116
15:25:20 4 0 126
15:25:50 4 0 115
15:26:20 4 0 131
15:26:50 4 0 93
15:27:20 4 0 139
15:27:51 3 1 152
15:28:21 4 0 123
15:28:51 4 0 118
15:29:21 4 0 122
15:29:51 4 0 117
15:30:21 4 0 117
15:30:52 3 1 111
15:31:21 4 0 118
15:31:52 4 0 129
15:32:22 4 0 120
15:32:52 4 0 110
15:33:22 4 0 121
15:33:52 4 0 122
15:34:23 3 1 142
15:34:53 4 0 121
15:35:23 4 0 112
15:35:53 4 0 108
15:36:23 4 0 105
15:36:54 3 1 95
15:37:23 4 0 111
15:37:53 4 0 102
15:38:23 4 0 101
15:38:54 4 0 147
15:39:23 4 0 123
15:39:54 4 0 96
15:40:24 4 0 121
15:40:54 4 0 111
15:41:24 4 0 96
15:41:55 3 1 96
15:42:24 4 0 129
15:42:54 4 0 96
15:43:25 3 1 125
15:43:54 4 0 115
15:44:24 4 0 119
15:44:56 2 2 125
15:45:26 3 1 130
15:45:55 4 0 96
15:46:25 4 0 125
15:46:55 4 0 117
15:47:25 4 0 118
15:47:56 4 0 117
15:48:26 4 0 102
15:48:56 4 0 129
15:49:26 4 0 94
15:49:56 4 0 125
15:50:26 4 0 127
15:50:56 4 0 102
15:51:27 3 1 122
15:51:57 4 0 120
15:52:27 4 0 122
15:52:57 4 0 117
15:53:27 4 0 136
15:53:57 4 0 126
15:54:28 3 1 93
15:54:59 3 1 103
15:55:28 3 1 119
15:55:58 4 0 132
15:56:28 3 1 115
15:56:58 4 0 135
15:57:28 4 0 124
15:57:58 4 0 130
15:58:28 4 0 129
15:58:58 4 0 135
15:59:28 4 0 138
15:59:59 4 0 126
16:00:29 4 0 137
16:00:59 4 0 128
16:01:29 4 0 134
16:01:59 4 0 136
16:02:29 4 0 128
16:02:59 4 0 128
16:03:29 4 0 132
16:03:59 4 0 130
16:04:29 4 0 120
16:05:00 4 0 128
16:05:30 4 0 119
16:06:01 3 1 127
16:06:30 4 0 135
16:07:00 4 0 131
16:07:30 4 0 133
16:08:02 2 2 127
16:08:31 3 1 128
16:09:00 4 0 94
16:09:30 4 0 109
16:10:01 3 1 128
16:10:32 3 1 140
16:11:03 2 2 127
16:11:31 4 0 124
16:12:01 4 0 124
16:12:32 4 0 148
16:13:02 4 0 158
16:13:32 4 0 135
16:14:03 3 1 136
16:14:32 4 0 129
16:15:02 4 0 133
16:15:32 4 0 108
16:16:04 2 2 122
16:16:32 4 0 136
16:17:02 4 0 124
16:17:32 4 0 123
16:18:03 4 0 124
16:18:33 3 1 112
16:19:03 4 0 107
16:19:33 4 0 133
16:20:03 4 0 170
16:20:33 4 0 179
16:21:03 4 0 129
16:21:33 4 0 112
16:22:03 4 0 122
16:22:33 4 0 125
16:23:04 4 0 121
16:23:35 3 1 115
16:24:04 4 0 106
16:24:35 3 1 98
16:25:05 3 1 126
16:25:35 3 1 118
16:26:04 4 0 126
16:26:34 4 0 128
16:27:05 4 0 128
16:27:35 4 0 125
16:28:05 4 0 133
16:28:35 4 0 133
16:29:05 4 0 107
16:29:35 4 0 128
16:30:05 4 0 109
16:30:35 4 0 133
16:31:06 4 0 124
16:31:36 4 0 133
16:32:06 4 0 126
16:32:37 3 1 130
16:33:07 4 0 116
16:33:37 4 0 132
16:34:08 3 1 121
16:34:37 4 0 123
16:35:07 4 0 102
16:35:37 4 0 156
16:36:09 2 2 142
16:36:38 3 1 112
16:37:08 4 0 117
16:37:38 4 0 133
16:38:08 4 0 93
16:38:41 0 4 -1
16:39:08 4 0 93
16:39:38 4 0 108
16:40:08 4 0 96
16:40:38 4 0 94
16:41:09 4 0 108
16:41:39 4 0 111
16:42:09 4 0 95
16:42:39 4 0 107
16:43:09 4 0 127
16:43:39 4 0 129
16:44:09 4 0 128
16:44:39 4 0 118
16:45:09 4 0 129
16:45:39 4 0 119
16:46:10 4 0 100
16:46:42 2 2 117
16:47:10 4 0 113
16:47:40 4 0 107
16:48:10 4 0 94
16:48:40 4 0 128
16:49:10 4 0 130
16:49:41 3 1 142
16:50:10 4 0 130
16:50:40 4 0 123
16:51:11 4 0 111
16:51:41 4 0 136
16:52:11 4 0 119
16:52:41 4 0 113
16:53:12 3 1 124
16:53:42 3 1 125
16:54:12 3 1 97
16:54:42 4 0 95
16:55:13 3 1 97
16:55:42 4 0 97
16:56:12 4 0 94
16:56:42 4 0 94
16:57:12 4 0 100
16:57:42 4 0 126
16:58:13 4 0 104
16:58:43 4 0 109
16:59:13 4 0 102
16:59:44 3 1 110
17:00:13 4 0 96
17:00:43 4 0 95
17:01:13 4 0 96
17:01:43 4 0 129
17:02:14 4 0 94
17:02:44 4 0 101
17:03:14 4 0 95
17:03:44 4 0 125
17:04:14 4 0 95
17:04:47 2 2 143
17:05:15 4 0 93
17:05:45 4 0 96
17:06:15 4 0 103
17:06:45 4 0 120
17:07:15 4 0 97
17:07:45 4 0 102
17:08:15 4 0 94
17:08:45 4 0 102
17:09:16 4 0 99
17:09:46 4 0 107
17:10:16 4 0 97
17:10:46 4 0 95
17:11:16 4 0 111
17:11:46 4 0 97
17:12:16 4 0 111
17:12:46 4 0 108
17:13:17 4 0 107
17:13:47 4 0 100
17:14:18 3 1 143
17:14:47 4 0 137
17:15:17 4 0 109
17:15:47 4 0 127
17:16:17 4 0 110
17:16:47 4 0 107
17:17:17 4 0 98
17:17:48 3 1 108
17:18:18 4 0 101
17:18:48 4 0 123
17:19:19 3 1 97
17:19:48 4 0 121
17:20:18 4 0 123
17:20:48 4 0 129
17:21:19 4 0 134
17:21:49 4 0 114
17:22:19 4 0 111
17:22:49 4 0 111
17:23:20 4 0 124
17:23:50 4 0 144
17:24:20 4 0 124
17:24:52 2 2 109
17:25:21 4 0 132
17:25:51 4 0 124
17:26:21 4 0 116
17:26:51 4 0 139
17:27:23 2 2 131
17:27:52 4 0 137
17:28:22 4 0 131
17:28:52 4 0 120
17:29:22 4 0 133
17:29:52 4 0 114
17:30:22 4 0 137
17:30:52 4 0 94
17:31:23 4 0 132
17:31:53 4 0 120
17:32:23 4 0 134
17:32:53 4 0 137
17:33:23 4 0 132
17:33:53 4 0 122
17:34:23 4 0 129
17:34:53 4 0 128
17:35:24 4 0 120
17:35:54 4 0 127
17:36:26 2 2 117
17:36:54 4 0 130
17:37:24 4 0 126
17:37:54 4 0 138
17:38:25 4 0 131
17:38:55 4 0 116
17:39:25 4 0 114
17:39:55 4 0 109
17:40:26 3 1 110
17:40:55 4 0 103
17:41:27 3 1 119
17:41:56 4 0 123
17:42:27 3 1 108
17:42:56 4 0 95
17:43:28 3 1 112
17:43:57 4 0 114
17:44:27 4 0 111
17:44:57 4 0 118
17:45:27 4 0 121
17:45:57 4 0 94
17:46:28 4 0 103
17:46:58 4 0 99
17:47:28 4 0 95
17:47:58 4 0 96
17:48:28 4 0 98
17:48:58 4 0 93
17:49:28 4 0 93
17:49:59 4 0 113
17:50:29 4 0 108
17:50:59 4 0 93
17:51:29 4 0 101
17:51:59 4 0 99
17:52:29 4 0 99
17:52:59 4 0 104
17:53:30 4 0 132
17:54:00 4 0 128
17:54:30 4 0 131
17:55:01 3 1 124
17:55:30 4 0 124
17:56:00 4 0 121
17:56:30 4 0 109
17:57:00 4 0 114
17:57:31 4 0 127
17:58:01 4 0 129
17:58:31 4 0 120
17:59:01 4 0 133
17:59:31 4 0 129
18:00:01 4 0 131
18:00:31 4 0 121
18:01:01 4 0 131
18:01:32 4 0 125
18:02:02 4 0 140
18:02:32 4 0 99
18:03:02 4 0 95
18:03:33 4 0 111
18:04:03 4 0 134
18:04:33 4 0 115
18:05:03 4 0 132
18:05:34 4 0 134
18:06:03 4 0 123
18:06:34 4 0 130
18:07:05 3 1 126
18:07:34 4 0 133
18:08:04 4 0 106
18:08:34 4 0 120
18:09:04 4 0 135
18:09:34 4 0 105
18:10:04 4 0 94
18:10:35 4 0 103
18:11:05 4 0 115
18:11:35 4 0 129
18:12:05 4 0 128
18:12:35 4 0 121
18:13:05 4 0 120
18:13:36 4 0 133
18:14:06 4 0 104
18:14:36 4 0 135
18:15:06 4 0 125
18:15:37 3 1 137
18:16:06 4 0 114
18:16:36 4 0 111
18:17:06 4 0 111
18:17:37 4 0 130
18:18:07 4 0 98
18:18:37 4 0 139
18:19:07 4 0 136
18:19:37 4 0 138
18:20:07 4 0 128
18:20:38 4 0 152
18:21:07 4 0 137
18:21:38 4 0 135
18:22:08 4 0 133
18:22:39 3 1 134
18:23:09 4 0 130
18:23:39 4 0 129
18:24:09 4 0 122
18:24:40 4 0 130
18:25:10 4 0 120
18:25:41 3 1 124
18:26:10 4 0 122
18:26:40 4 0 94
18:27:10 4 0 114
18:27:41 4 0 114
18:28:13 1 3 124
18:28:44 1 3 123
18:29:11 4 0 96
18:29:41 4 0 107
18:30:11 4 0 131
18:30:42 4 0 124
18:31:14 2 2 125
18:31:42 4 0 133
18:32:12 4 0 99
18:32:42 4 0 113
18:33:12 4 0 124
18:33:43 4 0 100
18:34:13 4 0 115
18:34:44 4 0 136
18:35:13 4 0 107
18:35:44 4 0 121
18:36:14 4 0 112
18:36:44 4 0 106
18:37:15 3 1 131
18:37:44 4 0 131
18:38:14 4 0 124
18:38:45 4 0 116
18:39:15 4 0 138
18:39:45 4 0 122
18:40:15 4 0 122
18:40:45 4 0 129
18:41:15 4 0 134
18:41:45 4 0 135
18:42:15 4 0 128
18:42:46 3 1 135
18:43:16 4 0 136
18:43:46 4 0 154
18:44:16 4 0 122
18:44:46 4 0 135
18:45:17 3 1 138
18:45:46 4 0 115
18:46:16 4 0 105
18:46:46 4 0 133
18:47:16 4 0 133
18:47:47 4 0 130
18:48:17 4 0 137
18:48:47 4 0 136
18:49:17 4 0 132
18:49:47 4 0 147
18:50:17 4 0 136
18:50:48 3 1 114
18:51:17 4 0 137
18:51:47 4 0 127
18:52:19 2 2 138
18:52:48 4 0 128
18:53:18 4 0 138
18:53:49 4 0 121
18:54:19 4 0 120
18:54:49 4 0 131
18:55:19 4 0 112
18:55:50 4 0 145
18:56:19 4 0 131
18:56:50 3 1 134
18:57:22 1 3 129
18:57:50 4 0 126
18:58:20 4 0 130
18:58:50 4 0 131
18:59:20 4 0 138
18:59:50 4 0 143
19:00:20 4 0 140
19:00:50 4 0 97
19:01:21 4 0 159
19:01:51 4 0 136
19:02:21 4 0 131
19:02:51 4 0 132
19:03:22 3 1 141
19:03:52 3 1 130
19:04:21 4 0 136
19:04:51 4 0 120
19:05:21 4 0 112
19:05:53 3 1 116
19:06:22 4 0 121
19:06:52 4 0 100
19:07:22 4 0 128
19:07:52 4 0 134
19:08:22 4 0 132
19:08:52 4 0 134
19:09:22 4 0 135
19:09:53 4 0 133
19:10:23 4 0 129
19:10:53 4 0 137
19:11:24 3 1 137
19:11:54 3 1 165
19:12:23 4 0 123
19:12:53 4 0 139
19:13:23 4 0 134
19:13:55 2 2 142
19:14:24 4 0 130
19:14:54 4 0 121
19:15:24 4 0 133
19:15:54 4 0 132
19:16:26 2 2 134
19:16:54 4 0 131
19:17:24 4 0 134
19:17:54 4 0 131
19:18:24 4 0 126
19:18:55 4 0 138
19:19:25 4 0 135
19:19:55 4 0 119
19:20:25 4 0 141
19:20:55 4 0 138
19:21:25 4 0 132
19:21:55 4 0 137
19:22:25 4 0 122
19:22:56 4 0 128
19:23:26 3 1 123
19:23:56 4 0 134
19:24:26 4 0 136
19:24:56 4 0 132
19:25:26 4 0 124
19:25:56 4 0 130
19:26:26 4 0 111
19:26:56 4 0 135
19:27:26 4 0 126
19:27:57 4 0 134
19:28:27 4 0 161
19:28:57 4 0 132
19:29:27 4 0 112
19:29:57 4 0 136
19:30:27 4 0 134
19:30:57 4 0 130
19:31:27 4 0 132
19:31:57 4 0 128
19:32:27 4 0 135
19:32:59 2 2 130
19:33:28 4 0 130
19:33:58 4 0 136
19:34:28 4 0 133
19:34:58 4 0 111
19:35:28 4 0 105
19:35:59 4 0 144
19:36:29 4 0 123
19:36:59 4 0 136
19:37:29 4 0 133
19:37:59 4 0 136
19:38:29 4 0 108
19:39:01 2 2 124
19:39:29 4 0 130
19:40:00 4 0 138
19:40:30 4 0 135
19:41:00 4 0 138
19:41:30 4 0 123
19:42:00 4 0 126
19:42:30 4 0 143
19:43:00 4 0 93
19:43:30 4 0 95
19:44:01 4 0 137
19:44:31 4 0 138
19:45:01 4 0 99
19:45:32 3 1 133
19:46:01 4 0 124
19:46:31 4 0 135
19:47:01 4 0 133
19:47:31 4 0 133
19:48:01 4 0 119
19:48:31 4 0 129
19:49:02 4 0 130
19:49:32 4 0 137
19:50:02 4 0 124
19:50:32 4 0 130
19:51:02 4 0 134
19:51:32 4 0 130
19:52:02 4 0 133
19:52:32 4 0 113
19:53:02 4 0 132
19:53:32 4 0 137
19:54:02 4 0 130
19:54:33 4 0 138
19:55:03 4 0 133
19:55:33 4 0 134
19:56:04 3 1 117
19:56:33 4 0 136
19:57:03 4 0 139
19:57:33 4 0 133
19:58:04 4 0 129
19:58:35 3 1 138
19:59:04 4 0 134
19:59:34 4 0 127
20:00:04 4 0 143
20:00:35 3 1 136
20:01:04 4 0 137
20:01:34 4 0 137
20:02:05 3 1 134
20:02:35 3 1 135
20:03:05 4 0 138
20:03:35 3 1 138
20:04:05 3 1 137
20:04:35 4 0 139
20:05:05 4 0 137
20:05:35 4 0 132
20:06:05 4 0 133
20:06:35 4 0 137
20:07:05 4 0 135
20:07:37 2 2 131
20:08:06 4 0 137
20:08:36 4 0 135
20:09:06 4 0 136
20:09:36 4 0 140
20:10:06 4 0 139
20:10:36 4 0 133
20:11:06 4 0 137
20:11:36 4 0 140
20:12:07 3 1 130
20:12:36 4 0 144
20:13:07 4 0 139
20:13:37 4 0 128
20:14:07 4 0 135
20:14:37 4 0 138
20:15:07 4 0 145
20:15:37 4 0 167
20:16:07 4 0 133
20:16:37 4 0 121
20:17:07 4 0 136
20:17:37 4 0 140
20:18:08 4 0 133
20:18:38 4 0 135
20:19:08 4 0 134
20:19:39 3 1 134
20:20:09 3 1 134
20:20:38 4 0 138
20:21:08 4 0 131
20:21:38 4 0 133
20:22:09 4 0 134
20:22:39 4 0 141
20:23:10 3 1 139
20:23:39 4 0 137
20:24:09 4 0 102
20:24:39 4 0 135
20:25:09 4 0 139
20:25:39 4 0 139
20:26:10 4 0 138
20:26:40 4 0 142
20:27:10 4 0 129
20:27:41 3 1 140
20:28:10 4 0 136
20:28:40 4 0 140
20:29:10 4 0 129
20:29:40 4 0 136
20:30:10 4 0 133
20:30:40 4 0 137
20:31:11 4 0 136
20:31:41 4 0 135
20:32:11 4 0 139
20:32:41 4 0 137
20:33:11 4 0 137
20:33:41 4 0 137
20:34:11 4 0 140
20:34:41 4 0 144
20:35:12 4 0 141
20:35:42 4 0 141
20:36:12 4 0 127
20:36:42 4 0 133
20:37:13 3 1 146
20:37:42 4 0 140
20:38:12 4 0 140
20:38:42 4 0 142
20:39:14 2 2 139
20:39:43 3 1 140
20:40:12 4 0 126
20:40:43 3 1 142
20:41:13 4 0 134
20:41:43 4 0 139
20:42:13 4 0 140
20:42:44 3 1 143
20:43:14 3 1 130
20:43:43 4 0 139
20:44:14 3 1 143
20:44:44 3 1 140
20:45:13 4 0 138
20:45:44 3 1 140
20:46:14 4 0 143
20:46:44 4 0 133
20:47:15 3 1 140
20:47:44 4 0 143
20:48:14 4 0 136
20:48:44 4 0 133
20:49:15 4 0 140
20:49:44 4 0 130
20:50:15 4 0 135
20:50:46 2 2 145
20:51:15 4 0 137
20:51:45 4 0 138
20:52:15 4 0 139
20:52:45 4 0 143
20:53:15 4 0 141
20:53:45 4 0 139
20:54:16 3 1 139
20:54:45 4 0 120
20:55:16 4 0 158
20:55:46 4 0 135
20:56:16 4 0 134
20:56:46 4 0 141
20:57:16 4 0 140
20:57:46 4 0 127
20:58:16 4 0 142
20:58:46 4 0 144
20:59:16 4 0 135
20:59:47 4 0 141
21:00:17 4 0 136
21:00:47 4 0 141
21:01:17 4 0 132
21:01:47 4 0 137
21:02:17 4 0 141
21:02:47 4 0 140
21:03:17 4 0 142
21:03:47 4 0 135
21:04:18 4 0 113
21:04:48 4 0 116
21:05:19 3 1 134
21:05:48 4 0 130
21:06:18 4 0 136
21:06:48 4 0 142
21:07:20 3 1 166
21:07:49 4 0 141
21:08:20 3 1 142
21:08:49 4 0 142
21:09:20 4 0 145
21:09:50 4 0 140
21:10:20 4 0 137
21:10:50 4 0 139
21:11:21 3 1 142
21:11:50 4 0 143
21:12:21 3 1 139
21:12:51 3 1 141
21:13:20 4 0 141
21:13:50 4 0 136
21:14:21 4 0 140
21:14:51 4 0 139
21:15:21 4 0 141
21:15:51 4 0 142
21:16:22 3 1 139
21:16:52 3 1 140
21:17:21 4 0 130
21:17:51 4 0 140
21:18:23 3 1 135
21:18:53 2 2 140
21:19:23 3 1 137
21:19:52 4 0 143
21:20:23 3 1 143
21:20:52 4 0 134
21:21:22 4 0 144
21:21:54 2 2 146
21:22:24 2 2 141
21:22:53 4 0 137
21:23:24 3 1 140
21:23:53 4 0 139
21:24:23 4 0 139
21:24:53 4 0 135
21:25:24 3 1 141
21:25:54 3 1 136
21:26:24 3 1 141
21:26:55 3 1 136
21:27:25 4 0 160
21:27:55 4 0 144
21:28:25 4 0 141
21:28:55 4 0 141
21:29:26 3 1 143
21:29:55 4 0 143
21:30:25 4 0 142
21:30:55 4 0 142
21:31:26 4 0 140
21:31:56 4 0 139
21:32:26 4 0 141
21:32:58 2 2 147
21:33:26 4 0 143
21:33:56 4 0 145
21:34:26 4 0 139
21:34:56 4 0 139
21:35:27 4 0 143
21:35:57 4 0 144
21:36:27 4 0 144
21:36:58 2 2 141
21:37:27 4 0 133
21:37:57 4 0 142
21:38:27 4 0 140
21:38:57 4 0 143
21:39:27 4 0 130
21:39:58 3 1 135
21:40:30 2 2 142
21:40:58 4 0 142
21:41:28 4 0 144
21:41:58 4 0 140
21:42:28 4 0 138
21:42:58 4 0 104
21:43:28 4 0 128
21:43:58 4 0 140
21:44:29 3 1 139
21:45:00 3 1 141
21:45:29 4 0 138
21:45:59 4 0 136
21:46:29 4 0 135
21:46:59 4 0 136
21:47:29 4 0 137
21:47:59 4 0 142
21:48:30 4 0 140
21:49:00 4 0 137
21:49:30 4 0 140
21:50:00 4 0 141
21:50:30 4 0 142
21:51:00 4 0 142
21:51:30 4 0 144
21:52:00 4 0 142
21:52:30 4 0 142
21:53:00 4 0 137
21:53:31 4 0 144
21:54:01 4 0 135
21:54:33 2 2 141
21:55:02 3 1 142
21:55:31 4 0 139
21:56:01 4 0 137
21:56:31 4 0 135
21:57:01 4 0 139
21:57:32 4 0 141
21:58:02 4 0 141
21:58:32 4 0 141
21:59:02 4 0 137
21:59:32 4 0 141
22:00:02 4 0 139
22:00:32 4 0 150
22:01:05 1 3 144
22:01:33 4 0 139
22:02:03 4 0 135
22:02:33 4 0 133
22:03:04 3 1 138
22:03:33 4 0 141
22:04:03 4 0 140
22:04:33 4 0 138
22:05:03 4 0 138
22:05:34 4 0 141
22:06:04 4 0 140
22:06:36 3 1 137
22:07:06 3 1 134
22:07:35 4 0 136
22:08:05 4 0 139
22:08:35 4 0 141
22:09:05 4 0 138
22:09:36 4 0 127
22:10:06 4 0 138
22:10:36 4 0 117
22:11:07 3 1 134
22:11:37 3 1 141
22:12:06 4 0 139
22:12:36 4 0 119
22:13:06 4 0 102
22:13:37 4 0 139
22:14:07 4 0 129
22:14:38 3 1 133
22:15:07 4 0 122
22:15:38 3 1 126
22:16:07 4 0 137
22:16:37 4 0 128
22:17:07 4 0 143
22:17:39 3 1 139
22:18:09 3 1 133
22:18:38 4 0 145
22:19:08 4 0 140
22:19:38 4 0 141
22:20:08 4 0 140
22:20:40 2 2 141
22:21:08 4 0 139
22:21:39 3 1 138
22:22:11 1 3 122
22:22:39 4 0 139
22:23:09 4 0 140
22:23:39 4 0 137
22:24:09 4 0 143
22:24:39 4 0 137
22:25:09 4 0 142
22:25:41 3 1 144
22:26:11 2 2 135
22:26:40 4 0 142
22:27:10 4 0 145
22:27:40 4 0 141
22:28:12 2 2 133
22:28:40 4 0 140
22:29:10 4 0 140
22:29:41 4 0 140
22:30:11 4 0 136
22:30:41 4 0 133
22:31:11 4 0 141
22:31:41 4 0 138
22:32:11 4 0 142
22:32:41 4 0 142
22:33:11 4 0 139
22:33:42 4 0 138
22:34:12 4 0 118
22:34:43 3 1 131
22:35:13 3 1 105
22:35:42 4 0 134
22:36:12 4 0 142
22:36:43 3 1 162
22:37:12 4 0 142
22:37:43 4 0 141
22:38:13 4 0 139
22:38:43 4 0 132
22:39:13 4 0 134
22:39:43 4 0 140
22:40:13 4 0 124
22:40:46 2 2 137
22:41:14 4 0 121
22:41:44 4 0 115
22:42:15 3 1 128
22:42:44 4 0 130
22:43:14 4 0 131
22:43:44 4 0 139
22:44:14 4 0 139
22:44:45 4 0 132
22:45:16 3 1 141
22:45:45 4 0 134
22:46:15 4 0 138
22:46:45 4 0 140
22:47:15 4 0 117
22:47:45 4 0 142
22:48:15 4 0 140
22:48:46 4 0 142
22:49:16 4 0 138
22:49:46 4 0 137
22:50:16 4 0 136
22:50:46 4 0 140
22:51:18 2 2 140
22:51:46 4 0 138
22:52:16 4 0 136
22:52:47 4 0 135
22:53:17 4 0 138
22:53:47 4 0 139
22:54:17 4 0 131
22:54:48 3 1 136
22:55:17 4 0 142
22:55:47 4 0 139
22:56:18 3 1 119
22:56:48 4 0 137
22:57:18 4 0 141
22:57:48 4 0 142
22:58:18 4 0 135
22:58:48 4 0 136
22:59:18 4 0 136
22:59:49 4 0 137
23:00:19 4 0 139
23:00:49 4 0 137
23:01:19 4 0 134
23:01:49 4 0 134
23:02:19 4 0 135
23:02:49 4 0 135
23:03:19 4 0 136
23:03:50 4 0 132
23:04:20 4 0 140
23:04:50 4 0 133
23:05:21 3 1 138
23:05:50 4 0 129
23:06:20 4 0 135
23:06:50 4 0 136
23:07:20 4 0 137
23:07:50 4 0 121
23:08:21 4 0 138
23:08:51 4 0 139
23:09:22 3 1 139
23:09:51 4 0 138
23:10:21 4 0 134
23:10:51 4 0 135
23:11:21 4 0 141
23:11:52 4 0 142
23:12:22 4 0 133
23:12:52 4 0 137
23:13:22 4 0 142
23:13:52 4 0 139
23:14:22 4 0 140
23:14:52 4 0 139
23:15:22 4 0 136
23:15:52 4 0 141
23:16:22 4 0 140
23:16:53 4 0 155
23:17:23 4 0 130
23:17:53 4 0 134
23:18:23 4 0 122
23:18:53 4 0 136
23:19:23 4 0 132
23:19:54 4 0 126
23:20:24 4 0 115
23:20:54 4 0 126
23:21:24 4 0 134
23:21:54 4 0 139
23:22:25 3 1 140
23:22:56 2 2 142
23:23:24 4 0 138
23:23:55 4 0 135
23:24:25 4 0 132
23:24:55 4 0 138
23:25:25 4 0 136
23:25:55 4 0 130
23:26:25 4 0 140
23:26:55 4 0 138
23:27:25 4 0 136
23:27:56 4 0 128
23:28:26 4 0 130
23:28:57 3 1 142
23:29:26 4 0 138
23:29:56 4 0 132
23:30:26 4 0 129
23:30:56 4 0 139
23:31:26 4 0 119
23:31:57 4 0 129
23:32:27 4 0 133
23:32:57 4 0 132
23:33:27 4 0 124
23:33:59 2 2 134
23:34:27 4 0 125
23:34:58 4 0 140
23:35:29 3 1 132
23:35:58 4 0 128
23:36:28 4 0 132
23:36:58 4 0 147
23:37:28 4 0 134
23:37:58 4 0 137
23:38:28 4 0 138
23:38:59 4 0 136
23:39:29 4 0 119
23:39:59 4 0 126
23:40:29 4 0 136
23:40:59 4 0 123
23:41:30 3 1 124
23:42:00 4 0 137
23:42:30 4 0 133
23:43:00 4 0 144
23:43:30 4 0 133
23:44:00 4 0 138
23:44:30 4 0 129
23:45:01 4 0 137
23:45:31 4 0 138
23:46:01 4 0 137
23:46:31 4 0 126
23:47:01 4 0 123
23:47:32 4 0 129
23:48:05 1 3 133
23:48:32 4 0 99
23:49:05 1 3 93
23:49:33 4 0 93
23:50:03 4 0 97
23:50:34 4 0 99
23:51:04 4 0 120
23:51:34 4 0 130
23:52:05 4 0 127
23:52:35 4 0 96
23:53:06 4 0 138
23:53:37 3 1 131
23:54:06 4 0 128
23:54:37 4 0 125
23:55:07 4 0 127
23:55:38 4 0 150
23:56:09 4 0 109
23:56:39 4 0 105
23:57:09 4 0 125
23:57:40 4 0 133
23:58:10 4 0 138
23:58:40 4 0 121
23:59:11 4 0 138
23:59:41 4 0 136
