00:00:22 4 0 84
00:00:39 4 0 83
00:01:26 4 0 83
00:02:11 4 0 84
00:02:34 4 0 84
00:02:55 4 0 83
00:03:24 4 0 83
00:03:44 4 0 83
00:04:18 4 0 83
00:04:48 4 0 83
00:05:19 4 0 85
00:05:57 4 0 83
00:06:22 4 0 84
00:06:53 4 0 84
00:07:28 4 0 84
00:07:55 4 0 83
00:08:26 4 0 83
02:00:06 4 0 89
02:00:38 3 1 88
02:01:07 4 0 86
02:01:39 2 2 91
02:02:09 3 1 89
02:02:38 4 0 91
02:03:08 4 0 89
02:03:38 4 0 88
02:04:08 4 0 85
02:04:39 4 0 85
02:05:09 4 0 88
02:05:39 4 0 87
02:06:09 4 0 87
02:06:40 4 0 89
02:07:10 4 0 86
02:07:40 4 0 86
02:08:10 4 0 87
02:08:40 4 0 85
02:09:11 4 0 87
02:09:41 4 0 86
02:10:11 4 0 90
02:10:41 4 0 87
02:11:11 4 0 90
02:11:42 4 0 176
02:12:12 4 0 90
02:12:42 4 0 86
02:13:12 4 0 88
02:13:42 4 0 86
02:14:13 4 0 256
02:14:43 4 0 85
02:15:13 4 0 85
02:15:43 4 0 85
02:16:13 4 0 88
02:16:44 4 0 256
02:17:14 4 0 88
02:17:44 4 0 88
02:18:14 4 0 88
02:18:45 4 0 86
02:19:15 4 0 87
02:19:46 4 0 253
02:20:15 4 0 88
02:20:45 4 0 89
02:21:16 4 0 85
02:21:46 4 0 87
02:22:16 4 0 86
02:22:47 4 0 265
02:23:17 4 0 263
02:23:47 4 0 261
02:24:18 4 0 260
02:24:48 4 0 263
02:25:18 4 0 260
02:25:48 4 0 86
02:26:18 4 0 85
02:26:48 4 0 85
02:27:18 4 0 85
02:27:48 4 0 86
02:28:19 4 0 87
02:28:49 4 0 86
02:29:19 4 0 86
02:29:49 4 0 87
02:30:20 4 0 85
02:30:50 4 0 88
02:31:20 4 0 87
02:31:50 4 0 100
02:32:20 4 0 85
02:32:50 4 0 85
02:33:21 4 0 88
02:33:51 4 0 87
02:34:21 4 0 89
02:34:51 4 0 107
02:35:22 4 0 89
02:35:52 4 0 85
02:36:22 4 0 85
02:36:52 4 0 85
02:37:22 4 0 86
02:37:52 4 0 85
02:38:23 4 0 88
02:38:53 4 0 85
02:39:24 3 1 89
02:39:53 4 0 85
02:40:24 4 0 86
02:40:54 4 0 85
02:41:24 4 0 85
02:41:54 4 0 86
02:42:24 4 0 88
02:42:54 4 0 85
02:43:25 4 0 89
02:43:55 4 0 85
02:44:25 4 0 88
02:44:56 4 0 179
02:45:25 4 0 85
02:45:56 4 0 87
02:46:26 4 0 89
02:46:56 4 0 85
02:47:26 4 0 85
02:47:57 4 0 201
02:48:27 4 0 88
02:48:57 4 0 88
02:49:27 4 0 86
02:49:57 4 0 86
02:50:27 4 0 89
02:50:58 4 0 85
02:51:28 4 0 86
02:51:58 4 0 88
02:52:28 4 0 89
02:52:58 4 0 85
02:53:29 4 0 85
02:53:59 4 0 85
02:54:29 4 0 87
02:54:59 4 0 113
02:55:29 4 0 85
02:56:00 4 0 86
02:56:30 4 0 88
02:57:00 4 0 85
02:57:30 4 0 88
02:58:00 4 0 85
02:58:31 4 0 253
02:59:01 4 0 85
02:59:31 4 0 85
03:00:01 4 0 85
03:00:31 4 0 85
03:01:02 4 0 85
03:01:32 4 0 85
03:02:03 4 0 267
03:02:32 4 0 85
03:03:02 4 0 85
03:03:33 4 0 87
03:04:03 4 0 85
03:04:33 4 0 85
03:05:03 4 0 90
03:05:34 4 0 85
03:06:04 4 0 86
03:06:34 4 0 85
03:07:04 4 0 85
03:07:36 4 0 88
03:08:07 4 0 87
03:08:37 4 0 85
03:09:07 4 0 86
03:09:37 4 0 87
03:10:07 4 0 87
03:10:39 3 1 88
03:11:08 4 0 88
03:11:39 4 0 211
03:12:08 4 0 85
03:12:38 4 0 85
03:13:08 4 0 87
03:13:39 4 0 85
03:14:09 4 0 85
03:14:39 4 0 88
03:15:10 4 0 255
03:15:39 4 0 85
03:16:09 4 0 85
03:16:40 4 0 85
03:17:10 4 0 85
03:17:40 4 0 86
03:18:11 4 0 254
03:18:41 4 0 85
03:19:11 4 0 85
03:19:42 3 1 88
03:20:11 4 0 117
03:20:41 4 0 85
03:21:11 4 0 85
03:21:42 4 0 86
03:22:12 4 0 85
03:22:42 4 0 85
03:23:12 4 0 85
03:23:42 4 0 85
03:24:12 4 0 85
03:24:43 4 0 267
03:25:13 4 0 86
03:25:43 4 0 85
03:26:13 4 0 85
03:26:43 4 0 85
03:27:13 4 0 85
03:27:44 4 0 85
03:28:14 4 0 86
03:28:44 4 0 85
03:29:14 4 0 85
03:29:44 4 0 85
03:30:14 4 0 85
03:30:45 4 0 85
03:31:15 4 0 86
03:31:45 4 0 86
03:32:15 4 0 85
03:32:45 4 0 85
03:33:15 4 0 85
03:33:45 4 0 85
03:34:15 4 0 85
03:34:46 4 0 253
03:35:16 4 0 85
03:35:46 4 0 85
03:36:17 4 0 265
03:36:47 4 0 88
03:37:17 4 0 85
03:37:47 4 0 85
03:38:17 4 0 85
03:38:47 4 0 85
03:39:17 4 0 85
03:39:48 4 0 85
03:40:18 4 0 85
03:40:48 4 0 88
03:41:18 4 0 85
03:41:48 4 0 86
03:42:18 4 0 86
03:42:49 4 0 86
03:43:19 4 0 85
03:43:49 4 0 85
03:44:19 4 0 85
03:44:49 4 0 85
03:45:19 4 0 85
03:45:50 4 0 85
03:46:20 4 0 85
03:46:50 4 0 85
03:47:21 4 0 255
03:47:50 4 0 85
03:48:20 4 0 85
03:48:51 4 0 85
03:49:21 4 0 85
03:49:51 4 0 85
03:50:22 4 0 255
03:50:51 4 0 85
03:51:21 4 0 86
03:51:52 4 0 85
03:52:22 4 0 85
03:52:53 4 0 250
03:53:22 4 0 85
03:53:52 4 0 85
03:54:22 4 0 85
03:54:53 4 0 85
03:55:24 4 0 253
03:55:53 4 0 85
03:56:23 4 0 85
03:56:53 4 0 86
03:57:24 4 0 265
03:57:55 4 0 262
03:58:25 4 0 260
03:58:55 4 0 198
03:59:25 4 0 208
03:59:55 4 0 260
04:00:25 4 0 85
04:00:55 4 0 85
04:01:25 4 0 85
04:01:55 4 0 85
04:02:25 4 0 87
04:02:55 4 0 85
04:03:25 4 0 85
04:03:56 4 0 85
04:04:26 4 0 85
04:04:56 4 0 88
04:05:26 4 0 86
04:05:57 4 0 87
04:06:27 4 0 85
04:06:57 4 0 85
04:07:27 4 0 88
04:07:57 4 0 85
04:08:27 4 0 85
04:08:57 4 0 85
04:09:28 4 0 85
04:09:58 4 0 85
04:10:28 4 0 85
04:10:58 4 0 85
04:11:28 4 0 85
04:11:59 4 0 85
04:12:29 4 0 86
04:12:59 4 0 85
04:13:29 4 0 85
04:14:00 4 0 264
04:14:29 4 0 85
04:15:00 4 0 85
04:15:30 4 0 85
04:16:00 4 0 85
04:16:30 4 0 87
04:17:00 4 0 85
04:17:30 4 0 86
04:18:01 4 0 86
04:18:31 4 0 85
04:19:01 4 0 85
04:19:31 4 0 85
04:20:01 4 0 85
04:20:31 4 0 85
04:21:02 4 0 254
04:21:32 4 0 85
04:22:02 4 0 86
04:22:32 4 0 85
04:23:02 4 0 85
04:23:33 4 0 264
04:24:03 4 0 90
04:24:33 4 0 86
04:25:03 4 0 86
04:25:33 4 0 85
04:26:03 4 0 83
04:26:33 4 0 83
04:27:04 4 0 83
04:27:34 4 0 83
04:28:04 4 0 83
04:28:34 4 0 83
04:29:04 4 0 83
04:29:34 4 0 83
04:30:05 4 0 83
04:30:35 4 0 83
04:31:05 4 0 83
04:31:35 4 0 83
04:32:05 4 0 83
04:32:35 4 0 83
04:33:06 4 0 83
04:33:36 4 0 83
04:34:06 4 0 83
04:34:36 4 0 83
04:35:06 4 0 83
04:35:37 4 0 262
04:36:07 4 0 258
04:36:37 4 0 262
04:37:08 4 0 259
04:37:38 4 0 270
04:38:08 4 0 259
04:38:37 4 0 83
04:39:08 4 0 83
04:39:38 4 0 83
04:40:08 4 0 84
04:40:38 4 0 83
04:41:09 4 0 83
04:41:39 4 0 83
04:42:09 4 0 83
04:42:39 4 0 83
04:43:09 4 0 83
04:43:39 4 0 83
04:44:10 4 0 83
04:44:40 4 0 83
04:45:10 4 0 83
04:45:40 4 0 83
04:46:10 4 0 83
04:46:40 4 0 84
04:47:11 4 0 83
04:47:41 4 0 83
04:48:11 4 0 83
04:48:41 4 0 83
04:49:12 4 0 261
04:49:42 4 0 258
04:50:12 4 0 211
04:50:42 4 0 174
04:51:13 4 0 257
04:51:43 4 0 268
04:52:12 4 0 83
04:52:42 4 0 83
04:53:13 4 0 83
04:53:43 4 0 83
04:54:13 4 0 83
04:54:43 4 0 83
04:55:13 4 0 84
04:55:43 4 0 83
04:56:14 4 0 83
04:56:44 4 0 83
04:57:14 4 0 83
04:57:44 4 0 83
04:58:14 4 0 83
04:58:44 4 0 83
04:59:15 4 0 84
04:59:45 4 0 85
05:00:15 4 0 83
05:00:45 4 0 83
05:01:16 4 0 260
05:01:46 4 0 260
05:02:16 4 0 84
05:02:46 4 0 84
05:03:16 4 0 83
05:03:46 4 0 83
05:04:16 4 0 83
05:04:47 4 0 84
05:05:17 4 0 83
05:05:47 4 0 83
05:06:17 4 0 83
05:06:47 4 0 83
05:07:18 4 0 83
05:07:48 4 0 83
05:08:18 4 0 100
05:08:48 4 0 83
05:09:18 4 0 83
05:09:48 4 0 83
05:10:19 4 0 84
05:10:49 4 0 83
05:11:20 4 0 253
05:11:49 4 0 83
05:12:19 4 0 83
05:12:49 4 0 84
05:13:20 4 0 260
05:13:50 4 0 257
05:14:21 4 0 257
05:14:51 4 0 258
05:15:20 4 0 84
05:15:50 4 0 83
05:16:21 4 0 83
05:16:51 4 0 83
05:17:21 4 0 83
05:17:51 4 0 83
05:18:22 4 0 83
05:18:52 4 0 83
05:19:22 4 0 83
05:19:52 4 0 83
05:20:22 4 0 92
05:20:52 4 0 83
05:21:23 4 0 252
05:21:53 4 0 83
05:22:23 4 0 83
05:22:53 4 0 83
05:23:23 4 0 83
05:23:53 4 0 102
05:24:24 4 0 83
05:24:54 4 0 83
05:25:25 4 0 253
05:25:54 4 0 83
05:26:24 4 0 83
05:26:54 4 0 83
05:27:25 4 0 83
05:27:55 4 0 83
05:28:25 4 0 83
05:28:55 4 0 83
05:29:26 4 0 259
05:29:56 4 0 257
05:30:26 4 0 256
05:30:56 4 0 83
05:31:26 4 0 83
05:31:56 4 0 83
05:32:26 4 0 83
05:32:56 4 0 83
05:33:27 4 0 83
05:33:57 4 0 83
05:34:27 4 0 83
05:34:57 4 0 84
05:35:27 4 0 83
05:35:57 4 0 83
05:36:28 4 0 83
05:36:58 4 0 83
05:37:28 4 0 83
05:37:58 4 0 83
05:38:28 4 0 83
05:38:58 4 0 83
05:39:29 4 0 83
05:39:59 4 0 84
05:40:29 4 0 83
05:40:59 4 0 83
05:41:30 4 0 260
05:42:00 4 0 258
05:42:30 4 0 256
05:43:00 4 0 83
05:43:30 4 0 83
05:44:00 4 0 83
05:44:30 4 0 83
05:45:00 4 0 82
05:45:31 4 0 83
05:46:01 4 0 83
05:46:31 4 0 83
05:47:01 4 0 83
05:47:31 4 0 83
05:48:01 4 0 83
05:48:32 4 0 84
05:49:02 4 0 83
05:49:32 4 0 83
05:50:02 4 0 83
05:50:33 4 0 251
05:51:02 4 0 83
05:51:33 4 0 260
05:52:03 4 0 258
05:52:34 4 0 257
05:53:03 4 0 83
05:53:33 4 0 83
05:54:03 4 0 83
05:54:34 4 0 251
05:55:04 4 0 83
05:55:34 4 0 83
05:56:04 4 0 84
05:56:35 4 0 83
05:57:05 4 0 83
05:57:35 4 0 83
05:58:06 4 0 252
05:58:35 4 0 83
05:59:05 4 0 84
05:59:36 4 0 83
06:00:06 4 0 84
06:00:36 4 0 83
06:01:06 4 0 83
06:01:37 4 0 83
06:02:07 4 0 83
06:02:37 4 0 83
06:03:07 4 0 83
06:03:37 4 0 83
06:04:07 4 0 83
06:04:38 4 0 83
06:05:08 4 0 83
06:05:38 4 0 83
06:06:08 4 0 83
06:06:39 4 0 83
06:07:09 4 0 83
06:07:40 4 0 260
06:08:10 4 0 258
06:08:40 4 0 258
06:09:09 4 0 83
06:09:40 4 0 83
06:10:10 4 0 83
06:10:40 4 0 83
06:11:10 4 0 83
06:11:40 4 0 83
06:12:10 4 0 83
06:12:41 4 0 83
06:13:11 4 0 83
06:13:41 4 0 83
06:14:11 4 0 84
06:14:41 4 0 84
06:15:11 4 0 83
06:15:42 4 0 83
06:16:13 4 0 252
06:16:42 4 0 83
06:17:12 4 0 83
06:17:43 4 0 83
06:18:13 4 0 83
06:18:43 4 0 83
06:19:13 4 0 83
06:19:43 4 0 83
06:20:14 4 0 253
06:20:44 4 0 83
06:21:14 4 0 83
06:21:44 4 0 83
06:22:14 4 0 83
06:22:44 4 0 84
06:23:14 4 0 83
06:23:45 4 0 83
06:24:15 4 0 83
06:24:45 4 0 83
06:25:15 4 0 83
06:25:45 4 0 83
06:26:15 4 0 83
06:26:46 4 0 83
06:27:16 4 0 112
06:27:46 4 0 83
06:28:16 4 0 83
06:28:46 4 0 101
06:29:16 4 0 83
06:29:47 4 0 83
06:30:17 4 0 83
06:30:48 4 0 260
06:31:18 4 0 257
06:31:48 4 0 119
06:32:17 4 0 83
06:32:48 4 0 83
06:33:18 4 0 84
06:33:48 4 0 83
06:34:18 4 0 83
06:34:48 4 0 83
06:35:18 4 0 83
06:35:49 4 0 84
06:36:19 4 0 254
06:36:49 4 0 83
06:37:19 4 0 83
06:37:49 4 0 83
06:38:19 4 0 84
06:38:50 4 0 84
06:39:20 4 0 83
06:39:50 4 0 83
06:40:21 4 0 254
06:40:50 4 0 83
06:41:20 4 0 83
06:41:51 4 0 83
06:42:21 4 0 83
06:42:51 4 0 85
06:43:21 4 0 84
06:43:51 4 0 83
06:44:22 4 0 260
06:44:52 4 0 258
06:45:22 4 0 259
06:45:52 4 0 85
06:46:22 4 0 83
06:46:52 4 0 84
06:47:22 4 0 83
06:47:53 4 0 83
06:48:23 4 0 84
06:48:53 4 0 83
06:49:23 4 0 83
06:49:53 4 0 83
06:50:23 4 0 83
06:50:54 4 0 83
06:51:24 4 0 83
06:51:54 4 0 83
06:52:24 4 0 83
06:52:54 4 0 84
06:53:24 4 0 83
06:53:55 4 0 83
06:54:25 4 0 83
06:54:55 4 0 83
06:55:25 4 0 83
06:55:55 4 0 83
06:56:25 4 0 83
06:56:56 4 0 83
06:57:26 4 0 83
06:57:56 4 0 83
06:58:26 4 0 83
06:58:56 4 0 85
06:59:26 4 0 83
06:59:57 4 0 83
07:00:27 4 0 83
07:00:57 4 0 83
07:01:27 4 0 83
07:01:58 4 0 260
07:02:28 4 0 260
07:02:58 4 0 260
07:03:28 4 0 83
07:03:58 4 0 83
07:04:28 4 0 83
07:04:58 4 0 83
07:05:28 4 0 83
07:05:59 4 0 83
07:06:29 4 0 83
07:06:59 4 0 83
07:07:29 4 0 83
07:07:59 4 0 83
07:08:29 4 0 83
07:09:00 4 0 83
07:09:30 4 0 83
07:10:00 4 0 83
07:10:30 4 0 83
07:11:00 4 0 83
07:11:30 4 0 83
07:12:01 4 0 83
07:12:31 4 0 83
07:13:01 4 0 83
07:13:31 4 0 83
07:14:01 4 0 83
07:14:31 4 0 83
07:15:02 4 0 83
07:15:32 4 0 83
07:16:02 4 0 83
07:16:32 4 0 83
07:17:03 4 0 86
07:17:33 4 0 83
07:18:03 4 0 83
07:18:33 4 0 83
07:19:03 4 0 98
07:19:34 4 0 195
07:20:03 4 0 83
07:20:34 4 0 83
07:21:04 4 0 83
07:21:34 4 0 83
07:22:04 4 0 83
07:22:34 4 0 84
07:23:05 4 0 83
07:23:35 4 0 83
07:24:05 4 0 83
07:24:35 4 0 83
07:25:05 4 0 83
07:25:35 4 0 84
07:26:06 4 0 83
07:26:37 4 0 84
07:27:07 4 0 83
07:27:37 4 0 83
07:28:07 4 0 83
07:28:37 4 0 84
07:29:08 4 0 83
07:29:38 4 0 83
07:30:08 4 0 83
07:30:38 4 0 93
07:31:08 4 0 84
07:31:38 4 0 83
07:32:09 4 0 83
07:32:39 4 0 83
07:33:10 4 0 260
07:33:40 4 0 259
07:34:10 4 0 260
07:34:40 4 0 89
07:35:11 4 0 83
07:35:41 4 0 83
07:36:11 4 0 83
07:36:41 4 0 83
07:37:11 4 0 83
07:37:41 4 0 83
07:38:12 4 0 84
07:38:42 4 0 83
07:39:12 4 0 83
07:39:42 4 0 83
07:40:12 4 0 84
07:40:42 4 0 83
07:41:13 4 0 83
07:41:43 4 0 159
07:42:13 4 0 83
07:42:43 4 0 83
07:43:13 4 0 83
07:43:43 4 0 83
07:44:14 4 0 83
07:44:44 4 0 83
07:45:14 4 0 84
07:45:45 4 0 255
07:46:14 4 0 83
07:46:44 4 0 83
07:47:15 4 0 83
07:47:45 4 0 84
07:48:15 4 0 83
07:48:45 4 0 83
07:49:16 4 0 261
07:49:46 4 0 259
07:50:16 4 0 261
07:50:46 4 0 83
07:51:16 4 0 83
07:51:46 4 0 86
07:52:16 4 0 84
07:52:46 4 0 83
07:53:16 4 0 83
07:53:46 4 0 83
07:54:17 4 0 83
07:54:47 4 0 83
07:55:17 4 0 83
07:55:47 4 0 83
07:56:17 4 0 83
07:56:47 4 0 83
07:57:18 4 0 83
07:57:48 4 0 83
07:58:18 4 0 83
07:58:48 4 0 87
07:59:18 4 0 83
07:59:48 4 0 83
08:00:19 4 0 83
08:00:49 4 0 83
08:01:19 4 0 83
08:01:49 4 0 83
08:02:19 4 0 84
08:02:49 4 0 85
08:03:20 4 0 83
08:03:50 4 0 261
08:04:21 4 0 260
08:04:51 4 0 257
08:05:22 2 2 87
08:05:50 4 0 83
08:06:21 4 0 83
08:06:51 4 0 99
08:07:21 4 0 83
08:07:51 4 0 83
08:08:21 4 0 83
08:08:51 4 0 83
08:09:21 4 0 83
08:09:51 4 0 83
08:10:22 4 0 83
08:10:52 4 0 83
08:11:22 4 0 83
08:11:52 4 0 83
08:12:22 4 0 84
08:12:52 4 0 83
08:13:23 4 0 83
08:13:53 4 0 84
08:14:23 4 0 83
08:14:53 4 0 84
08:15:23 4 0 83
08:15:53 4 0 83
08:16:24 4 0 83
08:16:54 4 0 83
08:17:24 4 0 83
08:17:54 4 0 83
08:18:24 4 0 83
08:18:54 4 0 83
08:19:25 4 0 83
08:19:55 4 0 83
08:20:25 4 0 84
08:20:55 4 0 83
08:21:25 4 0 83
08:21:56 4 0 262
08:22:27 4 0 261
08:22:57 4 0 259
08:23:27 4 0 83
08:23:57 4 0 83
08:24:27 4 0 83
08:24:57 4 0 84
08:25:27 4 0 85
08:25:57 4 0 83
08:26:28 4 0 83
08:26:58 4 0 84
08:27:28 4 0 85
08:27:58 4 0 83
08:28:28 4 0 84
08:28:58 4 0 85
08:29:29 4 0 83
08:29:59 4 0 83
08:30:29 4 0 83
08:30:59 4 0 83
08:31:29 4 0 83
08:31:59 4 0 83
08:32:29 4 0 83
08:32:59 4 0 83
08:33:30 4 0 83
08:34:00 4 0 83
08:34:30 4 0 83
08:35:00 4 0 83
08:35:30 4 0 83
08:36:00 4 0 83
08:36:31 4 0 83
08:37:01 4 0 86
08:37:31 4 0 83
08:38:01 4 0 83
08:38:31 4 0 83
08:39:01 4 0 84
08:39:32 4 0 83
08:40:02 4 0 83
08:40:32 4 0 83
08:41:02 4 0 83
08:41:32 4 0 84
08:42:02 4 0 84
08:42:34 4 0 262
08:43:05 4 0 264
08:43:35 4 0 263
08:44:04 4 0 83
08:44:35 4 0 83
08:45:05 4 0 83
08:45:35 4 0 83
08:46:05 4 0 83
08:46:35 4 0 84
08:47:05 4 0 85
08:47:36 4 0 84
08:48:06 4 0 254
08:48:36 4 0 83
08:49:06 4 0 83
08:49:36 4 0 83
08:50:06 4 0 92
08:50:37 4 0 84
08:51:07 4 0 83
08:51:37 4 0 83
08:52:08 4 0 254
08:52:37 4 0 83
08:53:07 4 0 83
08:53:38 4 0 83
08:54:08 4 0 83
08:54:38 4 0 83
08:55:08 4 0 83
08:55:39 4 0 84
08:56:09 4 0 83
08:56:39 4 0 83
08:57:09 4 0 83
08:57:40 4 0 84
08:58:11 4 0 83
08:58:41 4 0 83
08:59:11 4 0 83
08:59:42 4 0 83
09:00:13 3 1 262
09:00:43 4 0 261
09:01:13 4 0 259
09:01:42 4 0 83
09:02:12 4 0 83
09:02:42 4 0 83
09:03:13 3 1 139
09:03:43 4 0 83
09:04:13 4 0 83
09:04:43 4 0 83
09:05:13 4 0 83
09:05:43 4 0 85
09:06:13 4 0 83
09:06:43 4 0 83
09:07:13 4 0 83
09:07:44 4 0 83
09:08:14 4 0 109
09:08:44 4 0 84
09:09:14 4 0 83
09:09:44 4 0 83
09:10:14 4 0 86
09:10:45 4 0 265
09:11:14 4 0 83
09:11:45 4 0 83
09:12:15 4 0 83
09:12:45 4 0 88
09:13:15 4 0 84
09:13:45 4 0 88
09:14:15 4 0 84
09:14:45 4 0 84
09:15:15 4 0 84
09:15:46 4 0 83
09:16:16 4 0 119
09:16:46 4 0 83
09:17:16 4 0 83
09:17:46 4 0 83
09:18:17 4 0 83
09:18:48 4 0 84
09:19:18 4 0 83
09:19:48 4 0 84
09:20:18 4 0 83
09:20:48 4 0 83
09:21:18 4 0 86
09:21:49 4 0 84
09:22:19 4 0 262
09:22:50 4 0 262
09:23:20 4 0 264
09:23:49 4 0 85
09:24:19 4 0 83
09:24:49 4 0 85
09:25:21 2 2 84
09:25:50 4 0 83
09:26:20 4 0 83
09:26:50 4 0 83
09:27:20 4 0 85
09:27:50 4 0 83
09:28:20 4 0 84
09:28:50 4 0 83
09:29:21 4 0 269
09:29:51 4 0 83
09:30:21 4 0 83
09:30:51 4 0 84
09:31:21 4 0 85
09:31:51 4 0 84
09:32:21 4 0 83
09:32:52 4 0 83
09:33:22 4 0 83
09:33:52 4 0 106
09:34:22 4 0 83
09:34:52 4 0 83
09:35:22 4 0 85
09:35:53 4 0 84
09:36:23 4 0 83
09:36:53 4 0 83
09:37:23 4 0 84
09:37:54 3 1 87
09:38:24 4 0 85
09:38:54 4 0 85
09:39:24 4 0 85
09:39:54 4 0 83
09:40:24 4 0 84
09:40:55 4 0 273
09:41:25 4 0 83
09:41:55 4 0 83
09:42:25 4 0 83
09:42:55 4 0 83
09:43:25 4 0 83
09:43:55 4 0 83
09:44:26 4 0 83
09:44:56 4 0 83
09:45:26 4 0 83
09:45:56 4 0 84
09:46:27 4 0 250
09:46:56 4 0 83
09:47:26 4 0 83
09:47:57 4 0 84
09:48:27 4 0 83
09:48:57 4 0 83
09:49:27 4 0 83
09:49:58 4 0 230
09:50:27 4 0 83
09:50:57 4 0 88
09:51:28 4 0 86
09:51:59 4 0 269
09:52:29 4 0 159
09:52:59 4 0 253
09:53:29 4 0 83
09:53:59 4 0 83
09:54:30 3 1 83
09:54:59 4 0 83
09:55:29 4 0 86
09:55:59 4 0 85
09:56:29 4 0 83
09:56:59 4 0 83
09:57:30 4 0 83
09:58:00 4 0 83
09:58:31 3 1 83
09:59:00 4 0 98
09:59:30 4 0 119
10:00:00 4 0 83
10:00:30 4 0 83
10:01:01 4 0 84
10:01:31 4 0 83
10:02:01 4 0 83
10:02:31 4 0 83
10:03:01 4 0 83
10:03:32 4 0 265
10:04:03 3 1 265
10:04:32 4 0 264
10:05:01 4 0 84
10:05:31 4 0 83
10:06:02 4 0 83
10:06:32 4 0 83
10:07:02 4 0 83
10:07:32 4 0 83
10:08:02 4 0 85
10:08:32 4 0 83
10:09:03 3 1 123
10:09:32 4 0 83
10:10:03 4 0 83
10:10:34 3 1 83
10:11:03 4 0 84
10:11:33 4 0 129
10:12:03 4 0 129
10:12:33 4 0 127
10:13:04 4 0 123
10:13:34 4 0 115
10:14:04 4 0 115
10:14:34 4 0 94
10:15:04 4 0 83
10:15:34 4 0 111
10:16:04 4 0 108
10:16:34 4 0 121
10:17:05 4 0 122
10:17:35 4 0 127
10:18:05 4 0 135
10:18:35 4 0 121
10:19:05 4 0 134
10:19:36 3 1 124
10:20:06 4 0 125
10:20:36 4 0 115
10:21:06 4 0 120
10:21:37 3 1 143
10:22:07 4 0 128
10:22:37 4 0 113
10:23:08 3 1 123
10:23:38 4 0 127
10:24:09 4 0 122
10:24:39 4 0 116
10:25:09 4 0 85
10:25:39 4 0 83
10:26:10 4 0 117
10:26:41 4 0 84
10:27:11 4 0 91
10:27:41 4 0 85
10:28:11 4 0 83
10:28:41 4 0 84
10:29:12 4 0 85
10:29:42 4 0 84
10:30:12 4 0 83
10:30:42 4 0 83
10:31:12 4 0 84
10:31:42 4 0 84
10:32:13 4 0 84
10:32:43 4 0 86
10:33:13 4 0 83
10:33:43 4 0 86
10:34:13 4 0 84
10:34:43 4 0 85
10:35:14 3 1 83
10:35:43 4 0 86
10:36:14 4 0 84
10:36:44 4 0 85
10:37:14 4 0 83
10:37:44 4 0 83
10:38:15 4 0 84
10:38:45 4 0 85
10:39:16 4 0 84
10:39:46 4 0 84
10:40:16 4 0 95
10:40:46 4 0 86
10:41:16 4 0 86
10:41:46 4 0 84
10:42:17 4 0 83
10:42:47 4 0 83
10:43:17 4 0 84
10:43:47 4 0 84
10:44:17 4 0 85
10:44:48 3 1 87
10:45:18 4 0 85
10:45:48 4 0 83
10:46:18 4 0 84
10:46:49 3 1 85
10:47:18 4 0 83
10:47:48 4 0 84
10:48:19 4 0 86
10:48:49 4 0 84
10:49:19 4 0 83
10:49:49 4 0 83
10:50:19 4 0 83
10:50:49 4 0 84
10:51:20 4 0 83
10:51:50 4 0 84
10:52:20 4 0 84
10:52:51 3 1 85
10:53:21 4 0 84
10:53:51 4 0 84
10:54:21 4 0 83
10:54:51 4 0 84
10:55:21 4 0 85
10:55:52 4 0 84
10:56:22 4 0 86
10:56:53 4 0 126
10:57:23 4 0 84
10:57:53 4 0 83
10:58:23 4 0 84
10:58:54 4 0 84
10:59:24 4 0 83
10:59:54 4 0 86
11:00:24 4 0 88
11:00:54 4 0 100
11:01:25 4 0 84
11:01:55 4 0 84
11:02:25 4 0 84
11:02:55 4 0 92
11:03:25 4 0 86
11:03:55 4 0 93
11:04:26 4 0 85
11:04:56 4 0 98
11:05:26 4 0 100
11:05:56 4 0 102
11:06:26 4 0 99
11:06:56 4 0 86
11:07:27 4 0 83
11:07:57 4 0 87
11:08:27 4 0 86
11:08:57 4 0 100
11:09:27 4 0 90
11:09:58 4 0 98
11:10:29 3 1 94
11:10:58 4 0 96
11:11:28 4 0 86
11:11:58 4 0 83
11:12:29 3 1 85
11:12:58 4 0 88
11:13:29 4 0 85
11:13:59 4 0 84
11:14:29 4 0 88
11:15:00 4 0 87
11:15:31 3 1 144
11:16:00 4 0 92
11:16:31 4 0 87
11:17:01 4 0 116
11:17:31 4 0 83
11:18:01 4 0 86
11:18:31 4 0 98
11:19:02 4 0 115
11:19:32 4 0 85
11:20:02 4 0 125
11:20:32 4 0 94
11:21:02 4 0 89
11:21:32 4 0 86
11:22:02 4 0 84
11:22:33 4 0 84
11:23:03 4 0 86
11:23:33 4 0 87
11:24:03 4 0 85
11:24:33 4 0 83
11:25:03 4 0 85
11:25:33 4 0 85
11:26:03 4 0 98
11:26:34 4 0 87
11:27:04 4 0 90
11:27:34 4 0 84
11:28:04 4 0 98
11:28:34 4 0 101
11:29:04 4 0 84
11:29:34 4 0 84
11:30:04 4 0 84
11:30:34 4 0 85
11:31:05 4 0 93
11:31:35 4 0 84
11:32:05 4 0 85
11:32:35 4 0 91
11:33:05 4 0 92
11:33:37 2 2 86
11:34:06 4 0 96
11:34:36 4 0 100
11:35:06 4 0 109
11:35:36 4 0 94
11:36:06 4 0 93
11:36:37 4 0 104
11:37:08 4 0 111
11:37:38 4 0 118
11:38:08 4 0 120
11:38:38 4 0 114
11:39:09 4 0 123
11:39:39 4 0 110
11:40:09 4 0 125
11:40:39 4 0 124
11:41:09 4 0 111
11:41:39 4 0 110
11:42:09 4 0 112
11:42:39 4 0 83
11:43:10 4 0 121
11:43:40 4 0 110
11:44:10 4 0 93
11:44:41 4 0 92
11:45:11 4 0 109
11:45:41 4 0 87
11:46:12 4 0 128
11:46:43 4 0 121
11:47:13 4 0 108
11:47:43 4 0 90
11:48:13 4 0 85
11:48:43 4 0 83
11:49:14 4 0 127
11:49:44 4 0 93
11:50:14 4 0 84
11:50:47 1 3 106
11:51:15 4 0 118
11:51:46 4 0 83
11:52:16 4 0 83
11:52:46 4 0 84
11:53:16 4 0 83
11:53:47 4 0 83
11:54:17 4 0 85
11:54:47 4 0 84
11:55:17 4 0 83
11:55:47 4 0 83
11:56:17 4 0 83
11:56:48 4 0 84
11:57:18 4 0 83
11:57:48 4 0 126
11:58:18 4 0 83
11:58:48 4 0 84
11:59:19 3 1 117
11:59:48 4 0 101
12:00:18 4 0 86
12:00:49 4 0 86
12:01:19 4 0 83
12:01:49 4 0 98
12:02:19 4 0 95
12:02:49 4 0 102
12:03:19 4 0 116
12:03:50 4 0 121
12:04:20 4 0 125
12:04:50 4 0 83
12:05:20 4 0 104
12:05:50 4 0 86
12:06:21 4 0 84
12:06:51 4 0 84
12:07:21 4 0 83
12:07:51 4 0 83
12:08:21 4 0 83
12:08:52 4 0 92
12:09:22 4 0 83
12:09:52 4 0 83
12:10:22 4 0 90
12:10:53 4 0 83
12:11:23 4 0 89
12:11:53 4 0 90
12:12:23 4 0 86
12:12:53 4 0 87
12:13:23 4 0 91
12:13:55 3 1 98
12:14:24 4 0 85
12:14:55 3 1 83
12:15:24 4 0 84
12:15:55 4 0 128
12:16:25 4 0 83
12:16:55 4 0 90
12:17:25 4 0 97
12:17:56 4 0 100
12:18:26 4 0 84
12:18:57 4 0 88
12:19:27 3 1 83
12:19:57 4 0 100
12:20:27 4 0 101
12:20:57 4 0 106
12:21:27 4 0 102
12:21:57 4 0 84
12:22:27 4 0 83
12:22:57 4 0 83
12:23:27 4 0 91
12:23:58 4 0 86
12:24:28 4 0 95
12:24:58 4 0 95
12:25:28 4 0 89
12:25:58 4 0 86
12:26:28 4 0 87
12:26:59 4 0 85
12:27:29 4 0 100
12:27:59 4 0 84
12:28:29 4 0 83
12:28:59 4 0 126
12:29:29 4 0 84
12:29:59 4 0 85
12:30:29 4 0 85
12:31:00 4 0 85
12:31:30 4 0 101
12:32:00 4 0 99
12:32:30 4 0 83
12:33:00 4 0 83
12:33:30 4 0 85
12:34:00 4 0 83
12:34:30 4 0 83
12:35:01 4 0 100
12:35:31 4 0 121
12:36:01 4 0 123
12:36:31 4 0 94
12:37:01 4 0 84
12:37:31 4 0 109
12:38:02 4 0 116
12:38:32 4 0 90
12:39:02 4 0 107
12:39:32 4 0 102
12:40:02 4 0 117
12:40:32 4 0 106
12:41:02 4 0 115
12:41:32 4 0 114
12:42:03 4 0 124
12:42:33 4 0 117
12:43:03 4 0 118
12:43:33 4 0 91
12:44:03 4 0 124
12:44:33 4 0 86
12:45:03 4 0 85
12:45:33 4 0 117
12:46:03 4 0 107
12:46:33 4 0 119
12:47:03 4 0 114
12:47:33 4 0 111
12:48:04 4 0 124
12:48:34 4 0 123
12:49:04 4 0 102
12:49:34 4 0 117
12:50:05 4 0 121
12:50:35 4 0 119
12:51:05 4 0 85
12:51:35 4 0 87
12:52:05 4 0 115
12:52:36 4 0 124
12:53:06 4 0 96
12:53:36 4 0 114
12:54:06 4 0 109
12:54:36 4 0 118
12:55:06 4 0 108
12:55:36 4 0 90
12:56:06 4 0 112
12:56:36 4 0 109
12:57:07 4 0 102
12:57:37 4 0 111
12:58:07 4 0 119
12:58:37 4 0 100
12:59:08 3 1 103
12:59:37 4 0 139
13:00:08 4 0 131
13:00:37 4 0 84
13:01:08 4 0 83
13:01:38 4 0 103
13:02:08 4 0 142
13:02:38 4 0 99
13:03:08 4 0 112
13:03:38 4 0 83
13:04:10 2 2 121
13:04:38 4 0 114
13:05:09 4 0 110
13:05:39 4 0 121
13:06:09 4 0 107
13:06:39 4 0 104
13:07:09 4 0 104
13:07:39 4 0 124
13:08:09 4 0 88
13:08:39 4 0 86
13:09:09 4 0 97
13:09:39 4 0 126
13:10:11 3 1 126
13:10:40 4 0 121
13:11:10 4 0 83
13:11:40 4 0 121
13:12:10 4 0 122
13:12:40 4 0 111
13:13:10 4 0 115
13:13:40 4 0 118
13:14:10 4 0 114
13:14:40 4 0 114
13:15:11 4 0 107
13:15:41 4 0 97
13:16:11 4 0 90
13:16:41 4 0 111
13:17:11 4 0 108
13:17:41 4 0 108
13:18:11 4 0 86
13:18:41 4 0 125
13:19:11 4 0 118
13:19:41 4 0 113
13:20:12 4 0 126
13:20:42 4 0 118
13:21:12 4 0 120
13:21:42 4 0 124
13:22:13 4 0 119
13:22:43 4 0 115
13:23:13 4 0 127
13:23:43 4 0 95
13:24:13 4 0 87
13:24:43 4 0 114
13:25:13 4 0 127
13:25:43 4 0 102
13:26:14 4 0 118
13:26:44 4 0 120
13:27:14 4 0 119
13:27:44 4 0 84
13:28:14 4 0 124
13:28:44 4 0 126
13:29:14 4 0 106
13:29:45 4 0 107
13:30:16 4 0 112
13:30:46 4 0 121
13:31:17 3 1 122
13:31:46 4 0 112
13:32:16 4 0 97
13:32:46 4 0 103
13:33:16 4 0 125
13:33:47 4 0 112
13:34:17 4 0 117
13:34:47 4 0 119
13:35:17 4 0 101
13:35:47 4 0 129
13:36:18 3 1 127
13:36:48 4 0 116
13:37:18 4 0 119
13:37:48 4 0 110
13:38:18 4 0 121
13:38:48 4 0 118
13:39:18 4 0 118
13:39:48 4 0 118
13:40:19 4 0 113
13:40:49 4 0 120
13:41:19 4 0 126
13:41:49 4 0 122
13:42:19 4 0 148
13:42:50 4 0 136
13:43:21 3 1 124
13:43:50 4 0 121
13:44:20 4 0 127
13:44:50 4 0 122
13:45:20 4 0 117
13:45:51 4 0 124
13:46:21 4 0 114
13:46:51 4 0 123
13:47:22 4 0 127
13:47:52 4 0 113
13:48:22 4 0 108
13:48:52 4 0 100
13:49:22 4 0 106
13:49:52 4 0 93
13:50:23 4 0 83
13:50:53 4 0 119
13:51:24 4 0 109
13:51:54 4 0 98
13:52:24 4 0 110
13:52:54 4 0 99
13:53:25 4 0 122
13:53:55 4 0 111
13:54:25 4 0 114
13:54:55 4 0 125
13:55:25 4 0 108
13:55:55 4 0 123
13:56:25 4 0 113
13:56:55 4 0 120
13:57:26 4 0 110
13:57:56 4 0 102
13:58:26 4 0 127
13:58:56 4 0 84
13:59:26 4 0 96
13:59:56 4 0 96
14:00:26 4 0 95
14:00:56 4 0 121
14:01:26 4 0 116
14:01:56 4 0 106
14:02:27 4 0 116
14:02:57 4 0 110
14:03:27 4 0 114
14:03:57 4 0 124
14:04:27 4 0 134
14:04:57 4 0 125
14:05:28 4 0 111
14:05:58 3 1 94
14:06:28 4 0 92
14:06:58 4 0 111
14:07:28 4 0 122
14:07:58 4 0 90
14:08:29 4 0 148
14:08:59 4 0 126
14:09:29 4 0 100
14:09:59 4 0 120
14:10:29 4 0 119
14:10:59 4 0 119
14:11:29 4 0 110
14:12:00 4 0 105
14:12:30 4 0 113
14:13:00 4 0 117
14:13:30 4 0 126
14:14:00 4 0 107
14:14:30 4 0 105
14:15:02 2 2 112
14:15:31 4 0 121
14:16:01 4 0 105
14:16:31 4 0 104
14:17:01 4 0 110
14:17:31 4 0 128
14:18:01 4 0 105
14:18:32 4 0 112
14:19:02 4 0 108
14:19:32 4 0 87
14:20:02 4 0 103
14:20:32 4 0 128
14:21:02 4 0 120
14:21:32 4 0 114
14:22:02 4 0 119
14:22:33 4 0 126
14:23:03 4 0 123
14:23:33 4 0 120
14:24:03 4 0 106
14:24:34 4 0 124
14:25:04 4 0 112
14:25:34 4 0 121
14:26:04 4 0 116
14:26:35 4 0 124
14:27:05 4 0 146
14:27:35 4 0 105
14:28:05 4 0 116
14:28:35 4 0 120
14:29:05 4 0 114
14:29:35 4 0 112
14:30:05 4 0 112
14:30:36 4 0 137
14:31:06 4 0 94
14:31:36 4 0 106
14:32:06 4 0 129
14:32:37 4 0 109
14:33:07 4 0 124
14:33:37 4 0 111
14:34:07 4 0 125
14:34:37 4 0 113
14:35:07 4 0 115
14:35:38 4 0 121
14:36:08 4 0 147
14:36:39 4 0 116
14:37:09 4 0 124
14:37:40 4 0 126
14:38:10 4 0 102
14:38:40 4 0 118
14:39:10 4 0 124
14:39:40 4 0 120
14:40:10 4 0 110
14:40:41 4 0 116
14:41:11 4 0 116
14:41:41 4 0 122
14:42:12 4 0 124
14:42:42 4 0 122
14:43:12 4 0 106
14:43:42 4 0 91
14:44:12 4 0 120
14:44:43 4 0 111
14:45:13 4 0 116
14:45:43 4 0 93
14:46:13 4 0 105
14:46:43 4 0 108
14:47:13 4 0 85
14:47:44 4 0 106
14:48:14 4 0 127
14:48:44 4 0 109
14:49:14 4 0 111
14:49:44 4 0 96
14:50:14 4 0 109
14:50:45 4 0 115
14:51:15 4 0 95
14:51:45 4 0 107
14:52:15 4 0 91
14:52:45 4 0 108
14:53:15 4 0 83
14:53:46 4 0 83
14:54:16 4 0 83
14:54:46 4 0 84
14:55:16 4 0 108
14:55:46 4 0 114
14:56:16 4 0 105
14:56:47 4 0 112
14:57:16 4 0 83
14:57:47 4 0 90
14:58:17 4 0 117
14:58:47 4 0 99
14:59:17 4 0 114
14:59:47 4 0 85
15:00:17 4 0 111
15:00:47 4 0 113
15:01:17 4 0 99
15:01:48 4 0 101
15:02:19 3 1 91
15:02:48 4 0 94
15:03:18 4 0 95
15:03:48 4 0 84
15:04:18 4 0 104
15:04:48 4 0 112
15:05:20 2 2 99
15:05:48 4 0 100
15:06:19 4 0 110
15:06:49 4 0 101
15:07:19 4 0 101
15:07:49 4 0 125
15:08:19 4 0 114
15:08:49 4 0 97
15:09:19 4 0 113
15:09:49 4 0 111
15:10:19 4 0 115
15:10:49 4 0 97
15:11:20 4 0 121
15:11:51 4 0 119
15:12:21 4 0 122
15:12:51 4 0 120
15:13:21 4 0 109
15:13:51 4 0 124
15:14:22 4 0 112
15:14:52 4 0 93
15:15:22 4 0 121
15:15:52 4 0 110
15:16:23 3 1 121
15:16:52 4 0 110
15:17:22 4 0 123
15:17:53 4 0 125
15:18:23 4 0 107
15:18:53 4 0 113
15:19:23 4 0 127
15:19:53 4 0 99
15:20:23 4 0 119
15:20:53 4 0 117
15:21:23 4 0 129
15:21:53 4 0 109
15:22:23 4 0 119
15:22:55 3 1 108
15:23:24 4 0 123
15:23:56 2 2 124
15:24:25 3 1 126
15:24:54 4 0 103
15:25:24 4 0 120
15:25:54 4 0 112
15:26:24 4 0 120
15:26:54 4 0 84
15:27:24 4 0 96
15:27:55 4 0 128
15:28:25 4 0 112
15:28:55 4 0 113
15:29:25 4 0 116
15:29:55 4 0 118
15:30:25 4 0 104
15:30:55 4 0 102
15:31:26 4 0 95
15:31:56 4 0 91
15:32:26 4 0 105
15:32:56 4 0 110
15:33:26 4 0 116
15:33:56 4 0 117
15:34:26 4 0 85
15:34:56 4 0 114
15:35:27 4 0 108
15:35:57 4 0 91
15:36:27 4 0 105
15:36:57 4 0 95
15:37:28 3 1 119
15:37:57 4 0 88
15:38:27 4 0 93
15:38:57 4 0 114
15:39:27 4 0 97
15:39:57 4 0 88
15:40:29 3 1 107
15:40:58 4 0 83
15:41:28 4 0 92
15:41:58 4 0 86
15:42:29 3 1 120
15:42:58 4 0 102
15:43:28 4 0 103
15:43:58 4 0 99
15:44:28 4 0 104
15:44:59 4 0 125
15:45:29 4 0 122
15:45:59 4 0 84
15:46:29 4 0 121
15:46:59 4 0 120
15:47:29 4 0 106
15:48:00 4 0 91
15:48:30 4 0 93
15:49:00 4 0 106
15:49:30 4 0 84
15:50:00 4 0 117
15:50:30 4 0 122
15:51:00 4 0 90
15:51:31 4 0 108
15:52:01 4 0 108
15:52:31 4 0 119
15:53:01 4 0 102
15:53:31 4 0 108
15:54:01 4 0 119
15:54:31 4 0 83
15:55:03 2 2 88
15:55:31 4 0 118
15:56:03 3 1 110
15:56:32 4 0 104
15:57:02 4 0 124
15:57:34 2 2 112
15:58:02 4 0 113
15:58:32 4 0 126
15:59:02 4 0 122
15:59:33 4 0 170
16:00:03 4 0 129
16:00:33 4 0 125
16:01:03 4 0 112
16:01:33 4 0 127
16:02:03 4 0 111
16:02:33 4 0 119
16:03:03 4 0 123
16:03:33 4 0 115
16:04:03 4 0 125
16:04:33 4 0 123
16:05:04 4 0 104
16:05:34 4 0 104
16:06:04 4 0 120
16:06:34 4 0 118
16:07:04 4 0 158
16:07:34 4 0 113
16:08:04 4 0 116
16:08:36 2 2 100
16:09:05 3 1 84
16:09:34 4 0 100
16:10:05 4 0 124
16:10:35 4 0 144
16:11:06 3 1 116
16:11:36 4 0 122
16:12:07 3 1 165
16:12:36 4 0 121
16:13:07 4 0 165
16:13:37 4 0 121
16:14:07 3 1 119
16:14:37 4 0 121
16:15:08 3 1 119
16:15:38 3 1 121
16:16:09 2 2 122
16:16:37 4 0 114
16:17:07 4 0 125
16:17:37 4 0 115
16:18:07 4 0 83
16:18:38 4 0 146
16:19:08 4 0 153
16:19:38 4 0 116
16:20:08 4 0 128
16:20:38 4 0 133
16:21:08 4 0 110
16:21:38 4 0 92
16:22:08 4 0 103
16:22:38 4 0 95
16:23:09 4 0 103
16:23:39 4 0 87
16:24:09 4 0 114
16:24:40 3 1 92
16:25:09 4 0 119
16:25:39 4 0 102
16:26:09 4 0 119
16:26:39 4 0 112
16:27:10 4 0 122
16:27:40 4 0 111
16:28:10 4 0 118
16:28:40 4 0 121
16:29:10 4 0 97
16:29:40 4 0 123
16:30:10 4 0 99
16:30:40 4 0 124
16:31:11 4 0 109
16:31:41 4 0 114
16:32:11 4 0 124
16:32:41 4 0 113
16:33:12 4 0 125
16:33:42 4 0 122
16:34:12 4 0 125
16:34:42 4 0 115
16:35:12 4 0 101
16:35:42 4 0 144
16:36:12 4 0 85
16:36:42 4 0 101
16:37:13 4 0 125
16:37:43 4 0 118
16:38:13 4 0 90
16:38:44 3 1 114
16:39:13 4 0 84
16:39:43 4 0 84
16:40:13 4 0 87
16:40:43 4 0 85
16:41:14 4 0 84
16:41:44 3 1 90
16:42:14 4 0 88
16:42:44 4 0 97
16:43:14 4 0 116
16:43:44 4 0 122
16:44:14 4 0 128
16:44:44 4 0 109
16:45:14 4 0 114
16:45:44 4 0 105
16:46:14 4 0 84
16:46:45 4 0 104
16:47:15 4 0 103
16:47:45 4 0 101
16:48:15 4 0 88
16:48:45 4 0 127
16:49:15 4 0 119
16:49:45 4 0 108
16:50:15 4 0 83
16:50:45 4 0 109
16:51:15 4 0 94
16:51:46 4 0 109
16:52:16 4 0 83
16:52:46 4 0 114
16:53:18 2 2 114
16:53:48 2 2 113
16:54:16 4 0 83
16:54:46 4 0 84
16:55:17 4 0 83
16:55:47 4 0 83
16:56:17 4 0 85
16:56:47 4 0 83
16:57:17 4 0 84
16:57:47 4 0 103
16:58:18 4 0 94
16:58:48 4 0 117
16:59:18 4 0 83
16:59:49 3 1 102
17:00:18 4 0 90
17:00:48 4 0 83
17:01:18 4 0 89
17:01:48 4 0 85
17:02:18 4 0 84
17:02:49 4 0 86
17:03:19 4 0 83
17:03:49 4 0 118
17:04:19 4 0 84
17:04:50 4 0 125
17:05:20 4 0 95
17:05:50 4 0 88
17:06:20 4 0 88
17:06:50 4 0 103
17:07:20 4 0 94
17:07:50 4 0 92
17:08:20 4 0 85
17:08:50 4 0 84
17:09:21 4 0 84
17:09:51 4 0 83
17:10:21 4 0 103
17:10:51 4 0 83
17:11:23 2 2 91
17:11:51 4 0 106
17:12:21 4 0 89
17:12:51 4 0 84
17:13:22 4 0 92
17:13:53 3 1 104
17:14:22 4 0 122
17:14:52 4 0 122
17:15:22 4 0 118
17:15:52 4 0 113
17:16:22 4 0 107
17:16:52 4 0 103
17:17:22 4 0 95
17:17:52 4 0 90
17:18:23 4 0 85
17:18:54 2 2 128
17:19:23 4 0 88
17:19:53 4 0 128
17:20:23 4 0 88
17:20:53 4 0 124
17:21:24 4 0 129
17:21:53 4 0 83
17:22:24 4 0 119
17:22:54 4 0 105
17:23:25 4 0 99
17:23:55 4 0 123
17:24:25 4 0 108
17:24:55 4 0 99
17:25:26 4 0 94
17:25:56 4 0 115
17:26:26 4 0 85
17:26:56 4 0 114
17:27:26 4 0 120
17:27:56 4 0 127
17:28:27 4 0 122
17:28:57 3 1 103
17:29:27 4 0 125
17:29:58 3 1 143
17:30:27 4 0 122
17:30:57 4 0 110
17:31:27 4 0 122
17:31:57 4 0 112
17:32:28 4 0 121
17:32:58 4 0 125
17:33:28 4 0 123
17:33:58 4 0 107
17:34:28 4 0 125
17:34:58 4 0 112
17:35:29 4 0 118
17:35:59 4 0 115
17:36:29 4 0 104
17:36:59 4 0 113
17:37:29 4 0 116
17:37:59 4 0 113
17:38:30 4 0 106
17:39:00 4 0 118
17:39:30 4 0 108
17:40:00 4 0 94
17:40:30 4 0 95
17:41:00 4 0 87
17:41:30 4 0 84
17:42:01 4 0 120
17:42:31 4 0 83
17:43:01 4 0 83
17:43:32 4 0 100
17:44:02 4 0 114
17:44:32 4 0 105
17:45:02 4 0 124
17:45:32 4 0 103
17:46:02 4 0 86
17:46:33 4 0 85
17:47:03 4 0 95
17:47:33 4 0 85
17:48:03 4 0 89
17:48:33 4 0 86
17:49:03 4 0 85
17:49:33 4 0 84
17:50:03 4 0 99
17:50:34 4 0 96
17:51:04 4 0 85
17:51:35 3 1 100
17:52:04 4 0 88
17:52:34 4 0 84
17:53:04 4 0 102
17:53:35 3 1 118
17:54:05 4 0 121
17:54:35 4 0 123
17:55:05 4 0 109
17:55:36 3 1 112
17:56:05 4 0 116
17:56:35 4 0 114
17:57:05 4 0 114
17:57:35 4 0 105
17:58:06 4 0 106
17:58:36 4 0 111
17:59:06 4 0 111
17:59:37 3 1 128
18:00:07 3 1 130
18:00:36 4 0 111
18:01:07 3 1 119
18:01:37 4 0 110
18:02:07 4 0 106
18:02:37 4 0 87
18:03:08 4 0 89
18:03:38 4 0 126
18:04:08 4 0 116
18:04:38 4 0 108
18:05:08 4 0 111
18:05:38 4 0 117
18:06:08 4 0 126
18:06:39 4 0 108
18:07:10 3 1 107
18:07:39 4 0 121
18:08:09 4 0 108
18:08:40 3 1 115
18:09:09 4 0 120
18:09:40 4 0 124
18:10:09 4 0 89
18:10:40 4 0 93
18:11:10 4 0 115
18:11:40 4 0 125
18:12:10 4 0 119
18:12:40 4 0 112
18:13:10 4 0 121
18:13:41 4 0 116
18:14:11 4 0 109
18:14:41 4 0 122
18:15:11 4 0 95
18:15:41 4 0 122
18:16:11 4 0 85
18:16:41 4 0 106
18:17:11 4 0 98
18:17:42 4 0 113
18:18:12 4 0 112
18:18:42 4 0 122
18:19:12 4 0 122
18:19:42 4 0 127
18:20:12 4 0 119
18:20:42 4 0 123
18:21:12 4 0 117
18:21:43 4 0 125
18:22:13 4 0 125
18:22:44 4 0 128
18:23:15 3 1 122
18:23:44 4 0 101
18:24:14 4 0 120
18:24:45 4 0 127
18:25:15 4 0 126
18:25:45 4 0 114
18:26:16 3 1 113
18:26:45 4 0 87
18:27:15 4 0 86
18:27:45 4 0 105
18:28:16 3 1 112
18:28:47 3 1 113
18:29:16 4 0 87
18:29:46 4 0 99
18:30:16 4 0 112
18:30:48 3 1 113
18:31:18 3 1 125
18:31:47 4 0 84
18:32:17 4 0 97
18:32:47 4 0 123
18:33:17 4 0 101
18:33:48 4 0 83
18:34:18 4 0 111
18:34:48 4 0 113
18:35:18 4 0 96
18:35:49 4 0 113
18:36:19 4 0 104
18:36:49 4 0 90
18:37:20 3 1 118
18:37:49 4 0 123
18:38:19 4 0 118
18:38:50 4 0 109
18:39:20 4 0 125
18:39:50 4 0 111
18:40:20 4 0 109
18:40:50 4 0 123
18:41:20 4 0 121
18:41:50 4 0 125
18:42:20 4 0 114
18:42:50 4 0 124
18:43:20 4 0 115
18:43:51 4 0 99
18:44:21 4 0 110
18:44:51 4 0 126
18:45:21 4 0 121
18:45:51 4 0 100
18:46:21 4 0 104
18:46:51 4 0 123
18:47:21 4 0 126
18:47:52 4 0 125
18:48:22 4 0 106
18:48:52 4 0 117
18:49:22 4 0 125
18:49:52 4 0 116
18:50:22 4 0 120
18:50:52 4 0 109
18:51:22 4 0 117
18:51:53 4 0 115
18:52:23 4 0 124
18:52:53 4 0 119
18:53:23 4 0 120
18:53:54 4 0 115
18:54:24 4 0 106
18:54:54 4 0 109
18:55:24 4 0 124
18:55:54 4 0 119
18:56:24 4 0 99
18:56:55 4 0 105
18:57:25 4 0 116
18:57:55 4 0 113
18:58:25 4 0 120
18:58:55 4 0 121
18:59:25 4 0 126
18:59:55 4 0 125
19:00:25 4 0 125
19:00:55 4 0 87
19:01:25 4 0 113
19:01:56 4 0 119
19:02:26 4 0 123
19:02:56 4 0 110
19:03:26 4 0 124
19:03:56 4 0 123
19:04:26 4 0 116
19:04:56 4 0 109
19:05:26 4 0 119
19:05:57 4 0 97
19:06:27 4 0 117
19:06:57 4 0 110
19:07:27 4 0 126
19:07:57 4 0 127
19:08:27 4 0 122
19:08:57 4 0 127
19:09:27 4 0 110
19:09:58 4 0 127
19:10:28 4 0 121
19:10:58 4 0 124
19:11:28 4 0 119
19:11:58 4 0 122
19:12:28 4 0 121
19:12:58 4 0 125
19:13:28 4 0 124
19:14:00 3 1 126
19:14:29 4 0 129
19:14:59 4 0 109
19:15:29 4 0 118
19:15:59 4 0 122
19:16:29 4 0 126
19:16:59 4 0 124
19:17:29 4 0 124
19:17:59 4 0 125
19:18:29 4 0 120
19:19:00 4 0 111
19:19:30 4 0 105
19:20:00 4 0 112
19:20:31 3 1 123
19:21:00 4 0 124
19:21:30 4 0 122
19:22:00 4 0 124
19:22:31 3 1 147
19:23:00 4 0 96
19:23:31 4 0 117
19:24:01 4 0 122
19:24:31 4 0 122
19:25:01 4 0 124
19:25:31 4 0 124
19:26:01 4 0 114
19:26:31 4 0 93
19:27:01 4 0 121
19:27:31 4 0 117
19:28:01 4 0 114
19:28:32 4 0 127
19:29:02 4 0 125
19:29:32 4 0 103
19:30:02 4 0 120
19:30:32 4 0 129
19:31:02 4 0 122
19:31:32 4 0 127
19:32:02 4 0 127
19:32:32 4 0 123
19:33:03 4 0 123
19:33:33 4 0 125
19:34:03 4 0 114
19:34:33 4 0 127
19:35:03 4 0 118
19:35:33 4 0 100
19:36:05 3 1 124
19:36:34 4 0 98
19:37:04 4 0 102
19:37:34 4 0 120
19:38:04 4 0 124
19:38:34 4 0 94
19:39:04 4 0 113
19:39:34 4 0 121
19:40:05 4 0 117
19:40:35 4 0 128
19:41:05 4 0 112
19:41:35 4 0 115
19:42:06 3 1 122
19:42:35 4 0 124
19:43:05 4 0 83
19:43:35 4 0 84
19:44:05 4 0 119
19:44:35 4 0 113
19:45:05 4 0 86
19:45:36 4 0 115
19:46:06 4 0 138
19:46:36 4 0 118
19:47:06 4 0 125
19:47:36 4 0 125
19:48:06 4 0 128
19:48:36 4 0 109
19:49:07 4 0 126
19:49:37 4 0 124
19:50:07 4 0 127
19:50:37 4 0 124
19:51:07 4 0 125
19:51:37 4 0 128
19:52:07 4 0 121
19:52:37 4 0 119
19:53:07 4 0 123
19:53:37 4 0 124
19:54:07 4 0 128
19:54:37 4 0 124
19:55:08 4 0 119
19:55:38 4 0 130
19:56:09 3 1 126
19:56:38 4 0 115
19:57:09 3 1 125
19:57:38 4 0 121
19:58:08 4 0 121
19:58:39 4 0 124
19:59:09 4 0 128
19:59:39 4 0 124
20:00:09 4 0 119
20:00:39 4 0 122
20:01:09 4 0 127
20:01:39 4 0 124
20:02:09 4 0 118
20:02:39 4 0 127
20:03:09 4 0 119
20:03:40 4 0 273
20:04:10 4 0 126
20:04:40 4 0 127
20:05:10 4 0 126
20:05:40 4 0 127
20:06:10 4 0 136
20:06:40 4 0 125
20:07:10 4 0 126
20:07:40 4 0 118
20:08:10 4 0 125
20:08:40 4 0 121
20:09:11 4 0 127
20:09:41 4 0 125
20:10:11 4 0 132
20:10:41 4 0 126
20:11:11 4 0 122
20:11:41 4 0 121
20:12:11 4 0 123
20:12:41 4 0 129
20:13:12 4 0 126
20:13:42 4 0 128
20:14:12 4 0 125
20:14:42 4 0 125
20:15:12 4 0 130
20:15:42 4 0 130
20:16:12 4 0 128
20:16:42 4 0 118
20:17:12 4 0 116
20:17:42 4 0 118
20:18:13 4 0 121
20:18:44 3 1 131
20:19:13 4 0 128
20:19:43 4 0 126
20:20:13 4 0 125
20:20:43 4 0 127
20:21:13 4 0 127
20:21:43 4 0 126
20:22:14 4 0 127
20:22:44 4 0 125
20:23:14 4 0 128
20:23:44 4 0 128
20:24:14 4 0 130
20:24:44 4 0 130
20:25:15 3 1 121
20:25:44 4 0 123
20:26:15 4 0 128
20:26:44 4 0 83
20:27:15 4 0 126
20:27:45 4 0 123
20:28:15 4 0 118
20:28:45 4 0 124
20:29:15 4 0 127
20:29:45 4 0 122
20:30:15 4 0 117
20:30:45 4 0 128
20:31:16 4 0 125
20:31:46 4 0 131
20:32:16 4 0 124
20:32:46 4 0 125
20:33:16 4 0 128
20:33:46 4 0 128
20:34:16 4 0 116
20:34:46 4 0 123
20:35:16 4 0 127
20:35:46 4 0 115
20:36:17 4 0 126
20:36:47 4 0 127
20:37:17 4 0 128
20:37:47 4 0 131
20:38:17 4 0 127
20:38:47 4 0 126
20:39:17 4 0 127
20:39:47 4 0 125
20:40:19 3 1 127
20:40:48 4 0 127
20:41:19 3 1 114
20:41:48 4 0 123
20:42:18 4 0 123
20:42:48 4 0 125
20:43:18 4 0 122
20:43:48 4 0 127
20:44:18 4 0 118
20:44:48 4 0 125
20:45:18 4 0 129
20:45:48 4 0 125
20:46:19 4 0 129
20:46:49 4 0 145
20:47:20 4 0 133
20:47:50 4 0 125
20:48:20 4 0 117
20:48:50 4 0 126
20:49:20 4 0 125
20:49:51 4 0 142
20:50:21 4 0 127
20:50:52 3 1 116
20:51:21 4 0 120
20:51:51 4 0 116
20:52:21 4 0 126
20:52:51 4 0 121
20:53:21 4 0 110
20:53:51 4 0 111
20:54:21 4 0 127
20:54:51 4 0 125
20:55:22 4 0 125
20:55:52 4 0 121
20:56:22 4 0 119
20:56:52 4 0 120
20:57:22 4 0 124
20:57:52 4 0 122
20:58:22 4 0 119
20:58:52 4 0 122
20:59:22 4 0 124
20:59:52 4 0 126
21:00:23 4 0 131
21:00:53 4 0 120
21:01:23 4 0 124
21:01:53 4 0 128
21:02:23 4 0 119
21:02:53 4 0 125
21:03:23 4 0 121
21:03:53 4 0 122
21:04:24 4 0 115
21:04:54 4 0 114
21:05:24 4 0 126
21:05:54 4 0 125
21:06:24 4 0 127
21:06:55 4 0 120
21:07:25 4 0 122
21:07:55 4 0 128
21:08:25 4 0 125
21:08:55 4 0 122
21:09:25 4 0 119
21:09:55 4 0 126
21:10:26 4 0 126
21:10:56 4 0 128
21:11:26 4 0 126
21:11:56 4 0 123
21:12:26 4 0 118
21:12:56 4 0 133
21:13:26 4 0 125
21:13:56 4 0 129
21:14:27 4 0 127
21:14:57 4 0 127
21:15:27 4 0 122
21:15:57 4 0 127
21:16:27 4 0 127
21:16:57 4 0 125
21:17:27 4 0 123
21:17:57 4 0 128
21:18:28 4 0 127
21:18:59 3 1 119
21:19:28 4 0 130
21:19:58 4 0 127
21:20:28 4 0 126
21:20:58 4 0 126
21:21:28 4 0 127
21:21:58 4 0 128
21:22:29 4 0 125
21:22:59 4 0 121
21:23:29 4 0 121
21:23:59 4 0 123
21:24:30 3 1 122
21:24:59 4 0 128
21:25:29 4 0 143
21:25:59 4 0 127
21:26:30 4 0 126
21:27:00 4 0 131
21:27:31 4 0 162
21:28:01 4 0 129
21:28:31 4 0 127
21:29:01 4 0 129
21:29:31 4 0 127
21:30:01 4 0 130
21:30:31 4 0 128
21:31:01 4 0 127
21:31:33 3 1 126
21:32:02 4 0 126
21:32:32 4 0 127
21:33:02 4 0 130
21:33:32 4 0 100
21:34:02 4 0 126
21:34:32 4 0 123
21:35:02 4 0 128
21:35:32 4 0 127
21:36:04 3 1 126
21:36:34 2 2 129
21:37:03 4 0 127
21:37:33 4 0 131
21:38:03 4 0 125
21:38:33 4 0 126
21:39:03 4 0 127
21:39:33 4 0 128
21:40:03 4 0 117
21:40:34 4 0 119
21:41:05 3 1 127
21:41:34 4 0 126
21:42:04 4 0 128
21:42:34 4 0 127
21:43:04 4 0 125
21:43:34 4 0 120
21:44:04 4 0 127
21:44:34 4 0 129
21:45:04 4 0 125
21:45:35 4 0 128
21:46:05 4 0 129
21:46:35 4 0 126
21:47:05 4 0 130
21:47:35 4 0 121
21:48:05 4 0 125
21:48:36 4 0 126
21:49:06 4 0 127
21:49:36 4 0 129
21:50:06 4 0 127
21:50:36 4 0 124
21:51:06 4 0 128
21:51:36 4 0 103
21:52:06 4 0 126
21:52:36 4 0 118
21:53:06 4 0 128
21:53:37 4 0 126
21:54:07 4 0 127
21:54:37 4 0 123
21:55:07 4 0 127
21:55:37 4 0 122
21:56:07 4 0 125
21:56:37 4 0 125
21:57:07 4 0 154
21:57:38 4 0 129
21:58:08 4 0 146
21:58:38 4 0 127
21:59:08 4 0 130
21:59:38 4 0 128
22:00:08 4 0 126
22:00:38 4 0 127
22:01:09 3 1 114
22:01:39 4 0 127
22:02:09 4 0 126
22:02:39 4 0 120
22:03:09 4 0 121
22:03:39 4 0 124
22:04:09 4 0 121
22:04:39 4 0 119
22:05:09 4 0 119
22:05:40 4 0 127
22:06:10 4 0 124
22:06:41 4 0 123
22:07:11 4 0 119
22:07:41 4 0 125
22:08:11 4 0 126
22:08:41 4 0 124
22:09:11 4 0 111
22:09:42 4 0 124
22:10:12 4 0 116
22:10:42 4 0 112
22:11:12 4 0 122
22:11:42 4 0 120
22:12:12 4 0 118
22:12:42 4 0 96
22:13:12 4 0 121
22:13:43 4 0 118
22:14:13 4 0 127
22:14:43 4 0 117
22:15:13 4 0 143
22:15:43 4 0 119
22:16:13 4 0 120
22:16:43 4 0 119
22:17:13 4 0 124
22:17:45 3 1 126
22:18:14 4 0 109
22:18:44 4 0 129
22:19:14 4 0 126
22:19:44 4 0 125
22:20:14 4 0 121
22:20:44 4 0 123
22:21:14 4 0 127
22:21:44 4 0 118
22:22:15 4 0 127
22:22:45 4 0 121
22:23:15 4 0 122
22:23:45 4 0 128
22:24:15 4 0 127
22:24:46 3 1 127
22:25:15 4 0 129
22:25:46 4 0 130
22:26:16 4 0 119
22:26:46 4 0 128
22:27:16 4 0 127
22:27:46 4 0 126
22:28:16 4 0 115
22:28:46 4 0 121
22:29:16 4 0 127
22:29:47 4 0 128
22:30:17 4 0 125
22:30:48 3 1 128
22:31:17 4 0 128
22:31:47 4 0 127
22:32:17 4 0 113
22:32:47 4 0 126
22:33:17 4 0 121
22:33:48 4 0 115
22:34:18 4 0 115
22:34:48 4 0 99
22:35:18 4 0 118
22:35:48 4 0 108
22:36:18 4 0 124
22:36:49 3 1 129
22:37:18 4 0 126
22:37:49 4 0 121
22:38:19 4 0 125
22:38:49 4 0 127
22:39:19 4 0 120
22:39:49 4 0 127
22:40:19 4 0 113
22:40:50 4 0 128
22:41:20 4 0 103
22:41:50 4 0 91
22:42:20 4 0 93
22:42:50 4 0 97
22:43:20 4 0 130
22:43:50 4 0 120
22:44:20 4 0 119
22:44:51 4 0 122
22:45:21 4 0 124
22:45:51 4 0 129
22:46:21 4 0 125
22:46:51 4 0 125
22:47:21 4 0 117
22:47:51 4 0 124
22:48:21 4 0 124
22:48:52 4 0 134
22:49:22 4 0 125
22:49:52 4 0 125
22:50:22 4 0 122
22:50:52 4 0 124
22:51:22 4 0 129
22:51:52 4 0 121
22:52:22 4 0 126
22:52:53 4 0 166
22:53:23 3 1 127
22:53:53 4 0 128
22:54:23 4 0 128
22:54:54 3 1 109
22:55:23 4 0 111
22:55:53 4 0 122
22:56:23 4 0 119
22:56:54 4 0 124
22:57:24 4 0 128
22:57:54 4 0 122
22:58:24 4 0 121
22:58:54 4 0 127
22:59:24 4 0 123
22:59:54 4 0 127
23:00:24 4 0 121
23:00:55 4 0 129
23:01:25 4 0 127
23:01:55 4 0 125
23:02:25 4 0 126
23:02:55 4 0 125
23:03:25 4 0 128
23:03:55 4 0 127
23:04:26 4 0 126
23:04:56 4 0 127
23:05:27 3 1 129
23:05:56 4 0 123
23:06:26 4 0 125
23:06:56 4 0 137
23:07:26 4 0 123
23:07:57 4 0 128
23:08:27 4 0 126
23:08:57 4 0 125
23:09:27 4 0 128
23:09:57 4 0 115
23:10:27 4 0 125
23:10:57 4 0 127
23:11:27 4 0 126
23:11:57 4 0 124
23:12:28 4 0 128
23:12:58 4 0 126
23:13:28 4 0 125
23:13:58 4 0 123
23:14:28 4 0 126
23:14:58 4 0 127
23:15:28 4 0 121
23:15:58 4 0 127
23:16:28 4 0 126
23:16:59 4 0 126
23:17:29 4 0 124
23:17:59 4 0 124
23:18:29 4 0 115
23:18:59 4 0 125
23:19:30 3 1 116
23:20:00 4 0 126
23:20:30 4 0 116
23:21:00 4 0 120
23:21:30 4 0 126
23:22:01 3 1 127
23:22:30 4 0 127
23:23:00 4 0 128
23:23:31 3 1 121
23:24:01 4 0 124
23:24:31 4 0 120
23:25:01 4 0 118
23:25:31 4 0 120
23:26:01 4 0 129
23:26:31 4 0 129
23:27:01 4 0 128
23:27:32 3 1 121
23:28:02 4 0 119
23:28:32 4 0 119
23:29:02 4 0 120
23:29:32 4 0 125
23:30:02 4 0 120
23:30:33 3 1 118
23:31:02 4 0 125
23:31:32 4 0 128
23:32:03 4 0 120
23:32:33 4 0 126
23:33:03 4 0 121
23:33:33 4 0 116
23:34:03 4 0 93
23:34:33 4 0 118
23:35:04 3 1 122
23:35:34 4 0 117
23:36:04 4 0 102
23:36:34 4 0 124
23:37:04 4 0 125
23:37:34 4 0 128
23:38:04 4 0 106
23:38:34 4 0 127
23:39:05 4 0 110
23:39:35 4 0 107
23:40:05 4 0 106
23:40:35 4 0 117
23:41:05 4 0 96
23:41:35 4 0 110
23:42:06 4 0 125
23:42:36 4 0 119
23:43:06 4 0 123
23:43:36 4 0 136
23:44:06 4 0 124
23:44:36 4 0 126
23:45:07 4 0 125
23:45:37 4 0 129
23:46:07 4 0 127
23:46:37 4 0 115
23:47:08 4 0 111
23:47:38 4 0 128
23:48:09 3 1 121
23:48:40 3 1 117
23:49:09 4 0 84
23:49:39 4 0 89
23:50:09 4 0 91
23:50:40 4 0 101
23:51:10 4 0 108
23:51:40 4 0 126
23:52:11 4 0 113
23:52:41 4 0 102
23:53:12 4 0 98
23:53:43 4 0 115
23:54:13 4 0 114
23:54:44 4 0 128
23:55:14 4 0 116
23:55:45 4 0 123
23:56:15 4 0 112
23:56:46 4 0 91
23:57:17 4 0 126
23:57:47 4 0 122
23:58:17 4 0 111
23:58:47 4 0 126
23:59:21 4 0 156
23:59:49 4 0 122
