00:03:07 9 28211
00:03:27 9 4697801
00:04:28 10 51616
00:05:32 8 31887
00:06:32 10 35855
00:07:32 53 8106014
02:00:09 9 199810
02:01:10 9 112478
02:02:10 9 112478
02:03:11 8 109972
02:04:11 8 109972
02:05:12 8 108820
02:06:12 8 108820
02:07:13 9 110061
02:08:13 10 111245
02:09:13 10 104970
02:10:14 10 104970
02:11:14 11 106154
02:12:14 12 108911
02:13:15 12 108911
02:14:15 12 108911
02:15:16 12 108911
02:16:16 11 107727
02:17:16 12 114182
02:18:17 12 114182
02:19:18 12 114182
02:20:18 12 114182
02:21:19 11 106704
02:22:19 11 107756
02:23:19 11 107756
02:24:20 11 107756
02:25:20 12 110531
02:26:21 12 110531
02:27:21 12 110531
02:28:21 13 174029
02:29:22 13 174029
02:30:22 15 179511
02:31:23 13 215389
02:32:23 12 171236
02:33:24 13 113000
02:34:24 12 110506
02:35:24 12 110780
02:36:25 12 110780
02:37:25 12 110781
02:38:25 12 110781
02:39:26 12 110781
02:40:26 13 113537
02:41:27 11 109927
02:42:27 14 156165
02:43:27 13 154378
02:44:28 14 165282
02:45:28 12 112208
02:46:29 13 114496
02:47:29 15 159421
02:48:29 13 114781
02:49:30 12 112493
02:50:30 12 112493
02:51:31 13 136539
02:52:31 13 136539
02:53:31 13 136539
02:54:32 14 165358
02:55:32 13 136539
02:56:33 13 136539
02:57:33 12 46701
02:58:33 11 44154
02:59:34 11 44154
03:00:34 11 44154
03:01:35 11 44154
03:02:35 11 21290
03:03:35 11 21290
03:04:36 11 21290
03:05:36 12 127259
03:06:37 12 127259
03:07:37 12 127259
03:08:38 9 18914
03:09:38 8 17730
03:10:38 7 16489
03:11:39 6 15248
03:12:39 6 15248
03:13:39 7 17996
03:14:40 6 15248
03:15:40 6 15248
03:16:40 6 15248
03:17:41 5 12491
03:18:41 5 12491
03:19:42 5 12491
03:20:42 5 12491
03:21:42 5 12491
03:22:43 5 12491
03:23:43 5 12491
03:24:43 5 12491
03:25:44 7 19978
03:26:44 4 8724
03:27:44 5 10951
03:28:44 4 8714
03:29:45 5 196275
03:30:45 4 101112
03:31:45 4 101112
03:32:46 4 101112
03:33:46 5 103890
03:34:46 4 101112
03:35:47 4 101112
03:36:47 4 101112
03:37:48 3 98344
03:38:48 4 99123
03:39:48 3 98736
03:40:49 5 241045
03:41:49 4 101305
03:42:49 3 98736
03:43:50 2 95942
03:44:50 3 98664
03:45:51 4 101512
03:46:51 3 137564
03:47:51 2 95942
03:48:51 2 95942
03:49:52 3 98719
03:50:52 3 96642
03:51:52 3 96642
03:52:53 3 96642
03:53:53 3 96642
03:54:53 4 97858
03:55:54 4 97858
03:56:54 4 97858
03:57:54 5 98490
03:58:55 5 141970
03:59:55 4 97858
04:00:57 4 97858
04:01:56 4 97858
04:02:56 4 97858
04:03:56 4 97858
04:04:57 4 97858
04:05:57 4 97858
04:06:57 4 97858
04:07:58 4 97858
04:08:58 4 97858
04:09:59 4 97858
04:10:59 4 97858
04:11:59 4 97858
04:13:00 4 97858
04:14:00 4 97858
04:15:00 5 100572
04:16:01 5 100623
04:17:01 4 97858
04:18:01 4 97858
04:19:01 4 97858
04:20:02 5 100593
04:21:02 5 123833
04:22:02 5 100614
04:23:03 6 228738
04:24:03 4 97858
04:25:04 4 97858
04:26:04 5 3142688
04:27:04 4 97858
04:28:05 5 100651
04:29:05 4 97858
04:30:05 4 97858
04:31:06 4 97858
04:32:06 5 101660
04:33:06 3 2695
04:34:07 4 5481
04:35:07 3 2695
04:36:07 3 2695
04:37:08 3 2695
04:38:08 3 2695
04:39:08 3 2695
04:40:09 2 1916
04:41:09 2 1916
04:42:10 3 4688
04:43:10 2 1916
04:44:10 3 4706
04:45:11 3 12843
04:46:11 3 12843
04:47:11 3 12843
04:48:12 3 12843
04:49:12 4 13576
04:50:12 4 15627
04:51:13 3 14927
04:52:13 4 38939
04:53:13 4 38939
04:54:14 4 38939
04:55:14 5 41712
04:56:14 3 23042
04:57:15 1 10927
04:58:15 2 13736
04:59:16 1 10927
05:00:16 1 10927
05:01:16 1 10927
05:02:16 1 10927
05:03:17 1 10927
05:04:17 1 10927
05:05:18 2 136846
05:06:18 1 10927
05:07:18 1 10927
05:08:19 1 10927
05:09:19 4 14865
05:10:19 4 12796
05:11:20 4 12796
05:12:20 4 12796
05:13:20 4 12796
05:14:21 6 16009
05:15:21 6 51463
05:16:21 6 51463
05:17:22 6 88915
05:18:22 6 13881
05:19:23 6 13881
05:20:23 6 13881
05:21:23 6 13881
05:22:24 6 13881
05:23:24 6 13881
05:24:24 8 1488972
05:25:25 7 139817
05:26:26 6 13881
05:27:25 6 13881
05:28:26 6 13881
05:29:26 6 13881
05:30:26 6 13881
05:31:27 6 13881
05:32:27 6 13881
05:33:27 6 13881
05:34:28 6 13881
05:35:28 11 14476
05:36:29 8 14119
05:37:29 8 14119
05:38:29 6 13881
05:39:29 6 13881
05:40:30 6 13881
05:41:30 6 13881
05:42:30 6 13881
05:43:31 6 13881
05:44:31 7 111026
05:45:31 6 13881
05:46:32 6 13881
05:47:32 7 17692
05:48:32 8 125622
05:49:33 7 114695
05:50:33 6 6765
05:51:33 6 6765
05:52:34 7 30765
05:53:34 6 6765
05:54:34 6 6765
05:55:35 6 6765
05:56:35 7 17650
05:57:36 6 6765
05:58:36 6 6765
05:59:36 6 6765
06:00:38 6 6765
06:01:38 7 9498
06:02:38 6 6765
06:03:38 6 6765
06:04:38 6 6765
06:05:39 7 9511
06:06:39 6 6765
06:07:40 6 6765
06:08:40 6 6765
06:09:40 11 20980
06:10:41 6 10964
06:11:41 4 7739
06:12:41 4 7739
06:13:42 4 7739
06:14:42 6 15344414
06:15:42 6 15344414
06:16:43 4 15315029
06:17:43 4 15315029
06:18:44 2 4449
06:19:44 3 5160
06:20:44 3 5160
06:21:45 3 5160
06:22:45 3 5160
06:23:45 2 4522
06:24:46 2 4522
06:25:46 2 4522
06:26:46 2 4522
06:27:47 3 40689
06:28:47 3 5049
06:29:47 2 4522
06:30:48 2 4522
06:31:48 2 4522
06:32:48 2 4522
06:33:49 2 4522
06:34:49 2 4522
06:35:49 7 5122
06:36:50 2 4522
06:37:50 2 4522
06:38:50 3 77675
06:39:51 3 77675
06:40:51 3 77675
06:41:51 3 77675
06:42:52 4 114304
06:43:52 3 77675
06:44:52 3 77675
06:45:53 3 77675
06:46:53 3 77675
06:47:53 3 77675
06:48:54 3 77675
06:49:54 3 77675
06:50:54 2 4522
06:51:55 2 3501
06:52:55 1 711
06:53:55 1 711
06:54:56 1 711
06:55:56 3 4983
06:56:56 2 2252
06:57:57 2 24737
06:58:57 1 711
06:59:57 1 711
07:00:58 2 1279
07:01:58 1 711
07:02:58 1 711
07:03:59 1 711
07:04:59 1 711
07:05:59 1 711
07:07:00 1 711
07:08:00 1 711
07:09:00 1 711
07:10:01 1 711
07:11:01 4 382890
07:12:01 3 255497
07:13:02 3 255497
07:14:02 3 255497
07:15:02 4 258244
07:16:03 4 258254
07:17:03 3 255497
07:18:03 4 4903218
07:19:04 4 4903218
07:20:04 3 4902507
07:21:04 3 4902507
07:22:05 2 254786
07:23:05 2 254786
07:24:05 1 127393
07:25:06 1 127393
07:26:07 1 127393
07:27:07 1 127393
07:28:07 1 127393
07:29:07 2 130174
07:30:08 2 130151
07:31:08 1 127393
07:32:08 1 127393
07:33:09 1 127393
07:34:09 2 130161
07:35:09 1 127393
07:36:10 6 127988
07:37:10 1 127393
07:38:10 1 127393
07:39:11 2 127995
07:40:11 1 127393
07:41:11 2 253228
07:42:12 8 3206866
07:43:12 4 550019
07:44:12 1 127393
07:45:13 1 127393
07:46:13 2 722484
07:47:13 1 127393
07:48:13 2 743079
07:49:14 1 127393
07:50:14 4 1256380
07:51:15 1 127393
07:52:15 1 127393
07:53:15 1 127393
07:54:15 1 127393
07:55:16 7 6022928
07:56:16 2 1052993
07:57:16 3 168949
07:58:17 6 213264
07:59:17 5 204030
08:00:17 3 153854
08:01:18 1 127393
08:02:18 2 137945
08:03:18 2 130755
08:04:19 1 127393
08:05:19 1 127393
08:06:19 1 127393
08:07:19 5 4895347
08:08:20 1 127393
08:09:20 3 171086
08:10:20 1 127393
08:11:21 1 127393
08:12:21 1 127393
08:13:21 1 127393
08:14:22 1 127393
08:15:22 3 2753
08:16:22 0 0
08:17:23 2 747
08:18:23 2 238693
08:19:23 2 2940711
08:20:24 1 368
08:21:24 1 368
08:22:24 1 368
08:23:25 1 368
08:24:25 1 368
08:25:26 1 368
08:26:26 1 368
08:27:26 2 53203
08:28:27 1 368
08:29:27 2 3053
08:30:27 2 1933113
08:31:28 2 1909642
08:32:28 1 368
08:33:28 1 368
08:34:29 2 1105
08:35:29 1 368
08:36:29 7 3692
08:37:30 2 107131
08:38:30 1 368
08:39:30 2 157451
08:40:31 2 157451
08:41:31 1 368
08:42:32 1 368
08:43:32 1 368
08:44:32 4 1414064
08:45:32 2 5239
08:46:33 1 368
08:47:33 1 368
08:48:34 2 943
08:49:34 1 368
08:50:34 2 1260
08:51:34 2 334554
08:52:35 1 368
08:53:35 2 11461
08:54:36 2 684545
08:55:37 1 368
08:56:37 8 73301
08:57:37 3 344848
08:58:38 1 368
08:59:38 1 368
09:00:39 5 19907
09:01:39 6 3093540
09:02:39 17 143883
09:03:39 6 47667
09:04:40 6 39615
09:05:40 5 45178
09:06:40 14 140099
09:07:40 5 232320
09:08:40 5 215304
09:09:41 5 215304
09:10:41 4 10606
09:11:41 7 62587
09:12:42 7 76691
09:13:42 20 3127727
09:14:42 24 66429622
09:15:42 31 65229569
09:16:43 21 53098844
09:17:43 14 12771441
09:18:44 14 312148
09:19:44 11 77650
09:20:44 13 101576
09:21:44 14 105386
09:22:45 15 111163
09:23:45 13 96106
09:24:45 13 96106
09:25:45 13 96106
09:26:46 21 170054
09:27:46 16 123815
09:28:46 17 124504
09:29:47 28 234676
09:30:47 24 1069606
09:31:47 20 160741
09:32:48 23 247502
09:33:48 21 541851
09:34:48 32 356091
09:35:48 26 334671
09:36:49 26 180791
09:37:49 30 253108
09:38:50 21 161439
09:39:50 26 207634
09:40:50 27 166695
09:41:51 34 312746
09:42:51 24 189153
09:43:51 24 153356
09:44:51 19 142963
09:45:52 18 133730
09:46:52 20 161470
09:47:52 26 3401084
09:48:52 20 3325956
09:49:53 18 3311666
09:50:53 27 352585
09:51:53 22 423990
09:52:53 17 124497
09:53:54 17 124497
09:54:54 25 554768
09:55:54 21 260167
09:56:54 22 160635
09:57:54 22 14638017
09:58:55 21 14547644
09:59:55 45 17559758
10:00:55 20 2138100
10:01:56 25 47889676
10:02:56 48 43966298
10:03:56 36 59352885
10:04:56 22 44597199
10:05:56 21 460901
10:06:57 18 137157
10:07:57 20 187659
10:08:57 22 454539
10:09:57 27 2176661
10:10:58 38 548047
10:11:58 21 280309
10:12:58 24 1089156
10:13:58 20 1837416
10:14:59 23 3407210
10:15:59 25 3916523
10:16:59 17 2335499
10:18:00 15 1462250
10:19:00 16 228060
10:20:00 12 110682
10:21:01 14 3385016
10:22:01 13 893466
10:23:03 13 880554
10:24:03 12 873866
10:25:04 23 12247243
10:26:04 18 9040518
10:27:05 13 358374
10:28:05 12 11028408
10:29:05 14 16377209
10:30:06 12 18356383
10:31:06 13 19278935
10:32:06 20 22593147
10:33:07 15 6812648
10:34:07 11 989836
10:35:07 17 29063328
10:36:07 10 4177438
10:37:08 11 13035460
10:38:09 17 13291861
10:39:09 14 26300008
10:40:10 11 19614093
10:41:10 19 24170794
10:42:10 14 21506090
10:43:11 11 20583477
10:44:11 28 20748149
10:45:11 10 19941083
10:46:12 8 12974926
10:47:12 12 26011207
10:48:12 12 12992482
10:49:13 11 13112424
10:50:13 41 17541238
10:51:13 23 17828047
10:52:14 36 33458518
10:53:14 20 28878996
10:54:14 17 32990379
10:55:15 14 32061377
10:56:16 15 30044622
10:57:16 22 31296515
10:58:18 18 31258767
10:59:18 33 38438098
11:00:18 23 30497474
11:01:18 23 32748135
11:02:19 24 30443134
11:03:19 16 24071871
11:04:19 15 16904987
11:05:20 27 17009084
11:06:20 27 20434768
11:07:20 23 23141823
11:08:21 20 21362083
11:09:21 20 18535577
11:10:21 20 18535577
11:11:22 21 18641211
11:12:22 22 18352971
11:13:22 29 18056088
11:14:23 25 16288225
11:15:24 23 15710616
11:16:25 24 22152323
11:17:25 24 22906141
11:18:25 24 22659733
11:19:25 23 20914757
11:20:26 20 14570527
11:21:26 19 14522457
11:22:26 20 14537191
11:23:26 20 14721634
11:24:27 19 14522457
11:25:27 21 16037200
11:26:27 22 14586874
11:27:28 26 22880391
11:28:28 24 20840771
11:29:28 23 20787649
11:30:28 24 16887904
11:31:29 19 14522608
11:32:29 23 14567176
11:33:29 23 15101624
11:34:30 25 17592517
11:35:31 25 16056015
11:36:32 21 15217572
11:37:32 24 26442942
11:38:33 20 19954101
11:39:33 21 20138362
11:40:34 20 19954101
11:41:34 20 19954101
11:42:34 19 8063202
11:43:34 19 8063202
11:44:35 20 16378383
11:45:35 21 16381006
11:46:35 19 16373562
11:47:36 20 14298064
11:48:36 20 13493772
11:49:36 19 13474444
11:50:36 19 13500966
11:51:37 20 2344032
11:52:38 18 1582100
11:53:38 17 1581512
11:54:39 16 1677962
11:55:39 16 371080
11:56:39 26 12649821
11:57:40 16 1314416
11:58:40 14 367798
11:59:40 16 466204
12:00:40 15 370528
12:01:41 13 1326811
12:02:41 17 286340
12:03:41 15 7687846
12:04:41 12 4086476
12:05:42 19 9479275
12:06:43 13 7473180
12:07:43 11 4703575
12:08:43 10 2955496
12:09:43 14 3088724
12:10:43 13 413704
12:11:44 8 44990
12:12:44 8 44990
12:13:44 7 21105
12:14:45 5 10837
12:15:45 5 10837
12:16:46 8 223654
12:17:47 8 19164
12:18:47 10 1679759
12:19:47 9 1679034
12:20:48 8 1676548
12:21:48 5 15434
12:22:48 4 12234
12:23:48 10 12279771
12:24:49 10 9216328
12:25:49 7 8844815
12:26:49 5 5773978
12:27:49 4 9494
12:28:50 4 9494
12:29:50 4 9494
12:30:50 5 12257
12:31:51 5 12346
12:32:51 7 1671601
12:33:51 6 14712
12:34:51 8 19565
12:35:51 7 17355
12:36:52 7 42416
12:37:52 8 18232
12:38:52 4 17744
12:39:53 5 20932
12:40:53 4 17733
12:41:53 5 20586
12:42:53 4 17778
12:43:53 4 17469
12:44:53 3 15101
12:45:54 3 15101
12:46:54 3 15101
12:47:54 6 3100877
12:48:54 6 3101859
12:49:55 6 1589325
12:50:55 8 2167300
12:51:55 4 17785
12:52:55 7 139031
12:53:56 5 21079
12:54:56 5 21079
12:55:56 5 21079
12:56:56 5 20262
12:57:57 7 24294
12:58:57 10 47144
12:59:57 7 23080
13:00:57 7 22967
13:01:58 6 20242
13:02:58 7 21429
13:03:58 10 69581
13:04:58 9 28369
13:05:59 12 37260
13:06:59 8 27270
13:07:59 8 28568
13:08:59 6 23404
13:09:59 7 26129
13:10:59 7 24576
13:12:00 8 27779
13:13:00 8 27219
13:14:00 13 65367
13:15:00 9 29333
13:16:00 10 397004
13:17:01 7 145843
13:18:01 10 655432
13:19:01 6 143112
13:20:01 7 23830
13:21:01 8 763626
13:22:02 8 26072
13:23:03 12 41208
13:24:03 6 21320
13:25:03 6 21388
13:26:03 6 21388
13:27:03 7 725476
13:28:04 9 757448
13:29:04 7 21868
13:30:04 10 1933769
13:31:05 10 31473
13:32:05 16 2860016
13:33:05 17 4268770
13:34:06 17 2891698
13:35:06 17 3566742
13:36:06 15 3559237
13:37:06 18 2852699
13:38:07 11 1438170
13:39:07 13 10172716
13:40:07 13 1439078
13:41:07 13 1437140
13:42:08 11 1429711
13:43:09 10 725281
13:44:09 14 3149063
13:45:09 12 2136124
13:46:09 13 3545410
13:47:11 9 720998
13:48:11 9 720998
13:49:11 14 1029421
13:50:11 14 1029209
13:51:12 18 13517030
13:52:13 17 13515542
13:53:13 18 13814535
13:54:13 13 1382985
13:55:14 11 221420
13:56:14 9 917291
13:57:14 15 3536473
13:58:14 17 51829294
13:59:15 22 53873308
14:00:15 19 49720997
14:01:15 14 926914
14:02:15 13 4900107
14:03:15 11 918662
14:04:16 19 5190877
14:05:16 13 3741447
14:06:16 13 3037136
14:07:17 14 3038948
14:08:17 13 1661051
14:09:18 14 5755780
14:10:18 14 1192474
14:11:19 11 919254
14:12:19 19 2839200
14:13:20 17 4702296
14:14:20 12 1338460
14:15:20 22 1432723
14:16:21 16 2052300
14:17:21 13 5183053
14:18:21 14 5809987
14:19:21 12 2333157
14:20:22 10 1624021
14:21:22 10 920898
14:22:22 11 1626853
14:23:22 32 19834734
14:24:23 25 20214821
14:25:24 14 4810493
14:26:24 13 4818848
14:27:25 10 4096388
14:28:25 11 4802678
14:29:25 11 4802671
14:30:25 13 4435329
14:31:26 16 4865703
14:32:26 17 5574479
14:33:26 18 8753054
14:34:27 16 7197340
14:35:27 16 9274296
14:36:28 17 11727016
14:37:28 20 9296453
14:38:28 18 8555543
14:39:29 13 5509103
14:40:29 24 10933286
14:41:30 15 7029530
14:42:30 16 7735794
14:43:31 21 8516291
14:44:32 19 8339187
14:45:33 20 8343939
14:46:33 21 9048279
14:47:33 22 10929263
14:48:33 17 6942446
14:49:34 19 6268019
14:50:34 14 6034099
14:51:35 18 7842308
14:52:35 18 8537870
14:53:35 19 9244152
14:54:35 25 7981631
14:55:36 18 6480961
14:56:36 16 6466731
14:57:36 16 6466731
14:58:37 14 6784571
14:59:37 13 6036267
15:00:37 12 6018054
15:01:37 13 6065986
15:02:37 15 6772626
15:03:38 13 6085350
15:04:38 13 5381546
15:05:38 13 6050286
15:06:38 11 5313666
15:07:38 13 7331125
15:08:39 13 7329922
15:09:39 15 8018587
15:10:39 14 6982191
15:11:40 15 7368916
15:12:41 11 5698021
15:13:41 11 5698021
15:14:41 11 5350129
15:15:41 12 5768180
15:16:42 12 5439654
15:17:42 13 8281271
15:18:42 14 8285037
15:19:42 14 8281405
15:20:43 15 8283099
15:21:43 25 9064336
15:22:43 20 9239776
15:23:43 16 8348256
15:24:43 14 5231628
15:25:44 12 2328077
15:26:44 12 2328077
15:27:44 11 2288890
15:28:44 11 3351050
15:29:45 13 5090860
15:30:45 10 3343312
15:31:46 11 4392347
15:32:46 9 2130756
15:33:46 8 2129954
15:34:46 13 6587220
15:35:46 11 5370740
15:36:46 11 6582720
15:37:47 13 8205378
15:38:47 13 49040653
15:39:47 16 47646703
15:40:47 13 48539332
15:41:48 11 48462976
15:42:48 10 4656564
15:43:48 12 3492020
15:44:48 12 6567910
15:45:49 13 6240131
15:46:49 11 3800003
15:47:49 12 2954354
15:48:49 12 9286482
15:49:50 12 10442006
15:50:50 9 4946209
15:51:50 5 193808
15:52:51 10 373868
15:53:51 12 16086996
15:54:51 6 15427647
15:55:51 11 38376672
15:56:51 27 43707940
15:57:52 13 39652816
15:58:52 9 24487570
15:59:52 12 26761113
16:00:52 11 26748314
16:01:53 8 19015508
16:02:53 8 19698999
16:03:53 11 19819479
16:04:53 10 21344871
16:05:53 11 23408202
16:06:54 10 20264957
16:07:54 9 13509627
16:08:54 12 15948215
16:09:54 13 11961274
16:10:54 10 10188937
16:11:55 10 9507863
16:12:55 9 9778450
16:13:55 10 9167968
16:14:56 10 8066498
16:15:56 21 8336606
16:16:56 11 5970526
16:17:56 22 12365447
16:18:56 12 8464117
16:19:56 12 8041655
16:20:57 12 7943233
16:21:57 13 3202848
16:22:57 12 2965661
16:23:57 18 4548637
16:24:58 12 2638801
16:25:58 12 4460438
16:26:58 24 8211413
16:27:58 14 7631460
16:28:59 12 11512128
16:29:59 9 5227523
16:30:59 10 5916539
16:31:59 7 1445586
16:32:59 9 1477339
16:34:00 8 1469140
16:35:01 9 1463646
16:36:01 9 1788594
16:37:01 10 1742530
16:38:01 9 878775
16:39:02 9 1821435
16:40:02 9 1812318
16:41:02 8 1732552
16:42:02 9 1829620
16:43:03 6 683382
16:44:03 6 683382
16:45:03 7 717700
16:46:03 5 490425
16:47:03 10 5223988
16:48:04 14 5206484
16:49:04 11 4657102
16:50:04 6 666494
16:51:04 9 1666399
16:52:04 10 298058
16:53:04 8 348566
16:54:05 10 15077230
16:55:05 10 553903
16:56:06 10 2753702
16:57:06 11 5261949
16:58:06 6 242043
16:59:06 10 3424990
17:00:07 8 2712942
17:01:07 6 2659401
17:02:07 9 838463
17:03:07 9 1924166
17:04:08 6 34565
17:05:08 9 67139
17:06:09 5 12717
17:07:09 5 12717
17:08:09 8 118897
17:09:09 6 106922
17:10:09 5 12717
17:11:10 8 1107005
17:12:10 7 1594129
17:13:10 7 1594141
17:14:10 9 4737946
17:15:11 8 3166042
17:16:11 9 1608009
17:17:11 14 8065783
17:18:11 25 7832480
17:19:12 11 3018316
17:20:12 9 3243984
17:21:12 10 9213568
17:22:12 8 7307904
17:23:13 5 329661
17:24:13 5 23332
17:25:13 7 1054720
17:26:14 5 62652
17:27:14 10 438874
17:28:14 6 372968
17:29:14 4 22687
17:30:15 7 1453570
17:31:15 9 2500200
17:32:15 5 25459
17:33:16 5 44621
17:34:16 8 3899849
17:35:16 35 15321811
17:36:16 17 9672310
17:37:17 5 1588625
17:38:17 9 4739846
17:39:18 9 747260
17:40:18 8 585068
17:41:18 6 24221
17:42:18 7 24816
17:43:19 6 24221
17:44:20 7 24980
17:45:20 7 885587
17:46:20 7 97416
17:47:20 8 443277
17:48:21 6 328725
17:49:21 5 14161
17:50:21 6 477784
17:51:22 6 25080
17:52:22 8 2756915
17:53:22 5 24359
17:54:22 5 24359
17:55:23 5 24359
17:56:23 5 24359
17:57:23 7 485059
17:58:23 7 3168099
17:59:24 7 3168115
18:00:24 9 3251627
18:01:24 11 3630243
18:02:24 9 3187846
18:03:24 6 28181
18:04:25 24 6383891
18:05:25 14 2852941
18:06:25 8 55478
18:07:26 6 28181
18:08:26 7 64350
18:09:26 7 28853
18:10:26 7 28853
18:11:27 7 28853
18:12:27 7 28853
18:13:27 7 28853
18:14:27 7 28853
18:15:28 9 5923285
18:16:28 9 32298
18:17:28 8 29541
18:18:28 11 3529489
18:19:29 14 3886283
18:20:29 15 3888524
18:21:29 14 2672404
18:22:30 16 4600102
18:23:31 15 1812896
18:24:31 16 1484352
18:25:31 15 1812902
18:26:32 21 1821805
18:27:32 17 1851955
18:28:33 17 1857622
18:29:33 17 2169386
18:30:33 15 1810920
18:31:34 14 1517870
18:32:34 15 2164583
18:33:34 18 1858195
18:34:34 13 1452564
18:35:34 13 1161668
18:36:34 15 1124113
18:37:35 17 3123157
18:38:35 22 1739761
18:39:35 15 1595028
18:40:36 15 1825937
18:41:36 17 3754262
18:42:36 19 3759451
18:43:36 19 5681933
18:44:36 16 3397847
18:45:37 17 3753923
18:46:37 20 6037794
18:47:37 19 3250525
18:48:37 20 3606385
18:49:38 20 3606390
18:50:38 24 10363360
18:51:38 19 3240069
18:52:38 21 3504667
18:53:39 19 3595453
18:54:39 18 3239310
18:55:39 19 3239355
18:56:39 17 2883143
18:57:39 20 4115987
18:58:40 21 4307412
18:59:40 21 5467395
19:00:40 18 3591312
19:01:40 18 4807294
19:02:41 22 5529965
19:03:41 21 7091230
19:04:41 19 5163158
19:05:41 19 3592052
19:06:41 19 3592054
19:07:42 18 3236223
19:08:42 20 3948176
19:09:42 19 3592386
19:10:42 21 4304396
19:11:42 20 3948547
19:12:43 19 3592386
19:13:43 20 4304024
19:14:43 21 4660193
19:15:44 22 5015997
19:16:44 22 5015646
19:17:44 20 4303695
19:18:44 22 5015672
19:19:44 24 7232262
19:20:45 24 6732587
19:21:45 21 6017844
19:22:45 18 3946858
19:23:45 20 4691168
19:24:46 21 5371114
19:25:46 23 6589781
19:26:46 25 10089234
19:27:46 30 7329089
19:28:46 25 9733710
19:29:47 23 5019406
19:30:47 21 4666955
19:31:47 22 5022781
19:32:47 25 6090931
19:33:48 27 6802913
19:34:49 25 6450471
19:35:49 22 5722142
19:36:49 22 6421457
19:37:50 33 6778485
19:38:50 24 8480706
19:39:50 24 8130341
19:40:50 26 9189866
19:41:51 23 8471811
19:42:51 22 8115986
19:43:51 23 6418465
19:44:51 23 6068693
19:45:51 23 7983639
19:46:52 25 9212234
19:47:52 22 8493608
19:48:52 24 8856085
19:49:52 22 8493655
19:50:52 20 5350172
19:51:53 22 5712682
19:52:53 18 4292935
19:53:53 18 4638216
19:54:53 22 5359435
19:55:53 23 5711987
19:56:54 25 6074427
19:57:54 22 5355839
19:58:54 23 5515824
19:59:54 25 6380954
20:00:55 25 6137176
20:01:55 22 5422430
20:02:55 23 5018663
20:03:55 21 5004812
20:04:56 20 5347180
20:05:56 19 4994860
20:06:56 19 4991272
20:07:56 18 5008726
20:08:56 19 7340520
20:09:56 22 10840433
20:10:57 19 6915083
20:11:57 15 4275489
20:12:57 17 7064139
20:13:57 17 7471664
20:14:57 17 6255663
20:15:58 16 4276285
20:16:58 17 4632136
20:17:58 22 5413131
20:18:58 24 8381174
20:19:59 22 7091384
20:20:59 18 4987927
20:21:59 21 5499594
20:22:59 23 6209647
20:24:00 24 6922415
20:25:00 26 7988236
20:26:00 28 8347144
20:27:00 30 8727140
20:28:01 34 9939003
20:29:01 35 10860630
20:30:01 40 15784047
20:31:01 41 12767058
20:32:01 36 13024883
20:33:02 36 17542407
20:34:02 25 7893243
20:35:02 22 7159801
20:36:02 16 4986088
20:37:02 18 5698058
20:38:03 14 3925387
20:39:03 18 4637868
20:40:03 14 4688278
20:41:03 13 4273047
20:42:04 11 3560991
20:43:04 13 4272985
20:44:04 14 3921391
20:45:04 12 5283167
20:46:04 11 4927021
20:47:05 12 4272245
20:48:05 14 8059349
20:49:05 16 8416321
20:50:05 16 8415997
20:51:05 17 5292251
20:52:06 22 11362627
20:53:06 17 6834120
20:54:06 17 8320924
20:55:06 17 8334318
20:56:06 18 6444850
20:57:07 13 6374231
20:58:07 11 5994157
20:59:07 9 4066433
21:00:07 10 2853098
21:01:07 11 3208951
21:02:08 12 4142950
21:03:08 13 3921253
21:04:08 12 3565086
21:05:08 13 13914657
21:06:09 17 14983506
21:07:09 17 13852460
21:08:09 13 3921298
21:09:09 15 4633270
21:10:09 12 3565473
21:11:09 12 3565082
21:12:10 13 3921288
21:13:10 15 4633593
21:14:10 16 4989725
21:15:10 19 9656943
21:16:10 15 4633951
21:17:11 15 4280547
21:18:11 13 3921933
21:19:11 15 4289946
21:20:12 16 4990401
21:21:12 18 5702382
21:22:12 16 4990072
21:23:12 13 3922284
21:24:13 15 4634276
21:25:13 17 4700964
21:26:13 17 4496459
21:27:13 16 4990423
21:28:14 14 4278019
21:29:14 16 4990349
21:30:14 16 4637277
21:31:14 13 3921888
21:32:14 14 4277704
21:33:15 17 4663901
21:34:15 17 4990742
21:35:15 18 6174279
21:36:15 17 4990778
21:37:15 20 5785788
21:38:16 24 5703388
21:39:16 20 5368855
21:40:16 19 5703050
21:41:16 18 5002141
21:42:17 21 5725144
21:43:17 19 5013191
21:44:17 20 5368983
21:45:17 19 5013136
21:46:17 21 5371736
21:47:18 23 5372965
21:48:18 24 6084329
21:49:18 21 5372107
21:50:18 22 5727908
21:51:19 20 5015937
21:52:19 20 5016256
21:53:19 21 5725523
21:54:19 21 8896386
21:55:20 23 6084365
21:56:20 26 6452129
21:57:20 24 5734096
21:58:20 23 5730970
21:59:21 25 6443260
22:00:21 23 8553800
22:01:21 24 9263017
22:02:22 23 8907171
22:03:22 24 6440575
22:04:22 23 6084374
22:05:22 25 6443283
22:06:23 22 5728230
22:07:23 23 6084409
22:08:23 24 6134774
22:09:23 23 6188733
22:10:23 24 6440219
22:11:23 23 6084058
22:12:24 26 6619593
22:13:24 25 6796357
22:14:24 22 5727895
22:15:25 24 6440164
22:16:25 23 6084033
22:17:25 23 6084082
22:18:25 23 5729655
22:19:26 26 6444782
22:20:26 21 5018721
22:21:26 20 4662579
22:22:26 21 5018738
22:23:27 24 11889257
22:24:27 25 12257865
22:25:27 25 11902261
22:26:27 27 7087393
22:27:27 22 4676730
22:28:28 23 5032902
22:29:28 22 4665846
22:30:28 21 4663093
22:31:29 22 5019232
22:32:29 21 4663084
22:33:29 23 5021961
22:34:29 25 5296579
22:35:29 20 3643000
22:36:30 20 3966278
22:37:30 20 4309296
22:38:30 20 4309329
22:39:31 24 5943878
22:40:31 20 3954369
22:41:31 23 4669671
22:42:32 22 4666648
22:43:32 18 3588714
22:44:32 20 4301029
22:45:32 20 4301021
22:46:33 20 3937486
22:47:33 19 3637617
22:48:33 19 3229524
22:49:33 17 3578995
22:50:33 17 3578972
22:51:34 19 11170601
22:52:34 21 11882896
22:53:34 21 6798956
22:54:35 18 6054080
22:55:35 24 7145037
22:56:35 21 6426965
22:57:35 18 3236481
22:58:36 21 3249822
22:59:36 17 3578993
23:00:36 14 2510565
23:01:36 15 2866761
23:02:37 15 2866776
23:03:37 15 2511593
23:04:37 13 2154781
23:05:37 14 2510893
23:06:38 16 2868237
23:07:38 15 2867108
23:08:38 14 2510943
23:09:39 15 2603051
23:10:39 14 2510905
23:11:39 13 2154745
23:12:39 12 1798925
23:13:39 16 2515080
23:14:40 14 2157845
23:15:40 18 2545833
23:16:40 16 2524622
23:17:41 16 2339322
23:18:41 17 1829762
23:19:41 15 1812519
23:20:42 16 2168546
23:21:42 18 2179217
23:22:42 18 2192789
23:23:42 19 4204470
23:24:42 14 1131010
23:25:43 13 1455052
23:26:43 13 1810649
23:27:43 15 1844416
23:28:43 13 1810694
23:29:44 15 1857906
23:30:44 13 1457321
23:31:44 13 1105016
23:32:44 13 1105016
23:33:45 14 1461169
23:34:45 14 1461170
23:35:45 16 1818030
23:36:46 16 2173467
23:37:46 17 1822628
23:38:46 16 1817400
23:39:47 13 1102807
23:40:47 13 1458348
23:41:47 14 1814483
23:42:48 14 1814542
23:43:48 14 1461128
23:44:48 16 2215057
23:45:49 15 2170708
23:46:49 13 1458388
23:47:50 15 1815261
23:48:50 16 2171405
23:49:51 17 2527538
23:50:52 18 2883756
23:51:52 17 2527597
23:52:53 16 2523843
23:53:54 14 1811544
23:54:54 15 2167689
23:55:55 15 1822596
23:56:56 15 2167695
23:57:55 14 1811544
23:58:56 17 2534742
23:59:56 19 3247046
