00:00:35 4 0 150
00:00:42 4 0 150
00:01:57 4 0 150
00:02:20 4 0 150
00:02:38 4 0 150
00:03:03 4 0 150
00:03:30 4 0 150
00:04:00 4 0 150
00:04:31 4 0 150
00:05:02 4 0 150
00:05:32 4 0 150
00:06:03 4 0 150
00:06:37 4 0 150
00:07:15 4 0 150
00:07:46 4 0 150
00:08:20 4 0 150
02:00:08 4 0 152
02:00:38 3 1 158
02:01:07 4 0 154
02:01:38 4 0 153
02:02:09 3 1 154
02:02:38 4 0 153
02:03:09 3 1 153
02:03:38 4 0 153
02:04:09 4 0 150
02:04:39 4 0 155
02:05:09 4 0 152
02:05:39 4 0 152
02:06:10 4 0 151
02:06:40 4 0 152
02:07:10 4 0 150
02:07:40 4 0 152
02:08:10 4 0 155
02:08:41 4 0 151
02:09:11 4 0 150
02:09:41 4 0 151
02:10:11 4 0 152
02:10:41 4 0 152
02:11:12 4 0 151
02:11:43 3 1 153
02:12:12 4 0 153
02:12:42 4 0 150
02:13:12 4 0 152
02:13:43 4 0 152
02:14:13 4 0 151
02:14:46 1 3 476
02:15:16 2 2 579
02:15:43 4 0 150
02:16:14 4 0 151
02:16:44 4 0 152
02:17:14 4 0 152
02:17:44 4 0 152
02:18:15 3 1 150
02:18:45 4 0 150
02:19:15 4 0 151
02:19:45 4 0 152
02:20:16 4 0 152
02:20:46 4 0 152
02:21:16 4 0 150
02:21:46 4 0 152
02:22:16 4 0 151
02:22:46 4 0 152
02:23:17 4 0 152
02:23:47 4 0 150
02:24:17 4 0 150
02:24:47 4 0 153
02:25:18 4 0 150
02:25:48 4 0 150
02:26:18 4 0 150
02:26:48 4 0 150
02:27:19 4 0 150
02:27:49 4 0 151
02:28:19 4 0 150
02:28:49 4 0 150
02:29:19 4 0 150
02:29:50 4 0 150
02:30:20 4 0 150
02:30:50 4 0 152
02:31:20 4 0 150
02:31:50 4 0 159
02:32:21 4 0 150
02:32:51 4 0 150
02:33:21 4 0 151
02:33:51 4 0 154
02:34:21 4 0 153
02:34:52 4 0 154
02:35:22 4 0 154
02:35:52 4 0 153
02:36:22 4 0 151
02:36:52 4 0 150
02:37:23 4 0 150
02:37:53 4 0 153
02:38:23 4 0 151
02:38:53 4 0 150
02:39:23 4 0 150
02:39:53 4 0 153
02:40:24 4 0 150
02:40:54 4 0 150
02:41:24 4 0 150
02:41:54 4 0 150
02:42:25 4 0 150
02:42:55 4 0 150
02:43:25 4 0 150
02:43:55 4 0 151
02:44:25 4 0 150
02:44:55 4 0 151
02:45:26 4 0 150
02:45:56 4 0 150
02:46:26 4 0 150
02:46:56 4 0 151
02:47:28 3 1 153
02:47:57 4 0 153
02:48:28 3 1 154
02:48:57 4 0 153
02:49:27 4 0 150
02:49:57 4 0 150
02:50:28 4 0 153
02:50:58 4 0 152
02:51:28 4 0 150
02:52:01 1 3 576
02:52:30 4 0 560
02:52:59 4 0 152
02:53:29 4 0 151
02:53:59 4 0 150
02:54:29 4 0 150
02:55:01 3 1 179
02:55:30 4 0 152
02:56:00 4 0 154
02:56:32 2 2 154
02:57:00 4 0 152
02:57:31 4 0 150
02:58:01 4 0 150
02:58:31 4 0 150
02:59:01 4 0 150
02:59:31 4 0 154
03:00:01 4 0 150
03:00:32 4 0 150
03:01:02 4 0 153
03:01:32 4 0 150
03:02:02 4 0 153
03:02:32 4 0 150
03:03:03 4 0 150
03:03:33 4 0 153
03:04:03 4 0 150
03:04:33 4 0 151
03:05:04 4 0 150
03:05:34 4 0 150
03:06:04 4 0 150
03:06:35 4 0 150
03:07:05 4 0 150
03:07:35 4 0 150
03:08:06 4 0 150
03:08:36 4 0 150
03:09:06 4 0 150
03:09:37 4 0 150
03:10:07 4 0 153
03:10:37 4 0 153
03:11:07 4 0 151
03:11:37 4 0 150
03:12:07 4 0 150
03:12:38 4 0 150
03:13:08 4 0 154
03:13:38 4 0 150
03:14:08 4 0 150
03:14:38 4 0 150
03:15:08 4 0 152
03:15:39 4 0 150
03:16:09 4 0 150
03:16:39 4 0 150
03:17:09 4 0 150
03:17:39 4 0 150
03:18:10 4 0 150
03:18:40 3 1 152
03:19:10 4 0 150
03:19:42 2 2 153
03:20:10 4 0 150
03:20:40 4 0 150
03:21:10 4 0 150
03:21:41 4 0 150
03:22:11 4 0 150
03:22:41 4 0 150
03:23:11 4 0 150
03:23:41 4 0 150
03:24:11 4 0 150
03:24:42 4 0 150
03:25:12 4 0 150
03:25:42 4 0 150
03:26:12 4 0 150
03:26:42 4 0 150
03:27:12 4 0 150
03:27:43 4 0 150
03:28:13 4 0 150
03:28:43 4 0 150
03:29:13 4 0 151
03:29:43 4 0 150
03:30:13 4 0 150
03:30:44 4 0 150
03:31:14 4 0 150
03:31:44 4 0 152
03:32:14 4 0 150
03:32:44 4 0 150
03:33:14 4 0 150
03:33:45 4 0 150
03:34:15 4 0 150
03:34:45 4 0 150
03:35:15 4 0 150
03:35:45 4 0 150
03:36:15 4 0 150
03:36:46 4 0 150
03:37:16 4 0 150
03:37:46 4 0 150
03:38:16 4 0 150
03:38:46 4 0 150
03:39:17 4 0 150
03:39:47 4 0 150
03:40:17 4 0 150
03:40:47 4 0 150
03:41:17 4 0 152
03:41:48 4 0 150
03:42:18 4 0 153
03:42:48 4 0 150
03:43:18 4 0 150
03:43:48 4 0 150
03:44:18 4 0 151
03:44:49 4 0 150
03:45:19 4 0 150
03:45:49 4 0 151
03:46:19 4 0 150
03:46:49 4 0 151
03:47:19 4 0 150
03:47:51 3 1 153
03:48:20 4 0 150
03:48:50 4 0 150
03:49:20 4 0 152
03:49:50 4 0 150
03:50:20 4 0 150
03:50:51 4 0 150
03:51:21 4 0 150
03:51:51 4 0 150
03:52:21 4 0 150
03:52:51 4 0 150
03:53:21 4 0 150
03:53:52 4 0 150
03:54:22 4 0 150
03:54:53 3 1 153
03:55:22 4 0 150
03:55:52 4 0 150
03:56:22 4 0 150
03:56:53 4 0 150
03:57:23 4 0 150
03:57:53 4 0 150
03:58:23 4 0 150
03:58:53 4 0 150
03:59:23 4 0 150
03:59:54 4 0 150
04:00:24 4 0 150
04:00:54 4 0 150
04:01:24 4 0 160
04:01:54 4 0 150
04:02:24 4 0 150
04:02:55 4 0 150
04:03:25 4 0 150
04:03:55 4 0 150
04:04:25 4 0 150
04:04:55 4 0 151
04:05:25 4 0 150
04:05:56 4 0 153
04:06:26 4 0 150
04:06:56 4 0 150
04:07:26 4 0 150
04:07:56 4 0 150
04:08:26 4 0 150
04:08:57 4 0 150
04:09:27 4 0 150
04:09:57 4 0 150
04:10:27 4 0 150
04:10:57 4 0 150
04:11:27 4 0 150
04:11:58 4 0 150
04:12:28 4 0 150
04:12:58 4 0 150
04:13:28 4 0 150
04:13:58 4 0 153
04:14:28 4 0 150
04:14:59 4 0 153
04:15:29 4 0 150
04:15:59 4 0 150
04:16:29 4 0 150
04:16:59 4 0 150
04:17:29 4 0 150
04:18:00 4 0 150
04:18:30 4 0 150
04:19:00 4 0 150
04:19:30 4 0 150
04:20:00 4 0 150
04:20:30 4 0 150
04:21:01 4 0 150
04:21:31 4 0 153
04:22:01 4 0 150
04:22:31 4 0 150
04:23:01 4 0 150
04:23:31 4 0 151
04:24:02 4 0 150
04:24:32 4 0 150
04:25:02 4 0 150
04:25:32 4 0 164
04:26:03 4 0 150
04:26:33 4 0 150
04:27:03 4 0 150
04:27:33 4 0 150
04:28:03 4 0 150
04:28:33 4 0 150
04:29:03 4 0 150
04:29:34 4 0 150
04:30:04 4 0 150
04:30:34 4 0 150
04:31:04 4 0 150
04:31:34 4 0 150
04:32:05 4 0 150
04:32:35 4 0 150
04:33:05 4 0 150
04:33:35 4 0 150
04:34:05 4 0 150
04:34:35 4 0 150
04:35:06 4 0 150
04:35:36 4 0 150
04:36:06 4 0 150
04:36:36 4 0 150
04:37:06 4 0 150
04:37:36 4 0 150
04:38:07 4 0 153
04:38:37 4 0 150
04:39:07 4 0 150
04:39:37 4 0 150
04:40:07 4 0 150
04:40:38 4 0 150
04:41:08 4 0 150
04:41:38 4 0 150
04:42:08 4 0 150
04:42:38 4 0 150
04:43:09 4 0 150
04:43:39 4 0 150
04:44:09 4 0 150
04:44:39 4 0 150
04:45:09 4 0 150
04:45:39 4 0 150
04:46:10 4 0 150
04:46:40 4 0 150
04:47:10 4 0 150
04:47:40 4 0 150
04:48:10 4 0 150
04:48:40 4 0 150
04:49:11 4 0 150
04:49:41 4 0 150
04:50:11 4 0 150
04:50:41 4 0 150
04:51:11 4 0 150
04:51:41 4 0 150
04:52:12 4 0 150
04:52:42 4 0 150
04:53:12 4 0 150
04:53:42 4 0 150
04:54:12 4 0 150
04:54:42 4 0 150
04:55:13 4 0 150
04:55:43 4 0 150
04:56:13 4 0 150
04:56:43 4 0 150
04:57:13 4 0 150
04:57:43 4 0 150
04:58:14 4 0 150
04:58:44 4 0 150
04:59:14 4 0 150
04:59:44 4 0 150
05:00:14 4 0 150
05:00:44 4 0 150
05:01:15 4 0 150
05:01:45 4 0 150
05:02:15 4 0 150
05:02:45 4 0 150
05:03:15 4 0 150
05:03:45 4 0 150
05:04:16 4 0 150
05:04:46 4 0 152
05:05:16 4 0 150
05:05:46 4 0 150
05:06:16 4 0 150
05:06:46 4 0 150
05:07:17 4 0 150
05:07:47 4 0 150
05:08:17 4 0 170
05:08:47 4 0 150
05:09:17 4 0 150
05:09:48 4 0 150
05:10:18 4 0 158
05:10:48 4 0 150
05:11:18 4 0 150
05:11:48 4 0 150
05:12:19 4 0 150
05:12:49 4 0 150
05:13:19 4 0 150
05:13:49 4 0 150
05:14:19 4 0 150
05:14:49 4 0 150
05:15:20 4 0 150
05:15:50 4 0 150
05:16:20 4 0 150
05:16:50 4 0 150
05:17:20 4 0 150
05:17:50 4 0 150
05:18:21 4 0 150
05:18:51 4 0 150
05:19:21 4 0 150
05:19:51 4 0 150
05:20:21 4 0 150
05:20:52 4 0 150
05:21:22 4 0 150
05:21:52 4 0 150
05:22:22 4 0 150
05:22:52 4 0 150
05:23:22 4 0 150
05:23:52 4 0 150
05:24:23 4 0 150
05:24:53 4 0 150
05:25:23 4 0 150
05:25:53 4 0 150
05:26:24 4 0 150
05:26:54 4 0 150
05:27:24 4 0 150
05:27:54 4 0 150
05:28:24 4 0 150
05:28:54 4 0 150
05:29:25 4 0 150
05:29:55 4 0 150
05:30:25 4 0 150
05:30:55 4 0 150
05:31:25 4 0 150
05:31:55 4 0 150
05:32:26 4 0 150
05:32:56 4 0 150
05:33:26 4 0 150
05:33:56 4 0 150
05:34:26 4 0 150
05:34:56 4 0 150
05:35:27 4 0 150
05:35:57 4 0 150
05:36:27 4 0 150
05:36:57 4 0 150
05:37:27 4 0 150
05:37:57 4 0 150
05:38:28 4 0 150
05:38:58 4 0 150
05:39:28 4 0 150
05:39:58 4 0 150
05:40:28 4 0 150
05:40:58 4 0 150
05:41:29 4 0 150
05:41:59 4 0 150
05:42:29 4 0 150
05:42:59 4 0 150
05:43:29 4 0 150
05:43:59 4 0 150
05:44:30 4 0 150
05:45:00 4 0 150
05:45:30 4 0 151
05:46:00 4 0 150
05:46:30 4 0 150
05:47:00 4 0 150
05:47:31 4 0 150
05:48:01 4 0 150
05:48:31 4 0 150
05:49:01 4 0 150
05:49:31 4 0 150
05:50:01 4 0 150
05:50:32 4 0 150
05:51:02 4 0 150
05:51:32 4 0 150
05:52:02 4 0 150
05:52:32 4 0 150
05:53:02 4 0 150
05:53:33 4 0 150
05:54:03 4 0 150
05:54:33 4 0 150
05:55:03 4 0 150
05:55:33 4 0 150
05:56:04 4 0 150
05:56:34 4 0 150
05:57:04 4 0 150
05:57:34 4 0 150
05:58:04 4 0 150
05:58:34 4 0 150
05:59:05 4 0 150
05:59:35 4 0 150
06:00:05 4 0 150
06:00:35 4 0 150
06:01:05 4 0 150
06:01:36 4 0 150
06:02:06 4 0 150
06:02:36 4 0 151
06:03:06 4 0 150
06:03:37 4 0 150
06:04:07 4 0 150
06:04:37 4 0 150
06:05:07 4 0 150
06:05:37 4 0 150
06:06:07 4 0 150
06:06:38 4 0 150
06:07:08 4 0 150
06:07:38 4 0 150
06:08:08 4 0 150
06:08:39 4 0 150
06:09:09 4 0 150
06:09:39 4 0 150
06:10:09 4 0 150
06:10:39 4 0 150
06:11:09 4 0 150
06:11:40 4 0 152
06:12:10 4 0 150
06:12:40 4 0 150
06:13:10 4 0 150
06:13:40 4 0 150
06:14:10 4 0 150
06:14:41 4 0 150
06:15:11 4 0 150
06:15:41 4 0 150
06:16:11 4 0 150
06:16:41 4 0 150
06:17:11 4 0 150
06:17:42 4 0 150
06:18:12 4 0 150
06:18:42 4 0 150
06:19:12 4 0 150
06:19:42 4 0 150
06:20:12 4 0 150
06:20:43 4 0 150
06:21:13 4 0 150
06:21:43 4 0 150
06:22:13 4 0 150
06:22:44 4 0 150
06:23:14 4 0 150
06:23:44 4 0 150
06:24:14 4 0 150
06:24:44 4 0 150
06:25:14 4 0 150
06:25:45 4 0 150
06:26:15 4 0 150
06:26:45 4 0 150
06:27:15 4 0 163
06:27:45 4 0 150
06:28:15 4 0 150
06:28:46 4 0 161
06:29:16 4 0 150
06:29:46 4 0 150
06:30:16 4 0 150
06:30:46 4 0 150
06:31:16 4 0 150
06:31:47 4 0 150
06:32:17 4 0 150
06:32:47 4 0 150
06:33:17 4 0 150
06:33:47 4 0 150
06:34:17 4 0 150
06:34:48 4 0 150
06:35:18 4 0 150
06:35:48 4 0 150
06:36:18 4 0 150
06:36:48 4 0 150
06:37:18 4 0 150
06:37:49 4 0 150
06:38:19 4 0 150
06:38:49 4 0 150
06:39:19 4 0 150
06:39:49 4 0 150
06:40:19 4 0 150
06:40:50 4 0 150
06:41:20 4 0 150
06:41:50 4 0 150
06:42:20 4 0 150
06:42:50 4 0 150
06:43:20 4 0 150
06:43:51 4 0 150
06:44:21 4 0 150
06:44:51 4 0 150
06:45:21 4 0 150
06:45:51 4 0 150
06:46:21 4 0 150
06:46:52 4 0 150
06:47:22 4 0 150
06:47:52 4 0 150
06:48:22 4 0 151
06:48:52 4 0 150
06:49:22 4 0 150
06:49:53 4 0 150
06:50:23 4 0 150
06:50:53 4 0 150
06:51:23 4 0 150
06:51:53 4 0 150
06:52:23 4 0 150
06:52:54 4 0 163
06:53:24 4 0 150
06:53:54 4 0 150
06:54:24 4 0 150
06:54:54 4 0 150
06:55:24 4 0 150
06:55:55 4 0 150
06:56:25 4 0 150
06:56:55 4 0 150
06:57:25 4 0 150
06:57:55 4 0 150
06:58:25 4 0 150
06:58:56 4 0 150
06:59:26 4 0 150
06:59:56 4 0 150
07:00:26 4 0 150
07:00:56 4 0 150
07:01:26 4 0 150
07:01:57 4 0 150
07:02:27 4 0 150
07:02:57 4 0 150
07:03:27 4 0 150
07:03:57 4 0 150
07:04:27 4 0 150
07:04:58 4 0 150
07:05:28 4 0 150
07:05:58 4 0 150
07:06:28 4 0 150
07:06:58 4 0 150
07:07:28 4 0 150
07:07:59 4 0 150
07:08:29 4 0 150
07:08:59 4 0 150
07:09:29 4 0 150
07:09:59 4 0 150
07:10:29 4 0 150
07:11:00 4 0 150
07:11:30 4 0 150
07:12:00 4 0 150
07:12:30 4 0 150
07:13:00 4 0 150
07:13:30 4 0 150
07:14:01 4 0 160
07:14:31 4 0 150
07:15:01 4 0 150
07:15:31 4 0 150
07:16:01 4 0 150
07:16:31 4 0 150
07:17:02 4 0 150
07:17:32 4 0 150
07:18:02 4 0 150
07:18:32 4 0 150
07:19:02 4 0 150
07:19:32 4 0 150
07:20:03 4 0 150
07:20:33 4 0 150
07:21:03 4 0 150
07:21:33 4 0 150
07:22:03 4 0 150
07:22:33 4 0 150
07:23:04 4 0 150
07:23:34 4 0 150
07:24:04 4 0 150
07:24:34 4 0 150
07:25:05 4 0 150
07:25:35 4 0 150
07:26:05 4 0 150
07:26:36 4 0 150
07:27:06 4 0 150
07:27:36 4 0 150
07:28:06 4 0 150
07:28:36 4 0 150
07:29:07 4 0 150
07:29:37 4 0 150
07:30:07 4 0 150
07:30:37 4 0 150
07:31:08 4 0 150
07:31:38 4 0 150
07:32:08 4 0 150
07:32:38 4 0 150
07:33:08 4 0 150
07:33:38 4 0 150
07:34:09 4 0 150
07:34:39 4 0 150
07:35:10 4 0 150
07:35:40 4 0 150
07:36:10 4 0 150
07:36:40 4 0 153
07:37:11 4 0 150
07:37:41 4 0 150
07:38:11 4 0 150
07:38:41 4 0 150
07:39:11 4 0 150
07:39:41 4 0 150
07:40:12 4 0 150
07:40:42 4 0 150
07:41:12 4 0 150
07:41:42 4 0 150
07:42:12 4 0 150
07:42:42 4 0 150
07:43:13 4 0 150
07:43:43 4 0 150
07:44:13 4 0 150
07:44:43 4 0 150
07:45:13 4 0 150
07:45:43 4 0 150
07:46:14 4 0 150
07:46:44 4 0 150
07:47:14 4 0 150
07:47:44 4 0 150
07:48:14 4 0 150
07:48:44 4 0 150
07:49:14 4 0 150
07:49:44 4 0 150
07:50:15 4 0 150
07:50:45 4 0 150
07:51:15 4 0 156
07:51:45 4 0 150
07:52:15 4 0 150
07:52:46 4 0 181
07:53:16 4 0 150
07:53:46 4 0 150
07:54:16 4 0 150
07:54:46 4 0 150
07:55:16 4 0 150
07:55:46 4 0 150
07:56:17 4 0 150
07:56:47 4 0 150
07:57:17 4 0 150
07:57:47 4 0 150
07:58:17 4 0 150
07:58:47 4 0 150
07:59:18 4 0 150
07:59:48 4 0 150
08:00:18 4 0 150
08:00:48 4 0 150
08:01:18 4 0 150
08:01:48 4 0 150
08:02:19 4 0 150
08:02:49 4 0 150
08:03:19 4 0 150
08:03:49 4 0 150
08:04:19 4 0 150
08:04:49 4 0 150
08:05:19 4 0 150
08:05:50 4 0 150
08:06:20 4 0 150
08:06:50 4 0 150
08:07:21 3 1 151
08:07:50 4 0 153
08:08:20 4 0 151
08:08:50 4 0 150
08:09:21 4 0 150
08:09:51 4 0 150
08:10:21 4 0 150
08:10:51 4 0 150
08:11:21 4 0 150
08:11:51 4 0 150
08:12:22 4 0 150
08:12:52 4 0 150
08:13:22 4 0 150
08:13:52 4 0 171
08:14:22 4 0 150
08:14:52 4 0 150
08:15:23 4 0 150
08:15:53 4 0 150
08:16:23 4 0 150
08:16:53 4 0 150
08:17:23 4 0 150
08:17:53 4 0 150
08:18:23 4 0 150
08:18:54 4 0 150
08:19:24 4 0 150
08:19:54 4 0 150
08:20:24 4 0 150
08:20:54 4 0 150
08:21:25 4 0 150
08:21:55 4 0 150
08:22:25 4 0 150
08:22:55 4 0 150
08:23:26 4 0 166
08:23:56 4 0 150
08:24:26 4 0 150
08:24:56 4 0 150
08:25:26 4 0 150
08:25:57 4 0 152
08:26:27 4 0 151
08:26:57 4 0 150
08:27:27 4 0 150
08:27:57 4 0 150
08:28:27 4 0 150
08:28:57 4 0 150
08:29:28 4 0 150
08:29:58 4 0 150
08:30:28 4 0 150
08:30:58 4 0 150
08:31:28 4 0 150
08:31:58 4 0 150
08:32:29 4 0 150
08:32:59 4 0 150
08:33:29 4 0 150
08:33:59 4 0 150
08:34:29 4 0 150
08:34:59 4 0 150
08:35:30 4 0 150
08:36:00 4 0 150
08:36:30 4 0 150
08:37:00 4 0 150
08:37:30 4 0 150
08:38:00 4 0 150
08:38:31 4 0 150
08:39:01 4 0 150
08:39:31 4 0 150
08:40:01 4 0 150
08:40:31 4 0 150
08:41:01 4 0 150
08:41:32 4 0 150
08:42:02 4 0 150
08:42:32 4 0 150
08:43:03 4 0 150
08:43:33 4 0 150
08:44:03 4 0 150
08:44:34 4 0 150
08:45:04 4 0 167
08:45:34 4 0 150
08:46:04 4 0 150
08:46:34 4 0 150
08:47:05 4 0 150
08:47:35 4 0 150
08:48:05 4 0 150
08:48:35 4 0 150
08:49:05 4 0 150
08:49:35 4 0 150
08:50:05 4 0 150
08:50:36 4 0 150
08:51:06 4 0 150
08:51:36 4 0 150
08:52:06 4 0 150
08:52:37 4 0 150
08:53:07 4 0 150
08:53:37 4 0 150
08:54:07 4 0 150
08:54:37 4 0 150
08:55:07 4 0 150
08:55:38 4 0 151
08:56:08 4 0 150
08:56:39 4 0 150
08:57:09 4 0 150
08:57:39 4 0 150
08:58:10 4 0 151
08:58:40 4 0 150
08:59:10 4 0 150
08:59:41 4 0 150
09:00:11 4 0 150
09:00:41 4 0 167
09:01:11 4 0 150
09:01:41 4 0 150
09:02:11 4 0 150
09:02:42 4 0 150
09:03:12 4 0 189
09:03:43 3 1 150
09:04:12 4 0 150
09:04:42 4 0 153
09:05:12 4 0 151
09:05:42 4 0 150
09:06:12 4 0 150
09:06:43 4 0 150
09:07:13 4 0 150
09:07:43 4 0 150
09:08:13 4 0 150
09:08:43 4 0 150
09:09:13 4 0 150
09:09:43 4 0 150
09:10:13 4 0 150
09:10:44 4 0 150
09:11:14 4 0 150
09:11:44 4 0 150
09:12:14 4 0 150
09:12:44 4 0 150
09:13:14 4 0 150
09:13:44 4 0 158
09:14:14 4 0 150
09:14:45 4 0 150
09:15:15 4 0 150
09:15:45 4 0 150
09:16:15 4 0 183
09:16:45 4 0 150
09:17:15 4 0 150
09:17:45 4 0 150
09:18:16 4 0 150
09:18:47 4 0 150
09:19:17 4 0 150
09:19:47 4 0 150
09:20:17 4 0 150
09:20:48 4 0 150
09:21:18 4 0 150
09:21:48 4 0 150
09:22:18 4 0 150
09:22:48 4 0 150
09:23:18 4 0 150
09:23:48 4 0 150
09:24:18 4 0 150
09:24:49 4 0 150
09:25:19 4 0 150
09:25:49 4 0 150
09:26:19 4 0 150
09:26:49 4 0 150
09:27:19 4 0 150
09:27:49 4 0 150
09:28:19 4 0 150
09:28:50 4 0 150
09:29:20 4 0 150
09:29:50 4 0 150
09:30:20 4 0 150
09:30:50 4 0 150
09:31:20 4 0 150
09:31:51 4 0 150
09:32:21 4 0 150
09:32:51 4 0 150
09:33:21 4 0 150
09:33:51 4 0 150
09:34:21 4 0 150
09:34:52 4 0 150
09:35:22 4 0 150
09:35:52 4 0 150
09:36:22 4 0 150
09:36:52 4 0 150
09:37:22 4 0 150
09:37:53 4 0 150
09:38:23 4 0 150
09:38:53 4 0 150
09:39:23 4 0 150
09:39:54 4 0 150
09:40:24 4 0 150
09:40:54 4 0 150
09:41:24 4 0 150
09:41:54 4 0 150
09:42:24 4 0 164
09:42:55 3 1 150
09:43:24 4 0 150
09:43:55 4 0 150
09:44:25 4 0 150
09:44:55 4 0 150
09:45:25 4 0 150
09:45:55 4 0 150
09:46:25 4 0 150
09:46:55 4 0 150
09:47:26 4 0 150
09:47:56 4 0 150
09:48:26 4 0 150
09:48:56 4 0 150
09:49:26 4 0 150
09:49:56 4 0 150
09:50:26 4 0 150
09:50:56 4 0 173
09:51:27 4 0 150
09:51:57 4 0 150
09:52:28 4 0 150
09:52:58 4 0 150
09:53:28 4 0 150
09:53:58 4 0 150
09:54:28 4 0 150
09:54:58 4 0 150
09:55:28 4 0 152
09:55:58 4 0 150
09:56:29 4 0 153
09:56:59 4 0 163
09:57:29 4 0 151
09:57:59 4 0 150
09:58:29 4 0 150
09:58:59 4 0 150
09:59:29 4 0 201
09:59:59 4 0 150
10:00:29 4 0 150
10:01:00 4 0 150
10:01:30 4 0 150
10:02:00 4 0 150
10:02:30 4 0 150
10:03:00 4 0 150
10:03:30 4 0 153
10:04:00 4 0 153
10:04:30 4 0 150
10:05:01 4 0 151
10:05:31 4 0 150
10:06:01 4 0 150
10:06:31 4 0 150
10:07:01 4 0 153
10:07:31 4 0 153
10:08:01 4 0 151
10:08:31 4 0 150
10:09:02 4 0 150
10:09:32 4 0 150
10:10:02 4 0 150
10:10:32 4 0 150
10:11:02 4 0 150
10:11:32 4 0 179
10:12:03 3 1 188
10:12:33 4 0 178
10:13:03 4 0 181
10:13:34 3 1 180
10:14:03 4 0 181
10:14:33 4 0 184
10:15:03 4 0 150
10:15:34 3 1 174
10:16:04 4 0 178
10:16:34 4 0 196
10:17:05 3 1 195
10:17:34 4 0 185
10:18:04 4 0 192
10:18:35 3 1 189
10:19:05 4 0 191
10:19:35 3 1 182
10:20:05 4 0 187
10:20:35 4 0 190
10:21:05 4 0 186
10:21:37 2 2 190
10:22:06 4 0 174
10:22:36 4 0 185
10:23:07 4 0 193
10:23:37 4 0 176
10:24:09 3 1 195
10:24:38 4 0 173
10:25:08 4 0 150
10:25:38 4 0 150
10:26:09 4 0 150
10:26:40 4 0 150
10:27:10 4 0 150
10:27:41 4 0 150
10:28:11 4 0 150
10:28:41 4 0 150
10:29:11 4 0 150
10:29:41 4 0 160
10:30:11 4 0 152
10:30:41 4 0 150
10:31:12 4 0 150
10:31:42 4 0 150
10:32:12 4 0 153
10:32:42 4 0 150
10:33:12 4 0 150
10:33:42 4 0 150
10:34:12 4 0 151
10:34:42 4 0 150
10:35:13 4 0 150
10:35:43 4 0 150
10:36:13 4 0 150
10:36:43 4 0 150
10:37:13 4 0 150
10:37:43 4 0 150
10:38:14 4 0 150
10:38:44 4 0 150
10:39:15 4 0 150
10:39:45 4 0 150
10:40:15 4 0 150
10:40:45 4 0 150
10:41:16 4 0 150
10:41:46 4 0 150
10:42:16 4 0 150
10:42:46 4 0 150
10:43:16 4 0 150
10:43:46 4 0 150
10:44:17 4 0 150
10:44:47 4 0 150
10:45:17 4 0 150
10:45:47 4 0 150
10:46:17 4 0 150
10:46:47 4 0 150
10:47:18 4 0 150
10:47:48 4 0 150
10:48:18 4 0 150
10:48:48 4 0 150
10:49:18 4 0 150
10:49:48 4 0 150
10:50:19 4 0 150
10:50:49 4 0 150
10:51:19 4 0 150
10:51:49 4 0 150
10:52:19 4 0 150
10:52:49 4 0 150
10:53:20 4 0 160
10:53:50 4 0 150
10:54:20 4 0 150
10:54:50 4 0 150
10:55:21 4 0 150
10:55:51 4 0 150
10:56:21 4 0 150
10:56:52 4 0 180
10:57:22 4 0 150
10:57:52 4 0 150
10:58:22 4 0 150
10:58:53 4 0 151
10:59:23 4 0 150
10:59:53 4 0 150
11:00:24 4 0 150
11:00:54 4 0 150
11:01:24 4 0 150
11:01:54 4 0 150
11:02:24 4 0 150
11:02:54 4 0 150
11:03:24 4 0 151
11:03:55 4 0 150
11:04:25 4 0 150
11:04:55 4 0 150
11:05:25 4 0 151
11:05:55 4 0 151
11:06:25 4 0 151
11:06:56 4 0 151
11:07:26 4 0 150
11:07:56 4 0 150
11:08:26 4 0 150
11:08:56 4 0 150
11:09:27 4 0 150
11:09:57 4 0 150
11:10:27 4 0 150
11:10:57 4 0 150
11:11:27 4 0 150
11:11:57 4 0 150
11:12:28 4 0 150
11:12:58 4 0 150
11:13:28 4 0 150
11:13:58 4 0 150
11:14:28 4 0 150
11:14:59 4 0 150
11:15:29 4 0 183
11:15:59 4 0 150
11:16:30 4 0 151
11:17:00 4 0 150
11:17:30 4 0 150
11:18:00 4 0 150
11:18:31 4 0 150
11:19:01 4 0 150
11:19:31 4 0 150
11:20:01 4 0 150
11:20:31 4 0 150
11:21:01 4 0 150
11:21:32 4 0 150
11:22:02 4 0 150
11:22:32 4 0 150
11:23:02 4 0 150
11:23:32 4 0 150
11:24:02 4 0 150
11:24:32 4 0 150
11:25:02 4 0 150
11:25:33 4 0 150
11:26:03 4 0 150
11:26:33 4 0 150
11:27:03 4 0 150
11:27:33 4 0 150
11:28:03 4 0 150
11:28:33 4 0 150
11:29:03 4 0 150
11:29:33 4 0 150
11:30:04 4 0 150
11:30:34 4 0 150
11:31:04 4 0 150
11:31:34 4 0 150
11:32:04 4 0 150
11:32:34 4 0 150
11:33:04 4 0 150
11:33:35 4 0 150
11:34:05 4 0 150
11:34:35 4 0 156
11:35:05 4 0 150
11:35:35 4 0 150
11:36:05 4 0 150
11:36:36 4 0 150
11:37:07 4 0 150
11:37:37 4 0 150
11:38:07 4 0 150
11:38:38 4 0 150
11:39:08 4 0 150
11:39:38 4 0 150
11:40:08 4 0 150
11:40:38 4 0 173
11:41:08 4 0 150
11:41:38 4 0 150
11:42:08 4 0 150
11:42:39 3 1 151
11:43:09 4 0 150
11:43:39 4 0 150
11:44:09 4 0 151
11:44:40 4 0 150
11:45:10 4 0 150
11:45:40 4 0 151
11:46:11 4 0 150
11:46:42 4 0 150
11:47:12 4 0 150
11:47:42 4 0 150
11:48:12 4 0 150
11:48:42 4 0 150
11:49:13 4 0 150
11:49:44 4 0 150
11:50:14 4 0 150
11:50:45 2 2 159
11:51:18 0 4 -1
11:51:45 4 0 150
11:52:15 4 0 150
11:52:46 4 0 150
11:53:16 4 0 150
11:53:46 4 0 150
11:54:16 4 0 150
11:54:46 4 0 150
11:55:16 4 0 150
11:55:46 4 0 150
11:56:16 4 0 150
11:56:47 4 0 150
11:57:17 4 0 150
11:57:47 4 0 150
11:58:17 4 0 150
11:58:47 4 0 150
11:59:18 4 0 150
11:59:48 4 0 152
12:00:18 4 0 150
12:00:48 4 0 150
12:01:18 4 0 150
12:01:48 4 0 150
12:02:18 4 0 150
12:02:49 3 1 150
12:03:19 4 0 150
12:03:49 4 0 150
12:04:19 4 0 152
12:04:49 4 0 150
12:05:19 4 0 150
12:05:49 4 0 150
12:06:19 4 0 150
12:06:49 4 0 150
12:07:19 4 0 150
12:07:50 4 0 150
12:08:20 4 0 150
12:08:50 4 0 150
12:09:20 4 0 150
12:09:50 4 0 153
12:10:21 4 0 151
12:10:51 4 0 150
12:11:21 4 0 150
12:11:51 4 0 150
12:12:21 4 0 150
12:12:51 4 0 150
12:13:21 4 0 150
12:13:52 4 0 150
12:14:22 4 0 150
12:14:52 4 0 150
12:15:22 4 0 150
12:15:53 4 0 150
12:16:23 4 0 150
12:16:53 4 0 150
12:17:23 4 0 150
12:17:54 4 0 150
12:18:24 4 0 150
12:18:55 4 0 150
12:19:25 4 0 150
12:19:55 4 0 150
12:20:25 4 0 150
12:20:55 4 0 150
12:21:25 4 0 150
12:21:55 4 0 150
12:22:25 4 0 150
12:22:56 4 0 150
12:23:26 4 0 167
12:23:56 4 0 150
12:24:26 4 0 150
12:24:56 4 0 150
12:25:26 4 0 150
12:25:56 4 0 150
12:26:26 4 0 159
12:26:57 4 0 150
12:27:27 4 0 150
12:27:57 4 0 150
12:28:27 4 0 150
12:28:58 4 0 150
12:29:28 4 0 150
12:29:58 4 0 150
12:30:28 4 0 150
12:30:58 4 0 150
12:31:28 4 0 150
12:31:58 4 0 150
12:32:28 4 0 150
12:32:58 4 0 150
12:33:28 4 0 150
12:33:59 4 0 151
12:34:29 4 0 150
12:34:59 4 0 150
12:35:29 4 0 150
12:35:59 4 0 152
12:36:29 4 0 150
12:36:59 4 0 150
12:37:29 4 0 150
12:38:00 4 0 164
12:38:30 4 0 150
12:39:00 4 0 150
12:39:30 4 0 150
12:40:00 4 0 150
12:40:30 4 0 150
12:41:00 4 0 150
12:41:30 4 0 150
12:42:01 4 0 150
12:42:31 4 0 150
12:43:01 4 0 150
12:43:31 4 0 150
12:44:01 4 0 150
12:44:31 4 0 150
12:45:01 4 0 150
12:45:31 4 0 150
12:46:01 4 0 150
12:46:31 4 0 174
12:47:01 4 0 150
12:47:31 4 0 150
12:48:02 4 0 150
12:48:32 4 0 150
12:49:02 4 0 150
12:49:32 4 0 150
12:50:03 4 0 150
12:50:33 4 0 150
12:51:03 4 0 150
12:51:33 4 0 150
12:52:04 4 0 150
12:52:34 4 0 150
12:53:04 4 0 150
12:53:34 4 0 150
12:54:04 4 0 150
12:54:34 4 0 150
12:55:04 4 0 150
12:55:34 4 0 150
12:56:05 4 0 150
12:56:35 4 0 150
12:57:05 4 0 150
12:57:35 4 0 150
12:58:05 4 0 150
12:58:35 4 0 150
12:59:05 4 0 152
12:59:35 4 0 167
13:00:06 4 0 150
13:00:36 4 0 150
13:01:06 4 0 150
13:01:36 4 0 150
13:02:06 4 0 150
13:02:36 4 0 150
13:03:06 4 0 178
13:03:36 4 0 150
13:04:07 4 0 150
13:04:37 4 0 150
13:05:07 4 0 150
13:05:37 4 0 163
13:06:07 4 0 166
13:06:37 4 0 150
13:07:07 4 0 150
13:07:37 4 0 150
13:08:07 4 0 150
13:08:37 4 0 153
13:09:08 4 0 150
13:09:38 4 0 150
13:10:08 4 0 150
13:10:38 4 0 150
13:11:08 4 0 150
13:11:38 4 0 150
13:12:08 4 0 150
13:12:38 4 0 150
13:13:08 4 0 150
13:13:38 4 0 150
13:14:08 4 0 150
13:14:39 4 0 150
13:15:09 4 0 150
13:15:39 4 0 151
13:16:09 4 0 150
13:16:39 4 0 150
13:17:09 4 0 150
13:17:39 4 0 150
13:18:09 4 0 150
13:18:39 4 0 150
13:19:10 4 0 150
13:19:40 4 0 150
13:20:10 4 0 150
13:20:40 4 0 150
13:21:10 4 0 150
13:21:40 4 0 150
13:22:11 4 0 150
13:22:41 4 0 150
13:23:11 4 0 150
13:23:41 4 0 151
13:24:11 4 0 150
13:24:41 4 0 150
13:25:11 4 0 151
13:25:45 0 4 -1
13:26:14 2 2 575
13:26:42 4 0 150
13:27:12 4 0 150
13:27:42 4 0 150
13:28:13 3 1 150
13:28:42 4 0 150
13:29:12 4 0 150
13:29:43 4 0 150
13:30:14 4 0 150
13:30:44 4 0 150
13:31:14 4 0 150
13:31:44 4 0 150
13:32:14 4 0 152
13:32:44 4 0 150
13:33:14 4 0 150
13:33:45 4 0 152
13:34:15 4 0 150
13:34:45 4 0 150
13:35:17 3 1 154
13:35:45 4 0 150
13:36:16 4 0 150
13:36:46 4 0 152
13:37:16 4 0 150
13:37:46 4 0 150
13:38:16 4 0 150
13:38:46 4 0 151
13:39:16 4 0 150
13:39:46 4 0 150
13:40:17 4 0 150
13:40:47 4 0 150
13:41:17 4 0 151
13:41:47 4 0 150
13:42:17 4 0 183
13:42:48 4 0 179
13:43:18 4 0 150
13:43:48 4 0 150
13:44:18 4 0 157
13:44:48 4 0 150
13:45:19 4 0 150
13:45:49 4 0 152
13:46:19 4 0 150
13:46:49 4 0 150
13:47:20 4 0 150
13:47:50 4 0 150
13:48:20 4 0 150
13:48:50 4 0 150
13:49:21 4 0 151
13:49:51 4 0 150
13:50:21 4 0 150
13:50:51 4 0 150
13:51:21 4 0 150
13:51:51 4 0 153
13:52:22 4 0 150
13:52:52 4 0 150
13:53:22 4 0 158
13:53:52 4 0 150
13:54:22 4 0 150
13:54:52 4 0 150
13:55:22 4 0 150
13:55:52 4 0 150
13:56:22 4 0 150
13:56:53 4 0 150
13:57:23 4 0 150
13:57:53 4 0 150
13:58:23 4 0 150
13:58:53 4 0 150
13:59:23 4 0 150
13:59:53 4 0 150
14:00:23 4 0 150
14:00:53 4 0 150
14:01:24 4 0 150
14:01:54 4 0 150
14:02:24 4 0 150
14:02:54 4 0 150
14:03:24 4 0 150
14:03:54 4 0 150
14:04:24 4 0 160
14:04:54 4 0 150
14:05:25 4 0 150
14:05:55 4 0 152
14:06:25 4 0 150
14:06:55 4 0 152
14:07:25 4 0 150
14:07:55 4 0 150
14:08:26 4 0 201
14:08:56 4 0 152
14:09:26 4 0 150
14:09:56 4 0 152
14:10:26 4 0 150
14:10:56 4 0 153
14:11:27 4 0 152
14:11:59 3 1 151
14:12:28 4 0 150
14:12:58 4 0 152
14:13:28 4 0 150
14:13:58 4 0 150
14:14:29 4 0 150
14:14:59 4 0 150
14:15:29 4 0 150
14:15:59 4 0 152
14:16:29 4 0 153
14:17:00 3 1 153
14:17:31 3 1 150
14:18:00 4 0 150
14:18:31 3 1 152
14:19:00 4 0 150
14:19:30 4 0 174
14:20:02 2 2 150
14:20:31 3 1 152
14:21:00 4 0 150
14:21:32 3 1 150
14:22:00 4 0 152
14:22:31 4 0 150
14:23:02 2 2 154
14:23:32 3 1 150
14:24:01 4 0 150
14:24:32 4 0 150
14:25:02 4 0 153
14:25:32 4 0 150
14:26:02 4 0 150
14:26:33 4 0 152
14:27:03 4 0 151
14:27:33 4 0 153
14:28:03 4 0 152
14:28:33 4 0 150
14:29:03 4 0 150
14:29:34 4 0 152
14:30:04 4 0 150
14:30:34 4 0 150
14:31:04 4 0 150
14:31:34 4 0 153
14:32:04 4 0 150
14:32:35 4 0 151
14:33:05 4 0 150
14:33:35 4 0 152
14:34:05 4 0 150
14:34:35 4 0 161
14:35:05 4 0 151
14:35:36 4 0 150
14:36:06 4 0 153
14:36:36 4 0 150
14:37:07 4 0 150
14:37:37 4 0 170
14:38:08 4 0 151
14:38:38 4 0 150
14:39:08 4 0 150
14:39:38 4 0 150
14:40:09 4 0 152
14:40:39 4 0 150
14:41:09 4 0 150
14:41:39 4 0 152
14:42:10 4 0 150
14:42:40 4 0 150
14:43:10 4 0 150
14:43:40 4 0 150
14:44:10 4 0 150
14:44:41 4 0 150
14:45:11 4 0 150
14:45:41 4 0 150
14:46:11 4 0 150
14:46:41 4 0 150
14:47:12 4 0 150
14:47:42 4 0 150
14:48:12 4 0 150
14:48:42 4 0 151
14:49:12 4 0 150
14:49:42 4 0 150
14:50:12 4 0 150
14:50:43 4 0 150
14:51:13 4 0 152
14:51:43 4 0 152
14:52:13 4 0 150
14:52:44 4 0 150
14:53:14 4 0 151
14:53:44 4 0 153
14:54:14 4 0 150
14:54:44 4 0 152
14:55:14 4 0 150
14:55:44 4 0 150
14:56:14 4 0 151
14:56:45 4 0 150
14:57:15 4 0 150
14:57:45 4 0 150
14:58:15 4 0 150
14:58:45 4 0 151
14:59:15 4 0 150
14:59:45 4 0 150
15:00:15 4 0 150
15:00:46 4 0 161
15:01:16 4 0 153
15:01:46 4 0 160
15:02:16 4 0 150
15:02:46 4 0 150
15:03:16 4 0 151
15:03:46 4 0 150
15:04:16 4 0 150
15:04:46 4 0 150
15:05:16 4 0 150
15:05:47 4 0 150
15:06:17 4 0 150
15:06:47 4 0 150
15:07:17 4 0 150
15:07:47 4 0 150
15:08:17 4 0 150
15:08:47 4 0 152
15:09:17 4 0 150
15:09:47 4 0 163
15:10:17 4 0 151
15:10:48 4 0 150
15:11:18 4 0 150
15:11:48 4 0 150
15:12:18 4 0 150
15:12:48 4 0 150
15:13:18 4 0 152
15:13:48 4 0 151
15:14:19 4 0 151
15:14:49 4 0 150
15:15:19 4 0 152
15:15:49 4 0 150
15:16:19 4 0 150
15:16:51 2 2 151
15:17:19 4 0 151
15:17:50 4 0 151
15:18:20 4 0 150
15:18:50 4 0 150
15:19:20 4 0 150
15:19:50 4 0 150
15:20:20 4 0 151
15:20:50 4 0 150
15:21:20 4 0 150
15:21:50 4 0 150
15:22:21 4 0 153
15:22:51 4 0 152
15:23:21 4 0 150
15:23:51 4 0 150
15:24:21 4 0 152
15:24:51 4 0 152
15:25:21 4 0 150
15:25:51 4 0 150
15:26:21 4 0 150
15:26:51 4 0 150
15:27:21 4 0 150
15:27:52 4 0 178
15:28:22 4 0 150
15:28:53 3 1 150
15:29:22 4 0 170
15:29:52 4 0 158
15:30:22 4 0 151
15:30:52 4 0 150
15:31:23 4 0 150
15:31:53 4 0 155
15:32:23 4 0 151
15:32:53 4 0 150
15:33:23 4 0 150
15:33:53 4 0 150
15:34:23 4 0 150
15:34:54 4 0 150
15:35:24 4 0 151
15:35:54 4 0 150
15:36:24 4 0 152
15:36:54 4 0 150
15:37:24 4 0 150
15:37:54 4 0 150
15:38:24 4 0 150
15:38:55 4 0 156
15:39:25 4 0 151
15:39:55 4 0 150
15:40:25 4 0 150
15:40:55 4 0 150
15:41:25 4 0 152
15:41:55 4 0 152
15:42:25 4 0 150
15:42:55 4 0 150
15:43:25 4 0 151
15:43:56 4 0 150
15:44:26 4 0 150
15:44:56 4 0 150
15:45:26 4 0 150
15:45:56 4 0 150
15:46:26 4 0 150
15:46:57 4 0 150
15:47:27 4 0 150
15:47:57 4 0 152
15:48:27 4 0 150
15:48:57 4 0 150
15:49:27 4 0 150
15:49:57 4 0 150
15:50:27 4 0 151
15:50:57 4 0 150
15:51:28 4 0 150
15:51:58 4 0 151
15:52:28 4 0 150
15:52:58 4 0 150
15:53:28 4 0 152
15:53:59 3 1 153
15:54:28 4 0 150
15:54:59 4 0 150
15:55:29 4 0 152
15:55:59 4 0 150
15:56:29 4 0 150
15:56:59 4 0 150
15:57:29 4 0 150
15:57:59 4 0 150
15:58:29 4 0 150
15:58:59 4 0 150
15:59:29 4 0 150
16:00:00 4 0 150
16:00:30 4 0 150
16:01:00 4 0 150
16:01:30 4 0 150
16:02:00 4 0 150
16:02:30 4 0 150
16:03:00 4 0 150
16:03:30 4 0 162
16:04:01 4 0 150
16:04:31 4 0 150
16:05:01 4 0 150
16:05:31 4 0 150
16:06:01 4 0 150
16:06:31 4 0 150
16:07:02 3 1 150
16:07:31 4 0 150
16:08:01 4 0 150
16:08:31 4 0 150
16:09:02 4 0 150
16:09:32 4 0 150
16:10:03 3 1 150
16:10:32 4 0 150
16:11:02 4 0 163
16:11:32 4 0 150
16:12:04 3 1 193
16:12:33 4 0 150
16:13:04 3 1 150
16:13:33 4 0 150
16:14:03 4 0 150
16:14:33 4 0 150
16:15:03 4 0 150
16:15:33 4 0 150
16:16:03 4 0 150
16:16:33 4 0 150
16:17:06 1 3 466
16:17:35 3 1 469
16:18:04 4 0 150
16:18:34 4 0 151
16:19:04 4 0 151
16:19:34 4 0 151
16:20:04 4 0 202
16:20:34 4 0 190
16:21:04 4 0 150
16:21:34 4 0 161
16:22:05 4 0 150
16:22:35 4 0 150
16:23:05 4 0 150
16:23:35 4 0 150
16:24:05 4 0 150
16:24:35 4 0 150
16:25:05 4 0 150
16:25:35 4 0 150
16:26:06 4 0 150
16:26:36 4 0 150
16:27:06 4 0 150
16:27:36 4 0 150
16:28:06 4 0 150
16:28:36 4 0 150
16:29:06 4 0 150
16:29:36 4 0 150
16:30:06 4 0 150
16:30:36 4 0 150
16:31:07 4 0 150
16:31:37 4 0 150
16:32:07 4 0 150
16:32:37 4 0 162
16:33:08 4 0 150
16:33:38 4 0 150
16:34:08 4 0 150
16:34:38 4 0 150
16:35:08 4 0 150
16:35:38 4 0 192
16:36:08 4 0 150
16:36:39 3 1 150
16:37:09 4 0 150
16:37:39 4 0 150
16:38:09 4 0 150
16:38:39 4 0 150
16:39:09 4 0 150
16:39:39 4 0 165
16:40:09 4 0 150
16:40:40 4 0 150
16:41:10 4 0 150
16:41:40 4 0 158
16:42:10 4 0 150
16:42:40 4 0 150
16:43:10 4 0 150
16:43:40 4 0 150
16:44:10 4 0 150
16:44:40 4 0 150
16:45:13 3 1 560
16:45:42 4 0 473
16:46:11 4 0 150
16:46:41 4 0 150
16:47:11 4 0 150
16:47:41 4 0 150
16:48:11 4 0 150
16:48:42 3 1 150
16:49:13 3 1 563
16:49:43 3 1 562
16:50:11 4 0 150
16:50:42 4 0 150
16:51:12 4 0 160
16:51:42 4 0 156
16:52:12 4 0 150
16:52:42 4 0 151
16:53:13 4 0 150
16:53:43 4 0 150
16:54:13 4 0 152
16:54:43 4 0 150
16:55:13 4 0 150
16:55:43 4 0 151
16:56:13 4 0 150
16:56:43 4 0 150
16:57:13 4 0 150
16:57:44 4 0 152
16:58:14 4 0 150
16:58:44 4 0 152
16:59:14 4 0 152
16:59:44 4 0 151
17:00:14 4 0 150
17:00:44 4 0 150
17:01:17 1 3 568
17:01:46 4 0 476
17:02:15 4 0 150
17:02:45 4 0 150
17:03:15 4 0 150
17:03:46 4 0 183
17:04:16 4 0 150
17:04:46 4 0 150
17:05:16 4 0 150
17:05:46 4 0 150
17:06:16 4 0 150
17:06:46 4 0 150
17:07:16 4 0 150
17:07:46 4 0 150
17:08:17 4 0 150
17:08:47 4 0 151
17:09:17 4 0 150
17:09:47 4 0 150
17:10:17 4 0 150
17:10:47 4 0 150
17:11:17 4 0 150
17:11:47 4 0 150
17:12:18 4 0 153
17:12:48 4 0 150
17:13:18 4 0 196
17:13:49 3 1 150
17:14:18 4 0 150
17:14:48 4 0 154
17:15:18 4 0 150
17:15:48 4 0 152
17:16:18 4 0 151
17:16:48 4 0 150
17:17:19 4 0 150
17:17:49 4 0 150
17:18:19 4 0 150
17:18:49 4 0 150
17:19:19 4 0 159
17:19:49 4 0 150
17:20:19 4 0 167
17:20:49 4 0 152
17:21:20 4 0 150
17:21:50 4 0 151
17:22:20 4 0 150
17:22:50 4 0 150
17:23:21 4 0 150
17:23:51 4 0 176
17:24:21 4 0 150
17:24:51 4 0 150
17:25:22 4 0 151
17:25:52 4 0 150
17:26:22 4 0 150
17:26:52 4 0 150
17:27:23 4 0 150
17:27:53 4 0 151
17:28:23 4 0 150
17:28:53 4 0 150
17:29:23 4 0 150
17:29:53 4 0 150
17:30:23 4 0 150
17:30:53 4 0 151
17:31:24 4 0 150
17:31:54 4 0 150
17:32:24 4 0 150
17:32:54 4 0 150
17:33:24 4 0 150
17:33:54 4 0 150
17:34:25 4 0 170
17:34:54 4 0 150
17:35:25 4 0 152
17:35:55 4 0 152
17:36:25 4 0 150
17:36:55 4 0 150
17:37:25 4 0 150
17:37:55 4 0 150
17:38:26 4 0 150
17:38:56 4 0 150
17:39:26 4 0 150
17:39:56 4 0 161
17:40:26 4 0 150
17:40:56 4 0 150
17:41:27 4 0 150
17:41:57 4 0 150
17:42:27 4 0 151
17:42:58 4 0 153
17:43:28 4 0 150
17:43:58 4 0 150
17:44:28 4 0 150
17:44:58 4 0 150
17:45:28 4 0 150
17:45:58 4 0 150
17:46:29 4 0 151
17:46:59 4 0 150
17:47:29 4 0 151
17:47:59 4 0 151
17:48:29 4 0 151
17:48:59 4 0 150
17:49:30 4 0 151
17:50:00 4 0 150
17:50:30 4 0 150
17:51:00 4 0 150
17:51:30 4 0 150
17:52:00 4 0 150
17:52:30 4 0 150
17:53:00 4 0 150
17:53:31 4 0 152
17:54:02 3 1 150
17:54:31 4 0 150
17:55:01 4 0 150
17:55:31 4 0 152
17:56:01 4 0 150
17:56:31 4 0 150
17:57:01 4 0 151
17:57:32 4 0 150
17:58:02 4 0 150
17:58:32 4 0 150
17:59:02 4 0 150
17:59:32 4 0 152
18:00:02 4 0 150
18:00:32 4 0 150
18:01:02 4 0 153
18:01:33 4 0 150
18:02:04 3 1 165
18:02:33 4 0 150
18:03:04 4 0 153
18:03:34 4 0 150
18:04:04 4 0 151
18:04:34 4 0 152
18:05:04 4 0 152
18:05:35 4 0 150
18:06:05 4 0 151
18:06:35 4 0 150
18:07:05 4 0 152
18:07:35 4 0 164
18:08:05 4 0 150
18:08:35 4 0 150
18:09:05 4 0 150
18:09:36 4 0 150
18:10:06 4 0 151
18:10:36 4 0 150
18:11:06 4 0 150
18:11:36 4 0 150
18:12:06 4 0 150
18:12:36 4 0 150
18:13:07 4 0 150
18:13:37 4 0 150
18:14:07 4 0 152
18:14:37 4 0 150
18:15:07 4 0 150
18:15:37 4 0 150
18:16:07 4 0 150
18:16:37 4 0 161
18:17:08 4 0 150
18:17:38 4 0 150
18:18:08 4 0 150
18:18:38 4 0 150
18:19:08 4 0 150
18:19:39 3 1 151
18:20:08 4 0 150
18:20:38 4 0 150
18:21:09 4 0 150
18:21:39 4 0 150
18:22:09 4 0 150
18:22:40 4 0 150
18:23:10 4 0 151
18:23:40 4 0 150
18:24:10 4 0 150
18:24:41 4 0 150
18:25:11 4 0 150
18:25:41 4 0 150
18:26:11 4 0 150
18:26:41 4 0 150
18:27:11 4 0 150
18:27:42 4 0 150
18:28:12 4 0 150
18:28:42 4 0 150
18:29:12 4 0 150
18:29:42 4 0 150
18:30:12 4 0 150
18:30:43 4 0 150
18:31:13 4 0 158
18:31:43 4 0 150
18:32:15 3 1 572
18:32:46 2 2 487
18:33:13 4 0 150
18:33:44 4 0 150
18:34:14 4 0 154
18:34:45 4 0 150
18:35:15 4 0 154
18:35:45 4 0 153
18:36:15 4 0 154
18:36:45 4 0 154
18:37:15 4 0 154
18:37:45 4 0 150
18:38:15 4 0 150
18:38:46 4 0 154
18:39:16 4 0 151
18:39:46 4 0 154
18:40:16 4 0 154
18:40:46 4 0 154
18:41:16 4 0 154
18:41:46 4 0 154
18:42:16 4 0 154
18:42:47 4 0 184
18:43:19 3 1 569
18:43:47 4 0 160
18:44:17 4 0 150
18:44:47 4 0 155
18:45:17 4 0 150
18:45:47 4 0 154
18:46:17 4 0 150
18:46:47 4 0 150
18:47:18 4 0 154
18:47:48 4 0 150
18:48:20 3 1 514
18:48:49 4 0 473
18:49:18 4 0 150
18:49:48 4 0 150
18:50:18 4 0 150
18:50:48 4 0 154
18:51:18 4 0 150
18:51:49 4 0 150
18:52:19 4 0 150
18:52:49 4 0 154
18:53:19 4 0 155
18:53:50 4 0 154
18:54:20 4 0 154
18:54:50 4 0 156
18:55:20 4 0 154
18:55:51 4 0 177
18:56:21 4 0 154
18:56:51 4 0 156
18:57:21 4 0 156
18:57:51 4 0 154
18:58:21 4 0 154
18:58:51 4 0 154
18:59:21 4 0 156
18:59:51 4 0 154
19:00:21 4 0 156
19:00:52 4 0 154
19:01:22 4 0 151
19:01:52 4 0 154
19:02:22 4 0 150
19:02:52 4 0 150
19:03:22 4 0 154
19:03:52 4 0 155
19:04:22 4 0 150
19:04:53 4 0 150
19:05:23 4 0 150
19:05:53 4 0 157
19:06:23 4 0 154
19:06:53 4 0 156
19:07:23 4 0 154
19:07:53 4 0 156
19:08:23 4 0 154
19:08:53 4 0 150
19:09:23 4 0 155
19:09:54 4 0 154
19:10:24 4 0 154
19:10:54 4 0 154
19:11:24 4 0 154
19:11:54 4 0 184
19:12:24 4 0 154
19:12:54 4 0 154
19:13:24 4 0 150
19:13:55 4 0 154
19:14:25 4 0 154
19:14:55 4 0 150
19:15:25 4 0 150
19:15:55 4 0 150
19:16:25 4 0 154
19:16:55 4 0 150
19:17:25 4 0 150
19:17:56 4 0 155
19:18:25 4 0 150
19:18:56 4 0 150
19:19:26 4 0 150
19:19:56 4 0 152
19:20:26 4 0 150
19:20:56 4 0 150
19:21:26 4 0 150
19:21:56 4 0 150
19:22:26 4 0 150
19:22:57 4 0 152
19:23:27 4 0 150
19:23:57 4 0 150
19:24:27 4 0 150
19:24:57 4 0 150
19:25:27 4 0 150
19:25:57 4 0 150
19:26:27 4 0 150
19:26:57 4 0 150
19:27:27 4 0 150
19:27:58 4 0 150
19:28:28 4 0 150
19:28:58 4 0 150
19:29:28 4 0 150
19:29:58 4 0 151
19:30:28 4 0 150
19:30:58 4 0 150
19:31:28 4 0 150
19:31:58 4 0 150
19:32:28 4 0 151
19:32:59 4 0 150
19:33:29 4 0 150
19:33:59 4 0 150
19:34:29 4 0 150
19:35:00 4 0 150
19:35:30 4 0 154
19:36:00 4 0 169
19:36:30 4 0 150
19:37:00 4 0 150
19:37:30 4 0 150
19:38:00 4 0 150
19:38:30 4 0 150
19:39:00 4 0 150
19:39:31 4 0 150
19:40:01 4 0 168
19:40:31 4 0 150
19:41:01 4 0 150
19:41:31 4 0 150
19:42:01 4 0 150
19:42:31 4 0 164
19:43:01 4 0 150
19:43:31 4 0 152
19:44:02 4 0 150
19:44:32 3 1 150
19:45:02 4 0 150
19:45:32 4 0 150
19:46:02 4 0 150
19:46:32 4 0 150
19:47:02 4 0 150
19:47:32 4 0 151
19:48:02 4 0 150
19:48:32 4 0 153
19:49:03 4 0 151
19:49:33 4 0 150
19:50:03 4 0 150
19:50:33 4 0 150
19:51:03 4 0 153
19:51:33 4 0 150
19:52:03 4 0 150
19:52:33 4 0 150
19:53:03 4 0 152
19:53:33 4 0 154
19:54:04 4 0 150
19:54:34 4 0 150
19:55:04 4 0 154
19:55:35 3 1 152
19:56:04 4 0 150
19:56:34 4 0 150
19:57:04 4 0 150
19:57:34 4 0 150
19:58:05 4 0 151
19:58:35 4 0 150
19:59:05 4 0 151
19:59:35 4 0 150
20:00:05 4 0 154
20:00:35 4 0 154
20:01:05 4 0 150
20:01:35 4 0 150
20:02:05 4 0 150
20:02:35 4 0 150
20:03:06 4 0 150
20:03:36 4 0 154
20:04:06 4 0 155
20:04:36 4 0 153
20:05:06 4 0 150
20:05:36 4 0 150
20:06:06 4 0 150
20:06:36 4 0 152
20:07:06 4 0 150
20:07:36 4 0 150
20:08:07 4 0 150
20:08:37 4 0 150
20:09:07 4 0 150
20:09:37 4 0 150
20:10:07 4 0 154
20:10:37 4 0 150
20:11:07 4 0 151
20:11:37 4 0 156
20:12:07 4 0 149
20:12:37 4 0 150
20:13:08 4 0 152
20:13:38 4 0 150
20:14:08 4 0 150
20:14:38 4 0 150
20:15:08 4 0 152
20:15:38 4 0 179
20:16:08 4 0 154
20:16:38 4 0 150
20:17:08 4 0 150
20:17:38 4 0 154
20:18:09 4 0 152
20:18:39 4 0 150
20:19:09 4 0 150
20:19:39 4 0 150
20:20:09 4 0 150
20:20:39 4 0 151
20:21:09 4 0 151
20:21:39 4 0 150
20:22:10 4 0 155
20:22:40 4 0 153
20:23:11 3 1 153
20:23:40 4 0 150
20:24:10 4 0 151
20:24:40 4 0 150
20:25:10 4 0 152
20:25:40 4 0 154
20:26:11 4 0 150
20:26:41 4 0 152
20:27:11 4 0 150
20:27:41 4 0 154
20:28:11 4 0 150
20:28:41 4 0 150
20:29:11 4 0 150
20:29:41 4 0 150
20:30:12 4 0 154
20:30:42 4 0 154
20:31:12 4 0 154
20:31:42 4 0 154
20:32:12 4 0 154
20:32:42 4 0 156
20:33:12 4 0 150
20:33:42 4 0 151
20:34:12 4 0 154
20:34:42 4 0 150
20:35:13 4 0 150
20:35:43 4 0 161
20:36:13 4 0 154
20:36:43 4 0 154
20:37:13 4 0 150
20:37:43 4 0 151
20:38:13 4 0 154
20:38:43 4 0 154
20:39:13 4 0 155
20:39:43 4 0 154
20:40:14 4 0 154
20:40:44 4 0 154
20:41:14 4 0 154
20:41:44 4 0 149
20:42:14 4 0 150
20:42:44 4 0 155
20:43:14 4 0 154
20:43:44 4 0 154
20:44:14 4 0 150
20:44:44 4 0 150
20:45:15 4 0 150
20:45:45 4 0 154
20:46:15 4 0 150
20:46:45 4 0 154
20:47:15 4 0 154
20:47:45 4 0 154
20:48:15 4 0 154
20:48:45 4 0 150
20:49:16 4 0 156
20:49:46 4 0 154
20:50:16 4 0 150
20:50:46 4 0 150
20:51:17 3 1 157
20:51:46 4 0 154
20:52:16 4 0 154
20:52:46 4 0 150
20:53:16 4 0 151
20:53:46 4 0 155
20:54:17 4 0 154
20:54:47 4 0 154
20:55:17 4 0 165
20:55:47 4 0 150
20:56:17 4 0 150
20:56:47 4 0 154
20:57:17 4 0 152
20:57:47 4 0 150
20:58:17 4 0 153
20:58:47 4 0 150
20:59:18 4 0 150
20:59:48 4 0 156
21:00:18 4 0 154
21:00:48 4 0 154
21:01:18 4 0 154
21:01:48 4 0 155
21:02:18 4 0 154
21:02:48 4 0 154
21:03:18 4 0 154
21:03:49 4 0 184
21:04:19 4 0 154
21:04:49 4 0 154
21:05:19 4 0 154
21:05:50 3 1 154
21:06:19 4 0 154
21:06:50 3 1 150
21:07:20 4 0 172
21:07:50 4 0 154
21:08:20 4 0 151
21:08:50 4 0 150
21:09:21 4 0 154
21:09:51 4 0 154
21:10:22 3 1 150
21:10:51 4 0 155
21:11:22 3 1 150
21:11:51 4 0 152
21:12:21 4 0 154
21:12:51 4 0 157
21:13:22 3 1 154
21:13:51 4 0 154
21:14:23 3 1 154
21:14:52 4 0 155
21:15:22 4 0 154
21:15:52 4 0 154
21:16:22 4 0 150
21:16:52 4 0 154
21:17:22 4 0 154
21:17:52 4 0 152
21:18:23 4 0 152
21:18:53 4 0 154
21:19:23 4 0 151
21:19:53 4 0 150
21:20:23 4 0 150
21:20:53 4 0 150
21:21:23 4 0 150
21:21:54 4 0 152
21:22:24 4 0 156
21:22:54 4 0 152
21:23:24 4 0 154
21:23:54 4 0 154
21:24:24 4 0 154
21:24:54 4 0 153
21:25:24 4 0 156
21:25:54 4 0 150
21:26:25 4 0 154
21:26:55 4 0 154
21:27:26 4 0 177
21:27:56 4 0 154
21:28:26 4 0 154
21:28:56 4 0 152
21:29:26 4 0 160
21:29:56 4 0 150
21:30:26 4 0 154
21:30:56 4 0 154
21:31:27 4 0 154
21:31:57 4 0 150
21:32:27 4 0 151
21:32:57 4 0 154
21:33:27 4 0 153
21:33:57 4 0 164
21:34:27 4 0 150
21:34:57 4 0 150
21:35:28 4 0 154
21:35:58 4 0 156
21:36:28 4 0 154
21:36:58 4 0 154
21:37:28 4 0 154
21:37:58 4 0 154
21:38:28 4 0 154
21:38:58 4 0 150
21:39:28 4 0 150
21:39:58 4 0 150
21:40:29 4 0 150
21:40:59 4 0 154
21:41:29 4 0 154
21:41:59 4 0 150
21:42:29 4 0 151
21:42:59 4 0 150
21:43:29 4 0 154
21:43:59 4 0 152
21:44:30 4 0 156
21:45:00 4 0 164
21:45:30 4 0 150
21:46:00 4 0 150
21:46:30 4 0 150
21:47:00 4 0 154
21:47:30 4 0 150
21:48:00 4 0 152
21:48:31 4 0 155
21:49:01 4 0 150
21:49:31 4 0 150
21:50:01 4 0 150
21:50:31 4 0 154
21:51:01 4 0 154
21:51:31 4 0 155
21:52:01 4 0 150
21:52:32 4 0 150
21:53:02 4 0 150
21:53:32 4 0 150
21:54:02 4 0 150
21:54:32 4 0 154
21:55:02 4 0 154
21:55:32 4 0 150
21:56:02 4 0 151
21:56:32 4 0 150
21:57:02 4 0 154
21:57:33 4 0 150
21:58:03 4 0 155
21:58:33 4 0 155
21:59:03 4 0 154
21:59:33 4 0 155
22:00:03 4 0 154
22:00:33 4 0 154
22:01:03 4 0 154
22:01:34 4 0 155
22:02:04 4 0 179
22:02:34 4 0 150
22:03:04 4 0 150
22:03:34 4 0 150
22:04:04 4 0 150
22:04:34 4 0 152
22:05:05 4 0 152
22:05:35 4 0 150
22:06:05 4 0 150
22:06:35 4 0 150
22:07:06 4 0 150
22:07:36 4 0 150
22:08:06 4 0 154
22:08:36 4 0 156
22:09:06 4 0 154
22:09:37 4 0 150
22:10:07 4 0 150
22:10:37 4 0 150
22:11:07 4 0 150
22:11:37 4 0 150
22:12:07 4 0 152
22:12:37 4 0 150
22:13:07 4 0 150
22:13:38 4 0 150
22:14:08 4 0 150
22:14:38 4 0 151
22:15:08 4 0 150
22:15:38 4 0 150
22:16:08 4 0 154
22:16:38 4 0 155
22:17:09 4 0 156
22:17:39 4 0 154
22:18:09 4 0 153
22:18:39 4 0 157
22:19:09 4 0 150
22:19:39 4 0 154
22:20:09 4 0 154
22:20:39 4 0 154
22:21:09 4 0 157
22:21:40 4 0 150
22:22:10 4 0 165
22:22:40 4 0 155
22:23:10 4 0 154
22:23:40 4 0 154
22:24:10 4 0 151
22:24:40 4 0 151
22:25:10 4 0 154
22:25:41 4 0 154
22:26:11 4 0 154
22:26:41 4 0 154
22:27:11 4 0 156
22:27:41 4 0 151
22:28:11 4 0 152
22:28:41 4 0 150
22:29:11 4 0 151
22:29:42 4 0 150
22:30:12 4 0 166
22:30:42 4 0 154
22:31:12 4 0 151
22:31:42 4 0 151
22:32:12 4 0 154
22:32:42 4 0 156
22:33:12 4 0 156
22:33:43 4 0 156
22:34:13 4 0 154
22:34:43 4 0 155
22:35:13 4 0 154
22:35:43 4 0 154
22:36:13 4 0 154
22:36:43 4 0 182
22:37:13 4 0 153
22:37:44 4 0 154
22:38:14 4 0 156
22:38:44 4 0 154
22:39:14 4 0 154
22:39:44 4 0 156
22:40:14 4 0 154
22:40:45 4 0 156
22:41:15 4 0 179
22:41:45 4 0 154
22:42:15 4 0 164
22:42:45 4 0 154
22:43:15 4 0 155
22:43:45 4 0 150
22:44:15 4 0 150
22:44:46 4 0 152
22:45:16 4 0 157
22:45:46 4 0 155
22:46:16 4 0 154
22:46:46 4 0 154
22:47:16 4 0 150
22:47:46 4 0 150
22:48:16 4 0 152
22:48:47 4 0 154
22:49:17 4 0 154
22:49:47 4 0 150
22:50:17 4 0 150
22:50:47 4 0 154
22:51:17 4 0 154
22:51:47 4 0 150
22:52:17 4 0 150
22:52:48 4 0 150
22:53:18 4 0 150
22:53:48 4 0 150
22:54:18 4 0 150
22:54:48 4 0 178
22:55:18 4 0 150
22:55:48 4 0 150
22:56:18 4 0 150
22:56:49 4 0 152
22:57:19 4 0 152
22:57:49 4 0 150
22:58:19 4 0 152
22:58:49 4 0 154
22:59:19 4 0 156
22:59:50 4 0 150
23:00:20 4 0 155
23:00:50 4 0 150
23:01:20 4 0 150
23:01:50 4 0 150
23:02:20 4 0 151
23:02:50 4 0 151
23:03:20 4 0 150
23:03:51 4 0 150
23:04:21 4 0 150
23:04:51 4 0 154
23:05:21 4 0 150
23:05:51 4 0 150
23:06:21 4 0 154
23:06:51 4 0 154
23:07:21 4 0 150
23:07:52 4 0 194
23:08:22 4 0 154
23:08:52 4 0 150
23:09:22 4 0 150
23:09:52 4 0 154
23:10:22 4 0 154
23:10:52 4 0 150
23:11:22 4 0 150
23:11:53 4 0 150
23:12:23 4 0 150
23:12:53 4 0 150
23:13:23 4 0 150
23:13:53 4 0 154
23:14:23 4 0 150
23:14:53 4 0 154
23:15:23 4 0 154
23:15:53 4 0 151
23:16:24 4 0 150
23:16:55 3 1 163
23:17:24 4 0 150
23:17:54 4 0 150
23:18:24 4 0 150
23:18:54 4 0 150
23:19:24 4 0 153
23:19:55 4 0 150
23:20:25 4 0 149
23:20:55 4 0 155
23:21:25 4 0 154
23:21:55 4 0 154
23:22:25 4 0 150
23:22:55 4 0 151
23:23:25 4 0 150
23:23:56 4 0 150
23:24:26 4 0 150
23:24:56 4 0 150
23:25:26 4 0 154
23:25:56 4 0 154
23:26:26 4 0 150
23:26:56 4 0 150
23:27:27 4 0 150
23:27:57 4 0 151
23:28:27 4 0 151
23:28:58 3 1 157
23:29:27 4 0 154
23:29:57 4 0 155
23:30:27 4 0 150
23:30:57 4 0 154
23:31:28 4 0 150
23:31:58 4 0 154
23:32:28 4 0 164
23:32:58 4 0 154
23:33:28 4 0 155
23:33:58 4 0 157
23:34:28 4 0 151
23:34:59 4 0 150
23:35:29 4 0 154
23:35:59 4 0 156
23:36:29 4 0 154
23:36:59 4 0 150
23:37:29 4 0 150
23:37:59 4 0 150
23:38:29 4 0 150
23:39:00 4 0 150
23:39:30 4 0 150
23:40:00 4 0 150
23:40:30 4 0 150
23:41:00 4 0 156
23:41:30 4 0 159
23:42:01 4 0 154
23:42:31 4 0 154
23:43:01 4 0 150
23:43:31 4 0 154
23:44:01 4 0 154
23:44:32 4 0 154
23:45:02 4 0 154
23:45:32 4 0 154
23:46:02 4 0 154
23:46:32 4 0 154
23:47:03 4 0 154
23:47:33 4 0 154
23:48:03 4 0 156
23:48:34 4 0 154
23:49:04 4 0 155
23:49:34 4 0 151
23:50:05 4 0 155
23:50:35 4 0 154
23:51:05 4 0 150
23:51:35 4 0 150
23:52:06 4 0 150
23:52:36 4 0 150
23:53:07 4 0 150
23:53:37 4 0 150
23:54:07 4 0 150
23:54:38 4 0 154
23:55:08 4 0 151
23:55:39 4 0 150
23:56:10 4 0 150
23:56:40 4 0 150
23:57:11 4 0 150
23:57:42 4 0 150
23:58:12 4 0 150
23:58:42 4 0 150
23:59:13 4 0 150
23:59:43 4 0 152
