00:00:11 -1
00:02:04 -1
00:02:48 -1
00:03:27 -1
00:04:27 -1
00:05:27 -1
00:06:30 -1
00:07:35 -1
02:00:27 -1
02:01:28 -1
02:02:28 -1
02:03:29 -1
02:04:29 -1
02:05:30 -1
02:06:30 -1
02:07:31 -1
02:08:31 -1
02:09:31 -1
02:10:32 -1
02:11:32 -1
02:12:32 -1
02:13:33 -1
02:14:33 -1
02:15:34 -1
02:16:34 -1
02:17:34 -1
02:18:35 -1
02:19:36 -1
02:20:36 -1
02:21:36 -1
02:22:37 -1
02:23:37 -1
02:24:38 -1
02:25:38 -1
02:26:39 -1
02:27:39 -1
02:28:39 -1
02:29:40 -1
02:30:40 -1
02:31:41 -1
02:32:41 -1
02:33:41 -1
02:34:42 -1
02:35:42 -1
02:36:43 -1
02:37:43 -1
02:38:43 -1
02:39:44 -1
02:40:44 -1
02:41:45 -1
02:42:45 -1
02:43:45 -1
02:44:46 -1
02:45:46 -1
02:46:47 -1
02:47:47 -1
02:48:47 -1
02:49:48 -1
02:50:48 -1
02:51:49 -1
02:52:49 -1
02:53:49 -1
02:54:50 -1
02:55:50 -1
02:56:51 -1
02:57:51 -1
02:58:51 -1
02:59:52 -1
03:00:52 -1
03:01:53 -1
03:02:53 -1
03:03:53 -1
03:04:54 -1
03:05:54 -1
03:06:55 -1
03:07:55 -1
03:08:56 -1
03:09:56 -1
03:10:56 -1
03:11:57 -1
03:12:57 -1
03:13:57 -1
03:14:58 -1
03:15:58 -1
03:16:58 -1
03:17:59 -1
03:18:59 -1
03:19:59 -1
03:21:00 -1
03:22:00 -1
03:23:01 -1
03:24:01 -1
03:25:01 -1
03:26:02 -1
03:27:02 -1
03:28:02 -1
03:29:02 -1
03:30:03 -1
03:31:03 -1
03:32:04 -1
03:33:04 -1
03:34:04 -1
03:35:04 -1
03:36:05 -1
03:37:05 -1
03:38:06 -1
03:39:06 -1
03:40:06 -1
03:41:07 -1
03:42:07 -1
03:43:07 -1
03:44:08 -1
03:45:08 -1
03:46:08 -1
03:47:09 -1
03:48:09 -1
03:49:10 -1
03:50:10 -1
03:51:10 -1
03:52:11 -1
03:53:11 -1
03:54:11 -1
03:55:11 -1
03:56:12 -1
03:57:12 -1
03:58:12 -1
03:59:13 -1
04:00:13 -1
04:01:14 -1
04:02:14 -1
04:03:14 -1
04:04:14 -1
04:05:15 -1
04:06:15 -1
04:07:16 -1
04:08:16 -1
04:09:16 -1
04:10:17 -1
04:11:17 -1
04:12:17 -1
04:13:18 -1
04:14:18 -1
04:15:18 -1
04:16:18 -1
04:17:19 -1
04:18:19 -1
04:19:19 -1
04:20:20 -1
04:21:20 -1
04:22:20 -1
04:23:21 -1
04:24:21 -1
04:25:22 -1
04:26:22 -1
04:27:22 -1
04:28:23 -1
04:29:23 -1
04:30:23 -1
04:31:24 -1
04:32:24 -1
04:33:24 -1
04:34:25 -1
04:35:25 -1
04:36:25 -1
04:37:26 -1
04:38:26 -1
04:39:27 -1
04:40:27 -1
04:41:27 -1
04:42:28 -1
04:43:28 -1
04:44:28 -1
04:45:29 -1
04:46:29 -1
04:47:29 -1
04:48:30 -1
04:49:30 -1
04:50:30 -1
04:51:31 -1
04:52:31 -1
04:53:31 -1
04:54:32 -1
04:55:32 -1
04:56:32 -1
04:57:33 -1
04:58:33 -1
04:59:33 -1
05:00:34 -1
05:01:34 -1
05:02:35 -1
05:03:35 -1
05:04:35 -1
05:05:36 -1
05:06:36 -1
05:07:36 -1
05:08:37 -1
05:09:37 -1
05:10:37 -1
05:11:38 -1
05:12:38 -1
05:13:38 -1
05:14:39 -1
05:15:39 -1
05:16:40 -1
05:17:40 -1
05:18:40 -1
05:19:41 -1
05:20:41 -1
05:21:41 -1
05:22:42 -1
05:23:42 -1
05:24:42 -1
05:25:43 -1
05:26:43 -1
05:27:43 -1
05:28:44 -1
05:29:44 -1
05:30:44 -1
05:31:45 -1
05:32:45 -1
05:33:45 -1
05:34:46 -1
05:35:46 -1
05:36:46 -1
05:37:47 -1
05:38:47 -1
05:39:47 -1
05:40:48 -1
05:41:48 -1
05:42:48 -1
05:43:49 -1
05:44:49 -1
05:45:49 -1
05:46:50 -1
05:47:50 -1
05:48:50 -1
05:49:51 -1
05:50:51 -1
05:51:51 -1
05:52:52 -1
05:53:52 -1
05:54:52 -1
05:55:53 -1
05:56:53 -1
05:57:53 -1
05:58:54 -1
05:59:54 -1
06:00:55 -1
06:01:55 -1
06:02:56 -1
06:03:56 -1
06:04:56 -1
06:05:57 -1
06:06:57 -1
06:07:58 -1
06:08:58 -1
06:09:59 -1
06:10:59 -1
06:11:59 -1
06:12:59 -1
06:14:00 -1
06:15:00 -1
06:16:01 -1
06:17:01 -1
06:18:01 -1
06:19:02 -1
06:20:02 -1
06:21:02 -1
06:22:03 -1
06:23:03 -1
06:24:03 -1
06:25:03 -1
06:26:04 -1
06:27:04 -1
06:28:05 -1
06:29:05 -1
06:30:05 -1
06:31:06 -1
06:32:06 -1
06:33:06 -1
06:34:07 -1
06:35:07 -1
06:36:07 -1
06:37:08 -1
06:38:08 -1
06:39:09 -1
06:40:09 -1
06:41:09 -1
06:42:09 -1
06:43:10 -1
06:44:10 -1
06:45:10 -1
06:46:11 -1
06:47:11 -1
06:48:11 -1
06:49:12 -1
06:50:12 -1
06:51:12 -1
06:52:13 -1
06:53:13 -1
06:54:13 -1
06:55:14 -1
06:56:14 -1
06:57:14 -1
06:58:15 -1
06:59:15 -1
07:00:15 -1
07:01:16 -1
07:02:16 -1
07:03:16 -1
07:04:17 -1
07:05:17 -1
07:06:17 -1
07:07:18 -1
07:08:18 -1
07:09:18 -1
07:10:19 -1
07:11:19 -1
07:12:20 -1
07:13:20 -1
07:14:20 -1
07:15:20 -1
07:16:21 -1
07:17:21 -1
07:18:22 -1
07:19:22 -1
07:20:22 -1
07:21:23 -1
07:22:23 -1
07:23:23 -1
07:24:23 -1
07:25:24 -1
07:26:24 -1
07:27:24 -1
07:28:25 -1
07:29:25 -1
07:30:25 -1
07:31:26 -1
07:32:26 -1
07:33:27 -1
07:34:28 -1
07:35:27 -1
07:36:28 -1
07:37:28 -1
07:38:28 -1
07:39:29 -1
07:40:29 -1
07:41:29 -1
07:42:30 -1
07:43:30 -1
07:44:30 -1
07:45:31 -1
07:46:31 -1
07:47:31 -1
07:48:31 -1
07:49:32 -1
07:50:32 -1
07:51:32 -1
07:52:33 -1
07:53:33 -1
07:54:34 -1
07:55:34 -1
07:56:34 -1
07:57:34 -1
07:58:35 -1
07:59:35 -1
08:00:35 -1
08:01:36 -1
08:02:36 -1
08:03:36 -1
08:04:37 -1
08:05:37 -1
08:06:37 -1
08:07:37 -1
08:08:38 -1
08:09:38 -1
08:10:38 -1
08:11:39 -1
08:12:39 -1
08:13:40 -1
08:14:40 -1
08:15:40 -1
08:16:40 -1
08:17:41 -1
08:18:41 -1
08:19:41 -1
08:20:42 -1
08:21:42 -1
08:22:42 -1
08:23:43 -1
08:24:44 -1
08:25:44 -1
08:26:44 -1
08:27:44 -1
08:28:45 -1
08:29:45 -1
08:30:45 -1
08:31:46 -1
08:32:46 -1
08:33:46 -1
08:34:47 -1
08:35:47 -1
08:36:47 -1
08:37:48 -1
08:38:48 -1
08:39:48 -1
08:40:49 -1
08:41:49 -1
08:42:50 -1
08:43:50 -1
08:44:50 -1
08:45:51 -1
08:46:51 -1
08:47:51 -1
08:48:52 -1
08:49:52 -1
08:50:52 -1
08:51:53 -1
08:52:53 -1
08:53:53 -1
08:54:54 -1
08:55:55 -1
08:56:56 -1
08:57:56 -1
08:58:57 -1
08:59:57 -1
09:00:57 -1
09:01:58 -1
09:02:58 -1
09:03:58 -1
09:04:58 -1
09:05:59 -1
09:06:59 -1
09:07:59 -1
09:08:59 -1
09:10:00 -1
09:11:00 -1
09:12:00 -1
09:13:00 -1
09:14:01 -1
09:15:01 -1
09:16:01 -1
09:17:01 -1
09:18:02 -1
09:19:02 -1
09:20:03 -1
09:21:03 -1
09:22:03 -1
09:23:04 -1
09:24:04 -1
09:25:04 -1
09:26:04 -1
09:27:05 -1
09:28:05 -1
09:29:05 -1
09:30:05 -1
09:31:06 -1
09:32:06 -1
09:33:06 -1
09:34:07 -1
09:35:07 -1
09:36:07 -1
09:37:08 -1
09:38:08 -1
09:39:09 -1
09:40:09 -1
09:41:09 -1
09:42:10 -1
09:43:10 -1
09:44:10 -1
09:45:10 -1
09:46:10 -1
09:47:11 -1
09:48:11 -1
09:49:11 -1
09:50:12 -1
09:51:12 -1
09:52:12 -1
09:53:12 -1
09:54:12 -1
09:55:13 -1
09:56:13 -1
09:57:13 -1
09:58:13 -1
09:59:14 -1
10:00:14 -1
10:01:14 -1
10:02:14 -1
10:03:15 -1
10:04:15 -1
10:05:15 -1
10:06:15 -1
10:07:16 -1
10:08:16 -1
10:09:16 -1
10:10:16 -1
10:11:17 -1
10:12:17 -1
10:13:17 -1
10:14:17 -1
10:15:18 -1
10:16:18 -1
10:17:18 -1
10:18:19 -1
10:19:19 -1
10:20:19 -1
10:21:19 -1
10:22:19 -1
10:23:21 -1
10:24:22 -1
10:25:23 -1
10:26:23 -1
10:27:24 -1
10:28:24 -1
10:29:24 -1
10:30:25 -1
10:31:25 -1
10:32:25 -1
10:33:26 -1
10:34:26 -1
10:35:26 -1
10:36:26 -1
10:37:27 -1
10:38:27 -1
10:39:27 -1
10:40:28 -1
10:41:28 -1
10:42:28 -1
10:43:29 -1
10:44:29 -1
10:45:29 -1
10:46:30 -1
10:47:30 -1
10:48:30 -1
10:49:31 -1
10:50:31 -1
10:51:32 -1
10:52:32 -1
10:53:32 -1
10:54:32 -1
10:55:33 -1
10:56:34 -1
10:57:34 -1
10:58:35 -1
10:59:36 -1
11:00:36 -1
11:01:36 -1
11:02:37 -1
11:03:37 -1
11:04:37 -1
11:05:38 -1
11:06:38 -1
11:07:39 -1
11:08:39 -1
11:09:39 -1
11:10:39 -1
11:11:40 -1
11:12:40 -1
11:13:40 -1
11:14:41 -1
11:15:42 -1
11:16:43 -1
11:17:44 -1
11:18:44 -1
11:19:44 -1
11:20:45 -1
11:21:45 -1
11:22:45 -1
11:23:46 -1
11:24:46 -1
11:25:46 -1
11:26:46 -1
11:27:46 -1
11:28:47 -1
11:29:47 -1
11:30:47 -1
11:31:47 -1
11:32:48 -1
11:33:48 -1
11:34:48 -1
11:35:49 -1
11:36:50 -1
11:37:51 -1
11:38:51 -1
11:39:51 -1
11:40:51 -1
11:41:52 -1
11:42:52 -1
11:43:52 -1
11:44:53 -1
11:45:54 -1
11:46:55 -1
11:47:55 -1
11:48:55 -1
11:49:55 -1
11:50:56 -1
11:51:57 -1
11:52:58 -1
11:53:58 -1
11:54:59 -1
11:55:59 -1
11:56:59 -1
11:58:00 -1
11:59:00 -1
12:00:00 -1
12:01:00 -1
12:02:01 -1
12:03:01 -1
12:04:01 -1
12:05:01 -1
12:06:02 -1
12:07:03 -1
12:08:03 -1
12:09:03 -1
12:10:03 -1
12:11:05 -1
12:12:05 -1
12:13:05 -1
12:14:05 -1
12:15:06 -1
12:16:06 -1
12:17:07 -1
12:18:08 -1
12:19:08 -1
12:20:08 -1
12:21:09 -1
12:22:09 -1
12:23:09 -1
12:24:09 -1
12:25:09 -1
12:26:10 -1
12:27:10 -1
12:28:10 -1
12:29:11 -1
12:30:11 -1
12:31:11 -1
12:32:12 -1
12:33:12 -1
12:34:12 -1
12:35:12 -1
12:36:12 -1
12:37:13 -1
12:38:13 -1
12:39:13 -1
12:40:14 -1
12:41:14 -1
12:42:14 -1
12:43:14 -1
12:44:14 -1
12:45:15 -1
12:46:15 -1
12:47:15 -1
12:48:15 -1
12:49:15 -1
12:50:16 -1
12:51:17 -1
12:52:17 -1
12:53:17 -1
12:54:17 -1
12:55:18 -1
12:56:18 -1
12:57:18 -1
12:58:19 -1
12:59:19 -1
13:00:19 -1
13:01:19 -1
13:02:20 -1
13:03:20 -1
13:04:20 -1
13:05:20 -1
13:06:20 -1
13:07:21 -1
13:08:21 -1
13:09:21 -1
13:10:21 -1
13:11:21 -1
13:12:22 -1
13:13:22 -1
13:14:22 -1
13:15:22 -1
13:16:22 -1
13:17:22 -1
13:18:23 -1
13:19:23 -1
13:20:23 -1
13:21:23 -1
13:22:24 -1
13:23:24 -1
13:24:24 -1
13:25:25 -1
13:26:25 -1
13:27:25 -1
13:28:26 -1
13:29:26 -1
13:30:26 -1
13:31:26 -1
13:32:27 -1
13:33:28 -1
13:34:28 -1
13:35:28 -1
13:36:28 -1
13:37:28 -1
13:38:28 -1
13:39:29 -1
13:40:29 -1
13:41:29 -1
13:42:30 -1
13:43:31 -1
13:44:31 -1
13:45:31 -1
13:46:31 -1
13:47:32 -1
13:48:32 -1
13:49:32 -1
13:50:32 -1
13:51:32 -1
13:52:33 -1
13:53:33 -1
13:54:33 -1
13:55:34 -1
13:56:34 -1
13:57:34 -1
13:58:34 -1
13:59:34 -1
14:00:35 -1
14:01:35 -1
14:02:35 -1
14:03:35 -1
14:04:35 -1
14:05:36 -1
14:06:36 -1
14:07:37 -1
14:08:37 -1
14:09:37 -1
14:10:38 -1
14:11:38 -1
14:12:38 -1
14:13:39 -1
14:14:39 -1
14:15:39 -1
14:16:39 -1
14:17:40 -1
14:18:40 -1
14:19:40 -1
14:20:41 -1
14:21:41 -1
14:22:41 -1
14:23:41 -1
14:24:41 -1
14:25:42 -1
14:26:42 -1
14:27:42 -1
14:28:43 -1
14:29:43 -1
14:30:43 -1
14:31:44 -1
14:32:44 -1
14:33:44 -1
14:34:45 -1
14:35:45 -1
14:36:46 -1
14:37:46 -1
14:38:46 -1
14:39:47 -1
14:40:47 -1
14:41:48 -1
14:42:48 -1
14:43:48 -1
14:44:50 -1
14:45:51 -1
14:46:51 -1
14:47:51 -1
14:48:51 -1
14:49:52 -1
14:50:52 -1
14:51:53 -1
14:52:54 -1
14:53:54 -1
14:54:54 -1
14:55:55 -1
14:56:55 -1
14:57:55 -1
14:58:56 -1
14:59:56 -1
15:00:56 -1
15:01:56 -1
15:02:56 -1
15:03:57 -1
15:04:57 -1
15:05:57 -1
15:06:57 -1
15:07:58 -1
15:08:58 -1
15:09:58 -1
15:10:58 -1
15:11:58 -1
15:12:59 -1
15:13:59 -1
15:14:59 -1
15:16:00 -1
15:17:00 -1
15:18:00 -1
15:19:00 -1
15:20:00 -1
15:21:01 -1
15:22:01 -1
15:23:01 -1
15:24:01 -1
15:25:01 -1
15:26:02 -1
15:27:02 -1
15:28:02 -1
15:29:02 -1
15:30:02 -1
15:31:03 -1
15:32:03 -1
15:33:04 -1
15:34:04 -1
15:35:04 -1
15:36:04 -1
15:37:04 -1
15:38:05 -1
15:39:05 -1
15:40:05 -1
15:41:05 -1
15:42:05 -1
15:43:06 -1
15:44:06 -1
15:45:06 -1
15:46:07 -1
15:47:07 -1
15:48:07 -1
15:49:07 -1
15:50:07 -1
15:51:08 -1
15:52:08 -1
15:53:09 -1
15:54:09 -1
15:55:09 -1
15:56:09 -1
15:57:09 -1
15:58:10 -1
15:59:10 -1
16:00:10 -1
16:01:10 -1
16:02:10 -1
16:03:11 -1
16:04:11 -1
16:05:11 -1
16:06:11 -1
16:07:12 -1
16:08:12 -1
16:09:12 -1
16:10:12 -1
16:11:12 -1
16:12:13 -1
16:13:13 -1
16:14:13 -1
16:15:13 -1
16:16:14 -1
16:17:14 -1
16:18:14 -1
16:19:14 -1
16:20:14 -1
16:21:15 -1
16:22:15 -1
16:23:15 -1
16:24:16 -1
16:25:16 -1
16:26:16 -1
16:27:16 -1
16:28:16 -1
16:29:17 -1
16:30:17 -1
16:31:17 -1
16:32:18 -1
16:33:18 -1
16:34:18 -1
16:35:18 -1
16:36:19 -1
16:37:19 -1
16:38:19 -1
16:39:20 -1
16:40:20 -1
16:41:20 -1
16:42:20 -1
16:43:20 -1
16:44:21 -1
16:45:21 -1
16:46:21 -1
16:47:21 -1
16:48:21 -1
16:49:22 -1
16:50:22 -1
16:51:22 -1
16:52:22 -1
16:53:23 -1
16:54:23 -1
16:55:23 -1
16:56:24 -1
16:57:24 -1
16:58:24 -1
16:59:24 -1
17:00:25 -1
17:01:25 -1
17:02:25 -1
17:03:26 -1
17:04:26 -1
17:05:26 -1
17:06:26 -1
17:07:27 -1
17:08:27 -1
17:09:27 -1
17:10:27 -1
17:11:27 -1
17:12:28 -1
17:13:28 -1
17:14:28 -1
17:15:29 -1
17:16:29 -1
17:17:29 -1
17:18:29 -1
17:19:29 -1
17:20:30 -1
17:21:30 -1
17:22:30 -1
17:23:30 -1
17:24:31 -1
17:25:31 -1
17:26:31 -1
17:27:32 -1
17:28:32 -1
17:29:32 -1
17:30:33 -1
17:31:33 -1
17:32:33 -1
17:33:34 -1
17:34:34 -1
17:35:34 -1
17:36:34 -1
17:37:35 -1
17:38:35 -1
17:39:35 -1
17:40:36 -1
17:41:36 -1
17:42:36 -1
17:43:37 -1
17:44:38 -1
17:45:38 -1
17:46:38 -1
17:47:39 -1
17:48:39 -1
17:49:39 -1
17:50:39 -1
17:51:40 -1
17:52:40 -1
17:53:40 -1
17:54:40 -1
17:55:40 -1
17:56:41 -1
17:57:41 -1
17:58:41 -1
17:59:41 -1
18:00:42 -1
18:01:42 -1
18:02:42 -1
18:03:42 -1
18:04:43 -1
18:05:43 -1
18:06:43 -1
18:07:43 -1
18:08:44 -1
18:09:44 -1
18:10:44 -1
18:11:45 -1
18:12:45 -1
18:13:45 -1
18:14:45 -1
18:15:46 -1
18:16:46 -1
18:17:46 -1
18:18:46 -1
18:19:47 -1
18:20:47 -1
18:21:47 -1
18:22:48 -1
18:23:49 -1
18:24:49 -1
18:25:49 -1
18:26:50 -1
18:27:50 -1
18:28:50 -1
18:29:51 -1
18:30:51 -1
18:31:51 -1
18:32:52 -1
18:33:52 -1
18:34:53 -1
18:35:53 -1
18:36:53 -1
18:37:54 -1
18:38:54 -1
18:39:54 -1
18:40:55 -1
18:41:55 -1
18:42:55 -1
18:43:55 -1
18:44:56 -1
18:45:56 -1
18:46:56 -1
18:47:56 -1
18:48:56 -1
18:49:57 -1
18:50:57 -1
18:51:57 -1
18:52:57 -1
18:53:58 -1
18:54:59 -1
18:55:59 -1
18:56:59 -1
18:57:59 -1
18:59:00 -1
19:00:00 -1
19:01:00 -1
19:02:00 -1
19:03:01 -1
19:04:01 -1
19:05:01 -1
19:06:01 -1
19:07:01 -1
19:08:02 -1
19:09:02 -1
19:10:02 -1
19:11:02 -1
19:12:02 -1
19:13:03 -1
19:14:03 -1
19:15:03 -1
19:16:04 -1
19:17:04 -1
19:18:04 -1
19:19:04 -1
19:20:04 -1
19:21:05 -1
19:22:05 -1
19:23:05 -1
19:24:05 -1
19:25:05 -1
19:26:06 -1
19:27:06 -1
19:28:06 -1
19:29:06 -1
19:30:06 -1
19:31:07 -1
19:32:07 -1
19:33:07 -1
19:34:08 -1
19:35:08 -1
19:36:08 -1
19:37:08 -1
19:38:09 -1
19:39:09 -1
19:40:09 -1
19:41:09 -1
19:42:09 -1
19:43:10 -1
19:44:10 -1
19:45:10 -1
19:46:10 -1
19:47:10 -1
19:48:11 -1
19:49:11 -1
19:50:11 -1
19:51:11 -1
19:52:12 -1
19:53:12 -1
19:54:12 -1
19:55:12 -1
19:56:12 -1
19:57:12 -1
19:58:13 -1
19:59:13 -1
20:00:13 -1
20:01:14 -1
20:02:14 -1
20:03:14 -1
20:04:14 -1
20:05:14 -1
20:06:15 -1
20:07:15 -1
20:08:15 -1
20:09:15 -1
20:10:15 -1
20:11:15 -1
20:12:16 -1
20:13:16 -1
20:14:16 -1
20:15:16 -1
20:16:17 -1
20:17:17 -1
20:18:17 -1
20:19:17 -1
20:20:17 -1
20:21:18 -1
20:22:18 -1
20:23:18 -1
20:24:19 -1
20:25:19 -1
20:26:19 -1
20:27:19 -1
20:28:19 -1
20:29:20 -1
20:30:20 -1
20:31:20 -1
20:32:20 -1
20:33:21 -1
20:34:21 -1
20:35:21 -1
20:36:21 -1
20:37:21 -1
20:38:21 -1
20:39:22 -1
20:40:22 -1
20:41:22 -1
20:42:22 -1
20:43:22 -1
20:44:23 -1
20:45:23 -1
20:46:23 -1
20:47:24 -1
20:48:24 -1
20:49:24 -1
20:50:24 -1
20:51:24 -1
20:52:25 -1
20:53:25 -1
20:54:25 -1
20:55:25 -1
20:56:25 -1
20:57:26 -1
20:58:26 -1
20:59:26 -1
21:00:26 -1
21:01:26 -1
21:02:27 -1
21:03:27 -1
21:04:27 -1
21:05:28 -1
21:06:27 -1
21:07:28 -1
21:08:28 -1
21:09:28 -1
21:10:28 -1
21:11:28 -1
21:12:29 -1
21:13:29 -1
21:14:29 -1
21:15:29 -1
21:16:29 -1
21:17:30 -1
21:18:30 -1
21:19:30 -1
21:20:31 -1
21:21:31 -1
21:22:31 -1
21:23:31 -1
21:24:31 -1
21:25:32 -1
21:26:32 -1
21:27:32 -1
21:28:32 -1
21:29:33 -1
21:30:33 -1
21:31:33 -1
21:32:33 -1
21:33:33 -1
21:34:34 -1
21:35:34 -1
21:36:34 -1
21:37:34 -1
21:38:35 -1
21:39:35 -1
21:40:35 -1
21:41:35 -1
21:42:36 -1
21:43:36 -1
21:44:36 -1
21:45:36 -1
21:46:36 -1
21:47:37 -1
21:48:37 -1
21:49:37 -1
21:50:37 -1
21:51:38 -1
21:52:38 -1
21:53:38 -1
21:54:39 -1
21:55:39 -1
21:56:39 -1
21:57:39 -1
21:58:39 -1
21:59:40 -1
22:00:40 -1
22:01:40 -1
22:02:40 -1
22:03:40 -1
22:04:41 -1
22:05:41 -1
22:06:41 -1
22:07:42 -1
22:08:42 -1
22:09:42 -1
22:10:43 -1
22:11:42 -1
22:12:43 -1
22:13:43 -1
22:14:43 -1
22:15:44 -1
22:16:44 -1
22:17:44 -1
22:18:44 -1
22:19:44 -1
22:20:45 -1
22:21:45 -1
22:22:45 -1
22:23:46 -1
22:24:46 -1
22:25:46 -1
22:26:46 -1
22:27:46 -1
22:28:47 -1
22:29:47 -1
22:30:47 -1
22:31:47 -1
22:32:48 -1
22:33:48 -1
22:34:48 -1
22:35:48 -1
22:36:49 -1
22:37:49 -1
22:38:49 -1
22:39:50 -1
22:40:50 -1
22:41:50 -1
22:42:51 -1
22:43:51 -1
22:44:51 -1
22:45:51 -1
22:46:51 -1
22:47:52 -1
22:48:52 -1
22:49:52 -1
22:50:53 -1
22:51:53 -1
22:52:53 -1
22:53:53 -1
22:54:53 -1
22:55:54 -1
22:56:54 -1
22:57:54 -1
22:58:55 -1
22:59:55 -1
23:00:55 -1
23:01:55 -1
23:02:56 -1
23:03:56 -1
23:04:56 -1
23:05:56 -1
23:06:57 -1
23:07:57 -1
23:08:57 -1
23:09:57 -1
23:10:58 -1
23:11:58 -1
23:12:58 -1
23:13:58 -1
23:14:59 -1
23:15:59 -1
23:16:59 -1
23:17:59 -1
23:19:00 -1
23:20:00 -1
23:21:00 -1
23:22:01 -1
23:23:01 -1
23:24:01 -1
23:25:01 -1
23:26:02 -1
23:27:02 -1
23:28:02 -1
23:29:02 -1
23:30:03 -1
23:31:03 -1
23:32:03 -1
23:33:03 -1
23:34:04 -1
23:35:04 -1
23:36:04 -1
23:37:05 -1
23:38:05 -1
23:39:05 -1
23:40:05 -1
23:41:06 -1
23:42:06 -1
23:43:06 -1
23:44:07 -1
23:45:07 -1
23:46:07 -1
23:47:08 -1
23:48:09 -1
23:49:09 -1
23:50:10 -1
23:51:11 -1
23:52:11 -1
23:53:12 -1
23:54:13 -1
23:55:13 -1
23:56:14 -1
23:57:15 -1
23:58:15 -1
23:59:16 -1
