00:01:53 115824 9768
00:03:23 50383 4616
00:04:09 83913 7598
00:05:13 78166 3719
00:06:12 9628 2002
00:07:18 30240 6916
00:08:19 33593 6923
02:00:06 -1 -1
02:01:07 76380 8951
02:02:07 22257 2563
02:03:08 40440 6549
02:04:08 18941 5028
02:05:09 67974 9490
02:06:09 95321 9773
02:07:09 9865 2424
02:08:10 16033 3231
02:09:10 1049 1201
02:10:11 94836 4769
02:11:11 33260 2855
02:12:11 13258 4742
02:13:12 46083 3094
02:14:12 3587 6228
02:15:13 87336 36791
02:16:13 1063 956
02:17:13 59201 3376
02:18:14 3386 5433
02:19:15 42011 2585
02:20:15 31861 2730
02:21:15 176110 7136
02:22:16 25599 10414
02:23:16 64409 6361
02:24:17 422519 41538
02:25:17 456709 42966
02:26:17 18727 2643
02:27:18 9342 1191
02:28:18 25843 3030
02:29:19 5499 1813
02:30:19 53583 2061
02:31:20 52855 3091
02:32:20 64004 9220
02:33:21 45927 2482
02:34:21 2071 689
02:35:21 309 606
02:36:22 874754 31322
02:37:22 158188 8218
02:38:22 26573 1581
02:39:23 22931 1838
02:40:23 25127 2891
02:41:23 2534 636
02:42:24 24811 4349
02:43:24 9119 1513
02:44:25 90527 10932
02:45:25 25701 1376
02:46:25 45232 1614
02:47:26 13011 2112
02:48:26 20802 2714
02:49:27 874576 28832
02:50:27 20914 5213
02:51:27 4273 4926
02:52:28 32634 4970
02:53:28 65270 7706
02:54:29 22038 5936
02:55:29 111717 7544
02:56:29 88255 6811
02:57:30 78895 5375
02:58:30 18844 5810
02:59:31 124141 6195
03:00:31 71842 6166
03:01:31 24549 10974
03:02:32 18036 1380
03:03:32 181304 9414
03:04:32 60831 3848
03:05:33 51038 3429
03:06:34 235278 24141
03:07:34 56565 8468
03:08:35 18095 17128
03:09:35 84924 17230
03:10:35 38250 3678
03:11:36 63021 4822
03:12:36 128097 7970
03:13:36 30304 5914
03:14:37 18543 2366
03:15:37 54178 3610
03:16:37 89879 7035
03:17:37 94687 4528
03:18:38 28558 1493
03:19:38 60837 4423
03:20:39 7980 3490
03:21:39 225077 16189
03:22:39 84345 4733
03:23:40 17732 1885
03:24:40 141148 13185
03:25:40 92069 10149
03:26:41 104438 9993
03:27:41 67861 3417
03:28:41 24331 7624
03:29:42 134659 10617
03:30:42 17868 2142
03:31:42 29002 8507
03:32:43 84819 5270
03:33:43 21821 9501
03:34:44 46718 3516
03:35:44 33399 3381
03:36:44 34313 5443
03:37:44 35500 2978
03:38:45 7414 7570
03:39:45 94071 4086
03:40:46 72094 3188
03:41:46 29281 2864
03:42:46 26743 3546
03:43:46 38244 3126
03:44:47 770 1884
03:45:47 3168 4036
03:46:48 39186 1915
03:47:48 25929 2901
03:48:48 10890 4398
03:49:48 94354 9132
03:50:49 43359 3968
03:51:49 21975 1725
03:52:50 216745 17277
03:53:50 71191 5613
03:54:50 27394 2596
03:55:51 57312 3317
03:56:51 22307 6712
03:57:51 70873 2852
03:58:52 15556 836
03:59:52 630 1047
04:00:52 56191 4877
04:01:53 25990 8858
04:02:53 156536 12060
04:03:53 11944 7255
04:04:54 49081 4698
04:05:54 49964 2065
04:06:55 1081 1751
04:07:55 66601 3902
04:08:55 130841 14862
04:09:56 399442 23960
04:10:56 24293 7583
04:11:56 10552 962
04:12:56 76725 5471
04:13:57 20144 3488
04:14:57 26510 1154
04:15:57 35148 4910
04:16:58 102551 5692
04:17:58 490557 15194
04:18:58 224337 18299
04:19:59 19772 1440
04:20:59 101965 4799
04:21:59 66924 4637
04:23:00 69073 7161
04:24:00 45268 4088
04:25:00 108212 4757
04:26:01 172867 11954
04:27:01 890 560
04:28:01 41854 4281
04:29:02 77550 46264
04:30:02 84121 5364
04:31:03 33359 3879
04:32:03 5832 1201
04:33:03 55651 4352
04:34:03 19675 3840
04:35:04 167274 9685
04:36:04 50711 5805
04:37:05 24339 2254
04:38:05 641268 37596
04:39:05 19648 2492
04:40:06 17610 5616
04:41:06 18905 2332
04:42:07 428 496
04:43:07 5755 6883
04:44:07 101818 6838
04:45:08 2506 476
04:46:08 35994 3053
04:47:08 13841 6416
04:48:08 730 836
04:49:09 96017 5878
04:50:09 11254 2333
04:51:10 146499 14897
04:52:10 2498 3972
04:53:10 46446 4685
04:54:11 40211 1966
04:55:11 43773 2670
04:56:11 4160 4044
04:57:12 4578 4800
04:58:12 175674 9445
04:59:12 114173 52992
05:00:13 47131 5334
05:01:13 229617 14751
05:02:13 47712 3854
05:03:14 350 356
05:04:14 63929 4142
05:05:14 268 66
05:06:15 17548 2650
05:07:15 66101 7511
05:08:15 388 266
05:09:16 16753 6176
05:10:16 6186 2329
05:11:16 67212 5056
05:12:17 16547 3688
05:13:17 6171 1288
05:14:17 641 314
05:15:18 88928 3452
05:16:18 87651 15143
05:17:18 742 1163
05:18:19 65445 4470
05:19:19 56263 7564
05:20:20 38702 2593
05:21:21 58145 5526
05:22:21 650 1582
05:23:21 6420 6472
05:24:21 14469 1711
05:25:21 57529 5386
05:26:22 60385 9635
05:27:22 86981 6981
05:28:23 129742 8761
05:29:23 21734 2063
05:30:23 7650 8272
05:31:24 2197 1504
05:32:24 3308 224
05:33:24 409875 12322
05:34:25 2169 1744
05:35:25 28200 1241
05:36:25 866 974
05:37:25 53584 3831
05:38:26 38442 4203
05:39:26 4649 1512
05:40:26 718 0
05:41:27 6918 7815
05:42:27 36085 4136
05:43:28 392 264
05:44:28 44738 5210
05:45:28 27752 6716
05:46:29 3459 1020
05:47:29 162588 15298
05:48:29 17872 7002
05:49:29 67160 53132
05:50:30 2750 1021
05:51:30 53701 4918
05:52:31 56836 4796
05:53:31 114793 8498
05:54:31 50170 2943
05:55:32 8068 7626
05:56:32 45537 8510
05:57:32 38239 8132
05:58:33 992 1700
05:59:33 31100 2102
06:00:33 348084 13884
06:01:34 99434 6154
06:02:34 157397 15283
06:03:35 132689 5604
06:04:35 97996 4649
06:05:36 107344 5630
06:06:36 28276 4706
06:07:36 57975 10982
06:08:37 24940 12233
06:09:37 56995 14710
06:10:38 24206 6331
06:11:38 46466 5213
06:12:38 45407 4798
06:13:39 31335 7452
06:14:39 68380 9416
06:15:39 228971 14522
06:16:40 16616 1052
06:17:40 213112 17564
06:18:40 4018 426
06:19:41 39240 1448
06:20:41 35670 2587
06:21:41 35373 4904
06:22:42 17604 6897
06:23:42 17974 2788
06:24:43 2812 1090
06:25:43 28943 2362
06:26:43 4244 6896
06:27:43 13222 8067
06:28:44 11272 2237
06:29:44 17693 2055
06:30:45 177953 9902
06:31:45 3258 5068
06:32:45 159791 13536
06:33:46 24105 2326
06:34:46 26312 1389
06:35:46 3999 1179
06:36:46 94456 10515
06:37:47 43968 3125
06:38:47 3132 5265
06:39:48 122913 12636
06:40:48 64220 7550
06:41:48 18146 8010
06:42:49 21632 2472
06:43:49 32123 1845
06:44:49 57905 9348
06:45:50 830 620
06:46:50 8459 1818
06:47:50 115140 8802
06:48:51 20705 2024
06:49:51 87649 5270
06:50:51 3958 2359
06:51:52 44023 4281
06:52:52 26737 3580
06:53:52 54 590
06:54:53 71879 6199
06:55:53 65116 4144
06:56:53 89833 4502
06:57:54 63560 7119
06:58:54 13758 2457
06:59:54 53821 3389
07:00:55 54 66
07:01:55 74592 6443
07:02:55 21502 3022
07:03:56 668 620
07:04:56 4575 1393
07:05:56 31696 3796
07:06:57 10024 1939
07:07:57 89260 11731
07:08:57 2932 2672
07:09:57 21664 2219
07:10:58 98628 12510
07:11:58 43001 6803
07:12:59 65853 6924
07:13:59 134567 12479
07:14:59 48424 5688
07:16:00 22433 2970
07:17:00 3996 6532
07:18:00 84134 59616
07:19:01 482 1432
07:20:01 16341 13556
07:21:01 87118 7713
07:22:02 23087 7428
07:23:02 37909 9434
07:24:03 15399 8935
07:25:03 4116 1568
07:26:03 18448 2854
07:27:03 2934 1184
07:28:04 20545 1782
07:29:04 33955 5949
07:30:04 60394 2927
07:31:05 3120 132
07:32:06 163190 12474
07:33:06 56964 4942
07:34:06 9948 3587
07:35:07 14385 1448
07:36:07 26492 6124
07:37:08 41606 1460
07:38:08 89509 9263
07:39:09 15352 2070
07:40:09 70868 5337
07:41:09 44477 3375
07:42:10 113039 12126
07:43:10 33330 2500
07:44:10 99453 6793
07:45:10 686488 23516
07:46:11 74903 6620
07:47:11 39810 9099
07:48:12 112290 7067
07:49:12 164212 10328
07:50:12 168225 10198
07:51:12 47522 8079
07:52:13 22989 2877
07:53:13 37254 2560
07:54:13 179726 5056
07:55:14 38104 9306
07:56:14 37316 2229
07:57:14 72637 6264
07:58:15 5640 4885
07:59:15 107872 4006
08:00:15 14427 1880
08:01:16 34529 2815
08:02:16 93004 25640
08:03:16 114512 5265
08:04:16 59237 3102
08:05:17 3900 1297
08:06:17 60696 4974
08:07:17 525134 25752
08:08:18 86033 5527
08:09:18 778326 24828
08:10:18 131514 5491
08:11:19 210 214
08:12:19 78860 6075
08:13:20 104059 9387
08:14:20 43538 3805
08:15:20 32037 3227
08:16:20 107680 27774
08:17:20 9122 5979
08:18:21 29465 2230
08:19:21 10985 3358
08:20:22 85094 12830
08:21:22 323079 23557
08:22:22 56441 7685
08:23:23 11320 1987
08:24:23 38666 4632
08:25:24 50998 3925
08:26:24 46528 7438
08:27:24 27455 2795
08:28:25 45334 4335
08:29:25 171311 10482
08:30:25 197476 14071
08:31:26 94745 4871
08:32:26 250424 14659
08:33:26 1901 489
08:34:26 8455 1336
08:35:27 11850 816
08:36:27 57480 11474
08:37:28 938719 40930
08:38:28 45064 3824
08:39:28 8822 1046
08:40:29 83056 4993
08:41:29 37446 4739
08:42:29 2849 4620
08:43:30 26059 8622
08:44:30 108160 9472
08:45:30 72135 9456
08:46:31 31439 4090
08:47:31 7177 3583
08:48:31 27004 1177
08:49:32 208189 38327
08:50:32 29731 1818
08:51:32 97923 4510
08:52:33 23380 3156
08:53:33 67267 13160
08:54:33 109030 9013
08:55:35 155608 13302
08:56:35 51474 4833
08:57:35 885851 39722
08:58:35 493951 91477
08:59:36 85588 84587
09:00:36 25561 2939
09:01:37 151414 21511
09:02:37 105789 34395
09:03:37 83546 9600
09:04:37 221720 10916
09:05:38 184594 44557
09:06:38 130707 9689
09:07:38 30802 31136
09:08:38 1422 33142
09:09:39 13794 35976
09:10:39 25754 35217
09:11:39 19452 33368
09:12:40 4043 6201
09:13:40 64570 12451
09:14:40 174075 9405
09:15:40 9688 17965
09:16:41 176247 36435
09:17:41 72552 16175
09:18:41 30059 12790
09:19:42 4674 2754
09:20:42 4790 4637
09:21:42 12040 3497
09:22:43 44465 7989
09:23:43 8062 1995
09:24:43 244 388
09:25:43 65938 4743
09:26:43 69136 13197
09:27:44 211821 9235
09:28:44 19080 5479
09:29:44 58930 66556
09:30:44 2619 2985
09:31:45 36059 6342
09:32:45 71290 6604
09:33:46 397253 19074
09:34:46 4650 240
09:35:46 125424 15235
09:36:46 26453 4661
09:37:47 148104 3792
09:38:48 13136 1327
09:39:48 211360 18408
09:40:48 50460 7376
09:41:49 10254 1859
09:42:49 16686 2713
09:43:49 955 637
09:44:49 157965 16082
09:45:49 148244 19867
09:46:50 34982 2781
09:47:50 57883 8864
09:48:51 630151 30134
09:49:50 418569 16504
09:50:51 35036 1916
09:51:51 18143 6779
09:52:51 194092 12354
09:53:51 203291 14928
09:54:52 73964 22397
09:55:52 27693 35124
09:56:52 259104 9427
09:57:53 261302 8444
09:58:53 235019 8020
09:59:53 4644 126
10:00:53 15272 2016
10:01:53 211108 20662
10:02:54 179648 6105
10:03:54 96916 5376
10:04:54 21136 3415
10:05:54 73295 5110
10:06:54 257284 14593
10:07:55 153933 13865
10:08:55 15368 588
10:09:55 157082 16011
10:10:55 165727 5081
10:11:56 42080 4014
10:12:56 56994 3704
10:13:56 97093 17658
10:14:56 12212 6665
10:15:57 29829 7175
10:16:57 47406 16364
10:17:57 276221 10392
10:18:58 91525 5615
10:19:58 229181 19711
10:20:59 66866 4418
10:21:59 43428 2292
10:23:00 26993 3723
10:24:01 62061 3257
10:25:02 824 678
10:26:02 61279 7820
10:27:03 317801 11845
10:28:03 55480 4817
10:29:03 13944 830
10:30:04 1756 701
10:31:04 23575 1529
10:32:05 5250 5621
10:33:05 3056 1545
10:34:05 22201 7893
10:35:05 385313 23226
10:36:05 426916 17890
10:37:05 404765 18919
10:38:06 150969 10675
10:39:07 195118 8449
10:40:07 168846 8548
10:41:08 192191 17831
10:42:08 160235 5176
10:43:09 4877 4541
10:44:09 18246 2973
10:45:09 8576 2324
10:46:09 32876 2544
10:47:10 574148 21450
10:48:11 21060 2350
10:49:10 593848 32094
10:50:11 155116 8879
10:51:11 5248 1206
10:52:12 267971 9030
10:53:12 77525 11174
10:54:12 120162 4182
10:55:13 113953 13897
10:56:14 33771 4348
10:57:14 63326 3788
10:58:15 88958 7965
10:59:15 270590 13123
11:00:16 56152 2222
11:01:16 13520 4832
11:02:17 45839 4761
11:03:17 5038 6830
11:04:17 62768 5842
11:05:17 15427 1531
11:06:18 279617 26656
11:07:18 187539 13863
11:08:19 129304 11806
11:09:19 730605 23502
11:10:19 389176 19647
11:11:20 27978 5008
11:12:20 43258 1969
11:13:21 179423 9904
11:14:21 61302 6693
11:15:22 23797 8555
11:16:22 30221 4636
11:17:23 257260 15943
11:18:23 2850 2182
11:19:23 131799 6402
11:20:24 101747 6277
11:21:24 10327 1757
11:22:24 132059 6580
11:23:24 206877 9789
11:24:25 3989 2173
11:25:25 367241 21340
11:26:25 217381 29236
11:27:25 3380 901
11:28:26 139396 6844
11:29:26 90124 5583
11:30:26 43298 4175
11:31:26 11798 2639
11:32:27 54 480
11:33:27 2310 3968
11:34:28 10546 7657
11:35:29 62208 4062
11:36:29 8260 9244
11:37:29 24176 3690
11:38:30 5286 1834
11:39:30 104790 9712
11:40:30 12927 1230
11:41:31 19880 1992
11:42:31 67715 7008
11:43:31 42811 9543
11:44:32 79330 6826
11:45:32 373334 15261
11:46:33 29598 2422
11:47:34 41016 2557
11:48:34 33779 10078
11:49:35 63261 2940
11:50:35 122138 8044
11:51:36 5044 7434
11:52:36 22908 2298
11:53:36 20923 1580
11:54:37 61827 7124
11:55:37 601685 19545
11:56:37 194720 11639
11:57:37 13180 6174
11:58:38 64013 9831
11:59:38 2878 5080
12:00:38 4931 3296
12:01:39 6089 5133
12:02:39 94595 6705
12:03:39 14881 2264
12:04:40 50900 4600
12:05:40 404665 13327
12:06:40 65855 3659
12:07:40 267561 18644
12:08:40 102916 8061
12:09:41 74967 3901
12:10:41 19685 9284
12:11:42 31720 4485
12:12:42 69291 5448
12:13:42 28824 1534
12:14:42 21787 6415
12:15:43 17329 1598
12:16:43 13212 3079
12:17:44 5054646 108086
12:18:46 43673 9943
12:19:45 130607 14284
12:20:46 11140 78935
12:21:46 15643 39363
12:22:46 149533 6643
12:23:46 1818 1738
12:24:47 59144 8373
12:25:47 53297 4241
12:26:47 380911 30019
12:27:48 2495 3311
12:28:48 35455 13498
12:29:48 258583 14288
12:30:48 50953 11163
12:31:49 460525 16034
12:32:49 4883 406
12:33:49 22671 3262
12:34:49 196059 16495
12:35:49 278 302
12:36:50 489641 20827
12:37:50 5612 4941
12:38:50 223419 12240
12:39:51 174198 7346
12:40:51 261327 11116
12:41:51 63938 5355
12:42:51 25712 5400
12:43:52 84077 3675
12:44:51 1859 1849
12:45:52 30042 3525
12:46:52 4082 4317
12:47:52 3488 3213
12:48:52 14835 1399
12:49:53 67190 3516
12:50:54 9422 8550
12:51:54 13853 3225
12:52:54 16369 2311
12:53:54 26386 6928
12:54:55 34522 7629
12:55:55 33026 1471
12:56:55 11937 7371
12:57:55 72050 6930
12:58:56 358904 27690
12:59:56 435509 16848
13:00:56 164016 10374
13:01:57 38012 4413
13:02:57 609569 43662
13:03:57 37518 2542
13:04:57 6272 36277
13:05:57 65506 58132
13:06:57 23839 18064
13:07:58 230499 53417
13:08:58 230200 20671
13:09:58 73108 27215
13:10:58 726577 30078
13:11:58 63533 3131
13:12:59 608909 163073
13:13:59 104984 4624
13:14:59 179132 15718
13:15:59 21630 4406
13:16:59 129163 6717
13:18:00 24365 12703
13:19:00 294 186
13:20:00 42433 4695
13:21:00 192150 12233
13:22:01 37300 7799
13:23:01 23814 1806
13:24:02 122114 2966
13:25:02 2465 2264
13:26:02 24100 1423
13:27:02 727197 16411
13:28:02 308983 5433
13:29:03 56703 8451
13:30:03 10590 925
13:31:03 172304 9723
13:32:04 36336 4431
13:33:04 43101 2812
13:34:04 127004 6525
13:35:05 94852 9346
13:36:05 51964 5204
13:37:05 43772 4203
13:38:05 78056 4033
13:39:06 85399 10168
13:40:06 52855 2235
13:41:06 61314 3090
13:42:07 86748 9112
13:43:07 17633 6104
13:44:08 2912 620
13:45:08 79906 12881
13:46:08 146247 5174
13:47:09 12449 7172
13:48:10 208759 11141
13:49:10 5435 4190
13:50:10 9040 1572
13:51:11 10552 5195
13:52:11 852131 28935
13:53:11 28512 5788
13:54:11 78948 1744
13:55:12 12612 5411
13:56:12 128089 3840
13:57:12 37091 3648
13:58:12 62843 5822
13:59:12 22896 5949
14:00:13 96259 9491
14:01:13 122379 9737
14:02:13 2724 4448
14:03:13 51476 6332
14:04:14 313217 19791
14:05:14 101949 6895
14:06:14 161121 5297
14:07:15 503 732
14:08:15 49411 4831
14:09:15 117899 8253
14:10:16 84783 22921
14:11:16 2079 1194
14:12:16 16518 9699
14:13:17 175458 5088338
14:14:17 15876 2382
14:15:17 2711 1840
14:16:18 19072 1006
14:17:18 139201 34932
14:18:18 7484 662
14:19:18 7129 3282
14:20:19 8788 6157
14:21:19 21564 3669
14:22:19 844118 34607
14:23:19 15428 1727
14:24:20 3009 4518
14:25:21 9214 9792
14:26:21 47623 8329
14:27:21 17555 4357
14:28:22 1063308 40223
14:29:22 257706 13406
14:30:22 42280 5745
14:31:22 5738 1746
14:32:23 19908 2267
14:33:23 55770 13564
14:34:24 27266 2714
14:35:24 131696 7059
14:36:24 92314 55006
14:37:25 30849 3079
14:38:25 58736 12855
14:39:26 8500 2734
14:40:26 108995 5996
14:41:27 80237 7919
14:42:27 43413 6504
14:43:27 77579 5508
14:44:28 112207 3433
14:45:28 190081 9184
14:46:29 311708 23619
14:47:29 53838 4047
14:48:29 352814 13455
14:49:30 40520 6491
14:50:30 86117 5372
14:51:31 124061 8032
14:52:31 66920 5338
14:53:31 44532 5059
14:54:31 18598 3927
14:55:32 45636 6541
14:56:32 47494 5946
14:57:32 295148 30156
14:58:33 839316 32939
14:59:33 948605 33239
15:00:33 251069 15220
15:01:34 69931 5969
15:02:33 101574 15145
15:03:34 89282 8641
15:04:34 66181 5184
15:05:34 79401 13360
15:06:34 67507 8936
15:07:34 200089 21597
15:08:35 395869 10789
15:09:35 47144 5522
15:10:35 124915 8228
15:11:35 902632 35623
15:12:36 373759 10365
15:13:36 252914 14238
15:14:36 202912 4731
15:15:36 91431 8403
15:16:37 81200 13732
15:17:37 8992332 204924
15:18:37 86801 6392
15:19:38 87908 7445
15:20:38 57077 12399
15:21:38 62030 19501
15:22:38 159772 9904
15:23:38 960712 54679
15:24:39 312183 11785
15:25:39 361028 25766
15:26:39 68265 4885
15:27:39 151338 9429
15:28:39 258344 15612
15:29:40 144599 10979
15:30:40 932508 32208
15:31:40 117946 7370
15:32:41 37669 2501
15:33:41 19264 3275
15:34:41 128288 8121
15:35:41 278322 18422
15:36:41 358223 12495
15:37:42 3160107 78701
15:38:42 382653 15727
15:39:42 389149 15742
15:40:42 388480 15906
15:41:43 89976 4664
15:42:43 52625 5858
15:43:43 85563 6970
15:44:43 420090 24694
15:45:43 18125 2736
15:46:44 100107 10113
15:47:44 610215 20657
15:48:44 4477 1385
15:49:45 89098 8424
15:50:45 45585 3577
15:51:46 17260 4178
15:52:46 364796 18134
15:53:46 81123 8868
15:54:46 12636 9233
15:55:46 200398 16153
15:56:46 63274 4652
15:57:47 10607576 234130
15:58:47 38992 3399
15:59:47 275571 19619
16:00:47 24144 3340
16:01:48 126439 11017
16:02:48 61732 5565
16:03:48 6000 2391
16:04:48 35014 10228
16:05:48 165907 14589
16:06:49 22208 8446
16:07:49 39788 4311
16:08:49 11409 3683
16:09:49 151274 9192
16:10:49 399248 33363
16:11:50 150027 29225
16:12:50 192588 20802
16:13:51 99322 5614
16:14:51 63298 5619
16:15:51 18726 4207
16:16:51 24251 1259
16:17:51 233176 11593
16:18:51 86597 14376
16:19:51 147075 9613
16:20:52 622943 46876
16:21:52 183496 8623
16:22:52 60121 4866
16:23:52 2191 10385
16:24:53 95701 13149
16:25:53 289077 13207
16:26:53 121950 13273
16:27:54 43829 29400
16:28:54 379407 29605
16:29:54 39463 15492
16:30:54 137278 24309
16:31:54 154530 26253
16:32:55 54935 5993
16:33:55 15600 34182
16:34:56 148233 6461
16:35:56 523807 18001
16:36:56 865253 36882
16:37:57 173989 7482
16:38:57 427248 62719
16:39:57 115749 17767
16:40:57 557932 21504
16:41:57 147051 12617
16:42:57 101551 6552
16:43:58 25436 2801
16:44:58 35530 5318
16:45:58 128144 9438
16:46:58 19089 1960
16:47:59 5365 7351
16:48:59 47471 10542
16:49:59 130800 9360
16:50:59 87531 41201
16:51:59 147491 16388
16:53:00 197171 20254
16:54:00 86953 6188
16:55:00 31133 3348
16:56:01 113606 35372
16:57:01 93578 6165
16:58:01 62040 10811
16:59:02 28017 4418
17:00:02 27467 2107
17:01:02 368847 40382
17:02:02 61440 3759
17:03:03 33680 3985
17:04:03 58053 6322
17:05:03 9719 5132
17:06:03 56620 3772
17:07:04 18540 2830
17:08:04 372322 28161
17:09:04 257492 14652
17:10:04 5512 2585
17:11:05 69186 6727
17:12:05 112687 17262
17:13:05 6772 7188
17:14:05 124249 8937
17:15:06 20151 1556
17:16:06 78643 12032
17:17:06 227782 17443
17:18:06 142713 9525
17:19:06 6638 11706
17:20:07 27422 5429
17:21:07 143226 15660
17:22:07 265299 12689
17:23:08 22510 2464
17:24:09 67223 5430
17:25:09 57311 3450
17:26:10 40380 4547
17:27:10 18360 15133
17:28:10 48664 7964
17:29:10 292354 20462
17:30:11 63074 15299
17:31:11 21822 5452
17:32:11 55711 5118
17:33:12 10705 8340
17:34:12 258473 9439
17:35:12 16140 2549
17:36:12 47787 3323
17:37:13 403046 23418
17:38:13 58243 4287
17:39:14 114631 14383
17:40:14 103795 8548
17:41:14 280926 29709
17:42:14 62441 12183
17:43:15 259481 21735
17:44:15 149188 12879
17:45:16 6639 4682
17:46:16 28110 6607
17:47:16 34535 2987
17:48:17 34202 4497
17:49:17 36169 9569
17:50:17 6349 3205
17:51:17 153969 10524
17:52:18 322293 13527
17:53:18 30613 4669
17:54:18 84028 57929
17:55:18 56233 5062
17:56:19 9167 3203
17:57:19 65179 5859
17:58:19 31525 4754
17:59:20 47370 3744
18:00:20 115353 8956
18:01:20 246161 17040
18:02:20 17460 10340
18:03:20 9515 2508
18:04:21 16695 5294
18:05:21 36785 5251
18:06:21 33527 5755
18:07:21 262896 48787
18:08:22 101245 6495
18:09:22 55004 2291
18:10:22 4827 1467
18:11:22 880095 30715
18:12:23 53839 3686
18:13:23 13883 2849
18:14:24 7248 3143
18:15:24 181105 6841
18:16:24 97663 5828
18:17:24 21881 2123
18:18:24 97782 8498
18:19:25 38338 7667
18:20:25 657251 23687
18:21:25 27382 3140
18:22:25 36518 7891
18:23:26 79721 13154
18:24:26 19263 2730
18:25:26 12556 4581
18:26:26 32961 11677
18:27:27 36041 6947
18:28:27 48940 5003
18:29:28 493404 48027
18:30:28 242472 14816
18:31:28 106759 8021
18:32:29 20076 4517
18:33:30 40702 2700
18:34:30 17648 5712
18:35:30 21717 2663
18:36:30 13705 2022
18:37:31 44273 3453
18:38:31 107036 9790
18:39:31 945599 45996
18:40:32 259364 19899
18:41:32 47812 5257
18:42:32 39721 3398
18:43:32 32671 3108
18:44:32 34285 107435
18:45:33 63004 5253
18:46:33 46048 4815
18:47:33 268423 11253
18:48:33 14015 2087
18:49:34 94622 5530
18:50:34 6248 1167
18:51:34 47834 12991
18:52:34 5668 1564
18:53:35 17643 4214
18:54:36 77952 5703
18:55:36 32762 2350
18:56:36 10403 2514
18:57:36 86872 9594
18:58:37 71614 5008
18:59:37 35461 4710
19:00:37 29196 2719
19:01:37 7124 2486
19:02:37 174842 8138
19:03:38 58975 9550
19:04:38 54343 5291
19:05:38 72427 4169
19:06:38 154752 5899
19:07:39 71286 3790
19:08:39 118600 8195
19:09:39 14664 2684
19:10:39 3739 928
19:11:39 236126 16489
19:12:40 23130 3401
19:13:40 138520 6615
19:14:41 38068 5183
19:15:40 22327 4811
19:16:41 65809 14629
19:17:41 29997 10115
19:18:41 23493 1385
19:19:41 9095 2033
19:20:41 38407 4668
19:21:42 118700 4767
19:22:42 47141 3131
19:23:42 545 202
19:24:42 50511 3699
19:25:43 31276 3800
19:26:43 71064 4103
19:27:43 380356 16184
19:28:43 7338 1072
19:29:43 31400 1223
19:30:43 35950 3853
19:31:44 49845 4423
19:32:44 2245 1113
19:33:45 153567 13570
19:34:45 1601 4457
19:35:45 38712 4674
19:36:45 30002 1588
19:37:46 182943 7008
19:38:46 213410 16383
19:39:46 41375 4777
19:40:46 59068 6870
19:41:46 314339 21677
19:42:47 61714 2504
19:43:47 103399 5593
19:44:47 1676 1206
19:45:47 192177 12487
19:46:47 71284 5159
19:47:48 97191 5693
19:48:48 24882 2864
19:49:48 116081 18244
19:50:48 32879 3786
19:51:49 70733 20798
19:52:49 248017 9986
19:53:49 20186 1136
19:54:49 170706 11259
19:55:49 14257 2015
19:56:49 92577 6413
19:57:50 14430 3740
19:58:50 83313 5841
19:59:50 159995 15408
20:00:50 51459 3797
20:01:51 35008 2064
20:02:51 2223 420
20:03:51 215215 19171
20:04:51 194294 7931
20:05:51 84393 18392
20:06:52 148764 8783
20:07:52 268366 16459
20:08:52 29777 4622
20:09:53 473952 14581
20:10:52 44458 2461
20:11:53 2776 948
20:12:53 28399 4216
20:13:53 17586 3468
20:14:54 16105 3107
20:15:54 70770 43990
20:16:54 41898 1505
20:17:54 9709472 217533
20:18:55 106826 11165
20:19:55 35325 1597
20:20:55 5796 2774
20:21:55 67383 4109
20:22:55 90920 6127
20:23:55 39805 2577
20:24:56 2025 1753
20:25:56 141980 10610
20:26:56 1402 1360
20:27:57 13841 12461
20:28:57 42305 5392
20:29:57 14469 2694
20:30:57 743 281
20:31:57 3746 2016
20:32:58 1976 1198
20:33:58 65352 3978
20:34:58 61410 4718
20:35:58 3632 1661
20:36:58 77471 9402
20:37:59 12067926 287695
20:38:59 80293 5212
20:39:59 849064 30679
20:40:59 910836 41681
20:41:59 36593 4112
20:42:59 12000 3558
20:44:00 54418 4595
20:45:00 18783 1499
20:46:00 4044 1074
20:47:02 32037 4674
20:48:02 10148 2135
20:49:02 37448 4792
20:50:02 83775 5488
20:51:02 1045412 56940
20:52:03 240768 14288
20:53:03 144537 7282
20:54:03 55169 2790
20:55:03 91626 5339
20:56:03 19027 3496
20:57:03 90447 5053
20:58:04 123015 10576
20:59:04 407363 16493
21:00:04 36115 5038
21:01:05 6164 4842
21:02:05 317389 16756
21:03:05 94706 6751
21:04:05 51211 3641
21:05:05 27403 4059
21:06:05 20669 1906
21:07:06 65530 3496
21:08:06 23388 2215
21:09:06 41313 4364
21:10:06 19609 2731
21:11:06 169864 16166
21:12:07 10098 1822
21:13:07 3504 2621
21:14:07 576133 12318
21:15:07 57174 5803
21:16:07 91243 60648
21:17:08 25768 3324
21:18:08 36690 3999
21:19:08 60717 5513
21:20:09 540737 34850
21:21:09 7625 976
21:22:09 43497 4148
21:23:09 14151 1795
21:24:09 99425 6213
21:25:10 18765 2790
21:26:10 12428 1792
21:27:10 92082 15615
21:28:10 6051 4748
21:29:11 85681 12729
21:30:11 11718 3906
21:31:11 108213 11199
21:32:11 28122 6127
21:33:12 19777 4297
21:34:12 138949 12043
21:35:12 3832 5332
21:36:12 3390 1771
21:37:12 29946 4745
21:38:13 3276 2621
21:39:13 10083 6779
21:40:13 10429 8360
21:41:13 34866 9410
21:42:14 17290 4104
21:43:14 106084 17316
21:44:14 8386 3009
21:45:14 34390 6143
21:46:14 29747 4465
21:47:15 135558 7670
21:48:15 2761 1227
21:49:15 40398 2377
21:50:15 534639 25882
21:51:16 56338 5398
21:52:16 7465 1390
21:53:16 66743 5542
21:54:16 63870 4591
21:55:16 1177253 289519
21:56:17 75617 4788
21:57:17 39339 4406
21:58:17 273203 15127
21:59:17 93176 5557
22:00:18 80545 7980
22:01:18 152645 7528
22:02:19 67364 5279
22:03:18 163266 61031
22:04:19 16364 17789
22:05:19 7689 993
22:06:19 52097 5041
22:07:20 30519 2158
22:08:20 2825 1017
22:09:20 61298 3432
22:10:21 54925 6206
22:11:20 152133 7395
22:12:21 407741 33469
22:13:21 108704 4029
22:14:21 32917 2654
22:15:22 4095 1853
22:16:22 143704 8145
22:17:22 90406 7301
22:18:22 49554 3172
22:19:22 100350 29704
22:20:23 15437 4847
22:21:23 61563 3751
22:22:23 74584 3779
22:23:23 161457 4491
22:24:24 106479 8160
22:25:24 69755 7374
22:26:24 119915 6376
22:27:24 58806 2460
22:28:25 63927 6882
22:29:25 61418 6900
22:30:25 174426 8712
22:31:25 99229 7919
22:32:26 15947 2437
22:33:26 16075 5081
22:34:26 60601 11358
22:35:26 199377 12905
22:36:27 21842 2954
22:37:27 65779 5317
22:38:27 352175 24000
22:39:28 52570 5015
22:40:28 10057 4790
22:41:28 67468 4713
22:42:29 13991 2111
22:43:29 51690 11376
22:44:29 84616 7191
22:45:29 101840 9193
22:46:29 21997 2841
22:47:30 124255 9902
22:48:30 62174 4048
22:49:30 35185 1891
22:50:30 127293 8136
22:51:31 255793 28438
22:52:31 23647 1543
22:53:31 134329 8763
22:54:31 64134 7011
22:55:32 225798 17503
22:56:32 29098 2544
22:57:32 72684 6368
22:58:32 28311 4302
22:59:33 16938 2515
23:00:33 97750 6585
23:01:33 171545 7737
23:02:34 36335 4509
23:03:34 219937 8258
23:04:34 50399 5386
23:05:35 37859 4520
23:06:35 91864 10606
23:07:35 50928 8095
23:08:35 150797 11421
23:09:35 181051 13533
23:10:36 95642 8387
23:11:36 121424 12489
23:12:36 42211 8074
23:13:36 27369 3595
23:14:37 190828 15883
23:15:37 142535 13730
23:16:37 17632 5578
23:17:37 163244 11606
23:18:38 210746 24671
23:19:38 29198 2478
23:20:38 36411 1644
23:21:39 54128 10331
23:22:39 32237 3133
23:23:39 141502 11736
23:24:40 53955 8097
23:25:39 51297 6625
23:26:40 72071 9763
23:27:40 41924 3843
23:28:40 120078 9807
23:29:41 42634 3745
23:30:41 135033 11156
23:31:41 47719 4026
23:32:41 61771 3706
23:33:42 207257 15136
23:34:42 37524 3283
23:35:42 27499 2277
23:36:43 34678 3222
23:37:43 40761 2206
23:38:43 24316 4078
23:39:43 22717 2130
23:40:44 73608 7693
23:41:44 42369 2292
23:42:44 29087 3942
23:43:45 242602 11775
23:44:45 78326 7593
23:45:45 32734 3277
23:46:46 32252 4780
23:47:46 100388 8515
23:48:47 95079 9265
23:49:48 16985 1734
23:50:48 42371 2854
23:51:49 18230 2069
23:52:49 106775 8401
23:53:50 24369 1665
23:54:50 94826 5773
23:55:51 76600 5364
23:56:51 85946 4499
23:57:52 132561 10282
23:58:52 56454 4301
23:59:52 86945 6875
