00:00:58 132850 17640
00:02:38 8586 34328
00:03:21 63264 31879
00:04:03 44219 5193
00:05:01 132179 35008
00:06:04 48967 4080
00:07:17 67417 14996
00:08:17 131003 32164
02:00:06 10401 2625
02:01:05 5500 4686
02:02:05 112163 35134
02:03:05 64668 15138
02:04:06 162323 38492
02:05:09 155119 31687
02:06:07 47144 3944
02:07:07 23523 17207
02:08:17 194872 21455
02:09:08 157870 31813
02:10:09 107847 23714
02:11:09 131792 43662
02:12:09 220677 30374
02:13:10 84494 26688
02:14:10 254078 98495
02:15:11 162842 68439
02:16:11 187344 92594
02:17:11 62356 9716
02:18:12 95600 22046
02:19:13 372289 62053
02:20:13 93237 73378
02:21:13 150410 14738
02:22:14 22469 37876
02:23:14 122948 20296
02:24:15 76754 16465
02:25:15 43774 21027
02:26:15 6808 16895
02:27:16 80108 15121
02:28:16 89518 39825
02:29:17 48889 3289
02:30:17 101455 12781
02:31:17 478888 41730
02:32:18 130004 14276
02:33:18 101906 44450
02:34:19 49055 12224
02:35:19 152273 23394
02:36:20 303600 14479
02:37:20 45416 5264
02:38:20 37025 27040
02:39:21 3134 1611
02:40:21 85872 20212
02:41:22 94085 10679
02:42:22 122561 25469
02:43:22 55185 6327
02:44:23 326242 47024
02:45:23 233502 16764
02:46:24 112591 59832
02:47:24 73765 16263
02:48:24 44937 9648
02:49:25 47014 7376
02:50:25 30263 3459
02:51:26 401318 16049
02:52:26 50250 14074
02:53:26 5785 2723
02:54:27 95553 17952
02:55:27 72738 12827
02:56:28 90214 18899
02:57:28 17098 8745
02:58:28 97656 61074
02:59:29 41704 40253
03:00:32 29748 39102
03:01:30 147408 13356
03:02:30 52903 7663
03:03:30 101880 49093
03:04:31 168289 27811
03:05:31 402948 22557
03:06:32 486152 50603
03:07:32 440522 22681
03:08:32 387367 99245
03:09:33 398851 28235
03:10:33 508215 49309
03:11:34 402573 28527
03:12:34 388421 28057
03:13:34 402099 59779
03:14:35 315962 19930
03:15:35 285444 22626
03:16:35 345077 22933
03:17:45 333388 21169
03:18:36 346703 43521
03:19:36 476885 26420
03:20:37 383976 26895
03:21:37 340959 25571
03:22:37 301958 48349
03:23:38 145271 10052
03:24:38 372884 25637
03:25:38 579271 34013
03:26:39 444161 30597
03:27:39 323535 18707
03:28:39 454192 28066
03:29:40 484654 53216
03:30:40 96167 11797
03:31:40 81602 59105
03:32:41 331533 78456
03:33:41 115114 42051
03:34:41 190650 20658
03:35:42 6710 2687
03:36:42 92546 97301
03:37:43 89339 5864
03:38:43 54554 7861
03:39:43 5573 1534
03:40:44 100377 19432
03:41:44 233486 47450
03:42:44 134521 58351
03:43:45 17888 14734
03:44:45 98912 17205
03:45:45 173245 22340
03:46:46 71909 17060
03:47:46 54025 8105
03:48:46 28785 6889
03:49:47 94159 34391
03:50:47 31485 12578
03:51:47 190729 22242
03:52:48 21391 5354
03:53:48 17851 2461
03:54:48 116458 14649
03:55:49 189533 57238
03:56:49 63702 5861
03:57:49 72261 60930
03:58:50 59791 8507
03:59:50 169669 11254
04:00:50 52872 4686
04:01:51 67298 12842
04:02:51 138606 8659
04:03:51 113281 35292
04:04:52 85376 22676
04:05:52 68887 6945
04:06:53 96431 75320
04:07:53 156607 10165
04:08:53 53159 10261
04:09:53 13639 3631
04:10:54 32467 19959
04:11:54 199031 27592
04:12:54 3482 2102
04:13:55 142130 71985
04:14:55 131238 17346
04:15:55 122981 8148
04:16:56 160664 39304
04:17:57 165265 19593
04:18:56 19430 3028
04:19:57 4056 3621
04:20:57 37787 4866
04:21:57 1375 995
04:22:58 45276 9939
04:23:58 392783 26791
04:24:58 185588 41322
04:25:59 108815 11444
04:26:59 134520 30614
04:27:59 288655 22792
04:29:00 140766 16089
04:30:00 165854 85396
04:31:00 53533 7426
04:32:01 125797 9091
04:33:01 150963 16598
04:34:02 228114 28142
04:35:03 313368 67751
04:36:04 33100 2764
04:37:05 80603 15691
04:38:03 23587 4362
04:39:03 83695 8645
04:40:04 65403 52671
04:41:04 70683 17844
04:42:05 56800 12575
04:43:05 97077 59794
04:44:05 267246 20698
04:45:06 33568 10152
04:46:06 204963 35609
04:47:06 107407 13908
04:48:07 194799 31135
04:49:07 126156 12118
04:50:07 27188 2267
04:51:08 18220 15769
04:52:08 24196 3546
04:53:08 114966 8090
04:54:11 61129 17360
04:55:09 46053 2957
04:56:09 170316 8430
04:57:10 119182 13811
04:58:12 38523 7612
04:59:12 72428 23113
05:00:12 137534 11068
05:01:12 46885 10458
05:02:11 106194 10615
05:03:12 303811 21520
05:04:14 8673 2246
05:05:12 386285 41305
05:06:15 82893 22346
05:07:15 100319 15066
05:08:14 57893 32442
05:09:14 8451474 216170
05:10:14 44898 2840
05:11:15 48137 8973
05:12:15 110959 28853
05:13:15 79805 19700
05:14:16 67561 31916
05:15:16 82996 10081
05:16:16 95061 10682
05:17:17 176147 29526
05:18:17 109659 28172
05:19:18 44516 4860
05:20:18 172383 32963
05:21:18 35561 5608
05:22:18 230140 38800
05:23:19 75367 11759
05:24:19 20204 19086
05:25:19 35431 2779
05:26:20 348178 67780
05:27:20 377502 73026
05:28:20 77015 14289
05:29:21 260648 55493
05:30:21 42589 3459
05:31:22 17094 3511
05:32:22 360953 44795
05:33:22 30884 3745
05:34:23 4635 3894
05:35:25 30067 8344
05:36:23 112477 22806
05:37:24 38781 4069
05:38:24 173858 37843
05:39:24 68098 49757
05:40:24 93482 11964
05:41:25 29491 24689
05:42:27 25559 9562
05:43:28 55484 11882
05:44:26 199498 56661
05:45:26 59843 6103
05:46:27 217591 36821
05:47:27 251874 21270
05:48:27 424330 41130
05:49:28 9196 25286
05:50:28 10827 2816
05:51:28 163244 8412
05:52:29 138470 28200
05:53:32 110833 16136
05:54:29 30882 3535
05:55:31 7576 1464
05:56:32 10912 35547
05:57:30 23479 6282
05:58:31 38947 46270
05:59:31 78382 46998
06:00:32 81752 28907
06:01:32 73915 46210
06:02:34 45418 8779
06:03:33 8819 8743
06:04:33 60643 9821
06:05:34 195682 22327
06:06:34 10385 11087
06:07:35 99469 36206
06:08:35 111103 142888
06:09:35 44893 27365
06:10:36 11555 16473
06:11:36 292979 20389
06:12:36 142026 34398
06:13:38 116673 81639
06:14:37 90470 4916
06:15:37 388097 25895
06:16:38 17162 6111
06:17:40 40087 6978
06:18:38 229905 26384
06:19:39 157840 11830
06:20:39 48030 28705
06:21:39 42021 4393
06:22:40 137781 5467
06:23:40 218432 24450
06:24:42 26856 4755
06:25:41 73426 51852
06:26:41 78311 7357
06:27:42 12032 11311
06:28:44 81865 11460
06:29:42 90814 16092
06:30:43 39520 4486
06:31:43 77894 9183
06:32:43 92409 43949
06:33:44 19390 7038
06:34:44 93587 4445
06:35:44 64730 4498
06:36:45 96523 6375
06:37:45 29161 5737
06:38:45 124053 45554
06:39:46 134147 7001
06:40:46 79224 9607
06:41:46 39272 16858
06:42:47 81918 8950
06:43:47 131214 19215
06:44:47 64401 2181
06:45:48 88406 6972
06:46:48 31018 4517
06:47:48 110296 14142
06:48:49 214176 22948
06:49:52 11641087 277755
06:50:49 471038 46917
06:51:50 14082 4586
06:52:50 122111 16160
06:53:50 81140 9007
06:54:51 138070 7779
06:55:52 70819 6220
06:56:53 103220 7516
06:57:52 119606 9191
06:58:52 57254 8666
06:59:52 12540 5863
07:00:53 59367 20508
07:01:53 71477 34222
07:02:53 174472 33350
07:03:54 193194 32980
07:04:54 18267 2957
07:05:54 172160 12419
07:06:55 236656 43536
07:07:55 56802 52763
07:08:55 72350 4842
07:09:55 81633 13577
07:10:56 98937 25683
07:11:56 75201 50390
07:12:57 166212 14777
07:13:57 16463 2658
07:14:57 16673 42490
07:15:58 81056 6289
07:16:58 38186 6249
07:17:58 91254 21284
07:18:59 239098 76536
07:19:59 332177 18032
07:20:59 12963 3965
07:22:00 836479 88143
07:23:00 179846 25199
07:24:00 137475 10159
07:25:01 3322 3701
07:26:01 45871 6714
07:27:02 67865 30001
07:28:02 327640 37122
07:29:02 267418 43618
07:30:02 3303 29728
07:31:03 69098 6418
07:32:03 247862 62017
07:33:04 105537 9056
07:34:04 41363 8878
07:35:05 140331 22326
07:36:06 91998 10983
07:37:06 64416 10317
07:38:06 88169 21517
07:39:07 68087 11548
07:40:07 50775 6804
07:41:07 199838 69768
07:42:08 449449 58751
07:43:08 99450 32691
07:44:08 148983 48253
07:45:09 180317 57434
07:46:09 166510 40287
07:47:09 75037 38750
07:48:09 33297 9035
07:49:10 18258 3213
07:50:10 256512 21735
07:51:10 66528 59213
07:52:11 153604 62718
07:53:11 2908 28916
07:54:11 172350 38011
07:55:12 39994 9024
07:56:12 116958 8743
07:57:12 81434 6597
07:58:13 9427 4562
07:59:13 270537 15475
08:00:13 25440 1717
08:01:14 158509 31354
08:02:14 254124 23834
08:03:14 46869 8594
08:04:15 114166 15366
08:05:15 43640 10504
08:06:15 163579 42514
08:07:15 89080 6338
08:08:16 3775 24796
08:09:16 120327 55627
08:10:16 70045 20005
08:11:17 59451 19818
08:12:17 15155 2494
08:13:17 47369 8014
08:14:18 48882 3057
08:15:18 43695 32025
08:16:18 135689 25039
08:17:19 143570 13534
08:18:19 47091 31760
08:19:19 36486 15072
08:20:20 240554 24746
08:21:20 48288 6539
08:22:20 493968 64558
08:23:21 183522 50757
08:24:21 167936 4730
08:25:22 176099 88408
08:26:22 236571 77187
08:27:22 128719 68691
08:28:23 65914 6593
08:29:23 209881 29700
08:30:23 136135 56696
08:31:24 322629 16904
08:32:24 235243 35982
08:33:24 204727 67915
08:34:25 316073 53979
08:35:25 653799 55998
08:36:25 93272 11250
08:37:26 258784 30795
08:38:26 919067 40894
08:39:26 294472 64122
08:40:26 449967 90222
08:41:27 71058 9542
08:42:28 73658 24986
08:43:28 157752 8937
08:44:28 136842 13744
08:45:29 292725 101542
08:46:29 127000 79109
08:47:29 80721 59350
08:48:29 212400 66338
08:49:30 36747 13102
08:50:30 90120 49095
08:51:30 145894 40782
08:52:32 419940 53121
08:53:31 325587 25307
08:54:32 568917 41153
08:55:32 529043 19242
08:56:33 654473 81722
08:57:33 216469 9008
08:58:34 134944 36488
08:59:34 115031 15430
09:00:35 60818 50873
09:01:35 51573 6729
09:02:35 503035 84400
09:03:35 187320 9980
09:04:35 121200 32519
09:05:36 132358 66447
09:06:36 1069040 61129
09:07:36 1045634 46170
09:08:36 1058458 46727
09:09:37 414585 38400
09:10:37 119946 33512
09:11:37 415996 51456
09:12:37 57924 42020
09:13:38 210400 46998
09:14:38 44820 16455
09:15:38 54317 3736
09:16:39 523262 48169
09:17:39 45142 13482
09:18:39 82746 10647
09:19:40 229300 22833
09:20:40 166409 20209
09:21:40 114378 11081
09:22:41 318691 22388
09:23:41 184884 94629
09:24:41 318218 50136
09:25:41 88150 4445
09:26:42 70735 30293
09:27:42 71825 6712
09:28:42 162928 16024
09:29:42 254594 46808
09:30:43 393569 48156
09:31:43 171346 22364
09:32:43 92517 5559
09:33:44 176707 126479
09:34:44 106018 32921
09:35:45 47854 27394
09:36:45 775720 71605
09:37:45 325753 11199
09:38:46 662509 60718
09:39:46 68287 15389
09:40:46 429728 14940
09:41:47 226485 33612
09:42:47 56433 14490
09:43:47 249087 15759
09:44:47 83303 23041
09:45:48 649798 33170
09:46:48 130092 21618
09:47:48 1065194 98020
09:48:48 813271 78676
09:49:49 22722 4052
09:50:49 206114 17184
09:51:49 1035051 67191
09:52:49 262368 39218
09:53:49 55339 12955
09:54:50 239360 26286
09:55:50 1003141 50563
09:56:50 957521 27421
09:57:51 1070034 107330
09:58:51 328028 11571
09:59:51 316005 102382
10:00:51 131744 31796
10:01:51 82544 15961
10:02:52 276775 29636
10:03:52 779873 112316
10:04:52 969862 40574
10:05:52 231000 19635
10:06:53 47948 10031
10:07:53 131030 14313
10:09:14 810477 30475
10:09:53 159291 18171
10:10:53 251226 43446
10:11:54 1057844 44929
10:12:54 184270 46300
10:13:54 72302 12973
10:14:55 28418 14154
10:15:55 208687 16241
10:16:55 275487 49852
10:17:56 401793 82633
10:18:56 549458 36073
10:19:56 211668 23833
10:20:57 228442 47529
10:22:01 314281 40173
10:22:58 83692 78730
10:23:59 36777 8263
10:25:00 189480 35596
10:26:00 95861 40834
10:27:01 856063 62149
10:28:01 178002 24886
10:29:02 45942 13665
10:30:02 69218 22246
10:31:02 243385 48094
10:32:02 211770 34434
10:33:03 299611 58612
10:34:03 48896 6004
10:35:03 207061 26306
10:36:03 683268 69223
10:37:03 243427 58971
10:38:04 430822 34017
10:39:05 1080890 37856
10:40:05 99647 14860
10:41:06 103657 4111
10:42:06 156815 10603
10:43:07 173290 22798
10:44:07 442277 19736
10:45:08 8689 1883
10:46:08 414392 26863
10:47:08 182898 16539
10:48:08 1016814 41780
10:49:08 363622 27242
10:50:09 479725 52033
10:51:09 294556 28410
10:52:10 196493 7352
10:53:10 146125 14240
10:54:10 73325 9012
10:55:11 443014 28723
10:56:12 114202 14239
10:57:12 201044 24395
10:58:13 223687 37747
10:59:13 9065 12465
11:00:14 7446 6315
11:01:14 12793 5816
11:02:15 150260 12185
11:03:15 144327 10094
11:04:15 99995 16994
11:05:16 821154 80589
11:06:17 6686 23140
11:07:16 612716 120705
11:08:17 1041624 102487
11:09:17 17549 4959
11:10:17 1070791 100503
11:11:18 75563 53689
11:12:18 381795 51374
11:13:18 62148 21382
11:14:19 30477 32087
11:15:19 73164 11962
11:16:20 165024 10150
11:17:21 860145 35837
11:18:21 128340 27801
11:19:21 322722 67898
11:20:22 943864 56941
11:21:22 650415 39408
11:22:22 43427 31242
11:23:23 886852 95014
11:24:23 207530 23572
11:25:23 228816 40112
11:26:23 717612 53471
11:27:23 208157 55858
11:28:24 374832 26418
11:29:24 615295 34599
11:30:27 103681 24354
11:31:24 30794 16827
11:32:25 16318 14642
11:33:25 135973 53720
11:34:26 131307 10482
11:35:27 130129 13641
11:36:27 100504 4825
11:37:27 78746 7372
11:38:28 433171 51039
11:39:28 810851 84996
11:40:29 451750 23901
11:41:29 16793 15793
11:42:29 109024 20254
11:43:29 74819 5931
11:44:30 182725 22206
11:45:31 142227 16976
11:46:31 91762 10552
11:47:32 229340 7679
11:48:32 288460 47085
11:49:33 302631 20276
11:50:33 829724 67995
11:51:34 260677 59239
11:52:34 263082 23969
11:53:34 364510 150589
11:54:35 497098 36314
11:55:35 78469 44598
11:56:35 93819 48525
11:57:35 376252 14093
11:58:36 431815 67026
11:59:36 485553 49173
12:00:36 163803 16159
12:01:36 66266 9646
12:02:37 1068961 51615
12:03:38 256037 28337
12:04:37 79775 7108
12:05:38 133627 21309
12:06:38 98842 15048
12:07:41 994972 36804
12:08:38 5711 2580
12:09:39 381560 33205
12:10:39 79202 15564
12:11:40 120218 15002
12:12:40 354213 34779
12:13:40 2745 3125
12:14:41 89461 25999
12:15:41 189653 75378
12:16:41 164772 41073
12:17:42 112934 12036
12:18:43 1063831 35301
12:19:43 315124 19396
12:20:44 50229 7064
12:21:44 149565 15698
12:22:44 518327 18186
12:23:44 858065 46284
12:24:45 43103 4701
12:25:45 77806 12926
12:26:45 148561 53164
12:27:45 296434 36040
12:28:46 969108 35779
12:29:46 895223 29117
12:30:46 947244 30114
12:31:47 868129 61983
12:32:47 1037442 46520
12:33:47 966034 31801
12:34:47 923593 36062
12:35:47 288246 10896
12:36:48 200734 10591
12:37:51 164839 9918
12:38:49 126468 9387
12:39:48 484045 83448
12:40:49 107928 6971
12:41:49 43348 9061
12:42:50 46098 11419
12:43:49 62443 11265
12:44:49 445014 24985
12:45:50 432253 49192
12:46:51 921959 37355
12:47:50 207931 6839
12:48:50 127477 6992
12:49:51 260125 26780
12:50:52 117366 6847
12:51:52 244621 55163
12:52:52 247760 10702
12:53:52 109299 18113
12:54:53 110563 35562
12:55:53 35590 13546
12:56:53 72115 33060
12:57:54 430640 81360
12:58:54 49921 9043
12:59:54 35397 14083
13:00:54 114903 10631
13:01:54 158335 26647
13:02:55 158088 40233
13:03:55 36593 14311
13:04:55 203839 24494
13:05:56 86175 6175
13:06:56 159785 10707
13:07:56 106774 12894
13:08:56 312941 21286
13:09:56 86676 4390
13:10:57 187081 23468
13:11:57 228649 13927
13:12:57 36787 6417
13:13:57 111770 6837
13:14:57 90762 4461
13:15:57 178853 13824
13:16:58 273762 25399
13:17:58 159670 36957
13:18:58 64974 7115
13:19:58 42683 8164
13:20:58 136841 24935
13:21:59 226937 25093
13:22:59 27811 4417
13:24:00 110053 16488
13:25:00 105020 41898
13:26:00 615365 77743
13:27:00 177773 78254
13:28:01 171554 42341
13:29:01 199266 38090
13:30:01 145319 15474
13:31:01 368034 37297
13:32:02 21203 9295
13:33:02 129042 10915
13:34:03 12792 1871
13:35:03 202566 32974
13:36:03 209692 71237
13:37:03 31023 14927
13:38:04 44178 5080
13:39:04 323103 27319
13:40:04 857448 27852
13:41:04 116200 9606
13:42:05 98004 6231
13:43:05 268555 19883
13:44:06 186062 14988
13:45:06 91647 10808
13:46:06 75725 8736
13:47:07 128011 9308
13:48:08 213865 10697
13:49:08 735179 34397
13:50:09 141776 47748
13:51:09 170008 15293
13:52:09 42667 10294
13:53:09 107796 76689
13:54:09 40555 2959
13:55:10 13756 12830
13:56:10 24625 3721
13:57:10 160107 35643
13:58:10 167952 13825
13:59:10 536815 47866
14:00:11 90856 12261
14:01:11 65197 14306
14:02:11 93886 10264
14:03:12 367256 52590
14:04:12 158804 13352
14:05:12 93478 34811
14:06:12 47551 6505
14:07:13 120179 31836
14:08:13 154723 15802
14:09:13 349019 46871
14:10:14 187922 54008
14:11:14 103163 9640
14:12:14 102084 10733
14:13:15 851866 131512
14:14:15 255533 20092
14:15:16 50071 8327
14:16:16 133786 12631
14:17:16 171411 12962
14:18:16 258850 24390
14:19:17 186516 18178
14:20:17 139153 15803
14:21:17 78099 16904
14:22:17 281494 20052
14:23:17 100517 5696
14:24:18 620365 49052
14:25:19 171383 25723
14:26:19 691590 44648
14:27:19 1065743 116614
14:28:20 4090 2787
14:29:20 273117 25761
14:30:20 459832 18557
14:31:21 149752 20197
14:32:21 28430 4718
14:33:21 10450 9053
14:34:22 158908 13656
14:35:22 28956 6785
14:36:22 380006 81053
14:37:23 349664 11858
14:38:24 73418 7646
14:39:24 58636 16844
14:40:25 989033 94495
14:41:25 715322 35015
14:42:25 445997 27026
14:43:26 215993 51366
14:44:26 273913 57172
14:45:26 1069002 34803
14:46:27 222221 35539
14:47:27 178693 44124
14:48:28 248037 9367
14:49:28 1081751 74589
14:50:28 201716 67637
14:51:29 591583 48152
14:52:29 182388 19958
14:53:29 769086 48140
14:54:30 207863 19747
14:55:30 117672 18869
14:56:30 544565 58067
14:57:30 102538 31281
14:58:31 191334 42830
14:59:31 181243 43289
15:00:31 48343 10375
15:01:31 299412 22538
15:02:32 464200 25936
15:03:32 184764 64552
15:04:32 970128 113733
15:05:32 695698 72103
15:06:32 123582 64940
15:07:33 34550 24381
15:08:33 546735 61880
15:09:33 50138 53717
15:10:33 95149 40053
15:11:33 204127 17350
15:12:34 89228 46558
15:13:34 116188 27223
15:14:34 70796 7824
15:15:35 713073 31791
15:16:35 54029 44017
15:17:35 154596 11998
15:18:36 299751 24333
15:19:36 71667 7499
15:20:36 171495 16080
15:21:37 72419 51830
15:22:36 381505 32441
15:23:36 958203 56615
15:24:36 993236 76642
15:25:38 131337 18025
15:26:38 420817 50217
15:27:37 305783 24273
15:28:37 181561 40582
15:29:38 65341 14800
15:30:38 476847 77263
15:31:38 226202 27559
15:32:39 714168 80164
15:33:42 82802 5752
15:34:39 549572 29801
15:35:39 105117 45125
15:36:39 238945 27915
15:37:40 135811 2055821
15:38:40 259791 82899
15:39:41 287756 30563
15:40:41 224243 14485
15:41:40 903060 36506
15:42:41 125617 40180
15:43:41 375253 17333
15:44:41 404548 34544
15:45:41 233507 14794
15:46:44 229539 10414
15:47:42 678283 263350
15:48:42 141550 17190
15:49:43 276674 38978
15:50:43 208139 36697
15:51:44 362967 87707
15:52:44 302697 89856
15:53:44 38371 608955
15:54:44 123940 13776
15:55:44 43394 9258
15:56:44 39475 3984
15:57:48 363330 59767
15:58:45 356429 40185
15:59:45 131666 9551
16:00:45 230378 20862
16:01:45 663639 26029
16:02:46 215280 28664
16:03:46 116553 7027
16:04:46 209195 15326
16:05:47 335657 89440
16:06:47 294083 1956475
16:07:47 489083 44704
16:08:47 75967 10342
16:09:47 246189 32131
16:10:47 708716 78208
16:11:48 217389 20463
16:12:51 36527 3112
16:13:48 194437 20891
16:14:49 588565 31392
16:15:49 226713 51591
16:16:49 94192 5299
16:17:49 1020502 31604
16:18:49 1015468 54398
16:19:49 208976 24288
16:20:50 326157 46533
16:21:50 135879 68511
16:22:50 381491 38368
16:23:50 134450 7944
16:24:51 30888 7468
16:25:51 216041 70667
16:26:51 145218 17279
16:27:51 52305 5439
16:28:54 246259 29037
16:29:52 165890 19894
16:30:52 492014 26154
16:31:53 471751 33118
16:32:53 305859 33975
16:33:54 382666 118349
16:34:54 62306 8557
16:35:54 221730 18337
16:36:54 141815 38559
16:37:54 336767 95197
16:38:55 214465 20988
16:39:55 177390 50081
16:40:55 163123 13469
16:41:55 365268 30563
16:42:56 307520 51847
16:43:56 280919 16548
16:44:56 737673 55628
16:45:56 366065 25679
16:46:56 115506 15652
16:47:57 108950 15570
16:48:57 406523 24238
16:49:57 503585 47814
16:50:57 19297 16602
16:51:57 203616 622677
16:52:58 156250 21858
16:53:58 411690 22478
16:54:58 69665 8649
16:55:59 399346 70435
16:56:59 336326 29019
16:57:59 1098160 584733
16:58:59 159658 17607
17:00:00 143889 15344
17:01:00 91586 10609
17:02:00 419070 77477
17:03:01 213335 43238
17:04:01 135746 38529
17:05:01 96789 13220
17:06:03 182596 10943
17:07:02 520514 64780
17:08:02 96049 69729
17:09:05 717000 70917
17:10:02 74300 1416081
17:11:06 222873 60113
17:12:03 12485 1311
17:13:03 104734 14644
17:14:03 377514 28572
17:15:04 263042 22661
17:16:04 21642 2626
17:17:04 71403 12000
17:18:04 120561 15055
17:19:05 509408 73423
17:20:05 129701 11876
17:21:11 29620 7453
17:22:05 128740 33966
17:23:06 119846 14903
17:24:07 151914 11819
17:25:07 253143 17091
17:26:07 270335 29978
17:27:08 388170 43279
17:28:08 176753 17247
17:29:08 235232 12855
17:30:09 188894 10667
17:31:09 208709 15776
17:32:09 290376 54834
17:33:09 254788 29604
17:34:10 427253 140574
17:35:10 656338 34662
17:36:11 1075439 68898
17:37:11 203557 38322
17:38:11 406518 69115
17:39:11 418166 51762
17:40:12 142445 9140
17:41:12 144860 30653
17:42:12 566465 24449
17:43:13 101053 492160
17:44:14 292741 1294649
17:45:14 251136 93594
17:46:14 139848 9190
17:47:14 223612 19057
17:48:15 236161 21387
17:49:15 386715 59991
17:50:15 442134 25377
17:51:16 212993 18088
17:52:16 799366 52476
17:53:16 338038 33066
17:54:16 207484 69470
17:55:16 518410 62662
17:56:17 84457 28562
17:57:17 303462 77496
17:58:17 85641 4555
17:59:18 1044735 50886
18:00:18 165121 25125
18:01:18 436096 33374
18:02:19 229183 23118
18:03:18 208558 699784
18:04:19 186036 800388
18:05:19 178828 12038
18:06:19 490908 25265
18:07:20 232393 22971
18:08:20 129259 12700
18:09:20 262224 25389
18:10:21 265260 29818
18:11:21 32356 5211
18:12:21 150155 21265
18:13:21 21958 6135
18:14:21 188933 58540
18:15:22 143292 29158
18:16:22 216688 25808
18:17:22 223579 30296
18:18:22 418721 60615
18:19:23 230106 36423
18:20:23 1064356 46595
18:21:23 318168 26726
18:22:24 146062 101919
18:23:24 84354 48364
18:24:24 310220 41380
18:25:24 344305 16621
18:26:25 110362 6305
18:27:25 389668 35464
18:28:25 46386 18122
18:29:26 370391 55062
18:30:26 333968 44417
18:31:27 333777 42376
18:32:27 497454 33754
18:33:27 727743 47883
18:34:28 199839 8084
18:35:28 214637 30214
18:37:01 64290 18387
18:37:29 23815 3015
18:38:29 265641 19821
18:39:29 341394 52545
18:40:30 188731 23678
18:41:30 423618 111974
18:42:30 397334 30556
18:43:30 92732 14624
18:44:30 823403 37269
18:45:31 98201 7256
18:46:31 84048 15332
18:47:31 211097 9604
18:48:31 149553 8756
18:49:32 301270 21165
18:50:32 42663 3760
18:51:32 7192 921
18:52:32 22146 4556
18:53:33 195138 43293
18:54:34 186814 54267
18:55:34 167665 23900
18:56:34 134012 8227
18:57:34 326780 32887
18:58:35 23188 7133
18:59:35 165371 38114
19:00:35 139927 24093
19:01:35 30513 3420
19:02:35 139379 6322
19:03:36 242506 12617
19:04:36 127240 13917
19:05:36 170647 535761
19:06:36 95767 30008
19:07:40 98328 9501
19:08:37 268938 37456
19:09:37 89514 6277
19:10:37 144026 21900
19:11:37 206765 22901
19:12:38 122007 16541
19:13:38 270475 56810
19:14:38 83589 6638
19:15:38 181100 17435
19:16:39 532632 41568
19:17:39 139192 38679
19:18:39 382730 20509
19:19:39 167279 21707
19:20:40 19771 3577
19:21:40 228009 23518
19:22:40 76648 23833
19:23:40 130327 17384
19:24:41 64905 8987
19:25:41 105038 20443
19:26:41 58597 11308
19:27:41 248511 38142
19:28:41 108101 40124
19:29:41 150521 10851
19:30:42 196178 10622
19:31:42 131732 17129
19:32:42 269506 82784
19:33:43 312564 44363
19:34:43 147017 36074
19:35:43 198727 60363
19:36:44 99298 7402
19:37:44 709507 103519
19:38:44 411460 33333
19:39:44 52682 10446
19:40:44 85486 7648
19:41:45 76268 8946
19:42:45 46328 11331
19:43:45 358260 93742
19:44:45 113949 49209
19:45:45 178183 19492
19:46:46 125505 15561
19:47:46 150188 29518
19:48:46 179660 25202
19:49:46 306879 32568
19:50:46 294499 15135
19:51:47 250709 18907
19:52:47 225410 34120
19:53:47 34680 5864
19:54:47 122089 15876
19:55:47 169797 70899
19:56:48 186342 12629
19:57:48 160194 24883
19:58:48 43331 2321
19:59:48 206126 11759
20:00:49 271508 33006
20:01:49 38273 3935
20:02:49 229272 22357
20:03:49 225243 35756
20:04:50 44908 82385
20:05:50 156011 25881
20:06:50 178750 45322
20:07:50 117586 25282
20:08:50 70415 61743
20:09:51 193617 32833
20:10:51 210792 34243
20:11:51 243402 64006
20:12:51 90693 51136
20:13:51 36017 5986
20:14:51 113424 19933
20:15:52 216287 68331
20:16:52 71065 22606
20:17:52 69957 11822
20:18:52 64483 66886
20:19:53 24137 5238
20:20:53 251081 54887
20:21:53 30544 30870
20:22:53 448381 65870
20:23:54 58781 41008
20:24:54 45606 7424
20:25:54 182178 78087
20:26:54 78814 7594
20:27:54 72428 19347
20:28:55 220755 54411
20:29:55 109855 44011
20:30:58 376506 11825
20:31:55 145570 15423
20:32:55 286127 27967
20:33:56 93312 15440
20:34:56 137941 32117
20:35:56 161947 54187
20:36:57 108683 41158
20:37:57 593583 41666
20:38:57 447645 24632
20:39:57 182512 91733
20:40:57 112597 66480
20:41:57 232738 50669
20:42:58 545442 21704
20:43:58 234438 67661
20:44:59 105130 48098
20:45:58 348550 47123
20:47:00 147039 16094
20:48:00 39237 2695
20:49:00 507939 36672
20:50:00 312984 15856
20:51:00 226887 21916
20:52:00 46919 4667
20:53:01 355232 66472
20:54:01 187960 57966
20:55:01 366714 50450
20:56:01 166004 37220
20:57:02 521753 32757
20:58:02 906842 27745
20:59:02 610490 18712
21:00:02 656012 24158
21:01:02 563026 24602
21:02:03 77930 25137
21:03:03 104460 7583
21:04:03 59393 12359
21:05:03 401139 23075
21:06:03 427984 76336
21:07:04 169326 18869
21:08:04 130864 30152
21:09:04 183617 23144
21:10:04 109689 10208
21:11:04 190989 19235
21:12:05 153956 112175
21:13:05 224546 64274
21:14:05 176737 24448
21:15:05 143756 32885
21:16:05 176853 14546
21:17:06 75677 40312
21:18:06 175066 57398
21:19:07 72572 17558
21:20:07 41276 6325
21:21:07 172766 9064
21:22:07 411591 32096
21:23:07 134459 48314
21:24:08 338292 50879
21:25:08 259224 16806
21:26:08 130044 44110
21:27:08 217244 14408
21:28:08 784809 87790
21:29:09 381546 15707
21:30:09 658861 20504
21:31:09 542016 34910
21:32:09 261946 17610
21:33:09 210132 9613
21:34:10 377169 79902
21:35:10 336587 62539
21:36:10 404411 80022
21:37:11 236296 35983
21:38:11 318283 21657
21:39:11 227697 19271
21:40:11 160857 39758
21:41:11 81037 8331
21:42:11 162560 11891
21:43:12 450287 87082
21:44:12 427442 77221
21:45:12 1045924 65177
21:46:13 532545 60972
21:47:13 510049 17472
21:48:13 426429 42064
21:49:13 176475 36962
21:50:14 799991 37397
21:51:14 149618 39716
21:52:14 394338 41448
21:53:14 200652 24842
21:54:14 175953 11085
21:55:15 87021 6638
21:56:15 40990 33895
21:57:15 147595 72934
21:58:16 201644 21591
21:59:16 69504 8514
22:00:16 105650 25936
22:01:16 79202 13520
22:02:16 337007 76920
22:03:17 214901 18028
22:04:17 152974 22813
22:05:17 268233 135816
22:06:18 175317 39668
22:07:18 300896 68147
22:08:18 488040 78177
22:09:18 201030 62086
22:10:19 300748 37353
22:11:19 63292 19159
22:12:19 320148 127117
22:13:19 146323 13290
22:14:20 273667 33983
22:15:20 323251 18625
22:16:20 142989 19656
22:17:20 44817 8764
22:18:20 169337 11884
22:19:21 518520 60691
22:20:21 172207 12510
22:21:21 159923 24131
22:22:21 320205 31063
22:23:21 112552 7307
22:24:22 352331 20262
22:25:22 66368 37135
22:26:22 119129 62388
22:27:23 270129 32019
22:28:23 102670 12066
22:29:23 172238 66170
22:30:23 46448 8937
22:31:23 252035 31147
22:32:24 43152 36345
22:33:24 159574 15948
22:34:24 195493 25888
22:35:25 150837 27409
22:36:25 251334 34837
22:37:25 298922 46687
22:38:25 22597 10262
22:39:26 246942 33130
22:40:26 66533 14165
22:41:26 81198 28039
22:42:27 82967 18099
22:43:27 67380 16163
22:44:27 108289 27881
22:45:27 236465 15515
22:46:28 101307 20830
22:47:28 273179 27746
22:48:28 89967 35295
22:49:28 65222 38391
22:50:29 183359 32715
22:51:29 179964 30983
22:52:29 433237 80599
22:53:29 191336 36851
22:54:29 127375 34269
22:55:30 25454 5351
22:56:30 31016 31106
22:57:30 101009 66847
22:58:31 125762 20603
22:59:31 337330 66912
23:00:31 102453 46460
23:01:31 84547 14613
23:02:32 129844 14482
23:03:32 72165 25535
23:04:32 54623 14340
23:05:32 64350 43260
23:06:33 72433 32001
23:07:33 89298 14117
23:08:33 557574 40280
23:09:33 325140 36112
23:10:34 422188 33196
23:11:34 417829 41555
23:12:34 114813 65943
23:13:34 144379 72574
23:14:35 345897 34524
23:15:35 154181 12170
23:16:35 61702 20019
23:17:36 515043 79173
23:18:36 258439 63877
23:19:36 274554 27597
23:20:36 69203 26963
23:21:37 177776 67732
23:22:37 165448 25119
23:23:37 321088 64446
23:24:38 140477 43755
23:25:38 197214 43722
23:26:38 106544 21304
23:27:38 243150 24550
23:28:38 108558 17704
23:29:39 151106 74645
23:30:39 468260 57981
23:31:39 369384 39034
23:32:39 215924 36093
23:33:40 357948 31616
23:34:40 227597 32150
23:35:40 127225 16998
23:36:41 183732 33595
23:37:41 129090 20056
23:38:41 251011 63769
23:39:41 49745 7950
23:40:42 33629 19514
23:41:42 183748 20283
23:42:42 148387 17161
23:43:43 144171 39062
23:44:43 265643 24334
23:45:44 208865 25086
23:46:44 110532 21629
23:47:45 131503 29042
23:48:45 59189 4518
23:49:46 131701 17465
23:50:47 96176 27068
23:51:47 183362 15714
23:52:47 275833 118337
23:53:49 85823 30423
23:54:48 118571 7073
23:55:51 181150 67575
23:56:49 117257 15686
23:57:49 175769 41075
23:58:50 136637 17062
23:59:50 220653 59773
