00:02:33 1811
00:03:24 1780
00:04:10 1869
00:05:13 1812
00:06:12 1800
00:07:18 1818
00:08:19 1807
02:00:08 1662
02:01:08 1659
02:02:08 1679
02:03:08 1679
02:04:09 1701
02:05:09 1696
02:06:10 1712
02:07:10 1714
02:08:11 1714
02:09:11 1715
02:10:11 1721
02:11:12 1688
02:12:12 1701
02:13:13 1704
02:14:13 1666
02:15:14 1617
02:16:14 1644
02:17:14 1653
02:18:15 1656
02:19:16 1661
02:20:16 1678
02:21:16 1672
02:22:17 1703
02:23:17 1697
02:24:17 1731
02:25:18 1699
02:26:18 1703
02:27:19 1643
02:28:19 1670
02:29:20 1676
02:30:20 1678
02:31:20 1682
02:32:21 1564
02:33:21 1572
02:34:22 1571
02:35:22 1574
02:36:23 1582
02:37:23 1586
02:38:23 1595
02:39:24 1660
02:40:24 1686
02:41:24 1678
02:42:25 1671
02:43:25 1671
02:44:26 1690
02:45:26 1681
02:46:26 1685
02:47:27 1685
02:48:27 1685
02:49:28 1693
02:50:28 1689
02:51:28 1700
02:52:29 1692
02:53:29 1690
02:54:30 1696
02:55:30 1709
02:56:30 1718
02:57:31 1711
02:58:31 1706
02:59:32 1715
03:00:32 1710
03:01:32 1673
03:02:33 1697
03:03:33 1638
03:04:33 1650
03:05:34 1664
03:06:35 1682
03:07:35 1686
03:08:35 1690
03:09:36 1705
03:10:36 1697
03:11:36 1696
03:12:37 1709
03:13:37 1706
03:14:38 1618
03:15:38 1668
03:16:38 1673
03:17:39 1541
03:18:39 1535
03:19:39 1539
03:20:40 1547
03:21:40 1562
03:22:40 1556
03:23:41 1562
03:24:41 1567
03:25:41 1573
03:26:42 1619
03:27:42 1540
03:28:42 1536
03:29:43 1533
03:30:43 1537
03:31:43 1542
03:32:44 1546
03:33:44 1572
03:34:44 1575
03:35:45 1578
03:36:45 1595
03:37:45 1614
03:38:46 1614
03:39:46 1645
03:40:46 1634
03:41:47 1637
03:42:47 1633
03:43:47 1653
03:44:48 1641
03:45:48 1648
03:46:49 1663
03:47:49 1657
03:48:49 1658
03:49:50 1663
03:50:50 1661
03:51:50 1671
03:52:51 1631
03:53:51 1635
03:54:51 1627
03:55:52 1635
03:56:52 1644
03:57:52 1650
03:58:53 1657
03:59:53 1641
04:00:53 1657
04:01:54 1677
04:02:54 1722
04:03:54 1676
04:04:55 1684
04:05:55 1693
04:06:55 1711
04:07:56 1684
04:08:56 1669
04:09:56 1679
04:10:57 1703
04:11:57 1705
04:12:57 1705
04:13:58 1708
04:14:58 1593
04:15:58 1581
04:16:59 1581
04:17:59 1633
04:18:59 1596
04:20:00 1609
04:21:00 1642
04:22:00 1532
04:23:01 1533
04:24:01 1497
04:25:01 1520
04:26:02 1514
04:27:02 1521
04:28:02 1541
04:29:03 1530
04:30:03 1526
04:31:03 1528
04:32:04 1542
04:33:04 1546
04:34:05 1605
04:35:05 1627
04:36:05 1624
04:37:05 1651
04:38:06 1561
04:39:06 1538
04:40:07 1568
04:41:07 1560
04:42:07 1568
04:43:08 1592
04:44:08 1583
04:45:09 1587
04:46:09 1607
04:47:09 1604
04:48:10 1596
04:49:10 1595
04:50:10 1589
04:51:10 1591
04:52:11 1602
04:53:11 1602
04:54:11 1604
04:55:12 1608
04:56:12 1610
04:57:13 1620
04:58:13 1612
04:59:13 1628
05:00:14 1638
05:01:14 1648
05:02:14 1639
05:03:15 1692
05:04:15 1603
05:05:15 1629
05:06:16 1629
05:07:17 1654
05:08:16 1652
05:09:17 1676
05:10:17 1675
05:11:17 1662
05:12:18 1656
05:13:18 1667
05:14:18 1671
05:15:19 1723
05:16:19 1736
05:17:20 1568
05:18:20 1526
05:19:20 1540
05:20:21 1543
05:21:21 1558
05:22:21 1554
05:23:22 1554
05:24:22 1590
05:25:22 1574
05:26:23 1563
05:27:23 1540
05:28:24 1548
05:29:24 1542
05:30:24 1545
05:31:24 1574
05:32:25 1585
05:33:25 1580
05:34:25 1564
05:35:26 1566
05:36:26 1588
05:37:26 1571
05:38:27 1573
05:39:27 1573
05:40:27 1596
05:41:28 1583
05:42:28 1595
05:43:29 1600
05:44:29 1584
05:45:29 1588
05:46:30 1656
05:47:30 1603
05:48:30 1582
05:49:30 1603
05:50:31 1596
05:51:31 1625
05:52:31 1616
05:53:32 1617
05:54:32 1622
05:55:33 1623
05:56:33 1623
05:57:33 1643
05:58:34 1586
05:59:34 1593
06:00:34 1603
06:01:35 1589
06:02:35 1602
06:03:36 1548
06:04:36 1595
06:05:37 1642
06:06:37 1662
06:07:37 1648
06:08:38 1654
06:09:38 1664
06:10:38 1664
06:11:39 1682
06:12:39 1546
06:13:40 1556
06:14:40 1560
06:15:40 1487
06:16:41 1509
06:17:41 1522
06:18:41 1520
06:19:42 1527
06:20:42 1538
06:21:42 1537
06:22:43 1539
06:23:43 1543
06:24:43 1547
06:25:44 1549
06:26:44 1554
06:27:44 1557
06:28:45 1560
06:29:45 1568
06:30:45 1579
06:31:46 1573
06:32:46 1573
06:33:46 1631
06:34:47 1618
06:35:47 1617
06:36:47 1614
06:37:48 1636
06:38:48 1641
06:39:48 1651
06:40:49 1661
06:41:49 1665
06:42:50 1605
06:43:50 1624
06:44:50 1621
06:45:51 1635
06:46:51 1625
06:47:51 1629
06:48:52 1631
06:49:52 1639
06:50:52 1636
06:51:53 1638
06:52:53 1662
06:53:53 1679
06:54:54 1660
06:55:54 1674
06:56:54 1686
06:57:54 1682
06:58:55 1690
06:59:55 1685
07:00:56 1692
07:01:56 1684
07:02:56 1684
07:03:57 1667
07:04:57 1669
07:05:57 1705
07:06:57 1702
07:07:58 1615
07:08:58 1599
07:09:58 1594
07:10:59 1614
07:11:59 1617
07:13:00 1640
07:14:00 1629
07:15:00 1656
07:16:01 1582
07:17:01 1581
07:18:01 1586
07:19:02 1491
07:20:02 1492
07:21:02 1543
07:22:03 1535
07:23:03 1547
07:24:03 1567
07:25:04 1554
07:26:04 1553
07:27:04 1562
07:28:05 1571
07:29:05 1579
07:30:05 1579
07:31:06 1591
07:32:06 1604
07:33:06 1599
07:34:07 1596
07:35:08 1605
07:36:08 1601
07:37:09 1630
07:38:09 1623
07:39:09 1634
07:40:10 1634
07:41:10 1648
07:42:10 1632
07:43:11 1631
07:44:11 1620
07:45:12 1621
07:46:12 1644
07:47:12 1635
07:48:12 1632
07:49:13 1645
07:50:13 1636
07:51:13 1640
07:52:14 1639
07:53:14 1641
07:54:14 1642
07:55:14 1652
07:56:15 1643
07:57:15 1669
07:58:16 1669
07:59:16 1680
08:00:16 1689
08:01:16 1673
08:02:17 1612
08:03:17 1614
08:04:18 1556
08:05:18 1556
08:06:18 1571
08:07:18 1599
08:08:19 1543
08:09:19 1552
08:10:19 1555
08:11:19 1578
08:12:20 1589
08:13:20 1625
08:14:20 1630
08:15:21 1640
08:16:21 1548
08:17:21 1558
08:18:22 1583
08:19:22 1578
08:20:22 1599
08:21:23 1605
08:22:23 1614
08:23:24 1620
08:24:24 1662
08:25:25 1629
08:26:25 1633
08:27:25 1656
08:28:26 1668
08:29:26 1662
08:30:26 1631
08:31:27 1639
08:32:27 1653
08:33:27 1650
08:34:27 1661
08:35:28 1656
08:36:28 1655
08:37:28 1669
08:38:29 1661
08:39:29 1533
08:40:29 1558
08:41:30 1569
08:42:30 1567
08:43:31 1581
08:44:31 1600
08:45:31 1606
08:46:32 1609
08:47:32 1616
08:48:32 1615
08:49:33 1632
08:50:33 1632
08:51:33 1636
08:52:34 1646
08:53:34 1640
08:54:34 1652
08:55:35 1652
08:56:36 1674
08:57:36 1577
08:58:37 1602
08:59:37 1602
09:00:37 1616
09:01:38 1621
09:02:38 1624
09:03:38 1639
09:04:39 1598
09:05:39 1619
09:06:39 1635
09:07:39 1636
09:08:39 1649
09:09:40 1672
09:10:40 1662
09:11:40 1664
09:12:40 1670
09:13:41 1673
09:14:41 1676
09:15:41 1642
09:16:41 1588
09:17:42 1620
09:18:42 1620
09:19:43 1616
09:20:43 1612
09:21:43 1611
09:22:43 1653
09:23:44 1633
09:24:44 1634
09:25:44 1640
09:26:44 1640
09:27:45 1654
09:28:45 1645
09:29:45 1642
09:30:45 1639
09:31:46 1663
09:32:46 1669
09:33:47 1690
09:34:47 1610
09:35:47 1617
09:36:47 1614
09:37:48 1630
09:38:49 1628
09:39:49 1636
09:40:49 1644
09:41:50 1634
09:42:50 1635
09:43:50 1639
09:44:50 1652
09:45:51 1665
09:46:51 1662
09:47:51 1654
09:48:51 1658
09:49:52 1662
09:50:52 1684
09:51:52 1668
09:52:52 1590
09:53:52 1628
09:54:53 1652
09:55:53 1652
09:56:53 1650
09:57:53 1654
09:58:53 1672
09:59:54 1598
10:00:54 1605
10:01:54 1605
10:02:55 1624
10:03:55 1639
10:04:55 1604
10:05:55 1620
10:06:55 1624
10:07:56 1645
10:08:56 1659
10:09:56 1647
10:10:57 1656
10:11:57 1666
10:12:57 1660
10:13:57 1681
10:14:57 1694
10:15:58 1750
10:16:58 1778
10:17:58 1788
10:18:59 1646
10:19:59 1639
10:21:00 1682
10:22:00 1669
10:23:01 1678
10:24:02 1693
10:25:02 1706
10:26:03 1702
10:27:04 1706
10:28:04 1705
10:29:04 1717
10:30:05 1726
10:31:05 1726
10:32:05 1718
10:33:05 1744
10:34:06 1731
10:35:06 1745
10:36:06 1740
10:37:06 1745
10:38:07 1738
10:39:08 1748
10:40:08 1739
10:41:09 1745
10:42:09 1757
10:43:10 1749
10:44:10 1757
10:45:10 1759
10:46:10 1751
10:47:11 1767
10:48:11 1669
10:49:11 1694
10:50:12 1695
10:51:12 1706
10:52:13 1698
10:53:13 1718
10:54:13 1725
10:55:14 1712
10:56:15 1720
10:57:15 1717
10:58:18 1665
10:59:16 1671
11:00:17 1650
11:01:17 1661
11:02:17 1674
11:03:18 1665
11:04:18 1661
11:05:19 1635
11:06:19 1665
11:07:19 1663
11:08:20 1672
11:09:20 1668
11:10:20 1657
11:11:21 1683
11:12:21 1677
11:13:21 1685
11:14:22 1678
11:15:23 1664
11:16:23 1599
11:17:23 1605
11:18:24 1619
11:19:24 1608
11:20:25 1540
11:21:25 1546
11:22:25 1568
11:23:25 1579
11:24:26 1581
11:25:26 1579
11:26:26 1586
11:27:26 1609
11:28:27 1594
11:29:27 1598
11:30:27 1618
11:31:27 1617
11:32:28 1619
11:33:28 1628
11:34:29 1632
11:35:30 1656
11:36:30 1657
11:37:30 1645
11:38:31 1653
11:39:31 1675
11:40:31 1657
11:41:32 1654
11:42:32 1556
11:43:32 1601
11:44:33 1622
11:45:33 1591
11:46:34 1597
11:47:35 1602
11:48:35 1610
11:49:36 1613
11:50:36 1628
11:51:37 1634
11:52:37 1632
11:53:37 1648
11:54:37 1644
11:55:38 1654
11:56:38 1645
11:57:38 1646
11:58:39 1665
11:59:39 1667
12:00:39 1676
12:01:39 1690
12:02:40 1701
12:03:40 1708
12:04:40 1731
12:05:41 1685
12:06:41 1705
12:07:41 1688
12:08:41 1688
12:09:42 1696
12:10:42 1700
12:11:43 1705
12:12:43 1709
12:13:43 1716
12:14:43 1716
12:15:44 1713
12:16:44 1603
12:17:45 1612
12:18:46 1620
12:19:46 1666
12:20:46 1674
12:21:47 1693
12:22:47 1678
12:23:47 1635
12:24:47 1685
12:25:48 1651
12:26:48 1655
12:27:48 1658
12:28:49 1664
12:29:49 1683
12:30:49 1704
12:31:50 1688
12:32:50 1700
12:33:50 1687
12:34:50 1696
12:35:50 1711
12:36:51 1756
12:37:51 1675
12:38:51 1642
12:39:52 1545
12:40:52 1572
12:41:52 1570
12:42:52 1577
12:43:52 1585
12:44:52 1602
12:45:53 1621
12:46:53 1601
12:47:53 1623
12:48:53 1623
12:49:54 1637
12:50:55 1652
12:51:55 1660
12:52:55 1654
12:53:55 1662
12:54:55 1665
12:55:56 1692
12:56:56 1681
12:57:56 1680
12:58:57 1682
12:59:57 1691
13:00:57 1689
13:01:57 1698
13:02:58 1710
13:03:58 1717
13:04:58 1749
13:05:58 1697
13:06:58 1669
13:07:59 1680
13:08:59 1694
13:09:59 1682
13:10:59 1684
13:11:59 1700
13:13:00 1696
13:14:00 1695
13:15:00 1696
13:16:00 1702
13:17:01 1600
13:18:01 1603
13:19:01 1604
13:20:01 1606
13:21:01 1614
13:22:02 1618
13:23:02 1651
13:24:02 1646
13:25:03 1680
13:26:03 1667
13:27:03 1684
13:28:03 1687
13:29:04 1702
13:30:04 1723
13:31:04 1700
13:32:04 1706
13:33:05 1605
13:34:05 1600
13:35:06 1613
13:36:06 1630
13:37:06 1625
13:38:06 1631
13:39:07 1632
13:40:07 1636
13:41:07 1633
13:42:08 1639
13:43:08 1662
13:44:09 1664
13:45:09 1661
13:46:09 1673
13:47:10 1681
13:48:11 1715
13:49:11 1649
13:50:11 1677
13:51:12 1679
13:52:12 1691
13:53:12 1703
13:54:12 1691
13:55:12 1721
13:56:13 1710
13:57:13 1721
13:58:13 1713
13:59:14 1699
14:00:14 1608
14:01:14 1596
14:02:14 1627
14:03:14 1647
14:04:14 1661
14:05:15 1733
14:06:15 1640
14:07:16 1637
14:08:16 1642
14:09:16 1647
14:10:17 1652
14:11:17 1656
14:12:17 1660
14:13:17 1672
14:14:18 1674
14:15:18 1679
14:16:18 1668
14:17:19 1588
14:18:19 1652
14:19:19 1638
14:20:20 1661
14:21:20 1674
14:22:20 1674
14:23:20 1690
14:24:21 1705
14:25:21 1702
14:26:22 1694
14:27:22 1694
14:28:23 1588
14:29:23 1613
14:30:23 1638
14:31:23 1639
14:32:24 1639
14:33:24 1626
14:34:24 1658
14:35:25 1656
14:36:25 1656
14:37:26 1661
14:38:26 1661
14:39:27 1657
14:40:27 1651
14:41:28 1662
14:42:28 1653
14:43:28 1653
14:44:29 1658
14:45:29 1640
14:46:30 1663
14:47:30 1660
14:48:30 1663
14:49:31 1668
14:50:31 1673
14:51:32 1663
14:52:33 1678
14:53:33 1668
14:54:33 1672
14:55:34 1690
14:56:34 1689
14:57:34 1694
14:58:35 1699
14:59:35 1705
15:00:35 1691
15:01:35 1690
15:02:35 1692
15:03:36 1700
15:04:36 1719
15:05:36 1662
15:06:36 1662
15:07:36 1691
15:08:37 1684
15:09:37 1695
15:10:37 1706
15:11:38 1695
15:12:38 1709
15:13:38 1673
15:14:38 1681
15:15:38 1681
15:16:39 1693
15:17:39 1601
15:18:39 1620
15:19:39 1656
15:20:40 1571
15:21:40 1626
15:22:40 1587
15:23:40 1490
15:24:40 1527
15:25:41 1503
15:26:41 1518
15:27:41 1549
15:28:41 1554
15:29:41 1573
15:30:42 1574
15:31:42 1586
15:32:43 1594
15:33:43 1597
15:34:43 1608
15:35:43 1612
15:36:43 1615
15:37:44 1618
15:38:44 1608
15:39:44 1612
15:40:44 1638
15:41:44 1645
15:42:45 1636
15:43:45 1628
15:44:45 1637
15:45:45 1640
15:46:46 1648
15:47:46 1649
15:48:46 1674
15:49:46 1655
15:50:47 1651
15:51:47 1659
15:52:48 1652
15:53:48 1656
15:54:48 1649
15:55:48 1650
15:56:49 1650
15:57:49 1673
15:58:49 1693
15:59:49 1694
16:00:49 1705
16:01:49 1713
16:02:50 1722
16:03:50 1706
16:04:50 1760
16:05:50 1668
16:06:51 1710
16:07:51 1725
16:08:51 1715
16:09:51 1734
16:10:51 1741
16:11:52 1774
16:12:52 1774
16:13:52 1769
16:14:52 1801
16:15:53 1826
16:16:53 1808
16:17:53 1558
16:18:53 1571
16:19:54 1604
16:20:54 1589
16:21:54 1644
16:22:54 1635
16:23:54 1652
16:24:55 1667
16:25:55 1697
16:26:55 1705
16:27:55 1722
16:28:55 1736
16:29:56 1759
16:30:56 1755
16:31:56 1758
16:32:57 1791
16:33:57 1803
16:34:58 1791
16:35:58 1799
16:36:58 1798
16:37:58 1789
16:38:59 1759
16:39:59 1754
16:40:59 1781
16:41:59 1617
16:43:00 1635
16:44:00 1696
16:45:00 1646
16:46:00 1665
16:47:00 1690
16:48:00 1701
16:49:01 1719
16:50:01 1718
16:51:01 1706
16:52:01 1716
16:53:02 1727
16:54:03 1735
16:55:03 1745
16:56:03 1748
16:57:04 1756
16:58:04 1760
16:59:04 1771
17:00:05 1771
17:01:05 1767
17:02:05 1772
17:03:06 1793
17:04:07 1766
17:05:07 1770
17:06:08 1765
17:07:08 1754
17:08:08 1776
17:09:08 1755
17:10:08 1769
17:11:09 1760
17:12:09 1778
17:13:09 1662
17:14:09 1663
17:15:09 1679
17:16:10 1690
17:17:10 1672
17:18:10 1568
17:19:10 1593
17:20:11 1590
17:21:11 1606
17:22:11 1628
17:23:13 1631
17:24:13 1635
17:25:13 1638
17:26:13 1644
17:27:14 1659
17:28:14 1642
17:29:14 1647
17:30:15 1643
17:31:15 1667
17:32:15 1668
17:33:16 1677
17:34:16 1683
17:35:16 1682
17:36:16 1676
17:37:17 1682
17:38:17 1694
17:39:18 1691
17:40:18 1691
17:41:18 1695
17:42:18 1702
17:43:19 1725
17:44:20 1723
17:45:20 1723
17:46:20 1730
17:47:20 1733
17:48:21 1731
17:49:21 1731
17:50:21 1737
17:51:21 1739
17:52:22 1741
17:53:22 1758
17:54:22 1767
17:55:22 1748
17:56:23 1757
17:57:23 1754
17:58:23 1753
17:59:24 1760
18:00:24 1773
18:01:24 1624
18:02:24 1636
18:03:24 1657
18:04:25 1612
18:05:25 1657
18:06:25 1581
18:07:25 1627
18:08:26 1568
18:09:26 1578
18:10:26 1591
18:11:26 1613
18:12:27 1610
18:13:27 1610
18:14:27 1613
18:15:28 1641
18:16:28 1640
18:17:28 1682
18:18:28 1564
18:19:29 1608
18:20:29 1599
18:21:29 1638
18:22:30 1637
18:23:31 1664
18:24:31 1654
18:25:31 1693
18:26:32 1711
18:27:32 1686
18:28:32 1709
18:29:33 1691
18:30:33 1702
18:31:33 1727
18:32:34 1719
18:33:35 1707
18:34:36 1714
18:35:36 1710
18:36:36 1723
18:37:37 1721
18:38:37 1729
18:39:37 1729
18:40:38 1730
18:41:38 1734
18:42:38 1736
18:43:38 1745
18:44:38 1736
18:45:39 1737
18:46:39 1741
18:47:39 1717
18:48:39 1716
18:49:40 1736
18:50:40 1743
18:51:40 1757
18:52:40 1746
18:53:41 1738
18:54:42 1746
18:55:42 1748
18:56:42 1747
18:57:42 1749
18:58:43 1749
18:59:43 1750
19:00:43 1779
19:01:43 1764
19:02:44 1764
19:03:44 1603
19:04:44 1644
19:05:44 1640
19:06:45 1719
19:07:45 1610
19:08:45 1600
19:09:45 1610
19:10:45 1612
19:11:45 1618
19:12:46 1648
19:13:46 1677
19:14:46 1732
19:15:47 1735
19:16:47 1720
19:17:47 1565
19:18:47 1587
19:19:47 1588
19:20:48 1603
19:21:48 1512
19:22:48 1523
19:23:48 1550
19:24:49 1590
19:25:49 1561
19:26:49 1582
19:27:49 1536
19:28:49 1581
19:29:49 1513
19:30:50 1526
19:31:50 1542
19:32:50 1560
19:33:51 1566
19:34:51 1560
19:35:51 1556
19:36:51 1566
19:37:52 1582
19:38:52 1559
19:39:52 1567
19:40:52 1579
19:41:53 1581
19:42:53 1596
19:43:53 1597
19:44:53 1586
19:45:53 1609
19:46:54 1611
19:47:54 1612
19:48:54 1644
19:49:54 1614
19:50:54 1615
19:51:55 1627
19:52:55 1637
19:53:55 1641
19:54:55 1642
19:55:55 1640
19:56:56 1665
19:57:56 1685
19:58:56 1611
19:59:56 1611
20:00:57 1615
20:01:57 1615
20:02:57 1615
20:03:57 1613
20:04:57 1618
20:05:58 1693
20:06:58 1741
20:07:58 1655
20:08:58 1662
20:09:58 1660
20:10:59 1677
20:11:59 1688
20:12:59 1697
20:13:59 1713
20:14:59 1722
20:16:00 1704
20:17:00 1707
20:18:00 1734
20:19:00 1579
20:20:01 1583
20:21:01 1585
20:22:01 1598
20:23:01 1620
20:24:02 1666
20:25:02 1638
20:26:02 1642
20:27:03 1654
20:28:03 1648
20:29:03 1643
20:30:03 1650
20:31:03 1653
20:32:03 1663
20:33:04 1659
20:34:04 1674
20:35:04 1678
20:36:04 1703
20:37:04 1697
20:38:05 1697
20:39:05 1695
20:40:05 1691
20:41:05 1730
20:42:06 1609
20:43:06 1636
20:44:06 1615
20:45:06 1623
20:46:06 1633
20:47:07 1634
20:48:07 1634
20:49:07 1644
20:50:07 1625
20:51:07 1640
20:52:08 1676
20:53:08 1692
20:54:08 1552
20:55:08 1585
20:56:08 1595
20:57:09 1607
20:58:09 1607
20:59:09 1629
21:00:09 1644
21:01:09 1648
21:02:10 1660
21:03:10 1665
21:04:10 1672
21:05:10 1710
21:06:11 1718
21:07:11 1671
21:08:11 1698
21:09:11 1701
21:10:11 1695
21:11:11 1690
21:12:12 1701
21:13:12 1696
21:14:12 1701
21:15:12 1707
21:16:12 1720
21:17:13 1714
21:18:13 1704
21:19:13 1578
21:20:14 1596
21:21:14 1621
21:22:14 1625
21:23:14 1631
21:24:15 1614
21:25:15 1611
21:26:15 1619
21:27:15 1622
21:28:15 1640
21:29:16 1666
21:30:16 1663
21:31:16 1654
21:32:16 1648
21:33:17 1662
21:34:17 1671
21:35:17 1684
21:36:17 1697
21:37:17 1684
21:38:18 1675
21:39:18 1676
21:40:18 1683
21:41:18 1682
21:42:18 1688
21:43:19 1692
21:44:19 1693
21:45:19 1710
21:46:20 1709
21:47:20 1704
21:48:20 1621
21:49:20 1673
21:50:20 1656
21:51:21 1637
21:52:21 1651
21:53:21 1675
21:54:21 1694
21:55:22 1680
21:56:22 1695
21:57:22 1705
21:58:22 1706
21:59:23 1710
22:00:23 1703
22:01:23 1726
22:02:24 1768
22:03:24 1638
22:04:24 1653
22:05:24 1719
22:06:25 1723
22:07:25 1774
22:08:25 1803
22:09:25 1837
22:10:25 1751
22:11:26 1746
22:12:26 1798
22:13:26 1750
22:14:26 1761
22:15:27 1771
22:16:27 1803
22:17:27 1769
22:18:28 1838
22:19:28 1785
22:20:28 1686
22:21:28 1702
22:22:28 1712
22:23:29 1704
22:24:29 1723
22:25:29 1708
22:26:29 1706
22:27:29 1718
22:28:30 1717
22:29:30 1756
22:30:30 1764
22:31:30 1758
22:32:31 1774
22:33:31 1742
22:34:31 1809
22:35:31 1782
22:36:32 1775
22:37:32 1761
22:38:32 1776
22:39:33 1798
22:40:33 1767
22:41:33 1789
22:42:34 1810
22:43:34 1644
22:44:34 1662
22:45:34 1725
22:46:35 1691
22:47:35 1708
22:48:35 1685
22:49:36 1694
22:50:36 1746
22:51:36 1757
22:52:36 1754
22:53:36 1740
22:54:37 1708
22:55:37 1744
22:56:37 1750
22:57:37 1713
22:58:38 1752
22:59:38 1737
23:00:38 1740
23:01:38 1769
23:02:39 1747
23:03:39 1730
23:04:39 1750
23:05:39 1905
23:06:40 1794
23:07:40 1764
23:08:40 1756
23:09:41 1744
23:10:41 1767
23:11:41 1775
23:12:41 1736
23:13:41 1799
23:14:42 1842
23:15:42 1857
23:16:42 1812
23:17:43 1776
23:18:43 1815
23:19:43 1754
23:20:43 1718
23:21:44 1727
23:22:44 1764
23:23:44 1634
23:24:44 1700
23:25:45 1728
23:26:45 1700
23:27:45 1700
23:28:45 1651
23:29:46 1689
23:30:46 1750
23:31:46 1701
23:32:46 1707
23:33:47 1676
23:34:47 1642
23:35:47 1810
23:36:48 1710
23:37:48 1699
23:38:48 1600
23:39:48 1622
23:40:49 1663
23:41:49 1675
23:42:49 1647
23:43:50 1661
23:44:50 1593
23:45:50 1640
23:46:51 1625
23:47:52 1600
23:48:52 1616
23:49:53 1710
23:50:54 1662
23:51:54 1666
23:52:55 1670
23:53:56 1734
23:54:56 1664
23:55:57 1655
23:56:58 1713
23:57:59 1728
23:58:59 1714
23:59:59 1707
