00:01:54 54895 6014
00:03:24 66351 7341
00:04:10 153990 14838
00:05:13 16406 3358
00:06:12 58805 8540
00:07:18 143945 10275
00:08:19 169418 24076
02:00:08 58915 4782
02:01:08 14476 4757
02:02:08 129256 29296
02:03:08 58965 3943
02:04:09 71547 7616
02:05:09 42942 2839
02:06:10 18640 6182
02:07:10 59394 4885
02:08:11 44614 2152
02:09:11 98124 7389
02:10:11 115079 7576
02:11:12 9148 1543
02:12:12 31443 2305
02:13:13 26444 2808
02:14:13 69568 6311
02:15:14 165140 51852
02:16:14 92232 49406
02:17:14 43440 3255
02:18:15 147103 5737
02:19:16 13783 2301
02:20:16 26891 2706
02:21:16 36075 6651
02:22:17 50379 4408
02:23:17 120420 7441
02:24:17 2032 1186
02:25:18 24526 1491
02:26:18 10552 5340
02:27:19 32050 3409
02:28:19 108787 6426
02:29:20 21399 1384
02:30:20 677 783
02:31:20 20859 1902
02:32:21 73235 10902
02:33:21 26085 2226
02:34:22 1852 1184
02:35:22 22593 5315
02:36:23 23825 7474
02:37:23 5961 5409
02:38:23 32036 3398
02:39:24 5224 2904
02:40:24 314935 36697
02:41:24 312010 33853
02:42:25 28753 2255
02:43:25 36193 5460
02:44:26 18876 8837
02:45:26 2415 1674
02:46:26 44135 2606
02:47:27 2704 4480
02:48:27 43324 5094
02:49:28 54228 3412
02:50:28 17475 4751
02:51:28 117675 6566
02:52:29 39941 5952
02:53:29 99708 7524
02:54:30 41884 5883
02:55:30 38872 3622
02:56:30 131987 10297
02:57:31 38459 5090
02:58:31 14256 3814
02:59:32 135193 14390
03:00:32 91160 5189
03:01:32 6691 4647
03:02:33 416 60
03:03:33 162 132
03:04:33 26555 1256
03:05:34 32587 3767
03:06:35 240930 16830
03:07:35 3402 6126
03:08:35 5796 9250
03:09:36 48567 16274
03:10:36 54234 6197
03:11:36 2233 952
03:12:37 255441 9488
03:13:37 7081 3878
03:14:38 18032 2440
03:15:38 41832 7808
03:16:38 58382 3910
03:17:39 7947 3200
03:18:39 19326 1361
03:19:39 95172 8106
03:20:40 34475 3370
03:21:40 34069 2448
03:22:40 12692 2001
03:23:41 2826 4348
03:24:41 757377 45615
03:25:41 679 723
03:26:42 1733 1705
03:27:42 18349 7365
03:28:42 158654 17744
03:29:43 14444 2124
03:30:43 32542 2768
03:31:43 7219 4340
03:32:44 129380 19067
03:33:44 53431 9102
03:34:44 86962 5705
03:35:45 60325 6335
03:36:45 63322 7641
03:37:45 26054 3539
03:38:46 56762 2892
03:39:46 15205 3258
03:40:46 37367 1645
03:41:47 71036 7912
03:42:47 214121 14567
03:43:47 123595 13198
03:44:48 86324 4710
03:45:48 23680 5545
03:46:49 48740 6291
03:47:49 15990 924
03:48:49 23653 2639
03:49:50 58038 7959
03:50:50 50616 4784
03:51:50 25645 4073
03:52:51 59674 10527
03:53:51 38055 7609
03:54:51 1561 1388
03:55:52 26165 7161
03:56:52 162028 10331
03:57:52 170043 12762
03:58:53 15764 2348
03:59:53 43413 6609
04:00:53 43690 4906
04:01:54 2500 1156
04:02:54 32788 3035
04:03:54 14559 2678
04:04:55 21276 5824
04:05:55 47325 2767
04:06:55 12469 3008
04:07:56 11085 1782
04:08:56 21623 1919
04:09:56 28656 5827
04:10:57 19534 1405
04:11:57 240 990
04:12:57 6853 2973
04:13:58 239461 20695
04:14:58 58028 4291
04:15:58 13900 2120
04:16:59 114027 6159
04:17:59 278349 24251
04:18:59 27537 2908
04:20:00 39147 7803
04:21:00 155356 5028
04:22:00 108418 8439
04:23:01 42175 2936
04:24:01 25470 5738
04:25:01 2527815 60631
04:26:02 7831 1357
04:27:02 87572 10348
04:28:02 41780 3685
04:29:03 8068 2125
04:30:03 78942 7452
04:31:03 71109 10073
04:32:04 13205 1393
04:33:04 20544 2191
04:34:05 377945 16688
04:35:05 5359 1414
04:36:05 155925 9668
04:37:05 12374 3335
04:38:06 170286 22292
04:39:06 9334 2013
04:40:07 60615 8699
04:41:07 21794 2486
04:42:07 47846 6051
04:43:08 684 1807
04:44:08 59010 6426
04:45:09 76026 6031
04:46:09 78952 11742
04:47:09 73670 8119
04:48:10 542988 34430
04:49:10 33555 4735
04:50:10 482 760
04:51:10 151916 3793
04:52:11 22107 3491
04:53:11 350 296
04:54:11 2113 1022
04:55:12 51491 10913
04:56:12 75020 9534
04:57:13 85088 5349
04:58:13 82351 10570
04:59:13 109324 9913
05:00:14 17026 3966
05:01:14 62703 6675
05:02:14 8710 6540
05:03:15 16345 1406
05:04:15 11257 2493
05:05:15 16870 5743
05:06:16 80477 10961
05:07:17 39784 833165
05:08:16 101195 8336
05:09:17 67829 8917
05:10:17 97793 7749
05:11:17 38893 7019
05:12:18 44429 2715
05:13:18 25932 3169
05:14:18 23305 2767
05:15:19 536 779
05:16:19 318500 12740
05:17:20 38733 8440
05:18:20 2311 1082
05:19:20 49354 4218
05:20:21 6592 1344
05:21:21 43738 8543
05:22:21 18041 2264
05:23:22 43543 2171
05:24:22 42958 4019
05:25:22 76448 7314
05:26:23 75552 3899
05:27:23 300129 21845
05:28:24 37388 3345
05:29:24 18745 4029
05:30:24 9912 1852
05:31:24 34708 3213
05:32:25 3602 1599
05:33:25 15920 13067
05:34:25 26490 1569
05:35:26 75341 6268
05:36:26 50890 3670
05:37:26 40278 3614
05:38:27 416 362
05:39:27 66444 2642
05:40:27 35494 4452
05:41:28 51623 2686
05:42:28 5841 5835
05:43:29 560 502
05:44:29 79592 4482
05:45:29 51462 3425
05:46:30 90555 8256
05:47:30 55623 5780
05:48:30 138355 13433
05:49:30 53344 4855
05:50:31 81628 4141
05:51:31 70017 6749
05:52:31 1442 2851
05:53:32 10774 3913
05:54:32 12958 1102
05:55:33 41163 8820
05:56:33 125585 6733
05:57:33 30634 5674
05:58:34 37041 3629
05:59:34 56306 3856
06:00:34 116031 11768
06:01:35 54509 4493
06:02:35 66276 3619
06:03:36 18514 5444
06:04:36 20295 8759
06:05:37 13346 2661
06:06:37 28682 606
06:07:37 522 1105
06:08:38 4301 7192
06:09:38 33323 7819
06:10:38 38543 3556
06:11:39 67220 8236
06:12:39 58640 1816
06:13:40 2852 2080
06:14:40 14592 7226
06:15:40 26228 6978
06:16:41 88969 7173
06:17:41 34512 3698
06:18:41 24533 2932
06:19:42 118933 6640
06:20:42 29852 2310
06:21:42 416 362
06:22:43 1851 561
06:23:43 108097 8617
06:24:43 416 274
06:25:44 54 0
06:26:44 276 664
06:27:44 16275 1246
06:28:45 73984 5379
06:29:45 49134 7955
06:30:45 35250 5595
06:31:46 13422 2987
06:32:46 73210 5596
06:33:46 34520 8811
06:34:47 10440 2247
06:35:47 450 800
06:36:47 88358 6340
06:37:48 8917 7601
06:38:48 20785 7016
06:39:48 240 1028
06:40:49 3230 5278
06:41:49 11704 1727
06:42:50 81130 5600
06:43:50 7163 726
06:44:50 9520 540
06:45:51 656 496
06:46:51 19779 6058
06:47:51 3802 6226
06:48:52 65079 8216
06:49:52 34280 5037
06:50:52 48458 2970
06:51:53 54 0
06:52:53 1774 542
06:53:53 17444 1094
06:54:53 34478 2197
06:55:54 808 766
06:56:54 140368 14745
06:57:54 17979 4528
06:58:55 40074 2686
06:59:55 350 296
07:00:56 8031 1996
07:01:56 54013 3213
07:02:56 3840 6314
07:03:57 433860 17716
07:04:57 240730 12207
07:05:57 470684 23043
07:06:57 38874 4323
07:07:58 74052 7809
07:08:58 54816 3134
07:09:58 141718 9047
07:10:59 68360 5483
07:11:59 41698 2728
07:13:00 65763 9946
07:14:00 3868 3312
07:15:00 103577 21119
07:16:01 85465 7936
07:17:01 25671 5554
07:18:01 55578 12266
07:19:02 37345 8498
07:20:02 22478 6208
07:21:02 40860 3238
07:22:03 116224 3540
07:23:03 23998 3190
07:24:03 45818 4759
07:25:04 3834617 90155
07:26:04 68371 6140
07:27:04 56089 4938
07:28:05 27135 1922
07:29:05 24682 536
07:30:05 22779 6380
07:31:06 19374 1148
07:32:06 59638 9827
07:33:06 20501 2052
07:34:07 36420 2240
07:35:08 108 62
07:36:08 17120 4048
07:37:09 17202 711
07:38:09 40296 3509
07:39:09 31625 2688
07:40:10 64372 5078
07:41:10 40698 7006
07:42:10 39565 5170
07:43:11 16882 4954
07:44:11 42062 6282
07:45:12 21192 4348
07:46:12 26886 1683
07:47:12 186 132
07:48:12 36880 6643
07:49:13 30331 3543
07:50:13 40736 7418
07:51:13 55720 3224
07:52:14 298181 13099
07:53:14 21084 2418
07:54:14 57021 5373
07:55:14 26601 1297
07:56:15 17045 2085
07:57:15 68444 3534
07:58:16 36917 5314
07:59:16 72827 3320
08:00:16 32651 4664
08:01:16 2774 4668
08:02:17 83012 5634
08:03:17 81422 3812
08:04:18 1696 1070
08:05:18 29739 6738
08:06:18 407315 13501
08:07:18 240811 58003
08:08:19 2534 4252
08:09:19 29001 2265
08:10:19 202315 11288
08:11:19 64985 9681
08:12:20 9440 2238
08:13:20 58664 2245
08:14:20 73144 7509
08:15:21 96192 4874
08:16:21 25694 4598
08:17:21 49870 5846
08:18:22 22766 1766
08:19:22 60871 3137
08:20:22 34715 6170
08:21:23 39772 2760
08:22:23 1138 1332
08:23:24 85718 9620
08:24:24 27230 6766
08:25:25 8905 1840
08:26:25 34099 2335
08:27:25 40485 3133
08:28:26 108454 4073
08:29:26 23226 4128
08:30:26 216 0
08:31:27 371703 17782
08:32:27 326649 18175
08:33:27 18668 5774
08:34:27 69138 3185
08:35:28 30232 3523
08:36:28 54 0
08:37:28 16159 5414
08:38:29 441832 29996
08:39:29 135610 10662
08:40:29 190933 14483
08:41:30 171560 12600
08:42:30 213769 8296
08:43:31 31691 2309
08:44:31 101001 5046
08:45:31 504972 19408
08:46:32 155245 8913
08:47:32 33082 2420
08:48:32 82092 5938
08:49:33 81368 5156
08:50:33 34203 6896
08:51:33 2312 1104
08:52:34 52056 8953
08:53:34 30816 4992
08:54:34 138780 15362
08:55:35 27645 2470
08:56:36 147384 12823
08:57:36 54099 7448
08:58:37 146243 20127
08:59:37 27856 1819
09:00:37 40892 4755
09:01:38 108634 6995
09:02:38 44609 8481
09:03:38 45038 8534
09:04:39 57457 3933
09:05:39 81015 4626
09:06:39 245094 11007
09:07:39 51250 4144
09:08:39 60225 3415
09:09:40 46184 5036
09:10:40 186 132
09:11:40 45367 2852
09:12:40 22313 2778
09:13:41 427881 27818
09:14:41 24151 6012
09:15:41 26161 16694
09:16:41 60894 3383
09:17:42 130292 4526
09:18:42 81107 7849
09:19:43 112778 8626
09:20:43 324196 14590
09:21:43 21571 6143
09:22:43 61084 4606
09:23:44 99445 2574
09:24:44 309646 22379
09:25:44 644417 21278
09:26:44 28702 15223
09:27:45 25394 5999
09:28:45 89736 37862
09:29:45 29101 2095
09:30:45 50341 9446
09:31:46 77168 7709
09:32:46 35639 3748
09:33:47 13885 5986
09:34:47 232427 10881
09:35:47 97905 4336
09:36:47 23914 2608
09:37:48 120 246
09:38:49 150822 15173
09:39:49 150922 8032
09:40:49 36360 2899
09:41:50 24015 3164
09:42:50 75240 9203
09:43:50 242520 15782
09:44:50 29044 5854
09:45:51 106934 23801
09:46:51 151319 37172
09:47:51 2245 3508
09:48:51 8556 762
09:49:52 255469 8865
09:50:52 468820 25860
09:51:52 41981 19608
09:52:52 732876 52324
09:53:52 3646 4704
09:54:53 50733 2979
09:55:53 94070 6942
09:56:53 91548 5547
09:57:53 13360 4698
09:58:53 3113 5160
09:59:54 102865 5304
10:00:54 191488 12272
10:01:54 20326 8481
10:02:55 31663 1522
10:03:55 160746 7127
10:04:55 221383 21315
10:05:55 83724 4406
10:06:55 23085 6469
10:07:56 14504 1533
10:08:56 42213 4714
10:09:56 265707 24890
10:10:57 113610 4741
10:11:57 7578 1279
10:12:57 62313 2252
10:13:57 19071 1847
10:14:57 45719 4187
10:15:58 170869 14830
10:16:58 14326 3761
10:17:58 162856 10886
10:18:59 46110 4322
10:19:59 47534 7112
10:21:00 392807 21167
10:22:00 1273 1874
10:23:01 189655 9412
10:24:02 143341 5584
10:25:02 867228 28241
10:26:03 362402 32320
10:27:04 81072 8461
10:28:04 6603 5262
10:29:04 18083 5716
10:30:05 31096 3756
10:31:05 48084 1947
10:32:05 45858 5634
10:33:05 253509 19154
10:34:06 27685 2412
10:35:06 259877 9575
10:36:06 251387 24863
10:37:06 132704 20799
10:38:07 16325 2771
10:39:08 350155 13663
10:40:08 239029 15183
10:41:09 320362 21543
10:42:09 656094 27097
10:43:10 89470 9453
10:44:10 294892 12519
10:45:10 433112 33492
10:46:10 27225 6748
10:47:11 172514 9146
10:48:11 14288 7122
10:49:11 267323 11291
10:50:12 5679 126
10:51:12 14777 2843
10:52:13 416847 14265
10:53:13 8218 2286
10:54:13 128021 7997
10:55:14 394959 35034
10:56:15 185720 10936
10:57:15 526 485
10:58:17 214247 8304
10:59:16 67912 4794
11:00:17 125617 5166
11:01:17 25602 2658
11:02:17 217859 8533
11:03:18 49280 10839
11:04:18 81071 3251
11:05:19 198166 10025
11:06:19 83476 3379
11:07:19 59903 4593
11:08:20 27129 5600
11:09:20 79175 5390
11:10:20 132229 12527
11:11:21 660145 33136
11:12:21 258838 9282
11:13:21 550639 21260
11:14:22 278516 19832
11:15:23 684110 28527
11:16:23 6931 4379
11:17:23 7200 5938
11:18:24 21043 1027
11:19:24 309 312
11:20:25 101210 8258
11:21:25 112940 8001
11:22:25 104523 4413
11:23:25 13235 1884
11:24:26 6085 2514
11:25:26 65524 5999
11:26:26 10700 4432
11:27:26 55769 23242
11:28:27 14658 954
11:29:27 89586 3966
11:30:27 65552 7663
11:31:27 170192 6290
11:32:28 396926 18777
11:33:28 393101 20543
11:34:29 55863 2088
11:35:30 306095 22186
11:36:30 201187 25628
11:37:30 88053 4758
11:38:31 221999 12840
11:39:31 47987 5107
11:40:31 153099 8172
11:41:32 24917 4051
11:42:32 542894 14974
11:43:32 128356 8741
11:44:33 174 314
11:45:33 136066 5680
11:46:34 118456 8231
11:47:35 384946 19621
11:48:35 423439 19960
11:49:36 10287 693
11:50:36 18266 1544
11:51:37 34455 2768
11:52:37 2082 3528
11:53:37 173123 13356
11:54:37 9142 7524
11:55:38 54288 2519
11:56:38 19978 5609
11:57:38 143770 7547
11:58:39 134293 10271
11:59:39 1626 491
12:00:39 19378 6762
12:01:39 66540 7042
12:02:40 2886 454
12:03:40 191308 9474
12:04:40 334153 15059
12:05:41 3987 3896
12:06:41 60753 3977
12:07:41 53992 3259
12:08:41 36841 3038
12:09:42 23369 2370
12:10:42 8031 1046
12:11:43 162 182
12:12:43 147379 12121
12:13:43 80534 6310
12:14:43 263436 8323
12:15:44 116351 12907
12:16:44 66299 3366
12:17:45 4732 5789
12:18:46 38372 5292
12:19:46 24369 7130
12:20:46 56216 2413
12:21:47 77232 4814
12:22:47 34136 11220
12:23:47 19595 1677
12:24:47 15779 1401
12:25:48 60367 3476
12:26:48 148973 8879
12:27:48 104474 6201
12:28:49 4414 600
12:29:49 87361 3951
12:30:49 310929 15640
12:31:50 28442 1002
12:32:50 122382 5505
12:33:50 111682 7653
12:34:50 1696 680
12:35:50 291040 16097
12:36:51 58677 3893
12:37:51 18115 5488
12:38:51 50870 4867
12:39:52 87518 5493
12:40:52 300343 11071
12:41:52 27250 3084
12:42:52 116826 5265
12:43:52 13115 17135
12:44:52 5883 1192
12:45:53 34088 4274
12:46:53 45865 6741
12:47:53 108 0
12:48:53 1864 3636
12:49:54 27540 4028
12:50:55 233543 12513
12:51:55 21854 1248
12:52:55 63185 5008
12:53:55 157302 6485
12:54:55 110672 5598
12:55:56 254688 13742
12:56:56 321279 20364
12:57:56 173774 9492
12:58:57 39619 2311
12:59:57 71275 7700
13:00:57 59049 3286
13:01:57 124114 5253
13:02:58 126244 11353
13:03:58 9129 959
13:04:58 146747 7665
13:05:58 440536 26212
13:06:58 165357 38431
13:07:59 80302 5137
13:08:59 13439 1668
13:09:59 156054 9709
13:10:59 223822 6723
13:11:59 143722 4979
13:13:00 514508 25585
13:14:00 482260 34167
13:15:00 154920 5610
13:16:00 39691 6424
13:17:01 373661 25376
13:18:01 19669 1422
13:19:01 36116 2574
13:20:01 403445 18810
13:21:01 120057 4951
13:22:02 59290 1746
13:23:02 47996 15120
13:24:02 107703 5236
13:25:03 23742 9165
13:26:03 174494 4704
13:27:03 144772 10169
13:28:03 149091 7384
13:29:04 184679 11713
13:30:04 32284 1722
13:31:04 143954 8301
13:32:04 83717 13582
13:33:05 26300 2186
13:34:05 30179 3423
13:35:06 82939 6170
13:36:06 796622 23460
13:37:06 48744 2408
13:38:06 43919 2991
13:39:07 149288 8538
13:40:07 54746 3797
13:41:07 2396 1444
13:42:08 21133 3854
13:43:08 20627 4364
13:44:09 39013 7420
13:45:09 5629651 116898
13:46:09 174992 7225
13:47:10 138357 6460
13:48:11 42250 8369
13:49:11 67687 4497
13:50:11 52844 3916
13:51:12 143168 7005
13:52:12 208642 12709
13:53:12 7476 5332
13:54:12 174620 6779
13:55:12 100357 8581
13:56:13 76637 5602
13:57:13 104866 10514
13:58:13 74647 3065
13:59:14 24571 4522
14:00:14 34812 5259
14:01:14 59474 7186
14:02:14 149509 9078
14:03:14 8446 911
14:04:14 3118 5285
14:05:15 28496 3869
14:06:15 253468 13393
14:07:16 80575 8984
14:08:16 248 254
14:09:16 329646 27045
14:10:17 2068 2003
14:11:17 33537 8475
14:12:17 25304 1943
14:13:17 4552 6067
14:14:18 280937 16463
14:15:18 46902 1752
14:16:18 77670 3068
14:17:19 344237 21965
14:18:19 50220 44141
14:19:19 5963 1224
14:20:20 9800 1139
14:21:20 26872 786
14:22:20 21253 900
14:23:20 25057 6297
14:24:21 30947 2164
14:25:21 34494 4065
14:26:22 48115 4030
14:27:22 18481 6196
14:28:23 41490 3824
14:29:23 40504 2604
14:30:23 322728 19022
14:31:23 24466 796
14:32:24 246391 11676
14:33:24 436989 20168
14:34:24 18445 1661
14:35:25 54869 1568
14:36:25 180222 7450
14:37:26 15672 1418
14:38:26 21623 3707
14:39:27 41218 3104
14:40:27 6452 854
14:41:28 174968 6830
14:42:28 33922 6060
14:43:28 121618 5513
14:44:29 78815 5329
14:45:29 853644 54905
14:46:30 73011 2576
14:47:30 11751 8553
14:48:30 79896 4450
14:49:31 42090 2528
14:50:31 327587 14771
14:51:32 71962 4224
14:52:33 6221 706
14:53:33 32506 6075
14:54:33 906210 43617
14:55:34 101967 10564
14:56:34 18625 1960
14:57:34 88312 9715
14:58:35 10541 2209
14:59:35 34969 2105
15:00:35 10918 5718
15:01:35 5921 4940
15:02:35 179879 6362
15:03:36 157637 9083
15:04:36 377571 27577
15:05:36 168607 10235
15:06:36 109526 3271
15:07:36 143764 12425
15:08:37 475387 17999
15:09:37 4848 906
15:10:37 219879 8729
15:11:38 4388 28374
15:12:38 49252 2731
15:13:38 64353 5951
15:14:38 48764 4144
15:15:38 41885 2218
15:16:39 524573 28342
15:17:39 233655 11640
15:18:39 180375 15339
15:19:39 205938 16418
15:20:40 782855 30549
15:21:40 3206 1258
15:22:40 30092 1464
15:23:40 38106 7267
15:24:40 145076 15273
15:25:41 240 258
15:26:41 15248 474
15:27:41 6110 66
15:28:41 133754 4365
15:29:41 48732 3005
15:30:42 40117 3868
15:31:42 60316 4890
15:32:43 874433 42405
15:33:43 208717 8048
15:34:43 88130 8064
15:35:43 130163 7730
15:36:43 79637 32961
15:37:44 24645 3141
15:38:44 14739 2044
15:39:44 120878 10673
15:40:44 22203 3972
15:41:44 114983 7616
15:42:45 84299 3663
15:43:45 539983 18736
15:44:45 472055 22482
15:45:45 69654 5029
15:46:46 234461 7406
15:47:46 60635 5663
15:48:46 290788 10078
15:49:46 90420 7443
15:50:47 30490 1764
15:51:47 17886 5152
15:52:48 154640 4917
15:53:48 1012 2330
15:54:48 25379 1403
15:55:48 140730 10548
15:56:49 1065435 35002
15:57:49 150502 8128
15:58:49 61960 4839
15:59:49 20931 9556
16:00:49 4596 1502
16:01:49 119516 5093
16:02:50 38080 2687
16:03:50 441716 12466
16:04:50 168956 27419
16:05:50 73148 7168
16:06:51 265499 29391
16:07:51 60808 2694
16:08:51 94458 4207
16:09:51 447929 16351
16:10:51 145639 17508
16:11:52 118907 4874
16:12:52 116329 8185
16:13:52 172231 7770
16:14:52 13434 2750
16:15:53 65559 4699
16:16:53 156706 11187
16:17:53 54159 7845
16:18:53 12152 1879
16:19:54 254285 13852
16:20:54 62517 8018
16:21:54 24524 2682
16:22:54 154667 5436
16:23:54 12154 1350
16:24:55 105968 9010
16:25:55 229089 8162
16:26:55 13186 1764
16:27:55 25440 2187
16:28:55 28772 8846
16:29:56 416305 20165
16:30:56 86948 11756
16:31:56 136742 5531
16:32:57 38354 4429
16:33:57 102159 4427
16:34:58 90059 38780
16:35:58 80941 10148
16:36:58 145949 12120
16:37:58 104270 91775
16:38:59 372229 19445
16:39:59 365080 28478
16:40:59 406080 26896
16:41:59 264970 13981
16:43:00 14505 2452
16:44:00 718776 30003
16:45:00 297024 17930
16:46:00 234070 12989
16:47:00 217759 20528
16:48:00 27659 7124
16:49:01 65711 66966
16:50:01 52629 4358
16:51:01 644790 18470
16:52:01 483657 17564
16:53:02 536186 22777
16:54:03 229190 77941
16:55:03 109515 44958
16:56:03 40311 3137
16:57:04 523683 26743
16:58:04 82921 2657
16:59:04 19816 48066
17:00:05 2729 691
17:01:05 90165 57665
17:02:05 44890 44859
17:03:06 266191 10475
17:04:07 40490 2466
17:05:07 48247 44944
17:06:08 60808 2929
17:07:08 170876 19793
17:08:08 651693 46346
17:09:08 54427 2187
17:10:08 222916 12146
17:11:09 144213 9595
17:12:09 238222 9637
17:13:09 215054 8636
17:14:09 271001 10681
17:15:09 31617 29696
17:16:10 92846 4215
17:17:10 45926 7339
17:18:10 279743 14167
17:19:10 280531 55208
17:20:11 596688 32052
17:21:11 12374 7067
17:22:11 76865 3134
17:23:13 145960 9938
17:24:13 34779 3249
17:25:13 205338 12393
17:26:13 125074 4844
17:27:14 213386 20296
17:28:14 112584 7582
17:29:14 35175 52209
17:30:15 57705 17339
17:31:15 523155 81876
17:32:15 1069850 125196
17:33:16 149846 49543
17:34:16 168287 17578
17:35:16 38513 7306
17:36:16 408629 20537
17:37:17 22299 4774
17:38:17 19804 6411
17:39:18 269654 18273
17:40:18 160844 6741
17:41:18 125165 14892
17:42:18 99516 8830
17:43:19 229689 13941
17:44:20 187937 16327
17:45:20 78950 4195
17:46:20 55274 45215
17:47:20 124693 9473
17:48:21 66752 5906
17:49:21 19409 1044
17:50:21 23182 4039
17:51:21 12330 2774
17:52:22 211247 8289
17:53:22 44960 7338
17:54:22 128190 12598
17:55:22 255734 12844
17:56:23 5574 1441
17:57:23 77993 3221
17:58:23 39385 3965
17:59:24 56200 4983
18:00:24 46920 3080
18:01:24 261757 14898
18:02:24 17654 5442
18:03:24 33985 1433
18:04:25 20217 2433
18:05:25 849845 40726
18:06:25 654 260
18:07:25 167655 5812
18:08:26 75264 4144
18:09:26 7264 1213
18:10:26 33081 8455
18:11:26 10269 1604
18:12:27 6389 1770
18:13:27 123225 21623
18:14:27 137705 11353
18:15:28 59081 4870
18:16:28 20982 7963
18:17:28 94527 4200
18:18:28 86683 8182
18:19:29 474996 49555
18:20:29 182304 10873
18:21:29 152511 7079
18:22:30 170991 11331
18:23:31 96297 9844
18:24:31 53325 6956
18:25:31 66308 3187
18:26:32 150288 14938
18:27:32 78275 11744
18:28:32 53417 4492
18:29:33 180416 5786
18:30:33 18525 2080
18:31:33 25171 3152
18:32:34 58902 4951
18:33:35 27188 6683
18:34:36 10342 1008
18:35:36 74088 8806
18:36:36 41257 7528
18:37:37 14911 2567
18:38:37 6130 2706
18:39:37 33987 2427
18:40:38 472650 16720
18:41:38 34265 7167
18:42:38 151715 8983
18:43:38 26828 1314
18:44:38 143576 6000
18:45:39 28955 10541
18:46:39 19851 9447
18:47:39 420624 14288
18:48:39 58606 4916
18:49:40 65371 6609
18:50:40 44605 2838
18:51:40 60540 8604
18:52:40 59879 3239
18:53:41 235713 16704
18:54:42 4262 1735
18:55:42 85948 12308
18:56:42 133017 14010
18:57:42 14083 1094
18:58:43 15152 1498
18:59:43 146068 4662
19:00:43 68441 2394
19:01:43 322452 19678
19:02:44 23555 1569
19:03:44 88532 11608
19:04:44 67641 9453
19:05:44 166134 10367
19:06:45 79017 5717
19:07:45 169494 13880
19:08:45 60578 4911
19:09:45 153014 10636
19:10:45 60276 11893
19:11:45 13499 1646
19:12:46 185388 12765
19:13:46 31348 1394
19:14:46 9280 3739
19:15:47 98106 9347
19:16:47 3717 2293
19:17:47 17398 9616
19:18:47 26933 2745
19:19:47 32968 3696
19:20:48 23053 5520
19:21:48 26909 1883
19:22:48 187118 7438
19:23:48 30497 5633
19:24:49 1083 945
19:25:49 65942 4828
19:26:49 38507 3096
19:27:49 23422 2230
19:28:49 11835 252
19:29:49 4301 2329
19:30:50 22861 1768
19:31:50 6358 436
19:32:50 29972 1448
19:33:51 13444 860
19:34:51 23272 2296
19:35:51 30781 2401
19:36:51 75641 4171
19:37:52 65474 4194
19:38:52 324025 10270
19:39:52 6275 1571
19:40:52 32402 1200
19:41:53 55211 2171
19:42:53 182143 13346
19:43:53 32328 2229
19:44:53 11691 1675
19:45:53 30297 3373
19:46:54 41351 11212
19:47:54 60403 14373
19:48:54 80161 17746
19:49:54 173602 29324
19:50:54 49799 5171
19:51:55 225505 28747
19:52:55 206662 11316
19:53:55 23820 4524
19:54:55 236915 10680
19:55:55 125568 8305
19:56:56 36174 4460
19:57:56 94479 3074
19:58:56 70847 4184
19:59:56 70633 6624
20:00:57 34555 1822
20:01:57 164144 7696
20:02:57 347384 23413
20:03:57 618896 37026
20:04:57 1062963 69475
20:05:58 230150 10976
20:06:58 39036 1528
20:07:58 35564 2111
20:08:58 84313 10904
20:09:58 39712 4162
20:10:59 53178 3835
20:11:59 292934 11034
20:12:59 53328 3639
20:13:59 11174 848
20:14:59 106353 4795
20:16:00 22686 2691
20:17:00 5556 1015
20:18:00 72547 6017
20:19:00 41124 4410
20:20:01 37200 3297
20:21:01 113582 8525
20:22:01 18380 1096
20:23:01 98578 6869
20:24:02 13082 831
20:25:02 12802 1776
20:26:02 52911 3720
20:27:03 1934 1806
20:28:03 9977 804
20:29:03 43048 3671
20:30:03 384822 25305
20:31:03 670 586
20:32:03 7087 1520
20:33:04 93948 7173
20:34:04 441680 18978
20:35:04 92921 4551
20:36:04 107250 9992
20:37:04 14845 1667
20:38:05 106066 3168
20:39:05 50386 1662
20:40:05 15956 28223
20:41:05 19873 2752
20:42:06 54590 6495
20:43:06 65469 4159
20:44:06 41602 5409
20:45:06 61838 4500
20:46:06 3778 2571
20:47:07 493796 19313
20:48:07 346632 23527
20:49:07 126301 5246
20:50:07 161272 11174
20:51:07 76963 5136
20:52:08 658361 26813
20:53:08 1893 2071
20:54:08 54688 4406
20:55:08 213050 8503
20:56:08 27599 2888
20:57:09 129759 6024
20:58:09 18664 2605
20:59:09 12966 2343
21:00:09 82621 4236
21:01:09 186213 34261
21:02:10 86617 7103
21:03:10 53777 6913
21:04:10 542631 21804
21:05:10 50096 4763
21:06:11 104859 7427
21:07:11 89776 6218
21:08:11 87239 6657
21:09:11 167965 11358
21:10:11 35177 2739
21:11:11 410386 22395
21:12:12 158809 12013
21:13:12 1495 1755
21:14:12 76289 6032
21:15:12 232278 15259
21:16:12 12280 2786
21:17:13 14624 818
21:18:13 7085 446
21:19:13 2654 384
21:20:14 67639 6877
21:21:14 171767 7704
21:22:14 31871 7123
21:23:14 34660 10408
21:24:15 463163 18571
21:25:15 8818 1053
21:26:15 71835 8040
21:27:15 82038 2692
21:28:15 73478 7514
21:29:16 61204 4648
21:30:16 278545 25667
21:31:16 68020 3807
21:32:16 34187 2024
21:33:17 92898 8009
21:34:17 276008 17966
21:35:17 15596 2006
21:36:17 40237 3821
21:37:17 27329 2475
21:38:18 354478 26527
21:39:18 138151 15296
21:40:18 610391 20668
21:41:18 75853 4165
21:42:18 26716 1697
21:43:19 101920 7243
21:44:19 17469 1830
21:45:19 21211 2024
21:46:20 89075 7003
21:47:20 15375 2259
21:48:20 70293 7855
21:49:20 118099 5407
21:50:20 115987 6119
21:51:21 6853 663
21:52:21 238115 15173
21:53:21 12663 139338
21:54:21 63428 2460
21:55:22 14134 3183
21:56:22 4996 1046
21:57:22 32246 4529
21:58:22 74700 7013
21:59:23 413328 11822
22:00:23 4971 884
22:01:23 88326 5371
22:02:24 242150 15890
22:03:24 9048 1116
22:04:24 3960 1909
22:05:24 212626 202802
22:06:25 140108 8615
22:07:25 128701 4416
22:08:25 259444 16696
22:09:25 49869 6874
22:10:25 109301 6621
22:11:26 699154 32020
22:12:26 106919 5198
22:13:26 72602 5149
22:14:26 415354 29768
22:15:27 139837 8571
22:16:27 186652 30520
22:17:27 308603 24729
22:18:28 159413 9063
22:19:28 152872 12477
22:20:28 239339 28297
22:21:28 9904 1232
22:22:28 300838 13508
22:23:29 39120 2879
22:24:29 24219 3542
22:25:29 353226 11114
22:26:29 166801 8753
22:27:29 204681 9908
22:28:30 12157 2204
22:29:30 17094 1987
22:30:30 331030 21318
22:31:30 312329 11420
22:32:31 25756 2309
22:33:31 6430 2777
22:34:31 135789 11769
22:35:31 28886 3350
22:36:32 93116 5566
22:37:32 186517 15126
22:38:32 40325 5729
22:39:33 104502 6815
22:40:33 60201 5196
22:41:33 174618 8851
22:42:34 383481 13167
22:43:34 181408 11749
22:44:34 21420 1872
22:45:34 62617 6366
22:46:35 56112 2322
22:47:35 121566 25872
22:48:35 50163 2891
22:49:36 43686 4220
22:50:36 65177 69057
22:51:36 543208 83307
22:52:36 190712 229468
22:53:36 327814 10778
22:54:37 229212 13508
22:55:37 127424 14294
22:56:37 75802 4415
22:57:37 107513 8544
22:58:38 57409 3684
22:59:38 88752 6521
23:00:38 110324 12441
23:01:38 26638 1690
23:02:39 343521 15016
23:03:39 7286 2177
23:04:39 34735 3990
23:05:39 99249 6754
23:06:40 64572 5814
23:07:40 262754 15756
23:08:40 32286 1751
23:09:41 89658 3888
23:10:41 66045 6297
23:11:41 72531 5928
23:12:41 79180 5596
23:13:41 112403 5217
23:14:42 70889 4681
23:15:42 89364 10732
23:16:42 22778 2409
23:17:43 141860 6192
23:18:43 33432 1294
23:19:43 70286 3514
23:20:43 129848 10299
23:21:44 41390 3382
23:22:44 64587 8987
23:23:44 35650 3534
23:24:44 75778 6451
23:25:45 83485 6777
23:26:45 73824 5180
23:27:45 18592 7123
23:28:45 104571 6120
23:29:46 89425 5564
23:30:46 49070 4144
23:31:46 53543 2833
23:32:46 298216 16553
23:33:47 17866 1563
23:34:47 43052 3271
23:35:47 83655 5812
23:36:48 64627 3350
23:37:48 60482 5304
23:38:48 42432 2336
23:39:48 21296 3465
23:40:49 201385 12716
23:41:49 98870 9253
23:42:49 130560 6418
23:43:50 157705 11025
23:44:50 30592 1755
23:45:50 59045 3863
23:46:51 67591 7671
23:47:52 148270 9346
23:48:52 259532 17694
23:49:53 142424 7561
23:50:54 31074 3680
23:51:54 113183 5694
23:52:55 237835 13257
23:53:56 26434 2154
23:54:56 71550 6924
23:55:57 47984 4681
23:56:58 65551 6047
23:57:59 41453 2731
23:58:59 42791 4864
23:59:59 22499 3775
