00:01:17 30543 2972
00:02:39 10946 11897
00:03:24 58898 12645
00:04:18 39691 4385
00:05:18 87557 7982
00:06:19 291753 12389
00:07:20 41607 2312
00:08:21 25367 5405
02:00:05 -1 -1
02:01:06 -1 -1
02:02:06 12858 1884
02:03:07 12036 1284
02:04:07 27735 4911
02:05:08 25452 5386
02:06:08 11074 5902
02:07:09 12638 10721
02:08:09 7411 3366
02:09:09 54723 16342
02:10:10 77998 13281
02:11:10 40247 4495
02:12:10 83848 10923
02:13:11 58121 8869
02:14:32 63453 6882
02:15:14 93256 8262
02:16:12 68950 15662
02:17:12 4442 7316
02:18:13 98958 5703
02:19:14 113681 6294
02:20:14 106782 13226
02:21:14 28485 4791
02:22:15 70564 15805
02:23:15 17247 8301
02:24:24 182100 12649
02:25:16 49341 8046
02:26:17 43791 6881
02:27:17 20081 9055
02:28:17 18922 11099
02:29:18 37094 7573
02:30:18 3064 5592
02:31:19 362268 18513
02:32:19 81809 4651
02:33:21 108542 7150
02:34:20 103006 22547
02:35:22 106798 38052
02:36:21 25551 7913
02:37:21 2665 952
02:38:22 27986 6464
02:39:22 2493 1013
02:40:22 72624 6147
02:41:23 671 783
02:42:23 11747 6533
02:43:23 162261 13535
02:44:24 1205 2357
02:45:24 70198 11113
02:46:24 141997 15028
02:47:25 31414 9475
02:48:25 91025 27115
02:49:29 40317 8630
02:50:26 6648 5885
02:51:26 96574 11503
02:52:27 156975 8682
02:53:30 65001 17837
02:54:28 88582 8801
02:55:28 84371 5470
02:56:29 95596 13285
02:57:29 36238 16947
02:58:29 3299 5051
02:59:30 103118 8839
03:00:30 116008 11758
03:01:31 31184 7049
03:02:31 26393 16804
03:03:31 21900 34656
03:04:32 3461 4998
03:05:32 20799 6051
03:06:33 3385 2906
03:07:33 408210 25482
03:08:34 4709 5491
03:09:34 63777 12034
03:10:34 55028 2864
03:11:35 46924 11073
03:12:35 94578 16302
03:13:35 27952 2467
03:14:36 42237 4257
03:15:36 122856 5734
03:16:36 44373 9495
03:17:37 17266 1076
03:18:37 148322 7954
03:19:37 46248 2196
03:20:38 322 652
03:21:38 121283 19994
03:22:38 47080 5401
03:23:39 131839 11797
03:24:39 236 434
03:25:40 2031 496
03:26:40 30945 3061
03:27:40 41488 4892
03:28:41 7139 882
03:29:41 4373 1264
03:30:41 8534 882
03:31:41 10642 3846
03:32:42 46659 18960
03:33:43 17182 2262
03:34:42 1978 859
03:35:44 60560 6171
03:36:43 18147 2125
03:37:44 52924 7397
03:38:44 60975 8102
03:39:44 33876 7699
03:40:45 2685 791
03:41:45 19222 10664
03:42:45 75643 6929
03:43:46 36896 5494
03:44:46 48932 6937
03:45:47 18794 2574
03:46:47 1835 1684
03:47:47 44022 2952
03:48:47 70068 3480
03:49:48 33930 5428
03:50:48 54623 5120
03:51:48 2005 2461
03:52:49 106559 10507
03:53:49 81431 9402
03:54:50 4704 4981
03:55:50 41916 4722
03:56:50 39917 3583
03:57:50 2927 508
03:58:51 25682 4668
03:59:51 358891 18674
04:00:51 36952 3639
04:01:52 60520 3556
04:02:52 97025 14993
04:03:53 102349 22675
04:04:53 56073 4180
04:05:53 45180 4038
04:06:53 286864 36000
04:07:54 24814 6250
04:08:54 8570 1320
04:09:56 76212 44666
04:10:55 92019 13813
04:11:55 64661 15134
04:12:55 78097 8945
04:13:56 48164 16112
04:14:56 189872 26287
04:15:57 147330 24336
04:16:57 275457 18002
04:17:57 44352 3655
04:18:58 71728 6421
04:19:58 -1 -1
04:20:58 33079 3742
04:21:58 7322 3400
04:22:59 168689 16124
04:24:00 2523 4522
04:25:00 86546 7004
04:26:00 2336 9826
04:27:00 90418 13718
04:28:01 25450 11195
04:29:01 84611 3457
04:30:02 77739 24924
04:31:03 52796 17168
04:32:11 148280 27466
04:33:04 352345 14157
04:34:04 395285 9048
04:35:03 293657 12073
04:36:03 53806 40071
04:37:07 62737 5162
04:38:04 38711 8872
04:39:06 -1 -1
04:40:05 74007 9309
04:41:07 253778 17858
04:42:06 24449 2781
04:43:08 70412 6837
04:44:06 5305 1944
04:45:07 76942 11136
04:46:08 89612 7409
04:47:07 127292 8208
04:48:09 74067 12392
04:49:08 432285 33670
04:50:08 42035 7586
04:51:09 99782 19261
04:52:09 70182 5129
04:53:09 108580 12494
04:54:11 115482 13379
04:55:10 53617 4294
04:56:10 8995 2331
04:57:11 10519 8923
04:58:11 4407 1822
04:59:12 2412 3253
05:00:12 7775 1682
05:01:12 90337 9352
05:02:13 40017 18050
05:03:13 11522 10071
05:04:13 21144 22147
05:05:14 62345 7103
05:06:14 3637 1042
05:07:14 4164 16532
05:08:14 71261 6143
05:09:15 6917 1707
05:10:15 61710 14868
05:11:15 68192 40033
05:12:16 32332 4118
05:13:16 64374 17153
05:14:17 64955 14670
05:15:17 -1 -1
05:16:17 117028 7739
05:17:18 27982 5790
05:18:18 23399 5966
05:19:19 9248 2140
05:20:19 54447 4061
05:21:19 61970 12222
05:22:20 55848 39309
05:23:20 42286 35086
05:24:20 33485 29075
05:25:21 196265 16525
05:26:21 95508 15003
05:27:21 13060 7686
05:28:21 125793 77397
05:29:22 155973 131829
05:30:22 144805 42783
05:31:23 5057 43235
05:32:23 34295 29797
05:33:23 50555 27253
05:34:24 33707 28849
05:35:24 30081 74001
05:36:25 6481 22346
05:37:25 58342 14522
05:38:25 92239 155852
05:39:25 45777 142920
05:40:26 26908 221598
05:41:26 71065 140615
05:42:26 85921 209000
05:43:27 94468 135998
05:44:27 13521 164049
05:45:27 85092 5883
05:46:28 31064 5857
05:47:28 40210 10693
05:48:28 13795 4000
05:49:29 18611 2252
05:50:29 42690 2407
05:51:29 89617 12260
05:52:30 15766 35839
05:53:30 48403 3984
05:54:31 86029 8436
05:55:31 8936 1615
05:56:31 26101 8039
05:57:31 64853 8670
05:58:32 64965 7330
05:59:32 132027 27272
06:00:33 33190 67591
06:01:33 147415 20579
06:02:34 219402 16291
06:03:34 7538 19938
06:04:34 21660 4299
06:05:35 50982 7903
06:06:35 33837 5421
06:07:36 10932 3516
06:08:36 64688 5761
06:09:36 134477 12025
06:10:37 58446 18038
06:11:37 68230 6130
06:12:37 25091 8130
06:13:38 46119 8571
06:14:38 48184 12480
06:15:38 60179 6557
06:16:39 28466 3044
06:17:39 29685 3220
06:18:40 96374 3885
06:19:40 61301 6358
06:20:40 31052 4015
06:21:41 130845 26713
06:22:41 118509 7535
06:23:50 17954 4310
06:24:42 6933 2304
06:25:42 19332 5328
06:26:42 63373 8834
06:27:43 199550 17385
06:28:43 89682 27693
06:29:43 24785 2286
06:30:44 80244 15846
06:31:44 84006 4534
06:32:44 72285 30770
06:33:45 94712 13829
06:34:45 74869 5437
06:35:46 17958 2890
06:36:46 44167 7071
06:37:46 18020 10012
06:38:46 56690 4956
06:39:47 68850 10202
06:40:47 63983 7747
06:41:47 53988 17306
06:42:48 52298 6188
06:43:48 31562 3069
06:44:48 121702 18718
06:45:49 24833 11452
06:46:49 6287 2535
06:47:49 147487 13112
06:48:50 46909 6629
06:49:50 66286 5564
06:50:50 58183 20735
06:51:51 43327 5421
06:52:51 1816 1313
06:53:51 422 2021
06:54:52 43689 16649
06:55:52 458 752
06:56:52 11286 3088
06:57:53 39416 10598
06:58:53 1900 3364
06:59:53 9483 9993
07:00:54 245195 22833
07:01:54 95453 16970
07:02:54 655 767
07:03:55 27624 2870
07:04:55 6044 6472
07:05:55 8970 7145
07:06:56 56727 14922
07:07:56 25008 3081
07:08:56 60795 28454
07:09:57 26796 23275
07:10:57 10592 4252
07:11:57 123428 18339
07:13:17 -1 -1
07:13:58 58966 5567
07:14:58 819 1247
07:15:59 15849 1918
07:17:02 26800 9288
07:17:59 18103 5782
07:19:00 49689 6821
07:20:00 81830 37712
07:21:00 7619 5307
07:22:01 60525 4778
07:23:01 49334 11767
07:24:01 95411 8926
07:25:02 66060 4826
07:26:02 34902 4303
07:27:02 156394 9335
07:28:03 123790 11597
07:29:03 104448 14945
07:30:03 53241 4443
07:31:04 352 1089
07:32:04 18525 2653
07:33:05 1682 3788
07:34:06 48936 16132
07:35:06 90812 7217
07:36:07 34176 5302
07:37:07 215540 17425
07:38:07 4266 5247
07:39:08 129533 9891
07:40:08 19353 6153
07:41:08 129350 19257
07:42:09 14891 1803
07:43:12 62762 4219
07:44:09 17829 6810
07:45:10 34437 11823
07:46:13 54126 2446
07:47:10 18253 3728
07:48:11 13457 3945
07:49:11 18586 3011
07:50:11 44687 7486
07:51:11 12631 5329
07:52:12 13687 6245
07:53:13 45208 3611
07:54:12 14147 1231
07:55:13 62724 14183
07:56:13 17986 2281
07:57:13 18921 2077
07:58:14 15987 2590
07:59:14 330 922
08:00:14 51758 6754
08:01:15 221580 20482
08:02:15 6224 7330
08:03:16 132038 10073
08:04:16 253706 11657
08:05:16 87248 10820
08:06:16 677 1263
08:07:16 51704 6003
08:08:17 9417 2244
08:09:17 71735 11008
08:10:17 17622 13218
08:11:18 78503 7899
08:12:18 28649 8403
08:13:18 755 939
08:14:19 766286 48513
08:15:19 36168 18376
08:16:19 28853 3442
08:17:20 12071 2383
08:18:20 43477 8093
08:19:20 57573 4462
08:20:21 183538 17362
08:21:21 303299 23326
08:22:21 111591 10623
08:23:22 3062 1579
08:24:22 16771 4265
08:25:23 352869 11903
08:26:23 1083 132
08:27:23 172389 11274
08:28:24 86381 4900
08:29:24 190142 11676
08:30:24 48177 2278
08:31:25 64435 6095
08:32:25 56166 3278
08:33:25 151084 6145
08:34:26 22554 2400
08:35:27 148628 9505
08:36:27 2537 1981
08:37:27 13854 1379
08:38:27 11032 1285
08:39:27 13239 1915
08:40:28 98934 6493
08:41:28 83256 11744
08:42:28 66439 11007
08:43:29 55452 10087
08:44:29 142670 7023
08:45:29 471687 31464
08:46:30 27638 1978
08:47:30 32923 5014
08:48:30 375719 18291
08:49:31 2943 1872
08:50:31 36579 3177
08:51:32 15730 5820
08:52:32 732364 49421
08:53:33 324 638
08:54:32 37707 3991
08:55:34 11009 2039
08:56:34 43739 3499
08:57:34 32158 4117
08:58:35 341650 18483
08:59:35 54363 13596
09:00:36 2736 1566
09:01:36 1247 2079
09:02:36 156781 7623
09:03:36 130235 10227
09:04:37 197829 16506
09:05:37 99166 16459
09:06:37 30479 5647
09:07:37 724552 39858
09:08:38 110115 14269
09:09:38 52961 10494
09:10:38 39777 10705
09:11:38 23289 2288
09:12:39 7539 915
09:13:40 287285 42362
09:14:40 37400 4457
09:15:39 42707 4308
09:16:40 84404 4469
09:17:40 22388 4557
09:18:41 128379 6256
09:19:41 103476 8942
09:20:41 941874 33346
09:21:41 649 970
09:22:42 166335 15461
09:23:42 8999 1643
09:24:42 272551 20686
09:25:42 5050 1752
09:26:43 14886 6105
09:27:43 600 1084
09:28:43 482155 27786
09:29:44 262735 36490
09:30:44 132497 5091
09:31:44 393532 14086
09:32:44 549324 37734
09:33:47 32134 10222
09:34:45 18370 3185
09:35:45 23582 9415
09:36:46 226616 18700
09:37:46 78127 8271
09:38:47 56020 3163
09:39:47 566543 25452
09:40:47 697013 28276
09:41:48 112617 8634
09:42:48 292155 11859
09:43:48 10417 5481
09:44:48 18136 13035
09:45:49 30392 11282
09:46:49 75916 5266
09:47:49 270927 21891
09:48:49 46294 6935
09:49:50 39180 34873
09:50:50 321015 25426
09:51:50 67806 8617
09:52:50 72975 6580
09:53:52 878 2377
09:54:51 48326 8607
09:55:51 42919 2726
09:56:51 194551 11859
09:57:52 71516 21569
09:58:52 28587 12161
09:59:52 71027 30549
10:00:52 50738 3423
10:01:52 43689 3794
10:02:53 289029 48170
10:03:53 148770 18564
10:04:53 441635 17714
10:05:53 1075555 70697
10:06:54 35448 5914
10:07:54 33763 3035
10:08:54 4095 1686
10:09:54 145639 31230
10:10:55 488729 22246
10:11:55 107150 5759
10:12:55 34959 11624
10:13:55 205188 15167
10:14:56 308101 20025
10:15:58 1034017 48768
10:16:59 369701 20093
10:17:56 198066 17261
10:18:57 48013 6044
10:20:00 35198 76824
10:20:58 7554 94074
10:21:58 20236 119221
10:23:05 55962 10417
10:24:00 75953 3733
10:25:00 802889 25919
10:26:01 189098 11381
10:27:02 139644 5778
10:28:02 567476 37425
10:29:02 1307 1837
10:30:03 381007 18165
10:31:03 1559 2637
10:32:03 81771 10464
10:33:04 100031 5956
10:34:04 438048 26460
10:35:04 125920 10910
10:36:07 892972 42551
10:37:05 18018 2486
10:38:05 14629 3690
10:39:06 171455 46343
10:40:07 162777 6615
10:41:07 390271 13330
10:42:07 625 1029
10:43:08 164765 6106
10:44:08 384636 24635
10:45:08 1062956 40488
10:46:08 635443 25779
10:47:09 105062 27197
10:48:09 472252 26284
10:49:10 76721 7399
10:50:10 84886 10389
10:51:10 435813 20967
10:52:11 209626 18075
10:53:11 186708 8655
10:54:11 37947 6397
10:55:12 108616 7279
10:56:13 72352 8474
10:57:13 153131 8669
10:58:14 205108 10838
10:59:14 140984 9768
11:00:15 500416 17397
11:01:15 2239 1334
11:02:16 29567 2589
11:03:16 90167 15189
11:04:16 533295 37971
11:05:16 38965 4273
11:06:17 23331 3825
11:07:17 8024 1806
11:08:18 65516 4707
11:09:18 23808 4360
11:10:18 327443 13483
11:11:19 50179 14134
11:12:19 394355 17082
11:13:19 13473 4574
11:14:20 50008 3205
11:15:21 250222 7959
11:16:21 236018 11619
11:17:22 183556 18715
11:18:22 116957 16331
11:19:22 238905 15950
11:20:23 408280 41846
11:21:23 145834 10044
11:22:23 1062430 37788
11:23:23 154681 6978
11:24:24 15598 3570
11:25:24 22072 2519
11:26:44 -1 -1
11:27:25 620568 22964
11:28:25 82093 13924
11:29:25 459649 14913
11:30:25 20524 14608
11:31:25 15914 3541
11:32:26 8591 1291
11:33:26 21735 3641
11:34:29 125992 6948
11:35:29 34286 5551
11:36:28 53025 5752
11:37:29 43575 3726
11:38:29 670463 42784
11:39:29 63935 7186
11:40:30 17170 4122
11:41:30 237072 14166
11:42:30 107244 5660
11:43:30 151212 7014
11:44:31 56468 3693
11:45:32 681719 27899
11:46:32 177900 14772
11:47:33 405941 28833
11:48:33 135482 10960
11:49:34 232424 11543
11:50:34 16851 2635
11:51:35 293709 17469
11:52:35 113571 10391
11:53:38 123541 4797
11:54:36 409352 25356
11:55:36 10885 2776
11:56:36 196731 18332
11:57:37 33963 4380
11:58:37 58739 5544
11:59:37 6301 9673
12:00:37 29885 5256
12:01:38 62959 7803
12:02:38 146146 11866
12:03:38 26361 2819
12:04:38 145213 10859
12:05:39 100767 9916
12:06:39 80050 10040
12:07:39 48007 8912
12:08:39 67529 7677
12:09:40 501371 31044
12:10:40 273931 27727
12:11:41 813 1185
12:12:41 87503 7754
12:13:41 148722 19024
12:14:42 14326 1310
12:15:43 6912 2322
12:16:43 64441 8749
12:17:43 94339 9205
12:18:44 3884 3052
12:19:45 3393 326
12:20:45 6023 1080
12:21:45 54 180
12:22:45 123991 13002
12:23:45 52005 14771
12:24:46 105326 6738
12:25:46 3526 1302
12:26:46 307377 18079
12:27:46 24063 2796
12:28:47 73893 8868
12:29:47 377196 22456
12:30:47 351627 26225
12:31:48 37844 1528
12:32:48 5166 3122
12:33:48 100813 5719
12:34:48 10373 3014
12:35:50 173024 12493
12:36:49 29368 20659
12:37:49 59318 4102
12:38:49 128952 8702
12:39:50 16873 69159
12:40:50 20840 2673
12:41:50 49282 3495
12:42:50 38927 9708
12:43:50 65122 3378
12:44:51 297603 13568
12:45:51 330792 13274
12:46:51 208613 50372
12:47:54 1062926 48393
12:48:51 74649 3392
12:49:52 69532 5514
12:50:53 2390 582
12:51:53 29721 5301
12:52:53 69597 6395
12:53:54 19073 1828
12:54:55 53970 5306
12:55:54 41974 4015
12:56:54 11257 980
12:57:55 16225 1606
12:58:55 18809 4604
12:59:55 23735 3693
13:00:55 246984 13466
13:01:56 315713 19809
13:02:56 91462 5542
13:03:56 355758 23349
13:04:56 74196 4304
13:05:56 8694 776
13:06:57 352596 17162
13:07:57 476732 21758
13:08:57 27916 81556
13:09:57 32530 21555
13:10:57 223386 28101
13:11:58 56992 4246
13:12:58 25348 1144
13:13:58 46947 3490
13:14:58 56200 18578
13:15:58 4691 1528
13:16:58 35135 5807
13:17:59 287898 20788
13:18:59 27410 3824
13:19:59 54127 4409
13:21:00 24325 7854
13:22:00 39257 16469
13:23:00 255410 19241
13:24:01 59102 9937
13:25:01 11253 17985
13:26:01 54711 23156
13:27:01 141191 23165
13:28:02 244350 25550
13:29:02 105076 5470
13:30:02 129983 8769
13:31:02 25920 2270
13:32:03 523866 22892
13:33:03 37158 3990
13:34:04 13429 2462
13:35:04 852769 27775
13:36:06 29757 4343
13:37:04 2889 4370
13:38:05 96467 8406
13:39:05 31233 3284
13:40:05 77787 34912
13:41:05 26686 1851
13:42:06 35833 5150
13:43:06 154635 17382
13:44:07 335780 29854
13:45:07 31342 3025
13:46:07 38979 4609
13:47:08 106158 8231
13:48:09 17221 2855
13:49:09 93599 6549
13:50:09 76810 7837
13:51:13 904 973
13:52:10 52849 4487
13:53:10 66697 6664
13:54:10 66504 5519
13:55:11 115064 6488
13:56:11 123189 7342
13:57:11 54770 5508
13:58:11 31325 7327
13:59:12 50330 10581
14:00:12 71080 5761
14:01:12 101976 4198
14:02:12 1698 480
14:03:12 5331 1794
14:04:13 154447 14770
14:05:13 8805 1908
14:06:13 55780 5806
14:07:14 64413 7605
14:08:14 74639 13162
14:09:15 228987 16062
14:10:15 46880 5202
14:11:16 11888 2248
14:12:16 43080 10396
14:13:16 39034 5092
14:14:16 119296 11307
14:15:17 468391 17916
14:16:17 219377 15581
14:17:17 122949 14500
14:18:17 104003 12192
14:19:18 287116 13821
14:20:18 197509 12935
14:21:18 724277 46359
14:22:18 45184 34303
14:23:18 252187 28001
14:24:19 15807 4030
14:25:20 6250 1438
14:26:20 60454 5172
14:27:21 519990 22277
14:28:21 121323 12930
14:29:21 256983 15064
14:30:21 121737 47632
14:31:22 54640 15031
14:32:22 183672 8396
14:33:23 1026987 45880
14:34:23 14489 2352
14:35:26 107440 6597
14:36:25 894698 44867
14:37:24 468720 24785
14:38:25 246007 9083
14:39:25 72399 36206
14:40:25 50564 10954
14:41:26 114852 26316
14:42:26 67337 10643
14:43:27 292255 10884
14:44:27 159828 10564
14:45:28 25936 4885
14:46:28 524744 22330
14:47:28 156063 10760
14:48:29 211944 9170
14:49:29 52049 13615
14:50:29 14050 4127
14:51:30 15842 3801
14:52:31 51422 5194
14:53:36 144153 10576
14:54:32 254811 10210
14:55:32 62667 5196
14:56:32 83139 22294
14:57:33 29730 4259
14:58:33 321720 24185
14:59:36 435961 18665
15:00:33 26365 1506
15:01:33 406384 13964
15:02:34 123229 9088
15:03:34 47922 4829
15:04:34 260003 15569
15:05:34 30057 3725
15:06:35 564789 28624
15:07:35 44567 3668
15:08:35 156612 14099
15:09:35 300768 15336
15:10:35 166232 10783
15:11:36 38139 5404
15:12:36 37361 38438
15:13:36 743295 28346
15:14:36 89020 10822
15:15:36 805938 35174
15:16:38 298210 56423
15:17:37 14632 1934
15:18:37 384665 23987
15:19:37 104432 36623
15:20:38 106599 29249
15:21:38 255016 54344
15:22:38 200603 14553
15:23:38 11894 2203
15:24:39 54660 4221
15:25:39 932340 72173
15:26:39 72127 3238
15:27:39 48171 42094
15:28:39 21835 33068
15:29:40 100728 29748
15:30:40 68951 30294
15:31:40 12172 23138
15:32:41 212813 15022
15:33:44 347586 14306
15:34:41 34184 4716
15:35:43 340598 93069
15:36:42 259858 19066
15:37:42 254538 19159
15:38:43 425460 20108
15:39:45 115130 11236
15:40:43 100973 12329
15:41:43 70292 8900
15:42:43 82735 37836
15:43:43 72384 5904
15:44:44 192079 14085
15:45:44 35002 4386
15:46:44 583947 19770
15:47:44 107846 6152
15:48:44 230972 24730
15:49:45 148628 9909
15:50:45 34280 23426
15:51:46 665134 58148
15:52:46 152461 15086
15:53:48 109932 11413
15:54:46 17059 14468
15:55:46 402203 52830
15:56:47 93246 50907
15:57:47 91670 31612
15:58:47 287428 40468
15:59:47 60942 21009
16:00:47 325029 25900
16:01:48 43560 26897
16:02:48 120830 58910
16:03:48 135526 101267
16:04:48 75004 69414
16:05:48 70249 129125
16:06:49 38592 103541
16:07:49 42716 135115
16:08:49 8346 123283
16:09:49 56520 18751
16:10:49 293182 214315
16:11:50 345988 17817
16:12:50 1064615 77009
16:13:50 60785 13546
16:14:54 46728 9701
16:15:51 72189 6766
16:16:51 547494 25299
16:17:52 692725 28220
16:18:52 190781 10362
16:19:52 471651 20282
16:20:52 132018 22410
16:21:52 742838 43937
16:22:52 591082 20202
16:23:52 202424 15106
16:24:53 118555 9446
16:25:53 554399 30350
16:26:53 999607 47748
16:27:53 303430 29522
16:28:54 117680 11384
16:29:54 92946 5688
16:30:54 38832 6258
16:31:54 90685 7619
16:32:55 33428 5026
16:33:56 233548 46822
16:34:56 1046893 38018
16:35:59 19437 3442
16:37:01 864 1464
16:37:56 87179 5728
16:38:57 189389 11852
16:39:57 77295 9053
16:40:57 150612 16636
16:41:58 29994 7546
16:42:58 114993 17193
16:43:58 65125 19512
16:44:58 47646 7106
16:45:58 3744 5946
16:46:58 32963 10384
16:47:59 27586 4179
16:48:59 637293 22180
16:49:59 21133 8423
16:50:59 315483 34794
16:51:59 521217 31231
16:53:01 55054 39014
16:54:04 306427 14829
16:55:03 89996 7124
16:56:02 44708 7213
16:57:02 168294 12651
16:58:02 42767 12566
16:59:02 173559 12170
17:00:03 155253 19624
17:01:03 -1 -1
17:02:03 15299 4349
17:03:04 39679 3914
17:04:05 7513 4241
17:05:05 34195 12337
17:06:06 9427 6963
17:07:06 28160 12310
17:08:06 6997 1548
17:09:06 110402 13676
17:10:07 41452 14787
17:11:07 32890 12869
17:12:07 37675 4091
17:13:07 60512 10041
17:14:08 121749 17562
17:15:08 16927 5896
17:16:10 333664 55431
17:17:08 568834 27624
17:18:09 158395 20523
17:19:09 108750 20703
17:20:09 429938 22391
17:21:09 159279 9345
17:22:10 321561 19245
17:23:11 218851 19896
17:24:11 151668 10868
17:25:11 162612 7175
17:26:12 98469 11538
17:27:12 108308 32569
17:28:12 23368 14175
17:29:13 485504 22309
17:30:13 53507 6123
17:31:13 70812 6168
17:32:13 224764 63236
17:33:14 1062963 37524
17:34:14 8054 5830
17:35:15 1113 1055
17:36:16 79321 8086
17:37:15 10680 2670
17:38:15 9576 8005
17:39:16 5733 11957
17:40:16 129246 19130
17:41:16 115006 21882
17:42:16 570196 21588
17:43:18 86162 15239
17:44:18 70975 7142
17:45:18 68808 12409
17:46:18 72171 6687
17:47:19 416677 20397
17:48:19 56128 29133
17:49:19 105659 20223
17:50:19 59564 27492
17:51:20 162081 24136
17:52:20 156163 19094
17:53:23 71893 6394
17:54:22 35271 4625
17:55:21 150741 13282
17:56:21 67202 29395
17:57:21 83657 27029
17:58:21 6568 10049
17:59:22 762942 27921
18:00:22 222246 7941
18:01:22 473324 28325
18:02:22 28607 211550
18:03:23 66346 13350
18:04:23 731751 24593
18:05:23 577163 41564
18:06:23 94468 38260
18:07:24 52092 9508
18:08:24 185216 8966
18:09:24 584092 37163
18:10:24 269357 166612
18:11:25 58608 2825
18:12:25 241467 48050
18:13:25 75733 14532
18:14:25 23272 2643
18:15:27 46780 6844
18:16:26 267316 15905
18:17:27 22621 14909
18:18:27 264876 11705
18:19:27 87619 27016
18:20:27 194998 149035
18:21:27 12763 16198
18:22:28 38501 2843
18:23:29 191447 7895
18:24:29 160406 18726
18:25:29 22131 4167
18:26:30 750977 36321
18:27:31 137861 18370
18:28:31 345124 25684
18:29:31 122597 24494
18:30:31 26864 6737
18:31:32 16703 16025
18:32:32 98684 16722
18:33:34 743355 26587
18:34:34 62273 12689
18:35:35 81958 9414
18:36:36 59194 7844
18:37:35 305818 26494
18:38:35 209280 15687
18:39:36 12296 1636
18:40:36 29338 2469
18:41:36 36539 3146
18:42:36 126485 19112
18:43:37 49304 9289
18:44:37 36772 4729
18:45:37 16762 10274
18:46:37 259682 12843
18:47:37 68274 17649
18:48:38 36361 1956
18:49:38 22412 3719
18:50:38 429020 13767
18:51:38 35875 9255
18:52:38 230129 21723
18:53:40 44599 2298
18:54:40 46388 5990
18:55:40 15940 9783
18:56:40 820075 66472
18:57:41 336782 31401
18:58:41 40760 5029
18:59:41 89016 7533
19:00:41 18650 3464
19:01:41 150075 15922
19:02:42 24933 34826
19:03:42 15564 6778
19:04:42 2471 4565
19:05:42 36578 5315
19:06:42 175585 14533
19:07:43 841 1137
19:08:43 81699 8787
19:09:43 118310 28327
19:10:43 10934 12963
19:11:44 624770 30964
19:12:44 540596 47136
19:13:45 48786 5422
19:14:45 11591 4877
19:15:45 15907 12331
19:16:45 201434 21280
19:17:45 97535 16543
19:18:45 44544 3264
19:19:45 33661 3281
19:20:46 162250 13578
19:21:46 225365 19253
19:22:46 68140 8815
19:23:46 351652 45899
19:24:47 34006 2700
19:25:47 129570 19385
19:26:47 92680 9607
19:27:47 369484 33159
19:28:47 239910 14527
19:29:48 134756 10312
19:30:48 82159 13189
19:31:48 112120 4771
19:32:48 28949 6652
19:33:49 54921 14544
19:34:49 122479 24484
19:35:49 146016 21347
19:36:50 119535 13894
19:37:50 9557 13353
19:38:51 9780 8249
19:39:50 37942 4298
19:40:50 39138 12180
19:41:51 117949 36117
19:42:51 173726 20454
19:43:51 143952 11756
19:44:51 13698 10540
19:45:52 28787 15866
19:46:52 24059 8383
19:47:52 35800 38702
19:48:52 2803 2435
19:49:52 46927 6793
19:50:53 23728 7472
19:51:53 34995 9286
19:52:53 47595 8419
19:53:54 68506 16011
19:54:53 15812 7808
19:55:53 620393 30679
19:56:54 21683 7356
19:57:54 65972 5781
19:58:54 72556 7306
19:59:55 74962 11288
20:00:55 3427 5945
20:01:55 75937 5995
20:02:55 57908 7118
20:03:55 7099 7487
20:04:56 22764 7575
20:05:56 30995 10344
20:06:56 33255 30743
20:07:56 12275 26444
20:08:56 381563 23022
20:09:56 544838 35348
20:10:57 58738 13114
20:11:57 33334 39326
20:12:57 32168 1671
20:13:58 291182 18306
20:14:58 231997 30467
20:15:58 93316 10273
20:16:58 14025 35659
20:17:58 6275 6878
20:18:59 241472 11762
20:19:59 10431 1561
20:20:59 162182 20526
20:21:59 9243 22669
20:23:03 58704 12480
20:24:00 66230 14986
20:25:00 43786 25683
20:26:00 13166 11206
20:27:01 117494 51208
20:28:01 172110 5409
20:29:01 14859 55715
20:30:01 75697 15846
20:31:01 393769 25990
20:32:02 67700 10901
20:33:02 91446 5981
20:34:02 37466 6201
20:35:02 1053217 51761
20:36:02 94511 30748
20:37:03 68084 12988
20:38:03 258267 14986
20:39:03 808267 40800
20:40:06 37300 12063
20:41:03 23242 5650
20:42:04 33200 6629
20:43:04 89421 9059
20:44:04 49768 27162
20:45:04 125180 7940
20:46:04 55794 5978
20:47:05 53441 14542
20:48:05 113010 9305
20:49:05 14584 4460
20:50:05 42036 24213
20:51:06 53550 18428
20:52:06 168678 61914
20:53:06 43429 27712
20:54:07 78518 8242
20:55:06 85255 16522
20:56:07 103278 15896
20:57:07 194111 22859
20:58:07 55326 5450
20:59:07 82176 13531
21:00:07 677801 30519
21:01:08 54561 7083
21:02:08 356977 29241
21:03:08 59284 8228
21:04:08 55894 9551
21:05:09 100118 11240
21:06:09 6394 3804
21:07:09 202730 34869
21:08:09 45162 15273
21:09:09 36955 9218
21:10:09 96651 34527
21:11:10 138333 22371
21:12:10 106757 9257
21:13:10 29451 10090
21:14:10 110143 29780
21:15:11 19768 6356
21:16:16 222896 31703
21:17:11 69366 9575
21:18:11 113892 16868
21:19:12 45623 5615
21:20:12 201008 73659
21:21:12 193909 20920
21:22:12 297203 21535
21:23:12 121558 37835
21:24:13 131763 22304
21:25:13 36257 12125
21:26:13 121378 36539
21:27:13 33426 5408
21:28:14 71712 15665
21:29:14 67483 18215
21:30:14 4186 7219
21:31:14 45566 5006
21:32:15 78468 14082
21:33:15 29645 15489
21:34:16 67643 6106
21:35:15 48908 18829
21:36:16 10188 9064
21:37:16 38288 14839
21:38:16 215866 9596
21:39:16 153541 17770
21:40:16 107728 19818
21:41:17 48158 11275
21:42:17 335689 40554
21:43:17 152624 22647
21:44:17 83249 9031
21:45:17 42838 5778
21:46:18 615734 33716
21:47:18 125934 20886
21:48:18 139115 10641
21:49:18 232050 15855
21:50:19 449469 21276
21:51:19 39424 10527
21:52:19 21369 6679
21:53:21 117866 14247
21:54:23 92509 9241
21:55:21 44105 43205
21:56:20 39832 18009
21:57:20 -1 -1
21:58:21 24068 18999
21:59:21 77560 19277
22:00:21 123316 17883
22:01:21 100826 9137
22:02:22 360725 22006
22:03:22 27779 5411
22:04:22 103355 16490
22:05:22 380866 35345
22:06:23 105625 12618
22:07:23 476522 28652
22:08:23 140158 16967
22:09:23 49244 3696
22:10:24 43137 10071
22:11:24 61483 14108
22:12:24 59902 25087
22:13:24 66208 17227
22:14:25 48769 25880
22:15:25 10443 7650
22:16:25 553595 24341
22:17:25 297745 26087
22:18:25 51481 10141
22:19:26 115033 43149
22:20:26 125027 17836
22:21:26 152759 20086
22:22:26 187510 19939
22:23:27 86857 9696
22:24:27 785323 43419
22:25:27 1074380 45566
22:26:27 176701 28469
22:27:28 18721 3722
22:28:28 413701 28130
22:29:28 13186 33337
22:30:29 27868 5388
22:31:29 8024 6182
22:32:29 30668 11423
22:33:29 26820 1824
22:34:30 7503 5216
22:35:31 337863 30108
22:36:30 26328 7368
22:37:30 1067527 54294
22:38:31 57570 18098
22:39:31 472308 39776
22:40:31 21860 5594
22:41:32 15435 7625
22:42:32 821378 41034
22:43:32 188342 44038
22:44:33 14514 30514
22:45:33 11179 7543
22:46:33 58601 44309
22:47:33 40139 18789
22:48:33 65068 13154
22:49:34 16875 6734
22:50:34 4335 5619
22:51:34 246600 13362
22:52:34 63045 11996
22:53:34 28809 7498
22:54:38 491283 22150
22:55:35 79251 12455
22:56:35 242303 19003
22:57:36 34496 12294
22:58:36 711948 31556
22:59:36 52227 12755
23:00:36 554279 31159
23:01:37 33854 4369
23:02:37 619222 46003
23:03:37 80778 9853
23:04:37 182157 12505
23:05:38 223133 32472
23:06:38 40942 8788
23:07:38 71400 11167
23:08:39 33921 33614
23:09:39 271059 21594
23:10:39 42504 18256
23:11:39 96151 29495
23:12:39 65443 7012
23:13:40 74375 14662
23:14:40 437950 25474
23:15:40 215177 23049
23:16:40 38504 9082
23:17:41 8883 5497
23:18:41 31624 5133
23:19:41 7055 24244
23:20:42 46612 8550
23:21:42 987753 56930
23:22:42 59097 10578
23:23:42 33211 38872
23:24:43 79581 8648
23:25:43 7105 8731
23:26:43 36730 10382
23:27:43 515407 31975
23:28:43 38264 6605
23:29:44 95071 8535
23:30:44 90314 7963
23:31:44 30745 6388
23:32:45 27451 12379
23:33:45 4636 6165
23:34:45 15988 7839
23:35:46 31230 3619
23:36:46 60524 7735
23:37:46 232721 11852
23:38:46 216726 15526
23:39:47 4814 1167
23:40:47 34643 17562
23:41:48 43076 9954
23:42:48 12573 1715
23:43:48 29084 11005
23:44:49 181918 48395
23:45:49 238665 22396
23:46:50 14592 882
23:47:50 92771 11706
23:48:51 59384 17406
23:49:51 14881 2376
23:50:52 5809 80713
23:51:52 73252 34141
23:52:53 33890 8439
23:53:54 34028 9360
23:54:57 11345 9731
23:55:56 18537 8100
23:56:56 52692 3499
23:57:57 20067 6247
23:58:57 67747 26412
23:59:58 285880 33704
