00:02:13 1
00:03:03 1
00:03:24 1
00:04:18 1
00:05:19 1
00:06:19 1
00:07:20 1
00:08:21 1
02:00:07 1
02:01:06 1
02:02:06 1
02:03:07 1
02:04:07 1
02:05:08 1
02:06:08 1
02:07:09 1
02:08:09 1
02:09:09 1
02:10:10 1
02:11:10 1
02:12:10 1
02:13:11 1
02:14:11 1
02:15:12 1
02:16:12 1
02:17:13 1
02:18:13 1
02:19:14 1
02:20:14 1
02:21:14 1
02:22:15 1
02:23:15 1
02:24:16 1
02:25:16 1
02:26:17 1
02:27:17 1
02:28:17 1
02:29:18 1
02:30:18 1
02:31:19 1
02:32:19 1
02:33:20 1
02:34:20 1
02:35:20 1
02:36:21 1
02:37:21 1
02:38:21 1
02:39:22 1
02:40:22 1
02:41:23 1
02:42:23 1
02:43:23 1
02:44:24 1
02:45:24 1
02:46:25 1
02:47:25 1
02:48:25 1
02:49:26 1
02:50:26 1
02:51:27 1
02:52:27 1
02:53:28 1
02:54:28 1
02:55:28 1
02:56:29 1
02:57:29 1
02:58:29 1
02:59:30 1
03:00:30 1
03:01:31 1
03:02:31 1
03:03:31 1
03:04:32 1
03:05:32 1
03:06:33 1
03:07:34 1
03:08:34 1
03:09:34 1
03:10:34 1
03:11:35 1
03:12:35 1
03:13:35 1
03:14:36 1
03:15:36 1
03:16:36 1
03:17:37 1
03:18:37 1
03:19:38 1
03:20:38 1
03:21:38 1
03:22:39 1
03:23:39 1
03:24:39 1
03:25:40 1
03:26:40 1
03:27:40 1
03:28:40 1
03:29:41 1
03:30:41 1
03:31:42 1
03:32:42 1
03:33:42 1
03:34:42 1
03:35:43 1
03:36:43 1
03:37:44 1
03:38:44 1
03:39:44 1
03:40:45 1
03:41:45 1
03:42:45 1
03:43:46 1
03:44:49 1
03:45:46 1
03:46:47 1
03:47:47 1
03:48:47 1
03:49:48 1
03:50:48 1
03:51:48 1
03:52:49 1
03:53:49 1
03:54:49 1
03:55:50 1
03:56:50 1
03:57:51 1
03:58:51 1
03:59:51 1
04:00:51 1
04:01:52 1
04:02:52 1
04:03:52 1
04:04:53 1
04:05:53 1
04:06:53 1
04:07:54 1
04:08:54 1
04:09:55 1
04:10:55 1
04:11:55 1
04:12:56 1
04:13:56 1
04:14:56 1
04:15:57 1
04:16:57 1
04:17:57 1
04:18:57 1
04:19:58 1
04:20:58 1
04:21:59 1
04:22:59 1
04:23:59 1
04:25:00 1
04:26:00 1
04:27:00 1
04:28:00 1
04:29:01 1
04:30:01 1
04:31:02 1
04:32:02 1
04:33:02 1
04:34:03 1
04:35:03 1
04:36:03 1
04:37:04 1
04:38:04 1
04:39:05 1
04:40:05 1
04:41:05 1
04:42:06 1
04:43:06 1
04:44:06 1
04:45:07 1
04:46:07 1
04:47:07 1
04:48:08 1
04:49:08 1
04:50:08 1
04:51:09 1
04:52:09 1
04:53:09 1
04:54:10 1
04:55:10 1
04:56:10 1
04:57:11 1
04:58:11 -1
04:59:12 1
05:00:12 1
05:01:12 1
05:02:12 1
05:03:13 1
05:04:14 1
05:05:14 1
05:06:14 1
05:07:14 1
05:08:15 1
05:09:15 1
05:10:16 1
05:11:16 1
05:12:16 1
05:13:18 1
05:14:18 1
05:15:17 1
05:16:18 1
05:17:18 1
05:18:20 1
05:19:19 1
05:20:19 1
05:21:19 1
05:22:20 1
05:23:21 1
05:24:20 1
05:25:22 1
05:26:21 1
05:27:22 1
05:28:22 1
05:29:22 1
05:30:22 1
05:31:23 1
05:32:23 1
05:33:23 1
05:34:24 1
05:35:24 1
05:36:24 1
05:37:44 -1
05:38:25 1
05:39:30 1
05:40:26 1
05:41:26 1
05:42:26 1
05:43:27 1
05:44:27 1
05:45:29 1
05:46:28 1
05:47:28 1
05:48:28 1
05:49:31 1
05:50:29 1
05:51:31 1
05:52:30 1
05:53:30 1
05:54:33 1
05:55:31 1
05:56:31 1
05:57:32 1
05:58:32 1
05:59:32 1
06:00:33 1
06:01:33 1
06:02:34 1
06:03:36 1
06:04:35 1
06:05:38 1
06:06:35 1
06:07:38 1
06:08:38 1
06:09:37 1
06:10:37 1
06:11:40 1
06:12:40 1
06:13:40 1
06:14:43 1
06:15:38 1
06:16:39 1
06:17:39 1
06:18:43 1
06:19:43 1
06:20:40 1
06:21:41 1
06:22:41 1
06:23:41 1
06:24:42 1
06:25:42 1
06:26:46 1
06:27:45 1
06:28:43 1
06:29:44 1
06:30:44 1
06:31:44 1
06:32:44 1
06:33:45 1
06:34:45 1
06:35:45 1
06:36:46 1
06:37:46 1
06:38:46 1
06:39:47 1
06:40:47 1
06:41:47 1
06:42:50 1
06:43:48 1
06:44:48 1
06:45:50 1
06:46:49 1
06:47:50 1
06:48:50 1
06:49:50 1
06:50:50 1
06:51:53 1
06:52:51 1
06:53:53 1
06:54:52 1
06:55:53 1
06:56:54 1
06:57:53 1
06:58:55 1
06:59:53 1
07:00:55 1
07:01:56 1
07:02:55 1
07:03:59 1
07:04:55 1
07:05:55 1
07:06:56 1
07:07:59 1
07:08:57 1
07:10:01 1
07:10:57 1
07:11:57 1
07:12:58 1
07:13:58 1
07:14:58 1
07:15:59 1
07:16:59 1
07:17:59 1
07:19:00 1
07:20:00 1
07:21:01 1
07:22:01 1
07:23:01 1
07:24:02 1
07:25:02 1
07:26:03 -1
07:27:03 1
07:28:03 1
07:29:03 1
07:30:04 1
07:31:04 1
07:32:06 1
07:33:06 1
07:34:06 1
07:35:06 1
07:36:09 1
07:37:08 1
07:38:09 1
07:39:08 1
07:40:08 1
07:41:09 1
07:42:09 1
07:43:09 1
07:44:09 1
07:45:10 1
07:46:10 1
07:47:10 1
07:48:11 1
07:49:11 1
07:50:12 1
07:51:13 1
07:52:14 1
07:53:12 1
07:54:13 1
07:55:13 1
07:56:13 1
07:57:13 1
07:58:14 1
07:59:14 1
08:00:14 1
08:01:15 1
08:02:15 1
08:03:15 1
08:04:16 1
08:05:16 1
08:06:16 1
08:07:17 1
08:08:17 1
08:09:19 1
08:10:17 1
08:11:18 1
08:12:18 1
08:13:18 1
08:14:19 1
08:15:19 1
08:16:19 1
08:17:20 1
08:18:20 1
08:19:20 1
08:20:21 1
08:21:21 1
08:22:21 1
08:23:22 1
08:24:23 1
08:25:23 1
08:26:23 1
08:27:24 1
08:28:24 1
08:29:24 1
08:30:24 1
08:31:25 1
08:32:25 1
08:33:25 1
08:34:26 1
08:35:26 1
08:36:26 1
08:37:27 1
08:38:27 1
08:39:27 1
08:40:28 1
08:41:28 1
08:42:28 1
08:43:29 1
08:44:29 1
08:45:30 1
08:46:30 1
08:47:30 1
08:48:31 1
08:49:31 1
08:50:31 1
08:51:32 1
08:52:32 1
08:53:32 1
08:54:33 1
08:55:34 1
08:56:34 1
08:57:34 1
08:58:36 1
08:59:35 1
09:00:36 1
09:01:36 1
09:02:36 1
09:03:36 1
09:04:37 1
09:05:39 1
09:06:37 1
09:07:37 1
09:08:38 1
09:09:38 1
09:10:38 1
09:11:38 1
09:12:39 1
09:13:39 1
09:14:39 1
09:15:39 1
09:16:44 1
09:17:40 1
09:18:41 1
09:19:41 1
09:20:41 1
09:21:42 1
09:22:42 1
09:23:42 1
09:24:42 1
09:25:42 1
09:26:43 1
09:27:43 1
09:28:43 1
09:29:44 1
09:30:44 1
09:31:44 1
09:32:44 1
09:33:45 1
09:34:45 1
09:35:45 1
09:36:46 1
09:37:46 1
09:38:47 1
09:39:47 1
09:40:48 1
09:41:48 1
09:42:48 1
09:43:48 1
09:44:48 1
09:45:49 1
09:46:50 1
09:47:49 1
09:48:49 1
09:49:50 1
09:50:50 1
09:51:50 1
09:52:50 1
09:53:51 1
09:54:51 1
09:55:51 1
09:56:51 1
09:57:52 1
09:58:52 1
09:59:52 1
10:00:52 1
10:01:53 1
10:03:14 1
10:03:53 1
10:04:53 1
10:05:54 1
10:06:54 1
10:07:54 1
10:08:54 1
10:09:55 1
10:10:55 1
10:11:55 1
10:12:55 1
10:13:56 1
10:14:56 1
10:15:56 1
10:16:57 1
10:17:57 1
10:18:58 1
10:20:01 1
10:20:58 1
10:21:59 1
10:23:02 1
10:24:00 1
10:25:01 1
10:26:01 1
10:27:02 1
10:28:02 1
10:29:02 1
10:30:03 1
10:31:03 1
10:32:04 1
10:33:04 1
10:34:04 1
10:35:04 1
10:36:05 1
10:37:05 1
10:38:05 1
10:39:06 1
10:40:07 1
10:41:07 1
10:42:07 1
10:43:08 1
10:44:08 1
10:45:08 1
10:46:09 1
10:47:09 1
10:48:09 1
10:49:10 1
10:50:10 1
10:51:11 1
10:52:11 1
10:53:13 1
10:54:12 1
10:55:13 -1
10:56:13 1
10:57:14 1
10:58:16 1
10:59:22 1
11:00:15 1
11:01:15 1
11:02:23 1
11:03:17 1
11:04:16 1
11:05:17 1
11:06:17 1
11:07:17 1
11:08:18 1
11:09:18 1
11:10:18 1
11:11:19 1
11:12:19 1
11:13:19 1
11:14:20 1
11:15:21 1
11:16:21 1
11:17:24 1
11:18:22 1
11:19:22 1
11:20:23 1
11:21:23 1
11:22:23 1
11:23:24 1
11:24:24 1
11:25:24 1
11:26:25 1
11:27:24 1
11:28:25 1
11:29:25 1
11:30:25 1
11:31:29 1
11:32:26 1
11:33:26 1
11:34:27 1
11:35:28 1
11:36:28 1
11:37:43 1
11:38:29 1
11:39:30 1
11:40:30 1
11:41:30 1
11:42:30 1
11:43:31 1
11:44:32 1
11:45:32 1
11:46:33 1
11:47:33 1
11:48:33 1
11:49:34 1
11:50:35 1
11:51:35 1
11:52:35 1
11:53:36 1
11:54:36 1
11:55:36 1
11:56:40 1
11:57:38 1
11:58:37 1
11:59:37 1
12:00:37 1
12:01:38 1
12:02:38 1
12:03:38 1
12:04:39 1
12:05:39 1
12:06:39 1
12:07:39 1
12:08:39 1
12:09:40 1
12:10:41 1
12:11:44 -1
12:12:41 1
12:13:41 1
12:14:42 1
12:15:42 1
12:16:43 1
12:17:43 1
12:18:44 1
12:19:59 1
12:20:48 1
12:21:45 1
12:22:45 1
12:23:45 1
12:24:46 1
12:25:46 1
12:26:46 1
12:27:46 1
12:28:49 1
12:29:47 1
12:30:47 1
12:31:48 1
12:32:48 1
12:33:48 1
12:34:48 1
12:35:48 1
12:36:52 1
12:37:52 1
12:38:52 1
12:39:50 1
12:40:50 1
12:41:50 1
12:42:51 1
12:43:51 1
12:44:51 1
12:45:51 1
12:46:51 1
12:47:51 1
12:48:52 1
12:49:53 1
12:50:53 1
12:51:53 1
12:52:54 1
12:53:54 1
12:54:54 1
12:55:54 1
12:56:55 1
12:57:55 1
12:58:55 1
12:59:55 1
13:00:55 1
13:01:56 1
13:02:56 1
13:03:56 1
13:04:56 1
13:05:57 1
13:06:57 1
13:07:57 1
13:08:57 1
13:09:57 1
13:10:57 1
13:11:58 1
13:12:58 1
13:13:58 1
13:14:58 1
13:15:59 1
13:17:02 1
13:17:59 1
13:18:59 1
13:19:59 1
13:20:59 1
13:22:00 1
13:23:00 1
13:24:01 1
13:25:01 1
13:26:01 1
13:27:01 1
13:28:02 1
13:29:02 1
13:30:02 1
13:31:03 1
13:32:03 1
13:33:03 1
13:34:04 1
13:35:04 1
13:36:04 1
13:37:04 1
13:38:05 1
13:39:08 1
13:40:05 1
13:41:05 1
13:42:06 1
13:43:07 1
13:44:07 1
13:45:07 1
13:46:07 1
13:47:09 1
13:48:09 1
13:49:09 1
13:50:10 1
13:51:10 1
13:52:10 1
13:53:10 1
13:54:10 1
13:55:11 1
13:56:11 1
13:57:21 1
13:58:15 1
13:59:12 1
14:00:12 1
14:01:12 1
14:02:12 1
14:03:13 1
14:04:13 1
14:05:13 1
14:06:14 1
14:07:14 1
14:08:14 1
14:09:15 1
14:10:15 1
14:11:15 1
14:12:15 1
14:13:16 1
14:14:19 1
14:15:17 1
14:16:17 1
14:17:17 1
14:18:17 1
14:19:18 1
14:20:18 1
14:21:21 1
14:22:18 1
14:23:18 1
14:24:19 1
14:25:20 1
14:26:20 1
14:27:21 1
14:28:21 1
14:29:21 1
14:30:22 1
14:31:22 1
14:32:23 1
14:33:23 1
14:34:23 1
14:35:23 1
14:36:24 1
14:37:25 1
14:38:25 1
14:39:26 1
14:40:25 1
14:41:26 1
14:42:26 1
14:43:27 1
14:44:27 1
14:45:28 1
14:46:28 1
14:47:28 1
14:48:29 1
14:49:29 1
14:50:29 1
14:51:29 1
14:52:29 1
14:53:29 1
14:54:30 1
14:55:30 1
14:56:30 1
14:57:32 1
14:58:31 1
14:59:31 1
15:00:31 1
15:01:31 1
15:02:32 1
15:03:32 1
15:04:32 1
15:05:32 1
15:06:32 1
15:07:33 1
15:08:36 1
15:09:35 1
15:10:33 1
15:11:34 1
15:12:34 1
15:13:35 1
15:14:34 1
15:15:35 1
15:16:35 1
15:17:35 1
15:18:36 1
15:19:38 1
15:20:36 1
15:21:37 1
15:22:37 1
15:23:36 -1
15:24:37 1
15:25:37 1
15:26:37 1
15:27:37 1
15:28:37 1
15:29:38 1
15:30:38 1
15:31:38 1
15:32:39 1
15:33:39 1
15:34:39 1
15:35:39 1
15:36:40 1
15:37:40 1
15:38:41 1
15:39:40 1
15:40:40 1
15:41:41 1
15:42:41 1
15:43:41 1
15:44:41 1
15:45:42 1
15:46:42 1
15:47:42 1
15:48:42 1
15:49:43 1
15:50:43 1
15:51:44 1
15:52:44 1
15:53:44 1
15:54:44 1
15:55:44 1
15:56:46 1
15:57:45 1
15:58:45 1
15:59:45 1
16:00:45 1
16:01:46 1
16:02:46 1
16:03:46 1
16:04:47 1
16:05:47 1
16:06:47 1
16:07:48 -1
16:08:49 1
16:09:48 1
16:10:48 1
16:11:48 1
16:12:49 1
16:13:49 1
16:14:49 1
16:15:49 1
16:16:50 1
16:17:49 1
16:18:49 1
16:19:50 1
16:20:50 1
16:21:50 1
16:22:50 1
16:23:50 1
16:24:51 1
16:25:51 1
16:26:51 1
16:27:52 -1
16:28:52 1
16:29:52 1
16:30:52 1
16:31:53 1
16:32:53 1
16:33:54 1
16:34:54 1
16:35:54 1
16:36:55 1
16:37:54 1
16:38:55 -1
16:39:55 1
16:40:56 1
16:41:56 1
16:42:56 1
16:43:56 1
16:44:56 1
16:45:56 1
16:46:57 1
16:47:57 1
16:48:57 1
16:49:57 1
16:50:57 1
16:51:57 1
16:52:58 1
16:54:01 1
16:54:58 1
16:55:59 1
16:56:59 1
16:58:00 1
16:59:00 1
17:00:00 1
17:01:00 1
17:02:00 1
17:03:02 1
17:04:01 1
17:05:02 1
17:06:02 1
17:07:02 1
17:08:02 1
17:09:02 1
17:10:03 1
17:11:03 1
17:12:03 1
17:13:03 1
17:14:03 1
17:15:04 1
17:16:04 1
17:17:04 1
17:18:04 1
17:19:05 1
17:20:05 1
17:21:05 1
17:22:05 1
17:23:06 1
17:24:07 1
17:25:07 -1
17:26:08 1
17:27:08 1
17:28:08 1
17:29:09 1
17:30:09 1
17:31:12 1
17:32:09 1
17:33:10 1
17:34:10 1
17:35:11 1
17:36:11 1
17:37:11 1
17:38:13 1
17:39:12 1
17:40:12 1
17:41:13 1
17:42:13 1
17:43:13 1
17:44:14 1
17:45:14 1
17:46:14 1
17:47:15 1
17:48:15 1
17:49:15 1
17:50:16 1
17:51:16 1
17:52:19 1
17:53:16 1
17:54:16 1
17:55:17 1
17:56:17 1
17:57:17 1
17:58:19 1
17:59:18 1
18:00:18 1
18:01:18 1
18:02:19 1
18:03:18 1
18:04:19 1
18:05:19 1
18:06:19 1
18:07:20 1
18:08:20 1
18:09:20 1
18:10:21 1
18:11:21 1
18:12:21 1
18:13:21 1
18:14:21 1
18:15:22 1
18:16:22 1
18:17:22 1
18:18:22 1
18:19:23 1
18:20:23 1
18:21:23 1
18:22:24 1
18:23:24 -1
18:24:24 1
18:25:24 1
18:26:25 1
18:27:25 1
18:28:25 1
18:29:26 1
18:30:26 1
18:31:27 1
18:32:27 1
18:33:28 1
18:34:28 1
18:35:28 1
18:36:28 1
18:37:29 1
18:38:29 1
18:39:29 -1
18:40:30 1
18:41:30 1
18:42:30 1
18:43:30 1
18:44:30 1
18:45:31 1
18:46:31 1
18:47:31 1
18:48:31 1
18:49:32 1
18:50:32 1
18:51:32 1
18:52:32 1
18:53:33 1
18:54:34 1
18:55:34 1
18:56:34 1
18:57:35 1
18:58:35 1
18:59:35 1
19:00:35 1
19:01:35 1
19:02:36 1
19:03:36 1
19:04:36 1
19:05:36 1
19:06:37 1
19:07:37 1
19:08:37 1
19:09:37 1
19:10:37 1
19:11:38 1
19:12:38 1
19:13:38 1
19:14:39 1
19:15:39 1
19:16:39 1
19:17:39 1
19:18:39 1
19:19:39 1
19:20:40 1
19:21:40 1
19:22:40 1
19:23:40 1
19:24:41 1
19:25:41 1
19:26:41 1
19:27:41 1
19:28:41 1
19:29:42 1
19:30:42 1
19:31:42 -1
19:32:42 1
19:33:43 -1
19:34:44 1
19:35:43 1
19:36:44 1
19:37:44 1
19:38:44 1
19:39:44 1
19:40:44 1
19:41:45 1
19:42:45 1
19:43:45 1
19:44:45 1
19:45:45 1
19:46:46 1
19:47:46 1
19:48:46 1
19:49:46 1
19:50:46 1
19:51:47 1
19:52:47 1
19:53:50 1
19:54:47 1
19:55:48 1
19:56:48 1
19:57:48 1
19:58:48 1
19:59:48 1
20:00:49 1
20:01:49 1
20:02:49 1
20:03:49 1
20:04:49 1
20:05:50 1
20:06:50 1
20:07:50 1
20:08:50 1
20:09:51 1
20:10:51 1
20:11:51 1
20:12:51 1
20:13:51 1
20:14:52 1
20:15:52 1
20:16:52 1
20:17:52 1
20:18:53 1
20:19:53 1
20:20:53 1
20:21:53 1
20:22:53 1
20:23:54 1
20:24:54 1
20:25:54 1
20:26:54 1
20:27:55 1
20:28:55 1
20:29:55 1
20:30:55 1
20:31:55 1
20:32:56 1
20:33:56 1
20:34:56 1
20:35:56 1
20:36:57 1
20:37:57 1
20:38:57 1
20:39:58 1
20:40:58 1
20:41:58 1
20:42:58 1
20:43:58 1
20:44:58 1
20:45:59 1
20:47:00 1
20:48:00 1
20:49:00 1
20:50:00 1
20:51:01 1
20:52:01 1
20:53:01 1
20:54:01 1
20:55:01 1
20:56:02 1
20:57:02 1
20:58:02 1
20:59:02 1
21:00:02 1
21:01:03 1
21:02:03 1
21:03:03 1
21:04:03 1
21:05:03 1
21:06:04 1
21:07:04 1
21:08:04 1
21:09:04 1
21:10:04 1
21:11:04 1
21:12:05 1
21:13:05 1
21:14:05 1
21:15:05 1
21:16:06 1
21:17:06 1
21:18:06 1
21:19:06 1
21:20:07 1
21:21:07 1
21:22:07 1
21:23:07 1
21:24:08 1
21:25:08 1
21:26:08 1
21:27:08 1
21:28:09 1
21:29:09 1
21:30:09 1
21:31:10 1
21:32:10 1
21:33:10 1
21:34:10 -1
21:35:10 1
21:36:10 1
21:37:13 1
21:38:11 1
21:39:11 1
21:40:11 1
21:41:14 1
21:42:12 1
21:43:12 1
21:44:12 1
21:45:12 1
21:46:12 1
21:47:13 1
21:48:13 1
21:49:13 1
21:50:14 1
21:51:14 1
21:52:14 -1
21:53:14 1
21:54:14 1
21:55:15 1
21:56:15 1
21:57:15 1
21:58:15 1
21:59:16 1
22:00:17 1
22:01:16 1
22:02:16 1
22:03:17 1
22:04:17 1
22:05:17 1
22:06:17 1
22:07:18 1
22:08:18 1
22:09:18 1
22:10:18 1
22:11:19 1
22:12:19 1
22:13:19 -1
22:14:19 1
22:15:20 1
22:16:20 1
22:17:20 1
22:18:21 1
22:19:21 1
22:20:21 1
22:21:21 1
22:22:21 1
22:23:22 1
22:24:22 1
22:25:22 1
22:26:22 1
22:27:23 1
22:28:23 1
22:29:23 1
22:30:23 1
22:31:24 1
22:32:24 1
22:33:24 1
22:34:25 1
22:35:25 1
22:36:25 1
22:37:25 1
22:38:25 1
22:39:27 1
22:40:26 1
22:41:26 1
22:42:27 1
22:43:27 1
22:44:27 1
22:45:27 1
22:46:28 1
22:47:28 1
22:48:28 1
22:49:28 1
22:50:29 1
22:51:29 1
22:52:29 1
22:53:29 1
22:54:30 1
22:55:30 1
22:56:31 1
22:57:30 1
22:58:31 1
22:59:31 1
23:00:31 1
23:01:32 1
23:02:32 1
23:03:32 1
23:04:32 1
23:05:33 1
23:06:33 1
23:07:33 1
23:08:33 1
23:09:34 1
23:10:34 1
23:11:34 1
23:12:34 1
23:13:35 1
23:14:35 1
23:15:35 1
23:16:35 1
23:17:36 1
23:18:36 1
23:19:36 1
23:20:36 1
23:21:37 1
23:22:37 1
23:26:36 -1
23:29:37 -1
23:32:38 -1
23:34:08 1
23:34:10 1
23:35:09 1
23:36:10 1
23:37:13 1
23:38:10 1
23:39:12 -1
23:40:11 1
23:41:11 1
23:42:12 1
23:43:12 1
23:44:12 1
23:45:12 1
23:46:13 1
23:47:13 1
23:48:14 1
23:49:15 1
23:50:17 1
23:51:16 1
23:52:17 1
23:53:17 1
23:54:17 1
23:55:18 1
23:56:19 1
23:57:18 1
23:58:19 1
23:59:21 1
