00:02:31 1
00:07:15 1
02:00:05 1
02:05:04 1
02:10:04 1
02:15:04 1
02:20:05 1
02:25:05 1
02:30:05 1
02:35:05 1
02:40:06 1
02:45:07 1
02:50:07 1
02:55:08 1
03:00:08 1
03:05:08 1
03:10:08 1
03:15:09 1
03:20:10 1
03:25:10 1
03:30:11 1
03:35:11 1
03:40:12 1
03:45:13 1
03:50:14 1
03:55:14 1
04:00:15 1
04:05:16 1
04:10:17 1
04:15:17 1
04:20:18 1
04:25:19 1
04:30:19 1
04:35:21 0
04:40:21 1
04:45:22 1
04:50:22 1
04:55:23 1
05:00:24 1
05:05:25 1
05:10:25 1
05:15:26 1
05:20:27 1
05:25:28 1
05:30:28 1
05:35:29 1
05:40:30 1
05:45:30 1
05:50:31 1
05:55:32 1
06:00:32 1
06:05:33 1
06:10:33 1
06:15:34 1
06:20:35 1
06:25:36 1
06:30:36 1
06:35:37 1
06:40:38 1
06:45:38 1
06:50:39 1
06:55:40 1
07:00:40 1
07:05:41 1
07:10:42 1
07:15:43 1
07:20:43 1
07:25:44 1
07:30:45 1
07:35:45 1
07:40:46 1
07:45:47 1
07:50:47 1
07:55:48 1
08:00:48 1
08:05:49 1
08:10:49 1
08:15:50 1
08:20:51 1
08:25:51 1
08:30:52 1
08:35:52 1
08:40:53 1
08:45:54 1
08:50:54 1
08:55:55 1
09:00:56 1
09:05:56 1
09:10:56 1
09:15:56 1
09:20:57 1
09:25:57 1
09:30:58 1
09:35:58 1
09:40:59 1
09:46:00 1
09:51:00 1
09:56:00 1
10:01:00 1
10:06:00 1
10:11:01 1
10:16:01 1
10:21:02 1
10:26:02 1
10:31:03 1
10:36:03 1
10:41:04 1
10:46:04 1
10:51:05 1
10:56:06 1
11:01:06 1
11:06:07 1
11:11:07 1
11:16:08 1
11:21:08 1
11:26:08 1
11:31:08 1
11:36:09 1
11:41:10 1
11:46:10 1
11:51:12 1
11:56:12 1
12:01:12 1
12:06:13 1
12:11:13 1
12:16:14 1
12:21:15 1
12:26:15 1
12:31:15 1
12:36:15 1
12:41:16 1
12:46:17 1
12:51:17 1
12:56:17 1
13:01:17 1
13:06:17 1
13:11:18 1
13:16:19 1
13:21:19 1
13:26:20 1
13:31:20 1
13:36:21 1
13:41:21 1
13:46:22 1
13:51:23 1
13:56:33 1
14:01:24 1
14:06:24 1
14:11:25 1
14:16:26 1
14:21:26 1
14:26:26 1
14:31:27 1
14:36:27 1
14:41:28 1
14:46:28 1
14:51:28 1
14:56:29 1
15:01:29 1
15:06:29 1
15:11:30 1
15:16:31 1
15:21:31 1
15:26:32 1
15:31:32 1
15:36:33 1
15:41:33 1
15:46:34 1
15:51:34 1
15:56:35 1
16:01:35 1
16:06:35 1
16:11:36 1
16:16:37 1
16:21:37 1
16:26:37 1
16:31:37 1
16:36:38 1
16:41:38 1
16:46:42 1
16:51:40 1
16:56:41 1
17:01:41 1
17:06:42 1
17:11:42 1
17:16:42 1
17:21:42 1
17:26:43 1
17:31:43 1
17:36:43 1
17:41:44 1
17:46:44 1
17:51:45 1
17:56:45 1
18:01:45 1
18:06:45 1
18:11:46 1
18:16:46 1
18:21:46 1
18:26:47 1
18:31:48 1
18:36:49 1
18:41:49 1
18:46:49 1
18:51:49 1
18:56:49 1
19:01:49 1
19:06:49 1
19:11:49 1
19:16:50 1
19:21:50 1
19:26:51 1
19:31:51 1
19:36:51 1
19:41:51 1
19:46:52 1
19:51:52 1
19:56:53 1
20:01:53 1
20:06:54 1
20:11:55 1
20:16:56 1
20:21:56 1
20:26:56 1
20:31:56 1
20:36:56 1
20:41:56 1
20:46:57 1
20:51:57 1
20:56:57 1
21:01:58 1
21:06:58 1
21:11:58 1
21:16:58 1
21:21:59 1
21:27:00 1
21:32:00 1
21:37:00 1
21:42:00 1
21:47:01 1
21:52:01 1
21:57:01 1
22:02:01 1
22:07:01 1
22:12:02 1
22:17:02 1
22:22:02 1
22:27:02 1
22:32:02 1
22:37:03 1
22:42:03 1
22:47:04 1
22:52:04 1
22:57:04 1
23:02:04 1
23:07:05 1
23:12:05 1
23:17:05 1
23:22:06 1
23:27:06 1
23:32:06 1
23:37:07 1
23:42:07 1
23:47:07 1
23:52:07 1
23:57:08 1
