00:01:36 4201 2678
00:02:48 50558 17225
00:03:24 90700 18215
00:04:23 205404 17862
00:05:23 40378 38465
00:06:25 102708 6661
00:07:29 52019 6329
02:00:05 -1 -1
02:01:06 40432 3188
02:02:07 5000 2015
02:03:07 22319 1918
02:04:08 10779 3874
02:05:08 144390 8083
02:06:08 77230 4669
02:07:09 7097 9422
02:08:09 49261 10097
02:09:10 7583 3482
02:10:10 41202 8044
02:11:11 51415 5769
02:12:11 19017 2508
02:13:11 157709 8260
02:14:12 2754 5077
02:15:12 119276 11679
02:16:13 2013200 41648
02:17:13 45235 9207
02:18:13 187122 13564
02:19:14 7044 971
02:20:14 40588 8674
02:21:15 142447 8710
02:22:15 15640 6119
02:23:16 111454 11580
02:24:16 56034 11535
02:25:17 54176 5738
02:26:17 30634 5414
02:27:18 32756 9499
02:28:18 12399 1199
02:29:18 29429 1813
02:30:19 6241 5982
02:31:19 19281 2483
02:32:19 54681 5117
02:33:20 34748 4736
02:34:20 23593 9717
02:35:21 17406 1331
02:36:21 41250 3268
02:37:21 6227 8631
02:38:22 19990 8228
02:39:22 49958 2747
02:40:23 42174 11410
02:41:23 29109 11617
02:42:24 15810 4686
02:43:24 20051 1714
02:44:24 43449 5777
02:45:25 28371 4613
02:46:25 84984 8331
02:47:25 21875 11276
02:48:26 9700 16360
02:49:26 33196 2966
02:50:27 5457 2377
02:51:27 34015 10928
02:52:27 216803 12171
02:53:28 131123 7663
02:54:28 2249 1448
02:55:29 0 0
02:56:29 39519 6479
02:57:29 35848 21232
02:58:30 9689 3395
02:59:30 96475 10306
03:00:31 25238 6732
03:01:31 2540 4234
03:02:31 19082 4511
03:03:32 21194 7547
03:04:32 12942 10761
03:05:33 13312 4840
03:06:34 61640 7994
03:07:34 113492 9383
03:08:34 61957 2952
03:09:34 25276 3306
03:10:35 172886 11224
03:11:35 38849 7669
03:12:35 44372 4324
03:13:36 1090 920
03:14:36 3836 1910
03:15:36 11823 3304
03:16:37 15443 5091
03:17:37 1193 1690
03:18:38 29556 5843
03:19:38 12501 2140
03:20:38 18930 5760
03:21:39 44271 7262
03:22:39 86984 84639
03:23:39 164224 12817
03:24:40 256 394
03:25:40 22405 2644
03:26:41 1790 296
03:27:41 58102 1854
03:28:41 5019 958
03:29:41 20892 4245
03:30:41 310 460
03:31:42 17178 1001
03:32:42 14968 7540
03:33:42 2012 3622
03:34:43 207842 13227
03:35:43 45399 7347
03:36:44 68259 4323
03:37:44 74106 8433
03:38:44 17595 1528
03:39:45 97279 14931
03:40:45 11305 2298
03:41:45 14022 12121
03:42:46 14448 1636
03:43:46 38876 6518
03:44:46 12083 4210
03:45:47 19955 2509
03:46:48 53219 18378
03:47:48 1064 1047
03:48:48 123474 5633
03:49:48 27262 5884
03:50:49 18292 1692
03:51:49 19034 2081
03:52:49 20922 8543
03:53:49 100712 7902
03:54:50 72930 7727
03:55:50 37369 3339
03:56:51 52624 4482
03:57:51 75343 8745
03:58:51 86458 6656
03:59:51 28130 5032
04:00:52 44490 3165
04:01:52 376 394
04:02:52 57778 4907
04:03:53 60419 6104
04:04:53 408 402
04:05:54 26555 3085
04:06:54 408 715
04:07:54 7989 1577
04:08:55 478 798
04:09:55 19389 2034
04:10:55 2288 13767
04:11:56 9527 1955
04:12:56 900 807
04:13:56 734 978
04:14:57 53775 8478
04:15:57 35971 3459
04:16:57 6867 2006
04:17:58 24459 2160
04:18:58 28050 1470
04:19:58 462 582
04:20:59 28638 4067
04:21:59 42974 4627
04:22:59 94871 9668
04:24:00 426100 29813
04:25:00 7060 800
04:26:00 17477 1534
04:27:01 54205 3522
04:28:01 49739 5829
04:29:01 81278 7459
04:30:02 110869 10484
04:31:02 2334 4218
04:32:03 2902 4883
04:33:03 18054 4476
04:34:03 134977 7621
04:35:03 35854 4083
04:36:04 19627 6810
04:37:04 1245 2523
04:38:05 5046 1180
04:39:05 18026 1977
04:40:09 1310830 32237
04:41:06 1617481 48369
04:42:06 47636 5210
04:43:07 1920 862
04:44:07 276 222
04:45:07 1747 1743
04:46:08 440 686
04:47:08 13934 5157
04:48:09 1294 2182
04:49:09 5506 1874
04:50:09 27112 4699
04:51:09 62744 3938
04:52:10 770 2441
04:53:10 35997 2462
04:54:10 92489 8514
04:55:11 42713 1800
04:56:11 35630 2466
04:57:11 13190 797
04:58:12 31210 5514
04:59:12 404490 16805
05:00:12 46684 5125
05:01:13 171767 11672
05:02:16 187839 5550
05:03:14 27813 1847
05:04:14 440 436
05:05:16 20959 854
05:06:14 82332 5703
05:07:17 39141 5840
05:08:16 27091 2421
05:09:18 86652 3028
05:10:16 693450 48125
05:11:17 24087 4265
05:12:17 926 2830
05:13:17 11453 1300
05:14:17 19531 1040
05:15:17 882 2329
05:16:19 20580 1070
05:17:26 555 478
05:18:19 1240 2743
05:19:19 642 617
05:20:20 14243 1501
05:21:20 3446 7759
05:22:20 19158 7027
05:23:21 3925 2813
05:24:21 36684 3730
05:25:21 11574 4765
05:26:22 54083 10157
05:27:22 32223 1994
05:28:23 13731 855
05:29:23 350 356
05:30:23 46190 7704
05:31:23 8587 2264
05:32:27 60856 5757
05:33:24 52657 5675
05:34:28 35094 5032
05:35:25 26101 4436
05:36:25 19281 2529
05:37:25 79946 4210
05:38:29 3608 799
05:39:26 159665 13073
05:40:27 41079 15303
05:41:27 51728 1895
05:42:29 12229 1796
05:43:27 11009 1444
05:44:27 321408 5533
05:45:28 84539 5287
05:46:28 5029 2682
05:47:29 112077 14028
05:48:29 33608 4977
05:49:29 364 448
05:50:29 1340 596
05:51:30 1783 1862
05:52:30 82611 7157
05:53:30 276 148
05:54:31 22761 6376
05:55:31 19801 1478
05:56:32 12058 2315
05:57:32 20754 4800
05:58:32 1628 2474
05:59:33 123433 11737
06:00:33 49097 3520
06:01:33 36329 4885
06:02:34 27505 3705
06:03:34 25038 7216
06:04:35 17749 1933
06:05:35 66946 5443
06:06:36 18233 8428
06:07:36 36229 3488
06:08:36 51218 5188
06:09:37 207048 7676
06:10:37 13035 10904
06:11:38 965 1757
06:12:38 13386 2442
06:13:38 87585 7308
06:14:39 299167 9772
06:15:39 2239 1333
06:16:39 342 472
06:17:40 2572 2807
06:18:40 11245 1415
06:19:40 516 660
06:20:41 693 834
06:21:41 29961 2282
06:22:41 49086 3340
06:23:42 287301 19006
06:24:42 44762 15145
06:25:42 41527 2163
06:26:43 10283 4323
06:27:43 5176 1951
06:28:43 2118 1391
06:29:44 713491 55186
06:30:44 4201 2280
06:31:44 4872 472
06:32:45 4627 1130
06:33:45 51570 1818
06:34:46 3649 940
06:35:46 130027 6158
06:36:46 34943 1901
06:37:46 44928 1566
06:38:47 22632 1971
06:39:47 37237 3441
06:40:48 14345 2212
06:41:48 6045 4613
06:42:49 20433 1373
06:43:49 38256 7012
06:44:49 11138 2791
06:45:49 22093 2224
06:46:50 27972 3824
06:47:50 2301 1374
06:48:50 2222 1905
06:49:50 6024 1125
06:50:51 87519 8837
06:51:51 611 967
06:52:51 33215 3061
06:53:52 19474 1544
06:54:52 260 268
06:55:53 5721 1710
06:56:53 9017 1333
06:57:53 73636 7716
06:58:54 3788 2516
06:59:54 50005 6179
07:00:54 132866 11916
07:01:54 2958 4002
07:02:55 25356 2446
07:03:55 28859 8686
07:04:55 85779 5504
07:05:56 385855 25384
07:06:56 41839 5891
07:07:57 2454 3354
07:08:57 908 1070
07:09:57 20895 4012
07:10:58 22977 13544
07:11:58 43795 10522
07:12:58 121173 11539
07:13:59 66068 10635
07:14:59 19297 3414
07:15:59 43279 2868
07:17:00 29769 3466
07:18:00 35865 3223
07:19:00 46756 7923
07:20:01 65723 5163
07:21:01 23872 11355
07:22:01 36902 6086
07:23:02 27892 7232
07:24:02 754 1270
07:25:02 38629 1646
07:26:03 24132 5812
07:27:03 146493 13339
07:28:04 384 1114
07:29:04 586 2333
07:30:04 225678 18427
07:31:04 176437 10977
07:32:05 150367 24987
07:33:05 5278 4253
07:34:06 115676 11055
07:35:07 85681 9998
07:36:07 39093 16147
07:37:08 30127 14866
07:38:08 49627 6448
07:39:08 28917 15496
07:40:09 5431 6681
07:41:09 10102 1417
07:42:09 35860 8912
07:43:10 26400 3657
07:44:10 1158502 58472
07:45:10 65878 6491
07:46:10 96859 11905
07:47:11 14690 1907
07:48:11 4433 1585
07:49:12 5789 1198
07:50:12 46465 6214
07:51:12 100539 3350
07:52:13 218784 9954
07:53:13 76661 19233
07:54:13 37677 1446
07:55:13 357102 12996
07:56:14 4964 3120
07:57:14 313311 13737
07:58:14 192726 10580
07:59:15 341504 12448
08:00:15 90275 7552
08:01:15 273514 8654
08:02:16 69542 8328
08:03:16 25615 7140
08:04:16 148221 13216
08:05:16 376 611
08:06:17 17035 2328
08:07:18 516 4072
08:08:18 477983 26377
08:09:18 48489 3502
08:10:18 47918 8884
08:11:19 218917 18467
08:12:19 21632 6777
08:13:19 25543 3863
08:14:19 36583 6310
08:15:20 300 512
08:16:20 62826 7254
08:17:20 68048 11178
08:18:20 181081 9547
08:19:21 51719 5974
08:20:21 76238 6764
08:21:22 43340 3750
08:22:22 19428 4652
08:23:23 172840 8757
08:24:23 1386 3520
08:25:23 13110 318
08:26:24 4192549 92457
08:27:24 18668 1565
08:28:25 23328 16913
08:29:25 14621 5397
08:30:25 51942 11695
08:31:25 36966 3056
08:32:26 34753 4178
08:33:26 37176 7547
08:34:26 20813 1983
08:35:27 53264 4906
08:36:27 79376 8333
08:37:27 5936 5570
08:38:28 42861 3308
08:39:28 349 2915
08:40:29 20759 4553
08:41:29 52630 3103
08:42:29 19712 2779
08:43:29 13827 1190
08:44:30 15334 35284
08:45:30 81672 6257
08:46:30 50646 3311
08:47:32 9574 4191
08:48:31 444774 27176
08:49:31 35715 3721
08:50:32 3561 4797
08:51:32 91650 4604
08:52:33 233254 12756
08:53:33 168617 7752
08:54:33 287217 13104
08:55:34 279770 9100
08:56:35 208310 35829
08:57:35 87417 6734
08:58:35 63830 18215
08:59:36 32831 3837
09:00:36 42632 6646
09:01:37 439634 25435
09:02:36 22056 4665
09:03:37 88588 4438
09:04:37 238701 10146
09:05:37 16270 4298
09:06:38 130331 12100
09:07:40 55085 8203
09:08:38 10242 5941
09:09:38 364952 43031
09:10:38 8384 7012
09:11:39 78526 5970
09:12:39 208697 14008
09:13:39 237884 10149
09:14:40 34582 1698
09:15:40 24887 6149
09:16:40 270279 10970
09:17:40 995600 47210
09:18:41 1113364 42133
09:19:41 28366 9066
09:20:41 46909 4096
09:21:42 148171 25427
09:22:42 222647 22234
09:23:42 9228 3016
09:24:43 59408 7470
09:25:43 66413 5257
09:26:43 792 312
09:27:43 133614 4608
09:28:44 480 953
09:29:45 139418 9550
09:30:44 26276 1876
09:31:45 106840 7833
09:32:45 75894 4191
09:33:45 40800 1955
09:34:46 99884 9747
09:35:46 18215 9469
09:36:46 36753 6782
09:37:46 2167 1797
09:38:47 45413 5964
09:39:47 38629 4096
09:40:48 206257 12486
09:41:48 90782 11070
09:42:48 38838 3218
09:43:49 19034 3309
09:44:49 99444 6719
09:45:49 19058 3902
09:46:50 510436 32362
09:47:50 88028 21451
09:48:50 235315 16485
09:49:50 16853 3834
09:50:50 19177 1320
09:51:50 386121 17301
09:52:51 826939 30290
09:53:51 20610 3859
09:54:51 2353 2057
09:55:52 34800 5242
09:56:52 108445 8523
09:57:52 19797 6980
09:58:53 127924 13408
09:59:52 59045 4166
10:00:53 799631 35024
10:01:53 15780 2234
10:02:53 40867 3004
10:03:57 165692 8752
10:04:54 2172 5760
10:05:54 5034 3851
10:06:55 1403046 47356
10:07:54 45453 3445
10:08:55 2225249 83980
10:09:55 62055 7059
10:10:55 585332 24938
10:11:56 936579 42458
10:12:59 221940 12016
10:13:56 45852 12212
10:14:56 183073 22155
10:15:57 109045 16450
10:16:57 228867 27927
10:17:57 29592 1769
10:19:00 728716 25501
10:19:58 80155 11439
10:20:58 147053 16922
10:21:59 221690 16114
10:23:03 3023 3173
10:24:01 148524 28205
10:25:01 247867 20228
10:26:02 241129 124434
10:27:03 17658 5119
10:28:03 3496 1951
10:29:03 53743 3806
10:30:03 855701 33942
10:31:04 140968 11317
10:32:04 21377 4604
10:33:04 23221 7335
10:34:04 577652 23094
10:35:05 16018 3011
10:36:05 12100 2981
10:37:05 111942 12827
10:38:06 115089 6485
10:39:06 2095 1555
10:40:07 14366 1681
10:41:08 51226 1392
10:42:08 122038 9247
10:43:08 176696 25345
10:44:11 174 186
10:45:09 900 2096
10:46:09 35934 4584
10:47:10 57252 9055
10:48:10 17227 2099
10:49:10 28654 2454
10:50:10 163343 16636
10:51:11 167950 20916
10:52:11 385808 14773
10:53:12 53681 10281
10:54:12 75488 3025
10:55:12 90585 7606
10:56:13 73469 16325
10:57:14 593151 12724
10:58:14 93285 4489
10:59:15 53765 5924
11:00:16 456073 21403
11:01:16 417182 23503
11:02:16 197979 11400
11:03:16 443291 28742
11:04:17 1124237 43499
11:05:17 19162 868
11:06:17 28232 5403
11:07:18 14659 4769
11:08:19 84705 4981
11:09:19 16567 1130
11:10:19 116466 17848
11:11:19 295621 25040
11:12:20 25509 5149
11:13:20 24624 2639
11:14:20 25642 2132
11:15:21 82961 8477
11:16:22 103356 8915
11:17:23 18305 2512
11:18:22 1794 2092
11:19:23 38000 4593
11:20:23 47481 10009
11:21:26 19839 5044
11:22:24 35290 3836
11:23:24 23989 3431
11:24:24 22264 7419
11:25:25 69584 12909
11:26:25 59127 3564
11:27:25 7936 2213
11:28:26 4569 2618
11:29:25 15554 1837
11:30:26 28548 1676
11:31:26 62540 6382
11:32:26 10174 2148
11:33:27 92569 7930
11:34:28 30235 1580
11:35:28 392446 16255
11:36:29 12223 2030
11:37:29 386295 20827
11:38:30 120984 7262
11:39:30 183794 8252
11:40:30 22772 3699
11:41:30 250609 9747
11:42:31 31474 2763
11:43:31 29316 43798
11:44:32 44888 4291
11:45:32 1762 945
11:46:33 23283 2930
11:47:33 355122 16952
11:48:33 13910 3988
11:49:34 214135 12111
11:50:35 31582 2067
11:51:35 32021 3120
11:52:36 190782 23663
11:53:36 476738 20996
11:54:36 180886 8829
11:55:36 8596 1196
11:56:37 10133 3313
11:57:37 23228 3168
11:58:37 83094 9607
11:59:38 97163 15932
12:00:38 48749 5660
12:01:38 29035 9592
12:02:38 24596 7794
12:03:39 198941 22909
12:04:39 18161 2641
12:05:39 128884 11775
12:06:40 123307 3408
12:07:39 31708 3695
12:08:40 10335 1293
12:09:41 5316 1013
12:10:42 34805 12496
12:11:42 37634 6406
12:12:41 35635 2062
12:13:42 50436 8912
12:14:42 14099 2491
12:15:42 9941 3988
12:16:43 3462 722
12:17:44 27664 3956
12:18:44 26830 2387
12:19:45 20134 3919
12:20:45 55079 6864
12:21:46 104023 15807
12:22:46 8599 2541
12:23:46 45490 4106
12:24:46 276 1684
12:25:47 18327 2687
12:26:47 32865 2596
12:27:47 125970 4127
12:28:48 151174 4869
12:29:48 8587 1574
12:30:48 20321 3104
12:31:48 22644 3253
12:32:48 41186 29049
12:33:49 122084 9853
12:34:49 12172 1773
12:35:49 43927 8535
12:36:49 607274 31259
12:37:50 21468 4170
12:38:50 29541 1951
12:39:50 41490 1260
12:40:50 35079 6857
12:41:51 173220 14320
12:42:51 43550 3774
12:43:51 31595 2787
12:44:51 69736 6661
12:45:51 51578 2494
12:46:52 26292 1553
12:47:52 14804 1447
12:48:52 59270 4386
12:49:53 171111 9202
12:50:53 23650 1691
12:51:54 69111 3103
12:52:54 86655 15895
12:53:54 156614 11554
12:54:54 194570 19305
12:55:54 116438 4418
12:56:55 57943 6077
12:57:55 6574 1297
12:58:55 16381 3356
12:59:56 25236 3960
13:00:56 24921 1635
13:01:56 21361 1416
13:02:56 58664 6032
13:03:56 67420 6577
13:04:57 21745 4032
13:05:57 227755 21097
13:06:58 30848 1480
13:07:57 50093 4709
13:08:58 454928 17675
13:09:58 382734 15757
13:10:58 258671 9154
13:11:58 20237 20667
13:12:58 38411 14973
13:13:59 58821 5182
13:14:59 66027 9102
13:15:59 399066 13774
13:16:59 51202 2865
13:17:59 23224 4708
13:19:00 99801 11205
13:20:00 76644 7384
13:21:00 137595 21101
13:22:00 115731 10223
13:23:01 74783 3481
13:24:01 86036 6066
13:25:01 22877 3548
13:26:02 617574 34721
13:27:03 194679 15146
13:28:02 2120 2746
13:29:03 3154 5374
13:30:03 85601 12884
13:31:03 46434 4567
13:32:05 53866 6086
13:33:03 31400 3959
13:34:04 1301743 28898
13:35:04 79504 4957
13:36:05 9676 5610
13:37:05 1406550 44537
13:38:05 26604 3648
13:39:05 5374 2191
13:40:05 17470 1486
13:41:06 190119 22990
13:42:06 2004 3417
13:43:08 1132515 44540
13:44:07 43938 6187
13:45:08 153446 11864
13:46:08 699482 50306
13:47:09 27015 3611
13:48:10 20214 838
13:49:10 194334 9863
13:50:10 144192 5973
13:51:10 2880 2865
13:52:11 15371 900
13:53:11 58198 10863
13:54:11 238576 8873
13:55:11 8992 978
13:56:11 1679269 56290
13:57:12 159501 22772
13:58:12 260325 8878
13:59:12 1313774 40622
14:00:12 110014 10253
14:01:13 101275 7704
14:02:13 4624 881
14:03:13 104042 11517
14:04:13 48714 6250
14:05:13 26481 4666
14:06:14 242059 12821
14:07:15 196170 12264
14:08:15 60907 4301
14:09:15 97400 2766
14:10:15 163134 11384
14:11:16 5217 3005
14:12:17 22583 2291
14:13:16 2594427 63085
14:14:17 150367 7284
14:15:17 12610 2364
14:16:17 26415 1958
14:17:17 157424 10491
14:18:18 317158 15574
14:19:18 162320 5700
14:20:18 101497 7252
14:21:18 629640 28116
14:22:22 91424 7916
14:23:19 47550 9251
14:24:19 219003 8464
14:25:20 30476 5964
14:26:21 848495 24944
14:27:22 972152 40289
14:28:22 37769 8682
14:29:23 34889 4931
14:30:22 68112 14958
14:31:22 276808 11297
14:32:23 288027 9566
14:33:23 232749 9327
14:34:24 173942 8417
14:35:27 325755 13830
14:36:25 1159128 33934
14:37:25 170542 41424
14:38:25 70985 10000
14:39:26 176163 11838
14:40:26 53860 14419
14:41:26 547182 21240
14:42:27 189922 10503
14:43:27 6310 3812
14:44:28 22821 5641
14:45:28 75876 5884
14:46:28 88686 19458
14:47:29 48129 5521
14:48:30 70940 5922
14:49:30 178268 49037
14:50:30 1873 1850
14:51:30 192838 15601
14:52:31 6222 5075
14:53:31 181425 13151
14:54:31 21990 5995
14:55:32 951115 41903
14:56:32 684 1682
14:57:32 715889 43457
14:58:32 159336 20513
14:59:32 410727 21236
15:00:33 151458 10438
15:01:33 8452 52054
15:02:33 45543 2722
15:03:33 24410 3343
15:04:33 489898 29257
15:05:34 313910 11266
15:06:35 591876 21818
15:07:35 274993 14062
15:08:35 970439 34298
15:09:34 118902 6946
15:10:35 172216 12711
15:11:38 250201 12921
15:12:35 62148 6208
15:13:35 44726 986
15:14:36 14268 1304
15:15:36 20789 3869
15:16:36 41627 9576
15:17:36 162935 21904
15:18:37 56950 8005
15:19:37 81583 6393
15:20:37 159261 7325
15:21:38 99279 9678
15:22:38 135360 11210
15:23:38 356818 22095
15:24:38 136774 13788
15:25:39 138619 18942
15:26:38 90270 4526
15:27:39 65114 7063
15:28:43 3591 2808
15:29:39 1094438 32876
15:30:39 90768 3459
15:31:40 9538 4342
15:32:40 255153 118809
15:33:40 71585 6864
15:34:41 98183 10637
15:35:41 46892 3557
15:36:41 103214 9029
15:37:41 774686 46094
15:38:42 11072 6587
15:39:42 142867 13773
15:40:42 918307 66388
15:41:42 68421 4932
15:42:42 78711 5717
15:43:43 217394 26187
15:44:43 116904 9564
15:45:43 35982 5275
15:46:44 10345 53654
15:47:45 171992 20706
15:48:45 181050 24324
15:49:44 12108 6672
15:50:44 437492 28974
15:51:45 488765 38494
15:52:45 345966 145662
15:53:46 211194 12401
15:54:46 18822 2254
15:55:46 382136 15137
15:56:46 473924 24702
15:57:46 70623 16449
15:58:46 440879 35395
15:59:47 2141806 67566
16:00:47 81190 9139
16:01:47 823402 28627
16:02:47 59390 2474
16:03:48 410121 20713
16:04:48 46992 6132
16:05:48 263369 13846
16:06:49 44805 2305
16:07:48 27506 5388
16:08:49 3403 949
16:09:52 163020 30927
16:10:49 42121 12092
16:11:49 56047 67246
16:12:53 124023 12789
16:13:53 73562 12260
16:14:50 13694 2385
16:15:51 241104 23107
16:16:51 206542 26722
16:17:51 39873 5419
16:18:51 179508 14515
16:19:51 18279 3910
16:20:51 12731 3158
16:21:52 185533 8711
16:22:52 41764 6128
16:23:52 22930 948
16:24:52 2219 1030
16:25:53 1018316 43843
16:26:53 1149949 44983
16:28:02 21107 4026
16:28:54 66986 9509
16:29:53 37514 6512
16:30:54 140575 13002
16:31:54 499672 41134
16:32:55 1455675 55447
16:33:55 44701 13244
16:34:55 201076 21019
16:35:55 135805 77651
16:36:56 10498 6828
16:37:56 79834 8568
16:38:56 18831 5167
16:39:56 1074123 34502
16:40:57 6912 7261
16:41:58 5946 812
16:42:57 136530 6038
16:43:58 265677 13039
16:44:58 917289 37620
16:45:58 26641 8543
16:46:58 104788 20721
16:47:58 146847 65239
16:48:58 65357 6886
16:49:59 76956 18950
16:50:59 2101 2202
16:51:59 121976 1596420
16:53:00 626786 39628
16:54:00 56244 733106
16:55:00 170592 7456
16:56:00 89149 1196307
16:57:00 86493 2039711
16:58:01 239521 6057
16:59:01 51498 6069
17:00:01 55174 11384
17:01:01 117299 12369
17:02:02 2333828 46329
17:03:02 150896 45366
17:04:03 20688 7135
17:05:03 454134 53278
17:06:03 47392 12641
17:07:03 17677 3806
17:08:04 201333 16661
17:09:04 1241741 81491
17:10:04 241914 57417
17:11:04 103608 25420
17:12:05 167406 9094
17:13:05 252220 13180
17:14:05 49714 5643
17:15:05 408288 25259
17:16:06 22317 2555
17:17:06 9579 5966
17:18:06 508490 30622
17:19:06 96417 8027
17:20:06 76990 3791
17:21:07 314648 23253
17:22:07 83274 13806
17:23:08 21051 668
17:24:08 4319 2752
17:25:09 21056 3233
17:26:09 85656 10497
17:27:10 38282 7778
17:28:10 350780 21536
17:29:10 185601 18174
17:30:10 14363 5862
17:31:11 239125 24030
17:32:11 143280 20473
17:33:11 55934 10772
17:34:11 226730 14529
17:35:12 653471 34724
17:36:12 142298 21572
17:37:12 40629 7094
17:38:13 243014 15454
17:39:13 46213 5114
17:40:14 301120 28909
17:41:14 39033 6947
17:42:14 49201 17495
17:43:15 55344 22739
17:44:15 330286 19912
17:45:15 180640 17280
17:46:16 203234 31590
17:47:16 34443 2921
17:48:16 10458 5799
17:49:17 26007 27567
17:50:17 43384 11520
17:51:17 127924 33185
17:52:17 46491 17917
17:53:17 136967 10003
17:54:18 13573 2779
17:55:18 117454 8389
17:56:18 59774 35186
17:57:19 114956 13841
17:58:19 91939 10323
17:59:19 911982 25623
18:00:19 68935 9133
18:01:20 261762 10993
18:02:20 21372 5436
18:03:20 45951 16146
18:04:20 10902 4197
18:05:21 539731 15148
18:06:21 87572 53799
18:07:22 38663 12761
18:08:22 8631 1015
18:09:22 5608 5379
18:10:22 25892 26142
18:11:22 142407 6995
18:12:23 51701 3178
18:13:23 53638 17173
18:14:23 50828 15171
18:15:23 37195 15756
18:16:23 26237 13488
18:17:24 269216 20328
18:18:24 75227 12641
18:19:24 169513 34437
18:20:24 33614 5354
18:21:25 17641 1874
18:22:25 401022 29947
18:23:25 164268 21061
18:24:26 46654 2226
18:25:26 61091 5801
18:26:26 1203690 50913
18:27:27 47734 4362
18:28:27 99296 8481
18:29:27 89031 8298
18:30:28 70437 30498
18:31:28 66578 8160
18:32:28 23459 5947
18:33:29 16167 23943
18:34:29 8155 4346
18:35:30 92686 6352
18:36:30 26712 8667
18:37:30 9708 9014
18:38:30 249785 28244
18:39:31 21056 4294
18:40:31 1389958 42556
18:41:31 72706 8730
18:42:32 186 432
18:43:32 104522 4172
18:44:32 87783 27043
18:45:32 182660 24277
18:46:33 23317 3060
18:47:33 20509 9494
18:48:34 89329 29371
18:49:34 75494 4166
18:50:33 284527 20241
18:51:34 79605 3512
18:52:34 126420 8606
18:53:35 35993 5037
18:54:35 142171 9555
18:55:35 45718 13856
18:56:36 102111 6802
18:57:36 105615 6720
18:58:36 158915 34729
18:59:37 28630 53179
19:00:36 300354 20477
19:01:37 43464 44381
19:02:37 4798 1177
19:03:37 23181 3008
19:04:37 24293 10315
19:05:38 36734 12740
19:06:38 38831 5854
19:07:39 53425 5352
19:08:39 264003 27780
19:09:39 481119 29252
19:10:39 108489 14965
19:11:39 66299 6023
19:12:39 71499 20453
19:13:40 32178 13415
19:14:40 136696 13047
19:15:40 25551 5231
19:16:40 80078 8472
19:17:40 87774 26994
19:18:41 43172 2578
19:19:41 63093 16979
19:20:41 151073 14949
19:21:41 130654 27380
19:22:42 204720 24057
19:23:42 141900 8600
19:24:42 112252 6929
19:25:42 227954 20979
19:26:43 49560 8737
19:27:43 42082 4546
19:28:43 30861 6012
19:29:43 69919 13827
19:30:43 24775 23528
19:31:43 22898 5598
19:32:44 49563 18038
19:33:44 46731 11426
19:34:44 88975 11689
19:35:45 21441 9772
19:36:45 134311 16725
19:37:45 35099 6168
19:38:45 35817 11812
19:39:46 3905 3478
19:40:46 129447 7993
19:41:46 108794 18970
19:42:46 2529 1438
19:43:47 202 326
19:44:47 38944 15849
19:45:47 594 1358
19:46:47 160829 18902
19:47:48 29089 19332
19:48:48 71066 14711
19:49:48 3584 1505
19:50:48 85011 16965
19:51:48 76415 25869
19:52:48 25495 2200
19:53:49 151713 4633
19:54:49 54862 11869
19:55:49 762853 30916
19:56:49 22415 1146
19:57:50 150537 16043
19:58:50 99670 7343
19:59:50 27059 7543
20:00:50 31329 4736
20:01:50 142890 7601
20:02:51 22503 6638
20:03:51 19578 7385
20:04:51 281693 22793
20:05:51 96810 8346
20:06:52 4160 8265
20:07:52 400823 25704
20:08:52 132187 18689
20:09:52 133496 15582
20:10:52 47395 7731
20:11:52 55888 10566
20:12:52 18531 8176
20:13:53 153925 15338
20:14:53 82984 250847
20:15:53 441040 29914
20:16:53 130416 11333
20:17:54 109833 30426
20:18:54 39225 5427
20:19:54 177790 42253
20:20:54 154834 19549
20:21:55 1062334 40654
20:22:55 43586 6985
20:23:55 14595 26742
20:24:55 35010 12966
20:25:56 45009 17675
20:26:56 17666 2877
20:27:57 635 1696
20:28:56 263514 22151
20:29:57 170128 15674
20:31:00 9548 4823
20:31:57 46004 15764
20:32:57 90471 14972
20:33:57 65576 8711
20:34:58 118949 23362
20:35:58 47042 16830
20:36:58 25264 2280
20:37:58 2590 4735
20:38:59 62910 8452
20:40:01 25382 13130
20:40:59 98842 21719
20:42:00 63965 6707
20:42:59 33589 4174
20:43:59 11780 6461
20:45:00 73702 12683
20:46:00 30763 4931
20:47:00 32881 11569
20:48:01 33159 9143
20:49:01 259411 21431
20:50:01 273643 14744
20:51:01 290039 25590
20:52:01 97946 9060
20:53:01 58722 11585
20:54:02 103697 9705
20:55:02 187527 8880
20:56:02 12269 5003
20:57:02 137165 12026
20:58:03 63033 6907
20:59:03 122823 15659
21:00:03 305998 19996
21:01:03 153077 10895
21:02:03 7662 4770
21:03:03 39026 15732
21:04:04 23749 3741
21:05:04 48948 4751
21:06:04 42872 6513
21:07:05 23971 5165
21:08:05 84991 9678
21:09:05 147160 10285
21:10:05 27553 18333
21:11:05 294016 17288
21:12:05 18099 6091
21:13:05 29363 5826
21:14:06 12447 4792
21:15:06 142370 15920
21:16:06 53699 10935
21:17:07 198011 21447
21:18:06 244276 22369
21:19:07 35703 18736
21:20:07 5640 1809
21:21:07 94958 8786
21:22:08 445498 31870
21:23:08 37942 10724
21:24:08 38848 6840
21:25:09 39388 13938
21:26:08 112003 17332
21:27:09 525300 18268
21:28:09 49544 19405
21:29:10 75575 16027
21:30:10 26785 10181
21:31:10 36196 4041
21:32:10 48698 12614
21:33:10 37358 9641
21:34:11 335407 32340
21:35:11 60376 8094
21:36:11 81083 13611
21:37:11 199610 20956
21:38:11 475723 20277
21:39:11 245927 16979
21:40:11 21995 7196
21:41:12 22763 3791
21:42:12 239361 16179
21:43:12 41258 7750
21:44:12 7502 3932
21:45:13 40678 13101
21:46:13 30297 9259
21:47:14 54555 6622
21:48:14 31076 8411
21:49:14 189975 8856
21:50:14 7222 3549
21:51:14 20221 8359
21:52:15 28693 3100
21:53:15 10386 2859
21:54:15 1322224 84030
21:55:15 53624 6260
21:56:15 43777 10043
21:57:16 33354 6640
21:58:16 109989 7990
21:59:16 75271 6919
22:00:17 84002 9215
22:01:17 24552 6670
22:02:17 5556 6158
22:03:17 13130 2833
22:04:17 10329 8114
22:05:18 128228 15575
22:06:18 154230 9923
22:07:18 127686 7794
22:08:19 572375 21560
22:09:19 80255 15381
22:10:19 79799 6313
22:11:19 183500 11569
22:12:20 37805 12043
22:13:20 272611 15807
22:14:20 14476 13555
22:15:20 43860 2893
22:16:20 63283 11460
22:17:21 466346 37112
22:18:21 87985 21182
22:19:21 29204 7512
22:20:21 245183 16115
22:21:22 912436 44656
22:22:22 52328 15627
22:23:22 35837 5845
22:24:22 49905 12736
22:25:23 37431 17896
22:26:23 17160 8386
22:27:24 34732 3713
22:28:25 90522 8913
22:29:24 35713 10510
22:30:24 180781 14329
22:31:24 100328 10636
22:32:24 138742 5822
22:33:25 8495 3749
22:34:25 27421 2840
22:35:25 140141 16351
22:36:25 48532 15539
22:37:26 44037 7981
22:38:26 42876 4833
22:39:26 821 1144
22:40:27 49014 7932
22:41:27 47556 14377
22:42:27 114251 11281
22:43:27 239306 14337
22:44:28 77977 7644
22:45:28 49827 16075
22:46:28 132501 15272
22:47:28 30915 2966
22:48:29 151811 27368
22:49:29 15866 8730
22:50:29 94409 12977
22:51:29 121386 8549
22:52:30 43977 7004
22:53:30 22992 7123
22:54:30 332840 41714
22:55:30 9166 5941
22:56:30 59160 33508
22:57:31 198995 18983
22:58:31 209399 14920
22:59:31 107491 14147
23:00:32 122109 14259
23:01:32 53973 6366
23:02:32 56915 8494
23:03:32 8932 6583
23:04:33 1032 3822
23:05:33 125360 15118
23:06:33 130718 19883
23:07:33 54466 18420
23:08:34 68423 9389
23:09:34 19119 24214
23:10:34 25714 11316
23:11:34 74958 6535
23:12:35 319214 19837
23:13:35 29276 16082
23:14:35 43403 7665
23:15:35 17682 6695
23:16:36 21525 20260
23:17:36 79121 21854
23:18:36 42901 4937
23:19:36 5061 7417
23:20:37 30046 17009
23:21:37 1143678 57920
23:22:37 327701 22167
23:23:38 275604 28918
23:24:38 195992 29361
23:25:38 33429 3799
23:26:39 5235 7467
23:27:39 88846 15064
23:28:39 95117 17028
23:29:39 39343 8843
23:30:39 62420 15496
23:31:40 37539 15072
23:32:40 71888 18539
23:33:40 113039 13595
23:34:41 434926 38180
23:35:41 97381 19607
23:36:41 96165 21396
23:37:41 397015 41106
23:38:42 24216 10897
23:39:42 22544 19825
23:40:42 280778 11487
23:41:42 56208 11320
23:42:43 52906 14476
23:43:43 21732 2265
23:44:44 57382 15508
23:45:44 154783 27523
23:46:45 43077 13348
23:47:46 18437 17215
23:48:46 9499 4922
23:49:46 18579 3554
23:50:47 6662 8734
23:51:48 109501 19138
23:52:48 9989 2160
23:53:48 11582 4975
23:54:48 85374 14700
23:55:51 11828 32678
23:56:49 294851 34547
23:57:50 85223 11543
23:58:51 46331 11682
23:59:51 37957 11819
