00:01:03 1066549 40372
00:02:39 96853 11076
00:03:22 22916 15318
00:04:06 688023 30196
00:05:06 435983 23741
00:06:07 192915 15210
00:07:16 75168 9153
00:08:17 48963 7934
02:00:05 -1 -1
02:01:06 104449 9431
02:02:06 141936 11672
02:03:07 37278 9348
02:04:07 6516 4008
02:05:08 31180 4719
02:06:09 10233 4392
02:07:08 91198 9168
02:08:09 126651 20050
02:09:09 170740 26657
02:10:10 65081 7940
02:11:10 12298 6790
02:12:10 20508 4725
02:13:11 49622 3989
02:14:11 44355 10003
02:15:12 153718 9444
02:16:12 41142 6136
02:17:12 390979 32872
02:18:13 72716 5912
02:19:14 45014 3385
02:20:14 29732 3065
02:21:14 52268 5286
02:22:15 21175 2268
02:23:15 4785 5313
02:24:16 126564 8051
02:25:16 74472 12022
02:26:17 36368 5296
02:27:17 617025 41420
02:28:17 67336 9284
02:29:18 70568 4317
02:30:18 72139 4568
02:31:18 12731 6210
02:32:19 50366 5505
02:33:19 65468 6751
02:34:20 76426 4536
02:35:20 180886 10460
02:36:21 12790 3628
02:37:21 113995 9720
02:38:21 190530 9314
02:39:22 6621 6470
02:40:22 136381 11211
02:41:23 63503 4488
02:42:23 84884 7423
02:43:23 153314 9974
02:44:24 123265 12181
02:45:24 38056 5446
02:46:25 130046 13564
02:47:25 44096 12020
02:48:25 105842 24397
02:49:26 29689 1907
02:50:26 620534 20814
02:51:26 28892 9089
02:52:27 55929 11050
02:53:27 57919 3137
02:54:28 73015 15025
02:55:28 16548 4342
02:56:28 50355 4964
02:57:29 110763 24654
02:58:29 27063 7119
02:59:30 47917 3742
03:00:30 126356 7036
03:01:30 72441 9298
03:02:31 34525 6217
03:03:31 11455707 258031
03:04:32 13559 9624
03:05:32 103263 10667
03:06:33 36179 4877
03:07:33 41380 2954
03:08:34 46336 3161
03:09:34 126340 7947
03:10:34 12176887 274648
03:11:35 139918 8481
03:12:35 100893 5900
03:13:35 63167 6688
03:14:36 26190 11931
03:15:36 204408 22922
03:16:36 50254 4418
03:17:37 3293 3273
03:18:37 51781 2916
03:19:37 504 1846
03:20:38 1959 1196
03:21:38 14443 3268
03:22:38 4827 4588
03:23:40 35415 4903
03:24:40 440851 23201
03:25:40 123726 8024
03:26:45 31347 2947
03:27:40 165595 10924
03:28:42 38428 3207
03:29:41 18568 3224
03:30:50 11014 1314
03:31:41 305036 19835
03:32:42 529 635
03:33:42 429487 14624
03:34:42 155776 9223
03:35:43 2051 1762
03:36:43 17264 2496
03:37:45 12984 2246
03:38:44 43632 2726
03:39:46 7279 3408
03:40:45 83777 6113
03:41:45 45489 3654
03:42:45 75391 5093
03:43:46 56389 7106
03:44:46 95168 6792
03:45:46 14864 2517
03:46:47 50161 8846
03:47:47 65444 4486
03:48:47 190178 12728
03:49:48 17180 5727
03:50:48 278796 22971
03:51:48 46873 12795
03:52:49 49890 8793
03:53:49 51575 5635
03:54:49 18021 5785
03:55:50 41013 6686
03:56:50 95572 7765
03:57:50 56324 6871
03:58:51 80963 5906
03:59:51 14396 6248
04:00:51 8799 5471
04:01:52 67724 7050
04:02:53 55852 8683
04:03:52 95915 8348
04:04:54 63590 5810
04:05:56 33438 4073
04:06:54 78895 10975
04:07:55 169721 10959
04:08:54 12323 3977
04:09:54 120414 9586
04:10:55 11265 8427
04:11:55 66226 7031
04:12:56 79083 7629
04:13:56 72408 6300
04:14:56 8849 5328
04:15:57 25717 5077
04:16:57 55267 5352
04:17:57 96279 8831
04:18:57 125884 9036
04:19:58 71236 9097
04:20:58 129776 8434
04:21:58 8108 3827
04:22:59 141107 16266
04:23:59 84718 8549
04:24:59 81417 7065
04:26:00 127865 8572
04:27:00 52878 5521
04:28:00 45190 6462
04:29:01 83329 7676
04:30:01 69793 5403
04:31:01 9070 4037
04:32:02 13657 4226
04:33:02 82934 10479
04:34:03 98825 10005
04:35:03 20456 4138
04:36:03 315327 23011
04:37:04 239616 21921
04:38:04 218729 19917
04:39:04 12417 4911
04:40:05 55546 8601
04:41:05 120514 10866
04:42:06 71895 6362
04:43:06 87231 6415
04:44:06 8926 3600
04:45:07 107606 5772
04:46:07 7051 3698
04:47:07 79878 6784
04:48:08 22046 3613
04:49:08 27730 5498
04:50:08 50402 4554
04:51:09 216566 15727
04:52:09 8400 4035
04:53:09 235975 12245
04:54:10 62146 9829
04:55:10 9952 3641
04:56:10 158658 9856
04:57:11 375766 24448
04:58:11 177706 9024
04:59:11 56099 5920
05:00:12 18939 4449
05:01:15 45604 6699
05:02:12 101066 7022
05:03:13 49970 5006
05:04:13 37230 6258
05:05:13 42508 6184
05:06:14 33072 6354
05:07:14 67200 8745
05:08:14 8400 3441
05:09:15 89090 8176
05:10:15 15092 12421
05:11:15 69106 11333
05:12:16 136486 10614
05:13:16 87606 8676
05:14:16 27600 4753
05:15:17 66480 7790
05:16:17 12290 3779
05:17:18 68895 6873
05:18:18 54486 7319
05:19:18 73906 7000
05:20:19 64114 4496
05:21:19 29884 5204
05:22:19 15133 4118
05:23:20 75196 9706
05:24:20 24225 5310
05:25:21 65837 6306
05:26:21 39061 6730
05:27:21 116486 10637
05:28:21 41713 5979
05:29:22 74447 9677
05:30:22 40960 5312
05:31:23 41425 7589
05:32:23 19205 3730
05:33:23 25377 4538
05:34:24 109938 8784
05:35:24 89133 10684
05:36:24 55550 5338
05:37:24 164569 7204
05:38:25 9805 3387
05:39:25 21014 3267
05:40:25 27028 4278
05:41:26 7167 3642
05:42:26 44113 5096
05:43:27 18958 4393
05:44:27 13822 6982
05:45:27 7184 3400
05:46:28 6614 2764
05:47:28 10861 4631
05:48:28 42476 5591
05:49:29 50213 5111
05:50:29 294477 20290
05:51:29 57052 6310
05:52:30 25670 3521
05:53:30 39319 2900
05:54:30 6572 2346
05:55:31 32176 5287
05:56:31 43182 5634
05:57:31 60106 5390
05:58:32 45602 10068
05:59:32 13678 8981
06:00:33 11955 4014
06:01:33 99121 5719
06:02:33 43469 4570
06:03:34 118485 14342
06:04:35 58799 6738
06:05:35 60058 11997
06:06:35 32138 8121
06:07:36 27261 3790
06:08:36 64411 7354
06:09:36 75027 7661
06:10:37 41618 6586
06:11:37 44161 5173
06:12:37 260175 19132
06:13:38 66262 6904
06:14:38 172374 15898
06:15:38 18165 2349
06:16:39 51029 7115
06:17:39 6486 2570
06:18:39 6961 3211
06:19:40 51378 3133
06:20:40 77106 7851
06:21:40 51131 6995
06:22:41 104874 5483
06:23:41 395895 17213
06:24:41 33402 4532
06:25:42 8400 3349
06:26:42 10468 3463
06:27:43 47552 3744
06:28:43 146364 7996
06:29:43 90640 12039
06:30:44 518021 18988
06:31:44 59741 5815
06:32:44 8646 4046
06:33:45 93701 9556
06:34:45 55829 6966
06:35:45 8276 2730
06:36:46 32166 7054
06:37:46 100951 10957
06:38:46 78332 7120
06:39:47 86531 6777
06:40:47 25102 4116
06:41:47 18260 4894
06:42:48 23825 4023
06:43:48 103172 11393
06:44:48 9878 2988
06:45:49 32398 3690
06:46:49 15751 3257
06:47:49 15856 6041
06:48:50 91391 6972
06:49:50 149446 12053
06:50:50 46304 6586
06:51:51 167629 8829
06:52:51 741673 25670
06:53:51 56925 8359
06:54:52 31330 5503
06:55:52 17023 6654
06:56:52 80243 7708
06:57:53 61359 7738
06:58:53 25989 7147
06:59:53 85311 9323
07:00:54 62872 11918
07:01:54 19926 7345
07:02:54 75515 15537
07:03:55 81167 9454
07:04:55 11634 5488
07:05:58 39216 5554
07:06:56 190671 15807
07:07:56 41586 8334
07:08:56 34837 9466
07:09:56 99752 22756
07:10:57 20794 11849
07:11:57 10858 8098
07:12:58 46498 8119
07:13:58 105371 12275
07:14:58 30616 4176
07:15:59 72446 7561
07:16:59 42780 6326
07:17:59 49029 10401
07:19:00 75513 17562
07:20:00 52375 10208
07:21:00 37748 6664
07:22:01 148702 20961
07:23:01 90253 9330
07:24:01 32846 6721
07:25:02 387838 19966
07:26:02 16242 5898
07:27:02 32372 13784
07:28:03 33195 3877
07:29:03 714532 38854
07:30:03 27234 6551
07:31:04 60475 15500
07:32:04 37258 13646
07:33:05 151347 10645
07:34:05 43719 8629
07:35:06 85925 22659
07:36:07 81329 19077
07:37:07 105522 21363
07:38:11 245547 15988
07:39:08 68570 16501
07:40:08 62041 20336
07:41:08 21430 4258
07:42:09 87957 5100
07:43:09 36173 18385
07:44:09 27033 11549
07:45:10 81664 13558
07:46:10 17769 3629
07:47:10 57517 17469
07:48:10 12611 4517
07:49:11 29741 5280
07:50:11 72315 14390
07:51:11 30541 7153
07:52:12 62872 16007
07:53:12 31680 3824
07:54:12 167633 12040
07:55:13 185822 15456
07:56:13 77763 7238
07:57:13 549356 24605
07:58:14 487225 23870
07:59:14 35339 4920
08:00:14 378222 15113
08:01:15 1065396 35288
08:02:15 30061 8009
08:03:15 39432 6732
08:04:15 145317 18750
08:05:16 52406 5616
08:06:16 200918 10475
08:07:16 320764 13945
08:08:17 58631 3963
08:09:17 126681 17948
08:10:17 88890 26908
08:11:18 9310 3290
08:12:18 149410 10076
08:13:18 97660 6464
08:14:18 61795 7096
08:15:19 104145 16922
08:16:19 80780 19153
08:17:19 106472 9860
08:18:20 131152 22775
08:19:20 86600 10822
08:20:21 590014 30775
08:21:21 301847 13288
08:22:21 65649 6096
08:23:22 403015 23052
08:24:22 76311 23153
08:25:23 52070 5705
08:26:23 216619 14459
08:27:23 21287 4888
08:28:24 9542 6259
08:29:24 303699 15283
08:30:24 238757 13152
08:31:25 300966 48781
08:32:25 109501 8813
08:33:25 191362 17155
08:34:26 85033 8169
08:35:26 120372 12703
08:36:26 204337 11515
08:37:26 477669 16426
08:38:27 8259 3828
08:39:27 10513 5014
08:40:27 183095 13989
08:41:28 245684 16217
08:42:28 69299 6357
08:43:29 143020 11722
08:44:29 154816 6540
08:45:29 64326 6184
08:46:30 66462 7714
08:47:30 135773 12202
08:48:33 659360 28462
08:49:31 129143 8475
08:50:31 366135 20281
08:51:31 224183 12926
08:52:32 114998 9911
08:53:32 34867 4577
08:54:32 27845 6307
08:55:33 44804 6261
08:56:34 288567 13455
08:57:34 107874 7416
08:58:35 87310 19285
08:59:35 48643 6676
09:00:36 161607 7824
09:01:36 464120 19898
09:02:36 782588 39576
09:03:36 289972 43595
09:04:37 130895 41364
09:05:37 179431 48967
09:06:37 26231 11682
09:07:37 582241 36344
09:08:37 177238 16286
09:09:38 363418 26599
09:10:38 10660 7222
09:11:38 70720 7540
09:12:38 87583 11619
09:13:39 151426 10670
09:14:39 37923 7327
09:15:39 99492 11950
09:16:40 58581 8393
09:17:40 1064861 40571
09:18:40 111107 12284
09:19:41 28462 5864
09:20:41 358349 23074
09:21:42 112600 13508
09:22:42 46836 18777
09:23:42 359817 22403
09:24:42 9666 6769
09:25:42 87396 8258
09:26:43 238606 13380
09:27:43 319213 13911
09:28:43 850408 30650
09:29:43 699505 25378
09:30:44 103932 11134
09:31:44 334113 22919
09:32:44 459963 18452
09:33:45 499085 32398
09:34:45 201192 18057
09:35:45 472496 32723
09:36:46 187602 18670
09:37:46 92973 9250
09:38:47 123947 8294
09:39:47 107378 30076
09:40:47 155112 9085
09:41:48 49618 6751
09:42:48 160478 17698
09:43:48 55574 18029
09:44:48 617942 28014
09:45:49 72731 9314
09:46:50 367812 15540
09:47:51 9947 7623
09:48:50 294576 58008
09:49:50 423114 33136
09:50:50 134277 17369
09:51:50 565555 40771
09:52:50 1065387 39141
09:53:51 165488 16086
09:54:51 531995 21506
09:55:51 240361 27275
09:56:51 781022 36168
09:57:51 211013 11470
09:58:52 786720 40591
09:59:52 228753 10821
10:00:52 129058 12255
10:01:52 134277 11922
10:02:53 838690 51155
10:03:56 30885 7303
10:04:53 278832 12566
10:05:53 311836 18414
10:06:54 202151 16022
10:07:54 127424 13028
10:08:54 208346 16071
10:09:54 286046 26432
10:10:54 438467 46035
10:11:55 17664 234263
10:13:06 1064973 42075
10:13:55 579769 36533
10:14:56 406304 101786
10:15:56 28818 6547
10:16:59 193409 12178
10:17:56 1039898 48004
10:18:57 856448 37156
10:19:57 508420 23330
10:20:58 693386 45404
10:21:58 677832 29682
10:23:02 72759 6601
10:24:00 108952 13260
10:25:00 671615 24416
10:26:01 615039 41602
10:27:02 379821 16139
10:28:02 78457 8041
10:29:02 230320 19598
10:30:03 501301 31116
10:31:03 263207 16017
10:32:03 479392 19669
10:33:04 967227 36769
10:34:04 679069 30856
10:35:04 63360 11806
10:36:04 405836 28882
10:37:05 206748 19270
10:38:05 560300 26010
10:39:06 989712 34681
10:40:06 1065343 44758
10:41:07 249409 18823
10:42:07 72575 5812
10:43:07 255343 11863
10:44:08 64944 17104
10:45:08 279870 12403
10:46:08 26086 3718
10:47:09 934575 55571
10:48:09 718740 28164
10:49:09 83232 8265
10:50:10 117052 10006
10:51:10 30063 5818
10:52:14 136049 9775
10:53:11 360313 30985
10:54:11 1067482 42251
10:55:12 782958 26182
10:56:13 214739 16793
10:57:13 221612 69993
10:58:13 842557 99610
10:59:14 1065848 40334
11:00:15 566233 27847
11:01:15 957437 44192
11:02:15 1066094 44855
11:03:16 87691 5810
11:04:16 1064999 35820
11:05:16 302495 15651
11:06:17 518490 43669
11:07:19 145625 20721
11:08:18 1062791 38567
11:09:18 1065340 50622
11:10:18 311631 16840
11:11:19 409007 25824
11:12:19 393227 31742
11:13:19 179187 11163
11:14:20 129633 11343
11:15:21 958698 32199
11:16:21 1066053 39515
11:17:22 434129 29824
11:18:22 443733 24367
11:19:22 176573 16566
11:20:23 163284 26483
11:21:26 995961 59859
11:22:23 129067 13136
11:23:24 136064 9352
11:24:24 201785 25097
11:25:24 311568 67809
11:26:24 569438 35737
11:27:26 552203 32126
11:28:25 333746 14832
11:29:25 1064755 32895
11:30:25 1068640 49528
11:31:26 411969 30504
11:32:26 225027 12112
11:33:26 356787 25040
11:34:27 283915 14432
11:35:28 386350 34512
11:36:28 632237 32005
11:37:29 302867 18578
11:38:29 42451 6420
11:39:29 71738 7222
11:40:30 1067553 50208
11:41:30 1064620 42692
11:42:30 1069343 43904
11:43:30 44428 8922
11:44:31 86199 10643
11:45:32 337431 16064
11:46:32 249804 16216
11:47:33 311163 22051
11:48:33 180362 11082
11:49:34 126720 10179
11:50:34 40822 6614
11:51:35 104408 10444
11:52:35 225682 20837
11:53:35 230568 12940
11:54:36 211832 12951
11:55:36 163465 10883
11:56:36 203071 14536
11:57:36 333097 15977
11:58:37 29383 5403
11:59:37 935881 55869
12:00:37 189271 14303
12:01:38 676528 35613
12:02:38 541226 48329
12:03:38 133302 10009
12:04:38 417772 17234
12:05:39 76845 6502
12:06:39 283142 18627
12:07:39 1066472 42441
12:08:39 430805 42864
12:09:40 37403 7113
12:10:40 640379 34491
12:11:41 316407 14120
12:12:41 348803 12798
12:13:41 779506 42244
12:14:42 136367 11060
12:15:42 51608 6805
12:16:43 21882 3414
12:17:43 182610 15323
12:18:44 963305 35838
12:19:44 538721 22808
12:20:45 149898 13721
12:21:45 106015 6825
12:22:45 71804 8339
12:23:45 101122 7896
12:24:46 249500 23378
12:25:46 78572 11706
12:26:46 204517 18202
12:27:46 723130 41573
12:28:47 322102 103676
12:29:47 48121 7558
12:30:47 719690 30194
12:31:48 3230 1439
12:32:48 301276 14600
12:33:48 21889 3817
12:34:48 90707 14990
12:35:48 151606 12785
12:36:49 74216 6745
12:37:49 143020 20094
12:38:49 106061 5629
12:39:50 37593 5238
12:40:50 48956 5564
12:41:50 36966 6580
12:42:50 222544 16535
12:43:50 31602 4468
12:44:51 183228 17513
12:45:51 68997 11208
12:46:52 66156 7809
12:47:52 32452 4357
12:48:51 6887 4123
12:49:52 194011 12759
12:50:53 51967 7290
12:51:53 50987 7542
12:52:53 124885 11037
12:53:53 19313 2625
12:54:54 118944 41195
12:55:54 25936 4312
12:56:54 167255 18348
12:57:55 84933 5145
12:58:55 1067463 39675
12:59:55 320146 38161
13:00:55 23380 7129
13:01:56 32004 9797
13:02:56 83225 7662
13:03:56 373834 15263
13:04:56 406310 22336
13:05:56 37252 5034
13:06:57 155327 166113
13:07:57 245851 12823
13:08:57 606587 29468
13:09:57 58507 18188
13:10:57 77973 12303
13:11:57 383614 33972
13:12:58 193227 137158
13:13:58 122141 12407
13:14:58 613795 86466
13:15:58 566417 24576
13:16:59 1000493 60169
13:17:59 899964 28153
13:18:59 246361 218451
13:19:59 937037 89282
13:20:59 67560 10066
13:22:00 597150 24160
13:23:00 305154 29312
13:24:01 442928 18033
13:25:01 197324 17549
13:26:01 759939 49360
13:27:01 165302 18496
13:28:02 536788 69891
13:29:02 106077 13112
13:30:02 401066 19528
13:31:02 565478 26456
13:32:03 8480 1608
13:33:03 1065902 56670
13:34:04 124274 6874
13:35:04 134920 9453
13:36:04 598127 23461
13:37:04 64654 5774
13:38:04 1050832 39948
13:39:05 2334 2603
13:40:05 468629 21235
13:41:05 229336 12345
13:42:06 97378 55505
13:43:06 312553 18392
13:44:07 512434 17711
13:45:07 82731 4943
13:46:07 37271 3331
13:47:08 372080 33867
13:48:09 189209 9322
13:49:09 344344 14601
13:50:09 56666 6178
13:51:10 302971 11693
13:52:10 216469 9819
13:53:10 183325 19759
13:54:10 943539 35114
13:55:11 77804 4935
13:56:11 1065264 30746
13:57:11 259154 13890
13:58:12 243856 19191
13:59:15 1066034 36634
14:00:12 504933 29241
14:01:12 54741 5497
14:02:12 119689 7664
14:03:13 247481 10502
14:04:13 146791 10428
14:05:13 278878 16587
14:06:13 175016 11661
14:07:14 767944 50676
14:08:14 141063 9790
14:09:15 187453 9958
14:10:15 155518 12667
14:11:15 286320 31591
14:12:15 234062 16514
14:13:16 365466 29086
14:14:16 624763 28526
14:15:16 139444 12237
14:16:17 832782 60639
14:17:17 40760 5602
14:18:17 76655 6116
14:19:17 91177 50583
14:20:18 40858 4169
14:21:18 559928 22275
14:22:18 13741 3794
14:23:18 921872 35339
14:24:19 54385 6726
14:25:20 40179 5799
14:26:20 129906 42452
14:27:21 619416 25527
14:28:21 150645 7883
14:29:21 254065 41694
14:30:21 273764 19404
14:31:21 45041 5544
14:32:22 22944 3169
14:33:22 460800 15940
14:34:23 471071 21488
14:35:23 41269 3467
14:36:23 823491 28678
14:37:24 49000 4842
14:38:24 832820 35343
14:39:25 770357 32298
14:40:25 271793 20132
14:41:26 128003 6910
14:42:26 36256 3466
14:43:27 404663 14930
14:44:27 1063391 41887
14:45:28 394170 14535
14:46:28 95341 7749
14:47:28 97190 12738
14:48:29 381524 30224
14:49:29 453977 16048
14:50:29 107547 18241
14:51:29 1065140 67033
14:52:30 115603 6397
14:53:30 399856 30755
14:54:31 260653 19417
14:55:31 154562 6123
14:56:31 156868 10494
14:57:31 37348 7908
14:58:32 798493 28243
14:59:32 97612 5161
15:00:32 143589 9110
15:01:32 189763 8026
15:02:33 812532 53004
15:03:33 114314 6655
15:04:33 8706 4265
15:05:33 629152 49019
15:06:33 75056 6345
15:07:34 98981 8514
15:08:34 260728 10637
15:09:34 600402 32376
15:10:34 722477 31892
15:11:34 229217 13410
15:12:35 594350 38832
15:13:35 502199 17646
15:14:35 20103 3034
15:15:35 36851 8242
15:16:36 304111 17042
15:17:36 419673 43421
15:18:36 1065087 43450
15:19:37 95587 9054
15:20:37 142329 9702
15:21:37 668097 32859
15:22:37 668440 65033
15:23:37 54565 2402
15:24:37 829209 36638
15:25:38 548369 42076
15:26:38 201918 5651
15:27:38 339557 16050
15:28:38 128355 10742
15:29:39 905744 32599
15:30:39 125052 10302
15:31:39 1003169 38456
15:32:40 126097 6580
15:33:40 267918 10740
15:34:40 221171 15253
15:35:40 59433 6246
15:36:41 283718 15634
15:37:41 13238 2128
15:38:41 377549 13059
15:39:41 579149 21039
15:40:41 124664 7441
15:41:42 881270 27832
15:42:42 322445 14228
15:43:42 355934 15159
15:45:04 189643 10953
15:45:43 64228 2102
15:46:43 48732 5548
15:47:43 359386 43289
15:48:43 366865 26831
15:49:44 1065534 44183
15:50:44 467585 19725
15:51:44 1032216 44634
15:52:45 895508 27326
15:53:45 903033 42017
15:54:45 197171 8696
15:55:45 470085 24436
15:56:45 586466 28749
15:57:46 45279 8122
15:58:46 180784 23806
15:59:46 771681 43545
16:00:46 482085 18588
16:01:46 444153 29229
16:02:47 975567 38066
16:03:47 1060589 41771
16:04:47 953895 42408
16:05:47 190020 11969
16:06:48 209821 15468
16:07:48 278949 24501
16:08:48 824584 38942
16:09:51 1033157 60053
16:10:48 316613 27875
16:11:49 158694 15883
16:12:49 254088 18402
16:13:49 142753 15508
16:14:50 252862 24871
16:15:50 450771 23098
16:16:50 317472 23327
16:17:50 328286 21421
16:18:50 497074 26330
16:19:51 724494 26864
16:20:51 388244 17382
16:21:51 218310 15018
16:22:51 536022 37605
16:23:51 444345 23716
16:24:52 385676 22305
16:25:52 881734 36729
16:26:52 297893 15188
16:27:52 513901 31547
16:28:52 466082 22708
16:29:53 598255 40576
16:30:53 1065121 42769
16:31:53 528663 33669
16:32:54 138610 36241
16:33:55 569056 29259
16:34:55 570216 33274
16:35:55 128189 10742
16:36:55 360343 20357
16:37:55 1072281 49479
16:38:56 121173 16917
16:39:56 799645 34084
16:40:56 134762 17447
16:41:56 169579 18501
16:42:57 384095 26829
16:43:57 57399 8106
16:44:57 210396 20968
16:45:57 260726 21409
16:46:58 73011 14276
16:47:58 471860 24329
16:48:58 135309 19283
16:49:58 208593 16532
16:50:58 164158 16445
16:51:58 570531 33426
16:52:59 487011 20294
16:53:59 213935 25134
16:54:59 232226 19777
16:56:00 1074132 57221
16:57:00 42931 4855
16:58:00 186107 11328
16:59:00 321670 28987
17:00:01 176631 20783
17:01:01 48668 13684
17:02:01 129116 12959
17:03:02 441957 38778
17:04:02 288611 22615
17:05:02 33514 5260
17:06:03 68826 11217
17:07:03 237743 26210
17:08:03 696046 39864
17:09:03 86947 11761
17:10:03 132564 19190
17:11:04 342735 20349
17:12:04 347131 18527
17:13:04 305318 20002
17:14:04 300415 25744
17:15:05 517248 37893
17:16:05 108635 11596
17:17:06 646225 38398
17:18:05 271201 18976
17:19:05 449762 29774
17:20:06 1065985 48605
17:21:06 190669 22370
17:22:06 233068 15945
17:23:07 795258 56852
17:24:08 816484 32887
17:25:08 140326 17403
17:26:08 80707 14194
17:27:09 399658 21299
17:28:10 641375 33112
17:29:09 707439 37329
17:30:10 72111 7314
17:31:10 48603 7231
17:32:10 203557 17508
17:33:11 247273 14232
17:34:11 53251 5573
17:35:11 105986 9239
17:36:11 44502 9560
17:37:12 76561 12606
17:38:12 325843 32680
17:39:12 42173 8074
17:40:13 163415 15811
17:41:13 24191 14917
17:42:13 475776 41151
17:43:14 451863 28491
17:44:15 225069 26433
17:45:15 768082 81730
17:46:15 192742 31926
17:47:15 348424 18830
17:48:16 344300 29198
17:49:19 85035 20199
17:50:18 411817 51025
17:51:17 324102 19218
17:52:17 1068121 44076
17:53:17 540522 22443
17:54:17 186895 12200
17:55:17 33444 7258
17:56:18 635613 24385
17:57:18 363460 31809
17:58:18 442387 33107
17:59:19 44693 16238
18:00:19 32501 9801
18:01:19 46500 9104
18:02:19 257520 66685
18:03:19 47281 13630
18:04:20 1067019 37936
18:05:20 93550 10549
18:06:20 78306 9786
18:07:20 208943 15699
18:08:21 90935 12579
18:09:21 631035 26588
18:10:21 721308 28109
18:11:21 103515 13628
18:12:22 97640 13825
18:13:22 149976 9226
18:14:22 16856 6889
18:15:23 165847 11691
18:16:23 120857 17689
18:17:23 478807 22996
18:18:23 158466 22040
18:19:24 170298 16246
18:20:24 269643 25320
18:21:24 28947 9896
18:22:24 103924 14045
18:23:25 866688 36400
18:24:25 163701 13242
18:25:25 902144 41122
18:26:25 210623 13258
18:27:26 851946 40616
18:28:26 64154 14973
18:29:27 157171 11039
18:30:27 1006186 49858
18:31:27 59074 10006
18:32:28 125342 7152
18:33:28 1066931 44738
18:34:29 43605 7603
18:35:29 324173 20447
18:36:29 223635 12023
18:37:30 17994 4371
18:38:30 52704 8198
18:39:30 150896 16410
18:40:31 59258 9126
18:41:31 289087 18026
18:42:31 48495 3971
18:43:31 83176 9288
18:44:31 73909 21312
18:45:32 244086 14901
18:46:32 49893 7133
18:47:32 52742 6035
18:48:32 83870 6887
18:49:33 32022 4507
18:50:33 1064825 78271
18:51:33 20346 2279
18:52:33 211681 10531
18:53:34 47546 4103
18:54:35 791443 42907
18:55:35 243844 16687
18:56:35 670921 38276
18:57:35 67790 5227
18:58:36 26407 7231
18:59:36 70749 6972
19:00:36 292898 16553
19:01:36 34471 7770
19:02:36 175323 13341
19:03:37 16719 6697
19:04:37 67766 9695
19:05:37 702967 27968
19:06:37 79352 7354
19:07:38 341124 10706
19:08:38 24179 6302
19:09:38 65885 15990
19:10:38 80000 16454
19:11:38 5891 3055
19:12:39 268464 12917
19:13:39 5613 2228
19:14:39 26837 6821
19:15:39 227827 14776
19:16:40 106447 11691
19:17:40 27801 4337
19:18:40 964020 33107
19:19:40 62550 10223
19:20:40 118230 8551
19:21:41 147262 9557
19:22:41 62773 7227
19:23:41 359887 18885
19:24:41 200118 8699
19:25:42 106485 6520
19:26:42 451479 28059
19:27:42 39451 11365
19:28:43 91547 8541
19:29:42 427720 24956
19:30:43 229759 16043
19:31:43 65910 8317
19:32:43 451791 39877
19:33:44 60290 5716
19:34:44 17001 8694
19:35:44 920149 45893
19:36:44 544649 20809
19:37:45 307995 31691
19:38:45 52294 5180
19:39:45 60288 9498
19:40:45 378101 23066
19:41:45 553600 24771
19:42:46 38351 5248
19:43:46 44496 13340
19:44:46 451052 19767
19:45:46 434282 20675
19:46:46 153615 21530
19:47:47 13285 4703
19:48:47 104653 8208
19:49:47 693517 107348
19:50:47 36612 5144
19:51:48 19744 5543
19:52:48 153785 19778
19:53:48 57437 3803
19:54:48 309789 22055
19:55:48 228758 10534
19:56:48 146598 16304
19:57:49 67906 7325
19:58:49 418198 30825
19:59:49 50446 7858
20:00:50 56609 9407
20:01:50 45755 7038
20:02:50 50019 6640
20:03:50 30682 2751
20:04:50 114275 8193
20:05:50 131078 59969
20:06:51 32266 9526
20:07:51 556503 55203
20:08:51 136406 12231
20:09:51 103778 17665
20:10:51 166167 12922
20:11:52 106116 10296
20:12:52 211315 15469
20:13:52 66657 9654
20:14:52 397385 22060
20:15:53 208795 15043
20:16:53 140481 19401
20:17:53 87152 11198
20:18:53 233086 19775
20:19:54 34105 5728
20:20:54 185622 10269
20:21:54 484378 33781
20:22:54 105648 10318
20:23:54 180666 14615
20:24:55 118356 14016
20:25:55 259710 33929
20:26:55 487488 44401
20:27:56 1019109 26619
20:28:58 67979 7086
20:29:56 480212 29718
20:30:59 70358 5735
20:31:56 205712 18676
20:32:56 81602 10457
20:33:57 57226 20250
20:34:57 69453 13211
20:35:57 66389 12264
20:36:57 242677 21982
20:37:58 88697 8473
20:38:58 108625 16648
20:39:58 620695 32920
20:40:58 342371 27017
20:41:58 184701 10081
20:42:59 1018196 52091
20:43:59 318112 23225
20:45:02 249652 20530
20:45:59 205881 15182
20:47:00 139776 11951
20:48:00 83020 4796
20:49:00 35741 2535
20:50:00 192327 17638
20:51:00 414306 20520
20:52:00 154636 13378
20:53:01 261940 18657
20:54:01 467202 23776
20:55:01 322754 16200
20:56:01 105666 11203
20:57:01 148690 10141
20:58:02 263412 3724
20:59:02 30477 12397
21:00:02 42924 5262
21:01:02 55273 8075
21:02:03 30457 7588
21:03:03 872409 45990
21:04:03 85243 9557
21:05:03 37080 4275
21:06:03 134140 9762
21:07:04 39397 4252
21:08:04 80549 13010
21:09:04 22768 5116
21:10:04 86940 10464
21:11:04 120521 8168
21:12:05 102598 9653
21:13:05 640608 35186
21:14:05 84716 10114
21:15:05 58964 5004
21:16:05 206936 9356
21:17:06 503616 32250
21:18:06 184212 12648
21:19:06 392220 29692
21:20:07 367783 20684
21:21:07 222520 11386
21:22:07 81133 96481
21:23:07 39306 2881
21:24:07 59938 6510
21:25:08 591824 35209
21:26:08 32182 4947
21:27:08 883762 43740
21:28:08 168048 15799
21:29:09 174212 9933
21:30:09 43808 6183
21:31:09 1036377 47629
21:32:09 223783 20148
21:33:09 130098 14342
21:34:10 31321 10165
21:35:10 52273 15569
21:36:10 923535 46782
21:37:10 75049 14419
21:38:11 73003 10443
21:39:11 25082 7909
21:40:11 94178 11804
21:41:11 628858 26436
21:42:11 336502 16571
21:43:12 43234 12505
21:44:12 1866 2064
21:45:12 152873 39749
21:46:12 217650 14673
21:47:13 371951 35128
21:48:13 932198 34077
21:49:13 529830 26703
21:50:13 266189 14056
21:51:14 142152 13516
21:52:14 849498 29357
21:53:14 80970 13373
21:54:14 126497 17044
21:55:15 151812 9003
21:56:15 64332 8081
21:57:15 1064972 52484
21:58:15 618139 32065
21:59:16 363991 20594
22:00:16 1036859 38973
22:01:16 783975 30145
22:02:16 113545 21156
22:03:17 147337 10310
22:04:17 233768 10364
22:05:17 182993 11976
22:06:17 594384 50262
22:07:18 511915 36876
22:08:18 95070 7993
22:09:18 18488 11155
22:10:18 246445 28156
22:11:18 50248 4908
22:12:19 124550 8704
22:13:19 213041 16545
22:14:19 250036 11341
22:15:20 272883 21497
22:16:20 1064438 36658
22:17:20 536002 24689
22:18:20 402556 17511
22:19:21 242515 21148
22:20:21 138343 11223
22:21:21 1065372 41011
22:22:21 76191 8594
22:23:22 695172 30974
22:24:22 52705 6776
22:25:22 406861 23028
22:26:22 138721 12155
22:27:22 83651 11964
22:28:23 177576 15901
22:29:23 146821 15491
22:30:23 445355 20650
22:31:23 563414 27607
22:32:24 166589 11094
22:33:24 83616 6175
22:34:24 354481 21420
22:35:24 104080 11153
22:36:25 659954 20410
22:37:25 469442 22935
22:38:25 499761 25297
22:39:26 300726 29648
22:40:26 1045869 55243
22:41:26 53968 4401
22:42:27 73323 3850
22:43:27 54019 13389
22:44:27 76176 14813
22:45:27 65446 8494
22:46:27 25453 10117
22:47:28 132632 12522
22:48:28 623834 27069
22:49:28 1045418 32237
22:50:28 62700 33224
22:51:29 231331 11252
22:52:29 105202 67142
22:53:29 605714 29641
22:54:29 32826 11934
22:55:30 294037 27622
22:56:30 115211 9779
22:57:30 25137 5723
22:58:31 173280 15877
22:59:31 20841 3854
23:00:31 266534 17228
23:01:31 21776 8039
23:02:32 131327 8825
23:03:32 99046 6126
23:04:32 815831 26318
23:05:32 189346 16062
23:06:33 31391 3941
23:07:33 11812 1061
23:08:33 16100 8484
23:09:33 198463 16467
23:10:34 91460 16678
23:11:34 151636 12039
23:12:34 41574 3797
23:13:34 160166 17142
23:14:35 80844 11210
23:15:35 144840 13366
23:16:35 164562 18470
23:17:35 169375 21562
23:18:36 10113 1850
23:19:36 206976 19108
23:20:36 40180 12198
23:21:37 199475 7766
23:22:37 73625 13896
23:23:37 28238 5951
23:24:37 75715 10086
23:25:38 123891 5712
23:26:38 40251 10872
23:27:38 132726 14121
23:28:38 741041 27147
23:29:39 42085 11408
23:30:39 104241 10222
23:31:39 125952 8621
23:32:39 482779 26814
23:33:40 3733 1336
23:34:40 69750 12098
23:35:40 42237 3351
23:36:41 819855 49668
23:37:41 41523 7365
23:38:41 590 982
23:39:41 248389 20949
23:40:42 236350 24012
23:41:42 68447 9098
23:42:42 143454 16017
23:43:43 701040 23585
23:44:43 171371 19927
23:45:43 83736 7173
23:46:44 45310 6746
23:47:44 390695 31115
23:48:45 80014 4424
23:49:46 151339 11959
23:50:46 7933 8001
23:51:47 74270 9810
23:52:47 75304 6647
23:53:47 87290 8641
23:54:48 28103 3406
23:55:51 52930 2644
23:56:49 173348 8530
23:57:50 7230 3048
23:58:50 608712 44066
23:59:50 144185 22084
