00:00:16 4 0 45
00:00:39 4 0 42
00:01:23 4 0 41
00:02:07 4 0 44
00:02:34 4 0 41
00:02:52 4 0 39
00:03:24 4 0 40
00:03:41 4 0 41
00:04:18 4 0 42
00:04:48 4 0 43
00:05:18 4 0 42
00:05:57 4 0 42
00:06:20 4 0 43
00:06:50 4 0 40
00:07:28 4 0 53
00:07:52 4 0 42
00:08:22 4 0 41
02:00:06 4 0 40
02:00:35 4 0 42
02:01:05 4 0 41
02:01:35 4 0 41
02:02:05 4 0 43
02:02:36 4 0 42
02:03:06 4 0 40
02:03:36 4 0 42
02:04:06 4 0 41
02:04:36 4 0 34
02:05:07 4 0 41
02:05:37 4 0 54
02:06:07 4 0 43
02:06:37 4 0 43
02:07:07 4 0 43
02:07:38 4 0 42
02:08:08 4 0 41
02:08:38 4 0 43
02:09:08 4 0 41
02:09:39 4 0 41
02:10:09 4 0 41
02:10:39 4 0 42
02:11:09 4 0 42
02:11:39 4 0 43
02:12:09 4 0 43
02:12:40 4 0 42
02:13:10 4 0 43
02:13:40 4 0 42
02:14:10 4 0 42
02:14:41 4 0 43
02:15:11 4 0 42
02:15:41 4 0 42
02:16:11 4 0 41
02:16:41 4 0 41
02:17:11 4 0 40
02:17:42 4 0 43
02:18:12 4 0 42
02:18:42 4 0 41
02:19:13 4 0 41
02:19:43 4 0 41
02:20:13 4 0 43
02:20:43 4 0 40
02:21:13 4 0 40
02:21:44 4 0 43
02:22:14 4 0 42
02:22:44 4 0 41
02:23:14 4 0 41
02:23:44 4 0 41
02:24:15 4 0 43
02:24:45 4 0 43
02:25:15 4 0 41
02:25:45 4 0 42
02:26:15 4 0 41
02:26:46 4 0 43
02:27:16 4 0 43
02:27:46 4 0 41
02:28:16 4 0 41
02:28:47 4 0 43
02:29:17 4 0 43
02:29:47 4 0 43
02:30:17 4 0 41
02:30:47 4 0 42
02:31:18 4 0 41
02:31:48 4 0 43
02:32:18 4 0 41
02:32:48 4 0 40
02:33:18 4 0 42
02:33:49 4 0 43
02:34:19 4 0 43
02:34:49 4 0 42
02:35:19 4 0 41
02:35:49 4 0 42
02:36:20 4 0 43
02:36:50 4 0 41
02:37:20 4 0 41
02:37:50 4 0 42
02:38:20 4 0 43
02:38:51 4 0 41
02:39:22 3 1 42
02:39:51 4 0 42
02:40:21 4 0 40
02:40:51 4 0 42
02:41:22 4 0 42
02:41:52 4 0 40
02:42:22 4 0 42
02:42:52 4 0 41
02:43:22 4 0 42
02:43:53 4 0 40
02:44:23 4 0 42
02:44:53 4 0 42
02:45:23 4 0 41
02:45:53 4 0 41
02:46:23 4 0 40
02:46:54 4 0 42
02:47:24 4 0 42
02:47:54 4 0 41
02:48:24 4 0 62
02:48:55 4 0 41
02:49:25 4 0 41
02:49:55 4 0 43
02:50:25 4 0 41
02:50:55 4 0 42
02:51:25 4 0 42
02:51:56 4 0 43
02:52:26 4 0 41
02:52:56 4 0 40
02:53:26 4 0 42
02:53:57 4 0 43
02:54:27 4 0 43
02:54:57 4 0 41
02:55:27 4 0 39
02:55:57 4 0 43
02:56:28 4 0 43
02:56:58 4 0 42
02:57:28 4 0 42
02:57:58 4 0 42
02:58:28 4 0 40
02:58:59 4 0 42
02:59:29 4 0 43
02:59:59 4 0 41
03:00:29 4 0 41
03:01:00 3 1 41
03:01:29 4 0 41
03:02:00 4 0 42
03:02:30 4 0 41
03:03:00 4 0 43
03:03:30 4 0 43
03:04:01 4 0 40
03:04:31 4 0 40
03:05:01 4 0 41
03:05:31 4 0 41
03:06:02 4 0 43
03:06:32 4 0 43
03:07:02 4 0 42
03:07:32 4 0 42
03:08:03 4 0 43
03:08:34 4 0 42
03:09:04 4 0 43
03:09:34 4 0 43
03:10:04 4 0 41
03:10:34 4 0 42
03:11:05 4 0 43
03:11:35 4 0 41
03:12:05 4 0 42
03:12:35 4 0 42
03:13:05 4 0 43
03:13:35 4 0 42
03:14:06 4 0 43
03:14:36 4 0 41
03:15:06 4 0 41
03:15:36 4 0 41
03:16:06 4 0 42
03:16:36 4 0 42
03:17:07 4 0 40
03:17:37 4 0 42
03:18:07 4 0 44
03:18:37 4 0 43
03:19:07 4 0 42
03:19:37 4 0 43
03:20:08 4 0 43
03:20:38 4 0 41
03:21:08 4 0 43
03:21:38 4 0 42
03:22:08 4 0 40
03:22:38 4 0 43
03:23:09 4 0 43
03:23:39 4 0 43
03:24:09 4 0 40
03:24:39 4 0 42
03:25:09 4 0 43
03:25:39 4 0 41
03:26:10 4 0 42
03:26:40 4 0 42
03:27:10 4 0 43
03:27:40 4 0 41
03:28:10 4 0 42
03:28:40 4 0 42
03:29:11 4 0 43
03:29:41 4 0 41
03:30:11 4 0 43
03:30:41 4 0 40
03:31:11 4 0 42
03:31:41 4 0 42
03:32:12 4 0 43
03:32:42 4 0 43
03:33:12 4 0 41
03:33:42 4 0 41
03:34:12 4 0 41
03:34:42 4 0 41
03:35:13 4 0 41
03:35:43 4 0 43
03:36:13 4 0 42
03:36:43 4 0 42
03:37:13 4 0 41
03:37:43 4 0 43
03:38:14 4 0 40
03:38:44 4 0 42
03:39:14 4 0 43
03:39:44 4 0 43
03:40:14 4 0 42
03:40:45 4 0 41
03:41:15 4 0 43
03:41:45 4 0 43
03:42:15 4 0 41
03:42:45 4 0 42
03:43:16 4 0 41
03:43:46 4 0 41
03:44:16 4 0 41
03:44:46 4 0 42
03:45:16 4 0 41
03:45:46 4 0 42
03:46:17 4 0 40
03:46:47 4 0 43
03:47:17 4 0 41
03:47:47 4 0 40
03:48:17 4 0 41
03:48:47 4 0 40
03:49:18 4 0 41
03:49:48 4 0 42
03:50:18 4 0 42
03:50:48 4 0 42
03:51:18 4 0 41
03:51:48 4 0 43
03:52:19 4 0 43
03:52:49 4 0 43
03:53:19 4 0 41
03:53:49 4 0 40
03:54:19 4 0 42
03:54:49 4 0 42
03:55:20 4 0 43
03:55:50 4 0 43
03:56:20 4 0 41
03:56:50 4 0 43
03:57:20 4 0 43
03:57:50 4 0 41
03:58:21 4 0 41
03:58:51 4 0 42
03:59:21 4 0 43
03:59:51 4 0 42
04:00:21 4 0 43
04:00:51 4 0 41
04:01:22 4 0 44
04:01:52 4 0 43
04:02:22 4 0 42
04:02:52 4 0 41
04:03:22 4 0 40
04:03:52 4 0 41
04:04:23 4 0 41
04:04:53 4 0 43
04:05:23 4 0 40
04:05:53 4 0 42
04:06:23 4 0 43
04:06:53 4 0 40
04:07:24 4 0 41
04:07:54 4 0 41
04:08:24 4 0 43
04:08:54 4 0 42
04:09:24 4 0 42
04:09:54 4 0 41
04:10:25 4 0 43
04:10:55 4 0 42
04:11:25 4 0 43
04:11:55 4 0 43
04:12:25 4 0 41
04:12:55 4 0 43
04:13:26 4 0 43
04:13:56 4 0 41
04:14:26 4 0 42
04:14:56 4 0 43
04:15:26 4 0 43
04:15:56 4 0 40
04:16:27 4 0 41
04:16:58 3 1 40
04:17:27 4 0 41
04:17:57 4 0 42
04:18:27 4 0 43
04:18:57 4 0 42
04:19:28 4 0 40
04:19:58 4 0 43
04:20:28 4 0 40
04:20:58 4 0 41
04:21:28 4 0 43
04:21:58 4 0 42
04:22:29 4 0 41
04:22:59 4 0 42
04:23:29 4 0 56
04:23:59 4 0 42
04:24:29 4 0 43
04:24:59 4 0 42
04:25:30 4 0 41
04:26:00 4 0 41
04:26:30 4 0 41
04:27:00 4 0 41
04:27:30 4 0 43
04:28:00 4 0 41
04:28:31 4 0 42
04:29:01 4 0 40
04:29:31 4 0 42
04:30:01 4 0 40
04:30:32 4 0 41
04:31:02 4 0 42
04:31:32 4 0 41
04:32:02 4 0 40
04:32:32 4 0 42
04:33:02 4 0 43
04:33:33 4 0 42
04:34:03 4 0 42
04:34:33 4 0 43
04:35:03 4 0 41
04:35:33 4 0 42
04:36:03 4 0 44
04:36:34 4 0 40
04:37:04 4 0 43
04:37:34 4 0 42
04:38:04 4 0 41
04:38:34 4 0 42
04:39:04 4 0 43
04:39:35 4 0 43
04:40:05 4 0 42
04:40:35 4 0 41
04:41:05 4 0 41
04:41:35 4 0 43
04:42:06 4 0 43
04:42:36 4 0 41
04:43:06 4 0 41
04:43:36 4 0 43
04:44:06 4 0 40
04:44:37 4 0 43
04:45:07 4 0 41
04:45:37 4 0 41
04:46:07 4 0 42
04:46:37 4 0 43
04:47:07 4 0 43
04:47:38 4 0 40
04:48:08 4 0 40
04:48:38 4 0 41
04:49:08 4 0 41
04:49:38 4 0 42
04:50:08 4 0 43
04:50:39 4 0 42
04:51:09 4 0 41
04:51:39 4 0 41
04:52:09 4 0 42
04:52:39 4 0 42
04:53:09 4 0 41
04:53:40 4 0 42
04:54:10 4 0 42
04:54:40 4 0 41
04:55:11 3 1 71
04:55:40 4 0 71
04:56:10 4 0 43
04:56:41 4 0 41
04:57:11 4 0 42
04:57:41 4 0 43
04:58:11 4 0 41
04:58:41 4 0 40
04:59:11 4 0 41
04:59:42 4 0 43
05:00:12 4 0 43
05:00:42 4 0 41
05:01:12 4 0 43
05:01:42 4 0 41
05:02:12 4 0 40
05:02:43 4 0 41
05:03:13 4 0 41
05:03:43 4 0 42
05:04:13 4 0 67
05:04:43 4 0 43
05:05:13 4 0 43
05:05:44 4 0 41
05:06:14 4 0 43
05:06:44 4 0 43
05:07:14 4 0 43
05:07:44 4 0 40
05:08:14 4 0 42
05:08:45 4 0 41
05:09:15 4 0 51
05:09:45 4 0 43
05:10:15 4 0 43
05:10:45 4 0 41
05:11:15 4 0 40
05:11:46 4 0 42
05:12:16 4 0 42
05:12:46 4 0 41
05:13:16 4 0 42
05:13:46 4 0 44
05:14:16 4 0 41
05:14:47 4 0 42
05:15:17 4 0 42
05:15:47 4 0 42
05:16:17 4 0 43
05:16:48 4 0 41
05:17:18 4 0 66
05:17:48 4 0 41
05:18:18 4 0 41
05:18:48 4 0 43
05:19:18 4 0 43
05:19:49 4 0 41
05:20:19 4 0 42
05:20:49 4 0 42
05:21:20 3 1 43
05:21:49 4 0 40
05:22:19 4 0 43
05:22:50 4 0 41
05:23:20 4 0 41
05:23:50 4 0 40
05:24:20 4 0 41
05:24:50 4 0 41
05:25:20 4 0 42
05:25:51 4 0 43
05:26:21 4 0 42
05:26:51 4 0 65
05:27:21 4 0 69
05:27:51 4 0 40
05:28:22 4 0 41
05:28:52 4 0 43
05:29:22 4 0 42
05:29:52 4 0 40
05:30:22 4 0 42
05:30:53 4 0 43
05:31:23 4 0 43
05:31:53 4 0 42
05:32:23 4 0 43
05:32:53 4 0 43
05:33:23 4 0 41
05:33:54 4 0 43
05:34:24 4 0 41
05:34:54 4 0 42
05:35:24 4 0 43
05:35:54 4 0 42
05:36:24 4 0 42
05:36:54 4 0 44
05:37:24 4 0 40
05:37:55 4 0 43
05:38:25 4 0 42
05:38:55 4 0 41
05:39:25 4 0 41
05:39:55 4 0 41
05:40:26 4 0 43
05:40:56 4 0 42
05:41:26 4 0 41
05:41:57 3 1 43
05:42:26 4 0 40
05:42:57 4 0 43
05:43:27 4 0 41
05:43:57 4 0 42
05:44:27 4 0 42
05:44:57 4 0 43
05:45:27 4 0 43
05:45:58 4 0 42
05:46:28 4 0 41
05:46:58 4 0 43
05:47:28 4 0 43
05:47:58 4 0 40
05:48:28 4 0 41
05:48:59 4 0 43
05:49:29 4 0 43
05:49:59 4 0 40
05:50:29 4 0 43
05:50:59 4 0 41
05:51:29 4 0 42
05:52:00 4 0 42
05:52:30 4 0 42
05:53:00 4 0 40
05:53:30 4 0 41
05:54:00 4 0 42
05:54:30 4 0 41
05:55:01 4 0 42
05:55:31 4 0 41
05:56:01 4 0 42
05:56:31 4 0 42
05:57:01 4 0 41
05:57:31 4 0 41
05:58:02 4 0 43
05:58:32 4 0 43
05:59:02 4 0 40
05:59:32 4 0 43
06:00:03 4 0 41
06:00:33 4 0 41
06:01:03 4 0 43
06:01:33 4 0 40
06:02:03 4 0 42
06:02:34 4 0 41
06:03:04 4 0 41
06:03:34 4 0 43
06:04:04 4 0 73
06:04:34 4 0 41
06:05:05 4 0 43
06:05:35 4 0 42
06:06:05 4 0 42
06:06:35 4 0 40
06:07:05 4 0 43
06:07:35 4 0 41
06:08:06 4 0 43
06:08:36 4 0 43
06:09:06 4 0 42
06:09:36 4 0 41
06:10:07 4 0 42
06:10:37 4 0 40
06:11:07 4 0 40
06:11:37 4 0 41
06:12:07 4 0 43
06:12:37 4 0 41
06:13:08 4 0 43
06:13:38 4 0 42
06:14:08 4 0 42
06:14:38 4 0 43
06:15:08 4 0 41
06:15:38 4 0 41
06:16:09 4 0 40
06:16:39 4 0 40
06:17:09 4 0 43
06:17:39 4 0 42
06:18:09 4 0 41
06:18:39 4 0 67
06:19:10 4 0 42
06:19:40 4 0 40
06:20:10 4 0 40
06:20:40 4 0 41
06:21:10 4 0 42
06:21:40 4 0 43
06:22:11 4 0 41
06:22:41 4 0 42
06:23:11 4 0 43
06:23:41 4 0 43
06:24:11 4 0 42
06:24:41 4 0 43
06:25:12 4 0 40
06:25:42 4 0 40
06:26:12 4 0 41
06:26:42 4 0 42
06:27:12 4 0 43
06:27:43 4 0 41
06:28:13 4 0 41
06:28:43 4 0 41
06:29:13 4 0 43
06:29:43 4 0 43
06:30:13 4 0 40
06:30:44 4 0 41
06:31:14 4 0 43
06:31:44 4 0 43
06:32:14 4 0 40
06:32:44 4 0 43
06:33:15 4 0 40
06:33:45 4 0 41
06:34:15 4 0 42
06:34:45 4 0 40
06:35:15 4 0 41
06:35:45 4 0 41
06:36:16 4 0 42
06:36:46 4 0 41
06:37:16 4 0 43
06:37:46 4 0 43
06:38:16 4 0 43
06:38:46 4 0 41
06:39:17 4 0 42
06:39:47 4 0 40
06:40:17 4 0 43
06:40:47 4 0 40
06:41:17 4 0 43
06:41:47 4 0 41
06:42:18 4 0 41
06:42:48 4 0 43
06:43:18 4 0 43
06:43:48 4 0 43
06:44:18 4 0 41
06:44:48 4 0 41
06:45:19 4 0 42
06:45:49 4 0 43
06:46:19 4 0 42
06:46:49 4 0 42
06:47:19 4 0 42
06:47:49 4 0 42
06:48:20 4 0 40
06:48:50 4 0 42
06:49:20 4 0 41
06:49:50 4 0 43
06:50:20 4 0 42
06:50:50 4 0 42
06:51:21 4 0 40
06:51:51 4 0 42
06:52:21 4 0 40
06:52:51 4 0 69
06:53:21 4 0 41
06:53:51 4 0 42
06:54:22 4 0 42
06:54:52 4 0 43
06:55:22 4 0 43
06:55:52 4 0 42
06:56:22 4 0 43
06:56:52 4 0 41
06:57:23 4 0 43
06:57:53 4 0 40
06:58:23 4 0 41
06:58:53 4 0 41
06:59:23 4 0 42
06:59:53 4 0 42
07:00:24 4 0 41
07:00:54 4 0 41
07:01:24 4 0 42
07:01:54 4 0 41
07:02:24 4 0 42
07:02:54 4 0 43
07:03:25 4 0 42
07:03:55 4 0 42
07:04:25 4 0 41
07:04:55 4 0 41
07:05:25 4 0 41
07:05:55 4 0 42
07:06:26 4 0 41
07:06:56 4 0 43
07:07:26 4 0 41
07:07:56 4 0 41
07:08:27 3 1 43
07:08:56 4 0 42
07:09:27 4 0 42
07:09:57 4 0 42
07:10:27 4 0 43
07:10:57 4 0 41
07:11:27 4 0 40
07:11:57 4 0 39
07:12:28 4 0 43
07:12:58 4 0 43
07:13:28 4 0 40
07:13:58 4 0 41
07:14:28 4 0 41
07:14:58 4 0 41
07:15:29 4 0 42
07:15:59 4 0 43
07:16:29 4 0 40
07:16:59 4 0 40
07:17:29 4 0 42
07:17:59 4 0 43
07:18:30 4 0 40
07:19:00 4 0 43
07:19:30 4 0 43
07:20:00 4 0 42
07:20:30 4 0 42
07:21:00 4 0 43
07:21:31 4 0 43
07:22:01 4 0 42
07:22:31 4 0 42
07:23:01 4 0 40
07:23:31 4 0 41
07:24:01 4 0 41
07:24:32 4 0 43
07:25:02 4 0 42
07:25:32 4 0 41
07:26:02 4 0 43
07:26:33 4 0 43
07:27:03 4 0 43
07:27:34 4 0 40
07:28:04 4 0 42
07:28:34 4 0 43
07:29:04 4 0 43
07:29:34 4 0 39
07:30:04 4 0 42
07:30:35 4 0 43
07:31:05 4 0 44
07:31:35 4 0 43
07:32:05 4 0 44
07:32:36 4 0 41
07:33:06 4 0 44
07:33:36 4 0 43
07:34:06 4 0 42
07:34:36 4 0 39
07:35:07 4 0 38
07:35:37 4 0 42
07:36:08 4 0 44
07:36:38 4 0 42
07:37:08 4 0 40
07:37:38 4 0 43
07:38:09 4 0 41
07:38:39 4 0 63
07:39:09 4 0 42
07:39:39 4 0 45
07:40:09 4 0 42
07:40:39 4 0 42
07:41:10 4 0 43
07:41:40 4 0 40
07:42:10 4 0 54
07:42:40 4 0 42
07:43:10 4 0 41
07:43:40 4 0 43
07:44:10 4 0 43
07:44:41 4 0 42
07:45:11 4 0 41
07:45:41 4 0 41
07:46:11 4 0 42
07:46:41 4 0 39
07:47:11 4 0 42
07:47:41 4 0 41
07:48:12 4 0 42
07:48:42 4 0 41
07:49:12 4 0 42
07:49:42 4 0 41
07:50:12 4 0 42
07:50:42 4 0 41
07:51:13 4 0 71
07:51:43 4 0 42
07:52:13 4 0 42
07:52:43 4 0 71
07:53:13 4 0 40
07:53:43 4 0 42
07:54:14 4 0 42
07:54:44 4 0 42
07:55:14 4 0 43
07:55:44 4 0 41
07:56:14 4 0 43
07:56:44 4 0 43
07:57:15 4 0 41
07:57:45 4 0 41
07:58:15 4 0 42
07:58:45 4 0 42
07:59:15 4 0 40
07:59:45 4 0 42
08:00:15 4 0 40
08:00:46 4 0 39
08:01:16 4 0 40
08:01:46 4 0 39
08:02:16 4 0 38
08:02:46 4 0 42
08:03:16 4 0 41
08:03:47 4 0 42
08:04:17 4 0 43
08:04:47 4 0 41
08:05:17 4 0 43
08:05:47 4 0 40
08:06:17 4 0 43
08:06:47 4 0 43
08:07:18 4 0 40
08:07:48 4 0 43
08:08:18 4 0 41
08:08:48 4 0 42
08:09:18 4 0 41
08:09:48 4 0 39
08:10:18 4 0 43
08:10:49 4 0 42
08:11:19 4 0 42
08:11:49 4 0 42
08:12:19 4 0 41
08:12:49 4 0 42
08:13:19 4 0 42
08:13:50 4 0 42
08:14:20 4 0 42
08:14:50 4 0 40
08:15:20 4 0 43
08:15:50 4 0 39
08:16:20 4 0 42
08:16:50 4 0 42
08:17:21 4 0 41
08:17:51 4 0 41
08:18:21 4 0 40
08:18:51 4 0 41
08:19:22 3 1 42
08:19:51 4 0 40
08:20:22 4 0 42
08:20:52 4 0 43
08:21:22 4 0 41
08:21:52 4 0 41
08:22:23 4 0 40
08:22:53 4 0 42
08:23:23 4 0 43
08:23:53 4 0 40
08:24:24 4 0 42
08:24:54 4 0 41
08:25:24 4 0 43
08:25:54 4 0 42
08:26:24 4 0 43
08:26:54 4 0 63
08:27:25 4 0 40
08:27:57 2 2 43
08:28:25 4 0 40
08:28:56 3 1 43
08:29:25 4 0 42
08:29:55 4 0 41
08:30:26 4 0 40
08:30:56 4 0 44
08:31:26 4 0 43
08:31:56 4 0 41
08:32:26 4 0 43
08:32:56 4 0 41
08:33:27 4 0 43
08:33:57 4 0 40
08:34:27 4 0 43
08:34:57 4 0 40
08:35:27 4 0 43
08:35:57 4 0 43
08:36:27 4 0 40
08:36:58 4 0 46
08:37:28 4 0 39
08:37:58 4 0 43
08:38:28 4 0 43
08:38:58 4 0 43
08:39:28 4 0 42
08:39:58 4 0 43
08:40:29 4 0 42
08:41:00 3 1 43
08:41:29 4 0 41
08:41:59 4 0 39
08:42:30 4 0 43
08:43:00 4 0 43
08:43:31 4 0 41
08:44:01 4 0 43
08:44:31 4 0 40
08:45:01 4 0 42
08:45:32 4 0 41
08:46:02 4 0 42
08:46:32 4 0 43
08:47:02 4 0 43
08:47:32 4 0 43
08:48:02 4 0 42
08:48:33 4 0 43
08:49:03 4 0 41
08:49:33 4 0 43
08:50:03 4 0 43
08:50:33 4 0 42
08:51:03 4 0 42
08:51:34 4 0 43
08:52:04 4 0 43
08:52:34 4 0 40
08:53:04 4 0 40
08:53:34 4 0 43
08:54:04 4 0 44
08:54:35 4 0 42
08:55:05 4 0 41
08:55:35 4 0 43
08:56:06 4 0 44
08:56:36 4 0 41
08:57:06 4 0 43
08:57:36 4 0 42
08:58:07 4 0 44
08:58:37 4 0 41
08:59:07 4 0 43
08:59:37 4 0 43
09:00:07 4 0 43
09:00:38 4 0 40
09:01:08 4 0 43
09:01:38 4 0 40
09:02:08 4 0 43
09:02:38 4 0 42
09:03:08 4 0 83
09:03:40 3 1 54
09:04:08 4 0 43
09:04:39 4 0 41
09:05:09 4 0 42
09:05:39 4 0 42
09:06:09 4 0 46
09:06:39 4 0 43
09:07:09 4 0 42
09:07:39 4 0 43
09:08:09 4 0 43
09:08:40 4 0 41
09:09:10 4 0 41
09:09:40 4 0 42
09:10:10 4 0 43
09:10:41 3 1 42
09:11:10 4 0 41
09:11:40 4 0 42
09:12:10 4 0 43
09:12:41 4 0 43
09:13:11 4 0 41
09:13:41 4 0 49
09:14:11 4 0 38
09:14:41 4 0 41
09:15:11 4 0 41
09:15:41 4 0 40
09:16:11 4 0 43
09:16:42 4 0 43
09:17:12 4 0 42
09:17:42 4 0 41
09:18:13 4 0 43
09:18:43 4 0 42
09:19:13 4 0 43
09:19:43 4 0 42
09:20:13 4 0 41
09:20:43 4 0 40
09:21:13 4 0 43
09:21:43 4 0 41
09:22:14 4 0 68
09:22:44 4 0 42
09:23:14 4 0 41
09:23:44 4 0 43
09:24:14 4 0 42
09:24:44 4 0 40
09:25:14 4 0 40
09:25:45 4 0 41
09:26:15 4 0 41
09:26:45 4 0 43
09:27:15 4 0 77
09:27:45 4 0 41
09:28:15 4 0 40
09:28:45 4 0 41
09:29:15 4 0 41
09:29:46 4 0 40
09:30:16 4 0 43
09:30:46 4 0 42
09:31:16 4 0 43
09:31:46 4 0 40
09:32:16 4 0 42
09:32:47 4 0 41
09:33:17 4 0 43
09:33:47 4 0 43
09:34:17 4 0 39
09:34:47 4 0 42
09:35:17 4 0 42
09:35:48 4 0 42
09:36:19 3 1 41
09:36:48 4 0 43
09:37:18 4 0 57
09:37:48 4 0 43
09:38:19 3 1 41
09:38:49 4 0 40
09:39:19 4 0 42
09:39:49 4 0 41
09:40:19 4 0 41
09:40:49 4 0 43
09:41:20 4 0 41
09:41:50 4 0 42
09:42:20 4 0 42
09:42:50 4 0 42
09:43:20 4 0 40
09:43:50 4 0 42
09:44:20 4 0 39
09:44:51 4 0 42
09:45:21 4 0 41
09:45:51 4 0 41
09:46:22 3 1 51
09:46:51 4 0 40
09:47:21 4 0 42
09:47:51 4 0 42
09:48:21 4 0 43
09:48:52 4 0 42
09:49:22 4 0 39
09:49:52 4 0 42
09:50:22 4 0 41
09:50:52 4 0 41
09:51:22 4 0 41
09:51:52 4 0 40
09:52:22 4 0 43
09:52:52 4 0 40
09:53:22 4 0 42
09:53:53 4 0 41
09:54:23 4 0 40
09:54:53 4 0 43
09:55:23 4 0 41
09:55:53 4 0 41
09:56:23 4 0 40
09:56:53 4 0 41
09:57:23 4 0 42
09:57:54 4 0 42
09:58:24 4 0 43
09:58:54 4 0 41
09:59:24 4 0 42
09:59:54 4 0 41
10:00:24 4 0 41
10:00:54 4 0 90
10:01:24 4 0 42
10:01:55 4 0 41
10:02:25 4 0 41
10:02:55 4 0 41
10:03:25 4 0 43
10:03:55 4 0 40
10:04:25 4 0 42
10:04:55 4 0 42
10:05:25 4 0 40
10:05:55 4 0 43
10:06:26 4 0 43
10:06:56 4 0 41
10:07:26 4 0 43
10:07:56 4 0 40
10:08:26 4 0 43
10:08:56 4 0 41
10:09:26 4 0 43
10:09:56 4 0 41
10:10:26 4 0 43
10:10:57 4 0 43
10:11:27 4 0 42
10:11:57 4 0 72
10:12:28 3 1 97
10:12:57 4 0 72
10:13:27 4 0 67
10:13:58 4 0 72
10:14:29 3 1 85
10:14:58 4 0 70
10:15:28 4 0 77
10:15:58 4 0 87
10:16:29 3 1 65
10:17:00 3 1 88
10:17:30 3 1 89
10:17:59 4 0 83
10:18:29 4 0 71
10:18:59 4 0 69
10:19:29 4 0 73
10:19:59 4 0 66
10:20:30 3 1 76
10:21:00 4 0 70
10:21:31 3 1 83
10:22:01 4 0 81
10:22:31 4 0 74
10:23:01 4 0 68
10:23:32 4 0 77
10:24:02 4 0 82
10:24:34 3 1 72
10:25:03 4 0 43
10:25:33 4 0 42
10:26:03 4 0 41
10:26:34 4 0 57
10:27:05 4 0 42
10:27:35 4 0 42
10:28:05 4 0 40
10:28:35 4 0 43
10:29:07 3 1 43
10:29:36 4 0 44
10:30:06 4 0 42
10:30:36 4 0 41
10:31:06 4 0 42
10:31:36 4 0 71
10:32:07 4 0 43
10:32:37 4 0 40
10:33:07 4 0 43
10:33:37 4 0 41
10:34:07 4 0 43
10:34:37 4 0 42
10:35:07 4 0 42
10:35:37 4 0 43
10:36:07 4 0 40
10:36:39 3 1 42
10:37:08 4 0 42
10:37:38 4 0 41
10:38:08 4 0 42
10:38:39 4 0 42
10:39:09 4 0 42
10:39:39 4 0 43
10:40:10 4 0 94
10:40:40 4 0 42
10:41:10 4 0 41
10:41:40 4 0 41
10:42:10 4 0 42
10:42:41 4 0 41
10:43:12 3 1 43
10:43:41 4 0 43
10:44:11 4 0 42
10:44:41 4 0 42
10:45:11 4 0 40
10:45:41 4 0 41
10:46:12 4 0 40
10:46:42 4 0 42
10:47:12 4 0 43
10:47:42 4 0 43
10:48:12 4 0 42
10:48:42 4 0 42
10:49:13 4 0 43
10:49:43 4 0 43
10:50:13 4 0 42
10:50:43 4 0 41
10:51:14 4 0 43
10:51:44 4 0 42
10:52:14 4 0 42
10:52:44 4 0 42
10:53:14 4 0 40
10:53:44 4 0 43
10:54:15 4 0 41
10:54:45 4 0 43
10:55:15 4 0 42
10:55:45 4 0 43
10:56:16 4 0 43
10:56:46 4 0 41
10:57:17 4 0 43
10:57:47 4 0 42
10:58:17 4 0 42
10:58:47 4 0 43
10:59:18 4 0 40
10:59:48 4 0 41
11:00:18 4 0 70
11:00:48 4 0 41
11:01:18 4 0 41
11:01:49 4 0 55
11:02:19 4 0 43
11:02:49 4 0 43
11:03:19 4 0 40
11:03:49 4 0 43
11:04:19 4 0 40
11:04:49 4 0 41
11:05:20 4 0 43
11:05:50 4 0 43
11:06:20 4 0 43
11:06:50 4 0 43
11:07:21 4 0 43
11:07:51 4 0 42
11:08:21 4 0 39
11:08:51 4 0 40
11:09:21 4 0 43
11:09:51 4 0 43
11:10:22 4 0 43
11:10:52 4 0 40
11:11:22 4 0 41
11:11:52 4 0 43
11:12:22 4 0 41
11:12:52 4 0 43
11:13:23 4 0 42
11:13:53 4 0 43
11:14:23 4 0 43
11:14:53 4 0 40
11:15:24 4 0 40
11:15:54 4 0 43
11:16:24 4 0 41
11:16:54 4 0 40
11:17:25 4 0 43
11:17:55 4 0 40
11:18:25 4 0 41
11:18:55 4 0 42
11:19:25 4 0 41
11:19:55 4 0 40
11:20:26 4 0 66
11:20:56 4 0 42
11:21:26 4 0 41
11:21:56 4 0 43
11:22:26 4 0 40
11:22:56 4 0 42
11:23:27 4 0 43
11:23:57 4 0 43
11:24:27 4 0 42
11:24:57 4 0 43
11:25:28 3 1 42
11:25:57 4 0 43
11:26:27 4 0 43
11:26:57 4 0 40
11:27:28 4 0 41
11:27:59 3 1 42
11:28:28 4 0 40
11:28:58 4 0 43
11:29:28 4 0 43
11:29:58 4 0 41
11:30:28 4 0 42
11:30:58 4 0 43
11:31:29 4 0 42
11:31:59 4 0 40
11:32:29 4 0 43
11:32:59 4 0 41
11:33:29 4 0 44
11:33:59 4 0 43
11:34:30 4 0 41
11:35:00 4 0 43
11:35:30 4 0 43
11:36:00 4 0 43
11:36:30 4 0 41
11:37:01 4 0 41
11:37:32 4 0 40
11:38:02 4 0 40
11:38:32 4 0 50
11:39:02 4 0 43
11:39:32 4 0 43
11:40:02 4 0 41
11:40:33 4 0 41
11:41:03 4 0 41
11:41:33 4 0 43
11:42:03 4 0 42
11:42:33 4 0 41
11:43:03 4 0 41
11:43:33 4 0 41
11:44:04 4 0 41
11:44:34 4 0 43
11:45:05 4 0 43
11:45:35 4 0 42
11:46:05 4 0 41
11:46:36 4 0 43
11:47:06 4 0 40
11:47:36 4 0 41
11:48:06 4 0 42
11:48:36 4 0 41
11:49:06 4 0 43
11:49:37 4 0 41
11:50:07 4 0 42
11:50:37 4 0 43
11:51:07 4 0 42
11:51:38 4 0 34
11:52:08 4 0 42
11:52:38 4 0 42
11:53:08 4 0 41
11:53:38 4 0 39
11:54:09 4 0 42
11:54:39 4 0 41
11:55:09 4 0 42
11:55:39 4 0 42
11:56:09 4 0 41
11:56:39 4 0 68
11:57:09 4 0 40
11:57:40 4 0 41
11:58:10 4 0 44
11:58:40 4 0 42
11:59:10 4 0 43
11:59:40 4 0 40
12:00:10 4 0 43
12:00:40 4 0 41
12:01:10 4 0 43
12:01:41 4 0 43
12:02:11 4 0 39
12:02:41 4 0 41
12:03:11 4 0 42
12:03:41 4 0 39
12:04:11 4 0 74
12:04:42 4 0 43
12:05:12 4 0 43
12:05:43 4 0 42
12:06:13 4 0 43
12:06:44 4 0 42
12:07:14 4 0 43
12:07:44 4 0 40
12:08:14 4 0 43
12:08:44 4 0 42
12:09:14 4 0 45
12:09:45 4 0 42
12:10:15 4 0 41
12:10:46 4 0 41
12:11:16 4 0 42
12:11:46 4 0 42
12:12:16 4 0 43
12:12:46 4 0 42
12:13:16 4 0 41
12:13:46 4 0 43
12:14:17 4 0 42
12:14:47 4 0 41
12:15:17 4 0 42
12:15:47 4 0 42
12:16:17 4 0 41
12:16:48 4 0 43
12:17:18 4 0 42
12:17:49 4 0 41
12:18:19 4 0 42
12:18:49 4 0 40
12:19:19 4 0 42
12:19:49 4 0 41
12:20:19 4 0 43
12:20:50 4 0 41
12:21:20 4 0 40
12:21:50 4 0 42
12:22:20 4 0 43
12:22:50 4 0 43
12:23:20 4 0 41
12:23:50 4 0 42
12:24:20 4 0 45
12:24:51 4 0 41
12:25:21 4 0 42
12:25:51 4 0 41
12:26:21 4 0 42
12:26:51 4 0 42
12:27:21 4 0 43
12:27:52 4 0 43
12:28:22 4 0 45
12:28:52 4 0 42
12:29:22 4 0 42
12:29:52 4 0 43
12:30:22 4 0 41
12:30:52 4 0 42
12:31:22 4 0 43
12:31:53 4 0 43
12:32:23 4 0 41
12:32:53 4 0 40
12:33:23 4 0 41
12:33:53 4 0 41
12:34:23 4 0 43
12:34:53 4 0 43
12:35:23 4 0 41
12:35:54 4 0 43
12:36:24 4 0 41
12:36:54 4 0 40
12:37:24 4 0 42
12:37:54 4 0 42
12:38:24 4 0 42
12:38:54 4 0 43
12:39:25 4 0 64
12:39:55 4 0 40
12:40:25 4 0 41
12:40:55 4 0 42
12:41:25 4 0 42
12:41:55 4 0 42
12:42:25 4 0 41
12:42:55 4 0 41
12:43:25 4 0 43
12:43:55 4 0 41
12:44:26 4 0 41
12:44:56 4 0 42
12:45:26 4 0 42
12:45:56 4 0 43
12:46:26 4 0 43
12:46:56 4 0 42
12:47:26 4 0 42
12:47:56 4 0 42
12:48:26 4 0 41
12:48:56 4 0 41
12:49:27 4 0 42
12:49:57 4 0 41
12:50:28 4 0 42
12:50:58 4 0 42
12:51:28 4 0 69
12:51:58 4 0 43
12:52:28 4 0 43
12:52:58 4 0 42
12:53:28 4 0 42
12:53:59 4 0 41
12:54:29 4 0 53
12:54:59 4 0 38
12:55:29 4 0 42
12:55:59 4 0 42
12:56:29 4 0 43
12:56:59 4 0 42
12:57:29 4 0 43
12:58:00 4 0 42
12:58:30 4 0 40
12:59:00 4 0 42
12:59:30 4 0 41
13:00:00 4 0 43
13:00:30 4 0 43
13:01:01 4 0 42
13:01:31 4 0 43
13:02:01 4 0 40
13:02:31 4 0 41
13:03:01 4 0 39
13:03:31 4 0 41
13:04:01 4 0 41
13:04:31 4 0 42
13:05:01 4 0 43
13:05:31 4 0 43
13:06:02 4 0 42
13:06:32 4 0 42
13:07:02 4 0 41
13:07:32 4 0 42
13:08:02 4 0 40
13:08:32 4 0 67
13:09:02 4 0 49
13:09:32 4 0 41
13:10:02 4 0 42
13:10:32 4 0 41
13:11:02 4 0 42
13:11:33 4 0 43
13:12:03 4 0 74
13:12:33 4 0 41
13:13:03 4 0 39
13:13:33 4 0 43
13:14:03 4 0 42
13:14:33 4 0 42
13:15:03 4 0 42
13:15:33 4 0 43
13:16:03 4 0 42
13:16:34 4 0 43
13:17:04 4 0 40
13:17:34 4 0 38
13:18:04 4 0 42
13:18:34 4 0 41
13:19:04 4 0 43
13:19:34 4 0 43
13:20:04 4 0 42
13:20:34 4 0 41
13:21:05 4 0 43
13:21:35 4 0 43
13:22:05 4 0 38
13:22:35 4 0 42
13:23:05 4 0 41
13:23:36 4 0 42
13:24:06 4 0 40
13:24:36 4 0 41
13:25:06 4 0 43
13:25:36 4 0 42
13:26:06 4 0 41
13:26:36 4 0 42
13:27:07 4 0 42
13:27:37 4 0 41
13:28:07 4 0 43
13:28:37 4 0 41
13:29:07 4 0 42
13:29:37 4 0 74
13:30:07 4 0 41
13:30:37 4 0 43
13:31:08 4 0 39
13:31:38 4 0 41
13:32:08 4 0 41
13:32:38 4 0 43
13:33:09 4 0 43
13:33:39 4 0 42
13:34:10 4 0 42
13:34:40 4 0 42
13:35:10 4 0 41
13:35:40 4 0 43
13:36:10 4 0 43
13:36:40 4 0 43
13:37:10 4 0 43
13:37:40 4 0 42
13:38:11 4 0 39
13:38:41 4 0 40
13:39:11 4 0 50
13:39:41 4 0 41
13:40:11 4 0 43
13:40:41 4 0 43
13:41:11 4 0 43
13:41:42 4 0 43
13:42:12 4 0 60
13:42:42 4 0 80
13:43:13 4 0 43
13:43:43 4 0 42
13:44:13 4 0 42
13:44:43 4 0 43
13:45:13 4 0 44
13:45:43 4 0 43
13:46:13 4 0 43
13:46:44 4 0 78
13:47:14 4 0 43
13:47:45 4 0 43
13:48:15 4 0 42
13:48:45 4 0 40
13:49:15 4 0 43
13:49:45 4 0 43
13:50:15 4 0 40
13:50:45 4 0 42
13:51:16 4 0 42
13:51:46 4 0 42
13:52:16 4 0 43
13:52:46 4 0 43
13:53:16 4 0 43
13:53:46 4 0 43
13:54:17 4 0 42
13:54:47 4 0 43
13:55:17 4 0 41
13:55:47 4 0 50
13:56:17 4 0 43
13:56:47 4 0 41
13:57:17 4 0 40
13:57:47 4 0 41
13:58:18 4 0 41
13:58:49 3 1 43
13:59:18 4 0 43
13:59:48 4 0 42
14:00:19 3 1 41
14:00:48 4 0 43
14:01:18 4 0 45
14:01:48 4 0 41
14:02:18 4 0 43
14:02:48 4 0 41
14:03:19 4 0 43
14:03:49 4 0 41
14:04:19 4 0 41
14:04:49 4 0 43
14:05:19 4 0 40
14:05:49 4 0 43
14:06:19 4 0 41
14:06:50 4 0 42
14:07:20 4 0 40
14:07:50 4 0 41
14:08:20 4 0 43
14:08:50 4 0 43
14:09:21 4 0 43
14:09:51 4 0 44
14:10:21 4 0 41
14:10:51 4 0 42
14:11:21 4 0 43
14:11:51 4 0 41
14:12:22 4 0 41
14:12:52 3 1 37
14:13:23 3 1 56
14:13:52 4 0 54
14:14:22 4 0 43
14:14:52 4 0 41
14:15:23 4 0 42
14:15:53 4 0 40
14:16:23 4 0 41
14:16:53 4 0 41
14:17:23 4 0 43
14:17:53 4 0 45
14:18:23 4 0 41
14:18:53 4 0 43
14:19:24 4 0 43
14:19:54 4 0 43
14:20:24 4 0 41
14:20:54 4 0 43
14:21:24 4 0 70
14:21:54 4 0 42
14:22:24 4 0 41
14:22:54 4 0 43
14:23:24 4 0 43
14:23:54 4 0 41
14:24:25 4 0 39
14:24:56 4 0 41
14:25:26 4 0 43
14:25:56 4 0 41
14:26:26 4 0 42
14:26:56 4 0 40
14:27:27 4 0 41
14:27:57 4 0 41
14:28:27 4 0 43
14:28:57 4 0 43
14:29:27 4 0 41
14:29:57 4 0 43
14:30:27 4 0 43
14:30:57 4 0 41
14:31:28 4 0 40
14:31:58 4 0 43
14:32:28 4 0 40
14:32:58 4 0 42
14:33:28 4 0 43
14:33:59 4 0 42
14:34:29 4 0 42
14:34:59 4 0 41
14:35:29 4 0 43
14:35:59 4 0 40
14:36:30 4 0 70
14:37:00 4 0 43
14:37:31 4 0 40
14:38:01 4 0 42
14:38:32 4 0 40
14:39:02 4 0 88
14:39:32 4 0 43
14:40:02 4 0 43
14:40:32 4 0 43
14:41:03 4 0 48
14:41:33 4 0 43
14:42:03 4 0 43
14:42:33 4 0 43
14:43:03 4 0 42
14:43:34 4 0 43
14:44:04 4 0 44
14:44:34 4 0 41
14:45:05 4 0 41
14:45:35 4 0 42
14:46:05 4 0 43
14:46:35 4 0 43
14:47:05 4 0 41
14:47:35 4 0 42
14:48:05 4 0 38
14:48:36 4 0 42
14:49:06 4 0 43
14:49:36 4 0 40
14:50:06 4 0 42
14:50:36 4 0 43
14:51:06 4 0 40
14:51:37 4 0 42
14:52:07 4 0 42
14:52:37 4 0 42
14:53:07 4 0 40
14:53:37 4 0 41
14:54:07 4 0 43
14:54:38 4 0 42
14:55:08 4 0 43
14:55:38 4 0 43
14:56:08 4 0 42
14:56:38 4 0 41
14:57:08 4 0 43
14:57:38 4 0 43
14:58:08 4 0 42
14:58:39 4 0 43
14:59:09 4 0 41
14:59:39 4 0 43
15:00:10 3 1 42
15:00:39 4 0 42
15:01:09 4 0 40
15:01:39 4 0 40
15:02:09 4 0 42
15:02:40 4 0 42
15:03:10 4 0 40
15:03:40 4 0 43
15:04:10 4 0 41
15:04:40 4 0 42
15:05:10 4 0 43
15:05:40 4 0 41
15:06:10 4 0 42
15:06:40 4 0 44
15:07:10 4 0 41
15:07:41 4 0 42
15:08:11 4 0 43
15:08:41 4 0 41
15:09:11 4 0 43
15:09:41 4 0 43
15:10:11 4 0 42
15:10:41 4 0 41
15:11:11 4 0 43
15:11:42 4 0 42
15:12:12 4 0 42
15:12:42 4 0 43
15:13:12 4 0 41
15:13:42 4 0 40
15:14:12 4 0 43
15:14:42 4 0 43
15:15:12 4 0 41
15:15:43 4 0 41
15:16:14 3 1 42
15:16:43 4 0 43
15:17:13 4 0 41
15:17:43 4 0 43
15:18:13 4 0 43
15:18:44 4 0 42
15:19:13 4 0 42
15:19:44 4 0 42
15:20:14 4 0 40
15:20:44 4 0 43
15:21:14 4 0 42
15:21:44 4 0 41
15:22:14 4 0 43
15:22:45 3 1 39
15:23:14 4 0 42
15:23:44 4 0 41
15:24:14 4 0 53
15:24:45 4 0 43
15:25:15 4 0 42
15:25:45 4 0 41
15:26:15 4 0 40
15:26:45 4 0 41
15:27:15 4 0 41
15:27:45 4 0 41
15:28:15 4 0 41
15:28:45 4 0 42
15:29:16 4 0 40
15:29:46 4 0 41
15:30:16 4 0 40
15:30:46 4 0 42
15:31:16 4 0 43
15:31:47 4 0 41
15:32:17 4 0 41
15:32:47 4 0 43
15:33:17 4 0 43
15:33:47 4 0 41
15:34:17 4 0 42
15:34:47 4 0 42
15:35:17 4 0 43
15:35:47 4 0 43
15:36:17 4 0 43
15:36:48 4 0 42
15:37:18 4 0 40
15:37:48 4 0 42
15:38:19 3 1 42
15:38:48 4 0 42
15:39:18 4 0 43
15:39:48 4 0 41
15:40:18 4 0 42
15:40:49 4 0 63
15:41:18 4 0 41
15:41:49 4 0 43
15:42:19 4 0 44
15:42:49 4 0 43
15:43:19 4 0 43
15:43:49 4 0 41
15:44:19 4 0 41
15:44:49 4 0 43
15:45:19 4 0 43
15:45:50 4 0 41
15:46:20 4 0 43
15:46:50 4 0 42
15:47:20 4 0 43
15:47:50 4 0 41
15:48:20 4 0 42
15:48:51 4 0 42
15:49:21 4 0 42
15:49:51 4 0 43
15:50:21 4 0 41
15:50:51 4 0 41
15:51:21 4 0 43
15:51:52 4 0 40
15:52:22 4 0 45
15:52:52 4 0 40
15:53:22 4 0 42
15:53:52 4 0 42
15:54:22 4 0 42
15:54:52 4 0 45
15:55:22 4 0 43
15:55:52 4 0 54
15:56:22 4 0 41
15:56:53 4 0 39
15:57:24 2 2 44
15:57:53 4 0 41
15:58:23 4 0 42
15:58:53 4 0 43
15:59:23 4 0 40
15:59:53 4 0 41
16:00:23 4 0 73
16:00:53 4 0 39
16:01:23 4 0 42
16:01:54 4 0 41
16:02:24 4 0 43
16:02:54 4 0 41
16:03:24 4 0 41
16:03:54 4 0 42
16:04:24 4 0 42
16:04:54 4 0 41
16:05:24 4 0 42
16:05:55 4 0 40
16:06:25 4 0 43
16:06:55 4 0 42
16:07:25 4 0 41
16:07:55 4 0 40
16:08:25 4 0 42
16:08:55 4 0 56
16:09:25 4 0 41
16:09:55 4 0 42
16:10:25 4 0 42
16:10:56 4 0 39
16:11:26 4 0 41
16:11:56 4 0 74
16:12:27 3 1 43
16:12:56 4 0 43
16:13:26 4 0 43
16:13:56 4 0 42
16:14:26 4 0 43
16:14:57 4 0 43
16:15:27 4 0 40
16:15:57 4 0 43
16:16:27 4 0 42
16:16:57 4 0 41
16:17:27 4 0 41
16:17:57 4 0 43
16:18:27 4 0 54
16:18:57 4 0 40
16:19:28 4 0 96
16:19:58 4 0 41
16:20:28 4 0 78
16:20:58 4 0 43
16:21:28 4 0 73
16:21:58 4 0 45
16:22:28 4 0 42
16:22:58 4 0 42
16:23:28 4 0 43
16:23:59 4 0 43
16:24:29 4 0 41
16:24:59 4 0 42
16:25:29 4 0 43
16:25:59 4 0 43
16:26:29 4 0 44
16:26:59 4 0 40
16:27:29 4 0 42
16:28:00 4 0 43
16:28:30 3 1 40
16:29:00 4 0 40
16:29:30 4 0 42
16:30:00 4 0 42
16:30:30 4 0 41
16:31:00 4 0 42
16:31:30 4 0 43
16:32:01 4 0 41
16:32:31 4 0 44
16:33:01 4 0 43
16:33:31 4 0 42
16:34:02 4 0 43
16:34:32 4 0 41
16:35:02 4 0 41
16:35:33 3 1 91
16:36:02 4 0 41
16:36:33 3 1 42
16:37:02 4 0 43
16:37:32 4 0 43
16:38:03 4 0 43
16:38:33 4 0 63
16:39:03 4 0 43
16:39:33 4 0 41
16:40:03 4 0 41
16:40:33 4 0 43
16:41:03 4 0 43
16:41:33 4 0 43
16:42:04 4 0 41
16:42:34 4 0 43
16:43:04 4 0 43
16:43:34 4 0 41
16:44:04 4 0 41
16:44:34 4 0 42
16:45:04 4 0 40
16:45:34 4 0 42
16:46:04 4 0 40
16:46:35 3 1 42
16:47:05 4 0 41
16:47:35 4 0 42
16:48:05 4 0 41
16:48:35 4 0 42
16:49:05 4 0 42
16:49:35 4 0 45
16:50:05 4 0 45
16:50:35 4 0 43
16:51:05 4 0 42
16:51:35 4 0 32
16:52:05 4 0 42
16:52:36 4 0 41
16:53:06 4 0 41
16:53:36 4 0 42
16:54:06 4 0 40
16:54:36 4 0 43
16:55:07 4 0 43
16:55:37 4 0 38
16:56:07 4 0 40
16:56:37 4 0 41
16:57:07 4 0 43
16:57:37 4 0 42
16:58:07 4 0 41
16:58:37 4 0 43
16:59:08 4 0 42
16:59:38 4 0 41
17:00:08 4 0 43
17:00:38 4 0 42
17:01:08 4 0 42
17:01:38 4 0 43
17:02:08 4 0 42
17:02:39 3 1 44
17:03:10 3 1 43
17:03:39 4 0 74
17:04:09 4 0 43
17:04:39 4 0 41
17:05:09 4 0 43
17:05:39 4 0 44
17:06:10 4 0 43
17:06:40 4 0 42
17:07:10 4 0 43
17:07:40 4 0 42
17:08:10 4 0 42
17:08:40 4 0 42
17:09:10 4 0 43
17:09:40 4 0 38
17:10:11 4 0 43
17:10:41 4 0 42
17:11:11 4 0 42
17:11:41 4 0 43
17:12:11 4 0 41
17:12:41 4 0 42
17:13:11 4 0 78
17:13:41 4 0 43
17:14:12 4 0 43
17:14:42 4 0 42
17:15:12 4 0 41
17:15:42 4 0 43
17:16:12 4 0 43
17:16:42 4 0 42
17:17:12 4 0 41
17:17:42 4 0 41
17:18:12 4 0 41
17:18:42 4 0 43
17:19:13 4 0 33
17:19:43 4 0 41
17:20:13 4 0 43
17:20:43 4 0 41
17:21:13 4 0 43
17:21:43 4 0 43
17:22:14 4 0 41
17:22:44 4 0 42
17:23:14 4 0 41
17:23:44 4 0 43
17:24:14 4 0 40
17:24:44 4 0 43
17:25:14 4 0 42
17:25:44 4 0 42
17:26:16 3 1 43
17:26:45 4 0 47
17:27:15 4 0 41
17:27:45 4 0 42
17:28:15 4 0 42
17:28:45 4 0 40
17:29:16 4 0 42
17:29:46 4 0 41
17:30:16 4 0 42
17:30:46 4 0 42
17:31:16 4 0 42
17:31:46 4 0 41
17:32:16 4 0 41
17:32:47 4 0 40
17:33:17 4 0 40
17:33:48 3 1 55
17:34:17 4 0 41
17:34:47 4 0 42
17:35:17 4 0 40
17:35:47 4 0 40
17:36:18 4 0 42
17:36:48 4 0 41
17:37:18 4 0 42
17:37:48 4 0 41
17:38:18 4 0 40
17:38:49 4 0 42
17:39:19 4 0 41
17:39:49 4 0 41
17:40:19 4 0 43
17:40:49 4 0 44
17:41:19 4 0 41
17:41:49 4 0 41
17:42:20 4 0 38
17:42:50 4 0 43
17:43:20 4 0 42
17:43:51 4 0 41
17:44:21 4 0 43
17:44:51 4 0 43
17:45:21 4 0 41
17:45:51 4 0 43
17:46:21 4 0 43
17:46:51 4 0 42
17:47:22 4 0 41
17:47:52 4 0 41
17:48:22 4 0 42
17:48:52 4 0 42
17:49:22 4 0 42
17:49:52 4 0 41
17:50:22 4 0 43
17:50:52 4 0 42
17:51:23 4 0 43
17:51:54 3 1 43
17:52:23 4 0 41
17:52:53 4 0 43
17:53:23 4 0 43
17:53:54 3 1 42
17:54:23 4 0 41
17:54:53 4 0 41
17:55:24 4 0 42
17:55:54 4 0 41
17:56:25 3 1 42
17:56:55 3 1 43
17:57:24 4 0 40
17:57:54 4 0 43
17:58:25 3 1 41
17:58:55 4 0 39
17:59:25 4 0 41
17:59:55 4 0 52
18:00:25 4 0 42
18:00:55 4 0 43
18:01:25 4 0 43
18:01:55 4 0 40
18:02:26 4 0 41
18:02:56 4 0 41
18:03:27 4 0 41
18:03:57 4 0 42
18:04:27 4 0 43
18:04:57 4 0 42
18:05:27 4 0 40
18:05:57 4 0 43
18:06:27 4 0 41
18:06:57 4 0 42
18:07:28 4 0 42
18:07:58 4 0 40
18:08:28 4 0 43
18:08:58 4 0 40
18:09:28 4 0 43
18:09:58 4 0 42
18:10:28 4 0 40
18:10:58 4 0 41
18:11:29 4 0 43
18:11:59 4 0 42
18:12:29 4 0 41
18:12:59 4 0 43
18:13:29 4 0 41
18:13:59 4 0 41
18:14:30 4 0 42
18:15:00 4 0 41
18:15:30 4 0 40
18:16:00 4 0 42
18:16:30 4 0 40
18:17:00 4 0 40
18:17:30 4 0 43
18:18:00 4 0 42
18:18:31 4 0 39
18:19:01 4 0 39
18:19:31 4 0 42
18:20:01 4 0 41
18:20:31 4 0 41
18:21:01 4 0 43
18:21:31 4 0 43
18:22:01 4 0 42
18:22:32 4 0 43
18:23:02 4 0 43
18:23:33 4 0 43
18:24:03 4 0 42
18:24:33 4 0 43
18:25:03 4 0 42
18:25:33 4 0 43
18:26:03 4 0 41
18:26:34 4 0 42
18:27:04 4 0 74
18:27:34 4 0 41
18:28:04 4 0 43
18:28:35 4 0 43
18:29:05 4 0 68
18:29:35 4 0 41
18:30:05 4 0 43
18:30:35 4 0 43
18:31:05 4 0 32
18:31:36 4 0 33
18:32:06 4 0 41
18:32:36 4 0 33
18:33:06 4 0 43
18:33:37 4 0 41
18:34:08 3 1 41
18:34:37 4 0 41
18:35:07 4 0 33
18:35:37 4 0 43
18:36:07 4 0 34
18:36:38 4 0 31
18:37:08 4 0 32
18:37:38 4 0 32
18:38:08 4 0 41
18:38:38 4 0 40
18:39:08 4 0 43
18:39:38 4 0 32
18:40:09 4 0 32
18:40:39 4 0 42
18:41:09 4 0 32
18:41:39 4 0 34
18:42:09 4 0 32
18:42:39 4 0 42
18:43:09 4 0 42
18:43:40 3 1 40
18:44:10 3 1 34
18:44:40 4 0 40
18:45:10 4 0 41
18:45:40 4 0 32
18:46:10 4 0 43
18:46:40 4 0 43
18:47:10 4 0 43
18:47:40 4 0 41
18:48:10 4 0 34
18:48:40 4 0 31
18:49:11 4 0 43
18:49:41 4 0 32
18:50:11 4 0 43
18:50:41 4 0 40
18:51:11 4 0 41
18:51:41 4 0 43
18:52:11 4 0 41
18:52:41 4 0 32
18:53:12 4 0 34
18:53:42 4 0 30
18:54:13 4 0 32
18:54:43 4 0 32
18:55:13 4 0 33
18:55:43 4 0 34
18:56:13 4 0 32
18:56:43 4 0 32
18:57:13 4 0 34
18:57:43 4 0 33
18:58:14 4 0 31
18:58:44 4 0 33
18:59:14 4 0 33
18:59:44 4 0 33
19:00:14 4 0 29
19:00:44 4 0 34
19:01:14 4 0 41
19:01:44 4 0 32
19:02:14 4 0 43
19:02:45 4 0 31
19:03:15 4 0 34
19:03:45 4 0 34
19:04:15 4 0 34
19:04:45 4 0 42
19:05:15 4 0 43
19:05:45 4 0 35
19:06:15 4 0 31
19:06:45 4 0 33
19:07:16 4 0 34
19:07:47 3 1 34
19:08:16 4 0 32
19:08:46 4 0 34
19:09:16 4 0 32
19:09:46 4 0 33
19:10:16 4 0 32
19:10:46 4 0 32
19:11:16 4 0 34
19:11:47 4 0 33
19:12:17 4 0 34
19:12:47 4 0 32
19:13:17 4 0 41
19:13:47 4 0 32
19:14:17 4 0 43
19:14:47 4 0 43
19:15:17 4 0 42
19:15:48 4 0 43
19:16:18 4 0 34
19:16:48 4 0 43
19:17:18 4 0 41
19:17:48 4 0 40
19:18:18 4 0 42
19:18:48 4 0 42
19:19:18 4 0 41
19:19:48 4 0 32
19:20:18 4 0 42
19:20:49 4 0 38
19:21:19 4 0 41
19:21:49 4 0 42
19:22:20 3 1 43
19:22:49 4 0 42
19:23:19 4 0 32
19:23:49 4 0 42
19:24:19 4 0 43
19:24:50 4 0 42
19:25:20 4 0 43
19:25:50 4 0 43
19:26:20 4 0 43
19:26:50 4 0 43
19:27:20 4 0 43
19:27:50 4 0 39
19:28:20 4 0 40
19:28:50 4 0 42
19:29:20 4 0 43
19:29:51 4 0 41
19:30:21 4 0 41
19:30:51 4 0 41
19:31:21 4 0 41
19:31:51 4 0 43
19:32:21 4 0 41
19:32:51 4 0 42
19:33:21 4 0 37
19:33:52 4 0 43
19:34:22 4 0 41
19:34:52 4 0 43
19:35:22 4 0 34
19:35:52 4 0 42
19:36:22 4 0 40
19:36:52 4 0 41
19:37:23 4 0 43
19:37:53 4 0 41
19:38:23 4 0 43
19:38:53 4 0 43
19:39:23 4 0 42
19:39:53 4 0 41
19:40:23 4 0 40
19:40:53 4 0 42
19:41:23 4 0 40
19:41:54 4 0 43
19:42:24 4 0 43
19:42:54 4 0 40
19:43:24 4 0 41
19:43:54 4 0 41
19:44:24 4 0 43
19:44:54 4 0 43
19:45:24 4 0 41
19:45:54 4 0 43
19:46:24 4 0 40
19:46:55 4 0 41
19:47:25 4 0 43
19:47:55 4 0 42
19:48:25 4 0 42
19:48:55 4 0 43
19:49:25 4 0 43
19:49:55 4 0 43
19:50:25 4 0 40
19:50:56 4 0 41
19:51:26 4 0 41
19:51:56 4 0 40
19:52:26 4 0 72
19:52:56 4 0 40
19:53:26 4 0 34
19:53:56 4 0 43
19:54:26 4 0 41
19:54:56 4 0 34
19:55:26 4 0 42
19:55:56 4 0 43
19:56:26 4 0 42
19:56:57 4 0 42
19:57:27 4 0 43
19:57:57 4 0 43
19:58:27 4 0 43
19:58:57 4 0 39
19:59:27 4 0 41
19:59:58 4 0 41
20:00:28 4 0 34
20:00:58 4 0 36
20:01:28 4 0 42
20:01:58 4 0 74
20:02:28 4 0 43
20:02:58 4 0 42
20:03:28 4 0 33
20:03:58 4 0 33
20:04:28 4 0 43
20:04:58 4 0 40
20:05:29 4 0 43
20:05:59 4 0 46
20:06:29 4 0 43
20:06:59 4 0 42
20:07:30 3 1 39
20:07:59 4 0 43
20:08:29 4 0 41
20:08:59 4 0 32
20:09:29 4 0 43
20:10:00 4 0 43
20:10:30 4 0 41
20:11:00 4 0 41
20:11:30 4 0 33
20:12:00 4 0 32
20:12:31 3 1 43
20:13:00 4 0 41
20:13:30 4 0 42
20:14:00 4 0 40
20:14:30 4 0 43
20:15:01 4 0 40
20:15:31 4 0 43
20:16:01 4 0 43
20:16:31 4 0 42
20:17:01 4 0 43
20:17:31 4 0 32
20:18:01 4 0 43
20:18:31 4 0 43
20:19:02 4 0 43
20:19:32 4 0 42
20:20:03 3 1 42
20:20:32 4 0 39
20:21:02 4 0 33
20:21:32 4 0 33
20:22:02 4 0 32
20:22:32 4 0 41
20:23:02 4 0 42
20:23:33 4 0 42
20:24:03 4 0 42
20:24:33 4 0 41
20:25:03 4 0 43
20:25:33 4 0 43
20:26:03 4 0 40
20:26:33 4 0 43
20:27:04 4 0 43
20:27:34 4 0 43
20:28:04 4 0 34
20:28:34 4 0 43
20:29:04 4 0 42
20:29:34 4 0 41
20:30:04 4 0 42
20:30:35 3 1 67
20:31:04 4 0 34
20:31:34 4 0 32
20:32:06 2 2 41
20:32:34 4 0 34
20:33:05 4 0 33
20:33:35 4 0 33
20:34:05 4 0 43
20:34:35 4 0 31
20:35:05 4 0 41
20:35:35 4 0 41
20:36:05 4 0 33
20:36:35 4 0 32
20:37:06 4 0 43
20:37:36 4 0 43
20:38:06 4 0 41
20:38:36 4 0 32
20:39:06 4 0 33
20:39:36 4 0 43
20:40:06 4 0 33
20:40:36 4 0 32
20:41:06 4 0 33
20:41:36 4 0 32
20:42:07 4 0 42
20:42:37 4 0 33
20:43:07 4 0 43
20:43:37 4 0 32
20:44:08 3 1 43
20:44:37 4 0 42
20:45:07 4 0 45
20:45:37 4 0 34
20:46:07 4 0 43
20:46:37 4 0 32
20:47:08 4 0 40
20:47:38 4 0 31
20:48:08 4 0 34
20:48:38 4 0 41
20:49:08 4 0 73
20:49:38 4 0 34
20:50:08 4 0 41
20:50:38 4 0 40
20:51:08 4 0 41
20:51:38 4 0 33
20:52:09 4 0 31
20:52:39 4 0 41
20:53:09 4 0 43
20:53:39 4 0 44
20:54:09 4 0 32
20:54:39 4 0 32
20:55:09 4 0 43
20:55:39 4 0 32
20:56:09 4 0 43
20:56:39 4 0 42
20:57:10 4 0 34
20:57:40 4 0 41
20:58:10 4 0 34
20:58:40 4 0 33
20:59:10 4 0 43
20:59:41 3 1 42
21:00:10 4 0 41
21:00:40 4 0 43
21:01:11 4 0 32
21:01:41 4 0 32
21:02:11 4 0 32
21:02:41 4 0 34
21:03:12 3 1 32
21:03:41 4 0 33
21:04:11 4 0 31
21:04:41 4 0 33
21:05:11 4 0 31
21:05:44 1 3 33
21:06:12 4 0 32
21:06:42 4 0 34
21:07:13 4 0 42
21:07:43 4 0 34
21:08:13 4 0 42
21:08:43 4 0 32
21:09:13 4 0 32
21:09:43 4 0 32
21:10:13 4 0 33
21:10:43 4 0 42
21:11:14 4 0 32
21:11:44 4 0 72
21:12:14 4 0 32
21:12:44 4 0 32
21:13:14 4 0 32
21:13:44 4 0 41
21:14:14 4 0 33
21:14:44 4 0 43
21:15:14 4 0 31
21:15:44 4 0 32
21:16:15 4 0 41
21:16:45 4 0 40
21:17:15 4 0 56
21:17:45 4 0 34
21:18:15 4 0 33
21:18:45 4 0 32
21:19:16 4 0 41
21:19:46 4 0 40
21:20:16 4 0 43
21:20:46 4 0 43
21:21:16 4 0 42
21:21:46 4 0 43
21:22:16 4 0 34
21:22:46 4 0 32
21:23:16 4 0 34
21:23:46 4 0 34
21:24:17 4 0 33
21:24:47 4 0 31
21:25:17 4 0 32
21:25:47 4 0 43
21:26:17 4 0 44
21:26:48 4 0 41
21:27:18 4 0 42
21:27:48 4 0 34
21:28:19 4 0 42
21:28:49 4 0 43
21:29:19 4 0 43
21:29:49 4 0 43
21:30:19 4 0 42
21:30:49 4 0 34
21:31:19 4 0 33
21:31:49 4 0 43
21:32:19 4 0 43
21:32:50 4 0 42
21:33:20 4 0 33
21:33:50 4 0 42
21:34:20 4 0 33
21:34:50 4 0 42
21:35:20 4 0 34
21:35:50 4 0 33
21:36:20 4 0 32
21:36:50 4 0 31
21:37:21 4 0 34
21:37:51 4 0 33
21:38:21 4 0 33
21:38:51 4 0 40
21:39:21 4 0 41
21:39:51 4 0 42
21:40:21 4 0 31
21:40:51 4 0 34
21:41:21 4 0 32
21:41:51 4 0 42
21:42:22 4 0 43
21:42:52 4 0 44
21:43:22 4 0 33
21:43:52 4 0 40
21:44:22 4 0 32
21:44:52 4 0 42
21:45:22 4 0 43
21:45:52 4 0 42
21:46:23 4 0 40
21:46:53 4 0 43
21:47:23 4 0 34
21:47:53 4 0 42
21:48:23 4 0 35
21:48:53 4 0 33
21:49:23 4 0 41
21:49:53 4 0 42
21:50:24 4 0 44
21:50:54 4 0 33
21:51:24 4 0 33
21:51:54 4 0 39
21:52:24 4 0 38
21:52:54 4 0 43
21:53:24 4 0 41
21:53:54 4 0 40
21:54:25 4 0 43
21:54:55 4 0 33
21:55:25 4 0 32
21:55:55 4 0 43
21:56:25 4 0 41
21:56:55 4 0 34
21:57:25 4 0 41
21:57:55 4 0 33
21:58:26 4 0 34
21:58:56 4 0 34
21:59:26 4 0 32
21:59:56 4 0 32
22:00:26 4 0 32
22:00:56 4 0 33
22:01:26 4 0 31
22:01:56 4 0 32
22:02:27 4 0 40
22:02:57 4 0 43
22:03:27 4 0 34
22:03:57 4 0 43
22:04:27 4 0 39
22:04:57 4 0 42
22:05:27 4 0 43
22:05:57 4 0 41
22:06:28 4 0 40
22:06:58 4 0 42
22:07:29 4 0 41
22:07:59 4 0 33
22:08:29 4 0 40
22:08:59 4 0 41
22:09:29 4 0 42
22:09:59 4 0 42
22:10:29 4 0 40
22:10:59 4 0 44
22:11:30 4 0 40
22:12:00 4 0 43
22:12:30 4 0 40
22:13:00 4 0 41
22:13:30 4 0 43
22:14:00 4 0 40
22:14:30 4 0 33
22:15:01 4 0 41
22:15:31 4 0 43
22:16:01 4 0 32
22:16:31 4 0 41
22:17:01 4 0 32
22:17:31 4 0 40
22:18:01 4 0 32
22:18:31 4 0 38
22:19:02 4 0 43
22:19:32 4 0 80
22:20:02 4 0 32
22:20:32 4 0 29
22:21:02 4 0 40
22:21:32 4 0 42
22:22:02 4 0 33
22:22:32 4 0 30
22:23:02 4 0 34
22:23:33 4 0 34
22:24:03 4 0 33
22:24:33 4 0 34
22:25:03 4 0 33
22:25:33 4 0 32
22:26:03 4 0 34
22:26:33 4 0 33
22:27:03 4 0 33
22:27:34 4 0 40
22:28:04 4 0 31
22:28:34 4 0 43
22:29:04 4 0 56
22:29:34 4 0 32
22:30:04 4 0 42
22:30:34 4 0 33
22:31:04 4 0 43
22:31:35 4 0 41
22:32:05 4 0 42
22:32:35 4 0 32
22:33:05 4 0 41
22:33:35 4 0 38
22:34:05 4 0 32
22:34:35 4 0 32
22:35:05 4 0 33
22:35:37 2 2 34
22:36:06 4 0 33
22:36:36 4 0 33
22:37:06 4 0 41
22:37:36 4 0 33
22:38:06 4 0 32
22:38:37 4 0 35
22:39:07 4 0 30
22:39:37 4 0 32
22:40:07 4 0 30
22:40:37 4 0 33
22:41:07 4 0 41
22:41:37 4 0 41
22:42:08 4 0 33
22:42:38 4 0 33
22:43:08 4 0 32
22:43:38 4 0 41
22:44:08 4 0 42
22:44:38 4 0 30
22:45:08 4 0 40
22:45:38 4 0 34
22:46:08 4 0 32
22:46:39 4 0 33
22:47:09 4 0 43
22:47:39 4 0 41
22:48:09 4 0 40
22:48:39 4 0 35
22:49:09 4 0 34
22:49:39 4 0 42
22:50:09 4 0 32
22:50:40 4 0 33
22:51:10 4 0 40
22:51:40 4 0 43
22:52:10 4 0 40
22:52:40 4 0 33
22:53:10 4 0 43
22:53:40 4 0 42
22:54:11 3 1 40
22:54:41 4 0 40
22:55:11 4 0 43
22:55:41 4 0 41
22:56:11 4 0 43
22:56:41 4 0 43
22:57:11 4 0 41
22:57:41 4 0 42
22:58:11 4 0 42
22:58:42 4 0 34
22:59:12 4 0 34
22:59:42 4 0 43
23:00:12 4 0 41
23:00:42 4 0 42
23:01:12 4 0 43
23:01:43 4 0 42
23:02:13 4 0 38
23:02:43 4 0 42
23:03:13 4 0 42
23:03:43 4 0 42
23:04:13 4 0 42
23:04:43 4 0 34
23:05:13 4 0 43
23:05:44 4 0 41
23:06:14 4 0 32
23:06:44 4 0 36
23:07:15 3 1 34
23:07:44 4 0 33
23:08:14 4 0 34
23:08:44 4 0 34
23:09:14 4 0 32
23:09:45 4 0 70
23:10:15 4 0 33
23:10:45 4 0 42
23:11:15 4 0 83
23:11:45 4 0 43
23:12:15 4 0 41
23:12:45 4 0 42
23:13:15 4 0 41
23:13:46 4 0 44
23:14:16 4 0 32
23:14:46 4 0 33
23:15:16 4 0 31
23:15:46 4 0 41
23:16:16 4 0 43
23:16:46 4 0 40
23:17:16 4 0 41
23:17:47 4 0 41
23:18:17 4 0 43
23:18:47 4 0 43
23:19:17 4 0 43
23:19:47 4 0 41
23:20:17 4 0 34
23:20:47 4 0 32
23:21:17 4 0 34
23:21:48 4 0 59
23:22:18 4 0 42
23:22:48 4 0 43
23:23:18 4 0 42
23:23:48 4 0 32
23:24:18 4 0 43
23:24:49 4 0 33
23:25:19 4 0 32
23:25:49 4 0 40
23:26:19 4 0 42
23:26:49 4 0 40
23:27:19 4 0 42
23:27:49 4 0 41
23:28:19 4 0 32
23:28:50 4 0 32
23:29:20 4 0 33
23:29:50 4 0 33
23:30:20 4 0 32
23:30:50 4 0 40
23:31:20 4 0 33
23:31:50 4 0 43
23:32:20 4 0 34
23:32:51 4 0 66
23:33:21 4 0 32
23:33:51 4 0 32
23:34:21 4 0 43
23:34:51 4 0 42
23:35:22 3 1 43
23:35:51 4 0 33
23:36:21 4 0 34
23:36:52 4 0 32
23:37:22 4 0 32
23:37:52 4 0 44
23:38:22 4 0 40
23:38:52 4 0 43
23:39:22 4 0 43
23:39:53 4 0 43
23:40:23 4 0 41
23:40:53 4 0 43
23:41:23 4 0 32
23:41:53 4 0 31
23:42:23 4 0 36
23:42:54 4 0 41
23:43:25 3 1 33
23:43:54 4 0 34
23:44:24 4 0 43
23:44:54 4 0 32
23:45:24 4 0 32
23:45:56 3 1 36
23:46:25 4 0 42
23:46:55 4 0 34
23:47:25 4 0 31
23:47:56 4 0 32
23:48:26 4 0 32
23:48:57 4 0 33
23:49:27 4 0 43
23:49:57 4 0 40
23:50:27 4 0 32
23:50:58 4 0 32
23:51:28 4 0 41
23:51:58 4 0 42
23:52:29 4 0 43
23:52:59 4 0 41
23:53:30 4 0 39
23:54:00 4 0 40
23:54:30 4 0 44
23:55:01 4 0 43
23:55:32 3 1 43
23:56:02 4 0 43
23:56:32 4 0 42
23:57:03 4 0 40
23:57:34 4 0 41
23:58:04 4 0 41
23:58:34 4 0 42
23:59:04 4 0 43
23:59:35 4 0 42
