00:00:13 4 0 31
00:00:39 4 0 38
00:01:20 4 0 33
00:02:07 4 0 33
00:02:33 4 0 33
00:02:55 4 0 32
00:03:24 4 0 31
00:03:41 4 0 30
00:04:18 4 0 32
00:04:48 4 0 32
00:05:18 4 0 32
00:05:57 4 0 33
00:06:22 4 0 34
00:06:52 4 0 32
00:07:28 4 0 33
00:07:55 4 0 32
00:08:23 4 0 48
02:00:06 4 0 29
02:00:36 4 0 33
02:01:06 4 0 32
02:01:36 4 0 34
02:02:06 4 0 33
02:02:36 4 0 34
02:03:07 4 0 32
02:03:37 4 0 33
02:04:07 4 0 32
02:04:37 4 0 31
02:05:08 4 0 32
02:05:38 4 0 32
02:06:08 4 0 32
02:06:38 4 0 32
02:07:08 4 0 33
02:07:39 4 0 35
02:08:09 4 0 32
02:08:39 4 0 33
02:09:09 4 0 33
02:09:39 4 0 33
02:10:10 4 0 34
02:10:40 4 0 34
02:11:10 4 0 31
02:11:40 4 0 34
02:12:10 4 0 33
02:12:41 4 0 30
02:13:11 4 0 35
02:13:41 4 0 32
02:14:11 4 0 34
02:14:42 4 0 32
02:15:12 4 0 28
02:15:42 4 0 33
02:16:12 4 0 29
02:16:42 4 0 33
02:17:12 4 0 32
02:17:43 4 0 34
02:18:13 4 0 32
02:18:43 4 0 32
02:19:14 4 0 35
02:19:45 3 1 30
02:20:14 4 0 32
02:20:44 4 0 32
02:21:14 4 0 32
02:21:45 4 0 33
02:22:15 4 0 34
02:22:45 4 0 32
02:23:15 4 0 33
02:23:45 4 0 32
02:24:16 4 0 32
02:24:46 4 0 34
02:25:16 4 0 34
02:25:46 4 0 32
02:26:16 4 0 34
02:26:47 4 0 32
02:27:17 4 0 34
02:27:47 4 0 32
02:28:17 4 0 33
02:28:48 4 0 33
02:29:18 4 0 34
02:29:48 4 0 33
02:30:18 4 0 32
02:30:48 4 0 32
02:31:19 4 0 34
02:31:49 4 0 31
02:32:19 4 0 32
02:32:49 4 0 33
02:33:20 3 1 32
02:33:50 4 0 32
02:34:20 4 0 33
02:34:50 4 0 29
02:35:20 4 0 34
02:35:50 4 0 30
02:36:21 4 0 34
02:36:51 4 0 32
02:37:21 4 0 33
02:37:51 4 0 33
02:38:21 4 0 34
02:38:52 4 0 33
02:39:22 4 0 31
02:39:52 4 0 32
02:40:22 4 0 31
02:40:52 4 0 30
02:41:24 3 1 34
02:41:53 4 0 33
02:42:23 4 0 33
02:42:53 4 0 31
02:43:23 4 0 34
02:43:54 4 0 34
02:44:24 4 0 31
02:44:54 4 0 32
02:45:24 4 0 33
02:45:54 4 0 33
02:46:24 4 0 32
02:46:55 4 0 33
02:47:25 4 0 32
02:47:55 4 0 33
02:48:25 4 0 46
02:48:56 4 0 29
02:49:26 4 0 33
02:49:56 4 0 34
02:50:26 4 0 33
02:50:56 4 0 32
02:51:27 4 0 34
02:51:57 4 0 31
02:52:27 4 0 35
02:52:57 4 0 32
02:53:27 4 0 33
02:53:58 4 0 33
02:54:28 4 0 31
02:54:58 4 0 32
02:55:28 4 0 34
02:55:58 4 0 34
02:56:29 4 0 33
02:56:59 4 0 30
02:57:29 4 0 32
02:57:59 4 0 31
02:58:29 4 0 33
02:59:00 4 0 28
02:59:30 4 0 30
03:00:00 4 0 34
03:00:30 4 0 34
03:01:00 4 0 31
03:01:30 4 0 36
03:02:01 4 0 31
03:02:31 4 0 34
03:03:01 4 0 32
03:03:31 4 0 32
03:04:02 4 0 32
03:04:32 4 0 33
03:05:02 4 0 32
03:05:32 4 0 34
03:06:03 4 0 35
03:06:33 4 0 34
03:07:03 4 0 32
03:07:34 4 0 33
03:08:04 4 0 33
03:08:35 4 0 36
03:09:05 4 0 32
03:09:35 4 0 33
03:10:05 4 0 33
03:10:35 4 0 33
03:11:06 4 0 32
03:11:36 4 0 32
03:12:06 4 0 32
03:12:36 4 0 33
03:13:06 4 0 34
03:13:36 4 0 33
03:14:07 4 0 31
03:14:37 4 0 31
03:15:07 4 0 33
03:15:37 4 0 34
03:16:07 4 0 33
03:16:37 4 0 34
03:17:08 4 0 32
03:17:38 4 0 31
03:18:08 4 0 35
03:18:38 4 0 33
03:19:08 4 0 32
03:19:38 4 0 33
03:20:09 4 0 33
03:20:39 4 0 33
03:21:09 4 0 32
03:21:39 4 0 33
03:22:09 4 0 32
03:22:39 4 0 34
03:23:10 4 0 33
03:23:40 4 0 32
03:24:10 4 0 32
03:24:40 4 0 35
03:25:10 4 0 34
03:25:40 4 0 32
03:26:11 4 0 32
03:26:41 4 0 32
03:27:11 4 0 32
03:27:41 4 0 36
03:28:11 4 0 33
03:28:41 4 0 35
03:29:12 4 0 34
03:29:42 4 0 33
03:30:12 4 0 32
03:30:42 4 0 32
03:31:12 4 0 34
03:31:42 4 0 33
03:32:13 4 0 33
03:32:43 4 0 33
03:33:13 4 0 33
03:33:43 4 0 35
03:34:13 4 0 31
03:34:43 4 0 33
03:35:14 4 0 35
03:35:44 4 0 33
03:36:14 4 0 32
03:36:44 4 0 34
03:37:14 4 0 35
03:37:44 4 0 32
03:38:15 4 0 32
03:38:45 4 0 33
03:39:15 4 0 34
03:39:45 4 0 32
03:40:15 4 0 32
03:40:46 4 0 34
03:41:16 4 0 32
03:41:46 4 0 33
03:42:16 4 0 33
03:42:46 4 0 40
03:43:17 4 0 31
03:43:47 4 0 33
03:44:17 4 0 32
03:44:47 4 0 32
03:45:17 4 0 33
03:45:47 4 0 32
03:46:18 4 0 32
03:46:48 4 0 33
03:47:18 4 0 33
03:47:48 4 0 35
03:48:18 4 0 28
03:48:48 4 0 34
03:49:19 4 0 33
03:49:49 4 0 34
03:50:19 4 0 33
03:50:49 4 0 37
03:51:19 4 0 34
03:51:49 4 0 32
03:52:20 4 0 33
03:52:50 4 0 33
03:53:20 4 0 32
03:53:50 4 0 31
03:54:20 4 0 31
03:54:50 4 0 32
03:55:21 4 0 33
03:55:51 4 0 33
03:56:21 4 0 31
03:56:51 4 0 34
03:57:21 4 0 32
03:57:51 4 0 33
03:58:22 4 0 31
03:58:52 4 0 33
03:59:22 4 0 32
03:59:52 4 0 34
04:00:22 4 0 34
04:00:52 4 0 33
04:01:23 4 0 31
04:01:54 3 1 34
04:02:23 4 0 33
04:02:53 4 0 33
04:03:23 4 0 33
04:03:53 4 0 34
04:04:24 4 0 32
04:04:54 4 0 31
04:05:24 4 0 33
04:05:54 4 0 33
04:06:24 4 0 30
04:06:54 4 0 34
04:07:25 4 0 34
04:07:55 4 0 32
04:08:25 4 0 32
04:08:55 4 0 34
04:09:25 4 0 35
04:09:55 4 0 33
04:10:26 4 0 33
04:10:56 4 0 32
04:11:26 4 0 33
04:11:56 4 0 34
04:12:26 4 0 34
04:12:56 4 0 33
04:13:27 4 0 35
04:13:57 4 0 33
04:14:27 4 0 33
04:14:57 4 0 32
04:15:27 4 0 32
04:15:57 4 0 31
04:16:28 4 0 32
04:16:58 4 0 31
04:17:28 4 0 33
04:17:58 4 0 33
04:18:28 4 0 33
04:18:58 4 0 35
04:19:29 4 0 31
04:19:59 4 0 31
04:20:29 4 0 33
04:20:59 4 0 32
04:21:29 4 0 33
04:21:59 4 0 31
04:22:30 4 0 31
04:23:00 4 0 34
04:23:30 4 0 47
04:24:00 4 0 35
04:24:30 4 0 31
04:25:00 4 0 32
04:25:31 4 0 32
04:26:01 4 0 32
04:26:31 4 0 32
04:27:01 4 0 34
04:27:31 4 0 31
04:28:01 4 0 31
04:28:32 4 0 32
04:29:02 4 0 34
04:29:32 4 0 30
04:30:02 4 0 32
04:30:32 4 0 32
04:31:03 4 0 32
04:31:33 4 0 31
04:32:03 4 0 31
04:32:33 4 0 34
04:33:03 4 0 32
04:33:34 4 0 29
04:34:04 4 0 32
04:34:34 4 0 34
04:35:04 4 0 30
04:35:34 4 0 31
04:36:04 4 0 33
04:36:34 4 0 32
04:37:05 4 0 34
04:37:35 4 0 34
04:38:05 4 0 35
04:38:35 4 0 32
04:39:05 4 0 35
04:39:36 4 0 32
04:40:06 4 0 34
04:40:36 4 0 34
04:41:06 4 0 35
04:41:36 4 0 34
04:42:07 4 0 31
04:42:37 4 0 34
04:43:07 4 0 33
04:43:37 4 0 31
04:44:07 4 0 34
04:44:38 4 0 32
04:45:08 4 0 33
04:45:38 4 0 38
04:46:08 4 0 33
04:46:38 4 0 32
04:47:08 4 0 32
04:47:39 4 0 32
04:48:09 4 0 32
04:48:39 4 0 32
04:49:09 4 0 33
04:49:39 4 0 32
04:50:09 4 0 32
04:50:40 4 0 32
04:51:10 4 0 35
04:51:40 4 0 32
04:52:10 4 0 33
04:52:40 4 0 34
04:53:10 4 0 34
04:53:41 4 0 32
04:54:11 4 0 32
04:54:41 4 0 33
04:55:11 4 0 31
04:55:41 4 0 31
04:56:11 4 0 31
04:56:42 4 0 32
04:57:12 4 0 32
04:57:42 4 0 31
04:58:12 4 0 31
04:58:42 4 0 31
04:59:12 4 0 37
04:59:43 4 0 32
05:00:13 4 0 31
05:00:43 4 0 33
05:01:13 4 0 34
05:01:43 4 0 32
05:02:13 4 0 33
05:02:44 4 0 34
05:03:14 4 0 33
05:03:44 4 0 29
05:04:14 4 0 33
05:04:44 4 0 32
05:05:14 4 0 34
05:05:45 4 0 32
05:06:15 4 0 32
05:06:45 4 0 32
05:07:15 4 0 31
05:07:45 4 0 34
05:08:15 4 0 31
05:08:46 4 0 30
05:09:16 4 0 32
05:09:46 4 0 34
05:10:16 4 0 35
05:10:46 4 0 32
05:11:17 4 0 32
05:11:47 4 0 30
05:12:17 4 0 34
05:12:47 4 0 33
05:13:17 4 0 33
05:13:47 4 0 33
05:14:18 4 0 34
05:14:48 4 0 33
05:15:18 4 0 31
05:15:48 4 0 37
05:16:18 4 0 33
05:16:48 4 0 29
05:17:19 4 0 34
05:17:49 4 0 32
05:18:19 4 0 33
05:18:49 4 0 33
05:19:19 4 0 34
05:19:50 4 0 31
05:20:20 4 0 33
05:20:50 4 0 34
05:21:20 4 0 33
05:21:50 4 0 33
05:22:20 4 0 33
05:22:51 4 0 30
05:23:21 4 0 33
05:23:51 4 0 33
05:24:21 4 0 32
05:24:51 4 0 32
05:25:22 4 0 34
05:25:52 4 0 34
05:26:22 4 0 30
05:26:52 4 0 32
05:27:22 4 0 32
05:27:52 4 0 32
05:28:23 4 0 33
05:28:53 4 0 32
05:29:23 4 0 34
05:29:53 4 0 33
05:30:23 4 0 32
05:30:53 4 0 35
05:31:24 4 0 32
05:31:54 4 0 30
05:32:24 4 0 36
05:32:54 4 0 32
05:33:24 4 0 33
05:33:54 4 0 34
05:34:25 4 0 34
05:34:55 4 0 33
05:35:25 4 0 29
05:35:55 4 0 31
05:36:25 4 0 34
05:36:55 4 0 32
05:37:26 4 0 33
05:37:56 4 0 33
05:38:26 4 0 34
05:38:56 4 0 30
05:39:26 4 0 30
05:39:56 4 0 32
05:40:27 4 0 35
05:40:57 4 0 32
05:41:27 4 0 30
05:41:57 4 0 33
05:42:27 4 0 33
05:42:58 4 0 31
05:43:28 4 0 34
05:43:58 4 0 29
05:44:28 4 0 32
05:44:59 3 1 34
05:45:28 4 0 28
05:45:59 4 0 32
05:46:29 4 0 35
05:46:59 4 0 30
05:47:29 4 0 31
05:47:59 4 0 33
05:48:29 4 0 35
05:49:00 4 0 33
05:49:30 4 0 33
05:50:00 4 0 51
05:50:30 4 0 33
05:51:00 4 0 31
05:51:30 4 0 34
05:52:02 3 1 32
05:52:31 4 0 32
05:53:01 4 0 32
05:53:31 4 0 34
05:54:01 4 0 33
05:54:31 4 0 31
05:55:02 4 0 31
05:55:32 4 0 34
05:56:02 4 0 32
05:56:32 4 0 33
05:57:02 4 0 32
05:57:32 4 0 35
05:58:03 4 0 34
05:58:33 4 0 53
05:59:03 4 0 32
05:59:33 4 0 33
06:00:05 3 1 31
06:00:34 4 0 33
06:01:04 4 0 35
06:01:34 4 0 32
06:02:04 4 0 31
06:02:35 4 0 36
06:03:05 4 0 34
06:03:35 4 0 32
06:04:05 4 0 31
06:04:35 4 0 36
06:05:06 4 0 33
06:05:36 4 0 32
06:06:06 4 0 33
06:06:36 4 0 33
06:07:06 4 0 33
06:07:37 4 0 32
06:08:07 4 0 33
06:08:37 4 0 31
06:09:07 4 0 32
06:09:37 4 0 34
06:10:07 4 0 31
06:10:38 4 0 34
06:11:08 4 0 30
06:11:38 4 0 30
06:12:08 4 0 31
06:12:38 4 0 29
06:13:09 4 0 32
06:13:39 4 0 31
06:14:09 4 0 32
06:14:39 4 0 31
06:15:09 4 0 31
06:15:39 4 0 34
06:16:10 4 0 33
06:16:40 4 0 33
06:17:10 4 0 33
06:17:40 4 0 33
06:18:10 4 0 33
06:18:41 4 0 60
06:19:11 4 0 31
06:19:41 4 0 32
06:20:11 4 0 32
06:20:41 4 0 33
06:21:12 3 1 30
06:21:41 4 0 30
06:22:12 4 0 32
06:22:42 4 0 34
06:23:12 4 0 32
06:23:42 4 0 33
06:24:12 4 0 32
06:24:43 4 0 32
06:25:13 4 0 31
06:25:43 4 0 35
06:26:13 4 0 33
06:26:43 4 0 33
06:27:13 4 0 34
06:27:44 4 0 32
06:28:14 4 0 33
06:28:44 4 0 50
06:29:14 4 0 31
06:29:44 4 0 34
06:30:14 4 0 32
06:30:45 4 0 29
06:31:15 4 0 33
06:31:45 4 0 34
06:32:15 4 0 32
06:32:45 4 0 33
06:33:15 4 0 32
06:33:46 4 0 32
06:34:16 4 0 35
06:34:46 4 0 32
06:35:16 4 0 33
06:35:46 4 0 32
06:36:16 4 0 32
06:36:47 4 0 33
06:37:17 4 0 31
06:37:47 4 0 33
06:38:17 4 0 34
06:38:47 4 0 33
06:39:18 4 0 30
06:39:48 4 0 32
06:40:18 4 0 37
06:40:48 4 0 34
06:41:18 4 0 32
06:41:48 4 0 32
06:42:19 4 0 32
06:42:50 3 1 32
06:43:19 4 0 30
06:43:49 4 0 33
06:44:19 4 0 34
06:44:49 4 0 35
06:45:20 4 0 34
06:45:50 4 0 32
06:46:20 4 0 31
06:46:50 4 0 31
06:47:20 4 0 33
06:47:50 4 0 33
06:48:21 4 0 31
06:48:51 4 0 35
06:49:21 4 0 31
06:49:51 4 0 34
06:50:21 4 0 33
06:50:51 4 0 32
06:51:22 4 0 32
06:51:52 4 0 31
06:52:22 4 0 32
06:52:52 4 0 61
06:53:22 4 0 32
06:53:52 4 0 31
06:54:23 4 0 34
06:54:53 4 0 34
06:55:23 4 0 32
06:55:53 4 0 34
06:56:23 4 0 32
06:56:53 4 0 33
06:57:24 4 0 33
06:57:54 4 0 32
06:58:24 4 0 30
06:58:54 4 0 33
06:59:24 4 0 31
06:59:54 4 0 31
07:00:24 4 0 32
07:00:55 4 0 34
07:01:25 4 0 33
07:01:55 4 0 31
07:02:25 4 0 33
07:02:55 4 0 35
07:03:26 4 0 31
07:03:56 4 0 41
07:04:26 4 0 33
07:04:56 4 0 33
07:05:26 4 0 32
07:05:56 4 0 33
07:06:27 4 0 31
07:06:57 4 0 33
07:07:27 4 0 32
07:07:57 4 0 33
07:08:27 4 0 34
07:08:57 4 0 33
07:09:27 4 0 30
07:09:58 4 0 32
07:10:28 4 0 35
07:10:58 4 0 33
07:11:28 4 0 34
07:11:58 4 0 33
07:12:29 4 0 33
07:12:59 4 0 33
07:13:29 4 0 49
07:13:59 4 0 32
07:14:29 4 0 33
07:14:59 4 0 34
07:15:30 4 0 37
07:16:00 4 0 32
07:16:30 4 0 32
07:17:00 4 0 35
07:17:30 4 0 34
07:18:00 4 0 33
07:18:31 4 0 32
07:19:01 4 0 35
07:19:31 4 0 32
07:20:01 4 0 32
07:20:31 4 0 33
07:21:01 4 0 30
07:21:32 4 0 33
07:22:02 4 0 33
07:22:32 4 0 33
07:23:02 4 0 31
07:23:32 4 0 34
07:24:02 4 0 33
07:24:33 4 0 31
07:25:03 4 0 34
07:25:33 4 0 34
07:26:03 4 0 30
07:26:34 4 0 36
07:27:05 4 0 33
07:27:35 4 0 33
07:28:05 4 0 30
07:28:35 4 0 33
07:29:05 4 0 32
07:29:35 4 0 34
07:30:06 4 0 34
07:30:36 4 0 32
07:31:06 4 0 32
07:31:36 4 0 32
07:32:06 4 0 33
07:32:37 4 0 32
07:33:07 4 0 32
07:33:37 4 0 32
07:34:07 4 0 33
07:34:37 4 0 32
07:35:07 4 0 31
07:35:37 4 0 33
07:36:08 4 0 32
07:36:38 4 0 33
07:37:08 4 0 32
07:37:38 4 0 32
07:38:08 4 0 30
07:38:39 4 0 56
07:39:09 4 0 30
07:39:39 4 0 40
07:40:09 4 0 32
07:40:39 4 0 34
07:41:09 4 0 32
07:41:40 4 0 32
07:42:10 4 0 37
07:42:40 4 0 32
07:43:10 4 0 33
07:43:40 4 0 32
07:44:10 4 0 32
07:44:40 4 0 32
07:45:11 4 0 30
07:45:41 4 0 32
07:46:11 4 0 33
07:46:41 4 0 29
07:47:11 4 0 34
07:47:41 4 0 34
07:48:12 4 0 30
07:48:42 4 0 32
07:49:12 4 0 32
07:49:42 4 0 34
07:50:12 4 0 32
07:50:42 4 0 32
07:51:13 4 0 65
07:51:43 4 0 33
07:52:13 4 0 34
07:52:43 4 0 64
07:53:13 4 0 32
07:53:43 4 0 32
07:54:14 4 0 32
07:54:44 4 0 31
07:55:14 4 0 34
07:55:44 4 0 33
07:56:14 4 0 33
07:56:44 4 0 30
07:57:14 4 0 29
07:57:45 4 0 35
07:58:15 4 0 34
07:58:45 4 0 32
07:59:15 4 0 32
07:59:45 4 0 32
08:00:15 4 0 31
08:00:46 4 0 32
08:01:16 4 0 32
08:01:46 4 0 32
08:02:16 4 0 32
08:02:46 4 0 33
08:03:16 4 0 34
08:03:46 4 0 32
08:04:17 4 0 30
08:04:47 4 0 32
08:05:17 4 0 32
08:05:47 4 0 33
08:06:17 4 0 33
08:06:47 4 0 33
08:07:18 4 0 33
08:07:48 4 0 32
08:08:18 4 0 31
08:08:48 4 0 32
08:09:18 4 0 34
08:09:48 4 0 33
08:10:18 4 0 28
08:10:48 4 0 29
08:11:20 3 1 29
08:11:49 4 0 31
08:12:19 4 0 33
08:12:49 4 0 30
08:13:19 4 0 33
08:13:49 4 0 32
08:14:20 4 0 34
08:14:50 4 0 34
08:15:20 4 0 30
08:15:50 4 0 33
08:16:20 4 0 33
08:16:50 4 0 33
08:17:21 4 0 32
08:17:51 4 0 33
08:18:21 4 0 32
08:18:51 4 0 31
08:19:21 4 0 32
08:19:51 4 0 32
08:20:22 4 0 32
08:20:52 4 0 34
08:21:22 4 0 34
08:21:52 4 0 30
08:22:23 4 0 31
08:22:53 4 0 33
08:23:23 4 0 34
08:23:53 4 0 33
08:24:24 4 0 33
08:24:54 4 0 32
08:25:24 4 0 33
08:25:54 4 0 32
08:26:24 4 0 32
08:26:54 4 0 45
08:27:25 4 0 31
08:27:55 4 0 34
08:28:25 4 0 30
08:28:55 4 0 32
08:29:25 4 0 32
08:29:55 4 0 33
08:30:26 4 0 31
08:30:56 4 0 33
08:31:26 4 0 32
08:31:56 4 0 32
08:32:26 4 0 32
08:32:56 4 0 32
08:33:26 4 0 31
08:33:57 4 0 30
08:34:27 4 0 32
08:34:57 4 0 32
08:35:27 4 0 32
08:35:57 4 0 32
08:36:27 4 0 33
08:36:57 4 0 31
08:37:28 4 0 33
08:37:58 4 0 32
08:38:28 4 0 33
08:38:59 3 1 32
08:39:28 4 0 33
08:39:58 4 0 32
08:40:29 4 0 32
08:40:59 4 0 33
08:41:29 4 0 32
08:41:59 4 0 32
08:42:30 4 0 32
08:43:00 4 0 29
08:43:31 4 0 34
08:44:01 4 0 33
08:44:31 4 0 32
08:45:01 4 0 33
08:45:32 4 0 34
08:46:02 4 0 31
08:46:32 4 0 32
08:47:02 4 0 32
08:47:32 4 0 34
08:48:02 4 0 31
08:48:33 4 0 34
08:49:03 4 0 34
08:49:33 4 0 32
08:50:03 4 0 32
08:50:33 4 0 31
08:51:03 4 0 33
08:51:34 4 0 31
08:52:04 4 0 32
08:52:34 4 0 32
08:53:04 4 0 32
08:53:34 4 0 31
08:54:04 4 0 28
08:54:35 4 0 31
08:55:05 4 0 32
08:55:35 4 0 32
08:56:06 4 0 33
08:56:36 4 0 32
08:57:06 4 0 34
08:57:36 4 0 32
08:58:07 4 0 30
08:58:38 4 0 32
08:59:08 4 0 31
08:59:38 4 0 33
09:00:08 4 0 33
09:00:40 3 1 34
09:01:09 4 0 32
09:01:39 4 0 33
09:02:09 4 0 33
09:02:40 3 1 32
09:03:11 3 1 75
09:03:39 4 0 32
09:04:09 4 0 33
09:04:40 4 0 32
09:05:10 4 0 33
09:05:40 4 0 31
09:06:10 4 0 31
09:06:40 4 0 32
09:07:10 4 0 32
09:07:40 4 0 32
09:08:10 4 0 30
09:08:41 4 0 32
09:09:11 4 0 32
09:09:41 4 0 32
09:10:11 4 0 32
09:10:41 4 0 34
09:11:11 4 0 33
09:11:41 4 0 29
09:12:11 4 0 31
09:12:42 4 0 32
09:13:12 4 0 31
09:13:42 4 0 32
09:14:12 4 0 32
09:14:42 4 0 32
09:15:12 4 0 31
09:15:42 4 0 29
09:16:12 4 0 33
09:16:43 4 0 32
09:17:13 4 0 32
09:17:43 4 0 33
09:18:14 4 0 32
09:18:44 4 0 36
09:19:14 4 0 32
09:19:44 4 0 33
09:20:14 4 0 33
09:20:44 4 0 31
09:21:14 4 0 29
09:21:44 4 0 33
09:22:14 4 0 33
09:22:45 4 0 32
09:23:15 4 0 32
09:23:45 4 0 34
09:24:15 4 0 33
09:24:45 4 0 32
09:25:15 4 0 33
09:25:45 4 0 34
09:26:16 4 0 32
09:26:46 4 0 32
09:27:16 4 0 66
09:27:46 4 0 32
09:28:16 4 0 29
09:28:46 4 0 32
09:29:16 4 0 31
09:29:47 4 0 31
09:30:17 4 0 34
09:30:47 4 0 32
09:31:17 4 0 33
09:31:47 4 0 30
09:32:17 4 0 32
09:32:48 4 0 33
09:33:18 4 0 31
09:33:48 4 0 31
09:34:18 4 0 32
09:34:48 4 0 32
09:35:18 4 0 32
09:35:48 4 0 31
09:36:20 3 1 33
09:36:49 4 0 29
09:37:19 4 0 68
09:37:49 4 0 33
09:38:19 4 0 32
09:38:50 4 0 32
09:39:20 4 0 33
09:39:50 4 0 34
09:40:20 4 0 31
09:40:50 4 0 32
09:41:21 4 0 31
09:41:51 4 0 29
09:42:21 4 0 33
09:42:51 4 0 32
09:43:21 4 0 34
09:43:51 4 0 32
09:44:21 4 0 30
09:44:51 4 0 29
09:45:21 4 0 33
09:45:52 4 0 32
09:46:22 4 0 51
09:46:52 4 0 33
09:47:22 4 0 31
09:47:52 4 0 33
09:48:22 4 0 32
09:48:52 4 0 32
09:49:23 4 0 33
09:49:53 4 0 34
09:50:23 4 0 33
09:50:53 4 0 32
09:51:23 4 0 34
09:51:54 4 0 37
09:52:24 4 0 34
09:52:54 4 0 32
09:53:24 4 0 31
09:53:55 4 0 32
09:54:25 4 0 34
09:54:55 4 0 32
09:55:25 4 0 33
09:55:55 4 0 30
09:56:25 4 0 33
09:56:55 4 0 33
09:57:25 4 0 32
09:57:56 4 0 32
09:58:26 4 0 32
09:58:56 4 0 32
09:59:26 4 0 31
09:59:56 4 0 34
10:00:26 4 0 34
10:00:56 4 0 33
10:01:26 4 0 32
10:01:57 4 0 33
10:02:27 4 0 33
10:02:57 4 0 33
10:03:27 4 0 33
10:03:58 3 1 30
10:04:27 4 0 32
10:04:57 4 0 31
10:05:27 4 0 31
10:05:57 4 0 32
10:06:27 4 0 32
10:06:58 4 0 34
10:07:28 4 0 32
10:07:58 4 0 33
10:08:28 4 0 32
10:08:58 4 0 34
10:09:28 4 0 33
10:09:58 4 0 31
10:10:28 4 0 32
10:10:59 4 0 32
10:11:29 4 0 51
10:11:59 4 0 67
10:12:29 4 0 88
10:12:59 4 0 84
10:13:29 4 0 81
10:14:00 4 0 70
10:14:30 4 0 64
10:15:00 4 0 66
10:15:30 4 0 51
10:16:00 4 0 70
10:16:32 2 2 66
10:17:00 4 0 79
10:17:30 4 0 56
10:18:01 4 0 85
10:18:32 3 1 67
10:19:01 4 0 78
10:19:31 4 0 67
10:20:01 4 0 77
10:20:31 4 0 71
10:21:02 4 0 76
10:21:32 4 0 74
10:22:03 4 0 65
10:22:33 4 0 58
10:23:03 4 0 68
10:23:34 3 1 68
10:24:04 4 0 75
10:24:34 4 0 34
10:25:05 4 0 32
10:25:35 4 0 34
10:26:05 4 0 31
10:26:36 4 0 34
10:27:07 4 0 33
10:27:37 4 0 33
10:28:07 4 0 32
10:28:37 4 0 31
10:29:07 4 0 34
10:29:38 4 0 32
10:30:08 4 0 33
10:30:38 4 0 33
10:31:08 4 0 33
10:31:38 4 0 32
10:32:08 4 0 32
10:32:38 4 0 33
10:33:09 4 0 32
10:33:39 4 0 29
10:34:09 4 0 34
10:34:39 4 0 32
10:35:10 3 1 34
10:35:39 4 0 31
10:36:09 4 0 32
10:36:39 4 0 32
10:37:10 4 0 33
10:37:40 4 0 31
10:38:11 4 0 32
10:38:41 4 0 32
10:39:11 4 0 33
10:39:41 4 0 31
10:40:12 4 0 81
10:40:42 4 0 32
10:41:12 4 0 34
10:41:42 4 0 31
10:42:12 4 0 33
10:42:42 4 0 31
10:43:14 3 1 32
10:43:43 4 0 32
10:44:13 4 0 34
10:44:43 4 0 32
10:45:13 4 0 29
10:45:43 4 0 32
10:46:14 4 0 32
10:46:44 4 0 33
10:47:14 4 0 32
10:47:44 4 0 39
10:48:14 4 0 33
10:48:44 4 0 33
10:49:15 4 0 32
10:49:45 4 0 35
10:50:15 4 0 31
10:50:45 4 0 32
10:51:16 4 0 34
10:51:46 3 1 32
10:52:16 4 0 32
10:52:46 4 0 32
10:53:16 4 0 33
10:53:46 4 0 34
10:54:17 4 0 77
10:54:47 4 0 31
10:55:17 4 0 32
10:55:47 4 0 32
10:56:18 4 0 33
10:56:48 4 0 31
10:57:18 4 0 34
10:57:49 4 0 33
10:58:19 4 0 29
10:58:49 4 0 31
10:59:20 4 0 32
10:59:50 4 0 33
11:00:20 4 0 33
11:00:50 4 0 32
11:01:20 4 0 31
11:01:50 4 0 31
11:02:21 4 0 31
11:02:51 4 0 31
11:03:21 4 0 32
11:03:51 4 0 34
11:04:21 4 0 33
11:04:51 4 0 30
11:05:22 4 0 32
11:05:52 4 0 32
11:06:22 4 0 32
11:06:52 4 0 31
11:07:23 4 0 34
11:07:53 4 0 33
11:08:23 4 0 31
11:08:53 4 0 33
11:09:23 4 0 34
11:09:53 4 0 33
11:10:24 4 0 34
11:10:54 4 0 30
11:11:24 4 0 29
11:11:54 4 0 32
11:12:24 4 0 32
11:12:54 4 0 34
11:13:25 4 0 33
11:13:55 4 0 32
11:14:25 4 0 36
11:14:55 4 0 32
11:15:26 4 0 32
11:15:56 4 0 30
11:16:26 4 0 35
11:16:57 4 0 33
11:17:27 4 0 32
11:17:57 4 0 33
11:18:27 4 0 32
11:18:57 4 0 33
11:19:27 4 0 34
11:19:57 4 0 31
11:20:28 4 0 46
11:20:58 4 0 32
11:21:28 4 0 32
11:21:58 4 0 33
11:22:28 4 0 33
11:22:58 4 0 29
11:23:29 4 0 31
11:23:59 4 0 34
11:24:29 4 0 31
11:24:59 4 0 33
11:25:29 4 0 32
11:25:59 4 0 32
11:26:29 4 0 34
11:26:59 4 0 34
11:27:31 3 1 32
11:28:00 4 0 31
11:28:30 4 0 32
11:29:00 4 0 33
11:29:30 4 0 33
11:30:00 4 0 30
11:30:30 4 0 33
11:31:00 4 0 31
11:31:31 4 0 32
11:32:01 4 0 33
11:32:31 4 0 34
11:33:01 4 0 30
11:33:31 4 0 31
11:34:01 4 0 36
11:34:32 4 0 52
11:35:02 4 0 34
11:35:32 4 0 34
11:36:02 4 0 30
11:36:32 4 0 35
11:37:03 4 0 31
11:37:34 4 0 37
11:38:04 4 0 33
11:38:34 4 0 32
11:39:04 4 0 33
11:39:34 4 0 32
11:40:04 4 0 32
11:40:35 4 0 32
11:41:05 4 0 34
11:41:35 4 0 33
11:42:05 4 0 34
11:42:36 3 1 33
11:43:05 4 0 32
11:43:35 4 0 32
11:44:06 4 0 30
11:44:36 4 0 32
11:45:06 4 0 33
11:45:37 4 0 32
11:46:07 4 0 31
11:46:38 4 0 34
11:47:08 4 0 34
11:47:38 4 0 31
11:48:08 4 0 33
11:48:38 4 0 33
11:49:08 4 0 35
11:49:39 4 0 33
11:50:09 4 0 32
11:50:39 4 0 34
11:51:09 4 0 35
11:51:40 4 0 31
11:52:10 4 0 32
11:52:40 4 0 34
11:53:10 4 0 31
11:53:40 4 0 30
11:54:11 4 0 33
11:54:41 4 0 35
11:55:11 4 0 32
11:55:41 4 0 33
11:56:11 4 0 32
11:56:41 4 0 57
11:57:11 4 0 32
11:57:42 4 0 32
11:58:12 4 0 32
11:58:42 4 0 32
11:59:13 3 1 32
11:59:42 4 0 47
12:00:12 4 0 31
12:00:42 4 0 31
12:01:12 4 0 34
12:01:43 4 0 31
12:02:13 4 0 29
12:02:43 4 0 32
12:03:13 4 0 32
12:03:43 4 0 33
12:04:13 4 0 63
12:04:43 4 0 32
12:05:14 4 0 33
12:05:44 4 0 32
12:06:14 4 0 33
12:06:45 4 0 33
12:07:15 4 0 30
12:07:45 4 0 32
12:08:15 4 0 32
12:08:45 4 0 32
12:09:15 4 0 36
12:09:46 4 0 37
12:10:16 4 0 32
12:10:47 4 0 32
12:11:17 4 0 33
12:11:47 4 0 31
12:12:17 4 0 34
12:12:47 4 0 31
12:13:17 4 0 34
12:13:47 4 0 32
12:14:18 4 0 34
12:14:48 4 0 32
12:15:18 4 0 33
12:15:48 4 0 29
12:16:18 4 0 32
12:16:49 4 0 34
12:17:19 4 0 30
12:17:50 4 0 33
12:18:20 4 0 31
12:18:50 4 0 32
12:19:20 4 0 32
12:19:50 4 0 32
12:20:20 4 0 30
12:20:51 4 0 34
12:21:21 4 0 34
12:21:51 4 0 32
12:22:21 4 0 29
12:22:51 4 0 31
12:23:21 4 0 31
12:23:51 4 0 31
12:24:21 4 0 32
12:24:52 4 0 32
12:25:22 4 0 34
12:25:52 4 0 32
12:26:22 4 0 32
12:26:52 4 0 32
12:27:22 4 0 31
12:27:53 4 0 33
12:28:23 4 0 32
12:28:53 4 0 35
12:29:23 4 0 33
12:29:53 4 0 28
12:30:23 4 0 33
12:30:53 4 0 32
12:31:23 4 0 34
12:31:54 4 0 32
12:32:24 4 0 32
12:32:54 4 0 33
12:33:24 4 0 34
12:33:54 4 0 29
12:34:24 4 0 33
12:34:54 4 0 31
12:35:24 4 0 31
12:35:55 4 0 32
12:36:25 4 0 31
12:36:55 4 0 32
12:37:25 4 0 31
12:37:55 4 0 33
12:38:25 4 0 33
12:38:55 4 0 33
12:39:26 4 0 33
12:39:56 4 0 33
12:40:26 4 0 34
12:40:56 4 0 28
12:41:26 4 0 32
12:41:56 4 0 32
12:42:26 4 0 31
12:42:56 4 0 30
12:43:26 4 0 32
12:43:56 4 0 32
12:44:26 4 0 33
12:44:57 4 0 32
12:45:27 4 0 34
12:45:57 4 0 34
12:46:27 4 0 46
12:46:57 4 0 32
12:47:27 4 0 34
12:47:57 4 0 33
12:48:27 4 0 34
12:48:57 4 0 31
12:49:28 4 0 36
12:49:58 4 0 32
12:50:29 4 0 31
12:50:59 4 0 30
12:51:29 4 0 59
12:51:59 4 0 31
12:52:29 4 0 32
12:52:59 4 0 33
12:53:29 4 0 48
12:54:00 4 0 31
12:54:30 4 0 61
12:55:00 4 0 31
12:55:30 4 0 32
12:56:00 4 0 34
12:56:30 4 0 31
12:57:00 4 0 33
12:57:30 4 0 32
12:58:01 4 0 32
12:58:31 4 0 34
12:59:01 4 0 32
12:59:31 4 0 31
13:00:01 4 0 35
13:00:31 4 0 32
13:01:01 4 0 32
13:01:31 4 0 30
13:02:02 4 0 32
13:02:32 4 0 32
13:03:02 4 0 35
13:03:32 4 0 32
13:04:02 4 0 32
13:04:32 4 0 31
13:05:02 4 0 30
13:05:33 3 1 32
13:06:03 3 1 32
13:06:33 4 0 32
13:07:03 4 0 32
13:07:33 4 0 31
13:08:03 4 0 33
13:08:33 4 0 32
13:09:03 4 0 61
13:09:33 4 0 31
13:10:03 4 0 32
13:10:33 4 0 31
13:11:03 4 0 32
13:11:33 4 0 32
13:12:04 4 0 32
13:12:34 4 0 29
13:13:04 4 0 34
13:13:34 4 0 32
13:14:04 4 0 33
13:14:36 2 2 31
13:15:04 4 0 29
13:15:34 4 0 34
13:16:04 4 0 31
13:16:34 4 0 33
13:17:05 4 0 33
13:17:35 4 0 32
13:18:05 4 0 31
13:18:35 4 0 34
13:19:05 4 0 32
13:19:35 4 0 33
13:20:05 4 0 32
13:20:35 4 0 32
13:21:05 4 0 33
13:21:36 4 0 37
13:22:06 4 0 31
13:22:36 4 0 34
13:23:06 4 0 34
13:23:36 4 0 32
13:24:07 4 0 33
13:24:37 4 0 31
13:25:07 4 0 34
13:25:37 4 0 32
13:26:07 4 0 32
13:26:37 4 0 32
13:27:08 4 0 31
13:27:38 4 0 33
13:28:08 4 0 32
13:28:39 3 1 32
13:29:08 4 0 33
13:29:38 4 0 57
13:30:08 4 0 34
13:30:38 4 0 34
13:31:08 4 0 32
13:31:39 4 0 33
13:32:09 4 0 37
13:32:39 4 0 31
13:33:09 4 0 32
13:33:39 4 0 32
13:34:10 4 0 33
13:34:40 4 0 31
13:35:10 4 0 31
13:35:40 4 0 31
13:36:10 4 0 32
13:36:40 4 0 32
13:37:10 4 0 33
13:37:40 4 0 33
13:38:11 4 0 37
13:38:41 4 0 35
13:39:11 4 0 43
13:39:41 4 0 32
13:40:11 4 0 31
13:40:41 4 0 32
13:41:11 4 0 32
13:41:42 4 0 34
13:42:12 4 0 53
13:42:42 4 0 61
13:43:13 4 0 32
13:43:43 4 0 32
13:44:13 4 0 33
13:44:43 4 0 32
13:45:13 4 0 32
13:45:43 4 0 33
13:46:13 4 0 34
13:46:44 4 0 69
13:47:14 4 0 32
13:47:45 4 0 32
13:48:15 4 0 32
13:48:45 4 0 31
13:49:15 4 0 32
13:49:45 4 0 32
13:50:15 4 0 33
13:50:45 4 0 34
13:51:16 4 0 34
13:51:46 4 0 31
13:52:16 4 0 29
13:52:46 4 0 30
13:53:16 4 0 37
13:53:46 4 0 34
13:54:17 4 0 32
13:54:47 4 0 33
13:55:17 4 0 31
13:55:47 4 0 39
13:56:17 4 0 32
13:56:47 4 0 32
13:57:17 4 0 33
13:57:47 4 0 33
13:58:17 4 0 32
13:58:49 3 1 32
13:59:18 4 0 30
13:59:48 4 0 32
14:00:18 4 0 31
14:00:48 4 0 32
14:01:18 4 0 32
14:01:48 4 0 33
14:02:18 4 0 34
14:02:48 4 0 32
14:03:19 4 0 33
14:03:49 4 0 33
14:04:19 4 0 32
14:04:49 4 0 34
14:05:19 4 0 33
14:05:49 4 0 34
14:06:19 4 0 32
14:06:50 4 0 31
14:07:20 4 0 32
14:07:50 4 0 33
14:08:20 4 0 34
14:08:50 4 0 30
14:09:21 4 0 32
14:09:51 4 0 31
14:10:21 4 0 32
14:10:51 4 0 34
14:11:21 4 0 35
14:11:51 4 0 33
14:12:21 4 0 32
14:12:52 4 0 29
14:13:22 4 0 30
14:13:52 4 0 32
14:14:22 4 0 32
14:14:52 4 0 32
14:15:22 4 0 31
14:15:53 4 0 33
14:16:23 4 0 30
14:16:53 4 0 32
14:17:23 4 0 31
14:17:53 4 0 34
14:18:23 4 0 33
14:18:53 4 0 32
14:19:23 4 0 32
14:19:54 4 0 33
14:20:24 4 0 31
14:20:54 4 0 34
14:21:24 4 0 65
14:21:54 4 0 32
14:22:24 4 0 32
14:22:54 4 0 33
14:23:24 4 0 29
14:23:54 4 0 33
14:24:25 4 0 29
14:24:56 4 0 33
14:25:26 4 0 33
14:25:56 4 0 33
14:26:26 4 0 31
14:26:56 4 0 32
14:27:27 4 0 34
14:27:57 4 0 32
14:28:27 4 0 31
14:28:57 4 0 31
14:29:27 4 0 32
14:29:57 4 0 33
14:30:27 4 0 33
14:30:57 4 0 32
14:31:28 4 0 31
14:31:58 4 0 34
14:32:28 4 0 32
14:32:59 3 1 34
14:33:28 4 0 31
14:33:59 4 0 32
14:34:29 4 0 31
14:34:59 4 0 33
14:35:29 4 0 33
14:35:59 4 0 33
14:36:30 4 0 63
14:37:00 4 0 33
14:37:30 4 0 33
14:38:01 4 0 34
14:38:32 4 0 31
14:39:02 4 0 77
14:39:32 4 0 33
14:40:02 4 0 34
14:40:32 4 0 34
14:41:03 4 0 39
14:41:33 4 0 33
14:42:03 4 0 33
14:42:33 4 0 31
14:43:03 4 0 33
14:43:34 4 0 31
14:44:04 4 0 35
14:44:34 4 0 33
14:45:05 4 0 33
14:45:35 4 0 31
14:46:05 4 0 33
14:46:35 4 0 32
14:47:05 4 0 31
14:47:35 4 0 30
14:48:05 4 0 33
14:48:36 4 0 33
14:49:06 4 0 32
14:49:36 4 0 34
14:50:06 4 0 33
14:50:36 4 0 32
14:51:06 4 0 33
14:51:37 4 0 33
14:52:07 4 0 32
14:52:37 4 0 32
14:53:07 4 0 33
14:53:37 4 0 32
14:54:07 4 0 33
14:54:38 4 0 32
14:55:08 4 0 34
14:55:38 4 0 33
14:56:08 4 0 32
14:56:38 4 0 32
14:57:08 4 0 34
14:57:38 4 0 34
14:58:08 4 0 32
14:58:39 4 0 31
14:59:09 4 0 34
14:59:39 4 0 31
15:00:09 4 0 33
15:00:39 4 0 30
15:01:09 4 0 31
15:01:39 4 0 32
15:02:09 4 0 32
15:02:40 4 0 32
15:03:10 4 0 33
15:03:40 4 0 32
15:04:10 4 0 30
15:04:40 4 0 31
15:05:10 4 0 32
15:05:40 4 0 31
15:06:10 4 0 33
15:06:40 4 0 33
15:07:10 4 0 32
15:07:41 4 0 34
15:08:11 4 0 33
15:08:41 4 0 33
15:09:11 4 0 33
15:09:41 4 0 34
15:10:11 4 0 32
15:10:41 4 0 32
15:11:11 4 0 33
15:11:42 4 0 34
15:12:12 4 0 34
15:12:42 4 0 32
15:13:12 4 0 32
15:13:42 4 0 31
15:14:12 4 0 33
15:14:42 4 0 34
15:15:12 4 0 32
15:15:43 4 0 33
15:16:14 3 1 34
15:16:43 4 0 32
15:17:13 4 0 34
15:17:43 4 0 32
15:18:13 4 0 33
15:18:44 4 0 31
15:19:13 4 0 34
15:19:44 4 0 33
15:20:14 4 0 33
15:20:44 4 0 33
15:21:14 4 0 33
15:21:44 4 0 34
15:22:14 4 0 32
15:22:44 4 0 34
15:23:15 3 1 32
15:23:44 4 0 34
15:24:14 4 0 35
15:24:45 4 0 32
15:25:15 4 0 34
15:25:45 4 0 32
15:26:15 4 0 32
15:26:45 4 0 32
15:27:15 4 0 34
15:27:45 4 0 32
15:28:16 3 1 32
15:28:45 4 0 32
15:29:15 4 0 32
15:29:46 4 0 29
15:30:16 4 0 33
15:30:46 4 0 34
15:31:16 4 0 33
15:31:47 4 0 34
15:32:17 4 0 33
15:32:47 4 0 33
15:33:17 4 0 34
15:33:47 4 0 31
15:34:17 4 0 33
15:34:47 4 0 33
15:35:17 4 0 31
15:35:47 4 0 29
15:36:17 4 0 30
15:36:48 4 0 35
15:37:18 4 0 32
15:37:48 4 0 32
15:38:18 4 0 33
15:38:48 4 0 37
15:39:18 4 0 35
15:39:48 4 0 33
15:40:18 4 0 32
15:40:49 4 0 59
15:41:18 4 0 34
15:41:49 4 0 32
15:42:19 4 0 32
15:42:49 4 0 30
15:43:19 4 0 33
15:43:49 4 0 33
15:44:19 4 0 32
15:44:49 4 0 34
15:45:19 4 0 34
15:45:50 4 0 33
15:46:20 4 0 33
15:46:50 4 0 31
15:47:21 3 1 32
15:47:50 4 0 34
15:48:20 4 0 33
15:48:50 4 0 31
15:49:21 4 0 34
15:49:51 4 0 35
15:50:21 4 0 38
15:50:51 4 0 31
15:51:21 4 0 34
15:51:52 4 0 32
15:52:22 4 0 37
15:52:52 4 0 30
15:53:22 4 0 32
15:53:52 4 0 31
15:54:22 4 0 32
15:54:52 4 0 33
15:55:22 4 0 32
15:55:52 4 0 44
15:56:22 4 0 32
15:56:53 4 0 34
15:57:23 4 0 30
15:57:53 4 0 33
15:58:23 4 0 31
15:58:53 4 0 32
15:59:23 4 0 33
15:59:53 4 0 32
16:00:23 4 0 66
16:00:53 4 0 34
16:01:23 4 0 34
16:01:54 4 0 32
16:02:24 4 0 33
16:02:54 4 0 32
16:03:24 4 0 34
16:03:54 4 0 31
16:04:24 4 0 34
16:04:54 4 0 31
16:05:24 4 0 34
16:05:55 4 0 32
16:06:25 4 0 36
16:06:55 4 0 32
16:07:25 4 0 32
16:07:55 4 0 33
16:08:25 4 0 34
16:08:55 4 0 39
16:09:25 4 0 32
16:09:55 4 0 32
16:10:25 4 0 34
16:10:56 4 0 33
16:11:26 4 0 32
16:11:56 4 0 67
16:12:27 3 1 33
16:12:56 4 0 31
16:13:26 4 0 33
16:13:56 4 0 32
16:14:28 2 2 31
16:14:57 4 0 32
16:15:27 4 0 31
16:15:57 4 0 32
16:16:27 4 0 32
16:16:57 4 0 32
16:17:27 4 0 33
16:17:57 4 0 33
16:18:27 4 0 44
16:18:57 4 0 35
16:19:28 4 0 80
16:19:58 4 0 31
16:20:28 4 0 69
16:20:58 4 0 34
16:21:28 4 0 65
16:21:58 4 0 34
16:22:28 4 0 31
16:22:58 4 0 32
16:23:28 4 0 31
16:23:59 4 0 32
16:24:29 4 0 33
16:24:59 4 0 33
16:25:29 4 0 31
16:25:59 4 0 32
16:26:29 4 0 32
16:26:59 4 0 32
16:27:29 4 0 34
16:27:59 4 0 32
16:28:30 4 0 34
16:29:00 4 0 34
16:29:30 4 0 34
16:30:00 4 0 32
16:30:30 4 0 36
16:31:02 2 2 31
16:31:30 4 0 33
16:32:01 4 0 34
16:32:31 4 0 34
16:33:01 4 0 33
16:33:31 4 0 31
16:34:02 4 0 33
16:34:32 4 0 36
16:35:02 4 0 34
16:35:33 3 1 75
16:36:02 4 0 32
16:36:32 4 0 32
16:37:02 4 0 29
16:37:32 4 0 33
16:38:02 4 0 32
16:38:33 4 0 56
16:39:03 4 0 32
16:39:33 4 0 30
16:40:03 4 0 30
16:40:33 4 0 32
16:41:03 4 0 29
16:41:33 4 0 34
16:42:04 4 0 32
16:42:34 4 0 33
16:43:04 4 0 33
16:43:34 4 0 32
16:44:04 4 0 30
16:44:34 4 0 31
16:45:04 4 0 33
16:45:34 4 0 33
16:46:04 4 0 31
16:46:34 4 0 31
16:47:04 4 0 31
16:47:35 4 0 32
16:48:05 4 0 34
16:48:35 4 0 32
16:49:05 4 0 32
16:49:35 4 0 33
16:50:05 4 0 34
16:50:35 4 0 34
16:51:05 4 0 31
16:51:35 4 0 34
16:52:05 4 0 33
16:52:36 4 0 33
16:53:06 4 0 34
16:53:36 4 0 33
16:54:06 4 0 33
16:54:36 4 0 30
16:55:06 4 0 32
16:55:36 4 0 30
16:56:07 4 0 32
16:56:37 4 0 31
16:57:07 4 0 34
16:57:37 4 0 33
16:58:07 4 0 31
16:58:37 4 0 32
16:59:08 4 0 32
16:59:38 4 0 30
17:00:08 4 0 30
17:00:38 4 0 33
17:01:08 4 0 32
17:01:38 4 0 29
17:02:08 4 0 32
17:02:38 4 0 32
17:03:09 4 0 32
17:03:39 4 0 68
17:04:09 4 0 31
17:04:39 4 0 32
17:05:09 4 0 32
17:05:39 4 0 33
17:06:10 4 0 32
17:06:40 4 0 33
17:07:10 4 0 34
17:07:40 4 0 33
17:08:10 4 0 31
17:08:40 4 0 33
17:09:10 4 0 31
17:09:40 4 0 32
17:10:11 4 0 32
17:10:41 4 0 34
17:11:11 4 0 32
17:11:41 4 0 32
17:12:11 4 0 34
17:12:41 4 0 32
17:13:11 4 0 67
17:13:41 4 0 33
17:14:13 2 2 34
17:14:42 4 0 32
17:15:12 4 0 34
17:15:42 4 0 32
17:16:12 4 0 32
17:16:42 4 0 33
17:17:12 4 0 32
17:17:42 4 0 32
17:18:12 4 0 34
17:18:42 4 0 32
17:19:13 4 0 34
17:19:43 4 0 33
17:20:13 4 0 32
17:20:43 4 0 33
17:21:13 4 0 34
17:21:43 4 0 33
17:22:13 4 0 32
17:22:44 4 0 33
17:23:14 4 0 30
17:23:44 4 0 29
17:24:14 4 0 33
17:24:44 4 0 33
17:25:14 4 0 33
17:25:44 4 0 31
17:26:15 4 0 31
17:26:45 4 0 38
17:27:15 4 0 32
17:27:45 4 0 32
17:28:15 4 0 34
17:28:45 4 0 33
17:29:16 4 0 30
17:29:46 4 0 33
17:30:16 4 0 33
17:30:46 4 0 33
17:31:16 4 0 31
17:31:46 4 0 32
17:32:16 4 0 32
17:32:47 4 0 33
17:33:17 4 0 28
17:33:47 4 0 75
17:34:17 4 0 33
17:34:47 4 0 34
17:35:17 4 0 33
17:35:47 4 0 33
17:36:17 4 0 33
17:36:48 4 0 32
17:37:18 4 0 33
17:37:48 4 0 32
17:38:18 4 0 33
17:38:48 4 0 32
17:39:19 4 0 32
17:39:49 4 0 32
17:40:19 4 0 32
17:40:49 4 0 32
17:41:19 4 0 34
17:41:49 4 0 34
17:42:20 4 0 31
17:42:50 4 0 32
17:43:20 4 0 29
17:43:51 4 0 32
17:44:21 4 0 33
17:44:51 4 0 31
17:45:21 4 0 32
17:45:51 4 0 32
17:46:21 4 0 33
17:46:51 4 0 30
17:47:22 4 0 32
17:47:52 4 0 32
17:48:22 4 0 32
17:48:52 4 0 34
17:49:22 4 0 35
17:49:52 4 0 33
17:50:22 4 0 32
17:50:52 4 0 34
17:51:23 4 0 33
17:51:54 3 1 32
17:52:23 4 0 33
17:52:53 4 0 32
17:53:23 4 0 32
17:53:53 4 0 32
17:54:23 4 0 34
17:54:53 4 0 32
17:55:24 4 0 33
17:55:54 4 0 33
17:56:24 4 0 33
17:56:54 4 0 31
17:57:24 4 0 32
17:57:54 4 0 33
17:58:24 4 0 32
17:58:55 4 0 34
17:59:25 4 0 33
17:59:55 4 0 42
18:00:25 4 0 30
18:00:55 4 0 34
18:01:25 4 0 34
18:01:55 4 0 31
18:02:26 4 0 32
18:02:56 4 0 31
18:03:27 4 0 32
18:03:57 4 0 31
18:04:27 4 0 34
18:04:57 4 0 30
18:05:27 4 0 33
18:05:57 4 0 32
18:06:27 4 0 32
18:06:57 4 0 34
18:07:28 4 0 31
18:07:58 4 0 32
18:08:28 4 0 32
18:08:58 4 0 32
18:09:28 4 0 34
18:09:58 4 0 33
18:10:28 4 0 34
18:10:58 4 0 31
18:11:29 4 0 30
18:11:59 4 0 33
18:12:29 4 0 34
18:12:59 4 0 35
18:13:29 4 0 33
18:13:59 4 0 31
18:14:30 4 0 32
18:15:00 4 0 31
18:15:30 4 0 31
18:16:00 4 0 33
18:16:30 4 0 33
18:17:00 4 0 32
18:17:30 4 0 32
18:18:00 4 0 34
18:18:31 4 0 32
18:19:01 4 0 34
18:19:31 4 0 32
18:20:01 4 0 33
18:20:31 4 0 33
18:21:01 4 0 31
18:21:31 4 0 35
18:22:01 4 0 31
18:22:32 4 0 32
18:23:03 4 0 33
18:23:33 4 0 33
18:24:03 4 0 34
18:24:33 4 0 32
18:25:03 4 0 33
18:25:33 4 0 33
18:26:03 4 0 31
18:26:34 4 0 32
18:27:04 4 0 67
18:27:34 4 0 36
18:28:04 4 0 32
18:28:35 4 0 32
18:29:05 4 0 51
18:29:35 4 0 33
18:30:05 4 0 33
18:30:35 4 0 34
18:31:05 4 0 31
18:31:36 4 0 32
18:32:06 4 0 36
18:32:36 4 0 32
18:33:06 4 0 34
18:33:37 4 0 32
18:34:07 4 0 32
18:34:37 4 0 30
18:35:07 4 0 34
18:35:37 4 0 32
18:36:07 4 0 32
18:36:38 4 0 33
18:37:08 4 0 31
18:37:38 4 0 32
18:38:08 4 0 34
18:38:38 4 0 32
18:39:08 4 0 34
18:39:38 4 0 32
18:40:09 4 0 30
18:40:39 4 0 32
18:41:09 4 0 32
18:41:39 4 0 32
18:42:09 4 0 33
18:42:39 4 0 32
18:43:09 4 0 31
18:43:39 4 0 31
18:44:09 4 0 31
18:44:40 4 0 30
18:45:10 4 0 34
18:45:40 4 0 32
18:46:10 4 0 32
18:46:41 3 1 31
18:47:10 4 0 32
18:47:40 4 0 31
18:48:10 4 0 32
18:48:40 4 0 32
18:49:11 4 0 32
18:49:41 4 0 33
18:50:11 4 0 34
18:50:41 4 0 34
18:51:11 4 0 30
18:51:41 4 0 30
18:52:11 4 0 30
18:52:41 4 0 34
18:53:12 4 0 33
18:53:42 4 0 31
18:54:13 4 0 32
18:54:43 4 0 33
18:55:13 4 0 33
18:55:43 4 0 33
18:56:13 4 0 33
18:56:43 4 0 32
18:57:13 4 0 31
18:57:43 4 0 32
18:58:14 4 0 30
18:58:44 4 0 32
18:59:14 4 0 32
18:59:44 4 0 31
19:00:14 4 0 32
19:00:44 4 0 31
19:01:14 4 0 28
19:01:44 4 0 31
19:02:14 4 0 32
19:02:45 4 0 32
19:03:15 4 0 34
19:03:45 4 0 32
19:04:15 4 0 33
19:04:45 4 0 33
19:05:15 4 0 34
19:05:46 3 1 34
19:06:15 4 0 32
19:06:45 4 0 35
19:07:16 4 0 33
19:07:46 4 0 30
19:08:16 4 0 32
19:08:46 4 0 34
19:09:16 4 0 34
19:09:46 4 0 34
19:10:16 4 0 32
19:10:46 4 0 34
19:11:16 4 0 32
19:11:47 4 0 34
19:12:17 4 0 34
19:12:47 4 0 31
19:13:17 4 0 31
19:13:47 4 0 33
19:14:17 4 0 33
19:14:47 4 0 33
19:15:17 4 0 34
19:15:48 4 0 32
19:16:18 4 0 34
19:16:48 4 0 33
19:17:18 4 0 32
19:17:48 4 0 34
19:18:18 4 0 36
19:18:48 4 0 32
19:19:18 4 0 33
19:19:48 4 0 33
19:20:18 4 0 33
19:20:49 4 0 32
19:21:19 4 0 34
19:21:49 4 0 33
19:22:19 4 0 34
19:22:49 4 0 32
19:23:20 3 1 32
19:23:49 4 0 30
19:24:19 4 0 33
19:24:50 4 0 34
19:25:20 4 0 30
19:25:50 4 0 33
19:26:20 4 0 32
19:26:50 4 0 32
19:27:20 4 0 32
19:27:50 4 0 31
19:28:20 4 0 31
19:28:50 4 0 34
19:29:20 4 0 33
19:29:51 4 0 32
19:30:21 4 0 31
19:30:51 4 0 32
19:31:21 4 0 30
19:31:51 4 0 33
19:32:21 4 0 32
19:32:51 4 0 33
19:33:21 4 0 33
19:33:52 4 0 31
19:34:22 4 0 33
19:34:52 4 0 33
19:35:22 4 0 30
19:35:52 4 0 34
19:36:22 4 0 33
19:36:52 4 0 33
19:37:23 4 0 32
19:37:53 4 0 34
19:38:23 4 0 34
19:38:53 4 0 31
19:39:23 4 0 34
19:39:53 4 0 35
19:40:23 4 0 32
19:40:53 4 0 33
19:41:23 4 0 31
19:41:54 4 0 32
19:42:24 4 0 32
19:42:54 4 0 32
19:43:24 4 0 32
19:43:54 4 0 33
19:44:24 4 0 32
19:44:54 4 0 34
19:45:24 4 0 32
19:45:54 4 0 32
19:46:24 4 0 32
19:46:55 4 0 33
19:47:26 3 1 33
19:47:55 4 0 33
19:48:25 4 0 34
19:48:55 4 0 31
19:49:25 4 0 31
19:49:55 4 0 33
19:50:25 4 0 32
19:50:55 4 0 32
19:51:26 4 0 31
19:51:56 4 0 36
19:52:26 4 0 63
19:52:56 4 0 31
19:53:26 4 0 32
19:53:56 4 0 34
19:54:26 4 0 34
19:54:56 4 0 32
19:55:26 4 0 32
19:55:56 4 0 33
19:56:26 4 0 34
19:56:57 4 0 32
19:57:27 4 0 32
19:57:57 4 0 32
19:58:27 4 0 32
19:58:57 4 0 34
19:59:27 4 0 32
19:59:58 4 0 32
20:00:28 4 0 33
20:00:58 4 0 32
20:01:28 4 0 33
20:01:58 4 0 61
20:02:28 4 0 33
20:02:58 4 0 30
20:03:28 4 0 33
20:03:58 4 0 32
20:04:28 4 0 34
20:04:58 4 0 32
20:05:28 4 0 35
20:05:59 4 0 34
20:06:29 4 0 34
20:06:59 4 0 31
20:07:29 4 0 32
20:07:59 4 0 34
20:08:29 4 0 31
20:08:59 4 0 34
20:09:29 4 0 32
20:09:59 4 0 32
20:10:29 4 0 34
20:11:00 4 0 31
20:11:30 4 0 29
20:12:00 4 0 33
20:12:30 4 0 32
20:13:00 4 0 37
20:13:30 4 0 33
20:14:00 4 0 31
20:14:30 4 0 34
20:15:00 4 0 32
20:15:30 4 0 33
20:16:01 4 0 33
20:16:31 4 0 31
20:17:01 4 0 33
20:17:31 4 0 32
20:18:01 4 0 31
20:18:31 4 0 31
20:19:01 4 0 30
20:19:32 4 0 31
20:20:02 4 0 34
20:20:32 4 0 34
20:21:02 4 0 33
20:21:32 4 0 34
20:22:02 4 0 31
20:22:32 4 0 30
20:23:02 4 0 31
20:23:32 4 0 32
20:24:03 4 0 32
20:24:33 4 0 32
20:25:03 4 0 34
20:25:33 4 0 32
20:26:03 4 0 36
20:26:34 3 1 34
20:27:03 4 0 30
20:27:33 4 0 31
20:28:04 4 0 32
20:28:34 4 0 33
20:29:04 4 0 33
20:29:34 4 0 34
20:30:04 4 0 32
20:30:34 4 0 62
20:31:04 4 0 34
20:31:34 4 0 31
20:32:04 4 0 37
20:32:35 4 0 34
20:33:05 4 0 32
20:33:35 4 0 31
20:34:05 4 0 30
20:34:35 4 0 32
20:35:05 4 0 32
20:35:35 4 0 33
20:36:05 4 0 31
20:36:35 4 0 33
20:37:06 4 0 32
20:37:36 4 0 32
20:38:06 4 0 32
20:38:36 4 0 33
20:39:06 4 0 32
20:39:36 4 0 32
20:40:06 4 0 32
20:40:36 4 0 32
20:41:06 4 0 34
20:41:36 4 0 32
20:42:07 4 0 31
20:42:37 4 0 32
20:43:07 4 0 32
20:43:37 4 0 35
20:44:07 4 0 34
20:44:37 4 0 32
20:45:07 4 0 32
20:45:37 4 0 29
20:46:08 3 1 31
20:46:37 4 0 32
20:47:08 4 0 32
20:47:38 4 0 32
20:48:08 4 0 32
20:48:38 4 0 33
20:49:08 4 0 65
20:49:38 4 0 33
20:50:08 4 0 32
20:50:38 4 0 33
20:51:08 4 0 34
20:51:38 4 0 32
20:52:09 4 0 37
20:52:39 4 0 33
20:53:09 4 0 32
20:53:39 4 0 33
20:54:09 4 0 34
20:54:39 4 0 31
20:55:09 4 0 34
20:55:39 4 0 32
20:56:09 4 0 32
20:56:39 4 0 32
20:57:10 4 0 32
20:57:40 4 0 33
20:58:10 4 0 31
20:58:40 4 0 35
20:59:10 4 0 34
20:59:40 4 0 33
21:00:10 4 0 32
21:00:40 4 0 31
21:01:11 4 0 31
21:01:41 4 0 34
21:02:11 4 0 32
21:02:41 4 0 34
21:03:11 4 0 31
21:03:41 4 0 32
21:04:11 4 0 33
21:04:41 4 0 32
21:05:11 4 0 32
21:05:41 4 0 30
21:06:12 4 0 30
21:06:42 4 0 33
21:07:13 4 0 31
21:07:43 4 0 33
21:08:13 4 0 33
21:08:43 4 0 34
21:09:13 4 0 32
21:09:43 4 0 33
21:10:13 4 0 33
21:10:43 4 0 32
21:11:14 4 0 32
21:11:44 4 0 62
21:12:14 4 0 33
21:12:44 4 0 31
21:13:14 4 0 33
21:13:44 4 0 32
21:14:14 4 0 32
21:14:44 4 0 34
21:15:14 4 0 34
21:15:44 4 0 32
21:16:14 4 0 32
21:16:45 4 0 31
21:17:15 4 0 42
21:17:45 4 0 34
21:18:15 4 0 31
21:18:45 4 0 32
21:19:16 4 0 33
21:19:46 4 0 32
21:20:16 4 0 34
21:20:46 4 0 32
21:21:16 4 0 33
21:21:46 4 0 33
21:22:16 4 0 34
21:22:46 4 0 34
21:23:16 4 0 32
21:23:46 4 0 32
21:24:17 4 0 33
21:24:47 4 0 32
21:25:17 4 0 31
21:25:47 4 0 33
21:26:17 4 0 31
21:26:48 4 0 32
21:27:18 4 0 32
21:27:48 4 0 32
21:28:19 4 0 33
21:28:49 4 0 33
21:29:19 4 0 32
21:29:49 4 0 32
21:30:19 4 0 31
21:30:49 4 0 32
21:31:19 4 0 34
21:31:49 4 0 32
21:32:19 4 0 34
21:32:49 4 0 33
21:33:20 4 0 30
21:33:50 4 0 32
21:34:20 4 0 32
21:34:50 4 0 32
21:35:20 4 0 31
21:35:50 4 0 32
21:36:20 4 0 33
21:36:50 4 0 32
21:37:21 4 0 33
21:37:51 4 0 32
21:38:21 4 0 31
21:38:51 4 0 33
21:39:21 4 0 34
21:39:51 4 0 31
21:40:21 4 0 33
21:40:51 4 0 33
21:41:21 4 0 33
21:41:51 4 0 33
21:42:22 4 0 34
21:42:52 4 0 33
21:43:22 4 0 32
21:43:52 4 0 32
21:44:22 4 0 34
21:44:52 4 0 33
21:45:22 4 0 34
21:45:52 4 0 34
21:46:23 4 0 31
21:46:53 4 0 34
21:47:23 4 0 32
21:47:53 4 0 34
21:48:23 4 0 33
21:48:53 4 0 34
21:49:23 4 0 33
21:49:53 4 0 34
21:50:24 4 0 33
21:50:54 4 0 34
21:51:24 4 0 32
21:51:54 4 0 31
21:52:24 4 0 34
21:52:54 4 0 33
21:53:24 4 0 33
21:53:54 4 0 32
21:54:25 4 0 33
21:54:55 4 0 32
21:55:25 4 0 33
21:55:55 4 0 34
21:56:25 4 0 34
21:56:55 4 0 36
21:57:25 4 0 33
21:57:55 4 0 29
21:58:26 4 0 31
21:58:56 4 0 34
21:59:26 4 0 32
21:59:56 4 0 33
22:00:26 4 0 33
22:00:56 4 0 33
22:01:26 4 0 33
22:01:56 4 0 33
22:02:27 4 0 31
22:02:57 4 0 31
22:03:27 4 0 31
22:03:57 4 0 32
22:04:28 3 1 33
22:04:57 4 0 34
22:05:27 4 0 29
22:05:57 4 0 33
22:06:28 4 0 34
22:06:59 4 0 31
22:07:29 4 0 32
22:07:59 4 0 32
22:08:29 4 0 34
22:08:59 4 0 32
22:09:29 4 0 32
22:09:59 4 0 35
22:10:29 4 0 33
22:10:59 4 0 34
22:11:30 4 0 32
22:12:00 4 0 31
22:12:30 4 0 33
22:13:00 4 0 34
22:13:30 4 0 33
22:14:00 4 0 33
22:14:30 4 0 34
22:15:01 4 0 31
22:15:31 4 0 34
22:16:01 4 0 33
22:16:31 4 0 29
22:17:01 4 0 32
22:17:31 4 0 33
22:18:01 4 0 31
22:18:31 4 0 32
22:19:01 4 0 33
22:19:33 3 1 72
22:20:02 4 0 31
22:20:32 4 0 31
22:21:02 4 0 30
22:21:32 4 0 31
22:22:02 4 0 32
22:22:32 4 0 32
22:23:02 4 0 34
22:23:34 3 1 31
22:24:03 4 0 31
22:24:33 4 0 32
22:25:03 4 0 33
22:25:33 4 0 32
22:26:03 4 0 32
22:26:33 4 0 32
22:27:03 4 0 31
22:27:34 4 0 31
22:28:04 4 0 32
22:28:34 4 0 32
22:29:04 4 0 54
22:29:34 4 0 33
22:30:04 4 0 33
22:30:34 4 0 32
22:31:04 4 0 31
22:31:35 4 0 32
22:32:05 4 0 33
22:32:35 4 0 33
22:33:05 4 0 30
22:33:35 4 0 33
22:34:05 4 0 33
22:34:35 4 0 30
22:35:05 4 0 32
22:35:36 4 0 33
22:36:06 4 0 34
22:36:36 4 0 31
22:37:06 4 0 33
22:37:36 4 0 34
22:38:06 4 0 32
22:38:37 4 0 33
22:39:07 4 0 33
22:39:37 4 0 32
22:40:07 4 0 30
22:40:37 4 0 34
22:41:07 4 0 32
22:41:37 4 0 32
22:42:08 4 0 33
22:42:38 4 0 33
22:43:08 4 0 34
22:43:38 4 0 33
22:44:08 4 0 33
22:44:38 4 0 34
22:45:08 4 0 29
22:45:38 4 0 32
22:46:08 4 0 32
22:46:39 4 0 32
22:47:09 4 0 31
22:47:39 4 0 33
22:48:09 4 0 33
22:48:39 4 0 37
22:49:09 4 0 35
22:49:39 4 0 34
22:50:09 4 0 35
22:50:40 4 0 32
22:51:10 4 0 29
22:51:40 4 0 33
22:52:10 4 0 34
22:52:40 4 0 34
22:53:10 4 0 33
22:53:40 4 0 29
22:54:10 4 0 32
22:54:41 4 0 34
22:55:11 4 0 33
22:55:41 4 0 33
22:56:11 4 0 31
22:56:41 4 0 30
22:57:11 4 0 34
22:57:41 4 0 34
22:58:11 4 0 31
22:58:42 4 0 32
22:59:12 4 0 31
22:59:42 4 0 33
23:00:12 4 0 32
23:00:42 4 0 32
23:01:12 4 0 34
23:01:43 4 0 32
23:02:13 4 0 32
23:02:43 4 0 30
23:03:13 4 0 32
23:03:43 4 0 33
23:04:13 4 0 33
23:04:43 4 0 32
23:05:13 4 0 29
23:05:44 4 0 32
23:06:14 4 0 34
23:06:44 4 0 36
23:07:14 4 0 32
23:07:44 4 0 32
23:08:14 4 0 31
23:08:44 4 0 29
23:09:14 4 0 32
23:09:45 4 0 70
23:10:15 4 0 34
23:10:45 4 0 31
23:11:15 4 0 72
23:11:45 4 0 31
23:12:15 4 0 32
23:12:45 4 0 31
23:13:15 4 0 34
23:13:46 4 0 42
23:14:16 4 0 34
23:14:46 4 0 33
23:15:16 4 0 34
23:15:46 4 0 34
23:16:16 4 0 33
23:16:46 4 0 31
23:17:16 4 0 32
23:17:47 4 0 32
23:18:17 4 0 33
23:18:47 4 0 32
23:19:17 4 0 32
23:19:47 4 0 35
23:20:17 4 0 34
23:20:47 4 0 32
23:21:17 4 0 33
23:21:48 4 0 60
23:22:18 4 0 31
23:22:48 4 0 32
23:23:18 4 0 30
23:23:48 4 0 33
23:24:18 4 0 33
23:24:49 4 0 34
23:25:19 4 0 34
23:25:49 4 0 33
23:26:19 4 0 30
23:26:49 4 0 31
23:27:19 4 0 34
23:27:49 4 0 32
23:28:19 4 0 32
23:28:50 4 0 32
23:29:20 4 0 33
23:29:50 4 0 31
23:30:20 4 0 34
23:30:50 4 0 32
23:31:20 4 0 33
23:31:50 4 0 33
23:32:20 4 0 34
23:32:51 4 0 35
23:33:21 4 0 32
23:33:51 4 0 31
23:34:21 4 0 31
23:34:51 4 0 32
23:35:21 4 0 34
23:35:51 4 0 32
23:36:22 4 0 34
23:36:52 4 0 32
23:37:22 4 0 32
23:37:52 4 0 33
23:38:22 4 0 33
23:38:52 4 0 32
23:39:22 4 0 38
23:39:53 4 0 32
23:40:23 4 0 33
23:40:53 4 0 31
23:41:23 4 0 31
23:41:53 4 0 35
23:42:23 4 0 34
23:42:54 4 0 31
23:43:24 4 0 32
23:43:54 4 0 30
23:44:24 4 0 32
23:44:54 4 0 31
23:45:24 4 0 35
23:45:55 4 0 34
23:46:25 4 0 34
23:46:55 4 0 33
23:47:25 4 0 36
23:47:56 4 0 34
23:48:26 4 0 32
23:48:57 4 0 32
23:49:27 4 0 33
23:49:57 4 0 34
23:50:27 4 0 33
23:50:58 4 0 34
23:51:28 4 0 31
23:51:58 4 0 30
23:52:29 4 0 32
23:52:59 4 0 32
23:53:30 4 0 33
23:54:00 4 0 32
23:54:30 4 0 32
23:55:00 4 0 35
23:55:31 4 0 32
23:56:02 4 0 34
23:56:32 4 0 31
23:57:03 4 0 37
23:57:34 4 0 32
23:58:04 4 0 34
23:58:34 4 0 32
23:59:04 4 0 31
23:59:35 4 0 30
