00:01:15 83086 25383
00:02:39 122824 16538
00:03:23 76772 10519
00:04:09 12918 3370
00:05:13 271823 18299
00:06:10 59574 11957
00:07:15 14847 2816
00:08:17 37871 8197
02:00:07 100916 7023
02:01:07 88148 14844
02:02:07 3574 3656
02:03:08 130059 8746
02:04:11 101208 7154
02:05:09 21372 5914
02:06:12 68948 14475
02:07:10 23557 3880
02:08:10 9720 5061
02:09:10 56061 5760
02:10:11 461315 18890
02:11:11 72096 10645
02:12:11 109244 11037
02:13:12 50223 3561
02:14:12 93143 25692
02:15:13 226923 23902
02:16:13 3634 1014
02:17:14 67279 11560
02:18:14 119413 29012
02:19:15 46997 4075
02:20:15 80897 22870
02:21:15 141113 33997
02:22:16 88240 51920
02:23:16 36271 4579
02:24:17 79347 24791
02:25:17 57295 13727
02:26:18 81909 9399
02:27:18 67733 5872
02:28:18 51392 5975
02:29:19 60654 7955
02:30:19 397 574
02:31:20 349239 17823
02:32:20 36292 8231
02:33:20 56480 9140
02:34:21 11465 3829
02:35:21 35009 7521
02:36:22 101844 21257
02:37:22 188656 10115
02:38:22 19244 3496
02:39:23 124047 7478
02:40:23 153037 4666
02:41:24 46737 7236
02:42:24 1883 568
02:43:24 94547 14928
02:44:25 45877 2911
02:45:25 94187 9168
02:46:25 12887 7499
02:47:26 33875 9353
02:48:26 33272 21985
02:49:27 5378 5985
02:50:27 1074010 46367
02:51:28 78375 25947
02:52:28 62211 7802
02:53:28 24406 6511
02:54:29 21982 3311
02:55:29 48549 4057
02:56:30 12456 34055
02:57:30 67012 7550
02:58:30 14695 952
02:59:31 59060 8511
03:00:31 185330 15277
03:01:32 2624 1151
03:02:32 8431 3167
03:03:32 49049 8793
03:04:33 43396 10640
03:05:33 13247 8388
03:06:34 3089 3090
03:07:35 1313 5884
03:08:36 6273 5818
03:09:36 415 3138
03:10:36 1955 2409
03:11:37 47036 6417
03:12:40 55583 5532
03:13:37 6007 890
03:14:38 18336 1730
03:15:38 35648 16117
03:16:38 2203 2712
03:17:39 70084 49769
03:18:39 15540 19053
03:19:39 303710 75927
03:20:40 5587 2151
03:21:40 18309 13520
03:22:41 4071 2157
03:23:41 125726 7061
03:24:41 13551 4741
03:25:42 8510 3871
03:26:42 2455 1145
03:27:42 20486 17708
03:28:42 9853 3206
03:29:43 5898 5662
03:30:43 2684 1027
03:31:43 111840 7943
03:32:44 19570 4134
03:33:44 5100 2086
03:34:44 127692 21165
03:35:45 10393 1849
03:36:45 12119 7159
03:37:46 7816 9011
03:38:46 10230 6359
03:39:46 59746 3231
03:40:47 82601 7252
03:41:47 13010 13204
03:42:47 30416 10354
03:43:48 71741 37237
03:44:48 11559 3037
03:45:48 60030 8130
03:46:49 57797 4418
03:47:49 11887 1137
03:48:49 1983 328
03:49:50 1184 1086
03:50:50 6170 19579
03:51:51 14513 1682
03:52:51 18360 3007
03:53:51 8119 3557
03:54:51 3713 922
03:55:52 25240 3098
03:56:52 1867 746
03:57:52 20807 3452
03:58:53 100032 9375
03:59:53 20567 4315
04:00:53 4982 8730
04:01:54 12623 2583
04:02:54 3196 1680
04:03:54 124338 16365
04:04:55 15113 9144
04:05:55 91621 18261
04:06:55 9390 16840
04:07:56 38671 3908
04:08:56 20136 3416
04:09:56 35381 12740
04:10:57 2600 10844
04:11:57 199028 16166
04:12:58 86651 6905
04:13:58 196334 8503
04:14:58 3990561 116966
04:15:58 80588 5437
04:16:59 57385 8834
04:17:59 119816 8091
04:18:59 55501 3594
04:20:00 139970 32544
04:21:00 95149 7361
04:22:01 107308 19954
04:23:01 58457 29852
04:24:01 2820 1253
04:25:01 27606 3371
04:26:02 8770 14591
04:27:02 8397 1201
04:28:02 19267 17879
04:29:03 18156 17616
04:30:03 1379 1172
04:31:04 63390 25061
04:32:04 252787 10259425
04:33:04 52604 17145
04:34:05 26343 25280
04:35:05 41833 3752
04:36:05 3191 1115
04:37:06 27409 8458
04:38:06 9250 2666
04:39:06 48859 8875
04:40:07 61853 15050
04:41:07 6756 3648
04:42:08 226962 16901
04:43:08 44322 11125
04:44:08 16415 11469
04:45:09 40938 5011
04:46:09 106799 12596
04:47:09 22840 11973
04:48:10 139831 55114
04:49:10 47359 9241
04:50:11 8876 5618
04:51:11 52922 9001
04:52:11 68107 4418
04:53:12 104489 11609
04:54:12 83503 10864
04:55:12 229716 7412
04:56:12 96352 4385
04:57:13 17255 4192
04:58:13 4613 2092
04:59:13 355823 12008
05:00:14 1805 1139
05:01:14 22111 5717
05:02:14 312753 46748
05:03:15 10221 11150
05:04:15 9379 1731
05:05:15 142422 9620
05:06:16 3157 180
05:07:16 50093 4117
05:08:17 150808 13352
05:09:17 12067 4968
05:10:17 11043 10681
05:11:18 69227 12902
05:12:18 1826 448
05:13:18 15278 4050
05:14:19 466 1164
05:15:19 5209 4335
05:16:19 5183 3006
05:17:20 24233 1436
05:18:20 6809 1181
05:19:21 12276 2236
05:20:21 979 910
05:21:21 29358 5066
05:22:21 10778 2556
05:23:22 18402 2343
05:24:22 2037 927
05:25:23 150855 16492
05:26:23 16262 9719
05:27:23 2923 1708
05:28:24 6574 8515
05:29:24 196631 8389
05:30:24 197468 9053
05:31:25 2118 1887
05:32:25 4794 3977
05:33:25 20374 2125
05:34:26 5420 6642
05:35:26 74336 11878
05:36:26 114081 9107
05:37:27 10060 9655
05:38:27 65587 30726
05:39:30 22191 18597
05:40:28 125 120
05:41:28 48670 4556
05:42:28 13987 14384
05:43:29 14455 3081
05:44:29 516 469
05:45:29 2607 1507
05:46:30 11396 4760
05:47:30 2496 2577
05:48:31 51126 13286
05:49:31 130 300
05:50:31 19236 5337
05:51:32 2867 2406
05:52:32 967 1749
05:53:32 18515 4626
05:54:32 20475 2296
05:55:33 266916 48370
05:56:33 2270 1720
05:57:34 794 3212
05:58:34 8840 9193
05:59:34 5074 3503
06:00:35 99381 6659
06:01:35 7585 1112
06:02:36 1431 634
06:03:36 4737 10384
06:04:36 94699 7085
06:05:37 148680 42606
06:06:37 78410 8273
06:07:38 2069 1146
06:08:38 23837 1450
06:09:38 257 186
06:10:39 11354 2800
06:11:39 1594 300
06:12:39 55712 5369
06:13:40 37973 3037
06:14:40 6340 2240
06:15:40 14746 1739
06:16:41 6229 1885
06:17:41 5511 1911
06:18:42 4958 3536
06:19:42 10317 1110
06:20:42 3392 1437
06:21:42 20420 4489
06:22:43 130832 11649
06:23:43 515 1183
06:24:44 1411 2619
06:25:44 13486 1867
06:26:44 62196 4229
06:27:45 20483 1531
06:28:45 1713 194
06:29:45 1705 932
06:30:46 26735 4079
06:31:46 11139 2695
06:32:47 23575 2377
06:33:47 26908 2621
06:34:47 9790 2972
06:35:47 9223 2400
06:36:48 71887 7170
06:37:48 19800 2746
06:38:48 19294 1236
06:39:49 2028 2946
06:40:49 328 751
06:41:49 21764 2227
06:42:50 18526 1765
06:43:50 34016 8748
06:44:50 50374 3949
06:45:51 48180 6882
06:46:51 29693 4083
06:47:51 2818 3544
06:48:52 8397 3647
06:49:52 16261 2906
06:50:53 70247 9358
06:51:53 21229 1442
06:52:53 436612 20404
06:53:54 4583 1308
06:54:54 69143 4548
06:55:54 25301 3128
06:56:54 8371 2419
06:57:55 21033 5078
06:58:55 37873 5027
06:59:55 26809 1549
07:00:56 16711 1888
07:01:56 53218 4656
07:02:56 32939 5478
07:03:57 119077 18856
07:04:57 7495 2625
07:05:57 80501 8995
07:06:58 39039 2050
07:07:58 43725 2057
07:08:59 134939 14994
07:09:59 50923 5822
07:10:59 21765 7841
07:11:59 208246 13093
07:13:00 242600 10918
07:14:00 6210 657
07:15:00 51480 4012
07:16:01 44195 3536
07:17:01 83684 3297
07:18:01 81157 5831
07:19:02 101587 14136
07:20:02 90637 8862
07:21:03 64769 6778
07:22:03 34290 7714
07:23:03 99048 18791
07:24:04 79626 10615
07:25:04 29615 11794
07:26:04 65987 7280
07:27:05 18827 1572
07:28:05 36669 13317
07:29:05 832007 27063
07:30:06 92376 8166
07:31:06 143378 10069
07:32:06 45247 12325
07:33:07 42960 8627
07:34:07 21198 4234
07:35:07 87421 6480
07:36:08 46203 4256
07:37:08 143980 20301
07:38:08 184208 16238
07:39:09 24937 3968
07:40:09 79323 4608
07:41:09 52956 9304
07:42:10 88954 33896
07:43:10 140822 20397
07:44:10 12522 1226
07:45:11 57417 4807
07:46:11 106974 12618
07:47:11 47340 4218
07:48:12 71253 3290
07:49:12 27326 1554
07:50:15 61378 2274
07:51:13 233086 41484
07:52:13 19299 4558
07:53:13 2436 926
07:54:13 68235 17906
07:55:14 128086 13227
07:56:14 166254 20893
07:57:14 74731 6425
07:58:15 68804 14283
07:59:15 34942 3126
08:00:15 49284 3621
08:01:16 121985 5174
08:02:16 64229 8910
08:03:16 85753 8330
08:04:17 83886 4580
08:05:17 88179 5324
08:06:17 134960 7027
08:07:20 73451 5721
08:08:18 52585 4190
08:09:18 112659 4809
08:10:18 13325 3623
08:11:19 24425 3534
08:12:19 108808 4435
08:13:19 45509 2311
08:14:20 114241 6673
08:15:20 4125 740
08:16:20 66829 38899
08:17:21 86339 10428
08:18:21 172704 9848
08:19:21 76261 9270
08:20:22 12218 3129
08:21:22 467 904
08:22:23 1860 1246
08:23:23 163357 4736
08:24:24 25135 8603
08:25:24 62729 4941
08:26:24 1078 842
08:27:24 238818 22876
08:28:25 249431 36819
08:29:25 66666 40550
08:30:26 45852 5287
08:31:26 441394 27651
08:32:26 2243 1148
08:33:27 2804 1184
08:34:27 1895 640
08:35:27 1415 11398
08:36:27 335668 11770
08:37:28 85120 10432
08:38:28 1840 2099
08:39:28 14620 1080
08:40:29 8074 1553
08:41:29 1903 1331
08:42:30 143674 7259
08:43:30 170091 8232
08:44:30 40954 1619
08:45:31 105621 9152
08:46:31 3082 40928
08:47:31 27706 2267
08:48:32 152850 34354
08:49:32 93912 15877
08:50:32 75693 4821
08:51:33 291485 23454
08:52:33 358344 13982
08:53:33 29721 1361
08:54:34 187843 19969
08:55:35 665815 29369
08:56:35 229497 12407
08:57:36 68812 4885
08:58:36 365131 66020
08:59:36 13481 4839
09:00:37 120789 8074
09:01:37 114513 22305
09:02:37 56217 5670
09:03:37 62892 11055
09:04:38 127703 13849
09:05:38 800483 42240
09:06:38 262357 17381
09:07:38 286862 13169
09:08:39 12727 5143
09:09:39 12783 4844
09:10:39 33271 2118
09:11:39 10787 3206
09:12:40 159268 19588
09:13:40 26734 8793
09:14:40 36531 3658
09:15:40 189327 7582
09:16:41 146873 5830
09:17:41 75331 5215
09:18:42 4982 1850
09:19:42 58193 12820
09:20:42 90958 4610
09:21:43 665511 32460
09:22:43 42670 22795
09:23:43 52686 6350
09:24:43 206322 14041
09:25:43 177547 11995
09:26:44 308155 14722
09:27:44 30803 2071
09:28:44 121862 14705
09:29:45 119788 7180
09:30:45 48006 4209
09:31:45 277257 17141
09:32:46 673 246
09:33:46 1779 609
09:34:46 231130 16304
09:35:46 22269 13349
09:36:47 259129 28805
09:37:47 320503 17297
09:38:48 122916 11602
09:39:48 6273 4211
09:40:48 163809 12784
09:41:49 134196 10669
09:42:49 77397 2723
09:43:49 75459 8884
09:44:49 236404 20205
09:45:50 236635 15178
09:46:50 598836 42290
09:47:50 74329 7923
09:48:51 222700 9632
09:49:51 597770 42364
09:50:51 454085 21877
09:51:51 6453 3581
09:52:51 39457 12782
09:53:52 196981 14001
09:54:52 7590 5697
09:55:52 35520 4581
09:56:52 183536 12686
09:57:53 37557 12219
09:58:53 587320 24092
09:59:53 32095 2597
10:00:53 419 2694
10:01:53 174829 16056
10:02:54 73023 8105
10:03:54 93124 19600
10:04:54 72340 7742
10:05:54 585731 31292
10:06:55 -4294774256 15804
10:07:55 90755 6706
10:08:55 664019 42980
10:09:56 38785 7214
10:10:56 637877 36855
10:11:56 17464 58470
10:12:59 210371 34559
10:13:57 507271 40090
10:14:57 34852 7916
10:15:57 83258 6715
10:16:57 219790 22777
10:17:58 1062744 30985
10:18:58 285726 15577
10:19:58 265731 65532
10:20:59 42472 20186
10:22:02 53842 4285
10:23:10 103260 8138
10:24:01 556844 30558
10:25:02 223897 9040
10:26:02 55359 8120
10:27:03 6760 1653
10:28:03 637841 25339
10:29:03 158017 18058
10:30:04 778103 143091
10:31:04 31743 4114
10:32:04 224455 10923
10:33:05 374867 26373
10:34:05 565975 36106
10:35:05 679190 30410
10:36:06 463832 59453
10:37:06 537424 38526
10:38:06 149446 21100
10:39:07 9215 7821
10:40:08 129308 9268
10:41:08 26910 3558
10:42:09 143131 13622
10:43:09 287597 20097
10:44:09 20335 7063
10:45:09 97933 10960
10:46:10 70798 43505
10:47:10 161698 9470
10:48:10 119929 87595
10:49:11 50999 18117
10:50:11 664350 73662
10:51:11 14123 14560
10:52:12 877409 44101
10:53:12 30353 15244
10:54:13 259996 34423
10:55:13 160394 13842
10:56:14 57790 37214
10:57:14 458322 35566
10:58:16 129044 6923
10:59:16 140375 8107
11:00:16 264329 10362
11:01:16 306001 18380
11:02:16 22129 2617
11:03:17 105972 12019
11:04:17 299689 10765
11:05:17 66676 24133
11:06:18 242143 12557
11:07:18 256063 12500
11:08:19 87335 8745
11:09:19 82891 7419
11:10:19 257550 21345
11:11:20 388365 20532
11:12:20 91631 7032
11:13:20 104937 7222
11:14:21 390902 24076
11:15:22 1065223 41569
11:16:22 466836 25682
11:17:23 42447 3628
11:18:23 8557 1598
11:19:23 49331 10099
11:20:24 13760 15339
11:21:24 117616 10580
11:22:25 563810 50429
11:23:25 136787 7811
11:24:25 170551 45359
11:25:25 78399 13151
11:26:25 227122 14983
11:27:26 9323 4021
11:28:26 78699 156112
11:29:26 387951 27443
11:30:26 1066470 48570
11:31:26 61572 5658
11:32:27 165563 30931
11:33:30 64510 5225
11:34:28 124806 10246
11:35:29 163022 8230
11:36:30 809088 52458
11:37:30 129851 7882
11:38:30 94933 3544
11:39:31 950914 52002
11:40:31 61868 41299
11:41:31 -1 -1
11:42:30 -1 -1
11:43:33 65152 7666
11:44:32 13062 18432
11:45:33 17449 57491
11:46:34 183613 86521
11:47:34 79137 78886
11:48:34 134223 159261
11:49:34 146250 16591
11:50:34 77879 11205
11:51:35 47622 64938
11:52:35 64963 79278
11:53:36 12521 108077
11:54:36 56938 23558
11:55:36 519472 194973
11:56:36 276357 111615
11:57:37 405735 20656
11:58:37 948454 38107
11:59:37 6779 20618
12:00:37 411619 38925
12:01:38 20407 43474
12:02:38 246766 72037
12:03:38 275772 29076
12:04:41 367040 43227
12:05:39 9032 23877
12:06:40 9972 2249
12:07:40 122281 24767
12:08:40 6375 1886
12:09:41 11497 49061
12:10:42 29657 41532
12:11:42 45717 38351
12:12:42 34510 43211
12:13:42 31519 1540
12:14:43 14610 7467
12:15:43 54304 89505
12:16:44 74318 7517
12:17:44 836659 54358
12:18:45 241635 83785
12:19:46 59895 19270
12:20:46 7448 36541
12:21:46 24507 106268
12:22:46 4476 5092
12:23:46 111757 28646
12:24:47 1378 3518
12:25:47 576365 21018
12:26:47 75341 34805
12:27:48 52003 5222
12:28:48 12055 31118
12:29:48 14641 23452
12:30:48 312030 16141
12:31:49 2725 1924
12:32:49 25593 16315
12:33:49 21790 3884
12:34:49 183362 18822
12:35:50 13214 5310
12:36:50 4524 3149
12:37:50 103440 42298
12:38:50 174130 61003
12:39:51 180177 23668
12:40:51 408391 28838
12:41:51 13974 2707
12:42:51 45320 4042
12:43:51 34995 4308
12:44:52 83225 23907
12:45:52 81056 12766
12:46:52 136674 11128
12:47:52 49116 5193
12:48:52 328595 94874
12:49:53 9251 9041
12:50:53 23416 7407
12:51:53 47385 5108
12:52:53 198534 37376
12:53:54 64794 6016
12:54:54 197073 18598
12:55:54 4170 3864
12:56:54 5615 2276
12:57:55 173855 19865
12:58:55 56216 10733
12:59:55 257743 14435
13:00:56 868184 30774
13:01:56 146165 8743
13:02:56 142454 10739
13:03:56 325704 24525
13:04:56 55222 4933
13:05:56 447954 28775
13:06:57 159941 8462
13:07:57 129855 17951
13:08:57 159955 17607
13:09:57 39596 19383
13:10:58 5364 128837
13:11:57 4113 4869
13:12:58 192342 15064
13:13:58 198766 19699
13:14:58 116518 28939
13:15:58 6602 76666
13:16:59 67841 4018
13:17:59 292799 29168
13:18:59 91893 14882
13:19:59 152248 40353
13:20:59 86885 25871
13:22:00 3546 6182
13:23:00 775162 30212
13:24:01 86034 5693
13:25:01 16936 5005
13:26:01 26367 9697
13:27:01 182731 14212
13:28:02 404242 22938
13:29:02 35230 13384
13:30:02 448892 31471
13:31:02 41118 17178
13:32:03 9808 3280
13:33:03 50802 19589
13:34:04 150192 11554
13:35:04 2564 38789
13:36:04 14610 341734
13:37:04 165720 12382
13:38:05 1064408 70001
13:39:05 287789 18262
13:40:05 145610 13570
13:41:05 40970 9915
13:42:06 532155 48881
13:43:06 148121 21983
13:44:07 460319 37837
13:45:07 12100 116206
13:46:07 260345 91784
13:47:09 200241 16684
13:48:09 18820 4531
13:49:09 10762 9739
13:50:09 15331 13961
13:51:10 285009 25300
13:52:10 9621 5177
13:53:10 548919 27676
13:54:11 200210 28554
13:55:11 50176 22935
13:56:11 496107 24743
13:57:11 36728 5216
13:58:11 448920 31770
13:59:12 9453 7058
14:00:12 1960 4626
14:01:12 31672 4970
14:02:12 13967 14726
14:03:13 227808 21010
14:04:13 30590 26248
14:05:13 25463 16298
14:06:13 80332 31210
14:07:14 272740 58663
14:08:14 177508 8886
14:09:15 26154 6837
14:10:15 23620 12789
14:11:15 11508 9926
14:12:16 636072 32389
14:13:16 654249 59202
14:14:16 211102 15566
14:15:17 1045937 38715
14:16:17 97991 7959
14:17:17 1056092 57234
14:18:17 373914 25674
14:19:18 36156 79465
14:20:18 84437 6437
14:21:18 582789 24062
14:22:18 148962 132580
14:23:19 480333 122275
14:24:19 127960 8754
14:25:20 130693 7700
14:26:20 82550 116498
14:27:21 14814 4919
14:28:21 63206 81316
14:29:21 1070609 47938
14:30:21 492002 23649
14:31:22 645438 52914
14:32:22 49229 12827
14:33:22 7238 10407
14:34:23 86481 30815
14:35:23 46669 10912
14:36:24 260557 24278
14:37:24 551680 33760
14:38:25 81165 62237
14:39:25 381514 43729
14:40:25 413428 27204
14:41:26 60830 8452
14:42:26 739535 55827
14:43:27 258395 22514
14:44:27 426317 28478
14:45:28 370446 25001
14:46:28 44767 5387
14:47:28 83863 10508
14:48:29 48522 7304
14:49:29 539782 36562
14:50:29 211711 18764
14:51:29 202219 42411
14:52:30 200197 49381
14:53:30 1066121 41469
14:54:31 1071373 49164
14:55:31 133534 12477
14:56:31 426625 100777
14:57:31 339729 20241
14:58:32 119085 32691
14:59:32 43391 10658
15:00:32 462512 24010
15:01:32 56813 12767
15:02:33 37563 5346
15:03:33 244203 15375
15:04:33 432721 52773
15:05:33 126292 24921
15:06:33 90442 25770
15:07:34 158272 14017
15:08:34 106778 6617
15:09:34 66797 9426
15:10:34 88605 16755
15:11:34 58332 5165
15:12:35 123725 20164
15:13:35 248207 17316
15:14:35 459203 25767
15:15:36 445978 23872
15:16:36 77807 9273
15:17:36 62193 6271
15:18:37 445230 15943
15:19:37 61304 4909
15:20:37 33147 2248
15:21:37 87195 27007
15:22:37 226650 34894
15:23:37 705535 26495
15:24:38 163364 16682
15:25:38 92954 8076
15:26:38 146895 22679
15:27:38 361188 49060
15:28:38 17020 19425
15:29:39 111118 6149
15:30:39 99063 6238
15:31:39 165444 19499
15:32:40 104589 9181
15:33:40 53153 3707
15:34:40 660406 23697
15:35:41 525978 32859
15:36:41 114608 14232
15:37:41 85830 8756
15:38:41 242999 12998
15:39:41 238308 14107
15:40:41 380818 21881
15:41:42 421521 27599
15:42:42 259889 10859
15:43:42 94057 9213
15:44:42 107288 12454
15:45:43 377362 29431
15:46:43 459120 18465
15:47:44 244695 14481
15:48:44 9171 7904
15:49:44 377445 15856
15:50:44 194568 49115
15:51:45 976451 45556
15:52:45 173986 13274
15:53:45 272006 110587
15:54:45 776866 38820
15:55:45 248373 21602
15:56:46 5955 4178
15:57:46 286427 71123
15:58:46 130567 28775
15:59:46 23915 36580
16:00:46 128383 14962
16:01:47 123074 10798
16:02:47 25519 3151
16:03:47 210545 14412
16:04:47 578443 30203
16:05:47 30753 3334
16:06:48 206080 8823
16:07:48 550085 51536
16:08:48 491331 18505
16:09:51 227366 11524
16:10:49 372058 52386
16:11:49 326571 12388
16:12:49 242163 8968
16:13:49 307801 10636
16:14:50 1039269 59785
16:15:50 96662 8843
16:16:50 1063667 35736
16:17:50 729121 59249
16:18:51 341325 37619
16:19:51 82168 38265
16:20:51 188302 25351
16:21:51 110864 36516
16:22:51 94500 32818
16:23:52 505299 34701
16:24:52 250035 27925
16:25:52 531396 140188
16:26:52 27168 7768
16:27:53 339678 32706
16:28:53 767563 42766
16:29:53 341517 18288
16:30:53 78853 12414
16:31:54 38759 6524
16:32:55 783920 63918
16:33:54 37228 19931
16:34:55 11640 9690
16:35:55 179765 8706
16:36:55 403708 30125
16:37:55 406334 23230
16:38:56 712495 41257
16:39:56 6103 3721
16:40:56 244450 17219
16:41:57 119766 9172
16:42:57 383639 20244
16:43:57 26563 3525
16:44:57 44309 5217
16:45:57 9974 7086
16:46:58 963021 52866
16:47:58 10568 4504
16:48:58 110043 10776
16:49:58 23186 3512
16:50:58 247322 11739
16:51:58 72360 7789
16:52:59 874510 57830
16:54:00 854776 25044
16:55:01 2512 2101
16:56:01 296608 20626
16:57:01 391902 18186
16:58:01 102760 10961
16:59:02 196282 18994
17:00:02 991050 39447
17:01:02 512198 22762
17:02:02 43723 6914
17:03:03 246969 13524
17:04:04 88283 11483
17:05:04 96007 7823
17:06:05 99948 8080
17:07:05 4453 2891
17:08:05 517392 21099
17:09:05 265225 11633
17:10:06 68355 21992
17:11:06 578371 29438
17:12:06 64964 5318
17:13:06 915585 46356
17:14:06 33339 4831
17:15:07 280241 11886
17:16:07 197555 14898
17:17:07 480783 16351
17:18:08 94975 7077
17:19:08 212385 11095
17:20:08 936914 50813
17:21:08 227057 19519
17:22:08 10478 3004
17:23:10 221324 12770
17:24:10 437700 16838
17:25:10 12949 4364
17:26:11 95473 8702
17:27:11 14340 3333
17:28:11 208954 8450
17:29:12 677816 34922
17:30:12 173062 6707
17:31:12 354351 18556
17:32:12 494290 26618
17:33:13 6188 2883
17:34:13 587768 37561
17:35:13 607880 26125
17:36:13 4760 3855
17:37:14 49789 4739
17:38:14 316849 20523
17:39:15 3350 1241
17:40:15 129174 20054
17:41:15 178089 21930
17:42:16 897235 38793
17:43:16 134040 15046
17:44:17 83811 7519
17:45:17 121721 11608
17:46:17 187657 25200
17:47:18 135789 21780
17:48:18 69611 7175
17:49:18 313435 27971
17:50:18 975779 74218
17:51:19 1064353 49406
17:52:19 601690 97198
17:53:19 259615 11205
17:54:19 48405 2954
17:55:20 24124 3247
17:56:20 22787 4377
17:57:20 51537 7303
17:58:20 892972 38889
17:59:21 154924 8228
18:00:21 40852 5067
18:01:21 7292 2386
18:02:22 1034257 41615
18:03:22 178817 62124
18:04:22 32423 2830
18:05:22 51394 4018
18:06:22 49531 6322
18:07:22 165025 8433
18:08:23 63812 4015
18:09:23 233735 19591
18:10:23 53240 10884
18:11:24 206021 11871
18:12:24 181101 44449
18:13:24 158388 36389
18:14:24 1062197 54224
18:15:25 57216 6963
18:16:25 181143 7246
18:17:25 10599 1536
18:18:26 72677 30150
18:19:26 13464 768
18:20:26 65594 3432
18:21:26 20439 3736
18:22:27 42597 5026
18:23:27 51227 5330
18:24:27 471670 20095
18:25:27 21806 3898
18:26:28 128484 48322
18:27:28 164062 16372
18:28:28 8708 3160
18:29:29 32119 1821
18:30:29 30582 5024
18:31:30 120210 12182
18:32:30 449986 54196
18:33:31 290358 23182
18:34:31 44073 3610
18:35:31 670059 25823
18:36:31 159293 12123
18:37:32 332902 14510
18:38:32 674551 35977
18:39:33 64049 15351
18:40:33 14114 7178
18:41:33 250858 19058
18:42:33 282734 14909
18:43:33 261171 16287
18:44:33 291569 39037
18:45:34 162131 7493
18:46:34 219854 12732
18:47:34 196933 17501
18:48:35 182032 10198
18:49:35 284640 19360
18:50:35 223338 13527
18:51:35 49773 14920
18:52:35 138438 10754
18:53:36 388080 80302
18:54:37 207643 27004
18:55:37 214533 21955
18:56:37 171644 13520
18:57:37 135632 15123
18:58:38 53372 17449
18:59:38 205756 20165
19:00:38 198881 16999
19:01:38 283695 22757
19:02:39 113312 16450
19:03:39 119501 11905
19:04:39 310866 22034
19:05:39 647459 46214
19:06:39 138993 12257
19:07:40 212007 10692
19:08:40 681867 65695
19:09:40 113104 12501
19:10:40 931733 38764
19:11:41 265574 43206
19:12:41 197072 22943
19:13:41 106156 14024
19:14:41 122201 20000
19:15:42 200423 25899
19:16:42 398557 38353
19:17:42 285325 24831
19:18:42 88091 16323
19:19:42 187145 14965
19:20:43 282859 19275
19:21:43 379440 55102
19:22:43 276528 21743
19:23:43 606846 121233
19:24:44 402270 76177
19:25:44 32644 15444
19:26:44 197522 23364
19:27:44 367150 62260
19:28:44 246282 41838
19:29:45 889085 33136
19:30:45 317757 13960
19:31:45 309459 15935
19:32:45 676571 58255
19:33:46 236430 11992
19:34:47 780008 50139
19:35:47 76790 31488
19:36:47 322945 60706
19:37:48 235329 15689
19:38:48 15695 5205
19:39:48 3651 3230
19:40:48 9289 5295
19:41:49 35535 2102
19:42:49 57435 9573
19:43:49 330468 54786
19:44:49 39222 8106
19:45:49 171665 11488
19:46:50 27102 7767
19:47:50 52044 7723
19:48:50 492705 112135
19:49:53 22121 3101
19:50:51 4082 2696
19:51:51 3434 3426
19:52:51 9390 6161
19:53:51 415960 16624
19:54:51 446084 19671
19:55:52 3950 3635
19:56:51 31814 6191
19:57:52 7895 5608
19:58:52 19645 6563
19:59:52 1930 2566
20:00:53 7448 3398
20:01:53 33357 4282
20:02:53 42577 9381
20:03:53 90836 5128
20:04:53 212945 9064
20:05:54 164920 7888
20:06:54 440880 60104
20:07:54 160644 8093
20:08:54 152625 8088
20:09:54 203010 10770
20:10:55 171176 12075
20:11:55 375869 22650
20:12:55 19521 4528
20:13:55 12286 5703
20:14:55 653489 24823
20:15:55 80789 26514
20:16:56 24271 4317
20:17:56 4936 3922
20:18:57 312235 12736
20:19:57 54731 6656
20:20:57 87785 28005
20:21:57 29107 2163
20:22:57 656330 80862
20:23:58 10292 2083
20:24:58 128011 7814
20:25:58 96252 7611
20:26:58 3530 512
20:27:59 33379 6365
20:28:59 26107 7517
20:29:59 21390 8532
20:30:59 81092 13938
20:31:59 752211 122799
20:33:00 38480 5046
20:34:00 90467 12878
20:35:00 267897 18505
20:36:00 138518 18513
20:37:00 612329 35461
20:38:01 81168 5466
20:39:01 55115 12201
20:40:01 140882 22628
20:41:01 90433 11571
20:42:01 176737 7916
20:43:02 9253 7604
20:44:02 196734 34146
20:45:02 67443 7790
20:46:02 103986 7466
20:47:03 250292 62821
20:48:03 36174 1885
20:49:03 3914 2235
20:50:03 266068 17142
20:51:03 214103 16064
20:52:04 138559 51457
20:53:04 74432 4570
20:54:04 16284 8528
20:55:04 40908 7769
20:56:04 4070 2746
20:57:05 26033 2401
20:58:05 437056 22084
20:59:05 119544 9620
21:00:05 122167 12897
21:01:06 248 1282
21:02:06 32864 2352
21:03:06 513197 21619
21:04:06 57240 7341
21:05:06 152253 13760
21:06:06 1438 1805
21:07:07 416861 21637
21:08:07 222853 58526
21:09:07 334486 17285
21:10:07 19718 5541
21:11:07 25322 4067
21:12:08 1052 886
21:13:08 47561 3032
21:14:08 55903 5645
21:15:08 328331 18207
21:16:09 2064 1662
21:17:09 221249 19122
21:18:09 40510 4765
21:19:10 67971 8387
21:20:10 16235 1908
21:21:10 3242 2665
21:22:10 172909 18474
21:23:10 115230 6297
21:24:11 2261 2805
21:25:11 499603 37498
21:26:11 171059 9222
21:27:11 16195 2718
21:28:11 283025 27596
21:29:12 54353 4981
21:30:12 48518 8094
21:31:12 469214 31345
21:32:12 33787 9571
21:33:12 2110 2068
21:34:13 208094 14667
21:35:13 244045 11155
21:36:13 45103 18928
21:37:13 297503 21521
21:38:23 17849 2152
21:39:14 27075 4187
21:40:14 107591 6158
21:41:14 11657 1705
21:42:15 17658 2560
21:43:15 34485 4431
21:44:15 35285 4470
21:45:15 129573 5287
21:46:15 799944 35925
21:47:16 31246 3664
21:48:16 57214 9245
21:49:17 29490 3200
21:50:17 8821 5100
21:51:17 208555 9909
21:52:17 63534 4852
21:53:17 239975 15401
21:54:17 2586 1606
21:55:18 162393 16022
21:56:18 614158 27469
21:57:18 39664 4887
21:58:18 126329 8732
21:59:19 372594 21014
22:00:19 108075 7100
22:01:19 2305 2163
22:02:19 88997 11536
22:03:20 62928 13690
22:04:20 89086 8574
22:05:20 9199 2214
22:06:20 54410 5368
22:07:21 25579 5807
22:08:21 106978 13795
22:09:21 679786 51245
22:10:21 209538 36628
22:11:22 477744 72690
22:12:22 398861 28979
22:13:22 106862 8810
22:14:22 111975 10818
22:15:23 14034 5905
22:16:23 25486 2769
22:17:23 15734 6886
22:18:23 63610 5211
22:19:24 137101 222912
22:20:24 16082 3763
22:21:24 9831 3506
22:22:24 898373 32296
22:23:24 37775 6790
22:24:25 190098 12431
22:25:25 38313 7836
22:26:25 124512 40810
22:27:26 30569 3564
22:28:26 12877 1844
22:29:26 18464 3719
22:30:26 53461 3898
22:31:27 62399 5690
22:32:27 334740 169510
22:33:27 18107 8120
22:34:27 107076 182625
22:35:28 20534 109784
22:36:28 225480 21279
22:37:28 184584 15983
22:38:28 667923 35891
22:39:29 47949 7880
22:40:29 155606 13350
22:41:29 122022 21291
22:42:30 140898 52369
22:43:30 509197 24819
22:44:30 6170 10239
22:45:30 123113 14902
22:46:31 115653 11209
22:47:31 48879 7408
22:48:31 35789 11173
22:49:35 247094 26417
22:50:32 19320 7647
22:51:32 11177 4061
22:52:32 374732 20557
22:53:32 8997 5957
22:54:33 3360 2539
22:55:33 92303 12230
22:56:33 11263 7589
22:57:33 28898 5424
22:58:34 11936 8339
22:59:34 547031 61975
23:00:34 53380 10231
23:01:35 70236 33319
23:02:35 15245 3122
23:03:35 18878 6874
23:04:35 17577 4076
23:05:35 109824 5703
23:06:36 183288 17736
23:07:36 173851 21715
23:08:36 198744 16636
23:09:37 17807 3098
23:10:37 77384 9179
23:11:37 52710 14695
23:12:37 23272 8986
23:13:38 5679 6437
23:14:38 269461 24090
23:15:38 195003 13849
23:16:38 106578 11731
23:17:38 67760 8766
23:18:39 106784 41393
23:19:39 60190 17862
23:20:39 260246 7926
23:21:40 47054 13559
23:22:40 66828 10364
23:23:40 110497 8682
23:24:41 161214 40831
23:25:41 487816 48104
23:26:41 156509 9245
23:27:41 45790 6318
23:28:42 13490 19891
23:29:42 36708 12974
23:30:42 18577 3237
23:31:42 60517 2897
23:32:43 46560 25122
23:33:43 82627 11823
23:34:43 446131 21851
23:35:43 7643 7997
23:36:44 66644 25125
23:37:44 474092 43329
23:38:44 167433 19277
23:39:45 77486 16699
23:40:45 134598 7040
23:41:45 280183 16433
23:42:45 42578 27368
23:43:46 79701 10329
23:44:46 160728 9405
23:45:47 131292 23549
23:46:47 698389 45021
23:47:48 78086 6484
23:48:48 37006 8597
23:49:49 488143 23479
23:50:49 219218 15911
23:51:50 281129 71764
23:52:50 483940 47241
23:53:51 356195 14421
23:54:52 50174 3468
23:55:52 82786 9551
23:56:52 15535 7251
23:57:53 86387 20485
23:58:54 14832 2025
23:59:53 49056 40835
