00:03:24 0
00:07:21 0
02:00:06 0
02:05:06 0
02:10:07 0
02:15:08 0
02:20:08 0
02:25:08 0
02:30:08 0
02:35:08 0
02:40:09 0
02:45:10 0
02:50:10 0
02:55:11 0
03:00:11 0
03:05:11 0
03:10:11 0
03:15:12 0
03:20:13 0
03:25:13 0
03:30:14 0
03:35:14 0
03:40:15 0
03:45:16 0
03:50:17 0
03:55:17 0
04:00:18 0
04:05:19 0
04:10:20 0
04:15:20 0
04:20:21 0
04:25:22 0
04:30:22 0
04:35:23 0
04:40:24 0
04:45:25 0
04:50:25 0
04:55:26 0
05:00:27 0
05:05:28 0
05:10:28 0
05:15:29 0
05:20:30 0
05:25:31 0
05:30:31 0
05:35:32 0
05:40:33 0
05:45:34 0
05:50:34 0
05:55:35 0
06:00:36 0
06:05:37 0
06:10:37 0
06:15:38 0
06:20:39 0
06:25:40 0
06:30:41 0
06:35:41 0
06:40:42 0
06:45:42 0
06:50:43 0
06:55:44 0
07:00:44 0
07:05:45 0
07:10:46 0
07:15:47 0
07:20:47 0
07:25:48 0
07:30:49 0
07:35:49 0
07:40:50 0
07:45:51 0
07:50:51 0
07:55:52 0
08:00:53 0
08:05:53 0
08:10:54 0
08:15:54 0
08:20:55 0
08:25:55 0
08:30:55 0
08:35:56 0
08:40:57 0
08:45:58 0
08:50:58 0
08:55:59 0
09:01:00 0
09:06:00 0
09:11:00 0
09:16:00 0
09:21:01 0
09:26:01 0
09:31:02 0
09:36:02 0
09:41:03 0
09:46:04 0
09:51:04 0
09:56:04 0
10:01:04 0
10:06:04 0
10:11:05 0
10:16:07 0
10:21:05 0
10:26:06 0
10:31:07 0
10:36:07 0
10:41:08 0
10:46:08 0
10:51:09 0
10:56:10 0
11:01:10 0
11:06:11 0
11:11:12 0
11:16:12 0
11:21:13 0
11:26:13 0
11:31:13 0
11:36:14 0
11:41:15 0
11:46:15 0
11:51:18 0
11:56:16 0
12:01:16 0
12:06:17 0
12:11:16 0
12:16:17 0
12:21:18 0
12:26:18 0
12:31:18 0
12:36:19 0
12:41:19 0
12:46:20 0
12:51:20 0
12:56:20 0
13:01:20 0
13:06:21 0
13:11:21 0
13:16:22 0
13:21:22 0
13:26:23 0
13:31:23 0
13:36:24 0
13:41:24 0
13:46:25 0
13:51:26 0
13:56:27 0
14:01:27 0
14:06:27 0
14:11:28 0
14:16:28 0
14:21:28 0
14:26:28 0
14:31:29 0
14:36:30 0
14:41:30 0
14:46:30 0
14:51:31 0
14:56:31 0
15:01:31 0
15:06:31 0
15:11:32 0
15:16:33 0
15:21:33 0
15:26:34 0
15:31:35 0
15:36:35 0
15:41:35 0
15:46:36 0
15:51:37 0
15:56:37 0
16:01:37 0
16:06:38 0
16:11:38 0
16:16:39 0
16:21:39 0
16:26:39 0
16:31:39 0
16:36:40 0
16:41:40 0
16:46:47 0
16:51:42 0
16:56:43 0
17:01:43 0
17:06:44 0
17:11:44 0
17:16:44 0
17:21:44 0
17:26:45 0
17:31:45 0
17:36:45 0
17:41:46 0
17:46:46 0
17:52:04 0
17:56:47 0
18:01:47 0
18:06:47 0
18:11:48 0
18:16:48 0
18:21:48 0
18:26:49 0
18:31:50 0
18:36:50 0
18:41:51 0
18:46:51 0
18:51:51 0
18:56:51 0
19:01:51 0
19:06:51 0
19:11:51 0
19:16:52 0
19:21:52 0
19:26:53 0
19:31:53 0
19:36:53 0
19:41:54 0
19:46:54 0
19:51:54 0
19:56:54 0
20:01:55 0
20:06:56 0
20:11:57 0
20:16:57 0
20:21:57 0
20:26:57 0
20:31:57 0
20:36:57 0
20:41:57 0
20:46:58 0
20:51:58 0
20:56:58 0
21:01:59 0
21:06:59 0
21:11:59 0
21:16:59 0
21:22:00 0
21:27:01 0
21:32:01 0
21:37:01 0
21:42:01 0
21:47:02 0
21:52:02 0
21:57:02 0
22:02:02 0
22:07:02 0
22:12:03 0
22:17:03 0
22:22:03 0
22:27:03 0
22:32:04 0
22:37:04 0
22:42:04 0
22:47:04 0
22:52:05 0
22:57:05 0
23:02:06 0
23:07:06 0
23:12:06 0
23:17:06 0
23:22:07 0
23:27:07 0
23:32:07 0
23:37:08 0
23:42:08 0
23:47:09 0
23:52:09 0
23:57:10 0
