00:00:14 4 0 40
00:00:39 4 0 41
00:01:25 4 0 44
00:02:08 4 0 41
00:02:34 4 0 39
00:02:55 4 0 40
00:03:24 4 0 44
00:03:43 4 0 39
00:04:18 4 0 39
00:04:48 4 0 39
00:05:18 4 0 39
00:05:57 4 0 39
00:06:22 4 0 39
00:06:52 4 0 40
00:07:28 4 0 40
00:07:55 4 0 40
00:08:23 4 0 52
02:00:06 4 0 39
02:00:36 4 0 39
02:01:06 4 0 40
02:01:36 4 0 39
02:02:06 4 0 39
02:02:36 4 0 39
02:03:07 4 0 39
02:03:37 4 0 39
02:04:07 4 0 39
02:04:37 4 0 39
02:05:08 4 0 39
02:05:38 4 0 40
02:06:08 4 0 39
02:06:38 4 0 39
02:07:09 4 0 39
02:07:39 4 0 39
02:08:09 4 0 39
02:08:39 4 0 39
02:09:09 4 0 40
02:09:40 4 0 41
02:10:10 4 0 39
02:10:40 4 0 39
02:11:10 4 0 39
02:11:40 4 0 39
02:12:11 4 0 39
02:12:41 4 0 39
02:13:11 4 0 39
02:13:41 4 0 39
02:14:11 4 0 40
02:14:42 4 0 39
02:15:12 4 0 39
02:15:42 4 0 39
02:16:12 4 0 39
02:16:42 4 0 39
02:17:13 4 0 39
02:17:43 4 0 39
02:18:13 4 0 39
02:18:43 4 0 39
02:19:14 4 0 39
02:19:44 4 0 39
02:20:14 4 0 39
02:20:44 4 0 39
02:21:15 4 0 39
02:21:45 4 0 39
02:22:15 4 0 39
02:22:45 4 0 39
02:23:15 4 0 39
02:23:45 4 0 39
02:24:16 4 0 39
02:24:46 4 0 39
02:25:16 4 0 40
02:25:46 4 0 39
02:26:17 4 0 39
02:26:47 4 0 39
02:27:17 4 0 39
02:27:47 4 0 39
02:28:17 4 0 39
02:28:48 4 0 39
02:29:18 4 0 39
02:29:48 4 0 39
02:30:18 4 0 39
02:30:48 4 0 39
02:31:19 4 0 39
02:31:49 4 0 39
02:32:19 4 0 39
02:32:49 4 0 41
02:33:19 4 0 39
02:33:50 4 0 39
02:34:20 4 0 39
02:34:50 4 0 39
02:35:20 4 0 39
02:35:50 4 0 39
02:36:21 4 0 39
02:36:51 4 0 39
02:37:21 4 0 39
02:37:51 4 0 39
02:38:21 4 0 39
02:38:52 4 0 41
02:39:22 4 0 39
02:39:52 4 0 39
02:40:22 4 0 39
02:40:52 4 0 39
02:41:23 4 0 39
02:41:53 4 0 39
02:42:23 4 0 39
02:42:53 4 0 39
02:43:23 4 0 39
02:43:54 4 0 39
02:44:24 4 0 39
02:44:54 4 0 39
02:45:24 4 0 39
02:45:54 4 0 39
02:46:25 4 0 40
02:46:55 4 0 39
02:47:25 4 0 39
02:47:55 4 0 39
02:48:25 4 0 64
02:48:56 4 0 39
02:49:26 4 0 40
02:49:56 4 0 39
02:50:26 4 0 39
02:50:56 4 0 39
02:51:27 4 0 39
02:51:57 4 0 39
02:52:27 4 0 39
02:52:57 4 0 39
02:53:27 4 0 39
02:53:58 4 0 39
02:54:28 4 0 39
02:54:58 4 0 39
02:55:28 4 0 39
02:55:58 4 0 39
02:56:29 4 0 39
02:56:59 4 0 39
02:57:29 4 0 39
02:57:59 4 0 39
02:58:29 4 0 39
02:59:00 4 0 39
02:59:30 4 0 39
03:00:00 4 0 39
03:00:30 4 0 39
03:01:00 4 0 40
03:01:31 4 0 39
03:02:01 4 0 39
03:02:31 4 0 39
03:03:01 4 0 39
03:03:31 4 0 39
03:04:02 4 0 39
03:04:32 4 0 39
03:05:02 4 0 39
03:05:32 4 0 39
03:06:03 4 0 39
03:06:33 4 0 39
03:07:03 4 0 39
03:07:34 4 0 39
03:08:04 4 0 39
03:08:35 4 0 39
03:09:05 4 0 41
03:09:35 4 0 39
03:10:05 4 0 39
03:10:35 4 0 39
03:11:06 4 0 41
03:11:36 4 0 39
03:12:06 4 0 39
03:12:36 4 0 40
03:13:06 4 0 39
03:13:36 4 0 39
03:14:07 4 0 39
03:14:37 4 0 39
03:15:07 4 0 39
03:15:37 4 0 39
03:16:07 4 0 39
03:16:37 4 0 39
03:17:08 4 0 39
03:17:38 4 0 39
03:18:08 4 0 39
03:18:38 4 0 40
03:19:08 4 0 39
03:19:39 4 0 39
03:20:09 4 0 39
03:20:39 4 0 39
03:21:09 4 0 39
03:21:39 4 0 39
03:22:09 4 0 39
03:22:40 4 0 39
03:23:10 4 0 39
03:23:40 4 0 39
03:24:10 4 0 39
03:24:40 4 0 39
03:25:10 4 0 39
03:25:41 4 0 40
03:26:11 4 0 40
03:26:41 4 0 39
03:27:11 4 0 39
03:27:41 4 0 39
03:28:11 4 0 39
03:28:42 4 0 39
03:29:12 4 0 39
03:29:42 4 0 39
03:30:12 4 0 41
03:30:42 4 0 39
03:31:12 4 0 39
03:31:43 4 0 39
03:32:13 4 0 39
03:32:43 4 0 39
03:33:13 4 0 39
03:33:43 4 0 39
03:34:13 4 0 39
03:34:43 4 0 39
03:35:14 4 0 40
03:35:44 4 0 39
03:36:14 4 0 39
03:36:44 4 0 39
03:37:14 4 0 39
03:37:45 4 0 39
03:38:15 4 0 39
03:38:45 4 0 40
03:39:15 4 0 39
03:39:45 4 0 40
03:40:16 4 0 39
03:40:46 4 0 39
03:41:16 4 0 39
03:41:46 4 0 39
03:42:16 4 0 39
03:42:46 4 0 39
03:43:17 4 0 39
03:43:47 4 0 39
03:44:17 4 0 39
03:44:47 4 0 39
03:45:17 4 0 39
03:45:47 4 0 39
03:46:18 4 0 39
03:46:48 4 0 39
03:47:18 4 0 39
03:47:48 4 0 39
03:48:18 4 0 39
03:48:48 4 0 39
03:49:19 4 0 39
03:49:49 4 0 39
03:50:19 4 0 39
03:50:49 4 0 39
03:51:19 4 0 39
03:51:49 4 0 39
03:52:20 4 0 39
03:52:50 4 0 40
03:53:20 4 0 39
03:53:50 4 0 39
03:54:20 4 0 39
03:54:50 4 0 39
03:55:21 4 0 39
03:55:51 4 0 39
03:56:21 4 0 39
03:56:51 4 0 40
03:57:21 4 0 39
03:57:51 4 0 39
03:58:22 4 0 39
03:58:52 4 0 39
03:59:22 4 0 39
03:59:52 4 0 40
04:00:22 4 0 39
04:00:52 4 0 40
04:01:23 4 0 39
04:01:53 4 0 39
04:02:23 4 0 40
04:02:53 4 0 39
04:03:23 4 0 39
04:03:53 4 0 39
04:04:24 4 0 39
04:04:54 4 0 39
04:05:24 4 0 39
04:05:54 4 0 40
04:06:24 4 0 39
04:06:55 4 0 39
04:07:25 4 0 39
04:07:55 4 0 39
04:08:25 4 0 39
04:08:55 4 0 39
04:09:25 4 0 39
04:09:56 4 0 39
04:10:26 4 0 39
04:10:56 4 0 39
04:11:26 4 0 39
04:11:56 4 0 39
04:12:26 4 0 39
04:12:57 4 0 39
04:13:27 4 0 40
04:13:57 4 0 40
04:14:27 4 0 39
04:14:57 4 0 39
04:15:27 4 0 39
04:15:58 4 0 39
04:16:28 4 0 39
04:16:58 4 0 39
04:17:28 4 0 39
04:17:58 4 0 39
04:18:28 4 0 39
04:18:58 4 0 39
04:19:29 4 0 39
04:19:59 4 0 39
04:20:29 4 0 39
04:20:59 4 0 40
04:21:29 4 0 39
04:22:00 4 0 39
04:22:30 4 0 39
04:23:00 4 0 39
04:23:30 4 0 55
04:24:00 4 0 39
04:24:30 4 0 39
04:25:01 4 0 40
04:25:31 4 0 39
04:26:01 4 0 39
04:26:31 4 0 39
04:27:01 4 0 39
04:27:31 4 0 39
04:28:02 4 0 39
04:28:32 4 0 39
04:29:02 4 0 39
04:29:32 4 0 39
04:30:02 4 0 39
04:30:33 4 0 39
04:31:03 4 0 39
04:31:33 4 0 39
04:32:03 4 0 39
04:32:33 4 0 39
04:33:03 4 0 39
04:33:34 4 0 39
04:34:04 4 0 40
04:34:34 4 0 39
04:35:04 4 0 39
04:35:34 4 0 39
04:36:04 4 0 39
04:36:35 4 0 39
04:37:05 4 0 39
04:37:35 4 0 39
04:38:05 4 0 39
04:38:35 4 0 39
04:39:05 4 0 39
04:39:36 4 0 39
04:40:06 4 0 39
04:40:36 4 0 39
04:41:06 4 0 39
04:41:36 4 0 39
04:42:07 4 0 39
04:42:37 4 0 42
04:43:07 4 0 41
04:43:37 4 0 40
04:44:07 4 0 39
04:44:38 4 0 40
04:45:08 4 0 39
04:45:38 4 0 41
04:46:08 4 0 42
04:46:38 4 0 40
04:47:08 4 0 39
04:47:39 4 0 39
04:48:09 4 0 39
04:48:39 4 0 39
04:49:09 4 0 39
04:49:39 4 0 40
04:50:09 4 0 39
04:50:40 4 0 39
04:51:10 4 0 39
04:51:40 4 0 39
04:52:10 4 0 39
04:52:40 4 0 39
04:53:10 4 0 39
04:53:41 4 0 39
04:54:11 4 0 39
04:54:41 4 0 39
04:55:11 4 0 39
04:55:41 4 0 39
04:56:11 4 0 39
04:56:42 4 0 39
04:57:12 4 0 39
04:57:42 4 0 39
04:58:12 4 0 39
04:58:42 4 0 39
04:59:13 4 0 39
04:59:43 4 0 39
05:00:13 4 0 39
05:00:43 4 0 39
05:01:13 4 0 39
05:01:43 4 0 39
05:02:13 4 0 39
05:02:44 4 0 39
05:03:14 4 0 39
05:03:44 4 0 39
05:04:14 4 0 39
05:04:44 4 0 39
05:05:14 4 0 39
05:05:45 4 0 39
05:06:15 4 0 40
05:06:45 4 0 39
05:07:15 4 0 39
05:07:45 4 0 39
05:08:16 4 0 39
05:08:46 4 0 39
05:09:16 4 0 39
05:09:46 4 0 39
05:10:16 4 0 39
05:10:46 4 0 42
05:11:17 4 0 39
05:11:47 4 0 39
05:12:17 4 0 39
05:12:47 4 0 39
05:13:17 4 0 39
05:13:47 4 0 39
05:14:18 4 0 39
05:14:48 4 0 39
05:15:18 4 0 39
05:15:48 4 0 50
05:16:18 4 0 49
05:16:49 4 0 39
05:17:19 4 0 39
05:17:49 4 0 39
05:18:19 4 0 39
05:18:49 4 0 39
05:19:20 4 0 40
05:19:50 4 0 39
05:20:20 4 0 39
05:20:50 4 0 39
05:21:20 4 0 39
05:21:50 4 0 39
05:22:21 4 0 39
05:22:51 4 0 39
05:23:21 4 0 39
05:23:51 4 0 39
05:24:21 4 0 39
05:24:51 4 0 39
05:25:22 4 0 39
05:25:52 4 0 39
05:26:22 4 0 41
05:26:52 4 0 39
05:27:22 4 0 39
05:27:52 4 0 39
05:28:23 4 0 39
05:28:53 4 0 39
05:29:23 4 0 39
05:29:53 4 0 39
05:30:23 4 0 39
05:30:53 4 0 39
05:31:24 4 0 39
05:31:54 4 0 39
05:32:24 4 0 39
05:32:54 4 0 39
05:33:24 4 0 39
05:33:54 4 0 39
05:34:25 4 0 39
05:34:55 4 0 39
05:35:25 4 0 39
05:35:55 4 0 39
05:36:25 4 0 40
05:36:55 4 0 39
05:37:26 4 0 39
05:37:56 4 0 39
05:38:26 4 0 39
05:38:56 4 0 39
05:39:26 4 0 39
05:39:56 4 0 39
05:40:27 4 0 39
05:40:57 4 0 39
05:41:27 4 0 41
05:41:57 4 0 39
05:42:27 4 0 39
05:42:58 4 0 39
05:43:28 4 0 39
05:43:58 4 0 39
05:44:28 4 0 39
05:44:58 4 0 39
05:45:28 4 0 39
05:45:59 4 0 39
05:46:29 4 0 39
05:46:59 4 0 39
05:47:29 4 0 39
05:47:59 4 0 39
05:48:29 4 0 39
05:49:00 4 0 39
05:49:30 4 0 39
05:50:00 4 0 56
05:50:30 4 0 39
05:51:00 4 0 39
05:51:30 4 0 39
05:52:01 4 0 39
05:52:31 4 0 39
05:53:01 4 0 39
05:53:31 4 0 39
05:54:01 4 0 39
05:54:31 4 0 39
05:55:02 4 0 39
05:55:32 4 0 39
05:56:02 4 0 39
05:56:32 4 0 39
05:57:02 4 0 39
05:57:33 4 0 39
05:58:03 4 0 39
05:58:33 4 0 50
05:59:03 4 0 39
05:59:33 4 0 39
06:00:04 4 0 39
06:00:34 4 0 39
06:01:04 4 0 39
06:01:34 4 0 39
06:02:04 4 0 39
06:02:35 4 0 39
06:03:05 4 0 39
06:03:35 4 0 39
06:04:05 4 0 39
06:04:35 4 0 39
06:05:06 4 0 39
06:05:36 4 0 40
06:06:06 4 0 39
06:06:36 4 0 39
06:07:06 4 0 39
06:07:37 4 0 39
06:08:07 4 0 39
06:08:37 4 0 39
06:09:07 4 0 40
06:09:37 4 0 39
06:10:07 4 0 39
06:10:38 4 0 39
06:11:08 4 0 39
06:11:38 4 0 39
06:12:08 4 0 39
06:12:39 4 0 39
06:13:09 4 0 39
06:13:39 4 0 39
06:14:09 4 0 39
06:14:39 4 0 39
06:15:09 4 0 39
06:15:40 4 0 40
06:16:10 4 0 39
06:16:40 4 0 39
06:17:10 4 0 39
06:17:40 4 0 39
06:18:10 4 0 39
06:18:41 4 0 70
06:19:11 4 0 39
06:19:41 4 0 39
06:20:11 4 0 39
06:20:41 4 0 39
06:21:11 4 0 39
06:21:42 4 0 39
06:22:12 4 0 39
06:22:42 4 0 39
06:23:12 4 0 39
06:23:42 4 0 39
06:24:12 4 0 39
06:24:43 4 0 39
06:25:13 4 0 39
06:25:43 4 0 39
06:26:13 4 0 39
06:26:43 4 0 39
06:27:13 4 0 39
06:27:44 4 0 39
06:28:14 4 0 39
06:28:44 4 0 57
06:29:14 4 0 39
06:29:44 4 0 39
06:30:14 4 0 39
06:30:45 4 0 40
06:31:15 4 0 39
06:31:45 4 0 39
06:32:15 4 0 39
06:32:45 4 0 39
06:33:16 4 0 39
06:33:46 4 0 39
06:34:16 4 0 39
06:34:46 4 0 39
06:35:16 4 0 39
06:35:46 4 0 39
06:36:17 4 0 39
06:36:47 4 0 39
06:37:17 4 0 40
06:37:47 4 0 39
06:38:17 4 0 39
06:38:47 4 0 39
06:39:18 4 0 39
06:39:48 4 0 39
06:40:18 4 0 39
06:40:48 4 0 39
06:41:18 4 0 39
06:41:48 4 0 39
06:42:19 4 0 39
06:42:49 4 0 39
06:43:19 4 0 39
06:43:49 4 0 40
06:44:19 4 0 39
06:44:49 4 0 41
06:45:20 4 0 39
06:45:50 4 0 39
06:46:20 4 0 39
06:46:50 4 0 39
06:47:20 4 0 39
06:47:50 4 0 39
06:48:21 4 0 39
06:48:51 4 0 39
06:49:21 4 0 39
06:49:51 4 0 39
06:50:21 4 0 39
06:50:51 4 0 39
06:51:22 4 0 39
06:51:52 4 0 39
06:52:22 4 0 39
06:52:52 4 0 70
06:53:22 4 0 39
06:53:52 4 0 39
06:54:23 4 0 39
06:54:53 4 0 39
06:55:23 4 0 39
06:55:53 4 0 39
06:56:23 4 0 39
06:56:53 4 0 41
06:57:24 4 0 39
06:57:54 4 0 39
06:58:24 4 0 39
06:58:54 4 0 39
06:59:24 4 0 39
06:59:54 4 0 40
07:00:25 4 0 39
07:00:55 4 0 40
07:01:25 4 0 39
07:01:55 4 0 39
07:02:25 4 0 39
07:02:55 4 0 40
07:03:26 4 0 39
07:03:56 4 0 39
07:04:26 4 0 39
07:04:56 4 0 39
07:05:26 4 0 39
07:05:56 4 0 39
07:06:27 4 0 39
07:06:57 4 0 39
07:07:27 4 0 39
07:07:57 4 0 39
07:08:27 4 0 39
07:08:57 4 0 39
07:09:28 4 0 39
07:09:58 4 0 41
07:10:28 4 0 39
07:10:58 4 0 39
07:11:28 4 0 39
07:11:58 4 0 40
07:12:29 4 0 39
07:12:59 4 0 39
07:13:29 4 0 66
07:13:59 4 0 39
07:14:29 4 0 39
07:14:59 4 0 41
07:15:30 4 0 39
07:16:00 4 0 39
07:16:30 4 0 39
07:17:00 4 0 39
07:17:30 4 0 39
07:18:01 4 0 39
07:18:31 4 0 39
07:19:01 4 0 39
07:19:31 4 0 39
07:20:01 4 0 40
07:20:31 4 0 39
07:21:02 4 0 39
07:21:32 4 0 39
07:22:02 4 0 39
07:22:32 4 0 39
07:23:02 4 0 39
07:23:32 4 0 39
07:24:03 4 0 39
07:24:33 4 0 39
07:25:03 4 0 41
07:25:33 4 0 42
07:26:04 4 0 40
07:26:34 4 0 39
07:27:05 4 0 41
07:27:35 4 0 40
07:28:05 4 0 39
07:28:35 4 0 39
07:29:05 4 0 39
07:29:35 4 0 39
07:30:06 4 0 39
07:30:36 4 0 39
07:31:06 4 0 39
07:31:36 4 0 44
07:32:07 4 0 39
07:32:37 4 0 39
07:33:07 4 0 39
07:33:37 4 0 39
07:34:07 4 0 39
07:34:37 4 0 39
07:35:08 4 0 39
07:35:38 4 0 39
07:36:09 4 0 39
07:36:39 4 0 39
07:37:09 4 0 39
07:37:39 4 0 42
07:38:10 4 0 39
07:38:40 4 0 44
07:39:10 4 0 39
07:39:40 4 0 55
07:40:10 4 0 39
07:40:40 4 0 39
07:41:11 4 0 39
07:41:41 4 0 39
07:42:11 4 0 80
07:42:41 4 0 39
07:43:11 4 0 39
07:43:41 4 0 39
07:44:11 4 0 39
07:44:41 4 0 39
07:45:12 4 0 39
07:45:42 4 0 39
07:46:12 4 0 39
07:46:42 4 0 39
07:47:12 4 0 39
07:47:42 4 0 39
07:48:13 4 0 39
07:48:43 4 0 39
07:49:13 4 0 39
07:49:43 4 0 39
07:50:13 4 0 39
07:50:43 4 0 39
07:51:14 4 0 68
07:51:44 4 0 39
07:52:14 4 0 39
07:52:44 4 0 69
07:53:14 4 0 39
07:53:44 4 0 39
07:54:15 4 0 39
07:54:45 4 0 39
07:55:15 4 0 39
07:55:45 4 0 39
07:56:15 4 0 39
07:56:45 4 0 39
07:57:16 4 0 39
07:57:46 4 0 39
07:58:16 4 0 39
07:58:46 4 0 39
07:59:16 4 0 39
07:59:46 4 0 39
08:00:17 4 0 43
08:00:47 4 0 39
08:01:17 4 0 39
08:01:47 4 0 39
08:02:17 4 0 39
08:02:47 4 0 39
08:03:17 4 0 39
08:03:48 4 0 39
08:04:18 4 0 39
08:04:48 4 0 40
08:05:18 4 0 39
08:05:48 4 0 39
08:06:18 4 0 39
08:06:48 4 0 39
08:07:19 4 0 39
08:07:49 4 0 39
08:08:19 4 0 39
08:08:49 4 0 39
08:09:19 4 0 39
08:09:49 4 0 39
08:10:19 4 0 39
08:10:50 4 0 39
08:11:20 4 0 39
08:11:50 4 0 39
08:12:20 4 0 70
08:12:50 4 0 39
08:13:20 4 0 39
08:13:51 4 0 68
08:14:21 4 0 43
08:14:51 4 0 39
08:15:21 4 0 39
08:15:51 4 0 39
08:16:21 4 0 39
08:16:51 4 0 39
08:17:22 4 0 39
08:17:52 4 0 39
08:18:22 4 0 40
08:18:52 4 0 39
08:19:22 4 0 39
08:19:52 4 0 39
08:20:23 4 0 40
08:20:53 4 0 39
08:21:23 4 0 39
08:21:53 4 0 39
08:22:24 4 0 41
08:22:54 4 0 40
08:23:25 4 0 72
08:23:54 4 0 40
08:24:25 4 0 39
08:24:55 4 0 39
08:25:25 4 0 39
08:25:55 4 0 39
08:26:25 4 0 39
08:26:55 4 0 63
08:27:26 4 0 40
08:27:56 4 0 39
08:28:26 4 0 43
08:28:56 4 0 39
08:29:26 4 0 39
08:29:56 4 0 39
08:30:27 4 0 39
08:30:57 4 0 40
08:31:27 4 0 55
08:31:57 4 0 39
08:32:27 4 0 40
08:32:57 4 0 39
08:33:28 4 0 40
08:33:58 4 0 39
08:34:28 4 0 41
08:34:58 4 0 44
08:35:28 4 0 40
08:35:58 4 0 40
08:36:28 4 0 40
08:36:59 4 0 40
08:37:29 4 0 39
08:37:59 4 0 41
08:38:29 4 0 39
08:38:59 4 0 39
08:39:29 4 0 40
08:39:59 4 0 39
08:40:30 4 0 40
08:41:00 4 0 43
08:41:30 4 0 40
08:42:00 4 0 40
08:42:31 4 0 40
08:43:01 4 0 40
08:43:32 4 0 40
08:44:02 4 0 39
08:44:32 4 0 41
08:45:02 4 0 40
08:45:33 4 0 39
08:46:03 4 0 40
08:46:33 4 0 46
08:47:03 4 0 41
08:47:33 4 0 40
08:48:03 4 0 40
08:48:34 4 0 40
08:49:04 4 0 40
08:49:34 4 0 40
08:50:04 4 0 42
08:50:34 4 0 40
08:51:04 4 0 40
08:51:35 4 0 57
08:52:05 4 0 39
08:52:35 4 0 46
08:53:05 4 0 40
08:53:35 4 0 42
08:54:05 4 0 40
08:54:37 3 1 42
08:55:06 4 0 40
08:55:36 4 0 39
08:56:07 4 0 40
08:56:37 4 0 40
08:57:07 4 0 40
08:57:37 4 0 41
08:58:08 4 0 41
08:58:39 4 0 40
08:59:09 4 0 40
08:59:39 4 0 43
09:00:09 4 0 41
09:00:40 4 0 41
09:01:10 4 0 39
09:01:40 4 0 40
09:02:10 4 0 39
09:02:40 4 0 45
09:03:10 4 0 65
09:03:42 3 1 39
09:04:10 4 0 39
09:04:41 4 0 40
09:05:11 4 0 40
09:05:41 4 0 39
09:06:11 4 0 42
09:06:41 4 0 41
09:07:11 4 0 40
09:07:41 4 0 40
09:08:11 4 0 39
09:08:42 4 0 40
09:09:12 4 0 39
09:09:42 4 0 42
09:10:12 4 0 39
09:10:42 4 0 40
09:11:12 4 0 40
09:11:42 4 0 39
09:12:12 4 0 40
09:12:43 4 0 40
09:13:13 4 0 39
09:13:43 4 0 45
09:14:13 4 0 40
09:14:43 4 0 40
09:15:13 4 0 39
09:15:45 3 1 40
09:16:13 4 0 40
09:16:44 4 0 39
09:17:14 4 0 39
09:17:44 4 0 39
09:18:15 4 0 51
09:18:46 4 0 40
09:19:16 4 0 40
09:19:46 4 0 45
09:20:16 4 0 40
09:20:46 4 0 40
09:21:16 4 0 40
09:21:46 4 0 40
09:22:17 4 0 43
09:22:47 4 0 40
09:23:17 4 0 39
09:23:47 4 0 40
09:24:17 4 0 40
09:24:47 4 0 45
09:25:17 4 0 40
09:25:47 4 0 40
09:26:18 4 0 40
09:26:48 4 0 40
09:27:18 4 0 40
09:27:48 4 0 41
09:28:18 4 0 40
09:28:48 4 0 41
09:29:18 4 0 40
09:29:49 4 0 41
09:30:19 4 0 40
09:30:49 4 0 39
09:31:19 4 0 40
09:31:49 4 0 39
09:32:19 4 0 40
09:32:50 4 0 39
09:33:20 4 0 40
09:33:50 4 0 39
09:34:20 4 0 40
09:34:50 4 0 40
09:35:20 4 0 40
09:35:51 4 0 43
09:36:21 4 0 40
09:36:51 4 0 46
09:37:21 4 0 40
09:37:51 4 0 42
09:38:21 4 0 42
09:38:53 3 1 40
09:39:22 4 0 40
09:39:52 4 0 40
09:40:22 4 0 40
09:40:53 3 1 52
09:41:23 4 0 40
09:41:53 4 0 40
09:42:23 4 0 69
09:42:53 4 0 40
09:43:23 4 0 41
09:43:53 4 0 42
09:44:23 4 0 41
09:44:54 4 0 40
09:45:24 4 0 46
09:45:54 4 0 40
09:46:24 4 0 40
09:46:54 4 0 39
09:47:24 4 0 40
09:47:54 4 0 40
09:48:24 4 0 46
09:48:55 4 0 41
09:49:25 4 0 41
09:49:55 4 0 40
09:50:25 4 0 39
09:50:55 4 0 76
09:51:25 4 0 40
09:51:56 4 0 40
09:52:26 4 0 40
09:52:56 4 0 40
09:53:26 4 0 42
09:53:57 4 0 43
09:54:27 4 0 44
09:54:57 4 0 40
09:55:27 4 0 40
09:55:57 4 0 40
09:56:27 4 0 40
09:56:57 4 0 55
09:57:27 4 0 61
09:57:58 4 0 59
09:58:28 4 0 42
09:58:58 4 0 40
09:59:28 4 0 87
09:59:58 4 0 46
10:00:28 4 0 44
10:00:58 4 0 40
10:01:28 4 0 40
10:02:00 3 1 41
10:02:29 4 0 40
10:02:59 4 0 79
10:03:29 4 0 40
10:03:59 4 0 39
10:04:29 4 0 43
10:04:59 4 0 40
10:05:29 4 0 40
10:05:59 4 0 40
10:06:30 4 0 40
10:07:00 4 0 51
10:07:30 4 0 39
10:08:00 4 0 40
10:08:30 4 0 42
10:09:00 4 0 40
10:09:30 4 0 40
10:10:00 4 0 40
10:10:32 3 1 40
10:11:01 4 0 45
10:11:31 4 0 40
10:12:01 4 0 82
10:12:32 3 1 107
10:13:01 4 0 59
10:13:31 4 0 89
10:14:02 4 0 86
10:14:32 4 0 84
10:15:02 4 0 46
10:15:33 3 1 98
10:16:03 3 1 67
10:16:32 4 0 71
10:17:02 4 0 82
10:17:32 4 0 61
10:18:03 4 0 65
10:18:33 4 0 84
10:19:04 3 1 65
10:19:33 4 0 78
10:20:03 4 0 81
10:20:33 4 0 78
10:21:05 4 0 70
10:21:36 3 1 95
10:22:06 4 0 64
10:22:37 3 1 81
10:23:06 4 0 80
10:23:38 3 1 90
10:24:07 4 0 71
10:24:38 4 0 59
10:25:08 4 0 45
10:25:38 4 0 40
10:26:09 4 0 47
10:26:39 4 0 41
10:27:10 4 0 40
10:27:40 4 0 43
10:28:10 4 0 40
10:28:40 4 0 41
10:29:11 4 0 40
10:29:41 4 0 41
10:30:11 4 0 42
10:30:41 4 0 60
10:31:11 4 0 40
10:31:41 4 0 42
10:32:11 4 0 40
10:32:42 4 0 40
10:33:12 4 0 40
10:33:42 4 0 46
10:34:12 4 0 40
10:34:42 4 0 42
10:35:12 4 0 40
10:35:42 4 0 40
10:36:12 4 0 40
10:36:43 4 0 39
10:37:13 4 0 40
10:37:43 4 0 41
10:38:14 4 0 43
10:38:44 4 0 40
10:39:14 4 0 41
10:39:44 4 0 40
10:40:15 4 0 40
10:40:45 4 0 43
10:41:15 4 0 40
10:41:45 4 0 40
10:42:15 4 0 41
10:42:45 4 0 39
10:43:16 4 0 40
10:43:46 4 0 42
10:44:17 3 1 40
10:44:46 4 0 40
10:45:16 4 0 42
10:45:46 4 0 40
10:46:17 4 0 40
10:46:47 4 0 40
10:47:17 4 0 40
10:47:48 3 1 41
10:48:17 4 0 41
10:48:47 4 0 42
10:49:18 4 0 40
10:49:48 4 0 40
10:50:18 4 0 41
10:50:48 4 0 40
10:51:19 4 0 40
10:51:49 4 0 40
10:52:19 4 0 41
10:52:49 4 0 40
10:53:19 4 0 40
10:53:49 4 0 39
10:54:20 4 0 40
10:54:50 4 0 40
10:55:20 4 0 40
10:55:50 4 0 41
10:56:21 4 0 49
10:56:51 4 0 48
10:57:21 4 0 41
10:57:52 4 0 49
10:58:22 4 0 41
10:58:52 4 0 44
10:59:23 4 0 40
10:59:53 4 0 41
11:00:23 4 0 40
11:00:53 4 0 41
11:01:23 4 0 42
11:01:53 4 0 40
11:02:24 4 0 40
11:02:54 4 0 40
11:03:24 4 0 47
11:03:54 4 0 43
11:04:24 4 0 40
11:04:54 4 0 40
11:05:25 4 0 40
11:05:55 4 0 43
11:06:25 4 0 41
11:06:55 4 0 40
11:07:26 4 0 40
11:07:56 4 0 40
11:08:26 4 0 42
11:08:56 4 0 41
11:09:26 4 0 40
11:09:56 4 0 40
11:10:27 4 0 40
11:10:57 4 0 40
11:11:27 4 0 40
11:11:57 4 0 40
11:12:27 4 0 50
11:12:57 4 0 40
11:13:28 4 0 40
11:13:58 4 0 41
11:14:28 4 0 41
11:14:59 4 0 40
11:15:29 4 0 60
11:15:59 4 0 40
11:16:29 4 0 40
11:17:00 4 0 40
11:17:30 4 0 41
11:18:00 4 0 43
11:18:30 4 0 42
11:19:00 4 0 41
11:19:30 4 0 40
11:20:01 4 0 43
11:20:31 4 0 41
11:21:01 4 0 40
11:21:31 4 0 40
11:22:01 4 0 40
11:22:31 4 0 44
11:23:01 4 0 40
11:23:32 4 0 40
11:24:02 4 0 56
11:24:32 4 0 40
11:25:02 4 0 45
11:25:32 4 0 39
11:26:02 4 0 44
11:26:32 4 0 40
11:27:02 4 0 42
11:27:33 4 0 40
11:28:03 4 0 43
11:28:33 4 0 43
11:29:03 4 0 43
11:29:33 4 0 41
11:30:03 4 0 40
11:30:33 4 0 41
11:31:03 4 0 40
11:31:34 4 0 42
11:32:04 4 0 41
11:32:34 4 0 39
11:33:04 4 0 43
11:33:34 4 0 40
11:34:04 4 0 41
11:34:35 4 0 58
11:35:05 4 0 40
11:35:35 4 0 40
11:36:05 4 0 40
11:36:36 4 0 43
11:37:06 4 0 40
11:37:37 4 0 40
11:38:07 4 0 40
11:38:37 4 0 40
11:39:07 4 0 41
11:39:37 4 0 40
11:40:07 4 0 40
11:40:38 4 0 48
11:41:08 4 0 41
11:41:38 4 0 39
11:42:08 4 0 40
11:42:38 4 0 40
11:43:08 4 0 40
11:43:38 4 0 40
11:44:09 4 0 41
11:44:39 4 0 41
11:45:10 4 0 40
11:45:40 4 0 40
11:46:11 4 0 40
11:46:42 4 0 39
11:47:12 4 0 40
11:47:42 4 0 40
11:48:12 4 0 40
11:48:42 4 0 40
11:49:12 4 0 42
11:49:43 4 0 40
11:50:13 4 0 40
11:50:43 4 0 40
11:51:14 4 0 40
11:51:45 4 0 40
11:52:15 4 0 40
11:52:45 4 0 42
11:53:15 4 0 40
11:53:46 4 0 40
11:54:16 4 0 40
11:54:46 4 0 40
11:55:16 4 0 39
11:55:46 4 0 40
11:56:16 4 0 40
11:56:46 4 0 40
11:57:16 4 0 47
11:57:47 4 0 39
11:58:17 4 0 40
11:58:47 4 0 40
11:59:17 4 0 40
11:59:47 4 0 40
12:00:17 4 0 40
12:00:47 4 0 40
12:01:17 4 0 60
12:01:48 4 0 40
12:02:18 4 0 40
12:02:48 4 0 40
12:03:18 4 0 40
12:03:48 4 0 40
12:04:18 4 0 40
12:04:49 4 0 41
12:05:19 4 0 40
12:05:49 4 0 42
12:06:19 4 0 44
12:06:49 4 0 40
12:07:20 3 1 40
12:07:49 4 0 40
12:08:19 4 0 44
12:08:49 4 0 40
12:09:20 4 0 51
12:09:50 4 0 43
12:10:20 4 0 40
12:10:51 4 0 49
12:11:21 4 0 40
12:11:51 4 0 40
12:12:21 4 0 40
12:12:51 4 0 40
12:13:21 4 0 40
12:13:51 4 0 40
12:14:22 4 0 42
12:14:52 4 0 41
12:15:22 4 0 47
12:15:52 4 0 41
12:16:22 4 0 43
12:16:53 4 0 40
12:17:23 4 0 40
12:17:54 4 0 40
12:18:24 4 0 40
12:18:54 4 0 40
12:19:26 2 2 51
12:19:54 4 0 40
12:20:24 4 0 43
12:20:55 4 0 40
12:21:25 4 0 39
12:21:55 4 0 39
12:22:25 4 0 40
12:22:55 4 0 40
12:23:25 4 0 83
12:23:55 4 0 40
12:24:25 4 0 40
12:24:56 4 0 45
12:25:26 4 0 40
12:25:56 4 0 40
12:26:26 4 0 40
12:26:56 4 0 42
12:27:26 4 0 40
12:27:57 4 0 56
12:28:27 4 0 42
12:28:57 4 0 40
12:29:27 4 0 40
12:29:57 4 0 40
12:30:27 4 0 41
12:30:57 4 0 45
12:31:28 4 0 43
12:31:58 4 0 46
12:32:28 4 0 62
12:32:58 4 0 40
12:33:28 4 0 42
12:33:58 4 0 40
12:34:28 4 0 39
12:34:58 4 0 40
12:35:28 4 0 64
12:35:59 4 0 41
12:36:29 4 0 42
12:36:59 4 0 40
12:37:29 4 0 62
12:37:59 4 0 71
12:38:29 4 0 40
12:39:00 4 0 44
12:39:30 4 0 41
12:40:00 4 0 61
12:40:30 4 0 46
12:41:00 4 0 40
12:41:30 4 0 40
12:42:00 4 0 47
12:42:30 4 0 40
12:43:00 4 0 40
12:43:30 4 0 40
12:44:00 4 0 41
12:44:31 4 0 40
12:45:01 4 0 43
12:45:31 4 0 45
12:46:01 4 0 44
12:46:31 4 0 78
12:47:01 4 0 40
12:47:31 4 0 40
12:48:01 4 0 41
12:48:31 4 0 40
12:49:01 4 0 41
12:49:32 4 0 50
12:50:03 4 0 40
12:50:33 4 0 43
12:51:03 4 0 48
12:51:33 4 0 50
12:52:03 4 0 43
12:52:33 4 0 40
12:53:03 4 0 42
12:53:33 4 0 40
12:54:04 4 0 44
12:54:34 4 0 40
12:55:04 4 0 47
12:55:34 4 0 47
12:56:04 4 0 40
12:56:34 4 0 40
12:57:04 4 0 40
12:57:34 4 0 40
12:58:05 4 0 40
12:58:35 4 0 42
12:59:05 4 0 53
12:59:35 4 0 59
13:00:05 4 0 40
13:00:35 4 0 41
13:01:05 4 0 43
13:01:36 4 0 40
13:02:06 4 0 41
13:02:36 4 0 40
13:03:06 4 0 84
13:03:36 4 0 62
13:04:06 4 0 40
13:04:36 4 0 45
13:05:06 4 0 41
13:05:36 4 0 40
13:06:07 4 0 40
13:06:37 4 0 40
13:07:07 4 0 44
13:07:37 4 0 45
13:08:07 4 0 45
13:08:37 4 0 50
13:09:07 4 0 40
13:09:37 4 0 39
13:10:07 4 0 41
13:10:37 4 0 46
13:11:07 4 0 40
13:11:37 4 0 41
13:12:08 4 0 39
13:12:38 4 0 40
13:13:08 4 0 64
13:13:38 4 0 53
13:14:08 4 0 54
13:14:38 4 0 47
13:15:08 4 0 42
13:15:38 4 0 40
13:16:08 4 0 40
13:16:38 4 0 40
13:17:09 4 0 40
13:17:39 4 0 40
13:18:09 4 0 51
13:18:39 4 0 43
13:19:09 4 0 59
13:19:39 4 0 44
13:20:09 4 0 39
13:20:39 4 0 40
13:21:10 4 0 42
13:21:40 4 0 41
13:22:10 4 0 41
13:22:40 4 0 41
13:23:10 4 0 40
13:23:41 4 0 42
13:24:11 4 0 40
13:24:41 4 0 40
13:25:11 4 0 45
13:25:41 4 0 50
13:26:11 4 0 43
13:26:41 4 0 40
13:27:12 4 0 40
13:27:42 4 0 40
13:28:12 4 0 40
13:28:42 4 0 40
13:29:12 4 0 47
13:29:42 4 0 48
13:30:12 4 0 41
13:30:42 4 0 42
13:31:13 4 0 42
13:31:43 4 0 40
13:32:13 4 0 40
13:32:43 4 0 40
13:33:13 4 0 42
13:33:45 3 1 40
13:34:14 4 0 40
13:34:44 4 0 40
13:35:14 4 0 41
13:35:44 4 0 51
13:36:14 4 0 59
13:36:44 4 0 54
13:37:14 4 0 40
13:37:44 4 0 49
13:38:15 4 0 40
13:38:45 4 0 40
13:39:15 4 0 40
13:39:45 4 0 42
13:40:15 4 0 45
13:40:45 4 0 46
13:41:15 4 0 40
13:41:46 4 0 56
13:42:16 4 0 64
13:42:46 4 0 87
13:43:17 4 0 39
13:43:47 4 0 40
13:44:17 4 0 40
13:44:47 4 0 40
13:45:17 4 0 43
13:45:47 4 0 49
13:46:17 4 0 40
13:46:48 4 0 40
13:47:19 4 0 40
13:47:49 4 0 41
13:48:19 4 0 40
13:48:49 4 0 41
13:49:19 4 0 76
13:49:49 4 0 47
13:50:19 4 0 42
13:50:49 4 0 40
13:51:20 4 0 40
13:51:50 4 0 39
13:52:20 4 0 46
13:52:50 4 0 48
13:53:20 4 0 42
13:53:50 4 0 53
13:54:21 4 0 40
13:54:51 4 0 41
13:55:21 4 0 40
13:55:51 4 0 42
13:56:21 4 0 43
13:56:51 4 0 43
13:57:21 4 0 50
13:57:51 4 0 49
13:58:22 4 0 40
13:58:52 4 0 40
13:59:22 4 0 40
13:59:52 4 0 40
14:00:22 4 0 40
14:00:52 4 0 40
14:01:22 4 0 43
14:01:52 4 0 43
14:02:22 4 0 48
14:02:52 4 0 52
14:03:23 4 0 59
14:03:53 4 0 40
14:04:23 4 0 40
14:04:53 4 0 40
14:05:23 4 0 48
14:05:53 4 0 46
14:06:23 4 0 53
14:06:54 4 0 40
14:07:25 3 1 40
14:07:54 4 0 40
14:08:24 4 0 83
14:08:54 4 0 46
14:09:25 4 0 41
14:09:55 4 0 40
14:10:25 4 0 40
14:10:55 4 0 40
14:11:25 4 0 46
14:11:56 4 0 45
14:12:27 4 0 42
14:12:57 4 0 50
14:13:27 4 0 40
14:13:57 4 0 40
14:14:27 4 0 40
14:14:57 4 0 40
14:15:28 4 0 53
14:15:58 4 0 43
14:16:28 4 0 40
14:16:58 4 0 40
14:17:28 4 0 40
14:17:59 4 0 171
14:18:28 4 0 64
14:18:58 4 0 64
14:19:29 4 0 54
14:19:59 4 0 41
14:20:29 4 0 40
14:20:59 4 0 46
14:21:29 4 0 40
14:21:59 4 0 40
14:22:29 4 0 46
14:22:59 4 0 47
14:23:30 4 0 88
14:23:59 4 0 41
14:24:30 4 0 84
14:25:01 4 0 41
14:25:31 4 0 40
14:26:01 4 0 40
14:26:32 4 0 127
14:27:01 4 0 64
14:27:32 4 0 40
14:28:02 4 0 43
14:28:32 4 0 40
14:29:02 4 0 40
14:29:32 4 0 41
14:30:02 4 0 42
14:30:32 4 0 43
14:31:02 4 0 40
14:31:33 4 0 40
14:32:03 4 0 41
14:32:33 4 0 56
14:33:03 4 0 91
14:33:33 4 0 40
14:34:04 4 0 40
14:34:34 4 0 40
14:35:04 4 0 40
14:35:34 4 0 42
14:36:04 4 0 41
14:36:35 4 0 41
14:37:05 4 0 43
14:37:36 4 0 54
14:38:06 4 0 48
14:38:37 4 0 54
14:39:07 4 0 43
14:39:37 4 0 40
14:40:07 4 0 42
14:40:37 4 0 48
14:41:08 4 0 40
14:41:38 4 0 45
14:42:08 4 0 44
14:42:38 4 0 41
14:43:08 4 0 44
14:43:39 4 0 40
14:44:09 4 0 40
14:44:39 4 0 56
14:45:10 4 0 53
14:45:40 4 0 40
14:46:10 4 0 40
14:46:40 4 0 40
14:47:10 4 0 42
14:47:40 4 0 48
14:48:11 4 0 72
14:48:41 4 0 59
14:49:12 3 1 60
14:49:41 4 0 42
14:50:11 4 0 43
14:50:41 4 0 77
14:51:12 4 0 111
14:51:42 4 0 40
14:52:12 4 0 62
14:52:42 4 0 51
14:53:12 4 0 78
14:53:43 3 1 63
14:54:12 4 0 47
14:54:43 4 0 96
14:55:13 4 0 44
14:55:44 3 1 57
14:56:13 4 0 40
14:56:43 4 0 68
14:57:13 4 0 59
14:57:43 4 0 49
14:58:14 4 0 73
14:58:45 3 1 69
14:59:16 2 2 52
14:59:44 4 0 41
15:00:15 3 1 72
15:00:45 3 1 43
15:01:14 4 0 60
15:01:46 3 1 175
15:02:15 3 1 74
15:02:46 2 2 90
15:03:15 4 0 40
15:03:45 4 0 48
15:04:16 3 1 249
15:04:45 4 0 84
15:05:16 3 1 68
15:05:46 4 0 248
15:06:15 4 0 62
15:06:46 4 0 73
15:07:16 4 0 73
15:07:46 4 0 40
15:08:16 4 0 40
15:08:46 4 0 44
15:09:16 4 0 40
15:09:46 4 0 40
15:10:16 4 0 39
15:10:46 4 0 40
15:11:16 4 0 44
15:11:47 4 0 40
15:12:17 4 0 40
15:12:47 4 0 39
15:13:17 4 0 41
15:13:47 4 0 40
15:14:17 4 0 42
15:14:47 4 0 41
15:15:17 4 0 40
15:15:48 4 0 40
15:16:19 3 1 41
15:16:48 4 0 40
15:17:18 4 0 41
15:17:48 4 0 44
15:18:18 4 0 43
15:18:48 4 0 43
15:19:18 4 0 40
15:19:49 4 0 40
15:20:19 4 0 40
15:20:49 4 0 43
15:21:19 4 0 40
15:21:49 4 0 41
15:22:19 4 0 51
15:22:49 4 0 43
15:23:19 4 0 53
15:23:49 4 0 44
15:24:20 4 0 61
15:24:50 4 0 40
15:25:20 4 0 40
15:25:50 4 0 40
15:26:20 4 0 39
15:26:50 4 0 40
15:27:20 4 0 40
15:27:50 4 0 60
15:28:20 4 0 48
15:28:50 4 0 53
15:29:21 4 0 40
15:29:51 4 0 40
15:30:21 4 0 42
15:30:51 4 0 40
15:31:21 4 0 67
15:31:52 4 0 40
15:32:22 4 0 40
15:32:52 4 0 40
15:33:22 4 0 40
15:33:52 4 0 40
15:34:22 4 0 39
15:34:52 4 0 47
15:35:22 4 0 52
15:35:52 4 0 46
15:36:22 4 0 51
15:36:53 4 0 40
15:37:23 4 0 40
15:37:53 4 0 41
15:38:23 4 0 47
15:38:57 0 4 -1
15:39:23 4 0 52
15:39:53 4 0 80
15:40:25 4 0 488
15:40:54 4 0 48
15:41:24 4 0 63
15:41:54 4 0 40
15:42:24 4 0 54
15:42:54 4 0 43
15:43:25 4 0 184
15:43:54 4 0 76
15:44:24 4 0 47
15:44:54 4 0 51
15:45:25 4 0 58
15:45:55 4 0 60
15:46:25 4 0 42
15:46:55 4 0 62
15:47:26 4 0 147
15:47:55 4 0 56
15:48:26 4 0 77
15:48:56 4 0 40
15:49:26 4 0 62
15:49:56 4 0 40
15:50:26 4 0 41
15:50:56 4 0 40
15:51:26 4 0 52
15:51:57 4 0 40
15:52:27 4 0 40
15:52:57 4 0 49
15:53:27 4 0 40
15:53:57 4 0 40
15:54:27 4 0 44
15:54:58 3 1 52
15:55:27 4 0 54
15:55:58 3 1 73
15:56:27 4 0 70
15:56:59 3 1 41
15:57:28 4 0 71
15:57:58 4 0 40
15:58:28 4 0 51
15:58:58 4 0 42
15:59:28 4 0 40
15:59:58 4 0 60
16:00:28 4 0 58
16:00:59 4 0 119
16:01:28 4 0 56
16:01:59 4 0 40
16:02:29 4 0 40
16:02:59 4 0 40
16:03:29 4 0 62
16:04:00 3 1 63
16:04:29 4 0 59
16:04:59 4 0 49
16:05:29 4 0 63
16:06:00 4 0 40
16:06:30 4 0 41
16:07:00 4 0 40
16:07:30 4 0 40
16:08:00 4 0 40
16:08:30 4 0 40
16:09:00 4 0 42
16:09:30 4 0 49
16:10:00 4 0 47
16:10:30 4 0 43
16:11:01 4 0 40
16:11:31 4 0 40
16:12:01 4 0 40
16:12:31 4 0 41
16:13:01 4 0 51
16:13:31 4 0 75
16:14:01 4 0 42
16:14:32 4 0 59
16:15:02 4 0 44
16:15:32 4 0 40
16:16:02 4 0 40
16:16:32 4 0 40
16:17:02 4 0 40
16:17:32 4 0 42
16:18:02 4 0 50
16:18:32 4 0 63
16:19:02 4 0 58
16:19:32 4 0 40
16:20:03 4 0 87
16:20:33 4 0 83
16:21:03 4 0 41
16:21:33 4 0 40
16:22:03 4 0 48
16:22:33 4 0 48
16:23:03 4 0 54
16:23:33 4 0 52
16:24:04 4 0 51
16:24:34 3 1 40
16:25:04 4 0 40
16:25:34 4 0 40
16:26:04 4 0 41
16:26:34 4 0 50
16:27:04 4 0 44
16:27:34 4 0 44
16:28:05 4 0 40
16:28:35 4 0 42
16:29:05 4 0 40
16:29:35 4 0 40
16:30:05 4 0 40
16:30:35 4 0 40
16:31:05 4 0 40
16:31:35 4 0 59
16:32:06 4 0 58
16:32:36 4 0 40
16:33:06 4 0 54
16:33:36 4 0 40
16:34:07 4 0 40
16:34:37 4 0 40
16:35:07 4 0 40
16:35:37 4 0 76
16:36:07 4 0 40
16:36:37 4 0 41
16:37:07 4 0 45
16:37:37 4 0 58
16:38:08 4 0 40
16:38:38 4 0 41
16:39:09 3 1 40
16:39:38 4 0 55
16:40:08 4 0 40
16:40:38 4 0 50
16:41:08 4 0 53
16:41:38 4 0 42
16:42:09 4 0 47
16:42:39 4 0 40
16:43:09 4 0 40
16:43:39 4 0 40
16:44:09 4 0 39
16:44:39 4 0 40
16:45:09 4 0 40
16:45:39 4 0 43
16:46:09 4 0 50
16:46:40 3 1 53
16:47:10 4 0 40
16:47:40 4 0 40
16:48:10 4 0 39
16:48:40 4 0 40
16:49:11 4 0 251
16:49:41 3 1 39
16:50:10 4 0 40
16:50:40 4 0 40
16:51:11 4 0 211
16:51:40 4 0 44
16:52:10 4 0 48
16:52:41 4 0 40
16:53:11 4 0 56
16:53:41 4 0 40
16:54:11 4 0 53
16:54:41 4 0 41
16:55:12 4 0 52
16:55:42 4 0 40
16:56:12 4 0 45
16:56:43 3 1 40
16:57:12 4 0 42
16:57:42 4 0 40
16:58:12 4 0 46
16:58:42 4 0 47
16:59:13 4 0 41
16:59:43 4 0 42
17:00:13 4 0 40
17:00:43 4 0 40
17:01:13 4 0 40
17:01:43 4 0 74
17:02:13 4 0 49
17:02:44 4 0 45
17:03:14 4 0 40
17:03:44 4 0 74
17:04:14 4 0 42
17:04:44 4 0 45
17:05:14 4 0 41
17:05:44 4 0 46
17:06:15 4 0 42
17:06:45 4 0 40
17:07:15 4 0 40
17:07:45 4 0 40
17:08:15 4 0 51
17:08:45 4 0 42
17:09:15 4 0 40
17:09:45 4 0 43
17:10:16 4 0 40
17:10:46 4 0 40
17:11:16 4 0 40
17:11:46 4 0 39
17:12:16 4 0 40
17:12:46 4 0 40
17:13:16 4 0 54
17:13:46 4 0 43
17:14:17 4 0 39
17:14:47 4 0 40
17:15:17 4 0 40
17:15:47 4 0 40
17:16:17 4 0 40
17:16:47 4 0 40
17:17:17 4 0 52
17:17:47 4 0 49
17:18:17 4 0 39
17:18:47 4 0 40
17:19:18 4 0 43
17:19:48 4 0 40
17:20:18 4 0 40
17:20:48 4 0 40
17:21:18 4 0 54
17:21:48 4 0 46
17:22:19 4 0 40
17:22:49 4 0 41
17:23:20 4 0 41
17:23:50 4 0 58
17:24:20 4 0 39
17:24:50 4 0 40
17:25:20 4 0 40
17:25:50 4 0 39
17:26:21 4 0 40
17:26:51 4 0 39
17:27:21 4 0 40
17:27:51 4 0 41
17:28:21 4 0 40
17:28:51 4 0 41
17:29:22 4 0 39
17:29:52 4 0 40
17:30:22 4 0 39
17:30:52 4 0 40
17:31:22 4 0 44
17:31:52 4 0 41
17:32:22 4 0 40
17:32:53 4 0 40
17:33:23 4 0 40
17:33:53 4 0 40
17:34:23 4 0 41
17:34:53 4 0 41
17:35:23 4 0 44
17:35:53 4 0 40
17:36:24 4 0 40
17:36:54 4 0 40
17:37:24 4 0 39
17:37:54 4 0 40
17:38:24 4 0 40
17:38:55 4 0 40
17:39:25 4 0 40
17:39:55 4 0 40
17:40:25 4 0 40
17:40:55 4 0 40
17:41:25 4 0 41
17:41:55 4 0 40
17:42:26 4 0 42
17:42:56 4 0 39
17:43:26 4 0 40
17:43:57 4 0 40
17:44:27 4 0 40
17:44:57 4 0 40
17:45:27 4 0 40
17:45:57 4 0 40
17:46:27 4 0 40
17:46:57 4 0 39
17:47:28 4 0 40
17:47:58 4 0 40
17:48:28 4 0 40
17:48:58 4 0 40
17:49:28 4 0 41
17:49:58 4 0 42
17:50:28 4 0 39
17:50:58 4 0 39
17:51:29 4 0 39
17:51:59 4 0 40
17:52:29 4 0 40
17:52:59 4 0 39
17:53:29 4 0 46
17:54:00 3 1 42
17:54:29 4 0 39
17:54:59 4 0 40
17:55:30 4 0 40
17:56:00 4 0 39
17:56:30 4 0 40
17:57:00 4 0 40
17:57:30 4 0 46
17:58:00 4 0 44
17:58:31 4 0 40
17:59:01 4 0 40
17:59:31 4 0 40
18:00:01 4 0 39
18:00:31 4 0 40
18:01:01 4 0 40
18:01:31 4 0 39
18:02:01 4 0 46
18:02:32 4 0 40
18:03:02 4 0 46
18:03:33 4 0 44
18:04:03 4 0 40
18:04:33 4 0 40
18:05:03 4 0 40
18:05:33 4 0 41
18:06:03 4 0 46
18:06:33 4 0 39
18:07:03 4 0 40
18:07:34 4 0 40
18:08:04 4 0 40
18:08:34 4 0 40
18:09:04 4 0 40
18:09:34 4 0 43
18:10:04 4 0 40
18:10:34 4 0 39
18:11:04 4 0 40
18:11:35 4 0 40
18:12:05 4 0 39
18:12:35 4 0 40
18:13:05 4 0 40
18:13:35 4 0 40
18:14:05 4 0 40
18:14:36 4 0 39
18:15:06 4 0 61
18:15:36 4 0 42
18:16:06 4 0 40
18:16:36 4 0 40
18:17:06 4 0 39
18:17:36 4 0 40
18:18:06 4 0 39
18:18:37 4 0 40
18:19:07 4 0 40
18:19:37 4 0 39
18:20:07 4 0 40
18:20:37 4 0 40
18:21:07 4 0 40
18:21:37 4 0 39
18:22:07 4 0 39
18:22:38 4 0 41
18:23:09 4 0 40
18:23:39 4 0 39
18:24:09 4 0 39
18:24:39 4 0 39
18:25:09 4 0 40
18:25:39 4 0 39
18:26:09 4 0 39
18:26:40 4 0 40
18:27:10 4 0 39
18:27:40 4 0 40
18:28:10 4 0 39
18:28:41 4 0 40
18:29:11 4 0 39
18:29:41 4 0 39
18:30:11 4 0 40
18:30:41 4 0 39
18:31:11 4 0 39
18:31:42 4 0 39
18:32:12 4 0 39
18:32:42 4 0 39
18:33:12 4 0 39
18:33:43 4 0 39
18:34:13 4 0 47
18:34:43 4 0 40
18:35:13 4 0 40
18:35:43 4 0 39
18:36:13 4 0 40
18:36:44 4 0 39
18:37:14 4 0 39
18:37:44 4 0 39
18:38:14 4 0 40
18:38:44 4 0 39
18:39:14 4 0 40
18:39:45 4 0 40
18:40:15 4 0 40
18:40:45 4 0 39
18:41:15 4 0 39
18:41:45 4 0 39
18:42:15 4 0 39
18:42:45 4 0 43
18:43:15 4 0 39
18:43:45 4 0 69
18:44:15 4 0 40
18:44:46 4 0 39
18:45:16 4 0 39
18:45:46 4 0 39
18:46:16 4 0 40
18:46:46 4 0 39
18:47:16 4 0 40
18:47:46 4 0 39
18:48:16 4 0 39
18:48:46 4 0 40
18:49:17 4 0 39
18:49:47 4 0 56
18:50:17 4 0 39
18:50:47 4 0 40
18:51:17 4 0 39
18:51:47 4 0 40
18:52:17 4 0 40
18:52:47 4 0 39
18:53:18 4 0 40
18:53:48 4 0 40
18:54:19 4 0 39
18:54:49 4 0 39
18:55:19 4 0 51
18:55:49 4 0 63
18:56:19 4 0 41
18:56:49 4 0 39
18:57:19 4 0 39
18:57:50 4 0 40
18:58:20 4 0 43
18:58:50 4 0 39
18:59:20 4 0 39
18:59:50 4 0 39
19:00:20 4 0 39
19:00:50 4 0 40
19:01:20 4 0 44
19:01:50 4 0 39
19:02:20 4 0 41
19:02:51 4 0 39
19:03:21 4 0 39
19:03:51 4 0 40
19:04:21 4 0 44
19:04:51 4 0 40
19:05:21 4 0 65
19:05:51 4 0 39
19:06:21 4 0 39
19:06:52 4 0 39
19:07:22 4 0 40
19:07:52 4 0 39
19:08:22 4 0 40
19:08:52 4 0 40
19:09:22 4 0 40
19:09:52 4 0 40
19:10:22 4 0 42
19:10:52 4 0 39
19:11:22 4 0 39
19:11:53 4 0 74
19:12:23 4 0 39
19:12:53 4 0 39
19:13:23 4 0 40
19:13:53 4 0 40
19:14:23 4 0 39
19:14:53 4 0 40
19:15:23 4 0 40
19:15:54 4 0 39
19:16:24 4 0 39
19:16:54 4 0 39
19:17:24 4 0 39
19:17:54 4 0 40
19:18:24 4 0 39
19:18:54 4 0 48
19:19:24 4 0 40
19:19:54 4 0 39
19:20:24 4 0 39
19:20:55 4 0 39
19:21:25 4 0 39
19:21:55 4 0 40
19:22:25 4 0 40
19:22:55 4 0 39
19:23:25 4 0 40
19:23:55 4 0 39
19:24:25 4 0 39
19:24:56 4 0 39
19:25:26 4 0 40
19:25:56 4 0 41
19:26:26 4 0 39
19:26:56 4 0 40
19:27:26 4 0 40
19:27:56 4 0 40
19:28:26 4 0 65
19:28:56 4 0 40
19:29:26 4 0 40
19:29:57 4 0 39
19:30:27 4 0 40
19:30:57 4 0 40
19:31:27 4 0 39
19:31:57 4 0 40
19:32:27 4 0 40
19:32:57 4 0 39
19:33:27 4 0 40
19:33:58 4 0 40
19:34:28 4 0 40
19:34:58 4 0 40
19:35:28 4 0 41
19:35:58 4 0 40
19:36:28 4 0 39
19:36:59 4 0 40
19:37:29 4 0 40
19:37:59 4 0 40
19:38:29 4 0 40
19:38:59 4 0 39
19:39:29 4 0 40
19:39:59 4 0 68
19:40:29 4 0 40
19:40:59 4 0 39
19:41:29 4 0 40
19:42:00 4 0 39
19:42:30 4 0 47
19:43:00 4 0 40
19:43:30 4 0 40
19:44:00 4 0 40
19:44:30 4 0 39
19:45:00 4 0 40
19:45:30 4 0 40
19:46:00 4 0 40
19:46:30 4 0 39
19:47:01 4 0 40
19:47:31 4 0 40
19:48:01 4 0 40
19:48:31 4 0 39
19:49:01 4 0 40
19:49:31 4 0 40
19:50:01 4 0 39
19:50:31 4 0 39
19:51:02 4 0 39
19:51:32 4 0 40
19:52:02 4 0 39
19:52:32 4 0 40
19:53:02 4 0 39
19:53:32 4 0 40
19:54:02 4 0 41
19:54:32 4 0 40
19:55:02 4 0 40
19:55:32 4 0 39
19:56:02 4 0 40
19:56:32 4 0 40
19:57:03 4 0 40
19:57:33 4 0 40
19:58:03 4 0 39
19:58:33 4 0 40
19:59:03 4 0 39
19:59:33 4 0 39
20:00:04 4 0 40
20:00:34 4 0 39
20:01:04 4 0 40
20:01:34 4 0 40
20:02:04 4 0 41
20:02:34 4 0 40
20:03:04 4 0 40
20:03:34 4 0 41
20:04:04 4 0 40
20:04:34 4 0 40
20:05:04 4 0 40
20:05:34 4 0 40
20:06:05 4 0 40
20:06:35 4 0 40
20:07:05 4 0 39
20:07:35 4 0 39
20:08:05 4 0 40
20:08:35 4 0 40
20:09:05 4 0 39
20:09:35 4 0 40
20:10:05 4 0 40
20:10:36 4 0 40
20:11:06 4 0 40
20:11:36 4 0 40
20:12:06 4 0 40
20:12:36 4 0 40
20:13:06 4 0 43
20:13:36 4 0 40
20:14:06 4 0 40
20:14:36 4 0 40
20:15:07 4 0 40
20:15:37 4 0 67
20:16:07 4 0 40
20:16:37 4 0 39
20:17:07 4 0 39
20:17:37 4 0 39
20:18:07 4 0 41
20:18:37 4 0 40
20:19:08 4 0 39
20:19:38 4 0 40
20:20:08 4 0 39
20:20:38 4 0 40
20:21:08 4 0 39
20:21:38 4 0 40
20:22:08 4 0 40
20:22:38 4 0 40
20:23:08 4 0 39
20:23:39 4 0 40
20:24:09 4 0 39
20:24:39 4 0 39
20:25:09 4 0 40
20:25:39 4 0 39
20:26:09 4 0 40
20:26:39 4 0 40
20:27:10 4 0 40
20:27:40 4 0 39
20:28:10 4 0 40
20:28:40 4 0 39
20:29:10 4 0 39
20:29:40 4 0 39
20:30:10 4 0 40
20:30:40 4 0 40
20:31:10 4 0 40
20:31:40 4 0 39
20:32:11 4 0 39
20:32:41 4 0 40
20:33:11 4 0 40
20:33:41 4 0 40
20:34:11 4 0 39
20:34:41 4 0 40
20:35:11 4 0 40
20:35:41 4 0 40
20:36:11 4 0 40
20:36:41 4 0 40
20:37:12 4 0 40
20:37:42 4 0 40
20:38:12 4 0 42
20:38:42 4 0 40
20:39:12 4 0 43
20:39:42 4 0 40
20:40:12 4 0 46
20:40:42 4 0 40
20:41:12 4 0 39
20:41:42 4 0 40
20:42:13 4 0 40
20:42:43 4 0 40
20:43:13 4 0 40
20:43:43 4 0 39
20:44:13 4 0 40
20:44:43 4 0 40
20:45:13 4 0 40
20:45:43 4 0 40
20:46:13 4 0 40
20:46:44 4 0 42
20:47:14 4 0 39
20:47:44 4 0 42
20:48:14 4 0 40
20:48:44 4 0 40
20:49:14 4 0 41
20:49:44 4 0 40
20:50:14 4 0 40
20:50:44 4 0 39
20:51:14 4 0 40
20:51:44 4 0 40
20:52:15 4 0 40
20:52:45 4 0 39
20:53:15 4 0 48
20:53:45 4 0 41
20:54:15 4 0 40
20:54:45 4 0 40
20:55:15 4 0 51
20:55:45 4 0 39
20:56:15 4 0 40
20:56:45 4 0 40
20:57:16 4 0 40
20:57:46 4 0 40
20:58:16 4 0 39
20:58:46 4 0 39
20:59:16 4 0 40
20:59:46 4 0 41
21:00:16 4 0 40
21:00:46 4 0 40
21:01:17 4 0 39
21:01:47 4 0 40
21:02:17 4 0 40
21:02:47 4 0 40
21:03:17 4 0 40
21:03:47 4 0 40
21:04:17 4 0 39
21:04:47 4 0 40
21:05:17 4 0 39
21:05:47 4 0 39
21:06:18 4 0 40
21:06:48 4 0 40
21:07:19 4 0 61
21:07:49 4 0 40
21:08:19 4 0 40
21:08:49 4 0 39
21:09:19 4 0 40
21:09:49 4 0 40
21:10:19 4 0 40
21:10:49 4 0 40
21:11:20 4 0 39
21:11:50 4 0 40
21:12:20 4 0 40
21:12:50 4 0 40
21:13:20 4 0 40
21:13:50 4 0 40
21:14:20 4 0 40
21:14:50 4 0 40
21:15:20 4 0 40
21:15:50 4 0 39
21:16:21 4 0 40
21:16:51 4 0 40
21:17:21 4 0 40
21:17:51 4 0 41
21:18:22 3 1 40
21:18:51 4 0 40
21:19:22 4 0 40
21:19:52 4 0 40
21:20:22 4 0 39
21:20:52 4 0 39
21:21:22 4 0 44
21:21:52 4 0 40
21:22:22 4 0 40
21:22:52 4 0 40
21:23:22 4 0 40
21:23:53 4 0 41
21:24:23 4 0 40
21:24:53 4 0 40
21:25:23 4 0 40
21:25:53 4 0 45
21:26:23 4 0 40
21:26:54 4 0 39
21:27:24 4 0 66
21:27:54 4 0 40
21:28:25 4 0 40
21:28:55 4 0 40
21:29:25 4 0 40
21:29:55 4 0 40
21:30:25 4 0 40
21:30:55 4 0 40
21:31:25 4 0 40
21:31:55 4 0 40
21:32:25 4 0 40
21:32:56 4 0 40
21:33:26 4 0 40
21:33:56 4 0 39
21:34:26 4 0 39
21:34:56 4 0 39
21:35:26 4 0 39
21:35:56 4 0 40
21:36:26 4 0 40
21:36:56 4 0 40
21:37:27 4 0 40
21:37:57 4 0 40
21:38:27 4 0 40
21:38:57 4 0 43
21:39:27 4 0 40
21:39:57 4 0 39
21:40:27 4 0 40
21:40:57 4 0 40
21:41:27 4 0 39
21:41:57 4 0 39
21:42:28 4 0 40
21:42:58 4 0 40
21:43:28 4 0 40
21:43:58 4 0 40
21:44:28 4 0 42
21:44:58 4 0 40
21:45:28 4 0 40
21:45:58 4 0 40
21:46:29 4 0 40
21:46:59 4 0 39
21:47:29 4 0 40
21:47:59 4 0 40
21:48:29 4 0 40
21:48:59 4 0 40
21:49:29 4 0 40
21:49:59 4 0 40
21:50:30 4 0 40
21:51:00 4 0 39
21:51:30 4 0 40
21:52:00 4 0 40
21:52:30 4 0 39
21:53:00 4 0 40
21:53:30 4 0 39
21:54:00 4 0 40
21:54:31 4 0 39
21:55:01 4 0 39
21:55:31 4 0 39
21:56:01 4 0 40
21:56:31 4 0 40
21:57:01 4 0 40
21:57:31 4 0 40
21:58:01 4 0 40
21:58:32 4 0 39
21:59:02 4 0 40
21:59:32 4 0 40
22:00:02 4 0 40
22:00:32 4 0 70
22:01:02 4 0 40
22:01:32 4 0 40
22:02:02 4 0 39
22:02:33 4 0 40
22:03:03 4 0 40
22:03:33 4 0 40
22:04:03 4 0 39
22:04:33 4 0 40
22:05:03 4 0 39
22:05:33 4 0 40
22:06:03 4 0 40
22:06:34 4 0 43
22:07:05 4 0 40
22:07:35 4 0 39
22:08:05 4 0 40
22:08:35 4 0 40
22:09:05 4 0 43
22:09:35 4 0 40
22:10:05 4 0 40
22:10:35 4 0 40
22:11:05 4 0 39
22:11:36 4 0 39
22:12:06 4 0 40
22:12:36 4 0 40
22:13:06 4 0 49
22:13:36 4 0 40
22:14:06 4 0 39
22:14:36 4 0 40
22:15:07 4 0 39
22:15:37 4 0 40
22:16:07 4 0 40
22:16:37 4 0 40
22:17:07 4 0 40
22:17:37 4 0 40
22:18:07 4 0 40
22:18:37 4 0 40
22:19:08 4 0 39
22:19:38 4 0 40
22:20:08 4 0 41
22:20:38 4 0 40
22:21:08 4 0 39
22:21:38 4 0 40
22:22:08 4 0 56
22:22:38 4 0 39
22:23:08 4 0 40
22:23:39 4 0 40
22:24:09 4 0 40
22:24:39 4 0 40
22:25:09 4 0 40
22:25:39 4 0 40
22:26:09 4 0 40
22:26:39 4 0 40
22:27:09 4 0 39
22:27:40 4 0 40
22:28:10 4 0 39
22:28:40 4 0 40
22:29:10 4 0 39
22:29:40 4 0 40
22:30:10 4 0 40
22:30:40 4 0 40
22:31:10 4 0 39
22:31:41 4 0 39
22:32:11 4 0 40
22:32:41 4 0 40
22:33:11 4 0 40
22:33:41 4 0 40
22:34:11 4 0 41
22:34:41 4 0 40
22:35:11 4 0 40
22:35:42 4 0 39
22:36:12 4 0 39
22:36:42 4 0 58
22:37:12 4 0 39
22:37:42 4 0 40
22:38:12 4 0 39
22:38:43 4 0 40
22:39:13 4 0 39
22:39:43 4 0 40
22:40:13 4 0 39
22:40:43 4 0 40
22:41:13 4 0 40
22:41:43 4 0 39
22:42:14 4 0 39
22:42:44 4 0 40
22:43:14 4 0 39
22:43:44 4 0 40
22:44:14 4 0 40
22:44:44 4 0 39
22:45:14 4 0 40
22:45:44 4 0 39
22:46:14 4 0 39
22:46:45 4 0 39
22:47:15 4 0 40
22:47:45 4 0 40
22:48:15 4 0 40
22:48:45 4 0 49
22:49:15 4 0 39
22:49:45 4 0 40
22:50:15 4 0 40
22:50:46 4 0 40
22:51:16 4 0 39
22:51:46 4 0 40
22:52:16 4 0 40
22:52:46 4 0 40
22:53:16 4 0 40
22:53:46 4 0 39
22:54:16 4 0 40
22:54:47 4 0 40
22:55:17 4 0 40
22:55:47 4 0 40
22:56:17 4 0 44
22:56:47 4 0 40
22:57:17 4 0 39
22:57:47 4 0 40
22:58:17 4 0 39
22:58:48 4 0 40
22:59:18 4 0 40
22:59:48 4 0 43
23:00:18 4 0 40
23:00:48 4 0 39
23:01:18 4 0 40
23:01:49 4 0 39
23:02:19 4 0 40
23:02:49 4 0 40
23:03:19 4 0 39
23:03:49 4 0 40
23:04:19 4 0 39
23:04:49 4 0 39
23:05:19 4 0 39
23:05:50 4 0 39
23:06:20 4 0 39
23:06:50 4 0 40
23:07:20 4 0 40
23:07:50 4 0 40
23:08:20 4 0 39
23:08:50 4 0 40
23:09:20 4 0 39
23:09:51 4 0 39
23:10:21 4 0 40
23:10:51 4 0 40
23:11:21 4 0 39
23:11:51 4 0 40
23:12:21 4 0 40
23:12:51 4 0 40
23:13:21 4 0 40
23:13:52 4 0 39
23:14:22 4 0 39
23:14:52 4 0 39
23:15:22 4 0 40
23:15:52 4 0 40
23:16:22 4 0 40
23:16:52 4 0 60
23:17:22 4 0 39
23:17:53 4 0 39
23:18:23 4 0 40
23:18:53 4 0 40
23:19:23 4 0 40
23:19:53 4 0 39
23:20:23 4 0 39
23:20:54 4 0 40
23:21:24 4 0 39
23:21:54 4 0 39
23:22:24 4 0 40
23:22:54 4 0 39
23:23:24 4 0 40
23:23:54 4 0 39
23:24:24 4 0 40
23:24:55 4 0 39
23:25:25 4 0 39
23:25:55 4 0 42
23:26:25 4 0 39
23:26:55 4 0 40
23:27:25 4 0 39
23:27:55 4 0 39
23:28:25 4 0 39
23:28:56 4 0 40
23:29:26 4 0 39
23:29:56 4 0 40
23:30:26 4 0 39
23:30:56 4 0 39
23:31:26 4 0 40
23:31:56 4 0 40
23:32:26 4 0 39
23:32:57 4 0 39
23:33:27 4 0 39
23:33:57 4 0 40
23:34:27 4 0 40
23:34:57 4 0 39
23:35:27 4 0 40
23:35:57 4 0 39
23:36:28 4 0 40
23:36:58 4 0 39
23:37:28 4 0 39
23:37:58 4 0 39
23:38:28 4 0 40
23:38:58 4 0 40
23:39:28 4 0 39
23:39:59 4 0 40
23:40:29 4 0 39
23:40:59 4 0 40
23:41:29 4 0 40
23:41:59 4 0 39
23:42:29 4 0 39
23:43:00 4 0 39
23:43:30 4 0 40
23:44:00 4 0 40
23:44:30 4 0 39
23:45:00 4 0 41
23:45:30 4 0 41
23:46:01 4 0 39
23:46:31 4 0 42
23:47:01 4 0 40
23:47:31 4 0 39
23:48:02 4 0 40
23:48:32 4 0 40
23:49:03 4 0 39
23:49:33 4 0 39
23:50:03 4 0 40
23:50:33 4 0 40
23:51:04 4 0 40
23:51:34 4 0 39
23:52:04 4 0 39
23:52:35 4 0 40
23:53:06 4 0 41
23:53:36 4 0 40
23:54:06 4 0 39
23:54:36 4 0 39
23:55:07 4 0 39
23:55:38 4 0 70
23:56:08 4 0 39
23:56:39 4 0 39
23:57:09 4 0 39
23:57:39 4 0 39
23:58:10 4 0 39
23:58:40 4 0 39
23:59:10 4 0 39
23:59:40 4 0 39
