00:01:32 95102 7439
00:02:42 82854 8267
00:03:24 7760 10117
00:04:21 21481 8776
00:05:22 358622 9480
00:06:23 191079 9927
00:07:28 9220 10561
00:08:26 63392 3941
02:00:07 938 705
02:01:08 125882 80104
02:02:09 4113 5572
02:03:09 94891 18271
02:04:09 73973 10576
02:05:10 225405 11070
02:06:15 30003 3374
02:07:11 4890 5102
02:08:11 27352 6150
02:09:12 72447 10627
02:10:12 10183 2183
02:11:12 17845 6376
02:12:13 25477 3171
02:13:13 14603 2380
02:14:13 3654 5500
02:15:14 31678 1894
02:16:14 118776 511337
02:17:15 34073 11509
02:18:15 48553 14345
02:19:16 14612 7128
02:20:17 535116 15698
02:21:17 13158 7057
02:22:17 164534 8868
02:23:17 13356 2697
02:24:18 30457 5753
02:25:18 17588 11666
02:26:19 32540 15073
02:27:19 4857 1166
02:28:20 4025 5613
02:29:20 10850 11475
02:30:20 29009 4572
02:31:21 1374 1560
02:32:21 45753 9232
02:33:22 26575 11545
02:34:22 10663 3565
02:35:23 67750 5090
02:36:23 86176 13555
02:37:23 19292 2697
02:38:24 46576 6251
02:39:24 51244 9516
02:40:24 60271 36310
02:41:25 88982 17604
02:42:25 9661 1434
02:43:26 1003950 27598
02:44:26 103612 8985
02:45:26 151689 7708
02:46:27 252928 11424
02:47:27 67634 21800
02:48:28 55259 9937
02:49:28 63631 11947
02:50:29 76054 12775
02:51:29 29971 7124
02:52:29 31078 8697
02:53:30 104828 4656
02:54:30 5569 6529
02:55:30 10878 2431
02:56:31 92811 9526
02:57:31 62065 20650
02:58:32 21133 2837
02:59:32 23098 2757
03:00:32 41247 6371
03:01:33 42356 8394
03:02:33 4080 4369
03:03:34 58707 8759
03:04:34 1231633 46603
03:05:35 102498 49664
03:06:35 19673 11972
03:07:35 22391 10933
03:08:36 45433 14199
03:09:36 62581 9004
03:10:37 62433 131648
03:11:37 35032 4609
03:12:37 50375 5168
03:13:38 33106 4461
03:14:38 297548 8939
03:15:38 222716 16494
03:16:39 94983 4659
03:17:39 644335 17942
03:18:39 10132 1006
03:19:40 29485 6635
03:20:40 864424 31140
03:21:40 65400 8193
03:22:41 7687 5313
03:23:43 55346 2676
03:24:41 200162 10003
03:25:42 81934 7939
03:26:42 59985 3592
03:27:42 35520 3543
03:28:43 77646 8774
03:29:43 3464 4188
03:30:43 136055 10485
03:31:44 8547 1882
03:32:44 59995 4646
03:33:44 19143 2199
03:34:45 70931 4562
03:35:45 304752 15404
03:36:45 1644 2133
03:37:46 1509 1315
03:38:46 966 1158
03:39:47 94338 6271
03:40:47 138568 9315
03:41:47 21937 4557
03:42:47 60038 7247
03:43:48 20891 2106
03:44:48 8142 754
03:45:49 50534 4473
03:46:49 111183 6602
03:47:49 208820 25876
03:48:50 27492 3250
03:49:50 111361 8387
03:50:50 70906 6326
03:51:51 79747 6466
03:52:51 64655 6009
03:53:51 23237 5785
03:54:52 62150 5393
03:55:52 60996 26633
03:56:52 52489 3095
03:57:53 32151 2867
03:58:53 35760 2341
03:59:53 179948 17575
04:00:54 81290 7421
04:01:54 96933 6896
04:02:54 34563 4688
04:03:55 52995 12102
04:04:55 15861 3130
04:05:55 47574 4693
04:06:56 31737 6883
04:07:56 1847 787
04:08:56 38854 2454
04:09:57 5095 2958
04:10:57 39044 4848
04:11:57 150496 11217
04:12:58 2946 1543
04:13:58 36184 3490
04:14:58 314 448
04:15:59 58782 5655
04:16:59 22407 2266
04:18:00 605705 19222
04:19:00 134229 8583
04:20:00 8586 1547
04:21:00 13677 1517
04:22:01 86232 6939
04:23:01 53199 6077
04:24:01 37498 3906
04:25:02 84157 8460
04:26:02 124566 5938
04:27:03 29905 2462
04:28:03 489432 32208
04:29:03 59822 5129
04:30:03 29169 11954
04:31:04 18695 1871
04:32:04 1815 1050
04:33:05 23847 4165
04:34:05 15456 1185
04:35:14 307 180
04:36:06 61884 4474
04:37:06 13606 3520
04:38:08 31336 22654
04:39:09 42880 5568
04:40:09 21157 5215
04:41:07 15277 9838
04:42:08 54 217
04:43:08 12708 1724
04:44:09 2300 2980
04:45:09 1881 1762
04:46:09 1462 1321
04:47:13 96290 5977
04:48:10 68964 6084
04:49:10 1551 944
04:50:10 447915 18137
04:51:11 3724 1604
04:52:11 119094 9499
04:53:12 187120 10100
04:54:12 19438 10990
04:55:15 10368 2204
04:56:13 208684 10941
04:57:14 65008 3962
04:58:13 45086 7121
04:59:14 6713 2259
05:00:14 49034 6269
05:01:14 33386 5514
05:02:15 112479 10375
05:03:15 40364 8324
05:04:16 125446 9868
05:05:16 73746 4782
05:06:16 12116 2170
05:07:19 115856 4390
05:08:17 35637 3219
05:09:17 963812 30828
05:10:17 96116 35836
05:11:18 40341 5683
05:12:18 39768 4051
05:13:18 248389 15294
05:14:19 127654 18023
05:15:19 26155 3162
05:16:22 105121 8043
05:17:23 32031 5168
05:18:23 8093 7581
05:19:23 128986 5884
05:20:23 68263 6093
05:21:25 34844 4618
05:22:22 355511 19389
05:23:22 74068 5247
05:24:22 9594903 219324
05:25:23 115616 5406
05:26:23 61038 7124
05:27:23 31909 3207
05:28:24 40240 3851
05:29:24 56426 7166
05:30:25 299636 13665
05:31:25 174 306
05:32:25 52367 4778
05:33:26 10607 3155
05:34:28 28372 7147
05:35:26 32944 6769
05:36:27 69306 6275
05:37:27 126243 7315
05:38:27 176371 8427
05:39:30 8521 2975
05:40:28 146604 10370
05:41:28 54758 4630
05:42:32 88461 5723
05:43:31 17012 2533
05:44:30 54 60
05:45:32 84890 6479
05:46:30 118560 7493
05:47:33 276 540
05:48:31 99995 7156
05:49:33 72649 5204
05:50:33 71369 4249
05:51:34 82674 4574
05:52:34 9146 1307
05:53:34 365536 20328
05:54:33 63479 4681
05:55:40 9267 1200
05:56:38 173258 11469
05:57:37 65838 17995
05:58:37 717045 25211
05:59:38 533810 21473
06:00:35 451444 14533
06:01:35 83377 3796
06:02:36 41630 2639
06:03:36 151914 16635
06:04:37 32641 8031
06:05:37 6440 7512
06:06:37 300417 11515
06:07:40 29819 7206
06:08:43 10225043 249865
06:09:41 51273 4293
06:10:42 64995 6655
06:11:44 25017 1760
06:12:43 14692 28488
06:13:43 33458 4197
06:14:43 42673 21181
06:15:53 499130 18591
06:16:45 369353 212678
06:17:42 7723432 176198
06:18:42 1399172 35457
06:19:46 418818 13999
06:20:43 107928 10244
06:21:43 254982 13575
06:22:43 48292 4236
06:23:47 45146 7374
06:24:47 134468 9529
06:25:44 1936 1750
06:26:45 65373 23814
06:27:48 520126 38802
06:28:47 5777 1208
06:29:46 40375 2911
06:30:48 10200622 237150
06:31:48 235333 14013
06:32:50 126581 5549
06:33:50 263208 20213
06:34:47 26542 6638
06:35:47 202587 25344
06:36:51 241637 15580
06:37:52 73783 9323
06:38:49 15867 5238
06:39:49 224872 10447
06:40:53 167356 16830
06:41:52 3670 2849
06:42:50 2327 1546
06:43:53 31005 3566
06:44:53 72635 2385
06:45:54 240141 14275
06:46:51 15465 1548
06:47:52 200556 127216
06:48:52 31250 3201
06:49:54 99965 7528
06:50:56 20857 2522
06:51:56 45021 4340
06:52:53 134521 7277
06:53:56 24424 3540
06:54:54 66211 4719
06:55:54 92227 7611
06:56:55 72163 4081
06:57:57 130330 13401
06:58:55 38438 6315
06:59:57 30464 2424
07:00:59 24508 1435
07:01:59 7149 1131
07:02:59 18226 1785
07:03:59 47196 3518
07:04:57 60495 3649
07:05:58 9599 1654
07:06:58 57746 4887
07:07:58 77590 4806
07:08:59 34529 2574
07:09:59 148045 10197
07:10:59 119755 11710
07:12:00 26864 4742
07:13:00 28612 3374
07:14:00 41414 2552
07:15:01 8064 128859
07:16:01 106275 8268
07:17:01 41849 2375
07:18:02 36318 2018
07:19:02 237366 17296
07:20:02 86129 8066
07:21:03 17572 4481
07:22:03 425627 23658
07:23:03 8898 8008
07:24:04 57845 10433
07:25:04 73246 8939
07:26:05 162791 343324
07:27:05 758233 21003
07:28:05 67540 14650
07:29:05 47316 4464
07:30:06 43826 4416
07:31:06 53333 28084
07:32:06 130554 14532
07:33:07 1037246 49073
07:34:07 59869 7240
07:35:07 38126 2604
07:36:08 23493 5174
07:37:08 139157 22932
07:38:09 540726 15597
07:39:09 105062 8999
07:40:09 35453 6860
07:41:10 64536 4485
07:42:10 93569 9665
07:43:10 19458 5417
07:44:11 155210 140939
07:45:11 2409 3592
07:46:11 228380 13653
07:47:11 34326 2542
07:48:12 49869 4507
07:49:12 25845 7362
07:50:12 16351 2739
07:51:13 36407 4254
07:52:13 135338 11153
07:53:13 38896 2864
07:54:14 8758 4594
07:55:14 53895 6880
07:56:14 42984 9668
07:57:14 74643 9965
07:58:15 87742 5999
07:59:15 30636 4614
08:00:15 104621 9481
08:01:16 225111 333289
08:02:16 48092 9944
08:03:16 13353 4920
08:04:17 62105 5583
08:05:17 60837 4956
08:06:17 46265 3780
08:07:18 11497 1400
08:08:18 256576 7684
08:09:18 76788 84436
08:10:19 16946 2429
08:11:19 297249 17745
08:12:19 624541 502544
08:13:20 49988 8629
08:14:20 60099 3988
08:15:20 146993 8325
08:16:21 16841 5790
08:17:21 19383 6806
08:18:21 37650 3052
08:19:22 83832 11871
08:20:22 95067 9227
08:21:22 615547 43367
08:22:23 1297209 43661
08:23:23 1284145 40644
08:24:24 39559 23386
08:25:24 178813 10772
08:26:24 147280 6614
08:27:25 35173 2622
08:28:25 2726 3490
08:29:25 33952 3870
08:30:26 45393 5797
08:31:26 434700 18294
08:32:26 29170 13999
08:33:27 138848 21733
08:34:27 102946 6050
08:35:27 28522 135409
08:36:28 46763 5634
08:37:28 138341 10540
08:38:28 351706 10799
08:39:28 46317 3520
08:40:29 124558 23694
08:41:29 45527 3171
08:42:30 54998 9830
08:43:32 54797 5277
08:44:30 25878 6181
08:45:31 87160 5783
08:46:31 118130 7425
08:47:31 143726 11478
08:48:32 290258 15134
08:49:32 374481 24444
08:50:32 331835 21595
08:51:33 652433 25750
08:52:33 80489 7089
08:53:34 97155 7143
08:54:34 82691 33512
08:55:35 215026 15457
08:56:35 25400 1190
08:57:36 94989 12579
08:58:36 94172 8350
08:59:36 3134 1036
09:00:37 325951 11918
09:01:37 134186 30885
09:02:37 123348 12210
09:03:40 159570 29298
09:04:38 20847 8236
09:05:38 746377 21523
09:06:38 514853 42085
09:07:39 201416 20401
09:08:39 690983 21274
09:09:39 364407 26096
09:10:39 71441 12826
09:11:40 95895 5731
09:12:40 215016 73492
09:13:40 787322 33356
09:14:40 1091101 103971
09:15:41 873917 24003
09:16:44 254513 20773
09:17:41 8973 2540
09:18:42 103370 33941
09:19:42 1290839 59515
09:20:42 481078 15369
09:21:43 158257 16097
09:22:43 2793265 111807
09:23:44 18669 2756
09:24:43 671084 21250
09:25:44 109111 4494
09:26:44 99592 4732
09:27:45 6351 2894
09:28:44 30353 7262
09:29:45 85650 9186
09:30:45 415628 11629
09:31:46 541993 36731
09:32:46 244407 15700
09:33:46 1083879 35032
09:34:46 466416 35265
09:35:46 870513 47538
09:36:47 642813 42626
09:37:47 194703 12832
09:38:48 824672 18999
09:39:47 -1 -1
09:40:49 116800 4596
09:41:49 574132 41736
09:42:49 207147 14546
09:43:50 88869 5555
09:44:51 26813 2602
09:45:50 327176 15701
09:46:50 3070804 73894
09:47:50 89934 4401
09:48:51 567438 19012
09:49:51 59664 7289
09:50:51 813634 24043
09:51:51 52363 53496
09:52:51 288933 16691
09:53:52 76367 11267
09:54:52 168031 11602
09:55:52 67421 5832
09:56:53 152703 5287
09:57:53 226184 14146
09:58:56 255150 12593
09:59:53 60511 5041
10:00:53 437502 25626
10:01:54 206435 11241
10:02:54 1315083 49250
10:03:54 106307 5593
10:04:54 20413 5046
10:05:55 34209 5013
10:06:55 131729 34154
10:07:55 2491209 76531
10:08:55 44568 3676
10:09:55 259835 27895
10:10:56 574983 36711
10:11:56 239130 25870
10:12:56 163274 23760
10:13:57 743860 35699
10:14:57 1792815 71832
10:15:57 422612 36778
10:17:01 43108 13381
10:17:58 67525 41483
10:18:58 312525 22114
10:19:58 701849 45463
10:21:00 464355 34555
10:22:00 450172 39241
10:23:01 742494 39615
10:24:02 38442 15290
10:25:02 39648 11901
10:26:02 464050 19437
10:27:03 68829 8583
10:28:04 2046887 123874
10:29:04 518493 25473
10:30:05 849160 30335
10:31:05 101898 28658
10:32:05 188703 12894
10:33:05 910224 51899
10:34:23 333638 14223
10:35:06 142666 6917
10:36:06 655884 27617
10:37:06 4571 3157
10:38:07 730682 65480
10:39:07 30260 21328
10:40:08 295401 11736
10:41:08 582576 41103
10:42:08 614735 34060
10:43:09 63831 5020
10:44:09 801899 30110
10:45:09 671367 113515
10:46:10 427495 22692
10:47:10 553442 17293
10:48:10 381303 13104
10:49:11 373854 19372
10:50:11 784547 38036
10:51:12 242232 9619
10:52:12 425838 15280
10:53:12 261074 10080
10:54:13 223911 19010
10:55:13 118884 13254
10:56:14 52509 7577
10:57:15 303086 143807
10:58:16 75614 7233
10:59:16 655535 26925
11:00:16 128225 6600
11:01:17 31262 8509
11:02:17 377048 12811
11:03:17 332084 10757
11:04:17 623118 22422
11:05:18 79335 8572
11:06:18 1145528 33747
11:07:19 70634 4351
11:08:19 54 480
11:09:19 2047930 55153
11:10:20 99123 29718
11:11:20 241809 16556
11:12:20 318579 13649
11:13:21 352427 8613
11:14:21 335045 13558
11:15:22 759422 40469
11:16:23 331015 13501
11:17:23 357456 12846
11:18:23 191981 26235
11:19:23 279649 19778
11:20:24 39808 15595
11:21:24 728414 46421
11:22:24 635457 37748
11:23:25 405247 23879
11:24:25 33100 15378
11:25:25 945886 64127
11:26:25 73186 6807
11:27:26 60464 9870
11:28:26 52887 13965
11:29:26 59961 7542
11:30:27 160373 10385
11:31:27 1440602 77029
11:32:27 511440 36384
11:33:36 193562 19804
11:34:28 355524 8987
11:35:29 320365 9322
11:36:30 30044 5716
11:37:31 195936 24190
11:38:31 22103 5349
11:39:31 222421 22161
11:40:32 40852 6981
11:41:32 655571 76301
11:42:32 1562674 49421
11:43:32 27516 6545
11:44:33 175239 28512
11:45:33 102949 8553
11:46:34 264501 15579
11:47:34 598018 38756
11:48:34 1844982 70651
11:49:34 32808 7589
11:50:34 92342 61235
11:51:35 442944 12932
11:52:35 72384 15223
11:53:36 1089804 46844
11:54:36 951033 35038
11:55:36 1125822 29087
11:56:36 1555344 89912
11:57:37 173593 18261
11:58:37 1055696 87100
11:59:37 198068 14023
12:00:38 460809 21555
12:01:38 466117 73988
12:02:38 85486 20154
12:03:45 32196 9201
12:04:39 20518 6541
12:05:39 108765 20450
12:06:40 660689 47061
12:07:40 236957 20972
12:08:40 55746 6806
12:09:42 36752 8884
12:10:42 1009632 60011
12:11:42 701979 30495
12:12:42 166845 19403
12:13:42 6005 6001
12:14:43 672051 47609
12:15:43 26081 6702
12:16:44 42849 9615
12:17:45 4125 3012
12:18:45 67806 8560
12:19:46 119726 11152
12:20:46 31825 7221
12:21:46 126755 13778
12:22:46 550370 23776
12:23:47 72892 38056
12:24:47 123290 10650
12:25:47 104323 9543
12:26:47 429890 16026
12:27:48 229855 8775
12:28:48 588978 17939
12:29:49 136225 9466
12:30:49 728043 40375
12:31:49 79288 7265
12:32:51 126513 13571
12:33:49 100706 9321
12:34:49 138666 18376
12:35:50 105500 9866
12:36:50 302634 32171
12:37:50 276168 14620
12:38:51 21400 3958
12:39:51 285764 14349
12:40:51 70831 7534
12:41:51 217965 12646
12:42:52 115515 9431
12:43:59 171842 12415
12:44:52 82358 9924
12:45:52 357077 17876
12:46:53 98184 13731
12:47:52 356162 20139
12:48:52 52741 8576
12:49:53 102887 9743
12:50:53 498751 46418
12:51:53 13927 4985
12:52:53 686523 47013
12:53:54 7656 4855
12:54:54 41223 5175
12:55:54 60649 6201
12:56:54 12885 4112
12:57:55 70555 8929
12:58:55 454681 45216
12:59:55 102182 13628
13:00:56 80391 10736
13:01:56 8418 7363
13:02:56 28981 7151
13:03:56 85914 14783
13:04:56 40917 5909
13:05:57 11945 2893
13:06:57 633463 19793
13:07:59 103814 25670
13:08:57 227896 13058
13:09:57 210732 25150
13:10:58 80836 11723
13:11:58 83923 9697
13:12:58 342814 20547
13:13:58 456435 27610
13:14:58 315230 20205
13:15:59 161945 14703
13:16:59 41776 6428
13:17:59 123583 16498
13:18:59 2997201 78052
13:19:59 4233 3314
13:21:00 147799 11941
13:22:00 4653 3796
13:23:01 345584 28380
13:24:01 84551 11031
13:25:01 3022714 87706
13:26:01 63297 13955
13:27:02 85610 12508
13:28:02 249023 119089
13:29:02 62880 26321
13:30:02 963573 53894
13:31:03 874461 21219
13:32:03 326163 34001
13:33:03 320225 20492
13:34:04 42133 13753
13:35:04 522846 29021
13:36:04 55654 13756
13:37:05 84224 8969
13:38:05 244036 9057
13:39:05 196894 12312
13:40:05 758613 17546
13:41:05 118347 7847
13:42:06 26616 6676
13:43:07 193166 11334
13:44:07 108907 12649
13:45:07 673718 35309
13:46:08 377607 15502
13:47:09 87789 17398
13:48:09 94714 10591
13:49:09 116644 10279
13:50:10 109761 10943
13:51:10 189497 26907
13:52:11 83970 8655
13:53:11 158162 15903
13:54:12 48429 5382
13:55:12 1126155 42559
13:56:12 146969 17196
13:57:12 160349 23356
13:58:13 24497 5886
13:59:13 1319676 61294
14:00:13 1077109 33275
14:01:13 47198 11295
14:02:13 23575 3659
14:03:14 4473 4732
14:04:22 287749 17415
14:05:14 3564 4966
14:06:15 69041 9457
14:07:15 917641 31958
14:08:15 505416 12596
14:09:16 378936 21303
14:10:16 135823 14135
14:11:17 601271 23870
14:12:18 67119 8537
14:13:18 30532 7775
14:14:18 35128 2181
14:15:19 35649 7738
14:16:19 524990 36441
14:17:19 462930 20885
14:18:19 379960 36455
14:19:20 54357 6666
14:20:20 209335 17619
14:21:20 527549 33626
14:22:20 25212 5417
14:23:21 1079 1426
14:24:24 157968 31644
14:25:22 220838 7881
14:26:22 2895 4317
14:27:23 345395 31697
14:28:23 3253 1402
14:29:23 1660 2470
14:30:23 364903 60080
14:31:24 18671 8317
14:32:24 205801 22248
14:33:25 374091 15643
14:34:25 126815 14932
14:35:25 9284 6466
14:36:26 211893 16651
14:37:27 9801 10758
14:38:27 138982 7281
14:39:27 115934 19604
14:40:27 46807 11725
14:41:28 1527920 61734
14:42:28 201602 9766
14:43:29 253948 16080
14:44:30 20019 4804
14:45:34 3159661 112514
14:46:31 49956 101012
14:47:31 81307 10286
14:48:32 11597 9698
14:49:32 95755 16084
14:50:32 83713 6137
14:51:33 45875 14696
14:52:33 740973 24894
14:53:33 929513 55048
14:54:34 103713 8838
14:55:34 182907 14996
14:56:34 1350503 53385
14:57:35 429767 38817
14:58:35 1074891 53290
14:59:35 417083 17442
15:00:35 326014 22165
15:01:36 782994 38140
15:02:36 76993 6842
15:03:38 245127 14530
15:04:36 824662 32710
15:05:36 395527 24301
15:06:39 45978 4604
15:07:37 7945 2343
15:08:37 694615 30942
15:09:37 23123 11196
15:10:37 521357 29711
15:11:38 89025 8849
15:12:39 72211 9170
15:13:39 87499 11001
15:14:39 258809 18794
15:15:40 1451174 88683
15:16:40 606642 18154
15:17:40 15851 6437
15:18:41 365370 11863
15:19:41 201365 10912
15:20:41 810817 99719
15:21:41 71162 5348
15:22:41 113794 7745
15:23:41 414069 26576
15:24:42 190531 6106
15:25:42 525797 31663
15:26:42 45242 6817
15:27:42 877541 26119
15:28:46 215790 12359
15:29:43 83973 8455
15:30:43 499465 19903
15:31:44 428926 21900
15:32:51 584728 17048
15:33:44 186851 4771
15:34:44 2245346 58409
15:35:45 1357874 43853
15:36:45 460969 18172
15:37:45 221711 6836
15:38:45 388979 49533
15:39:45 1483558 49886
15:40:45 1181257 31500
15:41:46 521559 36748
15:42:46 406030 14493
15:43:46 897395 35506
15:44:46 79482 11432
15:45:47 1426479 41415
15:46:47 536413 21823
15:47:47 671014 26557
15:48:48 169487 9742
15:49:48 47753 3045
15:50:48 471880 18940
15:51:49 138805 14516
15:52:49 142994 8464
15:53:49 13079 8095
15:54:49 2905 2703
15:55:49 6920 5375
15:56:49 -1 -1
15:57:50 10895 1565
15:58:50 1356378 80936
15:59:50 660479 136959
16:00:51 610885 367077
16:01:51 399662 20765
16:02:51 233314 21252
16:03:51 153135 12763
16:04:51 407200 36686
16:05:52 1134467 46158
16:06:52 653327 35039
16:07:52 205338 14633
16:08:52 619300 22512
16:09:52 3785516 125222
16:10:53 1107865 58976
16:11:53 157280 8492
16:12:53 228693 14770
16:13:53 552806 29757
16:14:54 38850 5590
16:15:54 365093 24069
16:16:54 1106854 63241
16:17:54 74939 7862
16:18:55 1032907 53031
16:19:55 331901 19559
16:20:56 89112 21042
16:21:55 133272 7622
16:22:55 138608 18733
16:23:56 1049001 36237
16:24:56 342891 13533
16:25:56 1440032 75296
16:26:56 353205 24386
16:27:57 381657 11100
16:28:57 77402 25967
16:30:00 425617 31732
16:30:57 176503 15004
16:31:58 270193 14501
16:32:58 1582884 39151
16:33:59 45942 10218
16:34:59 13360 34662
16:35:59 230432 15250
16:36:59 417684 13724
16:38:00 455350 22041
16:39:00 3222 898
16:40:00 443863 23585
16:41:00 121860 5507
16:42:01 499176 42778
16:43:01 104522 3805
16:44:01 1854818 65307
16:45:01 71129 36192
16:46:01 104641 8161
16:47:02 413735 29065
16:48:02 540571 65844
16:49:02 927 1632
16:50:02 322285 15441
16:51:02 253292 13266
16:52:03 569924 25776
16:53:03 556593 24436
16:54:03 65109 4887
16:55:04 1262668 173840
16:56:04 243665 14786
16:57:04 279474 13357
16:58:04 2667133 61368
16:59:05 315113 14651
17:00:05 110940 9173
17:01:05 298833 14325
17:02:05 249090 14476
17:03:06 118899 8521
17:04:06 134965 17886
17:05:07 424362 21974
17:06:07 93348 6172
17:07:07 695889 70198
17:08:08 670269 36110
17:09:09 10915 15673
17:10:08 46973 3769
17:11:08 427938 17909
17:12:08 70901 5276
17:13:08 196122 13817
17:14:09 177079 8005
17:15:09 116988 6525
17:16:09 1925619 44613
17:17:10 34708 3715
17:18:10 1039487 22620
17:19:10 358051 13017
17:20:10 293691 16098
17:21:10 433699 223043
17:22:11 3116 246
17:23:11 392149 14345
17:24:11 4940386 149400
17:25:18 2219448 170493
17:26:12 183571 7913
17:27:12 197477 33842
17:28:12 29349 4640
17:29:13 12279 21240
17:30:14 22355 2055
17:31:13 544562 28638
17:32:14 1004706 46745
17:33:14 711635 40938
17:34:15 1293811 65742
17:35:15 224802 15077
17:36:16 1680605 36005
17:37:16 346661 32040
17:38:15 958716 30471
17:39:16 21461 12078
17:40:16 197774 26896
17:41:16 52208 3350
17:42:17 6263 1982
17:43:17 164133 28246
17:44:18 299045 20438
17:45:18 235296 10718
17:46:18 260812 14345
17:47:19 2319192 77028
17:48:19 18218 6035
17:49:19 150125 12167
17:50:20 7736 5890
17:51:20 12008 2544
17:52:20 1742 1112
17:53:20 24057 1625
17:54:21 174225 13423
17:55:21 873429 23906
17:56:21 27727 8555
17:57:21 459318 20451
17:58:22 1394551 40092
17:59:22 572096 13850
18:00:22 887438 29553
18:01:22 250670 12628
18:02:23 122811 4835
18:03:23 319159 5693
18:04:23 507672 21507
18:05:23 2064255 73942
18:06:23 754297 32928
18:07:24 524132 26471
18:08:25 663993 40260
18:09:24 473232 25972
18:10:25 331659 136844
18:11:25 389784 26298
18:12:25 75661 11049
18:13:25 131004 9266
18:14:26 889213 187223
18:15:26 42739 9787
18:16:27 25372 16264
18:17:26 5126 13347
18:18:27 210757 23175
18:19:27 21382 4401
18:20:27 141458 23369
18:21:28 474317 36080
18:22:28 320976 9925
18:23:28 75598 4793
18:24:28 120965 6300
18:25:29 105562 4759
18:26:29 190761 26958
18:27:29 1150259 24438
18:28:30 360900 168953
18:29:30 10463 1460
18:30:30 99713 12571
18:31:31 478698 13600
18:32:31 60146 12203
18:33:32 969934 25741
18:34:32 304370 19204
18:35:32 560634 21577
18:36:33 16388 985
18:37:33 44615 6320
18:38:33 54 126
18:39:34 87989 8291
18:40:34 200931 9999
18:41:34 146829 12089
18:42:34 117310 15560
18:43:34 41700 4602
18:44:35 77478 14712
18:45:35 194993 13106
18:46:35 23800 4501
18:47:35 14727 3211
18:48:36 317317 22787
18:49:36 8932 1816
18:50:36 11152 2480
18:51:36 149319 17107
18:52:37 180752 81690
18:53:37 85965 3806
18:54:37 388673 16079
18:55:37 22542 5214
18:56:37 406121 10038
18:57:38 242784 21480
18:58:38 81964 5608
18:59:38 65331 5840
19:00:38 133498 6340
19:01:39 75794 14780
19:02:39 183948 11289
19:03:39 230063 13235
19:04:39 456768 18193
19:05:40 12982 3819
19:06:40 77607 11572
19:07:40 44993 5318
19:08:40 3510 42362
19:09:40 180506 21180
19:10:41 9301 5008
19:11:41 94568 8939
19:12:41 707803 29499
19:13:41 268171 17167
19:14:42 31144 8374
19:15:42 45026 2092
19:16:42 763228 26906
19:17:42 8419 1253
19:18:42 8527 4800
19:19:42 2366949 102912
19:20:43 408568 7775
19:21:43 502050 14096
19:22:43 438300 28061
19:23:43 9072 2090
19:24:44 42677 8559
19:25:44 55262 4958
19:26:44 15799 2105
19:27:44 291854 14061
19:28:45 1185 2432
19:29:45 142954 5639
19:30:45 31383 2302
19:31:45 19208 5763
19:32:45 250998 38041
19:33:46 85386 7765
19:34:47 101588 17863
19:35:47 803742 21312
19:36:48 16787 2445
19:37:48 107583 3300
19:38:48 86795 15376
19:39:48 22334 53939
19:40:49 3202 961
19:41:49 22201 3821
19:42:49 22291 3596
19:43:49 367640 29507
19:44:50 125188 6981
19:45:50 55461 13010
19:46:50 2917598 50124
19:47:50 833967 24349
19:48:50 63362 12092
19:49:51 27984 5060
19:50:51 204421 8402
19:51:51 229176 16091
19:52:51 756824 40619
19:53:51 267435 13525
19:54:51 59020 4378
19:55:52 19170 1535
19:56:58 19454 3167
19:57:52 265566 14779
19:58:53 32680 3041
19:59:53 66848 6009
20:00:53 55220 12197
20:01:53 87492 3464
20:02:53 398 379
20:03:53 74734 13085
20:04:54 120577 6055
20:05:54 11867 1010
20:06:54 199522 8879
20:07:54 530234 19264
20:08:54 124911 9175
20:09:55 37406 3646
20:10:55 429771 43968
20:11:55 21441 1998
20:12:55 117707 7586
20:13:55 334127 10757
20:14:56 97795 36421
20:15:56 46532 11713
20:16:56 827200 29000
20:17:56 710129 38444
20:18:57 76102 4999
20:19:57 59730 5622
20:20:57 45467 4694
20:21:57 357536 20864
20:22:58 240956 16139
20:23:58 207849 11180
20:24:58 463169 25654
20:25:59 177082 17170
20:26:59 662564 23827
20:27:59 631826 17530
20:28:59 178971 10424
20:30:00 429895 11828
20:30:59 108799 5908
20:32:00 184443 10508
20:32:59 -1 -1
20:34:00 67536 23938
20:35:00 749909 25391
20:36:00 143624 13290
20:37:01 45706 1521
20:38:01 42324 6714
20:39:01 156945 12193
20:40:01 52352 13455
20:41:01 510051 40771
20:42:02 126931 13915
20:43:02 101300 11773
20:44:02 45703 18403
20:45:02 359841 17828
20:46:02 120631 18401
20:47:03 363940 62222
20:48:03 56492 8980
20:49:03 292 300
20:50:03 45775 4132
20:51:04 182327 22655
20:52:04 82926 3761
20:53:04 17362 2733
20:54:04 18174 4109
20:55:05 1163790 36684
20:56:05 113064 102162
20:57:05 245366 14671
20:58:05 266077 13843
20:59:05 11398 2436
21:00:05 127781 10269
21:01:06 88283 7515
21:02:06 26878 1906
21:03:06 71526 8406
21:04:06 19903 2740
21:05:07 23178 3109
21:06:07 266003 27520
21:07:07 122147 7699
21:08:07 253843 74734
21:09:07 71803 5616
21:10:07 426303 406443
21:11:08 106257 4538
21:12:08 196588 5322
21:13:08 74583 10515
21:14:08 1183504 39797
21:15:08 199612 15056
21:16:09 26751 7479
21:17:09 234613 31257
21:18:09 713625 35328
21:19:10 209746 13975
21:20:10 64142 4707
21:21:10 107000 64591
21:22:10 433220 27780
21:23:11 56621 22540
21:24:11 104443 5693
21:25:11 19197 2927
21:26:11 182642 13294
21:27:11 8872 2411
21:28:12 442769 20123
21:29:12 854492 47486
21:30:12 2726832 80127
21:31:12 429497 21715
21:32:13 29615 14734
21:33:13 34958 2135
21:34:13 1068427 32010
21:35:13 296056 18467
21:36:13 986115 39546
21:37:14 36492 20301
21:38:14 2379279 107808
21:39:14 18994 4280
21:40:14 122094 13386
21:41:15 187769 10380
21:42:15 9277 3931
21:43:15 295058 18642
21:44:15 79844 7289
21:45:15 56681 7755
21:46:16 261250 156378
21:47:16 213968 11654
21:48:16 104200 10184
21:49:16 101319 6398
21:50:17 1973 4053
21:51:17 823630 26703
21:52:17 35461 3196
21:53:17 81476 7063
21:54:18 1243123 57378
21:55:18 101594 11168
21:56:18 48656 5325
21:57:18 62706 7662
21:58:19 137783 9399
21:59:19 40217 17000
22:00:19 580736 27086
22:01:19 99067 17463
22:02:20 193961 23407
22:03:20 143656 9217
22:04:20 87779 8151
22:05:20 70466 4316
22:06:21 115554 8302
22:07:21 65017 7483
22:08:21 40113 2507
22:09:21 91731 14226
22:10:22 78769 5554
22:11:22 95216 6345
22:12:22 68347 5163
22:13:22 435010 21822
22:14:22 404605 22370
22:15:23 457028 18276
22:16:23 743496 42624
22:17:23 72855 7553
22:18:24 35644 6130
22:19:24 2334 5476
22:20:24 49721 12445
22:21:24 14953 2755
22:22:25 80793 3842
22:23:25 173935 13084
22:24:25 166216 9385
22:25:25 367887 27782
22:26:25 414307 31479
22:27:26 2536051 42301
22:28:26 859434 15920
22:29:26 254336 14049
22:30:26 11720 2620
22:31:27 69867 7261
22:32:27 5547 2507
22:33:27 1017251 571751
22:34:27 39719 10620
22:35:28 30260 16523
22:36:28 344004 23880
22:37:28 93554 18247
22:38:29 2538 2053
22:39:29 344696 24824
22:40:29 24602 7627
22:41:29 97921 9857
22:42:30 59252 9558
22:43:30 4073 2684
22:44:30 19477 15833
22:45:31 38511 5722
22:46:31 752653 22369
22:47:31 24971 7119
22:48:31 68120 8717
22:49:32 108938 6939
22:50:32 16980 1563
22:51:32 1325775 47411
22:52:32 59243 13966
22:53:33 62689 21552
22:54:33 132042 7167
22:55:33 202890 181752
22:56:33 675203 88339
22:57:34 62890 15318
22:58:34 259764 26598
22:59:34 81807 6145
23:00:34 176905 12870
23:01:35 130698 7836
23:02:35 329290 16465
23:03:35 761607 19342
23:04:35 198926 26355
23:05:36 111516 27200
23:06:36 328676 16139
23:07:36 35412 8462
23:08:36 457975 25298
23:09:37 28357 6731
23:10:37 385269 24241
23:11:37 463724 73140
23:12:37 832137 23802
23:13:38 23073 9733
23:14:38 75159 13204
23:15:39 635851 22094
23:16:38 2404 3090
23:17:39 97072 8499
23:18:39 975907 27330
23:19:39 14436 3230
23:20:40 128464 8488
23:21:40 2638 1132
23:22:40 11809 12895
23:23:40 75481 6899
23:24:41 225644 17261
23:25:41 106315 31143
23:26:41 40820 5803
23:27:41 49480 5616
23:28:42 38354 19399
23:29:42 25849 9525
23:30:42 583599 10866
23:31:42 9605 835
23:32:43 14053 14629
23:33:43 114944 46401
23:34:44 41289 7072
23:35:44 24535 9819
23:36:44 12662 5837
23:37:44 18144 3308
23:38:44 32163 2286
23:39:45 9251 8800
23:40:45 152334 9706
23:41:45 34494 5557
23:42:46 71292 11113
23:43:46 131451 7248
23:44:46 31924 14335
23:45:47 41909 77097
23:46:47 92269 12099
23:47:48 25363 6330
23:48:49 77204 3670
23:49:49 757970 26987
23:50:50 14269 4090
23:51:50 836872 21151
23:52:51 837616 26003
23:53:52 906571 42221
23:54:53 41767 4844
23:55:53 44765 3064
23:56:54 25987 7487
23:57:55 17794 3169
23:58:54 38933 7205
23:59:55 80371 8249
