00:01:20 512170 31167
00:02:42 665700 32858
00:03:24 375254 29637
00:04:18 191849 24898
00:05:18 219967 16318
00:06:19 185615 30510
00:07:20 245205 22634
00:08:21 227580 38615
02:00:07 52327 19069
02:01:08 82426 20011
02:02:09 350949 42602
02:03:09 124735 40541
02:04:09 53743 15909
02:05:10 79041 9042
02:06:10 131937 22771
02:07:11 265304 56026
02:08:11 79054 32620
02:09:11 153885 33149
02:10:12 30943 13837
02:11:12 272652 19572
02:12:13 57330 17460
02:13:13 321232 10124781
02:14:13 37377 12597
02:15:14 153476 37710
02:16:14 72755 11288
02:17:15 551726 33136
02:18:15 220741 23627
02:19:16 156445 19781
02:20:16 427399 11956238
02:21:17 114169 13401
02:22:17 320934 11990605
02:23:17 202204 26189
02:24:18 81548 10976
02:25:18 304763 12017391
02:26:19 28479 10477
02:27:19 225663 27438
02:28:20 311605 10944045
02:29:20 69284 8536
02:30:20 285291 12230749
02:31:21 333866 10536772
02:32:21 167347 14403
02:33:22 48991 15656
02:34:22 126369 13255
02:35:22 207552 11521
02:36:23 129714 17935
02:37:23 267932 12042441
02:38:24 87669 16327
02:39:24 64456 24833
02:40:24 305747 11814478
02:41:25 151022 29685
02:42:25 1073841 57258
02:43:25 70681 15388
02:44:26 62217 10644
02:45:26 289912 11841915
02:46:27 80467 11727
02:47:27 38381 9187
02:48:28 154998 13261
02:49:28 95856 11437
02:50:28 186329 12938
02:51:29 48450 8868
02:52:29 203256 18595
02:53:29 56108 10975
02:54:30 40748 8966
02:55:30 60086 11826
02:56:31 221168 55871
02:57:31 23690 3915
02:58:32 328396 11891317
02:59:32 499967 11458853
03:00:33 33948 4933
03:01:33 122869 22600
03:02:33 149334 30332
03:03:33 209018 1025448
03:04:34 326053 5080347
03:05:35 1080652 7557516
03:06:35 288367 22256
03:07:35 80694 13652
03:08:36 29824 8731
03:09:36 62556 12936
03:10:37 392410 10574768
03:11:37 60022 15021
03:12:37 152568 9031
03:13:37 63334 18552
03:14:38 28950 6004
03:15:38 69277 31914
03:16:39 67984 10479
03:17:39 84690 221096
03:18:39 58084 7737
03:19:40 176645 38031
03:20:40 63727 15722
03:21:40 88174 12628
03:22:41 86257 23507
03:23:41 50053 13400
03:24:41 287162 29453
03:25:42 158653 30530
03:26:42 8678 3990
03:27:42 153069 44588
03:28:43 155321 23659
03:29:43 143477 8395
03:30:43 60818 14647
03:31:44 48924 9350
03:32:44 318074 16185
03:33:44 70531 12331
03:34:45 13239 6419
03:35:45 115353 389170
03:36:45 213625 31185
03:37:46 60698 10576
03:38:46 83963 4328
03:39:46 32097 2380
03:40:47 402 682
03:41:47 27759 11733
03:42:47 27266 17156
03:43:48 104751 17782
03:44:48 54640 11553
03:45:49 102520 16250
03:46:49 18324 6283
03:47:49 146979 10507
03:48:50 153437 13181
03:49:50 167010 19179
03:50:50 33118 10060
03:51:51 131746 17755
03:52:51 101987 14736
03:53:51 163179 38279
03:54:52 42004 12350
03:55:52 47299 11747
03:56:52 69539 6267
03:57:53 96961 23233
03:58:53 365235 64348
03:59:53 183387 17960
04:00:55 99144 13096
04:01:54 34876 7008
04:02:56 159123 370874
04:03:55 229782 80715
04:04:55 5585 4814
04:05:56 106784 28835
04:06:56 98473 25307
04:07:57 537610 74907
04:08:56 67036 15394
04:09:57 102974 13377
04:10:57 203472 22402
04:11:57 346365 889618
04:12:58 59769 21193
04:13:58 72919 8344
04:14:58 81012 19512
04:15:59 53970 12015
04:16:59 147118 19333
04:17:59 90438 16842
04:18:59 138374 21326
04:20:00 27172 5991
04:21:00 266318 19802
04:22:01 245322 21786
04:23:01 40686 17987
04:24:01 290854 180086
04:25:02 44126 8375
04:26:02 264908 30821
04:27:04 148843 17920
04:28:03 38655 3019
04:29:06 325300 27185
04:30:03 217351 60832
04:31:06 83481 22785
04:32:06 139223 19446
04:33:06 60836 3597
04:34:06 21245 324269
04:35:05 124236 15560
04:36:05 158258 24336
04:37:06 70141 21913
04:38:06 19007 5599
04:39:07 29598 6005
04:40:07 32046 19079
04:41:07 423556 25370
04:42:08 84611 10275
04:43:08 151748 168203
04:44:09 184406 2269045
04:45:09 353536 35718
04:46:09 269739 26727
04:47:10 282760 33704
04:48:10 17347 3070
04:49:10 89119 13240
04:50:10 198614 19045
04:51:11 192816 53347
04:52:11 141790 12203
04:53:11 270796 36728
04:54:12 40491 5596
04:55:12 27161 8187
04:56:13 64355 13165
04:57:13 230248 34803
04:58:15 50829 11247
04:59:14 7172 2819
05:00:14 23388 9645
05:01:14 329032 17218
05:02:15 464962 158134
05:03:15 42773 7270
05:04:15 88047 93247
05:05:16 62956 123976
05:06:16 86872 14243
05:07:16 193933 15994
05:08:17 16493 5073
05:09:17 38251 3501
05:10:17 255392 21863
05:11:18 113716 19882
05:12:18 248006 19435
05:13:18 52032 20261
05:14:19 210426 7141989
05:15:19 55262 13406
05:16:19 189646 16796
05:17:20 69230 11534
05:18:20 113771 13472
05:19:21 34989 9040
05:20:21 292544 21027
05:21:21 209770 11077
05:22:22 77142 15286
05:23:27 536454 20814
05:24:24 79888 7732
05:25:24 63832 9990
05:26:23 227639 8954000
05:27:25 46936 74599
05:28:24 87829 34043
05:29:24 51126 9828
05:30:24 89041 12742
05:31:25 141345 12869
05:32:25 197174 20946
05:33:25 127554 16373
05:34:26 79091 12629
05:35:26 265649 21251
05:36:26 44748 5263
05:37:27 145160 15275
05:38:27 33461 3971
05:39:27 26320 3133
05:40:28 187788 23705
05:41:28 18003 3844
05:42:29 80986 14165
05:43:29 59410 7731
05:44:29 148502 31613
05:45:29 185123 14896
05:46:30 31431 10149
05:47:30 40258 6510
05:48:30 49413 6999
05:49:31 19512 8458
05:50:31 82159 6757
05:51:32 64417 7510
05:52:32 7506 3488
05:53:33 113569 21173
05:54:33 91239 29198
05:55:33 60511 4802
05:56:33 412954 32732
05:57:34 38747 4152
05:58:34 53843 9298
05:59:34 86481 15970
06:00:35 41367 10322
06:01:35 6795 1539
06:02:36 51226 15128
06:03:36 83969 10285
06:04:37 61674 17996
06:05:37 103897 8057
06:06:37 127953 7521
06:07:38 127185 14948
06:08:38 242250 9674577
06:09:38 288229 13763
06:10:39 44971 11718
06:11:39 30148 6672
06:12:39 325750 17847
06:13:40 155593 8836
06:14:40 352151 28682
06:15:41 10249 3206
06:16:41 31601 3163
06:17:41 152019 15325
06:18:42 82575 9033
06:19:42 269986 35519
06:20:42 242545 29019
06:21:43 89598 9865
06:22:43 48612 8956
06:23:43 308446 33942
06:24:44 251549 20751
06:25:44 66077 7862
06:26:44 124894 17635
06:27:45 196170 13336
06:28:45 52104 6749
06:29:45 50861 19372
06:30:46 64786 13620
06:31:46 142266 13144
06:32:46 189173 11620
06:33:47 86318 13216
06:34:47 113984 18565
06:35:47 201855 19496
06:36:48 7374 2017
06:37:48 24096 5044
06:38:48 376982 23715
06:39:49 72977 6725
06:40:49 205959 12752
06:41:49 36921 8606
06:42:50 17300 3267
06:43:50 761 710
06:44:51 337549 14421
06:45:51 135606 18280
06:46:51 20415 2943
06:47:52 112011 23936
06:48:52 128115 10448
06:49:52 599214 37916
06:50:53 111774 11422
06:51:53 106769 11051
06:52:53 66256 11834
06:53:54 201322 24869
06:54:54 75419 15726
06:55:54 111126 13252
06:56:54 107914 17099
06:57:55 392070 33021
06:58:55 277092 19935
06:59:55 78497 14825
07:00:56 199261 31851
07:01:56 23352 3413
07:02:57 231198 25975
07:03:57 90324 11103
07:04:57 15160 5685
07:05:57 30032 8544
07:06:58 72653 7202
07:07:58 196369 19011
07:08:59 239223 33161
07:09:59 70096 16472
07:10:59 53653 12599
07:12:00 274321 17837
07:13:00 191225 28055
07:14:00 168254 28122
07:15:00 351240 41158
07:16:01 82927 11800
07:17:01 176410 15302
07:18:02 1080417 38360
07:19:02 335299 23344
07:20:02 16740 4968
07:21:03 165855 20286
07:22:03 85242 8033
07:23:03 82465 22333
07:24:04 146507 22565
07:25:04 54575 12975
07:26:05 86551 23425
07:27:05 215000 47514
07:28:05 263709 23781
07:29:05 57569 17303
07:30:06 125661 15686
07:31:06 148356 29329
07:32:07 123117 26443
07:33:07 652077 667087
07:34:07 1042870 59342
07:35:07 41301 15645
07:36:08 285824 25596
07:37:08 1004090 55318
07:38:09 247150 34322
07:39:09 182912 34084
07:40:09 400657 31358
07:41:10 318396 33417
07:42:10 64805 15683
07:43:10 129995 87733
07:44:10 122491 15939
07:45:14 56814 15648
07:46:11 59042 19373
07:47:11 355402 33064
07:48:12 252001 27536
07:49:12 1067178 42420
07:50:12 95005 20426
07:51:13 264730 34430
07:52:13 771946 62969
07:53:13 218601 36315
07:54:14 245023 7969848
07:55:13 -1 -1
07:56:14 368155 35005
07:57:14 53535 13200
07:58:15 175042 36743
07:59:15 113012 27851
08:00:15 224896 22729
08:01:16 218329 21215
08:02:16 204730 23719
08:03:16 585044 32371
08:04:17 112502 25249
08:05:17 216072 50484
08:06:17 375571 34773
08:07:18 186838 17316
08:08:18 486509 56205
08:09:18 88691 16650
08:10:18 74983 15842
08:11:19 130912 28543
08:12:19 679854 57554
08:13:19 223274 70392
08:14:20 155790 46195
08:15:20 131184 31174
08:16:20 257519 34212
08:17:21 619280 44376
08:18:21 508870 43229
08:19:21 367542 37441
08:20:22 552495 42084
08:21:22 155072 41927
08:22:23 189860 18235
08:23:23 111948 15010
08:24:24 439968 58133
08:25:24 165583 37136
08:26:24 118643 17329
08:27:25 128825 18187
08:28:25 141916 30843
08:29:25 335267 47892
08:30:26 1106197 74358
08:31:26 345515 27690
08:32:26 222839 29808
08:33:26 276214 21461
08:34:27 163723 30332
08:35:27 246941 16904
08:36:27 986579 46827
08:37:28 469732 36616
08:38:28 190459 15957
08:39:28 136089 40553
08:40:29 805885 97970
08:41:29 311721 45849
08:42:30 1110524 79319
08:43:30 384176 46181
08:44:50 -1 -1
08:45:31 834520 76080
08:46:31 108016 26445
08:47:34 604460 46173
08:48:32 569105 40939
08:49:32 241502 49998
08:50:32 235991 42392
08:51:33 590074 59733
08:52:33 778190 78802
08:53:33 458126 44543
08:54:34 362368 43572
08:55:35 310133 60533
08:56:35 1111610 90532
08:57:35 928843 50847
08:58:36 549660 60618
08:59:36 682351 65142
09:00:37 486171 54728
09:01:37 524666 70662
09:02:37 359132 41525
09:03:37 756322 35936
09:04:38 252629 32210
09:05:38 274505 995569
09:06:39 386008 68230
09:07:38 395151 64284
09:08:39 289001 54460
09:09:39 445447 66074
09:10:39 759601 68469
09:11:39 867386 136709
09:12:40 480897 66943
09:13:40 639263 117521
09:14:40 420126 78460
09:15:40 332064 39309
09:16:41 763600 73032
09:17:41 452580 93537
09:18:42 656243 89535
09:19:42 806839 63504
09:20:42 616497 48532
09:21:42 726727 56987
09:22:43 883773 52375
09:23:43 928538 130357
09:24:44 539336 86716
09:25:44 632592 71741
09:26:44 565619 49805
09:27:44 385809 57195
09:28:44 570444 50713
09:29:45 607174 89841
09:30:45 908869 82054
09:31:45 899937 82041
09:32:46 640047 72966
09:33:46 429704 34123
09:34:46 763691 65535
09:35:46 747103 71693
09:36:47 528426 109352
09:37:47 527076 112934
09:38:48 456430 79086
09:39:47 -1 -1
09:40:48 671835 81946
09:41:49 489621 47958
09:42:49 920468 64535
09:43:49 563695 52515
09:44:50 556489 43020
09:45:50 369201 44142
09:46:50 697583 50611
09:47:50 911402 56066
09:48:51 747698 49902
09:49:51 450665 82434
09:50:51 1037701 60405
09:51:51 1080526 68105
09:52:51 370861 48231
09:53:52 737178 142108
09:54:52 1064973 71487
09:55:52 1077660 74422
09:56:53 1080614 108388
09:57:53 1100159 138891
09:58:53 617512 68257
09:59:53 408686 39594
10:00:53 1094637 65191
10:01:54 1102563 92381
10:02:54 346576 137387
10:03:54 768603 66200
10:04:54 712367 73455
10:05:55 340032 55296
10:06:55 737199 94446
10:07:55 288709 43416
10:08:55 423092 59517
10:09:56 771819 64672
10:10:56 570363 95874
10:11:56 743862 79322
10:12:56 1081443 94328
10:13:57 1084513 82299
10:14:57 772720 70250
10:15:57 407210 93250
10:17:00 819650 62513
10:17:58 1107457 73723
10:18:58 1121443 70837
10:19:58 446385 49702
10:21:02 1048508 94490
10:22:02 1077228 90455
10:23:04 1080468 562009
10:24:02 900316 65391
10:25:02 1341681 111475
10:26:05 1244892 121680
10:27:03 1099095 143151
10:28:03 879048 119132
10:29:04 1113722 169846
10:30:04 1089758 142004
10:31:04 1085351 116209
10:32:05 1095894 101047
10:33:05 274569 134847
10:34:05 1020089 129086
10:35:05 564372 54619
10:36:05 736309 296028
10:37:06 608544 78440
10:38:07 473226 222844
10:39:07 914921 88342
10:40:09 1051226 78650
10:41:08 697142 65031
10:42:08 582789 84207
10:43:09 1095147 102596
10:44:09 1163563 85484
10:45:10 1047290 100961
10:46:10 660250 113604
10:47:10 440757 50251
10:48:10 538181 129449
10:49:11 1073875 79395
10:50:11 1126645 133482
10:51:12 1071734 102411
10:52:12 961198 100730
10:53:12 554508 80469
10:54:13 1105055 78222
10:55:13 352399 133924
10:56:14 649935 68597
10:57:15 1078211 82360
10:58:16 632823 66802
10:59:16 894247 206153
11:00:16 881845 74089
11:01:16 850559 69693
11:02:17 1083657 84931
11:03:17 505372 87946
11:04:17 252289 29984
11:05:18 463510 149433
11:06:18 573162 99642
11:07:19 1082754 216099
11:08:19 1216962 97769
11:09:19 1087940 105502
11:10:20 630613 58858
11:11:20 1089367 129679
11:12:20 1088583 117312
11:13:21 777654 129551
11:14:21 920557 195962
11:15:22 1007557 138851
11:16:23 578682 107146
11:17:23 370761 92623
11:18:23 191448 85701
11:19:23 1056945 146773
11:20:24 1069207 172011
11:21:24 505808 120362
11:22:24 584631 108817
11:23:25 1035558 191042
11:24:25 1226242 89645
11:25:25 1517957 85192
11:26:26 655736 48806
11:27:28 1121152 100957
11:28:26 458208 62678
11:29:26 1105779 65476
11:30:26 651472 126232
11:31:27 461847 62053
11:32:27 766515 139433
11:33:27 1075363 86962
11:34:28 726174 95671
11:35:29 248539 162388
11:36:30 1010948 135888
11:37:31 836966 108592
11:38:31 1144481 101343
11:39:31 1043845 149855
11:40:32 1097301 86043
11:41:32 1110011 124782
11:42:32 676011 80876
11:43:32 337573 77983
11:44:33 1087313 70469
11:45:33 652357 66546
11:46:34 510272 180475
11:47:34 794806 98959
11:48:34 451190 41852
11:49:34 943101 80995
11:50:35 687716 179011
11:51:36 863468 108488
11:52:37 672782 109434
11:53:38 1081041 95097
11:54:38 1147756 84720
11:55:38 269638 43284
11:56:38 418199 45129
11:57:39 428488 76885
11:58:39 566699 46081
11:59:39 1068739 105130
12:00:39 522986 62421
12:01:40 441692 48353
12:02:40 339090 49660
12:03:40 516414 95425
12:04:41 1085848 95449
12:05:41 601752 205115
12:06:42 652904 91083
12:07:42 144381 44785
12:08:42 423796 47848
12:09:43 1023993 75207
12:10:43 1071453 49629
12:11:43 547314 77685
12:12:43 429483 82853
12:13:44 238773 25346
12:14:44 309372 34747
12:15:44 490428 56046
12:16:45 151482 23741
12:17:46 182039 28806
12:18:46 565029 62187
12:19:47 191274 76163
12:20:47 262416 26873
12:21:47 309418 97815
12:22:47 517181 37607
12:23:47 332497 86732
12:24:48 1066982 46101
12:25:48 238085 23996
12:26:48 231261 44495
12:27:49 627144 121347
12:28:49 307161 55722
12:29:49 253359 57993
12:30:49 261008 40375
12:31:50 271305 43659
12:32:50 226026 46826
12:33:50 502343 37746
12:34:50 307299 51525
12:35:51 799298 66015
12:36:51 269415 56196
12:37:51 286373 94420
12:38:51 313341 50347
12:39:52 153472 26150
12:40:52 217471 40201
12:41:52 204263 25914
12:42:52 447021 208743
12:43:53 330266 44260
12:44:53 261229 133687
12:45:53 177262 43129
12:46:53 299186 52705
12:47:53 1076166 50554
12:48:53 533539 69546
12:49:54 858731 189317
12:50:54 557491 34710
12:51:54 855927 58372
12:52:54 639777 58868
12:53:55 323263 45222
12:54:55 714821 73443
12:55:55 588337 58411
12:56:55 118632 39313
12:57:56 558311 66312
12:58:56 395223 34512
12:59:56 1063628 57984
13:00:56 184343 36092
13:01:57 126160 25651
13:02:57 242754 48071
13:03:57 467562 46861
13:04:57 356152 30777
13:05:58 222177 45013
13:06:58 324159 59679
13:07:58 664560 62269
13:08:58 210284 26043
13:09:58 1075763 48855
13:10:59 845756 84842
13:11:59 373817 45769
13:12:59 111182 27092
13:13:59 62647 69647
13:14:59 948976 73110
13:16:00 274275 88182
13:17:00 559689 52369
13:18:00 1084970 53437
13:19:00 335462 27320
13:20:00 542071 51068
13:21:01 190915 26232
13:22:01 244081 45257
13:23:02 253366 106954
13:24:02 910325 87915
13:25:02 71677 456450
13:26:02 388553 33843
13:27:03 1024258 115047
13:28:03 559575 71617
13:29:03 612777 45332
13:30:03 693978 58392
13:31:04 1019629 52766
13:32:04 629834 78443
13:33:05 614078 85891
13:34:05 1021880 262000
13:35:05 815061 51239
13:36:05 209297 50306
13:37:05 1086497 70834
13:38:06 1041682 68953
13:39:06 926988 599298
13:40:06 471616 47671
13:41:06 937724 77187
13:42:07 939318 78348
13:43:08 854419 85592
13:44:08 613119 66792
13:45:08 154852 41712
13:46:08 763936 63223
13:47:09 1079671 105730
13:48:09 1075932 67004
13:49:09 165570 81188
13:50:10 238928 39379
13:51:10 1042790 105080
13:52:11 312026 47030
13:53:12 261591 74987
13:54:12 778659 114510
13:55:12 1043943 65153
13:56:12 266386 36397
13:57:12 689047 104914
13:58:13 413753 48612
13:59:13 569726 80753
14:00:13 857717 60848
14:01:13 382635 58944
14:02:14 517406 66884
14:03:14 819085 87383
14:04:14 278361 945468
14:05:14 697603 70948
14:06:14 1075261 131681
14:07:15 808063 106284
14:08:15 -1 -1
14:09:16 1069507 133697
14:10:16 1083634 130695
14:11:17 607250 101376
14:12:17 741454 88604
14:13:21 1099601 105205
14:14:18 1039046 69997
14:15:19 357929 105391
14:16:19 631233 120890
14:17:19 931873 70919
14:18:19 408604 144482
14:19:20 257393 225891
14:20:20 927091 303342
14:21:20 128330 26510
14:22:20 895388 387627
14:23:20 1106485 139170
14:24:22 429998 79730
14:25:22 1057215 173259
14:26:22 1211771 83138
14:27:23 957430 103737
14:28:23 697711 61559
14:29:23 1085848 77151
14:30:23 989277 155359
14:31:24 746467 75122
14:32:24 792895 77576
14:33:24 718235 81658
14:34:25 885165 87914
14:35:25 1149965 105571
14:36:26 454811 63722
14:37:26 797549 116081
14:38:27 158029 41304
14:39:27 459733 58604
14:40:27 935046 83458
14:41:28 511619 112223
14:42:28 792965 113729
14:43:29 829885 82648
14:44:30 266655 67668
14:45:31 464725 54595
14:46:31 712701 100331
14:47:31 1163754 144816
14:48:32 1121458 105865
14:49:32 300757 260882
14:50:32 1097497 119633
14:51:33 966461 102226
14:52:33 658184 90333
14:53:34 1078356 92598
14:54:34 1082643 105167
14:55:34 451744 137493
14:56:34 627976 118701
14:57:34 552453 85000
14:58:35 697712 106807
14:59:38 678777 90933
15:00:35 537555 105983
15:01:35 825269 120264
15:02:36 1227286 112778
15:03:36 679303 168318
15:04:36 1160797 73997
15:05:36 602398 124561
15:06:37 493944 51619
15:07:37 446630 57838
15:08:40 605128 123404
15:09:37 1085650 88981
15:10:37 1137161 99971
15:11:38 331798 60773
15:12:39 680794 67827
15:13:39 548024 58922
15:14:39 325622 51212
15:15:40 410446 93126
15:16:40 1102032 195483
15:17:40 614953 125763
15:18:41 1141794 99094
15:19:41 521464 85929
15:20:41 1102645 125476
15:21:41 551360 51881
15:22:41 1098011 87308
15:23:42 1086489 96021
15:24:42 1099542 133206
15:25:42 1106694 70891
15:26:42 1084274 71275
15:27:42 1111005 141239
15:28:45 320239 75165
15:29:43 826685 94299
15:30:43 375602 65765
15:31:44 1081511 60372
15:32:44 453618 66285
15:33:44 536977 63988
15:34:44 1151028 81459
15:35:44 1096699 75763
15:36:45 987767 80408
15:37:48 2907282 168023
15:38:45 849179 192429
15:39:45 825117 81829
15:40:45 620191 94988
15:41:46 921613 85933
15:42:49 218691 41352
15:43:46 673411 75585
15:44:46 180505 35811
15:45:47 176704 39192
15:46:47 862963 89550
15:47:47 1125101 73473
15:48:47 1123944 122083
15:49:48 579151 92814
15:50:48 1059489 117735
15:51:48 1029443 122175
15:52:49 785938 107123
15:53:49 571713 64580
15:54:49 1121648 112258
15:55:49 825688 77016
15:56:49 1082828 87513
15:57:50 606635 163644
15:58:50 991060 136295
15:59:50 968386 113203
16:00:50 962912 108046
16:01:51 871575 103891
16:02:51 532451 48779
16:03:51 707247 65272
16:04:51 1155920 112476
16:05:51 2825557 121017
16:06:52 2965313 244205
16:07:52 718210 76987
16:08:52 307248 38487
16:09:52 491046 78683
16:10:53 423309 228194
16:11:53 1097317 129445
16:12:53 1069468 83619
16:13:53 557956 57695
16:14:54 1171913 135456
16:15:54 1083343 107913
16:16:54 1054668 195046
16:17:54 594420 106870
16:18:55 1073803 114853
16:19:55 826287 103734
16:20:55 1130228 116234
16:21:55 1121508 120851
16:22:55 586110 103600
16:23:56 144102 21423
16:24:56 475906 63028
16:25:56 1109157 300847
16:26:56 1078886 276620
16:27:57 864882 92811
16:28:57 592937 40604
16:29:57 294771 81400
16:30:57 1275715 132500
16:31:58 802289 91495
16:32:58 942636 92235
16:33:59 1101458 114122
16:34:59 1127804 136436
16:35:59 650746 116313
16:36:59 1079661 113575
16:38:00 350204 94698
16:39:00 527556 59566
16:40:00 466180 66500
16:41:00 875664 90371
16:42:01 1118152 76729
16:43:01 880360 106820
16:44:01 456680 124839
16:45:01 765755 96047
16:46:01 852029 102202
16:47:01 787707 85130
16:48:02 189662 38881
16:49:02 547818 97063
16:50:02 363529 59609
16:51:02 707118 56841
16:52:02 4803801 168384
16:53:03 1487932 70841
16:54:03 1362087 88335
16:55:04 893433 89431
16:56:04 1685244 70650
16:57:04 1141340 108900
16:58:04 1044141 103401
16:59:04 -1 -1
17:00:05 817821 59906
17:01:05 1153804 105569
17:02:05 588282 69536
17:03:09 1090242 95618
17:04:06 416688 57326
17:05:06 937694 69627
17:06:07 388769 50656
17:07:07 846041 97531
17:08:07 586393 84418
17:09:07 551226 73341
17:10:07 1808783 95362
17:11:08 660000 85471
17:12:08 526852 107973
17:13:08 741491 98883
17:14:08 1078765 99659
17:15:09 319915 42980
17:16:09 -4293992671 103455
17:17:09 673388 64918
17:18:09 178430 82242
17:19:10 787180 94086
17:20:11 846682 81460
17:21:11 802681 154226
17:22:11 1194710 80356
17:23:11 717010 95544
17:24:11 938996 82466
17:25:11 976565 173714
17:26:12 885950 96535
17:27:12 799113 124360
17:28:12 456753 79990
17:29:13 645698 78013
17:30:13 394760 90262
17:31:13 759026 85048
17:32:13 1116623 109452
17:33:14 1136587 104041
17:34:14 1023595 113669
17:35:14 1108635 103956
17:36:14 666359 73757
17:37:15 492374 63444
17:38:14 -1 -1
17:39:16 564330 60457
17:40:16 1135131 105290
17:41:16 818397 82888
17:42:16 627686 53224
17:43:17 1709058 188663
17:44:18 5773435 157479
17:45:18 795741 69058
17:46:18 336490 75807
17:47:19 467230 80379
17:48:19 584156 46748
17:49:19 452254 66387
17:50:19 242297 40703
17:51:20 304087 44440
17:52:20 463569 55617
17:53:20 1082541 250626
17:54:20 1141430 98516
17:55:21 1130274 95448
17:56:21 1132884 107171
17:57:21 1120796 76272
17:58:21 1092009 71873
17:59:22 1127663 99176
18:00:22 526807 95505
18:01:22 695864 103611
18:02:22 403348 35880
18:03:23 2598206 116230
18:04:23 1086568 76455
18:05:23 296640 90441
18:06:23 586913 85351
18:07:23 106842 18025
18:08:24 487595 73758
18:09:24 611904 64144
18:10:24 663112 52450
18:11:25 273023 51322
18:12:25 309078 34646
18:13:25 299074 40152
18:14:26 993162 56032
18:15:26 1107776 81025
18:16:26 1080791 165398
18:17:26 406605 61861
18:18:27 259894 37628
18:19:27 321984 34417
18:20:27 587742 70824
18:21:27 130659 24634
18:22:28 575353 60129
18:23:29 280251 30543
18:24:29 284826 34652
18:25:29 263680 45504
18:26:30 400425 39779
18:27:30 542879 47134
18:28:31 577814 70225
18:29:31 299837 82509
18:30:31 926427 78808
18:31:32 514480 95845
18:32:32 441169 80977
18:33:32 854055 202238
18:34:32 327534 44520
18:35:32 301615 78060
18:36:33 1096720 82558
18:37:33 269763 56333
18:38:33 587588 48568
18:39:34 308986 97396
18:40:34 734306 65196
18:41:34 561810 99669
18:42:34 347949 37629
18:43:34 232431 60935
18:44:35 242054 51877
18:45:35 262514 24634
18:46:35 450464 28217
18:47:35 645446 50716
18:48:35 256711 49279
18:49:36 765238 64208
18:50:36 451912 37059
18:51:36 874460 90025
18:52:36 852459 96687
18:53:37 313376 48191
18:54:37 489279 50776
18:55:37 134090 23908
18:56:37 593893 38195
18:57:38 246698 41960
18:58:38 362064 39029
18:59:38 203371 25019
19:00:38 330545 38699
19:01:38 456449 57589
19:02:39 331520 43107
19:03:39 609808 37463
19:04:39 310130 31357
19:05:39 359013 39362
19:06:40 237695 33694
19:07:40 167972 20966
19:08:40 202077 30057
19:09:40 332266 54841
19:10:40 88576 25384
19:11:41 400626 46226
19:12:41 105698 22733
19:13:41 977077 50706
19:14:42 432943 50286
19:15:42 608963 56414
19:16:42 1085427 51484
19:17:42 226481 37366
19:18:42 233005 33496
19:19:42 104698 25257
19:20:43 524913 73455
19:21:43 419728 36089
19:22:43 685419 64248
19:23:44 718417 74527
19:24:44 236466 34207
19:25:44 562072 65641
19:26:44 79635 22483
19:27:44 277185 35617
19:28:44 169604 43063
19:29:45 754193 45388
19:30:45 822223 56301
19:31:45 304331 32190
19:32:45 717732 73608
19:33:47 265940 339818
19:34:47 346492 37649
19:35:47 92061 21701
19:36:48 452263 53133
19:37:48 301699 43256
19:38:48 1118551 83051
19:39:48 276323 46569
19:40:48 269923 44254
19:41:49 461679 36482
19:42:49 49219 19406
19:43:49 315035 34381
19:44:49 664512 76730
19:45:49 478046 56531
19:46:50 351584 165082
19:47:50 190018 39513
19:48:50 598863 64840
19:49:50 594559 39258
19:50:51 328979 31679
19:51:51 434584 39863
19:52:51 371515 49626
19:53:51 242054 55690
19:54:51 237408 42663
19:55:51 213284 83006
19:56:52 745816 64052
19:57:52 445997 38481
19:58:52 477835 50059
19:59:53 485676 38833
20:00:53 238800 41382
20:01:53 771907 69838
20:02:53 1013210 48609
20:03:53 834735 71892
20:04:53 827169 51893
20:05:54 353891 40369
20:06:54 566481 82494
20:07:54 85117 118540
20:08:54 476624 58536
20:09:55 364282 55500
20:10:55 374799 33396
20:11:55 211169 34904
20:12:55 164163 74111
20:13:55 139547 29793
20:14:56 548039 62586
20:15:56 903432 42718
20:16:56 383834 35354
20:17:56 304083 80200
20:18:57 125284 16000
20:19:57 290144 20562
20:20:57 468297 71682
20:21:57 245253 29929
20:22:57 684998 51583
20:23:58 191701 34979
20:24:58 418591 57826
20:25:58 492793 45834
20:26:59 319507 83751
20:27:59 136778 66947
20:28:59 158752 33435
20:29:59 389192 26292
20:30:59 195986 34017
20:32:00 424247 55762
20:33:00 224213 48769
20:34:00 504215 74100
20:35:00 546333 43527
20:36:00 232075 70475
20:37:01 67412 21019
20:38:01 571148 55589
20:39:01 626111 68369
20:40:01 281917 51632
20:41:01 121943 28158
20:42:02 373137 58322
20:43:02 405448 43182
20:44:02 277436 42068
20:45:02 487595 67235
20:46:02 872862 51578
20:47:03 231787 27748
20:48:03 226105 29988
20:49:03 1022721 62567
20:50:03 250386 31416
20:51:03 169880 68377
20:52:04 915921 57908
20:53:04 515227 45767
20:54:04 359620 75181
20:55:04 1115747 280858
20:56:04 328467 45131
20:57:05 317734 60335
20:58:05 477835 97737
20:59:05 183417 23408
21:00:05 261077 32189
21:01:06 144376 26696
21:02:06 391659 53139
21:03:06 548246 59443
21:04:06 186286 85247
21:05:06 718727 36373
21:06:07 328266 480995
21:07:07 633027 72899
21:08:07 220337 44651
21:09:07 408594 38273
21:10:07 353811 34488
21:11:07 265706 55039
21:12:08 480692 49658
21:13:08 397957 58492
21:14:08 569500 98756
21:15:08 458727 69882
21:16:09 728576 68683
21:17:09 203638 68953
21:18:09 435016 56711
21:19:09 406011 84839
21:20:10 514521 84805
21:21:10 509968 107741
21:22:10 537996 99349
21:23:10 309371 54491
21:24:11 236453 75842
21:25:11 233549 24676
21:26:11 119336 20351
21:27:11 115864 19729
21:28:12 366537 52289
21:29:12 489646 115027
21:30:12 260092 87023
21:31:12 394401 93168
21:32:12 602229 86859
21:33:13 595562 70970
21:34:13 595118 107751
21:35:13 217512 38831
21:36:13 519034 95694
21:37:14 1031924 157267
21:38:14 391580 62410
21:39:14 158157 109509
21:40:14 247055 51826
21:41:14 724218 101146
21:42:15 696151 114732
21:43:15 1045986 94932
21:44:15 729651 88403
21:45:15 506994 48356
21:46:16 507002 61588
21:47:16 343639 69634
21:48:16 380086 33650
21:49:16 416061 85702
21:50:17 281974 67240
21:51:17 219097 70055
21:52:17 169148 20811
21:53:17 262893 20853
21:54:18 145319 44427
21:55:18 214315 29312
21:56:18 221438 39210
21:57:18 354375 49367
21:58:18 552550 46956
21:59:19 837062 48341
22:00:19 1095139 70860
22:01:19 1073247 58560
22:02:19 1102110 78227
22:03:20 941942 63679
22:04:20 945106 78064
22:05:20 408997 46158
22:06:21 297847 37658
22:07:21 481101 48199
22:08:21 374081 43891
22:09:21 363843 61497
22:10:21 197436 53635
22:11:22 617241 138745
22:12:22 492063 53145
22:13:22 236185 48448
22:14:22 247454 55724
22:15:23 1080247 85835
22:16:23 427528 46689
22:17:23 98731 21476
22:18:23 664011 65242
22:19:24 877527 323298
22:20:24 474709 39807
22:21:24 287843 39983
22:22:24 388729 75643
22:23:25 495326 57860
22:24:25 285167 41277
22:25:25 313574 51752
22:26:25 321350 36923
22:27:26 1023148 132901
22:28:26 307195 58781
22:29:26 507875 36018
22:30:26 252725 42987
22:31:27 935443 66740
22:32:27 1391402 57699
22:33:27 495897 84207
22:34:27 395068 35668
22:35:28 317344 106277
22:36:28 333876 53500
22:37:28 143732 25665
22:38:28 241417 136107
22:39:29 194162 48368
22:40:29 255055 25250
22:41:29 453278 41321
22:42:30 256757 29048
22:43:30 448932 35278
22:44:30 454884 27545
22:45:30 951946 82124
22:46:31 284343 59542
22:47:31 302344 22960
22:48:31 731359 74595
22:49:31 439577 56712
22:50:32 93765 23348
22:51:32 285947 57324
22:52:32 649022 56028
22:53:32 253853 21963
22:54:33 226184 45974
22:55:36 191237 35540
22:56:33 376936 37601
22:57:33 163854 17552
22:58:34 296155 30985
22:59:34 389041 94521
23:00:34 311243 37072
23:01:34 780362 140884
23:02:35 284816 26625
23:03:35 510348 58433
23:04:35 108211 46126
23:05:36 434982 64265
23:06:36 328071 60153
23:07:36 188560 17472
23:08:36 331546 44413
23:09:37 102715 30021
23:10:37 729005 58517
23:11:37 417331 64715
23:12:37 147521 20470
23:13:38 600099 129675
23:14:38 242359 22286
23:15:38 457903 106709
23:16:38 343130 39302
23:17:39 284684 33583
23:18:39 440731 48590
23:19:39 416667 27398
23:20:40 332376 46583
23:21:40 107411 26383
23:22:40 351862 32033
23:23:40 124212 47504
23:24:41 408045 33078
23:25:41 142987 23855
23:26:41 677332 41884
23:27:41 180752 33399
23:28:42 219544 19519
23:29:42 542916 33295
23:30:42 494824 53090
23:31:42 458020 52317
23:32:43 591466 33694
23:33:43 942953 112086
23:34:43 586138 59059
23:35:43 824399 54879
23:36:44 163126 27670
23:37:44 140500 35176
23:38:44 486399 70794
23:39:45 383217 12853
23:40:45 107882 20724
23:41:45 152116 13031
23:42:46 271392 46102
23:43:46 49813 20927
23:44:46 355836 67496
23:45:47 417544 58092
23:46:47 113512 19199
23:47:48 70582 17022
23:48:48 198906 15429
23:49:49 422355 104036
23:50:50 1088263 64579
23:51:50 257785 43976
23:52:51 223573 32045
23:53:52 159810 16348
23:54:53 471032 78032
23:55:53 489149 34147
23:56:54 669072 42220
23:57:55 555797 71399
23:58:55 257676 103809
23:59:55 422763 28048
