00:00:30 4 0 33
00:00:39 4 0 33
00:01:39 4 0 34
00:02:13 4 0 34
00:02:38 4 0 33
00:02:57 4 0 33
00:03:24 4 0 34
00:03:46 4 0 34
00:04:18 4 0 34
00:04:48 4 0 33
00:05:18 4 0 34
00:05:57 4 0 33
00:06:23 4 0 34
00:06:54 4 0 34
00:07:28 4 0 33
00:07:57 4 0 34
00:08:27 4 0 34
02:00:06 4 0 34
02:00:37 4 0 26
02:01:07 4 0 34
02:01:37 4 0 34
02:02:07 4 0 34
02:02:37 4 0 35
02:03:08 4 0 34
02:03:38 4 0 34
02:04:08 4 0 34
02:04:38 4 0 26
02:05:09 4 0 33
02:05:39 4 0 34
02:06:09 4 0 35
02:06:39 4 0 34
02:07:10 4 0 34
02:07:40 4 0 35
02:08:10 4 0 34
02:08:40 4 0 34
02:09:10 4 0 34
02:09:40 4 0 34
02:10:11 4 0 35
02:10:41 4 0 35
02:11:11 4 0 35
02:11:41 4 0 34
02:12:12 4 0 35
02:12:42 4 0 34
02:13:12 4 0 34
02:13:42 4 0 33
02:14:12 4 0 34
02:14:43 4 0 34
02:15:13 4 0 34
02:15:43 4 0 33
02:16:13 4 0 34
02:16:43 4 0 34
02:17:14 4 0 34
02:17:44 4 0 38
02:18:14 4 0 34
02:18:44 4 0 35
02:19:15 4 0 33
02:19:45 4 0 34
02:20:15 4 0 34
02:20:45 4 0 35
02:21:16 4 0 34
02:21:46 4 0 34
02:22:16 4 0 34
02:22:46 4 0 33
02:23:16 4 0 35
02:23:46 4 0 33
02:24:17 4 0 36
02:24:47 4 0 34
02:25:17 4 0 35
02:25:47 4 0 33
02:26:18 4 0 34
02:26:48 4 0 35
02:27:18 4 0 35
02:27:48 4 0 35
02:28:18 4 0 34
02:28:49 4 0 34
02:29:19 4 0 34
02:29:49 4 0 34
02:30:19 4 0 35
02:30:49 4 0 35
02:31:20 4 0 35
02:31:50 4 0 40
02:32:20 4 0 34
02:32:50 4 0 34
02:33:21 4 0 33
02:33:51 4 0 35
02:34:21 4 0 34
02:34:51 4 0 33
02:35:21 4 0 34
02:35:51 4 0 34
02:36:22 4 0 34
02:36:52 4 0 34
02:37:22 4 0 34
02:37:52 4 0 34
02:38:22 4 0 34
02:38:53 4 0 34
02:39:23 4 0 33
02:39:53 4 0 34
02:40:23 4 0 34
02:40:53 4 0 34
02:41:24 4 0 34
02:41:54 4 0 33
02:42:24 4 0 34
02:42:54 4 0 34
02:43:24 4 0 35
02:43:55 4 0 34
02:44:25 4 0 34
02:44:55 4 0 34
02:45:25 4 0 34
02:45:55 4 0 34
02:46:26 4 0 35
02:46:56 4 0 34
02:47:26 4 0 34
02:47:56 4 0 34
02:48:26 4 0 35
02:48:57 4 0 34
02:49:27 4 0 33
02:49:57 4 0 34
02:50:27 4 0 34
02:50:57 4 0 34
02:51:28 4 0 34
02:51:58 4 0 34
02:52:28 4 0 34
02:52:58 4 0 35
02:53:28 4 0 34
02:53:59 4 0 33
02:54:29 4 0 34
02:54:59 4 0 42
02:55:29 4 0 34
02:55:59 4 0 34
02:56:30 4 0 33
02:57:00 4 0 33
02:57:30 4 0 35
02:58:00 4 0 34
02:58:30 4 0 34
02:59:01 4 0 34
02:59:31 4 0 34
03:00:01 4 0 34
03:00:31 4 0 35
03:01:01 4 0 33
03:01:32 4 0 38
03:02:02 4 0 34
03:02:32 4 0 33
03:03:02 4 0 35
03:03:32 4 0 34
03:04:03 4 0 34
03:04:33 4 0 33
03:05:03 4 0 34
03:05:33 4 0 34
03:06:04 4 0 33
03:06:34 4 0 34
03:07:04 4 0 33
03:07:36 4 0 37
03:08:06 4 0 37
03:08:37 4 0 33
03:09:07 4 0 33
03:09:37 4 0 33
03:10:07 4 0 33
03:10:38 4 0 34
03:11:08 4 0 34
03:11:38 4 0 34
03:12:08 4 0 33
03:12:38 4 0 33
03:13:08 4 0 34
03:13:39 4 0 34
03:14:09 4 0 34
03:14:39 4 0 33
03:15:09 4 0 34
03:15:39 4 0 33
03:16:09 4 0 34
03:16:40 4 0 34
03:17:10 4 0 34
03:17:40 4 0 34
03:18:10 4 0 33
03:18:40 4 0 33
03:19:10 4 0 33
03:19:41 4 0 33
03:20:11 4 0 34
03:20:41 4 0 33
03:21:11 4 0 34
03:21:41 4 0 33
03:22:11 4 0 34
03:22:42 4 0 33
03:23:12 4 0 33
03:23:42 4 0 33
03:24:12 4 0 33
03:24:42 4 0 33
03:25:12 4 0 33
03:25:43 4 0 34
03:26:13 4 0 33
03:26:43 4 0 33
03:27:13 4 0 34
03:27:43 4 0 33
03:28:13 4 0 33
03:28:44 4 0 34
03:29:14 4 0 34
03:29:44 4 0 33
03:30:14 4 0 33
03:30:44 4 0 33
03:31:14 4 0 33
03:31:45 4 0 35
03:32:15 4 0 33
03:32:45 4 0 33
03:33:15 4 0 33
03:33:45 4 0 33
03:34:15 4 0 34
03:34:46 4 0 34
03:35:16 4 0 34
03:35:46 4 0 34
03:36:16 4 0 34
03:36:46 4 0 33
03:37:16 4 0 33
03:37:47 4 0 33
03:38:17 4 0 33
03:38:47 4 0 33
03:39:17 4 0 33
03:39:47 4 0 34
03:40:18 4 0 33
03:40:48 4 0 33
03:41:18 4 0 33
03:41:48 4 0 34
03:42:18 4 0 34
03:42:49 4 0 33
03:43:19 4 0 33
03:43:49 4 0 34
03:44:19 4 0 33
03:44:49 4 0 33
03:45:19 4 0 33
03:45:50 4 0 34
03:46:20 4 0 34
03:46:50 4 0 33
03:47:20 4 0 34
03:47:50 4 0 32
03:48:20 4 0 32
03:48:51 4 0 32
03:49:21 4 0 33
03:49:51 4 0 34
03:50:21 4 0 34
03:50:51 4 0 34
03:51:21 4 0 33
03:51:52 4 0 34
03:52:22 4 0 33
03:52:52 4 0 33
03:53:22 4 0 33
03:53:52 4 0 33
03:54:22 4 0 33
03:54:53 4 0 35
03:55:23 4 0 33
03:55:53 4 0 33
03:56:23 4 0 34
03:56:53 4 0 34
03:57:23 4 0 33
03:57:54 4 0 33
03:58:24 4 0 34
03:58:54 4 0 34
03:59:24 4 0 33
03:59:54 4 0 34
04:00:24 4 0 33
04:00:55 4 0 33
04:01:25 4 0 33
04:01:55 4 0 34
04:02:25 4 0 33
04:02:55 4 0 34
04:03:25 4 0 34
04:03:56 4 0 34
04:04:26 4 0 34
04:04:56 4 0 34
04:05:26 4 0 33
04:05:56 4 0 33
04:06:26 4 0 33
04:06:57 4 0 34
04:07:27 4 0 33
04:07:57 4 0 33
04:08:27 4 0 36
04:08:57 4 0 33
04:09:27 4 0 33
04:09:58 4 0 33
04:10:28 4 0 33
04:10:58 4 0 33
04:11:28 4 0 33
04:11:58 4 0 34
04:12:28 4 0 35
04:12:59 4 0 34
04:13:29 4 0 33
04:13:59 4 0 34
04:14:29 4 0 33
04:14:59 4 0 33
04:15:29 4 0 34
04:16:00 4 0 33
04:16:30 4 0 33
04:17:00 4 0 34
04:17:30 4 0 33
04:18:00 4 0 34
04:18:30 4 0 34
04:19:01 4 0 34
04:19:31 4 0 33
04:20:01 4 0 33
04:20:31 4 0 33
04:21:01 4 0 33
04:21:31 4 0 34
04:22:02 4 0 33
04:22:32 4 0 33
04:23:02 4 0 33
04:23:32 4 0 33
04:24:02 4 0 34
04:24:32 4 0 34
04:25:03 4 0 34
04:25:33 4 0 33
04:26:03 4 0 34
04:26:33 4 0 33
04:27:03 4 0 34
04:27:33 4 0 34
04:28:04 4 0 33
04:28:34 4 0 33
04:29:04 4 0 33
04:29:34 4 0 33
04:30:04 4 0 33
04:30:35 4 0 33
04:31:05 4 0 33
04:31:35 4 0 34
04:32:05 4 0 34
04:32:35 4 0 33
04:33:06 4 0 33
04:33:36 4 0 34
04:34:06 4 0 33
04:34:36 4 0 34
04:35:06 4 0 35
04:35:36 4 0 33
04:36:07 4 0 33
04:36:37 4 0 35
04:37:07 4 0 34
04:37:37 4 0 36
04:38:07 4 0 34
04:38:37 4 0 33
04:39:08 4 0 34
04:39:38 4 0 33
04:40:08 4 0 33
04:40:38 4 0 33
04:41:08 4 0 33
04:41:38 4 0 34
04:42:09 4 0 34
04:42:39 4 0 33
04:43:09 4 0 33
04:43:39 4 0 33
04:44:10 4 0 33
04:44:40 4 0 34
04:45:10 4 0 33
04:45:40 4 0 33
04:46:10 4 0 33
04:46:40 4 0 33
04:47:11 4 0 33
04:47:41 4 0 33
04:48:11 4 0 34
04:48:41 4 0 36
04:49:11 4 0 34
04:49:41 4 0 33
04:50:11 4 0 33
04:50:42 4 0 34
04:51:12 4 0 33
04:51:42 4 0 33
04:52:12 4 0 34
04:52:42 4 0 33
04:53:13 4 0 33
04:53:43 4 0 34
04:54:13 4 0 34
04:54:43 4 0 34
04:55:13 4 0 34
04:55:43 4 0 33
04:56:14 4 0 34
04:56:44 4 0 33
04:57:14 4 0 34
04:57:44 4 0 33
04:58:14 4 0 33
04:58:44 4 0 33
04:59:15 4 0 33
04:59:45 4 0 33
05:00:15 4 0 34
05:00:45 4 0 33
05:01:15 4 0 33
05:01:45 4 0 34
05:02:16 4 0 34
05:02:46 4 0 33
05:03:16 4 0 33
05:03:46 4 0 33
05:04:16 4 0 33
05:04:46 4 0 34
05:05:17 4 0 33
05:05:47 4 0 33
05:06:17 4 0 33
05:06:47 4 0 33
05:07:17 4 0 35
05:07:47 4 0 33
05:08:18 4 0 65
05:08:48 4 0 34
05:09:18 4 0 34
05:09:48 4 0 33
05:10:18 4 0 34
05:10:48 4 0 35
05:11:19 4 0 33
05:11:49 4 0 33
05:12:19 4 0 34
05:12:49 4 0 34
05:13:19 4 0 33
05:13:49 4 0 34
05:14:20 4 0 33
05:14:50 4 0 34
05:15:20 4 0 35
05:15:50 4 0 34
05:16:20 4 0 34
05:16:51 4 0 33
05:17:21 4 0 33
05:17:51 4 0 33
05:18:21 4 0 34
05:18:51 4 0 33
05:19:22 4 0 33
05:19:52 4 0 35
05:20:22 4 0 54
05:20:52 4 0 34
05:21:22 4 0 33
05:21:52 4 0 33
05:22:23 4 0 34
05:22:53 4 0 34
05:23:23 4 0 33
05:23:53 4 0 51
05:24:23 4 0 33
05:24:53 4 0 34
05:25:24 4 0 33
05:25:54 4 0 33
05:26:24 4 0 34
05:26:54 4 0 34
05:27:24 4 0 33
05:27:54 4 0 34
05:28:25 4 0 34
05:28:55 4 0 34
05:29:25 4 0 33
05:29:55 4 0 33
05:30:25 4 0 33
05:30:56 4 0 34
05:31:26 4 0 33
05:31:56 4 0 33
05:32:26 4 0 34
05:32:56 4 0 33
05:33:26 4 0 33
05:33:56 4 0 34
05:34:27 4 0 34
05:34:57 4 0 33
05:35:27 4 0 33
05:35:57 4 0 34
05:36:27 4 0 34
05:36:57 4 0 33
05:37:28 4 0 33
05:37:58 4 0 33
05:38:28 4 0 33
05:38:58 4 0 34
05:39:28 4 0 36
05:39:58 4 0 33
05:40:29 4 0 33
05:40:59 4 0 33
05:41:29 4 0 34
05:41:59 4 0 33
05:42:30 4 0 34
05:43:00 4 0 34
05:43:30 4 0 33
05:44:00 4 0 34
05:44:30 4 0 34
05:45:00 4 0 33
05:45:31 4 0 34
05:46:01 4 0 33
05:46:31 4 0 33
05:47:01 4 0 33
05:47:31 4 0 34
05:48:01 4 0 33
05:48:32 4 0 33
05:49:02 4 0 33
05:49:32 4 0 33
05:50:02 4 0 33
05:50:32 4 0 34
05:51:02 4 0 33
05:51:33 4 0 33
05:52:03 4 0 35
05:52:33 4 0 34
05:53:03 4 0 33
05:53:33 4 0 33
05:54:03 4 0 33
05:54:34 4 0 33
05:55:04 4 0 33
05:55:34 4 0 33
05:56:04 4 0 34
05:56:34 4 0 33
05:57:04 4 0 33
05:57:35 4 0 34
05:58:05 4 0 33
05:58:35 4 0 33
05:59:05 4 0 33
05:59:36 4 0 34
06:00:06 4 0 33
06:00:36 4 0 33
06:01:06 4 0 34
06:01:36 4 0 33
06:02:06 4 0 34
06:02:37 4 0 33
06:03:07 4 0 33
06:03:37 4 0 34
06:04:07 4 0 33
06:04:38 4 0 33
06:05:08 4 0 33
06:05:38 4 0 33
06:06:08 4 0 33
06:06:38 4 0 34
06:07:08 4 0 33
06:07:39 4 0 34
06:08:09 4 0 33
06:08:39 4 0 33
06:09:09 4 0 34
06:09:39 4 0 34
06:10:10 4 0 33
06:10:40 4 0 33
06:11:10 4 0 33
06:11:40 4 0 33
06:12:10 4 0 33
06:12:41 4 0 34
06:13:11 4 0 34
06:13:41 4 0 33
06:14:11 4 0 33
06:14:41 4 0 33
06:15:11 4 0 35
06:15:42 4 0 33
06:16:12 4 0 33
06:16:42 4 0 32
06:17:12 4 0 32
06:17:42 4 0 32
06:18:12 4 0 34
06:18:43 4 0 33
06:19:13 4 0 33
06:19:43 4 0 33
06:20:13 4 0 34
06:20:43 4 0 34
06:21:13 4 0 33
06:21:44 4 0 34
06:22:14 4 0 33
06:22:44 4 0 33
06:23:14 4 0 33
06:23:44 4 0 34
06:24:14 4 0 33
06:24:45 4 0 33
06:25:15 4 0 33
06:25:45 4 0 33
06:26:15 4 0 33
06:26:45 4 0 33
06:27:16 4 0 64
06:27:46 4 0 34
06:28:16 4 0 33
06:28:46 4 0 41
06:29:16 4 0 34
06:29:46 4 0 33
06:30:17 4 0 34
06:30:47 4 0 33
06:31:17 4 0 34
06:31:47 4 0 33
06:32:17 4 0 33
06:32:48 4 0 33
06:33:18 4 0 33
06:33:48 4 0 34
06:34:18 4 0 34
06:34:48 4 0 33
06:35:18 4 0 33
06:35:48 4 0 33
06:36:19 4 0 33
06:36:49 4 0 34
06:37:19 4 0 34
06:37:49 4 0 33
06:38:19 4 0 33
06:38:50 4 0 33
06:39:20 4 0 33
06:39:50 4 0 33
06:40:20 4 0 34
06:40:50 4 0 33
06:41:20 4 0 33
06:41:51 4 0 34
06:42:21 4 0 34
06:42:51 4 0 33
06:43:21 4 0 34
06:43:51 4 0 33
06:44:21 4 0 33
06:44:52 4 0 34
06:45:22 4 0 34
06:45:52 4 0 33
06:46:22 4 0 34
06:46:52 4 0 33
06:47:22 4 0 33
06:47:53 4 0 34
06:48:23 4 0 33
06:48:53 4 0 33
06:49:23 4 0 34
06:49:53 4 0 33
06:50:23 4 0 33
06:50:54 4 0 34
06:51:24 4 0 33
06:51:54 4 0 33
06:52:24 4 0 33
06:52:54 4 0 33
06:53:24 4 0 33
06:53:55 4 0 33
06:54:25 4 0 33
06:54:55 4 0 33
06:55:25 4 0 33
06:55:55 4 0 34
06:56:25 4 0 33
06:56:56 4 0 33
06:57:26 4 0 34
06:57:56 4 0 33
06:58:26 4 0 33
06:58:56 4 0 33
06:59:26 4 0 33
06:59:56 4 0 34
07:00:27 4 0 34
07:00:57 4 0 33
07:01:27 4 0 33
07:01:57 4 0 34
07:02:27 4 0 33
07:02:58 4 0 34
07:03:28 4 0 34
07:03:58 4 0 33
07:04:28 4 0 33
07:04:58 4 0 34
07:05:28 4 0 33
07:05:59 4 0 33
07:06:29 4 0 34
07:06:59 4 0 34
07:07:29 4 0 34
07:07:59 4 0 33
07:08:29 4 0 34
07:08:59 4 0 34
07:09:30 4 0 33
07:10:00 4 0 33
07:10:30 4 0 34
07:11:00 4 0 33
07:11:30 4 0 33
07:12:01 4 0 34
07:12:31 4 0 33
07:13:01 4 0 33
07:13:31 4 0 33
07:14:01 4 0 33
07:14:31 4 0 34
07:15:01 4 0 34
07:15:32 4 0 34
07:16:02 4 0 33
07:16:32 4 0 34
07:17:02 4 0 34
07:17:32 4 0 33
07:18:03 4 0 33
07:18:33 4 0 33
07:19:03 4 0 33
07:19:33 4 0 33
07:20:03 4 0 34
07:20:33 4 0 33
07:21:04 4 0 34
07:21:34 4 0 34
07:22:04 4 0 33
07:22:34 4 0 34
07:23:04 4 0 34
07:23:34 4 0 33
07:24:05 4 0 33
07:24:35 4 0 34
07:25:05 4 0 35
07:25:35 4 0 33
07:26:06 4 0 34
07:26:36 4 0 34
07:27:07 4 0 33
07:27:37 4 0 33
07:28:07 4 0 34
07:28:37 4 0 34
07:29:07 4 0 33
07:29:37 4 0 34
07:30:08 4 0 34
07:30:38 4 0 47
07:31:08 4 0 34
07:31:38 4 0 33
07:32:09 4 0 33
07:32:39 4 0 33
07:33:09 4 0 33
07:33:39 4 0 33
07:34:09 4 0 33
07:34:40 4 0 33
07:35:10 4 0 34
07:35:40 4 0 33
07:36:11 4 0 33
07:36:41 4 0 35
07:37:11 4 0 34
07:37:41 4 0 33
07:38:12 4 0 33
07:38:42 4 0 35
07:39:12 4 0 33
07:39:42 4 0 33
07:40:12 4 0 34
07:40:42 4 0 33
07:41:13 4 0 34
07:41:43 4 0 34
07:42:13 4 0 34
07:42:43 4 0 34
07:43:13 4 0 33
07:43:43 4 0 36
07:44:13 4 0 33
07:44:44 4 0 33
07:45:14 4 0 34
07:45:44 4 0 34
07:46:14 4 0 33
07:46:44 4 0 34
07:47:14 4 0 33
07:47:44 4 0 33
07:48:15 4 0 34
07:48:45 4 0 33
07:49:15 4 0 33
07:49:45 4 0 34
07:50:15 4 0 34
07:50:45 4 0 34
07:51:16 4 0 34
07:51:46 4 0 35
07:52:16 4 0 34
07:52:46 4 0 34
07:53:16 4 0 33
07:53:46 4 0 34
07:54:17 4 0 34
07:54:47 4 0 34
07:55:17 4 0 33
07:55:47 4 0 34
07:56:17 4 0 34
07:56:47 4 0 33
07:57:18 4 0 34
07:57:48 4 0 34
07:58:18 4 0 34
07:58:48 4 0 33
07:59:18 4 0 33
07:59:48 4 0 33
08:00:18 4 0 34
08:00:49 4 0 33
08:01:19 4 0 34
08:01:49 4 0 33
08:02:19 4 0 33
08:02:49 4 0 34
08:03:19 4 0 33
08:03:50 4 0 34
08:04:20 4 0 33
08:04:50 4 0 33
08:05:20 4 0 34
08:05:50 4 0 33
08:06:20 4 0 34
08:06:50 4 0 34
08:07:21 4 0 33
08:07:51 4 0 35
08:08:21 4 0 33
08:08:51 4 0 33
08:09:21 4 0 34
08:09:51 4 0 34
08:10:21 4 0 36
08:10:52 4 0 34
08:11:22 4 0 33
08:11:52 4 0 33
08:12:22 4 0 33
08:12:52 4 0 34
08:13:22 4 0 33
08:13:53 4 0 33
08:14:23 4 0 33
08:14:53 4 0 34
08:15:23 4 0 33
08:15:53 4 0 33
08:16:23 4 0 33
08:16:53 4 0 33
08:17:24 4 0 34
08:17:54 4 0 33
08:18:24 4 0 34
08:18:54 4 0 33
08:19:24 4 0 33
08:19:55 4 0 33
08:20:25 4 0 33
08:20:55 4 0 36
08:21:25 4 0 33
08:21:55 4 0 33
08:22:26 4 0 33
08:22:56 4 0 33
08:23:26 4 0 34
08:23:56 4 0 33
08:24:27 4 0 34
08:24:57 4 0 34
08:25:27 4 0 34
08:25:57 4 0 34
08:26:27 4 0 33
08:26:57 4 0 33
08:27:28 4 0 33
08:27:58 4 0 34
08:28:28 4 0 34
08:28:58 4 0 34
08:29:28 4 0 33
08:29:58 4 0 33
08:30:29 4 0 34
08:30:59 4 0 33
08:31:29 4 0 34
08:31:59 4 0 36
08:32:29 4 0 33
08:32:59 4 0 38
08:33:30 4 0 33
08:34:00 4 0 33
08:34:30 4 0 33
08:35:00 4 0 34
08:35:30 4 0 33
08:36:00 4 0 34
08:36:30 4 0 33
08:37:01 4 0 33
08:37:31 4 0 33
08:38:01 4 0 34
08:38:31 4 0 33
08:39:01 4 0 33
08:39:31 4 0 33
08:40:01 4 0 33
08:40:32 4 0 34
08:41:02 4 0 33
08:41:32 4 0 33
08:42:02 4 0 33
08:42:33 4 0 34
08:43:04 4 0 33
08:43:34 4 0 34
08:44:04 4 0 33
08:44:34 4 0 33
08:45:04 4 0 34
08:45:35 4 0 33
08:46:05 4 0 34
08:46:35 4 0 34
08:47:05 4 0 34
08:47:35 4 0 33
08:48:05 4 0 35
08:48:36 4 0 34
08:49:06 4 0 34
08:49:36 4 0 34
08:50:06 4 0 34
08:50:36 4 0 34
08:51:06 4 0 33
08:51:37 4 0 33
08:52:07 4 0 33
08:52:37 4 0 34
08:53:07 4 0 33
08:53:37 4 0 34
08:54:07 4 0 33
08:54:38 4 0 34
08:55:08 4 0 33
08:55:39 4 0 36
08:56:09 4 0 33
08:56:39 4 0 34
08:57:09 4 0 34
08:57:39 4 0 34
08:58:11 4 0 33
08:58:41 4 0 33
08:59:11 4 0 34
08:59:41 4 0 34
09:00:11 4 0 33
09:00:42 4 0 49
09:01:12 4 0 33
09:01:42 4 0 35
09:02:12 4 0 34
09:02:42 4 0 34
09:03:13 3 1 84
09:03:42 4 0 33
09:04:12 4 0 33
09:04:43 4 0 33
09:05:13 4 0 33
09:05:43 4 0 34
09:06:13 4 0 33
09:06:43 4 0 36
09:07:13 4 0 34
09:07:43 4 0 33
09:08:14 4 0 52
09:08:44 4 0 33
09:09:14 4 0 34
09:09:44 4 0 33
09:10:14 4 0 33
09:10:44 4 0 35
09:11:14 4 0 34
09:11:44 4 0 34
09:12:14 4 0 33
09:12:45 4 0 33
09:13:15 4 0 33
09:13:45 4 0 43
09:14:15 4 0 33
09:14:45 4 0 33
09:15:15 4 0 33
09:15:45 4 0 33
09:16:16 4 0 71
09:16:46 4 0 33
09:17:16 4 0 33
09:17:46 4 0 34
09:18:17 4 0 33
09:18:48 4 0 33
09:19:18 4 0 33
09:19:48 4 0 33
09:20:18 4 0 33
09:20:48 4 0 34
09:21:18 4 0 33
09:21:48 4 0 34
09:22:19 4 0 36
09:22:49 4 0 33
09:23:19 4 0 34
09:23:49 4 0 33
09:24:19 4 0 33
09:24:49 4 0 33
09:25:19 4 0 34
09:25:50 4 0 34
09:26:20 4 0 34
09:26:50 4 0 33
09:27:20 4 0 33
09:27:50 4 0 33
09:28:20 4 0 34
09:28:50 4 0 33
09:29:20 4 0 34
09:29:51 4 0 33
09:30:21 4 0 34
09:30:51 4 0 33
09:31:21 4 0 33
09:31:51 4 0 33
09:32:21 4 0 34
09:32:52 4 0 34
09:33:22 4 0 34
09:33:52 4 0 57
09:34:22 4 0 33
09:34:52 4 0 33
09:35:22 4 0 34
09:35:53 4 0 33
09:36:23 4 0 33
09:36:53 4 0 33
09:37:23 4 0 33
09:37:53 4 0 35
09:38:24 4 0 34
09:38:54 4 0 33
09:39:24 4 0 33
09:39:54 4 0 33
09:40:24 4 0 33
09:40:54 4 0 33
09:41:25 4 0 33
09:41:55 4 0 34
09:42:25 4 0 34
09:42:55 4 0 34
09:43:25 4 0 33
09:43:55 4 0 34
09:44:25 4 0 33
09:44:56 4 0 33
09:45:26 4 0 34
09:45:56 4 0 33
09:46:26 4 0 33
09:46:56 4 0 35
09:47:26 4 0 34
09:47:56 4 0 33
09:48:26 4 0 34
09:48:57 4 0 33
09:49:27 4 0 34
09:49:57 4 0 36
09:50:27 4 0 34
09:50:57 4 0 45
09:51:27 4 0 33
09:51:58 4 0 36
09:52:28 4 0 36
09:52:58 4 0 34
09:53:28 4 0 34
09:53:59 4 0 34
09:54:29 4 0 49
09:54:59 4 0 33
09:55:29 4 0 34
09:55:59 4 0 34
09:56:29 4 0 34
09:56:59 4 0 34
09:57:29 4 0 33
09:58:00 4 0 34
09:58:30 4 0 36
09:59:00 4 0 34
09:59:30 4 0 67
10:00:00 4 0 32
10:00:30 4 0 32
10:01:00 4 0 32
10:01:30 4 0 32
10:02:01 4 0 32
10:02:31 4 0 34
10:03:01 4 0 33
10:03:31 4 0 33
10:04:01 4 0 32
10:04:31 4 0 33
10:05:01 4 0 34
10:05:31 4 0 33
10:06:01 4 0 34
10:06:32 4 0 33
10:07:02 4 0 35
10:07:32 4 0 33
10:08:02 4 0 33
10:08:32 4 0 32
10:09:02 4 0 59
10:09:32 4 0 33
10:10:02 4 0 34
10:10:32 4 0 32
10:11:03 4 0 32
10:11:33 4 0 79
10:12:03 4 0 74
10:12:33 4 0 68
10:13:03 4 0 77
10:13:33 4 0 64
10:14:04 4 0 54
10:14:34 4 0 40
10:15:04 4 0 36
10:15:34 4 0 51
10:16:05 3 1 70
10:16:34 4 0 71
10:17:04 4 0 78
10:17:35 4 0 70
10:18:05 4 0 80
10:18:36 3 1 78
10:19:05 4 0 74
10:19:35 4 0 62
10:20:05 4 0 65
10:20:35 4 0 61
10:21:08 2 2 76
10:21:36 4 0 74
10:22:08 3 1 85
10:22:37 4 0 56
10:23:08 3 1 80
10:23:38 4 0 72
10:24:09 4 0 67
10:24:39 4 0 67
10:25:09 4 0 34
10:25:39 4 0 34
10:26:10 4 0 67
10:26:40 4 0 33
10:27:11 4 0 52
10:27:41 4 0 33
10:28:11 4 0 34
10:28:41 4 0 33
10:29:13 3 1 34
10:29:42 4 0 34
10:30:12 4 0 33
10:30:42 4 0 33
10:31:12 4 0 33
10:31:42 4 0 33
10:32:12 4 0 33
10:32:43 4 0 33
10:33:13 4 0 33
10:33:43 4 0 33
10:34:13 4 0 34
10:34:43 4 0 34
10:35:13 4 0 35
10:35:43 4 0 33
10:36:13 4 0 34
10:36:44 4 0 33
10:37:14 4 0 34
10:37:44 4 0 33
10:38:15 4 0 34
10:38:46 3 1 33
10:39:15 4 0 34
10:39:45 4 0 34
10:40:16 4 0 34
10:40:46 4 0 33
10:41:16 4 0 34
10:41:46 4 0 33
10:42:16 4 0 33
10:42:47 4 0 34
10:43:17 4 0 33
10:43:47 4 0 34
10:44:17 4 0 33
10:44:47 4 0 33
10:45:17 4 0 33
10:45:47 4 0 33
10:46:18 4 0 35
10:46:48 4 0 33
10:47:18 4 0 33
10:47:48 4 0 33
10:48:18 4 0 34
10:48:48 4 0 34
10:49:19 4 0 34
10:49:49 4 0 34
10:50:19 4 0 33
10:50:49 4 0 33
10:51:20 4 0 34
10:51:50 4 0 34
10:52:20 4 0 33
10:52:50 4 0 34
10:53:20 4 0 36
10:53:50 4 0 34
10:54:21 4 0 33
10:54:51 4 0 33
10:55:21 4 0 34
10:55:52 4 0 33
10:56:22 4 0 33
10:56:52 4 0 74
10:57:23 4 0 34
10:57:53 4 0 34
10:58:23 4 0 33
10:58:53 4 0 33
10:59:24 4 0 33
10:59:54 4 0 34
11:00:24 4 0 34
11:00:54 4 0 34
11:01:24 4 0 33
11:01:54 4 0 33
11:02:25 4 0 33
11:02:55 4 0 33
11:03:25 4 0 34
11:03:55 4 0 34
11:04:25 4 0 36
11:04:55 4 0 33
11:05:26 4 0 34
11:05:56 4 0 34
11:06:26 4 0 33
11:06:56 4 0 33
11:07:27 4 0 33
11:07:57 4 0 33
11:08:27 4 0 33
11:08:57 4 0 33
11:09:27 4 0 34
11:09:57 4 0 34
11:10:28 4 0 34
11:10:58 4 0 34
11:11:28 4 0 34
11:11:58 4 0 33
11:12:28 4 0 33
11:12:58 4 0 33
11:13:29 4 0 34
11:13:59 4 0 34
11:14:29 4 0 42
11:15:00 4 0 33
11:15:31 3 1 70
11:16:00 4 0 33
11:16:30 4 0 34
11:17:01 4 0 33
11:17:31 4 0 34
11:18:01 4 0 33
11:18:31 4 0 33
11:19:01 4 0 33
11:19:31 4 0 33
11:20:02 4 0 33
11:20:32 4 0 55
11:21:02 4 0 34
11:21:32 4 0 33
11:22:02 4 0 33
11:22:32 4 0 34
11:23:02 4 0 41
11:23:33 4 0 34
11:24:03 4 0 33
11:24:33 4 0 33
11:25:03 4 0 35
11:25:33 4 0 33
11:26:03 4 0 34
11:26:33 4 0 33
11:27:03 4 0 33
11:27:34 4 0 34
11:28:04 4 0 33
11:28:34 4 0 33
11:29:04 4 0 33
11:29:34 4 0 34
11:30:04 4 0 33
11:30:34 4 0 34
11:31:04 4 0 33
11:31:35 4 0 33
11:32:05 4 0 34
11:32:35 4 0 34
11:33:05 4 0 34
11:33:35 4 0 34
11:34:06 4 0 36
11:34:36 4 0 34
11:35:06 4 0 33
11:35:36 4 0 34
11:36:06 4 0 33
11:36:37 4 0 34
11:37:07 4 0 33
11:37:38 4 0 33
11:38:08 4 0 34
11:38:38 4 0 34
11:39:08 4 0 34
11:39:38 4 0 33
11:40:08 4 0 33
11:40:39 4 0 33
11:41:09 4 0 33
11:41:39 4 0 33
11:42:09 4 0 36
11:42:39 4 0 33
11:43:09 4 0 34
11:43:39 4 0 33
11:44:10 4 0 36
11:44:40 4 0 34
11:45:11 4 0 34
11:45:41 4 0 33
11:46:12 4 0 34
11:46:43 4 0 34
11:47:13 4 0 34
11:47:43 4 0 33
11:48:13 4 0 38
11:48:43 4 0 34
11:49:14 4 0 36
11:49:44 4 0 33
11:50:14 4 0 36
11:50:44 4 0 33
11:51:15 4 0 33
11:51:46 4 0 33
11:52:16 4 0 34
11:52:46 4 0 33
11:53:16 4 0 34
11:53:47 4 0 34
11:54:17 4 0 33
11:54:47 4 0 33
11:55:17 4 0 34
11:55:47 4 0 33
11:56:17 4 0 34
11:56:47 4 0 33
11:57:17 4 0 35
11:57:48 4 0 55
11:58:18 4 0 34
11:58:48 4 0 34
11:59:18 4 0 34
11:59:48 4 0 34
12:00:18 4 0 36
12:00:48 4 0 33
12:01:18 4 0 33
12:01:49 4 0 34
12:02:19 4 0 36
12:02:49 4 0 34
12:03:19 4 0 33
12:03:49 4 0 33
12:04:19 4 0 34
12:04:49 4 0 34
12:05:20 4 0 49
12:05:50 4 0 33
12:06:21 4 0 33
12:06:51 4 0 38
12:07:21 4 0 33
12:07:51 4 0 33
12:08:21 4 0 34
12:08:51 4 0 33
12:09:22 4 0 33
12:09:52 4 0 34
12:10:22 4 0 34
12:10:53 4 0 33
12:11:23 4 0 33
12:11:53 4 0 35
12:12:23 4 0 34
12:12:53 4 0 33
12:13:23 4 0 33
12:13:53 4 0 33
12:14:24 4 0 33
12:14:54 4 0 34
12:15:24 4 0 33
12:15:54 4 0 33
12:16:24 4 0 33
12:16:55 4 0 34
12:17:25 4 0 33
12:17:56 4 0 33
12:18:26 4 0 33
12:18:56 4 0 34
12:19:26 4 0 33
12:19:56 4 0 35
12:20:26 4 0 34
12:20:57 4 0 34
12:21:27 4 0 33
12:21:57 4 0 33
12:22:27 4 0 33
12:22:57 4 0 33
12:23:27 4 0 33
12:23:57 4 0 33
12:24:27 4 0 33
12:24:58 4 0 33
12:25:28 4 0 33
12:25:58 4 0 34
12:26:28 4 0 34
12:26:58 4 0 34
12:27:28 4 0 34
12:27:59 4 0 33
12:28:29 4 0 33
12:28:59 4 0 33
12:29:29 4 0 33
12:29:59 4 0 34
12:30:29 4 0 33
12:30:59 4 0 33
12:31:30 4 0 34
12:32:00 4 0 33
12:32:30 4 0 33
12:33:00 4 0 33
12:33:30 4 0 34
12:34:00 4 0 34
12:34:30 4 0 34
12:35:00 4 0 34
12:35:30 4 0 33
12:36:01 4 0 33
12:36:31 4 0 34
12:37:01 4 0 33
12:37:31 4 0 34
12:38:01 4 0 33
12:38:31 4 0 33
12:39:02 4 0 34
12:39:32 4 0 34
12:40:02 4 0 33
12:40:32 4 0 33
12:41:02 4 0 33
12:41:32 4 0 33
12:42:02 4 0 33
12:42:32 4 0 33
12:43:02 4 0 33
12:43:32 4 0 34
12:44:02 4 0 34
12:44:32 4 0 34
12:45:03 4 0 34
12:45:33 4 0 34
12:46:03 4 0 34
12:46:33 4 0 34
12:47:03 4 0 34
12:47:33 4 0 34
12:48:03 4 0 34
12:48:33 4 0 33
12:49:03 4 0 34
12:49:34 4 0 34
12:50:05 4 0 34
12:50:35 4 0 34
12:51:05 4 0 33
12:51:35 4 0 35
12:52:05 4 0 34
12:52:35 4 0 33
12:53:05 4 0 33
12:53:35 4 0 33
12:54:06 4 0 33
12:54:36 4 0 52
12:55:06 4 0 33
12:55:36 4 0 33
12:56:06 4 0 34
12:56:36 4 0 34
12:57:06 4 0 33
12:57:36 4 0 33
12:58:07 4 0 33
12:58:37 4 0 33
12:59:07 4 0 36
12:59:37 4 0 48
13:00:07 4 0 34
13:00:37 4 0 34
13:01:07 4 0 33
13:01:38 4 0 33
13:02:08 4 0 62
13:02:38 4 0 33
13:03:08 4 0 33
13:03:38 4 0 33
13:04:08 4 0 33
13:04:38 4 0 33
13:05:08 4 0 33
13:05:38 4 0 34
13:06:09 4 0 33
13:06:39 4 0 34
13:07:09 4 0 34
13:07:39 4 0 34
13:08:09 4 0 34
13:08:39 4 0 34
13:09:09 4 0 33
13:09:39 4 0 34
13:10:09 4 0 33
13:10:39 4 0 33
13:11:09 4 0 33
13:11:39 4 0 33
13:12:10 4 0 34
13:12:40 4 0 33
13:13:10 4 0 33
13:13:40 4 0 33
13:14:10 4 0 35
13:14:40 4 0 36
13:15:10 4 0 33
13:15:40 4 0 33
13:16:10 4 0 34
13:16:40 4 0 33
13:17:11 4 0 33
13:17:41 4 0 33
13:18:11 4 0 33
13:18:41 4 0 33
13:19:11 4 0 33
13:19:41 4 0 34
13:20:11 4 0 33
13:20:41 4 0 33
13:21:12 4 0 33
13:21:42 4 0 33
13:22:12 4 0 34
13:22:42 4 0 34
13:23:12 4 0 33
13:23:43 4 0 34
13:24:13 4 0 34
13:24:43 4 0 33
13:25:13 4 0 35
13:25:43 4 0 34
13:26:13 4 0 33
13:26:43 4 0 34
13:27:14 4 0 34
13:27:44 4 0 33
13:28:14 4 0 34
13:28:44 4 0 34
13:29:14 4 0 33
13:29:45 4 0 33
13:30:15 4 0 33
13:30:47 3 1 34
13:31:15 4 0 34
13:31:46 4 0 33
13:32:16 4 0 34
13:32:46 4 0 33
13:33:16 4 0 34
13:33:46 4 0 33
13:34:17 4 0 33
13:34:47 4 0 33
13:35:17 4 0 33
13:35:47 4 0 60
13:36:17 4 0 33
13:36:47 4 0 33
13:37:17 4 0 34
13:37:47 4 0 34
13:38:18 4 0 34
13:38:48 4 0 33
13:39:18 4 0 34
13:39:48 4 0 34
13:40:18 4 0 33
13:40:48 4 0 34
13:41:18 4 0 33
13:41:49 4 0 34
13:42:19 4 0 71
13:42:49 4 0 64
13:43:20 4 0 33
13:43:50 4 0 39
13:44:20 4 0 34
13:44:50 4 0 33
13:45:20 4 0 34
13:45:50 4 0 33
13:46:20 4 0 33
13:46:51 4 0 33
13:47:22 4 0 33
13:47:52 4 0 33
13:48:22 4 0 33
13:48:52 4 0 34
13:49:22 4 0 33
13:49:52 4 0 33
13:50:22 4 0 34
13:50:52 4 0 34
13:51:23 4 0 34
13:51:54 4 0 33
13:52:24 4 0 34
13:52:54 4 0 34
13:53:24 4 0 33
13:53:54 4 0 34
13:54:25 4 0 34
13:54:55 4 0 37
13:55:25 4 0 33
13:55:55 4 0 33
13:56:25 4 0 34
13:56:55 4 0 33
13:57:25 4 0 33
13:57:55 4 0 33
13:58:26 4 0 34
13:58:56 4 0 33
13:59:26 4 0 34
13:59:56 4 0 34
14:00:26 4 0 33
14:00:56 4 0 33
14:01:26 4 0 33
14:01:56 4 0 34
14:02:26 4 0 34
14:02:56 4 0 33
14:03:27 4 0 34
14:03:57 4 0 34
14:04:27 4 0 73
14:04:57 4 0 33
14:05:27 4 0 36
14:05:57 4 0 28
14:06:27 4 0 28
14:06:58 4 0 33
14:07:28 4 0 33
14:07:58 4 0 34
14:08:28 4 0 75
14:08:58 4 0 34
14:09:29 4 0 33
14:09:59 4 0 35
14:10:29 4 0 33
14:10:59 4 0 34
14:11:29 4 0 33
14:11:59 4 0 34
14:12:30 4 0 28
14:13:00 4 0 28
14:13:30 4 0 28
14:14:00 4 0 34
14:14:30 4 0 33
14:15:00 4 0 34
14:15:31 4 0 33
14:16:01 4 0 37
14:16:31 4 0 33
14:17:01 4 0 33
14:17:31 4 0 34
14:18:01 4 0 34
14:18:31 4 0 33
14:19:01 4 0 37
14:19:32 4 0 33
14:20:02 4 0 34
14:20:32 4 0 33
14:21:02 4 0 33
14:21:32 4 0 34
14:22:02 4 0 33
14:22:32 4 0 34
14:23:02 4 0 34
14:23:32 4 0 33
14:24:03 4 0 33
14:24:33 4 0 33
14:25:04 4 0 34
14:25:34 4 0 34
14:26:04 4 0 33
14:26:34 4 0 33
14:27:04 4 0 63
14:27:35 4 0 34
14:28:05 4 0 34
14:28:35 4 0 34
14:29:05 4 0 33
14:29:35 4 0 34
14:30:05 4 0 34
14:30:36 4 0 67
14:31:06 4 0 34
14:31:36 4 0 34
14:32:06 4 0 33
14:32:36 4 0 67
14:33:06 4 0 33
14:33:37 4 0 34
14:34:07 4 0 33
14:34:37 4 0 33
14:35:07 4 0 33
14:35:37 4 0 33
14:36:08 4 0 69
14:36:38 4 0 33
14:37:08 4 0 34
14:37:39 4 0 39
14:38:09 4 0 33
14:38:40 4 0 36
14:39:10 4 0 33
14:39:40 4 0 33
14:40:10 4 0 34
14:40:40 4 0 35
14:41:11 4 0 37
14:41:41 4 0 34
14:42:11 4 0 35
14:42:41 4 0 34
14:43:11 4 0 33
14:43:42 4 0 34
14:44:12 4 0 34
14:44:42 4 0 34
14:45:13 4 0 33
14:45:43 4 0 34
14:46:13 4 0 33
14:46:43 4 0 33
14:47:13 4 0 34
14:47:43 4 0 34
14:48:13 4 0 33
14:48:44 4 0 33
14:49:14 4 0 34
14:49:44 4 0 33
14:50:14 4 0 33
14:50:44 4 0 35
14:51:15 4 0 35
14:51:45 4 0 34
14:52:15 4 0 34
14:52:45 4 0 34
14:53:15 4 0 33
14:53:45 4 0 33
14:54:15 4 0 33
14:54:46 4 0 33
14:55:16 4 0 34
14:55:46 4 0 33
14:56:16 4 0 34
14:56:46 4 0 34
14:57:16 4 0 33
14:57:46 4 0 34
14:58:17 4 0 33
14:58:47 4 0 34
14:59:17 4 0 33
14:59:47 4 0 33
15:00:17 4 0 33
15:00:47 4 0 33
15:01:17 4 0 33
15:01:47 4 0 34
15:02:17 4 0 34
15:02:48 4 0 34
15:03:18 4 0 34
15:03:48 4 0 33
15:04:18 4 0 36
15:04:48 4 0 34
15:05:18 4 0 33
15:05:48 4 0 34
15:06:18 4 0 33
15:06:48 4 0 34
15:07:18 4 0 34
15:07:49 4 0 33
15:08:19 4 0 33
15:08:49 4 0 34
15:09:19 4 0 34
15:09:49 4 0 33
15:10:19 4 0 34
15:10:49 4 0 34
15:11:20 4 0 34
15:11:51 4 0 34
15:12:21 4 0 34
15:12:51 4 0 33
15:13:21 4 0 35
15:13:51 4 0 33
15:14:21 4 0 33
15:14:51 4 0 34
15:15:21 4 0 33
15:15:52 4 0 33
15:16:22 4 0 33
15:16:52 4 0 34
15:17:22 4 0 34
15:17:52 4 0 34
15:18:22 4 0 35
15:18:52 4 0 40
15:19:22 4 0 34
15:19:53 4 0 33
15:20:23 4 0 36
15:20:53 4 0 34
15:21:23 4 0 34
15:21:53 4 0 33
15:22:23 4 0 34
15:22:54 3 1 34
15:23:23 4 0 34
15:23:53 4 0 34
15:24:23 4 0 33
15:24:54 4 0 33
15:25:24 4 0 34
15:25:54 4 0 33
15:26:24 4 0 34
15:26:54 4 0 34
15:27:24 4 0 37
15:27:54 4 0 34
15:28:24 4 0 33
15:28:54 4 0 33
15:29:25 4 0 33
15:29:55 4 0 35
15:30:25 4 0 33
15:30:55 4 0 34
15:31:25 4 0 33
15:31:56 4 0 34
15:32:26 4 0 33
15:32:56 4 0 34
15:33:26 4 0 33
15:33:56 4 0 34
15:34:26 4 0 34
15:34:56 4 0 34
15:35:26 4 0 33
15:35:56 4 0 33
15:36:26 4 0 33
15:36:57 4 0 34
15:37:27 4 0 32
15:37:57 4 0 34
15:38:27 4 0 34
15:38:57 4 0 34
15:39:27 4 0 34
15:39:57 4 0 34
15:40:27 4 0 33
15:40:57 4 0 33
15:41:27 4 0 34
15:41:58 4 0 33
15:42:28 4 0 33
15:42:58 4 0 48
15:43:28 4 0 33
15:43:58 4 0 34
15:44:28 4 0 33
15:44:58 4 0 34
15:45:28 4 0 34
15:45:59 4 0 34
15:46:29 4 0 34
15:46:59 4 0 33
15:47:29 4 0 33
15:47:59 4 0 34
15:48:29 4 0 34
15:48:59 4 0 34
15:49:30 4 0 33
15:50:00 4 0 36
15:50:30 4 0 33
15:51:00 4 0 35
15:51:30 4 0 34
15:52:01 4 0 33
15:52:31 4 0 34
15:53:01 4 0 33
15:53:31 4 0 34
15:54:02 3 1 33
15:54:31 4 0 33
15:55:01 4 0 34
15:55:31 4 0 33
15:56:01 4 0 33
15:56:31 4 0 34
15:57:02 4 0 34
15:57:32 4 0 33
15:58:02 4 0 35
15:58:32 4 0 33
15:59:02 4 0 34
15:59:32 4 0 75
16:00:02 4 0 34
16:00:32 4 0 34
16:01:02 4 0 34
16:01:32 4 0 35
16:02:03 4 0 33
16:02:33 4 0 33
16:03:03 4 0 33
16:03:33 4 0 33
16:04:03 4 0 34
16:04:33 4 0 33
16:05:04 3 1 34
16:05:33 4 0 33
16:06:04 4 0 35
16:06:34 4 0 33
16:07:04 4 0 82
16:07:34 4 0 33
16:08:04 4 0 35
16:08:36 2 2 33
16:09:04 4 0 34
16:09:34 4 0 34
16:10:04 4 0 33
16:10:34 4 0 50
16:11:05 4 0 34
16:11:35 4 0 34
16:12:06 4 0 72
16:12:36 4 0 34
16:13:06 4 0 77
16:13:36 4 0 33
16:14:06 4 0 34
16:14:36 4 0 33
16:15:07 4 0 33
16:15:37 4 0 33
16:16:07 4 0 34
16:16:37 4 0 57
16:17:07 4 0 35
16:17:37 4 0 33
16:18:07 4 0 33
16:18:37 4 0 77
16:19:08 4 0 86
16:19:37 4 0 34
16:20:08 4 0 34
16:20:39 3 1 71
16:21:08 4 0 34
16:21:38 4 0 34
16:22:08 4 0 33
16:22:38 4 0 34
16:23:08 4 0 35
16:23:38 4 0 33
16:24:09 4 0 34
16:24:39 4 0 33
16:25:09 4 0 33
16:25:39 4 0 33
16:26:09 4 0 33
16:26:39 4 0 33
16:27:09 4 0 33
16:27:39 4 0 33
16:28:10 4 0 33
16:28:40 4 0 33
16:29:10 4 0 34
16:29:40 4 0 33
16:30:10 4 0 34
16:30:40 4 0 33
16:31:10 4 0 35
16:31:40 4 0 33
16:32:11 4 0 33
16:32:41 4 0 33
16:33:11 4 0 34
16:33:41 4 0 33
16:34:12 4 0 34
16:34:42 4 0 34
16:35:12 4 0 33
16:35:42 4 0 69
16:36:12 4 0 33
16:36:42 4 0 34
16:37:12 4 0 34
16:37:42 4 0 32
16:38:13 4 0 32
16:38:43 4 0 33
16:39:13 4 0 34
16:39:43 4 0 33
16:40:13 4 0 34
16:40:43 4 0 33
16:41:13 4 0 34
16:41:43 4 0 33
16:42:14 4 0 34
16:42:44 4 0 33
16:43:14 4 0 34
16:43:44 4 0 35
16:44:14 4 0 58
16:44:44 4 0 37
16:45:14 4 0 34
16:45:44 4 0 34
16:46:14 4 0 35
16:46:44 4 0 34
16:47:15 4 0 34
16:47:45 4 0 34
16:48:15 4 0 44
16:48:45 4 0 34
16:49:15 4 0 34
16:49:46 3 1 33
16:50:15 4 0 33
16:50:45 4 0 34
16:51:15 4 0 33
16:51:45 4 0 26
16:52:15 4 0 34
16:52:46 4 0 34
16:53:16 4 0 33
16:53:46 4 0 34
16:54:16 4 0 33
16:54:46 4 0 34
16:55:16 4 0 34
16:55:46 4 0 33
16:56:17 4 0 33
16:56:47 4 0 35
16:57:17 4 0 33
16:57:47 4 0 34
16:58:17 4 0 33
16:58:47 4 0 34
16:59:18 3 1 34
16:59:48 4 0 34
17:00:18 4 0 33
17:00:48 4 0 33
17:01:18 4 0 33
17:01:48 4 0 34
17:02:18 4 0 34
17:02:49 4 0 35
17:03:19 4 0 33
17:03:49 4 0 67
17:04:19 4 0 34
17:04:49 4 0 34
17:05:19 4 0 34
17:05:49 4 0 34
17:06:20 4 0 34
17:06:50 4 0 35
17:07:20 4 0 33
17:07:50 4 0 34
17:08:20 4 0 33
17:08:50 4 0 33
17:09:20 4 0 34
17:09:50 4 0 34
17:10:21 4 0 34
17:10:51 4 0 33
17:11:21 4 0 33
17:11:51 4 0 33
17:12:21 4 0 33
17:12:51 4 0 33
17:13:21 4 0 33
17:13:51 4 0 33
17:14:22 4 0 34
17:14:52 4 0 33
17:15:22 4 0 34
17:15:52 4 0 34
17:16:22 4 0 34
17:16:52 4 0 33
17:17:22 4 0 34
17:17:52 4 0 33
17:18:22 4 0 33
17:18:52 4 0 34
17:19:23 4 0 33
17:19:53 4 0 35
17:20:23 4 0 25
17:20:53 4 0 37
17:21:23 4 0 36
17:21:53 4 0 33
17:22:24 4 0 34
17:22:54 4 0 34
17:23:25 4 0 33
17:23:55 4 0 33
17:24:25 4 0 34
17:24:55 4 0 34
17:25:25 4 0 33
17:25:55 4 0 35
17:26:26 4 0 33
17:26:56 4 0 34
17:27:26 4 0 34
17:27:56 4 0 33
17:28:26 4 0 33
17:28:56 4 0 34
17:29:27 4 0 34
17:29:58 3 1 79
17:30:27 4 0 33
17:30:57 4 0 33
17:31:27 4 0 33
17:31:57 4 0 34
17:32:28 4 0 33
17:32:58 4 0 34
17:33:28 4 0 33
17:33:58 4 0 34
17:34:28 4 0 33
17:34:58 4 0 33
17:35:28 4 0 33
17:35:58 4 0 34
17:36:29 4 0 33
17:36:59 4 0 33
17:37:29 4 0 34
17:37:59 4 0 34
17:38:29 4 0 34
17:38:59 4 0 34
17:39:30 4 0 33
17:40:00 4 0 34
17:40:30 4 0 34
17:41:00 4 0 34
17:41:30 4 0 35
17:42:00 4 0 34
17:42:31 4 0 33
17:43:01 4 0 33
17:43:32 4 0 34
17:44:02 4 0 34
17:44:32 4 0 34
17:45:02 4 0 34
17:45:32 4 0 33
17:46:02 4 0 34
17:46:32 4 0 33
17:47:02 4 0 33
17:47:33 4 0 33
17:48:03 4 0 34
17:48:33 4 0 34
17:49:03 4 0 34
17:49:33 4 0 33
17:50:03 4 0 34
17:50:33 4 0 33
17:51:03 4 0 33
17:51:34 4 0 34
17:52:04 4 0 34
17:52:34 4 0 33
17:53:04 4 0 34
17:53:34 4 0 33
17:54:06 2 2 34
17:54:34 4 0 34
17:55:04 4 0 33
17:55:35 4 0 33
17:56:05 4 0 33
17:56:35 4 0 34
17:57:05 4 0 33
17:57:35 4 0 34
17:58:05 4 0 34
17:58:35 4 0 34
17:59:06 4 0 34
17:59:36 4 0 32
18:00:06 4 0 32
18:00:36 4 0 32
18:01:07 3 1 33
18:01:36 4 0 33
18:02:06 4 0 33
18:02:37 4 0 34
18:03:07 4 0 33
18:03:38 4 0 33
18:04:08 4 0 34
18:04:38 4 0 34
18:05:08 4 0 34
18:05:38 4 0 33
18:06:08 4 0 34
18:06:38 4 0 33
18:07:08 4 0 34
18:07:39 4 0 34
18:08:09 4 0 33
18:08:39 4 0 34
18:09:09 4 0 34
18:09:39 4 0 33
18:10:09 4 0 37
18:10:39 4 0 34
18:11:09 4 0 34
18:11:40 4 0 33
18:12:10 4 0 34
18:12:40 4 0 33
18:13:10 4 0 34
18:13:40 4 0 33
18:14:10 4 0 34
18:14:41 4 0 33
18:15:11 4 0 33
18:15:41 4 0 34
18:16:11 4 0 33
18:16:41 4 0 34
18:17:11 4 0 33
18:17:41 4 0 34
18:18:11 4 0 33
18:18:42 4 0 33
18:19:12 4 0 33
18:19:42 4 0 33
18:20:12 4 0 34
18:20:42 4 0 33
18:21:12 4 0 33
18:21:42 4 0 33
18:22:12 4 0 33
18:22:44 3 1 34
18:23:14 4 0 34
18:23:44 4 0 34
18:24:14 4 0 34
18:24:44 4 0 33
18:25:14 4 0 33
18:25:44 4 0 33
18:26:14 4 0 33
18:26:45 4 0 33
18:27:15 4 0 33
18:27:45 4 0 34
18:28:15 4 0 34
18:28:46 4 0 34
18:29:16 4 0 34
18:29:46 4 0 34
18:30:16 4 0 33
18:30:46 4 0 34
18:31:16 4 0 37
18:31:47 4 0 33
18:32:17 4 0 33
18:32:47 4 0 25
18:33:17 4 0 33
18:33:48 4 0 33
18:34:18 4 0 25
18:34:48 4 0 34
18:35:18 4 0 25
18:35:48 4 0 34
18:36:18 4 0 34
18:36:49 4 0 34
18:37:19 4 0 25
18:37:50 3 1 33
18:38:19 4 0 34
18:38:49 4 0 25
18:39:19 4 0 26
18:39:49 4 0 25
18:40:20 4 0 25
18:40:50 4 0 25
18:41:20 4 0 25
18:41:50 4 0 25
18:42:20 4 0 25
18:42:50 4 0 33
18:43:20 4 0 33
18:43:52 2 2 33
18:44:20 4 0 33
18:44:51 4 0 25
18:45:21 4 0 33
18:45:51 4 0 25
18:46:21 4 0 33
18:46:51 4 0 25
18:47:21 4 0 25
18:47:51 4 0 33
18:48:21 4 0 25
18:48:52 4 0 33
18:49:22 4 0 34
18:49:52 4 0 34
18:50:22 4 0 33
18:50:52 4 0 25
18:51:22 4 0 36
18:51:52 4 0 34
18:52:22 4 0 25
18:52:53 4 0 25
18:53:23 4 0 25
18:53:54 4 0 25
18:54:24 4 0 25
18:54:54 4 0 25
18:55:24 4 0 25
18:55:54 4 0 25
18:56:24 4 0 25
18:56:54 4 0 25
18:57:24 4 0 27
18:57:55 4 0 37
18:58:25 4 0 25
18:58:55 4 0 25
18:59:25 4 0 25
18:59:55 4 0 33
19:00:25 4 0 25
19:00:55 4 0 25
19:01:25 4 0 34
19:01:55 4 0 25
19:02:25 4 0 25
19:02:56 4 0 25
19:03:26 4 0 25
19:03:56 4 0 25
19:04:26 4 0 33
19:04:56 4 0 33
19:05:26 4 0 25
19:05:56 4 0 25
19:06:26 4 0 25
19:06:57 4 0 25
19:07:27 4 0 25
19:07:57 4 0 25
19:08:27 4 0 25
19:08:57 4 0 25
19:09:27 4 0 25
19:09:57 4 0 25
19:10:27 4 0 25
19:10:57 4 0 25
19:11:27 4 0 25
19:11:58 4 0 25
19:12:28 4 0 33
19:12:58 4 0 25
19:13:28 4 0 25
19:13:58 4 0 33
19:14:28 4 0 25
19:14:58 4 0 33
19:15:28 4 0 34
19:15:59 4 0 33
19:16:29 4 0 25
19:16:59 4 0 33
19:17:29 4 0 36
19:17:59 4 0 25
19:18:29 4 0 33
19:18:59 4 0 33
19:19:29 4 0 34
19:19:59 4 0 33
19:20:29 4 0 33
19:21:00 4 0 34
19:21:30 4 0 34
19:22:00 4 0 33
19:22:30 4 0 64
19:23:00 4 0 33
19:23:30 4 0 34
19:24:00 4 0 33
19:24:30 4 0 25
19:25:01 4 0 37
19:25:31 4 0 33
19:26:01 4 0 33
19:26:31 4 0 33
19:27:01 4 0 33
19:27:31 4 0 34
19:28:01 4 0 34
19:28:31 4 0 34
19:29:01 4 0 33
19:29:31 4 0 33
19:30:02 4 0 33
19:30:32 4 0 33
19:31:02 4 0 33
19:31:32 4 0 34
19:32:02 4 0 33
19:32:32 4 0 25
19:33:02 4 0 33
19:33:33 4 0 34
19:34:03 4 0 34
19:34:33 4 0 33
19:35:03 4 0 33
19:35:33 4 0 25
19:36:03 4 0 34
19:36:33 4 0 25
19:37:04 4 0 34
19:37:34 4 0 33
19:38:04 4 0 33
19:38:34 4 0 33
19:39:04 4 0 33
19:39:34 4 0 33
19:40:04 4 0 33
19:40:34 4 0 34
19:41:04 4 0 34
19:41:34 4 0 34
19:42:05 4 0 33
19:42:35 4 0 36
19:43:05 4 0 34
19:43:35 4 0 33
19:44:05 4 0 33
19:44:35 4 0 33
19:45:05 4 0 33
19:45:35 4 0 33
19:46:06 4 0 67
19:46:35 4 0 34
19:47:06 4 0 33
19:47:36 4 0 33
19:48:06 4 0 33
19:48:36 4 0 34
19:49:06 4 0 33
19:49:36 4 0 34
19:50:06 4 0 34
19:50:36 4 0 33
19:51:07 4 0 34
19:51:37 4 0 34
19:52:07 4 0 34
19:52:37 4 0 33
19:53:07 4 0 33
19:53:37 4 0 25
19:54:07 4 0 33
19:54:37 4 0 33
19:55:07 4 0 25
19:55:37 4 0 34
19:56:07 4 0 33
19:56:37 4 0 33
19:57:09 3 1 33
19:57:38 4 0 33
19:58:08 4 0 33
19:58:38 4 0 33
19:59:08 4 0 34
19:59:38 4 0 33
20:00:08 4 0 25
20:00:39 4 0 34
20:01:09 4 0 33
20:01:39 4 0 33
20:02:09 4 0 33
20:02:39 4 0 34
20:03:09 4 0 33
20:03:39 4 0 34
20:04:09 4 0 33
20:04:39 4 0 33
20:05:09 4 0 33
20:05:39 4 0 33
20:06:10 4 0 59
20:06:40 4 0 33
20:07:10 4 0 34
20:07:40 4 0 33
20:08:10 4 0 33
20:08:40 4 0 33
20:09:10 4 0 34
20:09:40 4 0 33
20:10:10 4 0 25
20:10:40 4 0 33
20:11:11 4 0 25
20:11:41 4 0 25
20:12:11 4 0 26
20:12:41 4 0 33
20:13:11 4 0 33
20:13:41 4 0 34
20:14:11 4 0 33
20:14:41 4 0 25
20:15:11 4 0 34
20:15:42 4 0 34
20:16:12 4 0 25
20:16:42 4 0 33
20:17:12 4 0 33
20:17:42 4 0 33
20:18:12 4 0 33
20:18:42 4 0 34
20:19:13 4 0 34
20:19:43 4 0 34
20:20:13 4 0 34
20:20:43 4 0 34
20:21:13 4 0 33
20:21:43 4 0 33
20:22:13 4 0 25
20:22:43 4 0 33
20:23:13 4 0 33
20:23:43 4 0 35
20:24:14 4 0 34
20:24:44 4 0 33
20:25:14 4 0 34
20:25:44 4 0 25
20:26:14 4 0 25
20:26:44 4 0 33
20:27:14 4 0 34
20:27:44 4 0 25
20:28:15 4 0 33
20:28:45 4 0 33
20:29:15 4 0 33
20:29:45 4 0 25
20:30:15 4 0 25
20:30:45 4 0 25
20:31:15 4 0 25
20:31:45 4 0 33
20:32:15 4 0 32
20:32:45 4 0 29
20:33:16 4 0 33
20:33:46 4 0 34
20:34:16 4 0 25
20:34:46 4 0 33
20:35:16 4 0 34
20:35:46 4 0 33
20:36:16 4 0 27
20:36:46 4 0 33
20:37:17 4 0 33
20:37:47 4 0 61
20:38:17 4 0 25
20:38:47 4 0 33
20:39:17 4 0 25
20:39:47 4 0 25
20:40:17 4 0 25
20:40:47 4 0 25
20:41:17 4 0 26
20:41:47 4 0 33
20:42:18 4 0 33
20:42:48 4 0 25
20:43:18 4 0 25
20:43:48 4 0 25
20:44:18 4 0 33
20:44:48 4 0 25
20:45:18 4 0 33
20:45:48 4 0 25
20:46:18 4 0 26
20:46:49 4 0 39
20:47:20 4 0 25
20:47:50 4 0 25
20:48:20 4 0 25
20:48:50 4 0 33
20:49:20 4 0 25
20:49:50 4 0 26
20:50:20 4 0 33
20:50:50 4 0 33
20:51:20 4 0 25
20:51:50 4 0 25
20:52:21 4 0 25
20:52:51 4 0 33
20:53:21 4 0 34
20:53:51 4 0 25
20:54:21 4 0 34
20:54:51 4 0 26
20:55:21 4 0 33
20:55:51 4 0 25
20:56:21 4 0 33
20:56:51 4 0 25
20:57:22 4 0 34
20:57:52 4 0 25
20:58:22 4 0 34
20:58:52 4 0 33
20:59:22 4 0 33
20:59:52 4 0 25
21:00:22 4 0 25
21:00:52 4 0 25
21:01:23 4 0 25
21:01:53 4 0 25
21:02:23 4 0 25
21:02:53 4 0 34
21:03:23 4 0 25
21:03:53 4 0 25
21:04:23 4 0 25
21:04:53 4 0 25
21:05:23 4 0 25
21:05:53 4 0 25
21:06:24 4 0 25
21:06:54 4 0 33
21:07:25 4 0 34
21:07:55 4 0 33
21:08:25 4 0 25
21:08:55 4 0 34
21:09:25 4 0 25
21:09:55 4 0 26
21:10:25 4 0 33
21:10:55 4 0 25
21:11:26 4 0 33
21:11:56 4 0 33
21:12:26 4 0 25
21:12:56 4 0 46
21:13:26 4 0 25
21:13:56 4 0 25
21:14:26 4 0 26
21:14:56 4 0 25
21:15:26 4 0 25
21:15:56 4 0 25
21:16:27 4 0 33
21:16:57 4 0 25
21:17:27 4 0 25
21:17:57 4 0 25
21:18:27 4 0 34
21:18:57 4 0 25
21:19:28 4 0 35
21:19:58 4 0 34
21:20:28 4 0 33
21:20:58 4 0 33
21:21:28 4 0 33
21:21:58 4 0 33
21:22:28 4 0 25
21:22:58 4 0 33
21:23:28 4 0 34
21:23:58 4 0 25
21:24:29 4 0 25
21:24:59 4 0 34
21:25:29 4 0 36
21:25:59 4 0 33
21:26:29 4 0 26
21:27:00 4 0 33
21:27:30 4 0 49
21:28:00 4 0 25
21:28:31 4 0 25
21:29:01 4 0 34
21:29:31 4 0 33
21:30:01 4 0 34
21:30:31 4 0 25
21:31:01 4 0 33
21:31:31 4 0 33
21:32:01 4 0 34
21:32:31 4 0 34
21:33:01 4 0 25
21:33:32 4 0 33
21:34:02 4 0 25
21:34:32 4 0 33
21:35:02 4 0 33
21:35:32 4 0 25
21:36:02 4 0 25
21:36:32 4 0 25
21:37:02 4 0 25
21:37:33 4 0 25
21:38:03 4 0 25
21:38:33 4 0 34
21:39:03 4 0 34
21:39:33 4 0 33
21:40:03 4 0 33
21:40:33 4 0 33
21:41:03 4 0 25
21:41:33 4 0 25
21:42:03 4 0 34
21:42:34 4 0 33
21:43:04 4 0 25
21:43:34 4 0 34
21:44:04 4 0 25
21:44:34 4 0 25
21:45:04 4 0 25
21:45:34 4 0 34
21:46:04 4 0 25
21:46:35 4 0 33
21:47:05 4 0 25
21:47:35 4 0 34
21:48:05 4 0 33
21:48:35 4 0 25
21:49:05 4 0 34
21:49:35 4 0 33
21:50:05 4 0 33
21:50:36 4 0 25
21:51:06 4 0 25
21:51:36 4 0 25
21:52:06 4 0 25
21:52:36 4 0 33
21:53:06 4 0 33
21:53:36 4 0 34
21:54:06 4 0 25
21:54:37 4 0 26
21:55:07 4 0 25
21:55:37 4 0 25
21:56:07 4 0 33
21:56:37 4 0 25
21:57:07 4 0 55
21:57:37 4 0 33
21:58:07 4 0 55
21:58:38 4 0 25
21:59:08 4 0 25
21:59:38 4 0 25
22:00:08 4 0 26
22:00:38 4 0 25
22:01:08 4 0 25
22:01:38 4 0 25
22:02:08 4 0 34
22:02:39 4 0 34
22:03:09 4 0 34
22:03:39 4 0 33
22:04:09 4 0 33
22:04:39 4 0 33
22:05:09 4 0 33
22:05:39 4 0 33
22:06:09 4 0 33
22:06:40 4 0 33
22:07:11 4 0 33
22:07:41 4 0 33
22:08:11 4 0 25
22:08:41 4 0 25
22:09:11 4 0 25
22:09:41 4 0 34
22:10:11 4 0 33
22:10:41 4 0 34
22:11:11 4 0 33
22:11:42 4 0 34
22:12:12 4 0 34
22:12:42 4 0 33
22:13:12 4 0 33
22:13:42 4 0 33
22:14:12 4 0 33
22:14:42 4 0 33
22:15:13 4 0 27
22:15:43 4 0 33
22:16:13 4 0 34
22:16:43 4 0 26
22:17:13 4 0 25
22:17:43 4 0 25
22:18:13 4 0 33
22:18:43 4 0 25
22:19:13 4 0 25
22:19:44 4 0 25
22:20:14 4 0 25
22:20:44 4 0 25
22:21:14 4 0 25
22:21:44 4 0 34
22:22:14 4 0 25
22:22:44 4 0 25
22:23:14 4 0 33
22:23:45 4 0 33
22:24:15 4 0 25
22:24:45 4 0 33
22:25:15 4 0 25
22:25:45 4 0 25
22:26:15 4 0 25
22:26:45 4 0 25
22:27:15 4 0 25
22:27:46 4 0 33
22:28:16 4 0 34
22:28:46 4 0 33
22:29:16 4 0 33
22:29:46 4 0 33
22:30:16 4 0 25
22:30:46 4 0 34
22:31:16 4 0 29
22:31:47 4 0 33
22:32:17 4 0 25
22:32:47 4 0 25
22:33:17 4 0 25
22:33:47 4 0 35
22:34:17 4 0 25
22:34:48 3 1 25
22:35:17 4 0 25
22:35:48 4 0 25
22:36:18 4 0 25
22:36:48 4 0 42
22:37:18 4 0 25
22:37:48 4 0 25
22:38:18 4 0 25
22:38:49 4 0 26
22:39:19 4 0 25
22:39:49 4 0 25
22:40:19 4 0 25
22:40:49 4 0 25
22:41:19 4 0 33
22:41:49 4 0 25
22:42:20 4 0 33
22:42:50 4 0 25
22:43:20 4 0 25
22:43:50 4 0 34
22:44:20 4 0 33
22:44:50 4 0 34
22:45:20 4 0 25
22:45:50 4 0 25
22:46:20 4 0 33
22:46:51 4 0 25
22:47:21 4 0 33
22:47:51 4 0 33
22:48:21 4 0 34
22:48:51 4 0 25
22:49:21 4 0 25
22:49:51 4 0 25
22:50:21 4 0 33
22:50:52 4 0 33
22:51:22 4 0 26
22:51:52 4 0 33
22:52:22 4 0 33
22:52:52 4 0 69
22:53:22 4 0 33
22:53:52 4 0 34
22:54:22 4 0 34
22:54:53 4 0 34
22:55:23 4 0 33
22:55:53 4 0 34
22:56:23 4 0 34
22:56:53 4 0 33
22:57:23 4 0 34
22:57:53 4 0 33
22:58:23 4 0 33
22:58:54 4 0 25
22:59:24 4 0 25
22:59:54 4 0 25
23:00:24 4 0 25
23:00:54 4 0 34
23:01:24 4 0 33
23:01:55 4 0 33
23:02:25 4 0 34
23:02:55 4 0 34
23:03:25 4 0 34
23:03:55 4 0 33
23:04:25 4 0 34
23:04:55 4 0 25
23:05:25 4 0 25
23:05:56 4 0 34
23:06:26 4 0 25
23:06:56 4 0 25
23:07:26 4 0 34
23:07:56 4 0 25
23:08:26 4 0 25
23:08:56 4 0 34
23:09:26 4 0 34
23:09:57 4 0 25
23:10:27 4 0 34
23:10:57 4 0 33
23:11:27 4 0 33
23:11:57 4 0 34
23:12:27 4 0 34
23:12:57 4 0 33
23:13:27 4 0 33
23:13:58 4 0 25
23:14:28 4 0 34
23:14:58 4 0 25
23:15:28 4 0 25
23:15:58 4 0 34
23:16:28 4 0 34
23:16:58 4 0 33
23:17:28 4 0 25
23:17:59 4 0 25
23:18:29 4 0 33
23:18:59 4 0 33
23:19:29 4 0 33
23:19:59 4 0 33
23:20:29 4 0 25
23:20:59 4 0 25
23:21:29 4 0 25
23:22:00 4 0 34
23:22:30 4 0 34
23:23:00 4 0 34
23:23:30 4 0 34
23:24:00 4 0 34
23:24:30 4 0 34
23:25:01 4 0 34
23:25:31 4 0 33
23:26:01 4 0 25
23:26:31 4 0 33
23:27:01 4 0 34
23:27:31 4 0 33
23:28:01 4 0 33
23:28:31 4 0 34
23:29:02 4 0 25
23:29:32 4 0 25
23:30:02 4 0 25
23:30:32 4 0 25
23:31:02 4 0 25
23:31:32 4 0 34
23:32:02 4 0 25
23:32:32 4 0 25
23:33:03 4 0 25
23:33:33 4 0 34
23:34:03 4 0 34
23:34:33 4 0 34
23:35:03 4 0 34
23:35:33 4 0 25
23:36:03 4 0 33
23:36:34 4 0 33
23:37:04 4 0 33
23:37:34 4 0 33
23:38:04 4 0 33
23:38:34 4 0 33
23:39:04 4 0 34
23:39:34 4 0 34
23:40:05 4 0 33
23:40:35 4 0 33
23:41:05 4 0 25
23:41:35 4 0 32
23:42:05 4 0 25
23:42:35 4 0 25
23:43:06 4 0 25
23:43:36 4 0 25
23:44:06 4 0 25
23:44:36 4 0 26
23:45:06 4 0 25
23:45:36 4 0 34
23:46:07 4 0 25
23:46:37 4 0 25
23:47:07 4 0 25
23:47:37 4 0 25
23:48:08 4 0 25
23:48:38 4 0 25
23:49:09 4 0 25
23:49:39 4 0 33
23:50:09 4 0 25
23:50:39 4 0 33
23:51:10 4 0 33
23:51:40 4 0 37
23:52:10 4 0 34
23:52:41 4 0 33
23:53:12 4 0 33
23:53:42 4 0 34
23:54:13 4 0 34
23:54:44 4 0 34
23:55:14 4 0 33
23:55:45 4 0 33
23:56:15 4 0 33
23:56:46 4 0 33
23:57:16 4 0 33
23:57:47 4 0 34
23:58:17 4 0 35
23:58:47 4 0 34
23:59:20 4 0 67
23:59:48 4 0 33
