00:01:17 9552 6960
00:02:39 74781 10264
00:03:24 309302 32530
00:04:10 6801 4104
00:05:13 21759 7174
00:06:11 4517 2045
00:07:15 50454 9156
00:08:17 1757 892
02:00:07 7096 73643
02:01:08 5011 70910
02:02:08 21164 69349
02:03:09 3844 68704
02:04:09 3891 67299
02:05:10 68429 71105
02:06:10 22103 65812
02:07:11 44617 76123
02:08:11 20818 68227
02:09:12 3780 69889
02:10:12 65939 73806
02:11:12 11177 62843
02:12:13 24763 71745
02:13:13 44480 74300
02:14:13 26233 65558
02:15:14 57284 43615
02:16:14 27912 66099
02:17:15 4854 60186
02:18:15 46612 69599
02:19:16 3608 53837
02:20:16 51598 72671
02:21:17 40747 79793
02:22:17 67458 48707
02:23:17 16467 71256
02:24:18 46064 73432
02:25:18 9076 31744
02:26:19 18702 46106
02:27:19 4559 70746
02:28:19 59455 50479
02:29:20 78112 70941
02:30:20 3880 796
02:31:21 92696 11800
02:32:21 26606 3534
02:33:22 150867 9150
02:34:22 48124 7805
02:35:22 63948 7826
02:36:23 2498 747
02:37:23 6767 2097
02:38:23 5992 6551
02:39:27 2673 3986
02:40:24 24585 2210
02:41:25 32507 3215
02:42:28 4974 1961
02:43:26 16122 3782
02:44:26 23981 2577
02:45:26 14974 4729
02:46:27 44152 12222
02:47:27 187515 21257
02:48:28 115279 21766
02:49:28 121400 7736
02:50:28 34398 3011
02:51:29 64180 7520
02:52:29 3633 2554
02:53:30 7336 8184
02:54:30 43194 5827
02:55:30 7858 8465
02:56:31 1968 1832
02:57:31 44682 3989
02:58:31 26496 3033
02:59:32 26522 3440
03:00:32 6333 5933
03:01:33 350526 25339
03:02:33 6597 4999
03:03:33 51565 9596
03:04:34 7415 8404
03:05:35 24918 6473
03:06:35 167740 8778
03:07:35 10678 2645
03:08:36 1436 394
03:09:36 1190 566
03:10:37 2532 1735
03:11:37 18342 5550
03:12:37 7383 1717
03:13:37 193460 13479
03:14:38 18062 4514
03:15:38 17609 1834
03:16:39 137650 7993
03:17:39 1902 778
03:18:39 202 608
03:19:40 1888 2868
03:20:40 283352 9920
03:21:40 466 778
03:22:41 9452 1092
03:23:41 6223 5061
03:25:14 1716 592
03:25:42 996 806
03:26:42 3510 1900
03:27:42 14664 3940
03:28:43 3338 246
03:29:43 55191 3638
03:30:43 2331 2978
03:31:44 2295 1580
03:32:44 2222 858
03:33:44 1087 715
03:34:44 69664 3667
03:35:45 1431 701
03:36:45 2607 1424
03:37:46 93947 12768
03:38:46 1513 1679
03:39:46 2326 334
03:40:47 858 664
03:41:47 81455 6367
03:42:47 13687 1370
03:43:48 22745 1353
03:44:48 38353 2003
03:45:48 38587 2292
03:46:49 12002 1591
03:47:49 35398 3048
03:48:49 166 240
03:49:50 5972 2395
03:50:50 1828 1100
03:51:50 2430 1676
03:52:51 3249 1032
03:53:51 20006 4545
03:54:52 1730 366
03:55:52 50335 4297
03:56:52 19795 2843
03:57:53 5000 532
03:58:53 1354 698
03:59:53 1412 2570
04:00:54 1456 408
04:01:54 464307 13538
04:02:54 2204 1773
04:03:54 5665 3919
04:04:56 24388 6699
04:05:56 1350 472
04:06:56 8228822 188309
04:07:56 276 222
04:08:56 995 252
04:09:58 1914 577
04:10:57 20479 2843
04:11:57 70336 5095
04:13:01 1914 554
04:13:58 92461 10670
04:14:59 29512 2609
04:15:59 2521 1444
04:16:59 4708 1087
04:17:59 3224 1718
04:19:00 1937 1237
04:20:00 42297 2828
04:21:00 2325 1989
04:22:01 3623 832
04:23:01 3658 3422
04:24:01 2084 2608
04:25:02 10626 1323
04:26:02 8698 2423
04:27:02 27808 1506
04:28:03 847 2443
04:29:03 4206 1962
04:30:04 1836 1081
04:31:04 39655 2954
04:32:04 2037 887
04:33:04 2470 1280
04:34:05 714 636
04:35:05 8721 1257
04:36:06 2415 4382
04:37:06 356 768
04:38:06 1906 1786
04:39:06 3333 1280
04:40:07 835 350
04:41:07 5049 5053
04:42:08 20643 1521
04:43:08 2902 1061
04:44:08 877 949
04:45:09 187754 5668
04:46:09 2694 726
04:47:10 20335 2211
04:48:10 4141 1511
04:49:10 2512 748
04:50:10 35739 3535
04:51:11 2622 574
04:52:11 9107 1510
04:53:11 18347 3308
04:54:12 5304 5712
04:55:12 45518 2985
04:56:13 6997 2527
04:57:13 7435 1984
04:58:13 1288 252
04:59:14 2571 687
05:00:14 33524 2870
05:01:14 1148 940
05:02:15 7020 682
05:03:15 51252 4163
05:04:15 6690 1391
05:05:16 1288 776
05:06:16 8694 739
05:07:16 1902 914
05:08:17 45045 6864
05:09:17 8749 3471
05:10:17 22803 5235
05:11:18 2352 1236
05:12:18 4019 3582
05:13:18 5486 2552
05:14:19 5097 4858
05:15:19 33022 1200
05:16:19 15486 2354
05:17:20 36111 2105
05:18:20 8954 909
05:19:21 2052 1037
05:20:21 74244 5131
05:21:21 415 851
05:22:22 15952 2030
05:23:22 1264 276
05:24:22 38597 2716
05:25:23 2010 764
05:26:23 4485 1897
05:27:23 3041 1419
05:28:24 83394 4506
05:29:24 1169 2927
05:30:24 12766 2604
05:31:25 3182 1863
05:32:25 27580 9596
05:33:25 2635 1135
05:34:26 3060 3898
05:35:26 3580 2462
05:36:26 1568 186
05:37:27 13186 2047
05:38:27 5904 2073
05:39:27 30190 1336
05:40:28 5863 1386
05:41:28 6308 973
05:42:29 1030 474
05:43:29 64485 5290
05:44:29 898 440
05:45:29 1436 268
05:46:30 78314 4104
05:47:30 11129 2762
05:48:30 16159 2877
05:49:31 3351 468
05:50:31 3168 703
05:51:32 2516 944
05:52:32 9176 1529
05:53:32 2030 474
05:54:33 27247 9206
05:55:33 11221 7868
05:56:33 10437 2249
05:57:34 1952 804
05:58:34 3488 4566
05:59:34 6382 6310
06:00:35 7517 1332
06:01:35 4035 2717
06:02:36 3271 645
06:03:36 6866 7582
06:04:37 13840 4129
06:05:37 22131 5852
06:06:37 28472 1806
06:07:38 25408 5577
06:08:38 1926 414
06:09:38 8143 962
06:10:39 9380 12993
06:11:39 1407 1199
06:12:39 12850 1625
06:13:40 45133 5306
06:14:40 311 772
06:15:41 1884 1240
06:16:41 873 756
06:17:41 11549 1680
06:18:42 38096 2962
06:19:42 19088 3997
06:20:42 166 240
06:21:43 1843 1132
06:22:43 4379 756
06:23:43 1063 681
06:24:47 2088 606
06:25:44 47925 2305
06:26:44 1682 968
06:27:45 534 510
06:28:45 956965 54330
06:29:45 20224 3481
06:30:46 1428 744
06:31:46 81397 6360
06:32:46 17976 3664
06:33:47 14220 856
06:34:47 1038 1347
06:35:47 15978 1102
06:36:48 12874 1095
06:37:48 1622 240
06:38:49 1875 282
06:39:49 1514 422
06:40:49 92845 5160
06:41:50 384892 12172
06:42:50 3225 776
06:43:50 22018 12352
06:44:50 7756 7564
06:45:51 3176 1186
06:46:51 70560 4493
06:47:51 7496 1227
06:48:52 28999 3305
06:49:52 1169 830
06:50:53 18965 2415
06:51:53 276 548
06:52:53 4612 654
06:53:53 34395 1828
06:54:54 1858 999
06:55:54 2208 781
06:56:55 17593 2161
06:57:55 27652 4313
06:58:55 2336 1962
06:59:56 555453 18883
07:00:56 1050747 65659
07:01:56 4675 2579
07:02:57 47364 1868
07:03:57 8178 998
07:04:57 2341 1140
07:05:58 1167 741
07:06:58 10992 678
07:07:58 12939 2699
07:08:58 1312 260
07:09:59 1044 1366
07:10:59 333195 37348
07:12:00 108035 27775
07:13:00 134458 15236
07:14:00 834 1103
07:15:00 60458 15354
07:16:01 26561 3339
07:17:01 10842 2725
07:18:02 3861 7933
07:19:02 43606 4340
07:20:02 3668 732
07:21:03 6992 12566
07:22:03 71434 16901
07:23:03 4226 3318
07:24:04 5134 4560
07:25:04 31733 7280
07:26:05 46174 8363
07:27:05 194956 20735
07:28:05 9972 3882
07:29:05 220454 20470
07:30:06 15027 4408
07:31:06 37943 7809
07:32:06 103394 13342
07:33:07 46813 8979
07:34:07 33172 4333
07:35:08 25341 8074
07:36:08 35862 7766
07:37:08 2330 3156
07:38:09 194969 12060
07:39:09 19646 2940
07:40:09 3680 3325
07:41:10 10391 1647
07:42:10 155742 8189
07:43:10 11775 3361
07:44:10 2920 3408
07:45:11 253597 13426
07:46:11 83775 8602
07:47:11 1013 3039
07:48:12 6794 2079
07:49:12 9775 1938
07:50:12 25711 2017
07:51:13 1342 796
07:52:13 15119 2276
07:53:13 17854 1963
07:54:14 53898 16236
07:55:17 58822 9928
07:56:14 8462 7792
07:57:15 906 386
07:58:15 2228 682
07:59:15 276431 13626
08:00:16 1634 665
08:01:16 47227 3284
08:02:16 5720 3645
08:03:16 1094 786
08:04:17 339360 14625
08:05:17 1243 879
08:06:17 1600 880
08:07:18 1700 518
08:08:18 12035 2120
08:09:18 1568 186
08:10:18 140243 13025
08:11:19 1874 388
08:12:19 15258 4221
08:13:19 13780 2142
08:14:20 1930 744
08:15:20 360 615
08:16:20 73214 5822
08:17:21 17551 16834
08:18:21 1505 2079
08:19:21 142748 17711
08:20:22 8432 4495
08:21:22 57097 6576
08:22:23 20281 2307
08:23:23 2561 993
08:24:24 2454 3580
08:25:24 19072 4372
08:26:24 40365 2768
08:27:25 61043 4958
08:28:25 31033 3083
08:29:25 307162 11755
08:30:26 306 906
08:31:26 516 749
08:32:26 12130 2508
08:33:27 32459 2887
08:34:27 48927 4513
08:35:27 25926 1277
08:36:28 488922 15178
08:37:28 395659 10815
08:38:28 37942 2460
08:39:28 26160 2494
08:40:29 24864 2811
08:41:29 39240 1731
08:42:30 42197 3604
08:43:30 101594 4956
08:44:30 192050 25382
08:45:31 7604 2591
08:46:31 240992 12837
08:47:31 34685 2828
08:48:32 138170 4092
08:49:32 81190 25999
08:50:32 140018 5056
08:51:33 177208 6988
08:52:33 61536 2485
08:53:33 64090 3824
08:54:34 63692 2665
08:55:35 280165 16734
08:56:36 88419 5440
08:57:36 167423 12743
08:58:37 89144 3987
08:59:37 2624 962
09:00:38 279956 10877
09:01:38 24066 1550
09:02:38 15246 2054
09:03:39 8286 1930
09:04:39 258947 14709
09:05:39 11224 5515
09:06:39 1067409 44077
09:07:39 868414 33442
09:08:40 18590 6274
09:09:40 10477 12061
09:10:40 85981 84652
09:11:40 794618 36952
09:12:41 452671 15791
09:13:41 283228 9507
09:14:41 51170 4836
09:15:44 9635 2189
09:16:42 105545 13554
09:17:42 279020 11018
09:18:43 10980 1980
09:19:43 99784 6777
09:20:43 16233 1799
09:21:44 24269 4164
09:22:44 91408 23400
09:23:44 1956 1024
09:24:44 127298 13273
09:25:44 23244 1354
09:26:45 1049960 46038
09:27:45 186056 15001
09:28:45 354355 18478
09:29:46 39473 2732
09:30:46 938824 39870
09:31:46 232597 8372
09:32:47 240763 15502
09:33:47 8644 2730
09:34:47 354314 13280
09:35:47 229758 18295
09:36:48 159731 16983
09:37:48 79423 4403
09:38:49 782264 27054
09:39:49 371550 8447
09:40:49 267461 10487
09:41:50 67337 4467
09:42:50 655595 22273
09:43:50 98851 8825
09:44:50 1929 567
09:45:51 9604 2449
09:46:51 10150 1470
09:47:51 948353 71343
09:48:51 344370 18113
09:49:52 350878 20044
09:50:52 4107 1371
09:51:52 17031 2764
09:52:52 7543 3741
09:53:53 144832 5981
09:54:53 57379 4829
09:55:53 296910 20849
09:56:53 149684 7028
09:57:54 56684 6238
09:58:54 433088 15127
09:59:54 136319 6557
10:00:54 134167 5612
10:01:55 810695 52587
10:02:55 141650 7899
10:03:55 69257 10918
10:04:55 256466 18242
10:05:56 79084 8154
10:06:56 510064 29328
10:07:56 119461 12411
10:08:56 62933 5235
10:09:57 91790 21682
10:10:57 203923 15034
10:11:57 523 501
10:12:57 83475 6820
10:13:58 6648 4954
10:14:58 21227 16203
10:15:58 20662 2995
10:16:58 107210 7202
10:17:59 12782 2009
10:18:59 8892 737
10:19:59 668467 24808
10:21:00 553401 23259
10:22:03 77684 4650
10:23:03 3194 1227
10:24:02 67626 6421
10:25:02 1622 134
10:26:05 30484 2916
10:27:03 172247 11887
10:28:03 12411 2957
10:29:04 4552 3122
10:30:04 431336 28817
10:31:04 1017 1109
10:32:05 767061 18928
10:33:05 317725 17111
10:34:05 206194 19243
10:35:05 97007 8744
10:36:05 361169 15114
10:37:06 448797 15258
10:38:08 274009 13302
10:39:07 861162 33197
10:40:08 1042684 33812
10:41:08 344007 14347
10:42:11 78466 5029
10:43:09 41971 4167
10:44:09 105878 10157
10:45:09 102841 163834
10:46:10 214374 7455
10:47:10 10448 2825
10:48:10 36441 5338
10:49:11 249450 18044
10:50:11 12184 5801
10:51:12 119978 14361
10:52:12 341989 200366
10:53:12 776 512
10:54:13 39865 2563
10:55:13 43409 8305
10:56:14 203633 11219
10:57:15 30989 3050
10:58:16 56813 6905
10:59:16 49388 7079
11:00:16 59785 211977
11:01:16 84588 6152
11:02:17 282056 202220
11:03:17 89725 15559
11:04:17 585578 17710
11:05:18 78983 4327
11:06:18 41007 3812
11:07:19 81338 8023
11:08:19 403635 19691
11:09:19 13887 5202
11:10:19 2349 1730
11:11:20 109617 10258
11:12:20 18334 1835
11:13:21 133606 8216
11:14:21 131198 8031
11:15:22 25355 4241
11:16:23 95507 5498
11:17:24 398710 199219
11:18:24 289294 81387
11:19:24 411060 14150
11:20:25 374135 43246
11:21:25 68441 7740
11:22:25 102311 9988
11:23:29 2758 7434
11:24:26 430556 31973
11:25:26 5282 3747
11:26:26 98922 34652
11:27:27 284887 15435
11:28:27 144205 14763
11:29:27 8804 8383
11:30:27 6063 2887
11:31:28 171465 12176
11:32:28 292595 11091
11:33:28 6995 2744
11:34:28 31510 2932
11:35:29 6549 2834
11:36:30 192076 7295
11:37:31 76784 10014
11:38:31 1019511 55769
11:39:31 252212 25723
11:40:32 221514 21122
11:41:32 20854 3761
11:42:32 11876 4909
11:43:32 2625 1538
11:44:33 41194 2968
11:45:34 3353 4504
11:46:35 32210 2355
11:47:35 29050 2559
11:48:35 19429 2856
11:49:36 13015 2149
11:50:36 124157 9609
11:51:37 736252 23829
11:52:38 24279 4555
11:53:38 2615 1302
11:54:39 28395 2528
11:55:39 113125 11790
11:56:39 26158 4539
11:57:40 14348 3870
11:58:40 148633 11011
11:59:40 5550 3866
12:00:40 38184 10216
12:01:41 35511 7126
12:02:41 214161 15853
12:03:41 33893 4261
12:04:42 1954 1694
12:05:42 251869 13125
12:06:43 37438 5915
12:07:43 6147 2916
12:08:43 3699 1230
12:09:44 3122 1994
12:10:45 7219 1925
12:11:45 105234 16098
12:12:45 32256 4631
12:13:46 16595 3608
12:14:46 70992 3105
12:15:46 43121 4621
12:16:47 33755 7033
12:17:48 30439 4420
12:18:48 54667 11588
12:19:48 6200 2897
12:20:49 1245 878
12:21:49 150229 132252
12:22:49 29849 2837
12:23:49 6448 2852
12:24:50 16699 3594
12:25:50 13896 2678
12:26:50 24754 3972
12:27:50 148445 7718
12:28:51 8858 2858
12:29:51 15615 3245
12:30:52 41858 4249
12:31:52 731117 24249
12:32:52 27442 8320
12:33:52 7564 5172
12:34:52 47148 5569
12:35:53 24208 25696
12:36:53 13603 5812
12:37:53 34153 13116
12:38:53 119671 6163
12:39:54 4270 1366
12:40:54 25461 2295
12:41:54 17307 2373
12:42:54 24692 3060
12:43:55 5275 1617
12:44:55 3576 2412
12:45:55 1034 1438
12:46:55 175804 5894
12:47:55 2718 1352
12:48:55 112646 6144
12:49:56 129820 8268
12:50:57 28229 2856
12:51:57 16567 2948
12:52:57 67964 4896
12:53:58 21456 3262
12:54:58 2003 803
12:55:58 11345 1115
12:56:59 136153 6791
12:57:59 129974 16001
12:58:59 38796 83882
12:59:59 2510 1118
13:00:59 18755 1632
13:02:00 5539 1921
13:03:00 525935 188713
13:04:00 3341 1821
13:05:00 4295 1304
13:06:01 75630 5631
13:07:01 32129 4863
13:08:01 3721 2921
13:09:01 140881 10305
13:10:01 31273 12512
13:11:01 27964 3727
13:12:02 3117 1028
13:13:02 1623 1446
13:14:02 66838 81708
13:15:02 67779 89170
13:16:02 1179 514
13:17:03 2395 1371
13:18:03 2884 1283
13:19:03 140865 5289
13:20:03 141087 4865
13:21:03 36086 16397
13:22:04 56374 4469
13:23:04 24834 4145
13:24:05 47114 3144
13:25:05 7733 2958
13:26:05 371006 18688
13:27:06 3183 937
13:28:06 9845 2314
13:29:06 7322 1837
13:30:06 243664 13360
13:31:07 21266 3907
13:32:07 1068046 41148
13:33:07 18897 6259
13:34:08 5253 2769
13:35:08 3620 2491
13:36:08 39024 4565
13:37:08 7590 86264
13:38:09 160240 8588
13:39:09 186852 10316
13:40:09 1806 959
13:41:09 93420 7040
13:42:10 9451 3221
13:43:11 313441 94487
13:44:11 89020 7964
13:45:11 4481 2361
13:46:11 3071 1992
13:47:12 91376 9307
13:48:12 77873 90420
13:49:12 19299 4618
13:50:12 9072 9851
13:51:12 22469 4882
13:52:13 45040 4034
13:53:13 89687 6524
13:54:14 124026 38276
13:55:14 826243 61318
13:56:14 97379 7783
13:57:14 19008 7544
13:58:14 123947 107168
13:59:15 162313 9942
14:00:15 81814 12998
14:01:15 6436 5254
14:02:15 59359 6283
14:03:16 165575 9260
14:04:16 1073240 62977
14:05:16 120793 6204
14:06:16 212063 102511
14:07:17 3820 4164
14:08:17 2416 2002
14:09:18 523798 43260
14:10:18 31464 11392
14:11:18 48243 6658
14:12:19 29160 6746
14:13:19 5023 3149
14:14:19 119003 9339
14:15:19 7456 4740
14:16:20 4286 3606
14:17:20 425033 16885
14:18:20 4695 3014
14:19:20 292436 53243
14:20:21 7196 6176
14:21:21 160999 12532
14:22:21 6920 4599
14:23:21 11672 4117
14:24:22 5463 5033
14:25:22 54828 6122
14:26:22 35746 11108
14:27:23 89970 92522
14:28:23 113035 135307
14:29:23 67196 92818
14:30:23 74672 14049
14:31:24 117804 7986
14:32:24 5240 4340
14:33:24 65548 53406
14:34:25 4955 4284
14:35:25 80247 13843
14:36:26 17217 8636
14:37:26 220786 18005
14:38:27 3856 1974
14:39:27 256376 12489
14:40:27 225052 23359
14:41:28 70700 9099
14:42:28 198043 12150
14:43:29 10658 8086
14:44:30 26853 3236
14:45:31 92353 7872
14:46:31 4752 5128
14:47:31 7478 7179
14:48:32 28532 12857
14:49:32 90277 20139
14:50:32 6749 4909
14:51:33 4496 3860
14:52:33 511438 21901
14:53:33 291448 25301
14:54:34 5723 6504
14:55:34 19377 6164
14:56:34 3777 3069
14:57:34 87313 12291
14:58:35 110094 26227
14:59:35 2752 2393
15:00:35 159474 12574
15:01:35 5340 3062
15:02:35 90841 5533
15:03:36 4834 4717
15:04:36 48578 20316
15:05:36 118221 8372
15:06:36 4186 4159
15:07:37 14764 2361
15:08:40 325485 17649
15:09:37 43719 10132
15:10:37 219119 22480
15:11:38 74551 5881
15:12:39 192420 12950
15:13:39 94044 7596
15:14:42 19233 5256
15:15:40 33685 5540
15:16:40 19375 7712
15:17:40 34012 5486
15:18:40 307238 12369
15:19:41 39610 4570
15:20:41 7734 2401
15:21:41 333140 11780
15:22:44 7094 1711
15:23:41 728297 33265
15:24:42 117637 7557
15:25:42 491390 23887
15:26:42 99654 5481
15:27:42 296771 19415
15:28:45 455487 18834
15:29:43 7600 1313
15:30:43 4294 1652
15:31:44 239044 8422
15:32:44 262780 9752
15:33:44 81414 3947
15:34:44 22157 4858
15:35:44 66783 81003
15:36:45 284657 14031
15:37:45 9106 2601
15:38:45 10810 2744
15:39:45 782001 26539
15:40:45 6373 1842
15:41:46 389366 24993
15:42:49 4988 724
15:43:46 62020 1946
15:44:46 93339 9514
15:45:47 35647 2352
15:46:47 954 586
15:47:47 238714 8097
15:48:48 131825 18144
15:49:48 21506 3117
15:50:48 21055 3032
15:51:49 199052 22455
15:52:49 80489 7898
15:53:49 1066690 76079
15:54:49 16977 3598
15:55:49 324 180
15:56:49 25457 5305
15:57:50 310124 18672
15:58:50 443919 22682
15:59:50 667039 99049
16:00:50 217251 94158
16:01:51 214999 100836
16:02:51 374737 21053
16:03:52 5487 86870
16:04:51 146058 10481
16:05:51 9416 5572
16:06:52 7711 5985
16:07:52 7777 6926
16:08:52 28180 2699
16:09:52 2592 784
16:10:52 12354 9884
16:11:53 69374 9902
16:12:53 5749 2118
16:13:53 55415 3787
16:14:54 273124 11237
16:15:54 1886 498
16:16:54 240587 11189
16:17:53 -1 -1
16:18:54 4680 2765
16:19:55 101291 10737
16:20:55 10862 1764
16:21:55 5878 3285
16:22:55 535657 65640
16:23:55 17296 5183
16:24:56 829423 30227
16:25:56 542990 40569
16:26:56 19647 5233
16:27:57 44962 3763
16:28:57 1694 1404
16:29:57 2231 2096
16:30:57 15635 2159
16:31:58 362916 14844
16:32:58 544034 27052
16:33:59 28247 4831
16:34:59 43903 19957
16:35:59 1065895 36646
16:36:59 309935 26791
16:37:59 22569 2472
16:39:00 1065383 25794
16:40:00 14318 2489
16:41:00 11108 3782
16:42:01 4557 1413
16:43:01 453037 14455
16:44:01 755384 24290
16:45:01 68645 5834
16:46:01 30781 8423
16:47:01 120940 12681
16:48:02 8558 3222
16:49:02 20566 3900
16:50:02 203567 8592
16:51:02 3948 1969
16:52:02 20424 101068
16:53:03 29219 3809
16:54:03 167487 12439
16:55:04 293457 111482
16:56:04 1543 498
16:57:04 564792 21552
16:58:04 116261 8408
16:59:05 97627 7876
17:00:05 50196 11662
17:01:05 92611 7807
17:02:05 63410 6161
17:03:06 61262 4753
17:04:06 255927 11502
17:05:16 200866 15998
17:06:07 31179 1079
17:07:07 9051 1600
17:08:07 20648 7077
17:09:07 111885 5925
17:10:07 191158 22926
17:11:08 57268 3338
17:12:08 58139 2444
17:13:08 357646 21036
17:14:08 172374 9687
17:15:09 187647 12213
17:16:09 117098 7336
17:17:09 46822 2708
17:18:09 141262 7331
17:19:10 12648 2358
17:20:10 1250908 33909
17:21:10 512546 26244
17:22:10 54456 5685
17:23:11 324 764
17:24:11 2028 968
17:25:11 675334 28755
17:26:12 353303 23952
17:27:12 3808 3232
17:28:12 10968 131205
17:29:13 1988 1230
17:30:13 85840 4629
17:31:13 35073 9750
17:32:13 5086 1738
17:33:14 122548 5724
17:34:14 22244 2045
17:35:14 4698 2035
17:36:15 11088 3617
17:37:15 78804 5453
17:38:15 18205 8602
17:39:16 41926 5049
17:40:16 10837 2695
17:41:16 18775 3689
17:42:17 36738 5145
17:43:17 87358 8117
17:44:18 18780 8750
17:45:18 37209 4483
17:46:18 319728 17508
17:47:19 104177 7756
17:48:19 16638 1403
17:49:19 81714 7394
17:50:19 205530 21663
17:51:20 43848 4792
17:52:20 59214 6633
17:53:20 30412 870
17:54:20 423835 10868
17:55:21 2140 1624
17:56:21 2512 1932
17:57:21 3582 4216
17:58:21 51632 2808
17:59:22 101337 5806
18:00:22 6211 2530
18:01:22 43120 4093
18:02:23 558 677
18:03:23 3792 1868
18:04:23 651981 30969
18:05:23 660552 22342
18:06:23 588602 22606
18:07:24 144474 8744
18:08:24 180403 7132
18:09:24 87069 5812
18:10:24 76943 19723
18:11:25 44680 4710
18:12:25 58478 4192
18:13:25 21959 4672
18:14:26 144382 99688
18:15:26 228394 15374
18:16:26 33407 3025
18:17:26 256506 10521
18:18:27 32005 5496
18:19:27 241426 14668
18:20:27 1026327 31975
18:21:27 376419 20299
18:22:28 97191 5660
18:23:29 20643 3095
18:24:29 1354 312
18:25:29 17383 5364
18:26:30 50879 4274
18:27:30 3880 3675
18:28:31 5899 4059
18:29:31 179957 7772
18:30:31 195750 68441
18:31:32 279263 70921
18:32:32 167116 69572
18:33:32 24021 67001
18:34:32 128369 71980
18:35:32 22471 78787
18:36:33 5605 55193
18:37:33 5490 59595
18:38:33 3867 57589
18:39:33 6815 65964
18:40:34 26556 51669
18:41:34 32330 71024
18:42:34 3680 69512
18:43:34 13232 66516
18:44:34 17524 62002
18:45:35 11037 66826
18:46:35 12121 69705
18:47:35 39370 69341
18:48:35 82649 72859
18:49:36 4682 69576
18:50:36 4206 65982
18:51:36 233428 75257
18:52:36 11306 65790
18:53:37 7108 67192
18:54:37 7336 65767
18:55:37 156790 71569
18:56:37 43958 65514
18:57:38 45863 70108
18:58:38 41412 66610
18:59:38 4777 65538
19:00:38 21537 74083
19:01:38 82210 70747
19:02:39 6694 65635
19:03:39 71334 33627
19:04:39 25828 53689
19:05:39 5253 67256
19:06:40 43355 55348
19:07:40 3164 62940
19:08:42 165646 82363
19:09:40 14792 72659
19:10:40 3440 4676
19:11:41 22952 65037
19:12:41 17023 66389
19:13:41 33412 68224
19:14:41 13474 64963
19:15:42 72833 69030
19:16:42 6821 65171
19:17:42 36868 67311
19:18:42 64846 69810
19:19:42 18082 76326
19:20:43 418113 81246
19:21:43 736637 86706
19:22:43 21800 66376
19:23:44 854278 102619
19:24:44 11034 70648
19:25:44 16651 52561
19:26:44 1128 690
19:27:44 2684 1632
19:28:44 1324 1260
19:29:45 142412 11714
19:30:45 15730 15250
19:31:45 432382 27508
19:32:45 139599 10193
19:33:47 1891 2616
19:34:47 12231 8185
19:35:47 7465 2382
19:36:47 207553 13275
19:37:48 17852 1616
19:38:48 20603 2806
19:39:48 3278 2260
19:40:48 153513 5810
19:41:49 1286 246
19:42:49 2465 905
19:43:49 22103 2182
19:44:49 77399 5388
19:45:49 4840 1693
19:46:50 28560 6638
19:47:50 376321 25324
19:48:50 3527 7778
19:49:50 21981 2052
19:50:51 16291 1667
19:51:51 772688 29087
19:52:51 200070 8775
19:53:51 51737 4522
19:54:51 191408 8515
19:55:51 393059 24308
19:56:52 2547 380
19:57:52 40991 5113
19:58:55 65655 5075
19:59:52 43022 5188
20:00:53 5130 1911
20:01:53 2236 1321
20:02:53 51784 2560
20:03:53 311060 15953
20:04:54 11083 2147
20:05:54 28189 4421
20:06:54 44239 5493
20:07:54 194681 7445
20:08:54 23691 2567
20:09:54 26339 1454
20:10:55 21967 8328
20:11:55 1196 1264
20:12:55 141665 8304
20:13:55 18639 3033
20:14:55 3485 1812
20:15:56 14807 2421
20:16:56 24937 2528
20:17:56 75252 7583
20:18:56 2823 767
20:19:57 6712 2113
20:20:57 8748 1733
20:21:57 2096 966
20:22:57 22373 5425
20:23:58 41548 2341
20:24:58 7764 2376
20:25:58 8482 914
20:26:58 3325 3169
20:27:59 7810 1909
20:28:59 4685 2640
20:29:59 88668 4943
20:30:59 30478 1861
20:31:59 274187 13237
20:33:00 96290 21629
20:34:00 17043 8778
20:35:00 23914 2553
20:36:00 1742 1009
20:37:00 3379 4381
20:38:01 3109 3009
20:39:01 29248 3288
20:40:01 8459 7705
20:41:01 21425 8238
20:42:02 39533 5998
20:43:02 7306 7543
20:44:02 4887 2471
20:45:02 1015734 38730
20:46:02 3586 1604
20:47:03 8018 2870
20:48:03 5064 1811
20:49:03 17882 1110
20:50:03 1929 945
20:51:03 9822 5586
20:52:04 1878 811
20:53:04 5138 3354
20:54:04 7436 6735
20:55:04 38188 7322
20:56:04 8753 1628
20:57:07 21819 2816
20:58:05 47359 9374
20:59:05 14146 5272
21:00:05 241321 12964
21:01:06 20275 9757
21:02:06 30421 6443
21:03:06 38020 19885
21:04:06 92615 6390
21:05:06 40264 4715
21:06:07 8268 2250
21:07:07 3479 1814
21:08:07 62935 7829
21:09:07 11966 2923
21:10:07 962517 32927
21:11:07 3314 1657
21:12:08 7215 2041
21:13:08 26207 3910
21:14:08 6837 2668
21:15:08 9014 2845
21:16:08 28814 5189
21:17:09 30033 4553
21:18:09 1234 1658
21:19:09 26166 14609
21:20:10 2002 748
21:21:10 4578 2221
21:22:10 278284 24871
21:23:10 19188 5976
21:24:11 79492 4997
21:25:11 960 1678
21:26:11 19317 3452
21:27:11 9779 2561
21:28:12 44229 5446
21:29:12 7768 2592
21:30:12 1870 1474
21:31:12 15760 3058
21:32:12 42342 2282
21:33:13 2016 264
21:34:16 4393 1033
21:35:13 8678 1060
21:36:13 38534 1792
21:37:13 2596 1552
21:38:14 85344 7947
21:39:14 40598 4882
21:40:14 83824 5906
21:41:14 2842 2466
21:42:15 45406 2861
21:43:15 25660 6865
21:44:15 126400 9401
21:45:15 4368 1485
21:46:16 33021 3672
21:47:16 176237 7790
21:48:16 317419 20192
21:49:16 6014 3443
21:50:17 155707 88347
21:51:17 20026 5783
21:52:17 41011 2795
21:53:17 144858 6169
21:54:18 39074 4712
21:55:18 663925 26780
21:56:18 225395 15706
21:57:18 15624 4448
21:58:18 6586 2120
21:59:19 26459 3844
22:00:19 8407 3051
22:01:19 4051 2527
22:02:19 31617 3572
22:03:20 6411 6803
22:04:20 343176 14700
22:05:20 24836 3933
22:06:21 50135 5301
22:07:21 9623 3373
22:08:21 40148 8851
22:09:21 7173 10092
22:10:22 23580 6545
22:11:22 35248 5056
22:12:22 48230 18743
22:13:22 50112 11062
22:14:22 62076 15335
22:15:23 131325 11450
22:16:23 96285 15704
22:17:23 40762 6341
22:18:23 3926 3556
22:19:24 5494 5970
22:20:24 39506 4867
22:21:24 21409 2313
22:22:24 76322 7355
22:23:25 55067 14702
22:24:25 66352 11134
22:25:25 5368 6436
22:26:25 1467 18301
22:27:26 8670 31420
22:28:26 27172 8795
22:29:26 16273 11128
22:30:26 19816 9856
22:31:27 543216 22817
22:32:27 468268 21913
22:33:27 45677 3479
22:34:27 50452 5187
22:35:28 144895 21321
22:36:28 58969 16129
22:37:28 29952 11389
22:38:29 20940 98696
22:39:29 9085 8335
22:40:29 20524 1718
22:41:29 92004 3731
22:42:30 9030 11182
22:43:30 23309 5325
22:44:30 35348 8378
22:45:30 32990 4450
22:46:31 21272 4862
22:47:31 3661 914
22:48:31 9080 1358
22:49:31 12519 5525
22:50:32 36609 3122
22:51:32 42702 3714
22:52:32 33796 7342
22:53:32 27089 13378
22:54:33 16226 3650
22:55:33 60863 12909
22:56:33 624870 32885
22:57:33 444509 36955
22:58:34 49612 10524
22:59:34 46363 9495
23:00:34 68327 12016
23:01:34 32341 3373
23:02:35 52338 9654
23:03:35 10264 9818
23:04:35 35790 2298
23:05:36 18372 2545
23:06:36 292479 37145
23:07:36 44466 16722
23:08:36 28365 3563
23:09:37 12036 11724
23:10:37 44979 16085
23:11:37 720044 42851
23:12:37 47680 2478
23:13:37 28844 8224
23:14:38 32719 15459
23:15:38 36489 6168
23:16:38 15711 5446
23:17:39 13326 12275
23:18:39 18069 13191
23:19:39 80049 16527
23:20:40 4834 6183
23:21:40 42546 4606
23:22:40 153157 19054
23:23:40 7172 7835
23:24:40 5218 2202
23:25:41 31674 12788
23:26:41 11616 13253
23:27:41 33597 11303
23:28:41 41447 8634
23:29:42 9624 13177
23:30:42 28825 6923
23:31:42 26031 12963
23:32:43 36990 18881
23:33:43 65821 2678
23:34:43 5654 4840
23:35:43 219689 9514
23:36:44 44432 6683
23:37:44 86060 10047
23:38:44 9286 4746
23:39:45 22785 7083
23:40:45 26525 7721
23:41:45 148925 17891
23:42:46 32154 4191
23:43:46 46744 6794
23:44:46 35360 12675
23:45:47 11404 2341
23:46:47 30001 3349
23:47:48 235617 14187
23:48:49 6682 7342
23:49:49 35485 15693
23:50:50 28910 8840
23:51:50 129527 12195
23:52:51 32173 6653
23:53:52 45137 7049
23:54:53 92957 13393
23:55:53 64768 12394
23:56:54 236695 28586
23:57:55 272014 16833
23:58:55 33945 3686
23:59:55 23453 4301
