00:01:24 81947 14047
00:02:42 24685 5641
00:03:24 30465 7052
00:04:18 88190 8420
00:05:18 143421 10017
00:06:19 66849 9977
00:07:19 60670 7106
00:08:21 272197 21505
02:00:07 11978 2521
02:01:08 102365 108959
02:02:09 375857 16830
02:03:09 33217 12268
02:04:09 21838 1806
02:05:10 52864 8376
02:06:10 53975 8050
02:07:11 135949 28349
02:08:11 65546 7732
02:09:11 74573 12437
02:10:12 74539 9578
02:11:12 93679 8863
02:12:13 97225 7654
02:13:13 7873 1650
02:14:13 90813 17241
02:15:14 28561 3221
02:16:14 572068 103131
02:17:15 86636 6184
02:18:15 39697 8833
02:19:16 175000 13717
02:20:16 61257 3237
02:21:17 85068 11990
02:22:17 35183 5883
02:23:17 113202 6368
02:24:18 72839 13892
02:25:18 92476 17845
02:26:19 22618 7342
02:27:19 1008 881
02:28:20 138863 11297
02:29:20 76826 18596
02:30:20 36129 3097
02:31:21 114259 16811
02:32:21 31728 6013
02:33:22 18791 2995
02:34:22 48508 3781
02:35:22 67380 6556
02:36:23 39068 5617
02:37:23 80935 13050
02:38:24 5079 3304
02:39:24 60980 6140
02:40:24 8446 2961
02:41:25 3242 4325
02:42:25 326824 13901
02:43:26 49404 7141
02:44:26 70267 13941
02:45:26 118779 12226
02:46:27 53502 11723
02:47:27 10740 10811
02:48:28 129156 52968
02:49:28 32416 5009
02:50:28 123581 8801
02:51:29 312108 20986
02:52:29 102642 11406
02:53:30 87867 5999
02:54:30 82064 5606
02:55:30 100330 14200
02:56:31 42073 10154
02:57:31 29525 4610
02:58:32 66127 14089
02:59:32 67063 11630
03:00:32 83124 11317
03:01:33 40935 8461
03:02:33 118611 12550
03:03:33 42023 8242
03:04:34 48179 24631
03:05:35 95476 20380
03:06:35 16463 6970
03:07:35 84842 11161
03:08:36 237386 19289
03:09:36 83745 6788
03:10:36 36619 3534
03:11:37 122691 22116
03:12:37 233229 24956
03:13:38 237601 23114
03:14:38 34929 4021
03:15:38 13716 4165
03:16:38 26524 10103
03:17:39 124011 17520
03:18:39 136708 23039
03:19:40 4115 2504
03:20:40 117792 16222
03:21:40 83415 7546
03:22:41 81894 7359
03:23:41 37668 7195
03:24:41 119605 7826
03:25:42 142003 9833
03:26:42 225165 14829
03:27:42 109429 6616
03:28:43 35305 2225
03:29:43 31303 3816
03:30:43 61156 4680
03:31:44 41196 2850
03:32:44 71082 27454
03:33:44 7912 1484
03:34:45 29632 4532
03:35:45 736942 27356
03:36:45 62888 53873
03:37:46 158785 14365
03:38:46 66280 6752
03:39:46 257639 14645
03:40:47 276975 15550
03:41:47 236835 14528
03:42:47 91132 7012
03:43:48 14898 67784
03:44:48 63758 8741
03:45:49 34928 5756
03:46:49 -1 -1
03:47:50 22326 3255
03:48:50 127479 7762
03:49:50 124159 13407
03:50:50 119438 12886
03:51:51 239420 22804
03:52:51 126202 13485
03:53:51 64789 5269
03:54:51 45988 6265
03:55:52 461 514
03:56:52 99064 11369
03:57:53 51057 3652
03:58:53 38032 3180
03:59:53 4395 4734
04:00:54 26364 3558
04:01:54 78660 4432
04:02:54 206532 11602
04:03:55 286982 22813
04:04:55 47570 9152
04:05:55 50538 8065
04:06:57 22333 4551
04:07:56 67935 4083
04:08:57 23741 3321
04:09:57 94404 6915
04:10:57 498731 16683
04:11:57 66627 5413
04:12:58 61538 5668
04:13:58 118483 13112
04:14:58 22427 2662
04:15:59 29638 3688
04:16:59 49992 4899
04:17:59 174033 13737
04:19:00 11465 2263
04:20:02 914 1911
04:21:03 31673 5964
04:22:01 56917 9124
04:23:01 101744 10427
04:24:01 24231 11132
04:25:02 37728 7982
04:26:03 25453 4133
04:27:02 11793 1042
04:28:03 58108 6047
04:29:03 18327 3856
04:30:03 125698 10419
04:31:04 33317 9084
04:32:04 192811 16880
04:33:05 83471 11928
04:34:05 260678 14825
04:35:05 249509 20615
04:36:06 157337 12343
04:37:06 232900 30951
04:38:06 75198 10984
04:39:07 130359 8283
04:40:07 98241 10611
04:41:07 276595 45547
04:42:08 30039 4627
04:43:08 16161 8803
04:44:08 2282447 60946
04:45:09 91110 3760
04:46:09 153670 8623
04:47:09 95252 6131
04:48:10 52140 2447
04:49:10 43372 5598
04:50:10 66043 8530
04:51:11 47178 6682
04:52:11 87621 16389
04:53:11 127790 7224
04:54:12 30009 3010
04:55:12 48249 6391
04:56:13 78626 7737
04:57:13 132500 12352
04:58:13 81460 21035
04:59:14 22988 5110
05:00:15 116930 7736
05:01:14 530612 56522
05:02:15 83008 7526
05:03:15 32514 21368
05:04:15 219715 19592
05:05:16 200686 11071
05:06:16 38672 3117
05:07:16 442144 20267
05:08:17 29040 4832
05:09:17 44000 7036
05:10:17 33470 6548
05:11:18 130181 15138
05:12:18 107402 10226
05:13:18 493209 12124
05:14:19 106082 8800
05:15:19 33963 6967
05:16:19 32331 9678
05:17:20 54175 5726
05:18:20 68208 6875
05:19:21 29631 6629
05:20:21 74556 4228
05:21:21 87215 9044
05:22:22 51462 25507
05:23:22 45669 4633
05:24:22 70143 7748
05:25:23 131816 12248
05:26:23 40067 12251
05:27:24 40321 4614
05:28:24 494 1151
05:29:24 11870 632
05:30:24 23904 7954
05:31:25 13076 826
05:32:25 20620 5537
05:33:26 16963 3318
05:34:26 19564 4869
05:35:26 17392 5851
05:36:26 56522 4737
05:37:27 15685 3465
05:38:27 26242 5936
05:39:28 23706 1616
05:40:28 30010 3640
05:41:28 18332 1966
05:42:29 74616 6800
05:43:29 27690 3902
05:44:29 13002 2789
05:45:29 104492 6753
05:46:30 26606 1830
05:47:30 6189 2017
05:48:31 25264 2061
05:49:31 48152 2967
05:50:31 78543 6362
05:51:32 29951 5323
05:52:32 71533 7414
05:53:32 86602 8683
05:54:33 43105 2958
05:55:33 18180 4504
05:56:33 26076 6132
05:57:34 32929 9378
05:58:34 48724 8997
05:59:34 47880 9127
06:00:35 66937 11047
06:01:35 7739 3078
06:02:36 201397 16401
06:03:36 161478 17700
06:04:37 49247 6110
06:05:37 30586 9465
06:06:37 751080 52082
06:07:38 223988 27650
06:08:38 59556 7843
06:09:39 269287 27159
06:10:39 440679 29664
06:11:39 89479 9842
06:12:40 86121 21291
06:13:40 44609 3433
06:14:40 3254 677
06:15:41 7476 2157
06:16:41 19053 860
06:17:41 34630 5681
06:18:42 701319 25066
06:19:42 48838 7718
06:20:42 22989 16102
06:21:43 27408 1172
06:22:43 4972 3251
06:23:43 24188 3259
06:25:05 44994 5950
06:25:44 88832 7386
06:26:45 210647 34025
06:27:45 72421 19684
06:28:45 33155 3125
06:29:45 935 1402
06:30:46 59512 8344
06:31:46 326 454
06:32:46 143581 13702
06:33:47 17786 3742
06:34:47 254601 19797
06:35:48 91039 8217
06:36:48 161253 10949
06:37:48 109452 6744
06:38:48 60767 6682
06:39:49 536 422
06:40:49 56433 5082
06:41:50 58641 2959
06:42:50 44054 25389
06:43:50 86645 15589
06:44:51 103878 55983
06:45:51 89016 46094
06:46:51 64958 48263
06:47:52 127417 48847
06:48:52 78347 7441
06:49:52 251943 13548
06:50:53 26247 1855
06:51:53 22733 3843
06:52:53 931501 40598
06:53:53 30136 13382
06:54:54 31703 4441
06:55:54 101432 12512
06:56:55 226579 17580
06:57:55 71634 7819
06:58:55 1184 1656
06:59:56 13341 1282
07:00:56 17351 4244
07:01:56 42424 4589
07:02:56 23525 5098
07:03:57 326739 10864
07:04:57 5470 1611
07:05:58 182 314
07:06:58 8586 3358
07:07:58 147836 14098
07:08:59 67318 10461
07:09:59 100240 14253
07:10:59 69366 22509
07:11:59 92963 16391
07:13:00 81476 7204
07:14:00 101925 6670
07:15:00 20836 2642
07:16:01 31917 4937
07:17:01 39626 5890
07:18:02 160891 11532
07:19:02 87550 10545
07:20:02 26971 8365
07:21:03 35619 7940
07:22:03 101974 17021
07:23:03 33388 3356
07:24:04 42266 7788
07:25:04 28508 3586
07:26:05 491017 106552
07:27:05 13450 1741
07:28:05 78116 27425
07:29:05 115729 16120
07:30:06 1883 799
07:31:06 256744 15537
07:32:07 227403 12157
07:33:07 38236 2994
07:34:07 22392 2267
07:35:08 77935 9392
07:36:08 294516 18463
07:37:08 3246 4432
07:38:08 120991 15231
07:39:09 52949 8670
07:40:09 4750 2263
07:41:10 148248 13473
07:42:10 24056 4468
07:43:10 68487 8930
07:44:10 78966 7652
07:45:11 80272 10162
07:46:11 42624 6422
07:47:11 24285 2359
07:48:12 46272 71310
07:49:12 57579 4108
07:50:12 59310 5193
07:51:13 34631 4688
07:52:13 55126 4390
07:53:13 73839 4852
07:54:14 17370 5232
07:55:14 151118 15881
07:56:14 8792 8165
07:57:15 92490 12860
07:58:15 21726 3944
07:59:15 30967 6167
08:00:16 29079 2492
08:01:16 468296 20063
08:02:16 405152 20277
08:03:16 248204 11230
08:04:17 339875 15155
08:05:17 310758 10898
08:06:17 166668 12700
08:07:18 54 0
08:08:18 65462 7377
08:09:18 42437 900
08:10:19 75176 3428
08:11:19 86226 7900
08:12:19 120938 6478
08:13:19 128844 7311
08:14:20 76232 6958
08:15:20 18795 3583
08:16:20 29854 13205
08:17:21 3342 2869
08:18:21 139696 11270
08:19:21 29969 7786
08:20:22 130691 11516
08:21:22 194022 12087
08:22:23 114924 9868
08:23:23 44447 7475
08:24:24 64409 18437
08:25:24 55532 8165
08:26:24 73666 115220
08:27:25 35847 5606
08:28:25 57420 8783
08:29:25 36564 3913
08:30:26 60906 9192
08:31:26 66615 23903
08:32:26 32471 2997
08:33:27 27795 8183
08:34:27 134396 5141
08:35:27 10408 3231
08:36:28 94926 7861
08:37:28 295973 17764
08:38:28 13881 1567
08:39:28 135335 5676
08:40:29 355378 18798
08:41:29 63063 5492
08:42:30 113788 12338
08:43:30 91149 13601
08:44:30 261836 29804
08:45:34 117698 10928
08:46:31 386033 21963
08:47:31 443533 24690
08:48:32 195176 80283
08:49:32 117806 9312
08:50:32 189344 16097
08:51:33 628059 31560
08:52:33 262172 13622
08:53:33 332792 75116
08:54:34 149195 10369
08:55:35 344918 26118
08:56:36 168802 13585
08:57:36 13320 1922
08:58:37 600346 46842
08:59:38 17831 2604
09:00:38 153759 19533
09:01:38 137379 9686
09:02:46 76127 5052
09:03:39 1070759 54744
09:04:41 29253 6751
09:05:40 137855 21332
09:06:39 237962 22330
09:07:39 44187 23648
09:08:40 70698 18569
09:09:40 8880 8159
09:10:40 146517 17342
09:11:42 145341 16373
09:12:41 295753 36258
09:13:41 2127 1665
09:14:41 89106 8547
09:15:42 108557 5525
09:16:42 66754 4312
09:17:42 403854 36602
09:18:43 52026 23610
09:19:43 106437 18848
09:20:43 177274 48173
09:21:44 71579 12853
09:22:44 64819 18426
09:23:44 100692 12473
09:24:44 629797 38412
09:25:45 313327 18589
09:26:44 -1 -1
09:27:45 1065287 42844
09:28:45 123016 5522
09:29:46 93747 9739
09:30:46 306746 25329
09:31:46 183533 15344
09:32:47 471884 31380
09:33:47 90291 5577
09:34:48 67623 7366
09:35:47 209388 23384
09:36:48 10171 6352
09:37:51 184991 12895
09:38:51 50135 8880
09:39:50 547834 45167
09:40:51 670774 32979
09:41:51 121698 20928
09:42:52 445601 93996
09:43:50 119099 9421
09:44:51 437046 41070
09:45:51 368124 11808
09:46:51 117815 9322
09:47:51 3962 2129
09:48:51 43111 3391
09:49:55 98233 7978
09:50:52 237963 15500
09:51:52 380398 56315
09:52:52 690892 34901
09:53:53 47129 7262
09:54:53 55144 9523
09:55:53 -1 -1
09:56:53 1063689 39429
09:57:54 150629 9144
09:58:54 462771 128389
09:59:54 350045 37476
10:00:54 313165 13286
10:01:55 169568 27011
10:02:55 101778 8192
10:03:55 140996 16825
10:04:55 147825 10072
10:05:56 48887 10957
10:06:56 50281 7341
10:07:56 166546 11562
10:08:56 158752 9947
10:09:57 166673 19654
10:10:57 142536 11199
10:11:57 150024 13225
10:12:57 1065082 38680
10:13:58 201066 20046
10:14:58 118323 48091
10:15:58 31514 1790
10:16:58 199021 140626
10:17:59 362949 25468
10:18:59 216187 24989
10:19:59 274870 17339
10:20:59 73255 8529
10:22:02 106125 12723
10:23:01 400131 15942
10:24:02 62473 8142
10:25:03 27241 3314
10:26:15 95073 14232
10:27:04 495737 20486
10:28:04 99497 9647
10:29:05 178144 15185
10:30:05 194344 15653
10:31:05 121845 9976
10:32:06 134802 13708
10:33:06 1065931 41920
10:34:06 87434 6276
10:35:05 -1 -1
10:36:07 106220 8136
10:37:07 193214 16144
10:38:07 271474 75701
10:39:07 55275 3928
10:40:08 345435 23969
10:41:08 88974 7078
10:42:09 501805 62055
10:43:09 119728 23067
10:44:09 437289 31965
10:45:09 775820 66280
10:46:10 119227 34765
10:47:10 103294 9918
10:48:10 978543 42572
10:49:11 81113 19246
10:50:11 209589 132250
10:51:12 86814 8597
10:52:12 64648 7840
10:53:12 165785 12142
10:54:13 461844 32175
10:55:13 193180 11852
10:56:14 272587 27654
10:57:14 119474 8460
10:58:16 928564 38202
10:59:16 162175 9438
11:00:19 174146 13081
11:01:16 84526 15376
11:02:17 683941 31541
11:03:17 738309 35661
11:04:17 731300 36222
11:05:18 73714 6344
11:06:18 49542 5960
11:07:19 138083 11511
11:08:19 1039507 96794
11:09:19 60309 61507
11:10:19 212226 25185
11:11:20 155104 12843
11:12:20 161665 138196
11:13:21 790662 33103
11:14:22 391383 15994
11:15:22 86086 5761
11:16:23 290274 14692
11:17:24 11548 5419
11:18:24 107414 48083
11:19:24 36267 3147
11:20:25 114139 65057
11:21:25 147001 16794
11:22:25 46221 4274
11:23:29 526490 27685
11:24:26 212855 23855
11:25:26 296943 25556
11:26:26 133376 29732
11:27:27 1039409 47685
11:28:27 703136 34328
11:29:27 278499 21900
11:30:27 492351 18418
11:31:28 1071051 109009
11:32:28 108527 8021
11:33:31 47478 8943
11:34:29 168767 27305
11:35:29 954154 67808
11:36:30 179277 11824
11:37:31 274605 14629
11:38:31 52123 5983
11:39:31 426038 34521
11:40:32 547546 22303
11:41:32 298194 15101
11:42:32 550766 31829
11:43:32 137755 10834
11:44:33 164442 15625
11:45:34 137871 69407
11:46:35 657062 57018
11:47:35 52698 5730
11:48:35 1065446 35263
11:49:36 1027875 31796
11:50:36 713718 31696
11:51:37 473070 19841
11:52:38 1073764 46967
11:53:38 48621 2198
11:54:39 56813 5651
11:55:39 62172 5567
11:56:39 24817 4181
11:57:40 26755 1879
11:58:40 62637 6804
11:59:40 107093 7927
12:00:40 135374 7608
12:01:41 20298 4584
12:02:41 114568 12380
12:03:41 297749 23884
12:04:41 68825 7097
12:05:42 28144 2243
12:06:43 8679 20492
12:07:43 111972 9149
12:08:43 459514 24730
12:09:44 385482 23542
12:10:45 256968 19227
12:11:45 1073397 53584
12:12:45 879827 31120
12:13:45 23202 3692
12:14:49 75239 12237
12:15:46 328127 24109
12:16:47 1051618 46512
12:17:48 302124 18612
12:18:48 1058565 33346
12:19:48 186790 20521
12:20:49 73909 3706
12:21:49 64383 35036
12:22:49 283377 37436
12:23:49 130735 9150
12:24:50 60101 21523
12:25:50 90118 6231
12:26:53 92083 8001
12:27:51 405374 24022
12:28:51 190922 10117
12:29:51 151972 15593
12:30:51 26812 2155
12:31:52 118157 8075
12:32:52 1072081 27500
12:33:52 412082 16073
12:34:52 184268 41690
12:35:53 19829 3282
12:36:53 127761 28633
12:37:53 140652 12105
12:38:53 118861 8994
12:39:54 1065462 98997
12:40:54 12856 2109
12:41:54 2349 1662
12:42:54 753974 89032
12:43:55 11186 2920
12:44:55 209950 27358
12:45:55 315303 7082
12:46:55 79145 8951
12:47:55 165395 12912
12:48:55 284051 14812
12:49:56 26221 2354
12:50:57 146288 10421
12:51:57 155758 11354
12:52:57 256147 14610
12:53:58 379057 17083
12:54:58 482338 18100
12:55:58 83942 35524
12:56:58 479342 43538
12:57:59 73106 7541
12:58:59 51285 8693
12:59:59 83960 42108
13:00:59 296910 34756
13:02:00 89179 58184
13:03:00 202283 6384
13:04:00 14963 1410
13:05:00 127139 15065
13:06:01 796316 36828
13:07:01 150770 9712
13:08:01 361921 20578
13:09:01 466849 28805
13:10:01 427707 29175
13:11:02 347148 59729
13:12:02 225362 40824
13:13:02 62837 5953
13:14:02 192533 43845
13:15:02 589504 25454
13:16:03 117796 21104
13:17:03 58708 7705
13:18:03 628985 50701
13:19:03 833946 26084
13:20:03 146465 8699
13:21:03 157724 18770
13:22:04 25610 1741
13:23:04 152032 163955
13:24:05 673805 44578
13:25:05 69377 3806
13:26:05 771361 58822
13:27:06 236222 14884
13:28:06 192720 20426
13:29:06 222876 27997
13:30:06 89471 9720
13:31:06 234149 18481
13:32:07 73980 11758
13:33:08 431242 17325
13:34:08 68485 4233
13:35:08 18640 7799
13:36:08 1067041 57742
13:37:08 238206 17068
13:38:09 159278 14871
13:39:09 380070 18154
13:40:09 6266 20427
13:41:09 523958 53878
13:42:10 165348 24861
13:43:11 190912 20909
13:44:11 183318 13005
13:45:11 204124 165945
13:46:11 303772 17214
13:47:12 162649 36645
13:48:12 139789 16790
13:49:12 872332 60712
13:50:12 221114 17683
13:51:13 142165 9453
13:52:13 495848 33146
13:53:13 26882 3906
13:54:14 80499 10862
13:55:14 842501 39792
13:56:14 466370 32746
13:57:14 268403 20515
13:58:14 762746 23631
13:59:15 67001 5761
14:00:15 799651 36986
14:01:15 834645 169269
14:02:15 314548 19805
14:03:16 27312 942
14:04:16 92206 12179
14:05:16 98274 11624
14:06:16 24266 5829
14:07:17 31382 8840
14:08:17 574066 34147
14:09:18 44540 21006
14:10:18 340944 23317
14:11:18 296118 15677
14:12:18 40545 7176
14:13:19 153376 34824
14:14:19 31667 2774
14:15:19 39350 15289
14:16:20 391234 23403
14:17:20 105944 14037
14:18:20 74762 19780
14:19:20 363435 16530
14:20:21 140982 15088
14:21:21 40737 4750
14:22:21 358449 30007
14:23:21 321488 20979
14:24:22 204780 8476
14:25:22 18971 6436
14:26:22 133110 20261
14:27:23 66556 3842
14:28:23 90866 9950
14:29:23 144846 13187
14:30:23 117307 10121
14:31:24 32544 4554
14:32:24 90521 8058
14:33:24 97944 23493
14:34:25 155744 15999
14:35:25 394832 21865
14:36:26 70495 20254
14:37:27 434448 29414
14:38:27 161116 8764
14:39:27 101406 8755
14:40:27 29893 66810
14:41:28 128246 16916
14:42:28 22514 21932
14:43:29 1072122 40725
14:44:30 45269 5953
14:45:31 50591 5469
14:46:34 36474 10602
14:47:31 32774 86562
14:48:32 617029 44000
14:49:32 186234 20716
14:50:32 55913 6975
14:51:33 71296 12865
14:52:34 62545 4404
14:53:34 4237 4574
14:54:35 211353 35492
14:55:35 39260 11052
14:56:35 511280 53680
14:57:35 139544 13854
14:58:36 97672 30681
14:59:36 798551 86098
15:00:36 141601 41388
15:01:36 216346 40882
15:02:37 114471 8980
15:03:37 731750 37366
15:04:37 1074391 53394
15:05:37 34342 12358
15:06:38 134930 113343
15:07:38 65205 7741
15:08:38 147399 38132
15:09:38 127012 110328
15:10:38 203617 12195
15:11:38 147221 14029
15:12:39 190100 19901
15:13:39 22628 6959
15:14:39 75539 7932
15:15:40 768076 39818
15:16:40 37583 7129
15:17:40 20741 4705
15:18:40 56745 3510
15:19:41 774274 32669
15:20:41 184224 31070
15:21:41 756131 36817
15:22:41 125464 9449
15:23:41 788923 35059
15:24:42 58547 61153
15:25:42 146523 7391
15:26:42 12363 6870
15:27:42 47543 4509
15:28:42 37361 2638
15:29:43 637905 42017
15:30:43 303896 12354
15:31:44 321858 22778
15:32:44 93119 11469
15:33:44 40426 3684
15:34:44 371929 52489
15:35:44 980574 51106
15:36:45 45307 8038
15:37:45 190112 7649
15:38:45 5546 2296
15:39:45 40093 92110
15:40:45 995097 30464
15:41:46 178643 17897
15:42:46 117005 16407
15:43:46 243484 10117
15:44:46 280549 16056
15:45:47 68540 30892
15:46:47 273635 22424
15:47:47 19026 3564
15:48:48 39174 11947
15:49:48 173629 18038
15:50:48 410850 26088
15:51:49 898069 46590
15:52:49 105356 32678
15:53:49 104237 9785
15:54:49 357342 15851
15:55:49 246847 17445
15:56:48 -1 -1
15:57:50 115156 5307
15:58:50 100143 4337
15:59:50 121635 4824
16:00:51 793190 33731
16:01:51 1065581 65225
16:02:51 269827 10205
16:03:51 1035705 34175
16:04:51 1001687 47676
16:05:52 557354 17030
16:06:52 517161 15733
16:07:52 1070649 53345
16:08:55 511565 35421
16:09:52 138614 6832
16:10:52 433412 64800
16:11:53 118873 11597
16:12:53 79821 25456
16:13:53 1064921 59896
16:14:54 802125 44953
16:15:54 254313 14744
16:16:54 396922 39691
16:17:54 254966 12133
16:18:54 69331 7386
16:19:55 657279 39171
16:20:55 153963 10821
16:21:55 341285 28871
16:22:55 600843 27945
16:23:55 61449 4714
16:24:56 60822 5533
16:25:56 665875 24795
16:26:56 306638 24091
16:27:56 636030 42330
16:28:57 453442 27968
16:29:57 591379 20282
16:30:57 382417 13945
16:31:57 173130 14405
16:32:58 276245 18488
16:33:59 95858 11272
16:34:59 885185 36250
16:35:59 477753 69391
16:36:59 174264 21041
16:38:00 151163 83374
16:39:00 50753 4115
16:40:00 55931 12541
16:41:00 68526 91834
16:42:01 191847 17987
16:43:01 333207 34173
16:44:01 414942 23125
16:45:01 92074 51813
16:46:01 202014 66154
16:47:01 273767 30242
16:48:02 74792 11556
16:49:02 113692 7600
16:50:02 61420 2627
16:51:02 67068 14517
16:52:02 137619 78481
16:53:03 905941 55061
16:54:03 21073 3350
16:55:04 41483 1980
16:56:07 107831 13258
16:57:04 167572 9069
16:58:04 512462 22904
16:59:05 303249 12134
17:00:05 489914 29212
17:01:05 588365 34228
17:02:05 1065996 50579
17:03:06 241073 11547
17:04:06 624650 38447
17:05:06 375943 20160
17:06:07 182310 9688
17:07:07 130479 9625
17:08:07 769486 27806
17:09:08 249525 31041
17:10:08 213766 11195
17:11:08 127003 10339
17:12:08 66752 4922
17:13:08 456929 18088
17:14:08 179703 8587
17:15:09 855918 34980
17:16:09 797714 103438
17:17:09 137935 12621
17:18:09 297430 15925
17:19:10 204015 30653
17:20:10 129908 18756
17:21:10 48027 4912
17:22:10 787832 39443
17:23:11 98220 35267
17:24:11 166702 7623
17:25:11 363725 15768
17:26:12 231050 11133
17:27:12 108416 7944
17:28:12 151894 12440
17:29:13 122874 9401
17:30:13 505542 17050
17:31:13 193754 9512
17:32:13 59356 5059
17:33:14 707188 38978
17:34:14 35612 6059
17:35:14 485701 49713
17:36:15 56511 5485
17:37:15 269766 129877
17:38:15 137693 15629
17:39:16 48311 5058
17:40:16 258102 19598
17:41:16 343886 17467
17:42:17 239736 10305
17:43:18 837586 48816
17:44:18 288051 18296
17:45:18 242204 16085
17:46:18 329114 195042
17:47:19 934563 30399
17:48:19 571338 19204
17:49:19 297413 23200
17:50:19 18993 2660
17:51:20 96969 8227
17:52:20 115082 28519
17:53:20 89503 10299
17:54:20 58755 8014
17:55:21 100200 8605
17:56:21 370169 52350
17:57:21 151226 14153
17:58:22 75678 5138
17:59:22 453410 22647
18:00:22 70787 12919
18:01:22 131518 20221
18:02:22 150930 22220
18:03:23 271032 17513
18:04:23 35508 6875
18:05:23 284257 29758
18:06:23 26656 4809
18:07:24 186102 72011
18:08:24 114819 16041
18:09:24 27563 3507
18:10:24 168221 25609
18:11:25 68090 7588
18:12:25 670272 46812
18:13:25 505058 22100
18:14:26 224587 12822
18:15:26 239905 20027
18:16:26 189221 17267
18:17:26 173642 9307
18:18:27 185919 19686
18:19:27 228957 37643
18:20:27 65381 3581
18:21:27 108596 38970
18:22:28 130149 24916
18:23:29 388714 34785
18:24:29 73050 16990
18:25:29 82824 8199
18:26:30 86149 7728
18:27:30 174073 9152
18:28:31 40213 3359
18:29:31 33419 3547
18:30:31 159250 13312
18:31:32 874192 54256
18:32:32 68501 10193
18:33:32 219245 15091
18:34:33 107891 7721
18:35:33 88188 6960
18:36:33 310043 16578
18:37:34 228578 22018
18:38:34 267283 7849
18:39:35 275861 8476
18:40:35 570499 18487
18:41:35 442031 15908
18:42:35 411844 11131
18:43:35 520305 19977
18:44:36 475143 16707
18:45:36 1065554 55724
18:46:36 1065839 29555
18:47:37 383347 16195
18:48:37 297006 437245
18:49:37 107956 7566
18:50:37 138134 12953
18:51:37 139480 7333
18:52:37 837928 33038
18:53:38 203843 25914
18:54:39 25663 4393
18:55:39 194086 11285
18:56:39 16881 2783
18:57:39 310647 21305
18:58:40 456205 28868
18:59:40 119663 12878
19:00:40 41004 2944
19:01:40 61241 3421
19:02:41 21934 1206
19:03:41 96785 9004
19:04:42 119717 8664
19:05:41 138821 10988
19:06:42 111831 10052
19:07:42 641914 40167
19:08:42 167100 65862
19:09:42 59258 23159
19:10:42 127730 22267
19:11:43 86866 5350
19:12:43 127112 11889
19:13:43 386191 27740
19:14:43 152339 12143
19:15:44 115488 15405
19:16:44 82455 6559
19:17:44 947319 59325
19:18:44 90442 6784
19:19:45 57675 5060
19:20:45 196947 16596
19:21:45 137161 16812
19:22:45 54093 5326
19:23:46 145451 25767
19:24:46 189258 10059
19:25:46 71439 10223
19:26:46 769862 45495
19:27:46 53233 21693
19:28:46 56708 27108
19:29:46 63163 5898
19:30:47 551232 34003
19:31:47 83514 5054
19:32:47 254455 23063
19:33:48 110240 4846
19:34:48 112432 19510
19:35:48 55050 6383
19:36:49 38526 2678
19:37:49 62408 6656
19:38:49 81394 28318
19:39:49 197969 16686
19:40:49 84982 6246
19:41:50 33079 3893
19:42:50 390048 25081
19:43:50 48098 4766
19:44:50 81134 6221
19:45:51 56888 8063
19:46:51 154757 6854
19:47:51 124159 37120
19:48:51 36538 4940
19:49:51 48322 2995
19:50:52 195260 13092
19:51:52 94335 7837
19:52:52 89985 12366
19:53:52 85048 8233
19:54:52 94374 7658
19:55:53 137879 9499
19:56:53 172336 11335
19:57:53 82522 9082
19:58:53 73559 6085
19:59:54 130229 12475
20:00:54 94355 5288
20:01:54 214426 14141
20:02:54 186603 6968
20:03:54 409276 19429
20:04:55 1066322 54367
20:05:55 835749 25961
20:06:55 138570 11328
20:07:55 281951 72684
20:08:55 34851 2120
20:09:55 97098 7654
20:10:56 94369 7170
20:11:56 31545 6920
20:12:56 132720 6829
20:13:56 47736 6778
20:14:57 94949 7088
20:15:57 84443 7606
20:16:57 36962 4981
20:17:57 231342 13780
20:18:58 193753 15856
20:19:58 111922 10570
20:20:58 205551 18858
20:21:58 137457 15030
20:22:59 118018 11229
20:23:59 295232 10972
20:24:59 121643 10538
20:25:59 191228 14438
20:27:00 113443 60892
20:28:00 1064645 51892
20:29:00 178610 8719
20:30:00 75246 9097
20:31:00 217858 14476
20:32:00 154861 16521
20:33:01 52430 7629
20:34:01 45833 8277
20:35:01 228807 22360
20:36:02 108234 13078
20:37:02 73256 12170
20:38:02 197084 32927
20:39:02 72260 10542
20:40:02 304052 28656
20:41:02 127804 15853
20:42:03 449757 56288
20:43:03 331589 17028
20:44:03 125638 5900
20:45:03 135087 9321
20:46:03 75325 6257
20:47:04 104870 14937
20:48:04 13818 2646
20:49:04 75272 3704
20:50:04 76722 6185
20:51:04 372332 47553
20:52:05 36347 2945
20:53:05 31149 12205
20:54:05 40709 4303
20:55:05 215681 12335
20:56:05 420729 23845
20:57:06 204583 14575
20:58:06 251012 13081
20:59:06 69083 7359
21:00:06 68740 8400
21:01:07 282211 15434
21:02:07 220814 18684
21:03:07 44589 4058
21:04:08 114856 4621
21:05:07 62041 51297
21:06:08 98274 12244
21:07:08 398267 21490
21:08:08 307205 124204
21:09:08 614833 22748
21:10:08 277181 12451
21:11:09 619861 34543
21:12:09 130996 9331
21:13:09 58292 6455
21:14:09 131118 12987
21:15:09 86706 63737
21:16:09 48895 3179
21:17:10 386671 24530
21:18:10 112857 10990
21:19:11 91450 11191
21:20:11 81036 10780
21:21:11 57939 9868
21:22:11 21891 5235
21:23:12 102651 11747
21:24:12 62122 5885
21:25:12 4846 1227
21:26:12 91442 9770
21:27:12 100577 26646
21:28:13 128443 54619
21:29:13 394128 22280
21:30:13 296491 30989
21:31:13 24756 3006
21:32:13 17079 8084
21:33:14 109186 39604
21:34:14 49989 6483
21:35:14 353127 18097
21:36:14 605521 69018
21:37:14 32411 4287
21:38:15 96567 19626
21:39:15 208107 13094
21:40:15 575597 33117
21:41:15 138706 19609
21:42:16 179542 17383
21:43:16 83981 8242
21:44:16 240412 16161
21:45:16 175116 17430
21:46:17 112361 10428
21:47:17 434402 21817
21:48:17 46743 6128
21:49:17 93337 11536
21:50:18 6702 2997
21:51:18 49448 5740
21:52:18 89333 4351
21:53:18 66850 13172
21:54:19 459029 23428
21:55:19 632091 41958
21:56:19 118862 13087
21:57:19 135129 11583
21:58:19 449477 32503
21:59:20 58845 10423
22:00:20 25506 5920
22:01:20 61559 6002
22:02:20 430087 20066
22:03:21 104213 3917
22:04:21 101083 7613
22:05:21 162371 9412
22:06:22 75161 4878
22:07:22 123083 13215
22:08:22 39553 7461
22:09:22 174201 20629
22:10:22 237905 14121
22:11:23 112495 12024
22:12:23 17118 2765
22:13:23 77003 9117
22:14:23 307510 15690
22:15:24 163479 12888
22:16:24 137004 13128
22:17:24 221531 45206
22:18:25 51612 3541
22:19:25 56297 3984
22:20:25 127844 10433
22:21:25 19322 7716
22:22:25 130465 10451
22:23:26 80082 9954
22:24:26 256906 12968
22:25:26 34288 11993
22:26:26 217073 50468
22:27:27 103530 23783
22:28:27 137738 19314
22:29:27 48005 4838
22:30:27 42322 9086
22:31:28 40989 4303
22:32:28 5099 1965
22:33:28 77109 14245
22:34:29 68017 15911
22:35:29 207381 46137
22:36:29 101388 18194
22:37:29 131307 10749
22:38:30 65024 12991
22:39:30 115460 22898
22:40:30 59024 14567
22:41:31 44937 14017
22:42:31 294614 22484
22:43:31 125799 10551
22:44:31 24309 13845
22:45:31 40408 6211
22:46:32 37311 11171
22:47:32 307779 35016
22:48:32 215929 16452
22:49:32 198048 26809
22:50:33 219187 15840
22:51:33 167255 16597
22:52:33 831734 45000
22:53:33 242678 14072
22:54:34 126259 11475
22:55:34 54243 9312
22:56:34 170825 109541
22:57:34 292149 21845
22:58:35 253973 15171
22:59:35 51441 10796
23:00:35 177610 29563
23:01:36 327343 25369
23:02:36 53663 5488
23:03:36 108831 16754
23:04:36 1014320 63560
23:05:37 610985 36911
23:06:37 174219 14516
23:07:37 702386 50131
23:08:37 114578 9850
23:09:38 530362 31139
23:10:38 389110 28979
23:11:38 110393 17321
23:12:38 22058 4158
23:13:39 428908 25166
23:14:39 585719 37919
23:15:39 578529 73654
23:16:39 489744 24134
23:17:40 65345 19033
23:18:40 148478 17720
23:19:40 85467 7378
23:20:41 35081 7481
23:21:41 94019 98736
23:22:41 136439 12530
23:23:41 137826 26626
23:24:42 50479 20919
23:25:42 93840 10620
23:26:42 1072025 45825
23:27:42 126770 14229
23:28:43 77414 9494
23:29:43 126167 9127
23:30:43 535184 77744
23:31:43 18520 14577
23:32:44 333078 50916
23:33:44 660 1326
23:34:44 88808 16642
23:35:45 71397 3057
23:36:45 72365 10994
23:37:45 104910 14255
23:38:45 59101 27317
23:39:46 46227 6761
23:40:46 122466 11028
23:41:46 27824 3511
23:42:47 13601 5575
23:43:47 40153 15211
23:44:47 64918 30302
23:45:48 18827 9935
23:46:48 131311 32185
23:47:49 49805 34902
23:48:50 195929 14965
23:49:50 19985 2122
23:50:51 67628 11841
23:51:51 7724 1950
23:52:52 66379 13189
23:53:53 172806 23043
23:54:54 128902 16422
23:55:54 159587 26731
23:56:55 58008 22029
23:57:56 69852 3788
23:58:56 109653 11175
23:59:56 45697 10070
