00:00:15 4 0 42
00:00:39 4 0 42
00:01:24 4 0 43
00:02:11 4 0 45
00:02:34 4 0 42
00:02:55 4 0 42
00:03:24 4 0 42
00:03:43 4 0 42
00:04:18 4 0 42
00:04:48 4 0 42
00:05:18 4 0 42
00:05:57 4 0 42
00:06:22 4 0 42
00:06:52 4 0 42
00:07:28 4 0 43
00:07:55 4 0 42
00:08:26 4 0 42
02:00:06 4 0 42
02:00:37 4 0 42
02:01:07 4 0 42
02:01:37 4 0 42
02:02:07 4 0 42
02:02:38 4 0 42
02:03:08 4 0 42
02:03:38 4 0 42
02:04:08 4 0 42
02:04:38 4 0 41
02:05:09 4 0 42
02:05:39 4 0 42
02:06:09 4 0 42
02:06:39 4 0 42
02:07:10 4 0 42
02:07:40 4 0 42
02:08:10 4 0 42
02:08:40 4 0 42
02:09:10 4 0 44
02:09:41 4 0 42
02:10:11 4 0 42
02:10:41 4 0 42
02:11:11 4 0 42
02:11:41 4 0 42
02:12:12 4 0 42
02:12:42 4 0 42
02:13:12 4 0 42
02:13:42 4 0 42
02:14:12 4 0 42
02:14:43 4 0 42
02:15:13 4 0 42
02:15:43 4 0 42
02:16:13 4 0 42
02:16:43 4 0 42
02:17:14 4 0 42
02:17:44 4 0 42
02:18:14 4 0 42
02:18:45 4 0 42
02:19:15 4 0 42
02:19:45 4 0 42
02:20:15 4 0 42
02:20:45 4 0 42
02:21:16 4 0 42
02:21:46 4 0 42
02:22:16 4 0 42
02:22:46 4 0 42
02:23:16 4 0 42
02:23:46 4 0 42
02:24:17 4 0 42
02:24:47 4 0 42
02:25:17 4 0 42
02:25:47 4 0 42
02:26:18 4 0 42
02:26:48 4 0 42
02:27:18 4 0 42
02:27:48 4 0 45
02:28:18 4 0 42
02:28:49 4 0 42
02:29:19 4 0 42
02:29:49 4 0 42
02:30:19 4 0 42
02:30:49 4 0 42
02:31:20 4 0 43
02:31:50 4 0 42
02:32:20 4 0 42
02:32:50 4 0 42
02:33:21 4 0 42
02:33:51 4 0 42
02:34:21 4 0 42
02:34:51 4 0 42
02:35:21 4 0 43
02:35:51 4 0 42
02:36:22 4 0 42
02:36:52 4 0 42
02:37:22 4 0 42
02:37:52 4 0 42
02:38:23 4 0 42
02:38:53 4 0 42
02:39:23 4 0 42
02:39:53 4 0 42
02:40:23 4 0 42
02:40:53 4 0 42
02:41:24 4 0 42
02:41:54 4 0 42
02:42:24 4 0 42
02:42:54 4 0 42
02:43:24 4 0 42
02:43:55 4 0 42
02:44:25 4 0 43
02:44:55 4 0 42
02:45:25 4 0 43
02:45:55 4 0 42
02:46:26 4 0 42
02:46:56 4 0 42
02:47:26 4 0 42
02:47:56 4 0 42
02:48:26 4 0 42
02:48:57 4 0 42
02:49:27 4 0 42
02:49:57 4 0 42
02:50:27 4 0 43
02:50:57 4 0 42
02:51:28 4 0 42
02:51:58 4 0 42
02:52:28 4 0 42
02:52:58 4 0 42
02:53:28 4 0 44
02:53:59 4 0 42
02:54:29 4 0 42
02:54:59 4 0 61
02:55:29 4 0 42
02:55:59 4 0 42
02:56:30 4 0 43
02:57:00 4 0 42
02:57:30 4 0 42
02:58:00 4 0 42
02:58:30 4 0 42
02:59:01 4 0 42
02:59:31 4 0 42
03:00:01 4 0 42
03:00:31 4 0 42
03:01:01 4 0 42
03:01:32 4 0 43
03:02:02 4 0 42
03:02:32 4 0 42
03:03:02 4 0 42
03:03:32 4 0 45
03:04:03 4 0 43
03:04:33 4 0 42
03:05:03 4 0 42
03:05:33 4 0 42
03:06:04 4 0 42
03:06:34 4 0 42
03:07:04 4 0 42
03:07:36 4 0 42
03:08:06 4 0 44
03:08:37 4 0 42
03:09:07 4 0 42
03:09:37 4 0 42
03:10:07 4 0 42
03:10:38 4 0 42
03:11:08 4 0 42
03:11:38 4 0 42
03:12:08 4 0 42
03:12:38 4 0 42
03:13:08 4 0 42
03:13:39 4 0 42
03:14:09 4 0 42
03:14:39 4 0 42
03:15:09 4 0 42
03:15:39 4 0 42
03:16:09 4 0 42
03:16:40 4 0 42
03:17:10 4 0 42
03:17:40 4 0 42
03:18:10 4 0 42
03:18:40 4 0 42
03:19:10 4 0 42
03:19:41 4 0 42
03:20:11 4 0 42
03:20:41 4 0 42
03:21:11 4 0 42
03:21:41 4 0 42
03:22:11 4 0 42
03:22:42 4 0 42
03:23:12 4 0 42
03:23:42 4 0 42
03:24:12 4 0 42
03:24:42 4 0 42
03:25:12 4 0 42
03:25:43 4 0 42
03:26:13 4 0 42
03:26:43 4 0 42
03:27:13 4 0 42
03:27:43 4 0 42
03:28:13 4 0 42
03:28:44 4 0 42
03:29:14 4 0 42
03:29:44 4 0 42
03:30:14 4 0 42
03:30:44 4 0 42
03:31:14 4 0 42
03:31:45 4 0 42
03:32:15 4 0 42
03:32:45 4 0 42
03:33:15 4 0 42
03:33:45 4 0 42
03:34:15 4 0 42
03:34:46 4 0 42
03:35:16 4 0 42
03:35:46 4 0 42
03:36:16 4 0 42
03:36:46 4 0 42
03:37:16 4 0 42
03:37:47 4 0 42
03:38:17 4 0 42
03:38:47 4 0 42
03:39:17 4 0 42
03:39:47 4 0 42
03:40:18 4 0 42
03:40:48 4 0 42
03:41:18 4 0 42
03:41:48 4 0 42
03:42:18 4 0 42
03:42:49 4 0 42
03:43:19 4 0 42
03:43:49 4 0 42
03:44:19 4 0 42
03:44:49 4 0 42
03:45:19 4 0 42
03:45:50 4 0 42
03:46:20 4 0 42
03:46:50 4 0 42
03:47:20 4 0 42
03:47:50 4 0 42
03:48:20 4 0 42
03:48:51 4 0 42
03:49:21 4 0 42
03:49:51 4 0 42
03:50:21 4 0 42
03:50:51 4 0 42
03:51:21 4 0 42
03:51:52 4 0 42
03:52:22 4 0 42
03:52:52 4 0 42
03:53:22 4 0 42
03:53:52 4 0 42
03:54:22 4 0 42
03:54:53 4 0 42
03:55:23 4 0 42
03:55:53 4 0 42
03:56:23 4 0 42
03:56:53 4 0 42
03:57:23 4 0 42
03:57:54 4 0 42
03:58:24 4 0 42
03:58:54 4 0 42
03:59:24 4 0 42
03:59:54 4 0 42
04:00:24 4 0 42
04:00:55 4 0 42
04:01:25 4 0 42
04:01:55 4 0 42
04:02:25 4 0 42
04:02:55 4 0 42
04:03:25 4 0 42
04:03:56 4 0 42
04:04:26 4 0 42
04:04:56 4 0 42
04:05:26 4 0 42
04:05:56 4 0 42
04:06:26 4 0 42
04:06:57 4 0 42
04:07:27 4 0 42
04:07:57 4 0 42
04:08:27 4 0 42
04:08:57 4 0 42
04:09:27 4 0 42
04:09:58 4 0 42
04:10:28 4 0 42
04:10:58 4 0 42
04:11:28 4 0 42
04:11:58 4 0 42
04:12:28 4 0 42
04:12:59 4 0 42
04:13:29 4 0 42
04:13:59 4 0 42
04:14:29 4 0 42
04:14:59 4 0 42
04:15:29 4 0 42
04:16:00 4 0 42
04:16:30 4 0 42
04:17:00 4 0 42
04:17:30 4 0 42
04:18:00 4 0 42
04:18:30 4 0 42
04:19:01 4 0 42
04:19:31 4 0 42
04:20:01 4 0 42
04:20:31 4 0 42
04:21:01 4 0 42
04:21:31 4 0 42
04:22:02 4 0 42
04:22:32 4 0 42
04:23:02 4 0 42
04:23:32 4 0 42
04:24:02 4 0 42
04:24:32 4 0 42
04:25:03 4 0 42
04:25:33 4 0 42
04:26:03 4 0 42
04:26:33 4 0 42
04:27:03 4 0 42
04:27:33 4 0 42
04:28:04 4 0 42
04:28:34 4 0 42
04:29:04 4 0 42
04:29:34 4 0 42
04:30:05 4 0 42
04:30:35 4 0 42
04:31:05 4 0 42
04:31:35 4 0 42
04:32:05 4 0 42
04:32:35 4 0 43
04:33:06 4 0 42
04:33:36 4 0 42
04:34:06 4 0 42
04:34:36 4 0 42
04:35:06 4 0 42
04:35:36 4 0 42
04:36:07 4 0 42
04:36:37 4 0 42
04:37:07 4 0 42
04:37:37 4 0 44
04:38:07 4 0 42
04:38:37 4 0 42
04:39:08 4 0 42
04:39:38 4 0 42
04:40:08 4 0 42
04:40:38 4 0 42
04:41:08 4 0 42
04:41:38 4 0 42
04:42:09 4 0 42
04:42:39 4 0 42
04:43:09 4 0 42
04:43:39 4 0 42
04:44:10 4 0 42
04:44:40 4 0 42
04:45:10 4 0 42
04:45:40 4 0 42
04:46:10 4 0 42
04:46:40 4 0 42
04:47:11 4 0 42
04:47:41 4 0 42
04:48:11 4 0 42
04:48:41 4 0 42
04:49:11 4 0 42
04:49:41 4 0 42
04:50:12 4 0 42
04:50:42 4 0 42
04:51:12 4 0 42
04:51:42 4 0 42
04:52:12 4 0 42
04:52:42 4 0 42
04:53:13 4 0 42
04:53:43 4 0 42
04:54:13 4 0 42
04:54:43 4 0 42
04:55:13 4 0 42
04:55:43 4 0 42
04:56:14 4 0 42
04:56:44 4 0 42
04:57:14 4 0 42
04:57:44 4 0 42
04:58:14 4 0 42
04:58:44 4 0 42
04:59:15 4 0 42
04:59:45 4 0 42
05:00:15 4 0 42
05:00:45 4 0 42
05:01:15 4 0 42
05:01:45 4 0 42
05:02:16 4 0 42
05:02:46 4 0 42
05:03:16 4 0 42
05:03:46 4 0 42
05:04:16 4 0 42
05:04:46 4 0 42
05:05:17 4 0 42
05:05:47 4 0 47
05:06:17 4 0 42
05:06:47 4 0 42
05:07:17 4 0 42
05:07:47 4 0 42
05:08:18 4 0 70
05:08:48 4 0 42
05:09:18 4 0 42
05:09:48 4 0 42
05:10:18 4 0 42
05:10:48 4 0 42
05:11:19 4 0 42
05:11:49 4 0 42
05:12:19 4 0 42
05:12:49 4 0 42
05:13:19 4 0 42
05:13:49 4 0 42
05:14:20 4 0 42
05:14:50 4 0 42
05:15:20 4 0 42
05:15:50 4 0 42
05:16:20 4 0 42
05:16:51 4 0 42
05:17:21 4 0 42
05:17:51 4 0 42
05:18:21 4 0 42
05:18:51 4 0 42
05:19:22 4 0 42
05:19:52 4 0 42
05:20:22 4 0 61
05:20:52 4 0 42
05:21:22 4 0 42
05:21:52 4 0 42
05:22:23 4 0 42
05:22:53 4 0 42
05:23:23 4 0 42
05:23:53 4 0 61
05:24:23 4 0 42
05:24:53 4 0 42
05:25:24 4 0 42
05:25:54 4 0 42
05:26:24 4 0 42
05:26:54 4 0 42
05:27:25 4 0 42
05:27:55 4 0 42
05:28:25 4 0 42
05:28:55 4 0 42
05:29:25 4 0 42
05:29:55 4 0 42
05:30:25 4 0 42
05:30:56 4 0 42
05:31:26 4 0 42
05:31:56 4 0 42
05:32:26 4 0 42
05:32:56 4 0 42
05:33:26 4 0 42
05:33:57 4 0 42
05:34:27 4 0 42
05:34:57 4 0 42
05:35:27 4 0 42
05:35:57 4 0 42
05:36:27 4 0 42
05:36:58 4 0 42
05:37:28 4 0 42
05:37:58 4 0 42
05:38:28 4 0 42
05:38:58 4 0 42
05:39:28 4 0 42
05:39:58 4 0 42
05:40:29 4 0 42
05:40:59 4 0 42
05:41:29 4 0 42
05:41:59 4 0 42
05:42:30 4 0 42
05:43:00 4 0 42
05:43:30 4 0 42
05:44:00 4 0 42
05:44:30 4 0 42
05:45:00 4 0 42
05:45:31 4 0 42
05:46:01 4 0 42
05:46:31 4 0 42
05:47:01 4 0 42
05:47:31 4 0 42
05:48:01 4 0 42
05:48:32 4 0 42
05:49:02 4 0 42
05:49:32 4 0 42
05:50:02 4 0 42
05:50:32 4 0 42
05:51:02 4 0 42
05:51:33 4 0 42
05:52:03 4 0 42
05:52:33 4 0 42
05:53:03 4 0 42
05:53:33 4 0 42
05:54:03 4 0 42
05:54:34 4 0 42
05:55:04 4 0 42
05:55:34 4 0 42
05:56:04 4 0 42
05:56:34 4 0 42
05:57:04 4 0 42
05:57:35 4 0 42
05:58:05 4 0 42
05:58:35 4 0 42
05:59:05 4 0 42
05:59:36 4 0 42
06:00:06 4 0 42
06:00:36 4 0 42
06:01:06 4 0 42
06:01:36 4 0 42
06:02:07 4 0 42
06:02:37 4 0 42
06:03:07 4 0 42
06:03:37 4 0 42
06:04:07 4 0 42
06:04:38 4 0 42
06:05:08 4 0 42
06:05:38 4 0 42
06:06:08 4 0 42
06:06:38 4 0 42
06:07:08 4 0 42
06:07:39 4 0 42
06:08:09 4 0 42
06:08:39 4 0 42
06:09:09 4 0 42
06:09:40 4 0 42
06:10:10 4 0 42
06:10:40 4 0 42
06:11:10 4 0 42
06:11:40 4 0 42
06:12:10 4 0 42
06:12:41 4 0 42
06:13:11 4 0 42
06:13:41 4 0 42
06:14:11 4 0 42
06:14:41 4 0 42
06:15:11 4 0 42
06:15:42 4 0 42
06:16:12 4 0 42
06:16:42 4 0 42
06:17:12 4 0 42
06:17:42 4 0 42
06:18:12 4 0 42
06:18:43 4 0 42
06:19:13 4 0 42
06:19:43 4 0 42
06:20:13 4 0 42
06:20:43 4 0 42
06:21:13 4 0 42
06:21:44 4 0 42
06:22:14 4 0 42
06:22:44 4 0 42
06:23:14 4 0 42
06:23:44 4 0 42
06:24:14 4 0 42
06:24:45 4 0 42
06:25:15 4 0 42
06:25:45 4 0 42
06:26:15 4 0 42
06:26:45 4 0 42
06:27:16 4 0 72
06:27:46 4 0 42
06:28:16 4 0 42
06:28:46 4 0 58
06:29:16 4 0 42
06:29:47 4 0 42
06:30:17 4 0 42
06:30:47 4 0 42
06:31:17 4 0 42
06:31:47 4 0 42
06:32:17 4 0 42
06:32:48 4 0 42
06:33:18 4 0 42
06:33:48 4 0 42
06:34:18 4 0 42
06:34:48 4 0 42
06:35:18 4 0 42
06:35:49 4 0 42
06:36:19 4 0 42
06:36:49 4 0 42
06:37:19 4 0 42
06:37:49 4 0 42
06:38:19 4 0 42
06:38:50 4 0 42
06:39:20 4 0 42
06:39:50 4 0 42
06:40:20 4 0 42
06:40:50 4 0 42
06:41:20 4 0 42
06:41:51 4 0 42
06:42:21 4 0 42
06:42:51 4 0 42
06:43:21 4 0 42
06:43:51 4 0 42
06:44:21 4 0 42
06:44:52 4 0 42
06:45:22 4 0 42
06:45:52 4 0 42
06:46:22 4 0 42
06:46:52 4 0 42
06:47:22 4 0 42
06:47:53 4 0 42
06:48:23 4 0 42
06:48:53 4 0 42
06:49:23 4 0 42
06:49:53 4 0 42
06:50:23 4 0 42
06:50:54 4 0 42
06:51:24 4 0 42
06:51:54 4 0 42
06:52:24 4 0 42
06:52:54 4 0 42
06:53:24 4 0 42
06:53:55 4 0 42
06:54:25 4 0 42
06:54:55 4 0 42
06:55:25 4 0 42
06:55:55 4 0 42
06:56:25 4 0 42
06:56:56 4 0 42
06:57:26 4 0 42
06:57:56 4 0 42
06:58:26 4 0 42
06:58:56 4 0 42
06:59:26 4 0 42
06:59:57 4 0 42
07:00:27 4 0 42
07:00:57 4 0 42
07:01:27 4 0 42
07:01:57 4 0 42
07:02:27 4 0 42
07:02:58 4 0 42
07:03:28 4 0 42
07:03:58 4 0 42
07:04:28 4 0 42
07:04:58 4 0 42
07:05:28 4 0 42
07:05:59 4 0 42
07:06:29 4 0 42
07:06:59 4 0 42
07:07:29 4 0 42
07:07:59 4 0 42
07:08:29 4 0 42
07:09:00 4 0 42
07:09:30 4 0 42
07:10:00 4 0 42
07:10:30 4 0 42
07:11:00 4 0 42
07:11:30 4 0 42
07:12:01 4 0 42
07:12:31 4 0 42
07:13:01 4 0 42
07:13:31 4 0 42
07:14:01 4 0 42
07:14:31 4 0 42
07:15:02 4 0 42
07:15:32 4 0 42
07:16:02 4 0 42
07:16:32 4 0 42
07:17:02 4 0 42
07:17:32 4 0 42
07:18:03 4 0 42
07:18:33 4 0 42
07:19:03 4 0 42
07:19:33 4 0 42
07:20:03 4 0 42
07:20:33 4 0 42
07:21:04 4 0 42
07:21:34 4 0 42
07:22:04 4 0 42
07:22:34 4 0 42
07:23:04 4 0 42
07:23:34 4 0 42
07:24:05 4 0 42
07:24:35 4 0 42
07:25:05 4 0 42
07:25:35 4 0 42
07:26:06 4 0 42
07:26:36 4 0 42
07:27:07 4 0 42
07:27:37 4 0 42
07:28:07 4 0 42
07:28:37 4 0 42
07:29:07 4 0 42
07:29:37 4 0 42
07:30:08 4 0 42
07:30:38 4 0 53
07:31:08 4 0 42
07:31:38 4 0 42
07:32:09 4 0 42
07:32:39 4 0 42
07:33:09 4 0 42
07:33:39 4 0 42
07:34:09 4 0 42
07:34:40 4 0 42
07:35:10 4 0 42
07:35:41 4 0 42
07:36:11 4 0 42
07:36:41 4 0 42
07:37:11 4 0 42
07:37:41 4 0 42
07:38:12 4 0 42
07:38:42 4 0 42
07:39:12 4 0 42
07:39:42 4 0 42
07:40:12 4 0 42
07:40:42 4 0 42
07:41:13 4 0 42
07:41:43 4 0 42
07:42:13 4 0 42
07:42:43 4 0 42
07:43:13 4 0 42
07:43:43 4 0 42
07:44:13 4 0 42
07:44:44 4 0 42
07:45:14 4 0 42
07:45:44 4 0 42
07:46:14 4 0 42
07:46:44 4 0 42
07:47:14 4 0 42
07:47:44 4 0 42
07:48:15 4 0 42
07:48:45 4 0 42
07:49:15 4 0 42
07:49:45 4 0 42
07:50:15 4 0 42
07:50:45 4 0 42
07:51:16 4 0 42
07:51:46 4 0 42
07:52:16 4 0 42
07:52:46 4 0 42
07:53:16 4 0 42
07:53:46 4 0 42
07:54:17 4 0 42
07:54:47 4 0 42
07:55:17 4 0 42
07:55:47 4 0 42
07:56:17 4 0 42
07:56:47 4 0 42
07:57:18 4 0 42
07:57:48 4 0 42
07:58:18 4 0 42
07:58:48 4 0 43
07:59:18 4 0 42
07:59:48 4 0 42
08:00:19 4 0 42
08:00:49 4 0 42
08:01:19 4 0 42
08:01:49 4 0 42
08:02:19 4 0 42
08:02:49 4 0 42
08:03:19 4 0 42
08:03:50 4 0 42
08:04:20 4 0 42
08:04:50 4 0 42
08:05:20 4 0 42
08:05:50 4 0 42
08:06:20 4 0 42
08:06:50 4 0 44
08:07:21 4 0 42
08:07:51 4 0 42
08:08:21 4 0 42
08:08:51 4 0 42
08:09:21 4 0 42
08:09:51 4 0 42
08:10:22 4 0 42
08:10:52 4 0 42
08:11:22 4 0 42
08:11:52 4 0 42
08:12:22 4 0 42
08:12:52 4 0 42
08:13:23 4 0 42
08:13:53 4 0 42
08:14:23 4 0 42
08:14:53 4 0 42
08:15:23 4 0 42
08:15:53 4 0 42
08:16:23 4 0 42
08:16:53 4 0 42
08:17:24 4 0 42
08:17:54 4 0 42
08:18:24 4 0 42
08:18:54 4 0 42
08:19:24 4 0 42
08:19:55 4 0 42
08:20:25 4 0 42
08:20:55 4 0 42
08:21:25 4 0 42
08:21:55 4 0 42
08:22:26 4 0 42
08:22:56 4 0 42
08:23:26 4 0 55
08:23:56 4 0 42
08:24:27 4 0 42
08:24:57 4 0 42
08:25:27 4 0 42
08:25:57 4 0 42
08:26:27 4 0 42
08:26:57 4 0 44
08:27:28 4 0 42
08:27:58 4 0 42
08:28:28 4 0 42
08:28:58 4 0 42
08:29:28 4 0 42
08:29:58 4 0 42
08:30:29 4 0 42
08:30:59 4 0 42
08:31:29 4 0 42
08:31:59 4 0 42
08:32:29 4 0 42
08:32:59 4 0 46
08:33:30 4 0 42
08:34:00 4 0 42
08:34:30 4 0 42
08:35:00 4 0 42
08:35:30 4 0 42
08:36:00 4 0 42
08:36:31 4 0 42
08:37:01 4 0 42
08:37:31 4 0 42
08:38:01 4 0 43
08:38:31 4 0 42
08:39:01 4 0 42
08:39:32 3 1 42
08:40:02 4 0 42
08:40:32 4 0 42
08:41:02 4 0 42
08:41:32 4 0 42
08:42:02 4 0 42
08:42:33 4 0 42
08:43:04 4 0 43
08:43:34 4 0 43
08:44:04 4 0 42
08:44:34 4 0 42
08:45:04 4 0 42
08:45:35 4 0 42
08:46:05 4 0 42
08:46:35 4 0 42
08:47:05 4 0 42
08:47:35 4 0 42
08:48:05 4 0 42
08:48:36 4 0 43
08:49:06 4 0 42
08:49:36 4 0 44
08:50:06 4 0 42
08:50:36 4 0 42
08:51:06 4 0 42
08:51:37 4 0 42
08:52:07 4 0 42
08:52:37 4 0 42
08:53:07 4 0 42
08:53:37 4 0 42
08:54:07 4 0 42
08:54:38 4 0 45
08:55:08 4 0 43
08:55:39 4 0 42
08:56:09 4 0 44
08:56:39 4 0 42
08:57:09 4 0 42
08:57:39 4 0 42
08:58:10 4 0 42
08:58:41 4 0 47
08:59:11 4 0 42
08:59:41 4 0 43
09:00:11 4 0 42
09:00:42 4 0 52
09:01:12 4 0 42
09:01:42 4 0 42
09:02:12 4 0 44
09:02:42 4 0 42
09:03:13 3 1 94
09:03:42 4 0 45
09:04:12 4 0 42
09:04:43 4 0 42
09:05:13 4 0 42
09:05:43 4 0 42
09:06:13 4 0 42
09:06:43 4 0 46
09:07:13 4 0 42
09:07:43 4 0 42
09:08:14 4 0 63
09:08:44 4 0 42
09:09:14 4 0 42
09:09:44 4 0 43
09:10:14 4 0 42
09:10:44 4 0 42
09:11:14 4 0 42
09:11:44 4 0 42
09:12:14 4 0 43
09:12:45 4 0 42
09:13:15 4 0 42
09:13:45 4 0 51
09:14:15 4 0 42
09:14:45 4 0 42
09:15:15 4 0 44
09:15:45 4 0 45
09:16:16 4 0 78
09:16:46 4 0 46
09:17:16 4 0 42
09:17:47 3 1 42
09:18:17 4 0 44
09:18:48 4 0 42
09:19:18 4 0 42
09:19:48 4 0 42
09:20:18 4 0 42
09:20:48 4 0 43
09:21:19 3 1 42
09:21:49 4 0 42
09:22:19 4 0 47
09:22:49 4 0 42
09:23:19 4 0 42
09:23:49 4 0 42
09:24:19 4 0 42
09:24:49 4 0 65
09:25:19 4 0 47
09:25:50 4 0 43
09:26:20 4 0 42
09:26:50 4 0 42
09:27:20 4 0 42
09:27:50 4 0 42
09:28:20 4 0 42
09:28:50 4 0 44
09:29:20 4 0 43
09:29:51 4 0 42
09:30:21 4 0 42
09:30:51 4 0 42
09:31:21 4 0 43
09:31:51 4 0 51
09:32:21 4 0 48
09:32:52 4 0 42
09:33:22 4 0 42
09:33:52 4 0 63
09:34:22 4 0 42
09:34:52 4 0 42
09:35:22 4 0 45
09:35:53 4 0 42
09:36:23 4 0 42
09:36:53 4 0 42
09:37:23 4 0 42
09:37:53 4 0 45
09:38:24 4 0 43
09:38:54 4 0 42
09:39:24 4 0 42
09:39:54 4 0 42
09:40:24 4 0 42
09:40:55 4 0 45
09:41:25 4 0 42
09:41:55 4 0 42
09:42:25 4 0 42
09:42:55 4 0 49
09:43:25 4 0 47
09:43:55 4 0 42
09:44:25 4 0 45
09:44:56 4 0 42
09:45:26 4 0 50
09:45:57 3 1 46
09:46:26 4 0 43
09:46:56 4 0 42
09:47:26 4 0 42
09:47:56 4 0 46
09:48:26 4 0 45
09:48:57 4 0 42
09:49:27 4 0 42
09:49:58 3 1 42
09:50:27 4 0 42
09:50:57 4 0 55
09:51:27 4 0 50
09:51:58 4 0 42
09:52:28 4 0 42
09:52:58 4 0 47
09:53:28 4 0 44
09:53:59 4 0 42
09:54:29 4 0 58
09:54:59 4 0 42
09:55:29 4 0 42
09:55:59 4 0 42
09:56:29 4 0 42
09:56:59 4 0 59
09:57:29 4 0 62
09:58:00 4 0 53
09:58:30 4 0 42
09:59:00 4 0 42
09:59:30 4 0 75
10:00:00 4 0 42
10:00:30 4 0 42
10:01:00 4 0 42
10:01:30 4 0 50
10:02:01 4 0 42
10:02:31 4 0 42
10:03:01 4 0 42
10:03:31 4 0 49
10:04:02 3 1 42
10:04:31 4 0 48
10:05:01 4 0 46
10:05:31 4 0 43
10:06:02 4 0 42
10:06:32 4 0 54
10:07:02 4 0 42
10:07:32 4 0 42
10:08:02 4 0 42
10:08:32 4 0 42
10:09:02 4 0 69
10:09:32 4 0 42
10:10:02 4 0 44
10:10:33 4 0 44
10:11:03 4 0 42
10:11:33 4 0 91
10:12:03 4 0 80
10:12:33 4 0 82
10:13:03 4 0 88
10:13:33 4 0 72
10:14:04 4 0 70
10:14:34 4 0 53
10:15:04 4 0 43
10:15:34 4 0 56
10:16:05 3 1 83
10:16:34 4 0 82
10:17:04 4 0 83
10:17:35 4 0 82
10:18:05 4 0 87
10:18:35 4 0 87
10:19:05 4 0 82
10:19:35 4 0 69
10:20:05 4 0 73
10:20:35 4 0 72
10:21:06 4 0 93
10:21:36 4 0 86
10:22:08 3 1 90
10:22:37 4 0 66
10:23:07 4 0 72
10:23:38 4 0 74
10:24:09 3 1 80
10:24:39 4 0 73
10:25:09 4 0 42
10:25:41 2 2 43
10:26:10 4 0 74
10:26:40 4 0 44
10:27:11 4 0 59
10:27:41 4 0 42
10:28:11 4 0 42
10:28:41 4 0 42
10:29:13 3 1 43
10:29:42 4 0 44
10:30:12 4 0 42
10:30:42 4 0 42
10:31:12 4 0 42
10:31:42 4 0 42
10:32:13 4 0 42
10:32:43 4 0 42
10:33:13 4 0 47
10:33:43 4 0 45
10:34:13 4 0 42
10:34:43 4 0 42
10:35:13 4 0 42
10:35:43 4 0 42
10:36:14 4 0 42
10:36:44 4 0 42
10:37:14 4 0 42
10:37:44 4 0 42
10:38:15 4 0 44
10:38:45 4 0 45
10:39:15 4 0 44
10:39:45 4 0 42
10:40:16 4 0 47
10:40:46 4 0 42
10:41:16 4 0 42
10:41:46 4 0 42
10:42:17 4 0 42
10:42:47 4 0 45
10:43:17 4 0 50
10:43:47 4 0 42
10:44:17 4 0 42
10:44:47 4 0 42
10:45:17 4 0 42
10:45:47 4 0 42
10:46:18 4 0 42
10:46:48 4 0 42
10:47:18 4 0 42
10:47:48 4 0 42
10:48:18 4 0 42
10:48:48 4 0 42
10:49:19 4 0 49
10:49:49 4 0 43
10:50:19 4 0 42
10:50:49 4 0 42
10:51:20 4 0 42
10:51:50 4 0 42
10:52:20 4 0 42
10:52:50 4 0 42
10:53:20 4 0 43
10:53:50 4 0 44
10:54:21 4 0 42
10:54:51 4 0 42
10:55:21 4 0 42
10:55:52 4 0 43
10:56:22 4 0 42
10:56:52 4 0 88
10:57:23 4 0 42
10:57:53 4 0 43
10:58:23 4 0 46
10:58:53 4 0 42
10:59:24 4 0 45
10:59:54 4 0 42
11:00:24 4 0 42
11:00:54 4 0 42
11:01:24 4 0 43
11:01:55 4 0 44
11:02:25 4 0 42
11:02:55 4 0 44
11:03:25 4 0 42
11:03:55 4 0 42
11:04:25 4 0 45
11:04:55 4 0 43
11:05:26 4 0 42
11:05:56 4 0 42
11:06:26 4 0 42
11:06:56 4 0 43
11:07:27 4 0 42
11:07:57 4 0 43
11:08:27 4 0 42
11:08:57 4 0 44
11:09:27 4 0 42
11:09:57 4 0 44
11:10:28 4 0 42
11:10:58 4 0 47
11:11:28 4 0 43
11:11:58 4 0 45
11:12:28 4 0 43
11:12:58 4 0 47
11:13:29 4 0 42
11:13:59 4 0 42
11:14:29 4 0 56
11:15:00 4 0 42
11:15:31 3 1 72
11:16:00 4 0 44
11:16:30 4 0 42
11:17:01 4 0 42
11:17:31 4 0 42
11:18:01 4 0 42
11:18:31 4 0 49
11:19:01 4 0 42
11:19:31 4 0 42
11:20:02 4 0 45
11:20:32 4 0 63
11:21:02 4 0 42
11:21:32 4 0 42
11:22:02 4 0 46
11:22:32 4 0 42
11:23:02 4 0 49
11:23:33 4 0 42
11:24:04 3 1 80
11:24:33 4 0 42
11:25:03 4 0 43
11:25:33 4 0 50
11:26:03 4 0 47
11:26:33 4 0 42
11:27:03 4 0 42
11:27:34 4 0 42
11:28:04 4 0 42
11:28:34 4 0 42
11:29:04 4 0 42
11:29:34 4 0 46
11:30:04 4 0 42
11:30:35 3 1 42
11:31:04 4 0 42
11:31:36 3 1 42
11:32:05 4 0 42
11:32:35 4 0 42
11:33:05 4 0 42
11:33:37 2 2 45
11:34:06 4 0 43
11:34:36 4 0 42
11:35:06 4 0 42
11:35:36 4 0 42
11:36:06 4 0 48
11:36:37 4 0 44
11:37:07 4 0 42
11:37:38 4 0 42
11:38:08 4 0 42
11:38:38 4 0 44
11:39:08 4 0 45
11:39:38 4 0 42
11:40:08 4 0 42
11:40:39 4 0 42
11:41:09 4 0 42
11:41:39 4 0 43
11:42:09 4 0 42
11:42:39 4 0 45
11:43:09 4 0 42
11:43:39 4 0 42
11:44:10 4 0 42
11:44:40 4 0 42
11:45:11 4 0 44
11:45:41 4 0 42
11:46:12 4 0 42
11:46:43 4 0 42
11:47:13 4 0 42
11:47:43 4 0 42
11:48:13 4 0 44
11:48:43 4 0 54
11:49:14 4 0 42
11:49:44 4 0 42
11:50:14 4 0 42
11:50:44 4 0 42
11:51:16 3 1 42
11:51:46 4 0 44
11:52:16 4 0 42
11:52:46 4 0 42
11:53:16 4 0 42
11:53:47 4 0 43
11:54:17 4 0 42
11:54:47 4 0 42
11:55:17 4 0 42
11:55:47 4 0 44
11:56:17 4 0 42
11:56:47 4 0 47
11:57:17 4 0 42
11:57:48 4 0 65
11:58:18 4 0 42
11:58:48 4 0 42
11:59:18 4 0 42
11:59:48 4 0 45
12:00:18 4 0 44
12:00:48 4 0 42
12:01:19 4 0 67
12:01:49 4 0 42
12:02:19 4 0 42
12:02:49 4 0 42
12:03:19 4 0 42
12:03:49 4 0 42
12:04:19 4 0 43
12:04:50 4 0 45
12:05:20 4 0 56
12:05:50 4 0 42
12:06:21 4 0 42
12:06:51 4 0 42
12:07:21 4 0 42
12:07:51 4 0 42
12:08:21 4 0 42
12:08:51 4 0 47
12:09:22 4 0 42
12:09:52 4 0 43
12:10:22 4 0 42
12:10:53 4 0 42
12:11:23 4 0 42
12:11:53 4 0 42
12:12:23 4 0 42
12:12:53 4 0 42
12:13:23 4 0 42
12:13:54 4 0 42
12:14:24 4 0 53
12:14:54 4 0 42
12:15:24 4 0 42
12:15:54 4 0 45
12:16:24 4 0 48
12:16:55 4 0 42
12:17:25 4 0 42
12:17:56 4 0 42
12:18:26 4 0 42
12:18:56 4 0 47
12:19:26 4 0 42
12:19:56 4 0 42
12:20:27 4 0 48
12:20:57 4 0 42
12:21:27 4 0 42
12:21:57 4 0 42
12:22:27 4 0 42
12:22:57 4 0 42
12:23:27 4 0 42
12:23:57 4 0 45
12:24:27 4 0 42
12:24:58 4 0 64
12:25:28 4 0 42
12:25:58 4 0 42
12:26:28 4 0 42
12:26:58 4 0 42
12:27:28 4 0 47
12:27:59 4 0 45
12:28:29 4 0 42
12:28:59 4 0 42
12:29:29 4 0 42
12:29:59 4 0 42
12:30:29 4 0 42
12:30:59 4 0 42
12:31:30 4 0 51
12:32:00 4 0 42
12:32:30 4 0 75
12:33:00 4 0 43
12:33:30 4 0 42
12:34:00 4 0 42
12:34:30 4 0 42
12:35:00 4 0 42
12:35:30 4 0 42
12:36:01 4 0 54
12:36:31 4 0 55
12:37:01 4 0 42
12:37:31 4 0 45
12:38:01 4 0 42
12:38:31 4 0 42
12:39:02 4 0 48
12:39:32 4 0 44
12:40:02 4 0 66
12:40:32 4 0 47
12:41:02 4 0 42
12:41:32 4 0 42
12:42:02 4 0 42
12:42:32 4 0 42
12:43:02 4 0 42
12:43:32 4 0 42
12:44:03 4 0 42
12:44:33 4 0 42
12:45:03 4 0 46
12:45:33 4 0 59
12:46:03 4 0 48
12:46:33 4 0 45
12:47:03 4 0 42
12:47:33 4 0 42
12:48:03 4 0 42
12:48:33 4 0 42
12:49:04 4 0 42
12:49:34 4 0 42
12:50:05 4 0 44
12:50:35 4 0 56
12:51:05 4 0 42
12:51:35 4 0 42
12:52:05 4 0 42
12:52:35 4 0 42
12:53:05 4 0 42
12:53:35 4 0 42
12:54:06 4 0 42
12:54:36 4 0 59
12:55:06 4 0 42
12:55:36 4 0 61
12:56:06 4 0 45
12:56:36 4 0 42
12:57:06 4 0 42
12:57:36 4 0 42
12:58:07 4 0 44
12:58:37 4 0 63
12:59:07 4 0 49
12:59:37 4 0 64
13:00:07 4 0 42
13:00:37 4 0 42
13:01:08 4 0 42
13:01:38 4 0 42
13:02:08 4 0 71
13:02:38 4 0 52
13:03:08 4 0 66
13:03:38 4 0 45
13:04:08 4 0 42
13:04:38 4 0 42
13:05:08 4 0 43
13:05:38 4 0 42
13:06:09 4 0 42
13:06:39 4 0 42
13:07:09 4 0 62
13:07:39 4 0 57
13:08:09 4 0 44
13:08:39 4 0 49
13:09:09 4 0 42
13:09:39 4 0 42
13:10:09 4 0 42
13:10:39 4 0 48
13:11:09 4 0 42
13:11:40 4 0 42
13:12:10 4 0 42
13:12:40 4 0 42
13:13:10 4 0 55
13:13:40 4 0 48
13:14:10 4 0 59
13:14:40 4 0 42
13:15:10 4 0 43
13:15:40 4 0 42
13:16:10 4 0 42
13:16:41 4 0 47
13:17:11 4 0 42
13:17:41 4 0 44
13:18:11 4 0 52
13:18:41 4 0 59
13:19:11 4 0 52
13:19:41 4 0 43
13:20:11 4 0 42
13:20:41 4 0 42
13:21:12 4 0 42
13:21:42 4 0 45
13:22:12 4 0 42
13:22:42 4 0 42
13:23:13 4 0 42
13:23:43 4 0 42
13:24:13 4 0 42
13:24:43 4 0 43
13:25:13 4 0 47
13:25:43 4 0 53
13:26:13 4 0 42
13:26:43 4 0 45
13:27:14 4 0 42
13:27:44 4 0 42
13:28:15 3 1 42
13:28:44 4 0 42
13:29:14 4 0 63
13:29:45 4 0 43
13:30:15 4 0 43
13:30:47 3 1 42
13:31:16 4 0 42
13:31:46 4 0 42
13:32:16 4 0 42
13:32:46 4 0 42
13:33:16 4 0 65
13:33:47 4 0 42
13:34:17 4 0 42
13:34:47 4 0 42
13:35:17 4 0 49
13:35:47 4 0 72
13:36:17 4 0 52
13:36:47 4 0 49
13:37:17 4 0 42
13:37:47 4 0 42
13:38:18 4 0 45
13:38:48 4 0 42
13:39:18 4 0 42
13:39:48 4 0 63
13:40:18 4 0 45
13:40:48 4 0 48
13:41:18 4 0 43
13:41:49 4 0 42
13:42:19 4 0 83
13:42:49 4 0 84
13:43:20 4 0 42
13:43:50 4 0 47
13:44:20 4 0 46
13:44:50 4 0 42
13:45:20 4 0 47
13:45:50 4 0 54
13:46:20 4 0 53
13:46:51 4 0 44
13:47:22 4 0 42
13:47:52 4 0 42
13:48:22 4 0 44
13:48:52 4 0 52
13:49:23 4 0 203
13:49:52 4 0 42
13:50:22 4 0 47
13:50:52 4 0 42
13:51:23 4 0 47
13:51:54 4 0 42
13:52:24 4 0 65
13:52:54 4 0 56
13:53:24 4 0 48
13:53:54 4 0 44
13:54:25 4 0 42
13:54:55 4 0 42
13:55:25 4 0 42
13:55:55 4 0 42
13:56:25 4 0 45
13:56:55 4 0 62
13:57:25 4 0 51
13:57:55 4 0 49
13:58:26 4 0 42
13:58:56 4 0 42
13:59:26 4 0 42
13:59:56 4 0 44
14:00:26 4 0 43
14:00:56 4 0 45
14:01:26 4 0 51
14:01:56 4 0 52
14:02:26 4 0 42
14:02:56 4 0 49
14:03:27 4 0 42
14:03:57 4 0 42
14:04:27 4 0 116
14:04:57 4 0 42
14:05:27 4 0 75
14:05:57 4 0 42
14:06:28 4 0 44
14:06:58 4 0 45
14:07:28 4 0 43
14:07:58 4 0 42
14:08:28 4 0 97
14:08:58 4 0 42
14:09:29 4 0 42
14:09:59 4 0 43
14:10:29 4 0 46
14:10:59 4 0 45
14:11:29 4 0 42
14:11:59 4 0 49
14:12:30 4 0 42
14:13:00 4 0 42
14:13:30 4 0 42
14:14:00 4 0 42
14:14:30 4 0 42
14:15:00 4 0 57
14:15:31 4 0 42
14:16:01 4 0 42
14:16:31 4 0 42
14:17:01 4 0 43
14:17:31 4 0 42
14:18:01 4 0 46
14:18:31 4 0 42
14:19:01 4 0 57
14:19:32 4 0 43
14:20:02 4 0 42
14:20:32 4 0 42
14:21:02 4 0 42
14:21:32 4 0 44
14:22:03 3 1 45
14:22:32 4 0 52
14:23:02 4 0 53
14:23:32 4 0 47
14:24:03 4 0 42
14:24:33 4 0 49
14:25:04 4 0 68
14:25:34 4 0 42
14:26:04 4 0 45
14:26:34 4 0 49
14:27:05 4 0 70
14:27:35 4 0 43
14:28:05 4 0 42
14:28:35 4 0 42
14:29:05 4 0 59
14:29:35 4 0 46
14:30:05 4 0 65
14:30:36 4 0 74
14:31:06 4 0 45
14:31:36 4 0 42
14:32:06 4 0 42
14:32:36 4 0 72
14:33:06 4 0 60
14:33:37 4 0 42
14:34:07 4 0 42
14:34:37 4 0 45
14:35:07 4 0 42
14:35:37 4 0 47
14:36:08 4 0 75
14:36:38 4 0 66
14:37:08 4 0 59
14:37:39 4 0 67
14:38:09 4 0 42
14:38:40 4 0 43
14:39:10 4 0 42
14:39:40 4 0 43
14:40:10 4 0 55
14:40:41 4 0 54
14:41:11 4 0 42
14:41:41 4 0 49
14:42:11 4 0 45
14:42:41 4 0 49
14:43:12 4 0 53
14:43:42 4 0 45
14:44:12 4 0 42
14:44:42 4 0 42
14:45:13 4 0 43
14:45:43 4 0 44
14:46:13 4 0 42
14:46:43 4 0 44
14:47:13 4 0 49
14:47:43 4 0 48
14:48:15 2 2 68
14:48:44 4 0 42
14:49:15 3 1 300
14:49:44 4 0 42
14:50:14 4 0 42
14:50:46 4 0 355
14:51:15 4 0 80
14:51:45 4 0 45
14:52:16 4 0 303
14:52:47 2 2 50
14:53:16 3 1 61
14:53:46 3 1 66
14:54:16 4 0 53
14:54:46 4 0 44
14:55:16 4 0 52
14:55:46 4 0 45
14:56:16 4 0 44
14:56:46 4 0 79
14:57:16 4 0 78
14:57:47 4 0 95
14:58:18 3 1 143
14:58:47 4 0 44
14:59:17 4 0 42
14:59:47 4 0 42
15:00:17 4 0 46
15:00:47 4 0 62
15:01:18 3 1 49
15:01:48 4 0 92
15:02:18 3 1 63
15:02:48 4 0 50
15:03:18 4 0 53
15:03:48 4 0 146
15:04:19 3 1 42
15:04:48 4 0 48
15:05:18 4 0 122
15:05:48 4 0 62
15:06:19 4 0 152
15:06:49 3 1 52
15:07:19 3 1 81
15:07:49 4 0 46
15:08:19 4 0 48
15:08:49 4 0 45
15:09:20 3 1 70
15:09:49 4 0 42
15:10:19 4 0 42
15:10:49 4 0 47
15:11:20 4 0 45
15:11:51 4 0 46
15:12:21 4 0 42
15:12:51 4 0 42
15:13:21 4 0 42
15:13:51 4 0 42
15:14:21 4 0 53
15:14:51 4 0 49
15:15:22 4 0 113
15:15:52 4 0 42
15:16:22 4 0 42
15:16:52 4 0 42
15:17:22 4 0 42
15:17:52 4 0 46
15:18:22 4 0 54
15:18:52 4 0 42
15:19:22 4 0 42
15:19:53 4 0 42
15:20:23 4 0 42
15:20:53 4 0 42
15:21:23 4 0 42
15:21:53 4 0 42
15:22:23 4 0 42
15:22:53 4 0 46
15:23:23 4 0 52
15:23:53 4 0 42
15:24:24 4 0 62
15:24:54 4 0 42
15:25:24 4 0 43
15:25:54 4 0 42
15:26:24 4 0 42
15:26:54 4 0 42
15:27:24 4 0 42
15:27:54 4 0 71
15:28:24 4 0 53
15:28:54 4 0 42
15:29:25 4 0 42
15:29:55 4 0 45
15:30:25 4 0 42
15:30:55 4 0 42
15:31:25 4 0 57
15:31:56 4 0 42
15:32:26 4 0 84
15:32:56 4 0 42
15:33:26 4 0 42
15:33:56 4 0 42
15:34:26 4 0 42
15:34:56 4 0 60
15:35:26 4 0 61
15:35:56 4 0 54
15:36:27 4 0 59
15:36:57 4 0 42
15:37:27 4 0 48
15:37:57 4 0 43
15:38:27 4 0 54
15:39:01 0 4 -1
15:39:27 4 0 44
15:39:58 4 0 126
15:40:28 3 1 86
15:40:58 4 0 62
15:41:28 4 0 63
15:41:58 4 0 42
15:42:28 4 0 102
15:42:58 4 0 53
15:43:28 4 0 99
15:43:58 4 0 58
15:44:28 4 0 54
15:44:59 4 0 143
15:45:28 4 0 42
15:45:59 4 0 42
15:46:29 4 0 42
15:47:01 4 0 471
15:47:29 4 0 64
15:47:59 4 0 62
15:48:30 4 0 98
15:49:00 4 0 188
15:49:30 4 0 46
15:50:00 4 0 42
15:50:30 4 0 42
15:51:00 4 0 44
15:51:30 4 0 42
15:52:01 4 0 61
15:52:31 4 0 42
15:53:01 4 0 104
15:53:31 4 0 43
15:54:02 3 1 42
15:54:31 4 0 42
15:55:01 4 0 60
15:55:31 4 0 66
15:56:01 4 0 57
15:56:31 4 0 53
15:57:03 3 1 42
15:57:32 4 0 47
15:58:02 4 0 42
15:58:32 4 0 43
15:59:02 4 0 42
15:59:32 4 0 96
16:00:02 4 0 69
16:00:32 4 0 61
16:01:02 4 0 52
16:01:32 4 0 42
16:02:03 4 0 66
16:02:33 4 0 42
16:03:03 4 0 43
16:03:33 4 0 42
16:04:04 3 1 133
16:04:33 4 0 65
16:05:03 4 0 57
16:05:33 4 0 45
16:06:04 4 0 245
16:06:34 4 0 44
16:07:04 4 0 93
16:07:34 4 0 42
16:08:04 4 0 42
16:08:34 4 0 42
16:09:04 4 0 45
16:09:34 4 0 68
16:10:04 4 0 49
16:10:34 4 0 63
16:11:05 4 0 42
16:11:35 4 0 58
16:12:06 4 0 92
16:12:36 4 0 56
16:13:07 4 0 112
16:13:36 4 0 54
16:14:06 4 0 42
16:14:37 4 0 64
16:15:07 4 0 42
16:15:37 4 0 42
16:16:07 4 0 42
16:16:37 4 0 70
16:17:07 4 0 42
16:17:37 4 0 49
16:18:07 4 0 53
16:18:37 4 0 93
16:19:08 4 0 89
16:19:37 4 0 45
16:20:08 4 0 42
16:20:38 4 0 74
16:21:08 4 0 42
16:21:38 4 0 44
16:22:08 4 0 50
16:22:38 4 0 54
16:23:08 4 0 55
16:23:38 4 0 44
16:24:09 4 0 43
16:24:39 4 0 42
16:25:09 4 0 42
16:25:39 4 0 42
16:26:09 4 0 43
16:26:39 4 0 50
16:27:09 4 0 55
16:27:39 4 0 42
16:28:10 4 0 42
16:28:40 4 0 138
16:29:10 4 0 42
16:29:40 4 0 42
16:30:10 4 0 42
16:30:40 4 0 42
16:31:10 4 0 43
16:31:40 4 0 52
16:32:11 4 0 42
16:32:41 4 0 43
16:33:11 4 0 42
16:33:41 4 0 42
16:34:12 4 0 42
16:34:42 4 0 42
16:35:12 4 0 42
16:35:42 4 0 72
16:36:12 4 0 42
16:36:42 4 0 43
16:37:12 4 0 50
16:37:42 4 0 53
16:38:13 4 0 43
16:38:43 4 0 42
16:39:13 4 0 42
16:39:43 4 0 42
16:40:13 4 0 46
16:40:43 4 0 47
16:41:13 4 0 54
16:41:43 4 0 42
16:42:14 4 0 42
16:42:44 4 0 42
16:43:14 4 0 44
16:43:44 4 0 42
16:44:14 4 0 70
16:44:44 4 0 116
16:45:14 4 0 47
16:45:44 4 0 55
16:46:14 4 0 48
16:46:44 4 0 71
16:47:15 4 0 42
16:47:45 4 0 42
16:48:15 4 0 51
16:48:45 4 0 42
16:49:18 2 2 481
16:49:46 3 1 42
16:50:15 4 0 42
16:50:45 4 0 42
16:51:16 4 0 160
16:51:45 4 0 47
16:52:15 4 0 46
16:52:46 4 0 54
16:53:16 4 0 42
16:53:46 4 0 54
16:54:16 4 0 48
16:54:46 4 0 42
16:55:17 4 0 65
16:55:47 4 0 42
16:56:17 4 0 42
16:56:47 4 0 42
16:57:17 4 0 42
16:57:47 4 0 42
16:58:17 4 0 51
16:58:47 4 0 68
16:59:18 4 0 44
16:59:48 4 0 42
17:00:18 4 0 42
17:00:48 4 0 42
17:01:18 4 0 42
17:01:48 4 0 43
17:02:18 4 0 57
17:02:49 4 0 43
17:03:19 4 0 42
17:03:49 4 0 75
17:04:19 4 0 49
17:04:49 4 0 49
17:05:19 4 0 42
17:05:49 4 0 47
17:06:20 4 0 42
17:06:50 4 0 42
17:07:20 4 0 42
17:07:50 4 0 42
17:08:20 4 0 46
17:08:50 4 0 47
17:09:20 4 0 42
17:09:50 4 0 42
17:10:21 4 0 42
17:10:51 4 0 42
17:11:21 4 0 53
17:11:51 4 0 42
17:12:21 4 0 45
17:12:51 4 0 44
17:13:21 4 0 54
17:13:51 4 0 42
17:14:22 4 0 42
17:14:52 4 0 42
17:15:22 4 0 43
17:15:52 4 0 42
17:16:22 4 0 43
17:16:52 4 0 42
17:17:22 4 0 55
17:17:52 4 0 46
17:18:22 4 0 45
17:18:52 4 0 49
17:19:23 4 0 42
17:19:53 4 0 42
17:20:23 4 0 42
17:20:53 4 0 43
17:21:23 4 0 44
17:21:53 4 0 55
17:22:24 4 0 42
17:22:54 4 0 52
17:23:25 4 0 44
17:23:55 4 0 42
17:24:25 4 0 42
17:24:55 4 0 44
17:25:25 4 0 42
17:25:55 4 0 42
17:26:26 4 0 42
17:26:56 4 0 43
17:27:26 4 0 42
17:27:56 4 0 43
17:28:26 4 0 43
17:28:56 4 0 42
17:29:27 4 0 42
17:29:58 3 1 88
17:30:27 4 0 42
17:30:57 4 0 46
17:31:27 4 0 46
17:31:57 4 0 50
17:32:28 4 0 42
17:32:58 4 0 42
17:33:28 4 0 42
17:33:58 4 0 42
17:34:28 4 0 42
17:34:58 4 0 42
17:35:28 4 0 42
17:35:58 4 0 48
17:36:29 4 0 42
17:36:59 4 0 42
17:37:29 4 0 42
17:37:59 4 0 42
17:38:29 4 0 42
17:39:00 4 0 42
17:39:30 4 0 42
17:40:00 4 0 42
17:40:30 4 0 42
17:41:00 4 0 42
17:41:30 4 0 43
17:42:00 4 0 42
17:42:31 4 0 42
17:43:01 4 0 44
17:43:31 4 0 42
17:44:02 4 0 42
17:44:32 4 0 42
17:45:02 4 0 42
17:45:32 4 0 42
17:46:02 4 0 43
17:46:32 4 0 42
17:47:02 4 0 42
17:47:33 4 0 42
17:48:03 4 0 42
17:48:33 4 0 42
17:49:03 4 0 42
17:49:33 4 0 44
17:50:03 4 0 42
17:50:33 4 0 42
17:51:03 4 0 42
17:51:35 3 1 42
17:52:04 4 0 42
17:52:34 4 0 42
17:53:04 4 0 46
17:53:34 4 0 42
17:54:06 2 2 42
17:54:34 4 0 42
17:55:04 4 0 42
17:55:35 4 0 42
17:56:05 4 0 44
17:56:35 4 0 42
17:57:05 4 0 42
17:57:35 4 0 44
17:58:05 4 0 45
17:58:36 4 0 42
17:59:06 4 0 42
17:59:36 4 0 42
18:00:06 4 0 42
18:00:36 4 0 42
18:01:07 3 1 42
18:01:36 4 0 43
18:02:06 4 0 42
18:02:37 4 0 43
18:03:07 4 0 43
18:03:38 4 0 42
18:04:08 4 0 42
18:04:38 4 0 42
18:05:08 4 0 42
18:05:38 4 0 44
18:06:08 4 0 48
18:06:38 4 0 42
18:07:08 4 0 42
18:07:39 4 0 42
18:08:09 4 0 42
18:08:39 4 0 43
18:09:09 4 0 42
18:09:39 4 0 43
18:10:09 4 0 42
18:10:39 4 0 42
18:11:09 4 0 42
18:11:40 4 0 42
18:12:10 4 0 42
18:12:40 4 0 42
18:13:10 4 0 42
18:13:40 4 0 42
18:14:10 4 0 42
18:14:41 4 0 42
18:15:11 4 0 42
18:15:41 4 0 42
18:16:11 4 0 42
18:16:41 4 0 42
18:17:11 4 0 42
18:17:41 4 0 42
18:18:11 4 0 42
18:18:42 4 0 42
18:19:12 4 0 42
18:19:42 4 0 42
18:20:12 4 0 42
18:20:42 4 0 42
18:21:12 4 0 42
18:21:42 4 0 45
18:22:12 4 0 42
18:22:43 4 0 42
18:23:14 4 0 42
18:23:44 4 0 42
18:24:14 4 0 42
18:24:44 4 0 42
18:25:14 4 0 42
18:25:44 4 0 42
18:26:14 4 0 42
18:26:45 4 0 42
18:27:15 4 0 42
18:27:45 4 0 43
18:28:15 4 0 46
18:28:46 4 0 42
18:29:16 4 0 42
18:29:46 4 0 42
18:30:16 4 0 42
18:30:46 4 0 42
18:31:16 4 0 42
18:31:47 4 0 42
18:32:17 4 0 42
18:32:47 4 0 41
18:33:17 4 0 42
18:33:48 4 0 42
18:34:18 4 0 41
18:34:48 4 0 42
18:35:18 4 0 42
18:35:48 4 0 42
18:36:18 4 0 42
18:36:49 4 0 42
18:37:19 4 0 42
18:37:49 4 0 42
18:38:19 4 0 42
18:38:49 4 0 41
18:39:19 4 0 42
18:39:50 4 0 42
18:40:20 4 0 41
18:40:50 4 0 41
18:41:20 4 0 41
18:41:50 4 0 42
18:42:20 4 0 42
18:42:50 4 0 42
18:43:20 4 0 42
18:43:51 3 1 42
18:44:20 4 0 41
18:44:51 4 0 41
18:45:21 4 0 42
18:45:51 4 0 41
18:46:21 4 0 42
18:46:51 4 0 41
18:47:21 4 0 44
18:47:51 4 0 42
18:48:21 4 0 42
18:48:52 4 0 42
18:49:22 4 0 42
18:49:52 4 0 42
18:50:22 4 0 42
18:50:52 4 0 43
18:51:22 4 0 42
18:51:52 4 0 43
18:52:22 4 0 41
18:52:52 4 0 44
18:53:23 4 0 43
18:53:53 4 0 43
18:54:24 4 0 42
18:54:54 4 0 42
18:55:24 4 0 42
18:55:54 4 0 41
18:56:24 4 0 46
18:56:54 4 0 43
18:57:24 4 0 44
18:57:55 4 0 42
18:58:25 4 0 41
18:58:55 4 0 42
18:59:25 4 0 42
18:59:56 3 1 42
19:00:25 4 0 42
19:00:55 4 0 44
19:01:25 4 0 42
19:01:55 4 0 42
19:02:25 4 0 41
19:02:56 4 0 41
19:03:26 4 0 41
19:03:56 4 0 42
19:04:26 4 0 42
19:04:56 4 0 42
19:05:26 4 0 42
19:05:56 4 0 41
19:06:26 4 0 41
19:06:57 4 0 42
19:07:27 4 0 41
19:07:57 4 0 41
19:08:27 4 0 41
19:08:57 4 0 42
19:09:27 4 0 42
19:09:57 4 0 42
19:10:27 4 0 41
19:10:57 4 0 42
19:11:27 4 0 41
19:11:58 4 0 41
19:12:30 2 2 42
19:12:58 4 0 41
19:13:28 4 0 41
19:13:58 4 0 42
19:14:28 4 0 41
19:14:58 4 0 43
19:15:28 4 0 44
19:15:59 4 0 42
19:16:29 4 0 41
19:16:59 4 0 42
19:17:29 4 0 42
19:17:59 4 0 41
19:18:29 4 0 42
19:18:59 4 0 42
19:19:29 4 0 42
19:19:59 4 0 42
19:20:29 4 0 42
19:21:00 4 0 46
19:21:30 4 0 42
19:22:00 4 0 43
19:22:30 4 0 72
19:23:00 4 0 52
19:23:30 4 0 42
19:24:00 4 0 42
19:24:30 4 0 41
19:25:01 4 0 42
19:25:31 4 0 42
19:26:01 4 0 42
19:26:31 4 0 42
19:27:01 4 0 42
19:27:31 4 0 42
19:28:01 4 0 47
19:28:31 4 0 42
19:29:01 4 0 42
19:29:31 4 0 42
19:30:02 4 0 42
19:30:32 4 0 47
19:31:02 4 0 42
19:31:32 4 0 42
19:32:02 4 0 42
19:32:32 4 0 42
19:33:02 4 0 42
19:33:33 4 0 43
19:34:03 4 0 42
19:34:33 4 0 45
19:35:03 4 0 52
19:35:33 4 0 43
19:36:03 4 0 42
19:36:33 4 0 42
19:37:04 4 0 42
19:37:34 4 0 42
19:38:04 4 0 42
19:38:34 4 0 42
19:39:04 4 0 42
19:39:34 4 0 42
19:40:04 4 0 42
19:40:34 4 0 42
19:41:04 4 0 42
19:41:34 4 0 43
19:42:05 4 0 42
19:42:35 4 0 42
19:43:05 4 0 42
19:43:35 4 0 42
19:44:05 4 0 42
19:44:35 4 0 42
19:45:05 4 0 42
19:45:35 4 0 42
19:46:06 4 0 71
19:46:36 4 0 42
19:47:06 4 0 42
19:47:36 4 0 42
19:48:06 4 0 42
19:48:36 4 0 42
19:49:06 4 0 42
19:49:36 4 0 42
19:50:06 4 0 42
19:50:36 4 0 42
19:51:07 4 0 42
19:51:37 4 0 42
19:52:07 4 0 42
19:52:37 4 0 42
19:53:07 4 0 42
19:53:37 4 0 42
19:54:07 4 0 42
19:54:37 4 0 42
19:55:07 4 0 41
19:55:37 4 0 42
19:56:07 4 0 42
19:56:38 4 0 42
19:57:08 4 0 42
19:57:38 4 0 42
19:58:08 4 0 48
19:58:38 4 0 45
19:59:08 4 0 42
19:59:38 4 0 42
20:00:09 4 0 46
20:00:39 4 0 42
20:01:09 4 0 42
20:01:39 4 0 42
20:02:09 4 0 42
20:02:39 4 0 42
20:03:09 4 0 42
20:03:39 4 0 42
20:04:09 4 0 42
20:04:39 4 0 42
20:05:09 4 0 42
20:05:40 4 0 42
20:06:10 4 0 66
20:06:40 4 0 42
20:07:10 4 0 42
20:07:40 4 0 42
20:08:10 4 0 42
20:08:40 4 0 42
20:09:10 4 0 42
20:09:40 4 0 42
20:10:11 4 0 42
20:10:41 4 0 42
20:11:11 4 0 42
20:11:41 4 0 42
20:12:11 4 0 42
20:12:41 4 0 42
20:13:11 4 0 42
20:13:41 4 0 42
20:14:11 4 0 42
20:14:41 4 0 42
20:15:12 4 0 42
20:15:42 4 0 42
20:16:12 4 0 42
20:16:42 4 0 42
20:17:12 4 0 42
20:17:42 4 0 42
20:18:12 4 0 42
20:18:42 4 0 42
20:19:13 4 0 42
20:19:43 4 0 45
20:20:13 4 0 42
20:20:43 4 0 42
20:21:13 4 0 42
20:21:43 4 0 42
20:22:13 4 0 42
20:22:43 4 0 44
20:23:14 4 0 44
20:23:44 4 0 42
20:24:14 4 0 42
20:24:44 4 0 42
20:25:14 4 0 42
20:25:44 4 0 41
20:26:14 4 0 42
20:26:44 4 0 46
20:27:15 4 0 42
20:27:45 4 0 41
20:28:15 4 0 42
20:28:45 4 0 42
20:29:15 4 0 42
20:29:45 4 0 41
20:30:15 4 0 42
20:30:45 4 0 42
20:31:15 4 0 42
20:31:45 4 0 42
20:32:16 4 0 47
20:32:46 4 0 42
20:33:16 4 0 42
20:33:46 4 0 44
20:34:16 4 0 41
20:34:46 4 0 42
20:35:16 4 0 48
20:35:46 4 0 42
20:36:16 4 0 52
20:36:46 4 0 42
20:37:17 4 0 42
20:37:47 4 0 65
20:38:17 4 0 42
20:38:47 4 0 42
20:39:17 4 0 42
20:39:47 4 0 41
20:40:17 4 0 42
20:40:47 4 0 42
20:41:17 4 0 41
20:41:47 4 0 42
20:42:18 4 0 42
20:42:48 4 0 42
20:43:18 4 0 44
20:43:48 4 0 42
20:44:18 4 0 42
20:44:48 4 0 41
20:45:18 4 0 42
20:45:48 4 0 43
20:46:18 4 0 43
20:46:49 4 0 58
20:47:20 4 0 42
20:47:50 4 0 42
20:48:20 4 0 41
20:48:50 4 0 42
20:49:20 4 0 42
20:49:50 4 0 63
20:50:20 4 0 46
20:50:50 4 0 42
20:51:20 4 0 42
20:51:50 4 0 42
20:52:21 4 0 42
20:52:51 4 0 42
20:53:21 4 0 42
20:53:51 4 0 41
20:54:21 4 0 42
20:54:51 4 0 41
20:55:21 4 0 42
20:55:51 4 0 48
20:56:21 4 0 42
20:56:51 4 0 42
20:57:22 4 0 42
20:57:52 4 0 42
20:58:22 4 0 42
20:58:52 4 0 42
20:59:22 4 0 43
20:59:52 4 0 42
21:00:22 4 0 42
21:00:53 3 1 42
21:01:23 4 0 42
21:01:53 4 0 42
21:02:23 4 0 42
21:02:53 4 0 42
21:03:23 4 0 41
21:03:53 4 0 42
21:04:23 4 0 42
21:04:53 4 0 42
21:05:23 4 0 41
21:05:53 4 0 41
21:06:24 4 0 43
21:06:54 4 0 50
21:07:25 4 0 42
21:07:55 4 0 42
21:08:25 4 0 42
21:08:55 4 0 42
21:09:25 4 0 42
21:09:55 4 0 42
21:10:25 4 0 42
21:10:55 4 0 42
21:11:26 4 0 42
21:11:56 4 0 42
21:12:26 4 0 42
21:12:56 4 0 60
21:13:26 4 0 42
21:13:56 4 0 42
21:14:26 4 0 42
21:14:56 4 0 42
21:15:26 4 0 42
21:15:56 4 0 42
21:16:27 4 0 42
21:16:57 4 0 41
21:17:27 4 0 41
21:17:57 4 0 58
21:18:27 4 0 42
21:18:57 4 0 41
21:19:28 4 0 43
21:19:58 4 0 42
21:20:28 4 0 42
21:20:58 4 0 42
21:21:28 4 0 42
21:21:58 4 0 47
21:22:28 4 0 42
21:22:58 4 0 44
21:23:28 4 0 42
21:23:58 4 0 42
21:24:29 4 0 42
21:24:59 4 0 42
21:25:29 4 0 63
21:25:59 4 0 42
21:26:29 4 0 42
21:27:00 4 0 43
21:27:30 4 0 80
21:28:00 4 0 42
21:28:31 4 0 42
21:29:01 4 0 42
21:29:31 4 0 42
21:30:01 4 0 42
21:30:31 4 0 41
21:31:01 4 0 42
21:31:31 4 0 42
21:32:01 4 0 44
21:32:32 4 0 42
21:33:02 4 0 42
21:33:32 4 0 42
21:34:02 4 0 42
21:34:32 4 0 42
21:35:02 4 0 42
21:35:32 4 0 42
21:36:02 4 0 42
21:36:32 4 0 41
21:37:02 4 0 42
21:37:33 4 0 42
21:38:03 4 0 42
21:38:33 4 0 42
21:39:03 4 0 42
21:39:33 4 0 42
21:40:03 4 0 42
21:40:33 4 0 45
21:41:03 4 0 41
21:41:33 4 0 41
21:42:03 4 0 42
21:42:34 4 0 42
21:43:04 4 0 41
21:43:34 4 0 42
21:44:04 4 0 42
21:44:34 4 0 42
21:45:04 4 0 42
21:45:34 4 0 42
21:46:04 4 0 42
21:46:35 4 0 44
21:47:05 4 0 41
21:47:35 4 0 42
21:48:05 4 0 42
21:48:35 4 0 56
21:49:05 4 0 47
21:49:35 4 0 42
21:50:05 4 0 42
21:50:36 4 0 42
21:51:06 4 0 42
21:51:36 4 0 42
21:52:06 4 0 41
21:52:36 4 0 42
21:53:06 4 0 45
21:53:36 4 0 42
21:54:06 4 0 42
21:54:37 4 0 42
21:55:07 4 0 42
21:55:37 4 0 41
21:56:07 4 0 42
21:56:37 4 0 42
21:57:07 4 0 71
21:57:37 4 0 42
21:58:07 4 0 74
21:58:38 4 0 42
21:59:08 4 0 42
21:59:38 4 0 42
22:00:08 4 0 41
22:00:38 4 0 42
22:01:09 3 1 42
22:01:38 4 0 42
22:02:08 4 0 42
22:02:39 4 0 42
22:03:09 4 0 42
22:03:39 4 0 42
22:04:09 4 0 42
22:04:39 4 0 42
22:05:09 4 0 42
22:05:39 4 0 42
22:06:09 4 0 42
22:06:40 4 0 43
22:07:11 4 0 42
22:07:41 4 0 42
22:08:11 4 0 42
22:08:41 4 0 42
22:09:11 4 0 41
22:09:41 4 0 42
22:10:11 4 0 42
22:10:41 4 0 42
22:11:11 4 0 42
22:11:42 4 0 42
22:12:12 4 0 42
22:12:42 4 0 43
22:13:12 4 0 42
22:13:42 4 0 42
22:14:12 4 0 42
22:14:42 4 0 42
22:15:13 4 0 44
22:15:43 4 0 42
22:16:13 4 0 42
22:16:43 4 0 42
22:17:13 4 0 42
22:17:43 4 0 42
22:18:13 4 0 42
22:18:43 4 0 42
22:19:14 4 0 41
22:19:44 4 0 42
22:20:14 4 0 42
22:20:44 4 0 41
22:21:14 4 0 41
22:21:44 4 0 49
22:22:14 4 0 43
22:22:44 4 0 44
22:23:14 4 0 42
22:23:45 4 0 42
22:24:15 4 0 42
22:24:45 4 0 42
22:25:15 4 0 42
22:25:45 4 0 42
22:26:15 4 0 43
22:26:45 4 0 41
22:27:15 4 0 42
22:27:46 4 0 43
22:28:16 4 0 42
22:28:46 4 0 42
22:29:16 4 0 42
22:29:46 4 0 45
22:30:16 4 0 42
22:30:46 4 0 42
22:31:17 3 1 41
22:31:47 4 0 42
22:32:17 4 0 42
22:32:47 4 0 42
22:33:17 4 0 41
22:33:47 4 0 42
22:34:17 4 0 41
22:34:48 3 1 42
22:35:17 4 0 41
22:35:48 4 0 41
22:36:18 4 0 41
22:36:48 4 0 57
22:37:18 4 0 42
22:37:48 4 0 44
22:38:18 4 0 42
22:38:49 4 0 52
22:39:19 4 0 41
22:39:49 4 0 42
22:40:19 4 0 41
22:40:49 4 0 41
22:41:19 4 0 42
22:41:49 4 0 42
22:42:20 4 0 42
22:42:50 4 0 41
22:43:20 4 0 41
22:43:50 4 0 42
22:44:20 4 0 42
22:44:50 4 0 43
22:45:20 4 0 42
22:45:50 4 0 42
22:46:20 4 0 42
22:46:51 4 0 42
22:47:21 4 0 42
22:47:51 4 0 42
22:48:21 4 0 42
22:48:51 4 0 42
22:49:21 4 0 43
22:49:51 4 0 42
22:50:22 4 0 42
22:50:52 4 0 42
22:51:22 4 0 42
22:51:52 4 0 42
22:52:22 4 0 42
22:52:52 4 0 75
22:53:22 4 0 42
22:53:52 4 0 42
22:54:22 4 0 42
22:54:53 4 0 42
22:55:23 4 0 44
22:55:53 4 0 43
22:56:23 4 0 42
22:56:53 4 0 44
22:57:23 4 0 42
22:57:53 4 0 42
22:58:23 4 0 42
22:58:54 4 0 42
22:59:24 4 0 42
22:59:54 4 0 44
23:00:24 4 0 48
23:00:54 4 0 42
23:01:24 4 0 42
23:01:55 4 0 42
23:02:25 4 0 42
23:02:55 4 0 42
23:03:25 4 0 42
23:03:55 4 0 42
23:04:25 4 0 42
23:04:55 4 0 41
23:05:25 4 0 41
23:05:56 4 0 42
23:06:26 4 0 41
23:06:56 4 0 42
23:07:26 4 0 42
23:07:56 4 0 42
23:08:26 4 0 41
23:08:56 4 0 42
23:09:26 4 0 42
23:09:57 4 0 42
23:10:27 4 0 42
23:10:57 4 0 42
23:11:27 4 0 42
23:11:57 4 0 42
23:12:27 4 0 42
23:12:57 4 0 42
23:13:27 4 0 42
23:13:58 4 0 42
23:14:28 4 0 42
23:14:58 4 0 42
23:15:28 4 0 41
23:15:58 4 0 42
23:16:28 4 0 42
23:16:58 4 0 42
23:17:28 4 0 41
23:17:59 4 0 42
23:18:29 4 0 42
23:18:59 4 0 46
23:19:29 4 0 42
23:19:59 4 0 45
23:20:29 4 0 45
23:21:00 4 0 41
23:21:30 4 0 41
23:22:00 4 0 42
23:22:30 4 0 42
23:23:00 4 0 42
23:23:30 4 0 42
23:24:00 4 0 42
23:24:30 4 0 42
23:25:01 4 0 42
23:25:31 4 0 42
23:26:01 4 0 42
23:26:31 4 0 42
23:27:01 4 0 42
23:27:31 4 0 42
23:28:01 4 0 42
23:28:31 4 0 42
23:29:02 4 0 41
23:29:32 4 0 42
23:30:02 4 0 42
23:30:32 4 0 42
23:31:02 4 0 42
23:31:32 4 0 42
23:32:02 4 0 42
23:32:32 4 0 41
23:33:03 4 0 41
23:33:33 4 0 42
23:34:03 4 0 42
23:34:33 4 0 42
23:35:03 4 0 42
23:35:33 4 0 41
23:36:04 4 0 42
23:36:34 4 0 42
23:37:04 4 0 42
23:37:34 4 0 42
23:38:04 4 0 42
23:38:34 4 0 42
23:39:04 4 0 42
23:39:34 4 0 42
23:40:05 4 0 42
23:40:35 4 0 42
23:41:05 4 0 42
23:41:35 4 0 47
23:42:05 4 0 41
23:42:35 4 0 43
23:43:06 4 0 41
23:43:36 4 0 41
23:44:06 4 0 42
23:44:36 4 0 42
23:45:06 4 0 42
23:45:36 4 0 44
23:46:07 4 0 41
23:46:37 4 0 42
23:47:07 4 0 78
23:47:37 4 0 41
23:48:08 4 0 41
23:48:38 4 0 41
23:49:09 4 0 41
23:49:39 4 0 42
23:50:09 4 0 42
23:50:39 4 0 42
23:51:10 4 0 42
23:51:40 4 0 42
23:52:10 4 0 43
23:52:41 4 0 43
23:53:12 4 0 48
23:53:43 4 0 42
23:54:13 4 0 44
23:54:44 4 0 42
23:55:14 4 0 42
23:55:45 4 0 42
23:56:15 4 0 42
23:56:46 4 0 42
23:57:16 4 0 42
23:57:47 4 0 42
23:58:17 4 0 43
23:58:47 4 0 42
23:59:21 4 0 78
23:59:48 4 0 42
