00:01:54 3634 5122
00:03:24 3299 4858
00:04:23 1178 698
00:05:24 38852 2856
00:06:25 137769 6923
00:07:28 50818 3810
00:08:27 64168 4930
02:00:06 -1 -1
02:01:07 12629 3953
02:02:07 679 1013
02:03:08 1223 1680
02:04:08 13345 1096
02:05:08 791 576
02:06:09 12674 3838
02:07:09 -1 -1
02:08:10 36530 2061
02:09:10 449 402
02:10:11 613 408
02:11:11 1925 2269
02:12:12 6080 1547
02:13:12 7890 366
02:14:12 46682 4146
02:15:13 43280 35287
02:16:13 48120 2270
02:17:13 41695 2131
02:18:14 86331 7402
02:19:15 610 818
02:20:15 4098 6496
02:21:15 5645 2637
02:22:16 259 226
02:23:16 664 352
02:24:17 3438 5588
02:25:17 1105 942
02:26:17 1446 2098
02:27:18 4174 7580
02:28:18 3899 1834
02:29:19 100999 10834
02:30:19 55774 4581
02:31:20 6031 2707
02:32:20 108 60
02:33:21 30587 5993
02:34:21 3751 1926
02:35:21 1124 603
02:36:22 20427 6518
02:37:22 1299 282
02:38:22 78097 5456
02:39:23 870 1028
02:40:23 2920 4942
02:41:24 -1 -1
02:42:24 27374 1542
02:43:24 4337 6812
02:44:25 17168 2192
02:45:25 685 416
02:46:26 480 260
02:47:26 1720 2632
02:48:26 17156 3348
02:49:27 18820 702
02:50:27 -1 -1
02:51:28 15650 1690
02:52:28 574 438
02:53:28 20417 7439
02:54:29 2040 2407
02:55:29 24955 1790
02:56:30 23163 1972
02:57:30 12264 5753
02:58:30 812 803
02:59:31 15908 757
03:00:31 10238 4887
03:01:32 7374 10749
03:02:32 1076 918
03:03:32 12027 5277
03:04:33 664 352
03:05:33 54 0
03:06:34 8972 8310
03:07:34 226 88
03:08:35 5613 8136
03:09:35 10397 8309
03:10:35 19180 1061
03:11:36 4040 5763
03:12:36 1799 1786
03:13:36 6405 740
03:14:37 3939 5199
03:15:37 2378 3802
03:16:37 4132 4811
03:17:38 3512 6138
03:18:38 17378 624
03:19:38 1104 1318
03:20:39 6838 768
03:21:39 1321 1141
03:22:39 58774 3380
03:23:40 1886 1073
03:24:40 22973 1967
03:25:41 43499 4026
03:26:41 4455 1212
03:27:41 600 458
03:28:41 1175 785
03:29:42 772 1130
03:30:42 3514 5204
03:31:42 76279 2293
03:32:43 35185 228075
03:33:43 10608 810
03:34:43 76462 3163
03:35:44 922 762
03:36:44 32043 3209
03:37:44 1659 1827
03:38:45 81349 3231
03:39:45 4563 7186
03:40:46 1474 698
03:41:46 80949 2558
03:42:46 580 194
03:43:47 2413 2451
03:44:47 777 401
03:45:47 791 772
03:46:48 2483 1271
03:47:48 905 1745
03:48:48 15311 1678
03:49:49 3874 5728
03:50:49 12509 2101
03:51:49 12357 2075
03:52:50 1647 1080
03:53:50 483 384
03:54:50 634 862
03:55:52 193395 14520
03:56:51 2033 768
03:57:51 633 510
03:58:52 404 614
03:59:52 3170 5012
04:00:52 18099 2009
04:01:53 859 1312
04:02:53 2636 3644
04:03:53 22810 4557
04:04:54 3501 5125
04:05:54 45572 2617
04:06:54 2110 468
04:07:55 62904 10085
04:08:55 20068 1010
04:09:55 1953 1545
04:10:56 14589 1824
04:11:56 3338 2734
04:12:56 1247 2094
04:13:57 3979 3687
04:14:57 3631 4957
04:15:58 24933 2032
04:16:58 1210 1000
04:17:58 1647 1169
04:18:59 821 759
04:19:59 4382 5153
04:21:00 22317 1484
04:21:59 4021 4908
04:23:00 22500 332725
04:24:00 62890 4823
04:25:01 4999 6824
04:26:01 15670 2605
04:27:01 31509 2539
04:28:02 60902 4368
04:29:02 75660 3061
04:30:02 2170 1964
04:31:03 30311 2380
04:32:03 3904 5788
04:33:03 2573 1857
04:34:04 7453 2487
04:35:04 828 1706
04:36:04 12194 3236
04:37:05 24122 1833
04:38:06 1396 1138
04:39:06 19134 2144
04:40:06 33369 8326
04:41:07 1206 1554
04:42:07 1397 1497
04:43:07 4201 3526
04:44:07 1807 1424
04:45:08 6433 6152
04:46:08 1140487 31182
04:47:08 411245 12488
04:48:09 4931 5523
04:49:09 51263 2544
04:50:09 69163 8470
04:51:10 31572 1606
04:52:10 511 225
04:53:10 -1 -1
04:54:11 2903 4928
04:55:11 2291 1903
04:56:11 15500 11684
04:57:12 1689 699
04:58:12 3506 5386
04:59:12 23761 2688
05:00:13 2261 1727
05:01:13 1338 2782
05:02:13 32606 2336
05:03:14 8049 2041
05:04:14 25251 3326
05:05:14 19811 17296
05:06:15 11888 6903
05:07:15 43067 3625
05:08:16 27321 2805
05:09:16 3246 4586
05:10:16 28447 6056
05:11:17 404 356
05:12:17 29684 6559
05:13:17 31407 1571
05:14:18 1653 1293
05:15:18 638 579
05:16:18 1149 780
05:17:19 1050 12552
05:18:19 82049 3904
05:19:19 22381 2032
05:20:20 1802 2341
05:21:20 5978 7300
05:22:20 1746 2505
05:23:21 31184 1569
05:24:21 11729 304215
05:25:22 44468 3217
05:26:22 3567 5094
05:27:22 30862 6270
05:28:23 1371 1846
05:29:23 2912 1161
05:30:23 1622 1095
05:31:24 11819 1930
05:32:24 1087 884
05:33:24 5948 1088
05:34:25 3009 5289
05:35:25 3964 1590
05:36:25 32728 4324
05:37:26 4458 7097
05:38:26 2488 2487
05:39:26 576 444
05:40:27 2540 1634
05:41:27 22788 1535
05:42:27 1009 794
05:43:28 2449 1523
05:44:28 24792 7327
05:45:28 1015 1159
05:46:29 -1 -1
05:47:29 6147 8626
05:48:29 2181 1546
05:49:30 1440 949
05:50:30 1081 829
05:51:30 38236 314175
05:52:31 4214 6628
05:53:31 1460 1522
05:54:31 655 472
05:55:32 3331 1884
05:56:32 10429 9536
05:57:32 23521 1763
05:58:33 5060 7460
05:59:33 16766 2687
06:00:35 3854 5743
06:01:34 19822 7843
06:02:35 27426 2875
06:03:35 2604 1525
06:04:35 241270 13550
06:05:36 1610 970
06:06:36 25835 7020
06:07:37 1886 1308
06:08:37 537 444
06:09:37 492 264
06:10:38 4614 6323
06:11:38 1324 1012
06:12:38 772 1196
06:13:39 39852 3152
06:14:39 6823 276833
06:15:39 5517 1206
06:16:40 776 688
06:17:40 3584 5788
06:18:40 1313 1285
06:19:41 1950 1269
06:20:41 952 515
06:21:42 6362 1944
06:22:42 9483 6865
06:23:42 47093 2366
06:24:43 3271 2334
06:25:43 31877 18659
06:26:43 1580 1331
06:27:44 7011 7612
06:28:44 47367 4856
06:29:44 17579 7028
06:30:45 14939 932
06:31:45 40035 2304
06:32:45 1264 925
06:33:46 616 532
06:34:46 41871 8192
06:35:46 2156 1349
06:36:47 1937 1221
06:37:47 7970 1299
06:38:47 350 296
06:39:48 24792 5898
06:40:48 14415 313035
06:41:48 909 1300
06:42:49 15191 6811
06:43:49 1265 950
06:44:49 416 340
06:45:50 3570 5166
06:46:50 17644 4531
06:47:50 7521 6327
06:48:51 2495 1735
06:49:51 6961 1231
06:50:51 827 626
06:51:52 722 661
06:52:52 350 416
06:53:52 644 1111
06:54:53 1079 812
06:55:53 2982 66070
06:56:53 41314 1376
06:57:54 86267 12086
06:58:54 655 472
06:59:54 643 505
07:00:55 30523 1975
07:01:55 -1 -1
07:02:55 37945 2114
07:03:56 -1 -1
07:04:56 28823 3002
07:05:56 7805 1750
07:06:57 4073 5519
07:07:57 4411 1488
07:08:57 13939 2464
07:09:58 26578 1805
07:10:58 4968 6968
07:11:58 9525 890
07:12:59 18314 1520
07:13:59 4298 6916
07:14:59 30302 5541
07:16:00 1855 2226
07:17:00 2780 1314
07:18:01 12997 1399
07:19:01 2597 1228
07:20:01 713 532
07:21:01 971 1095
07:22:02 350 886
07:23:02 25690 5705
07:24:02 13153 1297
07:25:03 3557 1443
07:26:03 1048 794
07:27:04 359 176
07:28:04 3437 2927
07:29:04 3735 4778
07:30:04 108 60
07:31:05 7787 863
07:32:06 2279 380
07:33:06 4905 7864
07:34:06 49592 4665
07:35:07 729 2006
07:36:08 681 350
07:37:08 22444 726
07:38:09 38136 1329
07:39:09 36462 324490
07:40:09 1372 2726
07:41:09 2236 1690
07:42:10 930 513
07:43:10 35666 7880
07:44:10 61348 2020
07:45:11 961 700
07:46:11 48953 3861
07:47:11 6236 1126
07:48:11 3115 2960
07:49:12 1051 1020
07:50:12 35199 3281
07:51:12 844 549
07:52:13 25437 1882
07:53:13 76101 4748
07:54:13 3661 1705
07:55:14 255952 9181
07:56:14 21274 1632
07:57:14 314 234
07:58:15 1107 612
07:59:15 5802 6743
08:00:15 25725 2628
08:01:16 19914 2454
08:02:16 43152 1860
08:03:16 67995 9848
08:04:17 5895 4239
08:05:17 280 148
08:06:17 845 851
08:07:17 825 747
08:08:18 7941 6305
08:09:18 25624 8442
08:10:18 3170 4370
08:11:19 2482 3932
08:12:19 293 349
08:13:19 3824 1517
08:14:20 17320 1868
08:15:20 8209 2426
08:16:20 625 352
08:17:21 3921 5448
08:18:21 1574 1198
08:19:21 2563 861
08:20:22 283372 16077
08:21:22 118655 38293
08:22:22 23280 2293
08:23:23 88680 2831
08:24:24 30934 1752
08:25:24 3295 4999
08:26:24 2792 3633
08:27:24 16810 2067
08:28:25 162 770
08:29:25 918 584
08:30:25 44742 5155
08:31:26 398 326
08:32:26 252881 12613
08:33:26 166 360
08:34:27 29674 1536
08:35:27 28510 1340
08:36:27 30129 716
08:37:28 4729 6863
08:38:28 36017 4449
08:39:28 1949 3414
08:40:29 519 924
08:41:29 108 306
08:42:29 3368 4940
08:43:30 7529 4796
08:44:30 62705 3727
08:45:30 16668 828
08:46:31 879 524
08:47:31 3281 1964
08:48:31 5929 2689
08:49:32 4288 2068
08:50:32 83862 3843
08:51:32 1147 952
08:52:33 2404 2092
08:53:33 5483 9532
08:54:34 719589 34641
08:55:34 50232 3419
08:56:35 70131 5644
08:57:35 3157 4908
08:58:36 5036 8512
08:59:36 1120 1848
09:00:37 3710 5341
09:01:37 924 787
09:02:37 50645 328695
09:03:37 14029 5141
09:04:38 4944 4347
09:05:38 1667 1427
09:06:38 4698 7811
09:07:38 14515 2158
09:08:39 1175 1257
09:09:39 3516 5810
09:10:39 741 427
09:11:39 1827 2548
09:12:40 21137 3213
09:13:40 30258 1738
09:14:40 7602 7925
09:15:40 6890 3444
09:16:41 2663 1280
09:17:41 25767 6563
09:18:41 5361 7702
09:19:42 3486 5499
09:20:42 58928 4161
09:21:42 4049 5944
09:22:43 3665 4720
09:23:43 5309 7184
09:24:43 4097 5106
09:25:43 492 264
09:26:44 1011 795
09:27:44 7288 2292
09:28:44 23261 2562
09:29:44 1217 896
09:30:45 75686 7519
09:31:45 24858 4964
09:32:46 15452 3389
09:33:46 7501 994
09:34:46 358573 14557
09:35:46 1000 668
09:36:47 175564 15899
09:37:47 2408 960
09:38:48 4188 4052
09:39:48 103550 4076
09:40:48 1765 1444
09:41:49 29891 2223
09:42:49 1851 1947
09:43:49 11996 126802
09:44:49 30272 4453
09:45:50 368 830
09:46:50 4844 7304
09:47:50 1532 1181
09:48:50 40429 43777
09:49:51 707 436
09:50:51 3640 5242
09:51:51 5006 850
09:52:51 34614 1981
09:53:51 3360 5233
09:54:52 11383 2084
09:55:52 16667 586
09:56:52 3484 5474
09:57:52 5233 5548
09:58:53 284228 11923
09:59:53 15521 3221
10:00:54 10685 3269
10:01:54 625 352
10:02:54 359 296
10:03:54 7635 567
10:04:54 11984 440
10:05:54 87620 3620
10:06:55 16506 1887
10:07:55 47585 8083
10:08:55 1159 798
10:09:55 36300 5736
10:10:58 732315 28652
10:11:56 1176 1159
10:12:56 6619 802
10:13:56 1237 1158
10:14:57 24570 3924
10:15:57 22157 2049
10:16:57 54800 2425
10:17:57 1840 1870
10:18:58 105730 4399
10:19:58 22359 3260
10:20:59 3134 1302
10:21:59 1621 1542
10:23:00 2756 2246
10:24:01 14563 2694
10:25:02 23020 7597
10:26:02 16891 4068
10:27:03 24537 2263
10:28:03 3989 5912
10:29:03 12903 4210
10:30:04 6991 2202
10:31:04 1222 806
10:32:05 3524 1219
10:33:05 5060 7581
10:34:05 54 60
10:35:05 430 1254
10:36:05 91201 6130
10:37:06 62706 10580
10:38:06 1758 1084
10:39:07 30135 5042
10:40:07 -1 -1
10:41:08 2180 154
10:42:08 4090 5408
10:43:09 8312 1736
10:44:09 34535 7403
10:45:09 1207 1115
10:46:10 2054 1937
10:47:10 2474 1484
10:48:10 5882 6965
10:49:10 402 225
10:50:11 2060 384
10:51:11 3428 5200
10:52:12 5674 1728
10:53:12 4935 6804
10:54:13 2902 1377
10:55:13 492 264
10:56:14 1207 987
10:57:14 1105 1128
10:58:15 1310 2256
10:59:16 27352 6052
11:00:16 5474 8181
11:01:16 187 88
11:02:17 26074 10850
11:03:17 780 910
11:04:17 1432 1180
11:05:17 2927 3892
11:06:18 14968 8439
11:07:18 1428 1212
11:08:19 12154 3060
11:09:19 6159 1772
11:10:19 359 176
11:11:20 2516 2563
11:12:20 2136 1626
11:13:20 154691 11861
11:14:21 1963 1585
11:15:22 986 526
11:16:22 819 611
11:17:23 11994 4241
11:18:23 17685 1862
11:19:23 4282 4189
11:20:24 3783 6178
11:21:24 17532 814
11:22:24 39097 1786
11:23:24 47719 3009
11:24:25 5131 7526
11:25:25 24835 5161
11:26:25 1107 940
11:27:26 27803 2223
11:28:26 1011 584
11:29:26 2675 3816
11:30:26 550 260
11:31:26 1302 1283
11:32:27 42076 2169
11:33:27 340092 15175
11:34:28 14044 376600
11:35:28 1090 1089
11:36:28 692 341
11:37:29 8921 3801
11:38:29 1138 1326
11:39:29 2676 3089
11:40:30 40821 4667
11:41:30 63024 143790
11:42:30 534081 20178
11:43:30 7294 2131
11:44:31 664 942
11:45:32 5172 7241
11:46:32 20250 1273
11:47:33 8238 1486
11:48:33 53011 2104
11:49:34 95070 8188
11:50:34 1339 1985
11:51:35 36931 2764
11:52:35 21097 8536
11:53:35 1505 1009
11:54:36 580 350
11:55:36 3281 4126
11:56:36 27002 2164
11:57:36 24500 1684
11:58:37 38728 3305
11:59:37 278588 18843
12:00:37 2124 1112
12:01:38 2011 1142
12:02:38 941 524
12:03:38 791 438
12:04:38 422724 19853
12:05:39 2584 4214
12:06:39 1986 352
12:07:39 3620 4163
12:08:39 25881 6264
12:09:40 1096 754
12:10:40 4601 2826
12:11:41 2176 2559
12:12:41 929 562
12:13:41 77986 5845
12:14:42 1551 1854
12:15:42 5088 7456
12:16:43 30338 1390
12:17:43 25405 6846
12:18:44 11604 7774
12:19:44 39579 5974
12:20:45 48855 14281
12:21:45 1704 1468
12:22:45 1638 2309
12:23:45 33657 4078
12:24:45 17258 3193
12:25:46 3349 2950
12:26:46 969 1142
12:27:46 2824 3517
12:28:47 9862 5724
12:29:47 2118 1785
12:30:47 5341 6584
12:31:48 47162 2503
12:32:48 1088 694
12:33:48 20274 1081
12:34:48 3080 4626
12:35:48 -1 -1
12:36:49 729 423
12:37:49 3732 5744
12:38:49 1211 1678
12:39:50 24998 9364
12:40:50 18642 2723
12:41:50 43045 3435
12:42:50 1165 1520
12:43:50 14428 2338
12:44:51 1765 1393
12:45:51 631 399
12:46:51 38338 3012
12:47:51 6555 4953
12:48:51 7827 1795
12:49:52 5512 7425
12:50:53 1842 1961
12:51:53 613 348
12:52:53 18320 243331
12:53:53 22124 2622
12:54:54 72156 2806
12:55:54 614 510
12:56:54 256751 12950
12:57:55 636 792
12:58:55 785 436
12:59:55 3619 678
13:00:55 13267 4447
13:01:56 4703 6806
13:02:56 12891 2211
13:03:56 722 472
13:04:56 19304 1972
13:05:57 61707 2836
13:06:57 1888 1301
13:07:57 6440 6822
13:08:57 12702 686
13:09:57 7925 1963
13:10:57 4472 1160
13:11:58 18061 8390
13:12:58 320 337
13:13:58 112 120
13:14:58 1961 1351
13:15:58 492 324
13:16:59 59157 4233
13:17:59 19259 5339
13:18:59 3151 4536
13:19:59 82935 3069
13:20:59 11547 1678
13:22:00 2914 2666
13:23:00 3288 5031
13:24:01 7557 1911
13:25:01 1633 1371
13:26:01 499539 34916
13:27:01 15470 1253
13:28:02 1040 601
13:29:02 1795 1632
13:30:02 21376 2687
13:31:02 1968 1435
13:32:03 5804 3636
13:33:03 21257 4484
13:34:04 918 524
13:35:04 19815 2307
13:36:04 2087 1614
13:37:04 23121 172036
13:38:05 2322 436
13:39:05 27427 5607
13:40:05 32541 1804
13:41:05 918 914
13:42:06 112 120
13:43:06 3660 4985
13:44:07 7108 13467
13:45:07 3351 5412
13:46:07 10827 7647
13:47:08 1441 1106
13:48:09 3353 5271
13:49:09 9008 4742
13:50:09 64240 11575
13:51:10 6252 3794
13:52:10 1848 88
13:53:10 2359 1472
13:54:10 12232 1852
13:55:11 107932 9684
13:56:11 879 584
13:57:11 531 264
13:58:11 1212 689
13:59:12 3058 4391
14:00:12 1820 1088
14:01:12 4560 4849
14:02:12 11067 1444
14:03:12 16435 1750
14:04:13 265375 8921
14:05:13 2062 1315
14:06:13 45280 3348
14:07:14 47464 7752
14:08:14 1194 1693
14:09:15 3356 3515
14:10:15 967 882
14:11:15 61171 4427
14:12:16 2753 1266
14:13:16 3798 1766
14:14:16 11049 1286
14:15:16 2973 3242
14:16:17 5962 2814
14:17:17 18505 28904
14:18:17 840 656
14:19:18 5749 6460
14:20:18 424 296
14:21:18 3434 4016
14:22:18 25279 1622
14:23:18 33282 1869
14:24:19 12139 2302
14:25:20 20276 5278
14:26:20 3330 5355
14:27:20 1370 1377
14:28:21 6378 1467
14:29:21 2585 1411
14:30:21 1810 1337
14:31:22 4310 984
14:32:22 25515 8258
14:33:22 1588 970
14:34:23 2060 675
14:35:23 1829 1323
14:36:23 744 1070
14:37:24 4345 6401
14:38:25 530 322
14:39:25 6391 8298
14:40:25 41121 3269
14:41:26 12824 1620
14:42:26 489 1076
14:43:27 7652 1956
14:44:27 1076 1185
14:45:28 3589 2135
14:46:28 916 1034
14:47:28 18867 3316
14:48:29 9637 6032
14:49:29 11683 1680
14:50:29 9718 6730
14:51:30 7608 6560
14:52:30 6017 993
14:53:30 4319 7279
14:54:31 10035 8943
14:55:31 3340 1395
14:56:31 4357 2803
14:57:31 14316 5829
14:58:32 36825 1326
14:59:32 7830 274167
15:00:32 4890 5391
15:01:32 15375 3816
15:02:33 25445 7975
15:03:33 22218 3862
15:04:33 4650 1433
15:05:33 32429 3308
15:06:33 1249 758
15:07:34 254287 15479
15:08:34 81185 6114
15:09:34 41916 8947
15:10:34 525 428
15:11:35 4644 6794
15:12:36 71999 5712
15:13:36 5487 7638
15:14:36 5601 1231
15:15:36 37739 1798
15:16:37 16824 7477
15:17:37 7469 4042
15:18:37 56241 10246
15:19:38 8336 2871
15:20:38 8670 8270
15:21:38 1753 2670
15:22:38 3315 752
15:23:38 30237 2662
15:24:39 16307 1435
15:25:39 6141 1709
15:26:39 6069 916
15:27:39 11025 1547
15:28:39 16640 1958
15:29:40 6328 1570
15:30:40 23104 2670
15:31:40 10151 6652
15:32:41 3824 2507
15:33:41 17815 3162
15:34:41 9300 2185
15:35:41 10243 8395
15:36:42 3389 1716
15:37:42 5915 8787
15:38:42 103693 20112
15:39:42 22138 4226
15:40:43 3547 1596
15:41:43 12848 4181
15:42:43 26289 227388
15:43:43 32866 1331
15:44:43 19743 1849
15:45:44 340286 12558
15:46:44 58165 4996
15:47:44 90396 5325
15:48:44 3901 578
15:49:45 14321 2660
15:50:45 3979 1234
15:51:45 3240 1551
15:52:46 14520 5418
15:53:46 3384 2664
15:54:46 11826 2385
15:55:46 4143 712
15:56:46 2029 1472
15:57:47 14359 3926
15:58:47 2444 2788
15:59:47 8344 687
16:00:47 2413 1212
16:01:48 374314 10982
16:02:48 3073 1330
16:03:48 4771 6334
16:04:48 6911 2449
16:05:48 3595 4610
16:06:49 7375 977
16:07:49 4027 4632
16:08:49 39919 2170
16:09:49 5165 7862
16:10:49 3029 1542
16:11:50 26366 3144
16:12:50 4888 2227
16:13:50 87872 7013
16:14:51 26836 8353
16:15:51 8380 2908
16:16:51 2392 2385
16:17:51 23111 2317
16:18:51 98366 8397
16:19:52 14461 1680
16:20:52 19033 9133
16:21:52 922 620
16:22:52 4295 6195
16:23:52 7326 2148
16:24:53 45330 8474
16:25:53 1618 1414
16:26:53 10812 5272
16:27:53 2238 461
16:28:54 7843 6340
16:29:54 8751 3879
16:30:54 17132 1081
16:31:55 17335 8620
16:32:55 39255 5582
16:33:56 9699 6278
16:34:56 18362 21154
16:35:56 11325 2507
16:36:56 -1 -1
16:37:56 2833 2127
16:38:57 1921 1669
16:39:57 2482 2339
16:40:57 2470 2477
16:41:58 -1 -1
16:42:58 3808 2038
16:43:58 8545 2666
16:44:58 3947 1143
16:45:58 71347 3492
16:46:59 26618 8247
16:47:59 11406 2611
16:48:59 6155 6945
16:49:59 6131 8321
16:50:59 8969 8221
16:52:00 20740 4498
16:53:00 9219 7045
16:54:00 21109 4253
16:55:01 8440 11689
16:56:01 1623 2083
16:57:01 15949 3114
16:58:01 73662 3502
16:59:01 3550 1108
17:00:02 79023 5069
17:01:02 17512 6826
17:02:02 10780 782
17:03:03 3483 1595
17:04:03 5386 7389
17:05:03 578 448
17:06:04 629 518
17:07:04 27957 2115
17:08:04 29671 5333
17:09:04 46039 2752
17:10:05 19705 8702
17:11:05 3251 4108
17:12:05 1434 1527
17:13:05 727 948
17:14:05 846 463
17:15:06 30309 1235
17:16:06 18005 3510
17:17:06 3383 1189
17:18:06 3780 6090
17:19:07 4737 7352
17:20:07 38195 4566
17:21:07 19266 2712
17:22:07 4251 2873
17:23:08 5430 4165
17:24:09 5573 7794
17:25:09 5636 1430
17:26:10 7531 5658
17:27:10 19189 8752
17:28:10 22232 9499
17:29:10 19393 1623
17:30:11 1932 2322
17:31:11 91514 4801
17:32:11 2364 1570
17:33:12 2375 1432
17:34:12 653 313
17:35:12 2926 3786
17:36:12 258 738
17:37:13 10571 7061
17:38:13 40278 2824
17:39:14 1122 1900
17:40:14 5558 7396
17:41:14 508 435
17:42:14 2010 2545
17:43:15 21801 8596
17:44:16 516766 23410
17:45:16 42426 2814
17:46:16 2876 1244
17:47:17 10761 2896
17:48:17 4283 1200
17:49:17 2018 1135
17:50:17 22033 327342
17:51:18 34945 9059
17:52:18 3356 3638
17:53:18 1567 1052
17:54:18 112684 13936
17:55:19 1023 1487
17:56:19 3293 2491
17:57:19 2181 1827
17:58:19 19797 28628
17:59:20 738 529
18:00:20 56319 1924
18:01:20 4363 2412
18:02:20 18560 2310
18:03:21 974 1506
18:04:21 619 392
18:05:21 3786 5560
18:06:21 5698 9394
18:07:21 5202 8056
18:08:22 37443 8940
18:09:22 882 1216
18:10:22 23102 1600
18:11:23 1337 818
18:12:23 747 872
18:13:23 2071 28912
18:14:23 4213 1588
18:15:24 77467 3702
18:16:24 35249 8108
18:17:24 1445 1160
18:18:24 23129 6822
18:19:25 4914 7110
18:20:25 21907 808
18:21:25 3682 1412
18:22:26 3320 917
18:23:26 3053 3081
18:24:26 2425 3274
18:25:26 6662 9051
18:26:27 3965 5348
18:27:27 1178 650
18:28:27 1833 1474
18:29:28 1388 1079
18:30:28 1399 1807
18:31:29 35558 9701
18:32:29 38518 2542
18:33:29 13297 1771
18:34:30 25879 805
18:35:30 8331 2400
18:36:30 34823 2512
18:37:31 41845 2565
18:38:31 3175 1492
18:39:31 3090 1826
18:40:32 11544 5106
18:41:32 20632 1920
18:42:32 13990 7392
18:43:32 22521 1277
18:44:33 2920 1298
18:45:33 1436 2412
18:46:33 11040 1403
18:47:33 3032 1066
18:48:33 11016 1106
18:49:34 919 556
18:50:34 1282 1225
18:51:34 8231 1107
18:52:34 21222 2818
18:53:35 31505 7495
18:54:36 732 486
18:55:36 6768 9292
18:56:36 15624 7199
18:57:36 38830 4614
18:58:37 733 792
18:59:37 3083 422
19:00:37 1852 1504
19:01:37 2152 1871
19:02:38 2167 1318
19:03:38 1140 1672
19:04:38 1000 706
19:05:38 1471 848
19:06:38 29832 2840
19:07:39 12832 372293
19:08:39 2556 612
19:09:39 1122 657
19:10:39 2936 2359
19:11:40 35989 5134
19:12:40 1498 1378
19:13:40 32275 2602
19:14:40 1493 1808
19:15:41 2176 2611
19:16:41 46111 2007
19:17:41 2832 2138
19:18:41 3419 296
19:19:41 867 719
19:20:42 1204 1135
19:21:42 313918 11023
19:22:42 840 478
19:23:42 1118 1044
19:24:43 3266 3061
19:25:43 19578 2735
19:26:43 16099 1525
19:27:43 7657 1254
19:28:43 49919 4366
19:29:43 3109 1060
19:30:44 6277 1821
19:31:44 3219 3348
19:32:44 846 475
19:33:45 6776 1392
19:34:45 1227 862
19:35:45 28426 4521
19:36:46 114566 7905
19:37:46 4666 1810
19:38:46 14659 4534
19:39:46 26691 4202
19:40:46 1871 3310
19:41:47 43974 4450
19:42:47 26543 41424
19:43:47 9447 1038
19:44:47 385 354
19:45:47 29952 2859
19:46:48 27795 2687
19:47:48 33094 2552
19:48:48 194992 15611
19:49:48 3861 1074
19:50:48 4486 897
19:51:49 507 236
19:52:49 2513 683
19:53:49 2828 1741
19:54:49 891 1176
19:55:49 13444 1939
19:56:50 19651 1264
19:57:50 9288 1886
19:58:50 2595 334
19:59:51 25882 3188
20:00:51 144340 11205
20:01:51 897 817
20:02:51 538 356
20:03:51 22565 1514
20:04:51 3133 749
20:05:52 24318 2340
20:06:52 38776 3103
20:07:52 458373 33951
20:08:52 3258 1728
20:09:53 9887 1801
20:10:53 282463 8639
20:11:53 130122 1264
20:12:53 8085 2831
20:13:53 83197 2484
20:14:53 38262 1699
20:15:54 11254 1398
20:16:54 3086 940
20:17:54 469 236
20:18:54 24627 2641
20:19:55 993 644
20:20:55 10981 2204
20:21:55 4914 1946
20:22:55 1623 1490
20:23:56 2769 2754
20:24:56 9181 1242
20:25:56 2336 2088
20:26:56 1013 888
20:27:57 329 464
20:28:57 363 274
20:29:57 1099 1087
20:30:57 3099 2491
20:31:57 4282 1004
20:32:58 16819 694
20:33:58 645 468
20:34:58 1316 902
20:35:58 60006 3033
20:36:58 789 1062
20:37:59 67382 167470
20:38:59 28064 892
20:39:59 845 485
20:40:59 8447 5419
20:42:00 3211 4368
20:43:00 818 536
20:44:00 19119 3416
20:45:00 22493 1449
20:46:00 2937 843
20:47:02 617 729
20:48:02 3310 1094
20:49:02 2109 2268
20:50:02 1898 1543
20:51:02 29463 1906
20:52:03 955 1335
20:53:03 65179 293409
20:54:03 1161 824
20:55:03 33613 2780
20:56:03 1173 692
20:57:04 2681 2735
20:58:04 8833 2055
20:59:04 11256 3136
21:00:04 33642 1947
21:01:04 3534 2818
21:02:05 41199 2503
21:03:05 12971 3000
21:04:05 10363 2313
21:05:05 3749 3591
21:06:06 1841 1929
21:07:06 1166 1045
21:08:06 1629 1370
21:09:06 1429 1300
21:10:06 4249 4161
21:11:06 33625 6507
21:12:07 1084 968
21:13:07 15804 6179
21:14:07 717 554
21:15:07 1585 958
21:16:07 34528 3757
21:17:08 42710 2088
21:18:08 1210 758
21:19:08 3972 1681
21:20:09 2714 2016
21:21:09 1176 697
21:22:09 2547 2339
21:23:09 44534 3389
21:24:10 851 487
21:25:10 1395 964
21:26:10 546 311
21:27:10 18030 1962
21:28:10 119520 4584
21:29:11 1575 1349
21:30:11 1881 1127
21:31:11 424 234
21:32:12 29814 2358
21:33:12 39344 3665
21:34:12 31293 3676
21:35:12 13118 1648
21:36:12 769 551
21:37:12 43564 2911
21:38:13 2281 2456
21:39:13 22108 6550
21:40:13 39181 4066
21:41:13 3371 3872
21:42:14 5428 2436
21:43:14 1795 1778
21:44:14 1438 790
21:45:14 15379 1844
21:46:14 7995 1208
21:47:15 18162 2270
21:48:15 297 738
21:49:15 5144 384
21:50:15 2833 3094
21:51:16 30933 1324
21:52:16 1028 584
21:53:16 391 236
21:54:16 28006 1225
21:55:17 2581 3589
21:56:17 1755 2099
21:57:17 15708 1718
21:58:17 16334 1340
21:59:18 2935 3629
22:00:18 1223 746
22:01:18 1436 1457
22:02:18 32609 3496
22:03:19 1078 655
22:04:19 40506 41443
22:05:19 20404 1421
22:06:19 10976 1926
22:07:20 1001 1340
22:08:20 542 296
22:09:20 22258 1413
22:10:20 800 474
22:11:21 22248 1611
22:12:21 6474 1476
22:13:21 1962 2460
22:14:21 1577 1357
22:15:22 38542 2300
22:16:22 258 148
22:17:22 47446 41682
22:18:22 101801 4617
22:19:23 7639 1504
22:20:23 2438 788
22:21:23 4043 2321
22:22:23 8704 1395
22:23:24 23388 2250
22:24:24 856 496
22:25:24 60956 42933
22:26:24 29787 2197
22:27:25 22357 1642
22:28:25 45932 3121
22:29:25 11375 1766
22:30:25 12698 1600
22:31:25 1040 1414
22:32:26 4363 1650
22:33:26 41542 1912
22:34:26 2492 3053
22:35:27 1385 2002
22:36:27 22537 54258
22:37:27 1890 1534
22:38:27 27084 3048
22:39:28 26613 3141
22:40:28 48013 3929
22:41:28 496 452
22:42:29 42097 3664
22:43:29 1188 1309
22:44:29 56824 4519
22:45:29 53536 11196
22:46:30 11885 904
22:47:30 947 684
22:48:30 13605 984
22:49:30 1687 1247
22:50:31 23465 2076
22:51:31 25617 3513
22:52:31 17467 1176
22:53:31 12357 2021
22:54:32 1264 1452
22:55:32 5573 3541
22:56:32 27212 151894
22:57:32 20023 1216
22:58:33 7218 992
22:59:33 15845 564
23:00:33 20123 1519
23:01:33 1118 728
23:02:34 963 818
23:03:34 15288 2329
23:04:34 49668 3550
23:05:34 42723 2952
23:06:35 10795 1868
23:07:35 10690 2065
23:08:36 17258 2320
23:09:36 7036 2282
23:10:36 20058 3730
23:11:36 2341 813
23:12:36 3469 4928
23:13:36 44419 1464
23:14:37 2620 655
23:15:37 8915 6512
23:16:37 3914 959
23:17:37 6781 1526
23:18:38 3102 743
23:19:38 5080 322
23:20:38 36888 302932
23:21:39 3655 4232
23:22:39 14207 5479
23:23:39 123886 7642
23:24:39 7464 4059
23:25:40 3785 4022
23:26:40 19522 3284
23:27:40 1923 1554
23:28:40 6852 3618
23:29:41 5474 1143
23:30:41 981 819
23:31:41 133766 11962
23:32:42 63017 3380
23:33:42 1296 1110
23:34:42 1032 1670
23:35:42 125 215
23:36:43 58835 6364
23:37:43 690 384
23:38:43 13965 976
23:39:43 51779 3675
23:40:44 2116 1013
23:41:44 49032 3523
23:42:44 4672 348
23:43:45 989 784
23:44:45 644 632
23:45:45 24366 2071
23:46:46 2400 2184
23:47:46 1977 2198
23:48:47 7738 644
23:49:48 1189 912
23:50:49 1427 2831
23:51:49 3113 611
23:52:49 61711 4611
23:53:50 441 296
23:54:50 10432 2562
23:55:51 -1 -1
23:56:51 4456 3414
23:57:52 57853 1648
23:58:52 1111 777
23:59:52 1339 1303
