00:01:43 1847
00:03:22 1827
00:04:08 1832
00:05:09 1835
00:06:11 1814
00:07:18 1808
00:08:18 1806
02:00:08 1884
02:01:06 1883
02:02:06 1884
02:03:07 1880
02:04:07 1888
02:05:08 1884
02:06:08 1878
02:07:09 1877
02:08:09 1879
02:09:09 1872
02:10:10 1889
02:11:10 1881
02:12:11 1882
02:13:11 -1
02:14:11 1881
02:15:12 1883
02:16:12 1887
02:17:13 1884
02:18:13 1884
02:19:14 1885
02:20:14 1881
02:21:14 1889
02:22:15 1875
02:23:15 1885
02:24:16 1812
02:25:16 1817
02:26:17 1818
02:27:17 1825
02:28:17 1823
02:29:18 1825
02:30:18 1828
02:31:19 1825
02:32:19 1822
02:33:19 1836
02:34:20 1837
02:35:20 1852
02:36:21 1845
02:37:21 1844
02:38:21 1836
02:39:22 1839
02:40:22 1845
02:41:23 1831
02:42:23 1835
02:43:23 1837
02:44:24 1846
02:45:24 1841
02:46:25 1841
02:47:25 1842
02:48:25 1832
02:49:26 1841
02:50:26 1851
02:51:27 1853
02:52:27 1835
02:53:27 1845
02:54:28 1843
02:55:28 1847
02:56:29 1840
02:57:29 1836
02:58:29 1842
02:59:30 1840
03:00:30 1879
03:01:31 1883
03:02:31 1880
03:03:31 1875
03:04:32 1879
03:05:32 1876
03:06:33 1882
03:07:33 1884
03:08:34 1849
03:09:34 1845
03:10:34 1848
03:11:35 1843
03:12:35 1850
03:13:35 1849
03:14:36 1846
03:15:36 1841
03:16:36 1842
03:17:37 1844
03:18:37 1890
03:19:38 1854
03:20:38 1846
03:21:38 1851
03:22:39 1844
03:23:39 1846
03:24:39 1848
03:25:40 1847
03:26:40 1818
03:27:40 1840
03:28:41 1849
03:29:41 1850
03:30:41 1846
03:31:42 1849
03:32:42 1851
03:33:42 1851
03:34:42 1854
03:35:43 1857
03:36:43 1855
03:37:44 1861
03:38:44 1856
03:39:44 1857
03:40:45 1851
03:41:45 1855
03:42:45 1854
03:43:46 1851
03:44:46 1855
03:45:46 1854
03:46:47 1863
03:47:47 1862
03:48:47 1862
03:49:48 1862
03:50:48 1861
03:51:48 1860
03:52:49 1858
03:53:49 1858
03:54:49 1863
03:55:50 1864
03:56:50 1862
03:57:50 1862
03:58:51 1862
03:59:51 1861
04:00:52 1859
04:01:52 1858
04:02:52 1851
04:03:52 1799
04:04:53 1818
04:05:53 1817
04:06:54 -1
04:07:54 1814
04:08:54 1813
04:09:55 1815
04:10:55 1817
04:11:55 1817
04:12:56 1814
04:13:56 1825
04:14:56 1828
04:15:57 1830
04:16:57 1828
04:17:57 1833
04:18:58 1850
04:19:58 1827
04:20:58 1824
04:21:59 1828
04:22:59 1827
04:23:59 1821
04:25:00 1824
04:26:00 1830
04:27:00 1829
04:28:01 1831
04:29:01 1832
04:30:01 1826
04:31:02 1837
04:32:02 1828
04:33:02 1827
04:34:03 1830
04:35:03 1866
04:36:03 1842
04:37:04 1840
04:38:04 1835
04:39:04 1835
04:40:05 1831
04:41:05 1841
04:42:06 1842
04:43:06 1840
04:44:06 1843
04:45:07 1840
04:46:07 1842
04:47:07 1844
04:48:08 1842
04:49:08 1848
04:50:08 1846
04:51:09 1834
04:52:09 1834
04:53:09 1844
04:54:10 1841
04:55:10 1838
04:56:10 1841
04:57:11 1849
04:58:11 1844
04:59:12 1839
05:00:12 1838
05:01:12 1840
05:02:12 1841
05:03:13 1844
05:04:13 1841
05:05:14 1838
05:06:14 1801
05:07:14 1811
05:08:15 1811
05:09:15 1825
05:10:15 1824
05:11:16 1825
05:12:16 1828
05:13:16 1825
05:14:17 1823
05:15:17 1823
05:16:17 1823
05:17:18 1829
05:18:18 1824
05:19:19 1827
05:20:19 1827
05:21:19 1828
05:22:20 1838
05:23:20 1837
05:24:20 1833
05:25:21 1832
05:26:21 1835
05:27:21 1834
05:28:22 1823
05:29:22 1834
05:30:22 1837
05:31:23 1837
05:32:23 1827
05:33:23 1844
05:34:24 1830
05:35:24 1844
05:36:24 1836
05:37:25 1851
05:38:25 1849
05:39:25 1850
05:40:26 1850
05:41:26 1852
05:42:27 1855
05:43:27 1851
05:44:27 1841
05:45:27 1838
05:46:28 1835
05:47:28 1843
05:48:28 1833
05:49:29 1830
05:50:29 1826
05:51:29 1837
05:52:30 1839
05:53:30 1839
05:54:30 1837
05:55:31 1840
05:56:31 1844
05:57:32 1834
05:58:32 1836
05:59:32 1841
06:00:33 1845
06:01:33 -1
06:02:34 1838
06:03:34 1838
06:04:34 1837
06:05:35 1836
06:06:35 1841
06:07:36 1837
06:08:36 1839
06:09:36 1840
06:10:37 1842
06:11:37 1842
06:12:37 1834
06:13:38 1841
06:14:38 1842
06:15:38 1850
06:16:39 1845
06:17:39 1840
06:18:40 1842
06:19:40 1843
06:20:40 1846
06:21:41 1844
06:22:41 1834
06:23:41 1835
06:24:42 1845
06:25:42 1846
06:26:42 1842
06:27:43 1846
06:28:43 1842
06:29:43 1840
06:30:44 1840
06:31:44 1860
06:32:44 1867
06:33:45 1865
06:34:45 1869
06:35:45 1870
06:36:46 1872
06:37:46 1875
06:38:46 1871
06:39:47 1874
06:40:47 1874
06:41:47 1866
06:42:48 1873
06:43:48 1864
06:44:48 1867
06:45:49 1868
06:46:49 1834
06:47:49 1842
06:48:50 1845
06:49:50 1841
06:50:50 1848
06:51:51 1850
06:52:51 1848
06:53:51 1853
06:54:52 1857
06:55:52 1857
06:56:52 1858
06:57:53 1859
06:58:53 1859
06:59:53 2359
07:00:54 2139
07:01:54 2143
07:02:54 2141
07:03:55 2147
07:04:55 1913
07:05:55 1898
07:06:56 1897
07:07:56 1894
07:08:56 1894
07:09:57 1837
07:10:57 1842
07:11:57 1830
07:12:58 1839
07:13:58 1834
07:14:58 1829
07:15:59 1842
07:16:59 1840
07:18:00 1847
07:19:00 1842
07:20:00 1837
07:21:01 1838
07:22:01 1845
07:23:01 1841
07:24:02 1782
07:25:02 1820
07:26:02 1826
07:27:03 1822
07:28:03 1825
07:29:03 1821
07:30:04 1821
07:31:04 1825
07:32:05 1834
07:33:05 1833
07:34:05 1831
07:35:06 1834
07:36:07 -1
07:37:07 1838
07:38:07 1850
07:39:09 1847
07:40:08 1846
07:41:08 1844
07:42:09 1855
07:43:09 1828
07:44:09 1835
07:45:10 1828
07:46:10 -1
07:47:10 1892
07:48:11 -1
07:49:11 1895
07:50:11 1900
07:51:12 1895
07:52:12 1838
07:53:12 1849
07:54:12 1862
07:55:13 1851
07:56:13 1851
07:57:13 1847
07:58:14 1853
07:59:14 1853
08:00:14 1852
08:01:15 1846
08:02:15 1870
08:03:15 1878
08:04:16 1879
08:05:16 1907
08:06:16 1910
08:07:17 1910
08:08:17 1896
08:09:17 1903
08:10:17 1931
08:11:18 1918
08:12:18 1939
08:13:18 1932
08:14:19 1940
08:15:19 1939
08:16:19 1945
08:17:20 1943
08:18:20 1953
08:19:20 1942
08:20:21 1954
08:21:21 1951
08:22:21 1954
08:23:22 1940
08:24:23 -1
08:25:23 1954
08:26:23 1925
08:27:24 1925
08:28:24 1901
08:29:24 1897
08:30:25 1901
08:31:25 1917
08:32:25 1899
08:33:25 1946
08:34:26 1970
08:35:26 1938
08:36:26 1948
08:37:27 1921
08:38:27 1929
08:39:27 1962
08:40:28 1935
08:41:28 1944
08:42:28 1913
08:43:29 1917
08:44:29 1904
08:45:30 1939
08:46:30 1905
08:47:30 1911
08:48:31 1900
08:49:31 1916
08:50:31 1916
08:51:32 1915
08:52:32 1909
08:53:32 1942
08:54:33 1942
08:55:34 1927
08:56:34 1892
08:57:34 1894
08:58:35 1937
08:59:35 1897
09:00:36 1903
09:01:36 1914
09:02:36 1918
09:03:37 1864
09:04:37 1909
09:05:37 1904
09:06:37 1926
09:07:37 1903
09:08:38 1947
09:09:38 1951
09:10:38 1971
09:11:38 1933
09:12:39 1932
09:13:39 1911
09:14:39 1923
09:15:40 1939
09:16:40 1930
09:17:40 1943
09:18:41 1978
09:19:41 1961
09:20:41 1983
09:21:41 1964
09:22:42 2003
09:23:42 1993
09:24:42 1966
09:25:45 1956
09:26:43 1919
09:27:43 2007
09:28:43 1933
09:29:44 1932
09:30:44 1947
09:31:44 1951
09:32:44 1906
09:33:45 1901
09:34:45 1899
09:35:45 1907
09:36:46 1915
09:37:46 1903
09:38:47 1892
09:39:47 1921
09:40:47 1931
09:41:48 1917
09:42:48 -1
09:43:48 1927
09:44:49 1912
09:45:49 1932
09:46:49 1917
09:47:49 1925
09:48:50 1956
09:49:50 1963
09:50:50 1936
09:51:50 1914
09:52:50 1920
09:53:51 1930
09:54:51 1961
09:55:51 1947
09:56:51 1923
09:57:52 1914
09:58:52 1913
09:59:52 1930
10:00:52 1926
10:01:53 1949
10:02:53 1956
10:03:56 1946
10:04:53 1956
10:05:54 1962
10:06:54 1933
10:07:54 1923
10:08:54 1931
10:09:54 1939
10:10:55 1942
10:11:55 1937
10:12:55 1945
10:13:56 1943
10:14:56 1936
10:15:56 1935
10:16:56 1928
10:17:57 1916
10:18:57 1924
10:19:57 1940
10:20:58 1906
10:22:02 1957
10:22:59 1930
10:24:00 1963
10:25:01 1938
10:26:01 1939
10:27:02 1924
10:28:02 1930
10:29:02 1931
10:30:03 1929
10:31:03 1924
10:32:03 1921
10:33:04 1953
10:34:04 1929
10:35:04 1921
10:36:05 1922
10:37:05 1921
10:38:05 1913
10:39:06 1915
10:40:07 1907
10:41:07 1922
10:42:07 1924
10:43:08 1915
10:44:08 1854
10:45:08 1847
10:46:09 1866
10:47:09 1878
10:48:09 1897
10:49:10 1880
10:50:10 1892
10:51:10 1913
10:52:11 1891
10:53:11 1886
10:54:12 1883
10:55:12 1888
10:56:13 1877
10:57:13 1863
10:58:14 1877
10:59:15 1873
11:00:15 1863
11:01:15 1887
11:02:16 1883
11:03:16 1884
11:04:16 1885
11:05:17 1884
11:06:17 1911
11:07:17 1912
11:08:18 1903
11:09:18 1888
11:10:18 1887
11:11:19 1890
11:12:19 1908
11:13:19 1916
11:14:20 -1
11:15:21 1954
11:16:21 1958
11:17:22 1915
11:18:22 1897
11:19:22 1890
11:20:23 1895
11:21:23 1890
11:22:23 1896
11:23:24 1905
11:24:24 1926
11:25:24 1921
11:26:24 1928
11:27:25 1924
11:28:25 1928
11:29:25 1928
11:30:25 1933
11:31:26 1956
11:32:26 2011
11:33:29 1991
11:34:27 2000
11:35:27 1988
11:36:27 1980
11:37:28 1983
11:38:28 1995
11:39:28 1996
11:40:29 1988
11:41:29 2002
11:42:29 1996
11:43:29 1946
11:44:30 1956
11:45:31 1991
11:46:32 1945
11:47:32 1939
11:48:32 1956
11:49:33 1950
11:50:33 1940
11:51:34 1946
11:52:34 1939
11:53:34 1940
11:54:35 1929
11:55:35 1931
11:56:35 1916
11:57:36 1915
11:58:36 1947
11:59:36 1935
12:00:36 1933
12:01:37 1932
12:02:37 1932
12:03:37 1915
12:04:37 1920
12:05:38 1921
12:06:38 1920
12:07:38 1922
12:08:38 1925
12:09:39 1926
12:10:39 1903
12:11:40 1897
12:12:40 1888
12:13:40 1906
12:14:41 1889
12:15:41 1905
12:16:42 1906
12:17:42 1902
12:18:43 1902
12:19:43 1887
12:20:44 1896
12:21:44 1899
12:22:44 1912
12:23:44 1892
12:24:45 1931
12:25:45 1933
12:26:45 1907
12:27:46 1883
12:28:46 1895
12:29:46 1877
12:30:46 1885
12:31:47 1877
12:32:47 1851
12:33:47 1874
12:34:47 1903
12:35:48 1907
12:36:48 1905
12:37:48 1900
12:38:48 1904
12:39:49 1914
12:40:49 1900
12:41:49 1904
12:42:49 1908
12:43:50 1917
12:44:50 1923
12:45:50 1950
12:46:50 1926
12:47:50 1925
12:48:50 1905
12:49:51 1899
12:50:52 1878
12:51:52 1909
12:52:52 1918
12:53:53 1941
12:54:53 1962
12:55:53 1933
12:56:53 1921
12:57:54 1921
12:58:54 1923
12:59:54 1924
13:00:54 1929
13:01:55 1929
13:02:55 1927
13:03:55 1922
13:04:55 1918
13:05:56 1918
13:06:56 1928
13:07:56 1920
13:08:56 1924
13:09:56 1932
13:10:56 1925
13:11:57 1922
13:12:57 1924
13:13:57 1926
13:14:57 1888
13:15:57 1895
13:16:58 1893
13:17:58 1893
13:18:58 1880
13:19:58 1873
13:20:58 1874
13:21:59 1875
13:22:59 1874
13:24:00 1882
13:25:00 1871
13:26:00 1858
13:27:00 1862
13:28:01 1883
13:29:01 1890
13:30:01 1887
13:31:02 1875
13:32:02 1880
13:33:02 1891
13:34:03 1876
13:35:03 1888
13:36:03 1885
13:37:03 1886
13:38:04 1940
13:39:04 1951
13:40:04 1916
13:41:04 1912
13:42:05 1885
13:43:06 1893
13:44:06 1890
13:45:06 1888
13:46:06 1884
13:47:07 1885
13:48:08 1888
13:49:08 1891
13:50:08 1887
13:51:09 1874
13:52:09 1868
13:53:09 1866
13:54:10 1869
13:55:10 1865
13:56:10 1878
13:57:10 1869
13:58:10 1895
13:59:11 1894
14:00:11 1907
14:01:11 1898
14:02:11 1897
14:03:12 1894
14:04:12 1858
14:05:12 1867
14:06:12 1866
14:07:13 1900
14:08:13 1946
14:09:14 1898
14:10:14 1899
14:11:14 1906
14:12:15 1920
14:13:15 1939
14:14:15 1923
14:15:15 1921
14:16:16 1923
14:17:16 1949
14:18:16 1986
14:19:17 1991
14:20:17 2003
14:21:17 1982
14:22:17 1982
14:23:18 2008
14:24:18 2020
14:25:19 2036
14:26:19 2075
14:27:20 2050
14:28:20 2000
14:29:20 1996
14:30:20 2015
14:31:21 2017
14:32:21 2030
14:33:21 2018
14:34:22 2051
14:35:22 2035
14:36:23 2039
14:37:23 2050
14:38:24 2058
14:39:24 2072
14:40:24 2073
14:41:25 2074
14:42:25 -1
14:43:26 2058
14:44:26 2089
14:45:27 2081
14:46:27 2062
14:47:27 2061
14:48:28 2078
14:49:28 2068
14:50:28 2099
14:51:29 2079
14:52:29 2081
14:53:29 2098
14:54:30 2102
14:55:30 2107
14:56:30 2110
14:57:30 2079
14:58:34 2111
14:59:31 2129
15:00:31 2082
15:01:31 2083
15:02:32 2089
15:03:32 2102
15:04:32 2148
15:05:32 2128
15:06:32 2082
15:07:33 2071
15:08:33 2107
15:09:33 2100
15:10:33 2117
15:11:34 2120
15:12:35 2136
15:13:35 2131
15:14:35 2097
15:15:36 2099
15:16:36 2106
15:17:36 2137
15:18:36 2132
15:19:37 2120
15:20:37 2109
15:21:37 2116
15:22:37 2120
15:23:37 2096
15:24:38 2153
15:25:38 2165
15:26:38 2171
15:27:38 2185
15:28:38 2194
15:29:39 2075
15:30:39 2063
15:31:39 -1
15:32:40 2084
15:33:40 2033
15:34:40 2025
15:35:40 2026
15:36:41 2037
15:37:41 2031
15:38:41 2035
15:39:41 2024
15:40:41 2008
15:41:42 -1
15:42:42 2012
15:43:42 1955
15:44:42 1962
15:45:43 1972
15:46:43 1983
15:47:43 1992
15:48:44 1999
15:49:44 1993
15:50:44 1995
15:51:45 1990
15:52:45 2008
15:53:45 2006
15:54:45 2007
15:55:45 2007
15:56:46 2010
15:57:46 1988
15:58:46 1995
15:59:46 1996
16:00:46 1994
16:01:47 1989
16:02:47 2001
16:03:47 1999
16:04:47 1995
16:05:48 1992
16:06:48 2065
16:07:48 1989
16:08:48 1992
16:09:48 2007
16:10:49 2008
16:11:49 2000
16:12:49 1996
16:13:49 1993
16:14:50 1994
16:15:50 1996
16:16:50 1998
16:17:50 1990
16:18:50 2028
16:19:51 2031
16:20:51 2036
16:21:51 2045
16:22:51 2046
16:23:52 2029
16:24:52 2024
16:25:52 2033
16:26:52 2069
16:27:53 2047
16:28:53 2039
16:29:53 2014
16:30:53 2016
16:31:54 2025
16:32:54 2027
16:33:55 2023
16:34:55 2024
16:35:55 2057
16:36:55 2048
16:37:55 2078
16:38:56 2107
16:39:56 2132
16:40:56 2113
16:41:57 2058
16:42:57 2051
16:43:57 2098
16:44:57 2031
16:45:57 2031
16:46:58 2024
16:47:58 2031
16:48:58 1998
16:49:58 2004
16:50:58 2008
16:51:59 2004
16:52:59 2006
16:53:59 2001
16:55:00 2028
16:56:00 2027
16:57:00 2012
16:58:00 2016
16:59:01 2007
17:00:01 1999
17:01:01 2005
17:02:01 2014
17:03:02 2058
17:04:02 2073
17:05:02 2003
17:06:03 2012
17:07:03 2013
17:08:03 2013
17:09:03 2021
17:10:04 2037
17:11:04 2032
17:12:04 2031
17:13:04 2035
17:14:05 2033
17:15:05 2016
17:16:05 2021
17:17:05 2032
17:18:05 2017
17:19:06 2020
17:20:06 2014
17:21:06 2016
17:22:07 2023
17:23:07 2028
17:24:08 1965
17:25:08 1967
17:26:09 2025
17:27:09 2031
17:28:09 2014
17:29:10 2022
17:30:10 2009
17:31:10 2008
17:32:10 2003
17:33:11 2002
17:34:11 2005
17:35:11 1998
17:36:15 2001
17:37:12 1993
17:38:12 2013
17:39:13 2029
17:40:13 2018
17:41:13 2046
17:42:14 2003
17:43:14 2026
17:44:15 1996
17:45:15 2017
17:46:15 2019
17:47:16 2025
17:48:16 2000
17:49:16 1993
17:50:16 1988
17:51:17 1993
17:52:17 1999
17:53:17 2034
17:54:17 2033
17:55:18 2039
17:56:18 1997
17:57:18 1996
17:58:18 2011
17:59:19 2012
18:00:19 2008
18:01:19 1997
18:02:19 2007
18:03:20 2012
18:04:20 2009
18:05:20 2012
18:06:20 2055
18:07:21 2046
18:08:21 2185
18:09:21 2067
18:10:21 2081
18:11:22 2099
18:12:22 2043
18:13:22 2042
18:14:22 2039
18:15:23 2056
18:16:23 2062
18:17:23 2061
18:18:23 2063
18:19:24 2037
18:20:24 2036
18:21:24 2040
18:22:25 2035
18:23:25 2063
18:24:25 2068
18:25:25 2065
18:26:26 2038
18:27:26 2043
18:28:26 2050
18:29:27 2050
18:30:27 2051
18:31:28 2019
18:32:28 2018
18:33:28 2023
18:34:29 2016
18:35:29 2022
18:36:29 2020
18:37:30 2018
18:38:30 2027
18:39:31 2029
18:40:31 2026
18:41:31 2030
18:42:31 2043
18:43:31 2041
18:44:32 2040
18:45:32 2036
18:46:32 2026
18:47:32 2031
18:48:33 2035
18:49:33 2035
18:50:33 2044
18:51:33 2045
18:52:33 2046
18:53:34 2040
18:54:35 2038
18:55:35 2049
18:56:35 2053
18:57:36 2052
18:58:36 2042
18:59:36 2044
19:00:36 2046
19:01:36 2047
19:02:37 2051
19:03:37 1922
19:04:37 1955
19:05:37 1952
19:06:38 1958
19:07:38 1954
19:08:38 1997
19:09:38 1995
19:10:38 1997
19:11:39 1999
19:12:39 1991
19:13:39 1993
19:14:39 1988
19:15:40 1997
19:16:40 1996
19:17:40 1995
19:18:40 1999
19:19:40 1994
19:20:41 2016
19:21:41 1992
19:22:41 1997
19:23:41 2006
19:24:42 1993
19:25:42 1994
19:26:42 1994
19:27:42 1982
19:28:42 1980
19:29:43 1978
19:30:43 2000
19:31:43 2015
19:32:43 2036
19:33:44 2059
19:34:44 2050
19:35:44 2037
19:36:44 2039
19:37:45 2028
19:38:45 2021
19:39:45 2019
19:40:45 1988
19:41:46 1987
19:42:46 1990
19:43:46 2000
19:44:46 2002
19:45:46 1997
19:46:47 2004
19:47:47 2005
19:48:47 2003
19:49:47 2008
19:50:48 2009
19:51:48 2013
19:52:48 2014
19:53:48 2017
19:54:48 2014
19:55:49 2012
19:56:49 2025
19:57:49 2009
19:58:49 2043
19:59:50 2014
20:00:50 2009
20:01:50 2010
20:02:50 2006
20:03:50 2036
20:04:50 2029
20:05:51 2009
20:06:51 2007
20:07:51 1998
20:08:51 1998
20:09:52 2001
20:10:52 2000
20:11:52 1999
20:12:52 1998
20:13:52 1995
20:14:53 1998
20:15:53 2002
20:16:53 1981
20:17:53 1977
20:18:54 1986
20:19:54 1985
20:20:54 1990
20:21:54 1982
20:22:54 2015
20:23:55 2018
20:24:55 2025
20:25:55 2027
20:26:55 1994
20:27:56 2002
20:28:56 1999
20:29:56 1991
20:30:56 1998
20:31:56 1997
20:32:57 1997
20:33:57 2002
20:34:57 2000
20:35:57 1995
20:36:57 2001
20:37:58 2009
20:38:58 2014
20:39:58 2006
20:40:58 2008
20:41:59 2013
20:42:59 2004
20:43:59 1966
20:44:59 1977
20:45:59 2030
20:47:01 2051
20:48:01 2049
20:49:01 2052
20:50:01 1910
20:51:01 1873
20:52:02 1884
20:53:02 1875
20:54:02 1881
20:55:02 1886
20:56:02 1893
20:57:03 1890
20:58:03 1887
20:59:03 1896
21:00:03 1887
21:01:04 1876
21:02:04 1876
21:03:04 1879
21:04:04 1891
21:05:04 1886
21:06:05 1883
21:07:05 1880
21:08:05 1883
21:09:05 1879
21:10:05 1878
21:11:05 1923
21:12:06 1918
21:13:06 1926
21:14:06 1937
21:15:06 1938
21:16:07 1983
21:17:07 1941
21:18:07 1946
21:19:08 1973
21:20:08 1951
21:21:08 1954
21:22:08 1956
21:23:08 1913
21:24:09 1908
21:25:09 1980
21:26:09 2008
21:27:09 1931
21:28:10 1927
21:29:10 1926
21:30:10 1927
21:31:10 1948
21:32:10 1945
21:33:11 1960
21:34:11 1967
21:35:11 1965
21:36:11 1969
21:37:12 1946
21:38:12 1942
21:39:12 1954
21:40:12 1951
21:41:12 1933
21:42:13 1931
21:43:13 1928
21:44:13 1933
21:45:13 1914
21:46:13 1890
21:47:14 1892
21:48:14 1883
21:49:14 1868
21:50:15 1876
21:51:15 1865
21:52:15 1870
21:53:15 1872
21:54:15 1872
21:55:16 1933
21:56:16 1950
21:57:16 1956
21:58:16 1938
21:59:17 1902
22:00:17 1899
22:01:17 1898
22:02:17 1896
22:03:18 1898
22:04:18 1912
22:05:18 1905
22:06:18 1907
22:07:19 -1
22:08:20 1940
22:09:19 1938
22:10:19 1918
22:11:20 1919
22:12:20 1918
22:13:20 1917
22:14:20 1919
22:15:21 1919
22:16:21 1919
22:17:21 1921
22:18:22 1929
22:19:22 1925
22:20:22 -1
22:21:22 1930
22:22:22 1922
22:23:23 1918
22:24:23 1867
22:25:23 1868
22:26:23 1885
22:27:24 1885
22:28:24 1892
22:29:24 1903
22:30:24 1904
22:31:25 1894
22:32:25 1898
22:33:25 1895
22:34:25 1903
22:35:26 1902
22:36:26 1898
22:37:26 1900
22:38:26 1905
22:39:27 1910
22:40:27 1911
22:41:27 1885
22:42:28 1881
22:43:28 1899
22:44:28 1932
22:45:28 1926
22:46:29 1922
22:47:29 1951
22:48:29 1946
22:49:29 1891
22:50:30 1940
22:51:30 1899
22:52:30 1889
22:53:30 1893
22:54:31 1885
22:55:31 1889
22:56:31 1879
22:57:31 1885
22:58:32 1882
22:59:32 -1
23:00:32 1877
23:01:33 1887
23:02:33 1879
23:03:33 1882
23:04:33 1887
23:05:34 1884
23:06:34 1878
23:07:34 1878
23:08:34 1880
23:09:35 1880
23:10:35 1877
23:11:35 1884
23:12:35 1898
23:13:36 1896
23:14:36 1907
23:15:36 1911
23:16:36 1921
23:17:37 1925
23:18:37 1917
23:19:37 1916
23:20:37 1916
23:21:38 1913
23:22:38 1912
23:23:38 1910
23:24:38 1915
23:25:39 1913
23:26:42 1885
23:27:39 1903
23:28:39 1898
23:29:40 1896
23:30:40 1900
23:31:40 1894
23:32:41 1888
23:33:41 1890
23:34:41 1890
23:35:41 1879
23:36:42 1879
23:37:42 1880
23:38:42 1898
23:39:42 1898
23:40:43 1936
23:41:43 1911
23:42:44 1901
23:43:44 1898
23:44:44 1897
23:45:45 1898
23:46:45 1901
23:47:46 1899
23:48:46 1899
23:49:47 1879
23:50:48 1887
23:51:48 1894
23:52:48 1889
23:53:49 1883
23:54:49 1884
23:55:51 1912
23:56:50 1912
23:57:51 1916
23:58:51 1920
23:59:51 1921
