00:02:50 8 261039
00:03:24 8 268373
00:04:08 7 261107
00:05:09 10 1016872
00:06:11 13 2378122
00:07:18 6 257317
00:08:18 6 257814
02:00:08 5 7196
02:01:06 5 7196
02:02:06 6 8124
02:03:07 6 17745
02:04:07 6 17745
02:05:08 6 48825
02:06:08 6 17240
02:07:09 6 8199
02:08:09 7 18731
02:09:09 8 21556
02:10:10 8 21556
02:11:10 6 16382
02:12:11 6 16378
02:13:11 -1 -1
02:14:11 8 29669
02:15:12 7 30855
02:16:12 8 25869
02:17:13 6 18851
02:18:13 6 16257
02:19:14 6 16257
02:20:14 7 26786
02:21:14 6 16257
02:22:15 7 26797
02:23:15 7 26797
02:24:16 7 26787
02:25:16 8 30285
02:26:17 8 22422
02:27:17 8 20622
02:28:17 7 12455
02:29:18 7 9656
02:30:18 7 18856
02:31:19 7 26320
02:32:19 7 26320
02:33:19 6 16273
02:34:20 6 16279
02:35:20 6 9236
02:36:21 7 13294
02:37:21 5 5726
02:38:21 7 19078
02:39:22 6 16257
02:40:22 7 19162
02:41:23 7 23175
02:42:23 5 5113
02:43:23 6 15662
02:44:24 6 15662
02:45:24 6 6295
02:46:25 6 46733
02:47:25 7 16408
02:48:25 6 15658
02:49:26 7 19255
02:50:26 6 10073
02:51:27 6 10073
02:52:27 8 19778
02:53:27 8 26747
02:54:28 6 13347
02:55:28 6 8699
02:56:29 8 29296
02:57:29 6 8699
02:58:29 8 20452
02:59:30 6 15458
03:00:30 6 144855
03:01:31 5 4931
03:02:31 6 15468
03:03:31 5 4931
03:04:32 5 4931
03:05:32 5 4931
03:06:33 5 4931
03:07:33 7 19945
03:08:34 10 50102
03:09:34 8 35563
03:10:34 11 51566
03:11:35 9 45659
03:12:35 8 36827
03:13:35 8 44637
03:14:36 8 35285
03:15:36 8 36848
03:16:36 6 24044
03:17:37 7 27551
03:18:37 8 37685
03:19:38 5 23611
03:20:38 5 17057
03:21:38 5 16778
03:22:39 5 9987
03:23:39 4 13569
03:24:39 3 3015
03:25:40 6 25945
03:26:40 5 14070
03:27:40 8 34087
03:28:41 6 31362
03:29:41 5 23141
03:30:41 3 3015
03:31:42 3 3015
03:32:42 4 4245
03:33:42 5 5151
03:34:42 7 16611
03:35:43 6 6058
03:36:43 6 6058
03:37:44 6 6058
03:38:44 7 16590
03:39:44 7 16590
03:40:45 8 17489
03:41:45 7 12459
03:42:45 7 11288
03:43:46 8 19520
03:44:46 9 24439
03:45:46 10 25970
03:46:47 9 23313
03:47:47 9 22696
03:48:47 9 30029
03:49:48 8 17762
03:50:48 9 42463
03:51:48 7 7212
03:52:49 7 7212
03:53:49 7 7212
03:54:49 8 7791
03:55:50 8 7791
03:56:50 8 7791
03:57:50 8 7791
03:58:51 9 12751
03:59:51 8 42467
04:00:52 7 6592
04:01:52 8 17146
04:02:52 9 9907
04:03:52 8 16516
04:04:53 7 5967
04:05:53 7 5967
04:06:54 -1 -1
04:07:54 7 5967
04:08:54 7 5967
04:09:55 7 5967
04:10:55 7 5967
04:11:55 7 5967
04:12:56 8 8574
04:13:56 10 21864
04:14:56 9 11313
04:15:57 10 21861
04:16:57 9 12074
04:17:57 9 19104
04:18:58 10 5125343
04:19:58 9 13531
04:20:58 8 8574
04:21:59 9 19125
04:22:59 10 27374
04:23:59 9 19127
04:25:00 10 17211
04:26:00 11 17891
04:27:00 10 14307
04:28:01 11 25143
04:29:01 12 19740
04:30:01 10 12158
04:31:02 10 12158
04:32:02 11 26587
04:33:02 11 26589
04:34:03 11 28093
04:35:03 8 13600
04:36:03 6 8047
04:37:04 7 18600
04:38:04 6 8047
04:39:04 6 8047
04:40:05 7 18595
04:41:05 6 8047
04:42:06 7 18598
04:43:06 5 7163
04:44:06 6 17713
04:45:07 6 17713
04:46:07 6 17713
04:47:07 5 7163
04:48:08 5 7163
04:49:08 5 7163
04:50:08 5 7163
04:51:09 5 7163
04:52:09 6 17709
04:53:09 7 18220
04:54:10 8 23137
04:55:10 8 20062
04:56:10 6 22249
04:57:11 5 11696
04:58:11 5 11696
04:59:12 5 11696
05:00:12 4 8296
05:01:12 5 39578
05:02:12 5 18827
05:03:13 4 8296
05:04:13 5 18827
05:05:14 5 21860
05:06:14 5 18551
05:07:14 5 16859
05:08:15 4 12687
05:09:15 3 7721
05:10:15 5 19004
05:11:16 4 8451
05:12:16 5 18987
05:13:16 3 5844
05:14:17 3 5844
05:15:17 3 5844
05:16:17 4 16394
05:17:18 3 5844
05:18:18 3 5844
05:19:19 3 5844
05:20:19 4 16392
05:21:19 5 19779
05:22:20 6 29525
05:23:20 3 5844
05:24:20 4 9060
05:25:21 4 8396
05:26:21 4 16397
05:27:21 4 9229
05:28:22 3 5844
05:29:22 3 13878
05:30:22 3 11561
05:31:23 3 13879
05:32:23 3 5282
05:33:23 4 19981
05:34:24 3 3938
05:35:24 5 19062
05:36:24 3 6151
05:37:25 3 12896
05:38:25 3 11560
05:39:25 5 10807
05:40:26 5 16291
05:41:26 7 29494
05:42:27 3 4675
05:43:27 5 17480
05:44:27 4 15230
05:45:27 4 15208
05:46:28 3 4675
05:47:28 3 4675
05:48:28 3 4675
05:49:29 3 4675
05:50:29 3 4675
05:51:29 3 4675
05:52:30 3 4675
05:53:30 4 15228
05:54:30 3 4675
05:55:31 3 12607
05:56:31 2 2077
05:57:32 2 2077
05:58:32 2 2077
05:59:32 5 18875
06:00:33 2 2077
06:01:33 -1 -1
06:02:34 2 2077
06:03:34 2 2077
06:04:34 2 2077
06:05:35 3 12625
06:06:35 3 2779
06:07:36 2 2077
06:08:36 2 2077
06:09:36 2 2077
06:10:37 3 5467
06:11:37 3 5469
06:12:37 3 4906
06:13:38 3 8200
06:14:38 4 17590
06:15:38 4 10258
06:16:39 4 59084
06:17:39 2 6311
06:18:40 2 6311
06:19:40 3 16843
06:20:40 4 17771
06:21:41 4 17771
06:22:41 4 8138
06:23:41 6 19584
06:24:42 4 8138
06:25:42 7 20857
06:26:42 4 8141
06:27:43 6 12438
06:28:43 4 8137
06:29:43 5 14257
06:30:44 3 7224
06:31:44 4 17772
06:32:44 5 20507
06:33:45 5 117629
06:34:45 3 7224
06:35:45 6 27372
06:36:46 3 7224
06:37:46 5 23693
06:38:46 4 15461
06:39:47 4 13344
06:40:47 4 10047
06:41:47 6 17148
06:42:48 4 10441
06:43:48 3 7224
06:44:48 3 6680
06:45:49 3 6680
06:46:49 5 8734
06:47:49 5 8733
06:48:50 5 8734
06:49:50 5 8733
06:50:50 6 451551
06:51:51 6 9538
06:52:51 6 9537
06:53:51 5 8732
06:54:52 4 7929
06:55:52 4 7929
06:56:52 5 9112
06:57:53 4 7929
06:58:53 4 7929
06:59:53 4 7929
07:00:54 4 7929
07:01:54 4 7929
07:02:54 5 11511
07:03:55 4 7929
07:04:55 5 11315
07:05:55 5 10667
07:06:56 5 11445
07:07:56 6 12256
07:08:56 6 3485305
07:09:57 7 3486112
07:10:57 9 3529936
07:11:57 8 56076
07:12:58 9 56885
07:13:58 9 56882
07:14:58 8 34972
07:15:59 7 34165
07:16:59 8 37382
07:18:00 7 34037
07:19:00 8 15087
07:20:00 7 13420
07:21:01 7 10034
07:22:01 5 8294
07:23:01 5 8294
07:24:02 4 5694
07:25:02 5 6386
07:26:02 7 999686
07:27:03 4 5694
07:28:03 4 5694
07:29:03 4 5694
07:30:04 3 2861
07:31:04 3 2861
07:32:05 3 2861
07:33:05 4 6446
07:34:05 3 2861
07:35:06 4 5019
07:36:07 -1 -1
07:37:07 4 5689
07:38:07 3 2861
07:39:09 5 32424
07:40:08 3 2861
07:41:08 3 2861
07:42:09 4 3575
07:43:09 3 2861
07:44:09 4 6461
07:45:10 3 7022
07:46:10 -1 -1
07:47:10 6 118018
07:48:11 -1 -1
07:49:11 3 6459
07:50:11 2 1497
07:51:12 2 1497
07:52:12 3 2511
07:53:12 3 2511
07:54:12 3 2511
07:55:13 3 2511
07:56:13 4 28491
07:57:13 5 125203
07:58:14 5 107618
07:59:14 4 63857
08:00:14 3 2511
08:01:15 4 27599
08:02:15 4 27599
08:03:15 6 582568
08:04:16 4 27599
08:05:16 4 27599
08:06:16 4 27599
08:07:17 4 27599
08:08:17 6 33640
08:09:17 5 30890
08:10:17 5 31189
08:11:18 5 30341
08:12:18 4 30180
08:13:18 5 32769
08:14:19 6 33461
08:15:19 5 28487
08:16:19 7 119850
08:17:20 5 28487
08:18:20 7 114790
08:19:20 6 37044
08:20:21 7 40622
08:21:21 11 81030
08:22:21 11 44465
08:23:22 8 31681
08:24:23 -1 -1
08:25:23 8 2103644
08:26:23 8 2995761
08:27:24 9 2824339
08:28:24 7 30769
08:29:24 12 2014639
08:30:25 10 111262
08:31:25 8 1193582
08:32:25 9 1227464
08:33:25 8 35090
08:34:26 8 33632
08:35:26 7 30769
08:36:26 9 235970
08:37:27 12 363250
08:38:27 10 14721445
08:39:27 9 38200
08:40:28 11 119676
08:41:28 8 31311
08:42:28 11 44915
08:43:29 10 40608
08:44:29 11 69997
08:45:30 10 590528
08:46:30 12 340532
08:47:30 11 977371
08:48:31 11 128887
08:49:31 11 133035
08:50:31 13 1824446
08:51:32 15 3106035
08:52:32 15 19189197
08:53:32 17 49638841
08:54:33 19 41063602
08:55:34 17 8544283
08:56:34 15 2062095
08:57:34 12 92007
08:58:35 16 969809
08:59:35 18 1177972
09:00:36 17 541536
09:01:36 14 5622411
09:02:36 9 59048
09:03:37 7 17986
09:04:37 12 9269933
09:05:37 9 6298941
09:06:37 12 6563826
09:07:37 15 128761
09:08:38 15 3580705
09:09:38 21 6609619
09:10:38 21 10529646
09:11:38 19 7531585
09:12:39 27 8396178
09:13:39 20 6383457
09:14:39 22 6383480
09:15:40 18 6357166
09:16:40 27 7635722
09:17:40 27 6664658
09:18:41 33 7660860
09:19:41 21 6519134
09:20:41 22 6625540
09:21:41 24 11381272
09:22:42 25 6710609
09:23:42 16 126390
09:24:42 17 270991
09:25:45 16 134257
09:26:43 19 2415664
09:27:43 23 6002715
09:28:43 17 2129151
09:29:44 11 1958936
09:30:44 15 4589366
09:31:44 12 1932424
09:32:44 16 3769884
09:33:45 15 2389729
09:34:45 12 2229930
09:35:45 13 3158319
09:36:46 12 3490266
09:37:46 16 1677527
09:38:47 16 6856646
09:39:47 16 2417585
09:40:47 16 1738302
09:41:48 14 684456
09:42:48 -1 -1
09:43:48 17 988455
09:44:49 18 1046981
09:45:49 17 991348
09:46:49 15 1301714
09:47:49 16 764070
09:48:50 15 615411
09:49:50 14 1010613
09:50:50 13 448245
09:51:50 17 555774
09:52:50 31 634934
09:53:51 19 1525679
09:54:51 22 4223536
09:55:51 18 3429838
09:56:51 11 69207
09:57:52 14 75247
09:58:52 12 82088
09:59:52 15 1124233
10:00:52 17 7626238
10:01:53 15 3597380
10:02:53 17 3861754
10:03:56 17 564040
10:04:53 17 836949
10:05:54 16 9336349
10:06:54 19 1915529
10:07:54 15 1493711
10:08:54 14 1217372
10:09:54 18 7720092
10:10:55 16 7386244
10:11:55 17 9813704
10:12:55 15 4236901
10:13:56 14 3791474
10:14:56 13 3784130
10:15:56 15 5623546
10:16:56 13 5343511
10:17:57 9 3742405
10:18:57 9 829284
10:19:57 11 1150336
10:20:58 7 775547
10:22:02 9 2542219
10:22:59 8 737545
10:24:00 11 1338093
10:25:01 8 1020181
10:26:01 10 867910
10:27:02 9 518976
10:28:02 8 528446
10:29:02 10 531816
10:30:03 11 1090321
10:31:03 10 965431
10:32:03 11 534242
10:33:04 10 549614
10:34:04 11 560146
10:35:04 12 669272
10:36:05 12 580522
10:37:05 14 554061
10:38:05 12 555035
10:39:06 15 4998622
10:40:07 11 551959
10:41:07 11 538857
10:42:07 12 11158461
10:43:08 24 12101495
10:44:08 16 11426652
10:45:08 12 711393
10:46:09 15 538107
10:47:09 14 779792
10:48:09 16 7676079
10:49:10 10 514536
10:50:10 11 524534
10:51:10 14 2899271
10:52:11 13 546468
10:53:11 13 1406167
10:54:12 16 582506
10:55:12 15 12492676
10:56:13 9 500116
10:57:13 9 1411492
10:58:14 9 525804
10:59:15 8 557082
11:00:15 11 674313
11:01:15 11 543891
11:02:16 14 558362
11:03:16 14 555955
11:04:16 16 798363
11:05:17 16 3782474
11:06:17 12 3682217
11:07:17 10 3140707
11:08:18 8 160600
11:09:18 13 2886911
11:10:18 8 185547
11:11:19 9 137660
11:12:19 11 570541
11:13:19 10 982476
11:14:20 -1 -1
11:15:21 14 37819051
11:16:21 13 37816102
11:17:22 12 29073980
11:18:22 8 265502
11:19:22 12 5082171
11:20:23 10 279880
11:21:23 12 671699
11:22:23 13 336540
11:23:24 26 13008020
11:24:24 23 6650762
11:25:24 16 592461
11:26:24 17 1010321
11:27:25 17 2673020
11:28:25 16 5561947
11:29:25 15 5216626
11:30:25 17 5320981
11:31:26 19 6976299
11:32:26 25 4756288
11:33:29 16 1107846
11:34:27 17 1463732
11:35:27 17 2446082
11:36:27 27 20492022
11:37:28 25 23795746
11:38:28 21 22790643
11:39:28 24 24269523
11:40:29 21 20467923
11:41:29 25 10979623
11:42:29 24 10480626
11:43:29 22 10815618
11:44:30 36 10682997
11:45:31 57 2360081
11:46:32 26 25696534
11:47:32 28 26220974
11:48:32 21 25647632
11:49:33 20 16914289
11:50:33 24 16919510
11:51:34 21 3244450
11:52:34 19 591605
11:53:34 22 949226
11:54:35 16 2229793
11:55:35 18 4534565
11:56:35 19 2171478
11:57:36 19 2432234
11:58:36 23 13572240
11:59:36 21 4637912
12:00:36 20 2231301
12:01:37 19 2054875
12:02:37 19 4171626
12:03:37 17 2024388
12:04:37 23 3390671
12:05:38 16 2015073
12:06:38 18 605760
12:07:38 18 1542880
12:08:38 16 1522543
12:09:39 18 1560478
12:10:39 21 5559189
12:11:40 18 3582057
12:12:40 14 2121737
12:13:40 14 903837
12:14:41 13 896323
12:15:41 16 822244
12:16:42 14 556246
12:17:42 15 560053
12:18:43 14 331147
12:19:43 16 1828748
12:20:44 19 2540104
12:21:44 19 3032290
12:22:44 17 3944334
12:23:44 16 3943648
12:24:45 15 3358100
12:25:45 18 2538201
12:26:45 16 4414233
12:27:46 18 4419064
12:28:46 18 4424294
12:29:46 18 2934974
12:30:46 20 4149552
12:31:47 18 4134056
12:32:47 17 4208342
12:33:47 20 4301186
12:34:47 18 5681972
12:35:48 16 4124658
12:36:48 17 7135821
12:37:48 16 5639367
12:38:48 14 5593201
12:39:49 16 5713100
12:40:49 15 5748106
12:41:49 14 4122386
12:42:49 15 5763925
12:43:50 13 5590458
12:44:50 16 5604928
12:45:50 15 5601059
12:46:50 14 7344160
12:47:50 15 7389381
12:48:50 13 5864366
12:49:51 14 7353222
12:50:52 16 6909977
12:51:52 16 6182397
12:52:52 20 7708365
12:53:53 18 8456822
12:54:53 14 6687429
12:55:53 15 6701767
12:56:53 13 6684210
12:57:54 17 8227790
12:58:54 18 9213054
12:59:54 15 8209449
13:00:54 16 9777220
13:01:55 18 8468926
13:02:55 17 8158309
13:03:55 16 7895980
13:04:55 17 9099619
13:05:56 18 13492765
13:06:56 19 13750150
13:07:56 19 11324341
13:08:56 21 12794567
13:09:56 23 10608615
13:10:56 22 10616050
13:11:57 23 10664965
13:12:57 22 10617516
13:13:57 21 9329473
13:14:57 17 9112395
13:15:57 22 10604616
13:16:58 23 10623730
13:17:58 21 10603735
13:18:58 24 12107247
13:19:58 23 12097201
13:20:58 19 9113922
13:21:59 20 9138196
13:22:59 19 8860473
13:24:00 18 8849925
13:25:00 19 8850834
13:26:00 17 7786104
13:27:00 23 9348930
13:28:01 16 6722298
13:29:01 16 9658865
13:30:01 17 9661689
13:31:02 14 6235871
13:32:02 15 6246409
13:33:02 15 5424472
13:34:03 14 4647792
13:35:03 11 4396009
13:36:03 15 14382586
13:37:03 13 3599020
13:38:04 14 3721296
13:39:04 14 3711061
13:40:04 15 4725669
13:41:04 18 4232411
13:42:05 14 3715134
13:43:06 14 3715104
13:44:06 19 12030863
13:45:06 15 3712564
13:46:06 16 6494883
13:47:07 15 3716413
13:48:08 15 3763698
13:49:08 14 3714135
13:50:08 12 3700003
13:51:09 13 3710552
13:52:09 16 2428618
13:53:09 20 10650384
13:54:10 14 7187813
13:55:10 13 2242745
13:56:10 13 28844051
13:57:10 16 28858874
13:58:10 16 28861828
13:59:11 16 2261648
14:00:11 16 2252155
14:01:11 21 2292389
14:02:11 19 2256772
14:03:12 20 2299568
14:04:12 26 10852980
14:05:12 24 8701033
14:06:12 25 17404499
14:07:13 21 5040218
14:08:13 18 5013062
14:09:14 17 2279747
14:10:14 17 4862489
14:11:14 22 1681536
14:12:15 30 816661
14:13:15 16 795536
14:14:15 13 772191
14:15:15 15 795506
14:16:16 16 2027806
14:17:16 16 1138545
14:18:16 17 925353
14:19:17 16 783301
14:20:17 24 2320826
14:21:17 23 1784834
14:22:17 21 1710389
14:23:18 27 3225915
14:24:18 20 1246682
14:25:19 22 6973919
14:26:19 21 6624281
14:27:20 19 1356421
14:28:20 21 1250640
14:29:20 22 865649
14:30:20 23 975379
14:31:21 21 830310
14:32:21 22 2347990
14:33:21 22 825432
14:34:22 22 821944
14:35:22 25 992186
14:36:23 20 825597
14:37:23 23 863610
14:38:24 26 2388385
14:39:24 28 2274719
14:40:24 26 2162858
14:41:25 21 1905133
14:42:25 -1 -1
14:43:26 17 512635
14:44:26 18 299974
14:45:27 21 1107321
14:46:27 19 2994657
14:47:27 15 2478489
14:48:28 22 2564572
14:49:28 22 2809840
14:50:28 19 3055948
14:51:29 34 29235539
14:52:29 22 12644686
14:53:29 25 14484042
14:54:30 26 12755909
14:55:30 23 7603655
14:56:30 29 8769264
14:57:30 28 7649311
14:58:34 20 6432508
14:59:31 22 2928361
15:00:31 23 4925939
15:01:31 25 8096854
15:02:32 29 53641904
15:03:32 24 48408085
15:04:32 21 26185540
15:05:32 20 5206227
15:06:32 19 5255020
15:07:33 22 3919082
15:08:33 25 4224721
15:09:33 22 5436383
15:10:33 29 7065041
15:11:34 23 5705267
15:12:35 17 2783154
15:13:35 18 4038039
15:14:35 18 2589443
15:15:36 19 2763394
15:16:36 17 2651689
15:17:36 19 5189682
15:18:37 21 2981244
15:19:37 20 9921504
15:20:37 20 11410056
15:21:37 22 11640186
15:22:37 20 8441430
15:23:37 24 53036877
15:24:38 23 71299954
15:25:38 22 71016253
15:26:38 22 52690671
15:27:38 18 23522791
15:28:38 18 23825163
15:29:39 17 13571330
15:30:39 14 3941977
15:31:39 -1 -1
15:32:40 20 20746956
15:33:40 18 11555433
15:34:40 18 11002772
15:35:40 17 12469698
15:36:41 16 13215117
15:37:41 16 11561943
15:38:41 17 10575699
15:39:41 14 11839560
15:40:41 14 13437943
15:41:42 -1 -1
15:42:42 18 15016555
15:43:42 15 15090841
15:44:42 18 13839978
15:45:43 20 12432523
15:46:43 24 14390072
15:47:43 21 10338004
15:48:44 26 27255174
15:49:44 19 9323762
15:50:44 19 13717320
15:51:45 21 16038680
15:52:45 16 7585015
15:53:45 18 7668060
15:54:45 15 2405152
15:55:45 14 1581822
15:56:46 14 817920
15:57:46 16 3069443
15:58:46 19 4447062
15:59:46 21 8869520
16:00:46 19 7814696
16:01:47 16 8490050
16:02:47 16 5041166
16:03:47 15 3454902
16:04:47 17 3607984
16:05:48 14 3506048
16:06:48 14 3486522
16:07:48 20 7502698
16:08:48 14 5552921
16:09:48 12 3353217
16:10:49 21 5924045
16:11:49 16 5716669
16:12:49 19 4296996
16:13:49 13 3363340
16:14:50 17 5237587
16:15:50 19 6466540
16:16:50 15 3433127
16:17:50 17 3436645
16:18:50 13 4833988
16:19:51 14 3483531
16:20:51 23 3934947
16:21:51 13 3146639
16:22:51 21 25433752
16:23:52 21 25989810
16:24:52 21 27680318
16:25:52 23 33019462
16:26:52 23 33299998
16:27:53 24 36759586
16:28:53 20 15519377
16:29:53 20 10432203
16:30:53 19 7862789
16:31:54 20 7721459
16:32:54 17 7278898
16:33:55 17 7239420
16:34:55 23 9023579
16:35:55 25 22143381
16:36:55 14 6388469
16:37:55 16 6404186
16:38:56 16 6996297
16:39:56 18 6442156
16:40:56 19 7245249
16:41:57 20 6520862
16:42:57 24 8407495
16:43:57 29 13144096
16:44:57 31 17815863
16:45:57 26 14152624
16:46:58 26 14585387
16:47:58 24 11718159
16:48:58 24 10214659
16:49:58 30 16395388
16:50:58 36 23072940
16:51:59 30 22065628
16:52:59 35 25877401
16:53:59 34 25481086
16:55:00 35 29331755
16:56:00 29 28272467
16:57:00 27 15039420
16:58:00 28 11617112
16:59:01 28 14592491
17:00:01 30 13597422
17:01:01 28 13435450
17:02:01 29 13654045
17:03:02 26 10620154
17:04:02 30 12356996
17:05:02 32 15736131
17:06:03 33 14715833
17:07:03 32 12621155
17:08:03 29 12619792
17:09:03 39 18734264
17:10:04 35 16947926
17:11:04 38 27557245
17:12:04 40 16455318
17:13:04 44 16510523
17:14:05 39 11062692
17:15:05 43 11113376
17:16:05 42 18257730
17:17:05 55 15667714
17:18:05 34 10836938
17:19:06 36 21887182
17:20:06 36 16299480
17:21:06 38 8985976
17:22:07 41 14310835
17:23:07 39 10543512
17:24:08 35 7054981
17:25:08 38 45624376
17:26:09 39 69276825
17:27:09 38 69279730
17:28:09 43 76168137
17:29:10 40 74725166
17:30:10 43 73964695
17:31:10 48 83595895
17:32:10 38 68326450
17:33:11 35 67504639
17:34:11 36 68635985
17:35:11 40 59462019
17:36:15 33 53122532
17:37:12 30 49001311
17:38:12 35 61495093
17:39:13 36 61230191
17:40:13 33 53054705
17:41:13 33 51301596
17:42:14 26 42292678
17:43:14 27 52202455
17:44:15 29 42531381
17:45:15 25 42318212
17:46:15 24 42288517
17:47:16 24 49144640
17:48:16 24 43260158
17:49:16 22 79806563
17:50:16 21 79372543
17:51:17 23 81490956
17:52:17 24 82249829
17:53:17 21 79374475
17:54:17 21 79379494
17:55:18 26 79773261
17:56:18 24 79723426
17:57:18 24 80420536
17:58:18 24 84331031
17:59:19 21 79150996
18:00:19 23 82200287
18:01:19 22 80992013
18:02:19 31 88126985
18:03:20 33 85242590
18:04:20 35 83306029
18:05:20 38 98663221
18:06:20 36 99612017
18:07:21 33 98755582
18:08:21 37 99293017
18:09:21 38 101384083
18:10:21 33 93749364
18:11:22 29 52843652
18:12:22 29 45172459
18:13:22 32 47094671
18:14:22 26 43176143
18:15:23 26 42967447
18:16:23 27 45462863
18:17:23 26 43018686
18:18:23 29 44525348
18:19:24 28 43047039
18:20:24 28 43870611
18:21:24 30 45760144
18:22:25 27 43853102
18:23:25 24 43807231
18:24:25 27 46514961
18:25:25 31 52076047
18:26:26 29 52862513
18:27:26 34 56807019
18:28:26 32 54251102
18:29:27 27 47384773
18:30:27 30 48544636
18:31:28 29 46260892
18:32:28 33 51706117
18:33:28 33 51706295
18:34:29 32 52280206
18:35:29 32 50860990
18:36:29 30 50537561
18:37:30 33 53287084
18:38:30 37 52845251
18:39:31 39 54410710
18:40:31 42 56387328
18:41:31 43 57329929
18:42:31 43 56500466
18:43:31 45 59195002
18:44:32 44 57884507
18:45:32 38 53119199
18:46:32 36 52225060
18:47:32 35 51091583
18:48:33 39 55468416
18:49:33 43 59087250
18:50:33 51 68209978
18:51:33 50 67855883
18:52:33 49 66624610
18:53:34 43 23684081
18:54:35 43 22132361
18:55:35 44 21205638
18:56:35 42 21203934
18:57:36 41 21391683
18:58:36 40 19248870
18:59:36 42 19177081
19:00:36 42 19372985
19:01:36 38 18509713
19:02:37 32 17516982
19:03:37 24 14093976
19:04:37 23 12958614
19:05:37 21 10939723
19:06:38 22 12627467
19:07:38 20 11027409
19:08:38 23 18431044
19:09:38 22 18682308
19:10:38 23 19523470
19:11:39 21 17896400
19:12:39 17 15998553
19:13:39 17 14409903
19:14:39 16 14350015
19:15:40 22 16875686
19:16:40 17 13221867
19:17:40 17 13224808
19:18:40 15 13416606
19:19:40 13 13205717
19:20:41 15 13967132
19:21:41 16 14248795
19:22:41 14 12278916
19:23:41 14 12393044
19:24:42 16 14081801
19:25:42 14 9815531
19:26:42 13 6710518
19:27:42 14 7419858
19:28:42 14 9179383
19:29:43 13 9149988
19:30:43 9 7459408
19:31:43 27 7487611
19:32:43 47 7840986
19:33:44 53 5292025
19:34:44 39 2531626
19:35:44 31 2516815
19:36:44 28 2509794
19:37:45 21 1635372
19:38:45 24 3325304
19:39:45 21 1721370
19:40:45 20 1692931
19:41:46 20 799814
19:42:46 21 2482861
19:43:46 22 6666256
19:44:46 21 5821738
19:45:46 21 4520787
19:46:47 21 503267
19:47:47 22 1962813
19:48:47 23 4198973
19:49:47 28 8237324
19:50:48 25 6631473
19:51:48 27 8504602
19:52:48 22 4232261
19:53:48 23 5076771
19:54:48 21 2679305
19:55:49 22 4489332
19:56:49 22 2814811
19:57:49 20 1968288
19:58:49 23 3223500
19:59:50 19 1967384
20:00:50 19 1967384
20:01:50 20 2935481
20:02:50 17 1917600
20:03:50 19 2762835
20:04:50 18 1918326
20:05:51 20 2992660
20:06:51 21 7419546
20:07:51 23 8286910
20:08:51 22 8294280
20:09:52 22 9680081
20:10:52 18 5018764
20:11:52 17 3466162
20:12:52 19 4500435
20:13:52 16 2078570
20:14:53 18 2960831
20:15:53 17 1332933
20:16:53 16 2078572
20:17:53 16 1962784
20:18:54 16 1923776
20:19:54 19 13027272
20:20:54 18 1991637
20:21:54 17 2757580
20:22:54 17 1914424
20:23:55 72 2309987
20:24:55 64 2954238
20:25:55 47 2885617
20:26:55 40 2180621
20:27:56 71 2260043
20:28:56 62 2952089
20:29:56 59 3014868
20:30:56 59 3779633
20:31:56 62 3051759
20:32:57 55 2922421
20:33:57 55 2079206
20:34:57 55 2667376
20:35:57 56 3641233
20:36:57 52 4979823
20:37:58 54 7365727
20:38:58 54 6522080
20:39:58 57 8108482
20:40:58 52 3416162
20:41:59 49 1861536
20:42:59 51 2280144
20:43:59 70 1950615
20:44:59 69 2105113
20:45:59 60 2073868
20:47:01 61 2918360
20:48:01 61 2240198
20:49:01 61 2075162
20:50:01 59 2066667
20:51:01 59 1222881
20:52:02 61 2068298
20:53:02 60 1223782
20:54:02 62 1371257
20:55:02 63 1391906
20:56:02 62 2231263
20:57:03 60 2125664
20:58:03 67 5320472
20:59:03 65 8337902
21:00:03 60 5869917
21:01:04 64 9826620
21:02:04 70 1428311
21:03:04 65 1407079
21:04:04 66 1720802
21:05:04 65 1422619
21:06:05 66 2464323
21:07:05 64 2297316
21:08:05 64 2212116
21:09:05 64 2301346
21:10:05 66 3232337
21:11:05 64 2306542
21:12:06 61 2076916
21:13:06 61 2076916
21:14:06 63 6918689
21:15:06 64 16140077
21:16:07 64 15653233
21:17:07 62 10851931
21:18:07 59 9651865
21:19:08 61 10497701
21:20:08 64 10926449
21:21:08 60 2076671
21:22:08 64 2546934
21:23:08 60 1232679
21:24:09 61 1233721
21:25:09 64 5850107
21:26:09 66 12010888
21:27:09 66 11912554
21:28:10 70 16211177
21:29:10 58 19788143
21:30:10 48 12808347
21:31:10 49 13442952
21:32:10 42 12646191
21:33:11 39 12594193
21:34:11 43 15666182
21:35:11 41 14896998
21:36:11 37 11058084
21:37:12 32 8587104
21:38:12 33 8739736
21:39:12 30 6435787
21:40:12 31 6456025
21:41:12 30 6435787
21:42:13 30 6435787
21:43:13 31 6478379
21:44:13 31 6456241
21:45:13 31 12533806
21:46:13 27 12516852
21:47:14 27 11750317
21:48:14 26 11746083
21:49:14 23 5681933
21:50:15 26 10337245
21:51:15 24 8783538
21:52:15 26 11889565
21:53:15 25 8949839
21:54:15 23 5875243
21:55:16 23 10045634
21:56:16 23 10045634
21:57:16 21 9997587
21:58:16 23 9970131
21:59:17 22 9105953
22:00:17 22 9266440
22:01:17 22 9266424
22:02:17 22 4903833
22:03:18 23 4909444
22:04:18 21 5126507
22:05:18 17 4105555
22:06:18 16 3387738
22:07:19 -1 -1
22:08:20 17 3393644
22:09:19 18 1794013
22:10:19 17 1788091
22:11:20 15 1776335
22:12:20 17 1782858
22:13:20 15 1852901
22:14:20 14 1852140
22:15:21 13 1084153
22:16:21 13 1084153
22:17:21 14 1928672
22:18:22 16 4356484
22:19:22 16 4190599
22:20:22 -1 -1
22:21:22 14 4188737
22:22:22 14 3480260
22:23:23 12 2630176
22:24:23 12 2630176
22:25:23 13 2796495
22:26:23 11 1242507
22:27:24 13 2087693
22:28:24 11 1242675
22:29:24 16 1251395
22:30:24 12 1292192
22:31:25 13 2136700
22:32:25 13 1458510
22:33:25 13 1458510
22:34:25 12 1292181
22:35:26 12 1292181
22:36:26 14 2303003
22:37:26 18 8514739
22:38:26 15 6993611
22:39:27 19 10795351
22:40:27 17 8513995
22:41:27 17 8738456
22:42:28 16 7669492
22:43:28 15 6228395
22:44:28 13 3122438
22:45:28 17 4739746
22:46:29 15 3289689
22:47:29 14 3123350
22:48:29 14 1571252
22:49:29 15 2415290
22:50:30 15 1737110
22:51:30 13 1569867
22:52:30 13 1598445
22:53:30 13 1735565
22:54:31 13 2413748
22:55:31 13 2413748
22:56:31 14 2414803
22:57:31 15 2416108
22:58:32 13 2248734
22:59:32 -1 -1
23:00:32 15 2437065
23:01:33 15 3823690
23:02:33 17 6929654
23:03:33 18 8482658
23:04:33 18 7597517
23:05:34 13 2270217
23:06:34 14 2273024
23:07:34 13 2270217
23:08:34 13 2270217
23:09:35 13 1437680
23:10:35 13 3078718
23:11:35 13 4854838
23:12:35 14 5365864
23:13:36 12 4010326
23:14:36 11 3960559
23:15:36 10 3959759
23:16:36 14 6443033
23:17:37 15 7996010
23:18:37 14 7894298
23:19:37 15 7895655
23:20:37 15 7895563
23:21:38 13 4789684
23:22:38 14 5291239
23:23:38 14 5291239
23:24:38 15 5830081
23:25:39 13 5289910
23:26:42 13 5289910
23:27:39 12 5521233
23:28:39 12 5521233
23:29:40 13 5565285
23:30:40 12 5521233
23:31:40 13 5687555
23:32:41 14 5688113
23:33:41 15 5688690
23:34:41 15 6535001
23:35:41 11 5354915
23:36:42 12 5355472
23:37:42 12 5366031
23:38:42 11 6177419
23:39:43 10 6011094
23:40:43 9 5166580
23:41:43 9 5166580
23:42:44 10 5332900
23:43:44 10 5534619
23:44:44 8 4665025
23:45:45 9 4665596
23:46:45 9 3606843
23:47:46 10 3607361
23:48:46 9 4285038
23:49:47 13 9110240
23:50:48 12 8943902
23:51:48 14 12049899
23:52:48 13 9788407
23:53:49 8 4284600
23:54:49 8 4284600
23:55:51 8 4284600
23:56:50 10 4452182
23:57:51 11 5131356
23:58:51 11 5130878
23:59:51 10 4285778
