00:01:13 425922 42147
00:02:00 169849 27590
00:03:01 551941 150957
00:04:03 285745 38107
00:05:02 198089 28840
00:06:03 -1 -1
00:07:13 604651 173966
02:00:05 237462 111021
02:01:05 -1 -1
02:02:06 127261 37652
02:03:06 249643 51154
02:04:07 104534 14548
02:05:07 39558 8270
02:06:07 423107 41966
02:07:08 55928 17726
02:08:08 249592 36989
02:09:09 160651 31742
02:10:09 318721 84225
02:11:10 208355 72695
02:12:10 217804 75181
02:13:11 188541 45232
02:14:11 174074 18729
02:15:12 -1 -1
02:16:12 109655 21220
02:17:12 406819 104871
02:18:13 212477 54290
02:19:13 105734 11893
02:20:13 137099 18706
02:21:14 435935 68558
02:22:14 164366 28390
02:23:15 186431 32072
02:24:15 272734 77166
02:25:16 166716 47916
02:26:16 328236 107040
02:27:16 293145 63265
02:28:17 106675 23762
02:29:17 187772 63399
02:30:18 466791 85433
02:31:18 181383 58209
02:32:18 27203 10700
02:33:19 98493 13375
02:34:19 201517 36392
02:35:20 228219 66304
02:36:19 -1 -1
02:37:21 87542 18416
02:38:21 154805 6628
02:39:20 -1 -1
02:40:22 161989 11643
02:41:22 282607 117374
02:42:23 248330 61657
02:43:23 93985 31486
02:44:24 453832 91232
02:45:24 260037 84043
02:46:24 225241 32741
02:47:25 253316 147125
02:48:25 327324 74040
02:49:25 170090 15126
02:50:26 164448 28908
02:51:26 75770 12419
02:52:27 232703 22261
02:53:27 132698 18696
02:54:28 344117 39607
02:55:28 172219 25716
02:56:29 296348 97580
02:57:29 105516 16881
02:58:30 258106 49460
02:59:30 197044 19715
03:00:30 258756 31812
03:01:31 289431 22421
03:02:31 185708 26814
03:03:32 242623 20542
03:04:32 300623 101884
03:05:33 411697 63559
03:06:36 291574 96226
03:07:34 394549 79986
03:08:34 298717 55755
03:09:35 144056 31740
03:10:35 500474 159658
03:11:35 176575 49804
03:12:36 263383 49134
03:13:36 462493 100604
03:14:37 148079 23684
03:15:37 328761 90723
03:16:36 -1 -1
03:17:38 283431 59748
03:18:39 336821 93253
03:19:39 197998 25379
03:20:39 292542 61484
03:21:40 80568 16893
03:22:40 305393 43219
03:23:41 353346 116056
03:24:41 258163 110800
03:25:43 615129 111630
03:26:43 281898 29299
03:27:43 170833 25309
03:28:43 184714 48291
03:29:43 371212 53981
03:30:44 359496 46206
03:31:44 74926 14451
03:32:45 116556 79772
03:33:46 506042 139207
03:34:46 530132 141972
03:35:47 337802 97842
03:36:47 288429 122748
03:37:48 155505 28957
03:38:48 446739 99362
03:39:49 184242 25508
03:40:49 332480 93442
03:41:50 171592 57720
03:42:50 205377 22466
03:43:50 131583 19081
03:44:52 350488 45870
03:45:52 676976 135429
03:46:52 224857 20087
03:47:52 340289 99230
03:48:52 252138 79153
03:49:53 279772 98751
03:50:56 345616 123212
03:51:56 181162 54354
03:52:55 374184 139574
03:53:55 120201 65307
03:54:55 273563 36854
03:55:56 232180 29482
03:56:57 332534 50890
03:57:57 240807 73210
03:58:57 320328 37667
03:59:58 173146 92243
04:00:58 185680 27485
04:01:58 89633 15690
04:02:59 181485 54605
04:03:59 179452 36702
04:05:00 85813 46275
04:06:00 56881 18036
04:07:01 189446 60102
04:08:01 376527 130440
04:09:01 200060 28706
04:10:02 359675 76334
04:11:02 278909 75962
04:12:03 101729 18818
04:13:03 68001 12693
04:14:04 277830 26750
04:15:04 47924 9917
04:16:04 197147 65648
04:17:05 154727 45771
04:18:05 120349 29225
04:19:06 145551 41280
04:20:06 157543 42582
04:21:06 182785 34360
04:22:07 186486 53844
04:23:07 319430 123191
04:24:08 62258 24394
04:25:08 145675 53920
04:26:09 188130 27016
04:27:09 366956 75454
04:28:09 8625 6071
04:29:10 62628 62584
04:30:10 599706 175003
04:31:11 222193 55183
04:32:11 116557 92466
04:33:11 310185 61127
04:34:12 462543 62643
04:35:12 124538 19950
04:36:13 539153 148996
04:37:13 239283 47416
04:38:14 385611 119213
04:39:14 303342 84400
04:40:15 383017 38581
04:41:17 604558 183034
04:42:16 380771 70943
04:43:16 166284 85301
04:44:16 182268 20396
04:45:17 171237 22763
04:46:17 142948 17805
04:47:18 565389 122366
04:48:18 260156 47194
04:49:18 102581 20594
04:50:19 167772 38619
04:51:19 15654 7615
04:52:20 328076 56952
04:53:20 202909 80719
04:54:20 353389 25782
04:55:21 17018 11625
04:56:21 156922 24999
04:57:22 496048 154035
04:58:23 338698 97229
04:59:23 166855 67397
05:00:23 90465 42079
05:01:23 81432 12975
05:02:24 187480 54754
05:03:24 89305 43794
05:04:24 183931 25166
05:05:25 142263 24661
05:06:25 479385 89331
05:07:26 108417 28506
05:08:26 126966 57929
05:09:27 79110 20882
05:10:27 217921 38219
05:11:28 201408 45570
05:12:28 116928 19742
05:13:29 450661 63750
05:14:29 258264 89744
05:15:29 329250 70495
05:16:30 174885 33158
05:17:30 141233 30482
05:18:31 373021 53130
05:19:31 297649 52066
05:20:31 219857 39728
05:21:32 94296 17671
05:22:32 368186 77037
05:23:33 -1 -1
05:24:33 219904 51313
05:25:34 123753 14542
05:26:34 101735 30172
05:27:34 269138 68351
05:28:35 233368 47906
05:29:35 242145 31208
05:30:36 54543 22122
05:31:36 194592 50042
05:32:36 141228 49972
05:33:37 211455 91306
05:34:37 28253 20329
05:35:38 180880 97512
05:36:38 96326 65852
05:37:39 251346 51318
05:38:39 93642 19425
05:39:40 14551 10056
05:40:40 93745 11078
05:41:40 296690 74461
05:42:41 156953 41225
05:43:41 57168 17898
05:44:42 199410 31994
05:45:42 158398 58017
05:46:43 130506 36536
05:47:43 489981 131191
05:48:43 166557 58467
05:49:44 146932 72914
05:50:44 223146 69778
05:51:45 253035 31860
05:52:45 291542 71011
05:53:45 292370 42002
05:54:46 184955 17972
05:55:46 177974 51972
05:56:47 307889 71035
05:57:47 253790 106157
05:58:48 229954 29016
05:59:48 277717 30299
06:00:49 188991 25230
06:01:49 141525 18205
06:02:49 149835 30387
06:03:50 297536 65611
06:04:50 239931 28089
06:05:51 139037 30571
06:06:51 239495 31626
06:07:52 101969 36610
06:08:52 364652 91737
06:09:52 296330 45761
06:10:53 274970 28577
06:11:53 157449 76842
06:12:54 788991 73112
06:13:54 302213 18775
06:14:55 279801 28946
06:15:55 658950 109357
06:16:58 509331 44007
06:17:56 215431 52425
06:18:56 188886 15142
06:19:57 320524 88662
06:20:57 464056 128794
06:21:57 494058 46240
06:22:58 746944 119128
06:23:58 551365 115772
06:24:59 262317 31985
06:26:00 640108 48365
06:27:00 236778 85213
06:28:00 371809 47366
06:29:00 345687 75137
06:30:01 427150 70044
06:31:01 275317 26237
06:32:02 248492 29167
06:33:02 358798 113446
06:34:03 581803 92897
06:35:03 253495 44209
06:36:03 509361 78181
06:37:04 125324 77894
06:38:04 97094 35028
06:39:05 308937 49880
06:40:05 366337 55899
06:41:06 383528 46629
06:42:06 320137 46110
06:43:06 484985 104195
06:44:07 417183 77385
06:45:07 309631 61443
06:46:08 257024 24983
06:47:09 315992 37276
06:48:08 371084 98539
06:49:09 100348 11484
06:50:09 323403 33254
06:51:10 298125 49578
06:52:10 301912 65917
06:53:11 682912 154179
06:54:11 547744 94333
06:55:12 483047 171365
06:56:12 191735 94336
06:57:12 281260 66687
06:58:13 147096 30274
06:59:13 138616 27157
07:00:14 312119 23965
07:01:14 210307 40208
07:02:14 150526 25411
07:03:15 104491 14429
07:04:15 202319 34244
07:05:16 336306 31218
07:06:16 329760 26315
07:07:17 249757 59247
07:08:18 372866 119218
07:09:18 385918 74836
07:10:18 356883 44483
07:11:19 390672 46551
07:12:19 389612 74693
07:13:20 40767 18598
07:14:20 195804 26084
07:15:21 361476 63258
07:16:21 201246 24574
07:17:21 297814 34671
07:18:22 453828 33313
07:19:22 223074 64997
07:20:23 153108 59915
07:21:23 466095 110234
07:22:24 -1 -1
07:23:24 261189 37133
07:24:24 363194 34954
07:25:25 388677 56197
07:26:25 357919 58216
07:27:26 565138 81685
07:28:27 307947 38474
07:29:26 469777 62726
07:30:28 429621 70667
07:31:27 451922 125554
07:32:28 422430 43719
07:33:28 306571 99358
07:34:27 -1 -1
07:35:28 -1 -1
07:36:29 674103 78472
07:37:30 199265 25421
07:38:31 294241 84280
07:39:32 477394 42815
07:40:31 235112 41226
07:41:32 374661 87040
07:42:34 392000 52319
07:43:33 441281 99109
07:44:33 314351 25480
07:45:34 282779 77005
07:46:34 294440 55957
07:47:34 181618 32680
07:48:35 82544 14620
07:49:35 110864 23171
07:50:36 263808 53978
07:51:36 470312 90415
07:52:36 259602 33778
07:53:37 395277 52346
07:54:37 291889 39367
07:55:38 327901 41093
07:56:38 245336 40334
07:57:39 635510 117161
07:58:39 316436 34383
07:59:39 102233 38313
08:00:39 -1 -1
08:01:40 22385 4949
08:02:40 274932 14239
08:03:41 263149 88413
08:04:41 171111 47091
08:05:41 233636 32177
08:06:42 343834 46424
08:07:42 270905 74332
08:08:42 301696 33782
08:09:43 200062 20346
08:10:43 285790 82522
08:11:43 171110 53477
08:12:44 176728 34605
08:13:44 -1 -1
08:14:44 239987 29678
08:15:45 159162 24207
08:16:45 714077 246060
08:17:46 326047 86728
08:18:46 245948 34884
08:19:46 205571 25391
08:20:47 50447 16706
08:21:47 215810 59510
08:22:46 -1 -1
08:23:48 100112 11192
08:24:48 242670 66456
08:25:49 541628 216994
08:26:49 96513 21356
08:27:49 197622 42997
08:28:49 194775 43959
08:29:48 -1 -1
08:30:50 -1 -1
08:31:50 197605 21624
08:32:51 -1 -1
08:33:51 202991 26229
08:34:51 108647 28272
08:35:52 271734 58146
08:36:52 100510 20960
08:37:52 292922 184959
08:38:54 180028 28095
08:39:53 109957 43734
08:40:53 101813 23116
08:41:54 72762 15623
08:42:54 77524 13447
08:43:54 305434 45346
08:44:54 110995 13253
08:45:55 225005 53254
08:46:55 199658 34343
08:47:55 410577 32391
08:48:56 249110 33930
08:49:56 179258 31061
08:50:56 230294 48811
08:51:57 115071 13791
08:52:57 32274 10790
08:53:57 189726 27363
08:54:58 153073 53386
08:55:58 302234 42549
08:56:58 196983 61218
08:58:00 118323 42351
08:59:00 37817 13152
09:00:00 281305 107985
09:01:01 171556 31734
09:02:01 270578 140711
09:03:01 255113 52372
09:04:02 324763 24059
09:05:02 241364 18651
09:06:02 116790 13745
09:07:03 551740 83286
09:08:03 1391546 90831
09:09:03 197744 81637
09:10:03 113903 86092
09:11:04 169231 34186
09:12:04 128720 26934
09:13:04 183654 94998
09:14:05 447537 99225
09:15:05 135093 15995
09:16:05 290445 22386
09:17:05 195739 20919
09:18:07 576980 137600
09:19:07 363227 88360
09:20:07 145064 39932
09:21:12 705445 96960
09:22:08 470211 98825
09:23:08 548020 58052
09:24:08 306639 30747
09:25:09 138194 17577
09:26:09 169974 32018
09:27:10 108739 36506
09:28:10 139820 10635
09:29:11 168714 51197
09:30:11 108810 61076
09:31:12 305678 52215
09:32:12 328214 44744
09:33:12 99939 41993
09:34:12 135714 12861
09:35:13 150155 18190
09:36:13 192253 36105
09:37:13 112056 34444
09:38:14 79115 19716
09:39:14 242307 23633
09:40:14 63937 12086
09:41:15 104099 34703
09:42:15 369580 114831
09:43:15 173826 39438
09:44:16 76195 20959
09:45:16 129538 44585
09:46:16 323898 70417
09:47:17 421529 153274
09:48:17 298326 53529
09:49:17 228203 79074
09:50:18 278517 89086
09:51:17 -1 -1
09:52:18 70136 11367
09:53:19 369594 40742
09:54:19 206888 44131
09:55:19 175692 17800
09:56:20 264115 78035
09:57:20 88171 23268
09:58:21 253037 60662
09:59:22 225076 45813
10:00:22 235984 31448
10:01:21 -1 -1
10:02:23 266432 108248
10:03:23 164672 36975
10:04:23 111422 27161
10:05:24 197932 57462
10:06:24 169861 12675
10:07:25 137890 36874
10:08:25 501240 207232
10:09:25 491305 73738
10:10:25 455881 140939
10:11:25 164955 19929
10:12:27 -1 -1
10:13:26 320864 98619
10:14:26 155654 23141
10:15:27 413085 150314
10:16:27 123344 18841
10:17:27 188646 25885
10:18:28 264793 76031
10:19:27 -1 -1
10:20:27 -1 -1
10:21:28 -1 -1
10:22:29 261396 66735
10:23:29 320323 75266
10:24:30 283710 97079
10:25:40 360385 46733
10:26:34 399163 173013
