00:01:57 1 630
00:02:00 1 630
00:03:02 1 630
00:04:03 1 630
00:05:02 1 630
00:06:03 -1 -1
00:07:13 1 630
02:00:05 0 0
02:01:05 -1 -1
02:02:06 0 0
02:03:06 0 0
02:04:07 0 0
02:05:07 0 0
02:06:07 0 0
02:07:08 0 0
02:08:08 0 0
02:09:09 1 546
02:10:09 1 546
02:11:10 1 546
02:12:10 1 546
02:13:11 1 546
02:14:11 1 546
02:15:12 -1 -1
02:16:12 1 546
02:17:12 1 546
02:18:13 1 546
02:19:13 1 546
02:20:13 1 546
02:21:14 1 546
02:22:14 1 546
02:23:15 1 546
02:24:15 1 546
02:25:16 1 546
02:26:16 1 546
02:27:16 1 546
02:28:17 1 546
02:29:17 1 546
02:30:18 1 546
02:31:18 1 546
02:32:18 1 546
02:33:19 1 546
02:34:19 1 546
02:35:20 1 546
02:36:19 -1 -1
02:37:21 1 546
02:38:21 1 546
02:39:20 -1 -1
02:40:22 1 546
02:41:22 1 546
02:42:23 1 546
02:43:23 1 546
02:44:24 1 546
02:45:24 1 546
02:46:24 1 546
02:47:25 1 546
02:48:25 1 546
02:49:25 1 546
02:50:26 1 546
02:51:26 1 546
02:52:27 1 546
02:53:27 2 1175
02:54:28 2 1175
02:55:28 2 1175
02:56:29 2 1175
02:57:29 2 1175
02:58:30 3 1781
02:59:30 2 1175
03:00:30 2 1175
03:01:31 2 1175
03:02:31 2 1175
03:03:32 2 1175
03:04:32 2 1175
03:05:33 2 1175
03:06:36 2 1175
03:07:34 2 1175
03:08:34 2 1175
03:09:35 1 629
03:10:35 1 629
03:11:35 1 629
03:12:36 1 629
03:13:36 1 629
03:14:37 1 629
03:15:37 1 629
03:16:36 -1 -1
03:17:38 1 629
03:18:39 1 629
03:19:39 1 629
03:20:39 1 629
03:21:40 1 629
03:22:40 1 629
03:23:41 1 629
03:24:41 1 629
03:25:43 1 629
03:26:43 1 629
03:27:43 1 629
03:28:43 1 629
03:29:43 1 629
03:30:44 1 629
03:31:44 1 629
03:32:45 1 629
03:33:46 1 629
03:34:46 1 629
03:35:47 1 629
03:36:47 1 629
03:37:48 1 629
03:38:48 1 629
03:39:49 1 629
03:40:49 1 629
03:41:50 1 629
03:42:50 1 629
03:43:50 1 629
03:44:52 1 629
03:45:52 1 629
03:46:52 1 629
03:47:52 1 629
03:48:52 1 629
03:49:53 1 629
03:50:56 1 629
03:51:56 1 629
03:52:55 1 629
03:53:55 0 0
03:54:55 0 0
03:55:56 0 0
03:56:57 0 0
03:57:57 0 0
03:58:57 0 0
03:59:58 0 0
04:00:58 1 810
04:01:58 0 0
04:02:59 0 0
04:03:59 0 0
04:05:00 0 0
04:06:00 0 0
04:07:01 0 0
04:08:01 0 0
04:09:01 0 0
04:10:02 0 0
04:11:02 0 0
04:12:03 0 0
04:13:03 0 0
04:14:04 0 0
04:15:04 0 0
04:16:04 0 0
04:17:05 0 0
04:18:05 0 0
04:19:06 0 0
04:20:06 0 0
04:21:06 0 0
04:22:07 0 0
04:23:07 0 0
04:24:08 0 0
04:25:08 0 0
04:26:09 0 0
04:27:09 0 0
04:28:09 0 0
04:29:10 0 0
04:30:10 0 0
04:31:11 0 0
04:32:11 0 0
04:33:11 0 0
04:34:12 0 0
04:35:12 0 0
04:36:13 0 0
04:37:13 0 0
04:38:14 0 0
04:39:14 0 0
04:40:15 0 0
04:41:17 0 0
04:42:16 0 0
04:43:16 0 0
04:44:16 0 0
04:45:17 0 0
04:46:17 0 0
04:47:18 0 0
04:48:18 0 0
04:49:18 0 0
04:50:19 0 0
04:51:19 0 0
04:52:20 0 0
04:53:20 0 0
04:54:20 0 0
04:55:21 0 0
04:56:21 0 0
04:57:22 0 0
04:58:23 0 0
04:59:23 0 0
05:00:23 0 0
05:01:23 0 0
05:02:24 0 0
05:03:24 0 0
05:04:24 0 0
05:05:25 0 0
05:06:25 0 0
05:07:26 0 0
05:08:26 0 0
05:09:27 0 0
05:10:27 0 0
05:11:28 0 0
05:12:28 0 0
05:13:29 0 0
05:14:29 0 0
05:15:29 0 0
05:16:30 0 0
05:17:30 0 0
05:18:31 1 4426
05:19:31 1 4426
05:20:31 1 4426
05:21:32 1 4426
05:22:32 1 4426
05:23:33 -1 -1
05:24:33 1 4426
05:25:34 1 4426
05:26:34 1 4426
05:27:34 1 4426
05:28:35 1 4426
05:29:35 1 4426
05:30:36 1 4426
05:31:36 1 4426
05:32:36 1 4426
05:33:37 1 4426
05:34:37 1 4426
05:35:38 1 4426
05:36:38 1 4426
05:37:39 1 4426
05:38:39 1 4426
05:39:40 1 4426
05:40:40 1 4426
05:41:40 1 4426
05:42:41 1 4426
05:43:41 1 4426
05:44:42 1 4426
05:45:42 1 4426
05:46:43 1 4426
05:47:43 1 4426
05:48:43 1 4426
05:49:44 1 4426
05:50:44 1 4426
05:51:45 1 4426
05:52:45 1 4426
05:53:45 1 4426
05:54:46 1 4426
05:55:46 1 4426
05:56:47 1 4426
05:57:47 1 4426
05:58:48 1 4426
05:59:48 1 4426
06:00:49 1 4426
06:01:49 1 4426
06:02:49 1 4426
06:03:50 1 4426
06:04:50 1 4426
06:05:51 1 4426
06:06:51 1 4426
06:07:52 1 4426
06:08:52 1 4426
06:09:52 1 4426
06:10:53 1 4426
06:11:53 1 4426
06:12:54 1 4426
06:13:54 1 4426
06:14:55 1 4426
06:15:55 1 4426
06:16:58 1 4426
06:17:56 1 4426
06:18:56 1 4426
06:19:57 0 0
06:20:57 0 0
06:21:57 0 0
06:22:58 0 0
06:23:58 0 0
06:24:59 0 0
06:26:00 0 0
06:27:00 0 0
06:28:00 0 0
06:29:00 0 0
06:30:01 0 0
06:31:01 0 0
06:32:02 0 0
06:33:02 0 0
06:34:03 0 0
06:35:03 0 0
06:36:03 0 0
06:37:04 0 0
06:38:04 0 0
06:39:05 0 0
06:40:05 0 0
06:41:06 0 0
06:42:06 0 0
06:43:06 0 0
06:44:07 0 0
06:45:07 0 0
06:46:08 0 0
06:47:09 0 0
06:48:08 0 0
06:49:09 0 0
06:50:09 0 0
06:51:10 0 0
06:52:10 0 0
06:53:11 0 0
06:54:11 1 4421
06:55:12 1 4421
06:56:12 1 4421
06:57:12 1 4421
06:58:13 1 4421
06:59:13 1 4421
07:00:14 1 4421
07:01:14 1 4421
07:02:15 1 4421
07:03:15 1 4421
07:04:15 1 4421
07:05:16 1 4421
07:06:16 1 4421
07:07:17 1 4421
07:08:18 1 4421
07:09:18 1 4421
07:10:18 1 4421
07:11:19 1 4421
07:12:19 1 4421
07:13:20 2 8855
07:14:20 2 8855
07:15:21 2 8855
07:16:21 2 8855
07:17:21 2 8855
07:18:22 2 8855
07:19:22 2 8855
07:20:23 2 8855
07:21:23 2 8855
07:22:24 -1 -1
07:23:24 2 8855
07:24:24 2 8855
07:25:25 2 8855
07:26:25 2 8855
07:27:26 2 8855
07:28:27 2 8855
07:29:26 2 8855
07:30:28 2 8855
07:31:27 2 8855
07:32:28 2 8855
07:33:28 2 8855
07:34:27 -1 -1
07:35:28 -1 -1
07:36:29 2 8855
07:37:30 2 8855
07:38:31 2 8855
07:39:32 2 8855
07:40:31 2 8855
07:41:32 2 8855
07:42:34 2 8855
07:43:33 2 8855
07:44:33 2 8855
07:45:34 2 8855
07:46:34 2 8855
07:47:34 2 8855
07:48:35 2 8855
07:49:35 2 8855
07:50:36 2 8855
07:51:36 2 8855
07:52:36 2 8855
07:53:37 2 8855
07:54:37 2 8855
07:55:38 2 8855
07:56:38 3 9372
07:57:39 2 8855
07:58:39 1 4434
07:59:39 2 4951
08:00:39 -1 -1
08:01:40 1 4434
08:02:40 1 4434
08:03:41 1 4434
08:04:41 1 4434
08:05:41 1 4434
08:06:42 1 4434
08:07:42 1 4434
08:08:42 1 4434
08:09:43 1 4434
08:10:43 1 4434
08:11:43 1 4434
08:12:44 0 0
08:13:44 -1 -1
08:14:44 0 0
08:15:45 0 0
08:16:45 0 0
08:17:46 0 0
08:18:46 0 0
08:19:46 0 0
08:20:47 0 0
08:21:47 0 0
08:22:46 -1 -1
08:23:48 0 0
08:24:48 0 0
08:25:49 0 0
08:26:49 0 0
08:27:49 0 0
08:28:49 0 0
08:29:48 -1 -1
08:30:50 -1 -1
08:31:50 0 0
08:32:51 -1 -1
08:33:51 0 0
08:34:51 0 0
08:35:52 0 0
08:36:52 0 0
08:37:52 0 0
08:38:54 0 0
08:39:53 0 0
08:40:53 0 0
08:41:54 0 0
08:42:54 0 0
08:43:54 0 0
08:44:54 0 0
08:45:55 0 0
08:46:55 0 0
08:47:55 0 0
08:48:56 0 0
08:49:56 0 0
08:50:56 0 0
08:51:57 0 0
08:52:57 0 0
08:53:57 0 0
08:54:58 0 0
08:55:58 0 0
08:56:58 0 0
08:58:00 0 0
08:59:00 0 0
09:00:00 0 0
09:01:01 0 0
09:02:01 0 0
09:03:01 0 0
09:04:02 0 0
09:05:02 0 0
09:06:02 0 0
09:07:03 0 0
09:08:03 0 0
09:09:03 0 0
09:10:03 0 0
09:11:04 0 0
09:12:04 0 0
09:13:04 0 0
09:14:05 0 0
09:15:05 0 0
09:16:05 0 0
09:17:05 0 0
09:18:07 0 0
09:19:07 0 0
09:20:07 0 0
09:21:12 0 0
09:22:08 0 0
09:23:08 0 0
09:24:08 0 0
09:25:09 0 0
09:26:09 1 15786
09:27:10 0 0
09:28:10 0 0
09:29:11 0 0
09:30:11 0 0
09:31:12 1 4627
09:32:12 0 0
09:33:12 0 0
09:34:12 0 0
09:35:13 0 0
09:36:13 0 0
09:37:13 0 0
09:38:14 0 0
09:39:14 1 15209
09:40:14 0 0
09:41:15 5 64960
09:42:15 0 0
09:43:15 0 0
09:44:16 0 0
09:45:16 0 0
09:46:16 0 0
09:47:17 0 0
09:48:17 0 0
09:49:17 0 0
09:50:18 0 0
09:51:17 -1 -1
09:52:18 1 753080
09:53:19 1 753080
09:54:19 1 753080
09:55:19 1 753080
09:56:20 1 753080
09:57:20 1 753080
09:58:21 1 753080
09:59:22 1 753080
10:00:22 1 753080
10:01:21 -1 -1
10:02:23 1 753080
10:03:23 1 753080
10:04:23 1 753080
10:05:24 1 753080
10:06:24 1 753080
10:07:25 1 753080
10:08:25 1 753080
10:09:25 2 754782
10:10:25 1 753080
10:11:25 1 753080
10:12:28 -1 -1
10:13:26 1 753080
10:14:26 1 753080
10:15:27 1 753080
10:16:27 1 753080
10:17:27 1 753080
10:18:28 1 753080
10:19:27 -1 -1
10:20:27 -1 -1
10:21:28 -1 -1
10:22:29 1 753080
10:23:29 1 753080
10:24:30 1 753080
10:25:40 1 753080
10:26:34 1 753080
