00:02:30 1
00:07:11 1
02:00:03 1
02:05:03 1
02:10:04 1
02:15:04 1
02:20:04 1
02:25:04 1
02:30:04 1
02:35:04 1
02:40:04 1
02:45:04 1
02:50:04 1
02:55:05 1
03:00:05 1
03:05:05 1
03:10:05 1
03:15:06 1
03:20:06 1
03:25:06 1
03:30:06 1
03:35:07 1
03:40:07 1
03:45:07 1
03:50:08 1
03:55:08 1
04:00:08 1
04:05:08 1
04:10:09 1
04:15:10 1
04:20:10 1
04:25:10 1
04:30:11 1
04:35:12 1
04:40:13 1
04:45:14 1
04:50:14 1
04:55:14 1
05:00:14 1
05:05:15 1
05:10:15 1
05:15:16 1
05:20:16 1
05:25:16 1
05:30:16 1
05:35:16 1
05:40:16 1
05:45:16 1
05:50:16 1
05:55:17 1
06:00:17 1
06:05:17 1
06:10:17 1
06:15:17 1
06:20:17 1
06:25:17 1
06:30:17 1
06:35:18 1
06:40:18 1
06:45:18 1
06:50:18 1
06:55:18 1
07:00:18 1
07:05:19 1
07:10:19 1
07:15:19 1
07:20:19 1
07:25:19 1
07:30:19 1
07:35:19 1
07:40:20 1
07:45:20 1
07:50:20 1
07:55:20 1
08:00:20 1
08:05:21 1
08:10:21 1
08:15:22 1
08:20:22 1
08:25:23 1
08:30:23 1
08:35:24 1
08:40:25 1
08:45:25 1
08:50:26 1
08:55:27 1
09:00:27 1
09:05:27 1
09:10:28 1
09:15:29 1
09:20:29 1
09:25:29 1
09:30:30 1
09:35:30 1
09:40:31 1
09:45:31 1
09:50:32 1
09:55:33 1
10:00:34 1
10:05:34 1
10:10:35 1
10:15:35 1
10:20:36 1
10:25:36 1
