00:01:01 1 1 1
00:01:53 1 1 1
00:02:52 1 1 1
00:03:53 1 1 1
00:04:54 1 1 1
00:05:56 1 1 1
00:06:56 1 1 1
02:00:03 1 1 1
02:01:03 1 1 1
02:02:03 1 1 1
02:03:04 1 1 1
02:04:04 1 1 1
02:05:05 1 1 1
02:06:05 1 1 1
02:07:05 1 1 1
02:08:06 1 1 1
02:09:10 1 1 1
02:10:07 1 1 1
02:11:07 1 1 1
02:12:08 1 1 1
02:13:08 1 1 1
02:14:09 1 1 1
02:15:09 1 1 1
02:16:09 1 1 1
02:17:10 1 1 1
02:18:10 1 1 1
02:19:11 1 1 1
02:20:11 1 1 1
02:21:11 1 1 1
02:22:12 1 1 1
02:23:12 1 1 1
02:24:13 1 1 1
02:25:13 1 1 1
02:26:13 1 1 1
02:27:14 1 1 1
02:28:14 1 1 1
02:29:15 1 1 1
02:30:15 1 1 1
02:31:16 1 1 1
02:32:16 1 1 1
02:33:16 1 1 1
02:34:17 1 1 1
02:35:17 1 1 1
02:36:18 1 1 1
02:37:18 1 1 1
02:38:18 1 1 1
02:39:19 1 1 1
02:40:19 1 1 1
02:41:20 1 1 1
02:42:20 1 1 1
02:43:21 1 1 1
02:44:21 1 1 1
02:45:21 1 1 1
02:46:22 1 1 1
02:47:22 1 1 1
02:48:23 1 1 1
02:49:23 1 1 1
02:50:23 1 1 1
02:51:24 1 1 1
02:52:24 1 1 1
02:53:25 1 1 1
02:54:25 1 1 1
02:55:26 1 1 1
02:56:26 1 1 1
02:57:27 1 1 1
02:58:27 1 1 1
02:59:28 1 1 1
03:00:28 1 1 1
03:01:28 1 1 1
03:02:29 1 1 1
03:03:29 1 1 1
03:04:30 1 1 1
03:05:30 1 1 1
03:06:31 1 1 1
03:07:31 1 1 1
03:08:32 1 1 1
03:09:32 1 1 1
03:10:33 1 1 1
03:11:33 1 1 1
03:12:33 1 1 1
03:13:34 1 1 1
03:14:34 1 1 1
03:15:35 1 1 1
03:16:35 1 1 1
03:17:36 1 1 1
03:18:36 1 1 1
03:19:36 1 1 1
03:20:37 1 1 1
03:21:37 1 1 1
03:22:38 1 1 1
03:23:38 1 1 1
03:24:39 1 1 1
03:25:39 1 1 1
03:26:40 1 1 1
03:27:40 1 1 1
03:28:40 1 1 1
03:29:41 1 1 1
03:30:41 1 1 1
03:31:42 1 1 1
03:32:42 1 1 1
03:33:43 1 1 1
03:34:43 1 1 1
03:35:43 1 1 1
03:36:44 1 1 1
03:37:44 1 1 1
03:38:45 1 1 1
03:39:45 1 1 1
03:40:46 1 1 1
03:41:46 1 1 1
03:42:46 1 1 1
03:43:47 1 1 1
03:44:47 1 1 1
03:45:48 1 1 1
03:46:48 1 1 1
03:47:49 1 1 1
03:48:49 1 1 1
03:49:49 1 1 1
03:50:50 1 1 1
03:51:50 1 1 1
03:52:51 1 1 1
03:53:51 1 1 1
03:54:52 1 1 1
03:55:52 1 1 1
03:56:53 1 1 1
03:57:53 1 1 1
03:58:54 1 1 1
03:59:54 1 1 1
04:00:54 1 1 1
04:01:55 1 1 1
04:02:55 1 1 1
04:03:56 1 1 1
04:04:56 1 1 1
04:05:57 1 1 1
04:06:57 1 1 1
04:07:58 1 1 1
04:08:58 1 1 1
04:09:58 1 1 1
04:10:59 1 1 1
04:11:59 1 1 1
04:13:00 1 1 1
04:14:00 1 1 1
04:15:00 1 1 1
04:16:01 1 1 1
04:17:01 1 1 1
04:18:02 1 1 1
04:19:02 1 1 1
04:20:03 1 1 1
04:21:03 1 1 1
04:22:03 1 1 1
04:23:04 1 1 1
04:24:04 1 1 1
04:25:05 1 1 1
04:26:05 1 1 1
04:27:06 1 1 1
04:28:06 1 1 1
04:29:06 1 1 1
04:30:07 1 1 1
04:31:07 1 1 1
04:32:07 1 1 1
04:33:08 1 1 1
04:34:08 1 1 1
04:35:09 1 1 1
04:36:09 1 1 1
04:37:10 1 1 1
04:38:10 1 1 1
04:39:11 1 1 1
04:40:11 1 1 1
04:41:12 1 1 1
04:42:12 1 1 1
04:43:12 1 1 1
04:44:13 1 1 1
04:45:13 1 1 1
04:46:14 1 1 1
04:47:14 1 1 1
04:48:14 1 1 1
04:49:15 1 1 1
04:50:15 1 1 1
04:51:16 1 1 1
04:52:16 1 1 1
04:53:16 1 1 1
04:54:17 1 1 1
04:55:17 1 1 1
04:56:18 1 1 1
04:57:18 1 1 1
04:58:19 1 1 1
04:59:19 1 1 1
05:00:20 1 1 1
05:01:20 1 1 1
05:02:20 1 1 1
05:03:21 1 1 1
05:04:21 1 1 1
05:05:21 1 1 1
05:06:22 1 1 1
05:07:22 1 1 1
05:08:23 1 1 1
05:09:23 1 1 1
05:10:24 1 1 1
05:11:24 1 1 1
05:12:25 1 1 1
05:13:25 1 1 1
05:14:25 1 1 1
05:15:26 1 1 1
05:16:26 1 1 1
05:17:27 1 1 1
05:18:27 1 1 1
05:19:28 1 1 1
05:20:28 1 1 1
05:21:28 1 1 1
05:22:29 1 1 1
05:23:29 1 1 1
05:24:30 1 1 1
05:25:30 1 1 1
05:26:31 1 1 1
05:27:31 1 1 1
05:28:31 1 1 1
05:29:32 1 1 1
05:30:32 1 1 1
05:31:33 1 1 1
05:32:33 1 1 1
05:33:33 1 1 1
05:34:34 1 1 1
05:35:34 1 1 1
05:36:35 1 1 1
05:37:35 1 1 1
05:38:36 1 1 1
05:39:36 1 1 1
05:40:36 1 1 1
05:41:37 1 1 1
05:42:37 1 1 1
05:43:38 1 1 1
05:44:38 1 1 1
05:45:39 1 1 1
05:46:39 1 1 1
05:47:39 1 1 1
05:48:40 1 1 1
05:49:40 1 1 1
05:50:41 1 1 1
05:51:41 1 1 1
05:52:42 1 1 1
05:53:42 1 1 1
05:54:42 1 1 1
05:55:43 1 1 1
05:56:43 1 1 1
05:57:44 1 1 1
05:58:44 1 1 1
05:59:45 1 1 1
06:00:45 1 1 1
06:01:46 1 1 1
06:02:46 1 1 1
06:03:46 1 1 1
06:04:47 1 1 1
06:05:47 1 1 1
06:06:48 1 1 1
06:07:48 1 1 1
06:08:49 1 1 1
06:09:49 1 1 1
06:10:49 1 1 1
06:11:50 1 1 1
06:12:50 1 1 1
06:13:51 1 1 1
06:14:51 1 1 1
06:15:51 1 1 1
06:16:52 1 1 1
06:17:52 1 1 1
06:18:53 1 1 1
06:19:53 1 1 1
06:20:54 1 1 1
06:21:54 1 1 1
06:22:54 1 1 1
06:23:55 1 1 1
06:24:55 1 1 1
06:25:56 1 1 1
06:26:56 1 1 1
06:27:56 1 1 1
06:28:57 1 1 1
06:29:57 1 1 1
06:30:58 1 1 1
06:31:58 1 1 1
06:32:59 1 1 1
06:33:59 1 1 1
06:34:59 1 1 1
06:36:00 1 1 1
06:37:00 1 1 1
06:38:01 1 1 1
06:39:01 1 1 1
06:40:02 1 1 1
06:41:02 1 1 1
06:42:02 1 1 1
06:43:03 1 1 1
06:44:03 1 1 1
06:45:04 1 1 1
06:46:04 1 1 1
06:47:05 1 1 1
06:48:05 1 1 1
06:49:05 1 1 1
06:50:06 1 1 1
06:51:06 1 1 1
06:52:07 1 1 1
06:53:07 1 1 1
06:54:08 1 1 1
06:55:08 1 1 1
06:56:08 1 1 1
06:57:09 1 1 1
06:58:09 1 1 1
06:59:10 1 1 1
07:00:10 1 1 1
07:01:11 1 1 1
07:02:11 1 1 1
07:03:12 1 1 1
07:04:12 1 1 1
07:05:12 1 1 1
07:06:13 1 1 1
07:07:13 1 1 1
07:08:14 1 1 1
07:09:14 1 1 1
07:10:15 1 1 1
07:11:15 1 1 1
07:12:16 1 1 1
07:13:16 1 1 1
07:14:17 1 1 1
07:15:17 1 1 1
07:16:17 1 1 1
07:17:18 1 1 1
07:18:18 1 1 1
07:19:19 1 1 1
07:20:19 1 1 1
07:21:20 1 1 1
07:22:20 1 1 1
07:23:20 1 1 1
07:24:21 1 1 1
07:25:21 1 1 1
07:26:22 1 1 1
07:27:22 1 1 1
07:28:23 1 1 1
07:29:23 1 1 1
07:30:23 1 1 1
07:31:24 1 1 1
07:32:24 1 1 1
07:33:25 1 1 1
07:34:25 1 1 1
07:35:25 1 1 1
07:36:26 1 1 1
07:37:26 1 1 1
07:38:27 1 1 1
07:39:27 1 1 1
07:40:28 1 1 1
07:41:28 1 1 1
07:42:29 1 1 1
07:43:29 1 1 1
07:44:30 1 1 1
07:45:30 1 1 1
07:46:30 1 1 1
07:47:31 1 1 1
07:48:31 1 1 1
07:49:32 1 1 1
07:50:32 1 1 1
07:51:32 1 1 1
07:52:33 1 1 1
07:53:33 1 1 1
07:54:34 1 1 1
07:55:34 1 1 1
07:56:35 1 1 1
07:57:35 1 1 1
07:58:36 1 1 1
07:59:37 1 1 1
08:00:37 1 1 1
08:01:41 1 1 1
08:02:38 1 1 1
08:03:38 1 1 1
08:04:38 1 1 1
08:05:39 1 1 1
08:06:39 1 1 1
08:07:39 1 1 1
08:08:40 1 1 1
08:09:40 1 1 1
08:10:40 1 1 1
08:11:41 1 1 1
08:12:41 1 1 1
08:13:41 1 1 1
08:14:42 1 1 1
08:15:42 1 1 1
08:16:42 1 1 1
08:17:43 1 1 1
08:18:43 1 1 1
08:19:44 1 1 1
08:20:44 1 1 1
08:21:45 1 1 1
08:22:45 1 1 1
08:23:45 1 1 1
08:24:46 1 1 1
08:25:46 1 1 1
08:26:46 1 1 1
08:27:47 1 1 1
08:28:47 1 1 1
08:29:47 1 1 1
08:30:48 1 1 1
08:31:48 1 1 1
08:32:48 1 1 1
08:33:49 1 1 1
08:34:49 1 1 1
08:35:49 1 1 1
08:36:49 1 1 1
08:37:50 1 1 1
08:38:50 1 1 1
08:39:51 1 1 1
08:40:51 1 1 1
08:41:51 1 1 1
08:42:51 1 1 1
08:43:52 1 1 1
08:44:52 1 1 1
08:45:52 1 1 1
08:46:53 1 1 1
08:47:53 1 1 1
08:48:53 1 1 1
08:49:54 1 1 1
08:50:54 1 1 1
08:51:54 1 1 1
08:52:55 1 1 1
08:53:55 1 1 1
08:54:55 1 1 1
08:55:56 1 1 1
08:56:56 1 1 1
08:57:57 1 1 1
08:58:57 1 1 1
08:59:58 1 1 1
09:00:58 1 1 1
09:01:58 1 1 1
09:02:59 1 1 1
09:03:59 1 1 1
09:04:59 1 1 1
09:06:00 1 1 1
09:07:00 1 1 1
09:08:00 1 1 1
09:09:01 1 1 1
09:10:01 1 1 1
09:11:01 1 1 1
09:12:02 1 1 1
09:13:02 1 1 1
09:14:02 1 1 1
09:15:02 1 1 1
09:16:03 1 1 1
09:17:03 1 1 1
09:18:04 1 1 1
09:19:04 1 1 1
09:20:05 1 1 1
09:21:05 1 1 1
09:22:05 1 1 1
09:23:06 1 1 1
09:24:06 1 1 1
09:25:06 1 1 1
09:26:07 1 1 1
09:27:07 1 1 1
09:28:12 1 1 1
09:29:08 1 1 1
09:30:09 1 1 1
09:31:09 1 1 1
09:32:09 1 1 1
09:33:10 1 1 1
09:34:10 1 1 1
09:35:10 1 1 1
09:36:11 1 1 1
09:37:11 1 1 1
09:38:11 1 1 1
09:39:12 1 1 1
09:40:12 1 1 1
09:41:12 1 1 1
09:42:12 1 1 1
09:43:13 1 1 1
09:44:13 1 1 1
09:45:13 1 1 1
09:46:14 1 1 1
09:47:14 1 1 1
09:48:15 1 1 1
09:49:15 1 1 1
09:50:15 1 1 1
09:51:18 1 1 1
09:52:16 1 1 1
09:53:16 1 1 1
09:54:16 1 1 1
09:55:17 1 1 1
09:56:17 1 1 1
09:57:18 1 1 1
09:58:18 1 1 1
09:59:19 1 1 1
10:00:20 1 1 1
10:01:20 1 1 1
10:02:20 1 1 1
10:03:20 1 1 1
10:04:21 1 1 1
10:05:21 1 1 1
10:06:21 1 1 1
10:07:22 1 1 1
10:08:22 1 1 1
10:09:22 1 1 1
10:10:23 1 1 1
10:11:23 1 1 1
10:12:29 1 1 1
10:13:24 1 1 1
10:14:24 1 1 1
10:15:24 1 1 1
10:16:45 0 0 0
10:17:25 1 1 1
10:18:25 1 1 1
10:19:26 1 1 1
10:20:26 1 1 1
10:21:26 1 1 1
10:22:27 1 1 1
10:23:27 1 1 1
10:24:27 1 1 1
10:25:27 1 1 1
10:26:31 1 1 1
