00:01:06 138051 43360
00:01:58 40489 18206
00:02:59 143233 42402
00:04:03 63228 24241
00:04:59 54853 23939
00:05:59 89938 30688
00:07:13 102390 34486
02:00:05 97408 33853
02:01:06 86429 54685
02:02:06 88681 53236
02:03:06 77730 279168
02:04:07 82214 57533
02:05:07 103095 112985
02:06:08 96276 35438
02:07:08 82360 295883
02:08:08 103835 305497
02:09:09 90689 291196
02:10:09 82896 303361
02:11:10 62211 294434
02:12:10 123380 311546
02:13:11 71034 100083
02:14:11 90283 64232
02:15:12 63792 32145
02:16:12 70607 28359
02:17:12 75866 31829
02:18:13 67439 29580
02:19:13 37018 21174
02:20:14 69037 34919
02:21:14 128396 43634
02:22:14 79781 31546
02:23:15 58850 24428
02:24:15 93370 33428
02:25:16 109258 45661
02:26:16 39091 21082
02:27:17 59438 29440
02:28:17 81602 30197
02:29:17 93744 39257
02:30:18 142385 46150
02:31:18 118662 38223
02:32:19 39089 20799
02:33:19 71393 33348
02:34:20 76211 30381
02:35:20 105115 37530
02:36:20 71725 33032
02:37:21 78140 37127
02:38:21 71673 27913
02:39:22 115223 39770
02:40:22 98759 34368
02:41:22 73231 31859
02:42:23 82501 36412
02:43:23 60800 25540
02:44:24 92008 32955
02:45:24 87947 29804
02:46:24 102035 33734
02:47:25 77393 30405
02:48:25 60234 28322
02:49:26 62725 32395
02:50:26 96495 38151
02:51:27 80999 33164
02:52:27 79853 36219
02:53:27 63938 25398
02:54:28 75356 30605
02:55:28 94202 38494
02:56:29 78455 28636
02:57:29 65489 26580
02:58:30 68976 27229
02:59:30 98513 31959
03:00:31 18676 13065
03:01:31 36832 20280
03:02:31 122260 39755
03:03:32 116904 38379
03:04:32 112554 39775
03:05:33 133907 41381
03:06:34 51363 21840
03:07:34 68239 30659
03:08:34 75318 28905
03:09:35 59683 31508
03:10:35 80471 26754
03:11:36 103978 36661
03:12:36 103305 33391
03:13:36 82407 30143
03:14:37 67541 36444
03:15:38 55049 25353
03:16:38 55791 27588
03:17:38 70288 25455
03:18:39 78548 26757
03:19:39 64065 24502
03:20:40 102358 32517
03:21:40 82022 27142
03:22:41 82774 26067
03:23:41 89179 31340
03:24:41 74847 30908
03:25:42 67040 23636
03:26:42 72267 25018
03:27:43 87768 28495
03:28:46 83380 27200
03:29:44 76073 27187
03:30:44 104979 31542
03:31:45 89847 29140
03:32:45 65476 25328
03:33:45 74425 35592
03:34:46 66599 24898
03:35:47 72087 25786
03:36:47 73180 38964
03:37:48 81575 25920
03:38:48 88795 27254
03:39:49 124110 86573
03:40:49 126975 70320
03:41:50 95285 30525
03:42:50 91650 36468
03:43:50 82498 30152
03:44:51 70652 23608
03:45:51 73026 27494
03:46:52 86893 26153
03:47:52 82626 27038
03:48:56 82276 34021
03:49:53 87600 31799
03:50:53 86964 28044
03:51:54 73780 30426
03:52:54 72891 29197
03:53:55 61454 21737
03:54:55 64449 20813
03:56:05 88473 44470
03:56:56 70428 24116
03:57:57 75281 26571
03:58:57 132411 31192
03:59:58 57641 45652
04:00:58 91475 364494
04:01:59 72817 419118
04:03:02 85910 457879
04:03:59 47074 685409
04:05:00 56025 668971
04:06:04 63634 574278
04:07:01 64739 528153
04:08:01 112251 418154
04:09:01 72694 508954
04:10:02 100616 721242
04:11:02 59859 375575
04:12:03 71403 367966
04:13:03 59101 446082
04:14:04 92362 904452
04:15:04 70813 591485
04:16:05 96591 471054
04:17:05 55808 593042
04:18:05 86918 441268
04:19:06 60814 398127
04:20:06 47201 305218
04:21:07 84710 748181
04:22:07 77941 1032602
04:23:07 70679 658016
04:24:08 87429 734305
04:25:08 52445 894529
04:26:09 80023 1072668
04:27:09 67493 722951
04:28:10 82065 847716
04:29:10 55896 839288
04:30:10 56811 611732
04:31:11 75615 852226
04:32:11 70131 615665
04:33:12 51976 714206
04:34:16 60400 704722
04:35:13 55633 1205044
04:36:13 89554 1157317
04:37:14 72911 1062476
04:38:14 58846 659382
04:39:14 74810 652062
04:40:15 58926 777137
04:41:15 55489 898488
04:42:16 58858 852396
04:43:16 102515 742331
04:44:16 55837 599782
04:45:17 44425 770328
04:46:17 58407 546561
04:47:18 83933 713673
04:48:18 64784 661696
04:49:18 63041 783143
04:50:19 57137 578763
04:51:19 53537 800188
04:52:20 56026 574130
04:53:20 59614 690106
04:54:21 72838 801244
04:55:21 35678 398385
04:56:24 62442 623350
04:57:22 59596 514905
04:58:22 52915 558089
04:59:23 44760 522513
05:00:23 137941 1201203
05:01:24 53209 1143568
05:02:24 32098 974135
05:03:24 72667 1204169
05:04:25 71448 1175928
05:05:25 71691 1164373
05:06:26 97753 1351575
05:07:26 65567 1537881
05:08:27 76955 960104
05:09:27 63208 1038782
05:10:27 68230 1352397
05:11:28 75715 846893
05:12:28 65849 987264
05:13:29 54501 611712
05:14:29 57597 790223
05:15:29 59894 738438
05:16:30 63280 625429
05:17:30 44521 569110
05:18:31 63230 604603
05:19:34 63735 998943
05:20:32 95813 1017624
05:21:32 50172 659514
05:22:32 64925 533116
05:23:33 49487 503436
05:24:33 51571 489629
05:25:34 111015 801990
05:26:34 37074 500885
05:27:35 52321 545196
05:28:35 54021 240938
05:29:35 55748 228595
05:30:36 50145 288872
05:31:36 67879 559591
05:32:40 56542 621647
05:33:37 52654 605026
05:34:37 36360 631199
05:35:38 45631 655576
05:36:38 49676 603107
05:37:39 39306 615486
05:38:39 64672 551870
05:39:40 48386 615954
05:40:40 50672 621419
05:41:41 63324 601709
05:42:41 62585 618445
05:43:41 41091 644209
05:44:42 56141 605760
05:45:42 72407 603306
05:46:43 43823 593300
05:47:43 60954 609745
05:48:43 68441 621150
05:49:44 51473 603218
05:50:44 51067 633811
05:51:45 65623 604594
05:52:45 63127 585845
05:53:46 49814 548623
05:54:46 61088 576354
05:55:46 46954 616207
05:56:47 62963 616893
05:57:47 48999 626289
05:58:48 44664 653484
05:59:48 55640 613676
06:00:49 46390 596579
06:01:49 35419 543885
06:02:50 37672 523962
06:03:50 46493 612812
06:04:51 62914 668634
06:05:51 34875 710721
06:06:51 61213 1022470
06:07:52 51440 860005
06:08:52 57088 667043
06:09:53 57592 728528
06:10:53 63869 533244
06:11:53 48300 494027
06:12:54 48177 495016
06:13:54 47602 542213
06:14:55 35840 523436
06:15:55 51578 534889
06:16:55 48733 578609
06:17:56 48669 511941
06:18:56 42567 553342
06:19:57 65083 729511
06:20:57 55102 622599
06:21:58 38641 714659
06:22:58 39891 370384
06:23:58 42007 644098
06:24:59 46004 723445
06:25:59 49038 871696
06:27:00 45614 696599
06:28:00 61887 934568
06:29:00 56283 967208
06:30:01 54330 847490
06:31:01 57664 786608
06:32:02 49588 1081708
06:33:02 65468 876100
06:34:06 47753 861526
06:35:03 52184 717913
06:36:03 74415 839816
06:37:04 87290 718110
06:38:04 49767 508161
06:39:05 48941 578650
06:40:05 53022 582829
06:41:06 41109 767280
06:42:06 51735 688816
06:43:07 94203 466466
06:44:07 52541 566686
06:45:07 49074 852224
06:46:08 44914 674725
06:47:08 45646 562354
06:48:09 46605 506870
06:49:09 49701 388199
06:50:09 42261 306453
06:51:10 29848 288427
06:52:10 31069 303925
06:53:11 58165 224818
06:54:11 64585 535288
06:55:12 52613 503346
06:56:12 40879 559423
06:57:12 45973 575265
06:58:13 50455 632299
06:59:13 35574 656617
07:00:14 47067 807540
07:01:14 71576 731905
07:02:15 42303 641031
07:03:15 45193 604828
07:04:16 35470 566779
07:05:16 56473 510316
07:06:16 30720 622876
07:07:17 44807 570814
07:08:17 39140 422663
07:09:18 53280 580980
07:10:18 26126 413122
07:11:19 35610 625296
07:12:19 34262 471260
07:13:20 42806 328621
07:14:20 40520 438970
07:15:21 33870 606072
07:16:21 24691 427812
07:17:22 45800 380142
07:18:22 41455 326390
07:19:22 43151 616421
07:20:23 28791 555535
07:21:23 49453 420940
07:22:24 47139 386902
07:23:24 27342 228432
07:24:24 41664 436006
07:25:25 36485 429426
07:26:25 45922 443221
07:27:26 31822 349489
07:28:26 22374 377096
07:29:27 33587 125623
07:30:27 31941 148444
07:31:27 34725 133547
07:32:28 23892 318981
07:33:28 40904 114398
07:34:29 34021 118003
07:35:32 14998 106233
07:36:30 22358 108906
07:37:30 23538 109126
07:38:31 34376 366636
07:39:31 29828 380224
07:40:31 42030 393675
07:41:32 22975 378916
07:42:32 29698 366991
07:43:33 35859 374043
07:44:33 34384 379019
07:45:34 49931 401419
07:46:34 26826 393670
07:47:38 45770 406275
07:48:35 46542 370923
07:49:39 39749 398483
07:50:36 32583 385012
07:51:36 30410 381012
07:52:37 30794 381685
07:53:37 31547 370778
07:54:37 35680 396147
07:55:38 34364 408532
07:56:38 28491 395338
07:57:38 25722 392470
07:58:39 29974 373544
07:59:39 38750 426019
08:00:40 27237 391450
08:01:40 31305 107688
08:02:40 47163 118380
08:03:41 27641 109595
08:04:41 33642 111013
08:05:42 47000 113252
08:06:42 33380 125090
08:07:42 31009 117421
08:08:42 32318 109986
08:09:43 32360 113103
08:10:43 20290 107695
08:11:43 36463 107663
08:12:44 28052 109501
08:13:44 30384 109436
08:14:44 25098 103288
08:15:45 33278 109717
08:16:45 25633 108888
08:17:46 26045 110171
08:18:46 32503 95231
08:19:47 24796 13434
08:20:47 31021 111653
08:21:47 31874 106191
08:22:47 25367 109615
08:23:48 32480 111617
08:24:48 22046 109663
08:25:48 24717 112361
08:26:49 30469 112488
08:27:49 20400 107512
08:28:50 45055 119222
08:29:50 48045 120783
08:30:50 30588 109350
08:31:50 38733 111698
08:32:51 22950 107621
08:33:51 35555 110228
08:34:51 27361 110455
08:35:52 23237 109206
08:36:52 34996 109398
08:37:53 34436 101279
08:38:53 29367 103055
08:39:53 41746 102162
08:40:54 29312 111844
08:41:54 27640 112664
08:42:54 15845 106064
08:43:55 33589 108154
08:44:55 26401 111470
08:45:55 17370 89801
08:46:56 15119 105444
08:47:56 23865 109844
08:48:56 26838 109431
08:49:56 27199 110127
08:50:57 37005 115522
08:51:57 28172 20859
08:52:57 26228 109574
08:53:58 21010 110576
08:54:58 21036 87212
08:55:58 30600 109129
08:56:59 32638 66448
08:58:00 35363 104882
08:59:00 24845 98664
09:00:00 30567 99352
09:01:01 33813 18341
09:02:01 30908 17567
09:03:02 20511 11495
09:04:02 27741 14160
09:05:02 21654 14926
09:06:02 24157 13029
09:07:03 37408 15616
09:08:03 28212 13682
09:09:03 28131 12960
09:10:04 19380 11970
09:11:04 30435 15608
09:12:04 33524 16196
09:13:05 30054 13376
09:14:05 24332 15568
09:15:05 21776 12598
09:16:06 19110 12814
09:17:06 27575 12752
09:18:07 29853 19446
09:19:07 22463 13121
09:20:07 26990 15055
09:21:08 27783 15794
09:22:08 29565 12337
09:23:08 18944 10449
09:24:09 24072 13790
09:25:09 20478 9089
09:26:09 22825 13032
09:27:10 20721 11412
09:28:11 28584 13387
09:29:11 18275 11039
09:30:11 24974 13131
09:31:12 18898 10417
09:32:12 25754 13944
09:33:12 25456 14430
09:34:13 25208 15012
09:35:13 25389 14195
09:36:13 30561 14202
09:37:14 28019 17496
09:38:14 11701 11499
09:39:17 18353 14268
09:40:15 36960 16844
09:41:15 32720 16534
09:42:15 47974 20183
09:43:15 43426 19732
09:44:16 36450 18383
09:45:16 29266 15907
09:46:20 23201 16942
09:47:17 23874 13849
09:48:17 15852 11920
09:49:18 26996 12039
09:50:18 30321 50620
09:51:18 31979 19579
09:52:25 21167 15276
09:53:19 22823 14139
09:54:19 28479 17985
09:55:20 25803 15043
09:56:20 24045 14653
09:57:25 15483 13683
09:58:24 27370 21777
09:59:21 27180 41409
10:00:22 48403 20474
10:01:23 13353 10920
10:02:23 32092 19408
10:03:29 21532 10908
10:04:23 35839 19241
10:05:24 45253 20708
10:06:24 27029 14264
10:07:24 18676 13961
10:08:25 26962 16460
10:09:25 49249 43957
10:10:25 28147 21219
10:11:26 21974 11565
10:12:26 25303 15531
10:13:26 25620 18126
10:14:27 38468 14381
10:15:27 22000 12666
10:16:27 32378 14874
10:17:31 18733 11446
10:18:49 22046 11639
10:19:28 18413 14438
10:20:29 23814 15744
10:21:29 14810 12138
10:22:29 22155 17147
10:23:29 18960 11744
10:24:30 34547 16519
10:25:30 18140 11777
10:26:30 30613 14012
