00:01:04 3781 2327
00:01:58 57412 6787
00:02:56 4736 3184
00:04:03 10131 4615
00:04:58 8764 37043
00:05:57 -1 -1
00:06:58 -1 -1
02:00:05 4932 4243
02:01:04 49071 3606
02:02:05 3643 1886
02:03:05 38113 3493
02:04:05 14043 3128
02:05:06 3691 2672
02:06:06 38720 4922
02:07:07 29596 4028
02:08:07 5105 3376
02:09:08 21781 3983
02:10:08 59965 4941
02:11:09 45230 6886
02:12:09 5936 3089
02:13:09 75163 4641
02:14:10 19714 3758
02:15:10 7685 3654
02:16:11 251683 13065
02:17:11 13466 3502
02:18:11 215272 10321
02:19:12 26373 4385
02:20:12 5802 3385
02:21:13 4318 2390
02:22:13 46089 4738
02:23:14 3971 2344
02:24:14 83438 6703
02:25:14 101500 8165
02:26:15 13254 3715
02:27:15 31095 3718
02:28:19 39441 7324
02:29:16 29758 2832
02:30:16 31398 5522
02:31:17 3623 2434
02:32:17 2815 1887
02:33:18 4201 1981
02:34:18 58253 3616
02:35:19 20944 3992
02:36:19 2171 1930
02:37:19 4239 1694
02:38:20 43436 4648
02:39:20 296161 10146
02:40:21 3811 3284
02:41:24 2095 2018
02:42:22 13304 1954
02:43:22 26404 3755
02:44:22 110995 33784
02:45:23 28532 3044
02:46:23 24670 2600
02:47:23 1531 1152
02:48:24 6214 2482
02:49:24 15331 56013
02:50:25 2017 2672
02:51:25 23041 4046
02:52:26 3957 1889
02:53:26 8007 9823
02:54:27 282422 10581
02:55:27 8522 3708
02:56:28 5859 3388
02:57:28 21318 3612
02:58:28 5633 3538
02:59:29 4848 4051
03:00:29 642 1367
03:01:38 74951 24024
03:02:30 26551 5161
03:03:31 4506 4500
03:04:31 89890 4588
03:05:32 99821 6880
03:06:35 4605 1701
03:07:33 11595 2665
03:08:33 4456 2801
03:09:33 169894 7935
03:10:34 53204 6474
03:11:37 2489 1848
03:12:35 34624 3889
03:13:35 3230 1297
03:14:35 31945 2509
03:15:36 2034 2108
03:16:37 447128 18228
03:17:37 9757 1538
03:18:37 45002 5495
03:19:38 39653 3565
03:20:38 210766 26119
03:21:39 2483 2106
03:22:39 103497 5547
03:23:40 3743 1603
03:24:40 22592 3708
03:25:41 10902 33552
03:26:41 34994 6447
03:27:41 23754 4291
03:28:42 42845 5216
03:29:42 23914 3506
03:30:43 25169 3210
03:31:43 5108 2809
03:32:43 4340 3100
03:33:44 140848 10421
03:34:45 10450 3176
03:35:46 34132 5634
03:36:46 328473 13050
03:37:47 277045 10859
03:38:47 274474 10772
03:39:47 14056 3434
03:40:48 11761 4470
03:41:48 30167 2689
03:42:49 72841 6511
03:43:49 4016 1700
03:44:50 3967 2401
03:45:50 2347 2497
03:46:50 47768 4521
03:47:51 3996 3344
03:48:51 7974 3524
03:49:52 11291 3474
03:50:52 5664 29892
03:51:53 4254 3650
03:52:53 6037 3912
03:53:53 6009 3602
03:54:54 12145 3119
03:55:55 8281 14731
03:56:55 146575 8533
03:57:55 77133 4784
03:58:56 37838 2977
03:59:56 19928 3638
04:00:57 79715 5252
04:02:00 399873 11017
04:02:58 4088 1967
04:03:58 43429 4882
04:04:59 4321 22942
04:05:59 8573 58241
04:06:59 5693 5602
04:08:00 3251 3139
04:09:00 2231 1888
04:10:01 58029 7202
04:11:01 35139 15253
04:12:02 89019 7583
04:13:02 11418 3424
04:14:02 40543 4891
04:15:03 110151 5464
04:16:03 4279 2660
04:17:04 4430 2548
04:18:04 27833 9956
04:19:04 36120 6149
04:20:05 4904 3259
04:21:05 6299 11264
04:22:06 4136 1976
04:23:06 42023 6722
04:24:30 4111 2716
04:25:07 82819 5500
04:26:07 43278 7336
04:27:08 6293 45581
04:28:08 4755 2497
04:29:09 3485 2711
04:30:09 9389 3678
04:31:09 954622 53548
04:32:10 15124 2900
04:33:10 3260 2366
04:34:11 52079 2959
04:35:11 5709 1984
04:36:12 14616 3700
04:37:12 7514 3275
04:38:13 4572 3778
04:39:18 10265 1840
04:40:13 12592 2680
04:41:14 15958 23724
04:42:14 11341 13383
04:43:15 8097 10954
04:44:15 27821 3239
04:45:16 1934 1808
04:46:16 13200 28724
04:47:16 29018 3532
04:48:17 18305 3778
04:49:17 22846 5189
04:50:18 28915 15101
04:51:18 3253 3284
04:52:18 16836 2954
04:53:19 3718 5458
04:54:19 5997 33243
04:55:20 5397 2580
04:56:20 6441 2973
04:57:21 48254 4669
04:58:21 10922 4284
04:59:22 2064 1169
05:00:22 179806 8833
05:01:22 275534 6983
05:02:23 2711 921
05:03:24 256884 6335
05:04:23 271387 7200
05:05:24 5097 2550
05:06:27 268507 10621
05:07:25 7241 5202
05:08:25 26213 3441
05:09:26 122384 23944
05:10:26 515319 15407
05:11:27 17489 4278
05:12:27 22333 2306
05:13:30 9798 8833
05:14:28 293880 19481
05:15:28 287505 9609
05:16:29 252774 5286
05:17:29 12846 2643
05:18:30 4311 14964
05:19:31 96195 4407
05:20:30 313044 9539
05:21:31 289909 7981
05:22:31 254762 16291
05:23:32 238588 5052
05:24:32 247293 4013
05:25:32 309365 9049
05:26:33 253966 4205
05:27:33 234377 5316
05:28:34 8020 27714
05:29:34 4820 50440
05:30:35 3743 1674
05:31:35 250214 152158
05:32:35 31465 4514
05:33:36 11056 2705
05:34:36 11114 51697
05:35:37 11042 2431
05:36:37 31451 4169
05:37:38 24503 3509
05:38:38 4534 26154
05:39:38 18853 3986
05:40:39 32767 4681
05:41:39 52751 5864
05:42:40 2741 1231
05:43:40 3704 27387
05:44:41 78347 5511
05:45:41 5307 3405
05:46:41 7827 9054
05:47:42 15286 5730
05:48:42 99530 47453
05:49:43 4572 6523
05:50:49 69342 41565
05:51:43 6798 6894
05:52:44 18427 7567
05:53:44 6241 32542
05:54:45 3726 1807
05:55:45 17228 3404
05:56:46 8213 42729
05:57:46 32135 6958
05:58:47 39027 5219
05:59:47 2680 12658
06:00:48 9232 30277
06:01:48 20344 45514
06:02:48 1795 6199
06:03:49 13781 26068
06:04:49 61271 74492
06:05:50 4817 51176
06:06:50 56096 37826
06:07:50 3487 24822
06:08:51 7588 30116
06:09:51 4522 2631
06:10:52 46399 28649
06:11:52 28856 20373
06:12:53 21779 5233
06:13:53 3021 2751
06:14:53 61036 46879
06:15:54 65768 5822
06:16:54 20501 3924
06:17:55 30024 4708
06:18:55 12082 3440
06:19:56 6344 2163
06:20:56 17692 5548
06:21:56 52175 5477
06:22:57 4161 1664
06:23:57 3480 2547
06:24:57 8277 44507
06:25:58 36068 29221
06:26:58 50267 4694
06:27:59 415863 21493
06:28:59 36998 14051
06:30:00 15896 1783
06:31:00 48399 3991
06:32:00 5345 3744
06:33:01 40976 6961
06:34:01 56055 16285
06:35:02 68904 3825
06:36:02 34339 4924
06:37:03 62906 19753
06:38:03 27638 3005
06:39:04 172393 11598
06:40:04 20277 22150
06:41:04 3724 9472
06:42:05 19298 3128
06:43:05 8885 20201
06:44:06 34537 9120
06:45:06 28818 25111
06:46:06 29940 3126
06:47:07 46697 20661
06:48:07 5394 3351
06:49:08 4518 6288
06:50:08 56184 8408
06:51:09 132411 12482
06:52:09 13035 2594
06:53:09 3264 3270
06:54:10 149378 12089
06:55:10 29254 70868
06:56:11 13855 5680
06:57:11 18251 44719
06:58:12 4524 19513
06:59:12 15452 3903
07:00:12 4551 4064
07:01:13 5091 41979
07:02:13 44380 6385
07:03:14 51609 5393
07:04:14 22230 3270
07:05:15 20637 29876
07:06:15 3206 2040
07:07:16 9221 22144
07:08:16 181042 17401
07:09:16 4903 31524
07:10:17 172712 14872
07:11:18 4485 57827
07:12:18 48691 12709
07:13:19 3805 2071
07:14:19 41933 3274
07:15:19 44992 2785
07:16:20 20300 2435
07:17:20 19477 3284
07:18:21 31554 4976
07:19:21 8687 7405
07:20:22 3901 3203
07:21:22 4450 2507
07:22:31 2639 2420
07:23:23 10182 2758
07:24:23 2913 4230
07:25:24 56496 20133
07:26:24 1886 26851
07:27:25 3897 3485
07:28:25 49603 5409
07:29:25 7621 4607
07:30:26 24763 14188
07:31:26 48040 4961
07:32:27 4357 3758
07:33:27 61583 7879
07:34:27 3881 1833
07:35:28 4229 3616
07:36:29 48321 5646
07:37:29 13396 4926
07:38:29 4549 6434
07:39:30 11573 4651
07:40:30 8048 4916
07:41:31 13291 4668
07:42:31 5612 5447
07:43:31 27003 5130
07:44:32 7845 5556
07:45:32 4376 3847
07:46:33 34669 29672
07:47:33 7987 7564
07:48:34 1390 1603
07:49:34 7101 4829
07:50:34 34384 5780
07:51:35 4399 2758
07:52:35 26545 6466
07:53:36 49964 7373
07:54:36 82365 33258
07:55:36 16997 17926
07:56:37 34646 5681
07:57:38 3543 2847
07:58:39 3397 17040
07:59:39 5820 4680
08:00:40 58010 6741
08:01:41 134109 11205
08:02:40 32570 24516
08:03:41 35369 19648
08:04:41 34367 4860
08:05:41 3536 8914
08:06:41 7678 3421
08:07:42 14968 12151
08:08:42 4787 3822
08:09:42 3497 2436
08:10:43 22432 9794
08:11:43 22951 4297
08:12:43 1664 1461
08:13:44 2550 1402
08:14:44 593398 30503
08:15:44 15057 81625
08:16:45 5305 23257
08:17:45 8617 23766
08:18:46 41105 6212
08:19:46 89441 36082
08:20:47 52834 45059
08:21:47 4142 28250
08:22:47 48329 24600
08:23:48 39180 7499
08:24:48 21119 4530
08:25:48 183386 62981
08:26:49 24303 10313
08:27:49 51086 12608
08:28:49 20389 5327
08:29:50 149624 14140
08:30:50 24309 6303
08:31:50 6124 6124
08:32:51 8073 29612
08:33:51 11367 10480
08:34:51 13594 6184
08:35:52 5043 4926
08:36:52 7440 3624
08:37:52 6948 5495
08:38:53 85376 9838
08:39:53 128147 12714
08:40:53 62794 5691
08:41:53 35393 21157
08:42:54 33888 7937
08:43:54 97573 12662
08:44:55 36593 7132
08:45:55 62352 24520
08:46:55 5864 5583
08:47:55 21224 3661
08:48:56 32884 6504
08:49:56 135976 31813
08:50:57 45071 9784
08:51:57 126928 9086
08:52:57 146091 10447
08:53:57 65737 7684
08:54:58 14061 5393
08:55:58 12407 31104
08:56:59 49104 7662
08:57:59 119637 21387
08:59:00 54398 10131
09:00:00 108781 9250
09:01:00 65299 13524
09:02:01 12557 9548
09:03:01 92169 7210
09:04:04 9727 6375
09:05:02 28367 6773
09:06:02 15356 6859
09:07:02 10002 19143
09:08:03 15364 6173
09:09:03 16779 33616
09:10:03 26741 10045
09:11:04 82939 9786
09:12:04 228221 12196
09:13:04 15143 6876
09:14:05 4138 27105
09:15:05 17644 2057
09:16:05 56342 50580
09:17:08 186406 38301
09:18:06 335174 22420
09:19:07 15802 32160
09:20:07 15541 4505
09:21:07 7646 7409
09:22:08 51342 14382
09:23:08 168370 12025
09:24:08 22269 4681
09:25:09 19261 7543
09:26:09 12894 7556
09:27:10 8879 6882
09:28:10 -1 -1
09:29:11 144269 9686
09:30:11 32078 6438
09:31:11 21505 7611
09:32:12 5348 6952
09:33:12 89996 10816
09:34:12 164015 10606
09:35:13 56740 7275
09:36:13 81305 33370
09:37:13 33641 9608
09:38:14 63554 6879
09:39:14 15125 3884
09:40:14 6081 4997
09:41:15 16389 3420
09:42:15 91647 7189
09:43:15 24118 5986
09:44:15 480237 54007
09:45:16 225205 16230
09:46:16 120836 36788
09:47:17 52192 15741
09:48:17 6404 6228
09:49:17 17764 8913
09:50:18 20423 14241
09:51:18 9691 10195
09:52:18 10839 9543
09:53:21 41491 6362
09:54:19 27694 10146
09:55:19 27370 7576
09:56:20 17724 6204
09:57:20 103262 8616
09:58:21 65536 14536
09:59:21 874866 79042
10:00:22 22937 7021
10:01:22 68746 7217
10:02:23 99091 12419
10:03:23 20959 7241
10:04:23 15643 30893
10:05:23 24814 11515
10:06:24 32480 45272
10:07:24 37243 66177
10:08:24 8604 8814
10:09:25 238291 20293
10:10:25 4229 2908
10:11:25 224715 15887
10:12:26 443188 50821
10:13:26 12348 11048
10:14:26 191439 13049
10:15:27 267565 44320
10:16:37 9220 3449
10:17:27 73483 14167
10:18:28 33088 31646
10:19:28 23472 8225
10:20:29 30331 5140
10:21:29 27031 9668
10:22:29 53832 33503
10:23:29 22204 16452
10:24:29 7367 73918
10:25:33 3336 4755
10:26:30 4838 6491
