00:01:13 205370 71175
00:01:58 69362 39167
00:02:57 34648 3891
00:04:03 80797 26079
00:04:59 102920 26082
00:05:59 39603 7597
00:07:13 125083 26133
02:00:05 7022 6556
02:01:05 9802 3324
02:02:06 71930 12097
02:03:06 89217 4960
02:04:07 66939 10318
02:05:07 131701 75266
02:06:07 1962 844
02:07:09 30058 2819
02:08:08 11438 3240
02:09:09 84029 13486
02:10:10 77835 22840
02:11:10 160951 128725
02:12:11 212962 64578
02:13:11 63332 13881
02:14:11 86330 19567
02:15:12 89696 18319
02:16:12 1795 2032
02:17:21 118907 31175
02:18:13 105068 17470
02:19:13 59709 8232
02:20:13 54168 4137
02:21:14 63618 6019
02:22:14 4428 2481
02:23:15 542526 22989
02:24:15 138375 57000
02:25:16 119093 16861
02:26:16 153152 40667
02:27:17 60709 45694
02:28:17 -1 -1
02:29:17 5366 2975
02:30:18 59860 16058
02:31:19 164750 30188
02:32:19 130667 19237
02:33:19 21817 11215
02:34:19 130286 25298
02:35:20 136416 50005
02:36:20 1420 1725
02:37:21 245101 80382
02:38:21 37707 3523
02:39:21 185551 71852
02:40:22 95191 62271
02:41:22 53084 9310
02:42:23 11817 4542
02:43:23 62371 7119
02:44:23 271072 72308
02:45:24 22773 8907
02:46:24 141343 38828
02:47:25 172280 107875
02:48:25 58128 65379
02:49:26 35695 5227
02:50:26 135481 28235
02:51:26 51339 8193
02:52:27 99266 18049
02:53:27 93360 59770
02:54:28 23785 5771
02:55:28 222960 36758
02:56:29 71904 63433
02:57:29 47858 6283
02:58:30 108836 8435
02:59:30 28712 2773
03:00:30 3502 3984
03:01:34 68419 8156
03:02:31 18897 7325
03:03:32 56316 17138
03:04:33 225660 64191
03:05:38 150769 49817
03:06:33 3845 3301
03:07:34 10259 1928
03:08:34 76501 4494
03:09:35 39895 4822
03:10:35 19890 6120
03:11:35 2674 1441
03:12:36 119662 15439
03:13:36 259712 7906
03:14:37 222162 31670
03:15:37 26142 2891
03:16:44 85902 6901
03:17:38 32211 3550
03:18:39 1508 1708
03:19:39 171557 58639
03:20:39 39332 4369
03:21:40 32809 2923
03:22:40 100671 6769
03:23:41 19996 3058
03:24:43 9213 4942
03:25:43 276193 13764
03:26:51 34423 4577
03:27:43 6343 641
03:28:43 31096 2571
03:29:44 3970 3297
03:30:45 168393 107663
03:31:44 25585 7459
03:32:45 48071 14556
03:33:45 139846 39739
03:34:46 75184 30637
03:35:47 17807 3553
03:36:48 -1 -1
03:37:48 52953 6327
03:38:49 62208 14663
03:39:49 45760 19517
03:40:49 12834 2449
03:41:49 28699 9244
03:42:50 147580 48271
03:43:50 291187 10625
03:44:51 10051 4608
03:45:51 93154 28602
03:46:52 18891 4612
03:47:52 2219 1273
03:48:53 992 3447
03:49:53 29515 5613
03:50:53 1798 1973
03:51:54 6182 2088
03:52:54 115863 15321
03:53:55 3455 1281
03:54:55 8400 1216
03:55:56 55030 22820
03:56:57 149798 47250
03:57:57 39454 3980
03:58:57 1828 804
03:59:57 14431 2234
04:00:58 86832 21747
04:01:58 51561 12952
04:02:59 107394 76864
04:03:59 72846 15079
04:05:00 67698 12174
04:06:00 4900 2977
04:07:01 10784 2235
04:08:01 185211 45363
04:09:02 103529 34531
04:10:02 96798 16448
04:11:02 150208 28287
04:12:03 167300 24489
04:13:03 132690 24180
04:14:03 125409 16201
04:15:04 74768 58158
04:16:07 36950 2980
04:17:05 46077 2464
04:18:05 25782 5337
04:19:06 201639 31416
04:20:06 86099 32033
04:21:06 200229 32396
04:22:07 46239 2922
04:23:07 4171 1944
04:24:08 132998 59595
04:25:08 29612 4836
04:26:09 39558 4153
04:27:09 93911 6138
04:28:09 20893 5091
04:29:10 89353 37529
04:30:10 35684 15886
04:31:11 7993 2620
04:32:11 60397 6875
04:33:11 132278 38996
04:34:12 19841 2964
04:35:16 49811 24299
04:36:13 148207 39803
04:37:13 424822 19690
04:38:14 40241 6118
04:39:14 72372 8205
04:40:15 120757 25560
04:41:16 201252 65906
04:42:15 132237 30502
04:43:16 78176 9420
04:44:16 55614 14066
04:45:17 18229 3911
04:46:17 56420 10564
04:47:18 30327 2585
04:48:18 32609 3897
04:49:18 87825 18648
04:50:19 81977 6607
04:51:19 8597 2429
04:52:20 28962 2230
04:53:20 11407 2337
04:54:20 1068 508
04:55:21 73421 16112
04:56:21 1028 1021
04:57:22 141648 77287
04:58:22 4027 4904
04:59:23 3130 1718
05:00:23 285087 4998
05:01:24 278011 11189
05:02:24 373444 35320
05:03:24 305155 6928
05:04:25 303165 5527
05:05:25 403791 16906
05:06:25 286802 11395
05:07:26 277728 4408
05:08:28 511168 100317
05:09:27 362258 32139
05:10:27 434757 47737
05:11:28 91135 8956
05:12:28 52039 7982
05:13:28 139390 25353
05:14:29 142886 82473
05:15:29 206804 17920
05:16:31 199245 24087
05:17:30 4902558 106655
05:18:31 162712 17633
05:19:31 130526 35216
05:20:31 89712 8342
05:21:32 28902 8194
05:22:32 83968 25918
05:23:33 40638 2496
05:24:33 74686 26904
05:25:35 92105 17555
05:26:34 97970 32676
05:27:35 74234 12952
05:28:35 45594 14242
05:29:36 41287 18759
05:30:36 111158 19180
05:31:36 54609 44768
05:32:37 320076 11456
05:33:37 305200 9159
05:34:38 420867 49859
05:35:39 314873 14725
05:36:38 278609 8692
05:37:39 337992 6967
05:38:39 305722 41835
05:39:40 273316 4218
05:40:40 335827 11523
05:41:40 375784 21283
05:42:41 278842 5728
05:43:41 585594 34956
05:44:42 342371 6684
05:45:42 561010 21766
05:46:43 260504 6684
05:47:44 318061 23421
05:48:43 300157 9192
05:49:44 447699 24381
05:50:44 349060 38548
05:51:45 258054 5615
05:52:45 278759 6932
05:53:45 308588 8399
05:54:46 266621 5018
05:55:46 323950 9941
05:56:47 282653 10540
05:57:47 280820 4356
05:58:48 324675 7072
05:59:48 290430 6052
06:00:49 287905 5747
06:01:49 362951 12365
06:02:50 296933 10914
06:03:50 285658 11237
06:04:50 288472 9195
06:05:51 334781 15755
06:06:51 368669 38819
06:07:52 340540 18377
06:08:52 338791 6392
06:09:53 305197 47477
06:10:53 300337 6238
06:11:53 386660 43819
06:12:54 302945 7959
06:13:54 278588 8588
06:14:54 340933 10408
06:15:55 323298 19726
06:16:55 321108 7530
06:17:56 364309 11609
06:18:56 278446 4479
06:19:57 412744 61887
06:20:58 453358 44354
06:21:57 313206 7723
06:22:58 73601 9773
06:23:58 575417 68269
06:25:00 330859 23865
06:25:59 304121 7457
06:27:00 118589 15437
06:28:00 302431 9220
06:29:00 296608 9371
06:30:01 458127 27303
06:31:02 2685246 65356
06:32:02 334546 7381
06:33:02 214382 7662
06:34:02 273898 4228
06:35:03 310167 42803
06:36:03 314841 22543
06:37:04 291810 6721
06:38:04 295250 11171
06:39:05 10317858 167703
06:40:05 338177 11536
06:41:06 339210 15200
06:42:06 520381 30018
06:43:06 823362 35055
06:44:07 364028 14960
06:45:07 293676 7146
06:46:08 16769 4058
06:47:08 324993 14311
06:48:08 141671 5854
06:49:09 132490 7379
06:50:09 5278 4426
06:51:10 63611 19332
06:52:10 62514 12393
06:53:11 247972 43608
06:54:11 14204 1333
06:55:11 33036 8496
06:56:12 100467 20694
06:57:12 205767 28456
06:58:13 151643 22403
06:59:13 231679 43488
07:00:14 129605 13317
07:01:14 156799 6644
07:02:15 102617 3927
07:03:15 237120 58706
07:04:16 26854 3478
07:05:16 72715 11691
07:06:16 97410 4101
07:07:17 177804 7085
07:08:17 125994 30766
07:09:18 11953 2972
07:10:18 7141 4884
07:11:19 1908 4634
07:12:19 23154 6826
07:13:20 2164 4139
07:14:20 1026 844
07:15:21 3957 15736
07:16:21 3995 4086
07:17:22 55976 7048
07:18:22 21092 1949
07:19:22 53166 4451
07:20:23 1948 642
07:21:23 223099 42568
07:22:24 124314 42212
07:23:24 132540 16664
07:24:25 50211 11593
07:25:25 87461 8653
07:26:25 12522 18764
07:27:26 105953 45721
07:28:26 33183 7292
07:29:26 2568 1655
07:30:28 6388 2789
07:31:28 47885 40616
07:32:28 84330 11730
07:33:28 7789 1747
07:34:29 74192 18615
07:35:29 9281 4522
07:36:29 2340 483
07:37:30 23726 3630
07:38:31 88401 16619
07:39:31 63992 6205
07:40:31 3807 850
07:41:32 91702 5881
07:42:32 2247 1356
07:43:33 144024 30691
07:44:33 1038 1150
07:45:34 185199 7891
07:46:34 1237 947
07:47:35 2742 1718
07:48:35 40757 8445
07:49:35 80648 15965
07:50:36 36249 13553
07:51:36 40745 4907
07:52:37 55241 6431
07:53:37 155795 71455
07:54:37 47118 17902
07:55:38 98662 31713
07:56:38 105735 13622
07:57:38 103323 33427
07:58:39 74610 5718
07:59:39 53404 5038
08:00:40 13524 1751
08:01:59 -1 -1
08:02:40 111899 17412
08:03:41 2580 3359
08:04:41 31831 8170
08:05:42 266935 25813
08:06:42 558912 14173
08:07:42 24346 3011
08:08:42 70008 28478
08:09:42 88685 12848
08:10:43 123671 42894
08:11:43 172140 27359
08:12:43 74295 7679
08:13:44 71799 22069
08:14:44 86303 21203
08:15:45 248226 24114
08:16:46 149934 14392
08:17:46 94531 93993
08:18:46 18146 1645
08:19:46 770 180
08:20:47 2445 26611
08:21:47 4589 3962
08:22:47 40430 9244
08:23:48 94924 9527
08:24:48 98713 40852
08:25:48 20883 3595
08:26:49 428722 36384
08:27:49 8940 6268
08:28:49 133012 25511
08:29:50 99808 34600
08:30:50 11509 2387
08:31:51 67740 10673
08:32:54 195905 18174
08:33:51 109724 42881
08:34:51 39138 7866
08:35:52 37472 26985
08:36:52 218631 135927
08:37:53 164790 40571
08:38:53 98152 10393
08:39:53 142972 18712
08:40:53 112557 5628
08:41:54 103608 34593
08:42:54 36371 2798
08:43:54 95264 19167
08:44:54 150565 9442
08:45:55 141347 66959
08:46:55 14623 5507
08:47:56 9268 10573
08:48:56 72562 14603
08:49:56 4451 1376
08:50:57 178603 58724
08:51:57 23129 3197
08:52:57 11716 7463
08:53:57 4647 3788
08:54:58 74429 14197
08:55:58 45102 12835
08:56:59 51405 7249
08:58:00 96490 5326
08:59:00 119578 18778
09:00:00 76760 4996
09:01:04 13924 2150
09:02:01 36672 2005
09:03:01 260605 37272
09:04:02 355702 35219
09:05:02 287819 17848
09:06:02 286653 17256
09:07:02 340666 13599
09:08:03 4809 4745
09:09:03 157453 35471
09:10:03 179196 81076
09:11:04 31173 2600
09:12:07 213909 28907
09:13:04 22980 5424
09:14:05 159753 32351
09:15:05 91777 5111
09:16:05 188425 9191
09:17:10 189509 29583
09:18:07 207390 30084
09:19:07 31790 5841
09:20:07 46901 2534
09:21:08 79672 6022
09:22:11 43662 4801
09:23:08 299282 14086
09:24:08 118679 11663
09:25:10 147374 17324
09:26:10 74082 29769
09:27:11 96474 9289
09:28:30 -1 -1
09:29:11 133079 11985
09:30:11 84526 12125
09:31:11 35101 32655
09:32:12 150083 29877
09:33:12 4423 2522
09:34:13 134722 25460
09:35:13 17429 8577
09:36:13 39299 2584
09:37:13 79314 22914
09:38:14 2425 2636
09:39:16 103978 15898
09:40:14 135004 16828
09:41:15 116011 29502
09:42:15 29808 2454
09:43:15 289120 19040
09:44:16 31142 4044
09:45:16 34462 7600
09:46:19 144204 74464
09:47:17 69781 8076
09:48:17 65121 19866
09:49:18 224256 41519
09:50:18 125333 11268
09:51:18 83309 25094
09:52:18 202716 33619
09:53:19 268580 21460
09:54:19 58824 14389
09:55:19 165011 8507
09:56:23 129530 17152
09:57:20 5634 4991
09:58:21 34815 8932
09:59:21 11319231 173322
10:00:22 176602 39122
10:01:22 13636 12363
10:02:23 99521 3874
10:03:23 68328 23462
10:04:23 247513 94647
10:05:24 114425 15071
10:06:24 23819 5407
10:07:24 56169 6693
10:08:25 99679 19901
10:09:25 245933 20618
10:10:25 77842 4283
10:11:26 95360 10796
10:12:26 19322 4663
10:13:26 131329 56852
10:14:26 107904 17235
10:15:27 548692 70485
10:16:47 -1 -1
10:17:28 114991 11728
10:18:28 94542 8234
10:19:28 73803 4168
10:20:30 104140 56429
10:21:29 125114 19395
10:22:29 60671 8660
10:23:29 138480 7084
10:24:30 43434 1386
10:25:30 102227 64839
10:26:30 264389 11189
