00:00:01 1998 1619
00:01:51 41431 4940
00:02:00 97367 6662
00:03:01 28363 3169
00:04:03 9559 1454
00:05:03 1366 1310
00:06:03 -1 -1
00:07:24 1283 536
02:00:18 114079 11543
02:01:11 3465 1415
02:02:06 27331 5948
02:03:10 39512 2659
02:04:11 6266 1392
02:05:12 1490 514
02:06:16 32011 2988
02:07:18 1943 589
02:08:20 2634 847
02:09:21 38842 4860
02:10:09 14522 3629
02:11:10 1823 1111
02:12:16 58192 3720
02:13:18 1054 1174
02:14:20 2230 2457
02:15:21 1947 1504
02:16:12 555 1532
02:17:26 1705 2569
02:18:14 25510 4949
02:19:17 3123 1327
02:20:19 559 774
02:21:24 2484 1092
02:22:21 2117 2123
02:23:24 66249 3267
02:24:26 1413 724
02:25:16 54172 5460
02:26:18 113428 5475
02:27:18 1984 1607
02:28:29 37055 4138
02:29:17 77886 8228
02:30:20 1293 1779
02:31:18 2535 2592
02:32:24 72738 4732
02:33:30 73210 4692
02:34:19 30130 1813
02:35:34 65090 2915
02:36:21 32085 3081
02:37:24 19690 2063
02:38:26 22802 3080
02:39:28 2552 3663
02:40:22 110391 4861
02:41:31 1780 574
02:42:25 121782 6431
02:43:33 13048 1811
02:44:35 202 450
02:45:33 396 975
02:46:36 52406 3947
02:47:25 70195 5408
02:48:28 2183 1202
02:49:47 1568 1243
02:50:33 2477 1799
02:51:35 1926 1624
02:52:37 1716 779
02:53:40 17436 2605
02:54:30 70372 5236
02:55:28 12493 1712
02:56:30 1750 622
02:57:29 1758 701
02:58:36 1816 1237
02:59:30 1866 757
03:00:36 1716 388
03:01:31 1836 462
03:02:31 4061 1782
03:03:32 38197 2356
03:04:54 964 852
03:05:33 1062 1222
03:06:33 1393 1566
03:07:34 1716 664
03:08:34 53649 3649
03:09:35 2619 856
03:10:35 2807 2414
03:11:55 1820 1483
03:12:36 163854 7805
03:13:57 5025 1132
03:14:49 87439 5310
03:15:43 1894 1013
03:16:38 1906 842
03:17:50 -1 -1
03:18:45 256 725
03:19:39 268 698
03:20:47 1424 1426
03:21:40 5024 5767
03:22:46 358 206
03:23:41 1235 893
03:24:41 102342 4641
03:25:51 69550 5024
03:26:42 65501 5463
03:27:42 85181 8464
03:28:45 49228 1862
03:29:48 54048 3439
03:30:51 56744 5350
03:31:55 49116 7199
03:32:53 124411 5387
03:33:55 42836 3406
03:34:56 67067 3184
03:35:58 56374 4991
03:36:49 59184 3964
03:37:49 53982 3641
03:38:52 1673 2370
03:39:51 2382 3636
03:40:49 268 724
03:41:50 62534 1862
03:42:50 42738 2914
03:44:01 53638 3058
03:44:58 43495 2182
03:45:52 346 849
03:47:04 36070 1023
03:47:52 4680 5121
03:48:54 1696 388
03:49:53 55704 2745
03:50:54 844 672
03:52:07 3004 390
03:53:16 -1 -1
03:54:07 65344 4823
03:54:55 68704 4834
03:55:56 62046 4624
03:57:16 43104 4379
03:58:01 54991 1935
03:58:57 52201 2537
04:00:01 -1 -1
04:01:03 204388 10889
04:02:04 2263 3868
04:02:59 67608 6334
04:03:59 45871 4427
04:05:02 60342 3542
04:06:02 588 1040
04:07:04 2387 1633
04:08:10 -1 -1
04:09:10 59923 5189
04:10:16 2555 1965
04:11:03 61906 3553
04:12:16 58972 2951
04:13:03 10317 3606
04:14:08 65068 4129
04:15:08 -1 -1
04:16:10 19174 3766
04:17:10 124907 8081
04:18:12 49734 5371
04:19:14 2575 1634
04:20:17 2674 2054
04:21:11 2232 3753
04:22:07 58220 4126
04:23:07 85753 3876
04:24:08 43110 1982
04:25:39 435864 18140
04:26:33 2491 1027
04:27:09 6940 9069
04:28:24 56323 9277
04:29:24 50598 2391
04:30:25 -1 -1
04:31:21 53324 2188
04:32:17 2948 913
04:33:12 9275 1781
04:34:20 49008 3218
04:35:35 88010 6386
04:36:25 88936 2814
04:37:15 2584 3311
04:38:17 2769 2158
04:39:21 54841 3175
04:40:15 56134 4056
04:41:29 60753 4056
04:42:23 8807 1519
04:43:26 4308 5398
04:44:27 5397 7716
04:45:29 2042 1606
04:46:18 65872 2052
04:47:27 65407 3845
04:48:18 72601 18486
04:49:18 64039 18904
04:50:29 2281 2746
04:51:22 55724 4485
04:52:20 89384 5380
04:53:20 94742 5090
04:54:24 54920 3959
04:55:26 864 328
04:56:23 1696 1297
04:57:33 202 328
04:58:27 5156 5562
04:59:31 3580 1584
05:00:23 19999 2080
05:01:24 3694 1104
05:02:30 8799 1209
05:03:38 23944 2041
05:04:33 230318 8924
05:05:27 20132 1249
05:06:25 136050 3514
05:07:29 257546 7334
05:08:39 254003 8855
05:09:32 237642 10284
05:10:29 3005 3538
05:11:32 280 1190
05:12:33 2752 2920
05:13:43 912 727
05:14:37 2610 388
05:15:29 20906 2320
05:16:41 346 1484
05:17:32 4056 4872
05:18:42 5233 6110
05:19:41 267080 3642
05:20:35 274744 6986
05:21:44 107629 5922
05:22:43 6256 1124
05:23:33 24857 4561
05:24:44 44500 4601
05:25:48 278404 5432
05:26:41 1303 406
05:27:43 15705 2920
05:28:49 68999 3264
05:29:38 1502 574
05:30:48 58899 2523
05:32:01 1836 1482
05:32:48 -1 -1
05:33:37 11284 3028
05:34:48 51778 1570
05:35:43 28046 2199
05:36:49 19359 1783
05:37:43 30854 1598
05:38:40 19348 2300
05:39:51 -1 -1
05:41:16 18436 1784
05:41:54 23938 3231
05:42:50 1514 522
05:43:49 92265 3579
05:44:43 1762 520
05:45:42 21576 1096
05:46:51 54028 3796
05:47:46 60064 3219
05:48:44 1960 1346
05:49:54 41956 6953
05:50:50 17532 892
05:52:02 28794 3869
05:52:56 1400 2322
05:53:50 6258 1182
05:54:59 5752 500
05:55:49 57054 4300
05:56:58 38114 5229
05:57:50 48617 2481
05:58:55 6290 2331
05:59:48 34547 3340
06:00:57 46642 2667
06:02:03 21919 5521
06:02:51 15262 5764
06:03:52 57159 4691
06:04:50 172475 13655
06:06:06 28788 3058
06:06:56 135762 2876
06:08:04 124235 5249
06:08:52 149714 5705
06:09:59 29585 2025
06:10:56 70724 5159
06:11:53 7000 1383
06:13:13 13731 700
06:13:55 9085390 142865
06:14:58 14382 2129
06:15:59 4064 998
06:17:01 34609 1510
06:17:56 271355 11452
06:18:56 18316 4196
06:20:07 42714 2530
06:21:02 62276 1634
06:22:00 101496 1618
06:22:58 99234 6409
06:23:58 21134 2224
06:25:00 83543 3798
06:26:02 97354 2760
06:27:19 -1 -1
06:28:13 32234 2092
06:29:00 166879 8480
06:30:05 80560 3706
06:31:12 32796 1917
06:32:02 192870 4148
06:33:02 4884 1048
06:34:03 112561 5831
06:35:04 83228 2756
06:36:07 166100 3010
06:37:09 102270 2290
06:38:09 233918 8121
06:39:09 45386 4754
06:40:09 24504 1086
06:41:05 128538 8696
06:42:06 127473 6759
06:43:19 97854 6827
06:44:18 93336 3901
06:45:16 320588 6156
06:46:28 284406 7849
06:47:09 47136 1510
06:48:19 78856 2230
06:49:09 42472 3739
06:50:09 44292 1798
06:51:10 43892 11223
06:52:35 54956 6702
06:53:12 8298 1080
06:54:21 308343 6511
06:55:11 609092 18944
06:56:14 355047 7518
06:57:20 276178 5882
06:58:20 279852 6123
06:59:19 303348 6514
07:00:14 268211 4899
07:01:14 263188 5122
07:02:27 267077 6808
07:03:25 325367 5720
07:04:22 288907 4770
07:05:18 271335 5329
07:06:27 264010 5086
07:07:21 328296 9174
07:08:17 314434 8827
07:09:27 292606 8636
07:10:25 119521 5906
07:11:21 81269 6389
07:12:40 97161 3777
07:13:21 45520 2234
07:14:43 110889 5414
07:15:33 208430 5921
07:16:25 95016 2694
07:17:21 58766 8008
07:18:30 53279 6855
07:19:22 158710 6910
07:20:30 68218 3193
07:21:23 56623 4791
07:22:37 25113 1701
07:23:36 -1 -1
07:24:25 11766 1638
07:25:27 119169 9705
07:26:36 7113 2450
07:27:37 14701 3904
07:28:26 12747 2015
07:29:32 67729 2820
07:30:40 67902 4850
07:31:31 29159 2043
07:32:35 5803 1334
07:33:42 14338 3666
07:34:31 11360 646
07:35:37 5488 825
07:36:30 53339 5464
07:37:31 -1 -1
07:38:34 1116 1773
07:39:31 58085 6502
07:40:36 7686 820
07:41:45 3392 1306
07:42:37 33041 3155
07:43:54 1824 1190
07:44:48 6044 650
07:45:34 24358 886
07:46:39 15881 3018
07:47:42 24266 1510
07:48:44 1051 1570
07:49:46 1067 2226
07:50:36 103958 6130
07:51:43 1072 1654
07:52:43 2393 1455
07:53:37 36783 2845
07:54:48 -1 -1
07:56:02 35461 3422
07:56:48 16330 3279
07:57:38 153557 8157
07:58:39 77906 4254
07:59:44 50604 1716
08:00:46 64564 3407
08:02:00 5342 782
08:02:40 48452 2916
08:03:51 -1 -1
08:04:43 1568 240
08:05:53 2432 1829
08:06:44 4730 1252
08:07:54 603 1408
08:08:43 -1 -1
08:09:46 108 180
08:10:51 1047 2558
08:11:58 254874 7069
08:12:45 2040 1936
08:13:49 2026 2794
08:14:52 878 2010
08:15:54 116 641
08:16:53 34894 3573
08:17:58 1416 1658
08:18:46 4711 4627
08:19:52 2836 2432
08:20:57 1540 921
08:21:47 25653 1909
08:23:00 39409 2894
08:24:00 39183 3527
08:24:48 29291 1965
08:25:57 1425 1431
08:26:49 -1 -1
08:27:58 14461 3818
08:28:51 1680 380
08:30:01 214820 9244
08:30:50 3416 4281
08:31:52 11063 2943
08:33:01 1005 1170
08:33:53 18590 1845
08:34:56 1596 1506
08:35:59 1642 3543
08:36:58 3475 2164
08:37:52 44423 5935
08:39:01 -1 -1
08:40:07 110708 10191
08:40:59 2188 3117
08:41:54 55061 3738
08:42:59 235918 11536
08:44:03 11514024 171421
08:45:05 59216 5460
08:46:11 -1 -1
08:47:08 750 559
08:47:59 3798 6659
08:49:07 66686 10681
08:49:56 68367 3758
08:51:10 1950 1724
08:52:01 318 1008
08:53:04 2689 1078
08:54:08 10043 5017
08:55:11 83836 6433
08:56:08 -1 -1
08:57:03 3446 3368
08:58:06 91666 5410
08:59:07 -1 -1
09:00:00 151394 8685
09:01:14 351938 21052
09:02:01 65199 7841
09:03:01 102371 6544
09:04:09 2002 3058
09:05:02 1190 1459
09:06:04 544 3009
09:07:02 90184 4794
09:08:16 3239 3037
09:09:15 80120 7466
09:10:15 86039 7061
09:11:06 95587 6259
09:12:26 28875 5436
09:13:04 59003 5673
09:14:05 45516 6203
09:15:20 1262 2098
09:16:20 35922 4075
09:17:05 35591 2838
09:18:17 -1 -1
09:19:14 2636 2396
09:20:08 9096 4419
09:21:07 77614 4473
09:22:19 42829 2057
09:23:13 2142 2827
09:24:08 113412 5517
09:25:09 952 4128
09:26:13 512469 17672
09:27:52 4540 11753
09:28:10 13065 3728
09:29:11 396 1363
09:30:18 -1 -1
09:31:24 55878 3645
09:32:12 96177 7048
09:33:16 93550 4471
09:34:24 231319 12421
09:35:13 13063 1937
09:36:15 4142 1970
09:37:27 37844 4869
09:38:15 75219 4468
09:39:17 74842 5779
09:40:28 -1 -1
09:41:15 40257 7276
09:42:22 149590 4859
09:43:21 16058 4816
09:44:33 5844 4179
09:45:16 5102 2659
09:46:16 370068 11853
09:47:29 20444 6450
09:48:17 29120 10955
09:49:21 33594 6034
09:50:30 354180 15305
09:51:18 37765 29471
09:52:24 51159 2282
09:53:26 -1 -1
09:54:19 17016 2322
09:55:21 9454 3076
09:56:45 239613 13225
09:57:20 7949 2780
09:58:21 1772 2199
09:59:23 27626 5691
10:00:27 31430 5618
10:01:25 517 1529
10:02:24 1724 1770
10:03:23 1874 3751
10:04:23 19802 1122
10:05:23 149865 13325
10:06:24 3193 5648
10:07:25 2064 3286
10:08:25 43539 34045
10:09:33 93896 5269
10:10:37 9499 5120
10:11:56 -1 -1
10:12:39 8947 3568
10:13:38 68398 5569
10:14:28 16926 2126
10:15:27 97301 7227
10:16:27 716 1762
10:17:36 21705 6900
10:18:33 2554 2830
10:19:28 60488 7066
10:20:29 34712 4097
10:21:29 11096 3113
10:22:39 33504 4997
10:23:30 42734 3579
10:24:36 4620 4403
10:25:33 854 2149
10:26:39 241754 15758
