00:00:58 1 1
00:01:55 1 1
00:02:55 1 1
00:04:08 1 1
00:05:02 1 1
00:05:58 1 1
00:07:20 1 1
02:00:04 1 1
02:01:04 1 1
02:02:05 1 1
02:03:05 1 1
02:04:05 1 1
02:05:06 1 1
02:06:06 1 1
02:07:07 1 1
02:08:07 1 1
02:09:10 1 1
02:10:08 1 1
02:11:08 1 1
02:12:09 1 1
02:13:09 1 1
02:14:10 1 1
02:15:10 1 1
02:16:11 1 1
02:17:11 1 1
02:18:11 1 1
02:19:12 1 1
02:20:12 1 1
02:21:13 1 1
02:22:13 1 1
02:23:13 1 1
02:24:18 0 0
02:25:14 1 1
02:26:15 1 1
02:27:15 1 1
02:28:16 1 1
02:29:16 1 1
02:30:16 1 1
02:31:21 0 0
02:32:17 1 1
02:33:18 1 1
02:34:18 1 1
02:35:19 1 1
02:36:19 1 1
02:37:19 1 1
02:38:24 0 0
02:39:20 1 1
02:40:21 1 1
02:41:21 1 1
02:42:21 1 1
02:43:22 1 1
02:44:22 1 1
02:45:25 1 1
02:46:23 1 1
02:47:23 1 1
02:48:24 1 1
02:49:24 1 1
02:50:25 1 1
02:51:25 1 1
02:52:26 1 1
02:53:26 1 1
02:54:30 0 0
02:55:27 1 1
02:56:28 1 1
02:57:32 0 0
02:58:28 1 1
02:59:29 1 1
03:00:29 1 1
03:01:30 1 1
03:02:34 0 0
03:03:34 0 0
03:04:31 1 1
03:05:32 1 1
03:06:32 1 1
03:07:32 1 1
03:08:33 1 1
03:09:35 1 1
03:10:36 1 1
03:11:34 1 1
03:12:35 1 1
03:13:35 1 1
03:14:37 1 1
03:15:40 0 0
03:16:38 1 1
03:17:37 1 1
03:18:41 0 0
03:19:38 1 1
03:20:42 0 0
03:21:39 1 1
03:22:41 1 1
03:23:43 0 0
03:24:40 1 1
03:25:44 0 0
03:26:41 1 1
03:27:41 1 1
03:28:46 0 0
03:29:46 0 0
03:30:43 1 1
03:31:43 1 1
03:32:45 1 1
03:33:44 1 1
03:34:45 1 1
03:35:48 1 1
03:36:46 1 1
03:37:47 1 1
03:38:49 1 1
03:39:47 1 1
03:40:48 1 1
03:41:50 1 1
03:42:52 0 0
03:43:49 1 1
03:44:50 1 1
03:45:54 0 0
03:46:50 1 1
03:47:53 1 1
03:48:51 1 1
03:49:52 1 1
03:50:56 0 0
03:51:53 1 1
03:52:53 1 1
03:53:57 0 0
03:54:54 1 1
03:55:55 1 1
03:56:59 0 0
03:57:57 1 1
03:58:58 1 1
03:59:56 1 1
04:00:59 1 1
04:02:01 0 0
04:03:01 0 0
04:03:58 1 1
04:04:59 1 1
04:05:59 1 1
04:06:59 1 1
04:08:04 0 0
04:09:04 0 0
04:10:01 1 1
04:11:01 1 1
04:12:02 1 1
04:13:02 1 1
04:14:02 1 1
04:15:05 1 1
04:16:03 1 1
04:17:04 1 1
04:18:08 0 0
04:19:04 1 1
04:20:05 1 1
04:21:05 1 1
04:22:06 1 1
04:23:08 1 1
04:24:10 0 0
04:25:07 1 1
04:26:09 1 1
04:27:08 1 1
04:28:08 1 1
04:29:11 1 1
04:30:09 1 1
04:31:09 1 1
04:32:10 1 1
04:33:10 1 1
04:34:11 1 1
04:35:11 1 1
04:36:12 1 1
04:37:12 1 1
04:38:13 1 1
04:39:17 0 0
04:40:17 0 0
04:41:14 1 1
04:42:14 1 1
04:43:17 1 1
04:44:17 1 1
04:45:16 1 1
04:46:18 1 1
04:47:16 1 1
04:48:17 1 1
04:49:19 1 1
04:50:18 1 1
04:51:22 0 0
04:52:18 1 1
04:53:23 0 0
04:54:19 1 1
04:55:23 0 0
04:56:24 0 0
04:57:23 1 1
04:58:23 1 1
04:59:21 1 1
05:00:26 0 0
05:01:26 0 0
05:02:24 1 1
05:03:27 0 0
05:04:27 0 0
05:05:26 1 1
05:06:24 1 1
05:07:27 1 1
05:08:29 0 0
05:09:25 1 1
05:10:26 1 1
05:11:30 0 0
05:12:27 1 1
05:13:31 0 0
05:14:31 0 0
05:15:28 1 1
05:16:32 0 0
05:17:29 1 1
05:18:31 1 1
05:19:34 0 0
05:20:32 1 1
05:21:34 0 0
05:22:31 1 1
05:23:32 1 1
05:24:36 0 0
05:25:36 0 0
05:26:33 1 1
05:27:33 1 1
05:28:37 0 0
05:29:36 1 1
05:30:36 1 1
05:31:35 1 1
05:32:39 0 0
05:33:39 0 0
05:34:36 1 1
05:35:37 1 1
05:36:37 1 1
05:37:41 0 0
05:38:38 1 1
05:39:42 0 0
05:40:43 0 0
05:41:39 1 1
05:42:42 1 1
05:43:44 0 0
05:44:43 1 1
05:45:43 1 1
05:46:43 1 1
05:47:45 0 0
05:48:44 1 1
05:49:43 1 1
05:50:45 1 1
05:51:43 1 1
05:52:48 0 0
05:53:44 1 1
05:54:47 1 1
05:55:49 0 0
05:56:46 1 1
05:57:46 1 1
05:58:50 0 0
05:59:47 1 1
06:00:51 0 0
06:01:50 1 1
06:02:50 1 1
06:03:49 1 1
06:04:49 1 1
06:05:50 1 1
06:06:54 0 0
06:07:54 0 0
06:08:51 1 1
06:09:55 0 0
06:10:52 1 1
06:11:56 0 0
06:12:52 1 1
06:13:53 1 1
06:14:55 1 1
06:15:54 1 1
06:16:54 1 1
06:17:58 0 0
06:18:57 1 1
06:19:55 1 1
06:20:56 1 1
06:22:00 0 0
06:22:57 1 1
06:23:59 1 1
06:24:57 1 1
06:26:02 0 0
06:26:58 1 1
06:27:59 1 1
06:28:59 1 1
06:30:00 1 1
06:31:02 1 1
06:32:00 1 1
06:33:01 1 1
06:34:01 1 1
06:35:04 1 1
06:36:02 1 1
06:37:06 0 0
06:38:03 1 1
06:39:05 1 1
06:40:04 1 1
06:41:04 1 1
06:42:05 1 1
06:43:05 1 1
06:44:06 1 1
06:45:08 1 1
06:46:06 1 1
06:47:07 1 1
06:48:07 1 1
06:49:11 0 0
06:50:08 1 1
06:51:09 1 1
06:52:09 1 1
06:53:13 0 0
06:54:12 1 1
06:55:12 1 1
06:56:11 1 1
06:57:11 1 1
06:58:12 1 1
06:59:12 1 1
07:00:12 1 1
07:01:17 0 0
07:02:15 1 1
07:03:14 1 1
07:04:14 1 1
07:05:18 0 0
07:06:19 0 0
07:07:18 1 1
07:08:16 1 1
07:09:20 0 0
07:10:17 1 1
07:11:17 1 1
07:12:18 1 1
07:13:22 0 0
07:14:23 0 0
07:15:19 1 1
07:16:20 1 1
07:17:22 1 1
07:18:21 1 1
07:19:25 0 0
07:20:22 1 1
07:21:22 1 1
07:22:22 1 1
07:23:25 1 1
07:24:23 1 1
07:25:24 1 1
07:26:24 1 1
07:27:28 0 0
07:28:25 1 1
07:29:25 1 1
07:30:28 1 1
07:31:26 1 1
07:32:27 1 1
07:33:31 0 0
07:34:29 1 1
07:35:28 1 1
07:36:28 1 1
07:37:32 0 0
07:38:33 0 0
07:39:30 1 1
07:40:30 1 1
07:41:33 1 1
07:42:33 1 1
07:43:31 1 1
07:44:34 1 1
07:45:34 1 1
07:46:33 1 1
07:47:37 0 0
07:48:37 0 0
07:49:34 1 1
07:50:34 1 1
07:51:39 0 0
07:52:35 1 1
07:53:38 1 1
07:54:36 1 1
07:55:36 1 1
07:56:37 1 1
07:57:41 0 0
07:58:37 1 1
07:59:38 1 1
08:00:39 1 1
08:01:39 1 1
08:02:39 1 1
08:03:43 0 0
08:04:40 1 1
08:05:40 1 1
08:06:40 1 1
08:07:41 1 1
08:08:43 1 1
08:09:41 1 1
08:10:42 1 1
08:11:42 1 1
08:12:42 1 1
08:13:46 0 0
08:14:43 1 1
08:15:43 1 1
08:16:44 1 1
08:17:44 1 1
08:18:45 1 1
08:19:45 1 1
08:20:46 1 1
08:21:50 0 0
08:22:46 1 1
08:23:47 1 1
08:24:47 1 1
08:25:47 1 1
08:26:48 1 1
08:27:48 1 1
08:28:48 1 1
08:29:49 1 1
08:30:51 1 1
08:31:51 1 1
08:32:51 1 1
08:33:50 1 1
08:34:54 0 0
08:35:50 1 1
08:36:51 1 1
08:37:55 0 0
08:38:52 1 1
08:39:52 1 1
08:40:52 1 1
08:41:52 1 1
08:42:56 0 0
08:43:53 1 1
08:44:53 1 1
08:45:54 1 1
08:46:54 1 1
08:47:58 0 0
08:48:55 1 1
08:49:55 1 1
08:50:55 1 1
08:51:56 1 1
08:53:00 0 0
08:53:56 1 1
08:54:57 1 1
08:55:57 1 1
08:56:59 1 1
08:57:59 1 1
08:58:59 1 1
08:59:59 1 1
09:00:59 1 1
09:02:00 1 1
09:03:00 1 1
09:04:00 1 1
09:05:01 1 1
09:06:01 1 1
09:07:01 1 1
09:08:02 1 1
09:09:02 1 1
09:10:02 1 1
09:11:03 1 1
09:12:03 1 1
09:13:03 1 1
09:14:04 1 1
09:15:04 1 1
09:16:04 1 1
09:17:04 1 1
09:18:05 1 1
09:19:06 1 1
09:20:06 1 1
09:21:06 1 1
09:22:07 1 1
09:23:07 1 1
09:24:07 1 1
09:25:08 1 1
09:26:08 1 1
09:27:09 1 1
09:28:09 1 1
09:29:10 1 1
09:30:10 1 1
09:31:12 1 1
09:32:11 1 1
09:33:11 1 1
09:34:13 1 1
09:35:12 1 1
09:36:12 1 1
09:37:12 1 1
09:38:13 1 1
09:39:15 1 1
09:40:13 1 1
09:41:14 1 1
09:42:14 1 1
09:43:14 1 1
09:44:14 1 1
09:45:17 1 1
09:46:17 1 1
09:47:16 1 1
09:48:18 1 1
09:49:16 1 1
09:50:16 1 1
09:51:17 1 1
09:52:17 1 1
09:53:18 1 1
09:54:18 1 1
09:55:18 1 1
09:56:19 1 1
09:57:19 1 1
09:58:20 1 1
09:59:22 1 1
10:00:21 1 1
10:01:25 1 1
10:02:22 1 1
10:03:22 1 1
10:04:22 1 1
10:05:24 1 1
10:06:23 1 1
10:07:23 1 1
10:08:23 1 1
10:09:24 1 1
10:10:24 1 1
10:11:24 1 1
10:12:25 1 1
10:13:25 1 1
10:14:25 1 1
10:15:26 1 1
10:16:28 1 1
10:17:26 1 1
10:18:30 0 0
10:19:27 1 1
10:20:31 1 1
10:21:28 1 1
10:22:28 1 1
10:23:28 1 1
10:24:28 1 1
10:25:29 1 1
10:26:29 1 1
