00:00:06 4 0 166
00:00:36 4 0 165
00:01:22 4 0 165
00:01:51 4 0 165
00:02:12 4 0 164
00:02:41 4 0 165
00:03:11 4 0 165
00:03:40 4 0 165
00:04:12 4 0 164
00:04:44 4 0 165
00:05:14 4 0 168
00:05:44 4 0 165
00:06:14 4 0 164
00:06:45 4 0 165
00:07:16 4 0 165
02:00:03 4 0 164
02:00:33 4 0 164
02:01:03 4 0 165
02:01:34 4 0 165
02:02:04 4 0 165
02:02:34 4 0 165
02:03:04 4 0 164
02:03:34 4 0 165
02:04:04 4 0 164
02:04:35 4 0 165
02:05:05 4 0 165
02:05:35 4 0 164
02:06:05 4 0 164
02:06:36 4 0 164
02:07:06 4 0 165
02:07:36 4 0 164
02:08:06 4 0 165
02:08:37 4 0 165
02:09:08 3 1 164
02:09:37 4 0 165
02:10:07 4 0 175
02:10:37 4 0 165
02:11:08 4 0 164
02:11:38 4 0 164
02:12:08 4 0 165
02:12:38 4 0 165
02:13:08 4 0 165
02:13:39 4 0 164
02:14:09 4 0 164
02:14:39 4 0 164
02:15:09 4 0 164
02:15:40 4 0 164
02:16:10 4 0 164
02:16:40 4 0 164
02:17:10 4 0 164
02:17:40 4 0 164
02:18:10 4 0 164
02:18:41 4 0 165
02:19:11 4 0 164
02:19:41 4 0 165
02:20:11 4 0 164
02:20:42 4 0 165
02:21:12 4 0 165
02:21:42 4 0 165
02:22:12 4 0 165
02:22:42 4 0 165
02:23:12 4 0 165
02:23:43 4 0 164
02:24:13 4 0 164
02:24:43 4 0 165
02:25:13 4 0 165
02:25:44 4 0 165
02:26:14 4 0 165
02:26:44 4 0 165
02:27:14 4 0 165
02:27:45 4 0 165
02:28:15 4 0 165
02:28:45 4 0 166
02:29:15 4 0 164
02:29:45 4 0 165
02:30:15 4 0 165
02:30:46 4 0 166
02:31:16 4 0 167
02:31:46 4 0 165
02:32:16 4 0 164
02:32:47 4 0 165
02:33:17 4 0 165
02:33:47 4 0 164
02:34:17 4 0 165
02:34:47 4 0 165
02:35:18 4 0 165
02:35:48 4 0 166
02:36:18 4 0 165
02:36:48 4 0 165
02:37:18 4 0 165
02:37:49 4 0 165
02:38:19 4 0 165
02:38:49 4 0 165
02:39:19 4 0 165
02:39:50 4 0 165
02:40:20 4 0 165
02:40:50 4 0 164
02:41:20 4 0 165
02:41:50 4 0 164
02:42:20 4 0 164
02:42:51 4 0 165
02:43:21 4 0 165
02:43:51 4 0 165
02:44:21 4 0 165
02:44:52 4 0 165
02:45:22 4 0 165
02:45:52 4 0 164
02:46:22 4 0 165
02:46:52 4 0 165
02:47:22 4 0 165
02:47:53 4 0 165
02:48:23 4 0 165
02:48:53 4 0 165
02:49:23 4 0 166
02:49:54 4 0 165
02:50:24 4 0 164
02:50:54 4 0 165
02:51:24 4 0 165
02:51:55 4 0 165
02:52:25 4 0 165
02:52:55 4 0 165
02:53:25 4 0 165
02:53:55 4 0 165
02:54:25 4 0 165
02:54:56 4 0 165
02:55:26 4 0 165
02:55:56 4 0 165
02:56:27 4 0 165
02:56:57 4 0 165
02:57:27 4 0 169
02:57:57 4 0 165
02:58:27 4 0 165
02:58:58 4 0 165
02:59:28 4 0 165
02:59:58 4 0 165
03:00:28 4 0 165
03:00:59 4 0 165
03:01:29 4 0 165
03:01:59 4 0 165
03:02:29 4 0 166
03:02:59 4 0 165
03:03:30 4 0 165
03:04:00 4 0 165
03:04:30 4 0 187
03:05:00 4 0 165
03:05:31 4 0 165
03:06:01 4 0 165
03:06:31 4 0 165
03:07:01 4 0 165
03:07:32 4 0 165
03:08:02 4 0 165
03:08:32 4 0 165
03:09:02 4 0 165
03:09:32 4 0 165
03:10:03 4 0 165
03:10:33 4 0 165
03:11:04 3 1 165
03:11:33 4 0 165
03:12:04 4 0 167
03:12:34 4 0 165
03:13:04 4 0 165
03:13:34 4 0 165
03:14:04 4 0 165
03:14:34 4 0 167
03:15:05 4 0 165
03:15:35 4 0 165
03:16:05 4 0 165
03:16:36 4 0 165
03:17:06 4 0 168
03:17:36 4 0 165
03:18:06 4 0 165
03:18:36 4 0 165
03:19:07 4 0 165
03:19:37 4 0 165
03:20:07 4 0 165
03:20:37 4 0 165
03:21:08 4 0 165
03:21:38 4 0 165
03:22:08 4 0 165
03:22:38 4 0 165
03:23:08 4 0 165
03:23:39 4 0 165
03:24:09 4 0 165
03:24:39 4 0 165
03:25:09 4 0 165
03:25:40 4 0 165
03:26:10 4 0 165
03:26:40 4 0 165
03:27:10 4 0 165
03:27:40 4 0 165
03:28:11 4 0 165
03:28:41 4 0 165
03:29:11 4 0 165
03:29:41 4 0 165
03:30:12 4 0 165
03:30:42 4 0 165
03:31:12 4 0 165
03:31:42 4 0 165
03:32:12 4 0 165
03:32:42 4 0 165
03:33:13 4 0 165
03:33:43 4 0 165
03:34:14 4 0 165
03:34:44 4 0 165
03:35:14 4 0 165
03:35:45 4 0 165
03:36:15 4 0 165
03:36:45 4 0 165
03:37:15 4 0 175
03:37:46 4 0 165
03:38:16 4 0 165
03:38:46 4 0 165
03:39:16 4 0 165
03:39:46 4 0 165
03:40:17 4 0 165
03:40:47 4 0 165
03:41:17 4 0 165
03:41:47 4 0 165
03:42:18 4 0 165
03:42:48 4 0 165
03:43:18 4 0 165
03:43:48 4 0 165
03:44:18 4 0 165
03:44:49 4 0 165
03:45:19 4 0 165
03:45:49 4 0 165
03:46:19 4 0 165
03:46:49 4 0 165
03:47:20 4 0 165
03:47:50 4 0 165
03:48:20 4 0 165
03:48:50 4 0 165
03:49:21 4 0 165
03:49:51 4 0 191
03:50:21 4 0 165
03:50:51 4 0 195
03:51:22 4 0 165
03:51:52 4 0 165
03:52:22 4 0 165
03:52:52 4 0 165
03:53:22 4 0 165
03:53:52 4 0 165
03:54:23 4 0 165
03:54:53 4 0 165
03:55:23 4 0 165
03:55:54 4 0 165
03:56:24 4 0 165
03:56:54 4 0 165
03:57:24 4 0 165
03:57:54 4 0 165
03:58:25 4 0 165
03:58:55 4 0 165
03:59:25 4 0 165
03:59:55 4 0 165
04:00:26 4 0 165
04:00:56 4 0 165
04:01:26 4 0 165
04:01:56 4 0 165
04:02:27 4 0 165
04:02:57 4 0 165
04:03:27 4 0 165
04:03:57 4 0 165
04:04:27 4 0 165
04:04:58 4 0 165
04:05:28 4 0 165
04:05:58 4 0 165
04:06:28 4 0 165
04:06:58 4 0 165
04:07:29 4 0 165
04:07:59 4 0 165
04:08:29 4 0 177
04:08:59 4 0 165
04:09:30 4 0 165
04:10:00 4 0 165
04:10:30 4 0 165
04:11:00 4 0 165
04:11:30 4 0 165
04:12:01 4 0 165
04:12:31 4 0 167
04:13:01 4 0 165
04:13:31 4 0 165
04:14:01 4 0 165
04:14:32 4 0 165
04:15:02 4 0 164
04:15:32 4 0 165
04:16:02 4 0 165
04:16:33 4 0 165
04:17:03 4 0 165
04:17:33 4 0 165
04:18:03 4 0 165
04:18:33 4 0 165
04:19:03 4 0 165
04:19:34 4 0 165
04:20:04 4 0 166
04:20:34 4 0 165
04:21:04 4 0 165
04:21:35 4 0 165
04:22:05 4 0 165
04:22:35 4 0 165
04:23:05 4 0 165
04:23:36 4 0 166
04:24:06 4 0 165
04:24:36 4 0 165
04:25:06 4 0 165
04:25:36 4 0 165
04:26:06 4 0 165
04:26:37 4 0 165
04:27:07 4 0 165
04:27:37 4 0 164
04:28:07 4 0 164
04:28:38 4 0 164
04:29:08 4 0 165
04:29:38 4 0 165
04:30:08 4 0 165
04:30:38 4 0 164
04:31:08 4 0 165
04:31:39 4 0 165
04:32:09 4 0 165
04:32:39 4 0 165
04:33:09 4 0 164
04:33:40 3 1 165
04:34:10 4 0 165
04:34:40 4 0 165
04:35:10 4 0 164
04:35:41 4 0 165
04:36:11 4 0 164
04:36:41 4 0 165
04:37:11 4 0 165
04:37:41 4 0 164
04:38:12 4 0 165
04:38:42 4 0 165
04:39:12 4 0 165
04:39:42 4 0 165
04:40:12 4 0 164
04:40:43 4 0 164
04:41:13 4 0 164
04:41:43 4 0 165
04:42:13 4 0 164
04:42:44 4 0 164
04:43:14 4 0 165
04:43:44 4 0 164
04:44:14 4 0 164
04:44:44 4 0 165
04:45:15 4 0 164
04:45:45 4 0 165
04:46:15 4 0 164
04:46:45 4 0 164
04:47:15 4 0 165
04:47:46 4 0 164
04:48:16 4 0 164
04:48:46 4 0 165
04:49:16 4 0 164
04:49:46 4 0 165
04:50:17 4 0 164
04:50:47 4 0 165
04:51:17 4 0 195
04:51:47 4 0 164
04:52:17 4 0 165
04:52:48 3 1 165
04:53:18 4 0 164
04:53:48 4 0 165
04:54:18 4 0 166
04:54:49 4 0 164
04:55:19 4 0 164
04:55:49 4 0 165
04:56:19 4 0 164
04:56:50 4 0 164
04:57:20 4 0 165
04:57:50 4 0 164
04:58:20 4 0 164
04:58:50 4 0 164
04:59:20 4 0 165
04:59:51 4 0 165
05:00:21 4 0 165
05:00:51 4 0 165
05:01:21 4 0 165
05:01:52 4 0 164
05:02:22 4 0 165
05:02:52 4 0 164
05:03:22 4 0 165
05:03:52 4 0 164
05:04:22 4 0 164
05:04:53 4 0 165
05:05:23 4 0 164
05:05:53 4 0 164
05:06:23 4 0 165
05:06:54 3 1 164
05:07:24 4 0 165
05:07:54 4 0 164
05:08:24 4 0 164
05:08:54 4 0 165
05:09:25 4 0 165
05:09:55 4 0 165
05:10:25 4 0 164
05:10:55 4 0 165
05:11:25 4 0 165
05:11:56 4 0 164
05:12:26 4 0 164
05:12:56 4 0 165
05:13:26 4 0 165
05:13:57 4 0 165
05:14:27 4 0 165
05:14:57 4 0 165
05:15:27 4 0 165
05:15:57 4 0 165
05:16:28 4 0 165
05:16:58 4 0 165
05:17:28 4 0 165
05:17:58 4 0 165
05:18:28 4 0 165
05:18:59 4 0 165
05:19:29 4 0 165
05:19:59 4 0 164
05:20:29 4 0 165
05:21:00 4 0 164
05:21:30 4 0 164
05:22:00 4 0 165
05:22:30 4 0 165
05:23:00 4 0 165
05:23:31 3 1 164
05:24:01 4 0 165
05:24:31 4 0 165
05:25:01 4 0 165
05:25:31 4 0 165
05:26:02 4 0 165
05:26:32 4 0 165
05:27:02 4 0 164
05:27:32 4 0 165
05:28:03 4 0 165
05:28:33 4 0 165
05:29:03 4 0 165
05:29:33 4 0 164
05:30:03 4 0 165
05:30:33 4 0 164
05:31:04 4 0 165
05:31:34 4 0 164
05:32:04 4 0 165
05:32:34 4 0 164
05:33:05 4 0 164
05:33:35 4 0 164
05:34:05 4 0 164
05:34:35 4 0 164
05:35:05 4 0 164
05:35:36 4 0 164
05:36:06 4 0 164
05:36:36 4 0 165
05:37:06 4 0 165
05:37:36 4 0 164
05:38:07 4 0 164
05:38:37 4 0 164
05:39:07 4 0 164
05:39:37 4 0 165
05:40:08 4 0 164
05:40:38 4 0 165
05:41:08 4 0 165
05:41:38 4 0 165
05:42:09 4 0 165
05:42:39 4 0 165
05:43:09 4 0 165
05:43:39 4 0 165
05:44:09 4 0 165
05:44:40 4 0 165
05:45:10 4 0 165
05:45:40 4 0 165
05:46:10 4 0 165
05:46:40 4 0 165
05:47:11 4 0 165
05:47:41 4 0 165
05:48:11 4 0 165
05:48:41 4 0 165
05:49:11 4 0 165
05:49:42 4 0 164
05:50:12 4 0 165
05:50:42 4 0 165
05:51:12 4 0 164
05:51:42 4 0 165
05:52:13 4 0 165
05:52:43 4 0 165
05:53:13 4 0 165
05:53:43 4 0 165
05:54:14 4 0 165
05:54:44 4 0 165
05:55:14 4 0 165
05:55:44 4 0 165
05:56:15 4 0 165
05:56:46 3 1 164
05:57:15 4 0 165
05:57:45 4 0 165
05:58:16 4 0 165
05:58:46 4 0 165
05:59:16 4 0 165
05:59:46 4 0 164
06:00:16 4 0 165
06:00:47 4 0 164
06:01:17 4 0 165
06:01:47 4 0 165
06:02:17 4 0 165
06:02:47 4 0 165
06:03:18 4 0 165
06:03:48 4 0 165
06:04:18 4 0 165
06:04:48 4 0 165
06:05:19 4 0 165
06:05:49 4 0 165
06:06:19 4 0 165
06:06:49 4 0 165
06:07:19 4 0 165
06:07:49 4 0 164
06:08:20 4 0 165
06:08:50 4 0 165
06:09:21 3 1 164
06:09:50 4 0 165
06:10:21 4 0 165
06:10:51 4 0 165
06:11:21 4 0 164
06:11:51 4 0 164
06:12:21 4 0 165
06:12:53 3 1 164
06:13:22 4 0 165
06:13:52 4 0 165
06:14:22 4 0 165
06:14:52 4 0 165
06:15:23 4 0 165
06:15:53 4 0 165
06:16:23 4 0 165
06:16:53 4 0 165
06:17:24 4 0 165
06:17:54 4 0 165
06:18:24 4 0 165
06:18:54 4 0 165
06:19:24 4 0 165
06:19:54 4 0 165
06:20:25 4 0 165
06:20:55 4 0 165
06:21:25 4 0 165
06:21:55 4 0 165
06:22:26 4 0 165
06:22:56 4 0 167
06:23:26 4 0 165
06:23:56 4 0 165
06:24:26 4 0 165
06:24:56 4 0 165
06:25:27 4 0 165
06:25:57 4 0 164
06:26:27 4 0 164
06:26:57 4 0 165
06:27:28 4 0 164
06:27:58 4 0 165
06:28:28 4 0 165
06:28:58 4 0 165
06:29:29 4 0 165
06:29:59 4 0 165
06:30:29 4 0 165
06:30:59 4 0 165
06:31:29 4 0 165
06:31:59 4 0 164
06:32:30 4 0 165
06:33:00 4 0 165
06:33:30 4 0 165
06:34:00 4 0 165
06:34:31 4 0 165
06:35:01 4 0 165
06:35:31 4 0 165
06:36:01 4 0 165
06:36:31 4 0 165
06:37:02 4 0 165
06:37:32 4 0 165
06:38:02 4 0 165
06:38:32 4 0 165
06:39:03 4 0 165
06:39:33 4 0 165
06:40:03 4 0 164
06:40:33 4 0 165
06:41:04 3 1 164
06:41:34 4 0 165
06:42:04 4 0 176
06:42:34 4 0 165
06:43:04 4 0 165
06:43:35 4 0 165
06:44:05 4 0 165
06:44:35 4 0 165
06:45:05 4 0 165
06:45:35 4 0 165
06:46:05 4 0 165
06:46:36 4 0 165
06:47:06 4 0 165
06:47:36 4 0 165
06:48:06 4 0 165
06:48:37 4 0 165
06:49:07 4 0 165
06:49:37 4 0 165
06:50:07 4 0 165
06:50:38 4 0 165
06:51:08 4 0 165
06:51:38 4 0 165
06:52:08 4 0 165
06:52:38 4 0 177
06:53:08 4 0 164
06:53:39 4 0 165
06:54:09 4 0 165
06:54:39 4 0 165
06:55:09 4 0 165
06:55:40 4 0 165
06:56:10 4 0 165
06:56:40 4 0 165
06:57:10 4 0 165
06:57:41 4 0 165
06:58:11 4 0 165
06:58:41 4 0 165
06:59:11 4 0 164
06:59:41 4 0 165
07:00:11 4 0 164
07:00:42 4 0 164
07:01:12 4 0 165
07:01:42 4 0 165
07:02:12 4 0 165
07:02:43 4 0 165
07:03:13 4 0 165
07:03:43 4 0 165
07:04:13 4 0 165
07:04:44 4 0 165
07:05:14 4 0 165
07:05:44 4 0 165
07:06:14 4 0 165
07:06:44 4 0 165
07:07:15 4 0 164
07:07:45 4 0 165
07:08:15 4 0 165
07:08:45 4 0 165
07:09:15 4 0 164
07:09:46 4 0 165
07:10:16 4 0 165
07:10:46 4 0 165
07:11:16 4 0 165
07:11:47 4 0 165
07:12:17 4 0 165
07:12:47 4 0 165
07:13:17 4 0 164
07:13:48 4 0 164
07:14:18 4 0 165
07:14:48 4 0 165
07:15:18 4 0 165
07:15:49 4 0 164
07:16:19 4 0 166
07:16:49 4 0 165
07:17:19 4 0 165
07:17:50 4 0 165
07:18:20 4 0 165
07:18:50 4 0 165
07:19:20 4 0 165
07:19:50 4 0 165
07:20:21 4 0 164
07:20:51 4 0 165
07:21:21 4 0 165
07:21:51 4 0 165
07:22:21 4 0 165
07:22:52 4 0 165
07:23:22 4 0 165
07:23:52 4 0 165
07:24:22 4 0 165
07:24:52 4 0 164
07:25:23 4 0 165
07:25:53 4 0 165
07:26:23 4 0 164
07:26:53 4 0 165
07:27:23 4 0 165
07:27:54 4 0 165
07:28:24 4 0 165
07:28:54 4 0 165
07:29:24 4 0 165
07:29:55 4 0 164
07:30:25 4 0 165
07:30:55 4 0 165
07:31:25 4 0 165
07:31:56 4 0 165
07:32:26 4 0 165
07:32:56 4 0 165
07:33:26 4 0 165
07:33:56 4 0 165
07:34:26 4 0 165
07:34:57 4 0 164
07:35:27 4 0 164
07:35:57 4 0 164
07:36:27 4 0 164
07:36:58 4 0 164
07:37:28 4 0 164
07:37:58 4 0 165
07:38:28 4 0 165
07:38:59 4 0 165
07:39:29 4 0 165
07:39:59 4 0 164
07:40:29 4 0 164
07:41:00 4 0 165
07:41:30 4 0 165
07:42:00 4 0 164
07:42:30 4 0 165
07:43:00 4 0 165
07:43:30 4 0 165
07:44:01 4 0 164
07:44:31 4 0 164
07:45:01 4 0 164
07:45:31 4 0 165
07:46:02 4 0 165
07:46:32 4 0 165
07:47:02 4 0 165
07:47:32 4 0 165
07:48:03 4 0 165
07:48:33 4 0 165
07:49:04 3 1 164
07:49:33 4 0 164
07:50:03 4 0 164
07:50:33 4 0 165
07:51:04 4 0 165
07:51:34 4 0 164
07:52:04 4 0 164
07:52:34 4 0 165
07:53:05 4 0 165
07:53:35 4 0 165
07:54:05 4 0 165
07:54:35 4 0 165
07:55:05 4 0 165
07:55:35 4 0 165
07:56:06 4 0 165
07:56:36 4 0 165
07:57:06 4 0 165
07:57:37 4 0 165
07:58:07 4 0 166
07:58:37 4 0 167
07:59:08 4 0 165
07:59:38 4 0 165
08:00:09 4 0 165
08:00:39 4 0 165
08:01:11 2 2 510
08:01:42 0 4 -1
08:02:09 4 0 165
08:02:39 4 0 165
08:03:09 4 0 165
08:03:40 4 0 165
08:04:10 4 0 165
08:04:40 4 0 165
08:05:10 4 0 165
08:05:40 4 0 164
08:06:10 4 0 164
08:06:40 4 0 165
08:07:11 4 0 164
08:07:41 4 0 165
08:08:11 4 0 164
08:08:41 4 0 165
08:09:11 4 0 165
08:09:41 4 0 165
08:10:12 4 0 165
08:10:42 4 0 166
08:11:12 4 0 165
08:11:42 4 0 165
08:12:12 4 0 165
08:12:42 4 0 165
08:13:13 4 0 164
08:13:43 4 0 164
08:14:13 4 0 165
08:14:43 4 0 165
08:15:13 4 0 165
08:15:43 4 0 165
08:16:14 4 0 165
08:16:44 4 0 165
08:17:14 4 0 165
08:17:44 4 0 164
08:18:15 4 0 165
08:18:45 4 0 165
08:19:15 4 0 164
08:19:45 4 0 165
08:20:15 4 0 165
08:20:46 4 0 164
08:21:16 4 0 164
08:21:46 4 0 165
08:22:16 4 0 164
08:22:46 4 0 166
08:23:16 4 0 164
08:23:47 4 0 169
08:24:17 4 0 164
08:24:47 4 0 165
08:25:18 3 1 168
08:25:47 4 0 165
08:26:18 4 0 165
08:26:48 4 0 165
08:27:18 4 0 165
08:27:48 4 0 165
08:28:18 4 0 165
08:28:48 4 0 165
08:29:19 4 0 165
08:29:49 4 0 165
08:30:19 4 0 165
08:30:49 4 0 165
08:31:19 4 0 187
08:31:49 4 0 165
08:32:20 4 0 165
08:32:50 4 0 165
08:33:20 4 0 164
08:33:50 4 0 165
08:34:20 4 0 165
08:34:50 4 0 165
08:35:20 4 0 165
08:35:51 4 0 165
08:36:21 4 0 165
08:36:51 4 0 165
08:37:21 4 0 165
08:37:51 4 0 165
08:38:22 4 0 165
08:38:52 4 0 165
08:39:22 4 0 165
08:39:52 4 0 165
08:40:22 4 0 165
08:40:52 4 0 164
08:41:22 4 0 166
08:41:52 4 0 164
08:42:23 4 0 165
08:42:53 4 0 164
08:43:23 4 0 164
08:43:53 4 0 165
08:44:23 4 0 165
08:44:53 4 0 165
08:45:24 4 0 165
08:45:54 4 0 165
08:46:24 4 0 165
08:46:54 4 0 165
08:47:24 4 0 164
08:47:54 4 0 165
08:48:25 4 0 165
08:48:55 4 0 165
08:49:25 4 0 165
08:49:55 4 0 165
08:50:25 4 0 164
08:50:55 4 0 164
08:51:26 4 0 164
08:51:56 4 0 164
08:52:26 4 0 164
08:52:56 4 0 165
08:53:26 4 0 179
08:53:56 4 0 165
08:54:27 4 0 164
08:54:57 4 0 164
08:55:27 4 0 164
08:55:57 4 0 164
08:56:27 4 0 165
08:56:57 4 0 164
08:57:28 4 0 164
08:57:58 4 0 164
08:58:29 4 0 164
08:58:59 4 0 164
08:59:29 4 0 164
08:59:59 4 0 164
09:00:29 4 0 164
09:00:59 4 0 164
09:01:30 4 0 164
09:02:00 4 0 164
09:02:30 4 0 164
09:03:00 4 0 164
09:03:30 4 0 164
09:04:00 4 0 164
09:04:31 4 0 164
09:05:01 4 0 165
09:05:31 4 0 164
09:06:01 4 0 164
09:06:31 4 0 164
09:07:01 4 0 164
09:07:32 4 0 164
09:08:02 4 0 164
09:08:32 4 0 164
09:09:02 4 0 165
09:09:32 4 0 164
09:10:02 4 0 164
09:10:32 4 0 164
09:11:03 4 0 166
09:11:33 4 0 165
09:12:03 4 0 165
09:12:33 4 0 165
09:13:03 4 0 168
09:13:33 4 0 165
09:14:04 4 0 166
09:14:34 4 0 165
09:15:04 4 0 165
09:15:35 3 1 165
09:16:04 4 0 164
09:16:34 4 0 164
09:17:04 4 0 164
09:17:35 4 0 164
09:18:07 4 0 167
09:18:38 4 0 164
09:19:08 4 0 165
09:19:38 4 0 165
09:20:09 3 1 165
09:20:38 4 0 165
09:21:09 4 0 165
09:21:39 4 0 165
09:22:09 4 0 166
09:22:39 4 0 164
09:23:09 4 0 164
09:23:39 4 0 164
09:24:10 4 0 165
09:24:40 4 0 165
09:25:10 4 0 164
09:25:40 4 0 164
09:26:10 4 0 164
09:26:40 4 0 164
09:27:11 4 0 164
09:27:41 4 0 164
09:28:15 0 4 -1
09:28:44 2 2 512
09:29:12 4 0 165
09:29:42 4 0 165
09:30:12 4 0 165
09:30:42 4 0 164
09:31:12 4 0 164
09:31:43 4 0 164
09:32:13 4 0 164
09:32:43 4 0 165
09:33:13 4 0 164
09:33:43 4 0 164
09:34:13 4 0 165
09:34:44 4 0 164
09:35:14 4 0 165
09:35:44 4 0 166
09:36:14 4 0 164
09:36:44 4 0 164
09:37:15 4 0 164
09:37:45 4 0 164
09:38:15 4 0 164
09:38:45 4 0 164
09:39:15 4 0 164
09:39:45 4 0 164
09:40:15 4 0 164
09:40:46 4 0 164
09:41:16 4 0 169
09:41:46 4 0 168
09:42:16 4 0 164
09:42:46 4 0 164
09:43:16 4 0 182
09:43:46 4 0 164
09:44:17 4 0 164
09:44:47 4 0 164
09:45:17 4 0 164
09:45:47 4 0 164
09:46:18 3 1 164
09:46:47 4 0 165
09:47:17 4 0 165
09:47:48 4 0 164
09:48:18 4 0 168
09:48:48 4 0 164
09:49:18 4 0 164
09:49:48 4 0 165
09:50:19 4 0 164
09:50:49 4 0 164
09:51:19 4 0 173
09:51:49 4 0 165
09:52:19 4 0 164
09:52:50 3 1 165
09:53:20 4 0 165
09:53:50 4 0 164
09:54:21 3 1 165
09:54:50 4 0 164
09:55:20 4 0 165
09:55:51 4 0 164
09:56:21 4 0 164
09:56:51 4 0 164
09:57:21 4 0 164
09:57:51 4 0 165
09:58:22 4 0 164
09:58:52 4 0 165
09:59:22 4 0 164
09:59:52 4 0 166
10:00:23 4 0 165
10:00:53 4 0 179
10:01:24 4 0 195
10:01:53 4 0 166
10:02:24 4 0 168
10:02:54 4 0 166
10:03:24 4 0 167
10:03:54 4 0 164
10:04:24 4 0 166
10:04:54 4 0 166
10:05:24 4 0 166
10:05:55 4 0 165
10:06:25 4 0 165
10:06:55 4 0 166
10:07:25 4 0 165
10:07:55 4 0 164
10:08:26 4 0 169
10:08:56 4 0 164
10:09:26 4 0 206
10:09:56 4 0 167
10:10:26 4 0 166
10:10:56 4 0 166
10:11:26 4 0 164
10:11:57 4 0 207
10:12:28 3 1 168
10:12:57 4 0 166
10:13:27 4 0 167
10:13:57 4 0 164
10:14:28 4 0 168
10:14:58 4 0 167
10:15:28 4 0 167
10:15:58 4 0 167
10:16:31 1 3 507
10:17:01 1 3 512
10:17:28 4 0 164
10:17:59 4 0 166
10:18:29 4 0 166
10:19:00 3 1 166
10:19:29 4 0 167
10:20:00 4 0 165
10:20:31 4 0 166
10:21:00 4 0 165
10:21:31 4 0 167
10:22:01 4 0 166
10:22:31 4 0 164
10:23:01 4 0 164
10:23:31 4 0 164
10:24:01 4 0 164
10:24:32 4 0 164
10:25:03 2 2 164
10:25:32 4 0 164
10:26:02 4 0 164
10:26:32 4 0 164
