00:00:56 3848 5112
00:01:57 374969 16098
00:02:54 89424 10601
00:03:55 8805 2825
00:04:56 526506 17840
00:05:57 106902 6015
00:06:58 65596 5040
02:00:04 231709 10681
02:01:04 213965 11232
02:02:05 195996 8079
02:03:05 2996 1581
02:04:05 48428 5856
02:05:06 266501 22441
02:06:06 27497 10261
02:07:07 38543 13031
02:08:07 44468 9458
02:09:11 22050 5490
02:10:08 39498 3279
02:11:09 57244 8144
02:12:09 30440 4076
02:13:12 46340 5778
02:14:10 142683 8701
02:15:10 13806 2573
02:16:11 9747 3651
02:17:11 21779 4187
02:18:11 1023 3264
02:19:12 22650 3008
02:20:12 40192 5117
02:21:13 95045 6767
02:22:13 3529 3209
02:23:13 11924 3191
02:24:14 42139 4304
02:25:14 18998 4342
02:26:15 90486 47666
02:27:15 63680 5503
02:28:16 73872 5108
02:29:16 69219 12364
02:30:16 181781 15579
02:31:17 43538 9555
02:32:17 119812 8831
02:33:18 85594 14400
02:34:18 60695 3268
02:35:19 190990 9981
02:36:19 9288 3224
02:37:19 50872 5181
02:38:20 133375 10766
02:39:20 37477 4908
02:40:21 6256 13333
02:41:21 2755 2194
02:42:22 51182 5100
02:43:22 80557 6929
02:44:22 36396 4825
02:45:23 44354 4146
02:46:23 153981 10139
02:47:23 80748 12781
02:48:24 41779 7536
02:49:25 18181 3961
02:50:25 11087 5018
02:51:25 2452 2620
02:52:26 39259 5375
02:53:26 41475 11636
02:54:27 22227 9771
02:55:27 26815 7131
02:56:28 69289 4390
02:57:28 408429 18288
02:58:28 48819 6452
02:59:29 195093 43037
03:00:29 21993 4646
03:01:30 34727 4784
03:02:30 3596 2338
03:03:31 67151 3499
03:04:31 1020 1060
03:05:32 7311 1480
03:06:32 22580 2638
03:07:33 9631 3657
03:08:33 2295 1780
03:09:33 88468 6865
03:10:34 411784 15127
03:11:34 14582 1098
03:12:35 79009 5290
03:13:35 102800 6811
03:14:35 45663 3903
03:15:37 12815 7993
03:16:37 45379 7875
03:17:37 133610 17015
03:18:37 15295 9511
03:19:38 17298 4239
03:20:38 73866 5982
03:21:39 817890 36758
03:22:39 22548 2881
03:23:40 13562 5309
03:24:40 3528 4066
03:25:41 51795 11042
03:26:41 84225 10884
03:27:41 126881 12480
03:28:42 3627 3013
03:29:42 37412 3785
03:30:43 60196 9058
03:31:43 94679 11987
03:32:43 18173 2330
03:33:44 2544 1339
03:34:44 219502 7407
03:35:45 93428 9352
03:36:45 134902 7181
03:37:46 10888 4696
03:38:46 50156 8159
03:39:46 8336 4530
03:40:47 56032 6397
03:41:47 29213 2867
03:42:48 108406 7570
03:43:48 30022 2086
03:44:49 16618 2140
03:45:49 147626 8071
03:46:50 47000 4785
03:47:50 53442 2600
03:48:50 44212 2760
03:49:51 2340 678
03:50:51 2978 2745
03:51:52 15461 2363
03:52:52 67020 5231
03:53:53 1740 644
03:54:53 1787 1833
03:55:54 39206 5036
03:56:54 3362 1622
03:57:54 2372 2945
03:58:56 46503 8305
03:59:55 149990 8952
04:00:56 89589 6456
04:01:56 2398 1240
04:02:57 43228 2647
04:03:58 20091 2476
04:04:58 78738 19424
04:06:00 22803 1421
04:06:59 26560 3597
04:07:59 2614 1013
04:08:59 53684 9482
04:10:00 28579 3945
04:11:00 42214 3750
04:12:01 16970 3975
04:13:01 23672 2152
04:14:02 295835 8134
04:15:02 134214 7223
04:16:02 11665 4160
04:17:03 74233 4422
04:18:03 71123 6169
04:19:04 61547 3020
04:20:04 3526 5050
04:21:04 2173 3007
04:22:05 96857 5978
04:23:05 8562 1551
04:24:06 441670 33976
04:25:06 323051 10508
04:26:08 446396 25562
04:27:07 24273 12690
04:28:07 38506 13681
04:29:08 177855 25939
04:30:08 2649 3288
04:31:08 2081 3148
04:32:09 22822 3826
04:33:10 11086 2621
04:34:10 4290 2881
04:35:10 20722 2206
04:36:11 10748 2008
04:37:11 58600 3952
04:38:12 60961 5276
04:39:12 9669 2380
04:40:12 44464 3193
04:41:13 21948 1853
04:42:15 172182 7454
04:43:14 34285 17280
04:44:14 41548 11882
04:45:17 24810 23255
04:46:17 30748 3697
04:47:17 108874 5919
04:48:16 29302 10379
04:49:16 32352 8456
04:50:17 25691 3967
04:51:17 40660 8066
04:52:18 60437 6890
04:53:18 99993 4993
04:54:18 127461 12781
04:55:19 63492 2926
04:56:21 9819 2668
04:57:20 879 2727
04:58:20 534352 27944
04:59:20 22896 4359
05:00:21 1828 1575
05:01:23 157038 6329
05:02:22 46329 2829
05:03:22 42251 4693
05:04:22 14932 2542
05:05:23 273052 7745
05:06:23 257199 4625
05:07:24 290769 8791
05:08:24 311966 7798
05:09:25 491551 32883
05:10:25 267946 6271
05:11:26 277134 8609
05:12:26 265745 5084
05:13:26 178077 12654
05:14:27 66820 3465
05:15:27 6378 1274
05:16:28 81318 9114
05:17:28 89768 10176
05:18:28 82783 11143
05:19:29 132298 5625
05:20:29 2756 847
05:21:30 42882 6002
05:22:30 83782 8407
05:23:31 3621 1696
05:24:31 23445 6438
05:25:31 22566 1557
05:26:32 40298 2422
05:27:32 76332 3562
05:28:33 48678 13360
05:29:33 86607 5656
05:30:33 63510 2094
05:31:34 74985 5587
05:32:34 12576 814
05:33:35 21280 2404
05:34:35 60185 2412
05:35:36 122009 18746
05:36:36 76953 8750
05:37:36 69108 5313
05:38:37 3164 2289
05:39:37 1296 1037
05:40:38 9293 2008
05:41:38 4474 5033
05:42:39 99771 8899
05:43:39 55527 3459
05:44:40 75126 4495
05:45:40 161517 9443
05:46:40 42631 2873
05:47:41 27034 3905
05:48:41 77777 5563
05:49:42 115363 7301
05:50:42 8127 4650
05:51:46 10794 1924
05:52:43 32458 4961
05:53:43 97168 12975
05:54:44 217616 13180
05:55:44 18286 5144
05:56:45 110558 11531
05:57:45 195650 12764
05:58:46 357076 17108
05:59:46 169003 11294
06:00:47 11634 1246
06:01:47 5277 5178
06:02:47 238335 13810
06:03:48 10954 5707
06:04:48 105280 4463
06:05:49 73989 4272
06:06:49 3057 2836
06:07:49 23994 3781
06:08:50 4391 2302
06:09:50 36470 4122
06:10:51 237132 9078
06:11:51 19566 3147
06:12:51 597 6482
06:13:52 20667 2474
06:14:52 79470 6055
06:15:53 55899 3974
06:16:53 648 875
06:17:54 20211 2315
06:18:54 29822 2253
06:19:54 19891 2301
06:20:55 17358 2372
06:21:55 13880 3712
06:22:56 11672 1764
06:23:56 16732 10005
06:24:56 21491 10162
06:25:57 21659 5148
06:26:57 4802 2592
06:27:58 972 388
06:28:58 49710 5670
06:29:59 3063 7547
06:30:59 211554 8679
06:31:59 224807 8999
06:33:00 86285 7064
06:34:00 31107 3452
06:35:01 20026 2580
06:36:01 183111 10453
06:37:02 11905 1791
06:38:02 241942 8016
06:39:02 10711 2449
06:40:03 144536 7687
06:41:03 43918 3824
06:42:04 36653 6977
06:43:04 3662 2893
06:44:05 2323 2776
06:45:05 1936 1407
06:46:05 10145 8990
06:47:06 51285 11014
06:48:06 19081 10276
06:49:07 93464 14755
06:50:07 20876 4051
06:51:08 67607 15437
06:52:08 45158 12063
06:53:08 26190 3980
06:54:09 39406 4148
06:55:09 3150 1328
06:56:10 3216 2955
06:57:10 28339 4839
06:58:11 1974 628
06:59:11 5180 2264
07:00:11 83679 8467
07:01:12 28061 3083
07:02:12 331452 15453
07:03:13 17479 2620
07:04:13 23677 2997
07:05:14 65838 3550
07:06:14 65614 7523
07:07:15 231013 14221
07:08:15 224183 11688
07:09:15 13322 3895
07:10:16 116530 15914
07:11:16 173382 17439
07:12:17 130112 10503
07:13:18 115682 7771
07:14:18 80491 4513
07:15:18 97126 3902
07:16:19 69390 5125
07:17:19 42308 3380
07:18:20 918 328
07:19:20 40418 2302
07:20:21 170636 5221
07:21:21 43052 5217
07:22:21 2022 642
07:23:22 2462 5372
07:24:22 11218 2707
07:25:23 67879 2975
07:26:23 15468 2169
07:27:23 111664 6827
07:28:24 2840 2406
07:29:24 688 2227
07:30:25 941 2356
07:31:25 57426 7446
07:32:26 132438 13430
07:33:26 17483 9813
07:34:26 13346 10652
07:35:27 37799 6653
07:36:27 161819 6808
07:37:28 2332 1626
07:38:28 77907 3605
07:39:29 8549 2424
07:40:29 1476 1204
07:41:30 31267 2205
07:42:30 1870 1262
07:43:30 46672 4896
07:44:31 20476 2775
07:45:31 58582 4723
07:46:32 2508 1663
07:47:32 44027 4255
07:48:33 6383 3338
07:49:33 4549 4701
07:50:33 177524 14603
07:51:34 31839 2738
07:52:34 114035 8377
07:53:35 39674 3765
07:54:35 5171 1045
07:55:35 11110 2021
07:56:36 42296 10894
07:57:37 16291 14502
07:58:37 1105 934
07:59:38 7800 5476
08:00:39 4067 2042
08:01:40 1830 0
08:02:39 65105 12004
08:03:39 38722 2130
08:04:40 47116 5655
08:05:40 6337 4252
08:06:40 60492 2134
08:07:41 5767 1846
08:08:41 8579 1197
08:09:41 7994 1308
08:10:42 3124 2748
08:11:42 54324 7097
08:12:42 2918 5560
08:13:43 132353 5740
08:14:43 20964 3023
08:15:43 472 448
08:16:44 1864 1382
08:17:44 3107 4525
08:18:45 232841 11239
08:19:45 271458 13263
08:20:46 25327 6878
08:21:46 38957 10648
08:22:46 56213 14804
08:23:47 20608 12949
08:24:49 158680 17351
08:25:47 13833 8521
08:26:48 234602 20385
08:27:48 7861 5077
08:28:48 6734 7899
08:29:51 73824 3852
08:30:49 51216 7763
08:31:49 202338 14616
08:32:50 13416 42196
08:33:50 2455 2270
08:34:50 8802 1652
08:35:51 48795 5298
08:36:51 66848 3573
08:37:51 2820 2209
08:38:52 22576 4166
08:39:52 62579 5969
08:40:52 275058 10674
08:41:52 10150 2456
08:42:53 112539 9609
08:43:53 25387 5881
08:44:53 7186 2517
08:45:54 65500 4879
08:46:54 121593 4282
08:47:54 48072 9237
08:48:55 145672 13621
08:49:55 92605 7178
08:50:55 34717 5771
08:51:56 98591 12293
08:52:56 29171 3096
08:53:56 20639 3464
08:54:57 84206 7195
08:55:57 93926 17546
08:56:57 1985 3130
08:57:58 159368 11634
08:58:59 37425 5587
08:59:59 40881 3527
09:00:59 135286 7028
09:02:00 261934 9987
09:03:00 33674 6151
09:04:00 84828 9455
09:05:01 137370 3777
09:06:01 16839 3439
09:07:01 66768 8595
09:08:02 360044 32108
09:09:02 82836 18722
09:10:02 127691 6165
09:11:03 100234 10532
09:12:03 62326 11463
09:13:03 80311 16110
09:14:03 118051 12335
09:15:04 75506 8626
09:16:04 34364 22987
09:17:04 185264 19142
09:18:06 52246 23339
09:19:06 211825 15632
09:20:06 389315 52523
09:21:06 31852 10838
09:22:07 32759 27727
09:23:07 71588 32835
09:24:07 89255 7965
09:25:08 99461 11650
09:26:08 43005 6069
09:27:09 124463 16046
09:28:10 18371 1155
09:29:10 108990 33065
09:30:10 28780 10429
09:31:10 42629 37026
09:32:11 68720 32814
09:33:11 28759 13569
09:34:11 76245 17243
09:35:12 32033 12227
09:36:12 37418 16743
09:37:12 249842 10839
09:38:13 42767 142937
09:39:13 337010 46408
09:40:13 158450 40919
09:41:14 1033891 63398
09:42:14 144041 33689
09:43:14 43581 8644
09:44:14 178675 10650
09:45:15 241254 9732
09:46:15 257615 15985
09:47:15 90074 9459
09:48:16 5952 7001
09:49:16 180445 12308
09:50:16 8886 4891
09:51:17 61700 10836
09:52:17 261266 16911
09:53:18 864721 52416
09:54:18 164517 11452
09:55:18 46308 8110
09:56:19 169274 8362
09:57:19 125164 12311
09:58:20 460690 56879
09:59:20 876656 38957
10:00:21 210364 14276
10:01:21 131853 8861
10:02:21 51975 8080
10:03:22 137319 7382
10:04:22 9091 4321
10:05:22 65073 9961
10:06:23 27148 6499
10:07:23 80245 8024
10:08:23 169687 10778
10:09:24 204301 9909
10:10:24 12222 10245
10:11:24 206670 11111
10:12:36 54794 8116
10:13:25 49660 8001
10:14:25 88557 12854
10:15:26 226684 10811
10:16:45 -1 -1
10:17:26 413614 16804
10:18:27 423122 19439
10:19:27 118814 9735
10:20:27 95383 7618
10:21:28 429493 22083
10:22:28 186568 15167
10:23:28 64814 4718
10:24:28 235488 54576
10:25:29 124297 11582
10:26:29 205497 11479
