00:00:23 4 0 163
00:00:58 4 0 163
00:01:40 4 0 163
00:01:55 4 0 164
00:02:23 4 0 163
00:02:53 4 0 164
00:03:24 4 0 163
00:04:02 4 0 163
00:04:27 4 0 163
00:04:57 4 0 163
00:05:28 4 0 163
00:05:58 4 0 163
00:06:29 4 0 163
00:07:11 4 0 163
02:00:04 4 0 163
02:00:34 4 0 163
02:01:04 4 0 163
02:01:35 4 0 163
02:02:05 4 0 163
02:02:35 4 0 163
02:03:05 4 0 163
02:03:35 4 0 163
02:04:06 4 0 169
02:04:36 4 0 163
02:05:06 4 0 163
02:05:36 4 0 163
02:06:06 4 0 163
02:06:37 4 0 163
02:07:07 4 0 163
02:07:37 4 0 163
02:08:07 4 0 163
02:08:38 4 0 163
02:09:08 4 0 163
02:09:38 4 0 163
02:10:08 4 0 163
02:10:38 4 0 163
02:11:09 4 0 163
02:11:39 4 0 164
02:12:09 4 0 163
02:12:39 4 0 163
02:13:10 4 0 163
02:13:40 4 0 163
02:14:10 4 0 163
02:14:40 4 0 163
02:15:10 4 0 163
02:15:41 4 0 163
02:16:11 4 0 163
02:16:41 4 0 163
02:17:11 4 0 163
02:17:41 4 0 163
02:18:12 4 0 164
02:18:42 4 0 163
02:19:12 4 0 163
02:19:42 4 0 163
02:20:12 4 0 163
02:20:43 4 0 163
02:21:13 4 0 163
02:21:43 4 0 163
02:22:13 4 0 163
02:22:43 4 0 163
02:23:14 4 0 163
02:23:44 4 0 163
02:24:14 4 0 163
02:24:44 4 0 163
02:25:15 4 0 163
02:25:45 4 0 163
02:26:15 4 0 163
02:26:45 4 0 163
02:27:15 4 0 163
02:27:46 4 0 163
02:28:16 4 0 163
02:28:46 4 0 163
02:29:16 4 0 163
02:29:46 4 0 163
02:30:17 4 0 163
02:30:47 4 0 163
02:31:17 4 0 163
02:31:47 4 0 165
02:32:18 4 0 163
02:32:48 4 0 163
02:33:18 4 0 163
02:33:48 4 0 163
02:34:18 4 0 163
02:34:48 4 0 163
02:35:19 4 0 163
02:35:49 4 0 163
02:36:19 4 0 163
02:36:49 4 0 163
02:37:20 4 0 163
02:37:50 4 0 163
02:38:20 4 0 172
02:38:50 4 0 163
02:39:20 4 0 163
02:39:51 4 0 171
02:40:21 4 0 163
02:40:51 4 0 163
02:41:21 4 0 163
02:41:51 4 0 163
02:42:22 4 0 163
02:42:52 4 0 163
02:43:24 1 3 174
02:43:52 4 0 163
02:44:22 4 0 163
02:44:53 4 0 163
02:45:23 4 0 163
02:45:53 4 0 163
02:46:23 4 0 163
02:46:53 4 0 163
02:47:24 4 0 163
02:47:54 4 0 163
02:48:24 4 0 163
02:48:54 4 0 163
02:49:24 4 0 163
02:49:55 4 0 163
02:50:25 4 0 163
02:50:55 4 0 163
02:51:25 4 0 163
02:51:56 4 0 163
02:52:26 4 0 163
02:52:56 4 0 163
02:53:26 4 0 163
02:53:56 4 0 163
02:54:27 4 0 163
02:54:57 4 0 163
02:55:27 4 0 163
02:55:57 4 0 163
02:56:28 4 0 163
02:56:58 4 0 163
02:57:28 4 0 163
02:57:58 4 0 163
02:58:29 4 0 163
02:58:59 4 0 163
02:59:29 4 0 163
02:59:59 4 0 165
03:00:29 4 0 164
03:01:00 4 0 163
03:01:30 4 0 164
03:02:00 4 0 163
03:02:30 4 0 163
03:03:00 4 0 163
03:03:31 4 0 163
03:04:01 4 0 163
03:04:31 4 0 192
03:05:01 4 0 163
03:05:32 4 0 163
03:06:02 4 0 163
03:06:32 4 0 163
03:07:02 4 0 163
03:07:33 4 0 163
03:08:03 4 0 163
03:08:33 4 0 163
03:09:03 4 0 163
03:09:34 4 0 163
03:10:04 4 0 163
03:10:34 4 0 163
03:11:04 4 0 163
03:11:34 4 0 163
03:12:05 4 0 163
03:12:35 4 0 163
03:13:05 4 0 163
03:13:35 4 0 163
03:14:05 4 0 163
03:14:36 4 0 163
03:15:06 4 0 163
03:15:37 3 1 171
03:16:06 4 0 163
03:16:37 4 0 163
03:17:07 4 0 165
03:17:37 4 0 163
03:18:07 4 0 163
03:18:38 4 0 163
03:19:08 4 0 163
03:19:38 4 0 163
03:20:09 3 1 166
03:20:38 4 0 163
03:21:09 4 0 163
03:21:39 4 0 163
03:22:09 4 0 163
03:22:39 4 0 165
03:23:09 4 0 163
03:23:40 4 0 163
03:24:10 4 0 163
03:24:40 4 0 163
03:25:10 4 0 163
03:25:41 4 0 163
03:26:11 4 0 163
03:26:41 4 0 163
03:27:12 3 1 167
03:27:42 4 0 163
03:28:12 4 0 163
03:28:42 4 0 163
03:29:12 4 0 163
03:29:42 4 0 167
03:30:13 4 0 163
03:30:43 4 0 163
03:31:13 4 0 163
03:31:43 4 0 163
03:32:13 4 0 163
03:32:44 4 0 163
03:33:14 4 0 163
03:33:44 4 0 163
03:34:15 4 0 163
03:34:45 4 0 163
03:35:15 4 0 163
03:35:46 4 0 163
03:36:16 4 0 163
03:36:46 4 0 163
03:37:16 4 0 163
03:37:47 4 0 183
03:38:17 4 0 164
03:38:47 4 0 163
03:39:17 4 0 163
03:39:48 4 0 163
03:40:18 4 0 163
03:40:48 4 0 163
03:41:18 4 0 163
03:41:48 4 0 163
03:42:19 4 0 163
03:42:49 4 0 164
03:43:19 4 0 163
03:43:49 4 0 163
03:44:19 4 0 163
03:44:50 4 0 163
03:45:20 4 0 163
03:45:50 4 0 163
03:46:20 4 0 163
03:46:51 4 0 163
03:47:21 4 0 163
03:47:51 4 0 163
03:48:21 4 0 165
03:48:51 4 0 163
03:49:22 4 0 163
03:49:52 4 0 163
03:50:22 4 0 163
03:50:52 4 0 171
03:51:23 4 0 163
03:51:53 4 0 163
03:52:23 4 0 166
03:52:53 4 0 163
03:53:23 4 0 163
03:53:54 4 0 163
03:54:24 4 0 163
03:54:54 4 0 164
03:55:24 4 0 163
03:55:55 4 0 163
03:56:25 4 0 163
03:56:55 4 0 163
03:57:25 4 0 163
03:57:56 4 0 163
03:58:26 4 0 163
03:58:56 4 0 163
03:59:26 4 0 163
03:59:56 4 0 166
04:00:27 4 0 163
04:00:57 4 0 163
04:01:27 4 0 170
04:01:57 4 0 163
04:02:28 4 0 163
04:02:58 4 0 163
04:03:28 4 0 163
04:03:58 4 0 163
04:04:28 4 0 163
04:04:59 4 0 168
04:05:29 4 0 163
04:05:59 4 0 165
04:06:29 4 0 163
04:07:00 4 0 163
04:07:30 4 0 163
04:08:00 4 0 163
04:08:30 4 0 195
04:09:00 4 0 174
04:09:31 4 0 163
04:10:01 4 0 163
04:10:31 4 0 171
04:11:01 4 0 163
04:11:31 4 0 163
04:12:02 4 0 163
04:12:32 4 0 163
04:13:02 4 0 163
04:13:32 4 0 163
04:14:03 4 0 163
04:14:33 4 0 163
04:15:03 4 0 163
04:15:33 4 0 163
04:16:03 4 0 163
04:16:34 4 0 163
04:17:04 4 0 163
04:17:34 4 0 163
04:18:04 4 0 163
04:18:34 4 0 163
04:19:05 4 0 163
04:19:35 4 0 163
04:20:05 4 0 163
04:20:35 4 0 163
04:21:05 4 0 163
04:21:36 4 0 163
04:22:06 4 0 163
04:22:36 4 0 163
04:23:06 4 0 163
04:23:36 4 0 163
04:24:07 4 0 163
04:24:37 4 0 163
04:25:07 4 0 163
04:25:37 4 0 163
04:26:08 4 0 165
04:26:38 4 0 163
04:27:09 3 1 168
04:27:38 4 0 163
04:28:08 4 0 164
04:28:39 4 0 163
04:29:09 4 0 163
04:29:39 4 0 163
04:30:09 4 0 163
04:30:39 4 0 163
04:31:10 4 0 163
04:31:40 4 0 163
04:32:10 4 0 163
04:32:40 4 0 163
04:33:10 4 0 163
04:33:41 4 0 163
04:34:11 4 0 163
04:34:41 4 0 163
04:35:11 4 0 163
04:35:42 4 0 163
04:36:12 4 0 163
04:36:42 4 0 163
04:37:12 4 0 164
04:37:43 4 0 163
04:38:13 4 0 163
04:38:43 4 0 163
04:39:13 4 0 163
04:39:43 4 0 163
04:40:14 4 0 163
04:40:44 4 0 163
04:41:14 4 0 163
04:41:44 4 0 163
04:42:14 4 0 163
04:42:45 4 0 163
04:43:15 4 0 163
04:43:45 4 0 163
04:44:15 4 0 163
04:44:45 4 0 163
04:45:16 4 0 163
04:45:46 4 0 163
04:46:16 4 0 163
04:46:46 4 0 163
04:47:16 4 0 163
04:47:47 4 0 163
04:48:17 4 0 163
04:48:47 4 0 163
04:49:19 2 2 167
04:49:47 4 0 163
04:50:18 4 0 163
04:50:48 4 0 163
04:51:18 4 0 206
04:51:48 4 0 163
04:52:19 4 0 163
04:52:49 4 0 163
04:53:19 4 0 163
04:53:49 4 0 163
04:54:19 4 0 163
04:54:50 4 0 163
04:55:20 4 0 163
04:55:50 4 0 163
04:56:20 4 0 163
04:56:51 4 0 163
04:57:21 4 0 163
04:57:51 4 0 163
04:58:21 4 0 163
04:58:51 4 0 163
04:59:22 4 0 163
04:59:52 4 0 163
05:00:22 4 0 163
05:00:52 4 0 163
05:01:22 4 0 168
05:01:53 4 0 163
05:02:23 4 0 163
05:02:53 4 0 163
05:03:23 4 0 163
05:03:53 4 0 167
05:04:24 4 0 163
05:04:54 4 0 163
05:05:24 4 0 163
05:05:54 4 0 163
05:06:24 4 0 163
05:06:55 4 0 163
05:07:25 4 0 163
05:07:55 4 0 163
05:08:25 4 0 163
05:08:55 4 0 163
05:09:26 4 0 163
05:09:56 4 0 163
05:10:26 4 0 163
05:10:56 4 0 163
05:11:27 4 0 163
05:11:57 4 0 163
05:12:27 4 0 189
05:12:57 4 0 163
05:13:27 4 0 163
05:13:58 4 0 168
05:14:28 4 0 163
05:14:58 4 0 164
05:15:28 4 0 163
05:15:58 4 0 163
05:16:29 4 0 163
05:16:59 4 0 163
05:17:29 4 0 163
05:17:59 4 0 167
05:18:30 4 0 163
05:19:00 4 0 163
05:19:30 4 0 168
05:20:00 4 0 163
05:20:30 4 0 163
05:21:01 4 0 163
05:21:31 4 0 163
05:22:01 4 0 163
05:22:31 4 0 163
05:23:01 4 0 163
05:23:32 4 0 163
05:24:02 4 0 163
05:24:32 4 0 166
05:25:02 4 0 163
05:25:33 4 0 167
05:26:03 4 0 163
05:26:33 4 0 163
05:27:03 4 0 163
05:27:33 4 0 163
05:28:04 4 0 163
05:28:34 4 0 163
05:29:04 4 0 163
05:29:34 4 0 163
05:30:04 4 0 163
05:30:35 4 0 163
05:31:05 4 0 163
05:31:35 4 0 163
05:32:05 4 0 163
05:32:35 4 0 167
05:33:06 4 0 163
05:33:36 4 0 163
05:34:06 4 0 163
05:34:36 4 0 163
05:35:06 4 0 163
05:35:37 4 0 163
05:36:07 4 0 163
05:36:37 4 0 163
05:37:07 4 0 163
05:37:38 4 0 163
05:38:08 4 0 163
05:38:38 4 0 163
05:39:08 4 0 163
05:39:39 4 0 163
05:40:09 4 0 163
05:40:39 4 0 163
05:41:09 4 0 163
05:41:39 4 0 163
05:42:10 4 0 163
05:42:40 4 0 163
05:43:10 4 0 163
05:43:40 4 0 166
05:44:10 4 0 163
05:44:41 4 0 163
05:45:11 4 0 163
05:45:41 4 0 163
05:46:11 4 0 163
05:46:41 4 0 163
05:47:12 4 0 163
05:47:42 4 0 163
05:48:12 4 0 163
05:48:42 4 0 166
05:49:13 4 0 168
05:49:43 4 0 163
05:50:13 4 0 163
05:50:43 4 0 163
05:51:13 4 0 163
05:51:44 4 0 163
05:52:14 4 0 163
05:52:44 4 0 163
05:53:14 4 0 163
05:53:44 4 0 163
05:54:15 4 0 163
05:54:45 4 0 163
05:55:15 4 0 164
05:55:45 4 0 163
05:56:16 4 0 163
05:56:46 4 0 163
05:57:16 4 0 163
05:57:46 4 0 163
05:58:18 3 1 169
05:58:47 4 0 163
05:59:17 4 0 163
05:59:47 4 0 163
06:00:17 4 0 163
06:00:48 4 0 163
06:01:18 4 0 163
06:01:48 4 0 163
06:02:18 4 0 163
06:02:49 4 0 163
06:03:19 4 0 163
06:03:49 4 0 163
06:04:19 4 0 169
06:04:49 4 0 163
06:05:20 4 0 163
06:05:50 4 0 163
06:06:20 4 0 163
06:06:50 4 0 163
06:07:20 4 0 163
06:07:51 4 0 163
06:08:21 4 0 163
06:08:51 4 0 163
06:09:21 4 0 166
06:09:51 4 0 163
06:10:22 4 0 163
06:10:52 4 0 163
06:11:22 4 0 163
06:11:52 4 0 163
06:12:22 4 0 163
06:12:53 4 0 163
06:13:23 4 0 163
06:13:53 4 0 163
06:14:23 4 0 163
06:14:53 4 0 163
06:15:24 4 0 163
06:15:54 4 0 163
06:16:24 4 0 163
06:16:54 4 0 163
06:17:25 4 0 163
06:17:55 4 0 163
06:18:25 4 0 163
06:18:55 4 0 163
06:19:25 4 0 163
06:19:56 4 0 163
06:20:26 4 0 163
06:20:56 4 0 163
06:21:26 4 0 163
06:21:56 4 0 163
06:22:27 4 0 163
06:22:57 4 0 172
06:23:27 4 0 163
06:23:57 4 0 163
06:24:27 4 0 163
06:24:58 4 0 163
06:25:28 4 0 163
06:25:58 4 0 163
06:26:28 4 0 163
06:26:59 4 0 163
06:27:29 4 0 163
06:27:59 4 0 163
06:28:29 4 0 163
06:28:59 4 0 163
06:29:30 4 0 163
06:30:00 4 0 163
06:30:30 4 0 163
06:31:00 4 0 163
06:31:30 4 0 163
06:32:01 4 0 163
06:32:31 4 0 163
06:33:01 4 0 163
06:33:31 4 0 163
06:34:01 4 0 163
06:34:32 4 0 163
06:35:02 4 0 166
06:35:32 4 0 163
06:36:02 4 0 163
06:36:32 4 0 163
06:37:03 4 0 163
06:37:33 4 0 165
06:38:03 4 0 163
06:38:33 4 0 163
06:39:04 4 0 163
06:39:34 4 0 163
06:40:04 4 0 163
06:40:34 4 0 163
06:41:04 4 0 163
06:41:35 4 0 163
06:42:05 4 0 163
06:42:35 4 0 163
06:43:05 4 0 163
06:43:36 4 0 163
06:44:06 4 0 163
06:44:36 4 0 163
06:45:06 4 0 163
06:45:36 4 0 163
06:46:07 4 0 163
06:46:37 4 0 163
06:47:07 4 0 163
06:47:37 4 0 163
06:48:07 4 0 163
06:48:38 4 0 163
06:49:08 4 0 166
06:49:38 4 0 163
06:50:08 4 0 163
06:50:39 4 0 163
06:51:09 4 0 163
06:51:39 4 0 163
06:52:09 4 0 163
06:52:39 4 0 173
06:53:10 4 0 163
06:53:40 4 0 163
06:54:10 4 0 163
06:54:40 4 0 163
06:55:10 4 0 163
06:55:41 4 0 163
06:56:11 4 0 163
06:56:41 4 0 165
06:57:11 4 0 163
06:57:42 4 0 163
06:58:12 4 0 163
06:58:42 4 0 163
06:59:12 4 0 164
06:59:42 4 0 163
07:00:13 4 0 163
07:00:43 4 0 163
07:01:13 4 0 163
07:01:44 4 0 163
07:02:13 4 0 163
07:02:44 4 0 163
07:03:14 4 0 163
07:03:44 4 0 163
07:04:14 4 0 163
07:04:45 4 0 163
07:05:15 4 0 163
07:05:45 4 0 163
07:06:15 4 0 164
07:06:45 4 0 163
07:07:16 4 0 163
07:07:46 4 0 163
07:08:16 4 0 163
07:08:46 4 0 163
07:09:17 4 0 163
07:09:47 4 0 163
07:10:17 4 0 163
07:10:47 4 0 163
07:11:20 1 3 169
07:11:48 4 0 163
07:12:18 4 0 163
07:12:48 4 0 163
07:13:19 4 0 163
07:13:49 4 0 163
07:14:19 4 0 163
07:14:49 4 0 170
07:15:20 4 0 163
07:15:50 4 0 163
07:16:20 4 0 163
07:16:50 4 0 163
07:17:20 4 0 163
07:17:51 4 0 163
07:18:21 4 0 163
07:18:51 4 0 163
07:19:21 4 0 163
07:19:51 4 0 163
07:20:22 4 0 163
07:20:52 4 0 163
07:21:22 4 0 163
07:21:52 4 0 163
07:22:22 4 0 163
07:22:53 4 0 163
07:23:23 4 0 163
07:23:53 4 0 163
07:24:23 4 0 163
07:24:54 4 0 163
07:25:24 4 0 163
07:25:54 4 0 163
07:26:24 4 0 163
07:26:54 4 0 163
07:27:25 4 0 163
07:27:55 4 0 163
07:28:25 4 0 167
07:28:55 4 0 163
07:29:25 4 0 163
07:29:56 4 0 163
07:30:26 4 0 163
07:30:56 4 0 163
07:31:26 4 0 163
07:31:57 4 0 163
07:32:27 4 0 163
07:32:57 4 0 163
07:33:27 4 0 163
07:33:57 4 0 163
07:34:28 4 0 163
07:34:58 4 0 163
07:35:28 4 0 163
07:35:58 4 0 163
07:36:28 4 0 163
07:36:59 4 0 163
07:37:29 4 0 163
07:37:59 4 0 163
07:38:29 4 0 163
07:39:00 4 0 163
07:39:30 4 0 163
07:40:00 4 0 163
07:40:30 4 0 163
07:41:01 4 0 163
07:41:31 4 0 163
07:42:01 4 0 197
07:42:31 4 0 163
07:43:03 2 2 169
07:43:32 4 0 163
07:44:02 4 0 163
07:44:32 4 0 163
07:45:02 4 0 163
07:45:32 4 0 163
07:46:03 4 0 163
07:46:33 4 0 163
07:47:03 4 0 163
07:47:33 4 0 163
07:48:04 4 0 163
07:48:34 4 0 163
07:49:04 4 0 163
07:49:34 4 0 163
07:50:04 4 0 163
07:50:35 4 0 163
07:51:05 4 0 163
07:51:35 4 0 163
07:52:05 4 0 163
07:52:35 4 0 163
07:53:06 4 0 163
07:53:36 4 0 164
07:54:06 4 0 163
07:54:36 4 0 163
07:55:06 4 0 163
07:55:37 4 0 163
07:56:07 4 0 163
07:56:37 4 0 170
07:57:07 4 0 163
07:57:37 4 0 163
07:58:07 4 0 165
07:58:38 4 0 163
07:59:08 4 0 163
07:59:38 4 0 163
08:00:09 4 0 163
08:00:39 4 0 163
08:01:12 0 4 -1
08:01:42 0 4 -1
08:02:10 3 1 178
08:02:39 4 0 163
08:03:09 4 0 163
08:03:40 4 0 163
08:04:11 2 2 169
08:04:40 4 0 163
08:05:10 4 0 163
08:05:40 4 0 163
08:06:10 4 0 163
08:06:41 4 0 163
08:07:11 4 0 163
08:07:41 4 0 163
08:08:11 4 0 163
08:08:41 4 0 163
08:09:11 4 0 163
08:09:41 4 0 163
08:10:12 4 0 163
08:10:42 4 0 163
08:11:12 4 0 163
08:11:42 4 0 163
08:12:13 3 1 167
08:12:42 4 0 163
08:13:13 4 0 163
08:13:43 4 0 163
08:14:13 4 0 163
08:14:43 4 0 163
08:15:13 4 0 163
08:15:43 4 0 163
08:16:14 4 0 163
08:16:44 4 0 163
08:17:14 4 0 166
08:17:45 4 0 176
08:18:16 4 0 163
08:18:46 4 0 163
08:19:16 4 0 163
08:19:46 4 0 163
08:20:16 4 0 163
08:20:47 4 0 163
08:21:17 4 0 163
08:21:47 4 0 163
08:22:17 4 0 163
08:22:47 4 0 165
08:23:17 4 0 163
08:23:48 4 0 163
08:24:18 4 0 163
08:24:48 4 0 180
08:25:18 4 0 163
08:25:48 4 0 163
08:26:19 4 0 163
08:26:49 4 0 163
08:27:19 4 0 163
08:27:49 4 0 166
08:28:19 4 0 163
08:28:49 4 0 163
08:29:20 4 0 163
08:29:50 4 0 163
08:30:20 4 0 163
08:30:50 4 0 164
08:31:20 4 0 163
08:31:50 4 0 164
08:32:20 4 0 163
08:32:51 4 0 167
08:33:21 4 0 163
08:33:51 4 0 163
08:34:21 4 0 185
08:34:51 4 0 163
08:35:21 4 0 163
08:35:52 4 0 163
08:36:22 4 0 163
08:36:52 4 0 165
08:37:22 4 0 163
08:37:52 4 0 163
08:38:23 4 0 163
08:38:53 4 0 163
08:39:23 4 0 163
08:39:53 4 0 163
08:40:23 4 0 169
08:40:53 4 0 163
08:41:23 4 0 163
08:41:54 4 0 163
08:42:24 4 0 163
08:42:54 4 0 167
08:43:24 4 0 163
08:43:54 4 0 167
08:44:24 4 0 163
08:44:54 4 0 166
08:45:25 4 0 163
08:45:55 4 0 163
08:46:25 4 0 163
08:46:55 4 0 163
08:47:26 3 1 163
08:47:56 4 0 166
08:48:26 4 0 163
08:48:56 4 0 163
08:49:27 3 1 166
08:49:56 4 0 163
08:50:26 4 0 163
08:50:56 4 0 163
08:51:27 4 0 163
08:51:57 4 0 163
08:52:27 4 0 163
08:52:58 3 1 163
08:53:27 4 0 163
08:53:57 4 0 163
08:54:28 4 0 163
08:54:58 4 0 163
08:55:28 4 0 163
08:55:58 4 0 164
08:56:28 4 0 163
08:56:59 4 0 163
08:57:29 4 0 163
08:58:00 4 0 163
08:58:31 4 0 163
08:59:01 4 0 163
08:59:31 4 0 163
09:00:01 4 0 163
09:00:31 4 0 163
09:01:02 4 0 163
09:01:32 4 0 163
09:02:02 4 0 163
09:02:32 4 0 163
09:03:02 4 0 166
09:03:32 4 0 163
09:04:03 4 0 163
09:04:33 4 0 163
09:05:03 4 0 163
09:05:33 4 0 163
09:06:03 4 0 163
09:06:36 1 3 168
09:07:04 4 0 163
09:07:34 4 0 163
09:08:05 3 1 163
09:08:35 3 1 168
09:09:04 4 0 163
09:09:34 4 0 163
09:10:04 4 0 165
09:10:34 4 0 163
09:11:05 4 0 163
09:11:35 4 0 163
09:12:05 4 0 163
09:12:35 4 0 163
09:13:05 4 0 163
09:13:35 4 0 163
09:14:06 4 0 163
09:14:36 4 0 167
09:15:06 4 0 163
09:15:36 4 0 163
09:16:06 4 0 163
09:16:36 4 0 163
09:17:07 4 0 163
09:17:37 4 0 163
09:18:07 4 0 163
09:18:38 4 0 163
09:19:08 4 0 164
09:19:38 4 0 163
09:20:09 3 1 163
09:20:38 4 0 163
09:21:09 4 0 163
09:21:39 4 0 163
09:22:09 4 0 163
09:22:39 4 0 163
09:23:09 4 0 164
09:23:39 4 0 163
09:24:10 3 1 166
09:24:41 3 1 177
09:25:10 4 0 163
09:25:40 4 0 163
09:26:10 4 0 163
09:26:40 4 0 163
09:27:11 4 0 166
09:27:41 4 0 163
09:28:15 0 4 -1
09:28:45 0 4 -1
09:29:12 4 0 163
09:29:42 4 0 163
09:30:12 4 0 163
09:30:42 4 0 163
09:31:12 4 0 163
09:31:43 4 0 163
09:32:13 4 0 163
09:32:43 4 0 163
09:33:13 4 0 163
09:33:43 4 0 166
09:34:13 4 0 167
09:34:44 4 0 164
09:35:14 4 0 163
09:35:44 4 0 163
09:36:14 4 0 163
09:36:44 4 0 165
09:37:15 4 0 165
09:37:45 4 0 163
09:38:15 4 0 163
09:38:45 4 0 163
09:39:15 4 0 163
09:39:45 4 0 163
09:40:15 4 0 163
09:40:46 4 0 163
09:41:16 4 0 163
09:41:46 4 0 163
09:42:16 4 0 163
09:42:46 4 0 163
09:43:16 4 0 182
09:43:46 4 0 163
09:44:17 4 0 163
09:44:47 4 0 163
09:45:17 4 0 163
09:45:47 4 0 163
09:46:18 3 1 163
09:46:47 4 0 163
09:47:17 4 0 163
09:47:48 4 0 169
09:48:18 4 0 166
09:48:48 4 0 163
09:49:18 4 0 163
09:49:48 4 0 163
09:50:19 4 0 165
09:50:49 4 0 163
09:51:19 4 0 171
09:51:49 4 0 167
09:52:19 4 0 166
09:52:49 4 0 163
09:53:20 4 0 163
09:53:50 4 0 163
09:54:20 4 0 163
09:54:50 4 0 163
09:55:20 4 0 163
09:55:51 4 0 163
09:56:21 4 0 167
09:56:51 4 0 163
09:57:21 4 0 163
09:57:51 4 0 163
09:58:22 4 0 163
09:58:52 4 0 163
09:59:22 4 0 163
09:59:52 4 0 163
10:00:23 4 0 163
10:00:53 4 0 177
10:01:24 4 0 192
10:01:53 4 0 163
10:02:24 4 0 163
10:02:54 4 0 163
10:03:24 4 0 163
10:03:54 4 0 163
10:04:24 4 0 163
10:04:54 4 0 163
10:05:24 4 0 163
10:05:55 4 0 163
10:06:25 4 0 163
10:06:55 4 0 163
10:07:27 2 2 170
10:07:55 4 0 163
10:08:26 4 0 167
10:08:56 4 0 163
10:09:26 4 0 202
10:09:57 3 1 164
10:10:26 4 0 163
10:10:56 4 0 163
10:11:27 3 1 169
10:11:57 4 0 205
10:12:27 4 0 163
10:12:57 4 0 163
10:13:27 4 0 163
10:13:57 4 0 163
10:14:28 4 0 163
10:14:58 4 0 163
10:15:28 4 0 163
10:15:58 4 0 163
10:16:31 0 4 -1
10:17:02 0 4 -1
10:17:28 4 0 173
10:17:59 4 0 163
10:18:29 4 0 163
10:18:59 4 0 163
10:19:29 4 0 163
10:20:00 4 0 163
10:20:31 4 0 164
10:21:00 4 0 163
10:21:31 4 0 163
10:22:01 4 0 163
10:22:31 4 0 163
10:23:01 4 0 163
10:23:31 4 0 163
10:24:01 4 0 163
10:24:32 4 0 163
10:25:02 4 0 163
10:25:32 4 0 163
10:26:02 4 0 163
10:26:32 4 0 163
