00:00:06 4 0 165
00:00:36 4 0 165
00:01:23 4 0 165
00:01:51 4 0 165
00:02:12 4 0 165
00:02:41 4 0 166
00:03:11 4 0 165
00:03:40 4 0 165
00:04:12 4 0 165
00:04:44 4 0 165
00:05:14 4 0 165
00:05:44 4 0 165
00:06:14 4 0 165
00:06:45 4 0 165
00:07:16 4 0 165
02:00:03 4 0 165
02:00:34 4 0 165
02:01:04 4 0 165
02:01:35 4 0 169
02:02:05 4 0 165
02:02:35 4 0 165
02:03:05 4 0 165
02:03:35 4 0 165
02:04:05 4 0 171
02:04:36 4 0 165
02:05:06 4 0 165
02:05:36 4 0 165
02:06:06 4 0 169
02:06:37 3 1 169
02:07:07 4 0 165
02:07:37 4 0 165
02:08:07 4 0 165
02:08:38 4 0 165
02:09:08 4 0 165
02:09:38 4 0 167
02:10:08 4 0 165
02:10:38 4 0 165
02:11:09 4 0 165
02:11:39 4 0 165
02:12:09 4 0 165
02:12:39 4 0 165
02:13:09 4 0 165
02:13:40 4 0 165
02:14:10 4 0 168
02:14:40 4 0 165
02:15:10 4 0 165
02:15:41 4 0 165
02:16:11 4 0 165
02:16:41 4 0 165
02:17:11 4 0 165
02:17:41 4 0 168
02:18:11 4 0 165
02:18:42 4 0 165
02:19:12 4 0 165
02:19:42 4 0 166
02:20:12 4 0 165
02:20:43 4 0 165
02:21:13 4 0 165
02:21:43 4 0 166
02:22:13 4 0 165
02:22:43 4 0 165
02:23:13 4 0 165
02:23:44 4 0 165
02:24:14 4 0 165
02:24:44 4 0 169
02:25:14 4 0 165
02:25:45 4 0 165
02:26:15 4 0 165
02:26:45 4 0 165
02:27:15 4 0 165
02:27:46 4 0 165
02:28:17 3 1 169
02:28:46 4 0 165
02:29:16 4 0 165
02:29:46 4 0 165
02:30:16 4 0 165
02:30:47 4 0 165
02:31:18 3 1 168
02:31:47 4 0 165
02:32:17 4 0 165
02:32:48 4 0 165
02:33:18 4 0 165
02:33:49 3 1 170
02:34:18 4 0 169
02:34:51 1 3 170
02:35:19 4 0 171
02:35:49 4 0 165
02:36:19 4 0 165
02:36:49 4 0 165
02:37:19 4 0 168
02:37:50 4 0 165
02:38:20 4 0 176
02:38:50 4 0 165
02:39:20 4 0 165
02:39:51 4 0 165
02:40:21 4 0 165
02:40:51 4 0 165
02:41:24 1 3 170
02:41:51 4 0 165
02:42:21 4 0 165
02:42:52 4 0 165
02:43:22 4 0 165
02:43:52 4 0 165
02:44:22 4 0 165
02:44:54 3 1 168
02:45:23 4 0 168
02:45:53 4 0 165
02:46:23 4 0 165
02:46:53 4 0 168
02:47:24 3 1 168
02:47:54 4 0 165
02:48:24 4 0 165
02:48:54 4 0 169
02:49:24 4 0 165
02:49:55 4 0 165
02:50:25 4 0 165
02:50:55 4 0 165
02:51:25 4 0 165
02:51:57 2 2 171
02:52:26 4 0 165
02:52:56 4 0 165
02:53:26 4 0 165
02:53:56 4 0 165
02:54:27 4 0 165
02:54:57 4 0 165
02:55:27 4 0 165
02:55:57 4 0 165
02:56:28 4 0 165
02:56:58 4 0 165
02:57:28 4 0 165
02:58:00 2 2 169
02:58:28 4 0 165
02:58:59 4 0 165
02:59:29 4 0 165
02:59:59 4 0 165
03:00:29 4 0 165
03:01:00 4 0 165
03:01:30 4 0 172
03:02:00 4 0 165
03:02:30 4 0 165
03:03:00 4 0 165
03:03:31 4 0 165
03:04:01 4 0 165
03:04:31 4 0 199
03:05:01 4 0 165
03:05:32 4 0 167
03:06:02 4 0 165
03:06:32 4 0 169
03:07:05 1 3 169
03:07:33 4 0 165
03:08:03 4 0 165
03:08:33 4 0 165
03:09:03 4 0 165
03:09:33 4 0 165
03:10:04 4 0 165
03:10:34 4 0 165
03:11:04 4 0 165
03:11:34 4 0 169
03:12:05 4 0 165
03:12:35 4 0 165
03:13:05 4 0 165
03:13:35 4 0 165
03:14:05 4 0 165
03:14:35 4 0 165
03:15:06 4 0 165
03:15:36 4 0 165
03:16:06 4 0 165
03:16:37 4 0 165
03:17:07 4 0 165
03:17:37 4 0 165
03:18:07 4 0 165
03:18:37 4 0 165
03:19:08 4 0 165
03:19:38 4 0 165
03:20:08 4 0 165
03:20:38 4 0 165
03:21:09 4 0 165
03:21:39 4 0 165
03:22:09 4 0 165
03:22:39 4 0 165
03:23:09 4 0 165
03:23:40 4 0 165
03:24:10 4 0 165
03:24:40 4 0 165
03:25:10 4 0 165
03:25:41 4 0 165
03:26:11 4 0 165
03:26:41 4 0 165
03:27:11 4 0 165
03:27:41 4 0 165
03:28:12 4 0 165
03:28:42 4 0 165
03:29:12 4 0 165
03:29:42 4 0 165
03:30:13 4 0 165
03:30:43 4 0 165
03:31:13 4 0 165
03:31:43 4 0 165
03:32:13 4 0 165
03:32:43 4 0 165
03:33:14 4 0 165
03:33:44 4 0 165
03:34:15 4 0 165
03:34:45 4 0 165
03:35:15 4 0 165
03:35:46 4 0 165
03:36:16 4 0 165
03:36:46 4 0 165
03:37:16 4 0 165
03:37:47 4 0 186
03:38:17 4 0 165
03:38:47 4 0 165
03:39:17 4 0 165
03:39:47 4 0 165
03:40:18 4 0 165
03:40:48 4 0 165
03:41:18 4 0 165
03:41:48 4 0 165
03:42:19 4 0 165
03:42:49 4 0 165
03:43:20 3 1 167
03:43:49 4 0 165
03:44:19 4 0 165
03:44:50 4 0 165
03:45:20 4 0 165
03:45:50 4 0 165
03:46:20 4 0 165
03:46:50 4 0 165
03:47:21 4 0 165
03:47:51 4 0 165
03:48:21 4 0 165
03:48:51 4 0 165
03:49:22 4 0 165
03:49:52 4 0 179
03:50:22 4 0 165
03:50:52 4 0 181
03:51:23 4 0 165
03:51:53 4 0 165
03:52:23 4 0 165
03:52:53 4 0 165
03:53:23 4 0 165
03:53:53 4 0 165
03:54:24 4 0 165
03:54:54 4 0 165
03:55:24 4 0 165
03:55:55 4 0 165
03:56:25 4 0 167
03:56:55 4 0 165
03:57:25 4 0 165
03:57:55 4 0 165
03:58:26 4 0 165
03:58:56 4 0 165
03:59:26 4 0 165
03:59:56 4 0 165
04:00:27 4 0 165
04:00:57 4 0 165
04:01:27 4 0 165
04:01:57 4 0 178
04:02:28 4 0 165
04:02:58 4 0 165
04:03:28 4 0 166
04:03:58 4 0 165
04:04:28 4 0 165
04:04:59 4 0 165
04:05:29 4 0 165
04:05:59 4 0 165
04:06:29 4 0 165
04:06:59 4 0 165
04:07:30 4 0 165
04:08:00 4 0 167
04:08:30 4 0 192
04:09:00 4 0 176
04:09:31 4 0 165
04:10:02 3 1 169
04:10:31 4 0 170
04:11:01 4 0 165
04:11:32 3 1 169
04:12:02 4 0 165
04:12:32 4 0 165
04:13:02 4 0 165
04:13:32 4 0 165
04:14:02 4 0 166
04:14:33 4 0 165
04:15:03 4 0 165
04:15:33 4 0 167
04:16:03 4 0 165
04:16:34 4 0 165
04:17:04 4 0 165
04:17:34 4 0 165
04:18:04 4 0 165
04:18:34 4 0 165
04:19:04 4 0 165
04:19:35 4 0 165
04:20:05 4 0 165
04:20:35 4 0 168
04:21:05 4 0 165
04:21:36 4 0 165
04:22:06 4 0 165
04:22:36 4 0 165
04:23:06 4 0 165
04:23:36 4 0 165
04:24:08 2 2 169
04:24:37 4 0 165
04:25:07 4 0 165
04:25:37 4 0 165
04:26:07 4 0 165
04:26:38 4 0 165
04:27:08 4 0 165
04:27:38 4 0 166
04:28:08 4 0 165
04:28:39 4 0 165
04:29:09 4 0 165
04:29:39 4 0 165
04:30:09 4 0 165
04:30:39 4 0 165
04:31:09 4 0 165
04:31:40 4 0 165
04:32:10 4 0 165
04:32:40 4 0 165
04:33:10 4 0 165
04:33:41 4 0 165
04:34:11 4 0 165
04:34:41 4 0 165
04:35:11 4 0 166
04:35:42 3 1 165
04:36:12 4 0 165
04:36:42 4 0 165
04:37:12 4 0 165
04:37:42 4 0 165
04:38:13 4 0 165
04:38:43 4 0 165
04:39:14 3 1 170
04:39:43 4 0 165
04:40:13 4 0 165
04:40:44 4 0 165
04:41:14 4 0 165
04:41:44 4 0 165
04:42:14 4 0 165
04:42:45 4 0 165
04:43:15 4 0 165
04:43:45 4 0 165
04:44:15 4 0 169
04:44:45 4 0 165
04:45:16 4 0 165
04:45:46 4 0 165
04:46:16 4 0 165
04:46:46 4 0 165
04:47:16 4 0 166
04:47:47 4 0 165
04:48:17 4 0 165
04:48:47 4 0 165
04:49:17 4 0 165
04:49:47 4 0 165
04:50:18 4 0 166
04:50:48 4 0 165
04:51:18 4 0 212
04:51:48 4 0 165
04:52:18 4 0 165
04:52:49 4 0 167
04:53:19 4 0 165
04:53:49 4 0 165
04:54:19 4 0 165
04:54:50 4 0 165
04:55:20 4 0 165
04:55:50 4 0 165
04:56:20 4 0 165
04:56:51 4 0 165
04:57:21 4 0 165
04:57:51 4 0 165
04:58:21 4 0 165
04:58:51 4 0 165
04:59:21 4 0 165
04:59:52 4 0 165
05:00:22 4 0 165
05:00:52 4 0 165
05:01:22 4 0 165
05:01:53 4 0 165
05:02:23 4 0 165
05:02:53 4 0 165
05:03:23 4 0 165
05:03:53 4 0 165
05:04:23 4 0 165
05:04:54 4 0 165
05:05:24 4 0 165
05:05:54 4 0 165
05:06:26 2 2 171
05:06:55 4 0 165
05:07:25 4 0 165
05:07:55 4 0 165
05:08:25 4 0 167
05:08:55 4 0 165
05:09:26 4 0 165
05:09:56 4 0 165
05:10:26 4 0 165
05:10:56 4 0 165
05:11:26 4 0 165
05:11:57 4 0 165
05:12:27 4 0 186
05:12:57 4 0 165
05:13:28 3 1 169
05:13:58 4 0 165
05:14:28 4 0 165
05:14:58 4 0 165
05:15:28 4 0 165
05:15:58 4 0 165
05:16:29 4 0 165
05:16:59 4 0 165
05:17:29 4 0 165
05:17:59 4 0 165
05:18:29 4 0 165
05:19:00 4 0 165
05:19:30 4 0 167
05:20:00 4 0 165
05:20:30 4 0 165
05:21:01 4 0 165
05:21:31 4 0 165
05:22:01 4 0 165
05:22:31 4 0 165
05:23:01 4 0 165
05:23:32 4 0 165
05:24:02 4 0 165
05:24:32 4 0 165
05:25:02 4 0 165
05:25:32 4 0 168
05:26:03 4 0 165
05:26:33 4 0 165
05:27:03 4 0 165
05:27:33 4 0 165
05:28:04 4 0 165
05:28:34 4 0 165
05:29:04 4 0 165
05:29:34 4 0 165
05:30:04 4 0 165
05:30:34 4 0 165
05:31:05 4 0 165
05:31:35 4 0 165
05:32:05 4 0 165
05:32:35 4 0 165
05:33:06 4 0 165
05:33:36 4 0 165
05:34:06 4 0 165
05:34:36 4 0 165
05:35:06 4 0 165
05:35:37 4 0 165
05:36:07 4 0 165
05:36:37 4 0 165
05:37:07 4 0 165
05:37:38 4 0 165
05:38:08 4 0 165
05:38:38 4 0 165
05:39:08 4 0 165
05:39:38 4 0 165
05:40:09 4 0 165
05:40:39 4 0 165
05:41:09 4 0 165
05:41:39 4 0 165
05:42:10 4 0 165
05:42:40 4 0 165
05:43:10 4 0 165
05:43:40 4 0 165
05:44:10 4 0 165
05:44:41 4 0 165
05:45:11 4 0 165
05:45:41 4 0 165
05:46:11 4 0 165
05:46:41 4 0 165
05:47:12 4 0 165
05:47:42 4 0 165
05:48:12 4 0 165
05:48:42 4 0 165
05:49:12 4 0 165
05:49:43 4 0 165
05:50:13 4 0 165
05:50:43 4 0 167
05:51:13 4 0 165
05:51:43 4 0 165
05:52:14 4 0 165
05:52:44 4 0 165
05:53:14 4 0 165
05:53:44 4 0 165
05:54:15 4 0 165
05:54:45 4 0 165
05:55:15 4 0 165
05:55:45 4 0 165
05:56:16 4 0 165
05:56:46 4 0 165
05:57:16 4 0 165
05:57:46 4 0 165
05:58:17 4 0 165
05:58:47 4 0 165
05:59:17 4 0 165
05:59:47 4 0 165
06:00:17 4 0 165
06:00:48 4 0 165
06:01:18 4 0 165
06:01:48 4 0 165
06:02:18 4 0 165
06:02:48 4 0 168
06:03:19 4 0 165
06:03:49 4 0 165
06:04:19 4 0 165
06:04:49 4 0 165
06:05:20 4 0 165
06:05:50 4 0 165
06:06:20 4 0 165
06:06:50 4 0 165
06:07:20 4 0 165
06:07:50 4 0 165
06:08:21 4 0 165
06:08:51 4 0 165
06:09:21 4 0 165
06:09:51 4 0 165
06:10:22 4 0 165
06:10:52 4 0 165
06:11:22 4 0 165
06:11:52 4 0 165
06:12:22 4 0 165
06:12:53 4 0 165
06:13:23 4 0 165
06:13:53 4 0 165
06:14:23 4 0 165
06:14:53 4 0 165
06:15:24 4 0 165
06:15:54 4 0 165
06:16:24 4 0 165
06:16:54 4 0 165
06:17:25 4 0 165
06:17:55 4 0 165
06:18:25 4 0 165
06:18:55 4 0 165
06:19:25 4 0 165
06:19:55 4 0 165
06:20:26 4 0 165
06:20:56 4 0 167
06:21:26 4 0 165
06:21:56 4 0 165
06:22:27 4 0 165
06:22:57 4 0 174
06:23:27 4 0 165
06:23:57 4 0 165
06:24:27 4 0 165
06:24:57 4 0 165
06:25:28 4 0 165
06:25:58 4 0 165
06:26:28 4 0 165
06:26:58 4 0 165
06:27:29 4 0 165
06:27:59 4 0 165
06:28:29 4 0 165
06:28:59 4 0 165
06:29:30 4 0 165
06:30:00 4 0 165
06:30:30 4 0 165
06:31:00 4 0 165
06:31:30 4 0 165
06:32:00 4 0 165
06:32:31 4 0 165
06:33:01 4 0 165
06:33:31 4 0 165
06:34:01 4 0 165
06:34:32 4 0 165
06:35:02 4 0 165
06:35:32 4 0 165
06:36:02 4 0 165
06:36:32 4 0 165
06:37:03 4 0 165
06:37:33 4 0 165
06:38:03 4 0 165
06:38:33 4 0 165
06:39:04 4 0 165
06:39:34 4 0 165
06:40:04 4 0 165
06:40:34 4 0 165
06:41:04 4 0 165
06:41:35 4 0 165
06:42:05 4 0 165
06:42:35 4 0 165
06:43:05 4 0 165
06:43:36 4 0 165
06:44:06 4 0 165
06:44:36 4 0 165
06:45:06 4 0 165
06:45:36 4 0 165
06:46:06 4 0 165
06:46:37 4 0 165
06:47:07 4 0 165
06:47:37 4 0 165
06:48:07 4 0 166
06:48:38 4 0 165
06:49:08 4 0 165
06:49:38 4 0 165
06:50:08 4 0 165
06:50:39 4 0 165
06:51:09 4 0 165
06:51:39 4 0 165
06:52:09 4 0 165
06:52:39 4 0 176
06:53:09 4 0 165
06:53:40 4 0 165
06:54:10 4 0 166
06:54:40 4 0 165
06:55:10 4 0 165
06:55:41 4 0 165
06:56:11 4 0 165
06:56:41 4 0 169
06:57:11 4 0 165
06:57:42 4 0 165
06:58:12 4 0 165
06:58:42 4 0 165
06:59:12 4 0 165
06:59:42 4 0 165
07:00:12 4 0 165
07:00:43 4 0 165
07:01:13 4 0 165
07:01:44 4 0 165
07:02:13 4 0 165
07:02:44 4 0 165
07:03:14 4 0 165
07:03:44 4 0 165
07:04:14 4 0 165
07:04:45 4 0 165
07:05:15 4 0 165
07:05:45 4 0 165
07:06:15 4 0 165
07:06:45 4 0 165
07:07:16 4 0 165
07:07:46 4 0 165
07:08:16 4 0 165
07:08:46 4 0 169
07:09:16 4 0 165
07:09:47 4 0 165
07:10:17 4 0 165
07:10:47 4 0 166
07:11:17 4 0 165
07:11:48 4 0 165
07:12:18 4 0 165
07:12:48 4 0 165
07:13:19 4 0 165
07:13:49 4 0 165
07:14:19 4 0 165
07:14:49 4 0 165
07:15:19 4 0 165
07:15:50 4 0 165
07:16:20 4 0 165
07:16:50 4 0 165
07:17:20 4 0 165
07:17:51 4 0 165
07:18:21 4 0 165
07:18:51 4 0 165
07:19:21 4 0 165
07:19:51 4 0 165
07:20:22 4 0 165
07:20:52 4 0 165
07:21:22 4 0 165
07:21:52 4 0 165
07:22:24 2 2 169
07:22:53 4 0 165
07:23:23 4 0 165
07:23:53 4 0 165
07:24:23 4 0 165
07:24:53 4 0 165
07:25:24 4 0 165
07:25:54 4 0 165
07:26:24 4 0 165
07:26:54 4 0 165
07:27:25 4 0 165
07:27:55 4 0 165
07:28:25 4 0 165
07:28:55 4 0 165
07:29:25 4 0 165
07:29:56 4 0 165
07:30:26 4 0 165
07:30:56 4 0 169
07:31:26 4 0 165
07:31:57 4 0 165
07:32:27 4 0 165
07:32:57 4 0 165
07:33:27 4 0 165
07:33:57 4 0 168
07:34:27 4 0 165
07:34:58 4 0 165
07:35:28 4 0 165
07:35:59 3 1 168
07:36:28 4 0 165
07:36:59 4 0 165
07:37:29 4 0 165
07:37:59 4 0 165
07:38:29 4 0 165
07:39:00 4 0 165
07:39:30 4 0 165
07:40:00 4 0 166
07:40:30 4 0 165
07:41:00 4 0 165
07:41:31 4 0 165
07:42:01 4 0 194
07:42:31 4 0 165
07:43:01 4 0 165
07:43:31 4 0 165
07:44:02 4 0 165
07:44:32 4 0 165
07:45:02 4 0 165
07:45:32 4 0 165
07:46:03 4 0 165
07:46:33 4 0 165
07:47:03 4 0 165
07:47:33 4 0 165
07:48:04 4 0 165
07:48:34 4 0 165
07:49:04 4 0 165
07:49:34 4 0 165
07:50:04 4 0 165
07:50:34 4 0 165
07:51:05 4 0 165
07:51:35 4 0 165
07:52:05 4 0 165
07:52:35 4 0 165
07:53:06 4 0 165
07:53:36 4 0 165
07:54:06 4 0 165
07:54:36 4 0 165
07:55:06 4 0 165
07:55:36 4 0 165
07:56:07 4 0 165
07:56:37 4 0 165
07:57:07 4 0 165
07:57:39 4 0 166
07:58:10 4 0 165
07:58:41 4 0 165
07:59:11 4 0 165
07:59:41 4 0 165
08:00:12 4 0 165
08:00:42 4 0 165
08:01:15 0 4 -1
08:01:45 1 3 512
08:02:12 4 0 165
08:02:42 4 0 165
08:03:12 4 0 165
08:03:43 4 0 167
08:04:13 4 0 165
08:04:43 4 0 165
08:05:13 4 0 165
08:05:43 4 0 165
08:06:13 4 0 165
08:06:44 4 0 165
08:07:14 4 0 165
08:07:44 4 0 165
08:08:14 4 0 165
08:08:44 4 0 165
08:09:14 4 0 165
08:09:45 4 0 165
08:10:15 4 0 165
08:10:45 4 0 165
08:11:15 4 0 165
08:11:45 4 0 165
08:12:15 4 0 165
08:12:46 4 0 165
08:13:16 4 0 165
08:13:46 4 0 165
08:14:16 4 0 165
08:14:46 4 0 165
08:15:16 4 0 165
08:15:46 4 0 165
08:16:17 4 0 165
08:16:47 4 0 165
08:17:17 4 0 165
08:17:47 4 0 165
08:18:18 4 0 168
08:18:48 4 0 165
08:19:18 4 0 165
08:19:48 4 0 165
08:20:18 4 0 165
08:20:49 4 0 165
08:21:19 4 0 169
08:21:49 4 0 166
08:22:19 4 0 165
08:22:49 4 0 165
08:23:19 4 0 165
08:23:50 4 0 165
08:24:20 4 0 165
08:24:50 4 0 170
08:25:21 3 1 169
08:25:50 4 0 165
08:26:21 4 0 165
08:26:51 4 0 165
08:27:21 4 0 165
08:27:51 4 0 165
08:28:21 4 0 165
08:28:52 4 0 165
08:29:22 4 0 165
08:29:52 4 0 165
08:30:22 4 0 165
08:30:52 4 0 165
08:31:22 4 0 165
08:31:52 4 0 165
08:32:22 4 0 165
08:32:53 4 0 165
08:33:23 4 0 165
08:33:53 4 0 165
08:34:23 4 0 165
08:34:53 4 0 165
08:35:23 4 0 165
08:35:54 4 0 165
08:36:24 4 0 165
08:36:54 4 0 165
08:37:24 4 0 165
08:37:54 4 0 165
08:38:25 4 0 165
08:38:55 4 0 165
08:39:25 4 0 165
08:39:55 4 0 165
08:40:25 4 0 185
08:40:55 4 0 165
08:41:25 4 0 165
08:41:56 4 0 171
08:42:26 4 0 165
08:42:56 4 0 165
08:43:26 4 0 165
08:43:56 4 0 165
08:44:26 4 0 165
08:44:57 4 0 165
08:45:27 4 0 165
08:45:57 4 0 165
08:46:27 4 0 165
08:46:57 4 0 165
08:47:27 4 0 165
08:47:58 4 0 165
08:48:28 4 0 169
08:48:58 4 0 165
08:49:28 4 0 165
08:49:58 4 0 165
08:50:28 4 0 165
08:50:59 4 0 165
08:51:29 4 0 165
08:51:59 4 0 165
08:52:29 4 0 165
08:52:59 4 0 165
08:53:29 4 0 165
08:54:00 4 0 165
08:54:30 4 0 165
08:55:00 4 0 165
08:55:30 4 0 165
08:56:00 4 0 165
08:56:30 4 0 165
08:57:01 4 0 165
08:57:31 4 0 165
08:58:01 4 0 165
08:58:32 4 0 165
08:59:02 4 0 165
08:59:32 4 0 165
09:00:02 4 0 165
09:00:32 4 0 165
09:01:03 4 0 165
09:01:33 4 0 168
09:02:03 4 0 168
09:02:33 4 0 165
09:03:03 4 0 165
09:03:33 4 0 165
09:04:05 3 1 169
09:04:34 4 0 165
09:05:04 4 0 165
09:05:34 4 0 165
09:06:04 4 0 165
09:06:34 4 0 165
09:07:05 4 0 165
09:07:35 4 0 165
09:08:05 4 0 165
09:08:35 4 0 165
09:09:05 4 0 165
09:09:35 4 0 165
09:10:05 4 0 165
09:10:35 4 0 165
09:11:06 4 0 165
09:11:36 4 0 165
09:12:06 4 0 165
09:12:36 4 0 165
09:13:06 4 0 165
09:13:36 4 0 165
09:14:07 4 0 165
09:14:37 4 0 165
09:15:07 4 0 165
09:15:37 4 0 165
09:16:07 4 0 167
09:16:37 4 0 169
09:17:08 4 0 169
09:17:38 4 0 165
09:18:08 4 0 165
09:18:39 4 0 165
09:19:09 4 0 165
09:19:39 4 0 165
09:20:09 4 0 165
09:20:39 4 0 165
09:21:10 4 0 165
09:21:41 3 1 165
09:22:10 4 0 165
09:22:40 4 0 165
09:23:10 4 0 165
09:23:40 4 0 165
09:24:11 4 0 167
09:24:41 4 0 173
09:25:11 4 0 165
09:25:41 4 0 165
09:26:11 4 0 165
09:26:41 4 0 165
09:27:12 4 0 165
09:27:42 4 0 165
09:28:15 2 2 503
09:28:45 1 3 392
09:29:13 4 0 165
09:29:43 4 0 165
09:30:13 4 0 165
09:30:43 4 0 165
09:31:14 4 0 165
09:31:45 3 1 165
09:32:15 3 1 165
09:32:44 4 0 165
09:33:14 4 0 165
09:33:44 4 0 165
09:34:15 4 0 168
09:34:45 4 0 165
09:35:15 4 0 165
09:35:45 4 0 165
09:36:15 4 0 165
09:36:45 4 0 166
09:37:16 4 0 165
09:37:46 4 0 165
09:38:16 4 0 165
09:38:46 4 0 165
09:39:16 4 0 165
09:39:46 4 0 165
09:40:16 4 0 165
09:40:47 4 0 165
09:41:17 4 0 165
09:41:47 4 0 165
09:42:17 4 0 165
09:42:47 4 0 165
09:43:17 4 0 165
09:43:47 4 0 165
09:44:18 4 0 165
09:44:48 3 1 165
09:45:19 3 1 165
09:45:48 4 0 165
09:46:18 4 0 165
09:46:48 4 0 165
09:47:19 4 0 165
09:47:49 4 0 165
09:48:19 4 0 165
09:48:49 4 0 165
09:49:19 4 0 165
09:49:49 4 0 165
09:50:20 4 0 165
09:50:50 4 0 165
09:51:20 4 0 197
09:51:50 4 0 165
09:52:20 4 0 165
09:52:51 3 1 165
09:53:21 4 0 168
09:53:51 4 0 165
09:54:21 4 0 165
09:54:51 4 0 165
09:55:22 4 0 165
09:55:52 4 0 165
09:56:22 4 0 165
09:56:52 4 0 165
09:57:22 4 0 168
09:57:52 4 0 165
09:58:23 4 0 165
09:58:53 4 0 165
09:59:23 4 0 165
09:59:54 4 0 165
10:00:24 4 0 165
10:00:54 4 0 165
10:01:25 4 0 193
10:01:54 4 0 165
10:02:25 4 0 165
10:02:55 4 0 165
10:03:25 4 0 165
10:03:55 4 0 165
10:04:25 4 0 165
10:04:55 4 0 165
10:05:26 4 0 165
10:05:56 4 0 165
10:06:26 4 0 165
10:06:56 4 0 165
10:07:26 4 0 165
10:07:56 4 0 165
10:08:27 4 0 165
10:08:57 4 0 165
10:09:27 4 0 174
10:09:57 4 0 165
10:10:27 4 0 165
10:10:57 4 0 165
10:11:28 4 0 165
10:11:58 4 0 201
10:12:28 4 0 166
10:12:58 4 0 165
10:13:28 4 0 165
10:13:58 4 0 165
10:14:29 4 0 165
10:14:59 4 0 165
10:15:29 4 0 165
10:15:59 4 0 165
10:16:32 1 3 508
10:17:03 0 4 -1
10:17:30 4 0 165
10:18:00 4 0 165
10:18:30 4 0 165
10:19:00 4 0 165
10:19:30 4 0 165
10:20:01 4 0 165
10:20:31 4 0 165
10:21:02 4 0 165
10:21:32 4 0 165
10:22:02 4 0 165
10:22:32 4 0 165
10:23:02 4 0 165
10:23:32 4 0 165
10:24:02 4 0 165
10:24:33 4 0 165
10:25:04 3 1 165
10:25:33 4 0 165
10:26:03 4 0 165
10:26:33 4 0 165
