00:01:21 28401 11232
00:01:59 59472 2352
00:02:58 32349 2608
00:04:03 30115 4058
00:05:02 46820 2807
00:06:03 -1 -1
00:07:12 23483 3740
02:00:05 2538 1278
02:01:06 23552 2620
02:02:06 42052 2791
02:03:06 103741 6070
02:04:07 111796 5116
02:05:07 71624 2819
02:06:08 3713 2538
02:07:08 267678 3742
02:08:08 269035 4788
02:09:09 274669 5155
02:10:09 268013 4195
02:11:10 277044 5151
02:12:10 276583 5993
02:13:11 63390 3217
02:14:11 117121 9635
02:15:11 12814 1062
02:16:12 61563 6564
02:17:12 48797 4922
02:18:13 24759 3271
02:19:13 5511 2327
02:20:13 2607 1245
02:21:14 1151 999
02:22:14 1244 1370
02:23:15 14572 13796
02:24:15 12910 1189
02:25:16 1455 1344
02:26:16 202961 10184
02:27:16 809 906
02:28:17 15497 1220
02:29:17 43171 2886
02:30:18 733 767
02:31:18 6089 3148
02:32:19 2535 1550
02:33:19 55310 3264
02:34:19 1258 1109
02:35:20 5567 688
02:36:20 17228 2127
02:37:21 49959 2775
02:38:21 48015 3733
02:39:21 920 1142
02:40:22 5951 1439
02:41:22 23423 3134
02:42:23 812 841
02:43:26 921 752
02:44:24 27940 1599
02:45:24 57789 4001
02:46:24 1102 782
02:47:25 31478 2869
02:48:25 592 520
02:49:25 603 1039
02:50:26 2050 1534
02:51:26 781 968
02:52:27 17127 2771
02:53:27 433 520
02:54:28 301 628
02:55:28 16543 1582
02:56:29 60441 11262
02:57:29 77581 4725
02:58:30 147229 7748
02:59:30 67227 4480
03:00:31 301 328
03:01:31 2956 1045
03:02:31 2970 1816
03:03:32 64898 4470
03:04:32 914 1278
03:05:33 2660 1933
03:06:33 16613 3503
03:07:34 60810 15094
03:08:34 1901 1007
03:09:35 301 388
03:10:35 359 640
03:11:35 305 388
03:12:36 644 710
03:13:36 10425 1699
03:14:37 2012 920
03:15:40 11273 2089
03:16:38 15133 7796
03:17:38 4880 7100
03:18:39 78341 3281
03:19:39 39175 2742
03:20:40 32683 2188
03:21:40 5852 893
03:22:40 14966 35838
03:23:41 9190 6437
03:24:41 29617 4454
03:25:42 6658 1399
03:26:42 301 388
03:27:43 7216 1216
03:28:43 7666 1120
03:29:47 1880 768
03:30:44 652 546
03:31:44 10643 1182
03:32:45 470 534
03:33:45 43973 2045
03:34:46 3250 2604
03:35:47 13712 1507
03:36:47 1947 812
03:37:48 4893 709
03:38:48 301 916
03:39:49 582 490
03:40:49 132021 1948
03:41:49 2243 940
03:42:50 54151 6350
03:43:50 3710 792
03:44:51 19230 2471
03:45:51 19291 3933
03:46:52 421 526
03:47:52 4520 3641
03:48:52 82154 7768
03:49:53 16145 2834
03:50:53 15543 1806
03:51:54 489 601
03:52:54 305 328
03:53:55 30471 3982
03:54:55 9439 20734
03:55:56 140092 5014
03:56:56 2816 1922
03:57:57 4063 1894
03:58:57 672 852
03:59:58 433 520
04:00:58 301 460
04:01:58 41265 2548
04:02:59 2494 1252
04:03:59 1003 972
04:05:00 1001 915
04:06:00 28195 6843
04:07:01 680 803
04:08:01 10553 1893
04:09:01 115642 4344
04:10:02 5429 3698
04:11:02 2457 3414
04:12:03 33946 7574
04:13:03 10224 7023
04:14:04 6243 7859
04:15:04 24247 8643
04:16:05 6971 7979
04:17:05 1255 2510
04:18:05 3387 4862
04:19:06 54441 14018
04:20:06 4803 6686
04:21:06 4943 4173
04:22:07 78773 8385
04:23:07 102515 6633
04:24:08 151262 10974
04:25:08 2518 3484
04:26:09 4729 5089
04:27:09 11122 5396
04:28:09 62488 5387
04:29:10 3055 4276
04:30:10 4821 2542
04:31:11 25134 7977
04:32:11 6906 9806
04:33:11 3271 4682
04:34:12 58401 6942
04:35:12 2015 2696
04:36:13 53078 6097
04:37:13 60206 10022
04:38:14 10813 6936
04:39:14 160738 8882
04:40:15 168597 18173
04:41:15 20905 6153
04:42:15 6285 7939
04:43:16 53464 5720
04:44:16 2430 2553
04:45:17 11944 6078
04:46:17 5169 6629
04:47:18 175376 37984
04:48:18 17142 7781
04:49:23 3598 5735
04:50:19 3842 5759
04:51:19 3205 4558
04:52:20 14971 6864
04:53:20 54729 5078
04:54:20 37180 3948
04:55:21 1527 2120
04:56:21 75939 5134
04:57:22 63993 7209
04:58:22 2652 3391
04:59:23 3044 4201
05:00:23 5249 5503
05:01:27 151897 6418
05:02:24 4207 5519
05:03:24 26519 13951
05:04:25 3648 4380
05:05:25 5781 5924
05:06:25 4120 5444
05:07:26 191304 16326
05:08:26 2789 3573
05:09:27 27483 4696
05:10:27 7083 5327
05:11:28 7284 4201
05:12:28 2303 4867
05:13:38 3107 3950
05:14:29 2685 3725
05:15:29 206951 11251
05:16:30 3419 4509
05:17:30 19759 5566
05:18:33 11773 7826
05:19:31 24209 4588
05:20:32 65599 20125
05:21:32 2037 2916
05:22:32 7011 3494
05:23:33 111452 7864
05:24:33 3987 5269
05:25:34 5455 5652
05:26:34 5882 3468
05:27:34 57218 7786
05:28:35 1011 1334
05:29:35 5381 4650
05:30:36 64366 9181
05:31:36 2474 3180
05:32:40 2788 3540
05:33:37 22345 5114
05:34:37 32854 5692
05:35:38 92605 7750
05:36:38 3610 5105
05:37:39 15557 6035
05:38:39 3071 4578
05:39:40 45313 4982
05:40:40 18083 5995
05:41:40 20861 7282
05:42:41 4680 6536
05:43:41 9840 7316
05:44:42 39064 8578
05:45:42 4466 6353
05:46:43 101189 10375
05:47:43 18604 6817
05:48:46 3215 4395
05:49:44 2743 3994
05:50:44 2707 2250
05:51:45 22242 5145
05:52:45 3435 5097
05:53:46 7180 5497
05:54:46 4726 3773
05:55:46 32832 2658
05:56:47 21944 10103
05:57:47 75168 6848
05:58:48 18214 12804
05:59:48 8015 11616
06:00:49 52282 6738
06:01:49 17206 8071
06:02:50 4041 4938
06:03:50 3718 5170
06:04:50 25019 12199
06:05:51 133571 13541
06:06:51 54752 7587
06:07:52 3288 4774
06:08:52 36233 9140
06:09:52 3744 3393
06:10:53 3861 3722
06:11:53 38509 4134
06:12:54 29844 10294
06:13:54 29507 6370
06:14:55 28491 5561
06:15:55 1713 2640
06:16:55 18562 4699
06:17:56 4259 5129
06:18:56 5333 3492
06:19:57 4616 5519
06:20:57 3274 4550
06:21:57 313764 14550
06:22:58 3441 4833
06:23:58 16175 6526
06:24:59 2587 3119
06:25:59 5237 7041
06:27:00 4836 6894
06:28:00 7563 7375
06:29:00 191164 11257
06:30:01 7246 10175
06:31:01 42949 8488
06:32:02 293259 14193
06:33:02 64663 8273
06:34:03 7425 5754
06:35:03 16975 8122
06:36:03 4665 6589
06:37:04 3333 4816
06:38:04 831 938
06:39:05 4513 6442
06:40:05 8751 7717
06:41:06 3080 4278
06:42:06 5733 5785
06:43:06 16102 6172
06:44:07 12625 6410
06:45:07 5781 6471
06:46:08 78090 8863
06:47:08 7133 7506
06:48:08 4321 5191
06:49:09 2895 3201
06:50:09 18282 12317
06:51:10 4688 3902
06:52:10 21098 4829
06:53:11 22387 7236
06:54:11 83391 11299
06:55:11 7023 7116
06:56:12 73838 7158
06:57:12 4583 5278
06:58:13 4473 9004
06:59:13 5913 8306
07:00:14 13034 7703
07:01:14 4674 6238
07:02:15 7125 3160
07:03:15 9140 5288
07:04:15 191200 13101
07:05:16 46153 10407
07:06:16 14129 6889
07:07:17 14227 5054
07:08:17 10550 6426
07:09:18 33996 4955
07:10:18 3977 5573
07:11:21 3136 2769
07:12:19 30744 3659
07:13:20 3874 6128
07:14:20 3624 4910
07:15:21 3303 4640
07:16:21 3929 5710
07:17:22 80629 6479
07:18:22 4428 4732
07:19:22 17159 6781
07:20:23 12730 6603
07:21:23 21013 4772
07:22:24 148041 11273
07:23:24 8851 4799
07:24:24 57227 8161
07:25:25 7259 8242
07:26:25 16654 6411
07:27:26 5305 4754
07:28:26 170184 13995
07:29:26 33350 11592
07:30:27 36466 8756
07:31:27 32294 4252
07:32:28 42076 3431
07:33:28 44758 5238
07:34:29 76744 12502
07:35:29 4408 6477
07:36:29 17258 8849
07:37:30 17711 4025
07:38:31 1829 2792
07:39:31 3285 4602
07:40:31 2704 3697
07:41:32 2303 3214
07:42:32 30972 7611
07:43:33 20176 7073
07:44:33 10237 3096
07:45:34 127203 8556
07:46:34 4902 5217
07:47:34 2562 3232
07:48:35 1818 2490
07:49:35 4746 4167
07:50:36 2644 3492
07:51:36 3179 4298
07:52:36 2955 4136
07:53:37 3411 4742
07:54:37 4377 4346
07:55:38 82141 6324
07:56:38 20203 6141
07:57:38 7082 7315
07:58:39 34270 8146
07:59:39 68960 7164
08:00:40 52345 8862
08:01:59 -1 -1
08:02:40 3064 4518
08:03:41 3713 2466
08:04:41 2164 3108
08:05:41 2291 3197
08:06:42 2725 3628
08:07:42 18506 4219
08:08:42 3568 5090
08:09:42 14265 4190
08:10:43 2281 2952
08:11:43 1614 2394
08:12:43 1139 1590
08:13:44 3320 4100
08:14:44 5068 5220
08:15:44 5448 7870
08:16:45 4068 4130
08:17:46 7248 10348
08:18:46 25561 11435
08:19:46 7266 8981
08:20:47 6568 7223
08:21:47 3926 2845
08:22:47 141919 11764
08:23:48 25665 5247
08:24:48 4934 7108
08:25:48 24357 10231
08:26:49 5118 7078
08:27:49 31077 3941
08:28:49 2580 4161
08:29:50 28153 7572
08:30:50 131886 8673
08:31:50 2709 2800
08:32:51 6002 6672
08:33:51 3462 5147
08:34:51 3172 4688
08:35:52 2316 3130
08:36:52 29836 4158
08:37:52 2199 3205
08:38:53 10361 5440
08:39:53 9160 8503
08:40:53 4431 6552
08:41:54 216279 14488
08:42:54 5024 7024
08:43:57 4099 5630
08:44:55 2997 4103
08:45:55 5505 7635
08:46:55 16338 6097
08:47:56 265289 24467
08:48:56 3520 4978
08:49:56 4179 5684
08:50:57 27646 7016
08:51:57 159075 14844
08:52:57 5372 7282
08:53:57 64136 9088
08:54:58 3918 5709
08:55:58 52758 4933
08:56:59 6296 8992
08:58:00 9440 13668
08:59:00 296320 21015
09:00:00 229118 9320
09:01:01 23494 8824
09:02:01 3952 4962
09:03:01 4576 6121
09:04:01 9001 3866
09:05:02 2693 3844
09:06:02 4003 5681
09:07:02 24392 6086
09:08:03 51319 5672
09:09:03 2038 3036
09:10:03 4204 6226
09:11:04 32105 29772
09:12:04 2738 3908
09:13:04 132966 8367
09:14:05 29198 6757
09:15:05 3474540 56350
09:16:05 56661 7322
09:17:05 3055 4354
09:18:07 4022 5360
09:19:07 4319 4622
09:20:07 2619 3745
09:21:07 3714 5164
09:22:08 29539 7077
09:23:08 56423 5983
09:24:08 53212 3151
09:25:09 4248 4149
09:26:09 4090 5167
09:27:10 1683 2236
09:28:30 -1 -1
09:29:11 185012 11384
09:30:11 210532 12179
09:31:11 81509 4915
09:32:12 98210 5639
09:33:12 2002 2942
09:34:16 3097 2100
09:35:13 45922 5126
09:36:13 3589 3534
09:37:13 55185 5106
09:38:14 17720 16755
09:39:14 3508 2891
09:40:14 60135 7687
09:41:15 2987 2481
09:42:15 2252 1718
09:43:15 1498 2219
09:44:16 12552 2124
09:45:16 3124 1374
09:46:19 27342 13762
09:47:17 259879 11770
09:48:17 47054 4202
09:49:17 3174 1718
09:50:18 495 442
09:51:18 16561 3713
09:52:18 5318 4362
09:53:19 11390 3048
09:54:19 174654 13221
09:55:19 35617 4663
09:56:20 1842 2095
09:57:20 57793 8147
09:58:21 1476 1732
09:59:21 4031 2883
10:00:22 350672 16444
10:01:22 95506 14071
10:02:23 243148 19736
10:03:23 396600 19107
10:04:23 22752 8742
10:05:23 245325 18135
10:06:24 105067 15767
10:07:24 11056 4051
10:08:25 44061 7928
10:09:25 48469 62448
10:10:25 87842 97194
10:11:25 68126 12861
10:12:26 6370 2212
10:13:26 107011 99541
10:14:27 281347 19089
10:15:27 3736 4227
10:16:46 -1 -1
10:17:27 20281 2582
10:18:28 44178 4239
10:19:28 61077 6990
10:20:29 14569 5545
10:21:29 52222 9509
10:22:29 1627 2150
10:23:29 299623 35244
10:24:30 25866 6212
10:25:30 65464 56708
10:26:30 13218 2456
