00:00:23 4 0 164
00:00:57 4 0 162
00:01:40 4 0 168
00:01:55 4 0 165
00:02:23 4 0 166
00:02:53 4 0 163
00:03:24 4 0 167
00:03:56 4 0 162
00:04:27 4 0 187
00:04:57 4 0 165
00:05:28 4 0 161
00:05:58 4 0 165
00:06:30 3 1 164
00:07:11 4 0 170
02:00:04 4 0 162
02:00:34 4 0 162
02:01:04 4 0 161
02:01:35 4 0 161
02:02:05 4 0 161
02:02:35 4 0 162
02:03:05 4 0 162
02:03:35 4 0 163
02:04:06 4 0 166
02:04:36 4 0 162
02:05:06 4 0 161
02:05:36 4 0 161
02:06:06 4 0 162
02:06:37 4 0 161
02:07:07 4 0 162
02:07:37 4 0 161
02:08:07 4 0 161
02:08:38 4 0 161
02:09:08 4 0 163
02:09:38 4 0 162
02:10:08 4 0 161
02:10:38 4 0 161
02:11:09 4 0 162
02:11:39 4 0 161
02:12:09 4 0 161
02:12:39 4 0 165
02:13:09 4 0 162
02:13:40 4 0 161
02:14:10 4 0 162
02:14:40 4 0 165
02:15:10 4 0 161
02:15:41 4 0 164
02:16:11 4 0 162
02:16:41 4 0 162
02:17:11 4 0 162
02:17:41 4 0 161
02:18:12 4 0 161
02:18:42 4 0 163
02:19:12 4 0 162
02:19:42 4 0 161
02:20:12 4 0 162
02:20:43 4 0 161
02:21:13 4 0 164
02:21:43 4 0 161
02:22:13 4 0 161
02:22:43 4 0 161
02:23:14 4 0 161
02:23:44 4 0 162
02:24:14 4 0 161
02:24:44 4 0 162
02:25:15 4 0 161
02:25:45 4 0 161
02:26:15 4 0 163
02:26:45 4 0 161
02:27:15 4 0 161
02:27:46 4 0 161
02:28:16 4 0 161
02:28:46 4 0 162
02:29:16 4 0 162
02:29:46 4 0 161
02:30:17 4 0 161
02:30:47 4 0 163
02:31:17 4 0 164
02:31:47 4 0 161
02:32:17 4 0 162
02:32:48 4 0 161
02:33:18 4 0 161
02:33:48 4 0 163
02:34:18 4 0 161
02:34:48 4 0 161
02:35:19 4 0 163
02:35:49 4 0 162
02:36:19 4 0 161
02:36:49 4 0 162
02:37:20 4 0 161
02:37:50 4 0 161
02:38:20 4 0 169
02:38:50 4 0 164
02:39:20 4 0 161
02:39:51 3 1 164
02:40:21 4 0 161
02:40:51 4 0 162
02:41:21 4 0 161
02:41:51 4 0 162
02:42:22 4 0 162
02:42:52 4 0 161
02:43:22 4 0 161
02:43:52 4 0 161
02:44:22 4 0 161
02:44:53 4 0 162
02:45:23 4 0 162
02:45:53 4 0 161
02:46:23 4 0 161
02:46:53 4 0 161
02:47:24 4 0 163
02:47:54 4 0 162
02:48:24 4 0 161
02:48:54 4 0 163
02:49:24 4 0 161
02:49:55 4 0 163
02:50:25 4 0 162
02:50:55 4 0 161
02:51:25 4 0 161
02:51:56 4 0 161
02:52:26 4 0 161
02:52:56 4 0 161
02:53:26 4 0 161
02:53:56 4 0 161
02:54:27 4 0 161
02:54:57 4 0 161
02:55:27 4 0 161
02:55:57 4 0 161
02:56:28 4 0 161
02:56:58 4 0 161
02:57:28 4 0 161
02:57:58 4 0 162
02:58:29 4 0 163
02:58:59 4 0 161
02:59:29 4 0 161
02:59:59 4 0 169
03:00:29 4 0 161
03:01:00 4 0 161
03:01:30 4 0 161
03:02:00 4 0 161
03:02:30 4 0 161
03:03:00 4 0 162
03:03:31 4 0 161
03:04:01 4 0 161
03:04:31 4 0 196
03:05:01 4 0 161
03:05:32 4 0 161
03:06:02 4 0 161
03:06:32 4 0 162
03:07:02 4 0 161
03:07:33 4 0 161
03:08:03 4 0 161
03:08:33 4 0 161
03:09:03 4 0 161
03:09:33 4 0 161
03:10:04 4 0 161
03:10:34 4 0 161
03:11:04 4 0 161
03:11:34 4 0 161
03:12:05 4 0 161
03:12:35 4 0 161
03:13:05 4 0 161
03:13:35 4 0 161
03:14:05 4 0 161
03:14:36 4 0 161
03:15:06 4 0 161
03:15:36 4 0 162
03:16:06 4 0 161
03:16:37 4 0 161
03:17:07 4 0 162
03:17:37 4 0 161
03:18:07 4 0 161
03:18:37 4 0 164
03:19:08 4 0 161
03:19:38 4 0 162
03:20:08 4 0 161
03:20:38 4 0 162
03:21:09 4 0 161
03:21:39 4 0 163
03:22:09 4 0 161
03:22:39 4 0 161
03:23:09 4 0 161
03:23:40 4 0 161
03:24:10 4 0 161
03:24:40 4 0 161
03:25:10 4 0 161
03:25:41 4 0 161
03:26:11 4 0 161
03:26:41 4 0 161
03:27:11 4 0 161
03:27:41 4 0 161
03:28:12 4 0 161
03:28:42 4 0 166
03:29:12 4 0 161
03:29:42 4 0 161
03:30:13 4 0 161
03:30:43 4 0 161
03:31:13 4 0 161
03:31:43 4 0 161
03:32:13 4 0 161
03:32:44 4 0 161
03:33:14 4 0 161
03:33:44 4 0 165
03:34:15 4 0 162
03:34:45 4 0 163
03:35:15 4 0 162
03:35:46 4 0 161
03:36:16 4 0 161
03:36:46 4 0 161
03:37:16 4 0 161
03:37:47 4 0 180
03:38:17 4 0 166
03:38:47 4 0 161
03:39:17 4 0 161
03:39:48 4 0 161
03:40:18 4 0 161
03:40:48 4 0 161
03:41:18 4 0 161
03:41:48 4 0 161
03:42:19 4 0 161
03:42:49 4 0 161
03:43:19 4 0 161
03:43:49 4 0 161
03:44:19 4 0 161
03:44:50 4 0 162
03:45:20 4 0 161
03:45:50 4 0 161
03:46:20 4 0 161
03:46:51 4 0 161
03:47:21 4 0 161
03:47:51 4 0 161
03:48:21 4 0 161
03:48:51 4 0 163
03:49:22 4 0 161
03:49:53 3 1 161
03:50:22 4 0 162
03:50:52 4 0 168
03:51:23 4 0 161
03:51:53 4 0 162
03:52:23 4 0 161
03:52:53 4 0 161
03:53:23 4 0 161
03:53:54 4 0 161
03:54:24 4 0 161
03:54:54 4 0 161
03:55:24 4 0 161
03:55:55 4 0 161
03:56:25 4 0 161
03:56:55 4 0 161
03:57:25 4 0 161
03:57:56 4 0 161
03:58:26 4 0 166
03:58:56 4 0 162
03:59:26 4 0 190
03:59:56 4 0 164
04:00:27 4 0 165
04:00:57 4 0 161
04:01:27 4 0 164
04:01:57 4 0 167
04:02:28 4 0 172
04:02:58 4 0 167
04:03:28 4 0 163
04:03:58 4 0 162
04:04:28 4 0 165
04:04:59 4 0 161
04:05:29 4 0 161
04:05:59 4 0 161
04:06:29 4 0 161
04:06:59 4 0 163
04:07:30 4 0 162
04:08:00 4 0 162
04:08:30 4 0 190
04:09:00 4 0 172
04:09:31 4 0 161
04:10:01 4 0 162
04:10:31 4 0 171
04:11:01 4 0 162
04:11:31 4 0 161
04:12:02 4 0 161
04:12:32 4 0 164
04:13:02 4 0 161
04:13:32 4 0 161
04:14:02 4 0 161
04:14:33 4 0 161
04:15:03 4 0 161
04:15:33 4 0 161
04:16:03 4 0 161
04:16:34 4 0 161
04:17:04 4 0 161
04:17:34 4 0 161
04:18:04 4 0 161
04:18:34 4 0 163
04:19:05 4 0 161
04:19:35 4 0 161
04:20:05 4 0 161
04:20:35 4 0 161
04:21:05 4 0 161
04:21:36 4 0 163
04:22:06 4 0 161
04:22:36 4 0 161
04:23:06 4 0 162
04:23:36 4 0 161
04:24:07 4 0 163
04:24:37 4 0 161
04:25:07 4 0 161
04:25:37 4 0 161
04:26:08 4 0 161
04:26:38 4 0 173
04:27:08 4 0 173
04:27:38 4 0 168
04:28:08 4 0 162
04:28:39 4 0 163
04:29:09 4 0 163
04:29:39 4 0 161
04:30:09 4 0 161
04:30:39 4 0 161
04:31:10 4 0 162
04:31:40 4 0 161
04:32:10 4 0 164
04:32:40 4 0 161
04:33:10 4 0 162
04:33:41 4 0 162
04:34:11 4 0 161
04:34:41 4 0 161
04:35:11 4 0 161
04:35:42 4 0 164
04:36:12 4 0 162
04:36:42 4 0 163
04:37:12 4 0 161
04:37:42 4 0 162
04:38:13 4 0 161
04:38:43 4 0 162
04:39:13 4 0 163
04:39:43 4 0 161
04:40:14 4 0 161
04:40:44 4 0 161
04:41:14 4 0 161
04:41:44 4 0 161
04:42:14 4 0 161
04:42:45 4 0 162
04:43:15 4 0 161
04:43:45 4 0 162
04:44:15 4 0 161
04:44:45 4 0 161
04:45:16 4 0 162
04:45:46 4 0 162
04:46:16 4 0 161
04:46:46 4 0 161
04:47:16 4 0 161
04:47:47 4 0 162
04:48:17 4 0 165
04:48:47 4 0 161
04:49:17 4 0 162
04:49:47 4 0 162
04:50:18 4 0 161
04:50:48 4 0 161
04:51:18 4 0 208
04:51:48 4 0 163
04:52:18 4 0 161
04:52:49 4 0 161
04:53:19 4 0 161
04:53:49 4 0 164
04:54:19 4 0 163
04:54:50 4 0 163
04:55:20 4 0 161
04:55:50 4 0 161
04:56:20 4 0 162
04:56:51 4 0 165
04:57:21 4 0 161
04:57:51 4 0 161
04:58:21 4 0 161
04:58:51 4 0 166
04:59:22 4 0 162
04:59:52 4 0 165
05:00:22 4 0 164
05:00:52 4 0 164
05:01:22 4 0 161
05:01:53 4 0 161
05:02:23 4 0 161
05:02:53 4 0 162
05:03:23 4 0 161
05:03:53 4 0 162
05:04:23 4 0 161
05:04:54 4 0 161
05:05:24 4 0 161
05:05:54 4 0 161
05:06:24 4 0 161
05:06:55 4 0 164
05:07:25 4 0 161
05:07:55 4 0 162
05:08:25 4 0 161
05:08:55 4 0 161
05:09:26 4 0 161
05:09:56 4 0 161
05:10:26 4 0 163
05:10:56 4 0 161
05:11:27 4 0 161
05:11:57 4 0 161
05:12:27 4 0 183
05:12:57 4 0 161
05:13:27 4 0 161
05:13:58 4 0 164
05:14:28 4 0 161
05:14:58 4 0 161
05:15:28 4 0 162
05:15:58 4 0 161
05:16:29 4 0 163
05:16:59 4 0 161
05:17:29 4 0 161
05:17:59 4 0 161
05:18:30 4 0 161
05:19:00 4 0 161
05:19:30 4 0 161
05:20:00 4 0 161
05:20:30 4 0 161
05:21:01 4 0 164
05:21:31 4 0 161
05:22:01 4 0 161
05:22:31 4 0 161
05:23:01 4 0 161
05:23:32 4 0 162
05:24:02 4 0 161
05:24:32 4 0 161
05:25:02 4 0 161
05:25:33 4 0 161
05:26:03 4 0 162
05:26:33 4 0 161
05:27:03 4 0 162
05:27:33 4 0 161
05:28:04 4 0 161
05:28:34 4 0 161
05:29:04 4 0 161
05:29:34 4 0 161
05:30:04 4 0 163
05:30:35 4 0 162
05:31:05 4 0 161
05:31:35 4 0 162
05:32:05 4 0 161
05:32:35 4 0 161
05:33:06 4 0 161
05:33:36 4 0 161
05:34:06 4 0 161
05:34:36 4 0 161
05:35:06 4 0 161
05:35:37 4 0 164
05:36:07 4 0 165
05:36:37 4 0 161
05:37:07 4 0 161
05:37:38 4 0 161
05:38:08 4 0 161
05:38:38 4 0 163
05:39:08 4 0 161
05:39:39 4 0 162
05:40:09 4 0 164
05:40:39 4 0 161
05:41:09 4 0 161
05:41:39 4 0 161
05:42:10 4 0 161
05:42:40 4 0 162
05:43:10 4 0 161
05:43:40 4 0 163
05:44:10 4 0 161
05:44:41 4 0 161
05:45:11 4 0 164
05:45:41 4 0 161
05:46:11 4 0 161
05:46:41 4 0 162
05:47:12 4 0 162
05:47:42 4 0 161
05:48:12 4 0 163
05:48:42 4 0 161
05:49:13 4 0 164
05:49:43 4 0 161
05:50:13 4 0 161
05:50:43 4 0 161
05:51:13 4 0 162
05:51:44 4 0 161
05:52:14 4 0 161
05:52:44 4 0 161
05:53:14 4 0 161
05:53:44 4 0 163
05:54:15 4 0 161
05:54:45 4 0 161
05:55:15 4 0 165
05:55:45 4 0 161
05:56:16 4 0 161
05:56:46 4 0 163
05:57:16 4 0 161
05:57:46 4 0 161
05:58:17 4 0 161
05:58:47 4 0 163
05:59:17 4 0 161
05:59:47 4 0 162
06:00:17 4 0 162
06:00:48 4 0 164
06:01:18 4 0 161
06:01:48 4 0 161
06:02:18 4 0 161
06:02:48 4 0 161
06:03:19 4 0 162
06:03:49 4 0 165
06:04:19 4 0 162
06:04:49 4 0 162
06:05:20 4 0 161
06:05:50 4 0 161
06:06:20 4 0 161
06:06:50 4 0 161
06:07:20 4 0 163
06:07:51 4 0 161
06:08:21 4 0 161
06:08:51 4 0 161
06:09:21 4 0 165
06:09:51 4 0 161
06:10:22 4 0 162
06:10:52 4 0 162
06:11:22 4 0 161
06:11:52 4 0 162
06:12:22 4 0 161
06:12:53 4 0 161
06:13:23 4 0 161
06:13:53 4 0 161
06:14:23 4 0 162
06:14:53 4 0 161
06:15:24 4 0 161
06:15:54 4 0 161
06:16:24 4 0 162
06:16:54 4 0 161
06:17:25 4 0 161
06:17:55 4 0 161
06:18:25 4 0 161
06:18:55 4 0 161
06:19:25 4 0 161
06:19:56 4 0 161
06:20:26 4 0 161
06:20:56 4 0 161
06:21:26 4 0 162
06:21:56 4 0 163
06:22:27 4 0 161
06:22:57 4 0 170
06:23:27 4 0 161
06:23:57 4 0 161
06:24:27 4 0 164
06:24:58 4 0 167
06:25:28 4 0 169
06:25:58 4 0 168
06:26:28 4 0 176
06:26:59 4 0 172
06:27:29 4 0 162
06:27:59 4 0 161
06:28:29 4 0 161
06:28:59 4 0 162
06:29:30 4 0 161
06:30:00 4 0 161
06:30:30 4 0 163
06:31:00 4 0 161
06:31:30 4 0 161
06:32:01 4 0 161
06:32:31 4 0 161
06:33:01 4 0 161
06:33:31 4 0 161
06:34:01 4 0 161
06:34:32 4 0 161
06:35:02 4 0 162
06:35:32 4 0 161
06:36:02 4 0 161
06:36:32 4 0 161
06:37:03 4 0 162
06:37:33 4 0 161
06:38:03 4 0 161
06:38:33 4 0 161
06:39:04 4 0 161
06:39:34 4 0 161
06:40:04 4 0 161
06:40:34 4 0 161
06:41:04 4 0 161
06:41:35 4 0 162
06:42:05 4 0 162
06:42:35 4 0 161
06:43:05 4 0 161
06:43:36 4 0 161
06:44:06 4 0 161
06:44:36 4 0 163
06:45:06 4 0 163
06:45:36 4 0 161
06:46:07 4 0 161
06:46:37 4 0 161
06:47:07 4 0 161
06:47:37 4 0 161
06:48:07 4 0 162
06:48:38 4 0 162
06:49:08 4 0 161
06:49:38 4 0 161
06:50:08 4 0 161
06:50:39 4 0 161
06:51:09 4 0 161
06:51:39 4 0 161
06:52:09 4 0 163
06:52:39 4 0 173
06:53:10 4 0 165
06:53:40 4 0 161
06:54:10 4 0 161
06:54:40 4 0 161
06:55:10 4 0 161
06:55:41 4 0 161
06:56:11 4 0 161
06:56:41 4 0 166
06:57:11 4 0 161
06:57:41 4 0 161
06:58:12 4 0 162
06:58:42 4 0 161
06:59:12 4 0 162
06:59:42 4 0 161
07:00:13 4 0 161
07:00:43 4 0 161
07:01:13 4 0 161
07:01:44 4 0 161
07:02:13 4 0 161
07:02:44 4 0 161
07:03:14 4 0 161
07:03:44 4 0 163
07:04:14 4 0 166
07:04:45 4 0 161
07:05:15 4 0 162
07:05:45 4 0 161
07:06:15 4 0 161
07:06:45 4 0 161
07:07:16 4 0 161
07:07:46 4 0 161
07:08:16 4 0 161
07:08:46 4 0 161
07:09:17 4 0 161
07:09:47 4 0 165
07:10:17 4 0 161
07:10:47 4 0 161
07:11:18 4 0 161
07:11:48 4 0 162
07:12:18 4 0 161
07:12:48 4 0 163
07:13:19 4 0 161
07:13:49 4 0 161
07:14:19 4 0 162
07:14:49 4 0 162
07:15:19 4 0 162
07:15:50 4 0 161
07:16:20 4 0 161
07:16:50 4 0 161
07:17:20 4 0 161
07:17:51 4 0 161
07:18:21 4 0 162
07:18:51 4 0 162
07:19:21 4 0 161
07:19:51 4 0 161
07:20:22 4 0 161
07:20:52 4 0 161
07:21:22 4 0 161
07:21:52 4 0 161
07:22:22 4 0 161
07:22:53 4 0 161
07:23:23 4 0 162
07:23:53 4 0 161
07:24:23 4 0 161
07:24:53 4 0 161
07:25:24 4 0 162
07:25:54 4 0 161
07:26:24 4 0 162
07:26:54 4 0 161
07:27:25 4 0 162
07:27:55 4 0 161
07:28:25 4 0 164
07:28:55 4 0 161
07:29:25 4 0 161
07:29:56 4 0 161
07:30:26 4 0 164
07:30:56 4 0 163
07:31:26 4 0 161
07:31:57 4 0 161
07:32:27 4 0 161
07:32:57 4 0 161
07:33:27 4 0 161
07:33:57 4 0 161
07:34:27 4 0 161
07:34:58 4 0 163
07:35:28 4 0 162
07:35:58 4 0 161
07:36:28 4 0 161
07:36:59 4 0 162
07:37:29 4 0 162
07:37:59 4 0 161
07:38:29 4 0 161
07:39:00 4 0 161
07:39:30 4 0 161
07:40:00 4 0 161
07:40:30 4 0 161
07:41:00 4 0 162
07:41:31 4 0 161
07:42:01 4 0 191
07:42:31 4 0 161
07:43:01 4 0 161
07:43:31 4 0 161
07:44:02 4 0 162
07:44:32 4 0 162
07:45:02 4 0 162
07:45:32 4 0 161
07:46:03 4 0 163
07:46:33 4 0 161
07:47:03 4 0 161
07:47:33 4 0 161
07:48:04 4 0 162
07:48:34 4 0 161
07:49:04 4 0 161
07:49:34 4 0 161
07:50:04 4 0 163
07:50:34 4 0 161
07:51:05 4 0 161
07:51:35 4 0 163
07:52:05 4 0 163
07:52:35 4 0 161
07:53:06 4 0 161
07:53:36 4 0 161
07:54:06 4 0 161
07:54:36 4 0 162
07:55:06 4 0 161
07:55:37 4 0 161
07:56:07 4 0 161
07:56:37 4 0 163
07:57:07 4 0 161
07:57:39 4 0 161
07:58:10 4 0 161
07:58:41 4 0 164
07:59:11 4 0 161
07:59:41 4 0 161
08:00:12 4 0 161
08:00:42 4 0 161
08:01:14 3 1 491
08:01:44 3 1 501
08:02:12 4 0 161
08:02:42 4 0 162
08:03:12 4 0 161
08:03:43 4 0 163
08:04:13 4 0 161
08:04:43 4 0 161
08:05:13 4 0 161
08:05:43 4 0 161
08:06:13 4 0 162
08:06:44 4 0 161
08:07:14 4 0 161
08:07:44 4 0 161
08:08:14 4 0 163
08:08:44 4 0 162
08:09:14 4 0 161
08:09:45 4 0 162
08:10:15 4 0 164
08:10:45 4 0 161
08:11:15 4 0 161
08:11:45 4 0 161
08:12:15 4 0 161
08:12:46 4 0 161
08:13:16 4 0 162
08:13:46 4 0 165
08:14:16 4 0 161
08:14:46 4 0 161
08:15:16 4 0 161
08:15:46 4 0 161
08:16:17 4 0 162
08:16:47 4 0 161
08:17:17 4 0 161
08:17:48 4 0 161
08:18:18 4 0 164
08:18:48 4 0 161
08:19:18 4 0 161
08:19:48 4 0 161
08:20:18 4 0 161
08:20:49 4 0 162
08:21:19 4 0 161
08:21:49 4 0 161
08:22:19 4 0 161
08:22:49 4 0 162
08:23:19 4 0 162
08:23:50 4 0 161
08:24:20 4 0 161
08:24:50 4 0 166
08:25:21 3 1 165
08:25:50 4 0 161
08:26:21 4 0 161
08:26:51 4 0 162
08:27:21 4 0 161
08:27:51 4 0 161
08:28:21 4 0 161
08:28:52 4 0 161
08:29:22 4 0 161
08:29:52 4 0 161
08:30:22 4 0 161
08:30:52 4 0 161
08:31:22 4 0 161
08:31:52 4 0 161
08:32:22 4 0 161
08:32:53 4 0 161
08:33:23 4 0 161
08:33:53 4 0 165
08:34:23 4 0 161
08:34:53 4 0 161
08:35:24 3 1 162
08:35:54 4 0 161
08:36:24 4 0 164
08:36:54 4 0 168
08:37:24 4 0 163
08:37:55 4 0 164
08:38:25 4 0 161
08:38:55 4 0 161
08:39:25 4 0 163
08:39:55 4 0 161
08:40:25 4 0 180
08:40:55 4 0 162
08:41:25 4 0 165
08:41:56 4 0 165
08:42:26 4 0 161
08:42:56 4 0 161
08:43:26 4 0 161
08:43:56 4 0 161
08:44:26 4 0 165
08:44:57 4 0 162
08:45:27 4 0 161
08:45:57 4 0 161
08:46:27 4 0 161
08:46:57 4 0 161
08:47:27 4 0 161
08:47:58 4 0 161
08:48:28 4 0 161
08:48:58 4 0 162
08:49:28 4 0 162
08:49:58 4 0 161
08:50:28 4 0 161
08:50:59 4 0 161
08:51:29 4 0 162
08:51:59 4 0 161
08:52:29 4 0 161
08:52:59 4 0 165
08:53:29 4 0 161
08:54:00 4 0 161
08:54:30 4 0 163
08:55:00 4 0 161
08:55:30 4 0 163
08:56:00 4 0 162
08:56:30 4 0 161
08:57:01 4 0 162
08:57:31 4 0 165
08:58:01 4 0 163
08:58:32 4 0 163
08:59:02 4 0 163
08:59:32 4 0 162
09:00:02 4 0 163
09:00:32 4 0 163
09:01:03 4 0 161
09:01:33 4 0 161
09:02:03 4 0 162
09:02:33 4 0 162
09:03:03 4 0 161
09:03:33 4 0 162
09:04:04 4 0 161
09:04:34 4 0 162
09:05:04 4 0 162
09:05:34 4 0 162
09:06:04 4 0 162
09:06:34 4 0 162
09:07:05 4 0 162
09:07:35 4 0 161
09:08:05 4 0 161
09:08:35 4 0 162
09:09:05 4 0 161
09:09:35 4 0 162
09:10:05 4 0 162
09:10:35 4 0 162
09:11:06 4 0 162
09:11:36 4 0 161
09:12:06 4 0 161
09:12:36 4 0 161
09:13:06 4 0 162
09:13:36 4 0 161
09:14:07 4 0 161
09:14:37 4 0 161
09:15:07 4 0 161
09:15:37 4 0 161
09:16:07 4 0 161
09:16:37 4 0 163
09:17:08 4 0 161
09:17:38 4 0 162
09:18:09 4 0 162
09:18:39 4 0 163
09:19:09 4 0 161
09:19:39 4 0 161
09:20:10 3 1 161
09:20:40 3 1 161
09:21:10 4 0 161
09:21:40 4 0 161
09:22:10 4 0 162
09:22:40 4 0 161
09:23:10 4 0 162
09:23:40 4 0 161
09:24:11 4 0 161
09:24:41 4 0 168
09:25:11 4 0 161
09:25:41 4 0 163
09:26:11 4 0 162
09:26:41 4 0 162
09:27:12 4 0 165
09:27:42 4 0 162
09:28:14 3 1 490
09:28:45 2 2 494
09:29:13 4 0 161
09:29:43 4 0 161
09:30:13 4 0 161
09:30:43 4 0 162
09:31:14 4 0 161
09:31:44 4 0 161
09:32:14 4 0 163
09:32:44 4 0 161
09:33:14 4 0 164
09:33:44 4 0 164
09:34:15 4 0 161
09:34:45 4 0 161
09:35:15 4 0 162
09:35:45 4 0 161
09:36:15 4 0 161
09:36:45 4 0 161
09:37:16 4 0 162
09:37:46 4 0 164
09:38:16 4 0 161
09:38:46 4 0 162
09:39:16 4 0 164
09:39:46 4 0 164
09:40:16 4 0 162
09:40:47 4 0 161
09:41:17 4 0 163
09:41:47 4 0 161
09:42:17 4 0 162
09:42:47 4 0 164
09:43:17 4 0 162
09:43:47 4 0 162
09:44:18 4 0 162
09:44:48 4 0 161
09:45:18 4 0 164
09:45:48 4 0 162
09:46:18 4 0 162
09:46:48 4 0 161
09:47:19 4 0 161
09:47:49 4 0 162
09:48:19 4 0 161
09:48:49 4 0 162
09:49:19 4 0 162
09:49:49 4 0 162
09:50:20 4 0 161
09:50:50 4 0 161
09:51:20 4 0 190
09:51:50 4 0 161
09:52:20 4 0 161
09:52:50 4 0 162
09:53:21 4 0 161
09:53:51 4 0 163
09:54:21 4 0 162
09:54:51 4 0 163
09:55:22 4 0 163
09:55:52 4 0 162
09:56:22 4 0 162
09:56:52 4 0 161
09:57:22 4 0 162
09:57:52 4 0 161
09:58:23 4 0 165
09:58:53 4 0 161
09:59:23 4 0 162
09:59:54 4 0 163
10:00:24 4 0 164
10:00:54 4 0 165
10:01:25 4 0 193
10:01:54 4 0 162
10:02:25 4 0 161
10:02:55 4 0 162
10:03:25 4 0 163
10:03:55 4 0 167
10:04:25 4 0 162
10:04:55 4 0 161
10:05:26 4 0 165
10:05:56 4 0 163
10:06:26 4 0 162
10:06:56 4 0 162
10:07:26 4 0 162
10:07:56 4 0 162
10:08:27 4 0 163
10:08:57 4 0 162
10:09:27 4 0 172
10:09:57 4 0 161
10:10:27 4 0 162
10:10:57 4 0 162
10:11:28 4 0 162
10:11:58 4 0 200
10:12:28 4 0 161
10:12:58 4 0 162
10:13:28 4 0 162
10:13:58 4 0 162
10:14:29 4 0 161
10:14:59 4 0 164
10:15:29 4 0 161
10:15:59 4 0 161
10:16:31 3 1 495
10:17:01 3 1 493
10:17:30 4 0 162
10:18:00 4 0 162
10:18:30 4 0 162
10:19:00 4 0 162
10:19:30 4 0 163
10:20:01 4 0 162
10:20:31 4 0 163
10:21:02 4 0 162
10:21:32 4 0 163
10:22:02 4 0 165
10:22:32 4 0 162
10:23:02 4 0 162
10:23:32 4 0 162
10:24:02 4 0 162
10:24:33 4 0 161
10:25:03 4 0 162
10:25:33 4 0 163
10:26:03 4 0 162
10:26:33 4 0 162
