00:00:01 1
00:01:57 1
00:02:00 1
00:03:01 1
00:04:03 1
00:05:03 1
00:06:03 -1
00:07:24 1
02:00:18 1
02:01:11 1
02:02:06 1
02:03:10 1
02:04:11 1
02:05:12 1
02:06:16 1
02:07:18 1
02:08:20 1
02:09:21 1
02:10:09 1
02:11:10 1
02:12:16 1
02:13:18 1
02:14:20 1
02:15:21 1
02:16:12 1
02:17:26 1
02:18:14 1
02:19:17 1
02:20:19 1
02:21:24 1
02:22:21 1
02:23:24 1
02:24:26 1
02:25:16 1
02:26:18 1
02:27:18 1
02:28:29 1
02:29:17 1
02:30:20 1
02:31:18 1
02:32:24 1
02:33:30 1
02:34:19 1
02:35:34 1
02:36:21 1
02:37:24 1
02:38:26 1
02:39:28 1
02:40:22 1
02:41:31 1
02:42:25 1
02:43:33 1
02:44:35 1
02:45:33 1
02:46:36 1
02:47:25 1
02:48:28 1
02:49:47 1
02:50:33 1
02:51:35 1
02:52:37 1
02:53:40 1
02:54:30 1
02:55:28 1
02:56:30 1
02:57:29 1
02:58:36 1
02:59:30 1
03:00:36 1
03:01:31 1
03:02:31 1
03:03:32 1
03:04:54 1
03:05:33 1
03:06:33 1
03:07:34 1
03:08:34 1
03:09:35 1
03:10:35 1
03:11:55 1
03:12:36 1
03:13:57 1
03:14:49 1
03:15:43 1
03:16:38 1
03:17:50 -1
03:18:45 1
03:19:39 1
03:20:47 1
03:21:40 1
03:22:46 1
03:23:41 1
03:24:41 1
03:25:51 1
03:26:42 1
03:27:42 1
03:28:45 1
03:29:48 1
03:30:51 1
03:31:55 1
03:32:53 1
03:33:55 1
03:34:56 1
03:35:58 1
03:36:49 1
03:37:49 1
03:38:52 1
03:39:51 1
03:40:49 1
03:41:50 1
03:42:50 1
03:44:01 1
03:44:58 1
03:45:52 1
03:47:04 1
03:47:52 1
03:48:54 1
03:49:53 1
03:50:54 1
03:52:07 1
03:53:16 -1
03:54:07 1
03:54:55 1
03:55:56 1
03:57:16 1
03:58:01 1
03:58:57 1
04:00:01 -1
04:01:03 1
04:02:04 1
04:02:59 1
04:03:59 1
04:05:02 1
04:06:02 1
04:07:04 1
04:08:10 -1
04:09:10 1
04:10:16 1
04:11:03 1
04:12:16 1
04:13:03 1
04:14:08 1
04:15:08 -1
04:16:10 1
04:17:10 1
04:18:12 1
04:19:14 1
04:20:17 1
04:21:11 1
04:22:07 1
04:23:07 1
04:24:08 1
04:25:39 1
04:26:33 1
04:27:09 1
04:28:24 1
04:29:24 1
04:30:25 -1
04:31:21 1
04:32:17 1
04:33:12 1
04:34:20 1
04:35:35 1
04:36:25 1
04:37:15 1
04:38:17 1
04:39:21 1
04:40:15 1
04:41:29 1
04:42:23 1
04:43:26 1
04:44:27 1
04:45:29 1
04:46:18 1
04:47:27 1
04:48:18 1
04:49:18 1
04:50:29 1
04:51:22 1
04:52:20 1
04:53:20 1
04:54:24 1
04:55:26 1
04:56:23 1
04:57:33 1
04:58:27 1
04:59:31 1
05:00:23 1
05:01:24 1
05:02:30 1
05:03:38 1
05:04:33 1
05:05:27 1
05:06:25 1
05:07:29 1
05:08:39 1
05:09:32 1
05:10:29 1
05:11:32 1
05:12:33 1
05:13:43 1
05:14:37 1
05:15:29 1
05:16:41 1
05:17:32 1
05:18:42 1
05:19:41 1
05:20:35 1
05:21:44 1
05:22:43 1
05:23:33 1
05:24:44 1
05:25:48 1
05:26:41 1
05:27:43 1
05:28:49 1
05:29:38 1
05:30:48 1
05:32:01 1
05:32:48 -1
05:33:37 1
05:34:48 1
05:35:43 1
05:36:49 1
05:37:43 1
05:38:40 1
05:39:51 -1
05:41:16 1
05:41:54 1
05:42:50 1
05:43:49 1
05:44:43 1
05:45:42 1
05:46:51 1
05:47:46 1
05:48:44 1
05:49:54 1
05:50:50 1
05:52:02 1
05:52:56 1
05:53:50 1
05:54:59 1
05:55:49 1
05:56:58 1
05:57:50 1
05:58:55 1
05:59:48 1
06:00:57 1
06:02:03 1
06:02:51 1
06:03:52 1
06:04:50 1
06:06:06 1
06:06:56 1
06:08:04 1
06:08:52 1
06:09:59 1
06:10:56 1
06:11:53 1
06:13:13 1
06:13:55 1
06:14:58 1
06:15:59 1
06:17:01 1
06:17:56 1
06:18:56 1
06:20:07 1
06:21:02 1
06:22:00 1
06:22:58 1
06:23:58 1
06:25:00 1
06:26:02 1
06:27:19 -1
06:28:13 1
06:29:00 1
06:30:05 1
06:31:12 1
06:32:02 1
06:33:02 1
06:34:03 1
06:35:04 1
06:36:07 1
06:37:09 1
06:38:09 1
06:39:09 1
06:40:09 1
06:41:05 1
06:42:06 1
06:43:19 1
06:44:18 1
06:45:16 1
06:46:28 1
06:47:09 1
06:48:19 1
06:49:09 1
06:50:09 1
06:51:10 1
06:52:35 1
06:53:12 1
06:54:21 1
06:55:11 1
06:56:14 1
06:57:20 1
06:58:20 1
06:59:19 1
07:00:14 1
07:01:14 1
07:02:27 1
07:03:25 1
07:04:22 1
07:05:18 1
07:06:27 1
07:07:21 1
07:08:17 1
07:09:27 1
07:10:25 1
07:11:21 1
07:12:40 1
07:13:21 1
07:14:43 1
07:15:33 1
07:16:25 1
07:17:21 1
07:18:30 1
07:19:22 1
07:20:30 1
07:21:23 1
07:22:37 1
07:23:36 -1
07:24:25 1
07:25:27 1
07:26:36 1
07:27:37 1
07:28:26 1
07:29:32 1
07:30:40 1
07:31:31 1
07:32:35 1
07:33:42 1
07:34:31 1
07:35:37 1
07:36:30 1
07:37:31 -1
07:38:34 1
07:39:31 1
07:40:36 1
07:41:45 1
07:42:37 1
07:43:54 1
07:44:48 1
07:45:34 1
07:46:39 1
07:47:42 1
07:48:44 1
07:49:46 1
07:50:36 1
07:51:43 1
07:52:43 1
07:53:37 1
07:54:48 -1
07:56:02 1
07:56:48 1
07:57:38 1
07:58:39 1
07:59:44 1
08:00:46 1
08:02:00 1
08:02:40 1
08:03:51 -1
08:04:43 1
08:05:53 1
08:06:44 1
08:07:54 1
08:08:43 -1
08:09:46 1
08:10:51 1
08:11:58 1
08:12:45 1
08:13:49 1
08:14:52 1
08:15:54 1
08:16:53 1
08:17:58 1
08:18:46 1
08:19:52 1
08:20:57 1
08:21:47 1
08:23:00 1
08:24:00 1
08:24:48 1
08:25:57 1
08:26:49 -1
08:27:58 1
08:28:51 1
08:30:01 1
08:30:50 1
08:31:52 1
08:33:01 1
08:33:53 1
08:34:56 1
08:35:59 1
08:36:58 1
08:37:52 1
08:39:01 -1
08:40:07 1
08:40:59 1
08:41:54 1
08:42:59 1
08:44:03 1
08:45:05 1
08:46:11 -1
08:47:08 1
08:47:59 1
08:49:07 1
08:49:56 1
08:51:10 1
08:52:01 1
08:53:04 1
08:54:08 1
08:55:11 1
08:56:08 -1
08:57:03 1
08:58:06 1
08:59:07 -1
09:00:00 1
09:01:14 1
09:02:01 1
09:03:01 1
09:04:09 1
09:05:02 1
09:06:04 1
09:07:02 1
09:08:16 1
09:09:15 1
09:10:15 1
09:11:06 1
09:12:26 1
09:13:04 1
09:14:05 1
09:15:20 1
09:16:20 1
09:17:05 1
09:18:17 -1
09:19:14 1
09:20:08 1
09:21:07 1
09:22:19 1
09:23:13 1
09:24:08 1
09:25:09 1
09:26:13 1
09:27:52 1
09:28:10 1
09:29:11 1
09:30:18 -1
09:31:24 1
09:32:12 1
09:33:16 1
09:34:24 1
09:35:13 1
09:36:15 1
09:37:27 1
09:38:15 1
09:39:17 1
09:40:28 -1
09:41:15 1
09:42:22 1
09:43:21 1
09:44:33 1
09:45:16 1
09:46:16 1
09:47:29 1
09:48:17 1
09:49:21 1
09:50:30 1
09:51:18 1
09:52:24 1
09:53:26 -1
09:54:19 1
09:55:21 1
09:56:45 1
09:57:20 1
09:58:21 1
09:59:23 1
10:00:27 1
10:01:25 1
10:02:24 1
10:03:23 1
10:04:23 1
10:05:23 1
10:06:24 1
10:07:25 1
10:08:25 1
10:09:33 1
10:10:37 1
10:11:56 -1
10:12:39 1
10:13:38 1
10:14:28 1
10:15:27 1
10:16:27 1
10:17:36 1
10:18:33 1
10:19:28 1
10:20:30 1
10:21:29 1
10:22:39 1
10:23:30 1
10:24:36 1
10:25:33 1
10:26:39 1
