00:01:04 12025 7086
00:01:58 16419 8788
00:02:56 12943 7790
00:04:03 11062 5959
00:04:58 10294 6156
00:05:57 -1 -1
00:06:58 -1 -1
02:00:05 21800 16858
02:01:04 14924 10209
02:02:05 23868 18397
02:03:05 13487 8168
02:04:05 12385 7382
02:05:06 118725 12398
02:06:06 24061 8153
02:07:07 11554 6685
02:08:07 43003 8521
02:09:08 38643 8812
02:10:08 50447 14592
02:11:09 9543 5575
02:12:09 12037 7305
02:13:09 7503 4606
02:14:10 11092 6357
02:15:10 71612 17963
02:16:11 14114 9716
02:17:11 10789 6496
02:18:11 43762 8525
02:19:12 5899 3912
02:20:12 11931 7584
02:21:13 7655 4746
02:22:13 17958 5295
02:23:13 7553 4851
02:24:14 57680 16740
02:25:14 28894 7026
02:26:15 16991 13863
02:27:15 7362 4325
02:28:16 390682 24740
02:29:16 15039 5526
02:30:16 19706 8023
02:31:17 10648 6180
02:32:17 104341 18602
02:33:18 1110595 21647
02:34:18 29061 7269
02:35:19 35726 8021
02:36:19 44326 5343
02:37:19 62070 9323
02:38:20 6984 4280
02:39:20 36150 13740
02:40:21 35420 8159
02:41:21 14235 11418
02:42:21 40412 36836
02:43:22 22275 15691
02:44:22 39045 18011
02:45:23 12029 6591
02:46:23 10134 5895
02:47:23 31990 6456
02:48:24 9186 5119
02:49:24 9289 5068
02:50:25 36092 7969
02:51:25 9274 5416
02:52:26 7834 4196
02:53:26 14121 13148
02:54:26 26117 16709
02:55:27 28633 24230
02:56:28 10613 6233
02:57:28 10276 5738
02:58:28 10204 5654
02:59:29 6945 4032
03:00:29 44056 9289
03:01:30 12025 5821
03:02:30 38544 7739
03:03:30 9853 6099
03:04:31 11174 6242
03:05:32 16045 11818
03:06:32 37999 33629
03:07:32 7730 4204
03:08:33 8277 4777
03:09:33 37391 21647
03:10:34 7378 4257
03:11:34 8255 4966
03:12:35 25482 5832
03:13:36 1203867 23172
03:14:35 12796 6891
03:15:36 11150 6322
03:16:36 11814 6758
03:17:37 7667 4150
03:18:37 68641 6162
03:19:38 6618 4308
03:20:38 8076 4963
03:21:39 20137 14836
03:22:39 8250 4893
03:23:40 14518 11236
03:24:40 7523 4423
03:25:40 7248 4178
03:26:41 9680 4882
03:27:41 18898 6789
03:28:42 16049 7832
03:29:42 11060 5582
03:30:43 36004 7251
03:31:43 50707 30073
03:32:43 32718 6757
03:33:44 46372 9344
03:34:45 10932 5868
03:35:46 12568 6735
03:36:46 10734 6077
03:37:46 45753 9362
03:38:47 16665 9269
03:39:47 11598 6596
03:40:48 10527 5847
03:41:48 13543 6541
03:42:49 13886 7879
03:43:49 47514 8833
03:44:50 39703 17017
03:45:50 17849 7352
03:46:50 16608 6727
03:47:51 66575 10351
03:48:51 25262 7192
03:49:52 11503 5648
03:50:52 10644 5674
03:51:53 139072 21664
03:52:53 13497 7231
03:53:54 11906 6933
03:54:54 76949 9007
03:55:55 68023 7697
03:56:55 17974 6118
03:57:56 37272 7614
03:58:56 71034 14103
03:59:56 73702 11638
04:00:57 64120 19211
04:01:57 23061 99073
04:02:58 24714 7259
04:03:58 282270 10685
04:04:59 73291 7512
04:05:59 81789 6941
04:07:00 82113 13321
04:08:00 89328 7542
04:09:00 97909 43129
04:10:01 32103 80973
04:11:01 16670 44453
04:12:02 163115 41886
04:13:02 69233 7726
04:14:02 69863 47264
04:15:03 166267 22269
04:16:03 126131 13492
04:17:04 110820 9233
04:18:04 244508 23117
04:19:04 33802 27554
04:20:05 168150 9342
04:21:05 132321 9908
04:22:06 69379 6781
04:23:06 31071 7011
04:24:07 71448 10208
04:25:07 265253 46974
04:26:08 34252 13721
04:27:08 28117 7243
04:28:08 24036 7823
04:29:09 33105 7847
04:30:09 13998 22101
04:31:09 21846 18981
04:32:10 17733 6017
04:33:10 24611 7273
04:34:11 45975 7547
04:35:11 10522 7046
04:36:12 28562 7043
04:37:12 51735 7926
04:38:13 121377 10300
04:39:13 68790 8606
04:40:13 109608 8442
04:41:14 71366 23156
04:42:14 381261 33350
04:43:15 54166 9515
04:44:15 141660 23664
04:45:16 96569 8613
04:46:16 120090 8815
04:47:16 38371 9899
04:48:17 116472 7693
04:49:17 88464 8637
04:50:18 159888 21775
04:51:18 270455 18581
04:52:18 11738 6835
04:53:19 11507 6553
04:54:19 20128 15489
04:55:20 674472 18156
04:56:20 61045 8022
04:57:21 50377 17436
04:58:21 42975 15687
04:59:21 32632 10025
05:00:22 39800 10947
05:01:22 8681 4770
05:02:23 55523 11123
05:03:23 9795 5629
05:04:23 13569 7305
05:05:25 54872 10431
05:06:24 12477 10912
05:07:25 9721 5742
05:08:25 15021 8421
05:09:26 14682 8891
05:10:27 20335 15565
05:11:26 14997 11161
05:12:27 13658 12070
05:13:27 209011 16239
05:14:28 29737 11374
05:15:28 13030 11758
05:16:29 9333 5239
05:17:29 9169 4970
05:18:29 17576 12732
05:19:30 10826 5831
05:20:30 21403 14376
05:21:31 11115 6049
05:22:31 11043 5981
05:23:31 10017 5544
05:24:32 12494 6986
05:25:32 22448 15153
05:26:33 9692 5430
05:27:33 84835 14135
05:28:34 24644 6784
05:29:34 11750 6786
05:30:34 12015 6810
05:31:35 12977 7265
05:32:35 8089 5003
05:33:36 10559 6013
05:34:36 18364 6698
05:35:37 9950 5233
05:36:37 10028 5370
05:37:37 32072 6161
05:38:38 7561 4409
05:39:38 9671 5831
05:40:39 160539 12929
05:41:39 13041 7175
05:42:40 21767 8405
05:43:40 9947 5325
05:44:40 12394 7465
05:45:41 225866 16211
05:46:41 16616 10182
05:47:42 13884 9424
05:48:42 14595 11820
05:49:43 13915 11549
05:50:43 18202 14081
05:51:44 14839 9809
05:52:44 12463 8327
05:53:45 10432 7687
05:54:45 9725 6175
05:55:45 10930 6443
05:56:46 10278 6782
05:57:46 13546 12302
05:58:47 14472 10491
05:59:47 23140 8853
06:00:48 9977 5600
06:01:48 11251 6789
06:02:48 29857 8296
06:03:49 14681 10745
06:04:49 15970 11138
06:05:50 25868 9879
06:06:50 35558 7834
06:07:50 29021 8823
06:08:51 11400 6973
06:09:51 113460 20867
06:10:52 36231 9514
06:11:52 11853 6910
06:12:52 14344 9249
06:13:53 22939 12387
06:14:53 12943 7541
06:15:54 67612 9422
06:16:54 14341 9826
06:17:55 12670 12887
06:18:55 38230 7903
06:19:55 11897 7433
06:20:56 11881 7307
06:21:56 9365 5730
06:22:57 22028 15117
06:23:57 12483 7144
06:24:57 33752 26476
06:25:58 15965 6909
06:26:58 13335 7876
06:27:59 12793 7498
06:28:59 10734 6947
06:30:00 22580 17151
06:31:00 35521 15578
06:32:00 9856 8333
06:33:01 11900 9258
06:34:01 9603 6199
06:35:02 9941 7148
06:36:02 12688 6461
06:37:03 39499 10348
06:38:03 7970 5061
06:39:04 12360 7796
06:40:04 8752 5203
06:41:04 10944 6908
06:42:05 25174 21003
06:43:05 16543 12770
06:44:06 26139 13839
06:45:06 20651 15931
06:46:06 11530 5356
06:47:07 24178 7800
06:48:07 14345 10325
06:49:08 11146 7519
06:50:08 9333 4670
06:51:09 16315 7539
06:52:09 34783 9552
06:53:09 63449 30166
06:54:10 618414 14429
06:55:10 11933 7142
06:56:11 41784 8718
06:57:11 17245 13920
06:58:12 18329 13517
06:59:12 8912 5395
07:00:12 44532 7689
07:01:13 13727 8664
07:02:13 12027 7772
07:03:14 19639 45252
07:04:14 11131 7188
07:05:15 26464 38093
07:06:15 13666 34320
07:07:16 12501 6808
07:08:16 60234 9856
07:09:16 11812 7591
07:10:17 31063 7951
07:11:18 16581 8854
07:12:18 63252 47346
07:13:18 10425 9913
07:14:19 9447 6924
07:15:19 38300 8036
07:16:20 54407 10800
07:17:20 16045 10744
07:18:21 12287 8431
07:19:21 22597 14573
07:20:22 13440 8711
07:21:22 14354 9086
07:22:22 16318 11493
07:23:23 36551 8914
07:24:23 12088 6889
07:25:24 9547 6293
07:26:24 40338 22332
07:27:24 64199 37331
07:28:25 13962 7360
07:29:25 34889 18699
07:30:26 11031 7244
07:31:26 88378 8498
07:32:27 21854 7601
07:33:27 59049 14193
07:34:27 11184 6520
07:35:28 12904 8052
07:36:28 10070 7756
07:37:29 18164 5368
07:38:29 20495 6125
07:39:30 9234 6981
07:40:30 9948 6101
07:41:31 18824 16220
07:42:31 16089 10242
07:43:31 13365 9214
07:44:32 10787 7020
07:45:32 11112 8632
07:46:33 11089 6658
07:47:33 23316 12880
07:48:34 31395 28082
07:49:34 55571 11061
07:50:35 77869 10543
07:51:35 15228 11895
07:52:35 9573 6712
07:53:36 15363 8330
07:54:36 665437 18774
07:55:36 7980 5651
07:56:37 17932 16057
07:57:38 2696 10610
07:58:38 8851 6375
07:59:39 30396 25022
08:00:40 8792 6205
08:01:41 2343 1929
08:02:40 12344 10455
08:03:40 12467 8788
08:04:41 11392 7898
08:05:41 36843 10401
08:06:41 19665 15991
08:07:42 9253 5098
08:08:42 12233 10139
08:09:42 14075 9852
08:10:43 10942 7610
08:11:43 45151 6308
08:12:43 23060 9316
08:13:44 9988 7724
08:14:44 51469 12084
08:15:44 9927 7818
08:16:45 14101 11749
08:17:45 4720 14012
08:18:46 25910 15029
08:19:46 48140 45137
08:20:47 79931 16245
08:21:47 12505 9183
08:22:47 9295 8034
08:23:48 11476 9002
08:24:48 11209 10223
08:25:48 16179 13912
08:26:49 14756 11771
08:27:49 22324 19687
08:28:49 10651 6852
08:29:53 20985 10541
08:30:50 11303 7607
08:31:50 11169 7629
08:32:50 45129 9893
08:33:51 15057 10144
08:34:51 23285 8265
08:35:52 77998 11041
08:36:52 10831 7993
08:37:52 55377 9989
08:38:53 11992 9872
08:39:53 13756 10980
08:40:53 13352 10378
08:41:53 10608 7634
08:42:54 13886 10403
08:43:54 21105 9453
08:44:54 13445 8215
08:45:55 30929 24512
08:46:55 14372 8636
08:47:55 13914 8749
08:48:56 16195 9640
08:49:56 18902 13324
08:50:56 59028 16131
08:51:57 27372 11243
08:52:57 13141 8352
08:53:57 42819 13674
08:54:58 25606 9653
08:55:58 13233 10503
08:56:58 9732 7445
08:57:59 3445 12822
08:59:00 9674 6872
09:00:00 15993 11259
09:01:00 17511 16130
09:02:01 55190 18096
09:03:01 11300 8852
09:04:01 67445 17518
09:05:02 13732 9446
09:06:02 19944 11404
09:07:02 124494 14072
09:08:03 10801 7029
09:09:03 11162 6974
09:10:03 43664 11277
09:11:03 28145 15179
09:12:04 28904 12900
09:13:06 12062 7920
09:14:05 13228 11289
09:15:05 16340 10846
09:16:05 20949 9979
09:17:05 22285 7733
09:18:06 16195 16567
09:19:07 12148 10508
09:20:07 85240 12283
09:21:07 12018 8785
09:22:08 19314 19100
09:23:08 30453 13637
09:24:08 11627 8851
09:25:09 12236 10937
09:26:09 11817 10020
09:27:10 78026 14548
09:28:30 -1 -1
09:29:11 22457 9733
09:30:11 13971 11252
09:31:11 15167 13430
09:32:12 23408 12372
09:33:12 27171 10245
09:34:12 11658 7857
09:35:13 15032 11714
09:36:13 11384 6255
09:37:13 9904 6210
09:38:14 10707 8292
09:39:14 45350 11406
09:40:14 17732 7731
09:41:15 238066 29066
09:42:15 14201 8579
09:43:15 9548 6875
09:44:15 26055 9494
09:45:19 16881 12609
09:46:16 15663 12857
09:47:17 18366 13407
09:48:17 1708 9923
09:49:20 17839 13609
09:50:17 37518 21606
09:51:18 12425 8551
09:52:18 74638 46996
09:53:19 14724 9652
09:54:19 509215 14080
09:55:19 29782 12212
09:56:20 42372 17373
09:57:20 14147 11979
09:58:20 24292 9825
09:59:21 56467 13404
10:00:22 28610 12495
10:01:22 12204 8602
10:02:23 11257 8098
10:03:23 45902 31245
10:04:23 26204 8044
10:05:23 16106 11186
10:06:24 13733 10643
10:07:24 72348 15580
10:08:24 16498 9604
10:09:25 26949 12247
10:10:25 19916 16139
10:11:25 22410 7401
10:12:26 14523 8711
10:13:26 14512 10042
10:14:26 14807 13061
10:15:27 23332 23995
10:16:28 7726 3975
10:17:27 19338 20311
10:18:28 18479 11275
10:19:28 13921 9968
10:20:29 24512 6341
10:21:28 17901 13010
10:22:29 12622 11277
10:23:29 15648 11296
10:24:29 12026 9586
10:25:33 32887 21388
10:26:30 19159 18993
