00:02:19 1
00:07:12 1
02:00:03 1
02:05:03 1
02:10:04 1
02:15:04 1
02:20:04 1
02:25:04 1
02:30:04 1
02:35:04 1
02:40:04 1
02:45:04 1
02:50:04 1
02:55:05 1
03:00:05 1
03:05:05 1
03:10:05 1
03:15:05 1
03:20:06 1
03:25:06 1
03:30:06 1
03:35:07 1
03:40:07 1
03:45:07 1
03:50:08 1
03:55:08 1
04:00:08 1
04:05:08 1
04:10:09 1
04:15:09 1
04:20:09 1
04:25:09 1
04:30:10 1
04:35:11 1
04:40:11 1
04:45:11 1
04:50:11 1
04:55:11 1
05:00:11 1
05:05:12 1
05:10:12 1
05:15:13 1
05:20:13 1
05:25:13 1
05:30:13 1
05:35:13 1
05:40:13 1
05:45:13 1
05:50:13 1
05:55:14 1
06:00:14 1
06:05:14 1
06:10:14 1
06:15:14 1
06:20:14 1
06:25:14 1
06:30:14 1
06:35:15 1
06:40:15 1
06:45:15 1
06:50:15 1
06:55:15 1
07:00:15 1
07:05:16 1
07:10:16 1
07:15:17 1
07:20:17 1
07:25:17 1
07:30:17 1
07:35:17 1
07:40:18 1
07:45:18 1
07:50:18 1
07:55:18 1
08:00:18 1
08:05:19 1
08:10:19 1
08:15:20 1
08:20:20 1
08:25:21 1
08:30:21 1
08:35:22 1
08:40:23 1
08:45:23 1
08:50:24 1
08:55:25 1
09:00:25 1
09:05:25 1
09:10:26 1
09:15:27 1
09:20:27 1
09:25:27 1
09:30:28 1
09:35:28 1
09:40:29 1
09:45:29 1
09:50:30 1
09:55:31 1
10:00:32 1
10:05:32 1
10:10:33 1
10:15:33 1
10:20:34 1
10:25:34 1
