00:01:15 1 1 1
00:01:57 1 1 1
00:02:56 1 1 1
00:04:03 1 1 1
00:04:57 1 1 1
00:05:58 1 1 1
00:07:11 1 1 1
02:00:03 1 1 1
02:01:04 1 1 1
02:02:04 1 1 1
02:03:05 1 1 1
02:04:05 1 1 1
02:05:06 1 1 1
02:06:06 1 1 1
02:07:07 1 1 1
02:08:07 1 1 1
02:09:07 1 1 1
02:10:08 1 1 1
02:11:08 1 1 1
02:12:09 1 1 1
02:13:09 1 1 1
02:14:10 1 1 1
02:15:10 1 1 1
02:16:10 1 1 1
02:17:11 1 1 1
02:18:11 1 1 1
02:19:12 1 1 1
02:20:12 1 1 1
02:21:12 1 1 1
02:22:13 1 1 1
02:23:13 1 1 1
02:24:14 1 1 1
02:25:14 1 1 1
02:26:15 1 1 1
02:27:15 1 1 1
02:28:15 1 1 1
02:29:16 1 1 1
02:30:16 1 1 1
02:31:17 1 1 1
02:32:17 1 1 1
02:33:18 1 1 1
02:34:18 1 1 1
02:35:18 1 1 1
02:36:19 1 1 1
02:37:19 1 1 1
02:38:20 1 1 1
02:39:20 1 1 1
02:40:21 1 1 1
02:41:21 1 1 1
02:42:21 1 1 1
02:43:22 1 1 1
02:44:22 1 1 1
02:45:22 1 1 1
02:46:23 1 1 1
02:47:23 1 1 1
02:48:24 1 1 1
02:49:24 1 1 1
02:50:25 1 1 1
02:51:25 1 1 1
02:52:25 1 1 1
02:53:26 1 1 1
02:54:26 1 1 1
02:55:27 1 1 1
02:56:27 1 1 1
02:57:28 1 1 1
02:58:28 1 1 1
02:59:29 1 1 1
03:00:29 1 1 1
03:01:29 1 1 1
03:02:30 1 1 1
03:03:30 1 1 1
03:04:31 1 1 1
03:05:31 1 1 1
03:06:32 1 1 1
03:07:32 1 1 1
03:08:33 1 1 1
03:09:33 1 1 1
03:10:34 1 1 1
03:11:34 1 1 1
03:12:34 1 1 1
03:13:44 1 1 1
03:14:35 1 1 1
03:15:36 1 1 1
03:16:36 1 1 1
03:17:37 1 1 1
03:18:37 1 1 1
03:19:38 1 1 1
03:20:38 1 1 1
03:21:39 1 1 1
03:22:42 1 1 1
03:23:39 1 1 1
03:24:40 1 1 1
03:25:40 1 1 1
03:26:41 1 1 1
03:27:41 1 1 1
03:28:42 1 1 1
03:29:42 1 1 1
03:30:42 1 1 1
03:31:43 1 1 1
03:32:43 1 1 1
03:33:44 1 1 1
03:34:45 1 1 1
03:35:45 1 1 1
03:36:46 1 1 1
03:37:46 1 1 1
03:38:47 1 1 1
03:39:47 1 1 1
03:40:48 1 1 1
03:41:53 1 1 1
03:42:49 1 1 1
03:43:49 1 1 1
03:44:49 1 1 1
03:45:50 1 1 1
03:46:50 1 1 1
03:47:51 1 1 1
03:48:51 1 1 1
03:49:52 1 1 1
03:50:52 1 1 1
03:51:53 1 1 1
03:53:02 1 1 1
03:53:53 1 1 1
03:54:54 1 1 1
03:55:54 1 1 1
03:57:02 1 1 1
03:57:55 1 1 1
03:58:56 1 1 1
03:59:56 1 1 1
04:00:57 1 1 1
04:01:57 1 1 1
04:02:58 1 1 1
04:03:58 1 1 1
04:04:58 1 1 1
04:05:59 1 1 1
04:06:59 1 1 1
04:08:00 1 1 1
04:09:00 1 1 1
04:10:01 1 1 1
04:11:04 1 1 1
04:12:01 1 1 1
04:13:02 1 1 1
04:14:02 1 1 1
04:15:03 1 1 1
04:16:03 1 1 1
04:17:03 1 1 1
04:18:04 1 1 1
04:19:04 1 1 1
04:20:05 1 1 1
04:21:05 1 1 1
04:22:06 1 1 1
04:23:06 1 1 1
04:24:06 1 1 1
04:25:07 1 1 1
04:26:07 1 1 1
04:27:08 1 1 1
04:28:08 1 1 1
04:29:08 1 1 1
04:30:09 1 1 1
04:31:09 1 1 1
04:32:10 1 1 1
04:33:10 1 1 1
04:34:10 1 1 1
04:35:11 1 1 1
04:36:11 1 1 1
04:37:12 1 1 1
04:38:12 1 1 1
04:39:13 1 1 1
04:40:13 1 1 1
04:41:14 1 1 1
04:42:14 1 1 1
04:43:26 1 1 1
04:44:15 1 1 1
04:45:15 1 1 1
04:46:16 1 1 1
04:47:16 1 1 1
04:48:17 1 1 1
04:49:17 1 1 1
04:50:17 1 1 1
04:51:18 1 1 1
04:52:18 1 1 1
04:53:19 1 1 1
04:54:19 1 1 1
04:55:19 1 1 1
04:56:20 1 1 1
04:57:20 1 1 1
04:58:21 1 1 1
04:59:31 1 1 1
05:00:22 1 1 1
05:01:22 1 1 1
05:02:22 1 1 1
05:03:23 1 1 1
05:04:23 1 1 1
05:05:24 1 1 1
05:06:24 1 1 1
05:07:24 1 1 1
05:08:25 1 1 1
05:09:25 1 1 1
05:10:26 1 1 1
05:11:26 1 1 1
05:12:27 1 1 1
05:13:27 1 1 1
05:14:27 1 1 1
05:15:28 1 1 1
05:16:28 1 1 1
05:17:29 1 1 1
05:18:29 1 1 1
05:19:30 1 1 1
05:20:30 1 1 1
05:21:31 1 1 1
05:22:31 1 1 1
05:23:31 1 1 1
05:24:32 1 1 1
05:25:32 1 1 1
05:26:33 1 1 1
05:27:33 1 1 1
05:28:33 1 1 1
05:29:34 1 1 1
05:30:34 1 1 1
05:31:44 1 1 1
05:32:35 1 1 1
05:33:36 1 1 1
05:34:36 1 1 1
05:35:36 1 1 1
05:36:37 1 1 1
05:37:37 1 1 1
05:38:38 1 1 1
05:39:38 1 1 1
05:40:39 1 1 1
05:41:39 1 1 1
05:42:39 1 1 1
05:43:40 1 1 1
05:44:40 1 1 1
05:45:41 1 1 1
05:46:41 1 1 1
05:47:42 1 1 1
05:48:42 1 1 1
05:49:42 1 1 1
05:50:43 1 1 1
05:51:43 1 1 1
05:52:44 1 1 1
05:53:44 1 1 1
05:54:45 1 1 1
05:55:45 1 1 1
05:56:45 1 1 1
05:57:46 1 1 1
05:58:46 1 1 1
05:59:47 1 1 1
06:00:47 1 1 1
06:01:48 1 1 1
06:02:48 1 1 1
06:03:49 1 1 1
06:04:49 1 1 1
06:05:53 1 1 1
06:06:50 1 1 1
06:07:50 1 1 1
06:08:51 1 1 1
06:09:51 1 1 1
06:11:00 1 1 1
06:11:52 1 1 1
06:12:52 1 1 1
06:13:53 1 1 1
06:14:53 1 1 1
06:15:54 1 1 1
06:16:54 1 1 1
06:17:54 1 1 1
06:18:55 1 1 1
06:19:55 1 1 1
06:20:56 1 1 1
06:21:56 1 1 1
06:22:57 1 1 1
06:23:57 1 1 1
06:24:57 1 1 1
06:25:58 1 1 1
06:27:05 1 1 1
06:27:59 1 1 1
06:28:59 1 1 1
06:29:59 1 1 1
06:31:00 1 1 1
06:32:00 1 1 1
06:33:01 1 1 1
06:34:01 1 1 1
06:35:01 1 1 1
06:36:02 1 1 1
06:37:02 1 1 1
06:38:03 1 1 1
06:39:03 1 1 1
06:40:04 1 1 1
06:41:04 1 1 1
06:42:05 1 1 1
06:43:05 1 1 1
06:44:05 1 1 1
06:45:06 1 1 1
06:46:06 1 1 1
06:47:07 1 1 1
06:48:07 1 1 1
06:49:08 1 1 1
06:50:08 1 1 1
06:51:08 1 1 1
06:52:09 1 1 1
06:53:09 1 1 1
06:54:10 1 1 1
06:55:10 1 1 1
06:56:11 1 1 1
06:57:11 1 1 1
06:58:11 1 1 1
06:59:12 1 1 1
07:00:12 1 1 1
07:01:13 1 1 1
07:02:13 1 1 1
07:03:14 1 1 1
07:04:14 1 1 1
07:05:15 1 1 1
07:06:15 1 1 1
07:07:15 1 1 1
07:08:16 1 1 1
07:09:16 1 1 1
07:10:17 1 1 1
07:11:17 1 1 1
07:12:18 1 1 1
07:13:18 1 1 1
07:14:29 1 1 1
07:15:19 1 1 1
07:16:20 1 1 1
07:17:20 1 1 1
07:18:21 1 1 1
07:19:21 1 1 1
07:20:21 1 1 1
07:21:22 1 1 1
07:22:22 1 1 1
07:23:23 1 1 1
07:24:25 1 1 1
07:25:23 1 1 1
07:26:24 1 1 1
07:27:24 1 1 1
07:28:25 1 1 1
07:29:25 1 1 1
07:30:26 1 1 1
07:31:26 1 1 1
07:32:26 1 1 1
07:33:27 1 1 1
07:34:27 1 1 1
07:35:28 1 1 1
07:36:28 1 1 1
07:37:29 1 1 1
07:38:29 1 1 1
07:39:30 1 1 1
07:40:30 1 1 1
07:41:30 1 1 1
07:42:31 1 1 1
07:43:40 1 1 1
07:44:34 1 1 1
07:45:32 1 1 1
07:46:33 1 1 1
07:47:33 1 1 1
07:48:33 1 1 1
07:49:34 1 1 1
07:50:34 1 1 1
07:51:35 1 1 1
07:52:35 1 1 1
07:53:35 1 1 1
07:54:36 1 1 1
07:55:47 1 1 1
07:56:37 1 1 1
07:57:37 1 1 1
07:58:37 1 1 1
07:59:43 1 1 1
08:00:38 1 1 1
08:01:39 1 1 1
08:02:39 1 1 1
08:03:39 1 1 1
08:04:40 1 1 1
08:05:40 1 1 1
08:06:40 1 1 1
08:07:41 1 1 1
08:08:41 1 1 1
08:09:41 1 1 1
08:10:41 1 1 1
08:11:42 1 1 1
08:12:42 1 1 1
08:13:42 1 1 1
08:15:03 0 0 0
08:15:43 1 1 1
08:16:52 1 1 1
08:17:44 1 1 1
08:18:44 1 1 1
08:19:45 1 1 1
08:20:45 1 1 1
08:21:46 1 1 1
08:22:46 1 1 1
08:23:46 1 1 1
08:24:47 1 1 1
08:25:47 1 1 1
08:26:47 1 1 1
08:27:48 1 1 1
08:28:48 1 1 1
08:30:00 1 1 1
08:30:49 1 1 1
08:31:49 1 1 1
08:32:49 1 1 1
08:33:50 1 1 1
08:34:50 1 1 1
08:35:50 1 1 1
08:36:51 1 1 1
08:37:51 1 1 1
08:38:51 1 1 1
08:39:52 1 1 1
08:40:52 1 1 1
08:41:52 1 1 1
08:42:53 1 1 1
08:43:53 1 1 1
08:44:53 1 1 1
08:45:53 1 1 1
08:46:54 1 1 1
08:47:54 1 1 1
08:48:54 1 1 1
08:49:55 1 1 1
08:50:55 1 1 1
08:51:56 1 1 1
08:52:56 1 1 1
08:53:56 1 1 1
08:54:56 1 1 1
08:55:57 1 1 1
08:56:57 1 1 1
08:57:58 1 1 1
08:58:59 1 1 1
08:59:59 1 1 1
09:01:13 1 1 1
09:02:00 1 1 1
09:03:00 1 1 1
09:04:00 1 1 1
09:05:00 1 1 1
09:06:01 1 1 1
09:07:01 1 1 1
09:08:01 1 1 1
09:09:02 1 1 1
09:10:02 1 1 1
09:11:05 1 1 1
09:12:09 1 1 1
09:13:03 1 1 1
09:14:03 1 1 1
09:15:06 1 1 1
09:16:05 1 1 1
09:17:04 1 1 1
09:18:05 1 1 1
09:19:05 1 1 1
09:20:06 1 1 1
09:21:06 1 1 1
09:22:06 1 1 1
09:23:07 1 1 1
09:24:07 1 1 1
09:25:07 1 1 1
09:26:08 1 1 1
09:27:09 1 1 1
09:28:09 1 1 1
09:29:09 1 1 1
09:30:10 1 1 1
09:31:10 1 1 1
09:32:10 1 1 1
09:33:11 1 1 1
09:34:11 1 1 1
09:35:11 1 1 1
09:36:12 1 1 1
09:37:12 1 1 1
09:38:12 1 1 1
09:39:13 1 1 1
09:40:13 1 1 1
09:41:13 1 1 1
09:42:14 1 1 1
09:43:14 1 1 1
09:44:14 1 1 1
09:45:14 1 1 1
09:46:15 1 1 1
09:47:16 1 1 1
09:48:16 1 1 1
09:49:16 1 1 1
09:50:16 1 1 1
09:51:17 1 1 1
09:52:17 1 1 1
09:53:17 1 1 1
09:54:18 1 1 1
09:55:18 1 1 1
09:56:18 1 1 1
09:57:19 1 1 1
09:58:19 1 1 1
09:59:20 1 1 1
10:00:21 1 1 1
10:01:21 1 1 1
10:02:21 1 1 1
10:03:21 1 1 1
10:04:22 1 1 1
10:05:22 1 1 1
10:06:26 1 1 1
10:07:23 1 1 1
10:08:23 1 1 1
10:09:23 1 1 1
10:10:24 1 1 1
10:11:24 1 1 1
10:12:24 1 1 1
10:13:37 1 1 1
10:14:28 1 1 1
10:15:25 1 1 1
10:16:26 1 1 1
10:17:26 1 1 1
10:18:26 1 1 1
10:19:27 1 1 1
10:20:27 1 1 1
10:21:27 1 1 1
10:22:28 1 1 1
10:23:28 1 1 1
10:24:28 1 1 1
10:25:28 1 1 1
10:26:29 1 1 1
