00:00:13 3 1 285
00:00:44 4 0 317
00:01:32 4 0 320
00:01:51 4 0 315
00:02:15 4 0 316
00:02:46 4 0 322
00:03:16 4 0 312
00:03:47 4 0 301
00:04:17 4 0 305
00:04:48 3 1 320
00:05:19 4 0 322
00:05:50 4 0 316
00:06:20 4 0 278
00:06:51 3 1 327
00:07:22 4 0 321
02:00:04 4 0 221
02:00:34 4 0 221
02:01:05 4 0 298
02:01:35 4 0 221
02:02:05 4 0 221
02:02:35 4 0 221
02:03:05 4 0 221
02:03:36 4 0 221
02:04:06 4 0 225
02:04:36 4 0 221
02:05:06 4 0 221
02:05:36 4 0 221
02:06:07 4 0 221
02:06:37 4 0 221
02:07:07 4 0 224
02:07:37 4 0 221
02:08:07 4 0 221
02:08:38 4 0 221
02:09:08 4 0 221
02:09:38 4 0 221
02:10:08 4 0 221
02:10:39 4 0 221
02:11:09 4 0 221
02:11:39 4 0 221
02:12:09 4 0 221
02:12:40 4 0 221
02:13:10 4 0 275
02:13:40 4 0 294
02:14:10 4 0 231
02:14:41 4 0 319
02:15:11 4 0 273
02:15:41 4 0 221
02:16:11 4 0 281
02:16:42 4 0 319
02:17:12 4 0 306
02:17:42 4 0 221
02:18:12 4 0 234
02:18:42 4 0 305
02:19:12 4 0 281
02:19:42 4 0 221
02:20:13 4 0 310
02:20:43 4 0 221
02:21:13 4 0 221
02:21:43 4 0 221
02:22:13 4 0 228
02:22:44 4 0 310
02:23:14 4 0 221
02:23:44 4 0 298
02:24:15 4 0 300
02:24:45 4 0 318
02:25:15 4 0 224
02:25:45 4 0 221
02:26:15 4 0 305
02:26:46 4 0 303
02:27:16 4 0 305
02:27:46 4 0 221
02:28:16 4 0 308
02:28:46 4 0 297
02:29:16 4 0 221
02:29:47 4 0 320
02:30:17 4 0 221
02:30:47 4 0 319
02:31:17 4 0 221
02:31:48 4 0 221
02:32:18 4 0 221
02:32:48 4 0 221
02:33:18 4 0 314
02:33:48 4 0 221
02:34:19 4 0 261
02:34:49 4 0 221
02:35:19 4 0 221
02:35:50 4 0 321
02:36:19 4 0 224
02:36:50 4 0 231
02:37:20 4 0 322
02:37:50 4 0 228
02:38:20 4 0 295
02:38:51 4 0 315
02:39:21 4 0 300
02:39:52 3 1 322
02:40:21 4 0 221
02:40:52 4 0 310
02:41:22 4 0 258
02:41:52 4 0 320
02:42:22 4 0 241
02:42:52 4 0 221
02:43:22 4 0 250
02:43:53 4 0 313
02:44:23 4 0 242
02:44:53 4 0 221
02:45:23 4 0 317
02:45:54 4 0 320
02:46:23 4 0 243
02:46:54 4 0 319
02:47:24 4 0 230
02:47:54 4 0 282
02:48:24 4 0 221
02:48:55 4 0 322
02:49:25 4 0 322
02:49:55 4 0 221
02:50:25 4 0 278
02:50:56 4 0 320
02:51:26 4 0 302
02:51:56 4 0 221
02:52:26 4 0 321
02:52:57 4 0 312
02:53:26 4 0 232
02:53:57 4 0 221
02:54:27 4 0 322
02:54:58 4 0 321
02:55:27 4 0 221
02:55:58 4 0 321
02:56:28 4 0 309
02:56:58 4 0 221
02:57:29 4 0 309
02:57:59 4 0 283
02:58:29 4 0 321
02:58:59 4 0 221
02:59:29 4 0 298
03:00:00 4 0 320
03:00:30 4 0 221
03:01:00 4 0 294
03:01:30 4 0 321
03:02:01 4 0 316
03:02:30 4 0 221
03:03:01 4 0 273
03:03:32 3 1 320
03:04:01 4 0 221
03:04:32 4 0 327
03:05:02 4 0 246
03:05:32 4 0 221
03:06:03 4 0 304
03:06:33 4 0 305
03:07:03 4 0 318
03:07:33 4 0 221
03:08:03 4 0 320
03:08:34 4 0 325
03:09:04 4 0 221
03:09:34 4 0 258
03:10:04 4 0 300
03:10:34 4 0 311
03:11:04 4 0 221
03:11:35 4 0 322
03:12:05 4 0 321
03:12:35 4 0 221
03:13:05 4 0 266
03:13:36 4 0 255
03:14:06 4 0 295
03:14:36 4 0 221
03:15:07 4 0 303
03:15:37 4 0 251
03:16:07 4 0 221
03:16:37 4 0 302
03:17:08 4 0 320
03:17:37 4 0 244
03:18:08 4 0 221
03:18:39 3 1 322
03:19:08 4 0 254
03:19:38 4 0 320
03:20:09 3 1 322
03:20:39 4 0 303
03:21:09 4 0 251
03:21:39 4 0 221
03:22:10 4 0 304
03:22:41 2 2 328
03:23:10 4 0 221
03:23:40 4 0 319
03:24:11 4 0 318
03:24:40 4 0 221
03:25:11 4 0 277
03:25:41 4 0 221
03:26:11 4 0 221
03:26:42 4 0 309
03:27:12 4 0 249
03:27:42 4 0 226
03:28:12 4 0 321
03:28:43 3 1 322
03:29:12 4 0 221
03:29:43 4 0 316
03:30:13 4 0 321
03:30:43 4 0 272
03:31:13 4 0 221
03:31:44 4 0 320
03:32:14 4 0 292
03:32:44 4 0 221
03:33:14 4 0 300
03:33:45 4 0 318
03:34:15 4 0 268
03:34:45 4 0 221
03:35:16 4 0 315
03:35:46 4 0 273
03:36:16 4 0 221
03:36:46 4 0 221
03:37:18 3 1 328
03:37:47 4 0 332
03:38:17 4 0 221
03:38:48 4 0 310
03:39:18 4 0 232
03:39:48 4 0 221
03:40:18 4 0 239
03:40:49 4 0 324
03:41:18 4 0 221
03:41:49 4 0 320
03:42:19 4 0 221
03:42:49 4 0 291
03:43:19 4 0 221
03:43:49 4 0 221
03:44:20 4 0 304
03:44:50 4 0 221
03:45:21 3 1 322
03:45:51 4 0 322
03:46:21 4 0 221
03:46:51 4 0 222
03:47:21 4 0 221
03:47:51 4 0 221
03:48:22 4 0 255
03:48:52 4 0 322
03:49:22 4 0 225
03:49:52 4 0 221
03:50:23 4 0 287
03:50:53 4 0 266
03:51:23 4 0 221
03:51:53 4 0 221
03:52:24 4 0 322
03:52:53 4 0 223
03:53:24 4 0 221
03:53:54 4 0 284
03:54:24 4 0 307
03:54:54 4 0 221
03:55:25 4 0 221
03:55:55 4 0 308
03:56:26 3 1 291
03:56:55 4 0 221
03:57:26 4 0 316
03:57:56 4 0 221
03:58:26 4 0 221
03:58:56 4 0 221
03:59:27 4 0 317
03:59:57 4 0 322
04:00:27 4 0 221
04:00:57 4 0 252
04:01:28 4 0 321
04:01:58 4 0 221
04:02:29 3 1 322
04:02:58 4 0 323
04:03:28 4 0 278
04:03:59 3 1 247
04:04:29 4 0 221
04:04:59 4 0 320
04:05:29 4 0 221
04:06:01 2 2 322
04:06:30 4 0 309
04:07:00 4 0 234
04:07:30 4 0 221
04:08:01 4 0 320
04:08:31 4 0 354
04:09:01 4 0 232
04:09:31 4 0 221
04:10:01 4 0 319
04:10:31 4 0 230
04:11:01 4 0 221
04:11:32 4 0 322
04:12:02 4 0 254
04:12:32 4 0 227
04:13:02 4 0 272
04:13:33 4 0 313
04:14:03 4 0 287
04:14:33 4 0 221
04:15:03 4 0 313
04:15:34 4 0 322
04:16:04 4 0 221
04:16:34 4 0 313
04:17:04 4 0 313
04:17:35 4 0 306
04:18:04 4 0 221
04:18:35 4 0 300
04:19:05 4 0 314
04:19:35 4 0 221
04:20:05 4 0 240
04:20:36 4 0 321
04:21:06 4 0 221
04:21:36 4 0 311
04:22:06 4 0 221
04:22:36 4 0 221
04:23:06 4 0 223
04:23:37 4 0 306
04:24:07 4 0 318
04:24:37 4 0 221
04:25:07 4 0 223
04:25:38 4 0 272
04:26:08 4 0 221
04:26:38 4 0 262
04:27:09 3 1 324
04:27:39 4 0 311
04:28:09 4 0 221
04:28:39 4 0 248
04:29:09 4 0 305
04:29:39 4 0 221
04:30:10 4 0 321
04:30:40 4 0 224
04:31:10 4 0 309
04:31:40 4 0 221
04:32:11 4 0 329
04:32:40 4 0 221
04:33:11 4 0 221
04:33:41 4 0 314
04:34:11 4 0 310
04:34:41 4 0 221
04:35:12 4 0 322
04:35:43 2 2 322
04:36:12 4 0 221
04:36:42 4 0 221
04:37:13 4 0 251
04:37:44 3 1 292
04:38:13 4 0 221
04:38:43 4 0 221
04:39:13 4 0 256
04:39:44 4 0 324
04:40:14 4 0 221
04:40:44 4 0 229
04:41:14 4 0 221
04:41:44 4 0 221
04:42:15 4 0 221
04:42:45 4 0 311
04:43:15 4 0 290
04:43:45 4 0 221
04:44:15 4 0 221
04:44:46 4 0 221
04:45:16 4 0 246
04:45:46 4 0 221
04:46:16 4 0 252
04:46:47 4 0 234
04:47:17 4 0 221
04:47:47 4 0 221
04:48:17 4 0 221
04:48:47 4 0 221
04:49:17 4 0 224
04:49:48 4 0 297
04:50:18 4 0 316
04:50:48 4 0 221
04:51:19 4 0 352
04:51:49 4 0 221
04:52:19 4 0 221
04:52:49 4 0 232
04:53:19 4 0 221
04:53:50 4 0 287
04:54:20 4 0 321
04:54:50 4 0 221
04:55:20 4 0 221
04:55:50 4 0 221
04:56:21 4 0 322
04:56:51 4 0 221
04:57:21 4 0 221
04:57:51 4 0 224
04:58:21 4 0 221
04:58:52 4 0 221
04:59:22 4 0 221
04:59:52 4 0 228
05:00:22 4 0 221
05:00:52 4 0 221
05:01:23 4 0 322
05:01:53 4 0 221
05:02:23 4 0 221
05:02:53 4 0 221
05:03:23 4 0 221
05:03:54 4 0 226
05:04:24 4 0 297
05:04:54 4 0 232
05:05:24 4 0 221
05:05:54 4 0 221
05:06:25 4 0 221
05:06:55 4 0 221
05:07:25 4 0 221
05:07:56 4 0 321
05:08:26 4 0 317
05:08:56 4 0 221
05:09:26 4 0 221
05:09:56 4 0 221
05:10:26 4 0 221
05:10:57 4 0 221
05:11:27 4 0 322
05:11:57 4 0 221
05:12:27 4 0 261
05:12:58 4 0 320
05:13:28 4 0 221
05:13:58 4 0 221
05:14:28 4 0 221
05:14:58 4 0 221
05:15:28 4 0 221
05:15:59 4 0 221
05:16:29 4 0 256
05:16:59 4 0 221
05:17:29 4 0 221
05:18:00 4 0 236
05:18:30 4 0 221
05:19:00 4 0 221
05:19:31 3 1 322
05:20:01 4 0 317
05:20:31 4 0 221
05:21:01 4 0 221
05:21:31 4 0 221
05:22:01 4 0 221
05:22:31 4 0 221
05:23:02 4 0 237
05:23:32 4 0 281
05:24:02 4 0 221
05:24:32 4 0 221
05:25:03 4 0 221
05:25:33 4 0 221
05:26:03 4 0 221
05:26:34 4 0 315
05:27:03 4 0 228
05:27:34 4 0 221
05:28:04 4 0 221
05:28:34 4 0 222
05:29:04 4 0 221
05:29:34 4 0 221
05:30:05 4 0 221
05:30:35 4 0 221
05:31:05 4 0 221
05:31:35 4 0 221
05:32:05 4 0 221
05:32:36 4 0 221
05:33:06 4 0 221
05:33:36 4 0 221
05:34:07 4 0 321
05:34:36 4 0 221
05:35:07 4 0 221
05:35:37 4 0 221
05:36:07 4 0 224
05:36:37 4 0 221
05:37:08 4 0 246
05:37:38 4 0 308
05:38:08 4 0 221
05:38:39 4 0 323
05:39:09 4 0 221
05:39:39 4 0 221
05:40:09 4 0 220
05:40:39 4 0 245
05:41:09 4 0 227
05:41:40 4 0 221
05:42:10 4 0 317
05:42:40 4 0 221
05:43:10 4 0 221
05:43:40 4 0 221
05:44:11 4 0 221
05:44:42 3 1 324
05:45:11 4 0 221
05:45:41 4 0 221
05:46:12 4 0 221
05:46:42 4 0 221
05:47:13 3 1 225
05:47:42 4 0 221
05:48:12 4 0 221
05:48:42 4 0 221
05:49:13 4 0 319
05:49:43 4 0 221
05:50:13 4 0 221
05:50:43 4 0 221
05:51:14 4 0 221
05:51:44 4 0 221
05:52:14 4 0 221
05:52:44 4 0 221
05:53:14 4 0 221
05:53:45 4 0 221
05:54:15 4 0 221
05:54:45 4 0 220
05:55:15 4 0 221
05:55:45 4 0 221
05:56:16 4 0 221
05:56:46 4 0 221
05:57:16 4 0 221
05:57:46 4 0 221
05:58:17 4 0 221
05:58:47 4 0 221
05:59:17 4 0 221
05:59:47 4 0 221
06:00:18 4 0 221
06:00:48 4 0 221
06:01:18 4 0 221
06:01:48 4 0 221
06:02:18 4 0 221
06:02:49 4 0 221
06:03:19 4 0 221
06:03:49 4 0 221
06:04:19 4 0 221
06:04:50 4 0 221
06:05:20 4 0 221
06:05:50 4 0 221
06:06:20 4 0 221
06:06:50 4 0 221
06:07:21 4 0 221
06:07:51 4 0 221
06:08:21 4 0 221
06:08:51 4 0 221
06:09:21 4 0 221
06:09:52 4 0 221
06:10:22 4 0 221
06:10:52 4 0 221
06:11:22 4 0 221
06:11:52 4 0 221
06:12:23 4 0 221
06:12:53 4 0 221
06:13:23 4 0 221
06:13:53 4 0 221
06:14:24 4 0 221
06:14:54 4 0 221
06:15:24 4 0 221
06:15:54 4 0 222
06:16:24 4 0 221
06:16:54 4 0 221
06:17:25 4 0 221
06:17:55 4 0 221
06:18:25 4 0 221
06:18:55 4 0 221
06:19:26 4 0 221
06:19:56 4 0 221
06:20:26 4 0 221
06:20:56 4 0 221
06:21:26 4 0 221
06:21:57 4 0 221
06:22:27 4 0 221
06:22:57 4 0 228
06:23:27 4 0 221
06:23:57 4 0 221
06:24:28 4 0 221
06:24:58 4 0 221
06:25:28 4 0 221
06:25:58 4 0 221
06:26:29 4 0 221
06:26:59 4 0 221
06:27:29 4 0 221
06:27:59 4 0 221
06:28:29 4 0 221
06:28:59 4 0 221
06:29:30 4 0 221
06:30:00 4 0 221
06:30:30 4 0 221
06:31:00 4 0 221
06:31:31 4 0 324
06:32:01 4 0 221
06:32:31 4 0 322
06:33:01 4 0 221
06:33:31 4 0 221
06:34:02 4 0 283
06:34:32 4 0 221
06:35:02 4 0 224
06:35:32 4 0 221
06:36:02 4 0 221
06:36:33 4 0 221
06:37:03 4 0 221
06:37:33 4 0 221
06:38:03 4 0 221
06:38:34 4 0 221
06:39:04 4 0 222
06:39:34 4 0 221
06:40:04 4 0 221
06:40:35 4 0 221
06:41:05 4 0 221
06:41:35 4 0 221
06:42:05 4 0 221
06:42:35 4 0 221
06:43:05 4 0 221
06:43:36 4 0 221
06:44:06 4 0 221
06:44:36 4 0 221
06:45:06 4 0 221
06:45:37 4 0 221
06:46:07 4 0 221
06:46:37 4 0 221
06:47:07 4 0 221
06:47:37 4 0 221
06:48:08 4 0 223
06:48:38 4 0 221
06:49:08 4 0 221
06:49:38 4 0 221
06:50:08 4 0 221
06:50:39 4 0 221
06:51:09 4 0 221
06:51:39 4 0 221
06:52:09 4 0 221
06:52:42 1 3 476
06:53:11 3 1 485
06:53:43 1 3 485
06:54:13 1 3 464
06:54:40 4 0 221
06:55:11 4 0 221
06:55:41 4 0 221
06:56:11 4 0 221
06:56:41 4 0 223
06:57:11 4 0 221
06:57:42 4 0 221
06:58:12 4 0 221
06:58:42 4 0 221
06:59:12 4 0 221
06:59:43 4 0 221
07:00:14 3 1 224
07:00:43 4 0 221
07:01:13 4 0 221
07:01:44 4 0 221
07:02:14 4 0 221
07:02:44 4 0 221
07:03:14 4 0 221
07:03:44 4 0 221
07:04:15 4 0 221
07:04:45 4 0 223
07:05:15 4 0 221
07:05:45 4 0 221
07:06:15 4 0 221
07:06:46 4 0 221
07:07:16 4 0 223
07:07:46 4 0 221
07:08:16 4 0 221
07:08:47 4 0 221
07:09:17 4 0 221
07:09:47 4 0 221
07:10:17 4 0 222
07:10:48 4 0 221
07:11:18 4 0 221
07:11:48 4 0 221
07:12:18 4 0 221
07:12:49 4 0 221
07:13:19 4 0 221
07:13:49 4 0 221
07:14:19 4 0 221
07:14:49 4 0 221
07:15:20 4 0 221
07:15:50 4 0 221
07:16:20 4 0 221
07:16:50 4 0 221
07:17:21 4 0 221
07:17:51 4 0 221
07:18:21 4 0 221
07:18:51 4 0 221
07:19:21 4 0 222
07:19:52 4 0 221
07:20:22 4 0 221
07:20:52 4 0 221
07:21:22 4 0 221
07:21:53 4 0 221
07:22:23 4 0 221
07:22:53 4 0 221
07:23:23 4 0 238
07:23:53 4 0 221
07:24:23 4 0 221
07:24:54 4 0 221
07:25:24 4 0 221
07:25:54 4 0 221
07:26:24 4 0 221
07:26:55 4 0 221
07:27:25 4 0 221
07:27:55 4 0 221
07:28:25 4 0 221
07:28:55 4 0 221
07:29:26 4 0 221
07:29:56 4 0 221
07:30:26 4 0 221
07:30:57 4 0 303
07:31:26 4 0 221
07:31:57 4 0 320
07:32:27 4 0 258
07:32:57 4 0 221
07:33:27 4 0 222
07:33:58 4 0 221
07:34:28 4 0 221
07:34:58 4 0 221
07:35:29 4 0 322
07:35:59 4 0 321
07:36:29 4 0 221
07:36:59 4 0 221
07:37:29 4 0 221
07:37:59 4 0 221
07:38:30 4 0 221
07:39:00 4 0 221
07:39:30 4 0 222
07:40:00 4 0 221
07:40:30 4 0 221
07:41:01 4 0 257
07:41:31 4 0 236
07:42:01 4 0 249
07:42:32 4 0 322
07:43:02 4 0 322
07:43:32 4 0 309
07:44:02 4 0 221
07:44:32 4 0 221
07:45:03 4 0 254
07:45:33 4 0 221
07:46:03 4 0 321
07:46:34 3 1 329
07:47:03 4 0 221
07:47:34 4 0 322
07:48:04 4 0 314
07:48:34 4 0 221
07:49:04 4 0 306
07:49:35 4 0 322
07:50:05 4 0 221
07:50:35 4 0 221
07:51:05 4 0 225
07:51:35 4 0 221
07:52:05 4 0 221
07:52:36 4 0 221
07:53:06 4 0 221
07:53:36 4 0 221
07:54:06 4 0 221
07:54:36 4 0 221
07:55:07 4 0 325
07:55:37 4 0 221
07:56:07 4 0 222
07:56:37 4 0 221
07:57:08 4 0 245
07:57:39 4 0 221
07:58:11 4 0 221
07:58:42 3 1 224
07:59:11 4 0 221
07:59:41 4 0 221
08:00:12 4 0 221
08:00:42 4 0 221
08:01:12 4 0 221
08:01:42 4 0 221
08:02:12 4 0 221
08:02:43 4 0 221
08:03:13 4 0 221
08:03:43 4 0 221
08:04:13 4 0 320
08:04:43 4 0 221
08:05:14 4 0 322
08:05:44 4 0 221
08:06:14 4 0 246
08:06:44 4 0 221
08:07:14 4 0 221
08:07:44 4 0 221
08:08:14 4 0 221
08:08:45 4 0 221
08:09:15 4 0 221
08:09:45 4 0 221
08:10:15 4 0 222
08:10:45 4 0 221
08:11:15 4 0 221
08:11:46 4 0 221
08:12:16 4 0 246
08:12:46 4 0 221
08:13:16 4 0 231
08:13:46 4 0 221
08:14:16 4 0 241
08:14:46 4 0 221
08:15:16 4 0 221
08:15:47 4 0 310
08:16:17 4 0 294
08:16:47 4 0 247
08:17:17 4 0 299
08:17:48 4 0 304
08:18:18 4 0 240
08:18:48 4 0 222
08:19:19 3 1 322
08:19:49 4 0 281
08:20:19 4 0 274
08:20:49 4 0 252
08:21:19 4 0 229
08:21:50 4 0 319
08:22:19 4 0 221
08:22:50 4 0 263
08:23:20 4 0 281
08:23:50 4 0 313
08:24:20 4 0 322
08:24:50 4 0 226
08:25:21 3 1 225
08:25:51 4 0 221
08:26:21 4 0 314
08:26:52 4 0 319
08:27:21 4 0 293
08:27:51 4 0 228
08:28:21 4 0 221
08:28:52 4 0 221
08:29:22 4 0 251
08:29:52 4 0 317
08:30:22 4 0 254
08:30:53 4 0 310
08:31:22 4 0 221
08:31:53 4 0 223
08:32:23 4 0 269
08:32:53 4 0 259
08:33:24 3 1 322
08:33:54 4 0 281
08:34:24 4 0 318
08:34:54 4 0 221
08:35:24 4 0 221
08:35:54 4 0 221
08:36:24 4 0 275
08:36:55 4 0 270
08:37:25 4 0 310
08:37:55 4 0 320
08:38:25 4 0 221
08:38:55 4 0 320
08:39:25 4 0 221
08:39:55 4 0 221
08:40:26 4 0 333
08:40:56 4 0 306
08:41:26 4 0 321
08:41:56 4 0 311
08:42:26 4 0 241
08:42:57 3 1 321
08:43:27 4 0 319
08:43:57 4 0 296
08:44:27 4 0 320
08:44:57 4 0 255
08:45:27 4 0 320
08:45:57 4 0 278
08:46:27 4 0 241
08:46:58 4 0 306
08:47:28 4 0 322
08:47:58 4 0 294
08:48:28 4 0 284
08:48:58 4 0 267
08:49:29 4 0 319
08:49:59 4 0 258
08:50:29 4 0 320
08:50:59 4 0 312
08:51:29 4 0 322
08:51:59 4 0 256
08:52:29 4 0 252
08:53:00 4 0 255
08:53:30 4 0 320
08:54:00 4 0 321
08:54:30 4 0 314
08:55:01 4 0 297
08:55:30 4 0 264
08:56:01 4 0 269
08:56:31 4 0 327
08:57:01 4 0 321
08:57:31 4 0 301
08:58:02 4 0 320
08:58:32 4 0 263
08:59:03 4 0 298
08:59:32 4 0 267
09:00:03 4 0 275
09:00:33 4 0 315
09:01:03 4 0 322
09:01:33 4 0 319
09:02:04 4 0 296
09:02:34 4 0 319
09:03:04 4 0 317
09:03:34 4 0 312
09:04:04 4 0 322
09:04:35 3 1 321
09:05:05 4 0 320
09:05:35 4 0 324
09:06:05 4 0 319
09:06:35 4 0 280
09:07:05 4 0 315
09:07:35 4 0 300
09:08:06 3 1 322
09:08:35 4 0 322
09:09:06 4 0 320
09:09:36 4 0 264
09:10:06 4 0 286
09:10:36 4 0 319
09:11:06 4 0 302
09:11:36 4 0 304
09:12:07 4 0 319
09:12:37 4 0 316
09:13:07 4 0 322
09:13:37 4 0 317
09:14:07 4 0 254
09:14:37 4 0 322
09:15:08 4 0 322
09:15:38 4 0 321
09:16:08 4 0 317
09:16:38 4 0 322
09:17:08 4 0 322
09:17:39 4 0 320
09:18:09 4 0 321
09:18:39 4 0 320
09:19:09 4 0 295
09:19:40 3 1 324
09:20:10 4 0 321
09:20:41 3 1 276
09:21:10 4 0 306
09:21:40 4 0 273
09:22:11 4 0 321
09:22:41 4 0 322
09:23:12 3 1 322
09:23:41 4 0 316
09:24:11 4 0 318
09:24:41 4 0 346
09:25:12 4 0 322
09:25:42 3 1 322
09:26:13 3 1 322
09:26:42 4 0 313
09:27:13 4 0 322
09:27:43 4 0 322
09:28:13 4 0 322
09:28:43 4 0 322
09:29:14 4 0 311
09:29:43 4 0 303
09:30:14 4 0 307
09:30:45 3 1 324
09:31:14 4 0 324
09:31:45 3 1 321
09:32:14 4 0 316
09:32:44 4 0 309
09:33:16 3 1 322
09:33:45 4 0 322
09:34:17 2 2 322
09:34:45 4 0 305
09:35:15 4 0 321
09:35:45 4 0 311
09:36:16 4 0 322
09:36:46 4 0 315
09:37:17 3 1 321
09:37:46 4 0 321
09:38:17 4 0 324
09:38:46 4 0 307
09:39:17 3 1 322
09:39:48 3 1 324
09:40:17 4 0 322
09:40:47 4 0 323
09:41:17 4 0 322
09:41:47 4 0 322
09:42:18 4 0 322
09:42:48 4 0 322
09:43:18 4 0 319
09:43:48 4 0 298
09:44:18 4 0 253
09:44:48 4 0 321
09:45:19 3 1 322
09:45:49 4 0 322
09:46:20 2 2 325
09:46:49 4 0 291
09:47:19 4 0 306
09:47:49 4 0 306
09:48:20 4 0 322
09:48:50 4 0 322
09:49:21 3 1 322
09:49:50 4 0 312
09:50:20 4 0 316
09:50:50 4 0 322
09:51:21 4 0 338
09:51:51 4 0 322
09:52:22 3 1 322
09:52:51 4 0 321
09:53:21 4 0 320
09:53:51 4 0 309
09:54:22 4 0 308
09:54:52 4 0 322
09:55:22 4 0 317
09:55:52 4 0 324
09:56:23 3 1 322
09:56:53 4 0 320
09:57:24 3 1 322
09:57:54 3 1 322
09:58:23 4 0 326
09:58:54 3 1 322
09:59:24 4 0 305
09:59:54 4 0 318
10:00:25 3 1 323
10:00:55 4 0 333
10:01:25 4 0 352
10:01:56 3 1 318
10:02:25 4 0 301
10:02:55 4 0 321
10:03:26 3 1 322
10:03:56 4 0 309
10:04:26 4 0 311
10:04:56 4 0 285
10:05:27 3 1 321
10:05:56 4 0 322
10:06:26 4 0 248
10:06:57 4 0 322
10:07:27 4 0 322
10:07:57 4 0 314
10:08:27 4 0 313
10:08:57 4 0 308
10:09:27 4 0 279
10:09:58 4 0 322
10:10:28 4 0 312
10:10:59 3 1 321
10:11:28 4 0 306
10:11:58 4 0 330
10:12:28 4 0 316
10:12:58 4 0 271
10:13:29 4 0 322
10:13:59 4 0 244
10:14:29 4 0 322
10:14:59 4 0 289
10:15:29 4 0 322
10:16:00 4 0 319
10:16:30 4 0 302
10:17:00 4 0 276
10:17:31 3 1 296
10:18:01 2 2 310
10:18:32 2 2 369
10:19:02 3 1 366
10:19:31 4 0 291
10:20:01 4 0 237
10:20:31 4 0 234
10:21:02 4 0 289
10:21:32 4 0 302
10:22:02 4 0 311
10:22:32 4 0 221
10:23:02 4 0 258
10:23:33 4 0 269
10:24:03 4 0 221
10:24:33 4 0 235
10:25:03 4 0 221
10:25:33 4 0 229
10:26:03 4 0 246
10:26:34 4 0 221
