00:01:21 1
00:01:59 1
00:02:54 1
00:04:03 1
00:04:56 1
00:05:57 1
00:06:58 1
02:00:04 1
02:01:04 1
02:02:05 1
02:03:05 1
02:04:05 1
02:05:06 1
02:06:06 1
02:07:07 1
02:08:07 1
02:09:11 1
02:10:08 1
02:11:09 1
02:12:09 1
02:13:12 1
02:14:10 1
02:15:10 1
02:16:11 1
02:17:11 1
02:18:11 1
02:19:12 1
02:20:12 1
02:21:13 1
02:22:13 1
02:23:13 1
02:24:14 1
02:25:14 1
02:26:15 1
02:27:15 1
02:28:16 1
02:29:16 1
02:30:16 1
02:31:17 1
02:32:17 1
02:33:18 1
02:34:18 1
02:35:19 1
02:36:19 1
02:37:19 1
02:38:20 1
02:39:20 1
02:40:21 1
02:41:21 1
02:42:22 1
02:43:22 1
02:44:22 1
02:45:23 1
02:46:23 1
02:47:23 1
02:48:24 1
02:49:25 1
02:50:25 1
02:51:25 1
02:52:26 1
02:53:26 1
02:54:27 1
02:55:27 1
02:56:28 1
02:57:28 1
02:58:28 1
02:59:29 1
03:00:29 1
03:01:30 1
03:02:30 1
03:03:31 1
03:04:31 1
03:05:32 1
03:06:32 1
03:07:33 1
03:08:33 1
03:09:33 1
03:10:34 1
03:11:34 1
03:12:35 1
03:13:35 1
03:14:35 1
03:15:37 1
03:16:37 1
03:17:37 1
03:18:37 1
03:19:38 1
03:20:38 1
03:21:39 1
03:22:39 1
03:23:40 1
03:24:40 1
03:25:41 1
03:26:41 1
03:27:41 1
03:28:42 1
03:29:42 1
03:30:43 1
03:31:43 1
03:32:43 1
03:33:44 1
03:34:44 1
03:35:45 1
03:36:45 1
03:37:46 1
03:38:46 1
03:39:46 1
03:40:47 1
03:41:47 1
03:42:48 1
03:43:48 1
03:44:49 1
03:45:49 1
03:46:50 1
03:47:50 1
03:48:50 1
03:49:51 1
03:50:51 1
03:51:52 1
03:52:52 1
03:53:53 1
03:54:53 1
03:55:54 1
03:56:54 1
03:57:54 1
03:58:56 1
03:59:55 1
04:00:56 1
04:01:56 1
04:02:57 1
04:03:58 1
04:04:58 1
04:06:00 1
04:06:59 1
04:07:59 1
04:08:59 1
04:10:00 1
04:11:00 1
04:12:01 1
04:13:01 1
04:14:02 1
04:15:02 1
04:16:02 1
04:17:03 1
04:18:03 1
04:19:04 1
04:20:04 1
04:21:04 1
04:22:05 1
04:23:05 1
04:24:06 1
04:25:06 1
04:26:08 1
04:27:07 1
04:28:07 1
04:29:08 1
04:30:08 1
04:31:08 1
04:32:09 1
04:33:10 1
04:34:10 1
04:35:10 1
04:36:11 1
04:37:11 1
04:38:12 1
04:39:12 1
04:40:12 1
04:41:13 1
04:42:15 1
04:43:14 1
04:44:14 1
04:45:17 1
04:46:17 1
04:47:17 1
04:48:16 1
04:49:16 1
04:50:17 1
04:51:17 1
04:52:18 1
04:53:18 1
04:54:18 1
04:55:19 1
04:56:21 1
04:57:20 1
04:58:20 1
04:59:20 1
05:00:21 1
05:01:23 1
05:02:22 1
05:03:22 1
05:04:22 1
05:05:23 1
05:06:23 1
05:07:24 1
05:08:24 1
05:09:25 1
05:10:25 1
05:11:26 1
05:12:26 1
05:13:26 1
05:14:27 1
05:15:27 1
05:16:28 1
05:17:28 1
05:18:28 1
05:19:29 1
05:20:29 1
05:21:30 1
05:22:30 1
05:23:31 1
05:24:31 1
05:25:31 1
05:26:32 1
05:27:32 1
05:28:33 1
05:29:33 1
05:30:33 1
05:31:34 1
05:32:34 1
05:33:35 1
05:34:35 1
05:35:36 1
05:36:36 1
05:37:36 1
05:38:37 1
05:39:37 1
05:40:38 1
05:41:38 1
05:42:39 1
05:43:39 1
05:44:40 1
05:45:40 1
05:46:40 1
05:47:41 1
05:48:41 1
05:49:42 1
05:50:42 1
05:51:46 1
05:52:43 1
05:53:43 1
05:54:44 1
05:55:44 1
05:56:45 1
05:57:45 1
05:58:46 1
05:59:46 1
06:00:47 1
06:01:47 1
06:02:47 1
06:03:48 1
06:04:48 1
06:05:49 1
06:06:49 1
06:07:49 1
06:08:50 1
06:09:50 1
06:10:51 1
06:11:51 1
06:12:51 1
06:13:52 1
06:14:52 1
06:15:53 1
06:16:53 1
06:17:54 1
06:18:54 1
06:19:54 1
06:20:55 1
06:21:55 1
06:22:56 1
06:23:56 1
06:24:56 1
06:25:57 1
06:26:57 1
06:27:58 1
06:28:58 1
06:29:59 1
06:30:59 1
06:31:59 1
06:33:00 1
06:34:00 1
06:35:01 1
06:36:01 1
06:37:02 1
06:38:02 1
06:39:02 1
06:40:03 1
06:41:03 1
06:42:04 1
06:43:04 1
06:44:05 1
06:45:05 1
06:46:05 1
06:47:06 1
06:48:06 1
06:49:07 1
06:50:07 1
06:51:08 1
06:52:08 1
06:53:08 1
06:54:09 1
06:55:09 1
06:56:10 1
06:57:10 1
06:58:11 1
06:59:11 1
07:00:11 1
07:01:12 1
07:02:12 1
07:03:13 1
07:04:13 1
07:05:14 1
07:06:14 1
07:07:15 1
07:08:15 1
07:09:15 1
07:10:16 1
07:11:16 1
07:12:17 1
07:13:18 1
07:14:18 1
07:15:18 1
07:16:19 1
07:17:19 1
07:18:20 1
07:19:20 1
07:20:21 1
07:21:21 1
07:22:21 1
07:23:22 1
07:24:22 1
07:25:23 1
07:26:23 1
07:27:23 1
07:28:24 1
07:29:24 1
07:30:25 1
07:31:25 1
07:32:26 1
07:33:26 1
07:34:26 1
07:35:27 1
07:36:27 1
07:37:28 1
07:38:28 1
07:39:29 1
07:40:29 1
07:41:30 1
07:42:30 1
07:43:30 1
07:44:31 1
07:45:31 1
07:46:32 1
07:47:32 1
07:48:33 1
07:49:33 1
07:50:33 1
07:51:34 1
07:52:34 1
07:53:35 1
07:54:35 1
07:55:35 1
07:56:36 1
07:57:37 1
07:58:37 1
07:59:38 1
08:00:39 1
08:01:40 1
08:02:39 1
08:03:39 1
08:04:40 1
08:05:40 1
08:06:40 1
08:07:41 1
08:08:41 1
08:09:41 1
08:10:42 1
08:11:42 1
08:12:42 1
08:13:43 1
08:14:43 1
08:15:43 1
08:16:44 1
08:17:44 1
08:18:45 1
08:19:45 1
08:20:46 1
08:21:46 1
08:22:46 1
08:23:47 1
08:24:49 1
08:25:47 1
08:26:48 1
08:27:48 1
08:28:48 1
08:29:51 1
08:30:49 1
08:31:49 1
08:32:50 1
08:33:50 1
08:34:50 1
08:35:51 1
08:36:51 1
08:37:51 1
08:38:52 1
08:39:52 1
08:40:52 1
08:41:52 1
08:42:53 1
08:43:53 1
08:44:53 1
08:45:54 1
08:46:54 1
08:47:54 1
08:48:55 1
08:49:55 1
08:50:55 1
08:51:56 1
08:52:56 1
08:53:56 1
08:54:57 1
08:55:57 1
08:56:57 1
08:57:58 1
08:58:59 1
08:59:59 1
09:00:59 1
09:02:00 1
09:03:00 1
09:04:00 1
09:05:01 1
09:06:01 1
09:07:01 1
09:08:02 1
09:09:02 1
09:10:02 1
09:11:03 1
09:12:03 1
09:13:03 1
09:14:03 1
09:15:04 1
09:16:04 1
09:17:04 1
09:18:06 1
09:19:06 1
09:20:06 1
09:21:06 1
09:22:07 1
09:23:07 1
09:24:07 1
09:25:08 1
09:26:08 1
09:27:09 1
09:28:10 1
09:29:10 1
09:30:10 1
09:31:10 1
09:32:11 1
09:33:11 1
09:34:11 1
09:35:12 1
09:36:12 1
09:37:12 1
09:38:13 1
09:39:13 1
09:40:13 1
09:41:14 1
09:42:14 1
09:43:14 1
09:44:14 1
09:45:15 1
09:46:15 1
09:47:15 1
09:48:16 1
09:49:16 1
09:50:16 1
09:51:17 1
09:52:17 1
09:53:18 1
09:54:18 1
09:55:18 1
09:56:19 1
09:57:19 1
09:58:20 1
09:59:20 1
10:00:21 1
10:01:21 1
10:02:21 1
10:03:22 1
10:04:22 1
10:05:22 1
10:06:23 1
10:07:23 1
10:08:23 1
10:09:24 1
10:10:24 1
10:11:24 1
10:12:36 1
10:13:25 1
10:14:25 1
10:15:26 1
10:16:45 -1
10:17:26 1
10:18:27 1
10:19:27 1
10:20:27 1
10:21:28 1
10:22:28 1
10:23:28 1
10:24:28 1
10:25:29 1
10:26:29 1
