00:00:55 1 1
00:01:55 1 1
00:02:55 1 1
00:04:07 1 1
00:05:02 1 1
00:05:57 1 1
00:06:58 1 1
02:00:04 1 1
02:01:04 1 1
02:02:04 1 1
02:03:05 1 1
02:04:05 1 1
02:05:06 1 1
02:06:06 1 1
02:07:06 1 1
02:08:07 1 1
02:09:07 1 1
02:10:08 1 1
02:11:10 1 1
02:12:09 1 1
02:13:09 1 1
02:14:12 1 1
02:15:10 1 1
02:16:10 1 1
02:17:11 1 1
02:18:11 1 1
02:19:12 1 1
02:20:12 1 1
02:21:12 1 1
02:22:13 1 1
02:23:13 1 1
02:24:18 0 0
02:25:14 1 1
02:26:15 1 1
02:27:15 1 1
02:28:15 1 1
02:29:16 1 1
02:30:16 1 1
02:31:21 0 0
02:32:17 1 1
02:33:18 1 1
02:34:18 1 1
02:35:18 1 1
02:36:23 0 0
02:37:19 1 1
02:38:23 0 0
02:39:20 1 1
02:40:20 1 1
02:41:23 1 1
02:42:21 1 1
02:43:22 1 1
02:44:22 1 1
02:45:23 1 1
02:46:23 1 1
02:47:23 1 1
02:48:24 1 1
02:49:24 1 1
02:50:25 1 1
02:51:25 1 1
02:52:25 1 1
02:53:26 1 1
02:54:30 0 0
02:55:31 0 0
02:56:27 1 1
02:57:30 1 1
02:58:28 1 1
02:59:29 1 1
03:00:29 1 1
03:01:30 1 1
03:02:34 0 0
03:03:34 0 0
03:04:31 1 1
03:05:31 1 1
03:06:32 1 1
03:07:32 1 1
03:08:33 1 1
03:09:33 1 1
03:10:34 1 1
03:11:36 1 1
03:12:36 1 1
03:13:35 1 1
03:14:39 0 0
03:15:38 1 1
03:16:36 1 1
03:17:37 1 1
03:18:41 0 0
03:19:38 1 1
03:20:42 0 0
03:21:39 1 1
03:22:39 1 1
03:23:39 1 1
03:24:40 1 1
03:25:44 0 0
03:26:45 0 0
03:27:41 1 1
03:28:45 0 0
03:29:44 1 1
03:30:46 0 0
03:31:47 0 0
03:32:43 1 1
03:33:44 1 1
03:34:45 1 1
03:35:45 1 1
03:36:46 1 1
03:37:46 1 1
03:38:47 1 1
03:39:51 0 0
03:40:48 1 1
03:41:52 0 0
03:42:52 0 0
03:43:49 1 1
03:44:49 1 1
03:45:54 0 0
03:46:50 1 1
03:47:55 0 0
03:48:51 1 1
03:49:54 1 1
03:50:56 0 0
03:51:52 1 1
03:52:57 0 0
03:53:55 1 1
03:54:54 1 1
03:55:54 1 1
03:56:55 1 1
03:57:55 1 1
03:59:00 0 0
03:59:56 1 1
04:01:01 0 0
04:01:59 1 1
04:03:01 0 0
04:03:58 1 1
04:04:58 1 1
04:05:59 1 1
04:07:03 0 0
04:08:00 1 1
04:09:04 0 0
04:10:03 1 1
04:11:01 1 1
04:12:01 1 1
04:13:04 1 1
04:14:02 1 1
04:15:03 1 1
04:16:03 1 1
04:17:04 1 1
04:18:06 1 1
04:19:04 1 1
04:20:07 1 1
04:21:05 1 1
04:22:06 1 1
04:23:06 1 1
04:24:10 0 0
04:25:07 1 1
04:26:11 0 0
04:27:08 1 1
04:28:08 1 1
04:29:08 1 1
04:30:13 0 0
04:31:09 1 1
04:32:10 1 1
04:33:10 1 1
04:34:11 1 1
04:35:11 1 1
04:36:11 1 1
04:37:12 1 1
04:38:12 1 1
04:39:13 1 1
04:40:13 1 1
04:41:14 1 1
04:42:18 0 0
04:43:15 1 1
04:44:17 1 1
04:45:15 1 1
04:46:20 0 0
04:47:16 1 1
04:48:17 1 1
04:49:17 1 1
04:50:21 0 0
04:51:18 1 1
04:52:22 0 0
04:53:21 1 1
04:54:19 1 1
04:55:23 0 0
04:56:24 0 0
04:57:20 1 1
04:58:21 1 1
04:59:21 1 1
05:00:26 0 0
05:01:22 1 1
05:02:26 0 0
05:03:25 1 1
05:04:23 1 1
05:05:24 1 1
05:06:24 1 1
05:07:25 1 1
05:08:29 0 0
05:09:25 1 1
05:10:26 1 1
05:11:30 0 0
05:12:27 1 1
05:13:31 0 0
05:14:27 1 1
05:15:28 1 1
05:16:32 0 0
05:17:29 1 1
05:18:29 1 1
05:19:33 0 0
05:20:30 1 1
05:21:31 1 1
05:22:35 0 0
05:23:31 1 1
05:24:36 0 0
05:25:32 1 1
05:26:33 1 1
05:27:33 1 1
05:28:37 0 0
05:29:34 1 1
05:30:38 0 0
05:31:35 1 1
05:32:35 1 1
05:33:36 1 1
05:34:36 1 1
05:35:36 1 1
05:36:41 0 0
05:37:37 1 1
05:38:38 1 1
05:39:38 1 1
05:40:41 1 1
05:41:39 1 1
05:42:43 0 0
05:43:44 0 0
05:44:40 1 1
05:45:45 0 0
05:46:41 1 1
05:47:45 0 0
05:48:42 1 1
05:49:42 1 1
05:50:45 1 1
05:51:43 1 1
05:52:47 0 0
05:53:44 1 1
05:54:44 1 1
05:55:47 1 1
05:56:45 1 1
05:57:50 0 0
05:58:46 1 1
05:59:47 1 1
06:00:49 1 1
06:01:48 1 1
06:02:50 1 1
06:03:52 0 0
06:04:49 1 1
06:05:51 1 1
06:06:52 1 1
06:07:50 1 1
06:08:51 1 1
06:09:55 0 0
06:10:51 1 1
06:11:56 0 0
06:12:52 1 1
06:13:53 1 1
06:14:53 1 1
06:15:54 1 1
06:16:54 1 1
06:17:58 0 0
06:18:55 1 1
06:19:55 1 1
06:20:56 1 1
06:22:00 0 0
06:22:57 1 1
06:23:57 1 1
06:24:57 1 1
06:25:58 1 1
06:26:58 1 1
06:27:59 1 1
06:28:59 1 1
06:29:59 1 1
06:31:00 1 1
06:32:00 1 1
06:33:01 1 1
06:34:01 1 1
06:35:05 0 0
06:36:02 1 1
06:37:02 1 1
06:38:03 1 1
06:39:03 1 1
06:40:06 1 1
06:41:04 1 1
06:42:05 1 1
06:43:05 1 1
06:44:05 1 1
06:45:06 1 1
06:46:06 1 1
06:47:07 1 1
06:48:07 1 1
06:49:10 1 1
06:50:08 1 1
06:51:08 1 1
06:52:09 1 1
06:53:13 0 0
06:54:10 1 1
06:55:10 1 1
06:56:11 1 1
06:57:15 0 0
06:58:11 1 1
06:59:12 1 1
07:00:12 1 1
07:01:17 0 0
07:02:13 1 1
07:03:14 1 1
07:04:14 1 1
07:05:18 0 0
07:06:15 1 1
07:07:15 1 1
07:08:16 1 1
07:09:20 0 0
07:10:17 1 1
07:11:17 1 1
07:12:18 1 1
07:13:18 1 1
07:14:19 1 1
07:15:19 1 1
07:16:20 1 1
07:17:20 1 1
07:18:20 1 1
07:19:25 0 0
07:20:21 1 1
07:21:22 1 1
07:22:22 1 1
07:23:23 1 1
07:24:23 1 1
07:25:23 1 1
07:26:24 1 1
07:27:28 0 0
07:28:25 1 1
07:29:25 1 1
07:30:26 1 1
07:31:26 1 1
07:32:26 1 1
07:33:33 0 0
07:34:27 1 1
07:35:28 1 1
07:36:28 1 1
07:37:29 1 1
07:38:29 1 1
07:39:30 1 1
07:40:30 1 1
07:41:30 1 1
07:42:35 0 0
07:43:31 1 1
07:44:32 1 1
07:45:32 1 1
07:46:35 1 1
07:47:37 0 0
07:48:33 1 1
07:49:34 1 1
07:50:34 1 1
07:51:38 0 0
07:52:35 1 1
07:53:35 1 1
07:54:36 1 1
07:55:36 1 1
07:56:37 1 1
07:57:39 1 1
07:58:43 0 0
07:59:40 1 1
08:00:41 1 1
08:01:41 1 1
08:02:41 1 1
08:03:45 0 0
08:04:42 1 1
08:05:44 1 1
08:06:42 1 1
08:07:43 1 1
08:08:45 1 1
08:09:43 1 1
08:10:44 1 1
08:11:44 1 1
08:12:44 1 1
08:13:48 0 0
08:14:45 1 1
08:15:45 1 1
08:16:46 1 1
08:17:46 1 1
08:18:47 1 1
08:19:47 1 1
08:20:48 1 1
08:21:48 1 1
08:22:48 1 1
08:23:49 1 1
08:24:49 1 1
08:25:49 1 1
08:26:53 0 0
08:27:50 1 1
08:28:50 1 1
08:29:51 1 1
08:30:55 0 0
08:31:51 1 1
08:32:52 1 1
08:33:52 1 1
08:34:56 0 0
08:35:53 1 1
08:36:53 1 1
08:37:57 0 0
08:38:54 1 1
08:39:54 1 1
08:40:54 1 1
08:41:54 1 1
08:42:59 0 0
08:43:55 1 1
08:44:55 1 1
08:45:56 1 1
08:46:56 1 1
08:47:56 1 1
08:48:57 1 1
08:49:57 1 1
08:50:57 1 1
08:51:58 1 1
08:53:02 0 0
08:53:58 1 1
08:54:59 1 1
08:55:59 1 1
08:56:59 1 1
08:58:00 1 1
08:59:00 1 1
09:00:00 1 1
09:01:00 1 1
09:02:01 1 1
09:03:01 1 1
09:04:01 1 1
09:05:02 1 1
09:06:02 1 1
09:07:02 1 1
09:08:03 1 1
09:09:03 1 1
09:10:05 1 1
09:11:04 1 1
09:12:04 1 1
09:13:04 1 1
09:14:04 1 1
09:15:05 1 1
09:16:05 1 1
09:17:05 1 1
09:18:07 1 1
09:19:08 1 1
09:20:08 1 1
09:21:08 1 1
09:22:09 1 1
09:23:09 1 1
09:24:09 1 1
09:25:10 1 1
09:26:10 1 1
09:27:10 1 1
09:28:11 1 1
09:29:11 1 1
09:30:11 1 1
09:31:11 1 1
09:32:12 1 1
09:33:12 1 1
09:34:12 1 1
09:35:13 1 1
09:36:13 1 1
09:37:13 1 1
09:38:14 1 1
09:39:14 1 1
09:40:14 1 1
09:41:15 1 1
09:42:15 1 1
09:43:15 1 1
09:44:15 1 1
09:45:16 1 1
09:46:16 1 1
09:47:17 1 1
09:48:18 1 1
09:49:18 1 1
09:50:18 1 1
09:51:19 1 1
09:52:19 1 1
09:53:19 1 1
09:54:20 1 1
09:55:20 1 1
09:56:21 1 1
09:57:21 1 1
09:58:22 1 1
09:59:22 1 1
10:00:23 1 1
10:01:23 1 1
10:02:23 1 1
10:03:24 1 1
10:04:24 1 1
10:05:24 1 1
10:06:25 1 1
10:07:25 1 1
10:08:25 1 1
10:09:26 1 1
10:10:26 1 1
10:11:26 1 1
10:12:27 1 1
10:13:27 1 1
10:14:27 1 1
10:15:28 1 1
10:16:30 1 1
10:17:28 1 1
10:18:29 1 1
10:19:29 1 1
10:20:31 1 1
10:21:30 1 1
10:22:31 1 1
10:23:31 1 1
10:24:31 1 1
10:25:32 1 1
10:26:32 1 1
