00:01:08 1 1 1
00:01:57 1 1 1
00:02:54 1 1 1
00:04:03 1 1 1
00:04:57 1 1 1
00:05:58 1 1 1
00:06:58 1 1 1
02:00:03 1 1 1
02:01:03 1 1 1
02:02:03 1 1 1
02:03:04 1 1 1
02:04:04 1 1 1
02:05:05 1 1 1
02:06:05 1 1 1
02:07:05 1 1 1
02:08:06 1 1 1
02:09:06 1 1 1
02:10:07 1 1 1
02:11:07 1 1 1
02:12:08 1 1 1
02:13:08 1 1 1
02:14:08 1 1 1
02:15:09 1 1 1
02:16:09 1 1 1
02:17:10 1 1 1
02:18:10 1 1 1
02:19:10 1 1 1
02:20:11 1 1 1
02:21:11 1 1 1
02:22:12 1 1 1
02:23:12 1 1 1
02:24:13 1 1 1
02:25:13 1 1 1
02:26:13 1 1 1
02:27:14 1 1 1
02:28:14 1 1 1
02:29:15 1 1 1
02:30:15 1 1 1
02:31:16 1 1 1
02:32:16 1 1 1
02:33:16 1 1 1
02:34:17 1 1 1
02:35:17 1 1 1
02:36:18 1 1 1
02:37:18 1 1 1
02:38:18 1 1 1
02:39:19 1 1 1
02:40:19 1 1 1
02:41:20 1 1 1
02:42:20 1 1 1
02:43:21 1 1 1
02:44:21 1 1 1
02:45:21 1 1 1
02:46:22 1 1 1
02:47:22 1 1 1
02:48:23 1 1 1
02:49:23 1 1 1
02:50:23 1 1 1
02:51:24 1 1 1
02:52:24 1 1 1
02:53:25 1 1 1
02:54:25 1 1 1
02:55:26 1 1 1
02:56:26 1 1 1
02:57:27 1 1 1
02:58:27 1 1 1
02:59:27 1 1 1
03:00:28 1 1 1
03:01:28 1 1 1
03:02:29 1 1 1
03:03:29 1 1 1
03:04:30 1 1 1
03:05:30 1 1 1
03:06:31 1 1 1
03:07:31 1 1 1
03:08:32 1 1 1
03:09:32 1 1 1
03:10:32 1 1 1
03:11:33 1 1 1
03:12:33 1 1 1
03:13:34 1 1 1
03:14:34 1 1 1
03:15:35 1 1 1
03:16:35 1 1 1
03:17:36 1 1 1
03:18:36 1 1 1
03:19:36 1 1 1
03:20:37 1 1 1
03:21:37 1 1 1
03:22:38 1 1 1
03:23:38 1 1 1
03:24:39 1 1 1
03:25:39 1 1 1
03:26:40 1 1 1
03:27:40 1 1 1
03:28:40 1 1 1
03:29:41 1 1 1
03:30:41 1 1 1
03:31:42 1 1 1
03:32:42 1 1 1
03:33:43 1 1 1
03:34:44 1 1 1
03:35:44 1 1 1
03:36:45 1 1 1
03:37:45 1 1 1
03:38:46 1 1 1
03:39:46 1 1 1
03:40:46 1 1 1
03:41:47 1 1 1
03:42:47 1 1 1
03:43:48 1 1 1
03:44:48 1 1 1
03:45:49 1 1 1
03:46:49 1 1 1
03:47:50 1 1 1
03:48:50 1 1 1
03:49:51 1 1 1
03:50:51 1 1 1
03:51:51 1 1 1
03:52:52 1 1 1
03:53:52 1 1 1
03:54:53 1 1 1
03:55:53 1 1 1
03:56:54 1 1 1
03:57:54 1 1 1
03:58:55 1 1 1
03:59:55 1 1 1
04:00:55 1 1 1
04:01:56 1 1 1
04:02:56 1 1 1
04:03:57 1 1 1
04:04:57 1 1 1
04:05:58 1 1 1
04:06:58 1 1 1
04:07:58 1 1 1
04:08:59 1 1 1
04:09:59 1 1 1
04:11:00 1 1 1
04:12:00 1 1 1
04:13:01 1 1 1
04:14:01 1 1 1
04:15:01 1 1 1
04:16:02 1 1 1
04:17:02 1 1 1
04:18:03 1 1 1
04:19:03 1 1 1
04:20:04 1 1 1
04:21:04 1 1 1
04:22:04 1 1 1
04:23:05 1 1 1
04:24:05 1 1 1
04:25:06 1 1 1
04:26:06 1 1 1
04:27:07 1 1 1
04:28:07 1 1 1
04:29:07 1 1 1
04:30:08 1 1 1
04:31:08 1 1 1
04:32:08 1 1 1
04:33:09 1 1 1
04:34:09 1 1 1
04:35:10 1 1 1
04:36:10 1 1 1
04:37:11 1 1 1
04:38:11 1 1 1
04:39:12 1 1 1
04:40:12 1 1 1
04:41:13 1 1 1
04:42:13 1 1 1
04:43:13 1 1 1
04:44:14 1 1 1
04:45:14 1 1 1
04:46:15 1 1 1
04:47:15 1 1 1
04:48:15 1 1 1
04:49:16 1 1 1
04:50:16 1 1 1
04:51:17 1 1 1
04:52:17 1 1 1
04:53:17 1 1 1
04:54:18 1 1 1
04:55:18 1 1 1
04:56:19 1 1 1
04:57:19 1 1 1
04:58:20 1 1 1
04:59:20 1 1 1
05:00:21 1 1 1
05:01:21 1 1 1
05:02:21 1 1 1
05:03:22 1 1 1
05:04:22 1 1 1
05:05:22 1 1 1
05:06:23 1 1 1
05:07:23 1 1 1
05:08:24 1 1 1
05:09:24 1 1 1
05:10:25 1 1 1
05:11:25 1 1 1
05:12:26 1 1 1
05:13:26 1 1 1
05:14:26 1 1 1
05:15:27 1 1 1
05:16:27 1 1 1
05:17:28 1 1 1
05:18:28 1 1 1
05:19:28 1 1 1
05:20:29 1 1 1
05:21:29 1 1 1
05:22:30 1 1 1
05:23:30 1 1 1
05:24:31 1 1 1
05:25:31 1 1 1
05:26:31 1 1 1
05:27:32 1 1 1
05:28:32 1 1 1
05:29:33 1 1 1
05:30:33 1 1 1
05:31:34 1 1 1
05:32:34 1 1 1
05:33:34 1 1 1
05:34:35 1 1 1
05:35:35 1 1 1
05:36:36 1 1 1
05:37:36 1 1 1
05:38:37 1 1 1
05:39:37 1 1 1
05:40:37 1 1 1
05:41:38 1 1 1
05:42:38 1 1 1
05:43:39 1 1 1
05:44:39 1 1 1
05:45:40 1 1 1
05:46:40 1 1 1
05:47:40 1 1 1
05:48:41 1 1 1
05:49:41 1 1 1
05:50:42 1 1 1
05:51:42 1 1 1
05:52:43 1 1 1
05:53:43 1 1 1
05:54:43 1 1 1
05:55:44 1 1 1
05:56:44 1 1 1
05:57:45 1 1 1
05:58:45 1 1 1
05:59:46 1 1 1
06:00:46 1 1 1
06:01:47 1 1 1
06:02:47 1 1 1
06:03:47 1 1 1
06:04:48 1 1 1
06:05:48 1 1 1
06:06:49 1 1 1
06:07:49 1 1 1
06:08:50 1 1 1
06:09:50 1 1 1
06:10:50 1 1 1
06:11:51 1 1 1
06:12:51 1 1 1
06:13:52 1 1 1
06:14:52 1 1 1
06:15:52 1 1 1
06:16:53 1 1 1
06:17:53 1 1 1
06:18:54 1 1 1
06:19:54 1 1 1
06:20:54 1 1 1
06:21:55 1 1 1
06:22:55 1 1 1
06:23:56 1 1 1
06:24:56 1 1 1
06:25:57 1 1 1
06:26:57 1 1 1
06:27:57 1 1 1
06:28:58 1 1 1
06:29:58 1 1 1
06:30:59 1 1 1
06:31:59 1 1 1
06:33:00 1 1 1
06:34:00 1 1 1
06:35:00 1 1 1
06:36:01 1 1 1
06:37:01 1 1 1
06:38:02 1 1 1
06:39:02 1 1 1
06:40:03 1 1 1
06:41:03 1 1 1
06:42:03 1 1 1
06:43:04 1 1 1
06:44:04 1 1 1
06:45:05 1 1 1
06:46:05 1 1 1
06:47:05 1 1 1
06:48:06 1 1 1
06:49:06 1 1 1
06:50:07 1 1 1
06:51:07 1 1 1
06:52:08 1 1 1
06:53:08 1 1 1
06:54:08 1 1 1
06:55:09 1 1 1
06:56:09 1 1 1
06:57:10 1 1 1
06:58:10 1 1 1
06:59:11 1 1 1
07:00:11 1 1 1
07:01:12 1 1 1
07:02:12 1 1 1
07:03:13 1 1 1
07:04:13 1 1 1
07:05:13 1 1 1
07:06:14 1 1 1
07:07:14 1 1 1
07:08:15 1 1 1
07:09:15 1 1 1
07:10:15 1 1 1
07:11:16 1 1 1
07:12:17 1 1 1
07:13:17 1 1 1
07:14:18 1 1 1
07:15:18 1 1 1
07:16:18 1 1 1
07:17:19 1 1 1
07:18:19 1 1 1
07:19:20 1 1 1
07:20:20 1 1 1
07:21:21 1 1 1
07:22:21 1 1 1
07:23:21 1 1 1
07:24:22 1 1 1
07:25:22 1 1 1
07:26:23 1 1 1
07:27:23 1 1 1
07:28:24 1 1 1
07:29:24 1 1 1
07:30:24 1 1 1
07:31:25 1 1 1
07:32:25 1 1 1
07:33:26 1 1 1
07:34:26 1 1 1
07:35:26 1 1 1
07:36:27 1 1 1
07:37:27 1 1 1
07:38:28 1 1 1
07:39:28 1 1 1
07:40:29 1 1 1
07:41:29 1 1 1
07:42:30 1 1 1
07:43:30 1 1 1
07:44:30 1 1 1
07:45:31 1 1 1
07:46:31 1 1 1
07:47:32 1 1 1
07:48:32 1 1 1
07:49:33 1 1 1
07:50:33 1 1 1
07:51:34 1 1 1
07:52:34 1 1 1
07:53:34 1 1 1
07:54:35 1 1 1
07:55:35 1 1 1
07:56:35 1 1 1
07:57:36 1 1 1
07:58:37 1 1 1
07:59:38 1 1 1
08:00:38 1 1 1
08:01:39 1 1 1
08:02:39 1 1 1
08:03:39 1 1 1
08:04:39 1 1 1
08:05:40 1 1 1
08:06:40 1 1 1
08:07:40 1 1 1
08:08:41 1 1 1
08:09:41 1 1 1
08:10:41 1 1 1
08:11:42 1 1 1
08:12:42 1 1 1
08:13:42 1 1 1
08:14:43 1 1 1
08:15:43 1 1 1
08:16:43 1 1 1
08:17:44 1 1 1
08:18:44 1 1 1
08:19:45 1 1 1
08:20:45 1 1 1
08:21:46 1 1 1
08:22:46 1 1 1
08:23:46 1 1 1
08:24:46 1 1 1
08:25:47 1 1 1
08:26:47 1 1 1
08:27:48 1 1 1
08:28:48 1 1 1
08:29:51 1 1 1
08:30:49 1 1 1
08:31:49 1 1 1
08:32:49 1 1 1
08:33:49 1 1 1
08:34:50 1 1 1
08:35:50 1 1 1
08:36:50 1 1 1
08:37:51 1 1 1
08:38:51 1 1 1
08:39:52 1 1 1
08:40:52 1 1 1
08:41:52 1 1 1
08:42:52 1 1 1
08:43:53 1 1 1
08:44:53 1 1 1
08:45:53 1 1 1
08:46:54 1 1 1
08:47:54 1 1 1
08:48:54 1 1 1
08:49:55 1 1 1
08:50:55 1 1 1
08:51:55 1 1 1
08:52:56 1 1 1
08:53:56 1 1 1
08:54:56 1 1 1
08:55:57 1 1 1
08:56:57 1 1 1
08:57:58 1 1 1
08:58:58 1 1 1
08:59:59 1 1 1
09:00:59 1 1 1
09:01:59 1 1 1
09:03:00 1 1 1
09:04:00 1 1 1
09:05:00 1 1 1
09:06:01 1 1 1
09:07:01 1 1 1
09:08:01 1 1 1
09:09:02 1 1 1
09:10:02 1 1 1
09:11:02 1 1 1
09:12:03 1 1 1
09:13:03 1 1 1
09:14:03 1 1 1
09:15:03 1 1 1
09:16:04 1 1 1
09:17:04 1 1 1
09:18:04 1 1 1
09:19:05 1 1 1
09:20:06 1 1 1
09:21:06 1 1 1
09:22:09 1 1 1
09:23:07 1 1 1
09:24:07 1 1 1
09:25:07 1 1 1
09:26:08 1 1 1
09:27:08 1 1 1
09:28:30 0 0 0
09:29:09 1 1 1
09:30:10 1 1 1
09:31:10 1 1 1
09:32:10 1 1 1
09:33:10 1 1 1
09:34:11 1 1 1
09:35:11 1 1 1
09:36:11 1 1 1
09:37:12 1 1 1
09:38:12 1 1 1
09:39:13 1 1 1
09:40:13 1 1 1
09:41:13 1 1 1
09:42:13 1 1 1
09:43:14 1 1 1
09:44:14 1 1 1
09:45:17 1 1 1
09:46:15 1 1 1
09:47:15 1 1 1
09:48:16 1 1 1
09:49:18 1 1 1
09:50:16 1 1 1
09:51:17 1 1 1
09:52:17 1 1 1
09:53:17 1 1 1
09:54:17 1 1 1
09:55:18 1 1 1
09:56:18 1 1 1
09:57:19 1 1 1
09:58:19 1 1 1
09:59:20 1 1 1
10:00:21 1 1 1
10:01:21 1 1 1
10:02:21 1 1 1
10:03:21 1 1 1
10:04:22 1 1 1
10:05:22 1 1 1
10:06:22 1 1 1
10:07:23 1 1 1
10:08:23 1 1 1
10:09:23 1 1 1
10:10:24 1 1 1
10:11:24 1 1 1
10:12:24 1 1 1
10:13:25 1 1 1
10:14:25 1 1 1
10:15:25 1 1 1
10:16:29 1 1 1
10:17:26 1 1 1
10:18:26 1 1 1
10:19:27 1 1 1
10:20:27 1 1 1
10:21:27 1 1 1
10:22:27 1 1 1
10:23:28 1 1 1
10:24:28 1 1 1
10:25:28 1 1 1
10:26:29 1 1 1
