00:01:32 -1 -1
00:02:00 167945 17252
00:02:57 12188 2989
00:04:04 -1 -1
00:05:00 124303 9639
00:05:59 -1 -1
00:07:13 77715 14607
02:00:05 -1 -1
02:01:05 2861 2049
02:02:06 -1 -1
02:03:06 -1 -1
02:04:06 98658 9697
02:05:07 1948 2130
02:06:07 -1 -1
02:07:08 2924 2427
02:08:08 86648 5659
02:09:09 322 1380
02:10:09 62722 5050
02:11:10 13168 1814
02:12:10 68240 3844
02:13:10 10520 994
02:14:11 10820 2617
02:15:11 36402 4947
02:16:12 -1 -1
02:17:12 24793 20757
02:18:12 55671 8693
02:19:13 -1 -1
02:20:13 -1 -1
02:21:14 38570 4747
02:22:14 -1 -1
02:23:15 15766 2004
02:24:15 -1 -1
02:25:15 -1 -1
02:26:16 -1 -1
02:27:16 -1 -1
02:28:17 59937 4071
02:29:17 -1 -1
02:30:17 405 1120
02:31:18 -1 -1
02:32:19 44768 5819
02:33:19 28368 2008
02:34:19 10026 1782
02:35:20 -1 -1
02:36:20 1946 1414
02:37:20 -1 -1
02:38:21 -1 -1
02:39:21 116750 5044
02:40:22 -1 -1
02:41:22 3680 20234
02:42:23 -1 -1
02:43:23 -1 -1
02:44:23 -1 -1
02:45:24 -1 -1
02:46:24 -1 -1
02:47:25 -1 -1
02:48:25 -1 -1
02:49:25 8960 1888
02:50:26 -1 -1
02:51:26 27032 3662
02:52:27 12657 1514
02:53:27 33710 3535
02:54:27 -1 -1
02:55:28 -1 -1
02:56:29 176679 14093
02:57:29 42965 5358
02:58:29 -1 -1
02:59:30 313861 13590
03:00:30 16006 2172
03:01:31 76590 4224
03:02:31 102266 13600
03:03:31 10717 940
03:04:32 -1 -1
03:05:33 17169 2751
03:06:33 -1 -1
03:07:34 65229 5652
03:08:34 -1 -1
03:09:34 51741 2920
03:10:35 -1 -1
03:11:35 4194 2336
03:12:36 36277 4745
03:13:36 44968 3990
03:14:36 -1 -1
03:15:37 19764 1652
03:16:38 -1 -1
03:17:38 -1 -1
03:18:38 238116 7294
03:19:39 -1 -1
03:20:39 -1 -1
03:21:40 206585 23707
03:22:40 -1 -1
03:23:41 187879 16742
03:24:41 36190 10167
03:25:41 -1 -1
03:26:42 3077 1992
03:27:42 -1 -1
03:28:43 -1 -1
03:29:43 -1 -1
03:30:44 48341 3985
03:31:44 -1 -1
03:32:44 21897 3198
03:33:46 -1 -1
03:34:46 -1 -1
03:35:46 -1 -1
03:36:47 -1 -1
03:37:48 17049 3232
03:38:48 24818 4455
03:39:49 41384 2380
03:40:49 75003 7347
03:41:49 40838 4892
03:42:50 23423 4158
03:43:50 -1 -1
03:44:51 80838 44542
03:45:51 -1 -1
03:46:51 -1 -1
03:47:52 209796 14334
03:48:52 -1 -1
03:49:53 -1 -1
03:50:53 131827 6859
03:51:54 -1 -1
03:52:54 -1 -1
03:53:55 59141 7048
03:54:55 181813 7790
03:55:56 -1 -1
03:56:56 153330 8386
03:57:56 42403 2238
03:59:00 164779 8460
04:00:00 125570 5856
04:00:58 -1 -1
04:02:01 -1 -1
04:03:02 -1 -1
04:03:59 60203 49512
04:05:00 -1 -1
04:06:00 63450 4637
04:07:00 -1 -1
04:08:01 -1 -1
04:09:01 -1 -1
04:10:02 86804 11311
04:11:02 -1 -1
04:12:03 -1 -1
04:13:03 165932 12901
04:14:03 142339 10764
04:15:04 -1 -1
04:16:04 -1 -1
04:17:05 -1 -1
04:18:05 -1 -1
04:19:05 -1 -1
04:20:06 -1 -1
04:21:06 -1 -1
04:22:07 -1 -1
04:23:07 -1 -1
04:24:09 35050 5048
04:25:08 257462 12956
04:26:09 253321 12675
04:27:10 -1 -1
04:28:09 -1 -1
04:29:10 -1 -1
04:30:10 -1 -1
04:31:10 -1 -1
04:32:11 239435 8122
04:33:11 -1 -1
04:34:12 -1 -1
04:35:12 -1 -1
04:36:13 -1 -1
04:37:13 263764 8348
04:38:14 -1 -1
04:39:14 -1 -1
04:40:14 105528 25404
04:41:15 -1 -1
04:42:15 169282 14791
04:43:16 -1 -1
04:44:16 -1 -1
04:45:17 -1 -1
04:46:17 127116 7874
04:47:17 -1 -1
04:48:18 312849 17936
04:49:18 -1 -1
04:50:19 -1 -1
04:51:19 226635 13131
04:52:19 -1 -1
04:53:20 -1 -1
04:54:20 -1 -1
04:55:21 -1 -1
04:56:21 150850 10040
04:57:22 90352 10570
04:58:22 -1 -1
04:59:28 183188 11238
05:00:36 -1 -1
05:01:23 223798 13550
05:02:24 85810 8170
05:03:24 -1 -1
05:04:24 70563 3774
05:05:25 -1 -1
05:06:25 166350 13983
05:07:26 55398 8012
05:08:26 31004 10372
05:09:26 -1 -1
05:10:27 -1 -1
05:11:28 -1 -1
05:12:28 -1 -1
05:13:28 83100 17066
05:14:29 97228 14969
05:15:29 -1 -1
05:16:30 84516 5713
05:17:30 -1 -1
05:18:30 -1 -1
05:19:31 -1 -1
05:20:31 69078 33994
05:21:32 -1 -1
05:22:32 172146 12384
05:23:33 9731 5373
05:24:33 -1 -1
05:25:34 106906 8128
05:26:34 24558 6102
05:27:34 132304 9920
05:28:35 70157 11800
05:29:35 -1 -1
05:30:36 -1 -1
05:31:36 13050 5901
05:32:36 -1 -1
05:33:38 92484 9474
05:34:37 -1 -1
05:35:38 51877 10437
05:36:38 60083 11756
05:37:39 -1 -1
05:38:39 -1 -1
05:39:40 -1 -1
05:40:40 -1 -1
05:41:40 9716 4302
05:42:41 93090 8450
05:43:41 216498 10777
05:44:41 -1 -1
05:45:42 -1 -1
05:46:42 51134 10183
05:47:43 -1 -1
05:48:43 -1 -1
05:49:44 48130 2934
05:50:44 54958 6992
05:51:44 -1 -1
05:52:45 -1 -1
05:53:45 -1 -1
05:54:46 -1 -1
05:55:46 -1 -1
05:56:47 -1 -1
05:57:47 -1 -1
05:58:48 119332 22740
05:59:48 -1 -1
06:00:49 26554 5882
06:01:49 75076 6955
06:02:49 87350 11072
06:03:52 -1 -1
06:04:50 220200 11105
06:05:51 -1 -1
06:06:51 163001 6531
06:07:51 151849 8356
06:08:52 58300 7518
06:09:52 75664 6732
06:10:53 -1 -1
06:11:53 -1 -1
06:12:53 168880 8820
06:13:54 -1 -1
06:14:54 156709 13517
06:15:55 123360 15649
06:16:55 -1 -1
06:17:56 135739 9638
06:18:56 -1 -1
06:19:57 -1 -1
06:20:57 87885 10916
06:21:57 -1 -1
06:22:58 -1 -1
06:23:58 -1 -1
06:25:15 216713 53149
06:26:20 288664 40288
06:27:04 -1 -1
06:28:00 219845 11482
06:29:00 188508 13521
06:30:01 -1 -1
06:31:01 62480 10138
06:32:02 125794 23046
06:33:02 211742 15270
06:34:02 75161 8212
06:35:03 -1 -1
06:36:03 -1 -1
06:37:04 -1 -1
06:38:04 61256 15069
06:39:05 67128 9590
06:40:05 33208 26096
06:41:05 -1 -1
06:42:06 245820 15228
06:43:06 -1 -1
06:44:07 -1 -1
06:45:07 111758 11455
06:46:07 105975 22507
06:47:08 -1 -1
06:48:08 223248 16698
06:49:09 -1 -1
06:50:09 423750 31170
06:51:10 -1 -1
06:52:10 68007 19478
06:53:11 326529 13769
06:54:11 -1 -1
06:55:11 -1 -1
06:56:12 135102 21348
06:57:12 207018 22127
06:58:13 -1 -1
06:59:13 113014 7943
07:00:13 138948 6727
07:01:14 111008 9086
07:02:14 162946 11572
07:03:15 120802 13418
07:04:16 -1 -1
07:05:16 216164 10666
07:06:16 170466 13844
07:07:17 121930 9818
07:08:17 335302 19353
07:09:17 175452 23120
07:10:18 -1 -1
07:11:19 -1 -1
07:12:19 -1 -1
07:13:20 139542 8200
07:14:20 197768 10342
07:15:20 227162 11200
07:16:21 -1 -1
07:17:21 355702 14302
07:18:22 718667 32802
07:19:22 274091 8352
07:20:23 242879 9594
07:21:23 -1 -1
07:22:23 349303 17490
07:23:24 -1 -1
07:24:24 -1 -1
07:25:25 -1 -1
07:26:25 -1 -1
07:27:25 344898 11533
07:28:26 -1 -1
07:29:26 51581 6280
07:30:27 176428 12438
07:31:27 89286 22562
07:32:28 7239 20722
07:33:28 -1 -1
07:34:28 -1 -1
07:35:29 -1 -1
07:36:29 98927 10134
07:37:30 -1 -1
07:38:30 -1 -1
07:39:31 -1 -1
07:40:31 -1 -1
07:41:32 102964 11824
07:42:32 -1 -1
07:43:32 69360 10436
07:44:33 14915 12813
07:45:34 -1 -1
07:46:34 123960 13875
07:47:34 41991 10665
07:48:35 -1 -1
07:49:54 -1 -1
07:50:35 -1 -1
07:51:36 -1 -1
07:52:36 198405 13464
07:53:37 -1 -1
07:54:37 -1 -1
07:55:37 -1 -1
07:56:38 -1 -1
07:57:38 -1 -1
07:58:39 6760 7708
07:59:39 -1 -1
08:00:40 81843 6516
08:01:41 -1 -1
08:02:40 73975 9963
08:03:42 -1 -1
08:04:41 70018 7832
08:05:41 90104 12507
08:06:41 -1 -1
08:07:42 20408 13340
08:08:43 52926 8115
08:09:42 143899 7898
08:10:43 45170 6722
08:11:43 -1 -1
08:12:43 37724 5724
08:13:44 -1 -1
08:14:44 33883 8424
08:15:44 -1 -1
08:16:45 24254 3140
08:17:46 -1 -1
08:18:46 -1 -1
08:19:46 31570 12102
08:20:47 -1 -1
08:21:47 -1 -1
08:22:47 28348 9800
08:23:47 -1 -1
08:24:48 -1 -1
08:25:48 32815 4096
08:26:49 -1 -1
08:27:49 -1 -1
08:28:49 -1 -1
08:29:53 -1 -1
08:30:50 -1 -1
08:31:50 -1 -1
08:32:51 26522 3856
08:33:52 45244 7628
08:34:51 -1 -1
08:35:51 5514 6269
08:36:52 2194 4098
08:37:52 220726 61078
08:38:53 -1 -1
08:39:53 -1 -1
08:40:53 331964 14886
08:41:53 -1 -1
08:42:54 40140 7107
08:43:54 50937 8483
08:44:54 -1 -1
08:45:55 -1 -1
08:46:55 24096 4998
08:47:55 -1 -1
08:48:56 -1 -1
08:49:56 -1 -1
08:50:56 35024 85098
08:51:57 -1 -1
08:52:57 30404 3938
08:53:57 -1 -1
08:54:58 40389 2912
08:55:58 -1 -1
08:56:59 -1 -1
08:57:59 -1 -1
08:59:00 -1 -1
09:00:00 51901 9408
09:01:00 2112 1498
09:02:01 -1 -1
09:03:01 -1 -1
09:04:01 -1 -1
09:05:02 9175 3421
09:06:02 2578 2405
09:07:02 97700 4591
09:08:03 264461 11135
09:09:03 -1 -1
09:10:03 2244 4348
09:11:04 -1 -1
09:12:04 15328 5517
09:13:04 -1 -1
09:14:05 -1 -1
09:15:05 128659 27039
09:16:05 4166 4781
09:17:06 12049 5433
09:18:06 962 2096
09:19:07 38703 4898
09:20:07 165202 9370
09:21:07 -1 -1
09:22:08 -1 -1
09:23:08 -1 -1
09:24:08 -1 -1
09:25:09 -1 -1
09:26:09 -1 -1
09:27:10 -1 -1
09:28:14 305 254
09:29:11 -1 -1
09:30:11 177844 18096
09:31:11 13903 3820
09:32:12 29754 1776
09:33:12 52564 2922
09:34:12 -1 -1
09:35:13 -1 -1
09:36:13 -1 -1
09:37:13 -1 -1
09:38:14 2636 4044
09:39:14 -1 -1
09:40:14 -1 -1
09:41:14 -1 -1
09:42:15 -1 -1
09:43:15 -1 -1
09:44:15 -1 -1
09:45:16 84208 6167
09:46:16 -1 -1
09:47:17 -1 -1
09:48:17 8283 5150
09:49:17 47988 5357
09:50:17 46247 6299
09:51:18 -1 -1
09:52:18 115662 20650
09:53:19 26640 7094
09:54:19 -1 -1
09:55:19 -1 -1
09:56:20 -1 -1
09:57:20 2482 1830
09:58:21 5529 3157
09:59:21 190173 13769
10:00:22 13820 6185
10:01:22 -1 -1
10:02:22 118950 7352
10:03:23 39840 5221
10:04:23 -1 -1
10:05:23 18959 8843
10:06:24 29078 2390
10:07:24 -1 -1
10:08:24 -1 -1
10:09:25 30557 3920
10:10:25 201098 25142
10:11:25 -1 -1
10:12:29 -1 -1
10:13:26 48310 5192
10:14:26 47905 10232
10:15:27 123580 8479
10:16:26 -1 -1
10:17:27 -1 -1
10:18:26 -1 -1
10:19:28 -1 -1
10:20:28 17815 5427
10:21:28 4371 5157
10:22:29 55012 5852
10:23:29 13856 6136
10:24:29 28718 5332
10:25:30 96572 3364
10:26:30 -1 -1
