00:01:04 6182 1552
00:01:58 14736 956
00:02:56 64 128
00:04:03 1375 809
00:04:58 64 64
00:05:59 26642 1576
00:07:12 7049 1236
02:00:05 737 1379
02:01:05 540 348
02:02:06 50474 3596
02:03:06 22374 2266
02:04:07 348 412
02:05:07 572 284
02:06:08 220 284
02:07:08 23700 1846
02:08:08 540 476
02:09:09 14464 1116
02:10:09 829 2083
02:11:10 64093 3716
02:12:10 54990 2294
02:13:10 476 674
02:14:11 3330 1022
02:15:11 3452 1382
02:16:12 3916 1305
02:17:12 705 672
02:18:13 6266 1382
02:19:13 11240 1539
02:20:13 9714 836
02:21:14 290 360
02:22:14 135145 5306
02:23:15 9450 7812
02:24:15 3182 3977
02:25:16 100663 15056
02:26:16 13320 6930
02:27:16 40901 6377
02:28:20 518 256
02:29:17 220 284
02:30:18 10267 2334
02:31:18 476 220
02:32:19 550 432
02:33:19 59795 5719
02:34:19 13074 4927
02:35:20 10559 28523
02:36:20 540 674
02:37:21 22473 1871
02:38:21 83097 3266
02:39:21 46016 1180
02:40:22 9545 1555
02:41:22 3464 1315
02:42:23 9726 1303
02:43:23 13637 2280
02:44:24 28477 1830
02:45:24 284 540
02:46:24 550 841
02:47:25 6951 1328
02:48:25 284 348
02:49:26 27084 1436
02:50:26 476 284
02:51:26 48388 2800
02:52:27 31388 2146
02:53:27 47701 2160
02:54:28 684 496
02:55:28 57282 4700
02:56:29 661 362
02:57:29 47993 1820
02:58:30 5422 3156
02:59:30 748 1071
03:00:30 3955 1430
03:01:31 710 1392
03:02:31 17046 2054
03:03:32 115728 3010
03:04:32 44255 2550
03:05:33 21934 1669
03:06:33 643 506
03:07:34 84275 4206
03:08:34 540 820
03:09:35 785 700
03:10:35 812 1014
03:11:35 616 704
03:12:36 9854 1212
03:13:36 12993 1427
03:14:37 752 1573
03:15:37 669 569
03:16:38 857 490
03:17:38 45074 3205
03:18:39 14892 1843
03:19:39 22213 1746
03:20:39 24688 1855
03:21:40 4410 5526
03:22:40 725 554
03:23:41 122495 10083
03:24:41 58767 4692
03:25:42 40437 4403
03:26:42 18506 2591
03:27:43 135698 8910
03:28:43 58002 4126
03:29:43 25501 1683
03:30:44 52917 3353
03:31:44 35857 2792
03:32:45 167166 7239
03:33:45 14002 2238
03:34:46 61518 6341
03:35:47 14036 544
03:36:47 19972 3413
03:37:48 12418 2883
03:38:48 18875 4573
03:39:49 66711 12371
03:40:49 248732 28584
03:41:49 230684 11884
03:42:50 34976 18214
03:43:51 71256 15227
03:44:51 71576 11935
03:45:51 90744 4139
03:46:52 27288 4979
03:47:52 540 284
03:48:52 1793 476
03:49:56 2058 3008
03:50:53 220 220
03:51:54 614 560
03:52:54 48697 2530
03:53:55 3889 624
03:54:55 476 284
03:55:56 476 220
03:56:56 78924 3144
03:57:57 15217 920
03:58:57 22598 1653
03:59:57 771 1034
04:00:58 12571 924
04:01:59 220 284
04:02:59 286 354
04:03:59 5017 1140
04:05:00 733 940
04:06:00 1001 777
04:07:01 1876 579
04:08:01 476 220
04:09:02 220 220
04:10:02 52028 15136
04:11:03 99121 11042
04:12:03 635 362
04:13:03 554 752
04:14:04 284 412
04:15:05 764 1322
04:16:04 568 362
04:17:05 15981 1264
04:18:06 476 220
04:19:06 1540 1581
04:20:06 702 1724
04:21:07 17905 1404
04:22:07 298 362
04:23:07 18737 412
04:24:08 476 674
04:25:08 1352 1341
04:26:09 241997 5137
04:27:09 101360 3703
04:28:09 252509 3486
04:29:10 293358 5179
04:30:10 79291 4027
04:31:11 262632 4700
04:32:11 58588 2410
04:33:11 15656 424
04:34:12 542 284
04:35:12 263098 12295
04:36:13 225951 3505
04:37:13 59286 6936
04:38:14 97746 4797
04:39:14 129760 4039
04:40:15 723 350
04:41:15 15110 15328
04:42:15 515 505
04:43:16 4765 2541
04:44:16 671 692
04:45:17 814 756
04:46:17 476 220
04:47:17 476 284
04:48:18 3326 701
04:49:18 79222 2674
04:50:19 1092 824
04:51:19 54191 1926
04:52:20 540 348
04:53:20 38783 1181
04:54:20 35869 3139
04:55:21 1523 2812
04:56:21 476 220
04:57:22 476 220
04:58:22 220 220
04:59:23 8914 11758
05:00:23 50938 9130
05:01:24 18712 3307
05:02:24 1922 2008
05:03:24 550 956
05:04:24 554 688
05:05:25 1224 1638
05:06:25 220 284
05:07:26 420 675
05:08:26 9079 2063
05:09:27 476 424
05:10:27 1876 785
05:11:28 64 128
05:12:28 39665 3339
05:13:29 16982 2029
05:14:29 11232 1542
05:15:29 9658 1098
05:16:30 476 220
05:17:30 476 284
05:18:31 22109 1619
05:19:31 8072 1402
05:20:31 476 220
05:21:32 561 348
05:22:32 18006 1775
05:23:33 13476 2053
05:24:33 220 220
05:25:34 220 220
05:26:34 8946 11718
05:27:34 8118 10610
05:28:35 554 688
05:29:35 39652 1824
05:30:36 550 298
05:31:36 220 284
05:32:36 110709 5970
05:33:37 476 220
05:34:37 41038 3525
05:35:38 476 284
05:36:38 364 688
05:37:39 476 360
05:38:39 31037 10890
05:39:40 53029 11642
05:40:40 9942 13442
05:41:40 7476 8335
05:42:41 19687 14611
05:43:41 4602 5560
05:44:42 220 220
05:45:42 90639 3230
05:46:42 5068 6690
05:47:43 5270 7167
05:48:43 22019 869
05:49:44 6459972 104788
05:50:44 598 555
05:51:45 2760 5531
05:52:45 10029 1229
05:53:45 566 1271
05:54:46 498 568
05:55:46 1050 1090
05:56:47 22290 1975
05:57:47 1084 1807
05:58:48 64728 2525
05:59:48 1671 1966
06:00:49 17392 924
06:01:49 294 368
06:02:50 23161 1765
06:03:50 9726 426
06:04:50 28424 2137
06:05:51 540 348
06:06:51 77222 13973
06:07:52 6892 8868
06:08:52 1108 804
06:09:53 748 1903
06:10:53 2054 502
06:11:53 3512 515
06:12:54 476 284
06:13:54 546 704
06:14:54 742 368
06:15:55 28162 2693
06:16:55 542 362
06:17:56 43120 2046
06:18:56 1876 432
06:19:57 1290 1437
06:21:00 1094 696
06:21:57 196407 11580
06:22:58 55146 7637
06:23:58 5105 6245
06:24:59 943 993
06:25:59 2615 1416
06:27:00 51410 10092
06:28:00 2950 3764
06:29:00 788 576
06:30:01 41233 3297
06:31:01 65316 2686
06:32:02 876 706
06:33:02 786 1131
06:34:02 936 1125
06:35:03 75412 4574
06:36:03 3627 5279
06:37:04 13364 18389
06:38:05 159135 13033
06:39:05 902 852
06:40:05 978 770
06:41:05 2374 1068
06:42:06 2310 995
06:43:06 11044 1488
06:44:07 1386 1056
06:45:08 1681 1708
06:46:08 893 970
06:47:08 728 712
06:48:08 9929 11025
06:49:09 6932 9491
06:50:09 1958 1644
06:51:10 476 284
06:52:10 352 432
06:53:11 476 220
06:54:11 612 298
06:55:11 627 354
06:56:12 476 284
06:57:12 595 503
06:58:13 13693 2575
06:59:13 3739 1535
07:00:14 68995 2612
07:01:14 21872 1250
07:02:15 434 683
07:03:15 71032 2574
07:04:15 540 412
07:05:16 414 736
07:06:16 939 899
07:07:17 136004 4352
07:08:17 12765 13705
07:09:18 50726 7319
07:10:18 21473 2263
07:11:19 9938 1364
07:12:19 550 432
07:13:20 542 362
07:14:20 220 220
07:15:20 9750 1181
07:16:21 2910 912
07:17:22 220 220
07:18:22 554 1197
07:19:22 10452 1266
07:20:23 4434 924
07:21:23 210648 10258
07:22:24 63062 3840
07:23:24 546 284
07:24:24 1236 1033
07:25:25 3400 665
07:26:25 550 362
07:27:26 50648 2048
07:28:26 22272 3150
07:29:26 26042 7052
07:30:27 932 806
07:31:27 412 476
07:32:28 6700 8876
07:33:28 8418 6492
07:34:28 6532 8502
07:35:29 5966 7456
07:36:29 4996 6615
07:37:30 17324 1299
07:38:31 540 610
07:39:31 10750 860
07:40:31 3576 412
07:41:32 618 816
07:42:32 78782 2448
07:43:33 15876 963
07:44:33 294 298
07:45:34 540 284
07:46:34 125255 3923
07:47:34 4326 732
07:48:35 1147 951
07:49:35 46552 13604
07:50:36 7596 9534
07:51:36 12047 1006
07:52:36 6443 1100
07:53:37 748 1060
07:54:37 550 432
07:55:38 12737 1999
07:56:38 8008 881
07:57:38 128 128
07:58:39 19753 786
07:59:39 64 464
08:00:40 194 682
08:01:41 128 128
08:02:40 138 206
08:03:41 21354 1052
08:04:41 31079 1792
08:05:41 2023 1459
08:06:42 234973 6107
08:07:42 9823 320
08:08:42 64 64
08:09:43 320 128
08:10:43 13893 6360
08:11:43 198 256
08:12:43 454 646
08:13:44 454 326
08:14:44 64 192
08:15:44 549 933
08:16:45 64 128
08:17:46 1511 572
08:18:46 2273 983
08:19:46 1269 1842
08:20:47 129874 5194
08:21:47 116879 3650
08:22:47 126038 4629
08:23:48 152831 7331
08:24:48 1700 1894
08:25:48 15184 960
08:26:49 234176 8096
08:27:49 390 128
08:28:49 13157 1168
08:29:50 320 128
08:30:50 1658 1872
08:31:50 8944 11622
08:32:51 5107 5349
08:33:51 128 128
08:34:51 139648 4575
08:35:52 164299 6240
08:36:52 18976 1145
08:37:52 320 454
08:38:53 460 256
08:39:53 64 128
08:40:53 6370 1208
08:41:54 1652 723
08:42:54 10459 2293
08:43:54 1511 569
08:44:54 27467 1024
08:45:55 906 1193
08:46:55 320 518
08:47:55 72391 3996
08:48:56 64 128
08:49:56 610 9990
08:50:56 127417 4748
08:51:57 64 128
08:52:57 6188 8500
08:53:57 4054 5740
08:54:58 64 128
08:55:58 64 192
08:56:59 16818 1411
08:57:59 3166 198
08:59:00 137065 6623
09:00:00 320 518
09:01:01 425856 11155
09:02:01 73602 2304
09:03:01 54104 8141
09:04:01 154716 2615
09:05:02 1022 1274
09:06:02 64 128
09:07:02 134 426
09:08:03 50936 1594
09:09:03 76710 2879
09:10:03 20814 1474
09:11:04 594 602
09:12:04 1055 1155
09:13:04 223689 11527
09:14:05 55185 7800
09:15:05 149872 19903
09:16:05 100805 5172
09:17:05 158991 3932
09:18:06 4192 3207
09:19:07 13868 3959
09:20:07 68982 5506
09:21:07 45063 21538
09:22:08 27307 17716
09:23:08 6804 8578
09:24:08 10680 13498
09:25:09 14734 17724
09:26:09 15276 18759
09:27:10 870 1186
09:28:30 -1 -1
09:29:11 18409 5277
09:30:11 47594 2182
09:31:11 1456 1586
09:32:12 20244 2528
09:33:12 10284 2059
09:34:12 177397 6513
09:35:13 55040 7937
09:36:13 830 964
09:37:13 72059 4901
09:38:14 59158 4068
09:39:14 934 1402
09:40:14 5694 2434
09:41:15 29915 4251
09:42:15 9978 17976
09:43:15 25103 3505
09:44:15 690 604
09:45:16 138699 11698
09:46:16 45639 7709
09:47:17 39487 4433
09:48:17 46731 6304
09:49:17 26285 5672
09:50:18 10216 6713
09:51:18 11622 9804
09:52:18 105453 2173
09:53:19 808 1267
09:54:19 82770 5809
09:55:19 11822 12434
09:56:20 20805 12630
09:57:20 1031 1035
09:58:21 72189 5977
09:59:21 47033 3554
10:00:22 3704 1054
10:01:22 1085 1129
10:02:23 1351498 36791
10:03:23 20523 4024
10:04:23 45396 8307
10:05:23 46241 7331
10:06:24 43040 8292
10:07:24 87090 7990
10:08:24 36993 2463
10:09:25 155906 6689
10:10:25 46859 1597
10:11:25 80000 20367
10:12:26 11404 2346
10:13:26 1141 1477
10:14:26 24495 1777
10:15:27 89794 4676
10:16:46 -1 -1
10:17:27 132024 14666
10:18:28 4031 1666
10:19:28 926 1238
10:20:29 17705 2256
10:21:29 2804 1799
10:22:29 1626 1565
10:23:28 -1 -1
10:24:30 10925 976
10:25:30 90969 5145
10:26:30 1334 2313
