00:00:06 4 0 153
00:00:36 4 0 154
00:01:21 4 0 154
00:01:51 4 0 153
00:02:12 4 0 153
00:02:41 4 0 155
00:03:11 4 0 154
00:03:40 4 0 154
00:04:12 4 0 151
00:04:44 4 0 153
00:05:14 4 0 151
00:05:44 4 0 153
00:06:14 4 0 153
00:06:45 4 0 154
00:07:16 4 0 152
02:00:03 4 0 152
02:00:33 4 0 152
02:01:03 4 0 152
02:01:34 4 0 151
02:02:04 4 0 152
02:02:34 4 0 153
02:03:04 4 0 152
02:03:34 4 0 151
02:04:04 4 0 151
02:04:35 4 0 151
02:05:05 4 0 152
02:05:35 4 0 152
02:06:05 4 0 151
02:06:36 4 0 151
02:07:06 4 0 151
02:07:36 4 0 151
02:08:06 4 0 151
02:08:37 4 0 151
02:09:07 4 0 154
02:09:37 4 0 151
02:10:07 4 0 154
02:10:37 4 0 151
02:11:07 4 0 151
02:11:38 4 0 151
02:12:08 4 0 151
02:12:38 4 0 151
02:13:08 4 0 151
02:13:39 4 0 151
02:14:09 4 0 151
02:14:39 4 0 151
02:15:09 4 0 151
02:15:39 4 0 151
02:16:10 4 0 152
02:16:40 4 0 152
02:17:10 4 0 153
02:17:40 4 0 151
02:18:10 4 0 151
02:18:41 4 0 151
02:19:11 4 0 151
02:19:41 4 0 151
02:20:11 4 0 151
02:20:42 4 0 151
02:21:12 4 0 151
02:21:42 4 0 151
02:22:12 4 0 151
02:22:42 4 0 151
02:23:12 4 0 151
02:23:43 4 0 151
02:24:13 4 0 152
02:24:43 4 0 151
02:25:13 4 0 151
02:25:44 4 0 151
02:26:14 4 0 152
02:26:44 4 0 152
02:27:14 4 0 151
02:27:45 4 0 151
02:28:15 4 0 151
02:28:45 4 0 151
02:29:15 4 0 151
02:29:45 4 0 151
02:30:15 4 0 152
02:30:46 4 0 151
02:31:16 4 0 151
02:31:46 4 0 151
02:32:16 4 0 152
02:32:47 4 0 151
02:33:17 4 0 151
02:33:47 4 0 151
02:34:17 4 0 151
02:34:47 4 0 152
02:35:18 4 0 152
02:35:48 4 0 153
02:36:18 4 0 151
02:36:48 4 0 151
02:37:18 4 0 151
02:37:49 4 0 152
02:38:19 4 0 153
02:38:49 4 0 151
02:39:19 4 0 152
02:39:49 4 0 151
02:40:20 4 0 151
02:40:50 4 0 153
02:41:20 4 0 151
02:41:50 4 0 151
02:42:20 4 0 151
02:42:51 4 0 153
02:43:21 4 0 151
02:43:51 4 0 151
02:44:21 4 0 151
02:44:52 4 0 152
02:45:22 4 0 151
02:45:52 4 0 152
02:46:22 4 0 153
02:46:52 4 0 151
02:47:22 4 0 152
02:47:53 4 0 151
02:48:23 4 0 151
02:48:53 4 0 151
02:49:23 4 0 153
02:49:54 4 0 151
02:50:24 4 0 151
02:50:54 4 0 151
02:51:24 4 0 151
02:51:54 4 0 151
02:52:25 4 0 151
02:52:55 4 0 151
02:53:25 4 0 151
02:53:55 4 0 151
02:54:25 4 0 151
02:54:56 4 0 151
02:55:26 4 0 151
02:55:56 4 0 151
02:56:26 4 0 151
02:56:57 4 0 151
02:57:27 4 0 151
02:57:57 4 0 151
02:58:27 4 0 151
02:58:58 4 0 152
02:59:28 4 0 151
02:59:58 4 0 151
03:00:28 4 0 151
03:00:59 4 0 152
03:01:29 4 0 151
03:01:59 4 0 151
03:02:29 4 0 151
03:02:59 4 0 151
03:03:29 4 0 151
03:04:00 4 0 151
03:04:30 4 0 170
03:05:00 4 0 151
03:05:31 4 0 151
03:06:01 4 0 151
03:06:31 4 0 151
03:07:01 4 0 151
03:07:31 4 0 151
03:08:02 4 0 151
03:08:32 4 0 151
03:09:02 4 0 152
03:09:32 4 0 151
03:10:03 4 0 151
03:10:33 4 0 151
03:11:03 4 0 153
03:11:33 4 0 151
03:12:04 4 0 151
03:12:34 4 0 151
03:13:04 4 0 152
03:13:34 4 0 151
03:14:04 4 0 152
03:14:34 4 0 151
03:15:05 4 0 151
03:15:35 4 0 152
03:16:05 4 0 151
03:16:35 4 0 151
03:17:06 4 0 151
03:17:36 4 0 151
03:18:06 4 0 151
03:18:36 4 0 151
03:19:07 4 0 151
03:19:37 4 0 151
03:20:07 4 0 151
03:20:37 4 0 151
03:21:08 4 0 152
03:21:38 4 0 151
03:22:08 4 0 151
03:22:38 4 0 151
03:23:08 4 0 151
03:23:39 4 0 151
03:24:09 4 0 151
03:24:39 4 0 151
03:25:09 4 0 151
03:25:39 4 0 151
03:26:10 4 0 151
03:26:40 4 0 151
03:27:10 4 0 151
03:27:40 4 0 151
03:28:11 4 0 151
03:28:41 4 0 151
03:29:11 4 0 152
03:29:41 4 0 151
03:30:12 4 0 151
03:30:42 4 0 151
03:31:12 4 0 151
03:31:42 4 0 151
03:32:12 4 0 151
03:32:42 4 0 151
03:33:13 4 0 151
03:33:43 4 0 151
03:34:13 4 0 151
03:34:44 4 0 151
03:35:14 4 0 151
03:35:44 4 0 151
03:36:15 4 0 151
03:36:45 4 0 156
03:37:15 4 0 160
03:37:45 4 0 154
03:38:16 4 0 151
03:38:46 4 0 151
03:39:16 4 0 151
03:39:46 4 0 151
03:40:17 4 0 151
03:40:47 4 0 151
03:41:17 4 0 154
03:41:47 4 0 151
03:42:18 4 0 151
03:42:48 4 0 151
03:43:18 4 0 151
03:43:48 4 0 151
03:44:18 4 0 151
03:44:49 4 0 151
03:45:19 4 0 151
03:45:49 4 0 151
03:46:19 4 0 151
03:46:49 4 0 151
03:47:20 4 0 151
03:47:50 4 0 151
03:48:20 4 0 151
03:48:50 4 0 151
03:49:21 4 0 151
03:49:51 4 0 177
03:50:21 4 0 151
03:50:51 4 0 182
03:51:21 4 0 151
03:51:52 4 0 151
03:52:22 4 0 151
03:52:52 4 0 151
03:53:22 4 0 151
03:53:52 4 0 151
03:54:23 4 0 151
03:54:53 4 0 151
03:55:23 4 0 151
03:55:53 4 0 151
03:56:24 4 0 151
03:56:54 4 0 151
03:57:24 4 0 151
03:57:54 4 0 151
03:58:25 4 0 151
03:58:55 4 0 151
03:59:25 4 0 151
03:59:55 4 0 151
04:00:26 4 0 151
04:00:56 4 0 151
04:01:26 4 0 151
04:01:56 4 0 152
04:02:27 4 0 152
04:02:57 4 0 151
04:03:27 4 0 151
04:03:57 4 0 153
04:04:27 4 0 152
04:04:57 4 0 151
04:05:28 4 0 151
04:05:58 4 0 152
04:06:28 4 0 153
04:06:58 4 0 151
04:07:29 4 0 154
04:07:59 4 0 154
04:08:29 4 0 157
04:08:59 4 0 151
04:09:30 4 0 151
04:10:00 4 0 152
04:10:30 4 0 151
04:11:00 4 0 155
04:11:30 4 0 154
04:12:01 4 0 153
04:12:31 4 0 153
04:13:01 4 0 151
04:13:31 4 0 151
04:14:01 4 0 154
04:14:32 4 0 151
04:15:02 4 0 151
04:15:32 4 0 151
04:16:02 4 0 151
04:16:33 4 0 151
04:17:03 4 0 151
04:17:33 4 0 152
04:18:03 4 0 151
04:18:33 4 0 151
04:19:03 4 0 151
04:19:34 4 0 151
04:20:04 4 0 151
04:20:34 4 0 151
04:21:04 4 0 151
04:21:35 4 0 153
04:22:05 4 0 151
04:22:35 4 0 151
04:23:05 4 0 151
04:23:35 4 0 151
04:24:06 4 0 153
04:24:36 4 0 151
04:25:06 4 0 151
04:25:36 4 0 151
04:26:06 4 0 152
04:26:37 4 0 151
04:27:07 4 0 151
04:27:37 4 0 151
04:28:07 4 0 151
04:28:37 4 0 151
04:29:08 4 0 155
04:29:38 4 0 151
04:30:08 4 0 151
04:30:38 4 0 151
04:31:08 4 0 152
04:31:39 4 0 151
04:32:09 4 0 151
04:32:39 4 0 151
04:33:09 4 0 151
04:33:40 4 0 151
04:34:10 4 0 153
04:34:40 4 0 151
04:35:10 4 0 151
04:35:40 4 0 153
04:36:11 4 0 151
04:36:41 4 0 151
04:37:11 4 0 151
04:37:41 4 0 152
04:38:12 4 0 151
04:38:42 4 0 153
04:39:12 4 0 151
04:39:42 4 0 151
04:40:12 4 0 151
04:40:43 4 0 151
04:41:13 4 0 151
04:41:43 4 0 151
04:42:13 4 0 151
04:42:44 4 0 151
04:43:14 4 0 151
04:43:44 4 0 151
04:44:14 4 0 151
04:44:44 4 0 153
04:45:14 4 0 151
04:45:45 4 0 151
04:46:15 4 0 151
04:46:45 4 0 151
04:47:15 4 0 151
04:47:46 4 0 151
04:48:16 4 0 151
04:48:46 4 0 151
04:49:16 4 0 151
04:49:46 4 0 151
04:50:17 4 0 151
04:50:47 4 0 151
04:51:17 4 0 183
04:51:47 4 0 153
04:52:17 4 0 151
04:52:48 4 0 151
04:53:18 4 0 154
04:53:48 4 0 151
04:54:18 4 0 151
04:54:48 4 0 151
04:55:19 4 0 151
04:55:49 4 0 151
04:56:19 4 0 151
04:56:49 4 0 151
04:57:20 4 0 151
04:57:50 4 0 151
04:58:20 4 0 151
04:58:50 4 0 151
04:59:20 4 0 151
04:59:51 4 0 151
05:00:21 4 0 153
05:00:51 4 0 151
05:01:21 4 0 151
05:01:51 4 0 152
05:02:22 4 0 151
05:02:52 4 0 151
05:03:22 4 0 151
05:03:52 4 0 151
05:04:22 4 0 151
05:04:53 4 0 151
05:05:23 4 0 151
05:05:53 4 0 151
05:06:23 4 0 151
05:06:54 4 0 151
05:07:24 4 0 151
05:07:54 4 0 151
05:08:24 4 0 151
05:08:54 4 0 151
05:09:24 4 0 151
05:09:55 4 0 151
05:10:25 4 0 151
05:10:55 4 0 151
05:11:25 4 0 151
05:11:56 4 0 151
05:12:26 4 0 151
05:12:56 4 0 151
05:13:26 4 0 151
05:13:57 4 0 151
05:14:27 4 0 151
05:14:57 4 0 151
05:15:27 4 0 151
05:15:57 4 0 151
05:16:27 4 0 152
05:16:58 4 0 151
05:17:28 4 0 151
05:17:58 4 0 151
05:18:28 4 0 151
05:18:59 4 0 151
05:19:29 4 0 151
05:19:59 4 0 151
05:20:29 4 0 151
05:21:00 4 0 152
05:21:30 4 0 151
05:22:00 4 0 151
05:22:30 4 0 151
05:23:00 4 0 151
05:23:30 4 0 151
05:24:01 4 0 151
05:24:31 4 0 151
05:25:01 4 0 151
05:25:31 4 0 151
05:26:02 4 0 151
05:26:32 4 0 151
05:27:02 4 0 151
05:27:32 4 0 151
05:28:03 4 0 151
05:28:33 4 0 151
05:29:03 4 0 151
05:29:33 4 0 151
05:30:03 4 0 151
05:30:33 4 0 151
05:31:04 4 0 151
05:31:34 4 0 151
05:32:04 4 0 154
05:32:34 4 0 151
05:33:05 4 0 151
05:33:35 4 0 151
05:34:05 4 0 151
05:34:35 4 0 151
05:35:05 4 0 151
05:35:36 4 0 154
05:36:06 4 0 151
05:36:36 4 0 151
05:37:06 4 0 151
05:37:36 4 0 151
05:38:07 4 0 154
05:38:37 4 0 152
05:39:07 4 0 151
05:39:37 4 0 151
05:40:08 4 0 151
05:40:38 4 0 151
05:41:08 4 0 151
05:41:38 4 0 151
05:42:09 4 0 152
05:42:39 4 0 151
05:43:09 4 0 151
05:43:39 4 0 151
05:44:09 4 0 151
05:44:39 4 0 151
05:45:10 4 0 151
05:45:40 4 0 151
05:46:10 4 0 151
05:46:40 4 0 151
05:47:11 4 0 151
05:47:41 4 0 152
05:48:11 4 0 151
05:48:41 4 0 151
05:49:11 4 0 151
05:49:42 4 0 152
05:50:12 4 0 151
05:50:42 4 0 151
05:51:12 4 0 152
05:51:42 4 0 151
05:52:13 4 0 151
05:52:43 4 0 151
05:53:13 4 0 151
05:53:43 4 0 151
05:54:14 4 0 151
05:54:44 4 0 151
05:55:14 4 0 151
05:55:44 4 0 151
05:56:14 4 0 151
05:56:45 4 0 152
05:57:15 4 0 151
05:57:45 4 0 153
05:58:15 4 0 151
05:58:46 4 0 151
05:59:16 4 0 151
05:59:46 4 0 151
06:00:16 4 0 151
06:00:47 4 0 151
06:01:17 4 0 151
06:01:47 4 0 151
06:02:17 4 0 151
06:02:48 3 1 151
06:03:18 4 0 151
06:03:48 4 0 151
06:04:18 4 0 151
06:04:48 4 0 151
06:05:19 4 0 151
06:05:49 4 0 151
06:06:19 4 0 151
06:06:49 4 0 151
06:07:19 4 0 151
06:07:49 4 0 151
06:08:20 4 0 151
06:08:50 4 0 151
06:09:20 4 0 151
06:09:50 4 0 151
06:10:21 4 0 151
06:10:51 4 0 151
06:11:21 4 0 152
06:11:51 4 0 151
06:12:21 4 0 151
06:12:51 4 0 151
06:13:22 4 0 151
06:13:52 4 0 151
06:14:22 4 0 151
06:14:52 4 0 151
06:15:23 4 0 151
06:15:53 4 0 151
06:16:23 4 0 151
06:16:53 4 0 151
06:17:23 4 0 151
06:17:54 4 0 151
06:18:24 4 0 151
06:18:54 4 0 154
06:19:24 4 0 151
06:19:54 4 0 151
06:20:25 4 0 151
06:20:55 4 0 151
06:21:25 4 0 151
06:21:55 4 0 151
06:22:26 4 0 151
06:22:56 4 0 152
06:23:26 4 0 151
06:23:56 4 0 151
06:24:26 4 0 151
06:24:56 4 0 151
06:25:27 4 0 151
06:25:57 4 0 151
06:26:27 4 0 151
06:26:57 4 0 151
06:27:28 4 0 151
06:27:58 4 0 151
06:28:28 4 0 151
06:28:58 4 0 151
06:29:28 4 0 152
06:29:59 4 0 152
06:30:29 4 0 151
06:30:59 4 0 151
06:31:29 4 0 151
06:31:59 4 0 151
06:32:30 4 0 152
06:33:00 4 0 151
06:33:30 4 0 151
06:34:00 4 0 151
06:34:31 4 0 151
06:35:01 4 0 151
06:35:31 4 0 151
06:36:01 4 0 151
06:36:31 4 0 151
06:37:01 4 0 151
06:37:32 4 0 151
06:38:02 4 0 151
06:38:32 4 0 151
06:39:02 4 0 151
06:39:33 4 0 151
06:40:03 4 0 151
06:40:33 4 0 151
06:41:03 4 0 151
06:41:34 4 0 151
06:42:04 4 0 162
06:42:34 4 0 151
06:43:04 4 0 151
06:43:34 4 0 151
06:44:05 4 0 151
06:44:35 4 0 151
06:45:05 4 0 151
06:45:35 4 0 151
06:46:05 4 0 152
06:46:36 4 0 151
06:47:06 4 0 151
06:47:36 4 0 151
06:48:06 4 0 151
06:48:37 4 0 151
06:49:07 4 0 151
06:49:37 4 0 151
06:50:07 4 0 151
06:50:37 4 0 151
06:51:08 4 0 151
06:51:38 4 0 151
06:52:08 4 0 151
06:52:38 4 0 163
06:53:08 4 0 151
06:53:39 4 0 151
06:54:09 4 0 151
06:54:39 4 0 151
06:55:09 4 0 151
06:55:40 4 0 151
06:56:10 4 0 151
06:56:40 4 0 151
06:57:10 4 0 151
06:57:40 4 0 151
06:58:11 4 0 151
06:58:41 4 0 151
06:59:11 4 0 151
06:59:41 4 0 151
07:00:11 4 0 151
07:00:42 4 0 151
07:01:12 4 0 151
07:01:42 4 0 151
07:02:12 4 0 151
07:02:43 4 0 151
07:03:13 4 0 151
07:03:43 4 0 151
07:04:13 4 0 151
07:04:44 4 0 151
07:05:14 4 0 151
07:05:44 4 0 151
07:06:14 4 0 151
07:06:44 4 0 151
07:07:14 4 0 151
07:07:45 4 0 151
07:08:15 4 0 151
07:08:45 4 0 151
07:09:15 4 0 151
07:09:46 4 0 151
07:10:16 4 0 152
07:10:46 4 0 151
07:11:16 4 0 152
07:11:47 4 0 151
07:12:17 4 0 151
07:12:47 4 0 151
07:13:17 4 0 151
07:13:48 4 0 151
07:14:18 4 0 151
07:14:48 4 0 151
07:15:18 4 0 151
07:15:49 4 0 151
07:16:19 4 0 151
07:16:49 4 0 151
07:17:19 4 0 151
07:17:50 4 0 151
07:18:20 4 0 151
07:18:50 4 0 151
07:19:20 4 0 151
07:19:50 4 0 151
07:20:20 4 0 151
07:20:51 4 0 151
07:21:21 4 0 151
07:21:51 4 0 151
07:22:21 4 0 151
07:22:52 4 0 151
07:23:22 4 0 151
07:23:52 4 0 151
07:24:22 4 0 151
07:24:52 4 0 151
07:25:23 4 0 151
07:25:53 4 0 151
07:26:23 4 0 151
07:26:53 4 0 151
07:27:23 4 0 151
07:27:54 4 0 151
07:28:24 4 0 151
07:28:54 4 0 151
07:29:24 4 0 151
07:29:55 4 0 151
07:30:25 4 0 151
07:30:55 4 0 153
07:31:25 4 0 151
07:31:55 4 0 154
07:32:26 4 0 151
07:32:56 4 0 151
07:33:26 4 0 151
07:33:56 4 0 151
07:34:26 4 0 151
07:34:57 4 0 151
07:35:27 4 0 151
07:35:57 4 0 151
07:36:27 4 0 151
07:36:58 4 0 153
07:37:28 4 0 151
07:37:58 4 0 151
07:38:28 4 0 151
07:38:59 4 0 151
07:39:29 4 0 151
07:39:59 4 0 151
07:40:29 4 0 151
07:40:59 4 0 151
07:41:30 4 0 152
07:42:00 4 0 151
07:42:30 4 0 151
07:43:00 4 0 151
07:43:30 4 0 151
07:44:01 4 0 151
07:44:31 4 0 151
07:45:01 4 0 153
07:45:31 4 0 151
07:46:02 4 0 151
07:46:32 4 0 151
07:47:02 4 0 151
07:47:32 4 0 151
07:48:02 4 0 151
07:48:33 4 0 151
07:49:03 4 0 151
07:49:33 4 0 151
07:50:03 4 0 151
07:50:33 4 0 151
07:51:04 4 0 151
07:51:34 4 0 151
07:52:04 4 0 154
07:52:34 4 0 152
07:53:04 4 0 151
07:53:35 4 0 151
07:54:05 4 0 151
07:54:35 4 0 151
07:55:05 4 0 153
07:55:35 4 0 151
07:56:06 4 0 153
07:56:36 4 0 151
07:57:06 4 0 151
07:57:37 4 0 151
07:58:07 4 0 151
07:58:37 4 0 152
07:59:08 4 0 151
07:59:38 4 0 151
08:00:09 4 0 151
08:00:39 4 0 151
08:01:10 4 0 441
08:01:41 2 2 499
08:02:09 4 0 152
08:02:39 4 0 153
08:03:09 4 0 151
08:03:39 4 0 151
08:04:10 4 0 151
08:04:40 4 0 151
08:05:10 4 0 153
08:05:40 4 0 151
08:06:10 4 0 151
08:06:40 4 0 151
08:07:11 4 0 151
08:07:41 4 0 151
08:08:11 4 0 152
08:08:41 4 0 151
08:09:11 4 0 151
08:09:41 4 0 151
08:10:12 4 0 151
08:10:42 4 0 151
08:11:12 4 0 151
08:11:42 4 0 151
08:12:12 4 0 151
08:12:42 4 0 153
08:13:13 4 0 152
08:13:43 4 0 151
08:14:13 4 0 151
08:14:43 4 0 151
08:15:13 4 0 151
08:15:43 4 0 151
08:16:13 4 0 151
08:16:44 4 0 153
08:17:14 4 0 151
08:17:44 4 0 151
08:18:15 4 0 151
08:18:45 4 0 151
08:19:15 4 0 151
08:19:45 4 0 152
08:20:15 4 0 151
08:20:46 4 0 151
08:21:16 4 0 151
08:21:46 4 0 151
08:22:16 4 0 151
08:22:46 4 0 151
08:23:16 4 0 151
08:23:46 4 0 159
08:24:17 4 0 151
08:24:47 4 0 151
08:25:18 3 1 155
08:25:47 4 0 151
08:26:17 4 0 152
08:26:48 4 0 153
08:27:18 4 0 151
08:27:48 4 0 151
08:28:18 4 0 151
08:28:48 4 0 151
08:29:18 4 0 151
08:29:49 4 0 151
08:30:19 4 0 152
08:30:49 4 0 153
08:31:19 4 0 178
08:31:49 4 0 151
08:32:19 4 0 151
08:32:49 4 0 152
08:33:20 4 0 153
08:33:50 4 0 151
08:34:20 4 0 151
08:34:50 4 0 151
08:35:20 4 0 151
08:35:50 4 0 151
08:36:21 4 0 151
08:36:51 4 0 152
08:37:21 4 0 151
08:37:51 4 0 152
08:38:21 4 0 151
08:38:51 4 0 151
08:39:22 4 0 151
08:39:52 4 0 151
08:40:22 4 0 153
08:40:52 4 0 151
08:41:23 3 1 153
08:41:52 4 0 151
08:42:23 4 0 151
08:42:53 4 0 151
08:43:23 4 0 152
08:43:53 4 0 153
08:44:23 4 0 152
08:44:53 4 0 154
08:45:24 4 0 151
08:45:54 4 0 151
08:46:24 4 0 153
08:46:54 4 0 153
08:47:24 4 0 151
08:47:54 4 0 152
08:48:25 4 0 153
08:48:55 4 0 151
08:49:25 4 0 151
08:49:55 4 0 153
08:50:25 4 0 151
08:50:55 4 0 151
08:51:26 4 0 152
08:51:56 4 0 151
08:52:26 4 0 152
08:52:56 4 0 151
08:53:26 4 0 178
08:53:56 4 0 151
08:54:26 4 0 152
08:54:57 4 0 152
08:55:27 4 0 151
08:55:57 4 0 151
08:56:27 4 0 152
08:56:57 4 0 152
08:57:28 4 0 151
08:57:58 4 0 152
08:58:29 4 0 151
08:58:59 4 0 151
08:59:29 4 0 151
08:59:59 4 0 151
09:00:29 4 0 151
09:00:59 4 0 152
09:01:30 4 0 152
09:02:00 4 0 153
09:02:30 4 0 151
09:03:00 4 0 152
09:03:30 4 0 152
09:04:00 4 0 151
09:04:31 4 0 153
09:05:01 4 0 151
09:05:32 3 1 154
09:06:01 4 0 152
09:06:31 4 0 151
09:07:01 4 0 152
09:07:31 4 0 151
09:08:02 4 0 152
09:08:32 4 0 151
09:09:02 4 0 151
09:09:32 4 0 151
09:10:02 4 0 151
09:10:32 4 0 152
09:11:02 4 0 151
09:11:33 4 0 154
09:12:03 4 0 151
09:12:33 4 0 151
09:13:03 4 0 151
09:13:33 4 0 154
09:14:04 4 0 153
09:14:34 4 0 151
09:15:04 4 0 153
09:15:34 4 0 151
09:16:04 4 0 151
09:16:34 4 0 152
09:17:04 4 0 152
09:17:35 4 0 152
09:18:07 4 0 151
09:18:38 4 0 152
09:19:08 4 0 153
09:19:38 4 0 152
09:20:08 4 0 151
09:20:38 4 0 151
09:21:08 4 0 151
09:21:39 4 0 151
09:22:09 4 0 153
09:22:39 4 0 151
09:23:09 4 0 153
09:23:39 4 0 153
09:24:09 4 0 154
09:24:40 4 0 154
09:25:10 4 0 151
09:25:40 4 0 152
09:26:10 4 0 152
09:26:40 4 0 151
09:27:10 4 0 154
09:27:41 4 0 152
09:28:14 2 2 484
09:28:44 2 2 485
09:29:12 4 0 152
09:29:42 4 0 151
09:30:12 4 0 151
09:30:43 3 1 153
09:31:12 4 0 153
09:31:42 4 0 153
09:32:13 4 0 151
09:32:43 4 0 151
09:33:13 4 0 151
09:33:43 4 0 151
09:34:13 4 0 151
09:34:43 4 0 151
09:35:14 4 0 152
09:35:44 4 0 151
09:36:14 4 0 153
09:36:44 4 0 151
09:37:14 4 0 155
09:37:45 4 0 154
09:38:15 4 0 151
09:38:45 4 0 153
09:39:15 4 0 151
09:39:45 4 0 151
09:40:15 4 0 151
09:40:45 4 0 152
09:41:16 4 0 152
09:41:46 4 0 153
09:42:16 4 0 152
09:42:46 4 0 151
09:43:16 4 0 175
09:43:46 4 0 153
09:44:17 4 0 152
09:44:47 4 0 151
09:45:17 4 0 151
09:45:48 3 1 154
09:46:17 4 0 151
09:46:47 4 0 151
09:47:17 4 0 151
09:47:48 4 0 152
09:48:18 4 0 152
09:48:48 4 0 154
09:49:18 4 0 151
09:49:48 4 0 151
09:50:19 4 0 151
09:50:49 4 0 151
09:51:19 4 0 159
09:51:49 4 0 154
09:52:19 4 0 151
09:52:49 4 0 151
09:53:20 4 0 151
09:53:50 4 0 151
09:54:20 4 0 151
09:54:50 4 0 151
09:55:20 4 0 151
09:55:50 4 0 151
09:56:22 3 1 151
09:56:51 4 0 151
09:57:21 4 0 154
09:57:51 4 0 151
09:58:22 4 0 151
09:58:52 4 0 151
09:59:22 4 0 151
09:59:52 4 0 151
10:00:23 4 0 151
10:00:53 4 0 161
10:01:23 4 0 179
10:01:53 4 0 151
10:02:24 4 0 151
10:02:54 4 0 151
10:03:24 4 0 151
10:03:55 3 1 151
10:04:24 4 0 151
10:04:54 4 0 151
10:05:25 3 1 154
10:05:55 4 0 151
10:06:25 4 0 151
10:06:55 4 0 151
10:07:25 4 0 151
10:07:55 4 0 151
10:08:25 4 0 151
10:08:56 4 0 151
10:09:26 4 0 189
10:09:56 4 0 151
10:10:26 4 0 151
10:10:56 4 0 151
10:11:26 4 0 151
10:11:57 4 0 192
10:12:27 4 0 151
10:12:57 4 0 151
10:13:27 4 0 151
10:13:57 4 0 151
10:14:27 4 0 151
10:14:58 4 0 151
10:15:28 4 0 151
10:15:58 4 0 151
10:16:30 2 2 480
10:17:01 2 2 484
10:17:28 4 0 151
10:17:58 4 0 151
10:18:29 4 0 151
10:18:59 4 0 151
10:19:29 4 0 151
10:19:59 4 0 151
10:20:30 4 0 151
10:21:00 4 0 151
10:21:31 4 0 151
10:22:01 4 0 151
10:22:31 4 0 151
10:23:01 4 0 151
10:23:31 4 0 151
10:24:01 4 0 151
10:24:32 4 0 151
10:25:02 3 1 151
10:25:32 4 0 151
10:26:02 4 0 151
10:26:32 4 0 151
