00:00:58 54677 9529
00:01:58 92259 4705
00:02:54 106990 4291
00:03:54 52008 1768
00:04:56 59446 4231
00:05:57 43892 2071
00:06:58 72434 4720
02:00:07 176259 31565
02:01:05 48081 23450
02:02:05 97034 6097
02:03:05 29225 6304
02:04:05 80126 4609
02:05:06 2565 50969
02:06:06 223415 11915
02:07:07 11526 43363
02:08:07 122211 7975
02:09:07 63443 4780
02:10:08 18712 6075
02:11:11 23174 4367
02:12:09 256 388
02:13:09 67536 45638
02:14:10 42535 4267
02:15:10 430 754
02:16:11 625 1186
02:17:11 749463 25427
02:18:11 113882 9734
02:19:12 15961 2488
02:20:12 58022 3447
02:21:13 69484 2449
02:22:13 1460 1211
02:23:13 20664 2817
02:24:14 466 1065
02:25:14 2147 4318
02:26:15 61039 5280
02:27:15 56825 11086
02:28:15 18314 16274
02:29:16 46910 2680
02:30:16 763 1113
02:31:18 235470 10159
02:32:20 21294 2315
02:33:18 96957 10628
02:34:18 13079 1761
02:35:18 881503 41018
02:36:19 32319 5100
02:37:19 68011 2020
02:38:20 11653 2515
02:39:20 90585 30510
02:40:20 246840 15839
02:41:21 143551 4794
02:42:21 31593 168350
02:43:22 14889 2810
02:44:22 106970 12580
02:45:23 19373 3965
02:46:23 3501 1631
02:47:24 14515 3961
02:48:24 6598 1058
02:49:25 87807 9998
02:50:25 9203 17305
02:51:25 53230 4252
02:52:25 36023 9319
02:53:30 49621 26772
02:54:27 7658 6284
02:55:27 27953 15504
02:56:27 195761 9867
02:57:28 2897 4609
02:58:28 12688 8016
02:59:29 1446 1976
03:00:30 59367 3728
03:01:30 57169 9186
03:02:30 38869 31790
03:03:31 44331 55886
03:04:31 24446 1063
03:05:32 25264 2225
03:06:32 63037 4298
03:07:32 101539 7126
03:08:33 -1 -1
03:09:33 4159 8493
03:10:34 260470 13194
03:11:36 62607 16265
03:12:34 15753 3011
03:13:35 63645 48579
03:14:35 24914 7522
03:15:36 1436 17634
03:16:37 8680 2558
03:17:37 5093 580
03:18:37 64450 2706
03:19:38 56738 12081
03:20:38 27531 11245
03:21:39 170266 9997
03:22:39 -1 -1
03:23:39 18424 2736
03:24:40 32592 5382
03:25:40 139697 9599
03:26:41 10386 83611
03:27:41 36487 5410
03:28:42 35152 2830
03:29:42 96033 3202
03:30:42 47856 2567
03:31:43 7291276 129981
03:32:43 85994 4420
03:33:44 74387 4082
03:34:44 4786 2818
03:35:45 85389 7187
03:36:45 28117 2573
03:37:46 5481 15470
03:38:46 7056 997
03:39:46 -1 -1
03:40:47 41777 2452
03:41:47 442 520
03:42:48 90115 24100
03:43:48 16149 18055
03:44:48 39894 3872
03:45:49 399751 28229
03:46:49 198014 7189
03:47:50 196574 9735
03:48:50 140193 13045
03:49:51 34300 3514
03:50:51 24705 1581
03:51:57 50495 9405
03:52:53 88290 20261
03:53:52 753 916
03:54:53 320447 124876
03:55:53 20809 2457
03:56:54 14287 3437
03:57:54 10134 1578
03:58:55 72645 7362
03:59:55 122921 50364
04:00:56 38425 1833
04:01:57 66444 194172
04:02:57 43396 4544
04:03:57 5503 2882
04:04:58 350351 16813
04:05:58 168043 10404
04:06:59 35864 2554
04:08:01 46279 2842
04:08:59 218694 6899
04:10:00 244520 6985
04:11:02 248465 14103
04:12:01 -1 -1
04:13:01 13362 1690
04:14:01 12986 5943
04:15:02 36124 4560
04:16:03 46970 4025
04:17:03 26504 1812
04:18:03 46417 6156
04:19:03 18389 7647
04:20:04 47775 5129
04:21:04 324868 9169
04:22:06 262947 5586
04:23:06 128800 9019
04:24:09 438447 12975
04:25:06 61995 6443
04:26:08 15355 62565
04:27:07 23444 8756
04:28:08 50424 11229
04:29:07 94051 8275
04:30:08 17123 5173
04:31:09 15966 6545
04:32:12 3473 4118
04:33:09 38039 7648
04:34:10 47684 11351
04:35:10 257248 28461
04:36:11 499078 17413
04:37:11 364892 67641
04:38:11 48973 10690
04:39:12 235288 20341
04:40:12 193481 11631
04:41:14 307229 30906
04:42:13 276523 25852
04:43:14 82508 5807
04:44:14 68564 9760
04:45:14 95757 11202
04:46:15 8364 5453
04:47:15 17980 6296
04:48:16 57601 9117
04:49:16 61911 8190
04:50:16 41132 17032
04:51:21 75563 20191
04:52:18 4284 4538
04:53:18 123011 13628
04:54:18 251722 12790
04:55:19 75260 5909
04:56:19 69105 8437
04:57:19 5235 9605
04:58:20 289499 106950
04:59:20 14243 4816
05:00:21 10740 5351
05:01:22 71659 32108
05:02:21 34088 21165
05:03:22 9054 3793
05:04:23 13892 10062
05:05:23 38099 20229
05:06:23 31702 5115
05:07:23 16288 24652
05:08:24 63563 7903
05:09:24 51459 7748
05:10:25 4906 4321
05:11:28 21551 4256
05:12:26 135880 14384
05:13:26 3498 4678
05:14:26 182940 21948
05:15:27 50147 12915
05:16:27 8422 5186
05:17:28 3553 4862
05:18:28 119613 7032
05:19:29 82811 10066
05:20:29 25589 8204
05:21:30 57196 5848
05:22:30 84447 48651
05:23:30 8120 7386
05:24:31 3073 3956
05:25:31 31396 3811
05:26:32 97998 194282
05:27:32 525143 25322
05:28:33 67081 8651
05:29:33 31329 17969
05:30:33 96828 17980
05:31:36 56006 23211
05:32:34 95236 32525
05:33:36 70069 15400
05:34:35 22796 2448
05:35:36 67558 19184
05:36:36 136942 35718
05:37:36 238409 36674
05:38:37 98715 22309
05:39:37 127935 167166
05:40:38 158964 38350
05:41:38 67784 20847
05:42:38 40398 6988
05:43:39 71203 11082
05:44:42 190754 22019
05:45:40 82393 25326
05:46:40 390983 31145
05:47:41 56739 5730
05:48:41 77195 7010
05:49:41 34733 22355
05:50:42 -1 -1
05:51:47 58868 257029
05:52:43 48794 14618
05:53:43 45482 6242
05:54:44 -1 -1
05:55:44 4281 5535
05:56:44 14803 4883
05:57:45 40309 14656
05:58:45 9578 12881
05:59:46 7064 5659
06:00:46 24308 7088
06:01:47 54098 7750
06:02:47 17564 5062
06:03:48 40720 6118
06:04:48 14059 113221
06:05:48 50998 6021
06:06:49 105263 10785
06:07:50 141516 179751
06:08:50 24018 20798
06:09:50 31818 3519
06:10:50 5221 2200
06:11:52 44180 7257
06:12:51 6140 9165
06:13:52 43122 11041
06:14:52 92268 13805
06:15:53 11609 6476
06:16:53 8919 8235
06:17:54 19247 7083
06:18:54 26494 8155
06:19:55 2816 3043
06:20:55 1504 1503
06:21:55 12205 7759
06:22:56 81228 11509
06:23:56 4697 4723
06:24:56 46830 18294
06:25:57 45616 7805
06:26:57 24393 6628
06:27:58 25945 15139
06:28:58 6900 4792
06:29:59 43389 10962
06:30:59 184615 36643
06:32:01 101775 18489
06:33:00 66011 15445
06:34:00 60697 9165
06:35:01 40138 9272
06:36:01 49820 6745
06:37:02 42917 23216
06:38:02 42982 6553
06:39:03 57304 25061
06:40:03 21270 19907
06:41:03 -1 -1
06:42:04 38997 5244
06:43:04 18881 17390
06:44:04 41680 12101
06:45:05 43108 7541
06:46:05 80466 7622
06:47:06 31956 5619
06:48:06 112652 14705
06:49:06 72268 19925
06:50:07 87315 229651
06:51:08 3501 3828
06:52:09 49794 3835
06:53:09 24302 7028
06:54:09 77156 7784
06:55:09 14810 4230
06:56:09 61449 4294
06:57:10 49822 6413
06:58:10 26665 6092
06:59:11 67291 10246
07:00:11 3313 2007
07:01:12 11810 5128
07:02:13 13586 11257
07:03:13 65619 8172
07:04:13 8599 5295
07:05:14 52038 9928
07:06:14 45917 5555
07:07:15 32478 9274
07:08:15 44424 21255
07:09:15 31379 4909
07:10:16 92348 11329
07:11:17 55829 43762
07:12:17 85599 10225
07:13:18 39771 5472
07:14:18 29022 35196
07:15:18 20305 4979
07:16:19 68691 4735
07:17:19 4227 2970
07:18:20 27389 7833
07:19:20 11381 2480
07:20:20 9681 6354
07:21:21 22320 5592
07:22:21 10607 3595
07:23:22 12624 15165
07:24:22 22510 14993
07:25:22 22162 7465
07:26:23 1526 1952
07:27:24 1394 1804
07:28:24 2147 2860
07:29:44 -1 -1
07:30:25 70644 7014
07:31:27 70782 8748
07:32:29 -1 -1
07:33:26 2430 3080
07:34:26 1052 1390
07:35:27 24360 6652
07:36:27 34320 8257
07:37:27 79240 15000
07:38:28 25829 7240
07:39:29 29228 3354
07:40:29 44156 4364
07:41:29 184139 40284
07:42:31 20220 3556
07:43:30 20657 5304
07:44:31 51167 8618
07:45:31 30968 283134
07:46:32 10742 4928
07:47:32 38155 7569
07:48:36 55724 6981
07:49:34 31853 8622
07:50:33 30927 10282
07:51:37 190178 9091
07:52:34 45408 22257
07:53:35 6986 19114
07:54:35 8521 8189
07:55:35 62932 7128
07:56:36 97211 15029
07:57:36 64003 8099
07:58:37 19428 3776
07:59:38 166101 8042
08:00:39 112163 9299
08:01:59 -1 -1
08:02:40 -1 -1
08:03:39 152134 6275
08:04:40 96457 9838
08:05:40 11241 5084
08:06:40 2652 3758
08:07:41 110735 16392
08:08:41 10260 5121
08:09:42 234918 73869
08:10:41 7914 4737
08:11:45 15303 7139
08:12:43 -1 -1
08:13:43 34422 23999
08:14:43 37645 6923
08:15:43 89138 7076
08:16:44 198957 13254
08:17:44 2322 3182
08:18:45 11251 46643
08:19:45 42121 20008
08:20:46 80356 7316
08:21:46 63492 6239
08:22:46 889 1903
08:23:46 41013 10792
08:24:47 50922 13051
08:25:47 232048 21501
08:26:48 36167 12523
08:27:48 25001 13028
08:28:48 18319 5345
08:29:48 35638 232830
08:30:49 37116 6125
08:31:54 5217 6509
08:32:49 18208 4548
08:33:50 39970 5760
08:34:50 34516 8479
08:35:50 36047 6075
08:36:51 47891 7023
08:37:51 89293 6167
08:38:52 11703 8029
08:39:52 149285 62795
08:40:52 21196 8766
08:41:52 137067 12001
08:42:53 73690 4992
08:43:53 34028 8038
08:44:54 21872 7102
08:45:53 15851 6815
08:46:54 12677 4705
08:47:54 40286 15923
08:48:54 16242 3624
08:49:55 448797 25908
08:50:55 20202 3918
08:51:59 40205 4224
08:52:56 347836 17379
08:53:56 44738 5556
08:54:57 11416 6826
08:55:57 170848 10672
08:56:57 190919 11587
08:57:58 218762 20875
08:58:58 4931 4938
08:59:59 8605 8330
09:00:59 315670 321313
09:02:00 6882 9710
09:03:00 280109 13585
09:04:00 176390 15033
09:05:00 -1 -1
09:06:01 90358 9873
09:07:01 92785 12046
09:08:01 16572 7528
09:09:02 49084 9603
09:10:02 73281 221116
09:11:02 84166 25123
09:12:03 70355 12122
09:13:03 5218 5074
09:14:04 52121 7016
09:15:14 124851 6818
09:16:04 57856 5690
09:17:04 70674 6126
09:18:06 112713 9358
09:19:05 45719 7333
09:20:06 31573 4584
09:21:06 16991 115241
09:22:06 6653 11419
09:23:07 85896 22722
09:24:07 52549 14336
09:25:08 166900 10826
09:26:08 20518 5291
09:27:09 148198 10745
09:28:18 -1 -1
09:29:09 88838 8271
09:30:10 2654 2074
09:31:10 48253 58160
09:32:12 36707 4880
09:33:11 65911 16772
09:34:11 17572 3659
09:35:12 6125 6136
09:36:12 349723 22935
09:37:12 26357 7572
09:38:12 104803 11920
09:39:13 134098 9820
09:40:13 101482 9366
09:41:13 33358 269688
09:42:14 9429 5289
09:43:15 39913 7683
09:44:14 536794 26331
09:45:14 44097 8306
09:46:15 9298 7526
09:47:16 56846 7997
09:48:16 141244 12654
09:49:16 38161 12002
09:50:16 51989 17874
09:51:19 80782 11069
09:52:20 103203 5287
09:53:18 64458 28942
09:54:18 200080 20368
09:55:18 215189 11479
09:56:19 48126 6001
09:57:19 570840 113594
09:58:19 69798 6349
09:59:20 85170 18050
10:00:21 249577 12536
10:01:21 40971 45111
10:02:21 14499 6706
10:03:23 229979 246637
10:04:22 21131 10731
10:05:22 191115 160493
10:06:22 534001 27165
10:07:23 105007 6764
10:08:23 133849 10098
10:09:24 34347 3134
10:10:24 14757 3699
10:11:26 135244 14814
10:12:24 319185 19748
10:13:25 2037 2740
10:14:25 8252 2783
10:15:25 61613 8308
10:16:29 7316 484
10:17:26 26730 7948
10:18:26 158945 49467
10:19:27 70472 4817
10:20:27 114949 10226
10:21:27 52583 8872
10:22:28 358618 23003
10:23:28 4214 3351
10:24:28 3644 4862
10:25:29 3670 4304
10:26:29 9526 4096
