00:01:22 140133 7536
00:01:59 156452 14211
00:02:58 19871 4175
00:04:03 457986 22654
00:05:02 36798 1808
00:06:08 -1 -1
00:07:13 106446 6336
02:00:05 17903 1758
02:01:06 17043 682
02:02:06 7196 1630
02:03:06 670 689
02:04:07 3477 2670
02:05:07 8682 2298
02:06:08 45307 3911
02:07:08 28432 3116
02:08:08 501 1208
02:09:09 33617 2744
02:10:09 81544 5525
02:11:10 320 316
02:12:10 51088 3946
02:13:11 77964 5768
02:14:11 14174 3419
02:15:11 7915 18198
02:16:12 9673 1618
02:17:12 29500 3369
02:18:13 1451 5571
02:19:13 2544 1141
02:20:14 892 1482
02:21:14 378434 13241
02:22:14 37181 10157
02:23:15 63931 2702
02:24:15 22713 1768
02:25:16 15577 1822
02:26:16 555 700
02:27:16 61005 4855
02:28:17 42588 6772
02:29:17 1658 2007
02:30:18 61456 4393
02:31:18 202 268
02:32:19 16147 1725
02:33:19 208201 13182
02:34:19 28230 1288
02:35:20 74885 9637
02:36:20 18077 2495
02:37:21 256 448
02:38:21 64178 11739
02:39:21 10955 1336
02:40:22 2172 433
02:41:22 268 268
02:42:23 373741 11906
02:43:23 44176 2833
02:44:23 32546 1168
02:45:24 3926 3496
02:46:24 202 268
02:47:25 28245 2952
02:48:25 40085 3920
02:49:26 3068 2632
02:50:26 8246 3127
02:51:26 14704 8377
02:52:27 1250 1488
02:53:27 44174 10497
02:54:28 67664 14635
02:55:28 -1 -1
02:56:29 6805 5530
02:57:29 35827 3892
02:58:30 45704 4778
02:59:30 24629 7888
03:00:31 19394 1390
03:01:31 202 268
03:02:34 20016 19059
03:03:32 10661 1138
03:04:32 16587 1867
03:05:33 973 937
03:06:33 6681 1819
03:07:34 1233 1237
03:08:34 67448 3828
03:09:35 15857 1448
03:10:35 44386 4890
03:11:35 12187 3343
03:12:36 13507 1592
03:13:36 1061 1049
03:14:37 1736 1715
03:15:37 1777 974
03:16:38 36317 2704
03:17:38 33849 22485
03:18:39 280 342
03:19:39 11839 1126
03:20:40 12533 1682
03:21:40 13374 1631
03:22:40 21600 1803
03:23:44 12893 1255
03:24:41 21463 2588
03:25:42 8630 1051
03:26:42 37747 2816
03:27:43 13907 1488
03:28:43 2119 720
03:29:43 202 448
03:30:44 66940 5975
03:31:44 117870 6274
03:32:45 29715 2961
03:33:45 30386 2357
03:34:46 10447 7295
03:35:47 95787 4284
03:36:47 10266 712
03:37:48 739 1164
03:38:48 1596 1977
03:39:49 350005 12331
03:40:49 5650 2361
03:41:49 13011 1983
03:42:53 28314 1766
03:43:50 531 394
03:44:51 24190 1710
03:45:51 35653 2226
03:46:52 35538 2505
03:47:52 202 268
03:48:53 349 394
03:49:53 19174 2176
03:50:54 12326 2666
03:51:54 1504 1909
03:52:54 2495 2149
03:53:55 74956 4123
03:54:55 15281 2672
03:55:56 817 870
03:56:56 44571 4324
03:57:57 47613 5673
03:58:57 51464 9668
03:59:58 45633 4385
04:00:59 457 576
04:01:59 1885 2251
04:02:59 53927 22657
04:03:59 109613 6684
04:05:00 813 842
04:06:00 39311 8314
04:07:01 3134 3950
04:08:01 55770 3279
04:09:02 46700 4891
04:10:02 996 900
04:11:02 976 894
04:12:03 684 705
04:13:03 112975 5573
04:14:04 154363 8433
04:15:04 3282 2290
04:16:04 642 651
04:17:05 13077 2823
04:18:05 4526 5784
04:19:06 1408 2087
04:20:06 1068 852
04:21:07 25231 2029
04:22:07 20004 2406
04:23:07 5752 1760
04:24:08 27560 24399
04:25:08 1789 2532
04:26:09 10626 3723
04:27:09 24624 5719
04:28:09 25346 2085
04:29:10 3089 1104
04:30:10 700 721
04:31:11 1249 1254
04:32:11 3104 1891
04:33:12 5136 746
04:34:12 88629 6104
04:35:12 8133 1946
04:36:13 77135 2799
04:37:14 82223 7329
04:38:14 53470 6191
04:39:14 31644 2194
04:40:15 50436 1943
04:41:15 92452 8095
04:42:16 26606 826
04:43:25 83430 3810
04:44:16 136935 3015
04:45:18 231102 3411
04:46:17 330 664
04:47:21 82292 1811
04:48:18 61052 1174
04:49:18 98749 4196
04:50:19 241095 14396
04:51:19 120674 4161
04:52:20 121635 4373
04:53:20 127456 4858
04:54:20 312898 7465
04:55:21 29973 3136
04:56:21 95793 5030
04:57:22 78045 2497
04:58:22 33944 1312
04:59:23 74294 13570
05:00:23 105594 2352
05:01:23 65935 2007
05:02:24 101547 1623
05:03:24 112419 5110
05:04:25 33691 4484
05:05:25 62102 2000
05:06:25 158488 5904
05:07:26 24488 948
05:08:26 79761 3172
05:09:27 11061 785
05:10:28 2238 942
05:11:28 58392 4785
05:12:29 74367 4186
05:13:29 19158 5401
05:14:29 27085 5861
05:15:29 19335 6777
05:16:30 24776 2801
05:17:30 68977 4915
05:18:31 29869 3098
05:19:31 7209 1557
05:20:31 21551 1049
05:21:32 20202 2282
05:22:32 16953 1873
05:23:33 766 980
05:24:33 24991 2842
05:25:34 648 1958
05:26:34 8118 528
05:27:34 40658 2366
05:28:35 202 268
05:29:35 22022 2666
05:30:36 8228 1241
05:31:36 47200 26489
05:32:37 25231 28989
05:33:37 408 1087
05:34:37 45499 19474
05:35:38 84147 20783
05:36:38 43020 4556
05:37:39 1933 2448
05:38:39 34034 6115
05:39:40 2884 1732
05:40:40 4430 40985
05:41:41 56261 3666
05:42:41 31235 2546
05:43:41 20038 22854
05:44:42 139400 25721
05:45:42 112987 22074
05:46:43 184627 12401
05:47:43 46510 18224
05:48:43 15455 4735
05:49:44 13007 7596
05:50:44 42937 8389
05:51:45 2368 4358
05:52:45 8214 3208
05:53:46 8749 2883
05:54:46 1560 3640
05:55:46 2031 1207
05:56:47 25889 20856
05:57:47 19430 6976
05:58:48 37778 2988
05:59:48 43382 3046
06:00:49 1914 828
06:01:49 23389 1597
06:02:50 35820 1998
06:03:50 54966 2075
06:04:50 48422 2897
06:05:51 73536 21774
06:06:51 217263 3969
06:07:52 97086 18242
06:08:52 32892 1779
06:09:53 105844 2176
06:10:53 39542 17605
06:11:53 49682 2308
06:12:54 42038 39880
06:13:54 45722 1890
06:14:55 6258 580
06:15:55 50182 2468
06:16:55 59722 22922
06:17:56 187293 8776
06:18:56 68341 10360
06:19:57 93964 50963
06:20:57 87899 2825
06:21:57 6618 712
06:22:58 74870 1858
06:23:58 93132 31150
06:24:59 107132 2252
06:25:59 252672 3798
06:27:00 259173 16961
06:28:00 291932 15043
06:29:00 251576 4126
06:30:01 272971 10967
06:31:01 246182 4356
06:32:02 268385 8158
06:33:02 255889 6876
06:34:02 266091 13138
06:35:03 44952 2507
06:36:03 87763 2565
06:37:04 66002 4545
06:38:04 10088 748
06:39:05 13828 700
06:40:05 74622 1876
06:41:06 95172 1786
06:42:06 83158 1618
06:43:06 82714 8178
06:44:07 98609 8361
06:45:07 40892 1516
06:46:08 95721 17740
06:47:08 25050 1976
06:48:08 66475 5619
06:49:09 70958 3111
06:50:09 40701 1881
06:51:10 38410 2376
06:52:10 489059 17060
06:53:11 17843 1920
06:54:11 196965 7158
06:55:12 3794 1371
06:56:12 251393 12029
06:57:12 22724 2670
06:58:13 70362 4915
06:59:13 87399 5965
07:00:14 118132 5262
07:01:14 184432 3460
07:02:15 48820 1672
07:03:15 54504 21573
07:04:16 47160 7115
07:05:16 44808 1306
07:06:16 123016 3318
07:07:17 74099 28640
07:08:17 89470 1812
07:09:18 35613 2516
07:10:18 37488 2554
07:11:19 148511 6746
07:12:19 162096 5741
07:13:20 53299 4297
07:14:20 61261 2372
07:15:21 195196 6236
07:16:21 9348 2060
07:17:22 104935 5612
07:18:22 86820 1870
07:19:22 15628 2540
07:20:23 88036 42968
07:21:23 11178 2634
07:22:24 3276 14954
07:23:24 88362 27247
07:24:24 31353 1884
07:25:25 24558 1408
07:26:25 89502 4067
07:27:26 4744 394
07:28:26 11740 3349
07:29:26 11484 2960
07:30:27 3110 598
07:31:27 1282 2937
07:32:28 2703 3364
07:33:28 12920 1736
07:34:29 305216 12142
07:35:29 202 268
07:36:30 24321 1650
07:37:30 1240 25330
07:38:31 3430 2042
07:39:31 54758 15904
07:40:31 25456 6010
07:41:32 136521 7555
07:42:32 3190 1932
07:43:33 24388 2362
07:44:33 5133 36246
07:45:34 10124 3308
07:46:34 23083 3791
07:47:34 3136 2342
07:48:35 100624 6452
07:49:38 31984 22094
07:50:36 28200 4020
07:51:36 1452 2096
07:52:36 2467 2669
07:53:37 3053 11837
07:54:37 36338 26828
07:55:38 41926 5399
07:56:38 1300 2062
07:57:38 78790 7332
07:58:39 19566 5329
07:59:39 22070 1905
08:00:40 52245 5276
08:01:40 -1 -1
08:02:40 145283 10535
08:03:41 82256 5052
08:04:41 19051 3225
08:05:41 7832 1289
08:06:42 1966 17968
08:07:42 5135 1262
08:08:42 25022 4720
08:09:42 50826 6729
08:10:43 546656 29270
08:11:43 7519 5074
08:12:44 31595 7435
08:13:44 51288 11134
08:14:44 195962 46243
08:15:44 27135 5605
08:16:45 133785 15245
08:17:46 251690 34149
08:18:47 4212 3163
08:19:47 155256 17214
08:20:48 4118 30800
08:21:51 7025 4308
08:22:48 19732 16536
08:23:49 97362 71390
08:24:49 74544 10773
08:25:49 255660 13112
08:26:50 412651 21766
08:27:50 11932 10435
08:28:51 243373 36571
08:29:51 152881 9939
08:30:51 4110 2491
08:31:51 6938 4470
08:32:55 26896 16388
08:33:52 32524 3929
08:34:52 2114 2326
08:35:53 3611 4444
08:36:53 170368 13047
08:37:53 40128 5386
08:38:54 64640 6721
08:39:54 150206 12729
08:40:54 3714 5125
08:41:55 20376 4662
08:42:55 24108 7002
08:43:55 35694 6217
08:44:56 9369 3438
08:45:56 136606 11409
08:46:56 90011 7383
08:47:57 146707 9577
08:48:57 227997 17776
08:49:57 154185 12557
08:50:58 11615 3057
08:51:58 4206 4015
08:52:58 7452 3074
08:53:58 24919 5524
08:54:59 49432 2523
08:55:59 17860 4133
08:57:00 257240 85533
08:58:08 63125 9980
08:59:00 95370 4762
09:00:00 33145 6604
09:01:01 93450 36669
09:02:01 63814 12949
09:03:01 106758 8693
09:04:02 56986 14960
09:05:02 77404 26269
09:06:05 3697 5257
09:07:03 27034 3512
09:08:03 52802 2261
09:09:03 260763 10693
09:10:03 152019 7659
09:11:04 12643 9379
09:12:04 71948 4798
09:13:04 29729 6483
09:14:05 1908 2668
09:15:05 249192 11016
09:16:05 46682 4572
09:17:06 54358 3354
09:18:07 23322 62325
09:19:08 260061 28276
09:20:08 27517 4917
09:21:08 187373 11268
09:22:09 317361 20758
09:23:12 10955 10722
09:24:09 165273 12576
09:25:10 88609 14978
09:26:10 113684 13050
09:27:10 2062 2874
09:28:10 -1 -1
09:29:11 178246 10850
09:30:11 134645 8488
09:31:11 311921 25184
09:32:12 60325 6456
09:33:12 127192 12783
09:34:12 2485 2789
09:35:13 10644 3454
09:36:13 155409 18559
09:37:13 71698 7458
09:38:14 40305 5132
09:39:14 106775 16472
09:40:15 28898 12741
09:41:15 1736 7551
09:42:15 66093 5671
09:43:15 2228 3317
09:44:16 39369 61694
09:45:16 30946 5176
09:46:19 13683 8020
09:47:17 54119 34073
09:48:18 5180 7720
09:49:18 384417 15064
09:50:19 54637 15425
09:51:19 135505 16871
09:52:19 26247 5372
09:53:20 94830 6641
09:54:20 45334 3906
09:55:20 112206 7418
09:56:21 37906 8861
09:57:21 287154 68739
09:58:22 253753 20287
09:59:22 416593 25795
10:00:23 139268 10389
10:01:24 103685 8503
10:02:24 208245 12882
10:03:24 61868 23850
10:04:24 10355 19411
10:05:24 44452 31618
10:06:25 378175 59289
10:07:25 36260 6158
10:08:26 36119 82427
10:09:26 95044 51515
10:10:26 26580 7013
10:11:26 130781 12408
10:12:27 929306 90462
10:13:27 122194 12561
10:14:27 145538 9172
10:15:28 101748 15150
10:16:32 24348 15350
10:17:28 11266 5648
10:18:32 36050 5914
10:19:29 4462 6574
10:20:30 24822 19293
10:21:30 56499 7942
10:22:30 6883 6952
10:23:30 106145 10822
10:24:31 105516 11778
10:25:31 31534 6676
10:26:31 103772 19668
