00:00:21 4 0 153
00:00:48 4 0 152
00:01:40 4 0 151
00:01:53 4 0 159
00:02:21 4 0 151
00:02:53 4 0 151
00:03:24 4 0 151
00:03:56 4 0 151
00:04:27 4 0 151
00:04:57 4 0 151
00:05:28 4 0 151
00:05:58 4 0 151
00:06:29 4 0 151
00:07:11 4 0 151
02:00:04 4 0 151
02:00:34 4 0 151
02:01:05 4 0 151
02:01:35 4 0 151
02:02:05 4 0 151
02:02:35 4 0 151
02:03:05 4 0 151
02:03:35 4 0 151
02:04:06 4 0 151
02:04:36 4 0 151
02:05:06 4 0 151
02:05:36 4 0 151
02:06:07 4 0 151
02:06:37 4 0 151
02:07:07 4 0 151
02:07:37 4 0 151
02:08:07 4 0 151
02:08:38 4 0 151
02:09:08 4 0 151
02:09:38 4 0 151
02:10:08 4 0 151
02:10:38 4 0 151
02:11:09 4 0 151
02:11:39 4 0 151
02:12:09 4 0 151
02:12:39 4 0 151
02:13:10 4 0 151
02:13:40 4 0 151
02:14:10 4 0 160
02:14:40 4 0 151
02:15:10 4 0 151
02:15:41 4 0 151
02:16:11 4 0 151
02:16:41 4 0 151
02:17:11 4 0 151
02:17:41 4 0 151
02:18:12 4 0 153
02:18:42 4 0 151
02:19:12 4 0 151
02:19:42 4 0 151
02:20:13 4 0 151
02:20:43 4 0 151
02:21:13 4 0 151
02:21:43 4 0 153
02:22:13 4 0 151
02:22:43 4 0 151
02:23:14 4 0 151
02:23:44 4 0 151
02:24:14 4 0 151
02:24:44 4 0 151
02:25:15 4 0 151
02:25:45 4 0 151
02:26:15 4 0 151
02:26:45 4 0 151
02:27:16 3 1 154
02:27:46 4 0 151
02:28:16 4 0 151
02:28:46 4 0 155
02:29:16 4 0 151
02:29:46 4 0 151
02:30:17 4 0 151
02:30:47 4 0 151
02:31:17 4 0 151
02:31:47 4 0 151
02:32:18 4 0 151
02:32:48 4 0 151
02:33:18 4 0 151
02:33:48 4 0 151
02:34:18 4 0 151
02:34:48 4 0 151
02:35:19 4 0 151
02:35:49 4 0 151
02:36:19 4 0 151
02:36:49 4 0 151
02:37:20 4 0 151
02:37:50 4 0 151
02:38:20 4 0 160
02:38:50 4 0 151
02:39:20 4 0 151
02:39:51 4 0 151
02:40:21 4 0 151
02:40:51 4 0 151
02:41:21 4 0 151
02:41:51 4 0 151
02:42:22 4 0 152
02:42:52 4 0 151
02:43:22 4 0 151
02:43:52 4 0 151
02:44:23 4 0 151
02:44:53 4 0 151
02:45:23 4 0 151
02:45:53 4 0 151
02:46:23 4 0 151
02:46:53 4 0 151
02:47:24 4 0 151
02:47:54 4 0 151
02:48:24 4 0 151
02:48:54 4 0 151
02:49:25 4 0 151
02:49:55 4 0 151
02:50:25 4 0 151
02:50:55 4 0 151
02:51:25 4 0 151
02:51:56 4 0 151
02:52:26 4 0 151
02:52:56 4 0 151
02:53:26 4 0 151
02:53:56 4 0 151
02:54:27 4 0 151
02:54:57 4 0 151
02:55:27 4 0 151
02:55:57 4 0 151
02:56:28 4 0 151
02:56:58 4 0 151
02:57:28 4 0 151
02:57:58 4 0 151
02:58:29 4 0 153
02:58:59 4 0 151
02:59:29 4 0 151
02:59:59 4 0 155
03:00:30 4 0 153
03:01:00 4 0 151
03:01:30 4 0 151
03:02:00 4 0 151
03:02:30 4 0 151
03:03:00 4 0 151
03:03:31 4 0 151
03:04:01 4 0 151
03:04:31 4 0 176
03:05:01 4 0 151
03:05:32 4 0 151
03:06:02 4 0 151
03:06:32 4 0 151
03:07:02 4 0 151
03:07:33 4 0 151
03:08:03 4 0 151
03:08:33 4 0 151
03:09:03 4 0 151
03:09:34 4 0 152
03:10:04 4 0 151
03:10:34 4 0 151
03:11:04 4 0 151
03:11:35 4 0 152
03:12:05 4 0 151
03:12:35 4 0 151
03:13:05 4 0 151
03:13:35 4 0 151
03:14:05 4 0 151
03:14:36 4 0 151
03:15:06 4 0 151
03:15:36 4 0 151
03:16:06 4 0 151
03:16:37 4 0 151
03:17:07 4 0 152
03:17:37 4 0 151
03:18:07 4 0 151
03:18:38 4 0 151
03:19:08 4 0 151
03:19:38 4 0 151
03:20:08 4 0 153
03:20:39 4 0 151
03:21:09 4 0 152
03:21:39 4 0 151
03:22:09 4 0 151
03:22:39 4 0 151
03:23:09 4 0 152
03:23:40 4 0 151
03:24:10 4 0 151
03:24:40 4 0 151
03:25:10 4 0 151
03:25:41 4 0 151
03:26:11 4 0 151
03:26:41 4 0 151
03:27:11 4 0 151
03:27:42 4 0 151
03:28:12 4 0 151
03:28:42 4 0 151
03:29:12 4 0 151
03:29:42 4 0 151
03:30:13 4 0 151
03:30:43 4 0 151
03:31:13 4 0 151
03:31:43 4 0 151
03:32:13 4 0 151
03:32:44 4 0 151
03:33:14 4 0 151
03:33:44 4 0 151
03:34:15 4 0 151
03:34:45 4 0 151
03:35:15 4 0 151
03:35:46 4 0 151
03:36:16 4 0 151
03:36:46 4 0 151
03:37:16 4 0 151
03:37:47 4 0 169
03:38:17 4 0 152
03:38:47 4 0 151
03:39:17 4 0 153
03:39:48 4 0 151
03:40:18 4 0 151
03:40:48 4 0 151
03:41:18 4 0 151
03:41:49 4 0 151
03:42:19 4 0 151
03:42:50 3 1 154
03:43:19 4 0 151
03:43:49 4 0 151
03:44:19 4 0 151
03:44:50 4 0 151
03:45:20 4 0 151
03:45:50 4 0 151
03:46:20 4 0 151
03:46:51 4 0 151
03:47:21 4 0 151
03:47:51 4 0 151
03:48:21 4 0 151
03:48:52 4 0 151
03:49:22 4 0 151
03:49:52 4 0 151
03:50:22 4 0 151
03:50:52 4 0 153
03:51:23 4 0 151
03:51:53 4 0 151
03:52:23 4 0 151
03:52:53 4 0 151
03:53:23 4 0 151
03:53:54 4 0 151
03:54:24 4 0 151
03:54:54 4 0 151
03:55:24 4 0 151
03:55:55 4 0 151
03:56:25 4 0 151
03:56:55 4 0 151
03:57:25 4 0 151
03:57:56 4 0 151
03:58:26 4 0 151
03:58:56 4 0 151
03:59:26 4 0 151
03:59:57 4 0 152
04:00:27 4 0 151
04:00:57 4 0 151
04:01:27 4 0 151
04:01:57 4 0 151
04:02:28 4 0 151
04:02:58 4 0 151
04:03:28 4 0 151
04:03:58 4 0 151
04:04:28 4 0 151
04:04:59 4 0 151
04:05:29 4 0 151
04:05:59 4 0 157
04:06:29 4 0 151
04:07:00 4 0 151
04:07:30 4 0 151
04:08:00 4 0 151
04:08:30 4 0 186
04:09:01 4 0 162
04:09:31 4 0 151
04:10:01 4 0 151
04:10:31 4 0 159
04:11:01 4 0 151
04:11:31 4 0 151
04:12:02 4 0 151
04:12:32 4 0 151
04:13:02 4 0 151
04:13:32 4 0 151
04:14:03 4 0 151
04:14:33 4 0 151
04:15:03 4 0 151
04:15:33 4 0 151
04:16:04 4 0 151
04:16:34 4 0 151
04:17:04 4 0 151
04:17:34 4 0 151
04:18:04 4 0 151
04:18:34 4 0 151
04:19:05 4 0 151
04:19:35 4 0 151
04:20:05 4 0 151
04:20:35 4 0 151
04:21:06 4 0 151
04:21:36 4 0 151
04:22:06 4 0 151
04:22:36 4 0 151
04:23:06 4 0 151
04:23:36 4 0 151
04:24:07 4 0 151
04:24:37 4 0 151
04:25:07 4 0 153
04:25:37 4 0 151
04:26:08 4 0 151
04:26:38 4 0 151
04:27:08 4 0 151
04:27:38 4 0 151
04:28:08 4 0 151
04:28:39 4 0 151
04:29:09 4 0 151
04:29:39 4 0 151
04:30:09 4 0 151
04:30:39 4 0 151
04:31:10 4 0 151
04:31:40 4 0 151
04:32:10 4 0 157
04:32:40 4 0 151
04:33:11 4 0 151
04:33:41 4 0 151
04:34:11 4 0 151
04:34:41 4 0 151
04:35:11 4 0 152
04:35:42 4 0 151
04:36:12 4 0 151
04:36:42 4 0 151
04:37:12 4 0 151
04:37:42 4 0 152
04:38:13 4 0 151
04:38:43 4 0 151
04:39:13 4 0 151
04:39:43 4 0 151
04:40:14 4 0 151
04:40:44 4 0 151
04:41:14 4 0 151
04:41:44 4 0 151
04:42:15 4 0 151
04:42:45 4 0 151
04:43:15 4 0 151
04:43:45 4 0 151
04:44:15 4 0 151
04:44:45 4 0 151
04:45:16 4 0 151
04:45:46 4 0 151
04:46:16 4 0 151
04:46:46 4 0 151
04:47:17 4 0 151
04:47:47 4 0 151
04:48:17 4 0 151
04:48:47 4 0 151
04:49:17 4 0 151
04:49:47 4 0 151
04:50:18 4 0 151
04:50:48 4 0 151
04:51:18 4 0 186
04:51:48 4 0 151
04:52:19 4 0 151
04:52:49 4 0 151
04:53:19 4 0 151
04:53:49 4 0 151
04:54:19 4 0 151
04:54:50 4 0 151
04:55:20 4 0 151
04:55:50 4 0 151
04:56:20 4 0 151
04:56:51 4 0 151
04:57:21 4 0 151
04:57:51 4 0 151
04:58:21 4 0 151
04:58:51 4 0 151
04:59:22 4 0 151
04:59:52 4 0 151
05:00:22 4 0 151
05:00:52 4 0 151
05:01:22 4 0 152
05:01:52 4 0 151
05:02:23 4 0 151
05:02:53 4 0 151
05:03:23 4 0 151
05:03:53 4 0 151
05:04:24 4 0 151
05:04:54 4 0 151
05:05:24 4 0 151
05:05:54 4 0 151
05:06:25 4 0 151
05:06:55 4 0 151
05:07:25 4 0 151
05:07:55 4 0 152
05:08:25 4 0 151
05:08:55 4 0 151
05:09:26 4 0 151
05:09:56 4 0 151
05:10:26 4 0 151
05:10:56 4 0 151
05:11:27 4 0 151
05:11:57 4 0 151
05:12:27 4 0 176
05:12:57 4 0 151
05:13:28 4 0 151
05:13:58 4 0 151
05:14:28 4 0 151
05:14:58 4 0 153
05:15:28 4 0 151
05:15:58 4 0 151
05:16:29 4 0 151
05:16:59 4 0 151
05:17:29 4 0 151
05:17:59 4 0 151
05:18:30 4 0 151
05:19:00 4 0 151
05:19:30 4 0 151
05:20:00 4 0 151
05:20:31 4 0 151
05:21:01 4 0 151
05:21:31 4 0 151
05:22:01 4 0 151
05:22:31 4 0 151
05:23:01 4 0 151
05:23:32 4 0 151
05:24:02 4 0 151
05:24:32 4 0 151
05:25:02 4 0 151
05:25:33 4 0 152
05:26:03 4 0 151
05:26:33 4 0 151
05:27:03 4 0 151
05:27:33 4 0 151
05:28:04 4 0 151
05:28:34 4 0 151
05:29:04 4 0 151
05:29:34 4 0 151
05:30:04 4 0 151
05:30:35 4 0 151
05:31:05 4 0 151
05:31:35 4 0 151
05:32:05 4 0 151
05:32:36 4 0 151
05:33:06 4 0 151
05:33:36 4 0 151
05:34:06 4 0 151
05:34:36 4 0 151
05:35:06 4 0 151
05:35:37 4 0 151
05:36:07 4 0 151
05:36:37 4 0 151
05:37:07 4 0 151
05:37:38 4 0 151
05:38:08 4 0 151
05:38:38 4 0 151
05:39:08 4 0 151
05:39:39 4 0 151
05:40:09 4 0 151
05:40:39 4 0 151
05:41:09 4 0 151
05:41:40 4 0 151
05:42:10 4 0 151
05:42:40 4 0 151
05:43:10 4 0 151
05:43:40 4 0 151
05:44:10 4 0 151
05:44:41 4 0 151
05:45:11 4 0 151
05:45:41 4 0 151
05:46:11 4 0 151
05:46:42 4 0 151
05:47:12 4 0 152
05:47:42 4 0 151
05:48:12 4 0 151
05:48:42 4 0 154
05:49:12 4 0 151
05:49:43 4 0 151
05:50:13 4 0 151
05:50:43 4 0 151
05:51:13 4 0 151
05:51:44 4 0 151
05:52:14 4 0 151
05:52:44 4 0 151
05:53:14 4 0 151
05:53:45 4 0 151
05:54:15 4 0 151
05:54:45 4 0 151
05:55:15 4 0 151
05:55:45 4 0 151
05:56:16 4 0 151
05:56:46 4 0 151
05:57:16 4 0 151
05:57:46 4 0 151
05:58:17 4 0 151
05:58:47 4 0 151
05:59:17 4 0 151
05:59:47 4 0 151
06:00:17 4 0 151
06:00:48 4 0 151
06:01:18 4 0 151
06:01:48 4 0 151
06:02:18 4 0 151
06:02:49 4 0 151
06:03:19 4 0 151
06:03:49 4 0 151
06:04:19 4 0 151
06:04:49 4 0 151
06:05:20 4 0 152
06:05:50 4 0 151
06:06:20 4 0 151
06:06:50 4 0 151
06:07:20 4 0 151
06:07:51 4 0 151
06:08:21 4 0 151
06:08:51 4 0 151
06:09:21 4 0 151
06:09:52 4 0 151
06:10:22 4 0 154
06:10:52 4 0 151
06:11:22 4 0 151
06:11:52 4 0 151
06:12:22 4 0 151
06:12:53 4 0 151
06:13:23 4 0 151
06:13:53 4 0 151
06:14:23 4 0 151
06:14:54 4 0 151
06:15:24 4 0 151
06:15:54 4 0 151
06:16:24 4 0 151
06:16:54 4 0 151
06:17:25 4 0 151
06:17:55 4 0 151
06:18:25 4 0 151
06:18:55 4 0 151
06:19:25 4 0 151
06:19:56 4 0 151
06:20:26 4 0 151
06:20:56 4 0 151
06:21:26 4 0 151
06:21:57 4 0 151
06:22:27 4 0 151
06:22:57 4 0 156
06:23:27 4 0 151
06:23:57 4 0 151
06:24:27 4 0 151
06:24:58 4 0 151
06:25:28 4 0 151
06:25:58 4 0 151
06:26:28 4 0 151
06:26:59 4 0 151
06:27:29 4 0 151
06:27:59 4 0 151
06:28:29 4 0 151
06:28:59 4 0 151
06:29:30 4 0 151
06:30:00 4 0 151
06:30:30 4 0 151
06:31:00 4 0 151
06:31:30 4 0 151
06:32:01 4 0 151
06:32:31 4 0 151
06:33:01 4 0 151
06:33:31 4 0 151
06:34:02 4 0 153
06:34:32 4 0 151
06:35:02 4 0 151
06:35:32 4 0 151
06:36:02 4 0 151
06:36:32 4 0 151
06:37:03 4 0 151
06:37:33 4 0 151
06:38:03 4 0 151
06:38:33 4 0 151
06:39:04 4 0 151
06:39:34 4 0 151
06:40:04 4 0 151
06:40:34 4 0 151
06:41:05 4 0 151
06:41:35 4 0 151
06:42:05 4 0 151
06:42:35 4 0 151
06:43:05 4 0 151
06:43:35 4 0 151
06:44:06 4 0 151
06:44:36 4 0 151
06:45:06 4 0 151
06:45:36 4 0 151
06:46:07 4 0 151
06:46:37 4 0 151
06:47:07 4 0 151
06:47:37 4 0 151
06:48:08 4 0 151
06:48:38 4 0 151
06:49:08 4 0 151
06:49:38 4 0 151
06:50:08 4 0 151
06:50:38 4 0 151
06:51:09 4 0 151
06:51:39 4 0 151
06:52:09 4 0 151
06:52:39 4 0 164
06:53:10 4 0 151
06:53:40 4 0 151
06:54:10 4 0 151
06:54:40 4 0 151
06:55:11 4 0 151
06:55:41 4 0 151
06:56:11 4 0 151
06:56:41 4 0 151
06:57:11 4 0 151
06:57:41 4 0 151
06:58:12 4 0 151
06:58:42 4 0 151
06:59:12 4 0 151
06:59:42 4 0 151
07:00:13 4 0 151
07:00:43 4 0 151
07:01:13 4 0 151
07:01:44 4 0 152
07:02:14 4 0 151
07:02:44 4 0 151
07:03:14 4 0 151
07:03:44 4 0 151
07:04:15 4 0 151
07:04:45 4 0 151
07:05:15 4 0 151
07:05:45 4 0 151
07:06:15 4 0 151
07:06:45 4 0 151
07:07:16 4 0 151
07:07:46 4 0 151
07:08:16 4 0 151
07:08:46 4 0 151
07:09:17 4 0 151
07:09:47 4 0 151
07:10:17 4 0 151
07:10:47 4 0 151
07:11:18 4 0 151
07:11:48 4 0 151
07:12:18 4 0 151
07:12:48 4 0 151
07:13:19 4 0 151
07:13:49 4 0 151
07:14:19 4 0 151
07:14:49 4 0 151
07:15:20 4 0 151
07:15:50 4 0 151
07:16:20 4 0 151
07:16:50 4 0 151
07:17:21 4 0 151
07:17:51 4 0 151
07:18:21 4 0 151
07:18:51 4 0 151
07:19:21 4 0 151
07:19:51 4 0 151
07:20:22 4 0 154
07:20:52 4 0 152
07:21:22 4 0 151
07:21:52 4 0 151
07:22:23 4 0 151
07:22:53 4 0 154
07:23:23 4 0 151
07:23:53 4 0 151
07:24:23 4 0 151
07:24:54 4 0 151
07:25:24 4 0 151
07:25:54 4 0 151
07:26:24 4 0 151
07:26:54 4 0 151
07:27:25 4 0 151
07:27:55 4 0 151
07:28:25 4 0 151
07:28:55 4 0 151
07:29:26 4 0 151
07:29:56 4 0 151
07:30:26 4 0 151
07:30:56 4 0 151
07:31:26 4 0 151
07:31:56 4 0 151
07:32:27 4 0 151
07:32:57 4 0 151
07:33:27 4 0 151
07:33:57 4 0 151
07:34:28 4 0 151
07:34:58 4 0 151
07:35:28 4 0 151
07:35:58 4 0 151
07:36:29 4 0 151
07:36:59 4 0 151
07:37:29 4 0 151
07:37:59 4 0 151
07:38:30 4 0 151
07:39:00 4 0 151
07:39:30 4 0 151
07:40:00 4 0 151
07:40:30 4 0 153
07:41:00 4 0 151
07:41:31 4 0 151
07:42:01 4 0 181
07:42:31 4 0 151
07:43:01 4 0 151
07:43:32 4 0 151
07:44:02 4 0 151
07:44:32 4 0 151
07:45:02 4 0 151
07:45:33 4 0 151
07:46:03 4 0 151
07:46:33 4 0 151
07:47:03 4 0 151
07:47:33 4 0 151
07:48:04 4 0 153
07:48:34 4 0 151
07:49:04 4 0 151
07:49:34 4 0 151
07:50:04 4 0 151
07:50:35 4 0 151
07:51:05 4 0 151
07:51:35 4 0 151
07:52:05 4 0 151
07:52:35 4 0 151
07:53:06 4 0 151
07:53:36 4 0 152
07:54:06 4 0 151
07:54:36 4 0 154
07:55:06 4 0 151
07:55:37 4 0 151
07:56:07 4 0 151
07:56:37 4 0 151
07:57:07 4 0 151
07:57:38 4 0 151
07:58:09 4 0 152
07:58:40 4 0 153
07:59:10 4 0 151
07:59:40 4 0 151
08:00:11 4 0 151
08:00:41 4 0 151
08:01:11 4 0 151
08:01:41 4 0 151
08:02:11 4 0 151
08:02:41 4 0 151
08:03:11 4 0 151
08:03:42 4 0 151
08:04:12 4 0 151
08:04:42 4 0 151
08:05:12 4 0 151
08:05:42 4 0 151
08:06:12 4 0 151
08:06:43 4 0 151
08:07:13 4 0 151
08:07:43 4 0 151
08:08:13 4 0 151
08:08:43 4 0 151
08:09:13 4 0 151
08:09:44 4 0 151
08:10:14 4 0 151
08:10:44 4 0 153
08:11:14 4 0 151
08:11:44 4 0 151
08:12:14 4 0 151
08:12:45 4 0 151
08:13:15 4 0 151
08:13:45 4 0 151
08:14:15 4 0 151
08:14:45 4 0 151
08:15:15 4 0 151
08:15:45 4 0 151
08:16:15 4 0 151
08:16:46 4 0 151
08:17:16 4 0 151
08:17:47 3 1 155
08:18:17 4 0 151
08:18:47 4 0 151
08:19:17 4 0 151
08:19:47 4 0 151
08:20:17 4 0 151
08:20:48 4 0 151
08:21:18 4 0 152
08:21:48 4 0 151
08:22:18 4 0 151
08:22:48 4 0 152
08:23:18 4 0 151
08:23:49 4 0 151
08:24:19 4 0 151
08:24:49 4 0 172
08:25:19 4 0 151
08:25:49 4 0 151
08:26:19 4 0 151
08:26:50 4 0 151
08:27:20 4 0 152
08:27:50 4 0 151
08:28:20 4 0 151
08:28:50 4 0 151
08:29:21 4 0 151
08:29:51 4 0 151
08:30:21 4 0 151
08:30:51 4 0 151
08:31:21 4 0 151
08:31:51 4 0 151
08:32:21 4 0 151
08:32:52 4 0 151
08:33:22 4 0 151
08:33:52 4 0 151
08:34:22 4 0 151
08:34:52 4 0 151
08:35:22 4 0 151
08:35:53 4 0 151
08:36:23 4 0 151
08:36:53 4 0 151
08:37:23 4 0 151
08:37:53 4 0 151
08:38:23 4 0 151
08:38:54 4 0 152
08:39:24 4 0 151
08:39:54 4 0 151
08:40:24 4 0 174
08:40:54 4 0 151
08:41:24 4 0 151
08:41:55 4 0 151
08:42:25 4 0 159
08:42:55 4 0 151
08:43:25 4 0 151
08:43:55 4 0 151
08:44:25 4 0 151
08:44:56 4 0 151
08:45:26 4 0 151
08:45:56 4 0 151
08:46:26 4 0 153
08:46:56 4 0 151
08:47:26 4 0 151
08:47:57 4 0 151
08:48:27 4 0 151
08:48:57 4 0 151
08:49:28 3 1 151
08:49:57 4 0 151
08:50:27 4 0 151
08:50:58 4 0 151
08:51:28 4 0 151
08:51:58 4 0 151
08:52:28 4 0 151
08:52:58 4 0 151
08:53:28 4 0 151
08:53:58 4 0 151
08:54:29 4 0 151
08:54:59 4 0 151
08:55:29 4 0 151
08:55:59 4 0 151
08:56:29 4 0 151
08:57:00 4 0 151
08:57:30 4 0 151
08:58:00 4 0 154
08:58:31 4 0 152
08:59:01 4 0 151
08:59:31 4 0 151
09:00:01 4 0 151
09:00:31 4 0 151
09:01:02 4 0 151
09:01:32 4 0 151
09:02:02 4 0 151
09:02:32 4 0 151
09:03:02 4 0 151
09:03:32 4 0 152
09:04:03 4 0 151
09:04:33 4 0 151
09:05:03 4 0 153
09:05:33 4 0 151
09:06:03 4 0 151
09:06:33 4 0 151
09:07:03 4 0 151
09:07:33 4 0 152
09:08:05 3 1 151
09:08:34 4 0 151
09:09:04 4 0 151
09:09:34 4 0 151
09:10:04 4 0 151
09:10:34 4 0 151
09:11:05 4 0 151
09:11:35 4 0 151
09:12:05 4 0 151
09:12:35 4 0 151
09:13:05 4 0 152
09:13:35 4 0 154
09:14:06 4 0 151
09:14:36 4 0 151
09:15:06 4 0 158
09:15:36 4 0 151
09:16:06 4 0 151
09:16:36 4 0 151
09:17:06 4 0 151
09:17:37 4 0 151
09:18:07 4 0 151
09:18:38 4 0 151
09:19:08 4 0 151
09:19:38 4 0 151
09:20:08 4 0 151
09:20:38 4 0 151
09:21:09 4 0 153
09:21:39 4 0 151
09:22:10 3 1 151
09:22:39 4 0 151
09:23:09 4 0 151
09:23:39 4 0 151
09:24:10 4 0 151
09:24:40 4 0 151
09:25:10 4 0 151
09:25:40 4 0 151
09:26:10 4 0 151
09:26:40 4 0 151
09:27:11 4 0 154
09:27:41 4 0 151
09:28:12 4 0 151
09:28:42 4 0 157
09:29:12 4 0 152
09:29:42 4 0 151
09:30:12 4 0 151
09:30:42 4 0 151
09:31:12 4 0 151
09:31:42 4 0 151
09:32:13 4 0 151
09:32:43 4 0 151
09:33:13 4 0 151
09:33:43 4 0 153
09:34:13 4 0 151
09:34:43 4 0 151
09:35:14 4 0 151
09:35:44 4 0 151
09:36:14 4 0 151
09:36:44 4 0 151
09:37:15 4 0 151
09:37:45 4 0 151
09:38:15 4 0 151
09:38:45 4 0 151
09:39:15 4 0 152
09:39:45 4 0 151
09:40:15 4 0 151
09:40:46 4 0 151
09:41:16 4 0 151
09:41:46 4 0 152
09:42:16 4 0 151
09:42:46 4 0 151
09:43:16 4 0 170
09:43:46 4 0 151
09:44:17 4 0 151
09:44:47 4 0 151
09:45:18 3 1 152
09:45:47 4 0 151
09:46:17 4 0 151
09:46:47 4 0 151
09:47:18 4 0 151
09:47:48 4 0 153
09:48:18 4 0 151
09:48:48 4 0 151
09:49:18 4 0 151
09:49:48 4 0 151
09:50:19 4 0 151
09:50:49 4 0 151
09:51:19 4 0 159
09:51:49 4 0 154
09:52:19 4 0 151
09:52:50 3 1 151
09:53:20 4 0 151
09:53:50 4 0 151
09:54:20 4 0 151
09:54:50 4 0 151
09:55:20 4 0 151
09:55:51 4 0 151
09:56:21 4 0 151
09:56:51 4 0 151
09:57:21 4 0 151
09:57:51 4 0 151
09:58:22 4 0 151
09:58:52 4 0 151
09:59:22 4 0 151
09:59:52 4 0 151
10:00:23 4 0 151
10:00:53 4 0 163
10:01:24 4 0 183
10:01:53 4 0 151
10:02:24 4 0 151
10:02:54 4 0 151
10:03:24 4 0 151
10:03:54 4 0 151
10:04:24 4 0 151
10:04:54 4 0 151
10:05:24 4 0 151
10:05:55 4 0 151
10:06:25 4 0 153
10:06:55 4 0 151
10:07:25 4 0 152
10:07:55 4 0 151
10:08:26 4 0 151
10:08:56 4 0 151
10:09:26 4 0 190
10:09:56 4 0 151
10:10:26 4 0 151
10:10:56 4 0 151
10:11:26 4 0 151
10:11:57 4 0 191
10:12:27 4 0 151
10:12:57 4 0 152
10:13:27 4 0 151
10:13:57 4 0 151
10:14:28 4 0 151
10:14:58 4 0 151
10:15:28 4 0 151
10:15:58 4 0 151
10:16:28 4 0 151
10:16:58 4 0 151
10:17:28 4 0 151
10:17:58 4 0 151
10:18:29 4 0 151
10:18:59 4 0 151
10:19:29 4 0 151
10:20:00 4 0 151
10:20:31 4 0 151
10:21:00 4 0 151
10:21:31 4 0 151
10:22:01 4 0 151
10:22:31 4 0 151
10:23:01 4 0 151
10:23:32 3 1 151
10:24:01 4 0 151
10:24:32 4 0 151
10:25:02 4 0 151
10:25:33 3 1 151
10:26:02 4 0 151
10:26:32 4 0 151
