00:01:41 1
00:02:00 1
00:02:56 1
00:04:03 1
00:04:58 1
00:05:57 -1
00:06:58 -1
02:00:04 1
02:01:06 1
02:02:05 1
02:03:05 1
02:04:06 1
02:05:06 1
02:06:06 1
02:07:07 1
02:08:07 1
02:09:08 1
02:10:08 1
02:11:09 1
02:12:09 1
02:13:09 1
02:14:10 1
02:15:10 1
02:16:11 1
02:17:11 1
02:18:11 1
02:19:12 1
02:20:12 1
02:21:13 1
02:22:13 1
02:23:13 1
02:24:14 1
02:25:14 1
02:26:15 1
02:27:15 1
02:28:16 1
02:29:16 1
02:30:16 1
02:31:17 1
02:32:17 1
02:33:18 1
02:34:18 1
02:35:19 1
02:36:19 1
02:37:27 1
02:38:20 1
02:39:20 1
02:40:21 1
02:41:21 1
02:42:21 1
02:43:22 1
02:44:22 1
02:45:23 1
02:46:23 1
02:47:23 1
02:48:24 1
02:49:24 1
02:50:25 1
02:51:25 1
02:52:26 1
02:53:26 1
02:54:27 1
02:55:27 1
02:56:28 1
02:57:28 1
02:58:28 1
02:59:29 1
03:00:29 1
03:01:30 1
03:02:30 1
03:03:31 1
03:04:31 1
03:05:32 1
03:06:32 1
03:07:33 1
03:08:33 1
03:09:34 1
03:10:34 1
03:11:34 1
03:12:35 1
03:13:35 1
03:14:35 1
03:15:36 1
03:16:36 1
03:17:37 1
03:18:37 1
03:19:38 1
03:20:38 1
03:21:39 1
03:22:39 1
03:23:44 1
03:24:40 1
03:25:46 1
03:26:41 1
03:27:41 1
03:28:42 1
03:29:42 1
03:30:43 1
03:31:43 1
03:32:43 1
03:33:44 1
03:34:45 1
03:35:45 1
03:36:46 1
03:37:46 1
03:38:47 1
03:39:47 1
03:40:48 1
03:41:48 1
03:42:49 1
03:43:49 1
03:44:50 1
03:45:50 1
03:46:50 1
03:47:51 1
03:48:51 1
03:49:52 1
03:50:52 1
03:51:53 1
03:52:53 1
03:53:55 1
03:54:54 1
03:55:58 1
03:56:55 1
03:57:55 1
03:58:56 1
03:59:56 1
04:00:57 1
04:02:01 1
04:02:58 1
04:03:59 1
04:04:58 1
04:05:59 1
04:07:00 1
04:08:00 1
04:09:00 1
04:10:01 1
04:11:01 1
04:12:02 1
04:13:02 1
04:14:02 1
04:15:03 1
04:16:03 1
04:17:04 1
04:18:12 1
04:19:04 1
04:20:05 1
04:21:05 1
04:22:06 1
04:23:06 1
04:24:07 1
04:25:07 1
04:26:07 1
04:27:08 1
04:28:08 1
04:29:09 1
04:30:09 1
04:31:09 1
04:32:10 1
04:33:10 1
04:34:11 1
04:35:11 1
04:36:12 1
04:37:12 1
04:38:13 1
04:39:26 1
04:40:22 1
04:41:14 1
04:42:15 1
04:43:15 1
04:44:15 1
04:45:16 1
04:46:16 1
04:47:17 1
04:48:17 1
04:49:17 1
04:50:18 1
04:51:18 1
04:52:18 1
04:53:19 1
04:54:19 1
04:55:20 1
04:56:20 1
04:57:21 1
04:58:21 1
04:59:21 1
05:00:22 1
05:01:22 1
05:02:23 1
05:03:23 1
05:04:23 1
05:05:24 1
05:06:30 1
05:07:25 1
05:08:25 1
05:09:26 1
05:10:26 1
05:11:27 1
05:12:27 1
05:13:27 1
05:14:28 1
05:15:28 1
05:16:29 1
05:17:29 1
05:18:30 1
05:19:34 1
05:20:30 1
05:21:31 1
05:22:31 1
05:23:38 1
05:24:39 1
05:25:33 1
05:26:37 1
05:27:40 1
05:28:40 1
05:29:44 1
05:30:35 1
05:31:45 1
05:32:36 1
05:33:36 1
05:34:41 1
05:35:39 1
05:36:41 1
05:37:45 1
05:38:52 1
05:39:42 1
05:40:40 1
05:41:46 1
05:42:41 1
05:43:41 1
05:44:41 1
05:45:48 1
05:46:47 1
05:47:47 1
05:48:46 1
05:49:44 1
05:50:46 1
05:51:52 1
05:52:44 1
05:53:52 1
05:54:46 1
05:55:48 1
05:56:47 1
05:57:48 1
05:58:54 1
05:59:55 1
06:00:50 1
06:01:49 1
06:02:55 1
06:03:50 1
06:04:54 1
06:05:57 1
06:06:53 1
06:07:51 1
06:08:51 1
06:09:53 1
06:10:58 1
06:12:01 1
06:12:53 1
06:13:57 1
06:14:56 1
06:15:54 1
06:16:55 1
06:18:02 1
06:19:01 1
06:20:01 1
06:20:56 1
06:22:01 1
06:23:00 1
06:23:57 1
06:24:58 1
06:26:05 1
06:27:03 1
06:28:02 1
06:29:01 1
06:30:02 1
06:31:01 1
06:32:03 1
06:33:06 1
06:34:03 1
06:35:09 1
06:36:02 1
06:37:03 1
06:38:03 1
06:39:03 1
06:40:04 1
06:41:10 1
06:42:05 1
06:43:05 1
06:44:06 1
06:45:06 1
06:46:06 1
06:47:07 1
06:48:07 1
06:49:08 1
06:50:08 1
06:51:09 1
06:52:09 1
06:53:09 1
06:54:10 1
06:55:10 1
06:56:11 1
06:57:11 1
06:58:12 1
06:59:12 1
07:00:12 1
07:01:13 1
07:02:13 1
07:03:14 1
07:04:14 1
07:05:15 1
07:06:15 1
07:07:16 1
07:08:16 1
07:09:16 1
07:10:17 1
07:11:17 1
07:12:18 1
07:13:18 1
07:14:19 1
07:15:19 1
07:16:20 1
07:17:20 1
07:18:24 1
07:19:21 1
07:20:21 1
07:21:22 1
07:22:22 1
07:23:23 1
07:24:23 1
07:25:24 1
07:26:24 1
07:27:24 1
07:28:25 1
07:29:25 1
07:30:26 1
07:31:26 1
07:32:27 1
07:33:27 1
07:34:27 1
07:35:28 1
07:36:28 1
07:37:29 1
07:38:29 1
07:39:30 1
07:40:30 1
07:41:31 1
07:42:31 1
07:43:31 1
07:44:32 1
07:45:32 1
07:46:33 1
07:47:33 1
07:48:34 1
07:49:34 1
07:50:34 1
07:51:35 1
07:52:44 -1
07:53:36 1
07:54:36 1
07:55:36 1
07:56:48 1
07:57:38 1
07:58:38 1
07:59:39 1
08:00:40 1
08:01:59 -1
08:02:40 1
08:03:40 1
08:04:41 1
08:05:45 1
08:06:41 1
08:07:42 1
08:08:42 1
08:09:51 1
08:10:55 1
08:11:43 1
08:12:44 1
08:13:44 1
08:14:44 1
08:15:44 1
08:16:45 1
08:17:56 1
08:18:52 1
08:19:46 1
08:20:47 1
08:21:47 1
08:22:47 1
08:23:47 1
08:24:57 1
08:25:55 1
08:26:49 1
08:27:49 1
08:28:49 1
08:30:03 1
08:31:03 1
08:32:07 1
08:32:51 1
08:33:51 1
08:34:51 1
08:35:51 1
08:37:02 1
08:37:52 1
08:38:54 1
08:39:53 1
08:40:53 1
08:42:00 1
08:43:00 1
08:43:54 1
08:44:54 1
08:45:55 1
08:46:55 1
08:47:55 1
08:48:56 1
08:49:56 1
08:50:56 1
08:51:57 1
08:52:57 1
08:53:57 1
08:54:58 1
08:55:58 1
08:57:12 1
08:58:00 1
08:59:00 1
09:00:00 1
09:01:00 1
09:02:01 1
09:03:01 1
09:04:01 1
09:05:02 1
09:06:02 1
09:07:02 1
09:08:21 1
09:09:06 1
09:10:03 1
09:11:03 1
09:12:04 1
09:13:18 1
09:14:04 1
09:15:16 1
09:16:09 1
09:17:18 1
09:18:11 1
09:19:06 1
09:20:06 1
09:21:15 1
09:22:07 1
09:23:07 1
09:24:07 1
09:25:08 1
09:26:12 1
09:27:08 1
09:28:29 -1
09:29:18 1
09:30:24 1
09:31:10 1
09:32:14 1
09:33:11 1
09:34:11 1
09:35:12 1
09:36:13 1
09:37:21 1
09:38:13 1
09:39:13 1
09:40:13 1
09:41:14 1
09:42:15 1
09:43:25 1
09:44:14 1
09:45:16 1
09:46:15 1
09:47:15 1
09:48:16 1
09:49:16 1
09:50:16 1
09:51:17 1
09:52:17 1
09:53:17 1
09:54:18 1
09:55:18 1
09:56:19 1
09:57:20 1
09:58:25 1
09:59:20 1
10:00:21 1
10:01:21 1
10:02:21 1
10:03:23 1
10:04:24 1
10:05:22 1
10:06:23 1
10:07:25 1
10:08:23 1
10:09:24 1
10:10:24 1
10:11:24 1
10:12:25 1
10:13:25 1
10:14:25 1
10:15:26 1
10:17:34 -1
10:17:35 1
10:18:47 1
10:19:36 1
10:20:37 1
10:21:38 1
10:22:38 1
10:23:38 1
10:24:39 1
10:25:39 1
10:26:39 1
