00:01:02 69494 5220
00:01:58 10826 2371
00:02:56 285199 11240
00:04:03 555 683
00:04:58 14797 2419
00:05:57 -1 -1
00:06:58 -1 -1
02:00:04 2608 2225
02:01:06 12373 10491
02:02:05 8252 6717
02:03:05 37374 2779
02:04:06 2322 1081
02:05:06 147717 6970
02:06:06 42239 5941
02:07:07 27183 2601
02:08:07 2813 1393
02:09:08 17794 2910
02:10:08 3310 1866
02:11:09 2497 3133
02:12:09 165858 93472
02:13:09 1131 1022
02:14:10 3403 1910
02:15:10 195934 11396
02:16:11 3367 3355
02:17:11 45464 5881
02:18:11 2752 1222
02:19:12 7114 1928
02:20:12 35672 4184
02:21:13 2871 3053
02:22:13 2371 1171
02:23:13 2655 1640
02:24:14 6093 1512
02:25:14 10676 3401
02:26:15 60857 7589
02:27:15 78915 4507
02:28:16 3093 1506
02:29:16 1926 514
02:30:16 96435 9841
02:31:17 23147 5254
02:32:17 35946 2464
02:33:18 97394 14507
02:34:18 256 328
02:35:19 256 328
02:36:19 22657 17797
02:37:27 1950 740
02:38:20 3118 1651
02:39:20 32912 3479
02:40:21 862 904
02:41:21 2463 1231
02:42:21 17102 2392
02:43:22 31931 2471
02:44:22 24405 2615
02:45:23 1910 530
02:46:23 13529 3154
02:47:23 47148 3403
02:48:24 3875 1196
02:49:24 19988 1467
02:50:25 40507 5049
02:51:25 9140 1917
02:52:26 898 388
02:53:26 14062 4187
02:54:27 3461 1725
02:55:27 2214 833
02:56:28 64291 13010
02:57:28 32606 2656
02:58:28 2662 1894
02:59:29 3349 1563
03:00:29 12622 1437
03:01:30 2431 1285
03:02:30 10908 1529
03:03:31 1836 328
03:04:31 7574 833
03:05:32 65714 5388
03:06:32 8641 1547
03:07:33 11804 1634
03:08:33 256 388
03:09:34 967 1036
03:10:34 6246 1586
03:11:34 280679 21460
03:12:35 82582 18543
03:13:35 1770 328
03:14:35 3974 1055
03:15:36 50065 2910
03:16:36 362785 12064
03:17:37 357734 11618
03:18:37 509732 25250
03:19:38 13655 4782
03:20:38 33945 12688
03:21:39 14122 1704
03:22:39 263517 19797
03:23:44 2261 1092
03:24:40 352309 11177
03:25:46 372494 13764
03:26:41 368702 16053
03:27:41 2692 857
03:28:42 4343 1831
03:29:42 2169 672
03:30:43 163554 14998
03:31:43 252653 19005
03:32:43 2875 1757
03:33:44 7116 1361
03:34:45 363859 12368
03:35:45 371702 24544
03:36:46 353494 10174
03:37:46 4578 1364
03:38:47 43828 4289
03:39:47 4502 1384
03:40:48 191851 9102
03:41:48 290216 13555
03:42:49 1770 574
03:43:49 41710 3021
03:44:50 6918 1771
03:45:50 148945 5832
03:46:50 2088 654
03:47:51 2497 957
03:48:51 1824 454
03:49:52 29915 4103
03:50:52 101419 12336
03:51:53 1926 598
03:52:53 116714 38277
03:53:55 107371 6817
03:54:54 37875 4246
03:55:58 37214 1844
03:56:55 64334 4332
03:57:55 11573 3494
03:58:56 34494 4527
03:59:56 256 1241
04:00:57 276665 4181
04:02:01 292031 8205
04:02:58 460348 18400
04:03:59 277068 5084
04:04:58 322268 34377
04:05:59 351072 42438
04:07:00 312170 15316
04:08:00 265422 4786
04:09:00 285472 4961
04:10:01 335201 7979
04:11:01 274691 4224
04:12:02 369375 10243
04:13:02 270359 6356
04:14:02 320604 5788
04:15:03 306166 10060
04:16:03 272811 9238
04:17:04 337313 11623
04:18:12 383419 14808
04:19:04 458158 14767
04:20:05 302954 8955
04:21:05 270277 8147
04:22:06 340223 10465
04:23:06 300617 6390
04:24:07 450685 19327
04:25:07 346973 9006
04:26:07 334988 14759
04:27:08 298071 87659
04:28:08 312214 20362
04:29:09 282405 5976
04:30:09 303601 5816
04:31:09 293113 20742
04:32:10 267134 4220
04:33:10 513099 50454
04:34:11 280484 5537
04:35:11 264670 5513
04:36:12 288261 4974
04:37:12 270667 6627
04:38:13 257873 3514
04:39:26 262478 3636
04:40:22 441928 9233
04:41:14 259442 10242
04:42:15 272328 16851
04:43:15 313344 37910
04:44:15 284356 10306
04:45:16 263332 3194
04:46:16 410930 11288
04:47:17 278614 4606
04:48:17 271708 19567
04:49:17 349767 16610
04:50:18 273499 15823
04:51:18 287844 5843
04:52:18 267698 3448
04:53:19 320423 19327
04:54:19 269236 4637
04:55:20 407400 38129
04:56:20 273618 4664
04:57:21 339003 6161
04:58:21 281785 15180
04:59:21 269145 8415
05:00:22 280632 4924
05:01:22 286670 15587
05:02:23 281626 5939
05:03:23 257068 4362
05:04:23 300071 8354
05:05:24 298886 24176
05:06:30 263941 3940
05:07:25 271939 5334
05:08:25 273481 4411
05:09:26 380857 10358
05:10:26 267599 18182
05:11:27 334961 8892
05:12:27 270748 4792
05:13:27 281118 17502
05:14:28 348702 13205
05:15:28 443119 16643
05:16:29 88622 3815
05:17:29 523685 24547
05:18:30 321995 13027
05:19:34 297022 5729
05:20:30 276418 5908
05:21:31 343145 11420
05:22:31 103235 16497
05:23:38 297345 16148
05:24:39 31383 4051
05:25:33 35512 4590
05:26:37 5197 3078
05:27:40 62734 3634
05:28:40 23308 1285
05:29:44 82846 1452
05:30:35 76917 4493
05:31:45 44851 2552
05:32:36 179353 8150
05:33:36 96415 2093
05:34:41 15026 1873
05:35:39 39620 9160
05:36:41 520 472
05:37:45 8216 1954
05:38:52 15036 1873
05:39:42 37184 3806
05:40:40 29384 1255
05:41:46 88907 16768
05:42:41 592 514
05:43:41 6992 1336
05:44:41 41870 1646
05:45:48 226303 8486
05:46:47 7923 3481
05:47:47 22156 3841
05:48:46 22875 2659
05:49:44 26077 15146
05:50:46 149134 17550
05:51:52 144976 11555
05:52:44 50077 4481
05:53:52 83423 7419
05:54:46 4442 2190
05:55:48 29848 7885
05:56:47 65102 12627
05:57:48 15712 8715
05:58:54 149561 24228
05:59:55 148526 7281
06:00:50 140170 3886
06:01:49 11521 6887
06:02:55 42230 11442
06:03:50 36956 2230
06:04:54 19076 2990
06:05:57 118651 7106
06:06:53 168679 5366
06:07:51 181011 3182
06:08:51 80190 3744
06:09:53 51823 7810
06:10:58 94860 4616
06:12:01 67892 6067
06:12:53 99588 5904
06:13:57 25549 21881
06:14:56 9515 1630
06:15:54 18856 1493
06:16:55 73733 4214
06:18:02 170688 6480
06:19:01 104138 6638
06:20:01 134350 5614
06:20:56 230077 8274
06:22:01 137261 7313
06:23:00 20470 1522
06:23:57 59783 10623
06:24:58 118364 21540
06:26:05 152618 5599
06:27:03 100915 2865
06:28:02 74339 3774
06:29:01 169430 3677
06:30:02 65068 5676
06:31:01 117300 9664
06:32:03 76512 4114
06:33:06 74108 3592
06:34:03 106484 4871
06:35:09 10634669 179271
06:36:02 306641 31867
06:37:03 593462 25899
06:38:03 394958 13588
06:39:03 43977 2283
06:40:04 101225 7321
06:41:10 92863 3103
06:42:05 16318 3426
06:43:05 58034 11116
06:44:06 133072 9368
06:45:06 280528 11570
06:46:06 192233 6092
06:47:07 48484 2798
06:48:07 224430 9079
06:49:08 44714 2945
06:50:08 66418 2634
06:51:09 47813 4655
06:52:09 7401 1984
06:53:09 53227 3775
06:54:10 6796 990
06:55:10 50805 2809
06:56:11 36287 2319
06:57:11 132331 24030
06:58:12 74466 10327
06:59:12 93646 2751
07:00:12 112411 2993
07:01:13 6840 1112
07:02:13 90223 6473
07:03:14 125002 2496
07:04:14 51120 2210
07:05:15 164860 2908
07:06:15 100167 2908
07:07:16 44007 2363
07:08:16 66174 4034
07:09:16 78844 6066
07:10:17 3673398 65437
07:11:17 105347 4346
07:12:18 253458 7802
07:13:18 86228 2962
07:14:19 167806 11735
07:15:19 85854 2260
07:16:20 127676 10271
07:17:20 172422 3372
07:18:24 129842 8740
07:19:21 73063 3991
07:20:21 101058 3174
07:21:22 77906 6412
07:22:22 43946 3772
07:23:23 101528 11798
07:24:23 176980 11742
07:25:24 270982 9608
07:26:24 70871 4391
07:27:24 25790 5546
07:28:25 16704 2856
07:29:25 5597 3014
07:30:26 94315 4468
07:31:26 111879 7158
07:32:27 20068 14099
07:33:27 36439 4085
07:34:27 18670 4691
07:35:28 60195 5683
07:36:28 3357 1576
07:37:29 21646 4230
07:38:29 284796 6172
07:39:30 294131 6320
07:40:30 315970 5673
07:41:31 292771 6607
07:42:31 351777 12876
07:43:31 322525 10930
07:44:32 345497 13233
07:45:32 275042 7059
07:46:33 327150 7840
07:47:33 355453 13248
07:48:34 297049 9078
07:49:34 273005 14676
07:50:34 296977 8978
07:51:35 280857 6752
07:52:44 -1 -1
07:53:36 285429 4292
07:54:36 314571 5008
07:55:36 290129 5606
07:56:48 315063 7906
07:57:38 320276 5912
07:58:38 355261 14689
07:59:39 258891 5622
08:00:40 285307 9762
08:01:59 -1 -1
08:02:40 58115 20252
08:03:40 2058 2830
08:04:41 246532 8389
08:05:45 9395 2017
08:06:41 699 810
08:07:42 2622 1703
08:08:42 329750 19773
08:09:51 10754 2529
08:10:55 9829 3358
08:11:43 177555 214712
08:12:44 3214 4690
08:13:44 42403 5150
08:14:44 110970 9337
08:15:44 91468 5182
08:16:45 89539 10767
08:17:56 5841 6994
08:18:52 4068 5734
08:19:46 2669 2570
08:20:47 102724 11523
08:21:47 10508 7537
08:22:47 49888 7980
08:23:47 54618 7146
08:24:57 23757 8544
08:25:55 58296 11168
08:26:49 67769 6735
08:27:49 44649 5959
08:28:49 100440 7951
08:30:03 20423 5754
08:31:03 20332 5746
08:32:07 24875 12277
08:32:51 40369 10455
08:33:51 99360 9311
08:34:51 33610 6878
08:35:51 49253 7928
08:37:02 6090 6827
08:37:52 61744 7519
08:38:54 116419 13913
08:39:53 99490 9392
08:40:53 4896 6318
08:42:00 2712 5307
08:43:00 64647 11232
08:43:54 316588 16079
08:44:54 355449 12532
08:45:55 82373 5569
08:46:55 103846 8914
08:47:55 77594 38646
08:48:56 11871 16515
08:49:56 294664 15703
08:50:56 25012 5835
08:51:57 25908 32027
08:52:57 88937 14307
08:53:57 55575 8685
08:54:58 46174 11099
08:55:58 21516 7298
08:57:12 5525 7932
08:58:00 3735 2506
08:59:00 55972 5074
09:00:00 54772 14704
09:01:00 57702 20004
09:02:01 14021 24845
09:03:01 9966 6135
09:04:01 24760 25305
09:05:02 37904 8086
09:06:02 34103 16450
09:07:02 45080 31479
09:08:21 46612 17884
09:09:06 5373 7930
09:10:03 24433 8419
09:11:03 89062 123690
09:12:04 63299 158187
09:13:18 170236 38012
09:14:04 268117 142934
09:15:16 73821 8364
09:16:09 75762 20081
09:17:18 31216 7779
09:18:11 16147 6514
09:19:06 150808 9700
09:20:06 39783 3932
09:21:15 74900 15540
09:22:07 22937 9270
09:23:07 37411 18220
09:24:07 52948 17692
09:25:08 37625 23696
09:26:12 60118 18917
09:27:08 34340 15244
09:28:29 -1 -1
09:29:18 208560 22194
09:30:24 16745 20999
09:31:10 33208 8230
09:32:14 31812 29650
09:33:11 462349 43446
09:34:11 7625 7186
09:35:12 26137 19076
09:36:13 10776 7706
09:37:21 24280 16471
09:38:13 71324 8712
09:39:13 254146 50169
09:40:13 93794 154552
09:41:14 72115 20655
09:42:15 38258 18545
09:43:25 42704 23420
09:44:14 167411 22654
09:45:16 27541 10512
09:46:15 4668 6674
09:47:15 402789 23048
09:48:16 57161 13147
09:49:16 63334 24386
09:50:16 127358 23840
09:51:17 24330 7287
09:52:17 77932 12405
09:53:17 62029 8637
09:54:18 66363 140155
09:55:18 69326 12719
09:56:19 99224 17119
09:57:20 101574 7835
09:58:25 357333 18107
09:59:20 240807 26928
10:00:21 68964 9463
10:01:21 20235 11613
10:02:21 71933 23599
10:03:23 3956 3654
10:04:24 21187 8524
10:05:22 89661 25227
10:06:23 30699 8107
10:07:25 41823 36285
10:08:23 6881 6429
10:09:24 225213 21528
10:10:24 10764 18055
10:11:24 34414 24607
10:12:25 90835 7694
10:13:25 10727 12912
10:14:25 4623 3834
10:15:26 52862 14998
10:17:34 -1 -1
10:17:35 59512 12275
10:18:47 10320 7659
10:19:36 26018 10751
10:20:37 370134 26586
10:21:38 128430 27974
10:22:38 5620 5976
10:23:38 98959 16419
10:24:39 332271 51647
10:25:39 41886 13676
10:26:39 5266 7937
