00:01:47 -1
02:00:05 -1
02:10:05 -1
02:20:05 -1
02:30:05 -1
02:40:06 -1
02:50:05 -1
03:00:06 -1
03:10:07 -1
03:20:07 -1
03:30:07 -1
03:40:07 -1
03:50:08 -1
04:00:08 -1
04:10:09 -1
04:20:09 -1
04:30:10 -1
04:40:10 -1
04:50:10 -1
05:00:11 -1
05:10:11 -1
05:20:11 -1
05:30:11 -1
05:40:11 -1
05:50:12 -1
06:00:12 -1
06:10:12 -1
06:20:13 -1
06:30:13 -1
06:40:13 -1
06:50:13 -1
07:00:13 -1
07:10:14 -1
07:20:14 -1
07:30:14 -1
07:40:15 -1
07:50:15 -1
08:00:15 -1
08:10:16 -1
08:20:16 -1
08:30:17 -1
08:40:17 -1
08:50:17 -1
09:00:17 -1
09:10:17 -1
09:20:18 -1
09:30:19 -1
09:40:19 -1
09:50:19 -1
10:00:20 -1
10:10:20 -1
10:20:20 -1
