00:00:14 4 0 186
00:00:45 4 0 186
00:01:33 4 0 186
00:01:51 4 0 186
00:02:16 4 0 186
00:02:49 4 0 186
00:03:18 4 0 186
00:03:49 4 0 186
00:04:20 4 0 186
00:04:51 4 0 189
00:05:22 4 0 186
00:05:53 4 0 188
00:06:24 4 0 189
00:06:55 4 0 188
00:07:25 4 0 189
02:00:04 4 0 186
02:00:34 4 0 186
02:01:04 4 0 186
02:01:35 4 0 186
02:02:05 4 0 186
02:02:35 4 0 186
02:03:05 4 0 186
02:03:35 4 0 186
02:04:06 4 0 188
02:04:36 4 0 186
02:05:06 4 0 186
02:05:36 4 0 186
02:06:07 4 0 186
02:06:37 4 0 186
02:07:07 4 0 186
02:07:37 4 0 186
02:08:07 4 0 186
02:08:38 4 0 186
02:09:08 4 0 186
02:09:38 4 0 186
02:10:08 4 0 186
02:10:39 4 0 186
02:11:09 4 0 186
02:11:39 4 0 186
02:12:09 4 0 186
02:12:40 3 1 189
02:13:10 4 0 186
02:13:40 4 0 186
02:14:10 4 0 195
02:14:40 4 0 188
02:15:10 4 0 186
02:15:41 4 0 186
02:16:11 4 0 186
02:16:41 4 0 186
02:17:11 4 0 186
02:17:41 4 0 186
02:18:12 4 0 186
02:18:42 4 0 186
02:19:12 4 0 186
02:19:42 4 0 186
02:20:13 4 0 186
02:20:43 4 0 186
02:21:13 4 0 186
02:21:43 4 0 187
02:22:13 4 0 186
02:22:44 4 0 186
02:23:14 4 0 186
02:23:44 4 0 186
02:24:14 4 0 186
02:24:44 4 0 188
02:25:15 4 0 186
02:25:45 4 0 186
02:26:15 4 0 186
02:26:45 4 0 186
02:27:15 4 0 186
02:27:46 4 0 186
02:28:16 4 0 186
02:28:46 4 0 186
02:29:16 4 0 186
02:29:46 4 0 186
02:30:17 4 0 186
02:30:47 4 0 186
02:31:17 4 0 189
02:31:47 4 0 186
02:32:18 4 0 186
02:32:48 4 0 186
02:33:18 4 0 186
02:33:48 4 0 186
02:34:18 4 0 186
02:34:49 4 0 186
02:35:19 4 0 186
02:35:49 4 0 186
02:36:19 4 0 186
02:36:49 4 0 187
02:37:20 4 0 189
02:37:50 4 0 186
02:38:20 4 0 190
02:38:50 4 0 186
02:39:20 4 0 186
02:39:51 4 0 189
02:40:21 4 0 186
02:40:51 4 0 186
02:41:21 4 0 186
02:41:52 4 0 186
02:42:22 4 0 186
02:42:52 4 0 186
02:43:22 4 0 186
02:43:52 4 0 187
02:44:23 4 0 186
02:44:53 4 0 186
02:45:23 4 0 187
02:45:53 4 0 186
02:46:23 4 0 187
02:46:54 4 0 186
02:47:24 4 0 186
02:47:54 4 0 186
02:48:24 4 0 186
02:48:54 4 0 188
02:49:25 4 0 186
02:49:55 4 0 186
02:50:25 4 0 186
02:50:55 4 0 186
02:51:25 4 0 186
02:51:56 4 0 186
02:52:26 4 0 189
02:52:56 4 0 186
02:53:26 4 0 186
02:53:57 4 0 186
02:54:27 4 0 186
02:54:57 4 0 186
02:55:27 4 0 186
02:55:58 4 0 186
02:56:28 4 0 186
02:56:58 4 0 186
02:57:28 4 0 186
02:57:58 4 0 188
02:58:29 4 0 186
02:58:59 4 0 186
02:59:29 4 0 186
02:59:59 4 0 190
03:00:30 4 0 186
03:01:00 4 0 186
03:01:30 4 0 186
03:02:00 4 0 186
03:02:30 4 0 186
03:03:01 4 0 186
03:03:31 4 0 186
03:04:01 4 0 186
03:04:31 4 0 209
03:05:01 4 0 186
03:05:32 4 0 186
03:06:02 4 0 186
03:06:32 4 0 186
03:07:03 4 0 186
03:07:33 4 0 186
03:08:03 4 0 186
03:08:33 4 0 186
03:09:03 4 0 186
03:09:34 4 0 186
03:10:04 4 0 186
03:10:34 4 0 186
03:11:04 4 0 186
03:11:35 4 0 186
03:12:05 4 0 186
03:12:35 4 0 186
03:13:05 4 0 186
03:13:35 4 0 187
03:14:06 4 0 186
03:14:36 4 0 186
03:15:06 4 0 186
03:15:36 4 0 186
03:16:07 4 0 186
03:16:37 4 0 186
03:17:07 4 0 186
03:17:37 4 0 186
03:18:07 4 0 186
03:18:38 4 0 186
03:19:08 4 0 186
03:19:38 4 0 186
03:20:08 4 0 186
03:20:39 4 0 186
03:21:09 4 0 186
03:21:39 4 0 186
03:22:09 4 0 186
03:22:39 4 0 186
03:23:10 4 0 186
03:23:40 4 0 186
03:24:10 4 0 186
03:24:40 4 0 186
03:25:11 4 0 186
03:25:41 4 0 186
03:26:11 4 0 186
03:26:41 4 0 186
03:27:11 4 0 186
03:27:42 4 0 186
03:28:12 4 0 186
03:28:42 4 0 189
03:29:12 4 0 186
03:29:42 4 0 186
03:30:13 4 0 186
03:30:43 4 0 186
03:31:13 4 0 186
03:31:43 4 0 186
03:32:13 4 0 186
03:32:44 4 0 186
03:33:14 4 0 186
03:33:44 4 0 186
03:34:15 4 0 186
03:34:45 4 0 186
03:35:16 4 0 187
03:35:46 4 0 186
03:36:16 4 0 186
03:36:46 4 0 186
03:37:17 4 0 186
03:37:47 4 0 206
03:38:17 4 0 189
03:38:47 4 0 186
03:39:17 4 0 186
03:39:48 4 0 186
03:40:18 4 0 186
03:40:48 4 0 186
03:41:18 4 0 186
03:41:49 4 0 186
03:42:19 4 0 186
03:42:49 4 0 186
03:43:19 4 0 186
03:43:49 4 0 186
03:44:20 4 0 186
03:44:50 4 0 186
03:45:20 4 0 186
03:45:50 4 0 186
03:46:20 4 0 186
03:46:51 4 0 186
03:47:21 4 0 186
03:47:51 4 0 186
03:48:21 4 0 186
03:48:52 4 0 187
03:49:22 4 0 186
03:49:52 4 0 186
03:50:22 4 0 186
03:50:52 4 0 194
03:51:23 4 0 186
03:51:53 4 0 186
03:52:23 4 0 186
03:52:53 4 0 186
03:53:23 4 0 186
03:53:54 4 0 186
03:54:24 4 0 186
03:54:54 4 0 186
03:55:25 4 0 186
03:55:55 4 0 186
03:56:25 4 0 186
03:56:55 4 0 186
03:57:26 4 0 186
03:57:56 4 0 186
03:58:26 4 0 186
03:58:56 4 0 186
03:59:26 4 0 186
03:59:57 4 0 188
04:00:27 4 0 186
04:00:57 4 0 186
04:01:27 4 0 186
04:01:58 4 0 186
04:02:28 4 0 186
04:02:58 4 0 186
04:03:28 4 0 186
04:03:58 4 0 186
04:04:29 4 0 186
04:04:59 4 0 186
04:05:29 4 0 186
04:05:59 4 0 194
04:06:29 4 0 186
04:07:00 4 0 186
04:07:30 4 0 186
04:08:00 4 0 186
04:08:30 4 0 214
04:09:01 4 0 197
04:09:31 4 0 186
04:10:01 4 0 186
04:10:31 4 0 189
04:11:01 4 0 186
04:11:32 4 0 186
04:12:02 4 0 186
04:12:32 4 0 186
04:13:02 4 0 186
04:13:32 4 0 186
04:14:03 4 0 186
04:14:33 4 0 186
04:15:03 4 0 186
04:15:33 4 0 186
04:16:04 4 0 186
04:16:34 4 0 186
04:17:04 4 0 186
04:17:34 4 0 186
04:18:04 4 0 186
04:18:34 4 0 186
04:19:05 4 0 189
04:19:35 4 0 187
04:20:05 4 0 186
04:20:35 4 0 186
04:21:06 4 0 186
04:21:36 4 0 186
04:22:06 4 0 186
04:22:36 4 0 186
04:23:06 4 0 186
04:23:37 4 0 186
04:24:07 4 0 186
04:24:37 4 0 186
04:25:07 4 0 186
04:25:37 4 0 186
04:26:08 4 0 186
04:26:38 4 0 186
04:27:08 4 0 186
04:27:38 4 0 186
04:28:08 4 0 186
04:28:39 4 0 186
04:29:09 4 0 186
04:29:39 4 0 186
04:30:09 4 0 186
04:30:39 4 0 186
04:31:10 4 0 186
04:31:40 4 0 186
04:32:10 4 0 196
04:32:40 4 0 186
04:33:11 4 0 188
04:33:41 4 0 186
04:34:11 4 0 186
04:34:41 4 0 186
04:35:11 4 0 186
04:35:42 4 0 186
04:36:12 4 0 186
04:36:42 4 0 186
04:37:12 4 0 186
04:37:43 4 0 186
04:38:13 4 0 186
04:38:43 4 0 186
04:39:13 4 0 186
04:39:43 4 0 186
04:40:14 4 0 186
04:40:44 4 0 186
04:41:14 4 0 186
04:41:44 4 0 186
04:42:15 4 0 186
04:42:45 4 0 186
04:43:15 4 0 186
04:43:45 4 0 186
04:44:15 4 0 186
04:44:46 4 0 186
04:45:16 4 0 186
04:45:46 4 0 186
04:46:16 4 0 186
04:46:46 4 0 186
04:47:17 4 0 186
04:47:47 4 0 186
04:48:17 4 0 186
04:48:47 4 0 186
04:49:17 4 0 186
04:49:48 4 0 186
04:50:18 4 0 186
04:50:48 4 0 186
04:51:18 4 0 226
04:51:48 4 0 186
04:52:19 4 0 186
04:52:49 4 0 186
04:53:19 4 0 186
04:53:49 4 0 186
04:54:19 4 0 186
04:54:50 4 0 186
04:55:20 4 0 186
04:55:50 4 0 186
04:56:20 4 0 187
04:56:51 4 0 186
04:57:21 4 0 187
04:57:51 4 0 186
04:58:21 4 0 186
04:58:51 4 0 186
04:59:22 4 0 186
04:59:52 4 0 186
05:00:22 4 0 186
05:00:52 4 0 186
05:01:23 4 0 187
05:01:53 4 0 186
05:02:23 4 0 186
05:02:53 4 0 186
05:03:23 4 0 189
05:03:53 4 0 186
05:04:24 4 0 186
05:04:54 4 0 186
05:05:24 4 0 186
05:05:54 4 0 186
05:06:24 4 0 186
05:06:55 4 0 186
05:07:25 4 0 186
05:07:55 4 0 186
05:08:25 4 0 186
05:08:56 4 0 186
05:09:26 4 0 186
05:09:56 4 0 186
05:10:26 4 0 186
05:10:57 4 0 186
05:11:27 4 0 186
05:11:57 4 0 186
05:12:27 4 0 209
05:12:57 4 0 186
05:13:28 4 0 186
05:13:58 4 0 186
05:14:28 4 0 186
05:14:58 4 0 186
05:15:28 4 0 188
05:15:59 4 0 186
05:16:29 4 0 186
05:16:59 4 0 186
05:17:29 4 0 186
05:17:59 4 0 186
05:18:30 4 0 186
05:19:00 4 0 186
05:19:30 4 0 186
05:20:00 4 0 186
05:20:31 4 0 186
05:21:01 4 0 186
05:21:31 4 0 186
05:22:01 4 0 186
05:22:31 4 0 186
05:23:02 4 0 186
05:23:32 4 0 186
05:24:02 4 0 186
05:24:32 4 0 186
05:25:02 4 0 186
05:25:33 4 0 186
05:26:03 4 0 186
05:26:33 4 0 186
05:27:03 4 0 186
05:27:34 4 0 186
05:28:04 4 0 186
05:28:34 4 0 186
05:29:04 4 0 186
05:29:34 4 0 186
05:30:05 4 0 186
05:30:35 4 0 186
05:31:05 4 0 186
05:31:35 4 0 186
05:32:05 4 0 186
05:32:36 4 0 186
05:33:06 4 0 186
05:33:36 4 0 186
05:34:06 4 0 186
05:34:36 4 0 186
05:35:07 4 0 186
05:35:37 4 0 186
05:36:07 4 0 188
05:36:37 4 0 186
05:37:08 4 0 186
05:37:38 4 0 186
05:38:08 4 0 186
05:38:38 4 0 186
05:39:08 4 0 186
05:39:39 4 0 186
05:40:09 4 0 186
05:40:39 4 0 186
05:41:09 4 0 186
05:41:40 4 0 186
05:42:10 4 0 186
05:42:40 4 0 186
05:43:10 4 0 186
05:43:40 4 0 186
05:44:11 4 0 186
05:44:41 4 0 186
05:45:11 4 0 186
05:45:41 4 0 186
05:46:11 4 0 186
05:46:42 4 0 186
05:47:12 4 0 186
05:47:42 4 0 186
05:48:12 4 0 186
05:48:42 4 0 186
05:49:13 4 0 186
05:49:43 4 0 186
05:50:13 4 0 186
05:50:43 4 0 186
05:51:13 4 0 186
05:51:44 4 0 186
05:52:14 4 0 186
05:52:44 4 0 186
05:53:14 4 0 186
05:53:45 4 0 186
05:54:15 4 0 186
05:54:45 4 0 186
05:55:15 4 0 186
05:55:45 4 0 186
05:56:16 4 0 186
05:56:46 4 0 186
05:57:16 4 0 186
05:57:46 4 0 186
05:58:17 4 0 186
05:58:47 4 0 186
05:59:17 4 0 186
05:59:47 4 0 186
06:00:18 4 0 186
06:00:48 4 0 186
06:01:18 4 0 186
06:01:48 4 0 186
06:02:18 4 0 186
06:02:49 4 0 186
06:03:19 4 0 186
06:03:49 4 0 186
06:04:19 4 0 186
06:04:49 4 0 186
06:05:20 4 0 186
06:05:50 4 0 186
06:06:20 4 0 186
06:06:50 4 0 186
06:07:20 4 0 186
06:07:51 4 0 188
06:08:21 4 0 186
06:08:51 4 0 186
06:09:21 4 0 186
06:09:52 4 0 186
06:10:22 4 0 186
06:10:52 4 0 186
06:11:22 4 0 186
06:11:52 4 0 186
06:12:23 4 0 186
06:12:53 4 0 186
06:13:23 4 0 186
06:13:53 4 0 186
06:14:23 4 0 186
06:14:54 4 0 186
06:15:24 4 0 186
06:15:54 4 0 186
06:16:24 4 0 186
06:16:54 4 0 186
06:17:25 4 0 186
06:17:55 4 0 186
06:18:25 4 0 186
06:18:55 4 0 186
06:19:25 4 0 186
06:19:56 4 0 186
06:20:26 4 0 186
06:20:56 4 0 187
06:21:26 4 0 186
06:21:57 4 0 186
06:22:27 4 0 186
06:22:57 4 0 193
06:23:27 4 0 186
06:23:57 4 0 189
06:24:28 4 0 186
06:24:58 4 0 186
06:25:28 4 0 187
06:25:58 4 0 186
06:26:28 4 0 186
06:26:59 4 0 186
06:27:29 4 0 186
06:27:59 4 0 186
06:28:29 4 0 186
06:28:59 4 0 189
06:29:30 4 0 186
06:30:00 4 0 186
06:30:30 4 0 186
06:31:00 4 0 186
06:31:31 4 0 186
06:32:01 4 0 186
06:32:31 4 0 186
06:33:01 4 0 186
06:33:31 4 0 186
06:34:02 4 0 186
06:34:32 4 0 186
06:35:02 4 0 186
06:35:32 4 0 186
06:36:02 4 0 186
06:36:33 4 0 186
06:37:03 4 0 186
06:37:33 4 0 186
06:38:03 4 0 186
06:38:34 4 0 186
06:39:04 4 0 186
06:39:34 4 0 186
06:40:04 4 0 186
06:40:34 4 0 186
06:41:05 4 0 186
06:41:35 4 0 186
06:42:05 4 0 186
06:42:35 4 0 186
06:43:05 4 0 186
06:43:36 4 0 186
06:44:06 4 0 186
06:44:36 4 0 186
06:45:06 4 0 186
06:45:36 4 0 186
06:46:07 4 0 186
06:46:37 4 0 186
06:47:07 4 0 186
06:47:37 4 0 186
06:48:08 4 0 186
06:48:38 4 0 186
06:49:08 4 0 186
06:49:38 4 0 186
06:50:08 4 0 186
06:50:39 4 0 186
06:51:09 4 0 186
06:51:39 4 0 186
06:52:09 4 0 186
06:52:40 4 0 195
06:53:10 4 0 186
06:53:40 4 0 186
06:54:10 4 0 187
06:54:40 4 0 186
06:55:11 4 0 186
06:55:41 4 0 186
06:56:11 4 0 186
06:56:41 4 0 186
06:57:11 4 0 188
06:57:42 4 0 186
06:58:12 4 0 186
06:58:42 4 0 186
06:59:12 4 0 186
06:59:42 4 0 186
07:00:13 4 0 186
07:00:43 4 0 186
07:01:13 4 0 187
07:01:44 4 0 186
07:02:14 4 0 186
07:02:44 4 0 186
07:03:14 4 0 186
07:03:44 4 0 186
07:04:15 4 0 186
07:04:45 4 0 186
07:05:15 4 0 186
07:05:45 4 0 186
07:06:15 4 0 186
07:06:46 4 0 186
07:07:16 4 0 186
07:07:46 4 0 186
07:08:16 4 0 186
07:08:46 4 0 186
07:09:17 4 0 186
07:09:47 4 0 186
07:10:17 4 0 186
07:10:47 4 0 186
07:11:18 4 0 186
07:11:48 4 0 186
07:12:18 4 0 186
07:12:49 4 0 186
07:13:19 4 0 186
07:13:49 4 0 186
07:14:19 4 0 186
07:14:49 4 0 186
07:15:20 4 0 186
07:15:50 4 0 186
07:16:20 4 0 186
07:16:50 4 0 186
07:17:21 4 0 186
07:17:51 4 0 186
07:18:21 4 0 186
07:18:51 4 0 186
07:19:21 4 0 186
07:19:52 4 0 186
07:20:22 4 0 186
07:20:52 4 0 186
07:21:22 4 0 186
07:21:52 4 0 186
07:22:23 4 0 186
07:22:53 4 0 186
07:23:23 4 0 186
07:23:53 4 0 186
07:24:23 4 0 186
07:24:54 4 0 186
07:25:24 4 0 186
07:25:54 4 0 186
07:26:24 4 0 186
07:26:55 4 0 186
07:27:25 4 0 186
07:27:55 4 0 186
07:28:25 4 0 186
07:28:55 4 0 186
07:29:26 4 0 187
07:29:56 4 0 186
07:30:26 4 0 186
07:30:56 4 0 186
07:31:26 4 0 186
07:31:57 4 0 186
07:32:27 4 0 186
07:32:57 4 0 186
07:33:27 4 0 186
07:33:57 4 0 186
07:34:28 4 0 186
07:34:58 4 0 186
07:35:28 4 0 186
07:35:58 4 0 186
07:36:29 4 0 186
07:36:59 4 0 186
07:37:29 4 0 186
07:37:59 4 0 186
07:38:30 4 0 186
07:39:00 4 0 186
07:39:30 4 0 188
07:40:00 4 0 186
07:40:30 4 0 186
07:41:01 4 0 186
07:41:31 4 0 186
07:42:01 4 0 215
07:42:31 4 0 186
07:43:01 4 0 186
07:43:32 4 0 186
07:44:02 4 0 186
07:44:32 4 0 186
07:45:02 4 0 186
07:45:33 4 0 186
07:46:03 4 0 188
07:46:33 4 0 186
07:47:03 4 0 186
07:47:33 4 0 186
07:48:04 4 0 186
07:48:34 4 0 186
07:49:04 4 0 186
07:49:34 4 0 186
07:50:04 4 0 186
07:50:35 4 0 186
07:51:05 4 0 186
07:51:35 4 0 186
07:52:05 4 0 186
07:52:35 4 0 186
07:53:06 4 0 186
07:53:36 4 0 186
07:54:06 4 0 186
07:54:36 4 0 186
07:55:06 4 0 186
07:55:37 4 0 187
07:56:07 4 0 186
07:56:37 4 0 186
07:57:07 4 0 186
07:57:38 4 0 186
07:58:08 4 0 189
07:58:38 4 0 186
07:59:08 4 0 186
07:59:38 4 0 186
08:00:09 4 0 186
08:00:39 4 0 186
08:01:09 4 0 186
08:01:39 4 0 186
08:02:09 4 0 186
08:02:39 4 0 186
08:03:10 4 0 186
08:03:40 4 0 186
08:04:10 4 0 186
08:04:40 4 0 186
08:05:10 4 0 186
08:05:40 4 0 186
08:06:10 4 0 186
08:06:41 4 0 186
08:07:11 4 0 186
08:07:41 4 0 186
08:08:11 4 0 186
08:08:41 4 0 186
08:09:11 4 0 186
08:09:42 4 0 186
08:10:12 4 0 186
08:10:42 4 0 186
08:11:12 4 0 186
08:11:42 4 0 186
08:12:12 4 0 186
08:12:43 4 0 186
08:13:13 4 0 186
08:13:43 4 0 186
08:14:13 4 0 186
08:14:43 4 0 186
08:15:13 4 0 186
08:15:43 4 0 186
08:16:14 4 0 186
08:16:44 4 0 186
08:17:14 4 0 186
08:17:45 4 0 211
08:18:16 4 0 186
08:18:46 4 0 186
08:19:16 4 0 186
08:19:46 4 0 186
08:20:17 4 0 186
08:20:47 4 0 186
08:21:17 4 0 186
08:21:47 4 0 186
08:22:17 4 0 186
08:22:47 4 0 186
08:23:18 4 0 186
08:23:48 4 0 186
08:24:18 4 0 186
08:24:48 4 0 213
08:25:18 4 0 186
08:25:48 4 0 186
08:26:19 4 0 186
08:26:49 4 0 186
08:27:19 4 0 186
08:27:49 4 0 186
08:28:19 4 0 186
08:28:49 4 0 186
08:29:20 4 0 186
08:29:51 3 1 186
08:30:20 4 0 186
08:30:50 4 0 186
08:31:20 4 0 186
08:31:50 4 0 187
08:32:21 4 0 186
08:32:51 4 0 186
08:33:21 4 0 186
08:33:51 4 0 189
08:34:21 4 0 206
08:34:51 4 0 187
08:35:21 4 0 186
08:35:52 4 0 186
08:36:22 4 0 186
08:36:52 4 0 186
08:37:22 4 0 189
08:37:52 4 0 186
08:38:23 4 0 186
08:38:53 4 0 186
08:39:23 4 0 186
08:39:53 4 0 186
08:40:23 4 0 193
08:40:53 4 0 186
08:41:24 4 0 190
08:41:54 4 0 186
08:42:24 4 0 186
08:42:54 4 0 186
08:43:24 4 0 186
08:43:54 4 0 186
08:44:24 4 0 186
08:44:55 4 0 186
08:45:25 4 0 186
08:45:55 4 0 186
08:46:25 4 0 186
08:46:55 4 0 186
08:47:25 4 0 186
08:47:56 4 0 186
08:48:26 4 0 186
08:48:56 4 0 186
08:49:27 3 1 186
08:49:56 4 0 186
08:50:26 4 0 186
08:50:57 4 0 186
08:51:27 4 0 186
08:51:57 4 0 188
08:52:27 4 0 186
08:52:57 4 0 186
08:53:27 4 0 186
08:53:58 3 1 186
08:54:28 4 0 188
08:54:58 4 0 186
08:55:28 4 0 186
08:55:58 4 0 186
08:56:28 4 0 186
08:56:59 4 0 186
08:57:29 4 0 186
08:58:00 4 0 189
08:58:31 4 0 186
08:59:01 4 0 186
08:59:31 4 0 186
09:00:01 4 0 186
09:00:31 4 0 186
09:01:02 4 0 186
09:01:32 4 0 186
09:02:02 4 0 186
09:02:32 4 0 186
09:03:02 4 0 186
09:03:32 4 0 186
09:04:03 4 0 186
09:04:33 4 0 186
09:05:03 4 0 186
09:05:33 4 0 186
09:06:03 4 0 186
09:06:33 4 0 186
09:07:04 4 0 186
09:07:34 4 0 186
09:08:05 3 1 186
09:08:34 4 0 186
09:09:04 4 0 186
09:09:34 4 0 186
09:10:04 4 0 186
09:10:35 4 0 186
09:11:05 4 0 187
09:11:35 4 0 186
09:12:05 4 0 186
09:12:35 4 0 186
09:13:06 4 0 186
09:13:36 4 0 186
09:14:06 4 0 186
09:14:36 4 0 186
09:15:06 4 0 186
09:15:36 4 0 186
09:16:06 4 0 186
09:16:36 4 0 186
09:17:07 4 0 186
09:17:37 4 0 186
09:18:07 4 0 186
09:18:38 4 0 186
09:19:08 4 0 186
09:19:39 3 1 186
09:20:08 4 0 186
09:20:38 4 0 186
09:21:09 4 0 186
09:21:39 4 0 186
09:22:10 3 1 186
09:22:39 4 0 186
09:23:09 4 0 186
09:23:40 3 1 186
09:24:10 4 0 186
09:24:40 4 0 186
09:25:10 4 0 186
09:25:40 4 0 186
09:26:10 4 0 186
09:26:40 4 0 186
09:27:11 4 0 188
09:27:41 4 0 186
09:28:12 4 0 186
09:28:42 4 0 189
09:29:12 4 0 186
09:29:42 4 0 186
09:30:12 4 0 186
09:30:42 4 0 186
09:31:13 4 0 186
09:31:43 4 0 186
09:32:13 4 0 186
09:32:43 4 0 186
09:33:13 4 0 189
09:33:43 4 0 186
09:34:14 4 0 186
09:34:44 4 0 186
09:35:14 4 0 186
09:35:44 4 0 186
09:36:14 4 0 186
09:36:44 4 0 186
09:37:15 4 0 186
09:37:45 4 0 189
09:38:15 4 0 186
09:38:45 4 0 186
09:39:15 4 0 189
09:39:45 4 0 187
09:40:16 4 0 186
09:40:46 4 0 186
09:41:16 4 0 186
09:41:46 4 0 186
09:42:16 4 0 186
09:42:46 4 0 186
09:43:16 4 0 209
09:43:46 4 0 186
09:44:17 4 0 186
09:44:47 4 0 186
09:45:17 4 0 188
09:45:47 4 0 186
09:46:17 4 0 189
09:46:47 4 0 186
09:47:18 3 1 186
09:47:48 4 0 186
09:48:18 4 0 186
09:48:48 4 0 186
09:49:18 4 0 186
09:49:49 4 0 186
09:50:19 4 0 186
09:50:49 4 0 186
09:51:19 4 0 202
09:51:49 4 0 186
09:52:19 4 0 186
09:52:50 4 0 186
09:53:20 4 0 186
09:53:50 4 0 186
09:54:20 4 0 186
09:54:50 4 0 187
09:55:21 4 0 187
09:55:51 4 0 186
09:56:21 4 0 186
09:56:51 4 0 186
09:57:21 4 0 186
09:57:52 4 0 186
09:58:22 4 0 189
09:58:52 4 0 186
09:59:22 4 0 186
09:59:52 4 0 188
10:00:24 3 1 189
10:00:53 4 0 199
10:01:24 4 0 218
10:01:54 4 0 188
10:02:24 4 0 186
10:02:54 4 0 186
10:03:25 3 1 188
10:03:54 4 0 188
10:04:24 4 0 186
10:04:54 4 0 186
10:05:25 4 0 188
10:05:55 4 0 187
10:06:25 4 0 186
10:06:55 4 0 186
10:07:25 4 0 186
10:07:55 4 0 186
10:08:26 4 0 186
10:08:56 4 0 186
10:09:26 4 0 225
10:09:56 4 0 186
10:10:26 4 0 186
10:10:56 4 0 186
10:11:27 4 0 186
10:11:57 4 0 223
10:12:27 4 0 186
10:12:57 4 0 186
10:13:27 4 0 186
10:13:57 4 0 186
10:14:28 4 0 186
10:14:58 4 0 186
10:15:28 4 0 186
10:15:58 4 0 187
10:16:28 4 0 186
10:16:58 4 0 186
10:17:29 4 0 187
10:17:59 4 0 187
10:18:29 4 0 188
10:18:59 4 0 192
10:19:29 4 0 186
10:20:00 4 0 186
10:20:31 4 0 186
10:21:01 4 0 186
10:21:31 4 0 186
10:22:01 4 0 186
10:22:31 4 0 186
10:23:01 4 0 186
10:23:31 4 0 186
10:24:01 4 0 186
10:24:32 4 0 186
10:25:02 3 1 186
10:25:33 3 1 186
10:26:02 4 0 186
10:26:32 4 0 186
