00:00:30 1
00:01:41 1
00:02:12 1
00:03:05 1
00:04:06 1
00:05:08 1
00:06:10 1
00:07:11 1
02:00:17 1
02:01:05 1
02:02:05 1
02:03:33 1
02:04:05 1
02:05:06 1
02:06:06 1
02:07:07 1
02:08:09 1
02:09:08 1
02:10:09 1
02:11:12 1
02:12:09 1
02:13:12 1
02:14:10 1
02:15:11 1
02:16:16 1
02:18:12 1
02:18:15 1
02:19:15 1
02:20:14 1
02:21:15 1
02:22:16 1
02:23:17 1
02:24:16 1
02:25:16 1
02:26:17 1
02:27:17 1
02:28:19 1
02:29:30 1
02:30:18 1
02:31:43 1
02:32:19 1
02:33:21 1
02:34:30 1
02:35:21 1
02:36:21 1
02:37:21 1
02:38:35 1
02:39:23 1
02:40:23 1
02:41:23 1
02:42:24 1
02:43:24 1
02:44:25 1
02:45:26 1
02:46:25 1
02:47:25 1
02:48:26 1
02:49:27 1
02:50:27 1
02:51:27 1
02:52:27 1
02:53:28 1
02:54:29 1
02:55:29 1
02:56:30 1
02:57:30 1
02:58:36 1
02:59:45 1
03:00:40 1
03:01:32 1
03:02:32 1
03:03:53 1
03:04:34 1
03:05:34 1
03:06:34 1
03:07:46 1
03:08:35 1
03:09:35 1
03:10:36 1
03:11:36 1
03:12:38 1
03:13:37 1
03:14:38 1
03:15:38 1
03:16:38 1
03:17:53 1
03:18:39 1
03:19:40 1
03:20:42 1
03:21:41 1
03:22:41 1
03:23:41 1
03:24:42 1
03:25:46 1
03:26:43 1
03:27:43 1
03:28:44 1
03:31:25 1
03:31:26 1
03:32:26 1
03:33:26 1
03:34:27 1
03:35:27 1
03:36:29 1
03:37:29 1
03:38:59 1
03:39:29 1
03:40:29 1
03:41:31 1
03:42:30 1
03:43:31 1
03:44:31 1
03:45:33 1
03:46:32 1
03:48:04 1
03:48:33 1
03:49:33 1
03:51:04 1
03:51:34 1
03:52:35 1
03:53:35 1
03:54:35 1
03:55:38 1
03:56:37 1
03:57:37 1
03:58:38 1
03:59:41 1
04:00:39 1
04:01:39 1
04:02:39 1
04:03:40 1
04:04:41 1
04:05:41 1
04:06:41 1
04:07:42 1
04:08:42 1
04:09:42 1
04:10:43 1
04:11:44 1
04:12:46 1
04:13:47 1
04:15:16 1
04:15:45 1
04:16:46 1
04:17:47 1
04:18:47 1
04:19:46 1
04:20:47 1
04:21:49 1
04:23:39 1
04:23:48 1
04:24:49 1
04:25:49 1
04:26:50 1
04:27:50 1
04:28:54 1
04:30:37 1
04:30:53 1
04:31:51 1
04:32:52 1
04:33:53 1
04:34:53 1
04:35:53 1
04:36:55 1
04:37:54 1
04:38:55 1
04:40:14 1
04:40:56 1
04:41:56 1
04:42:56 1
04:43:57 1
04:45:16 1
04:46:19 1
04:46:58 1
04:47:59 1
04:48:59 1
04:49:59 1
04:51:00 1
04:52:00 1
04:53:42 1
04:54:01 1
04:55:11 1
04:56:02 1
04:57:03 1
04:58:03 1
04:59:03 1
05:00:06 1
05:01:10 1
05:02:06 1
05:03:05 1
05:04:05 1
05:05:05 1
05:06:06 1
05:07:07 1
05:08:07 1
05:09:07 1
05:10:07 1
05:11:08 1
05:13:00 1
05:13:11 1
05:14:10 1
05:15:28 1
05:16:10 1
05:17:11 1
05:18:14 1
05:20:30 1
05:20:31 1
05:21:32 1
05:22:32 1
05:23:32 1
05:24:51 1
05:25:33 1
05:26:34 1
05:27:54 1
05:28:35 1
05:29:36 1
05:30:40 1
05:31:56 1
05:32:38 1
05:33:37 1
05:34:37 1
05:35:37 1
05:36:38 1
05:37:39 1
05:38:39 1
05:39:41 1
05:40:40 1
05:41:40 1
05:42:42 1
05:43:41 1
05:44:41 1
05:45:42 1
05:46:42 1
05:47:44 1
05:48:43 1
05:49:44 1
05:51:03 1
05:51:44 1
05:53:15 1
05:53:45 1
05:54:49 1
05:55:46 1
05:56:47 1
05:57:48 1
05:58:55 1
05:59:48 1
06:00:50 1
06:01:52 1
06:02:51 1
06:03:50 1
06:04:50 1
06:05:50 1
06:06:51 1
06:07:53 1
06:09:31 1
06:09:52 1
06:10:53 1
06:11:53 1
06:12:55 1
06:13:56 1
06:14:54 1
06:15:55 1
06:16:55 1
06:17:57 1
06:18:56 1
06:19:58 1
06:20:57 1
06:21:57 1
06:23:04 1
06:23:58 1
06:24:58 1
06:25:59 1
06:27:01 1
06:28:00 1
06:29:00 1
06:30:00 1
06:31:01 1
06:32:01 1
06:33:02 1
06:35:06 1
06:35:07 1
06:36:07 1
06:37:08 1
06:38:09 1
06:39:13 1
06:40:09 1
06:41:09 1
06:42:10 1
06:44:21 1
06:44:24 1
06:45:22 1
06:46:25 1
06:47:24 1
06:48:27 1
06:49:25 1
06:50:24 1
06:51:25 1
06:52:26 1
06:53:27 1
06:54:26 1
06:55:27 1
06:57:15 1
06:57:30 1
06:58:29 1
06:59:28 1
07:00:31 1
07:01:31 1
07:02:34 1
07:03:30 1
07:04:30 1
07:05:31 1
07:06:31 1
07:07:59 1
07:08:33 1
07:09:34 1
07:10:33 1
07:11:36 1
07:12:35 1
07:13:37 1
07:14:38 1
07:15:35 1
07:16:53 1
07:17:36 1
07:18:40 1
07:19:37 1
07:20:37 1
07:21:39 1
07:22:38 1
07:23:41 1
07:24:39 1
07:25:40 1
07:26:41 1
07:27:41 1
07:28:56 1
07:30:05 1
07:30:42 1
07:31:42 1
07:33:26 1
07:33:45 1
07:34:43 1
07:35:44 1
07:36:44 1
07:37:45 1
07:38:45 1
07:39:47 1
07:40:46 1
07:41:48 1
07:42:47 1
07:43:49 1
07:44:48 1
07:45:48 1
07:46:49 1
07:48:22 1
07:48:52 1
07:49:50 1
07:50:59 1
07:51:51 1
07:52:51 1
07:53:51 1
07:54:53 1
07:57:09 1
07:57:10 1
07:58:10 1
07:59:10 1
08:00:15 1
08:01:14 1
08:02:12 1
08:03:19 1
08:04:13 1
08:05:13 1
08:06:13 1
08:07:14 1
08:09:16 1
08:09:17 1
08:10:20 1
08:11:17 1
08:12:18 1
08:13:18 1
08:14:44 1
08:15:19 1
08:16:19 1
08:17:20 1
08:18:23 1
08:19:37 1
08:20:22 1
08:21:21 1
08:22:23 1
08:23:22 1
08:24:23 1
08:25:23 1
08:26:23 1
08:27:23 1
08:28:24 1
08:29:24 1
08:30:26 1
08:31:25 1
08:32:25 1
08:33:32 1
08:34:31 1
08:35:27 1
08:36:26 1
08:37:27 1
08:38:27 1
08:39:27 1
08:40:28 1
08:41:28 1
08:42:28 1
08:43:29 1
08:44:30 1
08:45:59 1
08:46:30 1
08:47:30 1
08:48:30 1
08:49:31 1
08:50:33 1
08:51:31 1
08:52:32 1
08:53:32 1
08:54:32 1
08:55:34 1
08:56:33 1
08:57:34 1
08:58:34 1
08:59:37 1
09:00:36 1
09:01:37 1
09:02:36 1
09:03:39 1
09:04:37 1
09:05:37 1
09:06:38 1
09:07:37 1
09:08:37 1
09:09:38 1
09:10:39 1
09:11:38 1
09:12:39 1
09:13:41 1
09:14:39 1
09:15:44 1
09:16:40 1
09:17:41 1
09:18:42 1
09:19:45 1
09:20:42 1
09:21:42 1
09:22:48 1
09:23:43 1
09:24:43 1
09:26:44 1
09:26:44 1
09:27:44 1
09:28:44 1
09:29:45 1
09:30:47 1
09:31:59 1
09:32:49 1
09:33:46 1
09:34:47 1
09:35:47 1
09:36:47 1
09:37:47 1
09:38:47 1
09:39:48 1
09:40:48 1
09:41:58 1
09:42:49 1
09:43:49 1
09:44:49 1
09:45:50 1
09:46:51 1
09:47:51 1
09:48:51 1
09:49:51 1
09:50:51 1
09:51:53 1
09:52:52 1
09:53:52 1
09:54:55 1
09:55:56 1
09:56:57 1
09:57:54 1
09:58:55 1
10:00:47 1
10:00:58 1
10:01:58 1
10:02:56 1
10:03:59 1
10:04:58 1
10:05:57 1
10:06:58 1
10:07:58 1
10:08:59 1
10:09:59 1
10:11:41 1
10:12:00 1
10:13:00 1
10:14:31 1
10:15:00 1
10:16:03 1
10:17:02 1
10:18:01 1
10:19:02 1
10:20:02 1
10:21:03 1
10:22:03 1
10:23:03 1
10:24:03 1
10:25:03 1
10:26:04 1
