00:00:13 -1
00:01:57 -1
00:02:20 -1
00:03:20 -1
00:04:24 -1
00:05:22 -1
00:06:22 -1
02:00:23 -1
02:01:24 -1
02:02:24 -1
02:03:24 -1
02:04:25 -1
02:05:25 -1
02:06:26 -1
02:07:26 -1
02:08:26 -1
02:09:27 -1
02:10:27 -1
02:11:28 -1
02:12:28 -1
02:13:29 -1
02:14:29 -1
02:15:30 -1
02:16:30 -1
02:17:30 -1
02:18:31 -1
02:19:31 -1
02:20:32 -1
02:21:32 -1
02:22:32 -1
02:23:33 -1
02:24:33 -1
02:25:34 -1
02:26:34 -1
02:27:34 -1
02:28:35 -1
02:29:35 -1
02:30:36 -1
02:31:36 -1
02:32:37 -1
02:33:37 -1
02:34:38 -1
02:35:38 -1
02:36:38 -1
02:37:39 -1
02:38:39 -1
02:39:40 -1
02:40:40 -1
02:41:40 -1
02:42:41 -1
02:43:41 -1
02:44:42 -1
02:45:42 -1
02:46:42 -1
02:47:43 -1
02:48:43 -1
02:49:44 -1
02:50:44 -1
02:51:44 -1
02:52:45 -1
02:53:45 -1
02:54:46 -1
02:55:47 -1
02:56:47 -1
02:57:47 -1
02:58:48 -1
02:59:48 -1
03:00:49 -1
03:01:49 -1
03:02:50 -1
03:03:50 -1
03:04:50 -1
03:05:51 -1
03:06:52 -1
03:07:52 -1
03:08:52 -1
03:09:53 -1
03:10:53 -1
03:11:54 -1
03:12:54 -1
03:13:54 -1
03:14:55 -1
03:15:55 -1
03:16:56 -1
03:17:56 -1
03:18:57 -1
03:19:57 -1
03:20:58 -1
03:21:58 -1
03:22:58 -1
03:23:59 -1
03:24:59 -1
03:26:00 -1
03:27:00 -1
03:28:01 -1
03:29:01 -1
03:30:01 -1
03:31:02 -1
03:32:02 -1
03:33:03 -1
03:34:03 -1
03:35:04 -1
03:36:05 -1
03:37:06 -1
03:38:06 -1
03:39:06 -1
03:40:07 -1
03:41:07 -1
03:42:08 -1
03:43:08 -1
03:44:08 -1
03:45:09 -1
03:46:09 -1
03:47:10 -1
03:48:10 -1
03:49:11 -1
03:50:11 -1
03:51:12 -1
03:52:12 -1
03:53:13 -1
03:54:13 -1
03:55:13 -1
03:56:14 -1
03:57:14 -1
03:58:15 -1
03:59:15 -1
04:00:16 -1
04:01:16 -1
04:02:17 -1
04:03:17 -1
04:04:18 -1
04:05:18 -1
04:06:18 -1
04:07:19 -1
04:08:19 -1
04:09:20 -1
04:10:20 -1
04:11:21 -1
04:12:21 -1
04:13:21 -1
04:14:22 -1
04:15:22 -1
04:16:22 -1
04:17:23 -1
04:18:23 -1
04:19:24 -1
04:20:24 -1
04:21:25 -1
04:22:25 -1
04:23:25 -1
04:24:26 -1
04:25:26 -1
04:26:27 -1
04:27:27 -1
04:28:28 -1
04:29:28 -1
04:30:28 -1
04:31:29 -1
04:32:29 -1
04:33:29 -1
04:34:30 -1
04:35:30 -1
04:36:31 -1
04:37:32 -1
04:38:32 -1
04:39:32 -1
04:40:33 -1
04:41:33 -1
04:42:34 -1
04:43:34 -1
04:44:34 -1
04:45:35 -1
04:46:35 -1
04:47:36 -1
04:48:36 -1
04:49:36 -1
04:50:37 -1
04:51:37 -1
04:52:38 -1
04:53:38 -1
04:54:38 -1
04:55:39 -1
04:56:40 -1
04:57:40 -1
04:58:40 -1
04:59:41 -1
05:00:41 -1
05:01:42 -1
05:02:42 -1
05:03:42 -1
05:04:43 -1
05:05:43 -1
05:06:44 -1
05:07:44 -1
05:08:44 -1
05:09:45 -1
05:10:45 -1
05:11:46 -1
05:12:46 -1
05:13:47 -1
05:14:47 -1
05:15:48 -1
05:16:48 -1
05:17:48 -1
05:18:49 -1
05:19:49 -1
05:20:50 -1
05:21:50 -1
05:22:50 -1
05:23:51 -1
05:24:51 -1
05:25:52 -1
05:26:52 -1
05:27:53 -1
05:28:53 -1
05:29:53 -1
05:30:54 -1
05:31:54 -1
05:32:55 -1
05:33:55 -1
05:34:56 -1
05:35:56 -1
05:36:56 -1
05:37:57 -1
05:38:57 -1
05:39:58 -1
05:40:58 -1
05:41:58 -1
05:42:59 -1
05:43:59 -1
05:45:00 -1
05:46:00 -1
05:47:01 -1
05:48:01 -1
05:49:02 -1
05:50:02 -1
05:51:02 -1
05:52:03 -1
05:53:03 -1
05:54:04 -1
05:55:04 -1
05:56:05 -1
05:57:05 -1
05:58:06 -1
05:59:06 -1
06:00:06 -1
06:01:07 -1
06:02:07 -1
06:03:08 -1
06:04:08 -1
06:05:09 -1
06:06:09 -1
06:07:09 -1
06:08:10 -1
06:09:10 -1
06:10:11 -1
06:11:11 -1
06:12:11 -1
06:13:12 -1
06:14:13 -1
06:15:13 -1
06:16:13 -1
06:17:13 -1
06:18:14 -1
06:19:14 -1
06:20:15 -1
06:21:15 -1
06:22:16 -1
06:23:16 -1
06:24:16 -1
06:25:17 -1
06:26:17 -1
06:27:18 -1
06:28:18 -1
06:29:18 -1
06:30:19 -1
06:31:19 -1
06:32:20 -1
06:33:20 -1
06:34:21 -1
06:35:21 -1
06:36:21 -1
06:37:22 -1
06:38:23 -1
06:39:23 -1
06:40:23 -1
06:41:24 -1
06:42:24 -1
06:43:25 -1
06:44:25 -1
06:45:25 -1
06:46:26 -1
06:47:26 -1
06:48:27 -1
06:49:27 -1
06:50:27 -1
06:51:28 -1
06:52:28 -1
06:53:29 -1
06:54:29 -1
06:55:30 -1
06:56:30 -1
06:57:30 -1
06:58:31 -1
06:59:32 -1
07:00:32 -1
07:01:32 -1
07:02:33 -1
07:03:33 -1
07:04:34 -1
07:05:34 -1
07:06:34 -1
07:07:35 -1
07:08:35 -1
07:09:36 -1
07:10:36 -1
07:11:37 -1
07:12:38 -1
07:13:38 -1
07:14:38 -1
07:15:39 -1
07:16:39 -1
07:17:40 -1
07:18:40 -1
07:19:40 -1
07:20:41 -1
07:21:42 -1
07:22:42 -1
07:23:42 -1
07:24:43 -1
07:25:43 -1
07:26:43 -1
07:27:44 -1
07:28:44 -1
07:29:45 -1
07:30:45 -1
07:31:46 -1
07:32:46 -1
07:33:46 -1
07:34:47 -1
07:35:47 -1
07:36:48 -1
07:37:48 -1
07:38:49 -1
07:39:49 -1
07:40:49 -1
07:41:50 -1
07:42:50 -1
07:43:51 -1
07:44:51 -1
07:45:52 -1
07:46:52 -1
07:47:53 -1
07:48:53 -1
07:49:53 -1
07:50:54 -1
07:51:54 -1
07:52:55 -1
07:53:55 -1
07:54:55 -1
07:55:56 -1
07:56:56 -1
07:57:57 -1
07:58:58 -1
07:59:58 -1
08:00:59 -1
08:01:59 -1
08:03:00 -1
08:04:00 -1
08:05:00 -1
08:06:01 -1
08:07:01 -1
08:08:01 -1
08:09:02 -1
08:10:02 -1
08:11:02 -1
08:12:02 -1
08:13:03 -1
08:14:03 -1
08:15:03 -1
08:16:03 -1
08:17:04 -1
08:18:05 -1
08:19:05 -1
08:20:06 -1
08:21:06 -1
08:22:06 -1
08:23:07 -1
08:24:07 -1
08:25:07 -1
08:26:08 -1
08:27:08 -1
08:28:08 -1
08:29:09 -1
08:30:09 -1
08:31:09 -1
08:32:09 -1
08:33:10 -1
08:34:10 -1
08:35:11 -1
08:36:11 -1
08:37:11 -1
08:38:11 -1
08:39:12 -1
08:40:12 -1
08:41:13 -1
08:42:13 -1
08:43:13 -1
08:44:13 -1
08:45:14 -1
08:46:14 -1
08:47:14 -1
08:48:15 -1
08:49:15 -1
08:50:15 -1
08:51:16 -1
08:52:16 -1
08:53:16 -1
08:54:17 -1
08:55:17 -1
08:56:17 -1
08:57:18 -1
08:58:19 -1
08:59:19 -1
09:00:20 -1
09:01:20 -1
09:02:20 -1
09:03:20 -1
09:04:21 -1
09:05:21 -1
09:06:21 -1
09:07:22 -1
09:08:22 -1
09:09:22 -1
09:10:23 -1
09:11:23 -1
09:12:23 -1
09:13:24 -1
09:14:24 -1
09:15:24 -1
09:16:24 -1
09:17:25 -1
09:18:25 -1
09:19:26 -1
09:20:26 -1
09:21:27 -1
09:22:27 -1
09:23:27 -1
09:24:28 -1
09:25:28 -1
09:26:28 -1
09:27:29 -1
09:28:30 -1
09:29:30 -1
09:30:30 -1
09:31:31 -1
09:32:31 -1
09:33:31 -1
09:34:32 -1
09:35:32 -1
09:36:32 -1
09:37:33 -1
09:38:33 -1
09:39:33 -1
09:40:34 -1
09:41:34 -1
09:42:34 -1
09:43:34 -1
09:44:35 -1
09:45:35 -1
09:46:35 -1
09:47:36 -1
09:48:36 -1
09:49:37 -1
09:50:37 -1
09:51:37 -1
09:52:38 -1
09:53:38 -1
09:54:38 -1
09:55:39 -1
09:56:39 -1
09:57:39 -1
09:58:40 -1
09:59:40 -1
10:00:41 -1
10:01:42 -1
10:02:42 -1
10:03:42 -1
10:04:42 -1
10:05:43 -1
10:06:43 -1
10:07:43 -1
10:08:44 -1
10:09:44 -1
10:10:44 -1
10:11:45 -1
10:12:45 -1
10:13:45 -1
10:14:46 -1
10:15:46 -1
10:16:46 -1
10:17:47 -1
10:18:47 -1
10:19:47 -1
10:20:47 -1
10:21:48 -1
10:22:48 -1
10:23:48 -1
10:24:49 -1
10:25:49 -1
10:26:49 -1
