00:02:41 0
02:00:23 0
02:05:24 0
02:10:24 0
02:15:24 0
02:20:25 0
02:25:25 0
02:30:25 0
02:35:25 0
02:40:25 0
02:45:25 0
02:50:25 0
02:55:25 0
03:00:26 0
03:05:26 0
03:10:26 0
03:15:26 0
03:20:26 0
03:25:27 0
03:30:27 0
03:35:28 0
03:40:28 0
03:45:28 0
03:50:28 0
03:55:29 0
04:00:29 0
04:05:29 0
04:10:30 0
04:15:30 0
04:20:30 0
04:25:30 0
04:30:31 0
04:35:32 0
04:40:32 0
04:45:32 0
04:50:32 0
04:55:32 0
05:00:32 0
05:05:33 0
05:10:33 0
05:15:33 0
05:20:34 0
05:25:34 0
05:30:34 0
05:35:34 0
05:40:34 0
05:45:34 0
05:50:34 0
05:55:35 0
06:00:35 0
06:05:35 0
06:10:35 0
06:15:35 0
06:20:35 0
06:25:35 0
06:30:35 0
06:35:35 0
06:40:36 0
06:45:36 0
06:50:36 0
06:55:36 0
07:00:36 0
07:05:36 0
07:10:37 0
07:15:38 0
07:20:38 0
07:25:38 0
07:30:38 0
07:35:38 0
07:40:39 0
07:45:39 0
07:50:39 0
07:55:39 0
08:00:39 0
08:05:39 0
08:10:40 0
08:15:41 0
08:20:41 0
08:25:42 0
08:30:42 0
08:35:43 0
08:40:44 0
08:45:44 0
08:50:45 0
08:55:45 0
09:00:46 0
09:05:46 0
09:10:47 0
09:15:47 0
09:20:48 0
09:25:48 0
09:30:49 0
09:35:49 0
09:40:50 0
09:45:50 0
09:50:51 0
09:55:52 0
10:00:53 0
10:05:53 0
10:10:53 0
10:15:54 0
10:20:54 0
10:25:55 0
