00:00:13 0 0 0
00:01:38 0 0 0
00:02:14 0 0 0
00:03:15 0 0 0
00:04:18 0 0 0
00:05:20 0 0 0
00:06:18 0 0 0
00:07:18 0 0 0
02:00:23 0 0 0
02:01:24 0 0 0
02:02:24 0 0 0
02:03:24 0 0 0
02:04:25 0 0 0
02:05:25 0 0 0
02:06:26 0 0 0
02:07:26 0 0 0
02:08:26 0 0 0
02:09:27 0 0 0
02:10:28 0 0 0
02:11:28 0 0 0
02:12:28 0 0 0
02:13:29 0 0 0
02:14:29 0 0 0
02:15:30 0 0 0
02:16:30 0 0 0
02:17:30 0 0 0
02:18:31 0 0 0
02:19:31 0 0 0
02:20:32 0 0 0
02:21:32 0 0 0
02:22:32 0 0 0
02:23:33 0 0 0
02:24:33 0 0 0
02:25:34 0 0 0
02:26:34 0 0 0
02:27:34 0 0 0
02:28:35 0 0 0
02:29:35 0 0 0
02:30:36 0 0 0
02:31:36 0 0 0
02:32:37 0 0 0
02:33:37 0 0 0
02:34:38 0 0 0
02:35:38 0 0 0
02:36:38 0 0 0
02:37:39 0 0 0
02:38:39 0 0 0
02:39:40 0 0 0
02:40:40 0 0 0
02:41:40 0 0 0
02:42:41 0 0 0
02:43:41 0 0 0
02:44:42 0 0 0
02:45:42 0 0 0
02:46:43 0 0 0
02:47:43 0 0 0
02:48:43 0 0 0
02:49:44 0 0 0
02:50:44 0 0 0
02:51:44 0 0 0
02:52:45 0 0 0
02:53:45 0 0 0
02:54:46 0 0 0
02:55:46 0 0 0
02:56:47 0 0 0
02:57:47 0 0 0
02:58:48 0 0 0
02:59:48 0 0 0
03:00:49 0 0 0
03:01:49 0 0 0
03:02:49 0 0 0
03:03:50 0 0 0
03:04:50 0 0 0
03:05:51 0 0 0
03:06:52 0 0 0
03:07:52 0 0 0
03:08:52 0 0 0
03:09:53 0 0 0
03:10:53 0 0 0
03:11:54 0 0 0
03:12:54 0 0 0
03:13:54 0 0 0
03:14:55 0 0 0
03:15:55 0 0 0
03:16:56 0 0 0
03:17:56 0 0 0
03:18:57 0 0 0
03:19:57 0 0 0
03:20:58 0 0 0
03:21:58 0 0 0
03:22:59 0 0 0
03:23:59 0 0 0
03:24:59 0 0 0
03:26:00 0 0 0
03:27:00 0 0 0
03:28:01 0 0 0
03:29:01 0 0 0
03:30:01 0 0 0
03:31:02 0 0 0
03:32:02 0 0 0
03:33:03 0 0 0
03:34:03 0 0 0
03:35:04 0 0 0
03:36:05 0 0 0
03:37:06 0 0 0
03:38:06 0 0 0
03:39:06 0 0 0
03:40:07 0 0 0
03:41:07 0 0 0
03:42:08 0 0 0
03:43:08 0 0 0
03:44:08 0 0 0
03:45:09 0 0 0
03:46:09 0 0 0
03:47:10 0 0 0
03:48:10 0 0 0
03:49:11 0 0 0
03:50:11 0 0 0
03:51:12 0 0 0
03:52:12 0 0 0
03:53:12 0 0 0
03:54:13 0 0 0
03:55:14 0 0 0
03:56:14 0 0 0
03:57:14 0 0 0
03:58:15 0 0 0
03:59:15 0 0 0
04:00:16 0 0 0
04:01:16 0 0 0
04:02:17 0 0 0
04:03:17 0 0 0
04:04:17 0 0 0
04:05:18 0 0 0
04:06:18 0 0 0
04:07:19 0 0 0
04:08:19 0 0 0
04:09:20 0 0 0
04:10:20 0 0 0
04:11:20 0 0 0
04:12:21 0 0 0
04:13:21 0 0 0
04:14:22 0 0 0
04:15:22 0 0 0
04:16:23 0 0 0
04:17:23 0 0 0
04:18:23 0 0 0
04:19:24 0 0 0
04:20:24 0 0 0
04:21:25 0 0 0
04:22:25 0 0 0
04:23:25 0 0 0
04:24:26 0 0 0
04:25:26 0 0 0
04:26:27 0 0 0
04:27:27 0 0 0
04:28:28 0 0 0
04:29:28 0 0 0
04:30:28 0 0 0
04:31:29 0 0 0
04:32:29 0 0 0
04:33:29 0 0 0
04:34:30 0 0 0
04:35:30 0 0 0
04:36:31 0 0 0
04:37:32 0 0 0
04:38:32 0 0 0
04:39:32 0 0 0
04:40:33 0 0 0
04:41:33 0 0 0
04:42:34 0 0 0
04:43:34 0 0 0
04:44:34 0 0 0
04:45:35 0 0 0
04:46:35 0 0 0
04:47:36 0 0 0
04:48:36 0 0 0
04:49:37 0 0 0
04:50:37 0 0 0
04:51:37 0 0 0
04:52:38 0 0 0
04:53:38 0 0 0
04:54:39 0 0 0
04:55:39 0 0 0
04:56:40 0 0 0
04:57:40 0 0 0
04:58:40 0 0 0
04:59:41 0 0 0
05:00:41 0 0 0
05:01:42 0 0 0
05:02:42 0 0 0
05:03:42 0 0 0
05:04:43 0 0 0
05:05:43 0 0 0
05:06:44 0 0 0
05:07:44 0 0 0
05:08:44 0 0 0
05:09:45 0 0 0
05:10:45 0 0 0
05:11:46 0 0 0
05:12:46 0 0 0
05:13:47 0 0 0
05:14:47 0 0 0
05:15:48 0 0 0
05:16:48 0 0 0
05:17:48 0 0 0
05:18:49 0 0 0
05:19:49 0 0 0
05:20:50 0 0 0
05:21:50 0 0 0
05:22:51 0 0 0
05:23:51 0 0 0
05:24:51 0 0 0
05:25:52 0 0 0
05:26:52 0 0 0
05:27:53 0 0 0
05:28:53 0 0 0
05:29:53 0 0 0
05:30:54 0 0 0
05:31:54 0 0 0
05:32:55 0 0 0
05:33:55 0 0 0
05:34:56 0 0 0
05:35:56 0 0 0
05:36:56 0 0 0
05:37:57 0 0 0
05:38:57 0 0 0
05:39:58 0 0 0
05:40:58 0 0 0
05:41:58 0 0 0
05:42:59 0 0 0
05:43:59 0 0 0
05:45:00 0 0 0
05:46:00 0 0 0
05:47:01 0 0 0
05:48:01 0 0 0
05:49:02 0 0 0
05:50:02 0 0 0
05:51:02 0 0 0
05:52:03 0 0 0
05:53:03 0 0 0
05:54:04 0 0 0
05:55:04 0 0 0
05:56:05 0 0 0
05:57:05 0 0 0
05:58:05 0 0 0
05:59:06 0 0 0
06:00:06 0 0 0
06:01:07 0 0 0
06:02:07 0 0 0
06:03:08 0 0 0
06:04:08 0 0 0
06:05:09 0 0 0
06:06:09 0 0 0
06:07:09 0 0 0
06:08:10 0 0 0
06:09:10 0 0 0
06:10:11 0 0 0
06:11:11 0 0 0
06:12:11 0 0 0
06:13:12 0 0 0
06:14:12 0 0 0
06:15:13 0 0 0
06:16:13 0 0 0
06:17:13 0 0 0
06:18:14 0 0 0
06:19:14 0 0 0
06:20:15 0 0 0
06:21:15 0 0 0
06:22:16 0 0 0
06:23:16 0 0 0
06:24:16 0 0 0
06:25:17 0 0 0
06:26:17 0 0 0
06:27:18 0 0 0
06:28:18 0 0 0
06:29:18 0 0 0
06:30:19 0 0 0
06:31:19 0 0 0
06:32:20 0 0 0
06:33:20 0 0 0
06:34:21 0 0 0
06:35:21 0 0 0
06:36:21 0 0 0
06:37:22 0 0 0
06:38:23 0 0 0
06:39:23 0 0 0
06:40:23 0 0 0
06:41:24 0 0 0
06:42:24 0 0 0
06:43:25 0 0 0
06:44:25 0 0 0
06:45:25 0 0 0
06:46:26 0 0 0
06:47:26 0 0 0
06:48:27 0 0 0
06:49:27 0 0 0
06:50:28 0 0 0
06:51:28 0 0 0
06:52:28 0 0 0
06:53:29 0 0 0
06:54:29 0 0 0
06:55:30 0 0 0
06:56:30 0 0 0
06:57:30 0 0 0
06:58:31 0 0 0
06:59:32 0 0 0
07:00:32 0 0 0
07:01:32 0 0 0
07:02:33 0 0 0
07:03:33 0 0 0
07:04:34 0 0 0
07:05:34 0 0 0
07:06:34 0 0 0
07:07:35 0 0 0
07:08:35 0 0 0
07:09:36 0 0 0
07:10:36 0 0 0
07:11:37 0 0 0
07:12:38 0 0 0
07:13:38 0 0 0
07:14:38 0 0 0
07:15:39 0 0 0
07:16:39 0 0 0
07:17:40 0 0 0
07:18:40 0 0 0
07:19:40 0 0 0
07:20:41 0 0 0
07:21:41 0 0 0
07:22:42 0 0 0
07:23:42 0 0 0
07:24:42 0 0 0
07:25:43 0 0 0
07:26:43 0 0 0
07:27:44 0 0 0
07:28:44 0 0 0
07:29:45 0 0 0
07:30:45 0 0 0
07:31:46 0 0 0
07:32:46 0 0 0
07:33:46 0 0 0
07:34:47 0 0 0
07:35:47 0 0 0
07:36:48 0 0 0
07:37:48 0 0 0
07:38:49 0 0 0
07:39:49 0 0 0
07:40:49 0 0 0
07:41:50 0 0 0
07:42:50 0 0 0
07:43:51 0 0 0
07:44:51 0 0 0
07:45:52 0 0 0
07:46:52 0 0 0
07:47:53 0 0 0
07:48:53 0 0 0
07:49:53 0 0 0
07:50:54 0 0 0
07:51:54 0 0 0
07:52:55 0 0 0
07:53:55 0 0 0
07:54:55 0 0 0
07:55:56 0 0 0
07:56:56 0 0 0
07:57:57 0 0 0
07:58:58 0 0 0
07:59:58 0 0 0
08:00:59 0 0 0
08:01:59 0 0 0
08:02:59 0 0 0
08:04:00 0 0 0
08:05:00 0 0 0
08:06:00 0 0 0
08:07:01 0 0 0
08:08:01 0 0 0
08:09:01 0 0 0
08:10:02 0 0 0
08:11:02 0 0 0
08:12:02 0 0 0
08:13:03 0 0 0
08:14:03 0 0 0
08:15:03 0 0 0
08:16:03 0 0 0
08:17:04 0 0 0
08:18:05 0 0 0
08:19:05 0 0 0
08:20:06 0 0 0
08:21:06 0 0 0
08:22:06 0 0 0
08:23:07 0 0 0
08:24:07 0 0 0
08:25:07 0 0 0
08:26:07 0 0 0
08:27:08 0 0 0
08:28:08 0 0 0
08:29:08 0 0 0
08:30:09 0 0 0
08:31:09 0 0 0
08:32:10 0 0 0
08:33:10 0 0 0
08:34:10 0 0 0
08:35:10 0 0 0
08:36:11 0 0 0
08:37:11 0 0 0
08:38:11 0 0 0
08:39:12 0 0 0
08:40:12 0 0 0
08:41:13 0 0 0
08:42:13 0 0 0
08:43:13 0 0 0
08:44:13 0 0 0
08:45:14 0 0 0
08:46:14 0 0 0
08:47:15 0 0 0
08:48:15 0 0 0
08:49:15 0 0 0
08:50:15 0 0 0
08:51:16 0 0 0
08:52:16 0 0 0
08:53:16 0 0 0
08:54:17 0 0 0
08:55:17 0 0 0
08:56:17 0 0 0
08:57:18 0 0 0
08:58:18 0 0 0
08:59:19 0 0 0
09:00:20 0 0 0
09:01:20 0 0 0
09:02:20 0 0 0
09:03:20 0 0 0
09:04:21 0 0 0
09:05:21 0 0 0
09:06:21 0 0 0
09:07:22 0 0 0
09:08:22 0 0 0
09:09:22 0 0 0
09:10:23 0 0 0
09:11:23 0 0 0
09:12:23 0 0 0
09:13:24 0 0 0
09:14:24 0 0 0
09:15:24 0 0 0
09:16:24 0 0 0
09:17:25 0 0 0
09:18:25 0 0 0
09:19:26 0 0 0
09:20:26 0 0 0
09:21:27 0 0 0
09:22:27 0 0 0
09:23:27 0 0 0
09:24:28 0 0 0
09:25:28 0 0 0
09:26:28 0 0 0
09:27:29 0 0 0
09:28:30 0 0 0
09:29:30 0 0 0
09:30:30 0 0 0
09:31:31 0 0 0
09:32:31 0 0 0
09:33:31 0 0 0
09:34:32 0 0 0
09:35:32 0 0 0
09:36:32 0 0 0
09:37:33 0 0 0
09:38:33 0 0 0
09:39:33 0 0 0
09:40:34 0 0 0
09:41:34 0 0 0
09:42:34 0 0 0
09:43:34 0 0 0
09:44:35 0 0 0
09:45:35 0 0 0
09:46:35 0 0 0
09:47:36 0 0 0
09:48:36 0 0 0
09:49:37 0 0 0
09:50:37 0 0 0
09:51:37 0 0 0
09:52:38 0 0 0
09:53:38 0 0 0
09:54:38 0 0 0
09:55:39 0 0 0
09:56:39 0 0 0
09:57:39 0 0 0
09:58:40 0 0 0
09:59:40 0 0 0
10:00:41 0 0 0
10:01:41 0 0 0
10:02:42 0 0 0
10:03:42 0 0 0
10:04:42 0 0 0
10:05:43 0 0 0
10:06:43 0 0 0
10:07:43 0 0 0
10:08:44 0 0 0
10:09:44 0 0 0
10:10:44 0 0 0
10:11:45 0 0 0
10:12:45 0 0 0
10:13:45 0 0 0
10:14:46 0 0 0
10:15:46 0 0 0
10:16:46 0 0 0
10:17:47 0 0 0
10:18:47 0 0 0
10:19:47 0 0 0
10:20:47 0 0 0
10:21:48 0 0 0
10:22:48 0 0 0
10:23:48 0 0 0
10:24:49 0 0 0
10:25:49 0 0 0
10:26:49 0 0 0
