00:00:09 0 4 -1
00:00:40 0 4 -1
00:01:26 0 4 -1
00:01:51 0 4 -1
00:02:12 0 4 -1
00:02:43 0 4 -1
00:03:13 0 4 -1
00:03:43 0 4 -1
00:04:15 0 4 -1
00:04:46 0 4 -1
00:05:17 0 4 -1
00:05:47 0 4 -1
00:06:18 0 4 -1
00:06:48 0 4 -1
00:07:19 0 4 -1
02:00:07 0 4 -1
02:00:37 0 4 -1
02:01:08 0 4 -1
02:01:38 0 4 -1
02:02:08 0 4 -1
02:02:38 0 4 -1
02:03:08 0 4 -1
02:03:39 0 4 -1
02:04:09 0 4 -1
02:04:39 0 4 -1
02:05:09 0 4 -1
02:05:40 0 4 -1
02:06:10 0 4 -1
02:06:40 0 4 -1
02:07:10 0 4 -1
02:07:40 0 4 -1
02:08:10 0 4 -1
02:08:41 0 4 -1
02:09:11 0 4 -1
02:09:41 0 4 -1
02:10:12 0 4 -1
02:10:42 0 4 -1
02:11:12 0 4 -1
02:11:42 0 4 -1
02:12:12 0 4 -1
02:12:43 0 4 -1
02:13:13 0 4 -1
02:13:43 0 4 -1
02:14:13 0 4 -1
02:14:43 0 4 -1
02:15:14 0 4 -1
02:15:44 0 4 -1
02:16:14 0 4 -1
02:16:44 0 4 -1
02:17:14 0 4 -1
02:17:45 0 4 -1
02:18:15 0 4 -1
02:18:45 0 4 -1
02:19:15 0 4 -1
02:19:46 0 4 -1
02:20:16 0 4 -1
02:20:46 0 4 -1
02:21:16 0 4 -1
02:21:46 0 4 -1
02:22:16 0 4 -1
02:22:47 0 4 -1
02:23:17 0 4 -1
02:23:47 0 4 -1
02:24:17 0 4 -1
02:24:48 0 4 -1
02:25:18 0 4 -1
02:25:48 0 4 -1
02:26:18 0 4 -1
02:26:49 0 4 -1
02:27:19 0 4 -1
02:27:49 0 4 -1
02:28:19 0 4 -1
02:28:49 0 4 -1
02:29:19 0 4 -1
02:29:50 0 4 -1
02:30:20 0 4 -1
02:30:50 0 4 -1
02:31:20 0 4 -1
02:31:51 0 4 -1
02:32:21 0 4 -1
02:32:51 0 4 -1
02:33:21 0 4 -1
02:33:51 0 4 -1
02:34:22 0 4 -1
02:34:52 0 4 -1
02:35:22 0 4 -1
02:35:52 0 4 -1
02:36:22 0 4 -1
02:36:53 0 4 -1
02:37:23 0 4 -1
02:37:53 0 4 -1
02:38:23 0 4 -1
02:38:53 0 4 -1
02:39:24 0 4 -1
02:39:54 0 4 -1
02:40:24 0 4 -1
02:40:54 0 4 -1
02:41:24 0 4 -1
02:41:55 0 4 -1
02:42:25 0 4 -1
02:42:55 0 4 -1
02:43:25 0 4 -1
02:43:56 0 4 -1
02:44:26 0 4 -1
02:44:56 0 4 -1
02:45:26 0 4 -1
02:45:56 0 4 -1
02:46:26 0 4 -1
02:46:57 0 4 -1
02:47:27 0 4 -1
02:47:57 0 4 -1
02:48:27 0 4 -1
02:48:58 0 4 -1
02:49:28 0 4 -1
02:49:58 0 4 -1
02:50:28 0 4 -1
02:50:58 0 4 -1
02:51:29 0 4 -1
02:51:59 0 4 -1
02:52:29 0 4 -1
02:52:59 0 4 -1
02:53:29 0 4 -1
02:54:00 0 4 -1
02:54:30 0 4 -1
02:55:00 0 4 -1
02:55:30 0 4 -1
02:56:01 0 4 -1
02:56:31 0 4 -1
02:57:01 0 4 -1
02:57:31 0 4 -1
02:58:02 0 4 -1
02:58:32 0 4 -1
02:59:02 0 4 -1
02:59:32 0 4 -1
03:00:03 0 4 -1
03:00:33 0 4 -1
03:01:03 0 4 -1
03:01:33 0 4 -1
03:02:03 0 4 -1
03:02:33 0 4 -1
03:03:04 0 4 -1
03:03:34 0 4 -1
03:04:04 0 4 -1
03:04:34 0 4 -1
03:05:05 0 4 -1
03:05:35 0 4 -1
03:06:05 0 4 -1
03:06:35 0 4 -1
03:07:06 0 4 -1
03:07:36 0 4 -1
03:08:06 0 4 -1
03:08:36 0 4 -1
03:09:07 0 4 -1
03:09:37 0 4 -1
03:10:07 0 4 -1
03:10:37 0 4 -1
03:11:08 0 4 -1
03:11:38 0 4 -1
03:12:08 0 4 -1
03:12:38 0 4 -1
03:13:08 0 4 -1
03:13:38 0 4 -1
03:14:09 0 4 -1
03:14:39 0 4 -1
03:15:09 0 4 -1
03:15:40 0 4 -1
03:16:10 0 4 -1
03:16:40 0 4 -1
03:17:10 0 4 -1
03:17:40 0 4 -1
03:18:11 0 4 -1
03:18:41 0 4 -1
03:19:11 0 4 -1
03:19:41 0 4 -1
03:20:12 0 4 -1
03:20:42 0 4 -1
03:21:12 0 4 -1
03:21:42 0 4 -1
03:22:12 0 4 -1
03:22:43 0 4 -1
03:23:13 0 4 -1
03:23:43 0 4 -1
03:24:13 0 4 -1
03:24:43 0 4 -1
03:25:14 0 4 -1
03:25:44 0 4 -1
03:26:14 0 4 -1
03:26:44 0 4 -1
03:27:15 0 4 -1
03:27:45 0 4 -1
03:28:15 0 4 -1
03:28:45 0 4 -1
03:29:15 0 4 -1
03:29:46 0 4 -1
03:30:16 0 4 -1
03:30:46 0 4 -1
03:31:16 0 4 -1
03:31:46 0 4 -1
03:32:17 0 4 -1
03:32:47 0 4 -1
03:33:17 0 4 -1
03:33:47 0 4 -1
03:34:18 0 4 -1
03:34:48 0 4 -1
03:35:19 0 4 -1
03:35:49 0 4 -1
03:36:19 0 4 -1
03:36:49 0 4 -1
03:37:20 0 4 -1
03:37:50 0 4 -1
03:38:20 0 4 -1
03:38:50 0 4 -1
03:39:21 0 4 -1
03:39:51 0 4 -1
03:40:21 0 4 -1
03:40:51 0 4 -1
03:41:22 0 4 -1
03:41:52 0 4 -1
03:42:22 0 4 -1
03:42:52 0 4 -1
03:43:22 0 4 -1
03:43:52 0 4 -1
03:44:23 0 4 -1
03:44:53 0 4 -1
03:45:23 0 4 -1
03:45:53 0 4 -1
03:46:24 0 4 -1
03:46:54 0 4 -1
03:47:24 0 4 -1
03:47:54 0 4 -1
03:48:25 0 4 -1
03:48:55 0 4 -1
03:49:25 0 4 -1
03:49:55 0 4 -1
03:50:25 0 4 -1
03:50:56 0 4 -1
03:51:26 0 4 -1
03:51:56 0 4 -1
03:52:26 0 4 -1
03:52:56 0 4 -1
03:53:27 0 4 -1
03:53:57 0 4 -1
03:54:27 0 4 -1
03:54:57 0 4 -1
03:55:28 0 4 -1
03:55:58 0 4 -1
03:56:28 0 4 -1
03:56:58 0 4 -1
03:57:29 0 4 -1
03:57:59 0 4 -1
03:58:29 0 4 -1
03:58:59 0 4 -1
03:59:30 0 4 -1
04:00:00 0 4 -1
04:00:30 0 4 -1
04:01:00 0 4 -1
04:01:31 0 4 -1
04:02:01 0 4 -1
04:02:31 0 4 -1
04:03:01 0 4 -1
04:03:31 0 4 -1
04:04:01 0 4 -1
04:04:32 0 4 -1
04:05:02 0 4 -1
04:05:32 0 4 -1
04:06:02 0 4 -1
04:06:33 0 4 -1
04:07:03 0 4 -1
04:07:33 0 4 -1
04:08:03 0 4 -1
04:08:34 0 4 -1
04:09:04 0 4 -1
04:09:34 0 4 -1
04:10:04 0 4 -1
04:10:34 0 4 -1
04:11:05 0 4 -1
04:11:35 0 4 -1
04:12:05 0 4 -1
04:12:35 0 4 -1
04:13:05 0 4 -1
04:13:36 0 4 -1
04:14:06 0 4 -1
04:14:36 0 4 -1
04:15:06 0 4 -1
04:15:36 0 4 -1
04:16:07 0 4 -1
04:16:37 0 4 -1
04:17:07 0 4 -1
04:17:37 0 4 -1
04:18:07 0 4 -1
04:18:38 0 4 -1
04:19:08 0 4 -1
04:19:38 0 4 -1
04:20:08 0 4 -1
04:20:39 0 4 -1
04:21:09 0 4 -1
04:21:39 0 4 -1
04:22:09 0 4 -1
04:22:39 0 4 -1
04:23:10 0 4 -1
04:23:40 0 4 -1
04:24:10 0 4 -1
04:24:40 0 4 -1
04:25:10 0 4 -1
04:25:41 0 4 -1
04:26:11 0 4 -1
04:26:41 0 4 -1
04:27:11 0 4 -1
04:27:42 0 4 -1
04:28:12 0 4 -1
04:28:42 0 4 -1
04:29:12 0 4 -1
04:29:42 0 4 -1
04:30:12 0 4 -1
04:30:43 0 4 -1
04:31:13 0 4 -1
04:31:43 0 4 -1
04:32:13 0 4 -1
04:32:43 0 4 -1
04:33:14 0 4 -1
04:33:44 0 4 -1
04:34:14 0 4 -1
04:34:44 0 4 -1
04:35:14 0 4 -1
04:35:45 0 4 -1
04:36:15 0 4 -1
04:36:45 0 4 -1
04:37:16 0 4 -1
04:37:46 0 4 -1
04:38:16 0 4 -1
04:38:46 0 4 -1
04:39:16 0 4 -1
04:39:47 0 4 -1
04:40:17 0 4 -1
04:40:47 0 4 -1
04:41:17 0 4 -1
04:41:48 0 4 -1
04:42:18 0 4 -1
04:42:48 0 4 -1
04:43:18 0 4 -1
04:43:48 0 4 -1
04:44:18 0 4 -1
04:44:49 0 4 -1
04:45:19 0 4 -1
04:45:49 0 4 -1
04:46:19 0 4 -1
04:46:50 0 4 -1
04:47:20 0 4 -1
04:47:50 0 4 -1
04:48:20 0 4 -1
04:48:50 0 4 -1
04:49:21 0 4 -1
04:49:51 0 4 -1
04:50:21 0 4 -1
04:50:51 0 4 -1
04:51:21 0 4 -1
04:51:52 0 4 -1
04:52:22 0 4 -1
04:52:52 0 4 -1
04:53:22 0 4 -1
04:53:52 0 4 -1
04:54:23 0 4 -1
04:54:53 0 4 -1
04:55:23 0 4 -1
04:55:53 0 4 -1
04:56:24 0 4 -1
04:56:54 0 4 -1
04:57:24 0 4 -1
04:57:54 0 4 -1
04:58:24 0 4 -1
04:58:55 0 4 -1
04:59:25 0 4 -1
04:59:55 0 4 -1
05:00:25 0 4 -1
05:00:56 0 4 -1
05:01:26 0 4 -1
05:01:56 0 4 -1
05:02:26 0 4 -1
05:02:56 0 4 -1
05:03:26 0 4 -1
05:03:57 0 4 -1
05:04:27 0 4 -1
05:04:57 0 4 -1
05:05:27 0 4 -1
05:05:57 0 4 -1
05:06:28 0 4 -1
05:06:58 0 4 -1
05:07:28 0 4 -1
05:07:58 0 4 -1
05:08:28 0 4 -1
05:08:59 0 4 -1
05:09:29 0 4 -1
05:09:59 0 4 -1
05:10:29 0 4 -1
05:11:00 0 4 -1
05:11:30 0 4 -1
05:12:00 0 4 -1
05:12:30 0 4 -1
05:13:01 0 4 -1
05:13:31 0 4 -1
05:14:01 0 4 -1
05:14:31 0 4 -1
05:15:01 0 4 -1
05:15:31 0 4 -1
05:16:02 0 4 -1
05:16:32 0 4 -1
05:17:02 0 4 -1
05:17:32 0 4 -1
05:18:03 0 4 -1
05:18:33 0 4 -1
05:19:03 0 4 -1
05:19:33 0 4 -1
05:20:04 0 4 -1
05:20:34 0 4 -1
05:21:04 0 4 -1
05:21:34 0 4 -1
05:22:04 0 4 -1
05:22:34 0 4 -1
05:23:05 0 4 -1
05:23:35 0 4 -1
05:24:05 0 4 -1
05:24:35 0 4 -1
05:25:06 0 4 -1
05:25:36 0 4 -1
05:26:06 0 4 -1
05:26:36 0 4 -1
05:27:07 0 4 -1
05:27:37 0 4 -1
05:28:07 0 4 -1
05:28:37 0 4 -1
05:29:07 0 4 -1
05:29:37 0 4 -1
05:30:08 0 4 -1
05:30:38 0 4 -1
05:31:08 0 4 -1
05:31:38 0 4 -1
05:32:09 0 4 -1
05:32:39 0 4 -1
05:33:09 0 4 -1
05:33:39 0 4 -1
05:34:09 0 4 -1
05:34:40 0 4 -1
05:35:10 0 4 -1
05:35:40 0 4 -1
05:36:10 0 4 -1
05:36:40 0 4 -1
05:37:11 0 4 -1
05:37:41 0 4 -1
05:38:11 0 4 -1
05:38:41 0 4 -1
05:39:12 0 4 -1
05:39:42 0 4 -1
05:40:12 0 4 -1
05:40:42 0 4 -1
05:41:13 0 4 -1
05:41:43 0 4 -1
05:42:13 0 4 -1
05:42:43 0 4 -1
05:43:13 0 4 -1
05:43:43 0 4 -1
05:44:14 0 4 -1
05:44:44 0 4 -1
05:45:14 0 4 -1
05:45:44 0 4 -1
05:46:15 0 4 -1
05:46:45 0 4 -1
05:47:15 0 4 -1
05:47:45 0 4 -1
05:48:15 0 4 -1
05:48:45 0 4 -1
05:49:16 0 4 -1
05:49:46 0 4 -1
05:50:16 0 4 -1
05:50:46 0 4 -1
05:51:17 0 4 -1
05:51:47 0 4 -1
05:52:17 0 4 -1
05:52:47 0 4 -1
05:53:18 0 4 -1
05:53:48 0 4 -1
05:54:18 0 4 -1
05:54:48 0 4 -1
05:55:18 0 4 -1
05:55:49 0 4 -1
05:56:19 0 4 -1
05:56:49 0 4 -1
05:57:19 0 4 -1
05:57:50 0 4 -1
05:58:20 0 4 -1
05:58:50 0 4 -1
05:59:20 0 4 -1
05:59:50 0 4 -1
06:00:21 0 4 -1
06:00:51 0 4 -1
06:01:21 0 4 -1
06:01:51 0 4 -1
06:02:22 0 4 -1
06:02:52 0 4 -1
06:03:22 0 4 -1
06:03:52 0 4 -1
06:04:22 0 4 -1
06:04:53 0 4 -1
06:05:23 0 4 -1
06:05:53 0 4 -1
06:06:23 0 4 -1
06:06:53 0 4 -1
06:07:24 0 4 -1
06:07:54 0 4 -1
06:08:24 0 4 -1
06:08:54 0 4 -1
06:09:25 0 4 -1
06:09:55 0 4 -1
06:10:25 0 4 -1
06:10:55 0 4 -1
06:11:25 0 4 -1
06:11:55 0 4 -1
06:12:26 0 4 -1
06:12:56 0 4 -1
06:13:26 0 4 -1
06:13:56 0 4 -1
06:14:27 0 4 -1
06:14:57 0 4 -1
06:15:27 0 4 -1
06:15:57 0 4 -1
06:16:27 0 4 -1
06:16:58 0 4 -1
06:17:28 0 4 -1
06:17:58 0 4 -1
06:18:28 0 4 -1
06:18:58 0 4 -1
06:19:29 0 4 -1
06:19:59 0 4 -1
06:20:29 0 4 -1
06:20:59 0 4 -1
06:21:30 0 4 -1
06:22:00 0 4 -1
06:22:30 0 4 -1
06:23:00 0 4 -1
06:23:30 0 4 -1
06:24:00 0 4 -1
06:24:31 0 4 -1
06:25:01 0 4 -1
06:25:31 0 4 -1
06:26:01 0 4 -1
06:26:32 0 4 -1
06:27:02 0 4 -1
06:27:32 0 4 -1
06:28:02 0 4 -1
06:28:32 0 4 -1
06:29:03 0 4 -1
06:29:33 0 4 -1
06:30:03 0 4 -1
06:30:33 0 4 -1
06:31:03 0 4 -1
06:31:34 0 4 -1
06:32:04 0 4 -1
06:32:34 0 4 -1
06:33:04 0 4 -1
06:33:35 0 4 -1
06:34:05 0 4 -1
06:34:35 0 4 -1
06:35:05 0 4 -1
06:35:35 0 4 -1
06:36:06 0 4 -1
06:36:36 0 4 -1
06:37:06 0 4 -1
06:37:36 0 4 -1
06:38:06 0 4 -1
06:38:37 0 4 -1
06:39:07 0 4 -1
06:39:37 0 4 -1
06:40:07 0 4 -1
06:40:38 0 4 -1
06:41:08 0 4 -1
06:41:38 0 4 -1
06:42:08 0 4 -1
06:42:38 0 4 -1
06:43:09 0 4 -1
06:43:39 0 4 -1
06:44:09 0 4 -1
06:44:39 0 4 -1
06:45:09 0 4 -1
06:45:40 0 4 -1
06:46:10 0 4 -1
06:46:40 0 4 -1
06:47:10 0 4 -1
06:47:41 0 4 -1
06:48:11 0 4 -1
06:48:41 0 4 -1
06:49:11 0 4 -1
06:49:41 0 4 -1
06:50:11 0 4 -1
06:50:42 0 4 -1
06:51:12 0 4 -1
06:51:42 0 4 -1
06:52:12 0 4 -1
06:52:43 0 4 -1
06:53:13 0 4 -1
06:53:43 0 4 -1
06:54:13 0 4 -1
06:54:44 0 4 -1
06:55:14 0 4 -1
06:55:44 0 4 -1
06:56:14 0 4 -1
06:56:44 0 4 -1
06:57:15 0 4 -1
06:57:45 0 4 -1
06:58:15 0 4 -1
06:58:45 0 4 -1
06:59:15 0 4 -1
06:59:46 0 4 -1
07:00:16 0 4 -1
07:00:46 0 4 -1
07:01:16 0 4 -1
07:01:47 0 4 -1
07:02:17 0 4 -1
07:02:47 0 4 -1
07:03:17 0 4 -1
07:03:48 0 4 -1
07:04:18 0 4 -1
07:04:48 0 4 -1
07:05:18 0 4 -1
07:05:48 0 4 -1
07:06:18 0 4 -1
07:06:49 0 4 -1
07:07:19 0 4 -1
07:07:49 0 4 -1
07:08:19 0 4 -1
07:08:50 0 4 -1
07:09:20 0 4 -1
07:09:50 0 4 -1
07:10:20 0 4 -1
07:10:51 0 4 -1
07:11:21 0 4 -1
07:11:51 0 4 -1
07:12:21 0 4 -1
07:12:52 0 4 -1
07:13:22 0 4 -1
07:13:52 0 4 -1
07:14:22 0 4 -1
07:14:53 0 4 -1
07:15:23 0 4 -1
07:15:53 0 4 -1
07:16:23 0 4 -1
07:16:53 0 4 -1
07:17:24 0 4 -1
07:17:54 0 4 -1
07:18:24 0 4 -1
07:18:54 0 4 -1
07:19:24 0 4 -1
07:19:55 0 4 -1
07:20:25 0 4 -1
07:20:55 0 4 -1
07:21:25 0 4 -1
07:21:56 0 4 -1
07:22:26 0 4 -1
07:22:56 0 4 -1
07:23:26 0 4 -1
07:23:56 0 4 -1
07:24:27 0 4 -1
07:24:57 0 4 -1
07:25:27 0 4 -1
07:25:57 0 4 -1
07:26:27 0 4 -1
07:26:58 0 4 -1
07:27:28 0 4 -1
07:27:58 0 4 -1
07:28:28 0 4 -1
07:28:59 0 4 -1
07:29:29 0 4 -1
07:29:59 0 4 -1
07:30:29 0 4 -1
07:30:59 0 4 -1
07:31:30 0 4 -1
07:32:00 0 4 -1
07:32:30 0 4 -1
07:33:00 0 4 -1
07:33:30 0 4 -1
07:34:01 0 4 -1
07:34:31 0 4 -1
07:35:01 0 4 -1
07:35:31 0 4 -1
07:36:02 0 4 -1
07:36:32 0 4 -1
07:37:02 0 4 -1
07:37:32 0 4 -1
07:38:03 0 4 -1
07:38:33 0 4 -1
07:39:03 0 4 -1
07:39:33 0 4 -1
07:40:03 0 4 -1
07:40:34 0 4 -1
07:41:04 0 4 -1
07:41:34 0 4 -1
07:42:04 0 4 -1
07:42:34 0 4 -1
07:43:05 0 4 -1
07:43:35 0 4 -1
07:44:05 0 4 -1
07:44:35 0 4 -1
07:45:06 0 4 -1
07:45:36 0 4 -1
07:46:06 0 4 -1
07:46:36 0 4 -1
07:47:06 0 4 -1
07:47:37 0 4 -1
07:48:07 0 4 -1
07:48:37 0 4 -1
07:49:07 0 4 -1
07:49:37 0 4 -1
07:50:08 0 4 -1
07:50:38 0 4 -1
07:51:08 0 4 -1
07:51:38 0 4 -1
07:52:08 0 4 -1
07:52:39 0 4 -1
07:53:09 0 4 -1
07:53:39 0 4 -1
07:54:09 0 4 -1
07:54:39 0 4 -1
07:55:10 0 4 -1
07:55:40 0 4 -1
07:56:10 0 4 -1
07:56:40 0 4 -1
07:57:11 0 4 -1
07:57:42 0 4 -1
07:58:14 0 4 -1
07:58:44 0 4 -1
07:59:14 0 4 -1
07:59:45 0 4 -1
08:00:15 0 4 -1
08:00:45 0 4 -1
08:01:15 0 4 -1
08:01:46 0 4 -1
08:02:16 0 4 -1
08:02:46 0 4 -1
08:03:16 0 4 -1
08:03:46 0 4 -1
08:04:16 0 4 -1
08:04:46 0 4 -1
08:05:16 0 4 -1
08:05:47 0 4 -1
08:06:17 0 4 -1
08:06:47 0 4 -1
08:07:17 0 4 -1
08:07:47 0 4 -1
08:08:17 0 4 -1
08:08:48 0 4 -1
08:09:18 0 4 -1
08:09:48 0 4 -1
08:10:18 0 4 -1
08:10:48 0 4 -1
08:11:18 0 4 -1
08:11:49 0 4 -1
08:12:19 0 4 -1
08:12:49 0 4 -1
08:13:19 0 4 -1
08:13:49 0 4 -1
08:14:19 0 4 -1
08:14:50 0 4 -1
08:15:20 0 4 -1
08:15:50 0 4 -1
08:16:20 0 4 -1
08:16:50 0 4 -1
08:17:20 0 4 -1
08:17:51 0 4 -1
08:18:21 0 4 -1
08:18:51 0 4 -1
08:19:21 0 4 -1
08:19:52 0 4 -1
08:20:22 0 4 -1
08:20:52 0 4 -1
08:21:22 0 4 -1
08:21:52 0 4 -1
08:22:22 0 4 -1
08:22:53 0 4 -1
08:23:23 0 4 -1
08:23:53 0 4 -1
08:24:23 0 4 -1
08:24:53 0 4 -1
08:25:23 0 4 -1
08:25:54 0 4 -1
08:26:24 0 4 -1
08:26:54 0 4 -1
08:27:24 0 4 -1
08:27:55 0 4 -1
08:28:25 0 4 -1
08:28:55 0 4 -1
08:29:25 0 4 -1
08:29:55 0 4 -1
08:30:25 0 4 -1
08:30:56 0 4 -1
08:31:26 0 4 -1
08:31:56 0 4 -1
08:32:26 0 4 -1
08:32:56 0 4 -1
08:33:26 0 4 -1
08:33:56 0 4 -1
08:34:26 0 4 -1
08:34:57 0 4 -1
08:35:27 0 4 -1
08:35:57 0 4 -1
08:36:27 0 4 -1
08:36:57 0 4 -1
08:37:27 0 4 -1
08:37:58 0 4 -1
08:38:28 0 4 -1
08:38:58 0 4 -1
08:39:28 0 4 -1
08:39:58 0 4 -1
08:40:29 0 4 -1
08:40:59 0 4 -1
08:41:29 0 4 -1
08:41:59 0 4 -1
08:42:29 0 4 -1
08:42:59 0 4 -1
08:43:29 0 4 -1
08:44:00 0 4 -1
08:44:30 0 4 -1
08:45:00 0 4 -1
08:45:30 0 4 -1
08:46:00 0 4 -1
08:46:30 0 4 -1
08:47:01 0 4 -1
08:47:31 0 4 -1
08:48:01 0 4 -1
08:48:31 0 4 -1
08:49:01 0 4 -1
08:49:31 0 4 -1
08:50:02 0 4 -1
08:50:32 0 4 -1
08:51:02 0 4 -1
08:51:32 0 4 -1
08:52:02 0 4 -1
08:52:32 0 4 -1
08:53:03 0 4 -1
08:53:33 0 4 -1
08:54:03 0 4 -1
08:54:33 0 4 -1
08:55:03 0 4 -1
08:55:33 0 4 -1
08:56:04 0 4 -1
08:56:34 0 4 -1
08:57:04 0 4 -1
08:57:34 0 4 -1
08:58:05 0 4 -1
08:58:35 0 4 -1
08:59:05 0 4 -1
08:59:35 0 4 -1
09:00:06 0 4 -1
09:00:36 0 4 -1
09:01:06 0 4 -1
09:01:36 0 4 -1
09:02:06 0 4 -1
09:02:36 0 4 -1
09:03:07 0 4 -1
09:03:37 0 4 -1
09:04:07 0 4 -1
09:04:37 0 4 -1
09:05:07 0 4 -1
09:05:37 0 4 -1
09:06:08 0 4 -1
09:06:38 0 4 -1
09:07:08 0 4 -1
09:07:38 0 4 -1
09:08:08 0 4 -1
09:08:38 0 4 -1
09:09:08 0 4 -1
09:09:38 0 4 -1
09:10:09 0 4 -1
09:10:39 0 4 -1
09:11:09 0 4 -1
09:11:39 0 4 -1
09:12:10 0 4 -1
09:12:40 0 4 -1
09:13:10 0 4 -1
09:13:40 0 4 -1
09:14:10 0 4 -1
09:14:40 0 4 -1
09:15:10 0 4 -1
09:15:40 0 4 -1
09:16:11 0 4 -1
09:16:41 0 4 -1
09:17:11 0 4 -1
09:17:41 0 4 -1
09:18:12 0 4 -1
09:18:42 0 4 -1
09:19:12 0 4 -1
09:19:42 0 4 -1
09:20:13 0 4 -1
09:20:43 0 4 -1
09:21:13 0 4 -1
09:21:43 0 4 -1
09:22:13 0 4 -1
09:22:43 0 4 -1
09:23:14 0 4 -1
09:23:44 0 4 -1
09:24:14 0 4 -1
09:24:44 0 4 -1
09:25:14 0 4 -1
09:25:44 0 4 -1
09:26:15 0 4 -1
09:26:45 0 4 -1
09:27:15 0 4 -1
09:27:46 0 4 -1
09:28:16 0 4 -1
09:28:46 0 4 -1
09:29:16 0 4 -1
09:29:46 0 4 -1
09:30:17 0 4 -1
09:30:47 0 4 -1
09:31:17 0 4 -1
09:31:47 0 4 -1
09:32:17 0 4 -1
09:32:47 0 4 -1
09:33:17 0 4 -1
09:33:47 0 4 -1
09:34:18 0 4 -1
09:34:48 0 4 -1
09:35:18 0 4 -1
09:35:48 0 4 -1
09:36:18 0 4 -1
09:36:48 0 4 -1
09:37:19 0 4 -1
09:37:49 0 4 -1
09:38:19 0 4 -1
09:38:49 0 4 -1
09:39:20 0 4 -1
09:39:50 0 4 -1
09:40:20 0 4 -1
09:40:50 0 4 -1
09:41:20 0 4 -1
09:41:50 0 4 -1
09:42:20 0 4 -1
09:42:50 0 4 -1
09:43:21 0 4 -1
09:43:51 0 4 -1
09:44:21 0 4 -1
09:44:51 0 4 -1
09:45:21 0 4 -1
09:45:51 0 4 -1
09:46:22 0 4 -1
09:46:52 0 4 -1
09:47:22 0 4 -1
09:47:52 0 4 -1
09:48:22 0 4 -1
09:48:52 0 4 -1
09:49:23 0 4 -1
09:49:53 0 4 -1
09:50:23 0 4 -1
09:50:53 0 4 -1
09:51:23 0 4 -1
09:51:54 0 4 -1
09:52:24 0 4 -1
09:52:54 0 4 -1
09:53:24 0 4 -1
09:53:54 0 4 -1
09:54:24 0 4 -1
09:54:54 0 4 -1
09:55:25 0 4 -1
09:55:55 0 4 -1
09:56:25 0 4 -1
09:56:55 0 4 -1
09:57:26 0 4 -1
09:57:56 0 4 -1
09:58:26 0 4 -1
09:58:56 0 4 -1
09:59:27 0 4 -1
09:59:57 0 4 -1
10:00:28 0 4 -1
10:00:58 0 4 -1
10:01:28 0 4 -1
10:01:58 0 4 -1
10:02:28 0 4 -1
10:02:58 0 4 -1
10:03:28 0 4 -1
10:03:58 0 4 -1
10:04:29 0 4 -1
10:04:59 0 4 -1
10:05:29 0 4 -1
10:05:59 0 4 -1
10:06:29 0 4 -1
10:06:59 0 4 -1
10:07:30 0 4 -1
10:08:00 0 4 -1
10:08:30 0 4 -1
10:09:00 0 4 -1
10:09:30 0 4 -1
10:10:00 0 4 -1
10:10:31 0 4 -1
10:11:01 0 4 -1
10:11:31 0 4 -1
10:12:01 0 4 -1
10:12:31 0 4 -1
10:13:01 0 4 -1
10:13:32 0 4 -1
10:14:02 0 4 -1
10:14:32 0 4 -1
10:15:02 0 4 -1
10:15:32 0 4 -1
10:16:02 0 4 -1
10:16:33 0 4 -1
10:17:03 0 4 -1
10:17:33 0 4 -1
10:18:03 0 4 -1
10:18:33 0 4 -1
10:19:03 0 4 -1
10:19:34 0 4 -1
10:20:04 0 4 -1
10:20:34 0 4 -1
10:21:05 0 4 -1
10:21:35 0 4 -1
10:22:05 0 4 -1
10:22:35 0 4 -1
10:23:05 0 4 -1
10:23:36 0 4 -1
10:24:06 0 4 -1
10:24:36 0 4 -1
10:25:06 0 4 -1
10:25:36 0 4 -1
10:26:06 0 4 -1
10:26:37 0 4 -1
