00:00:06 4 0 28
00:00:36 4 0 26
00:01:13 4 0 26
00:01:50 4 0 25
00:02:12 4 0 25
00:02:41 4 0 27
00:03:11 4 0 26
00:03:39 4 0 25
00:04:11 4 0 25
00:04:44 4 0 28
00:05:14 4 0 25
00:05:43 4 0 25
00:06:14 4 0 25
00:06:44 4 0 26
00:07:15 4 0 25
02:00:03 4 0 26
02:00:34 4 0 27
02:01:04 4 0 25
02:01:34 4 0 25
02:02:04 4 0 25
02:02:34 4 0 25
02:03:05 4 0 25
02:03:35 4 0 25
02:04:05 4 0 26
02:04:35 4 0 25
02:05:05 4 0 25
02:05:36 4 0 26
02:06:06 4 0 25
02:06:36 4 0 25
02:07:06 4 0 25
02:07:36 4 0 26
02:08:07 4 0 25
02:08:37 4 0 25
02:09:07 4 0 28
02:09:37 4 0 25
02:10:08 4 0 25
02:10:38 4 0 25
02:11:08 4 0 25
02:11:38 4 0 25
02:12:08 4 0 27
02:12:39 4 0 26
02:13:09 4 0 25
02:13:39 4 0 25
02:14:09 4 0 27
02:14:40 4 0 26
02:15:10 4 0 25
02:15:40 4 0 25
02:16:10 4 0 25
02:16:40 4 0 35
02:17:11 4 0 25
02:17:41 4 0 25
02:18:11 4 0 27
02:18:41 4 0 25
02:19:11 4 0 26
02:19:42 4 0 25
02:20:12 4 0 25
02:20:42 4 0 25
02:21:12 4 0 25
02:21:42 4 0 26
02:22:13 4 0 25
02:22:43 4 0 25
02:23:13 4 0 25
02:23:43 4 0 25
02:24:13 4 0 27
02:24:44 4 0 26
02:25:14 4 0 25
02:25:44 4 0 26
02:26:14 4 0 25
02:26:45 4 0 25
02:27:15 4 0 25
02:27:45 4 0 26
02:28:15 4 0 32
02:28:45 4 0 25
02:29:16 4 0 26
02:29:46 4 0 25
02:30:16 4 0 25
02:30:46 4 0 25
02:31:16 4 0 25
02:31:47 4 0 25
02:32:17 4 0 27
02:32:47 4 0 26
02:33:17 4 0 26
02:33:48 4 0 25
02:34:18 4 0 26
02:34:48 4 0 28
02:35:18 4 0 28
02:35:48 4 0 25
02:36:18 4 0 25
02:36:49 4 0 25
02:37:19 4 0 25
02:37:49 4 0 25
02:38:19 4 0 25
02:38:50 4 0 25
02:39:20 4 0 27
02:39:50 4 0 27
02:40:20 4 0 25
02:40:50 4 0 25
02:41:21 4 0 25
02:41:51 4 0 26
02:42:21 4 0 25
02:42:51 4 0 26
02:43:21 4 0 25
02:43:52 4 0 26
02:44:22 4 0 25
02:44:52 4 0 25
02:45:22 4 0 25
02:45:52 4 0 25
02:46:23 4 0 25
02:46:53 4 0 25
02:47:23 4 0 25
02:47:53 4 0 25
02:48:23 4 0 26
02:48:54 4 0 25
02:49:24 4 0 25
02:49:54 4 0 25
02:50:24 4 0 26
02:50:55 4 0 26
02:51:25 4 0 25
02:51:55 4 0 25
02:52:25 4 0 25
02:52:55 4 0 26
02:53:26 4 0 28
02:53:56 4 0 25
02:54:26 4 0 26
02:54:56 4 0 25
02:55:27 4 0 26
02:55:57 4 0 26
02:56:27 4 0 25
02:56:57 4 0 25
02:57:27 4 0 25
02:57:58 4 0 27
02:58:28 4 0 26
02:58:58 4 0 25
02:59:28 4 0 26
02:59:59 4 0 25
03:00:29 4 0 25
03:00:59 4 0 25
03:01:29 4 0 25
03:01:59 4 0 25
03:02:30 4 0 28
03:03:00 4 0 25
03:03:30 4 0 25
03:04:00 4 0 25
03:04:31 4 0 51
03:05:01 4 0 26
03:05:31 4 0 25
03:06:01 4 0 26
03:06:32 4 0 29
03:07:02 4 0 25
03:07:32 4 0 25
03:08:02 4 0 25
03:08:32 4 0 25
03:09:03 4 0 25
03:09:33 4 0 25
03:10:03 4 0 25
03:10:33 4 0 26
03:11:04 4 0 25
03:11:34 4 0 25
03:12:04 4 0 26
03:12:34 4 0 25
03:13:04 4 0 26
03:13:35 4 0 27
03:14:05 4 0 25
03:14:35 4 0 25
03:15:05 4 0 25
03:15:36 4 0 26
03:16:06 4 0 25
03:16:36 4 0 27
03:17:06 4 0 25
03:17:36 4 0 25
03:18:07 4 0 25
03:18:37 4 0 25
03:19:07 4 0 25
03:19:37 4 0 25
03:20:08 4 0 25
03:20:38 4 0 26
03:21:08 4 0 26
03:21:38 4 0 25
03:22:09 4 0 26
03:22:39 4 0 27
03:23:09 4 0 25
03:23:39 4 0 25
03:24:09 4 0 25
03:24:40 4 0 26
03:25:10 4 0 26
03:25:40 4 0 25
03:26:10 4 0 25
03:26:40 4 0 25
03:27:11 4 0 25
03:27:41 4 0 25
03:28:11 4 0 25
03:28:41 4 0 25
03:29:12 4 0 25
03:29:42 4 0 26
03:30:12 4 0 25
03:30:42 4 0 25
03:31:12 4 0 25
03:31:43 4 0 25
03:32:13 4 0 25
03:32:43 4 0 25
03:33:13 4 0 26
03:33:44 4 0 25
03:34:14 4 0 26
03:34:45 4 0 27
03:35:15 4 0 25
03:35:45 4 0 26
03:36:15 4 0 26
03:36:46 4 0 25
03:37:16 4 0 26
03:37:46 4 0 49
03:38:16 4 0 25
03:38:46 4 0 25
03:39:17 4 0 25
03:39:47 4 0 25
03:40:17 4 0 27
03:40:47 4 0 25
03:41:18 4 0 25
03:41:48 4 0 26
03:42:18 4 0 26
03:42:48 4 0 26
03:43:18 4 0 27
03:43:49 4 0 25
03:44:19 4 0 25
03:44:49 4 0 25
03:45:19 4 0 26
03:45:50 4 0 25
03:46:20 4 0 26
03:46:50 4 0 25
03:47:20 4 0 25
03:47:50 4 0 25
03:48:21 4 0 26
03:48:51 4 0 25
03:49:21 4 0 26
03:49:51 4 0 56
03:50:22 4 0 25
03:50:52 4 0 53
03:51:22 4 0 25
03:51:52 4 0 25
03:52:22 4 0 26
03:52:53 4 0 25
03:53:23 4 0 25
03:53:53 4 0 25
03:54:23 4 0 26
03:54:54 4 0 25
03:55:24 4 0 25
03:55:54 4 0 25
03:56:24 4 0 25
03:56:55 4 0 25
03:57:25 4 0 25
03:57:55 4 0 25
03:58:25 4 0 25
03:58:55 4 0 25
03:59:26 4 0 25
03:59:56 4 0 26
04:00:26 4 0 27
04:00:56 4 0 25
04:01:27 4 0 26
04:01:57 4 0 58
04:02:27 4 0 25
04:02:57 4 0 25
04:03:27 4 0 25
04:03:58 4 0 25
04:04:28 4 0 26
04:04:58 4 0 25
04:05:28 4 0 25
04:05:58 4 0 25
04:06:29 4 0 25
04:06:59 4 0 25
04:07:29 4 0 25
04:07:59 4 0 25
04:08:30 4 0 50
04:09:00 4 0 25
04:09:30 4 0 25
04:10:00 4 0 25
04:10:31 4 0 25
04:11:01 4 0 25
04:11:31 4 0 25
04:12:01 4 0 25
04:12:31 4 0 25
04:13:01 4 0 25
04:13:32 4 0 26
04:14:02 4 0 25
04:14:32 4 0 25
04:15:02 4 0 25
04:15:33 4 0 25
04:16:03 4 0 25
04:16:33 4 0 25
04:17:03 4 0 25
04:17:33 4 0 25
04:18:04 4 0 25
04:18:34 4 0 26
04:19:04 4 0 25
04:19:34 4 0 28
04:20:04 4 0 25
04:20:35 4 0 26
04:21:05 4 0 25
04:21:35 4 0 25
04:22:05 4 0 25
04:22:36 4 0 25
04:23:06 4 0 25
04:23:36 4 0 25
04:24:06 4 0 25
04:24:36 4 0 26
04:25:06 4 0 25
04:25:37 4 0 26
04:26:07 4 0 26
04:26:37 4 0 26
04:27:07 4 0 25
04:27:38 4 0 25
04:28:08 4 0 25
04:28:38 4 0 25
04:29:08 4 0 25
04:29:38 4 0 25
04:30:09 4 0 28
04:30:39 4 0 26
04:31:09 4 0 25
04:31:39 4 0 27
04:32:09 4 0 25
04:32:40 4 0 28
04:33:10 4 0 25
04:33:40 4 0 26
04:34:10 4 0 25
04:34:40 4 0 25
04:35:11 4 0 27
04:35:41 4 0 27
04:36:11 4 0 25
04:36:41 4 0 27
04:37:12 4 0 27
04:37:42 4 0 25
04:38:12 4 0 25
04:38:42 4 0 26
04:39:12 4 0 27
04:39:43 4 0 26
04:40:13 4 0 25
04:40:43 4 0 25
04:41:13 4 0 25
04:41:44 4 0 26
04:42:14 4 0 25
04:42:44 4 0 25
04:43:14 4 0 25
04:43:44 4 0 25
04:44:15 4 0 25
04:44:45 4 0 26
04:45:15 4 0 26
04:45:45 4 0 25
04:46:15 4 0 26
04:46:46 4 0 25
04:47:16 4 0 25
04:47:46 4 0 25
04:48:16 4 0 26
04:48:47 4 0 25
04:49:17 4 0 25
04:49:47 4 0 26
04:50:17 4 0 25
04:50:47 4 0 25
04:51:18 4 0 66
04:51:48 4 0 26
04:52:18 4 0 25
04:52:48 4 0 26
04:53:18 4 0 25
04:53:49 4 0 26
04:54:19 4 0 25
04:54:49 4 0 26
04:55:19 4 0 25
04:55:50 4 0 25
04:56:20 4 0 25
04:56:50 4 0 26
04:57:20 4 0 25
04:57:50 4 0 26
04:58:21 4 0 25
04:58:51 4 0 25
04:59:21 4 0 25
04:59:51 4 0 25
05:00:21 4 0 25
05:00:52 4 0 27
05:01:22 4 0 26
05:01:52 4 0 25
05:02:22 4 0 25
05:02:52 4 0 26
05:03:22 4 0 25
05:03:53 4 0 25
05:04:23 4 0 25
05:04:53 4 0 25
05:05:23 4 0 26
05:05:54 4 0 27
05:06:24 4 0 25
05:06:54 4 0 25
05:07:24 4 0 25
05:07:54 4 0 25
05:08:25 4 0 25
05:08:55 4 0 26
05:09:25 4 0 25
05:09:55 4 0 25
05:10:26 4 0 25
05:10:56 4 0 25
05:11:26 4 0 25
05:11:56 4 0 25
05:12:26 4 0 35
05:12:57 4 0 25
05:13:27 4 0 26
05:13:57 4 0 25
05:14:27 4 0 25
05:14:57 4 0 26
05:15:28 4 0 25
05:15:58 4 0 25
05:16:28 4 0 27
05:16:58 4 0 27
05:17:29 4 0 26
05:17:59 4 0 25
05:18:29 4 0 25
05:18:59 4 0 25
05:19:29 4 0 25
05:20:00 4 0 25
05:20:30 4 0 25
05:21:00 4 0 25
05:21:30 4 0 26
05:22:00 4 0 25
05:22:31 4 0 27
05:23:01 4 0 26
05:23:31 4 0 26
05:24:01 4 0 25
05:24:31 4 0 25
05:25:02 4 0 25
05:25:32 4 0 25
05:26:02 4 0 25
05:26:32 4 0 25
05:27:03 4 0 25
05:27:33 4 0 25
05:28:03 4 0 26
05:28:33 4 0 25
05:29:03 4 0 25
05:29:34 4 0 25
05:30:04 4 0 25
05:30:34 4 0 26
05:31:04 4 0 25
05:31:34 4 0 25
05:32:05 4 0 26
05:32:35 4 0 25
05:33:05 4 0 25
05:33:35 4 0 25
05:34:06 4 0 26
05:34:36 4 0 25
05:35:06 4 0 25
05:35:36 4 0 25
05:36:06 4 0 26
05:36:37 4 0 25
05:37:07 4 0 26
05:37:37 4 0 25
05:38:07 4 0 26
05:38:37 4 0 26
05:39:08 4 0 25
05:39:38 4 0 27
05:40:08 4 0 25
05:40:38 4 0 25
05:41:09 4 0 26
05:41:39 4 0 25
05:42:09 4 0 26
05:42:39 4 0 25
05:43:09 4 0 25
05:43:40 4 0 25
05:44:10 4 0 26
05:44:40 4 0 25
05:45:10 4 0 26
05:45:40 4 0 25
05:46:11 4 0 25
05:46:41 4 0 25
05:47:11 4 0 25
05:47:41 4 0 26
05:48:12 4 0 25
05:48:42 4 0 25
05:49:12 4 0 25
05:49:42 4 0 25
05:50:12 4 0 25
05:50:43 4 0 25
05:51:13 4 0 25
05:51:43 4 0 25
05:52:13 4 0 25
05:52:43 4 0 25
05:53:14 4 0 25
05:53:44 4 0 25
05:54:14 4 0 25
05:54:44 4 0 25
05:55:15 4 0 26
05:55:45 4 0 25
05:56:15 4 0 29
05:56:45 4 0 26
05:57:16 4 0 25
05:57:46 4 0 26
05:58:16 4 0 26
05:58:46 4 0 25
05:59:16 4 0 26
05:59:47 4 0 25
06:00:17 4 0 26
06:00:47 4 0 26
06:01:17 4 0 25
06:01:47 4 0 26
06:02:18 4 0 26
06:02:48 4 0 25
06:03:18 4 0 25
06:03:48 4 0 25
06:04:19 4 0 25
06:04:49 4 0 26
06:05:19 4 0 27
06:05:49 4 0 25
06:06:19 4 0 25
06:06:50 4 0 25
06:07:20 4 0 26
06:07:50 4 0 26
06:08:20 4 0 25
06:08:50 4 0 25
06:09:21 4 0 25
06:09:51 4 0 25
06:10:21 4 0 26
06:10:51 4 0 25
06:11:21 4 0 26
06:11:52 4 0 24
06:12:22 4 0 25
06:12:52 4 0 27
06:13:22 4 0 25
06:13:52 4 0 26
06:14:23 4 0 26
06:14:53 4 0 25
06:15:23 4 0 25
06:15:53 4 0 26
06:16:24 4 0 26
06:16:54 4 0 25
06:17:24 4 0 25
06:17:54 4 0 26
06:18:24 4 0 25
06:18:55 4 0 24
06:19:25 4 0 25
06:19:55 4 0 25
06:20:25 4 0 25
06:20:55 4 0 25
06:21:26 4 0 25
06:21:56 4 0 25
06:22:26 4 0 25
06:22:56 4 0 39
06:23:26 4 0 26
06:23:57 4 0 25
06:24:27 4 0 25
06:24:57 4 0 25
06:25:27 4 0 25
06:25:57 4 0 25
06:26:28 4 0 26
06:26:58 4 0 27
06:27:28 4 0 26
06:27:58 4 0 25
06:28:29 4 0 26
06:28:59 4 0 25
06:29:29 4 0 27
06:29:59 4 0 25
06:30:29 4 0 25
06:31:00 4 0 25
06:31:30 4 0 25
06:32:00 4 0 25
06:32:30 4 0 25
06:33:00 4 0 25
06:33:31 4 0 26
06:34:01 4 0 25
06:34:31 4 0 29
06:35:01 4 0 26
06:35:32 4 0 25
06:36:02 4 0 25
06:36:32 4 0 25
06:37:02 4 0 25
06:37:33 4 0 25
06:38:03 4 0 26
06:38:33 4 0 26
06:39:03 4 0 25
06:39:33 4 0 28
06:40:03 4 0 25
06:40:34 4 0 25
06:41:04 4 0 25
06:41:34 4 0 25
06:42:04 4 0 25
06:42:35 4 0 26
06:43:05 4 0 26
06:43:35 4 0 25
06:44:05 4 0 26
06:44:35 4 0 26
06:45:05 4 0 25
06:45:36 4 0 25
06:46:06 4 0 25
06:46:36 4 0 25
06:47:06 4 0 25
06:47:37 4 0 26
06:48:07 4 0 25
06:48:37 4 0 25
06:49:07 4 0 27
06:49:37 4 0 26
06:50:08 4 0 25
06:50:38 4 0 25
06:51:08 4 0 25
06:51:38 4 0 26
06:52:09 4 0 25
06:52:39 4 0 43
06:53:09 4 0 25
06:53:39 4 0 25
06:54:09 4 0 25
06:54:40 4 0 26
06:55:10 4 0 25
06:55:40 4 0 26
06:56:10 4 0 25
06:56:41 4 0 26
06:57:11 4 0 27
06:57:41 4 0 26
06:58:11 4 0 26
06:58:41 4 0 25
06:59:12 4 0 26
06:59:42 4 0 25
07:00:12 4 0 25
07:00:42 4 0 26
07:01:12 4 0 26
07:01:43 4 0 27
07:02:13 4 0 25
07:02:43 4 0 26
07:03:13 4 0 26
07:03:44 4 0 25
07:04:14 4 0 25
07:04:44 4 0 26
07:05:14 4 0 25
07:05:45 4 0 25
07:06:15 4 0 25
07:06:45 4 0 26
07:07:15 4 0 26
07:07:45 4 0 25
07:08:15 4 0 25
07:08:46 4 0 25
07:09:16 4 0 25
07:09:46 4 0 25
07:10:16 4 0 26
07:10:47 4 0 25
07:11:17 4 0 25
07:11:47 4 0 28
07:12:18 4 0 25
07:12:48 4 0 26
07:13:18 4 0 25
07:13:48 4 0 26
07:14:18 4 0 27
07:14:49 4 0 25
07:15:19 4 0 25
07:15:49 4 0 26
07:16:19 4 0 25
07:16:50 4 0 27
07:17:20 4 0 25
07:17:50 4 0 25
07:18:20 4 0 25
07:18:50 4 0 26
07:19:21 4 0 26
07:19:51 4 0 25
07:20:21 4 0 25
07:20:51 4 0 26
07:21:21 4 0 26
07:21:52 4 0 26
07:22:22 4 0 25
07:22:52 4 0 25
07:23:22 4 0 25
07:23:53 4 0 28
07:24:23 4 0 26
07:24:53 4 0 25
07:25:23 4 0 25
07:25:53 4 0 25
07:26:24 4 0 25
07:26:54 4 0 25
07:27:24 4 0 26
07:27:54 4 0 25
07:28:24 4 0 25
07:28:55 4 0 26
07:29:25 4 0 25
07:29:55 4 0 25
07:30:25 4 0 25
07:30:56 4 0 25
07:31:26 4 0 27
07:31:56 4 0 26
07:32:26 4 0 25
07:32:56 4 0 25
07:33:26 4 0 25
07:33:57 4 0 25
07:34:27 4 0 25
07:34:57 4 0 26
07:35:27 4 0 26
07:35:58 4 0 25
07:36:28 4 0 25
07:36:58 4 0 25
07:37:28 4 0 25
07:37:59 4 0 26
07:38:29 4 0 26
07:38:59 4 0 26
07:39:29 4 0 25
07:40:00 4 0 25
07:40:30 4 0 25
07:41:00 4 0 26
07:41:30 4 0 26
07:42:00 4 0 58
07:42:30 4 0 25
07:43:01 4 0 26
07:43:31 4 0 25
07:44:01 4 0 25
07:44:31 4 0 25
07:45:02 4 0 25
07:45:32 4 0 25
07:46:02 4 0 25
07:46:32 4 0 25
07:47:03 4 0 25
07:47:33 4 0 26
07:48:03 4 0 25
07:48:33 4 0 25
07:49:03 4 0 26
07:49:33 4 0 26
07:50:04 4 0 25
07:50:34 4 0 27
07:51:04 4 0 26
07:51:34 4 0 25
07:52:05 4 0 25
07:52:35 4 0 29
07:53:05 4 0 25
07:53:35 4 0 26
07:54:05 4 0 25
07:54:36 4 0 29
07:55:06 4 0 25
07:55:36 4 0 25
07:56:06 4 0 26
07:56:36 4 0 25
07:57:07 4 0 25
07:57:38 4 0 26
07:58:10 4 0 26
07:58:40 4 0 25
07:59:10 4 0 25
07:59:41 4 0 25
08:00:11 4 0 25
08:00:41 4 0 25
08:01:11 4 0 25
08:01:42 4 0 25
08:02:12 4 0 25
08:02:42 4 0 28
08:03:12 4 0 25
08:03:42 4 0 25
08:04:12 4 0 25
08:04:43 4 0 25
08:05:13 4 0 25
08:05:43 4 0 25
08:06:13 4 0 26
08:06:43 4 0 25
08:07:13 4 0 25
08:07:43 4 0 25
08:08:13 4 0 25
08:08:44 4 0 25
08:09:14 4 0 25
08:09:44 4 0 25
08:10:14 4 0 25
08:10:44 4 0 25
08:11:14 4 0 25
08:11:45 4 0 25
08:12:15 4 0 25
08:12:45 4 0 25
08:13:15 4 0 26
08:13:45 4 0 26
08:14:15 4 0 25
08:14:46 4 0 25
08:15:16 4 0 27
08:15:46 4 0 25
08:16:16 4 0 25
08:16:46 4 0 25
08:17:16 4 0 25
08:17:47 4 0 25
08:18:17 4 0 25
08:18:47 4 0 25
08:19:17 4 0 25
08:19:48 4 0 25
08:20:18 4 0 25
08:20:48 4 0 25
08:21:18 4 0 25
08:21:49 4 0 25
08:22:19 4 0 25
08:22:49 4 0 26
08:23:19 4 0 25
08:23:49 4 0 25
08:24:19 4 0 25
08:24:50 4 0 44
08:25:20 4 0 43
08:25:50 4 0 28
08:26:20 4 0 25
08:26:50 4 0 25
08:27:20 4 0 25
08:27:51 4 0 25
08:28:21 4 0 25
08:28:51 4 0 25
08:29:21 4 0 25
08:29:51 4 0 26
08:30:21 4 0 25
08:30:52 4 0 25
08:31:22 4 0 25
08:31:52 4 0 25
08:32:22 4 0 25
08:32:52 4 0 25
08:33:22 4 0 25
08:33:53 4 0 25
08:34:23 4 0 26
08:34:53 4 0 25
08:35:23 4 0 25
08:35:53 4 0 25
08:36:23 4 0 25
08:36:54 4 0 25
08:37:24 4 0 25
08:37:54 4 0 25
08:38:24 4 0 25
08:38:54 4 0 25
08:39:24 4 0 25
08:39:55 4 0 25
08:40:25 4 0 52
08:40:55 4 0 25
08:41:25 4 0 25
08:41:55 4 0 25
08:42:25 4 0 26
08:42:55 4 0 25
08:43:25 4 0 25
08:43:56 4 0 25
08:44:26 4 0 25
08:44:56 4 0 25
08:45:26 4 0 25
08:45:56 4 0 25
08:46:26 4 0 27
08:46:57 4 0 25
08:47:27 4 0 25
08:47:57 4 0 25
08:48:27 4 0 25
08:48:57 4 0 25
08:49:27 4 0 25
08:49:58 4 0 25
08:50:28 4 0 25
08:50:58 4 0 25
08:51:28 4 0 25
08:51:58 4 0 27
08:52:28 4 0 25
08:52:59 4 0 25
08:53:29 4 0 25
08:53:59 4 0 25
08:54:29 4 0 25
08:54:59 4 0 25
08:55:29 4 0 25
08:56:00 4 0 25
08:56:30 4 0 25
08:57:00 4 0 25
08:57:30 4 0 25
08:58:01 4 0 26
08:58:31 4 0 25
08:59:01 4 0 27
08:59:31 4 0 25
09:00:02 4 0 25
09:00:32 4 0 27
09:01:02 4 0 25
09:01:32 4 0 25
09:02:02 4 0 25
09:02:32 4 0 25
09:03:03 4 0 25
09:03:33 4 0 25
09:04:03 4 0 25
09:04:33 4 0 25
09:05:03 4 0 25
09:05:33 4 0 25
09:06:04 4 0 25
09:06:34 4 0 25
09:07:04 4 0 25
09:07:34 4 0 25
09:08:04 4 0 25
09:08:34 4 0 25
09:09:05 4 0 25
09:09:35 4 0 26
09:10:05 4 0 25
09:10:35 4 0 25
09:11:05 4 0 25
09:11:35 4 0 25
09:12:06 4 0 25
09:12:36 4 0 25
09:13:06 4 0 27
09:13:36 4 0 25
09:14:06 4 0 25
09:14:36 4 0 25
09:15:06 4 0 25
09:15:36 4 0 25
09:16:07 4 0 25
09:16:37 4 0 25
09:17:07 4 0 25
09:17:37 4 0 28
09:18:08 4 0 26
09:18:38 4 0 25
09:19:08 4 0 25
09:19:38 4 0 25
09:20:09 4 0 25
09:20:39 4 0 25
09:21:09 4 0 25
09:21:39 4 0 25
09:22:09 4 0 25
09:22:39 4 0 25
09:23:10 4 0 25
09:23:40 4 0 25
09:24:10 4 0 25
09:24:40 4 0 25
09:25:10 4 0 25
09:25:40 4 0 25
09:26:11 4 0 25
09:26:41 4 0 25
09:27:11 4 0 25
09:27:42 4 0 26
09:28:12 4 0 25
09:28:42 4 0 25
09:29:12 4 0 25
09:29:42 4 0 25
09:30:13 4 0 25
09:30:43 4 0 25
09:31:13 4 0 25
09:31:43 4 0 26
09:32:13 4 0 25
09:32:43 4 0 27
09:33:14 4 0 25
09:33:44 4 0 26
09:34:14 4 0 27
09:34:44 4 0 25
09:35:14 4 0 25
09:35:44 4 0 25
09:36:15 4 0 25
09:36:45 4 0 25
09:37:15 4 0 25
09:37:45 4 0 25
09:38:15 4 0 25
09:38:45 4 0 25
09:39:16 4 0 25
09:39:46 4 0 25
09:40:16 4 0 25
09:40:46 4 0 25
09:41:16 4 0 25
09:41:46 4 0 25
09:42:16 4 0 25
09:42:46 4 0 25
09:43:17 4 0 29
09:43:48 3 1 25
09:44:17 4 0 25
09:44:47 4 0 25
09:45:17 4 0 25
09:45:47 4 0 25
09:46:18 4 0 25
09:46:48 4 0 25
09:47:18 4 0 25
09:47:48 4 0 25
09:48:19 4 0 25
09:48:49 4 0 28
09:49:19 4 0 25
09:49:49 4 0 25
09:50:19 4 0 25
09:50:49 4 0 25
09:51:20 4 0 53
09:51:50 4 0 25
09:52:20 4 0 25
09:52:50 4 0 25
09:53:20 4 0 25
09:53:50 4 0 25
09:54:21 4 0 25
09:54:51 4 0 25
09:55:21 4 0 27
09:55:51 4 0 25
09:56:21 4 0 25
09:56:51 4 0 25
09:57:22 4 0 26
09:57:52 4 0 25
09:58:22 4 0 25
09:58:52 4 0 25
09:59:23 4 0 25
09:59:53 4 0 25
10:00:24 4 0 25
10:00:54 4 0 29
10:01:24 4 0 56
10:01:54 4 0 25
10:02:24 4 0 25
10:02:54 4 0 25
10:03:24 4 0 25
10:03:54 4 0 26
10:04:25 4 0 25
10:04:55 4 0 25
10:05:25 4 0 25
10:05:55 4 0 25
10:06:25 4 0 25
10:06:55 4 0 25
10:07:26 4 0 25
10:07:56 4 0 27
10:08:26 4 0 25
10:08:56 4 0 25
10:09:26 4 0 32
10:09:56 4 0 25
10:10:27 4 0 25
10:10:57 4 0 25
10:11:27 4 0 25
10:11:57 4 0 67
10:12:27 4 0 25
10:12:57 4 0 25
10:13:28 4 0 25
10:13:58 4 0 25
10:14:28 4 0 25
10:14:58 4 0 25
10:15:28 4 0 25
10:15:58 4 0 25
10:16:29 4 0 27
10:16:59 4 0 25
10:17:29 4 0 25
10:17:59 4 0 25
10:18:29 4 0 25
10:18:59 4 0 25
10:19:30 4 0 25
10:20:00 4 0 26
10:20:31 4 0 25
10:21:01 4 0 25
10:21:31 4 0 25
10:22:01 4 0 25
10:22:32 4 0 25
10:23:02 4 0 25
10:23:32 4 0 25
10:24:02 4 0 25
10:24:32 4 0 25
10:25:02 4 0 25
10:25:32 4 0 25
10:26:02 4 0 25
10:26:33 4 0 25
