00:01:01 120573 25810
00:01:58 225781 32462
00:02:55 36826 3971
00:04:03 57392 8456
00:04:58 186129 21758
00:05:59 99503 12308
00:07:12 129249 59529
02:00:04 64904 28927
02:01:05 52171 22009
02:02:05 141898 11298
02:03:06 79579 22303
02:04:06 36138 15889
02:05:07 78844 21175
02:06:07 44327 16249
02:07:07 56348 21897
02:08:08 47001 17749
02:09:08 -1 -1
02:10:09 67554 25270
02:11:09 120491 23660
02:12:10 66447 28606
02:13:10 55754 19823
02:14:10 54644 4228
02:15:11 43339 26309
02:16:11 172488 72623
02:17:12 168496 77239
02:18:12 141017 72980
02:19:12 122275 70209
02:20:13 1058270 85389
02:21:13 -1 -1
02:22:14 -1 -1
02:23:15 183058 78073
02:24:15 67100 36376
02:25:15 44113 11430
02:26:18 114813 28648
02:27:16 41563 11128
02:28:16 169863 86876
02:29:17 24245 15042
02:30:17 7279 4157
02:31:18 13796 21225
02:32:18 -1 -1
02:33:18 422722 40993
02:34:19 265516 164861
02:35:20 30733 16799
02:36:23 16653 17991
02:37:20 26054 19835
02:38:20 72363 10168
02:39:21 102697 67005
02:40:21 100950 65704
02:41:22 80496 44292
02:42:22 19184 30074
02:43:23 10137 8945
02:44:23 23680 9508
02:45:23 -1 -1
02:46:24 34273 13878
02:47:24 109022 22884
02:48:25 8352 7332
02:49:25 -1 -1
02:50:25 64212 14421
02:51:26 13466 7145
02:52:26 12201 6446
02:53:27 10688 17394
02:54:27 155320 49482
02:55:28 70276 17362
02:56:29 212345 46871
02:57:29 279099 58476
02:58:29 278561 44215
02:59:29 295742 39203
03:00:30 27560 13346
03:01:30 79495 35010
03:02:31 174984 59929
03:03:31 66987 5818
03:04:32 29214 16076
03:05:32 54371 25510
03:06:33 17985 11746
03:07:33 5438 6202
03:08:33 170574 103502
03:09:34 4826 5516
03:10:34 23475 34080
03:11:35 61073 38399
03:12:35 179966 56659
03:13:36 87026 26984
03:14:36 24119 6130
03:15:37 13796 11669
03:16:38 156874 50952
03:17:38 11146 7635
03:18:38 72728 21364
03:19:42 13670 17740
03:20:39 44712 14707
03:21:39 105846 29424
03:22:40 113217 27843
03:23:40 6234 4782
03:24:41 26093 8453
03:25:41 32479 20872
03:26:42 76225 16849
03:27:42 16367 19343
03:28:42 45773 9468
03:29:43 115986 59008
03:30:43 40795 8191
03:31:44 73572 16839
03:32:44 -1 -1
03:33:45 110971 15155
03:34:46 18162 6928
03:35:46 147928 33851
03:36:47 56167 14500
03:37:47 63400 14075
03:38:48 21734 28147
03:39:48 41214 7804
03:40:49 45211 8804
03:41:49 32110 13530
03:42:49 261526 50688
03:43:50 112460 19485
03:44:50 5340 7636
03:45:51 56734 9446
03:46:51 96064 43221
03:47:51 28360 144430
03:48:52 170869 63166
03:49:52 15317 27887
03:50:53 39302 8986
03:51:53 54114 46248
03:52:54 38966 11200
03:53:54 84706 20821
03:54:55 209642 42483
03:55:55 17664 13541
03:56:56 62497 21273
03:57:56 2272 3712
03:58:57 19746 19949
03:59:57 15417 13746
04:00:57 74062 32816
04:01:58 36217 17827
04:02:59 21238 14315
04:03:59 37243 5859
04:04:59 137507 11364
04:06:00 33404 10367
04:07:00 14345 10665
04:08:00 29559 3333
04:09:01 35167 12934
04:10:01 92779 16472
04:11:02 251561 35567
04:12:02 4879 1605
04:13:03 18681 13086
04:14:03 17801 7633
04:15:03 130288 26580
04:16:05 64581 22112
04:17:04 40388 44136
04:18:05 192362 66874
04:19:05 112205 27666
04:20:06 -1 -1
04:21:06 -1 -1
04:22:06 14763 7716
04:23:07 31139 16128
04:24:07 17910 2901
04:25:08 79633 17454
04:26:08 20190 12153
04:27:09 40499 8986
04:28:09 55885 54721
04:29:09 2172 17051
04:30:10 -1 -1
04:31:10 -1 -1
04:32:10 87716 61563
04:33:12 2174432 87734
04:34:12 12151 7542
04:35:15 39571 16472
04:36:13 25384 4064
04:37:14 70413 42601
04:38:14 13002 14618
04:39:14 73549 18429
04:40:14 59605 22751
04:41:15 15864 22356
04:42:15 87623 26074
04:43:15 39793 12398
04:44:16 75879 104864
04:45:16 38682 43624
04:46:17 28136 4757
04:47:17 41978 6238
04:48:19 104948 15628
04:49:19 36978 24774
04:50:19 127083 45662
04:51:19 19235 22575
04:52:19 -1 -1
04:53:20 35682 10761
04:54:20 88227 8585
04:55:21 12451 142223
04:56:21 242821 59375
04:57:22 13725 18855
04:58:23 -1 -1
04:59:23 101310 73388
05:00:22 81601 81447
05:01:23 16222 23692
05:02:24 53072 15702
05:03:24 49713 19589
05:04:24 162668 37640
05:05:25 107625 41786
05:06:25 312803 19786
05:07:25 89232 16758
05:08:26 67805 32946
05:09:26 29215 26932
05:10:27 22306 29207
05:11:27 -1 -1
05:12:28 156558 26944
05:13:28 113856 76606
05:14:31 63165 25015
05:15:29 109837 66695
05:16:29 98146 74549
05:17:30 27970 47355
05:18:30 14376 21174
05:19:30 229681 36691
05:20:31 32151 16089
05:21:31 63576 7818
05:22:32 45099 25018
05:23:32 28420 38588
05:24:33 245110 47143
05:25:33 66893 23915
05:26:33 139745 259199
05:27:34 80394 22454
05:28:34 69840 19005
05:29:35 22114 28378
05:30:35 108029 57447
05:31:35 43823 19462
05:32:39 219384 86831
05:33:37 74782 94419
05:34:37 15408 26014
05:35:37 3282 4896
05:36:38 126444 1527418
05:37:38 172379 91597
05:38:39 54968 22204
05:39:39 18804 9324
05:40:39 23684 15720
05:41:40 55538 12208
05:42:40 202716 48738
05:43:41 63094 43964
05:44:41 38588 16125
05:45:42 17036 15916
05:46:42 213296 3736938
05:47:43 26580 7951
05:48:43 42630 13409
05:49:43 149309 74830
05:50:44 -1 -1
05:51:44 -1 -1
05:52:45 84756 63020
05:53:45 22914 28244
05:54:45 70890 73040
05:55:46 79101 53219
05:56:46 34056 20062
05:57:47 240731 72644
05:58:47 130068 35952
05:59:48 134356 106144
06:00:48 32927 17513
06:01:49 33878 42017
06:02:49 257905 61073
06:03:49 4482 4824
06:04:50 15456 19320
06:05:50 21801 16864
06:06:51 35192 17638
06:07:51 563402 74614
06:08:51 199803 70836
06:09:52 182244 156342
06:10:52 107331 116020
06:11:53 6802 7642
06:12:53 31212 22510
06:13:54 42242 35076
06:14:54 80577 28729
06:15:54 -1 -1
06:16:55 16647 17599
06:17:55 15159 20747
06:18:56 136739 45551
06:19:56 50555 68366
06:20:56 -1 -1
06:21:57 106083 29563
06:22:57 55766 39682
06:23:58 52160 23238
06:24:58 27232 28909
06:25:59 -1 -1
06:26:59 107770 47948
06:27:59 23156 38601
06:29:00 60463 12430
06:30:00 32471 47033
06:31:01 50167 22909
06:32:01 87594 17868
06:33:02 30126 9034
06:34:02 9696 12788
06:35:02 28861 12815
06:36:03 76030 54903
06:37:03 1094549 113557
06:38:04 166515 49228
06:39:04 220601 31853
06:40:05 131207 66811
06:41:05 134679 21527
06:42:06 65349 18278
06:43:06 123223 25803
06:44:06 22535 18783
06:45:07 -1 -1
06:46:07 556926 95603
06:47:07 220490 21709
06:48:08 30912 24899
06:49:08 95087 12525
06:50:09 20713 28550
06:51:10 162058 68836
06:52:10 47603 14921
06:53:10 127488 59383
06:54:10 169499 19223
06:55:11 -1 -1
06:56:12 120190 25059
06:57:12 56358 6672
06:58:12 -1 -1
06:59:13 76868 44351
07:00:13 48974 11610
07:01:14 30553 4986
07:02:14 99285 36739
07:03:15 2893 1976
07:04:15 15390 1436
07:05:15 13352 19072
07:06:16 174997 179119
07:07:16 10626 7238
07:08:17 9306 15254
07:09:17 103427 79930
07:10:18 43627 14210
07:11:18 93532 19169
07:12:19 24014 37339
07:13:28 41138 16732
07:14:20 123854 8896
07:15:20 -1 -1
07:16:20 115710 78975
07:17:21 13592 1531
07:18:21 110130 195189
07:19:22 54150 44353
07:20:22 12022 1559
07:21:23 102258 20345
07:22:23 69144 41455
07:23:23 125136 16590
07:24:24 9316 11124
07:25:24 80677 46415
07:26:25 69912 47680
07:27:25 221918 50354
07:28:26 29689 21546
07:29:26 36159 20465
07:30:26 35347 19029
07:31:27 46446 35957
07:32:27 46197 28220
07:33:28 53937 9980
07:34:28 57699 41884
07:35:28 252552 93060
07:36:29 130680 69962
07:37:30 50712 21617
07:38:30 130897 70878
07:39:30 82803 46242
07:40:31 47899 12098
07:41:31 91082 21242
07:42:32 75768 42306
07:43:32 12451 2249
07:44:33 68115 33114
07:45:33 17319 15684
07:46:33 30686 4784
07:47:34 38827 23081
07:48:34 91361 42896
07:49:35 42137 7001
07:50:35 44901 27348
07:51:35 40033 40176
07:52:36 -1 -1
07:53:36 58674 9668
07:54:37 -1 -1
07:55:37 21241 14134
07:56:38 6646 8715
07:57:38 106429 58567
07:58:38 96905 22263
07:59:39 27519 9024
08:00:39 50777 29049
08:01:40 104975 13796
08:02:40 301358 28543
08:03:40 3801 7641
08:04:40 80531 56634
08:05:41 -1 -1
08:06:41 194478 72657
08:07:41 137097 39356
08:08:42 9109 32398
08:09:42 30595 24095
08:10:42 349983 46546
08:11:43 11385 10544
08:12:43 -1 -1
08:13:43 38068 46220
08:14:44 36004 45635
08:15:44 82991 13377
08:16:45 18895 13950
08:17:45 40467 23473
08:18:45 -1 -1
08:19:46 67976 42261
08:20:46 66213 68133
08:21:46 73494 10310
08:22:47 40686 20201
08:23:47 145148 39359
08:24:48 -1 -1
08:25:48 101345 10822
08:26:48 85881 19514
08:27:49 41337 31862
08:28:49 895730 56110
08:29:49 131612 16559
08:30:50 -1 -1
08:31:50 -1 -1
08:32:50 33043 22129
08:33:50 -1 -1
08:34:51 446076 36838
08:35:51 -1 -1
08:36:51 37995 25980
08:37:52 572619 57408
08:38:52 60582 10039
08:39:52 244083 49353
08:40:53 39077 26308
08:41:53 94314 35665
08:42:53 -1 -1
08:43:54 62327 33441
08:44:54 55154 43513
08:45:54 16955 21886
08:46:55 138017 20827
08:47:55 143299 91080
08:48:55 26941 43063
08:49:56 32374 30410
08:50:56 41599 12998
08:51:56 133060 47664
08:52:57 -1 -1
08:53:57 36779 3015
08:54:57 82064 49256
08:55:58 20935 33685
08:56:58 -1 -1
08:57:59 140497 199624
08:58:59 5004 4364
09:00:00 34698 29655
09:01:00 103970 182370
09:02:00 217960 213633
09:03:01 63270 127913
09:04:01 262928 43562
09:05:01 10954 104020
09:06:02 46764 113524
09:07:02 46329 118491
09:08:02 954254 168143
09:09:03 119570 13427
09:10:03 49090 51744
09:11:03 481761 92803
09:12:04 78936 28791
09:13:04 28369 27964
09:14:04 350362 70613
09:15:05 45943 17514
09:16:05 140361 67790
09:17:05 94129 162529
09:18:06 79451 112647
09:19:06 190582 69409
09:20:07 21900 9892
09:21:10 107582 41872
09:22:07 223270 65815
09:23:08 72729 11919
09:24:08 21464 30662
09:25:08 222971 28241
09:26:09 7237 70938
09:27:10 280419 104474
09:28:10 19481 8537
09:29:10 84043 23001
09:30:11 268371 29287
09:31:11 503619 33374
09:32:11 91425 49844
09:33:12 430818 38564
09:34:12 641861 136666
09:35:13 19152 10464
09:36:13 328987 20507
09:37:13 93681 58027
09:38:13 73931 22692
09:39:14 94559 17212
09:40:14 148344 69409
09:41:14 16184 2335
09:42:14 25222 2908
09:43:15 120775 74515
09:44:15 1112390 66286
09:45:15 51120 18310
09:46:16 267716 24127
09:47:16 150848 20888
09:48:16 7942 8825
09:49:17 490907 94530
09:50:17 148023 93444
09:51:18 4285 992
09:52:18 297731 34879
09:53:18 146579 297294
09:54:18 48449 27081
09:55:19 -1 -1
09:56:19 36699 59762
09:57:20 159650 41465
09:58:20 12477 17792
09:59:21 147494 34482
10:00:22 30915 30720
10:01:22 104351 4391
10:02:22 74268 12773
10:03:22 36961 33948
10:04:23 222871 30072
10:05:23 72325 32558
10:06:32 163345 27344
10:07:24 121411 44864
10:08:24 -1 -1
10:09:24 251114 77690
10:10:24 161884 82001
10:11:25 167812 40524
10:12:25 660254 42253
10:13:26 1081118 92294
10:14:26 -1 -1
10:15:26 246925 61137
10:16:27 103237 80239
10:17:27 -1 -1
10:18:27 -1 -1
10:19:27 -1 -1
10:20:28 73624 38583
10:21:28 158472 39363
10:22:28 -1 -1
10:23:29 102185 24116
10:24:29 119743 65234
10:25:29 20523 26438
10:26:30 156138 20301
