00:01:18 495244 21757
00:01:58 216 694
00:02:58 19188 1369
00:04:03 87514 5188
00:05:02 601 1502
00:06:08 -1 -1
00:07:12 866 1229
02:00:05 44404 3963
02:01:05 567 1170
02:02:06 1625 685
02:03:06 2126 2294
02:04:06 20417 1475
02:05:07 3533 2661
02:06:07 6257 1328
02:07:08 1200 1925
02:08:08 1247 1696
02:09:09 14194 2393
02:10:09 71415 5245
02:11:09 5541 4895
02:12:30 -1 -1
02:13:10 680226 8665
02:14:11 -1 -1
02:15:11 971 2361
02:16:12 23308 2281
02:17:12 14556 4268
02:18:12 256 1853
02:19:13 52134 3402
02:20:13 72661 4198
02:21:14 977 4345
02:22:14 1171 1414
02:23:14 70593 5264
02:24:15 442 952
02:25:15 1369 2292
02:26:16 38453 2723
02:27:16 31252 2605
02:28:17 19423 1961
02:29:17 -1 -1
02:30:17 364 1097
02:31:18 28397 3952
02:32:18 653 697
02:33:19 575 811
02:34:19 144427 7706
02:35:19 711 2227
02:36:20 17375 2269
02:37:21 10071 2581
02:38:21 44157 4819
02:39:21 64789 7118
02:40:22 -1 -1
02:41:22 10272 2017
02:42:22 16789 2479
02:43:23 21904 2296
02:44:23 19559 1838
02:45:24 302 767
02:46:24 59336 5991
02:47:24 645 1471
02:48:25 2345 1508
02:49:25 279348 8774
02:50:26 19456 2847
02:51:26 8172 2924
02:52:27 3707 2593
02:53:27 27642 3770
02:54:27 40948 4154
02:55:28 19772 2552
02:56:28 3649 938
02:57:29 2100 1933
02:58:29 19093 1030
02:59:30 4273 1456
03:00:30 228 2037
03:01:31 131480 3981
03:02:31 703 1693
03:03:31 47654 3644
03:04:32 37994 3721
03:05:34 19069 3256
03:06:33 31721 10239
03:07:34 12892 2184
03:08:34 1099 1843
03:09:34 12820 1854
03:10:35 815 1708
03:11:35 2990 5313
03:12:36 -1 -1
03:13:36 2846 4687
03:14:36 -1 -1
03:15:37 247898 11661
03:16:38 -1 -1
03:17:38 40749 2981
03:18:38 326 1076
03:19:39 162 323
03:20:39 579 1558
03:21:40 2538 1502
03:22:40 13109 4643
03:23:41 212728 16230
03:24:41 1415 2446
03:25:42 3248 1561
03:26:42 494 956
03:27:42 629 1185
03:28:43 11359 3749
03:29:43 -1 -1
03:30:44 19037 2083
03:31:44 5394 3426
03:32:44 24857 3168
03:33:45 9308 15401
03:34:46 364 814
03:35:46 -1 -1
03:36:47 29983 10594
03:37:48 20242 2076
03:38:48 28339 3168
03:39:49 20857 4614
03:40:49 19816 1158
03:41:49 15858 4521
03:42:50 1682 1907
03:43:50 4047 1991
03:44:50 999 2080
03:45:51 -1 -1
03:46:51 39793 1373
03:47:52 9285 2551
03:48:52 1137 1733
03:49:53 10556 2616
03:50:53 52814 3419
03:51:54 10217 1474
03:52:54 19188 2825
03:53:54 19426 1859
03:54:55 430 1133
03:55:55 42707 4400
03:56:56 2173 2074
03:57:56 164463 11504
03:58:57 -1 -1
03:59:57 19096 1543
04:00:58 -1 -1
04:01:59 30511 3977
04:02:59 18973 3506
04:03:59 1513 1311
04:04:59 1397 1436
04:06:00 100848 17782
04:07:00 32076 2380
04:08:01 232 720
04:09:01 64860 4496
04:10:02 20586 6129
04:11:02 97353 18625
04:12:03 23020 1830
04:13:03 15877 15176
04:14:03 22646 5548
04:15:04 33498 5188
04:16:04 11027 2580
04:17:05 2049 1498
04:18:05 22460 3293
04:19:06 22928 8725
04:20:06 621 941
04:21:06 -1 -1
04:22:07 40523 5892
04:23:07 48769 4000
04:24:08 107154 8302
04:25:08 3528 955
04:26:08 41929 7400
04:27:09 3500 1482
04:28:09 23200 3254
04:29:10 18955 3502
04:30:10 7406 2285
04:31:10 34502 3009
04:32:11 33450 3721
04:33:11 5155 661
04:34:12 8628424 196169
04:35:12 917 2620
04:36:13 5299 2619
04:37:13 3938 1734
04:38:14 372 1290
04:39:14 36820 2830
04:40:15 21933 4920
04:41:15 15020 4746
04:42:15 18933 2617
04:43:16 24736 2416
04:44:16 10878 2240
04:45:17 29043 3573
04:46:17 583 853
04:47:17 63457 10809
04:48:18 24421 9671
04:49:18 5165 7024
04:50:20 1632 1905
04:51:19 256 731
04:52:19 1301 1844
04:53:20 2527 2069
04:54:20 106217 5753
04:55:21 38414 3675
04:56:21 8816250 200347
04:57:22 45371 6103
04:58:22 56953 3770
04:59:22 41512 3351
05:00:23 15068 2460
05:01:23 572 1246
05:02:23 797 1655
05:03:24 718 2196
05:04:24 606 3598
05:05:25 -1 -1
05:06:25 32215 4676
05:07:26 51402 3759
05:08:26 247989 8497
05:09:27 138673 5237
05:10:27 4860 2130
05:11:27 10811 3010
05:12:28 40001 1366
05:13:28 45790 2956
05:14:29 29035 1561
05:15:29 -1 -1
05:16:29 629 663
05:17:30 9746 2827
05:18:30 571 786
05:19:31 455 1547
05:20:31 20345 2755
05:21:32 21050 2582
05:22:32 9863 1958
05:23:32 19905 2744
05:24:33 629 1238
05:25:34 450 1133
05:26:34 26270 2642
05:27:34 -1 -1
05:28:35 -1 -1
05:29:35 -1 -1
05:30:35 13602 2934
05:31:36 1726 1418
05:32:36 41714 2871
05:33:37 32964 3268
05:34:37 740 669
05:35:38 10021 1491
05:36:38 2064 1101
05:37:39 244 661
05:38:39 24611 3449
05:39:39 575 597
05:40:40 5474 7759
05:41:40 23939 3475
05:42:40 3444 1529
05:44:01 -1 -1
05:44:41 26809 11880
05:45:42 24619 5707
05:46:42 1397 1635
05:47:43 22888 3354
05:48:43 5593 2351
05:49:43 32641 3883
05:50:44 -1 -1
05:51:44 21872 3916
05:52:45 34863 2084
05:53:45 220562 8133
05:54:46 15908 2246
05:55:46 29682 2365
05:56:47 509 655
05:57:47 1323 1660
05:58:48 25914 2813
05:59:48 -1 -1
06:00:48 180857 13793
06:01:49 1687 1183
06:02:49 16845 3975
06:03:50 20701 2852
06:04:50 20792 3205
06:05:51 10943 3420
06:06:51 31655 2801
06:07:51 79842 8317
06:08:52 1429 1649
06:09:52 -1 -1
06:10:53 20677 1803
06:11:53 1347 2496
06:12:53 23482 4542
06:13:54 51738 4757
06:14:54 67883 9407
06:15:55 495 792
06:16:55 35101 7096
06:17:56 -1 -1
06:18:56 47127 3269
06:19:56 9003 4627
06:20:57 884 1453
06:21:57 637 2040
06:22:58 2979 4265
06:23:58 244 1020
06:24:59 -1 -1
06:25:59 32867 3554
06:26:59 -1 -1
06:28:00 46311 3919
06:29:00 1566 2591
06:30:00 -1 -1
06:31:01 2520 14894
06:32:01 153985 12738
06:33:02 563 1195
06:34:02 16591 3466
06:35:03 1037 1317
06:36:03 236 866
06:37:04 18055 2224
06:38:04 15151 3547
06:39:05 29232 2707
06:40:05 182 1012
06:41:05 27768 3933
06:42:06 232 1240
06:43:06 -1 -1
06:44:06 10094 2868
06:45:07 38270 3930
06:46:07 27901 3718
06:47:08 1414 541
06:48:08 3825 1426
06:49:09 -1 -1
06:50:09 765 1131
06:51:10 20378 2635
06:52:10 1660 2464
06:53:10 1237 2337
06:54:11 7222 2422
06:55:11 509 714
06:56:12 17946 673
06:57:12 687 1671
06:58:13 1107 1679
06:59:13 31635 8355
07:00:13 22667 2702
07:01:14 24878 4073
07:02:14 178 337
07:03:15 1285 1979
07:04:15 51344 2656
07:05:16 648 529
07:06:16 256 845
07:07:16 252554 14498
07:08:17 969 3552
07:09:17 70836 1505
07:10:18 34929 1003
07:11:18 11010 1747
07:12:19 2190 1369
07:13:20 293557 10591
07:14:20 9692 1691
07:15:20 10750 3137
07:16:21 1534 2585
07:17:21 6695 1561
07:18:22 579 1267
07:19:22 22870 6427
07:20:23 6563 1161
07:21:23 -1 -1
07:22:23 2370 1856
07:23:24 30399 1720
07:24:24 21779 2586
07:25:25 182 457
07:26:25 43080 2387
07:27:25 132642 17874
07:28:26 133114 19874
07:29:26 318 537
07:30:27 1580 2509
07:31:27 14304 2514
07:32:28 162 743
07:33:28 13677 2469
07:34:28 6024 1075
07:35:29 940 1356
07:36:29 3453 1815
07:37:30 21737 3476
07:38:30 21844 3072
07:39:31 31718 4102
07:40:31 2225 4201
07:41:32 691 1539
07:42:32 1449 2311
07:43:32 17446 3089
07:44:33 16864 1924
07:45:33 2034 1438
07:46:34 17645 2819
07:47:34 359329 24926
07:48:34 39543 15707
07:49:35 586 14177
07:50:35 22682 25081
07:51:36 126334 40690
07:52:36 48186 3693
07:53:37 81738 4699
07:54:37 2033821 53823
07:55:37 -1 -1
07:56:38 76842 22549
07:57:38 34373 8045
07:58:38 23941 5394
07:59:39 11347 19381
08:00:40 13381 1304
08:01:40 38768 42951
08:02:40 4349 5286
08:03:40 887 868
08:04:41 967 1361
08:05:41 -1 -1
08:06:41 -1 -1
08:07:42 1410 820
08:08:42 31700 3444
08:09:42 -1 -1
08:10:42 140949 5259
08:11:43 10914 3803
08:12:43 25208 2791
08:13:44 694 1461
08:14:44 3477 1980
08:15:44 10146 2558
08:16:44 6716 2621
08:17:46 10122 46366
08:18:47 125048 100310
08:19:47 1817 44581
08:20:48 3563 40045
08:21:48 434837 28160
08:22:48 42352 6281
08:23:48 10681 2536
08:24:49 53324 4410
08:25:49 8150 3672
08:26:50 430 1752
08:27:50 3099 2261
08:28:50 434 1039
08:29:50 21528 1452
08:30:51 817 1999
08:31:51 783395 49254
08:32:51 625 835
08:33:52 688 952
08:34:52 -1 -1
08:35:52 893 1087
08:36:53 17872 3470
08:37:53 2610 2702
08:38:54 108659 6551
08:39:54 520 1131
08:40:54 224 539
08:41:54 2812 2456
08:42:55 733 1305
08:43:55 4760 6407
08:44:55 361072 26379
08:45:56 3258 4988
08:46:56 11638 2410
08:47:56 19257 5147
08:48:57 96121 5004
08:49:57 2230956 60872
08:50:57 1015426 47462
08:51:58 42048 1989
08:52:58 794 2753
08:53:58 3446 1815
08:54:59 238920 11113
08:55:59 67881 4416
08:56:59 1261 1766
08:57:59 19362 2396
08:59:00 3157 17395
09:00:00 5012 5233
09:01:00 21045 2441
09:02:01 1277 2818
09:03:01 93080 10015
09:04:01 47832 7192
09:05:02 27122 2301
09:06:02 23283 4111
09:07:02 168262 6537
09:08:02 -1 -1
09:09:03 57847 7302
09:10:03 21455 2412
09:11:03 46799 3279
09:12:04 18975 2733
09:13:04 178 403
09:14:04 1313 2046
09:15:05 2949 3167
09:16:05 -1 -1
09:17:05 11183 1086
09:18:07 5402 1683
09:19:08 91831 5311
09:20:11 80153 4878
09:21:08 -1 -1
09:22:08 124029 5251
09:23:09 77988 4181
09:24:09 59189 4569
09:25:09 -1 -1
09:26:10 -1 -1
09:27:10 38980 3785
09:28:10 5695 4002
09:29:11 3739 2397
09:30:11 1974 1328
09:31:11 20396 2827
09:32:11 5598 2856
09:33:12 65660 8496
09:34:12 133341 4475
09:35:12 1005 909
09:36:13 798083 24840
09:37:13 -1 -1
09:38:14 22558 2867
09:39:14 -1 -1
09:40:14 7374 3532
09:41:14 26402 20331
09:42:15 16630 1588
09:43:15 71646 10621
09:44:15 44932 8982
09:45:15 3864 2786
09:46:16 219485 35508
09:47:17 67578 4971
09:48:18 4943 1686
09:49:18 47438 3701
09:50:24 -1 -1
09:51:19 20554 5870
09:52:19 6003 1941
09:53:19 14962 3293
09:54:20 38117 5025
09:55:20 18666 3113
09:56:21 -1 -1
09:57:21 46394 7123
09:58:21 95226 9422
09:59:22 247952 11214
10:00:23 -1 -1
10:01:23 78501 9610
10:02:23 2580 4809
10:03:24 20373 2571
10:04:24 62133 5176
10:05:24 299035 22405
10:06:25 56877 2867
10:07:25 91569 6244
10:08:25 84022 3780
10:09:26 23541 9069
10:10:29 1381 2026
10:11:26 102349 4628
10:12:26 1161 2953
10:13:27 65429 4980
10:14:27 1999 997
10:15:27 20501 2435
10:16:28 162 1351
10:17:28 1249 1512
10:18:28 12532 10302
10:19:29 27487 1975
10:20:30 -1 -1
10:21:29 10929 1453
10:22:30 485 463
10:23:30 1514 2972
10:24:30 58978 3536
10:25:31 21775 2030
10:26:31 38268 3475
