00:02:35 1
00:07:11 1
02:00:03 1
02:05:04 1
02:10:05 1
02:15:05 1
02:20:05 1
02:25:05 1
02:30:05 1
02:35:05 1
02:40:05 1
02:45:05 1
02:50:05 1
02:55:05 1
03:00:06 1
03:05:06 1
03:10:06 1
03:15:06 1
03:20:07 1
03:25:07 1
03:30:07 1
03:35:08 1
03:40:08 1
03:45:08 1
03:50:08 1
03:55:09 1
04:00:09 1
04:05:09 1
04:10:10 1
04:15:10 1
04:20:11 1
04:25:11 1
04:30:12 1
04:35:12 1
04:40:13 1
04:45:14 1
04:50:14 1
04:55:14 1
05:00:14 1
05:05:15 1
05:10:15 1
05:15:15 1
05:20:16 1
05:25:16 1
05:30:16 1
05:35:16 1
05:40:16 1
05:45:16 1
05:50:16 1
05:55:17 1
06:00:17 1
06:05:17 1
06:10:17 1
06:15:17 1
06:20:17 1
06:25:17 1
06:30:17 1
06:35:17 1
06:40:18 1
06:45:18 1
06:50:18 1
06:55:18 1
07:00:18 1
07:05:18 1
07:10:19 1
07:15:19 1
07:20:20 1
07:25:20 1
07:30:20 1
07:35:20 1
07:40:21 1
07:45:21 1
07:50:21 1
07:55:21 1
08:00:22 1
08:05:22 1
08:10:22 1
08:15:23 1
08:20:23 1
08:25:24 1
08:30:24 1
08:35:25 1
08:40:26 1
08:45:26 1
08:50:27 1
08:55:27 1
09:00:28 1
09:05:28 1
09:10:29 1
09:15:29 1
09:20:30 1
09:25:30 1
09:30:31 1
09:35:31 1
09:40:32 1
09:45:32 1
09:50:33 1
09:55:34 1
10:00:35 1
10:05:35 1
10:10:36 1
10:15:36 1
10:20:37 1
10:25:37 1
