00:01:00 153017 34760
00:01:58 225615 32162
00:02:55 -1 -1
00:04:03 -1 -1
00:04:58 186129 21758
00:05:59 -1 -1
00:07:12 -1 -1
02:00:04 65716 31745
02:01:05 -1 -1
02:02:05 -1 -1
02:03:06 66392 22075
02:04:06 36138 15171
02:05:07 -1 -1
02:06:07 42545 16919
02:07:07 56348 21897
02:08:08 -1 -1
02:09:08 58952 20256
02:10:09 -1 -1
02:11:09 120657 23942
02:12:10 66613 28894
02:13:10 55754 19823
02:14:10 54644 4288
02:15:11 -1 -1
02:16:11 173104 73148
02:17:12 -1 -1
02:18:12 -1 -1
02:19:12 117956 68580
02:20:13 1058445 86138
02:21:13 16994 32972
02:22:14 59068 21810
02:23:15 -1 -1
02:24:15 -1 -1
02:25:15 -1 -1
02:26:15 -1 -1
02:27:16 -1 -1
02:28:16 -1 -1
02:29:17 -1 -1
02:30:17 -1 -1
02:31:18 -1 -1
02:32:18 40548 8870
02:33:18 424878 40993
02:34:19 239610 73555
02:35:20 -1 -1
02:36:20 -1 -1
02:37:20 -1 -1
02:38:20 -1 -1
02:39:21 102697 67005
02:40:21 130910 89103
02:41:22 80496 44292
02:42:22 -1 -1
02:43:23 -1 -1
02:44:23 -1 -1
02:45:23 77749 21284
02:46:24 34339 14250
02:47:24 132544 23381
02:48:25 -1 -1
02:49:25 111748 70514
02:50:25 53371 11797
02:51:26 -1 -1
02:52:26 -1 -1
02:53:27 -1 -1
02:54:27 163065 52044
02:55:28 75787 19072
02:56:29 200876 43574
02:57:29 280467 59018
02:58:29 308053 46405
02:59:29 295742 39623
03:00:30 27676 13378
03:01:30 86439 37303
03:02:31 175077 62058
03:03:31 -1 -1
03:04:32 29214 16076
03:05:32 -1 -1
03:06:33 17943 11634
03:07:33 5554 6838
03:08:34 155311 104478
03:09:34 4826 5516
03:10:34 -1 -1
03:11:35 63096 40688
03:12:35 180602 56539
03:13:36 -1 -1
03:14:37 24562 6256
03:15:37 -1 -1
03:16:38 169700 51378
03:17:37 -1 -1
03:18:38 -1 -1
03:19:38 8896 15342
03:20:39 -1 -1
03:21:39 -1 -1
03:22:40 -1 -1
03:23:40 -1 -1
03:24:41 -1 -1
03:25:41 32479 20872
03:26:42 75927 16243
03:27:42 -1 -1
03:28:42 -1 -1
03:29:43 -1 -1
03:30:43 40795 8195
03:31:44 73638 16604
03:32:44 33087 42252
03:33:45 110971 15155
03:34:46 -1 -1
03:35:46 146317 34796
03:36:47 -1 -1
03:37:47 -1 -1
03:38:48 22217 28579
03:39:48 41214 7804
03:40:48 -1 -1
03:41:49 34875 16383
03:42:49 272440 53372
03:43:50 -1 -1
03:44:50 5340 7756
03:45:51 -1 -1
03:46:51 -1 -1
03:47:51 -1 -1
03:48:52 -1 -1
03:49:52 -1 -1
03:50:53 -1 -1
03:51:53 -1 -1
03:52:54 -1 -1
03:53:54 84706 20821
03:54:55 209642 42483
03:55:55 -1 -1
03:56:56 74331 21027
03:57:56 -1 -1
03:58:57 -1 -1
03:59:57 9548 13116
04:00:57 77374 33942
04:01:58 84069 19544
04:02:59 19572 13500
04:03:59 36766 5950
04:04:59 -1 -1
04:06:00 33172 10015
04:07:00 -1 -1
04:08:00 20556 4911
04:09:01 -1 -1
04:10:01 -1 -1
04:11:02 241855 39167
04:12:02 -1 -1
04:13:03 18681 13086
04:14:03 17801 7633
04:15:04 133253 13480
04:16:05 64453 21908
04:17:04 -1 -1
04:18:05 191019 66168
04:19:05 111686 28568
04:20:06 483233 7061257
04:21:06 22870 11871
04:22:06 14763 7716
04:23:07 31205 16194
04:24:07 18627 2951
04:25:08 -1 -1
04:26:08 -1 -1
04:27:09 35473 8658
04:28:09 -1 -1
04:29:09 2506 19435
04:30:10 44202 22604
04:31:10 48290 24567
04:32:11 65802 60881
04:33:12 2163760 87434
04:34:12 12077 7046
04:35:15 -1 -1
04:36:13 25384 4486
04:37:14 70413 42601
04:38:13 -1 -1
04:39:14 -1 -1
04:40:14 -1 -1
04:41:14 -1 -1
04:42:15 -1 -1
04:43:15 -1 -1
04:44:16 -1 -1
04:45:16 38736 43964
04:46:17 28136 4757
04:47:17 43240 8388
04:48:19 -1 -1
04:49:19 37183 25373
04:50:19 -1 -1
04:51:19 19235 22575
04:52:19 116896 25711
04:53:20 35682 10761
04:54:21 53836 7821
04:55:21 -1 -1
04:56:21 -1 -1
04:57:22 -1 -1
04:58:23 21477 26124
04:59:23 -1 -1
05:00:22 82592 82403
05:01:23 -1 -1
05:02:23 60021 16972
05:03:24 42250 17156
05:04:24 169508 38856
05:05:24 -1 -1
05:06:25 -1 -1
05:07:25 -1 -1
05:08:26 77929 33246
05:09:26 29701 27290
05:10:27 -1 -1
05:11:27 280741 55524
05:12:28 158820 26746
05:13:28 113622 70338
05:14:29 63894 26514
05:15:29 -1 -1
05:16:29 102304 75907
05:17:30 -1 -1
05:18:30 -1 -1
05:19:30 229627 36691
05:20:31 32569 16981
05:21:31 77206 9092
05:22:32 48532 25148
05:23:32 -1 -1
05:24:33 -1 -1
05:25:33 -1 -1
05:26:34 106023 252153
05:27:34 -1 -1
05:28:34 63110 17259
05:29:35 20348 27784
05:30:35 -1 -1
05:31:36 43000 17677
05:32:36 49710 27578
05:33:37 110917 98447
05:34:37 -1 -1
05:35:37 2901 4857
05:36:38 120832 1301656
05:37:38 -1 -1
05:38:38 130673 34341
05:39:39 19122 9856
05:40:39 -1 -1
05:41:40 -1 -1
05:42:40 202736 48702
05:43:41 -1 -1
05:44:41 -1 -1
05:45:42 -1 -1
05:46:42 -1 -1
05:47:43 26746 8237
05:48:43 -1 -1
05:49:43 -1 -1
05:50:44 71186 37793
05:51:44 34244 7684
05:52:45 -1 -1
05:53:45 -1 -1
05:54:45 -1 -1
05:55:46 79101 53219
05:56:46 34002 20062
05:57:47 -1 -1
05:58:47 -1 -1
05:59:48 -1 -1
06:00:48 29604 35929
06:01:49 -1 -1
06:02:49 -1 -1
06:03:49 -1 -1
06:04:50 15282 19892
06:05:50 22144 17245
06:06:51 49039 22316
06:07:51 -1 -1
06:08:51 213419 71223
06:09:52 149548 191758
06:10:52 106475 111201
06:11:53 -1 -1
06:12:53 31046 22510
06:13:54 -1 -1
06:14:54 80161 28783
06:15:54 97646 27950
06:16:55 -1 -1
06:17:55 -1 -1
06:18:56 -1 -1
06:19:56 49291 67133
06:20:56 45399 34101
06:21:57 95243 31782
06:22:57 -1 -1
06:23:58 52160 23238
06:24:58 -1 -1
06:25:59 2554 4045
06:26:59 107770 47948
06:27:59 23090 38309
06:29:00 -1 -1
06:30:00 36352 51196
06:31:01 -1 -1
06:32:01 -1 -1
06:33:02 -1 -1
06:34:02 9696 12788
06:35:02 23923 10921
06:36:03 -1 -1
06:37:03 -1 -1
06:38:04 168283 99382
06:39:24 -1 -1
06:40:04 134312 65259
06:41:05 116751 20007
06:42:06 58981 18599
06:43:06 123082 25973
06:44:06 -1 -1
06:45:07 187752 25163
06:46:07 538594 95659
06:47:07 -1 -1
06:48:08 -1 -1
06:49:08 -1 -1
06:50:09 34852 82148
06:51:10 162429 69245
06:52:10 -1 -1
06:53:10 -1 -1
06:54:10 213144 19622
06:55:11 134018 30451
06:56:12 124972 25245
06:57:12 56358 6672
06:58:12 119425 28294
06:59:13 76868 44351
07:00:13 -1 -1
07:01:14 -1 -1
07:02:14 -1 -1
07:03:15 2893 1976
07:04:15 -1 -1
07:05:15 -1 -1
07:06:16 150134 183840
07:07:16 10560 6739
07:08:17 -1 -1
07:09:17 -1 -1
07:10:18 27142 15769
07:11:18 -1 -1
07:12:19 24559 38926
07:13:19 -1 -1
07:14:20 -1 -1
07:15:20 54988 34306
07:16:20 -1 -1
07:17:21 16052 1591
07:18:21 110552 198002
07:19:22 -1 -1
07:20:22 -1 -1
07:21:23 -1 -1
07:22:23 -1 -1
07:23:23 -1 -1
07:24:24 -1 -1
07:25:24 -1 -1
07:26:25 -1 -1
07:27:25 221918 50540
07:28:26 -1 -1
07:29:26 40904 21086
07:30:26 45850 18735
07:31:27 47281 37378
07:32:27 47405 29845
07:33:27 41172 6719
07:34:28 56298 39637
07:35:28 256416 92592
07:36:29 -1 -1
07:37:30 50712 21617
07:38:30 -1 -1
07:39:30 101738 52142
07:40:31 -1 -1
07:41:31 -1 -1
07:42:32 -1 -1
07:43:32 12451 2249
07:44:33 71384 33014
07:45:33 28450 17173
07:46:33 -1 -1
07:47:34 -1 -1
07:48:34 -1 -1
07:49:35 -1 -1
07:50:35 45407 28136
07:51:35 40033 40296
07:52:36 27695 8120
07:53:36 63889 10372
07:54:37 80853 50585
07:55:37 21241 14134
07:56:38 -1 -1
07:57:38 -1 -1
07:58:38 -1 -1
07:59:38 -1 -1
08:00:39 -1 -1
08:01:39 97766 14823
08:02:40 297708 28543
08:03:40 3801 7219
08:04:41 80697 56116
08:05:41 323715 50084
08:06:41 -1 -1
08:07:41 -1 -1
08:08:42 9193 33019
08:09:42 -1 -1
08:10:42 -1 -1
08:11:43 11385 10544
08:12:43 83030 19865
08:13:43 37953 46397
08:14:43 32106 44166
08:15:44 89000 12103
08:16:45 18895 13950
08:17:45 -1 -1
08:18:45 104929 37508
08:19:46 68485 43352
08:20:46 -1 -1
08:21:46 -1 -1
08:22:47 27194 20657
08:23:47 145214 39965
08:24:48 40672 7203
08:25:48 93125 10322
08:26:48 85881 19994
08:27:49 40621 40211
08:28:49 894057 52751
08:29:52 243982 30436
08:30:50 24101 30706
08:31:50 -1 -1
08:32:50 33043 22129
08:33:50 125977 56292
08:34:51 -1 -1
08:35:51 70614 27418
08:36:51 -1 -1
08:37:52 -1 -1
08:38:52 -1 -1
08:39:52 243909 48867
08:40:53 38996 26308
08:41:53 94314 35665
08:42:53 85958 21041
08:43:54 75718 34260
08:44:54 63612 46582
08:45:54 -1 -1
08:46:55 125140 19187
08:47:55 151316 83288
08:48:55 24893 40641
08:49:56 -1 -1
08:50:56 -1 -1
08:51:56 -1 -1
08:52:57 37671 22817
08:53:57 36779 3015
08:54:57 82064 49256
08:55:58 21398 34488
08:56:58 108618 52562
08:57:59 -1 -1
08:58:59 -1 -1
09:00:00 34578 29655
09:01:00 -1 -1
09:02:00 192405 255531
09:03:01 62996 127633
09:04:01 -1 -1
09:05:01 10954 104020
09:06:02 46842 113598
09:07:02 52675 114309
09:08:02 946822 167093
09:09:03 119736 13241
09:10:03 50314 52746
09:11:03 485998 93137
09:12:04 78108 25324
09:13:04 28369 28090
09:14:04 363035 71823
09:15:05 -1 -1
09:16:05 140999 69098
09:17:05 -1 -1
09:18:06 80039 86117
09:19:06 190582 69469
09:20:07 16450 9832
09:21:10 107582 41872
09:22:07 -1 -1
09:23:08 68471 11799
09:24:28 -1 -1
09:25:08 222971 28241
09:26:09 7175 46198
09:27:10 281099 105647
09:28:10 19411 8259
09:29:10 88529 23607
09:30:11 264869 33196
09:31:11 497325 33621
09:32:11 94434 51014
09:33:12 430956 38968
09:34:12 641301 136546
09:35:13 -1 -1
09:36:13 324787 20484
09:37:13 93847 58255
09:38:13 81597 25469
09:39:14 94559 17212
09:40:14 150305 69077
09:41:14 10211 1882
09:42:14 32122 2295
09:43:15 140475 77161
09:44:15 1077556 65926
09:45:15 50772 17597
09:46:16 267716 24253
09:47:16 150334 20408
09:48:16 7829 9616
09:49:17 488259 94764
09:50:17 135288 96046
09:51:18 4285 992
09:52:18 297731 34879
09:53:18 135693 296710
09:54:18 48689 26979
09:55:19 399732 33773
09:56:19 36765 59948
09:57:20 153211 40833
09:58:20 12477 17792
09:59:20 -1 -1
10:00:22 31159 31078
10:01:22 104351 4513
10:02:22 -1 -1
10:03:22 36961 33696
10:04:23 -1 -1
10:05:23 72325 32624
10:06:23 152206 24869
10:07:24 -1 -1
10:08:24 218878 22114
10:09:24 250948 78334
10:10:24 161884 85322
10:11:25 167944 40524
10:12:25 -1 -1
10:13:26 1068342 86823
10:14:26 248843 72967
10:15:26 -1 -1
10:16:26 -1 -1
10:17:27 211036 61340
10:18:27 316984 98203
10:19:27 56074 27408
10:20:28 65443 36705
10:21:28 206750 45557
10:22:28 644841 67702
10:23:29 -1 -1
10:24:29 -1 -1
10:25:29 23423 26340
10:26:30 -1 -1
