00:01:08 8188 4046
00:01:58 57889 5978
00:02:56 35780 270094
00:04:03 56273 177178
00:04:58 18412 7170
00:05:59 55851 5596
00:07:12 49545 7520
02:00:04 63321 5054
02:01:05 37398 9161
02:02:05 17963 3748
02:03:06 5851 6436
02:04:06 34550 14510
02:05:07 119534 2187500
02:06:07 119125 13440
02:07:07 138076 11352
02:08:08 45358 9404
02:09:08 44185 3501
02:10:09 106158 1330539
02:11:09 31527 4777
02:12:10 119751 14170
02:13:10 23853 7341
02:14:11 7847 2132
02:15:11 113689 6848
02:16:11 116060 8244
02:17:12 36575 11685
02:18:12 246781 11940985
02:19:13 5906 4792
02:20:13 3969 2218
02:21:13 2478 1878
02:22:14 170247 14039
02:23:14 169584 9857
02:24:14 6044 2322
02:25:15 71751 9637
02:26:15 48055 5211
02:27:16 88634 7121
02:28:16 29000 4955
02:29:17 53829 3982
02:30:17 36676 7783
02:31:17 12532 4208
02:32:18 32307 13927
02:33:19 46258 5224
02:34:19 59069 4987
02:35:19 97351 7593
02:36:20 47260 2431
02:37:20 189451 15413
02:38:20 25462 10155
02:39:21 29159 4572
02:40:21 9284 3735
02:41:22 75816 9214
02:42:22 212545 731782
02:43:23 1576 1077
02:44:23 52244 5334
02:45:23 20617 3456
02:46:24 43403 11865
02:47:24 49556 3003
02:48:25 795 1401
02:49:25 23140 2905
02:50:25 2163 906
02:51:26 40585 8770
02:52:26 27756 4474
02:53:27 5588428 130514
02:54:27 77728 10682
02:55:28 42606 2272
02:56:28 75035 12786
02:57:29 8909 3056
02:58:29 13940 3908
02:59:30 184378 7835903
03:00:30 31419 10030
03:01:30 28457 5604
03:02:31 56799 7033
03:03:31 12269164 278284
03:04:32 15062 4516
03:05:32 24686 6068
03:06:33 29511 1161826
03:07:33 17742 3227
03:08:34 13488 2732
03:09:34 28278 4784
03:10:34 3142 3106
03:11:35 34067 4553
03:12:35 42569 4548
03:13:36 72180 7983
03:14:36 45717 5701
03:15:37 21480 2525
03:16:37 40552 5341
03:17:38 28534 2425
03:18:38 11275 2688
03:19:38 1246 2272
03:20:39 8776 2889
03:21:39 3730 2253
03:22:40 3090 1695
03:23:40 67097 26262
03:24:41 31333 5769
03:25:41 45551 3805
03:26:42 59066 3449
03:27:42 59458 6896
03:28:43 24883 3459
03:29:43 7842 1489
03:30:43 20301 8401
03:31:44 48725 6285
03:32:44 20852 2859
03:33:45 74005 13504
03:34:46 53387 5857
03:35:46 3995 2982
03:36:47 70404 6538
03:37:47 24081 18330
03:38:48 3410 3867
03:39:48 4442 3337
03:40:49 20104 4190
03:41:49 70542 25082
03:42:49 7960 9789
03:43:50 94314 20217
03:44:50 46570 7094
03:45:51 92330 35875
03:46:51 39997 5641
03:47:52 107336 42251
03:48:52 76970 4955
03:49:52 77092 13389
03:50:53 22206 3792
03:51:53 4539 89930
03:52:54 33822 2037
03:53:54 36069 6596
03:54:55 37954 3854
03:55:55 19471 4078
03:56:56 57870 6247
03:57:56 95225 11734
03:58:56 20088 7861
03:59:57 95993 7195
04:00:57 3769 1973
04:01:58 31486 5204
04:02:59 71645 10106
04:03:59 2712 1467
04:04:59 9416 3218
04:06:00 9785 11450
04:07:00 52422 10316
04:08:00 2334 1056
04:09:01 13346 9803
04:10:01 93068 15982
04:11:02 23625 12806
04:12:02 92886 6066
04:13:03 59135 13040
04:14:03 30600 16321
04:15:03 102807 7510
04:16:04 87891 22789
04:17:04 42904 19633
04:18:05 151593 1076546
04:19:05 18443 3496
04:20:05 20075 7647
04:21:06 2528 3019
04:22:06 200479 30119
04:23:07 9802 5080
04:24:07 85671 15022
04:25:08 20174 9029
04:26:08 48554 8217
04:27:09 3406 1430
04:28:09 13841 5616
04:29:09 22887 4113
04:30:10 178544 29964
04:31:10 70355 27064
04:32:10 3908 1186
04:33:11 4589 847
04:34:12 235048 9336
04:35:12 12178023 278010
04:36:12 22047 9675
04:37:13 112493 19356
04:38:13 2952 3352
04:39:14 42937 3900
04:40:14 56946 11244
04:41:15 304643 23546
04:42:15 1190 1646
04:43:15 109491 6779
04:44:16 20789 3338
04:45:16 73918 6833
04:46:17 263674 9895
04:47:17 4325 4321
04:48:17 3887 2480
04:49:18 3020 1548
04:50:18 49158 3588
04:51:19 111828 10156
04:52:19 10124 6450
04:53:19 81064 15441
04:54:20 45803 4543
04:55:20 36289 17322
04:56:21 254339 14238
04:57:21 164259 7031
04:58:22 2967 4909
04:59:22 177132 8387
05:00:23 26577 6462
05:01:23 5728 1722
05:02:23 80069 6235
05:03:24 32465 10207
05:04:24 2578 720
05:05:24 23516 3261
05:06:25 79041 10395
05:07:25 14317 5449
05:08:26 20336 4111
05:09:26 24094 5383
05:10:27 26825 2106
05:11:27 28368 8443
05:12:28 42711 3718
05:13:28 122740 15928
05:14:28 49636 7467
05:15:29 7761 7046
05:16:29 55220 3348
05:17:30 48488 7882
05:18:30 107924 11663
05:19:31 35722 6369
05:20:31 14077 1922
05:21:31 92266 7711
05:22:32 138257 9391
05:23:32 194015 26055
05:24:33 31406 9030
05:25:33 33366 13150
05:26:34 14068 2067
05:27:34 41738 6308
05:28:34 76700 8054
05:29:35 33308 9343
05:30:35 57547 14662
05:31:36 51141 4259
05:32:36 14612 1169
05:33:36 54704 8279
05:34:37 78468 7120
05:35:37 55050 17829
05:36:38 19613 9282
05:37:38 9585 2050
05:38:39 3098 1669
05:39:39 68546 9264
05:40:39 19238 4065
05:41:40 15074 9451
05:42:40 1529 2049
05:43:41 24056 15862
05:44:41 162224 6650
05:45:42 22339 2847
05:46:42 2604 2841
05:47:42 22344 11490
05:48:43 33491 6511
05:49:43 175077 12825
05:50:44 68623 4211
05:51:44 139111 10381
05:52:45 120831 9069
05:53:45 6669 2566
05:54:45 55839 9291
05:55:46 45226 10900
05:56:46 218235 22862
05:57:47 288781 16373
05:58:47 83757 13476
05:59:48 166918 5867
06:00:48 64453 11881
06:01:49 37784 3215
06:02:49 53217 17243
06:03:49 11476 12698
06:04:50 105196 5547
06:05:50 28733 3552
06:06:51 123708 7760
06:07:51 78302 7097
06:08:52 37461 9072
06:09:52 156109 20477
06:10:52 23636 10135
06:11:53 85098 7137
06:12:53 53199 11934
06:13:54 21152 3769
06:14:54 81934 7675
06:15:54 25417 4147
06:16:55 171877 7893
06:17:55 29729 10765
06:18:56 5649 8436
06:19:56 12842 7006
06:20:57 56293 7039
06:21:57 22378 4438
06:22:57 60212 6891
06:23:58 90075 9773
06:24:58 13677 3568
06:25:59 99278 24863
06:26:59 118003 11755
06:27:59 50054 820578
06:29:00 91825 6429
06:30:00 27046 8793
06:31:01 157818 26777
06:32:01 88391 14394
06:33:02 66486 12318
06:34:02 97917 9754
06:35:02 19219 9358
06:36:03 5364 2067
06:37:03 61400 9641
06:38:04 47202 12989
06:39:04 87172 10875
06:40:05 207549 11568
06:41:05 120084 6721
06:42:05 49522 15419
06:43:06 20879 6810
06:44:06 114835 10958
06:45:07 81152 6907
06:46:07 62144 7696
06:47:08 88466 16945
06:48:08 14671 1080
06:49:08 27103 9774
06:50:09 54550 6724
06:51:09 72376 9031
06:52:10 63674 9276
06:53:10 8498 2350
06:54:11 44682 5229
06:55:11 48226 87591
06:56:11 50927 7159
06:57:12 93870 8136
06:58:12 31763 8372
06:59:13 158441 12996
07:00:13 92149 17013
07:01:13 107017 12042
07:02:14 37407 3647
07:03:15 5459 1409
07:04:15 32553 10340
07:05:15 14180 16041
07:06:16 565002 22134
07:07:16 98422 6789
07:08:17 70050 6831
07:09:17 57122 4618
07:10:18 49227 6198
07:11:18 29944 8396
07:12:19 59715 7675
07:13:19 11456409 265404
07:14:20 9733 4106
07:15:20 52532 11592
07:16:20 29070 10211
07:17:21 543509 25792
07:18:21 76768 7973
07:19:22 122497 10371
07:20:22 84232 6962
07:21:23 148460 19064
07:22:23 237067 22339
07:23:23 33695 10524
07:24:24 18339 6849
07:25:24 16790 17298
07:26:25 94965 15200
07:27:25 47182 11522
07:28:26 7977 6698
07:29:26 111905 63863
07:30:26 53407 6012
07:31:27 15084 5241
07:32:27 28624 14861
07:33:28 18576 5810
07:34:28 2597 1292
07:35:28 51143 3987
07:36:29 5274 3570
07:37:29 50767 920039
07:38:30 105642 676637
07:39:30 68396 912135
07:40:31 27727 735264
07:41:31 255144 1089042
07:42:32 20720 9883
07:43:32 18555 2456
07:44:33 1133 1605
07:45:33 31038 4227
07:46:33 15646 16442
07:47:34 17526 5542
07:48:34 3321 2924
07:49:35 127390 26344
07:50:35 14546 1738
07:51:35 195073 11863
07:52:36 2449 1761
07:53:36 155290 9875
07:54:37 6934 6857
07:55:37 38314 9591
07:56:38 3774 2469
07:57:40 2104 1557
07:58:38 89953 8619
07:59:39 51382 10271
08:00:40 25333 10112
08:01:40 304173 21728
08:02:40 55897 5313
08:03:40 56021 16472
08:04:40 83964 17351
08:05:41 66846 5842
08:06:41 20117 18950
08:07:41 70135 7517
08:08:42 40583 6443
08:09:42 47636 4196
08:10:42 155159 9417
08:11:43 147593 12471
08:12:43 89692 13362
08:13:43 56438 4926
08:14:43 587434 24907
08:15:44 30177 6083
08:16:44 41776 12376
08:17:45 117489 88056
08:18:45 21470 3852
08:19:46 133776 8443
08:20:46 6302 13942
08:21:47 24219 5883
08:22:47 394144 14311
08:23:47 4815 1936
08:24:48 2325 2341
08:25:48 42909 3788
08:26:48 2392 2697
08:27:48 35750 2614
08:28:49 121261 572941
08:29:49 39494 16056
08:30:49 31219 3851
08:31:50 39361 11363
08:32:50 29513 4093
08:33:50 2150 774
08:34:51 260143 20371
08:35:51 37442 3440
08:36:51 44199 11896
08:37:52 321318 18275
08:38:52 7492 5745
08:39:52 39546 10205
08:40:53 8900 4064
08:41:53 41445 4262
08:42:53 247076 20390
08:43:54 72196 11701
08:44:54 153311 179561
08:45:54 54610 3788
08:46:55 23010 6308
08:47:55 14518 3928
08:48:55 40087 1746
08:49:56 87004 14082
08:50:56 808909 157523
08:51:56 15576 8816
08:52:57 2360477 81789
08:53:57 38551 17640
08:54:57 20729 4738
08:55:58 37939 14742
08:56:58 38883 11536
08:57:59 40060 10769
08:58:59 27403 9648
09:00:00 65877 22139
09:01:00 24306 4797
09:02:00 429031 12096
09:03:01 35529 10583
09:04:01 28081 2601
09:05:01 229690 24165
09:06:02 147912 20959
09:07:02 37349 8850
09:08:02 69038 8991
09:09:03 56001 10800
09:10:03 89487 13107
09:11:03 30025 8019
09:12:04 74503 3903
09:13:04 51964 4574
09:14:04 170662 20759
09:15:04 20187 300417
09:16:05 111513 15374
09:17:05 54424 13673
09:18:06 20584 8228
09:19:06 5571 1939
09:20:07 60005 11609
09:21:10 271522 24387
09:22:07 101737 7816
09:23:08 326611 11525
09:24:08 182334 15663
09:25:08 147870 9456
09:26:09 15591 4059
09:27:10 42809 9845
09:28:10 34716 3105
09:29:10 52725 4902
09:30:11 110800 13190
09:31:11 96989 35157
09:32:11 15380 4935
09:33:11 109127 11770
09:34:12 96210 14589
09:35:12 28344 8068
09:36:12 35573 11314
09:37:13 204700 28058
09:38:13 25350 172735
09:39:14 72676 7342
09:40:14 918877 33411
09:41:14 185773 11275
09:42:14 367535 21348
09:43:15 425896 26693
09:44:15 341851 52296
09:45:15 73684 8742
09:46:16 324187 26672
09:47:16 68440 7722
09:48:17 123956 15696
09:49:17 56868 5283
09:50:17 96107 10778
09:51:18 90602 19723
09:52:18 201427 28949
09:53:18 11893734 280013
09:54:18 8255 3125
09:55:19 156388 10191
09:56:19 613299 28772
09:57:20 346515 19193
09:58:20 21493 9123
09:59:21 380782 19753
10:00:21 17910 7549
10:01:22 191003 42558
10:02:22 93191 7220
10:03:22 13113 2300
10:04:23 7414 1634
10:05:22 -1 -1
10:06:26 110409 8429
10:07:24 119636 9188
10:08:24 20157 3542
10:09:24 306389 15053
10:10:24 23011 6642
10:11:25 88333 17555
10:12:25 66430 14965
10:13:26 37855 8314
10:14:26 436673 23354
10:15:26 55657 10868
10:16:27 28024 3430
10:17:27 59665 20088
10:18:27 593502 36691
10:19:27 164165 7371
10:20:28 42112 19268
10:21:28 45276 20724
10:22:28 91914 34797
10:23:29 82096 11036
10:24:29 361471 33258
10:25:29 36219 11918
10:26:30 409221 33986
