00:00:59 62776 5602
00:01:58 251053 20472
00:02:55 38540 4387
00:04:03 135329 49828
00:04:58 38355 17770
00:05:58 36783 10993
00:06:58 190566 23438
02:00:04 30749 8518
02:01:21 22221 7642
02:02:04 36399 9460
02:03:04 190457 27365
02:04:05 223032 17965
02:05:05 90685 12759
02:06:06 59634 11139
02:07:06 35626 7488
02:08:06 48733 13308
02:09:07 56670 11735
02:10:08 70067 13616
02:11:08 30903 10344
02:12:09 26462 6370
02:13:09 47492 7847
02:14:09 145324 21027
02:15:10 49847 13982
02:16:10 147888 25211
02:17:11 184624 32961
02:18:11 107595 16095
02:19:11 139778 20223
02:20:12 8696 8942
02:21:12 40344 9595
02:22:13 112587 12343
02:23:13 71419 10624
02:24:13 82859 15372
02:25:14 17604 16616
02:26:14 245077 24051
02:27:15 66164 10565
02:28:15 25009 7891
02:29:15 52801 22357
02:30:16 128864 15333
02:31:16 203131 14865
02:32:17 13331 11479
02:33:17 77651 3490
02:34:18 154409 21281
02:35:18 39497 12543
02:36:18 21452 10553
02:37:19 50808 10120
02:38:19 119174 24561
02:39:20 34542 5676
02:40:20 37316 9170
02:41:21 41518 8997
02:42:21 423142 14681
02:43:21 84708 12124
02:44:22 117707 13378
02:45:22 85188 13107
02:46:22 99402 8669
02:47:23 196746 15518
02:48:23 50642 15984
02:49:24 104955 18138
02:50:24 162324 14698
02:51:25 242473 28246
02:52:25 31057 11551
02:53:26 63809 13459
02:54:26 72948 18005
02:55:27 72079 11451
02:56:27 1079664 47699
02:57:27 42114 8870
02:58:28 175274 27841
02:59:28 221036 19298
03:00:29 10066 5406
03:01:29 37220 10114
03:02:30 445837 6545
03:03:30 42408 16302
03:04:30 37273 13576
03:05:31 18201 11803
03:06:32 216461 18677
03:07:32 110217 16473
03:08:32 100519 12195
03:09:33 63417 13589
03:10:33 148903 17375
03:11:34 27447 9326
03:12:34 57835 15364
03:13:35 11968 10686
03:14:35 35508 10159
03:15:36 74094 18839
03:16:36 30084 11330
03:17:37 32647 10876
03:18:37 4968 2081
03:19:37 289648 19871
03:20:38 53783 16256
03:21:38 23826 8118
03:22:39 256624 22225
03:23:39 255050 18019
03:24:40 64847 15338
03:25:40 183807 26072
03:26:40 206829 22964
03:27:41 101698 34549
03:28:41 76823 10630
03:29:42 16815 7126
03:30:42 146062 22034
03:31:43 22206 8606
03:32:43 4148 2601
03:33:44 22904 4840
03:34:45 20763 10961
03:35:45 24938 8639
03:36:46 134940 18266
03:37:46 43081 28427
03:38:47 11396 8618
03:39:47 107173 19373
03:40:47 100541 12304
03:41:48 144814 20911
03:42:48 172206 31556
03:43:49 24426 18400
03:44:49 60192 7391
03:45:50 196352 21767
03:46:50 43201 15136
03:47:50 107762 17353
03:48:51 26783 14385
03:49:51 67360 10895
03:50:52 52185 12338
03:51:52 207668 15886
03:52:53 154061 15330
03:53:53 63144 24485
03:54:53 9640 5298
03:55:54 66066 6443
03:56:55 8083 35598
03:57:55 166554 20256
03:58:55 6472 6042
03:59:56 26044 10497
04:00:56 64787 4317
04:01:57 70240 8348
04:02:57 3714 1418
04:03:58 21856 5655
04:04:58 22434 7614
04:06:00 138379 27386
04:06:59 93151 23349
04:07:59 124764 17181
04:09:00 35735 7942
04:10:00 63078 19284
04:11:01 81904 16001
04:12:01 102755 14027
04:13:01 24288 12103
04:14:02 48095 7217
04:15:02 19618 7881
04:16:03 74288 15055
04:17:03 168297 17947
04:18:03 23229 10057
04:19:04 52306 14001
04:20:04 149845 12653
04:21:05 47911 11478
04:22:05 37927 10079
04:23:06 137777 14655
04:24:06 57280 13864
04:25:06 335581 17094
04:26:07 196124 14829
04:27:07 50780 15167
04:28:08 17025 11152
04:29:08 223800 28376
04:30:08 40080 22101
04:31:09 116056 72844
04:32:09 135661 78090
04:33:10 89418 66683
04:34:10 74423 9787
04:35:11 34682 8717
04:36:11 28522 10458
04:37:12 71349 8549
04:38:12 93683 27449
04:39:13 25879 12296
04:40:13 24372 6999
04:41:13 8435 8294
04:42:14 38488 8671
04:43:14 54192 9736
04:44:15 78756 14304
04:45:15 70522 15948
04:46:15 35250 10471
04:47:16 28410 8497
04:48:16 46996 10639
04:49:17 61838 12141
04:50:17 89856 11986
04:51:18 78749 8622
04:52:18 141842 15081
04:53:18 126462 17411
04:54:19 42767 11339
04:55:19 62724 12642
04:56:20 44425 17542
04:57:20 233649 38224
04:58:21 135759 13869
04:59:21 19838 6905
05:00:21 48251 9313
05:01:22 29673 9100
05:02:22 153851 29353
05:03:22 161041 15317
05:04:23 53477 20676
05:05:23 119210 14320
05:06:24 257991 26868
05:07:24 16939 12291
05:08:24 141862 12257
05:09:25 57551 13721
05:10:26 45427 9334
05:11:26 11221 9220
05:12:26 22168 9429
05:13:27 19164 282564
05:14:27 104977 17345
05:15:28 74111 17227
05:16:28 35453 5379
05:17:28 83083 18664
05:18:29 80945 13287
05:19:29 30637 7823
05:20:30 35599 7746
05:21:30 40451 19778
05:22:31 30742 11521
05:23:31 22264 3606
05:24:31 17375 9362
05:25:32 76965 28580
05:26:32 61309 13114
05:27:33 82985 9195
05:28:33 104996 12169
05:29:33 35282 10105
05:30:34 109879 17793
05:31:34 151761 17641
05:32:35 -1 -1
05:33:35 20088 4683
05:34:36 124527 17964
05:35:36 79229 8537
05:36:37 81691 16816
05:37:37 50835 9619
05:38:37 2066 3322
05:39:38 73902 7798
05:40:38 164003 18492
05:41:39 35104 13778
05:42:39 200864 26416
05:43:40 20057 18682
05:44:40 114485 9983
05:45:40 72545 10327
05:46:41 93458 9120
05:47:41 5528 4761
05:48:42 174376 18375
05:49:42 44040 11853
05:50:43 49118 11374
05:51:43 3937 2109
05:52:43 111307 14427
05:53:44 599110 29469
05:54:44 40869 10222
05:55:45 16758 7864
05:56:45 -1 -1
05:57:46 63649 12247
05:58:46 231767 15102
05:59:46 14924 9430
06:00:47 98384 25064
06:01:47 18178 9944
06:02:48 33787 15157
06:03:48 27919 19109
06:04:49 16700 14435
06:05:49 7096 8004
06:06:50 108195 18205
06:07:50 9632 3709
06:08:50 2278 3472
06:09:51 155617 19731
06:10:51 118422 17303
06:11:52 34872 8959
06:12:52 119685 17619
06:13:52 87662 12366
06:14:53 49449 10171
06:15:53 58894 10769
06:16:54 175637 19087
06:17:54 64177 14727
06:18:55 82832 13747
06:19:55 155735 18310
06:20:55 81497 10888
06:21:56 120283 15978
06:22:56 4386 1743
06:23:57 59072 23469
06:24:57 304388 54924
06:25:57 101553 12075
06:26:58 125452 15893
06:27:58 332865 28747
06:28:59 119022 15126
06:29:59 150066 19796
06:30:59 61530 14330
06:32:00 19648 5650
06:33:00 70206 9364
06:34:01 40216 134389
06:35:01 78538 15826
06:36:02 80050 11898
06:37:02 20117 6155
06:38:03 82306 107268
06:39:03 10299 7600
06:40:03 91249 17660
06:41:04 146492 29989
06:42:04 154476 20117
06:43:05 136255 9754
06:44:05 40309 9547
06:45:06 70860 12592
06:46:06 293276 26789
06:47:06 55304 8693
06:48:07 20050 9077
06:49:07 30126 11293
06:50:08 14985 7608
06:51:08 77238 17039
06:52:09 123682 22760
06:53:09 144105 17237
06:54:09 18174 8666
06:55:10 65523 7836
06:56:10 146441 14833
06:57:11 79606 13877
06:58:11 78073 20359
06:59:12 215609 23312
07:00:12 29009 3903
07:01:12 29660 7179
07:02:13 65443 12608
07:03:13 53436 19371
07:04:14 12780 11503
07:05:14 27762 21240
07:06:15 42496 9165
07:07:15 81668 9910
07:08:15 33240 6725
07:09:16 98107 8977
07:10:16 57679 11439
07:11:17 19612 8996
07:12:18 79761 14739
07:13:18 176873 17458
07:14:18 71604 10192
07:15:19 96635 14050
07:16:19 50966 15902
07:17:20 215447 30482
07:18:20 149080 21060
07:19:21 243090 15119
07:20:21 1407737 42619
07:21:21 140132 17446
07:22:22 54411 7613
07:23:22 759323 38735
07:24:23 54631 18596
07:25:23 134976 32114
07:26:23 95529 23355
07:27:24 312791 19359
07:28:24 52263 13212
07:29:25 36370 11345
07:30:25 56935 11804
07:31:26 74890 12608
07:32:26 49911 15676
07:33:27 84446 20083
07:34:27 33631 62941
07:35:27 43849 6516
07:36:28 50041 15459
07:37:28 52393 20439
07:38:29 24378 9407
07:39:29 46509 15844
07:40:30 55148 9051
07:41:30 61926 15143
07:42:31 80669 15638
07:43:31 289463 20721
07:44:31 56153 12973
07:45:32 44707 13191
07:46:32 278090 87772
07:47:33 360731 21056
07:48:33 101279 18562
07:49:34 19353 17005
07:50:34 52871 8214
07:51:34 35136 10250
07:52:35 24974 10789
07:53:35 27133 9837
07:54:36 45484 16556
07:55:36 43111 18232
07:56:36 263203 28391
07:57:37 36297 10762
07:58:38 107834 20841
07:59:38 105881 19069
08:00:39 115758 20061
08:01:39 35457 12729
08:02:40 81086 17259
08:03:40 2882 1899
08:04:40 22943 15149
08:05:41 52973 18257
08:06:41 32202 23094
08:07:41 53068 14665
08:08:42 122284 12795
08:09:42 56899 15721
08:10:42 43487 15657
08:11:43 84407 13326
08:12:43 24946 5230
08:13:43 101977 16177
08:14:43 40877 6817
08:15:44 71791 16890
08:16:44 48460 11204
08:17:45 171800 18445
08:18:45 58032 8406
08:19:46 612497 6718
08:20:46 1328571 36828
08:21:46 799835 22593
08:22:47 68154 16527
08:23:47 75782 9302
08:24:47 216605 12633
08:25:48 46993 9854
08:26:48 50660 18467
08:27:48 96679 16241
08:28:49 216143 36328
08:29:49 712240 34041
08:30:49 86174 11240
08:31:50 125495 15252
08:32:50 35604 24892
08:33:50 27300 16487
08:34:51 41809 13376
08:35:51 325329 23665
08:36:51 98857 21039
08:37:52 129039 15343
08:38:52 149178 19409
08:39:53 275658 27879
08:40:53 783496 37256
08:41:53 4113 4840
08:42:53 42372 18585
08:43:54 267947 21960
08:44:54 74429 8720
08:45:54 110102 17283
08:46:55 123992 24550
08:47:55 43192 11275
08:48:55 20597 10370
08:49:55 63082 28034
08:50:56 152879 20489
08:51:56 23556 18204
08:52:56 122012 18336
08:53:57 390555 22648
08:54:57 59404 15102
08:55:58 127833 19711
08:56:58 345431 29695
08:57:59 317225 34436
08:58:59 159474 36057
09:00:00 195756 27512
09:01:00 648379 18396
09:02:00 69595 17901
09:03:01 250606 16427
09:04:01 57069 22311
09:05:01 86971 16671
09:06:01 116608 22016
09:07:02 48484 9740
09:08:02 83926 25972
09:09:02 20113 12204
09:10:03 150613 24419
09:11:03 145086 20799
09:12:04 367334 22553
09:13:04 228110 25591
09:14:04 106528 13249
09:15:04 59298 7578
09:16:05 69135 14877
09:17:05 17497 8630
09:18:05 553956 34045
09:19:06 127350 24880
09:20:06 80367 15132
09:21:07 56834 18692
09:22:07 58923 22222
09:23:08 33265 15808
09:24:08 50694 12106
09:25:08 77270 15595
09:26:08 206629 19233
09:27:09 57347 10408
09:28:10 113971 28282
09:29:10 39657 9991
09:30:11 112742 22249
09:31:11 139821 34983
09:32:11 778627 57286
09:33:11 117035 19691
09:34:12 243751 63874
09:35:12 85031 10184
09:36:12 62481 14130
09:37:13 71081 8492
09:38:13 241230 24063
09:39:13 117571 18763
09:40:14 48303 13253
09:41:14 30994 17261
09:42:14 267778 18326
09:43:15 135828 32171
09:44:15 535963 46861
09:45:14 -1 -1
09:46:16 61168 13185
09:47:16 67703 18946
09:48:16 13337 8151
09:49:17 491134 12115
09:50:17 711462 32624
09:51:17 826078 40191
09:52:18 90733 19358
09:53:18 45015 11793
09:54:18 272555 38395
09:55:19 156698 19044
09:56:19 89338 17811
09:57:20 5558 9155
09:58:20 89235 13607
09:59:20 122747 19669
10:00:21 40503 16236
10:01:22 153439 88409
10:02:22 159144 28274
10:03:22 73779 14882
10:04:26 729286 47826
10:05:23 227220 12954
10:06:23 382811 112275
10:07:24 79628 21929
10:08:26 -1 -1
10:09:24 39763 16700
10:10:25 118968 77247
10:11:25 128780 17345
10:12:25 145297 20240
10:13:25 108509 38056
10:14:26 241063 117558
10:15:26 114663 23365
10:16:27 366121 86593
10:17:27 77748 37949
10:18:27 191848 27551
10:19:27 216256 29422
10:20:27 282777 37320
10:21:28 1008124 56041
10:22:28 176771 42281
10:23:29 177904 37949
10:24:29 109212 34304
10:25:29 127184 25120
10:26:30 261171 35466
