00:00:21 4 0 12
00:00:54 4 0 14
00:01:40 4 0 13
00:01:53 4 0 12
00:02:22 4 0 12
00:02:52 4 0 12
00:03:23 4 0 12
00:03:56 4 0 14
00:04:26 4 0 12
00:04:57 4 0 12
00:05:27 4 0 12
00:05:57 4 0 12
00:06:28 4 0 12
00:07:11 4 0 12
02:00:03 4 0 12
02:00:33 4 0 13
02:01:04 4 0 12
02:01:34 4 0 12
02:02:04 4 0 12
02:02:34 4 0 13
02:03:05 4 0 12
02:03:35 4 0 13
02:04:05 4 0 16
02:04:35 4 0 12
02:05:05 4 0 12
02:05:36 4 0 12
02:06:06 4 0 12
02:06:36 4 0 13
02:07:06 4 0 13
02:07:36 4 0 12
02:08:07 4 0 12
02:08:37 4 0 14
02:09:07 4 0 14
02:09:37 4 0 12
02:10:08 4 0 23
02:10:38 4 0 13
02:11:08 4 0 12
02:11:38 4 0 13
02:12:09 4 0 38
02:12:39 4 0 13
02:13:09 4 0 12
02:13:39 4 0 13
02:14:09 4 0 12
02:14:39 4 0 14
02:15:10 4 0 12
02:15:40 4 0 13
02:16:10 4 0 12
02:16:40 4 0 19
02:17:11 4 0 13
02:17:41 4 0 13
02:18:11 4 0 12
02:18:41 4 0 13
02:19:11 4 0 12
02:19:42 4 0 13
02:20:12 4 0 12
02:20:42 4 0 13
02:21:12 4 0 12
02:21:42 4 0 12
02:22:13 4 0 12
02:22:43 4 0 13
02:23:13 4 0 12
02:23:43 4 0 13
02:24:13 4 0 14
02:24:44 4 0 12
02:25:14 4 0 12
02:25:44 4 0 12
02:26:14 4 0 12
02:26:45 4 0 13
02:27:15 4 0 12
02:27:45 4 0 12
02:28:15 4 0 13
02:28:45 4 0 12
02:29:16 4 0 12
02:29:46 4 0 14
02:30:16 4 0 12
02:30:46 4 0 12
02:31:16 4 0 12
02:31:47 4 0 13
02:32:17 4 0 13
02:32:47 4 0 12
02:33:17 4 0 12
02:33:47 4 0 13
02:34:18 4 0 12
02:34:48 4 0 12
02:35:18 4 0 12
02:35:48 4 0 13
02:36:19 4 0 12
02:36:49 4 0 12
02:37:19 4 0 12
02:37:49 4 0 12
02:38:19 4 0 12
02:38:50 4 0 12
02:39:20 4 0 12
02:39:50 4 0 13
02:40:20 4 0 12
02:40:50 4 0 12
02:41:21 4 0 12
02:41:51 4 0 12
02:42:21 4 0 12
02:42:51 4 0 13
02:43:21 4 0 12
02:43:52 4 0 13
02:44:22 4 0 12
02:44:52 4 0 13
02:45:22 4 0 12
02:45:52 4 0 13
02:46:23 4 0 15
02:46:53 4 0 13
02:47:23 4 0 12
02:47:53 4 0 13
02:48:23 4 0 12
02:48:54 4 0 12
02:49:24 4 0 12
02:49:54 4 0 12
02:50:24 4 0 12
02:50:55 4 0 12
02:51:25 4 0 12
02:51:55 4 0 13
02:52:25 4 0 12
02:52:55 4 0 12
02:53:26 4 0 19
02:53:56 4 0 13
02:54:26 4 0 12
02:54:56 4 0 12
02:55:27 4 0 12
02:55:57 4 0 13
02:56:27 4 0 12
02:56:57 4 0 13
02:57:28 4 0 12
02:57:58 4 0 12
02:58:28 4 0 12
02:58:58 4 0 13
02:59:28 4 0 12
02:59:59 4 0 14
03:00:29 4 0 12
03:00:59 4 0 13
03:01:29 4 0 12
03:01:59 4 0 13
03:02:30 4 0 13
03:03:00 4 0 12
03:03:30 4 0 13
03:04:00 4 0 14
03:04:31 4 0 31
03:05:01 4 0 13
03:05:31 4 0 15
03:06:01 4 0 14
03:06:32 4 0 12
03:07:02 4 0 14
03:07:32 4 0 12
03:08:02 4 0 12
03:08:32 4 0 12
03:09:03 4 0 14
03:09:33 4 0 14
03:10:03 4 0 13
03:10:33 4 0 12
03:11:04 4 0 13
03:11:34 4 0 12
03:12:04 4 0 14
03:12:34 4 0 14
03:13:04 4 0 13
03:13:35 4 0 14
03:14:05 4 0 13
03:14:35 4 0 12
03:15:05 4 0 12
03:15:36 4 0 13
03:16:06 4 0 13
03:16:36 4 0 12
03:17:06 4 0 14
03:17:37 4 0 12
03:18:07 4 0 13
03:18:37 4 0 12
03:19:07 4 0 13
03:19:37 4 0 12
03:20:08 4 0 13
03:20:38 4 0 12
03:21:08 4 0 13
03:21:38 4 0 12
03:22:08 4 0 12
03:22:39 4 0 12
03:23:09 4 0 12
03:23:39 4 0 12
03:24:09 4 0 13
03:24:40 4 0 12
03:25:10 4 0 12
03:25:40 4 0 12
03:26:10 4 0 12
03:26:40 4 0 12
03:27:11 4 0 13
03:27:41 4 0 12
03:28:11 4 0 12
03:28:41 4 0 12
03:29:12 4 0 12
03:29:42 4 0 12
03:30:12 4 0 12
03:30:42 4 0 12
03:31:12 4 0 12
03:31:43 4 0 12
03:32:13 4 0 12
03:32:43 4 0 12
03:33:13 4 0 14
03:33:44 4 0 12
03:34:14 4 0 12
03:34:45 4 0 12
03:35:15 4 0 12
03:35:45 4 0 12
03:36:15 4 0 12
03:36:46 4 0 12
03:37:16 4 0 14
03:37:46 4 0 39
03:38:16 4 0 13
03:38:47 4 0 12
03:39:17 4 0 12
03:39:47 4 0 12
03:40:17 4 0 14
03:40:47 4 0 12
03:41:18 4 0 13
03:41:48 4 0 13
03:42:18 4 0 12
03:42:48 4 0 12
03:43:18 4 0 12
03:43:49 4 0 12
03:44:19 4 0 13
03:44:49 4 0 12
03:45:19 4 0 12
03:45:50 4 0 12
03:46:20 4 0 13
03:46:50 4 0 12
03:47:20 4 0 12
03:47:50 4 0 12
03:48:21 4 0 13
03:48:51 4 0 12
03:49:21 4 0 12
03:49:51 4 0 35
03:50:22 4 0 12
03:50:52 4 0 44
03:51:22 4 0 13
03:51:52 4 0 12
03:52:22 4 0 12
03:52:53 4 0 12
03:53:23 4 0 15
03:53:53 4 0 12
03:54:23 4 0 13
03:54:54 4 0 12
03:55:24 4 0 13
03:55:54 4 0 12
03:56:24 4 0 12
03:56:55 4 0 12
03:57:25 4 0 12
03:57:55 4 0 12
03:58:25 4 0 12
03:58:55 4 0 12
03:59:26 4 0 12
03:59:56 4 0 12
04:00:26 4 0 13
04:00:56 4 0 12
04:01:27 4 0 14
04:01:57 4 0 42
04:02:27 4 0 14
04:02:57 4 0 12
04:03:27 4 0 13
04:03:58 4 0 12
04:04:28 4 0 13
04:04:58 4 0 12
04:05:28 4 0 16
04:05:59 4 0 12
04:06:29 4 0 12
04:06:59 4 0 15
04:07:29 4 0 14
04:07:59 4 0 15
04:08:30 4 0 35
04:09:00 4 0 15
04:09:30 4 0 12
04:10:00 4 0 12
04:10:31 4 0 14
04:11:01 4 0 12
04:11:31 4 0 12
04:12:01 4 0 12
04:12:31 4 0 14
04:13:01 4 0 12
04:13:32 4 0 12
04:14:02 4 0 14
04:14:32 4 0 12
04:15:02 4 0 12
04:15:33 4 0 13
04:16:03 4 0 12
04:16:33 4 0 14
04:17:03 4 0 12
04:17:33 4 0 13
04:18:04 4 0 12
04:18:34 4 0 13
04:19:04 4 0 12
04:19:34 4 0 13
04:20:04 4 0 12
04:20:35 4 0 12
04:21:05 4 0 12
04:21:35 4 0 14
04:22:05 4 0 12
04:22:35 4 0 12
04:23:06 4 0 12
04:23:36 4 0 14
04:24:06 4 0 12
04:24:36 4 0 13
04:25:07 4 0 12
04:25:37 4 0 12
04:26:07 4 0 13
04:26:37 4 0 13
04:27:07 4 0 12
04:27:38 4 0 15
04:28:08 4 0 12
04:28:38 4 0 13
04:29:08 4 0 12
04:29:38 4 0 13
04:30:09 4 0 12
04:30:39 4 0 14
04:31:09 4 0 12
04:31:39 4 0 13
04:32:09 4 0 12
04:32:40 4 0 13
04:33:10 4 0 12
04:33:40 4 0 14
04:34:10 4 0 12
04:34:40 4 0 14
04:35:11 4 0 13
04:35:41 4 0 13
04:36:11 4 0 12
04:36:41 4 0 12
04:37:12 4 0 16
04:37:42 4 0 13
04:38:12 4 0 15
04:38:42 4 0 13
04:39:12 4 0 12
04:39:43 4 0 12
04:40:13 4 0 12
04:40:43 4 0 15
04:41:13 4 0 12
04:41:44 4 0 12
04:42:14 4 0 12
04:42:44 4 0 13
04:43:14 4 0 12
04:43:44 4 0 13
04:44:15 4 0 12
04:44:45 4 0 13
04:45:15 4 0 12
04:45:45 4 0 12
04:46:16 4 0 12
04:46:46 4 0 13
04:47:16 4 0 12
04:47:46 4 0 12
04:48:16 4 0 12
04:48:46 4 0 14
04:49:17 4 0 12
04:49:47 4 0 12
04:50:17 4 0 12
04:50:47 4 0 12
04:51:18 4 0 60
04:51:48 4 0 13
04:52:18 4 0 12
04:52:48 4 0 13
04:53:18 4 0 12
04:53:49 4 0 14
04:54:19 4 0 12
04:54:49 4 0 14
04:55:19 4 0 12
04:55:49 4 0 13
04:56:20 4 0 12
04:56:50 4 0 13
04:57:20 4 0 13
04:57:50 4 0 12
04:58:21 4 0 12
04:58:51 4 0 13
04:59:21 4 0 12
04:59:51 4 0 14
05:00:21 4 0 12
05:00:52 4 0 12
05:01:22 4 0 14
05:01:52 4 0 13
05:02:22 4 0 12
05:02:52 4 0 14
05:03:22 4 0 12
05:03:53 4 0 13
05:04:23 4 0 12
05:04:53 4 0 12
05:05:23 4 0 12
05:05:54 4 0 12
05:06:24 4 0 12
05:06:54 4 0 13
05:07:24 4 0 12
05:07:54 4 0 14
05:08:25 4 0 12
05:08:55 4 0 15
05:09:25 4 0 12
05:09:55 4 0 13
05:10:26 4 0 12
05:10:56 4 0 13
05:11:26 4 0 14
05:11:56 4 0 13
05:12:26 4 0 33
05:12:57 4 0 12
05:13:27 4 0 12
05:13:57 4 0 13
05:14:27 4 0 12
05:14:57 4 0 12
05:15:28 4 0 12
05:15:58 4 0 12
05:16:28 4 0 12
05:16:58 4 0 13
05:17:29 4 0 12
05:17:59 4 0 13
05:18:29 4 0 12
05:18:59 4 0 14
05:19:29 4 0 12
05:20:00 4 0 12
05:20:30 4 0 12
05:21:00 4 0 13
05:21:30 4 0 12
05:22:00 4 0 13
05:22:31 4 0 12
05:23:01 4 0 13
05:23:31 4 0 15
05:24:01 4 0 13
05:24:32 4 0 12
05:25:02 4 0 14
05:25:32 4 0 12
05:26:02 4 0 12
05:26:32 4 0 12
05:27:03 4 0 12
05:27:33 4 0 12
05:28:03 4 0 13
05:28:33 4 0 12
05:29:03 4 0 12
05:29:34 4 0 12
05:30:04 4 0 12
05:30:34 4 0 12
05:31:04 4 0 13
05:31:34 4 0 12
05:32:05 4 0 12
05:32:35 4 0 12
05:33:05 4 0 12
05:33:35 4 0 12
05:34:05 4 0 13
05:34:36 4 0 12
05:35:06 4 0 12
05:35:36 4 0 12
05:36:06 4 0 12
05:36:37 4 0 12
05:37:07 4 0 14
05:37:37 4 0 12
05:38:07 4 0 13
05:38:37 4 0 13
05:39:08 4 0 13
05:39:38 4 0 12
05:40:08 4 0 13
05:40:38 4 0 12
05:41:09 4 0 12
05:41:39 4 0 12
05:42:09 4 0 14
05:42:39 4 0 12
05:43:09 4 0 13
05:43:40 4 0 12
05:44:10 4 0 13
05:44:40 4 0 12
05:45:10 4 0 12
05:45:40 4 0 12
05:46:11 4 0 13
05:46:41 4 0 12
05:47:11 4 0 13
05:47:41 4 0 12
05:48:11 4 0 13
05:48:42 4 0 12
05:49:12 4 0 12
05:49:42 4 0 12
05:50:12 4 0 14
05:50:43 4 0 12
05:51:13 4 0 12
05:51:43 4 0 12
05:52:13 4 0 12
05:52:43 4 0 12
05:53:14 4 0 12
05:53:44 4 0 12
05:54:14 4 0 13
05:54:44 4 0 12
05:55:15 4 0 14
05:55:45 4 0 12
05:56:15 4 0 12
05:56:45 4 0 12
05:57:15 4 0 12
05:57:46 4 0 12
05:58:16 4 0 14
05:58:46 4 0 12
05:59:16 4 0 13
05:59:47 4 0 12
06:00:17 4 0 12
06:00:47 4 0 12
06:01:17 4 0 13
06:01:47 4 0 12
06:02:18 4 0 12
06:02:48 4 0 12
06:03:18 4 0 13
06:03:48 4 0 12
06:04:18 4 0 13
06:04:49 4 0 12
06:05:19 4 0 12
06:05:49 4 0 12
06:06:19 4 0 14
06:06:50 4 0 12
06:07:20 4 0 13
06:07:50 4 0 13
06:08:20 4 0 13
06:08:50 4 0 12
06:09:21 4 0 14
06:09:51 4 0 12
06:10:21 4 0 13
06:10:51 4 0 12
06:11:21 4 0 13
06:11:52 4 0 12
06:12:22 4 0 13
06:12:52 4 0 13
06:13:22 4 0 13
06:13:52 4 0 14
06:14:23 4 0 12
06:14:53 4 0 12
06:15:23 4 0 13
06:15:53 4 0 13
06:16:24 4 0 15
06:16:54 4 0 12
06:17:24 4 0 12
06:17:54 4 0 15
06:18:24 4 0 12
06:18:55 4 0 12
06:19:25 4 0 14
06:19:55 4 0 12
06:20:25 4 0 12
06:20:55 4 0 13
06:21:26 4 0 14
06:21:56 4 0 12
06:22:26 4 0 15
06:22:56 4 0 24
06:23:26 4 0 13
06:23:57 4 0 12
06:24:27 4 0 12
06:24:57 4 0 12
06:25:27 4 0 13
06:25:57 4 0 12
06:26:28 4 0 12
06:26:58 4 0 12
06:27:28 4 0 13
06:27:58 4 0 12
06:28:29 4 0 14
06:28:59 4 0 12
06:29:29 4 0 12
06:29:59 4 0 12
06:30:29 4 0 13
06:31:00 4 0 13
06:31:30 4 0 12
06:32:00 4 0 12
06:32:30 4 0 13
06:33:00 4 0 12
06:33:31 4 0 14
06:34:01 4 0 12
06:34:31 4 0 13
06:35:01 4 0 12
06:35:31 4 0 13
06:36:02 4 0 12
06:36:32 4 0 12
06:37:02 4 0 12
06:37:32 4 0 14
06:38:03 4 0 12
06:38:33 4 0 14
06:39:03 4 0 13
06:39:33 4 0 13
06:40:03 4 0 12
06:40:34 4 0 13
06:41:04 4 0 12
06:41:34 4 0 12
06:42:04 4 0 13
06:42:35 4 0 13
06:43:05 4 0 12
06:43:35 4 0 12
06:44:05 4 0 12
06:44:35 4 0 13
06:45:06 4 0 12
06:45:36 4 0 12
06:46:06 4 0 12
06:46:36 4 0 12
06:47:06 4 0 12
06:47:37 4 0 12
06:48:07 4 0 12
06:48:37 4 0 13
06:49:07 4 0 14
06:49:37 4 0 13
06:50:08 4 0 12
06:50:38 4 0 13
06:51:08 4 0 12
06:51:38 4 0 13
06:52:09 4 0 12
06:52:39 4 0 32
06:53:09 4 0 12
06:53:39 4 0 16
06:54:09 4 0 12
06:54:40 4 0 12
06:55:10 4 0 12
06:55:40 4 0 12
06:56:10 4 0 12
06:56:40 4 0 13
06:57:11 4 0 12
06:57:41 4 0 13
06:58:11 4 0 14
06:58:41 4 0 12
06:59:12 4 0 12
06:59:42 4 0 13
07:00:12 4 0 12
07:00:42 4 0 13
07:01:12 4 0 12
07:01:43 4 0 14
07:02:13 4 0 12
07:02:43 4 0 12
07:03:13 4 0 12
07:03:44 4 0 13
07:04:14 4 0 12
07:04:44 4 0 14
07:05:14 4 0 12
07:05:44 4 0 15
07:06:15 4 0 12
07:06:45 4 0 12
07:07:15 4 0 12
07:07:45 4 0 12
07:08:15 4 0 12
07:08:46 4 0 13
07:09:16 4 0 12
07:09:46 4 0 14
07:10:16 4 0 12
07:10:47 4 0 12
07:11:17 4 0 12
07:11:47 4 0 13
07:12:18 4 0 12
07:12:48 4 0 13
07:13:18 4 0 12
07:13:48 4 0 12
07:14:18 4 0 13
07:14:49 4 0 12
07:15:19 4 0 13
07:15:49 4 0 12
07:16:19 4 0 12
07:16:50 4 0 13
07:17:20 4 0 12
07:17:50 4 0 12
07:18:20 4 0 12
07:18:50 4 0 13
07:19:21 4 0 12
07:19:51 4 0 13
07:20:21 4 0 12
07:20:51 4 0 13
07:21:21 4 0 13
07:21:52 4 0 13
07:22:22 4 0 12
07:22:52 4 0 14
07:23:22 4 0 12
07:23:53 4 0 12
07:24:23 4 0 12
07:24:53 4 0 12
07:25:23 4 0 12
07:25:53 4 0 13
07:26:24 4 0 12
07:26:54 4 0 13
07:27:24 4 0 12
07:27:54 4 0 13
07:28:24 4 0 12
07:28:55 4 0 13
07:29:25 4 0 12
07:29:55 4 0 13
07:30:25 4 0 12
07:30:55 4 0 14
07:31:26 4 0 12
07:31:56 4 0 13
07:32:26 4 0 15
07:32:56 4 0 13
07:33:27 4 0 12
07:33:57 4 0 13
07:34:27 4 0 12
07:34:57 4 0 12
07:35:27 4 0 12
07:35:58 4 0 13
07:36:28 4 0 12
07:36:58 4 0 13
07:37:28 4 0 12
07:37:59 4 0 12
07:38:29 4 0 12
07:38:59 4 0 12
07:39:29 4 0 12
07:39:59 4 0 13
07:40:30 4 0 12
07:41:00 4 0 13
07:41:30 4 0 13
07:42:00 4 0 42
07:42:31 4 0 12
07:43:01 4 0 14
07:43:31 4 0 12
07:44:01 4 0 14
07:44:31 4 0 12
07:45:02 4 0 14
07:45:32 4 0 12
07:46:02 4 0 12
07:46:32 4 0 12
07:47:03 4 0 14
07:47:33 4 0 12
07:48:03 4 0 12
07:48:33 4 0 12
07:49:03 4 0 13
07:49:34 4 0 12
07:50:04 4 0 12
07:50:34 4 0 12
07:51:04 4 0 13
07:51:34 4 0 12
07:52:05 4 0 14
07:52:35 4 0 13
07:53:05 4 0 12
07:53:35 4 0 12
07:54:05 4 0 13
07:54:36 4 0 13
07:55:06 4 0 12
07:55:36 4 0 12
07:56:06 4 0 14
07:56:36 4 0 14
07:57:07 4 0 12
07:57:38 4 0 12
07:58:10 4 0 12
07:58:40 4 0 12
07:59:10 4 0 12
07:59:41 4 0 12
08:00:11 4 0 12
08:00:41 4 0 12
08:01:11 4 0 12
08:01:42 4 0 12
08:02:12 4 0 12
08:02:42 4 0 12
08:03:12 4 0 12
08:03:42 4 0 12
08:04:12 4 0 13
08:04:42 4 0 12
08:05:12 4 0 12
08:05:43 4 0 12
08:06:13 4 0 12
08:06:43 4 0 12
08:07:13 4 0 12
08:07:43 4 0 12
08:08:13 4 0 12
08:08:44 4 0 12
08:09:14 4 0 12
08:09:44 4 0 12
08:10:14 4 0 12
08:10:44 4 0 12
08:11:14 4 0 12
08:11:45 4 0 12
08:12:15 4 0 12
08:12:45 4 0 12
08:13:15 4 0 12
08:13:45 4 0 12
08:14:15 4 0 12
08:14:46 4 0 12
08:15:16 4 0 12
08:15:46 4 0 12
08:16:16 4 0 12
08:16:46 4 0 12
08:17:16 4 0 12
08:17:47 4 0 12
08:18:17 4 0 14
08:18:47 4 0 12
08:19:18 4 0 12
08:19:48 4 0 16
08:20:18 4 0 12
08:20:48 4 0 12
08:21:18 4 0 12
08:21:49 4 0 12
08:22:19 4 0 12
08:22:49 4 0 12
08:23:19 4 0 12
08:23:49 4 0 12
08:24:19 4 0 12
08:24:50 4 0 31
08:25:21 3 1 15
08:25:50 4 0 12
08:26:20 4 0 12
08:26:50 4 0 12
08:27:20 4 0 12
08:27:51 4 0 14
08:28:21 4 0 12
08:28:51 4 0 12
08:29:21 4 0 12
08:29:51 4 0 12
08:30:21 4 0 12
08:30:52 4 0 12
08:31:22 4 0 12
08:31:52 4 0 12
08:32:22 4 0 12
08:32:52 4 0 12
08:33:22 4 0 12
08:33:52 4 0 12
08:34:22 4 0 12
08:34:53 4 0 12
08:35:23 4 0 12
08:35:53 4 0 12
08:36:23 4 0 12
08:36:54 4 0 12
08:37:24 4 0 12
08:37:54 4 0 12
08:38:24 4 0 12
08:38:54 4 0 13
08:39:24 4 0 12
08:39:54 4 0 12
08:40:25 4 0 40
08:40:55 4 0 12
08:41:25 4 0 12
08:41:55 4 0 12
08:42:25 4 0 12
08:42:55 4 0 12
08:43:25 4 0 12
08:43:56 4 0 12
08:44:26 4 0 14
08:44:56 4 0 12
08:45:26 4 0 12
08:45:56 4 0 12
08:46:26 4 0 12
08:46:57 4 0 12
08:47:27 4 0 12
08:47:57 4 0 12
08:48:27 4 0 12
08:48:57 4 0 12
08:49:27 4 0 12
08:49:58 4 0 12
08:50:28 4 0 12
08:50:58 4 0 12
08:51:28 4 0 12
08:51:58 4 0 12
08:52:28 4 0 12
08:52:59 4 0 12
08:53:29 4 0 12
08:53:59 4 0 12
08:54:29 4 0 12
08:54:59 4 0 12
08:55:29 4 0 12
08:56:00 4 0 12
08:56:30 4 0 12
08:57:00 4 0 12
08:57:30 4 0 12
08:58:01 4 0 17
08:58:31 4 0 12
08:59:01 4 0 12
08:59:31 4 0 12
09:00:02 4 0 12
09:00:32 4 0 12
09:01:02 4 0 12
09:01:32 4 0 12
09:02:02 4 0 12
09:02:32 4 0 12
09:03:03 4 0 12
09:03:33 4 0 12
09:04:03 4 0 13
09:04:33 4 0 12
09:05:03 4 0 12
09:05:33 4 0 12
09:06:04 4 0 12
09:06:34 4 0 12
09:07:04 4 0 12
09:07:34 4 0 12
09:08:04 4 0 12
09:08:34 4 0 12
09:09:05 4 0 12
09:09:35 4 0 12
09:10:05 4 0 12
09:10:35 4 0 13
09:11:05 4 0 12
09:11:35 4 0 12
09:12:06 4 0 12
09:12:36 4 0 12
09:13:06 4 0 12
09:13:36 4 0 12
09:14:06 4 0 13
09:14:37 3 1 12
09:15:06 4 0 12
09:15:36 4 0 12
09:16:07 4 0 12
09:16:37 4 0 12
09:17:07 4 0 12
09:17:37 4 0 12
09:18:08 4 0 12
09:18:38 4 0 12
09:19:08 4 0 12
09:19:39 3 1 12
09:20:09 4 0 12
09:20:39 4 0 12
09:21:09 4 0 12
09:21:39 4 0 12
09:22:09 4 0 12
09:22:40 3 1 12
09:23:10 4 0 12
09:23:40 4 0 12
09:24:10 4 0 12
09:24:40 4 0 14
09:25:10 4 0 12
09:25:40 4 0 12
09:26:11 4 0 12
09:26:41 4 0 12
09:27:11 4 0 12
09:27:42 4 0 12
09:28:12 4 0 12
09:28:42 4 0 12
09:29:12 4 0 12
09:29:42 4 0 12
09:30:13 4 0 12
09:30:43 4 0 13
09:31:13 4 0 12
09:31:43 4 0 12
09:32:13 4 0 12
09:32:43 4 0 12
09:33:14 4 0 12
09:33:44 4 0 12
09:34:14 4 0 12
09:34:44 4 0 12
09:35:14 4 0 12
09:35:44 4 0 12
09:36:14 4 0 12
09:36:45 4 0 12
09:37:15 4 0 12
09:37:45 4 0 12
09:38:15 4 0 12
09:38:45 4 0 12
09:39:16 4 0 12
09:39:46 4 0 12
09:40:16 4 0 12
09:40:46 4 0 12
09:41:16 4 0 12
09:41:46 4 0 12
09:42:16 4 0 12
09:42:46 4 0 12
09:43:17 4 0 20
09:43:47 4 0 12
09:44:17 4 0 12
09:44:47 4 0 13
09:45:17 4 0 12
09:45:47 4 0 12
09:46:18 4 0 12
09:46:48 4 0 13
09:47:18 4 0 12
09:47:48 4 0 12
09:48:19 4 0 12
09:48:49 4 0 12
09:49:19 4 0 15
09:49:49 4 0 12
09:50:19 4 0 12
09:50:49 4 0 12
09:51:20 4 0 43
09:51:50 4 0 12
09:52:20 4 0 12
09:52:50 4 0 12
09:53:20 4 0 12
09:53:50 4 0 12
09:54:20 4 0 12
09:54:50 4 0 12
09:55:21 4 0 12
09:55:51 4 0 12
09:56:21 4 0 12
09:56:51 4 0 12
09:57:22 4 0 13
09:57:52 4 0 12
09:58:22 4 0 13
09:58:52 4 0 13
09:59:23 4 0 12
09:59:53 4 0 12
10:00:24 4 0 12
10:00:54 4 0 15
10:01:24 4 0 42
10:01:54 4 0 12
10:02:24 4 0 12
10:02:54 4 0 12
10:03:24 4 0 12
10:03:54 4 0 12
10:04:25 4 0 12
10:04:56 3 1 12
10:05:28 1 3 13
10:05:55 4 0 12
10:06:25 4 0 12
10:06:55 4 0 12
10:07:26 4 0 12
10:07:56 4 0 12
10:08:27 3 1 12
10:08:57 3 1 12
10:09:26 4 0 22
10:09:56 4 0 12
10:10:28 3 1 12
10:10:57 4 0 14
10:11:27 4 0 15
10:11:57 4 0 55
10:12:28 3 1 12
10:12:57 4 0 12
10:13:28 4 0 12
10:13:58 4 0 13
10:14:28 4 0 12
10:14:58 4 0 12
10:15:28 4 0 12
10:15:58 4 0 12
10:16:29 4 0 12
10:16:59 4 0 12
10:17:29 4 0 12
10:17:59 4 0 12
10:18:29 4 0 12
10:18:59 4 0 12
10:19:30 4 0 16
10:20:00 4 0 12
10:20:31 4 0 12
10:21:01 4 0 12
10:21:31 4 0 12
10:22:01 4 0 12
10:22:31 4 0 12
10:23:02 4 0 12
10:23:32 4 0 12
10:24:02 4 0 12
10:24:32 4 0 12
10:25:02 4 0 12
10:25:33 3 1 12
10:26:02 4 0 12
10:26:33 4 0 12
