00:00:21 4 0 12
00:00:50 4 0 13
00:01:40 4 0 12
00:01:53 4 0 12
00:02:22 4 0 13
00:02:52 4 0 12
00:03:23 4 0 12
00:03:56 4 0 12
00:04:26 4 0 12
00:04:57 4 0 13
00:05:27 4 0 12
00:05:58 4 0 14
00:06:28 4 0 12
00:07:11 4 0 13
02:00:03 4 0 12
02:00:34 4 0 13
02:01:04 4 0 13
02:01:34 4 0 13
02:02:04 4 0 12
02:02:34 4 0 12
02:03:05 4 0 12
02:03:35 4 0 13
02:04:05 4 0 19
02:04:35 4 0 12
02:05:05 4 0 12
02:05:36 4 0 12
02:06:06 4 0 12
02:06:36 4 0 13
02:07:06 4 0 12
02:07:36 4 0 13
02:08:07 4 0 12
02:08:37 4 0 14
02:09:07 4 0 14
02:09:37 4 0 13
02:10:08 4 0 22
02:10:38 4 0 13
02:11:09 3 1 14
02:11:38 4 0 13
02:12:09 4 0 23
02:12:39 4 0 14
02:13:09 4 0 12
02:13:39 4 0 12
02:14:09 4 0 12
02:14:40 4 0 13
02:15:10 4 0 12
02:15:40 4 0 12
02:16:10 4 0 12
02:16:40 4 0 19
02:17:11 4 0 12
02:17:41 4 0 13
02:18:11 4 0 12
02:18:41 4 0 12
02:19:11 4 0 12
02:19:42 4 0 14
02:20:12 4 0 12
02:20:42 4 0 13
02:21:12 4 0 12
02:21:42 4 0 14
02:22:13 4 0 12
02:22:43 4 0 13
02:23:13 4 0 12
02:23:43 4 0 12
02:24:13 4 0 12
02:24:44 4 0 12
02:25:14 4 0 12
02:25:44 4 0 13
02:26:14 4 0 12
02:26:45 4 0 13
02:27:15 4 0 12
02:27:45 4 0 13
02:28:15 4 0 12
02:28:45 4 0 13
02:29:16 4 0 12
02:29:46 4 0 13
02:30:16 4 0 12
02:30:46 4 0 13
02:31:16 4 0 12
02:31:47 4 0 12
02:32:17 4 0 13
02:32:47 4 0 13
02:33:17 4 0 16
02:33:47 4 0 13
02:34:18 4 0 12
02:34:48 4 0 13
02:35:18 4 0 12
02:35:48 4 0 13
02:36:19 4 0 12
02:36:49 4 0 12
02:37:19 4 0 13
02:37:49 4 0 13
02:38:19 4 0 12
02:38:50 4 0 12
02:39:20 4 0 12
02:39:50 4 0 14
02:40:20 4 0 12
02:40:50 4 0 12
02:41:21 4 0 12
02:41:51 4 0 12
02:42:21 4 0 12
02:42:51 4 0 13
02:43:21 4 0 12
02:43:52 4 0 13
02:44:22 4 0 12
02:44:52 4 0 13
02:45:22 4 0 12
02:45:52 4 0 13
02:46:23 4 0 12
02:46:53 4 0 12
02:47:23 4 0 12
02:47:53 4 0 12
02:48:23 4 0 13
02:48:54 4 0 14
02:49:24 4 0 12
02:49:54 4 0 12
02:50:24 4 0 12
02:50:55 4 0 13
02:51:25 4 0 12
02:51:55 4 0 13
02:52:25 4 0 12
02:52:55 4 0 12
02:53:26 4 0 13
02:53:56 4 0 12
02:54:26 4 0 12
02:54:56 4 0 12
02:55:27 4 0 12
02:55:57 4 0 13
02:56:27 4 0 12
02:56:57 4 0 12
02:57:28 4 0 12
02:57:58 4 0 14
02:58:28 4 0 12
02:58:58 4 0 12
02:59:28 4 0 12
02:59:59 4 0 14
03:00:29 4 0 12
03:00:59 4 0 12
03:01:29 4 0 12
03:01:59 4 0 13
03:02:30 4 0 12
03:03:00 4 0 13
03:03:30 4 0 12
03:04:00 4 0 13
03:04:31 4 0 38
03:05:01 4 0 12
03:05:31 4 0 12
03:06:01 4 0 13
03:06:32 4 0 12
03:07:02 4 0 12
03:07:32 4 0 12
03:08:02 4 0 12
03:08:32 4 0 12
03:09:03 4 0 13
03:09:33 4 0 13
03:10:03 4 0 13
03:10:33 4 0 13
03:11:04 4 0 13
03:11:34 4 0 12
03:12:04 4 0 13
03:12:34 4 0 12
03:13:04 4 0 13
03:13:35 4 0 14
03:14:05 4 0 13
03:14:35 4 0 12
03:15:05 4 0 12
03:15:36 4 0 13
03:16:06 4 0 13
03:16:36 4 0 12
03:17:06 4 0 13
03:17:37 4 0 12
03:18:07 4 0 13
03:18:37 4 0 12
03:19:07 4 0 13
03:19:37 4 0 12
03:20:08 4 0 13
03:20:38 4 0 12
03:21:08 4 0 13
03:21:38 4 0 12
03:22:08 4 0 13
03:22:39 4 0 12
03:23:09 4 0 12
03:23:39 4 0 12
03:24:09 4 0 13
03:24:40 4 0 12
03:25:10 4 0 13
03:25:40 4 0 12
03:26:10 4 0 13
03:26:40 4 0 12
03:27:11 4 0 13
03:27:41 4 0 12
03:28:11 4 0 12
03:28:41 4 0 12
03:29:12 4 0 13
03:29:42 4 0 12
03:30:12 4 0 12
03:30:42 4 0 12
03:31:12 4 0 13
03:31:43 4 0 12
03:32:13 4 0 13
03:32:43 4 0 12
03:33:13 4 0 12
03:33:44 4 0 12
03:34:14 4 0 12
03:34:45 4 0 13
03:35:15 4 0 12
03:35:45 4 0 12
03:36:15 4 0 12
03:36:46 4 0 12
03:37:16 4 0 13
03:37:46 4 0 34
03:38:16 4 0 13
03:38:47 4 0 12
03:39:17 4 0 13
03:39:47 4 0 12
03:40:17 4 0 13
03:40:47 4 0 12
03:41:18 4 0 13
03:41:48 4 0 13
03:42:18 4 0 12
03:42:48 4 0 13
03:43:18 4 0 13
03:43:49 4 0 12
03:44:19 4 0 12
03:44:49 4 0 12
03:45:19 4 0 13
03:45:50 4 0 12
03:46:20 4 0 13
03:46:50 4 0 12
03:47:20 4 0 13
03:47:50 4 0 12
03:48:21 4 0 13
03:48:51 4 0 12
03:49:21 4 0 13
03:49:52 3 1 29
03:50:22 4 0 12
03:50:52 4 0 41
03:51:22 4 0 13
03:51:52 4 0 12
03:52:22 4 0 13
03:52:53 4 0 12
03:53:23 4 0 12
03:53:53 4 0 12
03:54:23 4 0 13
03:54:54 4 0 12
03:55:24 4 0 15
03:55:54 4 0 12
03:56:24 4 0 12
03:56:55 4 0 12
03:57:25 4 0 13
03:57:55 4 0 12
03:58:25 4 0 12
03:58:55 4 0 12
03:59:26 4 0 13
03:59:56 4 0 13
04:00:26 4 0 14
04:00:56 4 0 12
04:01:27 4 0 13
04:01:57 4 0 38
04:02:27 4 0 13
04:02:57 4 0 12
04:03:27 4 0 14
04:03:58 4 0 12
04:04:28 4 0 13
04:04:58 4 0 12
04:05:28 4 0 13
04:05:59 4 0 12
04:06:29 4 0 13
04:06:59 4 0 12
04:07:29 4 0 12
04:07:59 4 0 12
04:08:30 4 0 34
04:09:00 4 0 12
04:09:30 4 0 12
04:10:00 4 0 12
04:10:31 4 0 14
04:11:01 4 0 12
04:11:31 4 0 13
04:12:01 4 0 12
04:12:31 4 0 13
04:13:02 4 0 14
04:13:32 4 0 13
04:14:02 4 0 12
04:14:32 4 0 13
04:15:02 4 0 12
04:15:33 4 0 13
04:16:03 4 0 12
04:16:33 4 0 13
04:17:03 4 0 12
04:17:33 4 0 13
04:18:04 4 0 12
04:18:34 4 0 13
04:19:04 4 0 12
04:19:34 4 0 13
04:20:04 4 0 12
04:20:35 4 0 14
04:21:05 4 0 12
04:21:35 4 0 13
04:22:05 4 0 12
04:22:36 4 0 13
04:23:06 4 0 12
04:23:36 4 0 12
04:24:06 4 0 12
04:24:36 4 0 13
04:25:07 4 0 12
04:25:37 4 0 14
04:26:07 4 0 12
04:26:37 4 0 12
04:27:07 4 0 12
04:27:38 4 0 14
04:28:08 4 0 12
04:28:38 4 0 13
04:29:08 4 0 12
04:29:38 4 0 13
04:30:09 4 0 12
04:30:39 4 0 13
04:31:09 4 0 12
04:31:39 4 0 14
04:32:09 4 0 12
04:32:40 4 0 13
04:33:10 4 0 12
04:33:40 4 0 13
04:34:10 4 0 12
04:34:40 4 0 13
04:35:11 4 0 12
04:35:41 4 0 13
04:36:11 4 0 13
04:36:41 4 0 13
04:37:12 4 0 13
04:37:42 4 0 13
04:38:12 4 0 12
04:38:42 4 0 12
04:39:12 4 0 12
04:39:43 4 0 14
04:40:13 4 0 13
04:40:43 4 0 13
04:41:13 4 0 12
04:41:44 4 0 13
04:42:14 4 0 12
04:42:44 4 0 13
04:43:14 4 0 12
04:43:44 4 0 13
04:44:15 4 0 12
04:44:45 4 0 12
04:45:15 4 0 12
04:45:45 4 0 13
04:46:16 4 0 12
04:46:46 4 0 12
04:47:16 4 0 12
04:47:46 4 0 12
04:48:16 4 0 12
04:48:46 4 0 12
04:49:17 4 0 12
04:49:47 4 0 12
04:50:17 4 0 12
04:50:47 4 0 12
04:51:18 4 0 57
04:51:48 4 0 14
04:52:18 4 0 12
04:52:48 4 0 13
04:53:18 4 0 12
04:53:49 4 0 13
04:54:19 4 0 12
04:54:49 4 0 13
04:55:19 4 0 12
04:55:49 4 0 12
04:56:20 4 0 14
04:56:50 4 0 12
04:57:20 4 0 12
04:57:50 4 0 14
04:58:21 4 0 12
04:58:51 4 0 13
04:59:21 4 0 12
04:59:51 4 0 13
05:00:21 4 0 12
05:00:52 4 0 13
05:01:22 4 0 12
05:01:52 4 0 13
05:02:22 4 0 12
05:02:52 4 0 13
05:03:23 4 0 12
05:03:53 4 0 13
05:04:23 4 0 12
05:04:53 4 0 13
05:05:23 4 0 12
05:05:54 4 0 13
05:06:24 4 0 12
05:06:54 4 0 13
05:07:24 4 0 12
05:07:54 4 0 13
05:08:25 4 0 12
05:08:55 4 0 13
05:09:25 4 0 12
05:09:55 4 0 13
05:10:26 4 0 12
05:10:56 4 0 13
05:11:26 4 0 13
05:11:56 4 0 12
05:12:27 4 0 32
05:12:57 4 0 13
05:13:27 4 0 12
05:13:57 4 0 14
05:14:27 4 0 12
05:14:57 4 0 13
05:15:28 4 0 12
05:15:58 4 0 12
05:16:28 4 0 12
05:16:58 4 0 13
05:17:29 4 0 14
05:17:59 4 0 13
05:18:29 4 0 12
05:18:59 4 0 13
05:19:29 4 0 12
05:20:00 4 0 13
05:20:30 4 0 12
05:21:00 4 0 13
05:21:30 4 0 12
05:22:00 4 0 13
05:22:31 4 0 12
05:23:01 4 0 12
05:23:31 4 0 12
05:24:01 4 0 13
05:24:32 4 0 12
05:25:02 4 0 13
05:25:32 4 0 12
05:26:02 4 0 12
05:26:32 4 0 12
05:27:03 4 0 13
05:27:33 4 0 12
05:28:03 4 0 14
05:28:33 4 0 12
05:29:03 4 0 13
05:29:34 4 0 12
05:30:04 4 0 12
05:30:34 4 0 12
05:31:04 4 0 14
05:31:34 4 0 12
05:32:05 4 0 12
05:32:35 4 0 12
05:33:05 4 0 14
05:33:35 4 0 14
05:34:05 4 0 12
05:34:36 4 0 13
05:35:06 4 0 12
05:35:36 4 0 12
05:36:06 4 0 13
05:36:37 4 0 13
05:37:07 4 0 12
05:37:37 4 0 12
05:38:07 4 0 13
05:38:37 4 0 12
05:39:08 4 0 13
05:39:38 4 0 12
05:40:08 4 0 13
05:40:38 4 0 12
05:41:09 4 0 13
05:41:39 4 0 12
05:42:09 4 0 13
05:42:39 4 0 12
05:43:09 4 0 14
05:43:40 4 0 12
05:44:10 4 0 13
05:44:40 4 0 12
05:45:10 4 0 13
05:45:41 4 0 12
05:46:11 4 0 13
05:46:41 4 0 12
05:47:11 4 0 13
05:47:41 4 0 12
05:48:11 4 0 12
05:48:42 4 0 12
05:49:12 4 0 15
05:49:42 4 0 12
05:50:12 4 0 13
05:50:43 4 0 12
05:51:13 4 0 13
05:51:43 4 0 12
05:52:13 4 0 12
05:52:43 4 0 12
05:53:14 4 0 12
05:53:44 4 0 12
05:54:14 4 0 13
05:54:44 4 0 12
05:55:15 4 0 13
05:55:45 4 0 12
05:56:15 4 0 13
05:56:45 4 0 12
05:57:16 4 0 12
05:57:46 4 0 12
05:58:16 4 0 12
05:58:46 4 0 12
05:59:16 4 0 13
05:59:47 4 0 12
06:00:17 4 0 13
06:00:47 4 0 12
06:01:17 4 0 13
06:01:47 4 0 12
06:02:18 4 0 13
06:02:48 4 0 12
06:03:18 4 0 13
06:03:48 4 0 12
06:04:18 4 0 13
06:04:49 4 0 12
06:05:19 4 0 14
06:05:49 4 0 12
06:06:19 4 0 13
06:06:50 4 0 12
06:07:20 4 0 13
06:07:50 4 0 13
06:08:20 4 0 12
06:08:50 4 0 12
06:09:21 4 0 13
06:09:51 4 0 15
06:10:21 4 0 14
06:10:51 4 0 12
06:11:21 4 0 12
06:11:52 4 0 12
06:12:22 4 0 13
06:12:52 4 0 13
06:13:22 4 0 13
06:13:52 4 0 12
06:14:23 4 0 13
06:14:53 4 0 12
06:15:23 4 0 13
06:15:53 4 0 13
06:16:24 4 0 13
06:16:54 4 0 12
06:17:24 4 0 13
06:17:54 4 0 12
06:18:24 4 0 13
06:18:55 4 0 12
06:19:25 4 0 13
06:19:55 4 0 12
06:20:25 4 0 13
06:20:55 4 0 12
06:21:26 4 0 12
06:21:56 4 0 12
06:22:26 4 0 12
06:22:56 4 0 26
06:23:26 4 0 12
06:23:57 4 0 12
06:24:27 4 0 12
06:24:57 4 0 12
06:25:27 4 0 12
06:25:58 4 0 12
06:26:28 4 0 12
06:26:58 4 0 12
06:27:28 4 0 13
06:27:58 4 0 12
06:28:29 4 0 12
06:28:59 4 0 12
06:29:29 4 0 13
06:29:59 4 0 12
06:30:29 4 0 13
06:31:00 4 0 12
06:31:30 4 0 12
06:32:00 4 0 12
06:32:30 4 0 14
06:33:00 4 0 12
06:33:31 4 0 13
06:34:01 4 0 12
06:34:31 4 0 13
06:35:01 4 0 12
06:35:32 4 0 14
06:36:02 4 0 12
06:36:32 4 0 13
06:37:02 4 0 12
06:37:32 4 0 13
06:38:03 4 0 12
06:38:33 4 0 13
06:39:03 4 0 13
06:39:33 4 0 13
06:40:03 4 0 12
06:40:34 4 0 13
06:41:04 4 0 15
06:41:34 4 0 13
06:42:04 4 0 13
06:42:35 4 0 13
06:43:05 4 0 12
06:43:35 4 0 13
06:44:05 4 0 12
06:44:35 4 0 13
06:45:06 4 0 12
06:45:36 4 0 14
06:46:06 4 0 12
06:46:36 4 0 12
06:47:06 4 0 12
06:47:37 4 0 13
06:48:07 4 0 12
06:48:37 4 0 12
06:49:07 4 0 12
06:49:37 4 0 13
06:50:08 4 0 12
06:50:38 4 0 13
06:51:08 4 0 12
06:51:38 4 0 13
06:52:09 4 0 16
06:52:39 4 0 31
06:53:09 4 0 12
06:53:39 4 0 13
06:54:09 4 0 12
06:54:40 4 0 12
06:55:10 4 0 12
06:55:40 4 0 13
06:56:10 4 0 13
06:56:41 4 0 14
06:57:11 4 0 14
06:57:41 4 0 13
06:58:11 4 0 15
06:58:41 4 0 13
06:59:12 4 0 12
06:59:42 4 0 13
07:00:12 4 0 16
07:00:42 4 0 13
07:01:12 4 0 12
07:01:43 4 0 13
07:02:13 4 0 13
07:02:43 4 0 13
07:03:13 4 0 12
07:03:44 4 0 13
07:04:14 4 0 12
07:04:44 4 0 13
07:05:14 4 0 12
07:05:44 4 0 13
07:06:15 4 0 13
07:06:45 4 0 13
07:07:15 4 0 13
07:07:45 4 0 13
07:08:16 4 0 13
07:08:46 4 0 13
07:09:16 4 0 13
07:09:46 4 0 13
07:10:16 4 0 12
07:10:47 4 0 13
07:11:17 4 0 12
07:11:47 4 0 14
07:12:18 4 0 12
07:12:48 4 0 13
07:13:18 4 0 12
07:13:48 4 0 13
07:14:18 4 0 13
07:14:49 4 0 13
07:15:19 4 0 12
07:15:49 4 0 12
07:16:19 4 0 12
07:16:50 4 0 14
07:17:20 4 0 12
07:17:50 4 0 13
07:18:20 4 0 12
07:18:50 4 0 13
07:19:21 4 0 12
07:19:51 4 0 13
07:20:21 4 0 12
07:20:51 4 0 13
07:21:22 4 0 13
07:21:52 4 0 13
07:22:22 4 0 12
07:22:52 4 0 13
07:23:22 4 0 12
07:23:53 4 0 12
07:24:23 4 0 12
07:24:53 4 0 13
07:25:23 4 0 12
07:25:53 4 0 13
07:26:24 4 0 12
07:26:54 4 0 12
07:27:24 4 0 13
07:27:54 4 0 13
07:28:24 4 0 12
07:28:55 4 0 13
07:29:25 4 0 12
07:29:55 4 0 14
07:30:25 4 0 12
07:30:56 4 0 13
07:31:26 4 0 12
07:31:56 4 0 13
07:32:26 4 0 15
07:32:56 4 0 13
07:33:27 4 0 12
07:33:57 4 0 13
07:34:27 4 0 12
07:34:57 4 0 13
07:35:27 4 0 13
07:35:58 4 0 13
07:36:28 4 0 12
07:36:58 4 0 13
07:37:28 4 0 12
07:37:59 4 0 13
07:38:29 4 0 13
07:38:59 4 0 13
07:39:29 4 0 12
07:39:59 4 0 13
07:40:30 4 0 12
07:41:00 4 0 13
07:41:30 4 0 13
07:42:00 4 0 44
07:42:31 4 0 12
07:43:01 4 0 13
07:43:31 4 0 14
07:44:01 4 0 13
07:44:31 4 0 12
07:45:02 4 0 13
07:45:32 4 0 12
07:46:02 4 0 13
07:46:32 4 0 12
07:47:03 4 0 13
07:47:33 4 0 12
07:48:03 4 0 13
07:48:33 4 0 12
07:49:03 4 0 13
07:49:34 4 0 12
07:50:04 4 0 13
07:50:34 4 0 12
07:51:04 4 0 13
07:51:34 4 0 12
07:52:05 4 0 13
07:52:35 4 0 12
07:53:05 4 0 13
07:53:35 4 0 12
07:54:05 4 0 13
07:54:36 4 0 13
07:55:06 4 0 14
07:55:36 4 0 12
07:56:06 4 0 13
07:56:36 4 0 13
07:57:07 4 0 13
07:57:37 4 0 12
07:58:07 4 0 13
07:58:37 4 0 13
07:59:07 4 0 12
07:59:37 4 0 12
08:00:08 4 0 12
08:00:38 4 0 12
08:01:08 4 0 12
08:01:38 4 0 13
08:02:09 4 0 12
08:02:39 4 0 16
08:03:09 4 0 12
08:03:39 4 0 12
08:04:09 4 0 12
08:04:39 4 0 12
08:05:09 4 0 12
08:05:40 4 0 12
08:06:10 4 0 12
08:06:40 4 0 12
08:07:10 4 0 12
08:07:40 4 0 12
08:08:10 4 0 12
08:08:41 4 0 12
08:09:11 4 0 12
08:09:41 4 0 12
08:10:11 4 0 12
08:10:41 4 0 13
08:11:11 4 0 12
08:11:42 4 0 12
08:12:12 4 0 12
08:12:42 4 0 12
08:13:12 4 0 12
08:13:42 4 0 12
08:14:12 4 0 12
08:14:43 3 1 12
08:15:13 4 0 12
08:15:43 4 0 12
08:16:13 4 0 12
08:16:43 4 0 12
08:17:13 4 0 12
08:17:44 4 0 12
08:18:15 4 0 12
08:18:45 4 0 13
08:19:15 4 0 12
08:19:46 4 0 13
08:20:16 4 0 12
08:20:46 4 0 13
08:21:16 4 0 12
08:21:46 4 0 12
08:22:17 4 0 12
08:22:47 4 0 13
08:23:17 4 0 12
08:23:47 4 0 14
08:24:17 4 0 12
08:24:47 4 0 36
08:25:17 4 0 12
08:25:48 4 0 12
08:26:18 4 0 12
08:26:48 4 0 13
08:27:18 4 0 12
08:27:48 4 0 15
08:28:19 4 0 12
08:28:49 4 0 12
08:29:19 4 0 12
08:29:49 4 0 13
08:30:19 4 0 12
08:30:49 4 0 13
08:31:20 4 0 29
08:31:50 4 0 13
08:32:20 4 0 12
08:32:51 3 1 12
08:33:20 4 0 12
08:33:50 4 0 12
08:34:21 4 0 40
08:34:51 4 0 14
08:35:21 4 0 12
08:35:51 4 0 13
08:36:21 4 0 12
08:36:51 4 0 13
08:37:22 4 0 12
08:37:52 4 0 13
08:38:22 4 0 12
08:38:52 4 0 14
08:39:22 4 0 12
08:39:52 4 0 13
08:40:23 4 0 12
08:40:53 4 0 12
08:41:23 4 0 12
08:41:53 4 0 13
08:42:23 4 0 12
08:42:53 4 0 13
08:43:23 4 0 12
08:43:54 4 0 13
08:44:24 4 0 12
08:44:54 4 0 14
08:45:24 4 0 12
08:45:54 4 0 13
08:46:24 4 0 12
08:46:56 3 1 12
08:47:25 4 0 12
08:47:55 4 0 13
08:48:25 4 0 12
08:48:55 4 0 13
08:49:25 4 0 12
08:49:55 4 0 12
08:50:26 4 0 12
08:50:56 4 0 13
08:51:26 4 0 12
08:51:56 4 0 12
08:52:26 4 0 12
08:52:57 4 0 13
08:53:27 4 0 30
08:53:57 4 0 12
08:54:27 4 0 12
08:54:57 4 0 14
08:55:27 4 0 12
08:55:58 4 0 12
08:56:28 4 0 12
08:56:58 4 0 13
08:57:28 4 0 13
08:57:59 4 0 12
08:58:30 4 0 13
08:59:00 4 0 12
08:59:30 4 0 13
09:00:01 4 0 13
09:00:31 4 0 12
09:01:01 4 0 13
09:01:31 4 0 13
09:02:01 4 0 13
09:02:31 4 0 13
09:03:02 4 0 12
09:03:32 4 0 14
09:04:02 4 0 14
09:04:32 4 0 13
09:05:02 4 0 12
09:05:32 4 0 13
09:06:03 4 0 13
09:06:33 4 0 13
09:07:03 4 0 13
09:07:33 4 0 24
09:08:04 3 1 12
09:08:33 4 0 13
09:09:03 4 0 13
09:09:33 4 0 12
09:10:04 4 0 14
09:10:34 4 0 13
09:11:04 4 0 13
09:11:34 4 0 13
09:12:05 4 0 12
09:12:35 4 0 14
09:13:05 4 0 12
09:13:35 4 0 12
09:14:05 4 0 13
09:14:35 4 0 13
09:15:05 4 0 13
09:15:35 4 0 13
09:16:06 4 0 13
09:16:36 4 0 12
09:17:06 4 0 13
09:17:36 4 0 12
09:18:07 4 0 12
09:18:37 4 0 13
09:19:07 4 0 13
09:19:37 4 0 13
09:20:08 4 0 13
09:20:38 4 0 13
09:21:08 4 0 13
09:21:38 4 0 16
09:22:08 4 0 13
09:22:38 4 0 14
09:23:09 4 0 14
09:23:39 4 0 13
09:24:10 3 1 12
09:24:39 4 0 14
09:25:09 4 0 13
09:25:39 4 0 14
09:26:10 4 0 12
09:26:40 4 0 13
09:27:10 4 0 12
09:27:41 4 0 14
09:28:11 4 0 12
09:28:41 4 0 14
09:29:11 4 0 13
09:29:41 4 0 13
09:30:12 4 0 13
09:30:42 4 0 13
09:31:12 4 0 15
09:31:42 4 0 14
09:32:12 4 0 13
09:32:42 4 0 12
09:33:12 4 0 13
09:33:43 4 0 14
09:34:13 4 0 13
09:34:43 4 0 12
09:35:13 4 0 14
09:35:43 4 0 14
09:36:13 4 0 16
09:36:43 4 0 14
09:37:14 4 0 13
09:37:44 4 0 13
09:38:14 4 0 14
09:38:44 4 0 14
09:39:15 4 0 12
09:39:45 4 0 14
09:40:15 4 0 14
09:40:45 4 0 14
09:41:15 4 0 13
09:41:45 4 0 13
09:42:15 4 0 14
09:42:45 4 0 15
09:43:16 4 0 41
09:43:46 4 0 14
09:44:16 4 0 12
09:44:46 4 0 13
09:45:16 4 0 13
09:45:46 4 0 13
09:46:17 4 0 13
09:46:47 4 0 13
09:47:17 4 0 13
09:47:47 4 0 14
09:48:17 4 0 14
09:48:48 4 0 13
09:49:18 4 0 15
09:49:48 4 0 14
09:50:18 4 0 14
09:50:48 4 0 13
09:51:18 4 0 13
09:51:49 4 0 13
09:52:19 4 0 13
09:52:49 4 0 14
09:53:19 4 0 13
09:53:49 4 0 15
09:54:19 4 0 14
09:54:49 4 0 13
09:55:20 4 0 13
09:55:50 4 0 13
09:56:21 3 1 13
09:56:50 4 0 15
09:57:21 4 0 12
09:57:51 4 0 14
09:58:21 4 0 14
09:58:51 4 0 14
09:59:21 4 0 14
09:59:52 4 0 12
10:00:22 4 0 14
10:00:53 4 0 12
10:01:23 4 0 42
10:01:53 4 0 13
10:02:23 4 0 12
10:02:53 4 0 13
10:03:23 4 0 15
10:03:53 4 0 14
10:04:24 4 0 13
10:04:56 2 2 12
10:05:24 4 0 13
10:05:54 4 0 13
10:06:24 4 0 13
10:06:54 4 0 12
10:07:25 4 0 14
10:07:55 4 0 14
10:08:25 4 0 12
10:08:55 4 0 12
10:09:25 4 0 48
10:09:55 4 0 15
10:10:26 4 0 13
10:10:56 4 0 13
10:11:26 4 0 13
10:11:56 4 0 47
10:12:26 4 0 15
10:12:56 4 0 13
10:13:27 4 0 15
10:13:57 4 0 13
10:14:27 4 0 13
10:14:57 4 0 13
10:15:27 4 0 12
10:15:57 4 0 13
10:16:28 4 0 13
10:16:58 4 0 13
10:17:28 4 0 15
10:17:58 4 0 13
10:18:28 4 0 13
10:18:58 4 0 13
10:19:29 4 0 14
10:19:59 4 0 18
10:20:30 4 0 13
10:21:00 4 0 14
10:21:30 4 0 12
10:22:00 4 0 13
10:22:30 4 0 13
10:23:00 4 0 13
10:23:31 4 0 13
10:24:01 4 0 15
10:24:31 4 0 14
10:25:01 4 0 13
10:25:31 4 0 14
10:26:01 4 0 14
10:26:32 4 0 13
