00:01:00 131529 50837
00:01:58 171029 27129
00:02:55 44853 20445
00:04:03 38885 9385
00:04:58 34197 19669
00:05:58 115281 35145
00:06:58 121612 7951
02:00:04 106698 538611
02:01:04 92281 29421
02:02:04 129715 34778
02:03:05 32752 6867
02:04:05 120050 14664
02:05:05 13231 8641
02:06:06 144190 18004
02:07:06 86066 21742
02:08:07 167764 237953
02:09:07 74544 20901
02:10:08 63789 75649
02:11:08 43672 11742
02:12:08 5590 3014
02:13:09 84390 7964
02:14:09 567658 63526
02:15:10 44951 6375
02:16:10 16434 6376
02:17:10 27684 5677
02:18:11 49756 14694
02:19:11 381610 32405
02:20:12 189529 18190
02:21:12 89337 8698
02:22:13 30043 7543
02:23:13 236874 21525
02:24:13 73707 11728
02:25:14 113990 13750
02:26:14 118686 14576
02:27:15 58420 11590
02:28:15 27097 10054
02:29:16 51193 9786
02:30:16 28749 22134
02:31:16 21145 8100
02:32:17 60612 18250
02:33:17 5584 5561
02:34:18 93311 10195
02:35:18 40832 6458
02:36:18 90413 23558
02:37:19 329266 30573
02:38:19 39282 19793
02:39:20 83637 11815
02:40:20 43915 5923
02:41:21 16620 6044
02:42:21 47324 10787
02:43:21 17197 17443
02:44:22 10865 7595
02:45:22 54688 7089
02:46:22 211776 15425
02:47:23 56154 8949
02:48:23 30571 15662
02:49:24 26758 7690
02:50:24 114030 14344
02:51:25 58020 5732
02:52:25 23343 3961
02:53:25 12189 8898
02:54:26 109998 24767
02:55:27 45080 4121
02:56:27 5959 7483
02:57:27 91900 19422
02:58:28 92009 181097
02:59:28 78010 29481
03:00:29 132994 33056
03:01:29 36298 15569
03:02:30 53407 27450
03:03:30 22007 5546
03:04:30 83578 16321
03:05:31 69450 12158
03:06:32 25865 4225
03:07:32 72645 7631
03:08:32 142251 17057
03:09:33 30322 12559
03:10:33 52475 29211
03:11:34 66694 19362
03:12:34 49636 10654
03:13:34 47612 10303
03:14:35 73698 15151
03:15:36 1882 1440
03:16:36 21715 5454
03:17:36 24407 19076
03:18:37 45433 11608
03:19:37 3890 1674
03:20:38 54877 9920
03:21:38 136403 25838
03:22:39 172319 34196
03:23:39 146574 37916
03:24:40 22583 5026
03:25:40 4923 15712
03:26:40 63030 9413
03:27:41 22156 5054
03:28:41 22338 4143
03:29:42 35895 5468
03:30:42 2432 5140
03:31:42 20907 11084
03:32:43 18790 5972
03:33:43 29628 5662
03:34:45 225607 27718
03:35:45 32777 9524
03:36:46 40460 4786
03:37:46 191331 9555
03:38:46 111277 8142
03:39:47 35004 3644
03:40:47 31000 5708
03:41:48 4529 6459
03:42:48 112902 15042
03:43:49 327359 37091
03:44:49 92388 41832
03:45:49 131624 18604
03:46:50 5803 3366
03:47:50 67193 15246
03:48:51 26277 8952
03:49:51 35533 4952
03:50:52 58006 9533
03:51:52 62835 7091
03:52:53 5525 12245
03:53:53 134097 13220
03:54:54 52686 5712
03:55:54 36480 19719
03:56:55 71308 12505
03:57:55 87992 7044
03:58:55 35214 113978
03:59:56 63393 19656
04:00:56 44071 17433
04:01:57 117229 58303
04:02:57 30467 6711
04:03:58 14079 6777
04:04:58 26349 8967
04:05:59 108854 30408
04:06:59 314668 45617
04:07:59 44587 6400
04:09:00 44729 8641
04:10:00 44044 12087
04:11:01 88281 24744
04:12:01 84642 9040
04:13:01 18961 3523
04:14:02 33371 7039
04:15:02 59893 8454
04:16:03 19549 3006
04:17:03 7270 5498
04:18:04 7219 4029
04:19:04 21171 2899
04:20:04 30501 6996
04:21:05 26526 5201
04:22:05 11106236 260604
04:23:06 62948 14124
04:24:06 9433510 229328
04:25:07 62570 7689
04:26:07 74656 7541
04:27:07 144651 24878
04:28:08 46416 8548
04:29:08 74788 12990
04:30:08 80041 36861
04:31:09 99579 32336
04:32:09 64496 9206
04:33:10 23854 5008
04:34:10 117801 8362
04:35:11 8344 2814
04:36:11 21395 3835
04:37:12 27102 2270
04:38:12 70165 10034
04:39:12 19588 3040
04:40:13 70269 12764
04:41:13 120973 11185
04:42:14 257344 16377
04:43:14 23228 12112
04:44:14 108504 26731
04:45:15 83316 13138
04:46:15 107432 14751
04:47:16 30390 6811
04:48:16 121406 7910
04:49:17 59537 12826
04:50:17 17101 6125
04:51:17 82298 71727
04:52:18 111936 12463
04:53:18 113849 23022
04:54:19 104313 30497
04:55:19 84573 28720
04:56:20 26225 112496
04:57:20 83458 21017
04:58:21 85218 16036
04:59:21 21873 4614
05:00:21 21115 4460
05:01:22 54981 5613
05:02:22 9724 9755
05:03:22 4855 4801
05:04:23 23314 4461
05:05:23 9974 3404
05:06:24 16527 8038
05:07:24 33386 9468
05:08:25 11743 4321
05:09:25 175008 9313
05:10:25 27255 10575
05:11:26 35972 10117
05:12:26 45837 6579
05:13:27 31122 7188
05:14:27 53862 8459
05:15:28 17803 4986
05:16:28 114994 16145
05:17:28 186239 43343
05:18:29 102245 46973
05:19:29 37452 8099
05:20:30 106493 11248
05:21:30 7032 3041
05:22:31 108050 9677
05:23:31 63347 10750
05:24:31 8929 2428
05:25:32 29986 5282
05:26:32 84144 139995
05:27:33 52275 205702
05:28:33 59146 7122
05:29:33 233204 25320
05:30:34 26961 10294
05:31:34 71255 7419
05:32:44 41053 5437
05:33:35 2960 2100
05:34:36 225583 15884
05:35:36 5838 2755
05:36:36 2754 1944
05:37:37 47338 4948
05:38:37 43554 42395
05:39:38 22893 8738
05:40:38 152817 29848
05:41:39 100611 44950
05:42:39 207807 33904
05:43:40 29112 9405
05:44:40 243171 11236
05:45:40 120997 9040
05:46:41 56280 6626
05:47:41 167601 14812
05:48:42 79016 3854
05:49:42 17546 7452
05:50:42 170680 17244
05:52:03 -1 -1
05:52:43 15400 3868
05:53:44 13295 9785
05:54:44 49979 48973
05:55:45 45466 6712
05:56:45 100105 48621
05:57:46 13228 8003
05:58:46 35125 4600
05:59:46 83546 125295
06:00:47 24297 6674
06:01:47 92487 14561
06:02:48 35372 39190
06:03:48 84562 28893
06:04:49 161770 50492
06:05:49 78230 153657
06:06:50 173386 121452
06:07:50 36421 43693
06:08:50 72354 60856
06:09:51 37334 149351
06:10:51 22917 6396
06:11:52 72328 8850
06:12:52 50869 35856
06:13:52 21138 3424
06:14:53 78275 46518
06:15:53 101483 24788
06:16:54 73528 29464
06:17:54 94245 16996
06:18:55 29468 6597
06:19:55 62987 14188
06:20:55 38197 6308
06:21:56 21680 54653
06:22:56 97551 56991
06:23:56 36950 8634
06:24:57 59619 48641
06:25:57 38940 106900
06:26:58 97114 21150
06:27:58 141072 40176
06:28:59 103855 44585
06:29:59 79596 32485
06:30:59 43702 9588
06:32:00 66263 23949
06:33:00 9515 3035
06:34:01 39747 8220
06:35:01 751462 55038
06:36:02 42472 5408
06:37:02 146698 16334
06:38:03 14450 11251
06:39:03 53471 7532
06:40:03 14391 18260
06:41:04 13691 11629
06:42:04 112258 26175
06:43:05 60273 15221
06:44:05 5710 3810
06:45:05 30426 11935
06:46:06 39098 20748
06:47:06 20253 6110
06:48:07 99510 8693
06:49:07 216263 12221
06:50:08 39679 54271
06:51:08 139349 20181
06:52:08 97195 36442
06:53:09 77385 141299
06:54:09 38090 9146
06:55:10 11750 2222
06:56:10 86233 8036
06:57:11 92331 10883
06:58:11 50268 78177
06:59:12 50684 92646
07:00:12 104268 190708
07:01:12 12573 7753
07:02:13 34245 4655
07:03:13 33596 10802
07:04:14 25891 9290
07:05:14 14316 6387
07:06:15 58338 7054
07:07:15 58400 11625
07:08:15 64342 21970
07:09:16 54942 8438
07:10:16 10531 4532
07:11:17 175464 22064
07:12:18 26855 38249
07:13:18 56111 27094
07:14:18 107751 160554
07:15:19 164032 35872
07:16:19 124988 19392
07:17:20 166507 33878
07:18:20 506693 40838
07:19:21 95119 8574
07:20:21 280685 27726
07:21:21 45809 8803
07:22:22 78588 8847
07:23:22 44303 25464
07:24:23 101084 25060
07:25:23 45029 4818
07:26:24 27421 12979
07:27:24 37652 31175
07:28:24 42608 11481
07:29:25 37582 11648
07:30:25 37718 35869
07:31:26 62478 7497
07:32:26 34372 5880
07:33:27 36561 17948
07:34:27 45285 6310
07:35:27 215570 12149
07:36:28 62653 8948
07:37:28 57821 29842
07:38:29 118763 82946
07:39:29 36884 5206
07:40:30 37602 41102
07:41:30 62118 12111
07:42:30 83178 14373
07:43:31 65679 21255
07:44:31 25682 8997
07:45:32 78833 13877
07:46:32 22082 5497
07:47:33 60988 6703
07:48:33 62462 12309
07:49:33 94156 32532
07:50:34 48027 9796
07:51:34 85107 102713
07:52:35 90071 15086
07:53:35 190582 14589
07:54:36 26027 4044
07:55:36 69107 29324
07:56:36 50526 9152
07:57:37 34934 4993
07:58:38 95312 83763
07:59:38 142857 56306
08:00:39 52941 13054
08:01:39 55962 17066
08:02:40 5206 6697
08:03:40 115880 8184
08:04:40 81904 10745
08:05:41 35942 7087
08:06:41 64810 7378
08:07:41 100309 13058
08:08:42 76704 129279
08:09:42 38200 7149
08:10:42 152306 16032
08:11:43 13915 17498
08:12:43 301524 12637
08:13:43 21921 3731
08:14:43 99049 9515
08:15:44 96920 8009
08:16:44 142619 79660
08:17:45 5898 3705
08:18:45 103085 10965
08:19:46 13319 15147
08:20:46 86306 129192
08:21:47 42059 6325
08:22:47 13122 5010
08:23:47 8002 2048
08:24:47 80563 26748
08:25:48 55345 16732
08:26:48 174406 39932
08:27:48 95778 56630
08:28:49 315929 38563
08:29:49 223729 24478
08:30:49 21284 6319
08:31:50 79569 15254
08:32:50 28709 11217
08:33:50 14736 8431
08:34:51 58395 12145
08:35:51 35178 5204
08:36:51 86976 10463
08:37:52 7140 6462
08:38:52 65521 7932
08:39:52 57269 8192
08:40:53 282523 15818
08:41:53 106178 24754
08:42:53 40732 3050
08:43:54 105065 20994
08:44:54 78405 14938
08:45:54 346881 31550
08:46:55 118349 34688
08:47:55 350149 39024
08:48:55 76442 15272
08:49:55 87318 27878
08:50:56 129838 17212
08:51:56 126037 34976
08:52:57 149083 15298
08:53:57 182022 18515
08:54:57 217048 23377
08:55:58 49427 19448
08:56:58 127801 9871
08:57:59 -1 -1
08:58:59 203820 14343
09:00:00 25232 12098
09:01:00 19315 7804
09:02:00 525005 31934
09:03:02 48611 11664
09:04:01 100671 12387
09:05:01 198200 20849
09:06:01 16105 7409
09:07:02 90633 30058
09:08:02 264948 19302
09:09:02 99474 10988
09:10:03 28796 10031
09:11:03 7143 5464
09:12:03 123784 8863
09:13:04 110925 19710
09:14:04 132404 20430
09:15:04 34786 3121
09:16:05 439181 15786
09:17:05 3758 10487
09:18:05 49137 10032
09:19:06 54583 10324
09:20:06 362581 30306
09:21:07 35002 8020
09:22:07 49798 12794
09:23:08 61042 7907
09:24:08 23856 3611
09:25:08 406664 18945
09:26:08 272556 38654
09:27:09 113498 25167
09:28:10 99630 13087
09:29:10 102124 12675
09:30:10 115538 11370
09:31:11 123375 11201
09:32:11 129025 33399
09:33:11 148308 10067
09:34:12 59854 11904
09:35:12 4145 4308
09:36:12 95805 14522
09:37:13 246460 20815
09:38:13 82856 14722
09:39:14 52969 261518
09:40:14 273109 16514
09:41:14 166722 11821
09:42:14 60213 16056
09:43:14 36827 9654
09:44:15 43500 11591
09:45:15 51790 13132
09:46:16 98602 21548
09:47:16 33612 7117
09:48:16 57884 14960
09:49:17 49554 6599
09:50:17 4517 5235
09:51:17 145496 13991
09:52:18 80489 6186
09:53:18 35251 4291
09:54:18 24069 4407
09:55:19 54977 4626
09:56:19 479169 23527
09:57:19 136816 16923
09:58:20 133408 17663
09:59:20 97657 42893
10:00:21 68652 30199
10:01:22 94958 9321
10:02:22 24077 9575
10:03:22 6713 9317
10:04:22 130132 16871
10:05:23 61806 5787
10:06:23 211483 25522
10:07:24 65516 215904
10:08:23 -1 -1
10:09:24 72798 21590
10:10:24 37459 6304
10:11:25 217481 12231
10:12:25 42706 24189
10:13:25 95343 11338
10:14:26 128267 16398
10:15:26 9221 24947
10:16:26 84135 14935
10:17:27 15071 8659
10:18:27 76181 22225
10:19:27 34360 28770
10:20:28 161187 18770
10:21:28 86347 14200
10:22:28 74606 18397
10:23:29 260454 15712
10:24:29 116748 22517
10:25:29 100821 17767
10:26:30 409219 21726
