00:01:05 1 1 1
00:01:57 1 1 1
00:02:54 1 1 1
00:03:59 1 1 1
00:04:57 1 1 1
00:05:57 1 1 1
00:07:11 1 1 1
02:00:03 1 1 1
02:01:04 1 1 1
02:02:04 1 1 1
02:03:04 1 1 1
02:04:05 1 1 1
02:05:05 1 1 1
02:06:06 1 1 1
02:07:06 1 1 1
02:08:07 1 1 1
02:09:07 1 1 1
02:10:08 1 1 1
02:11:11 1 1 1
02:12:08 1 1 1
02:13:09 1 1 1
02:14:09 1 1 1
02:15:10 1 1 1
02:16:10 1 1 1
02:17:10 1 1 1
02:18:11 1 1 1
02:19:11 1 1 1
02:20:12 1 1 1
02:21:12 1 1 1
02:22:13 1 1 1
02:23:13 1 1 1
02:24:34 0 0 0
02:25:14 1 1 1
02:26:14 1 1 1
02:27:15 1 1 1
02:28:15 1 1 1
02:29:15 1 1 1
02:30:16 1 1 1
02:31:16 1 1 1
02:32:17 1 1 1
02:33:17 1 1 1
02:34:18 1 1 1
02:35:18 1 1 1
02:36:18 1 1 1
02:37:19 1 1 1
02:38:19 1 1 1
02:39:20 1 1 1
02:40:20 1 1 1
02:41:21 1 1 1
02:42:21 1 1 1
02:43:21 1 1 1
02:44:22 1 1 1
02:45:22 1 1 1
02:46:23 1 1 1
02:47:23 1 1 1
02:48:23 1 1 1
02:49:24 1 1 1
02:50:24 1 1 1
02:51:25 1 1 1
02:52:25 1 1 1
02:53:26 1 1 1
02:54:26 1 1 1
02:55:27 1 1 1
02:56:27 1 1 1
02:57:27 1 1 1
02:58:28 1 1 1
02:59:28 1 1 1
03:00:29 1 1 1
03:01:29 1 1 1
03:02:30 1 1 1
03:03:30 1 1 1
03:04:30 1 1 1
03:05:31 1 1 1
03:06:32 1 1 1
03:07:32 1 1 1
03:08:32 1 1 1
03:09:33 1 1 1
03:10:33 1 1 1
03:11:34 1 1 1
03:12:34 1 1 1
03:13:34 1 1 1
03:14:35 1 1 1
03:15:36 1 1 1
03:16:36 1 1 1
03:17:36 1 1 1
03:18:37 1 1 1
03:19:37 1 1 1
03:20:38 1 1 1
03:21:38 1 1 1
03:22:39 1 1 1
03:23:39 1 1 1
03:24:39 1 1 1
03:25:40 1 1 1
03:26:40 1 1 1
03:27:41 1 1 1
03:28:41 1 1 1
03:29:42 1 1 1
03:30:42 1 1 1
03:31:42 1 1 1
03:32:43 1 1 1
03:33:43 1 1 1
03:34:44 1 1 1
03:35:45 1 1 1
03:36:46 1 1 1
03:37:46 1 1 1
03:38:46 1 1 1
03:39:47 1 1 1
03:40:47 1 1 1
03:41:48 1 1 1
03:42:48 1 1 1
03:43:49 1 1 1
03:44:49 1 1 1
03:45:49 1 1 1
03:46:50 1 1 1
03:47:50 1 1 1
03:48:51 1 1 1
03:49:51 1 1 1
03:50:52 1 1 1
03:51:52 1 1 1
03:52:52 1 1 1
03:53:53 1 1 1
03:54:53 1 1 1
03:55:54 1 1 1
03:56:55 1 1 1
03:57:55 1 1 1
03:58:55 1 1 1
03:59:56 1 1 1
04:00:56 1 1 1
04:01:57 1 1 1
04:02:57 1 1 1
04:03:58 1 1 1
04:04:58 1 1 1
04:05:58 1 1 1
04:06:59 1 1 1
04:07:59 1 1 1
04:09:00 1 1 1
04:10:00 1 1 1
04:11:01 1 1 1
04:12:01 1 1 1
04:13:01 1 1 1
04:14:02 1 1 1
04:15:02 1 1 1
04:16:03 1 1 1
04:17:03 1 1 1
04:18:03 1 1 1
04:19:04 1 1 1
04:20:04 1 1 1
04:21:05 1 1 1
04:22:05 1 1 1
04:23:06 1 1 1
04:24:06 1 1 1
04:25:06 1 1 1
04:26:07 1 1 1
04:27:07 1 1 1
04:28:08 1 1 1
04:29:08 1 1 1
04:30:08 1 1 1
04:31:09 1 1 1
04:32:09 1 1 1
04:33:10 1 1 1
04:34:10 1 1 1
04:35:11 1 1 1
04:36:11 1 1 1
04:37:12 1 1 1
04:38:12 1 1 1
04:39:12 1 1 1
04:40:13 1 1 1
04:41:13 1 1 1
04:42:14 1 1 1
04:43:14 1 1 1
04:44:35 0 0 0
04:45:15 1 1 1
04:46:15 1 1 1
04:47:16 1 1 1
04:48:16 1 1 1
04:49:17 1 1 1
04:50:17 1 1 1
04:51:18 1 1 1
04:52:18 1 1 1
04:53:18 1 1 1
04:54:19 1 1 1
04:55:19 1 1 1
04:56:20 1 1 1
04:57:20 1 1 1
04:58:20 1 1 1
04:59:21 1 1 1
05:00:21 1 1 1
05:01:22 1 1 1
05:02:22 1 1 1
05:03:22 1 1 1
05:04:23 1 1 1
05:05:23 1 1 1
05:06:24 1 1 1
05:07:24 1 1 1
05:08:25 1 1 1
05:09:25 1 1 1
05:10:26 1 1 1
05:11:26 1 1 1
05:12:26 1 1 1
05:13:27 1 1 1
05:14:27 1 1 1
05:15:28 1 1 1
05:16:28 1 1 1
05:17:28 1 1 1
05:18:29 1 1 1
05:19:29 1 1 1
05:20:30 1 1 1
05:21:30 1 1 1
05:22:31 1 1 1
05:23:31 1 1 1
05:24:31 1 1 1
05:25:32 1 1 1
05:26:32 1 1 1
05:27:33 1 1 1
05:28:33 1 1 1
05:29:34 1 1 1
05:30:34 1 1 1
05:31:34 1 1 1
05:32:35 1 1 1
05:33:35 1 1 1
05:34:36 1 1 1
05:35:36 1 1 1
05:36:37 1 1 1
05:37:37 1 1 1
05:38:37 1 1 1
05:39:38 1 1 1
05:40:38 1 1 1
05:41:39 1 1 1
05:42:39 1 1 1
05:43:40 1 1 1
05:44:40 1 1 1
05:45:40 1 1 1
05:46:41 1 1 1
05:47:41 1 1 1
05:48:42 1 1 1
05:49:42 1 1 1
05:50:42 1 1 1
05:51:43 1 1 1
05:52:43 1 1 1
05:53:44 1 1 1
05:54:44 1 1 1
05:55:45 1 1 1
05:56:45 1 1 1
05:57:46 1 1 1
05:58:46 1 1 1
05:59:46 1 1 1
06:00:47 1 1 1
06:01:47 1 1 1
06:02:48 1 1 1
06:03:48 1 1 1
06:04:49 1 1 1
06:05:49 1 1 1
06:06:49 1 1 1
06:07:50 1 1 1
06:08:50 1 1 1
06:09:51 1 1 1
06:10:51 1 1 1
06:11:52 1 1 1
06:12:52 1 1 1
06:13:52 1 1 1
06:14:53 1 1 1
06:15:53 1 1 1
06:16:54 1 1 1
06:17:54 1 1 1
06:18:54 1 1 1
06:19:55 1 1 1
06:20:55 1 1 1
06:21:56 1 1 1
06:22:56 1 1 1
06:23:56 1 1 1
06:24:57 1 1 1
06:25:57 1 1 1
06:26:58 1 1 1
06:27:58 1 1 1
06:28:59 1 1 1
06:29:59 1 1 1
06:30:59 1 1 1
06:32:00 1 1 1
06:33:00 1 1 1
06:34:01 1 1 1
06:35:01 1 1 1
06:36:02 1 1 1
06:37:02 1 1 1
06:38:03 1 1 1
06:39:03 1 1 1
06:40:03 1 1 1
06:41:04 1 1 1
06:42:04 1 1 1
06:43:05 1 1 1
06:44:05 1 1 1
06:45:05 1 1 1
06:46:06 1 1 1
06:47:06 1 1 1
06:48:07 1 1 1
06:49:07 1 1 1
06:50:08 1 1 1
06:51:08 1 1 1
06:52:08 1 1 1
06:53:09 1 1 1
06:54:09 1 1 1
06:55:10 1 1 1
06:56:10 1 1 1
06:57:11 1 1 1
06:58:11 1 1 1
06:59:11 1 1 1
07:00:12 1 1 1
07:01:12 1 1 1
07:02:13 1 1 1
07:03:13 1 1 1
07:04:14 1 1 1
07:05:14 1 1 1
07:06:15 1 1 1
07:07:15 1 1 1
07:08:15 1 1 1
07:09:16 1 1 1
07:10:16 1 1 1
07:11:17 1 1 1
07:12:18 1 1 1
07:13:18 1 1 1
07:14:18 1 1 1
07:15:19 1 1 1
07:16:19 1 1 1
07:17:20 1 1 1
07:18:20 1 1 1
07:19:21 1 1 1
07:20:21 1 1 1
07:21:21 1 1 1
07:22:22 1 1 1
07:23:22 1 1 1
07:24:23 1 1 1
07:25:23 1 1 1
07:26:24 1 1 1
07:27:24 1 1 1
07:28:24 1 1 1
07:29:25 1 1 1
07:30:25 1 1 1
07:31:26 1 1 1
07:32:26 1 1 1
07:33:26 1 1 1
07:34:27 1 1 1
07:35:27 1 1 1
07:36:28 1 1 1
07:37:28 1 1 1
07:38:29 1 1 1
07:39:29 1 1 1
07:40:30 1 1 1
07:41:30 1 1 1
07:42:30 1 1 1
07:43:31 1 1 1
07:44:31 1 1 1
07:45:32 1 1 1
07:46:32 1 1 1
07:47:33 1 1 1
07:48:33 1 1 1
07:49:33 1 1 1
07:50:34 1 1 1
07:51:34 1 1 1
07:52:35 1 1 1
07:53:35 1 1 1
07:54:35 1 1 1
07:55:36 1 1 1
07:56:36 1 1 1
07:57:36 1 1 1
07:58:37 1 1 1
07:59:37 1 1 1
08:00:38 1 1 1
08:01:38 1 1 1
08:02:39 1 1 1
08:03:39 1 1 1
08:04:39 1 1 1
08:05:40 1 1 1
08:06:40 1 1 1
08:07:40 1 1 1
08:08:40 1 1 1
08:09:41 1 1 1
08:10:41 1 1 1
08:11:41 1 1 1
08:12:42 1 1 1
08:13:42 1 1 1
08:14:42 1 1 1
08:15:43 1 1 1
08:16:43 1 1 1
08:17:44 1 1 1
08:18:44 1 1 1
08:19:45 1 1 1
08:20:45 1 1 1
08:21:45 1 1 1
08:22:46 1 1 1
08:23:46 1 1 1
08:24:46 1 1 1
08:25:47 1 1 1
08:26:47 1 1 1
08:27:47 1 1 1
08:28:48 1 1 1
08:29:48 1 1 1
08:30:48 1 1 1
08:31:49 1 1 1
08:32:49 1 1 1
08:33:49 1 1 1
08:34:50 1 1 1
08:35:50 1 1 1
08:36:50 1 1 1
08:37:51 1 1 1
08:38:51 1 1 1
08:39:51 1 1 1
08:40:52 1 1 1
08:41:52 1 1 1
08:42:52 1 1 1
08:43:52 1 1 1
08:44:53 1 1 1
08:45:53 1 1 1
08:46:53 1 1 1
08:47:54 1 1 1
08:48:54 1 1 1
08:49:54 1 1 1
08:50:55 1 1 1
08:51:55 1 1 1
08:52:55 1 1 1
08:53:56 1 1 1
08:54:56 1 1 1
08:55:56 1 1 1
08:56:57 1 1 1
08:57:58 1 1 1
08:58:58 1 1 1
08:59:58 1 1 1
09:00:59 1 1 1
09:01:59 1 1 1
09:02:59 1 1 1
09:04:00 1 1 1
09:05:00 1 1 1
09:06:00 1 1 1
09:07:01 1 1 1
09:08:01 1 1 1
09:09:01 1 1 1
09:10:02 1 1 1
09:11:02 1 1 1
09:12:02 1 1 1
09:13:03 1 1 1
09:14:03 1 1 1
09:15:03 1 1 1
09:16:03 1 1 1
09:17:04 1 1 1
09:18:04 1 1 1
09:19:05 1 1 1
09:20:05 1 1 1
09:21:06 1 1 1
09:22:06 1 1 1
09:23:06 1 1 1
09:24:07 1 1 1
09:25:07 1 1 1
09:26:07 1 1 1
09:27:08 1 1 1
09:28:09 1 1 1
09:29:09 1 1 1
09:30:09 1 1 1
09:31:10 1 1 1
09:32:10 1 1 1
09:33:10 1 1 1
09:34:11 1 1 1
09:35:11 1 1 1
09:36:11 1 1 1
09:37:12 1 1 1
09:38:12 1 1 1
09:39:12 1 1 1
09:40:13 1 1 1
09:41:13 1 1 1
09:42:13 1 1 1
09:43:13 1 1 1
09:44:14 1 1 1
09:45:14 1 1 1
09:46:14 1 1 1
09:47:15 1 1 1
09:48:15 1 1 1
09:49:16 1 1 1
09:50:16 1 1 1
09:51:16 1 1 1
09:52:17 1 1 1
09:53:17 1 1 1
09:54:17 1 1 1
09:55:18 1 1 1
09:56:18 1 1 1
09:57:18 1 1 1
09:58:19 1 1 1
09:59:19 1 1 1
10:00:20 1 1 1
10:01:21 1 1 1
10:02:21 1 1 1
10:03:21 1 1 1
10:04:21 1 1 1
10:05:25 1 1 1
10:06:22 1 1 1
10:07:22 1 1 1
10:08:26 1 1 1
10:09:23 1 1 1
10:10:26 1 1 1
10:11:24 1 1 1
10:12:24 1 1 1
10:13:24 1 1 1
10:14:46 0 0 0
10:15:25 1 1 1
10:16:25 1 1 1
10:17:28 1 1 1
10:18:26 1 1 1
10:19:26 1 1 1
10:20:26 1 1 1
10:21:27 1 1 1
10:22:27 1 1 1
10:23:28 1 1 1
10:24:28 1 1 1
10:25:28 1 1 1
10:26:28 1 1 1
