00:01:14 209912 9160
00:01:58 99764 4114
00:02:58 76585 5097
00:04:03 868 1546
00:05:02 21698 1434
00:06:03 -1 -1
00:07:12 24798 3279
02:00:04 54 60
02:01:05 35413 25672
02:02:05 25900 1835
02:03:06 11844 5504
02:04:06 8560 13816
02:05:07 10960 1235
02:06:07 54 60
02:07:07 49770 2264
02:08:08 55379 8230
02:09:08 14305 1302
02:10:09 198 266
02:11:09 194 134
02:12:10 202 328
02:13:10 17506 1627
02:14:10 54 60
02:15:11 15756 1661
02:16:11 4462 1007
02:17:12 45602 2688
02:18:12 3410 1808
02:19:12 56029 17033
02:20:13 4631 1323
02:21:13 402 232
02:22:14 120883 15371
02:23:14 29476 2425
02:24:15 75275 15208
02:25:15 676 260
02:26:15 13256 2043
02:27:16 71986 10675
02:28:16 15261 1300
02:29:17 69887 7647
02:30:17 2276 521
02:31:18 13520 1448
02:32:18 69938 5979
02:33:18 366 382
02:34:19 54 0
02:35:19 16139 5199
02:36:20 36974 5738
02:37:20 72691 3111
02:38:20 7618 12153
02:39:21 24831 2625
02:40:21 1286 2038
02:41:22 3324 3163
02:42:22 20980 1848
02:43:23 54 60
02:44:23 7444 2568
02:45:23 186 192
02:46:24 54 0
02:47:24 161146 11133
02:48:25 170 240
02:49:25 61152 1896
02:50:25 35131 2438
02:51:26 54 406
02:52:26 22871 2364
02:53:27 71919 4941
02:54:27 24192 1223
02:55:28 42778 2371
02:56:28 7206 1189
02:57:29 78 74
02:58:29 25162 3300
02:59:30 926 628
03:00:30 47335 9249
03:01:30 115836 2370
03:02:31 6094 80718
03:03:31 18954 2595
03:04:32 42800 2115400
03:05:32 4258 491
03:06:33 904 1289
03:07:33 93884 6255
03:08:34 202484 178786
03:09:34 63869 174212
03:10:35 46442 206085
03:11:35 28994 204600
03:12:35 59969 242685
03:13:36 374518 115028
03:14:36 5303 137042
03:15:37 3480 142283
03:16:37 25786 171814
03:17:38 3870 137178
03:18:38 180241 144152
03:19:38 4614 171077
03:20:39 27146 171092
03:21:39 69426 142042
03:22:40 75810 9445
03:23:40 24792 1073
03:24:41 38238 1848
03:25:41 19362 1420
03:26:42 16600 426
03:27:42 54 60
03:28:42 132 74
03:29:43 14479 1954
03:30:43 54 0
03:31:44 14915 1443
03:32:44 28368 5452
03:33:45 906 706
03:34:46 6576 988
03:35:46 10441 2151
03:36:47 977 1088
03:37:47 54679 8201
03:38:48 1645 1387
03:39:48 1912 1736
03:40:49 20589 1832
03:41:49 9805 14635
03:42:49 277064 11065
03:43:50 29204 4625
03:44:50 35733 6290
03:45:51 11755 2501
03:46:51 1856 1629
03:47:52 12216 13643
03:48:52 438 582
03:49:52 125425 5306795
03:50:53 54 0
03:51:53 162 180
03:52:54 98313 15351
03:53:54 3566 708
03:54:55 9549 690
03:55:55 497 258
03:56:56 8132 705
03:57:56 110211 4440
03:58:57 34820 1266
03:59:57 186 192
04:00:57 24829 600
04:01:58 7524 240
04:02:58 50799 3240
04:03:59 1117 1089
04:04:59 6522 300
04:06:00 37219 105484
04:07:00 12549 1092
04:08:00 2397 508
04:09:01 1750 2612
04:10:01 187644 6838
04:11:02 576 948
04:12:02 10244 1877
04:13:03 25725 18402
04:14:03 9408 3031
04:15:03 35713 1506
04:16:04 9698 1126
04:17:04 186 192
04:18:05 54 0
04:19:05 19285 1382
04:20:06 54 120
04:21:06 120 473
04:22:07 218063 10420963
04:23:07 14870 1295
04:24:07 172793 8403152
04:25:08 1548 120
04:26:08 76740 38402
04:27:09 78362 9985
04:28:09 54 60
04:29:09 15836 2262
04:30:10 44180 15135
04:31:10 23262 27778
04:32:10 28859 4324
04:33:11 18489 4091
04:34:11 36049 736265
04:35:12 213 266
04:36:12 13138 748
04:37:13 6729 1062
04:38:14 89697 16895
04:39:14 3542 1533
04:40:14 2288 458
04:41:15 25844 2814
04:42:15 10222 360
04:43:15 14698 1513
04:44:16 23629 2530
04:45:16 103648 192024
04:46:17 7336 2690
04:47:17 871 1264
04:48:17 3890 2399
04:49:18 9302 4032
04:50:18 87614 11297
04:51:19 3240 446
04:52:19 54 180
04:53:19 8190 5721
04:54:20 57260 6744
04:55:20 12836 14098
04:56:21 54 66
04:57:21 20817 2218
04:58:22 591 730
04:59:22 5544 165962
05:00:23 1142 1697
05:01:23 203 284
05:02:23 203 164
05:03:24 162 184
05:04:24 54 60
05:05:25 582 540
05:06:25 18622 2847
05:07:25 288448 11999
05:08:26 132 74
05:09:26 69814 2040
05:10:27 22677 1284
05:11:27 22927 1206
05:12:28 132 326
05:13:28 611 746
05:14:28 3920 2978
05:15:29 3018 5258
05:16:29 54383 2270
05:17:30 1758 2874
05:18:30 87505 2508
05:19:31 11936 1182
05:20:31 15357 1469
05:21:31 23430 9692
05:22:32 91583 8643
05:23:32 5338 7958
05:24:33 3183 1668
05:25:33 769 876
05:26:34 13663 1251
05:27:34 74166 5260
05:28:34 116 0
05:29:35 10346 1443
05:30:35 12303 10836
05:31:36 54 60
05:32:36 9299 11132
05:33:36 2159 2263
05:34:37 699 1353
05:35:37 68166 5183
05:36:38 85584 5236
05:37:38 8247 2117
05:38:39 18237 1893
05:39:39 786 4259
05:40:40 330 484
05:41:40 11378 1652
05:42:40 751 856
05:43:41 65982 13734
05:44:41 10085 1809
05:45:42 24977 3119
05:46:42 24217 3638
05:47:43 5973 3360
05:48:43 30182 6058
05:49:43 2003 826
05:50:44 63215 10758
05:51:44 13219 1439
05:52:45 2290 2028
05:53:45 570 686
05:54:45 93794 3888
05:55:46 13334 1962
05:56:46 162 446
05:57:47 610 835
05:58:47 2710 3839
05:59:48 27888 1974
06:00:48 2663 714
06:01:49 3202 564
06:02:49 1492 62
06:03:49 64818 15332
06:04:50 9907 1326
06:05:50 12525 16934
06:06:51 112 300
06:07:51 198 1158
06:08:52 5540 1082
06:09:52 11522 3357
06:10:52 25500 27389
06:11:53 4769 7090
06:12:53 14529 3968
06:13:54 0 1182
06:14:54 3042 180
06:15:54 1548 60
06:16:55 65345 5542
06:17:55 27470 16138
06:18:56 10227 5019
06:19:56 108 126
06:20:57 1626 74
06:21:57 16126 682
06:22:57 186 126
06:23:58 17289 9158
06:24:58 2248 3774
06:25:59 3346 686
06:26:59 13910 1759
06:28:00 99633 10361
06:29:00 90849 19251
06:30:00 774 899
06:31:01 54 60
06:32:01 1711 1039
06:33:02 108 120
06:34:02 11996 438
06:35:02 12947 1399
06:36:03 16117 2603
06:37:03 4484 828
06:38:04 2281 1212
06:39:04 22329 1126
06:40:05 14390 1500
06:41:05 1062 969
06:42:05 54 60
06:43:06 120 192
06:44:06 54 120
06:45:07 1732 863
06:46:07 450 456
06:47:08 25121 1910
06:48:08 522 504
06:49:08 54 0
06:50:09 54 60
06:51:09 116 122
06:52:10 98760 18137
06:53:10 124699 15917
06:54:11 133717 5558
06:55:11 57027 5196
06:56:12 3607 1237
06:57:12 132 134
06:58:12 10934 12096
06:59:13 769 876
07:00:13 1255 1624
07:01:14 120 778
07:02:14 54 60
07:03:15 4105 1244
07:04:15 28212 2454
07:05:15 85245 17572
07:06:16 695 1168
07:07:16 2564 668
07:08:17 2420 753
07:09:17 154121 12710
07:10:18 186 192
07:11:18 54 60
07:12:19 26373 1198
07:13:19 31905 3880
07:14:20 17176 1056
07:15:20 54 0
07:16:20 41075 2459
07:17:21 4160 3385
07:18:21 13716 17350
07:19:22 801825 33328
07:20:22 26306 2662
07:21:23 1005 4482
07:22:23 203 164
07:23:24 88593 8883
07:24:24 54 60
07:25:24 79948 13233
07:26:25 120 134
07:27:25 224 394
07:28:26 186 258
07:29:26 253823 11058
07:30:26 108 120
07:31:27 59098 1800
07:32:27 170212 9948
07:33:28 92116 27531
07:34:28 8570 180
07:35:28 15359 2232
07:36:29 3944 1456
07:37:29 30330 2468
07:38:30 18656 1254
07:39:31 62060 3246
07:40:31 12387 5300
07:41:31 54 60
07:42:32 77046 31365
07:43:32 7056 7123
07:44:33 230 428
07:45:33 21456 1686
07:46:33 24000 22432
07:47:34 54 60
07:48:34 8986 6397
07:49:35 12628 11580
07:50:35 54 120
07:51:36 16271 13664
07:52:36 202 394
07:53:36 34901 1380
07:54:37 6935 907
07:55:37 1923 441
07:56:38 23505 1200
07:57:38 8114 829
07:58:38 19132 3911
07:59:39 54 60
08:00:39 84034 9756
08:01:40 54 120
08:02:40 3208 1270
08:03:40 11179 1323
08:04:40 7478 6360
08:05:41 1062968 46444
08:06:41 10394 16856
08:07:41 17308 695
08:08:42 149884 33675
08:09:42 21670 22392
08:10:42 54 120
08:11:43 120665 6580
08:12:43 48649 3052
08:13:43 207162 6012
08:14:44 21602 1427
08:15:44 2261 2008
08:16:44 3748 4054
08:17:45 15341 12558
08:18:46 79681 2280
08:19:47 198 200
08:20:47 196006 7039
08:21:48 120 424
08:22:48 161467 6673
08:23:48 2225 1668
08:24:49 103496 7847
08:25:49 2551 630
08:26:49 120 66
08:27:50 51809 3548
08:28:50 5632 9188
08:29:50 0 244
08:30:51 203731 66137
08:31:51 109167 10862
08:32:51 10849 3733
08:33:51 282 536
08:34:52 68807 6761
08:35:52 54 302
08:36:52 132881 7004
08:37:53 53704 8442
08:38:53 173380 8168
08:39:53 62 62
08:40:54 14736 1913
08:41:54 5992 25978
08:42:54 21128 26960
08:43:55 56762 5062
08:44:55 332 302
08:45:55 3477 1493
08:46:56 6140 1958
08:47:56 120 278
08:48:56 54 60
08:49:57 236391 34046
08:50:57 22235 2344
08:51:57 154578 9520
08:52:58 1936 1194
08:53:58 927039 55287
08:54:58 54 0
08:55:59 1932 676
08:56:59 441967 25830
08:57:59 12545 5920
08:58:59 18900 13720
09:00:00 3263 3396
09:01:00 96974 6973
09:02:00 80442 3310
09:03:01 175486 23066
09:04:01 95713 6856
09:05:01 74888 5328
09:06:02 36587 8551
09:07:02 342 553
09:08:02 198 446
09:09:03 1991 666
09:10:03 23947 4472
09:11:03 452083 22732
09:12:04 76810 3292
09:13:04 29057 27204
09:14:04 922780 51026
09:15:04 9549 814
09:16:05 13121 2476
09:17:05 132 134
09:18:06 277857 26115
09:19:06 2124 2812
09:20:06 108 360
09:21:07 14713 2536
09:22:07 419841 28277
09:23:08 27283 2530
09:24:08 424122 25655
09:25:08 20934 1254
09:26:09 15405 2700
09:27:10 650 3216
09:28:10 487135 15257
09:29:10 45841 2563
09:30:11 151074 10946
09:31:11 83048 24816
09:32:11 12140 5071
09:33:11 56776 3458
09:34:12 102677 8531
09:35:12 69693 2786
09:36:13 421289 14256
09:37:13 100198 32592
09:38:13 110442 14490
09:39:14 21908 2158
09:40:14 50644 2936
09:41:14 63364 2070
09:42:14 18410 1181
09:43:15 18777 1146
09:44:15 1054618 32938
09:45:15 71498 6205
09:46:16 42912 4694
09:47:17 4839 1135
09:48:18 83314 8315
09:49:18 33793 10002
09:50:21 162729 19390
09:51:18 22490 3804
09:52:19 7518 12090
09:53:19 410991 19483
09:54:19 25925 2224
09:55:20 907558 48767
09:56:20 334483 13602
09:57:21 89118 7178
09:58:21 79654 12587
09:59:21 176151 4948
10:00:22 334421 11229
10:01:22 43798 4050
10:02:22 574032 21385
10:03:22 162 300
10:04:22 92473 10356
10:05:23 34363 4048
10:06:23 568 612
10:07:24 13656 546
10:08:23 -1 -1
10:09:24 785 1287
10:10:25 3623 1434
10:11:25 47377 3114
10:12:25 228 502
10:13:26 73094 6631
10:14:26 9106 1100
10:15:26 22926 6345
10:16:26 169630 21062
10:17:27 81155 4107
10:18:27 44707 5734
10:19:27 58945 4867
10:20:28 8189 1916
10:21:28 101089 5976
10:22:28 812712 42091
10:23:29 250559 13850
10:24:29 158 0
10:25:29 692 1096
10:26:30 2905 3784
