00:01:00 215249 29761
00:01:58 12180 3246
00:02:55 165360 18261
00:04:03 4906 2928
00:05:00 115109 100380
00:05:58 1509 1806
00:07:12 3969 2548
02:00:04 85344 8268
02:01:05 147825 9229
02:02:05 221494 14073
02:03:06 66834 9882
02:04:06 40142 18229
02:05:06 59028 19296
02:06:07 59128 9254
02:07:07 19730 18327
02:08:08 34741 12837
02:09:08 13037 5100
02:10:09 17679 2240
02:11:12 14506 1232
02:12:10 1976 41400
02:13:10 34205 2849
02:14:10 59231 5723
02:15:11 32280 3537
02:16:11 285133 24570
02:17:12 12172 2336
02:18:12 3135 1268
02:19:12 49146 18819
02:20:13 15852 193975
02:21:13 28488 2166
02:22:14 57270 4207
02:23:14 49362 162871
02:24:14 20217 25655
02:25:15 58790 29255
02:26:15 87456 12596
02:27:16 88676 5881
02:28:16 4328 3672
02:29:17 90095 14339
02:30:17 5538 2310
02:31:18 242491 19606
02:32:18 9050 4768
02:33:18 4171 32742
02:34:19 135194 9585
02:35:19 232554 21600
02:36:20 12938 7145
02:37:20 187509 50592
02:38:20 17557 18159
02:39:21 47525 197206
02:40:21 208560 41610
02:41:22 112569 22026
02:42:22 32044 8602
02:43:22 33762 5683
02:44:23 53346 11477
02:45:23 25475 3806
02:46:24 14616 3817
02:47:24 21077 4348
02:48:24 1162 774
02:49:25 100018 6686
02:50:25 5413 6560
02:51:26 14980 1710
02:52:26 50753 6486
02:53:27 62529 14748
02:54:27 43549 4142
02:55:28 126409 10525
02:56:28 142315 9797
02:57:29 14944 4758
02:58:29 25274 10632
02:59:29 37965 6138
03:00:30 38143 5470
03:01:30 24626 4241
03:02:31 139969 48618
03:03:31 13862 4224
03:04:31 24842 6077
03:05:32 24834 6130
03:06:33 84988 31630
03:07:33 783832 46890
03:08:33 12394 3461
03:09:34 152450 14536
03:10:34 85682 10015
03:11:35 81162 139117
03:12:35 47116 10803
03:13:36 73730 11832
03:14:36 104747 12630
03:15:37 102125 19732
03:16:37 9163 27013
03:17:38 35781 2150
03:18:38 10352 3345
03:19:38 71174 3240
03:20:39 14416 2956
03:21:39 65213 3891
03:22:40 54540 9116
03:23:40 31834 3855
03:24:41 2425 2459
03:25:41 138377 20394
03:26:42 30926 9164
03:27:42 200483 14265
03:28:42 196798 25262
03:29:43 46588 8193
03:30:43 133290 37096
03:31:44 672 900
03:32:44 88894 24020
03:33:45 62658 7100
03:34:46 44523 7778
03:35:46 15610 15467
03:36:47 494 654
03:37:47 10319 30308
03:38:48 50675 4762
03:39:48 6317 4876
03:40:48 104187 3794
03:41:49 90527 45982
03:42:49 88178 26802
03:43:50 43390 10827
03:44:50 91857 28960
03:45:51 2390 1961
03:46:51 45752 5687
03:47:51 4445 2265
03:48:52 29934 3251
03:49:52 103611 7233
03:50:53 25804 2862
03:51:53 2210 868
03:52:54 8582 600
03:53:54 100110 5356
03:54:55 25333 4143
03:55:55 0 915
03:56:56 43195 2885
03:57:56 81429 9704
03:58:56 48101 4211
03:59:57 2174 998
04:00:57 21432 4229
04:01:58 9279 2661
04:02:58 1564 866
04:03:59 3317 4182
04:04:59 58593 3853
04:06:00 35890 20928
04:07:00 19549 26271
04:08:00 42597 4858
04:09:01 138605 23587
04:10:01 136383 14904
04:11:02 20062 4949
04:12:02 80057 11502
04:13:03 87819 11851
04:14:03 47495 11483
04:15:03 22077 3407
04:16:04 2234 2709
04:17:04 14023 14800
04:18:05 29760 6073
04:19:05 2978 3668
04:20:05 15941 18309
04:21:06 13101 2774
04:22:06 239808 15531
04:23:07 30029 11067
04:24:07 39328 4921
04:25:07 52978 10767
04:26:08 29166 3894
04:27:08 42245 3275
04:28:09 186425 16264
04:29:09 22403 15404
04:30:10 92099 71823
04:31:11 4978 4575
04:32:10 3339 2448
04:33:11 4759 1963
04:34:11 658334 62944
04:35:12 15049 4135
04:36:12 61563 3503
04:37:13 63867 9776
04:38:13 72680 26068
04:39:14 37792 3341
04:40:14 44946 3886
04:41:14 33561 3122
04:42:15 42583 20576
04:43:15 30050 32578
04:44:16 26305 1822
04:45:16 158640 10508
04:46:16 23771 22500
04:47:17 33690 6504
04:48:17 3576 2538
04:49:18 15074 2262
04:50:18 36175 6453
04:51:19 1414 734
04:52:19 34688 4662
04:53:19 49769 9071
04:54:20 48943 5734
04:55:20 30693 45150
04:56:21 161395 30636
04:57:21 23859 3531
04:58:22 35574 6903
04:59:22 3900 2470
05:00:22 2357 2323
05:01:23 30173 7550
05:02:23 33489 4008
05:03:24 2207 1413
05:04:24 16350 5188
05:05:24 2081 983
05:06:25 100309 33244
05:07:25 6600 8403
05:08:26 56223 3573
05:09:26 51794 4336
05:10:27 5406 1092
05:11:27 7843 2541
05:12:27 169296 13791
05:13:28 27280 2324
05:14:28 5738 8082
05:15:29 3888 4898
05:16:29 30292 2506
05:17:30 18632 11510
05:18:30 46058 3134
05:19:30 52521 7404
05:20:31 8892 3629
05:21:31 53898 14313
05:22:32 4340 4856
05:23:32 45550 49799
05:24:33 11936 2243
05:25:33 82243 32073
05:26:33 93526 34816
05:27:34 33964 2662
05:28:34 18531 3087
05:29:35 146327 60113
05:30:35 57075 28929
05:31:35 8698 2250
05:32:36 63131 20652
05:33:36 2870 1941
05:34:37 1557 1923
05:35:37 4040 2970
05:36:38 195915 13399
05:37:38 76581 29487
05:38:39 46628 4427
05:39:39 60264 18848
05:40:39 137405 24652
05:41:40 4149 1532
05:42:40 494 726
05:43:41 32403 37190
05:44:41 3406 1238
05:45:42 197813 9419
05:46:42 50794 3935
05:47:42 37043 3247
05:48:43 103822 24159
05:49:43 70421 3722
05:50:44 151399 9831
05:51:47 92185 5225
05:52:44 187751 15378
05:53:45 200799 12258
05:54:45 66159 5351
05:55:46 48956 3612
05:56:46 28979 5431
05:57:47 99415 6174
05:58:47 197430 9704
05:59:48 134451 7425
06:00:48 36698 3364
06:01:48 16209 1722
06:02:49 61256 18337
06:03:49 64976 33511
06:04:50 66395 8353
06:05:50 87008 5546
06:06:51 51404 9681
06:07:51 10316761 237024
06:08:51 52850 5514
06:09:52 8089 8832
06:10:52 56086 16393
06:11:53 12650 4714
06:12:53 3333 1512
06:13:53 65400 4450
06:14:54 2184 2350
06:15:54 177623 28380
06:16:55 23513 2959
06:17:55 2189 1301
06:18:56 101397 21345
06:19:56 4028 4455
06:20:56 17160 1200
06:21:57 9966 2397
06:22:57 60072 23285
06:23:58 43603 24879
06:24:58 12627 9785
06:25:59 38625 4133
06:26:59 8660 3914
06:27:59 37679 8016
06:29:00 23434 2707
06:30:00 7254 3022
06:31:01 137504 12642
06:32:01 123844 25256
06:33:01 122067 21010
06:34:02 12010 3460
06:35:02 6455 3193
06:36:03 40634 2887
06:37:03 6300 2327
06:38:04 19770 3949
06:39:04 175095 6098
06:40:04 26820 2736
06:41:05 19966 4281
06:42:05 19433 1760
06:43:06 36933 3074
06:44:06 17191 3897
06:45:07 23667 18425
06:46:07 3168 2032
06:47:07 105995 6779
06:48:08 22872 1817
06:49:08 61248 3379
06:50:09 61207 5583
06:51:09 110986 9453
06:52:10 51894 3611
06:53:10 94048 5527
06:54:10 102107 5393
06:55:11 110471 5690
06:56:11 42100 9372
06:57:12 30625 3651
06:58:12 349938 24537
06:59:13 55476 14910
07:00:13 74162 24251
07:01:14 29243 4347
07:02:14 130090 11141
07:03:14 94955 12130
07:04:15 38715 2726
07:05:15 74093 40395
07:06:16 66000 17212
07:07:16 71718 5968
07:08:16 32315 5809
07:09:17 113733 11371
07:10:18 92060 14634
07:11:18 127168 11058
07:12:19 25750 3140
07:13:19 2151 3262
07:14:20 63133 5711
07:15:20 47683 4858
07:16:20 66569 6337
07:17:21 61021 22346
07:18:21 5770 6565
07:19:22 28704 2808
07:20:22 51447 16801
07:21:23 44887 4640
07:22:23 51410 6933
07:23:23 70999 4989
07:24:24 118594 5749
07:25:24 24836 34428
07:26:25 42911 17153
07:27:25 72278 25642
07:28:26 19930 3448
07:29:26 11693 3782
07:30:26 202652 23974
07:31:27 58355 4719
07:32:27 49470 8928
07:33:28 196719 16201
07:34:28 64999 4862
07:35:29 73855 9815
07:36:29 30331 4722
07:37:29 80981 5794
07:38:30 34143 8679
07:39:30 82571 31315
07:40:31 21278 2338
07:41:31 14996 4960
07:42:32 39423 3367
07:43:32 37939 6045
07:44:32 29891 9798
07:45:33 54096 4009
07:46:33 128314 29957
07:47:34 18717 32962
07:48:34 63512 5387
07:49:35 37420 7814
07:50:35 148039 16245
07:51:35 66077 5636
07:52:36 78219 8526
07:53:36 90706 9620
07:54:37 31236 3632
07:55:37 29964 3976
07:56:37 59170 5160
07:57:38 87239 6287
07:58:38 112016 15996
07:59:38 51489 8808
08:00:39 78419 5751
08:01:39 135196 13749
08:02:40 66922 7759
08:03:40 56404 26598
08:04:40 76812 15496
08:05:41 1906 728
08:06:41 126990 29372
08:07:41 121676 12738
08:08:42 192339 12844
08:09:42 112257 33321
08:10:42 16553 2926
08:11:43 81471 7716
08:12:43 86079 12399
08:13:43 53738 6077
08:14:43 35642 16168
08:15:44 76999 32198
08:16:44 118190 16250
08:17:45 95814 7298
08:18:45 56608 7235
08:19:46 26262 2296
08:20:46 109773 35100
08:21:46 84492 12170
08:22:47 43934 3939
08:23:47 164069 38098
08:24:47 72185 8613
08:25:48 21909 3821
08:26:48 21330 3516
08:27:48 32080 8806
08:28:49 83020 42798
08:29:52 78697 11588
08:30:50 55927 7059
08:31:50 197237 13038
08:32:50 96118 11552
08:33:50 8263 9046
08:34:51 4924 6417
08:35:51 3670 1590
08:36:51 159763 9337
08:37:52 116447 24942
08:38:52 85979 9837
08:39:52 98648 7714
08:40:53 151683 38887
08:41:53 105216 22149
08:42:53 159247 16222
08:43:54 25727 20683
08:44:54 827673 34847
08:45:54 330962 23763
08:46:55 42116 7195
08:47:55 298050 11687
08:48:55 5395 1673
08:49:55 80359 38640
08:50:56 193688 10623
08:51:56 232113 24805
08:52:57 252780 13868
08:53:57 243088 18378
08:54:57 13053 9639
08:55:58 93505 12134
08:56:58 243023 16662
08:57:59 28430 7912
08:58:59 90487 23212
09:00:00 142150 13218
09:01:00 952235 41627
09:02:00 114972 11586
09:03:01 28670 9879
09:04:01 314474 15000
09:05:01 33701 6698
09:06:01 136159 20885
09:07:02 88995 9667
09:08:02 76780 12686
09:09:02 391894 21376
09:10:03 120549 24790
09:11:03 382595 33127
09:12:03 114341 28598
09:13:04 117690 12833
09:14:04 64482 10351
09:15:04 63623 4166
09:16:05 110783 7226
09:17:05 134378 42197
09:18:06 85360 11035
09:19:06 39232 6330
09:20:07 198241 25285
09:21:10 137248 16953
09:22:07 376874 21524
09:23:10 48416 13947
09:24:08 142605 22218
09:25:08 319145 35884
09:26:09 111311 26179
09:27:09 241645 18894
09:28:10 454077 68408
09:29:10 383803 23659
09:30:11 151699 30819
09:31:11 141054 53401
09:32:11 255378 32173
09:33:11 61573 10308
09:34:12 50331 17470
09:35:12 77388 7851
09:36:12 176855 26793
09:37:13 335309 138186
09:38:13 149869 84181
09:39:14 45502 35522
09:40:14 112544 9466
09:41:14 31790 10609
09:42:14 89487 7897
09:43:15 61596 11948
09:44:15 57545 4421
09:45:15 127389 9332
09:46:16 184863 11732
09:47:36 -1 -1
09:48:16 61144 5283
09:49:17 30159 6336
09:50:17 172142 23061
09:51:17 91581 16497
09:52:18 301352 51869
09:53:18 72241 8118
09:54:18 120708 10154
09:55:19 187569 17274
09:56:19 104066 12982
09:57:19 76918 10000
09:58:20 116072 11622
09:59:21 68601 8747
10:00:21 83664 8070
10:01:22 170582 12084
10:02:22 77193 7149
10:03:22 176680 13087
10:04:23 61824 7988
10:05:23 51948 3031
10:06:23 66407 7919
10:07:24 237332 38305
10:08:27 35394 3927
10:09:23 -1 -1
10:10:24 80350 13122
10:11:25 28084 7031
10:12:25 108962 27606
10:13:25 349758 41248
10:14:26 17909 5522
10:15:29 497686 26510
10:16:27 42618 6832
10:17:27 152855 12346
10:18:27 65967 11641
10:19:27 11555 12885
10:20:27 134134 13101
10:21:28 209801 13608
10:22:28 56987 15786
10:23:29 91877 31712
10:24:29 52020 5730
10:25:29 85490 10957
10:26:30 10183 6873
