00:00:15 4 0 10
00:00:46 4 0 14
00:01:33 4 0 9
00:01:51 4 0 9
00:02:18 4 0 10
00:02:49 4 0 11
00:03:20 4 0 10
00:03:50 4 0 9
00:04:20 4 0 9
00:04:51 4 0 10
00:05:21 4 0 10
00:05:53 4 0 11
00:06:24 3 1 13
00:06:53 4 0 9
00:07:24 4 0 11
02:00:03 4 0 9
02:00:34 4 0 11
02:01:04 4 0 9
02:01:34 4 0 10
02:02:04 4 0 9
02:02:34 4 0 10
02:03:05 4 0 9
02:03:35 4 0 9
02:04:05 4 0 24
02:04:35 4 0 9
02:05:06 4 0 9
02:05:36 4 0 11
02:06:06 4 0 9
02:06:36 4 0 9
02:07:06 4 0 9
02:07:36 4 0 9
02:08:07 4 0 9
02:08:37 4 0 9
02:09:07 4 0 10
02:09:37 4 0 9
02:10:08 4 0 9
02:10:38 4 0 10
02:11:08 4 0 9
02:11:38 4 0 9
02:12:09 4 0 10
02:12:39 4 0 11
02:13:09 4 0 9
02:13:39 4 0 9
02:14:09 4 0 9
02:14:39 4 0 10
02:15:10 4 0 9
02:15:40 4 0 9
02:16:10 4 0 9
02:16:40 4 0 15
02:17:11 4 0 9
02:17:41 4 0 10
02:18:11 4 0 9
02:18:41 4 0 10
02:19:11 4 0 9
02:19:42 4 0 10
02:20:12 4 0 9
02:20:42 4 0 9
02:21:12 4 0 9
02:21:42 4 0 10
02:22:13 4 0 9
02:22:43 4 0 11
02:23:13 4 0 9
02:23:43 4 0 9
02:24:14 4 0 9
02:24:44 4 0 10
02:25:14 4 0 9
02:25:44 4 0 10
02:26:14 4 0 9
02:26:45 4 0 10
02:27:15 4 0 9
02:27:45 4 0 10
02:28:15 4 0 9
02:28:45 4 0 10
02:29:16 4 0 9
02:29:46 4 0 11
02:30:16 4 0 9
02:30:46 4 0 9
02:31:17 4 0 9
02:31:47 4 0 9
02:32:17 4 0 9
02:32:47 4 0 10
02:33:17 4 0 9
02:33:47 4 0 10
02:34:18 4 0 9
02:34:48 4 0 9
02:35:18 4 0 9
02:35:48 4 0 9
02:36:19 4 0 9
02:36:49 4 0 9
02:37:19 4 0 9
02:37:49 4 0 9
02:38:19 4 0 9
02:38:50 4 0 10
02:39:20 4 0 9
02:39:50 4 0 10
02:40:20 4 0 9
02:40:50 4 0 10
02:41:21 4 0 9
02:41:51 4 0 9
02:42:21 4 0 9
02:42:51 4 0 10
02:43:21 4 0 9
02:43:52 4 0 10
02:44:22 4 0 9
02:44:52 4 0 10
02:45:22 4 0 9
02:45:52 4 0 9
02:46:23 4 0 9
02:46:53 4 0 10
02:47:23 4 0 9
02:47:53 4 0 10
02:48:24 4 0 9
02:48:54 4 0 10
02:49:24 4 0 9
02:49:54 4 0 10
02:50:24 4 0 9
02:50:55 4 0 9
02:51:25 4 0 9
02:51:55 4 0 9
02:52:25 4 0 9
02:52:55 4 0 9
02:53:26 4 0 9
02:53:56 4 0 10
02:54:26 4 0 9
02:54:56 4 0 9
02:55:27 4 0 9
02:55:57 4 0 9
02:56:27 4 0 9
02:56:57 4 0 10
02:57:28 4 0 9
02:57:58 4 0 11
02:58:29 3 1 13
02:58:58 4 0 9
02:59:28 4 0 9
02:59:59 4 0 10
03:00:29 4 0 9
03:00:59 4 0 9
03:01:29 4 0 9
03:01:59 4 0 10
03:02:30 4 0 9
03:03:00 4 0 10
03:03:30 4 0 9
03:04:00 4 0 9
03:04:31 4 0 35
03:05:01 4 0 9
03:05:31 4 0 9
03:06:01 4 0 10
03:06:32 4 0 10
03:07:02 4 0 13
03:07:32 4 0 9
03:08:02 4 0 10
03:08:33 4 0 9
03:09:03 4 0 10
03:09:33 4 0 9
03:10:03 4 0 9
03:10:33 4 0 9
03:11:04 4 0 11
03:11:34 4 0 9
03:12:04 4 0 10
03:12:34 4 0 9
03:13:04 4 0 10
03:13:35 4 0 9
03:14:05 4 0 10
03:14:35 4 0 9
03:15:05 4 0 9
03:15:36 4 0 9
03:16:06 4 0 10
03:16:36 4 0 9
03:17:06 4 0 10
03:17:37 4 0 9
03:18:07 4 0 10
03:18:37 4 0 9
03:19:07 4 0 10
03:19:37 4 0 9
03:20:08 4 0 13
03:20:38 4 0 9
03:21:08 4 0 9
03:21:38 4 0 9
03:22:08 4 0 9
03:22:39 4 0 9
03:23:09 4 0 10
03:23:39 4 0 9
03:24:09 4 0 10
03:24:40 4 0 9
03:25:10 4 0 9
03:25:40 4 0 9
03:26:10 4 0 10
03:26:41 4 0 9
03:27:11 4 0 13
03:27:41 4 0 9
03:28:11 4 0 9
03:28:41 4 0 9
03:29:12 4 0 10
03:29:42 4 0 11
03:30:12 4 0 9
03:30:42 4 0 9
03:31:12 4 0 9
03:31:43 4 0 9
03:32:13 4 0 9
03:32:43 4 0 9
03:33:13 4 0 10
03:33:44 4 0 9
03:34:14 4 0 9
03:34:45 4 0 9
03:35:15 4 0 10
03:35:45 4 0 9
03:36:15 4 0 9
03:36:46 4 0 9
03:37:16 4 0 9
03:37:46 4 0 35
03:38:16 4 0 14
03:38:47 4 0 11
03:39:17 4 0 11
03:39:47 4 0 9
03:40:17 4 0 10
03:40:48 4 0 9
03:41:18 4 0 10
03:41:48 4 0 11
03:42:18 4 0 10
03:42:48 4 0 9
03:43:18 4 0 10
03:43:49 4 0 9
03:44:19 4 0 10
03:44:49 4 0 9
03:45:19 4 0 9
03:45:50 4 0 13
03:46:20 4 0 10
03:46:50 4 0 9
03:47:20 4 0 9
03:47:50 4 0 9
03:48:21 4 0 10
03:48:51 4 0 9
03:49:21 4 0 11
03:49:52 3 1 9
03:50:22 4 0 10
03:50:52 4 0 41
03:51:22 4 0 10
03:51:52 4 0 9
03:52:22 4 0 12
03:52:53 4 0 9
03:53:23 4 0 9
03:53:53 4 0 9
03:54:23 4 0 9
03:54:54 4 0 9
03:55:24 4 0 9
03:55:54 4 0 9
03:56:24 4 0 9
03:56:55 4 0 9
03:57:25 4 0 9
03:57:55 4 0 9
03:58:25 4 0 9
03:58:56 4 0 9
03:59:26 4 0 9
03:59:56 4 0 9
04:00:26 4 0 13
04:00:56 4 0 9
04:01:27 4 0 10
04:01:57 4 0 21
04:02:27 4 0 9
04:02:57 4 0 9
04:03:27 4 0 10
04:03:59 3 1 13
04:04:28 4 0 10
04:04:58 4 0 9
04:05:28 4 0 10
04:05:59 4 0 9
04:06:29 4 0 9
04:06:59 4 0 9
04:07:29 4 0 9
04:07:59 4 0 9
04:08:30 4 0 38
04:09:00 4 0 9
04:09:30 4 0 9
04:10:00 4 0 9
04:10:31 4 0 11
04:11:01 4 0 9
04:11:31 4 0 11
04:12:01 4 0 9
04:12:31 4 0 10
04:13:02 4 0 9
04:13:32 4 0 10
04:14:02 4 0 9
04:14:32 4 0 9
04:15:02 4 0 9
04:15:33 4 0 12
04:16:03 4 0 9
04:16:33 4 0 9
04:17:03 4 0 12
04:17:33 4 0 10
04:18:04 4 0 9
04:18:34 4 0 10
04:19:04 4 0 10
04:19:34 4 0 10
04:20:05 4 0 9
04:20:35 4 0 9
04:21:05 4 0 11
04:21:35 4 0 9
04:22:05 4 0 9
04:22:37 3 1 15
04:23:06 4 0 9
04:23:36 4 0 9
04:24:06 4 0 9
04:24:36 4 0 10
04:25:07 4 0 9
04:25:37 4 0 10
04:26:07 4 0 9
04:26:37 4 0 11
04:27:07 4 0 9
04:27:38 4 0 10
04:28:08 4 0 9
04:28:38 4 0 9
04:29:08 4 0 9
04:29:38 4 0 10
04:30:09 4 0 9
04:30:39 4 0 10
04:31:09 4 0 9
04:31:39 4 0 9
04:32:09 4 0 9
04:32:40 4 0 9
04:33:10 4 0 9
04:33:41 3 1 14
04:34:10 4 0 9
04:34:40 4 0 10
04:35:11 4 0 9
04:35:41 4 0 12
04:36:11 4 0 9
04:36:41 4 0 9
04:37:12 4 0 11
04:37:42 4 0 11
04:38:12 4 0 9
04:38:42 4 0 12
04:39:13 4 0 9
04:39:43 4 0 9
04:40:13 4 0 9
04:40:43 4 0 11
04:41:13 4 0 9
04:41:44 4 0 13
04:42:14 4 0 9
04:42:44 4 0 10
04:43:14 4 0 9
04:43:44 4 0 9
04:44:15 4 0 9
04:44:45 4 0 11
04:45:15 4 0 9
04:45:45 4 0 10
04:46:16 4 0 9
04:46:46 4 0 9
04:47:16 4 0 9
04:47:47 3 1 24
04:48:16 4 0 9
04:48:46 4 0 11
04:49:17 4 0 9
04:49:47 4 0 10
04:50:17 4 0 9
04:50:47 4 0 10
04:51:18 4 0 52
04:51:48 4 0 11
04:52:18 4 0 9
04:52:48 4 0 10
04:53:18 4 0 9
04:53:49 4 0 10
04:54:19 4 0 9
04:54:49 4 0 9
04:55:19 4 0 9
04:55:49 4 0 10
04:56:20 4 0 9
04:56:50 4 0 9
04:57:20 4 0 9
04:57:50 4 0 11
04:58:21 4 0 9
04:58:51 4 0 10
04:59:21 4 0 9
04:59:51 4 0 9
05:00:22 4 0 9
05:00:52 4 0 9
05:01:22 4 0 10
05:01:52 4 0 10
05:02:22 4 0 9
05:02:52 4 0 10
05:03:23 4 0 9
05:03:53 4 0 9
05:04:23 4 0 9
05:04:53 4 0 9
05:05:23 4 0 9
05:05:54 4 0 11
05:06:24 4 0 9
05:06:54 4 0 10
05:07:24 4 0 9
05:07:54 4 0 12
05:08:25 4 0 9
05:08:55 4 0 11
05:09:25 4 0 9
05:09:55 4 0 9
05:10:26 4 0 9
05:10:56 4 0 10
05:11:26 4 0 9
05:11:56 4 0 9
05:12:27 4 0 31
05:12:57 4 0 9
05:13:27 4 0 9
05:13:57 4 0 11
05:14:27 4 0 9
05:14:57 4 0 9
05:15:28 4 0 9
05:15:58 4 0 10
05:16:28 4 0 9
05:16:58 4 0 10
05:17:29 4 0 10
05:17:59 4 0 9
05:18:29 4 0 9
05:18:59 4 0 9
05:19:29 4 0 9
05:20:00 4 0 10
05:20:30 4 0 9
05:21:00 4 0 14
05:21:30 4 0 9
05:22:00 4 0 11
05:22:31 4 0 9
05:23:01 4 0 9
05:23:31 4 0 9
05:24:01 4 0 10
05:24:32 4 0 9
05:25:02 4 0 10
05:25:32 4 0 9
05:26:02 4 0 9
05:26:32 4 0 9
05:27:03 4 0 9
05:27:33 4 0 9
05:28:03 4 0 9
05:28:33 4 0 9
05:29:03 4 0 9
05:29:34 4 0 9
05:30:04 4 0 9
05:30:34 4 0 9
05:31:04 4 0 9
05:31:35 4 0 12
05:32:05 4 0 9
05:32:35 4 0 9
05:33:05 4 0 9
05:33:35 4 0 9
05:34:05 4 0 10
05:34:36 4 0 9
05:35:06 4 0 10
05:35:36 4 0 9
05:36:06 4 0 9
05:36:37 4 0 9
05:37:07 4 0 11
05:37:37 4 0 9
05:38:07 4 0 10
05:38:38 4 0 11
05:39:08 4 0 10
05:39:38 4 0 9
05:40:08 4 0 9
05:40:38 4 0 9
05:41:09 4 0 11
05:41:39 4 0 9
05:42:09 4 0 12
05:42:39 4 0 9
05:43:09 4 0 9
05:43:40 4 0 9
05:44:10 4 0 10
05:44:40 4 0 9
05:45:10 4 0 10
05:45:41 4 0 9
05:46:11 4 0 9
05:46:41 4 0 9
05:47:11 4 0 10
05:47:41 4 0 9
05:48:11 4 0 9
05:48:42 4 0 9
05:49:12 4 0 9
05:49:42 4 0 9
05:50:12 4 0 10
05:50:43 4 0 9
05:51:13 4 0 9
05:51:43 4 0 9
05:52:13 4 0 10
05:52:43 4 0 9
05:53:14 4 0 9
05:53:44 4 0 9
05:54:14 4 0 9
05:54:44 4 0 9
05:55:15 4 0 9
05:55:45 4 0 9
05:56:15 4 0 10
05:56:45 4 0 9
05:57:15 4 0 10
05:57:46 4 0 9
05:58:16 4 0 9
05:58:46 4 0 9
05:59:16 4 0 9
05:59:47 4 0 9
06:00:17 4 0 10
06:00:47 4 0 9
06:01:17 4 0 10
06:01:48 4 0 9
06:02:18 4 0 10
06:02:48 4 0 9
06:03:18 4 0 10
06:03:48 4 0 9
06:04:18 4 0 10
06:04:49 4 0 9
06:05:19 4 0 11
06:05:49 4 0 9
06:06:19 4 0 10
06:06:50 4 0 9
06:07:20 4 0 9
06:07:50 4 0 9
06:08:20 4 0 11
06:08:50 4 0 9
06:09:21 4 0 9
06:09:51 4 0 9
06:10:21 4 0 10
06:10:51 4 0 9
06:11:21 4 0 11
06:11:52 4 0 9
06:12:22 4 0 9
06:12:52 4 0 9
06:13:22 4 0 9
06:13:53 4 0 9
06:14:23 4 0 10
06:14:53 4 0 9
06:15:23 4 0 10
06:15:53 4 0 9
06:16:24 4 0 10
06:16:54 4 0 9
06:17:24 4 0 10
06:17:54 4 0 9
06:18:24 4 0 9
06:18:55 4 0 9
06:19:25 4 0 12
06:19:55 4 0 9
06:20:25 4 0 9
06:20:55 4 0 9
06:21:26 4 0 11
06:21:56 4 0 9
06:22:26 4 0 10
06:22:56 4 0 26
06:23:26 4 0 9
06:23:57 4 0 9
06:24:27 4 0 13
06:24:57 4 0 9
06:25:27 4 0 10
06:25:58 4 0 9
06:26:28 4 0 9
06:26:58 4 0 9
06:27:28 4 0 11
06:27:58 4 0 9
06:28:29 4 0 9
06:28:59 4 0 9
06:29:29 4 0 11
06:29:59 4 0 9
06:30:29 4 0 11
06:31:00 4 0 11
06:31:30 4 0 10
06:32:00 4 0 12
06:32:30 4 0 9
06:33:00 4 0 9
06:33:31 4 0 11
06:34:01 4 0 9
06:34:31 4 0 10
06:35:01 4 0 9
06:35:31 4 0 10
06:36:02 4 0 9
06:36:32 4 0 9
06:37:02 4 0 9
06:37:32 4 0 9
06:38:03 4 0 9
06:38:33 4 0 10
06:39:03 4 0 9
06:39:33 4 0 10
06:40:04 4 0 9
06:40:34 4 0 10
06:41:04 4 0 9
06:41:34 4 0 10
06:42:04 4 0 9
06:42:35 4 0 11
06:43:05 4 0 9
06:43:35 4 0 9
06:44:05 4 0 9
06:44:35 4 0 10
06:45:06 4 0 9
06:45:36 4 0 9
06:46:06 4 0 9
06:46:36 4 0 11
06:47:06 4 0 9
06:47:37 4 0 10
06:48:07 4 0 9
06:48:37 4 0 10
06:49:07 4 0 9
06:49:37 4 0 9
06:50:08 4 0 9
06:50:38 4 0 10
06:51:08 4 0 9
06:51:38 4 0 9
06:52:09 4 0 10
06:52:39 4 0 25
06:53:11 2 2 14
06:53:39 4 0 10
06:54:09 4 0 9
06:54:40 4 0 9
06:55:10 4 0 9
06:55:40 4 0 10
06:56:10 4 0 9
06:56:41 4 0 10
06:57:11 4 0 9
06:57:41 4 0 9
06:58:11 4 0 9
06:58:41 4 0 11
06:59:12 4 0 9
06:59:42 4 0 9
07:00:12 4 0 9
07:00:42 4 0 10
07:01:13 4 0 9
07:01:43 4 0 11
07:02:13 4 0 9
07:02:43 4 0 10
07:03:14 4 0 9
07:03:44 4 0 10
07:04:14 4 0 9
07:04:44 4 0 9
07:05:14 4 0 13
07:05:44 4 0 12
07:06:15 4 0 9
07:06:45 4 0 14
07:07:15 4 0 9
07:07:45 4 0 9
07:08:16 4 0 9
07:08:46 4 0 10
07:09:16 4 0 9
07:09:46 4 0 10
07:10:17 4 0 9
07:10:47 4 0 9
07:11:17 4 0 9
07:11:47 4 0 9
07:12:18 4 0 9
07:12:48 4 0 10
07:13:18 4 0 9
07:13:48 4 0 9
07:14:19 4 0 9
07:14:49 4 0 9
07:15:19 4 0 9
07:15:49 4 0 9
07:16:19 4 0 9
07:16:50 4 0 9
07:17:20 4 0 9
07:17:50 4 0 9
07:18:20 4 0 9
07:18:50 4 0 10
07:19:21 4 0 9
07:19:51 4 0 9
07:20:21 4 0 9
07:20:51 4 0 10
07:21:22 4 0 9
07:21:52 4 0 10
07:22:22 4 0 9
07:22:52 4 0 10
07:23:22 4 0 9
07:23:53 4 0 10
07:24:23 4 0 9
07:24:53 4 0 9
07:25:23 4 0 10
07:25:53 4 0 10
07:26:24 4 0 9
07:26:54 4 0 10
07:27:24 4 0 9
07:27:54 4 0 9
07:28:25 4 0 9
07:28:55 4 0 10
07:29:25 4 0 9
07:29:55 4 0 10
07:30:25 4 0 9
07:30:55 4 0 9
07:31:26 4 0 9
07:31:56 4 0 10
07:32:26 4 0 10
07:32:56 4 0 11
07:33:27 4 0 9
07:33:57 4 0 10
07:34:27 4 0 9
07:34:57 4 0 9
07:35:27 4 0 9
07:35:58 4 0 12
07:36:28 4 0 9
07:36:58 4 0 10
07:37:28 4 0 9
07:37:59 4 0 10
07:38:29 4 0 9
07:38:59 4 0 9
07:39:29 4 0 9
07:39:59 4 0 10
07:40:30 4 0 9
07:41:00 4 0 9
07:41:30 4 0 9
07:42:00 4 0 41
07:42:31 4 0 9
07:43:01 4 0 10
07:43:31 4 0 9
07:44:01 4 0 12
07:44:31 4 0 9
07:45:02 4 0 10
07:45:32 4 0 9
07:46:02 4 0 10
07:46:32 4 0 9
07:47:03 4 0 11
07:47:33 4 0 9
07:48:03 4 0 9
07:48:33 4 0 9
07:49:03 4 0 9
07:49:34 4 0 9
07:50:04 4 0 10
07:50:34 4 0 9
07:51:04 4 0 10
07:51:34 4 0 9
07:52:05 4 0 9
07:52:36 3 1 9
07:53:05 4 0 10
07:53:35 4 0 9
07:54:05 4 0 10
07:54:36 4 0 9
07:55:06 4 0 9
07:55:36 4 0 9
07:56:06 4 0 10
07:56:37 4 0 9
07:57:07 4 0 10
07:57:37 4 0 9
07:58:08 4 0 9
07:58:39 4 0 9
07:59:09 4 0 9
07:59:40 4 0 9
08:00:10 4 0 9
08:00:40 4 0 10
08:01:10 4 0 9
08:01:41 4 0 11
08:02:11 4 0 9
08:02:41 4 0 12
08:03:11 4 0 9
08:03:41 4 0 9
08:04:11 4 0 9
08:04:41 4 0 9
08:05:11 4 0 9
08:05:42 4 0 10
08:06:12 4 0 9
08:06:42 4 0 10
08:07:12 4 0 9
08:07:42 4 0 9
08:08:12 4 0 9
08:08:43 4 0 11
08:09:13 4 0 10
08:09:43 4 0 12
08:10:13 4 0 9
08:10:43 4 0 10
08:11:13 4 0 9
08:11:44 4 0 11
08:12:14 4 0 9
08:12:44 4 0 11
08:13:14 4 0 9
08:13:44 4 0 10
08:14:14 4 0 10
08:14:45 4 0 10
08:15:15 4 0 9
08:15:45 4 0 10
08:16:15 4 0 10
08:16:45 4 0 9
08:17:15 4 0 10
08:17:46 4 0 12
08:18:16 4 0 10
08:18:46 4 0 13
08:19:16 4 0 10
08:19:47 4 0 9
08:20:17 4 0 10
08:20:47 4 0 9
08:21:17 4 0 9
08:21:47 4 0 10
08:22:18 4 0 9
08:22:48 4 0 11
08:23:18 4 0 9
08:23:48 4 0 11
08:24:18 4 0 9
08:24:48 4 0 24
08:25:19 4 0 10
08:25:49 4 0 11
08:26:19 4 0 12
08:26:49 4 0 9
08:27:19 4 0 11
08:27:50 4 0 9
08:28:20 4 0 9
08:28:50 4 0 9
08:29:20 4 0 9
08:29:50 4 0 9
08:30:20 4 0 10
08:30:51 4 0 13
08:31:21 4 0 10
08:31:51 4 0 10
08:32:21 4 0 9
08:32:51 4 0 9
08:33:21 4 0 10
08:33:51 4 0 11
08:34:21 4 0 9
08:34:52 4 0 9
08:35:22 4 0 9
08:35:52 4 0 11
08:36:22 4 0 9
08:36:52 4 0 11
08:37:23 4 0 9
08:37:53 4 0 10
08:38:23 4 0 10
08:38:53 4 0 9
08:39:23 4 0 9
08:39:53 4 0 14
08:40:24 4 0 34
08:40:54 4 0 10
08:41:24 4 0 12
08:41:54 4 0 11
08:42:24 4 0 10
08:42:54 4 0 11
08:43:24 4 0 9
08:43:55 4 0 10
08:44:25 4 0 9
08:44:55 4 0 10
08:45:25 4 0 11
08:45:55 4 0 11
08:46:25 4 0 12
08:46:56 4 0 10
08:47:26 4 0 9
08:47:56 4 0 9
08:48:26 4 0 10
08:48:56 4 0 9
08:49:26 4 0 9
08:49:57 4 0 10
08:50:27 4 0 15
08:50:57 4 0 10
08:51:27 4 0 11
08:51:57 4 0 10
08:52:27 4 0 15
08:52:58 4 0 11
08:53:28 4 0 10
08:53:58 4 0 11
08:54:28 4 0 10
08:54:58 4 0 9
08:55:28 4 0 10
08:55:59 4 0 9
08:56:29 4 0 13
08:56:59 4 0 11
08:57:29 4 0 9
08:57:59 4 0 9
08:58:30 4 0 10
08:59:00 4 0 9
08:59:30 4 0 10
09:00:01 4 0 15
09:00:31 4 0 10
09:01:01 4 0 10
09:01:31 4 0 14
09:02:01 4 0 9
09:02:31 4 0 9
09:03:02 4 0 12
09:03:32 4 0 11
09:04:02 4 0 10
09:04:32 4 0 9
09:05:02 4 0 11
09:05:32 4 0 10
09:06:03 4 0 9
09:06:34 3 1 10
09:07:03 4 0 10
09:07:33 4 0 21
09:08:04 3 1 9
09:08:33 4 0 9
09:09:03 4 0 10
09:09:33 4 0 10
09:10:04 4 0 10
09:10:34 4 0 10
09:11:04 4 0 10
09:11:34 4 0 11
09:12:05 4 0 9
09:12:35 4 0 11
09:13:05 4 0 10
09:13:35 4 0 10
09:14:05 4 0 9
09:14:35 4 0 10
09:15:05 4 0 9
09:15:36 3 1 19
09:16:06 4 0 11
09:16:36 4 0 10
09:17:06 4 0 9
09:17:36 4 0 11
09:18:07 4 0 9
09:18:37 4 0 11
09:19:07 4 0 9
09:19:37 4 0 9
09:20:08 4 0 9
09:20:38 4 0 9
09:21:09 3 1 9
09:21:38 4 0 11
09:22:08 4 0 10
09:22:38 4 0 9
09:23:09 4 0 9
09:23:39 4 0 10
09:24:09 4 0 9
09:24:39 4 0 11
09:25:09 4 0 9
09:25:39 4 0 11
09:26:10 4 0 9
09:26:40 4 0 9
09:27:10 4 0 9
09:27:41 4 0 9
09:28:11 4 0 10
09:28:41 4 0 14
09:29:11 4 0 10
09:29:41 4 0 9
09:30:12 4 0 9
09:30:42 4 0 10
09:31:12 4 0 11
09:31:42 4 0 11
09:32:12 4 0 11
09:32:42 4 0 10
09:33:12 4 0 10
09:33:43 4 0 11
09:34:13 4 0 9
09:34:43 4 0 9
09:35:13 4 0 11
09:35:43 4 0 11
09:36:13 4 0 11
09:36:43 4 0 12
09:37:14 4 0 9
09:37:44 4 0 9
09:38:14 4 0 10
09:38:44 4 0 9
09:39:15 4 0 10
09:39:45 4 0 11
09:40:15 4 0 11
09:40:45 4 0 12
09:41:15 4 0 11
09:41:45 4 0 9
09:42:15 4 0 10
09:42:45 4 0 9
09:43:17 3 1 40
09:43:47 3 1 9
09:44:16 4 0 10
09:44:46 4 0 10
09:45:16 4 0 10
09:45:46 4 0 11
09:46:17 4 0 9
09:46:47 4 0 11
09:47:17 4 0 9
09:47:47 4 0 11
09:48:17 4 0 9
09:48:48 4 0 14
09:49:18 4 0 12
09:49:48 4 0 11
09:50:18 4 0 9
09:50:48 4 0 10
09:51:19 4 0 9
09:51:49 4 0 9
09:52:19 4 0 9
09:52:49 4 0 12
09:53:20 3 1 10
09:53:49 4 0 10
09:54:19 4 0 10
09:54:49 4 0 11
09:55:20 4 0 12
09:55:50 4 0 10
09:56:20 4 0 10
09:56:51 3 1 14
09:57:21 4 0 9
09:57:51 4 0 10
09:58:21 4 0 11
09:58:51 4 0 10
09:59:22 4 0 10
09:59:52 4 0 9
10:00:23 4 0 9
10:00:53 4 0 9
10:01:23 4 0 38
10:01:53 4 0 9
10:02:23 4 0 9
10:02:53 4 0 9
10:03:23 4 0 10
10:03:53 4 0 9
10:04:24 4 0 9
10:04:54 4 0 10
10:05:24 4 0 10
10:05:54 4 0 11
10:06:24 4 0 9
10:06:54 4 0 10
10:07:25 4 0 9
10:07:55 4 0 11
10:08:26 3 1 9
10:08:56 3 1 9
10:09:25 4 0 48
10:09:55 4 0 10
10:10:26 4 0 9
10:10:56 4 0 10
10:11:26 4 0 9
10:11:56 4 0 42
10:12:27 3 1 9
10:12:56 4 0 10
10:13:27 4 0 11
10:13:57 4 0 10
10:14:27 4 0 9
10:14:57 4 0 9
10:15:27 4 0 9
10:15:57 4 0 10
10:16:28 4 0 9
10:16:58 4 0 11
10:17:28 4 0 10
10:17:58 4 0 9
10:18:28 4 0 10
10:18:58 4 0 10
10:19:29 4 0 9
10:19:59 4 0 9
10:20:30 4 0 11
10:21:00 4 0 10
10:21:30 4 0 9
10:22:00 4 0 11
10:22:30 4 0 9
10:23:00 4 0 11
10:23:32 3 1 9
10:24:01 4 0 11
10:24:31 4 0 11
10:25:01 4 0 11
10:25:32 3 1 9
10:26:01 4 0 11
10:26:32 4 0 10
