00:01:26 158914 26496
00:02:00 97148 32943
00:02:59 24172 35402
00:04:03 48848 32117
00:05:02 29476 21297
00:06:12 48405 27838
00:07:12 92985 27838
02:00:05 46423 29664
02:01:05 21887 29635
02:02:05 58735 26205
02:03:06 47446 29692
02:04:06 66482 29515
02:05:07 57928 25666
02:06:07 56168 21220
02:07:07 125996 32475
02:08:08 35017 19199
02:09:08 81360 22580
02:10:09 79295 28372
02:11:09 34066 21986
02:12:10 68428 29227
02:13:10 11034 14846
02:14:10 179057 42249
02:15:11 74541 27753
02:16:11 32075 25884
02:17:12 49041 21683
02:18:12 17570 22180
02:19:12 59852 29352
02:20:13 59834 32641
02:21:13 16482 26559
02:22:14 53534 24025
02:23:14 15379 19275
02:24:15 42235 25459
02:25:15 54615 30454
02:26:16 21298 26838
02:27:16 62790 27947
02:28:17 12581 17168
02:29:17 126583 30742
02:30:17 85395 24978
02:31:18 21639 24515
02:32:18 30915 21348
02:33:19 31275 19387
02:34:19 15455 21524
02:35:19 34450 29897
02:36:20 594505 40829
02:37:20 52231 27056
02:38:21 23026 34597
02:39:21 32783 28786
02:40:22 32157 26964
02:41:22 20432 27398
02:42:22 90041 35259
02:43:23 81390 28034
02:44:23 61986 24183
02:45:23 216956 31334
02:46:24 99972 28643
02:47:24 18723 22565
02:48:25 23370 21810
02:49:25 14527 17393
02:50:26 68919 22156
02:51:26 54546 20491
02:52:26 156422 26219
02:53:27 23117 25914
02:54:27 16254 23105
02:55:28 15984 23055
02:56:28 46523 26063
02:57:29 18444 24863
02:58:29 36271 26695
02:59:30 18009 23815
03:00:30 82453 24725
03:01:31 80912 25373
03:02:31 13691 19987
03:03:31 14057 21841
03:04:32 19448 21348
03:05:32 34822 18320
03:06:33 14158 19273
03:07:33 18100 22792
03:08:34 118743 29072
03:09:34 52050 24335
03:10:35 118238 27330
03:11:35 47888 24975
03:12:35 183078 22213
03:13:36 147627 48401
03:14:36 140066 30814
03:15:37 184324 33691
03:16:37 11328 19950
03:17:38 27114 21733
03:18:38 16055 20148
03:19:39 152559 28507
03:20:39 106616 28489
03:21:39 210904 35896
03:22:40 28828 32525
03:23:40 103485 29665
03:24:41 84393 30146
03:25:41 11687 19153
03:26:42 79736 25149
03:27:42 99897 36969
03:28:43 95096 28870
03:29:43 53244 22282
03:30:43 73310 31762
03:31:44 15039 24413
03:32:45 45244 20035
03:33:45 52303 31351
03:34:46 33093 19893
03:35:46 86488 32780
03:36:47 39800 29358
03:37:47 71697 32237
03:38:48 25145 28737
03:39:48 81326 24797
03:40:49 121562 37330
03:41:49 40552 34276
03:42:49 43384 28957
03:43:50 106181 29563
03:44:50 96581 31090
03:45:51 63016 26573
03:46:51 37314 28685
03:47:52 19040 27021
03:48:52 26832 29043
03:49:56 13501 27575
03:50:53 16207 23398
03:51:53 125927 26959
03:52:54 25172 40179
03:53:54 32731 26891
03:54:55 117949 28903
03:55:55 28695 28922
03:56:56 81513 29081
03:57:56 50290 22571
03:58:57 47182 18303
03:59:57 37787 27718
04:00:58 24725 27651
04:01:58 43772 21212
04:02:59 57744 26620
04:04:02 14897 24366
04:04:59 30188 22374
04:06:00 126111 39989
04:07:00 22265 34221
04:08:01 170934 35933
04:09:01 68428 30776
04:10:02 15705 14565
04:11:02 89602 29954
04:12:02 102667 30066
04:13:03 48503 32184
04:14:03 45437 22216
04:15:04 32087 27526
04:16:04 78344 23963
04:17:04 16159 25363
04:18:05 14748 24330
04:19:05 25443 30505
04:20:06 16208 22201
04:21:06 76711 29937
04:22:07 191985 35077
04:23:07 14399 23394
04:24:07 98885 29214
04:25:08 73661 29731
04:26:08 92003 26966
04:27:09 31421 25291
04:28:09 90201 28903
04:29:09 14651 25645
04:30:10 74829 40227
04:31:10 26276 30747
04:32:11 17629 23655
04:33:11 141457 27617
04:34:11 35105 22237
04:35:12 126529 33329
04:36:12 30958 22211
04:37:13 55281 27995
04:38:13 109827 27171
04:39:14 84613 22925
04:40:14 70976 26752
04:41:15 17430 25593
04:42:15 120061 33498
04:43:15 104830 26490
04:44:16 46184 21806
04:45:16 98116 24226
04:46:17 27649 15366
04:47:17 33465 22675
04:48:18 27625 19487
04:49:18 79969 19536
04:50:18 25862 18142
04:51:19 17653 24361
04:52:19 16467 20264
04:53:20 135701 26803
04:54:20 51107 24059
04:55:20 111803 42066
04:56:21 84346 27223
04:57:21 109166 28301
04:58:22 192025 38533
04:59:22 41669 24982
05:00:23 154519 42988
05:01:23 46554 24795
05:02:23 102853 32674
05:03:24 93921 27204
05:04:24 74641 27470
05:05:24 139567 25528
05:06:25 61139 27176
05:07:26 424039 48945
05:08:26 104197 22212
05:09:26 69688 25651
05:10:27 64332 28786
05:11:27 104047 24903
05:12:28 92543 28328
05:13:28 19909 24598
05:14:28 38251 31372
05:15:29 21614 25580
05:16:29 76713 24501
05:17:30 54957 33168
05:18:30 176706 33365
05:19:31 31225 23175
05:20:31 87868 21087
05:21:31 65161 29242
05:22:32 49938 28384
05:23:32 55830 43340
05:24:33 16568 22830
05:25:33 87545 31916
05:26:34 11618 22416
05:27:34 57589 22343
05:28:35 14698 24563
05:29:35 36895 26491
05:30:35 20957 18900
05:31:38 17237 23951
05:32:36 49081 23133
05:33:36 46181 28992
05:34:37 44241 17084
05:35:37 91839 28854
05:36:38 58401 24664
05:37:38 53604 29791
05:38:39 26427 29557
05:39:39 117635 30274
05:40:40 35548 32073
05:41:40 15876 22380
05:42:40 31013 26072
05:43:41 53257 40786
05:44:41 17495 29642
05:45:42 130201 26457
05:46:42 79352 33495
05:47:43 78133 28970
05:48:43 56431 26093
05:49:43 80979 27968
05:50:44 15932 27591
05:51:44 69662 29657
05:52:45 58255 25245
05:53:45 111761 26135
05:54:45 139514 27586
05:55:46 217117 40463
05:56:46 81056 28651
05:57:47 89302 27287
05:58:47 77107 23035
05:59:48 48885 27746
06:00:48 31375 28675
06:01:49 73531 25689
06:02:49 16572 24546
06:03:50 21736 34502
06:04:50 50501 30112
06:05:51 17192 22407
06:06:51 20968 20977
06:07:51 85420 35009
06:08:52 49015 26261
06:09:52 46785 32695
06:10:52 68977 32785
06:11:53 125107 36177
06:12:53 78142 23189
06:13:54 24685 21370
06:14:54 32635 24872
06:15:55 36803 21614
06:16:55 36176 28277
06:17:55 34323 23341
06:18:56 34673 27644
06:19:56 27321 25294
06:20:57 37618 30918
06:21:57 166361 35693
06:22:57 32270 24893
06:23:58 653403 74798
06:24:58 23300 26974
06:25:59 63168 33433
06:26:59 30236 26007
06:28:00 71924 36855
06:29:00 140946 34986
06:30:00 146020 28145
06:31:01 156651 33471
06:32:01 18694 22495
06:33:02 14675 19750
06:34:02 13159 22417
06:35:02 232368 37455
06:36:03 43156 29471
06:37:03 223696 42537
06:38:04 98283 25039
06:39:04 88830 26000
06:40:05 49075 25526
06:41:05 94023 26759
06:42:05 98317 29429
06:43:06 90016 28377
06:44:06 40356 28471
06:45:07 181861 23595
06:46:07 66807 31876
06:47:08 36179 27335
06:48:08 34838 24020
06:49:08 21764 22039
06:50:09 29672 26065
06:51:09 49799 28769
06:52:10 93272 29739
06:53:10 152530 30261
06:54:11 19203 21212
06:55:11 55091 21380
06:56:11 38552 24485
06:57:12 41524 23834
06:58:12 40358 27249
06:59:13 46782 30656
07:00:13 25228 21276
07:01:14 15895 23930
07:02:14 38010 22719
07:03:15 32224 27544
07:04:15 53963 23960
07:05:16 34969 42501
07:06:16 91700 31679
07:07:16 32883 27393
07:08:17 20354 21844
07:09:17 9990 16659
07:10:18 61184 27461
07:11:18 126800 36572
07:12:19 562787 80447
07:13:19 396903 45848
07:14:20 15412 23643
07:15:20 89865 29411
07:16:20 16339 27061
07:17:21 31352 19935
07:18:21 17210 24993
07:19:22 18520 29459
07:20:22 106439 39540
07:21:23 33391 27405
07:22:23 61348 27016
07:23:24 62082 29950
07:24:24 49548 24479
07:25:25 390680 59561
07:26:25 51936 32098
07:27:25 146902 45810
07:28:26 79327 28371
07:29:26 45481 30735
07:30:27 17629 30406
07:31:27 18563 24807
07:32:27 84349 30121
07:33:28 25127 36434
07:34:28 102411 29290
07:35:29 -1 -1
07:36:29 14514 22477
07:37:30 37911 28659
07:38:30 61755 28026
07:39:31 105200 29689
07:40:31 12564 22198
07:41:31 154161 42678
07:42:32 52869 26983
07:43:32 24893 25498
07:44:33 56696 21832
07:45:33 101986 29282
07:46:34 55163 29702
07:47:34 63505 33985
07:48:34 170925 34009
07:49:35 43134 60141
07:50:35 918370 76471
07:51:36 15788 24377
07:52:36 70353 34412
07:53:36 175071 37863
07:54:37 87307 33701
07:55:37 43805 30746
07:56:38 66285 52225
07:57:38 18472 23879
07:58:38 47951 31016
07:59:39 50864 32336
08:00:39 49670 22604
08:01:40 69200 26284
08:02:40 63951 37576
08:03:40 41879 28293
08:04:41 25323 38514
08:05:41 26265 29263
08:06:41 137343 39476
08:07:41 40650 34706
08:08:42 17568 24787
08:09:42 33444 32811
08:10:42 52276 20857
08:11:43 135224 36478
08:12:43 898514 67411
08:13:43 31111 29494
08:14:44 36791 28907
08:15:44 57306 32512
08:16:44 100657 28009
08:17:46 88195 33981
08:18:46 75685 34201
08:19:47 84407 37737
08:20:47 86145 32182
08:21:47 218190 38993
08:22:48 24386 23319
08:23:48 70334 37492
08:24:49 19893 29651
08:25:49 234353 36390
08:26:49 19886 27709
08:27:50 20331 28065
08:28:50 22755 32277
08:29:50 88347 34854
08:30:51 17520 25133
08:31:51 73997 35650
08:32:51 21175 33972
08:33:52 29696 28737
08:34:52 29676 28405
08:35:52 114746 32441
08:36:53 29461 25708
08:37:53 19183 22439
08:38:53 46362 29187
08:39:54 37865 30361
08:40:54 21181 29166
08:41:54 54251 32135
08:42:54 21793 29882
08:43:55 23598 36000
08:44:55 17581 25837
08:45:56 41999 26948
08:46:56 50499 26295
08:47:56 40285 44007
08:48:59 29409 45800
08:49:57 20747 29813
08:50:57 118933 34432
08:51:57 99971 59653
08:52:58 41698 48526
08:53:58 38485 24487
08:54:58 83251 30397
08:55:59 57555 32869
08:56:59 44913 25460
08:57:59 182791 41260
08:58:59 129600 29301
09:00:00 26017 29218
09:01:00 28716 32601
09:02:01 52427 28694
09:03:01 135472 30496
09:04:01 30109 26058
09:05:01 122832 32163
09:06:02 252687 42513
09:07:02 140661 33883
09:08:02 16569 29054
09:09:02 130208 28022
09:10:03 23755 29840
09:11:03 76184 35418
09:12:04 47992 31195
09:13:04 49519 33086
09:14:04 25944 31963
09:15:05 39185 28998
09:16:05 16293 24955
09:17:05 132188 33293
09:18:06 736638 75384
09:19:07 48362 30019
09:20:08 58920 28169
09:21:08 110341 36956
09:22:08 207435 42193
09:23:09 210641 37232
09:24:09 146673 31305
09:25:09 141286 31751
09:26:10 150461 32221
09:27:10 48676 22266
09:28:10 139368 39354
09:29:10 35713 31717
09:30:11 69760 34795
09:31:11 151095 49139
09:32:11 95942 27979
09:33:12 52032 28469
09:34:12 34346 48035
09:35:12 18587 24923
09:36:12 34170 29438
09:37:13 16881 25678
09:38:13 77619 34304
09:39:14 31723 26992
09:40:14 39918 33531
09:41:14 82124 40835
09:42:14 124411 36931
09:43:15 129298 35186
09:44:15 92567 36154
09:45:15 336255 72783
09:46:16 176129 32088
09:47:17 259964 41499
09:48:21 122443 42689
09:49:18 39058 27432
09:50:18 49028 37282
09:51:19 111451 39835
09:52:19 131495 48678
09:53:19 1100205 70075
09:54:19 58394 33771
09:55:20 112278 39466
09:56:20 48389 36896
09:57:21 37886 38901
09:58:21 92952 40671
09:59:22 115523 42096
10:00:23 116055 43835
10:01:23 1075497 73397
10:02:23 129295 79601
10:03:23 111815 35400
10:04:24 191257 38030
10:05:26 -1 -1
10:06:24 131836 35257
10:07:25 387250 51216
10:08:25 112542 35917
10:09:25 103810 52136
10:10:26 57966 1413978
10:11:26 160796 36109
10:12:26 35204 45449
10:13:27 91804 41821
10:14:27 57215 37963
10:15:27 45601 36096
10:16:28 47023 40562
10:17:28 249177 47437
10:18:31 21056 35638
10:19:29 33406 28329
10:20:30 48457 34745
10:21:30 116878 31476
10:22:31 30953 33354
10:23:31 265498 46630
10:24:31 32084 28184
10:25:31 110647 36918
10:26:32 52259 59407
