00:01:33 117038 13615
00:02:00 2422 2233
00:03:00 44334 25390
00:04:03 179768 10180
00:05:03 186 711
00:06:10 1075 1777
00:07:13 42826 5454
02:00:06 1144 1619
02:01:06 4249 2048
02:02:06 1692 5460
02:03:07 11548 27239
02:04:07 118939 23365
02:05:07 2069 708
02:06:09 908546 36447
02:07:09 60506 3849
02:08:09 20112 2312
02:09:09 0 529
02:10:10 581 300
02:11:12 276 639
02:12:13 182 488
02:13:13 79658 251506
02:14:11 32553 2004
02:15:12 1146 749
02:16:12 27902 3065
02:17:13 24439 6151
02:18:13 16779 3324
02:19:13 591 912
02:20:14 2876 3078
02:21:14 10223 1001
02:22:14 34958 3033
02:23:15 0 0
02:24:15 1714 2243
02:25:16 139434 69973
02:26:16 6687 3705
02:27:18 314 1347
02:28:17 11979 1026
02:29:18 41235 3728
02:30:18 50637 3209
02:31:19 132 194
02:32:19 83927 6542
02:33:19 25254 2528
02:34:20 2702 1342
02:35:20 35942 15158
02:36:20 182 126
02:37:21 44368 1895
02:38:21 88099 50587
02:39:22 2324 387
02:40:22 4242 6868
02:41:23 92886 13670
02:42:23 18025 2205
02:43:23 498 1790
02:44:24 7001 13073
02:45:24 11318 20949
02:46:25 181420 13208
02:47:25 92636 6458
02:48:25 12430 2242
02:49:26 50847 4515
02:50:26 36890 2442
02:51:27 16792 2067
02:52:27 39418 3631
02:53:28 17075 3475
02:54:28 2234 0
02:55:29 12870 3706
02:56:29 350758 18821
02:57:30 522 2881
02:58:30 13503 1310
02:59:30 4114 366
03:00:31 6060 4253
03:01:31 22619 1312
03:02:31 84657 4195
03:03:32 3059 2158
03:04:32 39653 11355
03:05:34 2354 246
03:06:34 38452 3039
03:07:34 41437 3496
03:08:35 8367 1162
03:09:35 984 3784
03:10:35 228 1247
03:11:36 23303 4024
03:12:36 4900 466
03:13:37 53982 5363
03:14:37 944 1552
03:15:38 20230 1693
03:16:38 11966 3480
03:17:39 21388 5543
03:18:39 48249 5306
03:19:39 2043 1648
03:20:40 28977 3594
03:21:40 53187 2614
03:22:41 149988 59225
03:23:41 34147 6567
03:24:41 26382 5451
03:25:42 1917 2855
03:26:42 10363 5144
03:27:43 6192 2558
03:28:43 53494 3564
03:29:44 8312 10217
03:30:44 26927 10277
03:31:44 32232 7762
03:32:45 28403 1889
03:33:46 74874 8910
03:34:47 10291 1595
03:35:49 8441098 206692
03:36:47 516 2852
03:37:48 166688 34005
03:38:48 958 1514
03:39:49 76426 9542
03:40:50 19374 3073
03:41:51 162765 68949
03:42:50 97064 32606
03:43:51 19505 4277
03:44:51 11355 1334
03:45:51 219404 22146
03:46:52 17730 2940
03:47:52 163872 15613
03:48:53 462 1288
03:49:53 141690 15294
03:50:54 15949 1823
03:51:54 260459 22148
03:52:55 28364 4809
03:53:55 119792 12575
03:54:56 50550 9040
03:55:56 81406 15560
03:56:56 1114 1413
03:57:57 86136 9020
03:58:57 99 66
03:59:58 76874 8376
04:00:58 132 252
04:01:59 82620 11334
04:02:59 132 74
04:04:00 193985 21460
04:05:00 16639 1434
04:06:01 54637 27739
04:07:01 16614 26776
04:08:02 258229 15096
04:09:02 9765 7174
04:10:02 15951 6081
04:11:02 2336 3634
04:12:05 3733594 93086
04:13:04 95578 45969
04:14:04 34804 11891
04:15:04 20233 3360
04:16:05 21140 2415
04:17:05 2800 882
04:18:05 26028 833
04:19:06 54 0
04:20:06 54 967
04:21:07 24981 7267
04:22:07 55566 15736
04:23:08 33960 10419
04:24:09 11558203 260280
04:25:08 446 636
04:26:09 13890 3145
04:27:09 54 1058
04:28:10 60231 69045
04:29:10 0 0
04:30:11 24854 40523
04:31:11 37020 51865
04:32:11 5967 2131
04:33:12 174 496
04:34:12 9010 1446
04:35:13 9036 2371
04:36:13 1086 2465
04:37:14 13205 4030
04:38:14 381 720
04:39:14 38908 2129
04:40:15 5098 4312
04:41:15 3695 1335
04:42:17 2152 1808
04:43:16 4183 1326
04:44:17 22091 4648
04:45:17 359 328
04:46:17 47062 2201
04:47:18 23442 7841
04:48:18 29056 3828
04:49:19 51694 3255
04:50:19 4047 7342
04:51:20 5640 898
04:52:20 748 662
04:53:20 4230 1280
04:54:21 76841 9289
04:55:21 50402 52083
04:56:22 11288 18523
04:57:22 19844 2874
04:58:23 19142 3962
04:59:23 24895 6325
05:00:23 2786 7963
05:01:23 174 791
05:02:24 4870 1500
05:03:24 20968 2997
05:04:25 1645 2266
05:05:25 38914 9084
05:06:26 23333 10308
05:07:26 40540 11445
05:08:26 624 500
05:09:27 25366 3358
05:10:28 85302 7652
05:11:28 33643 2083
05:12:28 174 246
05:13:29 0 573
05:14:29 40158 16470
05:15:30 8460 7896
05:16:30 12984 3326
05:17:31 7036 11192
05:18:31 6878 529
05:19:31 3886 486
05:20:32 123386 4896
05:21:32 50301 26483
05:22:33 11312 18631
05:23:33 22389 20595
05:24:33 168639 7894
05:25:34 54 0
05:26:34 17445 2638
05:27:35 7629 3187
05:28:35 54 152
05:29:35 14582 1041
05:30:36 10742 2588
05:31:36 54 528
05:32:37 35903 2692
05:33:37 182 543
05:34:37 25649 3080
05:35:38 54 720
05:36:38 14667 5994
05:37:39 7870 6476
05:38:39 4213 1806
05:39:40 8006 1167
05:40:40 59339 5208
05:41:41 26941 1652
05:42:41 12230 4737
05:43:41 465464 81488
05:44:42 21731 2642
05:45:42 83925 2745
05:46:43 8186 2387
05:47:43 6696 3998
05:48:44 8962 1680
05:49:44 11720 2104
05:50:44 6037 2420
05:51:45 1548 529
05:52:45 90213 18113
05:53:46 584 480
05:55:05 -1 -1
05:55:47 7397 1158
05:56:47 1446 2258
05:57:48 3634 1833
05:58:48 3466 2684
05:59:48 54623 2424
06:00:49 604 1352
06:01:49 6757 258
06:02:50 240 550
06:03:50 257270 60160
06:04:51 5502 10188
06:05:51 6824 133638
06:06:51 2158 1435
06:07:52 22532 3232
06:08:52 51543 5878
06:09:53 46492 18832
06:10:53 8676 13912
06:11:53 56209 14386
06:12:54 49634 6622
06:13:54 206 743
06:14:55 16253 2592
06:15:55 36728 1962
06:16:56 2997 152
06:17:56 498 1096
06:18:56 13340 21522
06:19:57 17431 12202
06:20:57 25456 6198
06:21:58 68984 14277
06:22:58 25440 8069
06:23:58 76126 27180
06:24:59 9874 9874
06:25:59 510 1700
06:27:00 144 1820
06:28:00 66 132
06:29:01 19018 1322
06:30:01 45989 2995
06:31:02 57138 4135
06:32:02 622 3520
06:33:02 173 1729
06:34:03 170 1036
06:35:03 12771 1389
06:36:03 71975 3070
06:37:04 38449 2488
06:38:04 35621 4907
06:39:05 30724 4320
06:40:05 38858 840
06:41:06 12740 1416
06:42:06 220932 12214
06:43:07 43698 2069
06:44:07 22406 2550
06:45:08 11006 17246
06:46:08 0 514
06:47:08 144 977
06:48:09 37456 2256
06:49:09 25325 1910
06:50:10 2070 1450
06:51:10 9289 1596
06:52:11 2079 1851
06:53:11 734 420
06:54:11 47486 1200
06:55:12 4015 618
06:56:12 3257 1150
06:57:13 726 1465
06:58:13 7232 2556
06:59:13 12437 19776
07:00:14 105676 4813
07:01:14 1222 2760
07:02:15 2180 92
07:03:15 7796 1752
07:04:16 1606 783
07:05:16 88875 34213
07:06:17 24690 598078
07:07:17 393609 26312
07:08:18 7887 1976
07:09:18 24515 4303
07:10:18 16047 2590
07:11:19 484 1203
07:12:20 756 1618
07:13:20 221348 12640
07:14:20 32331 3491
07:15:21 573 372
07:16:21 14131 1719
07:17:22 5824 9755
07:18:22 35841 11570
07:19:23 9275 2578
07:20:23 0 152
07:21:23 421 1297
07:22:24 10654 3933
07:23:24 4265 1200
07:24:25 16006 2973
07:25:25 94702 52004
07:26:26 7114 12192
07:27:26 186175 18418
07:28:26 1829 800
07:29:27 11907 2969
07:30:27 4060 1269
07:31:28 3168 1471
07:32:28 32901 12511
07:33:28 6472 11026
07:34:29 25783 3978
07:35:29 3222 4820
07:36:30 3477 5032
07:37:30 29810 6866
07:38:31 6188 5685
07:39:31 36284 5299
07:40:31 186 132
07:41:32 54 92
07:42:33 3940 466
07:43:33 1326 3589
07:44:33 31419 5326
07:45:34 1244 1800
07:46:34 14060 23034
07:47:35 36517 15765
07:48:35 57123 6496
07:49:35 4786 7934
07:50:36 25979 6124
07:51:36 18910 3303
07:52:37 26993 4565
07:53:37 15217 1335
07:54:37 25432 14196
07:55:38 3551 330
07:56:39 19787 4287
07:57:39 42174 4424
07:58:40 17868 7557
07:59:40 4260 2239
08:00:41 33253 4379
08:01:41 482 1398
08:02:41 622 1057
08:03:42 49363 2172
08:04:42 11931 17697
08:05:42 190589 12719
08:06:43 42826 26928
08:07:43 261412 17236
08:08:44 14949 5919
08:09:44 168460 14736
08:10:44 50617 6017
08:11:44 25108 8257
08:12:45 7912 2577
08:13:45 828 1087
08:14:45 19378 5843
08:15:45 47811 11529
08:16:46 55542 10701
08:17:46 88825 7043
08:18:47 83372 5831
08:19:47 9767 1356
08:20:48 21969 3927
08:21:48 11941 2172
08:22:49 19720 993
08:23:49 48603 6683
08:24:49 10802 2331
08:25:50 21180 21566
08:26:50 8817 4072
08:27:50 10348 7822
08:28:50 61526 51349
08:29:51 4077 984
08:30:51 14975 12037
08:31:52 2215 2205
08:32:50 -1 -1
08:33:52 61387 12136
08:34:52 135158 15432
08:35:53 88368 19865
08:36:53 3378 5503
08:37:53 9933 2365
08:38:54 62345 5391
08:39:54 55416 7509
08:40:55 12018 2270
08:41:55 13548 2897
08:42:55 122358 14570
08:43:56 134525 28156
08:44:56 198694 18571
08:45:56 107009 11840
08:46:56 494 793
08:47:57 13203 2978
08:49:00 1265 2597
08:49:57 84207 65565
08:50:58 8177 1216
08:51:58 111423 12545
08:52:58 25680 2110
08:53:59 6526 918
08:54:59 1326 1524
08:56:00 19423 2595
08:57:00 70927 4398
08:58:00 134975 18691
08:59:00 27384 9382
09:00:00 1146 1148
09:01:01 57305 8338
09:02:01 60351 8019
09:03:02 321974 21345
09:04:02 45016 7780
09:05:02 61850 21233
09:06:03 118819 11587
09:07:03 196629 14177
09:08:03 706109 26397
09:09:03 31687 3057
09:10:04 185960 29706
09:11:04 48007 44776
09:12:04 228220 5808
09:13:04 5402 1242
09:14:05 54094 5146
09:15:05 41760 3703
09:16:05 10679 5593
09:17:06 35270 3376
09:18:07 24958 1056
09:19:08 276 222
09:20:08 65559 4330
09:21:09 458 902
09:22:09 9200 13829
09:23:09 194811 147057
09:24:10 19015 7964
09:25:10 28325 9335
09:26:10 18823 5612
09:27:10 1812 5822
09:28:11 45606 3452
09:29:11 5272 17170
09:30:12 125982 20203
09:31:12 209262 71340
09:32:12 7854 13821
09:33:12 2147 1872
09:34:13 4107 1564
09:35:13 5852 893
09:36:13 186 132
09:37:14 128780 5557
09:38:14 216 240
09:39:14 38971 4525
09:40:15 367822 15693
09:41:15 7796 3766
09:42:15 17488 5047
09:43:15 54665 4034
09:44:16 2825 1825
09:45:16 202712 13677
09:46:16 21497 6094
09:47:18 68057 5973
09:48:21 45261 3013
09:49:19 913672 30616
09:50:19 18477 12129
09:51:19 78249 22639
09:52:19 64843 58166
09:53:20 25348 1424
09:54:20 660 1530
09:55:20 12782 4023
09:56:21 231756 7880
09:57:21 7803 2485
09:58:22 11741 5377
09:59:22 32165 6519
10:00:23 18662 3933
10:01:24 59816 10778
10:02:24 19939 5910
10:03:24 98634 7050
10:04:24 123819 12081
10:05:28 5611 1412
10:06:25 15174 2460
10:07:25 396989 35046
10:08:47 97171 11027
10:09:29 286918 29014
10:10:27 558711 27223
10:11:27 152594 16489
10:12:27 347136 36679
10:13:27 85185 20003
10:14:28 458 825
10:15:28 244967 14907
10:16:29 21021 1487
10:17:28 775716 26662
10:18:29 478 1935
10:19:30 393969 67149
10:20:31 33161 10319
10:21:31 58160 4049
10:22:31 322236 42568
10:23:31 221908 19795
10:24:32 117141 5189
10:25:32 37441 8799
10:26:33 52500 21332
