00:00:15 4 0 14
00:00:46 4 0 14
00:01:36 4 0 17
00:01:53 4 0 17
00:02:18 4 0 14
00:02:49 4 0 15
00:03:20 4 0 16
00:03:50 4 0 14
00:04:20 4 0 14
00:04:51 4 0 16
00:05:21 4 0 15
00:05:53 4 0 14
00:06:23 4 0 16
00:06:53 4 0 15
00:07:24 4 0 15
02:00:03 4 0 14
02:00:34 4 0 15
02:01:04 4 0 14
02:01:34 4 0 15
02:02:04 4 0 14
02:02:34 4 0 14
02:03:05 4 0 14
02:03:35 4 0 14
02:04:05 4 0 26
02:04:35 4 0 15
02:05:06 4 0 14
02:05:36 4 0 15
02:06:06 4 0 14
02:06:36 4 0 15
02:07:06 4 0 14
02:07:36 4 0 14
02:08:07 4 0 14
02:08:37 4 0 15
02:09:07 4 0 15
02:09:37 4 0 15
02:10:08 4 0 14
02:10:38 4 0 14
02:11:08 4 0 14
02:11:38 4 0 14
02:12:09 4 0 14
02:12:39 4 0 14
02:13:09 4 0 14
02:13:39 4 0 14
02:14:09 4 0 14
02:14:40 4 0 14
02:15:10 4 0 14
02:15:40 4 0 14
02:16:10 4 0 14
02:16:40 4 0 19
02:17:11 4 0 14
02:17:41 4 0 15
02:18:11 4 0 15
02:18:41 4 0 14
02:19:12 4 0 14
02:19:42 4 0 15
02:20:12 4 0 14
02:20:42 4 0 14
02:21:12 4 0 14
02:21:42 4 0 15
02:22:13 4 0 14
02:22:43 4 0 15
02:23:13 4 0 14
02:23:43 4 0 14
02:24:14 4 0 14
02:24:44 4 0 14
02:25:14 4 0 14
02:25:44 4 0 15
02:26:14 4 0 14
02:26:45 4 0 15
02:27:15 4 0 14
02:27:45 4 0 15
02:28:15 4 0 14
02:28:45 4 0 14
02:29:16 4 0 14
02:29:46 4 0 14
02:30:16 4 0 14
02:30:46 4 0 14
02:31:17 4 0 14
02:31:47 4 0 14
02:32:17 4 0 15
02:32:47 4 0 14
02:33:17 4 0 14
02:33:48 4 0 15
02:34:18 4 0 14
02:34:48 4 0 14
02:35:18 4 0 14
02:35:48 4 0 14
02:36:19 4 0 14
02:36:49 4 0 14
02:37:19 4 0 14
02:37:49 4 0 14
02:38:19 4 0 14
02:38:50 4 0 14
02:39:20 4 0 14
02:39:50 4 0 15
02:40:20 4 0 14
02:40:50 4 0 14
02:41:21 4 0 14
02:41:51 4 0 14
02:42:21 4 0 14
02:42:51 4 0 14
02:43:21 4 0 14
02:43:52 4 0 15
02:44:22 4 0 14
02:44:52 4 0 14
02:45:22 4 0 14
02:45:52 4 0 14
02:46:23 4 0 14
02:46:53 4 0 15
02:47:23 4 0 14
02:47:53 4 0 15
02:48:24 4 0 14
02:48:54 4 0 14
02:49:24 4 0 14
02:49:54 4 0 14
02:50:24 4 0 14
02:50:55 4 0 15
02:51:25 4 0 14
02:51:55 4 0 15
02:52:25 4 0 14
02:52:55 4 0 14
02:53:26 4 0 14
02:53:56 4 0 15
02:54:26 4 0 14
02:54:56 4 0 16
02:55:27 4 0 14
02:55:57 4 0 14
02:56:27 4 0 14
02:56:57 4 0 14
02:57:28 4 0 14
02:57:58 4 0 14
02:58:28 4 0 14
02:58:58 4 0 15
02:59:28 4 0 14
02:59:59 4 0 14
03:00:29 4 0 14
03:00:59 4 0 14
03:01:29 4 0 14
03:01:59 4 0 14
03:02:30 4 0 14
03:03:00 4 0 15
03:03:30 4 0 14
03:04:00 4 0 15
03:04:31 4 0 36
03:05:01 4 0 15
03:05:31 4 0 14
03:06:01 4 0 15
03:06:32 4 0 14
03:07:02 4 0 15
03:07:32 4 0 14
03:08:02 4 0 14
03:08:33 4 0 14
03:09:03 4 0 15
03:09:33 4 0 14
03:10:03 4 0 14
03:10:33 4 0 14
03:11:04 4 0 15
03:11:34 4 0 14
03:12:04 4 0 15
03:12:34 4 0 14
03:13:04 4 0 15
03:13:35 4 0 14
03:14:05 4 0 14
03:14:35 4 0 14
03:15:05 4 0 14
03:15:36 4 0 16
03:16:06 4 0 15
03:16:36 4 0 14
03:17:06 4 0 16
03:17:37 4 0 14
03:18:07 4 0 15
03:18:37 4 0 14
03:19:07 4 0 15
03:19:37 4 0 14
03:20:08 4 0 14
03:20:38 4 0 14
03:21:08 4 0 15
03:21:38 4 0 14
03:22:09 4 0 14
03:22:39 4 0 14
03:23:09 4 0 14
03:23:39 4 0 14
03:24:09 4 0 15
03:24:40 4 0 14
03:25:10 4 0 14
03:25:40 4 0 14
03:26:10 4 0 14
03:26:41 4 0 14
03:27:11 4 0 14
03:27:41 4 0 14
03:28:11 4 0 15
03:28:41 4 0 14
03:29:12 4 0 14
03:29:42 4 0 14
03:30:12 4 0 18
03:30:42 4 0 14
03:31:12 4 0 14
03:31:43 4 0 14
03:32:13 4 0 14
03:32:43 4 0 14
03:33:13 4 0 14
03:33:44 4 0 14
03:34:14 4 0 14
03:34:45 4 0 14
03:35:15 4 0 14
03:35:45 4 0 14
03:36:15 4 0 14
03:36:46 4 0 14
03:37:16 4 0 14
03:37:46 4 0 37
03:38:16 4 0 15
03:38:47 4 0 14
03:39:17 4 0 14
03:39:47 4 0 14
03:40:17 4 0 15
03:40:48 4 0 14
03:41:18 4 0 15
03:41:48 4 0 14
03:42:18 4 0 14
03:42:48 4 0 14
03:43:18 4 0 15
03:43:49 4 0 14
03:44:19 4 0 15
03:44:49 4 0 14
03:45:19 4 0 14
03:45:50 4 0 14
03:46:20 4 0 14
03:46:50 4 0 14
03:47:20 4 0 14
03:47:51 4 0 14
03:48:21 4 0 14
03:48:51 4 0 14
03:49:21 4 0 14
03:49:52 3 1 14
03:50:22 4 0 14
03:50:52 4 0 45
03:51:22 4 0 15
03:51:52 4 0 14
03:52:22 4 0 14
03:52:53 4 0 14
03:53:23 4 0 14
03:53:53 4 0 14
03:54:23 4 0 15
03:54:54 4 0 14
03:55:24 4 0 14
03:55:54 4 0 14
03:56:24 4 0 14
03:56:55 4 0 14
03:57:25 4 0 14
03:57:55 4 0 14
03:58:25 4 0 14
03:58:56 4 0 14
03:59:26 4 0 15
03:59:56 4 0 14
04:00:26 4 0 15
04:00:56 4 0 14
04:01:27 4 0 14
04:01:57 4 0 26
04:02:27 4 0 15
04:02:57 4 0 14
04:03:27 4 0 15
04:03:58 4 0 14
04:04:28 4 0 15
04:04:58 4 0 14
04:05:28 4 0 14
04:05:59 4 0 14
04:06:29 4 0 15
04:06:59 4 0 14
04:07:29 4 0 14
04:07:59 4 0 14
04:08:30 4 0 39
04:09:00 4 0 14
04:09:30 4 0 14
04:10:00 4 0 14
04:10:31 4 0 16
04:11:01 4 0 14
04:11:31 4 0 14
04:12:01 4 0 14
04:12:31 4 0 14
04:13:02 4 0 14
04:13:32 4 0 14
04:14:02 4 0 14
04:14:32 4 0 14
04:15:02 4 0 14
04:15:33 4 0 14
04:16:03 4 0 14
04:16:33 4 0 15
04:17:03 4 0 14
04:17:33 4 0 15
04:18:04 4 0 14
04:18:34 4 0 18
04:19:04 4 0 14
04:19:34 4 0 15
04:20:05 4 0 14
04:20:35 4 0 15
04:21:05 4 0 14
04:21:35 4 0 14
04:22:05 4 0 14
04:22:36 4 0 15
04:23:06 4 0 14
04:23:36 4 0 15
04:24:06 4 0 14
04:24:36 4 0 14
04:25:07 4 0 14
04:25:37 4 0 14
04:26:07 4 0 14
04:26:37 4 0 14
04:27:07 4 0 14
04:27:38 4 0 15
04:28:08 4 0 14
04:28:38 4 0 14
04:29:08 4 0 14
04:29:38 4 0 14
04:30:09 4 0 14
04:30:39 4 0 14
04:31:09 4 0 14
04:31:39 4 0 15
04:32:09 4 0 14
04:32:40 4 0 14
04:33:10 4 0 14
04:33:40 4 0 15
04:34:10 4 0 14
04:34:40 4 0 14
04:35:11 4 0 14
04:35:41 4 0 14
04:36:11 4 0 14
04:36:41 4 0 16
04:37:12 4 0 15
04:37:42 4 0 14
04:38:12 4 0 14
04:38:42 4 0 14
04:39:13 4 0 14
04:39:43 4 0 14
04:40:13 4 0 14
04:40:43 4 0 15
04:41:14 4 0 14
04:41:44 4 0 14
04:42:14 4 0 14
04:42:44 4 0 15
04:43:14 4 0 14
04:43:44 4 0 15
04:44:15 4 0 14
04:44:45 4 0 16
04:45:15 4 0 14
04:45:45 4 0 14
04:46:16 4 0 14
04:46:46 4 0 15
04:47:16 4 0 14
04:47:46 4 0 14
04:48:16 4 0 14
04:48:46 4 0 14
04:49:17 4 0 14
04:49:47 4 0 15
04:50:17 4 0 14
04:50:47 4 0 14
04:51:18 4 0 57
04:51:48 4 0 14
04:52:18 4 0 14
04:52:48 4 0 15
04:53:18 4 0 14
04:53:49 4 0 16
04:54:19 4 0 14
04:54:49 4 0 14
04:55:19 4 0 14
04:55:49 4 0 15
04:56:20 4 0 14
04:56:50 4 0 15
04:57:20 4 0 14
04:57:50 4 0 14
04:58:21 4 0 14
04:58:51 4 0 15
04:59:21 4 0 14
04:59:51 4 0 14
05:00:22 4 0 14
05:00:52 4 0 14
05:01:22 4 0 14
05:01:52 4 0 14
05:02:22 4 0 14
05:02:52 4 0 15
05:03:23 4 0 14
05:03:53 4 0 15
05:04:23 4 0 14
05:04:53 4 0 15
05:05:23 4 0 14
05:05:54 4 0 14
05:06:24 4 0 14
05:06:54 4 0 14
05:07:24 4 0 14
05:07:54 4 0 14
05:08:25 4 0 14
05:08:55 4 0 16
05:09:25 4 0 14
05:09:55 4 0 14
05:10:26 4 0 14
05:10:56 4 0 14
05:11:26 4 0 14
05:11:56 4 0 14
05:12:27 4 0 34
05:12:57 4 0 14
05:13:27 4 0 14
05:13:57 4 0 15
05:14:27 4 0 14
05:14:57 4 0 15
05:15:28 4 0 14
05:15:58 4 0 14
05:16:28 4 0 14
05:16:58 4 0 15
05:17:29 4 0 14
05:17:59 4 0 15
05:18:29 4 0 14
05:18:59 4 0 15
05:19:29 4 0 14
05:20:00 4 0 14
05:20:30 4 0 14
05:21:00 4 0 14
05:21:30 4 0 14
05:22:00 4 0 15
05:22:31 4 0 14
05:23:01 4 0 14
05:23:31 4 0 14
05:24:01 4 0 15
05:24:32 4 0 14
05:25:02 4 0 14
05:25:32 4 0 14
05:26:02 4 0 14
05:26:32 4 0 14
05:27:03 4 0 14
05:27:33 4 0 14
05:28:03 4 0 15
05:28:33 4 0 14
05:29:03 4 0 14
05:29:34 4 0 14
05:30:04 4 0 14
05:30:34 4 0 14
05:31:04 4 0 14
05:31:35 4 0 14
05:32:05 4 0 14
05:32:35 4 0 14
05:33:05 4 0 14
05:33:35 4 0 14
05:34:05 4 0 14
05:34:36 4 0 14
05:35:06 4 0 15
05:35:36 4 0 14
05:36:06 4 0 14
05:36:37 4 0 14
05:37:07 4 0 14
05:37:37 4 0 14
05:38:07 4 0 14
05:38:38 4 0 14
05:39:08 4 0 14
05:39:38 4 0 14
05:40:08 4 0 14
05:40:38 4 0 14
05:41:09 4 0 14
05:41:39 4 0 14
05:42:09 4 0 15
05:42:39 4 0 14
05:43:09 4 0 14
05:43:40 4 0 14
05:44:10 4 0 15
05:44:40 4 0 14
05:45:10 4 0 15
05:45:41 4 0 14
05:46:11 4 0 14
05:46:41 4 0 14
05:47:11 4 0 14
05:47:41 4 0 14
05:48:12 4 0 15
05:48:42 4 0 14
05:49:12 4 0 14
05:49:42 4 0 14
05:50:12 4 0 16
05:50:43 4 0 14
05:51:13 4 0 14
05:51:43 4 0 14
05:52:13 4 0 14
05:52:43 4 0 14
05:53:14 4 0 15
05:53:44 4 0 14
05:54:14 4 0 14
05:54:44 4 0 14
05:55:15 4 0 14
05:55:45 4 0 14
05:56:15 4 0 14
05:56:45 4 0 14
05:57:16 4 0 14
05:57:46 4 0 14
05:58:16 4 0 15
05:58:46 4 0 14
05:59:16 4 0 14
05:59:47 4 0 14
06:00:17 4 0 14
06:00:47 4 0 14
06:01:17 4 0 14
06:01:48 4 0 14
06:02:18 4 0 14
06:02:48 4 0 14
06:03:18 4 0 14
06:03:48 4 0 14
06:04:19 4 0 14
06:04:49 4 0 14
06:05:19 4 0 14
06:05:49 4 0 14
06:06:19 4 0 15
06:06:50 4 0 14
06:07:20 4 0 15
06:07:50 4 0 14
06:08:20 4 0 15
06:08:51 4 0 16
06:09:21 4 0 16
06:09:51 4 0 14
06:10:21 4 0 15
06:10:51 4 0 14
06:11:21 4 0 15
06:11:52 4 0 14
06:12:22 4 0 15
06:12:52 4 0 14
06:13:22 4 0 15
06:13:53 4 0 14
06:14:23 4 0 14
06:14:53 4 0 14
06:15:23 4 0 14
06:15:53 4 0 14
06:16:24 4 0 14
06:16:54 4 0 14
06:17:24 4 0 15
06:17:54 4 0 14
06:18:24 4 0 14
06:18:55 4 0 14
06:19:25 4 0 15
06:19:55 4 0 14
06:20:25 4 0 14
06:20:56 4 0 14
06:21:26 4 0 14
06:21:56 4 0 14
06:22:26 4 0 14
06:22:56 4 0 30
06:23:26 4 0 14
06:23:57 4 0 14
06:24:27 4 0 14
06:24:57 4 0 14
06:25:27 4 0 14
06:25:58 4 0 14
06:26:28 4 0 14
06:26:58 4 0 14
06:27:28 4 0 15
06:27:58 4 0 14
06:28:29 4 0 14
06:28:59 4 0 14
06:29:29 4 0 14
06:29:59 4 0 14
06:30:29 4 0 14
06:31:00 4 0 14
06:31:30 4 0 14
06:32:00 4 0 14
06:32:30 4 0 15
06:33:01 4 0 14
06:33:31 4 0 15
06:34:01 4 0 14
06:34:31 4 0 15
06:35:01 4 0 14
06:35:32 4 0 14
06:36:02 4 0 14
06:36:32 4 0 15
06:37:02 4 0 14
06:37:32 4 0 14
06:38:03 4 0 14
06:38:33 4 0 14
06:39:03 4 0 14
06:39:33 4 0 14
06:40:04 4 0 14
06:40:34 4 0 14
06:41:04 4 0 14
06:41:34 4 0 14
06:42:04 4 0 14
06:42:35 4 0 14
06:43:05 4 0 14
06:43:35 4 0 14
06:44:05 4 0 14
06:44:35 4 0 14
06:45:06 4 0 14
06:45:36 4 0 14
06:46:06 4 0 14
06:46:36 4 0 14
06:47:07 4 0 14
06:47:37 4 0 14
06:48:07 4 0 14
06:48:37 4 0 15
06:49:07 4 0 14
06:49:37 4 0 15
06:50:08 4 0 14
06:50:38 4 0 14
06:51:08 4 0 14
06:51:38 4 0 15
06:52:09 4 0 14
06:52:39 4 0 31
06:53:09 4 0 14
06:53:39 4 0 15
06:54:09 4 0 14
06:54:40 4 0 14
06:55:10 4 0 14
06:55:40 4 0 15
06:56:10 4 0 14
06:56:41 4 0 14
06:57:11 4 0 14
06:57:41 4 0 14
06:58:11 4 0 14
06:58:41 4 0 15
06:59:12 4 0 14
06:59:42 4 0 14
07:00:12 4 0 14
07:00:42 4 0 15
07:01:13 4 0 14
07:01:43 4 0 15
07:02:13 4 0 14
07:02:43 4 0 14
07:03:14 4 0 14
07:03:44 4 0 14
07:04:14 4 0 14
07:04:44 4 0 14
07:05:14 4 0 14
07:05:44 4 0 15
07:06:15 4 0 14
07:06:45 4 0 15
07:07:15 4 0 14
07:07:45 4 0 15
07:08:16 4 0 14
07:08:46 4 0 15
07:09:16 4 0 14
07:09:46 4 0 15
07:10:17 4 0 14
07:10:47 4 0 15
07:11:17 4 0 14
07:11:47 4 0 14
07:12:18 4 0 14
07:12:48 4 0 15
07:13:18 4 0 14
07:13:48 4 0 14
07:14:19 4 0 14
07:14:49 4 0 14
07:15:19 4 0 14
07:15:49 4 0 14
07:16:19 4 0 14
07:16:50 4 0 14
07:17:20 4 0 14
07:17:50 4 0 14
07:18:20 4 0 14
07:18:50 4 0 14
07:19:21 4 0 14
07:19:51 4 0 14
07:20:21 4 0 14
07:20:51 4 0 14
07:21:22 4 0 14
07:21:52 4 0 14
07:22:22 4 0 14
07:22:52 4 0 15
07:23:22 4 0 14
07:23:53 4 0 14
07:24:23 4 0 14
07:24:53 4 0 14
07:25:23 4 0 14
07:25:53 4 0 14
07:26:24 4 0 14
07:26:54 4 0 14
07:27:24 4 0 14
07:27:54 4 0 14
07:28:25 4 0 14
07:28:55 4 0 14
07:29:25 4 0 14
07:29:55 4 0 14
07:30:25 4 0 14
07:30:56 4 0 14
07:31:26 4 0 14
07:31:56 4 0 14
07:32:26 4 0 14
07:32:56 4 0 15
07:33:27 4 0 14
07:33:57 4 0 15
07:34:27 4 0 14
07:34:57 4 0 14
07:35:27 4 0 14
07:35:58 4 0 14
07:36:28 4 0 14
07:36:58 4 0 14
07:37:28 4 0 14
07:37:59 4 0 14
07:38:29 4 0 14
07:38:59 4 0 14
07:39:29 4 0 14
07:39:59 4 0 14
07:40:30 4 0 14
07:41:00 4 0 15
07:41:30 4 0 14
07:42:00 4 0 44
07:42:31 4 0 14
07:43:01 4 0 15
07:43:31 4 0 14
07:44:01 4 0 15
07:44:31 4 0 14
07:45:02 4 0 14
07:45:32 4 0 14
07:46:02 4 0 15
07:46:32 4 0 14
07:47:03 4 0 14
07:47:33 4 0 14
07:48:03 4 0 15
07:48:33 4 0 14
07:49:03 4 0 14
07:49:34 4 0 14
07:50:04 4 0 15
07:50:34 4 0 14
07:51:04 4 0 14
07:51:34 4 0 14
07:52:05 4 0 15
07:52:35 4 0 14
07:53:05 4 0 15
07:53:35 4 0 14
07:54:05 4 0 15
07:54:36 4 0 14
07:55:06 4 0 14
07:55:36 4 0 14
07:56:06 4 0 15
07:56:37 4 0 14
07:57:07 4 0 14
07:57:37 4 0 14
07:58:08 4 0 15
07:58:38 4 0 14
07:59:08 4 0 14
07:59:39 4 0 14
08:00:09 4 0 14
08:00:39 4 0 14
08:01:09 4 0 14
08:01:40 4 0 16
08:02:10 4 0 14
08:02:40 4 0 14
08:03:10 4 0 14
08:03:40 4 0 14
08:04:10 4 0 14
08:04:40 4 0 14
08:05:10 4 0 14
08:05:41 4 0 14
08:06:11 4 0 14
08:06:41 4 0 14
08:07:11 4 0 14
08:07:41 4 0 17
08:08:11 4 0 14
08:08:42 4 0 14
08:09:12 4 0 14
08:09:42 4 0 17
08:10:12 4 0 14
08:10:42 4 0 17
08:11:12 4 0 14
08:11:43 4 0 14
08:12:13 4 0 14
08:12:43 4 0 14
08:13:13 4 0 14
08:13:43 4 0 14
08:14:13 4 0 14
08:14:44 4 0 14
08:15:14 4 0 14
08:15:44 4 0 14
08:16:14 4 0 14
08:16:44 4 0 14
08:17:14 4 0 46
08:17:45 4 0 17
08:18:15 4 0 14
08:18:45 4 0 14
08:19:15 4 0 14
08:19:46 4 0 17
08:20:16 4 0 14
08:20:46 4 0 14
08:21:16 4 0 14
08:21:46 4 0 16
08:22:17 4 0 14
08:22:47 4 0 14
08:23:17 4 0 14
08:23:47 4 0 14
08:24:17 4 0 14
08:24:48 4 0 37
08:25:18 4 0 14
08:25:48 4 0 16
08:26:18 4 0 14
08:26:48 4 0 16
08:27:18 4 0 14
08:27:49 4 0 14
08:28:19 4 0 14
08:28:49 4 0 14
08:29:19 4 0 14
08:29:49 4 0 14
08:30:19 4 0 14
08:30:50 4 0 14
08:31:20 4 0 35
08:31:50 4 0 14
08:32:20 4 0 14
08:32:50 4 0 14
08:33:20 4 0 14
08:33:50 4 0 16
08:34:21 4 0 42
08:34:51 4 0 14
08:35:21 4 0 14
08:35:51 4 0 14
08:36:21 4 0 14
08:36:51 4 0 14
08:37:22 4 0 14
08:37:52 4 0 14
08:38:22 4 0 14
08:38:52 4 0 17
08:39:22 4 0 14
08:39:52 4 0 15
08:40:23 4 0 14
08:40:53 4 0 15
08:41:23 4 0 14
08:41:53 4 0 14
08:42:23 4 0 14
08:42:53 4 0 14
08:43:23 4 0 14
08:43:54 4 0 14
08:44:24 4 0 14
08:44:54 4 0 14
08:45:24 4 0 14
08:45:54 4 0 14
08:46:24 4 0 14
08:46:55 4 0 20
08:47:25 4 0 14
08:47:55 4 0 17
08:48:25 4 0 14
08:48:56 3 1 14
08:49:25 4 0 14
08:49:56 4 0 14
08:50:26 4 0 14
08:50:56 4 0 14
08:51:26 4 0 14
08:51:56 4 0 17
08:52:26 4 0 14
08:52:57 4 0 14
08:53:27 4 0 29
08:53:58 3 1 15
08:54:27 4 0 14
08:54:57 4 0 14
08:55:27 4 0 14
08:55:58 4 0 14
08:56:28 4 0 14
08:56:58 4 0 14
08:57:28 4 0 14
08:57:58 4 0 16
08:58:29 4 0 14
08:58:59 4 0 14
08:59:29 4 0 14
09:00:00 4 0 14
09:00:30 4 0 14
09:01:00 4 0 14
09:01:30 4 0 14
09:02:00 4 0 14
09:02:30 4 0 14
09:03:01 4 0 14
09:03:31 4 0 14
09:04:01 4 0 14
09:04:31 4 0 14
09:05:01 4 0 14
09:05:31 4 0 14
09:06:02 4 0 14
09:06:32 4 0 14
09:07:02 4 0 14
09:07:32 4 0 14
09:08:02 4 0 14
09:08:32 4 0 16
09:09:02 4 0 14
09:09:32 4 0 14
09:10:03 4 0 16
09:10:33 4 0 14
09:11:03 4 0 15
09:11:33 4 0 16
09:12:05 3 1 14
09:12:34 4 0 14
09:13:04 4 0 16
09:13:34 4 0 14
09:14:04 4 0 14
09:14:34 4 0 14
09:15:04 4 0 14
09:15:35 3 1 14
09:16:05 4 0 14
09:16:35 4 0 14
09:17:05 4 0 15
09:17:35 4 0 15
09:18:05 4 0 15
09:18:36 4 0 14
09:19:06 4 0 14
09:19:37 3 1 14
09:20:07 4 0 14
09:20:37 4 0 14
09:21:07 4 0 14
09:21:37 4 0 14
09:22:07 4 0 15
09:22:37 4 0 14
09:23:08 4 0 17
09:23:38 4 0 14
09:24:08 4 0 20
09:24:38 4 0 14
09:25:08 4 0 17
09:25:38 4 0 14
09:26:09 4 0 14
09:26:39 4 0 14
09:27:09 4 0 14
09:27:39 4 0 14
09:28:10 4 0 16
09:28:40 4 0 15
09:29:10 4 0 17
09:29:40 4 0 16
09:30:11 4 0 15
09:30:41 4 0 14
09:31:11 4 0 15
09:31:41 4 0 14
09:32:11 4 0 15
09:32:41 4 0 14
09:33:11 4 0 14
09:33:41 4 0 14
09:34:12 4 0 14
09:34:42 4 0 14
09:35:12 4 0 16
09:35:42 4 0 14
09:36:12 4 0 14
09:36:42 4 0 14
09:37:13 4 0 14
09:37:43 4 0 17
09:38:13 4 0 27
09:38:43 4 0 15
09:39:14 4 0 14
09:39:44 4 0 14
09:40:14 4 0 14
09:40:44 4 0 14
09:41:14 4 0 16
09:41:44 4 0 14
09:42:14 4 0 14
09:42:44 4 0 14
09:43:15 4 0 14
09:43:46 3 1 14
09:44:15 4 0 14
09:44:45 4 0 14
09:45:15 4 0 14
09:45:45 4 0 14
09:46:16 4 0 15
09:46:46 4 0 14
09:47:18 3 1 14
09:47:47 4 0 14
09:48:18 4 0 14
09:48:48 4 0 14
09:49:18 4 0 14
09:49:48 4 0 14
09:50:18 4 0 14
09:50:48 4 0 15
09:51:19 4 0 14
09:51:49 4 0 14
09:52:19 4 0 14
09:52:49 4 0 14
09:53:19 4 0 18
09:53:49 4 0 14
09:54:19 4 0 16
09:54:49 4 0 16
09:55:20 4 0 18
09:55:50 4 0 14
09:56:20 4 0 17
09:56:50 4 0 17
09:57:21 4 0 14
09:57:51 4 0 15
09:58:21 4 0 16
09:58:51 4 0 15
09:59:22 4 0 17
09:59:52 4 0 16
10:00:23 4 0 14
10:00:53 4 0 15
10:01:23 4 0 44
10:01:53 4 0 17
10:02:23 4 0 16
10:02:53 4 0 18
10:03:23 4 0 18
10:03:53 4 0 17
10:04:24 4 0 17
10:04:54 4 0 17
10:05:25 3 1 16
10:05:54 4 0 18
10:06:25 3 1 14
10:06:54 4 0 17
10:07:25 4 0 19
10:07:55 4 0 17
10:08:27 2 2 16
10:08:57 2 2 14
10:09:25 4 0 54
10:09:55 4 0 18
10:10:26 4 0 18
10:10:56 4 0 17
10:11:26 4 0 19
10:11:56 4 0 50
10:12:26 4 0 18
10:12:56 4 0 18
10:13:27 4 0 18
10:13:57 4 0 15
10:14:27 4 0 17
10:14:57 4 0 17
10:15:28 3 1 17
10:15:57 4 0 17
10:16:29 3 1 17
10:16:58 4 0 17
10:17:28 4 0 15
10:17:58 4 0 18
10:18:28 4 0 17
10:18:58 4 0 17
10:19:30 3 1 17
10:19:59 4 0 17
10:20:30 4 0 18
10:21:00 4 0 17
10:21:30 4 0 17
10:22:00 4 0 17
10:22:30 4 0 15
10:23:00 4 0 16
10:23:31 4 0 17
10:24:01 4 0 16
10:24:31 4 0 17
10:25:01 4 0 17
10:25:31 4 0 14
10:26:01 4 0 19
10:26:32 4 0 17
