00:01:31 339 120
00:01:59 248759 11440
00:02:59 3331 5030
00:04:03 42182 2426
00:05:02 198 300
00:06:09 521 364
00:07:12 202 420
02:00:04 522 448
02:01:05 315 60
02:02:05 48297 3385
02:03:06 646 120
02:04:06 8028 12266
02:05:07 42301 2746
02:06:07 919 830
02:07:08 398 120
02:08:08 262 60
02:09:09 344 60
02:10:09 318 60
02:11:09 334 60
02:12:10 342 60
02:13:10 50634 1841
02:14:11 207 60
02:15:11 7569 448
02:16:11 225 120
02:17:12 25900 1970
02:18:12 79238 5077
02:19:13 464 300
02:20:13 641 448
02:21:13 468 254
02:22:14 589 328
02:23:14 205 60
02:24:15 9842 300
02:25:15 249 60
02:26:16 755 1134
02:27:16 39078 992
02:28:16 581 328
02:29:17 429 254
02:30:17 304 60
02:31:18 425 254
02:32:18 708 328
02:33:19 89863 1980
02:34:19 363 180
02:35:19 35734 3596
02:36:20 54332 780
02:37:20 273 60
02:38:21 25116 13078
02:39:21 322 60
02:40:21 14798 2938
02:41:22 2023 2776
02:42:22 311 60
02:43:23 32694 1517
02:44:23 210 120
02:45:23 507 328
02:46:24 297 60
02:47:24 858 254
02:48:25 18794 1962
02:49:25 778 254
02:50:26 247 60
02:51:26 330 60
02:52:26 316 60
02:53:27 541 268
02:54:27 618 388
02:55:28 585 120
02:56:28 26391 3279
02:57:29 569 328
02:58:29 698 328
02:59:30 5882088 133891
03:00:30 523 314
03:01:31 672 448
03:02:31 456 272
03:03:31 712 448
03:04:32 232 120
03:05:33 382 60
03:06:33 557 304
03:07:33 548 60
03:08:34 718 134
03:09:34 739 328
03:10:35 467 328
03:11:35 643 328
03:12:36 57839 1243
03:13:36 527 328
03:14:36 521 180
03:15:37 453 240
03:16:37 612 240
03:17:38 22928 1922
03:18:38 340 60
03:19:39 571 0
03:20:39 67438 2771
03:21:39 394 568
03:22:40 198 120
03:23:40 545 254
03:24:41 1094 976
03:25:41 198 60
03:26:42 904 328
03:27:42 603 120
03:28:43 377 254
03:29:43 334033 16072
03:30:43 12523 790
03:31:44 547 194
03:32:44 564 60
03:33:45 591 268
03:34:46 560 268
03:35:47 142843 7047522
03:36:47 334 60
03:37:47 2945 4442
03:38:48 32831 1288
03:39:48 586 388
03:40:49 673 540
03:41:49 6969 11362
03:42:50 6821 10364
03:43:50 427 60
03:44:50 7263 1001
03:45:51 659 328
03:46:51 660 194
03:47:52 347 60
03:48:52 707 557
03:49:53 494 120
03:50:53 322 60
03:51:53 548 254
03:52:54 524 60
03:53:54 748 240
03:54:55 1168 508
03:55:55 453 120
03:56:56 52150 2200
03:57:56 22165 1567
03:58:57 257 0
03:59:57 801 328
04:00:58 19303 1551
04:01:58 201 120
04:02:58 2644 995
04:03:59 323 152
04:04:59 245 60
04:06:00 4953 7502
04:07:00 4264 6246
04:08:01 41676 1680
04:09:01 1472 1730
04:10:02 932 1276
04:11:02 808 810
04:12:02 74829 3640672
04:13:03 2898 10964
04:14:03 3401 4057
04:15:04 483 0
04:16:04 467 120
04:17:04 325 254
04:18:05 2374 2334
04:19:05 32679 1175
04:20:06 378 314
04:21:06 48443 2757
04:22:07 2459 3580
04:23:07 2654 3814
04:24:07 232389 11461848
04:25:08 34618 2173
04:26:08 56958 2100
04:27:09 19444 1232
04:28:09 19274 1318
04:29:09 293 60
04:30:10 6969 11178
04:31:10 7243 11842
04:32:11 251 182
04:33:11 471 328
04:34:11 306 60
04:35:12 670 544
04:36:12 521 486
04:37:13 330 180
04:38:13 258 120
04:39:14 89744 2114
04:40:14 299 60
04:41:15 270 60
04:42:15 137374 4918
04:43:15 362 328
04:44:16 480 388
04:45:16 408 328
04:46:17 741 710
04:47:17 19538 881
04:48:18 352 420
04:49:18 535 328
04:50:18 409 180
04:51:19 389 254
04:52:19 78423 3439
04:53:20 103488 6212
04:54:20 30426 960
04:55:20 23121 15036
04:56:21 3004 4268
04:57:21 612 152
04:58:22 515 328
04:59:22 471 316
05:00:23 705 924
05:01:23 112096 4793
05:02:23 425 328
05:03:24 367 180
05:04:24 465 120
05:05:25 434 180
05:06:25 1119 1632
05:07:25 2156 3062
05:08:26 273 60
05:09:26 326 300
05:10:27 516 120
05:11:27 19681 945
05:12:28 214752 13686
05:13:28 398 120
05:14:28 2932 3592
05:15:29 2663 3998
05:16:29 1026 60
05:17:30 2385 2908
05:18:30 941 194
05:19:31 526 120
05:20:31 1193 710
05:21:32 317 60
05:22:32 67312 4180
05:23:32 65160 10061
05:24:33 294 92
05:25:33 280 152
05:26:34 839 388
05:27:34 732 328
05:28:34 488 60
05:29:35 427 388
05:30:35 575 388
05:31:36 647 180
05:32:39 913440 29539
05:33:36 528 508
05:34:37 52374 2408
05:35:37 470 60
05:36:38 1203 1464
05:37:38 5357 2107
05:38:39 388 120
05:39:39 46889 2643
05:40:40 661 328
05:41:40 732 152
05:42:41 12993 740
05:43:41 43435 11196
05:44:41 520 328
05:45:42 810 60
05:46:42 52257 3467
05:47:43 765 180
05:48:43 212 120
05:49:43 287 60
05:50:44 600 60
05:51:44 386 60
05:52:45 1082 604
05:53:45 513 388
05:54:46 107330 3096
05:55:46 385 328
05:56:46 298 254
05:57:47 19288 1002
05:58:47 667 254
05:59:48 532 328
06:00:48 618 254
06:01:49 734 448
06:02:49 605 388
06:03:50 10934 16852
06:04:50 3165 4486
06:05:50 792 60
06:06:51 589 374
06:07:51 623 388
06:08:52 29334 3903
06:09:52 5519 8416
06:10:52 4507 6352
06:11:53 6045 8986
06:12:53 50558 5593
06:13:54 792 60
06:14:54 614 360
06:15:55 20045 2004
06:16:55 12023 1373
06:17:55 725 60
06:18:56 5276 8090
06:19:56 784 722
06:20:57 206 60
06:21:57 517 328
06:23:00 19299 854
06:23:58 6122 9720
06:24:58 394 388
06:25:59 19304 1207
06:26:59 387 448
06:28:00 485 328
06:29:00 508 388
06:30:00 428 180
06:31:01 406 120
06:32:01 264 152
06:33:02 505 420
06:34:02 196 120
06:35:02 504 328
06:36:03 67293 3416
06:37:03 132025 4770
06:38:04 280 180
06:39:04 47935 2273
06:40:05 299 180
06:41:05 291 60
06:42:06 203 60
06:43:06 30584 995
06:44:06 24978 1960
06:45:07 572 448
06:46:07 1768 775
06:47:08 157 60
06:48:08 19539 1421
06:49:09 252 60
06:50:09 33603 2230
06:51:09 230 180
06:52:10 67142 3640
06:53:10 19484 1598
06:54:11 19682 1200
06:55:11 319 254
06:56:12 71561 3709
06:57:12 354 120
06:58:12 361 300
06:59:13 81133 7432
07:00:13 231 240
07:01:14 193 152
07:02:14 33169 1454
07:03:15 401 328
07:04:15 184 60
07:05:15 4514 6464
07:06:16 935 1238
07:07:16 269 60
07:08:17 337 60
07:09:17 243 60
07:10:18 515 60
07:11:18 702 240
07:12:19 648 554
07:13:19 481 328
07:14:20 30345 2505
07:15:20 274 60
07:16:21 204 0
07:17:21 12439 3096
07:18:21 1765 2390
07:19:22 231 60
07:20:22 220 120
07:21:23 41297 2085
07:22:23 225 60
07:23:24 261 120
07:24:24 893 388
07:25:24 8633 13604
07:26:25 4934 7636
07:27:25 395 60
07:28:26 762 254
07:29:26 396 303
07:30:26 2261 1169
07:31:27 589 388
07:32:27 1742 2280
07:33:28 1945 2096
07:34:28 186559 8284
07:35:29 963 946
07:36:29 69214 4094
07:37:30 1271 1380
07:38:30 2124 2534
07:39:30 1930 2196
07:40:31 519 120
07:41:31 700 328
07:42:32 18659 1156
07:43:32 1000 771
07:44:33 3559 3333
07:45:33 140342 8603
07:46:34 10356 10926
07:47:34 25295 1473
07:48:34 512 450
07:49:35 422 60
07:50:35 4640 180
07:51:36 587 254
07:52:36 170016 7148
07:53:36 507 448
07:54:37 505 120
07:55:37 766 328
07:56:38 726 328
07:57:38 959 240
07:58:39 2243 3460
07:59:40 9001 2002
08:00:40 8519 1563
08:01:41 995 356
08:02:41 358 180
08:03:41 15222 2878
08:04:41 3113 4540
08:05:42 43948 1850
08:06:42 53964 17815
08:07:43 759 416
08:08:43 19712 1882
08:09:43 467 332
08:10:43 711 356
08:11:44 396 272
08:12:44 804 356
08:13:44 357 180
08:14:45 398 240
08:16:05 -1 -1
08:16:45 1110 1562
08:17:46 258 240
08:18:46 187 240
08:19:47 449 300
08:20:47 300 272
08:21:47 593 622
08:22:48 33830 1480
08:23:48 605 240
08:24:49 652 402
08:25:49 601 416
08:26:49 449 240
08:27:50 2326 959
08:28:50 5617 7806
08:29:50 335 364
08:30:51 563 356
08:31:51 749 356
08:32:54 31358 2761
08:33:52 111125 5145
08:34:52 59676 3801
08:35:52 986 418
08:36:52 890 360
08:37:53 1896 2619
08:38:53 56302 2771
08:39:53 495 180
08:40:54 925 416
08:41:54 1039 416
08:42:54 86532 5250
08:43:55 75765 10678
08:44:55 1077 542
08:45:55 719 356
08:46:56 370 240
08:47:56 327 272
08:48:55 -1 -1
08:49:57 6311 9696
08:50:57 306 180
08:51:57 266 180
08:52:58 496 240
08:53:58 583 356
08:54:58 4446 653
08:55:59 316 240
08:56:59 531 356
08:57:59 232 60
08:59:00 18239 480
09:00:00 563 426
09:01:00 1441 1326
09:02:00 727 426
09:03:01 3237 2409
09:04:01 594 426
09:05:01 10429 13838
09:06:02 426229 16092
09:07:02 280 180
09:08:02 183 360
09:09:03 8049 741
09:10:03 3088 4872
09:11:03 10776 3778
09:12:04 107641 6553
09:13:04 270 180
09:14:04 700 502
09:15:04 271 212
09:16:05 281 120
09:17:05 28550 600
09:18:07 436 240
09:19:07 187 180
09:20:08 371 420
09:21:08 56459 11250
09:22:08 21974 3806
09:23:09 78860 31177
09:24:09 635 892
09:25:09 22164 1896
09:26:10 11085 2222
09:27:10 18725 2924
09:28:10 465 180
09:29:10 109606 6841
09:30:11 355 180
09:31:11 58508 22643
09:32:11 2321 3372
09:33:11 35116 2973
09:34:12 359 180
09:35:12 1963 1226
09:36:12 1986 1473
09:37:13 1407 1209
09:38:13 8253 878
09:39:14 1229 1048
09:40:14 2604 2115
09:41:14 15857 2445
09:42:14 1897 1337
09:43:15 6555 196755
09:44:15 20788 1666
09:45:15 462344 21432
09:46:16 379995 18335
09:47:17 56990 1872
09:48:18 4710 932
09:49:18 1501 1235
09:50:18 1991 2232
09:51:18 616 360
09:52:19 5684 8596
09:53:19 10683 660
09:54:20 260735 11710
09:55:20 58371 4549
09:56:20 1842 134
09:57:21 54090 2394
09:58:21 24686 2517
09:59:22 612 448
10:00:22 553 312
10:01:23 3944 1297
10:02:23 688 542
10:03:23 386 300
10:04:24 833 1057
10:05:23 -1 -1
10:06:24 635 522
10:07:25 539 416
10:08:25 343 180
10:09:24 -1 -1
10:10:26 278131 8000
10:11:26 539 180
10:12:26 75214 6834
10:13:27 1902 2336
10:14:27 105655 4459
10:15:27 979 342
10:16:28 240 180
10:17:28 33989 1850
10:18:28 416 240
10:19:29 588 120
10:20:30 610 498
10:21:30 507 332
10:22:30 1877 2536
10:23:31 2624 3760
10:24:31 854 660
10:25:31 1305 1506
10:26:32 1409 1932
