00:01:15 565774 38071
00:01:58 147832 56679
00:02:58 350095 37266
00:04:03 276687 18088
00:05:02 116697 4079
00:06:06 -1 -1
00:07:12 179099 21898
02:00:04 227978 17342
02:01:05 33230 3443
02:02:05 34974 3526
02:03:06 57741 9806
02:04:06 75205 22802
02:05:07 11422 4254
02:06:07 22044 4461
02:07:07 69447 8561
02:08:08 60165 14548
02:09:08 70569 18303
02:10:09 22116 3541
02:11:08 -1 -1
02:12:10 63029 4387
02:13:10 20151 5948
02:14:10 118105 13226
02:15:11 243130 55158
02:16:11 19437 6521
02:17:12 100618 8479
02:18:12 31105 19760
02:19:13 346520 62578
02:20:13 224403 70471
02:21:13 275157 65809
02:22:14 207352 51855
02:23:14 133911 58229
02:24:15 72448 8040
02:25:15 283203 67502
02:26:15 193017 18385
02:27:16 49755 13105
02:28:16 10840 729
02:29:17 51129 5682
02:30:17 88712 11546
02:31:17 55873 4547
02:32:18 268413 18392
02:33:18 11478 7893
02:34:19 57685 6132
02:35:19 38524 12436
02:36:20 43609 5145
02:37:20 98303 25359
02:38:20 42638 23122
02:39:21 19086 2141
02:40:21 55965 15959
02:41:22 51781 7448
02:42:22 22764 7851
02:43:23 22380 7613
02:44:43 -1 -1
02:45:23 173035 15116
02:46:24 134998 11324
02:47:24 28677 2063
02:48:25 26288 4433
02:49:25 98885 11464
02:50:25 81232 6683
02:51:26 24737 5822
02:52:26 30936 4926
02:53:27 3295 1167
02:54:27 60019 4608
02:55:28 57128 7574
02:56:28 76999 10123
02:57:29 158943 19077
02:58:29 14781 3426
02:59:29 96657 7417
03:00:30 1011 1614
03:01:30 321 572
03:02:31 102230 9323
03:03:31 9748 2220
03:04:32 2131212 54519
03:05:32 32190 5175
03:06:33 18891 5190
03:07:33 12482 4053
03:08:34 50088 6502
03:09:34 61328 3836
03:10:34 560833 22946
03:11:35 15040 6803
03:12:35 73201 6213
03:13:36 35947 2121
03:14:36 117461 6791
03:15:37 118598 9885
03:16:37 78666 11102
03:17:38 50947 8094
03:18:38 520 505
03:19:38 104791 9082
03:20:39 29444 4240
03:21:39 58133 7528
03:22:40 22431 3286
03:23:40 113280 12580
03:24:41 13484 2682
03:25:41 17165 3598
03:26:42 32613 4045
03:27:42 89102 10631
03:28:42 131891 7173
03:29:43 123583 10584
03:30:43 204752 9562
03:31:44 22817 2797
03:32:44 87277 15580
03:33:45 4924 5057
03:34:46 51983 9942
03:35:46 129241 18077
03:36:47 31569 4025
03:37:47 11856 7356
03:38:48 167385 26108
03:39:48 50862 12181
03:40:49 24497 9085
03:41:49 92430 18259
03:42:49 57308 15379
03:43:50 86071 10177
03:44:50 139222 9596
03:45:51 17154 4078
03:46:51 133368 19342
03:47:52 74625 6458
03:48:52 14518 3792
03:49:52 5536882 126504
03:50:53 21787 2637
03:51:53 2974 1907
03:52:54 15811 926
03:53:54 94717 9242
03:54:55 58363 10050
03:55:55 74031 8335
03:56:56 21383 3726
03:57:56 16732 2317
03:58:57 66790 16598
03:59:57 2268 1265
04:00:57 18096 2163
04:01:58 100676 11498
04:02:58 8066 1004
04:03:59 133021 12461
04:04:59 141769 12394
04:06:00 134975 30254
04:07:00 92101 11569
04:08:01 23876 4757
04:09:01 41578 6757
04:10:01 23164 4463
04:11:02 78057 5880
04:12:02 29380 8026
04:13:03 34443 52804
04:14:03 45015 8045
04:15:04 9010 20629
04:16:04 22907 4477
04:17:04 202 682
04:18:05 82212 5990
04:19:05 33970 2541
04:20:06 360 1075
04:21:06 61611 2178
04:22:06 115647 13794
04:23:07 75954 9486
04:24:07 19523 3299
04:25:08 16861 5700
04:26:08 7498 1575
04:27:09 31782 9578
04:28:09 26596 3100
04:29:09 44133 7300
04:30:10 139580 20929
04:31:10 86081 18218
04:32:10 5018 717
04:33:11 36538 12196
04:34:11 3848 1349
04:35:12 55458 15775
04:36:12 36901 1265
04:37:13 211142 19165
04:38:13 124024 12748
04:39:14 25186 3623
04:40:14 138649 27877
04:41:15 169774 20702
04:42:15 302548 26444
04:43:15 228853 21211
04:44:16 230841 15659
04:45:16 228633 19485
04:46:17 46555 6260
04:47:17 19932 5764
04:48:17 281363 34690
04:49:18 40161 7937
04:50:18 65721 13737
04:51:19 79641 10042
04:52:19 56997 7057
04:53:19 120782 12018
04:54:20 112888 7562
04:55:20 11240 19774
04:56:21 22435 5857
04:57:21 97864 8125
04:58:22 35083 814
04:59:22 40768 4403
05:00:22 16222 1730
05:01:23 126946 8054
05:02:23 2439 2083
05:03:24 256869 18808
05:04:24 2271 1785
05:05:25 192348 42478
05:06:25 46793 19340
05:07:25 3666 9234
05:08:26 24401 4392
05:09:26 115148 8894
05:10:27 27119 8785
05:11:27 13267 2232
05:12:28 18021 3920
05:13:28 19930 1977
05:14:28 32286 5562
05:15:29 134077 23385
05:16:29 27298 3276
05:17:30 50981 13566
05:18:30 86594 11393
05:19:31 113730 8230
05:20:31 33769 3420
05:21:32 67986 11498
05:22:32 16096 1608
05:23:32 69936 48574
05:24:33 109500 50602
05:25:33 103690 11852
05:26:34 51885 2642
05:27:34 61148 9785
05:28:34 87212 11698
05:29:35 55566 10031
05:30:35 24192 1467
05:31:36 67505 5309
05:32:36 30184 7014
05:33:36 15805 3772
05:34:37 29622 3726
05:35:37 39794 26330
05:36:38 51282 5253
05:37:38 92084 21110
05:38:39 158372 26159
05:39:39 60379 6237
05:40:40 198 404
05:41:40 23115 3643
05:42:40 45523 5136
05:43:41 36704 20505
05:44:41 56597 7817
05:45:42 150122 14734
05:46:42 92086 17038
05:47:42 68529 17644
05:48:43 93575 13774
05:49:43 83208 16058
05:50:44 148421 12412
05:51:44 86470 9329
05:52:45 61608 17106
05:53:45 5861 2696
05:54:45 14052 4483
05:55:46 152066 12716
05:56:46 92842 7049
05:57:47 37372 4113
05:58:47 75982 18893
05:59:48 19180 1944
06:00:48 16036 4791
06:01:49 73411 11277
06:02:49 50472 6084
06:03:49 39410 12730
06:04:50 42878 8489
06:05:50 20136 10677
06:06:51 15723 2897
06:07:51 128323 7937
06:08:52 29501 3109
06:09:52 18535 1302
06:10:52 41080 9346
06:11:53 309524 63632
06:12:53 5512 600
06:13:54 144648 23178
06:14:54 54214 10472
06:15:54 47618 3221
06:16:55 163071 40101
06:17:55 11862 3720
06:18:56 61280 12022
06:19:56 154112 14767
06:20:57 107487 6814
06:21:57 3734 1936
06:22:57 20762 2578
06:23:58 80141 19635
06:24:58 23262 7924
06:25:59 103058 9641
06:26:59 66483 6739
06:27:59 24063 3953
06:29:00 96398 11255
06:30:00 2405 1589
06:31:01 15856 3369
06:32:01 70382 24512
06:33:02 38313 21213
06:34:02 56489 12322
06:35:02 84444 4516
06:36:03 48052 4228
06:37:03 43484 10106
06:38:04 30044 12864
06:39:04 87076 24216
06:40:05 4824 8332
06:41:05 25488 3778
06:42:05 53971 13410
06:43:06 40548 7350
06:44:06 103298 41231
06:45:07 25358 2806
06:46:07 55609 21595
06:47:08 77740 7673
06:48:08 123813 9778
06:49:08 374536 23071
06:50:09 324225 21060
06:51:09 227670 12657
06:52:10 151534 28832
06:53:10 56484 6357
06:54:11 61714 4764
06:55:11 54 60
06:56:11 45214 3898
06:57:12 4591 142
06:58:12 100582 28188
06:59:13 103547 55914
07:00:13 9537 3913
07:01:14 166956 18293
07:02:14 324612 22232
07:03:15 56608 27476
07:04:15 207782 9474
07:05:15 21538 8179
07:06:16 21887 2841
07:07:16 6528 3866
07:08:17 175478 24935
07:09:17 57363 18853
07:10:18 60874 17345
07:11:18 354 499
07:12:19 217777 27953
07:13:19 18540 2475
07:14:20 53320 5889
07:15:20 132257 15045
07:16:20 96819 10259
07:17:21 20859 14572
07:18:21 111880 48658
07:19:22 42154 10547
07:20:22 8445 1988
07:21:23 58096 4102
07:22:23 29789 6040
07:23:23 28136 4420
07:24:24 36401 10284
07:25:24 106130 29779
07:26:25 52073 11772
07:27:25 1047 1116
07:28:26 91397 5957
07:29:26 18222 24795
07:30:27 114535 11007
07:31:27 42871 2730
07:32:27 34339 4921
07:33:28 68032 8006
07:34:28 113604 13414
07:35:29 54934 7501
07:36:29 93068 7621
07:37:29 24927 4044
07:38:30 1379 1914
07:39:30 49192 5160
07:40:31 81056 10760
07:41:31 88762 9206
07:42:32 35885 4881
07:43:32 289704 18581
07:44:33 37192 3107
07:45:33 96968 8018
07:46:33 255350 27461
07:47:34 592 2981
07:48:34 40257 21714
07:49:35 117165 14665
07:50:35 86281 5851
07:51:36 91461 21246
07:52:36 42114 4645
07:53:36 90198 6601
07:54:37 68459 8317
07:55:37 105916 22823
07:56:38 276285 11364
07:57:38 61891 18532
07:58:38 244566 18099
07:59:39 404617 18510
08:00:39 40565 4667
08:01:40 92140 13905
08:02:40 5827 2516
08:03:40 31754 10293
08:04:40 138251 14855
08:05:41 267622 17057
08:06:41 95594 26918
08:07:41 3815 4211
08:08:42 67477 7747
08:09:42 19233 8385
08:10:42 10609 1570
08:11:43 46021 6880
08:12:43 4941 2643
08:13:43 41355 14436
08:14:44 113070 5661
08:15:44 61703 5938
08:16:44 80426 12377
08:17:45 152230 10219
08:18:46 34768 4297
08:19:47 52649 8959
08:20:47 21213 3663
08:21:48 58900 7040
08:22:48 871445 35845
08:23:48 131376 4801
08:24:48 24475 2674
08:25:49 54353 7455
08:26:49 41112 2616
08:27:50 52114 4252
08:28:50 71199 15712
08:29:50 208297 13179
08:30:51 363271 22544
08:31:51 25338 4413
08:32:51 12546 4522
08:33:51 2050 4213
08:34:52 53319 4823
08:35:52 56462 9211
08:36:52 79745 7180
08:37:53 210 208
08:38:53 137060 9748
08:39:53 559281 24196
08:40:54 152840 7980
08:41:54 91767 5678
08:42:54 63588 6792
08:43:55 24214 31034
08:44:55 19499 1303
08:45:55 114206 27432
08:46:56 343769 16064
08:47:56 28432 5841
08:48:56 146863 11135
08:49:57 157706 26223
08:50:57 49711 10117
08:51:57 22948 7786
08:52:58 149391 8775
08:53:58 457816 32720
08:54:58 104569 8993
08:55:59 109143 7733
08:56:59 588026 32641
08:57:59 736829 36066
08:58:59 310603 35421
09:00:00 206263 17052
09:01:00 326031 15254
09:02:00 77302 6195
09:03:01 6518 5369
09:04:01 122213 16342
09:05:01 253365 18885
09:06:01 -1 -1
09:07:02 125594 9133
09:08:02 74718 8584
09:09:03 480107 56454
09:10:03 747306 52437
09:11:03 957805 56915
09:12:04 61000 9831
09:13:04 141434 17569
09:14:04 200814 29339
09:15:04 39644 6164
09:16:05 55203 13520
09:17:05 217323 24394
09:18:06 300753 12674
09:19:07 24009 6345
09:20:11 103056 5418
09:21:08 53094 15280
09:22:08 225611 19767
09:23:09 62128 3846
09:24:09 138801 12119
09:25:09 106171 13289
09:26:10 418200 15722
09:27:10 327053 18961
09:28:10 121811 12991
09:29:10 25127 4452
09:30:11 123283 16508
09:31:11 63842 44929
09:32:11 34233 4163
09:33:11 568688 16783
09:34:12 96438 19055
09:35:12 12243 2981
09:36:12 10686 2819
09:37:13 64552 39688
09:38:13 189420 28192
09:39:14 179264 13213
09:40:14 30525 4350
09:41:14 58203 23789
09:42:14 309295 19730
09:43:15 280969 10445
09:44:15 73768 21765
09:45:15 57444 10570
09:46:16 74452 14120
09:47:17 107614 45818
09:48:18 503566 25904
09:49:18 49801 6599
09:50:18 124126 15406
09:51:19 223893 15524
09:52:19 223219 26496
09:53:19 51733 6019
09:54:19 95374 24998
09:55:20 477491 275202
09:56:20 131184 135737
09:57:21 39512 284972
09:58:21 258262 227592
09:59:22 117352 72792
10:00:23 34177 119984
10:01:23 701323 235596
10:02:23 220808 139127
10:03:23 276741 75463
10:04:24 405414 25653
10:05:26 -1 -1
10:06:24 638632 34897
10:07:25 72067 9075
10:08:25 47699 3946
10:09:25 439326 41161
10:10:26 179261 16035
10:11:26 65146 9409
10:12:26 157736 168451
10:13:26 244232 46730
10:14:27 434386 29407
10:15:27 26408 5271
10:16:30 207624 23525
10:17:28 683153 42629
10:18:31 387616 39137
10:19:29 900324 88321
10:20:30 113775 20172
10:21:29 100942 11390
10:22:30 57893 6903
10:23:30 633269 35027
10:24:30 110871 16767
10:25:30 586769 28269
10:26:31 145553 9335
