00:01:55 1
00:02:00 1
00:03:00 1
00:04:03 1
00:05:03 1
00:06:10 1
00:07:13 1
02:00:06 1
02:01:06 1
02:02:06 1
02:03:07 1
02:04:07 1
02:05:07 1
02:06:09 1
02:07:09 1
02:08:09 1
02:09:09 1
02:10:10 1
02:11:12 1
02:12:13 1
02:13:13 1
02:14:11 1
02:15:12 1
02:16:12 1
02:17:13 1
02:18:13 1
02:19:13 1
02:20:14 1
02:21:14 1
02:22:14 1
02:23:15 1
02:24:15 1
02:25:16 1
02:26:16 1
02:27:18 1
02:28:17 1
02:29:18 1
02:30:18 1
02:31:19 1
02:32:19 1
02:33:19 1
02:34:20 1
02:35:20 1
02:36:20 1
02:37:21 1
02:38:21 1
02:39:22 1
02:40:22 1
02:41:23 1
02:42:23 1
02:43:23 1
02:44:24 1
02:45:24 1
02:46:25 1
02:47:25 1
02:48:25 1
02:49:26 1
02:50:26 1
02:51:27 1
02:52:27 1
02:53:28 1
02:54:28 1
02:55:29 1
02:56:29 1
02:57:30 1
02:58:30 1
02:59:30 1
03:00:31 1
03:01:31 1
03:02:31 1
03:03:32 1
03:04:32 1
03:05:34 1
03:06:34 1
03:07:34 1
03:08:35 1
03:09:35 1
03:10:35 1
03:11:36 1
03:12:36 1
03:13:37 1
03:14:37 1
03:15:38 1
03:16:38 1
03:17:39 1
03:18:39 1
03:19:39 1
03:20:40 1
03:21:40 1
03:22:41 1
03:23:41 1
03:24:41 1
03:25:42 1
03:26:42 1
03:27:43 1
03:28:43 1
03:29:44 1
03:30:44 1
03:31:44 1
03:32:45 1
03:33:46 1
03:34:47 1
03:35:49 1
03:36:47 1
03:37:48 1
03:38:48 1
03:39:49 1
03:40:50 1
03:41:51 1
03:42:50 1
03:43:51 1
03:44:51 1
03:45:51 1
03:46:52 1
03:47:52 1
03:48:53 1
03:49:53 1
03:50:54 1
03:51:54 1
03:52:55 1
03:53:55 1
03:54:56 1
03:55:56 1
03:56:56 1
03:57:57 1
03:58:57 1
03:59:58 1
04:00:58 1
04:01:59 1
04:02:59 1
04:04:00 1
04:05:00 1
04:06:01 1
04:07:01 1
04:08:02 1
04:09:02 1
04:10:02 1
04:11:02 1
04:12:05 1
04:13:04 1
04:14:04 1
04:15:04 1
04:16:05 1
04:17:05 1
04:18:05 1
04:19:06 1
04:20:06 1
04:21:07 1
04:22:07 1
04:23:08 1
04:24:09 1
04:25:08 1
04:26:09 1
04:27:09 1
04:28:10 1
04:29:10 1
04:30:11 1
04:31:11 1
04:32:11 1
04:33:12 1
04:34:12 1
04:35:13 1
04:36:13 1
04:37:14 1
04:38:14 1
04:39:14 1
04:40:15 1
04:41:15 1
04:42:17 1
04:43:16 1
04:44:17 1
04:45:17 1
04:46:17 1
04:47:18 1
04:48:18 1
04:49:19 1
04:50:19 1
04:51:20 1
04:52:20 1
04:53:20 1
04:54:21 1
04:55:21 1
04:56:22 1
04:57:22 1
04:58:23 1
04:59:23 1
05:00:23 1
05:01:23 1
05:02:24 1
05:03:24 1
05:04:25 1
05:05:25 1
05:06:26 1
05:07:26 1
05:08:26 1
05:09:27 1
05:10:28 1
05:11:28 1
05:12:28 1
05:13:29 1
05:14:29 1
05:15:30 1
05:16:30 1
05:17:31 1
05:18:31 1
05:19:31 1
05:20:32 1
05:21:32 1
05:22:33 1
05:23:33 1
05:24:33 1
05:25:34 1
05:26:34 1
05:27:35 1
05:28:35 1
05:29:35 1
05:30:36 1
05:31:36 1
05:32:37 1
05:33:37 1
05:34:37 1
05:35:38 1
05:36:38 1
05:37:39 1
05:38:39 1
05:39:40 1
05:40:40 1
05:41:41 1
05:42:41 1
05:43:41 1
05:44:42 1
05:45:42 1
05:46:43 1
05:47:43 1
05:48:44 1
05:49:44 1
05:50:44 1
05:51:45 1
05:52:45 1
05:53:46 1
05:55:05 -1
05:55:47 1
05:56:47 1
05:57:48 1
05:58:48 1
05:59:48 1
06:00:49 1
06:01:49 1
06:02:50 1
06:03:50 1
06:04:51 1
06:05:51 1
06:06:51 1
06:07:52 1
06:08:52 1
06:09:53 1
06:10:53 1
06:11:53 1
06:12:54 1
06:13:54 1
06:14:55 1
06:15:55 1
06:16:56 1
06:17:56 1
06:18:56 1
06:19:57 1
06:20:57 1
06:21:58 1
06:22:58 1
06:23:58 1
06:24:59 1
06:25:59 1
06:27:00 1
06:28:00 1
06:29:01 1
06:30:01 1
06:31:02 1
06:32:02 1
06:33:02 1
06:34:03 1
06:35:03 1
06:36:03 1
06:37:04 1
06:38:04 1
06:39:05 1
06:40:05 1
06:41:06 1
06:42:06 1
06:43:07 1
06:44:07 1
06:45:08 1
06:46:08 1
06:47:08 1
06:48:09 1
06:49:09 1
06:50:10 1
06:51:10 1
06:52:11 1
06:53:11 1
06:54:11 1
06:55:12 1
06:56:12 1
06:57:13 1
06:58:13 1
06:59:13 1
07:00:14 1
07:01:14 1
07:02:15 1
07:03:15 1
07:04:16 1
07:05:16 1
07:06:17 1
07:07:17 1
07:08:18 1
07:09:18 1
07:10:18 1
07:11:19 1
07:12:20 1
07:13:20 1
07:14:20 1
07:15:21 1
07:16:21 1
07:17:22 1
07:18:22 1
07:19:23 1
07:20:23 1
07:21:23 1
07:22:24 1
07:23:24 1
07:24:25 1
07:25:25 1
07:26:26 1
07:27:26 1
07:28:26 1
07:29:27 1
07:30:27 1
07:31:28 1
07:32:28 1
07:33:28 1
07:34:29 1
07:35:29 1
07:36:30 1
07:37:30 1
07:38:31 1
07:39:31 1
07:40:31 1
07:41:32 1
07:42:33 1
07:43:33 1
07:44:33 1
07:45:34 1
07:46:34 1
07:47:35 1
07:48:35 1
07:49:35 1
07:50:36 1
07:51:36 1
07:52:37 1
07:53:37 1
07:54:37 1
07:55:38 1
07:56:39 1
07:57:39 1
07:58:40 1
07:59:40 1
08:00:41 1
08:01:41 1
08:02:41 1
08:03:42 1
08:04:42 1
08:05:42 1
08:06:43 1
08:07:43 1
08:08:44 1
08:09:44 1
08:10:44 1
08:11:44 1
08:12:45 1
08:13:45 1
08:14:45 1
08:15:45 1
08:16:46 1
08:17:46 1
08:18:47 1
08:19:47 1
08:20:48 1
08:21:48 1
08:22:49 1
08:23:49 1
08:24:49 1
08:25:50 1
08:26:50 1
08:27:50 1
08:28:50 1
08:29:51 1
08:30:51 1
08:31:52 1
08:32:50 -1
08:33:52 1
08:34:52 1
08:35:53 1
08:36:53 1
08:37:53 1
08:38:54 1
08:39:54 1
08:40:55 1
08:41:55 1
08:42:55 1
08:43:56 1
08:44:56 1
08:45:56 1
08:46:56 1
08:47:57 1
08:49:00 1
08:49:57 1
08:50:58 1
08:51:58 1
08:52:58 1
08:53:59 1
08:54:59 1
08:56:00 1
08:57:00 1
08:58:00 1
08:59:00 1
09:00:00 1
09:01:01 1
09:02:01 1
09:03:02 1
09:04:02 1
09:05:02 1
09:06:03 1
09:07:03 1
09:08:03 1
09:09:03 1
09:10:04 1
09:11:04 1
09:12:04 1
09:13:04 1
09:14:05 1
09:15:05 1
09:16:05 1
09:17:06 1
09:18:07 1
09:19:08 1
09:20:08 1
09:21:09 1
09:22:09 1
09:23:09 1
09:24:10 1
09:25:10 1
09:26:10 1
09:27:10 1
09:28:11 1
09:29:11 1
09:30:12 1
09:31:12 1
09:32:12 1
09:33:12 1
09:34:13 1
09:35:13 1
09:36:13 1
09:37:14 1
09:38:14 1
09:39:14 1
09:40:15 1
09:41:15 1
09:42:15 1
09:43:15 1
09:44:16 1
09:45:16 1
09:46:16 1
09:47:18 1
09:48:21 1
09:49:19 1
09:50:19 1
09:51:19 1
09:52:19 1
09:53:20 1
09:54:20 1
09:55:20 1
09:56:21 1
09:57:21 1
09:58:22 1
09:59:22 1
10:00:23 1
10:01:24 1
10:02:24 1
10:03:24 1
10:04:24 1
10:05:28 1
10:06:25 1
10:07:25 1
10:08:47 1
10:09:29 1
10:10:27 1
10:11:27 1
10:12:27 1
10:13:27 1
10:14:28 1
10:15:28 1
10:16:29 1
10:17:28 1
10:18:29 1
10:19:30 1
10:20:31 1
10:21:31 1
10:22:31 1
10:23:31 1
10:24:32 1
10:25:32 1
10:26:33 1
