00:01:38 8782 6546
00:02:00 145743 12591
00:03:01 22172 2882
00:04:03 64859 7633
00:05:02 29272 8882
00:06:03 -1 -1
00:07:14 7629 7279
02:00:04 38944 8831
02:01:04 49061 6651
02:02:04 102611 10352
02:03:05 7265 7642
02:04:05 10891 2447
02:05:06 355497 25158
02:06:06 3149 3515
02:07:06 42470 7857
02:08:07 31044 4890
02:09:07 4838 10051
02:10:08 19784 6567
02:11:08 56867 13680
02:12:09 57242 5839
02:13:09 3666 5222
02:14:09 2539 4467
02:15:10 18822 4758
02:16:10 171334 15354
02:17:11 88334 17923
02:18:11 20158 6593
02:19:12 28182 5908
02:20:12 240532 19481
02:21:12 31123 10083
02:22:13 5097 4823
02:23:13 96652 7250
02:24:14 16324 2896
02:25:14 1851 2431
02:26:14 183874 13080
02:27:15 93287 10113
02:28:15 22829 4795
02:29:16 66057 9109
02:30:16 72754 6834
02:31:17 53281 12132
02:32:17 33841 6415
02:33:18 348 1185
02:34:18 20996 3238
02:35:18 2192 3691
02:36:19 49532 4954
02:37:19 29485 4841
02:38:19 39796 8367
02:39:20 66424 8321
02:40:20 802 6398
02:41:21 11823 5085
02:42:21 3254 4042
02:43:22 48345 13146
02:44:22 2766 3904
02:45:22 84500 12660
02:46:23 7090 4918
02:47:23 42731 3352
02:48:24 3669 4581
02:49:24 1718 4203
02:50:24 3291 4105
02:51:25 64761 5256
02:52:25 22767 5231
02:53:26 20306 5242
02:54:26 29712 6889
02:55:27 33175 8816
02:56:27 35105 8318
02:57:28 4349 4922
02:58:28 2044 3756
02:59:29 2966 4983
03:00:29 19077 3007
03:01:29 1026 2271
03:02:30 2154 3881
03:03:30 17006 5060
03:04:31 56044 6746
03:05:31 46304 4948
03:06:32 2107 2612
03:07:32 12865 6952
03:08:33 2090 3827
03:09:33 11863 3995
03:10:33 87474 7693
03:11:34 93109 18437
03:12:34 37154 4858
03:13:35 4375 4957
03:14:35 41670 9874
03:15:36 33575 9203
03:16:36 17252 6950
03:17:37 20973 2560
03:18:37 130785 7997
03:19:37 15099 3463
03:20:38 6195 6717
03:21:38 56429 8221
03:22:39 32140 5119
03:23:39 48920 6376
03:24:40 37927 6206
03:25:40 9134 3165
03:26:41 995965 39918
03:27:41 23308 3641
03:28:41 64954 7103
03:29:42 23030 4160
03:30:42 38261 6313
03:31:43 40785 3851
03:32:43 158006 17079
03:33:44 60356 7051
03:34:45 2621 4983
03:35:45 47454 4702
03:36:46 7429 5096
03:37:46 87498 8361
03:38:47 102326 11333
03:39:47 51337 5337
03:40:48 1744 4448
03:41:48 2701 3682
03:42:48 46726 6772
03:43:49 18331 2829
03:44:49 41460 4939
03:45:50 7706 3901
03:46:50 21782 2979
03:47:51 21446 2681
03:48:51 70004 7422
03:49:51 11092 3290
03:50:52 21532 5954
03:51:52 23797 5868
03:52:53 30089 5887
03:53:53 107875 7291
03:54:54 1351 4121
03:55:54 20371 5842
03:56:55 24295 6988
03:57:55 4315 2059
03:58:56 740 1671
03:59:56 15061 4877
04:00:57 14062 4707
04:01:57 147486 5810
04:02:57 17166 3221
04:03:58 175851 9059
04:04:58 96080 2956
04:05:59 201110 11697
04:06:59 156376 9487
04:07:59 142779 10822
04:09:00 90182 7494
04:10:01 97799 3526
04:11:01 13031 5645
04:12:01 118277 6708
04:13:02 103584 8087
04:14:02 124240 4339
04:15:02 152151 6816
04:16:03 152440 6969
04:17:03 19502 4533
04:18:04 460328 9179
04:19:04 1832 3485
04:20:05 94743 9232
04:21:05 100058 5393
04:22:05 22789 7105
04:23:06 73406 5701
04:24:06 119454 6237
04:25:07 124988 7526
04:26:07 105373 6964
04:27:08 102374 6470
04:28:08 87770 2636
04:29:08 105241 7321
04:30:09 121487 5015
04:31:09 80770 2540
04:32:09 126753 4718
04:33:10 99232 6252
04:34:10 226535 16215
04:35:11 139498 3647
04:36:11 90509 5039
04:37:12 144658 7612
04:38:12 144387 6654
04:39:13 114565 12066
04:40:13 197442 18596
04:41:14 197696 19696
04:42:14 131581 12717
04:43:14 95664 8814
04:44:15 83970 9168
04:45:15 62866 5188
04:46:16 157780 3996
04:47:16 154003 5746
04:48:16 122595 6461
04:49:17 149557 9033
04:50:17 306267 15258
04:51:18 130219 9676
04:52:18 96235 9753
04:53:18 129362 8282
04:54:19 118412 5962
04:55:19 71016 10280
04:56:20 51051 11331
04:57:20 135759 10677
04:58:21 196836 18294
04:59:21 100734 10089
05:00:22 173737 15990
05:01:26 80844 6741
05:02:22 180512 13393
05:03:23 109110 6912
05:04:23 81090 3793
05:05:23 103081 7552
05:06:24 217994 8073
05:07:24 131986 12761
05:08:25 90448 5980
05:09:25 454979 13453
05:10:26 478398 13963
05:11:26 84720 8278
05:12:27 84862 6172
05:13:27 84175 6416
05:14:27 111930 5712
05:15:28 113379 9891
05:16:28 92456 4027
05:17:29 113982 6484
05:18:29 108910 8033
05:19:29 107224 5966
05:20:30 88674 9133
05:21:31 17680 13583
05:22:32 56475 12559
05:23:31 26622 9102
05:24:32 28420 6963
05:25:32 1980 3464
05:26:32 5883 7086
05:27:33 33238 9076
05:28:33 60642 8054
05:29:34 89057 5194
05:30:34 115541 6702
05:31:35 137851 12337
05:32:35 94174 7395
05:33:35 99307 6463
05:34:36 119897 7680
05:35:36 148926 5935
05:36:37 100042 3576
05:37:37 115141 6845
05:38:38 98234 5116
05:39:38 115026 8928
05:40:38 154853 13686
05:41:39 103075 7065
05:42:39 98115 5599
05:43:40 160306 13083
05:44:40 471633 20833
05:45:41 95624 7787
05:46:41 106836 8589
05:47:41 99428 8024
05:48:42 170476 11079
05:49:45 118655 13095
05:50:43 144036 7320
05:51:43 102619 4280
05:52:44 237975 16672
05:53:44 115031 11620
05:54:44 99652 8022
05:55:45 124593 4781
05:56:45 197649 13583
05:57:46 175357 9942
05:58:46 129546 9262
05:59:47 250531 19854
06:00:47 176350 14792
06:01:48 48844 9262
06:02:48 28673 5759
06:03:48 3816 6564
06:04:49 210391 13826
06:05:49 24550 5564
06:06:50 64535 5278
06:07:50 46744 7223
06:08:51 8791 4607
06:09:51 1302603 41718
06:10:51 40894 9060
06:11:52 67622 9651
06:12:52 31026 7127
06:13:53 20130 9844
06:14:53 82392 14059
06:15:54 91271 8075
06:16:54 105517 7572
06:17:54 5025 7836
06:18:55 21258 4094
06:19:55 43945 7678
06:20:55 4981 1961
06:21:56 35984 6314
06:22:56 22927 10306
06:23:57 5812 5042
06:24:57 18950 5418
06:25:58 3439 4223
06:26:58 65816 11844
06:27:58 136856 11149
06:28:59 3594 6898
06:29:59 13182 8879
06:31:00 36124 5521
06:32:00 23807 6499
06:33:01 4996 4601
06:34:01 22156 7244
06:35:01 5203 8263
06:36:02 70998 7203
06:37:02 10240 4938
06:38:03 92396 9507
06:39:03 133296 7706
06:40:04 24309 5927
06:41:04 47463 8532
06:42:04 69143 8845
06:43:05 42282 8298
06:44:05 12933 5436
06:45:06 133810 9693
06:46:06 7925 9765
06:47:07 3191 5539
06:48:07 3336 5218
06:49:07 26683 5681
06:50:08 44256 7406
06:51:08 22315 4920
06:52:09 83162 12330
06:53:09 12084 4947
06:54:10 60600 5809
06:55:10 42440 9302
06:56:10 63751 8470
06:57:11 55749 5701
06:58:11 20496 4321
06:59:12 6196 7691
07:00:12 6355 7415
07:01:13 7858 8639
07:02:13 15525 8034
07:03:14 48552 5498
07:04:14 2629 5052
07:05:14 50867 6279
07:06:15 19391 7735
07:07:15 64270 11181
07:08:16 1039316 77213
07:09:16 2208 4220
07:10:17 4019 5554
07:11:17 29291 4874
07:12:18 14044 4494
07:13:18 52476 8467
07:14:22 31497 3485
07:15:19 10596 8033
07:16:19 65156 23010
07:17:20 108733 6244
07:18:20 62532 9584
07:19:21 37130 5756
07:20:21 40983 8831
07:21:22 2412 4634
07:22:22 63990 12575
07:23:22 4648 8793
07:24:23 18186 5357
07:25:23 288273 11861
07:26:24 3530 6880
07:27:24 240765 12649
07:28:25 13209 8426
07:29:25 1600 3466
07:30:25 147073 15237
07:31:26 5524 5294
07:32:26 915883 28733
07:33:27 31790 7404
07:34:27 18843 9257
07:35:28 27815 2649
07:36:28 12640 6267
07:37:28 174887 13141
07:38:29 66684 12008
07:39:29 27992 4686
07:40:30 182776 14152
07:41:30 12985 6489
07:42:31 6292 5383
07:43:31 155100 14557
07:44:31 35856 4154
07:45:32 3270 4682
07:46:32 2392 4308
07:47:33 113382 12843
07:48:33 1128914 47989
07:49:34 36817 8612
07:50:34 27751 12481
07:51:34 603259 24443
07:52:35 63758 15640
07:53:35 13029 7337
07:54:36 107793 16460
07:55:36 23893 25159
07:56:36 50174 6181
07:57:37 91775 13570
07:58:38 152259 12628
07:59:39 14285 8677
08:00:39 589501 19081
08:01:40 3080 6824
08:02:40 19705 8673
08:03:40 16482 9640
08:04:40 2428 5637
08:05:41 7408 4978
08:06:41 969532 43157
08:07:42 19431 6457
08:08:42 41089 8254
08:09:42 48050 9644
08:10:42 269326 34391
08:11:43 2142355 56193
08:12:43 4102 8136
08:13:43 87231 6489
08:14:44 76024 17500
08:15:44 16223 7582
08:16:44 60638 16037
08:17:45 138377 4077
08:18:45 240512 8701
08:19:46 104935 12738
08:20:46 25786 9490
08:21:47 185805 16413
08:22:47 115710 11981
08:23:47 156382 17594
08:24:48 145112 16520
08:25:48 67125 10034
08:26:48 75811 30508
08:27:49 9416 55696
08:28:49 49099 12957
08:29:49 60146 10201
08:30:50 107632 8100
08:31:50 62439 9516
08:32:50 11252 10676
08:33:51 75000 12565
08:34:51 59116 13011
08:35:51 10397 12447
08:36:52 13087 11109
08:37:52 162838 20291
08:38:52 42349 11945
08:39:53 701585 35159
08:40:53 752408 29814
08:41:53 151969 19265
08:42:53 57748 15431
08:43:54 132579 15765
08:44:54 98771 8037
08:45:54 5375 8703
08:46:55 72646 28152
08:47:55 37082 10594
08:48:55 54155 20938
08:49:56 100600 16012
08:50:56 652821 41373
08:51:56 185178 17150
08:52:57 48941 13099
08:53:57 63042 9422
08:54:57 19131 8572
08:55:58 171230 12788
08:56:58 151045 43870
08:57:59 114015 12226
08:58:59 144322 20805
09:00:00 429002 31879
09:01:00 17204 6141
09:02:00 23682 5406
09:03:01 88345 15206
09:04:01 6138 9373
09:05:01 576392 24674
09:06:02 1393844 50883
09:07:02 68902 14714
09:08:02 461018 32179
09:09:03 331017 14237
09:10:03 146730 16071
09:11:03 158085 12635
09:12:04 300606 16855
09:13:04 9586 9582
09:14:04 146342 27363
09:15:04 40667 10661
09:16:05 449423 21476
09:17:08 81494 9523
09:18:05 715378 34386
09:19:06 13244 12973
09:20:07 45894 10116
09:21:07 22496 12920
09:22:07 582571 21287
09:23:08 113299 24685
09:24:08 170243 20712
09:25:08 44825 7933
09:26:09 83163 11266
09:27:09 29500 11059
09:28:10 425524 31095
09:29:10 289147 19811
09:30:11 21626 9208
09:31:11 183764 16252
09:32:11 16450 10138
09:33:12 225698 13456
09:34:12 199014 13619
09:35:12 14433 10132
09:36:13 27651 5393
09:37:13 45364 11162
09:38:13 54359 10324
09:39:14 863741 44919
09:40:14 180499 30874
09:41:14 56640 13314
09:42:14 88602 7244
09:43:15 32556 7277
09:44:15 44574 12146
09:45:18 137751 17041
09:46:16 132200 16657
09:47:16 530031 37230
09:48:17 45945 7593
09:49:17 907611 36107
09:50:17 109661 12691
09:51:18 366930 18375
09:52:18 108767 19236
09:53:18 8391 6900
09:54:18 41185 7094
09:55:19 37179 10748
09:56:19 57270 12268
09:57:20 21900 6004
09:58:20 33068 10458
09:59:21 4671 8846
10:00:22 108532 12184
10:01:22 99918 41540
10:02:22 675454 55235
10:03:23 517198 25343
10:04:23 399166 33917
10:05:23 889442 45168
10:06:22 -1 -1
10:07:27 56756 9326
10:08:24 1086348 37021
10:09:24 53575 16498
10:10:25 47788 20860
10:11:25 318845 24643
10:12:25 20446 4304
10:13:26 249313 17040
10:14:26 3037 4197
10:15:26 23378 10098
10:16:27 28601 17086
10:17:27 138495 15781
10:18:27 649466 28964
10:19:28 14065 76452
10:20:28 380224 21807
10:21:28 40824 12209
10:22:28 101514 27291
10:23:29 63158 109749
10:24:29 891154 255170
10:25:32 983097 202370
10:26:30 494907 491143
