00:01:09 419188 26121
00:01:58 565490 24519
00:02:56 15752 9043
00:04:03 431019 22760
00:04:58 17566 4962
00:05:59 127940 10526
00:07:12 7561 5396
02:00:04 18500 7841
02:01:05 25552 5628
02:02:05 16636 5229
02:03:06 55541 9451
02:04:06 124143 10913
02:05:07 30415 6507
02:06:07 28950 11607
02:07:07 498 1640
02:08:08 39761 8765
02:09:08 3122 10603
02:10:09 2457 5469
02:11:09 949 6777
02:12:10 104678 9786
02:13:10 67121 5030
02:14:10 3580 6945
02:15:11 10816 4068
02:16:11 8020 8904
02:17:12 7963 5808
02:18:12 71593 13491
02:19:13 39140 6865
02:20:13 48722 5711
02:21:13 2411 5294
02:22:14 27618 6736
02:23:14 21472 1649
02:24:15 1182 1784
02:25:15 90635 10811
02:26:16 69088 10006
02:27:16 11052 4779
02:28:16 2822 4596
02:29:17 17137 4602
02:30:17 30299 5063
02:31:18 58453 6258
02:32:18 19454 3619
02:33:19 3320 3750
02:34:19 6229 6539
02:35:19 56673 6479
02:36:20 84076 9754
02:37:20 120855 9186
02:38:24 2551 5834
02:39:21 477 1752
02:40:21 116841 15803
02:41:22 136252 17288
02:42:22 13180 2847
02:43:23 990 1323
02:44:23 46464 4793
02:45:23 4995 5232
02:46:24 6136 7733
02:47:24 1604 3844
02:48:25 1460 2786
02:49:25 10008 2308
02:50:26 540074 15656
02:51:26 642693 24426
02:52:26 9444 5176
02:53:27 63551 6338
02:54:27 106574 12269
02:55:28 882 1976
02:56:28 2328 4365
02:57:29 3930 4870
02:58:29 288125 18963
02:59:30 1883 3241
03:00:30 18083 4132
03:01:30 4029 4339
03:02:31 2991 4779
03:03:31 55134 6093
03:04:32 739 1728
03:05:32 1980 2421
03:06:33 13249 2548
03:07:33 30715 6376
03:08:34 57312 5001
03:09:34 1724 5759
03:10:35 32858 9817
03:11:35 52241 8655
03:12:35 2154 5262
03:13:36 2820 5400
03:14:36 18435 5303
03:15:37 3309 4623
03:16:37 37695 7698
03:17:38 1774 3419
03:18:38 3967 5683
03:19:39 3599 6873
03:20:39 3388 5739
03:21:40 36962 10771
03:22:40 10957 3109
03:23:40 10828 5751
03:24:41 3720 6783
03:25:41 36591 7830
03:26:42 8431 6695
03:27:42 91444 9059
03:28:43 1185 2473
03:29:43 42826 7875
03:30:43 21868 7352
03:31:44 9789 4115
03:32:44 23217 7934
03:33:45 14459 9378
03:34:46 2173 3989
03:35:46 17808 8179
03:36:47 19303 5342
03:37:47 8523 5058
03:38:48 21237 7133
03:39:48 2463 3611
03:40:49 31924 7321
03:41:49 117705 10438
03:42:50 2221 3950
03:43:50 35577 8091
03:44:50 11492 4929
03:45:51 58160 9024
03:46:51 2296 5035
03:47:52 27061 6750
03:48:52 3092 3914
03:49:53 3460 1594
03:50:53 15921 7273
03:51:54 16781 6397
03:52:54 16345 4489
03:53:54 34362 8147
03:54:55 9098 5388
03:55:55 4395 7268
03:56:56 71878 10387
03:57:56 34962 3134
03:58:57 5631 4019
03:59:57 60428 4405
04:01:07 23176 2622
04:01:58 1701 3265
04:02:58 2352 3588
04:03:59 25440 5651
04:04:59 20326 4164
04:06:00 21792 8739
04:07:00 62280 11545
04:08:01 30271 6173
04:09:01 94529 11295
04:10:02 69998 7613
04:11:02 112032 17413
04:12:02 9273 2556
04:13:04 32034 9226
04:14:04 47676 14001
04:15:04 35446 7210
04:16:04 2820 6222
04:17:06 7331 8868
04:18:07 26124 2214
04:19:05 3614 3649
04:20:06 3220 5299
04:21:08 48596 5684
04:22:08 51318 14148
04:23:09 48979 6478
04:24:07 231259 14736
04:25:08 7121 10957
04:26:11 3730 6711
04:27:10 35812 10434
04:28:11 5499 9123
04:29:10 29944 11783
04:30:12 65783 8691
04:31:12 138324 10122
04:32:11 68645 10099
04:33:11 278711 22013
04:34:11 126303 8028
04:35:14 129514 18953
04:36:12 6655 12339
04:37:13 116770 11554
04:38:15 106171 8147
04:39:14 108640 5903
04:40:14 110582 24040
04:41:15 98620 9805
04:42:15 153520 11890
04:43:16 57603 2643
04:44:16 83416 5992
04:45:17 96760 6032
04:46:17 126855 9114
04:47:17 35930 7147
04:48:18 95684 8183
04:49:18 165489 11639
04:50:18 49594 4955
04:51:19 33925 4625
04:52:20 108005 6882
04:53:20 106051 6849
04:54:21 148395 11305
04:55:22 144299 7601
04:56:21 98792 6701
04:57:22 6456 5340
04:58:22 7307 5302
04:59:23 106752 3791
05:00:23 120756 7402
05:01:24 96402 2623
05:02:24 116345 5871
05:03:24 143330 9485
05:04:24 140821 13198
05:05:25 256447 12189
05:06:25 101759 8052
05:07:26 120137 10998
05:08:26 7986 8953
05:09:27 84175 7399
05:10:27 120305 12106
05:11:27 80729 10602
05:12:28 84509 8042
05:13:28 83260 6058
05:14:28 29376 6621
05:15:29 62206 6027
05:16:31 107941 7509
05:17:30 83246 7410
05:18:30 121153 18816
05:19:50 -1 -1
05:20:31 109772 6921
05:21:31 97741 4499
05:22:32 263754 16331
05:23:32 98882 5856
05:24:33 119824 9709
05:25:33 110710 8605
05:26:34 98944 5153
05:27:34 113617 9934
05:28:34 270079 16464
05:29:35 99337 5802
05:30:35 104980 5133
05:31:36 97322 3342
05:32:36 116311 6650
05:33:36 147056 7853
05:34:37 231648 9122
05:35:37 140745 8551
05:36:38 103191 7979
05:37:38 100263 3514
05:38:39 155731 10460
05:39:39 94221 5801
05:40:40 101830 10189
05:41:40 159544 9959
05:42:41 134919 7197
05:43:41 105180 4097
05:44:41 151507 8436
05:45:42 104851 6017
05:46:42 98221 3980
05:47:42 165699 10305
05:48:43 98815 5487
05:49:43 143377 11523
05:50:44 100228 10507
05:51:44 206982 13096
05:52:45 95924 9107
05:53:45 179651 34453
05:54:45 132553 10398
05:55:46 182045 14274
05:56:46 106642 8306
05:57:47 87838 5411
05:58:48 114780 9693
05:59:48 92741 4450
06:00:48 114111 9314
06:01:49 130150 9546
06:02:49 108722 9606
06:03:50 93246 3200
06:04:50 100298 5856
06:05:50 123437 9440
06:06:51 197660 15143
06:07:51 92458 4665
06:08:52 98238 3320
06:09:52 96716 3490
06:10:53 136487 7833
06:11:53 165668 5984
06:12:53 139012 9690
06:13:54 106090 10713
06:14:54 113789 7092
06:15:55 100199 5385
06:16:55 131517 9953
06:17:55 193434 11695
06:18:56 101510 8984
06:19:56 124039 9011
06:21:00 233329 19427
06:21:57 171432 11852
06:22:58 185026 13357
06:23:58 169758 12863
06:24:58 169853 34992
06:25:59 99948 6174
06:26:59 370178 17692
06:28:00 98373 5636
06:29:01 136500 6181
06:30:01 117247 7464
06:31:01 245033 12865
06:32:01 97778 3446
06:33:02 178197 12513
06:34:02 201984 12439
06:35:02 115046 7386
06:36:03 114007 11917
06:37:03 102774 10118
06:38:04 161506 9610
06:39:04 98579 5694
06:40:05 154667 7949
06:41:05 219885 11336
06:42:05 98256 6946
06:43:06 7889 6295
06:44:06 102464 10925
06:45:07 213185 16004
06:46:07 148102 13403
06:47:08 276179 19490
06:48:08 132140 5005
06:49:09 138913 7218
06:50:09 102511 6471
06:51:09 123372 20328
06:52:10 211312 10888
06:53:10 92371 6297
06:54:11 356903 34087
06:55:11 107642 9698
06:56:12 91682 9814
06:57:12 178441 18953
06:58:12 122686 9361
06:59:13 142961 10598
07:00:13 103312 4152
07:01:14 65182 8702
07:02:14 250052 10084
07:03:15 17092 10199
07:04:15 407621 24885
07:05:15 116166 14564
07:06:16 146185 13037
07:07:16 312692 16043
07:08:17 6588 11216
07:09:17 4404 7380
07:10:18 41498 10621
07:11:18 75408 8381
07:12:19 58127 8533
07:13:19 120353 15095
07:14:20 204360 14458
07:15:20 8198 11271
07:16:23 61646 13128
07:17:21 71375 15204
07:18:22 4051 6330
07:19:22 7917 5229
07:20:22 5545 8163
07:21:23 13390 10840
07:22:23 67399 9416
07:23:24 33637 5473
07:24:24 18336 12355
07:25:24 65422 12109
07:26:25 126037 14723
07:27:25 66252 9187
07:28:26 7784 8849
07:29:26 40599 7308
07:30:27 96801 10292
07:31:27 60156 27879
07:32:27 49086 10177
07:33:28 64285 7412
07:34:28 9237 3047
07:35:32 114382 7789
07:36:29 3164 4543
07:37:30 69860 12617
07:38:30 30986 9937
07:39:30 4544 9934
07:40:31 31886 7792
07:41:31 89404 8252
07:42:32 31452 6354
07:43:32 3178 7216
07:44:33 7535 9283
07:45:33 33673 7786
07:46:34 98072 9763
07:47:34 4072 6773
07:48:34 9278 4213
07:49:35 111197 10614
07:50:35 237350 17025
07:51:36 992 1833
07:52:36 20282 7468
07:53:36 650 1629
07:54:37 14687 3013
07:55:37 32570 8418
07:56:38 32683 5682
07:57:38 16070 3186
07:58:38 67466 6007
07:59:39 4097 2274
08:00:39 24249 7090
08:01:40 14947 2818
08:02:40 19338 3530
08:03:40 494 992
08:04:41 3624 5191
08:05:41 39905 8471
08:06:41 100413 7394
08:07:42 83310 11160
08:08:42 55313 15337
08:09:42 20809 7271
08:10:42 44100 6740
08:11:43 45997 5914
08:12:43 2543 4147
08:13:43 67690 7951
08:14:44 29964 7400
08:15:44 5391 8033
08:16:45 71342 8375
08:17:45 12954 7971
08:18:45 1131 2116
08:19:46 1823 4369
08:20:46 1614 3777
08:21:47 19487 8606
08:22:47 244074 21037
08:23:47 46040 9760
08:24:48 461 1979
08:25:48 5543 3445
08:26:48 102662 6375
08:27:49 4240 7452
08:28:49 1004 2060
08:29:52 23195 7235
08:30:50 24230 7015
08:31:50 2914 5468
08:32:50 2139 5718
08:33:51 169663 5994
08:34:51 15396 5506
08:35:51 21543 3618
08:36:52 5001 7340
08:37:52 34429 11445
08:38:52 45068 5074
08:39:53 48173 8929
08:40:53 25197 8442
08:41:53 4328 7190
08:42:53 65089 13730
08:43:54 76258 9446
08:44:54 191475 21189
08:45:55 201519 10573
08:46:55 245996 32215
08:47:55 43308 16141
08:48:55 94628 16665
08:49:56 1273 3322
08:50:56 51167 11529
08:51:56 172309 11712
08:52:57 245504 17191
08:53:57 122009 8839
08:54:57 23482 7333
08:55:58 2174 4031
08:56:58 51164 6124
08:57:59 130872 10180
08:59:00 62148 5912
09:00:00 4158 4031
09:01:00 17935 13668
09:02:01 6932 5760
09:03:01 38158 3366
09:04:01 2197 3344
09:05:01 208595 15031
09:06:02 3647 12714
09:07:02 8192 1666
09:08:02 373309 14670
09:09:03 58391 21538
09:10:03 38886 4714
09:11:03 41071 1984
09:12:10 2642 3813
09:13:04 97085 14995
09:14:04 108835 13804
09:15:05 2492 4093
09:16:05 146088 14041
09:17:04 -1 -1
09:18:06 365517 23725
09:19:07 138051 11284
09:20:07 3677 6941
09:21:07 83410 18815
09:22:07 47383 4431
09:23:08 18281 15576
09:24:08 24941 4663
09:25:08 57341 4141
09:26:09 388525 25466
09:27:10 154163 17548
09:28:10 120474 13246
09:29:11 168137 17376
09:30:11 261706 16155
09:31:11 485918 24851
09:32:11 583392 20619
09:33:12 21924 6465
09:34:12 77131 19262
09:35:12 3187 6289
09:36:14 1184900 46951
09:37:13 38934 4641
09:38:13 175642 10678
09:39:14 51384 5540
09:40:14 671997 35224
09:41:14 40268 9425
09:42:15 283257 15435
09:43:15 64763 9813
09:44:15 64061 8577
09:45:16 211564 15390
09:46:16 62037 6966
09:47:16 381510 15500
09:48:17 211527 17939
09:49:17 325206 21163
09:50:17 265780 12618
09:51:18 2897 4229
09:52:18 1154730 44019
09:53:18 194434 12227
09:54:19 57993 17185
09:55:19 50603 10016
09:56:19 4783 4663
09:57:20 3156 7370
09:58:20 30364 15294
09:59:21 77240 12161
10:00:22 12584 5233
10:01:22 941219 54985
10:02:22 212401 27115
10:03:22 333911 18758
10:04:23 26583 5396
10:05:24 42551 4707
10:06:23 3366 6172
10:07:27 384695 15904
10:08:24 8312 6994
10:09:24 410236 16427
10:10:25 709158 23863
10:11:25 355865 16181
10:12:25 372259 18527
10:13:26 87007 3667
10:14:26 130443 8427
10:15:26 55998 8541
10:16:27 1234 7746
10:17:27 895676 36451
10:18:27 189970 10525
10:19:28 4084 5812
10:20:28 1507685 47285
10:21:28 87589 12122
10:22:29 2231601 98598
10:23:29 207367 15429
10:24:29 12685 9147
10:25:32 65172 48395
10:26:30 128956 8810
