00:00:22 4 0 114
00:00:56 4 0 98
00:01:40 4 0 106
00:01:55 4 0 110
00:02:22 4 0 106
00:02:52 4 0 85
00:03:23 4 0 120
00:03:56 4 0 116
00:04:27 4 0 111
00:04:57 4 0 86
00:05:27 4 0 98
00:05:58 4 0 84
00:06:29 3 1 87
00:07:11 4 0 84
02:00:03 4 0 83
02:00:34 4 0 83
02:01:04 4 0 83
02:01:34 4 0 83
02:02:04 4 0 83
02:02:35 4 0 84
02:03:05 4 0 83
02:03:35 4 0 83
02:04:05 4 0 91
02:04:35 4 0 83
02:05:06 4 0 83
02:05:36 4 0 83
02:06:06 4 0 83
02:06:36 4 0 84
02:07:07 4 0 83
02:07:37 4 0 83
02:08:07 4 0 84
02:08:37 4 0 84
02:09:08 4 0 83
02:09:38 4 0 83
02:10:08 4 0 83
02:10:38 4 0 83
02:11:08 4 0 83
02:11:39 4 0 84
02:12:09 4 0 83
02:12:39 4 0 83
02:13:09 4 0 83
02:13:39 4 0 83
02:14:10 4 0 83
02:14:40 4 0 83
02:15:10 4 0 84
02:15:40 4 0 83
02:16:10 4 0 83
02:16:41 4 0 83
02:17:11 4 0 83
02:17:41 4 0 83
02:18:11 4 0 83
02:18:41 4 0 83
02:19:12 4 0 84
02:19:42 4 0 83
02:20:12 4 0 83
02:20:42 4 0 83
02:21:13 4 0 83
02:21:43 4 0 83
02:22:13 4 0 83
02:22:43 4 0 83
02:23:13 4 0 84
02:23:44 4 0 83
02:24:14 4 0 84
02:24:44 4 0 84
02:25:14 4 0 83
02:25:44 4 0 83
02:26:15 4 0 83
02:26:45 4 0 83
02:27:15 4 0 129
02:27:45 4 0 83
02:28:15 4 0 83
02:28:46 4 0 125
02:29:16 4 0 83
02:29:46 4 0 102
02:30:16 4 0 83
02:30:47 4 0 124
02:31:17 4 0 83
02:31:47 4 0 83
02:32:17 4 0 119
02:32:47 4 0 83
02:33:18 4 0 83
02:33:48 4 0 83
02:34:18 4 0 83
02:34:48 4 0 83
02:35:18 4 0 83
02:35:49 4 0 83
02:36:19 4 0 83
02:36:49 4 0 83
02:37:19 4 0 83
02:37:49 4 0 83
02:38:20 4 0 83
02:38:50 4 0 83
02:39:20 4 0 83
02:39:50 4 0 83
02:40:20 4 0 83
02:40:51 3 1 89
02:41:21 4 0 84
02:41:51 4 0 83
02:42:21 4 0 83
02:42:51 4 0 83
02:43:22 4 0 84
02:43:52 4 0 84
02:44:22 4 0 84
02:44:52 4 0 83
02:45:23 4 0 84
02:45:53 4 0 84
02:46:23 4 0 85
02:46:53 4 0 86
02:47:23 4 0 83
02:47:53 4 0 83
02:48:24 4 0 84
02:48:54 4 0 83
02:49:24 4 0 83
02:49:54 4 0 85
02:50:25 4 0 83
02:50:55 4 0 83
02:51:25 4 0 84
02:51:55 4 0 83
02:52:25 4 0 83
02:52:56 4 0 84
02:53:26 4 0 83
02:53:56 4 0 83
02:54:26 4 0 85
02:54:57 4 0 83
02:55:27 4 0 83
02:55:57 4 0 85
02:56:27 4 0 83
02:56:58 4 0 83
02:57:28 4 0 86
02:57:58 4 0 83
02:58:28 4 0 83
02:58:58 4 0 83
02:59:29 4 0 83
02:59:59 4 0 86
03:00:29 4 0 85
03:00:59 4 0 83
03:01:30 4 0 84
03:02:00 4 0 83
03:02:30 4 0 83
03:03:00 4 0 83
03:03:30 4 0 83
03:04:01 4 0 83
03:04:31 4 0 111
03:05:01 4 0 83
03:05:31 4 0 83
03:06:02 4 0 83
03:06:32 4 0 83
03:07:02 4 0 83
03:07:32 4 0 83
03:08:03 4 0 83
03:08:33 4 0 86
03:09:03 4 0 83
03:09:33 4 0 83
03:10:03 4 0 83
03:10:34 4 0 83
03:11:04 4 0 83
03:11:34 4 0 83
03:12:04 4 0 83
03:12:34 4 0 83
03:13:05 4 0 83
03:13:35 4 0 83
03:14:05 4 0 83
03:14:35 4 0 83
03:15:06 4 0 83
03:15:36 4 0 83
03:16:06 4 0 83
03:16:36 4 0 87
03:17:07 4 0 83
03:17:37 4 0 83
03:18:07 4 0 83
03:18:37 4 0 83
03:19:07 4 0 83
03:19:38 4 0 83
03:20:08 4 0 83
03:20:38 4 0 83
03:21:08 4 0 83
03:21:39 4 0 83
03:22:09 4 0 83
03:22:39 4 0 83
03:23:09 4 0 83
03:23:39 4 0 83
03:24:10 4 0 86
03:24:40 4 0 83
03:25:10 4 0 83
03:25:40 4 0 83
03:26:11 4 0 84
03:26:41 4 0 83
03:27:11 4 0 84
03:27:41 4 0 84
03:28:11 4 0 84
03:28:42 4 0 83
03:29:12 4 0 83
03:29:42 4 0 83
03:30:12 4 0 83
03:30:42 4 0 83
03:31:13 4 0 83
03:31:43 4 0 83
03:32:13 4 0 83
03:32:43 4 0 83
03:33:13 4 0 83
03:33:44 4 0 83
03:34:14 4 0 83
03:34:45 4 0 83
03:35:15 4 0 83
03:35:45 4 0 83
03:36:16 4 0 83
03:36:46 4 0 83
03:37:16 4 0 83
03:37:46 4 0 106
03:38:17 4 0 83
03:38:47 4 0 83
03:39:17 4 0 83
03:39:47 4 0 83
03:40:18 4 0 85
03:40:48 4 0 83
03:41:18 4 0 86
03:41:48 4 0 83
03:42:18 4 0 83
03:42:49 4 0 83
03:43:19 4 0 83
03:43:49 4 0 85
03:44:19 4 0 83
03:44:49 4 0 83
03:45:20 4 0 83
03:45:50 4 0 83
03:46:20 4 0 83
03:46:50 4 0 83
03:47:20 4 0 83
03:47:51 4 0 83
03:48:24 1 3 87
03:48:51 4 0 83
03:49:21 4 0 83
03:49:53 3 1 86
03:50:22 4 0 83
03:50:52 4 0 98
03:51:22 4 0 83
03:51:52 4 0 83
03:52:23 4 0 83
03:52:53 4 0 83
03:53:23 4 0 83
03:53:53 4 0 83
03:54:23 4 0 83
03:54:54 4 0 83
03:55:24 4 0 83
03:55:54 4 0 83
03:56:25 4 0 84
03:56:55 4 0 83
03:57:25 4 0 83
03:57:55 4 0 83
03:58:25 4 0 83
03:58:56 4 0 83
03:59:26 4 0 83
03:59:56 4 0 83
04:00:26 4 0 83
04:00:57 4 0 83
04:01:27 4 0 84
04:01:57 4 0 95
04:02:27 4 0 83
04:02:58 4 0 83
04:03:28 4 0 83
04:03:58 4 0 83
04:04:28 4 0 83
04:04:58 4 0 83
04:05:29 4 0 83
04:05:59 4 0 83
04:06:29 4 0 83
04:06:59 4 0 83
04:07:29 4 0 83
04:08:00 4 0 83
04:08:30 4 0 111
04:09:00 4 0 93
04:09:30 4 0 83
04:10:01 4 0 87
04:10:31 4 0 100
04:11:01 4 0 85
04:11:31 4 0 84
04:12:01 4 0 83
04:12:33 3 1 92
04:13:02 4 0 83
04:13:32 4 0 84
04:14:02 4 0 83
04:14:32 4 0 84
04:15:03 4 0 83
04:15:33 4 0 83
04:16:05 2 2 88
04:16:33 4 0 83
04:17:03 4 0 84
04:17:34 4 0 83
04:18:04 4 0 83
04:18:34 4 0 83
04:19:04 4 0 83
04:19:35 4 0 83
04:20:05 4 0 83
04:20:35 4 0 83
04:21:05 4 0 83
04:21:35 4 0 83
04:22:06 4 0 83
04:22:36 4 0 85
04:23:06 4 0 83
04:23:36 4 0 83
04:24:06 4 0 83
04:24:37 4 0 83
04:25:07 4 0 83
04:25:37 4 0 85
04:26:07 4 0 83
04:26:37 4 0 83
04:27:08 4 0 84
04:27:38 4 0 83
04:28:08 4 0 84
04:28:38 4 0 84
04:29:08 4 0 83
04:29:39 4 0 83
04:30:09 4 0 83
04:30:39 4 0 83
04:31:09 4 0 87
04:31:39 4 0 83
04:32:10 4 0 83
04:32:40 4 0 87
04:33:10 4 0 83
04:33:40 4 0 83
04:34:10 4 0 83
04:34:41 4 0 84
04:35:11 4 0 88
04:35:41 4 0 84
04:36:11 4 0 83
04:36:42 4 0 83
04:37:12 4 0 84
04:37:42 4 0 83
04:38:12 4 0 86
04:38:43 4 0 83
04:39:13 4 0 83
04:39:43 4 0 83
04:40:13 4 0 83
04:40:43 4 0 83
04:41:14 4 0 83
04:41:44 4 0 83
04:42:14 4 0 83
04:42:44 4 0 83
04:43:15 4 0 83
04:43:45 4 0 83
04:44:15 4 0 83
04:44:45 4 0 83
04:45:15 4 0 83
04:45:46 4 0 83
04:46:16 4 0 83
04:46:46 4 0 83
04:47:16 4 0 83
04:47:46 4 0 83
04:48:17 4 0 83
04:48:47 4 0 83
04:49:17 4 0 83
04:49:47 4 0 83
04:50:17 4 0 83
04:50:48 4 0 84
04:51:18 4 0 120
04:51:48 4 0 83
04:52:18 4 0 83
04:52:48 4 0 83
04:53:19 4 0 83
04:53:49 4 0 85
04:54:19 4 0 83
04:54:49 4 0 83
04:55:19 4 0 83
04:55:50 4 0 85
04:56:20 4 0 84
04:56:50 4 0 83
04:57:20 4 0 83
04:57:51 4 0 83
04:58:21 4 0 83
04:58:51 4 0 83
04:59:21 4 0 84
04:59:51 4 0 83
05:00:22 4 0 83
05:00:52 4 0 83
05:01:22 4 0 85
05:01:52 4 0 83
05:02:22 4 0 84
05:02:53 4 0 83
05:03:23 4 0 84
05:03:53 4 0 85
05:04:23 4 0 86
05:04:53 4 0 83
05:05:24 4 0 83
05:05:54 4 0 83
05:06:24 4 0 83
05:06:54 4 0 83
05:07:24 4 0 83
05:07:55 4 0 84
05:08:25 4 0 83
05:08:55 4 0 83
05:09:25 4 0 83
05:09:56 4 0 83
05:10:26 4 0 83
05:10:56 4 0 83
05:11:26 4 0 87
05:11:56 4 0 83
05:12:27 4 0 106
05:12:57 4 0 83
05:13:27 4 0 84
05:13:57 4 0 83
05:14:28 4 0 83
05:14:58 4 0 84
05:15:28 4 0 83
05:15:58 4 0 83
05:16:28 4 0 83
05:16:59 4 0 83
05:17:29 4 0 83
05:17:59 4 0 83
05:18:29 4 0 86
05:18:59 4 0 83
05:19:30 4 0 87
05:20:00 4 0 83
05:20:30 4 0 83
05:21:00 4 0 83
05:21:31 4 0 83
05:22:01 4 0 83
05:22:31 4 0 83
05:23:02 3 1 84
05:23:31 4 0 83
05:24:02 4 0 83
05:24:32 4 0 85
05:25:02 4 0 83
05:25:32 4 0 85
05:26:02 4 0 83
05:26:33 4 0 83
05:27:03 4 0 85
05:27:33 4 0 83
05:28:03 4 0 83
05:28:33 4 0 83
05:29:04 4 0 83
05:29:34 4 0 83
05:30:04 4 0 83
05:30:34 4 0 83
05:31:05 4 0 83
05:31:35 4 0 87
05:32:05 4 0 83
05:32:35 4 0 83
05:33:05 4 0 83
05:33:36 4 0 83
05:34:06 4 0 83
05:34:36 4 0 83
05:35:06 4 0 83
05:35:36 4 0 83
05:36:07 4 0 83
05:36:37 4 0 83
05:37:07 4 0 83
05:37:37 4 0 83
05:38:08 4 0 84
05:38:38 4 0 83
05:39:08 4 0 83
05:39:38 4 0 83
05:40:08 4 0 83
05:40:39 4 0 86
05:41:09 4 0 83
05:41:39 4 0 83
05:42:09 4 0 83
05:42:39 4 0 83
05:43:10 4 0 83
05:43:40 4 0 83
05:44:10 4 0 83
05:44:40 4 0 83
05:45:11 4 0 87
05:45:41 4 0 84
05:46:11 4 0 83
05:46:41 4 0 83
05:47:11 4 0 83
05:47:42 4 0 83
05:48:12 4 0 83
05:48:42 4 0 83
05:49:12 4 0 83
05:49:42 4 0 83
05:50:13 4 0 84
05:50:43 4 0 85
05:51:13 4 0 83
05:51:43 4 0 83
05:52:13 4 0 83
05:52:44 4 0 83
05:53:14 4 0 86
05:53:44 4 0 83
05:54:14 4 0 83
05:54:45 4 0 83
05:55:15 4 0 83
05:55:45 4 0 83
05:56:15 4 0 83
05:56:45 4 0 84
05:57:16 4 0 83
05:57:46 4 0 84
05:58:16 4 0 83
05:58:46 4 0 87
05:59:17 4 0 83
05:59:47 4 0 83
06:00:17 4 0 83
06:00:47 4 0 83
06:01:18 4 0 83
06:01:48 4 0 83
06:02:18 4 0 83
06:02:48 4 0 83
06:03:18 4 0 83
06:03:49 4 0 83
06:04:19 4 0 83
06:04:49 4 0 83
06:05:19 4 0 86
06:05:49 4 0 83
06:06:20 4 0 83
06:06:50 4 0 83
06:07:20 4 0 83
06:07:50 4 0 83
06:08:20 4 0 83
06:08:51 4 0 83
06:09:21 4 0 83
06:09:51 4 0 83
06:10:21 4 0 84
06:10:52 4 0 83
06:11:22 4 0 83
06:11:52 4 0 83
06:12:22 4 0 83
06:12:52 4 0 83
06:13:23 4 0 83
06:13:53 4 0 83
06:14:23 4 0 83
06:14:53 4 0 84
06:15:23 4 0 84
06:15:54 4 0 83
06:16:24 4 0 83
06:16:54 4 0 83
06:17:24 4 0 83
06:17:54 4 0 85
06:18:25 4 0 83
06:18:55 4 0 83
06:19:25 4 0 83
06:19:55 4 0 83
06:20:25 4 0 83
06:20:56 4 0 84
06:21:26 4 0 83
06:21:56 4 0 83
06:22:26 4 0 84
06:22:57 4 0 96
06:23:27 4 0 84
06:23:57 4 0 83
06:24:27 4 0 83
06:24:57 4 0 84
06:25:28 4 0 84
06:25:58 4 0 83
06:26:28 4 0 83
06:26:58 4 0 83
06:27:28 4 0 83
06:27:59 4 0 85
06:28:29 4 0 83
06:28:59 4 0 83
06:29:29 4 0 83
06:29:59 4 0 86
06:30:30 4 0 83
06:31:00 4 0 83
06:31:30 4 0 83
06:32:00 4 0 83
06:32:30 4 0 83
06:33:01 4 0 83
06:33:31 4 0 83
06:34:01 4 0 83
06:34:31 4 0 83
06:35:02 4 0 84
06:35:32 4 0 83
06:36:02 4 0 83
06:36:32 4 0 83
06:37:02 4 0 84
06:37:33 4 0 83
06:38:03 4 0 84
06:38:33 4 0 85
06:39:03 4 0 83
06:39:34 4 0 83
06:40:04 4 0 83
06:40:34 4 0 83
06:41:04 4 0 84
06:41:34 4 0 83
06:42:05 4 0 83
06:42:35 4 0 83
06:43:05 4 0 85
06:43:35 4 0 83
06:44:05 4 0 83
06:44:36 4 0 83
06:45:06 4 0 84
06:45:36 4 0 83
06:46:06 4 0 83
06:46:36 4 0 83
06:47:07 4 0 83
06:47:37 4 0 83
06:48:07 4 0 83
06:48:37 4 0 83
06:49:08 4 0 84
06:49:38 4 0 83
06:50:08 4 0 83
06:50:38 4 0 83
06:51:08 4 0 83
06:51:39 4 0 83
06:52:09 4 0 85
06:52:39 4 0 102
06:53:09 4 0 83
06:53:39 4 0 83
06:54:10 4 0 86
06:54:40 4 0 83
06:55:10 4 0 83
06:55:40 4 0 83
06:56:11 4 0 83
06:56:41 4 0 83
06:57:11 4 0 83
06:57:41 4 0 83
06:58:11 4 0 83
06:58:42 4 0 85
06:59:12 4 0 85
06:59:42 4 0 83
07:00:12 4 0 83
07:00:42 4 0 83
07:01:13 4 0 83
07:01:43 4 0 83
07:02:13 4 0 83
07:02:43 4 0 83
07:03:14 4 0 84
07:03:44 4 0 83
07:04:14 4 0 83
07:04:44 4 0 83
07:05:15 4 0 83
07:05:45 4 0 83
07:06:15 4 0 84
07:06:45 4 0 83
07:07:15 4 0 83
07:07:46 4 0 83
07:08:17 3 1 83
07:08:46 4 0 84
07:09:16 4 0 87
07:09:46 4 0 83
07:10:17 4 0 84
07:10:47 4 0 84
07:11:17 4 0 83
07:11:48 4 0 83
07:12:18 4 0 83
07:12:48 4 0 83
07:13:18 4 0 83
07:13:49 4 0 83
07:14:19 4 0 83
07:14:49 4 0 83
07:15:19 4 0 85
07:15:49 4 0 83
07:16:20 4 0 83
07:16:50 4 0 83
07:17:20 4 0 83
07:17:50 4 0 83
07:18:21 4 0 83
07:18:51 4 0 83
07:19:21 4 0 83
07:19:51 4 0 83
07:20:21 4 0 83
07:20:52 4 0 83
07:21:22 4 0 83
07:21:52 4 0 83
07:22:22 4 0 83
07:22:52 4 0 83
07:23:23 4 0 83
07:23:53 4 0 83
07:24:23 4 0 83
07:24:53 4 0 84
07:25:23 4 0 83
07:25:54 4 0 83
07:26:24 4 0 83
07:26:54 4 0 83
07:27:24 4 0 83
07:27:55 4 0 83
07:28:25 4 0 83
07:28:55 4 0 83
07:29:25 4 0 83
07:29:55 4 0 83
07:30:26 4 0 83
07:30:56 4 0 83
07:31:26 4 0 86
07:31:56 4 0 83
07:32:26 4 0 84
07:32:57 4 0 83
07:33:27 4 0 85
07:33:57 4 0 84
07:34:27 4 0 83
07:34:57 4 0 83
07:35:28 4 0 84
07:35:58 4 0 83
07:36:28 4 0 83
07:36:58 4 0 83
07:37:29 4 0 84
07:37:59 4 0 83
07:38:29 4 0 84
07:38:59 4 0 83
07:39:30 4 0 84
07:40:00 4 0 83
07:40:30 4 0 83
07:41:00 4 0 84
07:41:30 4 0 83
07:42:01 4 0 114
07:42:31 4 0 83
07:43:01 4 0 83
07:43:31 4 0 83
07:44:01 4 0 83
07:44:32 4 0 85
07:45:02 4 0 83
07:45:32 4 0 84
07:46:02 4 0 83
07:46:33 4 0 85
07:47:03 4 0 84
07:47:33 4 0 83
07:48:03 4 0 83
07:48:33 4 0 84
07:49:04 4 0 83
07:49:34 4 0 83
07:50:04 4 0 84
07:50:34 4 0 83
07:51:04 4 0 83
07:51:35 4 0 83
07:52:05 4 0 83
07:52:35 4 0 83
07:53:05 4 0 83
07:53:35 4 0 86
07:54:06 4 0 83
07:54:36 4 0 83
07:55:06 4 0 83
07:55:36 4 0 83
07:56:07 4 0 89
07:56:37 4 0 85
07:57:07 4 0 83
07:57:39 4 0 83
07:58:10 4 0 83
07:58:40 4 0 83
07:59:11 4 0 87
07:59:41 4 0 84
08:00:11 4 0 83
08:00:42 4 0 84
08:01:12 4 0 83
08:01:42 4 0 83
08:02:12 4 0 83
08:02:42 4 0 83
08:03:12 4 0 83
08:03:42 4 0 85
08:04:12 4 0 83
08:04:43 4 0 86
08:05:13 4 0 84
08:05:43 4 0 83
08:06:13 4 0 83
08:06:43 4 0 83
08:07:13 4 0 83
08:07:44 4 0 83
08:08:14 4 0 83
08:08:44 4 0 83
08:09:14 4 0 83
08:09:45 3 1 86
08:10:14 4 0 83
08:10:45 4 0 83
08:11:15 4 0 83
08:11:45 4 0 83
08:12:15 4 0 83
08:12:45 4 0 83
08:13:15 4 0 83
08:13:46 4 0 83
08:14:16 4 0 83
08:14:46 4 0 83
08:15:16 4 0 83
08:15:46 4 0 84
08:16:16 4 0 83
08:16:47 4 0 83
08:17:17 4 0 83
08:17:47 4 0 84
08:18:17 4 0 83
08:18:48 4 0 83
08:19:18 4 0 83
08:19:48 4 0 83
08:20:18 4 0 83
08:20:48 4 0 83
08:21:19 4 0 83
08:21:49 4 0 83
08:22:19 4 0 83
08:22:49 4 0 83
08:23:19 4 0 83
08:23:49 4 0 83
08:24:19 4 0 83
08:24:50 4 0 91
08:25:21 3 1 91
08:25:50 4 0 84
08:26:20 4 0 83
08:26:51 4 0 83
08:27:21 4 0 83
08:27:51 4 0 83
08:28:21 4 0 83
08:28:51 4 0 83
08:29:21 4 0 83
08:29:52 4 0 83
08:30:22 4 0 83
08:30:52 4 0 83
08:31:22 4 0 83
08:31:52 4 0 83
08:32:22 4 0 83
08:32:52 4 0 86
08:33:22 4 0 83
08:33:53 4 0 83
08:34:23 4 0 86
08:34:53 4 0 83
08:35:23 4 0 84
08:35:53 4 0 83
08:36:24 4 0 87
08:36:54 4 0 83
08:37:24 4 0 84
08:37:54 4 0 83
08:38:24 4 0 83
08:38:55 4 0 85
08:39:25 4 0 83
08:39:55 4 0 83
08:40:25 4 0 109
08:40:55 4 0 83
08:41:25 4 0 83
08:41:55 4 0 85
08:42:25 4 0 83
08:42:56 4 0 83
08:43:26 4 0 83
08:43:56 4 0 84
08:44:26 4 0 83
08:44:56 4 0 83
08:45:26 4 0 83
08:45:57 4 0 83
08:46:27 4 0 83
08:46:57 4 0 83
08:47:27 4 0 83
08:47:58 3 1 83
08:48:27 4 0 83
08:48:58 4 0 83
08:49:28 4 0 83
08:49:58 4 0 85
08:50:28 4 0 85
08:50:58 4 0 83
08:51:28 4 0 83
08:51:59 4 0 84
08:52:29 4 0 83
08:52:59 4 0 83
08:53:29 4 0 85
08:53:59 4 0 83
08:54:29 4 0 86
08:55:00 4 0 83
08:55:30 4 0 83
08:56:00 4 0 83
08:56:32 2 2 87
08:57:00 4 0 85
08:57:30 4 0 84
08:58:01 4 0 83
08:58:31 4 0 83
08:59:02 4 0 83
08:59:32 4 0 83
09:00:02 4 0 83
09:00:33 3 1 86
09:01:02 4 0 83
09:01:32 4 0 83
09:02:03 4 0 84
09:02:33 4 0 83
09:03:03 4 0 84
09:03:33 4 0 83
09:04:03 4 0 83
09:04:33 4 0 83
09:05:04 4 0 84
09:05:34 4 0 83
09:06:04 4 0 83
09:06:34 4 0 83
09:07:04 4 0 83
09:07:34 4 0 83
09:08:05 4 0 83
09:08:35 4 0 83
09:09:05 4 0 83
09:09:35 4 0 84
09:10:05 4 0 83
09:10:36 3 1 87
09:11:05 4 0 83
09:11:36 4 0 83
09:12:06 4 0 86
09:12:36 4 0 84
09:13:06 4 0 84
09:13:36 4 0 83
09:14:06 4 0 84
09:14:36 4 0 83
09:15:07 4 0 83
09:15:37 4 0 83
09:16:07 4 0 83
09:16:38 3 1 86
09:17:07 4 0 83
09:17:38 4 0 84
09:18:08 4 0 83
09:18:38 4 0 83
09:19:09 4 0 83
09:19:40 2 2 87
09:20:09 4 0 83
09:20:39 4 0 83
09:21:09 4 0 84
09:21:39 4 0 83
09:22:10 4 0 83
09:22:40 4 0 83
09:23:10 4 0 84
09:23:40 4 0 84
09:24:10 4 0 85
09:24:40 4 0 86
09:25:11 4 0 84
09:25:41 4 0 83
09:26:11 4 0 83
09:26:41 4 0 83
09:27:12 4 0 84
09:27:42 4 0 83
09:28:12 4 0 83
09:28:42 4 0 83
09:29:13 4 0 83
09:29:43 4 0 84
09:30:13 4 0 83
09:30:43 4 0 83
09:31:13 4 0 83
09:31:43 4 0 85
09:32:13 4 0 83
09:32:44 4 0 86
09:33:14 4 0 83
09:33:44 4 0 83
09:34:14 4 0 83
09:34:44 4 0 83
09:35:14 4 0 83
09:35:45 4 0 83
09:36:17 2 2 118
09:36:45 4 0 108
09:37:15 4 0 83
09:37:45 4 0 83
09:38:16 4 0 83
09:38:46 4 0 85
09:39:16 4 0 83
09:39:46 4 0 87
09:40:16 4 0 83
09:40:46 4 0 83
09:41:16 4 0 83
09:41:46 4 0 84
09:42:17 4 0 83
09:42:47 4 0 83
09:43:17 4 0 88
09:43:47 4 0 83
09:44:17 4 0 84
09:44:47 4 0 83
09:45:18 4 0 83
09:45:48 4 0 83
09:46:18 4 0 83
09:46:48 4 0 85
09:47:18 4 0 83
09:47:49 4 0 84
09:48:19 4 0 83
09:48:49 4 0 83
09:49:19 4 0 83
09:49:49 4 0 83
09:50:19 4 0 83
09:50:50 4 0 83
09:51:20 4 0 112
09:51:50 4 0 83
09:52:20 4 0 84
09:52:50 4 0 83
09:53:20 4 0 83
09:53:50 4 0 83
09:54:21 4 0 83
09:54:51 4 0 83
09:55:21 4 0 83
09:55:51 4 0 83
09:56:22 4 0 83
09:56:52 4 0 83
09:57:22 4 0 84
09:57:52 4 0 83
09:58:23 4 0 83
09:58:53 4 0 83
09:59:23 4 0 83
09:59:53 4 0 86
10:00:24 4 0 83
10:00:54 4 0 83
10:01:24 4 0 117
10:01:54 4 0 83
10:02:24 4 0 85
10:02:54 4 0 83
10:03:25 4 0 83
10:03:55 4 0 83
10:04:25 4 0 83
10:04:55 4 0 83
10:05:25 4 0 83
10:05:55 4 0 85
10:06:27 3 1 116
10:06:57 3 1 113
10:07:26 4 0 83
10:07:56 4 0 83
10:08:26 4 0 83
10:08:56 4 0 87
10:09:27 3 1 86
10:09:57 4 0 83
10:10:27 4 0 84
10:10:57 4 0 83
10:11:27 4 0 83
10:11:57 4 0 125
10:12:28 4 0 84
10:12:58 4 0 84
10:13:28 4 0 85
10:13:58 4 0 84
10:14:28 4 0 83
10:14:58 4 0 83
10:15:29 4 0 83
10:15:59 4 0 83
10:16:29 4 0 83
10:16:59 4 0 83
10:17:29 4 0 83
10:17:59 4 0 83
10:18:30 4 0 83
10:19:00 4 0 85
10:19:30 4 0 83
10:20:01 4 0 85
10:20:31 4 0 84
10:21:01 4 0 83
10:21:31 4 0 83
10:22:01 4 0 83
10:22:32 4 0 83
10:23:02 4 0 84
10:23:32 4 0 85
10:24:02 4 0 83
10:24:32 4 0 83
10:25:02 4 0 84
10:25:33 4 0 83
10:26:03 4 0 83
10:26:33 4 0 83
