00:01:09 412664 87861
00:01:58 287562 15459
00:02:56 425147 25794
00:04:03 225225 12184
00:04:58 176834 9100
00:05:59 160129 18070
00:07:12 540310 35257
02:00:05 71078 7405
02:01:05 31142 20991
02:02:05 9052 2485
02:03:06 13029 4012
02:04:06 18771 7216
02:05:07 6496 4309
02:06:07 6491 11937
02:07:09 129415 10716
02:08:08 124134 11994
02:09:08 60594 11552
02:10:09 12437 3158
02:11:09 404101 58625
02:12:10 193636 7780
02:13:10 424985 85234
02:14:11 135387 7912
02:15:11 157613 8040
02:16:11 128404 7277
02:17:12 110101 5603
02:18:12 167016 10840
02:19:13 111159 4651
02:20:13 229747 11321
02:21:14 101098 15948
02:22:14 179504 11469
02:23:14 295021 18074
02:24:15 124385 5726
02:25:15 94504 5380
02:26:16 182419 8543
02:27:16 159417 15252
02:28:16 107487 7847
02:29:17 214096 33399
02:30:17 424068 36059
02:31:18 101553 8258
02:32:18 110022 8982
02:33:18 6786 3045
02:34:19 11901 2361
02:35:19 51243 5457
02:36:20 25414 4498
02:37:20 343306 55147
02:38:21 74537 10073
02:39:21 183753 18666
02:40:21 20955 8752
02:41:22 34951 7109
02:42:22 67964 8415
02:43:23 26804 3887
02:44:23 36900 5348
02:45:24 227474 16085
02:46:24 56788 7349
02:47:26 95533 10149
02:48:25 54221 3653
02:49:25 187506 14291
02:50:25 182016 10332
02:51:26 211227 12879
02:52:26 304026 20356
02:53:27 236190 32401
02:54:27 100140 11321
02:55:28 175783 8503
02:56:28 266887 12344
02:57:32 208925 9735
02:58:29 194287 12739
02:59:30 5308 1459
03:00:30 65411 3045
03:01:31 158433 8032
03:02:31 35752 7703
03:03:31 20827 3072
03:04:32 36291 3695
03:05:32 410729 23465
03:06:33 68404 5954
03:07:33 227017 18147
03:08:34 174993 16048
03:09:34 16008 4127
03:10:35 85798 6648
03:11:35 70009 5788
03:12:36 203502 14336
03:13:36 71962 8037
03:14:37 30532 5097
03:15:37 124005 16954
03:16:41 61174 8893
03:17:38 7483 4357
03:18:38 139320 8044
03:19:39 152431 8172
03:20:39 46238 6065
03:21:40 255507 25413
03:22:40 79545 10190
03:23:40 168600 14493
03:24:41 311435 20604
03:25:41 29331 6597
03:26:42 152379 13104
03:27:43 11843 6070
03:28:43 43586 12969
03:29:43 7326 13716
03:30:43 256938 19417
03:31:46 13075 5763
03:32:46 38904 13451
03:33:45 44678 5752
03:34:46 133235 11188
03:35:50 52610 8875
03:36:47 154193 13037
03:37:48 71957 5318
03:38:48 129554 7907
03:39:48 74474 3757
03:40:49 123802 32480
03:41:49 103169 7988
03:42:49 107644 7709
03:43:50 116712 8303
03:44:50 96650 6483
03:45:51 118611 10949
03:46:51 235598 16227
03:47:52 70100 8370
03:48:52 40870 6220
03:49:56 127122 40717
03:50:53 77566 13182
03:51:53 165703 12530
03:52:54 198483 8907
03:53:54 212108 11550
03:54:55 215824 11337
03:55:55 204841 11977
03:56:56 220095 11028
03:57:56 199542 8689
03:58:57 278976 16321
03:59:57 170333 7104
04:00:58 50834 25299
04:01:58 160551 7152
04:02:58 138712 7133
04:03:59 137691 10618
04:05:00 145333 7104
04:06:00 125687 6780
04:07:01 109784 25119
04:08:01 97012 7420
04:09:01 123724 7305
04:10:04 142155 9242
04:11:02 111909 29100
04:12:02 161993 6674
04:13:03 331035 30691
04:14:03 206521 8439
04:15:09 90891 5484
04:16:07 185862 34334
04:17:05 73528 9344
04:18:07 71089 4081
04:19:05 127912 9330
04:20:07 82893 9888
04:21:06 102643 15673
04:22:07 92082 11830
04:23:07 79874 7426
04:24:07 81069 7685
04:25:09 302725 16705
04:26:08 221437 41209
04:27:09 121172 5339
04:28:09 143217 32891
04:29:09 117719 8900
04:30:10 107872 4119
04:31:10 137272 8047
04:32:11 221140 39090
04:33:11 184155 13169
04:34:11 176753 10883
04:35:12 127560 72261
04:36:12 161429 9228
04:37:13 158165 6785
04:38:13 327681 106266
04:39:14 115124 9012
04:40:15 240488 22563
04:41:16 144317 8648
04:42:15 156573 12725
04:43:16 273913 14171
04:44:16 75702 6562
04:45:21 91677 7233
04:46:17 114866 7423
04:47:17 245657 10104
04:48:17 65721 4029
04:49:18 187566 23788
04:50:21 291807 107158
04:51:19 131465 15781
04:52:19 241092 14940
04:53:20 231873 11407
04:54:20 362764 23356
04:55:22 256044 10075
04:56:21 232714 13902
04:57:21 78701 7695
04:58:22 14311 3344
04:59:22 48793 8525
05:00:24 85221 6736
05:01:26 137387 7079
05:02:23 97993 3731
05:03:24 87808 5568
05:04:24 127238 15474
05:05:26 98980 3450
05:06:25 249646 13729
05:07:25 112605 4758
05:08:26 149295 9628
05:09:32 194697 10327
05:10:37 165642 9398
05:11:27 92384 3706
05:12:28 159285 7367
05:13:29 100874 65900
05:14:29 161397 9272
05:15:32 128997 7464
05:16:29 84369 5804
05:17:30 264763 16465
05:18:30 569270 21922
05:19:31 79256 7324
05:20:34 110476 8085
05:21:31 109895 28746
05:22:32 96032 3331
05:23:32 105123 4629
05:24:34 200156 12366
05:25:37 81586 5531
05:26:34 226074 10596
05:27:34 111068 15326
05:28:34 159353 6443
05:29:35 66757 6513
05:30:37 17691 2583
05:31:40 361099 20348
05:32:36 159819 9984
05:33:37 150988 56816
05:34:37 139984 4866
05:35:37 238294 105292
05:36:41 123251 6648
05:37:38 223085 13502
05:38:39 127112 4309
05:39:39 205616 13398
05:40:40 209596 14134
05:41:44 205613 14468
05:42:41 117561 7323
05:43:41 108380 4593
05:44:41 97631 4030
05:45:42 209669 16105
05:46:45 194559 9985
05:47:43 116100 6322
05:48:43 142387 6463
05:49:43 147544 8727
05:50:44 288483 11629
05:51:44 227231 8840
05:52:45 223410 9924
05:53:45 380377 18875
05:54:45 218486 5950
05:55:46 220098 6705
05:56:47 256874 27402
05:57:47 249012 9563
05:58:47 207412 7103
05:59:48 341268 11543
06:00:49 243587 8210
06:01:51 323033 10693
06:02:49 262933 6333
06:03:50 214163 5217
06:04:50 270086 14984
06:05:51 161648 6854
06:06:51 142753 5708
06:07:53 162884 10903
06:08:52 487149 26531
06:09:52 514463 272760
06:10:55 267343 32241
06:11:55 408035 19504
06:12:53 220999 32790
06:13:58 135879 5167
06:14:54 171578 36446
06:15:55 125312 29981
06:16:56 142312 35152
06:17:55 31982 32450
06:18:56 240799 33393
06:19:56 382789 14190
06:20:57 179762 32010
06:21:57 361989 39230
06:22:57 231998 53309
06:23:58 357665 19440
06:24:58 300592 14779
06:25:59 511326 56795
06:26:59 292296 13807
06:28:04 265553 9466
06:29:03 412857 18688
06:30:01 363722 17102
06:31:01 261167 20613
06:32:01 262432 29096
06:33:02 299115 29121
06:34:02 193485 37341
06:35:03 406653 29403
06:36:03 222434 30384
06:37:03 189264 12955
06:38:04 200039 13602
06:39:04 314943 17287
06:40:05 515198 32985
06:41:05 555257 41563
06:42:06 209394 11252
06:43:08 468747 15440
06:44:06 135253 7478
06:45:09 295619 11582
06:46:07 364375 31018
06:47:08 280809 14847
06:48:08 391109 17172
06:49:08 199835 9252
06:50:11 256844 14936
06:51:09 158776 6730
06:52:10 496038 24167
06:53:13 186082 8274
06:54:11 197656 9376
06:55:14 168764 9287
06:56:15 214369 11584
06:57:12 125056 5719
06:58:14 199598 10884
06:59:13 658168 36100
07:00:13 212605 13013
07:01:14 288447 9803
07:02:15 145488 9525
07:03:15 176685 8054
07:04:15 244311 7685
07:05:16 423954 16029
07:06:16 772750 20105
07:07:16 336926 13440
07:08:17 148367 9565
07:09:17 263532 6837
07:10:18 288354 12174
07:11:19 216326 8626
07:12:19 346076 18548
07:13:21 252522 16947
07:14:20 332274 22608
07:15:20 146577 26943
07:16:21 170223 8308
07:17:21 179756 9297
07:18:21 177841 15800
07:19:22 170128 10519
07:20:22 148523 9168
07:21:23 319639 13371
07:22:23 158215 8171
07:23:24 187848 7200
07:24:24 168323 6827
07:25:27 123807 5956
07:26:25 300442 15940
07:27:25 339515 12451
07:28:26 231205 9668
07:29:26 170879 7830
07:30:30 244773 14063
07:31:44 229690 11713
07:32:30 129775 13608
07:33:28 292580 12253
07:34:28 165794 9466
07:35:29 1116525 34940
07:36:29 104736 3631
07:37:32 257578 12358
07:38:30 122249 6793
07:39:31 146864 9897
07:40:31 200762 9005
07:41:31 207268 7881
07:42:33 299800 9208
07:43:33 234042 7524
07:44:33 223861 8350
07:45:33 233496 6991
07:46:34 226973 8106
07:47:34 296483 8964
07:48:34 267133 10866
07:49:35 320584 10790
07:50:35 301196 12416
07:51:36 294797 33874
07:52:36 220258 7492
07:53:36 188360 5933
07:54:37 196016 7854
07:55:37 249052 8703
07:56:38 347426 16732
07:57:38 238584 8419
07:58:38 225171 9890
07:59:39 301587 12988
08:00:39 376712 13537
08:01:40 386356 16161
08:02:40 235514 12701
08:03:40 224645 10122
08:04:41 373869 20412
08:05:41 372268 25746
08:06:44 557751 21101
08:07:41 263021 10814
08:08:42 292474 14229
08:09:47 578980 18026
08:10:42 499195 25769
08:11:45 226662 8369
08:12:43 263188 14107
08:13:43 261265 8380
08:14:44 375617 13727
08:15:44 370323 17132
08:16:44 377296 10783
08:17:46 251359 10692
08:18:45 213125 9599
08:19:46 272736 29214
08:20:46 344062 16614
08:21:47 474625 18281
08:22:47 356616 11129
08:23:47 260845 9864
08:24:48 421384 19986
08:25:48 540525 19625
08:26:48 240633 10182
08:27:49 424558 19281
08:28:49 334803 25188
08:29:49 339592 15784
08:30:50 393458 23997
08:31:50 239836 13517
08:32:53 248243 12951
08:33:51 637672 26192
08:34:51 465254 19981
08:35:51 476597 38392
08:36:52 265923 11627
08:37:52 713740 23398
08:38:52 121324 7053
08:39:53 166089 9672
08:40:53 292580 13910
08:41:53 193472 12815
08:42:54 635571 62429
08:43:54 139291 12049
08:44:54 611579 27011
08:45:55 919321 50749
08:46:55 280820 26345
08:47:55 698136 29153
08:48:55 558971 17264
08:49:56 714568 46349
08:50:56 416756 44496
08:51:59 911119 37456
08:52:57 659216 24917
08:53:57 885570 26178
08:54:57 354674 48292
08:55:58 770090 42788
08:56:59 1264034 41520
08:57:59 833252 28883
08:59:00 284586 10801
09:00:00 236726 9603
09:01:03 388295 19467
09:02:00 314302 24090
09:03:01 198732 13012
09:04:01 426812 21020
09:05:01 254324 23903
09:06:02 352548 33630
09:07:02 221992 18950
09:08:02 433043 25466
09:09:03 247811 16200
09:10:03 559724 23019
09:11:03 857832 66646
09:12:04 294617 25119
09:13:04 945338 38884
09:14:04 849819 32742
09:15:05 577865 89965
09:16:05 1345393 68525
09:17:05 194215 12345
09:18:06 202177 50640
09:19:06 682201 44754
09:20:07 146788 9717
09:21:07 761878 74430
09:22:11 1347192 49018
09:23:08 145569 29651
09:24:10 1121035 135983
09:25:08 936070 34852
09:26:12 832852 56709
09:27:10 274545 76579
09:28:10 149766 9261
09:29:19 1041134 49675
09:30:11 393279 15198
09:31:11 1206687 80559
09:32:11 773044 31207
09:33:12 294076 14987
09:34:14 470560 20771
09:35:14 351949 25235
09:36:13 717962 44056
09:37:13 702392 87844
09:38:14 298963 17022
09:39:15 655323 19676
09:40:14 380930 49711
09:41:17 197416 14779
09:42:17 342820 14793
09:43:21 314003 31688
09:44:15 708467 25363
09:45:15 389780 23631
09:46:16 450478 31365
09:47:17 379003 18911
09:48:17 876627 36511
09:49:17 1190762 45341
09:50:17 641864 26011
09:51:18 884660 40214
09:52:18 317008 28061
09:53:18 371565 17429
09:54:19 177747 9965
09:55:19 524862 19486
09:56:19 338843 18532
09:57:20 159153 6893
09:58:20 684097 50369
09:59:21 730503 26999
10:00:22 94954 8172
10:01:23 424983 36865
10:02:23 657895 86220
10:03:23 397059 25143
10:04:23 452597 21750
10:05:25 580190 34344
10:06:43 -1 -1
10:07:26 278896 14217
10:08:25 220191 12003
10:09:25 137507 19862
10:10:25 453947 25346
10:11:28 916038 74504
10:12:27 653147 29719
10:13:26 522778 27257
10:14:26 903441 32567
10:15:27 588138 31074
10:16:27 763967 32592
10:17:28 1107108 63451
10:18:26 -1 -1
10:19:28 1077472 27562
10:20:28 1108008 60361
10:21:28 410788 17722
10:22:29 456016 19771
10:23:29 715045 26661
10:24:29 678331 22521
10:25:29 903325 48384
10:26:30 1820397 154594
