00:01:23 12300 1365
00:02:04 30522 49058
00:03:04 5952 71416
00:04:04 3100 84493
00:05:05 3162 89160
00:06:12 2988 34948
00:07:14 58639 15897
02:00:06 162 300
02:01:07 419 3922
02:02:07 2909 80801
02:03:08 708 602
02:04:08 2757 1470
02:05:09 1707 1665
02:06:09 3609 53247
02:07:09 186 4662
02:08:10 1718 2734
02:09:10 5998 64626
02:10:11 460 486
02:11:11 4477 2291
02:12:12 9119 66119
02:13:12 4408 3148
02:14:12 1725 50388
02:15:13 2079 3244
02:16:13 1860 11392
02:17:14 604 12220
02:18:14 2598 23282
02:19:14 2316 2054
02:20:15 2910 13138
02:21:15 2215 57342
02:22:16 4662 67206
02:23:16 481 360
02:24:17 565 300
02:25:17 3318 52117
02:26:17 3229 65368
02:27:18 894 1602
02:28:18 4071 93404
02:29:19 2854 1852
02:30:19 1191 810
02:31:20 17498 3623
02:32:20 5744 1711
02:33:20 2956 3972
02:34:21 1492 5063
02:35:21 3204 2544
02:36:22 10455 9330
02:37:22 3740 123544
02:38:22 6136 3603
02:39:23 2374 2352
02:40:23 4115 32850
02:41:24 2977 84564
02:42:24 6974 22508
02:43:25 1923 13865
02:44:25 2963 7540
02:45:25 2773 6533
02:46:26 2419 26126
02:47:26 90558 89345
02:48:27 783 1942
02:49:27 90263 3390
02:50:27 1790 1515
02:51:28 91253 4894
02:52:28 734 888
02:53:29 3545 124254
02:54:29 2237 20518
02:55:30 273 194
02:56:30 1599 3389
02:57:31 88954 3836
02:58:31 5372 87330
02:59:31 1138 686
03:00:32 1144 999
03:01:32 1723 31589
03:02:33 2079 41530
03:03:33 1562 17142
03:04:34 24733 927407
03:05:34 13835 3980
03:06:35 450 482
03:07:35 639 1065
03:08:36 428 565
03:09:36 2397 96100
03:10:36 2222 88788
03:11:37 3567 103506
03:12:37 994386 125428
03:13:38 3142 113574
03:14:38 2759 115490
03:15:39 5975 55519
03:16:39 6922 8052
03:17:40 7709 10189
03:18:40 2741 21530
03:19:40 19990 259910
03:20:41 4290 144430
03:21:41 1015 954
03:22:42 26705 1706
03:23:42 133234 3660
03:24:43 258117 18672
03:25:43 1479 10675
03:26:44 15389 10235
03:27:44 7972 8979
03:28:44 1176 33576
03:29:45 388 360
03:30:45 2086 1717
03:31:46 4610 1429
03:32:46 198 326
03:33:47 4173 1572
03:34:48 1288 3880
03:35:48 221 120
03:36:49 54 120
03:37:49 28658 928908
03:38:50 544 516
03:39:50 5414 126132
03:40:50 1920 2066
03:41:51 2979 77894
03:42:51 10023 205152
03:43:52 2497 1601
03:44:52 2272 26259
03:45:53 3178 103398
03:46:53 172723 82104
03:47:54 243203 55081
03:48:54 29058 23856
03:49:54 9089 23207
03:50:55 7667 203222
03:51:55 85015 135544
03:52:56 14026 20921
03:53:56 442 302
03:54:57 2431 25231
03:55:57 2765 11252
03:56:58 1965 1075
03:57:58 560 360
03:58:59 53982 78824
03:59:59 4278 66735
04:01:00 2370 1551
04:02:00 10940 6909
04:03:00 5799 51675
04:04:01 2928 23862
04:05:01 1703 47700
04:06:02 4906 7887
04:07:02 3032 6233
04:08:02 1999 77704
04:09:03 11783 2092
04:10:03 14020 116394
04:11:04 54792 30362
04:12:04 39124 123375
04:13:05 781 308
04:14:05 40734 38553
04:15:05 349884 53422
04:16:06 2786 2261
04:17:06 8619 154632
04:18:07 36434 219576
04:19:07 13131 190724
04:20:07 30575 140835
04:21:08 2438 3898
04:22:08 2461 2517
04:23:09 35672 1936
04:24:09 6097 7202
04:25:10 27039 112267
04:26:10 6052 161654
04:27:10 3445 4898
04:28:11 5605 57807
04:29:11 3833 2420
04:30:12 115805 7992
04:31:12 4599 69972
04:32:12 16539 33561
04:33:13 4993 71348
04:34:13 7516 233549
04:35:14 4890 4600
04:36:14 2327 1902
04:37:15 2890 1734
04:38:15 9650 42527
04:39:16 28207 45941
04:40:16 33347 13597
04:41:17 93285 8577
04:42:17 46995 4094
04:43:17 31704 11429
04:44:18 29968 5606
04:45:18 29097 4523
04:46:19 284762 23746
04:47:19 307194 208976
04:48:19 36428 117932
04:49:20 31539 3298
04:50:20 38688 6064
04:51:21 53764 908302
04:52:21 911622 171176
04:53:21 3795 91524
04:54:22 753381 76627
04:55:22 5815 138843
04:56:23 28971 33262
04:57:23 6144 44877
04:58:24 22552 2713
04:59:24 30033 1622
05:00:24 90565 4618
05:01:25 1436 22030
05:02:25 89068 3602
05:03:25 4796 3069
05:04:26 88511 3884
05:05:26 10968 63198
05:06:27 403 882
05:07:27 113154 5948
05:08:28 647 4460
05:09:28 1891 51160
05:10:29 1211 32256
05:11:29 3834 3473
05:12:30 22287 757723
05:13:30 1412 778
05:14:30 2107 40862
05:15:31 9011 5640
05:16:31 4408 2508
05:17:32 796 732
05:18:32 19928 67077
05:19:32 38545 17682
05:20:33 7449 10540
05:21:33 5899 206701
05:22:34 139974 174972
05:23:34 28642 78579
05:24:35 2496 101866
05:25:35 2818 111360
05:26:36 8666 83944
05:27:36 10914 88414
05:28:36 15030 1196
05:29:37 22328 3779
05:30:37 11433 840
05:31:37 19034 2610
05:32:38 153271 47598
05:33:38 13046 808
05:34:39 11861 47113
05:35:39 12617 31512
05:36:40 4419 104522
05:37:40 1568 3681
05:38:41 126 246
05:39:41 22020 856034
05:40:41 65348 3384
05:41:42 1520 2982
05:42:42 24273 4861
05:43:43 9841 560
05:44:43 9752 1853
05:45:44 42659 1899054
05:46:44 6011 6490
05:47:44 10332 3419
05:48:45 6724 1711
05:49:45 32421 3696
05:50:46 5715 108112
05:51:46 22659 79664
05:52:46 605922 45086
05:53:47 930306 182639
05:54:47 6463 114478
05:55:48 2842 104846
05:56:48 32013 183299
05:57:49 51246 2625
05:58:49 7210 3444
05:59:50 505 1144
06:00:50 2998 2920
06:01:52 1087 1388
06:02:51 928 18284
06:03:51 2552 9459
06:04:52 5264 82942
06:05:52 594 8470
06:06:53 460 319
06:07:53 388 360
06:08:53 283 242
06:09:54 3335 120140
06:10:54 1908 78852
06:11:55 670 922
06:12:55 2926 57267
06:13:56 5827 136192
06:14:56 397 5432
06:15:56 10103 4582
06:16:57 810 898
06:17:57 3990 61758
06:18:58 2740 42978
06:19:58 63936 2640
06:20:58 9604 92540
06:21:59 5962 1740
06:22:59 9156 362771
06:24:00 4175 115919
06:25:00 4119 6706
06:26:00 6053 100383
06:27:01 36514 2239
06:28:01 3147 99999
06:29:02 2469 88694
06:30:02 65610 7345
06:31:03 3767 113596
06:32:03 517815 123828
06:33:04 3979 6623
06:34:04 281 180
06:35:04 18688 2569
06:36:05 3121 5299
06:37:05 25673 5247
06:38:06 1233 8948
06:39:06 3021 2784
06:40:07 43643 16511
06:41:07 38848 14039
06:42:07 26970 198188
06:43:08 460 480
06:44:08 1010 854
06:45:09 640 1317
06:46:09 885 17471
06:47:09 2340 817
06:48:10 2290 21390
06:49:10 896 1216
06:50:11 454 2516
06:51:11 3780 2155
06:52:12 13821 13862
06:53:12 2716 35378
06:54:12 1200 6048
06:55:13 2949 90274
06:56:13 3631 135248
06:57:14 229822 283455
06:58:14 5726 160121
06:59:15 4400 142886
07:00:15 5167 3309
07:01:15 4881 5365
07:02:16 8346 2816
07:03:17 4043 5648
07:04:17 237 718
07:05:17 956 366
07:06:18 336 594
07:07:18 1379 19047
07:08:19 5591 40768
07:09:19 3031 40414
07:10:19 904 1104
07:11:20 597 552
07:12:21 2855 18191
07:13:21 4424 1559
07:14:21 1439 606
07:15:22 586 60
07:16:22 4486 87146
07:17:23 2054 1979
07:18:23 948310 91545
07:19:24 956 546
07:20:24 4566 160412
07:21:25 1861 61254
07:22:25 3654 31530
07:23:25 1345 22046
07:24:26 1727 2117
07:25:26 2075 1884
07:26:27 2052 64480
07:27:27 752 875
07:28:28 27555 63977
07:29:28 5339 112958
07:30:28 6527 37919
07:31:29 3324 30525
07:32:29 20615 14338
07:33:30 1106578 209667
07:34:30 4122 144098
07:35:30 1895 23710
07:36:31 1364 15569
07:37:31 1102 21114
07:38:32 23153 61244
07:39:32 27906 44068
07:40:33 1162 1287
07:41:33 3246 2048
07:42:34 134141 202747
07:43:34 9729 37421
07:44:34 3288 3551
07:45:35 4611 123752
07:46:35 988 1047
07:47:36 566 360
07:48:36 1552 2422
07:49:37 15859 1434
07:50:37 2263 1511
07:51:37 158941 20740
07:52:38 2682 1233
07:53:38 87415 3566
07:54:39 54074 1735
07:55:39 1925 4160
07:56:40 10435 40217
07:57:40 5960 123910
07:58:40 9861 230420
07:59:41 24526 173303
08:00:41 5788 91991
08:01:42 4746 51523
08:02:42 204444 10027
08:03:42 5474 188300
08:04:42 3819 2187
08:05:43 15992 9348
08:06:43 1219 850
08:07:43 40181 4482
08:08:44 2647 79850
08:09:44 243978 10914
08:10:44 47912 60048
08:11:45 4011 36163
08:12:45 259172 19234
08:13:45 180 140
08:14:46 70757 15678
08:15:46 1726 1569
08:16:46 1977 1305
08:17:47 18968 662664
08:18:47 7247 5522
08:19:48 6375 1182
08:20:48 10779 186
08:21:49 117484 4251
08:22:49 142855 25209
08:23:49 214453 373349
08:24:49 11685 345781
08:25:50 2336 71758
08:26:50 387074 21226
08:27:51 247428 8688
08:28:51 4843 3234
08:29:51 68295 5574
08:30:52 83627 8714
08:31:52 110541 195432
08:32:52 1480 5575
08:33:52 69334 13493
08:34:53 361295 210520
08:35:53 5697 6766
08:36:53 81888 4640
08:37:54 227366 116555
08:38:54 8171 106565
08:39:54 99541 42013
08:40:55 95178 5358
08:41:55 6549 68668
08:42:55 4104 3471
08:43:56 5545 4624
08:44:56 240657 14689
08:45:56 11288 1876
08:46:57 307997 14024
08:47:57 13718 6391
08:48:57 1079312 36842
08:49:58 819101 34047
08:50:58 119085 4098
08:51:58 14817 6898
08:52:59 6544 30514
08:53:59 80977 87056
08:54:59 1613 2067
08:56:00 315839 85521
08:57:00 3231 42518
08:58:01 4838 7607
08:59:01 7168 9673
09:00:02 3713 2044
09:01:02 30422 32054
09:02:02 80947 6014
09:03:03 69016 179763
09:04:03 24951 165975
09:05:03 815201 191674
09:06:04 749531 176442
09:07:04 7008 97283
09:08:04 16221 122990
09:09:05 8280 6883
09:10:05 1905 35372
09:11:05 49893 9716
09:12:06 59465 72541
09:13:06 40988 70277
09:14:06 6619 88771
09:15:06 264019 48051
09:16:07 131293 15723
09:17:07 255720 16951
09:18:08 346436 24686
09:19:08 965930 64319
09:20:09 81947 42013
09:21:09 134238 8588
09:22:09 290773 15810
09:23:10 557210 21353
09:24:10 572830 28275
09:25:10 34950 157630
09:26:11 17091 106335
09:27:12 133536 17743
09:28:12 2187 2282
09:29:12 460241 79899
09:30:13 9728 36730
09:31:13 54784 22471
09:32:13 847077 69224
09:33:13 72447 6559
09:34:14 59944 20339
09:35:14 84355 30612
09:36:14 173603 13260
09:37:15 200032 25567
09:38:15 129470 507167
09:39:16 75400 101225
09:40:16 61830 9486
09:41:16 206639 11678
09:42:16 14949 57035
09:43:17 547491 829231
09:44:17 482540 325694
09:45:17 262203 140453
09:46:18 310208 10679
09:47:18 511377 15784
09:48:18 936219 32573
09:49:19 12770 4332
09:50:19 368560 16661
09:51:19 107919 76551
09:52:20 285175 12049
09:53:20 77658 3723
09:54:20 54263 69746
09:55:21 240718 782858
09:56:21 22795 76022
09:57:22 206504 10233
09:58:22 124191 4580
09:59:23 1956 4196
10:00:24 79821 10303
10:01:24 274281 72217
10:02:24 283979 12890
10:03:24 310148 19652
10:04:25 115405 14906
10:05:25 8008 23790
10:06:25 9050 22794
10:07:26 46029 35043
10:08:26 134181 58258
10:09:26 59399 231621
10:10:27 267860 115948
10:11:27 193977 167361
10:12:27 213653 150957
10:13:28 238659 471020
10:14:28 215801 156308
10:15:28 177287 199490
10:16:29 444137 66649
10:17:29 58488 181728
10:18:29 140286 5668
10:19:29 37227 3310
10:20:30 39875 44686
10:21:30 138044 100300
10:22:30 86732 320336
10:23:31 412464 265639
10:24:31 57074 75907
10:25:31 55188 57959
10:26:32 109306 244629
