00:01:59 17 2880059
00:02:04 14 2518247
00:03:04 14 2518247
00:04:04 13 2162100
00:05:05 12 1805968
00:06:12 12 1805968
00:07:14 13 2162098
02:00:06 4 9601
02:01:07 5 33962
02:02:07 5 12374
02:03:08 4 9575
02:04:08 4 9575
02:05:09 4 9575
02:06:09 4 9575
02:07:09 3 6803
02:08:10 3 6803
02:09:10 3 6803
02:10:11 3 6803
02:11:11 6 8499
02:12:12 5 7849
02:13:12 5 7849
02:14:12 5 7849
02:15:13 5 7849
02:16:13 6 10616
02:17:14 5 7849
02:18:14 6 10624
02:19:14 7 43223
02:20:15 6 10624
02:21:15 6 10624
02:22:16 7 54999
02:23:16 6 10624
02:24:17 6 10624
02:25:17 6 10624
02:26:17 6 10624
02:27:18 6 10624
02:28:18 6 10624
02:29:19 6 10624
02:30:19 6 10624
02:31:20 6 10624
02:32:20 5 9363
02:33:20 5 9363
02:34:21 7 3153071
02:35:21 8 3154238
02:36:22 8 3154308
02:37:22 7 1582393
02:38:22 7 1582445
02:39:23 8 1582564
02:40:23 7 10669
02:41:24 7 10669
02:42:24 6 10548
02:43:25 7 43077
02:44:25 6 10548
02:45:25 6 10548
02:46:26 6 10548
02:47:26 6 10548
02:48:27 8 16054
02:49:27 6 10548
02:50:27 6 10548
02:51:28 6 10548
02:52:28 6 10548
02:53:29 5 7779
02:54:29 5 7779
02:55:30 7 13331
02:56:30 7 13414
02:57:31 7 13044
02:58:31 6 10567
02:59:31 6 10567
03:00:32 6 10567
03:01:32 8 25551
03:02:33 8 24255
03:03:33 8 24255
03:04:34 8 215312
03:05:34 5 7809
03:06:35 5 7809
03:07:35 5 7809
03:08:36 6 10578
03:09:36 6 10578
03:10:36 7 13352
03:11:37 6 10578
03:12:37 6 10578
03:13:38 9 1588080
03:14:38 6 1582114
03:15:39 6 1588555
03:16:39 5 16676
03:17:40 4 9532
03:18:40 4 9532
03:19:40 3 6757
03:20:41 3 6757
03:21:41 4 27146506
03:22:42 5 27149231
03:23:42 4 27146506
03:24:43 4 27146506
03:25:43 3 6757
03:26:44 3 6757
03:27:44 3 6757
03:28:44 3 6757
03:29:45 4 9517
03:30:45 3 6757
03:31:46 3 6757
03:32:46 4 9197
03:33:47 4 9197
03:34:48 5 11979
03:35:48 5 82679
03:36:49 3 79054
03:37:49 3 79054
03:38:50 4 79719
03:39:50 5 3150026
03:40:50 5 3149952
03:41:51 4 1578174
03:42:51 4 1578077
03:43:52 3 6237
03:44:52 4 1578176
03:45:53 3 6237
03:46:53 3 6237
03:47:54 4 2924155
03:48:54 4 6687
03:49:54 4 6687
03:50:55 5 9713
03:51:55 4 6687
03:52:56 4 6687
03:53:56 4 6687
03:54:57 4 6687
03:55:57 4 6687
03:56:58 4 6687
03:57:58 4 6687
03:58:59 4 6687
03:59:59 4 6687
04:01:00 4 6687
04:02:00 6 33841
04:03:00 5 31036
04:04:01 4 28241
04:05:01 3 3884
04:06:02 3 3884
04:07:02 3 3884
04:08:02 3 3884
04:09:03 3 3884
04:10:03 2 1115
04:11:04 2 1115
04:12:04 2 1115
04:13:05 2 1115
04:14:05 2 1115
04:15:05 3 512109
04:16:06 3 3911
04:17:06 5 3147640
04:18:07 4 3144862
04:19:07 5 3153201
04:20:07 5 3153240
04:21:08 5 3153191
04:22:08 4 1581305
04:23:09 5 1576288
04:24:09 3 1585
04:25:10 3 1585
04:26:10 3 1585
04:27:10 3 1585
04:28:11 3 1585
04:29:11 3 1585
04:30:12 3 1585
04:31:12 4 4370
04:32:12 3 1585
04:33:13 3 1585
04:34:13 3 1585
04:35:14 3 1585
04:36:14 4 97053
04:37:15 4 97053
04:38:15 6 115622
04:39:16 12 118942
04:40:16 5 112836
04:41:17 5 112836
04:42:17 6 19863
04:43:17 3 2168
04:44:18 4 11104
04:45:18 4 11104
04:46:19 4 11104
04:47:19 4 1581771
04:48:19 5 1584530
04:49:20 2 920
04:50:20 3 1572783
04:51:21 3 1572772
04:52:21 2 920
04:53:21 2 920
04:54:22 1 470
04:55:22 2 3070
04:56:23 1 470
04:57:23 1 470
04:58:24 2 326510
04:59:24 2 14039
05:00:24 1 470
05:01:25 1 470
05:02:25 4 9024
05:03:25 1 470
05:04:26 2 24842
05:05:26 2 11383
05:06:27 1 470
05:07:27 1 470
05:08:28 1 470
05:09:28 2 3266
05:10:29 2 3266
05:11:29 1 470
05:12:30 1 470
05:13:30 1 470
05:14:30 1 470
05:15:31 3 274874
05:16:31 1 470
05:17:32 2 1097
05:18:32 1 470
05:19:32 2 3212
05:20:33 1 470
05:21:33 3 31106
05:22:34 5 3782161
05:23:34 4 3172043
05:24:35 4 4501097
05:25:35 2 4472740
05:26:36 3 6044777
05:27:36 3 4475647
05:28:36 2 4472852
05:29:37 2 4472852
05:30:37 2 4472852
05:31:37 1 2900908
05:32:38 1 2900908
05:33:38 1 2900908
05:34:39 1 2900908
05:35:39 1 2900908
05:36:40 1 2900908
05:37:40 1 2900908
05:38:41 1 2900908
05:39:41 6 2901468
05:40:41 1 2900908
05:41:42 2 2903675
05:42:42 1 2900908
05:43:43 1 2900908
05:44:43 1 2900908
05:45:44 2 2903668
05:46:44 5 2907714
05:47:44 3 2903582
05:48:45 2 2902245
05:49:45 3 2909931
05:50:46 3 2912321
05:51:46 1 2675
05:52:46 1 31118
05:53:47 2 3143666
05:54:47 2 3143678
05:55:48 2 3143811
05:56:48 2 1574574
05:57:49 2 3143729
05:58:49 1 2765
05:59:50 0 0
06:00:50 0 0
06:01:52 0 0
06:02:51 0 0
06:03:51 0 0
06:04:52 1 10892
06:05:52 1 10892
06:06:53 1 10892
06:07:53 1 10892
06:08:53 1 10892
06:09:54 1 10892
06:10:54 1 10892
06:11:55 2 11527
06:12:55 2 11527
06:13:56 2 11527
06:14:56 2 11527
06:15:56 2 11527
06:16:57 2 11527
06:17:57 2 11527
06:18:58 2 11527
06:19:58 3 3289292
06:20:58 2 11527
06:21:59 2 11527
06:22:59 2 11527
06:24:00 2 11527
06:25:00 2 11527
06:26:00 3 1583425
06:27:01 2 11527
06:28:01 3 1583363
06:29:02 2 11527
06:30:02 2 11527
06:31:03 4 37191
06:32:03 3 34437
06:33:04 3 34437
06:34:04 2 11527
06:35:04 2 11527
06:36:05 3 14252
06:37:05 8 984034
06:38:06 6 787331
06:39:06 7 2995001
06:40:07 5 400325
06:41:07 6 430390
06:42:07 5 400325
06:43:08 6 403084
06:44:08 5 400325
06:45:09 5 400325
06:46:09 6 429248
06:47:09 5 400325
06:48:10 5 400325
06:49:10 6 403124
06:50:11 5 400325
06:51:11 5 400325
06:52:12 5 400325
06:53:12 5 400325
06:54:12 5 400325
06:55:13 6 1972201
06:56:13 7 3544048
06:57:14 7 3544031
06:58:14 6 1972234
06:59:15 7 1973322
07:00:15 7 3544083
07:01:15 6 1972266
07:02:16 6 409870
07:03:17 5 400325
07:04:17 5 400325
07:05:17 5 413797
07:06:18 5 400330
07:07:18 4 389433
07:08:19 4 389433
07:09:19 4 389433
07:10:19 4 389433
07:11:20 4 389433
07:12:21 3 388798
07:13:21 3 388798
07:14:21 4 2525203
07:15:22 3 388798
07:16:22 4 391555
07:17:23 3 388798
07:18:23 3 388798
07:19:24 3 388798
07:20:24 4 396471
07:21:25 4 391573
07:22:25 4 391573
07:23:25 4 391573
07:24:26 5 394937
07:25:26 4 391573
07:26:27 4 391573
07:27:27 4 391573
07:28:28 5 394320
07:29:28 6 396746
07:30:28 6 1966205
07:31:29 6 1966152
07:32:29 6 1966190
07:33:30 7 442982
07:34:30 7 1969051
07:35:30 8 3540833
07:36:31 8 1971731
07:37:31 6 205943
07:38:32 6 20068
07:39:32 16 21243
07:40:33 9 20423
07:41:33 6 11336
07:42:34 6 11336
07:43:34 5 11216
07:44:34 5 12350
07:45:35 6 13596
07:46:35 5 12350
07:47:36 5 12350
07:48:36 4 11096
07:49:37 4 11096
07:50:37 4 11096
07:51:37 5 1054569
07:52:38 5 1054569
07:53:38 5 1054569
07:54:39 5 1054569
07:55:39 5 1054569
07:56:40 5 1054569
07:57:40 5 1054569
07:58:40 6 2626440
07:59:41 15 5952176
08:00:41 7 4198408
08:01:42 7 2629274
08:02:42 6 2626422
08:03:42 6 2626500
08:04:42 5 1054569
08:05:43 7 1066104
08:06:43 6 1065482
08:07:43 5 1054569
08:08:44 5 1054569
08:09:44 4 2494801
08:10:44 3 1049035
08:11:45 3 1049035
08:12:45 4 1051751
08:13:45 3 1049035
08:14:46 4 1049406
08:15:46 4 1049406
08:16:46 5 1052137
08:17:47 4 1049406
08:18:47 5 1052388
08:19:48 4 8915
08:20:48 4 8915
08:21:49 6 10368
08:22:49 7 52580
08:23:49 5 17495
08:24:49 4 17003
08:25:50 3 15295
08:26:50 5 16828
08:27:51 6 286741
08:28:51 4 16036
08:29:51 4 16036
08:30:52 4 16036
08:31:52 4 16036
08:32:52 7 95242
08:33:52 9 1633292
08:34:53 19 18021582
08:35:53 15 13806569
08:36:53 15 13806569
08:37:54 6 1756041
08:38:54 7 1593955
08:39:54 14 1655379
08:40:55 6 5258
08:41:55 5 5148
08:42:55 4 16598
08:43:56 5 9005
08:44:56 5 5521441
08:45:56 4 7829
08:46:57 4 7829
08:47:57 4 7043
08:48:57 7 411128
08:49:58 5 252591
08:50:58 5 252591
08:51:58 5 252591
08:52:59 8 366630
08:53:59 5 252591
08:54:59 6 256243
08:56:00 7 371410
08:57:00 8 282150
08:58:01 6 261822
08:59:01 5 252591
09:00:02 5 252591
09:01:02 7 26181
09:02:02 7 288744
09:03:03 7 1674289
09:04:03 6 1578170
09:05:03 9 4382048
09:06:04 7 4720860
09:07:04 6 1580849
09:08:04 14 3285310
09:09:05 12 1647969
09:10:05 8 74366
09:11:05 9 3459704
09:12:06 9 3409946
09:13:06 9 27904
09:14:06 13 3600762
09:15:06 10 30206431
09:16:07 11 20372683
09:17:07 10 20195617
09:18:08 11 20137518
09:19:08 9 20135020
09:20:09 9 20175504
09:21:09 9 20175504
09:22:09 8 20133771
09:23:10 9 31262313
09:24:10 10 31264256
09:25:10 15 765468
09:26:11 8 118101
09:27:12 7 899646
09:28:12 7 62500
09:29:12 6 61759
09:30:13 6 61759
09:31:13 8 165895
09:32:13 8 87318
09:33:13 6 666183
09:34:14 8 699183
09:35:14 8 700833
09:36:14 7 683508
09:37:15 15 913040
09:38:15 13 3579630
09:39:16 15 6043522
09:40:16 10 5047716
09:41:16 11 1574980
09:42:16 9 2352151
09:43:17 9 4146632
09:44:17 7 1595327
09:45:17 9 1816000
09:46:18 8 179558
09:47:18 7 217924
09:48:18 7 99591
09:49:19 7 73281
09:50:19 5 50685
09:51:19 8 3164882
09:52:20 8 1010997
09:53:20 7 3918
09:54:20 6 90236
09:55:21 8 7105837
09:56:21 5 1778077
09:57:22 5 1778077
09:58:22 5 1778077
09:59:23 9 3616436
10:00:24 9 3872597
10:01:24 11 3032913
10:02:24 8 2137609
10:03:24 8 2199912
10:04:25 7 411148
10:05:25 13 20751588
10:06:25 11 16435116
10:07:26 11 16440814
10:08:26 14 17502708
10:09:26 16 19477544
10:10:27 21 17378824
10:11:27 22 17563422
10:12:27 20 17548187
10:13:28 21 18094743
10:14:28 22 17834976
10:15:28 23 18377330
10:16:29 22 16579644
10:17:29 17 15447553
10:18:29 15 14637361
10:19:29 18 14752091
10:20:31 21 16639190
10:21:30 15 14891426
10:22:30 17 14946584
10:23:31 26 25993987
10:24:31 26 33778337
10:25:31 24 34054660
10:26:32 24 37943294
