00:02:00 1
00:02:04 1
00:03:04 1
00:04:04 1
00:05:05 1
00:06:12 1
00:07:14 1
02:00:06 1
02:01:07 1
02:02:07 1
02:03:08 1
02:04:08 1
02:05:09 1
02:06:09 1
02:07:09 1
02:08:10 1
02:09:10 1
02:10:11 1
02:11:11 1
02:12:12 1
02:13:12 1
02:14:12 1
02:15:13 1
02:16:13 1
02:17:14 1
02:18:14 1
02:19:14 1
02:20:15 1
02:21:15 1
02:22:16 1
02:23:16 1
02:24:17 1
02:25:17 1
02:26:17 1
02:27:18 1
02:28:18 1
02:29:19 1
02:30:19 1
02:31:20 1
02:32:20 1
02:33:20 1
02:34:21 1
02:35:21 1
02:36:22 1
02:37:22 1
02:38:22 1
02:39:23 1
02:40:23 1
02:41:24 1
02:42:24 1
02:43:25 1
02:44:25 1
02:45:25 1
02:46:26 1
02:47:26 1
02:48:27 1
02:49:27 1
02:50:27 1
02:51:28 1
02:52:28 1
02:53:29 1
02:54:29 1
02:55:30 1
02:56:30 1
02:57:31 1
02:58:31 1
02:59:31 1
03:00:32 1
03:01:32 1
03:02:33 1
03:03:33 1
03:04:34 1
03:05:34 1
03:06:35 1
03:07:35 1
03:08:36 1
03:09:36 1
03:10:36 1
03:11:37 1
03:12:37 1
03:13:38 1
03:14:38 1
03:15:39 1
03:16:39 1
03:17:40 1
03:18:40 1
03:19:40 1
03:20:41 1
03:21:41 1
03:22:42 1
03:23:42 1
03:24:43 1
03:25:43 1
03:26:44 1
03:27:44 1
03:28:44 1
03:29:45 1
03:30:45 1
03:31:46 1
03:32:46 1
03:33:47 1
03:34:48 1
03:35:48 1
03:36:49 1
03:37:49 1
03:38:50 1
03:39:50 1
03:40:50 1
03:41:51 1
03:42:51 1
03:43:52 1
03:44:52 1
03:45:53 1
03:46:53 1
03:47:54 1
03:48:54 1
03:49:54 1
03:50:55 1
03:51:55 1
03:52:56 1
03:53:56 1
03:54:57 1
03:55:57 1
03:56:58 1
03:57:58 1
03:58:59 1
03:59:59 1
04:01:00 1
04:02:00 1
04:03:00 1
04:04:01 1
04:05:01 1
04:06:02 1
04:07:02 1
04:08:02 1
04:09:03 1
04:10:03 1
04:11:04 1
04:12:04 1
04:13:05 1
04:14:05 1
04:15:05 1
04:16:06 1
04:17:06 1
04:18:07 1
04:19:07 1
04:20:07 1
04:21:08 1
04:22:08 1
04:23:09 1
04:24:09 1
04:25:10 1
04:26:10 1
04:27:10 1
04:28:11 1
04:29:11 1
04:30:12 1
04:31:12 1
04:32:12 1
04:33:13 1
04:34:13 1
04:35:14 1
04:36:14 1
04:37:15 1
04:38:15 1
04:39:16 1
04:40:16 1
04:41:17 1
04:42:17 1
04:43:17 1
04:44:18 1
04:45:18 1
04:46:19 1
04:47:19 1
04:48:19 1
04:49:20 1
04:50:20 1
04:51:21 1
04:52:21 1
04:53:21 1
04:54:22 1
04:55:22 1
04:56:23 1
04:57:23 1
04:58:24 1
04:59:24 1
05:00:24 1
05:01:25 1
05:02:25 1
05:03:25 1
05:04:26 1
05:05:26 1
05:06:27 1
05:07:27 1
05:08:28 1
05:09:28 1
05:10:29 1
05:11:29 1
05:12:30 1
05:13:30 1
05:14:30 1
05:15:31 1
05:16:31 1
05:17:32 1
05:18:32 1
05:19:32 1
05:20:33 1
05:21:33 1
05:22:34 1
05:23:34 1
05:24:35 1
05:25:35 1
05:26:36 1
05:27:36 1
05:28:36 1
05:29:37 1
05:30:37 1
05:31:37 1
05:32:38 1
05:33:38 1
05:34:39 1
05:35:39 1
05:36:40 1
05:37:40 1
05:38:41 1
05:39:41 1
05:40:41 1
05:41:42 1
05:42:42 1
05:43:43 1
05:44:43 1
05:45:44 1
05:46:44 1
05:47:44 1
05:48:45 1
05:49:45 1
05:50:46 1
05:51:46 1
05:52:46 1
05:53:47 1
05:54:47 1
05:55:48 1
05:56:48 1
05:57:49 1
05:58:49 1
05:59:50 1
06:00:50 1
06:01:52 1
06:02:51 1
06:03:51 1
06:04:52 1
06:05:52 1
06:06:53 1
06:07:53 1
06:08:53 1
06:09:54 1
06:10:54 1
06:11:55 1
06:12:55 1
06:13:56 1
06:14:56 1
06:15:56 1
06:16:57 1
06:17:57 1
06:18:58 1
06:19:58 1
06:20:58 1
06:21:59 1
06:22:59 1
06:24:00 1
06:25:00 1
06:26:00 1
06:27:01 1
06:28:01 1
06:29:02 1
06:30:02 1
06:31:03 1
06:32:03 1
06:33:04 1
06:34:04 1
06:35:04 1
06:36:05 1
06:37:05 1
06:38:06 1
06:39:06 1
06:40:07 1
06:41:07 1
06:42:07 1
06:43:08 1
06:44:08 1
06:45:09 1
06:46:09 1
06:47:09 1
06:48:10 1
06:49:10 1
06:50:11 1
06:51:11 1
06:52:12 1
06:53:12 1
06:54:12 1
06:55:13 1
06:56:13 1
06:57:14 1
06:58:14 1
06:59:15 1
07:00:15 1
07:01:15 1
07:02:16 1
07:03:17 1
07:04:17 1
07:05:17 1
07:06:18 1
07:07:18 1
07:08:19 1
07:09:19 1
07:10:19 1
07:11:20 1
07:12:21 1
07:13:21 1
07:14:21 1
07:15:22 1
07:16:22 1
07:17:23 1
07:18:23 1
07:19:24 1
07:20:24 1
07:21:25 1
07:22:25 1
07:23:25 1
07:24:26 1
07:25:26 1
07:26:27 1
07:27:27 1
07:28:28 1
07:29:28 1
07:30:28 1
07:31:29 1
07:32:29 1
07:33:30 1
07:34:30 1
07:35:30 1
07:36:31 1
07:37:31 1
07:38:32 1
07:39:32 1
07:40:33 1
07:41:33 1
07:42:34 1
07:43:34 1
07:44:34 1
07:45:35 1
07:46:35 1
07:47:36 1
07:48:36 1
07:49:37 1
07:50:37 1
07:51:37 1
07:52:38 1
07:53:38 1
07:54:39 1
07:55:39 1
07:56:40 1
07:57:40 1
07:58:40 1
07:59:41 1
08:00:41 1
08:01:42 1
08:02:42 1
08:03:42 1
08:04:42 1
08:05:43 1
08:06:43 1
08:07:43 1
08:08:44 1
08:09:44 1
08:10:44 1
08:11:45 1
08:12:45 1
08:13:45 1
08:14:46 1
08:15:46 1
08:16:46 1
08:17:47 1
08:18:47 1
08:19:48 1
08:20:48 1
08:21:49 1
08:22:49 1
08:23:49 1
08:24:49 1
08:25:50 1
08:26:50 1
08:27:51 1
08:28:51 1
08:29:51 1
08:30:52 1
08:31:52 1
08:32:52 1
08:33:52 1
08:34:53 1
08:35:53 1
08:36:53 1
08:37:54 1
08:38:54 1
08:39:54 1
08:40:55 1
08:41:55 1
08:42:55 1
08:43:56 1
08:44:56 1
08:45:56 1
08:46:57 1
08:47:57 1
08:48:57 1
08:49:58 1
08:50:58 1
08:51:58 1
08:52:59 1
08:53:59 1
08:54:59 1
08:56:00 1
08:57:00 1
08:58:01 1
08:59:01 1
09:00:02 1
09:01:02 1
09:02:02 1
09:03:03 1
09:04:03 1
09:05:03 1
09:06:04 1
09:07:04 1
09:08:04 1
09:09:05 1
09:10:05 1
09:11:05 1
09:12:06 1
09:13:06 1
09:14:06 1
09:15:06 1
09:16:07 1
09:17:07 1
09:18:08 1
09:19:08 1
09:20:09 1
09:21:09 1
09:22:09 1
09:23:10 1
09:24:10 1
09:25:10 1
09:26:11 1
09:27:12 1
09:28:12 1
09:29:12 1
09:30:13 1
09:31:13 1
09:32:13 1
09:33:13 1
09:34:14 1
09:35:14 1
09:36:14 1
09:37:15 1
09:38:15 1
09:39:16 1
09:40:16 1
09:41:16 1
09:42:16 1
09:43:17 1
09:44:17 1
09:45:17 1
09:46:18 1
09:47:18 1
09:48:18 1
09:49:19 1
09:50:19 1
09:51:19 1
09:52:20 1
09:53:20 1
09:54:20 1
09:55:21 1
09:56:21 1
09:57:22 1
09:58:22 1
09:59:23 1
10:00:24 1
10:01:24 1
10:02:24 1
10:03:24 1
10:04:25 1
10:05:25 1
10:06:25 1
10:07:26 1
10:08:26 1
10:09:26 1
10:10:27 1
10:11:27 1
10:12:27 1
10:13:28 1
10:14:28 1
10:15:28 1
10:16:29 1
10:17:29 1
10:18:29 1
10:19:29 1
10:20:31 1
10:21:30 1
10:22:30 1
10:23:31 1
10:24:31 1
10:25:31 1
10:26:32 1
