00:01:53 1800
00:02:04 1794
00:03:04 1791
00:04:04 1795
00:05:05 1792
00:06:12 1793
00:07:14 1796
02:00:06 1792
02:01:07 1793
02:02:07 1793
02:03:08 1786
02:04:08 1787
02:05:09 1790
02:06:09 1792
02:07:09 1793
02:08:10 1793
02:09:10 1792
02:10:11 1787
02:11:11 1791
02:12:12 1792
02:13:12 1792
02:14:12 1792
02:15:13 1792
02:16:13 1791
02:17:14 1791
02:18:14 1792
02:19:14 1792
02:20:15 1790
02:21:15 1794
02:22:16 1791
02:23:16 1790
02:24:17 1791
02:25:17 1787
02:26:17 1792
02:27:18 1795
02:28:18 1794
02:29:19 1793
02:30:19 1794
02:31:20 1792
02:32:20 1791
02:33:20 1793
02:34:21 1796
02:35:21 1795
02:36:22 1795
02:37:22 1795
02:38:22 1793
02:39:23 1800
02:40:23 1798
02:41:24 1793
02:42:24 1793
02:43:25 1793
02:44:25 1794
02:45:25 1794
02:46:26 1789
02:47:26 1790
02:48:27 1791
02:49:27 1790
02:50:27 1792
02:51:28 1792
02:52:28 1797
02:53:29 1791
02:54:29 1793
02:55:30 1792
02:56:30 1793
02:57:31 1797
02:58:31 1796
02:59:31 1795
03:00:32 1794
03:01:32 1794
03:02:33 1793
03:03:33 1794
03:04:34 1799
03:05:34 1797
03:06:35 1796
03:07:35 1794
03:08:36 1795
03:09:36 1796
03:10:36 1797
03:11:37 1796
03:12:37 1796
03:13:38 1796
03:14:38 1796
03:15:39 1796
03:16:39 1795
03:17:40 1795
03:18:40 1796
03:19:40 1814
03:20:41 1814
03:21:41 1813
03:22:42 1813
03:23:42 1812
03:24:43 1795
03:25:43 1795
03:26:44 1774
03:27:44 1775
03:28:44 1775
03:29:45 1776
03:30:45 1776
03:31:46 1776
03:32:46 1777
03:33:47 1776
03:34:48 1778
03:35:48 1778
03:36:49 1778
03:37:49 1778
03:38:50 1779
03:39:50 1777
03:40:50 1779
03:41:51 1779
03:42:51 1779
03:43:52 1781
03:44:52 1783
03:45:53 1782
03:46:53 1782
03:47:54 1783
03:48:54 1781
03:49:54 1780
03:50:55 1781
03:51:55 1781
03:52:56 1780
03:53:56 1780
03:54:57 1781
03:55:57 1781
03:56:58 1782
03:57:58 1782
03:58:59 1781
03:59:59 1781
04:01:00 1790
04:02:00 1793
04:03:00 1783
04:04:01 1783
04:05:01 1782
04:06:02 1781
04:07:02 1781
04:08:02 1781
04:09:03 1781
04:10:03 1781
04:11:04 1782
04:12:04 1782
04:13:05 1783
04:14:05 1782
04:15:05 1783
04:16:06 1785
04:17:06 1785
04:18:07 1785
04:19:07 1785
04:20:07 1785
04:21:08 1786
04:22:08 1785
04:23:09 1785
04:24:09 1784
04:25:10 1784
04:26:10 1785
04:27:10 1784
04:28:11 1785
04:29:11 1785
04:30:12 1786
04:31:12 1786
04:32:12 1786
04:33:13 1786
04:34:13 1785
04:35:14 1785
04:36:14 1786
04:37:15 1786
04:38:15 1788
04:39:16 1787
04:40:16 1807
04:41:17 1806
04:42:17 1807
04:43:17 1805
04:44:18 1807
04:45:18 1807
04:46:19 1825
04:47:19 1827
04:48:19 1807
04:49:20 1806
04:50:20 1807
04:51:21 1806
04:52:21 1788
04:53:21 1786
04:54:22 1786
04:55:22 1788
04:56:23 1789
04:57:23 1789
04:58:24 1787
04:59:24 1787
05:00:24 1788
05:01:25 1798
05:02:25 1803
05:03:25 1809
05:04:26 1805
05:05:26 1812
05:06:27 1808
05:07:27 1820
05:08:28 1811
05:09:28 1813
05:10:29 1812
05:11:29 1814
05:12:30 1811
05:13:30 1813
05:14:30 1811
05:15:31 1813
05:16:31 1812
05:17:32 1816
05:18:32 1811
05:19:32 1811
05:20:33 1811
05:21:33 1810
05:22:34 1810
05:23:34 1811
05:24:35 1810
05:25:35 1812
05:26:36 1799
05:27:36 1794
05:28:36 1795
05:29:37 1797
05:30:37 1796
05:31:37 1794
05:32:38 1795
05:33:38 1787
05:34:39 1792
05:35:39 1797
05:36:40 1791
05:37:40 1792
05:38:41 1794
05:39:41 1797
05:40:41 1793
05:41:42 1790
05:42:42 1790
05:43:43 1790
05:44:43 1789
05:45:44 1794
05:46:44 1795
05:47:44 1800
05:48:45 1795
05:49:45 1798
05:50:46 1794
05:51:46 1799
05:52:46 1798
05:53:47 1799
05:54:47 1796
05:55:48 1795
05:56:48 1792
05:57:49 1793
05:58:49 1794
05:59:50 1795
06:00:50 1794
06:01:52 1798
06:02:51 1800
06:03:51 1798
06:04:52 1801
06:05:52 1798
06:06:53 1798
06:07:53 1785
06:08:53 1785
06:09:54 1785
06:10:54 1785
06:11:55 1785
06:12:55 1786
06:13:56 1787
06:14:56 1786
06:15:56 1786
06:16:57 1786
06:17:57 1786
06:18:58 1786
06:19:58 1786
06:20:58 1786
06:21:59 1786
06:22:59 1787
06:24:00 1786
06:25:00 1786
06:26:00 1787
06:27:01 1788
06:28:01 1788
06:29:02 1788
06:30:02 1789
06:31:03 1789
06:32:03 1790
06:33:04 1789
06:34:04 1789
06:35:04 1789
06:36:05 1789
06:37:05 1795
06:38:06 1794
06:39:06 1792
06:40:07 1793
06:41:07 1798
06:42:07 1799
06:43:08 1800
06:44:08 1800
06:45:09 1799
06:46:09 1799
06:47:09 1800
06:48:10 1799
06:49:10 1799
06:50:11 1800
06:51:11 1799
06:52:12 1799
06:53:12 1799
06:54:12 1799
06:55:13 1799
06:56:13 1801
06:57:14 1802
06:58:14 1800
06:59:15 1800
07:00:15 1801
07:01:15 1800
07:02:16 1800
07:03:17 1800
07:04:17 1801
07:05:17 1801
07:06:18 1801
07:07:18 1801
07:08:19 1801
07:09:19 1801
07:10:19 1801
07:11:20 1801
07:12:21 1801
07:13:21 1800
07:14:21 1800
07:15:22 1799
07:16:22 1801
07:17:23 1800
07:18:23 1809
07:19:24 1800
07:20:24 1799
07:21:25 1799
07:22:25 1800
07:23:25 1801
07:24:26 1803
07:25:26 1802
07:26:27 1781
07:27:27 1782
07:28:28 1783
07:29:28 1783
07:30:28 1786
07:31:29 1787
07:32:29 1787
07:33:30 1787
07:34:30 1787
07:35:30 1787
07:36:31 1786
07:37:31 1786
07:38:32 1786
07:39:32 1786
07:40:33 1789
07:41:33 1789
07:42:34 1787
07:43:34 1787
07:44:34 1786
07:45:35 1787
07:46:35 1787
07:47:36 1786
07:48:36 1786
07:49:37 1786
07:50:37 1786
07:51:37 1798
07:52:38 1800
07:53:38 1805
07:54:39 1801
07:55:39 1791
07:56:40 1793
07:57:40 1791
07:58:40 1793
07:59:41 1795
08:00:41 1795
08:01:42 1966
08:02:42 1969
08:03:42 1845
08:04:42 1847
08:05:43 1846
08:06:43 1847
08:07:43 1844
08:08:44 1846
08:09:44 1869
08:10:44 1862
08:11:45 1862
08:12:45 1862
08:13:45 1862
08:14:46 1865
08:15:46 1854
08:16:46 1855
08:17:47 1858
08:18:47 1851
08:19:48 1853
08:20:48 1854
08:21:49 1853
08:22:49 1862
08:23:49 1858
08:24:49 1855
08:25:50 1856
08:26:50 1862
08:27:51 1885
08:28:51 1857
08:29:51 1858
08:30:52 1857
08:31:52 1857
08:32:52 1859
08:33:52 1863
08:34:53 1863
08:35:53 1973
08:36:53 1919
08:37:54 1913
08:38:54 1936
08:39:54 1952
08:40:55 1946
08:41:55 1942
08:42:55 1941
08:43:56 1935
08:44:56 1944
08:45:56 1945
08:46:57 1852
08:47:57 1852
08:48:57 1857
08:49:58 1857
08:50:58 1859
08:51:58 1856
08:52:59 1855
08:53:59 1863
08:54:59 1845
08:56:00 1859
08:57:00 1860
08:58:01 1847
08:59:01 1870
09:00:02 1861
09:01:02 1864
09:02:02 1861
09:03:03 1926
09:04:03 1928
09:05:03 1906
09:06:04 1884
09:07:04 1853
09:08:04 1854
09:09:05 1851
09:10:05 1851
09:11:05 1859
09:12:06 1852
09:13:06 1896
09:14:06 1888
09:15:06 1918
09:16:07 1920
09:17:07 1930
09:18:08 1941
09:19:08 1938
09:20:09 1877
09:21:09 1887
09:22:09 1888
09:23:10 1892
09:24:10 1890
09:25:10 1875
09:26:11 1878
09:27:12 1782
09:28:12 1821
09:29:12 1835
09:30:13 1841
09:31:13 1846
09:32:13 1848
09:33:13 1842
09:34:14 1818
09:35:14 1814
09:36:14 1846
09:37:15 1849
09:38:15 1861
09:39:16 1859
09:40:16 1860
09:41:16 1862
09:42:16 1860
09:43:17 1891
09:44:17 1897
09:45:17 1903
09:46:18 1892
09:47:18 1894
09:48:18 1877
09:49:19 1863
09:50:19 1860
09:51:19 1863
09:52:20 1870
09:53:20 1869
09:54:20 1884
09:55:21 1888
09:56:21 1883
09:57:22 1866
09:58:22 1867
09:59:23 1868
10:00:24 1864
10:01:24 1863
10:02:24 1860
10:03:24 1859
10:04:25 1869
10:05:25 1853
10:06:25 1859
10:07:26 1859
10:08:26 1862
10:09:26 1864
10:10:27 1873
10:11:27 1876
10:12:27 1885
10:13:28 1881
10:14:28 1904
10:15:28 1869
10:16:29 1875
10:17:29 1864
10:18:29 1863
10:19:29 1859
10:20:31 1869
10:21:30 1869
10:22:30 1860
10:23:31 1888
10:24:31 1895
10:25:31 1879
10:26:32 1877
