00:01:21 -1 -1
00:01:58 -1 -1
00:02:58 -1 -1
00:04:03 -1 -1
00:05:02 -1 -1
00:06:06 -1 -1
00:07:12 -1 -1
02:00:05 -1 -1
02:01:05 -1 -1
02:02:06 5955 3627
02:03:06 -1 -1
02:04:06 -1 -1
02:05:07 -1 -1
02:06:07 -1 -1
02:07:08 6558 4344
02:08:08 5142 3387
02:09:09 -1 -1
02:10:09 -1 -1
02:11:10 8173 5200
02:12:10 6707 4548
02:13:10 -1 -1
02:14:11 -1 -1
02:15:11 4943 3167
02:16:12 -1 -1
02:17:12 -1 -1
02:18:12 5667 3698
02:19:13 5001 3189
02:20:13 6122 4644
02:21:14 5595 3998
02:22:14 4957 3750
02:23:14 5389 3326
02:24:15 -1 -1
02:25:15 4886 3420
02:26:16 6174 4171
02:27:16 -1 -1
02:28:17 4712 3256
02:29:17 -1 -1
02:30:17 5876 8955
02:31:18 -1 -1
02:32:18 -1 -1
02:33:19 -1 -1
02:34:19 -1 -1
02:35:20 10598 6493
02:36:20 5722 3715
02:37:20 -1 -1
02:38:21 6144 3623
02:39:21 6988 4226
02:40:22 -1 -1
02:41:22 -1 -1
02:42:22 -1 -1
02:43:23 -1 -1
02:44:23 7114 4709
02:45:24 -1 -1
02:46:24 -1 -1
02:47:25 9416 5987
02:48:25 -1 -1
02:49:25 -1 -1
02:50:26 14288 8599
02:51:26 -1 -1
02:52:27 -1 -1
02:53:27 8353 4867
02:54:28 -1 -1
02:55:28 -1 -1
02:56:29 -1 -1
02:57:29 9908 5795
02:58:29 10098 6010
02:59:30 6806 4171
03:00:30 10111 5750
03:01:31 8022 5422
03:02:31 8893 5153
03:03:31 -1 -1
03:04:32 10887 6455
03:05:33 -1 -1
03:06:33 8706 5089
03:07:33 7109 4402
03:08:34 -1 -1
03:09:34 8210 4820
03:10:35 7908 4631
03:11:35 -1 -1
03:12:36 8951 5432
03:13:36 8400 4961
03:14:36 -1 -1
03:15:37 -1 -1
03:16:38 7950 4726
03:17:38 -1 -1
03:18:38 8380 4910
03:19:39 -1 -1
03:20:39 8109 4615
03:21:40 -1 -1
03:22:40 8656 5081
03:23:41 -1 -1
03:24:41 3928 2285
03:25:42 -1 -1
03:26:42 -1 -1
03:27:42 6740 3945
03:28:43 -1 -1
03:29:43 -1 -1
03:30:44 13669 8099
03:31:44 4384 2700
03:32:45 -1 -1
03:33:45 5616 3326
03:34:46 4736 3342
03:35:47 4489 3194
03:36:47 2852 2180
03:37:48 -1 -1
03:38:48 3267 2047
03:39:48 4622 2834
03:40:49 -1 -1
03:41:49 -1 -1
03:42:50 -1 -1
03:43:50 -1 -1
03:44:51 2248 1566
03:45:51 3831 2419
03:46:52 2794 1777
03:47:52 -1 -1
03:48:52 -1 -1
03:49:53 3052 2018
03:50:53 -1 -1
03:51:54 1309 1161
03:52:54 -1 -1
03:53:55 -1 -1
03:54:55 2046 1244
03:55:56 1801 1233
03:56:56 -1 -1
03:57:56 -1 -1
03:58:57 -1 -1
03:59:57 -1 -1
04:00:58 1725 1044
04:01:58 -1 -1
04:02:59 1685 1187
04:03:59 1480 933
04:05:00 1378 1273
04:06:00 2219 1463
04:07:00 -1 -1
04:08:01 1606 1101
04:09:01 2129 1485
04:10:02 1912 1514
04:11:02 -1 -1
04:12:03 -1 -1
04:13:03 1730 1230
04:14:03 2121 1694
04:15:04 3451 2211
04:16:04 2208 1512
04:17:05 -1 -1
04:18:05 -1 -1
04:19:06 -1 -1
04:20:06 -1 -1
04:21:06 -1 -1
04:22:07 2461 1478
04:23:07 -1 -1
04:24:08 -1 -1
04:25:08 2085 1250
04:26:08 2023 1171
04:27:09 2446 1573
04:28:09 -1 -1
04:29:10 -1 -1
04:30:10 -1 -1
04:31:11 2472 1542
04:32:11 1786 1479
04:33:11 2501 1725
04:34:12 2893 1884
04:35:12 -1 -1
04:36:13 -1 -1
04:37:13 -1 -1
04:38:14 1795 1259
04:39:14 -1 -1
04:40:14 1485 1094
04:41:15 -1 -1
04:42:15 2514 2366
04:43:16 -1 -1
04:44:16 3901 3466
04:45:17 -1 -1
04:46:17 2404 1875
04:47:17 2181 1876
04:48:18 -1 -1
04:49:18 2799 2094
04:50:19 -1 -1
04:51:19 3145 4544
04:52:19 1986 3201
04:53:20 -1 -1
04:54:20 -1 -1
04:55:21 2409 1622
04:56:21 -1 -1
04:57:22 -1 -1
04:58:22 1577 1182
04:59:23 -1 -1
05:00:23 -1 -1
05:01:23 2137 1453
05:02:24 3322 2365
05:03:24 -1 -1
05:04:24 2739 1859
05:05:25 2275 1748
05:06:25 -1 -1
05:07:26 1719 986
05:08:26 -1 -1
05:09:27 2843 1641
05:10:27 -1 -1
05:11:27 -1 -1
05:12:28 2407 1613
05:13:28 -1 -1
05:14:29 -1 -1
05:15:29 -1 -1
05:16:30 2401 1517
05:17:30 3255 2307
05:18:30 -1 -1
05:19:31 2366 1570
05:20:31 3269 2218
05:21:32 2529 1659
05:22:32 -1 -1
05:23:33 -1 -1
05:24:33 8635 5225
05:25:33 3417 2122
05:26:34 -1 -1
05:27:34 -1 -1
05:28:35 3740 2118
05:29:35 -1 -1
05:30:36 -1 -1
05:31:36 3762 2200
05:32:36 -1 -1
05:33:37 3615 2437
05:34:37 -1 -1
05:35:38 3058 2037
05:36:38 3052 2679
05:37:38 2490 2306
05:38:39 -1 -1
05:39:39 -1 -1
05:40:40 -1 -1
05:41:40 3690 2670
05:42:41 3638 2238
05:43:41 -1 -1
05:44:42 -1 -1
05:45:42 -1 -1
05:46:42 3391 13278
05:47:43 3326 8129
05:48:43 1686 1819
05:49:44 -1 -1
05:50:44 2369 1516
05:51:45 -1 -1
05:52:45 1723 1303
05:53:45 2006 1421
05:54:46 -1 -1
05:55:46 3056 2181
05:56:47 3192 2619
05:57:47 2319 1719
05:58:48 2974 1922
05:59:48 -1 -1
06:00:49 3052 1905
06:01:49 -1 -1
06:02:49 -1 -1
06:03:50 -1 -1
06:04:50 -1 -1
06:05:51 -1 -1
06:06:51 -1 -1
06:07:51 -1 -1
06:08:52 3498 12966
06:09:52 2475 12074
06:10:53 3991 5560
06:11:53 2727 1797
06:12:53 -1 -1
06:13:54 -1 -1
06:14:54 3477 2093
06:15:55 3360 2157
06:16:55 -1 -1
06:17:56 3029 1981
06:18:56 -1 -1
06:19:56 -1 -1
06:20:57 -1 -1
06:21:57 2880 2250
06:22:58 2910 1824
06:23:58 2636 1610
06:24:59 -1 -1
06:25:59 2104 1425
06:26:59 -1 -1
06:28:00 2987 1932
06:29:00 2034 1441
06:30:01 1921 1171
06:31:01 4602 2709
06:32:02 -1 -1
06:33:02 -1 -1
06:34:02 4042 4885
06:35:03 -1 -1
06:36:03 -1 -1
06:37:04 -1 -1
06:38:04 2846 1794
06:39:04 2918 1804
06:40:05 2921 1847
06:41:05 -1 -1
06:42:06 3235 2044
06:43:06 5952 3741
06:44:07 -1 -1
06:45:07 2380 1685
06:46:08 1438 1000
06:47:08 -1 -1
06:48:08 -1 -1
06:49:09 -1 -1
06:50:09 -1 -1
06:51:10 2101 1652
06:52:10 -1 -1
06:53:10 -1 -1
06:54:11 3544 4505
06:55:11 -1 -1
06:56:12 -1 -1
06:57:12 -1 -1
06:58:13 2331 1420
06:59:13 1875 1211
07:00:14 3726 2151
07:01:14 -1 -1
07:02:14 3331 1924
07:03:15 3415 2277
07:04:15 -1 -1
07:05:16 2620 1698
07:06:16 3688 2450
07:07:17 2689 3982
07:08:17 -1 -1
07:09:17 -1 -1
07:10:18 -1 -1
07:11:19 1604 1330
07:12:19 -1 -1
07:13:19 -1 -1
07:14:20 4933 3204
07:15:20 -1 -1
07:16:21 1897 1292
07:17:21 -1 -1
07:18:22 -1 -1
07:19:22 2766 2028
07:20:23 -1 -1
07:21:23 -1 -1
07:22:23 2805 1910
07:23:24 -1 -1
07:24:24 5482 3519
07:25:25 3741 2345
07:26:25 -1 -1
07:27:25 2019 1403
07:28:26 4980 2969
07:29:26 2982 1750
07:30:27 -1 -1
07:31:27 -1 -1
07:32:28 2552 1720
07:33:28 3047 1827
07:34:28 -1 -1
07:35:29 -1 -1
07:36:29 -1 -1
07:37:30 3576 2228
07:38:30 2638 1911
07:39:31 2337 1687
07:40:31 4263 2631
07:41:32 -1 -1
07:42:32 2585 1692
07:43:32 -1 -1
07:44:33 3038 1991
07:45:33 3972 4253
07:46:34 -1 -1
07:47:34 3981 2497
07:48:35 -1 -1
07:49:35 2054 11529
07:50:36 -1 -1
07:51:36 3255 8839
07:52:36 -1 -1
07:53:37 -1 -1
07:54:37 -1 -1
07:55:37 -1 -1
07:56:38 -1 -1
07:57:38 -1 -1
07:58:38 -1 -1
07:59:39 2046 1320
08:00:40 2502 1777
08:01:40 -1 -1
08:02:40 -1 -1
08:03:40 4148 2603
08:04:41 -1 -1
08:05:41 -1 -1
08:06:41 -1 -1
08:07:42 2859 1891
08:08:42 -1 -1
08:09:42 -1 -1
08:10:43 2727 3019
08:11:43 2400 1639
08:12:43 -1 -1
08:13:44 3082 2586
08:14:44 -1 -1
08:15:44 -1 -1
08:16:45 2601 1504
08:17:46 -1 -1
08:18:47 -1 -1
08:19:47 -1 -1
08:20:47 -1 -1
08:21:48 -1 -1
08:22:48 -1 -1
08:23:48 -1 -1
08:24:49 3171 1945
08:25:49 4881 3043
08:26:50 4912 2849
08:27:50 -1 -1
08:28:50 -1 -1
08:29:54 -1 -1
08:30:51 -1 -1
08:31:51 3154 1987
08:33:00 2703 1944
08:33:52 3185 1920
08:34:52 3295 2113
08:35:52 -1 -1
08:36:53 2098 1428
08:37:53 2516 1488
08:38:54 2899 1752
08:39:54 -1 -1
08:40:54 3130 2233
08:41:54 -1 -1
08:42:55 5483 3245
08:43:55 3247 1991
08:44:55 -1 -1
08:45:56 -1 -1
08:46:56 -1 -1
08:47:56 -1 -1
08:48:57 -1 -1
08:49:57 2544 1679
08:50:57 2190 1420
08:51:58 -1 -1
08:52:58 2832 1744
08:53:58 2714 1700
08:54:59 2848 1869
08:55:59 4482 2726
08:56:59 -1 -1
08:57:59 3186 1909
08:59:00 -1 -1
09:00:00 -1 -1
09:01:00 -1 -1
09:02:01 1886 2708
09:03:01 -1 -1
09:04:01 3063 1831
09:05:02 3147 1956
09:06:02 2958 2047
09:07:02 5214 3260
09:08:03 4735 2852
09:09:03 -1 -1
09:10:03 6491 3903
09:11:04 5050 3117
09:12:04 2382 1639
09:13:04 -1 -1
09:14:05 2400 1550
09:15:05 -1 -1
09:16:05 2196 1452
09:17:05 -1 -1
09:18:07 -1 -1
09:19:08 2350 1419
09:20:11 -1 -1
09:21:08 2560 8699
09:22:09 -1 -1
09:23:09 2276 3831
09:24:09 2456 1762
09:25:10 -1 -1
09:26:10 2475 1830
09:27:10 -1 -1
09:28:30 -1 -1
09:29:11 3964 2266
09:30:11 -1 -1
09:31:11 3968 2361
09:32:11 -1 -1
09:33:12 -1 -1
09:34:12 3354 2021
09:35:12 -1 -1
09:36:13 -1 -1
09:37:13 -1 -1
09:38:14 2473 1418
09:39:14 1805 1246
09:40:14 -1 -1
09:41:14 -1 -1
09:42:15 -1 -1
09:43:15 2353 1375
09:44:15 -1 -1
09:45:16 2059 1346
09:46:16 2413 1565
09:47:17 2466 1368
09:48:21 -1 -1
09:49:18 2468 1435
09:50:18 2610 2447
09:51:19 2619 1925
09:52:19 2198 1617
09:53:19 6955 4171
09:54:20 -1 -1
09:55:20 -1 -1
09:56:21 -1 -1
09:57:21 -1 -1
09:58:21 -1 -1
09:59:22 2309 1419
10:00:26 3172 1936
10:01:23 -1 -1
10:02:23 -1 -1
10:03:24 -1 -1
10:04:24 2693 2114
10:05:24 -1 -1
10:06:25 2740 1839
10:07:25 -1 -1
10:08:25 2497 1847
10:09:26 -1 -1
10:10:26 -1 -1
10:11:26 -1 -1
10:12:27 -1 -1
10:13:27 1910 1279
10:14:27 3321 2306
10:15:28 -1 -1
10:16:47 -1 -1
10:17:28 -1 -1
10:18:31 -1 -1
10:19:29 2230 1358
10:20:30 -1 -1
10:21:29 2456 1535
10:22:30 3642 2191
10:23:30 3117 1891
10:24:30 2535 1619
10:25:31 -1 -1
10:26:31 2818 1587
