00:00:59 1 1
00:01:57 1 1
00:02:57 1 1
00:04:07 1 1
00:05:02 1 1
00:06:08 1 1
00:07:18 1 1
02:00:04 1 1
02:01:04 1 1
02:02:05 1 1
02:03:05 1 1
02:04:05 1 1
02:05:06 1 1
02:06:06 1 1
02:07:07 1 1
02:08:07 1 1
02:09:08 1 1
02:10:08 1 1
02:11:09 1 1
02:12:09 1 1
02:13:09 1 1
02:14:10 1 1
02:15:10 1 1
02:16:11 1 1
02:17:11 1 1
02:18:11 1 1
02:19:12 1 1
02:20:12 1 1
02:21:15 1 1
02:22:13 1 1
02:23:13 1 1
02:24:16 1 1
02:25:14 1 1
02:26:15 1 1
02:27:15 1 1
02:28:16 1 1
02:29:16 1 1
02:30:16 1 1
02:31:17 1 1
02:32:17 1 1
02:33:18 1 1
02:34:18 1 1
02:35:19 1 1
02:36:19 1 1
02:37:19 1 1
02:38:24 0 0
02:39:20 1 1
02:40:21 1 1
02:41:21 1 1
02:42:21 1 1
02:43:22 1 1
02:44:22 1 1
02:45:23 1 1
02:46:23 1 1
02:47:23 1 1
02:48:24 1 1
02:49:24 1 1
02:50:25 1 1
02:51:25 1 1
02:52:26 1 1
02:53:26 1 1
02:54:30 0 0
02:55:31 0 0
02:56:28 1 1
02:57:32 0 0
02:58:28 1 1
02:59:31 1 1
03:00:29 1 1
03:01:30 1 1
03:02:32 1 1
03:03:34 0 0
03:04:31 1 1
03:05:32 1 1
03:06:32 1 1
03:07:33 1 1
03:08:33 1 1
03:09:33 1 1
03:10:34 1 1
03:11:34 1 1
03:12:38 0 0
03:13:35 1 1
03:14:36 1 1
03:15:40 0 0
03:16:37 1 1
03:17:37 1 1
03:18:41 0 0
03:19:38 1 1
03:20:42 0 0
03:21:39 1 1
03:22:39 1 1
03:23:42 1 1
03:24:40 1 1
03:25:41 1 1
03:26:41 1 1
03:27:41 1 1
03:28:44 1 1
03:29:42 1 1
03:30:46 0 0
03:31:43 1 1
03:32:43 1 1
03:33:48 0 0
03:34:45 1 1
03:35:49 0 0
03:36:46 1 1
03:37:47 1 1
03:38:47 1 1
03:39:51 0 0
03:40:48 1 1
03:41:48 1 1
03:42:53 0 0
03:43:49 1 1
03:44:50 1 1
03:45:54 0 0
03:46:50 1 1
03:47:55 0 0
03:48:51 1 1
03:49:52 1 1
03:50:54 1 1
03:51:53 1 1
03:52:57 0 0
03:53:57 0 0
03:54:54 1 1
03:55:58 0 0
03:56:55 1 1
03:57:55 1 1
03:59:00 0 0
03:59:56 1 1
04:01:03 0 0
04:01:57 1 1
04:03:02 0 0
04:03:58 1 1
04:04:59 1 1
04:05:59 1 1
04:07:03 0 0
04:08:00 1 1
04:09:04 0 0
04:10:01 1 1
04:11:01 1 1
04:12:02 1 1
04:13:02 1 1
04:14:02 1 1
04:15:03 1 1
04:16:03 1 1
04:17:04 1 1
04:18:08 0 0
04:19:04 1 1
04:20:05 1 1
04:21:05 1 1
04:22:06 1 1
04:23:06 1 1
04:24:10 0 0
04:25:07 1 1
04:26:11 0 0
04:27:08 1 1
04:28:08 1 1
04:29:09 1 1
04:30:13 0 0
04:31:09 1 1
04:32:10 1 1
04:33:10 1 1
04:34:11 1 1
04:35:11 1 1
04:36:12 1 1
04:37:12 1 1
04:38:13 1 1
04:39:13 1 1
04:40:13 1 1
04:41:14 1 1
04:42:16 1 1
04:43:15 1 1
04:44:15 1 1
04:45:16 1 1
04:46:20 0 0
04:47:16 1 1
04:48:17 1 1
04:49:17 1 1
04:50:21 0 0
04:51:18 1 1
04:52:18 1 1
04:53:21 1 1
04:54:19 1 1
04:55:20 1 1
04:56:24 0 0
04:57:21 1 1
04:58:21 1 1
04:59:21 1 1
05:00:24 1 1
05:01:22 1 1
05:02:26 0 0
05:03:23 1 1
05:04:23 1 1
05:05:24 1 1
05:06:24 1 1
05:07:25 1 1
05:08:29 0 0
05:09:26 1 1
05:10:26 1 1
05:11:26 1 1
05:12:27 1 1
05:13:31 0 0
05:14:28 1 1
05:15:28 1 1
05:16:32 0 0
05:17:29 1 1
05:18:29 1 1
05:19:30 1 1
05:20:30 1 1
05:21:31 1 1
05:22:35 0 0
05:23:32 1 1
05:24:36 0 0
05:25:32 1 1
05:26:33 1 1
05:27:33 1 1
05:28:36 1 1
05:29:34 1 1
05:30:38 0 0
05:31:35 1 1
05:32:35 1 1
05:33:40 0 0
05:34:36 1 1
05:35:37 1 1
05:36:39 1 1
05:37:37 1 1
05:38:38 1 1
05:39:38 1 1
05:40:43 0 0
05:41:39 1 1
05:42:44 0 0
05:43:40 1 1
05:44:41 1 1
05:45:45 0 0
05:46:41 1 1
05:47:42 1 1
05:48:42 1 1
05:49:43 1 1
05:50:43 1 1
05:51:43 1 1
05:52:46 1 1
05:53:44 1 1
05:54:45 1 1
05:55:49 0 0
05:56:46 1 1
05:57:50 0 0
05:58:47 1 1
05:59:47 1 1
06:00:51 0 0
06:01:48 1 1
06:02:50 1 1
06:03:51 1 1
06:04:49 1 1
06:05:50 1 1
06:06:54 0 0
06:07:50 1 1
06:08:51 1 1
06:09:52 1 1
06:10:52 1 1
06:11:56 0 0
06:12:52 1 1
06:13:53 1 1
06:14:53 1 1
06:15:58 0 0
06:16:54 1 1
06:17:58 0 0
06:18:55 1 1
06:19:55 1 1
06:20:58 1 1
06:21:58 1 1
06:22:57 1 1
06:23:57 1 1
06:24:57 1 1
06:25:58 1 1
06:26:58 1 1
06:27:59 1 1
06:28:59 1 1
06:30:00 1 1
06:31:00 1 1
06:32:00 1 1
06:33:01 1 1
06:34:01 1 1
06:35:06 0 0
06:36:02 1 1
06:37:03 1 1
06:38:05 1 1
06:39:04 1 1
06:40:04 1 1
06:41:04 1 1
06:42:05 1 1
06:43:05 1 1
06:44:06 1 1
06:45:06 1 1
06:46:06 1 1
06:47:07 1 1
06:48:07 1 1
06:49:10 1 1
06:50:08 1 1
06:51:09 1 1
06:52:09 1 1
06:53:13 0 0
06:54:10 1 1
06:55:12 1 1
06:56:11 1 1
06:57:15 0 0
06:58:12 1 1
06:59:12 1 1
07:00:12 1 1
07:01:13 1 1
07:02:13 1 1
07:03:14 1 1
07:04:14 1 1
07:05:19 0 0
07:06:15 1 1
07:07:16 1 1
07:08:16 1 1
07:09:20 0 0
07:10:17 1 1
07:11:17 1 1
07:12:18 1 1
07:13:18 1 1
07:14:23 0 0
07:15:19 1 1
07:16:20 1 1
07:17:20 1 1
07:18:21 1 1
07:19:21 1 1
07:20:22 1 1
07:21:22 1 1
07:22:24 1 1
07:23:23 1 1
07:24:23 1 1
07:25:24 1 1
07:26:24 1 1
07:27:24 1 1
07:28:25 1 1
07:29:25 1 1
07:30:26 1 1
07:31:26 1 1
07:32:27 1 1
07:33:29 1 1
07:34:27 1 1
07:35:28 1 1
07:36:28 1 1
07:37:29 1 1
07:38:29 1 1
07:39:30 1 1
07:40:30 1 1
07:41:31 1 1
07:42:35 0 0
07:43:31 1 1
07:44:32 1 1
07:45:32 1 1
07:46:33 1 1
07:47:37 1 1
07:48:34 1 1
07:49:34 1 1
07:50:34 1 1
07:51:37 1 1
07:52:35 1 1
07:53:36 1 1
07:54:36 1 1
07:55:36 1 1
07:56:37 1 1
07:57:38 1 1
07:58:41 0 0
07:59:38 1 1
08:00:39 1 1
08:01:39 1 1
08:02:39 1 1
08:03:43 0 0
08:04:40 1 1
08:05:40 1 1
08:06:40 1 1
08:07:41 1 1
08:08:45 0 0
08:09:41 1 1
08:10:42 1 1
08:11:42 1 1
08:12:42 1 1
08:13:46 0 0
08:14:43 1 1
08:15:43 1 1
08:16:44 1 1
08:17:45 1 1
08:18:46 1 1
08:19:46 1 1
08:20:47 1 1
08:21:51 0 0
08:22:47 1 1
08:23:47 1 1
08:24:48 1 1
08:25:48 1 1
08:26:51 1 1
08:27:49 1 1
08:28:49 1 1
08:29:49 1 1
08:30:52 1 1
08:31:50 1 1
08:32:50 1 1
08:33:51 1 1
08:34:55 0 0
08:35:51 1 1
08:36:52 1 1
08:37:56 0 0
08:38:52 1 1
08:39:53 1 1
08:40:53 1 1
08:41:53 1 1
08:42:57 0 0
08:43:54 1 1
08:44:54 1 1
08:45:55 1 1
08:46:55 1 1
08:47:59 0 0
08:48:56 1 1
08:49:56 1 1
08:50:56 1 1
08:51:57 1 1
08:52:59 1 1
08:53:59 1 1
08:54:58 1 1
08:55:58 1 1
08:56:58 1 1
08:57:59 1 1
08:58:59 1 1
08:59:59 1 1
09:00:59 1 1
09:02:00 1 1
09:03:00 1 1
09:04:00 1 1
09:05:01 1 1
09:06:03 1 1
09:07:01 1 1
09:08:02 1 1
09:09:02 1 1
09:10:02 1 1
09:11:02 1 1
09:12:03 1 1
09:13:03 1 1
09:14:04 1 1
09:15:04 1 1
09:16:04 1 1
09:17:04 1 1
09:18:06 1 1
09:19:07 1 1
09:20:07 1 1
09:21:07 1 1
09:22:08 1 1
09:23:08 1 1
09:24:08 1 1
09:25:09 1 1
09:26:09 1 1
09:27:09 1 1
09:28:10 1 1
09:29:10 1 1
09:30:10 1 1
09:31:10 1 1
09:32:10 1 1
09:33:11 1 1
09:34:11 1 1
09:35:11 1 1
09:36:12 1 1
09:37:12 1 1
09:38:13 1 1
09:39:13 1 1
09:40:13 1 1
09:41:14 1 1
09:42:14 1 1
09:43:14 1 1
09:44:14 1 1
09:45:15 1 1
09:46:15 1 1
09:47:16 1 1
09:48:17 1 1
09:49:17 1 1
09:50:17 1 1
09:51:18 1 1
09:52:18 1 1
09:53:20 1 1
09:54:19 1 1
09:55:19 1 1
09:56:20 1 1
09:57:20 1 1
09:58:20 1 1
09:59:21 1 1
10:00:22 1 1
10:01:22 1 1
10:02:22 1 1
10:03:23 1 1
10:04:23 1 1
10:05:23 1 1
10:06:24 1 1
10:07:24 1 1
10:08:24 1 1
10:09:25 1 1
10:10:25 1 1
10:11:25 1 1
10:12:26 1 1
10:13:26 1 1
10:14:26 1 1
10:15:26 1 1
10:16:33 0 0
10:17:27 1 1
10:18:27 1 1
10:19:28 1 1
10:20:30 1 1
10:21:28 1 1
10:22:29 1 1
10:23:29 1 1
10:24:29 1 1
10:25:30 1 1
10:26:30 1 1
