00:00:34 1 1
00:00:46 1 1
00:01:36 1 1
00:01:50 1 1
00:02:33 1 1
00:02:49 1 1
00:03:24 1 1
00:04:07 1 1
00:04:21 1 1
00:05:02 1 1
00:05:21 1 1
00:05:56 1 1
00:06:49 1 1
00:06:54 1 1
00:07:27 1 1
02:00:04 1 1
02:00:34 1 1
02:01:04 1 1
02:01:34 1 1
02:02:05 1 1
02:02:35 1 1
02:03:05 1 1
02:03:35 1 1
02:04:05 1 1
02:04:35 1 1
02:05:06 1 1
02:05:36 1 1
02:06:06 1 1
02:06:36 1 1
02:07:07 1 1
02:07:37 1 1
02:08:07 1 1
02:08:37 1 1
02:09:08 1 1
02:09:38 1 1
02:10:08 1 1
02:10:38 1 1
02:11:08 1 1
02:11:39 1 1
02:12:09 1 1
02:12:39 1 1
02:13:09 1 1
02:13:39 1 1
02:14:10 1 1
02:14:40 1 1
02:15:10 1 1
02:15:40 1 1
02:16:11 1 1
02:16:41 1 1
02:17:11 1 1
02:17:41 1 1
02:18:11 1 1
02:18:41 1 1
02:19:12 1 1
02:19:42 1 1
02:20:12 1 1
02:20:42 1 1
02:21:13 1 1
02:21:43 1 1
02:22:13 1 1
02:22:43 1 1
02:23:13 1 1
02:23:44 1 1
02:24:14 1 1
02:24:44 1 1
02:25:14 1 1
02:25:44 1 1
02:26:15 1 1
02:26:45 1 1
02:27:15 1 1
02:27:45 1 1
02:28:16 1 1
02:28:46 1 1
02:29:16 1 1
02:29:46 1 1
02:30:16 1 1
02:30:46 1 1
02:31:17 1 1
02:31:47 1 1
02:32:17 1 1
02:32:47 1 1
02:33:18 1 1
02:33:48 1 1
02:34:18 1 1
02:34:48 1 1
02:35:18 1 1
02:35:49 1 1
02:36:19 1 1
02:36:49 1 1
02:37:19 1 1
02:37:49 1 1
02:38:20 1 1
02:38:50 1 1
02:39:20 1 1
02:39:50 1 1
02:40:21 1 1
02:40:51 1 1
02:41:21 1 1
02:41:51 1 1
02:42:21 1 1
02:42:51 1 1
02:43:22 1 1
02:43:52 1 1
02:44:22 1 1
02:44:52 1 1
02:45:23 1 1
02:45:53 1 1
02:46:23 1 1
02:46:53 1 1
02:47:23 1 1
02:47:53 1 1
02:48:24 1 1
02:48:54 1 1
02:49:24 1 1
02:49:54 1 1
02:50:25 1 1
02:50:55 1 1
02:51:25 1 1
02:51:55 1 1
02:52:26 1 1
02:52:56 1 1
02:53:26 1 1
02:53:56 1 1
02:54:27 1 1
02:54:57 1 1
02:55:27 1 1
02:55:57 1 1
02:56:27 1 1
02:56:58 1 1
02:57:28 1 1
02:57:58 1 1
02:58:28 1 1
02:58:58 1 1
02:59:29 1 1
02:59:59 1 1
03:00:29 1 1
03:00:59 1 1
03:01:30 1 1
03:02:00 1 1
03:02:30 1 1
03:03:00 1 1
03:03:30 1 1
03:04:01 1 1
03:04:31 1 1
03:05:01 1 1
03:05:32 1 1
03:06:02 1 1
03:06:32 1 1
03:07:02 1 1
03:07:32 1 1
03:08:03 1 1
03:08:33 1 1
03:09:03 1 1
03:09:33 1 1
03:10:03 1 1
03:10:34 1 1
03:11:04 1 1
03:11:34 1 1
03:12:04 1 1
03:12:35 1 1
03:13:05 1 1
03:13:35 1 1
03:14:05 1 1
03:14:35 1 1
03:15:06 1 1
03:15:36 1 1
03:16:06 1 1
03:16:37 1 1
03:17:07 1 1
03:17:37 1 1
03:18:07 1 1
03:18:37 1 1
03:19:07 1 1
03:19:38 1 1
03:20:08 1 1
03:20:38 1 1
03:21:08 1 1
03:21:39 1 1
03:22:09 1 1
03:22:39 1 1
03:23:09 1 1
03:23:40 1 1
03:24:10 1 1
03:24:40 1 1
03:25:10 1 1
03:25:40 1 1
03:26:11 1 1
03:26:41 1 1
03:27:11 1 1
03:27:41 1 1
03:28:11 1 1
03:28:42 1 1
03:29:12 1 1
03:29:42 1 1
03:30:12 1 1
03:30:43 1 1
03:31:13 1 1
03:31:43 1 1
03:32:13 1 1
03:32:43 1 1
03:33:13 1 1
03:33:44 1 1
03:34:14 1 1
03:34:45 1 1
03:35:15 1 1
03:35:45 1 1
03:36:16 1 1
03:36:46 1 1
03:37:16 1 1
03:37:46 1 1
03:38:17 1 1
03:38:47 1 1
03:39:17 1 1
03:39:47 1 1
03:40:19 1 1
03:40:48 1 1
03:41:18 1 1
03:41:48 1 1
03:42:18 1 1
03:42:49 1 1
03:43:19 1 1
03:43:49 1 1
03:44:19 1 1
03:44:49 1 1
03:45:20 1 1
03:45:50 1 1
03:46:20 1 1
03:46:50 1 1
03:47:20 1 1
03:47:51 1 1
03:48:21 1 1
03:48:51 1 1
03:49:21 1 1
03:49:52 1 1
03:50:22 1 1
03:50:52 1 1
03:51:22 1 1
03:51:53 1 1
03:52:23 1 1
03:52:53 1 1
03:53:23 1 1
03:53:53 1 1
03:54:23 1 1
03:54:54 1 1
03:55:24 1 1
03:55:54 1 1
03:56:25 1 1
03:56:55 1 1
03:57:25 1 1
03:57:55 1 1
03:58:25 1 1
03:58:56 1 1
03:59:26 1 1
03:59:56 1 1
04:00:26 1 1
04:00:57 1 1
04:01:27 1 1
04:01:57 1 1
04:02:27 1 1
04:02:58 1 1
04:03:28 1 1
04:03:58 1 1
04:04:28 1 1
04:04:58 1 1
04:05:29 1 1
04:05:59 1 1
04:06:29 1 1
04:06:59 1 1
04:07:29 1 1
04:08:00 1 1
04:08:30 1 1
04:09:00 1 1
04:09:30 1 1
04:10:01 1 1
04:10:31 1 1
04:11:01 1 1
04:11:31 1 1
04:12:01 1 1
04:12:32 1 1
04:13:02 1 1
04:13:32 1 1
04:14:02 1 1
04:14:32 1 1
04:15:03 1 1
04:15:33 1 1
04:16:03 1 1
04:16:33 1 1
04:17:04 1 1
04:17:34 1 1
04:18:04 1 1
04:18:34 1 1
04:19:04 1 1
04:19:34 1 1
04:20:05 1 1
04:20:35 1 1
04:21:05 1 1
04:21:35 1 1
04:22:06 1 1
04:22:36 1 1
04:23:06 1 1
04:23:36 1 1
04:24:07 1 1
04:24:37 1 1
04:25:07 1 1
04:25:37 1 1
04:26:07 1 1
04:26:37 1 1
04:27:08 1 1
04:27:38 1 1
04:28:08 1 1
04:28:38 1 1
04:29:09 1 1
04:29:39 1 1
04:30:09 1 1
04:30:39 1 1
04:31:09 1 1
04:31:39 1 1
04:32:10 1 1
04:32:40 1 1
04:33:10 1 1
04:33:40 1 1
04:34:11 1 1
04:34:41 1 1
04:35:11 1 1
04:35:41 1 1
04:36:12 1 1
04:36:42 1 1
04:37:12 1 1
04:37:42 1 1
04:38:12 1 1
04:38:45 1 1
04:39:13 1 1
04:39:43 1 1
04:40:13 1 1
04:40:43 1 1
04:41:14 1 1
04:41:44 1 1
04:42:14 1 1
04:42:44 1 1
04:43:15 1 1
04:43:45 1 1
04:44:15 1 1
04:44:45 1 1
04:45:15 1 1
04:45:46 1 1
04:46:16 1 1
04:46:46 1 1
04:47:16 1 1
04:47:46 1 1
04:48:17 1 1
04:48:47 1 1
04:49:17 1 1
04:49:47 1 1
04:50:18 1 1
04:50:48 1 1
04:51:18 1 1
04:51:48 1 1
04:52:18 1 1
04:52:48 1 1
04:53:19 1 1
04:53:49 1 1
04:54:19 1 1
04:54:49 1 1
04:55:20 1 1
04:55:50 1 1
04:56:20 1 1
04:56:50 1 1
04:57:21 1 1
04:57:51 1 1
04:58:21 1 1
04:58:51 1 1
04:59:21 1 1
04:59:51 1 1
05:00:22 1 1
05:00:52 1 1
05:01:22 1 1
05:01:52 1 1
05:02:22 1 1
05:02:53 1 1
05:03:23 1 1
05:03:53 1 1
05:04:23 1 1
05:04:53 1 1
05:05:24 1 1
05:05:54 1 1
05:06:24 1 1
05:06:54 1 1
05:07:25 1 1
05:07:55 1 1
05:08:25 1 1
05:08:55 1 1
05:09:25 1 1
05:09:56 1 1
05:10:26 1 1
05:10:56 1 1
05:11:26 1 1
05:11:56 1 1
05:12:27 1 1
05:12:57 1 1
05:13:27 1 1
05:13:57 1 1
05:14:28 1 1
05:14:58 1 1
05:15:28 1 1
05:15:58 1 1
05:16:28 1 1
05:16:59 1 1
05:17:29 1 1
05:17:59 1 1
05:18:29 1 1
05:18:59 1 1
05:19:30 1 1
05:20:00 1 1
05:20:30 1 1
05:21:00 1 1
05:21:31 1 1
05:22:01 1 1
05:22:31 1 1
05:23:01 1 1
05:23:31 1 1
05:24:02 1 1
05:24:32 1 1
05:25:02 1 1
05:25:32 1 1
05:26:02 1 1
05:26:33 1 1
05:27:03 1 1
05:27:33 1 1
05:28:03 1 1
05:28:34 1 1
05:29:04 1 1
05:29:34 1 1
05:30:04 1 1
05:30:34 1 1
05:31:04 1 1
05:31:35 1 1
05:32:05 1 1
05:32:35 1 1
05:33:05 1 1
05:33:36 1 1
05:34:06 1 1
05:34:36 1 1
05:35:06 1 1
05:35:36 1 1
05:36:07 1 1
05:36:37 1 1
05:37:07 1 1
05:37:37 1 1
05:38:08 1 1
05:38:38 1 1
05:39:08 1 1
05:39:38 1 1
05:40:08 1 1
05:40:39 1 1
05:41:09 1 1
05:41:39 1 1
05:42:09 1 1
05:42:40 1 1
05:43:10 1 1
05:43:40 1 1
05:44:10 1 1
05:44:40 1 1
05:45:11 1 1
05:45:41 1 1
05:46:11 1 1
05:46:41 1 1
05:47:11 1 1
05:47:42 1 1
05:48:12 1 1
05:48:42 1 1
05:49:12 1 1
05:49:42 1 1
05:50:13 1 1
05:50:43 1 1
05:51:13 1 1
05:51:43 1 1
05:52:13 1 1
05:52:44 1 1
05:53:14 1 1
05:53:44 1 1
05:54:14 1 1
05:54:45 1 1
05:55:15 1 1
05:55:45 1 1
05:56:15 1 1
05:56:46 1 1
05:57:16 1 1
05:57:46 1 1
05:58:16 1 1
05:58:47 1 1
05:59:17 1 1
05:59:47 1 1
06:00:17 1 1
06:00:47 1 1
06:01:18 1 1
06:01:48 1 1
06:02:18 1 1
06:02:48 1 1
06:03:18 1 1
06:03:49 1 1
06:04:19 1 1
06:04:49 1 1
06:05:19 1 1
06:05:50 1 1
06:06:20 1 1
06:06:50 1 1
06:07:20 1 1
06:07:50 1 1
06:08:20 1 1
06:08:51 1 1
06:09:21 1 1
06:09:51 1 1
06:10:21 1 1
06:10:52 1 1
06:11:22 1 1
06:11:52 1 1
06:12:22 1 1
06:12:52 1 1
06:13:23 1 1
06:13:53 1 1
06:14:23 1 1
06:14:53 1 1
06:15:23 1 1
06:15:54 1 1
06:16:24 1 1
06:16:54 1 1
06:17:24 1 1
06:17:55 1 1
06:18:25 1 1
06:18:55 1 1
06:19:25 1 1
06:19:55 1 1
06:20:25 1 1
06:20:56 1 1
06:21:26 1 1
06:21:56 1 1
06:22:26 1 1
06:22:57 1 1
06:23:27 1 1
06:23:57 1 1
06:24:27 1 1
06:24:57 1 1
06:25:28 1 1
06:25:58 1 1
06:26:28 1 1
06:26:58 1 1
06:27:28 1 1
06:27:59 1 1
06:28:29 1 1
06:28:59 1 1
06:29:29 1 1
06:30:00 1 1
06:30:30 1 1
06:31:00 1 1
06:31:30 1 1
06:32:00 1 1
06:32:30 1 1
06:33:01 1 1
06:33:31 1 1
06:34:01 1 1
06:34:31 1 1
06:35:02 1 1
06:35:32 1 1
06:36:02 1 1
06:36:32 1 1
06:37:03 1 1
06:37:33 1 1
06:38:03 1 1
06:38:33 1 1
06:39:03 1 1
06:39:34 1 1
06:40:04 1 1
06:40:34 1 1
06:41:04 1 1
06:41:34 1 1
06:42:05 1 1
06:42:35 1 1
06:43:05 1 1
06:43:35 1 1
06:44:05 1 1
06:44:36 1 1
06:45:06 1 1
06:45:36 1 1
06:46:06 1 1
06:46:36 1 1
06:47:07 1 1
06:47:37 1 1
06:48:07 1 1
06:48:37 1 1
06:49:08 1 1
06:49:38 1 1
06:50:08 1 1
06:50:38 1 1
06:51:09 1 1
06:51:39 1 1
06:52:09 1 1
06:52:39 1 1
06:53:09 1 1
06:53:39 1 1
06:54:10 1 1
06:54:40 1 1
06:55:10 1 1
06:55:40 1 1
06:56:11 1 1
06:56:41 1 1
06:57:11 1 1
06:57:41 1 1
06:58:12 1 1
06:58:42 1 1
06:59:12 1 1
06:59:42 1 1
07:00:12 1 1
07:00:42 1 1
07:01:13 1 1
07:01:44 1 1
07:02:13 1 1
07:02:44 1 1
07:03:14 1 1
07:03:44 1 1
07:04:14 1 1
07:04:44 1 1
07:05:15 1 1
07:05:45 1 1
07:06:15 1 1
07:06:45 1 1
07:07:15 1 1
07:07:46 1 1
07:08:16 1 1
07:08:46 1 1
07:09:16 1 1
07:09:46 1 1
07:10:17 1 1
07:10:47 1 1
07:11:17 1 1
07:11:48 1 1
07:12:18 1 1
07:12:48 1 1
07:13:18 1 1
07:13:48 1 1
07:14:19 1 1
07:14:49 1 1
07:15:19 1 1
07:15:49 1 1
07:16:20 1 1
07:16:50 1 1
07:17:20 1 1
07:17:50 1 1
07:18:21 1 1
07:18:51 1 1
07:19:21 1 1
07:19:51 1 1
07:20:21 1 1
07:20:52 1 1
07:21:22 1 1
07:21:52 1 1
07:22:22 1 1
07:22:52 1 1
07:23:23 1 1
07:23:53 1 1
07:24:23 1 1
07:24:53 1 1
07:25:24 1 1
07:25:54 1 1
07:26:24 1 1
07:26:54 1 1
07:27:24 1 1
07:27:55 1 1
07:28:25 1 1
07:28:55 1 1
07:29:25 1 1
07:29:55 1 1
07:30:26 1 1
07:30:56 1 1
07:31:26 1 1
07:31:56 1 1
07:32:27 1 1
07:32:57 1 1
07:33:27 1 1
07:33:57 1 1
07:34:29 1 1
07:34:57 1 1
07:35:28 1 1
07:35:58 1 1
07:36:28 1 1
07:36:58 1 1
07:37:29 1 1
07:37:59 1 1
07:38:29 1 1
07:38:59 1 1
07:39:30 1 1
07:40:00 1 1
07:40:30 1 1
07:41:00 1 1
07:41:30 1 1
07:42:01 1 1
07:42:31 1 1
07:43:01 1 1
07:43:31 1 1
07:44:01 1 1
07:44:32 1 1
07:45:02 1 1
07:45:32 1 1
07:46:02 1 1
07:46:33 1 1
07:47:03 1 1
07:47:33 1 1
07:48:03 1 1
07:48:33 1 1
07:49:04 1 1
07:49:34 1 1
07:50:04 1 1
07:50:34 1 1
07:51:04 1 1
07:51:35 1 1
07:52:05 1 1
07:52:35 1 1
07:53:05 1 1
07:53:36 1 1
07:54:06 1 1
07:54:36 1 1
07:55:06 1 1
07:55:36 1 1
07:56:06 1 1
07:56:37 1 1
07:57:07 1 1
07:57:38 1 1
07:58:09 1 1
07:58:39 1 1
07:59:09 1 1
07:59:40 1 1
08:00:10 1 1
08:00:41 1 1
08:01:11 1 1
08:01:41 1 1
08:02:11 1 1
08:02:41 1 1
08:03:11 1 1
08:03:41 1 1
08:04:11 1 1
08:04:42 1 1
08:05:12 1 1
08:05:44 1 1
08:06:12 1 1
08:06:42 1 1
08:07:12 1 1
08:07:43 1 1
08:08:13 1 1
08:08:43 1 1
08:09:13 1 1
08:09:43 1 1
08:10:13 1 1
08:10:44 1 1
08:11:14 1 1
08:11:44 1 1
08:12:14 1 1
08:12:44 1 1
08:13:14 1 1
08:13:44 1 1
08:14:15 1 1
08:14:45 1 1
08:15:15 1 1
08:15:45 1 1
08:16:15 1 1
08:16:45 1 1
08:17:16 1 1
08:17:46 1 1
08:18:16 1 1
08:18:47 1 1
08:19:17 1 1
08:19:47 1 1
08:20:17 1 1
08:20:47 1 1
08:21:17 1 1
08:21:48 1 1
08:22:18 1 1
08:22:48 1 1
08:23:18 1 1
08:23:48 1 1
08:24:18 1 1
08:24:49 1 1
08:25:19 1 1
08:25:49 1 1
08:26:19 1 1
08:26:49 1 1
08:27:20 1 1
08:27:50 1 1
08:28:20 1 1
08:28:50 1 1
08:29:20 1 1
08:29:50 1 1
08:30:20 1 1
08:30:51 1 1
08:31:21 1 1
08:31:51 1 1
08:32:21 1 1
08:32:51 1 1
08:33:21 1 1
08:33:52 1 1
08:34:22 1 1
08:34:52 1 1
08:35:22 1 1
08:35:52 1 1
08:36:22 1 1
08:36:53 1 1
08:37:23 1 1
08:37:53 1 1
08:38:23 1 1
08:38:53 1 1
08:39:23 1 1
08:39:54 1 1
08:40:24 1 1
08:40:54 1 1
08:41:24 1 1
08:41:54 1 1
08:42:24 1 1
08:42:55 1 1
08:43:25 1 1
08:43:55 1 1
08:44:25 1 1
08:44:55 1 1
08:45:25 1 1
08:45:56 1 1
08:46:26 1 1
08:46:56 1 1
08:47:26 1 1
08:47:56 1 1
08:48:26 1 1
08:48:57 1 1
08:49:27 1 1
08:49:57 1 1
08:50:27 1 1
08:50:57 1 1
08:51:27 1 1
08:51:58 1 1
08:52:28 1 1
08:52:58 1 1
08:53:30 1 1
08:53:58 1 1
08:54:28 1 1
08:54:59 1 1
08:55:29 1 1
08:55:59 1 1
08:56:29 1 1
08:56:59 1 1
08:57:29 1 1
08:58:00 1 1
08:58:30 1 1
08:59:01 1 1
08:59:31 1 1
09:00:01 1 1
09:00:31 1 1
09:01:01 1 1
09:01:31 1 1
09:02:02 1 1
09:02:32 1 1
09:03:02 1 1
09:03:32 1 1
09:04:02 1 1
09:04:32 1 1
09:05:05 1 1
09:05:35 1 1
09:06:03 1 1
09:06:33 1 1
09:07:03 1 1
09:07:33 1 1
09:08:03 1 1
09:08:34 1 1
09:09:04 1 1
09:09:34 1 1
09:10:04 1 1
09:10:34 1 1
09:11:04 1 1
09:11:34 1 1
09:12:05 1 1
09:12:35 1 1
09:13:05 1 1
09:13:35 1 1
09:14:07 1 1
09:14:35 1 1
09:15:06 1 1
09:15:36 1 1
09:16:06 1 1
09:16:36 1 1
09:17:06 1 1
09:17:36 1 1
09:18:07 1 1
09:18:37 1 1
09:19:08 1 1
09:19:38 1 1
09:20:08 1 1
09:20:38 1 1
09:21:08 1 1
09:21:38 1 1
09:22:09 1 1
09:22:40 1 1
09:23:09 1 1
09:23:39 1 1
09:24:09 1 1
09:24:39 1 1
09:25:10 1 1
09:25:40 1 1
09:26:10 1 1
09:26:40 1 1
09:27:10 1 1
09:27:41 1 1
09:28:11 1 1
09:28:41 1 1
09:29:12 1 1
09:29:42 1 1
09:30:12 1 1
09:30:42 1 1
09:31:12 1 1
09:31:42 1 1
09:32:12 1 1
09:32:42 1 1
09:33:13 1 1
09:33:43 1 1
09:34:13 1 1
09:34:43 1 1
09:35:13 1 1
09:35:43 1 1
09:36:14 1 1
09:36:44 1 1
09:37:14 1 1
09:37:44 1 1
09:38:14 1 1
09:38:45 1 1
09:39:15 1 1
09:39:45 1 1
09:40:15 1 1
09:40:45 1 1
09:41:15 1 1
09:41:45 1 1
09:42:16 1 1
09:42:46 1 1
09:43:16 1 1
09:43:46 1 1
09:44:16 1 1
09:44:46 1 1
09:45:17 1 1
09:45:47 1 1
09:46:17 1 1
09:46:47 1 1
09:47:17 1 1
09:47:47 1 1
09:48:18 1 1
09:48:48 1 1
09:49:18 1 1
09:49:48 1 1
09:50:18 1 1
09:50:48 1 1
09:51:19 1 1
09:51:49 1 1
09:52:19 1 1
09:52:49 1 1
09:53:19 1 1
09:53:49 1 1
09:54:20 1 1
09:54:50 1 1
09:55:20 1 1
09:55:50 1 1
09:56:21 1 1
09:56:51 1 1
09:57:21 1 1
09:57:51 1 1
09:58:21 1 1
09:58:51 1 1
09:59:22 1 1
09:59:52 1 1
10:00:25 1 1
10:00:53 1 1
10:01:23 1 1
10:01:53 1 1
10:02:23 1 1
10:02:53 1 1
10:03:24 1 1
10:03:54 1 1
10:04:24 1 1
10:04:54 1 1
10:05:24 1 1
10:05:54 1 1
10:06:25 1 1
10:06:55 1 1
10:07:25 1 1
10:07:55 1 1
10:08:25 1 1
10:08:55 1 1
10:09:26 1 1
10:09:56 1 1
10:10:26 1 1
10:10:56 1 1
10:11:26 1 1
10:11:56 1 1
10:12:26 1 1
10:12:57 1 1
10:13:27 1 1
10:13:57 1 1
10:14:27 1 1
10:14:57 1 1
10:15:27 1 1
10:15:58 1 1
10:16:28 1 1
10:16:58 1 1
10:17:28 1 1
10:17:58 1 1
10:18:28 1 1
10:18:59 1 1
10:19:29 1 1
10:19:59 1 1
10:20:30 1 1
10:21:00 1 1
10:21:30 1 1
10:22:00 1 1
10:22:31 1 1
10:23:01 1 1
10:23:31 1 1
10:24:01 1 1
10:24:31 1 1
10:25:01 1 1
10:25:32 1 1
10:26:02 1 1
10:26:34 1 1
