00:01:36 1668
00:02:02 1673
00:03:03 1673
00:04:03 1688
00:05:04 1690
00:06:06 1700
00:07:15 1698
02:00:02 -1
02:01:05 1706
02:02:05 1697
02:03:05 1699
02:04:06 1696
02:05:06 1697
02:06:07 1705
02:07:07 1707
02:08:07 1716
02:09:08 1715
02:10:09 1730
02:11:09 1732
02:12:10 1736
02:13:10 1726
02:14:10 1721
02:15:11 1729
02:16:11 1649
02:17:12 1361
02:18:12 1408
02:19:12 1409
02:20:13 1416
02:21:13 1422
02:22:14 1430
02:23:14 1431
02:24:15 1461
02:25:15 1396
02:26:15 1403
02:27:16 1416
02:28:16 1421
02:29:16 1421
02:30:17 1423
02:31:17 1425
02:32:18 1429
02:33:18 1415
02:34:19 1368
02:35:19 1391
02:36:19 1426
02:37:20 1439
02:38:20 1442
02:39:21 1449
02:40:21 1454
02:41:22 1455
02:42:22 1455
02:43:22 1470
02:44:23 1469
02:45:23 1483
02:46:24 1511
02:47:24 1517
02:48:24 1525
02:49:25 1536
02:50:25 1529
02:51:26 1537
02:52:26 1540
02:53:27 1547
02:54:27 1551
02:55:28 1551
02:56:28 1554
02:57:28 1598
02:58:29 1561
02:59:29 1566
03:00:30 1569
03:01:30 1570
03:02:31 1570
03:03:31 1573
03:04:31 1575
03:05:32 1573
03:06:33 1586
03:07:33 1589
03:08:33 1592
03:09:34 1615
03:10:34 1627
03:11:35 1626
03:12:35 1626
03:13:36 1631
03:14:36 1647
03:15:37 1651
03:16:37 1618
03:17:37 1703
03:18:38 1384
03:19:38 1518
03:20:39 1544
03:21:39 1549
03:22:40 1570
03:23:40 1582
03:24:41 1527
03:25:41 1537
03:26:41 1548
03:27:42 1561
03:28:42 1566
03:29:43 1578
03:30:43 1591
03:31:44 1595
03:32:44 1625
03:33:44 1597
03:34:46 1464
03:35:46 1483
03:36:47 1489
03:37:47 1509
03:38:48 1520
03:39:48 1526
03:40:48 1527
03:41:49 1548
03:42:49 1552
03:43:50 1554
03:44:50 1560
03:45:50 1572
03:46:51 1577
03:47:51 1580
03:48:52 1590
03:49:52 1603
03:50:53 1610
03:51:53 1611
03:52:53 1616
03:53:54 1619
03:54:54 1623
03:55:55 1627
03:56:56 1632
03:57:56 1632
03:58:56 1637
03:59:57 1650
04:00:57 1655
04:01:58 1615
04:02:58 1621
04:03:59 1627
04:04:59 1633
04:06:00 1630
04:07:00 1629
04:08:01 1666
04:09:01 1667
04:10:01 1687
04:11:02 1686
04:12:02 1687
04:13:02 1709
04:14:03 1713
04:15:03 1714
04:16:04 1744
04:17:04 1486
04:18:05 1445
04:19:05 1474
04:20:05 1485
04:21:06 1493
04:22:06 1496
04:23:07 1496
04:24:07 1503
04:25:08 1477
04:26:08 1484
04:27:08 1486
04:28:09 1499
04:29:09 1506
04:30:09 1502
04:31:10 1511
04:32:10 1510
04:33:11 1513
04:34:11 1548
04:35:12 1418
04:36:12 1443
04:37:13 1453
04:38:13 1476
04:39:13 1490
04:40:14 1505
04:41:14 1526
04:42:15 1535
04:43:15 1567
04:44:16 1576
04:45:16 1587
04:46:16 1598
04:47:17 1602
04:48:17 1624
04:49:18 1636
04:50:18 1639
04:51:18 1645
04:52:19 1647
04:53:19 1653
04:54:20 1657
04:55:20 1662
04:56:21 1673
04:57:21 1679
04:58:22 1676
04:59:22 1692
05:00:22 1696
05:01:23 1696
05:02:23 1705
05:03:23 1697
05:04:24 1368
05:05:24 1368
05:06:25 1438
05:07:25 1410
05:08:26 1395
05:09:26 1393
05:10:27 1397
05:11:27 1399
05:12:27 1400
05:13:28 1404
05:14:28 1418
05:15:29 1454
05:16:29 1446
05:17:30 1153
05:18:30 1093
05:19:30 1188
05:20:31 1198
05:21:31 1205
05:22:32 1219
05:23:32 1228
05:24:33 1179
05:25:33 1189
05:26:33 1206
05:27:34 1209
05:28:34 1227
05:29:35 1235
05:30:35 1274
05:31:35 1272
05:32:36 1279
05:33:36 1298
05:34:37 1171
05:35:37 1151
05:36:38 1137
05:37:38 1181
05:38:38 1154
05:39:39 1159
05:40:39 1188
05:41:40 1191
05:42:40 1197
05:43:41 1203
05:44:41 1212
05:45:41 1216
05:46:42 1226
05:47:42 1223
05:48:43 1228
05:49:43 1275
05:50:43 1277
05:51:44 1279
05:52:44 1285
05:53:45 1286
05:54:45 1286
05:55:46 1292
05:56:46 1292
05:57:47 1351
05:58:47 1323
05:59:47 1325
06:00:48 1334
06:01:48 1341
06:02:49 1348
06:03:49 1352
06:04:50 1357
06:05:50 1373
06:06:51 1386
06:07:51 1389
06:08:52 1414
06:09:52 1415
06:10:52 1427
06:11:52 1422
06:12:53 1425
06:13:53 1430
06:14:54 1447
06:15:54 1432
06:16:55 1426
06:17:55 1101
06:18:55 1078
06:19:56 1090
06:20:56 1101
06:21:57 1109
06:22:57 1118
06:23:58 1126
06:24:58 1088
06:25:58 1055
06:26:59 1063
06:28:00 1115
06:29:00 1143
06:30:00 1143
06:31:01 1151
06:32:01 1161
06:33:01 1184
06:34:02 1195
06:35:02 1081
06:36:03 1099
06:37:03 1143
06:38:04 1173
06:39:04 1177
06:40:04 1182
06:41:05 1189
06:42:05 1194
06:43:06 1195
06:44:06 1193
06:45:06 1199
06:46:07 1195
06:47:07 1199
06:48:08 1198
06:49:08 1206
06:50:09 1207
06:51:09 1287
06:52:09 1304
06:53:10 1315
06:54:10 1321
06:55:11 1330
06:56:11 1342
06:57:12 1349
06:58:12 1356
06:59:12 1366
07:00:13 1370
07:01:13 1370
07:02:14 1370
07:03:14 1374
07:04:15 1374
07:05:15 1377
07:06:16 1373
07:07:16 1378
07:08:16 1382
07:09:17 1394
07:10:18 1393
07:11:18 1404
07:12:19 1416
07:13:19 1427
07:14:19 1426
07:15:20 1427
07:16:20 1435
07:17:21 1371
07:18:21 1085
07:19:22 1104
07:20:22 1109
07:21:22 1115
07:22:23 1126
07:23:23 1132
07:24:24 1155
07:25:24 1093
07:26:25 1097
07:27:25 1104
07:28:25 1098
07:29:26 1110
07:30:26 1116
07:31:27 1124
07:32:27 1151
07:33:27 1155
07:34:28 1120
07:35:29 1089
07:36:29 1114
07:37:29 1183
07:38:30 1143
07:39:30 1173
07:40:31 1173
07:41:31 1190
07:42:31 1189
07:43:32 1197
07:44:32 1217
07:45:33 1223
07:46:33 1241
07:47:34 1257
07:48:34 1261
07:49:34 1259
07:50:35 1261
07:51:35 1270
07:52:36 1276
07:53:36 1276
07:54:36 1280
07:55:37 1301
07:56:37 1314
07:57:38 1360
07:58:39 1342
07:59:39 1338
08:00:40 1341
08:01:40 1363
08:02:41 1392
08:03:41 1395
08:04:42 1406
08:05:42 1400
08:06:42 1410
08:07:42 1414
08:08:43 1417
08:09:43 1420
08:10:43 1431
08:11:44 1452
08:12:44 1442
08:13:44 1468
08:14:44 1460
08:15:45 1464
08:16:45 1476
08:17:46 1391
08:18:46 1076
08:19:47 1090
08:20:47 1142
08:21:47 1130
08:22:48 1137
08:23:48 1145
08:24:49 1116
08:25:49 1119
08:26:49 1135
08:27:49 1142
08:28:50 1130
08:29:50 1206
08:30:50 1209
08:31:51 1236
08:32:51 1261
08:33:51 1265
08:34:52 1302
08:35:52 1285
08:36:52 1206
08:37:53 1261
08:38:53 1247
08:39:53 1263
08:40:54 1270
08:41:54 1277
08:42:54 1300
08:43:55 1316
08:44:55 1316
08:45:55 1322
08:46:56 1334
08:47:56 1341
08:48:56 1355
08:49:56 1383
08:50:57 1382
08:51:57 1384
08:52:57 1419
08:53:58 1429
08:54:58 1439
08:55:59 1432
08:56:59 1439
08:57:59 1448
08:59:00 1459
09:00:01 1455
09:01:01 1468
09:02:01 1466
09:03:02 1464
09:04:02 1459
09:05:02 1476
09:06:02 1480
09:07:03 1486
09:08:03 1488
09:09:03 1482
09:10:04 1498
09:11:04 1511
09:12:04 1510
09:13:05 1497
09:14:05 1507
09:15:05 1510
09:16:06 1511
09:17:06 1513
09:18:07 1441
09:19:07 1123
09:20:07 1150
09:21:08 1163
09:22:08 1166
09:23:09 1169
09:24:09 1205
09:25:09 1228
09:26:09 1252
09:27:10 1256
09:28:11 1237
09:29:11 1259
09:30:11 1265
09:31:12 1296
09:32:12 1302
09:33:13 1312
09:34:13 1315
09:35:13 1193
09:36:14 1229
09:37:14 1266
09:38:14 1284
09:39:14 1291
09:40:15 1308
09:41:15 1319
09:42:15 1335
09:43:16 1331
09:44:16 1339
09:45:16 1521
09:46:16 1533
09:47:17 1541
09:48:18 1380
09:49:18 1358
09:50:18 1360
09:51:18 1363
09:52:19 1366
09:53:19 1373
09:54:19 1391
09:55:20 1393
09:56:20 1403
09:57:20 1399
09:58:21 1409
09:59:21 1420
10:00:21 1420
10:01:22 1431
10:02:22 1440
10:03:22 1436
10:04:23 1441
10:05:23 1452
10:06:23 1469
10:07:23 1468
10:08:24 1465
10:09:24 1456
10:10:24 1457
10:11:25 1481
10:12:25 1497
10:13:25 1489
10:14:26 1497
10:15:26 1510
10:16:26 1527
10:17:27 1503
10:18:27 1445
10:19:27 1086
10:20:27 1106
10:21:28 1114
10:22:28 1130
10:23:29 1139
10:24:29 1105
10:25:29 1126
10:26:30 1129
