00:00:55 171769 98187
00:01:57 174719 29565
00:02:53 97353 32438
00:03:54 155661 37667
00:04:55 256701 49073
00:05:57 220757 99173
00:06:58 181232 55734
02:00:02 -1 -1
02:01:03 188252 35035
02:02:03 93514 47926
02:03:03 246908 30293
02:04:04 136750 16950
02:05:05 177735 40184
02:06:05 62876 8016
02:07:08 167427 40665
02:08:06 275361 103093
02:09:06 106152 6779
02:10:07 135440 14815
02:11:07 397692 35306
02:12:07 177519 48942
02:13:08 449892 61070
02:14:08 206914 35771
02:15:09 110878 18689
02:16:09 128154 38033
02:17:10 229456 30157
02:18:10 93878 27224
02:19:10 82165 13878
02:20:11 144617 70925
02:21:11 249544 37363
02:22:12 74243 9621
02:23:12 320005 34949
02:24:12 209953 50793
02:25:13 72124 24033
02:26:13 186237 15873
02:27:14 230735 35210
02:28:14 47638 15856
02:29:15 91900 43072
02:30:15 85674 4154
02:31:15 67902 65896
02:32:16 174135 26965
02:33:16 130135 53454
02:34:17 33589 16115
02:35:17 56208 6393
02:36:17 548199 23318
02:37:18 46323 22565
02:38:19 53685 42022
02:39:19 41888 16248
02:40:22 201487 21922
02:41:20 146668 7332
02:42:20 203461 45124
02:43:20 34707 15101
02:44:21 74584 17087
02:45:21 70136 19456
02:46:21 156227 47919
02:47:22 72654 20261
02:48:22 294294 58914
02:49:23 47299 13623
02:50:23 196682 18223
02:51:24 327739 37694
02:52:24 85557 9132
02:53:25 198220 22155
02:54:25 3852 4912
02:55:26 32290 20439
02:56:26 64830 11108
02:57:28 145023 79089
02:58:27 365804 37115
02:59:27 25532 8459
03:00:28 124219 38349
03:01:28 92080 45346
03:02:29 106782 28333
03:03:29 120817 25951
03:04:30 93927 47745
03:05:30 83315 9413
03:06:31 157875 20043
03:07:31 30803 7630
03:08:32 207862 32225
03:09:32 42969 48927
03:10:36 17274 40608
03:11:33 204685 20941
03:12:33 59234 2686
03:13:33 128200 29425
03:14:34 83227 10563
03:15:35 199124 58704
03:16:35 278455 44078
03:17:36 126576 13126
03:18:36 79403 5395
03:19:36 154136 34449
03:20:37 24402 9964
03:21:37 234283 95201
03:22:38 113496 35972
03:23:38 101760 16440
03:24:39 190698 43453
03:25:40 160862 34080
03:26:39 144912 7116
03:27:40 227121 24356
03:28:40 97660 50013
03:29:41 292507 18463
03:30:41 71217 36188
03:31:41 232073 84312
03:32:42 292768 102914
03:33:42 30608 41092
03:34:43 133254 32844
03:35:44 88110 23251
03:36:45 213833 46352
03:37:45 92809 31217
03:38:45 146279 15463
03:39:46 20969 42326
03:40:46 122131 26478
03:41:47 411073 22869
03:42:47 631689 45175
03:43:48 41623 7841
03:44:48 44234 8860
03:45:48 126489 52646
03:46:49 148517 26341
03:47:49 142904 22798
03:48:50 172293 25673
03:49:50 58579 13222
03:50:51 30731 3833
03:51:51 275887 74083
03:52:52 122005 18247
03:53:52 204546 43910
03:54:53 167071 31176
03:55:53 106395 18219
03:56:54 9036 6001
03:57:54 382751 95655
03:58:54 49703 13535
03:59:55 207720 59757
04:00:55 89740 15447
04:01:56 122986 24535
04:02:57 199658 31589
04:03:57 18625 36593
04:04:57 188134 50332
04:05:57 151786 46692
04:06:58 52997 11882
04:07:58 219039 37961
04:08:59 300075 72009
04:09:59 223700 43461
04:11:00 19600 24235
04:12:00 114761 18768
04:13:01 84234 18597
04:14:01 83195 31346
04:15:01 335612 35437
04:16:02 106692 15849
04:17:02 79788 26537
04:18:03 102647 18411
04:19:03 123948 29967
04:20:03 259088 35745
04:21:04 198987 36285
04:22:04 267179 52592
04:23:05 74042 13683
04:24:05 69190 9722
04:25:06 92523 22852
04:26:06 90853 14824
04:27:06 36768 14991
04:28:07 123193 16507
04:29:07 55633 3598
04:30:08 405649 24741
04:31:08 145208 12918
04:32:08 10993 13476
04:33:11 101818 17020
04:34:09 22161 5308
04:35:12 32247 18783
04:36:10 66160 38144
04:37:11 45628 5961
04:38:13 277149 16448
04:39:12 56935 24161
04:40:12 16099 18848
04:41:14 65424 12869
04:42:13 152353 70403
04:43:13 245342 67360
04:44:14 143120 81365
04:45:15 213032 12306
04:46:14 224798 16424
04:47:15 269715 59691
04:48:15 142151 13770
04:49:16 107950 20143
04:50:16 143357 33666
04:51:17 71473 9388
04:52:17 293677 47993
04:53:17 25451 4659
04:54:18 214415 36058
04:55:18 100301 6688
04:56:20 110580 13142
04:57:21 58289 7455
04:58:20 56616 20732
04:59:21 171774 14352
05:00:20 66009 6654
05:01:22 302181 26085
05:02:21 222692 28195
05:03:21 15305 4909
05:04:22 108944 46256
05:05:24 15314 13193
05:06:23 56757 8726
05:07:23 80113 43653
05:08:24 116792 19040
05:09:24 6565 5223
05:10:25 281736 75772
05:11:25 179851 17854
05:12:25 116450 31696
05:13:26 41008 8109
05:14:26 251184 42310
05:15:28 302438 40098
05:16:27 93577 35613
05:17:28 43697 37302
05:18:30 111993 17582
05:19:28 254922 14463
05:20:29 128673 28093
05:21:29 511878 86179
05:22:30 83528 6069
05:23:32 145981 11528
05:24:30 201944 35523
05:25:31 106130 27588
05:26:31 832977 55788
05:27:32 118043 38330
05:28:32 295228 41330
05:29:33 332212 25469
05:30:33 313924 21004
05:31:33 20958 12603
05:32:36 59322 33636
05:33:34 523867 77681
05:34:35 244470 86748
05:35:35 63485 14143
05:36:36 62066 7234
05:37:39 189340 67731
05:38:37 61706 29047
05:39:37 101735 81517
05:40:37 60682 11302
05:41:38 199113 33300
05:42:38 311329 47029
05:43:39 163445 20184
05:44:39 104560 83236
05:45:39 154798 71677
05:46:40 161591 19022
05:47:42 190103 96961
05:48:41 181965 31950
05:49:41 251774 24666
05:50:44 47771 66722
05:51:42 71761 3921
05:52:42 57380 25554
05:53:44 25688 29858
05:54:43 3504389 105007
05:55:45 132487 24863
05:56:44 218679 44147
05:57:47 278894 37254
05:58:45 432812 34838
05:59:46 326295 107618
06:00:46 130443 34756
06:01:48 46638 8227
06:02:47 95240 31900
06:03:47 158475 45883
06:04:48 102787 24011
06:05:48 29765 9347
06:06:49 98651 23066
06:07:49 58765 20078
06:08:49 262299 46477
06:09:50 334116 50322
06:10:50 80685 14155
06:11:51 63707 5267
06:12:51 250469 84086
06:13:51 199139 52875
06:14:52 92758 29598
06:15:52 47092 17446
06:16:53 248444 47224
06:17:53 203924 35812
06:18:54 269965 56877
06:19:54 184877 30598
06:20:54 147894 69645
06:21:55 122515 35300
06:22:55 25307 26796
06:23:55 320841 85158
06:24:56 104151 46451
06:25:56 210936 37166
06:26:57 94955 44298
06:27:57 180636 118783
06:28:58 72589 15077
06:29:58 539874 28172
06:30:59 213628 68176
06:31:59 1981 1166
06:33:00 8841 37442
06:34:00 58444 20926
06:35:00 110865 31271
06:36:01 154245 41204
06:37:01 271196 92316
06:38:02 361317 88774
06:39:02 304140 34723
06:40:02 259733 30484
06:41:03 127538 42966
06:42:03 168717 34253
06:43:04 210919 107624
06:44:04 55546 24689
06:45:04 52261 9574
06:46:05 254212 56173
06:47:05 216968 77019
06:48:06 25935 9056
06:49:06 199128 30688
06:50:07 225180 38036
06:51:07 109605 23566
06:52:08 65801 20587
06:53:08 61992 6687
06:54:08 113727 8236
06:55:09 324171 36413
06:56:09 192021 32583
06:57:10 152061 18077
06:58:10 25930 18901
06:59:11 153091 39720
07:00:11 39217 38382
07:01:11 153334 13704
07:02:15 292953 51092
07:03:12 124082 22511
07:04:13 162813 141586
07:05:13 86606 7099
07:06:14 191324 45032
07:07:14 142374 39285
07:08:15 148261 13113
07:09:15 329078 227446
07:10:15 386115 104648
07:11:16 63144 20994
07:12:17 88926 83797
07:13:17 241926 68817
07:14:17 59298 45241
07:15:18 92281 76866
07:16:18 6877 35986
07:17:19 284256 45815
07:18:19 39660 8587
07:19:20 387101 54084
07:20:20 39377 46717
07:21:21 786444 82883
07:22:21 179999 25881
07:23:21 7615 17134
07:24:22 229196 102818
07:25:22 261951 23586
07:26:23 100898 20866
07:27:23 315051 47278
07:28:23 77476 25233
07:29:24 212859 67086
07:30:24 24943 28436
07:31:25 222644 20141
07:32:25 20773 12726
07:33:26 156346 27976
07:34:26 72002 12563
07:35:26 52402 20237
07:36:27 285348 53897
07:37:27 572938 78293
07:38:28 238082 61965
07:39:28 188325 48983
07:40:29 89854 42169
07:41:29 84732 11507
07:42:30 223916 47387
07:43:30 53413 62504
07:44:31 235671 27191
07:45:31 208418 33744
07:46:31 112004 43688
07:47:32 92082 66032
07:48:32 66695 13703
07:49:32 300737 10196
07:50:33 111674 29474
07:51:33 92140 5736
07:52:34 73760 8448
07:53:34 214242 134270
07:54:34 171911 27284
07:55:35 242895 19606
07:56:36 49355 53571
07:57:36 37964 14339
07:58:37 86415 16181
07:59:37 153035 30234
08:00:38 66549 27271
08:01:38 32042 10763
08:02:39 211574 16872
08:03:39 58556 41961
08:04:39 105571 11134
08:05:40 170209 90303
08:06:40 127074 60523
08:07:40 168834 19915
08:08:41 183405 12313
08:09:41 393440 45535
08:10:41 107819 24923
08:11:41 885033 54868
08:12:42 268315 49166
08:13:42 152450 50551
08:14:42 142817 70494
08:15:43 249029 24519
08:16:43 77812 17920
08:17:44 190702 36881
08:18:44 100203 88425
08:19:45 329817 67856
08:20:45 191660 38159
08:21:45 577639 36545
08:22:46 300634 66687
08:23:46 150238 24219
08:24:46 92146 9034
08:25:47 217832 114003
08:26:47 233843 62588
08:27:47 241733 41382
08:28:48 158059 34335
08:29:48 222240 51891
08:30:49 78079 15516
08:31:49 136470 11423
08:32:49 88620 44413
08:33:49 118968 25948
08:34:50 339117 37914
08:35:50 576191 58033
08:36:50 974237 96396
08:37:51 72996 39428
08:38:51 55870 114485
08:39:51 385206 77930
08:40:52 1067580 60976
08:41:52 216772 27793
08:42:52 132139 64530
08:43:53 155739 21654
08:44:53 77123 58959
08:45:53 196164 68696
08:46:54 228637 137288
08:47:54 164981 110102
08:48:54 78589 37571
08:49:55 61379 25142
08:50:55 90973 16878
08:51:55 397881 51268
08:52:56 169156 50425
08:53:56 271705 26160
08:54:56 608166 24137
08:55:57 315688 74698
08:56:57 181042 51616
08:57:57 139407 23844
08:58:58 395827 64255
08:59:59 887398 48978
09:00:59 410943 25656
09:01:59 194416 46036
09:03:00 102729 19346
09:04:00 254506 51319
09:05:00 178321 10846
09:06:01 50565 15638
09:07:01 55223 10180
09:08:02 117563 18905
09:09:01 135665 40097
09:10:02 241039 65307
09:11:02 224357 69402
09:12:02 57362 23461
09:13:03 183721 35372
09:14:03 724881 85652
09:15:03 450934 67081
09:16:04 693467 3335901
09:17:04 407227 5694913
09:18:05 142288 14647
09:19:05 337324 150162
09:20:05 450109 49074
09:21:06 103244 19791
09:22:06 353976 23559
09:23:07 220653 28285
09:24:07 346834 60094
09:25:07 232655 26043
09:26:07 236905 20031
09:27:08 176463 25110
09:28:09 221874 71192
09:29:09 211714 99653
09:30:09 214862 103367
09:31:13 206077 36832
09:32:10 205588 52488
09:33:10 486956 118426
09:34:11 192409 14843
09:35:11 192364 36212
09:36:11 216766 28344
09:37:12 268848 62110
09:38:12 187865 43079
09:39:12 215977 90002
09:40:13 482116 43007
09:41:13 322721 72587
09:42:13 198895 63048
09:43:14 629849 118483
09:44:17 93027 15858
09:45:14 272517 40787
09:46:14 190762 62171
09:47:15 183816 18200
09:48:15 307446 86222
09:49:16 120765 43707
09:50:16 115296 68766
09:51:16 578351 37501
09:52:17 73665 34869
09:53:17 156053 77072
09:54:17 287210 22434
09:55:18 68063 10295
09:56:18 173749 22630
09:57:19 73314 100534
09:58:19 190692 64974
09:59:19 219267 38804
10:00:19 61104 30099
10:01:20 238623 41598
10:02:20 22188 27532
10:03:20 340407 57939
10:04:21 255052 98394
10:05:21 100271 8709
10:06:22 284409 60396
10:07:22 287198 35985
10:08:22 97832 12747
10:09:22 169019 60380
10:10:23 315687 36668
10:11:23 109567 84260
10:12:23 96696 24419
10:13:24 213529 26116
10:14:24 278537 48135
10:15:24 366116 61333
10:16:24 153664 49777
10:17:25 268843 85509
10:18:25 16657 14005
10:19:25 124730 142344
10:20:25 301969 34311
10:21:26 186317 88907
10:22:26 206352 80838
10:23:27 61757 10835
10:24:27 182226 47122
10:25:27 45655 25698
10:26:28 384916 55286
