00:01:39 107624 11997
00:02:04 57498 5091
00:03:04 162449 15845
00:04:04 10937 1728
00:05:05 15112 536
00:06:12 264929 16823
00:07:15 106011 7929
02:00:08 1406 1527
02:01:06 54 748
02:02:06 27362 4334
02:03:06 257906 15011
02:04:07 8368 558
02:05:07 764 1200
02:06:08 58980 1802
02:07:08 4169 2562
02:08:09 15566 1725
02:09:09 42496 2092
02:10:09 18873 990
02:11:10 41342 2064
02:12:10 8142 2143
02:13:11 34190 2239
02:14:11 21560 1738
02:15:12 25449 4177
02:16:12 14353 2133
02:17:12 55901 44272
02:18:13 58929 6244
02:19:13 91261 6078
02:20:14 38709 1274
02:21:14 22340 2357
02:22:15 168690 4216
02:23:15 124790 9107
02:24:15 6519 792
02:25:16 71786 5688
02:26:16 62285 5879
02:27:17 66067 4722
02:28:17 59586 2817
02:29:17 28597 1930
02:30:18 21823 890
02:31:18 9480 536
02:32:19 51190 3456
02:33:19 7916 836
02:34:20 3593 66
02:35:20 54 0
02:36:20 28816 2253
02:37:21 40991 4083
02:38:21 69246 4818
02:39:22 60527 7940
02:40:22 118587 11591
02:41:23 41546 2208
02:42:23 57432 3630
02:43:23 10578 1718
02:44:24 25991 2802
02:45:24 6378 1300
02:46:24 196765 14895
02:47:25 89213 3722
02:48:25 7360 120
02:49:26 17711 1658
02:50:26 4476 569
02:51:27 86021 7316
02:52:27 49179 2566
02:53:27 9138 850
02:54:28 61963 6264
02:55:29 36611 3416
02:56:29 14116 530
02:57:29 80561 2530
02:58:30 25991 4624
02:59:30 6266 739
03:00:31 38825 3973
03:01:31 18731 1344
03:02:31 19664 1200
03:03:32 307172 14779
03:04:32 144 69
03:05:33 3533533 80352
03:06:33 19953 1887
03:07:34 68842 4408
03:08:34 15504 1801
03:09:35 111219 7474
03:10:35 4090 1244
03:11:36 35230 1586
03:12:36 75350 3488
03:13:37 43750 4207
03:14:37 107355 6916
03:15:38 63973 5372
03:16:38 43506 1704
03:17:38 69462 4408
03:18:39 56318 3174
03:19:39 48246 3142
03:20:40 24778 1581
03:21:40 24168 2253
03:22:41 21151 1722
03:23:41 40505 4084
03:24:42 70788 4985
03:25:42 118701 5647
03:26:42 75540 9501
03:27:43 34153 7269
03:28:43 30740 8459
03:29:44 143735 15722
03:30:44 12899 924
03:31:44 19752 939
03:32:45 46312 2642
03:33:45 30574 786
03:34:45 49204 2264
03:35:46 69594 5091
03:36:46 81135 5288
03:37:47 2104 737
03:38:47 24412 1730
03:39:48 61673 3950
03:40:48 66806 6875
03:41:49 36383 4128
03:42:49 6390 2234
03:43:49 22728 2814
03:44:50 48851 4101
03:45:50 45447 2162
03:46:51 4609 1314
03:47:51 21704 1155
03:48:52 108 60
03:49:52 8758 1257
03:50:53 59937 2472
03:51:53 124363 6659
03:52:54 26710 1976
03:53:54 44293 3463
03:54:54 28543 4305
03:55:55 7678 570
03:56:55 36555 2172
03:57:56 43001 4532
03:58:56 101125 10745
03:59:57 16866 2772
04:00:57 55559 2756
04:01:58 21692 2320
04:02:58 55721 2702
04:03:58 15627 1583
04:04:59 28387 2462
04:05:59 25655 2871
04:07:00 73527 4495
04:08:00 99642 7943
04:09:01 131812 7121
04:10:01 12709 2298
04:11:02 27985 21248
04:12:02 135767 9738
04:13:02 49715 3337
04:14:03 34173 6029
04:15:03 81983 6757
04:16:04 52779 5895
04:17:04 36697 4545
04:18:05 23297 4584
04:19:05 27758 3176
04:20:05 30538 1972
04:21:06 25092 3694
04:22:06 36895 9406
04:23:07 1702 668
04:24:07 112572 7380
04:25:07 84063 8476
04:26:08 80277 14687
04:27:08 13707 786
04:28:09 169551 5851
04:29:09 22788 8734
04:30:09 22321 2850
04:31:10 102849 5927
04:32:10 86021 5896
04:33:11 46332 6943
04:34:11 4198158 96516
04:35:11 33231 3203
04:36:12 33078 6205
04:37:13 23765 7657
04:38:13 1397512 44758
04:39:13 27810 5176
04:40:14 14591 8356
04:41:14 21660 4250
04:42:15 5392 6136
04:43:15 45504 6876
04:44:16 3662 2874
04:45:16 74567 7360
04:46:16 14033 1568
04:47:17 110168 6884
04:48:17 3420 5564
04:49:18 23932 2038
04:50:18 14509 1789
04:51:18 32240 6480
04:52:19 12885 1567
04:53:19 16869 1660
04:54:20 1823 767
04:55:20 1106 990
04:56:21 2357 1829
04:57:21 21151 2693
04:58:21 24020 2254
04:59:22 2370 2633
05:00:22 25358 1574
05:01:23 10463 398
05:02:23 18734 1402
05:03:24 1878 1044
05:04:24 54 60
05:05:24 37187 4441
05:06:25 22140 2676
05:07:25 57557 1302173
05:08:26 27576 3013
05:09:26 94721 5355
05:10:26 42666 2381
05:11:27 30781 2530
05:12:27 23955 1958
05:13:28 262663 14260
05:14:28 18590 2021
05:15:28 29720 2280
05:16:29 32910 1439
05:17:30 56702 3922
05:18:30 264 1097
05:19:30 44138 4335
05:20:31 43193 3624
05:21:31 28521 2253
05:22:31 19432 4506
05:23:32 2272 1268
05:24:32 11117 1382
05:25:33 70542 3515
05:26:33 3947 1076
05:27:34 71270 6394
05:28:34 28829 2185
05:29:34 49524 5488
05:30:35 81077 4862
05:31:35 46926 2743
05:32:36 13639 967
05:33:36 23786 1848
05:34:37 2482 905
05:35:37 64806 138217
05:36:37 23249 1925
05:37:38 22211 2323
05:38:38 27201 3245
05:39:39 15741 2770
05:40:39 85412 3842
05:41:40 32088 2377
05:42:40 26635 2499
05:43:40 34994 1650
05:44:41 3412 2044
05:45:41 14786 1402
05:46:42 36830 8898
05:47:42 26594 2401
05:48:43 38149 3786
05:49:43 86761 2538
05:50:43 1586 120
05:51:44 4662 418
05:52:44 36459 5087
05:53:45 42431 3452
05:54:45 102456 39208
05:55:46 6399 1181
05:56:46 81680 3856
05:57:47 77771 6241
05:58:47 9220 2096
05:59:47 8840 512
06:00:48 51167 1740
06:01:48 2590 1425
06:02:49 107381 6002
06:03:49 28543 900
06:04:50 36677 2399
06:05:50 174 588
06:06:51 10068 2317
06:07:51 29972 4277
06:08:51 12067 2286
06:09:52 115956 5725
06:10:52 96936 5723
06:11:52 50714 4428
06:12:53 9233 662
06:13:53 10442 1580
06:14:54 76392 5980
06:15:54 24691 2970
06:16:55 90093 9112
06:17:55 52225 5578
06:18:55 63570 4163
06:19:56 1988 1735
06:20:56 54 198
06:21:57 4912 1172
06:22:57 87815 7801
06:23:57 145742 12249
06:24:58 156211 13817
06:25:58 6974 740
06:26:59 53415 3956
06:27:59 34120 1976
06:29:00 37620 2399
06:30:00 30243 3005
06:31:01 23669 2709
06:32:01 46576 2026
06:33:01 16762 1743
06:34:02 46663 1797
06:35:02 111779 5171
06:36:03 26032 1831
06:37:03 158549 37150
06:38:04 198797 14647
06:39:04 280851 18196
06:40:04 98257 7483
06:41:05 82725 7357
06:42:05 290652 13577
06:43:06 43436 5059
06:44:06 61440 5758
06:45:06 90982 6180
06:46:07 326973 13451
06:47:07 139510 8100
06:48:08 128552 7532
06:49:08 77790 4977
06:50:09 24037 2015
06:51:09 252 396
06:52:10 75958 22734
06:53:10 21943 2220
06:54:10 61784 5439
06:55:11 149540 13051
06:56:11 71366 8036
06:57:12 218017 65549
06:58:12 14209 2052
06:59:12 93330 4620
07:00:13 4222 1337
07:01:13 64343 4080
07:02:14 57884 3881
07:03:14 51355 5592
07:04:15 20828 4072
07:05:15 20577 2175
07:06:16 97189 6246
07:07:16 4017 2184
07:08:16 53746 5123
07:09:17 35528 3069
07:10:17 99437 6953
07:11:18 41122 3682
07:12:18 36805 2359
07:13:19 106814 10325
07:14:19 3660 2479
07:15:20 40845 3651
07:16:20 178272 11839
07:17:21 4265 2796
07:18:21 56300 3323
07:19:21 11483 1751
07:20:22 450 1170
07:21:23 49000 3782
07:22:23 68390 4460
07:23:23 15111 1611
07:24:24 65557 3071
07:25:24 91002 6720
07:26:24 45626 3181
07:27:25 81253 6535
07:28:25 94985 7676
07:29:26 54789 2817
07:30:26 78593 6566
07:31:27 15540 1921
07:32:27 82585 10416
07:33:27 10842 2603
07:34:28 39333 2370
07:35:28 128 242
07:36:29 3880 483
07:37:29 22048 3097
07:38:30 37612 4882
07:39:30 50262 6647
07:40:31 79306 3753
07:41:31 61116 2472
07:42:31 101742 7520
07:43:32 1136 1843
07:44:32 24445 3259
07:45:33 38229 5096
07:46:33 32580 5009
07:47:34 10139 2011
07:48:34 19056 1154
07:49:34 30784 11928
07:50:35 29336 9131
07:51:35 31929 1058
07:52:36 101174 6878
07:53:36 660 668
07:54:36 8652 769
07:55:37 49954 3168
07:56:37 21653 1932
07:57:38 36118 5419
07:58:39 55567 6799
07:59:39 6716 2499
08:00:40 24641 5249
08:01:40 41465 7787
08:02:41 15771 1920
08:03:41 23420 1507
08:04:41 194842 25699
08:05:42 8290 391
08:06:42 67036 1308
08:07:42 194901 8880
08:08:42 54 66
08:09:43 390000 32991
08:10:43 850 1015
08:11:44 416 2128
08:12:44 16690 2962
08:13:44 3714 6286
08:14:44 97807 6290
08:15:45 10926 1779
08:16:45 20385 2186
08:17:45 406490 32843
08:18:46 41291 14332
08:19:47 294178 9222
08:20:47 21388 4379
08:21:47 145550 13950
08:22:48 28359 2925
08:23:48 5028 4554
08:24:48 98764 8424
08:25:49 11760004 261120
08:26:49 26342 1862
08:27:49 177011 9179
08:28:50 27752 3352
08:29:50 95399 4682
08:30:50 208785 11522
08:31:51 57102 4753
08:32:51 39398 1974
08:33:51 142280 9599
08:34:51 7781 1532
08:35:52 7901 5813
08:36:52 17932 1812
08:37:53 18744 2719
08:38:53 108 66
08:39:53 71423 5209
08:40:54 112807 10342
08:41:54 62318 11179
08:42:54 246961 12850
08:43:54 2276 1362
08:44:55 1800 1733
08:45:55 102841 9253
08:46:56 572270 18449
08:47:56 8710 1480
08:48:56 101796 7483
08:49:56 8476 3876
08:50:57 435968 29445
08:51:57 12822 1069
08:52:57 788034 43406
08:53:58 83774 6155
08:54:58 14933 1225
08:55:58 100965 9934
08:56:59 37202 8714
08:57:59 14400 21695
08:59:00 394 612
09:00:00 15633 2779
09:01:01 775178 38059
09:02:01 4884 412
09:03:02 14996 2767
09:04:02 76709 6831
09:05:02 176292 8384
09:06:02 28241 2424
09:07:03 3954 3103
09:08:03 1008 610
09:09:03 74025 3478
09:10:04 616331 22404
09:11:04 49900 3026
09:12:04 16112 8949
09:13:05 222971 22774
09:14:05 46783 12161
09:15:05 23394 8717
09:16:05 29884 81518
09:17:06 95705 7362
09:18:07 104621 6054
09:19:07 104271 6252
09:20:07 52499 3224
09:21:08 311693 17583
09:22:08 141108 6908
09:23:08 96845 4280
09:24:09 92015 4843
09:25:09 24734 1930
09:26:09 24062 1514
09:27:10 103832 7439
09:28:11 10946 3229
09:29:11 272819 9508
09:30:11 46165 4581
09:31:12 25140 2588
09:32:12 281213 12459
09:33:12 468 608
09:34:13 41626 2220
09:35:13 63022 4572
09:36:13 319603 17767
09:37:14 399956 20980
09:38:14 62913 2737
09:39:14 833138 28317
09:40:15 63670 3173
09:41:15 17679 2520
09:42:15 191265 8428
09:43:16 114964 9208
09:44:16 62447 3638
09:45:16 274571 14904
09:46:16 363114 23450
09:47:17 296009 15654
09:48:17 59526 3037
09:49:18 43132 3366
09:50:18 24571 4121
09:51:18 540924 40626
09:52:19 4278 966
09:53:19 323224 20445
09:54:19 307158 20608
09:55:19 297278 25061
09:56:20 7599 2091
09:57:20 74467 4424
09:58:21 577428 26417
09:59:21 8625 1376
10:00:21 242893 12610
10:01:22 137068 6749
10:02:22 11196 653
10:03:22 38812 2225
10:04:22 210063 20690
10:05:23 18682 1768
10:06:23 24453 8371
10:07:23 505088 39444
10:08:24 323273 14343
10:09:24 240998 14383
10:10:24 369631 21256
10:11:25 99630 4564
10:12:25 16520 4303
10:13:25 286115 11888
10:14:26 1822 747
10:15:26 25616 1862
10:16:26 605 696
10:17:27 7908 1408
10:18:27 3343 1603
10:19:27 23366 24366
10:20:27 54342 3130
10:21:28 141519 4682
10:22:28 6698 1120
10:23:29 248207 16785
10:24:29 44141 2558
10:25:29 234925 15893
10:26:30 686523 23536
