00:01:58 41
00:02:04 3
00:03:04 1
00:04:04 2
00:05:05 7
00:06:12 4
00:07:15 11
02:00:08 5
02:01:06 5
02:02:06 0
02:03:06 0
02:04:07 1
02:05:07 2
02:06:08 2
02:07:08 1
02:08:09 2
02:09:09 3
02:10:09 2
02:11:10 2
02:12:10 3
02:13:11 1
02:14:11 2
02:15:12 1
02:16:12 3
02:17:12 4
02:18:13 9
02:19:13 3
02:20:14 1
02:21:14 0
02:22:15 2
02:23:15 13
02:24:15 1
02:25:16 6
02:26:16 5
02:27:17 1
02:28:17 6
02:29:17 5
02:30:18 1
02:31:18 5
02:32:19 1
02:33:19 0
02:34:20 1
02:35:20 4
02:36:20 1
02:37:21 1
02:38:21 5
02:39:22 1
02:40:22 26
02:41:23 2
02:42:23 1
02:43:23 9
02:44:24 3
02:45:24 2
02:46:24 2
02:47:25 1
02:48:25 0
02:49:26 1
02:50:26 4
02:51:27 13
02:52:27 3
02:53:27 3
02:54:28 15
02:55:29 6
02:56:29 20
02:57:29 0
02:58:30 5
02:59:30 1
03:00:31 1
03:01:31 2
03:02:31 1
03:03:32 2
03:04:32 2
03:05:33 4
03:06:33 4
03:07:34 0
03:08:34 0
03:09:35 1
03:10:35 6
03:11:36 2
03:12:36 2
03:13:37 5
03:14:37 11
03:15:38 6
03:16:38 1
03:17:38 6
03:18:39 1
03:19:39 2
03:20:40 11
03:21:40 1
03:22:41 10
03:23:41 0
03:24:42 4
03:25:42 11
03:26:42 2
03:27:43 8
03:28:43 3
03:29:44 9
03:30:44 2
03:31:44 1
03:32:45 2
03:33:45 1
03:34:45 1
03:35:46 11
03:36:46 6
03:37:47 2
03:38:47 6
03:39:48 3
03:40:48 9
03:41:49 0
03:42:49 5
03:43:49 1
03:44:50 0
03:45:50 2
03:46:51 4
03:47:51 1
03:48:52 1
03:49:52 1
03:50:53 2
03:51:53 1
03:52:54 9
03:53:54 6
03:54:54 8
03:55:55 0
03:56:55 2
03:57:56 6
03:58:56 17
03:59:57 3
04:00:57 2
04:01:58 6
04:02:58 6
04:03:58 22
04:04:59 52
04:05:59 27
04:07:00 31
04:08:00 18
04:09:01 6
04:10:01 33
04:11:02 24
04:12:02 7
04:13:02 4
04:14:03 3
04:15:03 1
04:16:04 9
04:17:04 2
04:18:05 2
04:19:05 1
04:20:05 1
04:21:06 6
04:22:06 8
04:23:07 4
04:24:07 5
04:25:07 26
04:26:08 8
04:27:08 0
04:28:09 1
04:29:09 2
04:30:09 35
04:31:10 47
04:32:10 6
04:33:11 1
04:34:11 5
04:35:11 14
04:36:12 12
04:37:13 19
04:38:13 39
04:39:13 2
04:40:14 1
04:41:14 1
04:42:15 6
04:43:15 1
04:44:16 6
04:45:16 2
04:46:16 0
04:47:17 3
04:48:17 1
04:49:18 2
04:50:18 7
04:51:18 6
04:52:19 1
04:53:19 6
04:54:20 6
04:55:20 3
04:56:21 9
04:57:21 5
04:58:21 1
04:59:22 5
05:00:22 0
05:01:23 5
05:02:23 9
05:03:24 0
05:04:24 1
05:05:24 2
05:06:25 6
05:07:25 2
05:08:26 5
05:09:26 2
05:10:26 0
05:11:27 1
05:12:27 1
05:13:28 4
05:14:28 4
05:15:28 10
05:16:29 2
05:17:30 0
05:18:30 5
05:19:30 12
05:20:31 1
05:21:31 6
05:22:31 10
05:23:32 7
05:24:32 3
05:25:33 2
05:26:33 6
05:27:34 0
05:28:34 7
05:29:34 5
05:30:35 0
05:31:35 8
05:32:36 9
05:33:36 1
05:34:37 1
05:35:37 6
05:36:37 11
05:37:38 8
05:38:38 9
05:39:39 6
05:40:39 5
05:41:40 1
05:42:40 2
05:43:40 2
05:44:41 11
05:45:41 2
05:46:42 5
05:47:42 1
05:48:43 5
05:49:43 0
05:50:43 36
05:51:44 34
05:52:44 34
05:53:45 38
05:54:45 64
05:55:46 33
05:56:46 5
05:57:47 7
05:58:47 8
05:59:47 3
06:00:48 3
06:01:48 2
06:02:49 0
06:03:49 6
06:04:50 6
06:05:50 2
06:06:51 1
06:07:51 1
06:08:51 4
06:09:52 10
06:10:52 6
06:11:52 7
06:12:53 5
06:13:53 2
06:14:54 3
06:15:54 2
06:16:55 5
06:17:55 2
06:18:55 1
06:19:56 0
06:20:56 2
06:21:57 0
06:22:57 1
06:23:57 8
06:24:58 8
06:25:58 4
06:26:59 1
06:27:59 2
06:29:00 6
06:30:00 2
06:31:01 3
06:32:01 2
06:33:01 5
06:34:02 1
06:35:02 5
06:36:03 26
06:37:03 52
06:38:04 15
06:39:04 37
06:40:04 32
06:41:05 5
06:42:05 2
06:43:06 4
06:44:06 1
06:45:06 11
06:46:07 12
06:47:07 2
06:48:08 3
06:49:08 13
06:50:09 0
06:51:09 5
06:52:10 2
06:53:10 2
06:54:10 8
06:55:11 7
06:56:11 4
06:57:12 3
06:58:12 1
06:59:12 2
07:00:13 2
07:01:13 3
07:02:14 2
07:03:14 18
07:04:15 6
07:05:15 4
07:06:16 8
07:07:16 1
07:08:16 4
07:09:17 10
07:10:17 5
07:11:18 8
07:12:18 1
07:13:19 11
07:14:19 2
07:15:20 10
07:16:20 1
07:17:21 1
07:18:21 2
07:19:21 1
07:20:22 2
07:21:23 2
07:22:23 5
07:23:23 1
07:24:24 1
07:25:24 4
07:26:24 1
07:27:25 2
07:28:25 1
07:29:26 2
07:30:26 5
07:31:27 3
07:32:27 2
07:33:27 2
07:34:28 2
07:35:28 1
07:36:29 2
07:37:29 2
07:38:30 6
07:39:30 0
07:40:31 2
07:41:31 2
07:42:31 0
07:43:32 0
07:44:32 7
07:45:33 2
07:46:33 8
07:47:34 1
07:48:34 2
07:49:34 2
07:50:35 2
07:51:35 0
07:52:36 8
07:53:36 2
07:54:36 1
07:55:37 4
07:56:37 5
07:57:38 0
07:58:39 2
07:59:39 2
08:00:40 1
08:01:40 0
08:02:41 1
08:03:41 7
08:04:41 1
08:05:42 0
08:06:42 3
08:07:42 2
08:08:42 2
08:09:43 2
08:10:43 0
08:11:44 5
08:12:44 2
08:13:44 1
08:14:44 11
08:15:45 1
08:16:45 1
08:17:45 0
08:18:46 2
08:19:47 0
08:20:47 3
08:21:47 7
08:22:48 1
08:23:48 1
08:24:48 1
08:25:49 1
08:26:49 3
08:27:49 1
08:28:50 3
08:29:50 0
08:30:50 2
08:31:51 1
08:32:51 2
08:33:51 1
08:34:51 2
08:35:52 1
08:36:52 5
08:37:53 7
08:38:53 3
08:39:53 4
08:40:54 8
08:41:54 0
08:42:54 2
08:43:54 28
08:44:55 1
08:45:55 6
08:46:56 12
08:47:56 1
08:48:56 2
08:49:56 6
08:50:57 1
08:51:57 1
08:52:57 6
08:53:58 24
08:54:58 0
08:55:58 2
08:56:59 1
08:57:59 1
08:59:00 2
09:00:00 2
09:01:01 1
09:02:01 1
09:03:02 1
09:04:02 3
09:05:02 1
09:06:02 3
09:07:03 0
09:08:03 4
09:09:03 3
09:10:04 1
09:11:04 2
09:12:04 1
09:13:05 2
09:14:05 77
09:15:05 75
09:16:05 0
09:17:06 30
09:18:07 4
09:19:07 1
09:20:07 2
09:21:08 8
09:22:08 3
09:23:08 2
09:24:09 11
09:25:09 31
09:26:09 11
09:27:10 1
09:28:11 1
09:29:11 2
09:30:11 5
09:31:12 2
09:32:12 1
09:33:12 3
09:34:13 0
09:35:13 1
09:36:13 3
09:37:14 3
09:38:14 8
09:39:14 2
09:40:15 1
09:41:15 4
09:42:15 5
09:43:16 3
09:44:16 1
09:45:16 7
09:46:16 7
09:47:17 27
09:48:17 3
09:49:18 6
09:50:18 5
09:51:18 1
09:52:19 0
09:53:19 2
09:54:19 2
09:55:19 3
09:56:20 5
09:57:20 2
09:58:21 0
09:59:21 0
10:00:21 2
10:01:22 3
10:02:22 7
10:03:22 1
10:04:22 2
10:05:23 1
10:06:23 2
10:07:23 7
10:08:24 2
10:09:24 2
10:10:24 6
10:11:25 0
10:12:25 8
10:13:25 3
10:14:26 2
10:15:26 1
10:16:26 4
10:17:27 1
10:18:27 1
10:19:27 1
10:20:28 2
10:21:28 1
10:22:28 1
10:23:29 1
10:24:29 5
10:25:29 5
10:26:30 2
