00:01:57 1783
00:02:04 1738
00:03:04 1737
00:04:04 1734
00:05:05 1773
00:06:12 1829
00:07:15 1854
02:00:08 1718
02:01:06 1720
02:02:06 1730
02:03:06 1732
02:04:07 1668
02:05:07 1678
02:06:08 1683
02:07:08 1685
02:08:09 1653
02:09:09 1668
02:10:09 1667
02:11:10 1676
02:12:10 1658
02:13:11 1662
02:14:11 1678
02:15:12 1676
02:16:12 1681
02:17:12 1680
02:18:13 1689
02:19:13 1699
02:20:14 1575
02:21:14 1589
02:22:15 1600
02:23:15 1629
02:24:15 1531
02:25:16 1558
02:26:16 1553
02:27:17 1558
02:28:17 1569
02:29:17 1586
02:30:18 1602
02:31:18 1593
02:32:19 1598
02:33:19 1620
02:34:20 1638
02:35:20 1573
02:36:20 1584
02:37:21 1594
02:38:21 1587
02:39:22 1605
02:40:22 1611
02:41:23 1688
02:42:23 1688
02:43:23 1715
02:44:24 1704
02:45:24 1727
02:46:24 1726
02:47:25 1713
02:48:25 1719
02:49:26 1732
02:50:26 1715
02:51:27 1730
02:52:27 1724
02:53:27 1716
02:54:28 1751
02:55:29 1737
02:56:29 1746
02:57:29 1751
02:58:30 1756
02:59:30 1775
03:00:31 1767
03:01:31 1773
03:02:31 1765
03:03:32 1763
03:04:32 1771
03:05:33 1794
03:06:33 1787
03:07:34 1778
03:08:34 1735
03:09:35 1767
03:10:35 1769
03:11:36 1781
03:12:36 1773
03:13:37 1804
03:14:37 1796
03:15:38 1803
03:16:38 1793
03:17:38 1800
03:18:39 1772
03:19:39 1513
03:20:40 1544
03:21:40 1561
03:22:41 1556
03:23:41 1556
03:24:42 1520
03:25:42 1542
03:26:42 1568
03:27:43 1554
03:28:43 1549
03:29:44 1543
03:30:44 1543
03:31:44 1554
03:32:45 1555
03:33:45 1555
03:34:45 1558
03:35:46 1578
03:36:46 1587
03:37:47 1571
03:38:47 1567
03:39:48 1586
03:40:48 1591
03:41:49 1550
03:42:49 1576
03:43:49 1593
03:44:50 1596
03:45:50 1596
03:46:51 1636
03:47:51 1632
03:48:52 1635
03:49:52 1642
03:50:53 1664
03:51:53 1666
03:52:54 1677
03:53:54 1656
03:54:54 1690
03:55:55 1688
03:56:55 1676
03:57:56 1675
03:58:56 1687
03:59:57 1626
04:00:57 1664
04:01:58 1653
04:02:58 1657
04:03:58 1661
04:04:59 1734
04:05:59 1711
04:07:00 1685
04:08:00 1694
04:09:01 1627
04:10:01 1636
04:11:02 1648
04:12:02 1662
04:13:02 1670
04:14:03 1575
04:15:03 1578
04:16:04 1581
04:17:04 1606
04:18:05 1591
04:19:05 1577
04:20:05 1521
04:21:06 1526
04:22:06 1556
04:23:07 1578
04:24:07 1585
04:25:07 1627
04:26:08 1594
04:27:08 1597
04:28:09 1603
04:29:09 1618
04:30:09 1639
04:31:10 1650
04:32:10 1655
04:33:11 1650
04:34:11 1690
04:35:11 1689
04:36:12 1711
04:37:13 1726
04:38:13 1773
04:39:13 1726
04:40:14 1699
04:41:14 1711
04:42:15 1695
04:43:15 1706
04:44:16 1731
04:45:16 1643
04:46:16 1631
04:47:17 1619
04:48:17 1619
04:49:18 1624
04:50:18 1621
04:51:18 1636
04:52:19 1655
04:53:19 1635
04:54:20 1649
04:55:20 1647
04:56:21 1644
04:57:21 1644
04:58:21 1653
04:59:22 1651
05:00:22 1653
05:01:23 1656
05:02:23 1663
05:03:24 1632
05:04:24 1635
05:05:24 1659
05:06:25 1649
05:07:25 1663
05:08:26 1613
05:09:26 1511
05:10:26 1523
05:11:27 1559
05:12:27 1560
05:13:28 1561
05:14:28 1561
05:15:28 1565
05:16:29 1568
05:17:30 1571
05:18:30 1577
05:19:30 1584
05:20:31 1618
05:21:31 1542
05:22:31 1548
05:23:32 1547
05:24:32 1558
05:25:33 1504
05:26:33 1514
05:27:34 1520
05:28:34 1534
05:29:34 1543
05:30:35 1553
05:31:35 1571
05:32:36 1588
05:33:36 1576
05:34:37 1580
05:35:37 1578
05:36:37 1597
05:37:38 1609
05:38:38 1612
05:39:39 1628
05:40:39 1616
05:41:40 1606
05:42:40 1631
05:43:40 1623
05:44:41 1629
05:45:41 1639
05:46:42 1644
05:47:42 1630
05:48:43 1619
05:49:43 1615
05:50:43 1620
05:51:44 1626
05:52:44 1629
05:53:45 1629
05:54:45 1640
05:55:46 1634
05:56:46 1642
05:57:47 1650
05:58:47 1657
05:59:47 1679
06:00:48 1706
06:01:48 1698
06:02:49 1690
06:03:49 1718
06:04:50 1511
06:05:50 1516
06:06:51 1556
06:07:51 1559
06:08:51 1532
06:09:52 1554
06:10:52 1562
06:11:52 1566
06:12:53 1570
06:13:53 1585
06:14:54 1584
06:15:54 1588
06:16:55 1602
06:17:55 1602
06:18:55 1611
06:19:56 1621
06:20:56 1538
06:21:57 1546
06:22:57 1574
06:23:57 1579
06:24:58 1583
06:25:58 1575
06:26:59 1593
06:27:59 1579
06:29:00 1608
06:30:00 1601
06:31:01 1621
06:32:01 1620
06:33:01 1625
06:34:02 1642
06:35:02 1649
06:36:03 1651
06:37:03 1657
06:38:04 1681
06:39:04 1674
06:40:04 1683
06:41:05 1705
06:42:05 1690
06:43:06 1691
06:44:06 1697
06:45:06 1751
06:46:07 1715
06:47:07 1729
06:48:08 1726
06:49:08 1729
06:50:09 1678
06:51:09 1698
06:52:10 1731
06:53:10 1714
06:54:10 1730
06:55:11 1740
06:56:11 1750
06:57:12 1731
06:58:12 1743
06:59:12 1622
07:00:13 1630
07:01:13 1632
07:02:14 1670
07:03:14 1655
07:04:15 1650
07:05:15 1656
07:06:16 1655
07:07:16 1660
07:08:16 1663
07:09:17 1613
07:10:17 1633
07:11:18 1628
07:12:18 1625
07:13:19 1637
07:14:19 1653
07:15:20 1655
07:16:20 1659
07:17:21 1653
07:18:21 1660
07:19:21 1664
07:20:22 1711
07:21:23 1562
07:22:23 1590
07:23:23 1568
07:24:24 1584
07:25:24 1496
07:26:24 1523
07:27:25 1533
07:28:25 1539
07:29:26 1553
07:30:26 1552
07:31:27 1578
07:32:27 1580
07:33:27 1597
07:34:28 1594
07:35:28 1593
07:36:29 1592
07:37:29 1627
07:38:30 1641
07:39:30 1619
07:40:31 1617
07:41:31 1622
07:42:31 1628
07:43:32 1638
07:44:32 1646
07:45:33 1652
07:46:33 1694
07:47:34 1641
07:48:34 1657
07:49:34 1676
07:50:35 1677
07:51:35 1667
07:52:36 1668
07:53:36 1673
07:54:36 1574
07:55:37 1593
07:56:37 1603
07:57:38 1613
07:58:39 1604
07:59:39 1609
08:00:40 1610
08:01:40 1632
08:02:41 1634
08:03:41 1635
08:04:41 1665
08:05:42 1664
08:06:42 1698
08:07:42 1678
08:08:42 1680
08:09:43 1641
08:10:43 1659
08:11:44 1670
08:12:44 1670
08:13:44 1689
08:14:44 1698
08:15:45 1645
08:16:45 1654
08:17:45 1672
08:18:46 1672
08:19:47 1686
08:20:47 1576
08:21:47 1623
08:22:48 1614
08:23:48 1613
08:24:48 1606
08:25:49 1622
08:26:49 1630
08:27:49 1627
08:28:50 1651
08:29:50 1657
08:30:50 1692
08:31:51 1685
08:32:51 1687
08:33:51 1690
08:34:51 1691
08:35:52 1694
08:36:52 1687
08:37:53 1691
08:38:53 1692
08:39:53 1694
08:40:54 1706
08:41:54 1706
08:42:54 1697
08:43:54 1734
08:44:55 1724
08:45:55 1648
08:46:56 1644
08:47:56 1654
08:48:56 1689
08:49:56 1579
08:50:57 1593
08:51:57 1600
08:52:57 1596
08:53:58 1610
08:54:58 1626
08:55:58 1627
08:56:59 1631
08:57:59 1636
08:59:00 1637
09:00:00 1638
09:01:01 1643
09:02:01 1677
09:03:02 1664
09:04:02 1661
09:05:02 1672
09:06:02 1662
09:07:03 1678
09:08:03 1669
09:09:03 1671
09:10:04 1591
09:11:04 1611
09:12:04 1618
09:13:05 1631
09:14:05 1640
09:15:05 1630
09:16:05 1624
09:17:06 1627
09:18:07 1631
09:19:07 1632
09:20:07 1633
09:21:08 1693
09:22:08 1572
09:23:08 1598
09:24:09 1608
09:25:09 1651
09:26:09 1659
09:27:10 1665
09:28:11 1666
09:29:11 1658
09:30:11 1667
09:31:12 1658
09:32:12 1671
09:33:12 1670
09:34:13 1671
09:35:13 1674
09:36:13 1673
09:37:14 1676
09:38:14 1684
09:39:14 1679
09:40:15 1707
09:41:15 1638
09:42:15 1648
09:43:16 1642
09:44:16 1538
09:45:16 1548
09:46:16 1565
09:47:17 1583
09:48:17 1622
09:49:18 1613
09:50:18 1621
09:51:18 1620
09:52:19 1623
09:53:19 1638
09:54:19 1668
09:55:19 1682
09:56:20 1684
09:57:20 1697
09:58:21 1702
09:59:21 1693
10:00:21 1701
10:01:22 1718
10:02:22 1702
10:03:22 1696
10:04:22 1710
10:05:23 1710
10:06:23 1651
10:07:23 1687
10:08:24 1677
10:09:24 1729
10:10:24 1670
10:11:25 1705
10:12:25 1726
10:13:25 1732
10:14:26 1735
10:15:26 1728
10:16:26 1733
10:17:27 1756
10:18:27 1757
10:19:27 1750
10:20:28 1759
10:21:28 1694
10:22:28 1710
10:23:29 1717
10:24:29 1708
10:25:29 1725
10:26:30 1730
