00:00:50 1 1 1
00:01:51 1 1 1
00:02:52 1 1 1
00:03:53 1 1 1
00:04:54 1 1 1
00:05:56 1 1 1
00:06:56 1 1 1
02:00:05 1 1 1
02:01:03 1 1 1
02:02:03 1 1 1
02:03:03 1 1 1
02:04:04 1 1 1
02:05:04 1 1 1
02:06:05 1 1 1
02:07:05 1 1 1
02:08:05 1 1 1
02:09:06 1 1 1
02:10:06 1 1 1
02:11:07 1 1 1
02:12:07 1 1 1
02:13:08 1 1 1
02:14:08 1 1 1
02:15:09 1 1 1
02:16:09 1 1 1
02:17:09 1 1 1
02:18:10 1 1 1
02:19:10 1 1 1
02:20:11 1 1 1
02:21:11 1 1 1
02:22:11 1 1 1
02:23:12 1 1 1
02:24:12 1 1 1
02:25:13 1 1 1
02:26:13 1 1 1
02:27:14 1 1 1
02:28:14 1 1 1
02:29:14 1 1 1
02:30:15 1 1 1
02:31:15 1 1 1
02:32:16 1 1 1
02:33:16 1 1 1
02:34:16 1 1 1
02:35:17 1 1 1
02:36:17 1 1 1
02:37:18 1 1 1
02:38:18 1 1 1
02:39:19 1 1 1
02:40:19 1 1 1
02:41:19 1 1 1
02:42:20 1 1 1
02:43:20 1 1 1
02:44:21 1 1 1
02:45:21 1 1 1
02:46:21 1 1 1
02:47:22 1 1 1
02:48:22 1 1 1
02:49:23 1 1 1
02:50:23 1 1 1
02:51:24 1 1 1
02:52:24 1 1 1
02:53:24 1 1 1
02:54:25 1 1 1
02:55:25 1 1 1
02:56:26 1 1 1
02:57:26 1 1 1
02:58:27 1 1 1
02:59:27 1 1 1
03:00:28 1 1 1
03:01:28 1 1 1
03:02:28 1 1 1
03:03:29 1 1 1
03:04:29 1 1 1
03:05:30 1 1 1
03:06:30 1 1 1
03:07:31 1 1 1
03:08:31 1 1 1
03:09:32 1 1 1
03:10:32 1 1 1
03:11:33 1 1 1
03:12:33 1 1 1
03:13:33 1 1 1
03:14:34 1 1 1
03:15:34 1 1 1
03:16:35 1 1 1
03:17:35 1 1 1
03:18:36 1 1 1
03:19:36 1 1 1
03:20:37 1 1 1
03:21:37 1 1 1
03:22:37 1 1 1
03:23:38 1 1 1
03:24:38 1 1 1
03:25:39 1 1 1
03:26:39 1 1 1
03:27:40 1 1 1
03:28:40 1 1 1
03:29:41 1 1 1
03:30:41 1 1 1
03:31:41 1 1 1
03:32:42 1 1 1
03:33:42 1 1 1
03:34:42 1 1 1
03:35:43 1 1 1
03:36:43 1 1 1
03:37:44 1 1 1
03:38:44 1 1 1
03:39:45 1 1 1
03:40:45 1 1 1
03:41:46 1 1 1
03:42:46 1 1 1
03:43:46 1 1 1
03:44:47 1 1 1
03:45:47 1 1 1
03:46:48 1 1 1
03:47:48 1 1 1
03:48:49 1 1 1
03:49:49 1 1 1
03:50:49 1 1 1
03:51:50 1 1 1
03:52:50 1 1 1
03:53:51 1 1 1
03:54:51 1 1 1
03:55:52 1 1 1
03:56:52 1 1 1
03:57:53 1 1 1
03:58:53 1 1 1
03:59:54 1 1 1
04:00:54 1 1 1
04:01:55 1 1 1
04:02:55 1 1 1
04:03:55 1 1 1
04:04:56 1 1 1
04:05:56 1 1 1
04:06:57 1 1 1
04:07:57 1 1 1
04:08:58 1 1 1
04:09:58 1 1 1
04:10:58 1 1 1
04:11:59 1 1 1
04:12:59 1 1 1
04:14:00 1 1 1
04:15:00 1 1 1
04:16:01 1 1 1
04:17:01 1 1 1
04:18:04 1 1 1
04:19:02 1 1 1
04:20:02 1 1 1
04:21:03 1 1 1
04:22:03 1 1 1
04:23:03 1 1 1
04:24:04 1 1 1
04:25:04 1 1 1
04:26:05 1 1 1
04:27:05 1 1 1
04:28:06 1 1 1
04:29:06 1 1 1
04:30:06 1 1 1
04:31:07 1 1 1
04:32:07 1 1 1
04:33:08 1 1 1
04:34:08 1 1 1
04:35:08 1 1 1
04:36:09 1 1 1
04:37:09 1 1 1
04:38:10 1 1 1
04:39:10 1 1 1
04:40:11 1 1 1
04:41:11 1 1 1
04:42:12 1 1 1
04:43:12 1 1 1
04:44:12 1 1 1
04:45:13 1 1 1
04:46:13 1 1 1
04:47:14 1 1 1
04:48:14 1 1 1
04:49:14 1 1 1
04:50:15 1 1 1
04:51:15 1 1 1
04:52:16 1 1 1
04:53:16 1 1 1
04:54:17 1 1 1
04:55:17 1 1 1
04:56:17 1 1 1
04:57:18 1 1 1
04:58:18 1 1 1
04:59:19 1 1 1
05:00:19 1 1 1
05:01:20 1 1 1
05:02:20 1 1 1
05:03:20 1 1 1
05:04:21 1 1 1
05:05:21 1 1 1
05:06:22 1 1 1
05:07:22 1 1 1
05:08:22 1 1 1
05:09:23 1 1 1
05:10:23 1 1 1
05:11:24 1 1 1
05:12:24 1 1 1
05:13:25 1 1 1
05:14:25 1 1 1
05:15:25 1 1 1
05:16:26 1 1 1
05:17:26 1 1 1
05:18:27 1 1 1
05:19:27 1 1 1
05:20:28 1 1 1
05:21:28 1 1 1
05:22:28 1 1 1
05:23:29 1 1 1
05:24:29 1 1 1
05:25:30 1 1 1
05:26:30 1 1 1
05:27:31 1 1 1
05:28:31 1 1 1
05:29:31 1 1 1
05:30:32 1 1 1
05:31:32 1 1 1
05:32:33 1 1 1
05:33:33 1 1 1
05:34:33 1 1 1
05:35:34 1 1 1
05:36:34 1 1 1
05:37:35 1 1 1
05:38:35 1 1 1
05:39:36 1 1 1
05:40:36 1 1 1
05:41:37 1 1 1
05:42:37 1 1 1
05:43:37 1 1 1
05:44:38 1 1 1
05:45:38 1 1 1
05:46:39 1 1 1
05:47:39 1 1 1
05:48:39 1 1 1
05:49:40 1 1 1
05:50:40 1 1 1
05:51:41 1 1 1
05:52:41 1 1 1
05:53:42 1 1 1
05:54:42 1 1 1
05:55:42 1 1 1
05:56:43 1 1 1
05:57:44 1 1 1
05:58:44 1 1 1
05:59:44 1 1 1
06:00:45 1 1 1
06:01:45 1 1 1
06:02:46 1 1 1
06:03:46 1 1 1
06:04:46 1 1 1
06:05:47 1 1 1
06:06:47 1 1 1
06:07:48 1 1 1
06:08:48 1 1 1
06:09:49 1 1 1
06:10:49 1 1 1
06:11:49 1 1 1
06:12:50 1 1 1
06:13:50 1 1 1
06:14:51 1 1 1
06:15:51 1 1 1
06:16:52 1 1 1
06:17:52 1 1 1
06:18:52 1 1 1
06:19:53 1 1 1
06:20:53 1 1 1
06:21:54 1 1 1
06:22:54 1 1 1
06:23:54 1 1 1
06:24:55 1 1 1
06:25:55 1 1 1
06:26:56 1 1 1
06:27:56 1 1 1
06:28:56 1 1 1
06:29:57 1 1 1
06:30:57 1 1 1
06:31:58 1 1 1
06:32:58 1 1 1
06:33:59 1 1 1
06:34:59 1 1 1
06:36:00 1 1 1
06:37:00 1 1 1
06:38:00 1 1 1
06:39:01 1 1 1
06:40:01 1 1 1
06:41:02 1 1 1
06:42:02 1 1 1
06:43:03 1 1 1
06:44:03 1 1 1
06:45:03 1 1 1
06:46:04 1 1 1
06:47:04 1 1 1
06:48:05 1 1 1
06:49:05 1 1 1
06:50:05 1 1 1
06:51:06 1 1 1
06:52:06 1 1 1
06:53:07 1 1 1
06:54:07 1 1 1
06:55:08 1 1 1
06:56:08 1 1 1
06:57:09 1 1 1
06:58:09 1 1 1
06:59:09 1 1 1
07:00:10 1 1 1
07:01:10 1 1 1
07:02:11 1 1 1
07:03:11 1 1 1
07:04:12 1 1 1
07:05:12 1 1 1
07:06:12 1 1 1
07:07:13 1 1 1
07:08:13 1 1 1
07:09:14 1 1 1
07:10:14 1 1 1
07:11:15 1 1 1
07:12:15 1 1 1
07:13:16 1 1 1
07:14:16 1 1 1
07:15:17 1 1 1
07:16:17 1 1 1
07:17:18 1 1 1
07:18:18 1 1 1
07:19:18 1 1 1
07:20:19 1 1 1
07:21:19 1 1 1
07:22:20 1 1 1
07:23:20 1 1 1
07:24:20 1 1 1
07:25:21 1 1 1
07:26:21 1 1 1
07:27:22 1 1 1
07:28:22 1 1 1
07:29:23 1 1 1
07:30:23 1 1 1
07:31:23 1 1 1
07:32:24 1 1 1
07:33:24 1 1 1
07:34:25 1 1 1
07:35:25 1 1 1
07:36:26 1 1 1
07:37:26 1 1 1
07:38:27 1 1 1
07:39:27 1 1 1
07:40:27 1 1 1
07:41:28 1 1 1
07:42:28 1 1 1
07:43:29 1 1 1
07:44:29 1 1 1
07:45:30 1 1 1
07:46:30 1 1 1
07:47:31 1 1 1
07:48:31 1 1 1
07:49:31 1 1 1
07:50:32 1 1 1
07:51:32 1 1 1
07:52:33 1 1 1
07:53:33 1 1 1
07:54:33 1 1 1
07:55:34 1 1 1
07:56:34 1 1 1
07:57:35 1 1 1
07:58:36 1 1 1
07:59:36 1 1 1
08:00:37 1 1 1
08:01:37 1 1 1
08:02:38 1 1 1
08:03:38 1 1 1
08:04:38 1 1 1
08:05:38 1 1 1
08:06:39 1 1 1
08:07:39 1 1 1
08:08:39 1 1 1
08:09:40 1 1 1
08:10:40 1 1 1
08:11:40 1 1 1
08:12:41 1 1 1
08:13:41 1 1 1
08:14:41 1 1 1
08:15:42 1 1 1
08:16:42 1 1 1
08:17:42 1 1 1
08:18:43 1 1 1
08:19:44 1 1 1
08:20:44 1 1 1
08:21:44 1 1 1
08:22:44 1 1 1
08:23:45 1 1 1
08:24:45 1 1 1
08:25:46 1 1 1
08:26:46 1 1 1
08:27:46 1 1 1
08:28:47 1 1 1
08:29:47 1 1 1
08:30:47 1 1 1
08:31:48 1 1 1
08:32:48 1 1 1
08:33:48 1 1 1
08:34:48 1 1 1
08:35:49 1 1 1
08:36:49 1 1 1
08:37:49 1 1 1
08:38:50 1 1 1
08:39:50 1 1 1
08:40:51 1 1 1
08:41:51 1 1 1
08:42:51 1 1 1
08:43:51 1 1 1
08:44:52 1 1 1
08:45:52 1 1 1
08:46:52 1 1 1
08:47:53 1 1 1
08:48:53 1 1 1
08:49:53 1 1 1
08:50:54 1 1 1
08:51:54 1 1 1
08:52:54 1 1 1
08:53:55 1 1 1
08:54:55 1 1 1
08:55:55 1 1 1
08:56:56 1 1 1
08:57:56 1 1 1
08:58:57 1 1 1
08:59:57 1 1 1
09:00:58 1 1 1
09:01:58 1 1 1
09:02:58 1 1 1
09:03:59 1 1 1
09:04:59 1 1 1
09:05:59 1 1 1
09:07:00 1 1 1
09:08:00 1 1 1
09:09:00 1 1 1
09:10:01 1 1 1
09:11:01 1 1 1
09:12:01 1 1 1
09:13:02 1 1 1
09:14:02 1 1 1
09:15:02 1 1 1
09:16:02 1 1 1
09:17:03 1 1 1
09:18:04 1 1 1
09:19:04 1 1 1
09:20:04 1 1 1
09:21:05 1 1 1
09:22:05 1 1 1
09:23:05 1 1 1
09:24:06 1 1 1
09:25:06 1 1 1
09:26:06 1 1 1
09:27:07 1 1 1
09:28:08 1 1 1
09:29:08 1 1 1
09:30:08 1 1 1
09:31:09 1 1 1
09:32:09 1 1 1
09:33:09 1 1 1
09:34:10 1 1 1
09:35:10 1 1 1
09:36:10 1 1 1
09:37:11 1 1 1
09:38:11 1 1 1
09:39:11 1 1 1
09:40:12 1 1 1
09:41:12 1 1 1
09:42:12 1 1 1
09:43:12 1 1 1
09:44:13 1 1 1
09:45:13 1 1 1
09:46:13 1 1 1
09:47:14 1 1 1
09:48:14 1 1 1
09:49:14 1 1 1
09:50:15 1 1 1
09:51:15 1 1 1
09:52:16 1 1 1
09:53:16 1 1 1
09:54:16 1 1 1
09:55:16 1 1 1
09:56:17 1 1 1
09:57:17 1 1 1
09:58:18 1 1 1
09:59:18 1 1 1
10:00:18 1 1 1
10:01:19 1 1 1
10:02:19 1 1 1
10:03:19 1 1 1
10:04:19 1 1 1
10:05:20 1 1 1
10:06:20 1 1 1
10:07:20 1 1 1
10:08:21 1 1 1
10:09:21 1 1 1
10:10:21 1 1 1
10:11:22 1 1 1
10:12:22 1 1 1
10:13:22 1 1 1
10:14:23 1 1 1
10:15:23 1 1 1
10:16:23 1 1 1
10:17:24 1 1 1
10:18:24 1 1 1
10:19:24 1 1 1
10:20:24 1 1 1
10:21:25 1 1 1
10:22:25 1 1 1
10:23:25 1 1 1
10:24:26 1 1 1
10:25:26 1 1 1
10:26:26 1 1 1
