00:00:06 4 0 34
00:00:36 4 0 33
00:01:17 4 0 33
00:01:50 4 0 33
00:02:12 4 0 33
00:02:41 4 0 34
00:03:11 4 0 33
00:03:39 4 0 33
00:04:11 4 0 33
00:04:44 4 0 33
00:05:14 4 0 33
00:05:43 4 0 33
00:06:14 4 0 33
00:06:44 4 0 33
00:07:15 4 0 33
02:00:02 4 0 33
02:00:33 4 0 33
02:01:03 4 0 33
02:01:33 4 0 34
02:02:03 4 0 33
02:02:33 4 0 33
02:03:03 4 0 33
02:03:34 4 0 33
02:04:04 4 0 36
02:04:34 4 0 33
02:05:04 4 0 33
02:05:35 4 0 34
02:06:05 4 0 33
02:06:35 4 0 33
02:07:05 4 0 33
02:07:35 4 0 33
02:08:06 4 0 33
02:08:36 4 0 33
02:09:06 4 0 33
02:09:36 4 0 33
02:10:07 4 0 40
02:10:37 4 0 33
02:11:07 4 0 35
02:11:37 4 0 33
02:12:07 4 0 33
02:12:38 4 0 33
02:13:08 4 0 33
02:13:38 4 0 34
02:14:08 4 0 34
02:14:39 4 0 34
02:15:09 4 0 33
02:15:39 4 0 33
02:16:09 4 0 33
02:16:39 4 0 34
02:17:10 4 0 35
02:17:40 4 0 33
02:18:10 4 0 33
02:18:40 4 0 44
02:19:10 4 0 33
02:19:41 4 0 33
02:20:11 4 0 33
02:20:41 4 0 36
02:21:11 4 0 33
02:21:41 4 0 33
02:22:12 4 0 33
02:22:42 4 0 33
02:23:12 4 0 33
02:23:42 4 0 34
02:24:12 4 0 33
02:24:43 4 0 37
02:25:13 4 0 33
02:25:43 4 0 33
02:26:13 4 0 33
02:26:44 4 0 33
02:27:14 4 0 34
02:27:44 4 0 33
02:28:14 4 0 33
02:28:44 4 0 33
02:29:14 4 0 33
02:29:45 4 0 33
02:30:15 4 0 33
02:30:45 4 0 33
02:31:15 4 0 33
02:31:46 4 0 33
02:32:16 4 0 33
02:32:46 4 0 33
02:33:16 4 0 33
02:33:47 4 0 36
02:34:17 4 0 33
02:34:47 4 0 33
02:35:17 4 0 33
02:35:47 4 0 34
02:36:17 4 0 33
02:36:48 4 0 33
02:37:18 4 0 33
02:37:48 4 0 33
02:38:18 4 0 33
02:38:49 4 0 32
02:39:19 4 0 33
02:39:49 4 0 33
02:40:19 4 0 34
02:40:49 4 0 33
02:41:20 4 0 33
02:41:50 4 0 33
02:42:20 4 0 34
02:42:50 4 0 33
02:43:20 4 0 33
02:43:51 4 0 33
02:44:21 4 0 33
02:44:51 4 0 38
02:45:21 4 0 33
02:45:51 4 0 33
02:46:22 4 0 33
02:46:52 4 0 33
02:47:22 4 0 33
02:47:52 4 0 33
02:48:22 4 0 33
02:48:53 4 0 33
02:49:23 4 0 33
02:49:53 4 0 32
02:50:23 4 0 33
02:50:54 4 0 33
02:51:24 4 0 33
02:51:54 4 0 33
02:52:24 4 0 33
02:52:54 4 0 33
02:53:25 4 0 34
02:53:55 4 0 34
02:54:25 4 0 33
02:54:55 4 0 33
02:55:26 4 0 33
02:55:56 4 0 33
02:56:26 4 0 33
02:56:56 4 0 33
02:57:26 4 0 33
02:57:57 4 0 33
02:58:27 4 0 34
02:58:57 4 0 33
02:59:27 4 0 33
02:59:58 4 0 33
03:00:28 4 0 34
03:00:58 4 0 33
03:01:28 4 0 33
03:01:58 4 0 33
03:02:29 4 0 34
03:02:59 4 0 33
03:03:29 4 0 33
03:03:59 4 0 33
03:04:29 4 0 50
03:05:00 4 0 33
03:05:30 4 0 33
03:06:00 4 0 33
03:06:31 4 0 33
03:07:01 4 0 33
03:07:31 4 0 33
03:08:01 4 0 33
03:08:31 4 0 33
03:09:02 4 0 33
03:09:32 4 0 33
03:10:02 4 0 33
03:10:32 4 0 37
03:11:04 3 1 32
03:11:33 4 0 32
03:12:03 4 0 34
03:12:33 4 0 33
03:13:03 4 0 33
03:13:34 4 0 33
03:14:04 4 0 35
03:14:34 4 0 33
03:15:04 4 0 33
03:15:35 4 0 33
03:16:05 4 0 33
03:16:35 4 0 33
03:17:05 4 0 33
03:17:35 4 0 33
03:18:06 4 0 33
03:18:36 4 0 33
03:19:06 4 0 33
03:19:36 4 0 34
03:20:07 4 0 33
03:20:37 4 0 36
03:21:07 4 0 33
03:21:37 4 0 33
03:22:08 4 0 33
03:22:38 4 0 33
03:23:08 4 0 33
03:23:38 4 0 33
03:24:08 4 0 33
03:24:38 4 0 33
03:25:09 4 0 33
03:25:39 4 0 33
03:26:09 4 0 33
03:26:39 4 0 33
03:27:10 4 0 33
03:27:40 4 0 33
03:28:10 4 0 33
03:28:40 4 0 33
03:29:11 4 0 33
03:29:41 4 0 32
03:30:11 4 0 32
03:30:41 4 0 33
03:31:11 4 0 33
03:31:42 4 0 36
03:32:12 4 0 33
03:32:42 4 0 33
03:33:12 4 0 32
03:33:43 4 0 34
03:34:13 4 0 36
03:34:43 4 0 33
03:35:14 4 0 34
03:35:44 4 0 34
03:36:14 4 0 33
03:36:45 4 0 33
03:37:15 4 0 32
03:37:45 4 0 35
03:38:15 4 0 33
03:38:45 4 0 34
03:39:16 4 0 33
03:39:46 4 0 34
03:40:16 4 0 33
03:40:46 4 0 33
03:41:17 4 0 33
03:41:47 4 0 33
03:42:17 4 0 33
03:42:47 4 0 33
03:43:18 4 0 33
03:43:48 4 0 33
03:44:18 4 0 33
03:44:48 4 0 33
03:45:18 4 0 33
03:45:48 4 0 33
03:46:19 4 0 33
03:46:49 4 0 32
03:47:19 4 0 33
03:47:49 4 0 33
03:48:20 4 0 33
03:48:50 4 0 33
03:49:20 4 0 33
03:49:50 4 0 58
03:50:21 4 0 33
03:50:51 4 0 62
03:51:21 4 0 33
03:51:51 4 0 33
03:52:21 4 0 33
03:52:51 4 0 33
03:53:22 4 0 33
03:53:52 4 0 33
03:54:22 4 0 34
03:54:53 4 0 33
03:55:23 4 0 34
03:55:53 4 0 33
03:56:23 4 0 33
03:56:54 4 0 33
03:57:24 4 0 33
03:57:54 4 0 33
03:58:24 4 0 33
03:58:54 4 0 33
03:59:25 4 0 33
03:59:55 4 0 33
04:00:25 4 0 33
04:00:55 4 0 33
04:01:26 4 0 32
04:01:56 4 0 33
04:02:26 4 0 33
04:02:56 4 0 33
04:03:27 4 0 33
04:03:57 4 0 33
04:04:27 4 0 33
04:04:57 4 0 34
04:05:27 4 0 33
04:05:57 4 0 34
04:06:28 4 0 34
04:06:58 4 0 33
04:07:28 4 0 34
04:07:58 4 0 33
04:08:29 4 0 33
04:08:59 4 0 35
04:09:29 4 0 33
04:09:59 4 0 33
04:10:30 4 0 33
04:11:00 4 0 33
04:11:30 4 0 33
04:12:00 4 0 32
04:12:30 4 0 33
04:13:00 4 0 33
04:13:31 4 0 35
04:14:01 4 0 33
04:14:31 4 0 33
04:15:01 4 0 34
04:15:32 4 0 34
04:16:02 4 0 36
04:16:32 4 0 42
04:17:02 4 0 33
04:17:32 4 0 34
04:18:03 4 0 34
04:18:33 4 0 33
04:19:03 4 0 33
04:19:33 4 0 35
04:20:03 4 0 33
04:20:34 4 0 32
04:21:04 4 0 33
04:21:34 4 0 34
04:22:04 4 0 34
04:22:35 4 0 33
04:23:05 4 0 33
04:23:35 4 0 34
04:24:05 4 0 33
04:24:35 4 0 33
04:25:05 4 0 33
04:25:36 4 0 34
04:26:06 4 0 33
04:26:36 4 0 33
04:27:06 4 0 33
04:27:37 4 0 36
04:28:07 4 0 34
04:28:37 4 0 33
04:29:07 4 0 33
04:29:37 4 0 33
04:30:07 4 0 33
04:30:38 4 0 34
04:31:08 4 0 34
04:31:38 4 0 33
04:32:08 4 0 33
04:32:39 4 0 35
04:33:09 4 0 34
04:33:39 4 0 33
04:34:09 4 0 34
04:34:39 4 0 33
04:35:10 4 0 33
04:35:40 4 0 33
04:36:10 4 0 33
04:36:40 4 0 33
04:37:11 4 0 33
04:37:41 4 0 33
04:38:11 4 0 32
04:38:41 4 0 33
04:39:11 4 0 33
04:39:42 4 0 34
04:40:12 4 0 34
04:40:42 4 0 34
04:41:12 4 0 33
04:41:43 4 0 33
04:42:13 4 0 33
04:42:43 4 0 33
04:43:13 4 0 33
04:43:43 4 0 33
04:44:14 4 0 33
04:44:44 4 0 33
04:45:14 4 0 33
04:45:44 4 0 33
04:46:14 4 0 33
04:46:45 4 0 33
04:47:15 4 0 33
04:47:45 4 0 33
04:48:15 4 0 34
04:48:46 4 0 37
04:49:16 4 0 34
04:49:46 4 0 33
04:50:16 4 0 33
04:50:46 4 0 34
04:51:17 4 0 65
04:51:47 4 0 33
04:52:18 3 1 33
04:52:47 4 0 33
04:53:17 4 0 33
04:53:48 4 0 33
04:54:18 4 0 33
04:54:48 4 0 33
04:55:18 4 0 33
04:55:49 4 0 33
04:56:19 4 0 33
04:56:49 4 0 34
04:57:19 4 0 33
04:57:49 4 0 33
04:58:19 4 0 34
04:58:50 4 0 33
04:59:20 4 0 33
04:59:50 4 0 33
05:00:20 4 0 33
05:00:51 4 0 34
05:01:21 4 0 35
05:01:51 4 0 34
05:02:21 4 0 33
05:02:51 4 0 33
05:03:21 4 0 33
05:03:52 4 0 33
05:04:22 4 0 33
05:04:52 4 0 33
05:05:22 4 0 34
05:05:53 4 0 33
05:06:23 4 0 33
05:06:53 4 0 33
05:07:23 4 0 36
05:07:53 4 0 33
05:08:24 4 0 33
05:08:54 4 0 33
05:09:24 4 0 33
05:09:54 4 0 33
05:10:25 4 0 34
05:10:55 4 0 33
05:11:25 4 0 33
05:11:55 4 0 33
05:12:25 4 0 33
05:12:56 4 0 33
05:13:26 4 0 32
05:13:56 4 0 34
05:14:26 4 0 33
05:14:56 4 0 33
05:15:27 4 0 33
05:15:57 4 0 33
05:16:27 4 0 33
05:16:57 4 0 33
05:17:28 4 0 33
05:17:58 4 0 35
05:18:28 4 0 33
05:18:58 4 0 34
05:19:28 4 0 33
05:19:59 4 0 33
05:20:29 4 0 33
05:20:59 4 0 33
05:21:29 4 0 33
05:22:00 4 0 33
05:22:30 4 0 33
05:23:00 4 0 33
05:23:30 4 0 33
05:24:00 4 0 32
05:24:30 4 0 34
05:25:01 4 0 33
05:25:31 4 0 33
05:26:01 4 0 34
05:26:31 4 0 33
05:27:02 4 0 33
05:27:32 4 0 33
05:28:02 4 0 33
05:28:32 4 0 33
05:29:02 4 0 33
05:29:33 4 0 33
05:30:03 4 0 33
05:30:33 4 0 33
05:31:03 4 0 33
05:31:33 4 0 33
05:32:04 4 0 33
05:32:34 4 0 33
05:33:04 4 0 33
05:33:34 4 0 34
05:34:05 4 0 33
05:34:35 4 0 33
05:35:05 4 0 33
05:35:35 4 0 33
05:36:05 4 0 34
05:36:35 4 0 33
05:37:06 4 0 33
05:37:36 4 0 33
05:38:06 4 0 33
05:38:36 4 0 33
05:39:07 4 0 33
05:39:37 4 0 33
05:40:07 4 0 33
05:40:37 4 0 33
05:41:08 4 0 33
05:41:38 4 0 34
05:42:08 4 0 33
05:42:38 4 0 33
05:43:08 4 0 33
05:43:39 4 0 33
05:44:09 4 0 33
05:44:39 4 0 34
05:45:09 4 0 32
05:45:39 4 0 33
05:46:10 4 0 33
05:46:40 4 0 35
05:47:10 4 0 33
05:47:40 4 0 33
05:48:11 4 0 33
05:48:41 4 0 33
05:49:11 4 0 33
05:49:41 4 0 33
05:50:11 4 0 33
05:50:41 4 0 34
05:51:12 4 0 33
05:51:42 4 0 33
05:52:12 4 0 33
05:52:42 4 0 33
05:53:13 4 0 33
05:53:43 4 0 32
05:54:13 4 0 33
05:54:43 4 0 34
05:55:14 4 0 35
05:55:44 4 0 33
05:56:14 4 0 33
05:56:44 4 0 33
05:57:15 4 0 32
05:57:45 4 0 32
05:58:15 4 0 33
05:58:45 4 0 34
05:59:15 4 0 33
05:59:45 4 0 33
06:00:16 4 0 33
06:00:46 4 0 33
06:01:16 4 0 33
06:01:46 4 0 34
06:02:17 4 0 32
06:02:47 4 0 33
06:03:17 4 0 33
06:03:47 4 0 34
06:04:18 4 0 33
06:04:48 4 0 33
06:05:18 4 0 33
06:05:48 4 0 32
06:06:18 4 0 33
06:06:49 4 0 35
06:07:19 4 0 33
06:07:49 4 0 33
06:08:19 4 0 32
06:08:49 4 0 34
06:09:20 4 0 32
06:09:50 4 0 36
06:10:20 4 0 34
06:10:50 4 0 34
06:11:21 4 0 33
06:11:51 4 0 33
06:12:21 4 0 36
06:12:51 4 0 33
06:13:21 4 0 33
06:13:51 4 0 33
06:14:22 4 0 34
06:14:52 4 0 33
06:15:22 4 0 34
06:15:52 4 0 34
06:16:23 4 0 35
06:16:53 4 0 34
06:17:23 4 0 33
06:17:53 4 0 33
06:18:23 4 0 33
06:18:53 4 0 33
06:19:24 4 0 35
06:19:54 4 0 33
06:20:24 4 0 33
06:20:54 4 0 33
06:21:25 4 0 33
06:21:55 4 0 34
06:22:25 4 0 33
06:22:55 4 0 35
06:23:25 4 0 33
06:23:56 4 0 35
06:24:26 4 0 36
06:24:56 4 0 36
06:25:26 4 0 33
06:25:56 4 0 33
06:26:27 4 0 33
06:26:57 4 0 34
06:27:27 4 0 33
06:27:57 4 0 33
06:28:28 4 0 33
06:28:58 4 0 33
06:29:28 4 0 33
06:29:58 4 0 34
06:30:28 4 0 33
06:30:59 4 0 33
06:31:29 4 0 33
06:31:59 4 0 33
06:32:29 4 0 33
06:32:59 4 0 33
06:33:30 4 0 33
06:34:00 4 0 34
06:34:30 4 0 34
06:35:00 4 0 35
06:35:31 4 0 33
06:36:01 4 0 33
06:36:31 4 0 33
06:37:01 4 0 33
06:37:32 4 0 33
06:38:02 4 0 35
06:38:32 4 0 33
06:39:02 4 0 33
06:39:32 4 0 34
06:40:02 4 0 33
06:40:33 4 0 33
06:41:03 4 0 33
06:41:33 4 0 33
06:42:03 4 0 61
06:42:34 4 0 33
06:43:04 4 0 33
06:43:34 4 0 34
06:44:04 4 0 34
06:44:34 4 0 33
06:45:04 4 0 33
06:45:35 4 0 33
06:46:05 4 0 33
06:46:35 4 0 32
06:47:05 4 0 33
06:47:36 4 0 33
06:48:06 4 0 33
06:48:36 4 0 33
06:49:06 4 0 33
06:49:37 4 0 35
06:50:07 4 0 34
06:50:37 4 0 34
06:51:07 4 0 33
06:51:37 4 0 32
06:52:07 4 0 34
06:52:38 4 0 44
06:53:08 4 0 33
06:53:38 4 0 33
06:54:08 4 0 33
06:54:39 4 0 34
06:55:09 4 0 33
06:55:39 4 0 34
06:56:09 4 0 33
06:56:40 4 0 33
06:57:10 4 0 33
06:57:40 4 0 33
06:58:10 4 0 32
06:58:40 4 0 34
06:59:10 4 0 33
06:59:41 4 0 33
07:00:11 4 0 33
07:00:41 4 0 33
07:01:11 4 0 33
07:01:42 4 0 33
07:02:12 4 0 33
07:02:42 4 0 33
07:03:12 4 0 33
07:03:43 4 0 33
07:04:13 4 0 34
07:04:43 4 0 33
07:05:13 4 0 33
07:05:44 4 0 33
07:06:14 4 0 34
07:06:44 4 0 32
07:07:14 4 0 34
07:07:44 4 0 33
07:08:14 4 0 33
07:08:45 4 0 33
07:09:15 4 0 33
07:09:45 4 0 33
07:10:15 4 0 33
07:10:46 4 0 33
07:11:16 4 0 33
07:11:46 4 0 34
07:12:17 4 0 33
07:12:47 4 0 32
07:13:17 4 0 34
07:13:47 4 0 33
07:14:17 4 0 33
07:14:48 4 0 35
07:15:18 4 0 33
07:15:48 4 0 33
07:16:18 4 0 33
07:16:49 4 0 33
07:17:19 4 0 34
07:17:49 4 0 33
07:18:19 4 0 33
07:18:50 4 0 33
07:19:20 4 0 34
07:19:50 4 0 33
07:20:20 4 0 33
07:20:50 4 0 33
07:21:20 4 0 33
07:21:51 4 0 33
07:22:21 4 0 33
07:22:51 4 0 33
07:23:21 4 0 33
07:23:52 4 0 33
07:24:22 4 0 34
07:24:52 4 0 33
07:25:22 4 0 33
07:25:52 4 0 33
07:26:23 4 0 33
07:26:53 4 0 33
07:27:23 4 0 33
07:27:53 4 0 33
07:28:23 4 0 33
07:28:54 4 0 33
07:29:24 4 0 33
07:29:54 4 0 32
07:30:24 4 0 33
07:30:55 4 0 33
07:31:25 4 0 33
07:31:55 4 0 33
07:32:25 4 0 33
07:32:55 4 0 34
07:33:25 4 0 33
07:33:56 4 0 33
07:34:26 4 0 34
07:34:56 4 0 34
07:35:26 4 0 33
07:35:57 4 0 33
07:36:27 4 0 33
07:36:57 4 0 34
07:37:27 4 0 33
07:37:58 4 0 33
07:38:28 4 0 34
07:38:58 4 0 33
07:39:28 4 0 33
07:39:59 4 0 33
07:40:29 4 0 33
07:40:59 4 0 33
07:41:29 4 0 33
07:41:59 4 0 33
07:42:29 4 0 33
07:43:00 4 0 32
07:43:30 4 0 34
07:44:00 4 0 33
07:44:30 4 0 33
07:45:01 4 0 33
07:45:31 4 0 33
07:46:01 4 0 33
07:46:31 4 0 33
07:47:02 4 0 33
07:47:32 4 0 33
07:48:02 4 0 33
07:48:32 4 0 33
07:49:02 4 0 33
07:49:32 4 0 33
07:50:03 4 0 33
07:50:33 4 0 33
07:51:03 4 0 33
07:51:33 4 0 34
07:52:04 4 0 33
07:52:34 4 0 33
07:53:04 4 0 33
07:53:34 4 0 33
07:54:04 4 0 33
07:54:34 4 0 33
07:55:05 4 0 33
07:55:35 4 0 34
07:56:05 4 0 33
07:56:35 4 0 34
07:57:06 4 0 33
07:57:36 4 0 35
07:58:07 4 0 33
07:58:37 4 0 34
07:59:07 4 0 33
07:59:37 4 0 33
08:00:08 4 0 35
08:00:38 4 0 35
08:01:08 4 0 33
08:01:38 4 0 37
08:02:09 4 0 33
08:02:39 4 0 35
08:03:09 4 0 33
08:03:39 4 0 34
08:04:09 4 0 34
08:04:39 4 0 35
08:05:10 4 0 33
08:05:40 4 0 34
08:06:10 4 0 33
08:06:40 4 0 35
08:07:10 4 0 33
08:07:40 4 0 34
08:08:11 4 0 36
08:08:41 4 0 34
08:09:11 4 0 33
08:09:41 4 0 34
08:10:11 4 0 33
08:10:41 4 0 34
08:11:11 4 0 33
08:11:42 4 0 34
08:12:12 4 0 33
08:12:42 4 0 33
08:13:12 4 0 33
08:13:42 4 0 34
08:14:12 4 0 34
08:14:42 4 0 34
08:15:13 4 0 33
08:15:43 4 0 34
08:16:13 4 0 33
08:16:43 4 0 35
08:17:13 4 0 33
08:17:44 4 0 33
08:18:14 4 0 33
08:18:44 4 0 34
08:19:14 4 0 33
08:19:45 4 0 35
08:20:15 4 0 33
08:20:45 4 0 34
08:21:15 4 0 34
08:21:45 4 0 33
08:22:16 4 0 33
08:22:46 4 0 34
08:23:16 4 0 33
08:23:46 4 0 34
08:24:16 4 0 33
08:24:46 4 0 34
08:25:17 3 1 38
08:25:47 4 0 34
08:26:17 4 0 33
08:26:47 4 0 35
08:27:17 4 0 33
08:27:47 4 0 34
08:28:18 4 0 33
08:28:48 4 0 33
08:29:18 4 0 33
08:29:49 3 1 35
08:30:18 4 0 33
08:30:48 4 0 34
08:31:19 4 0 53
08:31:49 4 0 34
08:32:19 4 0 34
08:32:49 4 0 34
08:33:19 4 0 33
08:33:49 4 0 33
08:34:20 4 0 34
08:34:50 4 0 37
08:35:21 3 1 33
08:35:50 4 0 35
08:36:20 4 0 33
08:36:50 4 0 35
08:37:21 4 0 33
08:37:51 4 0 34
08:38:21 4 0 34
08:38:51 4 0 33
08:39:21 4 0 39
08:39:51 4 0 34
08:40:22 4 0 33
08:40:52 4 0 37
08:41:22 4 0 33
08:41:52 4 0 35
08:42:22 4 0 33
08:42:52 4 0 34
08:43:23 4 0 39
08:43:53 4 0 35
08:44:23 4 0 33
08:44:53 4 0 34
08:45:23 4 0 33
08:45:53 4 0 34
08:46:23 4 0 33
08:46:54 4 0 34
08:47:24 4 0 33
08:47:54 4 0 34
08:48:24 4 0 34
08:48:54 4 0 36
08:49:24 4 0 33
08:49:54 4 0 34
08:50:25 4 0 33
08:50:55 4 0 36
08:51:25 4 0 33
08:51:55 4 0 33
08:52:25 4 0 33
08:52:55 4 0 35
08:53:26 4 0 53
08:53:56 4 0 34
08:54:26 4 0 38
08:54:56 4 0 34
08:55:26 4 0 33
08:55:57 4 0 35
08:56:27 4 0 36
08:56:57 4 0 35
08:57:27 4 0 33
08:57:58 4 0 34
08:58:28 4 0 33
08:58:58 4 0 34
08:59:28 4 0 33
08:59:59 4 0 35
09:00:29 4 0 33
09:00:59 4 0 34
09:01:29 4 0 33
09:01:59 4 0 36
09:02:29 4 0 33
09:03:00 4 0 34
09:03:30 4 0 33
09:04:00 4 0 33
09:04:30 4 0 33
09:05:00 4 0 33
09:05:30 4 0 33
09:06:00 4 0 34
09:06:31 4 0 33
09:07:01 4 0 35
09:07:31 4 0 33
09:08:01 4 0 35
09:08:31 4 0 33
09:09:01 4 0 34
09:09:32 4 0 33
09:10:02 4 0 34
09:10:32 4 0 33
09:11:02 4 0 35
09:11:32 4 0 33
09:12:02 4 0 34
09:12:33 4 0 33
09:13:03 4 0 35
09:13:33 4 0 33
09:14:03 4 0 35
09:14:33 4 0 39
09:15:03 4 0 33
09:15:34 4 0 34
09:16:04 4 0 33
09:16:34 4 0 34
09:17:04 4 0 36
09:17:34 4 0 34
09:18:07 4 0 35
09:18:37 4 0 35
09:19:07 4 0 34
09:19:37 4 0 33
09:20:08 4 0 35
09:20:38 4 0 33
09:21:08 4 0 34
09:21:38 4 0 34
09:22:08 4 0 34
09:22:39 4 0 34
09:23:09 4 0 33
09:23:39 4 0 33
09:24:09 4 0 34
09:24:39 4 0 33
09:25:09 4 0 33
09:25:39 4 0 35
09:26:10 4 0 33
09:26:40 4 0 34
09:27:10 4 0 34
09:27:41 4 0 36
09:28:11 4 0 33
09:28:41 4 0 33
09:29:11 4 0 34
09:29:41 4 0 34
09:30:12 4 0 33
09:30:42 4 0 34
09:31:12 4 0 34
09:31:42 4 0 34
09:32:12 4 0 34
09:32:42 4 0 34
09:33:13 4 0 33
09:33:43 4 0 35
09:34:13 4 0 35
09:34:43 4 0 34
09:35:13 4 0 35
09:35:43 4 0 35
09:36:14 4 0 36
09:36:44 4 0 33
09:37:14 4 0 33
09:37:44 4 0 39
09:38:14 4 0 34
09:38:44 4 0 34
09:39:15 4 0 33
09:39:45 4 0 35
09:40:15 4 0 35
09:40:45 4 0 33
09:41:15 4 0 35
09:41:45 4 0 35
09:42:15 4 0 34
09:42:45 4 0 33
09:43:16 4 0 59
09:43:46 4 0 34
09:44:16 4 0 33
09:44:46 4 0 34
09:45:16 4 0 34
09:45:46 4 0 33
09:46:17 4 0 34
09:46:47 4 0 35
09:47:17 4 0 34
09:47:47 4 0 33
09:48:18 4 0 37
09:48:48 4 0 35
09:49:18 4 0 34
09:49:48 4 0 34
09:50:18 4 0 34
09:50:48 4 0 34
09:51:19 4 0 34
09:51:49 4 0 33
09:52:19 4 0 33
09:52:49 4 0 33
09:53:20 3 1 33
09:53:49 4 0 33
09:54:20 4 0 37
09:54:50 4 0 35
09:55:20 4 0 33
09:55:50 4 0 34
09:56:20 4 0 34
09:56:50 4 0 33
09:57:21 4 0 34
09:57:51 4 0 34
09:58:21 4 0 34
09:58:51 4 0 33
09:59:22 4 0 33
09:59:52 4 0 35
10:00:23 4 0 36
10:00:53 4 0 59
10:01:23 4 0 63
10:01:53 4 0 33
10:02:23 4 0 34
10:02:53 4 0 33
10:03:23 4 0 33
10:03:53 4 0 33
10:04:24 4 0 34
10:04:54 4 0 34
10:05:24 4 0 34
10:05:54 4 0 33
10:06:24 4 0 33
10:06:54 4 0 33
10:07:25 4 0 39
10:07:55 4 0 35
10:08:25 4 0 33
10:08:55 4 0 33
10:09:25 4 0 69
10:09:55 4 0 34
10:10:26 4 0 35
10:10:56 4 0 33
10:11:26 4 0 34
10:11:56 4 0 69
10:12:26 4 0 34
10:12:56 4 0 33
10:13:27 4 0 33
10:13:57 4 0 34
10:14:27 4 0 34
10:14:57 4 0 33
10:15:27 4 0 34
10:15:57 4 0 35
10:16:28 4 0 33
10:16:58 4 0 35
10:17:28 4 0 35
10:17:58 4 0 36
10:18:28 4 0 35
10:18:58 4 0 35
10:19:29 4 0 34
10:19:59 4 0 42
10:20:30 4 0 34
10:21:00 4 0 34
10:21:30 4 0 34
10:22:00 4 0 33
10:22:30 4 0 35
10:23:01 4 0 34
10:23:31 4 0 34
10:24:01 4 0 33
10:24:31 4 0 35
10:25:02 3 1 33
10:25:31 4 0 33
10:26:02 3 1 36
10:26:32 4 0 34
