00:01:38 337289 15541
00:02:00 65044 41551
00:03:01 23919 7443
00:04:03 32217 2906
00:05:02 19734 3695
00:06:03 -1 -1
00:07:13 11893 6594
02:00:02 -1 -1
02:01:04 55317 26241
02:02:04 86873 15406
02:03:07 61768 60580
02:04:05 55093 8525
02:05:05 35419 17626
02:06:06 66222 11574
02:07:06 40854 79021
02:08:07 112030 17882
02:09:11 13214 2416
02:10:08 51231 27286
02:11:08 42927 27546
02:12:08 3620 5898
02:13:09 88396 17248
02:14:10 43357 16077
02:15:10 741 572
02:16:12 56663 58809
02:17:11 15058 23917
02:18:11 79171 20011
02:19:11 394268 54708
02:20:12 64459 37176
02:21:12 13129 8210
02:22:13 28904 7853
02:23:13 32843 23664
02:24:14 94835 15665
02:25:14 70082 11184
02:26:14 58945 9243
02:27:15 25672 19355
02:28:24 69833 26085
02:29:16 52557 12879
02:30:16 104950 24902
02:31:16 50058 29738
02:32:17 40755 8021
02:33:17 64078 7580
02:34:18 140222 15198
02:35:18 307129 40640
02:36:18 79960 20260
02:37:19 64451 33669
02:38:19 27816 7072
02:39:20 70318 8808
02:40:20 21430 18500
02:41:21 43228 19968
02:42:21 47943 8892
02:43:21 54702 9329
02:44:22 49350 23134
02:45:22 67072 8285
02:46:23 47415 18090
02:47:23 354801 37507
02:48:23 45918 39775
02:49:24 2917 2149
02:50:24 7660 12125
02:51:25 152702 22239
02:52:25 39484 5846
02:53:26 40437 9288
02:54:26 52953 41013
02:55:27 16427 12365
02:56:28 28262 11233
02:57:27 24945 24763
02:58:28 80726 22963
02:59:29 124468 31567
03:00:29 196339 24086
03:01:29 33784 40804
03:02:30 253842 39308
03:03:30 121474 5316
03:04:30 91114 25502
03:05:31 270184 35378
03:06:32 65564 24445
03:07:32 2817 1824
03:08:32 184582 83525
03:09:33 49900 18520
03:10:33 117021 18337
03:11:34 60140 83241
03:12:34 191986 61755
03:13:35 53205 17610
03:14:35 45200 26022
03:15:38 41084 45720
03:16:36 18255 4409
03:17:37 47656 8189
03:18:37 59029 12589
03:19:37 122238 27490
03:20:38 71139 15854
03:21:38 423291 47461
03:22:39 31476 23527
03:23:39 29002 16563
03:24:39 26965 19135
03:25:40 11164 2028
03:26:41 188606 16171
03:27:41 18990 11855
03:28:42 119104 33631
03:29:42 39871 18383
03:30:42 4752 7398
03:31:43 26992 32415
03:32:43 9546 4771
03:33:44 61228 15445
03:34:43 89759 27613
03:35:44 87297 14151
03:36:45 25176 7013
03:37:46 139542 11382
03:38:45 135335 16440
03:39:46 46164 12054
03:40:46 37623 6907
03:41:47 7884 4349
03:42:47 58372 15626
03:43:48 23106 2651
03:44:48 46362 8780
03:45:49 16440 5000
03:46:49 151423 21240
03:47:49 730 1033
03:48:50 22741 37453
03:49:50 37909 10948
03:50:51 21620 6908
03:51:51 5952 8097
03:52:52 39946 3936
03:53:52 37543 12846
03:54:54 89173 17325
03:55:53 22523 18019
03:56:54 68692 25978
03:57:54 44573 19636
03:58:54 16528 13258
03:59:55 81455 7015
04:00:55 17459 18346
04:01:56 22769 37616
04:02:56 24163 3354
04:03:57 56925 2860
04:04:57 8961 10830
04:06:01 102737 29423
04:06:58 165644 22158
04:07:58 59623 8991
04:08:59 113857 26603
04:09:59 4255 5068
04:11:00 58142 35636
04:12:00 109943 65402
04:13:00 38833 3652
04:14:01 33268 11794
04:15:01 7697 8665
04:16:02 75965 22854
04:17:02 5185 19173
04:18:03 891 775
04:19:03 18104 23241
04:20:04 23481 37962
04:21:04 26760 23960
04:22:04 63526 34359
04:23:05 15643 1659
04:24:05 4096 2721
04:25:05 29563 41864
04:26:06 12810 3625
04:27:06 25356 3449
04:28:07 11065572 263927
04:29:07 17516 22775
04:30:08 4949 6203
04:31:08 37616 29339
04:32:08 28952 33986
04:33:09 211250 16095
04:34:09 109081 14060
04:35:10 26894 2928
04:36:10 26775 12545
04:37:15 26941 83271
04:38:11 46627 11876
04:39:12 33947 16321
04:40:14 21235 39658
04:41:12 18473 19358
04:42:14 75111 36116
04:43:14 51027 34035
04:44:14 63180 30889
04:45:14 15787 13187
04:46:20 115120 14693
04:47:15 92017 53834
04:48:15 64574 16421
04:49:16 68426 7073
04:50:17 49312 3644
04:51:17 11332 13147
04:52:17 119482 26318
04:53:19 23256 4180
04:54:19 147471 32194
04:55:18 91878 57715
04:56:19 52245 10923
04:57:21 19074 11755
04:58:20 53288 21930
04:59:20 99787 17237
05:00:20 24855 46839
05:01:21 33393 15600
05:02:22 156328 42544
05:03:23 4504 7124
05:04:22 67152 3600
05:05:23 31891 44419
05:06:23 66372 34462
05:07:23 653799 43681
05:08:24 9360 31847
05:09:24 54587 22288
05:10:25 53028 32764
05:11:25 30469 5884
05:12:26 212048 49118
05:13:26 40190 21464
05:14:27 54096 7386
05:15:27 214796 7129
05:16:27 92376 37542
05:17:30 85728 30685
05:18:28 5195 5274
05:19:28 959 1080
05:20:29 15951 9977
05:21:29 109720 8380
05:22:30 6690 12874
05:23:33 61863 4554
05:24:31 116833 33913
05:25:31 13503 6438
05:26:31 23148 12782
05:27:32 71285 28176
05:28:32 51742 64790
05:29:33 34955 2835
05:30:33 33858 2710
05:31:34 535892 110467
05:32:34 13549 14873
05:33:34 74471 17804
05:34:35 67030 36611
05:35:35 340234 23848
05:36:36 59817 9108
05:37:36 190609 23644
05:38:36 89345 12234
05:39:37 11362 62317
05:40:37 71500 5072
05:41:38 37437 11553
05:42:38 9691 4777
05:43:39 85435 18449
05:44:39 36521 20314
05:45:40 39280 16398
05:46:40 9573 4320
05:47:40 88014 28679
05:48:41 13822 6307
05:49:41 28157 12264
05:50:42 49310 21419
05:51:42 51020 16244
05:52:42 16177 17565
05:53:43 76685 35573
05:54:43 126703 39113
05:55:45 158610 15220
05:56:44 25645 18278
05:57:45 356988 47850
05:58:45 32495 18959
05:59:46 56687 16953
06:00:46 79584 15875
06:01:46 50414 43413
06:02:47 25200 10523
06:03:47 49986 13349
06:04:48 26086 15908
06:05:48 51928 67307
06:06:49 40378 24416
06:07:49 90932 19085
06:08:49 54743 24945
06:09:50 31698 12859
06:10:50 32406 9183
06:11:51 52640 14966
06:12:51 86759 19760
06:13:52 93966 90803
06:14:54 112326 33818
06:15:53 36520 5644
06:16:53 177872 30663
06:17:53 11033 3601
06:18:54 61689 28696
06:19:54 74507 37662
06:20:55 89178 27107
06:21:55 66318 54014
06:22:55 76060 22101
06:23:56 69289 16717
06:24:56 65524 27322
06:25:56 200997 15520
06:26:57 22569 6104
06:27:57 21055 12653
06:28:58 43320 9229
06:29:58 13821 15431
06:30:59 5675 14306
06:31:59 17555 20014
06:33:00 166205 11615
06:34:00 15705 20882
06:35:00 22281 27678
06:36:01 36223 21370
06:37:01 129873 17887
06:38:02 62744 33199
06:39:02 29092 24941
06:40:02 50044 27827
06:41:03 7176 11595
06:42:03 63764 36917
06:43:04 29211 7448
06:44:04 30409 3527
06:45:04 73306 54352
06:46:05 57357 11771
06:47:05 58315 6828
06:48:06 119811 34550
06:49:06 51057 15522
06:50:07 18413 10589
06:51:07 90983 21605
06:52:08 83083 34957
06:53:08 75423 25530
06:54:10 105915 8883
06:55:09 95877 22505
06:56:10 75657 53740
06:57:10 96879 8627
06:58:10 68906 24890
06:59:11 28804 26779
07:00:11 90621 14568
07:01:11 43130 22787
07:02:12 76369 35907
07:03:12 2993 3851
07:04:13 30487 4657
07:05:13 45190 19223
07:06:14 193189 36916
07:07:14 38550 9204
07:08:14 79628 13889
07:09:15 65828 48715
07:10:15 83639 17569
07:11:16 407212 15598
07:12:17 129055 24496
07:13:17 50757 24061
07:14:18 4575 4725
07:15:18 33677 17921
07:16:20 40407 31964
07:17:19 93820 21077
07:18:19 67068 7491
07:19:20 79826 8633
07:20:20 46174 50691
07:21:21 25128 10029
07:22:21 25330 9158
07:23:21 173454 41339
07:24:22 58327 9757
07:25:22 129198 21553
07:26:23 16710 24121
07:27:23 33405 3308
07:28:23 42309 20402
07:29:24 7387 2651
07:30:24 13597 11598
07:31:25 32473 10817
07:32:25 71634 13342
07:33:26 840279 55469
07:34:26 14624 10188
07:35:26 39227 16981
07:36:27 35605 42937
07:37:27 128260 26530
07:38:28 41269 13152
07:39:28 24080 11861
07:40:29 10761 39251
07:41:29 25377 5869
07:42:30 13711 5142
07:43:33 23195 23712
07:44:30 18586 3202
07:45:31 27351 14271
07:46:31 5772 7373
07:47:32 29155 35508
07:48:32 6467 6045
07:49:33 639061 22943
07:50:33 177383 32226
07:51:33 85666 20624
07:52:34 100198 14463
07:53:34 142748 25139
07:54:35 49207 21496
07:55:35 16174 12529
07:56:35 32357 8180
07:57:36 20883 21318
07:58:37 16968 3505
07:59:38 51159 34186
08:00:38 57754 31984
08:01:38 57568 14384
08:02:39 78044 25755
08:03:39 4263 6395
08:04:39 14246 14515
08:05:40 90045 18531
08:06:40 30936 6110
08:07:40 99142 43520
08:08:41 73870 25534
08:09:41 2360 2912
08:10:41 15165 7462
08:11:42 33905 22154
08:12:42 318353 36460
08:13:42 96944 9866
08:14:43 85602 26318
08:15:43 8723 3110
08:16:43 358845 15556
08:17:44 28538 7014
08:18:44 67662 52696
08:19:45 11559 11863
08:20:45 27860 22153
08:21:45 44009 23022
08:22:46 46687 8026
08:23:46 17190 1868
08:24:46 183891 35230
08:25:47 219065 23570
08:26:47 85728 7414
08:27:47 702161 39409
08:28:48 82591 62272
08:29:51 43171 8276
08:30:48 434358 38871
08:31:49 461224 36825
08:32:49 824903 102413
08:33:50 122920 43728
08:34:50 10587 13750
08:35:50 81626 45435
08:36:50 86573 22129
08:37:51 23972 15348
08:38:51 34031 41078
08:39:52 1106158 145796
08:40:52 14442 28453
08:41:52 37516 51536
08:42:52 82502 36231
08:43:53 24888 17828
08:44:53 417978 38163
08:45:53 514240 35921
08:46:54 148774 83555
08:47:54 644298 60379
08:48:54 32786 105451
08:49:54 69234 220276
08:50:55 215190 1161062
08:51:55 24992 43278
08:52:55 140390 41588
08:53:57 3480 3634
08:54:56 44327 63314
08:55:57 58975 14126
08:56:57 523942 85957
08:57:58 377268 22783
08:58:59 746255 165461
08:59:59 537912 50326
09:00:59 369929 40830
09:01:59 82732 28422
09:03:00 516374 68884
09:04:00 42790 23576
09:05:00 52369 9308
09:06:00 230102 17467
09:07:04 229285 52167
09:08:01 292349 202350
09:09:01 105501 23141
09:10:02 432254 45635
09:11:02 592865 44152
09:12:02 511589 24876
09:13:03 204975 27195
09:14:03 167368 25613
09:15:04 565326 52739
09:16:06 200073 34095
09:17:04 280165 36492
09:18:05 109460 27049
09:19:05 32831 20829
09:20:05 205706 29906
09:21:06 749601 79371
09:22:06 1090407 90043
09:23:06 90706 22711
09:24:07 45060 7395
09:25:07 33496 7086
09:26:07 1393815 55120
09:27:08 456616 43608
09:28:09 111946 11306
09:29:09 178465 20788
09:30:10 311310 44335
09:31:10 2436452 60112
09:32:10 121824 19356
09:33:10 106771 29725
09:34:11 536732 76300
09:35:12 86666 19707
09:36:12 295732 20711
09:37:12 192350 60065
09:38:12 372107 25092
09:39:13 202162 54126
09:40:13 191025 39947
09:41:13 84972 15755
09:42:13 123472 19544
09:43:14 107939 33673
09:44:14 57724 18549
09:45:14 70168 19437
09:46:15 824565 96009
09:47:15 3802852 113103
09:48:15 143356 62290
09:49:16 142111 29945
09:50:16 22973 21162
09:51:16 55411 9776
09:52:17 623790 17310
09:53:17 6195 3923
09:54:18 23685 8336
09:55:18 336770 20735
09:56:18 346737 45904
09:57:19 224374 28204
09:58:19 519685 29919
09:59:19 26400 4101
10:00:19 34130 35288
10:01:20 77551 17693
10:02:20 89359 38376
10:03:20 361563 76575
10:04:21 488708 38074
10:05:21 93419 15122
10:06:21 490197 36433
10:07:22 38658 3433
10:08:22 255410 19384
10:09:22 64591 17647
10:10:22 216014 64603
10:11:23 301773 20819
10:12:23 537099 36121
10:13:23 544665 47320
10:14:24 91304 45957
10:15:26 67766 17957
10:16:24 38136 26666
10:17:27 355193 32044
10:18:27 170250 8491
10:19:25 8077 6272
10:20:25 747938 40731
10:21:26 243776 48628
10:22:26 91801 8489
10:23:27 184216 27373
10:24:27 11626 18836
10:25:27 22663 16241
10:26:28 79486 12209
