00:01:38 5140 14635
00:02:00 129557 13760
00:03:01 18950 809
00:04:03 115966 4942
00:05:02 26495 2653
00:06:03 484 897
00:07:15 135525 4415
02:00:02 -1 -1
02:01:04 1174 6671
02:02:05 1341 6281
02:03:05 26468 2620
02:04:05 15645 6471
02:05:06 21025 2332
02:06:06 1984 2005
02:07:06 5397 1060
02:08:07 20045 1646
02:09:07 24541 3104
02:10:08 663 1185
02:11:08 1089485 31204
02:12:09 31496 4395
02:13:09 27110 8012
02:14:09 107614 11289
02:15:11 662703 24091
02:16:10 634 674
02:17:11 20436 3030
02:18:11 5723 727
02:19:11 56835 7964
02:20:12 3152 706
02:21:12 20343 2524
02:22:13 393 455
02:23:13 638 383
02:24:14 44540 1800
02:25:14 4349 16483
02:26:14 20253 6675
02:27:15 29000 1668
02:28:15 936 1298
02:29:16 597 324
02:30:16 516 1044
02:31:17 562 493
02:32:17 4927 1319
02:33:17 6456 1549
02:34:18 10527 1795
02:35:18 849 1361
02:36:19 21556 2359
02:37:19 45655 4794
02:38:19 6248 5315
02:39:20 14067 2965
02:40:20 20635 1858
02:41:21 4841 1586
02:42:21 2306 2968
02:43:22 54553 4612
02:44:22 32861 3094
02:45:22 420127 29675
02:46:23 83643 8476
02:47:23 870 705
02:48:24 8423 484
02:49:24 1887 2847
02:50:25 1672 1879
02:51:25 856 614
02:52:25 4682 1221
02:53:26 6324 2348
02:54:26 21328 2301
02:55:27 18354 3415
02:56:27 2283 1264
02:57:28 6701 1218
02:58:28 18735 2594
02:59:28 40931 1246
03:00:29 64927 3214
03:01:29 602 646
03:02:30 16494 2850
03:03:30 867 1403
03:04:31 29686 2802
03:05:31 3294 13315
03:06:32 747 679
03:07:32 32313 2494
03:08:33 12665 1138
03:09:33 97507 5779
03:10:34 18243 4501
03:11:34 2512 753
03:12:34 43301 2464
03:13:35 174 2014
03:14:35 1512 1200
03:15:36 115550 7684
03:16:36 3530 1164
03:17:37 77091 5109
03:18:37 -1 -1
03:19:37 3454 486
03:20:38 27079 3019
03:21:38 63750 2987
03:22:39 18369 2498
03:23:39 17009 2113
03:24:40 83678 9274
03:25:40 6250 1265
03:26:41 26526 7498
03:27:41 9633 6301
03:28:41 16774 6542
03:29:42 5907 2057
03:30:42 1537 1294
03:31:43 18893 1895
03:32:43 62787 3067
03:33:44 38368 3757
03:34:44 792 782
03:35:44 -1 -1
03:36:45 17428 1850
03:37:45 45121 4010
03:38:47 23009 3058
03:39:46 15203 6198
03:40:47 11711 2034
03:41:47 31289 6011
03:42:47 2280 2990
03:43:48 127061 10270
03:44:48 33859 6630
03:45:49 47505 3680
03:46:49 43064 3948
03:47:49 55786 2085
03:48:50 9620 864
03:49:50 19443 1697
03:50:51 830 1764
03:51:51 23490 1362
03:52:52 35549 4394
03:53:52 21101 2317
03:54:53 492 310
03:55:53 2794 2620
03:56:54 656 536
03:57:54 2266 1468
03:58:55 4935 2531
03:59:55 54204 4134
04:00:55 12110 1532
04:01:56 2954 2034
04:02:56 46545 5416
04:03:57 4335 1354
04:04:57 1312 1968
04:05:58 4558 4723
04:06:58 51790 9344
04:07:58 26115 2984
04:08:59 30236 812
04:09:59 3718 938
04:11:00 2586 3214
04:12:00 656 416
04:13:01 8129 6943
04:14:01 87219 6166
04:15:01 54673 4644
04:16:02 283397 12608
04:17:02 31257 1802
04:18:03 17060 4804
04:19:03 23058 9457
04:20:04 68414 28299
04:21:04 10666 4492
04:22:04 10989 1606
04:23:05 2618 1430
04:24:05 39461 8685
04:25:06 20123 2682
04:26:06 16437 1831
04:27:07 72310 7710
04:28:07 40032 5921
04:29:07 9434 3962
04:30:08 53743 4490
04:31:08 726 614
04:32:09 7036 2066
04:33:09 2406 1746
04:34:09 416 492
04:35:10 3676 4799
04:36:10 31419 7298
04:37:11 19295 1929
04:38:11 27803 11639
04:39:12 8087 5334
04:40:12 20221 2336
04:41:13 51997 6626
04:42:13 5546 7464
04:43:13 13604 1558
04:44:14 1773 2496
04:45:14 14814 1010
04:46:15 3497 4842
04:47:15 18242 5903
04:48:15 656 480
04:49:16 28486 6576
04:50:16 15528 1451
04:51:17 22296 2030
04:52:17 17624 1523
04:53:17 150781 4397
04:54:18 8964 1899
04:55:18 1152 536
04:56:19 105181 26054
04:57:19 656 572
04:58:20 23234 1830
04:59:21 5329 3781
05:00:21 13367 5244
05:01:21 15242 22902
05:02:21 412 583
05:03:22 5162 2888
05:04:22 16767 2780
05:05:26 656 416
05:06:24 13899 3541
05:07:23 28284 2733
05:08:26 144224 10806
05:09:24 21246 2018
05:10:26 15994 4186
05:11:25 12340 837
05:12:27 46227 3204
05:13:26 15398 2868
05:14:26 24368 3377
05:15:27 1414 1419
05:16:29 7209 1828
05:17:28 12636 9516
05:18:28 9464 1679
05:19:28 20783 1569
05:20:29 1332 931
05:21:29 1130 1074
05:22:30 15548 4046
05:23:30 44159 3994
05:24:31 31943 12155
05:25:31 18909 6583
05:26:31 33676 5157
05:27:32 3754 1004
05:28:32 4579 1266
05:29:33 9526 1081
05:30:33 10480 4116
05:31:34 192943 9019
05:32:34 19286 1320
05:33:34 85818 6316
05:34:35 7584 1296
05:35:36 1776 1146
05:36:36 120634 5961
05:37:36 12208 3607
05:38:37 25890 4240
05:39:38 966025 26206
05:40:38 8641 2678
05:41:38 96976 5103
05:42:39 16952 1478
05:43:39 28711 2873
05:44:39 765015 21375
05:45:40 21362 2383
05:46:41 112511 7514
05:47:40 8417 1972
05:48:41 45254 5430
05:49:41 39697 2169
05:50:42 29847 3238
05:51:42 13908 5259
05:52:43 792 620
05:53:43 56659 1916
05:54:43 11324 2180
05:55:44 150846 2358
05:56:44 2485 4307
05:57:45 255434 11430
05:58:45 11705 1283
05:59:46 66649 2918
06:00:46 772 907
06:01:47 19613 1525
06:02:47 785 1499
06:03:47 2236 804
06:04:48 52824 3571
06:05:48 12872 1938
06:06:49 11858 1644
06:07:49 1318 969
06:08:50 656 1151
06:09:50 31654 3281
06:10:50 710 540
06:11:51 6119 1141
06:12:51 20901 1284
06:13:52 3977 3433
06:14:52 133780 8060
06:15:53 9176 8158
06:16:53 59915 4809
06:17:53 37489 6709
06:18:54 408644 17496
06:19:54 8432 2416
06:20:54 27167 2332
06:21:55 17226 2087
06:22:55 30255 2441
06:23:56 13552 5501
06:24:56 10654 18409
06:25:57 14000 1680
06:26:57 29257 3356
06:27:57 34667 3824
06:28:58 13128 2065
06:29:58 42716 5341
06:30:59 4471 1998
06:31:59 7158 1527
06:32:59 2730 6728
06:34:00 16623 3983
06:35:00 25473 1905
06:36:01 9670 1118
06:37:01 14754 3040
06:38:02 582 120
06:39:04 25608 2283
06:40:03 105645 5930
06:41:03 6782 1219
06:42:03 6421 1502
06:43:04 20602 3329
06:44:04 656 416
06:45:05 2228 806
06:46:05 4471 1063
06:47:05 98397 6245
06:48:06 466 1105
06:49:06 87058 5647
06:50:07 48244 3451
06:51:07 21964 1211
06:52:08 53429 10717
06:53:08 20219 1328
06:54:09 23126 3063
06:55:09 2784 3202
06:56:10 5627 3148
06:57:10 2426 2578
06:58:10 4668 1600
06:59:11 18281 1155
07:00:11 479 488
07:01:12 772 452
07:02:12 227123 6932
07:03:13 10022 6219
07:04:13 990 956
07:05:14 2533 2827
07:06:14 9343 1640
07:07:14 908 736
07:08:15 54851 3775
07:09:15 41703 2198
07:10:16 36096 2451
07:11:16 916 1121
07:12:17 77438 6817
07:13:17 12795 2404
07:14:18 9618 8054
07:15:18 10605 2362
07:16:18 27944 2814
07:17:19 8879 2049
07:18:19 1474 1854
07:19:20 656 858
07:20:20 3574 1760
07:21:21 1446 1597
07:22:21 9839 1210
07:23:21 652 1060
07:24:22 77896 5528
07:25:22 17999 3042
07:26:23 17955 1527
07:27:23 221460 10882
07:28:24 36902 2913
07:29:24 62999 3790
07:30:24 14912 8984
07:31:25 74705 9664
07:32:25 8046 5344
07:33:26 10328 4234
07:34:26 3678 949
07:35:26 20936 2021
07:36:27 18258 1899
07:37:27 16482 2369
07:38:28 6087 1664
07:39:28 16181 3025
07:40:29 404 508
07:41:29 714 600
07:42:30 39057 2788
07:43:30 1052 1973
07:44:31 3066 3207
07:45:31 73265 8159
07:46:31 13017 1725
07:47:32 7714 4646
07:48:32 45350 2050
07:49:33 4727 2133
07:50:33 19487 1690
07:51:33 38240 1898
07:52:34 113027 6140
07:53:34 3434 3691
07:54:35 30605 2400
07:55:35 20383 4531
07:56:35 19482 5454
07:57:37 33249 6597
07:58:37 2440 3052
07:59:38 2258 2807
08:00:38 10017 6237
08:01:39 2905 3620
08:02:39 129647 5967
08:03:39 404 416
08:04:39 2498 1655
08:05:40 3149 1458
08:06:40 36895 2190
08:07:40 224621 13127
08:08:41 8666 956
08:09:41 54763 3098
08:10:41 36959 3898
08:11:42 10102 4065
08:12:42 19882 27968
08:13:43 183203 17971
08:14:43 51529 2879
08:15:43 990 900
08:16:43 8053 1775
08:17:44 113974 4638
08:18:44 30422 3235
08:19:45 25752 2773
08:20:45 26726 2038
08:21:46 34348 8640
08:22:46 213774 5154
08:23:46 10089 2646
08:24:46 21545 7362
08:25:47 722 692
08:26:47 1954 5835
08:27:48 404 573
08:28:48 504 2681
08:29:48 799042 36129
08:30:49 21149 3359
08:31:49 4030 2288
08:32:49 1152 1790
08:33:49 47281 6244
08:34:50 331663 9827
08:35:50 2495 3475
08:36:50 25606 8449
08:37:51 5134 1895
08:38:51 47327 9724
08:39:51 1800 6751
08:40:52 5880 2420
08:41:52 9860 4791
08:42:52 17160 1729
08:43:53 2808 1881
08:44:53 103144 9227
08:45:53 1288 1214
08:46:54 1627 2098
08:47:54 130026 8997
08:48:54 4256 1476
08:49:55 30947 4375
08:50:55 30275 5317
08:51:55 18350 2129
08:52:56 53095 3495
08:53:56 52984 11369
08:54:56 21157 3119
08:55:57 3996 3497
08:56:57 18682 16026
08:57:58 108300 4501
08:58:58 8190 854
08:59:59 582 1253
09:00:59 46289 3350
09:01:59 45131 2521
09:03:00 104509 9816
09:04:00 4457 7311
09:05:00 129396 3808
09:06:01 86728 5587
09:07:01 125809 7299
09:08:01 722 680
09:09:02 718 1035
09:10:02 26513 2646
09:11:02 20167 2978
09:12:03 310554 12029
09:13:03 25589 4923
09:14:03 711054 22258
09:15:03 24072 12165
09:16:04 94144 4067
09:17:05 222981 5070
09:18:05 284613 8169
09:19:05 9979 2182
09:20:06 82466 5036
09:21:06 131375 4206
09:22:07 298679 8443
09:23:07 23436 3088
09:24:07 44987 4638
09:25:07 159372 38153
09:26:08 19643 2495
09:27:08 1950 1287
09:28:09 9322 867
09:29:09 9544 2050
09:30:10 1074 1285
09:31:10 74027 6243
09:32:10 3102 1539
09:33:10 414 304
09:34:11 290177 8998
09:35:11 18065 2452
09:36:11 36685 1925
09:37:12 12256727 273258
09:38:12 2026 1568
09:39:13 21745 5908
09:40:13 112177 3283
09:41:13 2282 1555
09:42:13 100245 5790
09:43:14 26521 3891
09:44:14 567748 13075
09:45:14 290350 10385
09:46:15 385896 21813
09:47:15 5596 4616
09:48:16 39926 3514
09:49:16 452952 11790
09:50:16 35556 3561
09:51:17 5705 1264
09:52:17 72809 6874
09:53:17 318284 18448
09:54:18 26970 8669
09:55:18 3580 2844
09:56:18 910327 26374
09:57:19 11520 3679
09:58:20 20523 4491
09:59:20 22838 3210
10:00:21 29812 14415
10:01:21 78263 9148
10:02:21 399707 30399
10:03:22 13599 2914
10:04:22 29646 7207
10:05:22 125115 27258
10:06:22 898150 29976
10:07:23 35795 6915
10:08:23 44931 5464
10:09:23 244596 10500
10:10:24 17465 2741
10:11:24 99599 9486
10:12:24 23477 2224
10:13:25 18635 2150
10:14:25 4110 6220
10:15:25 10159 1995
10:16:26 128442 9812
10:17:26 131512 7289
10:18:26 186756 8339
10:19:27 42564 3687
10:20:27 51513 3618
10:21:27 930 913
10:22:27 14558 3195
10:23:28 343278 19728
10:24:28 23668 9425
10:25:28 574763 16724
10:26:29 336579 25114
