00:00:20 31395 6879
00:01:51 34696 4815
00:02:21 89871 8206
00:03:21 531556 16735
00:04:24 1411 1580
00:05:22 148556 11023
00:06:22 60461 13299
00:07:23 44939 3718
02:00:04 81343 32259
02:01:04 126788 49867
02:02:04 214600 36172
02:03:05 115871 26780
02:04:05 43318 31967
02:05:06 62785 9826
02:06:06 304031 12487
02:07:06 185447 36247
02:08:07 1261882 34784
02:09:07 54818 5981
02:10:08 115612 47576
02:11:08 44756 18791
02:12:08 351748 38091
02:13:09 47445 7756
02:14:09 12612 16509
02:15:10 7276 5471
02:16:10 23904 4226
02:17:13 157166 48843
02:18:11 33677 10178
02:19:11 38413 7813
02:20:12 117051 13297
02:21:13 41111 20204
02:22:13 12686 9353
02:23:13 291546 18029
02:24:14 47705 2092
02:25:14 143478 24195
02:26:15 241645 10758
02:27:15 217198 21938
02:28:15 67187 5307
02:29:16 51178 2789
02:30:16 102494 12834
02:31:17 32826 2826
02:32:17 129877 7110
02:33:17 91067 60109
02:34:18 262464 12351
02:35:18 143873 16040
02:36:19 97045 25991
02:37:19 36146 4040
02:38:20 8158 2889
02:39:21 25523 2385
02:40:20 83260 18301
02:41:21 116309 5608
02:42:21 82441 12304
02:43:22 32723 54657
02:44:22 225796 11977
02:45:23 108623 7473
02:46:23 9230 12534
02:47:23 43988 27936
02:48:24 34598 5832
02:49:24 1771 9836
02:50:24 83879 15852
02:51:25 3753 3417
02:52:25 3818 2851
02:53:26 67441 27610
02:54:26 47614 36974
02:55:27 72220 4170
02:56:28 20053 12890
02:57:30 47000 21148
02:58:28 371026 25198
02:59:29 26434 14048
03:00:29 51331 23548
03:01:29 398752 14238
03:02:30 18887 3090
03:03:31 26515 13248
03:04:31 20833 6790
03:05:31 38251 4060
03:06:34 152176 21644
03:07:33 154839 65148
03:08:33 8424 2234
03:09:33 19732 7874
03:10:33 154352 37799
03:11:34 103315 112392
03:12:34 9467 2898
03:13:37 74360 14235
03:14:35 12033 12930
03:15:36 4165 2168
03:16:36 66415 5433
03:17:37 67633 26442
03:18:37 8104 2659
03:19:37 19452 4671
03:20:38 16770 27306
03:21:38 38307 16074
03:22:39 15468 4227
03:23:42 77182 11899
03:24:40 6927 3021
03:25:40 54005 5414
03:26:41 18419 2234
03:27:41 273233 29213
03:28:41 4283 3238
03:29:42 102656 3291
03:30:42 313802 42213
03:31:43 10067 5113
03:32:43 132146 5174
03:33:44 69063 20152
03:34:44 34582 15620
03:35:44 7868 1607
03:36:45 42469 6687
03:37:48 38145 17495
03:38:46 -1 -1
03:39:46 54386 8235
03:40:47 135239 21774
03:41:47 75679 12973
03:42:47 28126 4654
03:43:48 3508 254
03:44:48 35646 5194
03:45:49 10942 2847
03:46:49 129386 22438
03:47:49 11633 9912
03:48:50 21416 7012
03:49:50 14910 8939
03:50:51 12752 12172
03:51:51 3799 1683
03:52:52 30134 7431
03:53:52 189176 41648
03:54:53 5995 4876
03:55:53 31408 49985
03:56:54 141310 25135
03:57:57 127136 8232
03:58:55 11750 3833
03:59:55 43340 12224
04:00:55 56769 23808
04:01:56 15428 2735
04:02:56 97425 5086
04:03:57 41712 29194
04:04:57 256760 49004
04:05:58 35238 109546
04:06:58 153191 30329
04:07:58 7613 5824
04:08:59 1948 1222
04:09:59 53290 11166
04:11:00 154199 28729
04:12:00 1828 889
04:13:01 7737 10211
04:14:01 7992 10534
04:15:01 39119 16661
04:16:02 20255 2583
04:17:02 134462 7404
04:18:03 27714 1696
04:19:03 1906 778
04:20:03 399392 65334
04:21:04 5828 1618
04:22:05 297639 14676
04:23:05 52618 11931
04:24:05 38105 5704
04:25:06 195769 8522
04:26:06 24072 22377
04:27:06 4653 7709
04:28:07 70251 6800
04:29:07 128504 44777
04:30:08 17034 19352
04:31:08 38968 10306
04:32:08 51654 5000
04:33:09 25652 35333
04:34:09 8396 11702
04:35:10 2271 1369
04:36:10 5844 4970
04:37:11 25760 13690
04:38:11 25311 11339
04:39:12 6798 4106
04:40:12 132652 40626
04:41:13 99681 10340
04:42:13 140260 20646
04:43:13 19100 20393
04:44:14 78398 52284
04:45:14 186727 13589
04:46:15 78612 10621
04:47:15 9853 15880
04:48:15 25422 2713
04:49:16 63162 3714
04:50:16 58746 24459
04:51:17 79062 18050
04:52:17 27161 6810
04:53:17 256 394
04:54:18 75679 5634
04:55:18 48538 4014
04:56:19 25496 11405
04:57:22 358651 34605
04:58:20 291123 76011
04:59:20 67508 30108
05:00:20 3771 2886
05:01:21 28406 6620
05:02:21 28816 13636
05:03:22 13617 3719
05:04:22 61139 5519
05:05:23 -1 -1
05:06:24 72463 8623
05:07:23 87370 10763
05:08:24 57509 6236
05:09:25 61212 6570
05:10:25 17883 5185
05:11:28 6470 3549
05:12:29 57473 14641
05:13:26 16363 10502
05:14:26 41331 5369
05:15:28 65885 18778
05:16:27 116905 9113
05:17:29 153030 18209
05:18:30 17635 7821
05:19:31 7261 13000
05:20:29 154962 9655
05:21:31 -1 -1
05:22:30 73911 23056
05:23:30 89708 5764
05:24:31 100261 7748
05:25:31 118216 38586
05:26:32 13938 24808
05:27:32 21191 3126
05:28:32 2354 24041
05:29:33 16801 13026
05:30:33 33366 11415
05:31:33 13895 4026
05:32:34 15755 3953
05:33:34 533498 43098
05:34:35 18983 27554
05:35:35 30033 9676
05:36:37 42415 38367
05:37:38 4128 3121
05:38:38 38791 4051
05:39:37 23771 27145
05:40:37 30997 14306
05:41:38 14578 5036
05:42:38 82793 5411
05:43:39 47650 3269
05:44:41 45268 13718
05:45:40 103287 8069
05:46:40 35927 21896
05:47:44 127990 14483
05:48:44 6461 27326
05:49:47 221170 33891
05:50:42 14659 15365
05:51:42 10799 13609
05:52:42 26506 3388
05:53:43 37703 3296
05:54:43 23097 35912
05:55:46 35967 10983
05:56:44 31407 20470
05:57:45 114090 17366
05:58:49 123386 9018
05:59:49 61469 9226
06:00:46 25712 11318
06:01:47 54280 8298
06:02:47 29017 19262
06:03:47 109633 26622
06:04:48 34145 4245
06:05:48 61602 21316
06:06:51 15058 48292
06:07:49 13497 4975
06:08:51 7782 8613
06:09:50 21859 17657
06:10:50 34818 47711
06:11:51 259557 45674
06:12:51 22482 25334
06:13:52 114905 22148
06:14:52 37815 41892
06:15:53 45112 12129
06:16:53 139113 25640
06:17:53 22859 4085
06:18:54 168321 15307
06:19:58 49513 29589
06:20:54 59674 8379
06:21:55 6666 11082
06:22:55 45144 20948
06:23:57 17935 6228
06:24:57 20194 12272
06:25:57 539229 41412
06:26:57 62440 4784
06:27:57 5951 22019
06:28:58 35318 27578
06:29:59 3631 2531
06:30:59 28832 7988
06:32:01 451221 40986
06:32:59 15636 7840
06:34:01 5174 23742
06:35:01 108741 22978
06:36:01 28982 51015
06:37:03 117200 17219
06:38:04 64155 10020
06:39:02 12640 21853
06:40:04 160911 23887
06:41:03 30338 4350
06:42:03 5325 845
06:43:04 30907 17946
06:44:04 154757 11994
06:45:05 11893 2425
06:46:05 122514 35065
06:47:06 264477 14011
06:48:06 34761 8797
06:49:06 1488 478
06:50:07 135659 30691
06:51:07 18066 2983
06:52:08 21534 4168
06:53:08 68691 38126
06:54:08 147801 6499
06:55:09 4152 2887
06:56:09 115449 47503
06:57:13 20417 9039
06:58:13 140863 9466
06:59:11 32488 3411
07:00:12 46337 8926
07:01:12 93970 4088
07:02:14 31135 7296
07:03:17 38897 10140
07:04:13 33782 4957
07:05:13 46359 9439
07:06:14 33676 12195
07:07:14 34531 4039
07:08:17 103891 7231
07:09:15 49299 6106
07:10:15 62521 30531
07:11:16 17508 1000
07:12:17 53205 4524
07:13:17 9455 13658
07:14:18 -1 -1
07:15:19 31383 7287
07:16:20 60534 37752
07:17:19 72625 7323
07:18:19 78002 7838
07:19:20 73221 19471
07:20:20 16665 10256
07:21:21 16600 2576
07:22:21 33253 43114
07:23:21 18006 3271
07:24:22 18820 4894
07:25:22 38404 9391
07:26:23 28333 14922
07:27:23 2935 827
07:28:24 33326 5027
07:29:24 85678 25616
07:30:24 11658 2443
07:31:25 28984 3319
07:32:25 266696 40354
07:33:26 8361 4605
07:34:26 41659 10425
07:35:27 156324 12138
07:36:27 10195010 249559
07:37:33 324926 24525
07:38:30 113015 14886
07:39:34 184104 28070
07:40:29 12524 2715
07:41:32 6924 2781
07:42:30 38381 13172
07:43:32 69775 8996
07:44:32 179814 6618
07:45:31 304503 39343
07:46:31 63730 13802
07:47:32 55700 7646
07:48:32 3749 4037
07:49:33 119889 7310
07:50:33 20231 4868
07:51:33 21202 6885
07:52:34 27618 18943
07:53:34 33686 9592
07:54:35 96750 7499
07:55:35 53904 34876
07:56:35 3395 2720
07:57:36 23251 5159
07:58:37 85866 37276
07:59:38 122767 19731
08:00:38 245988 13783
08:01:38 11712 6753
08:02:39 41923 23628
08:03:39 15527 9468
08:04:39 26569 6552
08:05:40 43719 35851
08:06:40 43960 8304
08:07:40 27908 7251
08:08:41 13659 18390
08:09:41 4718 5833
08:10:41 118345 5314
08:11:42 124788 41447
08:12:42 -1 -1
08:13:42 19246 2171
08:14:43 29331 17089
08:15:43 35333 10032
08:16:43 75972 6876
08:17:44 25812 18723
08:18:44 102264 50002
08:19:45 274320 19242
08:20:45 49839 3758
08:21:45 6403 6754
08:22:46 401893 43280
08:23:46 49916 5147
08:24:46 379166 39078
08:25:47 434281 19388
08:26:47 -1 -1
08:27:48 286434 38487
08:28:48 115550 15084
08:29:48 534019 24742
08:30:49 -1 -1
08:31:49 34588 18708
08:32:49 4147 1235
08:33:49 75883 33794
08:34:50 11341 9696
08:35:50 62306 30152
08:36:50 15425 3016
08:37:51 35855 18747
08:38:53 331736 40448
08:39:53 29308 3742
08:40:52 63479 6818
08:41:53 165688 27181
08:42:52 142095 12615
08:43:53 29600 6931
08:44:53 42577 13740
08:45:53 64273 6135
08:46:54 115828 8819
08:47:54 111560 62603
08:48:54 175444 15896
08:49:55 85394 17040
08:50:55 2937 1972
08:51:55 34931 14701
08:52:56 281097 18071
08:53:57 427841 28034
08:54:56 298733 168516
08:55:57 33934 7520
08:56:58 190368 25524
08:57:58 540325 73565
08:58:59 50982 6417
08:59:59 28099 5853
09:00:59 98559 6422
09:01:59 145923 32964
09:03:00 178077 12582
09:04:00 29659 7817
09:05:00 124941 9583
09:06:01 241398 12243
09:07:01 535511 22207
09:08:02 -1 -1
09:09:01 80525 17271
09:10:02 77744 9519
09:11:02 607654 36067
09:12:03 118178 15869
09:13:03 232316 197193
09:14:03 306291 14444
09:15:03 34428 19840
09:16:04 382053 17267
09:17:04 185742 22956
09:18:09 55627 54341
09:19:05 533179 22558
09:20:06 70840 6465
09:21:06 169649 27958
09:22:06 560966 81999
09:23:07 2613 2641
09:24:08 7674 4082
09:25:07 282321 31316
09:26:08 17294 3279
09:27:08 31836 3959
09:28:09 104695 24257
09:29:09 73342 3145
09:30:10 37559 6272
09:31:10 536962 24148
09:32:10 57848 15853
09:33:10 210147 6964
09:34:11 291085 22886
09:35:11 32497 18352
09:36:12 45461 12674
09:37:12 329087 55311
09:38:13 28014 15610
09:39:13 46240 4016
09:40:13 251094 22342
09:41:13 12168 16350
09:42:14 62226 6078
09:43:14 165951 161288
09:44:14 533143 25705
09:45:14 259927 14893
09:46:15 273493 18884
09:47:15 124788 12607
09:48:16 86448 8975
09:49:16 392653 26434
09:50:16 349071 25947
09:51:17 131944 36834
09:52:17 106459 10609
09:53:18 175704 21939
09:54:17 460650 49780
09:55:18 49493 17154
09:56:19 472741 32239
09:57:20 580008 39338
09:58:19 85721 17117
09:59:20 76869 14361
10:00:21 176182 14055
10:01:21 109878 36512
10:02:21 158901 32684
10:03:21 244600 65891
10:04:22 168688 45478
10:05:22 366370 75003
10:06:22 165259 20669
10:07:23 73599 15036
10:08:23 357588 17434
10:09:23 18675 6445
10:10:24 485911 22426
10:11:24 318131 20662
10:12:24 365607 27148
10:13:25 74401 11623
10:14:25 31698 5351
10:15:25 22317 7697
10:16:26 305838 22747
10:17:28 338613 496249
10:18:26 12399 2017
10:19:27 93648 15559
10:20:27 249023 83568
10:21:27 90891 21742
10:22:27 44140 4354
10:23:28 74884 16114
10:24:28 117089 25100
10:25:28 30225 6512
10:26:29 263490 15500
