00:00:55 85200 22154
00:01:57 46413 16652
00:02:53 177114 13697
00:03:54 34253 6127
00:04:55 18142 7459
00:05:57 63465 4962
00:06:58 34664 7157
02:00:04 299238 33618
02:01:04 134262 16169
02:02:04 33436 10987
02:03:04 16208 2380
02:04:05 67319 9463
02:05:05 74125 5630
02:06:06 73594 13604
02:07:06 119056 28922
02:08:07 181168 13777
02:09:07 124929 20982
02:10:08 25066 32224
02:11:08 15388 6377
02:12:08 88656 14158
02:13:09 95162 7367
02:14:09 145003 35648
02:15:10 97576 11220
02:16:10 45920 9621
02:17:11 104417 16030
02:18:11 30211 27648
02:19:11 56347 8414
02:20:12 351618 16822
02:21:12 25058 18677
02:22:13 104885 11571
02:23:13 94748 11392
02:24:13 12528 10048
02:25:14 33104 14772
02:26:14 95410 14965
02:27:15 517137 43707
02:28:15 39416 8252
02:29:16 41846 3864
02:30:16 45096 14247
02:31:16 45664 20991
02:32:17 18872 9896
02:33:17 14946 12222
02:34:18 131958 20557
02:35:18 61682 12483
02:36:18 81590 13694
02:37:19 139800 13057
02:38:19 18673 12440
02:39:20 29309 7040
02:40:20 257335 14522
02:41:21 7222 9923
02:42:21 57559 27547
02:43:21 8535 9278
02:44:22 66931 6439
02:45:22 133368 22981
02:46:23 10857 3683
02:47:23 77074 9217
02:48:26 66020 32419
02:49:24 108403 9334
02:50:24 33042 2865
02:51:25 56362 25803
02:52:25 68372 9250
02:53:26 17462 5952
02:54:26 28927 10775
02:55:27 17952 2444
02:56:27 76686 14229
02:57:27 75686 9589
02:58:28 36401 18234
02:59:28 23462 5906
03:00:29 80713 165876
03:01:29 15434 12005
03:02:30 30335 14274
03:03:30 26130 7577
03:04:30 6047 3379
03:05:31 45815 28259
03:06:32 145234 16088
03:07:32 80411 131242
03:08:32 55789 19618
03:09:33 14554 9645
03:10:33 54139 12743
03:11:34 90353 49733
03:12:34 130185 15727
03:13:35 80829 21561
03:14:35 9228 6536
03:15:36 36507 14229
03:16:36 1250 2846
03:17:36 92045 12222
03:18:37 58486 7325
03:19:37 4978 7289
03:20:38 12094391 285362
03:21:38 68814 42693
03:22:39 16315 7842
03:23:42 181068 13478
03:24:39 138501 25852
03:25:40 110265 17344
03:26:40 270789 26764
03:27:41 90863 10456
03:28:41 335906 17136
03:29:42 23776 9988
03:30:42 30727 3109
03:31:42 63310 30684
03:32:43 2858 3876
03:33:44 124242 12382
03:34:44 70363 21242
03:35:44 39737 17465
03:36:45 24870 1154
03:37:45 36704 3031
03:38:45 120931 34422
03:39:46 2148569 57988
03:40:46 86138 7291
03:41:47 94163 14071
03:42:47 51768 3987
03:43:48 123786 7800
03:44:48 41906 23349
03:45:49 211890 8531
03:46:49 269369 34758
03:47:49 14303 18456
03:48:50 991118 35466
03:49:50 200236 17178
03:50:51 131877 8754
03:51:51 155016 31986
03:52:51 21209 3214
03:53:52 65239 7739
03:54:53 15126 18022
03:55:53 85541 62661
03:56:54 99095 12094
03:57:54 204420 9363
03:58:54 7865 9829
03:59:55 41532 3940
04:00:55 9726 2900
04:01:56 103772 41825
04:02:56 40581 7726
04:03:57 33832 2920
04:04:57 28431 11110
04:05:58 168333 15109
04:06:58 95422 8090
04:07:58 38874 3176
04:08:59 92926 39733
04:09:59 14695 3964
04:11:00 134327 17598
04:12:00 72791 17917
04:13:00 15682 6132
04:14:01 189504 19834
04:15:01 69669 9796
04:16:02 99585 17478
04:17:02 54522 8392
04:18:03 527 584
04:19:03 36261 13307
04:20:03 303618 53332
04:21:04 48353 9213
04:22:04 48745 6706
04:23:05 109959 27323
04:24:05 20677 6918
04:25:05 82698 7103
04:26:06 122390 31017
04:27:06 87740 7862
04:28:07 25148 7193
04:29:07 236480 25211
04:30:08 10075 14165
04:31:08 27150 3317
04:32:08 25301 17583
04:33:09 9110 13067
04:34:09 62526 6655
04:35:10 6184 2321
04:36:10 34855 34163
04:37:11 56789 4465
04:38:11 98476 6892
04:39:11 72388 7570
04:40:12 47428 22575
04:41:12 12124 14051
04:42:13 17015 5541
04:43:13 82610 15742
04:44:14 176532 46466
04:45:14 17955 11366
04:46:14 49012 10016
04:47:15 129714 18437
04:48:15 28086 30238
04:49:16 11996 12554
04:50:16 10363 9543
04:51:16 104611 42460
04:52:17 57353 15400
04:53:17 73739 5737
04:54:18 82901 5969
04:55:18 84037 25210
04:56:19 94810 42130
04:57:19 23643 3984
04:58:19 144399 295483
04:59:20 84137 15963
05:00:20 284573 22021
05:01:21 238853 19275
05:02:21 36316 8072
05:03:21 89049 8499
05:04:22 40745 9723
05:05:22 75421 31442
05:06:23 224633 17199
05:07:23 63568 22909
05:08:24 97741 16472
05:09:24 83328 6636
05:10:25 43914 11615
05:11:25 72186 20328
05:12:25 72551 33135
05:13:26 27578 13658
05:14:26 35003 7381
05:15:27 53498 21045
05:16:27 33169 11297
05:17:28 157273 14439
05:18:28 60828 16518
05:19:28 94553 21705
05:20:29 30936 3940
05:21:29 67475 4696
05:22:30 47849 40415
05:23:30 81079 5638
05:24:30 456518 59936
05:25:31 28674 36174
05:26:31 89036 11999
05:27:32 4772 7070
05:28:32 182880 29426
05:29:33 117852 23064
05:30:33 73352 6727
05:31:33 20670 8763
05:32:34 31952 32501
05:33:34 206775 15261
05:34:35 15043 13573
05:35:35 107985 16889
05:36:35 27564 3065
05:37:36 13226 2738
05:38:36 50770 8039
05:39:37 14260 19229
05:40:37 123262 14315
05:41:38 504484 32242
05:42:38 25054 20837
05:43:39 47048 4866
05:44:39 57239 14400
05:45:39 7593 1384
05:46:40 10573 3706
05:47:40 48479 8917
05:48:41 13793 17746
05:49:41 43910 8265
05:50:41 12653 3478
05:51:42 31069 17079
05:52:42 223378 31100
05:53:43 13595 3409
05:54:43 63536 55315
05:55:44 40024 42029
05:56:44 63224 7647
05:57:45 46035 2630
05:58:45 52706 14046
05:59:45 27580 4305
06:00:46 11634 8997
06:01:46 30140 29574
06:02:47 4694 1250
06:03:47 35650 7962
06:04:48 52149 27245
06:05:48 62118 9081
06:06:49 26898 4420
06:07:49 71168 8281
06:08:49 127247 9477
06:09:50 86500 6809
06:10:50 42367 6910
06:11:51 81321 192540
06:12:51 44611 2530
06:13:51 76911 25356
06:14:52 141454 47217
06:15:52 44453 9027
06:16:53 36200 19184
06:17:53 64513 22019
06:18:54 42241 19617
06:19:54 123484 19938
06:20:54 964 1387
06:21:55 178599 21217
06:22:55 11025 6779
06:23:56 49030 8521
06:24:56 51966 2540
06:25:56 56534 20827
06:26:57 39302 17165
06:27:58 126698 20904
06:28:58 47636 8046
06:29:58 118170 14741
06:30:59 13847 4446
06:32:00 75884 20506
06:32:59 66906 3433
06:34:00 65080 3608
06:35:00 240428 24997
06:36:01 25459 31686
06:37:01 31228 14029
06:38:02 43542 6308
06:39:02 26285 21841
06:40:02 51533 5611
06:41:03 9062 2966
06:42:23 -1 -1
06:43:04 41337 22361
06:44:04 111021 6999
06:45:04 53511 6047
06:46:05 11915 11638
06:47:05 63251 11101
06:48:06 59486 4016
06:49:06 7788 10555
06:50:07 29733 2934
06:51:07 116595 8135
06:52:07 77902 37327
06:53:08 111221 17067
06:54:08 43150 10718
06:55:09 7674 7860
06:56:09 83661 51792
06:57:10 12493 12800
06:58:10 26300 5365
06:59:10 290559 34823
07:00:11 61942 20498
07:01:11 179501 9912
07:02:12 61206 6528
07:03:12 27238 18291
07:04:13 33525 6359
07:05:13 5403 6446
07:06:14 73172 16033
07:07:14 29011 16412
07:08:14 56739 4568
07:09:15 25382 4620
07:10:15 22901 17010
07:11:16 21864 5657
07:12:17 175489 11389
07:13:17 190497 35206
07:14:17 3002 2426
07:15:18 20704 19082
07:16:18 83297 22686
07:17:19 31872 19420
07:18:19 3281 2344
07:19:20 312590 22167
07:20:20 103442 28347
07:21:20 26005 25578
07:22:21 24402 6389
07:23:21 77350 6785
07:24:22 970788 52999
07:25:22 72834 6147
07:26:23 41938 13448
07:27:23 34545 19549
07:28:23 59675 2508
07:29:24 37938 2836
07:30:24 16177 24107
07:31:25 681832 24988
07:32:25 156754 18823
07:33:25 57578 19796
07:34:26 80108 12608
07:35:26 24156 9536
07:36:27 34040 16740
07:37:27 23353 19559
07:38:28 35640 8081
07:39:28 13823 4513
07:40:29 43205 7344
07:41:29 44017 13486
07:42:29 72514 8943
07:43:30 104619 12190
07:44:30 114411 19770
07:45:31 49663 27416
07:46:31 72441 7491
07:47:32 53557 5524
07:48:32 19327 26917
07:49:32 56818 15772
07:50:33 35460 20146
07:51:33 22720 12605
07:52:34 961235 121876
07:53:34 1685 2272
07:54:34 64885 9026
07:55:35 213805 16472
07:56:35 54644 3791
07:57:36 44114 14118
07:58:37 39533 20796
07:59:37 43257 16708
08:00:38 38256 2712
08:01:39 4333 5817
08:02:39 49258 5783
08:03:39 17375 15601
08:04:39 95815 10447
08:05:40 112965 43548
08:06:40 58072 9615
08:07:40 405508 21242
08:08:41 455563 36818
08:09:41 140071 35913
08:10:41 122214 10098
08:11:41 23415 9878
08:12:42 38147 11541
08:13:42 309440 18532
08:14:43 259247 33738
08:15:43 60787 11387
08:16:43 100052 27484
08:17:44 158675 6954
08:18:44 509613 47573
08:19:45 242647 33727
08:20:45 61269 13519
08:21:45 72994 12297
08:22:46 84518 7533
08:23:46 306177 46237
08:24:46 163647 24799
08:25:47 131299 14416
08:26:47 12007 16663
08:27:48 26401 13793
08:28:50 183182 19033
08:29:48 311882 11757
08:30:48 91740 36816
08:31:49 94734 9282
08:32:49 198204 13517
08:33:49 1016755 49592
08:34:50 81957 27151
08:35:50 417006 36535
08:36:50 248807 14967
08:37:51 249318 16707
08:38:51 30177 24045
08:39:51 118625 48955
08:40:52 133327 16205
08:41:52 6752 7249
08:42:52 78051 29514
08:43:53 45184 20262
08:44:53 351302 27486
08:45:53 217812 48668
08:46:54 10519 5425
08:47:54 397212 21029
08:48:54 129348 19520
08:49:54 137524 8877
08:50:55 275520 12970
08:51:55 29531 4686
08:52:55 146650 8043
08:53:56 144668 9002
08:54:56 83006 11278
08:55:57 6266 6759
08:56:57 1020093 35613
08:57:57 1066137 34664
08:58:58 242685 56576
08:59:59 504023 29946
09:00:59 307654 17543
09:01:59 460085 33271
09:03:00 208241 15325
09:04:00 81577 12634
09:05:00 519489 34782
09:06:00 219429 13507
09:07:01 320712 26328
09:08:01 781162 34150
09:09:01 1069197 81660
09:10:02 104525 12487
09:11:02 193533 26774
09:12:02 174831 38610
09:13:03 126609 19200
09:14:03 44692 6373
09:15:03 439339 34449
09:16:04 592520 24313
09:17:04 812048 51389
09:18:05 46334 15151
09:19:05 419640 14168
09:20:05 66869 19119
09:21:06 247087 17927
09:22:06 473186 35801
09:23:06 166157 21581
09:24:07 620599 30015
09:25:07 175466 5847
09:26:07 199859 7153
09:27:12 142394 11970
09:28:09 245598 19006
09:29:09 131397 7093
09:30:09 344868 14242
09:31:10 761916 39135
09:32:11 67930 20643
09:33:10 241651 8828
09:34:11 585471 84957
09:35:11 5205 4446
09:36:11 210941 87894
09:37:12 224502 441369
09:38:12 293887 12472
09:39:13 320578 30880
09:40:13 312889 752905
09:41:13 79860 8249
09:42:13 457009 121052
09:43:14 146815 22383
09:44:14 637620 25287
09:45:14 80605 26130
09:46:14 434518 26330
09:47:15 243640 10427
09:48:15 143806 8622
09:49:16 249734 29020
09:50:16 339106 25223
09:51:37 241620 19390
09:52:17 128005 47993
09:53:17 195205 19294
09:54:17 136144 7239
09:55:18 578240 49611
09:56:18 213200 17181
09:57:18 44925 3602
09:58:19 388959 37044
09:59:19 144632 27532
10:00:20 478948 34128
10:01:21 273161 43624
10:02:21 571666 74956
10:03:21 84188 14326
10:04:22 278526 12138
10:05:22 279080 19784
10:06:22 142733 13753
10:07:23 1090190 78752
10:08:23 272028 18843
10:09:23 58345 6308
10:10:23 109966 8596
10:11:24 168992 11721
10:12:24 215440 19040
10:13:24 569144 32664
10:14:25 895336 46476
10:15:25 336590 30230
10:16:25 128094 18019
10:17:26 47320 16107
10:18:26 338119 45564
10:19:26 29031 985290
10:20:26 297352 21331
10:21:27 432164 49125
10:22:27 168450 16934
10:23:28 459503 14479
10:24:28 604928 312163
10:25:28 47448 14237
10:26:29 392052 18793
