00:01:01 906218 50627
00:01:58 6552 9612
00:02:55 107896 18420
00:04:03 78920 6343
00:04:58 101619 10975
00:05:57 -1 -1
00:07:12 40876 7758
02:00:04 94753 7166
02:01:04 36566 14585
02:02:04 4808 6914
02:03:05 47592 3988
02:04:05 41707 9340
02:05:05 91097 32525
02:06:06 66433 10561
02:07:06 45052 10943
02:08:07 56057 11784
02:09:07 73495 9747
02:10:08 15479 7820
02:11:08 748805 40673
02:12:08 756980 73133
02:13:09 45651 18221
02:14:09 132507 26847
02:15:10 151937 23730
02:16:10 39217 5143
02:17:11 52482 38331
02:18:11 7384 6697
02:19:12 92648 15354
02:20:12 94196 26386
02:21:12 393456 56008
02:22:13 51396 18542
02:23:13 342788 22906
02:24:14 44247 20221
02:25:14 23368 2348
02:26:15 363814 48310
02:27:15 35094 14140
02:28:15 88589 11433
02:29:16 81952 6977
02:30:16 174121 53076
02:31:16 16322 17970
02:32:17 109468 9740
02:33:17 34914 3272
02:34:18 33881 13733
02:35:18 37760 17023
02:36:18 112545 8291
02:37:19 110816 12496
02:38:19 94621 14429
02:39:20 80286 13811
02:40:20 119182 18893
02:41:21 130753 12199
02:42:21 43339 12805
02:43:21 38572 7871
02:44:22 111140 18872
02:45:22 54680 11838
02:46:23 51347 10498
02:47:23 58192 10659
02:48:24 118516 19531
02:49:24 36465 6050
02:50:24 34308 4182
02:51:25 77834 8532
02:52:25 43381 19279
02:53:26 80109 16504
02:54:26 86244 5686
02:55:27 80290 16395
02:56:27 113526 10425
02:57:28 35615 3397
02:58:28 56058 9058
02:59:28 50761 16407
03:00:29 37870 8243
03:01:29 95380 7876
03:02:30 7937 12438
03:03:30 22489 9842
03:04:30 18338 2499
03:05:31 129238 15809
03:06:32 12973 4927
03:07:32 100379 19852
03:08:33 104773 13320
03:09:33 37489 13451
03:10:33 74252 19557
03:11:34 43848 14932
03:12:34 31007 6997
03:13:35 144826 39793
03:14:35 30538 7816
03:15:36 45304 5147
03:16:36 88322 12782
03:17:37 60896 11580
03:18:37 112402 9211
03:19:38 228010 18514
03:20:38 71842 27398
03:21:38 31406 15269
03:22:39 8192 14492
03:23:39 23095 6191
03:24:39 9460 9424
03:25:40 72599 7360
03:26:41 44959 5231
03:27:41 108365 18200
03:28:42 97102 10440
03:29:42 106472 12938
03:30:42 56527 18796
03:31:43 33886 5216
03:32:43 329104 56964
03:33:44 55271 15262
03:34:45 43792 3576
03:35:45 43140 3166
03:36:46 261102 26282
03:37:46 127332 6611
03:38:46 52408 3450
03:39:47 45385 3477
03:40:47 83410 18651
03:41:48 55022 16323
03:42:48 112615 14805
03:43:49 72802 8488
03:44:49 64328 8476
03:45:50 93457 23935
03:46:50 6744 5785
03:47:50 10894 14469
03:48:51 12982 7448
03:49:51 4101 6482
03:50:52 8087 8427
03:51:52 64038 16407
03:52:53 111995 49280
03:53:53 5676 7767
03:54:54 236644 24493
03:55:54 83290 41991
03:56:55 38283 2842
03:57:55 8747 2186
03:58:55 1862 921
03:59:56 59160 9626
04:00:56 87847 18020
04:01:57 184002 13884
04:02:57 49036 5409
04:03:58 4389 1552
04:04:58 403651 9868
04:05:59 13877 7608
04:06:59 90000 19292
04:07:59 4374 6003
04:09:00 3884 5224
04:10:01 71401 32127
04:11:01 301071 27117
04:12:01 70977 47520
04:13:02 137717 14969
04:14:02 26128 6797
04:15:02 20841 8480
04:16:03 51073 8129
04:17:03 21397 2363
04:18:04 20048 2382
04:19:04 162534 6733
04:20:05 46946 28477
04:21:05 8302 5701
04:22:05 21316 6534
04:23:06 13334 7116
04:24:06 81887 4938
04:25:07 2278 6313
04:26:07 60480 9128
04:27:08 18569 6620
04:28:08 19778 5185
04:29:08 4461 4381
04:30:09 204370 16557
04:31:09 15105 12907
04:32:09 18666 1239
04:33:10 34546 9019
04:34:10 7334 14876
04:35:11 434 862
04:36:11 40943 3285
04:37:12 20742 7626
04:38:12 12450 3569
04:39:13 13304 5287
04:40:13 4412 1600
04:41:13 31270 17656
04:42:14 21367 5525
04:43:14 3845 3358
04:44:15 25122 38942
04:45:15 9618 8356
04:46:16 49279 5380
04:47:16 86241 11950
04:48:16 12218 21701
04:49:17 21872 2817
04:50:17 25434 1373
04:51:18 47250 14497
04:52:18 4532 7609
04:53:18 38513 3029
04:54:19 138654 14512
04:55:19 98509 9441
04:56:20 12806 8966
04:57:20 38514 12707
04:58:21 4292 1167
04:59:21 13270 3181
05:00:22 52795 11022
05:01:22 28109 18707
05:02:22 7746 4179
05:03:23 23362 3634
05:04:23 4142 4612
05:05:24 71058 10499
05:06:24 19371 3592
05:07:24 31782 8123
05:08:25 25004 15632
05:09:25 2015 1977
05:10:26 6452 3061
05:11:26 12343 11747
05:12:26 16505 21891
05:13:27 17358 12948
05:14:27 23228 4579
05:15:28 65611 39391
05:16:28 46979 34004
05:17:29 15439 8841
05:18:29 40523 9103
05:19:29 3608 1469
05:20:30 82021 44639
05:21:30 9311 6496
05:22:31 36574 6606
05:23:31 63057 27807
05:24:32 1972 356
05:25:32 1585 2589
05:26:32 90875 7674
05:27:33 59838 35776
05:28:33 41887 20672
05:29:34 12177 4574
05:30:34 2586 2551
05:31:34 29589 20888
05:32:44 3851 3558
05:33:35 3382 6501
05:34:36 52869 58800
05:35:36 23444 6566
05:36:37 5986 7503
05:37:37 60097 19777
05:38:38 3976 5948
05:39:38 27340 3396
05:40:39 13264 18122
05:41:39 157724 11621
05:42:39 4898 6603
05:43:40 10148 17847
05:44:40 15537 12340
05:45:41 15638 11096
05:46:41 52875 7600
05:47:41 17428 25534
05:48:42 67567 8813
05:49:42 94451 37735
05:50:43 59699 53222
05:51:43 27248 4191
05:52:43 512 825
05:53:44 6484 8850
05:54:44 40054 31482
05:55:45 55871 6230
05:56:45 123726 26462
05:57:46 6254 11590
05:58:46 276 222
05:59:47 3502 2279
06:00:47 27408 19119
06:01:47 111621 20980
06:02:48 19972 1940
06:03:48 57363 26202
06:04:49 50018 16336
06:05:49 12714 10698
06:06:50 35831 25922
06:07:50 5792 8328
06:08:50 7517 13282
06:09:51 24244 29040
06:10:51 15563 23156
06:11:52 47888 17171
06:12:52 98218 22672
06:13:52 10028 9529
06:14:53 50166 54770
06:15:53 24768 19845
06:16:54 19080 30692
06:17:54 59970 4282
06:18:55 2198 3129
06:19:55 33585 31065
06:20:56 6103 7922
06:21:56 11914 14893
06:22:56 103366 20486
06:23:57 21004 9174
06:24:57 5396 6828
06:25:58 89102 5155
06:26:58 8630 13048
06:27:58 58720 7842
06:28:59 29841 3634
06:29:59 38982 16392
06:31:00 50391 15170
06:32:00 4478 1745
06:33:00 45993 3555
06:34:01 54457 27921
06:35:01 17630 9532
06:36:02 9256 15061
06:37:02 43414 31491
06:38:03 270669 34375
06:39:03 9487 8723
06:40:03 17035 8409
06:41:04 70865 26954
06:42:04 1199 932
06:43:05 8620 718
06:44:05 6024 9031
06:45:06 22175 32342
06:46:06 2801 1429
06:47:06 97107 5861
06:48:07 19708 5421
06:49:07 2675 3637
06:50:08 7352 9926
06:51:08 90987 40891
06:52:08 4560 3489
06:53:09 26624 29827
06:54:09 6097 12854
06:55:10 10578 6587
06:56:10 67992 22092
06:57:11 43190 15872
06:58:11 8297 11698
06:59:12 657 724
07:00:12 39210 16701
07:01:13 93776 47383
07:02:13 445373 86068
07:03:13 453410 42104
07:04:14 34270 8526
07:05:14 39118 22430
07:06:15 458 763
07:07:15 848259 41963
07:08:16 2134 1742
07:09:16 6990 8009
07:10:16 17495 21846
07:11:17 6292 4641
07:12:18 8108 10413
07:13:18 13902 13695
07:14:18 26411 8355
07:15:19 42152 6550
07:16:19 26533 19270
07:17:20 38489 26743
07:18:20 44397 6654
07:19:21 19313 2685
07:20:21 57591 49671
07:21:22 22484 9222
07:22:22 1582 2498
07:23:22 3864 1289
07:24:23 8236 14730
07:25:23 240873 14370
07:26:24 18386 7420
07:27:24 50537 14119
07:28:25 35391 10361
07:29:25 9627 1106
07:30:25 21689 10372
07:31:26 68810 33576
07:32:26 52136 20073
07:33:26 67207 4922
07:34:27 20833 29951
07:35:27 16004 23832
07:36:28 163324 55184
07:37:28 15688 15732
07:38:29 24664 12530
07:39:29 20626 24887
07:40:30 2589 761
07:41:30 96922 18668
07:42:30 74388 27766
07:43:31 34043 5254
07:44:31 9051 13495
07:45:32 13611 20220
07:46:32 413652 20936
07:47:33 222058 10613
07:48:33 43712 19618
07:49:34 505629 28365
07:50:34 26693 10435
07:51:35 27936 15117
07:52:35 125927 5955
07:53:35 8825 698
07:54:36 155678 50544
07:55:36 31151 42327
07:56:36 21988 3989
07:57:38 17457 1461
07:58:38 119288 11636
07:59:39 20330 6859
08:00:39 9020 13681
08:01:40 67288 14370
08:02:40 37435 7992
08:03:40 26452 15265
08:04:41 7500 9946
08:05:41 167485 43384
08:06:41 6268 8830
08:07:41 309941 28557
08:08:42 114495 53056
08:09:42 104380 3624
08:10:42 75078 18760
08:11:43 85493 19739
08:12:43 102793 14067
08:13:43 113687 25401
08:14:44 16745 12391
08:15:44 23104 36499
08:16:44 443546 18124
08:17:45 134274 30552
08:18:45 54555 37129
08:19:46 8120 7321
08:20:46 5428 5654
08:21:47 999218 42943
08:22:47 187035 27486
08:23:47 162426 25524
08:24:47 620685 31129
08:25:48 114370 26602
08:26:48 56126 5613
08:27:49 75482 12085
08:28:49 32126 25741
08:29:49 14092 22760
08:30:50 6744 22458
08:31:50 1067829 41592
08:32:50 23824 10495
08:33:50 4071 792
08:34:51 32433 3697
08:35:51 52711 23825
08:36:51 5070 9666
08:37:52 26353 13976
08:38:52 552138 57647
08:39:53 31142 24194
08:40:53 364253 58042
08:41:53 106405 25105
08:42:54 171402 28360
08:43:54 152022 40848
08:44:54 44160 10320
08:45:54 87428 4101
08:46:55 78618 11398
08:47:55 91255 14230
08:48:55 53018 4900
08:49:55 74464 15239
08:50:56 29858 42290
08:51:56 470377 28377
08:52:57 14595 1845
08:53:57 2860 5550
08:54:57 141552 34673
08:55:58 2510 1057
08:56:58 25419 11928
08:57:59 9226 10317
08:59:00 318013 59025
09:00:00 36156 2885
09:01:00 109939 45875
09:02:00 39990 15002
09:03:01 1052582 69112
09:04:01 101291 12318
09:05:01 394218 33986
09:06:02 108230 18610
09:07:02 28213 3609
09:08:02 51195 27755
09:09:02 633707 51364
09:10:03 494159 17828
09:11:03 173667 19153
09:12:03 309468 26388
09:13:04 16660 14232
09:14:04 195186 15941
09:15:04 147710 37592
09:16:05 22528 10750
09:17:05 77222 6935
09:18:05 921392 56506
09:19:06 38311 17382
09:20:07 105631 17702
09:21:07 113939 10785
09:22:07 495371 69864
09:23:08 19437 18300
09:24:08 23757 2571
09:25:08 16086 24612
09:26:09 3116 5443
09:27:09 30596 10320
09:28:10 66088 18444
09:29:10 14813 10551
09:30:11 18117 22997
09:31:11 130880 23902
09:32:11 95316 29034
09:33:12 4597 4682
09:34:12 236679 19639
09:35:12 160658 22309
09:36:12 387683 13127
09:37:13 201434 26549
09:38:13 642865 151153
09:39:14 38380 18140
09:40:14 813131 44847
09:41:14 394427 113273
09:42:14 115885 42784
09:43:15 108832 7890
09:44:15 628581 30286
09:45:18 32460 4263
09:46:16 9429 9201
09:47:16 56385 5134
09:48:17 1071530 42298
09:49:17 6795 8241
09:50:17 7716 86852
09:51:17 25360 2767
09:52:18 15272 9481
09:53:18 259629 48693
09:54:19 282 10231
09:55:19 160196 29715
09:56:19 30278 9530
09:57:20 8880 11536
09:58:20 31952 7034
09:59:21 131420 34741
10:00:22 48921 11395
10:01:22 586082 27397
10:02:22 66216 14582
10:03:23 353391 61315
10:04:23 6612 29824
10:05:23 201125 11495
10:06:23 295836 19864
10:07:24 957729 113205
10:08:24 88545 7988
10:09:24 376546 42638
10:10:25 69273 24368
10:11:25 7814 24569
10:12:25 147132 9947
10:13:25 9824 10725
10:14:26 40016 19826
10:15:26 609215 54291
10:16:27 328451 29592
10:17:27 748680 55034
10:18:27 3988 4688
10:19:27 365235 18588
10:20:28 155172 10901
10:21:28 229485 18456
10:22:29 835486 32535
10:23:29 192172 27471
10:24:29 510601 40138
10:25:29 437763 31266
10:26:30 183491 42474
