00:00:06 4 0 32
00:00:36 4 0 34
00:01:19 4 0 34
00:01:50 4 0 35
00:02:12 4 0 31
00:02:41 4 0 33
00:03:11 4 0 32
00:03:39 4 0 34
00:04:11 4 0 33
00:04:44 4 0 32
00:05:14 4 0 32
00:05:43 4 0 30
00:06:14 4 0 33
00:06:45 4 0 34
00:07:15 4 0 32
02:00:03 4 0 34
02:00:34 4 0 32
02:01:04 4 0 34
02:01:34 4 0 31
02:02:04 4 0 34
02:02:34 4 0 32
02:03:04 4 0 32
02:03:35 4 0 33
02:04:05 4 0 35
02:04:35 4 0 32
02:05:05 4 0 33
02:05:36 4 0 29
02:06:07 3 1 34
02:06:36 4 0 34
02:07:06 4 0 33
02:07:36 4 0 31
02:08:07 4 0 33
02:08:37 4 0 31
02:09:07 4 0 33
02:09:37 4 0 34
02:10:08 4 0 34
02:10:38 4 0 34
02:11:08 4 0 35
02:11:38 4 0 31
02:12:08 4 0 34
02:12:39 4 0 34
02:13:09 4 0 32
02:13:39 4 0 32
02:14:09 4 0 32
02:14:40 4 0 35
02:15:10 4 0 33
02:15:40 4 0 34
02:16:10 4 0 32
02:16:40 4 0 42
02:17:11 4 0 30
02:17:41 4 0 29
02:18:11 4 0 34
02:18:41 4 0 35
02:19:11 4 0 33
02:19:42 4 0 34
02:20:12 4 0 32
02:20:42 4 0 33
02:21:12 4 0 35
02:21:43 4 0 34
02:22:13 4 0 34
02:22:43 4 0 33
02:23:13 4 0 36
02:23:43 4 0 33
02:24:13 4 0 36
02:24:44 4 0 32
02:25:14 4 0 33
02:25:44 4 0 34
02:26:14 4 0 34
02:26:45 4 0 32
02:27:15 4 0 31
02:27:45 4 0 37
02:28:15 4 0 42
02:28:45 4 0 34
02:29:16 4 0 33
02:29:46 4 0 35
02:30:16 4 0 31
02:30:46 4 0 34
02:31:16 4 0 35
02:31:47 4 0 34
02:32:17 4 0 32
02:32:47 4 0 34
02:33:17 4 0 35
02:33:48 4 0 33
02:34:18 4 0 32
02:34:48 4 0 33
02:35:18 4 0 29
02:35:48 4 0 34
02:36:18 4 0 33
02:36:49 4 0 33
02:37:19 4 0 32
02:37:49 4 0 33
02:38:19 4 0 29
02:38:50 4 0 33
02:39:20 4 0 35
02:39:50 4 0 34
02:40:20 4 0 33
02:40:50 4 0 34
02:41:21 4 0 33
02:41:51 4 0 33
02:42:21 4 0 31
02:42:51 4 0 33
02:43:21 4 0 35
02:43:52 4 0 33
02:44:22 4 0 33
02:44:52 4 0 31
02:45:22 4 0 34
02:45:52 4 0 32
02:46:23 4 0 31
02:46:53 4 0 35
02:47:23 4 0 32
02:47:53 4 0 33
02:48:23 4 0 33
02:48:54 4 0 33
02:49:24 4 0 32
02:49:54 4 0 31
02:50:24 4 0 32
02:50:55 4 0 33
02:51:25 4 0 35
02:51:55 4 0 32
02:52:25 4 0 34
02:52:55 4 0 34
02:53:26 4 0 34
02:53:57 3 1 33
02:54:26 4 0 33
02:54:56 4 0 34
02:55:27 4 0 32
02:55:57 4 0 34
02:56:27 4 0 32
02:56:57 4 0 33
02:57:27 4 0 32
02:57:58 4 0 31
02:58:28 4 0 32
02:58:58 4 0 32
02:59:28 4 0 34
02:59:59 4 0 34
03:00:29 4 0 34
03:00:59 4 0 33
03:01:29 4 0 33
03:01:59 4 0 34
03:02:30 4 0 34
03:03:00 4 0 33
03:03:30 4 0 33
03:04:00 4 0 32
03:04:31 4 0 56
03:05:01 4 0 32
03:05:31 4 0 37
03:06:02 4 0 34
03:06:32 4 0 31
03:07:02 4 0 33
03:07:32 4 0 34
03:08:02 4 0 34
03:08:32 4 0 33
03:09:03 4 0 33
03:09:33 4 0 33
03:10:03 4 0 33
03:10:33 4 0 33
03:11:04 4 0 31
03:11:34 4 0 32
03:12:04 4 0 35
03:12:34 4 0 33
03:13:04 4 0 33
03:13:35 4 0 36
03:14:05 4 0 31
03:14:35 4 0 35
03:15:05 4 0 29
03:15:36 4 0 34
03:16:06 4 0 32
03:16:36 4 0 34
03:17:06 4 0 34
03:17:36 4 0 33
03:18:07 4 0 33
03:18:37 4 0 36
03:19:07 4 0 30
03:19:37 4 0 31
03:20:08 4 0 33
03:20:38 4 0 35
03:21:08 4 0 31
03:21:38 4 0 32
03:22:09 4 0 34
03:22:39 4 0 32
03:23:09 4 0 31
03:23:39 4 0 34
03:24:09 4 0 34
03:24:40 4 0 34
03:25:10 4 0 32
03:25:40 4 0 31
03:26:10 4 0 32
03:26:40 4 0 33
03:27:11 4 0 32
03:27:41 4 0 32
03:28:11 4 0 34
03:28:41 4 0 35
03:29:12 4 0 30
03:29:42 4 0 38
03:30:12 4 0 31
03:30:42 4 0 33
03:31:12 4 0 33
03:31:43 4 0 33
03:32:13 4 0 33
03:32:43 4 0 32
03:33:13 4 0 31
03:33:44 4 0 33
03:34:14 4 0 32
03:34:45 4 0 32
03:35:15 4 0 32
03:35:45 4 0 33
03:36:15 4 0 33
03:36:46 4 0 35
03:37:16 4 0 33
03:37:46 4 0 44
03:38:16 4 0 34
03:38:46 4 0 33
03:39:17 4 0 36
03:39:47 4 0 32
03:40:18 4 0 34
03:40:47 4 0 33
03:41:18 4 0 36
03:41:48 4 0 34
03:42:18 4 0 33
03:42:48 4 0 34
03:43:19 4 0 32
03:43:49 4 0 33
03:44:19 4 0 32
03:44:49 4 0 32
03:45:19 4 0 32
03:45:50 4 0 34
03:46:20 4 0 34
03:46:50 4 0 33
03:47:20 4 0 33
03:47:50 4 0 34
03:48:21 4 0 31
03:48:51 4 0 33
03:49:21 4 0 33
03:49:51 4 0 57
03:50:22 4 0 31
03:50:52 4 0 60
03:51:22 4 0 34
03:51:52 4 0 32
03:52:22 4 0 33
03:52:53 4 0 36
03:53:23 4 0 34
03:53:53 4 0 34
03:54:23 4 0 33
03:54:54 4 0 33
03:55:24 4 0 34
03:55:54 4 0 32
03:56:24 4 0 33
03:56:55 4 0 33
03:57:25 4 0 32
03:57:55 4 0 32
03:58:25 4 0 31
03:58:55 4 0 33
03:59:26 4 0 33
03:59:56 4 0 35
04:00:26 4 0 32
04:00:56 4 0 29
04:01:27 4 0 32
04:01:57 4 0 64
04:02:27 4 0 34
04:02:57 4 0 33
04:03:28 4 0 33
04:03:58 4 0 33
04:04:28 4 0 30
04:04:58 4 0 33
04:05:28 4 0 33
04:05:58 4 0 32
04:06:29 4 0 34
04:06:59 4 0 35
04:07:29 4 0 34
04:07:59 4 0 34
04:08:30 4 0 58
04:09:00 4 0 34
04:09:30 4 0 31
04:10:00 4 0 31
04:10:31 4 0 36
04:11:01 4 0 32
04:11:31 4 0 33
04:12:01 4 0 33
04:12:31 4 0 35
04:13:01 4 0 35
04:13:32 4 0 35
04:14:02 4 0 31
04:14:32 4 0 33
04:15:02 4 0 31
04:15:33 4 0 33
04:16:03 4 0 33
04:16:33 4 0 34
04:17:03 4 0 38
04:17:33 4 0 33
04:18:04 4 0 35
04:18:34 4 0 32
04:19:04 4 0 33
04:19:34 4 0 33
04:20:04 4 0 36
04:20:35 4 0 32
04:21:05 4 0 34
04:21:35 4 0 34
04:22:05 4 0 33
04:22:36 4 0 34
04:23:06 4 0 34
04:23:36 4 0 35
04:24:06 4 0 33
04:24:36 4 0 31
04:25:07 4 0 34
04:25:37 4 0 32
04:26:07 4 0 32
04:26:37 4 0 33
04:27:07 4 0 32
04:27:38 4 0 33
04:28:08 4 0 35
04:28:38 4 0 34
04:29:08 4 0 35
04:29:38 4 0 33
04:30:08 4 0 31
04:30:39 4 0 32
04:31:09 4 0 32
04:31:39 4 0 33
04:32:09 4 0 30
04:32:40 4 0 33
04:33:10 4 0 32
04:33:40 4 0 32
04:34:10 4 0 34
04:34:40 4 0 31
04:35:11 4 0 33
04:35:41 4 0 32
04:36:11 4 0 34
04:36:41 4 0 32
04:37:12 4 0 33
04:37:42 4 0 34
04:38:12 4 0 32
04:38:42 4 0 33
04:39:12 4 0 35
04:39:43 4 0 32
04:40:13 4 0 36
04:40:43 4 0 31
04:41:13 4 0 34
04:41:44 4 0 35
04:42:14 4 0 33
04:42:44 4 0 34
04:43:14 4 0 33
04:43:44 4 0 31
04:44:15 4 0 34
04:44:45 4 0 32
04:45:15 4 0 34
04:45:46 3 1 34
04:46:15 4 0 33
04:46:46 4 0 31
04:47:16 4 0 35
04:47:46 4 0 35
04:48:16 4 0 33
04:48:47 4 0 32
04:49:17 4 0 34
04:49:47 4 0 31
04:50:17 4 0 34
04:50:47 4 0 31
04:51:18 4 0 72
04:51:48 4 0 32
04:52:18 4 0 35
04:52:48 4 0 33
04:53:18 4 0 33
04:53:49 4 0 33
04:54:19 4 0 32
04:54:49 4 0 33
04:55:19 4 0 34
04:55:50 4 0 33
04:56:20 4 0 32
04:56:50 4 0 32
04:57:20 4 0 32
04:57:50 4 0 32
04:58:21 4 0 35
04:58:51 4 0 33
04:59:21 4 0 33
04:59:51 4 0 34
05:00:21 4 0 32
05:00:52 4 0 31
05:01:22 4 0 33
05:01:52 4 0 33
05:02:22 4 0 32
05:02:52 4 0 32
05:03:22 4 0 32
05:03:53 4 0 31
05:04:23 4 0 34
05:04:53 4 0 32
05:05:23 4 0 34
05:05:54 4 0 34
05:06:24 4 0 34
05:06:54 4 0 32
05:07:24 4 0 32
05:07:54 4 0 36
05:08:25 4 0 34
05:08:55 4 0 33
05:09:25 4 0 34
05:09:55 4 0 32
05:10:26 4 0 32
05:10:56 4 0 33
05:11:26 4 0 30
05:11:56 4 0 34
05:12:26 4 0 47
05:12:57 4 0 30
05:13:27 4 0 32
05:13:57 4 0 34
05:14:27 4 0 31
05:14:57 4 0 30
05:15:28 4 0 33
05:15:58 4 0 33
05:16:28 4 0 35
05:16:58 4 0 32
05:17:29 4 0 34
05:17:59 4 0 31
05:18:29 4 0 33
05:18:59 4 0 34
05:19:29 4 0 34
05:20:00 4 0 33
05:20:30 4 0 35
05:21:00 4 0 33
05:21:30 4 0 35
05:22:01 4 0 34
05:22:31 4 0 36
05:23:01 4 0 29
05:23:31 4 0 32
05:24:01 4 0 32
05:24:31 4 0 33
05:25:02 4 0 34
05:25:32 4 0 35
05:26:02 4 0 32
05:26:32 4 0 33
05:27:03 4 0 33
05:27:33 4 0 33
05:28:03 4 0 32
05:28:33 4 0 32
05:29:03 4 0 33
05:29:34 3 1 32
05:30:04 4 0 32
05:30:34 4 0 32
05:31:04 4 0 33
05:31:34 4 0 34
05:32:05 4 0 33
05:32:35 4 0 37
05:33:05 4 0 33
05:33:35 4 0 32
05:34:06 4 0 33
05:34:36 4 0 31
05:35:06 4 0 33
05:35:36 4 0 33
05:36:06 4 0 32
05:36:37 4 0 34
05:37:07 4 0 32
05:37:37 4 0 33
05:38:07 4 0 32
05:38:37 4 0 33
05:39:08 4 0 34
05:39:38 4 0 33
05:40:08 4 0 31
05:40:38 4 0 32
05:41:09 4 0 32
05:41:39 4 0 32
05:42:09 4 0 33
05:42:39 4 0 32
05:43:09 4 0 34
05:43:40 4 0 32
05:44:10 4 0 31
05:44:40 4 0 33
05:45:10 4 0 31
05:45:40 4 0 32
05:46:11 4 0 35
05:46:41 4 0 34
05:47:11 4 0 30
05:47:41 4 0 32
05:48:12 4 0 32
05:48:42 4 0 33
05:49:12 4 0 32
05:49:42 4 0 33
05:50:12 4 0 34
05:50:42 4 0 32
05:51:13 4 0 32
05:51:43 4 0 33
05:52:13 4 0 33
05:52:43 4 0 34
05:53:14 4 0 33
05:53:44 4 0 35
05:54:14 4 0 34
05:54:44 4 0 34
05:55:15 4 0 31
05:55:45 4 0 33
05:56:15 4 0 32
05:56:45 4 0 34
05:57:16 4 0 31
05:57:46 4 0 34
05:58:16 4 0 33
05:58:46 4 0 33
05:59:16 4 0 34
05:59:47 4 0 33
06:00:17 4 0 34
06:00:47 4 0 31
06:01:17 4 0 31
06:01:47 4 0 33
06:02:18 4 0 35
06:02:48 4 0 33
06:03:18 4 0 32
06:03:48 4 0 33
06:04:19 4 0 30
06:04:49 4 0 34
06:05:19 4 0 34
06:05:49 4 0 33
06:06:19 4 0 34
06:06:50 4 0 34
06:07:20 4 0 34
06:07:50 4 0 33
06:08:20 4 0 32
06:08:50 4 0 33
06:09:21 4 0 32
06:09:51 4 0 30
06:10:21 4 0 32
06:10:51 4 0 33
06:11:22 4 0 30
06:11:52 4 0 34
06:12:22 4 0 33
06:12:52 4 0 33
06:13:22 4 0 33
06:13:52 4 0 33
06:14:23 4 0 33
06:14:53 4 0 30
06:15:23 4 0 34
06:15:53 4 0 33
06:16:24 4 0 34
06:16:54 4 0 34
06:17:24 4 0 35
06:17:54 4 0 32
06:18:24 4 0 33
06:18:55 4 0 36
06:19:25 4 0 34
06:19:55 4 0 35
06:20:25 4 0 32
06:20:55 4 0 34
06:21:26 4 0 34
06:21:56 4 0 32
06:22:27 3 1 32
06:22:56 4 0 44
06:23:26 4 0 30
06:23:57 4 0 35
06:24:27 4 0 31
06:24:57 4 0 35
06:25:27 4 0 31
06:25:57 4 0 34
06:26:28 4 0 32
06:26:58 4 0 33
06:27:28 4 0 33
06:27:58 4 0 34
06:28:29 4 0 31
06:28:59 4 0 32
06:29:29 4 0 32
06:29:59 4 0 32
06:30:29 4 0 34
06:31:00 4 0 34
06:31:30 4 0 31
06:32:00 4 0 34
06:32:30 4 0 33
06:33:00 4 0 33
06:33:31 4 0 31
06:34:01 4 0 34
06:34:31 4 0 32
06:35:01 4 0 33
06:35:32 4 0 29
06:36:02 4 0 34
06:36:32 4 0 35
06:37:02 4 0 32
06:37:33 4 0 34
06:38:03 4 0 34
06:38:33 4 0 33
06:39:03 4 0 32
06:39:33 4 0 32
06:40:03 4 0 34
06:40:34 4 0 31
06:41:04 4 0 33
06:41:34 4 0 34
06:42:04 4 0 34
06:42:35 4 0 34
06:43:05 4 0 32
06:43:35 4 0 32
06:44:05 4 0 35
06:44:35 4 0 35
06:45:06 4 0 34
06:45:36 4 0 32
06:46:06 4 0 31
06:46:36 4 0 33
06:47:06 4 0 33
06:47:37 4 0 30
06:48:07 4 0 33
06:48:37 4 0 33
06:49:07 4 0 33
06:49:37 4 0 31
06:50:08 4 0 34
06:50:38 4 0 34
06:51:08 4 0 33
06:51:38 4 0 38
06:52:09 4 0 33
06:52:39 4 0 49
06:53:09 4 0 34
06:53:39 4 0 33
06:54:09 4 0 34
06:54:40 4 0 34
06:55:10 4 0 35
06:55:40 4 0 33
06:56:10 4 0 33
06:56:41 4 0 35
06:57:11 4 0 34
06:57:41 4 0 33
06:58:11 4 0 33
06:58:41 4 0 32
06:59:11 4 0 34
06:59:42 4 0 32
07:00:12 4 0 33
07:00:42 4 0 34
07:01:12 4 0 32
07:01:43 4 0 34
07:02:13 4 0 34
07:02:43 4 0 32
07:03:13 4 0 33
07:03:44 4 0 32
07:04:14 4 0 33
07:04:44 4 0 34
07:05:14 4 0 36
07:05:45 4 0 34
07:06:15 4 0 32
07:06:45 4 0 32
07:07:15 4 0 37
07:07:45 4 0 32
07:08:15 4 0 31
07:08:46 4 0 33
07:09:16 4 0 35
07:09:46 4 0 34
07:10:16 4 0 34
07:10:47 4 0 33
07:11:17 4 0 34
07:11:47 4 0 33
07:12:18 4 0 32
07:12:48 4 0 35
07:13:18 4 0 34
07:13:48 4 0 32
07:14:18 4 0 35
07:14:49 4 0 32
07:15:19 4 0 35
07:15:49 4 0 32
07:16:19 4 0 34
07:16:50 4 0 36
07:17:20 4 0 33
07:17:50 4 0 33
07:18:20 4 0 32
07:18:51 4 0 31
07:19:21 4 0 33
07:19:51 4 0 34
07:20:21 4 0 34
07:20:51 4 0 34
07:21:21 4 0 33
07:21:52 4 0 34
07:22:22 4 0 32
07:22:52 4 0 33
07:23:22 4 0 35
07:23:53 4 0 34
07:24:23 4 0 31
07:24:53 4 0 32
07:25:23 4 0 32
07:25:53 4 0 32
07:26:24 4 0 33
07:26:54 4 0 34
07:27:24 4 0 35
07:27:54 4 0 33
07:28:24 4 0 31
07:28:55 4 0 33
07:29:25 4 0 34
07:29:55 4 0 32
07:30:25 4 0 32
07:30:56 4 0 34
07:31:26 4 0 36
07:31:56 4 0 34
07:32:26 4 0 35
07:32:56 4 0 31
07:33:26 4 0 31
07:33:57 4 0 34
07:34:27 4 0 34
07:34:57 4 0 31
07:35:27 4 0 33
07:35:58 4 0 34
07:36:28 4 0 36
07:36:58 4 0 33
07:37:28 4 0 31
07:37:59 4 0 34
07:38:29 4 0 35
07:38:59 4 0 32
07:39:29 4 0 33
07:40:00 4 0 33
07:40:30 4 0 30
07:41:00 4 0 31
07:41:30 4 0 31
07:42:01 4 0 65
07:42:30 4 0 31
07:43:01 4 0 32
07:43:31 4 0 33
07:44:01 4 0 35
07:44:31 4 0 30
07:45:02 4 0 36
07:45:32 4 0 33
07:46:02 4 0 35
07:46:32 4 0 35
07:47:03 4 0 33
07:47:33 4 0 33
07:48:03 4 0 32
07:48:33 4 0 33
07:49:03 4 0 34
07:49:33 4 0 34
07:50:04 4 0 32
07:50:34 4 0 36
07:51:04 4 0 34
07:51:34 4 0 32
07:52:05 4 0 33
07:52:35 4 0 33
07:53:05 4 0 31
07:53:35 4 0 33
07:54:05 4 0 34
07:54:36 4 0 34
07:55:06 4 0 33
07:55:36 4 0 32
07:56:06 4 0 33
07:56:36 4 0 34
07:57:07 4 0 32
07:57:38 4 0 32
07:58:10 4 0 32
07:58:40 4 0 32
07:59:10 4 0 32
07:59:41 4 0 32
08:00:11 4 0 31
08:00:41 4 0 33
08:01:11 4 0 34
08:01:42 4 0 32
08:02:12 4 0 32
08:02:42 4 0 31
08:03:12 4 0 33
08:03:42 4 0 34
08:04:12 4 0 33
08:04:43 4 0 33
08:05:13 4 0 33
08:05:43 4 0 32
08:06:13 4 0 32
08:06:43 4 0 34
08:07:13 4 0 34
08:07:44 4 0 32
08:08:14 4 0 33
08:08:44 4 0 29
08:09:14 4 0 33
08:09:44 4 0 33
08:10:14 4 0 29
08:10:44 4 0 32
08:11:14 4 0 29
08:11:45 4 0 33
08:12:15 4 0 33
08:12:45 4 0 33
08:13:15 4 0 32
08:13:45 4 0 31
08:14:15 4 0 34
08:14:46 4 0 32
08:15:16 4 0 32
08:15:46 4 0 33
08:16:16 4 0 33
08:16:46 4 0 31
08:17:16 4 0 32
08:17:47 4 0 32
08:18:17 4 0 34
08:18:47 4 0 30
08:19:18 4 0 33
08:19:48 4 0 33
08:20:18 4 0 31
08:20:48 4 0 33
08:21:18 4 0 33
08:21:49 4 0 34
08:22:19 4 0 34
08:22:49 4 0 33
08:23:19 4 0 34
08:23:49 4 0 34
08:24:19 4 0 33
08:24:50 4 0 54
08:25:21 3 1 34
08:25:50 4 0 32
08:26:20 4 0 31
08:26:50 4 0 32
08:27:20 4 0 33
08:27:51 4 0 36
08:28:21 4 0 30
08:28:51 4 0 32
08:29:21 4 0 34
08:29:51 4 0 33
08:30:21 4 0 32
08:30:52 4 0 34
08:31:22 4 0 32
08:31:52 4 0 34
08:32:22 4 0 33
08:32:52 4 0 32
08:33:22 4 0 32
08:33:53 4 0 32
08:34:23 4 0 32
08:34:53 4 0 30
08:35:23 4 0 31
08:35:53 4 0 30
08:36:23 4 0 33
08:36:54 4 0 33
08:37:24 4 0 31
08:37:54 4 0 29
08:38:24 4 0 32
08:38:54 4 0 31
08:39:24 4 0 32
08:39:55 4 0 32
08:40:25 4 0 62
08:40:55 4 0 33
08:41:25 4 0 33
08:41:55 4 0 36
08:42:25 4 0 33
08:42:55 4 0 30
08:43:25 4 0 31
08:43:56 4 0 33
08:44:26 4 0 36
08:44:56 4 0 34
08:45:26 4 0 33
08:45:56 4 0 32
08:46:26 4 0 31
08:46:57 4 0 29
08:47:27 4 0 33
08:47:57 4 0 33
08:48:27 4 0 33
08:48:57 4 0 34
08:49:27 4 0 34
08:49:58 4 0 34
08:50:28 4 0 34
08:50:58 4 0 29
08:51:28 4 0 30
08:51:58 4 0 32
08:52:28 4 0 31
08:52:59 4 0 32
08:53:29 4 0 32
08:53:59 4 0 34
08:54:29 4 0 34
08:54:59 4 0 32
08:55:30 4 0 32
08:56:00 4 0 32
08:56:30 4 0 32
08:57:00 4 0 33
08:57:30 4 0 33
08:58:01 4 0 34
08:58:31 4 0 35
08:59:01 4 0 33
08:59:32 4 0 31
09:00:02 4 0 33
09:00:32 4 0 30
09:01:02 4 0 32
09:01:32 4 0 32
09:02:02 4 0 34
09:02:33 4 0 33
09:03:03 4 0 30
09:03:33 4 0 33
09:04:03 4 0 32
09:04:33 4 0 33
09:05:03 4 0 31
09:05:33 4 0 32
09:06:04 4 0 36
09:06:34 4 0 32
09:07:04 4 0 32
09:07:34 4 0 31
09:08:04 4 0 31
09:08:34 4 0 34
09:09:05 4 0 33
09:09:35 4 0 33
09:10:06 3 1 34
09:10:35 4 0 32
09:11:05 4 0 30
09:11:35 4 0 34
09:12:06 4 0 32
09:12:36 4 0 32
09:13:06 4 0 32
09:13:37 3 1 34
09:14:06 4 0 34
09:14:37 3 1 34
09:15:06 4 0 31
09:15:37 4 0 34
09:16:07 4 0 32
09:16:37 4 0 32
09:17:07 4 0 34
09:17:37 4 0 32
09:18:08 4 0 31
09:18:38 4 0 34
09:19:08 4 0 31
09:19:38 4 0 32
09:20:09 4 0 31
09:20:39 4 0 34
09:21:09 4 0 32
09:21:39 4 0 34
09:22:09 4 0 32
09:22:40 3 1 31
09:23:10 4 0 31
09:23:40 4 0 32
09:24:10 4 0 31
09:24:40 4 0 32
09:25:10 4 0 32
09:25:40 4 0 29
09:26:11 4 0 34
09:26:41 4 0 33
09:27:11 4 0 32
09:27:42 4 0 34
09:28:12 4 0 32
09:28:42 4 0 32
09:29:12 4 0 34
09:29:42 4 0 32
09:30:13 4 0 32
09:30:43 4 0 30
09:31:13 4 0 34
09:31:43 4 0 31
09:32:13 4 0 31
09:32:43 4 0 34
09:33:14 4 0 34
09:33:44 4 0 32
09:34:14 4 0 33
09:34:44 4 0 33
09:35:14 4 0 32
09:35:44 4 0 33
09:36:15 4 0 30
09:36:45 4 0 32
09:37:15 4 0 34
09:37:45 4 0 29
09:38:15 4 0 34
09:38:45 4 0 31
09:39:16 4 0 33
09:39:46 4 0 33
09:40:16 4 0 30
09:40:46 4 0 32
09:41:16 4 0 33
09:41:46 4 0 31
09:42:16 4 0 33
09:42:47 4 0 33
09:43:17 4 0 36
09:43:47 4 0 32
09:44:17 4 0 31
09:44:47 4 0 30
09:45:17 4 0 32
09:45:47 4 0 32
09:46:18 4 0 32
09:46:48 4 0 32
09:47:18 4 0 31
09:47:48 4 0 33
09:48:19 4 0 34
09:48:49 4 0 32
09:49:19 4 0 33
09:49:49 4 0 34
09:50:19 4 0 30
09:50:49 4 0 33
09:51:20 4 0 63
09:51:50 4 0 31
09:52:20 4 0 32
09:52:50 4 0 33
09:53:20 4 0 32
09:53:50 4 0 32
09:54:21 4 0 34
09:54:51 4 0 31
09:55:21 4 0 34
09:55:51 4 0 33
09:56:21 4 0 33
09:56:51 4 0 30
09:57:22 4 0 33
09:57:52 4 0 31
09:58:22 4 0 31
09:58:53 3 1 31
09:59:23 4 0 33
09:59:53 4 0 33
10:00:24 4 0 33
10:00:54 4 0 34
10:01:24 4 0 62
10:01:54 4 0 32
10:02:24 4 0 34
10:02:54 4 0 30
10:03:24 4 0 34
10:03:54 4 0 33
10:04:25 4 0 32
10:04:55 4 0 32
10:05:25 4 0 34
10:05:55 4 0 32
10:06:26 3 1 33
10:06:55 4 0 30
10:07:26 4 0 32
10:07:56 4 0 32
10:08:26 4 0 32
10:08:56 4 0 32
10:09:26 4 0 40
10:09:56 4 0 32
10:10:28 3 1 33
10:10:57 4 0 32
10:11:27 4 0 32
10:11:57 4 0 71
10:12:27 4 0 33
10:12:57 4 0 33
10:13:28 4 0 34
10:13:58 4 0 33
10:14:28 4 0 29
10:14:58 4 0 33
10:15:28 4 0 31
10:15:58 4 0 34
10:16:29 4 0 34
10:16:59 4 0 32
10:17:29 4 0 33
10:17:59 4 0 32
10:18:29 4 0 34
10:18:59 4 0 34
10:19:30 4 0 32
10:20:00 4 0 32
10:20:31 4 0 31
10:21:01 4 0 31
10:21:31 4 0 30
10:22:01 4 0 33
10:22:32 4 0 32
10:23:02 4 0 31
10:23:32 4 0 32
10:24:02 4 0 32
10:24:32 4 0 32
10:25:02 4 0 32
10:25:32 4 0 31
10:26:03 4 0 33
10:26:33 4 0 31
