00:02:38 0
00:07:12 0
02:00:04 0
02:05:04 0
02:10:04 0
02:15:05 0
02:20:05 0
02:25:05 0
02:30:05 0
02:35:05 0
02:40:05 0
02:45:05 0
02:50:05 0
02:55:06 0
03:00:06 0
03:05:06 0
03:10:06 0
03:15:06 0
03:20:06 0
03:25:07 0
03:30:07 0
03:35:08 0
03:40:08 0
03:45:20 0
03:50:08 0
03:55:09 0
04:00:09 0
04:05:09 0
04:10:09 0
04:15:10 0
04:20:10 0
04:25:10 0
04:30:11 0
04:35:12 0
04:40:12 0
04:45:12 0
04:50:12 0
04:55:12 0
05:00:12 0
05:05:13 0
05:10:13 0
05:15:14 0
05:20:14 0
05:25:14 0
05:30:14 0
05:35:14 0
05:40:14 0
05:45:14 0
05:50:14 0
05:55:14 0
06:00:15 0
06:05:15 0
06:10:15 0
06:15:15 0
06:20:15 0
06:25:15 0
06:30:15 0
06:35:15 0
06:40:16 0
06:45:16 0
06:50:16 0
06:55:16 0
07:00:16 0
07:05:16 0
07:10:17 0
07:15:18 0
07:20:18 0
07:25:18 0
07:30:18 0
07:35:18 0
07:40:18 0
07:45:19 0
07:50:19 0
07:55:19 0
08:00:19 0
08:05:20 0
08:10:20 0
08:15:21 0
08:20:21 0
08:25:22 0
08:30:22 0
08:35:23 0
08:40:23 0
08:45:24 0
08:50:25 0
08:55:25 0
09:00:26 0
09:05:26 0
09:10:27 0
09:15:27 0
09:20:28 0
09:25:28 0
09:30:29 0
09:35:29 0
09:40:30 0
09:45:30 0
09:50:31 0
09:55:32 0
10:00:33 0
10:05:33 0
10:10:34 0
10:15:35 0
10:20:35 0
10:25:35 0
