00:01:08 65396 5362
00:01:58 37121 10350
00:02:56 38065 11332
00:04:03 21092 10969
00:04:58 53999 4248
00:05:59 32607 4104
00:07:12 213630 13554
02:00:04 26187 8250
02:01:05 13274 5818
02:02:05 5486 3899
02:03:06 10049 8407
02:04:06 5257 5042
02:05:07 16136 6288
02:06:07 1005 1356
02:07:07 30826 3563
02:08:08 31173 4605
02:09:08 26140 3857
02:10:09 60872 4649
02:11:09 28294 3048
02:12:10 18396 3401
02:13:10 2811 1982
02:14:11 3764 4413
02:15:11 35583 7971
02:16:11 557 1050
02:17:12 13550 6372
02:18:12 2815 3420
02:19:12 327 702
02:20:13 2249 3546
02:21:13 25471 10094
02:22:14 24825 3144
02:23:14 928 972
02:24:15 3954 6300
02:25:15 14411 5608
02:26:15 4925 1420
02:27:16 327 380
02:28:16 203 782
02:29:17 971 1694
02:30:17 18316 2172
02:31:18 125 376
02:32:18 8393 4554
02:33:18 2945 4904
02:34:19 3229 5511
02:35:19 11641 2495
02:36:20 9722 3165
02:37:20 5757 9568
02:38:21 21373 7314
02:39:21 40499 3129
02:40:21 38051 5114
02:41:22 45632 7777
02:42:22 23442 3085
02:43:23 3016 4616
02:44:23 19184 22652
02:45:23 4189 7246
02:46:24 1729 2554
02:47:24 8593 1461
02:48:25 202 512
02:49:25 1813 624
02:50:25 2257 4129
02:51:26 130 420
02:52:26 257 1631
02:53:27 7965 5301
02:54:27 80803 7713
02:55:28 324 671
02:56:28 2161 3628
02:57:29 67077 4857
02:58:29 130476 8391
02:59:30 22936 3986
03:00:30 146872 11991
03:01:30 35657 7361
03:02:31 18551 2536
03:03:31 408 482
03:04:32 4097 5993
03:05:32 2663 4358
03:06:33 65690 5324
03:07:33 47477 7199
03:08:34 9755 4030
03:09:34 49718 6796
03:10:35 29344 7618
03:11:35 12302 1791
03:12:35 45251 34174
03:13:36 21342 3360
03:14:36 4175 4710
03:15:37 17999 7374
03:16:37 16468 7110
03:17:38 18826 4142
03:18:38 16350 5461
03:19:38 42531 6865
03:20:39 30258 9547
03:21:39 17647 2304
03:22:40 10408 4679
03:23:40 25198 5545
03:24:41 5728 2732
03:25:41 820 1619
03:26:42 81476 11964
03:27:42 66572 12186
03:28:42 29675 6821
03:29:43 7116 6623
03:30:43 38760 14874
03:31:44 3871 6028
03:32:44 327 812
03:33:45 18447 5455
03:34:46 43337 3333
03:35:46 14404 8274
03:36:47 1275 1478
03:37:47 12014 6439
03:38:48 31646 5308
03:39:48 3665 5741
03:40:48 3193 2325
03:41:49 4072 4208
03:42:49 4880 3802
03:43:50 13613 2372
03:44:50 2050 3709
03:45:51 27287 2328
03:46:51 2923 4812
03:47:51 37618 5386
03:48:52 22396 2730
03:49:52 27402 3245
03:50:53 15213 1402
03:51:53 38798 4546
03:52:54 37027 11613
03:53:54 3375 5118
03:54:55 129682 11854
03:55:55 35219 3725
03:56:56 20547 5629
03:57:56 6853 6079
03:58:56 77245 5323
03:59:57 5761 2915
04:00:57 114819 13091
04:01:58 33109 5141
04:02:58 303 941
04:03:59 812 1156
04:04:59 5411 5341
04:06:00 3985 6715
04:07:00 327 510
04:08:01 16921 4044
04:09:01 34750 8880
04:10:01 2095 983
04:11:02 33903 8036
04:12:02 28905 6138
04:13:03 685 927
04:14:03 188073 15812
04:15:03 45229 11834
04:16:04 4095 4333
04:17:04 125 572
04:18:05 41241 8797
04:19:05 10179 3108
04:20:06 17573 3233
04:21:06 21092 7009
04:22:06 21435 8942
04:23:07 9102 1708
04:24:07 15947 2721
04:25:08 2548 4644
04:26:08 2722 1381
04:27:09 26921 6567
04:28:09 287 817
04:29:09 28663 7388
04:30:10 14884 3568
04:31:10 1305 2116
04:32:11 2173 3548
04:33:11 35658 6987
04:34:11 4064 3529
04:35:12 1763 2341
04:36:12 1029308 29647
04:37:15 1984 3297
04:38:13 84377 10298
04:39:14 4469 2886
04:40:14 7545 4735
04:41:15 3141 5252
04:42:15 20599 5859
04:43:15 12066247 273770
04:44:16 32579 8481
04:45:16 2350 3624
04:46:17 22915 5220
04:47:17 29171 3858
04:48:17 25718 3911
04:49:18 2797 4105
04:50:18 29088 6149
04:51:19 39178 5267
04:52:19 285566 15193
04:53:19 92591 8858
04:54:20 50559 3975
04:55:20 10461 4261
04:56:21 2292 3646
04:57:21 18711 6100
04:58:22 14391 3688
04:59:22 25780 6120
05:00:23 25827 6914
05:01:23 5743 1499
05:02:23 644 727
05:03:24 21273 6953
05:04:24 2622 6855
05:05:24 43449 7966
05:06:25 1507 3773
05:07:25 5379 5683
05:08:26 11518 6396
05:09:28 25961 4835
05:10:27 16608 5937
05:11:31 2733 5681
05:12:28 2462 1122
05:13:31 18767 5980
05:14:30 37828 6329
05:15:29 19728 2969
05:16:29 7422 5762
05:17:33 8383 2969
05:18:32 1305 1173
05:19:32 9914 2128
05:20:32 2631 3926
05:21:33 2665 3663
05:22:33 13024 5310
05:23:33 18573 11452
05:24:33 9513 4622
05:25:33 3468 4033
05:26:34 41242 4179
05:27:34 30507 6414
05:28:34 173430 11664
05:29:35 2882 1786
05:30:35 61227 4369
05:31:35 9714 6003
05:32:36 21637 10803
05:33:36 27290 4000
05:34:37 426 692
05:35:37 2917 5190
05:36:38 29655 2859
05:37:38 13156 4896
05:38:39 2978 4750
05:39:39 27234 6483
05:40:40 52822 4584
05:41:40 18723 5769
05:42:40 27488 6654
05:43:41 43015 3865
05:44:41 32616 6846
05:45:42 67441 11329
05:46:42 8774 2638
05:47:42 10974 13390
05:48:43 14617 5556
05:49:43 1151 1576
05:50:44 23688 3652
05:51:44 25938 8031
05:52:45 5658 1028
05:53:45 2153 4127
05:54:45 85157 10538
05:55:46 227 254
05:56:46 125 424
05:57:47 5949 4800
05:58:47 19008 6565
05:59:48 15031 2300
06:00:48 16302 1989
06:01:49 3050 4585
06:02:49 12309 6815
06:03:49 631 1180
06:04:50 11435 3716
06:05:50 110430 10076
06:06:51 2874 4712
06:07:51 29730 4976
06:08:52 588 688
06:09:52 503 1517
06:10:52 5331 5982
06:11:53 81196 2723
06:12:53 90601 5398
06:13:54 75015 9363
06:14:54 31581 6406
06:15:54 59557 4194
06:16:55 33400 10351
06:17:55 2899 5028
06:18:56 2609 4637
06:19:56 285 844
06:20:57 5583 4459
06:21:57 21069 6266
06:22:57 20075 5314
06:23:58 7203 4829
06:24:59 50807 5185
06:25:59 54273 9035
06:26:59 18499 8754
06:27:59 22380 7740
06:29:00 4650 1077
06:30:00 84000 5448
06:31:01 47740 9725
06:32:01 72626 9773
06:33:01 42029 3559
06:34:02 15154 3986
06:35:02 18582 5792
06:36:03 9199 942
06:37:03 18174 1835
06:38:04 45032 6566
06:39:04 14427 8250
06:40:04 91576 8655
06:41:05 125 604
06:42:05 17491 6330
06:43:06 37683 5562
06:44:06 16434 6582
06:45:07 2880 5323
06:46:07 13321 3114
06:47:08 36593 2161
06:48:08 242394 13745
06:49:08 1743 2521
06:50:09 2883 4438
06:51:09 2313 4193
06:52:10 17798 6339
06:53:10 53503 6758
06:54:11 7393 2018
06:55:11 3763 5785
06:56:11 28955 4561
06:57:12 9290 3406
06:58:12 26553 4183
06:59:13 254352 31133
07:00:13 33155 7601
07:01:14 155648 16278
07:02:14 95939 6103
07:03:15 729 1192
07:04:15 99703 4137
07:05:15 19226 8802
07:06:16 31746 5509
07:07:16 6238 5208
07:08:17 52879 8982
07:09:17 38075 6387
07:10:18 3780 6066
07:11:18 16983 2792
07:12:19 29773 4834
07:13:19 18951 2178
07:14:20 129762 7029
07:15:20 43294 5903
07:16:20 86651 6909
07:17:21 55783 4811
07:18:21 16413 3851
07:19:22 532 1108
07:20:22 2136 1324
07:21:23 14486 1694
07:22:23 995 1029
07:23:23 31530 2259
07:24:24 32402 3218
07:25:24 126652 7337
07:26:25 30206 3468
07:27:25 37806 2080
07:28:26 45323 3651
07:29:26 18102 2227
07:30:26 17832 3479
07:31:27 47512 3670
07:32:27 51664 4538
07:33:28 103806 27458
07:34:28 72385 3771
07:35:28 33735 3920
07:36:29 15011 2058
07:37:29 53284 5970
07:38:30 52166 4195
07:39:30 16468 1781
07:40:31 509 482
07:41:31 657803 28584
07:42:32 49143 5130
07:43:32 28488 3763
07:44:32 28768 3207
07:45:33 33281 4570
07:46:33 13654 2880
07:47:34 4360 1613
07:48:34 28360 3511
07:49:35 36311 6053
07:50:35 42249 2905
07:51:36 27655 3013
07:52:36 71268 5781
07:53:36 78664 5450
07:54:37 35358 6368
07:55:37 59417 7858
07:56:38 404 1130
07:57:38 334 1252
07:58:38 699 1966
07:59:38 654058 32190
08:00:39 17451 2111
08:01:40 32939 3174
08:02:40 179 606
08:03:40 67482 4435
08:04:40 31674 14264
08:05:41 56200 6286
08:06:41 46309 6404
08:07:41 59273 3656
08:08:42 51656 5249
08:09:42 23027 3538
08:10:42 129090 10102
08:11:43 64895 7097
08:12:43 480593 30431
08:13:43 31524 3482
08:14:44 7336 1301
08:15:44 50296 4373
08:16:44 50551 3521
08:17:45 56389 4449
08:18:45 492 692
08:19:46 92229 6688
08:20:46 21636 2623
08:21:47 618 1060
08:22:47 15478 2107
08:23:47 38482 2939
08:24:47 44283 4811
08:25:48 77734 9139
08:26:48 42120 5750
08:27:49 501989 23749
08:28:49 52083 5522
08:29:49 34044 5154
08:30:49 93957 6224
08:31:50 4805 665
08:32:50 8416 1229
08:33:50 91685 5796
08:34:51 20903 2408
08:35:51 111677 8997
08:36:51 26781 4218
08:37:52 2713 995
08:38:52 565852 30719
08:39:53 83536 5669
08:40:53 31163 3973
08:41:53 531 644
08:42:53 43957 4915
08:43:54 48005 3789
08:44:54 17063 2836
08:45:54 467 890
08:46:55 201170 9872
08:47:55 42089 4118
08:48:55 66562 9222
08:49:56 43173 9251
08:50:56 40249 2094
08:51:57 442657 23768
08:52:57 242878 10293
08:53:57 14666 1552
08:54:57 6288 3673
08:55:58 83600 4764
08:56:58 31659 8902
08:57:59 324632 15410
08:58:59 206975 11873
09:00:00 69771 12766
09:01:03 102578 11024
09:02:00 28819 3832
09:03:01 1064211 61476
09:04:01 17460 2288
09:05:01 260628 16276
09:06:02 33717 4623
09:07:02 45047 3822
09:08:02 216710 51301
09:09:03 74562 5939
09:10:03 118437 8591
09:11:03 354376 11243
09:12:04 94400 8639
09:13:04 29308 2871
09:14:04 13211 1383
09:15:05 132805 47180
09:16:05 28668 8231
09:17:05 414593 26582
09:18:06 10401 16629
09:19:06 25601 29936
09:20:07 23230 15432
09:21:07 354887 34418
09:22:07 35145 3962
09:23:08 32046 16236
09:24:08 31771 2747
09:25:08 39481 6549
09:26:09 31436 12849
09:27:09 58905 4763
09:28:10 267961 14720
09:29:10 225147 11131
09:30:11 11976 2166
09:31:11 43797 4332
09:32:11 2496 5889
09:33:12 65535 8018
09:34:12 690763 28386
09:35:12 40699 6670
09:36:13 413 672
09:37:13 478 710
09:38:13 77311 4683
09:39:14 205997 15635
09:40:14 50710 15316
09:41:14 15547 4553
09:42:14 30636 4389
09:43:15 9304 1100
09:44:15 1759 2369
09:45:15 216830 10494
09:46:16 96304 8479
09:47:16 15487 2629
09:48:17 45061 4352
09:49:17 5098 1855
09:50:17 27779 4893
09:51:18 115427 13829
09:52:18 48527 7860
09:53:18 23314 2038
09:54:18 12589 3411
09:55:19 608 995
09:56:19 1953 1924
09:57:20 30565 3421
09:58:20 29427 5234
09:59:21 153934 6598
10:00:21 26977 3436
10:01:22 109989 6293
10:02:22 24968 3391
10:03:22 36015 3157
10:04:23 635 2374
10:05:23 102573 7217
10:06:23 394866 16415
10:07:24 220183 7853
10:08:24 2416 2074
10:09:24 52979 9347
10:10:25 5931 3950
10:11:25 142071 11200
10:12:28 67859 5378
10:13:26 3039 2581
10:14:26 168370 6567
10:15:26 9132 2794
10:16:26 8746 1366
10:17:27 14992 1380
10:18:27 10738 804
10:19:27 26944 3268
10:20:28 37624 11371
10:21:28 6032 2957
10:22:28 17791 1320
10:23:29 96450 12703
10:24:29 42704 1935
10:25:29 29847 4051
10:26:30 66156 7677
