00:01:46 1
00:02:00 1
00:02:57 1
00:04:03 1
00:04:58 1
00:05:59 1
00:07:12 1
02:00:04 1
02:01:05 1
02:02:05 1
02:03:06 1
02:04:06 1
02:05:07 1
02:06:14 1
02:07:08 1
02:08:08 1
02:09:09 1
02:10:09 1
02:11:08 -1
02:12:10 1
02:13:10 1
02:14:10 1
02:15:11 1
02:16:11 1
02:17:12 1
02:18:12 1
02:19:13 1
02:20:13 1
02:21:14 1
02:22:14 1
02:23:14 1
02:24:15 1
02:25:15 1
02:26:16 1
02:27:16 1
02:28:16 1
02:29:17 1
02:30:17 1
02:31:18 1
02:32:18 1
02:33:19 1
02:34:19 1
02:35:19 1
02:36:20 1
02:37:20 1
02:38:21 1
02:39:21 1
02:40:22 1
02:41:22 1
02:42:22 1
02:43:23 1
02:44:24 1
02:45:24 1
02:46:24 1
02:47:24 1
02:48:25 1
02:49:25 1
02:50:26 1
02:51:26 1
02:52:26 1
02:53:27 1
02:54:27 1
02:55:28 1
02:56:28 1
02:57:29 1
02:58:29 1
02:59:30 1
03:00:30 1
03:01:31 1
03:02:31 1
03:03:31 1
03:04:32 1
03:05:32 1
03:06:33 1
03:07:33 1
03:08:34 1
03:09:34 1
03:10:35 1
03:11:35 1
03:12:36 1
03:13:36 1
03:14:36 1
03:15:37 1
03:16:37 1
03:17:38 1
03:18:38 1
03:19:39 1
03:20:39 1
03:21:40 1
03:22:40 1
03:23:40 1
03:24:41 1
03:25:41 1
03:26:42 1
03:27:42 1
03:28:43 1
03:29:43 1
03:30:43 1
03:31:44 1
03:32:45 1
03:33:45 1
03:34:46 1
03:35:46 1
03:36:47 1
03:37:47 1
03:38:48 1
03:39:48 1
03:40:49 1
03:41:49 1
03:42:49 1
03:43:50 1
03:44:50 1
03:45:51 1
03:46:51 1
03:47:52 1
03:48:52 1
03:49:53 1
03:50:53 1
03:51:53 1
03:52:54 1
03:53:54 1
03:54:55 1
03:55:55 1
03:56:56 1
03:57:56 1
03:58:57 1
03:59:57 1
04:00:58 1
04:01:58 1
04:02:58 1
04:03:59 1
04:04:59 1
04:06:00 1
04:07:00 1
04:08:01 1
04:09:01 1
04:10:02 1
04:11:02 1
04:12:02 1
04:13:03 1
04:14:03 1
04:15:04 1
04:16:04 1
04:17:24 -1
04:18:05 1
04:19:05 1
04:20:06 1
04:21:06 1
04:22:07 1
04:23:07 1
04:24:07 1
04:25:08 1
04:26:09 1
04:27:09 1
04:28:09 1
04:29:09 1
04:30:10 1
04:31:10 1
04:32:11 1
04:33:11 1
04:34:11 1
04:35:15 1
04:36:12 1
04:37:15 1
04:38:13 1
04:39:14 1
04:40:17 1
04:41:15 1
04:42:15 1
04:43:16 1
04:44:16 1
04:45:16 1
04:46:17 1
04:47:17 1
04:48:18 1
04:49:18 1
04:50:18 1
04:51:19 1
04:52:19 1
04:53:20 1
04:54:23 1
04:55:20 1
04:56:24 1
04:57:24 1
04:58:24 1
04:59:26 1
05:00:23 1
05:01:26 1
05:02:26 1
05:03:24 1
05:04:24 1
05:05:25 1
05:06:25 1
05:07:27 1
05:08:26 1
05:09:26 1
05:10:30 1
05:11:27 1
05:12:28 1
05:13:28 1
05:14:29 1
05:15:32 1
05:16:33 1
05:17:30 1
05:18:30 1
05:19:31 1
05:20:31 1
05:21:32 1
05:22:32 1
05:23:34 1
05:24:33 1
05:25:33 1
05:26:34 1
05:27:34 1
05:28:34 1
05:29:35 1
05:30:35 1
05:31:36 1
05:32:36 1
05:33:36 1
05:34:39 1
05:35:37 1
05:36:40 1
05:37:38 1
05:38:39 1
05:39:39 1
05:40:43 1
05:41:44 1
05:42:44 1
05:43:44 1
05:44:41 1
05:45:44 1
05:46:44 1
05:47:43 1
05:48:43 1
05:49:43 1
05:50:46 1
05:51:44 1
05:52:45 1
05:53:47 1
05:54:49 1
05:55:49 1
05:56:49 1
05:57:50 1
05:58:49 1
05:59:51 1
06:00:49 1
06:01:51 1
06:02:49 1
06:03:53 1
06:04:53 1
06:05:50 1
06:06:51 1
06:07:51 1
06:08:52 1
06:09:55 1
06:10:54 1
06:11:55 1
06:12:53 1
06:13:54 1
06:14:54 1
06:15:55 1
06:16:55 1
06:17:55 1
06:18:58 1
06:19:56 1
06:20:59 1
06:22:01 1
06:22:58 1
06:24:01 1
06:24:59 1
06:26:02 1
06:26:59 1
06:28:00 1
06:29:00 1
06:30:00 1
06:31:01 1
06:32:01 1
06:33:02 1
06:34:02 1
06:35:03 1
06:36:03 1
06:37:03 1
06:38:04 1
06:39:07 1
06:40:08 1
06:41:07 1
06:42:05 1
06:43:06 1
06:44:06 1
06:45:07 1
06:46:07 1
06:47:08 1
06:48:08 1
06:49:09 1
06:50:09 1
06:51:10 1
06:52:10 1
06:53:10 1
06:54:11 1
06:55:11 1
06:56:11 1
06:57:12 1
06:58:13 1
06:59:13 1
07:00:13 1
07:01:14 1
07:02:14 1
07:03:15 1
07:04:15 1
07:05:16 1
07:06:16 1
07:07:16 1
07:08:17 1
07:09:17 1
07:10:18 1
07:11:18 1
07:12:19 1
07:13:19 1
07:14:20 1
07:15:20 1
07:16:21 1
07:17:21 1
07:18:22 1
07:19:22 1
07:20:22 1
07:21:23 1
07:22:23 1
07:23:24 1
07:24:24 1
07:25:24 1
07:26:25 1
07:27:25 1
07:28:26 1
07:29:26 1
07:30:26 1
07:31:27 1
07:32:27 1
07:33:28 1
07:34:28 1
07:35:29 1
07:36:29 1
07:37:30 1
07:38:30 1
07:39:30 1
07:40:31 1
07:41:31 1
07:42:32 1
07:43:32 1
07:44:33 1
07:45:33 1
07:46:34 1
07:47:34 1
07:48:34 1
07:49:35 1
07:50:35 1
07:51:36 1
07:52:36 1
07:53:36 1
07:54:37 1
07:55:37 1
07:56:38 1
07:57:38 1
07:58:38 1
07:59:39 1
08:00:39 1
08:01:40 1
08:02:40 1
08:03:40 1
08:04:41 1
08:05:46 1
08:06:41 1
08:07:41 1
08:08:42 1
08:09:42 1
08:10:42 1
08:11:43 1
08:12:43 1
08:13:43 1
08:14:44 1
08:15:44 1
08:16:44 1
08:17:46 1
08:18:45 1
08:19:46 1
08:20:46 1
08:21:47 1
08:22:47 1
08:23:47 1
08:24:48 1
08:25:48 1
08:26:48 1
08:27:49 1
08:28:49 1
08:29:50 1
08:30:50 1
08:31:50 1
08:32:50 1
08:33:51 1
08:34:51 1
08:35:51 1
08:36:52 1
08:37:52 1
08:38:52 1
08:39:53 1
08:40:53 1
08:41:53 1
08:42:54 1
08:43:54 1
08:44:54 1
08:45:55 1
08:46:55 1
08:47:55 1
08:48:55 1
08:49:56 1
08:50:56 1
08:51:56 1
08:52:57 1
08:53:57 1
08:54:57 1
08:55:58 1
08:56:58 1
08:57:59 1
08:58:59 1
09:00:00 1
09:01:03 1
09:02:01 1
09:03:01 1
09:04:01 1
09:05:02 1
09:06:02 1
09:07:02 1
09:08:02 1
09:09:03 1
09:10:03 1
09:11:03 1
09:12:04 1
09:13:04 1
09:14:04 1
09:15:05 1
09:16:05 1
09:17:05 1
09:18:06 1
09:19:06 1
09:20:07 1
09:21:10 1
09:22:07 1
09:23:08 1
09:24:13 1
09:25:08 1
09:26:09 1
09:27:10 1
09:28:10 1
09:29:11 1
09:30:11 1
09:31:11 1
09:32:11 1
09:33:12 1
09:34:12 1
09:35:12 1
09:36:13 1
09:37:13 1
09:38:13 1
09:39:14 1
09:40:14 1
09:41:14 1
09:42:15 1
09:43:15 1
09:44:15 1
09:45:15 1
09:46:16 1
09:47:16 1
09:48:17 1
09:49:17 1
09:50:17 1
09:51:18 1
09:52:18 1
09:53:18 1
09:54:19 1
09:55:19 1
09:56:19 1
09:57:20 1
09:58:20 1
09:59:21 1
10:00:22 1
10:01:22 1
10:02:22 1
10:03:23 1
10:04:23 1
10:05:23 1
10:06:23 1
10:07:24 1
10:08:24 1
10:09:24 1
10:10:25 1
10:11:25 1
10:12:25 1
10:13:26 1
10:14:26 1
10:15:26 1
10:16:27 1
10:17:27 1
10:18:27 1
10:19:28 1
10:20:29 1
10:21:28 1
10:22:29 1
10:23:29 1
10:24:29 1
10:25:29 1
10:26:30 1
