00:01:09 19261 19489
00:01:58 25382 4251
00:02:57 31705 3453
00:04:03 100839 18606
00:04:58 1057966 23585
00:05:59 1006948 25220
00:07:12 25445 10557
02:00:04 47268 12502
02:01:05 124760 12219
02:02:05 261108 18068
02:03:06 17274 11157
02:04:06 7698 2717
02:05:07 16832 2625
02:06:14 24261 2866
02:07:08 315870 21419
02:08:08 227908 22351
02:09:09 73079 31975
02:10:09 28361 18870
02:11:08 -1 -1
02:12:10 51152 6306
02:13:10 910 988
02:14:10 43639 11314
02:15:11 32196 1425
02:16:11 12472 8036
02:17:12 11258 12423
02:18:12 25497 18921
02:19:13 137953 16648
02:20:13 84032 7392
02:21:14 10927 10975
02:22:14 60846 5870
02:23:14 379295 18277
02:24:15 11108 12732
02:25:15 68275 13189
02:26:16 13375 10703
02:27:16 8944 1485
02:28:16 12895 14045
02:29:17 12331 2826
02:30:17 29722 2637
02:31:18 36633 6390
02:32:18 13018 18120
02:33:19 25794 3255
02:34:19 33870 4405
02:35:19 27758 30099
02:36:20 92063 10076
02:37:20 3211 1914
02:38:21 91912 7492
02:39:21 66415 8415
02:40:22 6948 3596
02:41:22 30061 7128
02:42:22 43895 21702
02:43:23 37907 7337
02:44:24 21524 4042
02:45:24 26110 5200
02:46:24 9210 10558
02:47:24 64042 4390
02:48:25 3571 662
02:49:25 414897 730269
02:50:26 25214 5776
02:51:26 750 974
02:52:26 156372 21575
02:53:27 61047 25308
02:54:27 540345 23114
02:55:28 2877 2027
02:56:28 247648 20456
02:57:29 43159 3498
02:58:29 30328 3786
02:59:30 16086 5394
03:00:30 94676 24867
03:01:31 4299 2067
03:02:31 53204 8585
03:03:31 317438 23936
03:04:32 6318 1037
03:05:32 27096 4012
03:06:33 53702 12953
03:07:33 37267 2810
03:08:34 1200 712
03:09:34 3547 647
03:10:35 16822 10012
03:11:35 74033 4012
03:12:36 4406 782
03:13:36 9681 12458
03:14:36 54625 4185
03:15:37 74128 10779
03:16:37 14226 802
03:17:38 15337 8262
03:18:38 393904 17019
03:19:39 86331 7021
03:20:39 7473 10063
03:21:40 209926 22657
03:22:40 121681 9145
03:23:40 12053 5996
03:24:41 21761 2840
03:25:41 1087 1159
03:26:42 15266 4085
03:27:42 52686 19415
03:28:43 35445 4152
03:29:43 82035 4053
03:30:43 7351 5692
03:31:44 55289 2710
03:32:45 41555 7651
03:33:45 25408 9412
03:34:46 24665 1804
03:35:46 1886 1456
03:36:47 27733 13582
03:37:47 19833 7698
03:38:48 80611 9216
03:39:48 242525 24864
03:40:49 66244 5716
03:41:49 88076 8642
03:42:49 144460 16203
03:43:50 13481 3681
03:44:50 4517 2889
03:45:51 10550 1234
03:46:51 36716 10420
03:47:52 82955 6582
03:48:52 65795 13955
03:49:53 31905 10898
03:50:53 74983 9331
03:51:53 106006 18408
03:52:54 40280 12083
03:53:54 199532 167401
03:54:55 125618 14713
03:55:55 447462 17272
03:56:56 406607 14560
03:57:56 12918 63378
03:58:57 20978 7020
03:59:57 49956 6504
04:00:58 7465 6832
04:01:58 83685 113536
04:02:58 630 1171
04:03:59 4968 6572
04:04:59 90749 3536
04:06:00 84836 12454
04:07:00 81213 22081
04:08:01 73540 4375
04:09:01 1902 1561
04:10:02 69846 13980
04:11:02 116544 170502
04:12:02 67366 3447
04:13:03 6771 1566
04:14:03 20678 9154
04:15:04 64994 7962
04:16:04 158180 13930
04:17:24 -1 -1
04:18:05 697 447
04:19:05 22239 7600
04:20:06 11271 4511
04:21:06 43387 5117
04:22:07 112368 21253
04:23:07 194695 25787
04:24:07 2584 1441
04:25:08 41459 5114
04:26:09 73655 10571
04:27:09 66360 11372
04:28:09 43794 3955
04:29:09 37527 3648
04:30:10 28898 4347
04:31:10 6957 18784
04:32:11 68188 4767
04:33:11 36423 14943
04:34:11 76347 4400
04:35:15 1248 1453
04:36:12 7312 10182
04:37:15 62776 5021
04:38:13 6609 1792
04:39:14 9490 9653
04:40:17 52144 13128
04:41:15 18010 22668
04:42:15 78134 8531
04:43:16 19388 20789
04:44:16 26533 17209
04:45:16 9231 1664
04:46:17 66788 17737
04:47:17 92333 8502
04:48:18 15430 2258
04:49:18 30863 8821
04:50:18 141760 11371
04:51:19 37430 4466
04:52:19 10177 2216
04:53:20 71462 14640
04:54:23 25229 5329
04:55:20 121328 16973
04:56:24 143340 32496
04:57:24 76506 8742
04:58:24 22105 2984
04:59:26 35961 9447
05:00:23 375729 25481
05:01:26 77758 13550
05:02:26 26782 5545
05:03:24 140347 38630
05:04:24 3484 4570
05:05:25 141081 14690
05:06:25 471574 32177
05:07:27 117448 18438
05:08:26 59986 3194
05:09:26 20857 11530
05:10:30 66015 22522
05:11:27 71380 12462
05:12:28 765119 47700
05:13:28 25939 6581
05:14:29 156225 21023
05:15:32 29505 7715
05:16:33 12396 14938
05:17:30 49971 7871
05:18:30 13919 2133
05:19:31 35450 21534
05:20:31 25455 8646
05:21:32 24004 3245
05:22:32 452141 39601
05:23:34 22082 13304
05:24:33 19414 1898
05:25:33 127446 20315
05:26:34 47172 20345
05:27:34 50876 3585
05:28:34 32100 2773
05:29:35 10134 14264
05:30:35 14398 7365
05:31:36 793 679
05:32:36 92516 9527
05:33:36 20806 11377
05:34:39 40592 19985
05:35:37 78338 24741
05:36:40 1297492 41616
05:37:38 3334 3878
05:38:39 10507 9304
05:39:39 47168 4974
05:40:43 17175 11427
05:41:44 10020 12825
05:42:44 50126 3402
05:43:44 21243 11606
05:44:41 63604 38782
05:45:44 45832 7916
05:46:44 2893747 62805
05:47:43 94873 29508
05:48:43 15084 21562
05:49:43 86696 4064
05:50:46 39275 5772
05:51:44 37300 9603
05:52:45 117292 15285
05:53:47 5557 7973
05:54:49 71858 45305
05:55:49 83386 20357
05:56:49 48855 14955
05:57:50 51561 16195
05:58:49 83328 4767
05:59:51 10390 1913
06:00:49 103937 32393
06:01:51 61300 10985
06:02:49 4469 6695
06:03:53 97287 16476
06:04:53 111590 27766
06:05:50 35442 6064
06:06:51 146098 51567
06:07:51 95924 14524
06:08:52 59634 7257
06:09:55 89688 20729
06:10:54 95482 22318
06:11:55 75305 5937
06:12:53 29300 13215
06:13:54 65865 24440
06:14:54 191186 233501
06:15:55 209119 8266
06:16:55 73418 34800
06:17:55 70727 13466
06:18:58 240 372
06:19:56 14851 19144
06:20:59 6039 8074
06:22:01 70084 17004
06:22:58 19276 19440
06:24:01 12333 4066
06:24:59 59303 7080
06:26:02 569031 40449
06:26:59 25970 8692
06:28:00 29127 9690
06:29:00 45929 20089
06:30:00 38732 13231
06:31:01 3392 4894
06:32:01 84180 35961
06:33:02 28126 10649
06:34:02 2824 3832
06:35:03 30928 8508
06:36:03 15843 11047
06:37:03 33323 11811
06:38:04 21251 7742
06:39:07 68511 12756
06:40:08 48859 7191
06:41:07 232558 14401
06:42:05 15645 21988
06:43:06 13564 9845
06:44:06 9131 8806
06:45:07 35358 32295
06:46:07 64899 9677
06:47:08 310982 25524
06:48:08 126529 29569
06:49:09 3680 4935
06:50:09 270990 12297
06:51:10 114341 13419
06:52:10 125303 26443
06:53:10 59761 7955
06:54:11 2995 3842
06:55:11 345111 18444
06:56:11 17094 19026
06:57:12 276748 21994
06:58:13 88556 43087
06:59:13 307724 22070
07:00:13 232580 13454
07:01:14 77183 30229
07:02:14 43488 9712
07:03:15 65543 2930
07:04:15 18666 26101
07:05:16 23316 4863
07:06:16 74986 12550
07:07:16 6106 7035
07:08:17 41162 9444
07:09:17 133445 27466
07:10:18 76169 14092
07:11:18 55733 14561
07:12:19 93233 9710
07:13:19 895388 24129
07:14:20 26704 5965
07:15:20 47677 13296
07:16:21 18892 11809
07:17:21 13997 10543
07:18:22 512115 26492
07:19:22 571 1304
07:20:22 154461 31436
07:21:23 1962 895
07:22:23 119810 65240
07:23:24 31554 71544
07:24:24 225976 27349
07:25:24 68083 8391
07:26:25 99135 24287
07:27:25 65175 26929
07:28:26 107657 19568
07:29:26 1010 1984
07:30:26 72920 47354
07:31:27 374217 17701
07:32:27 958729 44738
07:33:28 17768 2275
07:34:28 31513 4609
07:35:29 184022 16783
07:36:29 220561 75517
07:37:30 40880 11216
07:38:30 324903 33824
07:39:30 440013 54645
07:40:31 89013 4482
07:41:31 40753 9940
07:42:32 36208 16771
07:43:32 74544 7621
07:44:33 75622 5722
07:45:33 29149 8676
07:46:34 366975 18735
07:47:34 1375643 60127
07:48:34 444186 36675
07:49:35 404427 24477
07:50:35 17151 3786
07:51:36 61911 10841
07:52:36 45887 22218
07:53:36 332715 19281
07:54:37 359248 30902
07:55:37 103124 24419
07:56:38 440018 50605
07:57:38 198230 32686
07:58:38 661899 23991
07:59:39 73662 24050
08:00:39 92956 13086
08:01:40 634328 30064
08:02:40 688471 83529
08:03:40 149716 11747
08:04:41 250981 25310
08:05:46 208550 68897
08:06:41 281775 23986
08:07:41 80767 13156
08:08:42 210567 20494
08:09:42 54933 11800
08:10:42 62036 7763
08:11:43 377731 41255
08:12:43 59709 10705
08:13:43 484408 20852
08:14:44 37640 12481
08:15:44 448044 21929
08:16:44 347226 21920
08:17:46 63743 6233
08:18:45 736499 29176
08:19:46 272278 12909
08:20:46 101008 8735
08:21:47 268862 16697
08:22:47 77078 19102
08:23:47 233660 10945
08:24:48 139764 15979
08:25:48 340374 22943
08:26:48 4429 2531
08:27:49 33855 10198
08:28:49 162885 15422
08:29:50 92173 7270
08:30:50 227189 41178
08:31:50 141168 12059
08:32:50 64390 7843
08:33:51 124360 19792
08:34:51 169206 12693
08:35:51 20945 3629
08:36:52 96950 7829
08:37:52 228143 41136
08:38:52 257009 18650
08:39:53 84978 4712
08:40:53 565961 45085
08:41:53 65889 7762
08:42:54 67237 4226
08:43:54 135510 19638
08:44:54 164574 32840
08:45:55 236413 8926
08:46:55 54149 34391
08:47:55 144704 61071
08:48:55 70357 6361
08:49:56 677209 153229
08:50:56 132930 9033
08:51:56 235002 93526
08:52:57 12311 15876
08:53:57 846571 46116
08:54:57 256482 118157
08:55:58 165594 24683
08:56:58 67644 18531
08:57:59 127489 7852
08:58:59 28774 2002
09:00:00 484323 23232
09:01:03 440927 32563
09:02:01 41209 8994
09:03:01 84364 12293
09:04:01 401251 25168
09:05:02 25766 6330
09:06:02 330326 38789
09:07:02 76574 6519
09:08:02 1075664 279196
09:09:03 113575 18149
09:10:03 37693 3727
09:11:03 304895 17313
09:12:04 1329082 61590
09:13:04 418654 20350
09:14:04 622169 36525
09:15:05 157592 39759
09:16:05 646351 43330
09:17:05 505557 19881
09:18:06 93479 7055
09:19:06 153442 19780
09:20:07 101064 13664
09:21:10 10640 3117
09:22:07 131851 44176
09:23:08 21777 4902
09:24:13 874752 119292
09:25:08 589942 23855
09:26:09 357751 47672
09:27:10 283467 25184
09:28:10 68990 24780
09:29:11 198687 19807
09:30:11 78030 8405
09:31:11 72818 5239
09:32:11 433331 30270
09:33:12 684472 25128
09:34:12 1081135 28606
09:35:12 375463 40194
09:36:13 101506 18516
09:37:13 566705 18126
09:38:13 44871 15847
09:39:14 158355 19445
09:40:14 110319 7993
09:41:14 368639 22485
09:42:15 290363 45316
09:43:15 240492 115187
09:44:15 85561 8517
09:45:15 18718 20940
09:46:16 59531 30508
09:47:16 1329978 88667
09:48:17 510030 27738
09:49:17 785285 26613
09:50:17 115203 35333
09:51:18 126813 8404
09:52:18 267327 17892
09:53:18 537414 37041
09:54:19 473372 35855
09:55:19 509607 24807
09:56:19 546638 27492
09:57:20 225689 21753
09:58:20 366907 181792
09:59:21 1025583 32673
10:00:22 68496 19943
10:01:22 244574 9489
10:02:22 618901 21061
10:03:23 1099616 55347
10:04:23 728953 23004
10:05:23 547360 29516
10:06:23 35921 33964
10:07:24 145079 33102
10:08:24 299881 40933
10:09:24 80986 14346
10:10:25 32023 23207
10:11:25 345702 19091
10:12:25 538415 38446
10:13:26 165277 24435
10:14:26 112341 18518
10:15:26 145794 10130
10:16:27 92803 35295
10:17:27 122885 5645
10:18:27 298320 18092
10:19:28 89089 6575
10:20:28 1395156 180845
10:21:28 896531 41112
10:22:29 291566 51205
10:23:29 1152809 58439
10:24:29 798321 34889
10:25:29 354107 91083
10:26:30 110431 29174
