00:01:17 327710 35565
00:01:58 969085 82374
00:02:58 1351405 96095
00:04:03 934053 62631
00:05:02 509114 43748
00:06:06 -1 -1
00:07:12 324853 33267
02:00:04 193934 90889
02:01:05 37945 13643
02:02:05 104506 18227
02:03:06 35859 18482
02:04:06 133098 12578
02:05:07 512755 44422
02:06:07 303299 35147
02:07:07 126515 37078
02:08:08 30607 350465
02:09:08 198821 26055
02:10:09 32181 18891
02:11:09 73157 12859
02:12:10 116879 11698
02:13:10 78798 12863
02:14:10 298844 23032
02:15:11 38376 35074
02:16:11 35133 8516
02:17:12 179851 25504
02:18:12 176681 22799
02:19:13 31480 10969
02:20:13 189294 34272
02:21:13 8804 3046
02:22:14 95729 28395
02:23:14 70520 43180
02:24:15 3439 5923
02:25:15 280557 33354
02:26:16 45630 6333
02:27:16 62703 13076
02:28:16 40735 14841
02:29:17 132421 10979
02:30:17 208520 26512
02:31:18 411341 10487263
02:32:18 35930 8756
02:33:18 89119 8052
02:34:19 105044 26765
02:35:19 21988 3700
02:36:20 96715 37366
02:37:20 110630 70643
02:38:21 171736 28446
02:39:21 47904 11142
02:40:21 218085 86940
02:41:22 86411 16939
02:42:22 14846 6669
02:43:23 211496 18415
02:44:23 170451 14184
02:45:23 66815 8578
02:46:24 43153 6683
02:47:24 11361 3439
02:48:25 1050494 34642
02:49:25 127374 45842
02:50:25 252698 21945
02:51:26 37682 5227
02:52:26 133467 11008
02:53:27 32656 3288
02:54:27 38416 13089
02:55:28 195559 14114
02:56:28 164415 44592
02:57:29 300502 13790
02:58:29 121950 27163
02:59:30 80497 14695
03:00:30 329543 20077
03:01:30 20611 8880
03:02:31 569002 30378
03:03:31 108466 15818
03:04:32 38923 7151
03:05:32 77742 7148
03:06:33 1054810 34575
03:07:33 132783 16102
03:08:34 13055 4186
03:09:34 27540 10918
03:10:35 80613 25702
03:11:35 12479 3835
03:12:35 85840 27046
03:13:36 160741 19945
03:14:36 36144 9804
03:15:37 90036 14666
03:16:37 20334 3363
03:17:38 111508 18964
03:18:38 107987 26523
03:19:39 23449 9133
03:20:39 249757 11823522
03:21:39 107940 24978
03:22:40 201177 14648
03:23:40 28588 7717
03:24:41 108267 7230
03:25:41 32469 3145
03:26:42 58022 16773
03:27:42 16951 7894
03:28:43 35130 15631
03:29:43 300233 28773
03:30:43 58070 15403
03:31:44 47689 4173
03:32:44 5678 715
03:33:45 30053 5121
03:34:46 11169 7657
03:35:46 8114 2803
03:36:47 9269 1899
03:37:47 94037 27335
03:38:48 87594 30345
03:39:48 29909 8402
03:40:49 16655 3360
03:41:49 120712 19490
03:42:49 93107 15890
03:43:50 48584 5282
03:44:50 71206 32400
03:45:51 30015 8659
03:46:51 151638 24754
03:47:52 148590 14727
03:48:52 149286 22848
03:49:52 88938 566429
03:50:53 3910 940
03:51:53 17063 7719
03:52:54 302891 73279
03:53:54 368552 38754
03:54:55 45575 9887
03:55:55 96076 23987
03:56:56 54684 52798
03:57:56 301174 28704
03:58:57 21255 7984
03:59:57 256801 19477
04:00:58 148559 15467
04:01:58 141461 20930
04:03:00 97698 262505
04:03:59 110993 11696
04:04:59 57946 17537
04:06:00 29423 4534
04:07:00 9824 2315
04:08:01 79043 14396
04:09:01 234961 15791
04:10:01 67767 13385
04:11:02 62430 8728
04:12:02 349812 7714067
04:13:03 131317 9527
04:14:03 245987 44954
04:15:03 18545 54842
04:16:04 6699 2264
04:17:04 75901 18798
04:18:05 39985 11596
04:19:05 52808 6511
04:20:06 29549 58611
04:21:06 63524 58631
04:22:06 42198 21846
04:23:07 36038 261537
04:24:07 226912 16656
04:25:08 179419 21783
04:26:08 48906 17120
04:27:09 16018 2879
04:28:09 198842 7806565
04:29:11 8888 2174
04:30:10 16062 2921
04:31:10 56405 19423
04:32:11 168002 21656
04:33:11 313650 23299
04:34:11 8192 2755
04:35:12 54389 14738
04:36:12 192661 13420
04:37:14 51672 5760
04:38:13 61695 71068
04:39:14 209414 13853
04:40:14 72593 7963
04:41:15 264925 18809
04:42:15 169034 10315
04:43:15 28848 9591
04:44:16 67136 14497
04:45:16 343626 29575
04:46:17 281401 12076340
04:47:17 34209 5359
04:48:17 58454 11082
04:49:18 3069 55437
04:50:18 121868 7319
04:51:19 46850 7865
04:52:19 67962 13966
04:53:20 110107 27059
04:54:20 312772 4721370
04:55:20 34315 4084
04:56:21 22753 7925
04:57:21 47394 8232
04:58:22 26008 13482
04:59:22 5539 3609
05:00:23 62217 8910
05:01:23 81617 11650
05:02:23 181433 23922
05:03:26 63951 13304
05:04:24 171673 6955
05:05:25 61279 30487
05:06:25 142032 12396
05:07:25 28749 2298
05:08:26 71882 23063
05:09:26 190457 33908
05:10:27 56137 19780
05:11:27 331307 28615
05:12:28 62659 19277
05:13:28 20063 5166
05:14:28 69556 13141
05:15:29 54737 11028
05:16:29 112571 10708
05:17:30 46976 8546
05:18:30 10760 1636
05:19:31 184379 23542
05:20:31 208791 19050
05:21:31 99195 21589
05:22:32 47511 8526
05:23:32 97747 17703
05:24:34 83865 9587
05:25:35 20392 4607
05:26:34 112310 13431
05:27:34 390336 32256
05:28:34 21280 6912
05:29:37 134316 24892
05:30:35 23955 5516
05:31:36 227716 19208
05:32:36 98725 6883
05:33:36 10005 7060
05:34:37 15788 8621
05:35:37 31770 6355
05:36:38 82702 8385
05:37:38 16108 7057
05:38:39 121232 4997025
05:39:39 145181 31190
05:40:40 119455 5464
05:41:40 504942 27325
05:42:40 118456 18310
05:43:41 27575 7301
05:44:41 53724 10828
05:45:42 90375 9557
05:46:42 64744 8832
05:47:42 35132 4539
05:48:43 61780 45947
05:49:43 21647 6470
05:50:44 14396 4555
05:51:44 20964 5308
05:52:45 90475 9876
05:53:45 157514 41612
05:54:45 76659 12570
05:55:46 191753 14549
05:56:46 29964 7993
05:57:47 83656 11604
05:58:47 49553 10110
05:59:48 30677 11110
06:00:48 25985 8558
06:01:49 242601 19105
06:02:49 58058 18407
06:03:49 41854 8967
06:04:50 19322 6872
06:05:50 123098 9695
06:06:51 67867 16808
06:07:51 98671 28462
06:08:52 481854 9932572
06:09:52 33713 15425
06:10:52 111967 14355
06:11:53 5771 2376
06:12:53 150014 22418
06:13:54 132246 13628
06:14:54 49216 18210
06:15:55 97101 20467
06:16:55 23558 3314
06:17:55 29129 7047
06:18:56 114929 31472
06:19:56 68789 11857
06:20:57 21015 6008
06:21:57 184821 23337
06:22:57 26180 8248
06:23:58 53506 23602
06:24:58 55932 12384
06:25:59 101603 26796
06:26:59 65944 14933
06:28:00 92645 15088
06:29:00 188809 40573
06:30:00 164935 17065
06:31:01 72160 18759
06:32:01 93496 12933
06:33:02 79927 19391
06:34:02 96855 22521
06:35:02 249021 15521
06:36:03 55338 11985
06:37:03 53076 11615
06:38:04 81990 17795
06:39:04 53980 12336
06:40:05 38710 10664
06:41:05 84791 24770
06:42:05 207843 15317
06:43:06 65627 17876
06:44:06 105774 21254
06:45:07 51178 16525
06:46:07 74201 32719
06:47:08 102248 37554
06:48:08 135095 39173
06:49:08 53728 8615
06:50:09 233129 30471
06:51:09 83273 21520
06:52:10 303870 28865
06:53:10 85266 28973
06:54:11 68292 12080
06:55:11 10226 5138
06:56:11 185638 42615
06:57:12 68045 5925
06:58:12 59816 13533
06:59:13 74139 10598
07:00:13 334265 23028
07:01:14 185866 19550
07:02:14 28950 3946
07:03:15 216080 16243
07:04:15 146432 15825
07:05:15 47593 8551
07:06:16 46688 10284
07:07:16 24685 4967
07:08:17 118326 15395
07:09:17 71711 14007
07:10:18 46246 10830
07:11:18 389482 28272
07:12:19 64089 19634
07:13:19 472430 23734
07:14:20 286788 46168
07:15:20 346153 43809
07:16:21 178839 17658
07:17:21 123630 26473
07:18:21 85910 17005
07:19:22 26151 10737
07:20:22 59535 17149
07:21:23 236345 24320
07:22:23 161295 22897
07:23:24 219272 20173
07:24:24 112749 21147
07:25:24 38582 15411
07:26:25 271410 21366
07:27:25 56853 10711
07:28:26 9617 3525
07:29:26 130886 28155
07:30:26 47489 11061
07:31:27 103578 26672
07:32:27 95418 19856
07:33:28 49577 11603
07:34:28 44171 7512
07:35:29 386108 24228
07:36:29 247385 10037388
07:37:29 69142 34391
07:38:30 543606 36405
07:39:30 68165 10344
07:40:31 80139 9866
07:41:31 111934 15517
07:42:32 107466 15022
07:43:32 40652 82940
07:44:33 72888 13796
07:45:33 326997 30612
07:46:33 258160 26968
07:47:34 19949 5639
07:48:34 17218 8556
07:49:35 76075 14724
07:50:35 341572 14994
07:51:36 49538 14267
07:52:36 220454 17568
07:53:36 86200 10096
07:54:37 43755 12795
07:55:37 127883 13178
07:56:38 141615 11847
07:57:38 50950 17003
07:58:38 130014 27819
07:59:39 103156 20291
08:00:39 223134 16468
08:01:40 375152 23990
08:02:40 40171 6679
08:03:40 238034 25825
08:04:41 306533 17118
08:05:41 93004 24324
08:06:41 219953 8634
08:07:41 506312 54928
08:08:42 409998 22985
08:09:42 174085 27071
08:10:42 97434 10712
08:11:43 65352 27067
08:12:43 305244 26788
08:13:43 185498 30585
08:14:44 106744 19835
08:15:44 127421 22558
08:16:44 186802 43378
08:17:45 233246 11878
08:18:46 287722 42575
08:19:47 243146 24380
08:20:47 183384 31265
08:21:48 70830 14277
08:22:48 252978 25326
08:23:48 174862 20903
08:24:49 269497 18883
08:25:49 128778 33889
08:26:49 1067228 46544
08:27:50 109796 7756
08:28:50 601479 50467
08:29:50 135916 23527
08:30:51 163843 19101
08:31:51 86869 18534
08:32:54 142279 20838
08:33:52 85506 16928
08:34:52 627378 48984
08:35:52 225975 13960
08:36:53 168512 50750
08:37:53 117316 28271
08:38:53 21461 7423
08:39:54 156816 15600
08:40:54 595118 81702
08:41:54 537313 36603
08:42:54 329561 28147
08:43:55 616822 58468
08:44:55 1027654 80090
08:45:55 393794 35620
08:46:56 29844 64340
08:47:56 150675 29883
08:48:56 401983 51653
08:49:57 341001 34532
08:50:57 638899 55594
08:51:57 286493 47859
08:52:58 428784 48477
08:53:58 253642 42529
08:54:58 209262 30911
08:55:59 229663 59387
08:56:59 627272 123533
08:57:59 747650 98011
08:58:59 250045 70853
09:00:00 113992 42539
09:01:00 269595 30236
09:02:00 273624 21723
09:03:01 352578 88297
09:04:01 422353 55916
09:05:01 947778 96427
09:06:02 503825 62753
09:07:02 1092471 93493
09:08:02 1052876 90820
09:09:03 1129428 69561
09:10:03 369872 47271
09:11:03 696980 63882
09:12:04 609399 109436
09:13:04 1104051 105469
09:14:04 698926 58814
09:15:04 136341 22803
09:16:05 1032428 69381
09:17:05 6022114 168758
09:18:06 359058 20135
09:19:07 540903 229481
09:20:08 710550 40903
09:21:08 713945 65087
09:22:08 287519 44310
09:23:09 563445 65510
09:24:09 293065 38492
09:25:09 564826 71099
09:26:10 249247 57262
09:27:10 86784 26036
09:28:10 806307 59420
09:29:11 251335 48173
09:30:11 470295 49886
09:31:11 735818 49809
09:32:11 94742 34989
09:33:12 1025403 93039
09:34:12 754197 128683
09:35:12 696650 78063
09:36:13 560001 44425
09:37:13 1116094 60244
09:38:13 331627 58968
09:39:14 357729 81606
09:40:14 375877 81940
09:41:14 233179 44246
09:42:15 769054 49478
09:43:15 -1 -1
09:44:15 525230 57208
09:45:15 622351 65935
09:46:16 1084815 103611
09:47:17 622145 54489
09:48:17 759179 109620
09:49:18 457668 29921
09:50:18 1070981 167379
09:51:19 1089224 119523
09:52:19 1091088 84787
09:53:19 590016 41822
09:54:20 244959 59032
09:55:20 413649 89423
09:56:20 363654 52743
09:57:21 1032818 118027
09:58:21 1113596 71841
09:59:21 1086214 82033
10:00:23 1082795 96247
10:01:23 423373 71016
10:02:23 1088725 113548
10:03:23 337202 39918
10:04:24 1070183 73095
10:05:24 927887 69649
10:06:24 503401 55662
10:07:25 790583 97342
10:08:25 1073409 64323
10:09:25 283511 46105
10:10:26 270634 63356
10:11:26 191530 37195
10:12:26 496879 90545
10:13:27 535028 55017
10:14:27 327161 58552
10:15:27 753059 53438
10:16:28 818784 71904
10:17:28 1088104 157551
10:18:31 926557 543304
10:19:29 464054 145322
10:20:30 1025900 125938
10:21:29 964543 108628
10:22:30 515084 81136
10:23:30 1085214 103488
10:24:30 1018372 120979
10:25:31 1070987 108778
10:26:31 1075444 105443
