00:00:20 4 0 40
00:00:46 4 0 40
00:01:38 4 0 39
00:01:53 4 0 40
00:02:19 4 0 41
00:02:49 4 0 38
00:03:20 4 0 40
00:03:50 4 0 37
00:04:20 4 0 40
00:04:51 4 0 37
00:05:21 4 0 39
00:05:53 4 0 40
00:06:23 4 0 40
00:06:54 4 0 38
00:07:25 4 0 40
02:00:03 4 0 39
02:00:34 4 0 39
02:01:04 4 0 38
02:01:34 4 0 36
02:02:04 4 0 40
02:02:34 4 0 39
02:03:05 4 0 38
02:03:35 4 0 40
02:04:05 4 0 53
02:04:35 4 0 40
02:05:06 4 0 39
02:05:36 4 0 40
02:06:06 4 0 39
02:06:36 4 0 40
02:07:06 4 0 39
02:07:37 4 0 38
02:08:07 4 0 40
02:08:37 4 0 40
02:09:07 4 0 41
02:09:38 4 0 40
02:10:08 4 0 41
02:10:38 4 0 38
02:11:08 4 0 41
02:11:38 4 0 36
02:12:09 4 0 34
02:12:39 4 0 40
02:13:09 4 0 38
02:13:39 4 0 40
02:14:10 3 1 39
02:14:40 4 0 40
02:15:10 4 0 40
02:15:40 4 0 41
02:16:10 4 0 41
02:16:41 4 0 39
02:17:11 4 0 39
02:17:41 4 0 39
02:18:11 4 0 41
02:18:41 4 0 38
02:19:12 4 0 42
02:19:42 4 0 40
02:20:12 4 0 39
02:20:42 4 0 38
02:21:12 4 0 36
02:21:43 4 0 38
02:22:13 4 0 38
02:22:43 4 0 38
02:23:13 4 0 41
02:23:43 4 0 39
02:24:14 4 0 40
02:24:44 4 0 39
02:25:14 4 0 36
02:25:44 4 0 40
02:26:14 4 0 38
02:26:45 4 0 39
02:27:15 4 0 38
02:27:45 4 0 39
02:28:15 4 0 39
02:28:45 4 0 40
02:29:16 4 0 38
02:29:46 4 0 40
02:30:16 4 0 40
02:30:46 4 0 40
02:31:17 4 0 38
02:31:47 4 0 37
02:32:17 4 0 41
02:32:47 4 0 40
02:33:17 4 0 40
02:33:48 4 0 38
02:34:18 4 0 37
02:34:48 4 0 38
02:35:18 4 0 38
02:35:48 4 0 37
02:36:19 4 0 37
02:36:49 4 0 40
02:37:19 4 0 42
02:37:49 4 0 39
02:38:19 4 0 38
02:38:50 4 0 38
02:39:20 4 0 38
02:39:50 4 0 39
02:40:20 4 0 38
02:40:51 4 0 41
02:41:21 4 0 39
02:41:51 4 0 41
02:42:21 4 0 40
02:42:51 4 0 39
02:43:22 4 0 38
02:43:52 4 0 39
02:44:22 4 0 38
02:44:52 4 0 39
02:45:22 4 0 37
02:45:53 4 0 38
02:46:23 4 0 38
02:46:53 4 0 40
02:47:23 4 0 40
02:47:53 4 0 39
02:48:24 4 0 38
02:48:54 4 0 36
02:49:24 4 0 40
02:49:54 4 0 38
02:50:24 4 0 40
02:50:55 4 0 38
02:51:25 4 0 39
02:51:55 4 0 40
02:52:25 4 0 37
02:52:55 4 0 35
02:53:26 4 0 40
02:53:56 4 0 39
02:54:26 4 0 40
02:54:57 4 0 39
02:55:27 4 0 38
02:55:57 4 0 39
02:56:27 4 0 40
02:56:57 4 0 38
02:57:28 4 0 39
02:57:58 4 0 40
02:58:28 4 0 37
02:58:58 4 0 40
02:59:29 4 0 39
02:59:59 4 0 40
03:00:29 4 0 40
03:00:59 4 0 40
03:01:29 4 0 40
03:02:00 4 0 39
03:02:30 4 0 36
03:03:00 4 0 38
03:03:30 4 0 39
03:04:00 4 0 38
03:04:31 4 0 74
03:05:01 4 0 40
03:05:31 4 0 40
03:06:02 4 0 40
03:06:32 4 0 37
03:07:02 4 0 38
03:07:32 4 0 37
03:08:02 4 0 38
03:08:33 4 0 39
03:09:03 4 0 39
03:09:33 4 0 40
03:10:03 4 0 40
03:10:34 4 0 39
03:11:04 4 0 40
03:11:34 4 0 39
03:12:04 4 0 37
03:12:34 4 0 39
03:13:05 4 0 39
03:13:35 4 0 40
03:14:05 4 0 38
03:14:35 4 0 37
03:15:06 4 0 38
03:15:36 4 0 39
03:16:06 4 0 37
03:16:36 4 0 40
03:17:06 4 0 39
03:17:37 4 0 37
03:18:07 4 0 40
03:18:37 4 0 38
03:19:07 4 0 37
03:19:38 4 0 37
03:20:08 4 0 40
03:20:38 4 0 37
03:21:08 4 0 39
03:21:38 4 0 36
03:22:09 4 0 40
03:22:39 4 0 37
03:23:09 4 0 39
03:23:39 4 0 40
03:24:09 4 0 37
03:24:40 4 0 38
03:25:10 4 0 39
03:25:40 4 0 37
03:26:10 4 0 40
03:26:41 4 0 40
03:27:11 4 0 39
03:27:41 4 0 37
03:28:11 4 0 40
03:28:41 4 0 40
03:29:12 4 0 39
03:29:42 4 0 39
03:30:12 4 0 38
03:30:42 4 0 38
03:31:12 4 0 39
03:31:43 4 0 38
03:32:13 4 0 40
03:32:43 4 0 38
03:33:13 4 0 37
03:33:44 4 0 38
03:34:14 4 0 37
03:34:45 4 0 37
03:35:15 4 0 40
03:35:45 4 0 40
03:36:16 4 0 38
03:36:46 4 0 38
03:37:16 4 0 40
03:37:46 4 0 69
03:38:16 4 0 38
03:38:47 4 0 40
03:39:17 4 0 40
03:39:47 4 0 39
03:40:18 4 0 40
03:40:48 4 0 38
03:41:18 4 0 38
03:41:48 4 0 36
03:42:18 4 0 37
03:42:48 4 0 39
03:43:19 4 0 40
03:43:49 4 0 39
03:44:19 4 0 40
03:44:49 4 0 39
03:45:19 4 0 40
03:45:50 4 0 40
03:46:20 4 0 36
03:46:50 4 0 39
03:47:20 4 0 38
03:47:51 4 0 40
03:48:21 4 0 37
03:48:51 4 0 38
03:49:21 4 0 40
03:49:52 3 1 41
03:50:22 4 0 39
03:50:52 4 0 67
03:51:22 4 0 39
03:51:52 4 0 38
03:52:22 4 0 39
03:52:53 4 0 43
03:53:23 4 0 38
03:53:53 4 0 38
03:54:23 4 0 37
03:54:54 4 0 39
03:55:24 4 0 39
03:55:54 4 0 35
03:56:25 4 0 37
03:56:55 4 0 39
03:57:25 4 0 40
03:57:55 4 0 40
03:58:25 4 0 38
03:58:56 4 0 40
03:59:26 4 0 39
03:59:56 4 0 40
04:00:26 4 0 40
04:00:56 4 0 40
04:01:27 4 0 39
04:01:57 4 0 49
04:02:27 4 0 39
04:02:57 4 0 40
04:03:28 4 0 40
04:03:58 4 0 40
04:04:28 4 0 38
04:04:58 4 0 37
04:05:28 4 0 39
04:05:59 4 0 38
04:06:29 4 0 39
04:06:59 4 0 40
04:07:29 4 0 37
04:08:00 4 0 38
04:08:30 4 0 77
04:09:00 4 0 36
04:09:30 4 0 39
04:10:00 4 0 38
04:10:31 4 0 48
04:11:01 4 0 39
04:11:31 4 0 40
04:12:01 4 0 40
04:12:31 4 0 37
04:13:02 4 0 36
04:13:32 4 0 40
04:14:02 4 0 37
04:14:32 4 0 37
04:15:02 4 0 41
04:15:33 4 0 39
04:16:03 4 0 41
04:16:33 4 0 38
04:17:03 4 0 40
04:17:33 4 0 38
04:18:04 4 0 37
04:18:34 4 0 38
04:19:04 4 0 38
04:19:34 4 0 40
04:20:05 4 0 39
04:20:35 4 0 40
04:21:05 4 0 39
04:21:35 4 0 37
04:22:05 4 0 37
04:22:36 4 0 36
04:23:06 4 0 40
04:23:36 4 0 40
04:24:06 4 0 40
04:24:36 4 0 40
04:25:07 4 0 37
04:25:37 4 0 40
04:26:07 4 0 39
04:26:37 4 0 38
04:27:08 4 0 40
04:27:38 4 0 39
04:28:08 4 0 39
04:28:38 4 0 41
04:29:08 4 0 37
04:29:38 4 0 38
04:30:09 4 0 37
04:30:39 4 0 40
04:31:09 4 0 39
04:31:39 4 0 40
04:32:09 4 0 40
04:32:40 4 0 41
04:33:10 4 0 40
04:33:40 4 0 40
04:34:10 4 0 38
04:34:41 4 0 37
04:35:11 4 0 41
04:35:41 4 0 39
04:36:11 4 0 38
04:36:42 4 0 42
04:37:12 4 0 41
04:37:42 4 0 39
04:38:12 4 0 35
04:38:42 4 0 38
04:39:13 4 0 40
04:39:43 4 0 37
04:40:13 4 0 40
04:40:43 4 0 39
04:41:14 4 0 39
04:41:44 4 0 38
04:42:14 4 0 39
04:42:44 4 0 38
04:43:14 4 0 40
04:43:45 4 0 39
04:44:15 4 0 39
04:44:45 4 0 40
04:45:15 4 0 41
04:45:45 4 0 39
04:46:16 4 0 37
04:46:46 4 0 40
04:47:16 4 0 39
04:47:46 4 0 41
04:48:16 4 0 41
04:48:47 4 0 38
04:49:17 4 0 39
04:49:47 4 0 38
04:50:17 4 0 39
04:50:47 4 0 40
04:51:18 4 0 83
04:51:48 4 0 40
04:52:18 4 0 38
04:52:48 4 0 39
04:53:18 4 0 39
04:53:49 4 0 37
04:54:19 4 0 39
04:54:49 4 0 39
04:55:19 4 0 39
04:55:50 4 0 39
04:56:20 4 0 41
04:56:50 4 0 39
04:57:20 4 0 40
04:57:50 4 0 41
04:58:21 4 0 39
04:58:51 4 0 38
04:59:21 4 0 37
04:59:51 4 0 40
05:00:23 3 1 40
05:00:52 4 0 39
05:01:22 4 0 37
05:01:52 4 0 40
05:02:22 4 0 41
05:02:52 4 0 39
05:03:23 4 0 39
05:03:53 4 0 40
05:04:23 4 0 39
05:04:53 4 0 38
05:05:23 4 0 38
05:05:54 4 0 41
05:06:24 4 0 40
05:06:54 4 0 41
05:07:24 4 0 37
05:07:54 4 0 38
05:08:25 4 0 37
05:08:55 4 0 40
05:09:25 4 0 40
05:09:55 4 0 39
05:10:26 4 0 40
05:10:56 4 0 38
05:11:26 4 0 40
05:11:56 4 0 38
05:12:27 4 0 62
05:12:57 4 0 39
05:13:27 4 0 39
05:13:57 4 0 39
05:14:27 4 0 38
05:14:58 4 0 37
05:15:28 4 0 39
05:15:58 4 0 40
05:16:28 4 0 40
05:16:58 4 0 39
05:17:29 4 0 39
05:17:59 4 0 39
05:18:29 4 0 37
05:18:59 4 0 37
05:19:30 4 0 38
05:20:00 4 0 41
05:20:30 4 0 38
05:21:00 4 0 40
05:21:30 4 0 38
05:22:01 4 0 40
05:22:31 4 0 37
05:23:01 4 0 40
05:23:31 4 0 40
05:24:01 4 0 40
05:24:32 4 0 40
05:25:02 4 0 39
05:25:32 4 0 40
05:26:02 4 0 38
05:26:33 4 0 39
05:27:03 4 0 41
05:27:33 4 0 40
05:28:03 4 0 41
05:28:33 4 0 42
05:29:04 4 0 37
05:29:34 4 0 41
05:30:04 4 0 40
05:30:34 4 0 40
05:31:04 4 0 37
05:31:35 4 0 39
05:32:05 4 0 37
05:32:35 4 0 40
05:33:05 4 0 39
05:33:35 4 0 40
05:34:06 4 0 41
05:34:36 4 0 41
05:35:06 4 0 38
05:35:36 4 0 41
05:36:06 4 0 38
05:36:37 4 0 37
05:37:07 4 0 40
05:37:37 4 0 38
05:38:07 4 0 39
05:38:38 4 0 38
05:39:08 4 0 39
05:39:38 4 0 38
05:40:08 4 0 40
05:40:39 4 0 39
05:41:09 4 0 40
05:41:39 4 0 38
05:42:09 4 0 40
05:42:39 4 0 40
05:43:10 4 0 39
05:43:40 4 0 38
05:44:10 4 0 39
05:44:40 4 0 40
05:45:10 4 0 39
05:45:41 4 0 38
05:46:11 4 0 38
05:46:41 4 0 39
05:47:11 4 0 41
05:47:41 4 0 40
05:48:12 4 0 36
05:48:42 4 0 40
05:49:12 4 0 37
05:49:42 4 0 39
05:50:12 4 0 40
05:50:43 4 0 39
05:51:13 4 0 39
05:51:43 4 0 39
05:52:13 4 0 38
05:52:44 4 0 34
05:53:14 4 0 40
05:53:44 4 0 37
05:54:14 4 0 35
05:54:44 4 0 39
05:55:15 4 0 39
05:55:45 4 0 40
05:56:15 4 0 38
05:56:45 4 0 40
05:57:16 4 0 38
05:57:46 4 0 38
05:58:16 4 0 39
05:58:46 4 0 38
05:59:16 4 0 41
05:59:47 4 0 39
06:00:17 4 0 38
06:00:47 4 0 41
06:01:17 4 0 39
06:01:48 4 0 38
06:02:18 4 0 39
06:02:48 4 0 37
06:03:18 4 0 39
06:03:48 4 0 40
06:04:19 4 0 40
06:04:49 4 0 38
06:05:19 4 0 39
06:05:49 4 0 37
06:06:19 4 0 39
06:06:50 4 0 38
06:07:20 4 0 40
06:07:50 4 0 37
06:08:20 4 0 38
06:08:51 4 0 39
06:09:21 4 0 40
06:09:51 4 0 40
06:10:21 4 0 40
06:10:51 4 0 41
06:11:22 4 0 41
06:11:52 4 0 40
06:12:22 4 0 40
06:12:52 4 0 39
06:13:22 4 0 39
06:13:53 4 0 39
06:14:23 4 0 39
06:14:53 4 0 40
06:15:23 4 0 37
06:15:53 4 0 37
06:16:24 4 0 40
06:16:54 4 0 39
06:17:24 4 0 38
06:17:54 4 0 39
06:18:24 4 0 40
06:18:55 4 0 37
06:19:25 4 0 39
06:19:55 4 0 38
06:20:25 4 0 39
06:20:56 4 0 40
06:21:26 4 0 39
06:21:56 4 0 38
06:22:26 4 0 40
06:22:56 4 0 57
06:23:27 4 0 40
06:23:57 4 0 45
06:24:27 4 0 40
06:24:57 4 0 39
06:25:27 4 0 39
06:25:58 4 0 38
06:26:28 4 0 41
06:26:58 4 0 40
06:27:28 4 0 37
06:27:58 4 0 36
06:28:29 4 0 38
06:28:59 4 0 38
06:29:29 4 0 38
06:30:00 3 1 36
06:30:29 4 0 39
06:31:00 4 0 37
06:31:30 4 0 38
06:32:00 4 0 38
06:32:30 4 0 39
06:33:01 4 0 36
06:33:31 4 0 37
06:34:01 4 0 39
06:34:31 4 0 38
06:35:01 4 0 38
06:35:32 4 0 40
06:36:02 4 0 40
06:36:32 4 0 40
06:37:02 4 0 37
06:37:33 4 0 37
06:38:03 4 0 39
06:38:33 4 0 40
06:39:03 4 0 40
06:39:33 4 0 37
06:40:04 4 0 38
06:40:34 4 0 37
06:41:04 4 0 40
06:41:34 4 0 40
06:42:04 4 0 37
06:42:35 4 0 40
06:43:05 4 0 40
06:43:35 4 0 39
06:44:05 4 0 40
06:44:35 4 0 40
06:45:06 4 0 38
06:45:36 4 0 40
06:46:06 4 0 37
06:46:36 4 0 40
06:47:07 4 0 38
06:47:37 4 0 38
06:48:07 4 0 38
06:48:37 4 0 39
06:49:07 4 0 39
06:49:38 4 0 40
06:50:08 4 0 42
06:50:38 4 0 39
06:51:08 4 0 38
06:51:38 4 0 38
06:52:09 4 0 41
06:52:39 4 0 62
06:53:09 4 0 40
06:53:39 4 0 40
06:54:10 4 0 40
06:54:40 4 0 39
06:55:10 4 0 37
06:55:40 4 0 39
06:56:10 4 0 38
06:56:41 4 0 40
06:57:11 4 0 39
06:57:41 4 0 40
06:58:11 4 0 40
06:58:41 4 0 40
06:59:12 4 0 40
06:59:42 4 0 37
07:00:12 4 0 39
07:00:42 4 0 39
07:01:13 4 0 40
07:01:43 4 0 39
07:02:13 4 0 39
07:02:43 4 0 38
07:03:14 4 0 37
07:03:44 4 0 38
07:04:14 4 0 39
07:04:44 4 0 38
07:05:14 4 0 36
07:05:45 4 0 39
07:06:15 4 0 39
07:06:45 4 0 40
07:07:15 4 0 39
07:07:45 4 0 40
07:08:16 4 0 37
07:08:46 4 0 38
07:09:16 4 0 40
07:09:46 4 0 40
07:10:17 4 0 40
07:10:47 4 0 39
07:11:17 4 0 37
07:11:47 4 0 38
07:12:18 4 0 38
07:12:48 4 0 38
07:13:18 4 0 40
07:13:48 4 0 38
07:14:19 4 0 40
07:14:49 4 0 38
07:15:19 4 0 40
07:15:49 4 0 40
07:16:19 4 0 39
07:16:51 3 1 40
07:17:20 4 0 40
07:17:50 4 0 40
07:18:20 4 0 40
07:18:51 4 0 40
07:19:21 4 0 37
07:19:51 4 0 38
07:20:21 4 0 40
07:20:51 4 0 41
07:21:22 4 0 36
07:21:52 4 0 38
07:22:22 4 0 40
07:22:52 4 0 41
07:23:22 4 0 40
07:23:53 4 0 36
07:24:23 4 0 40
07:24:53 4 0 37
07:25:23 4 0 40
07:25:54 4 0 41
07:26:24 4 0 39
07:26:54 4 0 38
07:27:24 4 0 40
07:27:54 4 0 38
07:28:25 4 0 40
07:28:55 4 0 37
07:29:25 4 0 39
07:29:55 4 0 40
07:30:25 4 0 40
07:30:56 4 0 40
07:31:26 4 0 40
07:31:56 4 0 40
07:32:26 4 0 40
07:32:56 4 0 41
07:33:27 4 0 40
07:33:57 4 0 39
07:34:27 4 0 38
07:34:57 4 0 41
07:35:27 4 0 39
07:35:58 4 0 39
07:36:28 4 0 40
07:36:58 4 0 42
07:37:28 4 0 38
07:37:59 4 0 40
07:38:29 4 0 38
07:38:59 4 0 40
07:39:29 4 0 37
07:40:00 4 0 40
07:40:30 4 0 39
07:41:00 4 0 40
07:41:30 4 0 36
07:42:01 4 0 69
07:42:31 4 0 37
07:43:01 4 0 38
07:43:31 4 0 39
07:44:01 4 0 41
07:44:32 4 0 39
07:45:02 4 0 38
07:45:32 4 0 37
07:46:02 4 0 40
07:46:32 4 0 39
07:47:03 4 0 38
07:47:33 4 0 39
07:48:03 4 0 40
07:48:33 4 0 37
07:49:03 4 0 39
07:49:34 4 0 40
07:50:04 4 0 38
07:50:34 4 0 39
07:51:04 4 0 38
07:51:35 4 0 39
07:52:05 4 0 40
07:52:35 4 0 38
07:53:05 4 0 39
07:53:35 4 0 39
07:54:05 4 0 39
07:54:36 4 0 40
07:55:06 4 0 39
07:55:36 4 0 40
07:56:06 4 0 40
07:56:37 4 0 40
07:57:07 4 0 39
07:57:37 4 0 38
07:58:07 4 0 44
07:58:37 4 0 38
07:59:07 4 0 40
07:59:38 4 0 38
08:00:08 4 0 38
08:00:38 4 0 38
08:01:08 4 0 39
08:01:39 4 0 37
08:02:09 4 0 40
08:02:39 4 0 40
08:03:09 4 0 35
08:03:39 4 0 38
08:04:09 4 0 38
08:04:39 4 0 40
08:05:10 4 0 39
08:05:40 4 0 40
08:06:10 4 0 38
08:06:40 4 0 40
08:07:10 4 0 37
08:07:40 4 0 40
08:08:11 4 0 38
08:08:41 4 0 37
08:09:11 4 0 37
08:09:41 4 0 39
08:10:11 4 0 39
08:10:41 4 0 41
08:11:11 4 0 38
08:11:42 4 0 38
08:12:12 4 0 40
08:12:42 4 0 40
08:13:12 4 0 39
08:13:42 4 0 41
08:14:12 4 0 40
08:14:43 4 0 38
08:15:13 4 0 37
08:15:43 4 0 39
08:16:13 4 0 38
08:16:43 4 0 37
08:17:13 4 0 40
08:17:45 4 0 40
08:18:15 4 0 37
08:18:45 4 0 38
08:19:15 4 0 40
08:19:46 4 0 38
08:20:16 4 0 40
08:20:46 4 0 44
08:21:16 4 0 39
08:21:47 4 0 40
08:22:17 4 0 38
08:22:47 4 0 38
08:23:17 4 0 41
08:23:47 4 0 38
08:24:17 4 0 41
08:24:48 4 0 60
08:25:18 4 0 39
08:25:48 4 0 41
08:26:18 4 0 41
08:26:48 4 0 37
08:27:18 4 0 38
08:27:49 4 0 38
08:28:19 4 0 39
08:28:49 4 0 39
08:29:19 4 0 38
08:29:49 4 0 43
08:30:19 4 0 39
08:30:50 4 0 36
08:31:20 4 0 49
08:31:50 4 0 42
08:32:20 4 0 39
08:32:50 4 0 38
08:33:20 4 0 39
08:33:50 4 0 38
08:34:21 4 0 72
08:34:52 3 1 39
08:35:21 4 0 37
08:35:51 4 0 38
08:36:21 4 0 39
08:36:51 4 0 38
08:37:22 4 0 38
08:37:52 4 0 36
08:38:22 4 0 38
08:38:52 4 0 44
08:39:22 4 0 39
08:39:53 4 0 42
08:40:23 4 0 39
08:40:53 4 0 39
08:41:23 4 0 40
08:41:53 4 0 41
08:42:23 4 0 40
08:42:53 4 0 39
08:43:24 4 0 40
08:43:54 4 0 39
08:44:24 4 0 39
08:44:54 4 0 39
08:45:24 4 0 40
08:45:54 4 0 38
08:46:25 4 0 38
08:46:55 4 0 37
08:47:25 4 0 39
08:47:55 4 0 38
08:48:25 4 0 40
08:48:55 4 0 41
08:49:25 4 0 38
08:49:56 4 0 39
08:50:26 4 0 40
08:50:56 4 0 41
08:51:26 4 0 37
08:51:56 4 0 36
08:52:26 4 0 41
08:52:57 4 0 38
08:53:27 4 0 49
08:53:57 4 0 39
08:54:27 4 0 40
08:54:57 4 0 39
08:55:28 4 0 40
08:55:58 4 0 38
08:56:28 4 0 36
08:56:58 4 0 41
08:57:28 4 0 38
08:58:00 4 0 41
08:58:30 4 0 38
08:59:00 4 0 40
08:59:30 4 0 39
09:00:02 3 1 39
09:00:31 4 0 39
09:01:01 4 0 39
09:01:31 4 0 39
09:02:01 4 0 39
09:02:32 4 0 39
09:03:02 4 0 40
09:03:32 4 0 42
09:04:02 4 0 40
09:04:32 4 0 41
09:05:02 4 0 40
09:05:32 4 0 40
09:06:03 4 0 39
09:06:33 4 0 37
09:07:03 4 0 39
09:07:33 4 0 47
09:08:04 3 1 40
09:08:33 4 0 38
09:09:04 4 0 36
09:09:34 4 0 40
09:10:04 4 0 41
09:10:34 4 0 38
09:11:04 4 0 37
09:11:34 4 0 40
09:12:05 4 0 40
09:12:35 4 0 40
09:13:05 4 0 40
09:13:35 4 0 40
09:14:05 4 0 40
09:14:35 4 0 38
09:15:05 4 0 38
09:15:36 4 0 40
09:16:06 4 0 40
09:16:36 4 0 39
09:17:06 4 0 38
09:17:36 4 0 40
09:18:07 4 0 41
09:18:37 4 0 40
09:19:07 4 0 39
09:19:37 4 0 38
09:20:08 4 0 37
09:20:38 4 0 38
09:21:08 4 0 39
09:21:38 4 0 39
09:22:08 4 0 37
09:22:39 4 0 44
09:23:09 4 0 39
09:23:39 4 0 41
09:24:09 4 0 38
09:24:39 4 0 41
09:25:09 4 0 40
09:25:39 4 0 39
09:26:10 4 0 38
09:26:40 4 0 40
09:27:10 4 0 39
09:27:41 4 0 39
09:28:11 4 0 40
09:28:41 4 0 42
09:29:11 4 0 38
09:29:41 4 0 39
09:30:12 4 0 38
09:30:42 4 0 41
09:31:12 4 0 40
09:31:42 4 0 40
09:32:12 4 0 39
09:32:42 4 0 38
09:33:13 4 0 40
09:33:43 4 0 39
09:34:13 4 0 38
09:34:43 4 0 39
09:35:13 4 0 37
09:35:43 4 0 38
09:36:14 4 0 39
09:36:44 4 0 39
09:37:14 4 0 41
09:37:44 4 0 37
09:38:14 4 0 40
09:38:44 4 0 40
09:39:15 4 0 38
09:39:45 4 0 39
09:40:15 4 0 39
09:40:45 4 0 41
09:41:15 4 0 38
09:41:45 4 0 41
09:42:16 4 0 39
09:42:46 4 0 39
09:43:16 4 0 64
09:43:46 4 0 39
09:44:16 4 0 39
09:44:46 4 0 41
09:45:16 4 0 40
09:45:46 4 0 38
09:46:17 4 0 39
09:46:47 4 0 39
09:47:17 4 0 39
09:47:47 4 0 38
09:48:18 4 0 41
09:48:48 4 0 41
09:49:18 4 0 41
09:49:48 4 0 40
09:50:18 4 0 39
09:50:48 4 0 38
09:51:19 4 0 39
09:51:49 4 0 39
09:52:19 4 0 41
09:52:49 4 0 40
09:53:20 3 1 36
09:53:49 4 0 37
09:54:20 4 0 39
09:54:50 4 0 39
09:55:20 4 0 38
09:55:50 4 0 40
09:56:21 3 1 41
09:56:50 4 0 41
09:57:21 4 0 38
09:57:51 4 0 39
09:58:21 4 0 40
09:58:51 4 0 40
09:59:22 4 0 39
09:59:52 4 0 38
10:00:23 4 0 39
10:00:53 4 0 61
10:01:23 4 0 70
10:01:53 4 0 37
10:02:23 4 0 39
10:02:53 4 0 39
10:03:23 4 0 40
10:03:53 4 0 41
10:04:24 4 0 38
10:04:54 4 0 41
10:05:24 4 0 41
10:05:54 4 0 37
10:06:24 4 0 40
10:06:54 4 0 41
10:07:25 4 0 39
10:07:55 4 0 41
10:08:25 4 0 39
10:08:55 4 0 39
10:09:26 4 0 78
10:09:55 4 0 40
10:10:26 4 0 41
10:10:56 4 0 40
10:11:26 4 0 40
10:11:56 4 0 74
10:12:26 4 0 39
10:12:56 4 0 41
10:13:27 4 0 42
10:13:57 4 0 39
10:14:27 4 0 40
10:14:57 4 0 40
10:15:27 4 0 38
10:15:57 4 0 40
10:16:28 4 0 41
10:16:58 4 0 41
10:17:28 4 0 39
10:17:58 4 0 40
10:18:28 4 0 41
10:18:58 4 0 41
10:19:29 4 0 40
10:19:59 4 0 38
10:20:30 4 0 42
10:21:00 4 0 38
10:21:30 4 0 39
10:22:00 4 0 39
10:22:31 4 0 41
10:23:01 4 0 39
10:23:31 4 0 38
10:24:01 4 0 39
10:24:31 4 0 40
10:25:03 2 2 40
10:25:31 4 0 40
10:26:02 4 0 39
10:26:32 4 0 39
