00:01:18 42108 4695
00:01:58 355274 18027
00:02:58 8624 6154
00:04:03 206196 13317
00:05:02 5909 6018
00:06:08 -1 -1
00:07:12 19597 14422
02:00:05 49600 16414
02:01:05 69929 34754
02:02:05 3471 2560
02:03:06 4895 6540
02:04:06 22303 6929
02:05:07 4616 2512
02:06:07 32997 13639
02:07:07 8853 7976
02:08:08 2216 872
02:09:08 11847 2937
02:10:09 34326 9876
02:11:09 15030 9421
02:12:10 3630 1126
02:13:10 28453 8645
02:14:10 16269 13959
02:15:11 14730 6688
02:16:11 3872 3212
02:17:12 19788 9448
02:18:12 11200 13898
02:19:13 19100 6404
02:20:13 8656 8375
02:21:13 5305 2196
02:22:14 8179 9684
02:23:14 130828 11305
02:24:15 31057 4085
02:25:15 17983 13222
02:26:15 21737 7917
02:27:16 3138 3049
02:28:16 10917 2626
02:29:17 29951 8774
02:30:17 1795 2624
02:31:18 109552 13318
02:32:18 6152 7768
02:33:19 9261 6858
02:34:19 2088 1741
02:35:19 13299 13550
02:36:20 7070 4182
02:37:20 10216 12198
02:38:20 33290 9335
02:39:21 37253 6125
02:40:22 11194 11867
02:41:22 13878 15181
02:42:22 11244 12929
02:43:23 7224 6775
02:44:23 5827 5707
02:45:23 8772 1321
02:46:24 8373 8493
02:47:24 73434 7470
02:48:25 64398 15155
02:49:25 732138 423263
02:50:25 16789 13511
02:51:26 4106 5416
02:52:26 3612 606
02:53:27 2587 2861
02:54:27 13684 16354
02:55:28 12847 6318
02:56:28 34228 5013
02:57:29 5887 6514
02:58:29 29380 16095
02:59:29 27018 2637
03:00:30 35850 6910
03:01:30 3925 3219
03:02:31 5202 4819
03:03:31 5871 7155
03:04:32 17365 6476
03:05:32 9215 7931
03:06:33 1776 1188
03:07:33 12004 15172
03:08:34 9702 7332
03:09:34 18102 3104
03:10:35 32102 18113
03:11:35 37449 18237
03:12:35 6004 6950
03:13:36 17416 4600
03:14:36 1566 2546
03:15:37 9724 8555
03:16:37 5238 4350
03:17:38 55224 15714
03:18:38 4461 5284
03:19:39 1650 2080
03:20:39 7446 10324
03:21:40 15241 19591
03:22:40 3160 2978
03:23:40 2159 704
03:24:41 10245 12829
03:25:41 18374 10959
03:26:42 35901 1498
03:27:42 3876 6358
03:28:43 14475 8700
03:29:43 19984 3397
03:30:43 17549 13796
03:31:44 41407 8227
03:32:44 4343 4422
03:33:45 16415 2679
03:34:46 36612 9383
03:35:46 62231 12807
03:36:47 36971 1902
03:37:47 35980 2384
03:38:48 2070 996
03:39:48 12136 10951
03:40:49 6889 7265
03:41:49 49042 15902
03:42:49 2490 1838
03:43:50 2290 1136
03:44:50 19205 5919
03:45:51 62037 14306
03:46:51 32167 8360
03:47:52 4115 1955
03:48:52 12137 13305
03:49:56 73810 15048
03:50:53 4899 2425
03:51:53 7057 4830
03:52:54 19292 8158
03:53:54 6486 7508
03:54:55 1822 2478
03:55:55 113385 26223
03:56:56 126433 28612
03:57:56 19537 1650
03:58:57 2282 781
04:00:00 7370 6045
04:00:57 4662 4565
04:01:58 103141 5391
04:02:59 5700 5894
04:03:59 29425 6327
04:05:00 8491 9996
04:06:00 2305 1593
04:07:00 29800 7776
04:08:01 8091 7869
04:09:01 17220 2783
04:10:02 5299 5658
04:11:02 69895 15556
04:12:02 1112 693
04:13:03 6010 8897
04:14:03 32639 12188
04:15:04 11061242 239256
04:16:04 2075 180
04:17:04 13930 6884
04:18:05 6358 6417
04:19:05 3260 3010
04:20:06 16780 20586
04:21:06 12278 15368
04:22:06 17563 1313
04:23:07 1366 252
04:24:07 7427 10867
04:25:08 9303 11019
04:26:08 8510 1082
04:27:08 2264 1968
04:28:09 2826 558
04:29:09 31095 2944
04:30:10 2999 748
04:31:10 6974 8532
04:32:11 29135 5583
04:33:11 945 583
04:34:11 5951 7644
04:35:13 9582 1746
04:36:12 1895 938
04:37:13 18375 13135
04:38:13 12883 2682
04:39:14 5617 6226
04:40:14 6843 7044
04:41:15 37755 13279
04:42:15 12304 6369
04:43:15 64292 14827
04:44:16 1979 915
04:45:16 29837 9145
04:46:17 107936 9108
04:47:17 2916 1004
04:48:17 17026 8473
04:49:18 83165 14538
04:50:18 32449 13120
04:51:19 33538 2140
04:52:19 18240 20556
04:53:20 37971 2367
04:54:20 45010 20549
04:55:20 46279 26172
04:56:21 8709 9138
04:57:21 2668 266
04:58:22 1622 194
04:59:22 20020 20983
05:00:23 4676 5489
05:01:23 9003 11200
05:02:23 7922 1735
05:03:24 60205 8755
05:04:24 7521 9390
05:05:25 4680 5268
05:06:25 14900 18304
05:07:25 55974 17667
05:08:26 11295 1252
05:09:26 2756 1524
05:10:27 16416 22816
05:11:27 36394 10753
05:12:28 25385 8791
05:13:28 25507 31460
05:14:28 2324 1795
05:15:29 901 420
05:16:29 53722 40017
05:17:30 31602 16822
05:18:30 1003795 82561
05:19:30 44632 13109
05:20:31 24670 30647
05:21:31 2807 3032
05:22:32 10472 3031
05:23:32 38435 51787
05:24:33 6486 5297
05:25:33 65902 10646
05:26:34 37810 22782
05:27:34 2094 462
05:28:34 13826 5046
05:29:35 16994 17346
05:30:35 52748 20327
05:31:36 52276 8883
05:32:36 1868 1238
05:33:36 34619 17254
05:34:37 54631 27885
05:35:37 65982 7791
05:36:38 24575 23346
05:37:38 58777 17979
05:38:39 78530 5257
05:39:39 28786 4999
05:40:39 72784 31939
05:41:40 19914 15180
05:42:40 8537 1396
05:43:41 89302 38830
05:44:41 24556 14070
05:45:42 27128 5704
05:46:42 28540 23963
05:47:43 42132 6908
05:48:43 21845 2444
05:49:43 19817 26834
05:50:44 14723 11930
05:51:44 65758 3739
05:52:45 7758 8665
05:53:45 277487 57055
05:54:45 17028 21750
05:55:46 36035 22208
05:56:46 20848 27429
05:57:47 9337 2116
05:58:47 18587 19504
05:59:48 16133 19830
06:00:48 53812 123435
06:01:49 2021 1582
06:02:49 12729 16359
06:03:50 3396 1942
06:04:50 2309 1308
06:05:50 5286 6242
06:06:51 62550 42176
06:07:51 18863 3265
06:08:55 10513 12061
06:09:52 15789 16036
06:10:52 13572 2881
06:11:53 5884 988
06:12:53 44785 32049
06:13:54 12647 18625
06:14:54 54737 20400
06:15:54 20537 28665
06:16:55 17708 23669
06:17:55 962 466
06:18:56 3497 929
06:19:56 56262 20696
06:20:57 9368 11063
06:21:57 68992 13628
06:22:57 28698 40527
06:23:58 203601 22275
06:24:58 71779 12296
06:25:59 37401 38035
06:26:59 70019 5293
06:27:59 491366 36221
06:29:00 315558 21367
06:30:00 32743 45272
06:31:01 9227 10744
06:32:01 4540 6154
06:33:02 164403 62045
06:34:02 3064 644
06:35:02 27317 4005
06:36:03 4356 1824
06:37:03 96725 20258
06:38:04 21608 6497
06:39:04 25844 5769
06:40:05 52654 24856
06:41:05 22848 6694
06:42:05 1840 520
06:43:06 43460 23334
06:44:06 19648 10007
06:45:07 68452 2279
06:46:07 649078 23920
06:47:08 59202 19310
06:48:08 5213 7342
06:49:08 6970 782
06:50:09 52452 17722
06:51:09 6241 7674
06:52:10 1910 398
06:53:10 15615 14851
06:54:11 7734 8018
06:55:11 19391 3266
06:56:11 27081 34357
06:57:12 12855 17007
06:58:12 59082 4191
06:59:13 4494 3628
07:00:13 34303 45924
07:01:14 46092 12788
07:02:14 2368 2950
07:03:15 21275 23094
07:04:15 10450 12847
07:05:15 1078 134
07:06:16 610130 18554
07:07:16 51181 17538
07:08:17 45853 13472
07:09:17 40147 8028
07:10:18 49233 11113
07:11:18 37574 15291
07:12:19 20570 3557
07:13:19 19197 2483
07:14:20 21292 7145
07:15:20 11185 12752
07:16:20 9152 10628
07:17:21 18707 24577
07:18:21 10589 2351
07:19:22 50191 10309
07:20:22 236208 53533
07:21:23 296555 10343
07:22:23 88764 20122
07:23:23 324433 24439
07:24:24 47655 9094
07:25:24 5962 7443
07:26:25 48350 9863
07:27:25 37910 19766
07:28:26 771537 26965
07:29:26 45448 4669
07:30:26 43508 45712
07:31:27 21397 5441
07:32:27 14792 7467
07:33:28 38254 21928
07:34:28 12460 15642
07:35:29 12997 5641
07:36:29 56806 23869
07:37:30 41528 24409
07:38:30 22563 17497
07:39:30 55366 33965
07:40:31 228704 36947
07:41:31 16070 1856
07:42:32 24832 2783
07:43:32 48933 28923
07:44:33 268231 40821
07:45:33 6903 2647
07:46:33 47861 8034
07:47:34 302314 31409
07:48:34 792 400
07:49:35 2161 2568
07:50:35 30784 41106
07:51:36 21304 13505
07:52:36 1094 1207
07:53:36 63441 21663
07:54:37 11614 15411
07:55:37 17118 18029
07:56:38 54522 5325
07:57:38 16776 12739
07:58:38 11749 11448
07:59:39 37335 15110
08:00:39 22762 29668
08:01:40 41205 3286
08:02:40 33302 3530
08:03:40 30648 42907
08:04:41 2695 1808
08:05:41 68188 15732
08:06:41 22672 12355
08:07:41 108425 50110
08:08:42 14532 7213
08:09:42 54690 14498
08:10:42 77482 30676
08:11:43 757388 72025
08:12:43 12332 12800
08:13:43 75880 31113
08:14:44 64528 14704
08:15:44 12718 9532
08:16:44 8467 10900
08:17:46 91145 28655
08:18:46 8630 10532
08:19:47 11714 15768
08:20:47 46865 35643
08:21:48 192556 19356
08:22:48 85908 9264
08:23:48 40104 16258
08:24:49 23348 11489
08:25:49 2948 1356
08:26:49 28198 10718
08:27:50 11528 15686
08:28:50 15730 13019
08:29:50 234823 12014
08:30:51 34970 25785
08:31:51 30729 12102
08:32:50 -1 -1
08:33:51 112601 5130
08:34:52 69397 42965
08:35:52 9617 1669
08:36:53 36611 5471
08:37:53 61317 26218
08:38:53 14396 6976
08:39:53 44169 53015
08:40:54 104663 19839
08:41:54 29675 7345
08:42:54 1000141 101988
08:43:55 21693 10483
08:44:55 8348 5859
08:45:55 300478 11773
08:46:56 1019473 40633
08:47:56 60257 39986
08:48:56 23637 3856
08:49:57 21667 9653
08:50:57 29361 41512
08:51:57 70139 6238
08:52:58 51458 6346
08:53:58 895065 104938
08:54:58 5564 1896
08:55:59 9485 2603
08:56:59 334421 29110
08:57:59 69656 12704
08:58:59 66578 4074
09:00:00 122258 11780
09:01:00 1082972 72283
09:02:00 47310 29621
09:03:01 538609 21994
09:04:01 48883 30591
09:05:01 63266 16256
09:06:02 116356 11494
09:07:02 187501 21847
09:08:02 289629 127302
09:09:02 8634 12520
09:10:03 788360 40547
09:11:03 92426 34937
09:12:04 523653 36376
09:13:04 148008 15828
09:14:04 162524 10081
09:15:04 58049 27239
09:16:05 7804 6422
09:17:05 214835 9187
09:18:06 70935 93992
09:19:07 95748 33586
09:20:08 14990 12073
09:21:08 81750 15104
09:22:08 83909 48859
09:23:09 47402 18503
09:24:09 42177 3775
09:25:09 40192 23871
09:26:10 93814 10311
09:27:10 61089 9638
09:28:10 5685 3554
09:29:10 27320 36203
09:30:11 2752 2014
09:31:11 66553 2301
09:32:11 14398 18525
09:33:12 5329 2388
09:34:12 478144 33694
09:35:12 34456 14155
09:36:13 61206 18264
09:37:13 207690 57469
09:38:13 16915 14160
09:39:14 27634 7903
09:40:14 767248 56433
09:41:14 45291 15358
09:42:14 28507 26454
09:43:15 77336 24951
09:44:15 170794 7078
09:45:15 27550 13823
09:46:16 79808 31386
09:47:17 4262 5697
09:48:17 10608 12359
09:49:18 7801 2201
09:50:18 109353 8998
09:51:18 72311 33988
09:52:19 13853 12995
09:53:19 12459 5408
09:54:19 326306 31605
09:55:20 8477 8724
09:56:20 54423 8789
09:57:21 43252 8989
09:58:21 232960 38597
09:59:22 303494 20073
10:00:23 19245 7443
10:01:23 294192 35935
10:02:23 89413 5008
10:03:23 75546 16124
10:04:24 31083 36604
10:05:24 518696 50041
10:06:24 55647 5996
10:07:25 232742 25434
10:08:25 39050 26894
10:09:25 482657 43769
10:10:26 490380 28826
10:11:26 16033 19779
10:12:26 28748 3217
10:13:27 12689 10502
10:14:27 399872 16891
10:15:27 265258 179514
10:16:28 630034 123271
10:17:28 228552 10442
10:18:31 174395 20825
10:19:29 60054 13277
10:20:30 40525 5476
10:21:29 43245 92015
10:22:29 63513 32331
10:23:30 18735 2512
10:24:30 686216 559155
10:25:30 495272 45741
10:26:31 234772 9555
