00:01:29 79534 13164
00:02:00 63746 4782
00:02:59 184564 10908
00:04:03 289588 62718
00:05:02 141876 15120
00:06:08 -1 -1
00:07:12 35279 6514
02:00:05 92593 10775
02:01:05 4798 6714
02:02:05 82579 32190
02:03:06 63857 17127
02:04:06 35442 3963
02:05:07 40337 4803
02:06:07 102047 30015
02:07:07 52637 7148
02:08:11 138953 31512
02:09:08 193880 20648
02:10:09 104342 12094
02:11:09 79272 15839
02:12:10 70047 3968
02:13:10 562808 25531
02:14:10 108574 6552
02:15:11 103468 11810
02:16:11 66078 19053
02:17:12 407958 52882
02:18:12 64134 15418
02:19:13 67193 6290
02:20:13 74363 17880
02:21:13 166091 15299
02:22:14 281689 18817
02:23:14 481659 27030
02:24:15 40867 18266
02:25:15 290757 19549
02:26:16 40211 8279
02:27:16 91473 14264
02:28:17 70272 15631
02:29:17 44702 11478
02:30:17 215095 23849
02:31:18 129670 18463
02:32:18 19259 7208
02:33:19 106096 11966
02:34:19 123292 12164
02:35:19 26317 16613
02:36:20 48260 10520
02:37:20 102433 46473
02:38:21 51143 15833
02:39:21 81307 9962
02:40:21 131261 14811
02:41:22 199804 17249
02:42:22 44446 28800
02:43:23 223103 21525
02:44:23 135758 11716
02:45:23 420903 35619
02:46:24 59720 11099
02:47:24 547922 41434
02:48:25 69136 37079
02:49:25 132713 34313
02:50:26 158272 18888
02:51:26 141561 16421
02:52:26 19099 3330
02:53:27 35261 6853
02:54:27 21517 5979
02:55:28 90416 24683
02:56:28 67855 9965
02:57:29 136282 5536
02:58:29 101315 6644
02:59:30 65475 17076
03:00:30 150620 24541
03:01:31 52927 22761
03:02:31 7078 1609
03:03:31 7860 6415
03:04:32 57745 9741
03:05:32 129833 15357
03:06:33 79859 16426
03:07:33 54537 11700
03:08:34 44716 6484
03:09:34 134272 20160
03:10:35 144802 30869
03:11:35 83982 10839
03:12:35 96638 43732
03:13:36 59415 8394
03:14:36 102450 20803
03:15:37 25086 9451
03:16:37 392044 33396
03:17:38 47251 16776
03:18:38 127865 18836
03:19:39 2952 4012
03:20:39 192014 16449
03:21:40 95155 13598
03:22:40 84098 11011
03:23:40 44045 4798
03:24:41 450408 23809
03:25:41 71204 14995
03:26:42 135973 13227
03:27:42 67856 8446
03:28:43 88918 19006
03:29:43 123717 11987
03:30:43 122913 16012
03:31:44 15756 46628
03:32:44 54502 3625
03:33:45 41996 12551
03:34:46 32064 8115
03:35:46 19823 9387
03:36:47 51182 6222
03:37:48 242059 18775
03:38:48 40667 10074
03:39:48 45204 4022
03:40:49 47566 11049
03:41:49 96187 16750
03:42:50 44287 5993
03:43:50 78645 20936
03:44:50 63030 60235
03:45:51 100584 55433
03:46:51 8969 5914
03:47:52 171595 7959
03:48:52 79975 16493
03:49:53 131543 16456
03:50:53 14853 3969
03:51:53 216631 25958
03:52:54 39576 9317
03:53:54 43060 21720
03:54:55 203178 24768
03:55:55 97802 23832
03:56:56 711091 44749
03:57:56 167099 19046
03:58:57 99612 13341
03:59:57 25327 3596
04:00:58 72442 3354
04:01:58 68525 14676
04:02:58 53002 7066
04:03:59 18235 2323
04:04:59 48795 18320
04:06:00 58689 11087
04:07:00 55514 7004
04:08:02 28577 6318
04:09:01 30780 9945
04:10:01 24112 7256
04:11:06 413913 42163
04:12:02 430302 19966
04:13:03 644 60
04:14:03 43817 9092
04:15:04 2589 3476
04:16:04 19500 6549
04:17:05 43061 6604
04:18:05 54 120
04:19:05 11079 5348
04:20:06 28436 10752
04:21:06 25616 3798
04:22:07 75832 5319
04:23:07 21860 4526
04:24:07 80265 16032
04:25:08 10874 718
04:26:08 123402 15824
04:27:09 70279 8844
04:28:09 152255 8688
04:29:09 61178 13662
04:30:10 67447 13814
04:31:10 38553 11731
04:32:11 148693 8721
04:33:11 4975 5089
04:34:11 115080 22020
04:35:12 8594 1501
04:36:12 93673 12167
04:37:13 36233 18211
04:38:13 83870 28747
04:39:14 43533 6735
04:40:14 22687 10073
04:41:15 65169 13356
04:42:15 54008 7504
04:43:15 73916 8141
04:44:16 50008 28328
04:45:16 28650 19465
04:46:17 12146103 277001
04:47:17 51636 7248
04:48:18 71868 14177
04:49:18 177805 10744
04:50:19 130151 12646
04:51:19 19773 1475
04:52:19 120872 22094
04:53:20 50837 13621
04:54:20 32466 8029
04:55:20 50159 18235
04:56:21 83274 23477
04:57:21 61039 4780
04:58:22 22705 6831
04:59:22 60502 18750
05:00:23 70794 6726
05:01:23 74787 8645
05:02:24 128680 25182
05:03:24 315386 25949
05:04:24 144276 11523
05:05:25 32058 19088
05:06:25 105074 26167
05:07:28 178152 30017
05:08:26 40897 14471
05:09:26 30353 13264
05:10:27 8124 11370
05:11:27 57373 14621
05:12:31 81563 10538
05:13:28 32778 7318
05:14:28 39208 12007
05:15:29 52917 7090
05:16:29 86074 40316
05:17:30 97545 40322
05:18:30 70027 4714
05:19:31 673966 52887
05:20:31 94862 11444
05:21:32 105613 16789
05:22:32 33662 7100
05:23:32 844060 28200
05:24:33 39953 36823
05:25:33 127595 16114
05:26:34 64880 10199
05:27:34 30840 13763
05:28:34 43878 7065
05:29:35 30866 10954
05:30:35 115311 34753
05:31:36 91997 14613
05:32:36 25140 7554
05:33:36 230947 48369
05:34:37 14703 5989
05:35:37 8395 5410
05:36:38 83334 17757
05:37:38 247955 53014
05:38:39 57085 8572
05:39:39 63129 17819
05:40:40 656161 33225
05:41:40 17256 1367
05:42:40 57945 10885
05:43:41 32305 29710
05:44:41 44309 5211
05:45:42 15365 10716
05:46:42 241405 16640
05:47:43 80949 11964
05:48:43 42918 8187
05:49:44 188256 49798
05:50:44 39025 6743
05:51:44 44512 48181
05:52:45 26983 22337
05:53:45 329796 15272
05:54:45 530378 28437
05:55:46 84601 21801
05:56:46 138206 26189
05:57:47 34147 5156
05:58:47 73213 5370
05:59:48 123089 30642
06:00:48 109804 8767
06:01:49 164488 12445
06:02:49 67006 19302
06:03:50 25310 15040
06:04:50 10931 3367
06:05:50 31869 9595
06:06:51 46070 24763
06:07:51 34476 11098
06:08:52 72246 16359
06:09:52 53974 27673
06:10:52 9044 12986
06:11:53 42879 114906
06:12:53 39545 4202
06:13:54 122963 66718
06:14:54 75848 31969
06:15:55 35314 16436
06:16:55 77909 19559
06:17:55 43086 4432
06:18:56 325675 25567
06:19:56 48685 9359
06:20:57 62908 8703
06:21:57 171551 27865
06:22:57 1067176 46726
06:23:58 45148 9757
06:24:58 65215 14530
06:25:59 35180 12661
06:26:59 93035 55735
06:28:00 47284 12268
06:29:00 65731 5942
06:30:00 71395 29458
06:31:01 36568 9697
06:32:01 209447 29707
06:33:02 51224 25743
06:34:02 127533 17245
06:35:02 60381 29327
06:36:03 76071 13199
06:37:03 65409 23276
06:38:04 94793 20495
06:39:04 55946 14358
06:40:05 171849 36416
06:41:05 51528 3965
06:42:06 79628 14906
06:43:06 96767 45565
06:44:06 82330 3390
06:45:07 76139 47196
06:46:07 93418 24805
06:47:08 54118 10091
06:48:08 47685 3295
06:49:08 51384 24400
06:50:09 48547 11410
06:51:09 9750 90481
06:52:10 39731 5787
06:53:10 86144 37495
06:54:11 132715 16654
06:55:11 350142 30942
06:56:11 87935 61719
06:57:12 89932 14546
06:58:12 267705 13133
06:59:13 56579 11619
07:00:13 110655 23803
07:01:14 111160 17059
07:02:14 128235 78189
07:03:15 224015 36921
07:04:15 90903 14833
07:05:15 179931 52942
07:06:16 136057 130925
07:07:16 103436 25171
07:08:17 253880 27459
07:09:17 40637 12617
07:10:18 296903 73773
07:11:18 372013 53804
07:12:19 234019 43816
07:13:19 195266 16552
07:14:20 49881 7938
07:15:20 114428 27277
07:16:21 217414 47745
07:17:21 74844 12387
07:18:22 38398 8542
07:19:22 37598 27207
07:20:22 71732 18572
07:21:23 70989 7741
07:22:23 74482 44041
07:23:24 133854 25296
07:24:24 5100 7032
07:25:25 129687 29960
07:26:25 161553 36128
07:27:25 29512 16405
07:28:26 25889 5786
07:29:26 416748 34008
07:30:27 56290 6740
07:31:27 62152 12797
07:32:27 109299 12090
07:33:28 219314 86079
07:34:28 156680 71505
07:35:29 68223 12414
07:36:29 73295 40762
07:37:30 67185 10841
07:38:30 181301 98544
07:39:30 207331 94514
07:40:31 117922 16959
07:41:31 75045 8924
07:42:32 274283 39360
07:43:32 128928 14118
07:44:33 103061 8101
07:45:33 60708 8674
07:46:33 160495 38556
07:47:34 50094 15041
07:48:34 112866 12502
07:49:35 76518 36456
07:50:35 105416 23842
07:51:36 89342 12356
07:52:36 195454 75086
07:53:36 156817 17978
07:54:37 89382 9855
07:55:37 95043 59530
07:56:38 616327 22542
07:57:38 218156 21593
07:58:38 542861 73405
07:59:39 138639 41508
08:00:39 142832 57519
08:01:40 129354 35039
08:02:40 392941 102551
08:03:40 190471 80440
08:04:41 107745 43684
08:05:41 108909 169690
08:06:41 53804 38552
08:07:41 97969 46478
08:08:42 118649 30742
08:09:42 140527 28076
08:10:42 60306 9493
08:11:43 111689 24837
08:12:46 67616 43080
08:13:43 44455 8918
08:14:44 27815 10466
08:15:44 145179 57997
08:16:44 185368 50311
08:17:46 413473 32544
08:18:46 27989 30166
08:19:47 172250 20055
08:20:47 1072820 43303
08:21:48 70296 10301
08:22:48 76077 24979
08:23:48 262260 25748
08:24:49 900424 77943
08:25:49 152607 64153
08:26:49 284971 37158
08:27:50 60089 11787
08:28:50 182210 62434
08:29:50 37300 15320
08:30:51 270534 53407
08:31:51 452610 60631
08:32:51 95700 46966
08:33:52 319614 37753
08:34:52 249442 26534
08:35:52 62800 43456
08:36:53 125436 7898
08:37:53 54722 11651
08:38:53 51958 22312
08:39:54 323828 25656
08:40:54 18208 2850
08:41:54 32325 30108
08:42:54 351721 54889
08:43:55 208254 83438
08:44:55 238692 66064
08:45:56 126023 43590
08:46:56 162669 15777
08:47:56 161377 25274
08:48:56 106639 28245
08:49:57 542842 41919
08:50:57 157252 26208
08:51:57 103640 30944
08:52:58 410287 16331
08:54:01 274817 51478
08:54:58 168741 29221
08:55:59 89824 42450
08:56:59 155041 11011
08:57:59 135121 25578
08:59:00 131606 42725
09:00:00 216048 12501
09:01:01 77205 16439
09:02:01 290811 60837
09:03:03 78474 16850
09:04:01 888069 37247
09:05:01 74695 38580
09:06:02 197975 17245
09:07:02 124678 41523
09:08:02 222522 20535
09:09:03 148244 55288
09:10:03 351467 47493
09:11:03 16382 10274
09:12:04 176073 38534
09:13:04 247234 45219
09:14:04 37492 4283
09:15:04 590856 69179
09:16:05 75505 14641
09:17:05 66791 5695
09:18:06 392545 89738
09:19:07 89979 9063
09:20:08 967217 66848
09:21:08 73312 102752
09:22:08 184535 56649
09:23:09 9146 8930
09:24:09 26807 20546
09:25:09 76379 14016
09:26:10 236345 20901
09:27:10 169871 37587
09:28:10 163999 26614
09:29:11 71911 10365
09:30:11 16664 7735
09:31:11 287317 46133
09:32:11 96370 37875
09:33:15 40351 13797
09:34:12 392557 170022
09:35:12 83306 9506
09:36:13 8132 8160
09:37:16 128846 38155
09:38:13 167503 26859
09:39:14 387101 21752
09:40:14 37122 3504
09:41:15 810181 53099
09:42:15 424511 110112
09:43:16 211930 23790
09:44:16 249660 75834
09:45:15 22493 16420
09:46:16 103096 13412
09:47:17 78390 28131
09:48:18 -1 -1
09:49:18 67423 12139
09:50:18 93722 26550
09:51:19 175467 85323
09:52:19 254110 13380
09:53:19 145460 25501
09:54:20 89729 99801
09:55:20 101433 26622
09:56:20 145686 91101
09:57:21 670408 47058
09:58:24 1069457 42221
09:59:22 134799 14989
10:00:23 393159 34071
10:01:23 233671 14835
10:02:23 261703 13457
10:03:23 132777 50755
10:04:24 86930 43690
10:05:24 227906 43978
10:06:24 45356 7709
10:07:25 436942 53788
10:08:25 171935 35607
10:09:25 42585 16178
10:10:26 417290 40060
10:11:26 166482 36470
10:12:26 237698 47131
10:13:27 171135 80589
10:14:27 949035 65118
10:15:27 317142 27404
10:16:28 187594 14887
10:17:28 1092654 93944
10:18:28 88747 12074
10:19:29 923880 81639
10:20:31 281905 34660
10:21:30 86935 22606
10:22:30 89795 29547
10:23:31 92034 17000
10:24:31 313871 35321
10:25:31 378045 19851
10:26:32 271797 28060
