00:00:17 4 0 34
00:00:46 4 0 33
00:01:38 4 0 35
00:01:53 4 0 32
00:02:19 4 0 32
00:02:49 4 0 30
00:03:20 4 0 34
00:03:50 4 0 34
00:04:20 4 0 33
00:04:51 4 0 34
00:05:21 4 0 34
00:05:53 4 0 29
00:06:23 4 0 34
00:06:53 4 0 32
00:07:24 4 0 33
02:00:03 4 0 34
02:00:34 4 0 34
02:01:04 4 0 33
02:01:34 4 0 33
02:02:04 4 0 34
02:02:34 4 0 33
02:03:05 4 0 34
02:03:35 4 0 33
02:04:05 4 0 42
02:04:35 4 0 32
02:05:06 4 0 33
02:05:36 4 0 33
02:06:06 4 0 36
02:06:36 4 0 31
02:07:06 4 0 33
02:07:37 4 0 34
02:08:07 4 0 37
02:08:37 4 0 34
02:09:07 4 0 34
02:09:37 4 0 29
02:10:08 4 0 34
02:10:38 4 0 33
02:11:08 4 0 33
02:11:38 4 0 33
02:12:09 4 0 33
02:12:39 4 0 34
02:13:09 4 0 32
02:13:39 4 0 34
02:14:09 4 0 32
02:14:40 4 0 34
02:15:10 4 0 32
02:15:40 4 0 34
02:16:10 4 0 34
02:16:40 4 0 35
02:17:11 4 0 35
02:17:41 4 0 32
02:18:11 4 0 34
02:18:41 4 0 33
02:19:12 4 0 34
02:19:42 4 0 33
02:20:12 4 0 33
02:20:42 4 0 32
02:21:12 4 0 30
02:21:43 4 0 33
02:22:13 4 0 33
02:22:43 4 0 34
02:23:13 4 0 35
02:23:43 4 0 33
02:24:14 4 0 32
02:24:44 4 0 34
02:25:14 4 0 32
02:25:44 4 0 34
02:26:15 4 0 34
02:26:45 4 0 33
02:27:15 4 0 31
02:27:45 4 0 32
02:28:15 4 0 33
02:28:45 4 0 34
02:29:16 4 0 34
02:29:46 4 0 33
02:30:16 4 0 32
02:30:46 4 0 33
02:31:17 4 0 32
02:31:47 4 0 32
02:32:17 4 0 30
02:32:47 4 0 29
02:33:17 4 0 34
02:33:48 4 0 31
02:34:18 4 0 32
02:34:48 4 0 35
02:35:18 4 0 34
02:35:48 4 0 34
02:36:19 4 0 34
02:36:49 4 0 34
02:37:19 4 0 34
02:37:49 4 0 34
02:38:20 4 0 32
02:38:50 4 0 33
02:39:20 4 0 32
02:39:50 4 0 33
02:40:20 4 0 30
02:40:51 4 0 32
02:41:21 4 0 34
02:41:51 4 0 33
02:42:21 4 0 30
02:42:51 4 0 33
02:43:22 4 0 34
02:43:52 4 0 35
02:44:22 4 0 33
02:44:52 4 0 29
02:45:22 4 0 33
02:45:53 4 0 34
02:46:23 4 0 34
02:46:53 4 0 30
02:47:23 4 0 31
02:47:53 4 0 34
02:48:24 4 0 30
02:48:54 4 0 33
02:49:24 4 0 29
02:49:54 4 0 32
02:50:24 4 0 34
02:50:55 4 0 33
02:51:25 4 0 33
02:51:55 4 0 33
02:52:25 4 0 34
02:52:55 4 0 34
02:53:26 4 0 34
02:53:56 4 0 33
02:54:26 4 0 32
02:54:56 4 0 34
02:55:27 4 0 34
02:55:57 4 0 31
02:56:27 4 0 34
02:56:57 4 0 32
02:57:28 4 0 33
02:57:58 4 0 38
02:58:28 4 0 34
02:58:58 4 0 33
02:59:29 4 0 32
02:59:59 4 0 32
03:00:29 4 0 34
03:00:59 4 0 33
03:01:29 4 0 32
03:02:00 4 0 33
03:02:30 4 0 36
03:03:00 4 0 32
03:03:30 4 0 33
03:04:00 4 0 34
03:04:31 4 0 58
03:05:01 4 0 34
03:05:31 4 0 36
03:06:02 4 0 34
03:06:32 4 0 33
03:07:02 4 0 33
03:07:32 4 0 31
03:08:02 4 0 31
03:08:33 4 0 34
03:09:03 4 0 35
03:09:33 4 0 33
03:10:03 4 0 32
03:10:34 4 0 34
03:11:04 4 0 32
03:11:34 4 0 34
03:12:04 4 0 34
03:12:35 3 1 31
03:13:04 4 0 34
03:13:35 4 0 33
03:14:05 4 0 34
03:14:35 4 0 35
03:15:06 4 0 32
03:15:36 4 0 32
03:16:06 4 0 34
03:16:36 4 0 33
03:17:06 4 0 34
03:17:37 4 0 35
03:18:07 4 0 31
03:18:37 4 0 32
03:19:07 4 0 33
03:19:38 4 0 31
03:20:08 4 0 34
03:20:38 4 0 33
03:21:08 4 0 33
03:21:38 4 0 34
03:22:09 4 0 30
03:22:39 4 0 34
03:23:09 4 0 31
03:23:39 4 0 33
03:24:09 4 0 34
03:24:40 4 0 33
03:25:10 4 0 34
03:25:40 4 0 33
03:26:10 4 0 34
03:26:42 3 1 33
03:27:11 4 0 32
03:27:41 4 0 33
03:28:11 4 0 34
03:28:42 4 0 36
03:29:12 4 0 34
03:29:42 4 0 34
03:30:12 4 0 34
03:30:42 4 0 32
03:31:12 4 0 34
03:31:43 4 0 33
03:32:13 4 0 34
03:32:43 4 0 33
03:33:13 4 0 34
03:33:44 4 0 30
03:34:14 4 0 33
03:34:45 4 0 32
03:35:15 4 0 33
03:35:45 4 0 30
03:36:16 4 0 32
03:36:46 4 0 34
03:37:16 4 0 34
03:37:46 4 0 58
03:38:16 4 0 35
03:38:47 4 0 34
03:39:17 4 0 30
03:39:47 4 0 32
03:40:18 4 0 36
03:40:48 4 0 33
03:41:18 4 0 34
03:41:48 4 0 32
03:42:18 4 0 33
03:42:48 4 0 32
03:43:19 4 0 33
03:43:49 4 0 33
03:44:19 4 0 33
03:44:49 4 0 35
03:45:19 4 0 34
03:45:50 4 0 32
03:46:20 4 0 33
03:46:50 4 0 32
03:47:20 4 0 33
03:47:51 4 0 33
03:48:21 4 0 34
03:48:51 4 0 33
03:49:21 4 0 34
03:49:51 4 0 36
03:50:22 4 0 31
03:50:52 4 0 58
03:51:22 4 0 32
03:51:52 4 0 33
03:52:22 4 0 31
03:52:53 4 0 36
03:53:23 4 0 34
03:53:53 4 0 33
03:54:23 4 0 33
03:54:54 4 0 34
03:55:24 4 0 33
03:55:54 4 0 34
03:56:25 4 0 30
03:56:55 4 0 34
03:57:25 4 0 34
03:57:55 4 0 36
03:58:25 4 0 33
03:58:56 4 0 33
03:59:26 4 0 32
03:59:56 4 0 33
04:00:26 4 0 34
04:00:57 4 0 34
04:01:27 4 0 33
04:01:57 4 0 42
04:02:27 4 0 34
04:02:57 4 0 31
04:03:28 4 0 34
04:03:58 4 0 35
04:04:28 4 0 33
04:04:58 4 0 34
04:05:28 4 0 32
04:05:59 4 0 33
04:06:29 4 0 34
04:06:59 4 0 33
04:07:29 4 0 33
04:08:00 4 0 34
04:08:30 4 0 58
04:09:00 4 0 32
04:09:30 4 0 34
04:10:00 4 0 34
04:10:31 4 0 33
04:11:01 4 0 30
04:11:31 4 0 34
04:12:01 4 0 31
04:12:31 4 0 34
04:13:02 4 0 32
04:13:32 4 0 30
04:14:02 4 0 33
04:14:32 4 0 33
04:15:02 4 0 32
04:15:33 4 0 34
04:16:03 4 0 34
04:16:33 4 0 32
04:17:03 4 0 32
04:17:33 4 0 31
04:18:04 4 0 33
04:18:34 4 0 34
04:19:04 4 0 33
04:19:34 4 0 34
04:20:05 4 0 31
04:20:35 4 0 34
04:21:05 4 0 34
04:21:35 4 0 33
04:22:05 4 0 34
04:22:36 4 0 31
04:23:06 4 0 36
04:23:36 4 0 33
04:24:06 4 0 31
04:24:36 4 0 33
04:25:07 4 0 34
04:25:37 4 0 33
04:26:07 4 0 34
04:26:37 4 0 33
04:27:08 4 0 34
04:27:38 4 0 32
04:28:08 4 0 31
04:28:38 4 0 34
04:29:08 4 0 33
04:29:38 4 0 36
04:30:09 4 0 32
04:30:39 4 0 33
04:31:09 4 0 33
04:31:39 4 0 32
04:32:10 4 0 31
04:32:40 4 0 37
04:33:10 4 0 33
04:33:41 3 1 34
04:34:10 4 0 33
04:34:40 4 0 33
04:35:11 4 0 33
04:35:41 4 0 34
04:36:11 4 0 35
04:36:42 4 0 33
04:37:12 4 0 32
04:37:42 4 0 33
04:38:12 4 0 32
04:38:42 4 0 33
04:39:13 4 0 32
04:39:43 4 0 33
04:40:13 4 0 34
04:40:43 4 0 33
04:41:14 4 0 34
04:41:44 4 0 32
04:42:14 4 0 34
04:42:44 4 0 34
04:43:14 4 0 34
04:43:45 4 0 34
04:44:15 4 0 36
04:44:45 4 0 33
04:45:15 4 0 33
04:45:45 4 0 34
04:46:16 4 0 33
04:46:46 4 0 32
04:47:16 4 0 35
04:47:46 4 0 33
04:48:16 4 0 32
04:48:47 4 0 34
04:49:17 4 0 32
04:49:47 4 0 31
04:50:17 4 0 36
04:50:47 4 0 32
04:51:18 4 0 75
04:51:48 4 0 33
04:52:18 4 0 33
04:52:48 4 0 32
04:53:19 4 0 32
04:53:49 4 0 31
04:54:19 4 0 36
04:54:49 4 0 32
04:55:19 4 0 35
04:55:50 4 0 34
04:56:20 4 0 35
04:56:50 4 0 33
04:57:20 4 0 34
04:57:50 4 0 31
04:58:21 4 0 31
04:58:51 4 0 34
04:59:21 4 0 33
04:59:51 4 0 33
05:00:22 4 0 33
05:00:52 4 0 33
05:01:22 4 0 33
05:01:52 4 0 32
05:02:22 4 0 32
05:02:52 4 0 32
05:03:23 4 0 35
05:03:53 4 0 33
05:04:24 3 1 32
05:04:53 4 0 32
05:05:24 4 0 30
05:05:54 4 0 34
05:06:24 4 0 34
05:06:54 4 0 33
05:07:24 4 0 33
05:07:54 4 0 33
05:08:25 4 0 35
05:08:55 4 0 34
05:09:25 4 0 33
05:09:55 4 0 33
05:10:26 4 0 33
05:10:56 4 0 34
05:11:26 4 0 32
05:11:56 4 0 34
05:12:27 4 0 53
05:12:57 4 0 34
05:13:27 4 0 35
05:13:57 4 0 33
05:14:27 4 0 33
05:14:58 4 0 35
05:15:28 4 0 34
05:15:58 4 0 32
05:16:28 4 0 33
05:16:58 4 0 32
05:17:29 4 0 34
05:17:59 4 0 34
05:18:29 4 0 33
05:18:59 4 0 33
05:19:30 4 0 35
05:20:00 4 0 34
05:20:30 4 0 35
05:21:00 4 0 33
05:21:30 4 0 32
05:22:01 4 0 32
05:22:32 3 1 33
05:23:01 4 0 34
05:23:31 4 0 32
05:24:01 4 0 31
05:24:32 4 0 33
05:25:02 4 0 34
05:25:32 4 0 33
05:26:02 4 0 31
05:26:33 4 0 31
05:27:03 4 0 32
05:27:33 4 0 33
05:28:03 4 0 33
05:28:33 4 0 31
05:29:03 4 0 34
05:29:34 4 0 32
05:30:04 4 0 31
05:30:34 4 0 33
05:31:04 4 0 34
05:31:35 3 1 33
05:32:05 4 0 35
05:32:35 4 0 29
05:33:05 4 0 33
05:33:35 4 0 32
05:34:06 4 0 34
05:34:36 4 0 33
05:35:06 4 0 34
05:35:36 4 0 34
05:36:06 4 0 33
05:36:37 4 0 34
05:37:07 4 0 32
05:37:37 4 0 29
05:38:07 4 0 31
05:38:38 4 0 34
05:39:08 4 0 33
05:39:38 4 0 32
05:40:08 4 0 33
05:40:39 4 0 33
05:41:09 4 0 33
05:41:39 4 0 34
05:42:09 4 0 31
05:42:39 4 0 33
05:43:10 4 0 33
05:43:40 4 0 33
05:44:10 4 0 34
05:44:40 4 0 31
05:45:10 4 0 29
05:45:41 4 0 33
05:46:11 4 0 34
05:46:41 4 0 31
05:47:11 4 0 34
05:47:41 4 0 31
05:48:13 3 1 34
05:48:42 4 0 33
05:49:12 4 0 32
05:49:42 4 0 35
05:50:12 4 0 34
05:50:43 4 0 35
05:51:13 4 0 34
05:51:43 4 0 32
05:52:13 4 0 32
05:52:44 4 0 34
05:53:14 4 0 35
05:53:44 4 0 30
05:54:14 4 0 31
05:54:44 4 0 32
05:55:15 4 0 33
05:55:45 4 0 32
05:56:15 4 0 33
05:56:45 4 0 33
05:57:16 4 0 34
05:57:46 4 0 34
05:58:16 4 0 34
05:58:46 4 0 31
05:59:16 4 0 35
05:59:47 4 0 34
06:00:17 4 0 32
06:00:47 4 0 31
06:01:17 4 0 34
06:01:48 4 0 35
06:02:18 4 0 34
06:02:48 4 0 34
06:03:18 4 0 34
06:03:49 4 0 33
06:04:19 4 0 35
06:04:49 4 0 33
06:05:19 4 0 30
06:05:49 4 0 34
06:06:19 4 0 34
06:06:50 4 0 33
06:07:20 4 0 30
06:07:50 4 0 32
06:08:20 4 0 33
06:08:52 3 1 34
06:09:21 4 0 33
06:09:51 4 0 33
06:10:21 4 0 34
06:10:51 4 0 32
06:11:22 4 0 32
06:11:52 4 0 35
06:12:22 4 0 34
06:12:52 4 0 30
06:13:22 4 0 30
06:13:53 4 0 32
06:14:23 4 0 32
06:14:53 4 0 32
06:15:23 4 0 33
06:15:53 4 0 31
06:16:24 4 0 32
06:16:54 4 0 32
06:17:24 4 0 33
06:17:54 4 0 31
06:18:24 4 0 31
06:18:55 4 0 35
06:19:25 4 0 33
06:19:55 4 0 31
06:20:25 4 0 32
06:20:56 4 0 33
06:21:26 4 0 28
06:21:56 4 0 31
06:22:26 4 0 33
06:22:56 4 0 51
06:23:26 4 0 34
06:23:57 4 0 30
06:24:27 4 0 33
06:24:57 4 0 32
06:25:27 4 0 34
06:25:58 4 0 32
06:26:28 4 0 32
06:26:58 4 0 34
06:27:28 4 0 31
06:27:58 4 0 32
06:28:29 4 0 33
06:28:59 4 0 34
06:29:29 4 0 34
06:29:59 4 0 34
06:30:29 4 0 33
06:31:00 4 0 34
06:31:30 4 0 30
06:32:00 4 0 33
06:32:30 4 0 34
06:33:02 3 1 34
06:33:31 4 0 30
06:34:01 4 0 33
06:34:31 4 0 34
06:35:01 4 0 34
06:35:32 4 0 32
06:36:02 4 0 33
06:36:32 4 0 32
06:37:02 4 0 32
06:37:33 4 0 31
06:38:03 4 0 31
06:38:33 4 0 32
06:39:03 4 0 32
06:39:33 4 0 32
06:40:04 4 0 34
06:40:34 4 0 33
06:41:04 4 0 34
06:41:34 4 0 32
06:42:04 4 0 32
06:42:35 4 0 34
06:43:05 4 0 33
06:43:35 4 0 33
06:44:05 4 0 30
06:44:35 4 0 36
06:45:06 4 0 32
06:45:36 4 0 32
06:46:06 4 0 33
06:46:36 4 0 32
06:47:07 4 0 35
06:47:37 4 0 33
06:48:07 4 0 33
06:48:37 4 0 34
06:49:07 4 0 34
06:49:38 4 0 33
06:50:08 4 0 32
06:50:38 4 0 33
06:51:08 4 0 32
06:51:38 4 0 34
06:52:09 4 0 33
06:52:39 4 0 52
06:53:09 4 0 32
06:53:40 3 1 32
06:54:10 4 0 34
06:54:40 4 0 30
06:55:10 4 0 35
06:55:40 4 0 34
06:56:10 4 0 33
06:56:41 4 0 33
06:57:11 4 0 34
06:57:41 4 0 32
06:58:11 4 0 32
06:58:41 4 0 34
06:59:12 4 0 33
06:59:42 4 0 34
07:00:12 4 0 33
07:00:42 4 0 33
07:01:13 4 0 34
07:01:43 4 0 34
07:02:13 4 0 34
07:02:43 4 0 34
07:03:14 4 0 33
07:03:44 4 0 35
07:04:14 4 0 33
07:04:44 4 0 34
07:05:14 4 0 32
07:05:45 4 0 34
07:06:15 4 0 34
07:06:45 4 0 34
07:07:15 4 0 33
07:07:45 4 0 30
07:08:16 4 0 33
07:08:46 4 0 34
07:09:16 4 0 32
07:09:46 4 0 34
07:10:17 4 0 36
07:10:47 4 0 34
07:11:17 4 0 34
07:11:47 4 0 36
07:12:18 4 0 34
07:12:48 4 0 33
07:13:18 4 0 36
07:13:48 4 0 34
07:14:19 4 0 32
07:14:49 4 0 32
07:15:20 3 1 34
07:15:49 4 0 33
07:16:19 4 0 29
07:16:50 4 0 33
07:17:20 4 0 32
07:17:50 4 0 34
07:18:20 4 0 34
07:18:51 4 0 33
07:19:21 4 0 32
07:19:51 4 0 34
07:20:21 4 0 32
07:20:51 4 0 31
07:21:22 4 0 32
07:21:52 4 0 33
07:22:22 4 0 35
07:22:52 4 0 33
07:23:22 4 0 33
07:23:53 4 0 33
07:24:23 4 0 30
07:24:53 4 0 33
07:25:23 4 0 34
07:25:53 4 0 35
07:26:24 4 0 34
07:26:54 4 0 33
07:27:24 4 0 34
07:27:54 4 0 33
07:28:25 4 0 32
07:28:55 4 0 33
07:29:25 4 0 37
07:29:55 4 0 33
07:30:25 4 0 34
07:30:56 4 0 36
07:31:26 4 0 31
07:31:56 4 0 34
07:32:26 4 0 31
07:32:56 4 0 35
07:33:27 4 0 31
07:33:57 4 0 34
07:34:27 4 0 34
07:34:57 4 0 34
07:35:28 4 0 34
07:35:58 4 0 34
07:36:28 4 0 32
07:36:58 4 0 35
07:37:28 4 0 33
07:37:59 4 0 33
07:38:29 4 0 33
07:38:59 4 0 32
07:39:29 4 0 29
07:40:00 4 0 36
07:40:30 4 0 32
07:41:00 4 0 33
07:41:30 4 0 31
07:42:01 4 0 62
07:42:31 4 0 36
07:43:01 4 0 34
07:43:31 4 0 34
07:44:01 4 0 34
07:44:32 4 0 31
07:45:02 4 0 32
07:45:32 4 0 31
07:46:02 4 0 35
07:46:32 4 0 34
07:47:03 3 1 33
07:47:33 4 0 34
07:48:03 4 0 31
07:48:33 4 0 33
07:49:03 4 0 32
07:49:34 4 0 33
07:50:04 4 0 34
07:50:34 4 0 34
07:51:04 4 0 37
07:51:35 4 0 35
07:52:05 4 0 34
07:52:35 4 0 32
07:53:05 4 0 34
07:53:35 4 0 34
07:54:05 4 0 32
07:54:36 4 0 32
07:55:06 4 0 32
07:55:36 4 0 34
07:56:06 4 0 32
07:56:37 4 0 32
07:57:07 4 0 34
07:57:37 4 0 34
07:58:08 4 0 32
07:58:38 4 0 37
07:59:08 4 0 34
07:59:39 4 0 34
08:00:09 4 0 34
08:00:39 4 0 30
08:01:09 4 0 33
08:01:40 4 0 34
08:02:10 4 0 30
08:02:40 4 0 30
08:03:10 4 0 33
08:03:40 4 0 34
08:04:10 4 0 32
08:04:41 4 0 36
08:05:11 4 0 32
08:05:41 4 0 34
08:06:11 4 0 33
08:06:41 4 0 32
08:07:11 4 0 32
08:07:41 4 0 35
08:08:12 4 0 34
08:08:42 4 0 36
08:09:12 4 0 34
08:09:42 4 0 35
08:10:12 4 0 33
08:10:42 4 0 32
08:11:12 4 0 31
08:11:43 4 0 30
08:12:13 4 0 33
08:12:43 4 0 37
08:13:13 4 0 30
08:13:43 4 0 35
08:14:13 4 0 33
08:14:44 4 0 30
08:15:14 4 0 34
08:15:44 4 0 34
08:16:14 4 0 32
08:16:44 4 0 35
08:17:14 4 0 66
08:17:45 4 0 40
08:18:15 4 0 32
08:18:45 4 0 32
08:19:15 4 0 32
08:19:46 4 0 30
08:20:16 4 0 33
08:20:46 4 0 34
08:21:16 4 0 34
08:21:47 4 0 34
08:22:17 4 0 34
08:22:47 4 0 34
08:23:17 4 0 32
08:23:48 3 1 34
08:24:17 4 0 33
08:24:48 4 0 56
08:25:18 4 0 33
08:25:48 4 0 32
08:26:18 4 0 32
08:26:48 4 0 34
08:27:18 4 0 33
08:27:49 4 0 34
08:28:19 4 0 34
08:28:49 4 0 32
08:29:19 4 0 34
08:29:49 4 0 37
08:30:19 4 0 34
08:30:50 4 0 34
08:31:20 4 0 45
08:31:50 4 0 34
08:32:20 4 0 31
08:32:50 4 0 34
08:33:20 4 0 32
08:33:50 4 0 33
08:34:21 4 0 62
08:34:51 4 0 34
08:35:21 4 0 33
08:35:51 4 0 35
08:36:21 4 0 34
08:36:51 4 0 32
08:37:22 4 0 32
08:37:52 4 0 34
08:38:22 4 0 33
08:38:52 4 0 31
08:39:22 4 0 32
08:39:53 4 0 38
08:40:23 4 0 32
08:40:53 4 0 32
08:41:23 4 0 30
08:41:53 4 0 33
08:42:23 4 0 31
08:42:53 4 0 33
08:43:24 4 0 33
08:43:54 4 0 31
08:44:24 4 0 34
08:44:54 4 0 32
08:45:24 4 0 35
08:45:54 4 0 33
08:46:25 4 0 35
08:46:55 4 0 36
08:47:25 4 0 33
08:47:55 4 0 35
08:48:25 4 0 34
08:48:55 4 0 32
08:49:25 4 0 34
08:49:56 4 0 32
08:50:26 4 0 31
08:50:56 4 0 34
08:51:26 4 0 34
08:51:56 4 0 36
08:52:26 4 0 31
08:52:57 4 0 34
08:53:27 4 0 42
08:53:58 3 1 37
08:54:27 4 0 33
08:54:57 4 0 32
08:55:28 4 0 33
08:55:58 4 0 34
08:56:28 4 0 33
08:56:58 4 0 33
08:57:30 2 2 33
08:57:58 4 0 31
08:58:29 4 0 34
08:58:59 4 0 34
08:59:29 4 0 34
09:00:00 4 0 30
09:00:30 4 0 33
09:01:00 4 0 34
09:01:30 4 0 34
09:02:00 4 0 33
09:02:30 4 0 32
09:03:01 4 0 31
09:03:31 4 0 32
09:04:01 4 0 33
09:04:31 4 0 34
09:05:01 4 0 33
09:05:31 4 0 33
09:06:02 4 0 34
09:06:32 4 0 32
09:07:02 4 0 31
09:07:32 4 0 34
09:08:02 4 0 34
09:08:32 4 0 31
09:09:03 4 0 34
09:09:33 4 0 33
09:10:03 4 0 33
09:10:33 4 0 32
09:11:03 4 0 35
09:11:33 4 0 32
09:12:04 3 1 34
09:12:34 4 0 32
09:13:04 4 0 32
09:13:34 4 0 34
09:14:04 4 0 34
09:14:34 4 0 35
09:15:04 4 0 33
09:15:35 3 1 31
09:16:05 4 0 33
09:16:35 4 0 33
09:17:06 3 1 33
09:17:35 4 0 32
09:18:05 4 0 33
09:18:36 4 0 34
09:19:06 4 0 35
09:19:36 4 0 31
09:20:07 4 0 34
09:20:37 4 0 31
09:21:07 4 0 30
09:21:37 4 0 34
09:22:07 4 0 34
09:22:37 4 0 32
09:23:08 4 0 36
09:23:38 4 0 32
09:24:08 4 0 31
09:24:38 4 0 34
09:25:08 4 0 36
09:25:39 3 1 34
09:26:09 4 0 33
09:26:39 4 0 34
09:27:09 4 0 31
09:27:40 4 0 34
09:28:10 4 0 34
09:28:40 4 0 33
09:29:10 4 0 35
09:29:40 4 0 33
09:30:11 4 0 30
09:30:41 4 0 32
09:31:11 4 0 33
09:31:41 4 0 34
09:32:11 4 0 35
09:32:41 4 0 32
09:33:12 4 0 33
09:33:42 4 0 31
09:34:12 4 0 33
09:34:42 4 0 34
09:35:12 4 0 34
09:35:42 4 0 32
09:36:12 4 0 29
09:36:43 4 0 36
09:37:13 4 0 31
09:37:43 4 0 33
09:38:13 4 0 45
09:38:43 4 0 34
09:39:14 3 1 33
09:39:44 4 0 32
09:40:14 4 0 32
09:40:44 4 0 32
09:41:14 4 0 34
09:41:44 4 0 32
09:42:14 4 0 32
09:42:44 4 0 31
09:43:15 4 0 34
09:43:45 4 0 32
09:44:15 4 0 34
09:44:46 3 1 32
09:45:15 4 0 33
09:45:45 4 0 34
09:46:16 4 0 34
09:46:47 3 1 34
09:47:17 4 0 33
09:47:47 4 0 34
09:48:18 4 0 35
09:48:48 4 0 32
09:49:18 4 0 33
09:49:48 4 0 33
09:50:18 4 0 33
09:50:48 4 0 34
09:51:19 4 0 34
09:51:49 4 0 33
09:52:19 4 0 33
09:52:49 4 0 34
09:53:20 3 1 33
09:53:49 4 0 32
09:54:20 3 1 32
09:54:50 4 0 32
09:55:20 4 0 33
09:55:50 4 0 34
09:56:21 3 1 33
09:56:50 4 0 32
09:57:21 4 0 32
09:57:51 4 0 34
09:58:21 4 0 33
09:58:51 4 0 34
09:59:22 4 0 33
09:59:52 4 0 33
10:00:23 4 0 32
10:00:53 4 0 56
10:01:23 4 0 64
10:01:53 4 0 33
10:02:23 4 0 33
10:02:53 4 0 34
10:03:23 4 0 31
10:03:53 4 0 32
10:04:24 4 0 32
10:04:54 4 0 34
10:05:24 4 0 34
10:05:54 4 0 32
10:06:24 4 0 37
10:06:54 4 0 32
10:07:25 4 0 32
10:07:55 4 0 33
10:08:25 4 0 33
10:08:55 4 0 34
10:09:26 4 0 71
10:09:55 4 0 34
10:10:26 4 0 33
10:10:56 4 0 34
10:11:26 4 0 34
10:11:56 4 0 68
10:12:26 4 0 30
10:12:56 4 0 32
10:13:27 4 0 34
10:13:57 4 0 31
10:14:27 4 0 34
10:14:57 4 0 34
10:15:27 4 0 33
10:15:58 3 1 33
10:16:28 4 0 32
10:16:58 4 0 35
10:17:28 4 0 31
10:17:58 4 0 34
10:18:28 4 0 32
10:18:58 4 0 34
10:19:29 4 0 30
10:19:59 4 0 33
10:20:30 4 0 34
10:21:00 4 0 34
10:21:30 4 0 32
10:22:00 4 0 34
10:22:31 4 0 34
10:23:01 4 0 32
10:23:31 4 0 34
10:24:01 4 0 32
10:24:31 4 0 34
10:25:01 4 0 33
10:25:31 4 0 33
10:26:01 4 0 33
10:26:32 4 0 33
