00:00:20 4 0 26
00:00:48 4 0 26
00:01:40 4 0 28
00:01:53 4 0 27
00:02:21 4 0 35
00:02:52 4 0 26
00:03:23 4 0 35
00:03:56 4 0 26
00:04:26 4 0 27
00:04:57 4 0 35
00:05:27 4 0 26
00:05:58 4 0 26
00:06:28 4 0 26
00:07:11 4 0 26
02:00:04 4 0 36
02:00:34 4 0 35
02:01:04 4 0 26
02:01:34 4 0 26
02:02:04 4 0 26
02:02:34 4 0 26
02:03:05 4 0 35
02:03:35 4 0 26
02:04:05 4 0 37
02:04:35 4 0 26
02:05:06 4 0 26
02:05:36 4 0 35
02:06:06 4 0 35
02:06:36 4 0 35
02:07:06 4 0 27
02:07:37 4 0 35
02:08:07 4 0 26
02:08:37 4 0 27
02:09:07 4 0 35
02:09:38 4 0 26
02:10:08 4 0 26
02:10:38 4 0 26
02:11:08 4 0 35
02:11:38 4 0 35
02:12:09 4 0 26
02:12:39 4 0 26
02:13:09 4 0 29
02:13:39 4 0 26
02:14:10 4 0 35
02:14:40 4 0 35
02:15:10 4 0 35
02:15:40 4 0 35
02:16:10 4 0 34
02:16:41 4 0 35
02:17:11 4 0 36
02:17:41 4 0 35
02:18:11 4 0 35
02:18:41 4 0 26
02:19:12 4 0 35
02:19:42 4 0 26
02:20:12 4 0 35
02:20:42 4 0 26
02:21:12 4 0 26
02:21:43 4 0 26
02:22:13 4 0 27
02:22:43 4 0 26
02:23:13 4 0 28
02:23:43 4 0 35
02:24:14 4 0 34
02:24:44 4 0 26
02:25:14 4 0 26
02:25:44 4 0 26
02:26:15 4 0 26
02:26:45 4 0 26
02:27:15 4 0 26
02:27:45 4 0 26
02:28:15 4 0 36
02:28:45 4 0 35
02:29:16 4 0 38
02:29:46 4 0 26
02:30:16 4 0 26
02:30:46 4 0 26
02:31:17 4 0 26
02:31:47 4 0 26
02:32:17 4 0 35
02:32:47 4 0 26
02:33:18 4 0 29
02:33:48 4 0 26
02:34:18 4 0 26
02:34:48 4 0 26
02:35:18 4 0 26
02:35:48 4 0 26
02:36:19 4 0 26
02:36:49 4 0 26
02:37:19 4 0 26
02:37:49 4 0 26
02:38:20 4 0 26
02:38:50 4 0 26
02:39:20 4 0 26
02:39:50 4 0 26
02:40:20 4 0 26
02:40:51 4 0 35
02:41:21 4 0 26
02:41:51 4 0 35
02:42:21 4 0 38
02:42:51 4 0 26
02:43:22 4 0 26
02:43:52 4 0 27
02:44:22 4 0 26
02:44:52 4 0 26
02:45:22 4 0 26
02:45:53 4 0 35
02:46:23 4 0 26
02:46:53 4 0 26
02:47:23 4 0 26
02:47:53 4 0 26
02:48:24 4 0 26
02:48:54 4 0 26
02:49:24 4 0 26
02:49:54 4 0 26
02:50:25 4 0 35
02:50:55 4 0 26
02:51:25 4 0 26
02:51:55 4 0 26
02:52:25 4 0 26
02:52:56 4 0 26
02:53:26 4 0 26
02:53:56 4 0 26
02:54:26 4 0 27
02:54:56 4 0 26
02:55:27 4 0 26
02:55:57 4 0 26
02:56:27 4 0 26
02:56:57 4 0 26
02:57:28 4 0 26
02:57:58 4 0 26
02:58:28 4 0 26
02:58:58 4 0 26
02:59:29 4 0 26
02:59:59 4 0 26
03:00:29 4 0 26
03:00:59 4 0 26
03:01:29 4 0 29
03:02:00 4 0 27
03:02:30 4 0 26
03:03:00 4 0 26
03:03:30 4 0 28
03:04:00 4 0 26
03:04:31 4 0 56
03:05:01 4 0 26
03:05:31 4 0 27
03:06:02 4 0 26
03:06:32 4 0 27
03:07:02 4 0 26
03:07:32 4 0 26
03:08:02 4 0 26
03:08:33 4 0 26
03:09:03 4 0 26
03:09:33 4 0 27
03:10:03 4 0 26
03:10:34 4 0 26
03:11:05 3 1 27
03:11:34 4 0 26
03:12:04 4 0 26
03:12:34 4 0 26
03:13:04 4 0 26
03:13:35 4 0 26
03:14:05 4 0 26
03:14:35 4 0 26
03:15:06 4 0 26
03:15:36 4 0 26
03:16:06 4 0 27
03:16:36 4 0 27
03:17:06 4 0 26
03:17:37 4 0 27
03:18:07 4 0 26
03:18:37 4 0 27
03:19:07 4 0 26
03:19:38 4 0 26
03:20:08 4 0 26
03:20:38 4 0 26
03:21:08 4 0 26
03:21:39 4 0 26
03:22:09 4 0 26
03:22:39 4 0 26
03:23:09 4 0 26
03:23:39 4 0 26
03:24:09 4 0 26
03:24:40 4 0 26
03:25:10 4 0 27
03:25:40 4 0 26
03:26:10 4 0 26
03:26:41 4 0 26
03:27:11 4 0 26
03:27:41 4 0 29
03:28:11 4 0 26
03:28:42 4 0 28
03:29:12 4 0 26
03:29:42 4 0 26
03:30:12 4 0 26
03:30:42 4 0 26
03:31:12 4 0 26
03:31:43 4 0 26
03:32:13 4 0 26
03:32:43 4 0 26
03:33:13 4 0 26
03:33:44 4 0 28
03:34:14 4 0 26
03:34:45 4 0 26
03:35:15 4 0 26
03:35:45 4 0 28
03:36:16 4 0 26
03:36:46 4 0 26
03:37:16 4 0 26
03:37:46 4 0 47
03:38:16 4 0 26
03:38:47 4 0 26
03:39:17 4 0 26
03:39:47 4 0 27
03:40:17 4 0 27
03:40:48 4 0 26
03:41:18 4 0 26
03:41:48 4 0 26
03:42:18 4 0 26
03:42:48 4 0 26
03:43:19 4 0 27
03:43:49 4 0 27
03:44:19 4 0 26
03:44:49 4 0 29
03:45:19 4 0 26
03:45:50 4 0 26
03:46:20 4 0 26
03:46:50 4 0 26
03:47:20 4 0 26
03:47:51 4 0 26
03:48:21 4 0 26
03:48:51 4 0 26
03:49:21 4 0 26
03:49:51 4 0 26
03:50:22 4 0 27
03:50:52 4 0 37
03:51:22 4 0 26
03:51:52 4 0 26
03:52:22 4 0 26
03:52:53 4 0 26
03:53:23 4 0 26
03:53:53 4 0 26
03:54:23 4 0 26
03:54:54 4 0 26
03:55:24 4 0 26
03:55:54 4 0 26
03:56:25 4 0 26
03:56:55 4 0 26
03:57:25 4 0 26
03:57:55 4 0 28
03:58:25 4 0 26
03:58:56 4 0 26
03:59:26 4 0 26
03:59:56 4 0 26
04:00:26 4 0 26
04:00:57 4 0 27
04:01:27 4 0 27
04:01:57 4 0 26
04:02:27 4 0 26
04:02:57 4 0 26
04:03:28 4 0 27
04:03:58 4 0 26
04:04:28 4 0 26
04:04:58 4 0 26
04:05:28 4 0 26
04:05:59 4 0 26
04:06:29 4 0 26
04:06:59 4 0 26
04:07:29 4 0 26
04:08:00 4 0 26
04:08:30 4 0 55
04:09:00 4 0 49
04:09:30 4 0 26
04:10:01 4 0 29
04:10:31 4 0 26
04:11:01 4 0 27
04:11:31 4 0 26
04:12:01 4 0 26
04:12:31 4 0 26
04:13:02 4 0 26
04:13:32 4 0 26
04:14:02 4 0 27
04:14:32 4 0 26
04:15:03 4 0 35
04:15:33 4 0 26
04:16:03 4 0 26
04:16:33 4 0 26
04:17:03 4 0 26
04:17:33 4 0 26
04:18:04 4 0 27
04:18:34 4 0 26
04:19:04 4 0 26
04:19:34 4 0 26
04:20:05 4 0 26
04:20:35 4 0 26
04:21:05 4 0 26
04:21:35 4 0 26
04:22:06 4 0 26
04:22:36 4 0 26
04:23:06 4 0 28
04:23:36 4 0 26
04:24:06 4 0 26
04:24:36 4 0 26
04:25:07 4 0 29
04:25:37 4 0 26
04:26:07 4 0 26
04:26:37 4 0 26
04:27:08 4 0 29
04:27:38 4 0 35
04:28:08 4 0 35
04:28:38 4 0 35
04:29:08 4 0 26
04:29:38 4 0 26
04:30:09 4 0 26
04:30:39 4 0 35
04:31:09 4 0 34
04:31:39 4 0 26
04:32:10 4 0 35
04:32:40 4 0 26
04:33:10 4 0 37
04:33:40 4 0 35
04:34:10 4 0 28
04:34:40 4 0 26
04:35:11 4 0 35
04:35:41 4 0 26
04:36:11 4 0 34
04:36:42 4 0 26
04:37:12 4 0 26
04:37:42 4 0 35
04:38:12 4 0 26
04:38:42 4 0 26
04:39:13 4 0 26
04:39:43 4 0 26
04:40:13 4 0 35
04:40:43 4 0 36
04:41:14 4 0 35
04:41:44 4 0 26
04:42:14 4 0 26
04:42:44 4 0 35
04:43:14 4 0 26
04:43:45 4 0 35
04:44:15 4 0 35
04:44:45 4 0 26
04:45:15 4 0 36
04:45:45 4 0 26
04:46:16 4 0 35
04:46:46 4 0 26
04:47:16 4 0 26
04:47:46 4 0 35
04:48:17 4 0 35
04:48:47 4 0 26
04:49:17 4 0 35
04:49:47 4 0 26
04:50:17 4 0 35
04:50:47 4 0 27
04:51:18 4 0 74
04:51:48 4 0 36
04:52:18 4 0 27
04:52:48 4 0 26
04:53:19 4 0 35
04:53:49 4 0 26
04:54:19 4 0 38
04:54:49 4 0 35
04:55:19 4 0 35
04:55:50 4 0 26
04:56:20 4 0 35
04:56:50 4 0 35
04:57:20 4 0 26
04:57:50 4 0 35
04:58:21 4 0 38
04:58:51 4 0 35
04:59:21 4 0 26
04:59:51 4 0 26
05:00:22 4 0 27
05:00:52 4 0 26
05:01:22 4 0 30
05:01:52 4 0 35
05:02:22 4 0 35
05:02:52 4 0 35
05:03:23 4 0 26
05:03:53 4 0 35
05:04:23 4 0 38
05:04:53 4 0 26
05:05:24 4 0 37
05:05:54 4 0 35
05:06:24 4 0 29
05:06:54 4 0 34
05:07:24 4 0 26
05:07:55 4 0 35
05:08:25 4 0 35
05:08:55 4 0 26
05:09:25 4 0 26
05:09:55 4 0 26
05:10:26 4 0 26
05:10:56 4 0 26
05:11:26 4 0 26
05:11:56 4 0 35
05:12:27 4 0 56
05:12:57 4 0 26
05:13:27 4 0 26
05:13:57 4 0 27
05:14:27 4 0 26
05:14:58 4 0 27
05:15:28 4 0 28
05:15:58 4 0 26
05:16:28 4 0 26
05:16:58 4 0 26
05:17:29 4 0 26
05:17:59 4 0 26
05:18:29 4 0 26
05:18:59 4 0 26
05:19:30 4 0 27
05:20:00 4 0 35
05:20:30 4 0 26
05:21:00 4 0 35
05:21:31 4 0 35
05:22:01 4 0 26
05:22:31 4 0 26
05:23:01 4 0 26
05:23:31 4 0 35
05:24:01 4 0 26
05:24:32 4 0 26
05:25:02 4 0 26
05:25:32 4 0 27
05:26:02 4 0 26
05:26:33 4 0 29
05:27:03 4 0 35
05:27:33 4 0 26
05:28:03 4 0 27
05:28:33 4 0 26
05:29:03 4 0 26
05:29:34 4 0 34
05:30:04 4 0 26
05:30:34 4 0 35
05:31:04 4 0 26
05:31:35 4 0 35
05:32:05 4 0 26
05:32:35 4 0 26
05:33:05 4 0 34
05:33:36 4 0 27
05:34:06 4 0 35
05:34:36 4 0 35
05:35:06 4 0 35
05:35:36 4 0 35
05:36:06 4 0 35
05:36:37 4 0 26
05:37:07 4 0 26
05:37:37 4 0 34
05:38:07 4 0 35
05:38:38 4 0 35
05:39:08 4 0 35
05:39:38 4 0 26
05:40:08 4 0 35
05:40:39 4 0 26
05:41:09 4 0 26
05:41:39 4 0 26
05:42:09 4 0 26
05:42:39 4 0 26
05:43:10 4 0 27
05:43:40 4 0 29
05:44:10 4 0 26
05:44:40 4 0 28
05:45:10 4 0 26
05:45:41 4 0 30
05:46:11 4 0 26
05:46:41 4 0 26
05:47:11 4 0 26
05:47:42 4 0 29
05:48:12 4 0 26
05:48:42 4 0 26
05:49:12 4 0 26
05:49:42 4 0 35
05:50:12 4 0 26
05:50:43 4 0 27
05:51:13 4 0 35
05:51:43 4 0 27
05:52:13 4 0 26
05:52:44 4 0 27
05:53:14 4 0 26
05:53:44 4 0 26
05:54:14 4 0 26
05:54:44 4 0 26
05:55:15 4 0 26
05:55:45 4 0 28
05:56:15 4 0 26
05:56:46 4 0 35
05:57:16 4 0 26
05:57:46 4 0 27
05:58:16 4 0 28
05:58:46 4 0 26
05:59:16 4 0 27
05:59:47 4 0 37
06:00:17 4 0 26
06:00:47 4 0 35
06:01:17 4 0 26
06:01:48 4 0 26
06:02:18 4 0 26
06:02:48 4 0 26
06:03:18 4 0 26
06:03:49 4 0 29
06:04:19 4 0 26
06:04:49 4 0 27
06:05:19 4 0 26
06:05:49 4 0 28
06:06:19 4 0 26
06:06:50 4 0 27
06:07:20 4 0 26
06:07:50 4 0 34
06:08:20 4 0 26
06:08:51 4 0 28
06:09:21 4 0 36
06:09:51 4 0 26
06:10:21 4 0 27
06:10:52 4 0 36
06:11:22 4 0 35
06:11:52 4 0 35
06:12:22 4 0 26
06:12:52 4 0 34
06:13:22 4 0 26
06:13:53 4 0 26
06:14:23 4 0 26
06:14:53 4 0 30
06:15:23 4 0 26
06:15:54 4 0 26
06:16:24 4 0 26
06:16:54 4 0 26
06:17:24 4 0 26
06:17:54 4 0 26
06:18:24 4 0 26
06:18:55 4 0 28
06:19:25 4 0 26
06:19:55 4 0 26
06:20:25 4 0 26
06:20:56 4 0 34
06:21:26 4 0 26
06:21:56 4 0 26
06:22:26 4 0 26
06:22:56 4 0 39
06:23:26 4 0 26
06:23:57 4 0 27
06:24:27 4 0 26
06:24:57 4 0 26
06:25:27 4 0 26
06:25:58 4 0 36
06:26:28 4 0 35
06:26:58 4 0 28
06:27:28 4 0 34
06:27:59 4 0 27
06:28:29 4 0 26
06:28:59 4 0 27
06:29:29 4 0 26
06:29:59 4 0 29
06:30:29 4 0 26
06:31:00 4 0 26
06:31:30 4 0 26
06:32:00 4 0 35
06:32:30 4 0 26
06:33:01 4 0 28
06:33:31 4 0 26
06:34:01 4 0 26
06:34:31 4 0 26
06:35:01 4 0 26
06:35:32 4 0 26
06:36:02 4 0 26
06:36:32 4 0 26
06:37:02 4 0 26
06:37:33 4 0 26
06:38:03 4 0 26
06:38:33 4 0 26
06:39:03 4 0 26
06:39:33 4 0 26
06:40:04 4 0 35
06:40:34 4 0 26
06:41:04 4 0 26
06:41:34 4 0 26
06:42:05 4 0 26
06:42:35 4 0 26
06:43:05 4 0 26
06:43:35 4 0 26
06:44:05 4 0 26
06:44:35 4 0 29
06:45:06 4 0 26
06:45:36 4 0 26
06:46:06 4 0 27
06:46:36 4 0 26
06:47:07 4 0 27
06:47:37 4 0 26
06:48:07 4 0 29
06:48:37 4 0 26
06:49:07 4 0 26
06:49:38 4 0 26
06:50:08 4 0 26
06:50:38 4 0 26
06:51:08 4 0 26
06:51:38 4 0 26
06:52:09 4 0 26
06:52:39 4 0 46
06:53:09 4 0 36
06:53:39 4 0 26
06:54:10 4 0 26
06:54:40 4 0 26
06:55:10 4 0 27
06:55:40 4 0 26
06:56:11 4 0 26
06:56:41 4 0 29
06:57:11 4 0 26
06:57:41 4 0 26
06:58:11 4 0 26
06:58:41 4 0 26
06:59:12 4 0 35
06:59:42 4 0 26
07:00:12 4 0 35
07:00:42 4 0 35
07:01:13 4 0 26
07:01:43 4 0 27
07:02:13 4 0 28
07:02:43 4 0 26
07:03:14 4 0 26
07:03:44 4 0 26
07:04:14 4 0 26
07:04:44 4 0 26
07:05:14 4 0 29
07:05:45 4 0 26
07:06:15 4 0 26
07:06:45 4 0 26
07:07:15 4 0 36
07:07:45 4 0 26
07:08:16 4 0 26
07:08:46 4 0 26
07:09:16 4 0 27
07:09:46 4 0 26
07:10:17 4 0 26
07:10:47 4 0 26
07:11:17 4 0 26
07:11:48 4 0 26
07:12:18 4 0 26
07:12:48 4 0 26
07:13:18 4 0 35
07:13:48 4 0 35
07:14:19 4 0 26
07:14:49 4 0 26
07:15:19 4 0 35
07:15:49 4 0 35
07:16:20 4 0 26
07:16:50 4 0 26
07:17:20 4 0 26
07:17:50 4 0 27
07:18:20 4 0 26
07:18:51 4 0 26
07:19:21 4 0 26
07:19:51 4 0 26
07:20:21 4 0 35
07:20:51 4 0 26
07:21:22 4 0 27
07:21:52 4 0 26
07:22:22 4 0 27
07:22:52 4 0 26
07:23:23 4 0 26
07:23:53 4 0 26
07:24:23 4 0 29
07:24:53 4 0 34
07:25:23 4 0 30
07:25:54 4 0 26
07:26:24 4 0 40
07:26:54 4 0 26
07:27:24 4 0 26
07:27:54 4 0 26
07:28:25 4 0 27
07:28:55 4 0 27
07:29:25 4 0 26
07:29:55 4 0 37
07:30:26 4 0 26
07:30:56 4 0 26
07:31:26 4 0 28
07:31:56 4 0 26
07:32:26 4 0 26
07:32:56 4 0 26
07:33:27 4 0 29
07:33:57 4 0 26
07:34:27 4 0 26
07:34:57 4 0 35
07:35:28 4 0 35
07:35:58 4 0 35
07:36:28 4 0 35
07:36:58 4 0 35
07:37:29 4 0 35
07:37:59 4 0 26
07:38:29 4 0 26
07:38:59 4 0 26
07:39:30 4 0 26
07:40:00 4 0 37
07:40:30 4 0 26
07:41:00 4 0 26
07:41:30 4 0 26
07:42:01 4 0 65
07:42:31 4 0 28
07:43:01 4 0 26
07:43:31 4 0 26
07:44:01 4 0 35
07:44:32 4 0 36
07:45:02 4 0 35
07:45:32 4 0 26
07:46:02 4 0 26
07:46:33 4 0 26
07:47:03 4 0 26
07:47:33 4 0 27
07:48:03 4 0 26
07:48:33 4 0 30
07:49:03 4 0 35
07:49:34 4 0 35
07:50:04 4 0 35
07:50:34 4 0 26
07:51:04 4 0 26
07:51:35 4 0 35
07:52:05 4 0 35
07:52:35 4 0 29
07:53:05 4 0 26
07:53:35 4 0 26
07:54:05 4 0 26
07:54:36 4 0 26
07:55:06 4 0 26
07:55:36 4 0 27
07:56:06 4 0 26
07:56:37 4 0 27
07:57:07 4 0 26
07:57:37 4 0 26
07:58:09 4 0 26
07:58:39 4 0 26
07:59:09 4 0 26
07:59:40 4 0 26
08:00:10 4 0 26
08:00:40 4 0 26
08:01:10 4 0 26
08:01:41 4 0 26
08:02:11 4 0 26
08:02:41 4 0 26
08:03:11 4 0 26
08:03:41 4 0 26
08:04:11 4 0 26
08:04:42 4 0 26
08:05:12 4 0 26
08:05:42 4 0 35
08:06:12 4 0 35
08:06:42 4 0 28
08:07:12 4 0 34
08:07:42 4 0 26
08:08:13 4 0 34
08:08:43 4 0 26
08:09:13 4 0 26
08:09:43 4 0 26
08:10:13 4 0 26
08:10:43 4 0 26
08:11:13 4 0 26
08:11:44 4 0 26
08:12:14 4 0 26
08:12:44 4 0 26
08:13:14 4 0 27
08:13:44 4 0 35
08:14:14 4 0 26
08:14:45 4 0 26
08:15:15 4 0 27
08:15:45 4 0 26
08:16:15 4 0 27
08:16:45 4 0 26
08:17:15 4 0 26
08:17:46 4 0 36
08:18:16 4 0 26
08:18:46 4 0 26
08:19:16 4 0 35
08:19:47 4 0 26
08:20:17 4 0 26
08:20:47 4 0 35
08:21:17 4 0 35
08:21:48 4 0 26
08:22:18 4 0 35
08:22:48 4 0 35
08:23:18 4 0 28
08:23:48 4 0 26
08:24:18 4 0 35
08:24:49 4 0 45
08:25:19 4 0 26
08:25:49 4 0 26
08:26:19 4 0 27
08:26:49 4 0 26
08:27:19 4 0 26
08:27:50 4 0 26
08:28:20 4 0 26
08:28:50 4 0 26
08:29:20 4 0 26
08:29:50 4 0 26
08:30:20 4 0 26
08:30:51 4 0 26
08:31:21 4 0 26
08:31:51 4 0 26
08:32:21 4 0 26
08:32:52 3 1 26
08:33:21 4 0 35
08:33:52 4 0 26
08:34:22 4 0 26
08:34:52 4 0 26
08:35:22 4 0 26
08:35:52 4 0 26
08:36:22 4 0 26
08:36:53 4 0 26
08:37:23 4 0 26
08:37:53 4 0 26
08:38:23 4 0 26
08:38:53 4 0 26
08:39:23 4 0 26
08:39:54 4 0 26
08:40:24 4 0 52
08:40:54 4 0 26
08:41:24 4 0 35
08:41:54 4 0 35
08:42:24 4 0 26
08:42:54 4 0 35
08:43:24 4 0 26
08:43:55 4 0 26
08:44:25 4 0 26
08:44:55 4 0 26
08:45:25 4 0 26
08:45:55 4 0 26
08:46:25 4 0 26
08:46:56 4 0 26
08:47:26 4 0 35
08:47:56 4 0 26
08:48:26 4 0 26
08:48:56 4 0 26
08:49:26 4 0 26
08:49:57 4 0 26
08:50:27 4 0 34
08:50:57 4 0 35
08:51:27 4 0 35
08:51:57 4 0 35
08:52:27 4 0 26
08:52:58 4 0 26
08:53:28 4 0 26
08:53:58 4 0 26
08:54:28 4 0 35
08:54:58 4 0 35
08:55:29 4 0 35
08:55:59 4 0 36
08:56:29 4 0 27
08:56:59 4 0 35
08:57:29 4 0 35
08:58:00 4 0 35
08:58:30 4 0 35
08:59:00 4 0 35
08:59:31 4 0 35
09:00:01 4 0 35
09:00:31 4 0 35
09:01:01 4 0 35
09:01:31 4 0 35
09:02:01 4 0 35
09:02:32 4 0 36
09:03:02 4 0 35
09:03:32 4 0 34
09:04:02 4 0 35
09:04:32 4 0 34
09:05:02 4 0 35
09:05:32 4 0 35
09:06:03 4 0 35
09:06:33 4 0 36
09:07:03 4 0 35
09:07:33 4 0 37
09:08:04 3 1 26
09:08:33 4 0 35
09:09:04 4 0 26
09:09:34 4 0 35
09:10:04 4 0 35
09:10:34 4 0 35
09:11:04 4 0 26
09:11:34 4 0 26
09:12:05 4 0 26
09:12:35 4 0 26
09:13:05 4 0 26
09:13:35 4 0 26
09:14:05 4 0 26
09:14:35 4 0 26
09:15:05 4 0 27
09:15:35 4 0 26
09:16:06 4 0 26
09:16:36 4 0 35
09:17:06 4 0 35
09:17:37 3 1 36
09:18:07 4 0 35
09:18:37 4 0 35
09:19:07 4 0 26
09:19:37 4 0 26
09:20:08 4 0 26
09:20:38 4 0 26
09:21:09 3 1 26
09:21:38 4 0 26
09:22:08 4 0 26
09:22:39 4 0 39
09:23:09 4 0 35
09:23:39 4 0 35
09:24:09 4 0 27
09:24:39 4 0 26
09:25:09 4 0 35
09:25:39 4 0 35
09:26:10 4 0 35
09:26:40 4 0 35
09:27:10 4 0 35
09:27:41 4 0 35
09:28:11 4 0 35
09:28:41 4 0 26
09:29:11 4 0 26
09:29:41 4 0 26
09:30:12 4 0 26
09:30:42 4 0 35
09:31:12 4 0 35
09:31:42 4 0 35
09:32:12 4 0 35
09:32:42 4 0 26
09:33:13 4 0 36
09:33:43 4 0 35
09:34:13 4 0 26
09:34:43 4 0 35
09:35:13 4 0 26
09:35:43 4 0 26
09:36:14 4 0 38
09:36:44 4 0 36
09:37:14 4 0 35
09:37:44 4 0 35
09:38:14 4 0 35
09:38:44 4 0 35
09:39:15 4 0 36
09:39:45 4 0 35
09:40:15 4 0 35
09:40:45 4 0 35
09:41:15 4 0 35
09:41:45 4 0 26
09:42:16 4 0 35
09:42:46 4 0 34
09:43:16 4 0 62
09:43:46 4 0 35
09:44:16 4 0 35
09:44:46 4 0 35
09:45:16 4 0 36
09:45:46 4 0 34
09:46:17 4 0 35
09:46:47 4 0 26
09:47:17 4 0 29
09:47:47 4 0 35
09:48:18 4 0 35
09:48:48 4 0 35
09:49:18 4 0 36
09:49:48 4 0 35
09:50:18 4 0 35
09:50:48 4 0 36
09:51:19 4 0 26
09:51:49 4 0 26
09:52:19 4 0 35
09:52:49 4 0 28
09:53:19 4 0 27
09:53:49 4 0 36
09:54:20 4 0 26
09:54:50 4 0 35
09:55:20 4 0 35
09:55:50 4 0 35
09:56:20 4 0 34
09:56:50 4 0 35
09:57:21 4 0 35
09:57:51 4 0 26
09:58:21 4 0 35
09:58:51 4 0 26
09:59:22 4 0 36
09:59:52 4 0 26
10:00:23 4 0 35
10:00:53 4 0 75
10:01:23 4 0 65
10:01:53 4 0 35
10:02:23 4 0 26
10:02:53 4 0 35
10:03:23 4 0 35
10:03:53 4 0 35
10:04:24 4 0 35
10:04:54 4 0 36
10:05:24 4 0 35
10:05:54 4 0 35
10:06:24 4 0 35
10:06:54 4 0 35
10:07:25 4 0 36
10:07:55 4 0 35
10:08:25 4 0 26
10:08:55 4 0 35
10:09:26 4 0 74
10:09:55 4 0 35
10:10:26 4 0 35
10:10:56 4 0 35
10:11:26 4 0 35
10:11:56 4 0 71
10:12:26 4 0 35
10:12:56 4 0 35
10:13:27 4 0 35
10:13:57 4 0 35
10:14:27 4 0 26
10:14:57 4 0 26
10:15:27 4 0 26
10:15:57 4 0 26
10:16:28 4 0 35
10:16:58 4 0 27
10:17:28 4 0 35
10:17:58 4 0 35
10:18:28 4 0 35
10:18:58 4 0 35
10:19:29 4 0 35
10:19:59 4 0 36
10:20:30 4 0 35
10:21:00 4 0 36
10:21:30 4 0 35
10:22:00 4 0 35
10:22:31 4 0 35
10:23:01 4 0 35
10:23:31 4 0 37
10:24:01 4 0 35
10:24:31 4 0 34
10:25:01 4 0 34
10:25:31 4 0 35
10:26:02 4 0 35
10:26:32 4 0 35
