00:00:22 4 0 42
00:00:56 4 0 42
00:01:40 4 0 42
00:01:55 4 0 42
00:02:22 4 0 42
00:02:52 4 0 42
00:03:23 4 0 41
00:03:56 4 0 43
00:04:26 4 0 42
00:04:57 4 0 42
00:05:27 4 0 42
00:05:58 4 0 42
00:06:28 4 0 42
00:07:11 4 0 42
02:00:03 4 0 41
02:00:34 4 0 41
02:01:04 4 0 42
02:01:34 4 0 43
02:02:04 4 0 42
02:02:34 4 0 42
02:03:05 4 0 41
02:03:35 4 0 43
02:04:05 4 0 51
02:04:35 4 0 42
02:05:06 4 0 42
02:05:36 4 0 41
02:06:06 4 0 41
02:06:36 4 0 42
02:07:06 4 0 42
02:07:37 4 0 41
02:08:07 4 0 43
02:08:37 4 0 43
02:09:07 4 0 41
02:09:38 4 0 42
02:10:08 4 0 46
02:10:38 4 0 43
02:11:09 3 1 42
02:11:38 4 0 42
02:12:09 4 0 42
02:12:39 4 0 42
02:13:09 4 0 42
02:13:39 4 0 42
02:14:09 4 0 41
02:14:40 4 0 41
02:15:10 4 0 41
02:15:40 4 0 42
02:16:10 4 0 41
02:16:41 4 0 45
02:17:11 4 0 41
02:17:41 4 0 42
02:18:11 4 0 41
02:18:41 4 0 42
02:19:12 4 0 41
02:19:42 4 0 42
02:20:12 4 0 41
02:20:42 4 0 42
02:21:12 4 0 42
02:21:43 4 0 42
02:22:13 4 0 42
02:22:43 4 0 42
02:23:13 4 0 42
02:23:43 4 0 42
02:24:14 4 0 41
02:24:44 4 0 42
02:25:14 4 0 42
02:25:44 4 0 42
02:26:14 4 0 42
02:26:45 4 0 42
02:27:15 4 0 42
02:27:45 4 0 42
02:28:16 3 1 41
02:28:45 4 0 41
02:29:16 4 0 41
02:29:46 4 0 42
02:30:16 4 0 42
02:30:46 4 0 42
02:31:17 4 0 42
02:31:47 4 0 43
02:32:17 4 0 42
02:32:47 4 0 42
02:33:17 4 0 42
02:33:48 4 0 42
02:34:18 4 0 42
02:34:48 4 0 42
02:35:18 4 0 42
02:35:48 4 0 42
02:36:19 4 0 42
02:36:49 4 0 42
02:37:19 4 0 42
02:37:49 4 0 42
02:38:19 4 0 42
02:38:50 4 0 42
02:39:20 4 0 42
02:39:50 4 0 42
02:40:20 4 0 42
02:40:51 4 0 41
02:41:21 4 0 42
02:41:51 4 0 41
02:42:21 4 0 41
02:42:51 4 0 42
02:43:21 4 0 42
02:43:52 4 0 42
02:44:22 4 0 42
02:44:52 4 0 43
02:45:22 4 0 42
02:45:53 4 0 41
02:46:23 4 0 42
02:46:53 4 0 42
02:47:23 4 0 42
02:47:53 4 0 42
02:48:24 4 0 42
02:48:54 4 0 42
02:49:24 4 0 42
02:49:54 4 0 42
02:50:24 4 0 41
02:50:55 4 0 42
02:51:25 4 0 42
02:51:55 4 0 43
02:52:25 4 0 42
02:52:56 4 0 42
02:53:26 4 0 42
02:53:56 4 0 42
02:54:26 4 0 42
02:54:57 4 0 42
02:55:27 4 0 42
02:55:57 4 0 43
02:56:27 4 0 42
02:56:57 4 0 42
02:57:28 4 0 42
02:57:58 4 0 44
02:58:28 4 0 42
02:58:58 4 0 42
02:59:28 4 0 42
02:59:59 4 0 42
03:00:29 4 0 42
03:00:59 4 0 42
03:01:29 4 0 42
03:02:00 4 0 42
03:02:30 4 0 42
03:03:00 4 0 43
03:03:30 4 0 42
03:04:00 4 0 42
03:04:31 4 0 74
03:05:01 4 0 42
03:05:31 4 0 42
03:06:02 4 0 42
03:06:32 4 0 42
03:07:02 4 0 43
03:07:32 4 0 42
03:08:02 4 0 42
03:08:33 4 0 42
03:09:03 4 0 42
03:09:33 4 0 42
03:10:03 4 0 42
03:10:33 4 0 42
03:11:04 4 0 43
03:11:34 4 0 42
03:12:04 4 0 42
03:12:34 4 0 42
03:13:05 4 0 42
03:13:35 4 0 42
03:14:05 4 0 42
03:14:35 4 0 42
03:15:06 4 0 42
03:15:36 4 0 42
03:16:06 4 0 42
03:16:36 4 0 42
03:17:06 4 0 42
03:17:37 4 0 42
03:18:07 4 0 42
03:18:37 4 0 42
03:19:07 4 0 43
03:19:37 4 0 42
03:20:08 4 0 43
03:20:38 4 0 42
03:21:08 4 0 42
03:21:38 4 0 42
03:22:09 4 0 42
03:22:39 4 0 42
03:23:09 4 0 42
03:23:39 4 0 42
03:24:09 4 0 42
03:24:40 4 0 42
03:25:10 4 0 42
03:25:40 4 0 42
03:26:10 4 0 44
03:26:41 4 0 42
03:27:11 4 0 43
03:27:41 4 0 42
03:28:11 4 0 42
03:28:41 4 0 42
03:29:12 4 0 42
03:29:42 4 0 42
03:30:12 4 0 42
03:30:42 4 0 42
03:31:12 4 0 42
03:31:43 4 0 42
03:32:13 4 0 43
03:32:43 4 0 42
03:33:13 4 0 43
03:33:44 4 0 42
03:34:14 4 0 42
03:34:45 4 0 42
03:35:15 4 0 42
03:35:45 4 0 44
03:36:16 4 0 42
03:36:46 4 0 42
03:37:16 4 0 43
03:37:46 4 0 68
03:38:16 4 0 43
03:38:47 4 0 42
03:39:17 4 0 42
03:39:47 4 0 42
03:40:18 4 0 44
03:40:47 4 0 42
03:41:18 4 0 43
03:41:48 4 0 42
03:42:18 4 0 42
03:42:48 4 0 42
03:43:19 4 0 42
03:43:49 4 0 42
03:44:19 4 0 42
03:44:49 4 0 42
03:45:19 4 0 42
03:45:50 4 0 42
03:46:20 4 0 42
03:46:50 4 0 42
03:47:20 4 0 42
03:47:51 4 0 42
03:48:21 4 0 42
03:48:51 4 0 42
03:49:21 4 0 42
03:49:52 3 1 59
03:50:22 4 0 42
03:50:52 4 0 71
03:51:22 4 0 44
03:51:52 4 0 42
03:52:22 4 0 42
03:52:53 4 0 42
03:53:23 4 0 43
03:53:53 4 0 42
03:54:23 4 0 42
03:54:54 4 0 42
03:55:24 4 0 42
03:55:54 4 0 42
03:56:25 4 0 42
03:56:55 4 0 42
03:57:25 4 0 42
03:57:55 4 0 42
03:58:25 4 0 42
03:58:56 4 0 42
03:59:26 4 0 43
03:59:56 4 0 42
04:00:26 4 0 42
04:00:56 4 0 42
04:01:27 4 0 43
04:01:57 4 0 62
04:02:27 4 0 42
04:02:57 4 0 42
04:03:28 4 0 43
04:03:58 4 0 42
04:04:28 4 0 42
04:04:58 4 0 42
04:05:28 4 0 42
04:05:59 4 0 42
04:06:29 4 0 42
04:06:59 4 0 42
04:07:29 4 0 42
04:07:59 4 0 42
04:08:30 4 0 76
04:09:00 4 0 43
04:09:30 4 0 42
04:10:00 4 0 42
04:10:31 4 0 50
04:11:01 4 0 42
04:11:31 4 0 42
04:12:01 4 0 42
04:12:31 4 0 42
04:13:02 4 0 42
04:13:32 4 0 42
04:14:02 4 0 42
04:14:32 4 0 42
04:15:02 4 0 41
04:15:33 4 0 43
04:16:03 4 0 42
04:16:33 4 0 43
04:17:03 4 0 45
04:17:33 4 0 42
04:18:04 4 0 42
04:18:34 4 0 42
04:19:04 4 0 42
04:19:34 4 0 43
04:20:05 4 0 42
04:20:35 4 0 42
04:21:05 4 0 42
04:21:35 4 0 42
04:22:05 4 0 42
04:22:36 4 0 43
04:23:06 4 0 42
04:23:36 4 0 43
04:24:06 4 0 42
04:24:36 4 0 43
04:25:07 4 0 42
04:25:37 4 0 42
04:26:07 4 0 42
04:26:37 4 0 42
04:27:07 4 0 42
04:27:38 4 0 42
04:28:08 4 0 41
04:28:38 4 0 42
04:29:08 4 0 42
04:29:38 4 0 42
04:30:09 4 0 42
04:30:39 4 0 41
04:31:09 4 0 41
04:31:39 4 0 43
04:32:09 4 0 41
04:32:40 4 0 43
04:33:10 4 0 41
04:33:40 4 0 43
04:34:10 4 0 42
04:34:41 4 0 43
04:35:11 4 0 41
04:35:41 4 0 42
04:36:11 4 0 41
04:36:42 4 0 42
04:37:12 4 0 43
04:37:42 4 0 41
04:38:12 4 0 42
04:38:42 4 0 42
04:39:13 4 0 42
04:39:43 4 0 42
04:40:13 4 0 41
04:40:43 4 0 41
04:41:14 4 0 41
04:41:44 4 0 42
04:42:14 4 0 42
04:42:44 4 0 42
04:43:14 4 0 42
04:43:45 4 0 42
04:44:15 4 0 41
04:44:45 4 0 44
04:45:15 4 0 41
04:45:45 4 0 42
04:46:16 4 0 41
04:46:46 4 0 43
04:47:16 4 0 42
04:47:46 4 0 41
04:48:16 4 0 41
04:48:47 4 0 43
04:49:17 4 0 41
04:49:48 3 1 45
04:50:17 4 0 41
04:50:47 4 0 42
04:51:18 4 0 85
04:51:48 4 0 41
04:52:18 4 0 42
04:52:48 4 0 43
04:53:18 4 0 41
04:53:49 4 0 42
04:54:19 4 0 41
04:54:49 4 0 41
04:55:19 4 0 41
04:55:50 4 0 42
04:56:20 4 0 41
04:56:50 4 0 43
04:57:20 4 0 42
04:57:50 4 0 42
04:58:21 4 0 41
04:58:51 4 0 42
04:59:21 4 0 42
04:59:51 4 0 42
05:00:22 4 0 42
05:00:52 4 0 42
05:01:22 4 0 42
05:01:52 4 0 42
05:02:22 4 0 41
05:02:52 4 0 42
05:03:23 4 0 42
05:03:53 4 0 41
05:04:23 4 0 42
05:04:53 4 0 43
05:05:23 4 0 41
05:05:54 4 0 41
05:06:24 4 0 42
05:06:54 4 0 42
05:07:24 4 0 42
05:07:54 4 0 43
05:08:25 4 0 41
05:08:55 4 0 44
05:09:25 4 0 42
05:09:55 4 0 42
05:10:26 4 0 41
05:10:56 4 0 43
05:11:26 4 0 42
05:11:56 4 0 42
05:12:27 4 0 61
05:12:57 4 0 42
05:13:27 4 0 42
05:13:57 4 0 43
05:14:27 4 0 42
05:14:58 4 0 42
05:15:28 4 0 42
05:15:58 4 0 42
05:16:28 4 0 42
05:16:58 4 0 42
05:17:29 4 0 42
05:17:59 4 0 42
05:18:29 4 0 42
05:18:59 4 0 43
05:19:29 4 0 42
05:20:00 4 0 41
05:20:30 4 0 42
05:21:00 4 0 42
05:21:30 4 0 41
05:22:01 4 0 42
05:22:31 4 0 42
05:23:01 4 0 43
05:23:31 4 0 41
05:24:01 4 0 42
05:24:32 4 0 42
05:25:02 4 0 42
05:25:32 4 0 42
05:26:02 4 0 42
05:26:32 4 0 42
05:27:03 4 0 49
05:27:33 4 0 42
05:28:03 4 0 42
05:28:33 4 0 42
05:29:04 4 0 42
05:29:34 4 0 41
05:30:04 4 0 42
05:30:34 4 0 41
05:31:04 4 0 42
05:31:35 4 0 41
05:32:05 4 0 42
05:32:35 4 0 41
05:33:05 4 0 41
05:33:35 4 0 42
05:34:06 4 0 41
05:34:36 4 0 41
05:35:06 4 0 41
05:35:36 4 0 41
05:36:06 4 0 41
05:36:37 4 0 42
05:37:07 4 0 42
05:37:37 4 0 41
05:38:07 4 0 41
05:38:38 4 0 41
05:39:08 4 0 41
05:39:38 4 0 42
05:40:08 4 0 41
05:40:38 4 0 42
05:41:09 4 0 42
05:41:39 4 0 42
05:42:09 4 0 43
05:42:39 4 0 42
05:43:10 4 0 43
05:43:40 4 0 42
05:44:10 4 0 42
05:44:40 4 0 42
05:45:10 4 0 42
05:45:41 4 0 42
05:46:11 4 0 43
05:46:41 4 0 42
05:47:11 4 0 42
05:47:41 4 0 42
05:48:12 4 0 43
05:48:42 4 0 42
05:49:12 4 0 42
05:49:42 4 0 41
05:50:12 4 0 42
05:50:43 4 0 42
05:51:13 4 0 41
05:51:43 4 0 42
05:52:13 4 0 44
05:52:44 4 0 42
05:53:14 4 0 42
05:53:44 4 0 44
05:54:14 4 0 42
05:54:44 4 0 42
05:55:15 4 0 42
05:55:45 4 0 42
05:56:15 4 0 42
05:56:45 4 0 41
05:57:16 4 0 42
05:57:46 4 0 42
05:58:16 4 0 42
05:58:46 4 0 42
05:59:16 4 0 42
05:59:47 4 0 41
06:00:17 4 0 42
06:00:47 4 0 41
06:01:17 4 0 42
06:01:48 4 0 42
06:02:18 4 0 42
06:02:48 4 0 42
06:03:18 4 0 42
06:03:48 4 0 42
06:04:19 4 0 42
06:04:49 4 0 42
06:05:19 4 0 42
06:05:49 4 0 42
06:06:20 4 0 43
06:06:50 4 0 42
06:07:20 4 0 42
06:07:50 4 0 42
06:08:20 4 0 42
06:08:51 4 0 42
06:09:21 4 0 42
06:09:51 4 0 42
06:10:21 4 0 42
06:10:51 4 0 41
06:11:22 4 0 42
06:11:52 4 0 41
06:12:22 4 0 42
06:12:52 4 0 41
06:13:22 4 0 42
06:13:53 4 0 42
06:14:23 4 0 42
06:14:53 4 0 42
06:15:23 4 0 42
06:15:53 4 0 42
06:16:24 4 0 42
06:16:54 4 0 42
06:17:24 4 0 42
06:17:54 4 0 42
06:18:24 4 0 42
06:18:55 4 0 42
06:19:25 4 0 43
06:19:55 4 0 42
06:20:25 4 0 42
06:20:56 3 1 41
06:21:26 4 0 42
06:21:56 4 0 42
06:22:26 4 0 42
06:22:56 4 0 54
06:23:26 4 0 42
06:23:57 4 0 42
06:24:27 4 0 42
06:24:57 4 0 42
06:25:27 4 0 42
06:25:58 4 0 41
06:26:28 4 0 41
06:26:58 4 0 42
06:27:28 4 0 41
06:27:58 4 0 42
06:28:29 4 0 42
06:28:59 4 0 42
06:29:29 4 0 42
06:29:59 4 0 42
06:30:29 4 0 42
06:31:00 4 0 42
06:31:30 4 0 42
06:32:00 4 0 41
06:32:30 4 0 42
06:33:01 4 0 42
06:33:31 4 0 42
06:34:01 4 0 42
06:34:31 4 0 43
06:35:01 4 0 42
06:35:32 4 0 42
06:36:02 4 0 42
06:36:32 4 0 42
06:37:02 4 0 42
06:37:33 4 0 42
06:38:03 4 0 42
06:38:33 4 0 42
06:39:03 4 0 42
06:39:33 4 0 42
06:40:04 4 0 41
06:40:34 4 0 42
06:41:04 4 0 42
06:41:34 4 0 42
06:42:04 4 0 42
06:42:35 4 0 42
06:43:05 4 0 42
06:43:35 4 0 42
06:44:05 4 0 43
06:44:35 4 0 43
06:45:06 4 0 42
06:45:36 4 0 42
06:46:06 4 0 42
06:46:36 4 0 42
06:47:06 4 0 42
06:47:37 4 0 42
06:48:07 4 0 42
06:48:37 4 0 43
06:49:07 4 0 42
06:49:38 4 0 42
06:50:08 4 0 42
06:50:38 4 0 42
06:51:08 4 0 42
06:51:38 4 0 42
06:52:09 4 0 42
06:52:39 4 0 61
06:53:09 4 0 41
06:53:39 4 0 43
06:54:09 4 0 42
06:54:40 4 0 42
06:55:10 4 0 42
06:55:40 4 0 42
06:56:10 4 0 42
06:56:41 4 0 42
06:57:11 4 0 42
06:57:41 4 0 42
06:58:11 4 0 42
06:58:41 4 0 42
06:59:12 4 0 41
06:59:42 4 0 42
07:00:12 4 0 41
07:00:42 4 0 42
07:01:13 4 0 42
07:01:43 4 0 44
07:02:13 4 0 42
07:02:43 4 0 42
07:03:14 4 0 42
07:03:44 4 0 42
07:04:14 4 0 42
07:04:44 4 0 43
07:05:14 4 0 42
07:05:45 4 0 43
07:06:15 4 0 42
07:06:45 4 0 43
07:07:15 4 0 41
07:07:45 4 0 42
07:08:16 4 0 42
07:08:46 4 0 42
07:09:16 4 0 41
07:09:46 4 0 42
07:10:17 4 0 42
07:10:47 4 0 42
07:11:17 4 0 42
07:11:48 4 0 42
07:12:18 4 0 42
07:12:48 4 0 42
07:13:18 4 0 41
07:13:48 4 0 42
07:14:19 4 0 42
07:14:49 4 0 42
07:15:19 4 0 41
07:15:50 3 1 41
07:16:19 4 0 42
07:16:50 4 0 44
07:17:20 4 0 42
07:17:50 4 0 42
07:18:20 4 0 42
07:18:51 4 0 43
07:19:21 4 0 42
07:19:51 4 0 43
07:20:21 4 0 41
07:20:51 4 0 42
07:21:22 4 0 42
07:21:52 4 0 42
07:22:22 4 0 42
07:22:52 4 0 44
07:23:22 4 0 42
07:23:53 4 0 42
07:24:23 4 0 42
07:24:53 4 0 41
07:25:23 4 0 42
07:25:53 4 0 42
07:26:24 4 0 41
07:26:54 4 0 42
07:27:24 4 0 43
07:27:54 4 0 43
07:28:25 4 0 42
07:28:55 4 0 43
07:29:25 4 0 42
07:29:55 4 0 43
07:30:25 4 0 42
07:30:56 4 0 42
07:31:26 4 0 42
07:31:56 4 0 42
07:32:26 4 0 42
07:32:56 4 0 43
07:33:27 4 0 42
07:33:57 4 0 43
07:34:27 4 0 42
07:34:57 4 0 41
07:35:27 4 0 41
07:35:58 4 0 41
07:36:28 4 0 41
07:36:58 4 0 42
07:37:28 4 0 41
07:37:59 4 0 42
07:38:29 4 0 42
07:38:59 4 0 42
07:39:29 4 0 42
07:40:00 4 0 41
07:40:30 4 0 42
07:41:00 4 0 43
07:41:30 4 0 43
07:42:01 4 0 73
07:42:31 4 0 42
07:43:01 4 0 42
07:43:31 4 0 42
07:44:01 4 0 42
07:44:31 4 0 41
07:45:02 4 0 43
07:45:32 4 0 42
07:46:02 4 0 42
07:46:32 4 0 42
07:47:03 4 0 42
07:47:33 4 0 42
07:48:03 4 0 42
07:48:33 4 0 42
07:49:03 4 0 42
07:49:34 4 0 41
07:50:04 4 0 41
07:50:34 4 0 42
07:51:04 4 0 43
07:51:34 4 0 41
07:52:05 4 0 41
07:52:35 4 0 42
07:53:05 4 0 42
07:53:35 4 0 42
07:54:05 4 0 42
07:54:36 4 0 42
07:55:06 4 0 43
07:55:36 4 0 45
07:56:06 4 0 42
07:56:37 4 0 42
07:57:07 4 0 42
07:57:38 4 0 42
07:58:10 4 0 42
07:58:40 4 0 42
07:59:10 4 0 44
07:59:41 4 0 45
08:00:11 4 0 42
08:00:41 4 0 42
08:01:11 4 0 42
08:01:42 4 0 42
08:02:12 4 0 42
08:02:42 4 0 42
08:03:12 4 0 42
08:03:42 4 0 42
08:04:12 4 0 42
08:04:43 4 0 42
08:05:13 4 0 42
08:05:43 4 0 41
08:06:13 4 0 41
08:06:43 4 0 42
08:07:13 4 0 41
08:07:44 4 0 42
08:08:14 4 0 41
08:08:44 4 0 42
08:09:14 4 0 42
08:09:44 4 0 42
08:10:14 4 0 42
08:10:44 4 0 42
08:11:15 4 0 42
08:11:45 4 0 42
08:12:15 4 0 42
08:12:45 4 0 42
08:13:15 4 0 42
08:13:45 4 0 41
08:14:15 4 0 42
08:14:46 4 0 42
08:15:16 4 0 42
08:15:46 4 0 42
08:16:16 4 0 42
08:16:46 4 0 42
08:17:16 4 0 42
08:17:47 4 0 42
08:18:17 4 0 42
08:18:47 4 0 42
08:19:18 4 0 42
08:19:49 3 1 42
08:20:18 4 0 42
08:20:48 4 0 45
08:21:18 4 0 41
08:21:49 4 0 42
08:22:19 4 0 42
08:22:49 4 0 41
08:23:19 4 0 44
08:23:49 4 0 42
08:24:19 4 0 41
08:24:50 4 0 60
08:25:20 3 1 42
08:25:50 4 0 42
08:26:20 4 0 42
08:26:50 4 0 42
08:27:20 4 0 44
08:27:51 4 0 43
08:28:21 4 0 42
08:28:51 4 0 45
08:29:21 4 0 42
08:29:51 4 0 42
08:30:21 4 0 42
08:30:52 4 0 43
08:31:22 4 0 43
08:31:52 4 0 50
08:32:22 4 0 50
08:32:52 4 0 42
08:33:22 4 0 42
08:33:53 4 0 42
08:34:23 4 0 45
08:34:53 4 0 42
08:35:23 4 0 42
08:35:53 4 0 42
08:36:23 4 0 42
08:36:54 4 0 42
08:37:24 4 0 43
08:37:54 4 0 42
08:38:24 4 0 48
08:38:54 4 0 42
08:39:24 4 0 42
08:39:55 4 0 42
08:40:25 4 0 70
08:40:55 4 0 42
08:41:25 4 0 42
08:41:55 4 0 46
08:42:25 4 0 42
08:42:56 4 0 41
08:43:26 4 0 42
08:43:56 4 0 42
08:44:26 4 0 43
08:44:56 4 0 52
08:45:26 4 0 42
08:45:57 4 0 42
08:46:27 4 0 42
08:46:57 4 0 42
08:47:27 4 0 42
08:47:57 4 0 47
08:48:27 4 0 42
08:48:57 4 0 42
08:49:27 4 0 42
08:49:58 4 0 43
08:50:28 4 0 42
08:50:58 4 0 44
08:51:28 4 0 49
08:51:58 4 0 41
08:52:28 4 0 42
08:52:59 4 0 43
08:53:29 4 0 42
08:53:59 4 0 61
08:54:29 4 0 45
08:55:00 4 0 44
08:55:30 4 0 42
08:56:00 4 0 47
08:56:30 4 0 42
08:57:00 4 0 49
08:57:30 4 0 43
08:58:01 4 0 47
08:58:31 4 0 42
08:59:01 4 0 43
08:59:32 4 0 41
09:00:02 4 0 42
09:00:32 4 0 41
09:01:02 4 0 47
09:01:32 4 0 46
09:02:03 4 0 42
09:02:33 4 0 41
09:03:03 4 0 47
09:03:33 4 0 42
09:04:03 4 0 42
09:04:33 4 0 46
09:05:03 4 0 43
09:05:34 4 0 42
09:06:04 4 0 42
09:06:34 4 0 50
09:07:04 4 0 45
09:07:34 4 0 45
09:08:04 4 0 42
09:08:34 4 0 42
09:09:05 4 0 42
09:09:35 4 0 42
09:10:05 4 0 42
09:10:35 4 0 44
09:11:05 4 0 43
09:11:35 4 0 42
09:12:06 4 0 44
09:12:36 4 0 42
09:13:06 4 0 44
09:13:36 4 0 45
09:14:06 4 0 42
09:14:37 3 1 42
09:15:07 4 0 42
09:15:37 4 0 42
09:16:07 4 0 42
09:16:37 4 0 42
09:17:07 4 0 50
09:17:38 4 0 45
09:18:08 4 0 52
09:18:38 4 0 47
09:19:09 3 1 46
09:19:38 4 0 42
09:20:09 4 0 42
09:20:39 4 0 47
09:21:09 4 0 50
09:21:39 4 0 45
09:22:09 4 0 43
09:22:39 4 0 42
09:23:10 4 0 42
09:23:40 4 0 46
09:24:10 4 0 58
09:24:40 4 0 51
09:25:10 4 0 42
09:25:40 4 0 41
09:26:11 4 0 46
09:26:41 4 0 42
09:27:11 4 0 42
09:27:42 4 0 42
09:28:12 4 0 53
09:28:42 4 0 58
09:29:12 4 0 42
09:29:42 4 0 42
09:30:13 4 0 42
09:30:43 4 0 42
09:31:13 4 0 44
09:31:44 3 1 43
09:32:13 4 0 42
09:32:44 3 1 42
09:33:14 4 0 43
09:33:44 4 0 42
09:34:14 4 0 50
09:34:44 4 0 49
09:35:14 4 0 45
09:35:44 4 0 44
09:36:15 4 0 42
09:36:45 4 0 43
09:37:15 4 0 46
09:37:45 4 0 46
09:38:15 4 0 44
09:38:45 4 0 45
09:39:16 4 0 41
09:39:46 4 0 43
09:40:16 4 0 43
09:40:46 4 0 50
09:41:16 4 0 42
09:41:46 4 0 42
09:42:17 4 0 41
09:42:47 4 0 49
09:43:17 4 0 46
09:43:47 4 0 41
09:44:18 3 1 48
09:44:47 4 0 50
09:45:17 4 0 42
09:45:47 4 0 42
09:46:18 4 0 42
09:46:48 4 0 42
09:47:18 4 0 42
09:47:48 4 0 41
09:48:19 4 0 42
09:48:49 4 0 42
09:49:19 4 0 42
09:49:49 4 0 42
09:50:19 4 0 48
09:50:49 4 0 41
09:51:20 4 0 73
09:51:50 4 0 42
09:52:20 4 0 45
09:52:50 4 0 42
09:53:20 4 0 43
09:53:50 4 0 42
09:54:21 4 0 42
09:54:51 4 0 44
09:55:21 4 0 46
09:55:51 4 0 50
09:56:21 4 0 42
09:56:51 4 0 42
09:57:22 4 0 42
09:57:52 4 0 49
09:58:22 4 0 42
09:58:52 4 0 42
09:59:23 4 0 43
09:59:53 4 0 42
10:00:24 4 0 41
10:00:54 4 0 42
10:01:24 4 0 73
10:01:54 4 0 44
10:02:24 4 0 99
10:02:54 4 0 42
10:03:24 4 0 42
10:03:54 4 0 41
10:04:25 4 0 41
10:04:55 4 0 42
10:05:26 3 1 45
10:05:55 4 0 46
10:06:25 4 0 42
10:06:56 4 0 42
10:07:26 4 0 43
10:07:56 4 0 42
10:08:26 4 0 51
10:08:56 4 0 44
10:09:26 4 0 53
10:09:56 4 0 41
10:10:27 4 0 42
10:10:57 4 0 42
10:11:27 4 0 59
10:11:57 4 0 87
10:12:27 4 0 42
10:12:57 4 0 42
10:13:28 4 0 42
10:13:58 4 0 43
10:14:28 4 0 56
10:14:58 4 0 42
10:15:28 4 0 42
10:15:58 4 0 45
10:16:29 4 0 43
10:16:59 4 0 42
10:17:29 4 0 45
10:17:59 4 0 44
10:18:29 4 0 42
10:18:59 4 0 41
10:19:30 4 0 42
10:20:00 4 0 42
10:20:31 4 0 42
10:21:01 4 0 56
10:21:31 4 0 44
10:22:01 4 0 42
10:22:32 4 0 43
10:23:02 4 0 42
10:23:32 4 0 42
10:24:02 4 0 42
10:24:32 4 0 45
10:25:02 4 0 45
10:25:33 3 1 42
10:26:03 4 0 43
10:26:33 4 0 42
