00:01:07 -1
00:01:58 -1
00:02:56 -1
00:04:02 -1
00:04:58 -1
00:05:59 -1
00:07:12 -1
02:00:04 -1
02:01:05 -1
02:02:05 -1
02:03:06 -1
02:04:06 -1
02:05:06 -1
02:06:07 -1
02:07:07 -1
02:08:08 -1
02:09:08 -1
02:10:09 -1
02:11:09 -1
02:12:10 -1
02:13:16 -1
02:14:10 -1
02:15:11 -1
02:16:11 -1
02:17:12 -1
02:18:12 -1
02:19:12 -1
02:20:13 -1
02:21:13 -1
02:22:14 -1
02:23:14 -1
02:24:14 -1
02:25:15 -1
02:26:15 -1
02:27:16 -1
02:28:19 -1
02:29:17 -1
02:30:17 -1
02:31:18 -1
02:32:18 -1
02:33:18 -1
02:34:19 -1
02:35:19 -1
02:36:19 -1
02:37:20 -1
02:38:20 -1
02:39:21 -1
02:40:21 -1
02:41:22 -1
02:42:22 -1
02:43:22 -1
02:44:23 -1
02:45:23 -1
02:46:24 -1
02:47:24 -1
02:48:24 -1
02:49:25 -1
02:50:25 -1
02:51:26 -1
02:52:26 -1
02:53:27 -1
02:54:27 -1
02:55:28 -1
02:56:28 -1
02:57:28 -1
02:58:29 -1
02:59:29 -1
03:00:30 -1
03:01:30 -1
03:02:31 -1
03:03:31 -1
03:04:31 -1
03:05:32 -1
03:06:33 -1
03:07:33 -1
03:08:33 -1
03:09:34 -1
03:10:34 -1
03:11:35 -1
03:12:35 -1
03:13:36 -1
03:14:36 -1
03:15:37 -1
03:16:37 -1
03:17:38 -1
03:18:38 -1
03:19:38 -1
03:20:39 -1
03:21:39 -1
03:22:40 -1
03:23:40 -1
03:24:40 -1
03:25:41 -1
03:26:42 -1
03:27:42 -1
03:28:42 -1
03:29:43 -1
03:30:43 -1
03:31:44 -1
03:32:44 -1
03:33:45 -1
03:34:45 -1
03:35:46 -1
03:36:47 -1
03:37:47 -1
03:38:48 -1
03:39:48 -1
03:40:48 -1
03:41:49 -1
03:42:49 -1
03:43:50 -1
03:44:50 -1
03:45:51 -1
03:46:51 -1
03:47:51 -1
03:48:52 -1
03:49:52 -1
03:50:53 -1
03:51:53 -1
03:52:54 -1
03:53:54 -1
03:54:55 -1
03:55:55 -1
03:56:56 -1
03:57:56 -1
03:58:56 -1
03:59:57 -1
04:00:57 -1
04:01:58 -1
04:02:58 -1
04:03:59 -1
04:04:59 -1
04:06:00 -1
04:07:00 -1
04:08:00 -1
04:09:01 -1
04:10:01 -1
04:11:02 -1
04:12:02 -1
04:13:02 -1
04:14:03 -1
04:15:03 -1
04:16:04 -1
04:17:04 -1
04:18:05 -1
04:19:05 -1
04:20:05 -1
04:21:06 -1
04:22:06 -1
04:23:07 -1
04:24:07 -1
04:25:08 -1
04:26:08 -1
04:27:08 -1
04:28:09 -1
04:29:09 -1
04:30:10 -1
04:31:10 -1
04:32:10 -1
04:33:11 -1
04:34:11 -1
04:35:12 -1
04:36:12 -1
04:37:13 -1
04:38:13 -1
04:39:13 -1
04:40:14 -1
04:41:14 -1
04:42:15 -1
04:43:15 -1
04:44:16 -1
04:45:16 -1
04:46:16 -1
04:47:17 -1
04:48:17 -1
04:49:18 -1
04:50:18 -1
04:51:19 -1
04:52:19 -1
04:53:19 -1
04:54:20 -1
04:55:20 -1
04:56:21 -1
04:57:21 -1
04:58:22 -1
04:59:34 -1
05:00:22 -1
05:01:23 -1
05:02:23 -1
05:03:23 -1
05:04:24 -1
05:05:24 -1
05:06:25 -1
05:07:25 -1
05:08:26 -1
05:09:26 -1
05:10:27 -1
05:11:27 -1
05:12:27 -1
05:13:28 -1
05:14:28 -1
05:15:29 -1
05:16:29 -1
05:17:30 -1
05:18:30 -1
05:19:30 -1
05:20:31 -1
05:21:31 -1
05:22:32 -1
05:23:32 -1
05:24:33 -1
05:25:33 -1
05:26:34 -1
05:27:34 -1
05:28:34 -1
05:29:35 -1
05:30:35 -1
05:31:35 -1
05:32:36 -1
05:33:36 -1
05:34:37 -1
05:35:37 -1
05:36:38 -1
05:37:38 -1
05:38:39 -1
05:39:39 -1
05:40:39 -1
05:41:40 -1
05:42:40 -1
05:43:41 -1
05:44:41 -1
05:45:42 -1
05:46:42 -1
05:47:42 -1
05:48:43 -1
05:49:43 -1
05:50:44 -1
05:51:44 -1
05:52:50 -1
05:53:45 -1
05:54:45 -1
05:55:46 -1
05:56:46 -1
05:57:47 -1
05:58:47 -1
05:59:47 -1
06:00:48 -1
06:01:48 -1
06:02:49 -1
06:03:49 -1
06:04:50 -1
06:05:50 -1
06:06:51 -1
06:07:51 -1
06:08:51 -1
06:09:52 -1
06:10:52 -1
06:11:53 -1
06:12:53 -1
06:13:53 -1
06:14:54 -1
06:15:54 -1
06:16:55 -1
06:17:55 -1
06:18:56 -1
06:19:56 -1
06:20:56 -1
06:21:57 -1
06:22:57 -1
06:23:58 -1
06:24:58 -1
06:25:58 -1
06:26:59 -1
06:27:59 -1
06:29:00 -1
06:30:00 -1
06:31:00 -1
06:32:01 -1
06:33:01 -1
06:34:02 -1
06:35:02 -1
06:36:03 -1
06:37:03 -1
06:38:04 -1
06:39:04 -1
06:40:04 -1
06:41:05 -1
06:42:05 -1
06:43:06 -1
06:44:06 -1
06:45:07 -1
06:46:07 -1
06:47:07 -1
06:48:08 -1
06:49:08 -1
06:50:09 -1
06:51:09 -1
06:52:10 -1
06:53:10 -1
06:54:10 -1
06:55:11 -1
06:56:11 -1
06:57:12 -1
06:58:12 -1
06:59:13 -1
07:00:13 -1
07:01:13 -1
07:02:14 -1
07:03:14 -1
07:04:15 -1
07:05:15 -1
07:06:16 -1
07:07:16 -1
07:08:16 -1
07:09:17 -1
07:10:17 -1
07:11:18 -1
07:12:19 -1
07:13:19 -1
07:14:20 -1
07:15:20 -1
07:16:20 -1
07:17:21 -1
07:18:21 -1
07:19:22 -1
07:20:22 -1
07:21:22 -1
07:22:23 -1
07:23:23 -1
07:24:24 -1
07:25:24 -1
07:26:25 -1
07:27:25 -1
07:28:25 -1
07:29:26 -1
07:30:26 -1
07:31:27 -1
07:32:27 -1
07:33:28 -1
07:34:28 -1
07:35:28 -1
07:36:29 -1
07:37:29 -1
07:38:30 -1
07:39:30 -1
07:40:31 -1
07:41:31 -1
07:42:31 -1
07:43:32 -1
07:44:32 -1
07:45:33 -1
07:46:33 -1
07:47:34 -1
07:48:34 -1
07:49:34 -1
07:50:35 -1
07:51:35 -1
07:52:41 -1
07:53:36 -1
07:54:37 -1
07:55:37 -1
07:56:37 -1
07:57:38 -1
07:58:38 -1
07:59:39 -1
08:00:39 -1
08:01:39 -1
08:02:40 -1
08:03:40 -1
08:04:40 -1
08:05:41 -1
08:06:41 -1
08:07:41 -1
08:08:42 -1
08:09:42 -1
08:10:42 -1
08:11:42 -1
08:12:43 -1
08:13:43 -1
08:14:43 -1
08:15:44 -1
08:16:44 -1
08:17:45 -1
08:18:45 -1
08:19:46 -1
08:20:46 -1
08:21:46 -1
08:22:47 -1
08:23:47 -1
08:24:47 -1
08:25:48 -1
08:26:48 -1
08:27:48 -1
08:28:49 -1
08:29:49 -1
08:30:49 -1
08:31:50 -1
08:32:50 -1
08:33:50 -1
08:34:51 -1
08:35:51 -1
08:36:51 -1
08:37:52 -1
08:38:52 -1
08:39:52 -1
08:40:53 -1
08:41:53 -1
08:42:53 -1
08:43:53 -1
08:44:54 -1
08:45:54 -1
08:46:55 -1
08:47:55 -1
08:49:07 -1
08:49:56 -1
08:50:56 -1
08:51:56 -1
08:52:56 -1
08:53:57 -1
08:54:57 -1
08:55:58 -1
08:56:58 -1
08:57:59 -1
08:58:59 -1
09:00:00 -1
09:01:00 -1
09:02:00 -1
09:03:01 -1
09:04:01 -1
09:05:01 -1
09:06:01 -1
09:07:02 -1
09:08:02 -1
09:09:02 -1
09:10:03 -1
09:11:03 -1
09:12:03 -1
09:13:04 -1
09:14:04 -1
09:15:04 -1
09:16:05 -1
09:17:05 -1
09:18:06 -1
09:19:06 -1
09:20:06 -1
09:21:07 -1
09:22:07 -1
09:23:13 -1
09:24:08 -1
09:25:08 -1
09:26:08 -1
09:27:09 -1
09:28:10 -1
09:29:10 -1
09:30:11 -1
09:31:11 -1
09:32:11 -1
09:33:12 -1
09:34:12 -1
09:35:12 -1
09:36:12 -1
09:37:18 -1
09:38:13 -1
09:39:14 -1
09:40:14 -1
09:41:14 -1
09:42:14 -1
09:43:15 -1
09:44:15 -1
09:45:15 -1
09:46:16 -1
09:47:16 -1
09:48:16 -1
09:49:17 -1
09:50:17 -1
09:51:17 -1
09:52:18 -1
09:53:18 -1
09:54:18 -1
09:55:19 -1
09:56:19 -1
09:57:20 -1
09:58:20 -1
09:59:20 -1
10:00:21 -1
10:01:22 -1
10:02:22 -1
10:03:22 -1
10:04:22 -1
10:05:23 -1
10:06:26 -1
10:07:23 -1
10:08:24 -1
10:09:24 -1
10:10:24 -1
10:11:25 -1
10:12:25 -1
10:13:26 -1
10:14:26 -1
10:15:26 -1
10:16:26 -1
10:17:27 -1
10:18:27 -1
10:19:27 -1
10:20:27 -1
10:21:28 -1
10:22:28 -1
10:23:29 -1
10:24:29 -1
10:25:29 -1
10:26:30 -1
