00:01:59 1
00:02:04 1
00:03:04 1
00:04:04 1
00:05:05 1
00:06:13 1
00:07:15 1
02:00:06 1
02:01:05 1
02:02:05 1
02:03:06 1
02:04:06 1
02:05:06 1
02:06:07 1
02:07:07 1
02:08:08 1
02:09:08 1
02:10:09 1
02:11:09 1
02:12:10 1
02:13:10 1
02:14:10 1
02:15:11 1
02:16:11 1
02:17:12 1
02:18:12 1
02:19:12 1
02:20:13 1
02:21:13 1
02:22:14 1
02:23:14 1
02:24:14 1
02:25:15 1
02:26:15 1
02:27:16 1
02:28:16 1
02:29:17 1
02:30:17 1
02:31:17 1
02:32:18 1
02:33:18 1
02:34:19 1
02:35:19 1
02:36:20 1
02:37:20 1
02:38:20 1
02:39:21 1
02:40:21 1
02:41:22 1
02:42:22 1
02:43:23 1
02:44:23 1
02:45:23 1
02:46:24 1
02:47:24 1
02:48:24 1
02:49:25 1
02:50:25 1
02:51:26 1
02:52:26 1
02:53:27 1
02:54:27 1
02:55:28 1
02:56:28 1
02:57:29 1
02:58:29 1
02:59:29 1
03:00:30 1
03:01:30 1
03:02:31 1
03:03:31 1
03:04:32 1
03:05:32 1
03:06:33 1
03:07:33 1
03:08:33 1
03:09:34 1
03:10:34 1
03:11:35 1
03:12:35 1
03:13:36 1
03:14:36 1
03:15:37 1
03:16:37 1
03:17:38 1
03:18:38 1
03:19:38 1
03:20:39 1
03:21:39 1
03:22:40 1
03:23:40 1
03:24:41 1
03:25:41 1
03:26:42 1
03:27:42 1
03:28:42 1
03:29:43 1
03:30:43 1
03:31:44 1
03:32:44 1
03:33:44 1
03:34:45 1
03:35:45 1
03:36:46 1
03:37:46 1
03:38:47 1
03:39:47 1
03:40:47 1
03:41:48 1
03:42:48 1
03:43:49 1
03:44:49 1
03:45:50 1
03:46:50 1
03:47:50 1
03:48:51 1
03:49:51 1
03:50:52 1
03:51:52 1
03:52:53 1
03:53:53 1
03:54:53 1
03:55:54 1
03:56:55 1
03:57:55 1
03:58:55 1
03:59:56 1
04:00:56 1
04:01:57 1
04:02:57 1
04:03:58 1
04:04:58 1
04:05:59 1
04:06:59 1
04:07:59 1
04:09:00 1
04:10:00 1
04:11:01 1
04:12:01 1
04:13:02 1
04:14:02 1
04:15:02 1
04:16:03 1
04:17:03 1
04:18:04 1
04:19:04 1
04:20:04 1
04:21:05 1
04:22:05 1
04:23:06 1
04:24:06 1
04:25:07 1
04:26:07 1
04:27:07 1
04:28:08 1
04:29:08 1
04:30:09 1
04:31:09 1
04:32:09 1
04:33:10 1
04:34:10 1
04:35:11 1
04:36:11 1
04:37:12 1
04:38:12 1
04:39:13 1
04:40:13 1
04:41:13 1
04:42:14 1
04:43:14 1
04:44:16 1
04:45:15 1
04:46:16 1
04:47:16 1
04:48:16 1
04:49:17 1
04:50:17 1
04:51:18 1
04:52:18 1
04:53:18 1
04:54:19 1
04:55:19 1
04:56:20 1
04:57:20 1
04:58:21 1
04:59:21 1
05:00:21 1
05:01:22 1
05:02:22 1
05:03:22 1
05:04:23 1
05:05:23 1
05:06:24 1
05:07:24 1
05:08:25 1
05:09:25 1
05:10:26 1
05:11:26 1
05:12:26 1
05:13:27 1
05:14:27 1
05:15:28 1
05:16:28 1
05:17:29 1
05:18:29 1
05:19:29 1
05:20:30 1
05:21:30 1
05:22:31 1
05:23:31 1
05:24:32 1
05:25:32 1
05:26:32 1
05:27:33 1
05:28:33 1
05:29:34 1
05:30:34 1
05:31:34 1
05:32:35 1
05:33:35 1
05:34:36 1
05:35:36 1
05:36:37 1
05:37:37 1
05:38:37 1
05:39:38 1
05:40:38 1
05:41:39 1
05:42:39 1
05:43:40 1
05:44:40 1
05:45:41 1
05:46:41 1
05:47:41 1
05:48:42 1
05:49:42 1
05:50:43 1
05:51:43 1
05:52:43 1
05:53:44 1
05:54:44 1
05:55:45 1
05:56:45 1
05:57:46 1
05:58:46 1
05:59:47 1
06:00:47 1
06:01:47 1
06:02:48 1
06:03:48 1
06:04:49 1
06:05:49 1
06:06:50 1
06:07:50 1
06:08:50 1
06:09:51 1
06:10:51 1
06:11:52 1
06:12:52 1
06:13:52 1
06:14:53 1
06:15:53 1
06:16:54 1
06:17:54 1
06:18:55 1
06:19:55 1
06:20:55 1
06:21:56 1
06:22:56 1
06:23:57 1
06:24:57 1
06:25:58 1
06:26:58 1
06:27:58 1
06:28:59 1
06:29:59 1
06:31:00 1
06:32:00 1
06:33:00 1
06:34:01 1
06:35:01 1
06:36:02 1
06:37:02 1
06:38:03 1
06:39:03 1
06:40:03 1
06:41:04 1
06:42:04 1
06:43:05 1
06:44:05 1
06:45:06 1
06:46:06 1
06:47:06 1
06:48:07 1
06:49:07 1
06:50:08 1
06:51:08 1
06:52:09 1
06:53:09 1
06:54:09 1
06:55:10 1
06:56:10 1
06:57:11 1
06:58:11 1
06:59:12 1
07:00:12 1
07:01:12 1
07:02:13 1
07:03:13 1
07:04:14 1
07:05:14 1
07:06:15 1
07:07:15 1
07:08:17 1
07:09:16 1
07:10:16 1
07:11:17 1
07:12:18 1
07:13:18 1
07:14:18 1
07:15:19 1
07:16:19 1
07:17:20 1
07:18:20 1
07:19:21 1
07:20:21 1
07:21:22 1
07:22:22 1
07:23:22 1
07:24:23 1
07:25:23 1
07:26:24 1
07:27:24 1
07:28:24 1
07:29:25 1
07:30:25 1
07:31:26 1
07:32:26 1
07:33:27 1
07:34:27 1
07:35:27 1
07:36:28 1
07:37:28 1
07:38:29 1
07:39:29 1
07:40:30 1
07:41:30 1
07:42:31 1
07:43:31 1
07:44:32 1
07:45:32 1
07:46:32 1
07:47:33 1
07:48:33 1
07:49:34 1
07:50:34 1
07:51:34 1
07:52:35 1
07:53:35 1
07:54:36 1
07:55:36 1
07:56:36 1
07:57:37 1
07:58:37 1
07:59:38 1
08:00:38 1
08:01:38 1
08:02:39 1
08:03:39 1
08:04:39 1
08:05:40 1
08:06:40 1
08:07:40 1
08:08:41 1
08:09:41 1
08:10:41 1
08:11:42 1
08:12:42 1
08:13:42 1
08:14:43 1
08:15:43 1
08:16:43 1
08:17:44 1
08:18:44 1
08:19:45 1
08:20:45 1
08:21:45 1
08:22:46 1
08:23:46 1
08:24:46 1
08:25:47 1
08:26:47 1
08:27:47 1
08:28:48 1
08:29:48 1
08:30:48 1
08:31:49 1
08:32:49 1
08:33:49 1
08:34:50 1
08:35:50 1
08:36:50 1
08:37:51 1
08:38:51 1
08:39:51 1
08:40:52 1
08:41:52 1
08:42:52 1
08:43:53 1
08:44:53 1
08:45:53 1
08:46:54 1
08:47:54 1
08:48:54 1
08:49:55 1
08:50:55 1
08:51:55 1
08:52:56 -1
08:53:56 1
08:54:56 1
08:55:57 1
08:56:57 1
08:57:57 1
08:58:58 1
08:59:59 1
09:00:59 1
09:01:59 1
09:03:00 1
09:04:00 1
09:05:00 1
09:06:01 1
09:07:01 1
09:08:01 1
09:09:01 1
09:10:02 1
09:11:02 1
09:12:02 1
09:13:03 1
09:14:03 1
09:15:03 1
09:16:04 1
09:17:04 1
09:18:05 1
09:19:05 1
09:20:06 1
09:21:06 1
09:22:06 1
09:23:07 1
09:24:07 1
09:25:07 1
09:26:08 1
09:27:08 1
09:28:08 1
09:29:08 1
09:30:09 1
09:31:09 1
09:32:09 1
09:33:09 1
09:34:10 1
09:35:10 1
09:36:10 1
09:37:11 1
09:38:11 1
09:39:12 1
09:40:12 1
09:41:12 1
09:42:12 1
09:43:13 1
09:44:13 1
09:45:13 1
09:46:14 1
09:47:14 1
09:48:14 1
09:49:15 1
09:50:15 1
09:51:15 1
09:52:16 1
09:53:16 1
09:54:16 1
09:55:17 1
09:56:17 1
09:57:18 1
09:58:18 1
09:59:18 1
10:00:18 1
10:01:19 1
10:02:19 1
10:03:19 1
10:04:20 1
10:05:20 1
10:06:20 1
10:07:21 1
10:08:21 1
10:09:21 1
10:10:22 1
10:11:22 1
10:12:22 -1
10:13:23 1
10:14:23 1
10:15:23 1
10:16:23 1
10:17:24 1
10:18:24 1
10:19:24 1
10:20:25 1
10:21:25 1
10:22:25 1
10:23:26 1
10:24:26 1
10:25:26 1
10:26:27 1
