00:00:05 4 0 0
00:00:36 4 0 0
00:01:08 4 0 0
00:01:41 4 0 0
00:02:11 4 0 0
00:02:41 4 0 0
00:03:10 4 0 0
00:03:39 4 0 0
00:04:11 4 0 0
00:04:42 4 0 0
00:05:13 4 0 0
00:05:43 4 0 0
00:06:14 4 0 0
00:06:44 4 0 0
00:07:15 4 0 0
02:00:02 4 0 0
02:00:31 4 0 0
02:01:02 4 0 0
02:01:32 4 0 0
02:02:02 4 0 0
02:02:32 4 0 0
02:03:02 4 0 0
02:03:33 4 0 0
02:04:03 4 0 0
02:04:33 4 0 0
02:05:03 4 0 0
02:05:34 4 0 0
02:06:04 4 0 0
02:06:34 4 0 0
02:07:04 4 0 0
02:07:34 4 0 0
02:08:04 4 0 0
02:08:35 4 0 0
02:09:05 4 0 0
02:09:35 4 0 0
02:10:05 4 0 0
02:10:36 4 0 0
02:11:06 4 0 0
02:11:36 4 0 0
02:12:06 4 0 0
02:12:37 4 0 0
02:13:07 4 0 0
02:13:37 4 0 0
02:14:07 4 0 0
02:14:37 4 0 0
02:15:08 4 0 0
02:15:38 4 0 0
02:16:08 4 0 0
02:16:38 4 0 0
02:17:08 4 0 0
02:17:39 4 0 0
02:18:09 4 0 0
02:18:39 4 0 0
02:19:09 4 0 0
02:19:40 4 0 0
02:20:10 4 0 0
02:20:40 4 0 0
02:21:10 4 0 0
02:21:40 4 0 0
02:22:10 4 0 0
02:22:41 4 0 0
02:23:11 4 0 0
02:23:41 4 0 0
02:24:11 4 0 0
02:24:42 4 0 0
02:25:12 4 0 0
02:25:42 4 0 0
02:26:12 4 0 0
02:26:43 4 0 0
02:27:13 4 0 0
02:27:43 4 0 0
02:28:13 4 0 0
02:28:43 4 0 0
02:29:13 4 0 0
02:29:44 4 0 0
02:30:14 4 0 0
02:30:44 4 0 0
02:31:14 4 0 0
02:31:45 4 0 0
02:32:15 4 0 0
02:32:45 4 0 0
02:33:15 4 0 0
02:33:45 4 0 0
02:34:15 4 0 0
02:34:46 4 0 0
02:35:16 4 0 0
02:35:46 4 0 0
02:36:16 4 0 0
02:36:47 4 0 0
02:37:17 4 0 0
02:37:47 4 0 0
02:38:17 4 0 0
02:38:47 4 0 0
02:39:18 4 0 0
02:39:48 4 0 0
02:40:18 4 0 3
02:40:48 4 0 0
02:41:18 4 0 0
02:41:49 4 0 0
02:42:19 4 0 0
02:42:49 4 0 0
02:43:19 4 0 0
02:43:50 4 0 0
02:44:20 4 0 0
02:44:50 4 0 0
02:45:20 4 0 0
02:45:50 4 0 0
02:46:20 4 0 0
02:46:51 4 0 0
02:47:21 4 0 0
02:47:51 4 0 0
02:48:21 4 0 0
02:48:52 4 0 0
02:49:22 4 0 0
02:49:52 4 0 0
02:50:22 4 0 0
02:50:52 4 0 0
02:51:22 4 0 0
02:51:53 4 0 0
02:52:23 4 0 0
02:52:53 4 0 0
02:53:23 4 0 0
02:53:54 4 0 0
02:54:24 4 0 0
02:54:54 4 0 0
02:55:24 4 0 0
02:55:55 4 0 0
02:56:25 4 0 0
02:56:55 4 0 0
02:57:25 4 0 0
02:57:56 4 0 0
02:58:26 4 0 0
02:58:56 4 0 0
02:59:26 4 0 0
02:59:57 4 0 0
03:00:27 4 0 0
03:00:57 4 0 0
03:01:27 4 0 0
03:01:57 4 0 0
03:02:27 4 0 0
03:02:58 4 0 0
03:03:28 4 0 0
03:03:58 4 0 0
03:04:28 4 0 0
03:04:59 4 0 0
03:05:29 4 0 0
03:05:59 4 0 0
03:06:29 4 0 0
03:07:00 4 0 0
03:07:30 4 0 0
03:08:00 4 0 0
03:08:30 4 0 0
03:09:01 4 0 0
03:09:31 4 0 0
03:10:01 4 0 0
03:10:31 4 0 0
03:11:02 4 0 0
03:11:32 4 0 0
03:12:02 4 0 0
03:12:32 4 0 0
03:13:02 4 0 0
03:13:32 4 0 0
03:14:03 4 0 0
03:14:33 4 0 0
03:15:03 4 0 0
03:15:33 4 0 0
03:16:04 4 0 0
03:16:34 4 0 0
03:17:04 4 0 0
03:17:34 4 0 0
03:18:05 4 0 0
03:18:35 4 0 0
03:19:05 4 0 0
03:19:35 4 0 0
03:20:06 4 0 0
03:20:36 4 0 0
03:21:06 4 0 0
03:21:36 4 0 0
03:22:06 4 0 0
03:22:36 4 0 0
03:23:07 4 0 0
03:23:37 4 0 0
03:24:07 4 0 0
03:24:37 4 0 0
03:25:08 4 0 0
03:25:38 4 0 0
03:26:08 4 0 0
03:26:38 4 0 0
03:27:09 4 0 0
03:27:39 4 0 0
03:28:09 4 0 0
03:28:39 4 0 0
03:29:09 4 0 0
03:29:40 4 0 0
03:30:10 4 0 0
03:30:40 4 0 0
03:31:10 4 0 0
03:31:40 4 0 0
03:32:11 4 0 0
03:32:41 4 0 0
03:33:11 4 0 0
03:33:41 4 0 0
03:34:12 4 0 0
03:34:42 4 0 0
03:35:13 4 0 0
03:35:43 4 0 0
03:36:13 4 0 0
03:36:43 4 0 0
03:37:14 4 0 0
03:37:44 4 0 0
03:38:14 4 0 0
03:38:44 4 0 0
03:39:15 4 0 0
03:39:45 4 0 0
03:40:15 4 0 0
03:40:45 4 0 0
03:41:16 4 0 0
03:41:46 4 0 0
03:42:16 4 0 0
03:42:46 4 0 0
03:43:16 4 0 0
03:43:46 4 0 0
03:44:17 4 0 0
03:44:47 4 0 0
03:45:17 4 0 0
03:45:47 4 0 0
03:46:18 4 0 0
03:46:48 4 0 0
03:47:18 4 0 0
03:47:48 4 0 0
03:48:19 4 0 0
03:48:49 4 0 0
03:49:19 4 0 0
03:49:49 4 0 0
03:50:19 4 0 0
03:50:49 4 0 0
03:51:20 4 0 0
03:51:50 4 0 0
03:52:20 4 0 0
03:52:50 4 0 0
03:53:21 4 0 0
03:53:51 4 0 0
03:54:21 4 0 0
03:54:51 4 0 0
03:55:22 4 0 0
03:55:52 4 0 0
03:56:22 4 0 0
03:56:52 4 0 0
03:57:23 4 0 0
03:57:53 4 0 0
03:58:23 4 0 0
03:58:53 4 0 0
03:59:24 4 0 0
03:59:54 4 0 0
04:00:24 4 0 0
04:00:54 4 0 0
04:01:25 4 0 0
04:01:55 4 0 0
04:02:25 4 0 0
04:02:55 4 0 0
04:03:25 4 0 0
04:03:55 4 0 0
04:04:26 4 0 0
04:04:56 4 0 0
04:05:26 4 0 0
04:05:56 4 0 0
04:06:27 4 0 0
04:06:57 4 0 0
04:07:27 4 0 0
04:07:57 4 0 0
04:08:28 4 0 0
04:08:58 4 0 0
04:09:28 4 0 3
04:09:58 4 0 0
04:10:28 4 0 0
04:10:58 4 0 0
04:11:29 4 0 0
04:11:59 4 0 0
04:12:29 4 0 0
04:12:59 4 0 0
04:13:30 4 0 0
04:14:00 4 0 0
04:14:30 4 0 0
04:15:00 4 0 0
04:15:30 4 0 0
04:16:01 4 0 0
04:16:31 4 0 0
04:17:01 4 0 0
04:17:31 4 0 0
04:18:01 4 0 0
04:18:32 4 0 0
04:19:02 4 0 0
04:19:32 4 0 0
04:20:02 4 0 0
04:20:33 4 0 0
04:21:03 4 0 0
04:21:33 4 0 0
04:22:03 4 0 0
04:22:33 4 0 0
04:23:03 4 0 0
04:23:34 4 0 0
04:24:04 4 0 0
04:24:34 4 0 0
04:25:04 4 0 0
04:25:35 4 0 0
04:26:05 4 0 0
04:26:35 4 0 0
04:27:05 4 0 0
04:27:36 4 0 0
04:28:06 4 0 0
04:28:36 4 0 0
04:29:06 4 0 0
04:29:36 4 0 0
04:30:06 4 0 0
04:30:37 4 0 0
04:31:07 4 0 0
04:31:37 4 0 0
04:32:07 4 0 0
04:32:37 4 0 0
04:33:08 4 0 0
04:33:38 4 0 0
04:34:08 4 0 0
04:34:38 4 0 0
04:35:08 4 0 0
04:35:39 4 0 0
04:36:09 4 0 0
04:36:39 4 0 0
04:37:09 4 0 0
04:37:40 4 0 0
04:38:10 4 0 0
04:38:40 4 0 0
04:39:10 4 0 0
04:39:41 4 0 0
04:40:11 4 0 0
04:40:41 4 0 0
04:41:11 4 0 0
04:41:42 4 0 0
04:42:12 4 0 0
04:42:42 4 0 0
04:43:12 4 0 0
04:43:42 4 0 0
04:44:12 4 0 0
04:44:43 4 0 0
04:45:13 4 0 0
04:45:43 4 0 0
04:46:13 4 0 0
04:46:44 4 0 0
04:47:14 4 0 0
04:47:44 4 0 0
04:48:14 4 0 0
04:48:44 4 0 0
04:49:14 4 0 0
04:49:45 4 0 0
04:50:15 4 0 0
04:50:45 4 0 0
04:51:15 4 0 0
04:51:46 4 0 0
04:52:16 4 0 0
04:52:46 4 0 0
04:53:16 4 0 0
04:53:46 4 0 0
04:54:17 4 0 0
04:54:47 4 0 0
04:55:17 4 0 0
04:55:47 4 0 0
04:56:17 4 0 0
04:56:48 4 0 0
04:57:18 4 0 0
04:57:48 4 0 0
04:58:18 4 0 0
04:58:49 4 0 0
04:59:19 4 0 0
04:59:49 4 0 0
05:00:19 4 0 0
05:00:50 4 0 0
05:01:20 4 0 0
05:01:50 4 0 0
05:02:20 4 0 0
05:02:50 4 0 0
05:03:20 4 0 0
05:03:51 4 0 0
05:04:21 4 0 0
05:04:51 4 0 0
05:05:21 4 0 0
05:05:51 4 0 0
05:06:22 4 0 0
05:06:52 4 0 0
05:07:22 4 0 0
05:07:52 4 0 0
05:08:22 4 0 0
05:08:53 4 0 0
05:09:23 4 0 0
05:09:53 4 0 0
05:10:23 4 0 0
05:10:54 4 0 0
05:11:24 4 0 0
05:11:54 4 0 0
05:12:24 4 0 0
05:12:55 4 0 0
05:13:25 4 0 0
05:13:55 4 0 0
05:14:25 4 0 0
05:14:55 4 0 0
05:15:25 4 0 0
05:15:56 4 0 0
05:16:26 4 0 0
05:16:56 4 0 0
05:17:26 4 0 0
05:17:57 4 0 0
05:18:27 4 0 0
05:18:57 4 0 0
05:19:27 4 0 0
05:19:58 4 0 0
05:20:28 4 0 0
05:20:58 4 0 0
05:21:28 4 0 0
05:21:58 4 0 0
05:22:28 4 0 0
05:22:59 4 0 0
05:23:29 4 0 0
05:23:59 4 0 0
05:24:29 4 0 0
05:25:00 4 0 0
05:25:30 4 0 0
05:26:00 4 0 0
05:26:30 4 0 0
05:27:01 4 0 0
05:27:31 4 0 0
05:28:01 4 0 0
05:28:31 4 0 0
05:29:01 4 0 0
05:29:31 4 0 0
05:30:02 4 0 0
05:30:32 4 0 0
05:31:02 4 0 0
05:31:32 4 0 0
05:32:03 4 0 0
05:32:33 4 0 0
05:33:03 4 0 0
05:33:33 4 0 0
05:34:03 4 0 0
05:34:33 4 0 0
05:35:04 4 0 0
05:35:34 4 0 0
05:36:04 4 0 0
05:36:34 4 0 0
05:37:05 4 0 0
05:37:35 4 0 0
05:38:05 4 0 0
05:38:35 4 0 0
05:39:06 4 0 0
05:39:36 4 0 0
05:40:06 4 0 0
05:40:36 4 0 0
05:41:07 4 0 0
05:41:37 4 0 0
05:42:07 4 0 0
05:42:37 4 0 0
05:43:07 4 0 0
05:43:37 4 0 0
05:44:08 4 0 0
05:44:38 4 0 0
05:45:08 4 0 0
05:45:38 4 0 0
05:46:09 4 0 0
05:46:39 4 0 0
05:47:09 4 0 0
05:47:39 4 0 0
05:48:09 4 0 0
05:48:39 4 0 0
05:49:10 4 0 0
05:49:40 4 0 0
05:50:10 4 0 0
05:50:40 4 0 0
05:51:11 4 0 0
05:51:41 4 0 0
05:52:11 4 0 0
05:52:41 4 0 0
05:53:12 4 0 0
05:53:42 4 0 0
05:54:12 4 0 0
05:54:42 4 0 0
05:55:12 4 0 0
05:55:42 4 0 0
05:56:13 4 0 0
05:56:43 4 0 0
05:57:13 4 0 0
05:57:43 4 0 0
05:58:14 4 0 0
05:58:44 4 0 0
05:59:14 4 0 0
05:59:44 4 0 0
06:00:15 4 0 0
06:00:45 4 0 0
06:01:15 4 0 0
06:01:45 4 0 0
06:02:16 4 0 0
06:02:46 4 0 0
06:03:16 4 0 0
06:03:46 4 0 0
06:04:16 4 0 0
06:04:46 4 0 0
06:05:17 4 0 0
06:05:47 4 0 0
06:06:17 4 0 0
06:06:47 4 0 0
06:07:18 4 0 0
06:07:48 4 0 0
06:08:18 4 0 0
06:08:48 4 0 0
06:09:19 4 0 0
06:09:49 4 0 0
06:10:19 4 0 0
06:10:49 4 0 0
06:11:19 4 0 0
06:11:49 4 0 0
06:12:20 4 0 0
06:12:50 4 0 0
06:13:20 4 0 0
06:13:50 4 0 0
06:14:21 4 0 0
06:14:51 4 0 0
06:15:21 4 0 0
06:15:51 4 0 0
06:16:21 4 0 0
06:16:52 4 0 0
06:17:22 4 0 0
06:17:52 4 0 0
06:18:22 4 0 0
06:18:52 4 0 0
06:19:23 4 0 0
06:19:53 4 0 0
06:20:23 4 0 0
06:20:53 4 0 0
06:21:24 4 0 0
06:21:54 4 0 0
06:22:24 4 0 0
06:22:54 4 0 0
06:23:24 4 0 0
06:23:54 4 0 0
06:24:25 4 0 0
06:24:55 4 0 0
06:25:25 4 0 0
06:25:55 4 0 0
06:26:26 4 0 0
06:26:56 4 0 0
06:27:26 4 0 0
06:27:56 4 0 0
06:28:26 4 0 0
06:28:56 4 0 0
06:29:27 4 0 0
06:29:57 4 0 0
06:30:27 4 0 0
06:30:57 4 0 0
06:31:28 4 0 0
06:31:58 4 0 0
06:32:28 4 0 0
06:32:58 4 0 0
06:33:29 4 0 0
06:33:59 4 0 0
06:34:29 4 0 0
06:34:59 4 0 0
06:35:29 4 0 0
06:36:00 4 0 0
06:36:30 4 0 0
06:37:00 4 0 0
06:37:30 4 0 0
06:38:00 4 0 0
06:38:31 4 0 0
06:39:01 4 0 0
06:39:31 4 0 0
06:40:01 4 0 0
06:40:32 4 0 0
06:41:02 4 0 0
06:41:32 4 0 0
06:42:02 4 0 0
06:42:32 4 0 0
06:43:03 4 0 0
06:43:33 4 0 0
06:44:03 4 0 0
06:44:33 4 0 0
06:45:03 4 0 0
06:45:34 4 0 0
06:46:04 4 0 0
06:46:34 4 0 0
06:47:04 4 0 0
06:47:35 4 0 0
06:48:05 4 0 0
06:48:35 4 0 0
06:49:05 4 0 0
06:49:35 4 0 0
06:50:05 4 0 0
06:50:36 4 0 0
06:51:06 4 0 0
06:51:36 4 0 0
06:52:06 4 0 0
06:52:37 4 0 0
06:53:07 4 0 0
06:53:37 4 0 0
06:54:07 4 0 0
06:54:38 4 0 0
06:55:08 4 0 0
06:55:38 4 0 0
06:56:08 4 0 0
06:56:38 4 0 0
06:57:09 4 0 0
06:57:39 4 0 0
06:58:09 4 0 0
06:58:39 4 0 0
06:59:09 4 0 0
06:59:40 4 0 5
07:00:10 4 0 0
07:00:40 4 0 0
07:01:10 4 0 0
07:01:41 4 0 0
07:02:11 4 0 0
07:02:41 4 0 0
07:03:11 4 0 0
07:03:42 4 0 0
07:04:12 4 0 0
07:04:42 4 0 0
07:05:12 4 0 0
07:05:42 4 0 2
07:06:12 4 0 0
07:06:43 4 0 0
07:07:13 4 0 0
07:07:43 4 0 0
07:08:13 4 0 0
07:08:44 4 0 0
07:09:14 4 0 0
07:09:44 4 0 0
07:10:14 4 0 0
07:10:45 4 0 0
07:11:15 4 0 0
07:11:45 4 0 0
07:12:15 4 0 0
07:12:46 4 0 0
07:13:16 4 0 0
07:13:46 4 0 0
07:14:16 4 0 0
07:14:47 4 0 0
07:15:17 4 0 0
07:15:47 4 0 0
07:16:17 4 0 0
07:16:47 4 0 0
07:17:18 4 0 0
07:17:48 4 0 0
07:18:18 4 0 0
07:18:48 4 0 0
07:19:18 4 0 0
07:19:49 4 0 0
07:20:19 4 0 0
07:20:49 4 0 0
07:21:19 4 0 0
07:21:50 4 0 0
07:22:20 4 0 0
07:22:50 4 0 0
07:23:20 4 0 0
07:23:50 4 0 0
07:24:20 4 0 0
07:24:51 4 0 0
07:25:21 4 0 0
07:25:51 4 0 0
07:26:21 4 0 0
07:26:52 4 0 0
07:27:22 4 0 0
07:27:52 4 0 0
07:28:22 4 0 0
07:28:53 4 0 0
07:29:23 4 0 0
07:29:53 4 0 0
07:30:23 4 0 0
07:30:53 4 0 0
07:31:23 4 0 0
07:31:54 4 0 0
07:32:24 4 0 0
07:32:54 4 0 0
07:33:24 4 0 0
07:33:55 4 0 0
07:34:25 4 0 0
07:34:55 4 0 0
07:35:25 4 0 0
07:35:55 4 0 0
07:36:26 4 0 0
07:36:56 4 0 0
07:37:26 4 0 0
07:37:57 4 0 0
07:38:27 4 0 0
07:38:57 4 0 0
07:39:27 4 0 0
07:39:57 4 0 0
07:40:27 4 0 0
07:40:58 4 0 0
07:41:28 4 0 0
07:41:58 4 0 0
07:42:28 4 0 0
07:42:59 4 0 0
07:43:29 4 0 0
07:43:59 4 0 0
07:44:29 4 0 0
07:45:00 4 0 0
07:45:30 4 0 0
07:46:00 4 0 0
07:46:30 4 0 0
07:47:00 4 0 0
07:47:31 4 0 0
07:48:01 4 0 0
07:48:31 4 0 0
07:49:01 4 0 0
07:49:31 4 0 0
07:50:02 4 0 0
07:50:32 4 0 0
07:51:02 4 0 0
07:51:32 4 0 0
07:52:02 4 0 0
07:52:33 4 0 0
07:53:03 4 0 0
07:53:33 4 0 0
07:54:03 4 0 0
07:54:33 4 0 0
07:55:04 4 0 0
07:55:34 4 0 0
07:56:04 4 0 0
07:56:34 4 0 0
07:57:05 4 0 0
07:57:35 4 0 0
07:58:05 4 0 0
07:58:36 4 0 0
07:59:06 4 0 0
07:59:36 4 0 0
08:00:07 4 0 0
08:00:37 4 0 0
08:01:07 4 0 0
08:01:37 4 0 0
08:02:08 4 0 0
08:02:38 4 0 0
08:03:08 4 0 0
08:03:38 4 0 0
08:04:08 4 0 0
08:04:38 4 0 0
08:05:08 4 0 0
08:05:38 4 0 0
08:06:09 4 0 0
08:06:39 4 0 0
08:07:09 4 0 0
08:07:39 4 0 0
08:08:09 4 0 0
08:08:39 4 0 0
08:09:10 4 0 0
08:09:40 4 0 0
08:10:10 4 0 0
08:10:40 4 0 0
08:11:10 4 0 0
08:11:40 4 0 0
08:12:11 4 0 0
08:12:41 4 0 0
08:13:11 4 0 0
08:13:41 4 0 0
08:14:11 4 0 0
08:14:41 4 0 0
08:15:12 4 0 0
08:15:42 4 0 0
08:16:12 4 0 0
08:16:42 4 0 0
08:17:12 4 0 0
08:17:42 4 0 0
08:18:13 4 0 0
08:18:43 4 0 0
08:19:13 4 0 0
08:19:43 4 0 0
08:20:14 4 0 0
08:20:44 4 0 0
08:21:14 4 0 0
08:21:44 4 0 0
08:22:14 4 0 0
08:22:44 4 0 0
08:23:15 4 0 0
08:23:45 4 0 0
08:24:15 4 0 0
08:24:45 4 0 0
08:25:15 4 0 0
08:25:46 4 0 0
08:26:16 4 0 0
08:26:46 4 0 0
08:27:16 4 0 0
08:27:46 4 0 0
08:28:17 4 0 0
08:28:47 4 0 0
08:29:17 4 0 0
08:29:47 4 0 0
08:30:17 4 0 0
08:30:47 4 0 0
08:31:18 4 0 0
08:31:48 4 0 0
08:32:18 4 0 0
08:32:48 4 0 0
08:33:18 4 0 0
08:33:48 4 0 0
08:34:18 4 0 0
08:34:48 4 0 0
08:35:19 4 0 0
08:35:49 4 0 0
08:36:19 4 0 0
08:36:49 4 0 0
08:37:19 4 0 0
08:37:49 4 0 0
08:38:20 4 0 0
08:38:50 4 0 0
08:39:20 4 0 0
08:39:50 4 0 0
08:40:20 4 0 0
08:40:51 4 0 0
08:41:21 4 0 0
08:41:51 4 0 0
08:42:21 4 0 0
08:42:51 4 0 0
08:43:21 4 0 0
08:43:51 4 0 0
08:44:22 4 0 0
08:44:52 4 0 0
08:45:22 4 0 0
08:45:52 4 0 0
08:46:22 4 0 0
08:46:52 4 0 0
08:47:23 4 0 0
08:47:53 4 0 0
08:48:23 4 0 0
08:48:53 4 0 0
08:49:23 4 0 0
08:49:53 4 0 0
08:50:24 4 0 0
08:50:54 4 0 0
08:51:24 4 0 0
08:51:54 4 0 0
08:52:24 4 0 0
08:52:54 4 0 0
08:53:25 4 0 0
08:53:55 4 0 0
08:54:25 4 0 0
08:54:55 4 0 0
08:55:25 4 0 0
08:55:55 4 0 0
08:56:26 4 0 0
08:56:56 4 0 0
08:57:26 4 0 0
08:57:56 4 0 0
08:58:27 4 0 0
08:58:57 4 0 0
08:59:27 4 0 0
08:59:57 4 0 0
09:00:28 4 0 0
09:00:58 4 0 0
09:01:28 4 0 0
09:01:58 4 0 0
09:02:28 4 0 0
09:02:58 4 0 0
09:03:29 4 0 0
09:03:59 4 0 0
09:04:29 4 0 0
09:04:59 4 0 0
09:05:29 4 0 0
09:05:59 4 0 0
09:06:30 4 0 0
09:07:00 4 0 0
09:07:30 4 0 0
09:08:00 4 0 0
09:08:30 4 0 0
09:09:00 4 0 0
09:09:30 4 0 0
09:10:00 4 0 0
09:10:31 4 0 0
09:11:01 4 0 0
09:11:31 4 0 0
09:12:01 4 0 0
09:12:32 4 0 0
09:13:02 4 0 0
09:13:32 4 0 0
09:14:02 4 0 0
09:14:32 4 0 0
09:15:02 4 0 0
09:15:32 4 0 0
09:16:02 4 0 0
09:16:33 4 0 0
09:17:03 4 0 0
09:17:33 4 0 0
09:18:04 4 0 0
09:18:34 4 0 0
09:19:04 4 0 0
09:19:34 4 0 0
09:20:04 4 0 0
09:20:35 4 0 0
09:21:05 4 0 0
09:21:35 4 0 0
09:22:05 4 0 0
09:22:35 4 0 0
09:23:05 4 0 0
09:23:36 4 0 0
09:24:06 4 0 0
09:24:36 4 0 0
09:25:06 4 0 0
09:25:36 4 0 0
09:26:06 4 0 0
09:26:37 4 0 0
09:27:07 4 0 0
09:27:37 4 0 0
09:28:08 4 0 0
09:28:38 4 0 0
09:29:08 4 0 0
09:29:38 4 0 0
09:30:08 4 0 0
09:30:39 4 0 0
09:31:09 4 0 0
09:31:39 4 0 0
09:32:09 4 0 0
09:32:39 4 0 0
09:33:09 4 0 0
09:33:39 4 0 0
09:34:09 4 0 0
09:34:40 4 0 0
09:35:10 4 0 0
09:35:40 4 0 0
09:36:10 4 0 0
09:36:40 4 0 0
09:37:11 4 0 0
09:37:41 4 0 0
09:38:11 4 0 0
09:38:41 4 0 0
09:39:11 4 0 0
09:39:42 4 0 0
09:40:12 4 0 0
09:40:42 4 0 0
09:41:12 4 0 0
09:41:42 4 0 0
09:42:12 4 0 0
09:42:42 4 0 0
09:43:12 4 0 0
09:43:43 4 0 0
09:44:13 4 0 0
09:44:43 4 0 0
09:45:13 4 0 0
09:45:43 4 0 0
09:46:13 4 0 0
09:46:44 4 0 0
09:47:14 4 0 0
09:47:44 4 0 0
09:48:14 4 0 0
09:48:44 4 0 0
09:49:14 4 0 0
09:49:45 4 0 0
09:50:15 4 0 0
09:50:45 4 0 0
09:51:15 4 0 0
09:51:45 4 0 0
09:52:16 4 0 0
09:52:46 4 0 0
09:53:16 4 0 0
09:53:46 4 0 3
09:54:16 4 0 0
09:54:46 4 0 0
09:55:16 4 0 0
09:55:47 4 0 0
09:56:17 4 0 0
09:56:47 4 0 0
09:57:17 4 0 0
09:57:48 4 0 0
09:58:18 4 0 0
09:58:48 4 0 0
09:59:18 4 0 0
09:59:49 4 0 0
10:00:20 4 0 0
10:00:50 4 0 0
10:01:20 4 0 0
10:01:50 4 0 0
10:02:20 4 0 0
10:02:50 4 0 0
10:03:20 4 0 0
10:03:50 4 0 0
10:04:20 4 0 0
10:04:51 4 0 0
10:05:21 4 0 0
10:05:51 4 0 0
10:06:21 4 0 0
10:06:51 4 0 0
10:07:21 4 0 0
10:07:52 4 0 0
10:08:22 4 0 0
10:08:52 4 0 0
10:09:22 4 0 0
10:09:52 4 0 0
10:10:22 4 0 0
10:10:53 4 0 0
10:11:23 4 0 0
10:11:53 4 0 0
10:12:23 4 0 0
10:12:53 4 0 0
10:13:23 4 0 0
10:13:54 4 0 0
10:14:24 4 0 0
10:14:54 4 0 0
10:15:24 4 0 0
10:15:54 4 0 0
10:16:24 4 0 0
10:16:55 4 0 0
10:17:25 4 0 0
10:17:55 4 0 0
10:18:25 4 0 0
10:18:55 4 0 0
10:19:25 4 0 0
10:19:56 4 0 0
10:20:26 4 0 0
10:20:57 4 0 0
10:21:27 4 0 0
10:21:57 4 0 0
10:22:27 4 0 0
10:22:57 4 0 0
10:23:27 4 0 0
10:23:58 4 0 0
10:24:28 4 0 0
10:24:58 4 0 0
10:25:28 4 0 0
10:25:58 4 0 0
10:26:28 4 0 0
