00:00:59 25229 3018
00:02:04 529 444
00:03:04 832 856
00:04:04 3873 1739
00:05:05 20042 1430
00:06:13 967 487
00:07:15 3429 1992
02:00:06 279427 8563
02:01:05 37598 2002
02:02:05 3453 1749
02:03:06 95371 9666
02:04:06 407 208
02:05:06 993 1296
02:06:07 987 580
02:07:07 31557 5332
02:08:08 50853 3368
02:09:08 12139 2563
02:10:09 7699 253798
02:11:09 1237 1078
02:12:10 35072 3173
02:13:10 76523 14614
02:14:10 1475 2445
02:15:11 258 268
02:16:11 22727 1274
02:17:12 47733 41346
02:18:12 1961 2367
02:19:12 605 500
02:20:13 512 320
02:21:13 2631 2976
02:22:14 507 236
02:23:14 20496 1824
02:24:14 12117 1809
02:25:15 3314 1237
02:26:15 58861 76872
02:27:16 15179 448
02:28:16 974 2353
02:29:17 893 867
02:30:17 1638 1684
02:31:17 237 592
02:32:18 1485 1884
02:33:18 7329 570
02:34:19 1043 754
02:35:19 4039 1727
02:36:20 631 505
02:37:20 3213 806
02:38:20 1049 1199
02:39:21 328 197
02:40:21 110824 205351
02:41:22 6032 3076
02:42:22 80262 35311
02:43:23 8156 6719
02:44:23 21685 660
02:45:23 1762 1540
02:46:24 2898 2638
02:47:24 100473 3628
02:48:24 4974 1138
02:49:25 16904 1567
02:50:25 264 135
02:51:26 304 749
02:52:26 77694 2472
02:53:27 378 208
02:54:27 16458 896
02:55:28 3779 1081
02:56:28 507 884
02:57:29 33862 4227
02:58:29 7169 2391
02:59:29 1426 1070
03:00:30 1032 728
03:01:30 125 60
03:02:31 28734 2868
03:03:31 49959 1872
03:04:32 997 637
03:05:32 36808 2368
03:06:33 593 910
03:07:33 1471 859
03:08:33 646 324
03:09:34 1969 2113
03:10:34 2974 594
03:11:35 24269 3853
03:12:35 26280 2658
03:13:36 1217 985
03:14:36 24378 1066
03:15:37 275 212
03:16:37 840 1303
03:17:38 3077 1221
03:18:38 573 430
03:19:38 22365 2391
03:20:39 562 382
03:21:39 869 596
03:22:40 977 835
03:23:40 3153 120
03:24:41 3385 3117
03:25:41 48129 3313
03:26:42 31490 4060
03:27:42 1783 2243
03:28:42 4819 7262
03:29:43 312 222
03:30:43 572 1038
03:31:44 893 1523
03:32:44 51476 2422
03:33:44 405 266
03:34:45 37343 1791
03:35:45 11260 536
03:36:46 32780 4590
03:37:46 898 781
03:38:47 1620 1589
03:39:47 37691 2487
03:40:47 1933 2037
03:41:48 887 1259
03:42:48 891 660
03:43:49 28140 2220
03:44:49 35520 2171
03:45:50 22252 2438
03:46:50 2076 534
03:47:50 1178 618
03:48:51 35969 2498
03:49:51 950 507
03:50:52 1627 28080
03:51:52 1323 760
03:52:53 769 1105
03:53:53 612 564
03:54:53 66060 2621
03:55:54 32720 2337
03:56:55 5172 2163
03:57:55 20660 2032
03:58:55 15750 2155
03:59:56 4188 2733
04:00:56 22704 2252
04:01:57 1193 896
04:02:57 1036 708
04:03:58 133483 7829
04:04:58 44193 1500
04:05:59 7152 8263
04:06:59 37439 9454
04:07:59 36267 4602
04:09:00 25644 2618
04:10:00 103382 6929
04:11:01 34398 5042
04:12:01 50700 2370
04:13:02 892 758
04:14:02 1425 1343
04:15:02 21417 6832
04:16:03 3839 5220
04:17:03 27137 2856
04:18:04 720 530
04:19:04 411767 17301
04:20:04 5314 2785
04:21:05 2154 1767
04:22:05 9849 2498
04:23:06 3531 5020
04:24:06 1263 910
04:25:07 1848 1115
04:26:07 50484 11693
04:27:07 1295 946
04:28:08 1190 947
04:29:08 16693 3641
04:30:09 3774 6091
04:31:09 9931 1767
04:32:09 33202 2208
04:33:10 1085 708
04:34:10 13475 7954
04:35:11 5661 1444
04:36:11 2481 1706
04:37:12 1985 800
04:38:12 4875 6575
04:39:13 431950 23022
04:40:13 1874 1262
04:41:13 179259 9959
04:42:14 15386 7486
04:43:14 139965 6063
04:44:16 4157728 96249
04:45:15 1599 2169
04:46:16 27798 2474
04:47:16 858 658
04:48:16 20837 6116
04:49:17 2615 3826
04:50:17 651 410
04:51:18 2659 3726
04:52:18 3668 4800
04:53:18 7403 440
04:54:19 31638 3400
04:55:19 3143 3732
04:56:20 1516 925
04:57:20 620 509
04:58:21 1028 1890
04:59:21 4606 6218
05:00:21 54006 2807
05:01:22 858 837
05:02:22 4902 4647
05:03:22 37737 1564
05:04:23 1710 2441
05:05:23 2259 1542
05:06:24 2614 2259
05:07:24 42736 4381
05:08:25 1276 883
05:09:25 11812 1977
05:10:26 73134 4430
05:11:26 6429 1917
05:12:26 19696 1979
05:13:27 635 504
05:14:27 1554 1017
05:15:28 1834 1195
05:16:28 32369 3140
05:17:29 11142 2806
05:18:29 992 778
05:19:29 715 521
05:20:30 3152 4104
05:21:30 3046 1836
05:22:31 6141 8150
05:23:31 859 620
05:24:32 1456 1221
05:25:32 27557 4310
05:26:32 17231 3904
05:27:33 18292 3274
05:28:33 19910 2130
05:29:34 384364 48616
05:30:34 19911 1263
05:31:34 664 583
05:32:35 3532 2602
05:33:35 808 616
05:34:36 6922 830
05:35:36 1129 880
05:36:37 1911 3006
05:37:37 1136 840
05:38:37 1106 985
05:39:38 29967 341475
05:40:38 5128 1405
05:41:39 1232 1014
05:42:39 10015 1943
05:43:40 2525 1537
05:44:40 33244 3126
05:45:41 37069 3947
05:46:41 101377 13481
05:47:41 819 798
05:48:42 571 502
05:49:42 1057 884
05:50:43 554 444
05:51:43 48711 2808
05:52:43 46762 2918
05:53:44 1746 1304
05:54:44 2689 1780
05:55:45 4011 1667
05:56:45 1008 1292
05:57:46 33107 1856
05:58:46 2816 1824
05:59:47 3067 3259
06:00:47 23708 962
06:01:47 1639 2165
06:02:48 6889 1092
06:03:48 548 220
06:04:49 1667 1716
06:05:49 24481 2213
06:06:50 858 516
06:07:50 114248 6713
06:08:50 843 977
06:09:51 21256 1550
06:10:51 21191 1850
06:11:52 862 2218
06:12:52 814 1217
06:13:52 2108 1486
06:14:53 79742 7182
06:15:53 1061 869
06:16:54 1909 2768
06:17:54 4995 1433
06:18:55 27055 2514
06:19:55 89366 3694
06:20:55 499 496
06:21:56 26766 6334
06:22:56 1534 1013
06:23:57 38989 3664
06:24:57 541 425
06:25:58 4465 685
06:26:58 43200 3628
06:27:58 1640 1008
06:28:59 1711 1350
06:29:59 4628 1824
06:31:00 26190 41830
06:32:00 6701 1052
06:33:00 1445 1527
06:34:01 687 532
06:35:01 52668 2415
06:36:02 3995 3148
06:37:02 81143 3234
06:38:03 2928 2135
06:39:03 3238 2297
06:40:03 803 736
06:41:04 2737 1184
06:42:04 2009 1714
06:43:05 1715 1814
06:44:05 26576 3214
06:45:06 8413 2559
06:46:06 3052 1885
06:47:06 519631 16238
06:48:07 421 356
06:49:07 593 444
06:50:08 10673 2103
06:51:08 13256 2233
06:52:09 51994 5078
06:53:09 11146 3245
06:54:09 82542 4856
06:55:10 36823 2896
06:56:10 4882 3612
06:57:11 32717 41086
06:58:11 1041 1140
06:59:12 39303 3686
07:00:12 97831 6253
07:01:12 17336 2449
07:02:13 22086 3991
07:03:13 18491 7845
07:04:14 155444 6670
07:05:14 154551 7221
07:06:15 260448 9691
07:07:15 77570 3976
07:08:17 52475 5311
07:09:16 70594 5618
07:10:16 74110 2729
07:11:17 43927 4443
07:12:18 34922 4536
07:13:18 1595 1300
07:14:18 34458 3495
07:15:19 27563 2840
07:16:19 836 852
07:17:20 1812 1229
07:18:20 15697 3309
07:19:21 8543 1153
07:20:21 3021 2913
07:21:22 876 618
07:22:22 2551 1708
07:23:22 1207 1074
07:24:23 1619 1232
07:25:23 56535 4299
07:26:24 1240 842
07:27:24 4314 2304
07:28:24 31537 2522
07:29:25 1300 1230
07:30:25 4381 6346
07:31:26 3617 1408
07:32:26 3533 3002
07:33:27 7227 10507
07:34:27 864 905
07:35:27 1497 985
07:36:28 1356 1399
07:37:28 1180 1242
07:38:29 1336 976
07:39:29 18248 2243
07:40:30 1946 1418
07:41:30 3262 1224
07:42:31 1099 1326
07:43:31 1052 1070
07:44:32 632 761
07:45:32 1610 1382
07:46:32 1098 1453
07:47:33 2342 1720
07:48:33 1943 1731
07:49:34 1661 1544
07:50:34 7375 2427
07:51:34 2412 896
07:52:35 29097 2080
07:53:35 837 779
07:54:36 4174 2484
07:55:36 1640 1513
07:56:36 44390 4737
07:57:37 39539 3338
07:58:37 38727 3904
07:59:37 1269 1768
08:00:38 11674 5819
08:01:38 80764 9472
08:02:39 13871 5028
08:03:39 31386 1691
08:04:39 485 1234
08:05:40 1542 978
08:06:40 1326 1253
08:07:40 12556 2326
08:08:41 22009 3483
08:09:41 7879 648
08:10:41 1040 708
08:11:42 727 637
08:12:42 374 869
08:13:42 13914 2657
08:14:42 909 690
08:15:43 1928 1546
08:16:43 1360 1995
08:17:44 579 630
08:18:44 2028 214
08:19:45 20272 1040
08:20:45 1058 1171
08:21:45 1495 982
08:22:46 2190 1161
08:23:46 869 484
08:24:46 385 234
08:25:47 28475 2892
08:26:47 2141 1135
08:27:47 1486 1744
08:28:48 280 735
08:29:48 5717 1547
08:30:48 24712 1171
08:31:49 8826 1154
08:32:49 1478 1394
08:33:49 2992 3177
08:34:50 1257 1181
08:35:50 1323 890
08:36:50 26352 3778
08:37:51 1404 1462
08:38:51 830 1276
08:39:51 608 291
08:40:52 839 804
08:41:52 430 236
08:42:52 15975 2253
08:43:53 2027 1790
08:44:53 1780 1082
08:45:53 805 791
08:46:54 7038 469
08:47:54 1652 2236
08:48:54 976 603
08:49:55 616 405
08:50:55 1233 1772
08:51:55 1031 1002
08:52:56 -1 -1
08:53:56 82112 6194
08:54:56 29048 1736
08:55:57 2189 2555
08:56:57 910 867
08:57:57 1443 1197
08:58:58 20845 105249
08:59:59 1351 752
09:00:59 1017 894
09:01:59 1393 842
09:03:00 1796 602
09:04:00 56733 5383
09:05:00 2966 625
09:06:01 10109 2666
09:07:01 19264 2322
09:08:01 1183 1131
09:09:01 1205 802
09:10:02 854 864
09:11:02 948 2489
09:12:02 9281 9490
09:13:03 1004 890
09:14:03 19661 2508
09:15:03 17687 2600
09:16:04 1378 2826
09:17:04 2705 850
09:18:05 1322 1590
09:19:05 440681 13249
09:20:06 1732 1683
09:21:06 58793 3052
09:22:06 1182 682
09:23:07 1291 1010
09:24:07 83343 3952
09:25:07 592 955
09:26:08 1359 1766
09:27:08 47953 2172
09:28:08 10613 2752
09:29:08 20192 3131
09:30:09 25127 2321
09:31:09 716 748
09:32:09 14794 8019
09:33:09 563 324
09:34:10 989 1157
09:35:10 196668 6980
09:36:10 3407 1219
09:37:11 1561 1475
09:38:11 43215 9210
09:39:12 64280 4216
09:40:12 7469 1204
09:41:12 2660 1086
09:42:12 1057 1290
09:43:13 1160 716
09:44:13 31815 1724
09:45:13 1854 2190
09:46:14 2257 890
09:47:14 32736 3144
09:48:14 3348 3564
09:49:15 9531 3768
09:50:15 1625 1513
09:51:15 3517 2332
09:52:16 27130 2306
09:53:16 51232 3838
09:54:16 266525 5070
09:55:17 124533 6738
09:56:17 1876 2244
09:57:18 42430 3932
09:58:18 11659 1860
09:59:18 1948 2378
10:00:18 942 618
10:01:19 57483 150052
10:02:19 2284 2303
10:03:19 474 296
10:04:20 2633 1274
10:05:20 6846 6015
10:06:20 1749 1022
10:07:21 3709 1934
10:08:21 28558 2842
10:09:21 29289 1478
10:10:22 19671 2895
10:11:22 31514 3480
10:12:22 -1 -1
10:13:23 7245 1292
10:14:23 735 412
10:15:23 1364 1839
10:16:23 26903 1540
10:17:24 1188 721
10:18:24 1490 1226
10:19:24 2497 1978
10:20:25 21337 1416
10:21:25 92079 5554
10:22:25 42115 2888
10:23:26 17300 238536
10:24:26 46041 2658
10:25:26 35510 3307
10:26:27 38576 3207
