00:02:11 1
00:07:12 1
02:00:02 1
02:05:01 1
02:10:01 1
02:15:02 1
02:20:02 1
02:25:02 1
02:30:02 1
02:35:02 1
02:40:02 1
02:45:02 1
02:50:02 1
02:55:02 1
03:00:03 1
03:05:03 1
03:10:03 1
03:15:03 1
03:20:04 1
03:25:04 1
03:30:04 1
03:35:05 1
03:40:05 1
03:45:05 1
03:50:05 1
03:55:06 1
04:00:06 1
04:05:06 1
04:10:06 1
04:15:06 1
04:20:07 1
04:25:08 1
04:30:08 1
04:35:08 1
04:40:09 1
04:45:09 1
04:50:09 1
04:55:09 1
05:00:09 1
05:05:10 1
05:10:10 1
05:15:10 1
05:20:11 1
05:25:11 1
05:30:11 1
05:35:11 1
05:40:11 1
05:45:11 1
05:50:12 1
05:55:12 1
06:00:13 1
06:05:13 1
06:10:13 1
06:15:13 1
06:20:13 1
06:25:13 1
06:30:13 1
06:35:13 1
06:40:14 1
06:45:14 1
06:50:14 1
06:55:14 1
07:00:14 1
07:05:15 1
07:10:16 1
07:15:17 1
07:20:17 1
07:25:17 1
07:30:17 1
07:35:17 1
07:40:17 1
07:45:18 1
07:50:18 1
07:55:18 1
08:00:18 1
08:05:18 1
08:10:19 1
08:15:20 1
08:20:20 1
08:25:21 1
08:30:21 1
08:35:22 1
08:40:22 1
08:45:23 1
08:50:24 1
08:55:24 1
09:00:25 1
09:05:25 1
09:10:26 1
09:15:26 1
09:20:27 1
09:25:27 1
09:30:28 1
09:35:28 1
09:40:29 1
09:45:29 1
09:50:30 1
09:55:31 1
10:00:32 1
10:05:32 1
10:10:33 1
10:15:33 1
10:20:34 1
10:25:34 1
