00:01:00 1 1 1
00:01:51 1 1 1
00:02:52 1 1 1
00:03:53 1 1 1
00:04:54 1 1 1
00:05:56 1 1 1
00:06:56 1 1 1
02:00:02 1 1 1
02:01:02 1 1 1
02:02:02 1 1 1
02:03:02 1 1 1
02:04:03 1 1 1
02:05:03 1 1 1
02:06:04 1 1 1
02:07:04 1 1 1
02:08:04 1 1 1
02:09:05 1 1 1
02:10:06 1 1 1
02:11:06 1 1 1
02:12:06 1 1 1
02:13:07 1 1 1
02:14:07 1 1 1
02:15:08 1 1 1
02:16:08 1 1 1
02:17:08 1 1 1
02:18:09 1 1 1
02:19:09 1 1 1
02:20:10 1 1 1
02:21:10 1 1 1
02:22:10 1 1 1
02:23:11 1 1 1
02:24:11 1 1 1
02:25:12 1 1 1
02:26:12 1 1 1
02:27:13 1 1 1
02:28:13 1 1 1
02:29:13 1 1 1
02:30:14 1 1 1
02:31:14 1 1 1
02:32:15 1 1 1
02:33:15 1 1 1
02:34:16 1 1 1
02:35:16 1 1 1
02:36:16 1 1 1
02:37:17 1 1 1
02:38:17 1 1 1
02:39:18 1 1 1
02:40:18 1 1 1
02:41:18 1 1 1
02:42:19 1 1 1
02:43:19 1 1 1
02:44:20 1 1 1
02:45:20 1 1 1
02:46:20 1 1 1
02:47:21 1 1 1
02:48:21 1 1 1
02:49:22 1 1 1
02:50:22 1 1 1
02:51:23 1 1 1
02:52:23 1 1 1
02:53:23 1 1 1
02:54:24 1 1 1
02:55:25 1 1 1
02:56:25 1 1 1
02:57:25 1 1 1
02:58:26 1 1 1
02:59:26 1 1 1
03:00:27 1 1 1
03:01:27 1 1 1
03:02:27 1 1 1
03:03:28 1 1 1
03:04:28 1 1 1
03:05:29 1 1 1
03:06:29 1 1 1
03:07:30 1 1 1
03:08:30 1 1 1
03:09:31 1 1 1
03:10:31 1 1 1
03:11:32 1 1 1
03:12:32 1 1 1
03:13:32 1 1 1
03:14:33 1 1 1
03:15:34 1 1 1
03:16:34 1 1 1
03:17:34 1 1 1
03:18:35 1 1 1
03:19:35 1 1 1
03:20:36 1 1 1
03:21:36 1 1 1
03:22:37 1 1 1
03:23:37 1 1 1
03:24:37 1 1 1
03:25:38 1 1 1
03:26:38 1 1 1
03:27:39 1 1 1
03:28:39 1 1 1
03:29:40 1 1 1
03:30:40 1 1 1
03:31:40 1 1 1
03:32:41 1 1 1
03:33:41 1 1 1
03:34:41 1 1 1
03:35:42 1 1 1
03:36:42 1 1 1
03:37:43 1 1 1
03:38:43 1 1 1
03:39:44 1 1 1
03:40:44 1 1 1
03:41:45 1 1 1
03:42:45 1 1 1
03:43:45 1 1 1
03:44:46 1 1 1
03:45:47 1 1 1
03:46:47 1 1 1
03:47:47 1 1 1
03:48:48 1 1 1
03:49:48 1 1 1
03:50:49 1 1 1
03:51:49 1 1 1
03:52:49 1 1 1
03:53:50 1 1 1
03:54:50 1 1 1
03:55:51 1 1 1
03:56:51 1 1 1
03:57:52 1 1 1
03:58:52 1 1 1
03:59:53 1 1 1
04:00:53 1 1 1
04:01:54 1 1 1
04:02:54 1 1 1
04:03:54 1 1 1
04:04:55 1 1 1
04:05:55 1 1 1
04:06:56 1 1 1
04:07:56 1 1 1
04:08:57 1 1 1
04:09:57 1 1 1
04:10:58 1 1 1
04:11:58 1 1 1
04:12:58 1 1 1
04:13:59 1 1 1
04:14:59 1 1 1
04:16:00 1 1 1
04:17:00 1 1 1
04:18:00 1 1 1
04:19:01 1 1 1
04:20:01 1 1 1
04:21:02 1 1 1
04:22:02 1 1 1
04:23:03 1 1 1
04:24:03 1 1 1
04:25:03 1 1 1
04:26:04 1 1 1
04:27:04 1 1 1
04:28:05 1 1 1
04:29:05 1 1 1
04:30:05 1 1 1
04:31:06 1 1 1
04:32:06 1 1 1
04:33:07 1 1 1
04:34:07 1 1 1
04:35:07 1 1 1
04:36:08 1 1 1
04:37:09 1 1 1
04:38:09 1 1 1
04:39:09 1 1 1
04:40:10 1 1 1
04:41:10 1 1 1
04:42:11 1 1 1
04:43:11 1 1 1
04:44:11 1 1 1
04:45:12 1 1 1
04:46:12 1 1 1
04:47:13 1 1 1
04:48:13 1 1 1
04:49:14 1 1 1
04:50:14 1 1 1
04:51:14 1 1 1
04:52:15 1 1 1
04:53:15 1 1 1
04:54:16 1 1 1
04:55:16 1 1 1
04:56:17 1 1 1
04:57:17 1 1 1
04:58:17 1 1 1
04:59:18 1 1 1
05:00:18 1 1 1
05:01:19 1 1 1
05:02:19 1 1 1
05:03:19 1 1 1
05:04:20 1 1 1
05:05:20 1 1 1
05:06:21 1 1 1
05:07:21 1 1 1
05:08:21 1 1 1
05:09:22 1 1 1
05:10:22 1 1 1
05:11:23 1 1 1
05:12:23 1 1 1
05:13:24 1 1 1
05:14:24 1 1 1
05:15:24 1 1 1
05:16:25 1 1 1
05:17:25 1 1 1
05:18:26 1 1 1
05:19:26 1 1 1
05:20:27 1 1 1
05:21:27 1 1 1
05:22:28 1 1 1
05:23:28 1 1 1
05:24:28 1 1 1
05:25:29 1 1 1
05:26:29 1 1 1
05:27:30 1 1 1
05:28:30 1 1 1
05:29:30 1 1 1
05:30:31 1 1 1
05:31:31 1 1 1
05:32:32 1 1 1
05:33:32 1 1 1
05:34:33 1 1 1
05:35:33 1 1 1
05:36:33 1 1 1
05:37:34 1 1 1
05:38:34 1 1 1
05:39:35 1 1 1
05:40:35 1 1 1
05:41:36 1 1 1
05:42:36 1 1 1
05:43:36 1 1 1
05:44:37 1 1 1
05:45:37 1 1 1
05:46:38 1 1 1
05:47:38 1 1 1
05:48:39 1 1 1
05:49:39 1 1 1
05:50:39 1 1 1
05:51:40 1 1 1
05:52:40 1 1 1
05:53:41 1 1 1
05:54:41 1 1 1
05:55:42 1 1 1
05:56:42 1 1 1
05:57:43 1 1 1
05:58:43 1 1 1
05:59:43 1 1 1
06:00:44 1 1 1
06:01:44 1 1 1
06:02:45 1 1 1
06:03:45 1 1 1
06:04:46 1 1 1
06:05:46 1 1 1
06:06:46 1 1 1
06:07:47 1 1 1
06:08:47 1 1 1
06:09:48 1 1 1
06:10:48 1 1 1
06:11:49 1 1 1
06:12:49 1 1 1
06:13:49 1 1 1
06:14:50 1 1 1
06:15:50 1 1 1
06:16:51 1 1 1
06:17:51 1 1 1
06:18:51 1 1 1
06:19:52 1 1 1
06:20:52 1 1 1
06:21:53 1 1 1
06:22:53 1 1 1
06:23:53 1 1 1
06:24:54 1 1 1
06:25:54 1 1 1
06:26:55 1 1 1
06:27:55 1 1 1
06:28:56 1 1 1
06:29:56 1 1 1
06:30:56 1 1 1
06:31:57 1 1 1
06:32:57 1 1 1
06:33:58 1 1 1
06:34:58 1 1 1
06:35:59 1 1 1
06:36:59 1 1 1
06:38:00 1 1 1
06:39:00 1 1 1
06:40:00 1 1 1
06:41:01 1 1 1
06:42:01 1 1 1
06:43:02 1 1 1
06:44:02 1 1 1
06:45:02 1 1 1
06:46:03 1 1 1
06:47:03 1 1 1
06:48:04 1 1 1
06:49:04 1 1 1
06:50:04 1 1 1
06:51:05 1 1 1
06:52:05 1 1 1
06:53:06 1 1 1
06:54:06 1 1 1
06:55:07 1 1 1
06:56:07 1 1 1
06:57:08 1 1 1
06:58:08 1 1 1
06:59:08 1 1 1
07:00:09 1 1 1
07:01:09 1 1 1
07:02:10 1 1 1
07:03:10 1 1 1
07:04:11 1 1 1
07:05:11 1 1 1
07:06:12 1 1 1
07:07:12 1 1 1
07:08:12 1 1 1
07:09:13 1 1 1
07:10:13 1 1 1
07:11:14 1 1 1
07:12:14 1 1 1
07:13:15 1 1 1
07:14:15 1 1 1
07:15:16 1 1 1
07:16:16 1 1 1
07:17:17 1 1 1
07:18:17 1 1 1
07:19:17 1 1 1
07:20:18 1 1 1
07:21:18 1 1 1
07:22:19 1 1 1
07:23:19 1 1 1
07:24:20 1 1 1
07:25:20 1 1 1
07:26:20 1 1 1
07:27:21 1 1 1
07:28:21 1 1 1
07:29:22 1 1 1
07:30:22 1 1 1
07:31:23 1 1 1
07:32:23 1 1 1
07:33:23 1 1 1
07:34:24 1 1 1
07:35:24 1 1 1
07:36:25 1 1 1
07:37:25 1 1 1
07:38:26 1 1 1
07:39:26 1 1 1
07:40:27 1 1 1
07:41:27 1 1 1
07:42:27 1 1 1
07:43:28 1 1 1
07:44:28 1 1 1
07:45:29 1 1 1
07:46:29 1 1 1
07:47:30 1 1 1
07:48:30 1 1 1
07:49:30 1 1 1
07:50:31 1 1 1
07:51:31 1 1 1
07:52:32 1 1 1
07:53:32 1 1 1
07:54:32 1 1 1
07:55:33 1 1 1
07:56:33 1 1 1
07:57:34 1 1 1
07:58:34 1 1 1
07:59:34 1 1 1
08:00:35 1 1 1
08:01:35 1 1 1
08:02:36 1 1 1
08:03:36 1 1 1
08:04:36 1 1 1
08:05:37 1 1 1
08:06:37 1 1 1
08:07:37 1 1 1
08:08:37 1 1 1
08:09:38 1 1 1
08:10:38 1 1 1
08:11:38 1 1 1
08:12:39 1 1 1
08:13:39 1 1 1
08:14:39 1 1 1
08:15:40 1 1 1
08:16:40 1 1 1
08:17:40 1 1 1
08:18:41 1 1 1
08:19:42 1 1 1
08:20:42 1 1 1
08:21:43 1 1 1
08:22:43 1 1 1
08:23:43 1 1 1
08:24:43 1 1 1
08:25:44 1 1 1
08:26:44 1 1 1
08:27:44 1 1 1
08:28:45 1 1 1
08:29:45 1 1 1
08:30:45 1 1 1
08:31:46 1 1 1
08:32:46 1 1 1
08:33:46 1 1 1
08:34:46 1 1 1
08:35:47 1 1 1
08:36:47 1 1 1
08:37:48 1 1 1
08:38:48 1 1 1
08:39:48 1 1 1
08:40:49 1 1 1
08:41:49 1 1 1
08:42:49 1 1 1
08:43:49 1 1 1
08:44:50 1 1 1
08:45:50 1 1 1
08:46:50 1 1 1
08:47:51 1 1 1
08:48:51 1 1 1
08:49:51 1 1 1
08:50:52 1 1 1
08:51:52 1 1 1
08:52:52 1 1 1
08:53:56 1 1 1
08:54:53 1 1 1
08:55:54 1 1 1
08:56:54 1 1 1
08:57:54 1 1 1
08:58:55 1 1 1
08:59:55 1 1 1
09:00:56 1 1 1
09:01:56 1 1 1
09:02:56 1 1 1
09:03:57 1 1 1
09:04:57 1 1 1
09:05:57 1 1 1
09:06:58 1 1 1
09:07:58 1 1 1
09:08:58 1 1 1
09:09:59 1 1 1
09:10:59 1 1 1
09:11:59 1 1 1
09:13:00 1 1 1
09:14:00 1 1 1
09:15:00 1 1 1
09:16:00 1 1 1
09:17:01 1 1 1
09:18:02 1 1 1
09:19:02 1 1 1
09:20:02 1 1 1
09:21:03 1 1 1
09:22:03 1 1 1
09:23:03 1 1 1
09:24:04 1 1 1
09:25:04 1 1 1
09:26:04 1 1 1
09:27:05 1 1 1
09:28:05 1 1 1
09:29:05 1 1 1
09:30:05 1 1 1
09:31:06 1 1 1
09:32:06 1 1 1
09:33:06 1 1 1
09:34:07 1 1 1
09:35:07 1 1 1
09:36:07 1 1 1
09:37:08 1 1 1
09:38:08 1 1 1
09:39:08 1 1 1
09:40:09 1 1 1
09:41:09 1 1 1
09:42:09 1 1 1
09:43:09 1 1 1
09:44:10 1 1 1
09:45:10 1 1 1
09:46:10 1 1 1
09:47:11 1 1 1
09:48:11 1 1 1
09:49:12 1 1 1
09:50:12 1 1 1
09:51:12 1 1 1
09:52:13 1 1 1
09:53:13 1 1 1
09:54:13 1 1 1
09:55:13 1 1 1
09:56:14 1 1 1
09:57:14 1 1 1
09:58:15 1 1 1
09:59:15 1 1 1
10:00:15 1 1 1
10:01:16 1 1 1
10:02:16 1 1 1
10:03:16 1 1 1
10:04:16 1 1 1
10:05:17 1 1 1
10:06:17 1 1 1
10:07:17 1 1 1
10:08:21 1 1 1
10:09:18 1 1 1
10:10:18 1 1 1
10:11:19 1 1 1
10:12:19 1 1 1
10:13:19 1 1 1
10:14:20 1 1 1
10:15:20 1 1 1
10:16:20 1 1 1
10:17:21 1 1 1
10:18:21 1 1 1
10:19:21 1 1 1
10:20:21 1 1 1
10:21:22 1 1 1
10:22:22 1 1 1
10:23:23 1 1 1
10:24:23 1 1 1
10:25:23 1 1 1
10:26:23 1 1 1
