00:00:56 216557 60658
00:01:57 426136 69217
00:02:53 367094 48796
00:03:54 258063 70074
00:04:55 239236 49235
00:05:57 317172 138004
00:06:58 252054 57405
02:00:04 239695 42037
02:01:03 114784 35440
02:02:03 280017 52624
02:03:03 303066 49565
02:04:04 500597 68782
02:05:04 124342 38685
02:06:05 280200 152348
02:07:05 330594 56814
02:08:06 190677 49252
02:09:09 226724 46105
02:10:07 167680 39142
02:11:07 215684 51884
02:12:07 81621 44769
02:13:08 384123 54950
02:14:08 114544 44941
02:15:09 177766 143614
02:16:09 171631 45386
02:17:10 94402 35089
02:18:10 188615 240831
02:19:10 110461 20718
02:20:11 687790 111909
02:21:11 214311 48239
02:22:12 105823 34217
02:23:12 400349 51843
02:24:12 122173 42183
02:25:13 160066 56266
02:26:13 202494 56859
02:27:14 207462 59926
02:28:14 112773 45932
02:29:14 245298 53049
02:30:15 158710 34713
02:31:15 91793 33009
02:32:16 282495 64823
02:33:16 156158 43112
02:34:17 232365 92471
02:35:17 184828 36298
02:36:18 86264 32956
02:37:18 283594 44555
02:38:18 252755 47853
02:39:19 81978 123865
02:40:19 96916 239646
02:41:20 148822 31256
02:42:20 141651 47187
02:43:20 329746 79568
02:44:21 163026 43024
02:45:21 192385 41671
02:46:22 139054 28693
02:47:22 117739 21016
02:48:22 159866 25084
02:49:23 103435 26075
02:50:23 57136 15904
02:51:24 110683 20199
02:52:24 135901 41655
02:53:37 1091724 286478
02:54:25 72855 21281
02:55:26 168057 43126
02:56:26 175112 34348
02:57:26 188067 32311
02:58:27 263919 39102
02:59:27 168287 25449
03:00:28 303160 39499
03:01:28 60397 17245
03:02:29 179273 126529
03:03:29 95727 21295
03:04:29 129641 120038
03:05:30 216923 47519
03:06:31 156312 31793
03:07:31 161819 24697
03:08:31 130327 22078
03:09:32 136315 25827
03:10:32 76707 16714
03:11:33 106219 38498
03:12:33 138872 23248
03:13:33 89402 18187
03:14:34 266312 27325
03:15:35 119248 22360
03:16:35 219000 34355
03:17:35 166491 27538
03:18:36 90911 12012
03:19:36 231860 29150
03:20:37 91771 23308
03:21:37 122960 26911
03:22:38 99985 25710
03:23:38 98159 37114
03:24:39 182036 72961
03:25:39 159724 23342
03:26:42 115298 33501
03:27:40 238313 50469
03:28:40 72548 21697
03:29:41 154435 52421
03:30:41 213427 39308
03:31:42 118862 32537
03:32:42 141602 24342
03:33:43 101104 29286
03:34:44 67940 13790
03:35:44 198501 23876
03:36:45 122816 28383
03:37:45 323905 29029
03:38:45 208403 42662
03:39:46 197625 22929
03:40:46 127816 37070
03:41:47 268109 45436
03:42:47 287274 46988
03:43:48 119296 20568
03:44:48 206729 47892
03:45:49 404498 75910
03:46:49 202024 33333
03:47:49 55008 16022
03:48:50 103808 31848
03:49:50 103495 108593
03:50:51 140404 26090
03:51:51 92869 22093
03:52:52 95356 17327
03:53:52 50463 18422
03:54:52 109171 18140
03:55:53 185060 24934
03:56:54 171346 97297
03:57:54 184562 28337
03:58:54 289077 28650
03:59:55 162081 36947
04:00:55 157501 37779
04:01:56 209490 48741
04:02:56 183709 53890
04:03:57 214944 54530
04:04:57 121229 35979
04:05:58 159878 40717
04:06:58 242768 45973
04:07:58 88513 27841
04:08:59 103427 41945
04:09:59 132057 40958
04:11:00 220345 58463
04:12:00 292331 66020
04:13:00 132831 40602
04:14:01 90059 23626
04:15:01 206623 55158
04:16:02 108298 34912
04:17:02 171590 27833
04:18:03 104050 18699
04:19:03 362801 51246
04:20:03 43341 21931
04:21:04 90550 46377
04:22:04 38532 21325
04:23:05 138638 38217
04:24:05 259191 40602
04:25:05 127370 44137
04:26:06 110380 32098
04:27:06 138238 39742
04:28:07 178011 35202
04:29:07 80608 21370
04:30:07 220159 54778
04:31:08 209584 43115
04:32:08 193146 49858
04:33:09 272895 56057
04:34:09 284223 55502
04:35:10 119069 51372
04:36:10 129054 43798
04:37:11 114334 77360
04:38:11 484621 69199
04:39:11 155729 53373
04:40:12 177846 34972
04:41:12 280652 41478
04:42:13 258704 51900
04:43:13 228663 48944
04:44:14 118303 36067
04:45:14 83855 33725
04:46:14 170621 33428
04:47:15 170993 42901
04:48:15 128292 32367
04:49:16 93377 55459
04:50:16 134511 28157
04:51:17 95048 41494
04:52:17 83728 100989
04:53:17 142084 34965
04:54:18 201691 37733
04:55:18 432823 57030
04:56:19 243532 43195
04:57:19 154089 34118
04:58:19 173564 46761
04:59:20 181407 46925
05:00:20 139277 36265
05:01:21 79518 16881
05:02:21 151907 38752
05:03:21 122593 16146
05:04:22 63793 18217
05:05:22 73795 125451
05:06:23 86095 30120
05:07:23 124492 43501
05:08:24 63460 25078
05:09:24 98151 24254
05:10:25 144786 27374
05:11:25 172342 41151
05:12:25 94074 36037
05:13:26 158018 139292
05:14:26 124908 38161
05:15:27 107526 38103
05:16:27 131765 36026
05:17:28 392259 80255
05:18:28 82055 131665
05:19:28 76366 30090
05:20:29 213541 44222
05:21:29 199375 68952
05:22:30 105953 37327
05:23:33 258024 45155
05:24:30 236732 30614
05:25:31 155983 35593
05:26:31 165492 100728
05:27:32 129169 115178
05:28:32 99413 27378
05:29:32 242443 32483
05:30:33 91594 33041
05:31:33 347068 62317
05:32:34 630145 92348
05:33:34 55508 23704
05:34:35 70229 21063
05:35:35 178047 41667
05:36:35 136075 37280
05:37:36 74475 39523
05:38:36 97449 30404
05:39:37 72333 23272
05:40:37 101753 32804
05:41:38 75293 23353
05:42:38 327357 49221
05:43:39 100541 28173
05:44:39 267981 41673
05:45:40 310514 50375
05:46:40 195080 58499
05:47:40 219843 55152
05:48:41 200689 29082
05:49:41 244071 43438
05:50:42 312781 50440
05:51:42 298162 44088
05:52:42 195121 51336
05:53:43 356180 50949
05:54:43 174590 42079
05:55:44 168347 53441
05:56:44 395912 50062
05:57:45 294732 57199
05:58:45 127906 36354
05:59:46 269002 27104
06:00:46 261014 49216
06:01:47 179375 32066
06:02:47 255957 47311
06:03:47 139818 29278
06:04:48 278739 41151
06:05:48 302818 49472
06:07:09 271376 62457
06:07:49 281769 145485
06:08:49 10075017 374728
06:09:50 275248 45292
06:10:50 231000 59001
06:11:51 596082 101836
06:12:51 175420 38106
06:13:51 212881 60031
06:14:52 245588 64936
06:15:52 189811 51548
06:16:53 189508 51678
06:17:53 277243 44590
06:18:53 208419 56018
06:19:54 420940 70383
06:20:54 209048 59200
06:21:55 268890 60470
06:22:55 361366 85047
06:23:55 174608 59362
06:24:56 -1 -1
06:25:56 416088 95195
06:26:57 269418 67180
06:27:57 284281 57014
06:28:58 253322 48507
06:29:58 240646 51566
06:30:59 292256 52933
06:32:02 292567 65910
06:32:59 286148 79610
06:34:00 221020 53892
06:35:00 209167 59147
06:36:01 343843 85739
06:37:01 272391 74555
06:38:02 242111 140436
06:39:02 234579 59707
06:40:02 236024 66653
06:41:03 207208 99639
06:42:03 384176 113340
06:43:04 353703 92282
06:44:04 234388 65259
06:45:04 216860 62608
06:46:05 459196 78125
06:47:05 287994 67421
06:48:06 479327 96039
06:49:06 214832 115161
06:50:07 226797 48545
06:51:07 219904 58313
06:52:07 211308 62551
06:53:08 454166 88667
06:54:08 213663 68118
06:55:09 253710 51492
06:56:09 191686 44543
06:57:10 153841 130489
06:58:10 108595 32504
06:59:11 375553 52103
07:00:11 212368 42979
07:01:11 155772 28650
07:02:12 412611 158477
07:03:13 240360 232548
07:04:13 633446 53261
07:05:13 49347 15701
07:06:14 258687 473433
07:07:14 209868 256061
07:08:14 350469 64750
07:09:15 160984 35261
07:10:15 166051 48602
07:11:16 101970 42369
07:12:17 338321 52349
07:13:17 180600 26729
07:14:17 205807 46895
07:15:18 299674 68548
07:16:18 172266 40869
07:17:19 297200 161825
07:18:19 184688 38145
07:19:20 225151 136676
07:20:20 104697 32596
07:21:21 249565 142027
07:22:21 160544 131774
07:23:21 320087 66621
07:24:22 222876 38127
07:25:22 591817 70795
07:26:23 673695 280292
07:27:23 478074 179074
07:28:23 305585 62075
07:29:24 412676 76038
07:30:24 211728 44011
07:31:25 270708 45025
07:32:25 306948 93827
07:33:26 326905 60352
07:34:26 466887 79045
07:35:26 385656 71931
07:36:27 491111 71388
07:37:27 104860 128181
07:38:28 219793 135605
07:39:28 279398 53767
07:40:29 378090 55064
07:41:29 239016 139673
07:42:29 347261 49940
07:43:30 214748 59054
07:44:30 248006 42523
07:45:31 142234 25649
07:46:31 150810 35628
07:47:32 510111 74322
07:48:32 179689 51582
07:49:32 375185 46167
07:50:33 110808 28924
07:51:33 342240 33924
07:52:34 680187 83156
07:53:34 380300 44277
07:54:34 344066 43172
07:55:35 119259 111040
07:56:35 110646 17903
07:57:36 427902 45709
07:58:37 80446 15108
07:59:37 80459 29366
08:00:38 222721 277314
08:01:39 291699 39984
08:02:39 96641 25909
08:03:39 101354 32888
08:04:39 69163 16791
08:05:40 110287 106735
08:06:40 117525 27584
08:07:40 215082 170380
08:08:41 269290 143071
08:09:41 517559 155462
08:10:41 216877 122374
08:11:42 335145 28702
08:12:42 379849 36990
08:13:42 113203 29209
08:14:43 418442 58691
08:15:43 276868 54988
08:16:43 98239 22151
08:17:43 427372 46329
08:18:44 73094 97758
08:19:45 124871 27692
08:20:45 116412 18990
08:21:45 272635 38219
08:22:46 142334 46278
08:23:46 139269 19393
08:24:46 93177 28875
08:25:47 97721 23952
08:26:47 133980 104411
08:27:47 111181 25018
08:28:48 558854 100072
08:29:51 621895 75950
08:30:48 136807 22116
08:31:49 235980 48396
08:32:49 190768 143528
08:33:49 287305 31646
08:34:50 235797 38431
08:35:50 127151 32518
08:36:50 168756 72423
08:37:51 245844 581828
08:38:51 201652 147183
08:39:52 676498 69136
08:40:52 132026 30213
08:41:52 148644 18437
08:42:52 202401 242511
08:43:53 194799 16462
08:44:53 164675 38049
08:45:53 183837 41531
08:46:54 496332 151242
08:47:54 130189 95318
08:48:54 489407 63025
08:49:54 293436 59392
08:50:55 616371 71906
08:51:55 148503 45304
08:52:55 295839 51200
08:53:56 312777 59177
08:54:56 553433 46457
08:55:57 96975 23952
08:56:57 251566 68539
08:57:57 122220 31932
08:58:58 182982 60704
08:59:59 126954 36730
09:00:59 307748 55822
09:01:59 368741 69896
09:03:00 457032 235934
09:04:00 244525 39722
09:05:00 407814 61341
09:06:00 833706 139517
09:07:04 282307 41452
09:08:01 223065 43241
09:09:01 237158 31783
09:10:02 348818 46518
09:11:02 1181953 113940
09:12:02 286495 38265
09:13:03 929627 82915
09:14:03 53452 25095
09:15:03 352292 37271
09:16:04 209596 34902
09:17:04 241491 30237
09:18:05 235619 36944
09:19:05 378316 53248
09:20:05 411846 52355
09:21:06 647041 95272
09:22:06 221816 43336
09:23:07 287709 47244
09:24:07 98162 31355
09:25:07 81226 43514
09:26:07 164179 47682
09:27:08 281489 79201
09:28:08 299444 44624
09:29:08 843916 175945
09:30:08 147126 55300
09:31:09 639533 179156
09:32:09 369416 68250
09:33:09 122816 37335
09:34:10 315030 48168
09:35:10 123110 22192
09:36:10 155748 28699
09:37:11 239313 50151
09:38:11 180621 100640
09:39:11 151999 38028
09:40:12 140402 29824
09:41:12 478725 57999
09:42:12 381848 72605
09:43:13 249791 42986
09:44:13 132376 34068
09:45:13 164615 40107
09:46:13 284009 144155
09:47:14 553209 61020
09:48:14 629207 75945
09:49:15 144281 27570
09:50:15 124253 24788
09:51:15 150472 26074
09:52:16 565498 72234
09:53:16 138634 132820
09:54:16 179389 34270
09:55:17 215234 31399
09:56:17 118441 20068
09:57:17 363752 151707
09:58:18 433655 123054
09:59:18 1070877 94067
10:00:18 158552 41627
10:01:19 176064 24747
10:02:19 242260 64781
10:03:19 115201 28252
10:04:19 699758 91651
10:05:20 239687 164231
10:06:20 493056 71798
10:07:21 271282 232851
10:08:24 114948 32882
10:09:21 532620 52716
10:10:21 392026 50652
10:11:22 562105 144067
10:12:22 86246 122407
10:13:22 617118 81933
10:14:23 715191 151527
10:15:23 278457 133371
10:16:23 426184 53044
10:17:24 103165 22644
10:18:27 287810 32913
10:19:24 320819 111846
10:20:24 200595 214267
10:21:25 141646 30261
10:22:25 323145 42212
10:23:26 1195931 76450
10:24:26 147100 134084
10:25:29 161377 29986
10:26:27 79566 33156
