00:00:57 1923
00:02:01 1923
00:03:02 1896
00:04:03 1849
00:05:03 1838
00:06:03 -1
00:07:15 1846
02:00:05 1846
02:01:04 1846
02:02:04 1844
02:03:05 1844
02:04:05 1844
02:05:05 1841
02:06:06 1842
02:07:06 -1
02:08:07 1845
02:09:07 1844
02:10:08 1844
02:11:08 1845
02:12:09 1847
02:13:09 1846
02:14:09 1851
02:15:10 1846
02:16:10 1845
02:17:11 1843
02:18:11 1843
02:19:11 1844
02:20:12 1841
02:21:12 1845
02:22:13 1846
02:23:13 1846
02:24:14 1845
02:25:14 -1
02:26:14 1847
02:27:15 1846
02:28:15 1845
02:29:16 1855
02:30:16 1847
02:31:17 1847
02:32:17 1848
02:33:17 1849
02:34:18 1846
02:35:18 1847
02:36:19 1847
02:37:19 1846
02:38:19 1847
02:39:20 1848
02:40:20 1846
02:41:21 1846
02:42:21 1848
02:43:22 1849
02:44:22 1848
02:45:22 1848
02:46:23 1822
02:47:23 1828
02:48:42 -1
02:49:24 1837
02:50:24 1841
02:51:25 1840
02:52:25 1838
02:53:26 1840
02:54:26 1837
02:55:27 1839
02:56:27 1837
02:57:28 1839
02:58:28 1835
02:59:28 1841
03:00:29 1842
03:01:29 1879
03:02:30 1880
03:03:30 1879
03:04:31 1881
03:05:31 1880
03:06:32 1882
03:07:32 1880
03:08:33 1886
03:09:33 1846
03:10:33 1848
03:11:34 1844
03:12:34 1847
03:13:35 1843
03:14:35 1846
03:15:36 1861
03:16:36 1854
03:17:37 1851
03:18:37 1891
03:19:37 1851
03:20:38 1852
03:21:38 1849
03:22:39 1851
03:23:39 1812
03:24:40 1836
03:25:40 1838
03:26:41 1838
03:27:41 1836
03:28:41 1845
03:29:42 1847
03:30:42 1851
03:31:43 1850
03:32:43 1842
03:33:44 1841
03:34:45 1845
03:35:45 1845
03:36:46 1852
03:37:46 1858
03:38:47 1858
03:39:47 1859
03:40:48 1856
03:41:48 1859
03:42:48 1860
03:43:49 1858
03:44:49 1855
03:45:50 1853
03:46:50 1852
03:47:51 1856
03:48:51 1853
03:49:51 1852
03:50:52 1850
03:51:52 1850
03:52:53 1854
03:53:53 1856
03:54:54 1858
03:55:54 1858
03:56:55 1849
03:57:55 1848
03:58:56 1847
03:59:56 1847
04:00:56 1853
04:01:57 1852
04:02:57 1850
04:03:58 1852
04:04:58 1855
04:05:59 1855
04:06:59 1880
04:07:59 1883
04:09:00 1888
04:10:00 1884
04:11:01 1880
04:12:01 1877
04:13:02 1878
04:14:02 1849
04:15:02 1850
04:16:03 1853
04:17:03 1854
04:18:04 1853
04:19:04 1854
04:20:04 1852
04:21:05 1851
04:22:05 1856
04:23:06 1854
04:24:06 1851
04:25:07 1855
04:26:07 1842
04:27:07 1842
04:28:08 1826
04:29:08 1828
04:30:09 1828
04:31:09 1828
04:32:09 1829
04:33:10 1828
04:34:10 1826
04:35:11 1827
04:36:11 1827
04:37:12 1831
04:38:12 1829
04:39:13 1828
04:40:13 1838
04:41:13 1846
04:42:14 1839
04:43:14 1836
04:44:15 1846
04:45:15 1844
04:46:16 1840
04:47:16 1845
04:48:16 1839
04:49:17 1837
04:50:17 1838
04:51:18 1838
04:52:18 1839
04:53:18 1838
04:54:19 1847
04:55:19 1846
04:56:20 1847
04:57:20 1847
04:58:21 1854
04:59:21 1853
05:00:22 1849
05:01:22 1851
05:02:22 1852
05:03:23 1852
05:04:23 1811
05:05:23 1840
05:06:24 1842
05:07:24 1847
05:08:25 1846
05:09:25 1843
05:10:26 1842
05:11:26 1845
05:12:26 1845
05:13:27 1843
05:14:27 1847
05:15:28 1850
05:16:28 -1
05:17:29 1851
05:18:29 1852
05:19:29 1852
05:20:30 1852
05:21:30 1855
05:22:31 1858
05:23:31 1855
05:24:32 1856
05:25:32 1854
05:26:32 1860
05:27:33 1855
05:28:33 1852
05:29:34 1854
05:30:34 1858
05:31:34 1859
05:32:35 1863
05:33:35 1860
05:34:36 1859
05:35:36 1858
05:36:37 -1
05:37:37 1861
05:38:38 1859
05:39:38 1860
05:40:39 1862
05:41:39 1862
05:42:39 1864
05:43:40 1867
05:44:40 -1
05:45:41 1867
05:46:41 1870
05:47:41 1876
05:48:42 -1
05:49:42 1878
05:50:43 1878
05:51:43 1877
05:52:43 1889
05:53:44 1887
05:54:44 1862
05:55:45 1866
05:56:45 1885
05:57:46 1880
05:58:46 1877
05:59:47 1863
06:00:47 1865
06:01:48 1865
06:02:48 1862
06:03:48 1864
06:04:49 1861
06:05:49 1857
06:06:50 1836
06:07:50 1854
06:08:50 1848
06:09:51 1847
06:10:51 1835
06:11:52 1837
06:12:52 1835
06:13:53 1838
06:14:53 1836
06:15:53 1837
06:16:54 1840
06:17:54 1839
06:18:55 1849
06:19:55 1849
06:20:55 1859
06:21:56 1857
06:22:56 1857
06:23:57 1858
06:24:57 1857
06:25:58 1858
06:26:58 1852
06:27:58 1851
06:28:59 1852
06:29:59 1850
06:31:00 1851
06:32:00 1852
06:33:01 1851
06:34:01 1853
06:35:01 1851
06:36:02 1852
06:37:02 1863
06:38:03 1865
06:39:03 1865
06:40:04 1868
06:41:04 1866
06:42:04 1868
06:43:05 1870
06:44:05 1843
06:45:06 1844
06:46:06 1843
06:47:07 1851
06:48:07 1842
06:49:07 1846
06:50:08 1850
06:51:08 1849
06:52:09 1853
06:53:09 1858
06:54:09 1855
06:55:10 1871
06:56:10 1878
06:57:11 1875
06:58:11 1880
06:59:12 1871
07:00:12 1863
07:01:12 1864
07:02:13 1866
07:03:14 1872
07:04:14 1881
07:05:14 1878
07:06:15 1876
07:07:15 1874
07:08:16 1869
07:09:16 1869
07:10:16 1869
07:11:17 1871
07:12:18 1875
07:13:18 1871
07:14:19 1870
07:15:19 1872
07:16:19 1873
07:17:20 1874
07:18:20 1872
07:19:21 1895
07:20:21 1894
07:21:22 1893
07:22:22 1892
07:23:22 1896
07:24:23 1901
07:25:23 1897
07:26:24 1894
07:27:24 1893
07:28:25 1891
07:29:25 1891
07:30:25 1897
07:31:26 1893
07:32:26 1892
07:33:27 1895
07:34:27 1900
07:35:27 1895
07:36:28 1926
07:37:28 1923
07:38:29 1902
07:39:29 1893
07:40:30 1896
07:41:30 1929
07:42:31 1896
07:43:31 1897
07:44:31 1900
07:45:32 1908
07:46:32 1874
07:47:33 1864
07:48:33 1881
07:49:34 1885
07:50:34 1870
07:51:34 1879
07:52:35 1881
07:53:35 1879
07:54:36 1873
07:55:36 1871
07:56:36 1877
07:57:37 1888
07:58:38 1900
07:59:39 1899
08:00:39 1894
08:01:40 1898
08:02:40 1901
08:03:40 1904
08:04:40 1903
08:05:41 1899
08:06:41 1911
08:07:41 1910
08:08:42 1927
08:09:42 1939
08:10:42 1948
08:11:43 1947
08:12:43 1939
08:13:43 1904
08:14:44 1899
08:15:44 1905
08:16:44 1941
08:17:45 1954
08:18:45 1956
08:19:46 1953
08:20:46 1952
08:21:47 -1
08:22:47 1897
08:23:47 1867
08:24:47 -1
08:25:48 1878
08:26:48 1901
08:27:49 1880
08:28:49 1916
08:29:49 1902
08:30:50 1911
08:31:50 1909
08:32:50 1914
08:33:50 1914
08:34:51 -1
08:35:51 1960
08:36:51 1965
08:37:52 1962
08:38:52 1964
08:39:52 1940
08:40:53 2029
08:41:53 1995
08:42:53 2011
08:43:54 2042
08:44:54 1967
08:45:54 1943
08:46:55 1977
08:47:55 1975
08:48:55 1952
08:49:56 1982
08:50:56 1986
08:51:56 1953
08:52:57 1991
08:53:57 2003
08:54:57 1935
08:55:58 1983
08:56:58 1960
08:57:59 1975
08:58:59 1979
09:00:00 1942
09:01:00 1987
09:02:00 1970
09:03:01 1961
09:04:01 1957
09:05:01 1970
09:06:02 2011
09:07:02 2007
09:08:02 2021
09:09:03 2041
09:10:03 2075
09:11:03 2061
09:12:04 2072
09:13:04 2038
09:14:04 2017
09:15:04 2049
09:16:05 2003
09:17:05 2002
09:18:06 1997
09:19:06 1993
09:20:07 1997
09:21:07 1997
09:22:07 2008
09:23:08 2033
09:24:08 2105
09:25:08 2148
09:26:09 2087
09:27:09 2028
09:28:09 2090
09:29:09 2047
09:30:10 2034
09:31:10 2040
09:32:10 2063
09:33:11 2046
09:34:11 2004
09:35:11 2104
09:36:11 2022
09:37:12 2079
09:38:12 2137
09:39:13 2161
09:40:13 2134
09:41:13 2140
09:42:13 2149
09:43:14 2069
09:44:14 2127
09:45:14 2082
09:46:15 2071
09:47:15 2020
09:48:16 2113
09:49:16 2069
09:50:16 2065
09:51:16 1978
09:52:17 1953
09:53:17 1988
09:54:17 1951
09:55:18 1951
09:56:18 1951
09:57:19 2039
09:58:19 1937
09:59:20 1944
10:00:20 1968
10:01:20 1959
10:02:20 1958
10:03:20 1962
10:04:21 1997
10:05:21 1868
10:06:21 1901
10:07:22 1895
10:08:25 1898
10:09:22 1907
10:10:23 1925
10:11:23 1939
10:12:23 1939
10:13:24 1918
10:14:24 1948
10:15:24 1963
10:16:25 1985
10:17:25 1937
10:18:25 1967
10:19:26 1982
10:20:26 1948
10:21:26 1963
10:22:27 1969
10:23:27 2005
10:24:27 1956
10:25:27 1947
10:26:28 1959
