00:01:22 4
00:02:02 0
00:03:02 6
00:04:03 7
00:05:03 1
00:06:03 -1
00:07:15 25
02:00:05 6
02:01:04 17
02:02:04 3
02:03:05 7
02:04:05 0
02:05:05 3
02:06:06 5
02:07:06 -1
02:08:07 1
02:09:07 5
02:10:08 5
02:11:08 3
02:12:09 2
02:13:09 2
02:14:09 4
02:15:10 2
02:16:10 12
02:17:11 2
02:18:11 2
02:19:11 2
02:20:12 5
02:21:12 5
02:22:13 7
02:23:13 3
02:24:14 2
02:25:14 -1
02:26:14 10
02:27:15 1
02:28:15 14
02:29:16 7
02:30:16 2
02:31:17 7
02:32:17 2
02:33:17 2
02:34:18 4
02:35:18 1
02:36:19 9
02:37:19 2
02:38:19 7
02:39:20 2
02:40:20 8
02:41:21 10
02:42:21 1
02:43:22 0
02:44:22 10
02:45:22 2
02:46:23 4
02:47:23 13
02:48:42 -1
02:49:24 4
02:50:24 3
02:51:25 2
02:52:25 5
02:53:26 8
02:54:26 0
02:55:27 2
02:56:27 2
02:57:28 0
02:58:28 7
02:59:28 2
03:00:29 14
03:01:29 53
03:02:30 58
03:03:30 51
03:04:31 60
03:05:31 52
03:06:32 56
03:07:32 57
03:08:33 49
03:09:33 6
03:10:33 8
03:11:34 4
03:12:34 5
03:13:35 1
03:14:35 0
03:15:36 7
03:16:36 1
03:17:37 25
03:18:37 28
03:19:38 2
03:20:38 2
03:21:38 3
03:22:39 4
03:23:39 1
03:24:40 4
03:25:40 0
03:26:41 6
03:27:41 3
03:28:41 3
03:29:42 3
03:30:42 2
03:31:43 3
03:32:43 0
03:33:44 10
03:34:45 0
03:35:45 0
03:36:46 4
03:37:46 19
03:38:47 24
03:39:47 1
03:40:48 2
03:41:48 4
03:42:48 3
03:43:49 3
03:44:49 4
03:45:50 0
03:46:50 0
03:47:51 1
03:48:51 1
03:49:51 1
03:50:52 1
03:51:52 5
03:52:53 11
03:53:53 24
03:54:54 28
03:55:54 35
03:56:55 3
03:57:55 0
03:58:56 1
03:59:56 2
04:00:56 0
04:01:57 3
04:02:57 3
04:03:58 4
04:04:58 5
04:05:59 4
04:06:59 14
04:07:59 14
04:09:00 13
04:10:00 0
04:11:01 1
04:12:01 4
04:13:02 1
04:14:02 0
04:15:02 3
04:16:03 2
04:17:03 0
04:18:04 2
04:19:04 1
04:20:04 4
04:21:05 5
04:22:05 2
04:23:06 4
04:24:06 4
04:25:07 4
04:26:07 7
04:27:07 7
04:28:08 4
04:29:08 1
04:30:09 0
04:31:09 1
04:32:09 4
04:33:10 1
04:34:10 2
04:35:11 1
04:36:11 7
04:37:12 22
04:38:12 2
04:39:13 7
04:40:13 7
04:41:13 6
04:42:14 2
04:43:14 14
04:44:15 1
04:45:15 11
04:46:16 1
04:47:16 26
04:48:16 1
04:49:17 0
04:50:17 9
04:51:18 7
04:52:18 37
04:53:18 5
04:54:19 5
04:55:19 4
04:56:20 3
04:57:20 1
04:58:21 19
04:59:21 4
05:00:22 4
05:01:22 4
05:02:22 3
05:03:23 1
05:04:23 9
05:05:23 16
05:06:24 19
05:07:24 27
05:08:25 9
05:09:25 4
05:10:26 14
05:11:26 4
05:12:26 2
05:13:27 4
05:14:27 17
05:15:28 3
05:16:28 -1
05:17:29 10
05:18:29 1
05:19:29 0
05:20:30 4
05:21:30 30
05:22:31 6
05:23:31 15
05:24:32 2
05:25:32 26
05:26:32 2
05:27:33 0
05:28:33 7
05:29:34 2
05:30:34 1
05:31:34 40
05:32:35 6
05:33:35 4
05:34:36 3
05:35:36 0
05:36:37 -1
05:37:37 0
05:38:38 4
05:39:38 4
05:40:39 9
05:41:39 1
05:42:39 4
05:43:40 6
05:44:40 -1
05:45:41 3
05:46:41 2
05:47:41 4
05:48:42 -1
05:49:42 3
05:50:43 3
05:51:43 23
05:52:43 1
05:53:44 3
05:54:44 4
05:55:45 4
05:56:45 8
05:57:46 17
05:58:46 2
05:59:47 2
06:00:47 4
06:01:48 0
06:02:48 1
06:03:48 4
06:04:49 2
06:05:49 0
06:06:50 6
06:07:50 7
06:08:50 5
06:09:51 2
06:10:51 3
06:11:52 0
06:12:52 2
06:13:53 1
06:14:53 6
06:15:53 2
06:16:54 1
06:17:54 4
06:18:55 5
06:19:55 3
06:20:55 40
06:21:56 18
06:22:56 27
06:23:57 14
06:24:57 2
06:25:58 0
06:26:58 0
06:27:58 2
06:28:59 0
06:29:59 1
06:31:00 2
06:32:00 4
06:33:01 2
06:34:01 7
06:35:01 2
06:36:02 5
06:37:02 1
06:38:03 0
06:39:03 4
06:40:04 2
06:41:04 2
06:42:04 6
06:43:05 4
06:44:05 7
06:45:06 4
06:46:06 0
06:47:07 4
06:48:07 45
06:49:07 5
06:50:08 6
06:51:08 2
06:52:09 7
06:53:09 7
06:54:09 1
06:55:10 4
06:56:10 16
06:57:11 3
06:58:11 4
06:59:12 2
07:00:12 1
07:01:12 4
07:02:13 3
07:03:14 11
07:04:14 3
07:05:14 0
07:06:15 1
07:07:15 3
07:08:16 0
07:09:16 0
07:10:16 8
07:11:17 1
07:12:18 4
07:13:18 0
07:14:19 3
07:15:19 7
07:16:19 8
07:17:20 3
07:18:20 7
07:19:21 3
07:20:21 3
07:21:22 14
07:22:22 4
07:23:22 10
07:24:23 11
07:25:23 2
07:26:24 0
07:27:24 10
07:28:25 5
07:29:25 0
07:30:25 1
07:31:26 1
07:32:26 5
07:33:27 7
07:34:27 20
07:35:27 22
07:36:28 33
07:37:28 12
07:38:29 1
07:39:29 0
07:40:30 11
07:41:30 1
07:42:31 4
07:43:31 5
07:44:31 4
07:45:32 7
07:46:32 4
07:47:33 3
07:48:33 16
07:49:34 4
07:50:34 4
07:51:34 4
07:52:35 4
07:53:35 1
07:54:36 1
07:55:36 34
07:56:36 4
07:57:37 48
07:58:38 7
07:59:39 8
08:00:39 5
08:01:40 11
08:02:40 12
08:03:40 10
08:04:40 3
08:05:41 4
08:06:41 22
08:07:41 1
08:08:42 20
08:09:42 27
08:10:42 24
08:11:43 10
08:12:43 0
08:13:43 15
08:14:44 14
08:15:44 27
08:16:44 10
08:17:45 7
08:18:45 11
08:19:46 44
08:20:46 13
08:21:47 -1
08:22:47 0
08:23:47 14
08:24:47 -1
08:25:48 10
08:26:48 34
08:27:49 5
08:28:49 46
08:29:49 5
08:30:50 0
08:31:50 7
08:32:50 17
08:33:50 14
08:34:51 -1
08:35:51 28
08:36:51 42
08:37:52 27
08:38:52 32
08:39:52 20
08:40:53 38
08:41:53 27
08:42:53 28
08:43:54 37
08:44:54 20
08:45:54 27
08:46:55 51
08:47:55 4
08:48:55 19
08:49:56 8
08:50:56 15
08:51:56 19
08:52:57 26
08:53:57 36
08:54:57 5
08:55:58 31
08:56:58 44
08:57:59 24
08:58:59 12
09:00:00 17
09:01:00 4
09:02:00 17
09:03:01 18
09:04:01 4
09:05:01 54
09:06:02 68
09:07:02 56
09:08:02 37
09:09:03 72
09:10:03 56
09:11:03 64
09:12:04 77
09:13:04 11
09:14:04 13
09:15:04 51
09:16:05 10
09:17:05 25
09:18:06 10
09:19:06 10
09:20:07 48
09:21:07 27
09:22:07 15
09:23:08 48
09:24:08 26
09:25:08 64
09:26:09 8
09:27:09 34
09:28:09 71
09:29:09 24
09:30:10 40
09:31:10 23
09:32:10 39
09:33:11 60
09:34:11 41
09:35:11 54
09:36:11 69
09:37:12 38
09:38:12 60
09:39:13 40
09:40:13 24
09:41:13 50
09:42:13 42
09:43:14 24
09:44:14 52
09:45:14 30
09:46:15 32
09:47:15 47
09:48:16 63
09:49:16 5
09:50:16 34
09:51:17 63
09:52:17 20
09:53:17 26
09:54:17 14
09:55:18 36
09:56:18 21
09:57:19 14
09:58:19 34
09:59:20 13
10:00:20 9
10:01:20 10
10:02:20 4
10:03:20 16
10:04:21 40
10:05:21 13
10:06:21 48
10:07:22 32
10:08:25 43
10:09:22 22
10:10:23 17
10:11:23 46
10:12:23 22
10:13:24 13
10:14:24 47
10:15:24 24
10:16:25 22
10:17:25 44
10:18:25 31
10:19:26 54
10:20:26 50
10:21:26 48
10:22:27 20
10:23:27 46
10:24:27 23
10:25:27 30
10:26:28 67
