00:01:53 7 4283295
00:02:02 9 5128808
00:03:02 9 5128808
00:04:03 11 5318039
00:05:03 11 8943135
00:06:03 -1 -1
00:07:15 13 9954016
02:00:05 5 51209
02:01:04 3 3698
02:02:04 3 3698
02:03:05 3 3698
02:04:05 2 2468
02:05:05 2 2468
02:06:06 2 2468
02:07:06 -1 -1
02:08:07 2 2468
02:09:07 2 2468
02:10:08 2 2468
02:11:08 2 2468
02:12:09 2 2468
02:13:09 3 46842
02:14:09 2 2468
02:15:10 2 2468
02:16:10 2 2468
02:17:11 2 2468
02:18:11 2 2468
02:19:11 2 2468
02:20:12 2 2468
02:21:12 2 2468
02:22:13 2 2468
02:23:13 2 2468
02:24:14 3 3107
02:25:14 -1 -1
02:26:14 3 3107
02:27:15 3 3107
02:28:15 2 2468
02:29:16 5 3109766
02:30:16 4 4606
02:31:17 2 2468
02:32:17 3 3689
02:33:17 3 3689
02:34:18 4 5042
02:35:18 4 5042
02:36:19 4 5042
02:37:19 4 5042
02:38:19 4 5042
02:39:20 5 5613
02:40:20 4 5042
02:41:21 4 5042
02:42:21 3 3844
02:43:22 3 3844
02:44:22 3 3844
02:45:22 3 3844
02:46:23 2 2574
02:47:23 2 2574
02:48:42 -1 -1
02:49:24 2 2574
02:50:24 2 2574
02:51:25 3 3482
02:52:25 2 2574
02:53:26 2 2574
02:54:26 2 2574
02:55:27 2 2574
02:56:27 2 2574
02:57:28 2 2574
02:58:28 3 134752
02:59:28 3 1555574
03:00:29 4 3108493
03:01:29 5 3109679
03:02:30 5 4661501
03:03:30 4 3195522
03:04:31 3 1555543
03:05:31 4 1556606
03:06:32 3 1555543
03:07:32 3 1555543
03:08:33 2 2574
03:09:33 2 2574
03:10:33 3 26516
03:11:34 3 26516
03:12:34 3 26516
03:13:35 2 2574
03:14:35 2 2574
03:15:36 5 6161903
03:16:36 4 3108534
03:17:37 7 6214947
03:18:37 5 3110232
03:19:38 3 1555554
03:20:38 2 2574
03:21:38 2 2574
03:22:39 2 2574
03:23:39 2 2574
03:24:40 3 3686
03:25:40 3 3686
03:26:41 7 976727
03:27:41 4 4670
03:28:41 5 6282
03:29:42 5 5239
03:30:42 5 5239
03:31:43 5 5239
03:32:43 7 6910
03:33:44 7 11728
03:34:45 6 5925
03:35:45 5 4572
03:36:46 6 1557602
03:37:46 7 4662361
03:38:47 5 1556351
03:39:47 5 1556392
03:40:48 4 3351
03:41:48 4 3351
03:42:48 5 31231
03:43:49 5 4336
03:44:49 6 5324
03:45:50 4 3351
03:46:50 4 3351
03:47:51 4 3351
03:48:51 4 3351
03:49:51 4 3351
03:50:52 4 3351
03:51:52 4 3351
03:52:53 6 3109246
03:53:53 7 3109879
03:54:54 9 6215868
03:55:54 8 3110877
03:56:55 5 3947
03:57:55 5 3947
03:58:56 5 3947
03:59:56 5 3947
04:00:56 5 3947
04:01:57 5 3947
04:02:57 5 3947
04:03:58 5 3947
04:04:58 5 3947
04:05:59 5 3947
04:06:59 5 3947
04:07:59 5 3947
04:09:00 6 139656
04:10:00 5 3947
04:11:01 5 3947
04:12:01 6 4856
04:13:02 6 4856
04:14:02 7 5767
04:15:02 8 1558727
04:16:03 9 4663712
04:17:03 7 1557790
04:18:04 8 3110748
04:19:04 7 1557865
04:20:04 7 6042
04:21:05 6 4856
04:22:05 6 4856
04:23:06 6 4856
04:24:06 6 4856
04:25:07 6 4856
04:26:07 6 4856
04:27:07 5 17520
04:28:08 5 5635
04:29:08 4 2760
04:30:09 4 2760
04:31:09 4 2760
04:32:09 5 3952
04:33:10 5 3668
04:34:10 4 2760
04:35:11 4 2760
04:36:11 3 2191
04:37:12 3 2191
04:38:12 3 2191
04:39:13 2 1505
04:40:13 3 2292
04:41:13 3 2292
04:42:14 4 49731
04:43:14 3 2292
04:44:15 5 3108227
04:45:15 4 1555268
04:46:16 3 2292
04:47:16 4 1555235
04:48:16 3 2292
04:49:17 4 3587
04:50:17 3 2292
04:51:18 3 2292
04:52:18 4 9689851
04:53:18 3 2292
04:54:19 3 2292
04:55:19 4 317378
04:56:20 3 4789
04:57:20 4 4418
04:58:21 4 4418
04:59:21 4 4418
05:00:22 3 2991
05:01:22 3 2991
05:02:22 5 310895
05:03:23 3 2991
05:04:23 3 2991
05:05:23 6 4661924
05:06:24 5 3109013
05:07:24 7 6214898
05:08:25 5 3108973
05:09:25 3 2991
05:10:26 3 2991
05:11:26 3 2991
05:12:26 3 2991
05:13:27 3 2991
05:14:27 2 2082
05:15:28 2 2082
05:16:28 -1 -1
05:17:29 2 2082
05:18:29 2 2082
05:19:29 2 2082
05:20:30 2 2082
05:21:30 6 3117783
05:22:31 6 6213959
05:23:31 5 4660954
05:24:32 3 1555058
05:25:32 2 2082
05:26:32 2 2082
05:27:33 2 2082
05:28:33 2 2082
05:29:34 2 2082
05:30:34 2 2082
05:31:35 2 2082
05:32:35 2 2082
05:33:35 2 2082
05:34:36 2 2082
05:35:36 2 2082
05:36:37 -1 -1
05:37:37 2 2082
05:38:38 2 2082
05:39:38 2 2082
05:40:39 2 2082
05:41:39 1 1295
05:42:39 2 2630
05:43:40 2 2630
05:44:40 -1 -1
05:45:41 2 2630
05:46:41 2 2630
05:47:41 3 3344
05:48:42 -1 -1
05:49:42 2 2630
05:50:43 2 2630
05:51:43 4 1556293
05:52:43 3 1555588
05:53:44 3 3107308
05:54:44 2 1554225
05:55:45 1 1295
05:56:45 1 1295
05:57:46 1 1295
05:58:46 1 1295
05:59:47 1 1295
06:00:47 1 1295
06:01:48 1 1295
06:02:48 2 5576
06:03:48 0 0
06:04:49 0 0
06:05:49 0 0
06:06:50 0 0
06:07:50 0 0
06:08:50 0 0
06:09:51 0 0
06:10:51 0 0
06:11:52 0 0
06:12:52 0 0
06:13:53 1 12735
06:14:53 2 42835
06:15:53 3 44080
06:16:54 2 42835
06:17:54 1 12735
06:18:55 3 14491
06:19:55 2 13647
06:20:55 8 5395286
06:21:56 5 4672556
06:22:56 6 4673434
06:23:57 4 3119611
06:24:57 1 912
06:25:58 1 912
06:26:58 1 912
06:27:58 1 912
06:28:59 1 912
06:29:59 1 912
06:31:00 1 912
06:32:00 1 912
06:33:01 1 912
06:34:01 2 54286
06:35:01 1 912
06:36:02 1 912
06:37:02 1 912
06:38:03 1 912
06:39:03 1 912
06:40:04 2 25175
06:41:04 3 262839
06:42:04 4 36045
06:43:05 3 1578153
06:44:05 4 4659898
06:45:06 3 1568415
06:46:06 5 6212834
06:47:07 4 160422
06:48:07 6 1341867
06:49:07 3 337122
06:50:08 2 2207
06:51:08 6 978663
06:52:09 2 2207
06:53:09 2 2207
06:54:09 2 2207
06:55:10 4 53753
06:56:10 2 2207
06:57:11 2 2207
06:58:11 2 2207
06:59:12 3 6557
07:00:12 2 2207
07:01:12 5 4661215
07:02:13 5 3109157
07:03:14 4 1556143
07:04:14 3 1555185
07:05:14 3 1555185
07:06:15 4 1555988
07:07:15 2 2207
07:08:16 3 3007
07:09:16 3 3011
07:10:16 3 3011
07:11:17 3 3019
07:12:18 3 3010
07:13:18 2 2207
07:14:19 2 2207
07:15:19 5 9345160
07:16:19 3 8070359
07:17:20 3 8070359
07:18:20 4 8071023
07:19:21 5 8071688
07:20:21 4 3530
07:21:22 3 2620
07:22:22 2 1959
07:23:22 2 1959
07:24:23 5 939876
07:25:23 4 3866
07:26:24 3 2930
07:27:24 3 2930
07:28:25 3 2930
07:29:25 4 55669
07:30:25 3 2930
07:31:26 3 2930
07:32:26 3 2930
07:33:27 4 1555937
07:34:27 7 6214801
07:35:27 5 3108857
07:36:28 7 6214773
07:37:28 4 1555873
07:38:29 4 3934
07:39:29 5 4627
07:40:30 4 3934
07:41:30 5 4961
07:42:31 5 4961
07:43:31 6 5651
07:44:31 5 4961
07:45:32 7 3291397
07:46:32 6 6258
07:47:33 6 6258
07:48:33 6 6258
07:49:34 6 6258
07:50:34 6 6258
07:51:34 6 6258
07:52:35 5 4963
07:53:35 5 4963
07:54:36 5 4963
07:55:36 5 4963
07:56:36 6 6168
07:57:37 9 4004067
07:58:38 7 2004515
07:59:39 5 4963
08:00:39 12 33400426
08:01:40 10 28476793
08:02:40 12 30030474
08:03:40 13 25268280
08:04:40 10 19057052
08:05:41 10 19057053
08:06:41 11 19057712
08:07:41 9 19047186
08:08:42 9 51386
08:09:42 8 7452
08:10:42 9 8176
08:11:43 10 1025797
08:12:43 10 1025797
08:13:43 10 1025796
08:14:44 14 910163
08:15:44 9 8497
08:16:44 9 8497
08:17:45 10 46351
08:18:45 10 44047
08:19:46 8 7833
08:20:46 8 7833
08:21:47 -1 -1
08:22:47 9 8792
08:23:47 9 8792
08:24:47 -1 -1
08:25:48 11 201143
08:26:48 10 12372
08:27:49 10 10354
08:28:49 12 29464
08:29:49 12 29413
08:30:50 17 2828659
08:31:50 14 1583013
08:32:50 14 3135405
08:33:50 13 125751
08:34:51 -1 -1
08:35:51 17 521511
08:36:51 12 113001
08:37:52 11 28821
08:38:52 15 1012026
08:39:52 15 1040381
08:40:53 13 36328
08:41:53 12 50294
08:42:53 16 156216
08:43:54 12 66682
08:44:54 12 86843
08:45:54 11 66007
08:46:55 16 1993683
08:47:55 13 4723681
08:48:55 19 10973974
08:49:56 22 14903586
08:50:56 18 9383888
08:51:56 17 6315349
08:52:57 15 6277320
08:53:57 16 20003794
08:54:57 14 113620
08:55:58 21 41683497
08:56:58 12 755321
08:57:59 13 315477
08:58:59 9 57878
09:00:00 16 11413626
09:01:00 12 166791
09:02:00 10 77803
09:03:01 16 8597732
09:04:01 13 83753
09:05:01 17 110630
09:06:02 14 1289034
09:07:02 11 87213
09:08:02 14 589900
09:09:03 12 3407350
09:10:03 12 2645761
09:11:03 14 3011056
09:12:04 12 896044
09:13:04 15 2923983
09:14:04 15 2906289
09:15:04 13 8065025
09:16:05 14 4431315
09:17:05 14 4604454
09:18:06 18 7512148
09:19:06 14 13365889
09:20:07 17 11195005
09:21:07 18 11144561
09:22:07 15 12465297
09:23:08 16 12512468
09:24:08 14 9929917
09:25:08 14 24029036
09:26:09 14 6545152
09:27:09 15 6527365
09:28:09 15 4296326
09:29:09 13 4747381
09:30:10 18 5504066
09:31:10 11 4098500
09:32:10 9 578290
09:33:11 15 2364906
09:34:11 9 528953
09:35:11 9 339452
09:36:11 5 1764101
09:37:12 11 6590963
09:38:12 8 7005507
09:39:13 12 8525616
09:40:13 10 11794508
09:41:13 10 7973561
09:42:13 8 7445190
09:43:14 5 2385515
09:44:14 11 5014065
09:45:14 5 2848774
09:46:15 11 3881153
09:47:15 16 2865352
09:48:16 10 4101141
09:49:16 10 2441451
09:50:16 10 4750274
09:51:17 8 3417079
09:52:17 7 3958614
09:53:17 10 4808683
09:54:17 6 2219979
09:55:18 8 2213345
09:56:18 7 2222915
09:57:19 5 2158284
09:58:19 10 3196592
09:59:20 12 5569102
10:00:20 14 11765323
10:01:20 13 7674673
10:02:20 11 11490357
10:03:20 7 5278458
10:04:21 11 6238065
10:05:21 15 7046316
10:06:21 15 6058932
10:07:22 12 4627207
10:08:25 7 2370687
10:09:22 11 2681755
10:10:23 12 4340701
10:11:23 16 12599140
10:12:23 9 9419091
10:13:24 7 2580037
10:14:24 7 5503539
10:15:24 7 5503539
10:16:25 11 10169152
10:17:25 15 12280700
10:18:25 13 7306083
10:19:26 10 5415440
10:20:26 9 3857046
10:21:26 12 5114022
10:22:27 9 15806471
10:23:27 8 20170174
10:24:27 9 7038704
10:25:27 8 2370355
10:26:28 11 3159114
