00:00:05 4 0 28
00:00:36 4 0 28
00:01:12 4 0 28
00:01:46 4 0 28
00:02:11 4 0 28
00:02:41 4 0 28
00:03:11 4 0 28
00:03:39 4 0 28
00:04:11 4 0 27
00:04:44 4 0 27
00:05:14 4 0 28
00:05:43 4 0 27
00:06:14 4 0 28
00:06:44 4 0 28
00:07:15 4 0 27
02:00:02 4 0 27
02:00:32 4 0 27
02:01:02 4 0 27
02:01:32 4 0 27
02:02:02 4 0 28
02:02:32 4 0 27
02:03:02 4 0 27
02:03:33 4 0 27
02:04:03 4 0 27
02:04:33 4 0 27
02:05:03 4 0 27
02:05:34 4 0 27
02:06:04 4 0 27
02:06:34 4 0 27
02:07:04 4 0 27
02:07:34 4 0 27
02:08:05 4 0 27
02:08:35 4 0 27
02:09:05 4 0 27
02:09:35 4 0 27
02:10:06 4 0 27
02:10:36 4 0 27
02:11:06 4 0 27
02:11:36 4 0 27
02:12:06 4 0 28
02:12:37 4 0 27
02:13:07 4 0 27
02:13:37 4 0 27
02:14:07 4 0 27
02:14:38 4 0 27
02:15:08 4 0 28
02:15:38 4 0 27
02:16:08 4 0 27
02:16:38 4 0 27
02:17:08 4 0 27
02:17:39 4 0 27
02:18:09 4 0 28
02:18:39 4 0 27
02:19:09 4 0 28
02:19:40 4 0 27
02:20:10 4 0 27
02:20:40 4 0 27
02:21:10 4 0 27
02:21:40 4 0 27
02:22:11 4 0 27
02:22:41 4 0 27
02:23:11 4 0 30
02:23:41 4 0 27
02:24:11 4 0 27
02:24:42 4 0 27
02:25:12 4 0 27
02:25:42 4 0 27
02:26:12 4 0 27
02:26:43 4 0 27
02:27:13 4 0 27
02:27:43 4 0 27
02:28:13 4 0 27
02:28:43 4 0 28
02:29:13 4 0 27
02:29:44 4 0 27
02:30:14 4 0 28
02:30:44 4 0 29
02:31:14 4 0 28
02:31:45 4 0 27
02:32:15 4 0 27
02:32:45 4 0 27
02:33:15 4 0 28
02:33:46 4 0 27
02:34:16 4 0 27
02:34:46 4 0 27
02:35:16 4 0 27
02:35:46 4 0 27
02:36:16 4 0 27
02:36:47 4 0 27
02:37:17 4 0 27
02:37:47 4 0 27
02:38:17 4 0 27
02:38:48 4 0 27
02:39:18 4 0 27
02:39:48 4 0 27
02:40:18 4 0 27
02:40:48 4 0 27
02:41:19 4 0 27
02:41:49 4 0 27
02:42:19 4 0 27
02:42:49 4 0 27
02:43:19 4 0 27
02:43:50 4 0 27
02:44:20 4 0 27
02:44:50 4 0 27
02:45:20 4 0 27
02:45:50 4 0 28
02:46:21 4 0 27
02:46:51 4 0 27
02:47:21 4 0 27
02:47:51 4 0 27
02:48:21 4 0 27
02:48:52 4 0 27
02:49:22 4 0 27
02:49:52 4 0 27
02:50:22 4 0 27
02:50:53 4 0 27
02:51:23 4 0 27
02:51:53 4 0 27
02:52:23 4 0 27
02:52:53 4 0 27
02:53:23 4 0 27
02:53:54 4 0 27
02:54:24 4 0 27
02:54:54 4 0 27
02:55:25 4 0 27
02:55:55 4 0 27
02:56:25 4 0 28
02:56:55 4 0 27
02:57:25 4 0 27
02:57:56 4 0 27
02:58:26 4 0 27
02:58:56 4 0 27
02:59:26 4 0 27
02:59:57 4 0 28
03:00:27 4 0 27
03:00:57 4 0 28
03:01:27 4 0 27
03:01:57 4 0 27
03:02:28 4 0 27
03:02:58 4 0 27
03:03:28 4 0 27
03:03:58 4 0 27
03:04:28 4 0 27
03:04:59 4 0 28
03:05:29 4 0 27
03:05:59 4 0 27
03:06:30 4 0 27
03:07:00 4 0 27
03:07:30 4 0 30
03:08:00 4 0 27
03:08:30 4 0 27
03:09:01 4 0 28
03:09:31 4 0 27
03:10:01 4 0 27
03:10:31 4 0 27
03:11:02 4 0 27
03:11:32 4 0 27
03:12:02 4 0 27
03:12:32 4 0 28
03:13:02 4 0 27
03:13:32 4 0 27
03:14:03 4 0 27
03:14:33 4 0 27
03:15:03 4 0 27
03:15:34 4 0 27
03:16:04 4 0 27
03:16:34 4 0 27
03:17:04 4 0 28
03:17:34 4 0 27
03:18:05 4 0 27
03:18:35 4 0 27
03:19:05 4 0 27
03:19:35 4 0 27
03:20:06 4 0 27
03:20:36 4 0 27
03:21:06 4 0 27
03:21:36 4 0 28
03:22:07 4 0 27
03:22:37 4 0 27
03:23:07 4 0 28
03:23:37 4 0 27
03:24:07 4 0 27
03:24:37 4 0 28
03:25:08 4 0 28
03:25:38 4 0 27
03:26:08 4 0 27
03:26:38 4 0 27
03:27:09 4 0 27
03:27:39 4 0 27
03:28:09 4 0 27
03:28:39 4 0 27
03:29:10 4 0 27
03:29:40 4 0 33
03:30:10 4 0 33
03:30:40 4 0 27
03:31:10 4 0 27
03:31:40 4 0 27
03:32:11 4 0 27
03:32:41 4 0 27
03:33:11 4 0 27
03:33:41 4 0 29
03:34:12 4 0 27
03:34:42 4 0 28
03:35:13 4 0 27
03:35:43 4 0 27
03:36:13 4 0 27
03:36:44 4 0 27
03:37:14 4 0 27
03:37:44 4 0 27
03:38:14 4 0 27
03:38:44 4 0 27
03:39:15 4 0 27
03:39:45 4 0 27
03:40:15 4 0 27
03:40:45 4 0 28
03:41:16 4 0 27
03:41:46 4 0 27
03:42:16 4 0 27
03:42:46 4 0 27
03:43:16 4 0 27
03:43:47 4 0 27
03:44:17 4 0 27
03:44:47 4 0 27
03:45:17 4 0 27
03:45:47 4 0 27
03:46:18 4 0 27
03:46:48 4 0 27
03:47:18 4 0 27
03:47:48 4 0 27
03:48:19 4 0 28
03:48:49 4 0 27
03:49:19 4 0 28
03:49:49 4 0 39
03:50:20 4 0 27
03:50:50 4 0 27
03:51:20 4 0 27
03:51:50 4 0 27
03:52:20 4 0 27
03:52:50 4 0 27
03:53:21 4 0 27
03:53:51 4 0 28
03:54:21 4 0 27
03:54:51 4 0 29
03:55:22 4 0 27
03:55:52 4 0 27
03:56:22 4 0 27
03:56:53 4 0 27
03:57:23 4 0 27
03:57:53 4 0 27
03:58:23 4 0 27
03:58:53 4 0 27
03:59:24 4 0 27
03:59:54 4 0 28
04:00:24 4 0 27
04:00:54 4 0 27
04:01:25 4 0 27
04:01:55 4 0 27
04:02:25 4 0 27
04:02:55 4 0 27
04:03:25 4 0 28
04:03:56 4 0 27
04:04:26 4 0 27
04:04:56 4 0 27
04:05:26 4 0 27
04:05:56 4 0 28
04:06:27 4 0 27
04:06:57 4 0 27
04:07:27 4 0 27
04:07:57 4 0 27
04:08:28 4 0 27
04:08:58 4 0 27
04:09:28 4 0 27
04:09:58 4 0 27
04:10:29 4 0 27
04:10:59 4 0 27
04:11:29 4 0 27
04:11:59 4 0 27
04:12:29 4 0 27
04:12:59 4 0 28
04:13:30 4 0 27
04:14:00 4 0 27
04:14:30 4 0 27
04:15:00 4 0 29
04:15:31 4 0 27
04:16:01 4 0 27
04:16:31 4 0 27
04:17:01 4 0 27
04:17:31 4 0 27
04:18:02 4 0 64
04:18:32 4 0 28
04:19:02 4 0 27
04:19:32 4 0 33
04:20:02 4 0 27
04:20:33 4 0 27
04:21:03 4 0 27
04:21:33 4 0 28
04:22:03 4 0 27
04:22:34 4 0 27
04:23:04 4 0 27
04:23:34 4 0 27
04:24:04 4 0 27
04:24:34 4 0 28
04:25:04 4 0 27
04:25:35 4 0 27
04:26:05 4 0 27
04:26:35 4 0 27
04:27:05 4 0 27
04:27:36 4 0 27
04:28:06 4 0 27
04:28:36 4 0 28
04:29:06 4 0 27
04:29:36 4 0 27
04:30:06 4 0 27
04:30:37 4 0 58
04:31:07 4 0 28
04:31:37 4 0 27
04:32:07 4 0 27
04:32:38 4 0 27
04:33:08 4 0 28
04:33:38 4 0 28
04:34:08 4 0 27
04:34:38 4 0 27
04:35:09 4 0 27
04:35:39 4 0 27
04:36:09 4 0 27
04:36:39 4 0 27
04:37:10 4 0 27
04:37:40 4 0 27
04:38:10 4 0 27
04:38:40 4 0 27
04:39:10 4 0 27
04:39:41 4 0 27
04:40:11 4 0 28
04:40:41 4 0 27
04:41:11 4 0 28
04:41:42 4 0 27
04:42:12 4 0 27
04:42:42 4 0 27
04:43:12 4 0 27
04:43:42 4 0 27
04:44:13 4 0 27
04:44:43 4 0 27
04:45:13 4 0 27
04:45:43 4 0 27
04:46:13 4 0 27
04:46:44 4 0 27
04:47:14 4 0 27
04:47:44 4 0 27
04:48:14 4 0 27
04:48:45 4 0 27
04:49:15 4 0 27
04:49:45 4 0 27
04:50:15 4 0 28
04:50:45 4 0 27
04:51:15 4 0 27
04:51:46 4 0 27
04:52:16 4 0 27
04:52:46 4 0 27
04:53:16 4 0 27
04:53:47 4 0 27
04:54:17 4 0 27
04:54:47 4 0 27
04:55:17 4 0 27
04:55:47 4 0 27
04:56:18 4 0 27
04:56:48 4 0 27
04:57:18 4 0 27
04:57:48 4 0 27
04:58:18 4 0 27
04:58:49 4 0 27
04:59:19 4 0 27
04:59:49 4 0 27
05:00:19 4 0 28
05:00:50 4 0 27
05:01:20 4 0 27
05:01:50 4 0 27
05:02:20 4 0 27
05:02:50 4 0 27
05:03:20 4 0 27
05:03:51 4 0 27
05:04:21 4 0 27
05:04:51 4 0 27
05:05:21 4 0 27
05:05:52 4 0 27
05:06:22 4 0 27
05:06:52 4 0 27
05:07:22 4 0 27
05:07:52 4 0 27
05:08:22 4 0 28
05:08:53 4 0 27
05:09:23 4 0 27
05:09:53 4 0 28
05:10:24 4 0 27
05:10:54 4 0 27
05:11:24 4 0 27
05:11:54 4 0 27
05:12:24 4 0 27
05:12:55 4 0 27
05:13:25 4 0 27
05:13:55 4 0 31
05:14:25 4 0 27
05:14:55 4 0 28
05:15:26 4 0 27
05:15:56 4 0 27
05:16:26 4 0 28
05:16:56 4 0 27
05:17:26 4 0 27
05:17:57 4 0 27
05:18:27 4 0 29
05:18:57 4 0 27
05:19:27 4 0 27
05:19:58 4 0 27
05:20:28 4 0 27
05:20:58 4 0 27
05:21:28 4 0 27
05:21:58 4 0 27
05:22:29 4 0 28
05:22:59 4 0 27
05:23:29 4 0 27
05:23:59 4 0 28
05:24:29 4 0 27
05:25:00 4 0 27
05:25:30 4 0 27
05:26:00 4 0 27
05:26:30 4 0 27
05:27:01 4 0 27
05:27:31 4 0 27
05:28:01 4 0 27
05:28:31 4 0 27
05:29:01 4 0 28
05:29:31 4 0 27
05:30:02 4 0 27
05:30:32 4 0 27
05:31:02 4 0 27
05:31:32 4 0 27
05:32:03 4 0 27
05:32:33 4 0 28
05:33:03 4 0 27
05:33:33 4 0 27
05:34:04 4 0 27
05:34:34 4 0 28
05:35:04 4 0 27
05:35:34 4 0 27
05:36:04 4 0 27
05:36:34 4 0 27
05:37:05 4 0 27
05:37:35 4 0 27
05:38:05 4 0 27
05:38:35 4 0 27
05:39:06 4 0 27
05:39:36 4 0 27
05:40:06 4 0 27
05:40:36 4 0 27
05:41:07 4 0 27
05:41:37 4 0 28
05:42:07 4 0 27
05:42:37 4 0 27
05:43:07 4 0 27
05:43:38 4 0 27
05:44:08 4 0 27
05:44:38 4 0 27
05:45:08 4 0 27
05:45:38 4 0 27
05:46:09 4 0 27
05:46:39 4 0 27
05:47:09 4 0 27
05:47:39 4 0 27
05:48:10 4 0 27
05:48:40 4 0 27
05:49:10 4 0 27
05:49:40 4 0 27
05:50:10 4 0 27
05:50:40 4 0 27
05:51:11 4 0 27
05:51:41 4 0 27
05:52:11 4 0 28
05:52:41 4 0 27
05:53:12 4 0 27
05:53:42 4 0 27
05:54:12 4 0 27
05:54:42 4 0 27
05:55:13 4 0 27
05:55:43 4 0 27
05:56:13 4 0 27
05:56:43 4 0 27
05:57:14 4 0 27
05:57:44 4 0 27
05:58:14 4 0 27
05:58:44 4 0 28
05:59:14 4 0 27
05:59:44 4 0 27
06:00:15 4 0 28
06:00:45 4 0 27
06:01:15 4 0 27
06:01:45 4 0 27
06:02:16 4 0 27
06:02:46 4 0 27
06:03:16 4 0 27
06:03:46 4 0 27
06:04:17 4 0 27
06:04:47 4 0 27
06:05:17 4 0 27
06:05:47 4 0 27
06:06:17 4 0 27
06:06:47 4 0 27
06:07:18 4 0 29
06:07:48 4 0 27
06:08:18 4 0 27
06:08:48 4 0 27
06:09:19 4 0 27
06:09:49 4 0 27
06:10:19 4 0 27
06:10:49 4 0 27
06:11:19 4 0 28
06:11:50 4 0 27
06:12:20 4 0 27
06:12:50 4 0 27
06:13:20 4 0 27
06:13:50 4 0 27
06:14:21 4 0 27
06:14:51 4 0 28
06:15:21 4 0 27
06:15:51 4 0 27
06:16:22 4 0 27
06:16:52 4 0 27
06:17:22 4 0 27
06:17:52 4 0 27
06:18:22 4 0 27
06:18:52 4 0 27
06:19:23 4 0 56
06:19:53 4 0 27
06:20:23 4 0 27
06:20:53 4 0 27
06:21:24 4 0 27
06:21:54 4 0 27
06:22:24 4 0 28
06:22:54 4 0 27
06:23:24 4 0 27
06:23:54 4 0 27
06:24:25 4 0 27
06:24:55 4 0 28
06:25:25 4 0 27
06:25:55 4 0 27
06:26:26 4 0 27
06:26:56 4 0 27
06:27:26 4 0 27
06:27:56 4 0 27
06:28:27 4 0 27
06:28:57 4 0 27
06:29:27 4 0 27
06:29:57 4 0 27
06:30:27 4 0 27
06:30:57 4 0 27
06:31:28 4 0 27
06:31:59 3 1 27
06:32:28 4 0 27
06:32:58 4 0 27
06:33:29 4 0 27
06:33:59 4 0 27
06:34:29 4 0 27
06:34:59 4 0 27
06:35:30 4 0 27
06:36:00 4 0 27
06:36:30 4 0 27
06:37:00 4 0 27
06:37:31 4 0 27
06:38:01 4 0 27
06:38:31 4 0 28
06:39:01 4 0 27
06:39:31 4 0 27
06:40:01 4 0 27
06:40:32 4 0 27
06:41:02 4 0 27
06:41:32 4 0 27
06:42:02 4 0 27
06:42:33 4 0 34
06:43:03 4 0 27
06:43:33 4 0 27
06:44:03 4 0 27
06:44:33 4 0 28
06:45:03 4 0 27
06:45:34 4 0 27
06:46:04 4 0 27
06:46:34 4 0 27
06:47:04 4 0 27
06:47:35 4 0 27
06:48:05 4 0 27
06:48:35 4 0 27
06:49:05 4 0 28
06:49:35 4 0 27
06:50:06 4 0 27
06:50:36 4 0 27
06:51:06 4 0 27
06:51:36 4 0 27
06:52:06 4 0 27
06:52:37 4 0 27
06:53:07 4 0 27
06:53:37 4 0 27
06:54:07 4 0 27
06:54:38 4 0 27
06:55:08 4 0 27
06:55:38 4 0 27
06:56:08 4 0 27
06:56:39 4 0 28
06:57:09 4 0 27
06:57:39 4 0 27
06:58:09 4 0 27
06:58:39 4 0 27
06:59:09 4 0 28
06:59:40 4 0 27
07:00:10 4 0 27
07:00:40 4 0 27
07:01:10 4 0 27
07:01:41 4 0 28
07:02:11 4 0 27
07:02:41 4 0 27
07:03:11 4 0 27
07:03:42 4 0 27
07:04:12 4 0 27
07:04:42 4 0 27
07:05:12 4 0 27
07:05:43 4 0 27
07:06:13 4 0 27
07:06:43 4 0 27
07:07:13 4 0 27
07:07:43 4 0 27
07:08:13 4 0 27
07:08:44 4 0 27
07:09:14 4 0 27
07:09:44 4 0 27
07:10:14 4 0 27
07:10:45 4 0 27
07:11:15 4 0 27
07:11:45 4 0 27
07:12:16 4 0 27
07:12:46 4 0 27
07:13:16 4 0 28
07:13:46 4 0 27
07:14:16 4 0 27
07:14:47 4 0 27
07:15:17 4 0 60
07:15:47 4 0 27
07:16:17 4 0 27
07:16:48 4 0 27
07:17:18 4 0 27
07:17:48 4 0 27
07:18:18 4 0 27
07:18:48 4 0 27
07:19:19 4 0 27
07:19:49 4 0 27
07:20:19 4 0 27
07:20:49 4 0 28
07:21:19 4 0 27
07:21:50 4 0 27
07:22:20 4 0 27
07:22:50 4 0 27
07:23:20 4 0 27
07:23:51 4 0 27
07:24:21 4 0 27
07:24:51 4 0 27
07:25:21 4 0 27
07:25:51 4 0 27
07:26:22 4 0 27
07:26:52 4 0 27
07:27:22 4 0 27
07:27:52 4 0 27
07:28:22 4 0 27
07:28:53 4 0 27
07:29:23 4 0 27
07:29:53 4 0 27
07:30:23 4 0 27
07:30:54 4 0 27
07:31:24 4 0 27
07:31:54 4 0 27
07:32:24 4 0 27
07:32:54 4 0 27
07:33:24 4 0 27
07:33:55 4 0 27
07:34:25 4 0 27
07:34:55 4 0 27
07:35:25 4 0 27
07:35:56 4 0 28
07:36:26 4 0 27
07:36:56 4 0 27
07:37:26 4 0 27
07:37:57 4 0 27
07:38:27 4 0 27
07:38:57 4 0 27
07:39:27 4 0 27
07:39:58 4 0 27
07:40:28 4 0 27
07:40:58 4 0 27
07:41:28 4 0 27
07:41:58 4 0 27
07:42:28 4 0 28
07:42:59 4 0 27
07:43:29 4 0 27
07:43:59 4 0 28
07:44:29 4 0 27
07:45:00 4 0 27
07:45:30 4 0 27
07:46:00 4 0 27
07:46:30 4 0 27
07:47:01 4 0 27
07:47:31 4 0 27
07:48:01 4 0 28
07:48:31 4 0 27
07:49:01 4 0 27
07:49:31 4 0 27
07:50:02 4 0 27
07:50:32 4 0 27
07:51:02 4 0 27
07:51:32 4 0 27
07:52:03 4 0 27
07:52:33 4 0 27
07:53:03 4 0 27
07:53:33 4 0 27
07:54:03 4 0 27
07:54:33 4 0 27
07:55:04 4 0 27
07:55:34 4 0 27
07:56:04 4 0 27
07:56:34 4 0 27
07:57:05 4 0 27
07:57:35 4 0 28
07:58:06 4 0 32
07:58:36 4 0 27
07:59:06 4 0 27
07:59:36 4 0 27
08:00:07 4 0 27
08:00:37 4 0 27
08:01:07 4 0 30
08:01:37 4 0 27
08:02:08 4 0 27
08:02:38 4 0 27
08:03:08 4 0 27
08:03:38 4 0 27
08:04:08 4 0 27
08:04:38 4 0 27
08:05:09 4 0 27
08:05:39 4 0 27
08:06:09 4 0 27
08:06:39 4 0 27
08:07:09 4 0 27
08:07:39 4 0 27
08:08:10 4 0 27
08:08:40 4 0 27
08:09:10 4 0 27
08:09:40 4 0 27
08:10:10 4 0 27
08:10:40 4 0 27
08:11:10 4 0 27
08:11:40 4 0 27
08:12:11 4 0 27
08:12:41 4 0 27
08:13:11 4 0 27
08:13:41 4 0 27
08:14:11 4 0 28
08:14:41 4 0 35
08:15:12 4 0 27
08:15:42 4 0 29
08:16:12 4 0 29
08:16:42 4 0 28
08:17:12 4 0 27
08:17:42 4 0 27
08:18:13 4 0 29
08:18:43 4 0 27
08:19:13 4 0 28
08:19:44 4 0 27
08:20:14 4 0 27
08:20:44 4 0 27
08:21:14 4 0 27
08:21:44 4 0 27
08:22:15 4 0 27
08:22:45 4 0 27
08:23:15 4 0 27
08:23:45 4 0 27
08:24:15 4 0 31
08:24:45 4 0 27
08:25:16 4 0 27
08:25:46 4 0 27
08:26:16 4 0 27
08:26:46 4 0 28
08:27:16 4 0 27
08:27:46 4 0 27
08:28:17 4 0 28
08:28:47 4 0 28
08:29:17 4 0 27
08:29:47 4 0 27
08:30:17 4 0 27
08:30:47 4 0 28
08:31:18 4 0 45
08:31:48 4 0 62
08:32:18 4 0 27
08:32:48 4 0 27
08:33:18 4 0 27
08:33:48 4 0 27
08:34:19 4 0 27
08:34:49 4 0 27
08:35:19 4 0 27
08:35:49 4 0 27
08:36:19 4 0 27
08:36:49 4 0 27
08:37:20 4 0 27
08:37:50 4 0 27
08:38:20 4 0 27
08:38:50 4 0 27
08:39:20 4 0 27
08:39:50 4 0 27
08:40:21 4 0 27
08:40:51 4 0 27
08:41:21 4 0 27
08:41:51 4 0 28
08:42:21 4 0 27
08:42:51 4 0 27
08:43:21 4 0 27
08:43:51 4 0 27
08:44:22 4 0 27
08:44:52 4 0 27
08:45:22 4 0 27
08:45:52 4 0 28
08:46:22 4 0 27
08:46:52 4 0 27
08:47:23 4 0 27
08:47:53 4 0 27
08:48:23 4 0 28
08:48:53 4 0 27
08:49:23 4 0 28
08:49:53 4 0 27
08:50:24 4 0 34
08:50:54 4 0 27
08:51:24 4 0 38
08:51:54 4 0 27
08:52:24 4 0 27
08:52:54 4 0 27
08:53:25 4 0 49
08:53:55 4 0 28
08:54:25 4 0 27
08:54:55 4 0 30
08:55:25 4 0 27
08:55:56 4 0 27
08:56:26 4 0 27
08:56:56 4 0 27
08:57:26 4 0 27
08:57:56 4 0 28
08:58:27 4 0 27
08:58:57 4 0 27
08:59:27 4 0 27
08:59:58 4 0 27
09:00:28 4 0 27
09:00:58 4 0 27
09:01:28 4 0 27
09:01:58 4 0 28
09:02:28 4 0 27
09:02:59 4 0 30
09:03:29 4 0 27
09:03:59 4 0 28
09:04:29 4 0 27
09:04:59 4 0 27
09:05:29 4 0 27
09:05:59 4 0 29
09:06:30 4 0 27
09:07:00 4 0 27
09:07:30 4 0 27
09:08:00 4 0 28
09:08:30 4 0 27
09:09:00 4 0 27
09:09:31 4 0 28
09:10:01 4 0 60
09:10:31 4 0 28
09:11:01 4 0 27
09:11:31 4 0 27
09:12:01 4 0 27
09:12:32 4 0 27
09:13:02 4 0 27
09:13:32 4 0 27
09:14:02 4 0 27
09:14:32 4 0 27
09:15:02 4 0 27
09:15:32 4 0 27
09:16:03 4 0 27
09:16:33 4 0 27
09:17:03 4 0 28
09:17:33 4 0 27
09:18:04 4 0 28
09:18:34 4 0 27
09:19:04 4 0 27
09:19:34 4 0 27
09:20:04 4 0 27
09:20:35 4 0 29
09:21:05 4 0 46
09:21:35 4 0 27
09:22:05 4 0 27
09:22:35 4 0 27
09:23:05 4 0 28
09:23:36 4 0 27
09:24:06 4 0 27
09:24:36 4 0 27
09:25:06 4 0 27
09:25:36 4 0 27
09:26:06 4 0 27
09:26:37 4 0 27
09:27:07 4 0 30
09:27:37 4 0 31
09:28:08 4 0 27
09:28:38 4 0 28
09:29:08 4 0 27
09:29:38 4 0 27
09:30:08 4 0 27
09:30:39 4 0 27
09:31:09 4 0 27
09:31:39 4 0 27
09:32:09 4 0 27
09:32:39 4 0 27
09:33:09 4 0 27
09:33:40 3 1 27
09:34:10 4 0 27
09:34:40 4 0 27
09:35:10 4 0 28
09:35:40 4 0 27
09:36:10 4 0 28
09:36:41 4 0 27
09:37:11 4 0 27
09:37:41 4 0 27
09:38:11 4 0 27
09:38:41 4 0 28
09:39:11 4 0 28
09:39:42 4 0 27
09:40:12 4 0 27
09:40:42 4 0 27
09:41:12 4 0 27
09:41:42 4 0 27
09:42:12 4 0 27
09:42:42 4 0 27
09:43:12 4 0 27
09:43:43 4 0 27
09:44:13 4 0 27
09:44:43 4 0 27
09:45:13 4 0 27
09:45:43 4 0 27
09:46:13 4 0 28
09:46:45 3 1 27
09:47:14 4 0 28
09:47:44 4 0 27
09:48:14 4 0 27
09:48:45 4 0 27
09:49:15 4 0 28
09:49:45 4 0 27
09:50:15 4 0 27
09:50:45 4 0 27
09:51:16 4 0 72
09:51:46 4 0 27
09:52:16 4 0 27
09:52:46 4 0 27
09:53:16 4 0 27
09:53:46 4 0 27
09:54:16 4 0 27
09:54:47 4 0 27
09:55:17 4 0 27
09:55:47 4 0 27
09:56:17 4 0 27
09:56:47 4 0 27
09:57:17 4 0 28
09:57:48 4 0 28
09:58:18 4 0 27
09:58:48 4 0 27
09:59:18 4 0 27
09:59:49 4 0 27
10:00:20 4 0 27
10:00:50 4 0 27
10:01:20 4 0 27
10:01:50 4 0 27
10:02:20 4 0 27
10:02:50 4 0 31
10:03:20 4 0 27
10:03:50 4 0 27
10:04:20 4 0 27
10:04:51 4 0 27
10:05:21 4 0 27
10:05:51 4 0 28
10:06:21 4 0 27
10:06:51 4 0 27
10:07:21 4 0 27
10:07:52 4 0 27
10:08:22 4 0 27
10:08:52 4 0 27
10:09:22 4 0 27
10:09:52 4 0 27
10:10:22 4 0 27
10:10:53 4 0 27
10:11:23 4 0 27
10:11:53 4 0 27
10:12:23 4 0 27
10:12:53 4 0 27
10:13:23 4 0 27
10:13:54 4 0 66
10:14:24 4 0 27
10:14:54 4 0 29
10:15:24 4 0 27
10:15:54 4 0 27
10:16:24 4 0 27
10:16:55 4 0 27
10:17:25 4 0 27
10:17:55 4 0 27
10:18:25 4 0 27
10:18:55 4 0 27
10:19:25 4 0 27
10:19:56 4 0 56
10:20:26 4 0 29
10:20:57 4 0 27
10:21:27 4 0 27
10:21:57 4 0 27
10:22:27 4 0 29
10:22:58 4 0 27
10:23:28 4 0 28
10:23:58 4 0 27
10:24:28 4 0 28
10:24:59 3 1 27
10:25:28 4 0 28
10:25:58 4 0 27
10:26:29 4 0 29
