00:01:45 257543 42219
00:03:05 391876 99002
00:03:55 417207 114852
00:04:56 404286 72339
00:06:02 -1 -1
00:07:17 447127 57202
00:08:17 525658 138708
02:00:08 -1 -1
02:01:08 185874 24231
02:02:13 282864 31536
02:03:09 404581 112758
02:04:10 227265 62671
02:05:10 293586 90831
02:06:11 226146 67087
02:07:11 146287 13515
02:08:11 219693 34332
02:09:12 133571 44049
02:10:12 385335 61261
02:11:13 185021 26622
02:12:13 194743 55479
02:13:14 330014 75086
02:14:14 65027 15328
02:15:14 103865 15748
02:16:18 438465 100380
02:17:16 289459 49550
02:18:16 256841 77964
02:19:16 148294 41933
02:20:17 445456 100300
02:21:17 164484 71383
02:22:18 279918 64898
02:23:18 360028 70581
02:24:18 236812 110379
02:25:19 519200 85954
02:26:19 462392 97012
02:27:20 444553 120095
02:28:20 183419 30114
02:29:20 299477 72562
02:30:21 192837 47503
02:31:21 332657 124477
02:32:22 212225 63038
02:33:22 299716 31887
02:34:23 336621 57225
02:35:23 107966 20408
02:36:23 324739 139700
02:37:24 620686 176160
02:38:24 315380 124350
02:39:24 47269 15777
02:40:25 207779 70617
02:41:25 253052 100417
02:42:26 347995 114415
02:43:26 180174 47232
02:44:27 103267 19135
02:45:27 347085 81914
02:46:30 121138 23483
02:47:28 475147 116419
02:48:28 541875 85606
02:49:28 547732 73486
02:50:29 113063 43723
02:51:29 112301 44470
02:52:30 182588 36813
02:53:30 405727 73255
02:54:31 323491 56734
02:55:31 53930 20175
02:56:31 234939 27762
02:57:30 -1 -1
02:58:32 676211 92796
02:59:33 226581 121045
03:00:33 236875 55249
03:01:33 156712 14883
03:02:33 104358 47174
03:03:34 64094 11671
03:04:34 84141 7804
03:05:35 101497 58255
03:06:36 34929 42870
03:07:36 165114 29036
03:08:36 130311 38196
03:09:37 159019 37916
03:10:37 190395 39026
03:11:37 268077 111931
03:12:38 144263 29119
03:13:38 280806 87411
03:14:38 40759 15918
03:15:39 281821 71351
03:16:39 204206 32708
03:17:39 142791 32147
03:18:42 -1 -1
03:19:40 93177 28457
03:20:41 79798 10635
03:21:41 245488 38718
03:22:41 131127 35478
03:23:42 137690 34976
03:24:42 84393 36027
03:25:43 143345 11971
03:26:43 103823 12436
03:27:43 117597 14074
03:28:43 144695 17129
03:29:43 247551 38932
03:30:44 547212 75778
03:31:46 -1 -1
03:32:44 118019 14894
03:33:48 551825 102121
03:34:45 47924 45675
03:35:45 83918 6682
03:36:46 349454 123329
03:37:47 469397 90622
03:38:47 162374 53947
03:39:47 351296 28905
03:40:47 400397 81463
03:41:49 286898 82602
03:42:48 216116 37998
03:43:49 536256 152484
03:44:49 242686 74188
03:45:49 313979 40458
03:46:50 265638 43986
03:47:50 86295 20620
03:48:51 305749 24556
03:49:51 -1 -1
03:50:51 223775 59210
03:51:52 424583 118367
03:52:52 499641 102122
03:53:52 336904 217019
03:54:53 258416 51120
03:55:54 642178 183790
03:56:53 435160 94095
03:57:54 571906 75498
03:58:54 180748 68730
03:59:54 379402 52161
04:00:55 237585 60479
04:01:54 87219 12788
04:02:55 100206 15502
04:03:55 246565 52066
04:04:55 147543 28398
04:05:57 347510 46803
04:06:56 558397 136595
04:07:57 395876 149229
04:08:57 614816 294635
04:09:58 -1 -1
04:10:58 954419 234599
04:11:58 476899 198948
04:13:00 587485 262499
04:14:04 577895 148523
04:15:00 887982 335239
04:16:01 453008 168041
04:17:00 319631 113959
04:18:01 751010 345174
04:19:00 330321 191549
04:20:01 185922 88261
04:21:02 355757 718784
04:22:02 348136 160157
04:23:02 288516 136219
04:24:02 277892 65874
04:25:02 127603 36887
04:26:02 374265 91238
04:27:03 52536 11628
04:28:03 183845 22525
04:29:03 130556 15042
04:30:04 191805 15326
04:31:05 151892 29157
04:32:05 302909 157655
04:33:05 22305 12798
04:34:07 399063 136666
04:35:06 104816 18955
04:36:07 268094 36967
04:37:06 155561 22976
04:38:07 24392 39648
04:39:07 122973 26414
04:40:07 167594 20436
04:41:08 163177 34201
04:42:08 556756 187665
04:43:09 337979 129771
04:44:09 45621 8600
04:45:09 180318 30602
04:46:10 339790 76564
04:47:10 133986 31834
04:48:11 324939 176993
04:49:11 125726 13020
04:50:11 326928 35040
04:51:11 195594 55206
04:52:12 615264 163040
04:53:12 355979 80184
04:54:12 4394 3849
04:55:13 348652 44141
04:56:13 180104 17871
04:57:13 218249 40841
04:58:14 139510 69483
04:59:14 121933 10844
05:00:14 380312 15442
05:01:15 252288 70740
05:02:15 196719 53567
05:03:15 255684 72815
05:04:16 131807 17550
05:05:16 116118 8454
05:06:16 282920 33745
05:07:17 205909 31854
05:08:20 258099 61599
05:09:17 184981 40369
05:10:18 58244 14440
05:11:19 765450 199412
05:12:19 125903 76001
05:13:19 135671 23390
05:14:19 156011 20041
05:15:22 348805 81256
05:16:20 108031 9985
05:17:20 156927 65404
05:18:21 154968 25856
05:19:21 89524 10886
05:20:22 140821 25768
05:21:22 223452 38399
05:22:22 228443 95586
05:23:23 320978 54883
05:24:23 125273 44189
05:25:23 285258 45780
05:26:24 180734 62432
05:27:24 135139 27808
05:28:24 380122 74788
05:29:25 47919 14652
05:30:25 219668 47059
05:31:26 323425 42264
05:32:26 452687 123136
05:33:26 441557 90850
05:34:26 424529 65248
05:35:27 128042 36688
05:36:27 401339 71965
05:37:27 320499 97327
05:38:28 143207 25780
05:39:28 -1 -1
05:40:28 391196 73584
05:41:29 338049 104747
05:42:29 45383 49203
05:43:29 131877 35331
05:44:30 161122 73609
05:45:30 353819 49541
05:46:30 174704 47188
05:47:31 192433 72067
05:48:31 114058 19813
05:49:30 -1 -1
05:50:32 269207 71448
05:51:32 72934 14296
05:52:32 168525 51095
05:53:33 191538 43828
05:54:33 157815 15343
05:55:33 193739 81191
05:56:34 161033 59819
05:57:34 194566 44764
05:58:35 99297 20395
05:59:35 184478 61935
06:00:35 1007838 25405
06:01:36 304210 67618
06:02:36 351609 68708
06:03:36 270932 44672
06:04:37 372651 85752
06:05:38 396300 106578
06:06:38 309926 183616
06:07:38 264748 63927
06:08:38 120792 20468
06:09:39 240834 46585
06:10:39 57578 17041
06:11:40 104733 41683
06:12:40 157726 53411
06:13:40 251430 61742
06:14:41 80041 8678
06:15:41 64907 18259
06:16:42 369122 58396
06:17:42 776961 193425
06:18:42 120277 53462
06:19:42 26340 4464
06:20:43 495405 63325
06:21:46 344805 124086
06:22:44 -1 -1
06:23:44 155799 36587
06:24:44 617792 163389
06:25:45 201006 38060
06:26:45 59456 13303
06:27:45 101434 38524
06:28:46 270427 28522
06:29:46 176754 11912
06:30:46 231827 55444
06:31:47 187253 44482
06:32:47 -1 -1
06:33:47 191066 115629
06:34:48 58156 8224
06:35:48 161709 29637
06:36:48 115530 44716
06:37:49 275731 65820
06:38:49 177395 31660
06:39:50 334626 81545
06:40:50 423101 60027
06:41:50 183587 63232
06:42:49 -1 -1
06:43:51 232774 80400
06:44:51 212654 84780
06:45:51 242864 20408
06:46:52 200277 44727
06:47:52 400438 49580
06:48:52 132729 22680
06:49:53 454466 83284
06:50:53 295304 98794
06:51:54 161260 24171
06:52:54 402405 43568
06:53:54 272316 70123
06:54:54 161918 77066
06:55:55 419276 86813
06:56:55 229467 39805
06:57:55 40052 9951
06:58:56 104790 22857
06:59:56 197973 45000
07:00:57 147302 15265
07:01:57 212907 63056
07:02:57 42626 28021
07:03:57 298731 49182
07:04:58 84667 11176
07:05:58 196402 50152
07:06:58 125737 32283
07:07:59 264019 29917
07:08:59 158610 31147
07:09:59 280886 33860
07:11:00 374933 115470
07:12:00 444234 153027
07:13:00 352619 76432
07:14:01 258981 48077
07:15:01 384386 77305
07:16:02 302277 45742
07:17:02 290359 77713
07:18:02 381115 119056
07:19:02 337341 63723
07:20:03 146591 87705
07:21:03 365963 141465
07:22:03 374640 68266
07:23:04 233507 34101
07:24:04 168330 36991
07:25:05 104915 24416
07:26:05 206421 18610
07:27:05 327848 72042
07:28:06 443465 174953
07:29:06 358239 57695
07:30:06 392483 113664
07:31:09 617776 154204
07:32:07 108626 52918
07:33:07 189888 130863
07:34:08 296560 45911
07:35:08 300352 36324
07:36:10 468532 100398
07:37:09 -1 -1
07:38:09 391219 89512
07:39:09 283656 78243
07:40:10 64325 22086
07:41:10 294014 43045
07:42:10 356206 32740
07:43:11 156649 21486
07:44:11 201675 51633
07:45:11 445608 142682
07:46:12 67650 25760
07:47:12 267588 42704
07:48:12 84995 15483
07:49:13 174620 85676
07:50:13 54074 12971
07:51:13 197162 66551
07:52:13 335946 183350
07:53:14 179558 52655
07:54:14 219292 82056
07:55:14 246221 98810
07:56:15 76095 20404
07:57:15 132600 22620
07:58:15 103702 34564
07:59:16 109998 17390
08:00:16 362025 14729
08:01:16 147863 51969
08:02:17 306167 71201
08:03:17 7749 5537
08:04:17 213933 73113
08:05:19 473646 70041
08:06:18 228119 22713
08:07:18 214885 71190
08:08:18 404302 75834
08:09:19 266269 87535
08:10:19 197915 27081
08:11:20 281298 42100
08:12:20 166039 50174
08:13:20 116278 11719
08:14:20 378471 85803
08:15:21 322040 47557
08:16:21 78645 21709
08:17:21 353587 30898
08:18:21 231530 42791
08:19:22 104734 19713
08:20:22 252306 41547
08:21:23 284145 80598
08:22:23 248740 60017
08:23:24 188791 54451
08:24:24 369060 74951
08:25:25 382272 204288
08:26:25 356244 117509
08:27:25 279846 95507
08:28:25 164284 93625
08:29:26 243880 35141
08:30:26 175378 54998
08:31:25 -1 -1
08:32:27 136000 24052
08:33:27 301541 66944
08:34:27 284313 18639
08:35:28 347452 119122
08:36:28 165697 64821
08:37:28 248259 64437
08:38:29 -1 -1
08:39:29 283458 78420
08:40:29 127741 25161
08:41:30 193923 55369
08:42:30 463004 96295
08:43:30 177266 61169
08:44:31 187889 43882
08:45:31 351565 89230
08:46:31 355633 60570
08:47:32 284257 41553
08:48:32 250413 24600
08:49:32 240292 62043
08:50:33 108396 16865
08:51:33 165365 42417
08:52:34 298099 24956
08:53:34 90757 27298
08:54:34 365301 144299
08:55:36 463271 106756
08:56:36 169628 52862
08:57:36 492688 94590
08:58:36 210683 37350
08:59:37 245657 55761
09:00:37 296398 44266
09:01:37 325717 118674
09:02:38 297055 32459
09:03:38 171218 45530
09:04:38 60771 15106
09:05:38 191852 84638
09:06:39 135388 42091
09:07:39 182654 14477
09:08:39 175276 43403
09:09:39 328737 71075
09:10:40 108315 21351
09:11:40 74583 45443
09:12:40 297508 111141
09:13:40 364871 74473
09:14:41 155007 28155
09:15:41 390857 52384
09:16:41 266445 78115
09:17:42 38282 22489
09:18:42 24635 24330
09:19:42 249234 28234
09:20:43 51106 20250
09:21:43 197071 41602
09:22:44 373693 88019
09:23:43 150555 44069
09:24:44 160222 41697
09:25:43 -1 -1
09:26:45 191589 55993
09:27:45 314862 117089
09:28:45 155004 42460
09:29:45 492731 69576
09:30:46 139281 16404
09:31:46 269071 70699
09:32:46 25980 6328
09:33:46 180132 59262
09:34:50 137984 46041
09:35:46 -1 -1
09:36:47 593896 37506
09:37:47 181765 94506
09:38:47 -1 -1
09:39:49 105604 12897
09:40:49 128119 50220
09:41:48 -1 -1
09:42:49 429701 140826
09:43:50 98591 44272
09:44:50 470364 52281
09:45:50 45142 9329
09:46:51 173965 62380
09:47:51 104902 31201
09:48:51 64987 10097
09:49:51 86956 18687
09:50:51 287541 82787
09:51:51 96057 19720
09:52:52 131882 16278
09:53:52 154114 72242
09:54:52 151219 89845
09:55:52 240013 33931
09:56:53 280824 43353
09:57:54 160233 32364
09:58:54 80623 50274
09:59:53 168616 50585
10:00:54 110491 49005
10:01:54 178631 96135
10:02:54 97026 66260
10:03:54 87117 60817
10:04:55 112640 12925
10:05:55 255454 101955
10:06:55 224082 83877
10:07:55 161589 34968
10:08:56 417877 113310
10:09:56 217610 54661
10:10:56 33044 27317
10:11:59 227391 48983
10:12:57 100175 58425
10:13:57 64064 6198
10:14:57 237491 50858
10:15:58 298047 49924
10:16:58 150253 92063
10:17:58 183066 119326
10:18:58 198002 93996
10:19:59 160005 63816
10:21:03 450419 58886
10:22:00 571896 88412
10:23:04 115540 57764
10:24:02 175747 50407
10:25:02 37548 8526
10:26:03 317468 91163
10:27:03 200718 36206
10:28:04 107472 45607
10:29:04 96226 17925
10:30:04 125781 15620
10:31:05 460581 75923
10:32:05 155840 14264
10:33:05 50362 9963
10:34:05 278813 27724
10:35:06 222303 40138
10:36:06 103181 14635
10:37:06 183286 39317
10:38:07 397628 70439
10:39:09 79365 8636
10:40:08 427291 70440
10:41:08 50621 67105
10:42:09 34521 5121
10:43:09 103136 23387
10:44:10 374315 109536
10:45:10 427487 203349
10:46:10 114713 51442
10:47:11 262435 55302
10:48:11 112490 19004
10:49:11 174124 44899
10:50:12 167186 27547
10:51:12 344433 32903
10:52:13 127116 63424
10:53:13 127005 31571
10:54:13 168723 37877
10:55:14 142312 21437
10:56:14 444775 103077
10:57:15 92412 19075
10:58:16 364529 37995
10:59:16 141169 28588
11:00:16 121142 49856
11:01:17 345496 101551
11:02:17 151598 13820
11:03:17 171867 38806
11:04:18 51715 7468
11:05:18 109155 49117
11:06:19 117887 41848
11:07:19 284106 70424
11:08:20 174675 38526
11:09:20 213493 70353
11:10:20 28956 4757
11:11:20 747089 358645
11:12:21 232486 106668
11:13:21 64457 17571
11:14:22 155416 23679
11:15:22 439441 82348
11:16:23 14429 4705
11:17:23 233257 40561
11:18:23 523182 93896
11:19:24 84592 60062
11:20:24 48193 8737
11:21:24 34896 14286
11:22:26 636306 82124
11:23:25 125218 30733
11:24:25 116534 25061
11:25:26 24272 15465
11:26:26 146373 15662
11:27:26 370889 82273
11:28:26 131510 14324
11:29:26 53377 19388
11:30:27 306643 113264
11:31:27 60253 91570
11:32:30 16631 69575
11:33:28 206451 84334
11:34:29 78318 20568
11:35:29 167306 40055
11:36:30 88636 63787
11:37:31 141927 71689
11:38:32 198536 64985
11:39:32 265186 101949
11:40:32 256650 68958
11:41:32 255190 47554
11:42:33 87325 40069
11:43:33 422878 28148
11:44:33 66667 35555
11:45:33 19235 5575
11:46:34 137288 28992
11:47:34 142694 41440
11:48:35 70272 7893
11:49:35 124623 20563
11:50:34 -1 -1
11:51:36 326362 93325
11:52:36 812184 85222
11:53:36 181640 56417
11:54:36 63756 36633
11:55:36 120927 12418
11:56:37 72932 13910
11:57:37 192958 30648
11:58:37 138565 26248
11:59:38 174000 24233
12:00:38 54327 8048
12:01:38 203246 38150
12:02:39 586527 225330
12:03:39 69172 10188
12:04:39 183773 19915
12:05:40 190281 27465
12:06:40 123289 45552
12:07:40 20918 6740
12:08:41 79662 28732
12:09:42 123118 55824
12:10:42 276331 56774
12:11:42 147784 14337
12:12:42 55508 9723
12:13:43 518006 23451
12:14:43 203672 19301
12:15:42 -1 -1
12:16:45 175918 29192
12:17:45 197031 93308
12:18:46 121290 76379
12:19:46 193461 65259
12:20:46 21237 6936
12:21:46 41100 6474
12:22:47 191416 20011
12:23:47 1794998 52722
12:24:47 68362 6849
12:25:47 211918 57320
12:26:48 8074 4008
12:27:48 11994 7730
12:28:48 122362 126261
12:29:49 407333 49312
12:30:49 283827 72607
12:31:49 62092 11651
12:32:49 200829 50596
12:33:50 175256 57436
12:34:50 152956 123468
12:35:50 122367 27438
12:36:50 154375 63790
12:37:51 956771 117741
12:38:51 134276 33515
12:39:51 288844 84280
12:40:51 121520 52232
12:41:52 119927 50109
12:42:52 192660 47790
12:43:52 250301 63488
12:44:52 179155 23143
12:45:52 223509 46115
12:46:52 226815 81132
12:47:53 280511 79293
12:48:53 163950 21873
12:49:53 272098 58372
12:50:53 279783 93371
12:51:54 143185 19393
12:52:54 161232 14609
12:53:54 112888 25319
12:54:54 218961 54846
12:55:55 362623 47839
12:56:55 50479 19625
12:57:55 188953 37786
12:58:55 197371 40457
12:59:56 225928 68215
13:00:56 165735 55210
13:01:56 76025 13290
13:02:56 156700 46998
13:03:57 161796 12098
13:04:57 111526 16263
13:05:57 242135 55297
13:06:57 399862 54169
13:07:58 513944 170902
13:08:58 462567 104985
13:10:01 152763 56750
13:10:58 127674 24792
13:11:58 82781 38382
13:12:58 271835 84910
13:13:59 250002 63948
13:15:02 77819 18597
13:15:59 212542 48741
13:16:59 427578 79324
13:17:59 225264 50591
13:19:00 223621 40012
13:20:00 248870 20258
13:21:00 12657 9388
13:22:01 202232 30783
13:23:01 160876 26240
13:24:01 279379 99172
13:25:01 196002 44729
13:26:02 150359 49719
13:27:02 401256 83536
13:28:02 233532 51296
13:29:02 167935 59649
13:30:03 175760 73659
13:31:04 162712 18026
13:32:03 130705 30000
13:33:04 204743 24130
13:34:04 424501 81872
13:35:04 194353 51070
13:36:05 346125 154959
13:37:05 430935 92205
13:38:05 227519 24399
13:39:05 237124 32166
13:40:06 154910 42040
13:41:06 242555 91551
13:42:06 68249 11217
13:43:07 214531 24407
13:44:07 58044 13254
13:45:08 83537 17123
13:46:08 73307 11954
13:47:09 333211 69622
13:48:10 310858 106253
13:49:10 739033 125485
13:50:10 306509 30092
13:51:11 178131 38338
13:52:12 245422 135496
13:53:12 47608 7763
13:54:12 211723 19730
13:55:13 113647 55668
13:56:12 278607 42383
13:57:13 111218 27946
13:58:13 91998 8046
13:59:13 130466 14817
14:00:13 84308 51841
14:01:13 144365 20995
14:02:14 63858 27931
14:03:14 1126451 265970
14:04:14 57567 15710
14:05:14 171987 17338
14:06:15 188958 99681
14:07:15 432535 128399
14:08:16 191801 57237
14:09:16 256594 475844
14:10:16 226710 60402
14:11:17 273322 111795
14:12:18 378307 78426
14:13:18 528789 70503
14:14:19 118573 37883
14:15:19 204910 64042
14:16:19 135072 65089
14:17:20 288245 74242
14:18:20 337346 83079
14:19:20 29042 9562
14:20:20 228634 65580
14:21:20 -1 -1
14:22:21 -1 -1
14:23:21 169566 23224
14:24:22 27306 8120
14:25:24 93551 20666
14:26:23 27109 32463
14:27:23 151404 57864
14:28:23 32965 18417
14:29:23 78405 25181
14:30:24 346349 93261
14:31:24 193208 28609
14:32:25 105035 13138
14:33:25 48537 9380
14:34:25 181938 88397
14:35:26 184198 27629
14:36:26 164942 53473
14:37:27 120363 32250
14:38:27 221337 175336
14:39:27 33180 25744
14:40:28 105465 81128
14:41:28 225288 87367
14:42:29 272103 88932
14:43:29 45167 26781
14:44:30 172085 49440
14:45:31 236562 79038
14:46:32 351792 45890
14:47:32 218719 47293
14:48:32 352023 46859
14:49:32 104059 17339
14:50:33 185273 60299
14:51:33 234864 53160
14:52:34 61147 15709
14:53:34 163534 78196
14:54:34 275668 36945
14:55:34 252299 100278
14:56:35 395464 108117
14:57:35 178480 117313
14:58:35 192724 41656
14:59:35 210362 69484
15:00:36 264224 117839
15:01:36 112195 91824
15:02:36 321389 184976
15:03:36 359702 107238
15:04:37 326405 37003
15:05:37 645856 223839
15:06:37 271262 82946
15:07:37 127061 17632
15:08:37 218216 38631
15:09:37 257702 26021
15:10:37 128268 34920
15:11:38 189873 44397
15:12:39 637559 125931
15:13:39 704805 211396
15:14:40 282980 90869
15:15:40 372543 35259
15:16:40 314444 119864
15:17:41 152724 34548
15:18:41 449132 132040
15:19:41 348124 68829
15:20:41 227114 49466
15:21:42 279653 53801
15:22:42 109441 37675
15:23:41 -1 -1
15:24:42 427543 240609
15:25:42 555070 256577
15:26:42 448747 340165
15:27:43 311736 127575
15:28:43 279301 151584
15:29:43 224839 83760
15:30:44 413104 185773
15:31:44 181162 88347
15:32:45 547728 74619
15:33:44 190566 61876
15:34:45 111660 18507
15:35:45 359905 60179
15:36:45 312278 56121
15:37:45 274551 30812
15:38:47 209997 46138
15:39:46 195419 63623
15:40:46 52254 16948
15:41:46 316057 144816
15:42:45 -1 -1
15:43:47 135116 61205
15:44:48 414850 152843
15:45:47 303315 117794
15:46:48 61805 26148
15:47:48 282602 78348
15:48:48 190984 42206
15:49:48 484911 134625
15:50:48 52190 14085
15:51:49 167968 38076
15:52:49 415997 122605
15:53:49 341776 112978
15:54:50 120136 22168
15:55:50 677325 96702
15:56:51 243978 156567
15:57:50 350478 87175
15:58:51 353297 86073
15:59:51 441849 94579
16:00:51 203700 52431
16:01:51 318553 83654
16:02:51 401531 63074
16:03:51 134445 20136
16:04:52 255542 44770
16:05:52 255443 46692
16:06:52 196059 53381
16:07:52 122390 19809
16:08:53 351941 129195
16:09:53 297877 80524
16:10:53 192623 66284
16:11:57 769558 167456
16:12:54 483365 105019
16:13:54 438452 75654
16:14:54 226671 22833
16:15:54 249039 59945
16:16:55 377763 73429
16:17:55 36639 7639
16:18:55 277209 40466
16:19:55 263521 30989
16:20:55 416573 44668
16:21:56 264736 41519
16:22:56 441300 65370
16:23:56 423078 147267
16:24:56 138936 24244
16:25:57 416574 178834
16:26:57 365944 118217
16:27:57 189075 25678
16:28:57 343233 127069
16:29:57 297064 164861
16:30:58 298817 88268
16:31:58 318569 104728
16:33:00 333584 45136
16:33:59 327539 61467
16:34:59 405659 49885
16:35:59 401672 54888
16:37:03 420026 120867
16:38:01 383043 105295
16:39:01 434921 761562
16:40:01 172250 21815
16:41:01 454807 94612
16:42:01 419153 69002
16:43:02 452075 75244
16:44:02 426724 55871
16:45:02 75460 10893
16:46:02 330606 61994
16:47:02 323370 68330
16:48:02 437098 50996
16:49:02 95644 12387
16:50:03 304689 53411
16:51:03 260026 58375
16:52:03 299031 40685
16:53:03 292968 26524
16:54:04 445093 198965
16:55:04 351709 119612
16:56:05 411834 77495
16:57:05 211815 49550
16:58:05 478893 56645
16:59:05 267842 69491
17:00:08 212821 128727
17:01:06 137898 62736
17:02:04 -1 -1
17:03:06 185004 28138
17:04:07 221039 50433
17:05:07 247341 33475
17:06:07 427887 108138
17:07:08 329917 56575
17:08:08 724768 178357
17:09:08 465885 84469
17:10:08 514925 73938
17:11:10 540505 98833
17:12:09 515884 64000
17:13:09 854539 193030
17:14:11 -1 -1
17:15:09 595400 131872
17:16:11 804513 202141
17:17:10 569303 70216
17:18:10 144496 106636
17:19:10 454554 47895
17:20:11 349053 72382
17:21:11 492206 174684
17:22:11 600202 134587
17:23:11 378780 139066
17:24:12 707544 87318
17:25:12 2087754 157586
17:26:13 451350 62907
17:27:13 559733 106351
17:28:16 835424 135756
17:29:13 447736 61591
17:30:14 -1 -1
17:31:15 526662 136221
17:32:15 573699 152846
17:33:15 334896 49955
17:34:15 452948 76825
17:35:15 333985 73798
17:36:16 724599 176863
17:37:16 904386 153191
17:38:17 372817 34520
17:39:17 499713 72681
17:40:17 422174 75588
17:41:18 572434 135213
17:42:18 481669 63546
17:43:20 299480 41257
17:44:20 429125 96850
17:45:19 539960 133805
17:46:20 297913 86968
17:47:21 723837 132842
17:48:25 636663 121136
17:49:22 366317 54878
17:50:22 441683 105143
17:51:22 281255 85971
17:52:23 760706 95435
17:53:21 620812 191804
17:54:21 334541 124713
17:55:21 184873 81907
17:56:22 190114 95118
17:57:22 160086 94448
17:58:22 402338 173654
17:59:23 418911 251110
18:00:23 218506 58345
18:01:23 162684 77396
18:02:23 229024 125503
18:03:23 125697 48613
18:04:23 259084 82038
18:05:24 192018 68003
18:06:24 228346 63088
18:07:25 -1 -1
18:08:25 463268 159146
18:09:25 265597 116835
18:10:27 648423 178796
18:11:26 382177 95546
18:12:26 -1 -1
18:13:26 309295 125080
18:14:26 304908 48152
18:15:25 -1 -1
18:16:27 323677 93302
18:17:28 323888 53000
18:18:27 439794 95608
18:19:28 353042 115174
18:20:29 434231 57288
18:21:29 816247 170174
18:22:30 170021 44285
18:23:29 -1 -1
18:24:29 407710 76304
18:25:30 237531 55399
18:26:29 448238 96611
18:27:31 631925 52788
18:28:30 1062717 216873
18:29:32 179695 47658
18:30:31 578322 112324
18:31:32 612653 126786
18:32:31 303590 33259
18:33:33 590714 83402
18:34:34 632606 124204
18:35:33 586349 116487
18:36:34 633236 129096
18:37:34 640104 74137
18:38:34 670598 106417
18:39:35 425833 60033
18:40:34 448538 116440
18:41:35 599941 83961
18:42:35 651215 224005
18:43:35 413467 46773
18:44:35 -1 -1
18:45:35 600122 128929
18:46:38 361286 81067
18:47:36 317913 96057
18:48:36 223965 74815
18:49:38 436706 94483
18:50:36 249990 34621
18:51:38 549282 88862
18:52:37 478971 99104
18:53:37 384050 55535
18:54:37 267398 59369
18:55:39 691543 90384
18:56:40 739306 125780
18:57:39 675700 212573
18:58:39 664158 94724
18:59:39 665954 94859
19:00:39 610299 157352
19:01:39 616215 64030
19:02:40 490149 49500
19:03:40 366617 114153
19:04:40 395808 79424
19:05:42 366202 142102
19:06:43 213756 60303
19:07:41 813404 160265
19:08:41 541981 112824
19:09:41 601249 142841
19:10:41 508189 121326
19:11:43 -1 -1
19:12:42 420635 58538
19:13:42 537863 116159
19:14:42 557925 114461
19:15:45 613671 133815
19:16:43 396832 135037
19:17:43 340337 79004
19:18:41 -1 -1
19:19:43 449290 120475
19:20:43 663223 184801
19:21:44 296441 52427
19:22:44 352026 56178
19:23:44 387319 32876
19:24:45 280991 81511
19:25:45 419557 51364
19:26:45 429183 77749
19:27:45 -1 -1
19:28:45 613626 185567
19:29:48 465984 236846
19:30:46 518647 76340
19:31:46 373652 29791
19:32:47 237789 32537
19:33:48 266415 301864
19:34:48 279880 118683
19:35:48 564699 132215
19:36:48 425538 73879
19:37:49 538563 145701
19:38:49 645931 86853
19:39:50 657567 104530
19:40:50 637166 118831
19:41:50 288130 135454
19:42:49 330095 70883
19:43:50 343716 39375
19:44:50 566023 109233
19:45:50 474063 92305
19:46:51 517234 94618
19:47:50 182210 32386
19:48:51 342744 67070
19:49:51 344128 38327
19:50:51 289726 90300
19:51:51 222005 118245
19:52:51 484255 105985
19:53:52 168661 28154
19:54:52 391530 60528
19:55:52 489231 112511
19:56:54 306579 80095
19:57:54 242930 45138
19:58:55 178103 35289
19:59:53 370886 158416
20:00:53 281954 51785
20:01:53 284650 33984
20:02:54 238487 37142
20:03:54 298096 29493
20:04:54 395042 34709
20:05:54 560154 53934
20:06:55 967753 136301
20:07:55 597581 111914
20:08:55 348152 103407
20:09:55 440108 94624
20:10:55 582765 112965
20:11:57 493294 84265
20:12:56 533784 112682
20:13:56 445796 86727
20:14:59 490345 79914
20:15:56 255086 51946
20:16:56 511418 56721
20:17:57 399999 95923
20:18:57 402345 67131
20:19:56 -1 -1
20:20:58 178710 48052
20:21:58 486043 103489
20:22:58 703361 106838
20:23:58 114967 37449
20:24:58 387803 35964
20:25:59 340835 42907
20:26:59 403002 66957
20:27:59 353833 107626
20:28:59 233711 27239
20:29:59 304035 70487
20:31:00 163676 40617
20:32:00 410578 106943
20:33:00 309728 54067
20:34:01 96773 19133
20:35:00 347770 80752
20:36:01 187159 30037
20:37:01 214036 52707
20:38:01 575161 56133
20:39:02 247664 61167
20:40:02 227854 40432
20:41:02 236885 90673
20:42:02 188845 26270
20:43:02 504707 51591
20:44:02 405604 97520
20:45:06 148000 41679
20:46:03 306498 36293
20:47:03 395365 41647
20:48:03 159014 36454
20:49:03 135880 75609
20:50:04 224270 74174
20:51:04 344105 56239
20:52:04 279887 30807
20:53:05 366848 114130
20:54:05 93734 35725
20:55:05 392628 46797
20:56:05 316640 81752
20:57:05 406579 205206
20:58:05 438271 32326
20:59:05 107807 23892
21:00:06 184542 62523
21:01:06 395160 59583
21:02:08 477074 45436
21:03:07 212684 26223
21:04:07 -1 -1
21:05:07 285047 58889
21:06:07 140850 21161
21:07:09 427058 53935
21:08:11 588196 80713
21:09:11 402971 106634
21:10:08 212583 86244
21:11:08 421916 97849
21:12:08 348951 56047
21:13:09 167828 50999
21:14:09 320856 55429
21:15:09 265092 50151
21:16:10 510567 93646
21:17:13 669957 156996
21:18:10 266731 44342
21:19:13 369974 30061
21:20:13 1051745 112826
21:21:11 382640 76468
21:22:11 456496 74280
21:23:11 233848 36813
21:24:12 382725 87666
21:25:11 355458 93682
21:26:12 487224 82950
21:27:12 236586 61259
21:28:14 842720 143659
21:29:12 331620 41901
21:30:12 423199 138248
21:31:16 359961 106686
21:32:13 281079 39377
21:33:13 568739 109241
21:34:13 215412 47252
21:35:17 288364 53627
21:36:14 288584 96261
21:37:15 545035 208657
21:38:14 480067 95649
21:39:15 541572 101789
21:40:15 304331 40566
21:41:15 474916 125397
21:42:16 546995 194825
21:43:15 514276 167055
21:44:16 308625 106169
21:45:16 238877 37799
21:46:17 269327 65055
21:47:17 345005 69344
21:48:17 257028 100994
21:49:17 2224563 144980
21:50:17 250739 100517
21:51:18 473348 101549
21:52:20 184559 31986
21:53:18 188738 66692
21:54:18 390133 141761
21:55:19 497185 45292
21:56:18 360317 72208
21:57:19 379855 114672
21:58:19 301938 31355
21:59:18 -1 -1
22:00:20 344504 82598
22:01:23 303818 107510
22:02:20 333719 68550
22:03:23 358661 36398
22:04:20 539440 90723
22:05:21 552466 72895
22:06:23 567471 89334
22:07:21 633500 91618
22:08:21 401102 63471
22:09:22 482647 163671
22:10:22 437486 81530
22:11:23 630718 224816
22:12:22 430542 130541
22:13:23 466150 180499
22:14:26 391176 95486
22:15:24 252222 50379
22:16:26 352159 71373
22:17:24 289645 88949
22:18:24 264134 98065
22:19:23 -1 -1
22:20:24 448893 132147
22:21:25 331175 109257
22:22:25 345416 81557
22:23:25 328165 95119
22:24:28 125085 24819
22:25:26 234902 34165
22:26:26 373151 57278
22:27:26 233319 113114
22:28:26 197150 33674
22:29:27 286063 44614
22:30:27 392809 141350
22:31:27 79161 29144
22:32:29 283194 77081
22:33:28 242445 34356
22:34:28 338812 78256
22:35:28 418055 29711
22:36:31 491856 90491
22:37:29 557758 104967
22:38:29 409047 110191
22:39:30 306194 35612
22:40:30 243200 63400
22:41:30 255007 131700
22:42:30 237306 74526
22:43:30 194222 99139
22:44:31 242284 32709
22:45:31 318852 71118
22:46:34 318769 66692
22:47:34 523011 71768
22:48:32 462052 102922
22:49:32 209515 22848
22:50:32 184686 36555
22:51:32 330594 62673
22:52:33 137995 27653
22:53:33 304410 46414
22:54:33 447347 59602
22:55:39 757231 191697
22:56:34 418604 158974
22:57:34 298349 30579
22:58:34 111889 29512
22:59:35 729629 261713
23:00:35 145979 29224
23:01:35 328631 77270
23:02:35 203653 47000
23:03:36 348888 40434
23:04:36 137812 29557
23:05:36 201054 27896
23:06:36 87463 32001
23:07:37 307641 91607
23:08:37 407932 119002
23:09:37 273534 89440
23:10:37 239363 32391
23:11:38 351160 73487
23:12:38 481740 138597
23:13:38 419733 64377
23:14:38 241232 50579
23:15:39 310049 107670
23:16:39 220181 96808
23:17:40 609181 195322
23:18:40 619376 152828
23:19:40 505731 126737
23:20:41 197035 27508
23:21:40 380250 49735
23:22:41 288886 56764
23:23:41 251080 78400
23:24:41 427794 116470
23:25:41 247254 19535
23:26:41 350301 81399
23:27:42 474639 74725
23:28:42 133560 34564
23:29:41 -1 -1
23:30:42 123106 15627
23:31:43 193078 38862
23:32:43 553774 100942
23:33:43 293453 56116
23:34:44 108443 10548
23:35:44 168674 16431
23:36:44 130134 19743
23:37:44 589361 96550
23:38:45 184891 39600
23:39:46 19713 9507
23:40:46 86961 56185
23:41:45 364086 36415
23:42:49 326901 166940
23:43:46 411042 32901
23:44:47 440626 48624
23:45:47 658422 160359
23:46:48 496047 64365
23:47:48 347878 98491
23:48:49 216057 21606
23:49:49 256516 30711
23:50:50 377813 105622
23:51:51 459151 109918
23:52:52 -1 -1
23:53:54 710612 199808
23:54:53 507191 127486
23:55:53 466133 59130
23:56:54 318428 81759
23:57:55 681358 58478
23:58:56 724952 136507
23:59:55 -1 -1
