00:02:52 3 6924
00:03:24 3 7576
00:03:55 2 4185
00:04:56 2 4185
00:06:02 -1 -1
00:07:17 2 4185
00:08:17 2 4185
02:00:08 -1 -1
02:01:08 1 764
02:02:13 1 764
02:03:09 1 764
02:04:10 1 764
02:05:10 1 764
02:06:11 1 764
02:07:11 1 764
02:08:11 2 3500
02:09:12 1 764
02:10:12 1 764
02:11:13 2 4351
02:12:13 1 764
02:13:14 2 4270
02:14:14 1 764
02:15:14 1 764
02:16:18 1 764
02:17:16 1 764
02:18:16 1 764
02:19:16 1 764
02:20:17 1 764
02:21:17 1 764
02:22:18 1 764
02:23:18 1 764
02:24:18 1 764
02:25:19 1 764
02:26:19 1 764
02:27:20 1 764
02:28:20 2 1287
02:29:20 2 1287
02:30:21 2 1287
02:31:21 2 1287
02:32:22 2 1287
02:33:22 1 523
02:34:23 2 8757
02:35:23 1 523
02:36:23 2 3125
02:37:24 2 3125
02:38:24 2 3125
02:39:24 1 523
02:40:25 1 523
02:41:25 1 523
02:42:26 1 523
02:43:26 1 523
02:44:27 1 523
02:45:27 1 523
02:46:30 1 523
02:47:28 1 523
02:48:28 1 523
02:49:28 1 523
02:50:29 1 523
02:51:29 1 523
02:52:30 1 523
02:53:30 1 523
02:54:31 1 523
02:55:31 1 523
02:56:31 1 523
02:57:30 -1 -1
02:58:32 1 523
02:59:33 1 523
03:00:33 1 523
03:01:33 1 523
03:02:33 1 523
03:03:34 2 3919
03:04:34 2 3919
03:05:35 1 523
03:06:36 2 4032
03:07:36 1 523
03:08:36 1 523
03:09:37 2 3915
03:10:37 1 523
03:11:37 1 523
03:12:38 2 1110
03:13:38 2 1110
03:14:38 2 1110
03:15:39 2 1110
03:16:39 2 1110
03:17:39 2 1110
03:18:42 -1 -1
03:19:40 2 1110
03:20:41 2 1110
03:21:41 2 1110
03:22:41 3 1759
03:23:42 3 1759
03:24:42 3 1759
03:25:43 3 1759
03:26:43 3 1759
03:27:43 3 1759
03:28:43 3 1759
03:29:43 2 1236
03:30:44 2 1236
03:31:46 -1 -1
03:32:44 2 1236
03:33:48 2 1236
03:34:45 2 1236
03:35:45 2 1236
03:36:46 2 1236
03:37:47 2 1236
03:38:47 2 1236
03:39:47 2 1236
03:40:47 2 1236
03:41:49 2 1236
03:42:48 2 1236
03:43:49 2 1236
03:44:49 2 1236
03:45:49 2 1236
03:46:50 2 1236
03:47:50 2 1236
03:48:51 2 1236
03:49:51 -1 -1
03:50:51 2 1236
03:51:52 2 1236
03:52:52 2 1236
03:53:52 2 1236
03:54:53 2 1236
03:55:54 2 1236
03:56:53 3 1817
03:57:54 2 1236
03:58:54 2 1236
03:59:54 2 1236
04:00:55 2 1236
04:01:54 2 1236
04:02:55 2 1236
04:03:55 2 1236
04:04:55 2 1236
04:05:57 2 1236
04:06:56 2 1236
04:07:57 2 1236
04:08:57 2 1236
04:09:58 -1 -1
04:10:58 2 1236
04:11:58 2 1236
04:13:00 3 4745
04:14:04 1 649
04:15:00 1 649
04:16:01 1 649
04:17:00 1 649
04:18:01 1 649
04:19:00 1 649
04:20:01 1 649
04:21:02 1 649
04:22:02 2 8889
04:23:02 0 0
04:24:02 0 0
04:25:02 0 0
04:26:02 0 0
04:27:03 1 3220
04:28:03 0 0
04:29:03 0 0
04:30:04 0 0
04:31:05 0 0
04:32:05 0 0
04:33:05 0 0
04:34:07 0 0
04:35:06 0 0
04:36:07 0 0
04:37:06 0 0
04:38:07 0 0
04:39:07 0 0
04:40:07 0 0
04:41:08 0 0
04:42:08 0 0
04:43:09 0 0
04:44:09 0 0
04:45:09 0 0
04:46:10 0 0
04:47:10 0 0
04:48:11 0 0
04:49:11 1 772
04:50:11 1 8236
04:51:11 2 11626
04:52:12 1 8236
04:53:12 1 8236
04:54:12 1 8236
04:55:13 1 8236
04:56:13 1 8236
04:57:13 1 8236
04:58:14 1 8236
04:59:14 1 8236
05:00:14 1 8236
05:01:15 1 8236
05:02:15 1 8236
05:03:15 2 12660
05:04:16 1 8236
05:05:16 1 8236
05:06:16 1 8236
05:07:17 1 8236
05:08:20 1 8236
05:09:17 1 8236
05:10:18 1 8236
05:11:19 1 8236
05:12:19 1 8236
05:13:19 1 8236
05:14:19 1 8236
05:15:22 1 8236
05:16:20 1 8236
05:17:20 1 8236
05:18:21 1 8236
05:19:21 1 8236
05:20:22 2 16470
05:21:22 1 8236
05:22:22 1 8236
05:23:23 1 8236
05:24:23 1 8236
05:25:23 1 8236
05:26:24 1 8236
05:27:24 1 8236
05:28:24 1 8236
05:29:25 2 11824
05:30:25 1 8236
05:31:26 1 8236
05:32:26 1 8236
05:33:26 1 8236
05:34:26 2 11458
05:35:27 1 8236
05:36:27 1 8236
05:37:27 1 8236
05:38:28 1 8236
05:39:28 -1 -1
05:40:28 1 8236
05:41:29 1 8236
05:42:29 1 8236
05:43:29 1 8236
05:44:30 1 8236
05:45:30 1 8236
05:46:30 1 8236
05:47:31 1 8236
05:48:31 1 8236
05:49:30 -1 -1
05:50:32 1 8236
05:51:32 1 8236
05:52:32 1 8236
05:53:33 1 8236
05:54:33 1 8236
05:55:33 1 6119
05:56:34 1 3388
05:57:34 0 0
05:58:35 0 0
05:59:35 0 0
06:00:35 0 0
06:01:36 0 0
06:02:36 0 0
06:03:36 0 0
06:04:37 0 0
06:05:38 0 0
06:06:38 0 0
06:07:38 0 0
06:08:38 0 0
06:09:39 0 0
06:10:39 0 0
06:11:40 0 0
06:12:40 0 0
06:13:40 0 0
06:14:41 0 0
06:15:41 0 0
06:16:42 0 0
06:17:42 0 0
06:18:42 0 0
06:19:42 0 0
06:20:43 0 0
06:21:46 0 0
06:22:44 -1 -1
06:23:44 1 3590
06:24:44 1 3590
06:25:45 1 2740
06:26:45 0 0
06:27:45 0 0
06:28:46 0 0
06:29:46 1 3390
06:30:46 0 0
06:31:47 0 0
06:32:47 -1 -1
06:33:47 1 1735051
06:34:48 1 1735051
06:35:48 0 0
06:36:48 0 0
06:37:49 2 7828
06:38:49 1 2743
06:39:50 0 0
06:40:50 1 3513
06:41:50 0 0
06:42:49 -1 -1
06:43:51 0 0
06:44:51 0 0
06:45:51 0 0
06:46:52 0 0
06:47:52 0 0
06:48:52 0 0
06:49:53 0 0
06:50:53 0 0
06:51:54 0 0
06:52:54 0 0
06:53:54 0 0
06:54:54 0 0
06:55:55 0 0
06:56:55 0 0
06:57:55 0 0
06:58:56 0 0
06:59:56 0 0
07:00:57 0 0
07:01:57 1 8234
07:02:57 1 6125
07:03:57 2 9634
07:04:58 0 0
07:05:58 0 0
07:06:58 0 0
07:07:59 0 0
07:08:59 0 0
07:09:59 0 0
07:11:00 0 0
07:12:00 0 0
07:13:00 0 0
07:14:01 0 0
07:15:01 0 0
07:16:02 0 0
07:17:02 0 0
07:18:02 0 0
07:19:02 0 0
07:20:03 0 0
07:21:03 0 0
07:22:03 0 0
07:23:04 0 0
07:24:04 0 0
07:25:05 0 0
07:26:05 0 0
07:27:05 0 0
07:28:06 0 0
07:29:06 0 0
07:30:06 0 0
07:31:09 0 0
07:32:07 1 6115
07:33:07 1 2825
07:34:08 0 0
07:35:08 0 0
07:36:10 0 0
07:37:09 -1 -1
07:38:09 0 0
07:39:09 0 0
07:40:10 0 0
07:41:10 2 3319
07:42:10 1 579
07:43:11 1 579
07:44:11 2 4089
07:45:11 2 4090
07:46:12 2 9634
07:47:12 1 3216
07:48:12 0 0
07:49:13 0 0
07:50:13 0 0
07:51:13 0 0
07:52:13 0 0
07:53:14 0 0
07:54:14 0 0
07:55:14 0 0
07:56:15 0 0
07:57:15 0 0
07:58:15 0 0
07:59:16 0 0
08:00:16 0 0
08:01:16 0 0
08:02:17 0 0
08:03:17 0 0
08:04:17 0 0
08:05:19 0 0
08:06:18 0 0
08:07:18 0 0
08:08:18 0 0
08:09:19 1 6123
08:10:19 0 0
08:11:20 0 0
08:12:20 0 0
08:13:20 0 0
08:14:20 0 0
08:15:21 0 0
08:16:21 0 0
08:17:21 0 0
08:18:21 0 0
08:19:22 0 0
08:20:22 0 0
08:21:23 0 0
08:22:23 0 0
08:23:24 0 0
08:24:24 0 0
08:25:25 0 0
08:26:25 0 0
08:27:25 0 0
08:28:25 0 0
08:29:26 1 4431
08:30:26 1 4431
08:31:25 -1 -1
08:32:27 1 4431
08:33:27 1 4431
08:34:27 1 4431
08:35:28 2 8021
08:36:28 1 4431
08:37:28 1 4431
08:38:29 -1 -1
08:39:29 1 4431
08:40:29 1 4431
08:41:30 1 4431
08:42:30 1 4431
08:43:30 1 4431
08:44:31 1 4431
08:45:31 1 4431
08:46:31 1 4431
08:47:32 2 10556
08:48:32 1 4431
08:49:32 1 4431
08:50:33 2 7822
08:51:33 2 7257
08:52:34 1 4431
08:53:34 2 7174
08:54:34 1 4431
08:55:36 1 4431
08:56:36 1 4431
08:57:36 1 4431
08:58:36 1 4431
08:59:37 1 4431
09:00:37 1 4431
09:01:37 1 4431
09:02:38 1 4431
09:03:38 1 4431
09:04:38 1 4431
09:05:38 1 4431
09:06:39 1 4431
09:07:39 1 4431
09:08:39 1 4431
09:09:39 1 4431
09:10:40 1 4431
09:11:40 1 4431
09:12:40 1 4431
09:13:40 1 4431
09:14:41 6 68741
09:15:41 2 17293
09:16:41 1 4431
09:17:42 1 4431
09:18:42 2 9397
09:19:42 1 4431
09:20:43 1 4431
09:21:43 1 4431
09:22:44 1 4431
09:23:43 1 4431
09:24:44 1 4431
09:25:43 -1 -1
09:26:45 1 4431
09:27:45 4 1511037
09:28:45 1 4431
09:29:45 2 3153710
09:30:46 2 3153710
09:31:46 1 4431
09:32:46 1 4431
09:33:46 1 4431
09:34:50 0 0
09:35:46 -1 -1
09:36:47 0 0
09:37:47 0 0
09:38:47 -1 -1
09:39:49 0 0
09:40:49 0 0
09:41:48 -1 -1
09:42:49 8 6140608
09:43:50 4 3070304
09:44:50 4 5574302
09:45:50 0 0
09:46:51 0 0
09:47:51 2 4339942
09:48:51 2 10241
09:49:51 0 0
09:50:51 0 0
09:51:51 1 3392
09:52:52 0 0
09:53:52 1 813
09:54:52 0 0
09:55:52 2 1948486
09:56:53 0 0
09:57:54 0 0
09:58:54 0 0
09:59:53 2 5613
10:00:54 2 5613
10:01:54 2 5613
10:02:54 3 10580
10:03:54 1 646
10:04:55 1 646
10:05:55 1 646
10:06:55 1 646
10:07:55 1 646
10:08:56 1 646
10:09:56 1 646
10:10:56 1 646
10:11:59 1 646
10:12:57 1 646
10:13:57 1 646
10:14:57 1 646
10:15:58 1 646
10:16:58 1 646
10:17:58 1 646
10:18:58 1 646
10:19:59 1 646
10:21:03 3 13454316
10:22:00 6 16644705
10:23:04 2 6727481
10:24:02 2 6727481
10:25:02 1 646
10:26:03 1 646
10:27:03 2 4163
10:28:04 2 3867
10:29:04 2 3388
10:30:04 1 646
10:31:05 1 646
10:32:05 1 646
10:33:05 1 646
10:34:05 1 646
10:35:06 1 646
10:36:06 1 646
10:37:06 1 646
10:38:07 1 646
10:39:09 1 646
10:40:08 1 646
10:41:08 1 646
10:42:09 1 646
10:43:09 1 646
10:44:10 1 646
10:45:10 1 646
10:46:10 1 646
10:47:11 1 646
10:48:11 1 646
10:49:11 1 646
10:50:12 1 646
10:51:12 1 646
10:52:13 1 646
10:53:13 1 646
10:54:13 1 646
10:55:14 1 646
10:56:14 1 646
10:57:15 1 646
10:58:18 2 4038
10:59:16 1 646
11:00:16 1 646
11:01:17 0 0
11:02:17 0 0
11:03:17 1 756
11:04:18 2 4268
11:05:18 1 762
11:06:19 0 0
11:07:19 0 0
11:08:20 0 0
11:09:20 0 0
11:10:20 1 3386
11:11:20 0 0
11:12:21 0 0
11:13:21 1 6124
11:14:22 0 0
11:15:22 1 3510
11:16:23 0 0
11:17:23 0 0
11:18:23 0 0
11:19:24 0 0
11:20:24 0 0
11:21:24 0 0
11:22:26 1 908753
11:23:25 1 908753
11:24:25 2 1817520
11:25:26 0 0
11:26:26 0 0
11:27:26 0 0
11:28:26 0 0
11:29:26 0 0
11:30:27 2 1817526
11:31:27 2 1817538
11:32:30 1 908769
11:33:28 11 15584795
11:34:29 6 4705963
11:35:29 4 3635066
11:36:30 3 1822101
11:37:31 5 3639785
11:38:32 4 1830387
11:39:32 11 4662130
11:40:32 5 2734089
11:41:32 1 4567
11:42:33 1 4567
11:43:33 1 4567
11:44:33 1 4567
11:45:33 1 4567
11:46:34 1 4567
11:47:34 1 4567
11:48:35 1 4567
11:49:35 1 4567
11:50:34 -1 -1
11:51:36 2 86926
11:52:36 1 4567
11:53:36 1 4567
11:54:36 2 9114
11:55:36 2 9114
11:56:37 2 9114
11:57:37 2 9114
11:58:37 2 9114
11:59:38 2 9114
12:00:38 2 9114
12:01:38 3 9711
12:02:39 3 9711
12:03:39 3 9711
12:04:39 4 10450
12:05:40 4 10442
12:06:40 3 9711
12:07:40 3 9711
12:08:41 3 9711
12:09:42 3 9711
12:10:42 3 9711
12:11:42 3 9711
12:12:42 3 9711
12:13:43 3 9711
12:14:43 4 14677
12:15:42 -1 -1
12:16:45 3 9711
12:17:45 3 9711
12:18:46 3 9711
12:19:46 7 4924851
12:20:46 3 9711
12:21:46 3 9711
12:22:47 3 9711
12:23:47 3 9711
12:24:47 3 9711
12:25:47 3 9711
12:26:48 3 9711
12:27:48 3 9711
12:28:48 3 9711
12:29:49 3 9711
12:30:49 3 9711
12:31:49 3 9711
12:32:49 3 9711
12:33:50 3 9711
12:34:50 3 9711
12:35:50 3 9711
12:36:50 3 9711
12:37:51 2 5144
12:38:51 2 5144
12:39:51 2 5144
12:40:51 2 5144
12:41:52 2 5144
12:42:52 2 5144
12:43:52 2 5144
12:44:52 2 5144
12:45:52 2 5144
12:46:52 2 5144
12:47:53 2 5144
12:48:53 2 5144
12:49:53 2 5144
12:50:53 2 5144
12:51:54 4 10754
12:52:54 3 5786
12:53:54 4 8390
12:54:54 2 1239
12:55:55 2 1239
12:56:55 2 1239
12:57:55 2 1239
12:58:55 2 1239
12:59:56 2 1239
13:00:56 2 1239
13:01:56 2 1239
13:02:56 1 642
13:03:57 1 642
13:04:57 2 1276
13:05:57 1 642
13:06:57 2 1277
13:07:58 1 642
13:08:58 1 642
13:10:01 1 642
13:10:58 1 642
13:11:58 1 642
13:12:58 1 642
13:13:59 1 642
13:15:02 1 642
13:15:59 1 642
13:16:59 1 642
13:17:59 1 642
13:19:00 1 642
13:20:00 1 642
13:21:00 1 642
13:22:01 1 642
13:23:01 2 3244
13:24:01 2 3481
13:25:01 1 642
13:26:02 1 642
13:27:02 2 6765
13:28:02 1 642
13:29:02 1 642
13:30:03 1 642
13:31:04 1 642
13:32:03 1 642
13:33:04 1 642
13:34:04 1 642
13:35:04 1 642
13:36:05 1 642
13:37:05 1 642
13:38:05 2 4041
13:39:05 1 642
13:40:06 1 642
13:41:06 1 642
13:42:06 1 642
13:43:07 1 642
13:44:07 1 642
13:45:08 1 642
13:46:08 1 642
13:47:09 1 642
13:48:10 1 642
13:49:10 1 642
13:50:10 1 642
13:51:11 1 642
13:52:12 0 0
13:53:12 0 0
13:54:12 0 0
13:55:13 0 0
13:56:12 0 0
13:57:13 0 0
13:58:13 0 0
13:59:13 0 0
14:00:13 0 0
14:01:13 0 0
14:02:14 1 2742
14:03:14 1 3221
14:04:14 0 0
14:05:14 0 0
14:06:15 0 0
14:07:15 0 0
14:08:16 0 0
14:09:16 0 0
14:10:16 0 0
14:11:17 0 0
14:12:18 0 0
14:13:18 0 0
14:14:19 0 0
14:15:19 0 0
14:16:19 0 0
14:17:20 0 0
14:18:20 0 0
14:19:20 0 0
14:20:20 0 0
14:21:20 -1 -1
14:22:21 -1 -1
14:23:21 0 0
14:24:22 0 0
14:25:24 0 0
14:26:23 0 0
14:27:23 0 0
14:28:23 0 0
14:29:23 0 0
14:30:24 1 3217
14:31:24 0 0
14:32:25 0 0
14:33:25 0 0
14:34:25 0 0
14:35:26 0 0
14:36:26 0 0
14:37:27 2 95338
14:38:27 0 0
14:39:27 0 0
14:40:28 2 63956
14:41:28 0 0
14:42:29 1 2742
14:43:29 1 2742
14:44:30 0 0
14:45:31 1 3222
14:46:32 0 0
14:47:32 1 8239
14:48:32 0 0
14:49:32 0 0
14:50:33 0 0
14:51:33 0 0
14:52:34 0 0
14:53:34 0 0
14:54:34 0 0
14:55:34 0 0
14:56:35 0 0
14:57:35 0 0
14:58:36 0 0
14:59:35 0 0
15:00:36 0 0
15:01:36 0 0
15:02:36 0 0
15:03:36 0 0
15:04:37 0 0
15:05:37 0 0
15:06:37 0 0
15:07:37 0 0
15:08:37 0 0
15:09:37 1 3512
15:10:37 1 2740
15:11:38 1 3221
15:12:39 0 0
15:13:39 0 0
15:14:40 0 0
15:15:40 1 908769
15:16:40 1 908769
15:17:41 1 908769
15:18:41 2 909413
15:19:41 2 909413
15:20:41 2 909413
15:21:42 2 909413
15:22:42 2 909413
15:23:41 -1 -1
15:24:42 2 909413
15:25:42 2 909413
15:26:42 2 909413
15:27:43 2 909413
15:28:43 2 909413
15:29:43 2 909413
15:30:44 4 2726719
15:31:44 2 909413
15:32:45 2 909413
15:33:44 2 909413
15:34:45 2 909413
15:35:45 2 909413
15:36:45 2 909413
15:37:45 2 909413
15:38:47 2 909413
15:39:46 7 1234182
15:40:46 2 909413
15:41:46 3 1979318
15:42:45 -1 -1
15:43:47 2 909413
15:44:48 4 2726949
15:45:47 3 1818181
15:46:48 2 909413
15:47:48 3 910009
15:48:48 3 910009
15:49:48 3 910009
15:50:48 3 910009
15:51:49 3 910009
15:52:49 3 910009
15:53:49 3 910009
15:54:50 3 910009
15:55:50 4 914982
15:56:51 3 910009
15:57:50 3 910009
15:58:51 3 910009
15:59:51 3 910009
16:00:51 3 910009
16:01:51 3 910009
16:02:51 3 910009
16:03:51 3 910009
16:04:52 3 910009
16:05:52 3 910009
16:06:52 3 910009
16:07:52 3 910009
16:08:53 3 910009
16:09:53 3 910009
16:10:53 3 910009
16:11:57 3 910009
16:12:54 3 910009
16:13:54 4 915366
16:14:54 2 1240
16:15:54 2 1240
16:16:55 2 1240
16:17:55 2 1240
16:18:55 2 1240
16:19:55 3 3838
16:20:55 2 1240
16:21:56 1 596
16:22:56 3 409393
16:23:56 1 596
16:24:56 1 596
16:25:57 1 596
16:26:57 1 596
16:27:57 1 596
16:28:57 1 596
16:29:57 1 596
16:30:58 1 596
16:31:58 1 596
16:33:00 1 596
16:33:59 1 596
16:34:59 1 596
16:35:59 1 596
16:37:03 1 596
16:38:01 1 596
16:39:01 1 596
16:40:01 1 596
16:41:01 13 2475380
16:42:01 1 596
16:43:02 1 596
16:44:02 1 596
16:45:02 1 596
16:46:02 1 596
16:47:02 4 7232
16:48:02 1 596
16:49:02 0 0
16:50:03 0 0
16:51:03 0 0
16:52:03 6 4796424
16:53:03 6 4000410
16:54:04 3 2398212
16:55:04 1 799404
16:56:05 1 799404
16:57:05 0 0
16:58:05 0 0
16:59:05 0 0
17:00:08 1 2823
17:01:06 2 119997
17:02:04 -1 -1
17:03:06 2 2887463
17:04:07 2 2887463
17:05:07 2 2887463
17:06:07 2 2887463
17:07:08 2 2887463
17:08:08 2 2887463
17:09:08 3 2893587
17:10:08 2 2887463
17:11:10 2 2887463
17:12:09 2 2887463
17:13:09 2 2887463
17:14:11 -1 -1
17:15:09 3 2888111
17:16:11 3 2888109
17:17:10 3 2888110
17:18:10 3 2888110
17:19:10 3 2888110
17:20:11 2 2887463
17:21:11 3 2888055
17:22:11 3 2888055
17:23:11 3 2888055
17:24:12 3 2888055
17:25:12 3 2888055
17:26:13 2 3415
17:27:13 2 3415
17:28:16 3 2593168
17:29:13 3 2593168
17:30:14 -1 -1
17:31:15 3 2593168
17:32:15 2 3415
17:33:15 2 3415
17:34:15 2 3415
17:35:15 3 8383
17:36:16 3 8381
17:37:16 2 3415
17:38:17 2 3415
17:39:17 2 3415
17:40:17 2 3415
17:41:18 2 3415
17:42:18 2 3415
17:43:20 2 3415
17:44:20 2 3415
17:45:19 2 3415
17:46:20 2 3415
17:47:21 2 3415
17:48:25 2 3415
17:49:22 2 3415
17:50:22 2 3415
17:51:22 2 3415
17:52:23 2 3415
17:53:21 2 3415
17:54:21 2 3415
17:55:21 2 3415
17:56:22 2 3415
17:57:22 2 3415
17:58:22 2 3415
17:59:23 2 3415
18:00:23 2 3415
18:01:23 1 592
18:02:23 1 592
18:03:23 1 592
18:04:23 1 592
18:05:24 2 4106
18:06:24 1 592
18:07:25 -1 -1
18:08:25 1 592
18:09:25 1 592
18:10:27 1 592
18:11:26 1 592
18:12:26 -1 -1
18:13:26 1 592
18:14:26 1 592
18:15:25 -1 -1
18:16:27 1 592
18:17:28 2 4098
18:18:27 1 592
18:19:28 1 592
18:20:29 1 592
18:21:29 0 0
18:22:30 1 4967
18:23:29 -1 -1
18:24:29 0 0
18:25:30 0 0
18:26:29 0 0
18:27:31 0 0
18:28:30 0 0
18:29:32 0 0
18:30:31 0 0
18:31:32 1 4425
18:32:31 1 4425
18:33:33 1 4425
18:34:34 1 4425
18:35:33 1 4425
18:36:34 1 4425
18:37:34 1 4425
18:38:34 1 4425
18:39:35 1 4425
18:40:34 1 4425
18:41:35 2 9389
18:42:35 2 10548
18:43:35 1 4425
18:44:35 -1 -1
18:45:35 2 5168
18:46:38 2 5168
18:47:36 2 5168
18:48:36 2 5168
18:49:38 2 5168
18:50:36 2 5168
18:51:38 2 5168
18:52:37 2 5168
18:53:37 2 5168
18:54:37 2 5168
18:55:39 2 5168
18:56:40 2 5168
18:57:39 2 5168
18:58:39 2 5168
18:59:39 2 5168
19:00:39 2 5168
19:01:39 2 5168
19:02:40 2 5168
19:03:40 2 5168
19:04:40 2 5168
19:05:42 2 5168
19:06:43 4 4002532
19:07:41 3 5762
19:08:41 3 5762
19:09:41 3 5762
19:10:41 3 5762
19:11:43 -1 -1
19:12:42 4 10191
19:13:42 4 10191
19:14:42 4 10191
19:15:45 4 10191
19:16:43 4 10191
19:17:43 5 14616
19:18:41 -1 -1
19:19:43 4 10191
19:20:43 4 10191
19:21:44 4 10191
19:22:44 4 10191
19:23:44 4 10191
19:24:45 4 10191
19:25:45 4 10191
19:26:45 4 10191
19:27:45 -1 -1
19:28:45 4 10191
19:29:48 4 10191
19:30:46 5 4044181
19:31:46 4 10191
19:32:47 3 5766
19:33:48 3 5766
19:34:48 3 5766
19:35:48 3 5766
19:36:48 3 5766
19:37:49 3 5766
19:38:49 3 5766
19:39:50 3 5766
19:40:50 3 5766
19:41:50 3 5766
19:42:49 3 5766
19:43:50 3 5766
19:44:50 3 5766
19:45:50 3 5766
19:46:51 2 5023
19:47:50 2 5023
19:48:51 2 5023
19:49:51 2 5023
19:50:51 2 5023
19:51:51 2 5023
19:52:51 2 5023
19:53:52 2 5023
19:54:52 2 5023
19:55:52 2 5023
19:56:54 2 5023
19:57:54 2 5023
19:58:55 2 5023
19:59:53 2 5023
20:00:53 2 5023
20:01:53 2 5023
20:02:54 2 5023
20:03:54 2 5023
20:04:54 2 5023
20:05:54 2 5023
20:06:55 2 5023
20:07:55 1 4429
20:08:55 1 4429
20:09:55 1 4429
20:10:55 1 4429
20:11:57 1 4429
20:12:56 1 4429
20:13:56 1 4429
20:14:59 1 4429
20:15:56 1 4429
20:16:56 1 4429
20:17:57 0 0
20:18:57 0 0
20:19:56 -1 -1
20:20:58 0 0
20:21:58 0 0
20:22:58 0 0
20:23:58 0 0
20:24:58 0 0
20:25:59 0 0
20:26:59 0 0
20:27:59 0 0
20:28:59 0 0
20:29:59 0 0
20:31:00 0 0
20:32:00 0 0
20:33:00 0 0
20:34:01 1 4462
20:35:00 1 4462
20:36:01 1 4462
20:37:01 1 4462
20:38:01 1 4462
20:39:02 1 4462
20:40:02 1 4462
20:41:02 1 4462
20:42:02 1 4462
20:43:02 1 4462
20:44:02 1 4462
20:45:06 1 4462
20:46:03 1 4462
20:47:03 1 4462
20:48:03 1 4462
20:49:03 1 4462
20:50:04 1 4462
20:51:04 1 4462
20:52:04 1 4462
20:53:05 1 4462
20:54:05 1 4462
20:55:05 2 5071
20:56:05 2 5071
20:57:05 2 5071
20:58:05 2 5071
20:59:05 2 5071
21:00:06 2 5071
21:01:06 2 5071
21:02:08 2 5071
21:03:07 2 5071
21:04:07 -1 -1
21:05:07 2 5071
21:06:07 2 5071
21:07:09 2 5071
21:08:11 2 5071
21:09:11 2 5071
21:10:08 2 5071
21:11:08 2 5071
21:12:08 2 5071
21:13:09 2 5071
21:14:09 2 5071
21:15:09 2 5071
21:16:10 2 5071
21:17:13 2 5071
21:18:10 2 5071
21:19:13 2 5071
21:20:13 2 5071
21:21:11 2 5071
21:22:11 2 5071
21:23:11 2 5071
21:24:12 2 5071
21:25:11 2 5071
21:26:12 2 5071
21:27:12 2 5071
21:28:14 2 5071
21:29:12 2 5071
21:30:12 2 5071
21:31:16 2 5071
21:32:13 2 5071
21:33:13 2 5071
21:34:13 1 609
21:35:17 1 609
21:36:14 1 609
21:37:15 1 609
21:38:15 1 609
21:39:15 1 609
21:40:15 1 609
21:41:15 1 609
21:42:16 1 609
21:43:15 1 609
21:44:16 2 1242
21:45:16 2 1242
21:46:17 2 1242
21:47:17 2 1242
21:48:17 2 1242
21:49:17 2 1242
21:50:17 2 1242
21:51:18 2 1242
21:52:20 2 1242
21:53:18 2 1242
21:54:18 2 1242
21:55:19 1 633
21:56:18 1 633
21:57:19 1 633
21:58:19 1 633
21:59:18 -1 -1
22:00:20 1 633
22:01:23 1 633
22:02:20 1 633
22:03:23 1 633
22:04:20 1 633
22:05:21 1 633
22:06:23 1 633
22:07:21 1 633
22:08:21 1 633
22:09:22 1 633
22:10:22 1 633
22:11:23 1 633
22:12:22 1 633
22:13:23 1 633
22:14:26 1 633
22:15:24 1 633
22:16:26 1 633
22:17:24 1 633
22:18:24 1 633
22:19:23 -1 -1
22:20:24 1 633
22:21:25 1 633
22:22:25 1 633
22:23:25 1 633
22:24:28 1 633
22:25:26 1 633
22:26:26 1 633
22:27:26 1 633
22:28:26 1 633
22:29:27 1 633
22:30:27 1 633
22:31:27 1 633
22:32:29 1 633
22:33:28 1 633
22:34:28 1 633
22:35:28 1 633
22:36:31 1 633
22:37:29 1 633
22:38:29 1 633
22:39:30 2 1214
22:40:30 2 1214
22:41:30 2 1215
22:42:30 2 1214
22:43:30 2 1214
22:44:31 1 633
22:45:31 0 0
22:46:34 0 0
22:47:34 0 0
22:48:32 0 0
22:49:32 0 0
22:50:32 0 0
22:51:32 0 0
22:52:33 0 0
22:53:33 0 0
22:54:33 0 0
22:55:39 0 0
22:56:34 0 0
22:57:34 0 0
22:58:34 0 0
22:59:35 0 0
23:00:35 0 0
23:01:35 0 0
23:02:35 0 0
23:03:36 0 0
23:04:36 0 0
23:05:36 0 0
23:06:36 1 757
23:07:37 1 755
23:08:37 1 755
23:09:37 0 0
23:10:37 0 0
23:11:38 0 0
23:12:38 0 0
23:13:38 0 0
23:14:38 0 0
23:15:39 0 0
23:16:39 0 0
23:17:40 0 0
23:18:40 0 0
23:19:40 0 0
23:20:41 1 630
23:21:40 1 630
23:22:41 1 630
23:23:41 1 630
23:24:41 1 630
23:25:41 1 630
23:26:41 1 630
23:27:42 1 630
23:28:42 1 630
23:29:41 -1 -1
23:30:42 1 630
23:31:43 1 630
23:32:43 1 630
23:33:43 1 630
23:34:44 1 630
23:35:44 1 630
23:36:44 1 630
23:37:44 1 630
23:38:45 1 630
23:39:46 1 630
23:40:46 1 630
23:41:45 1 630
23:42:49 1 630
23:43:46 1 630
23:44:47 1 630
23:45:47 1 630
23:46:48 1 630
23:47:48 1 630
23:48:49 1 630
23:49:49 1 630
23:50:50 1 630
23:51:51 1 630
23:52:52 -1 -1
23:53:54 1 630
23:54:53 1 630
23:55:53 1 630
23:56:54 1 630
23:57:55 1 630
23:58:56 1 630
23:59:55 -1 -1
