00:01:38 29853 3582
00:02:48 27004 1506
00:03:25 52550 2356
00:04:26 43569 2503
00:05:26 499 795
00:06:29 29286 4610
00:07:30 45228 3545
02:00:10 366 974
02:01:08 26150 1379
02:02:08 49563 2622
02:03:08 1074 781
02:04:09 628 510
02:05:09 32501 1706
02:06:10 138831 4780
02:07:10 3391 1501
02:08:11 1390 1344
02:09:11 68550 7599
02:10:12 66075 4244
02:11:12 618 362
02:12:12 85002 2806
02:13:12 592 782
02:14:13 81636 17970
02:15:36 -1 -1
02:16:14 41393 18468
02:17:14 8327 10808
02:18:15 43840 15882
02:19:15 34557 7250
02:20:16 17967 1139
02:21:16 30294 2122
02:22:17 2205 1583
02:23:17 628 830
02:24:17 620 432
02:25:18 57485 3845
02:26:18 298 362
02:27:19 1234 2033
02:28:19 -1 -1
02:29:20 26603 1992
02:30:20 298 362
02:31:20 618 426
02:32:21 46094 712
02:33:21 70637 3704
02:34:24 9386 789
02:35:25 9413 628
02:36:22 1802 924
02:37:23 51614 2662
02:38:23 15485 2022
02:39:24 3662 1116
02:40:24 52135 3764
02:41:24 554 816
02:42:25 57046 4196
02:43:25 30103 2298
02:44:25 129369 5774
02:45:26 554 1063
02:46:26 9726 789
02:47:27 -1 -1
02:48:27 1187 218
02:49:27 476 674
02:50:31 34065 1758
02:51:28 40211 3092
02:52:29 10234 1330
02:53:29 810 1078
02:54:30 1602 1092
02:55:30 11667 1530
02:56:30 21474 2571
02:57:31 1312 1418
02:58:31 1120 808
02:59:34 1168 1724
03:00:32 31154 2146
03:01:32 1592 1514
03:02:33 894 829
03:03:36 98523 10614
03:04:33 2775 2534
03:05:34 22802 2190
03:06:35 159453 6450
03:07:36 1580 3044
03:08:36 2214 1604
03:09:37 1736 1342
03:10:37 1890 2097
03:11:38 1912 1835
03:12:36 -1 -1
03:13:38 27450 14145
03:14:38 1718 1332
03:15:39 71918 4148
03:16:39 1326 1244
03:17:39 1637 1336
03:18:40 42551 3180
03:19:40 10152 2801
03:20:41 3495 4174
03:21:41 9531 6300
03:22:41 29179 4098
03:23:42 1732 1384
03:24:42 1790 2288
03:25:42 1659 1244
03:26:42 201967 6777
03:27:43 99878 4281
03:28:43 85697 6085
03:29:44 23104 3284
03:30:44 778 776
03:31:44 4226 1830
03:32:45 366634 8506
03:33:45 51677 3235
03:34:45 47861 2812
03:35:46 51450 1859
03:36:46 852 800
03:37:46 935 716
03:38:46 1052 781
03:39:47 867 568
03:40:47 20427 2092
03:41:48 3008 21194
03:42:48 1143 1111
03:43:49 24390 1648
03:44:49 25149 2471
03:45:49 101071 5659
03:46:49 127090 7944
03:47:50 179370 18106
03:48:50 11454 13810
03:49:50 7386 5989
03:50:51 560 624
03:51:51 1954 2482
03:52:51 13778 18308
03:53:52 22286 2346
03:54:52 3654 1005
03:55:53 1620 579
03:56:53 2989 2508
03:57:53 298 362
03:58:53 89878 3592
03:59:54 298 298
04:00:54 624 732
04:01:55 16054 1560
04:02:55 11082 1479
04:03:55 9792 993
04:04:55 554 298
04:05:56 39132 5134
04:06:56 10175 2358
04:07:57 10750 1068
04:08:57 53706 4139
04:09:57 18750 1186
04:10:58 434 642
04:11:58 9265 1542
04:12:59 20893 2004
04:13:59 7813 1513
04:14:59 698 1226
04:15:59 35698 3392
04:17:00 57853 2126
04:18:00 59737 33155
04:19:00 29136 2284
04:20:01 4257715 70925
04:21:01 75641 4330
04:22:01 90677 13360
04:23:02 75829 4698
04:24:02 170193 6398
04:25:03 581405 34363
04:26:03 143493 4610
04:27:03 111487 4190
04:28:03 22084 1815
04:29:03 50332 3242
04:30:04 251898 3682
04:31:04 12029 3120
04:32:05 275523 16341
04:33:05 10422 1481
04:34:05 554 490
04:35:06 94174 3859
04:36:06 53150 3073
04:37:06 16673 1648
04:38:07 11895 3952
04:39:07 476 284
04:40:07 71377 4103
04:41:08 103175 9679
04:42:08 22544 2141
04:43:09 350 833
04:44:09 476 284
04:45:09 18189 1263
04:46:10 476 348
04:47:10 220 284
04:48:10 39408 2549
04:49:11 476 220
04:50:11 604 412
04:51:11 16404 1999
04:52:12 12110 1479
04:53:12 220 284
04:54:12 155130 5046
04:55:13 550 432
04:56:13 16222 1359
04:57:13 40668 1894
04:58:14 2139 1306
04:59:14 45278 2635
05:00:14 618 426
05:01:15 3320 676
05:02:15 99945 8426
05:03:15 1940 646
05:04:16 220 348
05:05:16 476 348
05:06:17 290 698
05:07:17 13044 1449
05:08:17 679 3848
05:09:17 220 284
05:10:18 18367 1786
05:11:18 21991 5025
05:12:19 18434 1902
05:13:19 550 362
05:14:19 21472 476
05:15:19 51848 2605
05:16:20 70957 13721
05:17:20 8864 12551
05:18:21 13495 4246
05:19:21 12304 17260
05:20:21 79675 14084
05:21:22 35673 5458
05:22:22 48652 1881
05:23:22 298 1322
05:24:23 31086 1792
05:25:23 27348 529
05:26:24 11028 2666
05:27:24 29911 1385
05:28:24 476 924
05:29:25 10818 2124
05:30:25 620 965
05:31:25 220 284
05:32:26 284 421
05:33:26 7183 1304
05:34:26 14953 1431
05:35:27 35541 23866
05:36:27 26522 22189
05:37:27 620 1086
05:38:28 14702 2862
05:39:28 476 284
05:40:28 55415 1946
05:41:29 4482 4922
05:42:29 3970 4607
05:43:29 3648 1194
05:44:30 4803 1153
05:45:30 220 284
05:46:30 476 284
05:47:31 220 284
05:48:31 41359 2794
05:49:31 220 284
05:50:32 7740 2408
05:51:32 291 354
05:52:32 476 284
05:53:33 624 1424
05:54:33 166666 3846
05:55:33 554 752
05:56:34 19710 1858
05:57:34 38907 2787
05:58:34 294 432
05:59:35 62860 6007
06:00:35 62718 4566
06:01:36 2191 4344
06:02:36 49417 6267
06:03:37 35848 3325
06:04:37 45571 2159
06:05:37 63227 3302
06:06:38 22349 4449
06:07:38 31529 4035
06:08:39 26504 4253
06:09:39 60190 5116
06:10:39 59162 5046
06:11:40 35402 4589
06:12:40 834 2467
06:13:40 79023 4551
06:14:41 3656 769
06:15:41 1513 873
06:16:41 852 740
06:17:42 13117 2546
06:18:42 3512 635
06:19:42 1347 892
06:20:43 418 1378
06:21:43 9584 1417
06:22:43 9714 860
06:23:44 220 348
06:24:44 628 1028
06:25:45 24912 1412
06:26:45 69552 1666
06:27:45 290 549
06:28:46 546 354
06:29:46 17007 1747
06:30:46 75557 2898
06:31:47 18843 1806
06:32:47 49183 9994
06:33:47 60918 1918
06:34:48 668 284
06:35:48 554 758
06:36:48 220 284
06:37:49 618 816
06:38:49 5862 2071
06:39:49 22069 1326
06:40:50 17226 1628
06:41:50 476 220
06:42:50 15435 4446
06:43:51 9398 761
06:44:51 42472 2322
06:45:51 476 284
06:46:52 220 284
06:47:52 5089 1305
06:48:52 220 284
06:49:53 58644 7962
06:50:53 45925 4972
06:51:53 422 362
06:52:54 11672 15364
06:53:54 11086 14899
06:54:54 2276 2832
06:55:55 2648 3528
06:56:55 3978 4962
06:57:55 22732 30856
06:58:56 25091 1544
06:59:56 28192 1641
07:00:56 284 348
07:01:57 6570 1683
07:02:57 220 220
07:03:57 290 656
07:04:58 4222 1382
07:05:58 14667 1783
07:06:58 284 604
07:07:59 386997 15494
07:08:59 554 816
07:09:59 220 412
07:11:00 554 816
07:12:00 9806 1551
07:13:00 688 668
07:14:01 3582 625
07:15:01 2747 1942
07:16:01 743 570
07:17:02 43168 2637
07:18:02 290 424
07:19:02 15273 1325
07:20:03 540 366
07:21:03 59549 1690
07:22:03 5141 1770
07:23:04 540 284
07:24:04 1278 929
07:25:05 6588 1104
07:26:05 10978 1432
07:27:05 16773 2632
07:28:05 472 969
07:29:06 286 811
07:30:06 21686 1363
07:31:07 390 524
07:32:07 142 142
07:33:07 142742 5311
07:34:08 17328 740
07:35:08 44233 1744
07:36:08 46068 1636
07:37:09 309267 8694
07:38:09 254185 5379
07:39:09 216680 4839
07:40:10 227988 6728
07:41:10 244638 3715
07:42:10 175464 3206
07:43:11 37915 2642
07:44:11 45143 2364
07:45:11 272 739
07:46:11 83915 4921
07:47:12 520 524
07:48:12 11118 2253
07:49:12 278735 7299
07:50:13 301654 9318
07:51:13 134 822
07:52:13 774 826
07:53:14 3714 966
07:54:14 2163 2109
07:55:14 118401 3678
07:56:15 64 128
07:57:15 460 346
07:58:15 128 192
07:59:16 87272 3873
08:00:16 11926 1660
08:01:16 1720 629
08:02:17 17712 1139
08:03:17 16067 1859
08:04:17 320 653
08:05:17 16215 1512
08:06:18 31060 5168
08:07:21 128 256
08:08:18 460 548
08:09:19 163473 3560
08:10:19 970 1902
08:11:19 2754 4804
08:12:20 128 256
08:13:20 4051 1728
08:14:20 320 128
08:15:21 1858 707
08:16:21 836 974
08:17:21 1164 1227
08:18:21 41091 11256
08:19:22 860 1451
08:20:22 17026 4613
08:21:23 3525 4590
08:22:23 36910 29037
08:23:24 48936 7482
08:24:24 453 1379
08:25:25 20674 4286
08:26:25 21982 1137
08:27:25 384 320
08:28:26 384 256
08:29:26 3646 1998
08:30:26 30293 2137
08:31:26 252316 8423
08:32:27 14482 898
08:33:27 731376 30033
08:34:27 450 258
08:35:27 19100 2214
08:36:28 128 256
08:37:28 4563 2660
08:38:29 1141 1628
08:39:29 7784 2435
08:40:29 107282 7529
08:41:30 1078 1468
08:42:30 1908 4127
08:43:30 27169 1950
08:44:31 91324 6962
08:45:31 18831 4133
08:46:31 10678 2216
08:47:32 27613 3009
08:48:32 1300 2055
08:49:32 7254 1873
08:50:33 1359 2604
08:51:33 8990 2491
08:52:34 6084 6998
08:53:34 6020 2712
08:54:34 50875 3025
08:55:35 48940 3004
08:56:36 320 128
08:57:36 13841 2461
08:58:36 1274 1904
08:59:37 2992 2098
09:00:37 52479 3987
09:01:37 26262 3280
09:02:38 784 980
09:03:38 2566 2327
09:04:38 71985 5936
09:05:38 81126 3064
09:06:39 17288 1192
09:07:39 109357 4919
09:08:39 810 1198
09:09:40 488 738
09:10:40 1344 616
09:11:40 1104 1304
09:12:40 1748 1928
09:13:40 66992 1848
09:14:41 21898 32298
09:15:41 936 612
09:16:41 1494 2276
09:17:41 8529 1024
09:18:42 25169 1519
09:19:42 320 256
09:20:43 71366 3281
09:21:43 3382 2038
09:22:44 344706 12404
09:23:44 186295 6547
09:24:44 175829 5348
09:25:44 265970 6022
09:26:47 9969 412
09:27:45 64 128
09:28:45 8065 1149
09:29:45 6220 8106
09:30:45 5878 8330
09:31:46 58770 2566
09:32:46 418 653
09:33:46 24460 960
09:34:47 46701 2324
09:35:47 11995 1371
09:36:47 320 128
09:37:47 2031 2998
09:38:48 64 128
09:39:49 390 192
09:40:49 17280 968
09:41:49 320 128
09:42:50 128 128
09:43:50 9768 827
09:44:50 27954 960
09:45:50 278 1607
09:46:51 1096 1338
09:47:51 53126 2441
09:48:51 11560 576
09:49:54 80706 4017
09:50:51 367180 18276
09:51:52 650 1236
09:52:52 31290 16050
09:53:52 12082 17458
09:54:52 6210 8052
09:55:52 25492 4207
09:56:53 192 128
09:57:53 3708 5056
09:58:53 4133 1307
09:59:53 94212 4836
10:00:54 26169 2774
10:01:54 61936 3548
10:02:54 36400 3766
10:03:55 127984 4906
10:04:55 40434 3783
10:05:55 60808 5365
10:06:55 79348 5344
10:07:55 53632 7153
10:08:56 77283 24996
10:09:56 19926 1646
10:10:56 454 326
10:11:57 52796 6893
10:12:57 25756 5176
10:13:57 5010 432
10:14:57 7335 1119
10:15:57 386 584
10:16:58 51005 4427
10:17:58 7600 1299
10:18:58 269486 5097
10:20:02 384 128
10:21:00 15817 1108
10:22:00 355296 8872
10:23:01 14004 892
10:24:02 52409 2344
10:25:02 198 256
10:26:03 13278 1943
10:27:03 4135 2666
10:28:04 101387 4602
10:29:04 4615 1268
10:30:04 5063 1282
10:31:05 1445 956
10:32:05 41857 2938
10:33:05 262 448
10:34:05 23211 1474
10:35:06 65137 3990
10:36:06 59579 2158
10:37:06 5108 856
10:38:07 12471 960
10:39:08 255260 9647
10:40:08 19868 846
10:41:09 21106 954
10:42:09 390 204
10:43:09 9700 855
10:44:09 303547 12058
10:45:10 120541 8015
10:46:10 11744 1048
10:47:11 23074 12080
10:48:11 34971 4043
10:49:11 790 752
10:50:12 39729 2531
10:51:12 654770 17324
10:52:12 20437 2497
10:53:13 219396 7024
10:54:13 521212 22737
10:55:14 7806 6566
10:56:14 796 474
10:57:15 286105 7503
10:58:16 64 128
10:59:16 94190 17776
11:00:16 79979 2443
11:01:17 384 646
11:02:17 532 424
11:03:17 16792 11064
11:04:18 1634 256
11:05:18 12294 865
11:06:18 590 1099
11:07:19 5622 2235
11:08:19 184601 4442
11:09:20 320 128
11:10:20 296833 9238
11:11:20 71320 2278
11:12:21 2160 890
11:13:21 27896 1883
11:14:22 97264 5161
11:15:22 109812 15576
11:16:23 12978 962
11:17:23 9952 1325
11:18:24 30232 1132
11:19:24 18110 706
11:20:24 24348 2076
11:21:25 9386 1569
11:22:25 209627 13048
11:23:25 22711 1167
11:24:25 45316 1996
11:25:26 460 710
11:26:26 73710 2184
11:27:26 12529 758
11:28:26 20913 1816
11:29:27 15885 2209
11:30:27 9620 1284
11:31:27 334151 14587
11:32:27 13599 1311
11:33:28 42970 1962
11:34:29 23016 1094
11:35:29 82853 4289
11:36:30 37686 1727
11:37:30 42334 2389
11:38:31 384 896
11:39:31 976 512
11:40:31 14134 1106
11:41:31 944383 19750
11:42:32 14953 1584
11:43:32 1787 789
11:44:33 1546 863
11:45:33 66767 12711
11:46:34 3424 2786
11:47:34 44031 7796
11:48:35 43942 11071
11:49:35 22786 8208
11:50:52 -1 -1
11:51:36 294649 11922
11:52:36 124015 6549
11:53:36 2962 256
11:54:36 134 268
11:55:37 20553 1754
11:56:37 320 128
11:57:37 36768 2215
11:58:37 460 410
11:59:38 42775 4875
12:00:38 12854 2506
12:01:38 8147 881
12:02:39 145289 8131
12:03:39 28750 1564
12:04:42 143905 7072
12:05:40 35145 2257
12:06:40 3356 454
12:07:41 651 564
12:08:41 67128 3125
12:09:42 28865 1744
12:10:42 12656 786
12:11:42 7554 280
12:12:42 6904 2753
12:13:43 31247 1388
12:14:43 9646 268
12:15:44 64 128
12:16:44 58756 2436
12:17:45 29513 1925
12:18:46 19986 1248
12:19:46 18445 883
12:20:46 82719 7301
12:21:46 22020 19346
12:22:47 6462 643
12:23:47 32818 2512
12:24:47 13818 1489
12:25:47 9109 976
12:26:48 861 874
12:27:48 271840 11642
12:28:49 3037 2642
12:29:49 1799 3212
12:30:49 8825 2419
12:31:49 3386 532
12:32:49 11226 810
12:33:50 118565 6512
12:34:50 2542 3344
12:35:50 458 736
12:36:50 79623 6322
12:37:51 480 128
12:38:51 14839 1661
12:39:51 17236 17817
12:40:51 114162 5643
12:41:52 11179 1996
12:42:52 208 270
12:43:52 134 828
12:44:52 50813 2043
12:45:52 8046 522
12:46:53 320 473
12:47:53 320 247
12:48:53 76815 4545
12:49:53 29735 2927
12:50:53 18689 960
12:51:54 27197 3534
12:52:54 72255 3456
12:53:54 263654 13385
12:54:54 11642 1636
12:55:55 124318 8709
12:56:55 61781 10826
12:57:55 48652 1381
12:58:55 23333 2925
12:59:56 320 128
13:00:56 39287 6665
13:01:56 128 192
13:02:56 110359 58282
13:03:57 35069 3353
13:04:57 43026 3840
13:05:57 3760 5787
13:06:57 691 613
13:07:57 320 262
13:08:58 52128 3153
13:09:58 320 192
13:10:58 6000 512
13:11:58 2007 764
13:12:58 480 518
13:13:59 17248 989
13:14:59 18428 1075
13:15:59 320 128
13:16:59 2600 2793
13:17:59 3468 2228
13:19:00 19934 6564
13:20:00 7018 2612
13:21:00 128 128
13:22:01 94750 29402
13:23:01 64 64
13:24:01 20029 1226
13:25:01 3566 1247
13:26:03 2132 342
13:27:02 55437 2697
13:28:02 64890 2021
13:29:02 320 128
13:30:03 1652 568
13:31:03 44196 1298
13:32:03 38904 2672
13:33:04 44458 2560
13:34:04 39382 6153
13:35:04 584 844
13:36:05 71295 4719
13:37:05 268 1240
13:38:05 178524 8826
13:39:05 74145 8971
13:40:06 39690 3330
13:41:06 3644 2224
13:42:06 514 718
13:43:07 84212 4120
13:44:07 24816 2410
13:45:08 8113 2960
13:46:08 19808 1390
13:47:09 1000 755
13:48:09 64 128
13:49:10 202 398
13:50:10 10144 1907
13:51:11 6396 4571
13:52:12 88300 21389
13:53:12 11976 6743
13:54:12 3854 4670
13:55:12 44841 11872
13:56:12 27887 15800
13:57:13 7963 1239
13:58:13 1184 1337
13:59:13 320 518
14:00:13 244658 11569
14:01:14 338598 16512
14:02:14 131694 13424
14:03:14 51621 3781
14:04:14 16080 5292
14:05:14 64 128
14:06:15 179951 8502
14:07:15 2402 2053
14:08:16 5691 4073
14:09:16 750 497
14:10:16 20501 5266
14:11:17 3334 1051
14:12:18 106287 2120
14:13:18 29158 1232
14:14:19 25201 3056
14:15:19 1067 847
14:16:19 488 503
14:17:20 138 431
14:18:20 44750 2175
14:19:20 24771 1341
14:20:20 19854 2205
14:21:21 1963 1225
14:22:21 9553 417
14:23:21 8167 1308
14:24:22 31281 3244
14:25:22 3686 1067
14:26:23 613 595
14:27:23 27114 3191
14:28:23 101606 3851
14:29:24 768 1757
14:30:24 289 488
14:31:24 105193 5051
14:32:25 201275 7338
14:33:25 17097 1421
14:34:25 25230 2333
14:35:26 510 792
14:36:26 1811 853
14:37:27 42785 2242
14:38:27 47913 2893
14:39:27 15948 1629
14:40:28 3114 3986
14:41:28 63934 8148
14:42:29 3420 1220
14:43:29 11113 1512
14:44:30 13214 690
14:45:30 18471 1413
14:46:31 17239 2783
14:47:31 25860 1613
14:48:31 24979 1625
14:49:32 33513 2728
14:50:32 662 675
14:51:33 633695 23356
14:52:33 28838 2653
14:53:33 60691 3512
14:54:33 75671 2934
14:55:33 71954 5297
14:56:34 447 288
14:57:34 43584 2277
14:58:34 89340 3495
14:59:34 23544 1969
15:00:35 2688 1435
15:01:35 -1 -1
15:02:35 53973 4899
15:03:35 133242 5363
15:04:36 47074 3712
15:05:36 32874 5013
15:06:36 52224 2024
15:07:36 34935 4239
15:08:37 17413 2422
15:09:37 56877 2964
15:10:37 4886 6256
15:11:38 165282 12738
15:12:38 82047 4558
15:13:38 62451 6210
15:14:39 67617 3631
15:15:39 272701 11648
15:16:39 76584 4358
15:17:40 21918 3189
15:18:40 941 705
15:19:40 6539 834
15:20:40 845 740
15:21:40 23427 19137
15:22:41 231 138
15:23:41 192181 13786
15:24:41 2135 3155
15:25:41 1342 3610
15:26:41 9236 551
15:27:42 43193 1869
15:28:42 79074 2453
15:29:42 437 329
15:30:42 404 405
15:31:43 23244 1568
15:32:43 148697 6546
15:33:43 3505 967
15:34:44 2434 1890
15:35:44 682 550
15:36:44 9725 959
15:37:44 20838 1278
15:38:45 42933 1990
15:39:45 172040 8887
15:40:45 42314 1380
15:41:45 20304 2024
15:42:48 11191 2784
15:43:46 14123 1196
15:44:46 24852 764
15:45:46 10432 1405
15:46:47 370 293
15:47:47 9603 1231
15:48:47 532 851
15:49:47 142888 6230
15:50:47 68918 3914
15:51:48 756 563
15:52:48 28672 2087
15:53:48 4767 633
15:54:49 33144 1656
15:55:49 13737 1879
15:56:49 75190 3421
15:57:49 24306 968
15:58:49 8178 10629
15:59:50 9162 4687
16:00:50 28213 4428
16:01:50 80122 80629
16:02:51 67140 14929
16:03:51 24405 28233
16:04:51 1101 2930
16:05:51 50514 1625
16:06:51 620 688
16:07:52 300208 31818
16:08:52 73158 13733
16:09:52 11762278 193918
16:10:52 224 560
16:11:53 52879 2601
16:12:53 716 1189
16:13:53 243884 11544
16:14:53 18646 1766
16:15:53 13402 768
16:16:53 55546 1616
16:18:03 14709 700
16:18:54 64 0
16:19:54 248539 7998
16:20:54 47585 3957
16:21:55 78619 2044
16:22:55 128 0
16:23:55 192 206
16:24:55 792 128
16:25:55 108201 4325
16:26:56 30783 1389
16:27:56 272 206
16:28:56 80436 4219
16:29:56 50701 1631
16:30:57 6549 2711
16:31:57 67024 923
16:32:57 30610 13813
16:33:57 384 256
16:34:57 64 128
16:35:57 17507 1178
16:36:58 956 716
16:37:58 625568 48586
16:38:58 142236 14347
16:39:58 122700 6460
16:40:59 285628 6274
16:41:59 390 192
16:42:59 320 128
16:43:59 197764 11233
16:45:00 107859 7288
16:46:00 11305 1778
16:47:00 198 396
16:48:00 3314 705
16:49:01 520 346
16:50:01 15288 2247
16:51:01 20291 2011
16:52:01 726 745
16:53:02 470814 5184
16:54:03 128 256
16:55:03 202 880
16:56:03 45311 3484
16:57:03 320 128
16:58:04 9238 950
16:59:04 47594 2969
17:00:04 356107 15306
17:01:04 -1 -1
17:02:05 62249 3494
17:03:05 18052 9396
17:04:06 90487 9179
17:05:06 12346 474
17:06:06 10406 29461
17:07:07 132113 5542
17:08:07 130453 6548
17:09:07 58872 1718
17:10:07 104818 8750
17:11:07 2842 3742
17:12:08 357865 11550
17:13:08 18784 993
17:14:08 9481 1326
17:15:08 50627 2480
17:16:08 21680 2435
17:17:09 765 1346
17:18:09 379 816
17:19:09 7893 10691
17:20:09 48710 7393
17:21:10 130744 5503
17:22:10 15718 2304
17:23:10 35219 10499
17:24:10 48914 4439
17:25:11 112311 3433
17:26:11 27904 1812
17:27:11 14367 2131
17:28:12 35938 2947
17:29:12 54301 3336
17:30:12 12698 1752
17:31:13 12212 542
17:32:13 320 128
17:33:13 212340 6857
17:34:13 270870 10148
17:35:14 12996 1186
17:36:14 233776 7285
17:37:14 1040 875
17:38:15 48633 3959
17:39:15 604 1454
17:40:15 254550 7891
17:41:16 394 769
17:42:16 92316 3084
17:43:17 25601 3430
17:44:17 689 390
17:45:17 141878 5426
17:46:18 9660 576
17:47:18 320 128
17:48:18 320 518
17:49:19 83423 4324
17:50:19 24892 3189
17:51:19 1014 1456
17:52:19 21842 2439
17:53:20 69134 2430
17:54:20 5378 688
17:55:20 526 432
17:56:20 58316 4406
17:57:21 2316 2966
17:58:21 23058 1225
17:59:21 19267 2475
18:00:21 124340 5856
18:01:22 16453 1438
18:02:22 44125 2830
18:03:22 225012 9250
18:04:22 1464 487
18:05:23 21391 12237
18:06:23 33998 8466
18:07:23 5000 5301
18:08:23 31352 3802
18:09:24 14072 6938
18:10:24 5768 7396
18:11:24 580094 14406
18:12:24 28315 3889
18:13:25 53681 1546
18:14:25 16362 1202
18:15:25 2134 725
18:16:25 615304 94402
18:17:26 92291 6619
18:18:26 45476 2554
18:19:26 21678 1269
18:20:29 47243 2673
18:21:27 19666 2774
18:22:27 384 128
18:23:28 598 2074
18:24:28 1672 2383
18:25:28 5228 5216
18:26:28 454 828
18:27:29 384 128
18:28:29 36885 1296
18:29:29 299679 10433
18:30:29 38292 4168
18:31:30 792 687
18:32:31 3551 3017
18:33:31 3591 3380
18:34:32 697 716
18:35:32 288164 11159
18:36:32 70654 3391
18:37:32 301918 6272
18:38:33 86009 5578
18:39:33 608 551
18:40:33 528 633
18:41:33 272 276
18:42:34 514 206
18:43:37 134 152
18:44:34 128 128
18:45:34 280943 14124
18:46:34 289646 27762
18:47:35 102562 15320
18:48:36 81611 2886
18:49:35 3420 128
18:50:35 45654 3638
18:51:36 18943 2494
18:52:36 586 404
18:53:37 12374 478
18:54:37 27559 1753
18:55:38 83189 1955
18:56:38 3486 566
18:57:38 24903 2231
18:58:38 320 128
18:59:38 43759 3697
19:00:39 8049 2133
19:01:39 1774 726
19:02:39 4168 1668
19:03:39 2208 776
19:04:40 12974 1053
19:05:40 128 192
19:06:40 35777 3391
19:07:40 29787 2306
19:08:40 157306 3068
19:09:41 5524 384
19:10:41 31486 3785
19:11:41 4656 1220
19:12:41 320 582
19:13:42 56406 4184
19:14:42 83859 6311
19:15:42 42680 2661
19:16:42 29966 2439
19:17:43 3244 557
19:18:43 297 256
19:19:43 23004 1222
19:20:43 17345 2731
19:21:43 1144 733
19:22:44 448 960
19:23:44 137810 2850
19:24:44 384 320
19:25:44 26458 1594
19:26:45 1988 1578
19:27:45 745 482
19:28:45 18815 1244
19:29:45 39082 1160
19:30:45 33074 3081
19:31:46 320 128
19:32:46 266186 8557
19:33:47 5816 396
19:34:48 45818 2069
19:35:48 6751 32107
19:36:48 97302 2968
19:37:48 468 288
19:38:48 737 814
19:39:49 39163 2432
19:40:49 23644 838
19:41:49 4558 198
19:42:49 64 192
19:43:50 4486 640
19:44:50 46467 3529
19:45:50 9082 1247
19:46:51 10152 840
19:47:51 31612 21646
19:48:51 80630 5132
19:49:51 11331 658
19:50:51 9617 1295
19:51:51 2946 1519
19:52:51 811 1054
19:53:52 69148 4574
19:54:52 1702 575
19:55:52 48513 3236
19:56:52 332 340
19:57:53 12576 903
19:58:53 19905 537
19:59:53 24496 1022
20:00:53 128 256
20:01:53 16136 1976
20:02:54 1524 410
20:03:54 21358 1006
20:04:54 35982 1454
20:05:54 1464 489
20:06:55 386950 18948
20:07:55 6186 8004
20:08:55 32201 8228
20:09:55 1704 1933
20:10:55 16396 7834
20:11:55 5258 6420
20:12:56 87747 5392
20:13:56 38704 2631
20:14:56 1928 995
20:15:56 1302 827
20:16:56 281 260
20:17:57 39045 2344
20:18:57 2958 20892
20:19:57 688 773
20:20:58 312 600
20:21:58 2902 4121
20:22:58 128 256
20:23:58 574 638
20:24:58 17127 1438
20:25:59 64 533
20:26:59 15842 1063
20:27:59 38117 1501
20:29:00 640 128
20:30:00 23918 2122
20:31:00 3695 1614
20:32:00 6585 491
20:33:00 9945 1463
20:34:00 45740 7182
20:35:01 30922 2185
20:36:01 121305 8886
20:37:01 518 662
20:38:01 9302 704
20:39:01 19776 2881
20:40:02 43302 3014
20:41:02 12394 1476
20:42:02 120529 4934
20:43:02 44400 3104
20:44:02 76712 3709
20:45:03 2738 548
20:46:03 41878 2092
20:47:03 357990 12852
20:48:03 82064 6741
20:49:04 129608 3078
20:50:04 15921 1063
20:51:04 70250 2267
20:52:04 64 64
20:53:04 979 474
20:54:04 390 588
20:55:05 55185 3497
20:56:05 1282 1576
20:57:08 27444 1680
20:58:05 14734 2167
20:59:06 368345 19131
21:00:06 29900 1647
21:01:06 42144 5233
21:02:06 149 256
21:03:06 61742 2298
21:04:07 18899 1724
21:05:07 59232 4335
21:06:07 360 467
21:07:07 73276 6296
21:08:07 37948 2054
21:09:08 66946 2535
21:10:08 639 577
21:11:08 149 256
21:12:08 11656 658
21:13:08 14499 1650
21:14:09 21209 813
21:15:09 3587 865
21:16:09 769282 19826
21:17:09 66768 7178
21:18:10 1888 256
21:19:10 218795 4882
21:20:10 17994 1868
21:21:10 2102 600
21:22:11 14723 1258
21:23:11 468 920
21:24:11 9691 1040
21:25:11 5933 1653
21:26:12 113918 4542
21:27:12 37397 2190
21:28:12 17961 2485
21:29:12 210568 7170
21:30:12 5029 548
21:31:13 28844 810
21:32:13 24864 2873
21:33:13 3191 588
21:34:13 42112 5784
21:35:14 51522 6461
21:36:14 70682 4176
21:37:14 41743 3799
21:38:14 42791 3259
21:39:14 21572 512
21:40:15 15409 813
21:41:15 10239 2551
21:42:15 65585 3956
21:43:15 459739 11980
21:44:15 38615 2489
21:45:16 39643 1236
21:46:16 29636 2930
21:47:16 63828 3334
21:48:17 270667 14447
21:49:17 22903 838
21:50:17 82798 4061
21:51:17 9037 1267
21:52:17 44425 4167
21:53:18 132435 7249
21:54:18 883 1149
21:55:18 22511 1797
21:56:18 478945 11412
21:57:19 21095 5446
21:58:19 181631 11726
21:59:19 14493 905
22:00:19 6647 1114
22:01:20 838 826
22:02:20 24027 1933
22:03:23 9501 2537
22:04:20 734 678
22:05:21 676 754
22:06:21 38696 3719
22:07:21 25153 3159
22:08:22 111035 7539
22:09:22 27574 1748
22:10:22 56307 2989
22:11:22 38696 2783
22:12:23 29020 3071
22:13:23 35122 1745
22:14:23 100338 6618
22:15:23 156310 3792
22:16:24 68015 13732
22:17:24 5662 1141
22:18:24 4080 3004
22:19:24 6177 7182
22:20:24 8189 4067
22:21:25 14003 6698
22:22:28 131491 24005
22:23:25 28426 20594
22:24:25 35165 21531
22:25:26 70079 9901
22:26:26 82177 3659
22:27:26 306179 14768
22:28:26 -1 -1
22:29:27 86932 8474
22:30:46 -1 -1
22:31:27 7967 1277
22:32:28 91186 7001
22:33:28 110469 2176
22:34:28 24332 2067
22:35:28 43651 3109
22:36:28 74576 3191
22:37:29 27227 2033
22:38:29 2928 3993
22:39:29 23117 3482
22:40:30 134103 7521
22:41:30 16179 2466
22:42:30 9410 1738
22:43:30 5606 1413
22:44:31 2120 1392
22:45:31 51577 1680
22:46:31 842 804
22:47:31 6971 870
22:48:32 5351 3375
22:49:32 35996 3463
22:50:32 7887 29356
22:51:32 97127 3903
22:52:33 62861 3240
22:53:33 68257 5613
22:54:33 44135 4460
22:55:34 33982 3148
22:56:34 1029 1081
22:57:34 95668 3050
22:58:34 1055 1003
22:59:34 16558 2181
23:00:35 29722 1694
23:01:35 1364 1144
23:02:35 89731 4657
23:03:35 77273 4253
23:04:36 32777 4226
23:05:36 829 1024
23:06:36 23507 1627
23:07:36 1666 1265
23:08:37 142324 5934
23:09:37 9722 817
23:10:38 460 415
23:11:38 695 1467
23:12:38 1008 594
23:13:38 240732 10671
23:14:38 28078 1953
23:15:39 16272 2481
23:16:39 20151 1948
23:17:39 120784 58952
23:18:39 1507 1405
23:19:40 357474 7824
23:20:41 1425868 36830
23:21:40 27328 4213
23:22:40 36912 2720
23:23:41 19812 2221
23:24:41 4328 1914
23:25:41 68431 4785
23:26:42 238774 12505
23:27:42 750 1520
23:28:42 22992 1927
23:29:42 699 1415
23:30:43 6420 9392
23:31:43 3428 4890
23:32:43 73382 4671
23:33:43 3420 537
23:34:44 194 570
23:35:44 3949 2524
23:36:47 524 403
23:37:44 36831 2915
23:38:45 199077 7508
23:39:45 39896 36304
23:40:45 189494 5778
23:41:46 24898 2178
23:42:46 48196 3254
23:43:47 83171 7497
23:44:47 3423 1869
23:45:47 18049 6405
23:46:47 19197 2408
23:47:48 26914 4238
23:48:49 34294 1670
23:49:50 97539 5081
23:50:50 54096 4816
23:51:51 167059 9502
23:52:51 2548 2916
23:53:51 28009 5653
23:54:53 19417 6116
23:55:52 13899 5868
23:56:53 413869 23629
23:57:53 7966 2296
23:58:54 1046 1372
23:59:54 49706 3371
