00:01:42 218525 112302
00:02:52 638882 39578
00:03:31 141902 39883
00:04:32 261527 46020
00:05:32 120914 15480
00:06:33 223379 73309
00:07:34 189408 21274
02:00:08 59580 30123
02:01:22 45019 3562
02:02:22 322804 17347
02:03:13 19689 2846
02:04:10 2437 1065
02:05:10 2212 5822
02:06:11 135891 15382
02:07:11 56438 6134
02:08:12 51330 31744
02:09:13 45354 14767
02:10:13 61525 40604
02:11:13 60353 7593
02:12:17 171229 30941
02:13:13 157363 31775
02:14:14 26654 3292
02:15:13 -1 -1
02:16:15 60435 4920
02:17:15 32350 6169
02:18:16 403987 65261
02:19:16 186670 9468
02:20:17 31160 4675
02:21:17 257266 36549
02:22:17 9890 4166
02:23:18 425135 40159
02:24:18 136724 26576
02:25:19 83674 6181
02:26:19 20660 2388
02:27:20 266183 32468
02:28:20 85589 11809
02:29:21 17207 4942
02:30:21 102316 15246
02:31:22 184385 69811
02:32:30 475351 61143
02:33:22 5816 10289
02:34:23 81420 22812
02:35:26 95400 6912
02:36:23 76721 4638
02:37:24 1490 3186
02:38:24 18039 2697
02:39:25 46019 12133
02:40:25 2338 2217
02:41:25 56721 6604
02:42:26 12876 9022
02:43:26 68873 6299
02:44:26 20673 4141
02:45:27 64977 10721
02:46:28 14612 3117
02:47:28 -1 -1
02:48:28 6540221 99931
02:49:31 105966 10972
02:50:32 317484 31921
02:51:29 193297 54532
02:52:30 11255 4227
02:53:30 95615 42551
02:54:30 33013 2522
02:55:31 61789 8970
02:56:31 70504 22897
02:57:32 50907 7906
02:58:32 73106 34019
02:59:39 38932 6057
03:00:33 116441 20847
03:01:33 13901 3386
03:02:34 122807 20902
03:03:34 69747 14433
03:04:34 17158 5631
03:05:35 49713 7732
03:06:37 25006 7312
03:07:36 87579 5695
03:08:36 52348 10908
03:09:37 15771 2110
03:10:37 56327 35706
03:11:42 21416 4734
03:12:38 34486 3780
03:13:38 71150 5719
03:14:39 6186 5063
03:15:39 22681 8767
03:16:39 110155 23869
03:17:39 67546 7115
03:18:40 2779 1012
03:19:40 180143 95992
03:20:41 136172 55788
03:21:41 60730 3838
03:22:41 25679 2614
03:23:42 48244 34293
03:24:42 173114 24633
03:25:45 168220 35892
03:26:45 25292 3093
03:27:43 126023 21901
03:28:43 7389 1147
03:29:43 279476 47791
03:30:44 104730 28636
03:31:44 159810 8788
03:32:45 71033 25417
03:33:45 15400 3526
03:34:45 32812 5140
03:35:45 30450 6979
03:36:46 92158 13584
03:37:46 56357 9786
03:38:47 23740 9550
03:39:50 14216 1885
03:40:50 126424 61839
03:41:48 56926 18390
03:42:48 47507 4142
03:43:48 40081 1278
03:44:49 32328 6826
03:45:49 57047 4939
03:46:49 36690 3160
03:47:50 23855 44717
03:48:50 28785 2880
03:49:50 3707 3347
03:50:51 52736 4088
03:51:51 2353 1696
03:52:51 21650 1205
03:53:52 3049 2494
03:54:52 104474 13951
03:55:52 -1 -1
03:56:53 38898 3569
03:57:53 94580 19030
03:58:54 57052 27522
03:59:54 68218 6613
04:00:54 66981 61875
04:01:55 64863 60852
04:02:55 166139 47153
04:03:55 2669 739
04:04:55 64703 5044
04:05:56 29394 4560
04:06:56 113385 50920
04:07:56 41245 4968
04:08:57 160128 11887
04:09:57 7707 4793
04:10:57 393 2001
04:11:58 4850 1587
04:12:58 55304 3203
04:13:59 1376 1151
04:14:59 4568 1442
04:15:59 48007 10147
04:17:00 57462 10539
04:18:00 87864 39269
04:19:00 58205 3375
04:20:01 21628 5186
04:21:01 16123 2848
04:22:01 199965 18213
04:23:01 69277 5455
04:24:02 84148 4472
04:25:02 11868 2442
04:26:02 1977 859
04:27:03 153539 83483
04:28:04 20692 6169
04:29:04 170030 11402
04:30:04 81470 5316
04:31:04 78575 19652
04:32:05 146177 50217
04:33:05 4284 1428
04:34:05 13943 1545
04:35:06 52741 9143
04:36:07 119503 42257
04:37:06 5139 2114
04:38:07 1830 812
04:39:07 13209 3045
04:40:07 70658 4978
04:41:08 66241 12293
04:42:08 2884 438
04:43:09 20586 28025
04:44:10 2344 961
04:45:09 18452 320
04:46:10 66336 60296
04:47:10 2262 2210
04:48:10 175279 33162
04:49:11 53745 3177
04:50:11 210474 42292
04:51:11 17303 8014
04:52:12 97521 30107
04:53:12 86480 18508
04:54:12 464702 26173
04:55:13 116765 109885
04:56:13 203383 44093
04:57:13 19317 10433
04:58:14 17396 5714
04:59:14 4860 2361
05:00:14 85226 32723
05:01:15 31776 8722
05:02:15 239970 26345
05:03:15 133498 25655
05:04:17 64237 11245
05:05:16 80086 19967
05:06:16 3932 3138
05:07:17 8259 6824
05:08:17 130820 46794
05:09:18 134042 39333
05:10:18 198264 40688
05:11:18 99057 28474
05:12:19 65179 6991
05:13:19 81931 27589
05:14:19 7458 8056
05:15:20 112550 17122
05:16:20 55827 9019
05:17:20 23297 8557
05:18:21 54843 13300
05:19:21 14862 2766
05:20:22 138064 12540
05:21:22 62563 11078
05:22:22 111771 31155
05:23:23 12048 8353
05:24:23 63612 16524
05:25:24 25653 5358
05:26:24 19422 5844
05:27:24 69762 77385
05:28:24 145165 60092
05:29:25 19380 8920
05:30:26 47592 15176
05:31:25 28958 4917
05:32:26 40860 11102
05:33:26 59220 24205
05:34:26 141242 26995
05:35:27 113167 36262
05:36:27 92194 36587
05:37:27 146576 7361
05:38:28 184389 18906
05:39:28 346209 23913
05:40:28 15606 5200
05:41:29 31763 8113
05:42:29 35600 5355
05:43:29 66113 10903
05:44:30 39402 27378
05:45:30 14626 4543
05:46:30 26724 10127
05:47:31 43265 8882
05:48:31 54873 11703
05:49:31 67985 19494
05:50:32 33965 9640
05:51:32 38980 16197
05:52:33 34709 5011
05:53:33 65495 6414
05:54:33 349829 26101
05:55:33 82660 4472
05:56:34 150198 52427
05:57:34 95987 7832
05:58:34 132295 10756
05:59:35 233573 17694
06:00:36 131791 6334
06:01:36 248287 18046
06:02:36 161008 20381
06:03:37 144052 15657
06:04:37 58886 8554
06:05:37 152040 9089
06:06:38 100554 8984
06:07:38 56503 9312
06:08:40 118198 11486
06:09:39 15706 5906
06:10:39 61044 10006
06:11:40 22116 4370
06:12:40 38006 9442
06:13:40 56955 5672
06:14:41 23287 11212
06:15:41 49152 7308
06:16:41 12242 7846
06:17:42 96668 11283
06:18:42 65913 43147
06:19:43 117464 7913
06:20:43 403142 16112
06:21:43 79222 5498
06:22:44 289850 9874
06:23:44 472019 13169
06:24:44 139869 7691
06:25:45 248841 17392
06:26:46 310195 7949
06:27:46 357420 10737
06:28:48 300209 18066
06:29:46 443381 26276
06:30:47 257904 5344
06:31:47 351562 22544
06:32:47 367324 15344
06:33:47 382469 30249
06:34:48 310964 9776
06:35:48 321243 12933
06:36:48 340202 10362
06:37:49 373996 39768
06:38:49 299756 15139
06:39:50 343976 58371
06:40:50 318299 16291
06:41:51 304221 11506
06:42:50 311296 10560
06:43:51 247950 7035
06:44:52 309718 8661
06:45:51 301053 41809
06:46:52 -1 -1
06:47:53 272421 9618
06:48:52 414178 53544
06:49:53 372469 31090
06:50:53 10172634 163999
06:51:53 340289 12748
06:52:54 284422 9110
06:53:55 397601 42095
06:54:54 330753 9099
06:55:55 351975 14033
06:56:55 327736 11637
06:57:55 395280 18902
06:58:56 308919 12032
06:59:56 145810 90717
07:00:56 328306 9985
07:01:57 321292 17046
07:02:57 368314 32731
07:03:57 384828 27342
07:04:58 391655 19331
07:05:58 323063 14430
07:06:58 339114 25134
07:07:59 368821 15083
07:08:59 307762 9421
07:09:59 60548 4925
07:11:00 66592 38836
07:12:00 30370 6355
07:13:05 10127 4522
07:14:01 245655 28452
07:15:01 83151 18565
07:16:01 30159 8032
07:17:08 83385 6745
07:18:02 83931 18029
07:19:02 60181 9092
07:20:03 65083 13114
07:21:03 14258 6471
07:22:03 245100 17907
07:23:04 54493 25313
07:24:04 22725 8137
07:25:05 43350 6346
07:26:05 178996 37558
07:27:05 145361 13055
07:28:06 145127 19251
07:29:06 169949 110930
07:30:06 51015 10787
07:31:07 28043 7319
07:32:07 47087 24100
07:33:07 283781 29310
07:34:08 360408 18590
07:35:08 108822 19608
07:36:09 119508 19483
07:37:09 58361 11105
07:38:09 88979 17408
07:39:09 59384 9975
07:40:10 8336 7258
07:41:10 21119 9167
07:42:10 170587 42776
07:43:11 19225 8401
07:44:11 27514 5459
07:45:11 92469 28940
07:46:12 81226 14019
07:47:12 173410 24653
07:48:13 96346 9203
07:49:12 324399 12394
07:50:13 286455 9630
07:51:13 309569 11758
07:52:13 114898 20528
07:53:14 486303 114932
07:54:14 377484 26337
07:55:14 353865 8095
07:56:15 286799 17100
07:57:15 349413 12243
07:58:15 350686 38861
07:59:16 307070 26384
08:00:16 52618 12847
08:01:16 72828 24962
08:02:17 63908 25108
08:03:17 30977 9759
08:04:17 105593 16312
08:05:17 135866 39058
08:06:18 9310 5833
08:07:18 56744 59123
08:08:18 30376 27296
08:09:19 17853 3501
08:10:19 15397 7529
08:11:19 91069 27268
08:12:20 166359 61913
08:13:20 43654 10944
08:14:20 22008 16020
08:15:21 75134 20133
08:16:21 8270 9580
08:17:21 131204 20120
08:18:22 76381 12761
08:19:22 72189 6009
08:20:22 89731 18551
08:21:24 74505 16112
08:22:23 5934 5931
08:23:24 40548 5379
08:24:24 57561 8694
08:25:24 3598 4804
08:26:25 3145 4062
08:27:25 3112 4374
08:28:25 14881 5233
08:29:26 119777 12654
08:30:26 145456 21589
08:31:26 154126 9112
08:32:27 140459 13343
08:33:27 124245 36840
08:34:27 120072 31106
08:35:28 12294 3571
08:36:29 214765 28529
08:37:28 211882 45456
08:38:29 7226 6994
08:39:29 9574 3313
08:40:29 31229 4323
08:41:30 126725 12535
08:42:30 242198 16064
08:43:30 83835 10666
08:44:31 189067 12361
08:45:31 83498 20591
08:46:32 116202 46967
08:47:32 107239 35741
08:48:32 235433 27544
08:49:32 17031 6777
08:50:33 30647 13284
08:51:33 82192 13243
08:52:34 61390 8055
08:53:34 47611 11479
08:54:34 150090 9052
08:55:35 97082 7068
08:56:36 53745 8321
08:57:36 115816 13239
08:58:36 4597 7160
08:59:37 64211 11614
09:00:37 94295 11877
09:01:37 91907 8072
09:02:38 18055 5541
09:03:38 78913 10186
09:04:38 90695 6776
09:05:38 170532 20351
09:06:39 100701 8534
09:07:39 272073 76912
09:08:39 200577 8471
09:09:39 295327 26270
09:10:40 197408 45661
09:11:40 8277 4187
09:12:43 96987 10445
09:13:40 194677 33836
09:14:41 128645 10743
09:15:41 147921 14573
09:16:44 21247 5592
09:17:41 54556 5987
09:18:42 92386 14111
09:19:43 171940 80816
09:20:43 67364 4981
09:21:43 79045 8866
09:22:43 273720 27414
09:23:44 29130 3564
09:24:44 246581 37566
09:25:44 27124 6198
09:26:44 55465 4263
09:27:46 269415 96649
09:28:45 7295 3604
09:29:45 8020 5037
09:30:45 22069 5041
09:31:46 122494 8789
09:32:46 56995 27879
09:33:46 16254 3079
09:34:47 439354 21303
09:35:47 436741 45906
09:36:47 232934 11230
09:37:48 72813 14156
09:38:48 37052 12802
09:39:49 97055 10618
09:40:49 422317 22626
09:41:49 152821 24791
09:42:50 78561 17736
09:43:50 7071 4304
09:44:50 412096 63619
09:45:50 215515 19406
09:46:51 159795 18448
09:47:51 172161 81130
09:48:51 81359 7412
09:49:51 129622 17115
09:50:51 242033 14143
09:51:52 265112 69110
09:52:52 14135 5976
09:53:52 47312 2973
09:54:52 80778 9595
09:55:54 128828 18172
09:56:53 93907 45604
09:57:53 53690 10894
09:58:53 40636 9210
09:59:54 52603 8887
10:00:54 100093 12147
10:01:54 249657 13617
10:02:54 51698 14764
10:03:55 274255 30150
10:04:55 139171 66507
10:05:55 10479747 163749
10:06:55 40832 8432
10:07:55 390430 12132
10:08:56 18708 5500
10:09:56 163598 40198
10:10:56 8191 8482
10:11:57 54038 4731
10:12:57 16389 7797
10:13:57 81946 10660
10:15:00 120183 15884
10:15:58 132204 9933
10:16:58 70079 22432
10:17:58 113669 24635
10:18:59 286739 92666
10:20:02 338763 26245
10:21:00 102339 3550
10:22:00 69490 11609
10:23:01 148337 31052
10:24:06 267804 70749
10:25:02 141941 12035
10:26:03 258289 55740
10:27:04 306124 17622
10:28:04 494335 23637
10:29:04 963031 92831
10:30:07 267472 105124
10:31:05 71730 13795
10:32:05 3385 4041
10:33:05 59350 8070
10:34:05 85948 10050
10:35:06 48999 8174
10:36:06 11280 4157
10:37:06 298619 43174
10:38:07 159731 63431
10:39:09 158409 14316
10:40:13 202752 39340
10:41:09 17369 5402
10:42:09 156635 9714
10:43:09 169060 16377
10:44:10 88031 12278
10:45:11 299087 36154
10:46:10 110707 11031
10:47:11 63007 6246
10:48:11 288376 13444
10:49:14 133740 10514
10:50:12 45623 10757
10:51:12 143258 10965
10:52:12 149866 45888
10:53:13 88694 7431
10:54:13 125718 42602
10:55:14 3910 4771
10:56:17 152935 24569
10:57:16 198886 43878
10:58:16 248085 38023
10:59:16 1068723 52467
11:00:17 431632 25225
11:01:17 167991 12092
11:02:17 6465 4332
11:03:17 82672 15214
11:04:18 71086 24301
11:05:18 421007 16745
11:06:19 502680 25699
11:07:19 26462 2680
11:08:19 91438 19521
11:09:20 138770 37851
11:10:20 54163 10535
11:11:20 119194 43422
11:12:21 90075 4708
11:13:21 100873 7333
11:14:22 89096 6648
11:15:22 268734 13376
11:16:23 3544 1665
11:17:23 300589 13863
11:18:24 140395 7353
11:19:24 110514 6205
11:20:24 54098 5291
11:21:25 183603 52974
11:22:25 72703 18862
11:23:25 144758 9144
11:24:25 45010 14551
11:25:26 252648 48244
11:26:26 138428 14146
11:27:26 143553 13201
11:28:28 180111 38327
11:29:27 155803 12171
11:30:27 27950 1442
11:31:27 106899 10369
11:32:27 98447 30241
11:33:31 180592 57179
11:34:29 28903 3003
11:35:29 61367 8053
11:36:30 163894 26564
11:37:31 67944 6071
11:38:32 -4294799083 12951
11:39:32 141788 58773
11:40:32 97958 7426
11:41:32 16768 6792
11:42:33 97917 8938
11:43:33 34534 6095
11:44:33 -1 -1
11:45:33 58353 7825
11:46:34 22372 4647
11:47:34 110182 8068
11:48:35 50790 7322
11:49:35 11634 5046
11:50:35 172119 59769
11:51:36 68799 7060
11:52:37 53595 7458
11:53:37 109492 14625
11:54:37 67908 4960
11:55:37 48182 7641
11:56:38 152536 10012
11:57:38 77497 20503
11:58:39 153274 22631
11:59:39 151721 10130
12:00:39 98066 22158
12:01:39 37487 2705
12:02:40 94209 10023
12:03:40 50428 11733
12:04:40 233460 36559
12:05:41 133814 21242
12:06:41 253243 48647
12:07:42 470774 45044
12:08:42 217510 16454
12:09:42 245567 43206
12:10:42 208276 70531
12:11:42 268570 32745
12:12:43 106774 18803
12:13:43 28693 4262
12:14:43 22654 3751
12:15:44 5432 942
12:16:44 121790 50857
12:17:45 24466 13329
12:18:46 5384911 98226
12:19:47 143762 38588
12:20:46 195127 11232
12:21:46 166720 12921
12:22:47 101566 20557
12:23:47 203952 45600
12:24:47 437268 18068
12:25:47 77649 3440
12:26:48 145126 10428
12:27:48 114276 18096
12:28:49 307545 36655
12:29:49 25705 9679
12:30:49 91647 33778
12:31:49 230107 31899
12:32:50 70274 8494
12:33:50 184674 16865
12:34:50 106893 9534
12:35:50 139875 10273
12:36:50 110528 21906
12:37:51 10136 7012
12:38:51 398078 62137
12:39:51 47936 6004
12:40:51 4826 4378
12:41:52 179855 21954
12:42:52 295080 147675
12:43:52 122748 10518
12:44:53 35221 5619
12:45:52 39923 9317
12:46:53 75401 22134
12:47:53 80807 8959
12:48:53 187887 23149
12:49:53 83689 22025
12:50:53 40386 4308
12:51:54 65678 17573
12:52:54 22981 9435
12:53:54 56119 6323
12:54:54 131588 22924
12:55:55 67105 4000
12:56:55 128590 8016
12:57:55 149274 22300
12:58:56 17283 5881
12:59:56 85297 26569
13:00:56 172298 42352
13:01:56 174138 48388
13:02:56 168114 32661
13:03:57 53268 7671
13:04:57 88357 8379
13:05:57 249461 25031
13:06:57 181588 18845
13:07:58 95085 19541
13:08:58 104236 22915
13:09:58 71185 27607
13:10:58 40871 8925
13:11:58 2272 1710
13:12:58 78149 8053
13:13:59 76195 7897
13:14:59 67259 11626
13:15:59 23658 5322
13:16:59 72465 18369
13:17:59 171075 18742
13:19:00 38984 4773
13:20:00 210344 62071
13:21:00 68027 35041
13:22:01 18132 12278
13:23:01 66903 10222
13:24:01 136850 39678
13:25:01 104375 21854
13:26:04 6481 1558
13:27:02 127100 32758
13:28:03 96921 26459
13:29:04 -1 -1
13:30:03 111343 27981
13:31:03 55801 17454
13:32:03 191345 9371
13:33:04 19938 3454
13:34:04 145589 24103
13:35:04 60409 4305
13:36:05 98564 20472
13:37:05 159406 33930
13:38:05 44251 5218
13:39:05 42036 2908
13:40:06 70445 7782
13:41:06 184051 70658
13:42:06 28736 4071
13:43:07 93305 51800
13:44:07 277361 22176
13:45:08 18301 2620
13:46:08 12721 3738
13:47:10 710415 80842
13:48:10 86142 7047
13:49:10 206533 55044
13:50:10 14472 5930
13:51:11 75553 51155
13:52:12 74979 38068
13:53:12 194986 71735
13:54:12 43581 8000
13:55:12 317229 95351
13:56:13 63461 12940
13:57:13 193312 16619
13:58:13 121775 91533
13:59:13 137130 41893
14:00:14 81636 12533
14:01:14 25661 3655
14:02:14 12146 3653
14:03:14 22390 5811
14:04:14 485010 33091
14:05:14 234727 19029
14:06:15 369631 24244
14:07:15 159297 16268
14:08:17 72550 15358
14:09:16 109358 11636
14:10:16 99016 7818
14:11:17 112497 21513
14:12:18 105861 7485
14:13:18 34444 5172
14:14:19 107203 27142
14:15:19 43711 6149
14:16:19 38351 2765
14:17:20 146363 10954
14:18:20 95056 11311
14:19:20 726952 34131
14:20:20 132741 13829
14:21:20 164163 36233
14:22:21 581408 33187
14:23:21 59809 13032
14:24:25 87126 8320
14:25:22 209473 30315
14:26:23 144304 16402
14:27:25 85843 4888
14:28:24 111805 59790
14:29:25 171865 90892
14:30:24 161066 39238
14:31:24 189645 55435
14:32:25 179492 15155
14:33:25 103374 33002
14:34:26 -1 -1
14:35:26 5574 4059
14:36:27 183930 66362
14:37:27 420581 23218
14:38:27 111526 12258
14:39:27 37971 9749
14:40:28 178532 20198
14:41:28 111349 12871
14:42:29 96977 16327
14:43:29 160964 20894
14:44:31 192336 69611
14:45:31 63675 10908
14:46:31 136334 15233
14:47:32 65425 48439
14:48:32 101451 50533
14:49:32 85672 33754
14:50:33 189359 60758
14:51:34 358542 57483
14:52:34 103065 16252
14:53:34 109235 11058
14:54:35 209733 28102
14:55:34 220595 29016
14:56:35 58217 5682
14:57:35 93952 11496
14:58:37 170103 43055
14:59:35 338974 14678
15:00:36 151683 23318
15:01:37 112643 17119
15:02:36 203179 108454
15:03:36 146224 12340
15:04:37 92885 9934
15:05:37 25514 7150
15:06:38 87593 15013
15:07:37 62174 9369
15:08:37 25982 4107
15:09:37 51882 4053
15:10:38 55666 8069
15:11:39 107064 23962
15:12:40 122125 62964
15:13:40 183040 50283
15:14:40 105921 10464
15:15:40 109725 26027
15:16:40 119180 19871
15:17:41 87366 9825
15:18:41 164089 14200
15:19:41 288398 95596
15:20:41 104720 17526
15:21:41 80958 41869
15:22:42 154968 29951
15:23:53 133823 29510
15:24:42 200514 39757
15:25:43 260445 97459
15:26:43 352592 30462
15:27:43 293093 24901
15:28:43 13036 2845
15:29:46 49362 61139
15:30:43 146185 7773
15:31:44 162751 16602
15:32:44 232847 49302
15:33:45 215169 115270
15:34:45 55842 15537
15:35:45 183458 13409
15:36:47 106912 23752
15:37:45 290419 76196
15:38:45 110174 17336
15:39:46 161055 10962
15:40:46 3484 1959
15:41:46 134745 8540
15:42:46 171697 18378
15:43:47 110084 8531
15:44:47 288980 65938
15:45:47 121000 66404
15:46:48 151317 13476
15:47:48 217564 17980
15:48:48 448563 35958
15:49:48 113490 54199
15:50:48 4676 1949
15:51:49 156349 9856
15:52:49 247182 80722
15:53:49 107524 28242
15:54:53 211661 37817
15:55:50 105941 9523
15:56:50 56599 3394
15:57:49 -1 -1
15:58:51 21673 13243
15:59:51 108155 11533
16:00:51 41234 9665
16:01:51 106820 15846
16:02:51 20336 8675
16:03:52 102089 10628
16:04:52 203642 99027
16:05:52 96743 59944
16:06:52 100569 7242
16:07:52 39594 14064
16:08:53 310929 133428
16:09:56 6573 3709
16:10:58 19596 3854
16:11:54 40793 33382
16:12:54 199548 9149
16:13:54 64513 5293
16:14:54 169037 15587
16:15:54 137558 32977
16:16:55 105191 32201
16:17:55 92423 38499
16:18:55 27502 4352
16:19:55 46650 33022
16:20:55 131452 22342
16:21:56 232781 53014
16:22:56 67842 4350
16:23:56 88440 23235
16:24:56 70230 3547
16:25:56 10452 5137
16:26:57 325621 57035
16:27:57 29867 2801
16:28:57 26814 12440
16:30:01 198337 17051
16:30:58 19067 3185
16:31:58 109543 18060
16:32:58 10759 1098
16:34:00 62157 9010
16:34:59 142819 10263
16:35:59 144430 12670
16:37:00 110701 38992
16:38:00 47522 3115
16:39:00 144855 9816
16:40:00 26044 3156
16:41:01 217660 22405
16:42:01 87184 5859
16:43:01 244549 86030
16:44:01 102683 41940
16:45:02 64406 8209
16:46:02 85588 7559
16:47:02 140008 31463
16:48:02 83934 7367
16:49:02 100140 25499
16:50:03 77124 22419
16:51:03 148026 63965
16:52:03 209655 14467
16:53:03 36976 2477
16:54:04 35900 37260
16:55:04 104380 21400
16:56:04 74459 4077
16:57:04 37684 7279
16:58:05 179771 7875
16:59:05 22818 3077
17:00:05 266846 9695
17:01:06 83132 10463
17:02:06 137064 9833
17:03:06 74126 10283
17:04:07 32133 1549
17:05:07 81525 3972
17:06:07 30741 6102
17:07:08 153648 21448
17:08:08 220785 8572
17:09:08 1266 882
17:10:08 35412 24975
17:11:11 35152 6009
17:12:09 124343 7340
17:13:09 208087 21896
17:14:09 218588 95611
17:15:09 121451 18599
17:16:10 338243 26453
17:17:10 10413 2845
17:18:10 161684 20773
17:19:10 67481 7656
17:20:10 15607 2850
17:21:13 97822 7808
17:22:11 91866 14875
17:23:11 171724 27324
17:24:11 103889 13803
17:25:15 75928 24509
17:26:16 102013 64987
17:27:13 112446 27885
17:28:13 129050 38282
17:29:14 85305 19171
17:30:13 9286 3950
17:31:14 10644 2993
17:32:14 183096 18537
17:33:14 6042 4210
17:34:15 172283 14898
17:35:15 37620 4937
17:36:15 95893 19002
17:37:15 443370 16200
17:38:16 72815 48186
17:39:16 28536 3415
17:40:16 98813 49989
17:41:17 187407 8636
17:42:17 77451 28775
17:43:18 2844 2062
17:44:18 44598 2335
17:45:18 147167 23715
17:46:19 62268 9102
17:47:19 93196 20131
17:48:19 20532 2868
17:49:20 72369 22382
17:50:20 70521 20758
17:51:20 35917 6618
17:52:20 33599 4860
17:53:21 18691 3181
17:54:21 313704 8021
17:55:21 43443 1644
17:56:21 2774 2081
17:57:22 158390 19864
17:58:22 167315 28312
17:59:22 10752 9806
18:00:22 219233 7711
18:01:23 44704 4353
18:02:23 77807 7664
18:03:23 55056 3726
18:04:23 30746 4264
18:05:24 43818 3007
18:06:24 195658 76374
18:07:29 164501 36278
18:08:24 11062 1083
18:09:25 5266 3530
18:10:25 149350 15283
18:11:26 303794 15864
18:12:25 30363 6234
18:13:26 18624 3245
18:14:26 152341 8570
18:15:26 97183 8282
18:16:30 57870 6636
18:17:27 65376 8106
18:18:27 86023 5257
18:19:27 12357 3790
18:20:27 70696 53041
18:21:28 29219 5024
18:22:28 239023 12128
18:23:29 18508 3011
18:24:30 282021 34793
18:25:31 236827 46716
18:26:36 135189 24450
18:27:31 105549 28686
18:28:41 276959 32306
18:29:35 127788 29553
18:30:32 67491 11895
18:31:34 261498 49673
18:32:32 92161 29815
18:33:33 41802 10584
18:34:33 154883 40165
18:35:33 90814 10677
18:36:33 80827 6692
18:37:33 7084 11223
18:38:34 265679 97808
18:39:34 2531 3397
18:40:35 110109 37537
18:41:35 111719 18099
18:42:35 68576 7642
18:43:35 25622 8813
18:44:35 37206 7204
18:45:35 36260 3012
18:46:35 6502 1984
18:47:39 237209 78845
18:48:36 842 480
18:49:36 80777 38845
18:50:36 331347 64193
18:51:37 110950 15100
18:52:37 123191 30526
18:53:37 157074 40552
18:54:37 11944 3211
18:55:38 144326 51092
18:56:38 55698 4933
18:57:38 181806 47224
18:58:38 125581 52532
18:59:38 8822 3450
19:00:39 3100 2577
19:01:40 168121 56823
19:02:39 118164 71287
19:03:39 83505 9016
19:04:40 194767 59870
19:05:40 90880 7795
19:06:40 154649 39452
19:07:40 51286 9382
19:08:40 27031 9220
19:09:41 93660 8809
19:10:41 17138 4805
19:11:41 72528 23297
19:12:42 160228 115608
19:13:42 40895 11362
19:14:42 62322 51100
19:15:43 110755 28158
19:16:42 65571 6686
19:17:43 378326 17947
19:18:43 170805 32071
19:19:43 79884 38708
19:20:43 144458 16654
19:21:44 86870 17530
19:22:44 138951 7087
19:23:44 153242 26213
19:24:46 266122 14604
19:25:44 64212 8400
19:26:45 138832 47334
19:27:46 31589 19383
19:28:45 89798 16110
19:29:45 61355 3349
19:30:45 152385 57182
19:31:46 174703 62787
19:32:47 133963 53548
19:33:47 232066 85924
19:34:48 85344 25154
19:35:48 71416 15987
19:36:48 90941 12893
19:37:49 169242 68730
19:38:48 96976 7074
19:39:49 58326 3160
19:40:49 145716 73000
19:41:49 123529 69931
19:42:49 100532 39483
19:43:50 93784 30176
19:44:50 66738 41025
19:45:50 70053 64373
19:46:55 287585 110608
19:47:54 127659 64079
19:48:51 23288 13964
19:49:51 337193 11876
19:50:51 -1 -1
19:51:51 125398 39574
19:52:51 47145 4700
19:53:52 272770 93590
19:54:52 64339 9611
19:56:01 86545 98668
19:56:52 125807 42193
19:57:53 5570 3233
19:58:53 11443 4052
19:59:53 21376 2975
20:00:53 95278 6461
20:01:53 82251 4887
20:02:54 208590 77320
20:03:54 53798 8603
20:04:54 87771 62377
20:05:54 28941 88095
20:06:54 99015 69795
20:07:55 85659 5965
20:08:55 194061 14716
20:09:55 34702 5909
20:10:58 149071 80675
20:11:56 57361 7573
20:12:56 355498 49334
20:13:56 188399 48012
20:14:56 107193 11665
20:15:56 28998 4829
20:16:56 109673 8121
20:17:57 3567 1192
20:18:57 55063 10469
20:20:00 111083 10066
20:20:58 86647 9865
20:21:58 54907 3106
20:22:58 148602 60899
20:24:01 45559 12689
20:25:01 110936 8311
20:25:59 164128 105524
20:26:59 527056 95537
20:28:00 -1 -1
20:29:00 172640 111790
20:30:00 64193 10677
20:31:00 173597 101697
20:32:00 119381 4654
20:33:00 83744 14445
20:34:00 189978 109934
20:35:01 45097 9388
20:36:01 126013 24866
20:37:01 71618 3723
20:38:01 164131 17370
20:39:01 168358 8201
20:40:02 69439 6617
20:41:02 156854 15375
20:42:02 216067 8689
20:43:02 129188 72883
20:44:02 62361 10165
20:45:03 44932 16794
20:46:03 73190 9000
20:47:03 146149 15511
20:48:04 242964 35724
20:49:04 7571 1491
20:50:04 28382 1874
20:51:04 31884 5456
20:52:04 59363 17164
20:53:04 144122 80032
20:54:05 86843 9742
20:55:05 234570 89612
20:56:05 60385 3985
20:57:05 119037 10168
20:58:06 79687 10084
20:59:06 139438 51848
21:00:06 104588 38810
21:01:06 63048 26498
21:02:06 82492 21386
21:03:07 122418 69185
21:04:07 230949 36356
21:05:07 146759 9135
21:06:07 226887 79683
21:07:07 148491 10264
21:08:07 93209 62713
21:09:08 41842 14796
21:10:08 133255 63890
21:11:08 82262 16857
21:12:08 206252 25702
21:13:08 384852 45047
21:14:09 48503 10988
21:15:09 333340 11196
21:16:09 20413 1883
21:17:10 101353 76586
21:18:10 227282 12849
21:19:10 120074 11045
21:20:10 82572 12231
21:21:10 102062 11223
21:22:11 86925 7498
21:23:11 62262 4728
21:24:11 506984 90413
21:25:11 128948 94957
21:26:13 232587 104789
21:27:12 165622 50069
21:28:20 270414 96168
21:29:12 95534 6322
21:30:18 102552 21883
21:31:13 -1 -1
21:32:13 9516805 174969
21:33:13 104508 7854
21:34:13 70897 9584
21:35:14 160325 86921
21:36:14 105409 12362
21:37:14 13131 1292
21:38:15 100327 7056
21:39:18 71299 5744
21:40:15 412433 64385
21:41:15 75151 5757
21:42:15 281569 26520
21:43:15 73536 18631
21:44:16 70169 9748
21:45:17 298147 38352
21:46:16 102333 15254
21:47:17 230099 93053
21:48:17 167227 60803
21:49:17 116303 50913
21:50:17 591939 51977
21:51:17 412405 22043
21:52:18 59367 6891
21:53:18 63082 16759
21:54:19 313847 60203
21:55:18 1558 3198
21:56:18 35463 4403
21:57:19 61376 8986
21:58:19 131800 20679
21:59:19 86788 8693
22:00:19 98240 7319
22:01:20 14270 2945
22:02:20 129611 12423
22:03:20 6966 5844
22:04:20 276961 19989
22:05:21 -1 -1
22:06:21 22908 1638
22:07:21 31562 18487
22:08:22 172908 34703
22:09:22 73489 42571
22:10:22 148244 31778
22:11:22 156863 29000
22:12:23 81682 22512
22:13:23 54235 32535
22:14:26 132526 28778
22:15:23 45275 7437
22:16:25 55103 6269
22:17:24 44134 5365
22:18:24 23675 2907
22:19:24 66785 9503
22:20:24 63376 12567
22:21:27 170743 91677
22:22:25 183196 15021
22:23:25 93320 8376
22:24:25 65290 9284
22:25:28 45365 6423
22:26:26 130929 10687
22:27:26 89064 53336
22:28:26 131401 14911
22:29:27 79472 11229
22:30:30 198722 28459
22:31:27 144025 63674
22:32:28 20767 3624
22:33:28 199840 84782
22:34:28 114267 7894
22:35:28 55367 9331
22:36:28 289363 34891
22:37:29 66566 8637
22:38:32 119640 19199
22:39:29 35356 15861
22:40:30 489575 91303
22:41:31 91221 34994
22:42:30 85657 25886
22:43:30 128844 14540
22:44:31 234510 11246
22:45:31 111424 59277
22:46:31 409622 62960
22:47:32 144200 45477
22:48:32 125008 10545
22:49:32 79843 45755
22:50:33 292388 99998
22:51:32 34844 35289
22:52:35 158950 67909
22:53:33 114735 76165
22:54:37 83003 74806
22:55:36 240029 42541
22:56:34 109442 32343
22:57:34 190763 70019
22:58:34 155001 42803
22:59:35 91925 16841
23:00:35 34987 4681
23:01:35 43814 9120
23:02:38 130072 37851
23:03:36 32370 3544
23:04:36 133200 43325
23:05:39 84627 28794
23:06:37 226611 45841
23:07:37 89751 8137
23:08:39 90596 20980
23:09:38 107447 27400
23:10:37 112202 35889
23:11:38 42835 4987
23:12:41 157847 29116
23:13:38 125340 69788
23:14:38 44521 6487
23:15:39 152925 51319
23:16:39 196724 24873
23:17:39 33835 3086
23:18:40 46306 9687
23:19:40 91996 54625
23:20:41 115921 38348
23:21:41 38120 10595
23:22:41 54799 34839
23:23:41 132676 61027
23:24:42 95834 13440
23:25:42 71169 37926
23:26:42 134951 36281
23:27:42 103856 73093
23:28:43 172185 39654
23:29:44 236405 30297
23:30:43 78129 10903
23:31:43 172610 14735
23:32:44 115536 11226
23:33:43 74108 6785
23:34:44 56994 4635
23:35:53 158085 15000
23:36:46 230745 31410
23:37:44 127476 12543
23:38:45 92146 30411
23:39:46 89702 23304
23:40:46 194476 25293
23:41:48 69944 60237
23:42:46 44477 6407
23:43:47 144667 8956
23:44:48 41551 11308
23:45:47 12655 5611
23:46:55 275740 41277
23:47:48 58248 4638
23:48:51 88194 69506
23:49:50 299574 14471
23:50:50 169029 37211
23:51:52 112932 25230
23:52:52 110610 33112
23:53:52 63554 13624
23:54:53 14530 6611
23:55:53 77763 6602
23:56:54 72944 26059
23:57:55 187730 43859
23:58:56 439889 16741
23:59:55 41955 4993
