00:00:06 2866 789
00:01:37 17756 2564
00:02:51 20344 2023
00:03:42 166 1034
00:04:26 38256 4299
00:05:27 76982 6495
00:06:39 24424 1223
00:07:42 30652 1411
02:00:11 2326 3844
02:01:21 37910 1996
02:02:09 -1 -1
02:03:10 19613 2629
02:04:23 57444 2487
02:05:36 1882 1062
02:06:14 280912 19910
02:07:11 1218 1563
02:08:21 2088 1890
02:09:12 7986 4138
02:10:19 65720 6158
02:11:13 1358 1895
02:12:27 376 697
02:13:13 43690 3333
02:14:14 30497 5684
02:15:20 1882 1433
02:16:15 56788 3761
02:17:37 59586 5236
02:18:22 68377 5842
02:19:30 268392 8463
02:20:17 24052 2571
02:21:24 990 538
02:22:17 1382 490
02:23:18 1068 1579
02:24:18 37072 2298
02:25:45 5309 3070
02:26:22 5975 6952
02:27:30 5006 2426
02:28:20 412 2032
02:29:26 1716 878
02:30:25 2050 941
02:31:31 89271 5435
02:32:22 1042 508
02:33:34 28726 2518
02:34:25 1502 1758
02:35:46 2190 1411
02:36:28 1906 1218
02:37:29 1444 2221
02:38:30 2004 1772
02:39:33 14884 1129
02:40:37 -1 -1
02:41:40 7432 2477
02:42:28 914 208
02:43:26 8820 1995
02:44:32 2104 1506
02:45:27 2654 1330
02:46:38 3470 1543
02:47:37 2278 823
02:48:28 55076 3770
02:49:28 17344 1615
02:50:38 12460 4090
02:51:51 2233 1582
02:52:30 42374 3003
02:53:45 68778 3867
02:54:51 2892 5524
02:55:40 5158 1865
02:56:35 2700 838
02:57:43 -1 -1
02:58:52 35586 2887
02:59:32 9149 1510
03:00:56 60700 3329
03:01:43 1730 1810
03:02:34 -1 -1
03:03:46 8672 10852
03:04:56 2260 1984
03:05:35 20578 3025
03:06:36 3764 4698
03:07:37 3698 1786
03:08:58 8065 1860
03:10:06 769 1107
03:10:41 668 586
03:11:53 9702 2699
03:12:58 2178 3222
03:13:42 252 1237
03:14:50 65414 4479
03:15:44 70450 3320
03:16:40 1910 800
03:17:46 2072 833
03:18:51 1620 660
03:19:47 2108 2599
03:20:40 9609 2852
03:21:49 19926 3880
03:22:41 30223 1032
03:23:50 1480 2137
03:24:42 47751 3549
03:25:50 67111 7413
03:26:43 3616 2816
03:27:53 65027 3092
03:28:43 1304 1306
03:29:51 2072 2064
03:30:44 89565 4634
03:31:51 25445 3335
03:32:55 54 180
03:33:45 12126 4924
03:34:49 1836 1881
03:35:45 33233 1830
03:36:52 2658 2257
03:37:46 38677 2120
03:38:50 2241 1789
03:39:47 10516 5193
03:40:50 2152 1567
03:41:57 1606 693
03:42:49 2064 1274
03:43:56 1908 2553
03:44:59 3331 1404
03:46:07 -1 -1
03:46:57 1836 954
03:48:07 54620 1883
03:48:50 66230 3064
03:49:53 1612 2449
03:51:12 2120 1346
03:51:58 1781 1204
03:53:17 83449 8765
03:53:54 1830 2120
03:55:03 3352 5529
03:56:13 3270 4011
03:56:53 7523 2426
03:58:09 474 1584
03:58:55 6552 2644
03:59:57 108 642
04:00:58 1024 1403
04:02:09 1975 768
04:03:11 2638 2352
04:04:24 86307 5127
04:05:03 2766 1741
04:06:15 1798 1597
04:07:27 851 2735
04:08:00 564 2883
04:09:08 2325 2374
04:10:10 -1 -1
04:10:58 2130 1687
04:11:59 1871 1103
04:12:59 41086 3655
04:13:58 6166046 95842
04:15:09 1840 2232
04:16:06 1154 1979
04:17:04 342 1391
04:18:02 4776 1768
04:19:00 93100 7342
04:20:09 2979 1622
04:21:03 2035 3274
04:22:14 1692 1898
04:23:09 6288 1720
04:24:05 2534 2648
04:25:02 189299 12079
04:26:07 2477 426
04:27:03 19224 3619
04:28:19 320272 12080
04:29:08 1074 1966
04:30:20 88232 7234
04:31:11 752 240
04:32:18 -1 -1
04:33:11 56836 4670
04:34:16 299082 10534
04:35:06 1758 2001
04:36:09 1671 2096
04:37:09 2995 1872
04:38:27 1602 624
04:39:13 10250 3971
04:40:07 63703 5976
04:41:14 1891 562
04:42:21 51593 6554
04:43:09 1821 3865
04:44:10 987 306
04:45:27 1945 1133
04:46:12 1548 696
04:47:14 23967 2503
04:48:20 54 240
04:49:09 -1 -1
04:50:22 10776 2537
04:51:13 4430 950
04:52:13 664 1458
04:53:34 -1 -1
04:54:12 2607 2877
04:55:17 2319 2250
04:56:25 49854 13087
04:57:29 1394 978
04:58:38 2639 2893
04:59:14 45433 2368
05:00:27 12648 2635
05:01:41 60376 4286
05:02:16 205613 16431
05:03:23 14300 3648
05:04:33 279478 4205
05:05:16 9672 1863
05:06:30 10817 1595
05:07:35 20402 1860
05:08:38 1987 1434
05:09:17 464 1178
05:10:36 953 2523
05:11:47 21804 2449
05:12:21 80672 3351
05:13:26 1340 1848
05:14:32 7013 3823
05:15:25 1723 1967
05:16:20 -1 -1
05:17:28 1412 573
05:18:39 217854 4625
05:19:30 338934 6367
05:20:23 279462 4764
05:21:31 1644 480
05:22:22 64958 2088
05:23:30 2079 2908
05:24:24 1848 1638
05:25:36 656 698
05:26:31 3225 822
05:27:25 270074 4350
05:28:38 343568 5622
05:29:36 262546 4507
05:30:48 284799 3558
05:31:25 276679 4926
05:32:45 284520 4340
05:33:37 268414 3858
05:34:26 304103 7446
05:35:38 267555 4939
05:36:35 283302 5505
05:37:27 267197 4138
05:38:39 263179 4045
05:39:35 274926 4554
05:40:44 337128 8756
05:41:36 275370 5861
05:42:31 278668 5636
05:43:30 262754 12833
05:44:54 280424 6599
05:45:47 307170 6978
05:46:44 11315 3000
05:47:38 286541 7442
05:48:31 294258 10292
05:49:42 274025 5102
05:50:34 262546 5974
05:51:45 -1 -1
05:52:36 264487 6214
05:53:40 25704 1592
05:54:47 31905 3582
05:55:39 121031 6728
05:56:44 272605 5161
05:57:46 7568 1500
05:58:34 5166 2329
05:59:36 2206 2027
06:00:40 2833 521
06:01:46 58228 4929
06:02:38 2288 1301
06:03:49 13804 4525
06:04:37 3914 2813
06:05:46 3436 2576
06:07:09 2773 3164
06:07:49 1346 1726
06:09:03 2415 1819
06:09:44 -1 -1
06:11:09 1432 1286
06:11:52 2195 1191
06:12:40 592 566
06:14:02 -1 -1
06:14:44 3849 2169
06:16:06 1714 1557
06:16:49 6517 2752
06:18:06 1355 596
06:19:02 1006 2596
06:19:45 1390 2378
06:21:06 -1 -1
06:21:47 2024 1893
06:23:03 4208 1231
06:23:44 45971 5679
06:24:58 2763 2547
06:25:45 2204 1203
06:26:52 2806 1850
06:27:45 74884 2911
06:28:56 41106 1714
06:29:46 27595 2014
06:30:55 56669 2609
06:31:47 1956 1375
06:32:50 2656 1148
06:34:00 90068 8035
06:34:48 11352 5101
06:35:48 17425 3127
06:36:50 2041 1189
06:37:54 73386 4178
06:38:59 2378 1782
06:40:01 7361 2649
06:40:50 25732 4800
06:41:56 2065 1113
06:42:59 31103 2969
06:44:01 19421 1798
06:45:01 10915 2900
06:45:58 27989 2107
06:46:54 2470 4317
06:48:02 4204 3867
06:49:18 1478 1502
06:49:56 1691 440
06:51:09 1990 625
06:52:02 3291 1924
06:52:54 45205 3687
06:54:06 6544 2393
06:54:54 2597 3047
06:56:09 -1 -1
06:56:55 74867 4126
06:58:09 110842 6701
06:59:21 138155 8912
06:59:59 23918 3140
07:01:09 93083 5145
07:02:16 1400 2518
07:02:57 2407 865
07:03:59 2128 889
07:05:06 2183 896
07:06:13 5282 3712
07:07:12 2266 2765
07:08:02 5629 762
07:09:00 985 993
07:10:23 2245 2184
07:11:00 1956 1750
07:12:10 74227 4312
07:13:00 154212 7006
07:14:01 40627 12431
07:15:14 7546 9188
07:16:08 64704 3852
07:17:02 417452 24572
07:18:09 11700 2694
07:19:14 4468 8614
07:20:06 28931 3058
07:21:13 1316 180
07:22:08 3816 3653
07:23:04 34781 3119
07:24:14 789 947
07:25:09 2512 1278
07:26:05 35243 4128
07:27:12 19122 2658
07:28:05 46138 3974
07:29:13 10776 1611
07:30:06 4516 1355
07:31:12 259879 6685
07:32:07 23581 5954
07:33:12 54 180
07:34:08 7054 1782
07:35:30 1300 1087
07:36:22 1957 1180
07:37:14 2158 2259
07:38:20 1979 1310
07:39:09 1786 422
07:40:10 3454 768
07:41:21 2144 803
07:42:17 1365 1330
07:43:12 822 826
07:44:21 644 1813
07:45:26 1656 180
07:46:13 2624 1926
07:47:19 2013 2103
07:48:24 79258 4705
07:49:15 11582 636
07:50:20 2228 1287
07:51:14 31636 2044
07:52:16 197 302
07:53:23 674 1516
07:54:14 32342 3412
07:55:18 474 2016
07:56:23 2938 3413
07:57:35 7018 1481
07:58:15 19874 5215
07:59:16 75449 3849
08:00:16 16826 2987
08:01:39 3168 1514
08:02:25 2357 2429
08:03:40 1373 1621
08:04:21 3101 2088
08:05:17 13291 2685
08:06:18 27302 2400
08:07:25 9320 1544
08:08:26 2470 2513
08:09:37 3699 5194
08:10:22 14924 3273
08:11:47 44791 3322
08:12:39 2532 1030
08:13:41 778 1273
08:14:40 1503 1086
08:15:43 -1 -1
08:16:41 5186 6320
08:17:46 3064 4418
08:18:36 1799 372
08:19:22 15130 3085
08:20:23 11174 2695
08:21:45 69613 3978
08:22:29 16990 1875
08:23:24 12398 1907
08:24:44 759 1474
08:25:43 13222 1212
08:26:31 46227 3217
08:27:25 204671 13734
08:28:39 35605 2911
08:29:26 42684 2503
08:30:52 30850 7407
08:31:34 1693 2065
08:32:27 1040 960
08:33:33 132 988
08:34:27 46109 4126
08:35:28 1680 742
08:36:28 2260 947
08:37:47 6746 1864
08:38:36 2151 3126
08:39:30 -1 -1
08:40:29 2647 878
08:41:30 352 252
08:42:46 1166 1157
08:43:55 1274 3377
08:44:46 108068 6318
08:45:51 2613 1252
08:46:31 136151 7446
08:47:32 6296 3310
08:48:40 1796 790
08:49:32 2354 1552
08:50:33 318 1215
08:51:33 4289 1615
08:52:33 35470 2460
08:53:44 42212 2892
08:54:36 2361 331
08:55:55 49406 2783
08:56:36 50914 6308
08:57:58 2062 2397
08:58:41 1022 2009
08:59:41 248581 8220
09:00:37 221181 6677
09:02:02 2310 3804
09:03:07 1122 593
09:03:57 1185 1435
09:04:57 1076 1378
09:05:38 4178 4231
09:06:49 98768 4913
09:07:47 26792 1916
09:08:39 344993 13741
09:09:48 252 1092
09:10:41 91044 6747
09:12:00 474 1656
09:12:48 33947 3195
09:14:04 2274 1619
09:14:49 3264 962
09:16:01 2312 1797
09:16:41 1378 697
09:17:59 138607 4845
09:18:59 -1 -1
09:19:46 3165 1820
09:20:48 3790 3421
09:21:48 61810 2316
09:22:51 73964 3957
09:23:50 1612 1060
09:24:50 1498 1337
09:25:52 -1 -1
09:26:48 -1 -1
09:27:46 68066 3644
09:28:57 56278 2697
09:30:10 3544 2867
09:30:50 2376 2495
09:31:48 6824 1636
09:32:46 43297 2182
09:33:58 73671 3331
09:35:01 68050 7393
09:35:47 1600 2092
09:36:49 59386 4566
09:37:48 33978 4105
09:38:59 64253 1950
09:39:51 193597 7231
09:41:04 232969 9767
09:41:53 116917 4136
09:42:50 64968 3675
09:43:59 403576 17346
09:44:53 12287 2657
09:45:50 152398 21741
09:47:03 113800 5607
09:48:14 1774 1142
09:49:03 669 1572
09:49:51 459 682
09:51:00 1816 1686
09:51:51 1288 1132
09:53:01 1699 2732
09:54:12 1782 3227
09:54:52 264 949
09:55:59 2080 3727
09:57:11 61304 2309
09:57:53 2608 2872
09:59:07 114540 5698
10:00:15 259816 8891
10:01:20 70886 4788
10:01:54 91964 8091
10:02:57 131748 5322
10:04:00 61084 2256
10:05:06 66600 2526
10:05:55 62850 3280
10:06:55 62735 2338
10:08:02 54 439
10:08:56 49842 4335
10:10:08 -1 -1
10:11:09 100276 3180
10:11:57 705242 40989
10:12:57 74415 8008
10:14:04 1866 1010
10:15:00 196035 11947
10:16:12 17772 2700
10:17:02 68764 4832
10:18:15 26965 3480
10:19:02 1568 564
10:20:09 1060 1492
10:21:17 120 333
10:22:01 46543 3074
10:23:10 29682 1296
10:24:11 7164 2349
10:25:21 62906 2635
10:26:15 1932 1801
10:27:04 7107 1020
10:28:13 270354 14214
10:29:09 -1 -1
10:30:04 256582 12454
10:31:15 8800 1455
10:32:07 2534 1147
10:33:05 2461 1305
10:34:13 29209 5712
10:35:06 127511 10661
10:36:06 35805 6560
10:37:19 4542 6056
10:38:26 25340 1088
10:39:21 19920 2769
10:40:30 59969 5435
10:41:19 695 490
10:42:15 16055 5256
10:43:22 2842 1518
10:44:17 16604 4019
10:45:13 1668 565
10:46:36 1767 2019
10:47:10 125838 10396
10:48:18 630 2791
10:49:35 13392 867
10:50:12 67862 4150
10:51:27 62804 5525
10:52:39 378383 19468
10:53:15 80410 4470
10:54:28 101876 21904
10:55:38 2212 718
10:56:14 2084 2620
10:57:16 131676 5761
10:58:23 226390 7287
10:59:29 117670 4168
11:00:31 1919 1864
11:01:35 1686 2873
11:02:18 2050 865
11:03:22 173321 6892
11:04:37 2366 1833
11:05:37 1533 2088
11:06:23 2581 1945
11:07:24 11004 5616
11:08:19 264 710
11:09:29 -1 -1
11:10:26 8389 2492
11:11:20 497682 17849
11:12:21 11331821 170239
11:13:25 1758 842
11:14:22 19829 7028
11:15:22 183845 6987
11:16:25 9608 3173
11:17:38 54663 2426
11:18:35 34881 3991
11:19:24 38480 3011
11:20:24 26286 3890
11:21:25 55095 4211
11:22:36 34374 3443
11:23:25 78982 4730
11:24:25 254336 10384
11:25:34 17924 2304
11:26:26 104158 5937
11:27:26 58208 5696
11:28:28 19056 1922
11:29:37 9226 2167
11:30:27 107845 6518
11:31:36 1962 1087
11:32:33 9328 3287
11:33:36 2052 2039
11:34:38 6554 1918
11:35:28 -1 -1
11:36:45 106909 8289
11:37:47 34017 2708
11:38:45 280599 11066
11:39:47 22231 3937
11:40:32 415155 18627
11:41:32 112800 11446
11:42:38 66810 3405
11:43:34 14075 3631
11:44:34 -1 -1
11:45:37 22402 4927
11:46:34 72213 5844
11:47:47 115339 9716
11:48:35 6982 2836
11:49:46 33108 2386
11:50:36 3673 1843
11:52:01 46253 5907
11:53:01 21857 3311
11:53:48 11210 1071
11:54:52 35790 7042
11:55:49 46609 2504
11:56:37 99281 3568
11:57:48 26654 1443
11:58:37 13041 1414
11:59:53 29406 5926
12:00:52 8244 514
12:01:41 68556 4955
12:02:49 63640 4094
12:03:51 264333 10791
12:04:39 21990 2851
12:06:01 4797 636
12:06:40 129228 4360
12:07:41 264765 11395
12:08:53 70326 3372
12:09:46 698 1413
12:10:43 309019 14275
12:11:48 30822 2027
12:12:47 59448 2678
12:13:43 28252 1498
12:14:53 12164 2621
12:15:47 3994 3606
12:16:50 11118 4350
12:18:06 260466 5357
12:18:53 205878 5347
12:19:57 146339 6667
12:21:00 2608 476
12:21:49 261108 6769
12:22:47 255428 10412
12:23:52 -1 -1
12:24:59 65675 15042
12:25:47 11844 2469
12:26:57 2870 1260
12:27:59 882 366
12:28:48 433634 28268
12:29:50 1016 1602
12:30:53 2793 2528
12:31:49 16306 2258
12:33:12 35563 1976
12:33:54 16750 1590
12:34:57 41138 2197
12:35:54 143641 6040
12:37:01 1676 629
12:37:51 41834 3855
12:38:51 1023 300
12:39:57 2408 1333
12:41:01 8916 1552
12:41:54 -1 -1
12:43:01 49622 1140
12:43:52 41701 2270
12:44:52 13112 3790
12:46:01 177609 6882
12:46:59 23143 2457
12:47:56 2498 1631
12:48:58 15611 1384
12:50:04 1734 360
12:50:53 129341 6589
12:52:03 1303 1521
12:52:57 14986 2434
12:53:54 1420 1372
12:54:56 2972 679
12:55:55 54213 3670
12:56:55 36841 3102
12:58:03 22103 2611
12:59:21 3786 2211
13:00:00 4290 5084
13:01:19 57596 10367
13:02:11 13840 1805
13:03:04 9422 4086
13:04:19 25034 2710
13:04:57 82888 3583
13:06:06 3752 2917
13:07:23 69354 4674
13:08:04 53714 4537
13:09:21 202386 13384
13:10:05 20106 9080
13:10:58 449934 17016
13:11:58 12985 2181
13:12:58 18908 4895
13:14:12 1734 792
13:14:59 11880 1274
13:16:20 3244 619
13:17:04 3096 781
13:18:12 5126 3747
13:19:00 8692 2059
13:20:13 10677 3129
13:21:00 42147 2485
13:22:15 81196 6421
13:23:01 60508 5451
13:24:01 76842 2924
13:25:03 1462 1178
13:26:02 134930 7988
13:27:08 4064 2091
13:28:10 314492 18721
13:29:02 4018 925
13:30:08 65140 3842
13:31:03 65970 5001
13:32:03 16173 2537
13:33:14 2722 2028
13:34:04 78670 9408
13:35:09 7568 2283
13:36:15 8510 3324
13:37:05 13949 4118
13:38:06 98724 5213
13:39:12 59252 4042
13:40:06 25856 866
13:41:18 22923 2413
13:42:06 114168 3728
13:43:11 64278 3756
13:44:11 170 759
13:45:08 20304 2793
13:46:08 57636 5572
13:47:09 34203 3270
13:48:09 34134 3633
13:49:10 78013 3601
13:50:11 48926 1620
13:51:13 2161 4541
13:52:33 63836 3633
13:53:12 105975 170553
13:54:19 17601 6359
13:55:38 221413 13475
13:56:29 115682 14249
13:57:13 21630 9606
13:58:26 72267 3648
13:59:13 79917 5593
14:00:29 -1 -1
14:01:22 1882 1111
14:02:21 287926 14665
14:03:31 83708 3545
14:04:14 49309 6822
14:05:29 19948 1946
14:06:41 62798 3649
14:07:25 29696 2509
14:08:37 -1 -1
14:09:26 -1 -1
14:10:36 233707 9382
14:11:17 58027 5017
14:12:24 94525 6664
14:13:30 2112 1246
14:14:26 1559 2378
14:15:25 45469 1407
14:16:25 35181 3816
14:17:26 61038 2173
14:18:29 154811 7854
14:19:20 68759 4571
14:20:20 125539 21665
14:21:32 98990 3288
14:22:33 64050 2294
14:23:34 217331 12896
14:24:22 41805 7353
14:25:27 44982 3001
14:26:41 3528 1511
14:27:33 46885 3087
14:28:23 31088 7769
14:29:36 178609 9855
14:30:31 111208 7869
14:31:33 124918 6151
14:32:31 75228 12596
14:33:27 30940 3631
14:34:25 55710 4156
14:35:31 66777 4045
14:36:29 86048 6161
14:37:39 19521 5544
14:38:32 57708 5117
14:39:40 406138 25606
14:40:42 607 1035
14:41:47 82554 8825
14:42:45 30075 3292
14:43:42 351670 50026
14:44:33 266989 9329
14:45:34 13756 2421
14:46:52 51136 2535
14:47:32 193795 10583
14:48:56 121790 4854
14:49:52 98460 5510
14:50:33 11401 1803
14:51:58 7574 1070
14:52:54 -1 -1
14:53:51 -1 -1
14:54:34 44494 7021
14:55:42 65312 3983
14:56:46 53123 5205
14:57:39 154217 6572
14:58:41 8652 731
14:59:45 20806 1818
15:00:36 45562 4745
15:01:36 76700 3924
15:02:47 52720 1791
15:03:49 41639 2331
15:04:47 65390 2625
15:05:37 66470 4933
15:06:47 -1 -1
15:07:38 24113 2441
15:08:41 18666 1821
15:09:48 295168 11903
15:10:39 -1 -1
15:11:40 21854 1161
15:12:39 20184 2832
15:13:47 1474 1521
15:14:44 5656 1298
15:15:42 35644 2060
15:16:49 35447 1884
15:17:41 29952 2801
15:18:43 31170 2765
15:19:49 56684 3568
15:20:41 75740 4351
15:21:49 91031 7491
15:22:42 133019 8393
15:23:46 51636 4877
15:24:49 53734 6835
15:25:56 372520 19499
15:26:52 43834 2814
15:27:43 27574 3113
15:28:43 131955 8720
15:29:56 1844 1245
15:30:43 431514 22027
15:31:56 150974 13799
15:32:44 64014 13616
15:33:54 88566 5491
15:34:51 118016 4319
15:35:45 28465 4740
15:36:46 17397 3968
15:37:56 68317 2422
15:38:47 2710 2122
15:39:46 16802 1658
15:40:46 4629 2380
15:41:46 53983 5695
15:42:49 2272 1480
15:43:58 356 1728
15:44:47 117526 4261
15:45:47 23435 5839
15:47:02 241076 13223
15:47:51 6714 2183
15:49:14 23807 3871
15:49:48 237617 12231
15:50:52 2030 2529
15:51:49 38536 1962
15:52:49 86364 7576
15:53:50 1743 682
15:54:58 63605 3770
15:56:00 112 426
15:57:03 78025 7593
15:57:53 2374 2149
15:58:58 166185 9314
16:00:01 3272 3385
16:00:55 2385 1730
16:02:10 6211 4327
16:02:51 119202 8916
16:03:51 74140 3176
16:04:52 1136 1528
16:06:13 65656 5809
16:07:26 43791 2769
16:08:19 968 886
16:09:30 130672 7972
16:10:15 -1 -1
16:10:53 31871 2077
16:11:56 327252 19446
16:12:53 -1 -1
16:14:21 324017 11289
16:14:54 23206 2786
16:15:54 11105 2685
16:17:17 53639 8349
16:18:13 1907 1323
16:18:55 15845 1902
16:19:55 440992 14248
16:20:55 173054 6564
16:22:10 8634 3982
16:23:04 1216 1119
16:23:56 37260 2663
16:25:17 1932 2491
16:25:58 2591 1130
16:26:57 10396 3504
16:28:20 204329 7622
16:29:15 50913 6904
16:30:22 64554 5434
16:31:04 1120 1045
16:31:58 85722 6312
16:33:20 64289 6961
16:33:58 46360 2424
16:35:11 1580 5633
16:35:58 4259 1499
16:36:59 115088 6438
16:38:06 6324 3413
16:39:03 29259 3084
16:39:59 6962 1285
16:41:14 35223 2791
16:42:06 68623 4113
16:43:00 149777 6292
16:44:08 162408 6283
16:45:00 38897 4095
16:46:01 69794 4773
16:47:01 8753 1282
16:48:01 43010 4780
16:49:21 293378 8460
16:50:20 13196 1987
16:51:02 46067 5760
16:52:02 17300 3746
16:53:15 9038 3705
16:54:24 63343 3220
16:55:04 108 587
16:56:22 302 1888
16:57:04 2637 3240
16:58:31 -1 -1
16:59:10 4664 2173
17:00:28 66374 3692
17:01:04 1874 462
17:02:08 289691 11845
17:03:06 226060 8770
17:04:06 38820 3475
17:05:06 196063 9087
17:06:10 1263 1751
17:07:06 211561 28522
17:08:07 93309 6930
17:09:07 169822 8865
17:10:17 29984 1566
17:11:23 148506 10426
17:12:34 74182 6260
17:13:14 2684 1759
17:14:08 23996 3333
17:15:14 2130 865
17:16:08 77439 4597
17:17:09 46206 3623
17:18:20 229362 16407
17:19:18 2546 2188
17:20:16 3534 2101
17:21:10 41216 2171
17:22:10 4136 1092
17:23:10 161599 11096
17:24:10 204098 14550
17:25:11 208635 11662
17:26:16 174710 7016
17:27:11 228577 8908
17:28:12 177167 5453
17:29:12 8950 1845
17:30:12 15896 546
17:31:13 1386 1709
17:32:13 59486 2054
17:33:13 226740 10001
17:34:15 57476 4248
17:35:14 29532 2763
17:36:16 7926 2649
17:37:27 154213 8379
17:38:23 11477 1159
17:39:19 252 1211
17:40:18 1958 1343
17:41:21 1332 1043
17:42:19 108 364
17:43:22 58438 2731
17:44:27 49243 2660
17:45:31 343902 15267
17:46:18 41534 4738
17:47:27 4380 739
17:48:18 3457 3424
17:49:26 216 819
17:50:20 17682 2161
17:51:19 2194 2072
17:52:19 2630 2999
17:53:20 2040 1213
17:54:20 264305 17015
17:55:20 52160 2642
17:56:20 1132 768
17:57:34 302898 14309
17:58:22 71682 3917
17:59:21 75890 2168
18:00:33 237799 10016
18:01:29 -1 -1
18:02:22 1060 1018
18:03:34 916 1689
18:04:27 200726 7608
18:05:22 80889 3604
18:06:23 21594 11028
18:07:32 -1 -1
18:08:23 16997 4250
18:09:33 4268 1590
18:10:24 41091 1358
18:11:24 41878 1394
18:12:31 1754 969
18:13:45 442 935
18:14:26 2481 1171
18:15:25 13983 2830
18:16:25 21311 1668
18:17:28 62826 2875
18:18:26 21980 3230
18:19:45 42566 2843
18:20:35 3411 2027
18:21:29 723875 21018
18:22:27 123254 7756
18:23:38 2249 3211
18:24:29 4760 3211
18:25:29 5534 1045
18:26:35 1772 821
18:27:41 118410 5038
18:28:40 438 1414
18:29:31 25329 2753
18:30:31 2468 1405
18:31:38 170 240
18:32:31 2723 2043
18:33:40 1087 2012
18:34:33 18726 3993
18:35:36 91949 6366
18:36:42 331272 14417
18:37:45 1400 180
18:38:41 1088 682
18:39:34 84569 6996
18:40:35 3968 1686
18:41:40 2186 1182
18:42:45 2147 1035
18:43:47 647 891
18:44:35 1468 246
18:45:46 1708 1560
18:46:35 77582 8152
18:47:38 7802 2896
18:48:46 1047 697
18:49:49 57113 5309
18:50:39 219356 9161
18:51:37 158006 4794
18:52:45 106546 3822
18:53:39 88438 3430
18:54:48 2036 2798
18:55:49 18151 2808
18:56:38 2018 360
18:57:38 2845 4116
18:58:49 1190 1766
18:59:38 9389 1001
19:00:39 9154 2207
19:01:39 6124 2055
19:02:44 1668 905
19:03:39 15482 2819
19:04:40 1896 1184
19:05:40 12095 2493
19:06:47 17762 3189
19:07:40 108 300
19:08:40 5980 1388
19:09:55 56384 2006
19:10:41 3071 2055
19:11:44 35369 3787
19:12:50 -1 -1
19:13:45 78936 7494
19:14:45 79916 4444
19:15:42 34717 2155
19:16:43 9502 1800
19:17:46 1936 2490
19:18:54 18317 1759
19:19:43 73754 7662
19:20:43 30236 4226
19:21:43 19604 734
19:22:44 1742 1669
19:23:44 170739 10954
19:24:47 50728 1800
19:25:46 31110 3670
19:26:46 14695 2980
19:27:46 9246 1259
19:28:49 3387 2125
19:29:45 19330 6014
19:30:49 108 935
19:31:47 126488 4213
19:32:46 16368 576
19:33:52 13894 4233
19:34:48 14656 2993
19:35:59 94364 5305
19:36:48 161666 11260
19:37:48 1431 1541
19:38:48 25213 2534
19:39:49 2850 1241
19:41:03 1912 1596
19:42:03 34380 1979
19:42:55 2414 1807
19:43:50 18254 3895
19:44:50 50501 3621
19:45:54 9468 1000
19:47:02 67776 2904
19:48:10 12436 11903
19:48:51 17719 8541
19:50:09 26781 2370
19:50:51 106795 10993
19:52:10 7560 916
19:52:51 7880 3169
19:53:52 9835 2054
19:54:52 7766 1168
19:55:52 3158 1384
19:57:04 4199 3425
19:57:57 2353 4333
19:58:53 93488 8187
20:00:07 1063 2327
20:00:59 101270 4990
20:01:54 24267 6260
20:02:54 2314 1320
20:04:03 64794 3490
20:05:02 6377 1847
20:05:54 134691 5303
20:06:57 14828 4659
20:08:03 680 1630
20:08:55 16710 9451
20:09:55 7299 4830
20:11:03 8756 868
20:11:55 2780 1374
20:12:56 2575 1630
20:13:57 12412 2477
20:15:09 -1 -1
20:15:59 29374 3808
20:16:56 4070 3686
20:17:57 271979 12814
20:18:57 130148 7518
20:19:57 3187 1845
20:20:58 2389 3563
20:21:58 1014 1177
20:23:00 10830 2053
20:23:58 19981 2992
20:25:10 106492 7375
20:25:59 44350 5221
20:26:59 77094 5519
20:28:04 2878 1370
20:28:59 45065 4396
20:29:59 35931 3892
20:31:12 147341 9213
20:32:18 24515 1101
20:33:00 80287 11408
20:34:11 32122 965
20:35:00 11955 1819
20:36:01 6834 1127
20:37:02 -1 -1
20:38:04 18751 2236
20:39:01 20344 1117
20:40:30 25284 4206
20:41:12 856042 34689
20:42:06 14928 2547
20:43:17 13885 1607
20:44:02 19738 2615
20:45:02 16943 180004
20:46:19 -1 -1
20:47:09 37208 4383
20:48:17 4359 10788
20:49:04 21031 4217
20:50:04 79915 3719
20:51:06 2551 696
20:52:04 8119 2246
20:53:13 68115 7351
20:54:16 2282 978
20:55:05 644 499
20:56:05 38995 2262
20:57:35 6754 2391
20:58:05 240247 15352
20:59:24 1192 702
21:00:18 55012 3981
21:01:09 29503 4987
21:02:11 912 1139
21:03:09 2463 561
21:04:09 6834 11018
21:05:07 12888 4547
21:06:10 20162 2558
21:07:13 23983 900
21:08:12 1234 694
21:09:14 12142 3996
21:10:16 12292 7421
21:11:21 1306 1435
21:12:12 1255 636
21:13:08 17087 7522
21:14:21 31973 4699
21:15:09 41688 3413
21:16:22 54428 3105
21:17:09 58860 75432
21:18:10 23611 4578
21:19:10 24404 7220
21:20:16 22000 1500
21:21:17 8458 2693
21:22:16 18457 2763
21:23:15 4704 1030
21:24:24 4852 3774
21:25:20 26954 3738
21:26:15 28874 2673
21:27:25 7880 2646
21:28:12 42618 8481
21:29:29 2363 2996
21:30:12 13554 1570
21:31:24 -1 -1
21:32:13 222931 13663
21:33:13 27767 2976
21:34:13 102406 7666
21:35:33 22438 2109
21:36:14 48196 3244
21:37:15 3442 1738
21:38:16 75962 3108
21:39:23 750 1084
21:40:15 15781 1627
21:41:27 3932 1945
21:42:25 264 1152
21:43:15 87684 7266
21:44:26 13236 1387
21:45:22 2784 1540
21:46:19 14698 5190
21:47:16 52054 5016
21:48:23 3731 3273
21:49:20 2373 2836
21:50:20 3042 1499
21:51:17 23301 1292
21:52:27 15232 480
21:53:19 1630 1052
21:54:18 16883 564
21:55:18 12121 1206
21:56:23 86449 3865
21:57:40 752 488
21:58:19 73554 2352
21:59:19 21304 2599
22:00:24 34394 2734
22:01:23 2209 884
22:02:21 6237 746
22:03:20 42750 8128
22:04:20 107597 8337
22:05:21 125982 6955
22:06:32 44735 3704
22:07:37 1642 1578
22:08:21 6553 2889
22:09:24 2252 1741
22:10:33 4564 1093
22:11:23 -1 -1
22:12:22 572 2190
22:13:23 7982 1620
22:14:23 10627 1586
22:15:31 168045 10803
22:16:23 898 1181
22:17:24 18753 2971
22:18:34 3206 751
22:19:24 79621 4680
22:20:24 4493 2685
22:21:25 698 306
22:22:29 74427 3961
22:23:34 1814 674
22:24:36 475 636
22:25:34 -1 -1
22:26:30 80766 8023
22:27:28 13688 1715
22:28:26 20090 4488
22:29:27 75881 18361
22:30:40 52660 4922
22:31:48 9446 2089
22:32:28 17428 3080
22:33:28 14856 1541
22:34:28 14398 12082
22:35:31 12254 1730
22:36:28 16424 2619
22:37:29 5339 4587
22:38:36 10126 1140
22:39:56 20022 2083
22:40:30 7057 2172
22:41:30 117020 4343
22:42:55 118331 6454
22:43:30 3510 2146
22:44:31 14463 1526
22:45:31 21768 2421
22:46:31 8353 5191
22:47:31 1034 914
22:48:32 3120 1057
22:49:41 31019 3025
22:50:51 205780 8502
22:51:32 5296 2014
22:52:33 26858 3272
22:53:38 164763 12142
22:54:33 39862 9891
22:55:41 4268 1136
22:56:34 32711 6197
22:57:34 118452 8338
22:58:53 294 911
22:59:37 3708 756
23:00:35 5188 1123
23:01:41 3184 1820
23:02:35 141480 11681
23:03:39 30530 9757
23:04:36 6000 3727
23:05:39 -1 -1
23:06:43 106911 7959
23:07:36 16550 4109
23:08:39 54 360
23:09:45 1300 745
23:10:44 11428 1791
23:11:38 1586 1004
23:12:38 86902 4384
23:13:40 1622 605
23:14:38 1568 1397
23:15:38 82121 5791
23:16:39 17388 3399
23:17:39 6587 4556
23:18:39 4140 1502
23:19:40 333166 10629
23:20:41 60953 5308
23:21:46 158846 10654
23:22:47 12238 3417
23:23:49 30153 8593
23:24:47 12521 6774
23:25:51 163268 6516
23:26:41 5692 1936
23:27:42 2068 1074
23:28:55 178395 7906
23:29:53 2485 836
23:30:57 2793 1606
23:31:43 11841 1059
23:32:54 185672 7125
23:33:47 1793 1521
23:34:44 7942 1444
23:35:56 2377 2066
23:36:51 10889 1561
23:37:44 11347 960
23:39:20 1342 132
23:39:49 2445 1227
23:40:59 5898 8110
23:41:57 18476 5760
23:43:00 8037 4292
23:43:56 4320 3550
23:44:54 4144 4488
23:45:48 3765 7432
23:46:52 1180 1016
23:47:48 1446 955
23:49:09 572 1224
23:49:52 1965 1032
23:51:07 69469 4135
23:51:51 621358 40113
23:53:06 162 372
23:54:06 17230 1561
23:55:13 -1 -1
23:56:02 30285 1877
23:57:06 912 1212
23:57:55 1788 366
23:58:54 98424 3404
