00:01:36 5448 1634
00:02:48 -1 -1
00:03:25 291820 13646
00:04:25 114690 5010
00:05:26 -1 -1
00:06:29 187186 7551
00:07:29 -1 -1
02:00:07 -1 -1
02:01:07 2111 3098
02:02:08 5543 4590
02:03:11 -1 -1
02:04:08 -1 -1
02:05:09 20983 4136
02:06:10 -1 -1
02:07:10 -1 -1
02:08:11 -1 -1
02:09:11 36563 5420
02:10:11 118342 10760
02:11:12 -1 -1
02:12:12 -1 -1
02:13:12 -1 -1
02:14:13 -1 -1
02:15:17 2285 1761
02:16:14 95142 7605
02:17:14 1210 2492
02:18:15 -1 -1
02:19:15 -1 -1
02:20:16 29218 4753
02:21:16 3848 4411
02:22:16 127120 34226
02:23:17 86652 31832
02:24:17 -1 -1
02:25:18 57599 10458
02:26:18 404106 23047
02:27:18 36045 3258
02:28:19 -1 -1
02:29:19 1250 2142
02:30:20 -1 -1
02:31:20 -1 -1
02:32:21 -1 -1
02:33:21 70744 6971
02:34:22 125719 9003
02:35:22 44390 3819
02:36:22 19522 4062
02:37:23 -1 -1
02:38:23 -1 -1
02:39:23 27351 4207
02:40:24 -1 -1
02:41:24 -1 -1
02:42:25 70278 7704
02:43:28 -1 -1
02:44:25 -1 -1
02:45:26 46634 3344
02:46:26 13140 2323
02:47:27 9018 1675
02:48:27 746 1498
02:49:27 -1 -1
02:50:28 -1 -1
02:51:28 12092 2782
02:52:29 2261 1214
02:53:29 86240 4010
02:54:29 43401 6351
02:55:30 11436 5277
02:56:30 974 2026
02:57:30 -1 -1
02:58:31 3310 1466
02:59:31 40717 31298
03:00:32 283215 16015
03:01:32 7827 2499
03:02:32 98749 14516
03:03:33 112572 18792
03:04:33 56216 31422
03:05:34 4818 18335
03:06:35 -1 -1
03:07:35 -1 -1
03:08:36 -1 -1
03:09:37 -1 -1
03:10:37 718 1430
03:11:37 30925 42417
03:12:38 50252 34698
03:13:38 1838 10062
03:14:38 12709 5003
03:15:39 50038 9069
03:16:39 -1 -1
03:17:39 -1 -1
03:18:40 49531 3111
03:19:40 -1 -1
03:20:40 -1 -1
03:21:41 -1 -1
03:22:41 1135 1822
03:23:41 -1 -1
03:24:41 -1 -1
03:25:42 18227 3905
03:26:42 -1 -1
03:27:43 71454 8654
03:28:43 46952 6009
03:29:43 -1 -1
03:30:44 52331 4863
03:31:44 7731 2867
03:32:44 -1 -1
03:33:45 850 1726
03:34:45 -1 -1
03:35:45 16713 2492
03:36:46 -1 -1
03:37:46 -1 -1
03:38:48 -1 -1
03:39:47 -1 -1
03:40:47 8796 984
03:41:48 -1 -1
03:42:48 -1 -1
03:43:48 2728 2651
03:44:49 -1 -1
03:45:49 -1 -1
03:46:49 98843 8181
03:47:50 33248 7750
03:48:50 28109 4680
03:49:50 -1 -1
03:50:50 -1 -1
03:51:51 -1 -1
03:52:51 -1 -1
03:53:52 40230 10944
03:54:52 14653 4030
03:55:52 113146 7417
03:56:53 -1 -1
03:57:53 -1 -1
03:58:53 -1 -1
03:59:54 7797 2513
04:00:54 -1 -1
04:01:54 -1 -1
04:02:55 -1 -1
04:03:55 -1 -1
04:04:55 -1 -1
04:05:56 4063 2006
04:06:56 48347 4744
04:07:56 -1 -1
04:08:57 54 552
04:09:57 23585 5221
04:10:57 -1 -1
04:11:58 25958 6486
04:12:58 -1 -1
04:13:58 17052 4848
04:14:59 -1 -1
04:16:00 11380 2318
04:16:59 10465 4181
04:18:00 54514 6802
04:19:00 -1 -1
04:20:00 -1 -1
04:21:01 -1 -1
04:22:01 -1 -1
04:23:01 -1 -1
04:24:02 -1 -1
04:25:02 9559 10994
04:26:04 -1 -1
04:27:03 -1 -1
04:28:03 -1 -1
04:29:04 -1 -1
04:30:04 -1 -1
04:31:04 274768 7779
04:32:04 -1 -1
04:33:05 -1 -1
04:34:05 -1 -1
04:35:05 -1 -1
04:36:06 78322 5624
04:37:06 62280 4660
04:38:07 108383 4655
04:39:07 14507 3438
04:40:07 -1 -1
04:41:08 -1 -1
04:42:08 -1 -1
04:43:08 63574 3778
04:44:09 68576 4418
04:45:09 104034 4300
04:46:10 28088 4448
04:47:10 -1 -1
04:48:10 -1 -1
04:49:09 -1 -1
04:50:11 25388 1793
04:51:11 -1 -1
04:52:11 -1 -1
04:53:12 -1 -1
04:54:12 70622 2836
04:55:12 -1 -1
04:56:13 -1 -1
04:57:14 -1 -1
04:58:14 60563 26825
04:59:14 23714 8959
05:00:14 29791 4363
05:01:15 -1 -1
05:02:15 -1 -1
05:03:16 -1 -1
05:04:16 61472 12228
05:05:16 -1 -1
05:06:16 3309 1661
05:07:17 -1 -1
05:08:17 236407 12204
05:09:17 15333 3715
05:10:18 -1 -1
05:11:18 -1 -1
05:12:18 -1 -1
05:13:19 7286 4542
05:14:19 253395 5068
05:15:19 330603 12137
05:16:20 -1 -1
05:17:20 413164 10820
05:18:21 10499 3813
05:19:21 -1 -1
05:20:21 -1 -1
05:21:22 -1 -1
05:22:22 12679 2597
05:23:22 14036 1465
05:24:23 26536 2422
05:25:23 900 2251
05:26:23 3432 16689
05:27:24 9680 17029
05:28:24 1109 6999
05:29:24 5472 7548
05:30:25 734 6274
05:31:25 3445 10112
05:32:25 -1 -1
05:33:27 -1 -1
05:34:26 -1 -1
05:35:26 -1 -1
05:36:27 -1 -1
05:37:28 201286 8944
05:38:27 11060 982
05:39:28 -1 -1
05:40:28 -1 -1
05:41:29 52502 12824
05:42:29 -1 -1
05:43:29 -1 -1
05:44:29 -1 -1
05:45:30 79988 4841
05:46:30 -1 -1
05:47:31 59603 4814
05:48:33 48427 6713
05:49:34 104365 10074
05:50:31 212513 8344
05:51:32 102794 5100
05:52:32 -1 -1
05:53:32 -1 -1
05:54:33 -1 -1
05:55:33 53803 12798
05:56:34 51031 3563
05:57:34 -1 -1
05:58:34 50413 3748
05:59:35 32631 2990
06:00:35 24056 12557
06:01:36 4063 2971
06:02:36 6015 3469
06:03:36 -1 -1
06:04:37 43143 5395
06:05:37 211666 6034
06:06:38 3663 2256
06:07:38 -1 -1
06:08:38 738 1732
06:09:39 15318 1552
06:10:39 -1 -1
06:11:40 3571 2083
06:12:40 -1 -1
06:13:40 -1 -1
06:14:41 -1 -1
06:15:41 75431 10580
06:16:41 -1 -1
06:17:42 1883 1093
06:18:42 -1 -1
06:19:42 14979 3233
06:20:43 -1 -1
06:21:43 -1 -1
06:22:43 -1 -1
06:23:44 6276 8147
06:24:44 -1 -1
06:25:44 40445 9319
06:26:45 -1 -1
06:27:45 1243 2256
06:28:45 -1 -1
06:29:46 -1 -1
06:30:46 -1 -1
06:31:46 -1 -1
06:32:47 3880 3998
06:33:47 -1 -1
06:34:48 3914 2540
06:35:48 -1 -1
06:36:48 -1 -1
06:37:49 -1 -1
06:38:49 2948 1234
06:39:49 36551 3486
06:40:49 88465 6230
06:41:50 -1 -1
06:42:50 60464 5733
06:43:50 -1 -1
06:44:51 92321 4167
06:45:51 31956 2484
06:46:51 -1 -1
06:47:52 40218 3256
06:48:52 48950 4981
06:49:52 -1 -1
06:50:53 900 2072
06:51:54 -1 -1
06:52:54 -1 -1
06:53:54 -1 -1
06:54:54 -1 -1
06:55:54 47947 5421
06:56:55 -1 -1
06:57:55 784 1900
06:58:55 45673 7665
06:59:56 1058 1822
07:00:56 1493 2606
07:01:57 -1 -1
07:02:57 -1 -1
07:03:57 -1 -1
07:04:57 -1 -1
07:05:58 10327 1515
07:06:58 1217 2338
07:07:58 9378 1117
07:08:59 -1 -1
07:09:59 -1 -1
07:10:59 1190 2464
07:12:00 11157 2693
07:13:00 20121 3750
07:14:00 -1 -1
07:15:01 -1 -1
07:16:01 -1 -1
07:17:02 9944 2244
07:18:02 -1 -1
07:19:02 -1 -1
07:20:03 -1 -1
07:21:03 2630 9316
07:22:03 -1 -1
07:23:04 -1 -1
07:24:04 64788 16582
07:25:04 -1 -1
07:26:05 18282 4135
07:27:05 -1 -1
07:28:05 12498 10315
07:29:06 3949 2510
07:30:06 -1 -1
07:31:07 -1 -1
07:32:07 2508 1162
07:33:07 41028 2380
07:34:07 -1 -1
07:35:08 50735 2769
07:36:08 -1 -1
07:37:09 8640 2071
07:38:09 65111 5138
07:39:09 -1 -1
07:40:10 198 934
07:41:10 -1 -1
07:42:10 -1 -1
07:43:10 162 666
07:44:11 -1 -1
07:45:11 11916 1899
07:46:10 -1 -1
07:47:12 107105 4607
07:48:12 30500 2823
07:49:12 306 614
07:50:13 43038 2070
07:51:13 24300 24414
07:52:13 72249 24524
07:53:13 -1 -1
07:54:14 397 1342
07:55:14 44667 6275
07:56:14 54 537
07:57:15 1528 300
07:58:16 2291 1723
07:59:16 15182 1020
08:00:16 11736 2646
08:01:16 -1 -1
08:02:16 143908 8860
08:03:18 3796 1638
08:04:17 -1 -1
08:05:17 166 780
08:06:18 6857 18883
08:07:21 -1 -1
08:08:18 -1 -1
08:09:18 -1 -1
08:10:19 132 314
08:11:19 -1 -1
08:12:19 45576 51122
08:13:20 232144 21577
08:14:20 23276 2816
08:15:20 48033 2783
08:16:21 -1 -1
08:17:21 -1 -1
08:18:21 -1 -1
08:19:22 29020 3438
08:20:22 -1 -1
08:21:22 94551 12348
08:22:23 10429 1754
08:23:24 5101 1337
08:24:24 22849 2300
08:25:24 27360 10722
08:26:25 11739 2815
08:27:25 28171 2174
08:28:25 1878 1293
08:29:26 3461 3870
08:30:26 79677 4509
08:31:26 -1 -1
08:32:27 8376 1518
08:33:27 -1 -1
08:34:27 5612 780
08:35:27 -1 -1
08:36:28 -1 -1
08:37:28 43802 7065
08:38:28 -1 -1
08:39:29 1346 8645
08:40:29 8488 1575
08:41:29 30947 3260
08:42:30 1568 600
08:43:30 408 1024
08:44:31 -1 -1
08:45:31 -1 -1
08:46:31 -1 -1
08:47:32 78710 4980
08:48:32 127023 5113
08:49:32 79484 4548
08:50:33 153784 13355
08:51:33 -1 -1
08:52:33 255507 12641
08:53:34 -1 -1
08:54:34 912 1821
08:55:35 -1 -1
08:56:35 20380 2785
08:57:36 16463 3910
08:58:36 -1 -1
08:59:36 432 1101
09:00:37 -1 -1
09:01:37 -1 -1
09:02:38 8832 918
09:03:38 -1 -1
09:04:38 -1 -1
09:05:38 -1 -1
09:06:38 -1 -1
09:07:39 -1 -1
09:08:39 643 1296
09:09:39 -1 -1
09:10:39 -1 -1
09:11:40 -1 -1
09:12:40 132 374
09:13:40 -1 -1
09:14:40 -1 -1
09:15:41 27198 2540
09:16:41 -1 -1
09:17:41 -1 -1
09:18:42 -1 -1
09:19:42 -1 -1
09:20:42 60505 5720
09:21:43 32177 2553
09:22:43 61125 21554
09:23:43 -1 -1
09:24:44 -1 -1
09:25:44 -1 -1
09:26:44 -1 -1
09:27:44 -1 -1
09:28:45 41670 22986
09:29:45 -1 -1
09:30:45 -1 -1
09:31:46 71655 7284
09:32:46 61806 5335
09:33:46 141149 21305
09:34:46 -1 -1
09:35:47 71031 6865
09:36:47 115894 6133
09:37:47 -1 -1
09:38:48 33464 10528
09:39:48 -1 -1
09:40:49 44598 3305
09:41:49 -1 -1
09:42:49 -1 -1
09:43:50 20268 3019
09:44:50 20465 2470
09:45:50 7272 17778
09:46:50 50755 4062
09:47:51 519611 23576
09:48:51 30658 2639
09:49:51 141709 14436
09:50:51 316855 11081
09:51:51 15805 29684
09:52:52 5360 28466
09:53:52 -1 -1
09:54:52 -1 -1
09:55:52 -1 -1
09:56:53 -1 -1
09:57:53 79084 14776
09:58:53 192292 11102
09:59:54 44908 4236
10:00:54 5078 17917
10:01:54 -1 -1
10:02:54 -1 -1
10:03:54 -1 -1
10:04:55 1568 540
10:05:55 54 360
10:06:55 -1 -1
10:07:55 236937 21670
10:08:56 -1 -1
10:09:56 1738 1180
10:10:56 47612 5159
10:11:56 -1 -1
10:12:57 -1 -1
10:13:57 356715 23276
10:14:57 -1 -1
10:15:57 -1 -1
10:17:00 -1 -1
10:17:58 -1 -1
10:18:58 -1 -1
10:20:01 -1 -1
10:21:09 -1 -1
10:22:00 -1 -1
10:23:01 -1 -1
10:24:02 -1 -1
10:25:02 -1 -1
10:26:03 -1 -1
10:27:04 42125 24893
10:28:04 46596 49482
10:29:04 -1 -1
10:30:04 16528 2369
10:31:04 -1 -1
10:32:05 315307 18866
10:33:05 -1 -1
10:34:05 84429 7252
10:35:05 -1 -1
10:36:06 61867 6628
10:37:08 -1 -1
10:38:07 186 552
10:39:07 -1 -1
10:40:08 21678 2628
10:41:08 298 618
10:42:12 -1 -1
10:43:09 60211 5112
10:44:09 1835 1068
10:45:10 604214 20289
10:46:10 53083 6526
10:47:12 182184 8054
10:48:11 20068 1888
10:49:11 -1 -1
10:50:11 -1 -1
10:51:12 -1 -1
10:52:12 -1 -1
10:53:13 -1 -1
10:54:13 265302 11722
10:55:13 -1 -1
10:56:14 -1 -1
10:57:16 164284 16894
10:58:16 834 552
10:59:16 -1 -1
11:00:16 -1 -1
11:01:17 -1 -1
11:02:17 -1 -1
11:03:18 -1 -1
11:04:18 12752 1260
11:05:18 -1 -1
11:06:18 -1 -1
11:07:21 158486 8955
11:08:19 -1 -1
11:09:19 130077 7615
11:10:20 69391 22195
11:11:20 -1 -1
11:12:21 32151 3319
11:13:21 91242 5460
11:14:22 -1 -1
11:15:22 -1 -1
11:16:23 -1 -1
11:17:25 -1 -1
11:18:23 19668 4023
11:19:24 -1 -1
11:20:24 109523 7219
11:21:24 -1 -1
11:22:25 92680 7288
11:23:25 65748 2700
11:24:25 46614 4064
11:25:25 -1 -1
11:26:26 43708 1560
11:27:29 112780 16709
11:28:26 14219 16872
11:29:26 -1 -1
11:30:27 -1 -1
11:31:27 49531 18912
11:32:27 394 926
11:33:28 -1 -1
11:34:29 -1 -1
11:35:29 45937 10282
11:36:30 4493 4697
11:37:33 -1 -1
11:38:31 25369 2359
11:39:32 6054 1680
11:40:32 34377 2249
11:41:32 84993 4971
11:42:33 3517 1517
11:43:33 4758 2008
11:44:33 -1 -1
11:45:33 -1 -1
11:46:34 793 680
11:47:37 -1 -1
11:48:34 30110 3768
11:49:35 216660 9525
11:50:35 104631 8778
11:51:36 -1 -1
11:52:36 -1 -1
11:53:36 -1 -1
11:54:36 -1 -1
11:55:36 108 477
11:56:37 116018 6618
11:57:40 105611 4516
11:58:37 -1 -1
11:59:37 -1 -1
12:00:38 -1 -1
12:01:38 -1 -1
12:02:38 347237 11618
12:03:39 84820 4147
12:04:39 325 660
12:05:39 15314 1302
12:06:40 -1 -1
12:07:45 -1 -1
12:08:41 76935 11184
12:09:42 -1 -1
12:10:42 203594 10918
12:11:42 48184 2300
12:12:42 -1 -1
12:13:43 52758 1920
12:14:43 68928 2772
12:15:44 -1 -1
12:16:44 -1 -1
12:17:48 54144 9897
12:18:46 -1 -1
12:19:46 -1 -1
12:20:46 -1 -1
12:21:46 -1 -1
12:22:47 -1 -1
12:23:47 28940 6174
12:24:47 -1 -1
12:25:47 4880 840
12:26:47 -1 -1
12:27:48 -1 -1
12:28:48 -1 -1
12:29:49 109854 19799
12:30:49 61900 5945
12:31:50 50673 4333
12:32:49 23903 13340
12:33:49 -1 -1
12:34:50 33782 3092
12:35:50 -1 -1
12:36:50 65129 4983
12:37:50 -1 -1
12:38:51 1333 1803
12:39:51 26274 4582
12:40:51 17538 3418
12:41:51 29977 3614
12:42:52 109580 8834
12:43:52 30066 8703
12:44:52 35247 12695
12:45:52 -1 -1
12:46:52 108 600
12:47:52 -1 -1
12:48:53 -1 -1
12:49:53 33469 4797
12:50:53 -1 -1
12:51:53 60303 13239
12:52:54 -1 -1
12:53:54 35217 2530
12:54:54 -1 -1
12:55:55 -1 -1
12:56:55 27131 2668
12:57:55 24859 10890
12:58:55 4798 2514
12:59:56 -1 -1
13:00:56 29589 4637
13:01:56 108 900
13:02:56 -1 -1
13:03:56 -1 -1
13:04:57 -1 -1
13:05:57 15845 2865
13:06:58 19781 2345
13:07:57 -1 -1
13:08:57 396 1553
13:09:58 -1 -1
13:10:58 -1 -1
13:11:58 -1 -1
13:12:58 407 906
13:13:58 -1 -1
13:14:59 39834 4332
13:15:59 -1 -1
13:16:59 6367 942
13:17:59 8779 5445
13:18:59 -1 -1
13:20:00 -1 -1
13:21:00 -1 -1
13:22:00 -1 -1
13:23:01 34422 1935
13:24:01 -1 -1
13:25:01 80593 8660
13:26:04 -1 -1
13:27:02 34333 2926
13:28:02 -1 -1
13:29:02 -1 -1
13:30:03 29335 2397
13:31:03 -1 -1
13:32:03 55428 3550
13:33:04 -1 -1
13:34:04 -1 -1
13:35:04 -1 -1
13:36:04 -1 -1
13:37:05 24122 3725
13:38:05 696 1714
13:39:05 -1 -1
13:40:05 -1 -1
13:41:06 -1 -1
13:42:06 42536 4460
13:43:07 -1 -1
13:44:07 -1 -1
13:45:07 -1 -1
13:46:11 67424 3536
13:47:09 135177 16760
13:48:09 100332 6919
13:49:09 109401 4750
13:50:10 70352 6390
13:51:11 148713 12191
13:52:14 -1 -1
13:53:12 30238 1320
13:54:12 48931 2992
13:55:12 -1 -1
13:56:12 83340 4232
13:57:13 16944 2211
13:58:13 -1 -1
13:59:13 -1 -1
14:00:13 -1 -1
14:01:13 -1 -1
14:02:14 15809 1785
14:03:14 134892 12029
14:04:14 -1 -1
14:05:14 -1 -1
14:06:15 -1 -1
14:07:15 54 300
14:08:15 -1 -1
14:09:16 -1 -1
14:10:16 392 12316
14:11:17 8934 2334
14:12:18 1519 2839
14:13:18 54 3720
14:14:18 182842 12678
14:15:24 20934 3994
14:16:37 20114 3248
14:17:23 122384 7064
14:18:22 237068 16828
14:19:20 -1 -1
14:20:20 -1 -1
14:21:20 27558 3450
14:22:20 110812 7824
14:23:21 51656 5245
14:24:22 216 2580
14:25:22 65860 5994
14:26:22 -1 -1
14:27:23 87596 5008
14:28:23 105647 5828
14:29:23 -1 -1
14:30:24 10444 1988
14:31:24 77514 10252
14:32:24 -1 -1
14:33:26 -1 -1
14:34:25 -1 -1
14:35:25 -1 -1
14:36:26 522364 27542
14:37:27 -1 -1
14:38:28 -1 -1
14:39:27 -1 -1
14:40:28 65194 4150
14:41:28 55062 3261
14:42:29 25174 3679
14:43:29 353409 13148
14:44:30 -1 -1
14:45:31 -1 -1
14:46:31 -1 -1
14:47:32 -1 -1
14:48:32 -1 -1
14:49:32 -1 -1
14:50:32 -1 -1
14:51:33 69720 4019
14:52:33 -1 -1
14:53:34 176364 10826
14:54:34 56541 6678
14:55:34 -1 -1
14:56:34 -1 -1
14:57:35 43344 1980
14:58:35 52716 3626
14:59:35 -1 -1
15:00:35 -1 -1
15:01:36 50215 3224
15:02:36 -1 -1
15:03:36 -1 -1
15:04:36 -1 -1
15:05:37 -1 -1
15:06:37 73897 5518
15:07:37 -1 -1
15:08:37 56260 6980
15:09:37 -1 -1
15:10:37 -1 -1
15:11:38 -1 -1
15:12:39 238850 7130
15:13:39 7484 2194
15:14:40 11647 1806
15:15:40 -1 -1
15:16:40 -1 -1
15:17:40 132 1027
15:18:41 20447 1998
15:19:41 -1 -1
15:20:41 -1 -1
15:21:41 -1 -1
15:22:45 -1 -1
15:23:42 -1 -1
15:24:42 -1 -1
15:25:42 16298 1875
15:26:42 6770 1132
15:27:43 -1 -1
15:28:43 -1 -1
15:29:43 34457 3742
15:30:43 313837 13039
15:31:44 -1 -1
15:32:44 -1 -1
15:33:44 -1 -1
15:34:44 -1 -1
15:35:45 4009 6798
15:36:45 -1 -1
15:37:45 -1 -1
15:38:45 -1 -1
15:39:46 -1 -1
15:40:46 45649 8434
15:41:46 -1 -1
15:42:46 -1 -1
15:43:47 130800 3402
15:44:47 -1 -1
15:45:47 -1 -1
15:46:47 56943 3666
15:47:48 -1 -1
15:48:48 -1 -1
15:49:49 -1 -1
15:50:48 -1 -1
15:51:50 98276 16472
15:52:49 203049 24752
15:53:49 75757 3606
15:54:49 -1 -1
15:55:49 6207 2564
15:56:50 69472 4729
15:57:50 -1 -1
15:58:50 -1 -1
15:59:50 -1 -1
16:00:51 260663 15951
16:01:51 -1 -1
16:02:51 -1 -1
16:03:51 -1 -1
16:04:52 51445 3550
16:05:52 -1 -1
16:06:52 -1 -1
16:07:53 -1 -1
16:08:53 -1 -1
16:09:53 83360 4231
16:10:53 30708 2220
16:11:56 9047 3575
16:12:53 149456 14904
16:13:54 75805 7582
16:14:54 -1 -1
16:15:54 28727 3122
16:16:54 -1 -1
16:17:54 -1 -1
16:18:55 71282 2707
16:19:55 90497 10900
16:20:55 -1 -1
16:21:55 35277 3794
16:22:56 -1 -1
16:23:56 -1 -1
16:24:56 -1 -1
16:25:56 21121 2521
16:26:57 8753 1246
16:27:57 12576 7295
16:28:57 3647 1672
16:29:57 13652 2811
16:30:57 66049 8471
16:31:58 -1 -1
16:32:58 -1 -1
16:33:58 76194 4861
16:34:58 -1 -1
16:35:58 -1 -1
16:36:59 205898 22071
16:37:59 -1 -1
16:38:59 289131 17736
16:39:59 137777 8515
16:41:00 -1 -1
16:42:00 -1 -1
16:43:00 -1 -1
16:44:00 21968 3391
16:45:01 193245 9688
16:46:01 22627 2876
16:47:01 -1 -1
16:48:01 -1 -1
16:49:02 -1 -1
16:50:01 94892 10570
16:51:02 113333 8290
16:52:02 322727 23338
16:53:02 -1 -1
16:54:03 9705 3004
16:55:03 189862 7836
16:56:03 38330 3695
16:57:03 -1 -1
16:58:03 -1 -1
16:59:04 265713 9160
17:00:04 -1 -1
17:01:04 -1 -1
17:02:05 52781 5030
17:03:05 -1 -1
17:04:05 21713 3373
17:05:06 113941 5070
17:06:06 80974 4574
17:07:06 -1 -1
17:08:06 206297 11291
17:09:07 9984 1874
17:10:07 75959 22325
17:11:07 16810 3162
17:12:08 30620 7447
17:13:08 56154 3862
17:14:08 -1 -1
17:15:08 -1 -1
17:16:08 -1 -1
17:17:08 25015 3307
17:18:09 -1 -1
17:19:09 -1 -1
17:20:09 -1 -1
17:21:10 12826 3346
17:22:10 -1 -1
17:23:10 -1 -1
17:24:10 -1 -1
17:25:11 2571 2144
17:26:11 -1 -1
17:27:11 84305 4360
17:28:12 -1 -1
17:29:12 52560 1830
17:30:12 -1 -1
17:31:12 10231 3732
17:32:13 -1 -1
17:33:13 -1 -1
17:34:13 5454 1556
17:35:14 -1 -1
17:36:14 -1 -1
17:37:14 108 480
17:38:15 103020 6823
17:39:15 -1 -1
17:40:15 -1 -1
17:41:16 16311 2085
17:42:16 -1 -1
17:43:17 169192 12988
17:44:17 -1 -1
17:45:17 113231 5634
17:46:18 -1 -1
17:47:18 235532 10104
17:48:18 120407 14056
17:49:18 -1 -1
17:50:19 -1 -1
17:51:19 8856 2279
17:52:19 -1 -1
17:53:19 82915 4521
17:54:20 222630 8193
17:55:20 -1 -1
17:56:20 72210 4355
17:57:20 -1 -1
17:58:21 146821 13643
17:59:21 98444 7199
18:00:21 162 780
18:01:21 49466 2966
18:02:22 107045 4938
18:03:25 178858 15691
18:04:22 81622 7127
18:05:22 64471 29849
18:06:23 65965 27629
18:07:23 454740 19747
18:08:26 27809 5056
18:09:24 -1 -1
18:10:24 10704 986
18:11:24 15486 3775
18:12:24 52102 3157
18:13:24 -1 -1
18:14:25 -1 -1
18:15:25 17859 4180
18:16:25 -1 -1
18:17:25 438 2582
18:18:26 -1 -1
18:19:26 55707 6436
18:20:26 296600 13969
18:21:27 20131 2249
18:22:27 -1 -1
18:23:28 -1 -1
18:24:28 1738 3688
18:25:29 108 3720
18:26:29 9479 4925
18:27:29 102366 6097
18:28:30 31179 2817
18:29:30 -1 -1
18:30:30 73933 5325
18:31:31 -1 -1
18:32:32 -1 -1
18:33:34 12743 1748
18:34:32 162192 6093
18:35:33 -1 -1
18:36:33 77851 3168
18:37:33 -1 -1
18:38:34 -1 -1
18:39:34 5115 1476
18:40:34 -1 -1
18:41:34 -1 -1
18:42:34 -1 -1
18:43:35 60883 3629
18:44:35 56855 4911
18:45:35 33379 3967
18:46:35 48144 4164
18:47:36 -1 -1
18:48:37 36682 6023
18:49:36 7624 1224
18:50:36 -1 -1
18:51:36 -1 -1
18:52:37 46797 3869
18:53:37 174977 6182
18:54:37 -1 -1
18:55:37 3160 2196
18:56:38 54 780
18:57:38 -1 -1
18:58:38 -1 -1
18:59:39 -1 -1
19:00:39 180264 7671
19:01:39 138602 7884
19:02:39 -1 -1
19:03:39 148401 13655
19:04:39 55026 6623
19:05:40 -1 -1
19:06:40 -1 -1
19:07:40 -1 -1
19:08:40 28718 4492
19:09:41 139863 8937
19:10:41 109808 5912
19:11:41 -1 -1
19:12:41 -1 -1
19:13:42 10432 2079
19:14:42 15059 2447
19:15:42 -1 -1
19:16:42 12668 16446
19:17:42 8682 18008
19:18:43 29914 17391
19:19:43 -1 -1
19:20:44 -1 -1
19:21:43 -1 -1
19:22:44 -1 -1
19:23:44 33154 3216
19:24:44 -1 -1
19:25:44 10522 2701
19:26:44 25954 1824
19:27:44 4355 3098
19:28:45 -1 -1
19:29:45 19997 8076
19:30:48 -1 -1
19:31:48 35540 8040
19:32:45 -1 -1
19:33:47 -1 -1
19:34:47 -1 -1
19:35:48 -1 -1
19:36:48 -1 -1
19:37:48 72988 5341
19:38:48 -1 -1
19:39:48 24553 2559
19:40:51 -1 -1
19:41:49 1668 540
19:42:49 -1 -1
19:43:49 108 660
19:44:50 -1 -1
19:45:50 -1 -1
19:46:50 -1 -1
19:47:50 -1 -1
19:48:50 25616 2976
19:49:51 -1 -1
19:50:54 74285 9312
19:51:51 70352 9425
19:52:51 13634 1653
19:53:51 -1 -1
19:54:52 39091 3184
19:55:52 -1 -1
19:56:52 -1 -1
19:57:52 -1 -1
19:58:53 13082 2187
19:59:53 11836 2494
20:00:53 22548 2272
20:01:53 -1 -1
20:02:53 -1 -1
20:03:54 32089 4561
20:04:54 -1 -1
20:05:54 174401 16804
20:06:54 -1 -1
20:07:55 26114 4972
20:08:55 77729 4734
20:09:55 -1 -1
20:10:55 13950 3554
20:11:55 44559 3313
20:12:55 -1 -1
20:13:56 -1 -1
20:14:56 43016 2892
20:15:56 10663 3131
20:16:56 -1 -1
20:17:57 -1 -1
20:18:57 -1 -1
20:19:57 219003 7684
20:20:57 52839 4159
20:21:57 -1 -1
20:22:58 71129 43415
20:23:58 26450 39407
20:24:58 -1 -1
20:25:58 4384 7677
20:26:59 -1 -1
20:27:59 111795 5414
20:28:59 -1 -1
20:29:59 220711 11078
20:31:00 267667 15542
20:32:00 22715 2913
20:33:00 -1 -1
20:34:00 -1 -1
20:35:00 -1 -1
20:36:01 58283 5058
20:37:01 42402 3787
20:38:01 -1 -1
20:39:01 -1 -1
20:40:01 -1 -1
20:41:02 22552 3707
20:42:02 -1 -1
20:43:02 -1 -1
20:44:05 230167 11594
20:45:06 68938 7500
20:46:03 38382 3296
20:47:03 53465 2940
20:48:03 101807 8250
20:49:03 7033 1454
20:50:04 -1 -1
20:51:04 -1 -1
20:52:04 43756 3070
20:53:04 123542 9484
20:54:04 -1 -1
20:55:05 21974 4770
20:56:05 8890 1772
20:57:05 7926 1252
20:58:05 191164 7662
20:59:05 115565 5657
21:00:06 -1 -1
21:01:06 45786 2846
21:02:06 -1 -1
21:03:06 32360 1532
21:04:06 -1 -1
21:05:07 5173 1410
21:06:07 -1 -1
21:07:07 -1 -1
21:08:08 -1 -1
21:09:08 47560 2208
21:10:08 -1 -1
21:11:10 149773 5044
21:12:14 12710 3318
21:13:08 -1 -1
21:14:08 161708 7043
21:15:09 82586 11101
21:16:09 141279 6482
21:17:09 194232 66385
21:18:10 -1 -1
21:19:10 -1 -1
21:20:10 45514 20721
21:21:10 -1 -1
21:22:11 -1 -1
21:23:11 109102 5603
21:24:11 -1 -1
21:25:11 47764 3724
21:26:11 576636 29411
21:27:12 51543 10137
21:28:12 -1 -1
21:29:12 431018 16285
21:30:12 -1 -1
21:31:13 -1 -1
21:32:13 81254 6009
21:33:13 -1 -1
21:34:13 -1 -1
21:35:13 96153 5897
21:36:14 158061 7657
21:37:14 -1 -1
21:38:14 -1 -1
21:39:14 -1 -1
21:40:14 -1 -1
21:41:15 -1 -1
21:42:15 -1 -1
21:43:15 83483 4815
21:44:15 56457 4042
21:45:16 11434 2278
21:46:16 13036 4362
21:47:16 -1 -1
21:48:16 -1 -1
21:49:17 87580 5646
21:50:20 -1 -1
21:51:17 -1 -1
21:52:17 117009 4416
21:53:18 -1 -1
21:54:18 227577 71373
21:55:18 -1 -1
21:56:18 -1 -1
21:57:18 25250 11988
21:58:19 -1 -1
21:59:19 -1 -1
22:00:19 -1 -1
22:01:20 656 1413
22:02:20 60751 4067
22:03:20 -1 -1
22:04:21 28782 2678
22:05:20 -1 -1
22:06:21 -1 -1
22:07:25 52102 18696
22:08:29 60200 4965
22:09:28 -1 -1
22:10:22 69064 4487
22:11:22 -1 -1
22:12:22 45560 2706
22:13:23 -1 -1
22:14:23 69970 20970
22:15:23 -1 -1
22:16:23 137064 6011
22:17:24 178801 11150
22:18:24 -1 -1
22:19:24 41470 2294
22:20:24 -1 -1
22:21:24 -1 -1
22:22:25 -1 -1
22:23:25 -1 -1
22:24:25 -1 -1
22:25:25 100697 72028
22:26:26 -1 -1
22:27:26 83619 41227
22:28:26 -1 -1
22:29:26 -1 -1
22:30:27 -1 -1
22:31:27 -1 -1
22:32:27 -1 -1
22:33:28 -1 -1
22:34:28 87886 24533
22:35:28 28609 4763
22:36:28 -1 -1
22:37:28 -1 -1
22:38:29 86475 21092
22:39:29 6353 2657
22:40:30 -1 -1
22:41:30 47653 3414
22:42:30 -1 -1
22:43:30 -1 -1
22:44:30 72633 3761
22:45:31 49555 2405
22:46:31 65188 1788
22:47:31 -1 -1
22:48:32 128785 6172
22:49:32 31602 2741
22:50:32 132279 18935
22:51:32 -1 -1
22:52:33 208150 10172
22:53:33 -1 -1
22:54:33 141849 6420
22:55:33 -1 -1
22:56:33 152062 5044
22:57:34 125272 5262
22:58:35 -1 -1
22:59:34 -1 -1
23:00:35 48226 3321
23:01:35 -1 -1
23:02:36 493156 20427
23:03:37 9860 1524
23:04:36 -1 -1
23:05:36 274661 10051
23:06:36 -1 -1
23:07:36 206777 9259
23:08:37 -1 -1
23:09:37 -1 -1
23:10:37 271202 9937
23:11:38 -1 -1
23:12:38 279380 13278
23:13:38 67803 19992
23:14:38 251673 9150
23:15:39 300954 12659
23:16:39 93872 30438
23:17:39 -1 -1
23:18:40 -1 -1
23:19:39 30612 4343
23:20:40 -1 -1
23:21:40 18480 2493
23:22:40 -1 -1
23:23:41 34151 1926
23:24:41 265963 32840
23:25:42 191954 11815
23:26:41 110926 5533
23:27:42 201854 7918
23:28:42 -1 -1
23:29:42 -1 -1
23:30:43 81489 4779
23:31:43 207086 8224
23:32:43 124257 7589
23:33:44 37133 2487
23:34:43 33778 3365
23:35:44 -1 -1
23:36:44 41098 3932
23:37:44 6438 1995
23:38:45 3447 3254
23:39:45 3765 2451
23:40:45 -1 -1
23:41:45 44086 3842
23:42:46 222019 15805
23:43:46 -1 -1
23:44:47 53021 4833
23:45:47 2755 1448
23:46:47 -1 -1
23:47:51 -1 -1
23:48:49 104780 5184
23:49:49 -1 -1
23:50:50 77477 14367
23:51:50 -1 -1
23:52:51 5677 5377
23:53:52 5779 6371
23:54:53 -1 -1
23:55:53 238590 10885
23:56:57 -1 -1
23:58:00 -1 -1
23:58:58 -1 -1
23:59:57 37006 1481
