00:01:33 28479 3904
00:02:42 48642 6368
00:03:24 119110 7880
00:04:22 25042 4689
00:05:23 3827 3843
00:06:23 25152 4325
00:07:28 36315 11238
00:08:26 1503 1990
02:00:07 111874 8013
02:01:06 53329 4655
02:02:07 42770 4590
02:03:07 59531 7562
02:04:07 3766 1647
02:05:09 73836 8490
02:06:09 203362 9858
02:07:09 17120 1471
02:08:12 2268 2297
02:09:10 6250 2367
02:10:10 32173 4412
02:11:13 152891 117756
02:12:11 199917 9540
02:13:12 149848 7867
02:14:12 21978 4570
02:15:32 -1 -1
02:16:13 85310 6524
02:17:13 71495 4896
02:18:14 14446 3757
02:19:17 14318 1596
02:20:14 78921 6949
02:21:18 18416 2218
02:22:15 86418 5597
02:23:16 23369 934
02:24:16 153224 6998
02:25:17 111461 7916
02:26:17 18908 2905
02:27:17 57563 15032
02:28:18 55875 4437
02:29:18 184430 12275
02:30:19 26520 1222
02:31:19 16421 1905
02:32:19 66666 5808
02:33:20 47566 6282
02:34:21 151448 15199
02:35:21 107148 7308
02:36:21 109009 9983
02:37:22 84826 7831
02:38:22 41361 3827
02:39:22 63878 6086
02:40:23 31303 2916
02:41:27 261887 9950
02:42:23 33952 3459
02:43:24 24003 3600
02:44:24 92180 4688
02:45:25 3224 3554
02:46:25 139033 5363
02:47:26 2721 1960
02:48:26 4686 3308
02:49:26 41173 7824
02:50:27 2586 1039
02:51:30 12238 1606
02:52:47 -1 -1
02:53:28 90033 5304
02:54:28 54229 5586
02:55:29 56488 9782
02:56:29 1950 2559
02:57:29 13185 3467
02:58:30 100807 5307
02:59:33 23614 3102
03:00:31 69359 5333
03:01:31 14751 1917
03:02:32 43188 8200
03:03:32 21337 5605
03:04:32 93874 18138
03:05:33 70614 5522
03:06:33 20923 8527
03:07:34 33337 2818
03:08:35 22612 4937
03:09:35 29777 1979
03:10:36 19728 5464
03:11:36 1339 6500
03:12:36 7906 2720
03:13:37 3632 1565
03:14:37 132070 18403
03:15:37 93302 14253
03:16:38 377364 20479
03:17:38 40808 10000
03:18:39 8900 2548
03:19:39 28370 4329
03:20:40 171580 8089
03:21:40 81908 4620
03:22:40 83991 8373
03:23:40 262902 9680
03:24:41 177048 10472
03:25:41 48530 52654
03:26:42 51254 8035
03:27:42 84147 4568
03:28:42 24742 6183
03:29:42 306808 21187
03:30:43 74740 4575
03:31:43 6909 2024
03:32:43 37785 5124
03:33:47 71171 5196
03:34:44 136792 5037
03:35:44 159998 9033
03:36:45 77397 5036
03:37:45 138051 8348
03:38:45 285151 14908
03:39:46 23676 3179
03:40:46 11988 2023
03:41:49 279319 11663
03:42:47 3882 1356
03:43:47 211500 16571
03:44:48 199433 8128
03:45:48 283053 12359
03:46:48 250390 9558
03:47:48 48608 4830
03:48:49 23642 3171
03:49:49 351780 10731
03:50:50 76046 5612
03:51:50 17165 2879
03:52:50 42628 4288
03:53:51 16102 2891
03:54:53 90398 6264
03:55:51 4524 2353
03:56:52 3024 2678
03:57:52 279481 7162
03:58:55 261881 8387
03:59:52 92418 4009
04:00:53 123167 6657
04:01:53 107796 6005
04:02:54 5151 2077
04:03:55 15339 3322
04:04:54 123600 9064
04:05:55 66397 5174
04:06:55 5038 1952
04:07:55 3679 11046
04:08:56 14496 42705
04:09:56 293743 7387
04:10:56 33515 2489
04:11:57 95230 7990
04:12:57 2017 1779
04:13:59 117462 4840
04:14:58 1411 2276
04:15:58 6081 3034
04:16:58 51706 3408
04:17:59 86503 5170
04:19:00 6403 3068
04:19:59 122306 10236
04:21:00 9753 1706
04:22:00 236366 10428
04:23:00 404047 19927
04:24:01 329332 13645
04:25:01 90718 6414
04:26:01 112770 10179
04:27:02 169107 19930
04:28:02 86300 6912
04:29:02 102250 9714
04:30:03 1301 2181
04:31:03 11972 3406
04:32:03 5215 1426
04:33:04 20187 4611
04:34:05 6789 1749
04:35:04 3000 993
04:36:05 63451 2765
04:37:05 78909 2893
04:38:05 4659 2712
04:39:07 99011 9435
04:40:06 10697 2673
04:41:07 47988 4386
04:42:07 29086 3018
04:43:08 40393 3822
04:44:08 11113 1610
04:45:09 12660 4176
04:46:10 48569 5373
04:47:10 72054 5310
04:48:09 21330 5097
04:49:09 1266 1721
04:50:10 17428 2660
04:51:11 295315 12497
04:52:10 87282 3763
04:53:11 4610 6538
04:54:11 48534 2877
04:55:12 900 705
04:56:12 252468 6033
04:57:13 261823 4792
04:58:13 393867 12972
04:59:13 258875 5385
05:00:13 342804 7764
05:01:15 238573 13797
05:02:14 319272 7476
05:03:14 295062 10950
05:04:15 266072 6994
05:05:15 3228 2517
05:06:15 4515 6767
05:07:16 61013 5749
05:08:16 158752 13932
05:09:16 10156 4869
05:10:17 3070 2536
05:11:17 -1 -1
05:12:18 2857 2323
05:13:18 19832 12291
05:14:18 5838 4989
05:15:19 2569 9603
05:16:19 143260 9298
05:17:19 42057 5397
05:18:19 27287 4343
05:19:20 102451 11750
05:20:20 126023 12645
05:21:21 19499 5531
05:22:21 61478 9954
05:23:21 46872 7749
05:24:22 1716 3458
05:25:22 23850 4993
05:26:22 107342 7865
05:27:23 2576 2482
05:28:23 90428 5072
05:29:23 73738 6013
05:30:24 189651 10152
05:31:24 31365 5457
05:32:24 268185 11882
05:33:25 136841 4977
05:34:25 90078 6390
05:35:25 150793 10961
05:36:26 108418 9086
05:37:26 90207 4653
05:38:26 88427 2794
05:39:27 2442 1706
05:40:27 79123 7176
05:41:27 21005 4390
05:42:28 44669 3177
05:43:28 8555 4987
05:44:28 38264 5426
05:45:29 55003 6623
05:46:29 4655 3622
05:47:30 72381 8596
05:48:30 4514 5855
05:49:30 15117 4790
05:50:30 1749 2199
05:51:31 5171 5062
05:52:31 22710 3563
05:53:32 1180 1700
05:54:32 11929 6100
05:55:32 214975 17123
05:56:33 5237 6588
05:57:33 23940 5547
05:58:33 8295 4358
05:59:34 3062 2201
06:00:34 76958 19160
06:01:35 5431 4027
06:02:35 2156 1558
06:03:35 4061 3367
06:04:36 27607 4423
06:05:36 33469 3409
06:06:37 128028 12839
06:07:37 3816 3808
06:08:37 117284 10464
06:09:38 14481 3366
06:10:38 2791 2902
06:11:39 43757 4668
06:12:39 157993 21680
06:13:39 4136 3880
06:14:39 8538 2849
06:15:40 9980 5153
06:16:40 62596 5470
06:17:41 29677 4858
06:18:41 106237 11844
06:19:41 12391 3273
06:20:42 37634 5565
06:21:42 25421 8788
06:22:43 37269 7526
06:23:43 108409 56686
06:24:43 92214 7774
06:25:43 98251 4810
06:26:44 79760 12743
06:27:44 77835 8285
06:28:44 31148 5653
06:29:45 33488 5939
06:30:45 24683 5578
06:31:45 281731 10345
06:32:46 374809 20467
06:33:46 228646 13979
06:34:46 464259 11840
06:35:47 195327 6115
06:36:47 164356 6139
06:37:47 172131 9594
06:38:48 115448 4466
06:39:48 80927 8334
06:40:48 972 1176
06:41:49 92151 9239
06:42:49 5366 5966
06:43:49 61873 7644
06:44:50 153946 12638
06:45:50 1424 3105
06:46:51 12463 5942
06:47:51 38766 6869
06:48:51 137212 9175
06:49:51 43633 4533
06:50:52 4536 5738
06:51:53 153070 7148
06:52:53 38947 4709
06:53:53 64367 9162
06:54:53 8035 4956
06:55:53 16355 2742
06:56:54 50329 3545
06:57:54 154666 16513
06:58:54 178623 9552
06:59:55 3758 3645
07:00:55 67774 6843
07:01:55 10535 3909
07:02:56 57180 4873
07:03:56 35161 3662
07:04:56 61997 9559
07:05:57 43286 5046
07:06:57 103537 8984
07:07:57 40149 5966
07:08:58 52221 2679
07:09:58 11377 6164
07:10:59 3860 3785
07:11:59 2969 2856
07:12:59 73126 9057
07:13:59 4926 6386
07:15:00 125503 9490
07:16:00 10515 8793
07:17:01 85510 4603
07:18:01 100068 7826
07:19:01 3342 3001
07:20:02 6095 4451
07:21:02 59380 8019
07:22:02 15792 6257
07:23:03 48277 2777
07:24:03 137153 7076
07:25:03 245152 11359
07:26:04 6298 6971
07:27:04 2848 2647
07:28:04 58848 7320
07:29:05 57462 14661
07:30:05 46946 6265
07:31:05 6559 5784
07:32:06 14461 7382
07:33:06 8109 3656
07:34:06 12822 5056
07:35:07 276138 12633
07:36:07 2289 3278
07:37:08 4010 10535
07:38:08 344067 10761
07:39:08 538 1170
07:40:08 573013 28111
07:41:09 56318 5938
07:42:09 492354 31675
07:43:09 2266 2287
07:44:10 3241 4541
07:45:10 2743 3344
07:46:10 1577 2384
07:47:11 48979 9191
07:48:11 44532 6514
07:49:11 207829 19752
07:50:12 281687 16731
07:51:12 35508 7018
07:52:12 50148 25970
07:53:12 200800 13932
07:54:13 40128 3088
07:55:13 96590 4825
07:56:13 3774 3784
07:57:14 49878 6613
07:58:14 2322 2507
07:59:14 55384 4141
08:00:15 120178 9801
08:01:15 168656 9913
08:02:15 213297 12534
08:03:16 35302 11985
08:04:16 80759 29625
08:05:16 380549 83770
08:06:17 150303 9718
08:07:17 162613 7511
08:08:17 530325 26226
08:09:18 133146 21528
08:10:18 6305 7281
08:11:18 11982 3817
08:12:18 34972 6800
08:13:19 224560 12077
08:14:19 52116 22700
08:15:19 13564 12809
08:16:20 33793 12138
08:17:20 304692 32403
08:18:20 429438 10645
08:19:21 398629 23718
08:20:21 51871 6145
08:21:21 5673 1973
08:22:22 381360 24388
08:23:23 41105 5435
08:24:23 126455 12422
08:25:23 126400 9545
08:26:24 6118 5809
08:27:24 39325 6221
08:28:24 45297 3713
08:29:25 137969 7367
08:30:25 341244 16006
08:31:25 33958 7360
08:32:26 99193 4667
08:33:26 199286 10726
08:34:26 166936 15946
08:35:26 98605 4857
08:36:27 123846 13679
08:37:27 191849 8288
08:38:27 287647 11906
08:39:28 70430 32816
08:40:28 142402 13934
08:41:28 137665 210336
08:42:29 540818 23834
08:43:29 323259 39757
08:44:30 131748 29602
08:45:30 6558 10165
08:46:30 68414 6206
08:47:31 151557 8756
08:48:31 29579 2933
08:49:31 11065 4744
08:50:32 109621 63156
08:51:32 215648 20059
08:52:32 25352 22692
08:53:33 29334 10431
08:54:33 136033 26594
08:55:34 70738 37948
08:56:35 50012 27850
08:57:35 627178 40855
08:58:35 298702 41863
08:59:36 105719 7440
09:00:36 67040 15533
09:01:36 39234 32809
09:02:36 59588 28701
09:03:37 240048 9343
09:04:37 271035 11158
09:05:37 224271 17766
09:06:37 500935 41263
09:07:38 132640 10233
09:08:38 120063 11512
09:09:38 21403 5058
09:10:38 17544 5566
09:11:39 51018 10834
09:12:39 31414 2174
09:13:39 281098 17382
09:14:39 2140 2505
09:15:40 81960 23685
09:16:40 81658 107608
09:17:40 93401 8489
09:18:41 43817 6746
09:19:41 53993 4438
09:20:41 50717 5587
09:21:42 110450 8039
09:22:42 92626 13430
09:23:42 249739 34999
09:24:43 85730 19656
09:25:43 59010 20162
09:26:43 42575 8441
09:27:43 90246 9288
09:28:44 395461 24898
09:29:44 105310 8504
09:30:44 198661 11396
09:31:45 149876 18202
09:32:45 7125 2493
09:33:45 353072 23194
09:34:45 389216 17279
09:36:05 -1 -1
09:36:46 320411 12276
09:37:46 569219 25180
09:38:47 75963 5856
09:39:48 426511 14899
09:40:48 34928 2504
09:41:48 57917 3215
09:42:48 233662 8804
09:43:49 40325 3885
09:44:49 478903 17885
09:45:49 60321 5536
09:46:49 131677 10373
09:47:50 59805 5859
09:48:50 138028 9927
09:49:50 4856 2720
09:50:50 188241 8880
09:51:50 282991 12302
09:52:51 108127 5663
09:53:51 313541 13247
09:54:51 239693 9971
09:55:52 453550 14317
09:56:52 350427 13613
09:57:52 3434 2631
09:58:52 40294 3609
09:59:52 165509 9506
10:00:53 112598 9000
10:01:53 41780 4392
10:02:53 96153 8858
10:03:54 296015 9102
10:04:54 84711 4562
10:05:54 317381 21068
10:06:54 161556 8259
10:07:54 371856 17760
10:08:55 56705 5584
10:09:55 43190 4709
10:10:55 83353 6493
10:11:55 264254 45883
10:12:56 107827 9497
10:13:56 89729 9702
10:14:59 124111 13983
10:15:56 124999 12534
10:16:57 166689 8919
10:17:57 130370 12423
10:18:57 194381 16409
10:19:58 268068 24146
10:20:59 98408 10689
10:22:02 102541 15004
10:23:00 145853 12723
10:24:04 107659 11536
10:25:02 251505 15665
10:26:02 161192 10297
10:27:02 163721 11157
10:28:03 70365 8966
10:29:03 147222 10806
10:30:03 69949 11064
10:31:04 169921 20322
10:32:04 98889 8758
10:33:04 130847 10574
10:34:04 215398 14681
10:35:04 158746 18634
10:36:05 112538 11745
10:37:05 117982 18759
10:38:06 65539 6008
10:39:07 73245 6159
10:40:07 277235 14401
10:41:07 64932 7859
10:42:08 34760 6333
10:43:08 62428 6482
10:44:08 69945 8903
10:45:09 31843 4513
10:46:09 86408 35727
10:47:09 45959 2897
10:48:10 100676 7463
10:49:10 2172 2092
10:50:10 418813 19008
10:51:11 334685 76080
10:52:11 2171 1013
10:53:12 622158 30417
10:54:12 196470 13844
10:55:12 -1 -1
10:56:14 17534 6898
10:57:14 117773 9616
10:58:14 403184 60145
10:59:15 134909 7375
11:00:15 40991 3945
11:01:16 3597 3846
11:02:16 159237 12537
11:03:16 27215 6843
11:04:17 387587 17616
11:05:17 4301 4895
11:06:17 106638 10662
11:07:18 59813 5016
11:08:18 135134 14103
11:09:19 4582 2503
11:10:19 325577 19179
11:11:19 4947 2165
11:12:19 101964 8378
11:13:20 1752 4064
11:14:20 310828 16253
11:15:21 274598 54098
11:16:22 137005 12377
11:17:22 245728 17054
11:18:22 107253 4191
11:19:23 281747 15002
11:20:23 154720 9997
11:21:23 3568 3483
11:22:24 155665 6889
11:23:24 35755 9916
11:24:24 8275 3834
11:25:24 107739 3828
11:26:25 7238 4892
11:27:25 203732 7744
11:28:25 41669 5207
11:29:25 218743 10793
11:30:26 59062 6086
11:31:26 123306 6142
11:32:26 54100 4846
11:33:26 4100 2243
11:34:27 17698 3801
11:35:28 50483 5198
11:36:29 40380 4092
11:37:29 24194 4848
11:38:29 50141 19876
11:39:30 47781 72657
11:40:30 151373 26112
11:41:30 325979 14682
11:42:31 59755 7892
11:43:31 456002 14126
11:44:32 44334 5966
11:45:32 49308 8448
11:46:33 136563 8839
11:47:33 40193 4005
11:48:33 356838 18073
11:49:34 11790 2969
11:50:35 15241 2877
11:51:35 105587 5688
11:52:36 228974 15455
11:53:36 315620 13417
11:54:36 110618 13160
11:55:36 6496 3485
11:56:37 61947 8971
11:57:37 80566 7451
11:58:37 71176 7300
11:59:38 86216 5708
12:00:38 26001 6347
12:01:38 57889 8025
12:02:38 1664 4299
12:03:42 76449 6036
12:04:39 11042 4165
12:05:39 55185 7350
12:06:39 31600 3611
12:07:39 30111 2896
12:08:40 43120 5364
12:09:41 254933 18007
12:10:41 86036 5804
12:11:41 185912 9248
12:12:42 38644 3557
12:13:42 128484 8533
12:14:42 96536 8059
12:15:42 92678 3435
12:16:43 146073 24366
12:17:44 137928 11306
12:18:44 185328 16638
12:19:45 67482 6623
12:20:45 6460 2884
12:21:45 124389 31547
12:22:46 148130 7778
12:23:46 174292 11313
12:24:46 30718 3671
12:25:46 44386 5027
12:26:46 19987 4437
12:27:47 51198 4519
12:28:47 213757 7640
12:29:48 57333 5462
12:30:48 23122 5395
12:31:48 51000 4347
12:32:48 171085 7439
12:33:48 36628 3301
12:34:49 25900 5597
12:35:49 16597 3728
12:36:49 31214 5206
12:37:50 49832 46457
12:38:50 35488 9135
12:39:50 15520 6629
12:40:50 5860 4908
12:41:50 72303 108202
12:42:51 17394 4219
12:43:51 77246 6788
12:44:51 3881 2755
12:45:51 68708 10268
12:46:52 195333 9510
12:47:52 81621 12317
12:48:52 16265 2467
12:49:53 15829 4215
12:50:53 37481 3324
12:51:53 241905 11895
12:52:54 124475 9357
12:53:54 63205 10716
12:54:54 97699 8673
12:55:54 8606 3261
12:56:55 383595 18173
12:57:55 301389 17530
12:58:55 -1 -1
12:59:55 7981 9440
13:00:56 166357 20041
13:01:56 36546 4760
13:02:56 71701 95994
13:03:56 2504 3661
13:04:57 72797 4849
13:06:05 12583 4198
13:06:57 34993 5395
13:07:57 256235 12467
13:08:57 52258 3874
13:09:58 134498 13180
13:10:58 59280 8045
13:11:58 2689 1786
13:12:58 46114 4519
13:13:58 50349 7932
13:14:59 33596 3916
13:15:59 113203 6677
13:16:59 13158 10888
13:17:59 56222 5032
13:19:00 206790 13624
13:20:00 4226 3297
13:21:00 59883 9104
13:22:00 16693 5747
13:23:01 147631 18758
13:24:01 120274 8556
13:25:01 95716 8257
13:26:15 35455 1839
13:27:02 87983 5289
13:28:02 257284 13288
13:29:02 34897 4518
13:30:03 139063 13382
13:31:05 102678 6400
13:32:03 287837 11538
13:33:03 4786 2915
13:34:05 66603 12652
13:35:04 11377 4208
13:36:04 35681 4374
13:37:05 80818 7247
13:38:05 85480 6358
13:39:05 129091 8803
13:40:05 7467 3821
13:41:06 9082 3397
13:42:06 64938 5306
13:43:07 189866 11817
13:44:07 89126 7205
13:45:08 95878 6411
13:46:08 -1 -1
13:47:09 96378 6956
13:48:09 84615 5586
13:49:10 622770 32535
13:50:10 48894 5901
13:51:10 89954 111219
13:52:10 20393 6340
13:53:11 278061 16157
13:54:11 151944 10382
13:55:11 98678 6414
13:56:11 190886 12089
13:57:12 130394 22395
13:58:12 5254 12948
13:59:12 41562 5573
14:00:12 162487 28635
14:01:12 281450 40731
14:02:13 27642 5534
14:03:13 81365 7275
14:04:13 14257 3219
14:05:13 92664 9611
14:06:14 478280 16534
14:07:14 79825 4078
14:08:15 21168 2376
14:09:15 4821 6250
14:10:15 117186 7623
14:11:16 200027 18414
14:12:16 360343 30208
14:13:16 24137 8957
14:14:16 12166 4491
14:15:17 59332 8297
14:16:17 138545 15239
14:17:17 29393 9612
14:18:18 9542 2787
14:19:18 126018 8544
14:20:18 5310 2173
14:21:18 319802 13456
14:22:19 193512 11262
14:23:19 86008 5222
14:24:19 222033 17117
14:25:20 361679 16480
14:26:21 132268 16267
14:27:21 129768 12437
14:28:24 94001 7873
14:29:22 52989 7219
14:30:22 275005 12839
14:31:22 107691 8631
14:32:22 143059 11188
14:33:23 88152 49254
14:34:23 18199 3602
14:35:26 142138 8232
14:36:24 450965 26701
14:37:25 22345 3516
14:38:26 25971 4002
14:39:25 198859 7866
14:40:26 295637 17620
14:41:26 59678 6367
14:42:27 309751 15712
14:43:27 49893 5440
14:44:28 62129 5344
14:45:28 836 686
14:46:28 28109 1979
14:47:29 145938 9406
14:48:29 8589 4043
14:49:29 51685 4305
14:50:30 29918 2193
14:51:30 194522 8200
14:52:31 23138 3324
14:53:31 41090 3383
14:54:31 21813 2513
14:55:31 316186 23715
14:56:31 70629 9379
14:57:32 63195 3525
14:58:32 25634 9875
14:59:32 121442 12486
15:00:33 252562 13736
15:01:33 52740 4045
15:02:33 120796 7787
15:03:33 211817 15800
15:04:33 85716 7091
15:05:34 66341 5885
15:06:34 415649 16480
15:07:34 203460 23305
15:08:34 53880 10506
15:09:35 363880 22093
15:10:35 191245 12234
15:11:35 260693 73839
15:12:35 82499 3613
15:13:35 6255 2233
15:14:36 18517 3968
15:15:36 395715 25459
15:16:36 410724 25262
15:17:36 109488 100776
15:18:37 31707 4385
15:19:37 236399 18640
15:20:37 172518 10806
15:21:37 295036 14019
15:22:38 137148 6559
15:23:38 133093 7803
15:24:38 246449 10754
15:25:38 203573 9167
15:26:38 109393 8452
15:27:39 34943 5610
15:28:39 118353 7366
15:29:39 471059 22183
15:30:39 497500 17675
15:31:40 106956 11518
15:32:40 132947 16989
15:33:40 314562 30380
15:34:41 44284 6633
15:35:41 77628 2622
15:36:41 113674 7982
15:37:41 41316 4879
15:38:41 142050 5141
15:39:42 48848 10074
15:40:42 120086 4502
15:41:42 65746 5062
15:42:42 8634 2935
15:43:42 65130 3510
15:44:43 281684 18001
15:45:43 235477 12901
15:46:43 83317 9628
15:47:44 128161 8695
15:48:44 185141 14092
15:49:44 130439 5692
15:50:44 72056 5561
15:51:45 171376 12239
15:52:45 71844 7427
15:53:45 120948 8148
15:54:45 123698 4557
15:55:46 69635 3197
15:56:46 104589 5551
15:57:46 148359 15349
15:58:46 97895 10785
15:59:49 99038 10307
16:00:47 124298 6933
16:01:47 87719 7857
16:02:47 193217 12069
16:03:47 18305 2186
16:04:48 229961 15612
16:05:48 237144 13449
16:06:48 87250 22076
16:07:48 149391 9176
16:08:49 671529 25396
16:09:49 58548 5505
16:10:49 129056 155983
16:11:49 109685 6552
16:12:53 129696 10844
16:13:50 63299 6205
16:14:50 13554 1995
16:15:50 250029 72738
16:16:50 94689 5498
16:17:54 45104 3139
16:18:51 45382 4925
16:19:51 103015 5441
16:20:51 177833 20529
16:21:51 41660 2285
16:22:52 7517 1785
16:23:52 441631 16145
16:24:52 330110 18174
16:25:52 177116 7666
16:26:53 107490 14521
16:27:53 124366 9351
16:28:53 134991 6544
16:29:53 121027 11928
16:30:54 213599 12901
16:31:54 473392 21490
16:32:55 17250 3250
16:33:55 55848 8194
16:34:55 157142 112256
16:35:56 35885 7555
16:36:56 189160 10889
16:37:56 564907 26829
16:38:56 83640 9941
16:39:56 170060 9641
16:40:57 82546 11038
16:41:57 -1 -1
16:42:57 212015 13059
16:43:57 42886 5874
16:44:58 88572 5797
16:45:58 332733 27684
16:46:58 681224 34120
16:47:58 84963 14039
16:48:58 18800 1906
16:49:58 215500 13068
16:50:59 204005 26173
16:51:59 43462 5081
16:53:00 65495 11463
16:54:00 40334 3278
16:55:00 47080 5566
16:56:00 5646 2436
16:57:00 143379 6799
16:58:01 190319 19797
16:59:01 43123 4722
17:00:01 323686 23655
17:01:02 107257 5743
17:02:02 557798 18043
17:03:02 41081 3415
17:04:03 202087 8911
17:05:03 202081 6749
17:06:03 28885 76871
17:07:03 84289 3925
17:08:04 673878 25152
17:09:04 14702 2304
17:10:04 60066 6434
17:11:04 38273 7010
17:12:04 71833 4601
17:13:05 254931 13510
17:14:05 97775 11379
17:15:05 234448 14866
17:16:05 41542 4993
17:17:06 271729 25482
17:18:06 32196 6864
17:19:06 307638 9986
17:20:06 164354 8431
17:21:07 492889 20869
17:22:07 97651 34186
17:23:08 252242 12971
17:24:08 367978 16814
17:25:09 7924 2349
17:26:09 328709 13031
17:27:09 49725 3191
17:28:10 107726 106151
17:29:10 3750 3218
17:30:10 52808 6828
17:31:11 10216 306
17:32:11 38492 4493
17:33:11 136636 19696
17:34:11 335226 17611
17:35:12 116841 28812
17:36:15 162382 5743
17:37:12 427440 21027
17:38:12 288157 11166
17:39:13 166289 6730
17:40:14 299759 14401
17:41:14 280612 118969
17:42:14 144455 15058
17:43:15 259891 11313
17:44:15 164327 11148
17:45:15 45755 7861
17:46:16 264187 14087
17:47:16 100505 81907
17:48:16 56781 3423
17:49:16 439516 21717
17:50:17 5862 4439
17:51:17 58268 7869
17:52:17 160046 17198
17:53:17 83065 6703
17:54:18 185573 7874
17:55:18 105104 4855
17:56:18 128375 7333
17:57:19 62509 7323
17:58:19 7723 9998
17:59:19 54067 2899
18:00:19 107335 7650
18:01:20 27937 5291
18:02:20 140994 11993
18:03:20 31591 4442
18:04:20 91098 8570
18:05:21 207042 10850
18:06:21 26328 4937
18:07:21 68433 119994
18:08:21 109823 10729
18:09:21 42884 5384
18:10:22 132448 7771
18:11:22 167989 10840
18:12:22 186186 8720
18:13:23 106472 8437
18:14:23 143750 6607
18:15:23 211939 6036
18:16:23 50485 6833
18:17:24 50320 8204
18:18:24 25122 2203
18:19:27 28065 4449
18:20:24 101881 7864
18:21:25 111609 8180
18:22:25 25088 4241
18:23:25 26073 5284
18:24:26 204670 12152
18:25:26 33310 7465
18:26:26 116576 128808
18:27:26 239583 13027
18:28:27 98955 7404
18:29:27 94976 6282
18:30:27 254187 12541
18:31:28 12179 3029
18:32:29 7279 714
18:33:32 113647 8369
18:34:30 11961 3330
18:35:30 167030 11548
18:36:30 47068 5903
18:37:30 68937 11471
18:38:30 102651 6803
18:39:31 73380 11489
18:40:31 245815 10341
18:41:31 221172 14117
18:42:31 18723 2137
18:43:32 33821 5826
18:44:32 20282 2487
18:45:32 89233 67231
18:46:35 9303 1805
18:47:33 34199 5626
18:48:33 10900 1265
18:49:33 19424 2379
18:50:33 80241 7539
18:51:33 8869 6509
18:52:34 26652 2701
18:53:35 3100 2463
18:54:35 155268 50044
18:55:35 41704 3903
18:56:36 12292 2359
18:57:36 162 813
18:58:36 938 1248
18:59:36 25785 4822
19:00:37 187819 14654
19:01:37 46755 2582
19:02:37 364597 18128
19:03:37 102003 12116
19:04:37 350583 15538
19:05:38 27587 6201
19:06:38 59577 5369
19:07:38 233317 13543
19:08:38 373716 23539
19:09:39 208514 19563
19:10:39 51199 5140
19:11:39 36577 2937
19:12:39 148910 11576
19:13:40 12689 2318
19:14:40 26053 4487
19:15:40 36612 2588
19:16:40 17498 1792
19:17:41 22163 2659
19:18:41 32024 5221
19:19:41 279046 17079
19:20:41 25129 2637
19:21:41 31404 3583
19:22:41 48413 3428
19:23:42 344635 68785
19:24:42 221492 21542
19:25:42 288521 13032
19:26:42 48265 6582
19:27:42 54212 5381
19:28:43 52503 3131
19:29:43 111530 8886
19:30:43 378057 23585
19:31:43 26410 2101
19:32:44 113070 3995
19:33:44 147768 12133
19:34:45 62105 8157
19:35:45 84635 6880
19:36:45 38253 7292
19:37:45 71063 6990
19:38:45 162957 12827
19:39:46 98113 7929
19:40:46 45124 4343
19:41:46 37218 4845
19:42:46 14582 3267
19:43:46 10034 2103
19:44:47 40383 2908
19:45:47 28903 3595
19:46:47 74869 7605
19:47:47 41689 9800
19:48:47 110818 34758
19:49:48 60171 16884
19:50:48 80049 9667
19:51:51 67575 4450
19:52:48 62368 3930
19:53:48 326120 25859
19:54:49 7692 2128
19:55:49 43608 2511
19:56:49 47967 14413
19:57:53 61879 7384
19:58:50 137435 9919
19:59:50 4000 905
20:00:50 98105 5782
20:01:50 65122 3678
20:02:50 41605 3636
20:03:51 39339 4046
20:04:51 43997 10604
20:05:51 30076 10004
20:06:51 299154 12305
20:07:51 28654 4188
20:08:52 77988 22345
20:09:52 99746 6869
20:10:52 74637 5859
20:11:52 20471 4022
20:12:52 106277 7213
20:13:53 23453 4479
20:14:53 292998 13925
20:15:53 65483 5719
20:16:54 22187 5473
20:17:53 82845 5573
20:18:54 307672 11164
20:19:54 29142 3036
20:21:03 99101 7290
20:21:55 500604 27045
20:22:55 2652 1410
20:23:55 26428 3200
20:24:55 10752 2160
20:25:55 3426 438
20:26:56 84768 8400
20:27:56 160359 21211
20:28:56 18513 1458
20:29:57 61738 3510
20:31:00 11948 6946
20:31:57 6011 3500
20:32:57 119228 12445
20:33:57 15708 2852
20:34:58 106457 9500
20:36:01 42920 4321
20:36:58 159457 9760
20:37:58 44846 3104
20:38:58 37853 2419
20:39:59 121061 14348
20:40:59 197056 8053
20:41:59 16546 3678
20:42:59 99893 6001
20:43:59 11390 2853
20:44:59 20630 1960
20:46:00 260379 19265
20:47:00 5082 6055
20:48:00 52753 3510
20:49:01 9592 36924
20:50:01 16569 2605
20:51:01 209545 10267
20:52:01 353451 11762
20:53:01 115963 11099
20:54:01 6828 6761
20:55:02 11392 7267
20:56:02 36734 5827
20:57:02 14338 4085
20:58:02 64094 5000
20:59:02 52554 7603
21:00:03 37303 3883
21:01:03 89687 7117
21:02:07 250821 15643
21:03:03 40004 2591
21:04:04 53101 7375
21:05:04 139805 10401
21:06:04 272034 19765
21:07:07 109065 6546
21:08:04 21310 2153
21:09:04 42182 2790
21:10:05 6288 704
21:11:05 39906 2932
21:12:05 221802 8564
21:13:05 38079 20684
21:14:06 151979 11101
21:15:06 106086 10247
21:16:06 29308 7414
21:17:09 61554 6792
21:18:06 14910 3069
21:19:07 39053 4304
21:20:07 159492 12078
21:21:07 26441 5159
21:22:08 104616 8658
21:23:08 207917 19227
21:24:08 54667 10677
21:25:08 70031 6252
21:26:08 74130 4027
21:27:09 34682 3594
21:28:09 45405 4429
21:29:09 304574 16705
21:30:09 304800 29224
21:31:10 145744 6268
21:32:10 54600 5129
21:33:13 74053 8588
21:34:10 34223 2437
21:35:10 16649 15320
21:36:11 363048 15579
21:37:14 68327 12741
21:38:11 142703 12210
21:39:11 58955 4476
21:40:11 7158 1667
21:41:12 104586 9621
21:42:12 165189 7491
21:43:12 15967 2153
21:44:12 110302 9833
21:45:13 47201 13155
21:46:13 204418 18381
21:47:13 117723 7545
21:48:14 281245 19991
21:49:14 163351 8670
21:50:14 332362 27104
21:51:14 40851 4084
21:52:14 49581 6866
21:53:15 6624 1445
21:54:15 126617 9549
21:55:15 24123 7592
21:56:16 88725 6115
21:57:16 92806 5557
21:58:16 169859 9712
21:59:17 122615 13498
22:00:16 150198 11452
22:01:17 272598 15014
22:02:17 193948 8686
22:03:17 177464 13337
22:04:17 182602 12380
22:05:18 198677 21140
22:06:18 238914 23996
22:07:18 36094 5450
22:08:19 14658 3400
22:09:19 113099 8558
22:10:19 119250 7508
22:11:19 179544 11630
22:12:19 54232 7192
22:13:20 55939 3416
22:14:20 140690 12079
22:15:20 43682 4226
22:16:20 438109 28247
22:17:21 38318 4249
22:18:21 13872 1273
22:19:21 160735 12197
22:20:21 97878 6772
22:21:22 160624 9737
22:22:22 74511 4355
22:23:22 97967 16414
22:24:22 46702 3470
22:25:22 62541 6443
22:26:23 65948 3092
22:27:23 185026 8275
22:28:23 87253 10411
22:29:23 20143 7214
22:30:24 82935 4705
22:31:24 219639 13152
22:32:24 17885 4045
22:33:24 9018 5459
22:34:25 22326 6503
22:35:25 20448 5960
22:36:25 41962 5478
22:37:26 84350 4523
22:38:26 4043 2929
22:39:26 88635 4952
22:40:27 66638 4820
22:41:27 178419 11207
22:42:27 191027 7596
22:43:27 224090 13092
22:44:28 205243 52825
22:45:28 257642 21331
22:46:28 346889 21783
22:47:28 261748 12663
22:48:29 83149 4620
22:49:29 19297 5093
22:50:29 27342 3854
22:51:29 21850 6112
22:52:30 46627 3453
22:53:30 2861 1723
22:54:30 7624 2430
22:55:30 3300 1248
22:56:31 295861 10945
22:57:31 31870 6800
22:58:31 156489 10214
22:59:31 27693 4525
23:00:32 286970 10974
23:01:32 32348 2958
23:02:32 2873 1279
23:03:32 66159 5740
23:04:33 314500 12762
23:05:33 198585 15085
23:06:33 126576 5616
23:07:33 97271 5522
23:08:34 20764 78024
23:09:34 14626 3298
23:10:34 70484 8401
23:11:34 59437 6403
23:12:35 52005 6557
23:13:35 436198 19113
23:14:35 76283 6920
23:15:36 41367 4204
23:16:36 3324 2649
23:17:36 41354 2461
23:18:36 105402 7880
23:19:36 15623 2975
23:20:37 40705 1862
23:21:37 89705 7269
23:22:37 85414 8705
23:23:38 107632 13760
23:24:38 126649 19473
23:25:38 289898 10449
23:26:38 244745 12478
23:27:39 129016 6628
23:28:39 44617 6557
23:29:39 76938 5778
23:30:39 153312 4375
23:31:40 11746 2492
23:32:40 36573 12525
23:33:40 54877 4017
23:34:41 93067 9450
23:35:41 39226 4774
23:36:41 41868 17208
23:37:41 19402 3009
23:38:42 108732 9767
23:39:42 95497 32711
23:40:42 10889 5935
23:41:42 31022 6263
23:42:43 30483 5187
23:43:43 163226 15348
23:44:44 144398 8981
23:45:44 27091 22027
23:46:44 4838 2260
23:47:45 112670 7634
23:48:46 12676 4128
23:49:46 225032 11831
23:50:47 293216 10379
23:51:48 138700 8144
23:52:48 235133 13212
23:53:48 57334 8172
23:54:48 41537 5431
23:55:51 327854 23112
23:56:49 92164 6241
23:57:50 30160 3517
23:58:51 135533 7910
23:59:51 209411 14527
