00:01:39 662 697
00:02:48 48409 1763
00:03:26 7651 2407
00:04:27 47381 4396
00:05:30 4322 1959
00:06:30 871 472
00:07:31 290831 11018
02:00:08 3648 2826
02:01:09 278238 11378
02:02:09 4747 4787
02:03:09 2373 3089
02:04:10 304242 12993
02:05:10 269450 6623
02:06:11 270847 6614
02:07:11 288139 8811
02:08:15 280623 11882
02:09:12 269659 6561
02:10:12 37431 7857
02:11:13 338989 10301
02:12:13 316940 9887
02:13:13 17801 10227
02:14:14 220500 19219
02:15:34 -1 -1
02:16:15 32303 8627
02:17:15 21665 8621
02:18:16 25610 8365
02:19:16 1779 2484
02:20:17 29303 4335
02:21:17 48082 7081
02:22:17 67814 7186
02:23:18 37516 6446
02:24:18 8688 6120
02:25:19 1340 1932
02:26:19 7032 3710
02:27:20 4486 3857
02:28:20 4747 4932
02:29:21 7832 6988
02:30:21 4082 5672
02:31:21 20242 6373
02:32:22 4112 5531
02:33:22 5978 6527
02:34:23 15564 3114
02:35:23 26507 6675
02:36:27 17657 4354
02:37:24 8079 2902
02:38:24 138248 10424
02:39:24 10219 5262
02:40:25 2508 3317
02:41:25 11038 7768
02:42:29 6114 6832
02:43:26 52659 10914
02:44:27 91406 7204
02:45:27 1509 2212
02:46:27 42755 4428
02:47:28 3909 5198
02:48:28 52029 7379
02:49:28 30964 7261
02:50:29 6407 8986
02:51:29 48221 7375
02:52:30 2517 572
02:53:30 5231 7220
02:54:30 20056 2772
02:55:31 3358 4448
02:56:31 27761 4862
02:57:32 5166 4399
02:58:32 45049 10331
02:59:32 209822 33012
03:00:33 42498 9883
03:01:33 18926 4742
03:02:34 23546 3392
03:03:34 30122 5047
03:04:34 5379 2659
03:05:35 4027 3368
03:06:36 10519 2702
03:07:36 11582 5832
03:08:36 3206 1878
03:09:37 1831 2434
03:10:37 4276 4042
03:11:37 54720 7176
03:12:38 2485 3322
03:13:38 4022 5775
03:14:38 969 1141
03:15:39 3632 5001
03:16:39 3308 4606
03:17:43 5383 7296
03:18:40 5539 6015
03:19:40 10355 8416
03:20:40 4635 5304
03:21:41 66055 12829
03:22:41 4364 6620
03:23:41 32677 5396
03:24:42 13971 6099
03:25:42 7546 10396
03:26:42 4100 5787
03:27:43 3375 4718
03:28:43 13399 4664
03:29:43 4709 6322
03:30:44 20893 9615
03:31:44 2264 3079
03:32:44 23805 4858
03:33:45 37963 11240
03:34:45 5370 7691
03:35:45 229776 10710
03:36:46 57800 6931
03:37:46 24090 7361
03:38:46 2492 3654
03:39:47 5174 5108
03:40:47 14736 4008
03:41:48 90236 15426
03:42:48 2060 3050
03:43:48 2260 3302
03:44:49 3017 4304
03:45:49 4306 6250
03:46:49 1079 1047
03:47:50 6217 6397
03:48:50 7625 6935
03:49:50 196824 15375
03:50:51 98203 10217
03:51:51 30877 7178
03:52:51 34912 5498
03:53:52 3896 5387
03:54:52 17012 5730
03:55:52 25628 6778
03:56:53 20730 3851
03:57:53 6070 4055
03:58:53 5688 6265
03:59:54 72323 13326
04:00:54 4170 5559
04:01:54 2675 3889
04:02:55 2554 3782
04:03:55 3838 5358
04:04:56 47613 10352
04:05:56 99950 8278
04:06:56 2184 3510
04:07:56 1602 2756
04:08:57 189729 14588
04:09:57 70401 9273
04:10:58 3982 5912
04:11:58 3221 4582
04:12:58 3054 4413
04:13:58 61971 31886
04:14:59 127029 9333
04:15:59 4274 6036
04:16:59 4606 6654
04:18:00 1474 2002
04:19:00 167994 6708
04:20:00 392820 15619
04:21:01 16936 7595
04:22:01 15171 8322
04:23:01 5299 5567
04:24:02 19093 6146
04:25:02 440 758
04:26:02 1785 2584
04:27:03 10051 3207
04:28:03 85565 6993
04:29:03 3086 4742
04:30:04 23183 8593
04:31:04 6108 5796
04:32:05 12829 6769
04:33:05 3161 4785
04:34:05 2538 3682
04:35:06 11584 5010
04:36:06 4388 5731
04:37:06 2746 3691
04:38:07 1208875 26429
04:39:07 12587 4313
04:40:07 4044 5579
04:41:08 3403 4495
04:42:08 17805 7426
04:43:09 133639 10899
04:44:09 38400 6391
04:45:09 3934 3989
04:46:10 4486 3310
04:47:10 2236 2860
04:48:10 19145 7977
04:49:11 8109 7755
04:50:11 9071 18005
04:51:11 3016 4200
04:52:12 16265 6659
04:53:12 1844 2634
04:54:12 10090 2361
04:55:13 14517 5757
04:56:13 12120 5961
04:57:13 1666 2665
04:58:14 67550 10862
04:59:14 6852 10229
05:00:14 18049 4474
05:01:15 17480 23980
05:02:15 4481 4670
05:03:15 4891 4087
05:04:16 54 240
05:05:16 177853 11070
05:06:16 3634 4968
05:07:17 5508 6112
05:08:17 3016 4312
05:09:17 1952 2866
05:10:18 41872 6149
05:11:18 64992 6354
05:12:19 26650 8215
05:13:19 5468 8044
05:14:19 47533 7412
05:15:20 1508 2148
05:16:20 3758 6052
05:17:20 4466 5092
05:18:21 2100 2664
05:19:21 15556 4629
05:20:21 6793 9148
05:21:22 6698 9565
05:22:22 4417 6163
05:23:22 1026 1640
05:24:23 41596 16034
05:25:23 173584 8189
05:26:24 4227 4191
05:27:24 4098 4288
05:28:24 3718 2637
05:29:25 2458 681
05:30:25 49684 6192
05:31:25 2758 2064
05:32:26 2466 3792
05:33:26 1762 2601
05:34:26 3069 4828
05:35:27 170766 9794
05:36:27 20107 4346
05:37:27 2655 864
05:38:28 1268 1846
05:39:28 1948 2942
05:40:28 5901 4713
05:41:29 93548 18474
05:42:29 3640 4888
05:43:29 6154 5364
05:44:30 4936 5532
05:45:30 36761 6488
05:46:30 4862 3363
05:47:31 5490 4272
05:48:31 75933 7133
05:49:31 2788 2221
05:50:32 9169 4953
05:51:32 2414 3580
05:52:32 1350 2118
05:53:33 29594 6324
05:54:33 1435 1835
05:55:33 1493 1976
05:56:34 8551 9676
05:57:34 15298 3600
05:58:34 35769 5865
05:59:35 2206 3366
06:00:35 2130 3094
06:01:36 3124 4690
06:02:36 70810 7390
06:03:37 12898 3676
06:04:37 2060 3048
06:05:37 1789 2400
06:06:38 34332 5986
06:07:38 2260 3103
06:08:38 89426 5864
06:09:39 23663 6782
06:10:39 18667 3542
06:11:40 1653 9393
06:12:40 1080 1636
06:13:40 1026 1564
06:14:41 1080 1602
06:15:41 2438 3633
06:16:41 52979 5187
06:17:42 1663 2350
06:18:42 2206 3366
06:19:42 10338 3799
06:20:43 18297 4734
06:21:43 112856 10592
06:22:44 12462 4635
06:23:44 11492 5744
06:24:44 2052 3202
06:25:45 3440 5294
06:26:45 33028 3993
06:27:45 517858 20778
06:28:46 22902 4237
06:29:46 29539 4533
06:30:46 13761 12618
06:31:47 10244 21095
06:32:47 2172 3200
06:33:47 1654 450
06:34:48 2792 4053
06:35:48 3112 4308
06:36:48 5958 5061
06:37:49 91362 9601
06:38:49 2249 3183
06:39:49 2144 3097
06:40:50 15960 6244
06:41:50 2792 4224
06:42:50 5332 3978
06:43:51 3414 5194
06:44:51 2060 3248
06:45:51 7514 2102
06:46:52 75255 8899
06:47:52 2737 2205
06:48:52 13860 5467
06:49:53 41249 6221
06:50:53 26271 4999
06:51:53 36938 4457
06:52:54 8467 3510
06:53:54 48677 4666
06:54:54 2277 3443
06:55:55 3212 2752
06:56:55 2225 3009
06:57:55 3657 5546
06:58:56 38055 7718
06:59:56 9092 5710
07:00:56 17763 5212
07:01:57 11029 3779
07:02:57 3874 5868
07:03:57 5591 6007
07:04:58 43122 5150
07:05:58 29563 7021
07:06:58 1208 1422
07:07:59 94523 18991
07:08:59 96775 13519
07:09:59 50468 4897
07:11:00 2906 4126
07:12:00 42891 7181
07:13:00 910 1424
07:14:01 94712 6347
07:15:01 2785 3703
07:16:01 13060 6540
07:17:02 1404 1923
07:18:02 16770 2091
07:19:02 22415 1755
07:20:03 70495 9449
07:21:03 126408 9136
07:22:03 224937 9942
07:23:04 1444 1725
07:24:04 2173 2740
07:25:05 41769 6360
07:26:05 2242 2730
07:27:05 1196 1811
07:28:05 3427 4655
07:29:06 4235 1419
07:30:06 70649 4690
07:31:07 15952 1796
07:32:07 51922 9176
07:33:07 4060 5414
07:34:08 20418 5876
07:35:08 27222 2676
07:36:08 12644 3914
07:37:09 1053 1486
07:38:09 17760 4065
07:39:09 69446 9877
07:40:10 1293 1907
07:41:10 329 428
07:42:10 1397 2098
07:43:11 1390 2568
07:44:11 2878 2778
07:45:11 15467 9540
07:46:12 1080 1714
07:47:12 4966 5314
07:48:12 3048 4464
07:49:12 41597 4053
07:50:13 756 922
07:51:13 368 796
07:52:13 616 613
07:53:14 49909 6383
07:54:14 2689 3048
07:55:14 7388 2556
07:56:15 1026 1580
07:57:15 263369 13888
07:58:15 5850 3318
07:59:16 47191 4991
08:00:16 1142 1468
08:01:16 54 180
08:02:17 2676 1708
08:03:17 2708 2019
08:04:17 25108 2649
08:05:18 2699 993
08:06:18 132 320
08:07:18 50633 5081
08:08:18 16867 1519
08:09:19 54 180
08:10:19 65508 4016
08:11:19 42198 3786
08:12:20 34265 34137
08:13:20 35394 2626
08:14:20 7092 3332
08:15:21 6385 2368
08:16:21 25459 4332
08:17:21 3491 3407
08:18:22 1359 1173
08:19:22 1036 684
08:20:22 9363 1002
08:21:23 43081 4329
08:22:23 23415 1887
08:23:24 184 247
08:24:24 62842 2072
08:25:24 55204 3240
08:26:25 14405 1933
08:27:25 1444 778
08:28:25 486 774
08:29:26 11879 1869
08:30:26 576 810
08:31:26 277 336
08:32:27 529 694
08:33:27 7430 1695
08:34:27 54 180
08:35:28 5037 3213
08:36:28 44308 5045
08:37:28 10060 1994
08:38:29 66663 3688
08:39:29 45187 5270
08:40:29 11680 3748
08:41:30 141112 5426
08:42:30 58261 3260
08:43:30 516 1005
08:44:31 2902 2752
08:45:31 533 882
08:46:32 61828 3339
08:47:32 1769 913
08:48:32 54 180
08:49:32 21774 1051
08:50:33 51262 1852
08:51:33 58491 2830
08:52:34 44173 2677
08:53:34 529 694
08:54:34 488815 15764
08:55:36 118278 13224
08:56:36 64140 5853
08:57:36 228440 12791
08:58:36 162 360
08:59:37 42896 2380
09:00:37 266344 31395
09:01:37 1654 585
09:02:38 97638 7952
09:03:38 73754 6054
09:04:38 40404 2678
09:05:38 1665 1983
09:06:39 120 372
09:07:39 54 240
09:08:39 21472 22218
09:09:40 65529 15524
09:10:40 5115 5481
09:11:40 11401 4460
09:12:40 55750 5618
09:13:40 262779 10849
09:14:41 24969 1742
09:15:41 54457 2080
09:16:41 54 510
09:17:41 54 510
09:18:42 367222 13422
09:19:42 378648 20077
09:20:43 304129 52655
09:21:43 165001 10286
09:22:43 89434 6570
09:23:44 2611 2911
09:24:44 50229 9515
09:25:44 1739 3853
09:26:44 1897 6095
09:27:45 4217 53192
09:28:45 27980 4376
09:29:45 2397 1370
09:30:45 217295 11238
09:31:46 3352 12174
09:32:46 126940 12946
09:33:46 17064 5594
09:34:47 34554 7110
09:35:47 78972 6116
09:36:47 55994 13020
09:37:48 7082 1182
09:38:48 108 258
09:39:49 20897 1878
09:40:49 213528 10378
09:41:49 537505 19303
09:42:50 28952 8504
09:43:50 31717 2274
09:44:50 164267 28850
09:45:50 315346 9950
09:46:51 514 760
09:47:51 63300 2616
09:48:51 54 180
09:49:51 6523 4948
09:50:51 19385 3081
09:51:52 7142 1126
09:52:52 37124 3344
09:53:52 54757 6011
09:54:52 55629 3780
09:55:53 37671 2144
09:56:53 29380 1522
09:57:53 48534 3301
09:58:53 141170 85898
09:59:54 134848 11731
10:00:54 163 180
10:01:54 16049 2742
10:02:54 54831 18907
10:03:55 18101 4449
10:04:55 146454 7876
10:05:55 206769 17414
10:06:55 150724 6186
10:07:55 65868 4095
10:08:56 246964 16560
10:09:56 8320 2031
10:10:56 106779 9824
10:11:57 70612 2702
10:12:57 131983 11674
10:13:57 77287 8570
10:15:00 18124 2093
10:15:58 62254 30025
10:17:01 31169 2821
10:17:58 240 685
10:18:58 64932 3106
10:19:59 74452 3506
10:21:00 238717 6426
10:22:00 67311 3156
10:23:01 9149 963
10:24:02 44667 10339
10:25:02 43390 1740
10:26:03 384 742
10:27:03 10720 780
10:28:04 99927 23117
10:29:04 35084 44890
10:30:04 339524 16289
10:31:05 67758 4651
10:32:05 12811 3050
10:33:05 2638 3281
10:34:06 500507 12293
10:35:06 4056 1509
10:36:06 244895 7413
10:37:06 34348 1850
10:38:07 127435 5417
10:39:08 402 563
10:40:11 57362 3144
10:41:09 137585 15863
10:42:09 15338 7114
10:43:09 8468 50630
10:44:10 125604 46735
10:45:10 1280 61367
10:46:10 37924 59527
10:47:11 536 11596
10:48:11 864 43506
10:49:11 137383 47838
10:50:12 42210 56082
10:51:12 166054 55518
10:52:12 302721 9222
10:53:13 19027 2535
10:54:13 3011 576
10:55:14 455 180
10:56:14 817928 27356
10:57:15 112214 5469
10:58:17 57761 3726
10:59:16 10139 2588
11:00:16 16711 3478
11:01:17 616206 25763
11:02:17 432212 15225
11:03:17 169657 6028
11:04:18 141817 8186
11:05:18 38037 6743
11:06:18 5243 4333
11:07:19 30779 4712
11:08:19 22306 4292
11:09:20 12563 2604
11:10:20 86007 4328
11:11:20 692 802
11:12:24 60556 5389
11:13:21 23608 936
11:14:22 109016 6728
11:15:22 7525 666
11:16:23 70756 2280
11:17:23 41942 4083
11:18:24 41177 4885
11:19:24 396 524
11:20:24 26617 2365
11:21:25 232286 14208
11:22:25 191302 6128
11:23:25 111737 13800
11:24:26 13710 5090
11:25:26 57046 3428
11:26:26 11576 2068
11:27:26 79690 8224
11:28:26 44855 7036
11:29:27 101040 8037
11:30:27 80253 3800
11:31:27 21577 6171
11:32:27 132 320
11:33:28 53700 3655
11:34:29 20898 1883
11:35:29 332350 11292
11:36:30 16955 2593
11:37:31 71990 6552
11:38:32 287378 10608
11:39:32 191003 10533
11:40:32 176293 7403
11:41:32 278386 11537
11:42:33 32411 5119
11:43:33 60444 7223
11:44:33 193 268
11:45:33 2817 1654
11:46:34 181479 15645
11:47:34 57808 1080
11:48:35 1205 453
11:49:35 45479 3670
11:50:54 -1 -1
11:51:36 405938 12225
11:52:37 54840 1680
11:53:37 279215 14422
11:54:37 37052 3319
11:55:38 53400 4194
11:56:38 34354 1086
11:57:38 108 246
11:58:39 20544 5003
11:59:39 19374 2293
12:00:39 34126 6430
12:01:39 6697 4775
12:02:40 16274 5429
12:03:40 1443 2607
12:04:40 4854 4160
12:05:41 107469 7301
12:06:41 46944 3525
12:07:42 1407 1105
12:08:42 33659 4627
12:09:42 133893 6206
12:10:42 172750 9567
12:11:42 35017 1791
12:12:42 18200 3036
12:13:43 14713 1768
12:14:43 10353255 187981
12:15:44 21562 10588
12:16:44 108 180
12:17:45 36592 1411
12:18:46 108 180
12:19:46 143864 11769
12:20:46 83080 8328
12:21:46 24427 2329
12:22:47 174890 11001
12:23:47 53197 10131
12:24:47 1936 2988
12:25:47 1921 795
12:26:48 190006 8790
12:27:48 390 426
12:28:48 19227 1745
12:29:49 108 180
12:30:49 451 240
12:31:49 330 822
12:32:49 10177 6768
12:33:50 2093 652
12:34:50 78179 8068
12:35:50 2114 832
12:36:50 2460 1308
12:37:51 240 432
12:38:51 848 930
12:39:51 5194 876
12:40:51 407 560
12:41:52 278 480
12:42:52 45673 32403
12:43:52 186853 12396
12:44:52 7518 8715
12:45:52 14190 1551
12:46:52 251 260
12:47:53 188816 5861
12:48:53 2330 646
12:49:53 10608 1115
12:50:53 47545 6006
12:51:54 25185 7826
12:52:54 5945 780
12:53:54 162414 5517
12:54:54 108 180
12:55:55 30860 1394
12:56:55 374 320
12:57:55 92066 6925
12:59:04 13602 13282
13:00:15 -1 -1
13:00:56 451 562
13:01:56 20044 1876
13:02:56 4261 1616
13:03:57 294 812
13:04:57 108 180
13:05:57 27929 1571
13:06:57 108 180
13:07:57 114662 7802
13:08:58 101699 4309
13:09:58 581 378
13:10:58 328 266
13:11:58 13736 1026
13:12:58 2279 1120
13:13:59 55397 4095
13:14:59 22575 2014
13:16:03 49327 3311
13:16:59 1528 636
13:17:59 21824 5189
13:19:00 39194 1442
13:20:00 71509 7684
13:21:00 131569 3165
13:22:01 28493 858
13:23:01 10114 2744
13:24:01 140031 13121
13:25:01 389 578
13:26:21 -1 -1
13:27:02 11022 984
13:28:02 3097 2360
13:29:02 11365 1664
13:30:03 20126 5706
13:31:03 108 180
13:32:03 238 313
13:33:04 6837 1004
13:34:04 128007 9022
13:35:05 50248 2094
13:36:05 186 320
13:37:05 11478 3113
13:38:05 45492 1680
13:39:05 106479 6496
13:40:06 4248 1073
13:41:06 162 180
13:42:06 54660 2825
13:43:07 1724 1073
13:44:07 99116 4880
13:45:08 60746 7401
13:46:08 244022 59980
13:47:09 12490 1321
13:48:09 2184 775
13:49:10 6443 1881
13:50:10 60174 13099
13:51:11 26530 2196
13:52:12 15043 2270
13:53:12 162 240
13:54:12 40870 3938
13:55:12 7215 918
13:56:12 290391 12659
13:57:13 110989 4165
13:58:13 266747 9963
13:59:13 51140 4350
14:00:33 -1 -1
14:01:14 13103 1053
14:02:14 2666 12547
14:03:33 -1 -1
14:04:14 51857 14762
14:05:17 56921 4146
14:06:15 39063 4874
14:07:15 69225 3695
14:08:16 39948 1920
14:09:16 69052 5132
14:10:16 45548 4389
14:11:17 52761 3668
14:12:18 15571 3268
14:13:18 42154 2401
14:14:19 60653 17625
14:15:19 206062 7966
14:16:19 23469 1492
14:17:20 36693 1612
14:18:20 511 1020
14:19:20 392073 11134
14:20:20 77468 2534
14:21:20 54258 4040
14:22:21 53738 2819
14:23:21 114866 5288
14:24:22 108 240
14:25:22 395195 14690
14:26:23 70601 8207
14:27:23 287389 10045
14:28:23 107776 13403
14:29:24 73493 6723
14:30:24 137642 7974
14:31:24 213979 11551
14:32:25 60845 3313
14:33:25 27718 1806
14:34:25 350 508
14:35:26 40615 2457
14:36:26 112906 48440
14:37:27 14287 840
14:38:27 62309 1890
14:39:28 73375 4218
14:40:28 48154 4392
14:41:28 253 335
14:42:29 3986 4422
14:43:29 222010 12105
14:44:30 24489 1756
14:45:31 90677 12404
14:46:31 379 388
14:47:32 417100 12664
14:48:32 359501 10639
14:49:32 220659 6220
14:50:33 480252 16962
14:51:33 276986 12602
14:52:34 203617 11601
14:53:34 138022 4958
14:54:34 110764 6862
14:55:34 30663 2050
14:56:35 80554 5667
14:57:35 119898 7732
14:58:35 102441 7630
14:59:35 3243 300
15:00:36 118963 4338
15:01:36 3996 2604
15:02:36 37707 61482
15:03:36 72312 5116
15:04:36 3696 65487
15:05:37 221452 49025
15:06:37 170064 17341
15:07:37 168641 9017
15:08:37 95388 9012
15:09:37 8311 2958
15:10:38 37578 9484
15:11:39 140457 7136
15:12:39 21878 3852
15:13:40 123601 7445
15:14:40 331 839
15:15:40 83258 7237
15:16:41 1979 853
15:17:41 315 240
15:18:41 88930 4178
15:19:41 557 683
15:20:41 166109 10195
15:21:42 16097 3026
15:22:42 7927 2817
15:23:42 370 374
15:24:42 19481 3813
15:25:42 79679 5409
15:26:42 179226 76577
15:27:43 299530 10907
15:28:46 168612 10599
15:29:43 323054 10776
15:30:43 232046 6291
15:31:44 60318 3268
15:32:44 114833 3907
15:33:44 47839 6383
15:34:45 63874 3374
15:35:45 7316 8693
15:36:45 96759 8807
15:37:45 24509 3162
15:38:46 29776 5511
15:39:46 37205 3092
15:40:46 237636 11172
15:41:46 133093 5528
15:42:46 889 796
15:43:47 213513 35856
15:44:47 466500 26380
15:45:47 31064 1200
15:46:48 319 573
15:47:48 52646 3965
15:48:48 3714 1309
15:49:48 13333 912
15:50:48 5393 1028
15:51:49 292 323
15:52:49 65684 2909
15:53:49 338 444
15:54:50 650 754
15:55:50 6680 2989
15:56:50 375771 21640
15:57:53 165302 5914
15:58:51 145826 6496
15:59:51 27614 9968
16:00:51 28670 6321
16:01:51 44614 4002
16:02:51 24424 1428
16:03:52 15331 3258
16:04:52 24636 4693
16:05:52 6515 2926
16:06:52 406989 26924
16:07:52 254369 10135
16:08:56 21873 1346
16:09:56 525 534
16:10:53 501 612
16:11:54 58697 2632
16:12:54 206281 9883
16:13:54 2521 1081
16:14:54 12857 3681
16:15:54 2312 6189
16:16:54 21263 16924
16:17:58 43925 18731
16:18:55 18990 5268
16:19:55 2228 5656
16:20:55 24965 3509
16:21:56 121815 14400
16:22:56 76545 9858
16:23:56 12545 2778
16:24:56 35919 1632
16:25:57 39684 3738
16:26:57 48159 2070
16:27:57 38825 8293
16:28:57 116878 15521
16:29:57 30629 65539
16:30:58 8359 7854
16:31:58 224309 10438
16:32:58 8676 5023
16:33:59 93512 7930
16:34:59 42741 3268
16:36:02 58195 2622
16:37:00 25982 10345
16:38:00 367712 26296
16:39:00 9263 2349
16:40:00 85850 4397
16:41:01 153 240
16:42:01 10011 2787
16:43:01 169936 9994
16:44:01 81340 5989
16:45:02 15434 986
16:46:02 54632 28005
16:47:02 31711 9997
16:48:02 46036 1440
16:49:03 12656 1000
16:50:02 76989 2564
16:51:03 36140 2286
16:52:03 15263 2204
16:53:03 55986 3461
16:54:04 57528 2148
16:55:04 33198 2000
16:56:04 403420 22849
16:57:04 63935 7011
16:58:05 56812 5528
16:59:05 31123 3555
17:00:05 269924 18291
17:01:06 1659 366
17:02:06 124162 5744
17:03:06 10793 43757
17:04:07 16532 1969
17:05:07 15650 840
17:06:07 4390 1727
17:07:08 60139 12225
17:08:08 89085 5584
17:09:08 118028 5948
17:10:08 7455 840
17:11:08 15513 1204
17:12:09 1512 15320
17:13:09 57815 2653
17:14:09 52662 3900
17:15:09 11799 11689
17:16:09 20696 3227
17:17:10 42329 11754
17:18:10 18763 2024
17:19:10 114615 4736
17:20:10 5282 950
17:21:11 19043 2094
17:22:11 6793 757
17:23:11 2036 1166
17:24:12 166525 18387
17:25:12 93438 8484
17:26:12 101532 7115
17:27:12 123171 6359
17:28:13 43273 2409
17:29:13 101437 4101
17:30:14 54252 3172
17:31:14 373 432
17:32:14 241 300
17:33:14 442296 17281
17:34:14 21085 1392
17:35:15 12170 1491
17:36:15 550 682
17:37:15 15225 1171
17:38:16 99995 4632
17:39:16 2318 11967
17:40:16 14004 2784
17:41:17 13239 8977
17:42:17 1110 1126
17:43:18 79974 4900
17:44:18 52411 7607
17:45:18 208714 10398
17:46:19 27660 3266
17:47:19 17850 1348
17:48:19 1559 1271
17:49:20 115862 5767
17:50:20 11019 10449
17:51:20 35318 33682
17:52:20 47417 3707
17:53:21 7325 1829
17:54:21 15593 1545
17:55:21 22952 1792
17:56:21 35289 2935
17:57:22 4689 360
17:58:22 650516 31251
17:59:22 120080 5033
18:00:22 48235 14033
18:01:23 98152 7529
18:02:23 496 622
18:03:23 226267 17505
18:04:23 48397 5241
18:05:24 37111 2042
18:06:24 46267 2636
18:07:24 5608 886
18:08:24 968 1309
18:09:25 12717 3510
18:10:25 12870 1248
18:11:25 1830 828
18:12:25 109612 18212
18:13:26 66005 5041
18:14:26 53212 7085
18:15:26 164 300
18:16:26 153 240
18:17:27 1227 1049
18:18:27 30123 2140
18:19:27 33817 1750
18:20:27 26067 3748
18:21:28 14078 1169
18:22:28 113451 6701
18:23:29 4189 1471
18:24:30 844 934
18:25:30 33796 2200
18:26:30 11040 4253
18:27:31 10130 1622
18:28:31 10889 900
18:29:31 18686 1758
18:30:32 65214 4475
18:31:32 387 383
18:32:36 7836 2035
18:33:32 381 486
18:34:33 34838 3595
18:35:33 33973 7958
18:36:33 3875 2299
18:37:34 15304 3530
18:38:34 5367 5053
18:39:34 10242 8901
18:40:34 15769 2186
18:41:34 11748 2213
18:42:35 3573 2017
18:43:38 2870 1151
18:44:35 17306 6091
18:45:35 509 460
18:46:38 2402 1407
18:47:36 1282 706
18:48:37 72025 6878
18:49:36 90413 4143
18:50:36 580 652
18:51:37 69906 6438
18:52:37 11771 2620
18:53:37 6379 1134
18:54:37 649 700
18:55:38 2528 987
18:56:38 14261 6224
18:57:38 52636 5377
18:58:38 26792 6050
18:59:38 13557 2906
19:00:39 9630 1628
19:01:39 87334 3491
19:02:39 24731 1539
19:03:39 171151 4303
19:04:40 32774 4045
19:05:40 123904 7828
19:06:40 36053 10472
19:07:40 486 1022
19:08:40 62671 2643
19:09:41 153770 5798
19:10:41 136873 4434
19:11:41 200285 8549
19:12:42 147322 8813
19:13:42 138689 6597
19:14:42 36609 2493
19:15:42 23051 1908
19:16:42 37947 1476
19:17:43 7629 1560
19:18:43 7873 14401
19:19:43 76707 5401
19:20:43 19467 12864
19:21:43 1043 486
19:22:44 438 560
19:23:44 1880 383
19:24:44 17602 1965
19:25:44 59135 3578
19:26:44 2612 942
19:27:45 133414 2397
19:28:45 147478 9641
19:29:45 531 581
19:30:45 2360 2450
19:31:45 753 714
19:32:46 178508 6188
19:33:47 361 460
19:34:48 32799 1786
19:35:48 10736 1204
19:36:48 1990 2885
19:37:48 1811 1289
19:38:48 30389 2304
19:39:49 812 2137
19:40:51 16181 1534
19:41:49 238 380
19:42:49 2021 688
19:43:50 385955 18432
19:44:50 497 518
19:45:50 17270 2050
19:46:53 48246 2469
19:47:50 290 612
19:48:51 897 555
19:49:51 70215 5512
19:50:51 17575 2800
19:51:51 371 450
19:52:51 292 323
19:53:52 285 314
19:54:52 28302 2086
19:55:52 106927 5728
19:56:52 4899 2186
19:57:53 45492 5848
19:58:53 37304 2413
19:59:53 35580 9628
20:00:53 8667 1015
20:01:53 43973 3719
20:02:54 207 435
20:03:54 10405 1606
20:04:54 3756 1652
20:05:54 48766 4404
20:06:54 43825 4042
20:07:55 39150 1623
20:08:58 13273 1218
20:09:55 4047 1808
20:10:55 7900 1001
20:11:55 18822 2398
20:12:56 28419 3178
20:13:56 284074 7365
20:14:56 156642 9944
20:15:56 208494 11859
20:16:56 100928 4088
20:17:57 428 480
20:19:00 9326 1042
20:19:57 269 609
20:20:57 351 966
20:21:58 2090 1188
20:22:58 393 554
20:23:58 231 764
20:24:58 30483 3381
20:25:59 496 240
20:26:59 37851 1829
20:27:59 38933 1902
20:28:59 72059 13474
20:30:00 3496 975
20:31:00 132601 7947
20:32:00 17539 1627
20:33:00 59788 1911
20:34:00 86129 6455
20:35:01 55168 2052
20:36:01 76854 17691
20:37:01 23768 1326
20:38:01 12258 480
20:39:01 161544 6699
20:40:02 320639 10457
20:41:02 15351 770
20:42:02 2303 1107
20:43:02 262221 25671
20:44:02 56568 11185
20:45:03 15354 1148
20:46:03 2624 1352
20:47:03 58814 3995
20:48:03 41984 9439
20:49:04 6620 996
20:50:04 33028 2788
20:51:04 3766 804
20:52:04 26611 8355
20:53:04 50875 80667
20:54:05 131206 5863
20:55:05 78475 4291
20:56:05 59747 2448
20:57:08 69542 3675
20:58:05 70416 4514
20:59:06 43019 2058
21:00:06 13986 1297
21:01:06 14358 878
21:02:06 17592 958
21:03:07 160245 8202
21:04:07 102648 8965
21:05:07 401 484
21:06:07 8083 1497
21:07:11 46166 3586
21:08:07 18384 1343
21:09:08 4027 742
21:10:08 168042 9644
21:11:08 25837 2389
21:12:08 315587 13424
21:13:08 28842 8304
21:14:09 28852 4161
21:15:09 15751 1080
21:16:09 2452 713
21:17:09 69251 11200
21:18:10 111313 6130
21:19:10 1743 318
21:20:10 83167 5911
21:21:10 14047 1387
21:22:11 21820 2352
21:23:11 56400 4032
21:24:11 121964 25312
21:25:11 563 457
21:26:12 25913 2017
21:27:12 2064 820
21:28:12 13687 1734
21:29:12 488 672
21:30:13 146663 8867
21:31:13 34859 2689
21:32:13 230 240
21:33:13 34370 4205
21:34:13 50553 6938
21:35:14 8304 1917
21:36:14 13320 1335
21:37:14 22608 1454
21:38:15 590 700
21:39:14 3593 1337
21:40:15 1923 306
21:41:15 9333 7099
21:42:15 24377 1838
21:43:15 12479 816
21:44:16 37972 2384
21:45:16 289 372
21:46:16 6299 795
21:47:16 24419 2170
21:48:17 37822 2635
21:49:17 9288 1446
21:50:17 19366 2005
21:51:17 37982 3466
21:52:18 3526 1408
21:53:18 17117 2970
21:54:18 23452 2127
21:55:18 27613 4231
21:56:18 223376 7474
21:57:19 53677 5204
21:58:19 40111 2198
21:59:19 967 1282
22:00:19 18835 1655
22:01:20 2475 2275
22:02:20 18086 1238
22:03:20 88280 6348
22:04:20 226833 12765
22:05:21 330104 14216
22:06:21 52971 2873
22:07:24 12669 1283
22:08:21 105468 5633
22:09:22 3728 1767
22:10:22 81162 5455
22:11:22 796 1039
22:12:22 2067 1258
22:13:23 1640 3141
22:14:23 915 1571
22:15:23 106416 5522
22:16:23 61058 3506
22:17:24 3658 1277
22:18:24 8671 10957
22:19:24 159291 9438
22:20:24 216811 7751
22:21:25 235402 7695
22:22:25 76265 6193
22:23:25 21871 4615
22:24:25 23614 5555
22:25:26 83776 4152
22:26:26 9305 3700
22:27:26 5066 2158
22:28:26 265321 17913
22:29:27 119286 7537
22:30:27 11605 1836
22:31:27 38009 8275
22:32:27 10928 2505
22:33:28 45778 5911
22:34:28 37664 5069
22:35:28 6845 300
22:36:28 4296 2646
22:37:29 1501 2373
22:38:29 153 240
22:39:29 1831 1197
22:40:30 153 240
22:41:30 916 1337
22:42:30 2380 1515
22:43:30 1716 360
22:44:31 13096 1898
22:45:31 31593 3223
22:46:31 8810 3448
22:47:31 2631 1185
22:48:32 5226 695
22:49:32 17046 2764
22:50:32 67855 5281
22:51:32 15896 1049
22:52:33 59969 2674
22:53:33 20415 2579
22:54:33 54805 4413
22:55:33 659 903
22:56:34 35464 2242
22:57:34 5524 3398
22:58:34 3517 851
22:59:35 16616 1477
23:00:35 19758 2133
23:01:35 67953 3366
23:02:35 15103 1777
23:03:36 100529 3888
23:04:36 14012 1204
23:05:36 153 240
23:06:36 1966 931
23:07:37 15164 1124
23:08:37 75529 2841
23:09:37 54156 6170
23:10:37 37206 2304
23:11:38 33885 4126
23:12:38 127501 5430
23:13:38 234 426
23:14:38 155255 6037
23:15:38 67126 3531
23:16:39 267057 15634
23:17:39 22715 4376
23:18:39 153 240
23:19:40 156497 10649
23:20:40 685 615
23:21:40 153 240
23:22:40 177595 9173
23:23:41 7025 1234
23:24:41 34175 6150
23:25:41 181634 8770
23:26:42 2184 964
23:27:42 9722 1847
23:28:42 2099 969
23:29:42 109164 7974
23:30:46 7826 488
23:31:43 10809 1763
23:32:43 35901 1584
23:33:43 3720 2278
23:34:44 15056 1962
23:35:44 72769 4084
23:36:44 15444 950
23:37:44 6184 1518
23:38:45 466 749
23:39:46 309 329
23:40:45 339 374
23:41:46 107695 4258
23:42:46 3379 832
23:43:46 43055 1791
23:44:47 3022 830
23:45:47 7179 2024
23:46:48 3073 2017
23:47:48 104013 4641
23:48:52 5242 2920
23:49:52 48870 4644
23:50:50 18777 3476
23:51:51 2131 643
23:52:52 11647 1203
23:53:52 1695 1647
23:54:53 26524 1760
23:55:53 5365 1060
23:56:54 912 909
23:57:55 7714 3131
23:58:55 1637 1266
23:59:56 760 938
