00:00:29 4 0 156
00:00:39 4 0 153
00:01:32 4 0 153
00:02:12 4 0 154
00:02:38 4 0 154
00:02:57 4 0 154
00:03:24 4 0 154
00:03:45 4 0 153
00:04:18 4 0 154
00:04:48 4 0 154
00:05:19 4 0 153
00:05:57 4 0 153
00:06:22 4 0 154
00:06:53 4 0 153
00:07:28 4 0 153
00:07:55 4 0 153
00:08:24 4 0 172
02:00:06 4 0 260
02:00:37 4 0 261
02:01:07 4 0 260
02:01:37 4 0 260
02:02:07 4 0 260
02:02:37 4 0 260
02:03:07 4 0 259
02:03:38 4 0 259
02:04:08 4 0 259
02:04:38 4 0 260
02:05:09 4 0 258
02:05:39 4 0 260
02:06:09 4 0 260
02:06:39 4 0 260
02:07:09 4 0 257
02:07:40 4 0 260
02:08:10 4 0 260
02:08:40 4 0 259
02:09:10 4 0 257
02:09:40 4 0 257
02:10:10 4 0 257
02:10:42 3 1 259
02:11:11 4 0 260
02:11:41 4 0 259
02:12:11 4 0 259
02:12:42 4 0 257
02:13:12 4 0 259
02:13:42 4 0 259
02:14:12 4 0 259
02:14:45 2 2 584
02:15:15 1 3 686
02:15:44 3 1 257
02:16:13 4 0 259
02:16:43 4 0 260
02:17:13 4 0 259
02:17:44 4 0 259
02:18:14 4 0 257
02:18:44 4 0 257
02:19:14 4 0 258
02:19:45 4 0 259
02:20:16 3 1 259
02:20:45 4 0 260
02:21:15 4 0 257
02:21:46 4 0 260
02:22:16 4 0 259
02:22:46 4 0 259
02:23:16 4 0 259
02:23:46 4 0 259
02:24:16 4 0 257
02:24:47 4 0 259
02:25:19 2 2 261
02:25:47 4 0 258
02:26:17 4 0 258
02:26:48 4 0 258
02:27:18 4 0 257
02:27:48 4 0 259
02:28:18 4 0 257
02:28:49 4 0 259
02:29:19 4 0 258
02:29:51 2 2 258
02:30:19 4 0 258
02:30:49 4 0 260
02:31:19 4 0 257
02:31:50 4 0 260
02:32:20 4 0 258
02:32:50 4 0 258
02:33:20 4 0 257
02:33:51 4 0 259
02:34:21 3 1 260
02:34:51 4 0 259
02:35:21 4 0 245
02:35:51 4 0 257
02:36:21 4 0 260
02:36:52 4 0 257
02:37:22 4 0 258
02:37:52 4 0 259
02:38:22 4 0 256
02:38:53 4 0 257
02:39:23 4 0 257
02:39:53 4 0 257
02:40:23 4 0 257
02:40:53 4 0 258
02:41:23 4 0 258
02:41:54 4 0 258
02:42:24 4 0 246
02:42:54 4 0 257
02:43:24 4 0 260
02:43:54 4 0 258
02:44:25 4 0 257
02:44:55 4 0 258
02:45:25 4 0 257
02:45:55 4 0 257
02:46:25 4 0 251
02:46:56 4 0 259
02:47:26 4 0 260
02:47:56 4 0 221
02:48:26 4 0 275
02:48:56 4 0 258
02:49:27 4 0 259
02:49:57 4 0 258
02:50:27 4 0 257
02:50:57 4 0 257
02:51:27 4 0 252
02:52:00 1 3 675
02:52:31 0 4 -1
02:52:58 4 0 260
02:53:28 4 0 257
02:53:58 4 0 257
02:54:29 4 0 257
02:54:59 4 0 256
02:55:29 4 0 257
02:55:59 4 0 259
02:56:29 4 0 260
02:57:00 4 0 256
02:57:30 4 0 256
02:58:00 4 0 257
02:58:30 4 0 257
02:59:00 4 0 256
02:59:31 4 0 256
03:00:01 4 0 258
03:00:31 4 0 256
03:01:01 4 0 256
03:01:31 4 0 257
03:02:02 4 0 256
03:02:32 4 0 257
03:03:02 4 0 258
03:03:32 4 0 257
03:04:02 4 0 257
03:04:32 4 0 257
03:05:03 4 0 257
03:05:33 4 0 257
03:06:04 4 0 267
03:06:34 4 0 257
03:07:04 4 0 258
03:07:34 4 0 257
03:08:05 4 0 257
03:08:35 4 0 257
03:09:06 4 0 257
03:09:36 4 0 259
03:10:06 4 0 257
03:10:36 4 0 259
03:11:06 4 0 257
03:11:36 4 0 262
03:12:07 4 0 257
03:12:37 4 0 257
03:13:07 4 0 256
03:13:37 4 0 256
03:14:07 4 0 256
03:14:37 4 0 257
03:15:08 4 0 256
03:15:38 4 0 256
03:16:08 4 0 257
03:16:38 4 0 257
03:17:08 4 0 257
03:17:39 4 0 258
03:18:09 4 0 258
03:18:39 4 0 257
03:19:09 4 0 257
03:19:39 4 0 259
03:20:10 4 0 258
03:20:40 4 0 257
03:21:10 4 0 258
03:21:40 4 0 256
03:22:10 4 0 257
03:22:40 4 0 256
03:23:11 4 0 257
03:23:41 4 0 257
03:24:11 4 0 257
03:24:41 4 0 257
03:25:12 3 1 256
03:25:41 4 0 257
03:26:12 4 0 257
03:26:42 4 0 257
03:27:12 4 0 257
03:27:42 4 0 256
03:28:12 4 0 257
03:28:42 4 0 257
03:29:13 4 0 256
03:29:43 4 0 257
03:30:13 4 0 257
03:30:43 4 0 257
03:31:13 4 0 257
03:31:44 3 1 257
03:32:14 4 0 257
03:32:44 4 0 257
03:33:14 4 0 257
03:33:44 4 0 258
03:34:14 4 0 258
03:34:44 4 0 256
03:35:14 4 0 256
03:35:45 4 0 253
03:36:15 4 0 260
03:36:45 4 0 257
03:37:15 4 0 257
03:37:45 4 0 257
03:38:16 4 0 257
03:38:46 4 0 257
03:39:16 4 0 239
03:39:46 4 0 256
03:40:16 4 0 258
03:40:46 4 0 257
03:41:17 4 0 259
03:41:47 4 0 259
03:42:17 4 0 259
03:42:47 4 0 257
03:43:17 4 0 257
03:43:47 4 0 257
03:44:18 4 0 257
03:44:48 4 0 257
03:45:18 4 0 257
03:45:48 4 0 257
03:46:18 4 0 226
03:46:49 4 0 256
03:47:19 4 0 256
03:47:50 3 1 259
03:48:19 4 0 255
03:48:49 4 0 245
03:49:19 4 0 256
03:49:49 4 0 256
03:50:20 4 0 258
03:50:50 4 0 256
03:51:20 4 0 258
03:51:50 4 0 255
03:52:20 4 0 257
03:52:50 4 0 256
03:53:21 4 0 257
03:53:51 4 0 257
03:54:21 4 0 257
03:54:51 4 0 257
03:55:22 4 0 258
03:55:52 4 0 257
03:56:22 4 0 257
03:56:52 4 0 256
03:57:22 4 0 258
03:57:52 4 0 257
03:58:22 4 0 256
03:58:53 4 0 256
03:59:23 4 0 257
03:59:53 4 0 256
04:00:23 4 0 256
04:00:53 4 0 256
04:01:23 4 0 258
04:01:53 4 0 256
04:02:24 4 0 255
04:02:54 4 0 251
04:03:24 4 0 234
04:03:54 4 0 234
04:04:24 4 0 256
04:04:55 4 0 256
04:05:25 4 0 258
04:05:55 4 0 256
04:06:25 4 0 262
04:06:55 4 0 255
04:07:26 4 0 252
04:07:56 4 0 259
04:08:26 4 0 254
04:08:56 4 0 256
04:09:26 4 0 256
04:09:56 4 0 255
04:10:27 4 0 255
04:10:57 4 0 257
04:11:27 4 0 257
04:11:57 4 0 257
04:12:27 4 0 257
04:12:57 4 0 257
04:13:28 4 0 257
04:13:58 4 0 256
04:14:28 4 0 256
04:14:58 4 0 252
04:15:28 4 0 256
04:15:58 4 0 256
04:16:29 4 0 257
04:16:59 4 0 255
04:17:29 4 0 255
04:17:59 4 0 256
04:18:29 4 0 257
04:18:59 4 0 256
04:19:30 4 0 256
04:20:00 4 0 257
04:20:30 4 0 256
04:21:00 4 0 257
04:21:30 4 0 256
04:22:00 4 0 256
04:22:31 4 0 248
04:23:01 4 0 256
04:23:31 4 0 283
04:24:01 4 0 258
04:24:31 4 0 257
04:25:01 4 0 256
04:25:32 4 0 260
04:26:01 4 0 165
04:26:32 4 0 165
04:27:02 4 0 165
04:27:32 4 0 165
04:28:02 4 0 165
04:28:32 4 0 165
04:29:02 4 0 165
04:29:33 4 0 165
04:30:03 4 0 165
04:30:33 4 0 165
04:31:03 4 0 165
04:31:33 4 0 165
04:32:03 4 0 165
04:32:34 4 0 165
04:33:04 4 0 165
04:33:34 4 0 165
04:34:04 4 0 165
04:34:34 4 0 165
04:35:04 4 0 165
04:35:35 4 0 165
04:36:05 4 0 165
04:36:35 4 0 165
04:37:05 4 0 165
04:37:35 4 0 165
04:38:05 4 0 165
04:38:36 4 0 165
04:39:06 4 0 165
04:39:36 4 0 165
04:40:06 4 0 169
04:40:37 4 0 165
04:41:07 4 0 165
04:41:37 4 0 165
04:42:07 4 0 165
04:42:37 4 0 165
04:43:07 4 0 165
04:43:38 4 0 165
04:44:08 4 0 165
04:44:38 4 0 165
04:45:08 4 0 165
04:45:38 4 0 165
04:46:08 4 0 165
04:46:39 4 0 165
04:47:09 4 0 165
04:47:39 4 0 165
04:48:09 4 0 165
04:48:39 4 0 165
04:49:09 4 0 165
04:49:40 4 0 165
04:50:10 4 0 165
04:50:40 4 0 165
04:51:10 4 0 165
04:51:40 4 0 165
04:52:10 4 0 165
04:52:41 4 0 165
04:53:11 4 0 165
04:53:41 4 0 165
04:54:11 4 0 165
04:54:41 4 0 165
04:55:11 4 0 166
04:55:42 4 0 166
04:56:12 4 0 165
04:56:42 4 0 165
04:57:12 4 0 169
04:57:42 4 0 165
04:58:13 4 0 173
04:58:43 4 0 165
04:59:13 4 0 165
04:59:43 4 0 165
05:00:13 4 0 165
05:00:43 4 0 165
05:01:14 4 0 165
05:01:45 3 1 168
05:02:14 4 0 165
05:02:44 4 0 165
05:03:14 4 0 165
05:03:44 4 0 165
05:04:15 4 0 165
05:04:45 4 0 165
05:05:15 4 0 165
05:05:45 4 0 165
05:06:15 4 0 165
05:06:46 4 0 165
05:07:16 4 0 165
05:07:46 4 0 165
05:08:16 4 0 165
05:08:46 4 0 165
05:09:16 4 0 165
05:09:47 4 0 165
05:10:17 4 0 165
05:10:47 4 0 165
05:11:17 4 0 165
05:11:47 4 0 165
05:12:17 4 0 165
05:12:48 4 0 165
05:13:18 4 0 165
05:13:48 4 0 165
05:14:18 4 0 165
05:14:48 4 0 165
05:15:18 4 0 167
05:15:49 4 0 175
05:16:19 4 0 165
05:16:49 4 0 165
05:17:19 4 0 169
05:17:49 4 0 165
05:18:19 4 0 165
05:18:50 4 0 165
05:19:20 4 0 165
05:19:50 4 0 165
05:20:20 4 0 165
05:20:51 4 0 165
05:21:21 4 0 165
05:21:51 4 0 165
05:22:21 4 0 165
05:22:51 4 0 165
05:23:21 4 0 165
05:23:52 4 0 165
05:24:22 4 0 165
05:24:52 4 0 165
05:25:22 4 0 166
05:25:52 4 0 165
05:26:22 4 0 165
05:26:53 4 0 165
05:27:23 4 0 165
05:27:53 4 0 165
05:28:23 4 0 167
05:28:53 4 0 165
05:29:23 4 0 166
05:29:54 4 0 165
05:30:24 4 0 165
05:30:54 4 0 165
05:31:24 4 0 165
05:31:54 4 0 165
05:32:24 4 0 165
05:32:55 4 0 165
05:33:25 4 0 167
05:33:55 4 0 169
05:34:25 4 0 166
05:34:55 4 0 165
05:35:25 4 0 165
05:35:56 4 0 165
05:36:26 4 0 165
05:36:56 4 0 165
05:37:26 4 0 165
05:37:56 4 0 165
05:38:26 4 0 165
05:38:57 4 0 165
05:39:27 4 0 165
05:39:57 4 0 165
05:40:27 4 0 165
05:40:57 4 0 165
05:41:27 4 0 165
05:41:58 4 0 167
05:42:28 4 0 165
05:42:58 4 0 165
05:43:28 4 0 165
05:43:58 4 0 165
05:44:28 4 0 165
05:44:59 4 0 165
05:45:29 4 0 165
05:45:59 4 0 165
05:46:29 4 0 165
05:46:59 4 0 165
05:47:29 4 0 165
05:48:00 4 0 165
05:48:30 4 0 165
05:49:00 4 0 165
05:49:30 4 0 165
05:50:00 4 0 172
05:50:30 4 0 165
05:51:01 4 0 165
05:51:31 4 0 165
05:52:01 4 0 165
05:52:31 4 0 165
05:53:01 4 0 165
05:53:31 4 0 165
05:54:02 4 0 165
05:54:32 4 0 165
05:55:03 3 1 169
05:55:32 4 0 168
05:56:03 4 0 165
05:56:33 4 0 165
05:57:03 4 0 165
05:57:33 4 0 165
05:58:03 4 0 165
05:58:33 4 0 175
05:59:04 4 0 165
05:59:34 4 0 165
06:00:04 4 0 165
06:00:34 4 0 165
06:01:04 4 0 165
06:01:35 4 0 165
06:02:05 4 0 165
06:02:35 4 0 165
06:03:05 4 0 165
06:03:35 4 0 165
06:04:06 4 0 165
06:04:36 4 0 165
06:05:06 4 0 165
06:05:36 4 0 165
06:06:07 4 0 165
06:06:37 4 0 165
06:07:07 4 0 165
06:07:37 4 0 165
06:08:07 4 0 165
06:08:37 4 0 165
06:09:08 4 0 165
06:09:38 4 0 165
06:10:08 4 0 165
06:10:38 4 0 165
06:11:08 4 0 165
06:11:38 4 0 167
06:12:09 4 0 166
06:12:39 4 0 165
06:13:10 3 1 165
06:13:39 4 0 165
06:14:09 4 0 165
06:14:40 4 0 173
06:15:10 4 0 165
06:15:40 4 0 165
06:16:10 4 0 165
06:16:40 4 0 165
06:17:10 4 0 165
06:17:41 4 0 165
06:18:11 4 0 165
06:18:41 4 0 193
06:19:11 4 0 165
06:19:41 4 0 165
06:20:11 4 0 165
06:20:42 4 0 169
06:21:12 4 0 165
06:21:42 4 0 165
06:22:12 4 0 165
06:22:42 4 0 165
06:23:13 4 0 165
06:23:43 4 0 165
06:24:13 4 0 165
06:24:43 4 0 165
06:25:13 4 0 165
06:25:43 4 0 165
06:26:14 4 0 165
06:26:44 4 0 165
06:27:14 4 0 165
06:27:44 4 0 165
06:28:14 4 0 165
06:28:44 4 0 186
06:29:15 4 0 165
06:29:45 4 0 165
06:30:15 4 0 165
06:30:45 4 0 165
06:31:15 4 0 165
06:31:45 4 0 165
06:32:16 4 0 165
06:32:46 4 0 165
06:33:16 4 0 165
06:33:46 4 0 170
06:34:16 4 0 165
06:34:46 4 0 165
06:35:17 4 0 165
06:35:47 4 0 165
06:36:17 4 0 165
06:36:47 4 0 165
06:37:17 4 0 165
06:37:47 4 0 165
06:38:18 4 0 165
06:38:48 4 0 165
06:39:18 4 0 165
06:39:48 4 0 165
06:40:18 4 0 165
06:40:48 4 0 165
06:41:19 4 0 165
06:41:49 4 0 165
06:42:19 4 0 165
06:42:49 4 0 165
06:43:19 4 0 165
06:43:49 4 0 165
06:44:20 4 0 165
06:44:50 4 0 168
06:45:20 4 0 165
06:45:50 4 0 165
06:46:20 4 0 165
06:46:50 4 0 165
06:47:21 4 0 165
06:47:51 4 0 168
06:48:21 4 0 165
06:48:51 4 0 165
06:49:21 4 0 165
06:49:51 4 0 165
06:50:22 4 0 165
06:50:52 4 0 165
06:51:22 4 0 165
06:51:52 4 0 165
06:52:22 4 0 165
06:52:53 4 0 195
06:53:23 4 0 165
06:53:53 4 0 165
06:54:23 4 0 165
06:54:53 4 0 165
06:55:23 4 0 165
06:55:53 4 0 165
06:56:24 4 0 165
06:56:54 4 0 165
06:57:24 4 0 165
06:57:54 4 0 165
06:58:24 4 0 165
06:58:54 4 0 166
06:59:25 4 0 165
06:59:55 4 0 165
07:00:25 4 0 165
07:00:55 4 0 165
07:01:25 4 0 165
07:01:55 4 0 165
07:02:26 4 0 165
07:02:56 4 0 165
07:03:26 4 0 165
07:03:56 4 0 165
07:04:26 4 0 165
07:04:56 4 0 165
07:05:27 4 0 165
07:05:57 4 0 165
07:06:27 4 0 165
07:06:57 4 0 165
07:07:27 4 0 165
07:07:57 4 0 165
07:08:28 4 0 165
07:08:58 4 0 165
07:09:28 4 0 165
07:09:58 4 0 168
07:10:28 4 0 165
07:10:58 4 0 165
07:11:29 4 0 165
07:11:59 4 0 165
07:12:29 4 0 165
07:12:59 4 0 165
07:13:29 4 0 179
07:13:59 4 0 165
07:14:30 4 0 165
07:15:00 4 0 165
07:15:30 4 0 165
07:16:00 4 0 165
07:16:31 4 0 165
07:17:01 4 0 165
07:17:31 4 0 165
07:18:01 4 0 165
07:18:31 4 0 165
07:19:01 4 0 165
07:19:32 4 0 165
07:20:02 4 0 165
07:20:32 4 0 165
07:21:02 4 0 165
07:21:32 4 0 165
07:22:02 4 0 165
07:22:32 4 0 165
07:23:03 4 0 165
07:23:33 4 0 165
07:24:03 4 0 165
07:24:33 4 0 165
07:25:03 4 0 166
07:25:34 4 0 165
07:26:04 4 0 165
07:26:35 4 0 165
07:27:05 4 0 165
07:27:35 4 0 165
07:28:06 4 0 168
07:28:36 4 0 165
07:29:06 4 0 165
07:29:36 4 0 165
07:30:06 4 0 165
07:30:36 4 0 165
07:31:07 4 0 165
07:31:37 4 0 165
07:32:07 4 0 165
07:32:37 4 0 165
07:33:07 4 0 165
07:33:37 4 0 165
07:34:08 4 0 165
07:34:38 4 0 165
07:35:08 4 0 165
07:35:38 4 0 165
07:36:08 4 0 165
07:36:38 4 0 165
07:37:09 4 0 165
07:37:39 4 0 165
07:38:09 4 0 167
07:38:39 4 0 184
07:39:09 4 0 167
07:39:39 4 0 175
07:40:10 4 0 165
07:40:40 4 0 165
07:41:10 4 0 165
07:41:40 4 0 165
07:42:10 4 0 173
07:42:40 4 0 165
07:43:11 4 0 165
07:43:41 4 0 165
07:44:11 4 0 165
07:44:41 4 0 165
07:45:11 4 0 165
07:45:41 4 0 165
07:46:12 4 0 165
07:46:42 4 0 165
07:47:12 4 0 165
07:47:42 4 0 165
07:48:12 4 0 165
07:48:42 4 0 165
07:49:13 4 0 165
07:49:43 4 0 165
07:50:13 4 0 165
07:50:43 4 0 165
07:51:13 4 0 196
07:51:43 4 0 165
07:52:13 4 0 165
07:52:44 4 0 195
07:53:14 4 0 165
07:53:44 4 0 165
07:54:14 4 0 165
07:54:44 4 0 165
07:55:15 3 1 165
07:55:44 4 0 165
07:56:15 4 0 165
07:56:45 4 0 165
07:57:15 4 0 166
07:57:45 4 0 165
07:58:15 4 0 165
07:58:45 4 0 165
07:59:16 4 0 165
07:59:46 4 0 165
08:00:16 4 0 165
08:00:46 4 0 165
08:01:16 4 0 165
08:01:46 4 0 166
08:02:17 4 0 165
08:02:47 4 0 165
08:03:17 4 0 165
08:03:47 4 0 165
08:04:17 4 0 165
08:04:47 4 0 165
08:05:18 4 0 165
08:05:48 4 0 165
08:06:18 4 0 165
08:06:48 4 0 165
08:07:18 4 0 165
08:07:48 4 0 165
08:08:18 4 0 165
08:08:48 4 0 165
08:09:19 4 0 165
08:09:49 4 0 165
08:10:19 4 0 165
08:10:49 4 0 165
08:11:19 4 0 165
08:11:49 4 0 165
08:12:20 4 0 165
08:12:50 4 0 165
08:13:20 4 0 165
08:13:50 4 0 170
08:14:20 4 0 165
08:14:50 4 0 165
08:15:21 4 0 165
08:15:51 4 0 165
08:16:21 4 0 165
08:16:51 4 0 165
08:17:21 4 0 165
08:17:51 4 0 165
08:18:22 4 0 165
08:18:52 4 0 165
08:19:22 4 0 165
08:19:52 4 0 165
08:20:22 4 0 165
08:20:52 4 0 165
08:21:23 4 0 165
08:21:53 4 0 165
08:22:23 4 0 165
08:22:53 4 0 165
08:23:24 4 0 190
08:23:54 4 0 165
08:24:24 4 0 165
08:24:54 4 0 165
08:25:24 4 0 165
08:25:55 4 0 167
08:26:25 4 0 165
08:26:55 4 0 176
08:27:25 4 0 165
08:27:55 4 0 165
08:28:25 4 0 165
08:28:56 4 0 165
08:29:26 4 0 165
08:29:56 4 0 165
08:30:26 4 0 165
08:30:56 4 0 165
08:31:27 4 0 188
08:31:56 4 0 165
08:32:27 4 0 165
08:32:57 4 0 165
08:33:27 4 0 165
08:33:57 4 0 165
08:34:27 4 0 165
08:34:57 4 0 165
08:35:28 4 0 165
08:35:58 4 0 165
08:36:28 4 0 165
08:36:58 4 0 165
08:37:28 4 0 165
08:37:58 4 0 165
08:38:29 4 0 165
08:38:59 4 0 165
08:39:29 4 0 165
08:39:59 4 0 165
08:40:29 4 0 165
08:40:59 4 0 165
08:41:30 4 0 165
08:42:00 4 0 165
08:42:30 4 0 165
08:43:01 4 0 165
08:43:31 4 0 165
08:44:01 4 0 165
08:44:32 4 0 165
08:45:02 4 0 165
08:45:32 4 0 165
08:46:02 4 0 165
08:46:33 4 0 165
08:47:03 4 0 165
08:47:33 4 0 165
08:48:03 4 0 165
08:48:33 4 0 165
08:49:03 4 0 165
08:49:34 3 1 168
08:50:04 4 0 165
08:50:34 4 0 165
08:51:04 4 0 165
08:51:34 4 0 165
08:52:04 4 0 165
08:52:35 4 0 165
08:53:05 4 0 165
08:53:35 4 0 165
08:54:05 4 0 165
08:54:35 4 0 165
08:55:05 4 0 165
08:55:36 4 0 165
08:56:06 4 0 165
08:56:37 4 0 165
08:57:07 4 0 165
08:57:37 4 0 166
08:58:07 4 0 165
08:58:38 4 0 165
08:59:08 4 0 165
08:59:39 4 0 165
09:00:09 4 0 165
09:00:39 4 0 165
09:01:09 4 0 165
09:01:39 4 0 168
09:02:09 4 0 165
09:02:40 4 0 180
09:03:10 4 0 207
09:03:40 4 0 165
09:04:10 4 0 165
09:04:40 4 0 165
09:05:10 4 0 165
09:05:40 4 0 165
09:06:10 4 0 165
09:06:41 4 0 165
09:07:11 4 0 165
09:07:41 4 0 165
09:08:11 4 0 165
09:08:41 4 0 165
09:09:11 4 0 165
09:09:41 4 0 165
09:10:11 4 0 165
09:10:42 4 0 165
09:11:12 4 0 165
09:11:42 4 0 165
09:12:12 4 0 165
09:12:42 4 0 165
09:13:12 4 0 165
09:13:42 4 0 168
09:14:12 4 0 165
09:14:43 4 0 165
09:15:13 4 0 165
09:15:43 4 0 165
09:16:13 4 0 165
09:16:43 4 0 165
09:17:13 4 0 166
09:17:44 4 0 165
09:18:14 4 0 165
09:18:44 4 0 165
09:19:14 4 0 165
09:19:44 4 0 165
09:20:14 4 0 165
09:20:45 4 0 165
09:21:15 4 0 165
09:21:45 4 0 165
09:22:15 4 0 165
09:22:45 4 0 165
09:23:15 4 0 165
09:23:46 4 0 165
09:24:16 4 0 165
09:24:46 4 0 165
09:25:16 4 0 165
09:25:46 4 0 165
09:26:16 4 0 165
09:26:46 4 0 165
09:27:16 4 0 190
09:27:47 4 0 165
09:28:17 4 0 165
09:28:47 4 0 165
09:29:17 4 0 165
09:29:47 4 0 165
09:30:17 4 0 165
09:30:47 4 0 165
09:31:17 4 0 165
09:31:48 4 0 165
09:32:18 4 0 165
09:32:48 4 0 165
09:33:20 2 2 169
09:33:48 4 0 166
09:34:18 4 0 165
09:34:49 4 0 165
09:35:19 4 0 165
09:35:49 4 0 165
09:36:20 3 1 165
09:36:49 4 0 165
09:37:19 4 0 199
09:37:50 4 0 165
09:38:20 4 0 165
09:38:50 4 0 165
09:39:20 4 0 165
09:39:51 4 0 165
09:40:21 4 0 165
09:40:51 4 0 165
09:41:21 4 0 165
09:41:51 4 0 165
09:42:21 4 0 165
09:42:52 4 0 165
09:43:22 4 0 165
09:43:52 4 0 170
09:44:22 4 0 166
09:44:52 4 0 168
09:45:22 4 0 165
09:45:52 4 0 166
09:46:22 4 0 175
09:46:53 4 0 165
09:47:23 4 0 169
09:47:53 4 0 165
09:48:23 4 0 165
09:48:54 3 1 165
09:49:23 4 0 165
09:49:53 4 0 165
09:50:23 4 0 165
09:50:54 4 0 174
09:51:24 4 0 166
09:51:55 4 0 165
09:52:25 4 0 165
09:52:55 4 0 165
09:53:25 4 0 165
09:53:55 4 0 165
09:54:25 4 0 165
09:54:55 4 0 166
09:55:25 4 0 166
09:55:56 4 0 165
09:56:26 4 0 168
09:56:56 4 0 165
09:57:26 4 0 165
09:57:56 4 0 170
09:58:26 4 0 165
09:58:56 4 0 165
09:59:26 4 0 178
09:59:57 4 0 165
10:00:27 4 0 174
10:00:57 4 0 165
10:01:27 4 0 165
10:01:57 4 0 165
10:02:27 4 0 165
10:02:57 4 0 188
10:03:27 4 0 165
10:03:57 4 0 165
10:04:28 4 0 165
10:04:58 4 0 165
10:05:28 4 0 165
10:05:58 4 0 165
10:06:28 4 0 165
10:06:58 4 0 168
10:07:28 4 0 165
10:07:58 4 0 166
10:08:30 3 1 169
10:08:59 4 0 165
10:09:29 4 0 165
10:09:59 4 0 167
10:10:29 4 0 165
10:10:59 4 0 165
10:11:29 4 0 165
10:12:00 4 0 213
10:12:32 1 3 216
10:13:00 4 0 205
10:13:31 3 1 208
10:14:00 4 0 202
10:14:30 4 0 211
10:15:01 3 1 198
10:15:30 4 0 192
10:16:01 4 0 202
10:16:32 3 1 199
10:17:01 4 0 196
10:17:31 4 0 209
10:18:01 4 0 192
10:18:32 3 1 193
10:19:02 4 0 214
10:19:32 4 0 212
10:20:02 4 0 204
10:20:32 4 0 205
10:21:03 4 0 206
10:21:33 4 0 210
10:22:03 4 0 198
10:22:33 4 0 205
10:23:04 4 0 217
10:23:34 4 0 198
10:24:05 4 0 217
10:24:35 4 0 165
10:25:05 4 0 168
10:25:35 4 0 165
10:26:06 4 0 167
10:26:37 4 0 165
10:27:08 3 1 169
10:27:38 4 0 165
10:28:08 4 0 165
10:28:38 4 0 165
10:29:08 4 0 168
10:29:38 4 0 165
10:30:08 4 0 165
10:30:38 4 0 165
10:31:09 4 0 165
10:31:39 4 0 165
10:32:09 4 0 165
10:32:39 4 0 165
10:33:09 4 0 165
10:33:39 4 0 165
10:34:09 4 0 165
10:34:39 4 0 165
10:35:10 4 0 165
10:35:40 4 0 166
10:36:10 4 0 166
10:36:40 4 0 165
10:37:10 4 0 168
10:37:40 4 0 165
10:38:11 4 0 165
10:38:41 4 0 165
10:39:12 4 0 165
10:39:42 4 0 165
10:40:12 4 0 182
10:40:42 4 0 165
10:41:13 4 0 165
10:41:43 4 0 165
10:42:13 4 0 165
10:42:43 4 0 171
10:43:14 3 1 165
10:43:43 4 0 165
10:44:14 4 0 165
10:44:45 3 1 168
10:45:14 4 0 165
10:45:44 4 0 165
10:46:14 4 0 167
10:46:44 4 0 165
10:47:15 4 0 165
10:47:45 4 0 175
10:48:15 4 0 165
10:48:45 4 0 165
10:49:15 4 0 165
10:49:45 4 0 165
10:50:16 4 0 165
10:50:46 4 0 165
10:51:16 4 0 165
10:51:46 4 0 165
10:52:16 4 0 165
10:52:47 4 0 165
10:53:17 4 0 166
10:53:47 4 0 165
10:54:17 4 0 204
10:54:47 4 0 165
10:55:18 4 0 165
10:55:48 4 0 165
10:56:19 4 0 165
10:56:49 4 0 165
10:57:19 4 0 165
10:57:49 4 0 169
10:58:19 4 0 165
10:58:50 4 0 165
10:59:20 4 0 173
10:59:50 4 0 165
11:00:21 4 0 165
11:00:51 4 0 165
11:01:21 4 0 165
11:01:51 4 0 165
11:02:21 4 0 165
11:02:51 4 0 165
11:03:22 4 0 165
11:03:52 4 0 165
11:04:22 4 0 165
11:04:52 4 0 165
11:05:22 4 0 165
11:05:52 4 0 165
11:06:22 4 0 165
11:06:53 4 0 165
11:07:23 4 0 165
11:07:53 4 0 165
11:08:23 4 0 165
11:08:53 4 0 165
11:09:24 4 0 168
11:09:55 2 2 172
11:10:24 4 0 167
11:10:54 4 0 165
11:11:24 4 0 165
11:11:54 4 0 165
11:12:25 4 0 165
11:12:55 4 0 167
11:13:25 4 0 165
11:13:55 4 0 165
11:14:25 4 0 167
11:14:56 4 0 165
11:15:26 4 0 174
11:15:56 4 0 165
11:16:27 4 0 165
11:16:57 4 0 165
11:17:27 4 0 165
11:17:57 4 0 165
11:18:28 4 0 165
11:18:58 4 0 165
11:19:28 4 0 165
11:19:58 4 0 165
11:20:28 4 0 179
11:20:58 4 0 165
11:21:29 4 0 165
11:21:59 4 0 165
11:22:29 4 0 165
11:22:59 4 0 165
11:23:29 4 0 167
11:23:59 4 0 165
11:24:29 4 0 165
11:24:59 4 0 165
11:25:30 4 0 165
11:26:00 4 0 165
11:26:30 4 0 166
11:27:00 4 0 165
11:27:30 4 0 165
11:28:00 4 0 165
11:28:30 4 0 165
11:29:00 4 0 165
11:29:31 4 0 165
11:30:01 4 0 165
11:30:31 4 0 165
11:31:01 4 0 165
11:31:31 4 0 165
11:32:01 4 0 165
11:32:31 4 0 165
11:33:01 4 0 165
11:33:32 4 0 165
11:34:02 4 0 165
11:34:32 4 0 188
11:35:02 4 0 165
11:35:32 4 0 165
11:36:03 4 0 165
11:36:33 4 0 165
11:37:04 4 0 169
11:37:34 4 0 165
11:38:04 4 0 165
11:38:35 4 0 165
11:39:05 4 0 165
11:39:35 4 0 165
11:40:05 4 0 165
11:40:35 4 0 165
11:41:05 4 0 165
11:41:35 4 0 165
11:42:05 4 0 165
11:42:36 4 0 165
11:43:06 4 0 167
11:43:36 4 0 165
11:44:06 4 0 165
11:44:37 4 0 165
11:45:07 4 0 165
11:45:37 4 0 165
11:46:08 4 0 165
11:46:38 4 0 165
11:47:08 4 0 165
11:47:38 4 0 165
11:48:08 4 0 165
11:48:39 4 0 166
11:49:09 4 0 165
11:49:40 4 0 165
11:50:10 4 0 165
11:50:43 0 4 -1
11:51:13 0 4 -1
11:51:40 4 0 165
11:52:11 4 0 165
11:52:42 3 1 168
11:53:11 4 0 166
11:53:41 4 0 167
11:54:11 4 0 167
11:54:41 4 0 165
11:55:11 4 0 165
11:55:41 4 0 165
11:56:12 4 0 165
11:56:42 4 0 185
11:57:12 4 0 165
11:57:42 4 0 165
11:58:12 4 0 165
11:58:42 4 0 165
11:59:12 4 0 165
11:59:43 4 0 180
12:00:13 4 0 165
12:00:43 4 0 165
12:01:13 4 0 167
12:01:43 4 0 165
12:02:13 4 0 165
12:02:44 4 0 165
12:03:14 4 0 165
12:03:44 4 0 165
12:04:14 4 0 196
12:04:44 4 0 165
12:05:14 4 0 165
12:05:44 4 0 165
12:06:15 4 0 165
12:06:45 4 0 165
12:07:15 4 0 165
12:07:46 4 0 165
12:08:16 4 0 165
12:08:46 4 0 165
12:09:16 4 0 165
12:09:46 4 0 165
12:10:17 4 0 165
12:10:47 4 0 165
12:11:17 4 0 165
12:11:47 4 0 165
12:12:17 4 0 165
12:12:48 4 0 180
12:13:18 4 0 165
12:13:48 4 0 165
12:14:18 4 0 165
12:14:48 4 0 165
12:15:18 4 0 165
12:15:49 4 0 165
12:16:19 4 0 165
12:16:50 4 0 165
12:17:20 4 0 165
12:17:50 4 0 166
12:18:20 4 0 165
12:18:51 4 0 165
12:19:22 2 2 165
12:19:51 4 0 165
12:20:21 4 0 165
12:20:51 4 0 165
12:21:21 4 0 165
12:21:51 4 0 165
12:22:21 4 0 165
12:22:52 4 0 165
12:23:22 4 0 165
12:23:52 4 0 165
12:24:22 4 0 165
12:24:52 4 0 165
12:25:22 4 0 165
12:25:52 4 0 165
12:26:22 4 0 165
12:26:53 4 0 165
12:27:23 4 0 165
12:27:53 4 0 165
12:28:23 4 0 167
12:28:54 4 0 165
12:29:24 4 0 165
12:29:54 4 0 165
12:30:24 4 0 165
12:30:54 4 0 165
12:31:24 4 0 165
12:31:54 4 0 165
12:32:24 4 0 165
12:32:54 4 0 165
12:33:24 4 0 165
12:33:55 4 0 165
12:34:25 4 0 165
12:34:55 4 0 165
12:35:25 4 0 165
12:35:55 4 0 165
12:36:25 4 0 165
12:36:55 4 0 165
12:37:25 4 0 165
12:37:56 4 0 165
12:38:26 4 0 165
12:38:56 4 0 165
12:39:26 4 0 165
12:39:56 4 0 165
12:40:26 4 0 165
12:40:56 4 0 165
12:41:26 4 0 165
12:41:57 4 0 165
12:42:27 4 0 165
12:42:57 4 0 165
12:43:27 4 0 165
12:43:57 4 0 165
12:44:27 4 0 165
12:44:57 4 0 165
12:45:27 4 0 165
12:45:57 4 0 165
12:46:27 4 0 198
12:46:57 4 0 165
12:47:28 4 0 165
12:47:58 4 0 165
12:48:28 4 0 165
12:48:58 4 0 171
12:49:28 4 0 165
12:49:59 4 0 165
12:50:29 4 0 165
12:50:59 4 0 165
12:51:30 4 0 197
12:52:00 4 0 165
12:52:30 4 0 165
12:53:00 4 0 165
12:53:30 4 0 184
12:54:00 4 0 165
12:54:30 4 0 191
12:55:00 4 0 165
12:55:30 4 0 165
12:56:01 4 0 165
12:56:31 4 0 165
12:57:01 4 0 165
12:57:31 4 0 165
12:58:01 4 0 165
12:58:31 4 0 165
12:59:01 4 0 165
12:59:31 4 0 165
13:00:02 4 0 165
13:00:32 4 0 165
13:01:02 4 0 165
13:01:32 4 0 165
13:02:02 4 0 165
13:02:32 4 0 165
13:03:02 4 0 165
13:03:32 4 0 165
13:04:03 4 0 165
13:04:33 4 0 175
13:05:03 4 0 165
13:05:33 4 0 165
13:06:03 4 0 166
13:06:33 4 0 165
13:07:03 4 0 165
13:07:33 4 0 165
13:08:03 4 0 167
13:08:33 4 0 165
13:09:04 4 0 196
13:09:34 4 0 165
13:10:04 4 0 165
13:10:34 4 0 165
13:11:04 4 0 165
13:11:34 4 0 165
13:12:04 4 0 169
13:12:34 4 0 165
13:13:04 4 0 165
13:13:34 4 0 167
13:14:05 4 0 167
13:14:35 4 0 165
13:15:05 4 0 165
13:15:35 4 0 167
13:16:05 4 0 168
13:16:35 4 0 165
13:17:06 3 1 167
13:17:35 4 0 165
13:18:05 4 0 165
13:18:35 4 0 168
13:19:06 4 0 165
13:19:36 4 0 167
13:20:06 4 0 165
13:20:36 4 0 165
13:21:06 4 0 166
13:21:36 4 0 165
13:22:07 4 0 165
13:22:37 4 0 165
13:23:07 4 0 165
13:23:37 4 0 165
13:24:07 4 0 165
13:24:37 4 0 166
13:25:07 4 0 168
13:25:41 0 4 -1
13:26:11 0 4 -1
13:26:38 4 0 170
13:27:08 4 0 166
13:27:38 4 0 165
13:28:08 4 0 165
13:28:38 4 0 165
13:29:08 4 0 165
13:29:39 4 0 177
13:30:09 4 0 165
13:30:39 4 0 169
13:31:09 4 0 165
13:31:39 4 0 165
13:32:09 4 0 165
13:32:39 4 0 178
13:33:09 4 0 167
13:33:42 2 2 170
13:34:10 4 0 165
13:34:40 4 0 168
13:35:10 4 0 165
13:35:40 4 0 165
13:36:11 4 0 165
13:36:41 4 0 165
13:37:11 4 0 165
13:37:41 4 0 165
13:38:11 4 0 165
13:38:41 4 0 165
13:39:11 4 0 165
13:39:41 4 0 165
13:40:12 4 0 165
13:40:42 4 0 165
13:41:12 4 0 165
13:41:42 4 0 165
13:42:12 4 0 194
13:42:43 4 0 194
13:43:13 4 0 165
13:43:43 4 0 165
13:44:13 4 0 165
13:44:43 4 0 165
13:45:14 4 0 169
13:45:44 4 0 165
13:46:14 4 0 165
13:46:44 4 0 185
13:47:15 4 0 165
13:47:45 4 0 168
13:48:15 4 0 165
13:48:46 4 0 168
13:49:16 4 0 167
13:49:46 4 0 168
13:50:16 4 0 165
13:50:46 4 0 165
13:51:16 4 0 165
13:51:46 4 0 165
13:52:17 4 0 165
13:52:47 4 0 166
13:53:17 4 0 171
13:53:47 4 0 165
13:54:17 4 0 165
13:54:47 4 0 167
13:55:17 4 0 165
13:55:47 4 0 173
13:56:17 4 0 171
13:56:48 4 0 165
13:57:18 4 0 165
13:57:48 4 0 165
13:58:18 4 0 165
13:58:48 4 0 166
13:59:18 4 0 165
13:59:48 4 0 165
14:00:18 4 0 171
14:00:50 3 1 165
14:01:19 4 0 165
14:01:49 4 0 165
14:02:19 4 0 165
14:02:49 4 0 165
14:03:19 4 0 165
14:03:49 4 0 165
14:04:19 4 0 166
14:04:49 4 0 165
14:05:21 2 2 169
14:05:50 4 0 165
14:06:20 4 0 165
14:06:50 4 0 167
14:07:20 4 0 165
14:07:50 4 0 165
14:08:21 4 0 165
14:08:51 4 0 165
14:09:21 4 0 165
14:09:51 4 0 165
14:10:21 4 0 165
14:10:51 4 0 165
14:11:22 4 0 165
14:11:52 4 0 165
14:12:22 4 0 165
14:12:52 4 0 165
14:13:22 4 0 165
14:13:52 4 0 165
14:14:23 4 0 165
14:14:53 4 0 165
14:15:23 4 0 166
14:15:53 4 0 165
14:16:23 4 0 165
14:16:53 4 0 165
14:17:24 4 0 165
14:17:54 4 0 165
14:18:24 4 0 167
14:18:54 4 0 166
14:19:24 4 0 168
14:19:54 4 0 165
14:20:24 4 0 165
14:20:54 4 0 167
14:21:25 4 0 193
14:21:55 4 0 165
14:22:25 4 0 165
14:22:55 4 0 167
14:23:25 4 0 166
14:23:55 4 0 165
14:24:26 3 1 166
14:24:56 4 0 165
14:25:26 4 0 165
14:25:56 4 0 165
14:26:27 4 0 165
14:26:57 4 0 165
14:27:27 4 0 166
14:27:57 4 0 165
14:28:27 4 0 165
14:28:57 4 0 165
14:29:28 4 0 165
14:29:58 4 0 166
14:30:28 4 0 166
14:30:58 4 0 165
14:31:28 4 0 165
14:31:58 4 0 165
14:32:29 4 0 166
14:32:59 4 0 165
14:33:29 4 0 165
14:33:59 4 0 166
14:34:30 3 1 170
14:34:59 4 0 165
14:35:30 4 0 165
14:36:00 4 0 165
14:36:30 4 0 180
14:37:01 4 0 165
14:37:32 3 1 172
14:38:02 4 0 165
14:38:32 4 0 165
14:39:02 4 0 212
14:39:32 4 0 165
14:40:03 4 0 165
14:40:33 4 0 165
14:41:03 4 0 169
14:41:33 4 0 165
14:42:04 4 0 165
14:42:34 4 0 165
14:43:04 4 0 165
14:43:34 4 0 165
14:44:04 4 0 165
14:44:35 4 0 165
14:45:05 4 0 165
14:45:35 4 0 165
14:46:05 4 0 165
14:46:35 4 0 170
14:47:06 4 0 165
14:47:36 4 0 165
14:48:06 4 0 166
14:48:36 4 0 165
14:49:06 4 0 165
14:49:36 4 0 165
14:50:07 4 0 165
14:50:37 4 0 165
14:51:07 4 0 165
14:51:37 4 0 165
14:52:08 4 0 172
14:52:38 4 0 165
14:53:08 4 0 165
14:53:38 4 0 165
14:54:08 4 0 165
14:54:38 4 0 165
14:55:08 4 0 165
14:55:38 4 0 165
14:56:08 4 0 165
14:56:39 4 0 167
14:57:09 4 0 165
14:57:39 4 0 165
14:58:09 4 0 165
14:58:39 4 0 165
14:59:09 4 0 169
14:59:40 3 1 165
15:00:09 4 0 168
15:00:40 4 0 165
15:01:10 4 0 165
15:01:40 4 0 165
15:02:11 3 1 173
15:02:40 4 0 167
15:03:11 3 1 165
15:03:40 4 0 169
15:04:11 3 1 165
15:04:40 4 0 165
15:05:11 4 0 165
15:05:41 4 0 165
15:06:11 4 0 165
15:06:41 4 0 166
15:07:11 4 0 165
15:07:41 4 0 165
15:08:12 3 1 165
15:08:41 4 0 165
15:09:11 4 0 166
15:09:41 4 0 165
15:10:12 4 0 165
15:10:42 4 0 165
15:11:12 4 0 165
15:11:42 4 0 165
15:12:12 4 0 165
15:12:42 4 0 165
15:13:12 4 0 165
15:13:42 4 0 165
15:14:13 4 0 165
15:14:43 4 0 165
15:15:13 4 0 165
15:15:43 4 0 165
15:16:13 4 0 165
15:16:43 4 0 165
15:17:13 4 0 165
15:17:44 4 0 165
15:18:14 4 0 165
15:18:44 4 0 165
15:19:14 4 0 165
15:19:44 4 0 165
15:20:14 4 0 165
15:20:44 4 0 165
15:21:14 4 0 165
15:21:45 4 0 165
15:22:15 4 0 165
15:22:45 4 0 167
15:23:16 3 1 166
15:23:45 4 0 165
15:24:15 4 0 172
15:24:45 4 0 166
15:25:15 4 0 165
15:25:45 4 0 165
15:26:15 4 0 165
15:26:46 4 0 165
15:27:16 4 0 165
15:27:46 4 0 165
15:28:16 4 0 165
15:28:46 4 0 165
15:29:16 4 0 165
15:29:46 4 0 165
15:30:16 4 0 165
15:30:46 4 0 165
15:31:17 4 0 165
15:31:47 4 0 165
15:32:17 4 0 165
15:32:47 4 0 165
15:33:17 4 0 165
15:33:48 4 0 165
15:34:18 4 0 165
15:34:48 4 0 165
15:35:18 4 0 165
15:35:48 4 0 168
15:36:18 4 0 168
15:36:48 4 0 165
15:37:19 3 1 168
15:37:48 4 0 165
15:38:18 4 0 165
15:38:49 4 0 165
15:39:19 4 0 167
15:39:49 4 0 165
15:40:19 4 0 165
15:40:49 4 0 176
15:41:19 4 0 165
15:41:50 3 1 165
15:42:19 4 0 167
15:42:49 4 0 165
15:43:19 4 0 165
15:43:50 4 0 165
15:44:20 4 0 165
15:44:50 4 0 165
15:45:20 4 0 165
15:45:50 4 0 165
15:46:20 4 0 165
15:46:51 4 0 167
15:47:21 4 0 172
15:47:51 4 0 165
15:48:21 4 0 165
15:48:51 4 0 165
15:49:21 4 0 166
15:49:51 4 0 165
15:50:21 4 0 165
15:50:51 4 0 165
15:51:22 4 0 169
15:51:52 4 0 169
15:52:22 4 0 165
15:52:52 4 0 165
15:53:22 4 0 166
15:53:52 4 0 166
15:54:22 4 0 165
15:54:53 4 0 180
15:55:23 4 0 165
15:55:53 4 0 170
15:56:23 4 0 166
15:56:53 4 0 166
15:57:23 4 0 165
15:57:53 4 0 165
15:58:23 4 0 165
15:58:54 4 0 167
15:59:24 4 0 168
15:59:54 4 0 167
16:00:24 4 0 198
16:00:54 4 0 165
16:01:24 4 0 165
16:01:54 4 0 165
16:02:24 4 0 165
16:02:54 4 0 165
16:03:24 4 0 165
16:03:55 4 0 165
16:04:25 4 0 165
16:04:55 4 0 165
16:05:25 4 0 165
16:05:55 4 0 165
16:06:25 4 0 167
16:06:55 4 0 165
16:07:25 4 0 165
16:07:56 4 0 165
16:08:26 4 0 165
16:08:56 4 0 207
16:09:26 4 0 165
16:09:56 4 0 165
16:10:26 4 0 169
16:10:57 3 1 173
16:11:26 4 0 165
16:11:57 4 0 202
16:12:27 4 0 166
16:12:57 4 0 165
16:13:27 4 0 167
16:13:57 4 0 165
16:14:28 3 1 165
16:14:57 4 0 165
16:15:27 4 0 165
16:15:57 4 0 165
16:16:27 4 0 165
16:16:58 4 0 191
16:17:30 2 2 488
16:17:58 4 0 167
16:18:28 4 0 172
16:18:58 4 0 166
16:19:28 4 0 215
16:19:58 4 0 165
16:20:28 4 0 211
16:20:58 4 0 165
16:21:28 4 0 175
16:21:59 4 0 165
16:22:29 4 0 165
16:22:59 4 0 165
16:23:29 4 0 165
16:23:59 4 0 165
16:24:29 4 0 166
16:24:59 4 0 165
16:25:29 4 0 165
16:26:00 4 0 165
16:26:30 4 0 165
16:27:00 4 0 165
16:27:30 4 0 165
16:28:00 4 0 165
16:28:30 4 0 165
16:29:00 4 0 165
16:29:30 4 0 165
16:30:01 4 0 165
16:30:31 4 0 165
16:31:01 4 0 165
16:31:31 4 0 165
16:32:01 4 0 165
16:32:31 4 0 165
16:33:01 4 0 166
16:33:32 4 0 166
16:34:02 4 0 165
16:34:32 4 0 165
16:35:02 4 0 165
16:35:32 4 0 178
16:36:02 4 0 165
16:36:32 4 0 165
16:37:03 4 0 171
16:37:33 4 0 165
16:38:03 4 0 165
16:38:33 4 0 171
16:39:03 4 0 165
16:39:33 4 0 165
16:40:04 4 0 165
16:40:34 4 0 165
16:41:04 4 0 165
16:41:34 4 0 165
16:42:04 4 0 165
16:42:34 4 0 165
16:43:04 4 0 165
16:43:34 4 0 165
16:44:04 4 0 165
16:44:34 4 0 165
16:45:07 2 2 525
16:45:38 1 3 488
16:46:05 4 0 171
16:46:35 4 0 165
16:47:05 4 0 165
16:47:35 4 0 165
16:48:05 4 0 166
16:48:35 4 0 165
16:49:08 3 1 581
16:49:38 1 3 580
16:50:06 4 0 165
16:50:36 4 0 168
16:51:06 4 0 165
16:51:36 4 0 165
16:52:06 4 0 175
16:52:36 4 0 167
16:53:06 4 0 165
16:53:37 4 0 165
16:54:07 4 0 165
16:54:37 4 0 165
16:55:07 4 0 165
16:55:37 4 0 165
16:56:07 4 0 165
16:56:37 4 0 165
16:57:08 4 0 165
16:57:38 4 0 165
16:58:08 4 0 165
16:58:39 3 1 172
16:59:08 4 0 165
16:59:38 4 0 165
17:00:08 4 0 165
17:00:38 4 0 165
17:01:11 2 2 585
17:01:40 3 1 494
17:02:09 4 0 165
17:02:39 4 0 166
17:03:09 4 0 165
17:03:40 4 0 196
17:04:10 4 0 165
17:04:41 3 1 168
17:05:10 4 0 165
17:05:40 4 0 165
17:06:10 4 0 165
17:06:40 4 0 165
17:07:11 4 0 165
17:07:41 4 0 166
17:08:11 4 0 166
17:08:41 4 0 165
17:09:11 4 0 165
17:09:42 3 1 167
17:10:11 4 0 167
17:10:41 4 0 165
17:11:11 4 0 165
17:11:41 4 0 168
17:12:12 4 0 167
17:12:42 4 0 165
17:13:13 2 2 190
17:13:42 4 0 165
17:14:12 4 0 165
17:14:42 4 0 165
17:15:12 4 0 165
17:15:42 4 0 165
17:16:12 4 0 165
17:16:43 4 0 169
17:17:13 4 0 165
17:17:43 4 0 165
17:18:13 4 0 165
17:18:43 4 0 165
17:19:14 3 1 171
17:19:43 4 0 165
17:20:13 4 0 165
17:20:43 4 0 165
17:21:14 4 0 165
17:21:44 4 0 165
17:22:14 4 0 165
17:22:44 4 0 165
17:23:14 4 0 165
17:23:44 4 0 165
17:24:15 4 0 165
17:24:45 4 0 165
17:25:15 4 0 165
17:25:45 4 0 165
17:26:15 4 0 167
17:26:45 4 0 165
17:27:16 4 0 165
17:27:46 4 0 165
17:28:16 4 0 165
17:28:46 4 0 170
17:29:16 4 0 168
17:29:46 4 0 187
17:30:16 4 0 165
17:30:46 4 0 165
17:31:17 4 0 165
17:31:47 3 1 165
17:32:17 4 0 165
17:32:47 4 0 165
17:33:17 4 0 171
17:33:48 3 1 197
17:34:18 4 0 170
17:34:48 4 0 165
17:35:18 4 0 165
17:35:48 4 0 165
17:36:18 4 0 165
17:36:48 4 0 170
17:37:18 4 0 165
17:37:48 4 0 165
17:38:19 4 0 165
17:38:49 4 0 165
17:39:19 4 0 165
17:39:49 4 0 171
17:40:20 4 0 165
17:40:50 4 0 165
17:41:20 4 0 165
17:41:50 4 0 165
17:42:20 4 0 165
17:42:50 4 0 165
17:43:21 4 0 165
17:43:51 4 0 165
17:44:21 4 0 165
17:44:51 4 0 165
17:45:22 4 0 165
17:45:52 4 0 165
17:46:22 4 0 165
17:46:52 4 0 167
17:47:23 3 1 165
17:47:52 4 0 165
17:48:22 4 0 170
17:48:52 4 0 167
17:49:23 4 0 166
17:49:53 4 0 165
17:50:23 4 0 165
17:50:53 4 0 165
17:51:23 4 0 167
17:51:54 3 1 165
17:52:23 4 0 165
17:52:53 4 0 165
17:53:24 4 0 165
17:53:54 3 1 166
17:54:24 4 0 165
17:54:55 3 1 167
17:55:24 4 0 166
17:55:54 4 0 165
17:56:24 4 0 165
17:56:54 4 0 165
17:57:25 4 0 165
17:57:55 4 0 166
17:58:25 4 0 165
17:58:55 4 0 165
17:59:25 4 0 168
17:59:55 4 0 165
18:00:25 4 0 166
18:00:56 4 0 168
18:01:26 4 0 165
18:01:56 4 0 165
18:02:26 4 0 165
18:02:56 4 0 165
18:03:27 4 0 167
18:03:57 4 0 165
18:04:27 4 0 165
18:04:57 4 0 165
18:05:28 4 0 165
18:05:58 4 0 165
18:06:28 4 0 166
18:06:58 4 0 169
18:07:28 4 0 167
18:07:58 4 0 165
18:08:28 4 0 173
18:08:58 4 0 165
18:09:29 4 0 165
18:09:59 4 0 165
18:10:29 4 0 165
18:10:59 4 0 165
18:11:29 4 0 165
18:11:59 4 0 165
18:12:29 4 0 165
18:13:00 4 0 165
18:13:30 4 0 165
18:14:00 4 0 165
18:14:30 4 0 165
18:15:00 4 0 165
18:15:30 4 0 165
18:16:00 4 0 165
18:16:31 4 0 165
18:17:01 4 0 165
18:17:31 4 0 165
18:18:01 4 0 173
18:18:31 4 0 165
18:19:01 4 0 165
18:19:31 4 0 165
18:20:01 4 0 165
18:20:32 4 0 165
18:21:02 4 0 165
18:21:32 4 0 165
18:22:02 4 0 165
18:22:33 4 0 165
18:23:03 4 0 165
18:23:33 4 0 165
18:24:03 4 0 165
18:24:34 4 0 165
18:25:04 4 0 165
18:25:34 4 0 165
18:26:04 4 0 165
18:26:34 4 0 165
18:27:04 4 0 182
18:27:35 4 0 165
18:28:05 4 0 165
18:28:35 4 0 165
18:29:05 4 0 178
18:29:35 4 0 165
18:30:05 4 0 165
18:30:36 4 0 165
18:31:06 4 0 165
18:31:36 4 0 165
18:32:08 3 1 413
18:32:38 3 1 500
18:33:06 4 0 165
18:33:37 4 0 165
18:34:08 3 1 165
18:34:38 4 0 166
18:35:08 4 0 165
18:35:38 4 0 165
18:36:08 4 0 171
18:36:38 4 0 165
18:37:08 4 0 165
18:37:38 4 0 165
18:38:08 4 0 165
18:38:39 4 0 165
18:39:09 4 0 165
18:39:39 4 0 165
18:40:09 4 0 166
18:40:39 4 0 165
18:41:09 4 0 165
18:41:40 4 0 184
18:42:09 4 0 168
18:42:40 4 0 165
18:43:12 3 1 586
18:43:41 4 0 493
18:44:10 4 0 171
18:44:40 4 0 165
18:45:10 4 0 165
18:45:40 4 0 165
18:46:10 4 0 165
18:46:40 4 0 167
18:47:11 4 0 166
18:47:41 4 0 173
18:48:13 2 2 492
18:48:43 3 1 487
18:49:11 4 0 165
18:49:41 4 0 165
18:50:11 4 0 165
18:50:41 4 0 171
18:51:11 4 0 165
18:51:42 4 0 165
18:52:12 4 0 165
18:52:42 4 0 165
18:53:12 4 0 165
18:53:44 2 2 169
18:54:13 4 0 171
18:54:43 4 0 169
18:55:13 4 0 165
18:55:44 4 0 166
18:56:14 4 0 165
18:56:44 4 0 165
18:57:16 2 2 169
18:57:44 4 0 165
18:58:14 4 0 165
18:58:44 4 0 165
18:59:14 4 0 165
18:59:44 4 0 167
19:00:17 1 3 172
19:00:45 4 0 165
19:01:15 4 0 165
19:01:45 4 0 165
19:02:15 4 0 165
19:02:45 4 0 165
19:03:16 3 1 171
19:03:45 4 0 165
19:04:15 4 0 165
19:04:46 4 0 165
19:05:16 4 0 165
19:05:46 4 0 165
19:06:16 4 0 175
19:06:46 4 0 165
19:07:16 4 0 165
19:07:46 4 0 165
19:08:16 4 0 165
19:08:46 4 0 165
19:09:16 4 0 165
19:09:47 4 0 171
19:10:17 4 0 165
19:10:47 4 0 165
19:11:17 4 0 165
19:11:47 4 0 165
19:12:17 4 0 165
19:12:48 3 1 169
19:13:19 2 2 168
19:13:48 4 0 165
19:14:18 4 0 165
19:14:48 4 0 168
19:15:18 4 0 165
19:15:48 4 0 165
19:16:18 4 0 165
19:16:50 2 2 172
19:17:18 4 0 165
19:17:49 4 0 165
19:18:19 4 0 165
19:18:49 4 0 165
19:19:19 4 0 166
19:19:49 4 0 165
19:20:20 3 1 172
19:20:49 4 0 165
19:21:19 4 0 165
19:21:49 4 0 165
19:22:19 4 0 165
19:22:50 4 0 165
19:23:22 1 3 172
19:23:50 4 0 165
19:24:20 4 0 165
19:24:50 4 0 165
19:25:20 4 0 165
19:25:50 4 0 165
19:26:20 4 0 165
19:26:50 4 0 172
19:27:20 4 0 166
19:27:51 4 0 165
19:28:21 4 0 165
19:28:51 4 0 165
19:29:21 4 0 165
19:29:53 2 2 174
19:30:21 4 0 165
19:30:51 4 0 165
19:31:21 4 0 166
19:31:52 4 0 168
19:32:22 4 0 165
19:32:52 4 0 171
19:33:22 4 0 165
19:33:52 4 0 168
19:34:22 4 0 165
19:34:53 4 0 168
19:35:23 4 0 165
19:35:54 3 1 172
19:36:23 4 0 165
19:36:53 4 0 165
19:37:23 4 0 165
19:37:53 4 0 165
19:38:23 4 0 167
19:38:54 4 0 173
19:39:25 2 2 166
19:39:54 4 0 168
19:40:24 4 0 171
19:40:55 3 1 167
19:41:24 4 0 165
19:41:54 4 0 165
19:42:24 4 0 171
19:42:54 4 0 165
19:43:24 4 0 165
19:43:55 4 0 165
19:44:25 4 0 165
19:44:55 4 0 170
19:45:26 2 2 170
19:45:55 4 0 165
19:46:25 4 0 165
19:46:55 4 0 165
19:47:27 2 2 169
19:47:55 4 0 165
19:48:25 4 0 166
19:48:56 4 0 172
19:49:27 3 1 171
19:49:56 4 0 165
19:50:26 4 0 165
19:50:56 4 0 165
19:51:26 4 0 165
19:51:56 4 0 165
19:52:26 4 0 196
19:52:56 4 0 172
19:53:26 4 0 165
19:53:57 4 0 165
19:54:27 4 0 165
19:54:57 4 0 165
19:55:27 4 0 165
19:55:59 2 2 174
19:56:27 4 0 165
19:56:57 4 0 165
19:57:27 4 0 165
19:57:58 4 0 165
19:58:28 4 0 172
19:58:58 4 0 165
19:59:28 4 0 165
20:00:00 2 2 172
20:00:28 4 0 169
20:00:58 4 0 165
20:01:28 4 0 168
20:02:01 1 3 203
20:02:28 4 0 167
20:03:00 3 1 171
20:03:29 4 0 170
20:03:59 4 0 165
20:04:29 4 0 165
20:04:59 4 0 165
20:05:29 4 0 165
20:05:59 4 0 165
20:06:30 3 1 165
20:06:59 4 0 165
20:07:29 4 0 167
20:08:00 4 0 165
20:08:30 4 0 167
20:09:00 4 0 166
20:09:30 4 0 167
20:10:00 4 0 165
20:10:30 4 0 165
20:11:00 4 0 165
20:11:30 4 0 165
20:12:00 4 0 165
20:12:30 4 0 165
20:13:01 4 0 165
20:13:31 4 0 166
20:14:01 4 0 168
20:14:31 4 0 165
20:15:01 4 0 166
20:15:31 4 0 165
20:16:01 4 0 168
20:16:32 3 1 168
20:17:01 4 0 165
20:17:31 4 0 165
20:18:02 4 0 165
20:18:32 4 0 165
20:19:02 4 0 165
20:19:32 4 0 167
20:20:02 4 0 168
20:20:32 4 0 165
20:21:02 4 0 165
20:21:32 4 0 165
20:22:03 4 0 165
20:22:33 4 0 169
20:23:04 2 2 170
20:23:33 4 0 165
20:24:03 4 0 165
20:24:33 4 0 165
20:25:03 4 0 165
20:25:33 4 0 168
20:26:04 4 0 165
20:26:34 4 0 165
20:27:04 4 0 165
20:27:34 4 0 165
20:28:04 4 0 169
20:28:36 2 2 169
20:29:04 4 0 184
20:29:34 4 0 165
20:30:05 3 1 165
20:30:35 3 1 169
20:31:05 4 0 165
20:31:35 4 0 165
20:32:05 4 0 165
20:32:35 4 0 165
20:33:05 4 0 165
20:33:35 4 0 165
20:34:05 4 0 167
20:34:35 4 0 165
20:35:06 4 0 165
20:35:36 4 0 165
20:36:06 4 0 165
20:36:36 4 0 165
20:37:06 4 0 165
20:37:36 4 0 165
20:38:06 4 0 165
20:38:36 4 0 165
20:39:06 4 0 165
20:39:36 4 0 170
20:40:07 4 0 165
20:40:37 4 0 165
20:41:07 4 0 171
20:41:37 4 0 165
20:42:07 4 0 165
20:42:37 4 0 165
20:43:07 4 0 165
20:43:37 4 0 165
20:44:07 4 0 165
20:44:37 4 0 165
20:45:08 4 0 165
20:45:38 4 0 168
20:46:08 4 0 167
20:46:38 4 0 167
20:47:08 4 0 165
20:47:38 4 0 168
20:48:08 4 0 167
20:48:38 4 0 165
20:49:09 4 0 195
20:49:39 4 0 165
20:50:09 4 0 165
20:50:39 4 0 165
20:51:09 4 0 165
20:51:42 0 4 -1
20:52:10 3 1 169
20:52:39 4 0 165
20:53:09 4 0 174
20:53:39 4 0 165
20:54:10 4 0 165
20:54:40 4 0 165
20:55:10 4 0 165
20:55:40 4 0 166
20:56:10 4 0 167
20:56:40 4 0 169
20:57:10 4 0 165
20:57:41 3 1 168
20:58:12 2 2 173
20:58:40 4 0 165
20:59:11 4 0 167
20:59:41 4 0 165
21:00:11 4 0 179
21:00:41 4 0 165
21:01:11 4 0 165
21:01:41 4 0 167
21:02:11 4 0 165
21:02:41 4 0 165
21:03:12 4 0 165
21:03:42 3 1 172
21:04:13 3 1 171
21:04:42 4 0 169
21:05:12 4 0 165
21:05:42 4 0 165
21:06:14 2 2 169
21:06:42 4 0 166
21:07:14 3 1 169
21:07:43 4 0 165
21:08:13 4 0 165
21:08:43 4 0 165
21:09:14 4 0 165
21:09:44 4 0 168
21:10:14 4 0 169
21:10:44 4 0 166
21:11:14 4 0 171
21:11:44 4 0 195
21:12:14 4 0 165
21:12:44 4 0 165
21:13:15 4 0 166
21:13:45 4 0 165
21:14:15 4 0 165
21:14:45 4 0 166
21:15:15 4 0 171
21:15:45 4 0 165
21:16:15 4 0 165
21:16:45 4 0 167
21:17:15 4 0 172
21:17:45 4 0 165
21:18:16 4 0 165
21:18:46 4 0 165
21:19:17 3 1 170
21:19:46 4 0 166
21:20:18 2 2 165
21:20:46 4 0 168
21:21:17 4 0 165
21:21:47 4 0 165
21:22:17 4 0 165
21:22:47 3 1 167
21:23:18 3 1 169
21:23:47 4 0 168
21:24:17 4 0 165
21:24:47 4 0 166
21:25:17 4 0 165
21:25:47 4 0 165
21:26:18 4 0 165
21:26:48 4 0 165
21:27:19 4 0 165
21:27:50 3 1 168
21:28:19 4 0 165
21:28:49 4 0 165
21:29:19 4 0 165
21:29:49 4 0 165
21:30:20 4 0 165
21:30:50 4 0 165
21:31:20 4 0 165
21:31:50 4 0 165
21:32:20 4 0 165
21:32:50 4 0 171
21:33:20 4 0 165
21:33:50 4 0 165
21:34:20 4 0 165
21:34:50 4 0 165
21:35:21 4 0 165
21:35:51 4 0 165
21:36:21 4 0 165
21:36:51 4 0 166
21:37:21 4 0 169
21:37:51 4 0 165
21:38:21 4 0 165
21:38:51 4 0 165
21:39:21 4 0 165
21:39:51 4 0 165
21:40:22 4 0 165
21:40:52 4 0 165
21:41:22 4 0 165
21:41:52 4 0 165
21:42:22 4 0 165
21:42:52 4 0 183
21:43:22 4 0 165
21:43:52 4 0 165
21:44:23 4 0 165
21:44:53 4 0 165
21:45:23 4 0 165
21:45:53 4 0 165
21:46:25 2 2 169
21:46:53 4 0 165
21:47:23 4 0 165
21:47:53 4 0 166
21:48:24 4 0 165
21:48:54 4 0 167
21:49:24 4 0 165
21:49:54 4 0 165
21:50:24 4 0 165
21:50:54 4 0 165
21:51:24 4 0 165
21:51:54 4 0 171
21:52:25 4 0 165
21:52:55 4 0 165
21:53:25 4 0 166
21:53:55 4 0 169
21:54:25 4 0 166
21:54:55 4 0 165
21:55:25 4 0 165
21:55:55 4 0 165
21:56:25 4 0 165
21:56:55 4 0 165
21:57:26 4 0 165
21:57:56 4 0 165
21:58:26 4 0 165
21:58:56 4 0 165
21:59:26 4 0 165
21:59:56 4 0 166
22:00:27 4 0 169
22:00:57 4 0 165
22:01:27 4 0 165
22:01:57 4 0 168
22:02:27 4 0 167
22:02:57 4 0 165
22:03:27 4 0 165
22:03:57 4 0 165
22:04:28 4 0 165
22:04:58 4 0 165
22:05:28 4 0 165
22:05:58 4 0 165
22:06:28 4 0 169
22:07:00 3 1 169
22:07:29 4 0 165
22:07:59 4 0 165
22:08:30 4 0 165
22:09:00 4 0 165
22:09:30 4 0 165
22:10:00 4 0 165
22:10:30 4 0 165
22:11:00 4 0 165
22:11:30 4 0 165
22:12:00 4 0 165
22:12:31 4 0 168
22:13:01 4 0 166
22:13:31 4 0 171
22:14:01 4 0 165
22:14:31 4 0 165
22:15:01 4 0 165
22:15:31 4 0 166
22:16:01 4 0 165
22:16:32 4 0 165
22:17:02 4 0 165
22:17:32 4 0 165
22:18:02 4 0 165
22:18:32 4 0 165
22:19:02 4 0 165
22:19:32 4 0 202
22:20:02 4 0 165
22:20:32 4 0 165
22:21:02 4 0 165
22:21:33 4 0 165
22:22:03 4 0 165
22:22:33 4 0 165
22:23:03 4 0 165
22:23:33 4 0 165
22:24:03 4 0 165
22:24:33 4 0 165
22:25:03 4 0 165
22:25:34 4 0 166
22:26:04 4 0 165
22:26:34 4 0 165
22:27:04 4 0 165
22:27:34 4 0 165
22:28:04 4 0 165
22:28:34 4 0 165
22:29:05 4 0 169
22:29:35 4 0 168
22:30:05 4 0 201
22:30:35 4 0 165
22:31:05 4 0 165
22:31:35 4 0 165
22:32:05 4 0 165
22:32:35 4 0 165
22:33:05 4 0 165
22:33:36 4 0 165
22:34:06 4 0 165
22:34:36 4 0 165
22:35:06 4 0 165
22:35:36 4 0 165
22:36:06 4 0 165
22:36:36 4 0 165
22:37:06 4 0 165
22:37:37 4 0 165
22:38:07 4 0 165
22:38:37 4 0 165
22:39:07 4 0 165
22:39:37 4 0 165
22:40:08 3 1 168
22:40:38 4 0 165
22:41:08 4 0 165
22:41:38 4 0 165
22:42:08 4 0 168
22:42:38 4 0 165
22:43:08 4 0 165
22:43:39 4 0 165
22:44:09 4 0 165
22:44:39 4 0 165
22:45:09 4 0 165
22:45:39 4 0 165
22:46:09 4 0 167
22:46:39 4 0 165
22:47:09 4 0 165
22:47:39 4 0 165
22:48:10 4 0 165
22:48:40 4 0 165
22:49:10 4 0 165
22:49:40 4 0 165
22:50:10 4 0 165
22:50:40 4 0 165
22:51:10 4 0 165
22:51:41 3 1 165
22:52:11 4 0 168
22:52:41 4 0 165
22:53:11 4 0 165
22:53:41 4 0 165
22:54:12 3 1 170
22:54:41 4 0 166
22:55:11 4 0 165
22:55:41 4 0 165
22:56:11 4 0 165
22:56:42 4 0 165
22:57:12 4 0 165
22:57:42 4 0 165
22:58:12 4 0 165
22:58:42 4 0 165
22:59:12 4 0 165
22:59:43 4 0 165
23:00:13 4 0 165
23:00:43 4 0 165
23:01:13 4 0 169
23:01:44 3 1 169
23:02:14 3 1 165
23:02:44 3 1 168
23:03:13 4 0 167
23:03:44 4 0 165
23:04:14 4 0 165
23:04:44 4 0 165
23:05:14 4 0 165
23:05:44 4 0 165
23:06:14 4 0 165
23:06:44 4 0 167
23:07:14 4 0 165
23:07:45 4 0 167
23:08:15 4 0 165
23:08:45 4 0 165
23:09:15 4 0 165
23:09:45 4 0 198
23:10:15 4 0 165
23:10:45 4 0 165
23:11:16 4 0 212
23:11:46 4 0 165
23:12:16 4 0 165
23:12:46 4 0 165
23:13:16 4 0 168
23:13:46 4 0 167
23:14:16 4 0 165
23:14:46 4 0 165
23:15:16 4 0 165
23:15:47 4 0 165
23:16:17 4 0 165
23:16:47 4 0 165
23:17:17 4 0 165
23:17:47 4 0 169
23:18:17 4 0 169
23:18:47 4 0 166
23:19:17 4 0 165
23:19:49 3 1 165
23:20:18 4 0 165
23:20:48 4 0 165
23:21:18 4 0 165
23:21:48 4 0 175
23:22:18 4 0 165
23:22:49 4 0 165
23:23:19 4 0 165
23:23:49 4 0 165
23:24:19 4 0 165
23:24:49 4 0 165
23:25:19 4 0 165
23:25:49 4 0 165
23:26:19 4 0 165
23:26:50 4 0 165
23:27:20 4 0 167
23:27:50 4 0 165
23:28:20 4 0 165
23:28:50 4 0 165
23:29:20 4 0 165
23:29:50 4 0 165
23:30:20 4 0 166
23:30:51 4 0 169
23:31:21 4 0 165
23:31:51 4 0 165
23:32:21 4 0 171
23:32:51 4 0 171
23:33:21 4 0 165
23:33:51 4 0 165
23:34:21 4 0 165
23:34:52 4 0 165
23:35:22 4 0 165
23:35:52 4 0 165
23:36:22 4 0 165
23:36:52 4 0 165
23:37:22 4 0 165
23:37:52 4 0 165
23:38:23 4 0 165
23:38:53 4 0 168
23:39:23 4 0 165
23:39:53 4 0 165
23:40:24 3 1 170
23:40:53 4 0 165
23:41:23 4 0 170
23:41:54 4 0 171
23:42:24 4 0 165
23:42:54 4 0 165
23:43:24 4 0 165
23:43:55 4 0 174
23:44:25 4 0 165
23:44:55 4 0 165
23:45:25 4 0 165
23:45:55 4 0 171
23:46:25 4 0 165
23:46:56 4 0 165
23:47:26 4 0 165
23:47:56 4 0 169
23:48:27 4 0 165
23:48:57 4 0 170
23:49:27 4 0 168
23:49:59 3 1 171
23:50:28 4 0 165
23:50:58 4 0 165
23:51:28 4 0 165
23:51:59 4 0 165
23:52:29 4 0 165
23:53:00 4 0 165
23:53:30 4 0 167
23:54:01 4 0 165
23:54:31 4 0 165
23:55:01 4 0 165
23:55:32 4 0 165
23:56:03 4 0 165
23:56:33 4 0 168
23:57:03 4 0 165
23:57:34 4 0 165
23:58:04 4 0 165
23:58:34 4 0 165
23:59:05 4 0 165
23:59:36 4 0 165
