00:00:29 4 0 165
00:00:39 4 0 165
00:01:34 4 0 165
00:02:13 4 0 165
00:02:38 4 0 165
00:02:57 4 0 165
00:03:24 4 0 166
00:03:46 4 0 166
00:04:18 4 0 165
00:04:48 4 0 166
00:05:19 4 0 165
00:05:57 4 0 165
00:06:22 4 0 165
00:06:53 4 0 166
00:07:28 4 0 165
00:07:55 4 0 165
00:08:24 4 0 177
02:00:05 4 0 168
02:00:36 3 1 168
02:01:05 4 0 169
02:01:36 4 0 168
02:02:06 4 0 168
02:02:36 4 0 168
02:03:07 3 1 167
02:03:37 3 1 168
02:04:06 4 0 164
02:04:37 4 0 166
02:05:07 4 0 168
02:05:37 4 0 167
02:06:09 2 2 168
02:06:38 4 0 167
02:07:08 4 0 167
02:07:38 4 0 167
02:08:08 4 0 167
02:08:39 4 0 167
02:09:09 4 0 167
02:09:39 4 0 166
02:10:09 4 0 168
02:10:39 4 0 167
02:11:12 2 2 168
02:11:41 3 1 179
02:12:10 4 0 167
02:12:40 4 0 164
02:13:10 4 0 167
02:13:42 3 1 167
02:14:11 4 0 167
02:14:43 3 1 491
02:15:14 2 2 596
02:15:41 4 0 166
02:16:12 4 0 168
02:16:42 4 0 167
02:17:12 4 0 167
02:17:42 4 0 167
02:18:12 4 0 167
02:18:43 4 0 167
02:19:13 4 0 167
02:19:44 3 1 167
02:20:13 4 0 168
02:20:45 3 1 167
02:21:14 4 0 167
02:21:45 3 1 168
02:22:14 4 0 167
02:22:45 3 1 167
02:23:15 4 0 168
02:23:45 4 0 167
02:24:15 4 0 165
02:24:45 4 0 168
02:25:16 4 0 167
02:25:47 3 1 167
02:26:16 4 0 167
02:26:46 4 0 167
02:27:16 4 0 167
02:27:47 4 0 167
02:28:17 4 0 167
02:28:47 4 0 167
02:29:19 2 2 169
02:29:48 4 0 167
02:30:18 4 0 166
02:30:48 4 0 167
02:31:18 4 0 167
02:31:48 4 0 167
02:32:18 4 0 167
02:32:49 4 0 164
02:33:19 4 0 167
02:33:51 2 2 170
02:34:21 2 2 168
02:34:51 3 1 168
02:35:20 4 0 168
02:35:51 3 1 168
02:36:20 4 0 167
02:36:50 4 0 167
02:37:20 4 0 166
02:37:51 4 0 167
02:38:22 3 1 167
02:38:51 4 0 167
02:39:21 4 0 167
02:39:52 4 0 168
02:40:22 4 0 167
02:40:52 4 0 167
02:41:23 2 2 169
02:41:52 4 0 167
02:42:22 4 0 167
02:42:53 4 0 164
02:43:23 4 0 167
02:43:53 4 0 167
02:44:23 4 0 166
02:44:54 4 0 168
02:45:24 4 0 166
02:45:54 4 0 165
02:46:24 4 0 168
02:46:54 4 0 168
02:47:24 4 0 168
02:47:56 3 1 168
02:48:25 4 0 183
02:48:56 3 1 168
02:49:25 4 0 167
02:49:56 4 0 167
02:50:26 4 0 167
02:50:56 4 0 167
02:51:26 4 0 167
02:51:59 1 3 573
02:52:29 2 2 578
02:52:57 4 0 167
02:53:27 4 0 167
02:53:57 4 0 164
02:54:27 4 0 167
02:54:58 4 0 168
02:55:28 4 0 166
02:55:58 4 0 168
02:56:28 4 0 167
02:56:58 4 0 167
02:57:28 4 0 167
02:57:59 4 0 165
02:58:29 4 0 165
02:58:59 4 0 167
02:59:29 4 0 167
03:00:00 4 0 167
03:00:30 4 0 167
03:01:00 4 0 167
03:01:30 4 0 167
03:02:01 3 1 167
03:02:30 4 0 167
03:03:01 4 0 166
03:03:31 4 0 167
03:04:01 4 0 166
03:04:31 4 0 165
03:05:02 4 0 168
03:05:33 3 1 167
03:06:02 4 0 167
03:06:32 4 0 167
03:07:03 4 0 166
03:07:33 4 0 167
03:08:04 4 0 166
03:08:34 4 0 165
03:09:04 4 0 166
03:09:35 3 1 168
03:10:05 4 0 166
03:10:35 4 0 168
03:11:05 4 0 168
03:11:35 4 0 166
03:12:05 4 0 165
03:12:35 4 0 166
03:13:06 4 0 166
03:13:36 4 0 167
03:14:06 4 0 167
03:14:36 4 0 167
03:15:06 4 0 167
03:15:36 4 0 166
03:16:07 4 0 166
03:16:37 4 0 165
03:17:07 4 0 164
03:17:37 4 0 167
03:18:08 4 0 167
03:18:38 4 0 165
03:19:08 4 0 166
03:19:38 4 0 165
03:20:08 4 0 167
03:20:38 4 0 165
03:21:09 4 0 167
03:21:39 4 0 167
03:22:09 4 0 167
03:22:39 4 0 165
03:23:09 4 0 166
03:23:39 4 0 165
03:24:10 4 0 166
03:24:40 4 0 165
03:25:10 4 0 166
03:25:40 4 0 166
03:26:10 4 0 167
03:26:40 4 0 165
03:27:11 4 0 166
03:27:41 4 0 165
03:28:11 4 0 165
03:28:41 4 0 164
03:29:11 4 0 166
03:29:41 4 0 165
03:30:11 4 0 164
03:30:42 4 0 165
03:31:12 4 0 166
03:31:42 4 0 167
03:32:12 4 0 167
03:32:42 4 0 164
03:33:12 4 0 166
03:33:42 4 0 167
03:34:13 3 1 164
03:34:43 4 0 166
03:35:13 4 0 167
03:35:43 4 0 166
03:36:14 3 1 167
03:36:44 4 0 166
03:37:14 4 0 166
03:37:44 4 0 165
03:38:14 4 0 165
03:38:44 4 0 166
03:39:15 4 0 166
03:39:45 4 0 168
03:40:15 4 0 167
03:40:47 2 2 166
03:41:15 4 0 166
03:41:45 4 0 168
03:42:16 4 0 167
03:42:46 4 0 164
03:43:16 4 0 166
03:43:46 4 0 165
03:44:16 4 0 167
03:44:46 4 0 164
03:45:17 4 0 167
03:45:47 4 0 165
03:46:17 4 0 164
03:46:47 4 0 166
03:47:17 4 0 167
03:47:47 4 0 167
03:48:18 4 0 168
03:48:48 4 0 166
03:49:18 4 0 166
03:49:48 4 0 167
03:50:18 4 0 166
03:50:48 4 0 166
03:51:19 4 0 166
03:51:49 4 0 166
03:52:19 4 0 164
03:52:50 3 1 166
03:53:19 4 0 164
03:53:49 4 0 164
03:54:20 4 0 165
03:54:50 4 0 166
03:55:20 4 0 164
03:55:50 4 0 165
03:56:20 4 0 166
03:56:50 4 0 165
03:57:21 4 0 164
03:57:51 4 0 164
03:58:21 4 0 167
03:58:51 4 0 166
03:59:21 4 0 166
03:59:51 4 0 165
04:00:22 4 0 164
04:00:52 4 0 164
04:01:22 4 0 164
04:01:52 4 0 165
04:02:22 4 0 166
04:02:52 4 0 167
04:03:23 4 0 166
04:03:53 4 0 164
04:04:23 4 0 164
04:04:53 4 0 167
04:05:24 4 0 167
04:05:54 4 0 166
04:06:26 2 2 168
04:06:54 4 0 168
04:07:24 4 0 167
04:07:54 4 0 165
04:08:25 4 0 165
04:08:55 4 0 165
04:09:25 4 0 164
04:09:55 4 0 166
04:10:25 4 0 167
04:10:55 4 0 166
04:11:26 4 0 164
04:11:56 4 0 165
04:12:26 4 0 164
04:12:56 4 0 164
04:13:26 4 0 164
04:13:56 4 0 167
04:14:27 4 0 166
04:14:57 4 0 166
04:15:27 4 0 164
04:15:57 4 0 165
04:16:27 4 0 167
04:16:57 4 0 164
04:17:28 4 0 165
04:17:58 4 0 166
04:18:28 4 0 164
04:18:58 4 0 164
04:19:28 4 0 165
04:19:58 4 0 164
04:20:29 4 0 164
04:20:59 4 0 167
04:21:29 4 0 164
04:21:59 4 0 165
04:22:29 4 0 166
04:22:59 4 0 164
04:23:30 4 0 177
04:24:00 4 0 164
04:24:31 3 1 166
04:25:00 4 0 167
04:25:30 4 0 166
04:26:00 4 0 165
04:26:31 4 0 165
04:27:01 4 0 165
04:27:31 4 0 165
04:28:01 4 0 165
04:28:31 4 0 165
04:29:01 4 0 165
04:29:32 4 0 165
04:30:02 4 0 165
04:30:32 4 0 165
04:31:02 4 0 165
04:31:32 4 0 165
04:32:02 4 0 165
04:32:33 4 0 165
04:33:03 4 0 165
04:33:33 4 0 165
04:34:03 4 0 165
04:34:33 4 0 165
04:35:03 4 0 165
04:35:34 4 0 165
04:36:04 4 0 165
04:36:34 4 0 165
04:37:04 4 0 165
04:37:34 4 0 165
04:38:04 4 0 165
04:38:35 4 0 165
04:39:05 4 0 165
04:39:35 4 0 165
04:40:05 4 0 165
04:40:36 4 0 165
04:41:06 4 0 174
04:41:36 4 0 165
04:42:06 4 0 165
04:42:36 4 0 165
04:43:06 4 0 165
04:43:37 4 0 165
04:44:07 4 0 165
04:44:37 4 0 165
04:45:07 4 0 165
04:45:38 3 1 165
04:46:07 4 0 165
04:46:38 4 0 165
04:47:08 4 0 165
04:47:38 4 0 165
04:48:08 4 0 165
04:48:38 4 0 165
04:49:08 4 0 165
04:49:39 4 0 165
04:50:09 4 0 165
04:50:39 4 0 165
04:51:09 4 0 165
04:51:39 4 0 165
04:52:09 4 0 165
04:52:40 4 0 165
04:53:10 4 0 165
04:53:40 4 0 165
04:54:10 4 0 165
04:54:40 4 0 165
04:55:10 4 0 168
04:55:41 4 0 174
04:56:11 4 0 165
04:56:41 4 0 165
04:57:11 4 0 165
04:57:41 4 0 165
04:58:12 4 0 165
04:58:42 4 0 165
04:59:12 4 0 165
04:59:42 4 0 165
05:00:12 4 0 165
05:00:43 4 0 165
05:01:13 4 0 165
05:01:43 4 0 165
05:02:13 4 0 165
05:02:43 4 0 165
05:03:13 4 0 165
05:03:43 4 0 165
05:04:14 4 0 176
05:04:44 4 0 165
05:05:14 4 0 165
05:05:44 4 0 165
05:06:14 4 0 165
05:06:45 4 0 165
05:07:15 4 0 165
05:07:45 4 0 165
05:08:15 4 0 165
05:08:45 4 0 165
05:09:15 4 0 165
05:09:46 4 0 165
05:10:16 4 0 165
05:10:46 4 0 165
05:11:16 4 0 165
05:11:46 4 0 165
05:12:16 4 0 165
05:12:47 4 0 165
05:13:17 4 0 165
05:13:47 4 0 165
05:14:17 4 0 165
05:14:47 4 0 165
05:15:17 4 0 165
05:15:48 4 0 165
05:16:18 4 0 165
05:16:48 4 0 165
05:17:18 4 0 193
05:17:48 4 0 165
05:18:18 4 0 165
05:18:49 4 0 165
05:19:19 4 0 165
05:19:49 4 0 165
05:20:19 4 0 165
05:20:50 4 0 165
05:21:20 4 0 165
05:21:50 4 0 165
05:22:20 4 0 165
05:22:50 4 0 165
05:23:20 4 0 165
05:23:51 4 0 165
05:24:21 4 0 165
05:24:51 4 0 165
05:25:21 4 0 165
05:25:51 4 0 165
05:26:21 4 0 165
05:26:52 4 0 175
05:27:22 4 0 173
05:27:52 4 0 165
05:28:22 4 0 165
05:28:52 4 0 165
05:29:22 4 0 165
05:29:53 4 0 165
05:30:23 4 0 165
05:30:53 4 0 165
05:31:23 4 0 165
05:31:53 4 0 165
05:32:23 4 0 165
05:32:54 4 0 165
05:33:24 4 0 165
05:33:54 4 0 165
05:34:24 4 0 165
05:34:54 4 0 165
05:35:24 4 0 165
05:35:55 4 0 165
05:36:25 4 0 165
05:36:55 4 0 165
05:37:25 4 0 165
05:37:55 4 0 165
05:38:25 4 0 165
05:38:56 4 0 165
05:39:26 4 0 165
05:39:56 4 0 165
05:40:26 4 0 165
05:40:56 4 0 165
05:41:26 4 0 165
05:41:57 4 0 165
05:42:27 4 0 165
05:42:57 4 0 165
05:43:27 4 0 165
05:43:57 4 0 165
05:44:27 4 0 165
05:44:58 4 0 165
05:45:28 4 0 165
05:45:58 4 0 165
05:46:28 4 0 165
05:46:58 4 0 165
05:47:28 4 0 165
05:47:59 4 0 165
05:48:29 4 0 165
05:48:59 4 0 165
05:49:29 4 0 165
05:49:59 4 0 165
05:50:29 4 0 165
05:51:00 4 0 165
05:51:30 4 0 165
05:52:00 4 0 165
05:52:30 4 0 165
05:53:00 4 0 165
05:53:30 4 0 165
05:54:01 4 0 165
05:54:31 4 0 166
05:55:01 4 0 165
05:55:31 4 0 165
05:56:02 4 0 165
05:56:32 4 0 165
05:57:02 4 0 165
05:57:32 4 0 165
05:58:02 4 0 165
05:58:32 4 0 165
05:59:03 4 0 165
05:59:33 4 0 165
06:00:03 4 0 165
06:00:33 4 0 165
06:01:03 4 0 165
06:01:34 4 0 165
06:02:04 4 0 165
06:02:34 4 0 165
06:03:04 4 0 165
06:03:34 4 0 165
06:04:05 4 0 176
06:04:35 4 0 165
06:05:05 4 0 165
06:05:35 4 0 165
06:06:06 4 0 165
06:06:36 4 0 165
06:07:06 4 0 165
06:07:36 4 0 165
06:08:06 4 0 165
06:08:36 4 0 165
06:09:07 4 0 165
06:09:37 4 0 165
06:10:07 4 0 165
06:10:37 4 0 165
06:11:07 4 0 165
06:11:37 4 0 165
06:12:08 4 0 165
06:12:38 4 0 165
06:13:08 4 0 165
06:13:38 4 0 165
06:14:08 4 0 165
06:14:38 4 0 165
06:15:09 4 0 165
06:15:39 4 0 165
06:16:09 4 0 165
06:16:39 4 0 165
06:17:10 4 0 165
06:17:40 4 0 165
06:18:10 4 0 165
06:18:40 4 0 191
06:19:10 4 0 165
06:19:40 4 0 165
06:20:10 4 0 165
06:20:41 4 0 165
06:21:11 4 0 165
06:21:41 4 0 165
06:22:11 4 0 165
06:22:41 4 0 165
06:23:12 4 0 165
06:23:42 4 0 165
06:24:12 4 0 165
06:24:42 4 0 165
06:25:12 4 0 165
06:25:42 4 0 165
06:26:13 4 0 165
06:26:43 4 0 165
06:27:13 4 0 165
06:27:43 4 0 165
06:28:13 4 0 165
06:28:43 4 0 169
06:29:14 4 0 165
06:29:44 4 0 165
06:30:14 4 0 165
06:30:44 4 0 165
06:31:14 4 0 165
06:31:44 4 0 165
06:32:15 4 0 165
06:32:45 4 0 165
06:33:15 4 0 165
06:33:45 4 0 165
06:34:15 4 0 165
06:34:45 4 0 165
06:35:16 4 0 165
06:35:46 4 0 165
06:36:16 4 0 165
06:36:46 4 0 165
06:37:16 4 0 165
06:37:46 4 0 165
06:38:17 4 0 165
06:38:47 4 0 165
06:39:17 4 0 165
06:39:47 4 0 165
06:40:17 4 0 165
06:40:47 4 0 165
06:41:18 4 0 165
06:41:48 4 0 165
06:42:18 4 0 165
06:42:48 4 0 165
06:43:18 4 0 165
06:43:48 4 0 165
06:44:19 4 0 165
06:44:49 4 0 165
06:45:19 4 0 165
06:45:49 4 0 165
06:46:19 4 0 165
06:46:49 4 0 165
06:47:20 4 0 165
06:47:50 4 0 165
06:48:20 4 0 165
06:48:50 4 0 165
06:49:20 4 0 165
06:49:50 4 0 165
06:50:21 4 0 165
06:50:51 4 0 165
06:51:21 4 0 165
06:51:51 4 0 165
06:52:21 4 0 165
06:52:52 4 0 189
06:53:22 4 0 165
06:53:52 4 0 165
06:54:22 4 0 165
06:54:52 4 0 165
06:55:22 4 0 165
06:55:52 4 0 165
06:56:23 4 0 165
06:56:53 4 0 165
06:57:23 4 0 165
06:57:53 4 0 165
06:58:23 4 0 165
06:58:53 4 0 165
06:59:24 4 0 165
06:59:54 4 0 165
07:00:24 4 0 165
07:00:54 4 0 165
07:01:24 4 0 165
07:01:54 4 0 165
07:02:25 4 0 165
07:02:55 4 0 165
07:03:25 4 0 165
07:03:55 4 0 165
07:04:25 4 0 165
07:04:55 4 0 165
07:05:26 4 0 165
07:05:56 4 0 165
07:06:26 4 0 165
07:06:56 4 0 165
07:07:26 4 0 165
07:07:56 4 0 165
07:08:27 4 0 165
07:08:57 4 0 165
07:09:27 4 0 165
07:09:57 4 0 165
07:10:27 4 0 165
07:10:57 4 0 165
07:11:28 4 0 165
07:11:58 4 0 165
07:12:28 4 0 165
07:12:58 4 0 165
07:13:28 4 0 165
07:13:58 4 0 165
07:14:29 4 0 165
07:14:59 4 0 165
07:15:29 4 0 165
07:15:59 4 0 165
07:16:30 4 0 165
07:17:00 4 0 165
07:17:30 4 0 165
07:18:00 4 0 165
07:18:30 4 0 165
07:19:00 4 0 165
07:19:31 4 0 165
07:20:01 4 0 165
07:20:31 4 0 165
07:21:01 4 0 165
07:21:31 4 0 165
07:22:01 4 0 165
07:22:31 4 0 165
07:23:02 4 0 165
07:23:32 4 0 165
07:24:02 4 0 165
07:24:32 4 0 165
07:25:02 4 0 165
07:25:33 4 0 165
07:26:03 4 0 165
07:26:34 4 0 165
07:27:04 4 0 165
07:27:34 4 0 165
07:28:04 4 0 165
07:28:35 4 0 165
07:29:05 4 0 165
07:29:35 4 0 165
07:30:05 4 0 165
07:30:35 4 0 165
07:31:05 4 0 165
07:31:36 4 0 165
07:32:06 4 0 165
07:32:36 4 0 165
07:33:06 4 0 165
07:33:36 4 0 165
07:34:07 4 0 165
07:34:37 4 0 165
07:35:08 4 0 165
07:35:38 4 0 165
07:36:08 4 0 165
07:36:38 4 0 165
07:37:09 4 0 165
07:37:39 4 0 165
07:38:09 4 0 165
07:38:39 4 0 185
07:39:09 4 0 167
07:39:39 4 0 175
07:40:10 4 0 165
07:40:40 4 0 165
07:41:10 4 0 165
07:41:40 4 0 165
07:42:10 4 0 173
07:42:40 4 0 165
07:43:11 4 0 165
07:43:41 4 0 165
07:44:11 4 0 165
07:44:41 4 0 165
07:45:11 4 0 165
07:45:41 4 0 165
07:46:12 4 0 165
07:46:42 4 0 165
07:47:12 4 0 165
07:47:42 4 0 165
07:48:12 4 0 165
07:48:42 4 0 165
07:49:13 4 0 165
07:49:43 4 0 165
07:50:13 4 0 165
07:50:43 4 0 165
07:51:13 4 0 195
07:51:43 4 0 165
07:52:13 4 0 165
07:52:44 4 0 195
07:53:14 4 0 165
07:53:44 4 0 165
07:54:14 4 0 165
07:54:44 4 0 165
07:55:14 4 0 165
07:55:44 4 0 165
07:56:15 4 0 165
07:56:45 4 0 165
07:57:15 4 0 165
07:57:45 4 0 165
07:58:15 4 0 165
07:58:45 4 0 165
07:59:16 4 0 165
07:59:46 4 0 165
08:00:16 4 0 165
08:00:46 4 0 165
08:01:16 4 0 165
08:01:46 4 0 166
08:02:17 4 0 165
08:02:47 4 0 165
08:03:17 4 0 165
08:03:47 4 0 165
08:04:17 4 0 165
08:04:47 4 0 165
08:05:18 4 0 165
08:05:48 4 0 165
08:06:18 4 0 165
08:06:48 4 0 165
08:07:18 4 0 165
08:07:48 4 0 165
08:08:18 4 0 165
08:08:48 4 0 165
08:09:19 4 0 165
08:09:49 4 0 165
08:10:19 4 0 165
08:10:49 4 0 165
08:11:19 4 0 165
08:11:49 4 0 165
08:12:20 4 0 165
08:12:50 4 0 165
08:13:20 4 0 165
08:13:50 4 0 170
08:14:20 4 0 165
08:14:50 4 0 165
08:15:21 4 0 165
08:15:51 4 0 165
08:16:21 4 0 165
08:16:51 4 0 165
08:17:21 4 0 165
08:17:51 4 0 165
08:18:22 4 0 165
08:18:52 4 0 165
08:19:22 4 0 165
08:19:52 4 0 165
08:20:22 4 0 165
08:20:52 4 0 165
08:21:23 4 0 165
08:21:53 4 0 165
08:22:23 4 0 165
08:22:53 4 0 165
08:23:24 4 0 190
08:23:54 4 0 165
08:24:24 4 0 165
08:24:54 4 0 165
08:25:24 4 0 165
08:25:55 4 0 165
08:26:25 4 0 165
08:26:55 4 0 177
08:27:25 4 0 165
08:27:55 4 0 165
08:28:25 4 0 165
08:28:56 4 0 165
08:29:26 4 0 165
08:29:56 4 0 165
08:30:26 4 0 165
08:30:56 4 0 165
08:31:27 4 0 190
08:31:56 4 0 165
08:32:27 4 0 165
08:32:57 4 0 165
08:33:27 4 0 165
08:33:57 4 0 165
08:34:27 4 0 165
08:34:57 4 0 165
08:35:28 4 0 165
08:35:58 4 0 165
08:36:28 4 0 165
08:36:58 4 0 165
08:37:28 4 0 165
08:37:58 4 0 165
08:38:29 4 0 165
08:38:59 4 0 165
08:39:29 4 0 165
08:39:59 4 0 165
08:40:29 4 0 165
08:40:59 4 0 165
08:41:30 4 0 165
08:42:00 4 0 165
08:42:30 4 0 165
08:43:01 4 0 165
08:43:31 4 0 165
08:44:02 4 0 165
08:44:32 4 0 165
08:45:02 4 0 165
08:45:32 4 0 165
08:46:02 4 0 165
08:46:33 4 0 165
08:47:03 4 0 165
08:47:33 4 0 165
08:48:03 4 0 165
08:48:33 4 0 165
08:49:03 4 0 165
08:49:34 4 0 167
08:50:04 4 0 165
08:50:34 4 0 165
08:51:04 4 0 165
08:51:34 4 0 165
08:52:04 4 0 165
08:52:35 4 0 165
08:53:05 4 0 165
08:53:35 4 0 165
08:54:06 3 1 166
08:54:35 4 0 165
08:55:05 4 0 165
08:55:36 4 0 165
08:56:06 4 0 165
08:56:37 4 0 165
08:57:07 4 0 165
08:57:37 4 0 166
08:58:07 4 0 165
08:58:38 4 0 165
08:59:08 4 0 165
08:59:39 4 0 165
09:00:09 4 0 165
09:00:39 4 0 165
09:01:09 4 0 165
09:01:39 4 0 165
09:02:09 4 0 165
09:02:40 4 0 180
09:03:10 4 0 209
09:03:40 4 0 165
09:04:10 4 0 165
09:04:40 4 0 166
09:05:10 4 0 165
09:05:40 4 0 165
09:06:10 4 0 165
09:06:41 4 0 165
09:07:11 4 0 165
09:07:41 4 0 165
09:08:11 4 0 165
09:08:41 4 0 165
09:09:11 4 0 165
09:09:41 4 0 165
09:10:11 4 0 165
09:10:42 4 0 165
09:11:12 4 0 165
09:11:42 4 0 165
09:12:12 4 0 165
09:12:42 4 0 165
09:13:12 4 0 165
09:13:42 4 0 168
09:14:12 4 0 165
09:14:43 4 0 165
09:15:13 4 0 165
09:15:43 4 0 165
09:16:13 4 0 165
09:16:43 4 0 165
09:17:13 4 0 165
09:17:44 4 0 165
09:18:14 4 0 166
09:18:44 4 0 165
09:19:14 4 0 165
09:19:44 4 0 165
09:20:14 4 0 165
09:20:45 4 0 165
09:21:15 4 0 165
09:21:45 4 0 165
09:22:15 4 0 165
09:22:45 4 0 165
09:23:15 4 0 165
09:23:46 4 0 165
09:24:16 4 0 165
09:24:46 4 0 165
09:25:16 4 0 167
09:25:46 4 0 165
09:26:16 4 0 168
09:26:46 4 0 165
09:27:16 4 0 190
09:27:47 4 0 165
09:28:17 4 0 167
09:28:47 4 0 165
09:29:17 4 0 165
09:29:47 4 0 167
09:30:17 4 0 165
09:30:47 4 0 165
09:31:17 4 0 165
09:31:48 4 0 165
09:32:18 4 0 166
09:32:48 4 0 166
09:33:18 4 0 165
09:33:48 4 0 165
09:34:18 4 0 165
09:34:49 4 0 165
09:35:19 4 0 168
09:35:49 4 0 165
09:36:20 3 1 165
09:36:49 4 0 165
09:37:19 4 0 200
09:37:50 4 0 165
09:38:20 4 0 165
09:38:50 4 0 165
09:39:20 4 0 165
09:39:51 4 0 165
09:40:21 4 0 165
09:40:51 4 0 165
09:41:21 4 0 165
09:41:51 4 0 167
09:42:21 4 0 165
09:42:52 4 0 165
09:43:22 4 0 165
09:43:52 4 0 165
09:44:22 4 0 165
09:44:52 4 0 165
09:45:22 4 0 165
09:45:52 4 0 166
09:46:22 4 0 177
09:46:53 4 0 165
09:47:23 4 0 165
09:47:53 4 0 165
09:48:23 4 0 165
09:48:53 4 0 165
09:49:23 4 0 165
09:49:53 4 0 165
09:50:23 4 0 165
09:50:54 4 0 174
09:51:24 4 0 165
09:51:55 4 0 166
09:52:25 4 0 165
09:52:55 4 0 165
09:53:25 4 0 165
09:53:55 4 0 165
09:54:25 4 0 165
09:54:55 4 0 167
09:55:25 4 0 168
09:55:56 4 0 165
09:56:26 4 0 169
09:56:56 4 0 166
09:57:26 4 0 165
09:57:56 4 0 166
09:58:26 4 0 165
09:58:56 4 0 165
09:59:26 4 0 178
09:59:57 4 0 165
10:00:27 4 0 174
10:00:57 4 0 165
10:01:27 4 0 165
10:01:57 4 0 165
10:02:27 4 0 168
10:02:57 4 0 189
10:03:27 4 0 165
10:03:57 4 0 165
10:04:28 4 0 165
10:04:58 4 0 166
10:05:28 4 0 165
10:05:58 4 0 165
10:06:28 4 0 165
10:06:58 4 0 165
10:07:28 4 0 166
10:07:58 4 0 165
10:08:29 4 0 165
10:08:59 4 0 165
10:09:29 4 0 165
10:09:59 4 0 165
10:10:29 4 0 165
10:10:59 4 0 165
10:11:29 4 0 165
10:12:00 4 0 215
10:12:32 1 3 217
10:13:00 4 0 205
10:13:31 3 1 205
10:14:00 4 0 200
10:14:30 4 0 213
10:15:01 3 1 202
10:15:30 4 0 193
10:16:01 4 0 203
10:16:32 3 1 202
10:17:01 4 0 199
10:17:31 4 0 211
10:18:01 4 0 193
10:18:32 3 1 196
10:19:02 4 0 214
10:19:32 4 0 212
10:20:02 4 0 204
10:20:32 4 0 204
10:21:03 4 0 204
10:21:33 4 0 204
10:22:03 4 0 200
10:22:33 4 0 205
10:23:04 4 0 211
10:23:34 4 0 198
10:24:05 4 0 217
10:24:35 4 0 165
10:25:05 4 0 165
10:25:35 4 0 165
10:26:06 4 0 165
10:26:37 4 0 165
10:27:08 4 0 165
10:27:38 4 0 167
10:28:08 4 0 165
10:28:38 4 0 165
10:29:08 4 0 168
10:29:38 4 0 165
10:30:08 4 0 165
10:30:38 4 0 165
10:31:09 4 0 165
10:31:39 4 0 165
10:32:09 4 0 165
10:32:39 4 0 165
10:33:09 4 0 165
10:33:39 4 0 165
10:34:09 4 0 165
10:34:39 4 0 165
10:35:10 4 0 165
10:35:40 4 0 165
10:36:10 4 0 167
10:36:40 4 0 165
10:37:10 4 0 165
10:37:40 4 0 166
10:38:11 4 0 165
10:38:41 4 0 165
10:39:12 4 0 165
10:39:42 4 0 165
10:40:12 4 0 182
10:40:42 4 0 165
10:41:13 4 0 166
10:41:43 4 0 167
10:42:13 4 0 165
10:42:43 4 0 165
10:43:13 4 0 165
10:43:43 4 0 165
10:44:14 4 0 165
10:44:44 4 0 167
10:45:14 4 0 165
10:45:44 4 0 165
10:46:14 4 0 165
10:46:44 4 0 165
10:47:15 4 0 165
10:47:45 4 0 176
10:48:15 4 0 165
10:48:45 4 0 165
10:49:15 4 0 165
10:49:45 4 0 165
10:50:16 4 0 166
10:50:46 4 0 165
10:51:16 4 0 165
10:51:46 4 0 165
10:52:16 4 0 165
10:52:47 4 0 165
10:53:17 4 0 165
10:53:47 4 0 165
10:54:17 4 0 204
10:54:47 4 0 165
10:55:18 4 0 165
10:55:48 4 0 167
10:56:19 4 0 165
10:56:49 4 0 165
10:57:19 4 0 165
10:57:49 4 0 169
10:58:19 4 0 165
10:58:50 4 0 165
10:59:20 4 0 173
10:59:50 4 0 165
11:00:21 4 0 165
11:00:51 4 0 165
11:01:21 4 0 165
11:01:51 4 0 165
11:02:21 4 0 165
11:02:51 4 0 165
11:03:22 4 0 165
11:03:52 4 0 165
11:04:22 4 0 165
11:04:52 4 0 165
11:05:22 4 0 165
11:05:52 4 0 165
11:06:22 4 0 165
11:06:53 4 0 165
11:07:23 4 0 165
11:07:53 4 0 165
11:08:23 4 0 165
11:08:53 4 0 165
11:09:24 3 1 165
11:09:54 4 0 165
11:10:24 4 0 166
11:10:54 4 0 165
11:11:24 4 0 166
11:11:54 4 0 165
11:12:25 4 0 165
11:12:55 4 0 165
11:13:25 4 0 165
11:13:55 4 0 165
11:14:25 4 0 165
11:14:56 4 0 165
11:15:26 4 0 174
11:15:56 4 0 165
11:16:27 4 0 165
11:16:57 4 0 165
11:17:27 4 0 165
11:17:57 4 0 165
11:18:28 4 0 165
11:18:58 4 0 165
11:19:28 4 0 165
11:19:58 4 0 165
11:20:28 4 0 178
11:20:58 4 0 166
11:21:29 4 0 167
11:21:59 4 0 165
11:22:29 4 0 165
11:22:59 4 0 165
11:23:29 4 0 166
11:23:59 4 0 168
11:24:29 4 0 165
11:24:59 4 0 165
11:25:30 4 0 165
11:26:00 4 0 165
11:26:30 4 0 168
11:27:00 4 0 167
11:27:30 4 0 169
11:28:00 4 0 166
11:28:30 4 0 165
11:29:00 4 0 165
11:29:31 4 0 165
11:30:01 4 0 165
11:30:31 4 0 165
11:31:01 4 0 165
11:31:31 4 0 165
11:32:01 4 0 165
11:32:31 4 0 165
11:33:01 4 0 165
11:33:32 4 0 165
11:34:02 4 0 165
11:34:32 4 0 189
11:35:02 4 0 165
11:35:32 4 0 165
11:36:03 4 0 165
11:36:33 4 0 167
11:37:04 4 0 172
11:37:34 4 0 165
11:38:04 4 0 165
11:38:35 4 0 165
11:39:05 4 0 165
11:39:35 4 0 165
11:40:05 4 0 165
11:40:35 4 0 165
11:41:05 4 0 165
11:41:35 4 0 165
11:42:05 4 0 165
11:42:36 4 0 168
11:43:06 4 0 169
11:43:36 4 0 165
11:44:06 4 0 165
11:44:37 4 0 165
11:45:07 4 0 165
11:45:37 4 0 165
11:46:08 4 0 165
11:46:38 4 0 166
11:47:08 4 0 165
11:47:38 4 0 165
11:48:08 4 0 165
11:48:39 4 0 165
11:49:09 4 0 165
11:49:39 4 0 165
11:50:09 4 0 165
11:50:40 3 1 175
11:51:11 2 2 175
11:51:39 4 0 168
11:52:10 4 0 165
11:52:40 4 0 168
11:53:10 4 0 167
11:53:40 4 0 165
11:54:10 4 0 167
11:54:40 4 0 165
11:55:10 4 0 165
11:55:40 4 0 165
11:56:11 4 0 166
11:56:41 4 0 184
11:57:11 4 0 165
11:57:41 4 0 166
11:58:11 4 0 168
11:58:41 4 0 166
11:59:12 3 1 168
11:59:42 4 0 166
12:00:12 4 0 166
12:00:42 4 0 165
12:01:12 4 0 169
12:01:42 4 0 168
12:02:12 4 0 165
12:02:43 4 0 165
12:03:13 4 0 165
12:03:43 4 0 168
12:04:13 4 0 194
12:04:43 4 0 165
12:05:13 4 0 165
12:05:43 4 0 165
12:06:14 4 0 165
12:06:44 4 0 165
12:07:14 4 0 165
12:07:45 4 0 165
12:08:15 4 0 165
12:08:45 4 0 165
12:09:15 4 0 165
12:09:45 4 0 165
12:10:16 4 0 165
12:10:46 4 0 168
12:11:16 4 0 165
12:11:46 4 0 165
12:12:16 4 0 165
12:12:46 4 0 165
12:13:17 4 0 165
12:13:47 4 0 165
12:14:17 4 0 165
12:14:47 4 0 165
12:15:17 4 0 165
12:15:48 4 0 165
12:16:18 4 0 165
12:16:49 4 0 165
12:17:19 4 0 165
12:17:49 4 0 166
12:18:19 4 0 165
12:18:50 4 0 166
12:19:20 4 0 165
12:19:50 4 0 165
12:20:20 4 0 165
12:20:50 4 0 165
12:21:20 4 0 165
12:21:50 4 0 165
12:22:20 4 0 165
12:22:51 4 0 165
12:23:21 4 0 166
12:23:51 4 0 165
12:24:21 4 0 165
12:24:51 4 0 165
12:25:21 4 0 165
12:25:51 4 0 166
12:26:21 4 0 165
12:26:52 4 0 166
12:27:22 4 0 165
12:27:52 4 0 165
12:28:22 4 0 165
12:28:53 4 0 165
12:29:23 4 0 165
12:29:53 4 0 165
12:30:23 4 0 165
12:30:53 4 0 165
12:31:23 4 0 165
12:31:53 4 0 165
12:32:23 4 0 165
12:32:53 4 0 165
12:33:23 4 0 166
12:33:54 4 0 166
12:34:24 4 0 165
12:34:54 4 0 165
12:35:24 4 0 165
12:35:54 4 0 165
12:36:24 4 0 166
12:36:54 4 0 165
12:37:24 4 0 165
12:37:55 4 0 167
12:38:25 4 0 175
12:38:55 4 0 166
12:39:25 4 0 176
12:39:55 4 0 165
12:40:25 4 0 165
12:40:55 4 0 165
12:41:25 4 0 166
12:41:56 4 0 165
12:42:26 4 0 166
12:42:56 4 0 166
12:43:26 4 0 165
12:43:56 4 0 165
12:44:26 4 0 165
12:44:56 4 0 167
12:45:26 4 0 178
12:45:56 4 0 165
12:46:26 4 0 168
12:46:56 4 0 168
12:47:27 4 0 167
12:47:57 4 0 165
12:48:27 4 0 166
12:48:57 4 0 165
12:49:27 4 0 165
12:49:58 4 0 167
12:50:28 4 0 165
12:50:58 4 0 168
12:51:29 4 0 198
12:51:59 4 0 165
12:52:29 4 0 165
12:52:59 4 0 165
12:53:29 4 0 166
12:53:59 4 0 165
12:54:29 4 0 173
12:54:59 4 0 165
12:55:29 4 0 167
12:56:00 4 0 165
12:56:30 4 0 165
12:57:00 4 0 165
12:57:30 4 0 165
12:58:00 4 0 165
12:58:30 4 0 165
12:59:00 4 0 165
12:59:30 4 0 165
13:00:01 4 0 165
13:00:31 4 0 168
13:01:01 4 0 165
13:01:31 4 0 168
13:02:01 4 0 165
13:02:31 4 0 165
13:03:01 4 0 169
13:03:31 4 0 166
13:04:02 4 0 165
13:04:32 4 0 165
13:05:02 4 0 165
13:05:32 4 0 166
13:06:02 4 0 168
13:06:32 4 0 168
13:07:02 4 0 168
13:07:32 4 0 166
13:08:02 4 0 165
13:08:33 4 0 185
13:09:03 4 0 189
13:09:33 4 0 168
13:10:03 4 0 167
13:10:33 4 0 168
13:11:03 4 0 168
13:11:33 4 0 165
13:12:03 4 0 190
13:12:33 4 0 166
13:13:03 4 0 165
13:13:33 4 0 167
13:14:04 4 0 168
13:14:34 4 0 166
13:15:04 4 0 168
13:15:35 3 1 169
13:16:04 4 0 168
13:16:34 4 0 165
13:17:04 4 0 165
13:17:34 4 0 165
13:18:04 4 0 165
13:18:34 4 0 166
13:19:05 4 0 166
13:19:35 4 0 168
13:20:05 4 0 165
13:20:35 4 0 165
13:21:05 4 0 165
13:21:35 4 0 166
13:22:06 4 0 165
13:22:36 4 0 165
13:23:06 4 0 167
13:23:36 4 0 168
13:24:06 4 0 165
13:24:36 4 0 166
13:25:06 4 0 165
13:25:38 3 1 505
13:26:10 0 4 -1
13:26:37 4 0 169
13:27:07 4 0 168
13:27:37 4 0 165
13:28:07 4 0 165
13:28:37 4 0 165
13:29:07 4 0 165
13:29:38 4 0 187
13:30:08 4 0 168
13:30:38 4 0 168
13:31:08 4 0 167
13:31:38 4 0 167
13:32:08 4 0 165
13:32:38 4 0 168
13:33:09 4 0 166
13:33:40 4 0 166
13:34:10 4 0 167
13:34:40 4 0 166
13:35:10 4 0 166
13:35:40 4 0 166
13:36:11 4 0 167
13:36:41 4 0 169
13:37:11 4 0 168
13:37:43 2 2 168
13:38:11 4 0 168
13:38:41 4 0 167
13:39:11 4 0 167
13:39:41 4 0 168
13:40:12 4 0 167
13:40:42 4 0 165
13:41:12 4 0 168
13:41:42 4 0 166
13:42:12 4 0 179
13:42:43 4 0 205
13:43:13 4 0 166
13:43:43 4 0 166
13:44:13 4 0 167
13:44:43 4 0 165
13:45:14 4 0 165
13:45:44 4 0 165
13:46:14 4 0 165
13:46:45 3 1 194
13:47:15 4 0 165
13:47:45 4 0 169
13:48:15 4 0 167
13:48:46 4 0 166
13:49:16 4 0 167
13:49:46 4 0 168
13:50:16 4 0 165
13:50:46 4 0 167
13:51:16 4 0 169
13:51:46 4 0 165
13:52:17 4 0 167
13:52:47 4 0 165
13:53:17 4 0 167
13:53:47 4 0 168
13:54:17 4 0 166
13:54:47 4 0 165
13:55:17 4 0 167
13:55:47 4 0 175
13:56:17 4 0 165
13:56:48 4 0 165
13:57:18 4 0 165
13:57:48 4 0 167
13:58:18 4 0 165
13:58:48 4 0 165
13:59:18 4 0 165
13:59:48 4 0 165
14:00:18 4 0 165
14:00:48 4 0 165
14:01:19 4 0 165
14:01:49 4 0 165
14:02:19 4 0 166
14:02:49 4 0 165
14:03:19 4 0 165
14:03:49 4 0 166
14:04:20 3 1 169
14:04:49 4 0 165
14:05:20 4 0 169
14:05:50 4 0 168
14:06:20 4 0 167
14:06:50 4 0 167
14:07:20 4 0 165
14:07:50 4 0 165
14:08:21 4 0 167
14:08:51 4 0 168
14:09:21 4 0 165
14:09:51 4 0 168
14:10:21 4 0 165
14:10:51 4 0 165
14:11:22 4 0 165
14:11:52 4 0 165
14:12:23 3 1 168
14:12:52 4 0 168
14:13:22 4 0 168
14:13:52 4 0 165
14:14:23 4 0 165
14:14:53 4 0 166
14:15:23 4 0 165
14:15:53 4 0 165
14:16:23 4 0 167
14:16:53 4 0 167
14:17:24 3 1 167
14:17:54 4 0 168
14:18:24 4 0 169
14:18:54 4 0 168
14:19:24 4 0 165
14:19:54 4 0 165
14:20:24 4 0 166
14:20:54 4 0 165
14:21:25 4 0 195
14:21:55 4 0 168
14:22:25 4 0 165
14:22:56 3 1 167
14:23:25 4 0 168
14:23:55 4 0 167
14:24:25 4 0 165
14:24:56 4 0 167
14:25:26 4 0 168
14:25:56 4 0 169
14:26:27 4 0 165
14:26:57 4 0 165
14:27:27 4 0 168
14:27:57 4 0 165
14:28:27 4 0 166
14:28:57 4 0 166
14:29:28 4 0 168
14:29:58 4 0 166
14:30:28 4 0 167
14:30:58 4 0 167
14:31:28 4 0 167
14:31:58 4 0 166
14:32:29 4 0 168
14:32:59 4 0 166
14:33:29 4 0 165
14:33:59 4 0 168
14:34:29 4 0 167
14:34:59 4 0 165
14:35:30 4 0 166
14:36:00 4 0 168
14:36:30 4 0 180
14:37:01 4 0 167
14:37:31 4 0 166
14:38:02 4 0 165
14:38:32 4 0 165
14:39:02 4 0 216
14:39:32 4 0 165
14:40:03 4 0 166
14:40:33 4 0 165
14:41:03 4 0 170
14:41:33 4 0 166
14:42:04 4 0 165
14:42:34 4 0 165
14:43:04 4 0 165
14:43:34 4 0 165
14:44:04 4 0 167
14:44:35 4 0 165
14:45:05 4 0 165
14:45:35 4 0 165
14:46:05 4 0 165
14:46:35 4 0 165
14:47:06 4 0 165
14:47:36 4 0 165
14:48:06 4 0 165
14:48:36 4 0 165
14:49:06 4 0 165
14:49:36 4 0 165
14:50:07 4 0 165
14:50:37 4 0 165
14:51:07 4 0 165
14:51:37 4 0 165
14:52:08 4 0 172
14:52:38 4 0 165
14:53:08 4 0 168
14:53:38 4 0 165
14:54:08 4 0 165
14:54:38 4 0 165
14:55:08 4 0 165
14:55:38 4 0 165
14:56:08 4 0 165
14:56:39 4 0 166
14:57:09 4 0 165
14:57:39 4 0 165
14:58:09 4 0 165
14:58:39 4 0 166
14:59:09 4 0 165
14:59:39 4 0 165
15:00:09 4 0 165
15:00:40 4 0 167
15:01:10 4 0 165
15:01:40 4 0 165
15:02:10 4 0 165
15:02:40 4 0 165
15:03:10 4 0 165
15:03:40 4 0 165
15:04:11 3 1 168
15:04:40 4 0 166
15:05:11 4 0 165
15:05:41 4 0 165
15:06:11 4 0 165
15:06:41 4 0 165
15:07:11 4 0 165
15:07:41 4 0 165
15:08:12 3 1 165
15:08:41 4 0 165
15:09:11 4 0 165
15:09:41 4 0 166
15:10:12 4 0 165
15:10:42 4 0 165
15:11:12 4 0 165
15:11:42 4 0 165
15:12:12 4 0 165
15:12:42 4 0 165
15:13:12 4 0 165
15:13:42 4 0 165
15:14:13 4 0 165
15:14:43 4 0 165
15:15:13 4 0 165
15:15:43 4 0 165
15:16:13 4 0 165
15:16:43 4 0 165
15:17:13 4 0 165
15:17:44 4 0 165
15:18:14 4 0 166
15:18:44 4 0 165
15:19:14 4 0 165
15:19:44 4 0 165
15:20:14 4 0 166
15:20:44 4 0 165
15:21:14 4 0 165
15:21:45 4 0 165
15:22:15 4 0 166
15:22:45 4 0 165
15:23:16 3 1 167
15:23:46 3 1 168
15:24:15 4 0 177
15:24:45 4 0 165
15:25:15 4 0 166
15:25:45 4 0 165
15:26:15 4 0 165
15:26:46 4 0 165
15:27:16 4 0 167
15:27:46 4 0 165
15:28:16 4 0 165
15:28:46 4 0 165
15:29:16 4 0 165
15:29:46 4 0 165
15:30:16 4 0 165
15:30:46 4 0 165
15:31:16 4 0 165
15:31:47 4 0 165
15:32:17 4 0 165
15:32:47 4 0 165
15:33:17 4 0 165
15:33:48 4 0 165
15:34:18 4 0 165
15:34:48 4 0 165
15:35:18 4 0 166
15:35:48 4 0 165
15:36:18 4 0 167
15:36:48 4 0 165
15:37:19 3 1 166
15:37:48 4 0 165
15:38:18 4 0 165
15:38:49 4 0 165
15:39:19 3 1 165
15:39:49 4 0 165
15:40:19 4 0 165
15:40:49 4 0 177
15:41:19 4 0 168
15:41:49 4 0 168
15:42:19 4 0 165
15:42:49 4 0 166
15:43:19 4 0 165
15:43:50 4 0 165
15:44:20 4 0 165
15:44:50 4 0 165
15:45:20 4 0 165
15:45:50 4 0 165
15:46:20 4 0 165
15:46:51 4 0 165
15:47:21 4 0 170
15:47:51 4 0 165
15:48:21 4 0 165
15:48:51 4 0 165
15:49:21 4 0 166
15:49:51 4 0 165
15:50:21 4 0 165
15:50:51 4 0 165
15:51:22 4 0 165
15:51:52 4 0 167
15:52:22 4 0 165
15:52:52 4 0 165
15:53:22 4 0 165
15:53:52 4 0 165
15:54:22 4 0 165
15:54:53 4 0 180
15:55:23 4 0 165
15:55:53 4 0 171
15:56:23 4 0 169
15:56:53 4 0 168
15:57:24 3 1 165
15:57:53 4 0 165
15:58:23 4 0 166
15:58:54 4 0 165
15:59:24 4 0 165
15:59:54 4 0 170
16:00:24 4 0 197
16:00:54 4 0 165
16:01:24 4 0 165
16:01:54 4 0 166
16:02:24 4 0 165
16:02:54 4 0 165
16:03:24 4 0 165
16:03:55 4 0 165
16:04:25 4 0 168
16:04:55 4 0 165
16:05:25 4 0 165
16:05:55 4 0 166
16:06:25 4 0 168
16:06:55 4 0 165
16:07:25 4 0 168
16:07:56 3 1 168
16:08:26 4 0 166
16:08:56 4 0 213
16:09:26 4 0 166
16:09:56 4 0 165
16:10:26 4 0 167
16:10:56 4 0 167
16:11:26 4 0 168
16:11:57 4 0 203
16:12:27 4 0 167
16:12:57 4 0 168
16:13:27 4 0 165
16:13:57 4 0 168
16:14:27 4 0 165
16:14:57 4 0 166
16:15:27 4 0 165
16:15:57 4 0 165
16:16:27 4 0 166
16:16:58 4 0 191
16:17:30 2 2 486
16:17:58 4 0 165
16:18:28 4 0 168
16:18:58 4 0 165
16:19:28 4 0 215
16:19:58 4 0 168
16:20:28 4 0 212
16:20:58 4 0 166
16:21:28 4 0 176
16:21:59 4 0 166
16:22:29 4 0 168
16:22:59 4 0 165
16:23:29 4 0 165
16:23:59 4 0 165
16:24:29 4 0 168
16:24:59 4 0 165
16:25:29 4 0 165
16:26:00 4 0 165
16:26:30 4 0 168
16:27:00 4 0 165
16:27:30 4 0 165
16:28:00 4 0 165
16:28:30 4 0 166
16:29:00 4 0 165
16:29:30 4 0 165
16:30:01 4 0 165
16:30:31 4 0 166
16:31:01 3 1 168
16:31:31 4 0 167
16:32:01 4 0 165
16:32:31 4 0 166
16:33:01 4 0 165
16:33:32 4 0 165
16:34:02 4 0 165
16:34:32 4 0 166
16:35:02 4 0 165
16:35:32 4 0 179
16:36:02 4 0 165
16:36:32 4 0 168
16:37:03 4 0 165
16:37:33 4 0 165
16:38:03 4 0 165
16:38:33 4 0 172
16:39:03 4 0 166
16:39:33 4 0 167
16:40:04 4 0 167
16:40:34 4 0 165
16:41:04 4 0 168
16:41:34 4 0 166
16:42:04 4 0 166
16:42:34 4 0 165
16:43:04 4 0 165
16:43:34 4 0 165
16:44:04 4 0 165
16:44:34 4 0 165
16:45:07 2 2 571
16:45:36 4 0 492
16:46:05 4 0 165
16:46:35 4 0 165
16:47:05 4 0 165
16:47:35 4 0 165
16:48:05 4 0 165
16:48:35 4 0 165
16:49:07 3 1 577
16:49:37 3 1 582
16:50:06 4 0 166
16:50:36 4 0 165
16:51:06 4 0 165
16:51:36 4 0 164
16:52:07 3 1 165
16:52:36 4 0 165
16:53:06 4 0 167
16:53:37 4 0 165
16:54:07 4 0 168
16:54:37 4 0 165
16:55:07 4 0 165
16:55:37 4 0 165
16:56:07 4 0 165
16:56:37 4 0 166
16:57:08 4 0 165
16:57:38 4 0 169
16:58:08 4 0 165
16:58:38 4 0 165
16:59:08 4 0 166
16:59:38 4 0 165
17:00:08 4 0 165
17:00:38 4 0 166
17:01:11 3 1 585
17:01:41 1 3 494
17:02:09 4 0 168
17:02:39 4 0 165
17:03:09 4 0 168
17:03:40 4 0 201
17:04:10 4 0 166
17:04:40 4 0 165
17:05:10 4 0 165
17:05:40 4 0 165
17:06:10 4 0 165
17:06:40 4 0 165
17:07:11 4 0 165
17:07:41 4 0 165
17:08:11 4 0 165
17:08:41 4 0 165
17:09:11 4 0 165
17:09:41 4 0 166
17:10:11 4 0 165
17:10:41 4 0 165
17:11:11 4 0 165
17:11:41 4 0 165
17:12:12 4 0 165
17:12:42 4 0 166
17:13:12 4 0 211
17:13:42 4 0 165
17:14:12 4 0 165
17:14:42 4 0 165
17:15:12 4 0 165
17:15:42 4 0 165
17:16:14 3 1 168
17:16:43 4 0 168
17:17:13 4 0 165
17:17:43 4 0 165
17:18:13 4 0 165
17:18:43 4 0 168
17:19:13 4 0 167
17:19:43 4 0 168
17:20:13 4 0 165
17:20:43 4 0 165
17:21:14 4 0 165
17:21:44 4 0 165
17:22:14 4 0 167
17:22:44 4 0 166
17:23:14 4 0 165
17:23:44 4 0 167
17:24:15 3 1 168
17:24:45 4 0 165
17:25:15 4 0 168
17:25:45 4 0 165
17:26:15 4 0 165
17:26:45 4 0 165
17:27:16 4 0 166
17:27:46 4 0 165
17:28:16 4 0 166
17:28:46 4 0 165
17:29:16 4 0 165
17:29:46 4 0 187
17:30:16 4 0 165
17:30:47 3 1 166
17:31:17 4 0 165
17:31:47 4 0 165
17:32:17 4 0 165
17:32:47 4 0 166
17:33:17 4 0 165
17:33:47 4 0 185
17:34:17 4 0 165
17:34:48 4 0 165
17:35:18 4 0 165
17:35:48 4 0 165
17:36:18 4 0 165
17:36:48 4 0 165
17:37:18 4 0 165
17:37:48 4 0 165
17:38:19 4 0 165
17:38:49 4 0 165
17:39:19 4 0 165
17:39:49 4 0 165
17:40:20 4 0 165
17:40:50 4 0 167
17:41:20 4 0 165
17:41:50 4 0 165
17:42:20 4 0 165
17:42:50 4 0 165
17:43:21 4 0 165
17:43:51 4 0 165
17:44:21 4 0 165
17:44:51 4 0 165
17:45:22 4 0 165
17:45:52 4 0 165
17:46:22 4 0 165
17:46:52 4 0 166
17:47:22 4 0 165
17:47:52 4 0 165
17:48:22 4 0 165
17:48:52 4 0 168
17:49:23 4 0 165
17:49:53 4 0 165
17:50:23 4 0 167
17:50:53 4 0 166
17:51:23 4 0 165
17:51:55 2 2 165
17:52:23 4 0 166
17:52:53 4 0 165
17:53:24 4 0 165
17:53:54 4 0 167
17:54:24 4 0 165
17:54:54 4 0 166
17:55:24 4 0 165
17:55:54 4 0 165
17:56:24 4 0 165
17:56:54 4 0 165
17:57:25 4 0 165
17:57:55 4 0 165
17:58:25 4 0 165
17:58:55 4 0 165
17:59:25 4 0 166
17:59:55 4 0 167
18:00:25 4 0 165
18:00:56 4 0 165
18:01:26 4 0 165
18:01:56 4 0 165
18:02:26 4 0 165
18:02:56 4 0 165
18:03:27 4 0 165
18:03:57 4 0 165
18:04:27 4 0 165
18:04:57 4 0 165
18:05:28 4 0 165
18:05:58 4 0 165
18:06:28 4 0 165
18:06:58 4 0 165
18:07:28 4 0 165
18:07:58 4 0 165
18:08:28 4 0 173
18:08:58 4 0 165
18:09:29 4 0 166
18:10:00 3 1 166
18:10:29 4 0 165
18:10:59 4 0 166
18:11:29 4 0 165
18:11:59 4 0 165
18:12:29 4 0 165
18:13:00 4 0 165
18:13:30 4 0 165
18:14:00 4 0 166
18:14:30 4 0 165
18:15:00 4 0 168
18:15:30 4 0 165
18:16:00 4 0 165
18:16:31 4 0 165
18:17:01 4 0 165
18:17:31 4 0 165
18:18:01 4 0 165
18:18:31 4 0 165
18:19:01 4 0 165
18:19:31 4 0 167
18:20:01 4 0 166
18:20:32 4 0 168
18:21:02 4 0 168
18:21:32 4 0 165
18:22:02 4 0 165
18:22:33 4 0 165
18:23:03 4 0 169
18:23:33 4 0 165
18:24:03 4 0 165
18:24:34 4 0 168
18:25:05 3 1 167
18:25:34 4 0 166
18:26:04 4 0 168
18:26:34 4 0 165
18:27:04 4 0 186
18:27:35 4 0 165
18:28:05 3 1 168
18:28:37 2 2 169
18:29:05 4 0 178
18:29:35 4 0 168
18:30:05 4 0 168
18:30:36 4 0 167
18:31:06 4 0 167
18:31:36 4 0 167
18:32:07 4 0 432
18:32:39 2 2 500
18:33:06 4 0 165
18:33:37 4 0 169
18:34:07 4 0 166
18:34:38 4 0 165
18:35:08 4 0 167
18:35:38 4 0 165
18:36:08 4 0 164
18:36:38 4 0 167
18:37:09 3 1 168
18:37:38 4 0 164
18:38:08 4 0 169
18:38:39 4 0 168
18:39:09 4 0 165
18:39:39 4 0 166
18:40:09 4 0 166
18:40:39 4 0 165
18:41:09 4 0 164
18:41:39 4 0 177
18:42:09 4 0 164
18:42:40 4 0 165
18:43:12 3 1 586
18:43:42 3 1 492
18:44:10 4 0 165
18:44:40 4 0 165
18:45:10 4 0 165
18:45:40 4 0 164
18:46:10 4 0 165
18:46:40 4 0 165
18:47:11 4 0 165
18:47:41 4 0 166
18:48:13 3 1 491
18:48:43 2 2 487
18:49:11 4 0 167
18:49:41 4 0 164
18:50:11 4 0 165
18:50:41 4 0 168
18:51:11 4 0 165
18:51:42 4 0 165
18:52:12 4 0 165
18:52:42 4 0 164
18:53:12 4 0 164
18:53:43 4 0 165
18:54:13 4 0 164
18:54:43 4 0 164
18:55:13 4 0 164
18:55:44 4 0 164
18:56:14 4 0 164
18:56:44 4 0 164
18:57:14 4 0 164
18:57:44 4 0 164
18:58:14 4 0 164
18:58:44 4 0 164
18:59:14 4 0 164
18:59:44 4 0 164
19:00:14 4 0 164
19:00:45 4 0 164
19:01:15 4 0 165
19:01:45 4 0 164
19:02:15 4 0 165
19:02:45 4 0 164
19:03:15 4 0 166
19:03:45 4 0 164
19:04:15 4 0 164
19:04:46 4 0 167
19:05:16 4 0 165
19:05:46 4 0 164
19:06:16 4 0 164
19:06:46 4 0 164
19:07:16 4 0 164
19:07:46 4 0 164
19:08:16 4 0 164
19:08:46 4 0 164
19:09:16 4 0 166
19:09:47 4 0 164
19:10:17 4 0 164
19:10:47 4 0 164
19:11:17 4 0 164
19:11:47 4 0 164
19:12:17 4 0 164
19:12:48 4 0 165
19:13:18 4 0 165
19:13:48 4 0 164
19:14:18 4 0 165
19:14:48 4 0 165
19:15:18 4 0 165
19:15:48 4 0 165
19:16:18 4 0 164
19:16:48 4 0 168
19:17:18 4 0 165
19:17:49 3 1 164
19:18:19 4 0 165
19:18:49 4 0 168
19:19:19 4 0 167
19:19:49 4 0 165
19:20:19 4 0 166
19:20:49 4 0 166
19:21:19 4 0 165
19:21:49 4 0 165
19:22:19 4 0 165
19:22:50 4 0 165
19:23:20 4 0 167
19:23:50 4 0 165
19:24:20 4 0 165
19:24:50 4 0 165
19:25:20 4 0 165
19:25:50 4 0 165
19:26:20 4 0 166
19:26:50 4 0 166
19:27:20 4 0 165
19:27:51 4 0 165
19:28:21 4 0 165
19:28:51 4 0 165
19:29:21 4 0 165
19:29:51 4 0 167
19:30:21 4 0 165
19:30:51 4 0 165
19:31:21 4 0 166
19:31:51 4 0 165
19:32:22 4 0 165
19:32:52 4 0 165
19:33:22 4 0 164
19:33:52 4 0 166
19:34:22 4 0 165
19:34:53 4 0 166
19:35:23 4 0 164
19:35:53 4 0 166
19:36:23 4 0 165
19:36:53 4 0 165
19:37:23 4 0 165
19:37:53 4 0 165
19:38:23 4 0 167
19:38:53 4 0 165
19:39:24 4 0 167
19:39:54 4 0 165
19:40:24 4 0 165
19:40:54 4 0 167
19:41:24 4 0 166
19:41:54 4 0 165
19:42:24 4 0 166
19:42:54 4 0 165
19:43:24 4 0 166
19:43:55 4 0 165
19:44:25 4 0 165
19:44:55 4 0 165
19:45:25 4 0 166
19:45:55 4 0 165
19:46:25 4 0 165
19:46:55 4 0 165
19:47:26 3 1 165
19:47:55 4 0 165
19:48:25 4 0 167
19:48:56 4 0 168
19:49:26 4 0 165
19:49:56 4 0 165
19:50:26 4 0 165
19:50:56 4 0 165
19:51:26 4 0 165
19:51:56 4 0 165
19:52:26 4 0 196
19:52:56 4 0 168
19:53:26 4 0 164
19:53:57 4 0 165
19:54:27 4 0 165
19:54:57 4 0 164
19:55:27 4 0 165
19:55:57 4 0 165
19:56:27 4 0 165
19:56:57 4 0 165
19:57:27 4 0 165
19:57:58 4 0 165
19:58:28 4 0 165
19:58:58 4 0 168
19:59:28 4 0 165
19:59:58 4 0 168
20:00:28 4 0 165
20:00:58 4 0 165
20:01:28 4 0 165
20:01:59 4 0 196
20:02:28 4 0 165
20:02:59 4 0 165
20:03:29 4 0 166
20:03:59 4 0 164
20:04:29 4 0 165
20:04:59 4 0 168
20:05:29 4 0 165
20:05:59 4 0 165
20:06:29 4 0 165
20:06:59 4 0 167
20:07:29 4 0 165
20:08:00 4 0 165
20:08:30 4 0 165
20:09:00 4 0 164
20:09:30 4 0 165
20:10:00 4 0 169
20:10:30 4 0 165
20:11:00 4 0 165
20:11:30 4 0 164
20:12:00 4 0 164
20:12:30 4 0 165
20:13:01 4 0 166
20:13:31 4 0 167
20:14:01 4 0 165
20:14:31 4 0 165
20:15:01 4 0 165
20:15:31 4 0 165
20:16:01 4 0 167
20:16:31 4 0 167
20:17:01 4 0 165
20:17:31 4 0 164
20:18:02 4 0 166
20:18:32 4 0 168
20:19:02 4 0 165
20:19:33 3 1 169
20:20:02 4 0 166
20:20:32 4 0 169
20:21:02 4 0 167
20:21:32 4 0 164
20:22:03 4 0 164
20:22:33 4 0 165
20:23:03 4 0 166
20:23:33 4 0 165
20:24:03 4 0 165
20:24:33 4 0 165
20:25:03 4 0 165
20:25:33 4 0 165
20:26:04 4 0 165
20:26:34 4 0 165
20:27:04 4 0 165
20:27:34 4 0 165
20:28:04 4 0 164
20:28:34 4 0 165
20:29:04 4 0 185
20:29:34 4 0 165
20:30:05 3 1 164
20:30:35 3 1 164
20:31:05 4 0 164
20:31:35 4 0 164
20:32:05 4 0 164
20:32:35 4 0 164
20:33:05 4 0 164
20:33:35 4 0 166
20:34:05 4 0 166
20:34:35 4 0 165
20:35:06 4 0 166
20:35:36 4 0 165
20:36:06 4 0 166
20:36:36 4 0 164
20:37:06 4 0 166
20:37:36 4 0 165
20:38:07 3 1 165
20:38:36 4 0 166
20:39:06 4 0 164
20:39:36 4 0 165
20:40:07 4 0 165
20:40:37 4 0 164
20:41:07 4 0 164
20:41:37 4 0 164
20:42:07 4 0 166
20:42:37 4 0 164
20:43:08 3 1 165
20:43:37 4 0 164
20:44:07 4 0 165
20:44:37 4 0 165
20:45:08 4 0 165
20:45:38 4 0 164
20:46:08 4 0 165
20:46:38 4 0 164
20:47:09 3 1 165
20:47:38 4 0 164
20:48:08 4 0 166
20:48:38 4 0 165
20:49:09 4 0 195
20:49:39 4 0 164
20:50:09 4 0 165
20:50:39 4 0 165
20:51:09 4 0 165
20:51:39 4 0 164
20:52:09 4 0 164
20:52:39 4 0 165
20:53:09 4 0 175
20:53:39 4 0 165
20:54:10 4 0 164
20:54:40 4 0 164
20:55:10 4 0 167
20:55:40 4 0 164
20:56:10 4 0 165
20:56:40 4 0 164
20:57:10 4 0 164
20:57:40 4 0 165
20:58:10 4 0 164
20:58:40 4 0 164
20:59:11 4 0 165
20:59:41 4 0 165
21:00:11 4 0 174
21:00:42 3 1 165
21:01:11 4 0 164
21:01:41 4 0 166
21:02:11 4 0 164
21:02:41 4 0 164
21:03:12 4 0 164
21:03:42 4 0 164
21:04:12 4 0 164
21:04:42 4 0 165
21:05:12 4 0 164
21:05:42 4 0 166
21:06:12 4 0 164
21:06:42 4 0 167
21:07:13 4 0 169
21:07:43 4 0 164
21:08:13 4 0 165
21:08:43 4 0 164
21:09:14 4 0 164
21:09:44 4 0 164
21:10:14 4 0 164
21:10:44 4 0 165
21:11:14 4 0 166
21:11:44 4 0 195
21:12:14 4 0 164
21:12:44 4 0 164
21:13:15 4 0 164
21:13:45 4 0 165
21:14:15 4 0 164
21:14:45 4 0 166
21:15:15 4 0 165
21:15:45 4 0 164
21:16:15 4 0 165
21:16:45 4 0 168
21:17:15 4 0 172
21:17:45 4 0 164
21:18:16 4 0 164
21:18:46 4 0 164
21:19:16 4 0 166
21:19:46 4 0 169
21:20:16 4 0 169
21:20:46 4 0 168
21:21:17 4 0 165
21:21:47 4 0 165
21:22:17 4 0 164
21:22:47 4 0 165
21:23:17 4 0 167
21:23:47 4 0 167
21:24:17 4 0 164
21:24:48 3 1 167
21:25:17 4 0 167
21:25:47 4 0 165
21:26:18 4 0 168
21:26:48 4 0 166
21:27:19 4 0 167
21:27:49 4 0 167
21:28:19 4 0 165
21:28:49 4 0 165
21:29:19 4 0 165
21:29:49 4 0 165
21:30:20 4 0 165
21:30:50 4 0 165
21:31:20 4 0 164
21:31:50 4 0 165
21:32:20 4 0 165
21:32:51 3 1 167
21:33:20 4 0 164
21:33:50 4 0 165
21:34:20 4 0 166
21:34:50 4 0 167
21:35:21 4 0 164
21:35:51 4 0 164
21:36:21 4 0 164
21:36:51 4 0 166
21:37:21 4 0 164
21:37:51 4 0 164
21:38:21 4 0 164
21:38:51 4 0 165
21:39:21 4 0 165
21:39:51 4 0 165
21:40:22 4 0 164
21:40:52 4 0 164
21:41:22 4 0 164
21:41:52 4 0 165
21:42:22 4 0 167
21:42:52 4 0 183
21:43:22 4 0 167
21:43:52 4 0 165
21:44:23 4 0 164
21:44:53 4 0 165
21:45:23 4 0 165
21:45:53 4 0 165
21:46:23 4 0 165
21:46:53 4 0 165
21:47:23 4 0 164
21:47:53 4 0 165
21:48:24 4 0 164
21:48:54 4 0 164
21:49:24 4 0 165
21:49:54 4 0 165
21:50:24 4 0 165
21:50:54 4 0 164
21:51:24 4 0 166
21:51:54 4 0 166
21:52:25 4 0 165
21:52:55 4 0 165
21:53:25 4 0 167
21:53:55 4 0 165
21:54:25 4 0 165
21:54:55 4 0 164
21:55:25 4 0 164
21:55:55 4 0 166
21:56:25 4 0 165
21:56:55 4 0 164
21:57:26 4 0 165
21:57:56 4 0 164
21:58:26 4 0 164
21:58:56 4 0 164
21:59:26 4 0 164
21:59:56 4 0 164
22:00:27 4 0 164
22:00:57 4 0 164
22:01:27 4 0 164
22:01:57 4 0 164
22:02:27 4 0 165
22:02:57 4 0 165
22:03:27 4 0 164
22:03:57 4 0 165
22:04:28 4 0 165
22:04:58 4 0 165
22:05:28 4 0 165
22:05:58 4 0 165
22:06:28 4 0 165
22:06:59 4 0 165
22:07:29 4 0 165
22:07:59 4 0 164
22:08:30 4 0 165
22:09:00 4 0 165
22:09:30 4 0 165
22:10:00 4 0 165
22:10:30 4 0 165
22:11:00 4 0 165
22:11:30 4 0 165
22:12:00 4 0 165
22:12:31 4 0 165
22:13:01 4 0 168
22:13:31 4 0 165
22:14:01 4 0 165
22:14:31 4 0 164
22:15:01 4 0 166
22:15:31 4 0 165
22:16:01 4 0 164
22:16:32 4 0 165
22:17:02 4 0 164
22:17:32 4 0 165
22:18:02 4 0 164
22:18:32 4 0 164
22:19:02 4 0 165
22:19:32 4 0 199
22:20:02 4 0 164
22:20:32 4 0 164
22:21:03 3 1 166
22:21:33 4 0 165
22:22:03 4 0 164
22:22:33 4 0 165
22:23:03 4 0 164
22:23:33 4 0 164
22:24:03 4 0 164
22:24:33 4 0 164
22:25:03 4 0 164
22:25:34 4 0 164
22:26:04 4 0 164
22:26:34 4 0 164
22:27:04 4 0 164
22:27:34 4 0 165
22:28:04 4 0 164
22:28:34 4 0 165
22:29:05 4 0 169
22:29:35 4 0 165
22:30:05 4 0 203
22:30:35 4 0 164
22:31:05 4 0 165
22:31:35 4 0 165
22:32:05 4 0 166
22:32:35 4 0 164
22:33:06 3 1 164
22:33:36 4 0 165
22:34:06 4 0 164
22:34:36 4 0 164
22:35:06 4 0 164
22:35:36 4 0 164
22:36:06 4 0 164
22:36:36 4 0 164
22:37:06 4 0 165
22:37:37 4 0 164
22:38:07 4 0 164
22:38:37 4 0 164
22:39:07 4 0 164
22:39:37 4 0 164
22:40:07 4 0 164
22:40:38 4 0 164
22:41:08 4 0 165
22:41:38 4 0 165
22:42:08 4 0 166
22:42:38 4 0 164
22:43:08 4 0 164
22:43:39 4 0 165
22:44:09 4 0 165
22:44:39 4 0 164
22:45:09 4 0 165
22:45:39 4 0 164
22:46:09 4 0 164
22:46:39 4 0 164
22:47:09 4 0 165
22:47:39 4 0 167
22:48:10 4 0 165
22:48:40 4 0 164
22:49:10 4 0 165
22:49:40 4 0 165
22:50:10 4 0 165
22:50:40 4 0 165
22:51:10 4 0 165
22:51:40 4 0 166
22:52:10 4 0 165
22:52:41 4 0 167
22:53:11 4 0 165
22:53:41 4 0 165
22:54:11 4 0 165
22:54:41 4 0 167
22:55:11 4 0 165
22:55:41 4 0 165
22:56:11 4 0 167
22:56:42 4 0 165
22:57:12 4 0 165
22:57:42 4 0 165
22:58:12 4 0 165
22:58:42 4 0 165
22:59:12 4 0 164
22:59:43 4 0 165
23:00:13 4 0 165
23:00:43 4 0 165
23:01:13 4 0 165
23:01:43 4 0 165
23:02:13 4 0 165
23:02:43 4 0 165
23:03:13 4 0 167
23:03:44 4 0 165
23:04:14 4 0 165
23:04:44 4 0 164
23:05:14 4 0 165
23:05:44 4 0 165
23:06:14 4 0 164
23:06:44 4 0 167
23:07:14 4 0 164
23:07:45 4 0 164
23:08:15 4 0 164
23:08:45 4 0 164
23:09:15 4 0 164
23:09:45 4 0 200
23:10:15 4 0 166
23:10:45 4 0 165
23:11:16 4 0 212
23:11:46 4 0 165
23:12:16 4 0 165
23:12:46 4 0 165
23:13:16 4 0 166
23:13:46 4 0 164
23:14:16 4 0 164
23:14:46 4 0 167
23:15:16 4 0 167
23:15:47 4 0 165
23:16:17 4 0 165
23:16:47 4 0 165
23:17:17 4 0 165
23:17:47 4 0 165
23:18:17 4 0 165
23:18:47 4 0 165
23:19:17 4 0 165
23:19:48 4 0 165
23:20:18 4 0 170
23:20:48 4 0 164
23:21:18 4 0 164
23:21:48 4 0 174
23:22:18 4 0 165
23:22:49 4 0 165
23:23:19 4 0 165
23:23:49 4 0 164
23:24:19 4 0 165
23:24:49 4 0 164
23:25:19 4 0 165
23:25:49 4 0 165
23:26:19 4 0 165
23:26:50 4 0 165
23:27:20 4 0 165
23:27:50 4 0 165
23:28:20 4 0 167
23:28:50 4 0 164
23:29:20 4 0 164
23:29:50 4 0 164
23:30:20 4 0 164
23:30:51 4 0 165
23:31:21 4 0 164
23:31:51 4 0 166
23:32:21 4 0 167
23:32:51 4 0 170
23:33:21 4 0 167
23:33:51 4 0 164
23:34:21 4 0 165
23:34:52 4 0 165
23:35:22 4 0 165
23:35:52 4 0 164
23:36:22 4 0 164
23:36:52 4 0 164
23:37:22 4 0 164
23:37:52 4 0 165
23:38:23 4 0 165
23:38:53 4 0 168
23:39:23 4 0 165
23:39:53 4 0 168
23:40:23 4 0 165
23:40:53 4 0 168
23:41:23 4 0 167
23:41:54 4 0 164
23:42:24 4 0 164
23:42:54 4 0 165
23:43:24 4 0 164
23:43:55 4 0 173
23:44:25 4 0 165
23:44:55 4 0 164
23:45:25 4 0 164
23:45:55 4 0 164
23:46:25 4 0 165
23:46:56 4 0 164
23:47:26 4 0 165
23:47:56 4 0 164
23:48:27 4 0 164
23:48:57 4 0 164
23:49:27 4 0 165
23:49:58 4 0 168
23:50:28 4 0 164
23:50:58 4 0 164
23:51:28 4 0 168
23:51:59 4 0 165
23:52:29 4 0 165
23:53:00 4 0 165
23:53:30 4 0 165
23:54:01 4 0 165
23:54:31 4 0 165
23:55:01 4 0 165
23:55:32 4 0 165
23:56:03 4 0 165
23:56:33 4 0 165
23:57:03 4 0 165
23:57:34 4 0 166
23:58:04 4 0 165
23:58:34 4 0 165
23:59:05 4 0 165
23:59:36 4 0 165
