00:01:42 290423 75063
00:02:55 63743 26439
00:03:35 52097 19017
00:04:35 78264 82587
00:05:33 34349 17113
00:06:34 85369 30416
00:07:34 75354 39356
02:00:07 22644 15425
02:01:08 220422 336092
02:02:08 176427 67577
02:03:09 52446 26080
02:04:09 117386 315630
02:05:10 127872 307555
02:06:10 27418 258073
02:07:10 73330 286522
02:08:15 106696 312113
02:09:11 69529 282058
02:10:12 28709 103882
02:11:15 139473 265285
02:12:22 17702 267246
02:13:13 87723 36692
02:14:23 43856 19608
02:15:14 97499 37133
02:16:14 36868 20858
02:17:15 55415 45344
02:18:15 84970 32707
02:19:16 68963 30252
02:20:16 80795 33333
02:21:16 62997 27457
02:22:17 29859 20030
02:23:17 44753 30810
02:24:17 35115 25394
02:25:18 49820 24538
02:26:18 112536 36300
02:27:19 65406 39018
02:28:19 111790 39529
02:29:20 114730 37012
02:30:20 63806 32271
02:31:21 57692 29040
02:32:21 62101 31705
02:33:22 83799 32391
02:34:22 107519 65286
02:35:25 155001 44513
02:36:22 115060 38398
02:37:23 78965 29887
02:38:23 24629 15180
02:39:24 267427 80224
02:40:24 44877 24495
02:41:25 73702 31163
02:42:25 71798 36486
02:43:25 91912 33889
02:44:26 37240 18370
02:45:26 64030 26558
02:46:26 159209 52338
02:47:27 88357 32583
02:48:27 40222 22575
02:49:31 88377 31515
02:50:28 26170 18379
02:51:28 42712 19602
02:52:33 60357 23574
02:53:29 93186 35794
02:54:30 68455 24674
02:55:30 83066 30628
02:56:31 70755 30229
02:57:36 111821 41120
02:58:31 64941 27424
02:59:41 127182 44232
03:00:32 110815 36643
03:01:32 51860 20016
03:02:33 84622 28206
03:03:33 156363 46692
03:04:34 65877 26773
03:05:34 54486 25284
03:06:35 107532 38882
03:07:36 40943 37217
03:08:36 82322 58474
03:09:37 193307 60458
03:10:37 40980 18870
03:11:38 31208 18115
03:12:38 75931 28852
03:13:38 67876 25414
03:14:38 74599 30745
03:15:39 39015 22735
03:16:39 147272 43493
03:17:54 63987 21806
03:18:40 51288 20327
03:19:40 65012 22682
03:20:41 90082 29261
03:21:41 49898 21913
03:22:41 112705 39386
03:23:41 98344 33935
03:24:42 76940 27662
03:25:42 23220 21754
03:26:43 43050 27025
03:27:43 155858 47949
03:28:43 74034 30908
03:29:44 19610 17098
03:30:44 77438 26059
03:31:44 93328 28873
03:32:45 112571 33925
03:33:45 82812 27961
03:34:45 63725 26630
03:35:46 77075 26306
03:36:46 74833 27528
03:37:46 92834 30717
03:38:47 86634 27552
03:39:47 60982 20339
03:40:47 79485 26130
03:41:48 106087 42176
03:42:48 101786 31503
03:43:49 80504 27987
03:44:49 66960 23595
03:45:49 83732 31126
03:46:49 84589 30681
03:47:50 71099 24664
03:48:50 86899 29015
03:49:50 68109 23084
03:50:51 68421 25187
03:51:51 84782 29732
03:52:51 120346 39690
03:53:52 23158 12727
03:54:52 71553 27016
03:55:53 74634 22937
03:56:53 58173 23603
03:57:53 79070 291907
03:58:53 103317 266156
03:59:54 44914 32773
04:00:54 70906 299815
04:01:54 102496 200865
04:02:55 79310 255989
04:03:55 122640 427663
04:04:55 84660 326173
04:05:56 72572 568079
04:06:56 61954 371389
04:07:57 66319 700463
04:08:57 76570 719805
04:09:57 118406 732486
04:10:58 76465 459344
04:11:58 75622 203742
04:13:01 82035 664972
04:14:02 59074 396545
04:15:03 60236 98466
04:15:59 49500 54717
04:17:00 77036 273481
04:18:00 71963 143587
04:19:00 75381 325834
04:20:01 72387 227089
04:21:01 68686 240353
04:22:01 70098 315443
04:23:02 68365 296528
04:24:02 91908 1164055
04:25:02 60120 315203
04:26:03 103026 489069
04:27:03 81880 297621
04:28:03 59721 585770
04:29:04 54369 468799
04:30:04 66558 768998
04:31:05 91593 846695
04:32:05 98935 951332
04:33:05 84858 928998
04:34:05 81085 845982
04:35:06 79224 569131
04:36:06 72365 607547
04:37:06 92210 613720
04:38:07 52447 223732
04:39:07 104885 691948
04:40:08 72590 765274
04:41:08 61325 424707
04:42:08 52192 444201
04:43:09 92317 465805
04:44:09 67482 432397
04:45:09 58625 449953
04:46:10 56927 370181
04:47:10 56608 127831
04:48:10 74282 172475
04:49:09 -1 -1
04:50:11 46605 214112
04:51:11 66535 241353
04:52:12 64543 124940
04:53:12 56195 173468
04:54:12 54826 152570
04:55:13 51393 85617
04:56:13 25856 454366
04:57:13 43479 390909
04:58:14 75570 409536
04:59:14 73547 457227
05:00:14 61550 490985
05:01:15 40632 787966
05:02:15 59083 704774
05:03:15 67376 816463
05:04:16 31554 1072071
05:05:16 48155 321721
05:06:16 85688 316339
05:07:17 106463 590339
05:08:17 63197 299097
05:09:18 66406 564532
05:10:18 54602 227180
05:11:18 55291 485298
05:12:19 60115 549781
05:13:19 71440 358776
05:14:19 69025 574693
05:15:20 62962 795719
05:16:20 56183 537248
05:17:20 52846 501029
05:18:21 69433 586174
05:19:21 59361 616470
05:20:22 57536 611456
05:21:22 44966 294209
05:22:22 48875 325212
05:23:23 43162 333308
05:24:23 49836 320716
05:25:23 53520 347377
05:26:24 61898 483013
05:27:24 69169 837833
05:28:24 63882 824105
05:29:25 51361 829767
05:30:25 34079 776423
05:31:25 28126 863936
05:32:26 67868 840050
05:33:26 40504 793176
05:34:26 49746 870028
05:35:27 54067 825316
05:36:27 63970 928949
05:37:27 58140 962636
05:38:28 62588 1220253
05:39:28 51483 1180101
05:40:28 38897 934431
05:41:29 41526 1067488
05:42:29 65473 784168
05:43:29 56798 1010417
05:44:30 54654 819908
05:45:30 58668 627988
05:46:30 55683 306405
05:47:31 50955 778718
05:48:31 56059 828259
05:49:31 38841 549030
05:50:32 48999 819867
05:51:32 55560 548252
05:52:32 34877 783615
05:53:33 52510 614125
05:54:33 44018 651139
05:55:34 50313 778953
05:56:34 47792 1089365
05:57:34 66308 435044
05:58:34 47794 551696
05:59:35 45248 502674
06:00:35 57510 554710
06:01:36 45083 404971
06:02:36 55026 540152
06:03:37 24601 422181
06:04:37 36644 478767
06:05:38 67874 787994
06:06:38 47167 818879
06:07:38 35826 765667
06:08:39 45259 881305
06:09:39 45660 539944
06:10:39 22735 797633
06:11:40 28165 564627
06:12:40 52240 789595
06:13:41 46419 799044
06:14:41 54591 794903
06:15:41 74039 693681
06:16:42 28524 610079
06:17:42 46667 835261
06:18:42 38732 791602
06:19:43 41421 843869
06:20:43 48145 1056009
06:21:43 36179 892115
06:22:44 44545 1085902
06:23:44 47184 1076153
06:24:44 40197 868656
06:25:45 46613 886365
06:26:45 42362 870133
06:27:45 56518 976038
06:28:46 46134 777993
06:29:46 34439 895248
06:30:47 40760 919593
06:31:47 34379 726960
06:32:47 46141 848137
06:33:47 65646 914236
06:34:48 61604 790438
06:35:48 44103 527926
06:36:49 20855 345188
06:37:49 50291 560063
06:38:49 42740 536889
06:39:49 28479 441456
06:40:50 31278 321924
06:41:50 36010 395490
06:42:50 53625 429775
06:43:51 42350 412633
06:44:51 41813 543604
06:45:51 52360 648910
06:46:52 34050 617386
06:47:52 39475 617605
06:48:52 46232 620259
06:49:53 39716 345439
06:50:53 36565 574842
06:51:54 111365 650984
06:52:54 40727 631970
06:53:54 31536 625310
06:54:54 35687 660114
06:55:55 42180 620660
06:56:55 30798 600674
06:57:55 40927 613818
06:58:56 45881 387766
06:59:56 29168 106299
07:00:56 43880 634089
07:01:57 38529 629792
07:02:57 44769 609569
07:03:57 23257 387782
07:04:58 31341 428540
07:05:58 33236 576417
07:06:58 40344 385397
07:07:59 39340 396668
07:08:59 31203 377887
07:09:59 49247 132314
07:11:00 29606 263627
07:12:00 47061 133647
07:13:00 30071 362034
07:14:01 29443 81812
07:15:01 31651 110264
07:16:02 28373 123796
07:17:02 31730 138055
07:18:02 55895 417459
07:19:02 56345 401519
07:20:03 37688 363964
07:21:03 39133 389723
07:22:04 32718 377831
07:23:04 30493 396697
07:24:04 34513 104051
07:25:05 45247 133059
07:26:05 27724 128614
07:27:05 32695 375327
07:28:06 74313 376836
07:29:06 23533 386877
07:30:06 36532 376037
07:31:07 44900 369531
07:32:07 27514 388119
07:33:07 34749 379947
07:34:08 37084 366413
07:35:08 31443 372395
07:36:08 29017 98768
07:37:09 30442 113991
07:38:09 28993 164367
07:39:09 29798 103958
07:40:10 35535 130853
07:41:10 35950 114180
07:42:10 23347 114217
07:43:11 22345 110718
07:44:11 38112 130908
07:45:11 12467 192407
07:46:12 50313 157910
07:47:12 22588 206704
07:48:12 14479 230258
07:49:13 41707 645743
07:50:13 34515 412841
07:51:13 31957 449704
07:52:14 27618 110033
07:53:14 26579 375308
07:54:14 29809 391077
07:55:14 45178 400021
07:56:15 27681 376023
07:57:15 29110 376201
07:58:16 30963 380946
07:59:16 31635 389438
08:00:16 26796 128698
08:01:16 32253 105154
08:02:17 19043 110935
08:03:17 7288 98386
08:04:17 10274 98337
08:05:18 26414 36361
08:06:21 32178 111419
08:07:18 24456 108796
08:08:18 15407 106888
08:09:19 48680 116602
08:10:19 23959 110292
08:11:19 10361 105017
08:12:20 16804 107593
08:13:20 21644 102670
08:14:20 22858 103705
08:15:21 31331 102626
08:16:21 27118 99013
08:17:21 17224 105717
08:18:22 22995 103476
08:19:22 32577 112442
08:20:22 11875 105243
08:21:23 36001 96383
08:22:23 31599 104421
08:23:24 32518 106428
08:24:24 23405 106632
08:25:25 32056 111907
08:26:25 30965 40879
08:27:25 28190 112666
08:28:26 20801 107850
08:29:26 20650 109677
08:30:26 26411 103302
08:31:27 18296 106382
08:32:27 21334 78639
08:33:27 28390 110921
08:34:27 25138 100704
08:35:28 32137 112950
08:36:28 20916 52766
08:37:28 30321 116691
08:38:29 33957 95889
08:39:29 22441 112382
08:40:29 15815 107822
08:41:30 30053 112222
08:42:30 27083 100086
08:43:31 28504 111634
08:44:31 43242 101082
08:45:31 18167 108302
08:46:32 25274 110265
08:47:32 40059 113553
08:48:32 30164 111746
08:49:33 26580 122072
08:50:33 42431 109390
08:51:33 17976 107008
08:52:34 30439 93164
08:53:34 20136 106118
08:54:34 21125 108989
08:55:36 24688 111936
08:56:36 26729 27793
08:57:36 31473 111004
08:58:37 30417 107716
08:59:37 29928 111914
09:00:37 18472 10913
09:01:38 21342 17259
09:02:38 21095 15844
09:03:38 37132 25620
09:04:38 24491 15319
09:05:39 33205 187828
09:06:39 18135 13450
09:07:39 26447 15040
09:08:39 33658 15514
09:09:40 16797 11011
09:10:40 38724 14230
09:11:40 18134 10496
09:12:40 22502 15512
09:13:41 24537 12840
09:14:41 43912 23651
09:15:41 27801 14838
09:16:42 17138 11490
09:17:42 36209 17339
09:18:42 28118 12717
09:19:43 38351 15235
09:20:43 17271 10796
09:21:43 29220 17148
09:22:44 33313 17564
09:23:44 25251 15231
09:24:44 28274 15761
09:25:44 30420 18472
09:26:48 14519 13237
09:27:45 10042 9421
09:28:45 24531 15735
09:29:45 22749 12241
09:30:46 19931 11696
09:31:46 37133 15080
09:32:46 25558 11123
09:33:47 22665 15545
09:34:47 15862 13387
09:35:47 19227 11388
09:36:48 18562 11925
09:37:48 27233 19176
09:38:49 27493 16667
09:39:49 21123 16488
09:40:49 34225 15896
09:41:50 18792 11251
09:42:50 35708 17669
09:43:50 19656 18973
09:44:50 49643 26069
09:45:50 30661 17919
09:46:51 18490 15041
09:47:51 20615 13353
09:48:51 26918 15426
09:49:52 19077 12195
09:50:52 31099 15068
09:51:52 15495 11799
09:52:52 20690 12825
09:53:52 14622 11222
09:54:53 30565 15388
09:55:53 25186 16847
09:56:53 14090 14449
09:57:53 17806 11287
09:58:54 28344 15675
09:59:54 23787 87040
10:00:54 36057 16424
10:01:54 32209 17666
10:02:58 40944 20054
10:03:55 12340 13404
10:04:55 26541 14207
10:05:55 21951 12524
10:06:55 21154 14136
10:07:56 24489 14335
10:08:56 19626 10850
10:09:56 26654 14209
10:10:57 23435 14527
10:11:57 27714 16938
10:12:57 38822 36967
10:13:57 19776 12302
10:14:58 16583 14014
10:15:58 28891 15618
10:17:01 25163 17816
10:17:58 153781 20382
10:18:59 23200 11252
10:19:59 34186 20746
10:21:00 22476 13335
10:22:00 24080 12473
10:23:01 15827 13077
10:24:05 20893 11643
10:25:03 30034 15306
10:26:03 24300 14122
10:27:04 32515 15116
10:28:04 20421 12836
10:29:04 17432 10874
10:30:05 37564 16390
10:31:05 21291 12709
10:32:05 17869 13325
10:33:09 36793 21599
10:34:06 43162 19540
10:35:06 21957 15604
10:36:06 25014 14654
10:37:07 28336 18229
10:38:07 27336 13994
10:39:11 29305 15120
10:40:08 20656 12109
10:41:13 27903 18673
10:42:09 20963 13300
10:43:10 25156 12840
10:44:10 33143 19727
10:45:10 50641 22547
10:46:11 24251 13435
10:47:11 15626 12345
10:48:11 30446 19611
10:49:12 29970 13377
10:50:12 30102 17085
10:51:12 22208 13902
10:52:13 15149 10988
10:53:13 24491 14080
10:54:13 22916 13795
10:55:14 35745 22010
10:56:15 17966 14711
10:57:15 27933 14931
10:58:17 21851 15004
10:59:16 30674 14879
11:00:17 17798 12746
11:01:17 23695 12721
11:02:17 31651 14280
11:03:21 20994 13220
11:04:18 20771 14080
11:05:18 45864 26240
11:06:19 27162 16563
11:07:22 30776 16260
11:08:20 20415 12503
11:09:20 17137 10865
11:10:23 37160 16837
11:11:21 35172 16249
11:12:21 17815 11413
11:13:21 21213 11894
11:14:22 31051 14458
11:15:23 25685 11666
11:16:23 28233 17232
11:17:24 32615 15004
11:18:24 14344 9234
11:19:24 25733 13065
11:20:25 58238 29439
11:21:25 13913 13664
11:22:25 31507 16103
11:23:25 17636 11692
11:24:26 39169 21201
11:25:26 40561 18955
11:26:26 27183 13641
11:27:26 24167 12708
11:28:27 20197 12217
11:29:27 21949 10956
11:30:27 25217 11864
11:31:27 17009 12793
11:32:27 35434 21847
11:33:28 31734 14661
11:34:29 27272 12642
11:35:30 22435 13136
11:36:30 61890 14413
11:37:30 32269 17860
11:38:31 24931 14007
11:39:31 10667 12780
11:40:31 26425 12011
11:41:31 30547 15128
11:42:32 37499 17134
11:43:32 34392 17670
11:44:36 26067 13940
11:45:33 35285 15788
11:46:34 27214 13276
11:47:34 28968 14706
11:48:35 14212 9810
11:49:35 48907 32945
11:50:35 27045 15063
11:51:36 29943 15170
11:52:39 49410 31759
11:53:36 36577 18194
11:54:36 30847 13489
11:55:37 27315 17880
11:56:37 26418 25617
11:57:37 21355 13999
11:58:38 26983 16262
11:59:41 23492 12287
12:00:38 30567 15265
12:01:42 35034 21530
12:02:39 31626 22073
12:03:39 35534 15213
12:04:39 35857 16844
12:05:40 35145 15557
12:06:41 32431 19147
12:07:41 27308 13026
12:08:41 31905 15866
12:09:46 21382 11435
12:10:42 35773 17445
12:11:43 37528 17052
12:12:43 25585 15032
12:13:43 33277 16852
12:14:44 31092 15430
12:15:44 46306 40411
12:16:44 23290 12876
12:17:45 27624 17959
12:18:46 13306 9627
12:19:46 59375 23599
12:20:46 44443 19913
12:21:47 77751 65749
12:22:47 34955 15630
12:23:47 35423 14560
12:24:47 37568 14388
12:25:48 29747 14307
12:26:48 35997 19378
12:27:48 47597 18447
12:28:49 27440 14553
12:29:49 43722 17937
12:30:49 48881 23929
12:31:49 36787 20047
12:32:53 43406 35323
12:33:50 32855 19729
12:34:50 33333 15646
12:35:50 21759 12626
12:36:51 32145 18217
12:37:51 43259 19650
12:38:51 32553 14830
12:39:52 29278 14755
12:40:52 31650 15087
12:41:52 29217 14923
12:42:52 27632 15725
12:43:52 39746 18459
12:44:52 31887 15916
12:45:53 39132 19586
12:46:53 35465 22836
12:47:53 29509 21054
12:48:53 28430 18430
12:49:53 53868 29304
12:50:54 35697 17166
12:51:54 32593 20373
12:52:54 26990 15240
12:53:54 30373 12826
12:54:55 26813 22427
12:55:55 55164 28344
12:56:55 30583 16404
12:57:55 41386 20614
12:58:56 28682 15408
12:59:56 30342 19365
13:00:56 46149 20580
13:01:57 34766 14955
13:02:57 34439 20193
13:03:57 42268 19268
13:04:57 37126 15405
13:05:57 36239 16610
13:06:58 32412 15878
13:07:58 34104 17408
13:08:58 27595 16464
13:09:58 32320 18184
13:11:05 30904 23656
13:11:59 39278 20381
13:12:59 77671 22731
13:13:59 23998 17060
13:14:59 39522 22194
13:15:59 34657 23756
13:17:02 39321 20150
13:18:00 35318 18853
13:19:00 52794 27099
13:20:00 60727 27606
13:21:00 43910 20444
13:22:01 31142 17738
13:23:01 32672 14308
13:24:01 51473 20469
13:25:02 42273 21137
13:26:02 48460 20141
13:27:02 38152 17543
13:28:06 51658 22145
13:29:03 44394 23006
13:30:06 38089 18258
13:31:03 42432 17405
13:32:03 47292 20414
13:33:04 59210 27349
13:34:04 44379 19550
13:35:05 25264 16828
13:36:05 40674 21255
13:37:05 48404 21666
13:38:05 49861 21169
13:39:06 38039 19869
13:40:06 52134 23544
13:41:06 41763 181412
13:42:07 47913 21525
13:43:07 61046 21447
13:44:08 38949 15777
13:45:08 46127 20317
13:46:08 38227 16919
13:47:09 40409 19036
13:48:10 60988 23130
13:49:10 33605 19394
13:50:13 64368 23703
13:51:11 38083 16522
13:52:15 44678 19240
13:53:12 40847 19662
13:54:12 55193 23618
13:55:13 48264 19774
13:56:13 47715 20022
13:57:13 57510 29440
13:58:13 59687 34369
13:59:14 69388 30112
14:00:14 55436 23735
14:01:17 45863 22377
14:02:14 41248 17092
14:03:14 56435 21845
14:04:23 57895 32363
14:05:15 48726 22870
14:06:19 55528 21858
14:07:16 50658 20788
14:08:16 62887 23191
14:09:20 44538 19549
14:10:17 76704 30073
14:11:17 56729 26725
14:12:21 39239 24109
14:13:18 46293 25850
14:14:23 49003 22622
14:15:19 45108 20558
14:16:20 50060 24234
14:17:20 55396 20425
14:18:23 60809 24466
14:19:23 60711 23800
14:20:21 32182 17988
14:21:21 26253 15989
14:22:21 55072 23454
14:23:21 42896 20161
14:24:22 51459 22302
14:25:23 56402 20295
14:26:26 63091 25377
14:27:23 41259 19491
14:28:24 38742 17318
14:29:24 39250 17121
14:30:24 42418 20419
14:31:25 44268 20851
14:32:25 58402 22058
14:33:25 55010 25969
14:34:26 49006 17684
14:35:26 80985 31034
14:36:26 43644 18514
14:37:27 54395 25469
14:38:27 46565 20012
14:39:28 61154 24063
14:40:28 30488 17701
14:41:29 46021 21620
14:42:29 56797 21736
14:43:29 65975 24787
14:44:30 67505 26615
14:45:30 36602 17265
14:46:31 45539 22162
14:47:31 53941 23141
14:48:31 73653 27678
14:49:32 38838 25784
14:50:32 43896 19731
14:51:32 64610 25660
14:52:33 47662 19935
14:53:33 46881 23578
14:54:33 43565 20711
14:55:34 57757 22005
14:56:34 63383 23440
14:57:34 41465 18415
14:58:35 47027 19829
14:59:35 49722 25667
15:00:38 38816 18542
15:01:38 27825 17398
15:02:35 35579 18852
15:03:36 62001 26076
15:04:36 47020 21564
15:05:36 88045 31239
15:06:36 54320 24612
15:07:36 61204 24842
15:08:37 50500 53369
15:09:37 55576 23411
15:10:37 78109 31064
15:11:38 66230 20633
15:12:39 55008 22279
15:13:39 78925 28340
15:14:39 55658 21724
15:15:39 42457 22707
15:16:40 41487 21104
15:17:43 53825 20658
15:18:40 88387 41827
15:19:40 59045 24726
15:20:41 50379 19865
15:21:41 73505 24290
15:22:41 67808 26962
15:23:41 56794 25971
15:24:41 39876 22031
15:25:42 55082 24838
15:26:42 66910 42411
15:27:42 69504 26578
15:28:42 70087 29572
15:29:42 39962 19855
15:30:43 41695 21177
15:31:43 60187 24263
15:32:44 60043 25596
15:33:44 77606 30932
15:34:44 43517 17619
15:35:44 65636 25690
15:36:44 51888 19601
15:37:45 66050 24922
15:38:45 53592 23102
15:39:45 61960 23320
15:40:45 96888 32076
15:41:45 56773 22240
15:42:46 65717 26122
15:43:46 55024 22561
15:44:46 99290 40326
15:45:46 55041 22536
15:46:47 78663 28162
15:47:47 48579 18963
15:48:47 58224 22786
15:49:48 69821 23204
15:50:48 64722 25544
15:51:48 53488 21557
15:52:49 73101 30746
15:53:52 96088 32019
15:54:49 85155 27910
15:55:49 53740 29026
15:56:49 74054 26080
15:57:49 80341 26505
15:58:50 70342 27865
16:00:01 48354 21453
16:00:50 56769 176992
16:01:50 55781 24796
16:02:54 48080 18093
16:03:51 59928 42375
16:04:51 81183 29059
16:05:51 40616 20236
16:06:52 56172 28759
16:07:52 74807 35971
16:08:52 52624 20657
16:09:52 55380 21429
16:10:52 64284 24290
16:11:53 64948 30469
16:12:53 55186 21311
16:13:53 66643 24491
16:14:53 71713 23969
16:15:53 50018 24226
16:16:54 60109 21320
16:17:54 60111 26059
16:18:57 64964 26015
16:19:55 46051 23419
16:20:55 95365 31865
16:21:55 73391 26651
16:22:55 58319 23031
16:23:55 58810 20843
16:24:56 63855 28277
16:25:56 89543 38848
16:26:56 78942 28514
16:27:56 54624 22129
16:28:56 78766 28004
16:29:57 56801 21228
16:30:57 51996 18574
16:31:57 58811 36992
16:32:57 70115 24840
16:33:57 87116 28956
16:34:58 64612 24289
16:35:58 68908 25531
16:36:58 63946 23704
16:37:58 50067 24005
16:38:59 57466 22121
16:39:59 62820 22705
16:40:59 66801 25857
16:41:59 115969 34348
16:42:59 71414 23279
16:44:00 60241 19871
16:45:00 51759 17581
16:46:00 93547 28232
16:47:00 60489 23880
16:48:00 72694 29268
16:49:01 64795 22730
16:50:01 85652 31055
16:51:01 49136 20553
16:52:01 44370 25562
16:53:02 67999 30788
16:54:03 71799 25494
16:55:03 71314 26209
16:56:03 102327 58164
16:57:04 52034 23314
16:58:04 61400 26413
16:59:04 93298 32331
17:00:05 60457 37858
17:01:05 45869 18483
17:02:05 68935 25465
17:03:05 107142 33089
17:04:06 30465 18150
17:05:09 17326 11112
17:06:06 120990 37170
17:07:07 96358 34630
17:08:07 35099 19868
17:09:07 53026 24950
17:10:07 55716 22033
17:11:10 135921 40862
17:12:08 45036 22370
17:13:11 67311 24797
17:14:08 85319 29934
17:15:08 61272 26100
17:16:09 71492 26768
17:17:09 85235 35911
17:18:09 82205 28903
17:19:09 72822 27373
17:20:10 18893 15999
17:21:10 107278 38045
17:22:10 61676 25364
17:23:11 56463 22477
17:24:11 47488 22816
17:25:11 85865 27602
17:26:11 66046 28822
17:27:18 74799 29548
17:28:12 99899 32822
17:29:12 48179 29349
17:30:13 115084 38757
17:31:13 58099 23218
17:32:13 71572 27570
17:33:13 54730 23288
17:34:14 67334 27049
17:35:14 112515 34335
17:36:14 76392 26721
17:37:15 77179 25057
17:38:15 46186 17540
17:39:15 72716 24673
17:40:16 125855 39284
17:41:16 99215 55291
17:42:16 72401 27618
17:43:17 68979 26254
17:44:17 95564 33399
17:45:18 71051 30879
17:46:18 70378 28760
17:47:18 69270 31918
17:48:19 59247 22601
17:49:19 67458 24751
17:50:25 25526 14828
17:51:19 57970 21904
17:52:20 94965 36107
17:53:20 95545 30939
17:54:20 70594 30727
17:55:20 24873 14794
17:56:21 61869 22146
17:57:21 68172 26569
17:58:21 81603 29578
17:59:21 99562 34581
18:00:22 45434 20946
18:01:22 43144 19969
18:02:33 129957 45339
18:03:25 125519 38236
18:04:22 65198 24577
18:05:23 140020 40626
18:06:23 43447 18358
18:07:23 63717 24985
18:08:24 79963 26088
18:09:24 80903 28351
18:10:24 105791 34057
18:11:24 88480 27815
18:12:25 57861 22886
18:13:25 55241 21869
18:14:25 42106 21721
18:15:26 69092 26342
18:16:26 59317 22182
18:17:26 73904 26228
18:18:26 62025 22978
18:19:27 77799 27317
18:20:27 76783 27064
18:21:27 71499 53404
18:22:28 74264 25081
18:23:28 74504 29257
18:24:28 45376 21996
18:25:28 68181 28222
18:26:28 60334 22906
18:27:29 69359 23757
18:28:29 146898 48410
18:29:30 48627 20360
18:30:30 38922 17688
18:31:31 61009 24114
18:32:31 79284 27498
18:33:32 66103 24510
18:34:32 69285 34415
18:35:32 37947 19781
18:36:32 35564 18545
18:37:33 57058 23554
18:38:33 72927 26550
18:39:33 82321 26602
18:40:33 89773 30737
18:41:37 82789 32416
18:42:34 62660 27484
18:43:34 84178 30356
18:44:34 67539 27777
18:45:35 91037 29606
18:46:35 88862 30179
18:47:38 71019 23614
18:48:35 73933 27576
18:49:36 85935 28616
18:50:36 81973 26669
18:51:36 58769 25652
18:52:36 71291 23085
18:53:37 59185 21463
18:54:38 50781 21429
18:55:38 83249 28801
18:56:38 85607 28167
18:57:38 49564 19765
18:58:38 61260 21299
18:59:39 63822 25483
19:00:39 79024 27501
19:01:39 87559 31160
19:02:39 18083 12328
19:03:40 35178 15938
19:04:43 47500 21169
19:05:40 64261 24056
19:06:43 127005 42654
19:07:40 40370 19959
19:08:41 38504 19564
19:09:41 73789 24741
19:10:41 83449 27621
19:11:41 59339 23383
19:12:42 89893 26348
19:13:42 96749 31130
19:14:42 65889 24174
19:15:42 64064 25941
19:16:43 78148 27627
19:17:43 89454 74987
19:18:43 70926 75345
19:19:43 46203 147146
19:20:43 87132 1033587
19:21:44 60989 105262
19:22:55 76151 62228
19:23:44 53029 236444
19:24:44 79447 1045609
19:25:45 96061 1168457
19:26:45 87683 1195039
19:27:45 105904 1228834
19:28:45 83181 1202794
19:29:45 112509 1192213
19:30:46 68871 1249315
19:31:46 91004 1196246
19:32:46 110817 1217905
19:33:47 71813 1242465
19:34:48 86249 1225532
19:35:48 77496 1196508
19:36:51 90884 1161245
19:37:49 97432 1215773
19:38:49 100826 1203489
19:39:49 101880 100859
19:40:49 63236 88190
19:41:49 70086 72899
19:42:50 90787 54696
19:43:50 75281 86994
19:44:50 85857 62710
19:45:50 109932 1201469
19:46:57 83317 99507
19:47:51 108626 85518
19:48:51 65927 23246
19:49:55 76281 37233
19:50:51 109824 78193
19:51:54 55611 47104
19:52:52 69941 62638
19:53:52 86716 52036
19:55:07 69401 70691
19:56:06 48718 113165
19:56:53 74300 77563
19:57:53 84803 99776
19:58:53 59971 103992
19:59:56 59653 46029
20:00:54 105288 50436
20:01:58 66459 51326
20:02:57 80945 36617
20:03:54 70415 51606
20:04:54 67268 22744
20:05:55 90717 66114
20:06:55 59771 24011
20:07:55 66887 94077
20:08:58 70831 37522
20:09:55 83676 91817
20:10:55 59797 109677
20:11:56 76178 165751
20:12:56 66723 152461
20:13:56 61661 142931
20:14:56 72439 65081
20:15:56 95180 67076
20:17:10 75203 45824
20:17:57 69355 30370
20:18:57 54459 26541
20:19:58 90272 58703
20:21:01 79183 74657
20:22:01 84826 65526
20:23:02 88667 88708
20:23:58 78222 62077
20:24:59 74099 79863
20:25:59 70795 83363
20:26:59 77200 80439
20:27:59 67946 45237
20:29:00 52103 72348
20:30:03 87232 85319
20:31:00 63328 81987
20:32:03 95467 152656
20:33:00 105986 78244
20:34:01 28291 97201
20:35:01 111982 112618
20:36:01 35645 100026
20:37:01 61476 101344
20:38:05 80790 83861
20:39:02 109962 72187
20:40:02 74925 69246
20:41:02 17552 30088
20:42:02 64235 91760
20:43:02 54725 41691
20:44:03 95870 105742
20:45:06 96001 85226
20:46:03 57038 38945
20:47:03 57047 52262
20:48:04 59185 44895
20:49:04 78276 73713
20:50:04 83274 88408
20:51:04 74263 88693
20:52:08 106746 130356
20:53:05 96741 178154
20:54:05 54861 62215
20:55:05 73808 67895
20:56:05 49799 49895
20:57:08 78435 95928
20:58:06 64763 35742
20:59:06 103205 36885
21:00:06 54221 21486
21:01:06 125818 72540
21:02:07 62397 31366
21:03:07 68616 46317
21:04:10 305799 200286
21:05:07 92197 95353
21:06:07 120761 98660
21:07:07 57615 67248
21:08:08 83788 82349
21:09:08 71827 125528
21:10:08 67258 54926
21:11:08 95958 99104
21:12:12 133758 200953
21:13:09 56014 158369
21:14:09 78614 88426
21:15:09 29573 137931
21:16:09 57996 111361
21:17:10 111470 147887
21:18:10 80464 130759
21:19:10 101990 203719
21:20:11 40586 123809
21:21:11 44726 112959
21:22:11 83338 106890
21:23:11 77901 141203
21:24:11 79857 76182
21:25:15 108565 82968
21:26:12 104297 86720
21:27:12 67490 97767
21:28:12 67116 55400
21:29:22 76527 49699
21:30:13 75788 108542
21:31:13 58067 114348
21:32:13 78239 138814
21:33:13 103626 142509
21:34:14 40688 90246
21:35:14 62410 51206
21:36:14 76808 95479
21:37:14 72431 68278
21:38:15 93680 59590
21:39:15 88857 82913
21:40:15 114996 86740
21:41:15 94054 64786
21:42:19 282721 33221
21:43:16 69192 50257
21:44:16 64737 23155
21:45:16 80717 49220
21:46:16 97885 68907
21:47:16 72883 68798
21:48:17 87439 39891
21:49:17 48303 34197
21:50:17 69955 82695
21:51:18 69685 29366
21:52:18 90558 53207
21:53:18 59240 36406
21:54:18 94688 29264
21:55:19 57279 27908
21:56:19 57532 27312
21:57:19 121341 37909
21:58:19 89663 29217
21:59:19 61525 22678
22:00:20 14579 38180
22:01:20 62952 128750
22:02:20 21299 13912
22:03:20 89817 33267
22:04:21 68146 25664
22:05:21 24326 16231
22:06:25 61341 24206
22:07:22 87208 33912
22:08:22 77139 29015
22:09:22 65046 24723
22:10:22 117145 34162
22:11:22 72228 24918
22:12:26 71637 26532
22:13:23 78201 28394
22:14:23 68973 25568
22:15:24 42181 21706
22:16:24 100564 32989
22:17:24 60588 22978
22:18:24 82874 28887
22:19:24 70516 25263
22:20:25 108778 34930
22:21:25 97165 29514
22:22:29 50238 20349
22:23:25 67806 25399
22:24:26 75304 26538
22:25:26 72057 26007
22:26:26 86449 27753
22:27:26 75744 39344
22:28:27 105461 31784
22:29:27 66809 28909
22:30:27 152951 43161
22:31:27 46653 22346
22:32:28 107864 37505
22:33:28 102892 33220
22:34:28 80312 33967
22:35:49 91868 29885
22:36:29 81526 28130
22:37:29 108546 35455
22:38:29 56366 23897
22:39:30 88564 30476
22:40:30 91837 31903
22:41:30 79017 27599
22:42:31 42988 18973
22:43:31 76746 30225
22:44:31 59447 20647
22:45:31 66215 23515
22:46:31 75542 28888
22:47:32 111185 35809
22:48:32 49606 130747
22:49:32 76921 25725
22:50:33 95259 30267
22:51:36 70433 31928
22:52:37 64952 24698
22:53:36 58493 22709
22:54:33 83044 28989
22:55:42 97362 35476
22:56:34 49950 20955
22:57:34 86863 30670
22:58:35 66275 27371
22:59:35 87902 31890
23:00:39 66041 28621
23:01:38 109150 36103
23:02:43 43992 19620
23:03:36 63591 27670
23:04:39 99162 34793
23:05:36 107460 37459
23:06:40 171777 47247
23:07:37 39278 18640
23:08:37 65305 24459
23:09:37 46739 18773
23:10:38 76929 27603
23:11:41 82092 27715
23:12:38 79237 31100
23:13:38 104061 35534
23:14:39 83361 31774
23:15:43 123765 38580
23:16:39 92717 32294
23:17:42 54617 25175
23:18:40 76452 28324
23:19:40 89062 31054
23:20:41 61332 24171
23:21:40 68889 34633
23:22:41 124641 38542
23:23:49 76696 27458
23:24:44 104722 34884
23:25:42 59748 23749
23:26:42 69303 24936
23:27:56 64435 26095
23:28:42 100685 35911
23:29:43 69935 25416
23:30:52 109244 39062
23:31:46 123774 40444
23:32:43 79038 29606
23:33:44 95853 32145
23:34:47 72632 28049
23:35:47 69013 23820
23:36:44 84001 26984
23:37:45 93675 31148
23:38:49 75722 28218
23:39:46 34400 19631
23:40:46 37207 20071
23:41:46 97676 31324
23:42:46 61361 40634
23:43:47 146987 48191
23:44:47 72366 24612
23:45:47 82015 31884
23:46:51 63269 24726
23:47:48 72007 25135
23:48:53 86721 31829
23:50:02 74025 26163
23:50:50 65532 23473
23:51:51 95192 31158
23:52:51 79540 29376
23:53:51 76222 26528
23:54:53 147351 46459
23:55:53 85907 26640
23:56:53 46922 19887
23:57:53 49945 20021
23:58:54 75877 26019
23:59:58 89414 31246
