00:00:39 4 0 189
00:00:42 4 0 189
00:01:57 4 0 189
00:02:26 4 0 189
00:02:38 4 0 189
00:03:03 4 0 189
00:03:30 4 0 189
00:04:00 4 0 189
00:04:31 4 0 189
00:05:02 4 0 189
00:05:32 4 0 189
00:06:03 4 0 189
00:06:39 4 0 189
00:07:15 4 0 189
00:07:46 4 0 189
00:08:20 4 0 189
02:00:08 3 1 191
02:00:37 4 0 190
02:01:08 4 0 191
02:01:38 4 0 290
02:02:08 4 0 195
02:02:38 4 0 194
02:03:08 4 0 190
02:03:40 3 1 190
02:04:09 4 0 188
02:04:39 4 0 190
02:05:09 4 0 191
02:05:40 4 0 190
02:06:10 4 0 191
02:06:40 4 0 190
02:07:10 4 0 187
02:07:40 4 0 190
02:08:11 4 0 191
02:08:42 2 2 191
02:09:11 4 0 190
02:09:41 4 0 188
02:10:11 4 0 191
02:10:42 4 0 190
02:11:12 4 0 190
02:11:42 4 0 190
02:12:12 4 0 190
02:12:42 4 0 188
02:13:13 4 0 192
02:13:43 4 0 190
02:14:13 4 0 190
02:14:44 3 1 192
02:15:17 0 4 -1
02:15:44 4 0 188
02:16:14 4 0 190
02:16:44 4 0 190
02:17:14 4 0 190
02:17:44 4 0 190
02:18:15 4 0 192
02:18:45 4 0 188
02:19:15 4 0 190
02:19:45 4 0 190
02:20:16 4 0 190
02:20:46 4 0 190
02:21:16 4 0 189
02:21:46 4 0 190
02:22:17 4 0 190
02:22:47 4 0 190
02:23:17 4 0 190
02:23:47 4 0 190
02:24:17 4 0 187
02:24:47 4 0 191
02:25:18 4 0 188
02:25:48 4 0 188
02:26:18 4 0 191
02:26:48 4 0 190
02:27:19 4 0 189
02:27:49 4 0 190
02:28:19 4 0 192
02:28:49 4 0 189
02:29:20 4 0 190
02:29:51 3 1 189
02:30:20 4 0 188
02:30:50 4 0 190
02:31:20 4 0 189
02:31:50 4 0 195
02:32:21 4 0 190
02:32:51 4 0 188
02:33:22 3 1 190
02:33:51 4 0 190
02:34:22 3 1 188
02:34:53 3 1 190
02:35:22 4 0 190
02:35:52 4 0 188
02:36:22 4 0 190
02:36:52 4 0 188
02:37:23 4 0 190
02:37:53 4 0 190
02:38:23 4 0 192
02:38:53 4 0 188
02:39:23 4 0 189
02:39:54 4 0 191
02:40:24 4 0 187
02:40:54 4 0 188
02:41:24 4 0 190
02:41:54 4 0 190
02:42:25 4 0 191
02:42:55 4 0 189
02:43:25 4 0 283
02:43:55 4 0 188
02:44:25 4 0 188
02:44:56 4 0 187
02:45:26 4 0 187
02:45:56 4 0 190
02:46:27 3 1 191
02:46:57 3 1 191
02:47:27 4 0 191
02:47:57 4 0 193
02:48:27 4 0 188
02:48:57 4 0 190
02:49:27 4 0 189
02:49:58 4 0 190
02:50:28 4 0 188
02:50:58 4 0 188
02:51:28 4 0 187
02:51:58 4 0 188
02:52:29 4 0 189
02:52:59 4 0 189
02:53:29 4 0 191
02:53:59 4 0 187
02:54:29 4 0 190
02:55:00 4 0 215
02:55:30 4 0 187
02:56:00 4 0 188
02:56:30 4 0 190
02:57:00 4 0 187
02:57:31 4 0 190
02:58:01 4 0 188
02:58:31 4 0 188
02:59:01 4 0 188
02:59:31 4 0 190
03:00:02 4 0 188
03:00:32 4 0 189
03:01:02 4 0 191
03:01:32 4 0 187
03:02:02 4 0 190
03:02:33 4 0 189
03:03:03 4 0 187
03:03:33 4 0 187
03:04:03 4 0 187
03:04:33 4 0 187
03:05:04 4 0 188
03:05:34 4 0 187
03:06:04 4 0 187
03:06:35 4 0 188
03:07:05 4 0 189
03:07:35 4 0 187
03:08:05 4 0 187
03:08:35 4 0 188
03:09:05 4 0 191
03:09:36 4 0 189
03:10:06 4 0 189
03:10:36 4 0 190
03:11:06 4 0 190
03:11:36 4 0 189
03:12:06 4 0 187
03:12:37 4 0 187
03:13:07 4 0 187
03:13:37 4 0 191
03:14:07 4 0 187
03:14:37 4 0 188
03:15:07 4 0 187
03:15:38 4 0 187
03:16:08 4 0 187
03:16:38 4 0 189
03:17:08 4 0 187
03:17:38 4 0 189
03:18:09 4 0 190
03:18:39 4 0 188
03:19:09 4 0 187
03:19:39 4 0 190
03:20:09 4 0 187
03:20:40 4 0 187
03:21:10 4 0 190
03:21:40 4 0 189
03:22:10 4 0 188
03:22:40 4 0 187
03:23:10 4 0 187
03:23:41 4 0 187
03:24:11 4 0 187
03:24:41 4 0 188
03:25:11 4 0 187
03:25:41 4 0 189
03:26:11 4 0 189
03:26:42 4 0 190
03:27:12 4 0 187
03:27:42 4 0 187
03:28:12 4 0 187
03:28:42 4 0 190
03:29:12 4 0 187
03:29:43 4 0 198
03:30:13 4 0 188
03:30:43 4 0 187
03:31:13 4 0 187
03:31:43 4 0 188
03:32:13 4 0 187
03:32:43 4 0 189
03:33:14 4 0 188
03:33:44 4 0 187
03:34:14 4 0 187
03:34:44 4 0 187
03:35:14 4 0 187
03:35:44 4 0 187
03:36:15 4 0 187
03:36:45 4 0 190
03:37:15 4 0 187
03:37:45 4 0 187
03:38:15 4 0 187
03:38:46 4 0 190
03:39:16 4 0 187
03:39:46 4 0 193
03:40:16 4 0 190
03:40:46 4 0 190
03:41:16 4 0 189
03:41:47 4 0 188
03:42:17 4 0 188
03:42:47 4 0 187
03:43:17 4 0 187
03:43:47 4 0 187
03:44:17 4 0 187
03:44:48 4 0 187
03:45:18 4 0 188
03:45:48 4 0 188
03:46:18 4 0 187
03:46:48 4 0 187
03:47:19 4 0 188
03:47:49 4 0 188
03:48:19 4 0 188
03:48:49 4 0 187
03:49:19 4 0 187
03:49:49 4 0 188
03:50:20 4 0 187
03:50:50 4 0 187
03:51:20 4 0 188
03:51:50 4 0 187
03:52:20 4 0 187
03:52:50 4 0 187
03:53:21 4 0 187
03:53:51 4 0 187
03:54:21 4 0 187
03:54:51 4 0 188
03:55:21 4 0 187
03:55:51 4 0 187
03:56:22 4 0 187
03:56:52 4 0 187
03:57:22 4 0 188
03:57:52 4 0 188
03:58:22 4 0 187
03:58:52 4 0 189
03:59:23 4 0 191
03:59:53 4 0 187
04:00:23 4 0 189
04:00:53 4 0 189
04:01:23 4 0 187
04:01:53 4 0 190
04:02:24 4 0 190
04:02:54 4 0 187
04:03:24 4 0 188
04:03:54 4 0 187
04:04:24 4 0 187
04:04:54 4 0 188
04:05:25 4 0 188
04:05:55 4 0 190
04:06:25 4 0 190
04:06:55 4 0 191
04:07:26 3 1 191
04:07:55 4 0 188
04:08:26 4 0 187
04:08:56 4 0 187
04:09:26 4 0 189
04:09:56 4 0 188
04:10:26 4 0 187
04:10:57 4 0 187
04:11:27 4 0 187
04:11:57 4 0 187
04:12:27 4 0 187
04:12:57 4 0 187
04:13:27 4 0 187
04:13:58 4 0 187
04:14:28 4 0 187
04:14:58 4 0 189
04:15:28 4 0 187
04:15:58 4 0 187
04:16:28 4 0 188
04:16:59 4 0 187
04:17:29 4 0 187
04:17:59 4 0 187
04:18:29 4 0 187
04:18:59 4 0 187
04:19:29 4 0 187
04:20:00 4 0 187
04:20:30 4 0 187
04:21:00 4 0 188
04:21:30 4 0 187
04:22:00 4 0 187
04:22:30 4 0 187
04:23:01 4 0 188
04:23:31 4 0 206
04:24:01 4 0 187
04:24:31 4 0 187
04:25:01 4 0 189
04:25:31 4 0 187
04:26:02 4 0 189
04:26:32 4 0 189
04:27:02 4 0 189
04:27:32 4 0 189
04:28:02 4 0 189
04:28:32 4 0 189
04:29:03 4 0 189
04:29:33 4 0 189
04:30:03 4 0 189
04:30:33 4 0 190
04:31:03 4 0 189
04:31:33 4 0 189
04:32:04 4 0 189
04:32:34 4 0 190
04:33:04 4 0 189
04:33:34 4 0 189
04:34:04 4 0 189
04:34:34 4 0 189
04:35:05 4 0 189
04:35:35 4 0 189
04:36:05 4 0 189
04:36:35 4 0 189
04:37:05 4 0 189
04:37:35 4 0 189
04:38:06 4 0 189
04:38:36 4 0 189
04:39:06 4 0 189
04:39:36 4 0 189
04:40:06 4 0 189
04:40:37 4 0 189
04:41:07 4 0 189
04:41:37 4 0 189
04:42:07 4 0 190
04:42:37 4 0 189
04:43:08 4 0 189
04:43:38 4 0 189
04:44:08 4 0 189
04:44:38 4 0 189
04:45:08 4 0 189
04:45:39 4 0 189
04:46:09 4 0 189
04:46:39 4 0 189
04:47:09 4 0 189
04:47:39 4 0 189
04:48:09 4 0 189
04:48:39 4 0 189
04:49:10 4 0 189
04:49:40 4 0 189
04:50:10 4 0 189
04:50:40 4 0 189
04:51:10 4 0 189
04:51:40 4 0 189
04:52:11 4 0 189
04:52:41 4 0 189
04:53:11 4 0 189
04:53:41 4 0 189
04:54:11 4 0 189
04:54:41 4 0 189
04:55:12 4 0 189
04:55:42 4 0 189
04:56:12 4 0 189
04:56:42 4 0 189
04:57:12 4 0 189
04:57:43 4 0 189
04:58:13 4 0 200
04:58:43 4 0 189
04:59:13 4 0 189
04:59:43 4 0 189
05:00:13 4 0 189
05:00:44 4 0 189
05:01:14 4 0 189
05:01:44 4 0 189
05:02:14 4 0 189
05:02:44 4 0 189
05:03:14 4 0 189
05:03:45 4 0 189
05:04:15 4 0 189
05:04:45 4 0 189
05:05:15 4 0 190
05:05:45 4 0 189
05:06:16 4 0 189
05:06:46 4 0 189
05:07:16 4 0 189
05:07:46 4 0 189
05:08:16 4 0 189
05:08:46 4 0 189
05:09:17 4 0 189
05:09:47 4 0 189
05:10:17 4 0 189
05:10:47 4 0 189
05:11:17 4 0 189
05:11:47 4 0 189
05:12:18 4 0 189
05:12:48 4 0 189
05:13:18 4 0 189
05:13:48 4 0 189
05:14:18 4 0 189
05:14:48 4 0 189
05:15:19 4 0 189
05:15:49 4 0 199
05:16:19 4 0 191
05:16:49 4 0 189
05:17:19 4 0 189
05:17:49 4 0 189
05:18:20 4 0 190
05:18:50 4 0 189
05:19:20 4 0 189
05:19:50 4 0 189
05:20:21 4 0 189
05:20:51 4 0 189
05:21:21 4 0 191
05:21:51 4 0 189
05:22:21 4 0 189
05:22:51 4 0 189
05:23:22 4 0 189
05:23:52 4 0 189
05:24:22 4 0 189
05:24:52 4 0 189
05:25:22 4 0 189
05:25:52 4 0 189
05:26:23 4 0 189
05:26:53 4 0 189
05:27:23 4 0 189
05:27:53 4 0 189
05:28:23 4 0 189
05:28:53 4 0 189
05:29:24 4 0 189
05:29:54 4 0 189
05:30:24 4 0 189
05:30:54 4 0 189
05:31:24 4 0 189
05:31:54 4 0 189
05:32:25 4 0 189
05:32:55 4 0 189
05:33:25 4 0 189
05:33:55 4 0 189
05:34:25 4 0 189
05:34:55 4 0 189
05:35:26 4 0 189
05:35:56 4 0 189
05:36:26 4 0 191
05:36:56 4 0 189
05:37:26 4 0 189
05:37:56 4 0 189
05:38:27 4 0 191
05:38:57 4 0 189
05:39:27 4 0 189
05:39:57 4 0 189
05:40:27 4 0 190
05:40:58 4 0 189
05:41:28 4 0 189
05:41:58 4 0 189
05:42:28 4 0 189
05:42:58 4 0 189
05:43:28 4 0 189
05:43:59 4 0 189
05:44:29 4 0 189
05:44:59 4 0 189
05:45:29 4 0 189
05:45:59 4 0 189
05:46:29 4 0 189
05:47:00 4 0 189
05:47:30 4 0 189
05:48:00 4 0 189
05:48:30 4 0 189
05:49:00 4 0 189
05:49:30 4 0 189
05:50:00 4 0 189
05:50:31 4 0 189
05:51:01 4 0 189
05:51:31 4 0 189
05:52:01 4 0 192
05:52:31 4 0 189
05:53:02 4 0 189
05:53:32 4 0 189
05:54:02 4 0 189
05:54:32 4 0 189
05:55:02 4 0 189
05:55:32 4 0 189
05:56:03 4 0 189
05:56:33 4 0 189
05:57:03 4 0 189
05:57:33 4 0 189
05:58:03 4 0 189
05:58:34 4 0 189
05:59:04 4 0 189
05:59:34 4 0 189
06:00:04 4 0 189
06:00:34 4 0 197
06:01:05 4 0 189
06:01:35 4 0 189
06:02:05 4 0 189
06:02:35 4 0 189
06:03:05 4 0 189
06:03:36 4 0 189
06:04:06 4 0 189
06:04:36 4 0 189
06:05:06 4 0 189
06:05:36 4 0 192
06:06:07 4 0 189
06:06:37 4 0 189
06:07:07 4 0 189
06:07:37 4 0 189
06:08:07 4 0 189
06:08:38 4 0 189
06:09:08 4 0 189
06:09:38 4 0 190
06:10:08 4 0 189
06:10:38 4 0 189
06:11:09 4 0 189
06:11:39 4 0 189
06:12:09 4 0 189
06:12:39 4 0 189
06:13:09 4 0 189
06:13:39 4 0 189
06:14:10 4 0 189
06:14:40 4 0 199
06:15:10 4 0 189
06:15:40 4 0 189
06:16:10 4 0 189
06:16:41 4 0 189
06:17:11 4 0 189
06:17:41 4 0 190
06:18:11 4 0 189
06:18:41 4 0 211
06:19:11 4 0 189
06:19:42 4 0 189
06:20:12 4 0 189
06:20:42 4 0 189
06:21:12 4 0 189
06:21:42 4 0 189
06:22:12 4 0 189
06:22:43 4 0 189
06:23:13 4 0 189
06:23:43 4 0 189
06:24:13 4 0 189
06:24:43 4 0 189
06:25:13 4 0 189
06:25:44 4 0 189
06:26:14 4 0 189
06:26:44 4 0 189
06:27:14 4 0 189
06:27:44 4 0 189
06:28:14 4 0 189
06:28:45 4 0 209
06:29:15 4 0 189
06:29:45 4 0 189
06:30:15 4 0 189
06:30:45 4 0 189
06:31:15 4 0 189
06:31:46 4 0 189
06:32:16 4 0 189
06:32:46 4 0 189
06:33:16 4 0 189
06:33:46 4 0 189
06:34:16 4 0 189
06:34:47 4 0 189
06:35:17 4 0 189
06:35:47 4 0 189
06:36:17 4 0 189
06:36:47 4 0 189
06:37:17 4 0 189
06:37:48 4 0 189
06:38:18 4 0 189
06:38:48 4 0 189
06:39:18 4 0 189
06:39:48 4 0 189
06:40:19 4 0 189
06:40:49 4 0 189
06:41:19 4 0 189
06:41:49 4 0 189
06:42:19 4 0 192
06:42:49 4 0 189
06:43:19 4 0 189
06:43:50 4 0 189
06:44:20 4 0 189
06:44:50 4 0 189
06:45:20 4 0 189
06:45:50 4 0 189
06:46:21 4 0 190
06:46:51 4 0 189
06:47:21 4 0 189
06:47:51 4 0 189
06:48:21 4 0 189
06:48:51 4 0 189
06:49:22 4 0 189
06:49:52 4 0 189
06:50:22 4 0 189
06:50:52 4 0 189
06:51:22 4 0 189
06:51:52 4 0 189
06:52:23 4 0 189
06:52:53 4 0 218
06:53:23 4 0 189
06:53:53 4 0 189
06:54:23 4 0 189
06:54:53 4 0 189
06:55:24 4 0 189
06:55:54 4 0 189
06:56:24 4 0 189
06:56:54 4 0 189
06:57:24 4 0 189
06:57:54 4 0 189
06:58:24 4 0 189
06:58:55 4 0 189
06:59:25 4 0 189
06:59:55 4 0 189
07:00:25 4 0 189
07:00:55 4 0 189
07:01:26 4 0 189
07:01:56 4 0 189
07:02:26 4 0 189
07:02:56 4 0 189
07:03:26 4 0 189
07:03:56 4 0 189
07:04:26 4 0 189
07:04:57 4 0 189
07:05:27 4 0 189
07:05:57 4 0 189
07:06:27 4 0 189
07:06:57 4 0 189
07:07:27 4 0 189
07:07:58 4 0 189
07:08:28 4 0 189
07:08:58 4 0 189
07:09:28 4 0 189
07:09:58 4 0 189
07:10:28 4 0 189
07:10:59 4 0 189
07:11:29 4 0 189
07:11:59 4 0 189
07:12:29 4 0 189
07:12:59 4 0 189
07:13:30 4 0 207
07:14:00 4 0 189
07:14:30 4 0 189
07:15:00 4 0 192
07:15:30 4 0 189
07:16:01 4 0 189
07:16:31 4 0 192
07:17:01 4 0 189
07:17:31 4 0 189
07:18:01 4 0 189
07:18:31 4 0 189
07:19:02 4 0 189
07:19:32 4 0 189
07:20:02 4 0 189
07:20:32 4 0 189
07:21:02 4 0 189
07:21:32 4 0 189
07:22:02 4 0 189
07:22:33 4 0 189
07:23:03 4 0 189
07:23:33 4 0 189
07:24:03 4 0 189
07:24:33 4 0 189
07:25:04 4 0 189
07:25:34 4 0 189
07:26:04 4 0 189
07:26:35 4 0 189
07:27:05 4 0 189
07:27:35 4 0 189
07:28:06 4 0 189
07:28:36 4 0 189
07:29:06 4 0 189
07:29:36 4 0 191
07:30:06 4 0 189
07:30:36 4 0 189
07:31:07 4 0 189
07:31:37 4 0 189
07:32:07 4 0 189
07:32:37 4 0 189
07:33:07 4 0 189
07:33:38 4 0 189
07:34:08 4 0 189
07:34:38 4 0 189
07:35:09 4 0 189
07:35:39 4 0 189
07:36:09 4 0 189
07:36:40 4 0 189
07:37:10 4 0 189
07:37:40 4 0 193
07:38:10 4 0 189
07:38:40 4 0 189
07:39:10 4 0 189
07:39:41 4 0 203
07:40:11 4 0 189
07:40:41 4 0 189
07:41:11 4 0 189
07:41:41 4 0 189
07:42:11 4 0 200
07:42:41 4 0 189
07:43:12 4 0 189
07:43:42 4 0 189
07:44:12 4 0 189
07:44:42 4 0 189
07:45:12 4 0 189
07:45:42 4 0 189
07:46:13 4 0 189
07:46:43 4 0 189
07:47:13 4 0 189
07:47:43 4 0 189
07:48:13 4 0 189
07:48:43 4 0 189
07:49:14 4 0 189
07:49:44 4 0 189
07:50:14 4 0 189
07:50:44 4 0 189
07:51:14 4 0 216
07:51:44 4 0 189
07:52:15 4 0 189
07:52:45 4 0 219
07:53:15 4 0 189
07:53:45 4 0 189
07:54:15 4 0 189
07:54:45 4 0 189
07:55:15 4 0 189
07:55:45 4 0 189
07:56:16 4 0 189
07:56:46 4 0 189
07:57:16 4 0 189
07:57:46 4 0 189
07:58:17 4 0 189
07:58:47 4 0 189
07:59:17 4 0 189
07:59:47 4 0 189
08:00:17 4 0 189
08:00:47 4 0 189
08:01:17 4 0 189
08:01:48 4 0 190
08:02:18 4 0 189
08:02:48 4 0 189
08:03:18 4 0 189
08:03:48 4 0 189
08:04:18 4 0 189
08:04:48 4 0 189
08:05:19 4 0 189
08:05:49 4 0 189
08:06:19 4 0 191
08:06:49 4 0 189
08:07:19 4 0 189
08:07:49 4 0 192
08:08:19 4 0 189
08:08:49 4 0 189
08:09:20 4 0 189
08:09:50 4 0 189
08:10:20 4 0 189
08:10:50 4 0 189
08:11:20 4 0 189
08:11:50 4 0 189
08:12:21 4 0 213
08:12:51 4 0 189
08:13:21 4 0 189
08:13:51 4 0 210
08:14:21 4 0 189
08:14:51 4 0 189
08:15:22 4 0 189
08:15:52 4 0 189
08:16:22 4 0 189
08:16:52 4 0 189
08:17:22 4 0 189
08:17:52 4 0 189
08:18:23 4 0 189
08:18:53 4 0 189
08:19:23 4 0 189
08:19:53 4 0 189
08:20:23 4 0 189
08:20:53 4 0 189
08:21:24 4 0 189
08:21:54 4 0 189
08:22:24 4 0 189
08:22:54 4 0 189
08:23:25 4 0 219
08:23:55 4 0 189
08:24:25 4 0 189
08:24:55 4 0 189
08:25:26 4 0 189
08:25:56 4 0 189
08:26:26 4 0 189
08:26:56 4 0 205
08:27:26 4 0 189
08:27:56 4 0 189
08:28:27 4 0 189
08:28:57 4 0 189
08:29:27 4 0 189
08:29:57 4 0 189
08:30:27 4 0 189
08:30:57 4 0 189
08:31:28 4 0 189
08:31:58 4 0 189
08:32:28 4 0 189
08:32:58 4 0 189
08:33:28 4 0 189
08:33:58 4 0 189
08:34:28 4 0 189
08:34:58 4 0 189
08:35:29 4 0 189
08:35:59 4 0 189
08:36:29 4 0 189
08:36:59 4 0 189
08:37:29 4 0 189
08:37:59 4 0 189
08:38:30 4 0 189
08:39:00 4 0 189
08:39:30 4 0 189
08:40:00 4 0 189
08:40:30 4 0 189
08:41:00 4 0 189
08:41:31 4 0 189
08:42:01 4 0 189
08:42:32 4 0 189
08:43:02 4 0 189
08:43:33 4 0 190
08:44:03 4 0 189
08:44:33 4 0 190
08:45:03 4 0 189
08:45:33 4 0 189
08:46:03 4 0 189
08:46:34 4 0 189
08:47:04 4 0 189
08:47:34 4 0 189
08:48:04 4 0 189
08:48:34 4 0 189
08:49:04 4 0 189
08:49:35 4 0 189
08:50:05 4 0 190
08:50:35 4 0 189
08:51:05 4 0 189
08:51:35 4 0 189
08:52:05 4 0 189
08:52:36 4 0 189
08:53:06 4 0 189
08:53:36 4 0 189
08:54:06 4 0 189
08:54:36 4 0 189
08:55:07 4 0 189
08:55:37 4 0 189
08:56:07 4 0 190
08:56:38 4 0 189
08:57:08 4 0 189
08:57:38 4 0 189
08:58:09 4 0 189
08:58:39 4 0 189
08:59:10 4 0 189
08:59:40 4 0 189
09:00:10 4 0 189
09:00:40 4 0 194
09:01:10 4 0 189
09:01:40 4 0 189
09:02:11 4 0 189
09:02:41 4 0 189
09:03:12 3 1 231
09:03:41 4 0 189
09:04:11 4 0 189
09:04:41 4 0 189
09:05:11 4 0 189
09:05:41 4 0 189
09:06:12 4 0 189
09:06:42 4 0 189
09:07:12 4 0 189
09:07:42 4 0 189
09:08:12 4 0 189
09:08:42 4 0 189
09:09:12 4 0 189
09:09:42 4 0 189
09:10:13 4 0 189
09:10:43 4 0 189
09:11:13 4 0 189
09:11:43 4 0 189
09:12:13 4 0 189
09:12:43 4 0 189
09:13:13 4 0 189
09:13:43 4 0 189
09:14:13 4 0 189
09:14:45 3 1 192
09:15:14 4 0 189
09:15:44 4 0 189
09:16:14 4 0 189
09:16:44 4 0 189
09:17:14 4 0 192
09:17:45 4 0 189
09:18:15 4 0 190
09:18:46 4 0 189
09:19:16 4 0 189
09:19:46 4 0 189
09:20:16 4 0 189
09:20:47 4 0 189
09:21:17 4 0 189
09:21:47 4 0 189
09:22:17 4 0 189
09:22:47 4 0 189
09:23:17 4 0 189
09:23:48 4 0 189
09:24:18 4 0 189
09:24:48 4 0 191
09:25:18 4 0 189
09:25:48 4 0 189
09:26:18 4 0 189
09:26:48 4 0 189
09:27:18 4 0 189
09:27:49 4 0 189
09:28:19 4 0 190
09:28:49 4 0 189
09:29:19 4 0 189
09:29:49 4 0 189
09:30:19 4 0 189
09:30:50 4 0 189
09:31:20 4 0 189
09:31:50 4 0 189
09:32:20 4 0 189
09:32:50 4 0 189
09:33:20 4 0 189
09:33:50 4 0 189
09:34:21 4 0 189
09:34:51 4 0 189
09:35:21 4 0 189
09:35:51 4 0 189
09:36:21 4 0 189
09:36:51 4 0 189
09:37:21 4 0 189
09:37:52 4 0 196
09:38:22 4 0 189
09:38:53 4 0 189
09:39:23 4 0 189
09:39:53 4 0 189
09:40:23 4 0 189
09:40:53 4 0 189
09:41:23 4 0 189
09:41:53 4 0 189
09:42:24 4 0 205
09:42:54 4 0 189
09:43:24 4 0 189
09:43:54 4 0 189
09:44:24 4 0 189
09:44:54 4 0 189
09:45:24 4 0 189
09:45:54 4 0 189
09:46:24 4 0 189
09:46:55 4 0 189
09:47:25 4 0 189
09:47:55 4 0 189
09:48:25 4 0 189
09:48:55 4 0 189
09:49:25 4 0 189
09:49:55 4 0 190
09:50:25 4 0 189
09:50:57 3 1 222
09:51:26 4 0 189
09:51:57 4 0 189
09:52:27 4 0 189
09:52:57 4 0 189
09:53:27 4 0 189
09:53:57 4 0 189
09:54:27 4 0 189
09:54:57 4 0 189
09:55:27 4 0 189
09:55:58 4 0 189
09:56:28 4 0 189
09:56:58 4 0 189
09:57:28 4 0 189
09:57:58 4 0 189
09:58:28 4 0 189
09:58:58 4 0 189
09:59:29 4 0 220
09:59:59 4 0 189
10:00:29 4 0 189
10:00:59 4 0 189
10:01:29 4 0 189
10:01:59 4 0 190
10:02:29 4 0 190
10:03:00 4 0 234
10:03:29 4 0 190
10:04:00 4 0 189
10:04:30 4 0 218
10:05:00 4 0 189
10:05:30 4 0 189
10:06:00 4 0 189
10:06:30 4 0 189
10:07:00 4 0 189
10:07:30 4 0 189
10:08:01 4 0 189
10:08:31 4 0 189
10:09:01 4 0 189
10:09:31 4 0 189
10:10:01 4 0 189
10:10:31 4 0 189
10:11:01 4 0 189
10:11:31 4 0 203
10:12:02 4 0 233
10:12:33 3 1 223
10:13:02 4 0 231
10:13:33 3 1 232
10:14:02 4 0 220
10:14:32 4 0 240
10:15:02 4 0 189
10:15:33 4 0 230
10:16:04 3 1 224
10:16:33 4 0 223
10:17:04 3 1 231
10:17:33 4 0 229
10:18:03 4 0 222
10:18:34 3 1 226
10:19:05 3 1 221
10:19:34 4 0 216
10:20:04 4 0 224
10:20:34 4 0 225
10:21:05 4 0 225
10:21:36 4 0 224
10:22:06 4 0 216
10:22:37 3 1 247
10:23:08 3 1 224
10:23:37 4 0 224
10:24:08 4 0 227
10:24:38 4 0 218
10:25:08 4 0 189
10:25:39 4 0 189
10:26:09 4 0 189
10:26:40 4 0 189
10:27:11 4 0 189
10:27:41 4 0 189
10:28:11 4 0 189
10:28:41 4 0 189
10:29:11 4 0 189
10:29:41 4 0 198
10:30:11 4 0 189
10:30:41 4 0 189
10:31:12 4 0 189
10:31:42 4 0 189
10:32:12 4 0 189
10:32:42 4 0 189
10:33:12 4 0 189
10:33:42 4 0 189
10:34:13 4 0 189
10:34:43 4 0 189
10:35:13 4 0 189
10:35:43 4 0 189
10:36:13 4 0 189
10:36:43 4 0 189
10:37:13 4 0 189
10:37:43 4 0 189
10:38:14 4 0 189
10:38:45 4 0 189
10:39:15 4 0 189
10:39:45 4 0 189
10:40:15 4 0 189
10:40:45 4 0 189
10:41:16 4 0 189
10:41:46 4 0 189
10:42:16 4 0 189
10:42:46 4 0 189
10:43:16 4 0 189
10:43:46 4 0 189
10:44:17 4 0 189
10:44:47 4 0 189
10:45:17 4 0 189
10:45:47 4 0 189
10:46:17 4 0 189
10:46:47 4 0 189
10:47:18 4 0 189
10:47:48 4 0 191
10:48:18 4 0 189
10:48:48 4 0 189
10:49:18 4 0 189
10:49:48 4 0 189
10:50:19 4 0 189
10:50:49 4 0 189
10:51:19 4 0 189
10:51:49 4 0 189
10:52:20 4 0 189
10:52:50 4 0 189
10:53:20 4 0 194
10:53:50 4 0 189
10:54:20 4 0 189
10:54:50 4 0 189
10:55:21 4 0 189
10:55:51 4 0 189
10:56:22 4 0 189
10:56:52 4 0 225
10:57:22 4 0 189
10:57:52 4 0 189
10:58:23 4 0 189
10:58:53 4 0 189
10:59:23 4 0 189
10:59:53 4 0 189
11:00:24 4 0 189
11:00:54 4 0 189
11:01:24 4 0 189
11:01:54 4 0 189
11:02:24 4 0 189
11:02:54 4 0 189
11:03:25 4 0 189
11:03:55 4 0 189
11:04:25 4 0 189
11:04:55 4 0 189
11:05:25 4 0 189
11:05:55 4 0 189
11:06:26 4 0 191
11:06:56 4 0 189
11:07:26 4 0 189
11:07:56 4 0 189
11:08:27 4 0 189
11:08:57 4 0 189
11:09:27 4 0 190
11:09:57 4 0 189
11:10:27 4 0 190
11:10:57 4 0 189
11:11:27 4 0 189
11:11:57 4 0 189
11:12:28 4 0 189
11:12:58 4 0 191
11:13:28 4 0 191
11:13:58 4 0 190
11:14:28 4 0 189
11:14:59 4 0 189
11:15:30 4 0 221
11:15:59 4 0 189
11:16:30 4 0 189
11:17:00 4 0 189
11:17:30 4 0 189
11:18:00 4 0 189
11:18:31 4 0 189
11:19:01 4 0 189
11:19:31 4 0 189
11:20:01 4 0 189
11:20:31 4 0 189
11:21:01 4 0 189
11:21:32 4 0 189
11:22:02 4 0 189
11:22:32 4 0 189
11:23:02 4 0 189
11:23:32 4 0 189
11:24:02 4 0 189
11:24:32 4 0 189
11:25:02 4 0 189
11:25:33 4 0 189
11:26:03 4 0 189
11:26:33 4 0 189
11:27:03 4 0 189
11:27:33 4 0 189
11:28:03 4 0 189
11:28:33 4 0 189
11:29:03 4 0 189
11:29:34 4 0 189
11:30:04 4 0 189
11:30:34 4 0 189
11:31:04 4 0 189
11:31:34 4 0 189
11:32:04 4 0 189
11:32:34 4 0 189
11:33:04 4 0 189
11:33:35 4 0 189
11:34:05 4 0 189
11:34:35 4 0 195
11:35:05 4 0 189
11:35:36 4 0 189
11:36:06 4 0 189
11:36:36 4 0 189
11:37:07 4 0 189
11:37:37 4 0 189
11:38:08 4 0 189
11:38:38 4 0 189
11:39:08 4 0 189
11:39:38 4 0 189
11:40:08 4 0 189
11:40:38 4 0 211
11:41:08 4 0 189
11:41:39 4 0 189
11:42:09 4 0 189
11:42:39 4 0 190
11:43:09 4 0 189
11:43:39 4 0 189
11:44:09 4 0 189
11:44:40 4 0 191
11:45:10 4 0 189
11:45:41 4 0 190
11:46:11 4 0 189
11:46:42 4 0 189
11:47:12 4 0 189
11:47:42 4 0 189
11:48:12 4 0 189
11:48:43 4 0 189
11:49:13 4 0 189
11:49:44 4 0 189
11:50:14 4 0 189
11:50:44 4 0 189
11:51:14 4 0 189
11:51:45 4 0 189
11:52:16 4 0 189
11:52:46 4 0 189
11:53:16 4 0 189
11:53:46 4 0 189
11:54:16 4 0 192
11:54:46 4 0 189
11:55:16 4 0 189
11:55:47 4 0 189
11:56:17 4 0 189
11:56:47 4 0 189
11:57:17 4 0 189
11:57:48 4 0 272
11:58:17 4 0 189
11:58:47 4 0 189
11:59:18 4 0 189
11:59:48 4 0 189
12:00:18 4 0 189
12:00:48 4 0 189
12:01:18 4 0 192
12:01:48 4 0 192
12:02:18 4 0 189
12:02:49 4 0 189
12:03:19 4 0 189
12:03:49 4 0 189
12:04:19 4 0 189
12:04:49 4 0 189
12:05:19 4 0 195
12:05:49 4 0 189
12:06:19 4 0 189
12:06:50 4 0 189
12:07:20 4 0 189
12:07:50 4 0 189
12:08:20 4 0 189
12:08:50 4 0 189
12:09:20 4 0 189
12:09:51 4 0 189
12:10:21 4 0 189
12:10:51 4 0 189
12:11:21 4 0 189
12:11:51 4 0 189
12:12:21 4 0 189
12:12:52 4 0 189
12:13:22 4 0 189
12:13:52 4 0 189
12:14:22 4 0 189
12:14:52 4 0 189
12:15:22 4 0 189
12:15:53 4 0 189
12:16:23 4 0 189
12:16:54 4 0 189
12:17:24 4 0 189
12:17:54 4 0 189
12:18:24 4 0 189
12:18:55 4 0 189
12:19:26 3 1 189
12:19:55 4 0 189
12:20:25 4 0 189
12:20:55 4 0 189
12:21:25 4 0 189
12:21:56 4 0 189
12:22:26 4 0 189
12:22:56 4 0 189
12:23:26 4 0 206
12:23:56 4 0 189
12:24:26 4 0 189
12:24:56 4 0 189
12:25:26 4 0 189
12:25:57 4 0 189
12:26:27 4 0 199
12:26:57 4 0 189
12:27:27 4 0 189
12:27:57 4 0 189
12:28:27 4 0 189
12:28:58 4 0 189
12:29:28 4 0 189
12:29:58 4 0 189
12:30:28 4 0 189
12:30:58 4 0 189
12:31:28 4 0 189
12:31:58 4 0 189
12:32:28 4 0 189
12:32:58 4 0 189
12:33:28 4 0 189
12:33:59 4 0 189
12:34:29 4 0 189
12:34:59 4 0 190
12:35:29 4 0 191
12:35:59 4 0 189
12:36:29 4 0 189
12:36:59 4 0 189
12:37:29 4 0 189
12:38:00 4 0 196
12:38:30 4 0 189
12:39:00 4 0 189
12:39:30 4 0 189
12:40:00 4 0 189
12:40:30 4 0 189
12:41:00 4 0 189
12:41:31 4 0 189
12:42:01 4 0 189
12:42:31 4 0 192
12:43:01 4 0 189
12:43:31 4 0 189
12:44:01 4 0 189
12:44:31 4 0 189
12:45:01 4 0 189
12:45:31 4 0 189
12:46:01 4 0 189
12:46:32 4 0 215
12:47:02 4 0 189
12:47:32 4 0 192
12:48:02 4 0 189
12:48:32 4 0 189
12:49:02 4 0 189
12:49:32 4 0 190
12:50:03 4 0 189
12:50:33 4 0 189
12:51:03 4 0 189
12:51:34 4 0 189
12:52:04 4 0 189
12:52:34 4 0 189
12:53:04 4 0 189
12:53:34 4 0 189
12:54:04 4 0 189
12:54:34 4 0 189
12:55:04 4 0 189
12:55:34 4 0 189
12:56:05 4 0 189
12:56:35 4 0 189
12:57:05 4 0 189
12:57:35 4 0 189
12:58:05 4 0 189
12:58:35 4 0 189
12:59:05 4 0 189
12:59:36 4 0 213
13:00:06 4 0 189
13:00:36 4 0 189
13:01:06 4 0 189
13:01:36 4 0 189
13:02:06 4 0 189
13:02:36 4 0 189
13:03:07 4 0 220
13:03:37 4 0 189
13:04:07 4 0 189
13:04:37 4 0 189
13:05:07 4 0 189
13:05:37 4 0 189
13:06:07 4 0 189
13:06:37 4 0 189
13:07:07 4 0 189
13:07:37 4 0 189
13:08:08 4 0 189
13:08:38 4 0 189
13:09:08 4 0 189
13:09:38 4 0 189
13:10:08 4 0 189
13:10:38 4 0 189
13:11:08 4 0 289
13:11:38 4 0 290
13:12:08 4 0 189
13:12:38 4 0 189
13:13:08 4 0 189
13:13:38 4 0 189
13:14:09 4 0 189
13:14:39 4 0 189
13:15:09 4 0 189
13:15:39 4 0 191
13:16:09 4 0 189
13:16:39 4 0 190
13:17:09 4 0 189
13:17:39 4 0 191
13:18:10 4 0 189
13:18:40 4 0 191
13:19:10 4 0 189
13:19:40 4 0 189
13:20:10 4 0 192
13:20:40 4 0 189
13:21:10 4 0 189
13:21:40 4 0 189
13:22:11 4 0 189
13:22:41 4 0 189
13:23:11 4 0 189
13:23:41 4 0 189
13:24:11 4 0 189
13:24:41 4 0 189
13:25:12 4 0 189
13:25:45 0 4 -1
13:26:12 3 1 191
13:26:42 4 0 189
13:27:12 4 0 189
13:27:42 4 0 189
13:28:12 4 0 189
13:28:42 4 0 189
13:29:12 4 0 189
13:29:43 4 0 191
13:30:13 4 0 189
13:30:43 4 0 189
13:31:13 4 0 189
13:31:43 4 0 189
13:32:13 4 0 190
13:32:43 4 0 189
13:33:14 4 0 189
13:33:44 4 0 189
13:34:14 4 0 189
13:34:44 4 0 189
13:35:15 4 0 189
13:35:45 4 0 189
13:36:15 4 0 189
13:36:45 4 0 189
13:37:15 4 0 189
13:37:45 4 0 189
13:38:15 4 0 189
13:38:45 4 0 191
13:39:15 4 0 189
13:39:46 4 0 192
13:40:16 4 0 189
13:40:46 4 0 212
13:41:16 4 0 191
13:41:46 4 0 189
13:42:16 4 0 211
13:42:47 4 0 237
13:43:17 4 0 189
13:43:47 4 0 189
13:44:17 4 0 189
13:44:47 4 0 189
13:45:18 4 0 189
13:45:48 4 0 189
13:46:18 4 0 189
13:46:48 4 0 189
13:47:19 4 0 189
13:47:49 4 0 190
13:48:20 4 0 189
13:48:50 4 0 189
13:49:20 4 0 190
13:49:50 4 0 189
13:50:20 4 0 192
13:50:50 4 0 189
13:51:21 4 0 189
13:51:51 4 0 191
13:52:21 4 0 189
13:52:51 4 0 189
13:53:21 4 0 213
13:53:51 4 0 189
13:54:21 4 0 189
13:54:51 4 0 189
13:55:21 4 0 189
13:55:51 4 0 189
13:56:22 4 0 189
13:56:52 4 0 189
13:57:22 4 0 190
13:57:52 4 0 189
13:58:22 4 0 192
13:58:52 4 0 189
13:59:22 4 0 189
13:59:52 4 0 200
14:00:22 4 0 189
14:00:53 4 0 189
14:01:23 4 0 189
14:01:53 4 0 189
14:02:23 4 0 189
14:02:53 4 0 191
14:03:23 4 0 189
14:03:53 4 0 192
14:04:23 4 0 192
14:04:53 4 0 190
14:05:24 4 0 199
14:05:54 4 0 189
14:06:24 4 0 189
14:06:54 4 0 191
14:07:24 4 0 189
14:07:55 3 1 189
14:08:25 4 0 222
14:08:56 3 1 191
14:09:25 4 0 189
14:09:55 4 0 190
14:10:25 4 0 192
14:10:55 4 0 192
14:11:26 4 0 190
14:11:57 4 0 189
14:12:27 4 0 191
14:12:57 4 0 190
14:13:27 4 0 189
14:13:57 4 0 189
14:14:28 4 0 189
14:14:58 3 1 189
14:15:28 4 0 191
14:15:58 4 0 189
14:16:28 4 0 189
14:16:58 4 0 190
14:17:29 4 0 189
14:17:59 4 0 207
14:18:29 4 0 190
14:18:59 4 0 189
14:19:29 4 0 207
14:19:59 4 0 189
14:20:29 4 0 189
14:20:59 4 0 189
14:21:30 4 0 189
14:22:00 4 0 192
14:22:30 4 0 189
14:23:00 4 0 189
14:23:30 4 0 193
14:24:00 4 0 191
14:24:31 4 0 189
14:25:01 4 0 189
14:25:31 4 0 189
14:26:01 4 0 191
14:26:32 4 0 189
14:27:02 4 0 190
14:27:32 4 0 189
14:28:02 4 0 192
14:28:33 4 0 192
14:29:03 4 0 189
14:29:33 4 0 189
14:30:03 4 0 189
14:30:33 4 0 191
14:31:03 4 0 189
14:31:34 4 0 189
14:32:04 4 0 189
14:32:34 4 0 189
14:33:04 4 0 208
14:33:35 3 1 189
14:34:04 4 0 189
14:34:34 4 0 189
14:35:05 4 0 189
14:35:35 4 0 189
14:36:05 4 0 190
14:36:35 4 0 189
14:37:06 4 0 189
14:37:36 4 0 198
14:38:07 4 0 194
14:38:37 4 0 191
14:39:07 4 0 192
14:39:38 4 0 189
14:40:08 4 0 189
14:40:38 4 0 189
14:41:08 4 0 189
14:41:38 4 0 189
14:42:09 4 0 189
14:42:39 4 0 189
14:43:09 4 0 189
14:43:39 4 0 189
14:44:09 4 0 189
14:44:40 4 0 189
14:45:10 4 0 189
14:45:40 4 0 189
14:46:10 4 0 189
14:46:41 3 1 189
14:47:11 4 0 190
14:47:41 4 0 217
14:48:11 4 0 191
14:48:41 4 0 189
14:49:11 4 0 189
14:49:42 4 0 190
14:50:12 4 0 189
14:50:42 4 0 189
14:51:12 4 0 198
14:51:42 4 0 190
14:52:13 4 0 189
14:52:43 4 0 189
14:53:13 4 0 195
14:53:44 3 1 189
14:54:13 4 0 189
14:54:43 4 0 192
14:55:13 4 0 189
14:55:43 4 0 189
14:56:14 4 0 189
14:56:44 4 0 189
14:57:14 4 0 189
14:57:44 4 0 189
14:58:14 4 0 189
14:58:44 4 0 189
14:59:14 4 0 189
14:59:45 4 0 189
15:00:15 4 0 195
15:00:45 4 0 189
15:01:15 4 0 189
15:01:45 4 0 189
15:02:15 4 0 189
15:02:45 4 0 189
15:03:15 4 0 189
15:03:45 4 0 189
15:04:15 4 0 189
15:04:46 4 0 189
15:05:16 4 0 189
15:05:46 4 0 189
15:06:16 4 0 189
15:06:46 4 0 189
15:07:16 4 0 189
15:07:46 4 0 189
15:08:16 4 0 190
15:08:46 4 0 189
15:09:16 4 0 189
15:09:47 4 0 189
15:10:17 4 0 189
15:10:47 4 0 189
15:11:17 4 0 189
15:11:47 4 0 189
15:12:17 4 0 190
15:12:47 4 0 190
15:13:17 4 0 189
15:13:48 4 0 189
15:14:18 4 0 189
15:14:48 4 0 189
15:15:18 4 0 191
15:15:48 4 0 189
15:16:19 3 1 191
15:16:49 4 0 189
15:17:19 4 0 189
15:17:49 4 0 189
15:18:19 4 0 189
15:18:49 4 0 189
15:19:19 4 0 189
15:19:49 4 0 189
15:20:19 4 0 189
15:20:49 4 0 189
15:21:19 4 0 190
15:21:50 4 0 189
15:22:20 4 0 192
15:22:50 3 1 189
15:23:20 4 0 189
15:23:50 4 0 189
15:24:20 4 0 189
15:24:50 4 0 189
15:25:20 4 0 189
15:25:50 4 0 189
15:26:20 4 0 190
15:26:51 4 0 189
15:27:21 3 1 192
15:27:51 4 0 201
15:28:21 4 0 190
15:28:51 4 0 189
15:29:22 3 1 202
15:29:51 4 0 189
15:30:21 4 0 189
15:30:51 4 0 190
15:31:22 4 0 197
15:31:52 4 0 191
15:32:22 4 0 189
15:32:52 4 0 189
15:33:22 4 0 189
15:33:53 4 0 189
15:34:23 4 0 193
15:34:53 4 0 189
15:35:23 4 0 189
15:35:53 4 0 189
15:36:23 4 0 189
15:36:53 4 0 189
15:37:23 4 0 189
15:37:54 4 0 193
15:38:24 4 0 189
15:38:54 4 0 217
15:39:24 4 0 189
15:39:54 4 0 190
15:40:24 4 0 189
15:40:54 4 0 189
15:41:24 4 0 191
15:41:54 4 0 189
15:42:24 4 0 189
15:42:55 4 0 189
15:43:25 4 0 189
15:43:55 4 0 189
15:44:25 4 0 189
15:44:56 3 1 192
15:45:25 4 0 189
15:45:56 3 1 190
15:46:25 4 0 189
15:46:56 4 0 189
15:47:26 4 0 189
15:47:56 4 0 189
15:48:26 4 0 190
15:48:56 4 0 189
15:49:26 4 0 189
15:49:56 4 0 189
15:50:26 4 0 189
15:50:57 4 0 189
15:51:27 4 0 191
15:51:57 4 0 191
15:52:27 4 0 189
15:52:57 4 0 189
15:53:27 4 0 189
15:53:58 4 0 189
15:54:28 4 0 192
15:54:59 3 1 189
15:55:28 4 0 189
15:55:58 4 0 189
15:56:28 4 0 189
15:56:58 4 0 189
15:57:28 4 0 189
15:57:58 4 0 189
15:58:28 4 0 189
15:58:59 4 0 189
15:59:29 4 0 189
15:59:59 4 0 190
16:00:29 4 0 189
16:00:59 4 0 189
16:01:29 4 0 189
16:01:59 4 0 192
16:02:29 4 0 189
16:02:59 4 0 189
16:03:30 4 0 203
16:04:01 3 1 189
16:04:30 4 0 189
16:05:01 3 1 189
16:05:30 4 0 189
16:06:00 4 0 189
16:06:31 3 1 189
16:07:00 4 0 189
16:07:30 4 0 190
16:08:01 4 0 189
16:08:31 3 1 189
16:09:01 4 0 189
16:09:31 4 0 189
16:10:01 4 0 189
16:10:31 4 0 189
16:11:01 4 0 189
16:11:31 4 0 190
16:12:02 4 0 189
16:12:32 4 0 201
16:13:03 3 1 197
16:13:32 4 0 189
16:14:02 4 0 190
16:14:32 4 0 189
16:15:02 4 0 190
16:15:32 4 0 189
16:16:02 4 0 189
16:16:32 4 0 191
16:17:03 4 0 189
16:17:33 4 0 189
16:18:03 4 0 192
16:18:33 4 0 203
16:19:03 4 0 189
16:19:33 4 0 189
16:20:03 4 0 238
16:20:33 4 0 233
16:21:04 4 0 189
16:21:34 4 0 191
16:22:04 4 0 189
16:22:34 4 0 190
16:23:04 4 0 190
16:23:34 4 0 189
16:24:04 4 0 189
16:24:35 3 1 189
16:25:04 4 0 191
16:25:34 4 0 189
16:26:05 4 0 189
16:26:35 4 0 191
16:27:05 4 0 189
16:27:35 4 0 190
16:28:05 4 0 189
16:28:35 4 0 189
16:29:05 4 0 191
16:29:35 4 0 191
16:30:06 4 0 189
16:30:36 4 0 191
16:31:06 4 0 189
16:31:36 4 0 189
16:32:06 4 0 189
16:32:36 4 0 190
16:33:07 4 0 191
16:33:37 4 0 189
16:34:07 4 0 192
16:34:37 4 0 189
16:35:07 4 0 189
16:35:38 4 0 230
16:36:08 4 0 192
16:36:38 4 0 189
16:37:08 4 0 192
16:37:38 4 0 189
16:38:08 4 0 189
16:38:38 4 0 190
16:39:08 4 0 189
16:39:39 4 0 213
16:40:09 4 0 189
16:40:39 4 0 189
16:41:09 4 0 189
16:41:39 4 0 197
16:42:09 4 0 189
16:42:39 4 0 189
16:43:09 4 0 189
16:43:39 4 0 189
16:44:10 4 0 189
16:44:40 4 0 189
16:45:10 4 0 190
16:45:40 4 0 189
16:46:10 4 0 191
16:46:41 2 2 189
16:47:11 3 1 189
16:47:42 2 2 199
16:48:10 4 0 189
16:48:41 3 1 189
16:49:10 4 0 189
16:49:40 4 0 189
16:50:11 4 0 189
16:50:41 4 0 189
16:51:11 4 0 189
16:51:43 2 2 221
16:52:11 4 0 261
16:52:41 4 0 189
16:53:12 4 0 191
16:53:42 4 0 189
16:54:12 4 0 189
16:54:42 4 0 189
16:55:12 4 0 189
16:55:42 4 0 189
16:56:12 4 0 189
16:56:42 4 0 189
16:57:13 4 0 189
16:57:43 4 0 189
16:58:13 4 0 189
16:58:43 4 0 189
16:59:13 4 0 189
16:59:43 4 0 189
17:00:13 4 0 201
17:00:43 4 0 189
17:01:14 4 0 189
17:01:44 4 0 213
17:02:14 4 0 189
17:02:44 4 0 189
17:03:15 4 0 189
17:03:45 4 0 221
17:04:15 4 0 189
17:04:45 4 0 189
17:05:15 4 0 189
17:05:45 4 0 189
17:06:15 4 0 189
17:06:45 4 0 189
17:07:16 4 0 189
17:07:46 4 0 189
17:08:16 4 0 189
17:08:46 4 0 189
17:09:16 4 0 189
17:09:46 4 0 192
17:10:16 4 0 189
17:10:46 4 0 189
17:11:16 4 0 189
17:11:47 4 0 189
17:12:17 4 0 189
17:12:47 4 0 192
17:13:17 4 0 194
17:13:47 4 0 189
17:14:17 4 0 189
17:14:47 4 0 189
17:15:17 4 0 189
17:15:47 4 0 189
17:16:18 4 0 193
17:16:48 4 0 191
17:17:18 4 0 189
17:17:48 4 0 189
17:18:18 4 0 191
17:18:48 4 0 189
17:19:18 4 0 191
17:19:48 4 0 189
17:20:19 4 0 202
17:20:49 4 0 189
17:21:19 4 0 189
17:21:49 4 0 189
17:22:19 4 0 189
17:22:49 4 0 189
17:23:20 4 0 189
17:23:50 4 0 201
17:24:21 4 0 189
17:24:51 4 0 189
17:25:21 4 0 189
17:25:51 4 0 189
17:26:21 4 0 191
17:26:51 4 0 189
17:27:22 4 0 189
17:27:52 4 0 189
17:28:22 4 0 189
17:28:52 4 0 189
17:29:22 4 0 189
17:29:52 4 0 189
17:30:23 4 0 189
17:30:53 4 0 189
17:31:23 4 0 190
17:31:53 4 0 189
17:32:23 4 0 189
17:32:53 4 0 189
17:33:23 4 0 191
17:33:53 4 0 189
17:34:24 4 0 196
17:34:54 4 0 189
17:35:24 4 0 189
17:35:54 4 0 189
17:36:24 4 0 191
17:36:54 4 0 189
17:37:24 4 0 189
17:37:54 4 0 189
17:38:25 4 0 189
17:38:55 4 0 189
17:39:25 4 0 189
17:39:55 4 0 190
17:40:26 4 0 189
17:40:56 4 0 189
17:41:26 4 0 189
17:41:56 4 0 189
17:42:26 4 0 189
17:42:57 4 0 189
17:43:27 4 0 189
17:43:57 4 0 189
17:44:27 4 0 189
17:44:57 4 0 189
17:45:28 4 0 189
17:45:58 4 0 190
17:46:28 4 0 189
17:46:58 4 0 189
17:47:28 4 0 189
17:47:58 4 0 189
17:48:28 4 0 189
17:48:59 4 0 189
17:49:29 4 0 189
17:49:59 4 0 190
17:50:29 4 0 189
17:50:59 4 0 189
17:51:29 4 0 189
17:51:59 4 0 192
17:52:30 4 0 192
17:53:00 4 0 189
17:53:30 4 0 189
17:54:01 3 1 189
17:54:30 4 0 189
17:55:00 4 0 189
17:55:30 4 0 191
17:56:00 4 0 189
17:56:30 4 0 189
17:57:01 4 0 190
17:57:31 4 0 189
17:58:01 4 0 189
17:58:31 4 0 189
17:59:01 4 0 189
17:59:31 4 0 189
18:00:01 4 0 198
18:00:32 4 0 189
18:01:02 4 0 189
18:01:32 4 0 189
18:02:02 4 0 198
18:02:33 3 1 189
18:03:03 4 0 189
18:03:33 4 0 189
18:04:03 4 0 189
18:04:33 4 0 189
18:05:03 4 0 189
18:05:34 4 0 189
18:06:04 4 0 189
18:06:34 4 0 189
18:07:04 4 0 189
18:07:34 4 0 189
18:08:04 4 0 189
18:08:35 4 0 189
18:09:05 4 0 189
18:09:35 4 0 190
18:10:05 4 0 189
18:10:35 4 0 192
18:11:05 4 0 189
18:11:35 4 0 189
18:12:05 4 0 189
18:12:36 4 0 189
18:13:06 4 0 189
18:13:36 4 0 189
18:14:06 4 0 189
18:14:36 4 0 189
18:15:06 4 0 189
18:15:36 4 0 189
18:16:06 4 0 189
18:16:37 4 0 189
18:17:07 4 0 189
18:17:37 4 0 189
18:18:07 4 0 189
18:18:37 4 0 189
18:19:07 4 0 189
18:19:37 4 0 189
18:20:07 4 0 189
18:20:38 4 0 203
18:21:08 4 0 189
18:21:38 4 0 189
18:22:08 4 0 189
18:22:39 4 0 189
18:23:09 4 0 189
18:23:39 4 0 189
18:24:10 4 0 189
18:24:40 4 0 189
18:25:10 4 0 189
18:25:40 4 0 190
18:26:10 4 0 189
18:26:40 4 0 189
18:27:10 4 0 191
18:27:41 4 0 189
18:28:11 4 0 189
18:28:41 4 0 189
18:29:11 4 0 189
18:29:41 4 0 189
18:30:11 4 0 189
18:30:42 4 0 189
18:31:12 4 0 189
18:31:42 4 0 189
18:32:12 4 0 189
18:32:43 4 0 189
18:33:13 4 0 189
18:33:43 4 0 189
18:34:14 4 0 190
18:34:44 4 0 189
18:35:14 4 0 190
18:35:44 4 0 189
18:36:14 4 0 189
18:36:44 4 0 190
18:37:15 3 1 191
18:37:45 4 0 189
18:38:15 4 0 189
18:38:45 4 0 189
18:39:15 4 0 189
18:39:45 4 0 189
18:40:15 4 0 192
18:40:45 4 0 189
18:41:15 4 0 191
18:41:46 3 1 189
18:42:16 4 0 189
18:42:46 4 0 189
18:43:16 4 0 199
18:43:46 4 0 213
18:44:16 4 0 191
18:44:46 4 0 189
18:45:16 4 0 189
18:45:46 4 0 192
18:46:16 4 0 189
18:46:47 4 0 189
18:47:17 4 0 189
18:47:47 4 0 191
18:48:17 4 0 196
18:48:47 4 0 189
18:49:17 4 0 189
18:49:47 4 0 193
18:50:17 4 0 189
18:50:48 4 0 189
18:51:18 4 0 189
18:51:48 4 0 192
18:52:18 4 0 189
18:52:48 4 0 189
18:53:18 4 0 189
18:53:49 4 0 190
18:54:19 4 0 189
18:54:49 4 0 189
18:55:20 4 0 189
18:55:50 4 0 200
18:56:20 4 0 189
18:56:50 4 0 189
18:57:20 4 0 189
18:57:50 4 0 189
18:58:20 4 0 189
18:58:50 4 0 189
18:59:20 4 0 189
18:59:51 4 0 200
19:00:21 4 0 192
19:00:51 4 0 189
19:01:21 4 0 217
19:01:51 4 0 189
19:02:21 4 0 189
19:02:51 4 0 189
19:03:21 4 0 189
19:03:52 4 0 189
19:04:22 4 0 189
19:04:52 4 0 189
19:05:22 4 0 189
19:05:52 4 0 189
19:06:22 4 0 189
19:06:52 4 0 189
19:07:22 4 0 189
19:07:52 4 0 189
19:08:22 4 0 189
19:08:53 4 0 189
19:09:23 4 0 189
19:09:53 4 0 189
19:10:23 4 0 189
19:10:53 4 0 189
19:11:23 4 0 189
19:11:53 4 0 219
19:12:23 4 0 189
19:12:54 4 0 189
19:13:24 4 0 189
19:13:54 4 0 189
19:14:24 4 0 189
19:14:54 4 0 189
19:15:24 4 0 189
19:15:54 4 0 189
19:16:24 4 0 192
19:16:54 4 0 192
19:17:24 4 0 189
19:17:55 4 0 189
19:18:25 4 0 189
19:18:55 4 0 189
19:19:25 4 0 189
19:19:55 4 0 191
19:20:25 4 0 189
19:20:55 4 0 192
19:21:25 4 0 189
19:21:56 4 0 190
19:22:26 4 0 189
19:22:56 4 0 189
19:23:26 4 0 191
19:23:56 4 0 189
19:24:26 4 0 189
19:24:56 4 0 189
19:25:26 4 0 189
19:25:56 4 0 189
19:26:26 4 0 189
19:26:57 4 0 189
19:27:27 4 0 189
19:27:57 4 0 201
19:28:27 4 0 215
19:28:57 4 0 189
19:29:27 4 0 189
19:29:57 4 0 189
19:30:27 4 0 191
19:30:57 4 0 189
19:31:27 4 0 189
19:31:58 4 0 189
19:32:28 4 0 189
19:32:58 4 0 190
19:33:28 4 0 189
19:33:59 4 0 189
19:34:29 4 0 189
19:34:59 4 0 189
19:35:29 4 0 190
19:35:59 4 0 189
19:36:29 4 0 189
19:36:59 4 0 189
19:37:29 4 0 189
19:37:59 4 0 189
19:38:29 4 0 189
19:39:00 4 0 189
19:39:30 4 0 189
19:40:00 4 0 208
19:40:31 3 1 189
19:41:00 4 0 189
19:41:30 4 0 189
19:42:00 4 0 189
19:42:30 4 0 203
19:43:01 4 0 189
19:43:31 4 0 189
19:44:01 4 0 189
19:44:31 4 0 189
19:45:01 4 0 192
19:45:32 3 1 193
19:46:01 4 0 189
19:46:31 4 0 189
19:47:01 4 0 189
19:47:31 4 0 192
19:48:02 4 0 189
19:48:32 4 0 189
19:49:02 4 0 192
19:49:32 4 0 189
19:50:02 4 0 189
19:50:32 4 0 189
19:51:02 4 0 189
19:51:32 4 0 189
19:52:02 4 0 189
19:52:32 4 0 189
19:53:03 4 0 189
19:53:33 4 0 191
19:54:03 4 0 189
19:54:33 4 0 189
19:55:03 4 0 190
19:55:33 4 0 189
19:56:03 4 0 190
19:56:33 4 0 191
19:57:04 4 0 189
19:57:34 4 0 189
19:58:04 4 0 189
19:58:34 4 0 192
19:59:04 4 0 189
19:59:34 4 0 189
20:00:04 4 0 191
20:00:34 4 0 189
20:01:04 4 0 189
20:01:34 4 0 189
20:02:05 4 0 190
20:02:35 4 0 189
20:03:05 4 0 192
20:03:35 4 0 192
20:04:05 4 0 189
20:04:35 4 0 189
20:05:05 4 0 189
20:05:35 4 0 189
20:06:05 4 0 189
20:06:35 4 0 189
20:07:06 4 0 189
20:07:36 4 0 189
20:08:06 4 0 189
20:08:36 4 0 189
20:09:06 4 0 189
20:09:36 4 0 189
20:10:06 4 0 190
20:10:36 4 0 189
20:11:06 4 0 189
20:11:36 4 0 189
20:12:07 4 0 189
20:12:37 4 0 189
20:13:07 4 0 190
20:13:37 4 0 189
20:14:07 4 0 189
20:14:37 4 0 189
20:15:07 4 0 189
20:15:37 4 0 215
20:16:07 4 0 189
20:16:37 4 0 190
20:17:08 4 0 189
20:17:38 4 0 189
20:18:08 4 0 189
20:18:38 4 0 189
20:19:08 4 0 189
20:19:38 4 0 189
20:20:08 4 0 189
20:20:38 4 0 189
20:21:08 4 0 189
20:21:39 4 0 189
20:22:09 4 0 189
20:22:39 4 0 189
20:23:09 4 0 189
20:23:39 4 0 189
20:24:09 4 0 189
20:24:39 4 0 189
20:25:09 4 0 189
20:25:40 4 0 189
20:26:10 4 0 191
20:26:40 4 0 189
20:27:10 4 0 189
20:27:40 4 0 189
20:28:10 4 0 189
20:28:40 4 0 189
20:29:10 4 0 191
20:29:40 4 0 189
20:30:11 4 0 189
20:30:41 4 0 189
20:31:11 4 0 189
20:31:41 4 0 190
20:32:11 4 0 190
20:32:41 4 0 189
20:33:11 4 0 189
20:33:41 4 0 189
20:34:12 4 0 191
20:34:42 4 0 189
20:35:12 4 0 189
20:35:42 4 0 189
20:36:12 4 0 189
20:36:42 4 0 189
20:37:12 4 0 189
20:37:42 4 0 189
20:38:12 4 0 190
20:38:42 4 0 189
20:39:13 4 0 189
20:39:43 4 0 190
20:40:13 4 0 189
20:40:43 4 0 189
20:41:13 4 0 189
20:41:43 4 0 189
20:42:13 4 0 189
20:42:43 4 0 189
20:43:13 4 0 189
20:43:43 4 0 190
20:44:13 4 0 189
20:44:44 4 0 189
20:45:14 4 0 189
20:45:44 4 0 189
20:46:14 4 0 189
20:46:44 4 0 190
20:47:14 4 0 189
20:47:44 4 0 189
20:48:15 4 0 189
20:48:45 4 0 189
20:49:15 4 0 189
20:49:45 4 0 189
20:50:15 4 0 189
20:50:45 4 0 189
20:51:15 4 0 189
20:51:45 4 0 189
20:52:15 4 0 189
20:52:45 4 0 190
20:53:15 4 0 189
20:53:45 4 0 189
20:54:16 4 0 189
20:54:46 4 0 189
20:55:16 4 0 200
20:55:46 4 0 189
20:56:16 4 0 189
20:56:46 4 0 189
20:57:16 4 0 189
20:57:46 4 0 189
20:58:16 4 0 189
20:58:47 4 0 189
20:59:17 4 0 189
20:59:47 4 0 189
21:00:17 4 0 189
21:00:47 4 0 189
21:01:17 4 0 191
21:01:47 4 0 189
21:02:17 4 0 189
21:02:47 4 0 189
21:03:18 4 0 190
21:03:48 4 0 193
21:04:18 4 0 189
21:04:48 4 0 189
21:05:18 4 0 189
21:05:48 4 0 189
21:06:18 4 0 194
21:06:49 4 0 189
21:07:19 4 0 206
21:07:49 4 0 189
21:08:20 4 0 191
21:08:50 4 0 190
21:09:20 4 0 192
21:09:50 4 0 189
21:10:20 4 0 189
21:10:50 4 0 189
21:11:20 4 0 189
21:11:50 4 0 189
21:12:20 4 0 189
21:12:50 4 0 190
21:13:21 4 0 189
21:13:51 4 0 189
21:14:21 4 0 189
21:14:51 4 0 191
21:15:21 4 0 189
21:15:51 4 0 189
21:16:21 4 0 189
21:16:51 4 0 189
21:17:21 4 0 189
21:17:51 4 0 190
21:18:22 4 0 189
21:18:52 4 0 189
21:19:22 4 0 191
21:19:52 4 0 190
21:20:22 4 0 189
21:20:52 4 0 190
21:21:23 4 0 190
21:21:53 4 0 189
21:22:23 4 0 189
21:22:53 4 0 189
21:23:23 4 0 189
21:23:53 4 0 189
21:24:23 4 0 189
21:24:53 4 0 192
21:25:23 4 0 189
21:25:53 4 0 189
21:26:24 4 0 189
21:26:54 4 0 189
21:27:25 4 0 214
21:27:55 4 0 192
21:28:25 4 0 191
21:28:55 4 0 189
21:29:25 4 0 189
21:29:55 4 0 189
21:30:26 4 0 189
21:30:56 4 0 189
21:31:26 4 0 189
21:31:56 4 0 189
21:32:26 4 0 189
21:32:56 4 0 190
21:33:26 4 0 189
21:33:56 4 0 189
21:34:27 4 0 190
21:34:57 4 0 191
21:35:27 4 0 189
21:35:57 4 0 189
21:36:27 4 0 189
21:36:57 4 0 189
21:37:27 4 0 189
21:37:57 4 0 189
21:38:27 4 0 192
21:38:57 4 0 189
21:39:28 4 0 189
21:39:58 4 0 189
21:40:28 4 0 189
21:40:58 4 0 189
21:41:28 4 0 191
21:41:58 4 0 189
21:42:29 3 1 192
21:42:58 4 0 193
21:43:29 4 0 192
21:43:59 4 0 189
21:44:29 4 0 189
21:44:59 4 0 189
21:45:29 4 0 189
21:45:59 4 0 189
21:46:29 4 0 189
21:46:59 4 0 189
21:47:30 4 0 189
21:48:00 4 0 189
21:48:30 4 0 189
21:49:00 4 0 189
21:49:30 4 0 189
21:50:00 4 0 189
21:50:30 4 0 189
21:51:00 4 0 189
21:51:30 4 0 189
21:52:00 4 0 191
21:52:31 4 0 189
21:53:01 4 0 193
21:53:31 4 0 189
21:54:01 4 0 189
21:54:31 4 0 189
21:55:01 4 0 189
21:55:31 4 0 189
21:56:01 4 0 189
21:56:32 4 0 189
21:57:02 4 0 189
21:57:32 4 0 189
21:58:02 4 0 189
21:58:32 4 0 189
21:59:02 4 0 189
21:59:32 4 0 190
22:00:02 4 0 189
22:00:33 4 0 202
22:01:03 4 0 189
22:01:33 4 0 189
22:02:03 4 0 192
22:02:33 4 0 189
22:03:03 4 0 189
22:03:33 4 0 189
22:04:03 4 0 189
22:04:34 4 0 189
22:05:04 4 0 189
22:05:34 4 0 189
22:06:04 4 0 189
22:06:35 4 0 189
22:07:05 4 0 191
22:07:35 4 0 189
22:08:05 4 0 189
22:08:36 4 0 189
22:09:06 4 0 189
22:09:36 4 0 190
22:10:06 4 0 189
22:10:36 4 0 189
22:11:06 4 0 191
22:11:36 4 0 189
22:12:06 4 0 189
22:12:37 4 0 189
22:13:07 4 0 195
22:13:37 4 0 189
22:14:07 4 0 189
22:14:37 4 0 189
22:15:07 4 0 189
22:15:37 4 0 189
22:16:07 4 0 189
22:16:38 4 0 189
22:17:08 4 0 189
22:17:38 4 0 190
22:18:08 4 0 189
22:18:38 4 0 189
22:19:08 4 0 189
22:19:38 4 0 189
22:20:08 4 0 189
22:20:39 4 0 189
22:21:09 4 0 189
22:21:39 4 0 189
22:22:09 4 0 203
22:22:39 4 0 189
22:23:09 4 0 189
22:23:39 4 0 190
22:24:09 4 0 189
22:24:40 4 0 189
22:25:10 4 0 189
22:25:40 4 0 189
22:26:10 4 0 189
22:26:41 3 1 189
22:27:10 4 0 189
22:27:40 4 0 189
22:28:10 4 0 189
22:28:41 4 0 190
22:29:11 4 0 189
22:29:41 4 0 189
22:30:11 4 0 189
22:30:41 4 0 189
22:31:11 4 0 189
22:31:41 4 0 189
22:32:11 4 0 189
22:32:42 4 0 189
22:33:12 4 0 191
22:33:42 4 0 189
22:34:12 4 0 189
22:34:42 4 0 191
22:35:12 4 0 189
22:35:42 4 0 189
22:36:12 4 0 189
22:36:43 4 0 220
22:37:13 4 0 189
22:37:43 4 0 192
22:38:13 4 0 192
22:38:43 4 0 189
22:39:13 4 0 189
22:39:44 4 0 189
22:40:14 4 0 191
22:40:44 4 0 189
22:41:14 4 0 189
22:41:44 4 0 189
22:42:14 4 0 189
22:42:44 4 0 189
22:43:14 4 0 190
22:43:45 4 0 189
22:44:15 4 0 191
22:44:45 4 0 189
22:45:15 4 0 189
22:45:45 4 0 189
22:46:15 4 0 189
22:46:45 4 0 189
22:47:15 4 0 191
22:47:46 4 0 189
22:48:16 4 0 189
22:48:46 4 0 189
22:49:16 4 0 189
22:49:46 4 0 189
22:50:16 4 0 189
22:50:46 4 0 189
22:51:16 4 0 189
22:51:47 4 0 189
22:52:17 4 0 189
22:52:47 4 0 189
22:53:17 4 0 189
22:53:47 4 0 189
22:54:17 4 0 189
22:54:47 4 0 189
22:55:17 4 0 190
22:55:48 4 0 189
22:56:18 4 0 189
22:56:48 4 0 189
22:57:18 4 0 189
22:57:48 4 0 189
22:58:18 4 0 189
22:58:48 4 0 189
22:59:18 4 0 189
22:59:49 4 0 189
23:00:19 4 0 189
23:00:49 4 0 189
23:01:19 4 0 189
23:01:49 4 0 189
23:02:19 4 0 189
23:02:49 4 0 189
23:03:19 4 0 189
23:03:50 4 0 190
23:04:20 4 0 189
23:04:50 4 0 189
23:05:20 4 0 189
23:05:50 4 0 189
23:06:20 4 0 189
23:06:50 4 0 189
23:07:20 4 0 189
23:07:51 4 0 189
23:08:21 4 0 189
23:08:51 4 0 190
23:09:21 4 0 189
23:09:51 4 0 189
23:10:21 4 0 189
23:10:51 4 0 189
23:11:21 4 0 189
23:11:52 4 0 189
23:12:22 4 0 189
23:12:52 4 0 189
23:13:22 4 0 189
23:13:52 4 0 189
23:14:22 4 0 189
23:14:52 4 0 189
23:15:22 4 0 189
23:15:53 4 0 189
23:16:23 4 0 189
23:16:53 4 0 210
23:17:23 4 0 189
23:17:53 4 0 189
23:18:23 4 0 189
23:18:53 4 0 189
23:19:23 4 0 192
23:19:54 4 0 189
23:20:24 4 0 189
23:20:54 4 0 189
23:21:24 4 0 189
23:21:54 4 0 189
23:22:24 4 0 189
23:22:55 4 0 191
23:23:25 4 0 189
23:23:55 4 0 189
23:24:25 4 0 189
23:24:55 4 0 189
23:25:25 4 0 189
23:25:55 4 0 191
23:26:25 4 0 190
23:26:56 4 0 189
23:27:26 4 0 189
23:27:56 4 0 189
23:28:26 4 0 189
23:28:56 4 0 189
23:29:26 4 0 189
23:29:56 4 0 189
23:30:26 4 0 189
23:30:57 4 0 189
23:31:27 4 0 189
23:31:57 4 0 189
23:32:27 4 0 189
23:32:57 4 0 189
23:33:27 4 0 189
23:33:58 4 0 189
23:34:28 4 0 190
23:34:58 4 0 189
23:35:29 3 1 191
23:35:58 4 0 189
23:36:28 4 0 189
23:36:58 4 0 196
23:37:28 4 0 189
23:37:59 4 0 189
23:38:29 4 0 190
23:38:59 4 0 190
23:39:29 4 0 189
23:39:59 4 0 189
23:40:29 4 0 192
23:40:59 4 0 189
23:41:29 4 0 189
23:42:00 4 0 189
23:42:30 4 0 189
23:43:00 4 0 189
23:43:30 4 0 189
23:44:01 4 0 189
23:44:31 4 0 189
23:45:01 4 0 189
23:45:31 4 0 189
23:46:01 4 0 189
23:46:31 4 0 189
23:47:02 4 0 189
23:47:32 4 0 189
23:48:02 4 0 189
23:48:33 4 0 189
23:49:03 4 0 189
23:49:33 4 0 189
23:50:04 4 0 189
23:50:34 4 0 189
23:51:05 4 0 189
23:51:35 4 0 189
23:52:05 4 0 189
23:52:36 4 0 189
23:53:06 4 0 189
23:53:36 4 0 189
23:54:07 4 0 189
23:54:37 4 0 189
23:55:07 4 0 190
23:55:38 4 0 204
23:56:09 4 0 189
23:56:39 4 0 189
23:57:09 4 0 189
23:57:40 4 0 189
23:58:10 4 0 189
23:58:40 4 0 189
23:59:11 4 0 189
23:59:41 4 0 189
