00:01:40 22471 3746
00:02:51 22139 1646
00:03:29 371416 25833
00:04:30 17706 3117
00:05:30 48246 3325
00:06:30 24158 1558
00:07:31 62744 3353
02:00:08 11505 2748
02:01:09 20539 3094
02:02:09 10983 2070
02:03:12 53406 4346
02:04:10 58804 3336
02:05:10 688 2192
02:06:11 14442 1987
02:07:11 82953 24658
02:08:15 19555 1840
02:09:12 187947 9706
02:10:12 22773 2113
02:11:16 84800 6143
02:12:16 42267 22634
02:13:13 19763 23860
02:14:14 12319 2089
02:15:15 6084 186
02:16:15 17600 1948
02:17:15 43297 25104
02:18:16 408 528
02:19:16 54423 4664
02:20:17 10891 2211
02:21:17 69361 4400
02:22:18 28789 2551
02:23:18 477 2096
02:24:18 967 1405
02:25:19 346 342
02:26:19 7824 1659
02:27:20 49145 2654
02:28:20 60466 7433
02:29:21 22593 1388
02:30:21 575 703
02:31:21 5673 1019
02:32:22 202 268
02:33:22 14132 1356
02:34:22 4839 456
02:35:23 268 274
02:36:23 153027 10102
02:37:24 7057 1258
02:38:24 2388 1666
02:39:24 94527 9580
02:40:25 -1 -1
02:41:25 1153 1744
02:42:26 17827 1560
02:43:26 48018 4564
02:44:26 1517 1141
02:45:27 103878 14925
02:46:27 53968 5535
02:47:28 101570 8099
02:48:28 66413 5911
02:49:28 30706 2451
02:50:32 36272 11048
02:51:29 23847 2194
02:52:30 7125 520
02:53:30 14558 2476
02:54:30 5319 3846
02:55:31 202 268
02:56:31 28402 4713
02:57:32 47121 5550
02:58:32 35245 6335
02:59:32 123928 17289
03:00:33 115939 11970
03:01:33 34827 4110
03:02:34 89375 5234
03:03:34 79693 13880
03:04:37 116 0
03:05:35 36721 6225
03:06:36 12272 1060
03:07:36 62279 5459
03:08:36 45664 5709
03:09:37 1406 4412
03:10:37 11464 2491
03:11:41 9916 1034
03:12:38 29822 2622
03:13:38 8496 728
03:14:38 182 194
03:15:39 17808 1499
03:16:39 8953 1192
03:17:39 54144 2236
03:18:40 182 194
03:19:40 202 268
03:20:40 3381 2484
03:21:41 44903 12601
03:22:41 1999 6465
03:23:42 596 1015
03:24:42 2901 1555
03:25:42 326 334
03:26:42 700 10003
03:27:43 182 260
03:28:43 208286 10419
03:29:43 10697 3040
03:30:44 57349 2802
03:31:44 3215 2502
03:32:44 38217 3201
03:33:45 4143 622
03:34:45 27010 4290
03:35:45 37926 2821
03:36:46 13735 920
03:37:46 22058 53524
03:38:46 7180 826
03:39:47 9996 15612
03:40:47 3385 7106
03:41:48 1423 1652
03:42:48 911 1316
03:43:48 362 1351
03:44:49 30822 3885
03:45:49 1080 977
03:46:49 44634 3299
03:47:50 23040 4615
03:48:50 124797 16708
03:49:50 6382 1432
03:50:51 56221 5616
03:51:51 490367 27365
03:52:51 10703 11672
03:53:52 14136 3143
03:54:52 14273 2386
03:55:52 267002 9847
03:56:53 24098 3878
03:57:53 43485 6575
03:58:53 24680 3066
03:59:54 127164 10019
04:00:54 1965 3869
04:01:54 55825 5633
04:02:55 2206 2694
04:03:55 18446 3447
04:04:55 3829 2008
04:05:56 4249 2480
04:06:56 11528 3266
04:07:56 26973 3521
04:08:57 7210 3348
04:09:57 23896 4291
04:10:57 9744 1348
04:11:58 14676 4282
04:12:58 12928 9367
04:13:58 20765 1761
04:14:59 12498 2121
04:15:59 60319 5482
04:16:59 2458 3610
04:18:00 124934 4622
04:19:00 5797 1450
04:20:00 171953 11722
04:21:01 8629 2230
04:22:01 45915 4249
04:23:01 1625 2253
04:24:02 12824 2910
04:25:02 1071 1402
04:26:02 352 374
04:27:03 28973 2237
04:28:03 305639 17726
04:29:03 5748 7642
04:30:04 1320 1982
04:31:04 252247 4980
04:32:05 260742 6934
04:33:05 290752 6288
04:34:05 272476 6204
04:35:06 252616 3598
04:36:06 273991 5025
04:37:06 257011 3896
04:38:07 244 254
04:39:07 258506 46259
04:40:07 243445 5606
04:41:08 70560 2931
04:42:08 58371 1426
04:43:09 55796 2272
04:44:09 14102 3078
04:45:09 22943 2745
04:46:10 52279 5447
04:47:10 93236 5877
04:48:10 24366 9733
04:49:11 126323 9979
04:50:11 77552 5908
04:51:11 229199 7690
04:52:12 61986 7336
04:53:12 88309 6970
04:54:12 101875 7367
04:55:13 56878 5151
04:56:13 47785 5700
04:57:14 27110 2976
04:58:14 26295 40894
04:59:14 4873 1834
05:00:14 1241 1304
05:01:16 36761 3206
05:02:15 73820 8123
05:03:15 3800 55914
05:04:16 20386 3090
05:05:16 1198 1448
05:06:17 33413 4395
05:07:17 1874 1710
05:08:17 7075 4178
05:09:18 26051 2385
05:10:18 322 328
05:11:19 18672 23748
05:12:19 3670 2974
05:13:19 325378 10220
05:14:19 98097 7658
05:15:20 14182 2910
05:16:21 119947 10714
05:17:24 50814 6459
05:18:21 25608 2270
05:19:21 67171 3498
05:20:21 27538 2986
05:21:22 33726 2856
05:22:22 942 1378
05:23:23 30658 3247
05:24:23 18780 2912
05:25:23 45938 4040
05:26:24 37596 1812
05:27:24 39128 1537
05:28:24 22305 3831
05:29:25 19746 2075
05:30:25 24718 8738
05:31:25 12698 7123
05:32:26 33610 3196
05:33:26 1251 1260
05:34:26 29322 2358
05:35:27 950 1615
05:36:27 26678 3599
05:37:27 38908 15247
05:38:28 125754 2952
05:39:28 49682 4088
05:40:28 52226 3187
05:41:29 83553 4533
05:42:29 6313 2065
05:43:29 73537 6859
05:44:30 57280 5121
05:45:30 46800 4319
05:46:30 182 444
05:47:31 265900 13687
05:48:34 252748 6511
05:49:31 38290 2648
05:50:32 291151 8939
05:51:32 320117 24745
05:52:32 264360 7684
05:53:33 269745 6898
05:54:33 257800 7161
05:55:33 290346 8554
05:56:34 258585 5109
05:57:34 16278 2769
05:58:34 33985 4905
05:59:35 14792 5429
06:00:35 109103 8322
06:01:36 35262 8686
06:02:36 129768 4128
06:03:37 30751 4563
06:04:37 105137 4530
06:05:37 144015 5995
06:06:38 269902 6262
06:07:38 210724 5136
06:08:39 314925 11386
06:09:39 72302 4516
06:10:39 254583 7494
06:11:40 45292 20601
06:12:40 261834 6490
06:13:40 250316 7610
06:14:41 246168 4089
06:15:41 253201 4910
06:16:41 428611 18668
06:17:42 243278 5316
06:18:42 246930 4837
06:19:42 268227 6718
06:20:43 265594 4968
06:21:43 257665 4955
06:22:44 284183 34728
06:23:44 247726 4373
06:24:44 215235 8662
06:25:45 141872 6572
06:26:45 148468 8604
06:27:45 159447 5006
06:28:46 213122 5296
06:29:46 83320 4546
06:30:46 498068 15770
06:31:47 356308 10504
06:32:47 40099 4596
06:33:47 66946 2434
06:34:48 115517 12388
06:35:48 74755 3770
06:36:48 58934 4576
06:37:49 104069 6448
06:38:49 54910 4773
06:39:49 86829 7783
06:40:50 93702 6181
06:41:50 97574 7198
06:42:50 169409 20055
06:43:51 49819 2725
06:44:51 203823 3864
06:45:51 452294 11946
06:46:52 255883 5663
06:47:52 292455 5629
06:48:52 236545 5924
06:49:53 1843 3130
06:50:53 211529 4630
06:51:53 254343 5168
06:52:54 252270 4948
06:53:54 294490 8427
06:54:54 230440 5237
06:55:55 317074 9746
06:56:55 216280 7379
06:57:55 279753 7229
06:58:56 238424 22898
06:59:56 86801 7501
07:00:56 486165 13438
07:01:57 308931 9389
07:02:57 230721 8148
07:03:57 155874 8048
07:04:58 6732 1921
07:05:58 247019 10431
07:06:59 153984 21651
07:07:59 346299 33416
07:08:59 84378 9695
07:09:59 27872 3668
07:11:00 250497 12163
07:12:00 5988 2657
07:13:00 277802 13661
07:14:01 10933 4187
07:15:01 10873 2564
07:16:01 18504 4781
07:17:02 12384 1926
07:18:02 30181 4805
07:19:02 26974 2160
07:20:03 2022 2904
07:21:03 69996 9210
07:22:03 134778 11278
07:23:04 124960 9681
07:24:04 48081 5563
07:25:05 34282 10143
07:26:05 2569 3359
07:27:05 52732 6571
07:28:05 14981 3540
07:29:06 64145 5796
07:30:06 42821 6023
07:31:07 86205 8492
07:32:07 173715 31008
07:33:07 2599 2743
07:34:08 48126 2038
07:35:08 44713 4684
07:36:08 29442 3151
07:37:09 48915 5580
07:38:09 2226 4031
07:39:09 13457 4419
07:40:10 120523 6513
07:41:10 303 459
07:42:10 122542 5177
07:43:11 255450 11654
07:44:11 173577 8368
07:45:11 175345 13064
07:46:12 2121 3328
07:47:12 12393 4017
07:48:12 3527 3654
07:49:12 14150 2826
07:50:13 78236 4467
07:51:13 74010 7192
07:52:13 103432 8314
07:53:14 101903 9614
07:54:14 73714 6904
07:55:14 79397 16169
07:56:15 165614 20867
07:57:15 152011 8847
07:58:15 59332 3924
07:59:16 115184 8058
08:00:16 22427 5426
08:01:16 28834 3750
08:02:17 28671 4365
08:03:17 272736 15371
08:04:17 18996 1848
08:05:21 1742 2832
08:06:18 352868 17165
08:07:21 2826 3892
08:08:18 63366 7270
08:09:19 68120 4078
08:10:19 868 1566
08:11:19 1348 2248
08:12:20 571467 24847
08:13:20 502 1036
08:14:20 162 1040
08:15:21 51146 2613
08:16:21 410 717
08:17:21 70497 3602
08:18:21 504 736
08:19:22 21496 16843
08:20:22 194848 11013
08:21:23 20326 2696
08:22:23 22702 5014
08:23:24 1634 3944
08:24:24 3866 2439
08:25:24 49916 1212
08:26:25 258008 21261
08:27:25 170724 12883
08:28:25 11960 2602
08:29:26 20321 16125
08:30:26 109611 7333
08:31:26 306 978
08:32:27 234074 10003
08:33:27 51104 3359
08:34:27 485 753
08:35:28 29383 8406
08:36:28 107999 5077
08:37:28 44305 3147
08:38:32 11074 1756
08:39:29 49774 1704
08:40:29 8937 2555
08:41:30 38661 4021
08:42:30 23299 2846
08:43:31 6320 1063
08:44:31 9916 1266
08:45:31 61550 7123
08:46:31 14231 3170
08:47:32 27432 5413
08:48:32 55839 4150
08:49:33 202965 37224
08:50:33 106250 16390
08:51:33 100126 5445
08:52:34 90906 7290
08:53:34 42086 3995
08:54:34 19436 9627
08:55:36 13775 3226
08:56:37 78110 7433
08:57:37 1668 186
08:58:37 426 1782
08:59:38 54308 3259
09:00:38 104238 4365
09:01:38 54049 8707
09:02:39 77330 6261
09:03:39 66800 9318
09:04:39 116206 4513
09:05:39 290445 13658
09:06:40 64276 9249
09:07:40 95945 27603
09:08:40 83517 6688
09:09:41 137029 17594
09:10:41 116397 11918
09:11:41 67468 4178
09:12:41 2581 1583
09:13:41 101170 5580
09:14:42 358594 22651
09:15:41 -1 -1
09:16:42 521491 22169
09:17:42 377673 29946
09:18:43 24884 1896
09:19:43 104593 4853
09:20:44 8062 3919
09:21:44 348434 14868
09:22:44 635780 19494
09:23:45 12041 6840
09:24:45 80935 8286
09:25:45 185973 12396
09:26:45 77813 10550
09:27:46 438098 17617
09:28:46 4267 3822
09:29:46 3038 2206
09:30:46 58214 6259
09:31:47 3666 68718
09:32:47 72045 5422
09:33:47 9026 2639
09:34:48 207599 14909
09:35:48 143616 9132
09:36:48 73024 3292
09:37:49 99026 4182
09:38:50 387677 20713
09:39:50 59831 5626
09:40:50 46637 3274
09:41:50 254287 17901
09:42:51 4842 2584
09:43:51 185399 21244
09:44:51 29561 1704
09:45:51 117784 5169
09:46:52 71640 5180
09:47:52 298419 8911
09:48:52 270561 13727
09:49:52 65504 3648
09:50:53 204745 26545
09:51:53 358740 13831
09:52:53 27581 2784
09:53:53 159314 20315
09:54:53 259196 7218
09:55:54 97714 9216
09:56:54 4854 25098
09:57:54 139586 9547
09:58:54 110040 18433
09:59:55 64689 11160
10:00:55 64826 13223
10:01:55 16365 2458
10:02:55 52412 2617
10:03:56 252512 8494
10:04:56 97002 5550
10:05:56 103156 32219
10:06:56 186578 8354
10:07:57 122995 8613
10:08:57 1950 2514
10:10:04 16145 2636
10:10:57 10452 2438
10:12:01 28848 15806
10:12:58 73296 6283
10:14:01 25890 7490
10:14:58 30398 1845
10:15:59 129012 9842
10:16:59 70286 3776
10:17:59 374718 15199
10:19:00 74733 10096
10:20:00 453495 38699
10:20:59 -1 -1
10:22:00 282768 23594
10:23:01 112794 11406
10:24:02 151617 13301
10:25:02 37235 4228
10:26:03 33595 9217
10:27:03 70297 13423
10:28:04 17516 3265
10:29:04 2689 818
10:30:04 1655 2350
10:31:05 93474 12145
10:32:05 48801 5416
10:33:05 20303 1713
10:34:05 25181 2038
10:35:06 8551 3075
10:36:06 20594 8326
10:37:06 192892 8574
10:38:08 55588 5819
10:39:08 302437 16185
10:40:08 264191 10913
10:41:09 95958 5709
10:42:12 302368 16489
10:43:09 150897 14025
10:44:10 114591 30929
10:45:10 1937 2057
10:46:10 86365 12488
10:47:11 124925 6124
10:48:11 323509 13130
10:49:11 422795 23533
10:50:12 30221 4590
10:51:12 1631 1560
10:52:12 53575 4497
10:53:13 895 1695
10:54:13 13140 2524
10:55:14 396901 51579
10:56:14 443100 20238
10:57:15 178602 10177
10:58:17 57579 3857
10:59:16 58271 19359
11:00:17 63011 4315
11:01:17 113364 10350
11:02:17 36754 6856
11:03:17 23776 7536
11:04:18 83966 4244
11:05:18 119308 12212
11:06:18 169039 23996
11:07:22 121914 7455
11:08:19 1290 16304
11:09:20 105404 9800
11:10:20 11562 3439
11:11:20 14896 2624
11:12:21 71384 4191
11:13:21 105769 6375
11:14:22 93042 4989
11:15:22 133390 9821
11:16:23 93278 5661
11:17:24 129654 6498
11:18:25 10442 4478
11:19:25 21429 8561
11:20:25 91485 19501
11:21:26 12963 8273
11:22:26 88456 14312
11:23:26 99048 6765
11:24:26 44469 5399
11:25:27 14844 4440
11:26:27 26160 11382
11:27:27 31490 3676
11:28:27 79291 6089
11:29:28 74726 5215
11:30:28 116555 5314
11:31:28 30158 3946
11:32:28 28651 2704
11:33:29 33104 4533
11:34:28 -1 -1
11:35:29 29374 3016
11:36:29 -1 -1
11:37:31 11994 1743
11:38:32 21140 1733
11:39:32 37327 9250
11:40:32 49070 7832
11:41:32 88114 5440
11:42:33 44304 2653
11:43:33 12403 4358
11:44:33 147496 8360
11:45:34 31008 12029
11:46:35 28988 7886
11:47:35 42970 4741
11:48:36 77912 7367
11:49:36 106177 4689
11:50:56 -1 -1
11:51:37 -1 -1
11:52:39 85486 4973
11:53:39 26443 1564
11:54:39 24813 6247
11:55:39 4366 1836
11:56:40 19931 5871
11:57:40 129200 62975
11:58:40 109118 10861
11:59:41 16853 6239
12:00:41 82867 6387
12:01:41 75835 5473
12:02:42 22640 1512
12:03:42 16899 1795
12:04:42 26774 7191
12:05:42 -1 -1
12:06:43 41840 14307
12:07:44 34222 3370
12:08:44 11986 4825
12:09:44 49716 9016
12:10:45 77362 5070
12:11:45 54484 6466
12:12:45 46945 6523
12:13:46 11457 2484
12:14:46 2217 2732
12:15:47 27540 3983
12:16:48 156228 27707
12:17:48 72588 8448
12:18:49 10824 1025
12:19:49 6734 4173
12:20:49 53075 6194
12:21:49 144123 9969
12:22:50 12126 2772
12:23:50 575829 21581
12:24:50 6346 1883
12:25:50 21808 3049
12:26:51 161409 13511
12:27:51 77240 9212
12:28:52 74801 13651
12:29:52 65658 7783
12:30:52 35314 6058
12:31:52 87835 9109
12:32:52 98934 7080
12:33:53 60469 5374
12:34:53 49175 3867
12:35:53 85316 8003
12:36:53 90465 6937
12:37:54 28574 2154
12:38:54 88082 4276
12:39:54 16268 1686
12:40:54 200169 6009
12:41:55 100750 5772
12:42:55 22584 2992
12:43:55 89913 7251
12:44:58 71724 5977
12:45:55 14252 6029
12:46:55 13188 4613
12:47:56 153593 6851
12:48:56 75949 5325
12:49:56 133143 9058
12:50:58 -1 -1
12:51:58 21020 3051
12:52:58 20309 3993
12:53:58 284111 12655
12:54:58 66226 18347
12:55:59 28569 7254
12:56:59 66480 7610
12:57:59 136636 67200
12:58:59 425790 24926
13:00:00 94088 6802
13:01:00 18880 15247
13:02:00 51880 4530
13:03:00 37666 3446
13:04:01 59873 4142
13:05:01 37841 4171
13:06:01 28734 3858
13:07:01 26694 1986
13:08:02 14710 2559
13:09:02 1194 1780
13:10:05 45125 5209
13:11:02 105701 10620
13:12:02 100400 6731
13:13:02 168785 15124
13:14:03 46520 3349
13:15:03 108 120
13:16:03 87407 7484
13:17:03 136062 7696
13:18:06 209647 21438
13:19:04 31372 2840
13:20:04 73371 5922
13:21:04 81105 5038
13:22:05 115911 4476
13:23:05 25139 2558
13:24:05 38506 7533
13:25:05 60383 9510
13:26:07 53630 1136
13:27:06 10362 1690
13:28:06 42794 4474
13:29:06 2522 472
13:30:07 39222 2066
13:31:07 33260 1405
13:32:07 15426 1611
13:33:08 172846 13176
13:34:08 35996 2914
13:35:09 395250 29067
13:36:09 97085 16986
13:37:09 38870 3704
13:38:09 51923 8868
13:39:09 321289 12476
13:40:10 27031 3795
13:41:10 47887 3870
13:42:10 639 3128
13:43:11 19219 1739
13:44:11 28542 2497
13:45:12 10703 2662
13:46:12 119505 8480
13:47:12 26169 2684
13:48:12 11575 19492
13:49:13 89585 3960
13:50:13 8029 1746
13:51:13 115455 15072
13:52:14 61713 3899
13:53:14 243523 8294
13:54:14 1071 1355
13:55:14 1369 3507
13:56:15 77508 10782
13:57:15 318254 14166
13:58:15 51459 5249
13:59:15 43778 4580
14:00:15 30296 5636
14:01:16 3722 1624
14:02:16 88664 13759
14:03:16 209432 9760
14:04:16 2204 1231
14:05:17 27412 4453
14:06:17 27332 4484
14:07:17 44279 11362
14:08:18 120001 5642
14:09:18 24430 2617
14:10:18 88298 4749
14:11:18 9628 2295
14:12:19 105526 3631
14:13:19 69387 3532
14:14:20 19220 4541
14:15:24 51388 4647
14:16:20 243350 10048
14:17:21 206225 21610
14:18:21 217413 17104
14:19:23 181292 10266
14:20:21 425505 18736
14:21:21 380940 10794
14:22:22 76678 4383
14:23:22 25901 8879
14:24:22 399868 15516
14:25:22 46059 2101
14:26:23 216099 19719
14:27:23 69946 5107
14:28:23 200878 13273
14:29:24 84523 5547
14:30:24 12204 1804
14:31:24 375856 13132
14:32:25 22067 2946
14:33:25 3998 3314
14:34:25 60399 4429
14:35:29 106658 6699
14:36:26 193455 11915
14:37:27 563717 47522
14:38:27 687166 29203
14:39:27 234283 12861
14:40:28 127334 11416
14:41:28 106687 6852
14:42:29 145663 17279
14:43:29 38310 4202
14:44:30 25581 6042
14:45:31 257809 29302
14:46:31 87851 4791
14:47:32 310054 10454
14:48:32 155736 11365
14:49:32 34171 3951
14:50:33 53940 5133
14:51:34 168921 12361
14:52:38 348452 13758
14:53:35 93487 9359
14:54:35 569311 25059
14:55:35 553125 27221
14:56:36 142420 4898
14:57:36 489907 93445
14:58:36 85615 9337
14:59:37 52265 7167
15:00:37 124615 12698
15:01:37 21025 2091
15:02:37 1988 3627
15:03:37 383515 26872
15:04:37 58009 7074
15:05:38 36634 3725
15:06:38 87359 5742
15:07:38 266732 7727
15:08:38 90978 4341
15:09:38 80657 5503
15:10:39 27125 41131
15:11:39 178406 11876
15:12:39 140414 5350
15:13:39 3809 1972
15:14:40 124284 11130
15:15:40 179453 7454
15:16:41 244220 14341
15:17:41 90269 5584
15:18:41 335262 15332
15:19:41 -1 -1
15:20:41 78651 13658
15:21:42 60516 2973
15:22:42 43859 2162
15:23:42 192043 9377
15:24:42 15532 2099
15:25:42 111634 21550
15:26:42 146901 6430
15:27:43 63808 6025
15:28:43 78879 7227
15:29:43 61331 6655
15:30:43 124185 17691
15:31:44 37145 2570
15:32:44 5853 2557
15:33:44 364748 10310
15:34:45 34051 2545
15:35:45 47698 9329
15:36:45 60330 63076
15:37:45 67752 6055
15:38:46 48795 4827
15:39:46 118731 5837
15:40:46 111809 11968
15:41:46 437217 15326
15:42:49 255266 22445
15:43:47 13752 3355
15:44:47 300702 16045
15:45:47 23516 3378
15:46:48 74420 4899
15:47:48 70573 16250
15:48:48 152596 10871
15:49:48 122679 23779
15:50:48 20676 4290
15:51:49 286723 10737
15:52:49 15740 3579
15:53:49 21237 6193
15:54:50 27480 7156
15:55:50 191370 9315
15:56:50 5029 4337
15:57:50 165264 20592
15:58:50 34566 9778
15:59:51 355128 16341
16:00:51 93810 12820
16:01:51 443718 16943
16:02:51 543262 25432
16:03:52 81593 12416
16:04:52 20421 11091
16:05:52 88745 7231
16:06:52 377290 14702
16:07:52 58378 2664
16:08:53 45969 4283
16:09:53 238622 18091
16:10:53 237657 9770
16:11:54 39124 3181
16:12:54 72163 9636
16:13:54 306913 18125
16:14:54 23408 3034
16:15:54 22444 2719
16:16:55 99345 5667
16:17:55 24505 1398
16:18:55 95815 7879
16:19:55 80905 7687
16:20:55 120135 89827
16:21:56 359768 34841
16:22:56 85817 18571
16:23:56 278073 12287
16:24:56 44305 9027
16:25:56 418192 18650
16:26:57 59458 6161
16:27:57 362808 17403
16:28:57 57579 10393
16:29:57 211313 11831
16:30:58 38991 2214
16:31:58 193024 20722
16:32:58 11152 594
16:33:59 -1 -1
16:34:59 39527 4229
16:35:59 87997 4998
16:37:00 4598 453
16:38:03 210833 14326
16:39:00 103812 17561
16:40:03 17843 1383
16:41:04 107636 5856
16:42:01 52330 3839
16:43:01 40285 4368
16:44:01 18072 1747
16:45:02 47004 2343
16:46:05 34185 8358
16:47:02 97539 3971
16:48:02 93447 4739
16:49:03 76781 6775
16:50:03 89758 14774
16:51:03 365660 24092
16:52:03 103104 4949
16:53:02 -1 -1
16:54:04 13944 3352
16:55:04 246059 19022
16:56:04 23895 2945
16:57:04 116357 5786
16:58:05 28739 5829
16:59:05 24494 17529
17:00:05 45439 6143
17:01:05 -1 -1
17:02:06 932 1601
17:03:15 34044 2955
17:04:07 2714 927
17:05:10 6067 2100
17:06:07 34251 3763
17:07:07 50826 11093
17:08:08 40616 5967
17:09:08 252 260
17:10:08 213191 16485
17:11:09 15106 48929
17:12:12 333389 10472
17:13:11 10274 2791
17:14:09 35356 3290
17:15:09 437276 15220
17:16:10 42975 2871
17:17:13 46108 2757
17:18:10 21070 3201
17:19:10 15421 2153
17:20:10 112383 8057
17:21:11 284179 21547
17:22:11 223149 22688
17:23:11 50887 3465
17:24:11 98129 7334
17:25:12 207854 10590
17:26:15 34406 2016
17:27:13 15346 2188
17:28:13 85844 3466
17:29:13 187629 10586
17:30:13 33297 7860
17:31:14 319643 17512
17:32:14 43345 3874
17:33:14 17332 1242
17:34:14 283374 9397
17:35:15 105440 6682
17:36:15 302241 17196
17:37:15 60602 4741
17:38:16 32943 1681
17:39:16 9088 1040
17:40:16 684 1173
17:41:17 98605 10547
17:42:17 43596 3617
17:43:18 422383 18478
17:44:18 4308 2008
17:45:18 29835 3848
17:46:19 1734 1138
17:47:19 52900 3942
17:48:19 413384 27098
17:49:20 48643 7170
17:50:20 42062 6427
17:51:20 165252 44875
17:52:20 73664 2823
17:53:21 385288 17651
17:54:21 31992 4454
17:55:21 88867 6466
17:56:21 134411 6487
17:57:22 28027 3742
17:58:22 46111 3057
17:59:22 156817 13212
18:00:22 41827 6521
18:01:23 41574 3394
18:02:23 29163 3371
18:03:23 58465 6222
18:04:23 186 682
18:05:24 14659 906
18:06:24 41323 2798
18:07:24 94362 7861
18:08:24 61352 10260
18:09:25 61353 3963
18:10:25 11422 4740
18:11:25 26476 4475
18:12:25 2018 874
18:13:26 28145 1904
18:14:26 1894 1048
18:15:26 98682 5795
18:16:27 119972 7205
18:17:30 14415 2074
18:18:27 36175 2030
18:19:27 25572 2566
18:20:27 41009 3153
18:21:28 129126 6905
18:22:29 11051 1699
18:23:29 563409 30947
18:24:30 -1 -1
18:25:30 79627 5471
18:26:30 5185 5729
18:27:31 101281 5075
18:28:31 274404 22939
18:29:31 174 186
18:30:32 22172 2547
18:31:32 66152 4860
18:32:36 2574 2522
18:33:33 82461 5592
18:34:34 85737 7824
18:35:34 72629 3407
18:36:34 1494 614
18:37:34 922 1429
18:38:35 8821 3720
18:39:35 448534 25461
18:40:35 20480 2408
18:41:35 73066 3603
18:42:36 31828 6596
18:43:36 19336 792
18:44:36 7108 432
18:45:36 45361 1500
18:46:36 19907 2643
18:47:37 146881 6540
18:48:38 87313 3314
18:49:37 48981 6566
18:50:37 28380 2003
18:51:38 505755 24892
18:52:38 161446 7277
18:53:38 39202 3008
18:54:38 13017 1370
18:55:39 78899 6305
18:56:39 1587 1573
18:57:39 63047 3620
18:58:39 8671 2760
18:59:39 185445 7340
19:00:40 316615 14398
19:01:40 61682 3210
19:02:40 69898 4306
19:03:40 8894 1647
19:04:41 92877 9462
19:05:41 28106 83228
19:06:41 63026 3401
19:07:42 25285 4733
19:08:41 152213 13067
19:09:42 36148 3790
19:10:42 1486 1147
19:11:42 1165 1816
19:12:46 56936 3033
19:13:43 3083 1008
19:14:43 49435 2191
19:15:43 127295 8530
19:16:43 29423 1500
19:17:44 14131 1576
19:18:44 63603 4006
19:19:44 48903 4421
19:20:44 91613 6545
19:21:44 50018 3095
19:22:45 9591 22630
19:23:45 19771 3011
19:24:45 150236 19450
19:25:45 39060 2170
19:26:46 54210 9231
19:27:46 205930 12804
19:28:46 56765 4229
19:29:46 626 1932
19:30:46 34427 13698
19:31:47 36993 6356
19:32:47 24288 2193
19:33:47 11293 2059
19:34:48 14834 1898
19:35:48 2473 504
19:36:48 34521 4321
19:37:48 909 1223
19:38:48 13751 2087
19:39:49 46752 3466
19:40:49 263144 7610
19:41:49 23535 2877
19:42:52 112590 7402
19:43:50 3842 2354
19:44:50 13118 1642
19:45:50 98641 19018
19:46:50 135187 9870
19:47:50 40170 2814
19:48:51 275326 20852
19:49:51 19659 7841
19:50:51 6542 2844
19:51:51 18355 1572
19:52:52 75493 40026
19:53:52 22111 1721
19:54:52 11531 668
19:55:52 42392 6157
19:56:52 116087 9999
19:57:53 176739 23550
19:58:53 239853 17547
19:59:53 55183 8173
20:00:53 109404 13406
20:01:53 45072 3267
20:02:54 50819 2185
20:03:54 12918 4299
20:04:54 34338 4585
20:05:54 26576 2125
20:06:54 149486 8863
20:07:55 77898 4593
20:08:55 18745 8099
20:09:55 102879 8340
20:10:55 48018 6362
20:11:55 51227 2670
20:12:56 35514 1332
20:13:56 72159 12813
20:14:56 34584 1472
20:15:56 27132 5974
20:16:56 138320 14784
20:17:57 85909 3860
20:18:57 29737 1770
20:19:57 15990 1485
20:20:57 1828 879
20:21:58 22375 2447
20:22:58 23931 6277
20:23:58 352189 27914
20:24:58 25985 2702
20:25:59 22601 5739
20:26:59 307446 23879
20:27:59 13276 318
20:28:59 75421 4581
20:30:03 23610 1817
20:31:00 9211 6603
20:32:00 44188 5821
20:33:00 37592 2610
20:34:00 1628 186
20:35:01 13896 1942
20:36:01 42208 2404
20:37:01 20328 1725
20:38:01 40890 2682
20:39:01 333026 18284
20:40:05 35751 4971
20:41:05 96121 4404
20:42:02 21523 3747
20:43:02 31879 4199
20:44:02 16387 2920
20:45:03 86269 4469
20:46:03 126808 7571
20:47:03 23215 4725
20:48:03 60324 6202
20:49:04 29258 2566
20:50:04 12047 5582
20:51:04 26689 2259
20:52:04 33762 4020
20:53:04 80046 6408
20:54:08 6616 6918
20:55:05 41610 1989
20:56:05 172682 12202
20:57:05 2310 1221
20:58:05 18581 4870
20:59:06 1632 2597
21:00:06 44815 2042
21:01:06 492 4496
21:02:06 85886 7481
21:03:07 42174 5604
21:04:07 28562 2571
21:05:07 188563 17573
21:06:07 116378 9099
21:07:07 73622 3984
21:08:07 180037 7986
21:09:08 -1 -1
21:10:08 139673 6972
21:11:08 89037 7568
21:12:08 237313 11343
21:13:09 125677 12698
21:14:09 155632 11303
21:15:09 200393 10031
21:16:11 148278 28277
21:17:09 228592 17286
21:18:10 49641 4222
21:19:10 44840 5287
21:20:19 75243 26505
21:21:10 143660 6555
21:22:11 263901 11097
21:23:11 92906 5787
21:24:11 51975 3722
21:25:11 93338 4724
21:26:12 66782 4134
21:27:12 54867 2695
21:28:12 77445 3420
21:29:12 94416 4890
21:30:13 211583 19332
21:31:13 32601 2191
21:32:13 92380 6675
21:33:13 86866 38750
21:34:13 50587 2754
21:35:14 87377 4222
21:36:14 81136 19397
21:37:14 261084 13220
21:38:15 8582 1081
21:39:15 134266 11549
21:40:15 125042 13598
21:41:15 294502 15695
21:42:15 75405 7207
21:43:15 101053 9555
21:44:16 29465 2994
21:45:16 177112 20881
21:46:19 72977 11219
21:47:16 34333 3908
21:48:17 48407 11891
21:49:17 94306 6978
21:50:17 28443 1907
21:51:17 31675 2705
21:52:18 40063 5006
21:53:18 279724 27949
21:54:18 185275 14007
21:55:18 97021 7397
21:56:18 37564 7493
21:57:19 173224 23060
21:58:19 16394 5195
21:59:19 27786 2561
22:00:19 397303 20495
22:01:20 38203 8337
22:02:20 189067 13145
22:03:20 45417 2879
22:04:21 94008 48978
22:05:21 160100 15319
22:06:21 47794 11712
22:07:21 220695 14648
22:08:21 18898 2631
22:09:22 134962 8267
22:10:22 49743 5178
22:11:22 24141 2183
22:12:22 6860 1041
22:13:23 274336 17697
22:14:23 64518 4701
22:15:23 67305 5894
22:16:23 67247 6366
22:17:24 24699 5368
22:18:24 32681 2058
22:19:24 484253 30216
22:20:24 84656 10024
22:21:25 42900 5228
22:22:25 12838 4393
22:23:25 40246 5676
22:24:25 13234 2005
22:25:26 86098 11152
22:26:26 49842 6969
22:27:26 222098 19630
22:28:26 3461 2625
22:29:27 16493 8253
22:30:27 19518 786
22:31:27 111042 9325
22:32:27 39593 4346
22:33:28 89449 8775
22:34:28 53940 2337
22:35:28 16745 3395
22:36:28 56243 44950
22:37:29 24984 2376
22:38:29 29706 2152
22:39:29 324339 15722
22:40:30 190927 9569
22:41:30 14442 1121
22:42:30 -1 -1
22:43:30 29653 5581
22:44:31 11041 12698
22:45:31 62224 147551
22:46:32 105899 9723
22:47:31 104263 18499
22:48:32 131875 7109
22:49:32 7350 5680
22:50:32 2044 737
22:51:33 296987 9680
22:52:33 227045 10178
22:53:33 178499 8389
22:54:36 33372 3214
22:55:33 234341 10354
22:56:34 30376 1740
22:57:34 17049 1729
22:58:34 2700 1427
22:59:35 12836 1686
23:00:35 10829 3255
23:01:35 3906 654
23:02:35 154209 13032
23:03:36 55816 4170
23:04:39 25856 1919
23:05:36 82904 5985
23:06:36 69709 10844
23:07:37 81081 17849
23:08:37 159988 22878
23:09:37 44024 13443
23:10:37 29479 4278
23:11:38 108479 15086
23:12:38 25807 2290
23:13:38 35167 3507
23:14:38 26294 2055
23:15:39 86933 4640
23:16:39 109067 9075
23:17:39 89563 6727
23:18:39 162248 14209
23:19:40 142582 7678
23:20:40 251141 13898
23:21:40 17704 1693
23:22:40 67526 4831
23:23:41 182495 8228
23:24:44 141432 4618
23:25:41 85333 4726
23:26:41 39503 3847
23:27:42 181560 9844
23:28:42 60419 5181
23:29:42 354546 16368
23:30:45 107813 3730
23:31:43 55689 4109
23:32:43 112215 7433
23:33:43 59714 5982
23:34:44 90927 20626
23:35:44 454764 22335
23:36:44 42210 4631
23:37:45 103184 8673
23:38:45 50679 7637
23:39:46 79807 9578
23:40:45 83694 5515
23:42:05 -1 -1
23:42:46 287690 15218
23:43:46 297218 20571
23:44:47 26211 2219
23:45:47 25930 2804
23:46:48 32211 3364
23:47:48 31090 2547
23:48:49 162779 5972
23:49:50 34929 2541
23:50:50 552 679
23:51:51 187707 9275
23:52:52 90699 6404
23:53:52 114580 3478
23:54:53 242404 13295
23:55:53 56034 2559
23:56:54 15356 1910
23:57:55 41533 3560
23:58:55 32711 2939
23:59:56 15841 1834
