00:00:36 4 0 151
00:00:42 4 0 151
00:01:57 4 0 151
00:02:23 4 0 151
00:02:38 4 0 151
00:03:03 4 0 151
00:03:30 4 0 151
00:04:00 4 0 151
00:04:31 4 0 151
00:05:02 4 0 151
00:05:32 4 0 151
00:06:03 4 0 151
00:06:39 4 0 152
00:07:15 4 0 151
00:07:46 4 0 151
00:08:20 4 0 151
02:00:07 4 0 154
02:00:37 4 0 154
02:01:07 4 0 154
02:01:38 4 0 154
02:02:08 4 0 155
02:02:38 4 0 153
02:03:08 4 0 154
02:03:38 4 0 154
02:04:09 3 1 151
02:04:39 4 0 154
02:05:09 4 0 154
02:05:39 4 0 154
02:06:10 4 0 153
02:06:41 3 1 154
02:07:10 4 0 151
02:07:40 4 0 154
02:08:12 3 1 158
02:08:41 3 1 154
02:09:11 4 0 154
02:09:41 4 0 152
02:10:11 4 0 157
02:10:41 4 0 153
02:11:12 4 0 156
02:11:42 4 0 154
02:12:12 4 0 155
02:12:42 4 0 151
02:13:14 3 1 154
02:13:43 4 0 154
02:14:13 4 0 153
02:14:46 1 3 512
02:15:17 0 4 -1
02:15:43 4 0 151
02:16:14 4 0 154
02:16:44 4 0 154
02:17:14 4 0 154
02:17:44 4 0 154
02:18:15 4 0 154
02:18:45 4 0 151
02:19:15 4 0 153
02:19:45 4 0 154
02:20:16 4 0 154
02:20:46 4 0 154
02:21:16 4 0 152
02:21:47 3 1 153
02:22:16 4 0 154
02:22:47 4 0 154
02:23:18 3 1 154
02:23:47 4 0 154
02:24:17 4 0 151
02:24:47 4 0 154
02:25:18 4 0 151
02:25:48 4 0 153
02:26:18 4 0 154
02:26:48 4 0 152
02:27:19 4 0 151
02:27:49 4 0 154
02:28:19 4 0 153
02:28:49 4 0 154
02:29:19 4 0 152
02:29:50 4 0 154
02:30:20 4 0 151
02:30:50 4 0 153
02:31:20 4 0 153
02:31:50 4 0 163
02:32:21 4 0 153
02:32:51 4 0 151
02:33:21 4 0 154
02:33:51 4 0 155
02:34:21 4 0 152
02:34:53 3 1 154
02:35:22 4 0 154
02:35:52 4 0 153
02:36:22 4 0 154
02:36:52 4 0 153
02:37:23 4 0 153
02:37:53 4 0 155
02:38:23 4 0 153
02:38:53 4 0 151
02:39:23 4 0 151
02:39:53 4 0 153
02:40:24 4 0 152
02:40:54 4 0 153
02:41:24 4 0 154
02:41:54 4 0 154
02:42:25 4 0 154
02:42:55 4 0 151
02:43:25 4 0 154
02:43:55 4 0 151
02:44:25 4 0 153
02:44:56 3 1 153
02:45:26 4 0 151
02:45:56 4 0 154
02:46:26 4 0 154
02:46:57 3 1 153
02:47:27 4 0 153
02:47:57 4 0 157
02:48:27 4 0 154
02:48:57 4 0 152
02:49:28 3 1 153
02:49:57 4 0 151
02:50:28 4 0 156
02:50:58 4 0 152
02:51:28 4 0 157
02:52:01 1 3 569
02:52:31 2 2 563
02:52:59 4 0 152
02:53:29 4 0 153
02:53:59 4 0 151
02:54:29 4 0 155
02:55:00 3 1 184
02:55:30 4 0 151
02:56:00 4 0 155
02:56:31 3 1 155
02:57:00 4 0 154
02:57:31 4 0 154
02:58:01 4 0 152
02:58:31 4 0 151
02:59:01 4 0 151
02:59:31 4 0 152
03:00:01 4 0 151
03:00:32 4 0 154
03:01:02 4 0 154
03:01:32 4 0 151
03:02:02 4 0 154
03:02:33 4 0 151
03:03:03 4 0 151
03:03:33 4 0 152
03:04:03 4 0 151
03:04:33 4 0 154
03:05:04 4 0 152
03:05:34 4 0 151
03:06:04 4 0 152
03:06:35 4 0 151
03:07:05 4 0 151
03:07:35 4 0 151
03:08:06 4 0 151
03:08:36 4 0 151
03:09:06 4 0 151
03:09:37 4 0 153
03:10:07 4 0 151
03:10:38 3 1 156
03:11:07 4 0 151
03:11:37 4 0 154
03:12:07 4 0 151
03:12:38 4 0 151
03:13:08 4 0 153
03:13:38 4 0 151
03:14:08 4 0 151
03:14:38 4 0 154
03:15:08 4 0 151
03:15:39 4 0 151
03:16:09 4 0 151
03:16:39 4 0 151
03:17:09 4 0 153
03:17:39 4 0 154
03:18:10 4 0 151
03:18:40 4 0 152
03:19:10 4 0 151
03:19:40 4 0 151
03:20:10 4 0 151
03:20:40 4 0 151
03:21:11 4 0 151
03:21:41 4 0 151
03:22:11 4 0 151
03:22:41 4 0 151
03:23:11 4 0 153
03:23:41 4 0 151
03:24:11 4 0 151
03:24:42 4 0 151
03:25:12 4 0 151
03:25:42 4 0 151
03:26:12 4 0 152
03:26:42 4 0 151
03:27:12 4 0 151
03:27:43 4 0 151
03:28:13 4 0 152
03:28:43 4 0 151
03:29:13 4 0 153
03:29:43 4 0 151
03:30:13 4 0 151
03:30:44 4 0 151
03:31:14 4 0 151
03:31:44 4 0 151
03:32:14 4 0 151
03:32:44 4 0 154
03:33:14 4 0 151
03:33:45 4 0 151
03:34:15 4 0 151
03:34:45 4 0 151
03:35:15 4 0 151
03:35:45 4 0 151
03:36:15 4 0 153
03:36:46 4 0 153
03:37:16 4 0 151
03:37:46 4 0 151
03:38:16 4 0 151
03:38:47 4 0 152
03:39:17 4 0 152
03:39:47 4 0 154
03:40:17 4 0 151
03:40:47 4 0 153
03:41:17 4 0 151
03:41:48 4 0 151
03:42:18 4 0 151
03:42:48 4 0 151
03:43:18 4 0 151
03:43:48 4 0 151
03:44:18 4 0 151
03:44:49 4 0 151
03:45:19 4 0 151
03:45:49 4 0 151
03:46:19 4 0 151
03:46:50 3 1 151
03:47:19 4 0 154
03:47:50 4 0 151
03:48:20 4 0 151
03:48:50 4 0 151
03:49:20 4 0 151
03:49:50 4 0 151
03:50:20 4 0 151
03:50:51 4 0 151
03:51:21 4 0 151
03:51:51 4 0 151
03:52:21 4 0 151
03:52:51 4 0 151
03:53:21 4 0 151
03:53:52 4 0 151
03:54:22 4 0 151
03:54:52 4 0 151
03:55:22 4 0 151
03:55:52 4 0 151
03:56:22 4 0 151
03:56:53 4 0 151
03:57:23 4 0 151
03:57:53 4 0 151
03:58:23 4 0 154
03:58:53 4 0 151
03:59:23 4 0 151
03:59:54 4 0 151
04:00:24 4 0 151
04:00:54 4 0 151
04:01:24 4 0 159
04:01:54 4 0 151
04:02:24 4 0 151
04:02:55 4 0 151
04:03:25 4 0 151
04:03:55 4 0 151
04:04:25 4 0 151
04:04:55 4 0 151
04:05:26 4 0 151
04:05:56 4 0 151
04:06:26 4 0 151
04:06:56 4 0 151
04:07:26 4 0 151
04:07:56 4 0 151
04:08:26 4 0 151
04:08:57 4 0 151
04:09:27 4 0 151
04:09:57 4 0 151
04:10:27 4 0 151
04:10:57 4 0 151
04:11:27 4 0 151
04:11:58 4 0 151
04:12:28 4 0 151
04:12:58 4 0 151
04:13:28 4 0 151
04:13:58 4 0 151
04:14:29 4 0 151
04:14:59 4 0 151
04:15:29 4 0 151
04:15:59 4 0 151
04:16:29 4 0 151
04:16:59 4 0 151
04:17:29 4 0 151
04:18:00 4 0 151
04:18:30 4 0 153
04:19:00 4 0 151
04:19:30 4 0 151
04:20:00 4 0 151
04:20:31 4 0 151
04:21:01 4 0 151
04:21:31 4 0 151
04:22:01 4 0 151
04:22:31 4 0 151
04:23:01 4 0 151
04:23:31 4 0 154
04:24:02 4 0 151
04:24:32 4 0 151
04:25:02 4 0 151
04:25:32 4 0 164
04:26:03 4 0 151
04:26:33 4 0 151
04:27:03 4 0 151
04:27:33 4 0 151
04:28:03 4 0 151
04:28:33 4 0 151
04:29:03 4 0 151
04:29:34 4 0 151
04:30:04 4 0 151
04:30:34 4 0 151
04:31:04 4 0 151
04:31:34 4 0 151
04:32:05 4 0 151
04:32:35 4 0 151
04:33:05 4 0 151
04:33:35 4 0 151
04:34:05 4 0 151
04:34:35 4 0 151
04:35:06 4 0 151
04:35:36 4 0 151
04:36:06 4 0 151
04:36:36 4 0 151
04:37:06 4 0 151
04:37:36 4 0 151
04:38:07 4 0 154
04:38:37 4 0 154
04:39:07 4 0 151
04:39:37 4 0 151
04:40:07 4 0 151
04:40:38 4 0 151
04:41:08 4 0 151
04:41:38 4 0 151
04:42:08 4 0 151
04:42:38 4 0 151
04:43:09 4 0 151
04:43:39 4 0 151
04:44:09 4 0 151
04:44:39 4 0 151
04:45:09 4 0 151
04:45:39 4 0 151
04:46:10 4 0 151
04:46:40 4 0 151
04:47:10 4 0 151
04:47:40 4 0 151
04:48:10 4 0 151
04:48:40 4 0 151
04:49:11 4 0 151
04:49:41 4 0 151
04:50:11 4 0 151
04:50:41 4 0 151
04:51:11 4 0 151
04:51:41 4 0 151
04:52:12 4 0 151
04:52:42 4 0 151
04:53:12 4 0 151
04:53:42 4 0 151
04:54:12 4 0 151
04:54:42 4 0 151
04:55:13 4 0 151
04:55:43 4 0 151
04:56:13 4 0 151
04:56:43 4 0 151
04:57:13 4 0 151
04:57:43 4 0 151
04:58:14 4 0 151
04:58:44 4 0 151
04:59:14 4 0 151
04:59:44 4 0 151
05:00:14 4 0 151
05:00:44 4 0 151
05:01:15 4 0 151
05:01:45 4 0 151
05:02:15 4 0 151
05:02:45 4 0 151
05:03:15 4 0 151
05:03:45 4 0 151
05:04:16 4 0 152
05:04:46 4 0 151
05:05:16 4 0 151
05:05:46 4 0 154
05:06:16 4 0 151
05:06:46 4 0 151
05:07:17 4 0 151
05:07:47 4 0 151
05:08:17 4 0 174
05:08:47 4 0 151
05:09:17 4 0 151
05:09:48 4 0 151
05:10:18 4 0 158
05:10:48 4 0 151
05:11:18 4 0 151
05:11:48 4 0 151
05:12:19 4 0 151
05:12:49 4 0 151
05:13:19 4 0 151
05:13:49 4 0 151
05:14:19 4 0 151
05:14:49 4 0 152
05:15:20 4 0 151
05:15:50 4 0 151
05:16:20 4 0 151
05:16:50 4 0 151
05:17:20 4 0 154
05:17:50 4 0 151
05:18:21 4 0 151
05:18:51 4 0 151
05:19:21 4 0 151
05:19:51 4 0 151
05:20:21 4 0 151
05:20:52 4 0 151
05:21:22 4 0 151
05:21:52 4 0 151
05:22:22 4 0 154
05:22:52 4 0 151
05:23:22 4 0 151
05:23:53 4 0 151
05:24:23 4 0 151
05:24:53 4 0 151
05:25:23 4 0 151
05:25:53 4 0 151
05:26:24 4 0 151
05:26:54 4 0 151
05:27:24 4 0 151
05:27:54 4 0 151
05:28:24 4 0 151
05:28:54 4 0 151
05:29:25 4 0 151
05:29:55 4 0 151
05:30:25 4 0 151
05:30:55 4 0 151
05:31:25 4 0 151
05:31:55 4 0 151
05:32:26 4 0 151
05:32:56 4 0 151
05:33:26 4 0 151
05:33:56 4 0 151
05:34:26 4 0 151
05:34:56 4 0 151
05:35:27 4 0 151
05:35:57 4 0 151
05:36:27 4 0 151
05:36:57 4 0 151
05:37:27 4 0 151
05:37:57 4 0 151
05:38:28 4 0 151
05:38:58 4 0 151
05:39:28 4 0 151
05:40:00 2 2 155
05:40:28 4 0 151
05:40:58 4 0 151
05:41:29 4 0 151
05:42:00 3 1 155
05:42:29 4 0 151
05:42:59 4 0 151
05:43:29 4 0 151
05:43:59 4 0 151
05:44:30 4 0 151
05:45:00 4 0 151
05:45:30 4 0 151
05:46:00 4 0 152
05:46:30 4 0 151
05:47:00 4 0 151
05:47:31 4 0 151
05:48:01 4 0 151
05:48:31 4 0 154
05:49:01 4 0 151
05:49:31 4 0 151
05:50:01 4 0 151
05:50:32 4 0 151
05:51:02 4 0 151
05:51:32 4 0 151
05:52:02 4 0 151
05:52:32 4 0 151
05:53:02 4 0 151
05:53:33 4 0 151
05:54:03 4 0 151
05:54:33 4 0 151
05:55:03 4 0 151
05:55:33 4 0 151
05:56:04 4 0 151
05:56:34 4 0 151
05:57:04 4 0 151
05:57:34 4 0 151
05:58:04 4 0 151
05:58:34 4 0 151
05:59:05 4 0 151
05:59:35 4 0 154
06:00:05 4 0 151
06:00:35 4 0 151
06:01:05 4 0 151
06:01:36 4 0 151
06:02:06 4 0 151
06:02:36 4 0 151
06:03:06 4 0 151
06:03:37 4 0 151
06:04:07 4 0 151
06:04:37 4 0 151
06:05:07 4 0 151
06:05:37 4 0 151
06:06:07 4 0 151
06:06:38 4 0 151
06:07:08 4 0 151
06:07:38 4 0 151
06:08:08 4 0 152
06:08:39 4 0 151
06:09:09 4 0 151
06:09:39 4 0 151
06:10:09 4 0 151
06:10:39 4 0 151
06:11:09 4 0 151
06:11:40 4 0 151
06:12:10 4 0 151
06:12:40 4 0 151
06:13:10 4 0 151
06:13:40 4 0 151
06:14:10 4 0 151
06:14:42 3 1 155
06:15:11 4 0 151
06:15:41 4 0 151
06:16:11 4 0 151
06:16:41 4 0 151
06:17:11 4 0 151
06:17:42 4 0 151
06:18:12 4 0 151
06:18:42 4 0 151
06:19:12 4 0 151
06:19:42 4 0 151
06:20:12 4 0 151
06:20:43 4 0 151
06:21:13 4 0 151
06:21:43 4 0 151
06:22:13 4 0 151
06:22:44 4 0 151
06:23:14 4 0 151
06:23:44 4 0 151
06:24:14 4 0 151
06:24:44 4 0 151
06:25:14 4 0 151
06:25:45 4 0 151
06:26:15 4 0 151
06:26:45 4 0 151
06:27:15 4 0 165
06:27:45 4 0 151
06:28:15 4 0 151
06:28:46 4 0 164
06:29:16 4 0 151
06:29:46 4 0 151
06:30:16 4 0 151
06:30:46 4 0 151
06:31:16 4 0 151
06:31:47 4 0 151
06:32:17 4 0 151
06:32:47 4 0 151
06:33:17 4 0 151
06:33:47 4 0 151
06:34:17 4 0 151
06:34:48 4 0 151
06:35:18 4 0 151
06:35:48 4 0 151
06:36:18 4 0 151
06:36:48 4 0 151
06:37:18 4 0 151
06:37:49 4 0 151
06:38:19 4 0 151
06:38:49 4 0 151
06:39:19 4 0 151
06:39:49 4 0 151
06:40:19 4 0 151
06:40:50 4 0 151
06:41:20 4 0 151
06:41:50 4 0 151
06:42:20 4 0 151
06:42:50 4 0 151
06:43:20 4 0 151
06:43:51 4 0 151
06:44:21 4 0 151
06:44:51 4 0 151
06:45:21 4 0 151
06:45:51 4 0 151
06:46:21 4 0 151
06:46:52 4 0 151
06:47:22 4 0 151
06:47:52 4 0 151
06:48:22 4 0 151
06:48:52 4 0 151
06:49:22 4 0 151
06:49:53 4 0 151
06:50:23 4 0 151
06:50:53 4 0 151
06:51:23 4 0 151
06:51:53 4 0 151
06:52:23 4 0 151
06:52:54 4 0 165
06:53:24 4 0 151
06:53:54 4 0 151
06:54:24 4 0 151
06:54:54 4 0 151
06:55:24 4 0 151
06:55:55 4 0 151
06:56:25 4 0 151
06:56:55 4 0 151
06:57:25 4 0 151
06:57:55 4 0 151
06:58:25 4 0 151
06:58:56 4 0 151
06:59:26 4 0 151
06:59:56 4 0 151
07:00:26 4 0 151
07:00:56 4 0 151
07:01:26 4 0 151
07:01:57 4 0 151
07:02:27 4 0 151
07:02:57 4 0 151
07:03:27 4 0 151
07:03:57 4 0 151
07:04:27 4 0 151
07:04:58 4 0 151
07:05:28 4 0 151
07:05:58 4 0 151
07:06:28 4 0 151
07:06:58 4 0 151
07:07:28 4 0 151
07:07:59 4 0 151
07:08:29 4 0 151
07:08:59 4 0 151
07:09:29 4 0 151
07:09:59 4 0 151
07:10:29 4 0 151
07:11:00 4 0 151
07:11:30 4 0 151
07:12:00 4 0 151
07:12:30 4 0 151
07:13:00 4 0 151
07:13:30 4 0 151
07:14:01 4 0 160
07:14:31 4 0 151
07:15:01 4 0 151
07:15:31 4 0 151
07:16:01 4 0 151
07:16:32 4 0 151
07:17:02 4 0 151
07:17:32 4 0 151
07:18:02 4 0 151
07:18:32 4 0 151
07:19:02 4 0 151
07:19:32 4 0 151
07:20:03 4 0 151
07:20:33 4 0 151
07:21:03 4 0 151
07:21:33 4 0 151
07:22:03 4 0 151
07:22:33 4 0 151
07:23:04 4 0 151
07:23:34 4 0 151
07:24:04 4 0 151
07:24:34 4 0 151
07:25:05 4 0 151
07:25:35 4 0 151
07:26:05 4 0 151
07:26:36 3 1 157
07:27:06 4 0 151
07:27:36 4 0 151
07:28:06 4 0 151
07:28:37 4 0 151
07:29:07 4 0 151
07:29:37 4 0 151
07:30:07 4 0 151
07:30:37 4 0 151
07:31:08 4 0 151
07:31:38 4 0 151
07:32:08 4 0 151
07:32:38 4 0 151
07:33:08 4 0 151
07:33:38 4 0 151
07:34:09 4 0 151
07:34:39 4 0 151
07:35:10 4 0 151
07:35:40 4 0 151
07:36:10 4 0 151
07:36:40 4 0 151
07:37:11 4 0 151
07:37:41 4 0 151
07:38:11 4 0 151
07:38:41 4 0 151
07:39:11 4 0 151
07:39:41 4 0 151
07:40:12 4 0 151
07:40:42 4 0 151
07:41:12 4 0 151
07:41:42 4 0 151
07:42:12 4 0 151
07:42:42 4 0 151
07:43:13 4 0 151
07:43:43 4 0 151
07:44:13 4 0 151
07:44:43 4 0 151
07:45:13 4 0 151
07:45:43 4 0 151
07:46:14 4 0 151
07:46:44 4 0 151
07:47:14 4 0 151
07:47:44 4 0 151
07:48:14 4 0 151
07:48:44 4 0 151
07:49:14 4 0 151
07:49:45 4 0 151
07:50:15 4 0 151
07:50:45 4 0 151
07:51:15 4 0 158
07:51:45 4 0 151
07:52:15 4 0 151
07:52:46 4 0 187
07:53:16 4 0 151
07:53:46 4 0 151
07:54:16 4 0 151
07:54:46 4 0 151
07:55:16 4 0 151
07:55:46 4 0 151
07:56:17 4 0 151
07:56:47 4 0 151
07:57:17 4 0 151
07:57:47 4 0 151
07:58:17 4 0 151
07:58:47 4 0 151
07:59:18 4 0 151
07:59:48 4 0 151
08:00:18 4 0 151
08:00:48 4 0 151
08:01:18 4 0 155
08:01:48 4 0 151
08:02:19 4 0 154
08:02:49 4 0 151
08:03:19 4 0 151
08:03:49 4 0 151
08:04:19 4 0 151
08:04:49 4 0 151
08:05:21 3 1 155
08:05:50 4 0 151
08:06:20 4 0 151
08:06:50 4 0 151
08:07:20 4 0 151
08:07:50 4 0 151
08:08:20 4 0 151
08:08:50 4 0 151
08:09:21 4 0 151
08:09:51 4 0 151
08:10:21 4 0 153
08:10:51 4 0 151
08:11:21 4 0 151
08:11:51 4 0 151
08:12:22 4 0 151
08:12:52 4 0 151
08:13:22 4 0 151
08:13:52 4 0 177
08:14:22 4 0 151
08:14:52 4 0 151
08:15:23 4 0 151
08:15:53 4 0 151
08:16:23 4 0 151
08:16:53 4 0 152
08:17:23 4 0 151
08:17:53 4 0 151
08:18:24 4 0 151
08:18:54 4 0 154
08:19:24 4 0 151
08:19:54 4 0 152
08:20:24 4 0 151
08:20:55 3 1 155
08:21:25 4 0 151
08:21:55 4 0 151
08:22:25 4 0 151
08:22:55 4 0 154
08:23:26 4 0 166
08:23:56 4 0 151
08:24:26 4 0 151
08:24:57 3 1 156
08:25:26 4 0 151
08:25:57 4 0 151
08:26:27 4 0 151
08:26:57 4 0 151
08:27:27 4 0 151
08:27:57 4 0 151
08:28:27 4 0 152
08:28:57 4 0 151
08:29:28 4 0 151
08:29:58 4 0 151
08:30:28 4 0 151
08:30:58 4 0 155
08:31:28 4 0 151
08:31:58 4 0 151
08:32:29 4 0 151
08:32:59 4 0 151
08:33:29 4 0 153
08:33:59 4 0 151
08:34:29 4 0 153
08:34:59 4 0 151
08:35:30 4 0 151
08:36:00 4 0 151
08:36:30 4 0 151
08:37:00 4 0 151
08:37:30 4 0 151
08:38:00 4 0 151
08:38:31 4 0 151
08:39:01 4 0 151
08:39:31 4 0 151
08:40:01 4 0 151
08:40:31 4 0 152
08:41:01 4 0 151
08:41:32 4 0 151
08:42:02 4 0 151
08:42:32 4 0 151
08:43:03 4 0 151
08:43:33 4 0 151
08:44:03 4 0 151
08:44:34 4 0 151
08:45:04 4 0 167
08:45:34 4 0 151
08:46:04 4 0 151
08:46:35 4 0 151
08:47:05 4 0 151
08:47:35 4 0 151
08:48:05 4 0 151
08:48:35 4 0 151
08:49:05 4 0 151
08:49:35 4 0 151
08:50:05 4 0 151
08:50:36 4 0 151
08:51:06 4 0 151
08:51:36 4 0 151
08:52:06 4 0 151
08:52:37 4 0 151
08:53:07 4 0 151
08:53:37 4 0 151
08:54:08 3 1 152
08:54:37 4 0 153
08:55:07 4 0 151
08:55:38 4 0 153
08:56:08 4 0 151
08:56:39 4 0 151
08:57:09 4 0 154
08:57:39 4 0 151
08:58:10 4 0 153
08:58:40 4 0 151
08:59:10 4 0 153
08:59:41 4 0 151
09:00:11 4 0 151
09:00:41 4 0 167
09:01:11 4 0 151
09:01:42 3 1 151
09:02:11 4 0 151
09:02:42 4 0 151
09:03:12 4 0 190
09:03:42 4 0 151
09:04:12 4 0 151
09:04:42 4 0 151
09:05:12 4 0 152
09:05:42 4 0 151
09:06:12 4 0 151
09:06:43 4 0 152
09:07:13 4 0 151
09:07:43 4 0 151
09:08:13 4 0 151
09:08:43 4 0 151
09:09:13 4 0 151
09:09:43 4 0 151
09:10:13 4 0 151
09:10:44 4 0 151
09:11:14 4 0 151
09:11:44 4 0 151
09:12:14 4 0 151
09:12:44 4 0 151
09:13:14 4 0 151
09:13:44 4 0 158
09:14:14 4 0 151
09:14:45 4 0 151
09:15:15 4 0 151
09:15:45 4 0 152
09:16:16 3 1 183
09:16:45 4 0 151
09:17:15 4 0 151
09:17:45 4 0 151
09:18:16 4 0 151
09:18:47 4 0 151
09:19:17 4 0 151
09:19:47 4 0 151
09:20:17 4 0 151
09:20:48 4 0 151
09:21:18 4 0 151
09:21:48 4 0 151
09:22:18 4 0 151
09:22:48 4 0 151
09:23:18 4 0 151
09:23:48 4 0 151
09:24:18 4 0 151
09:24:49 4 0 151
09:25:20 3 1 155
09:25:49 4 0 158
09:26:19 4 0 151
09:26:49 4 0 151
09:27:19 4 0 151
09:27:49 4 0 151
09:28:20 4 0 151
09:28:50 4 0 151
09:29:20 4 0 151
09:29:50 4 0 151
09:30:20 4 0 151
09:30:50 4 0 154
09:31:20 4 0 151
09:31:51 4 0 151
09:32:21 4 0 151
09:32:51 4 0 151
09:33:21 4 0 151
09:33:51 4 0 151
09:34:21 4 0 151
09:34:52 4 0 151
09:35:22 4 0 153
09:35:52 4 0 151
09:36:22 4 0 151
09:36:52 4 0 151
09:37:22 4 0 151
09:37:53 4 0 151
09:38:23 4 0 151
09:38:53 4 0 151
09:39:23 4 0 153
09:39:54 4 0 151
09:40:25 3 1 155
09:40:54 4 0 151
09:41:24 4 0 151
09:41:54 4 0 151
09:42:24 4 0 163
09:42:55 4 0 151
09:43:25 4 0 151
09:43:55 4 0 151
09:44:25 4 0 151
09:44:55 4 0 151
09:45:25 4 0 151
09:45:55 4 0 151
09:46:25 4 0 151
09:46:56 4 0 151
09:47:26 4 0 151
09:47:56 4 0 151
09:48:26 4 0 151
09:48:56 4 0 152
09:49:26 4 0 151
09:49:56 4 0 155
09:50:26 4 0 153
09:50:57 4 0 176
09:51:27 4 0 151
09:51:58 4 0 151
09:52:28 4 0 151
09:52:58 4 0 153
09:53:28 4 0 151
09:53:58 4 0 151
09:54:28 4 0 162
09:54:58 4 0 151
09:55:28 4 0 151
09:55:58 4 0 151
09:56:29 4 0 151
09:56:59 4 0 166
09:57:29 4 0 151
09:57:59 4 0 151
09:58:29 4 0 151
09:58:59 4 0 153
09:59:29 4 0 200
09:59:59 4 0 151
10:00:29 4 0 151
10:01:00 4 0 151
10:01:30 4 0 151
10:02:00 4 0 152
10:02:30 4 0 151
10:03:00 4 0 151
10:03:30 4 0 151
10:04:00 4 0 154
10:04:30 4 0 151
10:05:01 3 1 153
10:05:31 4 0 151
10:06:01 4 0 151
10:06:31 4 0 151
10:07:01 4 0 154
10:07:31 4 0 151
10:08:01 4 0 151
10:08:31 4 0 151
10:09:02 4 0 154
10:09:32 4 0 151
10:10:02 4 0 155
10:10:32 4 0 152
10:11:02 4 0 151
10:11:32 4 0 185
10:12:03 3 1 194
10:12:33 4 0 187
10:13:03 4 0 181
10:13:34 3 1 187
10:14:03 4 0 181
10:14:33 4 0 187
10:15:03 4 0 151
10:15:34 3 1 176
10:16:04 4 0 186
10:16:34 4 0 198
10:17:05 3 1 197
10:17:34 4 0 185
10:18:04 4 0 190
10:18:35 3 1 195
10:19:05 4 0 195
10:19:35 3 1 191
10:20:05 4 0 191
10:20:35 4 0 193
10:21:05 4 0 187
10:21:37 2 2 190
10:22:06 4 0 176
10:22:36 4 0 186
10:23:08 3 1 192
10:23:37 4 0 183
10:24:09 3 1 199
10:24:38 4 0 184
10:25:08 4 0 151
10:25:38 4 0 154
10:26:09 4 0 151
10:26:40 4 0 151
10:27:10 4 0 151
10:27:41 4 0 151
10:28:11 4 0 151
10:28:41 4 0 151
10:29:11 4 0 151
10:29:41 4 0 161
10:30:11 4 0 151
10:30:41 4 0 151
10:31:12 4 0 151
10:31:42 4 0 151
10:32:13 3 1 153
10:32:42 4 0 151
10:33:12 4 0 151
10:33:42 4 0 151
10:34:12 4 0 151
10:34:42 4 0 151
10:35:13 4 0 151
10:35:43 4 0 151
10:36:13 4 0 152
10:36:44 3 1 156
10:37:13 4 0 151
10:37:43 4 0 151
10:38:14 4 0 151
10:38:44 4 0 151
10:39:15 4 0 157
10:39:45 4 0 151
10:40:15 4 0 151
10:40:45 4 0 151
10:41:16 4 0 151
10:41:46 4 0 151
10:42:16 4 0 151
10:42:46 4 0 151
10:43:16 4 0 153
10:43:46 4 0 151
10:44:17 4 0 151
10:44:47 4 0 151
10:45:17 4 0 154
10:45:47 4 0 151
10:46:17 4 0 152
10:46:47 4 0 151
10:47:18 4 0 151
10:47:48 4 0 151
10:48:18 4 0 151
10:48:48 4 0 154
10:49:18 4 0 152
10:49:48 4 0 151
10:50:19 4 0 151
10:50:49 4 0 151
10:51:19 4 0 154
10:51:49 4 0 151
10:52:19 4 0 151
10:52:50 4 0 155
10:53:20 4 0 162
10:53:50 4 0 151
10:54:20 4 0 151
10:54:50 4 0 155
10:55:21 4 0 151
10:55:51 4 0 151
10:56:21 4 0 151
10:56:53 3 1 192
10:57:22 4 0 151
10:57:52 4 0 152
10:58:22 4 0 151
10:58:53 4 0 151
10:59:23 4 0 151
10:59:53 4 0 151
11:00:24 4 0 151
11:00:54 4 0 151
11:01:24 4 0 151
11:01:54 4 0 151
11:02:24 4 0 152
11:02:55 3 1 153
11:03:24 4 0 151
11:03:55 4 0 151
11:04:25 4 0 151
11:04:55 4 0 151
11:05:26 3 1 153
11:05:55 4 0 152
11:06:25 4 0 152
11:06:56 4 0 154
11:07:27 3 1 155
11:07:56 4 0 151
11:08:26 4 0 151
11:08:56 4 0 151
11:09:27 4 0 151
11:09:57 4 0 151
11:10:27 4 0 151
11:10:57 4 0 153
11:11:27 4 0 151
11:11:57 4 0 151
11:12:28 4 0 154
11:12:58 4 0 151
11:13:28 4 0 151
11:13:58 4 0 151
11:14:28 4 0 154
11:14:59 4 0 151
11:15:29 4 0 183
11:15:59 4 0 152
11:16:30 4 0 151
11:17:00 4 0 151
11:17:30 4 0 151
11:18:00 4 0 151
11:18:31 4 0 152
11:19:01 4 0 153
11:19:31 4 0 151
11:20:01 4 0 153
11:20:31 4 0 153
11:21:01 4 0 152
11:21:32 4 0 151
11:22:02 4 0 151
11:22:32 4 0 151
11:23:02 4 0 151
11:23:32 4 0 151
11:24:02 4 0 151
11:24:32 4 0 152
11:25:02 4 0 151
11:25:33 4 0 151
11:26:03 4 0 151
11:26:33 4 0 151
11:27:03 4 0 152
11:27:34 3 1 151
11:28:03 4 0 151
11:28:33 4 0 152
11:29:03 4 0 152
11:29:34 4 0 153
11:30:04 4 0 151
11:30:34 4 0 151
11:31:04 4 0 151
11:31:34 4 0 151
11:32:04 4 0 151
11:32:34 4 0 151
11:33:04 4 0 151
11:33:36 3 1 151
11:34:05 4 0 151
11:34:35 4 0 157
11:35:05 4 0 151
11:35:35 4 0 152
11:36:05 4 0 151
11:36:36 4 0 151
11:37:07 4 0 154
11:37:37 4 0 151
11:38:07 4 0 151
11:38:38 4 0 152
11:39:08 4 0 151
11:39:38 4 0 151
11:40:08 4 0 152
11:40:38 4 0 173
11:41:08 4 0 151
11:41:38 4 0 151
11:42:08 4 0 151
11:42:39 4 0 151
11:43:09 4 0 151
11:43:39 4 0 151
11:44:09 4 0 151
11:44:40 4 0 151
11:45:10 4 0 151
11:45:40 4 0 151
11:46:11 4 0 151
11:46:42 4 0 151
11:47:12 4 0 151
11:47:42 4 0 151
11:48:12 4 0 151
11:48:43 4 0 154
11:49:13 4 0 151
11:49:44 4 0 152
11:50:14 4 0 151
11:50:47 0 4 -1
11:51:17 1 3 163
11:51:45 4 0 151
11:52:16 4 0 152
11:52:46 4 0 154
11:53:16 4 0 152
11:53:46 4 0 152
11:54:16 4 0 151
11:54:46 4 0 153
11:55:16 4 0 151
11:55:46 4 0 151
11:56:17 4 0 151
11:56:47 4 0 151
11:57:17 4 0 153
11:57:47 4 0 151
11:58:17 4 0 151
11:58:47 4 0 151
11:59:17 4 0 151
11:59:48 4 0 151
12:00:18 4 0 151
12:00:48 4 0 151
12:01:18 4 0 151
12:01:48 4 0 151
12:02:18 4 0 151
12:02:49 3 1 151
12:03:19 4 0 151
12:03:49 4 0 151
12:04:19 4 0 151
12:04:49 4 0 151
12:05:20 3 1 151
12:05:49 4 0 151
12:06:19 4 0 151
12:06:49 4 0 151
12:07:19 4 0 151
12:07:50 4 0 151
12:08:20 4 0 151
12:08:50 4 0 151
12:09:20 4 0 152
12:09:50 4 0 151
12:10:21 4 0 151
12:10:51 4 0 151
12:11:21 4 0 151
12:11:51 4 0 151
12:12:21 4 0 151
12:12:51 4 0 151
12:13:21 4 0 151
12:13:52 4 0 151
12:14:22 4 0 151
12:14:52 4 0 151
12:15:22 4 0 151
12:15:53 4 0 151
12:16:23 4 0 151
12:16:53 4 0 151
12:17:23 4 0 151
12:17:54 4 0 151
12:18:24 4 0 151
12:18:55 4 0 151
12:19:26 3 1 151
12:19:55 4 0 151
12:20:25 4 0 151
12:20:55 4 0 151
12:21:25 4 0 151
12:21:55 4 0 151
12:22:25 4 0 151
12:22:56 4 0 151
12:23:26 4 0 168
12:23:56 4 0 151
12:24:26 4 0 154
12:24:56 4 0 154
12:25:26 4 0 151
12:25:56 4 0 151
12:26:26 4 0 160
12:26:57 4 0 151
12:27:27 4 0 151
12:27:57 4 0 151
12:28:27 4 0 152
12:28:59 3 1 155
12:29:28 4 0 151
12:29:58 4 0 151
12:30:28 4 0 151
12:30:58 4 0 151
12:31:28 4 0 151
12:31:58 4 0 151
12:32:28 4 0 151
12:32:58 4 0 151
12:33:28 4 0 151
12:33:59 4 0 151
12:34:29 4 0 151
12:34:59 4 0 151
12:35:29 4 0 151
12:35:59 4 0 151
12:36:29 4 0 151
12:36:59 4 0 151
12:37:29 4 0 151
12:38:01 3 1 175
12:38:30 4 0 154
12:39:00 4 0 151
12:39:30 4 0 151
12:40:00 4 0 151
12:40:30 4 0 151
12:41:00 4 0 151
12:41:30 4 0 151
12:42:01 4 0 151
12:42:31 4 0 151
12:43:01 4 0 151
12:43:31 4 0 151
12:44:01 4 0 151
12:44:31 4 0 151
12:45:02 3 1 155
12:45:31 4 0 151
12:46:01 4 0 151
12:46:31 4 0 173
12:47:01 4 0 151
12:47:31 4 0 151
12:48:02 4 0 151
12:48:32 4 0 151
12:49:02 4 0 151
12:49:32 4 0 151
12:50:03 4 0 151
12:50:33 4 0 151
12:51:04 3 1 153
12:51:33 4 0 153
12:52:04 4 0 151
12:52:34 4 0 151
12:53:04 4 0 151
12:53:34 4 0 151
12:54:04 4 0 151
12:54:34 4 0 154
12:55:04 4 0 154
12:55:34 4 0 153
12:56:05 4 0 152
12:56:35 4 0 151
12:57:05 4 0 151
12:57:35 4 0 151
12:58:05 4 0 151
12:58:35 4 0 151
12:59:05 4 0 151
12:59:35 4 0 166
13:00:06 4 0 151
13:00:36 4 0 154
13:01:06 4 0 155
13:01:36 4 0 151
13:02:06 4 0 151
13:02:36 4 0 151
13:03:06 4 0 179
13:03:36 4 0 151
13:04:07 4 0 151
13:04:37 4 0 151
13:05:07 4 0 151
13:05:37 4 0 164
13:06:07 4 0 169
13:06:37 4 0 151
13:07:07 4 0 151
13:07:37 4 0 151
13:08:07 4 0 151
13:08:37 4 0 151
13:09:08 4 0 153
13:09:38 4 0 154
13:10:08 4 0 154
13:10:38 4 0 151
13:11:08 4 0 151
13:11:38 4 0 152
13:12:08 4 0 152
13:12:38 4 0 151
13:13:08 4 0 152
13:13:38 4 0 151
13:14:09 4 0 151
13:14:39 4 0 151
13:15:09 4 0 151
13:15:39 4 0 151
13:16:09 4 0 151
13:16:39 4 0 151
13:17:09 4 0 151
13:17:39 4 0 153
13:18:09 4 0 154
13:18:39 4 0 151
13:19:10 4 0 151
13:19:40 4 0 152
13:20:10 4 0 156
13:20:40 4 0 151
13:21:10 4 0 155
13:21:40 4 0 151
13:22:11 4 0 151
13:22:41 4 0 153
13:23:11 4 0 152
13:23:41 4 0 151
13:24:11 4 0 151
13:24:41 4 0 153
13:25:11 4 0 152
13:25:45 0 4 -1
13:26:15 0 4 -1
13:26:42 4 0 153
13:27:13 3 1 152
13:27:42 4 0 153
13:28:12 4 0 153
13:28:42 4 0 155
13:29:12 4 0 151
13:29:43 4 0 154
13:30:14 4 0 154
13:30:44 4 0 151
13:31:14 4 0 151
13:31:44 4 0 154
13:32:14 4 0 154
13:32:44 4 0 151
13:33:14 4 0 151
13:33:45 4 0 151
13:34:15 4 0 151
13:34:45 4 0 151
13:35:15 4 0 151
13:35:45 4 0 151
13:36:16 4 0 151
13:36:46 4 0 151
13:37:16 4 0 151
13:37:46 4 0 151
13:38:16 4 0 151
13:38:46 4 0 151
13:39:16 4 0 152
13:39:46 4 0 151
13:40:17 4 0 151
13:40:47 4 0 151
13:41:17 4 0 151
13:41:47 4 0 151
13:42:17 4 0 183
13:42:48 4 0 180
13:43:18 4 0 154
13:43:48 4 0 151
13:44:18 4 0 158
13:44:48 4 0 151
13:45:19 4 0 153
13:45:50 2 2 154
13:46:19 4 0 151
13:46:49 4 0 153
13:47:20 4 0 152
13:47:50 4 0 151
13:48:20 4 0 151
13:48:50 4 0 151
13:49:21 4 0 152
13:49:51 4 0 151
13:50:21 4 0 151
13:50:51 4 0 151
13:51:21 4 0 151
13:51:52 4 0 151
13:52:23 4 0 152
13:52:53 4 0 151
13:53:23 4 0 190
13:53:53 4 0 151
13:54:23 4 0 151
13:54:53 4 0 155
13:55:23 4 0 151
13:55:54 3 1 151
13:56:23 4 0 151
13:56:54 4 0 155
13:57:24 4 0 151
13:57:54 4 0 151
13:58:24 4 0 152
13:58:54 4 0 151
13:59:24 4 0 152
13:59:54 4 0 153
14:00:24 4 0 154
14:00:54 4 0 151
14:01:25 4 0 153
14:01:55 4 0 154
14:02:25 4 0 151
14:02:55 4 0 151
14:03:25 4 0 151
14:03:55 4 0 151
14:04:27 2 2 193
14:04:55 4 0 152
14:05:26 4 0 154
14:05:56 4 0 151
14:06:26 4 0 151
14:06:56 4 0 156
14:07:26 4 0 152
14:07:56 4 0 151
14:08:27 4 0 158
14:08:58 3 1 158
14:09:28 3 1 151
14:09:57 4 0 151
14:10:27 4 0 153
14:10:57 4 0 155
14:11:28 4 0 151
14:11:59 4 0 153
14:12:29 4 0 151
14:13:00 3 1 156
14:13:29 4 0 151
14:13:59 4 0 151
14:14:30 4 0 152
14:15:01 3 1 159
14:15:30 4 0 151
14:16:00 4 0 154
14:16:30 4 0 154
14:17:00 4 0 158
14:17:31 3 1 155
14:18:02 3 1 156
14:18:31 4 0 161
14:19:01 4 0 153
14:19:31 4 0 178
14:20:01 4 0 151
14:20:31 4 0 156
14:21:01 4 0 151
14:21:31 4 0 151
14:22:03 2 2 158
14:22:32 4 0 151
14:23:02 4 0 151
14:23:32 4 0 151
14:24:02 4 0 159
14:24:33 4 0 152
14:25:03 4 0 151
14:25:33 4 0 151
14:26:03 4 0 160
14:26:34 4 0 151
14:27:04 4 0 151
14:27:34 4 0 154
14:28:04 4 0 157
14:28:34 4 0 151
14:29:04 4 0 151
14:29:35 4 0 151
14:30:06 3 1 157
14:30:35 4 0 157
14:31:05 4 0 151
14:31:35 4 0 151
14:32:05 4 0 151
14:32:38 2 2 158
14:33:06 4 0 151
14:33:36 4 0 151
14:34:06 4 0 151
14:34:36 4 0 157
14:35:06 4 0 151
14:35:37 4 0 153
14:36:07 4 0 163
14:36:37 4 0 151
14:37:08 4 0 153
14:37:38 4 0 165
14:38:09 4 0 153
14:38:39 4 0 154
14:39:09 4 0 151
14:39:39 4 0 152
14:40:10 4 0 151
14:40:40 4 0 151
14:41:10 4 0 152
14:41:40 4 0 151
14:42:11 4 0 151
14:42:41 4 0 156
14:43:11 4 0 155
14:43:41 4 0 154
14:44:11 4 0 155
14:44:42 4 0 156
14:45:12 4 0 156
14:45:42 4 0 151
14:46:12 4 0 152
14:46:42 4 0 156
14:47:13 4 0 151
14:47:43 4 0 151
14:48:13 4 0 151
14:48:43 4 0 151
14:49:13 4 0 151
14:49:43 4 0 152
14:50:13 4 0 153
14:50:44 4 0 152
14:51:14 4 0 155
14:51:44 4 0 155
14:52:14 4 0 152
14:52:45 4 0 157
14:53:15 4 0 154
14:53:45 4 0 151
14:54:15 4 0 151
14:54:45 4 0 151
14:55:15 4 0 151
14:55:45 4 0 151
14:56:15 4 0 151
14:56:46 4 0 151
14:57:16 4 0 151
14:57:46 4 0 151
14:58:16 4 0 162
14:58:46 4 0 151
14:59:16 4 0 151
14:59:46 4 0 155
15:00:16 4 0 158
15:00:47 4 0 151
15:01:17 4 0 151
15:01:47 4 0 151
15:02:17 4 0 151
15:02:47 4 0 151
15:03:17 4 0 151
15:03:48 3 1 154
15:04:17 4 0 156
15:04:47 4 0 151
15:05:17 4 0 151
15:05:48 4 0 152
15:06:18 4 0 151
15:06:48 4 0 151
15:07:18 4 0 151
15:07:48 4 0 151
15:08:18 4 0 153
15:08:48 4 0 151
15:09:18 4 0 152
15:09:49 4 0 188
15:10:18 4 0 151
15:10:49 4 0 153
15:11:19 4 0 158
15:11:49 4 0 151
15:12:19 4 0 154
15:12:49 4 0 151
15:13:19 4 0 154
15:13:49 4 0 151
15:14:20 4 0 151
15:14:50 4 0 154
15:15:20 4 0 151
15:15:50 4 0 152
15:16:21 3 1 151
15:16:50 4 0 151
15:17:20 4 0 151
15:17:51 4 0 152
15:18:21 4 0 152
15:18:51 4 0 151
15:19:21 4 0 151
15:19:51 4 0 152
15:20:21 4 0 154
15:20:51 4 0 151
15:21:21 4 0 151
15:21:51 4 0 153
15:22:22 4 0 151
15:22:52 4 0 152
15:23:22 4 0 155
15:23:52 4 0 151
15:24:22 4 0 151
15:24:55 1 3 156
15:25:22 4 0 151
15:25:52 4 0 153
15:26:22 4 0 151
15:26:52 4 0 151
15:27:23 4 0 151
15:27:53 4 0 176
15:28:23 4 0 151
15:28:53 4 0 151
15:29:23 4 0 166
15:29:53 4 0 151
15:30:23 4 0 151
15:30:53 4 0 151
15:31:24 4 0 151
15:31:54 4 0 151
15:32:24 4 0 151
15:32:54 4 0 151
15:33:24 4 0 151
15:33:54 4 0 151
15:34:24 4 0 151
15:34:55 4 0 151
15:35:25 4 0 151
15:35:55 4 0 151
15:36:25 4 0 151
15:36:55 4 0 159
15:37:25 4 0 151
15:37:55 4 0 151
15:38:25 4 0 151
15:38:56 4 0 155
15:39:26 3 1 156
15:39:56 4 0 151
15:40:26 4 0 151
15:40:56 4 0 151
15:41:26 4 0 151
15:41:56 4 0 152
15:42:26 4 0 151
15:42:56 4 0 151
15:43:26 4 0 153
15:43:57 4 0 151
15:44:27 4 0 152
15:44:57 4 0 151
15:45:27 4 0 153
15:45:57 4 0 154
15:46:27 4 0 151
15:46:58 4 0 151
15:47:28 4 0 151
15:47:58 4 0 151
15:48:28 4 0 156
15:48:58 4 0 151
15:49:28 4 0 154
15:49:58 4 0 151
15:50:28 4 0 157
15:50:58 4 0 159
15:51:29 4 0 151
15:51:59 4 0 153
15:52:29 4 0 181
15:52:59 4 0 155
15:53:29 4 0 154
15:53:59 4 0 151
15:54:29 4 0 154
15:55:00 4 0 151
15:55:30 4 0 151
15:56:00 4 0 156
15:56:30 4 0 155
15:57:00 4 0 154
15:57:30 4 0 151
15:58:01 3 1 157
15:58:30 4 0 151
15:59:00 4 0 151
15:59:31 4 0 151
16:00:01 4 0 151
16:00:31 4 0 151
16:01:01 4 0 155
16:01:31 4 0 152
16:02:01 4 0 153
16:02:31 4 0 151
16:03:01 4 0 151
16:03:32 3 1 155
16:04:02 4 0 151
16:04:32 4 0 151
16:05:02 4 0 151
16:05:32 4 0 154
16:06:02 4 0 153
16:06:32 4 0 151
16:07:02 4 0 154
16:07:32 4 0 156
16:08:02 4 0 153
16:08:32 4 0 154
16:09:03 4 0 154
16:09:33 4 0 153
16:10:03 4 0 151
16:10:33 4 0 151
16:11:03 4 0 175
16:11:33 4 0 151
16:12:04 4 0 151
16:12:34 4 0 151
16:13:04 4 0 151
16:13:35 3 1 151
16:14:04 4 0 151
16:14:34 4 0 153
16:15:04 4 0 151
16:15:34 4 0 151
16:16:04 4 0 151
16:16:34 4 0 151
16:17:06 4 0 468
16:17:37 2 2 474
16:18:05 4 0 151
16:18:35 4 0 151
16:19:05 4 0 151
16:19:35 4 0 151
16:20:05 4 0 163
16:20:35 4 0 202
16:21:05 4 0 151
16:21:35 4 0 151
16:22:06 4 0 151
16:22:36 4 0 151
16:23:06 4 0 151
16:23:36 4 0 151
16:24:06 4 0 153
16:24:36 4 0 151
16:25:06 4 0 152
16:25:36 4 0 151
16:26:07 4 0 151
16:26:37 4 0 151
16:27:07 4 0 152
16:27:37 4 0 151
16:28:07 4 0 151
16:28:37 4 0 153
16:29:07 4 0 151
16:29:37 4 0 151
16:30:07 4 0 151
16:30:37 4 0 151
16:31:08 4 0 151
16:31:38 4 0 151
16:32:08 4 0 156
16:32:38 4 0 152
16:33:09 4 0 152
16:33:39 4 0 152
16:34:09 4 0 151
16:34:39 4 0 151
16:35:09 4 0 151
16:35:39 4 0 171
16:36:09 4 0 151
16:36:39 4 0 151
16:37:10 4 0 151
16:37:40 4 0 151
16:38:10 4 0 151
16:38:41 3 1 155
16:39:10 4 0 154
16:39:40 4 0 157
16:40:11 4 0 155
16:40:41 4 0 155
16:41:11 4 0 155
16:41:43 1 3 155
16:42:11 4 0 151
16:42:41 4 0 151
16:43:11 4 0 153
16:43:41 4 0 151
16:44:12 3 1 151
16:44:41 4 0 151
16:45:13 4 0 567
16:45:43 4 0 474
16:46:12 4 0 156
16:46:42 4 0 153
16:47:12 4 0 155
16:47:42 4 0 151
16:48:12 4 0 151
16:48:42 4 0 151
16:49:14 3 1 563
16:49:44 3 1 563
16:50:13 4 0 152
16:50:43 4 0 151
16:51:13 4 0 171
16:51:43 4 0 153
16:52:13 4 0 151
16:52:43 4 0 151
16:53:14 4 0 151
16:53:44 4 0 151
16:54:14 4 0 152
16:54:44 4 0 154
16:55:14 4 0 151
16:55:44 4 0 151
16:56:14 4 0 157
16:56:44 4 0 154
16:57:14 4 0 153
16:57:45 4 0 152
16:58:15 4 0 154
16:58:45 4 0 151
16:59:15 4 0 153
16:59:45 4 0 151
17:00:15 4 0 153
17:00:45 4 0 153
17:01:17 4 0 571
17:01:48 1 3 480
17:02:16 4 0 188
17:02:46 4 0 151
17:03:17 3 1 155
17:03:47 4 0 183
17:04:17 4 0 154
17:04:47 4 0 154
17:05:17 4 0 154
17:05:49 1 3 154
17:06:17 4 0 155
17:06:47 4 0 151
17:07:17 4 0 151
17:07:47 4 0 151
17:08:19 3 1 152
17:08:48 4 0 151
17:09:18 4 0 151
17:09:48 4 0 151
17:10:18 4 0 151
17:10:48 4 0 151
17:11:18 4 0 158
17:11:48 4 0 151
17:12:19 4 0 155
17:12:49 4 0 156
17:13:19 4 0 188
17:13:49 4 0 151
17:14:19 4 0 152
17:14:49 4 0 151
17:15:19 4 0 151
17:15:49 4 0 151
17:16:19 4 0 151
17:16:49 4 0 151
17:17:20 4 0 154
17:17:50 4 0 154
17:18:20 4 0 151
17:18:50 4 0 151
17:19:20 4 0 154
17:19:50 4 0 154
17:20:20 4 0 153
17:20:50 4 0 151
17:21:21 4 0 151
17:21:51 4 0 151
17:22:21 4 0 151
17:22:51 4 0 156
17:23:22 4 0 152
17:23:52 4 0 177
17:24:22 4 0 151
17:24:52 4 0 154
17:25:23 4 0 154
17:25:53 4 0 151
17:26:23 4 0 154
17:26:53 4 0 151
17:27:24 4 0 155
17:27:54 4 0 153
17:28:24 4 0 152
17:28:54 4 0 154
17:29:24 4 0 154
17:29:54 4 0 156
17:30:24 4 0 154
17:30:54 4 0 151
17:31:25 4 0 170
17:31:55 4 0 151
17:32:25 4 0 151
17:32:55 4 0 151
17:33:25 4 0 152
17:33:55 4 0 151
17:34:26 4 0 168
17:34:55 4 0 152
17:35:26 4 0 151
17:35:56 4 0 152
17:36:26 4 0 151
17:36:56 4 0 151
17:37:26 4 0 152
17:37:56 4 0 152
17:38:27 4 0 151
17:38:57 4 0 151
17:39:27 4 0 151
17:39:57 4 0 151
17:40:27 4 0 151
17:40:57 4 0 151
17:41:28 4 0 152
17:41:58 4 0 151
17:42:28 4 0 152
17:42:59 4 0 154
17:43:29 4 0 151
17:43:59 4 0 151
17:44:29 4 0 151
17:44:59 4 0 151
17:45:29 4 0 151
17:46:00 4 0 154
17:46:31 3 1 153
17:47:00 4 0 153
17:47:30 4 0 158
17:48:00 4 0 155
17:48:30 4 0 151
17:49:00 4 0 151
17:49:31 4 0 153
17:50:01 4 0 151
17:50:31 4 0 151
17:51:01 4 0 151
17:51:32 3 1 151
17:52:02 3 1 151
17:52:31 4 0 152
17:53:01 4 0 151
17:53:32 4 0 151
17:54:02 4 0 151
17:54:32 4 0 153
17:55:02 4 0 151
17:55:32 4 0 152
17:56:02 4 0 151
17:56:32 4 0 152
17:57:02 4 0 151
17:57:33 4 0 151
17:58:03 4 0 151
17:58:33 4 0 151
17:59:03 4 0 151
17:59:33 4 0 151
18:00:03 4 0 151
18:00:33 4 0 151
18:01:03 4 0 151
18:01:34 4 0 152
18:02:05 2 2 156
18:02:34 4 0 155
18:03:05 4 0 151
18:03:35 4 0 151
18:04:05 4 0 151
18:04:35 4 0 155
18:05:05 4 0 152
18:05:36 4 0 154
18:06:06 4 0 151
18:06:36 4 0 151
18:07:06 4 0 151
18:07:36 4 0 151
18:08:06 4 0 151
18:08:36 4 0 151
18:09:06 4 0 151
18:09:37 4 0 151
18:10:07 4 0 151
18:10:38 3 1 155
18:11:07 4 0 151
18:11:37 4 0 151
18:12:07 4 0 151
18:12:37 4 0 156
18:13:08 4 0 151
18:13:38 4 0 153
18:14:08 4 0 151
18:14:38 4 0 151
18:15:08 4 0 151
18:15:38 4 0 151
18:16:08 4 0 152
18:16:38 4 0 151
18:17:09 4 0 154
18:17:40 2 2 155
18:18:09 4 0 152
18:18:39 4 0 151
18:19:09 4 0 152
18:19:39 4 0 152
18:20:09 4 0 170
18:20:40 4 0 151
18:21:10 4 0 151
18:21:40 4 0 151
18:22:10 4 0 153
18:22:41 4 0 151
18:23:11 4 0 153
18:23:41 4 0 155
18:24:11 4 0 151
18:24:42 4 0 155
18:25:12 4 0 151
18:25:42 4 0 151
18:26:12 4 0 151
18:26:44 2 2 155
18:27:12 4 0 151
18:27:43 4 0 151
18:28:13 4 0 151
18:28:43 4 0 151
18:29:13 4 0 151
18:29:43 4 0 151
18:30:13 4 0 154
18:30:44 4 0 151
18:31:14 4 0 151
18:31:44 4 0 153
18:32:17 2 2 574
18:32:46 3 1 482
18:33:14 4 0 151
18:33:45 4 0 154
18:34:15 4 0 154
18:34:46 4 0 151
18:35:16 4 0 153
18:35:46 4 0 154
18:36:16 4 0 151
18:36:46 4 0 154
18:37:16 4 0 153
18:37:46 4 0 151
18:38:17 3 1 155
18:38:47 4 0 154
18:39:17 4 0 151
18:39:47 4 0 154
18:40:17 4 0 154
18:40:47 4 0 151
18:41:17 4 0 151
18:41:48 3 1 151
18:42:19 2 2 155
18:42:48 4 0 249
18:43:20 2 2 542
18:43:48 4 0 153
18:44:18 4 0 151
18:44:48 4 0 151
18:45:18 4 0 151
18:45:48 4 0 151
18:46:18 4 0 151
18:46:48 4 0 154
18:47:19 4 0 151
18:47:49 4 0 154
18:48:21 3 1 478
18:48:51 3 1 473
18:49:19 4 0 151
18:49:49 4 0 151
18:50:19 4 0 153
18:50:49 4 0 151
18:51:19 4 0 151
18:51:50 4 0 151
18:52:20 4 0 151
18:52:50 4 0 151
18:53:20 4 0 151
18:53:51 4 0 151
18:54:21 4 0 151
18:54:51 4 0 152
18:55:21 4 0 151
18:55:52 4 0 170
18:56:22 4 0 151
18:56:52 4 0 151
18:57:22 4 0 151
18:57:52 4 0 154
18:58:22 4 0 152
18:58:52 4 0 151
18:59:22 4 0 151
18:59:52 4 0 151
19:00:22 4 0 153
19:00:53 4 0 151
19:01:23 4 0 152
19:01:53 4 0 151
19:02:23 4 0 151
19:02:53 4 0 151
19:03:23 4 0 151
19:03:53 4 0 151
19:04:23 4 0 151
19:04:54 4 0 151
19:05:24 4 0 151
19:05:54 4 0 151
19:06:24 4 0 151
19:06:54 4 0 151
19:07:24 4 0 151
19:07:54 4 0 152
19:08:24 4 0 151
19:08:54 4 0 151
19:09:24 4 0 151
19:09:55 4 0 153
19:10:25 4 0 151
19:10:55 4 0 151
19:11:25 4 0 151
19:11:55 4 0 151
19:12:25 4 0 151
19:12:55 4 0 156
19:13:25 4 0 151
19:13:56 4 0 151
19:14:26 4 0 153
19:14:56 4 0 151
19:15:26 4 0 154
19:15:56 4 0 152
19:16:26 4 0 154
19:16:56 4 0 151
19:17:26 4 0 151
19:17:56 4 0 151
19:18:27 4 0 151
19:18:57 4 0 155
19:19:27 4 0 151
19:19:57 4 0 151
19:20:27 4 0 156
19:20:57 4 0 153
19:21:27 4 0 151
19:21:57 4 0 151
19:22:27 4 0 152
19:22:58 4 0 151
19:23:28 4 0 157
19:23:58 4 0 155
19:24:28 4 0 151
19:24:58 4 0 157
19:25:28 4 0 151
19:25:58 4 0 154
19:26:28 4 0 153
19:26:58 4 0 152
19:27:28 4 0 154
19:27:59 4 0 151
19:28:29 4 0 155
19:28:59 4 0 155
19:29:29 4 0 151
19:29:59 4 0 152
19:30:29 4 0 154
19:30:59 4 0 151
19:31:29 4 0 152
19:31:59 4 0 151
19:32:29 4 0 151
19:33:00 4 0 151
19:33:30 4 0 155
19:34:00 4 0 151
19:34:30 4 0 152
19:35:01 4 0 151
19:35:31 4 0 153
19:36:01 4 0 168
19:36:31 4 0 154
19:37:01 4 0 152
19:37:31 4 0 151
19:38:01 4 0 151
19:38:31 4 0 151
19:39:01 4 0 151
19:39:32 4 0 154
19:40:02 4 0 151
19:40:32 4 0 151
19:41:02 4 0 151
19:41:32 4 0 151
19:42:02 4 0 151
19:42:32 4 0 155
19:43:02 4 0 151
19:43:32 4 0 151
19:44:03 4 0 151
19:44:33 4 0 151
19:45:03 4 0 152
19:45:33 4 0 151
19:46:03 4 0 153
19:46:33 4 0 151
19:47:03 4 0 151
19:47:33 4 0 151
19:48:03 4 0 151
19:48:33 4 0 157
19:49:04 4 0 153
19:49:34 4 0 154
19:50:04 4 0 151
19:50:34 4 0 151
19:51:04 4 0 151
19:51:34 4 0 152
19:52:04 4 0 154
19:52:35 3 1 154
19:53:04 4 0 151
19:53:34 4 0 151
19:54:05 4 0 151
19:54:35 4 0 151
19:55:05 3 1 154
19:55:35 4 0 151
19:56:06 3 1 154
19:56:35 4 0 151
19:57:05 4 0 151
19:57:35 4 0 151
19:58:06 4 0 153
19:58:37 3 1 156
19:59:06 4 0 154
19:59:36 4 0 153
20:00:06 4 0 151
20:00:36 4 0 151
20:01:06 4 0 152
20:01:36 4 0 152
20:02:08 2 2 155
20:02:36 4 0 152
20:03:07 4 0 151
20:03:37 4 0 151
20:04:07 4 0 154
20:04:37 4 0 155
20:05:07 4 0 155
20:05:37 4 0 154
20:06:07 4 0 151
20:06:37 4 0 151
20:07:07 4 0 151
20:07:37 4 0 151
20:08:08 4 0 152
20:08:38 4 0 154
20:09:08 4 0 151
20:09:38 4 0 151
20:10:08 4 0 151
20:10:39 3 1 152
20:11:08 4 0 154
20:11:38 4 0 151
20:12:08 4 0 152
20:12:38 4 0 153
20:13:09 4 0 151
20:13:39 4 0 151
20:14:09 4 0 151
20:14:39 4 0 151
20:15:09 4 0 151
20:15:39 4 0 160
20:16:09 4 0 151
20:16:39 4 0 154
20:17:09 4 0 153
20:17:39 4 0 155
20:18:10 4 0 151
20:18:40 4 0 151
20:19:10 4 0 151
20:19:40 4 0 152
20:20:10 4 0 151
20:20:40 4 0 151
20:21:10 4 0 151
20:21:40 4 0 152
20:22:11 4 0 154
20:22:41 4 0 151
20:23:12 3 1 153
20:23:41 4 0 151
20:24:11 4 0 151
20:24:41 4 0 151
20:25:11 4 0 151
20:25:41 4 0 151
20:26:12 4 0 151
20:26:42 4 0 151
20:27:13 3 1 154
20:27:42 4 0 152
20:28:12 4 0 151
20:28:42 4 0 151
20:29:12 4 0 152
20:29:42 4 0 151
20:30:13 4 0 154
20:30:43 4 0 153
20:31:13 4 0 151
20:31:43 4 0 151
20:32:13 4 0 151
20:32:43 4 0 153
20:33:13 4 0 151
20:33:43 4 0 151
20:34:13 4 0 151
20:34:43 4 0 151
20:35:14 4 0 151
20:35:44 4 0 151
20:36:14 4 0 151
20:36:44 4 0 151
20:37:14 4 0 151
20:37:44 4 0 151
20:38:14 4 0 151
20:38:44 4 0 151
20:39:14 4 0 151
20:39:44 4 0 155
20:40:15 4 0 155
20:40:45 4 0 151
20:41:15 4 0 151
20:41:45 4 0 151
20:42:15 4 0 151
20:42:45 4 0 151
20:43:15 4 0 151
20:43:45 4 0 151
20:44:15 4 0 151
20:44:45 4 0 151
20:45:16 4 0 151
20:45:46 4 0 151
20:46:16 4 0 151
20:46:46 4 0 151
20:47:16 4 0 151
20:47:46 4 0 155
20:48:16 4 0 154
20:48:46 4 0 151
20:49:17 4 0 151
20:49:47 4 0 157
20:50:17 4 0 151
20:50:47 4 0 151
20:51:17 4 0 151
20:51:47 4 0 151
20:52:17 4 0 154
20:52:47 4 0 151
20:53:17 4 0 151
20:53:47 4 0 151
20:54:18 4 0 151
20:54:48 4 0 151
20:55:18 4 0 151
20:55:48 4 0 151
20:56:18 4 0 151
20:56:48 4 0 151
20:57:18 4 0 151
20:57:48 4 0 151
20:58:18 4 0 151
20:58:48 4 0 151
20:59:19 4 0 151
20:59:49 4 0 151
21:00:19 4 0 155
21:00:49 4 0 152
21:01:19 4 0 151
21:01:49 4 0 151
21:02:19 4 0 151
21:02:49 4 0 151
21:03:19 4 0 151
21:03:50 4 0 184
21:04:20 4 0 155
21:04:50 4 0 154
21:05:20 4 0 151
21:05:50 4 0 151
21:06:20 4 0 151
21:06:52 3 1 156
21:07:21 4 0 151
21:07:51 4 0 151
21:08:21 4 0 151
21:08:51 4 0 151
21:09:22 4 0 151
21:09:52 4 0 151
21:10:22 4 0 152
21:10:52 4 0 151
21:11:22 4 0 153
21:11:52 4 0 151
21:12:22 4 0 151
21:12:52 4 0 151
21:13:22 4 0 152
21:13:52 4 0 153
21:14:23 4 0 151
21:14:53 4 0 151
21:15:23 4 0 151
21:15:53 4 0 151
21:16:23 4 0 154
21:16:53 4 0 155
21:17:23 4 0 153
21:17:53 4 0 154
21:18:24 4 0 151
21:18:54 4 0 151
21:19:24 4 0 151
21:19:54 4 0 151
21:20:24 4 0 156
21:20:55 3 1 156
21:21:25 4 0 151
21:21:55 4 0 151
21:22:25 4 0 151
21:22:55 4 0 156
21:23:25 4 0 159
21:23:56 3 1 155
21:24:25 4 0 151
21:24:55 4 0 151
21:25:25 4 0 151
21:25:56 3 1 155
21:26:26 4 0 152
21:26:56 4 0 151
21:27:27 4 0 176
21:27:57 4 0 151
21:28:27 4 0 152
21:28:57 4 0 154
21:29:27 4 0 151
21:29:57 4 0 151
21:30:27 4 0 151
21:30:57 4 0 151
21:31:28 4 0 151
21:31:58 4 0 151
21:32:28 4 0 151
21:32:58 4 0 151
21:33:29 3 1 153
21:34:00 2 2 153
21:34:28 4 0 153
21:34:58 4 0 151
21:35:29 4 0 151
21:35:59 4 0 151
21:36:29 4 0 152
21:36:59 4 0 154
21:37:29 4 0 154
21:37:59 4 0 151
21:38:29 4 0 151
21:38:59 4 0 152
21:39:29 4 0 151
21:39:59 4 0 151
21:40:30 4 0 151
21:41:00 4 0 151
21:41:30 4 0 151
21:42:00 4 0 151
21:42:30 4 0 151
21:43:00 4 0 151
21:43:30 4 0 153
21:44:00 4 0 155
21:44:31 4 0 152
21:45:01 4 0 152
21:45:31 4 0 151
21:46:01 4 0 151
21:46:31 4 0 156
21:47:02 3 1 155
21:47:31 4 0 152
21:48:01 4 0 151
21:48:32 4 0 151
21:49:02 4 0 153
21:49:32 4 0 151
21:50:02 4 0 152
21:50:32 4 0 151
21:51:02 4 0 151
21:51:32 4 0 152
21:52:02 4 0 151
21:52:33 4 0 151
21:53:03 4 0 151
21:53:33 4 0 152
21:54:04 3 1 151
21:54:33 4 0 151
21:55:03 4 0 151
21:55:33 4 0 151
21:56:03 4 0 151
21:56:33 4 0 151
21:57:03 4 0 151
21:57:34 4 0 151
21:58:04 4 0 151
21:58:34 4 0 153
21:59:04 4 0 155
21:59:34 4 0 151
22:00:04 4 0 151
22:00:34 4 0 152
22:01:04 4 0 151
22:01:35 4 0 154
22:02:05 4 0 182
22:02:35 4 0 156
22:03:05 4 0 154
22:03:35 4 0 151
22:04:05 4 0 153
22:04:35 4 0 151
22:05:06 4 0 151
22:05:36 4 0 151
22:06:06 4 0 151
22:06:37 4 0 153
22:07:07 4 0 163
22:07:37 4 0 151
22:08:07 4 0 154
22:08:37 4 0 151
22:09:07 4 0 151
22:09:38 4 0 151
22:10:08 4 0 151
22:10:38 4 0 151
22:11:08 4 0 152
22:11:38 4 0 151
22:12:08 4 0 151
22:12:38 4 0 151
22:13:08 4 0 154
22:13:39 4 0 151
22:14:09 4 0 153
22:14:39 4 0 151
22:15:09 4 0 152
22:15:39 4 0 151
22:16:09 4 0 151
22:16:39 4 0 151
22:17:10 4 0 151
22:17:40 4 0 153
22:18:10 4 0 153
22:18:40 4 0 154
22:19:10 4 0 151
22:19:40 4 0 155
22:20:11 3 1 154
22:20:40 4 0 154
22:21:10 4 0 151
22:21:41 4 0 151
22:22:11 4 0 155
22:22:41 4 0 151
22:23:11 4 0 154
22:23:41 4 0 155
22:24:11 4 0 151
22:24:41 4 0 154
22:25:12 3 1 155
22:25:42 4 0 153
22:26:12 4 0 152
22:26:42 4 0 154
22:27:12 4 0 153
22:27:42 4 0 153
22:28:12 4 0 155
22:28:42 4 0 151
22:29:12 4 0 154
22:29:43 4 0 151
22:30:13 4 0 151
22:30:43 4 0 152
22:31:13 4 0 151
22:31:43 4 0 152
22:32:14 3 1 154
22:32:43 4 0 151
22:33:13 4 0 152
22:33:44 4 0 151
22:34:14 4 0 151
22:34:44 4 0 151
22:35:14 4 0 154
22:35:44 4 0 153
22:36:15 3 1 155
22:36:44 4 0 170
22:37:14 4 0 151
22:37:45 4 0 151
22:38:15 4 0 151
22:38:45 4 0 152
22:39:15 4 0 152
22:39:45 4 0 151
22:40:15 4 0 151
22:40:46 4 0 151
22:41:16 4 0 180
22:41:46 4 0 151
22:42:16 4 0 155
22:42:46 4 0 154
22:43:16 4 0 151
22:43:46 4 0 151
22:44:16 4 0 151
22:44:47 4 0 151
22:45:17 4 0 151
22:45:47 4 0 151
22:46:17 4 0 151
22:46:47 4 0 151
22:47:17 4 0 151
22:47:47 4 0 151
22:48:17 4 0 151
22:48:48 4 0 151
22:49:18 4 0 151
22:49:48 4 0 151
22:50:18 4 0 151
22:50:48 4 0 151
22:51:18 4 0 151
22:51:48 4 0 154
22:52:18 4 0 154
22:52:49 4 0 152
22:53:19 4 0 151
22:53:49 4 0 151
22:54:19 4 0 154
22:54:50 3 1 197
22:55:19 4 0 152
22:55:49 4 0 155
22:56:20 3 1 154
22:56:50 4 0 151
22:57:20 4 0 152
22:57:50 4 0 151
22:58:20 4 0 155
22:58:50 4 0 152
22:59:20 4 0 151
22:59:51 4 0 151
23:00:21 4 0 152
23:00:51 4 0 152
23:01:21 4 0 153
23:01:51 4 0 154
23:02:21 4 0 151
23:02:51 4 0 151
23:03:21 4 0 151
23:03:52 4 0 158
23:04:23 3 1 157
23:04:52 4 0 151
23:05:22 4 0 151
23:05:52 4 0 153
23:06:22 4 0 151
23:06:52 4 0 151
23:07:22 4 0 151
23:07:53 4 0 199
23:08:23 4 0 151
23:08:53 4 0 151
23:09:23 4 0 154
23:09:53 4 0 154
23:10:23 4 0 151
23:10:53 4 0 151
23:11:23 4 0 151
23:11:54 4 0 151
23:12:24 4 0 151
23:12:54 4 0 151
23:13:24 4 0 154
23:13:54 4 0 153
23:14:24 4 0 154
23:14:54 4 0 156
23:15:24 4 0 154
23:15:55 3 1 158
23:16:25 4 0 151
23:16:55 4 0 173
23:17:25 4 0 152
23:17:55 4 0 156
23:18:25 4 0 154
23:18:55 4 0 153
23:19:25 4 0 154
23:19:56 4 0 151
23:20:28 1 3 154
23:20:56 4 0 152
23:21:26 4 0 152
23:21:56 4 0 151
23:22:26 4 0 153
23:22:56 4 0 155
23:23:27 4 0 152
23:23:57 4 0 151
23:24:27 4 0 155
23:24:57 4 0 153
23:25:27 4 0 151
23:25:57 4 0 151
23:26:27 4 0 152
23:26:58 4 0 155
23:27:28 4 0 154
23:27:58 4 0 153
23:28:28 4 0 151
23:28:59 3 1 156
23:29:28 4 0 151
23:29:58 4 0 154
23:30:28 4 0 154
23:31:00 3 1 155
23:31:29 4 0 151
23:31:59 4 0 151
23:32:29 4 0 151
23:32:59 4 0 152
23:33:30 3 1 157
23:33:59 4 0 153
23:34:29 4 0 152
23:35:00 4 0 152
23:35:30 4 0 151
23:36:00 4 0 151
23:36:30 4 0 153
23:37:00 4 0 154
23:37:30 4 0 154
23:38:00 4 0 153
23:38:30 4 0 151
23:39:01 4 0 151
23:39:31 4 0 154
23:40:01 4 0 151
23:40:31 4 0 152
23:41:01 4 0 156
23:41:31 4 0 155
23:42:02 4 0 152
23:42:32 4 0 151
23:43:02 4 0 154
23:43:32 4 0 151
23:44:02 4 0 152
23:44:33 4 0 151
23:45:03 4 0 151
23:45:33 4 0 151
23:46:03 4 0 151
23:46:33 4 0 152
23:47:04 4 0 154
23:47:34 4 0 151
23:48:05 3 1 159
23:48:35 3 1 160
23:49:05 4 0 155
23:49:35 4 0 151
23:50:06 4 0 151
23:50:36 4 0 152
23:51:07 3 1 156
23:51:36 4 0 151
23:52:07 4 0 151
23:52:37 4 0 151
23:53:08 4 0 151
23:53:38 4 0 154
23:54:08 4 0 152
23:54:39 4 0 151
23:55:09 4 0 152
23:55:40 4 0 152
23:56:11 4 0 151
23:56:41 4 0 151
23:57:12 4 0 152
23:57:43 4 0 153
23:58:13 4 0 151
23:58:43 4 0 151
23:59:14 4 0 151
23:59:47 4 0 151
