00:00:50 1 1 1
00:02:04 1 1 1
00:02:47 1 1 1
00:03:44 1 1 1
00:04:44 1 1 1
00:05:45 1 1 1
00:06:46 1 1 1
00:07:48 1 1 1
02:00:05 1 1 1
02:01:05 1 1 1
02:02:05 1 1 1
02:03:06 1 1 1
02:04:06 1 1 1
02:05:07 1 1 1
02:06:07 1 1 1
02:07:08 1 1 1
02:08:08 1 1 1
02:09:08 1 1 1
02:10:09 1 1 1
02:11:09 1 1 1
02:12:10 1 1 1
02:13:13 1 1 1
02:14:10 1 1 1
02:15:12 1 1 1
02:16:11 1 1 1
02:17:12 1 1 1
02:18:17 1 1 1
02:19:13 1 1 1
02:20:13 1 1 1
02:21:21 1 1 1
02:22:14 1 1 1
02:23:14 1 1 1
02:24:15 1 1 1
02:25:19 1 1 1
02:26:16 1 1 1
02:27:16 1 1 1
02:28:17 1 1 1
02:29:17 1 1 1
02:30:17 1 1 1
02:31:18 1 1 1
02:32:18 1 1 1
02:33:18 1 1 1
02:34:19 1 1 1
02:35:19 1 1 1
02:36:20 1 1 1
02:37:20 1 1 1
02:38:20 1 1 1
02:39:24 1 1 1
02:40:21 1 1 1
02:41:22 1 1 1
02:42:22 1 1 1
02:43:25 1 1 1
02:44:23 1 1 1
02:45:23 1 1 1
02:46:24 1 1 1
02:47:24 1 1 1
02:48:31 1 1 1
02:49:25 1 1 1
02:50:25 1 1 1
02:51:26 1 1 1
02:52:30 1 1 1
02:53:34 1 1 1
02:54:34 1 1 1
02:55:27 1 1 1
02:56:28 1 1 1
02:57:28 1 1 1
02:58:28 1 1 1
02:59:29 1 1 1
03:00:29 1 1 1
03:01:31 1 1 1
03:02:30 1 1 1
03:03:34 1 1 1
03:04:31 1 1 1
03:05:31 1 1 1
03:06:32 1 1 1
03:07:33 1 1 1
03:08:39 1 1 1
03:09:34 1 1 1
03:10:34 1 1 1
03:11:35 1 1 1
03:12:35 1 1 1
03:13:35 1 1 1
03:14:43 1 1 1
03:15:36 1 1 1
03:16:36 1 1 1
03:17:42 1 1 1
03:18:43 1 1 1
03:19:57 1 1 1
03:20:38 1 1 1
03:21:38 1 1 1
03:22:39 1 1 1
03:23:42 1 1 1
03:24:39 1 1 1
03:25:40 1 1 1
03:26:40 1 1 1
03:27:40 1 1 1
03:28:41 1 1 1
03:29:47 1 1 1
03:30:41 1 1 1
03:31:42 1 1 1
03:32:42 1 1 1
03:33:42 1 1 1
03:34:42 1 1 1
03:35:50 1 1 1
03:36:43 1 1 1
03:37:49 1 1 1
03:38:44 1 1 1
03:39:44 1 1 1
03:40:45 1 1 1
03:41:45 1 1 1
03:42:45 1 1 1
03:43:46 1 1 1
03:44:46 1 1 1
03:45:46 1 1 1
03:46:47 1 1 1
03:47:47 1 1 1
03:48:47 1 1 1
03:49:48 1 1 1
03:50:48 1 1 1
03:51:48 1 1 1
03:52:49 1 1 1
03:53:49 1 1 1
03:54:49 1 1 1
03:55:50 1 1 1
03:56:50 1 1 1
03:57:55 1 1 1
03:58:53 1 1 1
03:59:51 1 1 1
04:00:52 1 1 1
04:01:52 1 1 1
04:02:52 1 1 1
04:03:52 1 1 1
04:04:53 1 1 1
04:05:53 1 1 1
04:06:54 1 1 1
04:07:54 1 1 1
04:08:54 1 1 1
04:09:55 1 1 1
04:10:55 1 1 1
04:11:55 1 1 1
04:12:56 1 1 1
04:13:56 1 1 1
04:14:56 1 1 1
04:15:57 1 1 1
04:16:57 1 1 1
04:17:57 1 1 1
04:19:02 1 1 1
04:19:58 1 1 1
04:20:58 1 1 1
04:21:59 1 1 1
04:22:59 1 1 1
04:23:59 1 1 1
04:25:00 1 1 1
04:26:00 1 1 1
04:27:00 1 1 1
04:28:01 1 1 1
04:29:01 1 1 1
04:30:06 1 1 1
04:31:02 1 1 1
04:32:02 1 1 1
04:33:02 1 1 1
04:34:03 1 1 1
04:35:03 1 1 1
04:36:03 1 1 1
04:37:04 1 1 1
04:38:04 1 1 1
04:39:04 1 1 1
04:40:05 1 1 1
04:41:05 1 1 1
04:42:06 1 1 1
04:43:06 1 1 1
04:44:06 1 1 1
04:45:07 1 1 1
04:46:07 1 1 1
04:47:07 1 1 1
04:48:08 1 1 1
04:49:08 1 1 1
04:50:29 0 0 0
04:51:28 1 1 1
04:52:09 1 1 1
04:53:09 1 1 1
04:54:10 1 1 1
04:55:10 1 1 1
04:56:10 1 1 1
04:57:11 1 1 1
04:58:11 1 1 1
04:59:11 1 1 1
05:00:12 1 1 1
05:01:12 1 1 1
05:02:12 1 1 1
05:03:13 1 1 1
05:04:13 1 1 1
05:05:14 1 1 1
05:06:14 1 1 1
05:07:14 1 1 1
05:08:15 1 1 1
05:09:15 1 1 1
05:10:15 1 1 1
05:11:16 1 1 1
05:12:18 1 1 1
05:13:16 1 1 1
05:14:17 1 1 1
05:15:17 1 1 1
05:16:17 1 1 1
05:17:18 1 1 1
05:18:18 1 1 1
05:19:19 1 1 1
05:20:19 1 1 1
05:21:19 1 1 1
05:22:20 1 1 1
05:23:20 1 1 1
05:24:20 1 1 1
05:25:38 1 1 1
05:26:21 1 1 1
05:27:21 1 1 1
05:28:22 1 1 1
05:29:22 1 1 1
05:30:32 1 1 1
05:31:23 1 1 1
05:32:23 1 1 1
05:33:23 1 1 1
05:34:24 1 1 1
05:35:24 1 1 1
05:36:24 1 1 1
05:37:25 1 1 1
05:38:25 1 1 1
05:39:25 1 1 1
05:40:37 1 1 1
05:41:26 1 1 1
05:42:27 1 1 1
05:43:45 1 1 1
05:44:27 1 1 1
05:45:27 1 1 1
05:46:28 1 1 1
05:47:28 1 1 1
05:48:28 1 1 1
05:49:35 1 1 1
05:50:29 1 1 1
05:51:29 1 1 1
05:52:30 1 1 1
05:53:30 1 1 1
05:54:30 1 1 1
05:55:31 1 1 1
05:56:31 1 1 1
05:57:32 1 1 1
05:58:32 1 1 1
05:59:49 1 1 1
06:00:33 1 1 1
06:01:33 1 1 1
06:02:34 1 1 1
06:03:34 1 1 1
06:04:34 1 1 1
06:05:35 1 1 1
06:06:35 1 1 1
06:07:36 1 1 1
06:08:36 1 1 1
06:09:36 1 1 1
06:10:37 1 1 1
06:11:45 1 1 1
06:12:37 1 1 1
06:13:38 1 1 1
06:14:38 1 1 1
06:15:38 1 1 1
06:16:39 1 1 1
06:17:39 1 1 1
06:18:40 1 1 1
06:19:40 1 1 1
06:20:40 1 1 1
06:21:41 1 1 1
06:22:41 1 1 1
06:23:41 1 1 1
06:24:42 1 1 1
06:25:42 1 1 1
06:26:42 1 1 1
06:27:43 1 1 1
06:28:43 1 1 1
06:29:55 1 1 1
06:30:44 1 1 1
06:31:44 1 1 1
06:32:44 1 1 1
06:33:54 1 1 1
06:34:58 1 1 1
06:35:45 1 1 1
06:36:46 1 1 1
06:37:46 1 1 1
06:38:46 1 1 1
06:39:47 1 1 1
06:40:47 1 1 1
06:41:47 1 1 1
06:42:48 1 1 1
06:43:48 1 1 1
06:44:48 1 1 1
06:45:49 1 1 1
06:46:49 1 1 1
06:47:50 1 1 1
06:48:50 1 1 1
06:49:50 1 1 1
06:50:50 1 1 1
06:51:51 1 1 1
06:53:00 1 1 1
06:53:51 1 1 1
06:54:52 1 1 1
06:55:52 1 1 1
06:56:52 1 1 1
06:57:53 1 1 1
06:58:53 1 1 1
06:59:53 1 1 1
07:00:54 1 1 1
07:01:54 1 1 1
07:02:54 1 1 1
07:03:55 1 1 1
07:05:10 1 1 1
07:05:55 1 1 1
07:06:56 1 1 1
07:07:56 1 1 1
07:08:56 1 1 1
07:09:57 1 1 1
07:10:57 1 1 1
07:11:57 1 1 1
07:12:58 1 1 1
07:13:58 1 1 1
07:15:01 1 1 1
07:15:59 1 1 1
07:16:59 1 1 1
07:18:00 1 1 1
07:19:00 1 1 1
07:20:00 1 1 1
07:21:01 1 1 1
07:22:01 1 1 1
07:23:01 1 1 1
07:24:02 1 1 1
07:25:02 1 1 1
07:26:02 1 1 1
07:27:03 1 1 1
07:28:03 1 1 1
07:29:03 1 1 1
07:30:04 1 1 1
07:31:04 1 1 1
07:32:10 1 1 1
07:33:05 1 1 1
07:34:05 1 1 1
07:35:05 1 1 1
07:36:06 1 1 1
07:37:06 1 1 1
07:38:06 1 1 1
07:39:07 1 1 1
07:40:07 1 1 1
07:41:07 1 1 1
07:42:09 1 1 1
07:43:08 1 1 1
07:44:08 1 1 1
07:45:09 1 1 1
07:46:09 1 1 1
07:47:09 1 1 1
07:48:10 1 1 1
07:49:15 1 1 1
07:50:10 1 1 1
07:51:11 1 1 1
07:52:11 1 1 1
07:53:11 1 1 1
07:54:11 1 1 1
07:55:12 1 1 1
07:56:12 1 1 1
07:57:12 1 1 1
07:58:13 1 1 1
07:59:18 1 1 1
08:00:13 1 1 1
08:01:14 1 1 1
08:02:14 1 1 1
08:03:14 1 1 1
08:04:15 1 1 1
08:05:15 1 1 1
08:06:15 1 1 1
08:07:16 1 1 1
08:08:23 1 1 1
08:09:24 1 1 1
08:10:16 1 1 1
08:11:17 1 1 1
08:12:17 1 1 1
08:13:17 1 1 1
08:14:18 1 1 1
08:15:18 1 1 1
08:16:18 1 1 1
08:17:19 1 1 1
08:18:19 1 1 1
08:19:20 1 1 1
08:20:24 1 1 1
08:21:20 1 1 1
08:22:20 1 1 1
08:23:21 1 1 1
08:24:22 1 1 1
08:25:22 1 1 1
08:26:22 1 1 1
08:27:23 1 1 1
08:28:23 1 1 1
08:29:23 1 1 1
08:30:27 1 1 1
08:31:24 1 1 1
08:32:26 1 1 1
08:33:24 1 1 1
08:34:25 1 1 1
08:35:25 1 1 1
08:36:25 1 1 1
08:37:26 1 1 1
08:38:26 1 1 1
08:39:26 1 1 1
08:40:27 1 1 1
08:41:27 1 1 1
08:42:28 1 1 1
08:43:28 1 1 1
08:44:28 1 1 1
08:45:29 1 1 1
08:46:29 1 1 1
08:47:29 1 1 1
08:48:30 1 1 1
08:49:30 1 1 1
08:50:31 1 1 1
08:51:31 1 1 1
08:52:34 1 1 1
08:53:31 1 1 1
08:54:32 1 1 1
08:55:37 1 1 1
08:56:33 1 1 1
08:57:38 1 1 1
08:58:34 1 1 1
08:59:34 1 1 1
09:00:35 1 1 1
09:01:35 1 1 1
09:02:35 1 1 1
09:03:35 1 1 1
09:04:42 1 1 1
09:05:36 1 1 1
09:06:36 1 1 1
09:07:36 1 1 1
09:08:37 1 1 1
09:09:37 1 1 1
09:10:37 1 1 1
09:11:37 1 1 1
09:12:38 1 1 1
09:13:40 1 1 1
09:14:38 1 1 1
09:15:38 1 1 1
09:16:39 1 1 1
09:17:44 1 1 1
09:18:40 1 1 1
09:19:47 1 1 1
09:20:40 1 1 1
09:21:40 1 1 1
09:22:41 1 1 1
09:23:41 1 1 1
09:24:41 1 1 1
09:25:41 1 1 1
09:26:42 1 1 1
09:27:42 1 1 1
09:28:42 1 1 1
09:29:43 1 1 1
09:30:43 1 1 1
09:31:43 1 1 1
09:32:43 1 1 1
09:33:44 1 1 1
09:34:51 1 1 1
09:35:44 1 1 1
09:36:45 1 1 1
09:37:45 1 1 1
09:38:46 1 1 1
09:39:52 1 1 1
09:40:46 1 1 1
09:41:47 1 1 1
09:42:47 1 1 1
09:43:47 1 1 1
09:44:50 1 1 1
09:45:48 1 1 1
09:46:48 1 1 1
09:47:48 1 1 1
09:48:49 1 1 1
09:49:49 1 1 1
09:50:49 1 1 1
09:51:49 1 1 1
09:52:49 1 1 1
09:53:50 1 1 1
09:54:50 1 1 1
09:55:50 1 1 1
09:56:50 1 1 1
09:57:51 1 1 1
09:58:51 1 1 1
09:59:51 1 1 1
10:00:52 1 1 1
10:01:57 1 1 1
10:02:52 1 1 1
10:03:52 1 1 1
10:04:52 1 1 1
10:05:52 1 1 1
10:06:53 1 1 1
10:07:56 1 1 1
10:08:53 1 1 1
10:09:53 1 1 1
10:10:54 1 1 1
10:11:54 1 1 1
10:12:54 1 1 1
10:13:57 1 1 1
10:14:55 1 1 1
10:15:55 1 1 1
10:16:55 1 1 1
10:17:59 1 1 1
10:18:56 1 1 1
10:19:56 1 1 1
10:20:57 1 1 1
10:21:57 1 1 1
10:22:58 1 1 1
10:24:03 1 1 1
10:25:00 1 1 1
10:26:00 1 1 1
10:27:01 1 1 1
10:28:03 1 1 1
10:29:01 1 1 1
10:30:02 1 1 1
10:31:02 1 1 1
10:32:02 1 1 1
10:33:03 1 1 1
10:34:03 1 1 1
10:35:04 1 1 1
10:36:03 1 1 1
10:37:07 1 1 1
10:38:04 1 1 1
10:39:05 1 1 1
10:40:06 1 1 1
10:41:06 1 1 1
10:42:06 1 1 1
10:43:07 1 1 1
10:44:07 1 1 1
10:45:07 1 1 1
10:46:08 1 1 1
10:47:11 1 1 1
10:48:08 1 1 1
10:49:09 1 1 1
10:50:14 1 1 1
10:51:09 1 1 1
10:52:10 1 1 1
10:53:10 1 1 1
10:54:11 1 1 1
10:55:11 1 1 1
10:56:12 1 1 1
10:57:14 1 1 1
10:58:13 1 1 1
10:59:14 1 1 1
11:00:14 1 1 1
11:01:17 1 1 1
11:02:15 1 1 1
11:03:15 1 1 1
11:04:15 1 1 1
11:05:16 1 1 1
11:06:16 1 1 1
11:07:16 1 1 1
11:08:17 1 1 1
11:09:17 1 1 1
11:10:17 1 1 1
11:11:18 1 1 1
11:12:18 1 1 1
11:13:18 1 1 1
11:14:19 1 1 1
11:15:20 1 1 1
11:16:20 1 1 1
11:17:21 1 1 1
11:18:21 1 1 1
11:19:24 1 1 1
11:20:23 1 1 1
11:21:22 1 1 1
11:22:22 1 1 1
11:23:23 1 1 1
11:24:23 1 1 1
11:25:23 1 1 1
11:26:23 1 1 1
11:27:24 1 1 1
11:28:24 1 1 1
11:29:24 1 1 1
11:30:24 1 1 1
11:31:25 1 1 1
11:32:25 1 1 1
11:33:25 1 1 1
11:34:26 1 1 1
11:35:27 1 1 1
11:36:27 1 1 1
11:37:28 1 1 1
11:38:28 1 1 1
11:39:28 1 1 1
11:40:29 1 1 1
11:41:29 1 1 1
11:42:35 1 1 1
11:43:29 1 1 1
11:44:30 1 1 1
11:45:31 1 1 1
11:46:32 1 1 1
11:47:32 1 1 1
11:48:32 1 1 1
11:49:33 1 1 1
11:50:33 1 1 1
11:51:34 1 1 1
11:52:34 1 1 1
11:53:34 1 1 1
11:54:35 1 1 1
11:55:35 1 1 1
11:56:35 1 1 1
11:57:36 1 1 1
11:58:36 1 1 1
11:59:36 1 1 1
12:00:36 1 1 1
12:01:37 1 1 1
12:02:37 1 1 1
12:03:37 1 1 1
12:04:37 1 1 1
12:05:38 1 1 1
12:06:38 1 1 1
12:07:38 1 1 1
12:08:38 1 1 1
12:09:39 1 1 1
12:10:40 1 1 1
12:11:40 1 1 1
12:12:45 1 1 1
12:13:44 1 1 1
12:14:41 1 1 1
12:15:45 1 1 1
12:16:42 1 1 1
12:17:43 1 1 1
12:18:48 1 1 1
12:19:51 1 1 1
12:20:44 1 1 1
12:21:44 1 1 1
12:22:48 1 1 1
12:23:49 1 1 1
12:24:51 1 1 1
12:25:46 1 1 1
12:26:45 1 1 1
12:27:46 1 1 1
12:28:46 1 1 1
12:29:46 1 1 1
12:30:48 1 1 1
12:31:54 1 1 1
12:32:47 1 1 1
12:33:54 1 1 1
12:34:47 1 1 1
12:35:48 1 1 1
12:36:48 1 1 1
12:37:48 1 1 1
12:38:55 1 1 1
12:39:49 1 1 1
12:40:49 1 1 1
12:41:56 1 1 1
12:42:55 1 1 1
12:43:57 1 1 1
12:44:53 1 1 1
12:45:50 1 1 1
12:46:55 1 1 1
12:47:50 1 1 1
12:48:52 1 1 1
12:49:51 1 1 1
12:50:55 1 1 1
12:51:52 1 1 1
12:52:57 1 1 1
12:53:57 1 1 1
12:54:58 1 1 1
12:55:53 1 1 1
12:56:56 1 1 1
12:57:54 1 1 1
12:58:54 1 1 1
13:00:01 1 1 1
13:00:56 1 1 1
13:01:55 1 1 1
13:02:59 1 1 1
13:03:59 1 1 1
13:05:01 1 1 1
13:05:56 1 1 1
13:06:56 1 1 1
13:07:56 1 1 1
13:08:59 1 1 1
13:09:57 1 1 1
13:11:04 1 1 1
13:11:57 1 1 1
13:13:01 1 1 1
13:13:57 1 1 1
13:14:57 1 1 1
13:16:03 1 1 1
13:16:58 1 1 1
13:17:58 1 1 1
13:18:58 1 1 1
13:20:03 1 1 1
13:21:05 1 1 1
13:22:03 1 1 1
13:22:59 1 1 1
13:24:03 1 1 1
13:25:00 1 1 1
13:26:01 1 1 1
13:27:03 1 1 1
13:28:01 1 1 1
13:29:04 1 1 1
13:30:06 1 1 1
13:31:05 1 1 1
13:32:02 1 1 1
13:33:04 1 1 1
13:34:07 1 1 1
13:35:04 1 1 1
13:36:03 1 1 1
13:37:09 1 1 1
13:38:09 1 1 1
13:39:06 1 1 1
13:40:08 1 1 1
13:41:07 1 1 1
13:42:05 1 1 1
13:43:10 1 1 1
13:44:06 1 1 1
13:45:09 1 1 1
13:46:06 1 1 1
13:47:13 1 1 1
13:48:08 1 1 1
13:49:09 1 1 1
13:50:10 1 1 1
13:51:09 1 1 1
13:52:09 1 1 1
13:53:16 1 1 1
13:54:11 1 1 1
13:55:17 1 1 1
13:56:10 1 1 1
13:57:10 1 1 1
13:58:16 1 1 1
13:59:13 1 1 1
14:00:11 1 1 1
14:01:11 1 1 1
14:02:14 1 1 1
14:03:12 1 1 1
14:04:15 1 1 1
14:05:12 1 1 1
14:06:15 1 1 1
14:07:14 1 1 1
14:08:16 1 1 1
14:09:21 1 1 1
14:10:16 1 1 1
14:11:24 1 1 1
14:12:20 1 1 1
14:13:21 1 1 1
14:14:17 1 1 1
14:15:21 1 1 1
14:16:20 1 1 1
14:17:20 1 1 1
14:18:19 1 1 1
14:19:19 1 1 1
14:20:21 1 1 1
14:21:21 1 1 1
14:22:19 1 1 1
14:23:17 1 1 1
14:24:18 1 1 1
14:25:23 1 1 1
14:26:21 1 1 1
14:27:20 1 1 1
14:28:20 1 1 1
14:29:24 1 1 1
14:30:21 1 1 1
14:31:25 1 1 1
14:32:27 1 1 1
14:33:28 1 1 1
14:34:22 1 1 1
14:35:29 1 1 1
14:36:25 1 1 1
14:37:25 1 1 1
14:38:24 1 1 1
14:39:28 1 1 1
14:40:24 1 1 1
14:41:26 1 1 1
14:42:27 1 1 1
14:43:26 1 1 1
14:44:33 1 1 1
14:45:27 1 1 1
14:46:27 1 1 1
14:47:34 1 1 1
14:48:34 1 1 1
14:49:31 1 1 1
14:50:28 1 1 1
14:51:28 1 1 1
14:52:33 1 1 1
14:53:33 1 1 1
14:54:30 1 1 1
14:55:30 1 1 1
14:56:30 1 1 1
14:57:36 1 1 1
14:58:31 1 1 1
14:59:37 1 1 1
15:00:37 1 1 1
15:01:31 1 1 1
15:02:32 1 1 1
15:03:37 1 1 1
15:04:35 1 1 1
15:05:38 1 1 1
15:06:32 1 1 1
15:07:34 1 1 1
15:08:33 1 1 1
15:09:34 1 1 1
15:10:33 1 1 1
15:11:39 1 1 1
15:12:34 1 1 1
15:13:37 1 1 1
15:14:34 1 1 1
15:15:37 1 1 1
15:16:35 1 1 1
15:17:35 1 1 1
15:18:35 1 1 1
15:19:36 1 1 1
15:20:36 1 1 1
15:21:36 1 1 1
15:22:36 1 1 1
15:23:36 1 1 1
15:24:37 1 1 1
15:25:44 1 1 1
15:26:40 1 1 1
15:27:39 1 1 1
15:28:37 1 1 1
15:29:38 1 1 1
15:30:38 1 1 1
15:31:38 1 1 1
15:32:39 1 1 1
15:33:39 1 1 1
15:34:39 1 1 1
15:35:39 1 1 1
15:36:40 1 1 1
15:37:40 1 1 1
15:38:40 1 1 1
15:39:40 1 1 1
15:40:40 1 1 1
15:41:41 1 1 1
15:42:43 1 1 1
15:43:45 1 1 1
15:44:41 1 1 1
15:45:42 1 1 1
15:46:42 1 1 1
15:47:45 1 1 1
15:48:43 1 1 1
15:49:43 1 1 1
15:50:43 1 1 1
15:51:44 1 1 1
15:52:44 1 1 1
15:53:44 1 1 1
15:54:44 1 1 1
15:55:44 1 1 1
15:56:45 1 1 1
15:57:45 1 1 1
15:58:45 1 1 1
15:59:45 1 1 1
16:00:45 1 1 1
16:01:46 1 1 1
16:02:46 1 1 1
16:03:46 1 1 1
16:04:46 1 1 1
16:05:53 1 1 1
16:06:47 1 1 1
16:07:47 1 1 1
16:08:47 1 1 1
16:09:47 1 1 1
16:10:48 1 1 1
16:11:48 1 1 1
16:12:48 1 1 1
16:13:48 1 1 1
16:14:49 1 1 1
16:15:49 1 1 1
16:16:49 1 1 1
16:17:53 1 1 1
16:18:49 1 1 1
16:19:53 1 1 1
16:20:50 1 1 1
16:21:50 1 1 1
16:22:50 1 1 1
16:23:51 1 1 1
16:24:51 1 1 1
16:25:53 1 1 1
16:26:51 1 1 1
16:27:52 1 1 1
16:28:52 1 1 1
16:29:52 1 1 1
16:30:52 1 1 1
16:31:55 1 1 1
16:32:53 1 1 1
16:33:54 1 1 1
16:35:00 1 1 1
16:35:56 1 1 1
16:36:54 1 1 1
16:37:54 1 1 1
16:38:55 1 1 1
16:39:55 1 1 1
16:40:55 1 1 1
16:41:56 1 1 1
16:42:56 1 1 1
16:43:56 1 1 1
16:44:56 1 1 1
16:45:56 1 1 1
16:46:57 1 1 1
16:47:57 1 1 1
16:48:57 1 1 1
16:49:57 1 1 1
16:50:57 1 1 1
16:51:57 1 1 1
16:52:58 1 1 1
16:53:58 1 1 1
16:54:58 1 1 1
16:56:02 1 1 1
16:56:59 1 1 1
16:57:59 1 1 1
16:58:59 1 1 1
17:00:00 1 1 1
17:01:01 1 1 1
17:02:00 1 1 1
17:03:01 1 1 1
17:04:02 1 1 1
17:05:05 1 1 1
17:06:03 1 1 1
17:07:03 1 1 1
17:08:03 1 1 1
17:09:03 1 1 1
17:10:04 1 1 1
17:11:04 1 1 1
17:12:04 1 1 1
17:13:04 1 1 1
17:14:04 1 1 1
17:15:05 1 1 1
17:16:05 1 1 1
17:17:05 1 1 1
17:18:05 1 1 1
17:19:06 1 1 1
17:20:08 1 1 1
17:21:06 1 1 1
17:22:06 1 1 1
17:23:07 1 1 1
17:24:08 1 1 1
17:25:08 1 1 1
17:26:09 1 1 1
17:27:09 1 1 1
17:28:09 1 1 1
17:29:10 1 1 1
17:30:10 1 1 1
17:31:10 1 1 1
17:32:10 1 1 1
17:33:11 1 1 1
17:34:11 1 1 1
17:35:11 1 1 1
17:36:11 1 1 1
17:37:12 1 1 1
17:38:12 1 1 1
17:39:13 1 1 1
17:40:13 1 1 1
17:41:20 1 1 1
17:42:14 1 1 1
17:43:14 1 1 1
17:44:15 1 1 1
17:45:15 1 1 1
17:46:15 1 1 1
17:47:16 1 1 1
17:48:16 1 1 1
17:49:16 1 1 1
17:50:16 1 1 1
17:51:17 1 1 1
17:52:17 1 1 1
17:53:17 1 1 1
17:54:17 1 1 1
17:55:18 1 1 1
17:56:18 1 1 1
17:57:18 1 1 1
17:58:18 1 1 1
17:59:19 1 1 1
18:00:19 1 1 1
18:01:19 1 1 1
18:02:19 1 1 1
18:03:20 1 1 1
18:04:20 1 1 1
18:05:20 1 1 1
18:06:20 1 1 1
18:07:21 1 1 1
18:08:21 1 1 1
18:09:21 1 1 1
18:10:21 1 1 1
18:11:22 1 1 1
18:12:28 1 1 1
18:13:22 1 1 1
18:14:22 1 1 1
18:15:23 1 1 1
18:16:23 1 1 1
18:17:23 1 1 1
18:18:23 1 1 1
18:19:24 1 1 1
18:20:24 1 1 1
18:21:24 1 1 1
18:22:25 1 1 1
18:23:25 1 1 1
18:24:25 1 1 1
18:25:25 1 1 1
18:26:26 1 1 1
18:27:26 1 1 1
18:28:26 1 1 1
18:29:27 1 1 1
18:30:27 1 1 1
18:31:28 1 1 1
18:32:29 1 1 1
18:33:29 1 1 1
18:34:31 1 1 1
18:35:29 1 1 1
18:36:30 1 1 1
18:37:30 1 1 1
18:38:30 1 1 1
18:39:30 1 1 1
18:40:31 1 1 1
18:41:31 1 1 1
18:42:31 1 1 1
18:43:35 1 1 1
18:44:32 1 1 1
18:45:32 1 1 1
18:46:32 1 1 1
18:47:32 1 1 1
18:48:42 1 1 1
18:49:33 1 1 1
18:50:33 1 1 1
18:51:33 1 1 1
18:52:33 1 1 1
18:53:34 1 1 1
18:54:35 1 1 1
18:55:37 1 1 1
18:56:35 1 1 1
18:57:36 1 1 1
18:58:36 1 1 1
18:59:36 1 1 1
19:00:36 1 1 1
19:01:36 1 1 1
19:02:37 1 1 1
19:03:37 1 1 1
19:04:37 1 1 1
19:05:37 1 1 1
19:06:37 1 1 1
19:07:38 1 1 1
19:08:38 1 1 1
19:09:38 1 1 1
19:10:38 1 1 1
19:11:39 1 1 1
19:12:39 1 1 1
19:13:39 1 1 1
19:14:39 1 1 1
19:15:40 1 1 1
19:16:40 1 1 1
19:17:40 1 1 1
19:18:40 1 1 1
19:19:40 1 1 1
19:20:41 1 1 1
19:21:41 1 1 1
19:22:41 1 1 1
19:23:41 1 1 1
19:24:42 1 1 1
19:25:42 1 1 1
19:26:42 1 1 1
19:27:42 1 1 1
19:28:42 1 1 1
19:29:43 1 1 1
19:30:43 1 1 1
19:31:43 1 1 1
19:32:43 1 1 1
19:33:44 1 1 1
19:34:44 1 1 1
19:35:44 1 1 1
19:36:44 1 1 1
19:37:45 1 1 1
19:38:45 1 1 1
19:39:45 1 1 1
19:40:45 1 1 1
19:41:46 1 1 1
19:42:46 1 1 1
19:43:46 1 1 1
19:44:46 1 1 1
19:45:46 1 1 1
19:46:47 1 1 1
19:47:47 1 1 1
19:48:47 1 1 1
19:49:47 1 1 1
19:50:48 1 1 1
19:51:48 1 1 1
19:52:48 1 1 1
19:53:48 1 1 1
19:54:48 1 1 1
19:55:48 1 1 1
19:56:49 1 1 1
19:57:54 1 1 1
19:58:49 1 1 1
19:59:52 1 1 1
20:00:50 1 1 1
20:01:50 1 1 1
20:02:50 1 1 1
20:03:50 1 1 1
20:04:50 1 1 1
20:05:51 1 1 1
20:07:05 1 1 1
20:07:51 1 1 1
20:08:51 1 1 1
20:09:51 1 1 1
20:10:52 1 1 1
20:11:52 1 1 1
20:12:59 1 1 1
20:13:55 1 1 1
20:14:53 1 1 1
20:15:53 1 1 1
20:16:53 1 1 1
20:17:53 1 1 1
20:18:54 1 1 1
20:19:54 1 1 1
20:20:54 1 1 1
20:21:57 1 1 1
20:22:54 1 1 1
20:23:55 1 1 1
20:24:55 1 1 1
20:25:55 1 1 1
20:26:55 1 1 1
20:27:56 1 1 1
20:28:56 1 1 1
20:29:56 1 1 1
20:30:56 1 1 1
20:31:56 1 1 1
20:32:57 1 1 1
20:33:57 1 1 1
20:34:57 1 1 1
20:35:57 1 1 1
20:36:58 1 1 1
20:37:58 1 1 1
20:38:58 1 1 1
20:39:58 1 1 1
20:40:58 1 1 1
20:41:59 1 1 1
20:42:59 1 1 1
20:43:59 1 1 1
20:44:59 1 1 1
20:45:59 1 1 1
20:47:00 1 1 1
20:48:00 1 1 1
20:49:00 1 1 1
20:50:00 1 1 1
20:51:00 1 1 1
20:52:01 1 1 1
20:53:01 1 1 1
20:54:01 1 1 1
20:55:09 1 1 1
20:56:01 1 1 1
20:57:02 1 1 1
20:58:02 1 1 1
20:59:02 1 1 1
21:00:02 1 1 1
21:01:03 1 1 1
21:02:03 1 1 1
21:03:03 1 1 1
21:04:03 1 1 1
21:05:03 1 1 1
21:06:04 1 1 1
21:07:04 1 1 1
21:08:04 1 1 1
21:09:04 1 1 1
21:10:04 1 1 1
21:11:05 1 1 1
21:12:05 1 1 1
21:13:05 1 1 1
21:14:07 1 1 1
21:15:05 1 1 1
21:16:06 1 1 1
21:17:06 1 1 1
21:18:06 1 1 1
21:19:06 1 1 1
21:20:10 1 1 1
21:21:07 1 1 1
21:22:07 1 1 1
21:23:07 1 1 1
21:24:08 1 1 1
21:25:08 1 1 1
21:26:08 1 1 1
21:27:08 1 1 1
21:28:08 1 1 1
21:29:09 1 1 1
21:30:09 1 1 1
21:31:09 1 1 1
21:32:09 1 1 1
21:33:16 1 1 1
21:34:10 1 1 1
21:35:13 1 1 1
21:36:10 1 1 1
21:37:11 1 1 1
21:38:11 1 1 1
21:39:11 1 1 1
21:40:11 1 1 1
21:41:11 1 1 1
21:42:12 1 1 1
21:43:12 1 1 1
21:44:12 1 1 1
21:45:12 1 1 1
21:46:12 1 1 1
21:47:13 1 1 1
21:48:13 1 1 1
21:49:13 1 1 1
21:50:17 1 1 1
21:51:14 1 1 1
21:52:29 1 1 1
21:53:14 1 1 1
21:54:15 1 1 1
21:55:31 1 1 1
21:56:16 1 1 1
21:57:16 1 1 1
21:58:30 1 1 1
21:59:16 1 1 1
22:00:22 1 1 1
22:01:20 1 1 1
22:02:19 1 1 1
22:03:22 1 1 1
22:04:22 1 1 1
22:05:20 1 1 1
22:06:18 1 1 1
22:07:18 1 1 1
22:08:18 1 1 1
22:09:18 1 1 1
22:10:18 1 1 1
22:11:19 1 1 1
22:12:25 1 1 1
22:13:19 1 1 1
22:14:22 1 1 1
22:15:24 1 1 1
22:16:20 1 1 1
22:17:20 1 1 1
22:18:20 1 1 1
22:19:21 1 1 1
22:20:21 1 1 1
22:21:21 1 1 1
22:22:21 1 1 1
22:23:22 1 1 1
22:24:22 1 1 1
22:25:22 1 1 1
22:26:22 1 1 1
22:27:23 1 1 1
22:28:23 1 1 1
22:29:23 1 1 1
22:30:24 1 1 1
22:31:24 1 1 1
22:32:24 1 1 1
22:33:24 1 1 1
22:34:24 1 1 1
22:35:30 1 1 1
22:36:25 1 1 1
22:37:28 1 1 1
22:38:25 1 1 1
22:39:26 1 1 1
22:40:26 1 1 1
22:41:26 1 1 1
22:42:27 1 1 1
22:43:27 1 1 1
22:44:27 1 1 1
22:45:38 1 1 1
22:46:28 1 1 1
22:47:28 1 1 1
22:48:28 1 1 1
22:49:28 1 1 1
22:50:29 1 1 1
22:51:29 1 1 1
22:52:29 1 1 1
22:53:29 1 1 1
22:54:30 1 1 1
22:55:30 1 1 1
22:56:30 1 1 1
22:57:30 1 1 1
22:58:31 1 1 1
22:59:31 1 1 1
23:00:31 1 1 1
23:01:32 1 1 1
23:02:32 1 1 1
23:03:32 1 1 1
23:04:32 1 1 1
23:05:33 1 1 1
23:06:33 1 1 1
23:07:33 1 1 1
23:08:33 1 1 1
23:09:34 1 1 1
23:10:34 1 1 1
23:11:34 1 1 1
23:12:34 1 1 1
23:13:38 1 1 1
23:14:35 1 1 1
23:15:35 1 1 1
23:16:35 1 1 1
23:17:36 1 1 1
23:18:38 1 1 1
23:19:36 1 1 1
23:20:36 1 1 1
23:21:43 1 1 1
23:22:37 1 1 1
23:23:37 1 1 1
23:24:37 1 1 1
23:25:46 1 1 1
23:26:38 1 1 1
23:27:38 1 1 1
23:28:38 1 1 1
23:29:39 1 1 1
23:30:39 1 1 1
23:31:39 1 1 1
23:32:40 1 1 1
23:33:40 1 1 1
23:34:40 1 1 1
23:35:40 1 1 1
23:36:41 1 1 1
23:37:44 1 1 1
23:38:41 1 1 1
23:39:42 1 1 1
23:40:49 1 1 1
23:41:59 1 1 1
23:42:43 1 1 1
23:43:43 1 1 1
23:44:43 1 1 1
23:45:47 1 1 1
23:46:44 1 1 1
23:47:45 1 1 1
23:48:45 1 1 1
23:49:46 1 1 1
23:50:47 1 1 1
23:51:47 1 1 1
23:52:47 1 1 1
23:53:48 1 1 1
23:54:48 1 1 1
23:55:53 1 1 1
23:56:49 1 1 1
23:57:51 1 1 1
23:58:50 1 1 1
23:59:50 1 1 1
