00:01:39 38978 2141
00:02:48 47831 2649
00:03:29 19934 4447
00:04:28 10233 2692
00:05:30 21617 5115
00:06:30 30897 2695
00:07:31 194119 13079
02:00:06 -1 -1
02:01:08 32412 1328
02:02:11 54387 35113
02:03:08 8167 2980
02:04:08 102664 11226
02:05:09 53611 5092
02:06:09 12825 2133
02:07:21 1790 342
02:08:10 4922 3952
02:09:11 36068 5436
02:10:14 179843 16602
02:11:11 37736 3789
02:12:12 166119 8915
02:13:12 17817 2385
02:14:13 16829 3610
02:15:13 -1 -1
02:16:13 19828 2508
02:17:14 30193 1491
02:18:17 8286 1357
02:19:15 15564 1495
02:20:16 61377 4360
02:21:21 1898 707
02:22:16 14512 1407
02:23:17 2155 1289
02:24:17 5235 2035
02:25:18 36443 1791
02:26:18 16190 1459
02:27:18 1280 790
02:28:19 20519 2844
02:29:19 1880 348
02:30:20 8826 1814
02:31:20 27953 3149
02:32:20 2834 1034
02:33:21 30130 2204
02:34:21 32480 2314
02:35:22 38566 8786
02:36:22 87292 7260
02:37:22 134141 9781
02:38:23 257844 14262
02:39:25 330 222
02:40:24 83836 5295
02:41:24 1856 588
02:42:25 2605 1409
02:43:25 2481 880
02:44:25 36272 3056
02:45:25 93396 6328
02:46:26 17750 5145
02:47:26 193174 15960
02:48:31 8754 10440
02:49:27 15176 1539
02:50:28 109371 13932
02:51:28 46324 2893
02:52:29 24443 2345
02:53:32 166756 8041
02:54:34 2397 859
02:55:30 64209 6369
02:56:30 49803 4422
02:57:30 57970 15392
02:58:31 92389 8484
02:59:31 15225 3801
03:00:32 5806 988
03:01:32 97238 9159
03:02:32 30979 4780
03:03:42 9787 5608
03:04:39 53480 4867
03:05:34 19126 5332
03:06:34 85723 10822
03:07:35 22332 1279
03:08:40 1934 922
03:09:36 136976 12582
03:10:37 11517 1197
03:11:39 5992 2808
03:12:51 3118 1660
03:13:38 3157 1543
03:14:50 7594 7893
03:15:38 30390 6921
03:16:51 3170 1577
03:17:43 1880 2266
03:18:43 28521 4916
03:19:57 2343 744
03:20:40 41008 5625
03:21:41 859796 39759
03:22:41 2949 1317
03:23:42 2695 1057
03:24:42 2918 1196
03:25:42 16968 5070
03:26:42 11253 5169
03:27:43 4048 2621
03:28:43 63383 9146
03:29:54 2373 1164
03:30:44 110842 5189
03:31:44 59186 4742
03:32:44 60412 10934
03:33:45 5037 2290
03:34:45 1338 1683
03:35:50 19648 3790
03:36:45 2969 1595
03:37:49 15947 3209
03:38:46 97311 4936
03:39:51 14001 12615
03:40:47 101532 58965
03:41:47 37589 23319
03:42:48 2196 2112
03:43:48 103543 57154
03:44:48 30427 50520
03:45:49 137730 38741
03:46:49 109156 88818
03:47:49 37141 41017
03:48:50 56781 43508
03:49:50 133285 56454
03:50:50 92818 35863
03:51:51 119143 42838
03:52:51 78378 55337
03:53:52 29071 21877
03:54:52 7861 4210
03:55:52 2008 2646
03:56:52 16138 3472
03:57:55 13126 2386
03:58:53 4788 3268
03:59:53 139761 10962
04:00:54 75748 7935
04:01:54 107166 5912
04:02:54 119662 5437
04:03:55 184793 6992
04:04:55 66468 1904
04:05:56 88800 5390
04:06:56 211176 3513
04:07:56 152948 2914
04:08:57 40043 2180
04:09:57 277898 5494
04:10:57 224174 4205
04:11:58 94020 14612
04:12:58 278850 4962
04:13:59 273908 17298
04:14:59 101810 6141
04:15:59 59628 3428
04:16:59 20344 8642
04:18:00 26964 7297
04:19:02 28718 2578
04:20:00 126067 16984
04:21:01 36935 4107
04:22:01 83895 25554
04:23:01 82263 3763
04:24:18 239521 7990
04:25:13 84263 2534
04:26:02 185148 11834
04:27:03 146457 6234
04:28:03 166772 31850
04:29:03 228375 21686
04:30:06 84975 7120
04:31:04 121776 2926
04:32:04 74757 3970
04:33:05 29749 3592
04:34:05 327122 7802
04:35:05 177652 69300
04:36:06 96268 5568
04:37:06 294680 17054
04:38:06 40485 2296
04:39:07 116265 6365
04:40:07 96116 6520
04:41:08 26757 13597
04:42:09 18271 10482
04:43:08 94834 4042
04:44:09 12527 1827
04:45:17 124372 7120
04:46:09 9064 1945
04:47:10 202816 10542
04:48:10 199246 12278
04:49:11 76155 6357
04:50:11 60691 40673
04:51:29 75959 5648
04:52:11 28398 3415
04:53:12 141577 6828
04:54:12 99760 4844
04:55:13 18689 1813
04:56:13 77881 8042
04:57:13 151903 6807
04:58:14 62878 16054
04:59:14 57116 20558
05:00:14 56703 6351
05:01:14 36861 19797
05:02:16 11377 3709
05:03:15 117661 15500
05:04:16 4356 11458
05:05:16 26840 4440
05:06:16 56964 5885
05:07:17 154137 33473
05:08:17 14876 4473
05:09:17 2286 2126
05:10:18 58278 3933
05:11:18 6192 2342
05:13:08 3265 3756
05:13:19 8259535 153880
05:14:19 33793 8104
05:15:19 11482 31478
05:16:20 13906 856
05:17:20 71048 6121
05:18:21 416986 11294
05:19:21 139980 15144
05:20:21 142010 6570
05:21:22 4116 3600
05:22:22 27391 3980
05:23:22 18772 2148
05:24:23 21518 6124
05:25:38 16731 4504
05:26:23 18229 11439
05:27:24 325173 16819
05:28:24 66067 4203
05:29:24 19786 2701
05:30:32 19624 8010
05:31:25 124249 12804
05:32:26 45210 27754
05:33:26 11775 17408
05:34:26 65759 5079
05:35:26 32533 13940
05:36:27 140791 7727
05:37:27 81496 6875
05:38:27 149055 4617
05:39:28 113090 4612
05:40:38 109908 3835
05:41:29 270720 4768
05:42:29 254968 7950
05:43:46 272422 15250
05:44:29 282206 18833
05:45:30 33881 4905
05:46:30 49876 19081
05:47:31 39904 81653
05:48:31 124750 13312
05:49:36 16267 2851
05:50:32 177113 12880
05:51:32 4433 3858
05:52:32 73954 13968
05:53:33 38070 5344
05:54:33 87762 9665
05:55:33 50524 6004
05:56:34 427820 23933
05:57:34 36933 5038
05:58:34 106105 5669
05:59:50 77470 4853
06:00:35 151259 7568
06:01:36 106020 5038
06:02:36 50801 5336
06:03:37 65179 27583
06:04:37 96678 34918
06:05:37 272222 6431
06:06:38 277921 8068
06:07:38 288236 8556
06:08:38 297936 7456
06:09:55 -1 -1
06:10:39 313933 10832
06:11:47 -1 -1
06:12:40 296545 7233
06:13:40 296668 9174
06:14:41 286578 7734
06:15:41 346170 14747
06:16:41 298249 19319
06:17:50 273949 3690
06:18:42 286614 8167
06:19:42 293110 8812
06:20:43 265826 7228
06:21:43 306864 6608
06:22:43 288668 8167
06:23:44 320461 17105
06:24:44 407292 15161
06:25:44 320049 14956
06:26:45 319945 7062
06:27:45 302686 9346
06:28:45 320452 16010
06:29:56 274758 5694
06:30:46 316225 10952
06:31:47 125736 5685
06:32:47 307138 5811
06:33:54 277950 4075
06:34:58 255539 26319
06:35:48 50970 10018
06:36:48 15170 5446
06:37:48 45676 4840
06:38:49 34590 2514
06:39:49 114352 10736
06:40:49 44554 8136
06:41:50 18238 4249
06:42:50 41156 6573
06:43:51 83962 12780
06:44:51 54702 12213
06:45:51 37571 7584
06:46:52 161888 42561
06:47:52 29735 28588
06:48:52 63851 23724
06:49:52 82759 9628
06:50:53 135020 21552
06:51:53 42713 6052
06:53:01 63043 5164
06:53:54 67128 6659
06:54:54 113482 18304
06:55:54 22108 4944
06:56:55 53046 6822
06:57:55 35413 20961
06:58:55 69682 10781
06:59:56 32779 19519
07:00:56 147143 12357
07:01:56 6013 688
07:02:57 2850 1998
07:03:57 25100 15999
07:05:10 -1 -1
07:05:58 74868 8124
07:06:58 92197 19424
07:07:58 33895 5950
07:08:59 125837 8410
07:09:59 43139 6302
07:11:00 93547 73071
07:12:00 41230 30872
07:13:00 11838 1440
07:14:00 14758 7072
07:15:01 27228 11061
07:16:01 6310 2609
07:17:02 36029 3610
07:18:02 286580 6096
07:19:02 295818 11732
07:20:03 289069 8555
07:21:03 277076 7878
07:22:03 274330 6558
07:23:11 290821 6108
07:24:11 8826 4593
07:25:04 17960 5377
07:26:05 32378 5679
07:27:05 278242 6452
07:28:05 310161 11741
07:29:06 337597 9532
07:30:06 265556 7119
07:31:07 273506 9568
07:32:10 293935 22694
07:33:07 342899 13864
07:34:08 286060 9819
07:35:08 313120 9206
07:36:08 15586 4994
07:37:09 9314 642
07:38:09 25731 2502
07:39:09 14823 3980
07:40:09 11872 1920
07:41:10 24752 16717
07:42:25 18229 6999
07:43:10 54598 13552
07:44:11 25336 2603
07:45:11 409950 17970
07:46:11 401175 36759
07:47:12 452499 19853
07:48:12 295235 20631
07:49:26 275666 5854
07:50:13 91978 13112
07:51:16 370250 20478
07:52:13 24322 6916
07:53:14 49211 7702
07:54:14 382996 15166
07:55:14 434199 18344
07:56:14 530601 28025
07:57:15 11022 3200
07:58:17 60811 15165
07:59:18 3331 4636
08:00:16 30035 5856
08:01:16 4154 3388
08:02:16 120423 9454
08:03:17 499936 21097
08:04:17 371648 11082
08:05:17 12959 3940
08:06:18 15521 3938
08:07:18 1078 1218
08:08:24 13788 1654
08:09:24 5862 6491
08:10:24 12577 8194
08:11:19 53636 4361
08:12:19 26469 3264
08:13:20 411969 17167
08:14:20 365117 13567
08:15:27 381320 40123
08:16:21 10924 12462
08:17:21 47838 13623
08:18:21 63867 3823
08:19:36 2677 2339
08:20:25 226604 10152
08:21:23 5018 4391
08:22:23 4107 5544
08:23:24 65187 9549
08:24:24 332840 21946
08:25:24 22486 1830
08:26:25 360416 11322
08:27:25 381727 12408
08:28:25 614300 29698
08:29:26 103506 11763
08:30:36 1646 140
08:31:26 97204 5160
08:32:27 126402 5217
08:33:27 130616 5746
08:34:27 209207 10535
08:35:27 152342 5915
08:36:28 29107 2147
08:37:28 115337 4028
08:38:28 223605 13372
08:39:29 165954 11645
08:40:29 28078 6070
08:41:29 135127 8414
08:42:30 552832 24079
08:43:30 102309 4604
08:44:31 134856 37078
08:45:31 39229 4757
08:46:31 102835 4104
08:47:32 13893 1234
08:48:32 2014 2449
08:49:32 5052 4736
08:50:33 3448 4820
08:51:33 13828 5170
08:52:35 18621 4582
08:53:34 53965 11032
08:54:34 158814 61869
08:55:38 98121 5653
08:56:35 22835 6854
08:57:39 43291 8003
08:58:36 59471 6770
08:59:37 251780 189488
09:00:37 26150 3981
09:01:37 99061 5058
09:02:37 44144 6534
09:03:43 12693 11153
09:04:42 12954 1938
09:05:38 6658 1068
09:06:38 27249 4323
09:07:39 8102 3377
09:08:58 -1 -1
09:09:39 129705 6689
09:10:39 37116 1669
09:11:40 16237 4912
09:12:40 38458 3079
09:13:41 80022 3913
09:14:40 2570 1422
09:15:41 2524 3520
09:16:44 116829 5653
09:17:44 127962 5830
09:18:42 137581 5456
09:19:47 105595 6752
09:20:42 73663 4980
09:21:43 38251 4147
09:22:43 39265 5861
09:23:43 25959 2014
09:24:43 9559 2495
09:25:44 65624 5768
09:26:44 23200 1759
09:27:51 48494 29610
09:28:45 3196 3548
09:29:45 13508 4725
09:30:45 7826 6924
09:31:46 22104 2578
09:32:46 120198 10507
09:33:46 29465 4829
09:34:52 495 386
09:35:47 73788 5866
09:36:47 1654 200
09:37:47 258548 17957
09:38:48 131617 4829
09:39:52 176946 10238
09:40:49 655545 19336
09:41:49 65221 8034
09:42:49 74503 8094
09:43:50 20505 3566
09:44:51 27015 4322
09:45:50 182163 9283
09:46:50 143858 7524
09:47:51 37334 4531
09:48:51 352927 18426
09:49:51 17428 7752
09:50:51 148543 9047
09:51:52 153186 8309
09:52:52 46885 2775
09:53:52 34662 4588
09:54:52 19423 4095
09:55:52 164999 8957
09:56:53 91289 5014
09:57:53 57159 11587
09:58:53 169031 18877
09:59:53 16762 4995
10:01:00 38010 4876
10:01:58 42433 9481
10:02:54 72792 4491
10:03:54 97371 5871
10:04:55 3398 1686
10:05:55 50340 43369
10:06:55 68626 12039
10:07:55 5058 3259
10:08:55 272824 12302
10:09:56 15315 1151
10:10:56 138994 7621
10:12:00 21952 4041
10:12:57 72408 9080
10:14:00 285225 32228
10:14:57 37897 8399
10:15:57 397376 28108
10:17:00 7818 2737
10:17:58 16784 7061
10:18:58 178542 126815
10:19:59 338644 17031
10:20:59 51214 127261
10:22:00 58180 3803
10:23:01 30540 4249
10:24:04 97530 7158
10:25:02 82864 7340
10:26:02 41260 10090
10:27:03 29093 3092
10:28:04 19206 4184
10:29:04 301426 14440
10:30:04 55299 10112
10:31:05 30518 3848
10:32:05 117048 10112
10:33:05 70206 3846
10:34:05 56313 9610
10:35:06 237697 14445
10:36:06 50422 19204
10:37:07 69379 19872
10:38:07 197314 6174
10:39:07 492137 29744
10:40:08 6956 3092
10:41:12 64956 3315
10:42:09 285584 11125
10:43:09 157852 10709
10:44:09 62173 2565
10:45:10 300048 17346
10:46:10 159114 5061
10:47:10 76980 4009
10:48:11 249629 11702
10:49:11 567901 24465
10:50:15 91309 3393
10:51:12 19054 486
10:52:12 192922 13352
10:53:13 27062 3272
10:54:20 1876 954
10:55:13 224247 9297
10:56:14 47707 7145
10:57:25 22216 5214
10:58:16 106531 2953
10:59:16 102506 3720
11:00:16 147309 5626
11:01:18 71511 11379
11:02:17 3699 2795
11:03:16 -1 -1
11:04:18 30239 3922
11:05:18 421500 23758
11:06:18 27022 106901
11:07:19 20624 12610
11:08:19 12775 8184
11:09:19 18580 2776
11:10:20 94286 16423
11:11:20 67875 9093
11:12:21 149166 13314
11:13:21 40965 22387
11:14:21 35187 19436
11:15:22 410247 24038
11:16:23 53082 7919
11:17:23 57028 4880
11:18:23 29564 20400
11:19:24 11058 9706
11:20:31 -1 -1
11:21:24 209481 33069
11:22:25 158258 50197
11:23:25 23278 64632
11:24:25 18332 67513
11:25:26 192426 27887
11:26:26 16724 34333
11:27:26 233955 25082
11:28:26 88710 30602
11:29:26 15450 7644
11:30:27 43213 69097
11:31:27 62339 59662
11:32:27 72680 48666
11:33:27 56856 54112
11:34:28 39756 55910
11:35:29 14034 60721
11:36:30 110250 68824
11:37:30 26817 164748
11:38:31 75244 17180
11:39:31 124531 44150
11:40:31 17874 3943
11:41:31 81208 31957
11:42:35 206977 9865
11:43:32 34144 6746
11:44:33 94044 9499
11:45:33 281368 16562
11:46:34 65019 9383
11:47:34 108891 43395
11:48:34 7674 1778
11:49:34 63886 41736
11:50:42 1010 1550
11:51:35 106204 12828
11:52:36 330941 22572
11:53:36 80049 7358
11:54:36 23543 2713
11:55:36 9180 5467
11:56:37 25823 21744
11:57:37 94449 49110
11:58:37 172438 9647
11:59:37 69532 110159
12:00:38 71944 20811
12:01:38 76231 4608
12:02:38 97156 4452
12:03:39 47631 5040
12:04:39 23733 2752
12:05:39 44804 7178
12:06:39 3588 2101
12:07:39 67082 33520
12:08:40 19827 3722
12:09:40 18425 5393
12:10:41 67468 105551
12:11:41 96134 30815
12:12:46 40559 6919
12:13:44 15162 1446
12:14:42 177463 64076
12:15:45 23795 4222
12:16:50 61159 27043
12:17:44 40711 24437
12:18:49 5503 4304
12:19:51 24062 4584
12:20:52 95191 41118
12:21:45 109636 20598
12:22:48 22744 5950
12:23:50 109140 7918
12:24:51 17000 4936
12:25:55 19717 119133
12:26:46 60439 75965
12:27:47 142052 4423
12:28:47 65146 6641
12:29:48 27849 6571
12:30:49 -1 -1
12:31:54 30141 8387
12:32:48 47728 10401
12:33:55 56626 4708
12:34:49 50408 8044
12:35:49 70990 24050
12:36:57 138092 119490
12:37:49 111407 6897
12:38:55 30375 7655
12:39:50 45022 4283
12:40:50 46024 4170
12:41:57 3954 3078
12:42:55 4026 4251
12:43:57 118678 17606
12:44:54 105077 6055
12:45:59 223714 56225
12:46:55 90745 8520
12:47:58 55527 15552
12:48:53 95155 7974
12:49:59 118917 7127
12:50:56 64042 3296
12:51:53 111417 6406
12:52:58 4168 3462
12:54:06 40096 4094
12:54:59 2460 1328
12:56:10 161001 15003
12:56:56 616 1241
12:58:02 93676 32425
12:58:55 174098 46363
13:00:01 33191 15907
13:00:57 241970 24373
13:02:03 273523 35035
13:02:59 609711 24547
13:03:59 22778 4896
13:05:02 16091 3412
13:05:57 65190 12985
13:06:57 200153 67300
13:07:58 75390 19304
13:09:00 12536 5089
13:09:58 223980 52278
13:11:04 5486 1815
13:12:06 61872 4816
13:13:08 32121 3662
13:14:06 145712 10732
13:14:59 143366 48038
13:16:03 4140 3724
13:16:59 242611 36087
13:18:12 16751 6037
13:18:59 191592 9904
13:20:11 78175 6556
13:21:05 1057 1353
13:22:04 -1 -1
13:23:08 61533 23434
13:24:03 2496 1001
13:25:05 883503 49367
13:26:04 -1 -1
13:27:04 89380 5037
13:28:09 110564 41372
13:29:04 86978 24233
13:30:04 265112 9847
13:31:06 115914 7072
13:32:12 62237 2515
13:33:04 61058 4535
13:34:07 71052 21292
13:35:12 91873 5811
13:36:04 183989 12006
13:37:09 227824 17457
13:38:09 142446 17048
13:39:07 33325 13310
13:40:15 27333 3810
13:41:08 26355 3806
13:42:13 61671 7122
13:43:11 133606 6540
13:44:07 131508 13022
13:45:09 118584 7927
13:46:15 -1 -1
13:47:14 86365 4273
13:48:09 30572 2655
13:49:10 33322 2120
13:50:11 373673 13940
13:51:10 20981 2178
13:52:18 78395 10012
13:53:17 131515 7464
13:54:12 36469 6552
13:55:18 31407 2355
13:56:20 267957 13588
13:57:12 224797 13258
13:58:16 61943 3327
13:59:14 48298 5414
14:00:17 4041 2704
14:01:20 395789 41320
14:02:14 54208 4768
14:03:13 243058 108270
14:04:15 2971 1624
14:05:13 282776 17047
14:06:16 51568 8110
14:07:17 11416 1881
14:08:16 23491 2652
14:09:21 11383 3228
14:10:16 21994 11898
14:11:25 61514 5876
14:12:20 43030 6288
14:13:29 80729 11665
14:14:25 19558 5745
14:15:22 59274 4023
14:16:20 5042 2626
14:17:20 18280 4169
14:18:27 51073 5426
14:19:20 286589 8847
14:20:21 220376 9154
14:21:22 24105 4163
14:22:20 136760 5892
14:23:19 66031 33455
14:24:19 194784 22861
14:25:23 121782 7238
14:26:22 3694 1765
14:27:21 93944 7039
14:28:30 4598 4412
14:29:24 4089 19680
14:30:22 132570 27396
14:31:26 22588 2454
14:32:27 5103 1680
14:33:29 16865 3109
14:34:30 41778 109988
14:35:32 85565 13508
14:36:33 27850 9556
14:37:26 1078 2575
14:38:25 284542 54917
14:39:28 34711 4890
14:40:26 4943 1885
14:41:26 11165 3523
14:42:28 72187 9857
14:43:34 129403 25429
14:44:33 3289 3359
14:45:28 51920 4964
14:46:28 160571 58208
14:47:34 19961 2929
14:48:35 -1 -1
14:49:32 11580 2855
14:50:30 119251 17984
14:51:30 301847 22781
14:52:34 300714 9431
14:53:34 339181 12066
14:54:31 77651 8816
14:55:32 336694 55901
14:56:32 116792 69073
14:57:37 61654 7595
14:58:32 77590 7715
14:59:44 44570 16402
15:00:38 2678 2108
15:01:44 21809 2516
15:02:43 13257 2298
15:03:38 23301 7921
15:04:33 168052 8861
15:05:39 53941 8143
15:06:34 137694 8825
15:07:35 20932 5263
15:08:34 49105 7140
15:09:42 15983 6347
15:10:35 44224 3805
15:11:40 56610 6999
15:12:35 126438 126523
15:13:37 2458 3568
15:14:36 64317 6725
15:15:36 105855 9141
15:16:36 165288 12153
15:17:36 582227 57894
15:18:37 66472 9830
15:19:37 180774 10068
15:20:37 23351 3724
15:21:37 46886 45314
15:22:38 40230 4141
15:23:38 138544 15917
15:24:38 205011 8992
15:25:45 62990 5351
15:26:47 293175 14709
15:27:39 20895 1824
15:28:39 162577 10603
15:29:39 173607 12093
15:30:47 106368 9654
15:31:40 75449 19812
15:32:40 83038 21228
15:33:40 177176 27189
15:34:47 32251 4259
15:35:41 51971 13051
15:36:41 18433 5213
15:37:41 619697 43956
15:38:41 389470 14280
15:39:42 20231 2163
15:40:42 29709 5097
15:41:42 61308 4306
15:42:42 92596 9019
15:43:46 7878 2663
15:44:41 -1 -1
15:45:43 225692 15060
15:46:43 26523 5944
15:47:44 148298 12134
15:48:44 16594 6792
15:49:44 145035 4903
15:50:44 143725 8214
15:51:45 39677 11774
15:52:45 92761 8362
15:53:45 2415 1529
15:54:45 5501 3341
15:55:46 52358 4950
15:56:46 62047 7848
15:57:46 95709 6878
15:58:46 29696 4383
15:59:47 206600 9282
16:00:47 410571 18201
16:01:47 131821 11024
16:02:49 11465 4025
16:03:47 2039 1410
16:04:48 31368 5204
16:06:00 2264 60
16:06:53 7862 2412
16:07:48 36526 2445
16:08:49 322212 17530
16:09:49 11332 1852
16:10:49 53934 6015
16:11:49 36210 3883
16:12:50 102828 147466
16:13:50 124229 14036
16:14:50 123196 14163
16:15:50 45880 10306
16:16:50 82627 7180
16:17:54 36231 2504
16:18:51 51570 5675
16:19:54 66230 6182
16:20:51 156299 15943
16:21:51 74220 12435
16:22:52 17867 4702
16:23:52 81709 6118
16:24:52 13194 2356
16:25:53 20078 1268
16:26:53 315558 10520
16:27:53 6703 6732
16:28:53 81485 9749
16:29:53 115914 6310
16:30:54 35947 5529
16:31:55 1346 17392
16:32:55 59692 7477
16:33:55 32688 7207
16:35:00 151614 9854
16:35:56 8327 2026
16:36:56 219237 12507
16:38:07 97644 8302
16:38:56 71791 6184
16:39:56 4530 2030
16:40:57 113046 9328
16:41:57 268404 25777
16:42:57 195194 6938
16:43:57 279187 11239
16:44:57 355554 13569
16:45:58 461970 32227
16:46:58 97462 6068
16:47:58 10192 3730
16:48:58 37340 8542
16:49:58 124890 11973
16:50:59 120432 7265
16:51:59 16996 7048
16:53:00 29672 14050
16:54:01 62332 2276
16:55:01 172242 16347
16:56:01 55707 5464
16:57:01 52178 10629
16:58:02 15367 14947
16:59:02 50805 3397
17:00:02 15696 1093
17:01:09 17096 1643
17:02:03 87425 86574
17:03:04 49494 126281
17:04:04 32075 4482
17:05:05 50759 5950
17:06:05 31373 9595
17:07:05 12829 4300
17:08:12 18844 6006
17:09:06 1766 1781
17:10:06 20254 1515
17:11:06 151517 7603
17:12:06 8548 2210
17:13:07 1692 190
17:14:07 67526 6006
17:15:07 59780 1560
17:16:07 50005 2842
17:17:08 47544 9520
17:18:08 25163 6125
17:19:08 22946 1122
17:20:09 1020 60
17:21:08 54379 5757
17:22:09 49807 2238
17:23:10 45444 5214
17:24:10 79901 8880
17:25:11 7244 2068
17:26:11 116779 8248
17:27:11 337736 18378
17:28:12 168219 9596
17:29:12 31454 2069
17:30:18 23224 1115
17:31:12 208440 9390
17:32:13 1369361 25261
17:33:13 73540 5409
17:34:13 4168 1802
17:35:14 8506 2611
17:36:14 181209 7599
17:37:14 6301 1333
17:38:15 173674 21419
17:39:15 208028 12003
17:40:15 3214 1783
17:41:27 2040 552
17:42:16 74733 1722
17:43:17 38729 2964
17:44:17 54070 5907
17:45:17 29052 5231
17:46:17 50983 3858
17:47:18 18419 1330
17:48:18 17496 1825
17:49:18 97701 10276
17:50:19 27868 2934
17:51:19 35110 7103
17:52:19 20422 5282
17:53:20 77755 6949
17:54:20 101206 8397
17:55:20 368420 17816
17:56:20 61427 20746
17:57:21 239090 25398
17:58:21 123002 5498
17:59:21 73408 3545
18:00:21 83290 4948
18:01:21 8875 2559
18:02:22 5896 2015
18:03:22 26270 4098
18:04:22 162079 17282
18:05:23 63660 33429
18:06:23 144990 26331
18:07:23 128171 11831
18:08:23 27459 8204
18:09:30 28390 4665
18:10:24 50280 5471
18:11:24 1933 663
18:12:29 37765 8001
18:13:25 36446 3552
18:14:25 65423 5890
18:15:25 45276 5201
18:16:25 176391 7787
18:17:26 172858 8515
18:18:26 51960 5104
18:19:26 193310 19175
18:20:26 535709 21906
18:21:27 114613 8303
18:22:27 71923 9085
18:23:27 304733 13298
18:24:27 255254 9973
18:25:28 108568 8822
18:26:28 364213 19729
18:27:28 173121 6527
18:28:29 14538 3624
18:29:29 24193 2079
18:30:29 8615 2953
18:31:47 39073 3974
18:32:31 13556 2078
18:33:31 6994 1311
18:34:39 19713 1281
18:35:32 56612 7177
18:36:32 38543 5838
18:37:32 184780 14581
18:38:32 192434 10042
18:39:33 2530 858
18:40:33 47746 2821
18:41:33 100102 6161
18:42:33 249957 9329
18:43:55 76657 4731
18:44:34 71766 4162
18:45:34 117637 20408
18:46:34 328762 15162
18:47:35 2415 870
18:48:35 12851 2846
18:49:35 1828 318
18:50:35 117180 17526
18:51:35 151365 6584
18:52:36 232656 9157
18:53:37 273318 11932
18:54:37 10926 1568
18:55:37 81431 4258
18:56:38 24909 4396
18:57:38 120879 6893
18:58:38 64251 5558
18:59:38 48083 3002
19:00:38 85537 4451
19:01:39 892 1995
19:02:39 32361 16910
19:03:39 63946 16893
19:04:42 166521 16756
19:05:40 36801 3537
19:06:40 27578 3080
19:07:40 141013 23359
19:08:40 271620 25865
19:09:41 282765 12273
19:10:41 68873 8543
19:11:41 61570 6213
19:12:41 8263 3224
19:13:42 61491 12645
19:14:42 312015 15851
19:15:42 80085 3082
19:16:42 24405 3323
19:17:42 136768 18799
19:18:43 42203 4005
19:19:43 120319 20884
19:20:43 329139 12368
19:21:43 50843 4029
19:22:43 203261 13045
19:23:44 9830 3954
19:24:44 321471 16313
19:25:44 249654 16361
19:26:44 86411 6005
19:27:44 119625 10561
19:28:45 256918 9381
19:29:45 6577 630
19:30:45 83106 6757
19:31:45 76139 5488
19:32:45 50763 17455
19:33:46 164393 10368
19:34:46 64020 8605
19:35:47 265516 11192
19:36:47 108206 7309
19:37:47 197296 9655
19:38:47 8145 2932
19:39:48 136661 13967
19:40:48 7704 1457
19:41:48 23128 5281
19:42:48 50501 3750
19:43:49 292667 14607
19:44:49 34199 13367
19:45:49 81816 35734
19:46:49 23502 2838
19:47:49 76555 16688
19:48:49 8836 15916
19:49:56 3136 483
19:50:50 106486 8791
19:51:50 45113 2738
19:52:50 108310 35021
19:53:50 2989 93498
19:54:51 86910 9543
19:55:54 41941 16455
19:56:51 10560 5596
19:57:55 45795 3891
19:58:52 52507 5758
19:59:52 43430 12029
20:00:52 12752 3338
20:01:52 20018 120534
20:02:53 65256 2567
20:03:53 15067 1165
20:04:53 48766 2915
20:05:53 18001 9738
20:07:05 25274 1072
20:07:53 95615 4505
20:08:54 66794 5228
20:09:54 51914 2733
20:10:54 31064 2421
20:11:54 20491 1469
20:12:59 5964 636
20:13:55 67473 4911
20:14:55 99168 3772
20:15:55 4640 4272
20:16:55 205562 12818
20:17:55 208508 8033
20:18:56 300705 16172
20:19:56 5884 840
20:20:56 60794 7195
20:21:56 202540 42458
20:22:57 103022 6218
20:23:57 13320 877
20:24:57 55457 7558
20:25:58 39862 6926
20:26:58 111710 4189
20:27:58 86530 20542
20:28:58 154788 18111
20:29:58 84727 31948
20:30:59 11161 5723
20:31:59 1085 1163
20:32:59 10024 1865
20:33:59 21409 3263
20:34:59 68090 8112
20:36:00 240578 10192
20:37:00 171405 23862
20:38:00 175339 25204
20:39:00 25508 4815
20:40:00 67089 21410
20:41:01 14357 4876
20:42:01 3822 346
20:43:08 37443 5307
20:44:01 41359 3906
20:45:04 40738 1338
20:46:02 11443 2933
20:47:02 36024 9432
20:48:02 15091 1707
20:49:02 47153 3208
20:50:03 229333 9908
20:51:03 13584 713
20:52:03 19384 13829
20:53:03 223838 119709
20:54:03 62762 7825
20:55:17 15156 482
20:56:04 126731 7593
20:57:04 48027 6434
20:58:04 5229 1609
20:59:04 85079 27673
21:00:05 4656 2266
21:01:12 31623 3582
21:02:05 9076 1023
21:03:05 21384 4369
21:04:06 28300 17595
21:05:06 51935 23326
21:06:08 35828 29270
21:07:06 224887 152690
21:08:06 79425 11156
21:09:06 45906 19623
21:10:07 74199 7235
21:11:07 76221 21643
21:12:07 180770 41473
21:13:07 35601 3164
21:14:08 117351 7162
21:15:08 158329 24615
21:16:08 93165 6543
21:17:08 21510 3761
21:18:08 38101 2840
21:19:09 228718 35307
21:20:09 62435 8660
21:21:09 33727 5264
21:22:10 5306 4772
21:23:12 16518 13319
21:24:10 66274 15826
21:25:10 40991 28915
21:26:10 22334 2305
21:27:11 220845 9120
21:28:11 102644 8985
21:29:11 158851 10370
21:30:11 26193 2554
21:31:12 45506 2533
21:32:12 -1 -1
21:33:17 132997 11398
21:34:12 68118 5044
21:35:13 86552 7233
21:36:13 20389 1588
21:37:13 10414 1162
21:38:13 6236 795
21:39:16 68768 9090
21:40:13 34359 2177
21:41:14 24128 1364
21:42:14 67643 14816
21:43:14 32255 2355
21:44:14 206044 13609
21:45:15 226781 14638
21:46:15 29287 4689
21:47:15 5148 3900
21:48:16 36662 3903
21:49:16 101034 5404
21:50:16 7887 1994
21:51:16 73553 12785
21:52:29 3343 1449
21:53:17 104673 5150
21:54:32 143669 25131
21:55:31 169571 27190
21:56:28 83140 17690
21:57:32 201984 22080
21:58:30 741 701
21:59:18 29114 2046
22:00:30 294498 18276
22:01:21 2888 2041
22:02:21 124118 19657
22:03:23 41340 14456
22:04:22 55907 8200
22:05:20 39274 5190
22:06:20 103249 14503
22:07:20 7868 1200
22:08:27 34544 4432
22:09:21 146209 14743
22:10:23 54733 7662
22:11:21 41695 2805
22:12:26 51848 3716
22:13:22 36873 18710
22:14:22 28925 1991
22:15:24 11465 3204
22:16:22 34800 3146
22:17:23 196985 10605
22:18:23 99802 20591
22:19:23 48865 4709
22:20:23 55423 5577
22:21:28 39136 3634
22:22:24 16277 2309
22:23:29 14022 2060
22:24:24 35416 12773
22:25:25 247866 27826
22:26:32 38063 5976
22:27:25 41581 4468
22:28:25 183023 14802
22:29:26 8020 9192
22:30:26 34301 2280
22:31:26 61873 6875
22:32:32 14971 2044
22:33:26 18439 1224
22:34:27 2342 380
22:35:30 19118 2312
22:36:27 2044 1706
22:37:27 43169 2917
22:38:28 35512 3636
22:39:28 115508 5251
22:40:28 19578 1517
22:41:29 612314 31206
22:42:29 48464 6949
22:43:29 51816 3197
22:44:33 51273 6058
22:45:30 86429 2772
22:46:33 28179 2480
22:47:30 75647 18554
22:48:30 39145 4806
22:49:31 25984 1148
22:50:31 6123 3066
22:51:31 205040 10755
22:52:32 4402 3044
22:53:32 57223 6017
22:54:32 8995 2099
22:55:32 19820 2558
22:56:33 9728035 149161
22:57:52 -1 -1
22:58:33 77429 4943
22:59:33 147472 6840
23:00:34 118553 8971
23:01:34 61536 3790
23:02:34 40483 3334
23:03:35 316256 30183
23:04:35 19940 2090
23:05:35 5873 831
23:06:35 47334 10480
23:07:35 25160 15684
23:08:36 34211 17350
23:09:36 56805 19846
23:10:36 209147 16210
23:11:36 305945 20034
23:12:37 49982 3900
23:13:45 4840 800
23:14:37 12054 2693
23:15:37 60485 3942
23:16:38 60841 1980
23:17:38 51776 4409
23:18:52 2019 486
23:19:51 130580 7533
23:20:39 32005 7125
23:21:43 1712 503
23:22:39 38585 2519
23:23:40 9368 4895
23:24:40 88460 9600
23:25:46 11682 1104
23:26:40 76234 4803
23:27:41 2810 254
23:28:41 153560 16176
23:29:42 1634 378
23:30:41 10341 818
23:31:42 2377 932
23:32:42 18012 2102
23:33:49 81446 5125
23:34:42 59853 113652
23:35:43 39470 9695
23:36:43 18352 15304
23:37:44 49702 3774
23:38:44 205637 14802
23:39:44 172509 73545
23:40:57 22366 24775
23:41:52 28471 13390
23:42:45 291928 18695
23:43:45 46224 7801
23:44:46 78935 20444
23:46:02 81983 9919
23:46:46 204579 111348
23:47:47 81734 4148
23:48:48 131404 12972
23:49:48 12335 3336
23:50:49 143144 8975
23:51:50 60930 10921
23:52:50 5123 14316
23:53:50 188709 24479
23:54:52 43469 13321
23:55:53 60374 15874
23:56:51 8145 643
23:58:06 2252 2212
23:58:54 87258 146445
23:59:54 483236 22480
