00:00:28 4 0 154
00:00:39 4 0 152
00:01:33 4 0 153
00:02:12 4 0 153
00:02:34 4 0 153
00:02:55 4 0 152
00:03:24 4 0 153
00:03:45 4 0 152
00:04:18 4 0 152
00:04:48 4 0 152
00:05:19 4 0 153
00:05:57 4 0 152
00:06:22 4 0 153
00:06:53 4 0 152
00:07:28 4 0 152
00:07:55 4 0 153
00:08:24 4 0 162
02:00:06 4 0 256
02:00:37 4 0 255
02:01:07 4 0 256
02:01:37 4 0 256
02:02:07 4 0 259
02:02:37 4 0 256
02:03:08 3 1 258
02:03:38 4 0 259
02:04:09 3 1 257
02:04:38 4 0 259
02:05:09 4 0 258
02:05:40 3 1 258
02:06:09 4 0 258
02:06:39 4 0 258
02:07:09 4 0 255
02:07:40 3 1 258
02:08:10 4 0 257
02:08:40 4 0 257
02:09:10 4 0 257
02:09:40 4 0 258
02:10:11 3 1 260
02:10:41 4 0 258
02:11:11 4 0 258
02:11:41 4 0 259
02:12:12 3 1 258
02:12:42 4 0 256
02:13:12 3 1 258
02:13:42 4 0 258
02:14:12 4 0 257
02:14:45 1 3 684
02:15:15 1 3 689
02:15:44 3 1 255
02:16:13 4 0 258
02:16:43 4 0 258
02:17:13 4 0 257
02:17:44 4 0 258
02:18:15 3 1 246
02:18:44 4 0 255
02:19:15 3 1 258
02:19:45 4 0 258
02:20:15 4 0 257
02:20:45 4 0 258
02:21:15 4 0 257
02:21:46 4 0 258
02:22:16 4 0 257
02:22:46 4 0 258
02:23:16 4 0 258
02:23:46 4 0 258
02:24:16 4 0 255
02:24:47 4 0 258
02:25:18 3 1 255
02:25:47 4 0 256
02:26:18 3 1 257
02:26:48 4 0 256
02:27:18 4 0 255
02:27:48 4 0 258
02:28:18 4 0 257
02:28:49 4 0 257
02:29:19 4 0 257
02:29:49 4 0 256
02:30:19 4 0 257
02:30:49 4 0 257
02:31:19 4 0 257
02:31:50 4 0 257
02:32:21 3 1 257
02:32:50 4 0 255
02:33:20 4 0 257
02:33:51 4 0 255
02:34:21 4 0 255
02:34:51 4 0 258
02:35:21 4 0 242
02:35:51 4 0 255
02:36:21 4 0 255
02:36:52 4 0 257
02:37:22 4 0 257
02:37:52 4 0 259
02:38:22 4 0 258
02:38:53 4 0 256
02:39:23 4 0 256
02:39:53 4 0 258
02:40:24 3 1 257
02:40:53 4 0 258
02:41:23 4 0 257
02:41:54 4 0 257
02:42:24 4 0 247
02:42:54 4 0 255
02:43:24 4 0 256
02:43:54 4 0 255
02:44:25 4 0 258
02:44:55 4 0 255
02:45:25 4 0 257
02:45:55 4 0 256
02:46:25 4 0 248
02:46:56 4 0 255
02:47:26 4 0 254
02:47:57 3 1 219
02:48:26 4 0 274
02:48:56 4 0 254
02:49:27 4 0 257
02:49:57 4 0 256
02:50:27 4 0 257
02:50:57 4 0 255
02:51:27 4 0 251
02:52:00 1 3 639
02:52:30 2 2 668
02:52:58 4 0 255
02:53:28 4 0 258
02:53:58 4 0 255
02:54:29 4 0 258
02:54:59 4 0 254
02:55:29 4 0 255
02:55:59 4 0 255
02:56:30 3 1 257
02:57:00 4 0 257
02:57:30 4 0 256
02:58:00 4 0 257
02:58:30 4 0 256
02:59:00 4 0 256
02:59:31 4 0 254
03:00:01 4 0 257
03:00:31 4 0 255
03:01:01 4 0 257
03:01:31 4 0 255
03:02:02 4 0 259
03:02:32 4 0 255
03:03:02 4 0 255
03:03:32 4 0 255
03:04:02 4 0 256
03:04:32 4 0 256
03:05:03 4 0 255
03:05:33 4 0 255
03:06:04 4 0 267
03:06:34 4 0 255
03:07:04 4 0 256
03:07:34 4 0 255
03:08:05 4 0 255
03:08:35 4 0 255
03:09:06 4 0 256
03:09:36 4 0 256
03:10:06 4 0 255
03:10:36 4 0 257
03:11:06 4 0 253
03:11:36 4 0 255
03:12:07 4 0 257
03:12:37 4 0 255
03:13:08 3 1 254
03:13:37 4 0 255
03:14:07 4 0 255
03:14:37 4 0 253
03:15:08 4 0 256
03:15:38 4 0 255
03:16:08 4 0 255
03:16:38 4 0 256
03:17:08 4 0 256
03:17:39 4 0 255
03:18:09 4 0 257
03:18:39 4 0 255
03:19:09 4 0 255
03:19:39 4 0 255
03:20:10 4 0 255
03:20:40 4 0 255
03:21:10 4 0 255
03:21:40 4 0 254
03:22:10 4 0 255
03:22:40 4 0 254
03:23:11 4 0 257
03:23:41 4 0 255
03:24:11 4 0 255
03:24:41 4 0 255
03:25:11 4 0 256
03:25:41 4 0 256
03:26:12 4 0 255
03:26:42 4 0 254
03:27:12 4 0 255
03:27:42 4 0 255
03:28:12 4 0 256
03:28:42 4 0 270
03:29:13 4 0 256
03:29:43 4 0 255
03:30:13 4 0 255
03:30:43 4 0 255
03:31:13 4 0 255
03:31:43 4 0 255
03:32:14 4 0 256
03:32:44 4 0 255
03:33:14 4 0 255
03:33:44 4 0 256
03:34:14 4 0 255
03:34:44 4 0 255
03:35:14 4 0 254
03:35:45 4 0 251
03:36:15 4 0 255
03:36:45 4 0 254
03:37:15 4 0 258
03:37:45 4 0 255
03:38:16 4 0 255
03:38:47 3 1 255
03:39:16 4 0 237
03:39:46 4 0 252
03:40:16 4 0 254
03:40:46 4 0 254
03:41:17 4 0 255
03:41:47 4 0 255
03:42:17 4 0 257
03:42:47 4 0 255
03:43:17 4 0 254
03:43:47 4 0 255
03:44:18 4 0 255
03:44:48 4 0 255
03:45:18 4 0 255
03:45:48 4 0 255
03:46:18 4 0 224
03:46:49 4 0 255
03:47:19 4 0 255
03:47:49 4 0 253
03:48:19 4 0 254
03:48:49 4 0 243
03:49:19 4 0 254
03:49:49 4 0 255
03:50:20 4 0 255
03:50:50 4 0 255
03:51:20 4 0 255
03:51:50 4 0 255
03:52:20 4 0 254
03:52:50 4 0 255
03:53:21 4 0 255
03:53:51 4 0 255
03:54:21 4 0 255
03:54:51 4 0 255
03:55:22 4 0 258
03:55:52 4 0 255
03:56:22 4 0 254
03:56:52 4 0 254
03:57:22 4 0 255
03:57:52 4 0 255
03:58:22 4 0 255
03:58:52 4 0 255
03:59:23 4 0 255
03:59:53 4 0 254
04:00:23 4 0 255
04:00:53 4 0 255
04:01:23 4 0 255
04:01:53 4 0 254
04:02:24 4 0 254
04:02:54 4 0 249
04:03:24 4 0 231
04:03:54 4 0 233
04:04:24 4 0 254
04:04:54 4 0 255
04:05:25 4 0 255
04:05:55 4 0 255
04:06:25 4 0 255
04:06:55 4 0 253
04:07:26 4 0 250
04:07:56 4 0 255
04:08:26 4 0 252
04:08:56 4 0 254
04:09:26 4 0 255
04:09:56 4 0 253
04:10:27 4 0 253
04:10:57 4 0 255
04:11:27 4 0 255
04:11:57 4 0 255
04:12:27 4 0 255
04:12:57 4 0 255
04:13:28 4 0 255
04:13:58 4 0 254
04:14:28 4 0 254
04:14:58 4 0 251
04:15:28 4 0 254
04:15:58 4 0 254
04:16:29 4 0 255
04:16:59 4 0 254
04:17:29 4 0 253
04:17:59 4 0 254
04:18:29 4 0 254
04:18:59 4 0 255
04:19:30 3 1 254
04:20:00 4 0 255
04:20:30 4 0 254
04:21:00 4 0 255
04:21:30 4 0 254
04:22:00 4 0 255
04:22:31 4 0 246
04:23:01 4 0 254
04:23:31 4 0 265
04:24:01 4 0 257
04:24:31 4 0 254
04:25:01 4 0 253
04:25:32 4 0 255
04:26:01 4 0 152
04:26:32 4 0 152
04:27:02 4 0 153
04:27:32 4 0 153
04:28:02 4 0 152
04:28:32 4 0 151
04:29:02 4 0 152
04:29:33 4 0 152
04:30:03 4 0 151
04:30:33 4 0 151
04:31:03 4 0 152
04:31:33 4 0 152
04:32:03 4 0 152
04:32:34 4 0 152
04:33:04 4 0 152
04:33:34 4 0 151
04:34:04 4 0 152
04:34:34 4 0 152
04:35:04 4 0 152
04:35:35 4 0 151
04:36:05 4 0 152
04:36:35 4 0 152
04:37:05 4 0 152
04:37:35 4 0 152
04:38:05 4 0 152
04:38:36 4 0 152
04:39:06 4 0 152
04:39:36 4 0 151
04:40:06 4 0 152
04:40:37 4 0 152
04:41:07 4 0 152
04:41:37 4 0 152
04:42:07 4 0 152
04:42:37 4 0 152
04:43:07 4 0 152
04:43:38 4 0 152
04:44:08 4 0 152
04:44:38 4 0 151
04:45:08 4 0 154
04:45:38 4 0 152
04:46:08 4 0 152
04:46:39 4 0 152
04:47:09 4 0 152
04:47:39 4 0 152
04:48:09 4 0 151
04:48:39 4 0 152
04:49:09 4 0 152
04:49:40 4 0 152
04:50:10 4 0 152
04:50:40 4 0 152
04:51:10 4 0 154
04:51:40 4 0 152
04:52:10 4 0 152
04:52:41 4 0 152
04:53:11 4 0 152
04:53:41 4 0 152
04:54:11 4 0 152
04:54:41 4 0 152
04:55:11 4 0 152
04:55:42 4 0 152
04:56:12 4 0 152
04:56:42 4 0 152
04:57:12 4 0 151
04:57:42 4 0 152
04:58:12 4 0 152
04:58:43 4 0 151
04:59:13 4 0 152
04:59:43 4 0 152
05:00:13 4 0 152
05:00:43 4 0 152
05:01:13 4 0 152
05:01:44 4 0 152
05:02:14 4 0 152
05:02:44 4 0 152
05:03:14 4 0 152
05:03:44 4 0 152
05:04:14 4 0 152
05:04:45 4 0 152
05:05:15 4 0 151
05:05:45 4 0 152
05:06:15 4 0 152
05:06:45 4 0 151
05:07:16 4 0 152
05:07:46 4 0 152
05:08:16 4 0 152
05:08:46 4 0 151
05:09:16 4 0 152
05:09:47 4 0 152
05:10:17 4 0 152
05:10:47 4 0 152
05:11:17 4 0 154
05:11:47 4 0 152
05:12:17 4 0 152
05:12:48 4 0 152
05:13:18 4 0 152
05:13:48 4 0 152
05:14:18 4 0 155
05:14:48 4 0 152
05:15:18 4 0 152
05:15:49 4 0 162
05:16:19 4 0 152
05:16:49 4 0 152
05:17:19 4 0 152
05:17:49 4 0 152
05:18:19 4 0 152
05:18:50 4 0 210
05:19:20 4 0 152
05:19:50 4 0 152
05:20:20 4 0 152
05:20:51 4 0 152
05:21:21 4 0 152
05:21:51 4 0 152
05:22:21 4 0 152
05:22:51 4 0 153
05:23:21 4 0 152
05:23:52 4 0 152
05:24:22 4 0 152
05:24:52 4 0 152
05:25:22 4 0 152
05:25:52 4 0 152
05:26:22 4 0 152
05:26:53 4 0 152
05:27:23 4 0 152
05:27:53 4 0 152
05:28:23 4 0 152
05:28:53 4 0 152
05:29:23 4 0 152
05:29:54 4 0 152
05:30:24 4 0 152
05:30:54 4 0 152
05:31:24 4 0 155
05:31:54 4 0 152
05:32:24 4 0 152
05:32:55 4 0 152
05:33:25 4 0 152
05:33:55 4 0 152
05:34:25 4 0 154
05:34:55 4 0 152
05:35:25 4 0 152
05:35:56 4 0 152
05:36:26 4 0 152
05:36:56 4 0 152
05:37:26 4 0 152
05:37:56 4 0 152
05:38:26 4 0 152
05:38:57 4 0 151
05:39:27 4 0 152
05:39:57 4 0 152
05:40:27 4 0 152
05:40:57 4 0 152
05:41:27 4 0 152
05:41:58 4 0 152
05:42:28 4 0 152
05:42:58 4 0 152
05:43:28 4 0 152
05:43:58 4 0 152
05:44:28 4 0 152
05:44:59 4 0 152
05:45:29 4 0 152
05:45:59 4 0 152
05:46:29 4 0 155
05:46:59 4 0 152
05:47:29 4 0 152
05:48:00 4 0 152
05:48:30 4 0 152
05:49:00 4 0 152
05:49:30 4 0 152
05:50:00 4 0 159
05:50:30 4 0 151
05:51:01 4 0 152
05:51:31 4 0 152
05:52:01 4 0 152
05:52:31 4 0 152
05:53:01 4 0 152
05:53:31 4 0 152
05:54:02 4 0 152
05:54:32 4 0 152
05:55:02 4 0 152
05:55:32 4 0 151
05:56:03 4 0 152
05:56:33 4 0 152
05:57:03 4 0 152
05:57:33 4 0 152
05:58:03 4 0 152
05:58:33 4 0 161
05:59:04 4 0 151
05:59:34 4 0 152
06:00:04 4 0 152
06:00:34 4 0 152
06:01:04 4 0 152
06:01:34 4 0 153
06:02:05 4 0 152
06:02:35 4 0 152
06:03:05 4 0 153
06:03:35 4 0 152
06:04:06 4 0 152
06:04:36 4 0 152
06:05:06 4 0 152
06:05:36 4 0 151
06:06:06 4 0 151
06:06:37 4 0 154
06:07:07 4 0 151
06:07:37 4 0 152
06:08:07 4 0 152
06:08:37 4 0 152
06:09:08 4 0 151
06:09:38 4 0 152
06:10:08 4 0 152
06:10:38 4 0 152
06:11:08 4 0 152
06:11:38 4 0 151
06:12:09 4 0 151
06:12:39 4 0 151
06:13:09 4 0 151
06:13:39 4 0 152
06:14:09 4 0 151
06:14:39 4 0 160
06:15:10 4 0 152
06:15:40 4 0 151
06:16:10 4 0 152
06:16:40 4 0 154
06:17:10 4 0 151
06:17:40 4 0 152
06:18:11 4 0 152
06:18:41 4 0 180
06:19:11 4 0 151
06:19:41 4 0 152
06:20:11 4 0 152
06:20:42 4 0 152
06:21:12 4 0 152
06:21:42 4 0 152
06:22:12 4 0 152
06:22:42 4 0 153
06:23:13 4 0 151
06:23:43 4 0 151
06:24:13 4 0 151
06:24:43 4 0 152
06:25:13 4 0 152
06:25:43 4 0 152
06:26:14 4 0 151
06:26:44 4 0 152
06:27:14 4 0 151
06:27:44 4 0 152
06:28:14 4 0 153
06:28:44 4 0 168
06:29:15 4 0 152
06:29:45 4 0 154
06:30:15 4 0 152
06:30:45 4 0 152
06:31:15 4 0 152
06:31:45 4 0 154
06:32:16 4 0 152
06:32:46 4 0 151
06:33:16 4 0 151
06:33:46 4 0 152
06:34:16 4 0 151
06:34:46 4 0 151
06:35:17 4 0 152
06:35:47 4 0 152
06:36:17 4 0 152
06:36:47 4 0 152
06:37:17 4 0 152
06:37:47 4 0 152
06:38:18 4 0 152
06:38:48 4 0 152
06:39:18 4 0 152
06:39:48 4 0 152
06:40:18 4 0 152
06:40:48 4 0 152
06:41:19 4 0 152
06:41:49 4 0 152
06:42:19 4 0 152
06:42:49 4 0 152
06:43:19 4 0 152
06:43:49 4 0 152
06:44:20 4 0 152
06:44:50 4 0 152
06:45:20 4 0 152
06:45:50 4 0 152
06:46:20 4 0 152
06:46:51 4 0 192
06:47:21 4 0 152
06:47:51 4 0 152
06:48:21 4 0 152
06:48:51 4 0 152
06:49:21 4 0 152
06:49:51 4 0 152
06:50:22 4 0 152
06:50:52 4 0 152
06:51:22 4 0 152
06:51:52 4 0 152
06:52:22 4 0 152
06:52:53 4 0 183
06:53:23 4 0 151
06:53:53 4 0 152
06:54:23 4 0 152
06:54:53 4 0 152
06:55:23 4 0 152
06:55:53 4 0 152
06:56:24 4 0 152
06:56:54 4 0 152
06:57:24 4 0 152
06:57:54 4 0 152
06:58:24 4 0 153
06:58:54 4 0 152
06:59:25 4 0 152
06:59:55 4 0 153
07:00:25 4 0 152
07:00:55 4 0 152
07:01:25 4 0 152
07:01:55 4 0 152
07:02:26 4 0 151
07:02:56 4 0 152
07:03:26 4 0 152
07:03:56 4 0 152
07:04:26 4 0 152
07:04:56 4 0 152
07:05:27 4 0 152
07:05:57 4 0 152
07:06:27 4 0 152
07:06:57 4 0 152
07:07:27 4 0 152
07:07:57 4 0 152
07:08:28 4 0 152
07:08:58 4 0 151
07:09:28 4 0 153
07:09:58 4 0 152
07:10:28 4 0 152
07:10:58 4 0 154
07:11:29 4 0 152
07:11:59 4 0 152
07:12:29 4 0 154
07:12:59 4 0 152
07:13:29 4 0 170
07:13:59 4 0 151
07:14:30 4 0 152
07:15:00 4 0 151
07:15:30 4 0 151
07:16:00 4 0 153
07:16:31 4 0 152
07:17:01 4 0 152
07:17:31 4 0 152
07:18:01 4 0 151
07:18:31 4 0 151
07:19:01 4 0 151
07:19:31 4 0 152
07:20:01 4 0 152
07:20:32 4 0 152
07:21:02 4 0 151
07:21:32 4 0 152
07:22:02 4 0 154
07:22:32 4 0 152
07:23:03 4 0 152
07:23:33 4 0 152
07:24:03 4 0 152
07:24:33 4 0 152
07:25:03 4 0 152
07:25:34 4 0 152
07:26:04 4 0 154
07:26:35 4 0 152
07:27:05 4 0 152
07:27:35 4 0 152
07:28:05 4 0 152
07:28:36 4 0 152
07:29:06 4 0 152
07:29:36 4 0 151
07:30:06 4 0 152
07:30:36 4 0 152
07:31:07 4 0 152
07:31:37 4 0 152
07:32:07 4 0 151
07:32:37 4 0 152
07:33:07 4 0 152
07:33:37 4 0 152
07:34:08 4 0 152
07:34:38 4 0 152
07:35:08 4 0 152
07:35:38 4 0 151
07:36:08 4 0 152
07:36:38 4 0 152
07:37:09 4 0 152
07:37:39 4 0 152
07:38:09 4 0 152
07:38:39 4 0 169
07:39:09 4 0 152
07:39:39 4 0 163
07:40:10 4 0 152
07:40:40 4 0 152
07:41:10 4 0 152
07:41:40 4 0 152
07:42:10 4 0 161
07:42:40 4 0 152
07:43:11 4 0 152
07:43:41 4 0 152
07:44:11 4 0 152
07:44:41 4 0 152
07:45:11 4 0 152
07:45:41 4 0 152
07:46:12 4 0 151
07:46:42 4 0 151
07:47:12 4 0 152
07:47:42 4 0 152
07:48:12 4 0 152
07:48:42 4 0 152
07:49:12 4 0 152
07:49:43 4 0 152
07:50:13 4 0 152
07:50:43 4 0 152
07:51:13 4 0 181
07:51:43 4 0 152
07:52:13 4 0 152
07:52:44 4 0 183
07:53:14 4 0 152
07:53:44 4 0 152
07:54:14 4 0 152
07:54:44 4 0 152
07:55:14 4 0 152
07:55:44 4 0 152
07:56:15 4 0 152
07:56:45 4 0 152
07:57:15 4 0 152
07:57:45 4 0 152
07:58:15 4 0 152
07:58:45 4 0 152
07:59:16 4 0 152
07:59:46 4 0 152
08:00:16 4 0 152
08:00:46 4 0 152
08:01:16 4 0 152
08:01:46 4 0 152
08:02:17 4 0 152
08:02:47 4 0 152
08:03:17 4 0 151
08:03:47 4 0 152
08:04:17 4 0 152
08:04:47 4 0 152
08:05:18 4 0 152
08:05:48 4 0 152
08:06:18 4 0 152
08:06:48 4 0 152
08:07:18 4 0 153
08:07:48 4 0 152
08:08:18 4 0 152
08:08:48 4 0 152
08:09:19 4 0 152
08:09:49 4 0 152
08:10:19 4 0 152
08:10:49 4 0 151
08:11:19 4 0 152
08:11:49 4 0 152
08:12:20 4 0 152
08:12:50 4 0 156
08:13:20 4 0 152
08:13:50 4 0 159
08:14:20 4 0 151
08:14:50 4 0 152
08:15:21 4 0 151
08:15:51 4 0 152
08:16:21 4 0 152
08:16:51 4 0 152
08:17:21 4 0 152
08:17:51 4 0 152
08:18:22 4 0 152
08:18:52 4 0 152
08:19:22 4 0 152
08:19:52 4 0 152
08:20:22 4 0 152
08:20:52 4 0 152
08:21:23 4 0 152
08:21:53 4 0 152
08:22:23 4 0 154
08:22:53 4 0 152
08:23:24 4 0 179
08:23:54 4 0 152
08:24:24 4 0 152
08:24:54 4 0 152
08:25:24 4 0 153
08:25:54 4 0 152
08:26:25 4 0 152
08:26:55 4 0 176
08:27:25 4 0 151
08:27:55 4 0 152
08:28:25 4 0 151
08:28:55 4 0 152
08:29:26 4 0 152
08:29:56 4 0 152
08:30:26 4 0 152
08:30:56 4 0 152
08:31:26 4 0 172
08:31:56 4 0 152
08:32:27 4 0 152
08:32:58 3 1 212
08:33:27 4 0 152
08:33:57 4 0 152
08:34:27 4 0 152
08:34:57 4 0 152
08:35:28 4 0 152
08:35:58 4 0 152
08:36:28 4 0 152
08:36:58 4 0 151
08:37:28 4 0 152
08:37:58 4 0 152
08:38:29 4 0 152
08:38:59 4 0 152
08:39:29 4 0 152
08:39:59 4 0 152
08:40:29 4 0 152
08:40:59 4 0 152
08:41:30 4 0 152
08:42:00 4 0 152
08:42:30 4 0 152
08:43:01 4 0 154
08:43:31 4 0 152
08:44:01 4 0 152
08:44:32 4 0 152
08:45:02 4 0 152
08:45:32 4 0 152
08:46:02 4 0 151
08:46:33 4 0 152
08:47:03 4 0 152
08:47:33 4 0 152
08:48:03 4 0 152
08:48:33 4 0 152
08:49:03 4 0 152
08:49:33 4 0 152
08:50:03 4 0 152
08:50:34 4 0 152
08:51:04 4 0 152
08:51:34 4 0 152
08:52:04 4 0 152
08:52:35 4 0 189
08:53:05 4 0 152
08:53:35 4 0 151
08:54:06 3 1 152
08:54:35 4 0 152
08:55:05 4 0 152
08:55:36 4 0 152
08:56:06 4 0 153
08:56:37 4 0 152
08:57:07 4 0 152
08:57:37 4 0 152
08:58:07 4 0 152
08:58:38 4 0 152
08:59:08 4 0 151
08:59:39 4 0 152
09:00:09 4 0 152
09:00:39 4 0 152
09:01:09 4 0 152
09:01:39 4 0 152
09:02:09 4 0 152
09:02:40 4 0 161
09:03:10 4 0 199
09:03:40 4 0 152
09:04:10 4 0 152
09:04:40 4 0 152
09:05:10 4 0 152
09:05:40 4 0 152
09:06:10 4 0 152
09:06:41 4 0 152
09:07:11 4 0 152
09:07:41 4 0 154
09:08:11 4 0 152
09:08:41 4 0 152
09:09:11 4 0 154
09:09:41 4 0 152
09:10:11 4 0 152
09:10:42 4 0 152
09:11:12 4 0 152
09:11:42 4 0 152
09:12:12 4 0 151
09:12:42 4 0 152
09:13:12 4 0 152
09:13:42 4 0 154
09:14:12 4 0 152
09:14:43 4 0 152
09:15:13 4 0 152
09:15:43 4 0 152
09:16:13 4 0 152
09:16:43 4 0 152
09:17:13 4 0 152
09:17:43 4 0 152
09:18:14 4 0 152
09:18:44 4 0 152
09:19:14 4 0 152
09:19:44 4 0 152
09:20:14 4 0 152
09:20:45 4 0 152
09:21:15 4 0 153
09:21:45 4 0 152
09:22:15 4 0 152
09:22:45 4 0 152
09:23:15 4 0 152
09:23:45 4 0 152
09:24:15 4 0 152
09:24:46 4 0 152
09:25:16 4 0 152
09:25:46 4 0 152
09:26:16 4 0 152
09:26:46 4 0 152
09:27:16 4 0 177
09:27:46 4 0 152
09:28:17 4 0 152
09:28:47 4 0 152
09:29:17 4 0 152
09:29:47 4 0 155
09:30:17 4 0 152
09:30:47 4 0 152
09:31:17 4 0 152
09:31:48 4 0 152
09:32:18 4 0 152
09:32:48 4 0 152
09:33:18 4 0 152
09:33:48 4 0 152
09:34:18 4 0 152
09:34:49 4 0 152
09:35:19 4 0 152
09:35:49 4 0 152
09:36:19 4 0 152
09:36:49 4 0 152
09:37:19 4 0 187
09:37:50 4 0 153
09:38:20 4 0 152
09:38:50 4 0 151
09:39:20 4 0 152
09:39:51 4 0 152
09:40:21 4 0 152
09:40:51 4 0 152
09:41:21 4 0 152
09:41:51 4 0 152
09:42:21 4 0 151
09:42:52 4 0 152
09:43:22 4 0 152
09:43:52 4 0 152
09:44:22 4 0 152
09:44:52 4 0 152
09:45:22 4 0 152
09:45:52 4 0 152
09:46:22 4 0 164
09:46:53 4 0 152
09:47:23 4 0 152
09:47:53 4 0 152
09:48:23 4 0 152
09:48:53 4 0 152
09:49:23 4 0 152
09:49:54 3 1 154
09:50:23 4 0 154
09:50:53 4 0 162
09:51:24 4 0 152
09:51:55 4 0 153
09:52:25 4 0 152
09:52:55 4 0 152
09:53:25 4 0 152
09:53:55 4 0 153
09:54:25 4 0 151
09:54:55 4 0 152
09:55:25 4 0 155
09:55:55 4 0 152
09:56:26 4 0 152
09:56:56 4 0 152
09:57:26 4 0 152
09:57:56 4 0 154
09:58:26 4 0 152
09:58:56 4 0 154
09:59:26 4 0 162
09:59:56 4 0 152
10:00:27 4 0 156
10:00:57 4 0 152
10:01:27 4 0 152
10:01:57 4 0 152
10:02:27 4 0 152
10:02:57 4 0 167
10:03:27 4 0 152
10:03:57 4 0 152
10:04:27 4 0 152
10:04:58 4 0 152
10:05:28 4 0 151
10:05:58 4 0 152
10:06:28 4 0 152
10:06:58 4 0 153
10:07:28 4 0 153
10:07:58 4 0 152
10:08:28 4 0 152
10:08:59 4 0 151
10:09:29 4 0 152
10:09:59 4 0 153
10:10:29 4 0 152
10:10:59 4 0 152
10:11:29 4 0 151
10:12:00 4 0 191
10:12:30 3 1 206
10:13:00 4 0 201
10:13:30 4 0 199
10:14:00 4 0 181
10:14:30 4 0 199
10:15:00 4 0 194
10:15:30 4 0 182
10:16:02 3 1 190
10:16:31 4 0 178
10:17:01 4 0 180
10:17:31 4 0 188
10:18:02 3 1 179
10:18:32 3 1 176
10:19:02 4 0 196
10:19:32 4 0 195
10:20:02 4 0 193
10:20:33 3 1 193
10:21:03 4 0 189
10:21:33 4 0 191
10:22:04 3 1 194
10:22:33 4 0 187
10:23:04 4 0 195
10:23:35 3 1 182
10:24:05 4 0 196
10:24:35 4 0 152
10:25:05 4 0 152
10:25:35 4 0 153
10:26:06 4 0 152
10:26:37 4 0 152
10:27:07 4 0 152
10:27:38 4 0 152
10:28:08 4 0 152
10:28:38 4 0 152
10:29:08 4 0 153
10:29:38 4 0 152
10:30:08 4 0 152
10:30:38 4 0 152
10:31:09 4 0 152
10:31:39 4 0 152
10:32:09 4 0 155
10:32:39 4 0 151
10:33:09 4 0 152
10:33:39 4 0 152
10:34:09 4 0 152
10:34:39 4 0 152
10:35:10 4 0 151
10:35:40 4 0 152
10:36:10 4 0 152
10:36:40 4 0 152
10:37:10 4 0 152
10:37:40 4 0 152
10:38:11 4 0 152
10:38:41 4 0 152
10:39:12 4 0 152
10:39:42 4 0 152
10:40:12 4 0 177
10:40:42 4 0 152
10:41:13 4 0 152
10:41:43 4 0 152
10:42:13 4 0 151
10:42:43 4 0 152
10:43:15 2 2 152
10:43:43 4 0 152
10:44:14 3 1 152
10:44:44 4 0 152
10:45:14 4 0 152
10:45:44 4 0 152
10:46:14 4 0 152
10:46:44 4 0 152
10:47:15 4 0 152
10:47:45 4 0 166
10:48:15 4 0 152
10:48:45 4 0 152
10:49:15 4 0 153
10:49:45 4 0 152
10:50:16 4 0 152
10:50:46 4 0 152
10:51:16 4 0 152
10:51:46 4 0 152
10:52:16 4 0 152
10:52:47 3 1 152
10:53:17 4 0 152
10:53:47 4 0 152
10:54:17 4 0 191
10:54:47 4 0 152
10:55:18 4 0 152
10:55:48 4 0 152
10:56:18 4 0 153
10:56:49 4 0 152
10:57:19 4 0 151
10:57:49 4 0 152
10:58:19 4 0 152
10:58:50 4 0 152
10:59:20 4 0 163
10:59:50 4 0 152
11:00:21 4 0 152
11:00:51 4 0 152
11:01:21 4 0 152
11:01:51 4 0 152
11:02:21 4 0 154
11:02:51 4 0 152
11:03:21 4 0 152
11:03:52 4 0 152
11:04:22 4 0 152
11:04:52 4 0 152
11:05:22 4 0 151
11:05:52 4 0 152
11:06:22 4 0 153
11:06:53 4 0 154
11:07:23 4 0 153
11:07:53 4 0 152
11:08:23 4 0 154
11:08:53 4 0 151
11:09:24 3 1 152
11:09:54 4 0 152
11:10:24 4 0 152
11:10:54 4 0 152
11:11:24 4 0 152
11:11:54 4 0 152
11:12:25 4 0 152
11:12:55 4 0 152
11:13:25 4 0 153
11:13:55 4 0 154
11:14:25 4 0 153
11:14:56 4 0 152
11:15:26 4 0 159
11:15:56 4 0 152
11:16:27 4 0 152
11:16:57 4 0 152
11:17:27 4 0 152
11:17:57 4 0 152
11:18:28 4 0 152
11:18:58 4 0 152
11:19:28 4 0 152
11:19:59 3 1 157
11:20:28 4 0 167
11:20:58 4 0 152
11:21:29 4 0 155
11:21:59 4 0 152
11:22:29 4 0 152
11:22:59 4 0 152
11:23:29 4 0 152
11:23:59 4 0 154
11:24:29 4 0 157
11:24:59 4 0 152
11:25:30 4 0 152
11:26:00 4 0 152
11:26:31 3 1 152
11:27:00 4 0 155
11:27:31 3 1 155
11:28:00 4 0 152
11:28:30 4 0 152
11:29:00 4 0 152
11:29:31 4 0 152
11:30:01 4 0 152
11:30:31 4 0 152
11:31:01 4 0 151
11:31:31 4 0 152
11:32:01 4 0 152
11:32:31 4 0 152
11:33:02 3 1 152
11:33:32 4 0 152
11:34:02 4 0 152
11:34:32 4 0 176
11:35:02 4 0 152
11:35:32 4 0 152
11:36:02 4 0 152
11:36:33 4 0 152
11:37:04 4 0 159
11:37:34 4 0 152
11:38:04 4 0 152
11:38:35 4 0 152
11:39:05 4 0 152
11:39:35 4 0 152
11:40:05 4 0 152
11:40:35 4 0 152
11:41:05 4 0 152
11:41:35 4 0 152
11:42:05 4 0 152
11:42:36 4 0 152
11:43:06 3 1 154
11:43:36 4 0 152
11:44:06 4 0 152
11:44:37 4 0 152
11:45:07 4 0 152
11:45:37 4 0 152
11:46:08 4 0 152
11:46:38 4 0 152
11:47:08 4 0 152
11:47:38 4 0 186
11:48:08 4 0 152
11:48:39 4 0 163
11:49:09 4 0 152
11:49:40 4 0 152
11:50:10 4 0 152
11:50:43 0 4 -1
11:51:13 0 4 -1
11:51:40 4 0 152
11:52:11 4 0 152
11:52:42 3 1 154
11:53:11 4 0 151
11:53:41 4 0 152
11:54:11 4 0 151
11:54:41 4 0 152
11:55:11 4 0 152
11:55:41 4 0 152
11:56:12 4 0 152
11:56:42 3 1 156
11:57:12 4 0 152
11:57:42 4 0 152
11:58:12 4 0 152
11:58:42 4 0 152
11:59:12 4 0 152
11:59:43 4 0 167
12:00:13 4 0 152
12:00:43 4 0 152
12:01:13 4 0 152
12:01:43 4 0 152
12:02:13 4 0 152
12:02:44 4 0 152
12:03:14 4 0 152
12:03:44 4 0 152
12:04:14 4 0 181
12:04:44 4 0 152
12:05:14 4 0 152
12:05:44 4 0 152
12:06:15 4 0 152
12:06:45 4 0 152
12:07:15 4 0 152
12:07:46 4 0 152
12:08:16 4 0 152
12:08:46 4 0 152
12:09:16 4 0 152
12:09:46 4 0 152
12:10:17 4 0 152
12:10:47 4 0 152
12:11:17 4 0 154
12:11:47 4 0 152
12:12:17 4 0 152
12:12:47 4 0 152
12:13:17 4 0 152
12:13:48 4 0 152
12:14:18 4 0 152
12:14:48 4 0 152
12:15:18 4 0 152
12:15:49 4 0 152
12:16:19 4 0 152
12:16:49 4 0 152
12:17:19 4 0 152
12:17:50 4 0 152
12:18:20 4 0 152
12:18:51 4 0 152
12:19:22 3 1 152
12:19:51 4 0 152
12:20:21 4 0 152
12:20:51 4 0 152
12:21:21 4 0 152
12:21:51 4 0 152
12:22:21 4 0 152
12:22:52 4 0 152
12:23:22 4 0 152
12:23:52 4 0 152
12:24:22 4 0 152
12:24:52 4 0 152
12:25:22 4 0 152
12:25:52 4 0 154
12:26:22 4 0 152
12:26:53 4 0 152
12:27:23 4 0 154
12:27:53 4 0 153
12:28:23 4 0 152
12:28:55 2 2 160
12:29:24 4 0 152
12:29:54 4 0 152
12:30:24 4 0 152
12:30:54 4 0 152
12:31:24 4 0 152
12:31:54 4 0 152
12:32:24 4 0 152
12:32:54 4 0 153
12:33:24 4 0 154
12:33:55 4 0 152
12:34:25 4 0 152
12:34:55 4 0 152
12:35:25 4 0 152
12:35:55 4 0 152
12:36:25 4 0 152
12:36:55 4 0 152
12:37:25 4 0 152
12:37:56 4 0 152
12:38:26 4 0 152
12:38:56 4 0 152
12:39:26 4 0 152
12:39:56 4 0 152
12:40:26 4 0 153
12:40:56 4 0 152
12:41:26 4 0 152
12:41:57 4 0 152
12:42:27 4 0 152
12:42:57 4 0 152
12:43:27 4 0 152
12:43:57 4 0 152
12:44:27 4 0 152
12:44:57 4 0 152
12:45:27 4 0 151
12:45:57 4 0 152
12:46:27 4 0 180
12:46:57 4 0 152
12:47:27 4 0 152
12:47:58 4 0 152
12:48:28 4 0 152
12:48:58 4 0 157
12:49:28 4 0 152
12:49:59 4 0 152
12:50:29 4 0 152
12:50:59 4 0 152
12:51:29 4 0 179
12:52:00 4 0 152
12:52:30 4 0 152
12:53:00 4 0 152
12:53:30 4 0 169
12:54:00 4 0 152
12:54:30 4 0 178
12:55:00 4 0 152
12:55:30 4 0 152
12:56:01 4 0 152
12:56:31 4 0 152
12:57:01 4 0 153
12:57:31 4 0 152
12:58:01 4 0 152
12:58:31 4 0 152
12:59:01 4 0 152
12:59:31 4 0 152
13:00:02 4 0 154
13:00:32 4 0 155
13:01:02 4 0 152
13:01:32 4 0 152
13:02:02 4 0 152
13:02:32 4 0 152
13:03:02 4 0 152
13:03:32 4 0 152
13:04:03 4 0 152
13:04:33 4 0 158
13:05:03 4 0 152
13:05:33 4 0 152
13:06:04 3 1 165
13:06:33 4 0 154
13:07:03 4 0 152
13:07:33 4 0 152
13:08:03 4 0 152
13:08:33 4 0 152
13:09:04 4 0 182
13:09:34 4 0 154
13:10:04 4 0 152
13:10:34 4 0 152
13:11:04 4 0 152
13:11:34 4 0 152
13:12:04 4 0 152
13:12:34 4 0 155
13:13:04 4 0 152
13:13:34 4 0 153
13:14:05 4 0 154
13:14:35 4 0 152
13:15:05 4 0 152
13:15:35 4 0 154
13:16:05 4 0 152
13:16:35 4 0 152
13:17:05 4 0 152
13:17:35 4 0 152
13:18:05 4 0 153
13:18:35 4 0 152
13:19:06 4 0 152
13:19:36 4 0 153
13:20:06 4 0 152
13:20:36 4 0 154
13:21:06 4 0 152
13:21:36 4 0 152
13:22:07 4 0 153
13:22:37 4 0 155
13:23:07 4 0 154
13:23:37 4 0 154
13:24:07 4 0 152
13:24:37 4 0 152
13:25:07 4 0 152
13:25:41 0 4 -1
13:26:11 0 4 -1
13:26:38 4 0 152
13:27:08 4 0 152
13:27:38 4 0 154
13:28:08 4 0 163
13:28:38 4 0 153
13:29:08 4 0 152
13:29:39 4 0 166
13:30:09 4 0 153
13:30:40 3 1 158
13:31:09 4 0 152
13:31:39 4 0 153
13:32:09 4 0 152
13:32:39 4 0 168
13:33:09 4 0 155
13:33:40 4 0 154
13:34:10 4 0 152
13:34:40 4 0 153
13:35:10 4 0 154
13:35:40 4 0 152
13:36:11 4 0 152
13:36:41 4 0 151
13:37:11 4 0 154
13:37:41 4 0 152
13:38:11 4 0 152
13:38:41 4 0 152
13:39:11 4 0 152
13:39:41 4 0 152
13:40:12 4 0 152
13:40:42 4 0 152
13:41:12 4 0 152
13:41:42 4 0 152
13:42:12 4 0 176
13:42:42 4 0 181
13:43:13 4 0 152
13:43:43 4 0 152
13:44:13 4 0 152
13:44:43 4 0 152
13:45:14 4 0 151
13:45:44 4 0 152
13:46:14 4 0 152
13:46:44 4 0 177
13:47:15 4 0 151
13:47:45 4 0 153
13:48:15 4 0 152
13:48:45 4 0 152
13:49:16 4 0 152
13:49:46 4 0 152
13:50:16 4 0 158
13:50:46 4 0 152
13:51:16 4 0 155
13:51:46 4 0 155
13:52:17 4 0 152
13:52:47 4 0 155
13:53:17 4 0 154
13:53:47 4 0 152
13:54:17 4 0 152
13:54:47 4 0 152
13:55:17 4 0 154
13:55:47 4 0 159
13:56:17 4 0 157
13:56:48 4 0 152
13:57:18 4 0 152
13:57:48 4 0 152
13:58:18 4 0 153
13:58:48 4 0 154
13:59:18 4 0 152
13:59:48 4 0 151
14:00:18 4 0 152
14:00:49 3 1 157
14:01:19 4 0 152
14:01:49 4 0 152
14:02:19 4 0 157
14:02:49 4 0 153
14:03:19 4 0 154
14:03:49 4 0 152
14:04:19 4 0 152
14:04:49 4 0 156
14:05:20 4 0 154
14:05:50 4 0 152
14:06:20 4 0 157
14:06:50 4 0 157
14:07:20 4 0 152
14:07:50 4 0 152
14:08:21 4 0 152
14:08:51 4 0 157
14:09:21 4 0 153
14:09:51 4 0 152
14:10:21 4 0 152
14:10:51 4 0 155
14:11:22 4 0 152
14:11:52 4 0 152
14:12:22 4 0 152
14:12:52 4 0 157
14:13:22 4 0 153
14:13:52 4 0 152
14:14:23 4 0 154
14:14:53 4 0 159
14:15:23 4 0 152
14:15:53 4 0 155
14:16:23 4 0 154
14:16:53 4 0 154
14:17:24 4 0 155
14:17:54 4 0 155
14:18:24 4 0 152
14:18:54 4 0 155
14:19:24 4 0 155
14:19:54 4 0 155
14:20:24 4 0 152
14:20:54 4 0 152
14:21:25 4 0 185
14:21:54 4 0 152
14:22:25 4 0 152
14:22:55 4 0 152
14:23:25 4 0 152
14:23:55 4 0 154
14:24:25 4 0 158
14:24:56 4 0 152
14:25:26 4 0 152
14:25:56 4 0 154
14:26:27 4 0 152
14:26:57 4 0 153
14:27:27 4 0 152
14:27:57 4 0 152
14:28:27 4 0 153
14:28:57 4 0 152
14:29:28 4 0 152
14:29:58 4 0 152
14:30:28 4 0 154
14:30:58 4 0 152
14:31:28 4 0 152
14:31:58 4 0 153
14:32:30 3 1 154
14:32:59 4 0 152
14:33:29 4 0 152
14:33:59 4 0 155
14:34:29 4 0 154
14:34:59 4 0 152
14:35:30 4 0 152
14:36:00 4 0 153
14:36:30 4 0 166
14:37:01 4 0 152
14:37:31 4 0 152
14:38:02 4 0 152
14:38:32 4 0 152
14:39:02 4 0 197
14:39:32 4 0 152
14:40:03 4 0 152
14:40:33 4 0 152
14:41:03 4 0 159
14:41:33 4 0 152
14:42:04 4 0 151
14:42:34 4 0 152
14:43:04 4 0 152
14:43:34 4 0 152
14:44:04 4 0 154
14:44:35 3 1 152
14:45:05 4 0 152
14:45:35 4 0 154
14:46:05 4 0 153
14:46:35 4 0 152
14:47:06 4 0 152
14:47:36 4 0 152
14:48:06 4 0 152
14:48:36 4 0 153
14:49:06 4 0 152
14:49:36 4 0 152
14:50:06 4 0 152
14:50:37 4 0 152
14:51:07 4 0 152
14:51:38 3 1 152
14:52:07 4 0 162
14:52:38 4 0 152
14:53:08 4 0 153
14:53:38 4 0 152
14:54:08 4 0 152
14:54:38 4 0 152
14:55:08 4 0 152
14:55:38 4 0 152
14:56:08 4 0 152
14:56:39 4 0 154
14:57:09 4 0 153
14:57:39 4 0 152
14:58:09 4 0 152
14:58:39 4 0 153
14:59:09 4 0 152
14:59:39 4 0 152
15:00:09 4 0 154
15:00:40 4 0 154
15:01:10 4 0 152
15:01:40 4 0 154
15:02:10 4 0 152
15:02:40 4 0 152
15:03:11 3 1 153
15:03:40 4 0 155
15:04:10 4 0 166
15:04:40 4 0 152
15:05:12 2 2 155
15:05:41 4 0 153
15:06:11 4 0 152
15:06:41 4 0 154
15:07:11 4 0 152
15:07:41 4 0 152
15:08:12 3 1 152
15:08:41 4 0 154
15:09:11 4 0 152
15:09:41 4 0 152
15:10:11 4 0 152
15:10:42 4 0 152
15:11:12 4 0 152
15:11:42 4 0 153
15:12:12 4 0 152
15:12:42 4 0 154
15:13:12 4 0 153
15:13:42 4 0 153
15:14:13 4 0 152
15:14:43 4 0 152
15:15:13 4 0 152
15:15:43 4 0 151
15:16:13 4 0 152
15:16:43 4 0 152
15:17:13 4 0 152
15:17:44 4 0 152
15:18:14 4 0 152
15:18:44 4 0 152
15:19:14 4 0 152
15:19:44 4 0 152
15:20:14 4 0 154
15:20:44 4 0 152
15:21:14 4 0 152
15:21:44 4 0 152
15:22:15 4 0 154
15:22:45 4 0 152
15:23:15 4 0 152
15:23:45 4 0 152
15:24:15 4 0 158
15:24:45 4 0 152
15:25:15 4 0 152
15:25:45 4 0 152
15:26:15 4 0 152
15:26:45 4 0 155
15:27:16 4 0 153
15:27:46 4 0 155
15:28:16 4 0 152
15:28:46 4 0 152
15:29:16 4 0 154
15:29:46 4 0 152
15:30:16 4 0 152
15:30:46 4 0 152
15:31:16 4 0 152
15:31:47 4 0 154
15:32:18 3 1 152
15:32:47 4 0 152
15:33:17 4 0 152
15:33:47 4 0 152
15:34:17 4 0 152
15:34:48 4 0 152
15:35:18 4 0 152
15:35:48 4 0 152
15:36:18 4 0 152
15:36:48 4 0 152
15:37:19 3 1 152
15:37:48 4 0 152
15:38:18 4 0 152
15:38:49 4 0 152
15:39:19 4 0 152
15:39:49 4 0 152
15:40:19 4 0 152
15:40:49 4 0 164
15:41:19 4 0 152
15:41:49 4 0 154
15:42:19 4 0 152
15:42:49 4 0 153
15:43:19 4 0 152
15:43:50 4 0 152
15:44:20 4 0 154
15:44:50 4 0 152
15:45:20 4 0 152
15:45:50 4 0 152
15:46:20 4 0 153
15:46:51 4 0 152
15:47:21 4 0 153
15:47:51 4 0 152
15:48:21 4 0 154
15:48:51 4 0 152
15:49:21 4 0 152
15:49:51 4 0 152
15:50:21 4 0 152
15:50:51 4 0 152
15:51:21 4 0 152
15:51:52 4 0 152
15:52:22 4 0 152
15:52:52 4 0 155
15:53:22 4 0 154
15:53:52 4 0 152
15:54:22 4 0 152
15:54:53 4 0 159
15:55:23 4 0 152
15:55:53 4 0 159
15:56:23 4 0 152
15:56:54 3 1 152
15:57:23 4 0 153
15:57:53 4 0 152
15:58:23 4 0 152
15:58:53 4 0 152
15:59:23 4 0 152
15:59:54 4 0 152
16:00:24 4 0 184
16:00:54 4 0 151
16:01:24 4 0 154
16:01:54 4 0 152
16:02:24 4 0 152
16:02:54 4 0 153
16:03:24 4 0 152
16:03:55 4 0 154
16:04:25 4 0 152
16:04:55 4 0 153
16:05:25 4 0 152
16:05:55 4 0 156
16:06:25 4 0 152
16:06:55 4 0 152
16:07:25 4 0 152
16:07:55 4 0 152
16:08:25 4 0 152
16:08:56 4 0 192
16:09:26 4 0 152
16:09:56 4 0 152
16:10:26 4 0 152
16:10:56 4 0 152
16:11:26 4 0 154
16:11:57 4 0 184
16:12:27 3 1 152
16:12:57 4 0 152
16:13:27 4 0 152
16:13:58 3 1 152
16:14:28 3 1 152
16:14:57 4 0 152
16:15:27 4 0 151
16:15:57 4 0 152
16:16:27 4 0 152
16:16:58 4 0 173
16:17:29 3 1 473
16:17:58 4 0 151
16:18:28 4 0 152
16:18:58 4 0 152
16:19:28 4 0 201
16:19:58 4 0 153
16:20:28 4 0 197
16:20:58 4 0 152
16:21:28 4 0 165
16:21:59 4 0 152
16:22:29 4 0 152
16:22:59 4 0 152
16:23:29 4 0 153
16:23:59 4 0 152
16:24:29 4 0 152
16:24:59 4 0 152
16:25:29 4 0 152
16:26:00 4 0 152
16:26:30 4 0 152
16:27:00 4 0 152
16:27:30 4 0 152
16:28:00 4 0 152
16:28:30 4 0 152
16:29:00 4 0 152
16:29:30 4 0 152
16:30:00 4 0 152
16:30:30 4 0 153
16:31:02 2 2 152
16:31:31 4 0 153
16:32:01 4 0 153
16:32:31 4 0 152
16:33:01 4 0 152
16:33:32 4 0 152
16:34:02 4 0 152
16:34:32 4 0 154
16:35:02 4 0 152
16:35:32 4 0 166
16:36:02 4 0 154
16:36:32 4 0 152
16:37:03 4 0 152
16:37:33 4 0 152
16:38:04 3 1 156
16:38:33 4 0 166
16:39:03 4 0 152
16:39:33 4 0 151
16:40:03 4 0 152
16:40:34 4 0 152
16:41:04 4 0 152
16:41:34 4 0 154
16:42:04 4 0 153
16:42:34 4 0 152
16:43:04 4 0 152
16:43:34 4 0 152
16:44:04 4 0 152
16:44:34 4 0 153
16:45:07 2 2 487
16:45:36 3 1 479
16:46:05 4 0 152
16:46:35 4 0 152
16:47:05 4 0 152
16:47:35 4 0 152
16:48:05 4 0 152
16:48:35 4 0 152
16:49:07 3 1 564
16:49:38 2 2 567
16:50:05 4 0 152
16:50:36 4 0 152
16:51:06 4 0 152
16:51:36 4 0 152
16:52:06 4 0 152
16:52:36 4 0 152
16:53:06 4 0 152
16:53:37 4 0 153
16:54:07 4 0 152
16:54:37 4 0 153
16:55:07 4 0 152
16:55:37 4 0 167
16:56:07 4 0 155
16:56:37 4 0 154
16:57:08 4 0 168
16:57:38 4 0 152
16:58:08 4 0 153
16:58:38 4 0 153
16:59:08 4 0 154
16:59:38 4 0 154
17:00:08 4 0 153
17:00:38 4 0 154
17:01:11 1 3 572
17:01:40 3 1 481
17:02:09 4 0 152
17:02:39 4 0 152
17:03:10 3 1 155
17:03:40 4 0 182
17:04:10 4 0 155
17:04:41 3 1 154
17:05:10 4 0 154
17:05:40 4 0 153
17:06:10 4 0 153
17:06:41 3 1 153
17:07:10 4 0 152
17:07:41 3 1 154
17:08:12 3 1 166
17:08:41 4 0 154
17:09:12 3 1 153
17:09:41 4 0 154
17:10:11 4 0 153
17:10:41 4 0 152
17:11:11 4 0 154
17:11:41 4 0 154
17:12:12 4 0 152
17:12:42 4 0 157
17:13:12 4 0 199
17:13:42 4 0 152
17:14:12 4 0 152
17:14:42 4 0 152
17:15:12 4 0 152
17:15:42 4 0 152
17:16:12 4 0 152
17:16:42 4 0 152
17:17:13 4 0 158
17:17:43 4 0 152
17:18:13 4 0 154
17:18:43 4 0 155
17:19:13 4 0 155
17:19:43 4 0 158
17:20:14 3 1 153
17:20:43 4 0 152
17:21:14 4 0 152
17:21:44 4 0 152
17:22:14 4 0 153
17:22:44 4 0 152
17:23:14 4 0 152
17:23:44 4 0 154
17:24:14 4 0 152
17:24:44 4 0 153
17:25:15 4 0 152
17:25:46 3 1 154
17:26:15 4 0 156
17:26:45 4 0 155
17:27:16 4 0 155
17:27:46 4 0 152
17:28:16 4 0 152
17:28:46 4 0 153
17:29:16 4 0 155
17:29:47 3 1 157
17:30:16 4 0 152
17:30:47 3 1 154
17:31:17 4 0 152
17:31:47 4 0 152
17:32:17 4 0 152
17:32:47 4 0 154
17:33:17 4 0 152
17:33:47 4 0 172
17:34:17 4 0 152
17:34:47 4 0 152
17:35:18 4 0 152
17:35:48 4 0 152
17:36:18 4 0 152
17:36:48 4 0 152
17:37:18 4 0 152
17:37:48 4 0 152
17:38:19 4 0 152
17:38:49 4 0 152
17:39:19 4 0 152
17:39:49 4 0 152
17:40:19 4 0 152
17:40:49 4 0 152
17:41:20 4 0 152
17:41:50 4 0 152
17:42:20 4 0 152
17:42:50 4 0 152
17:43:21 4 0 153
17:43:51 4 0 152
17:44:21 4 0 152
17:44:51 4 0 152
17:45:21 4 0 152
17:45:51 4 0 152
17:46:22 4 0 153
17:46:52 4 0 153
17:47:22 4 0 152
17:47:52 4 0 152
17:48:22 4 0 152
17:48:52 4 0 152
17:49:23 4 0 154
17:49:53 4 0 152
17:50:23 4 0 155
17:50:54 3 1 157
17:51:23 4 0 154
17:51:53 4 0 153
17:52:23 4 0 152
17:52:54 4 0 197
17:53:24 4 0 153
17:53:54 4 0 152
17:54:24 4 0 154
17:54:54 4 0 154
17:55:24 4 0 153
17:55:54 4 0 153
17:56:24 4 0 152
17:56:54 4 0 155
17:57:25 4 0 152
17:57:55 4 0 152
17:58:25 4 0 152
17:58:55 4 0 152
17:59:25 4 0 152
17:59:55 4 0 152
18:00:25 4 0 152
18:00:55 4 0 153
18:01:26 4 0 152
18:01:56 4 0 152
18:02:26 4 0 153
18:02:56 4 0 152
18:03:27 4 0 152
18:03:57 4 0 152
18:04:27 4 0 152
18:04:57 4 0 154
18:05:28 4 0 152
18:05:58 4 0 152
18:06:28 4 0 152
18:06:58 4 0 163
18:07:28 4 0 152
18:07:58 4 0 152
18:08:28 4 0 157
18:08:58 4 0 152
18:09:29 4 0 152
18:09:59 4 0 152
18:10:29 4 0 152
18:10:59 4 0 152
18:11:29 4 0 152
18:11:59 4 0 152
18:12:29 4 0 152
18:13:00 4 0 152
18:13:30 4 0 152
18:14:00 4 0 154
18:14:30 4 0 152
18:15:00 4 0 152
18:15:30 4 0 152
18:16:00 4 0 152
18:16:30 4 0 152
18:17:01 4 0 152
18:17:31 4 0 152
18:18:01 4 0 155
18:18:31 4 0 152
18:19:01 4 0 153
18:19:31 4 0 152
18:20:01 4 0 152
18:20:31 4 0 152
18:21:02 4 0 152
18:21:32 4 0 152
18:22:02 4 0 154
18:22:32 4 0 152
18:23:04 3 1 154
18:23:33 4 0 152
18:24:03 4 0 153
18:24:34 4 0 152
18:25:04 4 0 152
18:25:34 4 0 153
18:26:04 4 0 152
18:26:34 4 0 152
18:27:04 4 0 177
18:27:35 4 0 152
18:28:05 4 0 152
18:28:35 4 0 152
18:29:05 4 0 178
18:29:35 4 0 152
18:30:05 4 0 152
18:30:36 4 0 152
18:31:06 4 0 154
18:31:37 3 1 152
18:32:08 3 1 394
18:32:39 2 2 486
18:33:06 4 0 152
18:33:37 4 0 152
18:34:07 4 0 151
18:34:38 4 0 152
18:35:08 4 0 152
18:35:38 4 0 152
18:36:08 4 0 152
18:36:38 4 0 152
18:37:08 4 0 152
18:37:38 4 0 151
18:38:08 4 0 154
18:38:39 4 0 152
18:39:09 4 0 152
18:39:39 4 0 152
18:40:09 4 0 152
18:40:39 4 0 152
18:41:09 4 0 152
18:41:39 4 0 163
18:42:09 4 0 152
18:42:40 4 0 152
18:43:12 3 1 570
18:43:42 3 1 480
18:44:10 4 0 152
18:44:40 4 0 152
18:45:10 4 0 152
18:45:40 4 0 152
18:46:10 4 0 152
18:46:40 4 0 152
18:47:11 4 0 153
18:47:41 4 0 152
18:48:12 4 0 476
18:48:42 4 0 476
18:49:11 4 0 152
18:49:41 4 0 152
18:50:11 4 0 152
18:50:41 4 0 152
18:51:11 4 0 152
18:51:42 4 0 152
18:52:12 4 0 152
18:52:42 4 0 152
18:53:12 4 0 152
18:53:43 4 0 152
18:54:13 4 0 152
18:54:43 4 0 152
18:55:13 4 0 152
18:55:44 4 0 152
18:56:14 4 0 154
18:56:44 4 0 152
18:57:14 4 0 152
18:57:44 4 0 152
18:58:14 4 0 152
18:58:44 4 0 151
18:59:14 4 0 152
18:59:44 4 0 152
19:00:14 4 0 152
19:00:45 4 0 152
19:01:15 4 0 152
19:01:45 4 0 152
19:02:15 4 0 152
19:02:45 4 0 152
19:03:15 4 0 152
19:03:45 4 0 152
19:04:15 4 0 152
19:04:46 4 0 152
19:05:16 4 0 153
19:05:46 4 0 152
19:06:16 4 0 152
19:06:46 4 0 152
19:07:16 4 0 152
19:07:46 4 0 152
19:08:16 4 0 152
19:08:46 4 0 152
19:09:16 4 0 152
19:09:47 4 0 152
19:10:17 4 0 152
19:10:47 4 0 152
19:11:17 4 0 152
19:11:47 4 0 152
19:12:17 4 0 151
19:12:47 4 0 153
19:13:18 3 1 155
19:13:48 4 0 152
19:14:18 4 0 155
19:14:48 4 0 158
19:15:18 4 0 152
19:15:48 4 0 154
19:16:18 4 0 152
19:16:48 4 0 154
19:17:18 4 0 152
19:17:48 4 0 152
19:18:19 4 0 152
19:18:49 4 0 154
19:19:19 4 0 155
19:19:49 4 0 155
19:20:19 4 0 152
19:20:49 4 0 152
19:21:19 4 0 152
19:21:49 4 0 151
19:22:19 4 0 152
19:22:50 4 0 152
19:23:20 4 0 152
19:23:50 4 0 152
19:24:20 4 0 152
19:24:50 4 0 152
19:25:20 4 0 152
19:25:50 4 0 152
19:26:20 4 0 152
19:26:50 4 0 153
19:27:20 4 0 152
19:27:51 4 0 152
19:28:21 4 0 152
19:28:51 4 0 152
19:29:21 4 0 152
19:29:51 4 0 152
19:30:21 4 0 152
19:30:51 4 0 200
19:31:21 4 0 152
19:31:51 4 0 152
19:32:21 4 0 152
19:32:52 4 0 152
19:33:22 4 0 152
19:33:52 4 0 152
19:34:22 4 0 151
19:34:53 4 0 155
19:35:23 4 0 152
19:35:53 4 0 152
19:36:23 4 0 152
19:36:53 4 0 152
19:37:24 3 1 152
19:37:53 4 0 152
19:38:23 4 0 155
19:38:53 4 0 152
19:39:24 4 0 152
19:39:54 4 0 152
19:40:24 4 0 154
19:40:54 4 0 152
19:41:24 4 0 152
19:41:54 4 0 152
19:42:24 4 0 152
19:42:54 4 0 152
19:43:24 4 0 152
19:43:55 4 0 153
19:44:25 4 0 152
19:44:55 4 0 154
19:45:25 4 0 152
19:45:55 4 0 152
19:46:25 4 0 152
19:46:55 4 0 153
19:47:26 3 1 153
19:47:55 4 0 152
19:48:25 4 0 154
19:48:56 4 0 152
19:49:26 4 0 152
19:49:56 4 0 152
19:50:26 4 0 152
19:50:56 4 0 152
19:51:26 4 0 152
19:51:56 4 0 152
19:52:26 4 0 181
19:52:56 4 0 155
19:53:26 4 0 152
19:53:57 4 0 153
19:54:27 4 0 152
19:54:57 4 0 153
19:55:27 4 0 155
19:55:57 4 0 154
19:56:27 4 0 152
19:56:57 4 0 152
19:57:27 4 0 152
19:57:58 4 0 152
19:58:28 4 0 153
19:58:58 4 0 152
19:59:28 4 0 152
19:59:58 4 0 152
20:00:28 4 0 151
20:00:58 4 0 152
20:01:28 4 0 154
20:01:59 4 0 185
20:02:28 4 0 152
20:02:59 4 0 153
20:03:29 4 0 152
20:03:59 4 0 152
20:04:29 4 0 152
20:04:59 4 0 152
20:05:29 4 0 152
20:05:59 4 0 152
20:06:29 4 0 152
20:06:59 4 0 156
20:07:29 4 0 156
20:08:00 4 0 155
20:08:30 4 0 155
20:09:00 4 0 154
20:09:30 4 0 152
20:10:00 4 0 152
20:10:30 4 0 153
20:11:00 4 0 152
20:11:30 4 0 154
20:12:00 4 0 152
20:12:30 4 0 152
20:13:01 4 0 152
20:13:31 4 0 153
20:14:01 4 0 155
20:14:31 4 0 152
20:15:01 4 0 153
20:15:31 4 0 152
20:16:01 4 0 155
20:16:31 4 0 154
20:17:01 4 0 153
20:17:33 3 1 152
20:18:02 4 0 155
20:18:32 4 0 152
20:19:02 4 0 152
20:19:32 4 0 152
20:20:02 4 0 152
20:20:32 4 0 152
20:21:02 4 0 152
20:21:32 4 0 152
20:22:03 4 0 152
20:22:33 4 0 156
20:23:03 4 0 152
20:23:33 4 0 152
20:24:04 3 1 158
20:24:33 4 0 154
20:25:03 4 0 154
20:25:33 4 0 153
20:26:04 4 0 152
20:26:34 4 0 152
20:27:04 4 0 152
20:27:34 4 0 152
20:28:04 4 0 153
20:28:34 4 0 152
20:29:04 4 0 170
20:29:34 4 0 156
20:30:05 4 0 154
20:30:35 3 1 154
20:31:05 4 0 152
20:31:35 4 0 152
20:32:05 4 0 153
20:32:35 4 0 153
20:33:05 4 0 152
20:33:35 4 0 152
20:34:05 4 0 152
20:34:35 4 0 153
20:35:06 4 0 152
20:35:36 4 0 152
20:36:06 4 0 153
20:36:36 4 0 153
20:37:06 4 0 152
20:37:36 4 0 152
20:38:06 4 0 152
20:38:36 4 0 152
20:39:06 4 0 152
20:39:36 4 0 153
20:40:07 4 0 152
20:40:37 4 0 152
20:41:07 4 0 152
20:41:37 4 0 152
20:42:07 4 0 152
20:42:37 4 0 156
20:43:07 4 0 152
20:43:37 4 0 153
20:44:07 4 0 152
20:44:37 4 0 153
20:45:08 4 0 156
20:45:39 2 2 155
20:46:08 4 0 154
20:46:38 4 0 152
20:47:08 4 0 152
20:47:38 4 0 154
20:48:08 4 0 152
20:48:39 3 1 155
20:49:09 4 0 182
20:49:39 4 0 152
20:50:09 4 0 152
20:50:39 4 0 154
20:51:09 4 0 154
20:51:39 4 0 155
20:52:10 3 1 154
20:52:39 4 0 154
20:53:09 4 0 162
20:53:39 4 0 152
20:54:10 4 0 152
20:54:40 4 0 152
20:55:10 4 0 152
20:55:40 4 0 152
20:56:10 4 0 152
20:56:40 4 0 153
20:57:10 4 0 152
20:57:40 4 0 152
20:58:10 4 0 152
20:58:40 4 0 152
20:59:11 4 0 152
20:59:41 4 0 152
21:00:11 4 0 152
21:00:41 4 0 152
21:01:11 4 0 152
21:01:41 4 0 152
21:02:11 4 0 152
21:02:41 4 0 152
21:03:11 4 0 153
21:03:42 4 0 153
21:04:12 4 0 154
21:04:42 4 0 157
21:05:12 4 0 152
21:05:42 4 0 174
21:06:12 4 0 152
21:06:42 4 0 152
21:07:13 4 0 152
21:07:43 4 0 152
21:08:13 4 0 152
21:08:43 4 0 152
21:09:14 4 0 152
21:09:44 4 0 153
21:10:14 4 0 155
21:10:44 4 0 152
21:11:14 4 0 153
21:11:44 4 0 182
21:12:14 4 0 152
21:12:44 4 0 153
21:13:14 4 0 152
21:13:44 4 0 152
21:14:15 4 0 151
21:14:45 4 0 152
21:15:15 4 0 152
21:15:45 4 0 152
21:16:15 4 0 154
21:16:45 4 0 152
21:17:15 4 0 158
21:17:45 4 0 152
21:18:16 4 0 153
21:18:46 4 0 152
21:19:16 4 0 155
21:19:47 3 1 157
21:20:16 4 0 156
21:20:46 4 0 154
21:21:17 4 0 152
21:21:47 4 0 153
21:22:17 4 0 153
21:22:47 3 1 152
21:23:17 4 0 155
21:23:47 4 0 157
21:24:17 4 0 152
21:24:47 4 0 155
21:25:17 4 0 152
21:25:47 4 0 155
21:26:18 4 0 154
21:26:48 4 0 154
21:27:19 4 0 152
21:27:49 4 0 152
21:28:19 4 0 154
21:28:50 3 1 155
21:29:19 4 0 157
21:29:49 4 0 152
21:30:19 4 0 152
21:30:49 4 0 152
21:31:20 4 0 152
21:31:51 3 1 155
21:32:20 4 0 152
21:32:50 4 0 154
21:33:20 4 0 152
21:33:50 4 0 152
21:34:20 4 0 152
21:34:50 4 0 152
21:35:21 4 0 152
21:35:51 4 0 157
21:36:21 4 0 153
21:36:51 4 0 155
21:37:21 4 0 157
21:37:51 4 0 154
21:38:21 4 0 152
21:38:51 4 0 153
21:39:21 4 0 152
21:39:51 4 0 154
21:40:22 4 0 154
21:40:52 4 0 154
21:41:22 4 0 152
21:41:52 4 0 152
21:42:22 4 0 152
21:42:52 4 0 169
21:43:22 4 0 152
21:43:52 4 0 155
21:44:23 4 0 153
21:44:53 4 0 152
21:45:23 4 0 152
21:45:53 4 0 153
21:46:24 3 1 155
21:46:53 4 0 155
21:47:23 4 0 152
21:47:53 4 0 152
21:48:24 4 0 154
21:48:54 4 0 152
21:49:24 4 0 152
21:49:54 4 0 154
21:50:24 4 0 154
21:50:54 4 0 152
21:51:24 4 0 153
21:51:54 4 0 152
21:52:25 4 0 153
21:52:55 4 0 152
21:53:25 4 0 152
21:53:55 4 0 154
21:54:25 4 0 154
21:54:55 4 0 152
21:55:25 4 0 152
21:55:55 4 0 152
21:56:25 4 0 152
21:56:55 4 0 152
21:57:26 4 0 153
21:57:56 4 0 152
21:58:26 4 0 154
21:58:56 4 0 152
21:59:26 4 0 153
21:59:56 4 0 152
22:00:26 4 0 152
22:00:56 4 0 152
22:01:27 4 0 154
22:01:57 4 0 152
22:02:27 4 0 155
22:02:58 3 1 155
22:03:27 4 0 152
22:03:57 4 0 152
22:04:27 4 0 154
22:04:58 4 0 153
22:05:28 4 0 152
22:05:58 4 0 152
22:06:28 4 0 153
22:06:59 4 0 152
22:07:29 4 0 152
22:07:59 4 0 152
22:08:29 4 0 154
22:08:59 4 0 152
22:09:30 4 0 153
22:10:00 4 0 152
22:10:30 4 0 152
22:11:00 4 0 153
22:11:30 4 0 152
22:12:00 4 0 152
22:12:30 4 0 152
22:13:01 4 0 152
22:13:31 4 0 152
22:14:01 4 0 152
22:14:31 4 0 152
22:15:01 4 0 152
22:15:31 4 0 152
22:16:01 4 0 152
22:16:31 4 0 152
22:17:01 4 0 152
22:17:32 4 0 152
22:18:02 4 0 152
22:18:32 4 0 152
22:19:02 4 0 152
22:19:32 4 0 189
22:20:02 4 0 152
22:20:32 4 0 152
22:21:02 4 0 154
22:21:33 4 0 152
22:22:04 3 1 154
22:22:33 4 0 153
22:23:03 4 0 152
22:23:33 4 0 152
22:24:03 4 0 152
22:24:33 4 0 152
22:25:03 4 0 154
22:25:34 4 0 152
22:26:04 4 0 152
22:26:34 4 0 152
22:27:04 4 0 153
22:27:34 4 0 152
22:28:04 4 0 152
22:28:34 4 0 152
22:29:04 4 0 159
22:29:35 4 0 152
22:30:05 4 0 189
22:30:35 4 0 152
22:31:05 4 0 153
22:31:35 4 0 154
22:32:05 4 0 152
22:32:35 4 0 152
22:33:05 4 0 152
22:33:36 4 0 152
22:34:06 4 0 152
22:34:36 4 0 152
22:35:06 4 0 152
22:35:36 4 0 151
22:36:06 4 0 152
22:36:36 4 0 153
22:37:06 4 0 154
22:37:37 4 0 153
22:38:07 4 0 152
22:38:37 4 0 152
22:39:08 3 1 155
22:39:37 4 0 186
22:40:07 4 0 152
22:40:38 4 0 154
22:41:08 4 0 152
22:41:38 4 0 152
22:42:09 3 1 155
22:42:38 4 0 155
22:43:08 4 0 152
22:43:38 4 0 154
22:44:08 4 0 152
22:44:39 4 0 152
22:45:09 4 0 156
22:45:39 4 0 153
22:46:09 4 0 155
22:46:39 4 0 155
22:47:09 4 0 153
22:47:39 4 0 154
22:48:09 4 0 153
22:48:40 4 0 153
22:49:10 4 0 152
22:49:40 4 0 154
22:50:10 4 0 152
22:50:40 4 0 154
22:51:10 4 0 153
22:51:40 4 0 154
22:52:10 4 0 152
22:52:41 4 0 152
22:53:11 4 0 152
22:53:41 4 0 153
22:54:11 4 0 153
22:54:41 4 0 154
22:55:11 4 0 152
22:55:41 4 0 152
22:56:11 4 0 154
22:56:42 4 0 153
22:57:12 4 0 152
22:57:42 4 0 152
22:58:12 4 0 152
22:58:42 4 0 152
22:59:12 4 0 152
22:59:43 4 0 152
23:00:13 4 0 152
23:00:43 4 0 152
23:01:13 4 0 154
23:01:43 4 0 152
23:02:13 4 0 152
23:02:43 4 0 152
23:03:13 4 0 152
23:03:44 4 0 152
23:04:14 4 0 151
23:04:44 4 0 151
23:05:14 4 0 152
23:05:44 4 0 152
23:06:14 4 0 152
23:06:44 4 0 152
23:07:14 4 0 152
23:07:45 4 0 152
23:08:15 4 0 154
23:08:45 4 0 153
23:09:15 4 0 153
23:09:45 4 0 189
23:10:15 4 0 152
23:10:45 4 0 152
23:11:16 4 0 194
23:11:46 4 0 152
23:12:16 4 0 154
23:12:46 4 0 152
23:13:16 4 0 153
23:13:46 4 0 154
23:14:16 4 0 152
23:14:46 4 0 152
23:15:16 4 0 152
23:15:46 4 0 152
23:16:17 4 0 152
23:16:47 4 0 155
23:17:17 4 0 152
23:17:48 3 1 154
23:18:17 4 0 157
23:18:47 4 0 152
23:19:17 4 0 152
23:19:48 4 0 152
23:20:18 4 0 152
23:20:48 4 0 152
23:21:18 4 0 152
23:21:48 4 0 164
23:22:18 4 0 152
23:22:48 4 0 152
23:23:18 4 0 152
23:23:49 4 0 152
23:24:19 4 0 155
23:24:49 4 0 152
23:25:19 4 0 152
23:25:49 4 0 152
23:26:19 4 0 152
23:26:50 4 0 153
23:27:20 4 0 169
23:27:50 4 0 154
23:28:20 4 0 153
23:28:50 4 0 152
23:29:20 4 0 153
23:29:50 4 0 154
23:30:20 4 0 154
23:30:51 4 0 156
23:31:21 4 0 152
23:31:51 4 0 152
23:32:21 4 0 152
23:32:51 4 0 157
23:33:21 4 0 152
23:33:51 4 0 155
23:34:21 4 0 152
23:34:52 4 0 152
23:35:22 4 0 152
23:35:52 4 0 152
23:36:22 4 0 154
23:36:52 4 0 154
23:37:22 4 0 157
23:37:53 3 1 152
23:38:22 4 0 152
23:38:53 4 0 152
23:39:23 4 0 152
23:39:53 4 0 152
23:40:23 4 0 153
23:40:53 4 0 153
23:41:23 4 0 153
23:41:54 4 0 155
23:42:24 4 0 152
23:42:54 4 0 153
23:43:24 4 0 152
23:43:55 4 0 161
23:44:25 4 0 152
23:44:55 4 0 152
23:45:25 4 0 152
23:45:55 4 0 152
23:46:25 4 0 152
23:46:56 4 0 152
23:47:26 4 0 152
23:47:56 4 0 155
23:48:26 4 0 155
23:48:57 4 0 154
23:49:27 4 0 154
23:49:58 4 0 153
23:50:28 4 0 152
23:50:58 4 0 152
23:51:28 4 0 152
23:51:59 4 0 152
23:52:29 4 0 152
23:53:00 4 0 152
23:53:30 4 0 152
23:54:00 4 0 152
23:54:31 4 0 152
23:55:01 4 0 152
23:55:32 4 0 152
23:56:03 4 0 152
23:56:33 4 0 152
23:57:03 4 0 152
23:57:34 4 0 152
23:58:04 4 0 152
23:58:34 4 0 152
23:59:05 4 0 152
23:59:36 4 0 152
