00:02:05 -1
02:00:08 -1
02:10:13 -1
02:20:08 -1
02:30:08 -1
02:40:10 -1
02:50:11 -1
03:00:11 -1
03:10:10 -1
03:20:11 -1
03:30:12 -1
03:40:12 -1
03:50:12 -1
04:00:13 -1
04:10:13 -1
04:20:13 -1
04:30:14 -1
04:40:14 -1
04:50:15 -1
05:00:15 -1
05:10:15 -1
05:20:16 -1
05:30:17 -1
05:40:17 -1
05:50:17 -1
06:00:18 -1
06:10:19 -1
06:20:19 -1
06:30:20 -1
06:40:20 -1
06:50:20 -1
07:00:21 -1
07:10:21 -1
07:20:22 -1
07:30:22 -1
07:40:22 -1
07:50:23 -1
08:00:23 -1
08:10:24 -1
08:20:24 -1
08:30:25 -1
08:40:25 -1
08:50:25 -1
09:00:26 -1
09:10:26 -1
09:20:27 -1
09:30:28 -1
09:40:29 -1
09:50:29 -1
10:00:29 -1
10:10:30 -1
10:20:31 -1
10:30:31 -1
10:40:32 -1
10:50:33 -1
11:00:33 -1
11:10:34 -1
11:20:34 -1
11:30:35 -1
11:40:35 -1
11:50:36 -1
12:00:37 -1
12:10:43 -1
12:20:38 -1
12:30:39 -1
12:40:39 -1
12:50:40 -1
13:00:41 -1
13:10:41 -1
13:20:41 -1
13:30:41 -1
13:40:41 -1
13:50:42 -1
14:00:42 -1
14:10:43 -1
14:20:44 -1
14:30:45 -1
14:40:45 -1
14:50:46 -1
15:00:47 -1
15:10:47 -1
15:20:48 -1
15:30:48 -1
15:40:49 -1
15:50:49 -1
16:00:50 -1
16:10:50 -1
16:20:50 -1
16:30:50 -1
16:40:51 -1
16:50:51 -1
17:00:52 -1
17:10:53 -1
17:20:53 -1
17:30:54 -1
17:40:54 -1
17:50:55 -1
18:00:55 -1
18:10:56 -1
18:20:56 -1
18:30:57 -1
18:40:57 -1
18:50:57 -1
19:00:58 -1
19:10:58 -1
19:20:58 -1
19:30:58 -1
19:40:59 -1
19:50:59 -1
20:00:59 -1
20:11:00 -1
20:21:00 -1
20:31:00 -1
20:41:02 -1
20:51:01 -1
21:01:02 -1
21:11:03 -1
21:21:03 -1
21:31:03 -1
21:41:04 -1
21:51:04 -1
22:01:04 -1
22:11:05 -1
22:21:05 -1
22:31:06 -1
22:41:06 -1
22:51:07 -1
23:01:08 -1
23:11:08 -1
23:21:09 -1
23:31:09 -1
23:41:10 -1
23:51:10 -1
