00:00:01 1
00:01:58 1
00:02:38 1
00:03:21 1
00:04:05 1
00:05:05 1
00:06:05 1
00:07:14 1
00:08:16 1
02:00:06 1
02:01:07 1
02:02:07 1
02:03:08 1
02:04:08 1
02:05:09 1
02:06:09 1
02:07:10 1
02:08:10 1
02:09:11 1
02:10:11 1
02:11:11 1
02:12:12 1
02:13:12 1
02:14:12 1
02:15:13 1
02:16:13 1
02:17:14 1
02:18:14 1
02:19:15 1
02:20:15 1
02:21:16 1
02:22:16 1
02:23:16 1
02:24:17 1
02:25:17 1
02:26:18 1
02:27:18 1
02:28:19 1
02:29:19 1
02:30:19 1
02:31:20 1
02:32:20 1
02:33:21 1
02:34:21 1
02:35:21 1
02:36:22 1
02:37:22 1
02:38:23 1
02:39:23 1
02:40:23 1
02:41:24 1
02:42:24 1
02:43:25 1
02:44:25 1
02:45:25 1
02:46:26 1
02:47:26 1
02:48:27 1
02:49:27 1
02:50:27 1
02:51:28 1
02:52:28 1
02:53:29 1
02:54:29 1
02:55:29 1
02:56:30 1
02:57:30 1
02:58:31 1
02:59:31 1
03:00:31 1
03:01:32 1
03:02:32 1
03:03:33 1
03:04:33 1
03:05:34 1
03:06:34 1
03:07:34 1
03:08:35 1
03:09:35 1
03:10:36 1
03:11:36 1
03:12:36 1
03:13:37 1
03:14:37 1
03:15:37 1
03:16:38 1
03:17:38 1
03:18:38 1
03:19:39 1
03:20:39 1
03:21:39 1
03:22:40 1
03:23:40 1
03:24:40 1
03:25:41 1
03:26:41 1
03:27:41 1
03:28:42 1
03:29:42 1
03:30:42 1
03:31:43 1
03:32:43 1
03:33:43 1
03:34:44 1
03:35:44 1
03:36:44 1
03:37:45 1
03:38:45 1
03:39:45 1
03:40:46 1
03:41:46 1
03:42:46 1
03:43:47 1
03:44:47 1
03:45:48 1
03:46:48 1
03:47:48 1
03:48:49 1
03:49:49 1
03:50:49 1
03:51:50 1
03:52:50 1
03:53:50 1
03:54:51 1
03:55:51 1
03:56:51 1
03:57:52 1
03:58:52 1
03:59:52 1
04:00:53 1
04:01:53 1
04:02:53 1
04:03:54 1
04:04:54 1
04:05:54 1
04:06:55 1
04:07:55 1
04:08:55 1
04:09:56 1
04:10:56 1
04:11:56 1
04:12:57 1
04:13:57 1
04:14:57 1
04:15:58 1
04:16:58 1
04:17:58 1
04:18:59 1
04:19:59 1
04:20:59 1
04:22:00 1
04:23:00 1
04:24:00 1
04:25:01 1
04:26:01 1
04:27:01 1
04:28:02 1
04:29:02 1
04:30:02 1
04:31:03 1
04:32:03 1
04:33:04 1
04:34:04 1
04:35:04 1
04:36:05 1
04:37:05 1
04:38:05 1
04:39:06 1
04:40:06 1
04:41:06 1
04:42:07 1
04:43:07 1
04:44:07 1
04:45:08 1
04:46:08 1
04:47:09 1
04:48:09 1
04:49:09 1
04:50:10 1
04:51:10 1
04:52:10 1
04:53:10 1
04:54:11 1
04:55:11 1
04:56:12 1
04:57:12 1
04:58:12 1
04:59:13 1
05:00:13 1
05:01:13 1
05:02:14 1
05:03:14 1
05:04:14 1
05:05:15 1
05:06:15 1
05:07:15 1
05:08:16 1
05:09:16 1
05:10:16 1
05:11:17 1
05:12:17 1
05:13:18 1
05:14:18 1
05:15:18 1
05:16:18 1
05:17:19 1
05:18:19 1
05:19:20 1
05:20:20 1
05:21:20 1
05:22:21 1
05:23:21 1
05:24:21 1
05:25:22 1
05:26:22 1
05:27:22 1
05:28:23 1
05:29:23 1
05:30:23 1
05:31:24 1
05:32:24 1
05:33:24 1
05:34:25 1
05:35:25 1
05:36:25 1
05:37:26 1
05:38:26 1
05:39:26 1
05:40:27 1
05:41:27 1
05:42:28 1
05:43:28 1
05:44:28 1
05:45:28 1
05:46:29 1
05:47:29 1
05:48:30 1
05:49:30 1
05:50:30 1
05:51:31 1
05:52:31 1
05:53:31 1
05:54:32 1
05:55:32 1
05:56:32 1
05:57:33 1
05:58:33 1
05:59:33 1
06:00:34 1
06:01:34 1
06:02:35 1
06:03:35 1
06:04:36 1
06:05:36 1
06:06:36 1
06:07:37 1
06:08:37 1
06:09:38 1
06:10:38 1
06:11:38 1
06:12:39 1
06:13:39 1
06:14:39 1
06:15:40 1
06:16:40 1
06:17:40 1
06:18:41 1
06:19:41 1
06:20:41 1
06:21:42 1
06:22:42 1
06:23:42 1
06:24:43 1
06:25:43 1
06:26:43 1
06:27:44 1
06:28:44 1
06:29:44 1
06:30:45 1
06:31:45 1
06:32:45 1
06:33:46 1
06:34:46 1
06:35:46 1
06:36:47 1
06:37:47 1
06:38:48 1
06:39:48 1
06:40:48 1
06:41:49 1
06:42:49 1
06:43:49 1
06:44:50 1
06:45:50 1
06:46:50 1
06:47:51 1
06:48:51 1
06:49:51 1
06:50:52 1
06:51:52 1
06:52:52 1
06:53:53 1
06:54:53 1
06:55:53 1
06:56:53 1
06:57:54 1
06:58:54 1
06:59:54 1
07:00:55 1
07:01:55 1
07:02:56 1
07:03:56 1
07:04:56 1
07:05:57 1
07:06:57 1
07:07:57 1
07:08:58 1
07:09:58 1
07:10:58 1
07:11:59 1
07:12:59 1
07:13:59 1
07:15:00 1
07:16:00 1
07:17:00 1
07:18:01 1
07:19:01 1
07:20:01 1
07:21:02 1
07:22:02 1
07:23:02 1
07:24:03 1
07:25:03 1
07:26:04 1
07:27:04 1
07:28:04 1
07:29:04 1
07:30:05 1
07:31:05 1
07:32:06 1
07:33:06 1
07:34:06 1
07:35:06 1
07:36:07 1
07:37:07 1
07:38:08 1
07:39:08 1
07:40:08 1
07:41:09 1
07:42:09 1
07:43:09 1
07:44:09 1
07:45:10 1
07:46:10 1
07:47:10 1
07:48:11 1
07:49:11 1
07:50:11 1
07:51:12 1
07:52:12 1
07:53:12 1
07:54:13 1
07:55:13 1
07:56:13 1
07:57:14 1
07:58:14 1
07:59:14 1
08:00:15 1
08:01:15 1
08:02:15 1
08:03:15 1
08:04:16 1
08:05:16 1
08:06:16 1
08:07:17 1
08:08:17 1
08:09:17 1
08:10:17 1
08:11:18 1
08:12:18 1
08:13:19 1
08:14:19 1
08:15:19 1
08:16:19 1
08:17:20 1
08:18:20 1
08:19:20 1
08:20:21 1
08:21:21 1
08:22:22 1
08:23:22 1
08:24:23 1
08:25:23 1
08:26:23 1
08:27:24 1
08:28:24 1
08:29:24 1
08:30:25 1
08:31:25 1
08:32:25 1
08:33:26 1
08:34:26 1
08:35:26 1
08:36:26 1
08:37:27 1
08:38:27 1
08:39:27 1
08:40:28 1
08:41:28 1
08:42:29 1
08:43:29 1
08:44:29 1
08:45:30 1
08:46:30 1
08:47:30 1
08:48:31 1
08:49:31 1
08:50:31 1
08:51:32 1
08:52:32 1
08:53:32 1
08:54:33 1
08:55:34 1
08:56:35 1
08:57:35 1
08:58:36 1
08:59:36 1
09:00:37 1
09:01:37 1
09:02:37 1
09:03:37 1
09:04:38 1
09:05:38 1
09:06:38 1
09:07:38 1
09:08:39 1
09:09:39 1
09:10:39 1
09:11:39 1
09:12:40 1
09:13:41 1
09:14:40 1
09:15:40 1
09:16:41 1
09:17:41 1
09:18:42 1
09:19:42 1
09:20:42 1
09:21:42 1
09:22:44 1
09:23:43 1
09:24:45 1
09:25:44 1
09:26:44 1
09:27:44 1
09:28:44 1
09:29:46 1
09:30:45 1
09:31:45 1
09:32:46 1
09:33:46 1
09:34:50 1
09:35:47 1
09:36:47 1
09:37:47 1
09:38:51 1
09:39:49 1
09:40:50 1
09:41:49 1
09:42:51 1
09:43:49 1
09:44:51 1
09:45:50 1
09:46:50 1
09:47:50 1
09:48:50 1
09:49:51 1
09:50:51 1
09:51:53 1
09:52:51 1
09:53:52 1
09:54:53 1
09:55:52 1
09:56:52 1
09:57:53 1
09:58:53 1
09:59:56 1
10:00:54 1
10:01:54 1
10:03:01 1
10:03:54 1
10:04:57 1
10:06:36 1
10:06:55 1
10:07:55 1
10:08:58 1
10:09:57 1
10:10:56 1
10:11:56 1
10:12:57 1
10:13:57 1
10:15:00 1
10:15:57 1
10:16:57 1
10:17:58 1
10:18:58 1
10:20:00 1
10:20:58 1
10:21:59 1
10:23:00 1
10:24:01 1
10:25:03 1
10:26:01 1
10:27:02 1
10:28:02 1
10:29:03 1
10:30:04 1
10:31:03 1
10:32:04 1
10:33:04 1
10:34:04 1
10:35:05 1
10:36:05 1
10:37:05 1
10:38:06 1
10:39:06 1
10:40:09 1
10:41:07 1
10:42:08 1
10:43:26 1
10:44:08 1
10:45:09 1
10:46:09 1
10:47:12 1
10:48:09 1
10:49:12 1
10:50:10 1
10:51:11 1
10:52:14 1
10:53:11 1
10:54:40 1
10:55:43 1
10:56:13 1
10:57:13 1
10:58:15 1
10:59:15 1
11:00:17 1
11:01:21 1
11:02:16 1
11:03:21 1
11:04:16 1
11:05:19 1
11:06:17 1
11:07:18 1
11:08:18 1
11:09:20 1
11:10:20 1
11:11:19 1
11:12:20 1
11:13:21 1
11:14:27 1
11:15:24 1
11:16:22 1
11:17:23 1
11:18:23 1
11:19:27 1
11:20:24 1
11:21:26 1
11:22:26 1
11:23:25 -1
11:24:25 1
11:25:26 1
11:26:25 1
11:27:26 1
11:28:27 1
11:29:26 1
11:30:28 1
11:31:27 1
11:32:29 1
11:33:48 1
11:34:37 1
11:35:28 1
11:36:30 1
11:37:30 1
11:38:30 1
11:39:34 1
11:40:32 1
11:41:31 1
11:42:31 1
11:43:40 1
11:44:33 1
11:45:40 1
11:46:34 1
11:47:34 1
11:48:34 1
11:49:37 1
11:50:35 1
11:51:36 1
11:52:40 1
11:53:37 1
11:54:38 1
11:55:40 1
11:56:38 1
11:57:39 1
11:58:39 1
11:59:39 1
12:00:41 1
12:01:40 1
12:02:40 1
12:03:46 1
12:04:41 1
12:05:43 1
12:06:42 1
12:07:42 1
12:08:45 1
12:09:45 1
12:10:43 1
12:11:46 1
12:12:44 1
12:13:45 1
12:14:48 1
12:15:47 1
12:16:46 1
12:17:47 1
12:18:48 1
12:19:48 1
12:20:48 1
12:21:48 1
12:22:48 1
12:24:00 1
12:24:49 1
12:25:50 1
12:26:49 1
12:27:50 1
12:28:50 1
12:29:52 1
12:30:52 1
12:31:51 1
12:32:51 1
12:33:52 1
12:34:51 1
12:35:53 1
12:36:52 1
12:37:52 1
12:38:53 1
12:39:53 1
12:40:54 1
12:41:53 1
12:42:54 1
12:43:54 1
12:44:54 1
12:45:55 1
12:46:55 1
12:47:58 1
12:48:57 1
12:50:05 1
12:51:11 1
12:52:03 1
12:53:07 1
12:53:57 1
12:54:58 1
12:56:10 1
12:57:00 1
12:57:58 1
12:58:59 1
13:00:31 1
13:01:00 1
13:02:07 1
13:02:59 1
13:04:06 1
13:04:59 1
13:06:00 1
13:07:23 1
13:08:35 1
13:09:02 1
13:10:02 1
13:11:02 1
13:12:01 1
13:13:04 1
13:14:01 1
13:15:18 1
13:16:03 1
13:17:02 1
13:18:02 1
13:19:03 1
13:20:02 1
13:21:03 1
13:22:03 1
13:23:04 1
13:24:25 1
13:25:05 1
13:26:04 1
13:27:05 1
13:28:06 1
13:29:05 1
13:30:05 1
13:31:09 1
13:32:06 1
13:33:07 1
13:34:07 1
13:35:09 1
13:36:21 1
13:37:14 1
13:38:08 1
13:39:16 1
13:40:10 1
13:41:11 1
13:42:09 1
13:43:10 1
13:44:10 1
13:45:10 1
13:46:12 1
13:47:11 1
13:48:11 1
13:49:11 1
13:50:13 1
13:51:17 1
13:52:13 1
13:53:14 1
13:54:14 1
13:55:28 1
13:56:14 1
13:57:22 1
13:58:22 1
13:59:15 1
14:00:14 1
14:01:15 1
14:02:17 1
14:03:16 1
14:04:19 1
14:05:15 1
14:06:22 1
14:07:16 1
14:08:17 1
14:09:19 1
14:10:19 1
14:11:33 1
14:12:19 1
14:13:23 1
14:14:20 1
14:15:39 -1
14:16:27 1
14:17:26 1
14:18:19 1
14:19:25 1
14:20:22 1
14:21:22 1
14:22:20 1
14:23:21 1
14:24:21 1
14:25:21 1
14:26:23 1
14:27:22 1
14:28:22 1
14:29:22 1
14:30:22 1
14:31:23 1
14:32:35 1
14:33:31 1
14:34:25 1
14:35:27 1
14:36:26 1
14:37:25 1
14:38:26 1
14:39:26 1
14:40:41 1
14:41:33 1
14:42:28 1
14:43:28 1
14:44:29 1
14:45:30 1
14:46:30 1
14:47:32 1
14:48:31 1
14:49:42 1
14:50:31 1
14:51:32 1
14:52:34 1
14:53:40 1
14:54:41 1
14:55:34 1
14:56:35 1
14:57:35 1
14:58:35 1
14:59:35 1
15:00:35 1
15:01:35 1
15:02:37 1
15:03:36 1
15:04:39 1
15:05:38 1
15:06:37 1
15:07:40 1
15:08:47 1
15:09:39 1
15:10:37 1
15:11:37 1
15:12:39 1
15:13:38 1
15:14:38 1
15:15:41 1
15:16:48 1
15:17:39 1
15:18:39 1
15:19:40 1
15:20:40 1
15:21:40 1
15:22:40 -1
15:23:42 1
15:24:41 1
15:25:41 1
15:26:48 1
15:27:42 1
15:28:41 1
15:29:42 1
15:30:42 1
15:31:43 1
15:32:44 1
15:33:43 1
15:34:43 1
15:35:43 1
15:36:45 1
15:37:45 1
15:38:44 1
15:39:44 1
15:40:44 1
15:41:45 1
15:42:46 1
15:43:45 1
15:44:45 1
15:45:46 1
15:46:46 1
15:47:46 1
15:48:47 1
15:49:47 1
15:50:47 1
15:52:31 1
15:52:49 1
15:53:48 1
15:54:50 1
15:55:48 1
15:57:02 1
15:57:52 1
15:58:49 1
15:59:49 1
16:00:51 1
16:01:50 1
16:02:51 1
16:03:50 1
16:04:57 1
16:05:51 1
16:06:56 1
16:07:53 1
16:08:51 -1
16:10:14 1
16:11:29 1
16:11:57 1
16:12:52 1
16:13:53 1
16:14:55 1
16:16:01 1
16:16:53 1
16:17:56 1
16:18:54 1
16:19:54 1
16:20:54 1
16:22:07 1
16:22:59 1
16:23:55 1
16:24:59 1
16:25:55 1
16:27:12 1
16:27:57 1
16:28:56 1
16:29:56 1
16:31:07 1
16:31:57 1
16:32:58 1
16:33:58 1
16:34:59 1
16:35:58 1
16:37:13 1
16:38:02 1
16:39:02 1
16:39:59 1
16:41:13 1
16:42:00 1
16:43:01 1
16:44:00 1
16:45:00 1
16:46:01 1
16:47:00 1
16:48:01 1
16:49:01 1
16:50:01 1
16:51:03 1
16:52:01 1
16:53:03 1
16:54:03 1
16:55:05 1
16:56:03 1
16:57:04 1
16:58:03 1
16:59:04 1
17:00:04 1
17:01:04 1
17:02:04 1
17:03:05 1
17:04:20 1
17:05:12 1
17:06:06 1
17:07:06 1
17:08:07 1
17:09:07 1
17:10:07 1
17:11:22 1
17:12:07 1
17:13:10 1
17:14:16 1
17:15:08 1
17:16:12 1
17:18:22 1
17:18:24 1
17:19:24 1
17:20:24 1
17:21:23 1
17:22:24 1
17:23:26 1
17:24:24 1
17:25:25 1
17:27:16 1
17:27:25 1
17:28:27 1
17:29:26 1
17:30:26 1
17:31:26 1
17:32:27 1
17:33:28 1
17:34:27 1
17:35:28 1
17:36:28 1
17:37:28 1
17:38:28 1
17:39:29 1
17:40:30 1
17:41:31 1
17:42:30 1
17:43:32 1
17:44:52 1
17:45:31 1
17:46:32 1
17:47:32 1
17:48:34 1
17:49:32 1
17:50:42 1
17:51:33 1
17:52:57 1
17:53:35 1
17:55:28 1
17:55:38 1
17:56:37 1
17:57:47 1
17:59:42 1
17:59:42 1
18:00:43 1
18:02:17 1
18:02:43 1
18:03:47 1
18:04:44 1
18:05:47 1
18:06:48 1
18:07:45 1
18:08:54 1
18:09:47 1
18:10:47 1
18:11:46 1
18:12:46 1
18:13:46 1
18:14:47 1
18:15:51 1
18:16:47 1
18:17:48 1
18:18:48 1
18:19:50 1
18:21:01 1
18:21:49 1
18:22:48 1
18:24:00 1
18:24:52 1
18:25:50 1
18:27:03 1
18:27:51 1
18:28:51 1
18:29:52 1
18:31:36 1
18:31:52 1
18:32:52 1
18:33:52 1
18:34:53 1
18:35:58 1
18:36:57 1
18:37:53 1
18:38:54 1
18:39:53 1
18:40:55 1
18:41:54 1
18:42:54 1
18:43:55 1
18:44:56 1
18:45:55 1
18:46:59 1
18:47:55 1
18:48:56 1
18:49:58 1
18:51:15 1
18:51:56 1
18:52:57 1
18:53:57 1
18:55:02 1
18:56:01 1
18:56:58 1
18:57:58 1
18:59:19 -1
19:00:00 1
19:00:58 1
19:01:59 1
19:02:59 1
19:03:59 1
19:04:59 1
19:06:06 1
19:07:00 1
19:08:00 1
19:09:00 1
19:10:02 1
19:11:04 1
19:12:01 1
19:13:01 1
19:14:01 1
19:15:02 1
19:16:07 1
19:17:20 1
19:18:02 1
19:19:03 1
19:20:03 1
19:21:05 1
19:22:03 1
19:23:50 1
19:24:03 1
19:25:04 1
19:26:14 1
19:27:04 1
19:28:04 1
19:29:04 1
19:30:05 1
19:31:06 1
19:32:56 1
19:33:06 1
19:34:42 1
19:35:06 1
19:36:09 1
19:37:08 1
19:38:08 1
19:39:37 1
19:40:07 1
19:41:08 1
19:42:09 1
19:43:08 1
19:44:08 1
19:45:09 1
19:46:09 1
19:47:11 1
19:48:09 1
19:49:10 1
19:50:17 1
19:51:10 1
19:52:11 1
19:53:12 1
19:54:10 1
19:55:28 1
19:56:23 1
19:57:14 1
19:58:14 1
19:59:12 1
20:00:12 1
20:01:12 1
20:02:13 1
20:03:12 1
20:04:14 1
20:05:13 1
20:06:16 1
20:07:16 1
20:08:13 1
20:09:19 1
20:10:14 1
20:11:57 1
20:12:15 1
20:13:14 1
20:14:23 1
20:15:15 1
20:16:17 1
20:17:16 1
20:18:15 1
20:19:16 1
20:20:16 1
20:21:20 1
20:22:17 1
20:23:17 1
20:24:17 1
20:25:17 1
20:26:17 1
20:27:18 1
20:28:18 1
20:29:21 1
20:30:19 1
20:31:18 1
20:32:27 1
20:33:19 1
20:34:19 1
20:36:05 1
20:36:47 1
20:37:20 1
20:38:23 1
20:39:23 1
20:40:21 1
20:41:53 1
20:42:21 1
20:43:23 1
20:44:21 1
20:45:21 1
20:46:22 1
20:47:30 1
20:48:24 1
20:49:55 1
20:50:23 1
20:51:23 1
20:52:27 1
20:53:23 1
20:54:24 1
20:55:23 1
20:56:26 1
20:57:24 1
20:58:25 1
20:59:26 1
21:00:24 1
21:01:25 1
21:02:25 1
21:03:25 1
21:04:26 1
21:05:26 1
21:07:13 1
21:07:27 1
21:08:27 1
21:09:48 1
21:10:28 1
21:11:30 1
21:12:28 1
21:13:28 1
21:14:30 1
21:15:29 1
21:16:33 1
21:18:23 1
21:18:30 1
21:19:32 1
21:20:30 1
21:21:31 1
21:22:30 1
21:24:14 1
21:24:32 1
21:25:31 1
21:26:32 1
21:27:32 1
21:28:33 1
21:29:33 1
21:30:33 1
21:31:34 1
21:32:36 1
21:33:34 1
21:34:34 1
21:35:34 1
21:36:34 1
21:37:35 1
21:38:35 1
21:42:15 1
21:42:18 1
21:43:16 1
21:44:17 1
21:45:16 1
21:46:17 1
21:47:17 1
21:48:17 1
21:49:18 1
21:50:18 1
21:51:19 1
21:52:35 1
21:53:18 1
21:54:21 1
21:55:23 1
21:56:21 1
21:57:54 1
21:58:20 1
21:59:20 1
22:00:49 1
22:01:21 1
22:02:21 1
22:03:21 1
22:04:21 1
22:05:21 1
22:06:24 1
22:07:27 1
22:09:44 1
22:09:44 1
22:10:46 1
22:11:53 1
22:13:56 1
22:13:56 1
22:14:57 1
22:15:57 1
22:17:00 1
22:17:57 1
22:18:58 1
22:20:03 1
22:20:58 1
22:23:01 1
22:23:01 1
22:24:02 1
22:25:02 1
22:26:20 1
22:27:03 1
22:28:04 1
22:29:03 1
22:30:03 1
22:32:35 1
22:32:35 1
22:33:36 1
22:34:45 1
22:35:36 1
22:36:36 1
22:37:36 1
22:38:38 1
22:39:37 1
22:40:37 1
22:41:56 1
22:42:40 1
22:43:40 1
22:44:39 1
22:45:55 1
22:46:39 1
22:47:39 1
22:48:41 1
22:49:40 1
22:50:40 1
22:51:40 1
22:52:40 1
22:53:41 1
22:54:41 1
22:55:41 1
22:56:41 1
22:57:43 1
22:58:43 1
22:59:42 1
23:00:42 1
23:01:43 1
23:02:53 1
23:03:43 1
23:04:43 1
23:05:44 1
23:06:44 1
23:07:48 1
23:08:46 1
23:09:45 1
23:10:46 1
23:11:46 1
23:12:45 1
23:13:47 1
23:14:46 1
23:15:46 1
23:16:48 1
23:17:47 1
23:18:47 1
23:19:51 1
23:20:48 1
23:21:48 1
23:22:48 1
23:23:49 1
23:24:49 1
23:25:49 1
23:26:50 1
23:27:49 1
23:28:50 1
23:30:05 1
23:30:50 1
23:32:06 1
23:32:53 1
23:33:51 1
23:34:53 1
23:35:55 1
23:36:52 1
23:37:52 1
23:38:52 1
23:39:53 1
23:40:53 1
23:41:53 1
23:42:54 1
23:43:58 1
23:44:55 1
23:45:56 1
23:46:55 1
23:47:56 1
23:48:57 1
23:49:59 1
23:50:58 1
23:51:59 1
23:52:59 1
23:54:00 1
23:55:01 1
23:56:03 1
23:57:10 1
23:58:05 1
23:59:03 1
