00:00:35 4 0 28
00:00:41 4 0 27
00:01:53 4 0 27
00:02:18 4 0 26
00:02:38 4 0 28
00:03:03 4 0 29
00:03:26 4 0 27
00:03:58 4 0 26
00:04:29 4 0 27
00:05:00 4 0 27
00:05:32 4 0 27
00:06:02 4 0 27
00:06:33 4 0 27
00:07:14 4 0 27
00:07:46 4 0 27
00:08:20 4 0 27
02:00:06 4 0 27
02:00:37 4 0 27
02:01:07 4 0 27
02:01:37 4 0 27
02:02:07 4 0 28
02:02:37 4 0 33
02:03:08 4 0 33
02:03:38 4 0 32
02:04:08 4 0 27
02:04:38 4 0 26
02:05:09 4 0 27
02:05:39 4 0 27
02:06:09 4 0 27
02:06:39 4 0 27
02:07:10 4 0 27
02:07:40 4 0 27
02:08:10 4 0 27
02:08:40 4 0 26
02:09:10 4 0 27
02:09:40 4 0 27
02:10:11 4 0 28
02:10:41 4 0 28
02:11:11 4 0 26
02:11:41 4 0 28
02:12:12 4 0 28
02:12:42 4 0 27
02:13:12 4 0 27
02:13:42 4 0 27
02:14:12 4 0 27
02:14:42 4 0 27
02:15:13 4 0 26
02:15:43 4 0 27
02:16:13 4 0 27
02:16:43 4 0 28
02:17:14 4 0 26
02:17:44 4 0 26
02:18:14 4 0 27
02:18:44 4 0 27
02:19:15 4 0 27
02:19:45 4 0 27
02:20:15 4 0 28
02:20:45 4 0 27
02:21:16 4 0 27
02:21:46 4 0 28
02:22:16 4 0 26
02:22:46 4 0 27
02:23:16 4 0 27
02:23:46 4 0 27
02:24:17 4 0 27
02:24:47 4 0 28
02:25:17 4 0 27
02:25:47 4 0 27
02:26:18 4 0 27
02:26:48 4 0 27
02:27:18 4 0 27
02:27:48 4 0 27
02:28:18 4 0 27
02:28:49 4 0 27
02:29:19 4 0 28
02:29:49 4 0 27
02:30:19 4 0 27
02:30:49 4 0 27
02:31:20 4 0 27
02:31:50 4 0 27
02:32:20 4 0 27
02:32:50 4 0 28
02:33:21 4 0 27
02:33:51 4 0 27
02:34:21 4 0 27
02:34:51 4 0 28
02:35:21 4 0 27
02:35:51 4 0 28
02:36:22 4 0 27
02:36:52 4 0 27
02:37:22 4 0 28
02:37:52 4 0 28
02:38:23 4 0 28
02:38:53 4 0 28
02:39:23 4 0 33
02:39:53 4 0 33
02:40:23 4 0 32
02:40:53 4 0 28
02:41:24 4 0 32
02:41:54 4 0 32
02:42:24 4 0 34
02:42:54 4 0 33
02:43:24 4 0 27
02:43:55 4 0 27
02:44:25 4 0 28
02:44:55 4 0 27
02:45:25 4 0 27
02:45:55 4 0 27
02:46:26 4 0 27
02:46:56 4 0 32
02:47:26 4 0 32
02:47:56 4 0 28
02:48:26 4 0 29
02:48:57 4 0 26
02:49:27 4 0 27
02:49:57 4 0 28
02:50:27 4 0 28
02:50:57 4 0 28
02:51:28 4 0 28
02:51:58 4 0 27
02:52:28 4 0 27
02:52:58 4 0 28
02:53:28 4 0 27
02:53:59 4 0 27
02:54:29 4 0 28
02:54:59 4 0 36
02:55:29 4 0 26
02:55:59 4 0 28
02:56:30 4 0 27
02:57:00 4 0 26
02:57:30 4 0 27
02:58:00 4 0 28
02:58:30 4 0 27
02:59:01 4 0 27
02:59:31 4 0 27
03:00:01 4 0 27
03:00:31 4 0 28
03:01:01 4 0 27
03:01:32 4 0 28
03:02:02 4 0 27
03:02:32 4 0 27
03:03:02 4 0 30
03:03:32 4 0 27
03:04:03 4 0 29
03:04:33 4 0 27
03:05:03 4 0 26
03:05:34 4 0 27
03:06:04 4 0 27
03:06:34 4 0 27
03:07:04 4 0 26
03:07:34 4 0 27
03:08:05 4 0 27
03:08:36 4 0 27
03:09:06 4 0 27
03:09:36 4 0 27
03:10:06 4 0 27
03:10:36 4 0 26
03:11:07 4 0 27
03:11:37 4 0 26
03:12:07 4 0 27
03:12:37 4 0 27
03:13:07 4 0 28
03:13:37 4 0 27
03:14:08 4 0 27
03:14:38 4 0 27
03:15:08 4 0 28
03:15:38 4 0 27
03:16:08 4 0 27
03:16:38 4 0 27
03:17:09 4 0 27
03:17:39 4 0 27
03:18:09 4 0 27
03:18:39 4 0 26
03:19:09 4 0 27
03:19:40 4 0 27
03:20:10 4 0 28
03:20:40 4 0 27
03:21:10 4 0 27
03:21:40 4 0 27
03:22:10 4 0 27
03:22:41 4 0 27
03:23:11 4 0 27
03:23:41 4 0 27
03:24:11 4 0 29
03:24:41 4 0 27
03:25:11 4 0 27
03:25:42 4 0 27
03:26:12 4 0 27
03:26:42 4 0 27
03:27:12 4 0 27
03:27:42 4 0 28
03:28:12 4 0 27
03:28:43 4 0 28
03:29:13 4 0 27
03:29:43 4 0 27
03:30:13 4 0 26
03:30:43 4 0 27
03:31:13 4 0 28
03:31:44 4 0 27
03:32:14 4 0 27
03:32:44 4 0 27
03:33:14 4 0 27
03:33:44 4 0 27
03:34:14 4 0 27
03:34:45 4 0 27
03:35:15 4 0 27
03:35:45 4 0 27
03:36:15 4 0 27
03:36:45 4 0 27
03:37:15 4 0 27
03:37:46 4 0 28
03:38:16 4 0 27
03:38:46 4 0 27
03:39:16 4 0 27
03:39:46 4 0 27
03:40:16 4 0 28
03:40:47 4 0 27
03:41:17 4 0 27
03:41:47 4 0 27
03:42:17 4 0 27
03:42:47 4 0 27
03:43:17 4 0 27
03:43:48 4 0 33
03:44:18 4 0 27
03:44:48 4 0 27
03:45:18 4 0 27
03:45:49 4 0 26
03:46:19 4 0 27
03:46:49 4 0 27
03:47:19 4 0 27
03:47:49 4 0 27
03:48:19 4 0 27
03:48:49 4 0 26
03:49:20 4 0 27
03:49:50 4 0 28
03:50:20 4 0 26
03:50:50 4 0 27
03:51:20 4 0 27
03:51:51 4 0 27
03:52:21 4 0 28
03:52:51 4 0 27
03:53:21 4 0 27
03:53:51 4 0 27
03:54:21 4 0 27
03:54:52 4 0 27
03:55:22 4 0 28
03:55:52 4 0 27
03:56:22 4 0 27
03:56:52 4 0 27
03:57:22 4 0 27
03:57:53 4 0 27
03:58:23 4 0 27
03:58:53 4 0 27
03:59:23 4 0 27
03:59:53 4 0 27
04:00:23 4 0 26
04:00:54 4 0 27
04:01:24 4 0 27
04:01:54 4 0 27
04:02:24 4 0 27
04:02:54 4 0 27
04:03:24 4 0 28
04:03:54 4 0 27
04:04:25 4 0 27
04:04:55 4 0 28
04:05:25 4 0 27
04:05:55 4 0 26
04:06:25 4 0 27
04:06:56 4 0 27
04:07:26 4 0 27
04:07:56 4 0 28
04:08:26 4 0 27
04:08:56 4 0 27
04:09:26 4 0 27
04:09:57 4 0 27
04:10:27 4 0 28
04:10:57 4 0 27
04:11:27 4 0 27
04:11:57 4 0 27
04:12:27 4 0 27
04:12:58 4 0 27
04:13:28 4 0 27
04:13:58 4 0 27
04:14:28 4 0 27
04:14:58 4 0 26
04:15:28 4 0 27
04:15:59 4 0 27
04:16:29 4 0 26
04:16:59 4 0 27
04:17:29 4 0 27
04:17:59 4 0 27
04:18:29 4 0 27
04:19:00 4 0 27
04:19:30 4 0 27
04:20:00 4 0 27
04:20:30 4 0 28
04:21:00 4 0 27
04:21:30 4 0 27
04:22:01 4 0 27
04:22:31 4 0 27
04:23:01 4 0 27
04:23:31 4 0 37
04:24:01 4 0 26
04:24:31 4 0 27
04:25:02 4 0 27
04:25:32 4 0 27
04:26:02 4 0 27
04:26:32 4 0 27
04:27:02 4 0 27
04:27:32 4 0 27
04:28:03 4 0 27
04:28:33 4 0 26
04:29:03 4 0 27
04:29:33 4 0 27
04:30:03 4 0 26
04:30:33 4 0 26
04:31:04 4 0 27
04:31:34 4 0 26
04:32:04 4 0 27
04:32:34 4 0 26
04:33:04 4 0 27
04:33:34 4 0 26
04:34:05 4 0 27
04:34:35 4 0 27
04:35:05 4 0 27
04:35:35 4 0 27
04:36:05 4 0 28
04:36:35 4 0 30
04:37:06 4 0 26
04:37:36 4 0 27
04:38:06 4 0 26
04:38:36 4 0 27
04:39:07 4 0 27
04:39:37 4 0 27
04:40:07 4 0 26
04:40:37 4 0 27
04:41:07 4 0 28
04:41:37 4 0 27
04:42:08 4 0 28
04:42:38 4 0 27
04:43:08 4 0 27
04:43:38 4 0 27
04:44:08 4 0 28
04:44:39 4 0 27
04:45:09 4 0 27
04:45:39 4 0 27
04:46:09 4 0 27
04:46:39 4 0 27
04:47:09 4 0 26
04:47:40 4 0 32
04:48:10 4 0 32
04:48:40 4 0 32
04:49:10 4 0 27
04:49:40 4 0 27
04:50:10 4 0 26
04:50:40 4 0 27
04:51:11 4 0 26
04:51:41 4 0 27
04:52:11 4 0 27
04:52:41 4 0 27
04:53:11 4 0 27
04:53:41 4 0 27
04:54:12 4 0 27
04:54:42 4 0 27
04:55:12 4 0 28
04:55:42 4 0 27
04:56:13 4 0 27
04:56:43 4 0 27
04:57:13 4 0 27
04:57:43 4 0 27
04:58:13 4 0 27
04:58:43 4 0 27
04:59:14 4 0 27
04:59:44 4 0 27
05:00:14 4 0 27
05:00:44 4 0 27
05:01:14 4 0 27
05:01:44 4 0 27
05:02:15 4 0 27
05:02:45 4 0 27
05:03:15 4 0 27
05:03:45 4 0 27
05:04:15 4 0 27
05:04:45 4 0 27
05:05:16 4 0 26
05:05:46 4 0 27
05:06:16 4 0 27
05:06:46 4 0 27
05:07:16 4 0 27
05:07:46 4 0 27
05:08:17 4 0 26
05:08:47 4 0 27
05:09:17 4 0 28
05:09:47 4 0 27
05:10:17 4 0 52
05:10:47 4 0 27
05:11:18 4 0 27
05:11:48 4 0 27
05:12:18 4 0 28
05:12:48 4 0 27
05:13:18 4 0 27
05:13:48 4 0 27
05:14:19 4 0 27
05:14:49 4 0 27
05:15:19 4 0 27
05:15:49 4 0 27
05:16:19 4 0 27
05:16:49 4 0 26
05:17:20 4 0 27
05:17:50 4 0 27
05:18:20 4 0 27
05:18:50 4 0 27
05:19:21 4 0 27
05:19:51 4 0 28
05:20:21 4 0 28
05:20:51 4 0 26
05:21:21 4 0 27
05:21:51 4 0 27
05:22:22 4 0 27
05:22:52 4 0 27
05:23:22 4 0 27
05:23:52 4 0 27
05:24:22 4 0 27
05:24:52 4 0 27
05:25:23 4 0 27
05:25:53 4 0 27
05:26:23 4 0 27
05:26:53 4 0 27
05:27:23 4 0 27
05:27:53 4 0 27
05:28:24 4 0 27
05:28:54 4 0 27
05:29:24 4 0 32
05:29:54 4 0 27
05:30:24 4 0 27
05:30:54 4 0 27
05:31:25 4 0 27
05:31:55 4 0 27
05:32:25 4 0 28
05:32:55 4 0 26
05:33:25 4 0 26
05:33:55 4 0 27
05:34:26 4 0 27
05:34:56 4 0 27
05:35:26 4 0 26
05:35:56 4 0 26
05:36:26 4 0 27
05:36:56 4 0 27
05:37:27 4 0 26
05:37:57 4 0 27
05:38:27 4 0 27
05:38:57 4 0 27
05:39:27 4 0 28
05:39:57 4 0 26
05:40:28 4 0 27
05:40:58 4 0 27
05:41:28 4 0 26
05:41:58 4 0 27
05:42:29 4 0 27
05:42:59 4 0 27
05:43:29 4 0 27
05:43:59 4 0 27
05:44:29 4 0 27
05:44:59 4 0 27
05:45:29 4 0 27
05:46:00 4 0 27
05:46:30 4 0 27
05:47:00 4 0 27
05:47:30 4 0 27
05:48:00 4 0 27
05:48:30 4 0 27
05:49:01 4 0 27
05:49:31 4 0 26
05:50:01 4 0 26
05:50:31 4 0 27
05:51:01 4 0 27
05:51:32 4 0 27
05:52:02 4 0 27
05:52:32 4 0 27
05:53:02 4 0 27
05:53:32 4 0 27
05:54:02 4 0 27
05:54:32 4 0 26
05:55:03 4 0 27
05:55:33 4 0 26
05:56:03 4 0 27
05:56:33 4 0 27
05:57:03 4 0 27
05:57:34 4 0 27
05:58:04 4 0 27
05:58:34 4 0 26
05:59:04 4 0 27
05:59:34 4 0 28
06:00:05 4 0 27
06:00:35 4 0 27
06:01:05 4 0 27
06:01:35 4 0 27
06:02:05 4 0 27
06:02:36 4 0 27
06:03:06 4 0 27
06:03:36 4 0 27
06:04:06 4 0 27
06:04:36 4 0 27
06:05:07 4 0 27
06:05:37 4 0 28
06:06:07 4 0 27
06:06:37 4 0 27
06:07:07 4 0 26
06:07:38 4 0 27
06:08:08 4 0 27
06:08:38 4 0 27
06:09:08 4 0 27
06:09:38 4 0 27
06:10:08 4 0 28
06:10:39 4 0 27
06:11:09 4 0 27
06:11:39 4 0 27
06:12:09 4 0 27
06:12:40 4 0 27
06:13:10 4 0 26
06:13:40 4 0 27
06:14:10 4 0 27
06:14:40 4 0 27
06:15:10 4 0 27
06:15:41 4 0 27
06:16:11 4 0 27
06:16:41 4 0 27
06:17:11 4 0 26
06:17:41 4 0 27
06:18:11 4 0 27
06:18:42 4 0 27
06:19:12 4 0 28
06:19:42 4 0 27
06:20:12 4 0 27
06:20:42 4 0 27
06:21:12 4 0 27
06:21:43 4 0 27
06:22:13 4 0 27
06:22:43 4 0 26
06:23:13 4 0 27
06:23:43 4 0 28
06:24:13 4 0 27
06:24:44 4 0 27
06:25:14 4 0 26
06:25:44 4 0 28
06:26:14 4 0 26
06:26:44 4 0 26
06:27:14 4 0 27
06:27:45 4 0 27
06:28:15 4 0 27
06:28:45 4 0 43
06:29:15 4 0 26
06:29:45 4 0 27
06:30:15 4 0 27
06:30:46 4 0 27
06:31:16 4 0 27
06:31:46 4 0 27
06:32:16 4 0 27
06:32:46 4 0 27
06:33:16 4 0 27
06:33:47 4 0 27
06:34:17 4 0 32
06:34:47 4 0 27
06:35:17 4 0 29
06:35:47 4 0 27
06:36:17 4 0 27
06:36:48 4 0 26
06:37:18 4 0 27
06:37:48 4 0 27
06:38:18 4 0 27
06:38:48 4 0 26
06:39:19 4 0 27
06:39:49 4 0 27
06:40:19 4 0 27
06:40:49 4 0 27
06:41:19 4 0 27
06:41:49 4 0 27
06:42:20 4 0 27
06:42:50 4 0 27
06:43:20 4 0 27
06:43:50 4 0 27
06:44:20 4 0 27
06:44:51 4 0 26
06:45:21 4 0 27
06:45:51 4 0 27
06:46:21 4 0 26
06:46:51 4 0 27
06:47:21 4 0 26
06:47:52 4 0 27
06:48:22 4 0 27
06:48:52 4 0 26
06:49:22 4 0 26
06:49:52 4 0 26
06:50:22 4 0 27
06:50:53 4 0 27
06:51:23 4 0 27
06:51:53 4 0 26
06:52:23 4 0 28
06:52:53 4 0 53
06:53:23 4 0 26
06:53:54 4 0 27
06:54:24 4 0 27
06:54:54 4 0 27
06:55:24 4 0 27
06:55:54 4 0 27
06:56:24 4 0 27
06:56:54 4 0 26
06:57:25 4 0 27
06:57:55 4 0 27
06:58:25 4 0 27
06:58:55 4 0 27
06:59:25 4 0 28
06:59:55 4 0 28
07:00:25 4 0 27
07:00:56 4 0 28
07:01:26 4 0 27
07:01:56 4 0 26
07:02:26 4 0 27
07:02:56 4 0 27
07:03:27 4 0 27
07:03:57 4 0 27
07:04:27 4 0 27
07:04:57 4 0 26
07:05:27 4 0 28
07:05:58 4 0 27
07:06:28 4 0 27
07:06:58 4 0 27
07:07:28 4 0 26
07:07:58 4 0 26
07:08:28 4 0 27
07:08:58 4 0 27
07:09:28 4 0 27
07:09:59 4 0 27
07:10:29 4 0 27
07:10:59 4 0 26
07:11:29 4 0 27
07:11:59 4 0 27
07:12:30 4 0 27
07:13:00 4 0 27
07:13:30 4 0 27
07:14:00 4 0 26
07:14:30 4 0 27
07:15:00 4 0 27
07:15:31 4 0 28
07:16:01 4 0 27
07:16:31 4 0 27
07:17:01 4 0 27
07:17:31 4 0 27
07:18:02 4 0 27
07:18:32 4 0 27
07:19:02 4 0 27
07:19:32 4 0 28
07:20:02 4 0 27
07:20:32 4 0 27
07:21:03 4 0 27
07:21:33 4 0 27
07:22:03 4 0 33
07:22:33 4 0 33
07:23:03 4 0 27
07:23:33 4 0 27
07:24:04 4 0 27
07:24:34 4 0 27
07:25:04 4 0 27
07:25:34 4 0 27
07:26:05 4 0 27
07:26:35 4 0 26
07:27:06 4 0 32
07:27:36 4 0 32
07:28:06 4 0 32
07:28:36 4 0 27
07:29:06 4 0 27
07:29:36 4 0 32
07:30:07 4 0 32
07:30:37 4 0 27
07:31:07 4 0 27
07:31:37 4 0 28
07:32:07 4 0 26
07:32:38 4 0 27
07:33:08 4 0 27
07:33:38 4 0 28
07:34:08 4 0 33
07:34:38 4 0 32
07:35:09 4 0 32
07:35:39 4 0 33
07:36:10 4 0 33
07:36:40 4 0 32
07:37:10 4 0 32
07:37:40 4 0 28
07:38:10 4 0 27
07:38:40 4 0 27
07:39:11 4 0 28
07:39:41 4 0 31
07:40:11 4 0 32
07:40:41 4 0 32
07:41:11 4 0 32
07:41:42 4 0 27
07:42:12 4 0 27
07:42:42 4 0 28
07:43:12 4 0 27
07:43:42 4 0 27
07:44:12 4 0 27
07:44:42 4 0 27
07:45:13 4 0 33
07:45:43 4 0 32
07:46:13 4 0 32
07:46:43 4 0 32
07:47:13 4 0 27
07:47:43 4 0 28
07:48:14 4 0 27
07:48:44 4 0 27
07:49:14 4 0 26
07:49:44 4 0 26
07:50:14 4 0 33
07:50:44 4 0 32
07:51:15 4 0 58
07:51:45 4 0 33
07:52:15 4 0 33
07:52:45 4 0 63
07:53:15 4 0 32
07:53:45 4 0 33
07:54:16 4 0 32
07:54:46 4 0 32
07:55:16 4 0 27
07:55:46 4 0 28
07:56:16 4 0 27
07:56:46 4 0 27
07:57:16 4 0 33
07:57:47 4 0 32
07:58:17 4 0 32
07:58:47 4 0 27
07:59:17 4 0 33
07:59:47 4 0 32
08:00:17 4 0 32
08:00:47 4 0 32
08:01:18 4 0 32
08:01:48 4 0 32
08:02:18 4 0 33
08:02:48 4 0 27
08:03:18 4 0 28
08:03:48 4 0 27
08:04:19 4 0 27
08:04:49 4 0 27
08:05:19 4 0 27
08:05:49 4 0 27
08:06:19 4 0 27
08:06:49 4 0 27
08:07:21 3 1 27
08:07:50 4 0 28
08:08:20 4 0 27
08:08:50 4 0 33
08:09:20 4 0 32
08:09:50 4 0 33
08:10:20 4 0 27
08:10:50 4 0 27
08:11:21 4 0 26
08:11:51 4 0 27
08:12:21 4 0 27
08:12:51 4 0 27
08:13:21 4 0 34
08:13:52 4 0 55
08:14:22 4 0 32
08:14:52 4 0 27
08:15:22 4 0 27
08:15:52 4 0 33
08:16:22 4 0 33
08:16:52 4 0 30
08:17:23 4 0 26
08:17:53 4 0 28
08:18:23 4 0 27
08:18:53 4 0 33
08:19:23 4 0 33
08:19:53 4 0 35
08:20:24 4 0 27
08:20:54 4 0 26
08:21:24 4 0 26
08:21:54 4 0 27
08:22:25 4 0 27
08:22:55 4 0 26
08:23:25 4 0 61
08:23:55 4 0 33
08:24:26 4 0 32
08:24:56 4 0 26
08:25:26 4 0 28
08:25:56 4 0 27
08:26:26 4 0 27
08:26:56 4 0 27
08:27:27 4 0 27
08:27:57 4 0 27
08:28:27 4 0 27
08:28:57 4 0 27
08:29:27 4 0 28
08:29:57 4 0 27
08:30:28 4 0 27
08:30:58 4 0 28
08:31:28 4 0 27
08:31:58 4 0 27
08:32:28 4 0 27
08:32:58 4 0 28
08:33:28 4 0 27
08:33:59 4 0 27
08:34:29 4 0 27
08:34:59 4 0 27
08:35:29 4 0 27
08:35:59 4 0 27
08:36:29 4 0 27
08:36:59 4 0 27
08:37:30 4 0 27
08:38:00 4 0 29
08:38:30 4 0 28
08:39:00 4 0 26
08:39:30 4 0 27
08:40:00 4 0 27
08:40:31 4 0 27
08:41:01 4 0 27
08:41:31 4 0 27
08:42:01 4 0 27
08:42:32 4 0 27
08:43:02 4 0 33
08:43:33 4 0 27
08:44:03 4 0 27
08:44:33 4 0 26
08:45:03 4 0 71
08:45:34 4 0 27
08:46:04 4 0 27
08:46:34 4 0 27
08:47:04 4 0 27
08:47:34 4 0 27
08:48:04 4 0 27
08:48:35 4 0 28
08:49:05 4 0 27
08:49:35 4 0 27
08:50:05 4 0 27
08:50:35 4 0 27
08:51:05 4 0 28
08:51:36 4 0 31
08:52:06 4 0 28
08:52:36 4 0 26
08:53:06 4 0 27
08:53:36 4 0 27
08:54:06 4 0 27
08:54:37 4 0 27
08:55:07 4 0 27
08:55:38 4 0 27
08:56:08 4 0 28
08:56:38 4 0 27
08:57:08 4 0 28
08:57:38 4 0 29
08:58:09 4 0 26
08:58:40 4 0 27
08:59:10 4 0 26
08:59:40 4 0 32
09:00:10 4 0 27
09:00:41 4 0 35
09:01:11 4 0 27
09:01:41 4 0 27
09:02:11 4 0 38
09:02:41 4 0 27
09:03:11 4 0 60
09:03:41 4 0 27
09:04:11 4 0 27
09:04:42 4 0 27
09:05:12 4 0 27
09:05:42 4 0 27
09:06:12 4 0 27
09:06:42 4 0 27
09:07:12 4 0 26
09:07:42 4 0 27
09:08:12 4 0 26
09:08:43 4 0 27
09:09:13 4 0 27
09:09:43 4 0 28
09:10:13 4 0 27
09:10:43 4 0 28
09:11:13 4 0 28
09:11:43 4 0 27
09:12:13 4 0 27
09:12:44 4 0 27
09:13:14 4 0 27
09:13:44 4 0 39
09:14:14 4 0 27
09:14:45 3 1 28
09:15:14 4 0 44
09:15:44 4 0 27
09:16:16 3 1 60
09:16:45 4 0 27
09:17:15 4 0 27
09:17:45 4 0 27
09:18:16 4 0 27
09:18:47 4 0 27
09:19:17 4 0 28
09:19:47 4 0 26
09:20:17 4 0 27
09:20:47 4 0 27
09:21:17 4 0 28
09:21:47 4 0 27
09:22:17 4 0 27
09:22:48 4 0 27
09:23:18 4 0 28
09:23:48 4 0 28
09:24:18 4 0 27
09:24:48 4 0 28
09:25:18 4 0 27
09:25:48 4 0 26
09:26:19 4 0 27
09:26:49 4 0 27
09:27:19 4 0 27
09:27:49 4 0 27
09:28:19 4 0 26
09:28:49 4 0 27
09:29:19 4 0 28
09:29:50 4 0 26
09:30:20 4 0 26
09:30:50 4 0 27
09:31:20 4 0 27
09:31:50 4 0 27
09:32:20 4 0 27
09:32:51 4 0 28
09:33:21 4 0 27
09:33:51 4 0 28
09:34:21 4 0 27
09:34:51 4 0 27
09:35:21 4 0 28
09:35:51 4 0 27
09:36:22 4 0 27
09:36:52 4 0 27
09:37:22 4 0 28
09:37:52 4 0 27
09:38:22 4 0 27
09:38:53 4 0 29
09:39:24 3 1 27
09:39:53 4 0 27
09:40:23 4 0 27
09:40:53 4 0 27
09:41:24 4 0 26
09:41:54 4 0 27
09:42:24 4 0 47
09:42:54 4 0 27
09:43:24 4 0 32
09:43:54 4 0 32
09:44:24 4 0 33
09:44:54 4 0 27
09:45:24 4 0 27
09:45:55 4 0 27
09:46:25 4 0 27
09:46:55 4 0 27
09:47:25 4 0 27
09:47:55 4 0 27
09:48:25 4 0 27
09:48:55 4 0 27
09:49:25 4 0 27
09:49:56 4 0 26
09:50:26 4 0 27
09:50:56 4 0 52
09:51:26 4 0 28
09:51:57 4 0 26
09:52:27 4 0 27
09:52:57 4 0 31
09:53:27 4 0 27
09:53:58 4 0 27
09:54:28 4 0 27
09:54:58 4 0 27
09:55:28 4 0 27
09:55:58 4 0 27
09:56:28 4 0 28
09:56:58 4 0 31
09:57:28 4 0 27
09:57:59 4 0 33
09:58:29 4 0 27
09:58:59 4 0 27
09:59:29 4 0 70
09:59:59 4 0 27
10:00:29 4 0 27
10:00:59 4 0 27
10:01:29 4 0 27
10:02:00 4 0 26
10:02:30 4 0 27
10:03:00 4 0 27
10:03:30 4 0 27
10:04:00 4 0 26
10:04:30 4 0 27
10:05:00 4 0 28
10:05:30 4 0 27
10:06:00 4 0 27
10:06:30 4 0 27
10:07:01 4 0 26
10:07:31 4 0 27
10:08:01 4 0 27
10:08:31 4 0 27
10:09:01 4 0 27
10:09:31 4 0 27
10:10:01 4 0 26
10:10:31 4 0 27
10:11:02 4 0 26
10:11:32 4 0 56
10:12:02 4 0 71
10:12:32 4 0 72
10:13:03 3 1 72
10:13:32 4 0 51
10:14:04 3 1 69
10:14:33 4 0 58
10:15:03 4 0 27
10:15:34 3 1 67
10:16:04 3 1 69
10:16:33 4 0 74
10:17:03 4 0 69
10:17:33 4 0 62
10:18:04 4 0 56
10:18:34 4 0 53
10:19:04 4 0 75
10:19:35 3 1 60
10:20:04 4 0 73
10:20:34 4 0 65
10:21:05 4 0 60
10:21:35 4 0 67
10:22:05 4 0 47
10:22:37 3 1 63
10:23:06 4 0 63
10:23:37 4 0 68
10:24:07 4 0 58
10:24:38 4 0 55
10:25:08 4 0 27
10:25:38 4 0 27
10:26:09 4 0 27
10:26:39 4 0 27
10:27:10 4 0 28
10:27:40 4 0 26
10:28:10 4 0 28
10:28:40 4 0 28
10:29:10 4 0 28
10:29:41 4 0 27
10:30:11 4 0 27
10:30:41 4 0 27
10:31:11 4 0 29
10:31:41 4 0 27
10:32:11 4 0 26
10:32:41 4 0 27
10:33:12 4 0 27
10:33:42 4 0 28
10:34:12 4 0 27
10:34:42 4 0 27
10:35:12 4 0 28
10:35:42 4 0 28
10:36:12 4 0 28
10:36:42 4 0 28
10:37:13 4 0 27
10:37:43 4 0 28
10:38:14 4 0 27
10:38:44 4 0 27
10:39:14 4 0 29
10:39:44 4 0 28
10:40:15 4 0 28
10:40:45 4 0 28
10:41:15 4 0 27
10:41:45 4 0 27
10:42:15 4 0 28
10:42:45 4 0 28
10:43:16 4 0 27
10:43:46 4 0 28
10:44:16 4 0 29
10:44:46 4 0 27
10:45:16 4 0 27
10:45:46 4 0 27
10:46:17 4 0 27
10:46:47 4 0 27
10:47:17 4 0 28
10:47:47 4 0 27
10:48:17 4 0 27
10:48:47 4 0 28
10:49:18 4 0 28
10:49:48 4 0 27
10:50:18 4 0 27
10:50:48 4 0 28
10:51:19 4 0 28
10:51:49 4 0 28
10:52:19 4 0 27
10:52:49 4 0 26
10:53:19 4 0 27
10:53:49 4 0 28
10:54:20 4 0 27
10:54:50 4 0 28
10:55:20 4 0 28
10:55:50 4 0 27
10:56:21 4 0 27
10:56:51 4 0 29
10:57:21 4 0 27
10:57:52 4 0 28
10:58:22 4 0 27
10:58:52 4 0 28
10:59:23 4 0 27
10:59:53 4 0 27
11:00:23 4 0 28
11:00:53 4 0 28
11:01:23 4 0 27
11:01:53 4 0 27
11:02:24 4 0 27
11:02:54 4 0 27
11:03:24 4 0 27
11:03:54 4 0 27
11:04:24 4 0 27
11:04:54 4 0 28
11:05:25 4 0 28
11:05:55 4 0 28
11:06:25 4 0 28
11:06:55 4 0 27
11:07:26 4 0 28
11:07:56 4 0 33
11:08:26 4 0 33
11:08:56 4 0 27
11:09:26 4 0 26
11:09:56 4 0 27
11:10:26 4 0 26
11:10:56 4 0 28
11:11:27 4 0 27
11:11:57 4 0 27
11:12:27 4 0 27
11:12:57 4 0 27
11:13:27 4 0 28
11:13:58 4 0 27
11:14:28 4 0 30
11:14:58 4 0 27
11:15:30 3 1 57
11:15:59 4 0 28
11:16:29 4 0 27
11:17:00 4 0 28
11:17:30 4 0 28
11:18:00 4 0 27
11:18:30 4 0 27
11:19:00 4 0 27
11:19:30 4 0 28
11:20:01 4 0 27
11:20:31 4 0 27
11:21:01 4 0 27
11:21:31 4 0 28
11:22:01 4 0 28
11:22:31 4 0 27
11:23:01 4 0 28
11:23:32 4 0 28
11:24:02 4 0 27
11:24:32 4 0 27
11:25:02 4 0 28
11:25:32 4 0 27
11:26:02 4 0 27
11:26:32 4 0 27
11:27:02 4 0 28
11:27:33 4 0 27
11:28:03 4 0 28
11:28:33 4 0 27
11:29:03 4 0 27
11:29:33 4 0 27
11:30:03 4 0 27
11:30:33 4 0 27
11:31:03 4 0 28
11:31:33 4 0 27
11:32:04 4 0 28
11:32:34 4 0 28
11:33:04 4 0 29
11:33:35 3 1 27
11:34:04 4 0 27
11:34:35 4 0 53
11:35:05 4 0 28
11:35:35 4 0 27
11:36:05 4 0 28
11:36:36 4 0 27
11:37:06 4 0 28
11:37:37 4 0 28
11:38:07 4 0 27
11:38:37 4 0 27
11:39:07 4 0 28
11:39:37 4 0 28
11:40:07 4 0 28
11:40:38 4 0 35
11:41:08 4 0 28
11:41:38 4 0 28
11:42:08 4 0 27
11:42:38 4 0 27
11:43:09 3 1 27
11:43:38 4 0 27
11:44:09 4 0 28
11:44:39 4 0 28
11:45:09 4 0 27
11:45:40 4 0 27
11:46:11 4 0 27
11:46:42 4 0 28
11:47:12 4 0 28
11:47:42 4 0 28
11:48:12 4 0 26
11:48:42 4 0 28
11:49:12 4 0 28
11:49:43 4 0 27
11:50:13 4 0 26
11:50:43 4 0 30
11:51:14 4 0 29
11:51:45 4 0 30
11:52:15 4 0 27
11:52:45 4 0 29
11:53:15 4 0 28
11:53:45 4 0 33
11:54:16 4 0 32
11:54:46 4 0 33
11:55:16 4 0 33
11:55:46 4 0 34
11:56:16 4 0 27
11:56:46 4 0 27
11:57:16 4 0 27
11:57:47 4 0 28
11:58:17 4 0 28
11:58:47 4 0 27
11:59:17 4 0 28
11:59:47 4 0 31
12:00:17 4 0 27
12:00:47 4 0 27
12:01:17 4 0 28
12:01:48 4 0 28
12:02:18 4 0 27
12:02:48 4 0 27
12:03:18 4 0 27
12:03:48 4 0 27
12:04:18 4 0 28
12:04:48 4 0 28
12:05:18 4 0 26
12:05:49 4 0 27
12:06:19 4 0 33
12:06:49 4 0 27
12:07:20 3 1 27
12:07:49 4 0 27
12:08:19 4 0 26
12:08:49 4 0 27
12:09:20 4 0 28
12:09:50 4 0 27
12:10:20 4 0 26
12:10:51 4 0 26
12:11:21 4 0 27
12:11:51 4 0 27
12:12:21 4 0 26
12:12:51 4 0 26
12:13:21 4 0 27
12:13:51 4 0 27
12:14:21 4 0 26
12:14:52 4 0 26
12:15:22 4 0 26
12:15:52 4 0 27
12:16:22 4 0 27
12:16:53 4 0 27
12:17:23 4 0 26
12:17:54 4 0 27
12:18:24 4 0 27
12:18:54 4 0 27
12:19:24 4 0 27
12:19:54 4 0 29
12:20:24 4 0 26
12:20:55 4 0 27
12:21:25 4 0 26
12:21:55 4 0 27
12:22:25 4 0 27
12:22:55 4 0 27
12:23:26 3 1 73
12:23:55 4 0 26
12:24:25 4 0 27
12:24:56 4 0 27
12:25:26 4 0 27
12:25:56 4 0 29
12:26:26 4 0 27
12:26:56 4 0 26
12:27:26 4 0 26
12:27:57 4 0 27
12:28:27 4 0 26
12:28:57 4 0 27
12:29:27 4 0 27
12:29:57 4 0 27
12:30:27 4 0 27
12:30:57 4 0 27
12:31:27 4 0 27
12:31:58 4 0 26
12:32:28 4 0 27
12:32:58 4 0 27
12:33:28 4 0 26
12:33:58 4 0 26
12:34:28 4 0 27
12:34:58 4 0 27
12:35:28 4 0 27
12:35:59 4 0 27
12:36:29 4 0 27
12:36:59 4 0 27
12:37:29 4 0 27
12:37:59 4 0 57
12:38:29 4 0 27
12:39:00 4 0 26
12:39:30 4 0 27
12:40:00 4 0 27
12:40:30 4 0 27
12:41:00 4 0 27
12:41:30 4 0 28
12:42:00 4 0 30
12:42:30 4 0 27
12:43:00 4 0 26
12:43:30 4 0 26
12:44:00 4 0 26
12:44:30 4 0 26
12:45:01 4 0 27
12:45:31 4 0 27
12:46:01 4 0 27
12:46:31 4 0 59
12:47:01 4 0 26
12:47:31 4 0 26
12:48:01 4 0 27
12:48:31 4 0 27
12:49:01 4 0 29
12:49:32 4 0 27
12:50:03 4 0 27
12:50:33 4 0 27
12:51:03 4 0 27
12:51:33 4 0 27
12:52:03 4 0 29
12:52:33 4 0 27
12:53:03 4 0 28
12:53:33 4 0 27
12:54:04 4 0 27
12:54:34 4 0 27
12:55:04 4 0 32
12:55:34 4 0 33
12:56:04 4 0 32
12:56:34 4 0 27
12:57:04 4 0 26
12:57:34 4 0 27
12:58:05 4 0 27
12:58:35 4 0 27
12:59:05 4 0 27
12:59:35 4 0 39
13:00:05 4 0 27
13:00:35 4 0 27
13:01:05 4 0 26
13:01:35 4 0 27
13:02:06 4 0 26
13:02:36 4 0 27
13:03:06 4 0 56
13:03:36 4 0 27
13:04:06 4 0 27
13:04:36 4 0 27
13:05:06 4 0 27
13:05:36 4 0 26
13:06:06 4 0 27
13:06:37 4 0 27
13:07:07 4 0 27
13:07:37 4 0 27
13:08:07 4 0 27
13:08:37 4 0 27
13:09:07 4 0 27
13:09:37 4 0 27
13:10:07 4 0 27
13:10:37 4 0 30
13:11:07 4 0 27
13:11:37 4 0 27
13:12:08 4 0 27
13:12:38 4 0 28
13:13:08 4 0 27
13:13:38 4 0 26
13:14:08 4 0 27
13:14:38 4 0 26
13:15:08 4 0 27
13:15:38 4 0 27
13:16:08 4 0 27
13:16:38 4 0 26
13:17:09 4 0 27
13:17:39 4 0 27
13:18:09 4 0 27
13:18:39 4 0 27
13:19:09 4 0 27
13:19:39 4 0 26
13:20:09 4 0 27
13:20:39 4 0 27
13:21:09 4 0 27
13:21:40 4 0 30
13:22:10 4 0 26
13:22:40 4 0 27
13:23:10 4 0 27
13:23:40 4 0 27
13:24:11 4 0 27
13:24:41 4 0 27
13:25:11 4 0 26
13:25:41 4 0 26
13:26:11 4 0 27
13:26:41 4 0 26
13:27:12 4 0 27
13:27:42 4 0 27
13:28:12 4 0 28
13:28:42 4 0 27
13:29:12 4 0 27
13:29:42 4 0 35
13:30:13 4 0 27
13:30:43 4 0 27
13:31:13 4 0 27
13:31:43 4 0 27
13:32:14 4 0 27
13:32:44 4 0 27
13:33:14 4 0 27
13:33:44 4 0 27
13:34:15 4 0 27
13:34:45 4 0 26
13:35:15 4 0 27
13:35:45 4 0 27
13:36:15 4 0 27
13:36:45 4 0 27
13:37:15 4 0 27
13:37:45 4 0 27
13:38:16 4 0 26
13:38:46 4 0 27
13:39:16 4 0 26
13:39:46 4 0 27
13:40:16 4 0 27
13:40:46 4 0 32
13:41:16 4 0 27
13:41:46 4 0 26
13:42:17 4 0 53
13:42:47 4 0 54
13:43:18 4 0 27
13:43:48 4 0 28
13:44:18 4 0 33
13:44:48 4 0 26
13:45:18 4 0 27
13:45:48 4 0 27
13:46:18 4 0 26
13:46:49 4 0 27
13:47:20 4 0 27
13:47:50 4 0 27
13:48:20 4 0 27
13:48:50 4 0 27
13:49:20 4 0 27
13:49:50 4 0 27
13:50:20 4 0 27
13:50:50 4 0 27
13:51:21 4 0 27
13:51:52 4 0 26
13:52:22 4 0 27
13:52:52 4 0 27
13:53:22 4 0 65
13:53:52 4 0 26
13:54:22 4 0 27
13:54:53 4 0 27
13:55:23 4 0 27
13:55:53 4 0 26
13:56:23 4 0 26
13:56:53 4 0 27
13:57:23 4 0 27
13:57:53 4 0 26
13:58:23 4 0 27
13:58:53 4 0 26
13:59:24 4 0 30
13:59:54 4 0 26
14:00:24 4 0 27
14:00:54 4 0 28
14:01:24 4 0 26
14:01:54 4 0 27
14:02:24 4 0 28
14:02:54 4 0 27
14:03:25 4 0 27
14:03:55 4 0 27
14:04:25 4 0 59
14:04:55 4 0 27
14:05:25 4 0 26
14:05:55 4 0 26
14:06:25 4 0 27
14:06:56 4 0 27
14:07:26 4 0 27
14:07:56 4 0 27
14:08:26 4 0 35
14:08:56 4 0 27
14:09:28 3 1 26
14:09:57 4 0 30
14:10:27 4 0 27
14:10:57 4 0 27
14:11:28 4 0 26
14:11:58 4 0 27
14:12:28 4 0 27
14:12:59 4 0 27
14:13:29 4 0 27
14:13:59 4 0 27
14:14:29 4 0 27
14:14:59 4 0 27
14:15:29 4 0 27
14:16:00 4 0 27
14:16:30 4 0 28
14:17:00 4 0 27
14:17:30 4 0 27
14:18:00 4 0 27
14:18:30 4 0 27
14:19:00 4 0 29
14:19:31 4 0 34
14:20:01 4 0 28
14:20:31 4 0 27
14:21:01 4 0 27
14:21:31 4 0 27
14:22:01 4 0 27
14:22:31 4 0 27
14:23:01 4 0 27
14:23:31 4 0 27
14:24:01 4 0 27
14:24:32 4 0 27
14:25:03 4 0 28
14:25:33 4 0 27
14:26:03 4 0 27
14:26:33 4 0 27
14:27:03 4 0 26
14:27:34 4 0 27
14:28:04 4 0 27
14:28:34 4 0 27
14:29:04 4 0 27
14:29:34 4 0 27
14:30:04 4 0 28
14:30:34 4 0 26
14:31:04 4 0 27
14:31:35 4 0 27
14:32:05 4 0 27
14:32:35 4 0 33
14:33:05 4 0 32
14:33:35 4 0 27
14:34:06 4 0 32
14:34:36 4 0 34
14:35:06 4 0 33
14:35:36 4 0 33
14:36:06 4 0 32
14:36:37 4 0 32
14:37:07 4 0 27
14:37:38 4 0 52
14:38:08 4 0 27
14:38:39 4 0 27
14:39:09 4 0 27
14:39:39 4 0 28
14:40:09 4 0 27
14:40:39 4 0 27
14:41:09 4 0 27
14:41:40 4 0 26
14:42:10 4 0 27
14:42:40 4 0 27
14:43:10 4 0 27
14:43:41 4 0 27
14:44:11 4 0 27
14:44:41 4 0 27
14:45:11 4 0 27
14:45:42 4 0 27
14:46:12 4 0 27
14:46:43 3 1 28
14:47:12 4 0 30
14:47:42 4 0 27
14:48:12 4 0 26
14:48:43 4 0 27
14:49:13 4 0 27
14:49:43 4 0 27
14:50:13 4 0 28
14:50:43 4 0 27
14:51:14 4 0 34
14:51:44 4 0 34
14:52:14 4 0 33
14:52:44 4 0 27
14:53:14 4 0 27
14:53:44 4 0 27
14:54:14 4 0 27
14:54:45 4 0 27
14:55:15 4 0 28
14:55:45 4 0 27
14:56:15 4 0 27
14:56:45 4 0 27
14:57:15 4 0 28
14:57:45 4 0 27
14:58:16 4 0 33
14:58:46 4 0 32
14:59:16 4 0 32
14:59:46 4 0 32
15:00:16 4 0 32
15:00:46 4 0 32
15:01:16 4 0 33
15:01:46 4 0 32
15:02:16 4 0 33
15:02:47 4 0 33
15:03:17 4 0 34
15:03:47 4 0 27
15:04:17 4 0 27
15:04:47 4 0 27
15:05:17 4 0 27
15:05:47 4 0 28
15:06:17 4 0 27
15:06:47 4 0 27
15:07:17 4 0 27
15:07:48 4 0 27
15:08:18 4 0 27
15:08:48 4 0 27
15:09:18 4 0 27
15:09:48 4 0 27
15:10:18 4 0 27
15:10:48 4 0 27
15:11:18 4 0 40
15:11:49 4 0 27
15:12:19 4 0 27
15:12:49 4 0 27
15:13:19 4 0 27
15:13:49 4 0 27
15:14:19 4 0 26
15:14:49 4 0 27
15:15:19 4 0 27
15:15:50 4 0 27
15:16:20 4 0 27
15:16:51 3 1 27
15:17:21 3 1 27
15:17:50 4 0 27
15:18:20 4 0 27
15:18:50 4 0 27
15:19:20 4 0 28
15:19:51 4 0 27
15:20:21 4 0 27
15:20:51 4 0 27
15:21:21 4 0 27
15:21:51 4 0 27
15:22:21 4 0 27
15:22:52 3 1 27
15:23:21 4 0 27
15:23:51 4 0 27
15:24:21 4 0 27
15:24:52 4 0 27
15:25:22 4 0 27
15:25:52 4 0 27
15:26:22 4 0 27
15:26:52 4 0 27
15:27:22 4 0 28
15:27:52 4 0 54
15:28:22 4 0 27
15:28:52 4 0 27
15:29:23 4 0 33
15:29:53 4 0 27
15:30:23 4 0 27
15:30:53 4 0 27
15:31:23 4 0 28
15:31:54 4 0 27
15:32:24 4 0 27
15:32:54 4 0 27
15:33:24 4 0 27
15:33:54 4 0 27
15:34:24 4 0 28
15:34:54 4 0 29
15:35:24 4 0 28
15:35:54 4 0 27
15:36:24 4 0 27
15:36:55 4 0 34
15:37:25 4 0 35
15:37:55 4 0 33
15:38:25 4 0 33
15:38:55 4 0 32
15:39:25 4 0 27
15:39:55 4 0 28
15:40:25 4 0 27
15:40:55 4 0 27
15:41:25 4 0 27
15:41:56 4 0 27
15:42:26 4 0 27
15:42:56 4 0 27
15:43:26 4 0 27
15:43:56 4 0 28
15:44:26 4 0 27
15:44:56 4 0 28
15:45:26 4 0 28
15:45:57 4 0 28
15:46:27 4 0 27
15:46:57 4 0 27
15:47:27 4 0 27
15:47:57 4 0 27
15:48:27 4 0 27
15:48:57 4 0 32
15:49:27 4 0 32
15:49:58 4 0 27
15:50:28 4 0 27
15:50:58 4 0 27
15:51:28 4 0 28
15:51:59 4 0 27
15:52:29 4 0 27
15:52:59 4 0 27
15:53:29 4 0 27
15:53:59 4 0 27
15:54:29 4 0 27
15:54:59 4 0 26
15:55:29 4 0 27
15:55:59 4 0 27
15:56:29 4 0 27
15:57:00 4 0 27
15:57:30 4 0 27
15:58:00 4 0 27
15:58:30 4 0 27
15:59:00 4 0 27
15:59:30 4 0 27
16:00:00 4 0 27
16:00:30 4 0 27
16:01:00 4 0 27
16:01:30 4 0 27
16:02:01 4 0 29
16:02:31 4 0 27
16:03:01 4 0 28
16:03:31 4 0 27
16:04:01 4 0 28
16:04:31 4 0 32
16:05:01 4 0 27
16:05:31 4 0 27
16:06:02 4 0 28
16:06:32 4 0 27
16:07:02 4 0 27
16:07:32 4 0 27
16:08:02 4 0 32
16:08:33 3 1 32
16:09:02 4 0 32
16:09:32 4 0 32
16:10:02 4 0 33
16:10:32 4 0 27
16:11:03 4 0 50
16:11:33 4 0 28
16:12:03 4 0 45
16:12:33 4 0 27
16:13:04 3 1 27
16:13:33 4 0 27
16:14:03 4 0 27
16:14:33 4 0 27
16:15:04 4 0 27
16:15:34 4 0 27
16:16:04 4 0 27
16:16:34 4 0 27
16:17:04 4 0 27
16:17:34 4 0 28
16:18:04 4 0 28
16:18:34 4 0 27
16:19:04 4 0 39
16:19:34 4 0 28
16:20:05 4 0 75
16:20:35 4 0 73
16:21:05 4 0 27
16:21:35 4 0 27
16:22:05 4 0 27
16:22:35 4 0 26
16:23:05 4 0 27
16:23:35 4 0 30
16:24:06 4 0 28
16:24:36 4 0 27
16:25:06 4 0 27
16:25:36 4 0 27
16:26:06 4 0 27
16:26:36 4 0 28
16:27:06 4 0 27
16:27:36 4 0 27
16:28:06 4 0 27
16:28:36 4 0 27
16:29:07 4 0 27
16:29:37 4 0 33
16:30:07 4 0 32
16:30:37 4 0 33
16:31:07 4 0 27
16:31:37 4 0 27
16:32:08 4 0 27
16:32:38 4 0 27
16:33:08 4 0 27
16:33:38 4 0 27
16:34:09 4 0 27
16:34:39 4 0 27
16:35:09 4 0 27
16:35:39 4 0 27
16:36:09 4 0 30
16:36:39 4 0 27
16:37:09 4 0 27
16:37:39 4 0 27
16:38:09 4 0 27
16:38:40 4 0 27
16:39:10 4 0 28
16:39:40 4 0 27
16:40:10 4 0 29
16:40:40 4 0 27
16:41:10 4 0 27
16:41:40 4 0 27
16:42:11 4 0 28
16:42:41 4 0 27
16:43:11 4 0 27
16:43:41 4 0 27
16:44:12 3 1 32
16:44:41 4 0 33
16:45:11 4 0 33
16:45:41 4 0 33
16:46:11 4 0 34
16:46:41 4 0 27
16:47:11 4 0 27
16:47:41 4 0 27
16:48:12 4 0 27
16:48:42 4 0 27
16:49:12 4 0 27
16:49:42 4 0 27
16:50:12 4 0 27
16:50:42 4 0 27
16:51:12 4 0 43
16:51:42 4 0 27
16:52:12 4 0 28
16:52:43 4 0 27
16:53:13 4 0 32
16:53:43 4 0 34
16:54:13 4 0 32
16:54:43 4 0 27
16:55:13 4 0 27
16:55:44 3 1 27
16:56:14 4 0 27
16:56:44 4 0 27
16:57:14 4 0 27
16:57:44 4 0 27
16:58:14 4 0 27
16:58:44 4 0 28
16:59:15 4 0 27
16:59:45 4 0 28
17:00:15 4 0 31
17:00:45 4 0 27
17:01:15 4 0 26
17:01:45 4 0 26
17:02:15 4 0 70
17:02:46 4 0 27
17:03:16 4 0 27
17:03:46 4 0 57
17:04:16 4 0 27
17:04:46 4 0 27
17:05:17 3 1 28
17:05:46 4 0 27
17:06:17 4 0 27
17:06:47 4 0 27
17:07:17 4 0 27
17:07:47 4 0 27
17:08:17 4 0 27
17:08:47 4 0 27
17:09:17 4 0 27
17:09:47 4 0 27
17:10:18 4 0 27
17:10:48 4 0 28
17:11:18 4 0 26
17:11:48 4 0 27
17:12:18 4 0 27
17:12:48 4 0 27
17:13:18 4 0 28
17:13:48 4 0 27
17:14:18 4 0 27
17:14:48 4 0 27
17:15:19 4 0 27
17:15:49 4 0 26
17:16:19 4 0 27
17:16:49 4 0 27
17:17:19 4 0 27
17:17:49 4 0 28
17:18:19 4 0 27
17:18:49 4 0 27
17:19:20 4 0 27
17:19:50 4 0 27
17:20:20 4 0 33
17:20:50 4 0 27
17:21:20 4 0 27
17:21:50 4 0 27
17:22:21 4 0 27
17:22:51 4 0 28
17:23:22 4 0 27
17:23:52 4 0 57
17:24:22 4 0 33
17:24:52 4 0 33
17:25:22 4 0 33
17:25:52 4 0 33
17:26:23 4 0 28
17:26:53 4 0 27
17:27:23 4 0 27
17:27:53 4 0 33
17:28:23 4 0 33
17:28:53 4 0 33
17:29:24 4 0 27
17:29:54 4 0 31
17:30:24 4 0 27
17:30:54 4 0 27
17:31:24 4 0 28
17:31:54 4 0 34
17:32:24 4 0 38
17:32:55 4 0 32
17:33:25 4 0 32
17:33:55 4 0 27
17:34:25 4 0 41
17:34:55 4 0 27
17:35:25 4 0 33
17:35:55 4 0 32
17:36:25 4 0 32
17:36:56 4 0 33
17:37:26 4 0 32
17:37:56 4 0 33
17:38:26 4 0 32
17:38:56 4 0 33
17:39:27 4 0 27
17:39:57 4 0 27
17:40:27 4 0 27
17:40:57 4 0 27
17:41:27 4 0 31
17:41:57 4 0 27
17:42:28 4 0 28
17:42:58 4 0 28
17:43:28 4 0 27
17:43:59 4 0 27
17:44:29 4 0 27
17:44:59 4 0 27
17:45:29 4 0 27
17:45:59 4 0 28
17:46:29 4 0 28
17:46:59 4 0 27
17:47:30 4 0 37
17:48:00 4 0 27
17:48:30 4 0 27
17:49:00 4 0 27
17:49:30 4 0 27
17:50:00 4 0 27
17:50:30 4 0 26
17:51:00 4 0 28
17:51:31 4 0 27
17:52:01 4 0 28
17:52:31 4 0 27
17:53:01 4 0 27
17:53:31 4 0 27
17:54:02 3 1 36
17:54:31 4 0 33
17:55:01 4 0 32
17:55:32 4 0 27
17:56:02 4 0 26
17:56:32 4 0 27
17:57:02 4 0 27
17:57:32 4 0 27
17:58:02 4 0 27
17:58:32 4 0 27
17:59:02 4 0 33
17:59:33 4 0 33
18:00:03 4 0 32
18:00:33 4 0 27
18:01:03 4 0 27
18:01:33 4 0 27
18:02:03 4 0 29
18:02:34 4 0 28
18:03:04 4 0 27
18:03:35 4 0 28
18:04:05 4 0 27
18:04:35 4 0 27
18:05:05 4 0 27
18:05:35 4 0 27
18:06:05 4 0 27
18:06:35 4 0 28
18:07:05 4 0 27
18:07:36 4 0 27
18:08:06 4 0 27
18:08:36 4 0 27
18:09:06 4 0 27
18:09:36 4 0 27
18:10:06 4 0 28
18:10:36 4 0 27
18:11:06 4 0 27
18:11:37 4 0 28
18:12:07 4 0 26
18:12:37 4 0 27
18:13:07 4 0 27
18:13:37 4 0 27
18:14:07 4 0 33
18:14:38 4 0 33
18:15:08 4 0 32
18:15:38 4 0 32
18:16:08 4 0 32
18:16:38 4 0 33
18:17:08 4 0 27
18:17:38 4 0 27
18:18:08 4 0 32
18:18:39 4 0 33
18:19:09 4 0 33
18:19:39 4 0 32
18:20:10 3 1 28
18:20:39 4 0 27
18:21:09 4 0 30
18:21:39 4 0 28
18:22:09 4 0 26
18:22:40 4 0 28
18:23:11 4 0 27
18:23:41 4 0 27
18:24:11 4 0 27
18:24:41 4 0 27
18:25:11 4 0 27
18:25:41 4 0 27
18:26:11 4 0 27
18:26:42 4 0 27
18:27:12 4 0 27
18:27:42 4 0 27
18:28:12 4 0 27
18:28:43 4 0 27
18:29:13 4 0 27
18:29:43 4 0 27
18:30:13 4 0 29
18:30:43 4 0 27
18:31:13 4 0 27
18:31:44 4 0 27
18:32:14 4 0 27
18:32:44 4 0 27
18:33:14 4 0 27
18:33:45 4 0 28
18:34:15 4 0 27
18:34:45 4 0 27
18:35:15 4 0 28
18:35:45 4 0 26
18:36:15 4 0 30
18:36:46 4 0 28
18:37:16 4 0 27
18:37:46 4 0 27
18:38:16 4 0 27
18:38:46 4 0 27
18:39:16 4 0 28
18:39:46 4 0 27
18:40:17 4 0 27
18:40:47 4 0 27
18:41:17 4 0 27
18:41:47 4 0 28
18:42:17 4 0 33
18:42:47 4 0 32
18:43:17 4 0 33
18:43:47 4 0 33
18:44:17 4 0 27
18:44:48 4 0 26
18:45:18 4 0 27
18:45:48 4 0 26
18:46:18 4 0 27
18:46:48 4 0 29
18:47:18 4 0 27
18:47:48 4 0 27
18:48:19 3 1 67
18:48:48 4 0 28
18:49:19 4 0 27
18:49:49 4 0 30
18:50:19 4 0 27
18:50:49 4 0 27
18:51:19 4 0 27
18:51:49 4 0 27
18:52:19 4 0 26
18:52:49 4 0 30
18:53:20 4 0 27
18:53:50 4 0 30
18:54:21 4 0 27
18:54:51 4 0 27
18:55:21 4 0 27
18:55:51 4 0 51
18:56:21 4 0 27
18:56:51 4 0 29
18:57:21 4 0 27
18:57:51 4 0 27
18:58:22 4 0 26
18:58:52 4 0 27
18:59:22 4 0 27
18:59:52 4 0 28
19:00:22 4 0 27
19:00:52 4 0 27
19:01:22 4 0 27
19:01:52 4 0 27
19:02:22 4 0 31
19:02:53 4 0 27
19:03:23 4 0 27
19:03:53 4 0 27
19:04:23 4 0 27
19:04:53 4 0 30
19:05:23 4 0 27
19:05:53 4 0 27
19:06:23 4 0 26
19:06:53 4 0 28
19:07:24 4 0 27
19:07:54 4 0 27
19:08:24 4 0 28
19:08:54 4 0 27
19:09:24 4 0 27
19:09:54 4 0 26
19:10:24 4 0 27
19:10:54 4 0 27
19:11:24 4 0 27
19:11:55 4 0 28
19:12:25 4 0 29
19:12:55 4 0 27
19:13:25 4 0 27
19:13:55 4 0 26
19:14:25 4 0 27
19:14:55 4 0 27
19:15:25 4 0 27
19:15:56 4 0 27
19:16:26 4 0 27
19:16:56 4 0 27
19:17:26 4 0 27
19:17:56 4 0 27
19:18:26 4 0 27
19:18:56 4 0 27
19:19:26 4 0 27
19:19:56 4 0 27
19:20:26 4 0 27
19:20:57 4 0 27
19:21:27 4 0 27
19:21:57 4 0 27
19:22:27 4 0 28
19:22:57 4 0 28
19:23:27 4 0 27
19:23:57 4 0 27
19:24:27 4 0 28
19:24:57 4 0 27
19:25:28 4 0 27
19:25:58 4 0 30
19:26:28 4 0 27
19:26:58 4 0 27
19:27:28 4 0 30
19:27:58 4 0 27
19:28:28 4 0 27
19:28:58 4 0 27
19:29:28 4 0 28
19:29:59 4 0 27
19:30:29 4 0 26
19:30:59 4 0 27
19:31:29 4 0 27
19:31:59 4 0 27
19:32:29 4 0 27
19:32:59 4 0 27
19:33:29 4 0 27
19:34:00 4 0 27
19:34:30 4 0 27
19:35:00 4 0 28
19:35:30 4 0 27
19:36:00 4 0 46
19:36:30 4 0 28
19:37:01 4 0 30
19:37:31 4 0 27
19:38:01 4 0 27
19:38:31 4 0 26
19:39:01 4 0 26
19:39:31 4 0 27
19:40:01 4 0 28
19:40:31 4 0 26
19:41:01 4 0 27
19:41:31 4 0 28
19:42:02 4 0 27
19:42:32 4 0 26
19:43:02 4 0 27
19:43:32 4 0 27
19:44:02 4 0 27
19:44:32 4 0 26
19:45:02 4 0 27
19:45:32 4 0 27
19:46:02 4 0 27
19:46:32 4 0 27
19:47:03 4 0 28
19:47:33 4 0 27
19:48:03 4 0 27
19:48:33 4 0 27
19:49:03 4 0 28
19:49:33 4 0 27
19:50:03 4 0 27
19:50:33 4 0 27
19:51:03 4 0 27
19:51:33 4 0 27
19:52:04 4 0 27
19:52:34 4 0 27
19:53:04 4 0 27
19:53:34 4 0 27
19:54:04 4 0 27
19:54:34 4 0 27
19:55:04 4 0 26
19:55:34 4 0 26
19:56:04 4 0 27
19:56:34 4 0 27
19:57:05 4 0 27
19:57:35 4 0 27
19:58:05 4 0 27
19:58:35 4 0 27
19:59:05 4 0 27
19:59:35 4 0 27
20:00:05 4 0 27
20:00:36 4 0 27
20:01:06 4 0 27
20:01:36 4 0 26
20:02:06 4 0 27
20:02:36 4 0 27
20:03:06 4 0 27
20:03:36 4 0 27
20:04:06 4 0 27
20:04:36 4 0 27
20:05:06 4 0 27
20:05:36 4 0 26
20:06:07 4 0 27
20:06:37 4 0 27
20:07:07 4 0 29
20:07:37 4 0 27
20:08:07 4 0 27
20:08:37 4 0 27
20:09:07 4 0 27
20:09:37 4 0 27
20:10:07 4 0 27
20:10:37 4 0 27
20:11:08 4 0 26
20:11:38 4 0 27
20:12:08 4 0 27
20:12:38 4 0 27
20:13:08 4 0 27
20:13:38 4 0 27
20:14:08 4 0 27
20:14:38 4 0 27
20:15:08 4 0 27
20:15:39 4 0 59
20:16:09 4 0 27
20:16:39 4 0 27
20:17:09 4 0 27
20:17:39 4 0 27
20:18:09 4 0 27
20:18:39 4 0 27
20:19:09 4 0 27
20:19:39 4 0 27
20:20:10 4 0 33
20:20:40 4 0 32
20:21:10 4 0 32
20:21:40 4 0 27
20:22:10 4 0 27
20:22:40 4 0 27
20:23:10 4 0 27
20:23:40 4 0 27
20:24:11 4 0 28
20:24:41 4 0 27
20:25:11 4 0 27
20:25:41 4 0 27
20:26:11 4 0 26
20:26:41 4 0 27
20:27:11 4 0 27
20:27:41 4 0 28
20:28:12 4 0 27
20:28:42 4 0 27
20:29:12 4 0 27
20:29:42 4 0 27
20:30:12 4 0 27
20:30:42 4 0 27
20:31:12 4 0 27
20:31:42 4 0 27
20:32:12 4 0 27
20:32:42 4 0 26
20:33:13 4 0 27
20:33:43 4 0 27
20:34:13 4 0 27
20:34:43 4 0 27
20:35:13 4 0 27
20:35:43 4 0 26
20:36:13 4 0 27
20:36:43 4 0 27
20:37:13 4 0 27
20:37:44 4 0 27
20:38:14 4 0 27
20:38:44 4 0 28
20:39:14 4 0 28
20:39:44 4 0 27
20:40:14 4 0 27
20:40:44 4 0 27
20:41:14 4 0 27
20:41:44 4 0 27
20:42:15 4 0 27
20:42:45 4 0 27
20:43:15 4 0 27
20:43:45 4 0 27
20:44:15 4 0 26
20:44:45 4 0 27
20:45:15 4 0 27
20:45:45 4 0 28
20:46:15 4 0 28
20:46:46 4 0 28
20:47:16 4 0 26
20:47:46 4 0 27
20:48:16 4 0 27
20:48:46 4 0 27
20:49:16 4 0 27
20:49:46 4 0 27
20:50:16 4 0 27
20:50:46 4 0 26
20:51:16 4 0 27
20:51:46 4 0 28
20:52:17 4 0 27
20:52:47 4 0 27
20:53:17 4 0 27
20:53:47 4 0 27
20:54:17 4 0 27
20:54:47 4 0 27
20:55:17 4 0 27
20:55:47 4 0 27
20:56:17 4 0 26
20:56:47 4 0 26
20:57:18 4 0 27
20:57:48 4 0 26
20:58:18 4 0 27
20:58:48 4 0 26
20:59:18 4 0 27
20:59:48 4 0 27
21:00:18 4 0 26
21:00:48 4 0 27
21:01:19 4 0 27
21:01:49 4 0 27
21:02:19 4 0 27
21:02:49 4 0 27
21:03:19 4 0 27
21:03:49 4 0 59
21:04:19 4 0 28
21:04:49 4 0 27
21:05:19 4 0 27
21:05:49 4 0 27
21:06:20 4 0 27
21:06:50 4 0 27
21:07:21 4 0 31
21:07:51 4 0 27
21:08:21 4 0 27
21:08:51 4 0 27
21:09:21 4 0 27
21:09:51 4 0 27
21:10:21 4 0 27
21:10:51 4 0 26
21:11:22 4 0 27
21:11:52 4 0 27
21:12:22 4 0 26
21:12:52 4 0 27
21:13:22 4 0 27
21:13:52 4 0 27
21:14:22 4 0 27
21:14:52 4 0 26
21:15:22 4 0 26
21:15:52 4 0 27
21:16:22 4 0 27
21:16:53 4 0 27
21:17:23 4 0 27
21:17:53 4 0 26
21:18:23 4 0 27
21:18:53 4 0 27
21:19:24 4 0 27
21:19:54 4 0 27
21:20:24 4 0 27
21:20:54 4 0 27
21:21:24 4 0 27
21:21:54 4 0 27
21:22:24 4 0 27
21:22:54 4 0 27
21:23:24 4 0 27
21:23:54 4 0 27
21:24:25 4 0 26
21:24:55 4 0 27
21:25:25 4 0 27
21:25:55 4 0 28
21:26:25 4 0 29
21:26:56 4 0 28
21:27:26 4 0 54
21:27:56 4 0 28
21:28:27 4 0 27
21:28:57 4 0 27
21:29:27 4 0 27
21:29:57 4 0 27
21:30:27 4 0 27
21:30:57 4 0 28
21:31:27 4 0 27
21:31:57 4 0 27
21:32:27 4 0 27
21:32:57 4 0 27
21:33:28 4 0 27
21:33:58 4 0 26
21:34:28 4 0 27
21:34:58 4 0 27
21:35:28 4 0 27
21:35:58 4 0 27
21:36:28 4 0 28
21:36:58 4 0 28
21:37:29 4 0 27
21:37:59 4 0 27
21:38:29 4 0 27
21:38:59 4 0 33
21:39:29 4 0 34
21:39:59 4 0 33
21:40:29 4 0 32
21:40:59 4 0 27
21:41:29 4 0 28
21:41:59 4 0 27
21:42:30 4 0 27
21:43:00 4 0 28
21:43:30 4 0 36
21:44:00 4 0 32
21:44:30 4 0 32
21:45:00 4 0 27
21:45:30 4 0 30
21:46:00 4 0 27
21:46:31 4 0 27
21:47:01 4 0 29
21:47:31 4 0 27
21:48:01 4 0 27
21:48:31 4 0 33
21:49:01 4 0 33
21:49:31 4 0 33
21:50:01 4 0 27
21:50:32 4 0 27
21:51:02 4 0 32
21:51:32 4 0 33
21:52:02 4 0 33
21:52:32 4 0 27
21:53:02 4 0 27
21:53:32 4 0 27
21:54:02 4 0 27
21:54:33 4 0 27
21:55:03 4 0 27
21:55:33 4 0 27
21:56:03 4 0 28
21:56:33 4 0 26
21:57:03 4 0 28
21:57:33 4 0 27
21:58:03 4 0 27
21:58:34 4 0 27
21:59:04 4 0 27
21:59:34 4 0 28
22:00:04 4 0 27
22:00:34 4 0 27
22:01:04 4 0 28
22:01:34 4 0 27
22:02:04 4 0 58
22:02:34 4 0 27
22:03:05 4 0 28
22:03:35 4 0 27
22:04:05 4 0 27
22:04:35 4 0 27
22:05:05 4 0 27
22:05:35 4 0 29
22:06:05 4 0 27
22:06:36 4 0 27
22:07:07 4 0 27
22:07:37 4 0 27
22:08:07 4 0 27
22:08:37 4 0 28
22:09:07 4 0 27
22:09:37 4 0 28
22:10:07 4 0 28
22:10:37 4 0 27
22:11:07 4 0 27
22:11:38 4 0 27
22:12:08 4 0 27
22:12:38 4 0 27
22:13:08 4 0 27
22:13:38 4 0 27
22:14:08 4 0 28
22:14:38 4 0 27
22:15:09 4 0 27
22:15:39 4 0 27
22:16:09 4 0 27
22:16:39 4 0 26
22:17:09 4 0 27
22:17:39 4 0 27
22:18:09 4 0 27
22:18:39 4 0 28
22:19:09 4 0 27
22:19:40 4 0 27
22:20:10 4 0 27
22:20:40 4 0 27
22:21:10 4 0 27
22:21:40 4 0 26
22:22:10 4 0 27
22:22:40 4 0 27
22:23:10 4 0 26
22:23:41 4 0 27
22:24:11 4 0 27
22:24:41 4 0 27
22:25:11 4 0 28
22:25:41 4 0 27
22:26:11 4 0 27
22:26:41 4 0 27
22:27:11 4 0 28
22:27:42 4 0 27
22:28:12 4 0 28
22:28:42 4 0 26
22:29:12 4 0 27
22:29:42 4 0 29
22:30:12 4 0 27
22:30:42 4 0 27
22:31:12 4 0 27
22:31:43 4 0 26
22:32:13 4 0 27
22:32:43 4 0 27
22:33:13 4 0 27
22:33:43 4 0 27
22:34:13 4 0 27
22:34:43 4 0 27
22:35:13 4 0 27
22:35:44 4 0 27
22:36:14 4 0 27
22:36:44 4 0 63
22:37:14 4 0 27
22:37:44 4 0 27
22:38:14 4 0 29
22:38:45 4 0 27
22:39:15 4 0 27
22:39:45 4 0 27
22:40:15 4 0 27
22:40:45 4 0 27
22:41:15 4 0 58
22:41:45 4 0 27
22:42:15 4 0 26
22:42:46 4 0 27
22:43:16 4 0 26
22:43:46 4 0 28
22:44:16 4 0 27
22:44:46 4 0 27
22:45:16 4 0 27
22:45:46 4 0 27
22:46:16 4 0 27
22:46:47 4 0 26
22:47:17 4 0 27
22:47:47 4 0 27
22:48:17 4 0 27
22:48:47 4 0 27
22:49:17 4 0 27
22:49:47 4 0 27
22:50:17 4 0 27
22:50:48 4 0 27
22:51:18 4 0 27
22:51:48 4 0 27
22:52:18 4 0 28
22:52:48 4 0 26
22:53:18 4 0 27
22:53:48 4 0 27
22:54:18 4 0 27
22:54:49 4 0 62
22:55:19 4 0 27
22:55:49 4 0 27
22:56:19 4 0 27
22:56:49 4 0 27
22:57:19 4 0 27
22:57:49 4 0 27
22:58:19 4 0 28
22:58:50 4 0 27
22:59:20 4 0 26
22:59:50 4 0 27
23:00:20 4 0 26
23:00:50 4 0 27
23:01:20 4 0 26
23:01:51 4 0 27
23:02:21 4 0 27
23:02:51 4 0 27
23:03:21 4 0 27
23:03:51 4 0 27
23:04:21 4 0 27
23:04:51 4 0 27
23:05:21 4 0 27
23:05:52 4 0 27
23:06:22 4 0 26
23:06:52 4 0 27
23:07:22 4 0 27
23:07:52 4 0 70
23:08:22 4 0 27
23:08:52 4 0 26
23:09:22 4 0 27
23:09:53 4 0 27
23:10:23 4 0 27
23:10:53 4 0 27
23:11:23 4 0 27
23:11:53 4 0 27
23:12:23 4 0 27
23:12:53 4 0 27
23:13:23 4 0 33
23:13:54 4 0 33
23:14:24 4 0 32
23:14:54 4 0 33
23:15:24 4 0 32
23:15:54 4 0 27
23:16:24 4 0 27
23:16:54 4 0 49
23:17:24 4 0 27
23:17:55 4 0 27
23:18:25 4 0 28
23:18:55 4 0 27
23:19:25 4 0 26
23:19:55 4 0 28
23:20:25 4 0 27
23:20:55 4 0 27
23:21:25 4 0 28
23:21:56 4 0 27
23:22:26 4 0 27
23:22:56 4 0 26
23:23:26 4 0 27
23:23:56 4 0 28
23:24:26 4 0 27
23:24:57 4 0 29
23:25:27 4 0 27
23:25:57 4 0 32
23:26:27 4 0 33
23:26:57 4 0 33
23:27:27 4 0 32
23:27:57 4 0 32
23:28:27 4 0 27
23:28:58 4 0 32
23:29:28 4 0 33
23:29:58 4 0 32
23:30:28 4 0 27
23:30:58 4 0 27
23:31:28 4 0 27
23:31:58 4 0 26
23:32:28 4 0 27
23:32:59 4 0 27
23:33:29 4 0 27
23:33:59 4 0 27
23:34:29 4 0 27
23:34:59 4 0 27
23:35:29 4 0 28
23:35:59 4 0 27
23:36:29 4 0 26
23:37:00 4 0 27
23:37:30 4 0 27
23:38:00 4 0 27
23:38:30 4 0 27
23:39:00 4 0 28
23:39:30 4 0 27
23:40:00 4 0 28
23:40:31 4 0 27
23:41:01 4 0 29
23:41:31 4 0 28
23:42:01 4 0 28
23:42:31 4 0 27
23:43:02 4 0 30
23:43:32 4 0 27
23:44:02 4 0 27
23:44:32 4 0 27
23:45:02 4 0 27
23:45:32 4 0 30
23:46:03 4 0 28
23:46:33 4 0 27
23:47:03 4 0 27
23:47:33 4 0 27
23:48:04 4 0 28
23:48:34 4 0 27
23:49:05 4 0 27
23:49:35 4 0 27
23:50:05 4 0 26
23:50:35 4 0 27
23:51:06 4 0 27
23:51:36 4 0 27
23:52:06 4 0 27
23:52:37 4 0 27
23:53:08 4 0 27
23:53:38 4 0 29
23:54:08 4 0 27
23:54:38 4 0 27
23:55:09 4 0 27
23:55:39 4 0 27
23:56:10 4 0 26
23:56:41 4 0 27
23:57:12 4 0 27
23:57:42 4 0 27
23:58:13 4 0 27
23:58:43 4 0 27
23:59:13 4 0 28
23:59:47 4 0 27
