00:01:33 3793 2294
00:02:42 10801 7222
00:03:24 10596 1882
00:04:21 20237 38316
00:05:22 30841 4095
00:06:23 1734 1014
00:07:28 153027 20388
00:08:26 47386 24972
02:00:07 61044 4410
02:01:08 156583 19262
02:02:09 21469 14277
02:03:09 25774 2603
02:04:09 55562 13860
02:05:10 55231 17557
02:06:10 -1 -1
02:07:11 62339 42830
02:08:11 299314 10600
02:09:12 19193 2379
02:10:12 8589 5712
02:11:12 13472 10596
02:12:13 -1 -1
02:13:13 27033 4285
02:14:14 4057 4012
02:15:14 22986 39692
02:16:15 60282 41932
02:17:15 53182 40312
02:18:16 1807 2138
02:19:16 34702 5307
02:20:16 32149 1416
02:21:17 198 535
02:22:17 42665 3840
02:23:18 74594 36521
02:24:18 12430 1649
02:25:18 -1 -1
02:26:19 41357 19565
02:27:19 87600 140996
02:28:20 -1 -1
02:29:20 35393 2551
02:30:21 20034 28875
02:31:21 -1 -1
02:32:22 2498 4218
02:33:22 17473 3311
02:34:22 -1 -1
02:35:23 3376 3615
02:36:23 63092 4783
02:37:23 2179 1961
02:38:24 47862 4245
02:39:24 7527 5076
02:40:25 10713 3797
02:41:25 21815 40415
02:42:25 21627 1080
02:43:26 -1 -1
02:44:26 7748 7078
02:45:26 16570 3522
02:46:27 1483 2034
02:47:27 -1 -1
02:48:28 -1 -1
02:49:28 38072 3432
02:50:29 25452 3372
02:51:29 26342 8477
02:52:29 208836 144189
02:53:30 35191 3480
02:54:30 19892 2256
02:55:31 12066 7439
02:56:31 43784 6788
02:57:31 5191 7249
02:58:32 7353 8880
02:59:32 21296 4683
03:00:33 40721 2785
03:01:33 50171 2441
03:02:33 16694 3792
03:03:34 9282 8785
03:04:34 41720 4957
03:05:35 107358 70992
03:06:37 44254 45079
03:07:36 1662 2766
03:08:36 1444 1913
03:09:37 15801 21024
03:10:37 3923 5075
03:11:37 5605 7415
03:12:38 73440 12315
03:13:38 16435 7588
03:14:38 36847 6935
03:15:38 112338 24482
03:16:39 -1 -1
03:17:39 39225 5099
03:18:40 36685 4601
03:19:40 42444 4678
03:20:40 24287 60794
03:21:40 -1 -1
03:22:41 8214 7961
03:23:41 26610 16140
03:24:41 4351 3985
03:25:42 5085 988
03:26:42 32483 42546
03:27:43 4961 5690
03:28:43 1852 10037
03:29:43 10922 2694
03:30:44 3702 2953
03:31:44 12168 4128
03:32:44 156608 15572
03:33:44 40486 5219
03:34:45 20602 2815
03:35:45 49731 169112
03:36:46 4205 3883
03:37:46 25602 3731
03:38:46 12864 1661
03:39:47 26235 3265
03:40:47 29785 3770
03:41:47 117547 10547
03:42:48 106420 8825
03:43:48 4092 862
03:44:48 153899 5423
03:45:49 579 808
03:46:49 61322 6865
03:47:49 48122 6606
03:48:50 26825 10093
03:49:50 117132 6366
03:50:50 49940 9544
03:51:51 63448 6299
03:52:51 20060 6380
03:53:51 579 2240
03:54:52 3195 2596
03:55:52 11245 2960
03:56:52 2574 2829
03:57:53 423632 18406
03:58:53 21302 4252
03:59:53 3831 4806
04:00:54 35499 8344
04:01:54 131616 23131
04:02:54 -1 -1
04:03:55 2526 1598
04:04:55 113988 5859
04:05:55 53172 4424
04:06:56 2284 2502
04:07:56 10221 1496
04:08:56 519 1551
04:09:57 1251 1773
04:10:57 55972 5724
04:11:58 -1 -1
04:12:58 37766 2109
04:13:58 10871 1663
04:14:58 -1 -1
04:15:59 62965 4602
04:16:59 22518 3512
04:18:00 15223 6808
04:19:00 3301 3044
04:20:00 -1 -1
04:21:01 -1 -1
04:22:01 5029 2207
04:23:01 62452 12175
04:24:02 19413 2306
04:25:02 391420 22622
04:26:02 12729 9557
04:27:03 39954 3074
04:28:03 579 895
04:29:03 4324 4751
04:30:03 31560 6003
04:31:04 3166 4916
04:32:06 -1 -1
04:33:05 12670 2031
04:34:05 1365 2198
04:35:05 166908 8485
04:36:06 26449 3806
04:37:06 -1 -1
04:38:06 434 1743
04:39:07 1484 1527
04:40:07 36202 4388
04:41:08 21285 2795
04:42:08 -1 -1
04:43:08 27218 2982
04:44:09 20035 2589
04:45:09 74169 12460
04:46:10 249911 43331
04:47:10 20521 2633
04:48:10 -1 -1
04:49:11 864 2011
04:50:11 21506 4029
04:51:11 2918 2491
04:52:11 73341 7015
04:53:12 94176 8290
04:54:12 30062 2301
04:55:12 61538 44575
04:56:13 3055 3427
04:57:13 17707 6964
04:58:13 579 674
04:59:14 39960 45931
05:00:14 44931 46380
05:01:15 -1 -1
05:02:15 21051 6812
05:03:15 17468 2913
05:04:15 16396 3394
05:05:16 -1 -1
05:06:16 2519 3037
05:07:16 4415 1936
05:08:17 58691 3635
05:09:18 10115 2356
05:10:18 915 2011
05:11:18 71120 8908
05:12:18 2269 3016
05:13:19 -1 -1
05:14:19 34373 2008
05:15:19 17852 2673
05:16:20 17225 3968
05:17:20 450 1136
05:18:20 5715 1810
05:19:21 -1 -1
05:20:21 19794 3202
05:21:22 32518 3118
05:22:22 6207 3007
05:23:22 1965 1141
05:24:23 -1 -1
05:25:23 26869 3194
05:26:23 41526 3755
05:27:24 2314 2140
05:28:24 28602 1540
05:29:24 3414 5415
05:30:25 28399 4797
05:31:25 9470 1256
05:32:25 695 1348
05:33:26 -1 -1
05:34:26 49624 3941
05:35:26 35388 6010
05:36:27 396 1280
05:37:27 -1 -1
05:38:27 22132 2250
05:39:28 44885 3864
05:40:29 19969 3446
05:41:28 3980 1063
05:42:29 61988 35241
05:43:29 5123 18139
05:44:29 963477 40517
05:45:30 9959 3972
05:46:30 46817 5773
05:47:30 104937 4661
05:48:31 -1 -1
05:49:31 42909 2502
05:50:31 73258 3525
05:51:32 5059 1650
05:52:32 13150 12009
05:53:32 10533 4003
05:54:33 22201 2152
05:55:33 -1 -1
05:56:34 5594 4494
05:57:34 251153 18917
05:58:34 2897 4030
05:59:35 -1 -1
06:00:35 11531 3665
06:01:36 32422 5044
06:02:36 29280 9784
06:03:36 26499 3907
06:04:37 19606 2447
06:05:37 1004 15017
06:06:38 13660 3529
06:07:38 24092 3471
06:08:38 13808 2129
06:09:39 1665 3092
06:10:39 204111 10720
06:11:39 37359 5806
06:12:40 22191 4789
06:13:40 645 2884
06:14:40 19741 2161
06:15:41 6887 6684
06:16:41 135229 7390
06:17:41 -1 -1
06:18:42 -1 -1
06:19:42 20856 5585
06:20:43 19443 2828
06:21:43 -1 -1
06:22:43 2755 3516
06:23:44 4501 4117
06:24:44 1105 1474
06:25:44 20684 21403
06:26:45 1584 1830
06:27:45 104206 3444
06:28:45 6505 4239
06:29:46 1999 2911
06:30:46 2085 2884
06:31:46 2446 1746
06:32:47 679 2029
06:33:47 117197 10583
06:34:47 984 1003
06:35:48 499 1269
06:36:48 1727 2923
06:37:48 85424 5393
06:38:49 8674 5555
06:39:49 1956 2055
06:40:49 -1 -1
06:41:50 37362 3896
06:42:50 64629 7314
06:43:50 32587 8923
06:44:51 -1 -1
06:45:52 97019 8329
06:46:52 23082 9073
06:47:52 -1 -1
06:48:52 -1 -1
06:49:53 48960 10657
06:50:53 21214 3611
06:51:54 54199 9046
06:52:53 99026 7429
06:53:54 -1 -1
06:54:54 169608 213499
06:55:54 27025 2842
06:56:55 24404 7471
06:57:55 29675 3472
06:58:56 -1 -1
06:59:56 -1 -1
07:00:56 -1 -1
07:01:56 67370 4623
07:02:57 -1 -1
07:03:57 -1 -1
07:04:58 39684 3660
07:05:58 63783 6718
07:06:58 -1 -1
07:07:59 40677 4586
07:08:59 59691 6446
07:09:59 101983 10170
07:10:59 59972 4753
07:12:00 33686 4029
07:13:00 95868 22659
07:14:01 94783 22799
07:15:01 69198 4947
07:16:02 -1 -1
07:17:01 91214 6397
07:18:02 1953 2553
07:19:02 -1 -1
07:20:02 51510 17286
07:21:03 66356 12818
07:22:03 31905 8501
07:23:04 -1 -1
07:24:04 55134 6349
07:25:04 83973 47478
07:26:05 43339 5510
07:27:05 59004 10533
07:28:06 54867 9286
07:29:06 111830 9722
07:30:06 53753 3630
07:31:07 20714 5179
07:32:07 64087 5690
07:33:07 -1 -1
07:34:07 56875 4671
07:35:08 2096 1886
07:36:08 -1 -1
07:37:09 63303 8343
07:38:09 29969 3609
07:39:10 19911 2131
07:40:09 69810 5633
07:41:10 44641 3036
07:42:10 20765 2547
07:43:11 40016 3741
07:44:11 64514 6239
07:45:11 9540 2313
07:46:11 43238 4453
07:47:11 65615 39565
07:48:12 -1 -1
07:49:12 2534 2727
07:50:13 10444 4293
07:51:13 1572 2323
07:52:13 29657 2083
07:53:13 50953 3142
07:54:14 103869 74975
07:55:14 105415 8273
07:56:14 -1 -1
07:57:15 37430 6805
07:58:15 12564 2619
07:59:15 -1 -1
08:00:16 19612 3657
08:01:16 52347 7878
08:02:16 57831 7265
08:03:17 63692 36932
08:04:17 -1 -1
08:05:17 -1 -1
08:06:18 18104 2002
08:07:18 11025 11704
08:08:18 -1 -1
08:09:18 -1 -1
08:10:19 12305 3341
08:11:19 11910 2880
08:12:19 25091 33192
08:13:20 -1 -1
08:14:20 3606 4991
08:15:20 23866 5762
08:16:21 7607 2571
08:17:21 14895 7689
08:18:21 6895 10326
08:19:22 64044 5121
08:20:22 36676 4340
08:21:22 147076 6629
08:22:23 2130 1772
08:23:24 24502 11648
08:24:24 123684 4756
08:25:24 50342 6026
08:26:25 2479 4871
08:27:25 54663 4316
08:28:25 192958 14043
08:29:25 41251 39245
08:30:26 114366 4332
08:31:26 45882 8252
08:32:27 178603 144220
08:33:27 310 503
08:34:27 6683 17051
08:35:27 45645 20430
08:36:28 14277 5421
08:37:28 1507 1736
08:38:28 706 540
08:39:29 24557 8426
08:40:29 726 1027
08:41:29 1561 1866
08:42:30 4196 8861
08:43:30 -1 -1
08:44:30 18785 19109
08:45:31 9042 835
08:46:31 10276 9965
08:47:31 245925 7283
08:48:32 47227 5793
08:49:32 17798 3209
08:50:33 19910 20132
08:51:33 41109 16313
08:52:33 87340 6700
08:53:34 72023 4503
08:54:34 -1 -1
08:55:35 77216 7781
08:56:36 146169 6969
08:57:37 1705955 55683
08:58:37 39504 4211
08:59:37 137818 9546
09:00:38 64549 8129
09:01:38 24111 14292
09:02:38 30877 5936
09:03:39 20121 2391
09:04:39 43898 43166
09:05:39 895392 24520
09:06:39 5276 8200
09:07:40 29989 6413
09:08:40 10993 7381
09:09:40 454 1132
09:10:40 20987 16634
09:11:42 28803 4142
09:12:41 62521 5663
09:13:41 414581 16377
09:14:41 283639 15895
09:15:42 622562 30936
09:16:42 212359 5944
09:17:42 95322 3951
09:18:43 7910 3103
09:19:43 21119 2681
09:20:43 -1 -1
09:21:44 3974 1982
09:22:44 16272 3235
09:23:44 40630 10278
09:24:44 68134 4386
09:25:45 3033 1643
09:26:45 223341 10896
09:27:45 133979 27399
09:28:46 8681 3089
09:29:46 7150 7942
09:30:46 85706 14565
09:31:46 7433 5477
09:32:47 6361 6622
09:33:47 19871 2428
09:34:47 8573 8344
09:35:48 26047 4438
09:36:48 108957 103593
09:37:48 20329 5809
09:38:49 366 1026
09:39:49 656 1088
09:40:50 -1 -1
09:41:50 5175 2809
09:42:50 26926 3007
09:43:50 53187 29147
09:44:51 27034 3375
09:45:51 29471 10541
09:46:51 69083 50838
09:47:52 93503 17342
09:48:52 633 1442
09:49:52 113223 7503
09:50:52 29196 4898
09:51:53 1355 4517
09:52:53 6515 2462
09:53:53 20371 3441
09:54:53 129591 5281
09:55:53 8990 2919
09:56:54 6989 1719
09:57:54 1185 1458
09:58:54 33470 10017
09:59:54 942 3146
10:00:55 -1 -1
10:01:55 1880252 254718
10:02:55 30602 7186
10:03:55 20562 7157
10:04:54 -1 -1
10:05:56 38563 7239
10:06:56 212356 248316
10:07:56 60164 6260
10:08:57 32988 6628
10:09:57 44138 44794
10:10:57 209158 8414
10:11:57 2520461 80770
10:12:58 283257 14180
10:13:58 16970 13280
10:14:58 55779 47839
10:15:58 97964 7960
10:16:59 22286 6760
10:17:59 108941 49659
10:18:59 14772 17802
10:19:59 21909 5634
10:21:00 55953 5505
10:22:00 21222 1961
10:23:01 32356 13768
10:24:02 1406 2077
10:25:03 52940 7243
10:26:03 41948 5376
10:27:04 937577 34385
10:28:05 60858 5295
10:29:05 77391 71113
10:30:05 41936 5666
10:31:05 4342 6856
10:32:06 6478 4484
10:33:06 54178 31545
10:34:06 84861 5830
10:35:09 77057 3597
10:36:07 4508 5020
10:37:07 4214 3876
10:38:07 26443 61837
10:39:07 13337 2606
10:40:08 127215 7172
10:41:08 48366 3615
10:42:09 12485 2130
10:43:09 12541 2349
10:44:09 1846 2552
10:45:10 -1 -1
10:46:10 76973 7086
10:47:10 655 1858
10:48:10 82351 17979
10:49:11 -1 -1
10:50:11 995139 44661
10:51:12 20291 7872
10:52:12 30509 2222
10:53:13 713 1310
10:54:13 493 3654
10:55:13 30654 3253
10:56:14 7569 1682
10:57:15 9176 3214
10:58:16 -1 -1
10:59:16 44825 2417
11:00:16 30542 9011
11:01:17 3216 5388
11:02:17 1936 5916
11:03:17 24374 3892
11:04:18 32647 6133
11:05:18 255034 15165
11:06:18 106142 3882
11:07:19 3253 3590
11:08:19 -1 -1
11:09:21 -1 -1
11:10:20 54926 3360
11:11:20 138647 9138
11:12:20 391745 39474
11:13:24 99299 10343764
11:14:22 7634 2877
11:15:22 151433 9009
11:16:23 -1 -1
11:17:24 385309 22159
11:18:24 85994 5361
11:19:25 15169 1902
11:20:25 59732 4005
11:21:25 165962 18261
11:22:26 244056 21393
11:23:30 -1 -1
11:24:26 51971 5488
11:25:26 156536 8427
11:26:27 28522 5587
11:27:27 1165949 59576
11:28:27 56425 7007
11:29:27 19013 2061
11:30:28 43538 5753
11:31:28 75885 10061
11:32:28 26915 5767
11:33:31 134638 9043
11:34:29 18519 4867
11:35:29 -1 -1
11:36:30 2589 3509
11:37:31 3330 4679
11:38:31 27428 4915
11:39:32 9986 2490
11:40:32 169500 10154
11:41:32 88726 10328
11:42:32 135592 7825
11:43:33 28183 1649
11:44:33 10228 4688
11:45:34 16588 3411
11:46:35 110696 6083
11:47:35 4225 143679
11:48:36 22520 37890
11:49:36 1325 50763
11:50:37 2111 53431
11:51:38 192755 58991
11:52:38 9288 46985
11:53:39 11392 54573
11:54:39 158591 59550
11:55:39 10820 52552
11:56:40 33561 98218
11:57:40 5155 102154
11:58:40 8879 138877
11:59:40 782340 236141
12:00:41 5334 260406
12:01:41 80744 368600
12:02:41 47881 380320
12:03:41 286360 42523
12:04:42 33110 66699
12:05:42 77976 54586
12:06:43 39845 55428
12:07:43 -1 -1
12:08:44 191638 62543
12:09:44 -1 -1
12:10:45 137271 60129
12:11:45 2001 53371
12:12:45 32760 46717
12:13:46 6962 53276
12:14:45 -1 -1
12:15:47 11514 71804
12:16:47 37881 55480
12:17:48 22082 53652
12:18:49 126634 52751
12:19:49 12152 52718
12:20:49 10969 55268
12:21:49 1529 53550
12:22:49 4545 53122
12:23:50 1572 53310
12:24:50 4669 51231
12:25:50 132110 54453
12:26:50 37355 61959
12:27:51 7883 51845
12:28:51 53274 56197
12:29:51 1906 53685
12:30:52 21281 49509
12:31:52 228448 44006
12:32:52 9181 48659
12:33:52 18255 29557
12:34:53 21650 52858
12:35:53 27547 54890
12:36:53 39982 58800
12:37:53 105788 57212
12:38:54 311536 62149
12:39:54 1910 53912
12:40:54 31184 55800
12:41:54 91320 57355
12:42:55 50911 58032
12:43:55 36088 57588
12:44:55 2463 55352
12:45:55 16827 52803
12:46:55 303068 60765
12:47:56 -1 -1
12:48:56 -1 -1
12:49:56 38854 51577
12:50:57 13160 65853
12:51:57 5869 52024
12:52:58 -1 -1
12:53:58 1399 51711
12:54:58 103080 53927
12:55:58 103159 55033
12:56:59 22658 54689
12:57:59 12848 53013
12:58:59 9159 57302
12:59:59 19279 56849
13:01:00 556299 71411
13:02:00 5251 55108
13:03:00 62912 59710
13:04:00 40055 54084
13:05:01 419453 65984
13:06:01 89264 57766
13:07:01 2543 53322
13:08:01 11347 52741
13:09:01 30304 53202
13:10:02 79237 56978
13:11:02 53336 53821
13:12:02 4612 54615
13:13:02 3241 54181
13:14:02 53676 55234
13:15:02 35616 55191
13:16:03 31391 55127
13:17:03 36400 54939
13:18:03 2321 53719
13:19:03 4500 54313
13:20:04 23965 48391
13:21:04 45364 58076
13:22:04 11462 53456
13:23:05 1635 51948
13:24:05 26542 56392
13:25:05 5673 55147
13:26:06 293879 59906
13:27:06 -1 -1
13:28:06 12341 65343
13:29:06 2537 53970
13:30:06 3582 55020
13:31:07 1630 52399
13:32:07 6458 59033
13:33:08 -1 -1
13:34:08 502668 71781
13:35:08 448171 63667
13:36:08 3639 54880
13:37:09 667647 75037
13:38:09 3581 32676
13:39:09 40603 57163
13:40:09 14590 54850
13:41:10 29270 4713
13:42:10 11827 4039
13:43:11 2239 3183
13:44:11 19651 3217
13:45:11 3882 1797
13:46:12 11840 1371
13:47:12 138556 45371
13:48:32 -1 -1
13:49:13 30086 5717
13:50:13 75424 7266
13:51:13 17542 11855
13:52:13 218535 13058
13:53:14 498 1441
13:54:14 38712 4204
13:55:14 20202 1746
13:56:14 190672 11155
13:57:15 20136 9141
13:58:15 9780 3592
13:59:15 19252 3210
14:00:15 28750 5848
14:01:15 119050 6649
14:02:16 45307 4521
14:03:16 281136 13406
14:04:16 34425 10068
14:05:16 182224 13187
14:06:17 702 1690
14:07:17 5133 9934
14:08:17 36742 2134
14:09:18 12257 2713
14:10:18 13453 3870
14:11:18 1101 1940
14:12:19 23687 6829
14:13:19 -1 -1
14:14:19 60070 10009
14:15:20 5132 1647
14:16:20 49521 4592
14:17:20 2776 4301
14:18:20 111860 4755
14:19:21 29102 3855
14:20:21 29226 4412
14:21:21 586 1746
14:22:21 23268 3430
14:23:22 4220 4131
14:24:22 2733 3499
14:25:22 29503 3354
14:26:22 -1 -1
14:27:23 1862 2613
14:28:23 685221 24722
14:29:24 -1 -1
14:30:24 58172 5327
14:31:24 7372 16672
14:32:24 29036 4426
14:33:25 6508 2592
14:34:25 57047 11105
14:35:25 989 1529
14:36:26 31659 2246
14:37:27 1763 2983
14:38:27 307028 21976
14:39:27 -1 -1
14:40:28 2134 2089
14:41:28 -1 -1
14:42:29 58021 3867
14:43:29 267 770
14:44:30 806 2971
14:45:31 64349 10233
14:46:34 11602 5865
14:47:31 29224 3882
14:48:32 5747 6469
14:49:32 457954 26238
14:50:32 65627 4679
14:51:36 114397 5357
14:52:35 70528 6909
14:53:35 -1 -1
14:54:35 -1 -1
14:55:35 18914 3768
14:56:36 237963 20963
14:57:36 100890 13136
14:58:36 39676 3312
14:59:36 420781 17417
15:00:37 -1 -1
15:01:37 70344 8906
15:02:37 347337 13095
15:03:37 37014 7940
15:04:37 9644 2232
15:05:37 130213 9950
15:06:38 -1 -1
15:07:38 193632 10626
15:08:38 -1 -1
15:09:38 -1 -1
15:10:38 148021 7168
15:11:39 24578 6323
15:12:39 -1 -1
15:13:39 20098 3840
15:14:39 21133 8772
15:15:40 -1 -1
15:16:40 -1 -1
15:17:40 19699 3283
15:18:41 116280 21934
15:19:41 -1 -1
15:20:41 1035 1227
15:21:41 226836 5598
15:22:41 5247 5411
15:23:42 150846 19986
15:24:42 79135 6432
15:25:42 530888 26698
15:26:42 590662 38754
15:27:42 55018 5921
15:28:44 297050 23263
15:29:44 229934 16544
15:30:43 10428 2826
15:31:44 -1 -1
15:32:44 91116 9738
15:33:44 150448 8840
15:34:45 187614 9284
15:35:45 3170 2221
15:36:45 2330 4917
15:37:45 20674 7365
15:38:48 135616 10064
15:39:45 63452 8328
15:40:46 2034 4176
15:41:46 90063 15080
15:42:46 68770 24061
15:43:46 512924 18204
15:44:47 2272 3236
15:45:47 4080 4036
15:46:49 31162 3152
15:47:48 6617 2967
15:48:48 1215 2619
15:49:48 3387 2969
15:50:48 133346 6614
15:51:49 18662 5482
15:52:49 -1 -1
15:53:49 2687 2113
15:54:49 25587 9148
15:55:50 89046 104693
15:56:50 -1 -1
15:57:50 76880 4278
15:58:50 283 723
15:59:50 1732 3202
16:00:51 36933 3323
16:01:51 57643 18590
16:02:51 -1 -1
16:03:51 63640 5526
16:04:51 90792 11228
16:05:52 -1 -1
16:06:52 100233 15634
16:07:52 72436 6826
16:08:55 69343 4844
16:09:56 100346 9022
16:10:53 27475 6549
16:11:53 9625 3131
16:12:54 10219 1933
16:13:54 708950 83460
16:14:54 48567 3668
16:15:54 2413 2768
16:16:54 5552 2968
16:17:54 38393 2294
16:18:55 225272 14317
16:19:55 748589 30143
16:20:55 18362 6714
16:21:55 56794 7323
16:22:56 130088 12046
16:23:56 199981 10332
16:24:56 2243 1159
16:25:56 5469 7247
16:26:57 -1 -1
16:27:57 196213 22455
16:28:57 53852 7856
16:29:58 24717 3997
16:30:57 45412 2098
16:31:58 3184 5243
16:32:58 3619 1583
16:33:59 48067 7741
16:34:59 2875 2242
16:35:59 10996 2897
16:36:59 75510 11667
16:38:00 29348 2454
16:39:00 1916 1497
16:40:00 2987 126860
16:41:00 13921 4273
16:42:01 4672 7238
16:43:01 3963 2526
16:44:01 21847 2368
16:45:01 20153 2605
16:46:02 612616 19959
16:47:02 1797 3591
16:48:02 2302 4041
16:49:05 5434 5054
16:50:02 -1 -1
16:51:02 116649 18248
16:52:03 2306 2261
16:53:03 99539 4223
16:54:03 61933 6041
16:55:04 61824 4019
16:56:04 13464 2574
16:57:04 17451 6997
16:58:05 1183 1291
16:59:05 9608 3263
17:00:05 10144 6554
17:01:05 30253 6076
17:02:06 40618 2669
17:03:06 39968 1985
17:04:06 6259 1069
17:05:07 8700 1630
17:06:07 15440 2160
17:07:07 425180 15264
17:08:07 26658 3286
17:09:07 37559 64923
17:10:08 30093 11097
17:11:08 46802 7550
17:12:08 671 1194
17:13:08 1605103 43038
17:14:09 39645 15645
17:15:09 570 1115
17:16:09 28839 8075
17:17:09 620821 18935
17:18:10 10501 1228
17:19:10 20946 7870
17:20:10 -1 -1
17:21:10 5588 4145
17:22:11 6178 2225
17:23:11 3539 1076
17:24:11 4859 4546
17:25:11 10534 1072
17:26:12 14946 2897
17:27:12 35832 23763
17:28:13 3032 5538
17:29:13 -1 -1
17:30:13 -1 -1
17:31:13 490837 27258
17:32:14 12603 5731
17:33:14 25824 1380
17:34:14 51984 13861
17:35:15 6810 1540
17:36:15 115704 8221
17:37:15 4198 6209
17:38:15 4215 3837
17:39:16 48750 3955
17:40:16 36916 5200
17:41:16 -1 -1
17:42:17 181105 9267
17:43:18 294 632
17:44:18 2636 2911
17:45:18 31712 11317
17:46:18 -1 -1
17:47:19 -1 -1
17:48:19 -1 -1
17:49:19 22220 5477
17:50:20 50845 4622
17:51:20 50698 3106
17:52:20 -1 -1
17:53:20 13390 3877
17:54:21 34049 27084
17:55:21 22795 4323
17:56:21 55989 6639
17:57:21 22340 5208
17:58:22 203700 13733
17:59:22 -1 -1
18:00:22 34331 8400
18:01:22 -1 -1
18:02:23 -1 -1
18:03:23 15218 7198
18:04:23 41198 3310
18:05:23 23972 3487
18:06:24 36436 7120
18:07:24 3368 1677
18:08:24 20501 3995
18:09:24 47427 7414
18:10:25 19389 6387
18:11:25 22484 6927
18:12:25 5610 4792
18:13:25 23047 6814
18:14:26 28562 4557
18:15:26 27249 1944
18:16:26 6164 4304
18:17:26 24624 4454
18:18:27 37995 9642
18:19:27 44774 3049
18:20:27 25477 4958
18:21:27 37058 27551
18:22:28 8590 9947
18:23:29 -1 -1
18:24:29 4557 6063
18:25:30 27392 11142
18:26:30 140851 8286
18:27:30 77457 19929
18:28:31 20832 16019
18:29:31 61654 6658
18:30:32 236 1170
18:31:32 28337 3422
18:32:32 74715 9577
18:33:32 86470 5006
18:34:33 2639 3383
18:35:33 13228 3457
18:36:34 4516 6169
18:37:34 2095 1386
18:38:34 86872 6963
18:39:35 237226 16387
18:40:35 224 623
18:41:35 -1 -1
18:42:35 -1 -1
18:43:36 65119 14605
18:44:36 20719 1624
18:45:36 7751 6991
18:46:36 47372 11815
18:47:36 33331 2978
18:48:37 162 839
18:49:37 518032 29764
18:50:37 192 927
18:51:37 -1 -1
18:52:38 8374 5795
18:53:38 7994 6454
18:54:38 3867 1644
18:55:38 29604 2780
18:56:38 2868 3317
18:57:39 40447 10588
18:58:39 18695 13020
18:59:39 1333 1801
19:00:39 10566 4224
19:01:40 -1 -1
19:02:40 86343 12385
19:03:40 6384 4604
19:04:40 55521 16825
19:05:40 11039 15875
19:06:41 10547 6177
19:07:41 4859 5508
19:08:41 28822 9200
19:09:41 1659 2319
19:10:42 3168 3073
19:11:42 74402 8734
19:12:42 5921 8255
19:13:42 545922 26851
19:14:43 -1 -1
19:15:43 15991 9525
19:16:43 -1 -1
19:17:43 25400 1525
19:18:44 7607 11379
19:19:44 291923 13024
19:20:44 693 715
19:21:44 21609 8203
19:22:44 8565 8685
19:23:45 4710 2576
19:24:45 48869 7235
19:25:45 6707 3246
19:26:45 43003 6328
19:27:45 1515 1764
19:28:46 415 877
19:29:46 41192 3742
19:30:46 4321 2345
19:31:46 667 936
19:32:46 658 1496
19:33:47 162 931
19:34:47 1486 2921
19:35:47 162 877
19:36:48 -1 -1
19:37:48 -1 -1
19:38:48 1824 2200
19:39:48 1332 1327
19:40:49 5504 8565
19:41:49 535 1919
19:42:49 40109 3788
19:43:49 9004 13699
19:44:49 18723 3418
19:45:50 208839 13321
19:46:50 3182 4886
19:47:50 26292 7667
19:48:50 259395 10367
19:49:50 216 881
19:50:51 415 708
19:51:51 619192 31612
19:52:51 2377 5076
19:53:51 61105 3868
19:54:52 23107 4904
19:55:52 24820 11051
19:56:52 19106 5537
19:57:52 860 809
19:58:53 1226 1801
19:59:53 73832 5651
20:00:53 5013 3921
20:01:53 679 1410
20:02:53 110872 7541
20:03:53 22303 4154
20:04:54 469 861
20:05:54 414 720
20:06:54 947 2547
20:07:54 23110 2409
20:08:55 44568 11316
20:09:55 8955 4835
20:10:55 4905 2075
20:11:55 6714 3048
20:12:55 70972 11012
20:13:56 1806 1153
20:14:56 2090 1238
20:15:56 20046 2989
20:16:56 -1 -1
20:17:56 153694 8323
20:18:57 17699 3834
20:19:57 4028 4456
20:20:57 46394 20507
20:21:57 5953 1699
20:22:58 562 1152
20:23:58 162 835
20:24:58 5201 3038
20:25:58 27353 10299
20:26:59 22899 1638
20:27:59 162 468
20:28:59 18483 3315
20:29:59 104851 14555
20:30:59 -1 -1
20:32:00 651 984
20:33:03 49608 17828
20:34:00 11102 1216
20:35:00 111665 15699
20:36:01 203556 36713
20:37:01 32069 3398
20:38:01 1905 26295
20:39:01 3733 12304
20:40:01 73944 7178
20:41:01 45006 50928
20:42:02 113318 8381
20:43:02 81019 4825
20:44:02 101531 8553
20:45:02 52654 6473
20:46:02 585 1500
20:47:03 2439 1299
20:48:03 48986 10705
20:49:03 3026 4007
20:50:03 -1 -1
20:51:04 108746 6697
20:52:04 -1 -1
20:53:04 88886 4085
20:54:03 -1 -1
20:55:04 22596 4066
20:56:05 239628 10828
20:57:05 -1 -1
20:58:05 253740 21951
20:59:05 451238 25466
21:00:06 118864 11766
21:01:06 4581 15671
21:02:06 76734 70207
21:03:06 128264 3240
21:04:06 6700 3803
21:05:07 196162 8698
21:06:07 -1 -1
21:07:07 27447 4948
21:08:07 364569 25815
21:09:07 -1 -1
21:10:07 43618 122611
21:11:08 87847 3494
21:12:08 1142368 73998
21:13:08 88913 5372
21:14:08 97561 4452
21:15:09 4843 6937
21:16:09 5029 3569
21:17:09 5189 2289
21:18:10 22589 23805
21:19:10 9790 1205
21:20:10 18273 2641
21:21:10 69855 12515
21:22:11 14645 5349
21:23:11 4651 8543
21:24:11 -1 -1
21:25:11 23859 2480
21:26:11 45737 2128
21:27:11 1643 5731
21:28:12 9269 2144
21:29:12 562 847
21:30:12 9174 1487
21:31:12 36572 8670
21:32:13 84219 9553
21:33:13 76037 3623
21:34:13 -1 -1
21:35:13 78458 3966
21:36:14 102229 7721
21:37:14 111050 10017
21:38:14 29114 1618
21:39:14 395 652
21:40:15 21176 2143
21:41:14 307762 23161
21:42:15 38658 8065
21:43:15 305 889
21:44:15 -1 -1
21:45:15 37758 3750
21:46:16 406 427
21:47:16 5234 5156
21:48:16 31081 4848
21:49:17 34435 5706
21:50:17 24996 1814
21:51:17 44201 2557
21:52:17 61340 13149
21:53:18 1210 2219
21:54:18 22885 2797
21:55:18 -1 -1
21:56:18 11939 4282
21:57:18 1203 2422
21:58:19 26217 3027
21:59:19 6429 2269
22:00:19 3684 5323
22:01:19 8084 4882
22:02:20 -1 -1
22:03:20 20849 3483
22:04:20 13572 2902
22:05:20 33947 4500
22:06:21 96873 12931
22:07:21 29835 5718
22:08:21 39993 7798
22:09:21 52165 4192
22:10:22 460 1334
22:11:22 4651 6671
22:12:22 266762 15237
22:13:22 1663 2925
22:14:23 4250 3626
22:15:23 73686 11729
22:16:23 12825 2533
22:17:23 9862 1197
22:18:24 46907 11445
22:19:24 84887 6941
22:20:24 17321 6683
22:21:24 36239 9307
22:22:25 6682 2025
22:23:25 61250 4073
22:24:25 48609 3916
22:25:25 25106 3303
22:26:25 20179 3432
22:27:26 19585 2551
22:28:26 83709 21376
22:29:26 -1 -1
22:30:26 355947 14157
22:31:27 57429 4104
22:32:27 69457 4975
22:33:27 -1 -1
22:34:28 57834 5152
22:35:28 59770 4443
22:36:28 120955 9310
22:37:28 264033 13784
22:38:28 -1 -1
22:39:29 3981 1957
22:40:29 150878 5110
22:41:30 867 1481
22:42:30 777 1453
22:43:30 11525 6256
22:44:30 6936 1187
22:45:31 9513 5445
22:46:31 34113 5627
22:47:31 106858 7210
22:48:31 -1 -1
22:49:32 2117 1677
22:50:32 49243 8769
22:51:32 618 1353
22:52:32 25843 6896
22:53:33 18320 32263
22:54:33 126575 5213
22:55:33 11792 34325
22:56:33 198805 6674
22:57:33 1013114 17833
22:58:34 56162 32314
22:59:34 18117 20835
23:00:35 191232 50858
23:01:35 5451 40779
23:02:35 10246 21258
23:03:35 20369 24409
23:04:36 27102 4317
23:05:36 22202 3073
23:06:36 313065 9035
23:07:36 11361 5081
23:08:36 18012 2655
23:09:37 23355 3481
23:10:37 135418 7196
23:11:37 145851 4687
23:12:37 524887 21179
23:13:38 559427 14115
23:14:38 679 634
23:15:38 61458 2714
23:16:38 434784 20594
23:17:39 539 515
23:18:39 577 725
23:19:39 11100 2354
23:20:40 1658 4329
23:21:40 629 939
23:22:40 415 383
23:23:40 38495 2287
23:24:41 100560 8323
23:25:41 7689 3703
23:26:41 477 515
23:27:41 221073 24038
23:28:42 17930 2478
23:29:42 4707 1739
23:30:42 34444 3988
23:31:43 2046 1590
23:32:43 24964 4663
23:33:43 1902 3322
23:34:43 20624 5183
23:35:44 28419 12480
23:36:44 5642 4660
23:37:44 319 383
23:38:44 20774 2562
23:39:45 10356 8934
23:40:45 4443 4914
23:41:45 3648 2791
23:42:46 6074 3278
23:43:46 56849 10473
23:44:46 538 1062
23:45:47 2549 3579
23:46:47 9673 3236
23:47:48 -1 -1
23:48:49 954 1325
23:49:50 3365 4037
23:50:50 107523 28265
23:51:50 9887 6138
23:52:51 -1 -1
23:53:52 3103 4259
23:54:53 -1 -1
23:55:53 19795 2950
23:56:54 17493 3046
23:57:55 22422 2568
23:58:55 322 1131
23:59:56 286 637
