00:00:35 4 0 50
00:00:41 4 0 49
00:01:55 4 0 49
00:02:20 4 0 49
00:02:38 4 0 49
00:03:03 4 0 49
00:03:28 4 0 49
00:04:00 4 0 48
00:04:30 4 0 49
00:05:01 4 0 49
00:05:32 4 0 49
00:06:03 4 0 48
00:06:36 4 0 52
00:07:14 4 0 49
00:07:46 4 0 48
00:08:20 4 0 49
02:00:06 4 0 49
02:00:37 4 0 52
02:01:07 4 0 49
02:01:37 4 0 49
02:02:07 4 0 52
02:02:38 4 0 49
02:03:08 4 0 49
02:03:38 4 0 49
02:04:08 4 0 49
02:04:38 4 0 52
02:05:09 4 0 49
02:05:39 4 0 49
02:06:09 4 0 49
02:06:39 4 0 49
02:07:10 4 0 49
02:07:40 4 0 49
02:08:10 4 0 50
02:08:40 4 0 49
02:09:10 4 0 50
02:09:41 4 0 48
02:10:11 4 0 50
02:10:41 4 0 49
02:11:11 4 0 49
02:11:41 4 0 49
02:12:12 4 0 51
02:12:42 4 0 49
02:13:12 4 0 49
02:13:42 4 0 49
02:14:12 4 0 49
02:14:43 4 0 48
02:15:13 4 0 48
02:15:43 4 0 49
02:16:13 4 0 49
02:16:43 4 0 48
02:17:14 4 0 48
02:17:44 4 0 49
02:18:14 4 0 49
02:18:45 4 0 49
02:19:15 4 0 48
02:19:45 4 0 49
02:20:15 4 0 49
02:20:45 4 0 49
02:21:16 4 0 49
02:21:46 4 0 48
02:22:16 4 0 49
02:22:46 4 0 49
02:23:16 4 0 49
02:23:47 4 0 49
02:24:17 4 0 49
02:24:47 4 0 48
02:25:17 4 0 49
02:25:47 4 0 49
02:26:18 4 0 49
02:26:48 4 0 49
02:27:18 4 0 49
02:27:48 4 0 49
02:28:19 4 0 49
02:28:49 4 0 49
02:29:19 4 0 50
02:29:49 4 0 49
02:30:19 4 0 49
02:30:50 4 0 49
02:31:20 4 0 50
02:31:50 4 0 51
02:32:20 4 0 49
02:32:50 4 0 49
02:33:21 4 0 49
02:33:51 4 0 49
02:34:21 4 0 49
02:34:51 4 0 49
02:35:21 4 0 49
02:35:52 4 0 49
02:36:22 4 0 48
02:36:52 4 0 49
02:37:22 4 0 49
02:37:52 4 0 49
02:38:23 4 0 49
02:38:53 4 0 49
02:39:23 4 0 49
02:39:53 4 0 48
02:40:23 4 0 49
02:40:54 4 0 49
02:41:24 4 0 48
02:41:54 4 0 49
02:42:24 4 0 49
02:42:54 4 0 49
02:43:25 4 0 49
02:43:55 4 0 49
02:44:25 4 0 57
02:44:55 4 0 49
02:45:25 4 0 48
02:45:55 4 0 49
02:46:26 4 0 49
02:46:56 4 0 49
02:47:26 4 0 49
02:47:56 4 0 48
02:48:27 4 0 51
02:48:57 4 0 49
02:49:27 4 0 49
02:49:57 4 0 49
02:50:27 4 0 48
02:50:57 4 0 49
02:51:28 4 0 49
02:51:58 4 0 49
02:52:28 4 0 50
02:52:58 4 0 49
02:53:29 4 0 49
02:53:59 4 0 49
02:54:29 4 0 49
02:54:59 4 0 63
02:55:29 4 0 48
02:55:59 4 0 49
02:56:30 4 0 50
02:57:00 4 0 49
02:57:30 4 0 49
02:58:00 4 0 48
02:58:31 4 0 49
02:59:01 4 0 49
02:59:31 4 0 49
03:00:01 4 0 49
03:00:31 4 0 49
03:01:01 4 0 48
03:01:32 4 0 51
03:02:02 4 0 49
03:02:32 4 0 49
03:03:02 4 0 49
03:03:32 4 0 49
03:04:03 4 0 49
03:04:33 4 0 49
03:05:03 4 0 49
03:05:34 4 0 49
03:06:04 4 0 49
03:06:34 4 0 49
03:07:04 4 0 49
03:07:34 4 0 49
03:08:05 4 0 51
03:08:36 4 0 49
03:09:06 4 0 49
03:09:36 4 0 49
03:10:06 4 0 49
03:10:37 4 0 49
03:11:07 4 0 49
03:11:37 4 0 49
03:12:07 4 0 49
03:12:37 4 0 49
03:13:07 4 0 49
03:13:38 4 0 49
03:14:08 4 0 49
03:14:38 4 0 49
03:15:08 4 0 49
03:15:38 4 0 49
03:16:08 4 0 49
03:16:39 4 0 49
03:17:09 4 0 49
03:17:39 4 0 49
03:18:09 4 0 49
03:18:39 4 0 49
03:19:09 4 0 50
03:19:40 4 0 49
03:20:10 4 0 49
03:20:40 4 0 49
03:21:10 4 0 49
03:21:40 4 0 49
03:22:10 4 0 49
03:22:41 4 0 49
03:23:11 4 0 48
03:23:41 4 0 49
03:24:11 4 0 49
03:24:41 4 0 49
03:25:11 4 0 49
03:25:42 4 0 49
03:26:12 4 0 49
03:26:42 4 0 49
03:27:12 4 0 49
03:27:42 4 0 49
03:28:12 4 0 49
03:28:43 4 0 49
03:29:13 4 0 49
03:29:43 4 0 49
03:30:13 4 0 48
03:30:43 4 0 48
03:31:13 4 0 49
03:31:44 4 0 49
03:32:14 4 0 49
03:32:44 4 0 49
03:33:14 4 0 52
03:33:44 4 0 49
03:34:14 4 0 49
03:34:45 4 0 49
03:35:15 4 0 48
03:35:45 4 0 49
03:36:15 4 0 49
03:36:45 4 0 49
03:37:15 4 0 49
03:37:46 4 0 49
03:38:16 4 0 49
03:38:46 4 0 49
03:39:16 4 0 49
03:39:46 4 0 49
03:40:17 4 0 49
03:40:47 4 0 49
03:41:17 4 0 49
03:41:47 4 0 49
03:42:17 4 0 49
03:42:48 4 0 48
03:43:18 4 0 49
03:43:48 4 0 49
03:44:18 4 0 50
03:44:48 4 0 49
03:45:18 4 0 49
03:45:49 4 0 49
03:46:19 4 0 49
03:46:49 4 0 49
03:47:19 4 0 49
03:47:49 4 0 49
03:48:19 4 0 48
03:48:50 4 0 49
03:49:20 4 0 49
03:49:50 4 0 49
03:50:20 4 0 48
03:50:50 4 0 49
03:51:20 4 0 48
03:51:51 4 0 49
03:52:21 4 0 48
03:52:51 4 0 49
03:53:21 4 0 49
03:53:51 4 0 54
03:54:21 4 0 49
03:54:52 4 0 48
03:55:22 4 0 48
03:55:52 4 0 49
03:56:22 4 0 48
03:56:52 4 0 48
03:57:22 4 0 48
03:57:53 4 0 49
03:58:23 4 0 48
03:58:53 4 0 49
03:59:23 4 0 49
03:59:53 4 0 49
04:00:23 4 0 48
04:00:54 4 0 49
04:01:24 4 0 49
04:01:54 4 0 49
04:02:24 4 0 49
04:02:54 4 0 49
04:03:24 4 0 49
04:03:55 4 0 49
04:04:25 4 0 48
04:04:55 4 0 49
04:05:25 4 0 49
04:05:55 4 0 49
04:06:25 4 0 49
04:06:56 4 0 49
04:07:26 4 0 48
04:07:56 4 0 48
04:08:26 4 0 49
04:08:56 4 0 49
04:09:26 4 0 49
04:09:57 4 0 49
04:10:27 4 0 49
04:10:57 4 0 49
04:11:27 4 0 48
04:11:57 4 0 49
04:12:27 4 0 49
04:12:58 4 0 49
04:13:28 4 0 49
04:13:58 4 0 49
04:14:28 4 0 48
04:14:58 4 0 49
04:15:28 4 0 49
04:15:59 4 0 48
04:16:29 4 0 49
04:16:59 4 0 48
04:17:29 4 0 48
04:17:59 4 0 49
04:18:29 4 0 49
04:19:00 4 0 48
04:19:30 4 0 49
04:20:00 4 0 49
04:20:30 4 0 48
04:21:00 4 0 48
04:21:30 4 0 48
04:22:01 4 0 49
04:22:31 4 0 48
04:23:01 4 0 49
04:23:31 4 0 67
04:24:01 4 0 49
04:24:31 4 0 49
04:25:02 4 0 48
04:25:32 4 0 48
04:26:02 4 0 48
04:26:32 4 0 50
04:27:02 4 0 49
04:27:33 4 0 48
04:28:03 4 0 49
04:28:33 4 0 49
04:29:03 4 0 49
04:29:33 4 0 49
04:30:03 4 0 49
04:30:34 4 0 49
04:31:04 4 0 49
04:31:34 4 0 49
04:32:04 4 0 55
04:32:34 4 0 49
04:33:05 4 0 49
04:33:35 4 0 49
04:34:05 4 0 49
04:34:35 4 0 49
04:35:05 4 0 48
04:35:35 4 0 49
04:36:06 4 0 49
04:36:36 4 0 49
04:37:06 4 0 48
04:37:36 4 0 50
04:38:06 4 0 49
04:38:36 4 0 49
04:39:07 4 0 49
04:39:37 4 0 49
04:40:07 4 0 48
04:40:37 4 0 49
04:41:07 4 0 48
04:41:37 4 0 49
04:42:08 4 0 48
04:42:38 4 0 49
04:43:08 4 0 49
04:43:38 4 0 49
04:44:09 4 0 49
04:44:39 4 0 48
04:45:09 4 0 49
04:45:39 4 0 48
04:46:09 4 0 49
04:46:39 4 0 49
04:47:10 4 0 49
04:47:40 4 0 48
04:48:10 4 0 49
04:48:40 4 0 49
04:49:10 4 0 48
04:49:40 4 0 48
04:50:11 4 0 48
04:50:41 4 0 49
04:51:11 4 0 48
04:51:41 4 0 48
04:52:11 4 0 49
04:52:41 4 0 49
04:53:12 4 0 49
04:53:42 4 0 48
04:54:12 4 0 49
04:54:42 4 0 49
04:55:12 4 0 49
04:55:42 4 0 48
04:56:13 4 0 49
04:56:43 4 0 48
04:57:13 4 0 48
04:57:43 4 0 49
04:58:13 4 0 48
04:58:43 4 0 49
04:59:14 4 0 49
04:59:44 4 0 48
05:00:14 4 0 48
05:00:44 4 0 48
05:01:14 4 0 49
05:01:44 4 0 49
05:02:15 4 0 49
05:02:45 4 0 48
05:03:15 4 0 49
05:03:45 4 0 48
05:04:15 4 0 49
05:04:45 4 0 49
05:05:16 4 0 49
05:05:46 4 0 49
05:06:16 4 0 49
05:06:46 4 0 49
05:07:16 4 0 48
05:07:46 4 0 48
05:08:17 4 0 48
05:08:47 4 0 49
05:09:17 4 0 48
05:09:47 4 0 49
05:10:18 4 0 69
05:10:48 4 0 49
05:11:18 4 0 48
05:11:48 4 0 49
05:12:18 4 0 49
05:12:48 4 0 49
05:13:18 4 0 49
05:13:49 4 0 49
05:14:19 4 0 48
05:14:49 4 0 49
05:15:19 4 0 49
05:15:49 4 0 49
05:16:19 4 0 49
05:16:50 4 0 49
05:17:20 4 0 48
05:17:50 4 0 49
05:18:20 4 0 49
05:18:50 4 0 49
05:19:21 4 0 48
05:19:51 4 0 48
05:20:21 4 0 49
05:20:51 4 0 48
05:21:21 4 0 49
05:21:51 4 0 48
05:22:22 4 0 49
05:22:52 4 0 52
05:23:22 4 0 48
05:23:52 4 0 49
05:24:22 4 0 48
05:24:52 4 0 49
05:25:23 4 0 48
05:25:53 4 0 49
05:26:23 4 0 48
05:26:53 4 0 48
05:27:23 4 0 49
05:27:54 4 0 49
05:28:24 4 0 49
05:28:54 4 0 48
05:29:24 4 0 48
05:29:54 4 0 48
05:30:24 4 0 49
05:30:55 4 0 49
05:31:25 4 0 49
05:31:55 4 0 49
05:32:25 4 0 49
05:32:55 4 0 49
05:33:25 4 0 49
05:33:56 4 0 49
05:34:26 4 0 49
05:34:56 4 0 49
05:35:26 4 0 49
05:35:56 4 0 48
05:36:26 4 0 48
05:36:57 4 0 48
05:37:27 4 0 49
05:37:57 4 0 48
05:38:27 4 0 49
05:38:57 4 0 49
05:39:27 4 0 49
05:39:57 4 0 48
05:40:28 4 0 49
05:40:58 4 0 48
05:41:28 4 0 49
05:41:58 4 0 49
05:42:29 4 0 48
05:42:59 4 0 48
05:43:29 4 0 48
05:43:59 4 0 48
05:44:29 4 0 49
05:44:59 4 0 48
05:45:30 4 0 49
05:46:00 4 0 49
05:46:30 4 0 49
05:47:00 4 0 48
05:47:30 4 0 48
05:48:00 4 0 48
05:48:31 4 0 48
05:49:01 4 0 49
05:49:31 4 0 48
05:50:01 4 0 49
05:50:31 4 0 48
05:51:01 4 0 49
05:51:32 4 0 49
05:52:02 4 0 49
05:52:32 4 0 49
05:53:02 4 0 49
05:53:32 4 0 48
05:54:02 4 0 48
05:54:33 4 0 48
05:55:03 4 0 49
05:55:33 4 0 49
05:56:03 4 0 49
05:56:33 4 0 48
05:57:03 4 0 48
05:57:34 4 0 48
05:58:04 4 0 49
05:58:34 4 0 48
05:59:04 4 0 49
05:59:35 4 0 50
06:00:05 4 0 48
06:00:35 4 0 49
06:01:05 4 0 48
06:01:35 4 0 48
06:02:05 4 0 48
06:02:36 4 0 49
06:03:06 4 0 48
06:03:36 4 0 49
06:04:06 4 0 49
06:04:37 4 0 49
06:05:07 4 0 49
06:05:37 4 0 49
06:06:07 4 0 48
06:06:37 4 0 48
06:07:07 4 0 48
06:07:38 4 0 49
06:08:08 4 0 48
06:08:38 4 0 48
06:09:08 4 0 49
06:09:38 4 0 49
06:10:09 4 0 49
06:10:39 4 0 48
06:11:09 4 0 48
06:11:39 4 0 49
06:12:09 4 0 49
06:12:40 4 0 49
06:13:10 4 0 48
06:13:40 4 0 49
06:14:10 4 0 49
06:14:40 4 0 49
06:15:10 4 0 49
06:15:41 4 0 49
06:16:11 4 0 49
06:16:41 4 0 48
06:17:11 4 0 49
06:17:41 4 0 48
06:18:11 4 0 49
06:18:42 4 0 49
06:19:12 4 0 49
06:19:42 4 0 48
06:20:12 4 0 49
06:20:42 4 0 49
06:21:12 4 0 49
06:21:43 4 0 49
06:22:13 4 0 48
06:22:43 4 0 48
06:23:13 4 0 48
06:23:43 4 0 49
06:24:14 4 0 49
06:24:44 4 0 48
06:25:14 4 0 48
06:25:44 4 0 49
06:26:14 4 0 48
06:26:44 4 0 49
06:27:14 4 0 49
06:27:45 4 0 48
06:28:15 4 0 49
06:28:45 4 0 67
06:29:15 4 0 49
06:29:45 4 0 50
06:30:16 4 0 49
06:30:46 4 0 49
06:31:16 4 0 49
06:31:46 4 0 49
06:32:16 4 0 48
06:32:47 4 0 49
06:33:17 4 0 49
06:33:47 4 0 49
06:34:17 4 0 49
06:34:47 4 0 48
06:35:17 4 0 49
06:35:48 4 0 49
06:36:18 4 0 49
06:36:48 4 0 49
06:37:18 4 0 49
06:37:48 4 0 49
06:38:18 4 0 48
06:38:49 4 0 48
06:39:19 4 0 48
06:39:49 4 0 49
06:40:19 4 0 49
06:40:49 4 0 48
06:41:19 4 0 49
06:41:50 4 0 49
06:42:20 4 0 49
06:42:50 4 0 49
06:43:20 4 0 48
06:43:50 4 0 48
06:44:20 4 0 49
06:44:51 4 0 49
06:45:21 4 0 49
06:45:51 4 0 49
06:46:21 4 0 49
06:46:51 4 0 49
06:47:21 4 0 49
06:47:52 4 0 48
06:48:22 4 0 49
06:48:52 4 0 49
06:49:22 4 0 49
06:49:52 4 0 49
06:50:22 4 0 49
06:50:53 4 0 48
06:51:23 4 0 49
06:51:53 4 0 49
06:52:23 4 0 49
06:52:53 4 0 76
06:53:23 4 0 48
06:53:54 4 0 49
06:54:24 4 0 49
06:54:54 4 0 49
06:55:24 4 0 49
06:55:54 4 0 49
06:56:24 4 0 49
06:56:55 4 0 48
06:57:25 4 0 49
06:57:55 4 0 49
06:58:25 4 0 49
06:58:55 4 0 48
06:59:25 4 0 49
06:59:56 4 0 49
07:00:26 4 0 48
07:00:56 4 0 49
07:01:26 4 0 49
07:01:56 4 0 49
07:02:26 4 0 48
07:02:57 4 0 49
07:03:27 4 0 49
07:03:57 4 0 50
07:04:27 4 0 49
07:04:57 4 0 49
07:05:27 4 0 49
07:05:58 4 0 48
07:06:28 4 0 50
07:06:58 4 0 49
07:07:28 4 0 49
07:07:58 4 0 49
07:08:28 4 0 48
07:08:59 4 0 49
07:09:29 4 0 49
07:09:59 4 0 49
07:10:29 4 0 49
07:10:59 4 0 49
07:11:29 4 0 49
07:12:00 4 0 49
07:12:30 4 0 49
07:13:00 4 0 48
07:13:30 4 0 49
07:14:00 4 0 49
07:14:30 4 0 49
07:15:01 4 0 49
07:15:31 4 0 50
07:16:01 4 0 49
07:16:31 4 0 49
07:17:01 4 0 49
07:17:31 4 0 49
07:18:02 4 0 49
07:18:32 4 0 48
07:19:02 4 0 49
07:19:32 4 0 49
07:20:02 4 0 49
07:20:32 4 0 49
07:21:03 4 0 49
07:21:33 4 0 49
07:22:03 4 0 49
07:22:33 4 0 49
07:23:03 4 0 49
07:23:33 4 0 49
07:24:04 4 0 49
07:24:34 4 0 49
07:25:04 4 0 49
07:25:34 4 0 49
07:26:05 4 0 49
07:26:35 4 0 49
07:27:06 4 0 48
07:27:36 4 0 49
07:28:06 4 0 49
07:28:36 4 0 49
07:29:06 4 0 49
07:29:36 4 0 48
07:30:07 4 0 49
07:30:37 4 0 49
07:31:07 4 0 48
07:31:37 4 0 49
07:32:08 4 0 49
07:32:38 4 0 48
07:33:08 4 0 49
07:33:38 4 0 48
07:34:08 4 0 49
07:34:39 4 0 49
07:35:09 4 0 49
07:35:40 4 0 49
07:36:10 4 0 49
07:36:40 4 0 49
07:37:10 4 0 49
07:37:40 4 0 50
07:38:11 4 0 48
07:38:41 4 0 49
07:39:11 4 0 49
07:39:41 4 0 52
07:40:11 4 0 49
07:40:41 4 0 49
07:41:12 4 0 49
07:41:42 4 0 49
07:42:12 4 0 49
07:42:42 4 0 48
07:43:12 4 0 49
07:43:42 4 0 49
07:44:13 4 0 49
07:44:43 4 0 49
07:45:13 4 0 49
07:45:43 4 0 61
07:46:13 4 0 49
07:46:43 4 0 49
07:47:13 4 0 49
07:47:43 4 0 49
07:48:14 4 0 49
07:48:44 4 0 48
07:49:14 4 0 49
07:49:44 4 0 48
07:50:14 4 0 48
07:50:44 4 0 49
07:51:15 4 0 70
07:51:45 4 0 49
07:52:15 4 0 48
07:52:45 4 0 79
07:53:15 4 0 49
07:53:45 4 0 48
07:54:16 4 0 49
07:54:46 4 0 49
07:55:16 4 0 49
07:55:46 4 0 49
07:56:16 4 0 49
07:56:46 4 0 49
07:57:17 4 0 49
07:57:47 4 0 50
07:58:17 4 0 49
07:58:47 4 0 48
07:59:17 4 0 49
07:59:47 4 0 48
08:00:18 4 0 49
08:00:48 4 0 49
08:01:18 4 0 48
08:01:48 4 0 49
08:02:18 4 0 49
08:02:48 4 0 48
08:03:18 4 0 49
08:03:49 4 0 48
08:04:19 4 0 49
08:04:49 4 0 48
08:05:19 4 0 49
08:05:49 4 0 49
08:06:19 4 0 49
08:06:49 4 0 49
08:07:21 3 1 49
08:07:50 4 0 49
08:08:20 4 0 49
08:08:50 4 0 49
08:09:20 4 0 49
08:09:50 4 0 53
08:10:20 4 0 49
08:10:51 4 0 49
08:11:21 4 0 49
08:11:51 4 0 49
08:12:21 4 0 49
08:12:51 4 0 48
08:13:22 4 0 49
08:13:52 4 0 71
08:14:22 4 0 48
08:14:52 4 0 49
08:15:22 4 0 51
08:15:52 4 0 49
08:16:22 4 0 49
08:16:52 4 0 49
08:17:23 4 0 49
08:17:53 4 0 49
08:18:23 4 0 49
08:18:53 4 0 49
08:19:23 4 0 48
08:19:54 4 0 49
08:20:24 4 0 48
08:20:54 4 0 49
08:21:24 4 0 49
08:21:54 4 0 49
08:22:25 4 0 50
08:22:55 4 0 49
08:23:26 4 0 80
08:23:55 4 0 49
08:24:26 4 0 49
08:24:56 4 0 49
08:25:26 4 0 49
08:25:56 4 0 49
08:26:26 4 0 48
08:26:56 4 0 50
08:27:27 4 0 49
08:27:57 4 0 49
08:28:27 4 0 48
08:28:57 4 0 49
08:29:27 4 0 49
08:29:57 4 0 49
08:30:28 4 0 49
08:30:58 4 0 48
08:31:28 4 0 49
08:31:58 4 0 49
08:32:28 4 0 49
08:32:58 4 0 49
08:33:29 4 0 49
08:33:59 4 0 49
08:34:29 4 0 57
08:34:59 4 0 49
08:35:29 4 0 49
08:35:59 4 0 49
08:36:30 4 0 49
08:37:00 4 0 49
08:37:30 4 0 49
08:38:00 4 0 49
08:38:30 4 0 49
08:39:00 4 0 49
08:39:31 4 0 49
08:40:01 4 0 54
08:40:31 4 0 48
08:41:01 4 0 49
08:41:31 4 0 51
08:42:01 4 0 54
08:42:32 4 0 49
08:43:03 4 0 50
08:43:33 4 0 49
08:44:03 4 0 49
08:44:33 4 0 49
08:45:04 4 0 87
08:45:34 4 0 49
08:46:04 4 0 49
08:46:34 4 0 61
08:47:04 4 0 57
08:47:34 4 0 49
08:48:04 4 0 49
08:48:35 4 0 49
08:49:05 4 0 49
08:49:35 4 0 49
08:50:05 4 0 49
08:50:35 4 0 49
08:51:05 4 0 49
08:51:36 4 0 52
08:52:06 4 0 50
08:52:36 4 0 49
08:53:06 4 0 52
08:53:36 4 0 49
08:54:07 4 0 49
08:54:37 4 0 51
08:55:07 4 0 50
08:55:38 4 0 51
08:56:08 4 0 49
08:56:38 4 0 49
08:57:08 4 0 49
08:57:38 4 0 50
08:58:09 4 0 49
08:58:40 4 0 49
08:59:10 4 0 49
08:59:40 4 0 50
09:00:10 4 0 51
09:00:41 4 0 71
09:01:11 4 0 49
09:01:41 4 0 49
09:02:11 4 0 56
09:02:41 4 0 49
09:03:11 4 0 80
09:03:41 4 0 49
09:04:11 4 0 49
09:04:42 4 0 49
09:05:12 4 0 49
09:05:42 4 0 54
09:06:12 4 0 49
09:06:42 4 0 51
09:07:12 4 0 54
09:07:42 4 0 49
09:08:12 4 0 49
09:08:43 4 0 49
09:09:13 4 0 49
09:09:43 4 0 49
09:10:13 4 0 49
09:10:43 4 0 49
09:11:13 4 0 49
09:11:43 4 0 49
09:12:14 4 0 49
09:12:44 4 0 49
09:13:14 4 0 49
09:13:44 4 0 62
09:14:14 4 0 49
09:14:44 4 0 49
09:15:14 4 0 61
09:15:44 4 0 53
09:16:16 3 1 80
09:16:45 4 0 49
09:17:15 4 0 57
09:17:45 4 0 49
09:18:16 4 0 51
09:18:47 4 0 59
09:19:17 4 0 49
09:19:47 4 0 49
09:20:17 4 0 49
09:20:47 4 0 49
09:21:17 4 0 50
09:21:48 4 0 49
09:22:18 4 0 49
09:22:48 4 0 49
09:23:18 4 0 49
09:23:48 4 0 49
09:24:18 4 0 55
09:24:48 4 0 61
09:25:18 4 0 49
09:25:49 4 0 49
09:26:19 4 0 49
09:26:49 4 0 49
09:27:19 4 0 49
09:27:49 4 0 49
09:28:19 4 0 49
09:28:49 4 0 49
09:29:19 4 0 54
09:29:50 4 0 50
09:30:20 4 0 49
09:30:50 4 0 49
09:31:20 4 0 49
09:31:50 4 0 49
09:32:20 4 0 49
09:32:51 4 0 49
09:33:21 4 0 49
09:33:51 4 0 49
09:34:21 4 0 52
09:34:51 4 0 50
09:35:21 4 0 49
09:35:52 4 0 49
09:36:22 4 0 49
09:36:52 4 0 49
09:37:22 4 0 49
09:37:52 4 0 49
09:38:23 4 0 50
09:38:53 4 0 51
09:39:23 4 0 51
09:39:53 4 0 50
09:40:23 4 0 53
09:40:54 4 0 51
09:41:24 4 0 51
09:41:55 3 1 49
09:42:24 4 0 70
09:42:54 4 0 49
09:43:24 4 0 50
09:43:54 4 0 49
09:44:24 4 0 55
09:44:55 4 0 49
09:45:25 4 0 49
09:45:55 4 0 49
09:46:25 4 0 49
09:46:55 4 0 49
09:47:25 4 0 49
09:47:55 4 0 49
09:48:25 4 0 49
09:48:56 4 0 49
09:49:26 4 0 49
09:49:56 4 0 49
09:50:26 4 0 49
09:50:56 4 0 73
09:51:26 4 0 52
09:51:57 4 0 49
09:52:27 4 0 49
09:52:57 4 0 49
09:53:27 4 0 49
09:53:58 4 0 50
09:54:28 4 0 49
09:54:58 4 0 49
09:55:28 4 0 49
09:55:58 4 0 49
09:56:28 4 0 49
09:56:59 4 0 97
09:57:28 4 0 62
09:57:59 4 0 59
09:58:29 4 0 49
09:58:59 4 0 49
09:59:29 4 0 93
09:59:59 4 0 50
10:00:29 4 0 49
10:00:59 4 0 50
10:01:29 4 0 50
10:02:00 4 0 50
10:02:30 4 0 49
10:03:00 4 0 49
10:03:30 4 0 50
10:04:00 4 0 56
10:04:30 4 0 49
10:05:00 4 0 49
10:05:30 4 0 49
10:06:01 4 0 49
10:06:31 4 0 49
10:07:01 4 0 51
10:07:31 4 0 49
10:08:01 4 0 49
10:08:31 4 0 50
10:09:01 4 0 49
10:09:31 4 0 51
10:10:01 4 0 50
10:10:32 4 0 52
10:11:02 4 0 49
10:11:33 3 1 94
10:12:03 3 1 94
10:12:32 4 0 85
10:13:02 4 0 74
10:13:32 4 0 77
10:14:03 4 0 83
10:14:33 4 0 85
10:15:03 4 0 54
10:15:33 4 0 105
10:16:05 2 2 92
10:16:33 4 0 83
10:17:05 3 1 86
10:17:36 1 3 115
10:18:04 4 0 88
10:18:35 3 1 90
10:19:04 4 0 101
10:19:34 4 0 83
10:20:04 4 0 95
10:20:36 3 1 83
10:21:05 4 0 83
10:21:35 4 0 86
10:22:06 4 0 84
10:22:36 4 0 80
10:23:08 2 2 96
10:23:37 4 0 81
10:24:08 4 0 92
10:24:38 4 0 85
10:25:08 4 0 49
10:25:38 4 0 49
10:26:09 4 0 58
10:26:39 4 0 49
10:27:10 4 0 53
10:27:40 4 0 50
10:28:10 4 0 49
10:28:40 4 0 49
10:29:11 4 0 49
10:29:41 4 0 53
10:30:11 4 0 54
10:30:41 4 0 75
10:31:11 4 0 49
10:31:41 4 0 49
10:32:12 4 0 49
10:32:42 4 0 49
10:33:12 4 0 73
10:33:42 4 0 53
10:34:12 4 0 49
10:34:42 4 0 49
10:35:12 4 0 49
10:35:42 4 0 49
10:36:13 4 0 50
10:36:43 4 0 50
10:37:13 4 0 49
10:37:43 4 0 56
10:38:14 4 0 55
10:38:45 3 1 57
10:39:14 4 0 50
10:39:44 4 0 50
10:40:15 4 0 50
10:40:45 4 0 50
10:41:15 4 0 49
10:41:45 4 0 49
10:42:16 4 0 52
10:42:46 4 0 52
10:43:16 4 0 49
10:43:46 4 0 49
10:44:16 4 0 53
10:44:46 4 0 49
10:45:16 4 0 49
10:45:47 4 0 49
10:46:17 4 0 53
10:46:47 4 0 50
10:47:17 4 0 50
10:47:47 4 0 49
10:48:17 4 0 49
10:48:47 4 0 55
10:49:18 4 0 49
10:49:48 4 0 49
10:50:18 4 0 50
10:50:48 4 0 55
10:51:19 4 0 51
10:51:49 4 0 49
10:52:19 4 0 55
10:52:49 4 0 49
10:53:19 4 0 49
10:53:49 4 0 49
10:54:20 4 0 50
10:54:50 4 0 49
10:55:20 4 0 50
10:55:50 4 0 49
10:56:21 4 0 49
10:56:52 3 1 65
10:57:22 4 0 49
10:57:52 4 0 49
10:58:22 4 0 49
10:58:52 4 0 51
10:59:23 4 0 49
10:59:53 4 0 49
11:00:23 4 0 56
11:00:53 4 0 50
11:01:23 4 0 49
11:01:54 4 0 49
11:02:24 4 0 49
11:02:54 4 0 49
11:03:24 4 0 50
11:03:54 4 0 53
11:04:24 4 0 50
11:04:54 4 0 50
11:05:25 4 0 49
11:05:55 4 0 49
11:06:25 4 0 49
11:06:55 4 0 49
11:07:26 4 0 49
11:07:56 4 0 49
11:08:26 4 0 49
11:08:56 4 0 50
11:09:26 4 0 49
11:09:56 4 0 49
11:10:27 4 0 49
11:10:57 4 0 55
11:11:27 4 0 49
11:11:57 4 0 49
11:12:27 4 0 69
11:12:57 4 0 49
11:13:28 4 0 49
11:13:58 4 0 50
11:14:28 4 0 49
11:14:59 4 0 49
11:15:29 4 0 72
11:15:59 4 0 49
11:16:29 4 0 49
11:17:00 4 0 51
11:17:30 4 0 49
11:18:00 4 0 49
11:18:30 4 0 49
11:19:00 4 0 49
11:19:30 4 0 49
11:20:01 4 0 52
11:20:31 4 0 50
11:21:01 4 0 51
11:21:31 4 0 49
11:22:01 4 0 49
11:22:31 4 0 49
11:23:01 4 0 52
11:23:32 4 0 49
11:24:02 4 0 85
11:24:32 4 0 49
11:25:02 4 0 49
11:25:32 4 0 49
11:26:02 4 0 49
11:26:32 4 0 49
11:27:02 4 0 49
11:27:33 4 0 49
11:28:03 4 0 50
11:28:33 4 0 49
11:29:03 4 0 49
11:29:33 4 0 50
11:30:03 4 0 49
11:30:33 4 0 49
11:31:03 4 0 52
11:31:34 4 0 49
11:32:04 4 0 49
11:32:34 4 0 49
11:33:04 4 0 50
11:33:34 4 0 49
11:34:04 4 0 49
11:34:35 4 0 69
11:35:05 4 0 49
11:35:35 4 0 49
11:36:05 4 0 49
11:36:36 4 0 49
11:37:06 4 0 49
11:37:37 4 0 50
11:38:07 4 0 49
11:38:37 4 0 49
11:39:07 4 0 49
11:39:37 4 0 49
11:40:07 4 0 49
11:40:38 4 0 64
11:41:08 4 0 49
11:41:38 4 0 49
11:42:08 4 0 49
11:42:38 4 0 49
11:43:08 4 0 49
11:43:38 4 0 49
11:44:09 4 0 49
11:44:39 4 0 54
11:45:10 4 0 49
11:45:40 4 0 49
11:46:11 4 0 49
11:46:42 4 0 49
11:47:12 4 0 49
11:47:42 4 0 49
11:48:12 4 0 49
11:48:42 4 0 49
11:49:12 4 0 53
11:49:43 4 0 49
11:50:13 4 0 49
11:50:43 4 0 49
11:51:14 4 0 53
11:51:45 4 0 50
11:52:15 4 0 49
11:52:45 4 0 51
11:53:15 4 0 49
11:53:46 4 0 49
11:54:16 4 0 49
11:54:46 4 0 49
11:55:16 4 0 49
11:55:46 4 0 49
11:56:16 4 0 49
11:56:46 4 0 49
11:57:16 4 0 56
11:57:47 4 0 49
11:58:17 4 0 49
11:58:47 4 0 49
11:59:17 4 0 50
11:59:47 4 0 50
12:00:17 4 0 49
12:00:47 4 0 50
12:01:18 4 0 87
12:01:48 4 0 50
12:02:18 4 0 49
12:02:48 4 0 50
12:03:18 4 0 49
12:03:48 4 0 50
12:04:18 4 0 49
12:04:49 4 0 53
12:05:19 3 1 49
12:05:49 4 0 49
12:06:19 4 0 50
12:06:49 4 0 49
12:07:20 3 1 49
12:07:49 4 0 49
12:08:19 4 0 49
12:08:49 4 0 55
12:09:20 4 0 49
12:09:50 4 0 49
12:10:20 4 0 49
12:10:51 4 0 55
12:11:21 4 0 56
12:11:51 4 0 49
12:12:21 4 0 51
12:12:51 4 0 49
12:13:21 4 0 53
12:13:52 4 0 49
12:14:22 4 0 69
12:14:52 4 0 49
12:15:22 4 0 49
12:15:52 4 0 51
12:16:22 4 0 50
12:16:53 4 0 49
12:17:23 4 0 50
12:17:54 4 0 53
12:18:24 4 0 52
12:18:54 4 0 49
12:19:24 4 0 49
12:19:55 4 0 62
12:20:25 4 0 51
12:20:55 4 0 49
12:21:25 4 0 49
12:21:55 4 0 49
12:22:25 4 0 49
12:22:55 4 0 49
12:23:27 3 1 78
12:23:55 4 0 49
12:24:25 4 0 56
12:24:56 4 0 72
12:25:26 4 0 49
12:25:56 4 0 49
12:26:26 4 0 49
12:26:56 4 0 49
12:27:26 4 0 54
12:27:57 4 0 54
12:28:27 4 0 49
12:28:57 4 0 49
12:29:27 4 0 51
12:29:57 4 0 49
12:30:27 4 0 49
12:30:58 4 0 63
12:31:28 4 0 53
12:31:58 4 0 49
12:32:28 4 0 57
12:32:58 4 0 50
12:33:28 4 0 50
12:33:58 4 0 49
12:34:28 4 0 49
12:34:58 4 0 49
12:35:28 4 0 49
12:35:59 4 0 50
12:36:29 4 0 52
12:36:59 4 0 52
12:37:29 4 0 65
12:37:59 4 0 78
12:38:29 4 0 49
12:39:00 4 0 51
12:39:30 4 0 49
12:40:00 4 0 67
12:40:30 4 0 60
12:41:00 4 0 49
12:41:30 4 0 49
12:42:00 4 0 49
12:42:30 4 0 49
12:43:00 4 0 49
12:43:30 4 0 49
12:44:01 4 0 51
12:44:31 4 0 49
12:45:01 4 0 54
12:45:31 4 0 52
12:46:01 4 0 63
12:46:32 3 1 89
12:47:01 4 0 49
12:47:31 4 0 52
12:48:01 4 0 51
12:48:31 4 0 50
12:49:02 4 0 49
12:49:32 4 0 58
12:50:03 4 0 50
12:50:33 4 0 52
12:51:03 4 0 50
12:51:33 4 0 61
12:52:03 4 0 49
12:52:33 4 0 49
12:53:03 4 0 49
12:53:33 4 0 49
12:54:04 4 0 49
12:54:34 4 0 50
12:55:04 4 0 52
12:55:34 4 0 59
12:56:04 4 0 49
12:56:34 4 0 50
12:57:04 4 0 49
12:57:34 4 0 49
12:58:05 4 0 52
12:58:35 4 0 51
12:59:05 4 0 53
12:59:35 4 0 76
13:00:05 4 0 51
13:00:35 4 0 49
13:01:06 4 0 49
13:01:36 4 0 50
13:02:06 4 0 49
13:02:36 4 0 66
13:03:06 4 0 84
13:03:36 4 0 67
13:04:06 4 0 49
13:04:36 4 0 58
13:05:06 4 0 49
13:05:36 4 0 49
13:06:07 4 0 49
13:06:37 4 0 58
13:07:07 4 0 52
13:07:37 4 0 57
13:08:07 4 0 54
13:08:37 4 0 54
13:09:07 4 0 49
13:09:37 4 0 49
13:10:07 4 0 49
13:10:37 4 0 49
13:11:08 4 0 49
13:11:38 4 0 49
13:12:08 4 0 49
13:12:38 4 0 49
13:13:08 4 0 72
13:13:38 4 0 64
13:14:08 4 0 52
13:14:38 4 0 49
13:15:08 4 0 49
13:15:38 4 0 52
13:16:09 4 0 49
13:16:39 4 0 49
13:17:09 4 0 49
13:17:39 4 0 49
13:18:09 4 0 58
13:18:39 4 0 53
13:19:09 4 0 49
13:19:39 4 0 56
13:20:09 4 0 49
13:20:39 4 0 49
13:21:10 4 0 49
13:21:40 4 0 49
13:22:10 4 0 50
13:22:40 4 0 49
13:23:11 4 0 49
13:23:41 4 0 49
13:24:11 4 0 49
13:24:41 4 0 49
13:25:11 4 0 52
13:25:41 4 0 50
13:26:11 4 0 50
13:26:41 4 0 49
13:27:12 4 0 49
13:27:42 4 0 49
13:28:12 4 0 49
13:28:42 4 0 49
13:29:12 4 0 57
13:29:42 4 0 49
13:30:13 4 0 49
13:30:43 4 0 49
13:31:14 4 0 51
13:31:44 4 0 49
13:32:14 4 0 49
13:32:44 4 0 49
13:33:14 4 0 56
13:33:45 4 0 83
13:34:15 4 0 49
13:34:45 4 0 49
13:35:15 4 0 53
13:35:45 4 0 50
13:36:15 4 0 52
13:36:45 4 0 52
13:37:15 4 0 49
13:37:45 4 0 49
13:38:16 4 0 51
13:38:46 4 0 50
13:39:16 4 0 49
13:39:46 4 0 53
13:40:16 4 0 70
13:40:46 4 0 57
13:41:16 4 0 49
13:41:47 4 0 49
13:42:17 4 0 71
13:42:47 4 0 80
13:43:18 4 0 49
13:43:48 4 0 49
13:44:18 4 0 60
13:44:48 4 0 49
13:45:18 4 0 55
13:45:48 4 0 57
13:46:19 4 0 74
13:46:49 4 0 49
13:47:20 4 0 49
13:47:50 4 0 49
13:48:20 4 0 50
13:48:50 4 0 50
13:49:20 4 0 103
13:49:50 4 0 53
13:50:20 4 0 52
13:50:50 4 0 49
13:51:21 4 0 49
13:51:52 4 0 51
13:52:22 4 0 54
13:52:52 4 0 63
13:53:23 4 0 95
13:53:52 4 0 50
13:54:23 4 0 49
13:54:53 4 0 135
13:55:23 4 0 49
13:55:53 4 0 55
13:56:23 4 0 49
13:56:53 4 0 49
13:57:23 4 0 57
13:57:53 4 0 56
13:58:24 4 0 49
13:58:54 4 0 50
13:59:24 4 0 49
13:59:54 4 0 49
14:00:24 4 0 49
14:00:54 4 0 49
14:01:24 4 0 52
14:01:54 4 0 60
14:02:24 4 0 59
14:02:54 4 0 55
14:03:25 4 0 59
14:03:55 4 0 49
14:04:25 4 0 138
14:04:55 4 0 49
14:05:25 4 0 60
14:05:55 4 0 49
14:06:26 4 0 54
14:06:56 4 0 49
14:07:26 4 0 52
14:07:56 4 0 49
14:08:26 4 0 60
14:08:57 4 0 62
14:09:27 4 0 49
14:09:57 4 0 49
14:10:27 4 0 49
14:10:57 4 0 49
14:11:28 4 0 52
14:11:58 4 0 56
14:12:29 4 0 89
14:12:59 4 0 49
14:13:29 4 0 49
14:13:59 4 0 49
14:14:29 4 0 49
14:14:59 4 0 49
14:15:30 4 0 49
14:16:00 4 0 50
14:16:30 4 0 49
14:17:00 4 0 49
14:17:30 4 0 49
14:18:00 4 0 50
14:18:30 4 0 57
14:19:00 4 0 55
14:19:31 4 0 70
14:20:01 4 0 49
14:20:31 4 0 54
14:21:01 4 0 49
14:21:31 4 0 49
14:22:01 4 0 49
14:22:31 4 0 59
14:23:01 4 0 52
14:23:32 4 0 58
14:24:02 4 0 66
14:24:32 4 0 57
14:25:03 4 0 59
14:25:33 4 0 49
14:26:03 4 0 49
14:26:33 4 0 62
14:27:04 4 0 75
14:27:34 4 0 64
14:28:04 4 0 49
14:28:34 4 0 49
14:29:04 4 0 57
14:29:34 4 0 58
14:30:04 4 0 53
14:30:34 4 0 55
14:31:05 4 0 63
14:31:35 4 0 49
14:32:05 4 0 49
14:32:35 4 0 54
14:33:05 4 0 65
14:33:36 4 0 54
14:34:06 4 0 56
14:34:36 4 0 49
14:35:06 4 0 49
14:35:36 4 0 64
14:36:06 4 0 53
14:36:37 4 0 51
14:37:07 4 0 55
14:37:39 3 1 66
14:38:08 4 0 50
14:38:39 4 0 49
14:39:09 4 0 51
14:39:39 4 0 51
14:40:09 4 0 50
14:40:40 4 0 61
14:41:10 4 0 50
14:41:40 4 0 49
14:42:10 4 0 55
14:42:40 4 0 61
14:43:11 4 0 55
14:43:41 4 0 52
14:44:11 4 0 49
14:44:42 4 0 64
14:45:12 4 0 50
14:45:42 4 0 49
14:46:12 4 0 50
14:46:42 4 0 49
14:47:12 4 0 52
14:47:42 4 0 55
14:48:13 4 0 67
14:48:43 4 0 56
14:49:15 3 1 397
14:49:43 4 0 51
14:50:13 4 0 51
14:50:43 4 0 88
14:51:14 4 0 56
14:51:44 4 0 51
14:52:14 4 0 52
14:52:44 4 0 61
14:53:14 4 0 84
14:53:45 4 0 60
14:54:15 4 0 84
14:54:46 4 0 302
14:55:15 4 0 74
14:55:45 4 0 49
14:56:15 4 0 49
14:56:45 4 0 78
14:57:15 4 0 67
14:57:46 4 0 61
14:58:16 4 0 100
14:58:47 3 1 49
14:59:16 4 0 49
14:59:47 3 1 96
15:00:17 3 1 49
15:00:47 4 0 159
15:01:16 4 0 67
15:01:47 4 0 187
15:02:17 3 1 82
15:02:47 4 0 63
15:03:17 4 0 74
15:03:47 4 0 49
15:04:18 3 1 50
15:04:48 4 0 387
15:05:17 4 0 49
15:05:47 4 0 60
15:06:18 4 0 130
15:06:48 4 0 148
15:07:18 4 0 59
15:07:48 4 0 50
15:08:18 4 0 49
15:08:48 4 0 49
15:09:18 4 0 49
15:09:48 4 0 49
15:10:18 4 0 49
15:10:48 4 0 52
15:11:19 4 0 65
15:11:49 4 0 49
15:12:19 4 0 49
15:12:49 4 0 49
15:13:19 4 0 50
15:13:49 4 0 49
15:14:20 3 1 51
15:14:50 4 0 68
15:15:19 4 0 61
15:15:50 4 0 50
15:16:20 4 0 49
15:16:50 4 0 49
15:17:20 4 0 49
15:17:50 4 0 60
15:18:20 4 0 59
15:18:50 4 0 58
15:19:20 4 0 49
15:19:51 4 0 50
15:20:21 4 0 49
15:20:51 4 0 51
15:21:21 4 0 50
15:21:51 4 0 49
15:22:21 4 0 51
15:22:52 3 1 60
15:23:21 4 0 62
15:23:51 4 0 51
15:24:22 4 0 59
15:24:52 4 0 49
15:25:22 4 0 49
15:25:52 4 0 49
15:26:22 4 0 49
15:26:52 4 0 50
15:27:22 4 0 51
15:27:52 4 0 82
15:28:22 4 0 61
15:28:53 4 0 68
15:29:23 4 0 57
15:29:53 4 0 49
15:30:23 4 0 49
15:30:53 4 0 49
15:31:23 4 0 65
15:31:54 4 0 50
15:32:24 4 0 50
15:32:54 4 0 52
15:33:24 4 0 49
15:33:54 4 0 49
15:34:24 4 0 49
15:34:54 4 0 57
15:35:24 4 0 64
15:35:54 4 0 49
15:36:25 4 0 64
15:36:55 4 0 49
15:37:25 4 0 51
15:37:55 4 0 49
15:38:25 4 0 49
15:38:59 0 4 -1
15:39:25 4 0 53
15:39:56 4 0 109
15:40:26 3 1 83
15:40:56 4 0 67
15:41:26 4 0 53
15:41:56 4 0 50
15:42:27 4 0 248
15:42:56 4 0 49
15:43:26 4 0 52
15:43:56 4 0 64
15:44:26 4 0 65
15:44:56 4 0 74
15:45:27 4 0 68
15:45:57 4 0 75
15:46:27 4 0 49
15:46:57 4 0 59
15:47:27 4 0 89
15:47:57 4 0 83
15:48:28 4 0 182
15:48:58 4 0 66
15:49:28 4 0 56
15:49:58 4 0 50
15:50:28 4 0 49
15:50:58 4 0 49
15:51:28 4 0 67
15:51:59 4 0 59
15:52:29 4 0 60
15:52:59 4 0 169
15:53:29 4 0 49
15:53:59 4 0 49
15:54:29 4 0 49
15:54:59 4 0 61
15:55:29 4 0 65
15:56:00 4 0 91
15:56:30 4 0 86
15:57:00 4 0 49
15:57:30 4 0 57
15:58:00 4 0 49
15:58:30 4 0 52
15:59:00 4 0 49
15:59:30 4 0 49
16:00:00 4 0 77
16:00:30 4 0 69
16:01:00 4 0 56
16:01:31 4 0 58
16:02:01 4 0 49
16:02:31 4 0 50
16:03:01 4 0 49
16:03:31 4 0 49
16:04:01 4 0 59
16:04:31 4 0 60
16:05:01 4 0 62
16:05:31 4 0 50
16:06:02 4 0 118
16:06:32 4 0 50
16:07:02 4 0 50
16:07:32 4 0 50
16:08:02 4 0 50
16:08:32 4 0 49
16:09:02 4 0 59
16:09:32 4 0 59
16:10:03 3 1 53
16:10:33 4 0 70
16:11:03 4 0 77
16:11:33 4 0 52
16:12:04 3 1 49
16:12:33 4 0 52
16:13:03 4 0 60
16:13:33 4 0 71
16:14:03 4 0 53
16:14:34 4 0 73
16:15:04 4 0 52
16:15:34 4 0 50
16:16:04 4 0 50
16:16:34 4 0 49
16:17:04 4 0 49
16:17:34 4 0 50
16:18:04 4 0 65
16:18:34 4 0 61
16:19:05 4 0 73
16:19:34 4 0 50
16:20:06 3 1 81
16:20:35 4 0 100
16:21:05 4 0 55
16:21:35 4 0 49
16:22:05 4 0 54
16:22:35 4 0 64
16:23:05 4 0 52
16:23:35 4 0 51
16:24:06 4 0 51
16:24:36 4 0 49
16:25:06 4 0 49
16:25:36 4 0 49
16:26:06 4 0 49
16:26:36 4 0 54
16:27:06 4 0 54
16:27:36 4 0 57
16:28:07 4 0 51
16:28:37 4 0 53
16:29:07 4 0 49
16:29:37 4 0 69
16:30:07 4 0 49
16:30:37 4 0 51
16:31:07 4 0 62
16:31:37 4 0 62
16:32:08 4 0 51
16:32:38 4 0 49
16:33:08 4 0 61
16:33:39 4 0 50
16:34:09 4 0 49
16:34:39 4 0 49
16:35:09 4 0 49
16:35:39 4 0 49
16:36:09 4 0 49
16:36:39 4 0 49
16:37:09 4 0 57
16:37:39 4 0 56
16:38:10 4 0 49
16:38:40 4 0 49
16:39:11 3 1 50
16:39:40 4 0 49
16:40:10 4 0 52
16:40:40 4 0 50
16:41:10 4 0 57
16:41:40 4 0 52
16:42:11 4 0 50
16:42:41 4 0 49
16:43:11 4 0 49
16:43:41 4 0 49
16:44:12 3 1 50
16:44:41 4 0 54
16:45:11 4 0 52
16:45:41 4 0 67
16:46:11 4 0 53
16:46:41 4 0 54
16:47:12 4 0 50
16:47:42 4 0 49
16:48:12 4 0 49
16:48:42 4 0 54
16:49:14 3 1 390
16:49:42 4 0 49
16:50:12 4 0 50
16:50:42 4 0 51
16:51:13 4 0 257
16:51:42 4 0 58
16:52:13 4 0 57
16:52:43 4 0 49
16:53:13 4 0 50
16:53:43 4 0 50
16:54:13 4 0 72
16:54:43 4 0 49
16:55:14 4 0 68
16:55:44 4 0 49
16:56:14 4 0 49
16:56:44 4 0 49
16:57:14 4 0 55
16:57:44 4 0 53
16:58:14 4 0 53
16:58:44 4 0 59
16:59:15 4 0 49
16:59:45 4 0 49
17:00:15 4 0 50
17:00:45 4 0 53
17:01:15 4 0 49
17:01:45 4 0 50
17:02:16 4 0 103
17:02:46 4 0 52
17:03:16 4 0 50
17:03:46 4 0 83
17:04:16 4 0 72
17:04:46 4 0 52
17:05:16 4 0 50
17:05:47 4 0 52
17:06:17 4 0 49
17:06:47 4 0 49
17:07:17 4 0 49
17:07:47 4 0 49
17:08:18 3 1 52
17:08:47 4 0 60
17:09:17 4 0 50
17:09:47 4 0 49
17:10:18 4 0 49
17:10:48 4 0 53
17:11:18 4 0 49
17:11:48 4 0 49
17:12:18 4 0 51
17:12:48 4 0 53
17:13:18 4 0 56
17:13:48 4 0 49
17:14:19 4 0 49
17:14:49 4 0 49
17:15:19 4 0 49
17:15:49 4 0 49
17:16:19 4 0 49
17:16:49 4 0 49
17:17:19 4 0 54
17:17:49 4 0 53
17:18:19 4 0 50
17:18:50 4 0 50
17:19:20 4 0 49
17:19:50 4 0 49
17:20:20 4 0 55
17:20:50 4 0 49
17:21:20 4 0 49
17:21:50 4 0 49
17:22:21 4 0 51
17:22:51 4 0 49
17:23:22 4 0 49
17:23:52 4 0 80
17:24:22 4 0 49
17:24:52 4 0 49
17:25:22 4 0 50
17:25:52 4 0 50
17:26:23 4 0 49
17:26:53 4 0 52
17:27:23 4 0 52
17:27:53 4 0 51
17:28:23 4 0 49
17:28:53 4 0 49
17:29:24 4 0 51
17:29:54 4 0 49
17:30:24 4 0 52
17:30:54 4 0 50
17:31:24 4 0 59
17:31:54 4 0 56
17:32:24 4 0 50
17:32:55 4 0 49
17:33:25 4 0 49
17:33:55 4 0 49
17:34:25 4 0 70
17:34:55 4 0 49
17:35:25 4 0 50
17:35:55 4 0 49
17:36:26 4 0 49
17:36:56 4 0 49
17:37:26 4 0 49
17:37:56 4 0 49
17:38:26 4 0 50
17:38:57 4 0 52
17:39:27 4 0 49
17:39:57 4 0 50
17:40:27 4 0 49
17:40:57 4 0 49
17:41:27 4 0 52
17:41:57 4 0 49
17:42:28 4 0 49
17:42:58 4 0 53
17:43:28 4 0 49
17:43:59 4 0 49
17:44:29 4 0 49
17:44:59 4 0 49
17:45:29 4 0 49
17:45:59 4 0 50
17:46:30 3 1 49
17:46:59 4 0 49
17:47:30 4 0 56
17:48:00 4 0 49
17:48:30 4 0 49
17:49:00 4 0 49
17:49:30 4 0 50
17:50:00 4 0 50
17:50:30 4 0 50
17:51:01 4 0 50
17:51:31 4 0 51
17:52:01 4 0 49
17:52:31 4 0 49
17:53:01 4 0 49
17:53:31 4 0 49
17:54:02 3 1 49
17:54:31 4 0 49
17:55:01 4 0 50
17:55:32 4 0 49
17:56:02 4 0 49
17:56:32 4 0 49
17:57:02 4 0 49
17:57:32 4 0 49
17:58:02 4 0 52
17:58:33 4 0 49
17:59:03 4 0 49
17:59:33 4 0 49
18:00:03 4 0 49
18:00:33 4 0 49
18:01:03 4 0 49
18:01:33 4 0 49
18:02:04 3 1 50
18:02:34 4 0 51
18:03:04 4 0 50
18:03:35 4 0 49
18:04:05 4 0 49
18:04:35 4 0 49
18:05:05 4 0 49
18:05:35 4 0 49
18:06:05 4 0 52
18:06:35 4 0 49
18:07:05 4 0 49
18:07:36 4 0 49
18:08:06 4 0 49
18:08:36 4 0 49
18:09:06 4 0 49
18:09:36 4 0 49
18:10:06 4 0 53
18:10:36 4 0 49
18:11:06 4 0 49
18:11:37 4 0 49
18:12:07 4 0 49
18:12:37 4 0 49
18:13:07 4 0 50
18:13:37 4 0 49
18:14:07 4 0 49
18:14:38 4 0 49
18:15:08 4 0 50
18:15:38 4 0 49
18:16:08 4 0 49
18:16:38 4 0 49
18:17:08 4 0 49
18:17:38 4 0 50
18:18:08 4 0 49
18:18:39 4 0 49
18:19:09 4 0 49
18:19:39 4 0 50
18:20:10 3 1 52
18:20:39 4 0 49
18:21:09 4 0 49
18:21:39 4 0 49
18:22:09 4 0 49
18:22:40 4 0 49
18:23:11 4 0 50
18:23:41 4 0 49
18:24:11 4 0 49
18:24:41 4 0 49
18:25:11 4 0 49
18:25:41 4 0 49
18:26:11 4 0 49
18:26:42 4 0 49
18:27:12 4 0 49
18:27:42 4 0 49
18:28:12 4 0 49
18:28:43 4 0 49
18:29:13 4 0 49
18:29:43 4 0 49
18:30:13 4 0 55
18:30:43 4 0 49
18:31:13 4 0 49
18:31:44 4 0 49
18:32:14 4 0 49
18:32:44 4 0 52
18:33:14 4 0 49
18:33:45 4 0 50
18:34:15 4 0 52
18:34:45 4 0 49
18:35:15 4 0 52
18:35:45 4 0 49
18:36:15 4 0 52
18:36:46 4 0 53
18:37:16 4 0 52
18:37:46 4 0 49
18:38:16 4 0 49
18:38:46 4 0 52
18:39:16 4 0 49
18:39:47 4 0 52
18:40:17 4 0 52
18:40:47 4 0 52
18:41:17 4 0 53
18:41:47 4 0 53
18:42:17 4 0 53
18:42:47 4 0 49
18:43:17 4 0 49
18:43:47 4 0 49
18:44:17 4 0 49
18:44:48 4 0 52
18:45:18 4 0 49
18:45:48 4 0 52
18:46:18 4 0 49
18:46:48 4 0 50
18:47:18 4 0 52
18:47:48 4 0 49
18:48:18 4 0 55
18:48:49 4 0 49
18:49:19 4 0 51
18:49:49 4 0 49
18:50:19 4 0 49
18:50:49 4 0 53
18:51:19 4 0 49
18:51:49 4 0 58
18:52:19 4 0 49
18:52:49 4 0 52
18:53:20 4 0 52
18:53:50 4 0 52
18:54:21 4 0 52
18:54:51 4 0 52
18:55:21 4 0 52
18:55:51 4 0 71
18:56:21 4 0 53
18:56:51 4 0 52
18:57:21 4 0 52
18:57:52 4 0 52
18:58:22 4 0 53
18:58:52 4 0 52
18:59:22 4 0 52
18:59:52 4 0 52
19:00:22 4 0 52
19:00:52 4 0 58
19:01:22 4 0 50
19:01:52 4 0 52
19:02:22 4 0 49
19:02:53 4 0 49
19:03:23 4 0 52
19:03:53 4 0 52
19:04:23 4 0 49
19:04:53 4 0 49
19:05:23 4 0 69
19:05:53 4 0 52
19:06:23 4 0 52
19:06:54 4 0 53
19:07:24 4 0 52
19:07:54 4 0 52
19:08:24 4 0 53
19:08:54 4 0 52
19:09:24 4 0 52
19:09:54 4 0 52
19:10:24 4 0 53
19:10:54 4 0 52
19:11:24 4 0 52
19:11:55 4 0 53
19:12:25 4 0 56
19:12:55 4 0 52
19:13:25 4 0 49
19:13:55 4 0 52
19:14:25 4 0 52
19:14:55 4 0 49
19:15:25 4 0 49
19:15:56 4 0 49
19:16:26 4 0 52
19:16:56 4 0 49
19:17:26 4 0 49
19:17:56 4 0 52
19:18:26 4 0 49
19:18:56 4 0 49
19:19:26 4 0 53
19:19:56 4 0 49
19:20:26 4 0 49
19:20:57 4 0 49
19:21:27 4 0 49
19:21:57 4 0 49
19:22:27 4 0 49
19:22:57 4 0 49
19:23:27 4 0 49
19:23:57 4 0 49
19:24:27 4 0 49
19:24:58 4 0 49
19:25:28 4 0 49
19:25:58 4 0 49
19:26:28 4 0 49
19:26:58 4 0 49
19:27:28 4 0 49
19:27:58 4 0 49
19:28:28 4 0 49
19:28:58 4 0 49
19:29:28 4 0 49
19:29:59 4 0 49
19:30:29 4 0 49
19:30:59 4 0 49
19:31:29 4 0 49
19:31:59 4 0 49
19:32:29 4 0 49
19:32:59 4 0 49
19:33:30 4 0 49
19:34:00 4 0 49
19:34:30 4 0 49
19:35:00 4 0 49
19:35:30 4 0 65
19:36:00 4 0 65
19:36:30 4 0 49
19:37:01 4 0 49
19:37:31 4 0 49
19:38:01 4 0 49
19:38:31 4 0 49
19:39:01 4 0 52
19:39:31 4 0 49
19:40:01 4 0 49
19:40:31 4 0 49
19:41:01 4 0 49
19:41:31 4 0 49
19:42:02 4 0 49
19:42:32 4 0 49
19:43:02 4 0 49
19:43:32 4 0 49
19:44:02 4 0 49
19:44:32 4 0 49
19:45:02 4 0 49
19:45:32 4 0 49
19:46:03 4 0 49
19:46:33 4 0 49
19:47:03 4 0 55
19:47:33 4 0 49
19:48:03 4 0 49
19:48:33 4 0 49
19:49:03 4 0 49
19:49:33 4 0 49
19:50:03 4 0 49
19:50:33 4 0 49
19:51:04 4 0 49
19:51:34 4 0 49
19:52:04 4 0 48
19:52:34 4 0 49
19:53:04 4 0 49
19:53:34 4 0 52
19:54:04 4 0 49
19:54:34 4 0 51
19:55:04 4 0 52
19:55:34 4 0 49
19:56:05 4 0 49
19:56:35 4 0 49
19:57:05 4 0 49
19:57:35 4 0 49
19:58:05 4 0 49
19:58:35 4 0 49
19:59:05 4 0 49
19:59:35 4 0 49
20:00:06 4 0 52
20:00:36 4 0 51
20:01:06 4 0 49
20:01:36 4 0 49
20:02:06 4 0 49
20:02:36 4 0 49
20:03:06 4 0 49
20:03:36 4 0 52
20:04:06 4 0 52
20:04:36 4 0 49
20:05:07 4 0 48
20:05:37 4 0 49
20:06:07 4 0 49
20:06:37 4 0 49
20:07:07 4 0 49
20:07:37 4 0 49
20:08:07 4 0 49
20:08:37 4 0 49
20:09:07 4 0 49
20:09:37 4 0 49
20:10:08 4 0 52
20:10:38 4 0 49
20:11:08 4 0 52
20:11:38 4 0 52
20:12:08 4 0 49
20:12:38 4 0 49
20:13:08 4 0 56
20:13:38 4 0 49
20:14:08 4 0 49
20:14:38 4 0 49
20:15:09 4 0 49
20:15:39 4 0 73
20:16:09 4 0 52
20:16:39 4 0 49
20:17:09 4 0 49
20:17:39 4 0 49
20:18:09 4 0 50
20:18:39 4 0 49
20:19:10 4 0 49
20:19:40 4 0 49
20:20:10 4 0 49
20:20:40 4 0 49
20:21:10 4 0 51
20:21:40 4 0 49
20:22:10 4 0 52
20:22:40 4 0 49
20:23:10 4 0 50
20:23:41 4 0 49
20:24:11 4 0 49
20:24:41 4 0 49
20:25:11 4 0 49
20:25:41 4 0 52
20:26:11 4 0 52
20:26:41 4 0 50
20:27:12 4 0 49
20:27:42 4 0 52
20:28:12 4 0 49
20:28:42 4 0 49
20:29:12 4 0 49
20:29:42 4 0 49
20:30:12 4 0 52
20:30:42 4 0 52
20:31:12 4 0 52
20:31:42 4 0 52
20:32:13 4 0 52
20:32:43 4 0 52
20:33:13 4 0 49
20:33:43 4 0 49
20:34:13 4 0 52
20:34:43 4 0 49
20:35:13 4 0 50
20:35:43 4 0 49
20:36:13 4 0 52
20:36:43 4 0 52
20:37:14 4 0 49
20:37:44 4 0 49
20:38:14 4 0 52
20:38:44 4 0 52
20:39:14 4 0 52
20:39:44 4 0 53
20:40:14 4 0 52
20:40:44 4 0 57
20:41:14 4 0 52
20:41:44 4 0 49
20:42:15 4 0 49
20:42:45 4 0 52
20:43:15 4 0 52
20:43:45 4 0 52
20:44:15 4 0 49
20:44:45 4 0 49
20:45:15 4 0 49
20:45:45 4 0 53
20:46:15 4 0 50
20:46:46 4 0 53
20:47:16 4 0 52
20:47:46 4 0 53
20:48:16 4 0 52
20:48:46 4 0 49
20:49:16 4 0 52
20:49:46 4 0 52
20:50:16 4 0 49
20:50:46 4 0 49
20:51:17 4 0 53
20:51:47 4 0 54
20:52:17 4 0 52
20:52:47 4 0 49
20:53:17 4 0 49
20:53:47 4 0 52
20:54:17 4 0 53
20:54:47 4 0 53
20:55:17 4 0 49
20:55:47 4 0 49
20:56:18 4 0 49
20:56:48 4 0 52
20:57:18 4 0 49
20:57:48 4 0 49
20:58:18 4 0 49
20:58:48 4 0 49
20:59:18 4 0 49
20:59:48 4 0 52
21:00:18 4 0 52
21:00:48 4 0 52
21:01:19 4 0 52
21:01:49 4 0 52
21:02:19 4 0 52
21:02:49 4 0 52
21:03:19 4 0 53
21:03:49 4 0 81
21:04:19 4 0 52
21:04:49 4 0 52
21:05:20 4 0 55
21:05:50 4 0 52
21:06:20 4 0 52
21:06:50 4 0 51
21:07:21 4 0 49
21:07:51 4 0 52
21:08:21 4 0 49
21:08:51 4 0 49
21:09:21 4 0 52
21:09:51 4 0 55
21:10:21 4 0 49
21:10:51 4 0 52
21:11:22 4 0 49
21:11:52 4 0 49
21:12:22 4 0 52
21:12:52 4 0 52
21:13:22 4 0 49
21:13:52 4 0 62
21:14:22 4 0 52
21:14:52 4 0 52
21:15:22 4 0 52
21:15:52 4 0 53
21:16:23 4 0 49
21:16:53 4 0 52
21:17:23 4 0 52
21:17:53 4 0 49
21:18:23 4 0 49
21:18:53 4 0 52
21:19:24 4 0 49
21:19:54 4 0 49
21:20:24 4 0 49
21:20:54 4 0 49
21:21:24 4 0 49
21:21:54 4 0 50
21:22:24 4 0 52
21:22:54 4 0 49
21:23:25 4 0 52
21:23:55 4 0 52
21:24:25 4 0 53
21:24:55 4 0 49
21:25:25 4 0 52
21:25:55 4 0 49
21:26:25 4 0 52
21:26:56 4 0 49
21:27:26 4 0 80
21:27:56 4 0 53
21:28:27 4 0 52
21:28:57 4 0 49
21:29:27 4 0 49
21:29:57 4 0 49
21:30:27 4 0 52
21:30:57 4 0 54
21:31:27 4 0 52
21:31:57 4 0 49
21:32:28 4 0 49
21:32:58 4 0 52
21:33:28 4 0 49
21:33:58 4 0 52
21:34:28 4 0 49
21:34:58 4 0 49
21:35:28 4 0 53
21:35:58 4 0 52
21:36:28 4 0 53
21:36:58 4 0 52
21:37:29 4 0 52
21:37:59 4 0 52
21:38:29 4 0 50
21:38:59 4 0 49
21:39:29 4 0 51
21:39:59 4 0 49
21:40:29 4 0 49
21:40:59 4 0 52
21:41:29 4 0 52
21:41:59 4 0 49
21:42:30 4 0 49
21:43:00 4 0 51
21:43:30 4 0 52
21:44:00 4 0 52
21:44:30 4 0 61
21:45:00 4 0 52
21:45:30 4 0 49
21:46:00 4 0 49
21:46:31 4 0 49
21:47:01 4 0 52
21:47:31 4 0 50
21:48:01 4 0 49
21:48:31 4 0 52
21:49:01 4 0 49
21:49:31 4 0 49
21:50:01 4 0 49
21:50:32 4 0 52
21:51:02 4 0 52
21:51:32 4 0 52
21:52:02 4 0 49
21:52:32 4 0 49
21:53:02 4 0 49
21:53:32 4 0 49
21:54:02 4 0 49
21:54:33 4 0 52
21:55:03 4 0 52
21:55:33 4 0 49
21:56:03 4 0 49
21:56:33 4 0 49
21:57:03 4 0 53
21:57:33 4 0 49
21:58:03 4 0 52
21:58:34 4 0 52
21:59:04 4 0 52
21:59:34 4 0 53
22:00:04 4 0 52
22:00:34 4 0 52
22:01:04 4 0 53
22:01:34 4 0 52
22:02:05 4 0 84
22:02:35 4 0 49
22:03:05 4 0 49
22:03:35 4 0 48
22:04:05 4 0 49
22:04:35 4 0 49
22:05:05 4 0 60
22:05:35 4 0 49
22:06:05 4 0 53
22:06:36 4 0 49
22:07:07 4 0 50
22:07:37 4 0 49
22:08:07 4 0 52
22:08:37 4 0 59
22:09:07 4 0 52
22:09:37 4 0 49
22:10:07 4 0 49
22:10:37 4 0 49
22:11:08 4 0 50
22:11:38 4 0 49
22:12:08 4 0 49
22:12:38 4 0 49
22:13:08 4 0 49
22:13:38 4 0 49
22:14:08 4 0 49
22:14:39 4 0 49
22:15:09 4 0 49
22:15:39 4 0 49
22:16:09 4 0 52
22:16:39 4 0 52
22:17:09 4 0 54
22:17:39 4 0 52
22:18:09 4 0 49
22:18:40 4 0 54
22:19:10 4 0 53
22:19:40 4 0 53
22:20:10 4 0 53
22:20:40 4 0 52
22:21:10 4 0 53
22:21:40 4 0 49
22:22:10 4 0 55
22:22:40 4 0 58
22:23:10 4 0 49
22:23:41 4 0 52
22:24:11 4 0 52
22:24:41 4 0 49
22:25:11 4 0 52
22:25:41 4 0 52
22:26:11 4 0 52
22:26:41 4 0 49
22:27:11 4 0 52
22:27:42 4 0 49
22:28:12 4 0 49
22:28:42 4 0 49
22:29:12 4 0 50
22:29:42 4 0 49
22:30:12 4 0 55
22:30:42 4 0 52
22:31:12 4 0 49
22:31:43 4 0 49
22:32:13 4 0 53
22:32:43 4 0 52
22:33:13 4 0 52
22:33:43 4 0 49
22:34:13 4 0 52
22:34:43 4 0 52
22:35:13 4 0 52
22:35:44 4 0 52
22:36:14 4 0 52
22:36:44 4 0 94
22:37:14 4 0 52
22:37:44 4 0 53
22:38:14 4 0 53
22:38:45 4 0 52
22:39:15 4 0 52
22:39:45 4 0 53
22:40:15 4 0 53
22:40:45 4 0 52
22:41:15 4 0 80
22:41:46 4 0 52
22:42:16 4 0 52
22:42:46 4 0 52
22:43:16 4 0 52
22:43:46 4 0 53
22:44:16 4 0 49
22:44:46 4 0 49
22:45:16 4 0 52
22:45:47 4 0 53
22:46:17 4 0 52
22:46:47 4 0 52
22:47:17 4 0 49
22:47:47 4 0 49
22:48:17 4 0 49
22:48:47 4 0 52
22:49:17 4 0 53
22:49:48 4 0 49
22:50:18 4 0 49
22:50:48 4 0 52
22:51:18 4 0 52
22:51:48 4 0 49
22:52:18 4 0 49
22:52:48 4 0 49
22:53:18 4 0 49
22:53:48 4 0 49
22:54:18 4 0 49
22:54:49 4 0 84
22:55:19 4 0 49
22:55:49 4 0 49
22:56:19 4 0 50
22:56:49 4 0 49
22:57:19 4 0 51
22:57:50 4 0 49
22:58:20 4 0 49
22:58:50 4 0 52
22:59:20 4 0 52
22:59:50 4 0 53
23:00:20 4 0 53
23:00:50 4 0 51
23:01:20 4 0 49
23:01:51 4 0 49
23:02:21 4 0 49
23:02:51 4 0 49
23:03:21 4 0 49
23:03:51 4 0 49
23:04:21 4 0 49
23:04:51 4 0 52
23:05:21 4 0 49
23:05:52 4 0 49
23:06:22 4 0 52
23:06:52 4 0 52
23:07:22 4 0 49
23:07:52 4 0 102
23:08:22 4 0 52
23:08:52 4 0 49
23:09:22 4 0 48
23:09:53 4 0 52
23:10:23 4 0 49
23:10:53 4 0 49
23:11:23 4 0 49
23:11:53 4 0 49
23:12:23 4 0 49
23:12:53 4 0 50
23:13:23 4 0 49
23:13:54 4 0 52
23:14:24 4 0 49
23:14:54 4 0 52
23:15:24 4 0 52
23:15:54 4 0 49
23:16:24 4 0 49
23:16:55 4 0 75
23:17:24 4 0 49
23:17:55 4 0 52
23:18:25 4 0 54
23:18:55 4 0 49
23:19:25 4 0 49
23:19:55 4 0 49
23:20:25 4 0 57
23:20:56 4 0 52
23:21:26 4 0 52
23:21:56 4 0 52
23:22:26 4 0 49
23:22:56 4 0 49
23:23:26 4 0 49
23:23:56 4 0 49
23:24:26 4 0 49
23:24:57 4 0 49
23:25:27 4 0 52
23:25:57 4 0 52
23:26:27 4 0 49
23:26:57 4 0 49
23:27:27 4 0 49
23:27:57 4 0 49
23:28:27 4 0 49
23:28:58 4 0 52
23:29:28 4 0 55
23:29:58 4 0 52
23:30:28 4 0 49
23:30:58 4 0 52
23:31:28 4 0 49
23:31:58 4 0 52
23:32:28 4 0 52
23:32:59 4 0 53
23:33:29 4 0 52
23:33:59 4 0 53
23:34:29 4 0 49
23:34:59 4 0 49
23:35:29 4 0 52
23:36:00 4 0 52
23:36:30 4 0 52
23:37:00 4 0 48
23:37:30 4 0 49
23:38:00 4 0 49
23:38:30 4 0 49
23:39:00 4 0 49
23:39:30 4 0 48
23:40:01 4 0 49
23:40:31 4 0 49
23:41:01 4 0 52
23:41:31 4 0 53
23:42:01 4 0 52
23:42:31 4 0 52
23:43:02 4 0 49
23:43:32 4 0 52
23:44:02 4 0 53
23:44:32 4 0 52
23:45:02 4 0 52
23:45:32 4 0 56
23:46:03 4 0 52
23:46:33 4 0 52
23:47:03 4 0 53
23:47:33 4 0 52
23:48:04 4 0 52
23:48:34 4 0 52
23:49:05 4 0 52
23:49:35 4 0 49
23:50:05 4 0 52
23:50:35 4 0 52
23:51:06 4 0 49
23:51:36 4 0 49
23:52:06 4 0 50
23:52:37 4 0 49
23:53:08 4 0 49
23:53:38 4 0 50
23:54:08 4 0 49
23:54:38 4 0 49
23:55:09 4 0 49
23:55:40 4 0 49
23:56:10 4 0 49
23:56:41 4 0 49
23:57:12 4 0 49
23:57:42 4 0 49
23:58:13 4 0 49
23:58:43 4 0 49
23:59:13 4 0 48
23:59:47 4 0 48
