00:00:05 4 0 13
00:00:39 4 0 18
00:01:17 4 0 14
00:02:04 4 0 14
00:02:33 4 0 16
00:02:42 4 0 15
00:03:21 4 0 13
00:03:42 3 1 16
00:04:18 4 0 16
00:04:47 4 0 15
00:05:18 4 0 16
00:05:57 4 0 15
00:06:22 4 0 14
00:06:52 4 0 14
00:07:28 4 0 15
00:07:55 4 0 14
00:08:23 4 0 35
02:00:05 4 0 16
02:00:36 3 1 15
02:01:06 4 0 12
02:01:36 4 0 14
02:02:06 4 0 16
02:02:36 4 0 15
02:03:07 4 0 14
02:03:37 4 0 14
02:04:07 4 0 12
02:04:37 4 0 12
02:05:08 4 0 14
02:05:38 4 0 14
02:06:08 4 0 15
02:06:38 4 0 12
02:07:08 4 0 14
02:07:39 4 0 13
02:08:09 4 0 13
02:08:39 4 0 15
02:09:09 4 0 13
02:09:39 4 0 12
02:10:10 4 0 14
02:10:40 4 0 14
02:11:10 4 0 15
02:11:40 4 0 14
02:12:10 4 0 16
02:12:41 4 0 12
02:13:11 4 0 15
02:13:41 4 0 14
02:14:11 4 0 16
02:14:41 4 0 12
02:15:12 4 0 12
02:15:42 4 0 12
02:16:12 4 0 14
02:16:42 4 0 14
02:17:12 4 0 13
02:17:43 4 0 14
02:18:13 4 0 12
02:18:45 3 1 14
02:19:14 4 0 14
02:19:44 4 0 14
02:20:15 3 1 14
02:20:44 4 0 14
02:21:14 4 0 12
02:21:45 4 0 14
02:22:15 4 0 15
02:22:45 4 0 14
02:23:15 4 0 14
02:23:45 4 0 14
02:24:16 4 0 13
02:24:46 4 0 14
02:25:16 4 0 15
02:25:46 4 0 12
02:26:16 4 0 12
02:26:48 3 1 14
02:27:17 4 0 13
02:27:47 4 0 14
02:28:17 4 0 13
02:28:48 4 0 12
02:29:18 4 0 14
02:29:48 4 0 12
02:30:18 4 0 12
02:30:48 4 0 12
02:31:19 4 0 12
02:31:49 4 0 14
02:32:19 4 0 16
02:32:49 4 0 12
02:33:19 4 0 13
02:33:50 4 0 14
02:34:20 4 0 15
02:34:51 3 1 15
02:35:20 4 0 16
02:35:50 4 0 12
02:36:21 4 0 13
02:36:51 4 0 12
02:37:21 4 0 14
02:37:51 4 0 12
02:38:21 4 0 14
02:38:52 4 0 13
02:39:22 4 0 12
02:39:52 4 0 13
02:40:22 4 0 12
02:40:52 4 0 12
02:41:23 4 0 15
02:41:53 4 0 14
02:42:23 4 0 15
02:42:53 4 0 12
02:43:23 4 0 16
02:43:53 4 0 12
02:44:24 4 0 13
02:44:54 4 0 14
02:45:24 4 0 13
02:45:54 4 0 12
02:46:24 4 0 15
02:46:55 4 0 15
02:47:27 2 2 15
02:47:57 2 2 16
02:48:25 4 0 32
02:48:55 4 0 15
02:49:26 4 0 12
02:49:56 4 0 12
02:50:26 4 0 14
02:50:56 4 0 12
02:51:26 4 0 13
02:51:57 4 0 12
02:52:27 4 0 16
02:52:57 4 0 12
02:53:27 4 0 12
02:53:57 4 0 12
02:54:28 4 0 15
02:54:58 4 0 12
02:55:28 4 0 13
02:55:58 4 0 15
02:56:29 3 1 16
02:56:59 4 0 12
02:57:29 4 0 16
02:57:59 4 0 12
02:58:29 4 0 12
02:58:59 4 0 12
02:59:30 4 0 12
03:00:00 4 0 14
03:00:31 3 1 17
03:01:00 4 0 12
03:01:30 4 0 14
03:02:01 4 0 14
03:02:31 4 0 12
03:03:01 4 0 12
03:03:31 4 0 12
03:04:01 4 0 12
03:04:32 4 0 12
03:05:02 4 0 12
03:05:32 4 0 13
03:06:03 4 0 12
03:06:33 4 0 15
03:07:03 4 0 12
03:07:34 4 0 12
03:08:04 4 0 16
03:08:35 4 0 13
03:09:05 4 0 12
03:09:36 3 1 16
03:10:05 4 0 14
03:10:35 4 0 12
03:11:05 4 0 14
03:11:36 4 0 15
03:12:06 4 0 12
03:12:36 4 0 12
03:13:06 4 0 12
03:13:36 4 0 12
03:14:06 4 0 12
03:14:37 4 0 12
03:15:07 4 0 12
03:15:37 4 0 12
03:16:07 4 0 12
03:16:37 4 0 12
03:17:07 4 0 12
03:17:38 4 0 12
03:18:08 4 0 12
03:18:38 4 0 14
03:19:08 4 0 12
03:19:38 4 0 12
03:20:09 4 0 12
03:20:39 4 0 12
03:21:09 4 0 12
03:21:39 4 0 12
03:22:09 4 0 14
03:22:39 4 0 12
03:23:10 4 0 12
03:23:40 4 0 12
03:24:10 4 0 12
03:24:40 4 0 13
03:25:10 4 0 12
03:25:40 4 0 13
03:26:11 4 0 12
03:26:41 4 0 14
03:27:11 4 0 12
03:27:41 4 0 15
03:28:11 4 0 14
03:28:41 4 0 12
03:29:12 4 0 12
03:29:42 4 0 12
03:30:12 4 0 12
03:30:42 4 0 12
03:31:12 4 0 12
03:31:42 4 0 12
03:32:13 4 0 12
03:32:43 4 0 12
03:33:13 4 0 12
03:33:43 4 0 16
03:34:13 4 0 12
03:34:43 4 0 12
03:35:13 4 0 12
03:35:44 4 0 12
03:36:14 4 0 12
03:36:44 4 0 12
03:37:14 4 0 12
03:37:44 4 0 13
03:38:15 4 0 12
03:38:45 4 0 12
03:39:15 4 0 12
03:39:45 4 0 16
03:40:15 4 0 12
03:40:46 4 0 12
03:41:16 4 0 13
03:41:46 4 0 13
03:42:16 4 0 12
03:42:46 4 0 13
03:43:16 4 0 12
03:43:47 4 0 13
03:44:17 4 0 12
03:44:47 4 0 13
03:45:17 4 0 12
03:45:47 4 0 12
03:46:18 4 0 12
03:46:48 4 0 12
03:47:18 4 0 12
03:47:48 4 0 15
03:48:18 4 0 12
03:48:48 4 0 12
03:49:18 4 0 12
03:49:49 4 0 12
03:50:19 4 0 12
03:50:49 4 0 12
03:51:19 4 0 12
03:51:49 4 0 14
03:52:19 4 0 12
03:52:50 4 0 12
03:53:20 4 0 12
03:53:50 4 0 12
03:54:20 4 0 12
03:54:50 4 0 12
03:55:21 4 0 12
03:55:51 4 0 12
03:56:21 4 0 12
03:56:51 4 0 12
03:57:21 4 0 12
03:57:51 4 0 12
03:58:22 4 0 12
03:58:52 4 0 13
03:59:22 4 0 12
03:59:52 4 0 15
04:00:22 4 0 12
04:00:52 4 0 13
04:01:22 4 0 12
04:01:53 4 0 14
04:02:23 4 0 12
04:02:53 4 0 12
04:03:23 4 0 12
04:03:53 4 0 12
04:04:23 4 0 12
04:04:54 4 0 13
04:05:24 4 0 12
04:05:54 4 0 12
04:06:24 4 0 12
04:06:54 4 0 12
04:07:25 4 0 12
04:07:55 4 0 12
04:08:25 4 0 12
04:08:55 4 0 12
04:09:25 4 0 12
04:09:55 4 0 12
04:10:26 4 0 12
04:10:56 4 0 14
04:11:26 4 0 12
04:11:56 4 0 13
04:12:26 4 0 12
04:12:56 4 0 12
04:13:27 4 0 12
04:13:57 4 0 13
04:14:27 4 0 12
04:14:57 4 0 13
04:15:27 4 0 12
04:15:57 4 0 12
04:16:28 4 0 12
04:16:58 4 0 12
04:17:28 4 0 12
04:17:58 4 0 15
04:18:28 4 0 13
04:18:58 4 0 12
04:19:29 4 0 12
04:19:59 4 0 14
04:20:29 4 0 12
04:20:59 4 0 12
04:21:29 4 0 12
04:21:59 4 0 13
04:22:30 4 0 12
04:23:00 4 0 12
04:23:30 4 0 29
04:24:00 4 0 13
04:24:30 4 0 12
04:25:00 4 0 12
04:25:31 4 0 12
04:26:01 4 0 12
04:26:31 4 0 12
04:27:01 4 0 12
04:27:31 4 0 12
04:28:01 4 0 14
04:28:32 4 0 12
04:29:02 4 0 12
04:29:32 4 0 12
04:30:02 4 0 13
04:30:32 4 0 12
04:31:03 4 0 12
04:31:33 4 0 12
04:32:03 4 0 13
04:32:33 4 0 12
04:33:03 4 0 12
04:33:33 4 0 12
04:34:04 4 0 13
04:34:34 4 0 12
04:35:04 4 0 13
04:35:34 4 0 12
04:36:04 4 0 12
04:36:34 4 0 12
04:37:05 4 0 13
04:37:35 4 0 12
04:38:05 4 0 13
04:38:35 4 0 12
04:39:05 4 0 12
04:39:36 4 0 12
04:40:06 4 0 12
04:40:36 4 0 12
04:41:06 4 0 16
04:41:36 4 0 12
04:42:07 4 0 12
04:42:37 4 0 12
04:43:07 4 0 13
04:43:37 4 0 12
04:44:07 4 0 13
04:44:37 4 0 13
04:45:08 4 0 12
04:45:38 4 0 22
04:46:08 4 0 13
04:46:38 4 0 12
04:47:08 4 0 12
04:47:38 4 0 12
04:48:09 4 0 13
04:48:39 4 0 12
04:49:09 4 0 12
04:49:39 4 0 12
04:50:09 4 0 12
04:50:39 4 0 12
04:51:10 4 0 12
04:51:40 4 0 12
04:52:10 4 0 13
04:52:40 4 0 12
04:53:10 4 0 12
04:53:40 4 0 12
04:54:11 4 0 14
04:54:41 4 0 12
04:55:11 4 0 13
04:55:41 4 0 12
04:56:11 4 0 12
04:56:41 4 0 12
04:57:12 4 0 12
04:57:42 4 0 12
04:58:12 4 0 12
04:58:42 4 0 12
04:59:12 4 0 12
04:59:43 4 0 12
05:00:13 4 0 12
05:00:43 4 0 12
05:01:13 4 0 12
05:01:43 4 0 12
05:02:13 4 0 12
05:02:44 4 0 12
05:03:14 4 0 15
05:03:44 4 0 12
05:04:14 4 0 15
05:04:44 4 0 12
05:05:14 4 0 12
05:05:45 4 0 12
05:06:15 4 0 12
05:06:45 4 0 13
05:07:15 4 0 13
05:07:45 4 0 12
05:08:15 4 0 13
05:08:46 4 0 12
05:09:16 4 0 12
05:09:46 4 0 12
05:10:16 4 0 13
05:10:46 4 0 12
05:11:16 4 0 12
05:11:47 4 0 12
05:12:17 4 0 13
05:12:47 4 0 12
05:13:17 4 0 13
05:13:47 4 0 13
05:14:17 4 0 12
05:14:48 4 0 12
05:15:18 4 0 13
05:15:48 4 0 12
05:16:18 4 0 12
05:16:48 4 0 14
05:17:19 4 0 13
05:17:49 4 0 12
05:18:19 4 0 13
05:18:49 4 0 12
05:19:19 4 0 12
05:19:50 4 0 12
05:20:20 4 0 12
05:20:50 4 0 12
05:21:20 4 0 12
05:21:50 4 0 14
05:22:20 4 0 12
05:22:51 4 0 12
05:23:21 4 0 12
05:23:51 4 0 12
05:24:21 4 0 12
05:24:51 4 0 12
05:25:21 4 0 14
05:25:52 4 0 12
05:26:22 4 0 13
05:26:52 4 0 12
05:27:22 4 0 12
05:27:52 4 0 12
05:28:22 4 0 15
05:28:53 4 0 12
05:29:23 4 0 13
05:29:53 4 0 12
05:30:23 4 0 13
05:30:53 4 0 12
05:31:23 4 0 12
05:31:54 4 0 12
05:32:24 4 0 13
05:32:54 4 0 12
05:33:24 4 0 12
05:33:54 4 0 12
05:34:25 4 0 13
05:34:55 4 0 12
05:35:25 4 0 12
05:35:55 4 0 12
05:36:25 4 0 13
05:36:55 4 0 12
05:37:25 4 0 12
05:37:56 4 0 12
05:38:26 4 0 13
05:38:56 4 0 12
05:39:26 4 0 14
05:39:56 4 0 12
05:40:27 4 0 13
05:40:57 4 0 12
05:41:27 4 0 12
05:41:57 4 0 12
05:42:27 4 0 12
05:42:57 4 0 12
05:43:28 4 0 12
05:43:58 4 0 12
05:44:28 4 0 12
05:44:58 4 0 12
05:45:28 4 0 12
05:45:58 4 0 12
05:46:29 4 0 12
05:46:59 4 0 12
05:47:29 4 0 12
05:47:59 4 0 12
05:48:29 4 0 13
05:48:59 4 0 12
05:49:30 4 0 13
05:50:00 4 0 28
05:50:30 4 0 12
05:51:00 4 0 12
05:51:30 4 0 14
05:52:00 4 0 12
05:52:31 4 0 13
05:53:01 4 0 12
05:53:31 4 0 13
05:54:01 4 0 12
05:54:31 4 0 13
05:55:01 4 0 12
05:55:32 4 0 13
05:56:02 4 0 12
05:56:32 4 0 13
05:57:02 4 0 12
05:57:32 4 0 15
05:58:03 4 0 12
05:58:33 4 0 35
05:59:03 4 0 12
05:59:33 4 0 12
06:00:03 4 0 12
06:00:34 4 0 13
06:01:04 4 0 14
06:01:34 4 0 12
06:02:04 4 0 12
06:02:34 4 0 14
06:03:05 4 0 12
06:03:35 4 0 13
06:04:05 4 0 12
06:04:35 4 0 14
06:05:05 4 0 12
06:05:36 4 0 15
06:06:06 4 0 12
06:06:36 4 0 13
06:07:06 4 0 12
06:07:36 4 0 13
06:08:07 4 0 12
06:08:37 4 0 13
06:09:07 4 0 12
06:09:37 4 0 12
06:10:07 4 0 12
06:10:38 4 0 12
06:11:08 4 0 12
06:11:38 4 0 12
06:12:08 4 0 12
06:12:38 4 0 12
06:13:08 4 0 12
06:13:39 4 0 14
06:14:09 4 0 12
06:14:39 4 0 12
06:15:09 4 0 12
06:15:39 4 0 15
06:16:10 4 0 12
06:16:40 4 0 12
06:17:10 4 0 12
06:17:40 4 0 14
06:18:10 4 0 12
06:18:40 4 0 41
06:19:11 4 0 12
06:19:41 4 0 12
06:20:11 4 0 12
06:20:41 4 0 13
06:21:11 4 0 12
06:21:41 4 0 14
06:22:12 4 0 12
06:22:42 4 0 12
06:23:12 4 0 12
06:23:42 4 0 12
06:24:12 4 0 12
06:24:42 4 0 13
06:25:13 4 0 12
06:25:43 4 0 15
06:26:13 4 0 12
06:26:43 4 0 12
06:27:13 4 0 12
06:27:43 4 0 15
06:28:14 4 0 12
06:28:44 4 0 30
06:29:14 4 0 12
06:29:44 4 0 12
06:30:14 4 0 12
06:30:45 4 0 13
06:31:15 4 0 12
06:31:45 4 0 12
06:32:15 4 0 12
06:32:45 4 0 13
06:33:15 4 0 12
06:33:46 4 0 13
06:34:16 4 0 12
06:34:46 4 0 12
06:35:16 4 0 12
06:35:46 4 0 13
06:36:16 4 0 12
06:36:47 4 0 12
06:37:17 4 0 12
06:37:47 4 0 12
06:38:17 4 0 12
06:38:47 4 0 12
06:39:17 4 0 12
06:39:48 4 0 13
06:40:18 4 0 12
06:40:48 4 0 13
06:41:18 4 0 12
06:41:48 4 0 12
06:42:18 4 0 12
06:42:49 4 0 12
06:43:19 4 0 12
06:43:49 4 0 14
06:44:19 4 0 12
06:44:49 4 0 13
06:45:19 4 0 12
06:45:50 4 0 12
06:46:20 4 0 12
06:46:50 4 0 12
06:47:20 4 0 12
06:47:50 4 0 13
06:48:20 4 0 12
06:48:51 4 0 13
06:49:21 4 0 12
06:49:51 4 0 17
06:50:21 4 0 12
06:50:51 4 0 13
06:51:22 4 0 12
06:51:52 4 0 14
06:52:22 4 0 12
06:52:52 4 0 41
06:53:22 4 0 12
06:53:52 4 0 12
06:54:22 4 0 12
06:54:53 4 0 12
06:55:23 4 0 12
06:55:53 4 0 13
06:56:23 4 0 12
06:56:53 4 0 13
06:57:23 4 0 12
06:57:54 4 0 12
06:58:24 4 0 12
06:58:54 4 0 12
06:59:24 4 0 12
06:59:54 4 0 13
07:00:24 4 0 12
07:00:55 4 0 13
07:01:25 4 0 12
07:01:55 4 0 12
07:02:25 4 0 12
07:02:55 4 0 12
07:03:25 4 0 12
07:03:56 4 0 24
07:04:26 4 0 12
07:04:56 4 0 12
07:05:26 4 0 12
07:05:56 4 0 14
07:06:26 4 0 12
07:06:57 4 0 14
07:07:27 4 0 12
07:07:57 4 0 12
07:08:27 4 0 12
07:08:57 4 0 13
07:09:27 4 0 12
07:09:58 4 0 12
07:10:28 4 0 12
07:10:58 4 0 12
07:11:28 4 0 12
07:11:58 4 0 12
07:12:28 4 0 12
07:12:59 4 0 13
07:13:29 4 0 27
07:13:59 4 0 15
07:14:29 4 0 12
07:14:59 4 0 12
07:15:29 4 0 13
07:16:00 4 0 12
07:16:30 4 0 12
07:17:00 4 0 12
07:17:30 4 0 12
07:18:00 4 0 12
07:18:31 4 0 12
07:19:01 4 0 13
07:19:31 4 0 12
07:20:01 4 0 13
07:20:31 4 0 12
07:21:01 4 0 13
07:21:32 4 0 12
07:22:02 4 0 13
07:22:32 4 0 12
07:23:02 4 0 12
07:23:32 4 0 12
07:24:02 4 0 12
07:24:33 4 0 12
07:25:03 4 0 13
07:25:33 4 0 12
07:26:03 4 0 12
07:26:34 4 0 12
07:27:05 4 0 14
07:27:35 4 0 14
07:28:05 4 0 15
07:28:35 4 0 12
07:29:05 4 0 12
07:29:35 4 0 12
07:30:06 4 0 12
07:30:36 4 0 12
07:31:06 4 0 12
07:31:36 4 0 12
07:32:06 4 0 12
07:32:36 4 0 12
07:33:07 4 0 12
07:33:37 4 0 12
07:34:07 4 0 12
07:34:37 4 0 12
07:35:07 4 0 12
07:35:37 4 0 12
07:36:08 4 0 12
07:36:38 4 0 12
07:37:08 4 0 12
07:37:38 4 0 14
07:38:08 4 0 12
07:38:39 4 0 31
07:39:09 4 0 12
07:39:39 4 0 12
07:40:09 4 0 12
07:40:39 4 0 12
07:41:09 4 0 12
07:41:39 4 0 12
07:42:10 4 0 12
07:42:40 4 0 12
07:43:10 4 0 12
07:43:40 4 0 12
07:44:10 4 0 12
07:44:40 4 0 12
07:45:11 4 0 12
07:45:41 4 0 12
07:46:11 4 0 12
07:46:41 4 0 15
07:47:11 4 0 12
07:47:41 4 0 12
07:48:12 4 0 12
07:48:42 4 0 12
07:49:12 4 0 12
07:49:42 4 0 12
07:50:12 4 0 12
07:50:42 4 0 12
07:51:13 4 0 46
07:51:43 4 0 12
07:52:13 4 0 12
07:52:43 4 0 43
07:53:13 4 0 12
07:53:43 4 0 12
07:54:13 4 0 12
07:54:43 4 0 12
07:55:14 4 0 12
07:55:44 4 0 12
07:56:14 4 0 12
07:56:44 4 0 12
07:57:14 4 0 12
07:57:45 4 0 14
07:58:15 4 0 12
07:58:45 4 0 12
07:59:15 4 0 12
07:59:45 4 0 12
08:00:15 4 0 12
08:00:45 4 0 12
08:01:16 4 0 12
08:01:46 4 0 12
08:02:16 4 0 12
08:02:46 4 0 12
08:03:16 4 0 12
08:03:46 4 0 12
08:04:17 4 0 12
08:04:47 4 0 12
08:05:17 4 0 12
08:05:47 4 0 12
08:06:17 4 0 12
08:06:47 4 0 12
08:07:18 4 0 15
08:07:48 4 0 12
08:08:18 4 0 12
08:08:48 4 0 12
08:09:18 4 0 12
08:09:48 4 0 12
08:10:18 4 0 12
08:10:48 4 0 12
08:11:19 4 0 12
08:11:49 4 0 12
08:12:19 4 0 12
08:12:49 4 0 12
08:13:19 4 0 12
08:13:49 4 0 12
08:14:20 4 0 12
08:14:50 4 0 12
08:15:20 4 0 12
08:15:50 4 0 12
08:16:20 4 0 14
08:16:50 4 0 12
08:17:21 4 0 12
08:17:51 4 0 12
08:18:21 4 0 12
08:18:51 4 0 12
08:19:21 4 0 12
08:19:51 4 0 12
08:20:22 4 0 12
08:20:52 4 0 12
08:21:22 4 0 12
08:21:52 4 0 12
08:22:22 4 0 13
08:22:53 4 0 12
08:23:23 4 0 12
08:23:53 4 0 12
08:24:24 4 0 12
08:24:54 4 0 12
08:25:24 4 0 12
08:25:54 4 0 12
08:26:24 4 0 12
08:26:54 4 0 33
08:27:25 4 0 12
08:27:55 4 0 12
08:28:25 4 0 12
08:28:55 4 0 12
08:29:25 4 0 12
08:29:55 4 0 12
08:30:26 4 0 12
08:30:56 4 0 13
08:31:26 4 0 12
08:31:56 4 0 12
08:32:26 4 0 12
08:32:56 4 0 12
08:33:26 4 0 12
08:33:56 4 0 12
08:34:27 4 0 12
08:34:57 4 0 12
08:35:27 4 0 12
08:35:57 4 0 12
08:36:27 4 0 12
08:36:57 4 0 12
08:37:28 4 0 12
08:37:58 4 0 12
08:38:28 4 0 12
08:38:58 4 0 12
08:39:28 4 0 12
08:39:58 4 0 12
08:40:29 4 0 12
08:40:59 4 0 12
08:41:29 4 0 12
08:41:59 4 0 12
08:42:30 4 0 12
08:43:00 4 0 12
08:43:31 4 0 12
08:44:01 4 0 12
08:44:31 4 0 12
08:45:01 4 0 12
08:45:32 4 0 12
08:46:02 4 0 12
08:46:32 4 0 12
08:47:02 4 0 12
08:47:32 4 0 12
08:48:02 4 0 12
08:48:33 4 0 12
08:49:03 4 0 12
08:49:33 4 0 12
08:50:03 4 0 12
08:50:33 4 0 12
08:51:03 4 0 12
08:51:34 4 0 12
08:52:04 4 0 12
08:52:34 4 0 12
08:53:04 4 0 12
08:53:34 4 0 12
08:54:04 4 0 12
08:54:35 4 0 13
08:55:05 4 0 12
08:55:35 4 0 12
08:56:06 4 0 12
08:56:36 4 0 12
08:57:06 4 0 12
08:57:36 4 0 13
08:58:07 4 0 16
08:58:38 4 0 12
08:59:08 4 0 12
08:59:38 4 0 12
09:00:08 4 0 12
09:00:39 4 0 12
09:01:09 4 0 12
09:01:39 4 0 13
09:02:09 4 0 12
09:02:40 3 1 12
09:03:11 3 1 66
09:03:39 4 0 12
09:04:09 4 0 12
09:04:40 4 0 12
09:05:10 4 0 12
09:05:40 4 0 12
09:06:10 4 0 15
09:06:40 4 0 12
09:07:10 4 0 13
09:07:40 4 0 12
09:08:10 4 0 12
09:08:41 4 0 12
09:09:11 4 0 12
09:09:41 4 0 12
09:10:11 4 0 13
09:10:41 4 0 12
09:11:11 4 0 12
09:11:41 4 0 12
09:12:11 4 0 12
09:12:42 4 0 12
09:13:13 3 1 12
09:13:42 4 0 12
09:14:12 4 0 12
09:14:42 4 0 12
09:15:12 4 0 13
09:15:42 4 0 12
09:16:12 4 0 12
09:16:43 4 0 12
09:17:13 4 0 12
09:17:43 4 0 12
09:18:14 4 0 15
09:18:44 4 0 12
09:19:14 4 0 12
09:19:44 4 0 12
09:20:14 4 0 12
09:20:44 4 0 12
09:21:14 4 0 12
09:21:44 4 0 12
09:22:14 4 0 12
09:22:45 4 0 12
09:23:15 4 0 12
09:23:45 4 0 12
09:24:15 4 0 12
09:24:45 4 0 14
09:25:15 4 0 12
09:25:45 4 0 12
09:26:15 4 0 12
09:26:47 3 1 13
09:27:16 4 0 50
09:27:46 4 0 12
09:28:16 4 0 13
09:28:46 4 0 12
09:29:16 4 0 34
09:29:46 4 0 12
09:30:16 4 0 12
09:30:47 4 0 12
09:31:17 4 0 13
09:31:47 4 0 12
09:32:18 3 1 12
09:32:48 4 0 12
09:33:18 4 0 12
09:33:48 4 0 13
09:34:18 4 0 13
09:34:48 4 0 12
09:35:18 4 0 12
09:35:48 4 0 12
09:36:18 4 0 12
09:36:49 4 0 12
09:37:19 4 0 45
09:37:49 4 0 12
09:38:19 4 0 12
09:38:50 4 0 12
09:39:21 3 1 12
09:39:51 3 1 14
09:40:20 4 0 12
09:40:51 3 1 13
09:41:21 3 1 12
09:41:51 4 0 12
09:42:21 4 0 12
09:42:51 4 0 12
09:43:21 4 0 12
09:43:51 4 0 12
09:44:21 4 0 12
09:44:51 4 0 12
09:45:22 3 1 12
09:45:52 4 0 12
09:46:22 4 0 18
09:46:52 4 0 15
09:47:22 4 0 12
09:47:52 4 0 12
09:48:22 4 0 12
09:48:52 4 0 14
09:49:22 4 0 12
09:49:53 4 0 12
09:50:23 4 0 12
09:50:53 4 0 12
09:51:23 4 0 15
09:51:54 4 0 12
09:52:24 4 0 12
09:52:54 4 0 12
09:53:24 4 0 12
09:53:55 3 1 12
09:54:25 4 0 12
09:54:56 3 1 13
09:55:25 4 0 13
09:55:56 3 1 16
09:56:26 3 1 12
09:56:55 4 0 15
09:57:25 4 0 12
09:57:55 4 0 12
09:58:25 4 0 12
09:58:56 4 0 12
09:59:26 4 0 12
09:59:56 4 0 12
10:00:26 4 0 15
10:00:56 4 0 12
10:01:26 4 0 12
10:01:56 4 0 12
10:02:27 3 1 12
10:02:57 4 0 12
10:03:27 4 0 12
10:03:58 3 1 12
10:04:27 4 0 12
10:04:57 4 0 12
10:05:27 4 0 12
10:05:57 4 0 12
10:06:27 4 0 12
10:06:58 4 0 12
10:07:28 4 0 12
10:07:58 4 0 12
10:08:28 4 0 15
10:08:58 4 0 16
10:09:28 4 0 12
10:09:58 4 0 12
10:10:28 4 0 12
10:10:59 4 0 12
10:11:29 4 0 37
10:11:59 4 0 42
10:12:29 4 0 65
10:12:59 4 0 54
10:13:29 4 0 52
10:14:01 3 1 47
10:14:30 4 0 36
10:15:00 4 0 42
10:15:30 4 0 23
10:16:02 2 2 51
10:16:30 4 0 56
10:17:00 4 0 62
10:17:30 4 0 38
10:18:01 4 0 62
10:18:32 3 1 41
10:19:01 4 0 56
10:19:31 4 0 42
10:20:01 4 0 58
10:20:31 4 0 67
10:21:03 3 1 61
10:21:32 4 0 64
10:22:02 4 0 48
10:22:33 4 0 44
10:23:03 4 0 51
10:23:35 3 1 34
10:24:05 3 1 60
10:24:34 4 0 16
10:25:05 4 0 12
10:25:35 4 0 12
10:26:06 3 1 20
10:26:36 4 0 13
10:27:10 1 3 13
10:27:37 4 0 12
10:28:07 4 0 15
10:28:37 4 0 12
10:29:07 4 0 12
10:29:37 4 0 12
10:30:08 4 0 12
10:30:38 4 0 16
10:31:08 4 0 12
10:31:38 4 0 12
10:32:08 4 0 12
10:32:38 4 0 16
10:33:09 4 0 12
10:33:39 4 0 15
10:34:09 4 0 12
10:34:39 4 0 12
10:35:09 4 0 12
10:35:39 4 0 12
10:36:09 4 0 12
10:36:39 4 0 12
10:37:10 4 0 12
10:37:40 4 0 13
10:38:10 4 0 13
10:38:41 4 0 13
10:39:11 4 0 14
10:39:41 4 0 12
10:40:12 4 0 60
10:40:43 3 1 16
10:41:12 4 0 12
10:41:42 4 0 12
10:42:12 4 0 13
10:42:42 4 0 13
10:43:14 3 1 14
10:43:43 4 0 16
10:44:13 4 0 13
10:44:43 4 0 12
10:45:13 4 0 12
10:45:43 4 0 12
10:46:14 4 0 12
10:46:44 4 0 13
10:47:14 4 0 16
10:47:44 4 0 36
10:48:14 4 0 15
10:48:44 4 0 12
10:49:15 4 0 12
10:49:45 4 0 13
10:50:15 4 0 14
10:50:45 4 0 15
10:51:16 4 0 13
10:51:46 4 0 14
10:52:16 4 0 15
10:52:46 4 0 14
10:53:16 4 0 12
10:53:46 4 0 15
10:54:17 4 0 51
10:54:47 4 0 14
10:55:18 3 1 15
10:55:47 4 0 17
10:56:18 4 0 12
10:56:48 4 0 13
10:57:18 4 0 13
10:57:48 4 0 12
10:58:19 4 0 14
10:58:49 4 0 16
10:59:20 4 0 15
10:59:50 4 0 12
11:00:20 4 0 12
11:00:50 4 0 13
11:01:20 4 0 15
11:01:50 4 0 15
11:02:21 4 0 12
11:02:51 4 0 12
11:03:21 4 0 12
11:03:51 4 0 12
11:04:21 4 0 14
11:04:51 4 0 12
11:05:22 4 0 12
11:05:52 4 0 14
11:06:22 4 0 14
11:06:52 4 0 14
11:07:23 3 1 13
11:07:53 4 0 12
11:08:23 4 0 12
11:08:53 4 0 12
11:09:23 4 0 14
11:09:53 4 0 13
11:10:23 4 0 12
11:10:53 4 0 13
11:11:24 4 0 13
11:11:55 3 1 15
11:12:24 4 0 12
11:12:54 4 0 12
11:13:24 4 0 12
11:13:54 4 0 12
11:14:25 4 0 17
11:14:55 4 0 14
11:15:26 4 0 12
11:15:56 4 0 15
11:16:26 4 0 16
11:16:56 4 0 12
11:17:27 4 0 16
11:17:57 4 0 14
11:18:27 4 0 12
11:18:57 4 0 14
11:19:27 4 0 12
11:19:57 4 0 16
11:20:28 4 0 26
11:20:58 4 0 12
11:21:29 3 1 12
11:21:58 4 0 12
11:22:28 4 0 13
11:22:58 4 0 12
11:23:28 4 0 15
11:23:59 4 0 20
11:24:29 4 0 12
11:24:59 4 0 13
11:25:29 4 0 13
11:25:59 4 0 13
11:26:29 4 0 15
11:26:59 4 0 12
11:27:30 4 0 13
11:28:00 4 0 14
11:28:30 4 0 13
11:29:00 4 0 12
11:29:30 4 0 13
11:30:00 4 0 13
11:30:30 4 0 12
11:31:00 4 0 12
11:31:30 4 0 12
11:32:00 4 0 12
11:32:31 4 0 13
11:33:01 4 0 13
11:33:32 3 1 13
11:34:01 4 0 19
11:34:32 4 0 21
11:35:02 4 0 12
11:35:32 4 0 13
11:36:02 4 0 12
11:36:32 4 0 14
11:37:03 4 0 13
11:37:34 4 0 16
11:38:04 4 0 12
11:38:34 4 0 13
11:39:05 3 1 12
11:39:34 4 0 12
11:40:04 4 0 12
11:40:35 4 0 12
11:41:05 4 0 14
11:41:35 4 0 12
11:42:05 4 0 13
11:42:35 4 0 12
11:43:05 4 0 12
11:43:35 4 0 12
11:44:06 4 0 15
11:44:36 4 0 15
11:45:06 4 0 12
11:45:37 4 0 14
11:46:07 4 0 13
11:46:38 4 0 13
11:47:08 4 0 14
11:47:38 4 0 14
11:48:08 4 0 19
11:48:38 4 0 12
11:49:08 4 0 16
11:49:39 4 0 15
11:50:09 4 0 13
11:50:39 4 0 12
11:51:09 4 0 15
11:51:40 4 0 15
11:52:10 4 0 14
11:52:40 4 0 12
11:53:10 4 0 12
11:53:40 4 0 12
11:54:10 4 0 13
11:54:41 4 0 13
11:55:11 4 0 12
11:55:41 4 0 12
11:56:11 4 0 12
11:56:41 4 0 30
11:57:11 4 0 13
11:57:42 4 0 14
11:58:12 4 0 12
11:58:42 4 0 16
11:59:12 4 0 14
11:59:42 4 0 37
12:00:12 4 0 15
12:00:42 4 0 12
12:01:12 4 0 12
12:01:43 4 0 12
12:02:13 4 0 15
12:02:43 4 0 15
12:03:13 4 0 12
12:03:43 4 0 12
12:04:13 4 0 43
12:04:43 4 0 12
12:05:13 4 0 12
12:05:44 4 0 13
12:06:14 4 0 12
12:06:45 4 0 13
12:07:15 4 0 12
12:07:45 4 0 12
12:08:15 4 0 13
12:08:45 4 0 12
12:09:15 4 0 16
12:09:46 4 0 15
12:10:16 4 0 12
12:10:46 4 0 13
12:11:17 3 1 15
12:11:47 4 0 13
12:12:17 4 0 12
12:12:47 4 0 12
12:13:17 4 0 14
12:13:47 4 0 13
12:14:17 4 0 14
12:14:48 4 0 16
12:15:18 4 0 15
12:15:48 4 0 15
12:16:18 4 0 12
12:16:49 4 0 12
12:17:19 4 0 12
12:17:50 4 0 12
12:18:20 4 0 12
12:18:50 4 0 12
12:19:20 4 0 12
12:19:50 4 0 12
12:20:20 4 0 12
12:20:51 4 0 12
12:21:21 4 0 12
12:21:51 4 0 13
12:22:21 4 0 14
12:22:51 4 0 13
12:23:21 4 0 14
12:23:51 4 0 14
12:24:21 4 0 13
12:24:52 4 0 12
12:25:22 4 0 12
12:25:52 4 0 14
12:26:22 4 0 12
12:26:52 4 0 15
12:27:22 4 0 12
12:27:53 4 0 14
12:28:23 4 0 12
12:28:53 4 0 12
12:29:23 4 0 12
12:29:53 4 0 12
12:30:23 4 0 12
12:30:53 4 0 13
12:31:23 4 0 12
12:31:54 4 0 12
12:32:24 4 0 12
12:32:54 4 0 12
12:33:24 4 0 12
12:33:54 4 0 12
12:34:24 4 0 14
12:34:54 4 0 12
12:35:24 4 0 12
12:35:54 4 0 13
12:36:24 4 0 12
12:36:55 4 0 12
12:37:25 4 0 15
12:37:55 4 0 12
12:38:25 4 0 16
12:38:55 4 0 12
12:39:25 4 0 14
12:39:56 4 0 12
12:40:26 4 0 12
12:40:56 4 0 12
12:41:26 4 0 12
12:41:56 4 0 13
12:42:26 4 0 12
12:42:56 4 0 12
12:43:26 4 0 12
12:43:56 4 0 12
12:44:26 4 0 12
12:44:56 4 0 12
12:45:27 4 0 12
12:45:57 4 0 12
12:46:27 4 0 16
12:46:57 4 0 12
12:47:27 4 0 12
12:47:57 4 0 12
12:48:27 4 0 12
12:48:57 4 0 12
12:49:28 4 0 16
12:49:58 4 0 13
12:50:28 4 0 12
12:50:59 4 0 15
12:51:29 4 0 46
12:51:59 4 0 12
12:52:29 4 0 12
12:52:59 4 0 12
12:53:29 4 0 36
12:53:59 4 0 12
12:54:30 4 0 42
12:55:00 4 0 12
12:55:30 4 0 15
12:56:00 4 0 12
12:56:30 4 0 12
12:57:00 4 0 12
12:57:30 4 0 13
12:58:01 4 0 14
12:58:31 4 0 12
12:59:01 4 0 12
12:59:31 4 0 14
13:00:01 4 0 12
13:00:31 4 0 15
13:01:01 4 0 12
13:01:31 4 0 15
13:02:02 4 0 12
13:02:32 4 0 12
13:03:02 4 0 12
13:03:32 4 0 13
13:04:02 4 0 14
13:04:32 4 0 12
13:05:02 4 0 12
13:05:33 3 1 12
13:06:02 4 0 12
13:06:32 4 0 12
13:07:03 4 0 16
13:07:33 4 0 16
13:08:03 4 0 15
13:08:33 4 0 12
13:09:03 4 0 28
13:09:33 4 0 12
13:10:03 4 0 14
13:10:33 4 0 13
13:11:03 4 0 12
13:11:33 4 0 14
13:12:04 4 0 15
13:12:34 4 0 12
13:13:04 4 0 12
13:13:34 4 0 13
13:14:04 4 0 12
13:14:35 3 1 12
13:15:04 4 0 12
13:15:34 4 0 15
13:16:04 4 0 12
13:16:34 4 0 12
13:17:05 4 0 14
13:17:35 4 0 14
13:18:05 4 0 12
13:18:35 4 0 12
13:19:05 4 0 13
13:19:35 4 0 13
13:20:05 4 0 13
13:20:35 4 0 12
13:21:05 4 0 12
13:21:36 4 0 14
13:22:07 3 1 15
13:22:36 4 0 16
13:23:06 4 0 12
13:23:36 4 0 12
13:24:07 4 0 13
13:24:37 4 0 12
13:25:07 4 0 15
13:25:37 4 0 12
13:26:07 4 0 12
13:26:37 4 0 12
13:27:07 4 0 15
13:27:37 4 0 12
13:28:08 4 0 12
13:28:38 4 0 16
13:29:08 4 0 12
13:29:38 4 0 41
13:30:08 4 0 13
13:30:38 4 0 12
13:31:08 4 0 14
13:31:38 4 0 12
13:32:09 4 0 12
13:32:39 4 0 12
13:33:09 4 0 13
13:33:39 4 0 12
13:34:10 4 0 12
13:34:40 4 0 14
13:35:10 4 0 12
13:35:40 4 0 12
13:36:10 4 0 15
13:36:40 4 0 12
13:37:10 4 0 12
13:37:42 3 1 15
13:38:11 4 0 12
13:38:41 4 0 12
13:39:11 4 0 30
13:39:41 4 0 15
13:40:11 4 0 13
13:40:41 4 0 12
13:41:11 4 0 12
13:41:41 4 0 12
13:42:12 4 0 32
13:42:42 4 0 35
13:43:13 4 0 13
13:43:43 4 0 12
13:44:13 4 0 16
13:44:43 4 0 12
13:45:13 4 0 14
13:45:43 4 0 13
13:46:13 4 0 12
13:46:44 4 0 45
13:47:14 4 0 12
13:47:45 4 0 12
13:48:15 4 0 12
13:48:45 4 0 12
13:49:15 4 0 12
13:49:45 4 0 13
13:50:15 4 0 12
13:50:46 3 1 15
13:51:16 4 0 12
13:51:46 4 0 12
13:52:16 4 0 12
13:52:46 4 0 16
13:53:16 4 0 13
13:53:46 4 0 12
13:54:16 4 0 12
13:54:46 4 0 12
13:55:17 4 0 14
13:55:47 4 0 15
13:56:17 4 0 13
13:56:47 4 0 12
13:57:17 4 0 12
13:57:47 4 0 14
13:58:17 4 0 12
13:58:47 4 0 12
13:59:18 4 0 12
13:59:48 4 0 16
14:00:18 4 0 15
14:00:48 4 0 12
14:01:18 4 0 12
14:01:48 4 0 12
14:02:18 4 0 12
14:02:48 4 0 12
14:03:18 4 0 12
14:03:48 4 0 12
14:04:19 4 0 15
14:04:49 4 0 12
14:05:19 4 0 12
14:05:49 4 0 13
14:06:19 4 0 12
14:06:50 4 0 14
14:07:20 4 0 12
14:07:50 4 0 12
14:08:20 4 0 13
14:08:50 4 0 12
14:09:21 4 0 13
14:09:51 4 0 13
14:10:21 4 0 12
14:10:51 4 0 13
14:11:21 4 0 12
14:11:51 4 0 12
14:12:21 4 0 12
14:12:51 4 0 13
14:13:22 4 0 12
14:13:52 4 0 12
14:14:22 4 0 12
14:14:52 4 0 12
14:15:22 4 0 12
14:15:52 4 0 12
14:16:23 4 0 13
14:16:53 4 0 12
14:17:23 4 0 13
14:17:53 4 0 12
14:18:23 4 0 12
14:18:53 4 0 12
14:19:23 4 0 14
14:19:54 3 1 16
14:20:24 4 0 12
14:20:54 4 0 12
14:21:24 4 0 42
14:21:54 4 0 14
14:22:24 4 0 12
14:22:54 4 0 12
14:23:24 4 0 12
14:23:54 4 0 13
14:24:25 4 0 12
14:24:56 3 1 12
14:25:26 4 0 12
14:25:56 4 0 12
14:26:26 4 0 12
14:26:56 4 0 13
14:27:27 4 0 12
14:27:57 4 0 13
14:28:27 4 0 12
14:28:57 4 0 13
14:29:27 4 0 13
14:29:57 4 0 12
14:30:27 4 0 12
14:30:57 4 0 12
14:31:28 4 0 13
14:31:58 4 0 12
14:32:28 4 0 12
14:32:58 4 0 13
14:33:28 4 0 12
14:33:58 4 0 12
14:34:29 4 0 12
14:34:59 4 0 12
14:35:29 4 0 12
14:36:00 3 1 12
14:36:31 3 1 12
14:37:00 4 0 12
14:37:30 4 0 12
14:38:01 4 0 13
14:38:32 4 0 12
14:39:02 4 0 55
14:39:32 4 0 13
14:40:02 4 0 13
14:40:32 4 0 12
14:41:02 4 0 18
14:41:33 4 0 12
14:42:03 4 0 12
14:42:33 4 0 14
14:43:04 3 1 12
14:43:34 4 0 12
14:44:04 4 0 17
14:44:34 4 0 12
14:45:04 4 0 12
14:45:35 4 0 13
14:46:06 3 1 12
14:46:35 4 0 12
14:47:05 4 0 13
14:47:35 4 0 12
14:48:05 4 0 12
14:48:36 4 0 12
14:49:06 4 0 13
14:49:36 4 0 12
14:50:06 4 0 14
14:50:36 4 0 12
14:51:07 3 1 12
14:51:38 3 1 13
14:52:07 4 0 16
14:52:39 2 2 13
14:53:10 1 3 12
14:53:37 4 0 15
14:54:07 4 0 12
14:54:37 4 0 13
14:55:08 4 0 12
14:55:38 4 0 12
14:56:08 4 0 12
14:56:38 4 0 15
14:57:08 4 0 13
14:57:38 4 0 12
14:58:08 4 0 12
14:58:39 4 0 14
14:59:09 4 0 12
14:59:39 4 0 16
15:00:09 4 0 12
15:00:39 4 0 12
15:01:09 4 0 16
15:01:39 4 0 16
15:02:09 4 0 12
15:02:40 3 1 12
15:03:09 4 0 12
15:03:40 4 0 12
15:04:10 4 0 13
15:04:40 4 0 12
15:05:10 4 0 15
15:05:40 4 0 13
15:06:10 4 0 14
15:06:40 4 0 13
15:07:10 4 0 14
15:07:40 4 0 12
15:08:12 3 1 12
15:08:41 4 0 13
15:09:11 4 0 13
15:09:41 4 0 12
15:10:11 4 0 15
15:10:41 4 0 15
15:11:11 4 0 12
15:11:41 4 0 14
15:12:11 4 0 12
15:12:42 4 0 13
15:13:12 4 0 16
15:13:42 4 0 12
15:14:12 4 0 13
15:14:42 4 0 15
15:15:12 4 0 12
15:15:43 4 0 13
15:16:14 3 1 12
15:16:43 4 0 13
15:17:13 4 0 12
15:17:43 4 0 14
15:18:13 4 0 12
15:18:44 4 0 19
15:19:14 3 1 14
15:19:43 4 0 15
15:20:13 4 0 12
15:20:44 4 0 13
15:21:14 4 0 12
15:21:44 4 0 12
15:22:14 4 0 13
15:22:44 4 0 12
15:23:14 4 0 17
15:23:44 4 0 12
15:24:14 4 0 12
15:24:44 4 0 17
15:25:15 4 0 12
15:25:45 4 0 13
15:26:15 4 0 12
15:26:45 4 0 13
15:27:15 4 0 12
15:27:45 4 0 13
15:28:15 4 0 15
15:28:45 4 0 12
15:29:15 4 0 12
15:29:46 4 0 14
15:30:16 4 0 14
15:30:46 4 0 15
15:31:16 4 0 14
15:31:47 4 0 13
15:32:17 4 0 13
15:32:47 4 0 12
15:33:17 4 0 17
15:33:47 4 0 13
15:34:17 4 0 14
15:34:47 4 0 12
15:35:17 4 0 13
15:35:47 4 0 14
15:36:17 4 0 12
15:36:48 4 0 13
15:37:18 4 0 13
15:37:48 4 0 12
15:38:18 4 0 16
15:38:48 4 0 13
15:39:18 4 0 12
15:39:48 4 0 13
15:40:18 4 0 13
15:40:48 4 0 12
15:41:18 4 0 12
15:41:49 4 0 16
15:42:19 4 0 12
15:42:49 4 0 15
15:43:19 4 0 12
15:43:49 4 0 12
15:44:19 4 0 16
15:44:49 4 0 12
15:45:19 4 0 13
15:45:50 4 0 16
15:46:20 4 0 13
15:46:50 4 0 13
15:47:20 4 0 16
15:47:50 4 0 14
15:48:20 4 0 12
15:48:50 4 0 13
15:49:20 4 0 12
15:49:51 4 0 12
15:50:21 4 0 12
15:50:51 4 0 15
15:51:21 4 0 15
15:51:51 4 0 16
15:52:21 4 0 13
15:52:52 4 0 15
15:53:22 4 0 14
15:53:52 4 0 12
15:54:22 4 0 15
15:54:52 4 0 21
15:55:22 4 0 12
15:55:52 4 0 29
15:56:22 4 0 13
15:56:52 4 0 12
15:57:23 4 0 12
15:57:53 4 0 12
15:58:23 4 0 14
15:58:53 4 0 12
15:59:23 4 0 12
15:59:53 4 0 14
16:00:23 4 0 27
16:00:53 4 0 13
16:01:23 4 0 12
16:01:54 4 0 14
16:02:24 4 0 14
16:02:54 4 0 12
16:03:24 4 0 14
16:03:54 4 0 15
16:04:24 4 0 12
16:04:54 4 0 13
16:05:24 4 0 12
16:05:54 4 0 15
16:06:26 3 1 12
16:06:55 4 0 12
16:07:26 3 1 14
16:07:55 4 0 12
16:08:25 4 0 12
16:08:55 4 0 27
16:09:25 4 0 12
16:09:56 3 1 13
16:10:25 4 0 12
16:10:55 4 0 15
16:11:26 4 0 14
16:11:56 4 0 49
16:12:26 4 0 12
16:12:57 3 1 12
16:13:26 4 0 12
16:13:56 4 0 13
16:14:27 3 1 12
16:14:56 4 0 13
16:15:27 4 0 12
16:15:57 4 0 12
16:16:27 4 0 12
16:16:57 4 0 12
16:17:27 4 0 14
16:17:57 4 0 12
16:18:27 4 0 29
16:18:57 4 0 12
16:19:27 4 0 60
16:19:58 4 0 12
16:20:28 4 0 42
16:20:58 4 0 12
16:21:28 4 0 42
16:21:58 4 0 16
16:22:28 4 0 12
16:22:58 4 0 12
16:23:28 4 0 12
16:23:58 4 0 12
16:24:28 4 0 12
16:24:59 4 0 13
16:25:29 4 0 12
16:25:59 4 0 12
16:26:29 4 0 12
16:26:59 4 0 12
16:27:29 4 0 13
16:27:59 4 0 12
16:28:29 4 0 12
16:29:00 4 0 13
16:29:30 4 0 12
16:30:00 4 0 12
16:30:30 4 0 12
16:31:00 4 0 13
16:31:30 4 0 12
16:32:00 4 0 13
16:32:30 4 0 16
16:33:01 4 0 12
16:33:31 4 0 13
16:34:01 4 0 12
16:34:32 4 0 16
16:35:02 4 0 19
16:35:32 4 0 62
16:36:02 4 0 13
16:36:32 4 0 13
16:37:02 4 0 12
16:37:32 4 0 12
16:38:02 4 0 13
16:38:34 3 1 24
16:39:03 4 0 13
16:39:33 4 0 15
16:40:03 4 0 13
16:40:33 4 0 12
16:41:03 4 0 12
16:41:33 4 0 13
16:42:03 4 0 14
16:42:34 4 0 15
16:43:04 4 0 12
16:43:34 4 0 14
16:44:04 4 0 12
16:44:34 4 0 14
16:45:04 4 0 12
16:45:34 4 0 12
16:46:04 4 0 12
16:46:34 4 0 12
16:47:04 4 0 12
16:47:34 4 0 12
16:48:05 4 0 14
16:48:35 4 0 12
16:49:05 4 0 12
16:49:35 4 0 15
16:50:05 4 0 12
16:50:35 4 0 17
16:51:05 4 0 16
16:51:35 4 0 12
16:52:05 4 0 14
16:52:35 4 0 15
16:53:06 4 0 12
16:53:36 4 0 16
16:54:06 4 0 15
16:54:36 4 0 15
16:55:06 4 0 15
16:55:36 4 0 13
16:56:07 4 0 14
16:56:38 3 1 12
16:57:07 4 0 13
16:57:37 4 0 12
16:58:09 2 2 12
16:58:37 4 0 13
16:59:07 4 0 14
16:59:37 4 0 12
17:00:08 4 0 15
17:00:38 4 0 15
17:01:08 4 0 13
17:01:38 4 0 16
17:02:08 4 0 15
17:02:39 3 1 14
17:03:09 4 0 15
17:03:39 4 0 49
17:04:09 4 0 13
17:04:39 4 0 12
17:05:09 4 0 12
17:05:39 4 0 12
17:06:10 4 0 14
17:06:40 4 0 13
17:07:10 4 0 13
17:07:40 4 0 13
17:08:10 4 0 12
17:08:42 2 2 12
17:09:10 4 0 12
17:09:40 4 0 13
17:10:10 4 0 15
17:10:40 4 0 12
17:11:11 4 0 12
17:11:41 4 0 12
17:12:11 4 0 12
17:12:41 4 0 12
17:13:11 4 0 45
17:13:42 3 1 12
17:14:12 3 1 12
17:14:41 4 0 12
17:15:12 4 0 12
17:15:42 4 0 12
17:16:12 4 0 12
17:16:42 4 0 12
17:17:12 4 0 13
17:17:42 4 0 13
17:18:12 4 0 12
17:18:42 4 0 12
17:19:13 4 0 12
17:19:43 4 0 12
17:20:13 4 0 12
17:20:43 4 0 12
17:21:13 4 0 12
17:21:43 4 0 12
17:22:13 4 0 15
17:22:45 3 1 16
17:23:14 4 0 12
17:23:45 3 1 15
17:24:15 3 1 17
17:24:44 4 0 12
17:25:14 4 0 17
17:25:44 4 0 15
17:26:15 4 0 14
17:26:45 4 0 25
17:27:15 4 0 15
17:27:45 4 0 14
17:28:15 4 0 12
17:28:45 4 0 12
17:29:16 4 0 12
17:29:46 4 0 14
17:30:16 4 0 12
17:30:46 4 0 12
17:31:16 4 0 12
17:31:46 4 0 13
17:32:16 4 0 12
17:32:46 4 0 12
17:33:17 4 0 12
17:33:47 4 0 55
17:34:17 4 0 12
17:34:48 3 1 26
17:35:17 4 0 13
17:35:47 4 0 12
17:36:17 4 0 12
17:36:48 4 0 12
17:37:18 4 0 12
17:37:48 4 0 15
17:38:18 4 0 13
17:38:48 4 0 12
17:39:19 4 0 12
17:39:49 4 0 12
17:40:19 4 0 12
17:40:49 4 0 12
17:41:20 3 1 12
17:41:49 4 0 12
17:42:19 4 0 12
17:42:50 4 0 12
17:43:20 4 0 12
17:43:50 4 0 12
17:44:21 4 0 13
17:44:51 4 0 13
17:45:22 3 1 12
17:45:51 4 0 12
17:46:21 4 0 12
17:46:51 4 0 12
17:47:22 4 0 12
17:47:52 4 0 12
17:48:22 4 0 15
17:48:52 4 0 13
17:49:22 4 0 12
17:49:52 4 0 12
17:50:22 4 0 12
17:50:52 4 0 13
17:51:23 4 0 12
17:51:54 3 1 12
17:52:23 4 0 12
17:52:53 4 0 13
17:53:23 4 0 13
17:53:53 4 0 12
17:54:23 4 0 12
17:54:53 4 0 12
17:55:24 4 0 12
17:55:54 4 0 12
17:56:24 4 0 12
17:56:54 4 0 12
17:57:24 4 0 12
17:57:54 4 0 15
17:58:25 3 1 12
17:58:54 4 0 12
17:59:25 4 0 12
17:59:55 4 0 27
18:00:25 4 0 12
18:00:55 4 0 12
18:01:25 4 0 12
18:01:55 4 0 13
18:02:25 4 0 15
18:02:56 4 0 14
18:03:27 4 0 17
18:03:57 4 0 12
18:04:27 4 0 12
18:04:57 4 0 12
18:05:27 4 0 12
18:05:57 4 0 13
18:06:27 4 0 12
18:06:57 4 0 13
18:07:28 4 0 13
18:07:58 4 0 13
18:08:28 4 0 12
18:08:58 4 0 12
18:09:28 4 0 12
18:09:58 4 0 13
18:10:28 4 0 13
18:10:58 4 0 15
18:11:29 4 0 12
18:11:59 4 0 12
18:12:29 4 0 12
18:12:59 4 0 12
18:13:29 4 0 13
18:13:59 4 0 12
18:14:29 4 0 12
18:14:59 4 0 12
18:15:30 4 0 12
18:16:00 4 0 12
18:16:30 4 0 17
18:17:00 4 0 14
18:17:31 3 1 15
18:18:00 4 0 15
18:18:30 4 0 12
18:19:00 4 0 12
18:19:31 4 0 12
18:20:01 4 0 12
18:20:31 4 0 12
18:21:01 4 0 12
18:21:31 4 0 12
18:22:01 4 0 12
18:22:32 4 0 12
18:23:02 4 0 12
18:23:33 4 0 12
18:24:03 4 0 12
18:24:33 4 0 12
18:25:03 4 0 12
18:25:33 4 0 14
18:26:03 4 0 12
18:26:34 4 0 12
18:27:04 4 0 47
18:27:34 4 0 15
18:28:04 4 0 15
18:28:34 4 0 12
18:29:06 4 0 35
18:29:35 4 0 12
18:30:05 4 0 12
18:30:35 4 0 12
18:31:05 4 0 12
18:31:36 4 0 12
18:32:06 4 0 12
18:32:36 4 0 12
18:33:06 4 0 12
18:33:37 4 0 14
18:34:07 4 0 15
18:34:37 4 0 12
18:35:07 4 0 14
18:35:38 3 1 15
18:36:07 4 0 12
18:36:38 4 0 14
18:37:08 4 0 14
18:37:38 4 0 12
18:38:08 4 0 15
18:38:38 4 0 15
18:39:08 4 0 12
18:39:38 4 0 15
18:40:08 4 0 14
18:40:39 4 0 13
18:41:09 4 0 12
18:41:39 4 0 12
18:42:09 4 0 14
18:42:39 4 0 12
18:43:09 4 0 12
18:43:39 4 0 12
18:44:09 4 0 15
18:44:39 4 0 13
18:45:09 4 0 12
18:45:40 4 0 15
18:46:10 4 0 18
18:46:41 3 1 12
18:47:10 4 0 14
18:47:40 4 0 12
18:48:10 4 0 12
18:48:40 4 0 12
18:49:11 4 0 12
18:49:41 4 0 12
18:50:11 4 0 12
18:50:41 4 0 12
18:51:11 4 0 12
18:51:41 4 0 13
18:52:11 4 0 13
18:52:41 4 0 12
18:53:12 4 0 14
18:53:42 4 0 12
18:54:13 4 0 12
18:54:43 4 0 12
18:55:13 4 0 14
18:55:43 4 0 13
18:56:13 4 0 13
18:56:43 4 0 14
18:57:13 4 0 12
18:57:43 4 0 14
18:58:13 4 0 12
18:58:44 4 0 12
18:59:14 4 0 12
18:59:44 4 0 12
19:00:14 4 0 12
19:00:44 4 0 12
19:01:14 4 0 12
19:01:44 4 0 12
19:02:14 4 0 13
19:02:45 4 0 12
19:03:15 4 0 12
19:03:45 4 0 12
19:04:15 4 0 12
19:04:45 4 0 12
19:05:15 4 0 12
19:05:45 4 0 12
19:06:15 4 0 12
19:06:45 4 0 12
19:07:15 4 0 15
19:07:46 4 0 12
19:08:16 4 0 12
19:08:46 4 0 13
19:09:16 4 0 13
19:09:46 4 0 12
19:10:16 4 0 12
19:10:46 4 0 13
19:11:16 4 0 12
19:11:46 4 0 12
19:12:17 4 0 12
19:12:47 4 0 12
19:13:17 4 0 12
19:13:47 4 0 12
19:14:17 4 0 12
19:14:47 4 0 12
19:15:17 4 0 12
19:15:48 4 0 12
19:16:18 4 0 12
19:16:48 4 0 12
19:17:18 4 0 12
19:17:48 4 0 12
19:18:18 4 0 16
19:18:48 4 0 12
19:19:18 4 0 12
19:19:48 4 0 12
19:20:18 4 0 12
19:20:49 4 0 12
19:21:19 4 0 12
19:21:49 4 0 12
19:22:19 4 0 12
19:22:49 4 0 12
19:23:19 4 0 12
19:23:49 4 0 12
19:24:19 4 0 13
19:24:49 4 0 13
19:25:19 4 0 12
19:25:51 3 1 16
19:26:20 4 0 12
19:26:50 4 0 12
19:27:20 4 0 16
19:27:50 4 0 13
19:28:20 4 0 12
19:28:50 4 0 12
19:29:20 4 0 12
19:29:50 4 0 12
19:30:20 4 0 12
19:30:51 4 0 12
19:31:21 4 0 12
19:31:51 4 0 12
19:32:21 4 0 12
19:32:51 4 0 12
19:33:21 4 0 12
19:33:52 4 0 12
19:34:22 4 0 13
19:34:52 4 0 15
19:35:22 4 0 12
19:35:52 4 0 12
19:36:22 4 0 14
19:36:52 4 0 12
19:37:22 4 0 13
19:37:53 4 0 14
19:38:23 4 0 13
19:38:53 4 0 12
19:39:23 4 0 12
19:39:53 4 0 15
19:40:23 4 0 12
19:40:53 4 0 12
19:41:23 4 0 12
19:41:54 4 0 13
19:42:24 4 0 14
19:42:54 4 0 12
19:43:24 4 0 15
19:43:54 4 0 12
19:44:24 4 0 14
19:44:54 4 0 13
19:45:24 4 0 13
19:45:54 4 0 12
19:46:24 4 0 13
19:46:55 4 0 12
19:47:25 4 0 14
19:47:55 4 0 13
19:48:25 4 0 13
19:48:55 4 0 12
19:49:25 4 0 12
19:49:55 4 0 15
19:50:25 4 0 12
19:50:55 4 0 12
19:51:25 4 0 12
19:51:56 4 0 12
19:52:26 4 0 43
19:52:56 4 0 12
19:53:26 4 0 12
19:53:56 4 0 12
19:54:26 4 0 12
19:54:56 4 0 15
19:55:26 4 0 13
19:55:56 4 0 12
19:56:26 4 0 12
19:56:57 4 0 16
19:57:27 4 0 12
19:57:57 4 0 12
19:58:27 4 0 12
19:58:57 4 0 12
19:59:27 4 0 12
19:59:57 4 0 12
20:00:27 4 0 12
20:00:58 4 0 13
20:01:28 4 0 14
20:01:58 4 0 42
20:02:28 4 0 12
20:02:58 4 0 12
20:03:28 4 0 12
20:03:58 4 0 14
20:04:28 4 0 12
20:04:58 4 0 12
20:05:28 4 0 14
20:05:59 4 0 12
20:06:29 4 0 14
20:06:59 4 0 12
20:07:29 4 0 12
20:07:59 4 0 14
20:08:31 2 2 12
20:09:00 3 1 12
20:09:30 3 1 14
20:10:00 3 1 12
20:10:29 4 0 15
20:11:00 4 0 12
20:11:30 4 0 13
20:12:00 4 0 12
20:12:30 4 0 12
20:13:01 3 1 15
20:13:30 4 0 15
20:14:00 4 0 12
20:14:30 4 0 15
20:15:00 4 0 15
20:15:30 4 0 13
20:16:01 4 0 12
20:16:31 4 0 12
20:17:01 4 0 12
20:17:31 4 0 12
20:18:01 4 0 12
20:18:31 4 0 14
20:19:01 4 0 14
20:19:31 4 0 15
20:20:02 4 0 14
20:20:32 4 0 12
20:21:02 4 0 12
20:21:32 4 0 12
20:22:02 4 0 16
20:22:32 4 0 12
20:23:02 4 0 12
20:23:32 4 0 12
20:24:03 4 0 12
20:24:33 4 0 12
20:25:03 4 0 13
20:25:33 4 0 12
20:26:03 4 0 12
20:26:33 4 0 12
20:27:03 4 0 12
20:27:33 4 0 12
20:28:04 4 0 15
20:28:34 4 0 12
20:29:04 4 0 12
20:29:34 4 0 12
20:30:04 4 0 12
20:30:34 4 0 53
20:31:04 4 0 12
20:31:34 4 0 12
20:32:04 4 0 12
20:32:34 4 0 12
20:33:05 4 0 12
20:33:35 4 0 16
20:34:05 4 0 13
20:34:35 4 0 17
20:35:06 3 1 15
20:35:35 4 0 12
20:36:05 4 0 15
20:36:35 4 0 15
20:37:05 4 0 14
20:37:35 4 0 14
20:38:06 4 0 12
20:38:36 4 0 12
20:39:06 4 0 12
20:39:36 4 0 12
20:40:06 4 0 12
20:40:36 4 0 12
20:41:06 4 0 12
20:41:36 4 0 12
20:42:06 4 0 12
20:42:36 4 0 15
20:43:07 4 0 14
20:43:37 4 0 12
20:44:07 4 0 12
20:44:37 4 0 13
20:45:07 4 0 17
20:45:37 4 0 12
20:46:07 4 0 12
20:46:37 4 0 15
20:47:08 4 0 16
20:47:38 4 0 12
20:48:08 4 0 12
20:48:38 4 0 12
20:49:08 4 0 45
20:49:38 4 0 15
20:50:08 4 0 12
20:50:38 4 0 14
20:51:08 4 0 16
20:51:38 4 0 12
20:52:09 4 0 12
20:52:39 4 0 13
20:53:09 4 0 16
20:53:39 4 0 13
20:54:09 4 0 14
20:54:39 4 0 14
20:55:09 4 0 12
20:55:39 4 0 15
20:56:09 4 0 12
20:56:39 4 0 15
20:57:10 4 0 12
20:57:40 4 0 12
20:58:10 4 0 15
20:58:40 4 0 13
20:59:10 4 0 12
20:59:40 4 0 12
21:00:10 4 0 13
21:00:40 4 0 12
21:01:11 4 0 17
21:01:41 4 0 12
21:02:11 4 0 12
21:02:41 4 0 13
21:03:11 4 0 12
21:03:41 4 0 13
21:04:11 4 0 12
21:04:41 4 0 12
21:05:11 4 0 13
21:05:41 4 0 15
21:06:12 4 0 12
21:06:42 4 0 12
21:07:13 4 0 12
21:07:44 3 1 16
21:08:13 4 0 12
21:08:43 4 0 14
21:09:13 4 0 15
21:09:43 4 0 12
21:10:13 4 0 13
21:10:43 4 0 14
21:11:13 4 0 12
21:11:44 4 0 57
21:12:15 3 1 12
21:12:44 4 0 12
21:13:14 4 0 12
21:13:44 4 0 12
21:14:14 4 0 13
21:14:44 4 0 16
21:15:14 4 0 12
21:15:44 4 0 15
21:16:14 4 0 13
21:16:44 4 0 12
21:17:15 4 0 12
21:17:45 4 0 12
21:18:15 4 0 13
21:18:45 4 0 12
21:19:15 4 0 16
21:19:46 4 0 12
21:20:16 4 0 12
21:20:46 4 0 12
21:21:16 4 0 12
21:21:46 4 0 12
21:22:16 4 0 14
21:22:46 4 0 12
21:23:16 4 0 12
21:23:46 4 0 12
21:24:17 4 0 12
21:24:47 4 0 12
21:25:17 4 0 12
21:25:47 4 0 13
21:26:17 4 0 14
21:26:48 4 0 12
21:27:18 4 0 12
21:27:48 4 0 12
21:28:19 4 0 13
21:28:49 4 0 17
21:29:19 4 0 12
21:29:49 4 0 12
21:30:19 4 0 12
21:30:49 4 0 13
21:31:19 4 0 13
21:31:49 4 0 12
21:32:19 4 0 13
21:32:49 4 0 12
21:33:20 4 0 13
21:33:50 4 0 12
21:34:20 4 0 14
21:34:50 4 0 12
21:35:20 4 0 15
21:35:50 4 0 15
21:36:20 4 0 12
21:36:50 4 0 12
21:37:20 4 0 12
21:37:50 4 0 13
21:38:21 4 0 15
21:38:51 4 0 12
21:39:21 4 0 12
21:39:51 4 0 12
21:40:21 4 0 12
21:40:51 4 0 12
21:41:21 4 0 12
21:41:51 4 0 13
21:42:22 4 0 15
21:42:52 4 0 19
21:43:22 4 0 14
21:43:52 4 0 12
21:44:22 4 0 12
21:44:52 4 0 12
21:45:22 4 0 13
21:45:52 4 0 14
21:46:23 4 0 12
21:46:53 4 0 12
21:47:23 4 0 15
21:47:53 4 0 13
21:48:23 4 0 12
21:48:53 4 0 12
21:49:23 4 0 17
21:49:53 4 0 15
21:50:24 4 0 14
21:50:54 4 0 13
21:51:24 4 0 12
21:51:54 4 0 12
21:52:24 4 0 15
21:52:54 4 0 14
21:53:24 4 0 12
21:53:54 4 0 12
21:54:24 4 0 12
21:54:54 4 0 12
21:55:25 4 0 14
21:55:55 4 0 14
21:56:25 4 0 12
21:56:55 4 0 13
21:57:25 4 0 12
21:57:55 4 0 12
21:58:25 4 0 12
21:58:55 4 0 15
21:59:26 4 0 12
21:59:56 4 0 13
22:00:26 4 0 12
22:00:56 4 0 15
22:01:26 4 0 14
22:01:56 4 0 12
22:02:26 4 0 12
22:02:56 4 0 12
22:03:27 4 0 14
22:03:57 4 0 12
22:04:27 4 0 12
22:04:57 4 0 15
22:05:27 4 0 12
22:05:57 4 0 12
22:06:28 4 0 13
22:06:58 4 0 12
22:07:29 4 0 13
22:07:59 4 0 12
22:08:29 4 0 14
22:08:59 4 0 12
22:09:29 4 0 12
22:09:59 4 0 15
22:10:29 4 0 15
22:10:59 4 0 12
22:11:30 4 0 12
22:12:00 4 0 13
22:12:30 4 0 13
22:13:00 4 0 12
22:13:30 4 0 15
22:14:00 4 0 12
22:14:30 4 0 15
22:15:00 4 0 15
22:15:31 4 0 15
22:16:01 4 0 12
22:16:31 4 0 15
22:17:01 4 0 12
22:17:31 4 0 18
22:18:01 4 0 17
22:18:31 4 0 12
22:19:01 4 0 16
22:19:32 4 0 56
22:20:02 4 0 13
22:20:32 4 0 12
22:21:02 4 0 12
22:21:32 4 0 12
22:22:02 4 0 12
22:22:32 4 0 13
22:23:02 4 0 15
22:23:33 4 0 12
22:24:03 4 0 14
22:24:33 4 0 12
22:25:03 4 0 13
22:25:33 4 0 12
22:26:03 4 0 12
22:26:33 4 0 12
22:27:03 4 0 15
22:27:34 4 0 13
22:28:04 4 0 15
22:28:34 4 0 13
22:29:04 4 0 46
22:29:34 4 0 16
22:30:04 4 0 14
22:30:34 4 0 15
22:31:04 4 0 13
22:31:35 4 0 13
22:32:05 4 0 13
22:32:35 4 0 15
22:33:05 4 0 15
22:33:35 4 0 15
22:34:05 4 0 18
22:34:35 4 0 15
22:35:05 4 0 16
22:35:36 4 0 12
22:36:06 4 0 12
22:36:36 4 0 15
22:37:06 4 0 12
22:37:36 4 0 14
22:38:06 4 0 13
22:38:37 4 0 14
22:39:07 4 0 17
22:39:37 4 0 15
22:40:07 4 0 13
22:40:37 4 0 15
22:41:07 4 0 12
22:41:37 4 0 15
22:42:07 4 0 12
22:42:38 4 0 12
22:43:08 4 0 13
22:43:38 4 0 12
22:44:08 4 0 14
22:44:38 4 0 15
22:45:08 4 0 12
22:45:38 4 0 14
22:46:09 3 1 15
22:46:39 4 0 12
22:47:09 4 0 16
22:47:39 4 0 12
22:48:09 4 0 13
22:48:39 4 0 12
22:49:09 4 0 17
22:49:39 4 0 14
22:50:09 4 0 15
22:50:40 4 0 12
22:51:10 4 0 14
22:51:40 4 0 12
22:52:10 4 0 12
22:52:40 4 0 12
22:53:10 4 0 12
22:53:40 4 0 15
22:54:10 4 0 15
22:54:41 4 0 12
22:55:11 4 0 13
22:55:41 4 0 12
22:56:12 3 1 12
22:56:41 4 0 14
22:57:12 3 1 12
22:57:41 4 0 13
22:58:13 2 2 15
22:58:43 3 1 15
22:59:12 4 0 12
22:59:43 3 1 12
23:00:12 4 0 12
23:00:42 4 0 13
23:01:12 4 0 12
23:01:42 4 0 12
23:02:13 4 0 15
23:02:44 3 1 14
23:03:13 4 0 15
23:03:43 4 0 16
23:04:13 4 0 12
23:04:43 4 0 12
23:05:14 3 1 14
23:05:44 4 0 15
23:06:14 4 0 12
23:06:44 4 0 12
23:07:14 4 0 12
23:07:44 4 0 14
23:08:14 4 0 12
23:08:44 4 0 12
23:09:14 4 0 13
23:09:45 4 0 51
23:10:15 4 0 12
23:10:45 4 0 12
23:11:15 4 0 54
23:11:45 4 0 12
23:12:15 4 0 12
23:12:45 4 0 12
23:13:15 4 0 12
23:13:46 4 0 29
23:14:16 4 0 12
23:14:46 4 0 15
23:15:16 4 0 12
23:15:46 4 0 12
23:16:16 4 0 15
23:16:46 4 0 12
23:17:16 4 0 13
23:17:47 4 0 12
23:18:17 4 0 12
23:18:47 4 0 15
23:19:17 4 0 15
23:19:47 4 0 12
23:20:17 4 0 12
23:20:47 4 0 12
23:21:17 4 0 14
23:21:48 4 0 49
23:22:18 4 0 15
23:22:48 4 0 13
23:23:18 4 0 15
23:23:48 4 0 15
23:24:18 4 0 13
23:24:48 4 0 12
23:25:18 4 0 12
23:25:49 4 0 15
23:26:19 4 0 15
23:26:49 4 0 12
23:27:19 4 0 12
23:27:49 4 0 12
23:28:19 4 0 12
23:28:49 4 0 12
23:29:19 4 0 12
23:29:50 4 0 12
23:30:20 4 0 12
23:30:50 4 0 12
23:31:20 4 0 12
23:31:50 4 0 15
23:32:20 4 0 13
23:32:51 4 0 12
23:33:21 4 0 12
23:33:51 4 0 12
23:34:21 4 0 13
23:34:51 4 0 12
23:35:21 4 0 13
23:35:51 4 0 13
23:36:21 4 0 12
23:36:52 4 0 12
23:37:22 4 0 12
23:37:52 4 0 14
23:38:22 4 0 12
23:38:52 4 0 13
23:39:22 4 0 12
23:39:52 4 0 12
23:40:22 4 0 12
23:40:53 4 0 12
23:41:23 4 0 13
23:41:53 4 0 12
23:42:23 4 0 15
23:42:54 4 0 13
23:43:24 4 0 13
23:43:54 4 0 12
23:44:24 4 0 13
23:44:54 4 0 12
23:45:24 4 0 13
23:45:56 3 1 13
23:46:25 4 0 13
23:46:55 4 0 14
23:47:25 4 0 16
23:47:56 4 0 15
23:48:26 4 0 12
23:48:56 4 0 13
23:49:27 4 0 16
23:49:57 4 0 13
23:50:27 4 0 13
23:50:58 4 0 12
23:51:28 4 0 12
23:51:58 4 0 13
23:52:29 4 0 13
23:52:59 4 0 13
23:53:30 4 0 12
23:54:00 4 0 12
23:54:30 4 0 13
23:55:00 4 0 13
23:55:31 4 0 12
23:56:02 4 0 12
23:56:32 4 0 12
23:57:03 4 0 15
23:57:33 4 0 12
23:58:04 4 0 14
23:58:34 4 0 15
23:59:04 4 0 12
23:59:35 4 0 12
