00:00:59 36713 4782
00:02:34 91550 5536
00:03:19 81454 5740
00:04:03 69460 5385
00:05:01 93742 5587
00:06:02 135684 25278
00:07:15 49688 8766
00:08:17 69101 12016
02:00:07 -1 -1
02:01:07 5495 4787
02:02:07 31263 8278
02:03:08 8772 19142
02:04:08 82691 5265
02:05:09 12019 3005
02:06:09 81479 9743
02:07:13 60017 4992
02:08:10 2665 1834
02:09:10 16626 225713
02:10:11 293480 18068
02:11:11 89337 4188
02:12:12 106212 58438
02:13:12 2459 1792
02:14:12 41566 4733
02:15:13 155232 18070
02:16:13 5598 1746
02:17:14 30975 236407
02:18:14 159279 9044
02:19:15 91067 6897
02:20:15 7065 3122
02:21:16 70695 4519
02:22:16 65605 3938
02:23:16 99322 11631
02:24:17 88751 4721
02:25:17 175314 11192
02:26:18 80120 4154
02:27:18 106124 10379
02:28:18 57890 4543
02:29:19 59212 4600
02:30:19 126317 71784
02:31:20 95243 7287
02:32:20 79563 6499
02:33:20 76841 5605
02:34:21 60383 6076
02:35:21 125940 20325
02:36:22 113491 11153
02:37:22 61419 4916
02:38:22 75459 6482
02:39:23 135789 6813
02:40:23 6918 2628
02:41:24 53234 11381
02:42:24 43938 5721
02:43:24 5742 4262
02:44:25 32222 11874
02:45:25 14052 9029
02:46:26 653 687
02:47:26 156897 24427
02:48:29 90409 26934
02:49:27 4032 1432
02:50:27 31707 19492
02:51:28 95837 8733
02:52:28 77317 4448
02:53:28 2667 3426
02:54:29 30652 11840
02:55:29 89134 11891
02:56:30 42893 7208
02:57:30 76579 8258
02:58:30 4228 5008
02:59:31 123451 6927
03:00:31 69587 35853
03:01:32 12453 13176
03:02:32 14789 1376
03:03:32 3700 2111
03:04:33 6015 2638
03:05:33 8350 6638
03:06:34 45001 4281
03:07:35 423778 31080
03:08:36 254539 14781
03:09:39 14655 2321
03:10:36 58902 9404
03:11:37 75369 8560
03:12:40 72219 24416
03:13:37 5530 3113
03:14:38 10804 4450
03:15:38 35001 9341
03:16:38 99528 18584
03:17:39 27841 7706
03:18:39 26626 16914
03:19:40 8936 7053
03:20:40 15729 5839
03:21:40 47412 35790
03:22:41 29168 2742
03:23:41 76993 12344
03:24:41 82428 6546
03:25:41 81692 27248
03:26:42 17811 4006
03:27:46 81022 11326
03:28:43 3215 3840
03:29:43 17796 4053
03:30:43 67101 9146
03:31:44 20566 1290
03:32:44 100953 7098
03:33:44 49162 4403
03:34:44 17228 2968
03:35:45 3099 1646
03:36:45 90425 45848
03:37:45 102442 6043
03:38:46 33015 3842
03:39:46 16602 6473
03:40:47 47067 15914
03:41:47 4168 3086
03:42:47 28626 3335
03:43:48 139127 8840
03:44:48 54784 7230
03:45:49 15715 1543
03:46:49 29054 3707
03:47:49 14802 3836
03:48:49 247059 27848
03:49:50 2379 1683
03:50:50 59750 9064
03:51:51 68930 4950
03:52:51 89429 7572
03:53:51 61943 18122
03:54:52 1239 1247
03:55:52 79738 5219
03:56:52 105954 7528
03:57:52 44361 5258
03:58:53 60556 6234
03:59:53 34163 3573
04:00:53 40855 4684
04:01:54 113040 8508
04:02:54 34234 3505
04:03:54 148740 8206
04:04:55 152442 27751
04:05:55 36637 2767
04:06:56 184508 17094
04:07:56 25513 4207
04:08:56 88135 4422
04:09:56 54647 4201
04:10:57 327141 13876
04:11:57 50103 4498
04:12:58 75386 6635
04:13:58 2784 1302
04:14:58 112423 10711
04:15:59 21057 2965
04:16:59 67726 10325
04:17:59 43231 6710
04:18:59 88723 5668
04:20:00 54751 6139
04:21:00 100176 24240
04:22:01 17087 2266
04:23:01 23045 5330
04:24:01 52464 21520
04:25:02 8518 1103
04:26:02 71016 10361
04:27:02 46334 4258
04:28:03 23408 8552
04:29:03 94969 13645
04:30:03 60901 5925
04:31:04 55388 5864
04:32:04 45211 12261
04:33:04 93316 5590
04:34:05 33769 3964
04:35:05 91767 8660
04:36:05 954986 51979
04:37:06 1782 720
04:38:07 39862 6377
04:39:06 48870 21024
04:40:07 50790 4002
04:41:07 35822 3105
04:42:08 30479 3845
04:43:08 7644 3855
04:44:09 100603 22924
04:45:09 28655 6555
04:46:09 11421575 264601
04:47:09 32061 3389
04:48:10 14439 5147
04:49:10 21161 2905
04:50:10 32905 5503
04:51:11 242134 15859
04:52:11 130304 8162
04:53:11 7204 2930
04:54:12 57953 8595
04:55:12 84669 11191
04:56:12 21186 5154
04:57:13 118315 7857
04:58:13 108272 31156
04:59:13 69163 10524
05:00:14 88913 8913
05:01:14 86508 10071
05:02:15 34066 5888
05:03:15 4838 4512
05:04:15 6470 6130
05:05:16 19839 8107
05:06:16 5158 4961
05:07:16 22358 5742
05:08:16 65026 30521
05:09:17 53874 6994
05:10:17 52115 16461
05:11:18 110095 11022
05:12:18 30194 6750
05:13:18 154507 17968
05:14:19 30715 7686
05:15:19 111957 6529
05:16:19 88550 14207
05:17:20 69555 6387
05:18:20 3160 495
05:19:21 71448 8114
05:20:21 98814 6137
05:21:21 20837 5728
05:22:22 26478 4561
05:23:22 130730 20366
05:24:22 24340 6985
05:25:23 42856 4338
05:26:23 24566 4809
05:27:23 6923 3468
05:28:24 13602 4245
05:29:24 18559 2707
05:30:24 66526 5045
05:31:25 43012 2163
05:32:25 127738 11067
05:33:25 31457 7200
05:34:26 64980 32179
05:35:26 12804 5293
05:36:26 47555 6166
05:37:27 28800 10978
05:38:27 15233 6560
05:39:27 61024 9889
05:40:28 38654 3458
05:41:28 25692 3185
05:42:28 25825 3403
05:43:29 32722 4242
05:44:29 64022 9075
05:45:29 31074 9467
05:46:30 34081 4229
05:47:30 2484 2678
05:48:30 5938 2218
05:49:31 3324 2195
05:50:31 50353 5234
05:51:31 31572 21407
05:52:32 94638 8280
05:53:32 24422 4495
05:54:32 2025 1842
05:55:33 25436 3712
05:56:33 137684 20221
05:57:34 17403 3768
05:58:34 128349 34114
05:59:34 3734 4040
06:00:35 2987 2717
06:01:35 31205 9961
06:02:36 11918 17515
06:03:36 36457 5885
06:04:36 1402 2312
06:05:37 2327 1176
06:06:37 18315 1720
06:07:38 8901 3048
06:08:38 69897 4335
06:09:38 21850 4788
06:10:39 56162 5038
06:11:39 1216 1522
06:12:39 1374 2757
06:13:40 20343 4384
06:14:40 11460 1589
06:15:41 47479 4787
06:16:41 2540 1182
06:17:41 26767 25456
06:18:42 429545 23583
06:19:42 1915 1740
06:20:42 142504 11372
06:21:42 43747 6535
06:22:43 53069 3932
06:23:43 28098 2306
06:24:44 494 654
06:25:44 36937 7947
06:26:44 32348 10527
06:27:45 47065 3605
06:28:45 3744 2608
06:29:45 63951 14846
06:30:46 18502 11282
06:31:46 180499 12642
06:32:46 142426 29570
06:33:47 48259 13944
06:34:47 3132 2291
06:35:47 59931 4177
06:36:48 15044 1645
06:37:48 126243 8118
06:38:48 1144 2580
06:39:49 214222 14992
06:40:49 1408 1079
06:41:49 31032 2706
06:42:50 3027 2119
06:43:50 33604 2668
06:44:50 101437 6585
06:45:51 100363 5168
06:46:51 100322 7610
06:47:51 65792 10347
06:48:52 24602 3412
06:49:52 85227 6474
06:50:52 3578 2312
06:51:53 6765 7483
06:52:53 19362 2431
06:53:53 19128 3044
06:54:54 528 577
06:55:54 41517 3344
06:56:54 89415 7594
06:57:55 31164 3544
06:58:55 2302 1417
06:59:55 37117 3605
07:00:56 110172 9216
07:01:56 67074 4370
07:02:56 86049 14090
07:03:57 3306 2968
07:04:57 78546 11530
07:05:58 66906 4409
07:06:58 1435 1126
07:07:58 68527 6171
07:08:58 176229 9455
07:09:59 75173 8380
07:10:59 40263 18536
07:11:59 79455 3299
07:13:00 198801 9574
07:14:00 181359 9185
07:15:00 5719 1400
07:16:01 49915 3308
07:17:01 59988 7493
07:18:02 34727 4486
07:19:02 273105 15889
07:20:02 46994 78198
07:21:03 175676 12806
07:22:03 20546 2493
07:23:03 1342 1609
07:24:03 33202 4631
07:25:04 31066 2590
07:26:04 72828 8289
07:27:05 29001 6449
07:28:05 164010 6599
07:29:05 74249 5780
07:30:05 22193 3244
07:31:06 1063462 32348
07:32:06 88190 43618
07:33:07 119831 21887
07:34:07 84937 4628
07:35:07 8513 2582
07:36:08 88689 10365
07:37:08 33561 2516
07:38:08 193152 7441
07:39:09 75857 5540
07:40:09 77598 3954
07:41:09 52247 5991
07:42:10 106293 7496
07:43:10 88538 6076
07:44:11 63471 5669
07:45:11 31210 5380
07:46:11 180218 9168
07:47:11 102060 7061
07:48:12 32067 2024
07:49:12 357474 17511
07:50:12 344073 35942
07:51:13 115902 8558
07:52:13 70250 5035
07:53:13 154854 7700
07:54:13 58544 2928
07:55:14 29332 2507
07:56:14 18734 2405
07:57:14 25417 3629
07:58:15 1963 967
07:59:15 4400 1280
08:00:15 19302 2673
08:01:16 67184 23429
08:02:16 25655 4821
08:03:16 105747 7886
08:04:17 462076 22673
08:05:17 77664 11749
08:06:17 8799 1897
08:07:17 103558 6493
08:08:18 69745 7006
08:09:18 206932 24623
08:10:18 57003 18232
08:11:19 205051 11209
08:12:19 6127 4617
08:13:19 16799 12311
08:14:20 187410 14545
08:15:20 29930 3288
08:16:20 54359 12863
08:17:20 6544 1937
08:18:21 111043 9509
08:19:21 204579 9713
08:20:22 31266 2504
08:21:22 20970 16432
08:22:22 9775 3263
08:23:23 13602 8442
08:24:24 14573 1428
08:25:24 117541 7108
08:26:24 38757 2175
08:27:24 12981 19398
08:28:25 31701 16184
08:29:25 761639 36188
08:30:25 49034 3450
08:31:26 67672 12268
08:32:26 171741 20439
08:33:26 51699 11413
08:34:27 55408 5023
08:35:30 38665 7677
08:36:27 17441 14790
08:37:28 10775 2041
08:38:28 14572 1526
08:39:28 90258 4159
08:40:29 31212 2771
08:41:29 2062 1114
08:42:30 26389 3770
08:43:30 23696 3506
08:44:30 490808 31792
08:45:30 35231 5851
08:46:31 171648 13409
08:47:31 114859 12862
08:48:31 4554 2374
08:49:32 57691 6698
08:50:32 2828 10442
08:51:32 2770 1692
08:52:33 21056 2388
08:53:33 12999 1836
08:54:34 38319 6567
08:55:35 41359 2442
08:56:35 240155 23869
08:57:35 20037 4297
08:58:36 20967 29533
08:59:36 72478 5794
09:00:37 181635 11949
09:01:37 180440 14595
09:02:37 276861 10706
09:03:37 6861 1052
09:04:37 70536 14219
09:05:38 144791 14405
09:06:38 186644 22015
09:07:38 148809 11864
09:08:39 13702 2645
09:09:39 5053 1688
09:10:38 -1 -1
09:11:39 182434 16822
09:12:40 55982 5287
09:13:40 164297 12854
09:14:40 474813 24878
09:15:40 59324 4999
09:16:44 97529 7405
09:17:41 100984 24210
09:18:42 15373 17921
09:19:42 464730 26871
09:20:42 19132 4581
09:21:42 109869 8610
09:22:43 49237 19657
09:23:43 9996 2025
09:24:42 -1 -1
09:25:44 137649 7500
09:26:47 99240 10591
09:27:44 34451 2604
09:28:44 14347 4281
09:29:45 187439 16125
09:30:45 85315 23231
09:31:45 38376 3031
09:32:45 299871 31188
09:33:46 118774 5157
09:34:46 183806 6785
09:35:46 107514 9168
09:36:47 38152 3686
09:37:47 52655 4026
09:38:48 87583 5099
09:39:48 163168 10141
09:40:48 26683 6066
09:41:49 17556 5353
09:42:49 42732 8933
09:43:49 120996 7450
09:44:49 105596 3828
09:45:50 164531 9263
09:46:50 111704 11318
09:47:50 125144 6819
09:48:50 236841 20918
09:49:51 77630 29003
09:50:51 92484 3729
09:51:51 17688 5243
09:52:51 84135 16674
09:53:52 81788 6415
09:54:52 82535 4658
09:55:52 103755 5204
09:56:52 66019 6761
09:57:52 120639 26835
09:58:53 55186 10611
09:59:53 389614 22964
10:00:53 596433 36968
10:01:54 52793 4909
10:02:54 30352 4270
10:03:54 5786 2717
10:04:54 35372 3443
10:05:54 453019 22726
10:06:55 252815 12213
10:07:55 63037 4562
10:08:55 82593 7653
10:09:55 139128 7295
10:10:55 154873 30916
10:11:56 39162 4025
10:12:56 331521 14576
10:13:56 77310 2942
10:14:57 296099 16854
10:15:57 58158 5925
10:16:57 180195 21001
10:17:58 13137 2229
10:18:58 54817 3900
10:19:58 6554 7748
10:20:59 17897 2134
10:22:02 47770 9181
10:23:00 68438 8059
10:24:01 119106 8635
10:25:02 91685 20211
10:26:02 262259 20091
10:27:03 37683 5157
10:28:03 25974 6886
10:29:03 174302 12655
10:30:04 43115 4852
10:31:04 66923 18471
10:32:04 111792 7897
10:33:05 150417 54931
10:34:05 297554 20289
10:35:05 21044 21849
10:36:05 52082 5945
10:37:06 8409 7016
10:38:06 35199 3568
10:39:07 105291 31648
10:40:10 260467 25834
10:41:08 15287 4382
10:42:08 62188 4437
10:43:09 55334 24470
10:44:09 38863 9855
10:45:09 100918 14491
10:46:13 3351 2021
10:47:10 79603 24165
10:48:10 184802 9614
10:49:11 462710 23794
10:50:11 53672 9746
10:51:11 177879 16143
10:52:12 22422 26410
10:53:12 8200 4884
10:54:15 144608 21423
10:55:13 205535 21338
10:56:14 39331 11244
10:57:14 502592 30761
10:58:15 155011 8260
10:59:19 64127 4530
11:00:16 28037 3877
11:01:16 40155 2614
11:02:17 208298 8665
11:03:17 10454 3050
11:04:17 6392 2000
11:05:17 31745 3526
11:06:18 267580 10135
11:07:18 9391785 217188
11:08:19 21354 2873
11:09:19 96258 5266
11:10:19 151099 15263
11:11:20 148051 9906
11:12:20 22052 22773
11:13:23 142566 14772
11:14:21 125814 7935
11:15:22 13733 6701
11:16:22 86161 13037
11:17:23 29511 54360
11:18:23 19196 9924
11:19:23 2438 1340
11:20:24 274777 21921
11:21:24 14705 2140
11:22:24 63900 10465
11:23:25 106329 8862
11:24:25 30028 4254
11:25:25 202833 12819
11:26:25 131457 11501
11:27:26 185946 15434
11:28:26 19166 3909
11:29:26 146624 14199
11:30:26 74263 16198
11:31:26 380754 18206
11:32:27 4831 1802
11:33:26 -1 -1
11:34:28 51028 16917
11:35:29 117626 16115
11:36:29 117852 12332
11:37:30 229678 21530
11:38:30 112210 10404
11:39:30 236765 25230
11:40:31 63629 3810
11:41:31 47014 13705
11:42:31 34663 2885
11:43:31 13939 2359
11:44:32 44161 7430
11:45:33 1258 672
11:46:33 66540 27216
11:47:34 63989 3980
11:48:34 40133 4608
11:49:34 156160 41798
11:50:34 159207 11119
11:51:35 550203 26070
11:52:35 85836 9747
11:53:35 155031 7385
11:54:36 306697 79966
11:55:36 56089 16911
11:56:36 46394 4452
11:57:37 34796 4201
11:58:37 461955 22276
11:59:37 6199 1730
12:00:37 54328 5866
12:01:38 21349 2754
12:02:38 51162 7855
12:03:38 51693 3300
12:04:41 42698 4064
12:05:39 388979 17810
12:06:40 320634 9525
12:07:40 35354 4754
12:08:40 16365 3431
12:09:41 75299 11661
12:10:41 46943 3430
12:11:42 37416 4089
12:12:42 67115 15731
12:13:42 54656 3896
12:14:43 101814 16087
12:15:43 46422 2832
12:16:44 21871 3283
12:17:44 25763 4629
12:18:45 16116 4094
12:19:45 74804 29114
12:20:46 3429 1786
12:21:46 27178 3698
12:22:46 181752 16803
12:23:46 20090 4165
12:24:46 112598 9843
12:25:47 116199 10262
12:26:47 19052 2996
12:27:47 33248 1686
12:28:48 309132 28277
12:29:48 46244 4316
12:30:48 95954 9782
12:31:49 27382 2004
12:32:49 40662 1914
12:33:49 110514 8847
12:34:49 8702 3002
12:35:49 42238 17060
12:36:50 26941 3831
12:37:50 3874 1591
12:38:50 80589 7393
12:39:51 92457 6796
12:40:51 154961 14306
12:41:51 440 714
12:42:51 30725 2562
12:43:51 59808 6312
12:44:52 91472 10312
12:45:52 16493 3385
12:46:52 119540 11679
12:47:52 20969 4347
12:48:52 101995 11251
12:49:52 137690 9046
12:50:53 2981 1077
12:51:53 4030 905
12:52:53 49043 3385
12:53:54 12405 12468
12:54:54 32739 2537
12:55:54 42315 5745
12:56:54 20994 7414
12:57:54 56481 4619
12:58:55 71313 7162
12:59:55 149592 3600
13:00:56 380582 9563
13:01:56 31234 4259
13:02:56 4372 5603
13:03:56 45995 21783
13:04:56 75622 4673
13:05:56 6311 9821
13:06:57 1783 852
13:07:57 49670 29486
13:08:57 121731 44783
13:09:57 59645 11034
13:10:57 38123 8277
13:11:58 70657 12997
13:12:58 39766 10016
13:13:58 69657 8804
13:14:58 65875 11420
13:15:58 581860 27483
13:16:59 34662 3962
13:17:59 51560 6887
13:18:59 138889 12167
13:19:59 12129 5752
13:20:59 196731 28098
13:22:00 4253 4486
13:23:00 70016 8978
13:24:01 94479 8014
13:25:01 18798 4567
13:26:01 12071 5419
13:27:01 40007 6138
13:28:02 90071 9344
13:29:02 69439 15095
13:30:02 263031 13344
13:31:02 30257 2334
13:32:03 45547 8538
13:33:03 18968 26728
13:34:04 235037 47208
13:35:04 118544 11870
13:36:04 136366 36065
13:37:04 96604 9512
13:38:04 56382 19459
13:39:05 90107 8301
13:40:05 60176 6551
13:41:05 1674 774
13:42:06 62496 13521
13:43:07 81765 7777
13:44:07 209695 23153
13:45:07 100892 24930
13:46:07 240897 25849
13:47:08 90938 5794
13:48:09 2576 1607
13:49:09 2994 2551
13:50:09 101832 10497
13:51:10 174321 22942
13:52:11 48570 5067
13:53:11 22588 14751
13:54:11 42495 4112
13:55:12 109556 10911
13:56:12 191650 14631
13:57:12 45643 23474
13:58:12 277116 9477
13:59:13 25204 3142
14:00:13 138779 43128
14:01:16 12622 10081
14:02:13 50245 26650
14:03:13 27934 18449
14:04:14 144223 37989
14:05:14 5557 3319
14:06:14 18420 17089
14:07:15 65724 6940
14:08:15 35905 3305
14:09:16 135792 10869
14:10:16 104620 15901
14:11:16 71692 12913
14:12:17 63021 4831
14:13:17 100613 16942
14:14:17 61072 16826
14:15:17 103585 9571
14:16:18 178586 27972
14:17:18 9547 6527
14:18:18 37063 6991
14:19:18 249829 67095
14:20:19 60908 8290
14:21:19 42885 4231
14:22:19 186077 12309
14:23:19 12395 2315
14:24:20 12053 1926
14:25:21 125824 17385
14:26:21 74050 14413
14:27:22 95593 28976
14:28:22 149199 18155
14:29:22 538272 30235
14:30:22 298715 10296
14:31:23 446084 19879
14:32:23 30052 10841
14:33:23 50157 6407
14:34:24 96728 24669
14:35:24 38618 2581
14:36:25 34845 19829
14:37:25 47096 24710
14:38:25 138993 8444
14:39:26 81696 12670
14:40:26 38610 4902
14:41:27 38301 5953
14:42:27 52395 21509
14:43:27 76966 5003
14:44:28 101082 4530
14:45:28 217254 17164
14:46:29 83590 15890
14:47:29 317846 18774
14:48:29 30673 8132
14:49:30 32229 6204
14:50:30 121277 27454
14:52:03 -1 -1
14:52:40 144970 10024
14:53:31 117385 6836
14:54:31 157198 9900
14:55:32 130204 13752
14:56:32 161161 12997
14:57:32 763827 52241
14:58:33 645917 45560
14:59:33 78505 5468
15:00:33 110567 6473
15:01:33 125854 7635
15:02:34 72788 21488
15:03:34 161825 18070
15:04:34 98548 8780
15:05:34 43359 4659
15:06:34 63063 8302
15:07:34 82362 3640
15:08:35 1420 1216
15:09:35 210563 11977
15:10:35 616552 48659
15:11:36 31397 5326
15:12:37 116986 8645
15:13:37 5931 848
15:14:37 28415 4147
15:15:37 1869 966
15:16:41 1026311 48222
15:17:38 203907 7721
15:18:38 112411 8351
15:19:38 2380 1166
15:20:39 26469 2493
15:21:39 490208 34103
15:22:39 47325 13854
15:23:39 96387 32206
15:24:40 85690 8012
15:25:40 104669 22158
15:26:40 677006 27039
15:27:40 65182 26001
15:28:41 586934 42308
15:29:41 302486 51631
15:30:43 192811 15954
15:31:41 50512 5639
15:32:42 149079 8167
15:33:42 100581 8569
15:34:45 202373 14505
15:35:42 166696 20480
15:36:42 35423 7725
15:37:43 26409 9353
15:38:46 523801 18753
15:39:43 277151 12674
15:40:43 131768 20046
15:41:44 23919 19087
15:42:44 51700 7634
15:43:44 23988 4550
15:44:44 37931 17732
15:45:44 65934 10827
15:46:45 103542 8427
15:47:45 105653 9384
15:48:45 229752 36769
15:49:45 4243 2949
15:50:46 17930 20462
15:51:49 88886 9999
15:52:47 256289 19391
15:53:47 11271 27446
15:54:47 142276 8327
15:55:47 29685 5016
15:56:47 45684 5443
15:57:51 547281 46043
15:58:48 97544 34764
15:59:48 11407 3490
16:00:48 89603 7584
16:01:49 77618 6225
16:02:49 162426 20473
16:03:49 409885 19084
16:04:49 449237 16801
16:05:49 259636 9828
16:06:50 580361 25065
16:07:50 188251 8691
16:08:50 315820 16444
16:09:50 470001 182462
16:10:50 60043 9196
16:11:51 89580 32602
16:12:51 45351 10733
16:13:51 390828 15374
16:14:51 22475 4475
16:15:52 280499 38367
16:16:52 192082 8405
16:17:55 397790 33211
16:18:52 273235 15426
16:19:53 439125 24718
16:20:53 271250 50909
16:21:53 215338 12625
16:22:53 190393 9874
16:23:53 34795 3209
16:24:54 5820 5793
16:25:54 96599 18403
16:26:54 424564 21319
16:27:54 327616 10975
16:28:55 665779 18361
16:29:55 78188 4165
16:30:55 369365 11800
16:31:55 69967 8495
16:32:56 185658 13398
16:33:56 464658 358995
16:34:57 226472 31480
16:35:57 129104 19711
16:36:57 65519 3798
16:37:57 111898 7435
16:38:58 797336 28140
16:39:58 151985 10214
16:40:58 112725 35184
16:41:58 337407 53842
16:42:59 209204 10740
16:43:59 431248 19225
16:44:59 106623 7033
16:45:59 225515 21437
16:47:00 253852 19295
16:48:00 23207 4666
16:49:00 1063336 37819
16:50:00 368173 28908
16:51:03 370648 11772
16:52:00 22716 2604
16:53:01 319734 12549
16:54:02 61509 41422
16:55:02 81324 4392
16:56:03 49078 3485
16:57:03 65871 19415
16:58:03 83054 6710
16:59:03 401916 17708
17:00:04 418217 26164
17:01:04 208395 10132
17:02:04 470267 51085
17:03:04 57426 19722
17:04:05 120583 4705
17:05:05 339212 14313
17:06:05 78782 11486
17:07:06 147970 48228
17:08:06 84008 13207
17:09:06 6280 3445
17:10:06 365691 16846
17:11:07 401557 30055
17:12:07 341733 64363
17:13:07 302174 18002
17:14:07 88100 4663
17:15:08 419873 22869
17:16:08 46508 6578
17:17:08 1794 960
17:18:08 654463 31921
17:19:08 218068 61459
17:20:09 36427 18758
17:21:09 21466 2251
17:22:09 189443 8462
17:23:09 49578 4649
17:24:10 50494 5205
17:25:18 240946 58240
17:26:11 617519 70459
17:27:11 212078 17774
17:28:11 262012 31886
17:29:12 1734 834
17:30:12 238083 14169
17:31:12 79116 7268
17:32:12 48845 6426
17:33:13 4828 1572
17:34:13 112444 7929
17:35:13 269695 20995
17:36:13 29459 4774
17:37:14 69198 18684
17:38:14 33925 2668
17:39:15 306482 14961
17:40:15 61088 5108
17:41:15 83421 9910
17:42:15 47333 9792
17:43:16 33837 6097
17:44:17 58989 18424
17:45:17 21262 2476
17:46:17 43182 3778
17:47:18 69907 9211
17:48:18 121035 47674
17:49:18 62807 31024
17:50:18 82342 16764
17:51:18 76955 10595
17:52:19 105621 3836
17:53:19 22306 5554
17:54:19 73777 46839
17:55:19 19046 9774
17:56:20 51483 6062
17:57:20 31502 4641
17:58:20 43703 8408
17:59:21 12819 1994
18:00:21 410787 59340
18:01:21 14312 2445
18:02:21 88112 3558
18:03:21 61704 14235
18:04:22 115808 7102
18:05:22 201203 9449
18:06:22 103071 6064
18:07:22 108097 4545
18:08:23 40996 3432
18:09:23 105341 7133
18:10:23 167951 10025
18:11:24 153066 17940
18:12:24 93802 6083
18:13:24 121838 8548
18:14:24 204829 10120
18:15:25 25130 5895
18:16:25 254767 30056
18:17:25 115072 8011
18:18:25 2486 594
18:19:26 171335 8085
18:20:26 47452 4779
18:21:26 180608 40328
18:22:27 11606 2161
18:23:27 26977 4681
18:24:27 83010 11620
18:25:27 149145 21718
18:26:28 87351 30890
18:27:28 185785 15697
18:28:28 46716 8734
18:29:29 29901 3623
18:30:29 151177 15944
18:31:30 439026 51873
18:32:30 2086 1678
18:33:31 74926 21978
18:34:31 121396 10333
18:35:51 -1 -1
18:36:31 44940 42484
18:37:32 28965 3388
18:38:32 16734 3731
18:39:32 42914 3863
18:40:33 742 1261
18:41:33 2256 1746
18:42:33 191779 47409
18:43:33 28224 25850
18:44:33 46315 57982
18:45:34 15403 8355
18:46:34 16205 9619
18:47:34 313809 14586
18:48:34 25871 10816
18:49:35 98121 20861
18:50:35 113826 7069
18:51:35 84641 12694
18:52:35 84660 15458
18:53:36 229936 11988
18:54:37 192124 20687
18:55:37 87112 3011
18:56:37 32725 13901
18:57:37 59324 16411
18:58:38 263019 13008
18:59:38 54911 5233
19:00:38 28375 3744
19:01:38 18835 2825
19:02:39 102276 9161
19:03:39 7509 4457
19:04:39 84245 14425
19:05:39 111907 9657
19:06:39 177183 17023
19:07:40 179602 40320
19:08:40 155341 110292
19:09:40 15815 2034
19:10:40 77331 6738
19:11:41 10611 1894
19:12:41 38675 2999
19:13:41 40241 16076
19:14:41 80731 12394
19:15:42 18194 19735
19:16:42 42989 4539
19:17:42 60200 8468
19:18:42 143980 10754
19:20:02 -1 -1
19:20:43 26158 2540
19:21:43 107120 7706
19:22:43 12176 6606
19:23:43 54819 7738
19:24:43 16649 4058
19:25:44 8286 11150
19:26:44 15005 2207
19:27:44 3300 2676
19:28:44 132163 8930
19:29:44 20446 52963
19:30:45 22909 3110
19:31:45 87786 4211
19:32:45 6496 774
19:33:46 3762 2845
19:34:47 167202 26474
19:35:47 150231 7063
19:36:47 43790 5263
19:37:48 37012 9412
19:38:48 2506 6285
19:39:48 64351 2707
19:40:48 171124 9754
19:41:48 56575 7806
19:42:49 164452 16945
19:43:49 10218 1553
19:44:49 92126 11989
19:45:49 98981 9826
19:46:50 18870 1554
19:47:50 12930 6978
19:48:50 49237 3773
19:49:50 272326 15090
19:50:50 1918 3140
19:51:51 34681 3210
19:52:51 194522 9816
19:53:51 375357 31936
19:54:51 150880 22705
19:55:51 25325 5564
19:56:52 3036 1044
19:57:52 5598 2469
19:58:52 8016 2672
19:59:52 76312 6213
20:00:53 74580 22914
20:01:53 46395 3088
20:02:53 1884 1695
20:03:53 2386 1166
20:04:53 303808 20347
20:05:54 129438 12442
20:06:54 303951 12873
20:07:54 11060 1490
20:08:54 201654 11119
20:09:57 189578 8499
20:10:55 72305 6867
20:11:55 57453 5885
20:12:55 42750 5401
20:13:55 13001 4069
20:14:55 28957 4325
20:15:55 210309 14032
20:16:56 116691 3798
20:17:56 70029 7844
20:18:56 16142 3221
20:19:57 23910 1884
20:20:57 23715 6115
20:22:00 309130 83694
20:22:57 70024 10808
20:23:58 5595 7837
20:24:58 45762 6887
20:25:58 68116 21459
20:26:58 103278 10861
20:27:59 41621 4236
20:28:59 86162 5759
20:29:59 9092 3680
20:30:59 5297 2344
20:31:59 1371 1014
20:33:00 3712 978
20:34:00 53771 4859
20:35:00 60176 7338
20:36:03 15674 8410
20:37:00 45465 7083
20:38:01 55673 3976
20:39:01 581994 42871
20:40:01 30953 3926
20:41:01 2368 720
20:42:02 34751 6504
20:43:02 246321 17432
20:44:02 31546 2502
20:45:05 2074 720
20:46:02 168115 22926
20:47:03 20991 2408
20:48:03 20276 2726
20:49:03 102005 6789
20:50:06 59776 3218
20:51:03 33061 7359
20:52:04 16732 3499
20:53:04 66234 73037
20:54:04 61339 3857
20:55:04 42815 6965
20:56:04 46976 3810
20:57:05 122714 7251
20:58:05 46121 3876
20:59:05 36028 4935
21:00:05 297263 16079
21:01:05 73444 3725
21:02:06 197196 13716
21:03:06 104324 6048
21:04:06 414281 52680
21:05:06 364013 32543
21:06:06 101742 29028
21:07:07 208260 12664
21:08:07 181883 19716
21:09:07 395310 16410
21:10:07 273689 16851
21:11:07 140686 10192
21:12:11 302564 72983
21:13:10 126104 15922
21:14:08 86562 14745
21:15:08 90015 17052
21:16:09 92215 12394
21:17:09 202007 32657
21:18:09 72454 6780
21:19:09 183086 48720
21:20:10 32778 17592
21:21:10 32627 8899
21:22:10 54849 4528
21:23:10 154470 8146
21:24:11 216918 12492
21:25:11 17074 6079
21:26:11 54421 15627
21:27:11 83191 30222
21:28:11 26319 6660
21:29:12 17996 3496
21:30:12 87033 5614
21:31:12 23175 3753
21:32:12 349901 18499
21:33:12 51946 15998
21:34:13 107899 13022
21:35:13 16873 8019
21:36:13 354382 20684
21:37:13 47146 8828
21:38:14 43473 6250
21:39:14 256035 12075
21:40:14 45512 362342
21:41:14 529805 15593
21:42:15 6620 3029
21:43:15 15227 9700
21:44:15 86957 8846
21:45:15 196282 22792
21:46:15 40087 4354
21:47:16 244053 12777
21:48:16 133984 9920
21:49:16 90134 50030
21:50:16 25027 2349
21:51:17 136979 30378
21:52:17 8968 1329
21:53:17 82050 10804
21:54:20 58711 4651
21:55:18 49553 9474
21:56:18 18401 8832
21:57:18 72390 6441
21:58:18 7051 2020
21:59:19 73877 5550
22:00:19 125064 12943
22:01:19 27147 2606
22:02:19 414734 25067
22:03:19 117837 20247
22:04:20 180162 20644
22:05:20 92403 25521
22:06:20 137607 18300
22:07:21 46022 3168
22:08:21 61548 7370
22:09:21 118394 13919
22:10:21 89466 4999
22:11:22 13431 4752
22:12:22 46201 8319
22:13:22 66416 13826
22:14:22 131628 9754
22:15:23 144003 10413
22:16:23 59858 20539
22:17:23 40339 19331
22:18:23 44841 10561
22:19:24 294438 8976
22:20:24 120218 10676
22:21:24 3827 2865
22:22:24 21525 3732
22:23:25 242778 23501
22:24:25 61883 7534
22:25:25 203286 39579
22:26:25 20309 11761
22:27:26 81054 11868
22:28:26 198691 11208
22:29:26 33538 7177
22:30:26 90780 13084
22:31:26 101244 17232
22:32:27 10160 9796
22:33:27 166923 10820
22:34:27 32172 5720
22:35:27 56215 5726
22:36:28 80909 8785
22:37:28 107446 10924
22:38:28 231417 22604
22:39:29 6562 2706
22:40:29 83246 6216
22:41:29 48132 10079
22:42:30 274884 24391
22:43:30 127929 13714
22:44:30 46771 10419
22:45:30 48017 5355
22:46:31 169199 22738
22:47:31 216738 26561
22:48:31 165161 9320
22:49:31 2274 1728
22:50:31 26848 3615
22:51:32 223524 16692
22:52:32 225654 10602
22:53:32 33167 17862
22:54:32 72984 36633
22:55:33 66941 6245
22:56:33 55715 6595
22:57:33 166149 14877
22:58:34 86707 4753
22:59:34 52871 5212
23:00:34 49335 7806
23:01:34 103002 5730
23:02:35 18330 3834
23:03:35 171571 9702
23:04:35 57326 4972
23:05:35 33982 4416
23:06:36 13416 1850
23:07:36 68164 10854
23:08:36 7808 4861
23:09:36 3592 2439
23:10:37 122309 14490
23:11:37 175652 19132
23:12:37 15847 6142
23:13:37 24769 18664
23:14:38 28760 2697
23:15:38 141795 24603
23:16:38 30392 3310
23:17:38 127072 5202
23:18:39 108178 25175
23:19:39 55389 7500
23:20:39 34881 2667
23:21:39 9484 1176
23:22:40 122316 29991
23:23:40 63790 5931
23:24:40 70179 25567
23:25:41 14963 3957
23:26:41 16067 18791
23:27:41 7170 3956
23:28:41 39953 19530
23:29:42 319743 24331
23:30:42 9169 2016
23:31:42 33454 4531
23:32:42 37681 2921
23:33:43 111250 22478
23:34:43 10063 2219
23:35:43 33554 9231
23:36:44 8449 5271
23:37:44 36636 5829
23:38:44 5085 3991
23:39:44 66119 7948
23:40:45 184928 10719
23:41:45 255376 21021
23:42:45 66268 28183
23:43:46 1827 1160
23:44:46 154372 42670
23:45:46 60522 12882
23:46:47 32750 4670
23:47:48 72298 8334
23:48:48 81041 31662
23:49:49 78760 12549
23:50:50 130860 13053
23:51:50 3028 2499
23:52:50 12687 1987
23:53:51 117035 8377
23:54:52 97130 31229
23:55:51 20865 7226
23:56:52 36127 2908
23:57:53 7402 2259
23:58:54 146791 9515
23:59:53 20003 3010
