00:01:15 54 120
00:02:39 54 92
00:03:22 54 60
00:04:09 54 0
00:05:11 54 0
00:06:10 54 0
00:07:15 353 448
00:08:17 108 120
02:00:08 1588 1950
02:01:08 1006 1146
02:02:09 1006 1428
02:03:09 276 222
02:04:10 182 74
02:05:10 182 194
02:06:10 1898 753
02:07:11 276 222
02:08:11 404 416
02:09:11 774 920
02:10:12 256 268
02:11:12 330 342
02:12:13 1674 2626
02:13:13 276 222
02:14:14 256 268
02:15:14 256 268
02:16:14 276 222
02:17:15 276 222
02:18:15 256 328
02:19:16 148 148
02:20:16 182 254
02:21:17 256 328
02:22:17 404 508
02:23:17 276 222
02:24:18 182 194
02:25:18 256 268
02:26:19 638 724
02:27:19 256 268
02:28:20 202 268
02:29:20 256 268
02:30:21 108 240
02:31:21 404 628
02:32:21 941 1287
02:33:22 256 268
02:34:22 256 268
02:35:22 276 222
02:36:23 256 208
02:37:23 350 422
02:38:24 256 268
02:39:24 276 282
02:40:24 276 314
02:41:25 202 148
02:42:25 256 268
02:43:26 2620 3976
02:44:26 222 222
02:45:26 276 222
02:46:27 202 240
02:47:27 404 508
02:48:28 1814 21265
02:49:28 12364 540626
02:50:29 1588 16987
02:51:29 720 800
02:52:29 128 74
02:53:30 1066 1452
02:54:30 484 620
02:55:31 840 1140
02:56:31 820 1256
02:57:34 20840 934141
02:58:32 256 268
02:59:32 404 416
03:00:33 202 148
03:01:33 202 148
03:02:33 256 328
03:03:33 404 416
03:04:34 404 296
03:05:35 330 342
03:06:35 202 148
03:07:36 276 222
03:08:36 182 194
03:09:36 128 74
03:10:56 -1 -1
03:11:37 202 268
03:12:37 108 120
03:13:38 54 60
03:14:38 338 148
03:15:38 256 360
03:16:39 54 0
03:17:39 256 268
03:18:39 2928 4526
03:19:40 2418 3826
03:20:40 182 194
03:21:40 108 120
03:22:41 182 194
03:23:41 202 208
03:24:41 108 212
03:25:42 182 286
03:26:42 490 516
03:27:42 128 74
03:28:43 256 268
03:29:43 478 564
03:30:44 256 268
03:31:44 416 502
03:32:44 202 148
03:33:44 128 166
03:34:45 256 268
03:35:45 1746 2724
03:36:45 8442 13488
03:37:46 128 134
03:38:46 182 194
03:39:47 237 254
03:40:47 202 148
03:41:47 128 74
03:42:47 478 808
03:43:48 256 328
03:44:48 108 120
03:45:49 256 360
03:46:49 256 268
03:47:49 54 0
03:48:50 276 402
03:49:50 478 564
03:50:50 182 254
03:51:51 256 360
03:52:51 182 194
03:53:51 256 388
03:54:52 755 628
03:55:52 5908 3319
03:56:52 54 0
03:57:53 108 120
03:58:53 182 194
03:59:53 186 192
04:00:54 202 148
04:01:54 182 194
04:02:54 256 268
04:03:55 128 74
04:04:55 182 74
04:05:55 108 180
04:06:56 478 564
04:07:56 478 624
04:08:56 202 148
04:09:57 202 148
04:10:57 108 120
04:11:57 54 0
04:12:58 478 564
04:13:58 490 576
04:14:58 128 74
04:15:59 182 194
04:16:59 202 391
04:17:59 182 194
04:19:00 128 74
04:20:00 128 74
04:21:00 478 564
04:22:01 256 194
04:23:01 108 120
04:24:01 108 120
04:25:02 128 74
04:26:02 108 120
04:27:02 350 296
04:28:03 350 356
04:29:03 108 120
04:30:03 108 120
04:31:04 350 296
04:32:04 182 194
04:33:05 350 296
04:34:05 350 296
04:35:05 416 180
04:36:06 350 296
04:37:06 350 296
04:38:06 182 194
04:39:07 350 296
04:40:07 108 120
04:41:07 108 120
04:42:08 350 296
04:43:08 464 582
04:44:08 108 120
04:45:09 350 296
04:46:09 108 180
04:47:09 108 120
04:48:10 182 194
04:49:10 108 120
04:50:10 108 120
04:51:11 350 296
04:52:11 350 296
04:53:12 350 296
04:54:12 182 194
04:55:12 350 296
04:56:13 350 296
04:57:13 108 120
04:58:13 1248 1990
04:59:14 182 254
05:00:14 108 180
05:01:14 992 1476
05:02:14 1194 1886
05:03:15 1494 2438
05:04:15 1780 2646
05:05:16 850 1280
05:06:16 1494 2166
05:07:16 988 1290
05:08:17 926 1288
05:09:17 630 954
05:10:17 2948 115372
05:11:18 350 356
05:12:18 108 424
05:13:18 224 302
05:14:19 236 314
05:15:19 182 194
05:16:19 232 364
05:17:20 1722 2400
05:18:20 912 1346
05:19:21 3180 4858
05:20:21 1236 1996
05:21:21 390 772
05:22:22 3712 6128
05:23:22 296 296
05:24:22 182 194
05:25:23 350 416
05:26:23 108 120
05:27:23 108 120
05:28:24 350 296
05:29:24 1994 2102
05:30:24 1994 2134
05:31:25 1752 1932
05:32:25 350 296
05:33:25 350 356
05:34:26 182 120
05:35:26 3288 1997
05:36:26 350 356
05:37:27 838 1320
05:38:27 1030 1468
05:39:27 578 478
05:40:28 1008 1580
05:41:28 350 296
05:42:29 350 388
05:43:29 350 448
05:44:29 1414 2392
05:45:29 108 120
05:46:30 404 418
05:47:30 632 828
05:48:31 350 296
05:49:31 108 120
05:50:31 108 120
05:51:32 350 296
05:52:32 182 194
05:53:32 108 180
05:54:32 416 442
05:55:33 350 296
05:56:33 350 296
05:57:34 350 296
05:58:34 1822 2860
05:59:34 108 120
06:00:35 350 296
06:01:35 108 120
06:02:36 3682 5904
06:03:36 108 246
06:04:37 404 356
06:05:37 108 120
06:06:37 350 296
06:07:38 296 296
06:08:38 108 120
06:09:38 182 194
06:10:39 820 900
06:11:39 350 296
06:12:40 182 194
06:13:40 108 360
06:14:40 108 180
06:15:41 350 296
06:16:41 108 120
06:17:41 182 194
06:18:42 350 296
06:19:42 162 180
06:20:42 350 296
06:21:43 350 296
06:22:43 182 194
06:23:43 350 296
06:24:44 416 120
06:25:44 182 286
06:26:44 350 388
06:27:45 108 120
06:28:45 350 356
06:29:45 2646 4094
06:30:46 2364 3790
06:31:46 108 120
06:32:46 182 212
06:33:47 310 254
06:34:47 1823 787
06:35:47 350 596
06:36:48 350 356
06:37:48 1008 2022
06:38:48 108 512
06:39:49 108 180
06:40:49 350 356
06:41:50 350 480
06:42:50 182 194
06:43:50 296 296
06:44:51 350 296
06:45:51 182 194
06:46:51 350 416
06:47:51 108 120
06:48:52 108 120
06:49:52 416 120
06:50:53 350 388
06:51:53 350 296
06:52:53 276 222
06:53:53 128 254
06:54:54 350 356
06:55:54 182 194
06:56:55 350 296
06:57:55 350 296
06:58:55 108 120
06:59:56 350 388
07:00:56 296 296
07:01:56 108 120
07:02:57 350 296
07:03:57 182 254
07:04:57 108 0
07:05:57 108 120
07:06:58 108 120
07:07:58 350 356
07:08:59 350 388
07:09:59 350 296
07:10:59 108 120
07:12:00 350 356
07:13:00 350 296
07:14:00 350 296
07:15:00 350 296
07:16:01 182 194
07:17:01 350 356
07:18:02 1484 1584
07:19:02 350 356
07:20:02 108 120
07:21:03 182 194
07:22:03 108 180
07:23:03 350 296
07:24:04 108 120
07:25:04 350 296
07:26:05 54 0
07:27:05 54 0
07:28:05 108 120
07:29:05 108 180
07:30:06 108 120
07:31:06 54 0
07:32:06 108 120
07:33:07 108 120
07:34:07 108 120
07:35:07 108 120
07:36:08 108 120
07:37:08 54 0
07:38:08 108 60
07:39:09 54 0
07:40:09 108 120
07:41:09 108 120
07:42:10 108 120
07:43:10 0 60
07:44:10 108 120
07:45:11 108 120
07:46:11 108 120
07:47:11 108 120
07:48:12 108 120
07:49:12 978 938
07:50:12 108 212
07:51:13 108 212
07:52:13 54 60
07:53:13 108 120
07:54:13 108 120
07:55:14 108 120
07:56:14 0 0
07:57:14 108 120
07:58:15 108 120
07:59:15 978 938
08:00:15 108 212
08:01:16 112 300
08:02:16 54 60
08:03:16 108 120
08:04:17 54 0
08:05:17 162 300
08:06:17 108 180
08:07:18 108 120
08:08:18 108 120
08:09:18 2426 3876
08:10:18 108 180
08:11:19 108 120
08:12:19 108 240
08:13:19 4589 5079
08:14:20 108 120
08:15:20 108 120
08:16:20 108 180
08:17:21 108 120
08:18:21 108 120
08:19:21 108 120
08:20:22 54 0
08:21:22 2100 16249
08:22:22 108 120
08:23:23 108 120
08:24:24 108 120
08:25:24 416 180
08:26:24 108 120
08:27:25 7278 11832
08:28:25 2422 4024
08:29:25 108 212
08:30:26 108 120
08:31:26 7809 1747
08:32:26 1464 2374
08:33:27 54 0
08:34:27 132 60
08:35:27 54 0
08:36:27 108 360
08:37:28 54 0
08:38:28 3255 1566
08:39:28 1642 1460
08:40:29 1497 6514
08:41:29 1690 2937
08:42:30 1828 1602
08:43:30 1230 1409
08:44:30 1532 18514
08:45:31 1651 9976
08:46:31 2105 10184
08:47:31 618 1016
08:48:32 108 120
08:49:32 108 120
08:50:32 108 120
08:51:33 216 180
08:52:33 108 120
08:53:33 54 0
08:54:34 108 120
08:55:35 0 60
08:56:36 54 0
08:57:36 108 120
08:58:37 108 120
08:59:37 108 120
09:00:38 54 0
09:01:38 108 120
09:02:38 54 0
09:03:38 108 60
09:04:39 198013 9415
09:05:39 22420 3805
09:06:39 54 0
09:07:39 120 134
09:08:40 108 120
09:09:40 108 120
09:10:40 54 120
09:11:40 108 120
09:12:41 108 120
09:13:41 54 0
09:14:41 1812 53918
09:15:41 2400 87240
09:16:42 2684 88694
09:17:42 2722 66064
09:18:43 4578 69680
09:19:43 2384 62734
09:20:43 64109 3030
09:21:42 -1 -1
09:22:44 1622 186
09:23:44 470 1249
09:24:43 -1 -1
09:25:44 437 883
09:26:45 19049 426
09:27:45 108 120
09:28:45 108 60
09:29:46 108 120
09:30:46 108 180
09:31:46 108 120
09:32:47 108 120
09:33:47 108 120
09:34:47 4209 60
09:35:47 108 120
09:36:48 1447 2917
09:37:48 1526 3459
09:38:49 1528 14027
09:39:49 710 921
09:40:49 1125 5804
09:41:50 108 182
09:42:50 35713 6808
09:43:50 216 240
09:44:50 108 120
09:45:51 54 92
09:46:51 108 120
09:47:51 5136 6602
09:48:51 2127 2534
09:49:52 45469 6254
09:50:52 966 1396
09:51:52 1570 2480
09:52:52 737 920
09:53:53 54 0
09:54:53 108 120
09:55:53 54 0
09:56:53 54 0
09:57:53 1368 1844
09:58:54 1608 12272
09:59:54 1497 2886
10:00:54 1962 17627
10:01:54 2526 14636
10:02:55 535473 37329
10:03:55 2396 681
10:04:55 108 120
10:05:56 604 1262
10:06:56 54 0
10:07:56 108 180
10:08:56 108 120
10:09:56 108 120
10:10:57 108 120
10:11:57 54 0
10:12:57 54 0
10:13:58 54 0
10:14:58 54 0
10:15:58 54 0
10:16:58 403 369
10:17:59 108 212
10:18:59 54 0
10:20:02 2885 4111
10:21:00 2012 10085
10:22:01 2250 4124
10:23:01 2948 3945
10:24:02 162 180
10:25:03 1666 3152
10:26:03 4392 11065
10:27:04 1529 3141
10:28:04 1316 3720
10:29:05 2786 56491
10:30:05 1419 2017
10:31:05 2852 15467
10:32:05 2767 8825
10:33:06 1772 22941
10:34:06 2656 4702
10:35:06 362 60
10:36:06 796 6982
10:37:07 1342 30816
10:38:07 565 4079
10:39:07 692 1330
10:40:08 483 354
10:41:08 924 8123
10:42:08 564 458
10:43:09 1877 17723
10:44:09 1356 2140
10:45:09 679 207
10:46:10 2238 2119
10:47:10 169434 8700
10:48:10 108 120
10:49:11 54 0
10:50:11 108 120
10:51:12 396 734
10:52:12 108 120
10:53:12 108 212
10:54:13 108 120
10:55:13 4416 8727
10:56:14 7981 36091
10:57:15 108 120
10:58:16 54 0
10:59:16 181623 8643
11:00:16 54 0
11:01:16 108 120
11:02:20 0 92
11:03:17 54 120
11:04:17 108 300
11:05:18 7936 1251
11:06:18 108 60
11:07:19 108 120
11:08:19 1288 2278
11:09:19 1574 3246
11:10:19 738 1434
11:11:20 3850 7266
11:12:20 460 938
11:13:20 502 794
11:14:22 2068 4064
11:15:22 108 212
11:16:23 54 92
11:17:24 54 92
11:18:24 1118 2276
11:19:24 108 120
11:20:25 54 0
11:21:25 1328 2279
11:22:25 108 120
11:23:29 1328 2350
11:24:26 1984 21507
11:25:26 1805 1891
11:26:26 1279 4564
11:27:27 2317 2604
11:28:27 10262 390570
11:29:27 2044 21925
11:30:27 108 120
11:31:27 108 120
11:32:30 54 60
11:33:28 54 0
11:34:29 340 484
11:35:29 738 1168
11:36:33 734 1042
11:37:31 1236 2136
11:38:31 618 996
11:39:31 792 1230
11:40:32 108 120
11:41:32 1982 3044
11:42:32 54 0
11:43:32 54 0
11:44:33 108 180
11:45:34 108 120
11:46:35 108 272
11:47:35 108 120
11:48:35 54 0
11:49:36 54 0
11:50:36 108 60
11:51:37 108 120
11:52:38 108 120
11:53:38 108 240
11:54:39 108 120
11:55:39 108 120
11:56:39 766 1766
11:57:39 108 120
11:58:40 108 120
11:59:40 108 300
12:00:40 108 120
12:01:41 108 120
12:02:41 7323 1548
12:03:41 5162 1606
12:04:45 54 60
12:05:43 108 322
12:06:43 108 120
12:07:43 38827 1320
12:08:43 54 0
12:09:44 54 120
12:10:44 108 363
12:11:45 54 60
12:12:45 108 120
12:13:45 1786 723
12:14:49 54 0
12:15:46 2038 2476
12:16:47 390 578
12:17:48 54 0
12:18:48 108 120
12:19:48 108 360
12:20:49 108 120
12:21:49 108 120
12:22:49 24748 2115
12:23:49 108 120
12:24:50 108 120
12:25:50 416 120
12:26:50 54 0
12:27:51 0 0
12:28:51 178 244
12:29:51 54 0
12:30:51 108 120
12:31:52 108 120
12:32:52 108 120
12:33:52 54 0
12:34:52 108 120
12:35:53 54 78
12:36:53 108 180
12:37:53 108 120
12:38:53 108 120
12:39:54 108 120
12:40:54 416 363
12:41:54 108 120
12:42:54 108 120
12:43:55 54 0
12:44:55 54 0
12:45:55 108 120
12:46:55 9544 976
12:47:55 108 180
12:48:55 2267 2958
12:49:56 108 120
12:50:57 108 120
12:51:57 108 120
12:52:57 108 120
12:53:58 0 0
12:54:58 108 120
12:55:58 54 0
12:56:58 416 180
12:57:59 8248 641
12:58:59 54 0
12:59:59 108 120
13:00:59 54 0
13:02:00 54 0
13:03:00 2928 4680
13:04:00 108 120
13:05:00 108 240
13:06:01 108 60
13:07:01 54 0
13:08:01 970 1518
13:09:01 970 1526
13:10:01 966 1518
13:11:02 916 1408
13:12:02 854 1358
13:13:02 684 1184
13:14:02 108 300
13:15:02 108 120
13:16:02 54 0
13:17:03 108 120
13:18:03 108 120
13:19:03 108 240
13:20:03 108 120
13:21:04 54 0
13:22:04 634 952
13:23:04 850 1332
13:24:05 916 1418
13:25:05 618 996
13:26:05 796 1274
13:27:05 3226 5958
13:28:06 54 0
13:29:06 54 0
13:30:06 108 120
13:31:06 108 120
13:32:07 1708 680
13:33:08 7428 12346
13:34:09 2874 4410
13:35:09 108 120
13:36:09 108 120
13:37:10 54 0
13:38:10 108 212
13:39:10 108 212
13:40:10 1032 1058
13:41:10 108 120
13:42:11 416 180
13:43:12 108 60
13:44:12 1688 1904
13:45:12 2246 1659
13:46:12 618 810
13:47:13 54 0
13:48:14 913 60
13:49:14 108 240
13:50:14 2366 515
13:51:15 54 0
13:52:15 129046 5857
13:53:15 271 240
13:54:15 284 272
13:55:16 519 240
13:56:16 8565 925
13:57:16 374 588
13:58:16 395 240
13:59:17 281 180
14:00:17 422 180
14:01:17 10338 1089
14:02:17 394 60
14:03:17 720 420
14:04:18 357 202
14:05:18 488 180
14:06:18 10575 1099
14:07:19 1291 1202
14:08:19 894 768
14:09:20 1015 300
14:10:20 20337 2163
14:11:20 7187 9024
14:12:21 15001 1558
14:13:21 490 471
14:14:21 2908 740
14:15:21 516 180
14:16:22 544 60
14:17:22 8836 788
14:18:22 689 180
14:19:22 500 180
14:20:23 303 180
14:21:23 521 180
14:22:23 899 180
14:23:23 533 180
14:24:24 425 180
14:25:24 314 180
14:26:24 2737 3888
14:27:25 5810 8292
14:28:25 24657 936
14:29:25 669 180
14:30:25 1258 360
14:31:26 528 300
14:32:26 131783 7112
14:33:26 563 180
14:34:27 433 180
14:35:27 452 240
14:36:28 2350 2668
14:37:28 556 484
14:38:29 497 240
14:39:29 246 180
14:40:29 434 240
14:41:30 569 180
14:42:30 351 240
14:43:31 518 180
14:44:31 738 240
14:45:32 1224 1382
14:46:32 991 1258
14:47:32 299 254
14:48:33 344 60
14:49:33 594 60
14:50:33 396 180
14:51:53 -1 -1
14:52:55 2119 0
14:53:34 696 60
14:54:34 643 360
14:55:35 389 272
14:56:35 434 60
14:57:35 353 60
14:58:36 744 180
14:59:36 568 180
15:00:36 516 60
15:01:36 470 180
15:02:36 849 622
15:03:37 484 120
15:04:37 824 512
15:05:37 1127 300
15:06:37 598 240
15:07:37 798 300
15:08:38 808 180
15:09:38 409 120
15:10:47 426 120
15:11:38 344 180
15:12:39 898 1670
15:13:39 479 152
15:14:39 516 60
15:15:40 608 180
15:16:40 398 60
15:17:40 449 60
15:18:40 1159 3327
15:19:40 585 180
15:20:41 611 180
15:21:41 336 180
15:22:41 1518 10450
15:23:41 457 180
15:24:42 22659 13286
15:25:42 672 180
15:26:42 374 240
15:27:42 20500 1350
15:28:45 9975 855
15:29:46 1212 1558
15:30:43 626 240
15:31:44 491 458
15:32:44 678 428
15:33:44 418 240
15:34:47 268 60
15:35:44 282 60
15:36:45 360 240
15:37:45 367 120
15:38:45 321 240
15:39:45 231 180
15:40:45 329 332
15:41:46 258 60
15:42:46 251 60
15:43:46 356 180
15:44:46 354 180
15:45:47 1951 542
15:46:50 405 180
15:47:47 312 240
15:48:48 471 60
15:49:48 1163 1190
15:50:48 372 239
15:51:49 17136 2681
15:52:49 445 300
15:53:49 2535 46534
15:54:49 431 180
15:55:49 465 120
15:56:49 450 240
15:57:50 525 240
15:58:50 481 360
15:59:50 326 180
16:00:50 32907 1895
16:01:51 505 60
16:02:51 429 60
16:03:51 584 180
16:04:51 882 555
16:05:52 459 274
16:06:52 12124 1094
16:07:52 679 240
16:08:52 666 180
16:09:52 415 60
16:10:52 943 632
16:11:53 1231 3022
16:12:53 430 60
16:13:53 638 192
16:14:53 672 180
16:15:54 3091 1405
16:16:54 613 60
16:17:54 210 480
16:18:54 474 180
16:19:57 34061 1004
16:20:55 716 240
16:21:55 572 180
16:22:55 1131 300
16:23:55 833 300
16:24:56 842 300
16:25:56 3283 522
16:26:56 211 60
16:27:56 480 312
16:28:57 25149 2810
16:29:57 477 180
16:30:57 364 180
16:31:57 277 240
16:32:58 189 60
16:33:58 267 240
16:34:59 1144 1474
16:35:59 1195 1524
16:36:59 2139 778
16:38:00 275 60
16:39:00 122 60
16:40:00 237 60
16:41:00 3603 5398
16:42:01 5179 22274
16:43:01 4054 177604
16:44:01 2080 335
16:45:01 376 180
16:46:01 45344 3771
16:47:02 514 300
16:48:02 199 120
16:49:02 403 180
16:50:02 403 246
16:51:02 435 180
16:52:02 395 180
16:53:03 319 180
16:54:03 319 240
16:55:04 299 60
16:56:07 15907 1026
16:57:07 552 180
16:58:04 283 180
16:59:05 208 120
17:00:05 13131 791
17:01:05 286 180
17:02:05 18296 1262
17:03:06 109109 4319
17:04:06 175 60
17:05:06 417 120
17:06:07 29258 4752
17:07:07 440 300
17:08:07 392 240
17:09:07 405 300
17:10:08 3528 97742
17:11:08 277 180
17:12:08 6096 1797
17:13:08 6553 6684
17:14:11 5932 576
17:15:09 315 60
17:16:09 47849 2369
17:17:09 272 180
17:18:09 344 180
17:19:10 37769 2825
17:20:10 134926 3516
17:21:10 250 180
17:22:10 75248 3036
17:23:11 1242 1522
17:24:11 376 180
17:25:11 331 240
17:26:12 35058 9504
17:27:12 38536 3033
17:28:12 314 180
17:29:13 368 180
17:30:13 464 120
17:31:13 377 180
17:32:13 1082 1764
17:33:14 51972 2694
17:34:14 318 240
17:35:14 298 120
17:36:14 355 180
17:37:15 286 120
17:38:15 248 180
17:39:16 245 240
17:40:16 332 180
17:41:16 656 180
17:42:16 427 60
17:43:17 3083 99478
17:44:18 80661 9686
17:45:18 646 540
17:46:18 457 120
17:47:19 3135 3502
17:48:19 30582 1570
17:49:19 1331 1236
17:50:19 436 240
17:51:20 100646 5573
17:52:20 495 180
17:53:20 807 1812
17:54:20 6412 453
17:55:21 2853 4278
17:56:21 447 60
17:57:21 72341 6552
17:58:21 57302 7415
17:59:22 38385 2144
18:00:22 19611 1272
18:01:22 702 120
18:02:23 352 60
18:03:23 35993 2182
18:04:23 321 60
18:05:23 223 180
18:06:23 443 180
18:07:24 27518 1140
18:08:24 7432 965
18:09:24 84862 3617
18:10:24 487 60
18:11:25 416 120
18:12:25 407 300
18:13:25 495 300
18:14:26 421 180
18:15:26 324 60
18:16:26 42029 2235
18:17:26 27310 2111
18:18:26 19322 976
18:19:27 1190258 54038
18:20:27 48142 2672
18:21:27 5217 240
18:22:28 740 300
18:23:29 8011 1870
18:24:29 1516 2036
18:25:29 2062 2396
18:26:30 257 60
18:27:30 19527 836
18:28:30 36444 3204
18:29:31 852 240
18:30:31 10802 1279
18:31:32 68370 75787
18:32:32 2042 14452
18:33:32 80758 95421
18:34:33 36973 2875
18:35:33 28111 18840
18:36:33 894 1866
18:37:34 414 60
18:38:34 201 60
18:39:35 195 60
18:40:35 3145 66497
18:41:35 5777 540
18:42:35 52209 2200
18:43:35 357 126
18:44:35 322 300
18:45:36 1682 1302
18:46:36 152678 7891
18:47:36 37555 3370
18:48:36 569 240
18:49:37 519 180
18:50:37 575 240
18:51:37 7771 552
18:52:37 291 120
18:53:38 510 180
18:54:39 681 562
18:55:39 11493 930
18:56:39 569 360
18:57:39 554 562
18:58:40 91630 4965
18:59:40 782 240
19:00:40 162972 5830
19:01:40 322 180
19:02:41 9193 2918
19:03:41 4371 172558
19:04:41 6045 253150
19:05:41 3510 95600
19:06:41 263 240
19:07:42 16326 1164
19:08:42 482 300
19:09:42 418 180
19:10:42 352 180
19:11:42 294587 9108
19:12:43 61403 2148
19:13:43 36794 46427
19:14:43 385 180
19:15:44 259 120
19:16:44 171 120
19:17:44 359 180
19:18:44 360 120
19:19:44 346 180
19:20:45 17476 885
19:21:45 308 180
19:22:45 1761 126
19:23:45 334 180
19:24:46 174 60
19:25:46 182 420
19:26:46 3322 60
19:27:46 345 180
19:28:46 100298 3603
19:29:46 257 180
19:30:47 319 180
19:31:47 235 180
19:32:47 469 180
19:33:48 181508 13619
19:34:48 189 60
19:35:48 646 593
19:36:48 293 60
19:37:49 520 240
19:38:49 581 300
19:39:49 153249 6525
19:40:49 501 120
19:41:50 201 120
19:42:50 304 240
19:43:50 418 272
19:44:50 842 773
19:45:50 548 360
19:46:51 93864 4871
19:47:51 348 180
19:48:51 605 60
19:49:51 356 120
19:50:51 795 362
19:51:52 12342 848
19:52:52 299 180
19:53:52 568 360
19:54:52 595 180
19:55:52 7175 652
19:56:53 593 60
19:57:53 2654 38335
19:58:53 4923 193457
19:59:54 598 60
20:00:54 1551 2156
20:01:54 2788 2214
20:02:54 462 152
20:03:54 60061 11293
20:04:54 462 180
20:05:55 442 300
20:06:55 62062 1872
20:07:55 130667 5912
20:08:55 448 360
20:09:55 56127 1560
20:10:56 624 360
20:11:56 103447 4329
20:12:56 32825 4186
20:13:56 76742 3661
20:14:56 490 180
20:15:57 658 180
20:16:57 474 60
20:17:57 547 120
20:18:57 13524 1166
20:19:58 370 180
20:20:58 46384 6236
20:21:58 457 272
20:22:58 630 180
20:23:59 1608 2032
20:24:59 666 180
20:25:59 261 240
20:26:59 19332 1540
20:28:00 36021 16147
20:29:00 488 240
20:30:00 240 180
20:31:00 118715 7883
20:32:00 335 180
20:33:01 92151 5173
20:34:01 761 300
20:35:01 20630 1797
20:36:01 1073 1206
20:37:01 67194 3392
20:38:02 13258 1281
20:39:02 599 240
20:40:02 4465 1068
20:41:02 365 240
20:42:02 285 180
20:43:03 78216 6318
20:44:03 20938 2791
20:45:03 392 120
20:46:03 826 312
20:47:04 32401 2669
20:48:04 15847 2291
20:49:04 334 180
20:50:04 390 60
20:51:04 18521 960
20:52:05 144600 7495
20:53:05 301 180
20:54:05 156591 5986
20:55:05 729 502
20:56:05 436 120
20:57:06 367 120
20:58:06 9293 372
20:59:06 19941 1350
21:00:06 5319 1138
21:01:07 603 360
21:02:07 438 300
21:03:07 516 300
21:04:07 5363 2432
21:05:07 880 1624
21:06:08 9674 14409
21:07:08 46796 2425
21:08:08 380 180
21:09:08 372 180
21:10:08 991 968
21:11:12 273 120
21:12:09 23684 18817
21:13:09 43388 1260
21:14:09 191 60
21:15:09 271 180
21:16:09 54302 5151
21:17:10 508 360
21:18:10 657 632
21:19:11 250 126
21:20:11 73714 2973
21:21:11 72165 6693
21:22:11 21371 1551
21:23:12 77204 5604
21:24:12 226 120
21:25:12 315 60
21:26:12 71797 5408
21:27:12 473 240
21:28:12 5427 660
21:29:13 43509 1033
21:30:13 9365 1295
21:31:13 590 540
21:32:13 314 120
21:33:14 520 420
21:34:14 564 240
21:35:14 586 562
21:36:14 328 180
21:37:14 416 366
21:38:15 351 240
21:39:15 453 180
21:40:15 26149 3097
21:41:15 120439 7848
21:42:16 1357 1344
21:43:16 1839 1690
21:44:16 545715 19350
21:45:16 330 180
21:46:17 1227 240
21:47:17 236 120
21:48:17 586 622
21:49:17 282 180
21:50:17 11627 2166
21:51:18 8505 480
21:52:18 580 180
21:53:18 9653 1540
21:54:18 967 240
21:55:19 17617 1441
21:56:19 573 786
21:57:19 816 240
21:58:20 550 180
21:59:20 675 240
22:00:20 301 60
22:01:20 1880 300
22:02:20 59186 1984
22:03:21 3480 5328
22:04:21 3159 4981
22:05:21 577 182
22:06:22 520 401
22:07:22 396 180
22:08:22 42078 1526
22:09:22 19788 1377
22:10:22 509 180
22:11:23 279 272
22:12:23 329 180
22:13:23 271 60
22:14:23 395 420
22:15:24 610 180
22:16:24 590 180
22:17:24 3490 5028
22:18:24 3615 5000
22:19:25 462 240
22:20:25 360 392
22:21:25 55114 2544
22:22:25 31848 984
22:23:26 27054 3556
22:24:26 3145 4926
22:25:26 2127 2584
22:26:26 63217 6275
22:27:26 309 240
22:28:27 476 120
22:29:27 13075 1366
22:30:27 518 300
22:31:28 111634 13788
22:32:28 461 360
22:33:28 502 300
22:34:28 360 60
22:35:28 19412 1307
22:36:29 842 622
22:37:29 39025 2064
22:38:30 102955 7961
22:39:30 28952 1772
22:40:30 412 180
22:41:30 629 180
22:42:31 2776 3972
22:43:31 362 360
22:44:31 857 742
22:45:31 455 360
22:46:32 27833 4087
22:47:32 22132 3426
22:48:32 461 180
22:49:32 785 180
22:50:33 65051 3478
22:51:33 596 502
22:52:33 1097 300
22:53:33 411 180
22:54:34 1534 2428
22:55:34 207 272
22:56:34 249663 7077
22:57:34 185153 11830
22:58:35 466 180
22:59:35 28571 900
23:00:35 56281 4406
23:01:35 587 180
23:02:36 761 606
23:03:36 708 384
23:04:36 1744 974
23:05:36 590 332
23:06:37 1038 300
23:07:37 923 122
23:08:37 664 420
23:09:37 1060 618
23:10:38 201 180
23:11:38 582 180
23:12:38 520 180
23:13:39 473 152
23:14:39 373 272
23:15:39 613 180
23:16:39 459 60
23:17:39 750 180
23:18:40 713 180
23:19:40 708 60
23:20:41 411 180
23:21:41 19532 1920
23:22:41 602 240
23:23:41 21285 1674
23:24:42 506 60
23:25:42 596 60
23:26:42 650 240
23:27:42 885 180
23:28:43 853 120
23:29:43 732 180
23:30:43 644 300
23:31:43 859 240
23:32:43 685 480
23:33:44 490 180
23:34:44 160641 6541
23:35:44 301 60
23:36:45 180296 7293
23:37:45 541 180
23:38:45 294 240
23:39:46 216 60
23:40:46 254 180
23:41:46 34094 1973
23:42:47 410 180
23:43:47 89859 9065
23:44:47 853 708
23:45:48 446 60
23:46:48 350 0
23:47:49 406 240
23:48:50 337 180
23:49:50 270 120
23:50:51 1107 1420
23:51:51 374 180
23:52:52 740 180
23:53:53 452 60
23:54:53 1840 1906
23:55:54 2308 2768
23:56:55 1001 420
23:57:56 598 240
23:58:56 353 300
23:59:56 265 120
