00:01:14 196878 99823
00:02:39 48337 4616
00:03:22 173712 10630
00:04:07 179722 23259
00:05:07 55954 13057
00:06:10 62900 15613
00:07:15 42777 15504
00:08:17 41257 67904
02:00:08 67244 6204
02:01:08 11170 2698
02:02:08 1257 2034
02:03:12 40479 4634
02:04:09 11624 3383
02:05:10 44735 7750
02:06:10 204811 11301
02:07:11 73171 19944
02:08:11 91421 8964
02:09:12 33139 6018
02:10:12 48342 6363
02:11:12 125204 5126
02:12:13 3245 2895
02:13:13 41646 4493
02:14:13 17018 115801
02:15:14 138576 16915
02:16:14 24022 4198
02:17:18 513319 25989
02:18:15 16997 1729
02:19:16 63946 35500
02:20:16 122616 11774
02:21:16 233047 14482
02:22:17 41129 16536
02:23:17 63411 4738
02:24:18 133587 4778
02:25:18 76203 3467
02:26:19 1844 1055
02:27:19 279100 22005
02:28:20 120731 8790
02:29:20 123214 11667
02:30:20 199688 15893
02:31:21 2478 1526
02:32:21 90950 53235
02:33:22 49934 3631
02:34:22 63571 5588
02:35:22 36185 5692
02:36:23 60135 9725
02:37:23 17759 570
02:38:24 70719 7020
02:39:24 64168 3723
02:40:24 54464 33089
02:41:25 83787 4822
02:42:25 98101 11890
02:43:25 442 520
02:44:26 32225 4270
02:45:26 37966 6013
02:46:27 102930 14510
02:47:27 52337 9266
02:48:27 68385 8100
02:49:28 73114 3346
02:50:28 21742 4198
02:51:29 3049 1833
02:52:29 35472 2749
02:53:30 18983 2443
02:54:30 56076 15690
02:55:30 41518 11193
02:56:34 67910 15064
02:57:31 70297 5609
02:58:32 12900 3317
02:59:32 119447 9730
03:00:32 75818 6329
03:01:33 118348 16773
03:02:33 2727116 64769
03:03:34 19638 3896
03:04:34 1586555 46662
03:05:35 21249 2860
03:06:35 19924 3510
03:07:35 107120 4984
03:08:36 89174 9219
03:09:36 21990 5695
03:10:40 43464 9709
03:11:40 32769 3472
03:12:37 71463 7094
03:13:37 23693 6693
03:14:38 62302 23815
03:15:38 59228 3416
03:16:38 115042 8471
03:17:39 36387 7006
03:18:39 67742 9189
03:19:40 9824 5763
03:20:40 24637 4092
03:21:40 79802 9065
03:22:41 41239 3844
03:23:41 18883 2677
03:24:41 124470 9464
03:25:42 79068 9533
03:26:42 67678 7943
03:27:42 12253802 276988
03:28:43 5027 1905
03:29:43 14698 2727
03:30:43 66456 13948
03:31:44 32283 5582
03:32:44 53924 7416
03:33:44 47439 4866
03:34:45 58523 4555
03:35:45 76951 5724
03:36:45 12211008 276428
03:37:46 69136 9468
03:38:46 14350 9385
03:39:46 39631 8798
03:40:47 44146 4506
03:41:47 28409 4095
03:42:47 67116 4998
03:43:48 87522 4626
03:44:48 76836 8033
03:45:49 26085 4803
03:46:49 12774 5771
03:47:49 79659 3410
03:48:49 74673 7131
03:49:50 4821 1390
03:50:50 745 1017
03:51:51 88346 11313
03:52:51 23843 3615
03:53:51 19510 1959
03:54:51 60504 6796
03:55:52 40907 4448
03:56:52 68622 3990
03:57:53 22037 16322
03:58:53 4139 1324
03:59:53 25501 2814
04:00:53 3940 916
04:01:54 215 360
04:02:54 27001 4752
04:03:54 45876 1634
04:04:55 69497 7153
04:05:56 33035 3476
04:06:56 19941 3734
04:07:56 39389 6372
04:08:56 133725 9423
04:09:57 658230 37056
04:10:57 24811 2772
04:11:57 42678 2536
04:12:58 14682 2216
04:13:58 17349 4363
04:14:58 52016 1950
04:15:59 2744 2060
04:16:59 6694 924
04:18:00 40791 4043
04:19:00 18218 1929
04:20:00 27918 2056
04:21:01 9469 1790
04:22:01 24870 3571
04:23:01 167679 11860
04:24:01 10439 1969
04:25:02 37334 8398
04:26:02 618 1068
04:27:02 114631 7489
04:28:03 50197 5315
04:29:03 15490 2412
04:30:03 68080 4754
04:31:04 10697 2587
04:32:04 31211 21610
04:33:04 680 1058
04:34:05 22763 5062
04:35:05 5941 2162
04:36:05 26959 3626
04:37:06 38030 4869
04:38:06 25047 8636
04:39:07 115045 8726
04:40:07 74516 32477
04:41:07 21305 3449
04:42:08 10985 3104
04:43:08 155664 16496
04:44:08 11632 3610
04:45:09 25324 12759
04:46:09 6091 6107
04:47:09 76346 5372
04:48:10 33379 4594
04:49:10 3020 2275
04:50:10 9474 2697
04:51:11 13966 3424
04:52:11 111768 10319
04:53:11 11075 3464
04:54:12 37936 8377
04:55:12 14166 2974
04:56:13 2814 1320
04:57:13 24063 4096
04:58:13 10774 2244
04:59:13 140742 11635
05:00:14 14299 3869
05:01:14 42929 8855
05:02:14 11033 3117
05:03:15 15878 5670
05:04:15 46995 10235
05:05:16 16806 4130
05:06:16 17652 4202
05:07:16 67574 9812
05:08:17 103235 8272
05:09:17 742519 37088
05:10:17 23963 7149
05:11:18 36360 4473
05:12:18 26627 5601
05:13:18 17462 2052
05:14:19 85089 9942
05:15:19 78495 9089
05:16:19 37447 2900
05:17:20 135504 37338
05:18:20 20095 7001
05:19:21 23485 5094
05:20:21 59107 7999
05:21:21 188454 15530
05:22:22 33482 10727
05:23:22 77084 6548
05:24:22 96828 16664
05:25:23 73795 15798
05:26:23 29911 4942
05:27:23 106340 12832
05:28:24 47271 5616
05:29:24 65747 12039
05:30:24 101155 17357
05:31:25 89896 34289
05:32:25 126800 20449
05:33:25 33723 3599
05:34:26 43763 7323
05:35:26 20915 3892
05:36:26 135008 9970
05:37:27 3043 2371
05:38:27 4099 3442
05:39:27 8205 5038
05:40:28 40308 4507
05:41:28 302554 19500
05:42:29 5740 3167
05:43:29 30874 4196
05:44:29 5177 9101
05:45:29 51160 6845
05:46:30 51987 5970
05:47:30 19322 2494
05:48:31 73925 3319
05:49:31 11389 23128
05:50:31 15977 4457
05:51:32 23020 3195
05:52:32 1542 2191
05:53:32 49012 4070
05:54:33 336 518
05:55:33 3649 2142
05:56:33 46934 7190
05:57:34 2763 2405
05:58:34 80715 9241
05:59:34 742 1316
06:00:35 31333 4788
06:01:35 618 998
06:02:36 14637 8758
06:03:36 52766 5696
06:04:37 3528 916
06:05:37 49329 3819
06:06:37 93033 7415
06:07:38 65639 6489
06:08:38 91028 12089
06:09:38 24353 1935
06:10:39 31013 3030
06:11:39 48606 4714
06:12:39 84679 10332
06:13:40 37725 4479
06:14:40 78019 4438
06:15:41 32550 6691
06:16:41 151946 5590
06:17:41 6496 2533
06:18:42 85933 3755
06:19:42 186 254
06:20:42 31683 5740
06:21:43 13639 3679
06:22:43 21474 3081
06:23:43 31386 3544
06:24:44 2701 2449
06:25:44 52141 8464
06:26:44 39272 2197
06:27:45 762 1192
06:28:45 16538 4119
06:29:45 83167 9902
06:30:46 17077 10225
06:31:46 123110 39384
06:32:46 28438 6499
06:33:47 1138 3825
06:34:47 31559 3013
06:35:48 9738 9126
06:36:48 95645 7531
06:37:48 29457 7228
06:38:48 14004 2279
06:39:49 16854 1996
06:40:49 107105 45435
06:41:49 44005 34305
06:42:50 125680 39666
06:43:50 67751 9498
06:44:51 29621 7030
06:45:51 17921 2680
06:46:51 25446 4490
06:47:52 74001 67272
06:48:52 2366 767
06:49:52 57369 4988
06:50:52 59692 15656
06:51:53 142476 15320
06:52:53 139692 12680
06:53:54 6115 2444
06:54:54 50461 7515
06:55:54 7780 3086
06:56:54 43151 23219
06:57:55 71780 25697
06:58:55 13330 6712
06:59:55 6383 2946
07:00:56 39174 5158
07:01:56 6481 2035
07:02:56 38258 5174
07:03:57 9422 2369
07:04:57 24471 3429
07:05:57 84606 8479
07:06:58 32618 11732
07:07:58 22312 8070
07:08:58 298400 15633
07:09:59 30233 7386
07:10:59 139398 14298
07:11:59 148780 9170
07:13:00 32821 5549
07:14:00 34561 4588
07:15:00 93487 42064
07:16:01 19915 2141
07:17:01 8967 2779
07:18:02 32938 3010
07:19:02 123603 11159
07:20:02 71989 9863
07:21:03 60266 38905
07:22:03 124400 40939
07:23:03 49733 7513
07:24:04 66873 5278
07:25:04 93046 23306
07:26:05 67678 24602
07:27:05 96203 5565
07:28:05 89165 11489
07:29:05 26849 18069
07:30:06 94254 8278
07:31:06 11686 4559
07:32:06 38468 2698
07:33:07 187367 24356
07:34:07 123674 46585
07:35:07 27071 2570
07:36:08 51890 8790
07:37:08 113448 8251
07:38:08 8791 3344
07:39:09 489768 40354
07:40:09 352065 24059
07:41:09 156417 15254
07:42:10 15860 4531
07:43:10 159198 12682
07:44:10 58647 5858
07:45:11 9053 3807
07:46:11 321977 18731
07:47:11 150859 22436
07:48:12 167612 50666
07:49:12 326859 18408
07:50:12 62548 4330
07:51:13 137604 10649
07:52:13 102737 9971
07:53:13 130063 11688
07:54:13 45929 3873
07:55:14 20223 4183
07:56:14 61721 5872
07:57:14 77226 8154
07:58:15 8484 2359
07:59:15 36201 196483
08:00:16 47479 9830
08:01:16 100110 7527
08:02:16 57722 2654
08:03:16 201060 9365
08:04:17 32535 3139
08:05:17 3173 2647
08:06:17 41876 6897
08:07:17 72587 8269
08:08:18 32923 4346
08:09:18 59710 9264
08:10:18 26030 10702
08:11:19 110295 8058
08:12:19 145819 10380
08:13:19 22284 5563
08:14:20 49808 6447
08:15:20 67680 5344
08:16:20 47757 5749
08:17:21 87314 6448
08:18:21 46436 5214
08:19:21 428566 12446
08:20:22 322062 14312
08:21:22 785115 47089
08:22:23 170330 8324
08:23:23 54145 7175
08:24:24 189523 14865
08:25:24 23900 4767
08:26:24 86868 16719
08:27:25 123082 15421
08:28:25 34255 12542
08:29:25 218666 9145
08:30:26 484958 24981
08:31:26 84826 22197
08:32:26 515474 28914
08:33:26 7191 2719
08:34:27 8872 2752
08:35:27 66491 7036
08:36:28 57360 5847
08:37:28 7870 5090
08:38:28 13365 650
08:39:28 71486 8829
08:40:29 57332 11412
08:41:29 14758 1711
08:42:30 591022 51739
08:43:30 15695 2103
08:44:30 39044 2566
08:45:31 148126 6442
08:46:31 478917 93159
08:47:31 119929 50010
08:48:32 30964 47242
08:49:32 377786 100993
08:50:32 248686 90444
08:51:33 623244 191332
08:52:33 9239 117590
08:53:33 111835 72606
08:54:34 115317 178725
08:55:35 184942 63524
08:56:35 130346 74245
08:57:35 29066 46305
08:58:36 82165 75067
08:59:36 40124 64765
09:00:37 141929 67922
09:01:37 139216 5767
09:02:37 317403 9553
09:03:37 186683 14704
09:04:38 89406 17855
09:05:38 124579 399787
09:06:38 214990 437502
09:07:38 41885 241704
09:08:39 154512 421759
09:09:39 14864 3230
09:10:39 82539 19007
09:11:39 40994 3711
09:12:40 196216 15115
09:13:40 60891 5918
09:14:43 105682 38556
09:15:40 45480 11662
09:16:41 49581 4356
09:17:41 47690 14561
09:18:42 35062 6995
09:19:42 327435 80730
09:20:42 85031 7038
09:21:45 4500 3904
09:22:43 91226 8650
09:23:43 85484 17833
09:24:43 205975 11718
09:25:44 144306 8546
09:26:44 210152 16273
09:27:44 134934 10362
09:28:44 54322 4166
09:29:45 72674 76206
09:30:45 85676 27536
09:31:45 67493 8855
09:32:46 26604 6192
09:33:46 153649 7005
09:34:49 115411 5501
09:35:47 105886 6566
09:36:47 46780 6917
09:37:47 115187 6767
09:38:48 331007 23368
09:39:47 -1 -1
09:40:58 102186 9933
09:41:49 224416 54816
09:42:49 74057 10596
09:43:49 248167 15187
09:44:49 79589 3604
09:45:52 296023 16798
09:46:50 83026 26003
09:47:50 84873 41491
09:48:51 150473 13604
09:49:51 197989 21993
09:50:51 346529 25292
09:51:51 317619 21497
09:52:51 161899 12519
09:53:52 112476 8005
09:54:52 283117 30425
09:55:54 -1 -1
09:56:52 532214 29458
09:57:53 81944 3867
09:58:53 599184 24607
09:59:53 153342 113755
10:00:53 160815 14060
10:01:54 105441 16448
10:02:54 16084 10421
10:03:54 153938 20091
10:04:57 619459 31556
10:05:54 134163 19247
10:06:55 47651 15487
10:07:55 189922 16155
10:08:55 129830 8518
10:09:55 35029 5425
10:10:56 62400 46598
10:11:56 167927 77871
10:12:56 1294 2510
10:14:04 296816 15648
10:14:57 175929 20588
10:15:57 219229 20351
10:17:00 99564 18970
10:17:58 30686 9209
10:18:58 213816 25400
10:19:58 91558 18427
10:20:59 193834 25996
10:21:59 148432 15106
10:23:01 224609 19047
10:24:05 75817 6837
10:25:02 391737 32812
10:26:02 274903 54975
10:27:02 -1 -1
10:28:03 63893 14108
10:29:03 10798 3183
10:30:04 163720 25979
10:31:04 150171 23518
10:32:04 22050 15694
10:33:05 19043 3972
10:34:05 231714 20967
10:35:05 284896 35489
10:36:06 60210 19879
10:37:06 118120 10140
10:38:10 246122 16752
10:39:07 86991 6940
10:40:08 152935 19988
10:41:08 259717 22944
10:42:09 34079 5973
10:43:09 74278 12422
10:44:09 46733 7246
10:45:09 99653 12064
10:46:10 139821 11110
10:47:10 318522 30413
10:48:10 350186 51134
10:49:11 117653 12145
10:50:11 29551 10072
10:51:12 220408 26023
10:52:12 229658 12995
10:53:12 66451 6471
10:54:13 116704 10061
10:55:13 404474 24504
10:56:14 46616 7900
10:57:15 168541 26070
10:58:16 114672 19344
10:59:16 182458 38565
11:00:16 178202 15802
11:01:16 267403 16377
11:02:17 172845 12102
11:03:17 301692 20367
11:04:17 368960 30254
11:05:18 33923 6722
11:06:18 35799 7366
11:07:19 56071 11932
11:08:19 487943 24088
11:09:19 193696 15844
11:10:19 836149 50479
11:11:20 97276 20269
11:12:20 143563 14090
11:13:23 34739 10043
11:14:21 87312 16632
11:15:22 135673 21613
11:16:23 82968 14978
11:17:23 31002 7337
11:18:23 68423 7070
11:19:23 17582 2620
11:20:24 159562 29450
11:21:24 267801 16184
11:22:24 592763 29926
11:23:25 391352 28842
11:24:25 162553 20758
11:25:25 47936 17099
11:26:26 131315 29358
11:27:26 53109 15947
11:28:26 259330 76394
11:29:26 606539 38025
11:30:26 67281 4219
11:31:27 289630 15732
11:32:27 99086 27555
11:33:27 21166 9276
11:34:50 62233 18626
11:35:29 65772 10721
11:36:30 56700 12929
11:37:31 128932 67270
11:38:31 250414 28048
11:39:31 395570 49786
11:40:32 148977 72112
11:41:32 213883 26968
11:42:32 69417 10459
11:43:32 408361 239685
11:44:33 23476 8318
11:45:33 17854 4602
11:46:34 111824 13009
11:47:34 133554 31441
11:48:34 151369 87871
11:49:35 98664 19557
11:50:35 78045 15179
11:51:36 326990 88158
11:52:37 51079 18623
11:53:38 149127 13236
11:54:38 102302 14266
11:55:38 50510 10655
11:56:38 241308 34055
11:57:39 40805 10537
11:58:39 92058 8480
11:59:39 193359 14255
12:00:39 53117 41319
12:01:40 306843 47424
12:02:40 163149 12622
12:03:40 102088 10639
12:04:41 204464 22822
12:05:41 52851 22453
12:06:42 89919 18464
12:07:42 141314 69311
12:08:42 218301 12409
12:09:42 14486 7316
12:10:43 75326 72283
12:11:44 273328 12735
12:12:44 103776 11694
12:13:45 354595 24015
12:14:45 55611 5548
12:15:45 21574 34272
12:16:46 22081 6591
12:17:47 122503 7654
12:18:47 53738 8872
12:19:50 55886 10077
12:20:48 40924 21753
12:21:48 50165 5888
12:22:48 135803 15483
12:23:48 21690 4604
12:24:49 17495 6142
12:25:49 243149 16934
12:26:49 392689 27358
12:27:50 70493 29354
12:28:50 109512 13206
12:29:50 38268 7176
12:30:50 68624 8800
12:31:51 270209 18373
12:32:51 48801 10130
12:33:51 72704 13359
12:34:51 70242 6258
12:35:52 52590 3776
12:36:52 147881 8939
12:37:52 80759 15409
12:38:52 114258 13714
12:39:53 63389 5327
12:40:53 118891 4474
12:41:53 55665 4802
12:42:53 110970 8790
12:43:54 111338 41239
12:44:54 233610 12034
12:45:54 141086 6802
12:46:54 163079 9778
12:47:54 80572 9939
12:48:54 13864 1197
12:49:55 90206 11875
12:50:55 125185 10083
12:51:55 68103 7273
12:52:55 679744 38383
12:53:56 429413 18979
12:54:56 168730 40762
12:55:56 47572 11998
12:56:56 591427 23760
12:57:57 215348 14382
12:58:57 330931 33555
12:59:57 20352 2748
13:00:57 11749 2874
13:01:58 132 140
13:02:58 89043 17895
13:03:58 50038 20194
13:04:58 3994 16508
13:05:58 177997 17974
13:06:59 142712 16052
13:07:59 61379 13725
13:08:59 77510 14934
13:09:59 47856 8156
13:10:59 847118 35972
13:12:00 22383 8553
13:13:00 595137 35263
13:14:00 72973 155668
13:15:00 24546 166432
13:16:00 86811 15925
13:17:01 465548 24025
13:18:01 86106 4310
13:19:01 41643 33776
13:20:01 34893 17473
13:21:02 146286 11939
13:22:02 88200 36250
13:23:02 157715 14201
13:24:03 88047 148548
13:25:03 118622 10945
13:26:03 41951 20031
13:27:04 47217 4506
13:28:04 499184 35620
13:29:04 8834 8721
13:30:04 192653 21619
13:31:04 74029 20380
13:32:05 143648 14204
13:33:06 91083 36884
13:34:06 2893 3876
13:35:06 117281 17573
13:36:06 44618 6452
13:37:06 96128 9396
13:38:07 115512 19285
13:39:07 256207 23201
13:40:07 107494 8348
13:41:07 191693 10970
13:42:08 56951 16462
13:43:09 62961 11386
13:44:09 981540 43684
13:45:09 79547 24841
13:46:09 138367 25073
13:47:10 28227 5990
13:48:10 275280 9337
13:49:10 453258 42590
13:50:10 64433 3973
13:51:10 11581 5010
13:52:11 37708 9327
13:53:11 16794 13408
13:54:12 866671 36644
13:55:12 376121 21086
13:56:12 185151 31362
13:57:12 17978 15986
13:58:12 70969 7469
13:59:13 77643 11654
14:00:13 10633 6238
14:01:13 541338 26633
14:02:13 356266 26897
14:03:14 70069 12872
14:04:14 49651 6265
14:05:14 724912 43632
14:06:14 192293 11475
14:07:15 43319 7442
14:08:15 40005 1955
14:09:16 34094 4263
14:10:16 58463 6882
14:11:17 522534 18192
14:12:17 58258 24153
14:13:18 759123 37580
14:14:18 194176 15709
14:15:19 21768 7330
14:16:19 120487 31119
14:17:19 234712 19950
14:18:19 128596 39921
14:19:20 246830 10413
14:20:20 582833 32744
14:21:20 306135 27102
14:22:20 159334 23674
14:23:20 95787 13808
14:24:21 13537 17583
14:25:22 268258 22456
14:26:22 386381 31566
14:27:22 10625 6535
14:28:23 44377 14282
14:29:23 83584 7369
14:30:23 12604 7062
14:31:24 150161 30919
14:32:24 116963 14109
14:33:24 177831 14147
14:34:25 52009 22689
14:35:25 37871 9915
14:36:26 241405 27439
14:37:26 34598 11110
14:38:27 81267 42241
14:39:27 137803 22550
14:40:31 99909 5932
14:41:28 79846 8959
14:42:28 77518 7614
14:43:29 318176 20969
14:44:33 101671 19778
14:45:31 376995 21900
14:46:31 106773 17315
14:47:31 43867 6471
14:48:31 108647 19942
14:49:32 74551 18047
14:50:32 48159 11985
14:51:42 199072 5453
14:52:36 59745 5741
14:53:33 114872 22594
14:54:33 242491 21272
14:55:34 155402 9297
14:56:34 53166 14951
14:57:34 279433 15727
14:58:35 72477 10726
14:59:35 24792 20554
15:00:35 786891 59904
15:01:35 37213 6323
15:02:35 168805 10414
15:03:36 51831 4212
15:04:36 318200 29421
15:05:36 89618 17882
15:06:37 126154 12997
15:07:37 341289 21630
15:08:37 98559 14234
15:09:37 233046 13940
15:10:37 223517 17734
15:11:38 67451 11812
15:12:39 355912 28362
15:13:39 60984 16406
15:14:39 62180 20322
15:15:40 55381 10169
15:16:40 125290 14028
15:17:40 444164 40445
15:18:40 134267 160681
15:19:41 82988 24791
15:20:41 94690 8310
15:21:41 536172 53249
15:22:41 131865 60361
15:23:41 168983 53970
15:24:42 249388 25306
15:25:42 205342 24211
15:26:42 120721 168917
15:27:42 111751 6801
15:28:42 97805 11043
15:29:43 143545 172928
15:30:43 81720 20812
15:31:44 821342 46031
15:32:44 45909 11770
15:33:44 261938 54748
15:34:44 113376 23267
15:35:44 90850 17787
15:36:45 227144 20811
15:37:45 342482 51127
15:38:45 148865 12353
15:39:45 1050903 48464
15:40:46 192836 37854
15:41:46 184105 236508
15:42:46 158862 26077
15:43:46 81821 11603
15:44:46 131810 28234
15:45:47 465337 42135
15:46:47 266613 27681
15:47:47 107178 30068
15:48:48 578613 107213
15:49:48 216255 30889
15:50:48 192552 31406
15:51:49 73414 6222
15:52:49 141959 11528
15:53:49 612350 27717
15:54:49 135841 13888
15:55:49 68615 82558
15:56:49 16463 2428
15:57:50 108809 19033
15:58:50 125104 13039
15:59:50 316949 27439
16:00:50 527943 36936
16:01:51 115960 18176
16:02:51 636854 37171
16:03:51 64500 19739
16:04:51 76876 8510
16:05:52 118968 10163
16:06:52 378887 26993
16:07:52 505433 18664
16:08:55 148507 35617
16:09:52 399494 18861
16:10:52 147452 12863
16:11:53 174300 21823
16:12:56 128083 35527
16:13:53 19235 6514
16:14:53 140919 13165
16:15:54 46469 8161
16:16:54 321992 58315
16:17:54 112212 30495
16:18:54 49218 7732
16:19:55 130236 17912
16:20:55 163100 12982
16:21:55 34625 13076
16:22:55 114215 10915
16:23:56 131334 13611
16:24:56 57202 8108
16:25:56 159187 26806
16:27:16 -1 -1
16:28:02 2615 10790
16:28:57 67543 7122
16:29:57 279452 14888
16:30:57 28713 4335
16:31:58 189410 12266
16:32:58 59335 4171
16:33:59 118393 15687
16:34:59 207103 10556
16:35:59 209975 31559
16:36:59 99262 13618
16:37:59 149696 15018
16:39:00 79476 10387
16:40:00 253725 11750
16:41:00 882247 37242
16:42:01 53675 13273
16:43:01 79500 35335
16:44:01 21569 5598
16:45:01 39484 9270
16:46:01 385656 18726
16:47:01 93810 12693
16:48:02 195523 34475
16:49:02 30204 6206
16:50:02 112888 24667
16:51:02 59631 7161
16:52:02 129371 21966
16:53:03 20131 29201
16:54:03 193131 14895
16:55:03 129474 8643
16:56:04 83542 7682
16:57:04 207607 20546
16:58:04 13145 2825
16:59:05 118518 6638
17:00:05 55208 5670
17:01:05 100372 23307
17:02:05 33474 8286
17:03:06 221666 17043
17:04:06 141747 9464
17:05:06 36836 6216
17:06:06 104259 20074
17:07:07 44965 10221
17:08:07 96675 9733
17:09:07 150945 14815
17:10:08 274211 34151
17:11:08 106428 23001
17:12:08 537372 64593
17:13:08 267221 48942
17:14:08 327747 20813
17:15:09 141333 14313
17:16:09 141581 34784
17:17:09 558787 137013
17:18:09 418666 18042
17:19:10 383994 19116
17:20:10 124830 13327
17:21:10 9712 13953
17:22:10 318067 35540
17:23:11 183050 36589
17:24:11 120175 28104
17:25:11 15748 5208
17:26:12 106838 49188
17:27:12 331787 50981
17:28:12 131276 61680
17:29:13 188976 33343
17:30:13 371540 24181
17:31:13 372332 16354
17:32:13 27234 12035
17:33:14 1064477 69801
17:34:14 545959 44065
17:35:14 190817 30903
17:36:14 221291 17424
17:37:15 297238 16624
17:38:15 45324 10522
17:39:16 155015 27411
17:40:16 75748 15541
17:41:16 119246 8079
17:42:17 14942 1146
17:43:17 259799 14979
17:44:18 255814 20402
17:45:18 105475 10109
17:46:18 134788 20328
17:47:19 14987 3603
17:48:19 214579 27266
17:49:19 51099 11586
17:50:19 96994 34778
17:51:20 85089 13104
17:52:20 62270 7437
17:53:20 120703 10207
17:54:20 76321 18736
17:55:21 80669 30338
17:56:21 130959 12227
17:57:21 113135 9335
17:58:22 34644 5689
17:59:22 46578 6128
18:00:22 64026 11617
18:01:22 41972 5722
18:02:23 98985 6961
18:03:22 196599 10321
18:04:23 308810 13115
18:05:23 49991 9479
18:06:23 214094 11716
18:07:24 42441 7868
18:08:24 282007 24709
18:09:24 71327 18982
18:10:24 264132 22231
18:11:25 196780 41686
18:12:25 89905 34343
18:13:25 14679 7120
18:14:26 72663 53301
18:15:26 48311 7911
18:16:26 88648 17392
18:17:26 549533 32500
18:18:26 408438 39966
18:19:27 40158 10465
18:20:27 238276 30493
18:21:27 145014 23369
18:22:28 7904 7864
18:23:29 36287 25053
18:24:29 43081 5034
18:25:29 133651 29867
18:26:30 77508 13753
18:27:30 67319 9188
18:28:31 92513 27466
18:29:31 21993 4215
18:30:31 221474 18733
18:31:32 91306 14232
18:32:32 65246 11987
18:33:32 24814 6077
18:34:32 76780 8157
18:35:32 51241 24269
18:36:33 190289 19265
18:37:33 117224 12791
18:38:33 21746 7783
18:39:33 79775 17049
18:40:34 149771 15922
18:41:34 174430 15095
18:42:34 20039 11085
18:43:34 153235 16428
18:44:35 32301 7590
18:45:35 110147 22363
18:46:35 74329 22692
18:47:35 206424 13853
18:48:35 30195 3177
18:49:36 39343 8852
18:50:36 55855 7603
18:51:36 31131 5536
18:52:37 90334 11790
18:53:37 23113 3849
18:54:37 127924 16087
18:55:37 35181 6413
18:56:37 59952 10297
18:57:38 69926 12918
18:58:38 30223 5573
18:59:38 51625 7991
19:00:38 356619 22337
19:01:38 279941 20572
19:02:39 274795 19223
19:03:39 209124 13833
19:04:39 724915 32028
19:05:39 299961 14848
19:06:39 162794 12027
19:07:40 299575 12043
19:08:40 36479 10140
19:09:40 221749 33448
19:10:40 32836 8240
19:11:41 45508 17705
19:12:41 664586 43506
19:13:41 204744 40026
19:14:42 15117 6927
19:15:42 69510 10416
19:16:42 125002 87367
19:17:42 184487 10522
19:18:42 75214 6809
19:19:42 37243 6449
19:20:42 58913 4734
19:21:43 65514 12219
19:22:43 89991 13069
19:23:43 255539 16911
19:24:43 75913 10505
19:25:44 433786 15505
19:26:44 465306 31006
19:27:44 46043 6196
19:28:45 51363 18969
19:29:45 160456 31244
19:30:45 214959 10595
19:31:45 33654 12586
19:32:45 16798 2407
19:33:46 192943 17476
19:34:47 93749 31764
19:35:47 264158 42788
19:36:47 73636 25274
19:37:48 873476 94517
19:38:48 73001 4404
19:39:48 36245 20076
19:40:48 236316 236814
19:41:49 68837 6229
19:42:49 28241 30488
19:43:49 83390 49800
19:44:49 28341 8982
19:45:49 36474 8333
19:46:50 34584 12608
19:47:50 45235 6592
19:48:50 92371 17410
19:49:50 33156 5878
19:50:51 17897 3936
19:51:51 47516 8863
19:52:51 75790 8489
19:53:51 208447 42216
19:54:51 231417 56640
19:55:51 83169 19504
19:56:52 46277 16885
19:57:52 44108 7474
19:58:52 39847 29692
19:59:53 60999 6409
20:00:53 78080 11222
20:01:53 89464 19308
20:02:53 115508 45459
20:03:53 195643 18157
20:04:53 66077 23926
20:05:54 386309 17225
20:06:54 495842 35540
20:07:53 -1 -1
20:08:54 49111 21448
20:09:55 80046 10463
20:10:55 188935 22378
20:11:55 86078 32261
20:12:55 35115 4867
20:13:55 4093 1595
20:14:56 185599 20259
20:15:56 41105 16235
20:16:56 11220 1688
20:17:56 27896 6088
20:18:57 87400 26850
20:19:57 209189 22744
20:20:57 61894 24214
20:21:57 111599 12652
20:22:57 12245 13473
20:23:58 107223 13199
20:24:58 241725 34046
20:25:58 57138 8557
20:26:58 94584 59611
20:27:59 68979 17686
20:28:59 342521 19027
20:29:59 74207 6318
20:30:59 166962 16874
20:31:59 131022 13897
20:33:02 287784 38558
20:34:00 277907 16722
20:35:00 27474 2899
20:36:00 184214 15308
20:37:01 127035 20978
20:38:04 62064 7718
20:39:01 107880 15436
20:40:01 77948 19095
20:41:01 113774 16462
20:42:02 164487 13296
20:43:02 218818 18922
20:44:02 212676 35287
20:45:02 51247 5428
20:46:02 3367 2655
20:47:03 701044 27632
20:48:03 15240 2471
20:49:03 41457 10569
20:50:03 121748 77176
20:51:03 209096 21601
20:52:04 376956 62173
20:53:04 82449 33552
20:54:04 280967 19307
20:55:04 144158 15614
20:56:04 93668 7422
20:57:05 117798 7612
20:58:05 182100 7201
20:59:08 69964 5585
21:00:05 78757 6064
21:01:06 41036 4724
21:02:06 8817 27859
21:03:06 268400 18234
21:04:06 77868 9983
21:05:06 7007 5146
21:06:07 72373 33987
21:07:07 517596 24446
21:08:07 19713 5126
21:09:07 225513 24932
21:10:07 44737 11297
21:11:07 431126 17489
21:12:08 10091 3293
21:13:08 59644 9796
21:14:08 8071 3386
21:15:08 14920 2559
21:16:09 27464 11027
21:17:09 128314 16640
21:18:09 90237 11579
21:19:10 61555 12313
21:20:10 71242 21353
21:21:10 40552 6183
21:22:10 115061 15735
21:23:10 463118 46017
21:24:11 159779 20700
21:25:11 36375 20981
21:26:11 147869 28113
21:27:11 265308 15302
21:28:12 1064060 70191
21:29:12 13251 3307
21:30:12 756865 33613
21:31:12 27998 3735
21:32:12 66076 71233
21:33:13 246128 27797
21:34:13 102892 9027
21:35:13 79350 12400
21:36:13 85979 10864
21:37:14 19344 2730
21:38:14 78971 10144
21:39:14 70937 4363
21:40:14 64784 21850
21:41:14 64986 36484
21:42:15 84960 9631
21:43:15 194375 72628
21:44:15 54614 3212
21:45:15 9559 2634
21:46:16 148085 16805
21:47:16 39874 18612
21:48:16 407892 25837
21:49:16 95934 41619
21:50:17 562767 36424
21:51:17 96755 10192
21:52:17 471989 40726
21:53:17 868365 53444
21:54:18 240186 34822
21:55:18 425562 51771
21:56:18 249372 38349
21:57:18 231579 31031
21:58:18 387802 28607
21:59:19 164963 29064
22:00:19 251501 19124
22:01:19 65365 11086
22:02:19 291678 26078
22:03:20 78573 10008
22:04:20 286093 27315
22:05:20 207969 9925
22:06:21 77929 9284
22:07:21 125279 13586
22:08:21 204764 48693
22:09:21 48083 10632
22:10:21 507410 19285
22:11:22 78566 12689
22:12:22 130503 8393
22:13:22 43062 20369
22:14:22 36023 11019
22:15:23 113884 107385
22:16:23 101170 8429
22:17:23 101512 25726
22:18:23 61763 227145
22:19:24 233975 44707
22:20:24 409022 31238
22:21:24 8098 7060
22:22:24 59108 10480
22:23:25 420441 22206
22:24:25 110179 8077
22:25:25 126542 12401
22:26:25 55110 34225
22:27:26 292765 52370
22:28:26 396161 61161
22:29:26 31200 25437
22:30:26 20180 3548
22:31:27 110968 20204
22:32:27 116605 28476
22:33:27 189241 22548
22:34:27 138685 19227
22:35:28 5547 9195
22:36:28 158492 17332
22:37:28 84648 14813
22:38:29 42660 30287
22:39:29 402668 33445
22:40:29 95388 8828
22:41:29 36266 19400
22:42:30 373028 33432
22:43:30 143434 15572
22:44:30 16973 32312
22:45:30 45549 12530
22:46:31 105228 13772
22:47:31 54346 11553
22:48:31 76775 7115
22:49:31 187241 14252
22:50:32 518445 25474
22:51:32 292327 18457
22:52:32 169024 10241
22:53:32 94607 38441
22:54:33 268642 57871
22:55:33 116419 14955
22:56:42 83016 18376
22:57:33 478293 34789
22:58:34 92307 15075
22:59:33 -1 -1
23:00:34 175518 17520
23:01:35 180219 13586
23:02:35 21915 1938
23:03:35 143133 14429
23:04:35 206898 13880
23:05:35 92367 19196
23:06:36 56280 5398
23:07:36 175378 40763
23:08:36 161453 11674
23:09:37 177815 12544
23:10:37 80008 6736
23:11:37 30987 1408
23:12:37 102991 8977
23:13:37 161298 35449
23:14:38 63190 8316
23:15:38 139830 10545
23:16:38 21793 5539
23:17:39 144357 13851
23:18:39 134898 8678
23:19:39 99384 126720
23:20:40 10842 17344
23:21:40 14086 6107
23:22:40 25945 4320
23:23:40 672 498
23:24:40 546766 40991
23:25:41 2104 1471
23:26:41 54632 10236
23:27:41 129589 11480
23:28:41 20260 7480
23:29:42 182117 33582
23:30:42 108560 14268
23:31:42 20734 2319
23:32:43 97015 9417
23:33:43 97360 7770
23:34:43 145594 12903
23:35:43 77419 32026
23:36:44 70694 10257
23:37:44 9810 2045
23:38:44 180480 13616
23:39:44 161083 39774
23:40:45 85758 9082
23:41:45 4385 11575
23:42:46 40331 10700
23:43:46 28463 16651
23:44:46 145052 14983
23:45:47 126266 14646
23:46:47 9184 8237
23:47:48 93251 17632
23:48:48 12212 6824
23:49:49 128894 11268
23:50:50 361753 26083
23:51:50 78527 15994
23:52:51 175080 23385
23:53:52 86706 10965
23:54:53 48713 29555
23:55:53 47523 13362
23:56:54 15603 10364
23:57:55 112294 7496
23:58:55 272933 67791
23:59:55 298271 28850
