00:00:34 4 0 20
00:00:41 4 0 15
00:01:50 4 0 16
00:02:14 4 0 14
00:02:38 4 0 13
00:03:03 4 0 13
00:03:24 4 0 13
00:03:55 4 0 13
00:04:24 4 0 13
00:04:54 4 0 15
00:05:25 4 0 13
00:06:02 4 0 13
00:06:33 4 0 14
00:07:14 4 0 13
00:07:46 4 0 13
00:08:20 4 0 13
02:00:06 4 0 15
02:00:37 4 0 20
02:01:07 4 0 13
02:01:38 3 1 16
02:02:07 4 0 20
02:02:38 3 1 16
02:03:08 4 0 14
02:03:38 4 0 15
02:04:08 4 0 12
02:04:38 4 0 14
02:05:09 4 0 15
02:05:39 4 0 14
02:06:09 4 0 15
02:06:39 4 0 15
02:07:10 4 0 11
02:07:40 4 0 12
02:08:10 4 0 15
02:08:40 4 0 15
02:09:10 4 0 14
02:09:40 4 0 13
02:10:11 4 0 16
02:10:41 4 0 16
02:11:11 4 0 14
02:11:41 4 0 14
02:12:12 4 0 17
02:12:42 4 0 12
02:13:12 4 0 15
02:13:42 4 0 13
02:14:12 4 0 12
02:14:42 4 0 12
02:15:13 4 0 11
02:15:43 4 0 12
02:16:13 4 0 17
02:16:43 4 0 14
02:17:14 4 0 16
02:17:44 4 0 15
02:18:14 4 0 12
02:18:44 4 0 13
02:19:15 4 0 14
02:19:45 4 0 14
02:20:15 4 0 16
02:20:45 4 0 15
02:21:16 4 0 15
02:21:47 3 1 16
02:22:16 4 0 14
02:22:46 4 0 15
02:23:16 4 0 15
02:23:46 4 0 14
02:24:17 4 0 14
02:24:47 4 0 14
02:25:17 4 0 11
02:25:47 4 0 12
02:26:18 4 0 12
02:26:48 4 0 13
02:27:18 4 0 13
02:27:48 4 0 12
02:28:18 4 0 12
02:28:49 4 0 12
02:29:19 4 0 13
02:29:49 4 0 12
02:30:19 4 0 13
02:30:49 4 0 14
02:31:20 4 0 13
02:31:50 4 0 14
02:32:20 4 0 14
02:32:50 4 0 12
02:33:21 4 0 12
02:33:51 4 0 15
02:34:21 4 0 15
02:34:52 3 1 14
02:35:21 4 0 14
02:35:51 4 0 13
02:36:22 4 0 11
02:36:52 4 0 12
02:37:22 4 0 14
02:37:52 4 0 14
02:38:22 4 0 11
02:38:53 4 0 12
02:39:23 4 0 13
02:39:53 4 0 14
02:40:23 4 0 14
02:40:53 4 0 17
02:41:24 4 0 14
02:41:54 4 0 14
02:42:24 4 0 12
02:42:54 4 0 12
02:43:24 4 0 13
02:43:55 4 0 11
02:44:25 4 0 16
02:44:55 4 0 14
02:45:25 4 0 11
02:45:55 4 0 12
02:46:27 3 1 15
02:46:56 4 0 15
02:47:26 4 0 15
02:47:56 4 0 16
02:48:26 4 0 13
02:48:57 4 0 15
02:49:28 3 1 14
02:49:57 4 0 12
02:50:27 4 0 14
02:50:57 4 0 12
02:51:28 4 0 11
02:51:58 4 0 13
02:52:28 4 0 19
02:52:58 4 0 15
02:53:28 4 0 12
02:53:59 4 0 11
02:54:29 4 0 12
02:54:59 4 0 14
02:55:29 4 0 11
02:55:59 4 0 15
02:56:30 4 0 14
02:57:00 4 0 14
02:57:30 4 0 11
02:58:00 4 0 11
02:58:30 4 0 11
02:59:01 4 0 13
02:59:31 4 0 16
03:00:01 4 0 11
03:00:31 4 0 12
03:01:02 3 1 14
03:01:32 4 0 14
03:02:02 4 0 17
03:02:32 4 0 11
03:03:02 4 0 12
03:03:32 4 0 12
03:04:02 4 0 12
03:04:33 4 0 11
03:05:03 4 0 12
03:05:33 4 0 11
03:06:04 4 0 13
03:06:34 4 0 12
03:07:04 4 0 12
03:07:34 4 0 12
03:08:05 4 0 11
03:08:36 4 0 11
03:09:06 4 0 13
03:09:36 4 0 12
03:10:06 4 0 15
03:10:36 4 0 12
03:11:06 4 0 17
03:11:37 4 0 16
03:12:07 4 0 12
03:12:37 4 0 12
03:13:07 4 0 12
03:13:37 4 0 15
03:14:07 4 0 12
03:14:38 4 0 13
03:15:08 4 0 12
03:15:38 4 0 13
03:16:08 4 0 13
03:16:38 4 0 16
03:17:08 4 0 12
03:17:39 4 0 17
03:18:09 4 0 12
03:18:39 4 0 12
03:19:09 4 0 12
03:19:40 4 0 13
03:20:10 4 0 11
03:20:40 4 0 11
03:21:10 4 0 14
03:21:40 4 0 11
03:22:10 4 0 12
03:22:41 4 0 11
03:23:11 4 0 11
03:23:41 4 0 12
03:24:11 4 0 13
03:24:41 4 0 12
03:25:11 4 0 13
03:25:42 4 0 11
03:26:12 4 0 12
03:26:42 4 0 12
03:27:12 4 0 11
03:27:42 4 0 12
03:28:12 4 0 16
03:28:43 4 0 13
03:29:13 4 0 12
03:29:43 4 0 13
03:30:13 4 0 12
03:30:43 4 0 11
03:31:13 4 0 12
03:31:44 4 0 12
03:32:14 4 0 11
03:32:44 4 0 11
03:33:14 4 0 11
03:33:44 4 0 11
03:34:14 4 0 11
03:34:44 4 0 11
03:35:16 3 1 15
03:35:45 4 0 11
03:36:15 4 0 11
03:36:45 4 0 11
03:37:15 4 0 11
03:37:46 4 0 11
03:38:16 4 0 12
03:38:46 4 0 12
03:39:16 4 0 11
03:39:46 4 0 15
03:40:16 4 0 12
03:40:47 4 0 11
03:41:17 4 0 13
03:41:47 4 0 11
03:42:17 4 0 11
03:42:47 4 0 12
03:43:17 4 0 12
03:43:48 4 0 12
03:44:18 4 0 12
03:44:48 4 0 12
03:45:18 4 0 13
03:45:48 4 0 11
03:46:19 4 0 12
03:46:49 4 0 11
03:47:19 4 0 12
03:47:49 4 0 11
03:48:19 4 0 12
03:48:49 4 0 11
03:49:19 4 0 11
03:49:50 4 0 11
03:50:20 4 0 11
03:50:50 4 0 11
03:51:20 4 0 12
03:51:50 4 0 11
03:52:20 4 0 11
03:52:51 4 0 11
03:53:21 4 0 12
03:53:51 4 0 11
03:54:21 4 0 13
03:54:51 4 0 12
03:55:22 4 0 12
03:55:52 4 0 11
03:56:22 4 0 11
03:56:52 4 0 11
03:57:22 4 0 11
03:57:53 4 0 12
03:58:23 4 0 12
03:58:53 4 0 11
03:59:23 4 0 11
03:59:53 4 0 13
04:00:23 4 0 11
04:00:53 4 0 11
04:01:24 4 0 11
04:01:54 4 0 12
04:02:24 4 0 12
04:02:54 4 0 11
04:03:24 4 0 11
04:03:54 4 0 11
04:04:24 4 0 11
04:04:55 4 0 14
04:05:25 4 0 11
04:05:55 4 0 18
04:06:25 4 0 12
04:06:56 4 0 11
04:07:26 4 0 12
04:07:56 4 0 11
04:08:26 4 0 12
04:08:56 4 0 12
04:09:26 4 0 12
04:09:57 4 0 12
04:10:27 4 0 12
04:10:57 4 0 12
04:11:27 4 0 11
04:11:57 4 0 12
04:12:27 4 0 11
04:12:58 4 0 11
04:13:28 4 0 11
04:13:58 4 0 11
04:14:28 4 0 12
04:14:58 4 0 14
04:15:28 4 0 11
04:15:59 4 0 13
04:16:29 4 0 11
04:16:59 4 0 12
04:17:29 4 0 12
04:17:59 4 0 11
04:18:29 4 0 18
04:19:00 4 0 14
04:19:30 4 0 12
04:20:00 4 0 11
04:20:30 4 0 12
04:21:00 4 0 14
04:21:30 4 0 11
04:22:01 4 0 12
04:22:31 4 0 13
04:23:01 4 0 12
04:23:31 4 0 34
04:24:01 4 0 11
04:24:31 4 0 12
04:25:02 4 0 11
04:25:32 4 0 12
04:26:02 4 0 13
04:26:32 4 0 15
04:27:02 4 0 13
04:27:32 4 0 13
04:28:03 4 0 15
04:28:33 4 0 14
04:29:03 4 0 14
04:29:33 4 0 13
04:30:03 4 0 13
04:30:33 4 0 13
04:31:04 4 0 13
04:31:34 4 0 13
04:32:04 4 0 13
04:32:34 4 0 13
04:33:04 4 0 13
04:33:34 4 0 15
04:34:05 4 0 14
04:34:35 4 0 13
04:35:05 4 0 13
04:35:35 4 0 13
04:36:05 4 0 13
04:36:35 4 0 14
04:37:06 4 0 15
04:37:36 4 0 14
04:38:06 4 0 13
04:38:36 4 0 13
04:39:07 4 0 14
04:39:37 4 0 14
04:40:07 4 0 13
04:40:37 4 0 15
04:41:07 4 0 13
04:41:37 4 0 14
04:42:08 4 0 14
04:42:38 4 0 13
04:43:08 4 0 13
04:43:38 4 0 15
04:44:08 4 0 14
04:44:38 4 0 13
04:45:09 4 0 13
04:45:39 4 0 13
04:46:09 4 0 13
04:46:39 4 0 13
04:47:09 4 0 13
04:47:39 4 0 13
04:48:10 4 0 14
04:48:40 4 0 17
04:49:10 4 0 14
04:49:40 4 0 13
04:50:10 4 0 13
04:50:40 4 0 13
04:51:11 4 0 13
04:51:41 4 0 13
04:52:11 4 0 13
04:52:41 4 0 14
04:53:11 4 0 13
04:53:41 4 0 13
04:54:12 4 0 13
04:54:42 4 0 13
04:55:12 4 0 13
04:55:42 4 0 13
04:56:12 4 0 13
04:56:43 4 0 16
04:57:13 4 0 13
04:57:43 4 0 13
04:58:13 4 0 13
04:58:43 4 0 13
04:59:14 4 0 13
04:59:44 4 0 13
05:00:14 4 0 13
05:00:44 4 0 13
05:01:14 4 0 13
05:01:44 4 0 13
05:02:14 4 0 13
05:02:45 4 0 13
05:03:15 4 0 13
05:03:45 4 0 13
05:04:15 4 0 13
05:04:45 4 0 13
05:05:16 4 0 13
05:05:46 4 0 14
05:06:16 4 0 13
05:06:46 4 0 13
05:07:16 4 0 13
05:07:46 4 0 13
05:08:17 4 0 14
05:08:47 4 0 13
05:09:17 4 0 14
05:09:47 4 0 14
05:10:17 4 0 43
05:10:47 4 0 17
05:11:18 4 0 14
05:11:48 4 0 13
05:12:18 4 0 13
05:12:48 4 0 13
05:13:18 4 0 13
05:13:48 4 0 13
05:14:19 4 0 14
05:14:49 4 0 13
05:15:19 4 0 13
05:15:49 4 0 14
05:16:19 4 0 17
05:16:49 4 0 16
05:17:20 4 0 13
05:17:50 4 0 14
05:18:20 4 0 13
05:18:50 4 0 13
05:19:21 4 0 13
05:19:51 4 0 14
05:20:21 4 0 13
05:20:51 4 0 13
05:21:21 4 0 14
05:21:51 4 0 13
05:22:22 4 0 13
05:22:52 4 0 14
05:23:22 4 0 15
05:23:52 4 0 13
05:24:22 4 0 14
05:24:52 4 0 15
05:25:23 4 0 14
05:25:53 4 0 13
05:26:23 4 0 14
05:26:53 4 0 13
05:27:23 4 0 15
05:27:53 4 0 14
05:28:24 4 0 14
05:28:54 4 0 14
05:29:24 4 0 13
05:29:54 4 0 14
05:30:24 4 0 14
05:30:54 4 0 13
05:31:25 4 0 13
05:31:55 4 0 13
05:32:25 4 0 16
05:32:55 4 0 13
05:33:25 4 0 13
05:33:55 4 0 13
05:34:26 4 0 13
05:34:56 4 0 13
05:35:26 4 0 13
05:35:56 4 0 14
05:36:26 4 0 13
05:36:56 4 0 15
05:37:27 4 0 13
05:37:57 4 0 13
05:38:27 4 0 13
05:38:57 4 0 14
05:39:27 4 0 14
05:39:57 4 0 13
05:40:28 4 0 13
05:40:58 4 0 14
05:41:28 4 0 14
05:41:58 4 0 13
05:42:28 4 0 13
05:42:59 4 0 13
05:43:29 4 0 13
05:43:59 4 0 13
05:44:29 4 0 13
05:44:59 4 0 13
05:45:29 4 0 14
05:45:59 4 0 13
05:46:30 4 0 13
05:47:00 4 0 13
05:47:30 4 0 13
05:48:00 4 0 14
05:48:30 4 0 14
05:49:00 4 0 13
05:49:31 4 0 15
05:50:01 4 0 13
05:50:31 4 0 13
05:51:01 4 0 14
05:51:31 4 0 13
05:52:01 4 0 14
05:52:32 4 0 13
05:53:02 4 0 13
05:53:32 4 0 13
05:54:02 4 0 13
05:54:32 4 0 13
05:55:02 4 0 15
05:55:33 4 0 13
05:56:03 4 0 14
05:56:33 4 0 13
05:57:03 4 0 14
05:57:34 4 0 13
05:58:04 4 0 13
05:58:34 4 0 13
05:59:04 4 0 14
05:59:34 4 0 14
06:00:04 4 0 13
06:00:35 4 0 13
06:01:05 4 0 13
06:01:35 4 0 13
06:02:05 4 0 14
06:02:36 4 0 13
06:03:06 4 0 13
06:03:36 4 0 13
06:04:06 4 0 15
06:04:36 4 0 13
06:05:07 4 0 13
06:05:37 4 0 13
06:06:07 4 0 13
06:06:37 4 0 13
06:07:07 4 0 13
06:07:38 4 0 17
06:08:08 4 0 13
06:08:38 4 0 15
06:09:08 4 0 13
06:09:38 4 0 13
06:10:08 4 0 16
06:10:39 4 0 13
06:11:09 4 0 13
06:11:39 4 0 15
06:12:09 4 0 13
06:12:40 4 0 13
06:13:10 4 0 13
06:13:40 4 0 14
06:14:10 4 0 14
06:14:40 4 0 15
06:15:10 4 0 13
06:15:41 4 0 14
06:16:11 4 0 13
06:16:41 4 0 14
06:17:11 4 0 13
06:17:41 4 0 16
06:18:11 4 0 16
06:18:42 4 0 13
06:19:12 4 0 14
06:19:42 4 0 13
06:20:12 4 0 13
06:20:42 4 0 13
06:21:12 4 0 13
06:21:43 4 0 16
06:22:13 4 0 13
06:22:43 4 0 14
06:23:13 4 0 15
06:23:43 4 0 15
06:24:13 4 0 13
06:24:44 4 0 13
06:25:14 4 0 13
06:25:44 4 0 14
06:26:14 4 0 13
06:26:44 4 0 14
06:27:14 4 0 13
06:27:45 4 0 14
06:28:15 4 0 13
06:28:45 4 0 39
06:29:15 4 0 13
06:29:45 4 0 14
06:30:15 4 0 14
06:30:46 4 0 13
06:31:16 4 0 15
06:31:46 4 0 13
06:32:16 4 0 13
06:32:46 4 0 13
06:33:16 4 0 14
06:33:47 4 0 13
06:34:17 4 0 13
06:34:47 4 0 13
06:35:17 4 0 13
06:35:47 4 0 13
06:36:17 4 0 13
06:36:48 4 0 13
06:37:18 4 0 13
06:37:48 4 0 13
06:38:18 4 0 14
06:38:48 4 0 15
06:39:18 4 0 13
06:39:49 4 0 13
06:40:19 4 0 13
06:40:49 4 0 13
06:41:19 4 0 14
06:41:49 4 0 13
06:42:19 4 0 13
06:42:50 4 0 13
06:43:20 4 0 13
06:43:50 4 0 13
06:44:20 4 0 13
06:44:50 4 0 13
06:45:21 4 0 13
06:45:51 4 0 13
06:46:21 4 0 13
06:46:51 4 0 13
06:47:21 4 0 13
06:47:52 4 0 13
06:48:22 4 0 14
06:48:52 4 0 15
06:49:22 4 0 14
06:49:52 4 0 13
06:50:22 4 0 13
06:50:53 4 0 13
06:51:23 4 0 14
06:51:53 4 0 13
06:52:23 4 0 13
06:52:53 4 0 40
06:53:23 4 0 13
06:53:53 4 0 13
06:54:24 4 0 13
06:54:54 4 0 13
06:55:24 4 0 14
06:55:54 4 0 13
06:56:24 4 0 13
06:56:54 4 0 13
06:57:24 4 0 14
06:57:55 4 0 14
06:58:25 4 0 13
06:58:55 4 0 13
06:59:25 4 0 13
06:59:55 4 0 13
07:00:25 4 0 13
07:00:56 4 0 14
07:01:26 4 0 13
07:01:56 4 0 14
07:02:26 4 0 15
07:02:56 4 0 13
07:03:26 4 0 13
07:03:57 4 0 14
07:04:27 4 0 13
07:04:57 4 0 13
07:05:27 4 0 14
07:05:57 4 0 14
07:06:27 4 0 15
07:06:58 4 0 13
07:07:28 4 0 13
07:07:58 4 0 13
07:08:28 4 0 13
07:08:58 4 0 14
07:09:28 4 0 14
07:09:59 4 0 15
07:10:29 4 0 13
07:10:59 4 0 13
07:11:29 4 0 14
07:11:59 4 0 14
07:12:29 4 0 13
07:13:00 4 0 13
07:13:30 4 0 14
07:14:00 4 0 13
07:14:30 4 0 14
07:15:00 4 0 13
07:15:31 4 0 13
07:16:01 4 0 13
07:16:31 4 0 13
07:17:01 4 0 13
07:17:31 4 0 13
07:18:02 4 0 13
07:18:32 4 0 14
07:19:02 4 0 13
07:19:32 4 0 13
07:20:02 4 0 13
07:20:32 4 0 14
07:21:03 4 0 13
07:21:33 4 0 13
07:22:03 4 0 14
07:22:33 4 0 13
07:23:03 4 0 13
07:23:33 4 0 13
07:24:04 4 0 13
07:24:34 4 0 14
07:25:04 4 0 13
07:25:34 4 0 13
07:26:05 4 0 13
07:26:35 4 0 13
07:27:06 4 0 14
07:27:36 4 0 14
07:28:06 4 0 13
07:28:36 4 0 14
07:29:06 4 0 13
07:29:36 4 0 13
07:30:07 4 0 15
07:30:37 4 0 13
07:31:07 4 0 15
07:31:37 4 0 13
07:32:07 4 0 14
07:32:37 4 0 14
07:33:08 4 0 14
07:33:38 4 0 14
07:34:08 4 0 13
07:34:39 4 0 13
07:35:09 4 0 13
07:35:39 4 0 13
07:36:10 4 0 13
07:36:40 4 0 13
07:37:10 4 0 13
07:37:40 4 0 14
07:38:10 4 0 13
07:38:40 4 0 13
07:39:11 4 0 13
07:39:41 4 0 19
07:40:11 4 0 14
07:40:41 4 0 13
07:41:11 4 0 14
07:41:41 4 0 13
07:42:12 4 0 13
07:42:42 4 0 13
07:43:12 4 0 13
07:43:42 4 0 13
07:44:12 4 0 14
07:44:42 4 0 13
07:45:13 4 0 14
07:45:43 4 0 13
07:46:13 4 0 14
07:46:43 4 0 13
07:47:13 4 0 14
07:47:43 4 0 13
07:48:14 4 0 14
07:48:44 4 0 13
07:49:14 4 0 13
07:49:44 4 0 13
07:50:14 4 0 14
07:50:44 4 0 13
07:51:15 4 0 42
07:51:45 4 0 15
07:52:15 4 0 13
07:52:45 4 0 44
07:53:15 4 0 14
07:53:45 4 0 14
07:54:15 4 0 13
07:54:45 4 0 13
07:55:17 3 1 13
07:55:46 4 0 13
07:56:16 4 0 13
07:56:46 4 0 13
07:57:16 4 0 13
07:57:46 4 0 13
07:58:17 4 0 14
07:58:47 4 0 13
07:59:17 4 0 14
07:59:47 4 0 14
08:00:17 4 0 14
08:00:47 4 0 13
08:01:18 4 0 13
08:01:48 4 0 15
08:02:18 4 0 13
08:02:48 4 0 15
08:03:18 4 0 13
08:03:48 4 0 13
08:04:19 4 0 13
08:04:49 4 0 13
08:05:19 4 0 13
08:05:49 4 0 14
08:06:19 4 0 13
08:06:49 4 0 13
08:07:20 4 0 14
08:07:50 4 0 13
08:08:20 4 0 13
08:08:50 4 0 13
08:09:20 4 0 16
08:09:50 4 0 13
08:10:20 4 0 14
08:10:50 4 0 13
08:11:21 4 0 13
08:11:51 4 0 13
08:12:21 4 0 13
08:12:51 4 0 13
08:13:21 4 0 14
08:13:51 4 0 31
08:14:22 4 0 13
08:14:52 4 0 13
08:15:22 4 0 14
08:15:52 4 0 13
08:16:22 4 0 13
08:16:52 4 0 13
08:17:23 4 0 13
08:17:53 4 0 17
08:18:23 4 0 17
08:18:53 4 0 14
08:19:23 4 0 13
08:19:53 4 0 14
08:20:24 4 0 13
08:20:54 4 0 13
08:21:24 4 0 13
08:21:54 4 0 14
08:22:24 4 0 15
08:22:55 4 0 13
08:23:25 4 0 44
08:23:55 4 0 17
08:24:26 4 0 16
08:24:56 4 0 14
08:25:26 4 0 13
08:25:56 4 0 15
08:26:26 4 0 14
08:26:56 4 0 13
08:27:27 4 0 13
08:27:57 4 0 14
08:28:27 4 0 13
08:28:57 4 0 13
08:29:27 4 0 15
08:29:57 4 0 15
08:30:28 4 0 13
08:30:58 4 0 13
08:31:28 4 0 13
08:31:58 4 0 13
08:32:28 4 0 15
08:32:59 3 1 13
08:33:28 4 0 15
08:33:58 4 0 14
08:34:29 4 0 14
08:34:59 4 0 13
08:35:29 4 0 13
08:35:59 4 0 13
08:36:29 4 0 14
08:36:59 4 0 14
08:37:30 4 0 13
08:38:00 4 0 13
08:38:30 4 0 14
08:39:00 4 0 13
08:39:30 4 0 14
08:40:00 4 0 13
08:40:31 4 0 13
08:41:01 4 0 14
08:41:32 3 1 13
08:42:01 4 0 14
08:42:32 4 0 13
08:43:02 4 0 15
08:43:33 4 0 14
08:44:03 4 0 13
08:44:33 4 0 13
08:45:03 4 0 57
08:45:34 4 0 13
08:46:04 4 0 14
08:46:34 4 0 14
08:47:04 4 0 14
08:47:34 4 0 13
08:48:04 4 0 14
08:48:35 4 0 13
08:49:05 4 0 14
08:49:35 4 0 14
08:50:05 4 0 13
08:50:35 4 0 13
08:51:05 4 0 13
08:51:36 4 0 13
08:52:06 4 0 13
08:52:36 4 0 13
08:53:06 4 0 14
08:53:36 4 0 14
08:54:06 4 0 14
08:54:37 4 0 14
08:55:07 4 0 13
08:55:38 4 0 15
08:56:08 4 0 16
08:56:38 4 0 14
08:57:08 4 0 13
08:57:38 4 0 14
08:58:09 4 0 15
08:58:40 4 0 14
08:59:10 4 0 15
08:59:40 4 0 13
09:00:10 4 0 13
09:00:41 4 0 34
09:01:11 4 0 13
09:01:41 4 0 13
09:02:11 4 0 24
09:02:41 4 0 13
09:03:11 4 0 42
09:03:41 4 0 14
09:04:11 4 0 13
09:04:42 4 0 13
09:05:12 4 0 18
09:05:42 4 0 14
09:06:12 4 0 14
09:06:42 4 0 14
09:07:12 4 0 14
09:07:42 4 0 14
09:08:12 4 0 17
09:08:43 4 0 14
09:09:13 4 0 14
09:09:43 4 0 13
09:10:13 4 0 14
09:10:43 4 0 17
09:11:13 4 0 16
09:11:43 4 0 13
09:12:13 4 0 15
09:12:45 3 1 14
09:13:14 4 0 13
09:13:44 4 0 22
09:14:14 4 0 13
09:14:44 4 0 13
09:15:14 4 0 34
09:15:44 4 0 13
09:16:14 4 0 45
09:16:45 4 0 13
09:17:15 4 0 13
09:17:45 4 0 13
09:18:16 4 0 14
09:18:47 4 0 13
09:19:17 4 0 15
09:19:47 4 0 14
09:20:17 4 0 14
09:20:47 4 0 16
09:21:18 3 1 13
09:21:47 4 0 14
09:22:17 4 0 13
09:22:48 4 0 14
09:23:18 4 0 14
09:23:48 4 0 13
09:24:19 3 1 15
09:24:50 2 2 13
09:25:18 4 0 14
09:25:48 4 0 14
09:26:18 4 0 16
09:26:50 3 1 13
09:27:19 4 0 14
09:27:50 3 1 13
09:28:19 4 0 14
09:28:49 4 0 14
09:29:19 4 0 15
09:29:49 4 0 13
09:30:19 4 0 15
09:30:50 4 0 13
09:31:20 4 0 13
09:31:50 4 0 16
09:32:20 4 0 14
09:32:52 3 1 13
09:33:21 4 0 13
09:33:51 4 0 14
09:34:22 3 1 14
09:34:51 4 0 15
09:35:21 4 0 15
09:35:52 3 1 13
09:36:21 4 0 13
09:36:52 4 0 14
09:37:22 4 0 13
09:37:52 4 0 14
09:38:22 4 0 13
09:38:53 4 0 14
09:39:24 3 1 13
09:39:53 4 0 13
09:40:23 4 0 13
09:40:53 4 0 14
09:41:23 4 0 13
09:41:54 4 0 13
09:42:24 4 0 37
09:42:54 4 0 14
09:43:25 3 1 15
09:43:54 4 0 13
09:44:24 4 0 14
09:44:54 4 0 13
09:45:24 4 0 15
09:45:55 4 0 13
09:46:25 4 0 14
09:46:55 4 0 14
09:47:25 4 0 14
09:47:55 4 0 13
09:48:25 4 0 14
09:48:55 4 0 14
09:49:26 3 1 13
09:49:56 4 0 13
09:50:26 4 0 14
09:50:56 4 0 43
09:51:26 4 0 13
09:51:57 4 0 14
09:52:27 4 0 15
09:52:57 4 0 15
09:53:28 3 1 13
09:53:58 3 1 16
09:54:28 4 0 14
09:54:58 4 0 13
09:55:28 4 0 13
09:55:58 4 0 14
09:56:28 4 0 14
09:56:58 4 0 13
09:57:28 4 0 13
09:57:59 4 0 13
09:58:28 4 0 14
09:58:59 4 0 15
09:59:29 4 0 57
09:59:59 4 0 14
10:00:29 4 0 17
10:00:59 4 0 14
10:01:29 4 0 14
10:01:59 4 0 14
10:02:30 4 0 14
10:03:00 4 0 13
10:03:30 4 0 14
10:04:00 4 0 14
10:04:30 4 0 17
10:05:00 4 0 14
10:05:30 4 0 14
10:06:00 4 0 14
10:06:30 4 0 13
10:07:01 4 0 14
10:07:31 4 0 15
10:08:01 4 0 15
10:08:31 4 0 13
10:09:01 4 0 13
10:09:31 4 0 13
10:10:03 3 1 13
10:10:31 4 0 14
10:11:02 4 0 14
10:11:33 3 1 69
10:12:03 3 1 66
10:12:32 4 0 60
10:13:03 3 1 61
10:13:32 4 0 33
10:14:03 4 0 48
10:14:35 2 2 42
10:15:03 4 0 14
10:15:34 3 1 59
10:16:05 2 2 65
10:16:34 3 1 62
10:17:03 4 0 56
10:17:33 4 0 49
10:18:04 4 0 42
10:18:34 4 0 42
10:19:04 4 0 56
10:19:34 4 0 50
10:20:04 4 0 51
10:20:34 4 0 40
10:21:05 4 0 52
10:21:35 4 0 53
10:22:05 4 0 35
10:22:37 3 1 51
10:23:07 3 1 54
10:23:37 4 0 56
10:24:07 4 0 48
10:24:38 4 0 42
10:25:08 4 0 13
10:25:38 4 0 13
10:26:09 4 0 13
10:26:39 4 0 13
10:27:11 3 1 13
10:27:41 3 1 13
10:28:10 4 0 17
10:28:40 4 0 13
10:29:10 4 0 13
10:29:40 4 0 14
10:30:11 4 0 14
10:30:41 4 0 13
10:31:11 4 0 13
10:31:41 4 0 15
10:32:11 4 0 14
10:32:41 4 0 17
10:33:12 4 0 13
10:33:42 4 0 13
10:34:12 4 0 13
10:34:42 4 0 16
10:35:12 4 0 14
10:35:42 4 0 14
10:36:12 4 0 13
10:36:42 4 0 13
10:37:13 4 0 14
10:37:43 4 0 15
10:38:14 4 0 13
10:38:45 3 1 13
10:39:14 4 0 14
10:39:44 4 0 13
10:40:16 3 1 17
10:40:45 4 0 13
10:41:15 4 0 14
10:41:45 4 0 13
10:42:15 4 0 13
10:42:45 4 0 14
10:43:16 4 0 13
10:43:46 4 0 13
10:44:16 4 0 13
10:44:47 3 1 14
10:45:16 4 0 13
10:45:46 4 0 14
10:46:18 3 1 13
10:46:47 4 0 13
10:47:17 4 0 13
10:47:48 3 1 14
10:48:17 4 0 13
10:48:47 4 0 15
10:49:18 4 0 14
10:49:48 4 0 13
10:50:18 4 0 14
10:50:48 4 0 13
10:51:19 4 0 14
10:51:49 4 0 13
10:52:19 4 0 13
10:52:49 4 0 13
10:53:19 4 0 14
10:53:50 3 1 15
10:54:20 4 0 14
10:54:50 4 0 14
10:55:20 4 0 17
10:55:50 4 0 13
10:56:21 4 0 13
10:56:51 4 0 14
10:57:21 4 0 13
10:57:52 4 0 17
10:58:22 4 0 13
10:58:52 4 0 13
10:59:23 4 0 14
10:59:53 4 0 15
11:00:23 4 0 14
11:00:53 4 0 13
11:01:23 4 0 14
11:01:53 4 0 13
11:02:24 4 0 13
11:02:54 4 0 13
11:03:24 4 0 13
11:03:54 4 0 13
11:04:24 4 0 13
11:04:54 4 0 13
11:05:25 4 0 14
11:05:55 4 0 15
11:06:25 4 0 13
11:06:55 4 0 13
11:07:26 4 0 14
11:07:56 4 0 14
11:08:26 4 0 13
11:08:56 4 0 14
11:09:26 4 0 14
11:09:56 4 0 14
11:10:26 4 0 13
11:10:56 4 0 14
11:11:27 4 0 15
11:11:57 4 0 15
11:12:27 4 0 14
11:12:57 4 0 16
11:13:27 4 0 13
11:13:57 4 0 13
11:14:28 4 0 13
11:14:58 4 0 13
11:15:30 3 1 46
11:15:59 4 0 14
11:16:29 4 0 13
11:16:59 4 0 14
11:17:30 4 0 14
11:18:00 4 0 13
11:18:30 4 0 13
11:19:00 4 0 13
11:19:30 4 0 14
11:20:01 4 0 14
11:20:32 3 1 13
11:21:01 4 0 14
11:21:31 4 0 14
11:22:01 4 0 13
11:22:31 4 0 14
11:23:01 4 0 13
11:23:31 4 0 14
11:24:02 4 0 13
11:24:32 4 0 14
11:25:02 4 0 13
11:25:32 4 0 13
11:26:02 4 0 14
11:26:32 4 0 13
11:27:02 4 0 13
11:27:33 4 0 13
11:28:03 4 0 15
11:28:33 4 0 15
11:29:03 4 0 13
11:29:33 4 0 14
11:30:03 4 0 14
11:30:33 4 0 13
11:31:03 4 0 14
11:31:33 4 0 13
11:32:03 4 0 13
11:32:34 4 0 14
11:33:04 4 0 15
11:33:35 3 1 13
11:34:04 4 0 16
11:34:35 4 0 40
11:35:05 4 0 13
11:35:35 4 0 13
11:36:05 4 0 13
11:36:36 4 0 13
11:37:06 4 0 13
11:37:37 4 0 13
11:38:07 4 0 13
11:38:37 4 0 15
11:39:07 4 0 14
11:39:37 4 0 13
11:40:07 4 0 13
11:40:38 4 0 27
11:41:08 4 0 14
11:41:38 4 0 14
11:42:08 4 0 14
11:42:38 4 0 13
11:43:08 4 0 14
11:43:38 4 0 13
11:44:09 4 0 16
11:44:39 4 0 13
11:45:09 4 0 13
11:45:40 4 0 13
11:46:11 4 0 16
11:46:42 4 0 13
11:47:12 4 0 14
11:47:42 4 0 17
11:48:12 4 0 13
11:48:42 4 0 13
11:49:12 4 0 14
11:49:43 4 0 13
11:50:13 4 0 13
11:50:43 4 0 13
11:51:14 4 0 17
11:51:45 4 0 13
11:52:15 4 0 14
11:52:45 4 0 18
11:53:15 4 0 13
11:53:45 4 0 14
11:54:15 4 0 14
11:54:46 4 0 15
11:55:16 4 0 13
11:55:47 3 1 13
11:56:16 4 0 14
11:56:46 4 0 14
11:57:16 4 0 13
11:57:47 4 0 13
11:58:17 4 0 13
11:58:47 4 0 13
11:59:17 4 0 13
11:59:47 4 0 15
12:00:17 4 0 13
12:00:47 4 0 13
12:01:18 4 0 13
12:01:48 4 0 13
12:02:18 4 0 13
12:02:48 4 0 13
12:03:18 4 0 13
12:03:48 4 0 13
12:04:18 4 0 13
12:04:48 4 0 13
12:05:18 4 0 13
12:05:49 4 0 13
12:06:20 4 0 13
12:06:50 4 0 13
12:07:20 4 0 14
12:07:50 4 0 14
12:08:20 4 0 13
12:08:50 4 0 14
12:09:21 4 0 14
12:09:51 4 0 14
12:10:21 4 0 13
12:10:51 4 0 13
12:11:22 4 0 13
12:11:52 4 0 13
12:12:22 4 0 13
12:12:52 4 0 13
12:13:22 4 0 13
12:13:52 4 0 13
12:14:22 4 0 13
12:14:53 4 0 13
12:15:23 4 0 13
12:15:53 4 0 15
12:16:23 4 0 13
12:16:54 4 0 14
12:17:24 4 0 13
12:17:55 4 0 13
12:18:25 4 0 13
12:18:55 4 0 14
12:19:25 4 0 13
12:19:55 4 0 14
12:20:25 4 0 13
12:20:56 4 0 13
12:21:26 4 0 13
12:21:56 4 0 15
12:22:26 4 0 13
12:22:56 4 0 13
12:23:26 4 0 13
12:23:56 4 0 15
12:24:26 4 0 13
12:24:57 4 0 14
12:25:27 4 0 13
12:25:57 4 0 13
12:26:27 4 0 13
12:26:57 4 0 14
12:27:27 4 0 14
12:27:58 4 0 13
12:28:28 4 0 13
12:28:58 4 0 13
12:29:28 4 0 13
12:29:58 4 0 13
12:30:28 4 0 13
12:30:58 4 0 13
12:31:28 4 0 13
12:31:59 4 0 13
12:32:29 4 0 13
12:32:59 4 0 13
12:33:29 4 0 14
12:33:59 4 0 13
12:34:29 4 0 13
12:34:59 4 0 13
12:35:29 4 0 13
12:35:59 4 0 13
12:36:30 4 0 14
12:37:00 4 0 13
12:37:30 4 0 14
12:38:00 4 0 13
12:38:30 4 0 13
12:39:00 4 0 14
12:39:30 4 0 13
12:40:01 4 0 14
12:40:31 4 0 13
12:41:01 4 0 13
12:41:31 4 0 14
12:42:01 4 0 13
12:42:31 4 0 14
12:43:01 4 0 13
12:43:31 4 0 13
12:44:01 4 0 13
12:44:31 4 0 14
12:45:02 4 0 15
12:45:32 4 0 14
12:46:02 4 0 14
12:46:32 4 0 42
12:47:02 4 0 13
12:47:32 4 0 15
12:48:02 4 0 13
12:48:32 4 0 13
12:49:02 4 0 14
12:49:33 4 0 13
12:50:03 4 0 13
12:50:33 4 0 13
12:51:04 4 0 13
12:51:34 4 0 14
12:52:04 4 0 14
12:52:34 4 0 13
12:53:04 4 0 13
12:53:34 4 0 14
12:54:04 4 0 14
12:54:34 4 0 13
12:55:05 4 0 16
12:55:35 4 0 14
12:56:05 4 0 16
12:56:35 4 0 14
12:57:05 4 0 13
12:57:35 4 0 14
12:58:06 4 0 13
12:58:36 4 0 14
12:59:06 4 0 14
12:59:36 4 0 32
13:00:06 4 0 13
13:00:36 4 0 14
13:01:06 4 0 15
13:01:36 4 0 15
13:02:07 4 0 15
13:02:37 4 0 13
13:03:07 4 0 40
13:03:37 4 0 14
13:04:07 4 0 13
13:04:37 4 0 14
13:05:07 4 0 13
13:05:37 4 0 14
13:06:07 4 0 13
13:06:37 4 0 13
13:07:08 4 0 14
13:07:38 4 0 13
13:08:08 4 0 13
13:08:38 4 0 15
13:09:08 4 0 13
13:09:38 4 0 15
13:10:08 4 0 14
13:10:38 4 0 13
13:11:08 4 0 13
13:11:38 4 0 13
13:12:09 4 0 13
13:12:39 4 0 13
13:13:09 4 0 13
13:13:39 4 0 14
13:14:09 4 0 14
13:14:39 4 0 14
13:15:09 4 0 15
13:15:39 4 0 13
13:16:09 4 0 14
13:16:39 4 0 14
13:17:10 4 0 13
13:17:40 4 0 13
13:18:10 4 0 13
13:18:40 4 0 14
13:19:10 4 0 14
13:19:40 4 0 14
13:20:10 4 0 14
13:20:40 4 0 14
13:21:10 4 0 13
13:21:41 4 0 15
13:22:11 4 0 13
13:22:41 4 0 15
13:23:11 4 0 13
13:23:41 4 0 14
13:24:12 4 0 14
13:24:42 4 0 14
13:25:12 4 0 13
13:25:42 4 0 14
13:26:12 4 0 15
13:26:42 4 0 14
13:27:12 4 0 13
13:27:42 4 0 15
13:28:13 4 0 14
13:28:43 4 0 14
13:29:13 4 0 14
13:29:43 4 0 15
13:30:14 4 0 15
13:30:44 4 0 13
13:31:14 4 0 14
13:31:44 4 0 14
13:32:15 4 0 13
13:32:45 4 0 13
13:33:15 4 0 16
13:33:45 4 0 15
13:34:16 4 0 13
13:34:46 4 0 13
13:35:16 4 0 13
13:35:46 4 0 38
13:36:16 4 0 13
13:36:46 4 0 13
13:37:16 4 0 13
13:37:46 4 0 14
13:38:17 4 0 13
13:38:47 4 0 13
13:39:17 4 0 13
13:39:47 4 0 14
13:40:17 4 0 14
13:40:47 4 0 13
13:41:17 4 0 13
13:41:47 4 0 13
13:42:18 4 0 35
13:42:48 4 0 42
13:43:19 4 0 13
13:43:49 4 0 13
13:44:19 4 0 14
13:44:49 4 0 13
13:45:19 4 0 13
13:45:49 4 0 13
13:46:19 4 0 14
13:46:50 4 0 13
13:47:21 4 0 13
13:47:51 4 0 47
13:48:21 4 0 13
13:48:51 4 0 13
13:49:21 4 0 13
13:49:51 4 0 13
13:50:21 4 0 13
13:50:51 4 0 13
13:51:22 4 0 15
13:51:53 4 0 14
13:52:23 4 0 13
13:52:53 4 0 13
13:53:23 4 0 15
13:53:53 4 0 13
13:54:23 4 0 13
13:54:53 4 0 14
13:55:24 4 0 13
13:55:54 4 0 13
13:56:24 4 0 13
13:56:54 4 0 21
13:57:24 4 0 15
13:57:54 4 0 13
13:58:24 4 0 17
13:58:54 4 0 13
13:59:25 4 0 15
13:59:55 4 0 13
14:00:25 4 0 15
14:00:55 4 0 13
14:01:25 4 0 23
14:01:55 4 0 15
14:02:25 4 0 13
14:02:55 4 0 13
14:03:25 4 0 13
14:03:55 4 0 13
14:04:26 4 0 50
14:04:56 4 0 13
14:05:26 4 0 14
14:05:56 4 0 13
14:06:26 4 0 16
14:06:57 4 0 14
14:07:27 4 0 14
14:07:57 4 0 13
14:08:27 4 0 40
14:08:57 4 0 14
14:09:28 4 0 14
14:09:58 4 0 13
14:10:28 4 0 15
14:10:58 4 0 13
14:11:28 4 0 14
14:11:58 4 0 14
14:12:28 4 0 14
14:12:58 4 0 14
14:13:29 4 0 14
14:13:59 4 0 13
14:14:29 4 0 13
14:14:59 4 0 13
14:15:29 4 0 13
14:15:59 4 0 15
14:16:30 4 0 13
14:17:00 4 0 14
14:17:30 4 0 14
14:18:00 4 0 14
14:18:30 4 0 13
14:19:00 4 0 13
14:19:31 4 0 32
14:20:01 4 0 13
14:20:31 4 0 14
14:21:01 4 0 14
14:21:31 4 0 14
14:22:01 4 0 14
14:22:31 4 0 14
14:23:01 4 0 14
14:23:31 4 0 14
14:24:01 4 0 15
14:24:32 4 0 14
14:25:02 4 0 13
14:25:33 4 0 14
14:26:03 4 0 13
14:26:33 4 0 13
14:27:03 4 0 15
14:27:34 4 0 13
14:28:04 4 0 13
14:28:35 3 1 13
14:29:04 4 0 13
14:29:34 4 0 14
14:30:04 4 0 13
14:30:34 4 0 14
14:31:04 4 0 14
14:31:35 4 0 13
14:32:05 4 0 13
14:32:35 4 0 13
14:33:05 4 0 15
14:33:35 4 0 14
14:34:05 4 0 16
14:34:36 4 0 13
14:35:06 4 0 13
14:35:36 4 0 14
14:36:06 4 0 13
14:36:37 4 0 13
14:37:07 4 0 13
14:37:38 4 0 14
14:38:08 4 0 13
14:38:39 4 0 13
14:39:09 4 0 14
14:39:39 4 0 13
14:40:09 4 0 13
14:40:39 4 0 16
14:41:09 4 0 14
14:41:40 4 0 13
14:42:10 4 0 13
14:42:40 4 0 14
14:43:10 4 0 13
14:43:41 4 0 14
14:44:13 2 2 13
14:44:42 3 1 14
14:45:11 4 0 14
14:45:42 4 0 13
14:46:12 4 0 14
14:46:42 4 0 13
14:47:12 4 0 15
14:47:42 4 0 13
14:48:12 4 0 13
14:48:43 4 0 13
14:49:13 4 0 14
14:49:43 4 0 14
14:50:13 4 0 13
14:50:43 4 0 13
14:51:16 2 2 16
14:51:46 2 2 13
14:52:14 4 0 14
14:52:47 1 3 13
14:53:14 4 0 16
14:53:44 4 0 13
14:54:14 4 0 14
14:54:45 4 0 13
14:55:15 4 0 14
14:55:45 4 0 14
14:56:15 4 0 13
14:56:45 4 0 13
14:57:15 4 0 13
14:57:45 4 0 13
14:58:15 4 0 15
14:58:46 4 0 14
14:59:16 4 0 13
14:59:46 4 0 13
15:00:16 4 0 13
15:00:46 4 0 18
15:01:16 4 0 13
15:01:46 4 0 13
15:02:16 4 0 14
15:02:46 4 0 13
15:03:16 4 0 13
15:03:47 4 0 14
15:04:17 4 0 13
15:04:47 4 0 14
15:05:17 4 0 15
15:05:47 4 0 14
15:06:17 4 0 13
15:06:47 4 0 13
15:07:17 4 0 13
15:07:48 4 0 14
15:08:18 4 0 14
15:08:49 3 1 14
15:09:18 4 0 13
15:09:48 4 0 14
15:10:18 4 0 14
15:10:49 3 1 13
15:11:19 4 0 27
15:11:48 4 0 13
15:12:19 4 0 15
15:12:49 4 0 13
15:13:19 4 0 14
15:13:49 4 0 14
15:14:19 4 0 13
15:14:49 4 0 14
15:15:19 4 0 13
15:15:50 4 0 14
15:16:20 4 0 13
15:16:50 4 0 15
15:17:20 4 0 13
15:17:50 4 0 14
15:18:20 4 0 15
15:18:50 4 0 15
15:19:20 4 0 13
15:19:50 4 0 14
15:20:21 4 0 13
15:20:51 4 0 14
15:21:21 4 0 15
15:21:51 4 0 14
15:22:21 4 0 15
15:22:51 4 0 14
15:23:21 4 0 13
15:23:51 4 0 13
15:24:21 4 0 13
15:24:51 4 0 14
15:25:22 4 0 14
15:25:52 4 0 13
15:26:22 4 0 14
15:26:52 4 0 14
15:27:22 4 0 13
15:27:52 4 0 43
15:28:22 4 0 14
15:28:52 4 0 13
15:29:22 4 0 22
15:29:53 4 0 13
15:30:23 4 0 14
15:30:53 4 0 15
15:31:23 4 0 15
15:31:54 4 0 14
15:32:24 4 0 14
15:32:54 4 0 13
15:33:24 4 0 13
15:33:54 4 0 14
15:34:24 4 0 13
15:34:54 4 0 13
15:35:24 4 0 14
15:35:54 4 0 14
15:36:24 4 0 14
15:36:55 4 0 15
15:37:26 3 1 15
15:37:55 4 0 13
15:38:25 4 0 14
15:38:55 4 0 13
15:39:25 4 0 15
15:39:55 4 0 13
15:40:25 4 0 13
15:40:55 4 0 13
15:41:25 4 0 13
15:41:56 4 0 13
15:42:26 4 0 13
15:42:56 4 0 14
15:43:26 4 0 14
15:43:56 4 0 14
15:44:26 4 0 14
15:44:56 4 0 13
15:45:26 4 0 15
15:45:57 4 0 14
15:46:27 4 0 13
15:46:57 4 0 17
15:47:27 4 0 13
15:47:57 4 0 14
15:48:27 4 0 14
15:48:57 4 0 14
15:49:27 4 0 13
15:49:58 4 0 16
15:50:28 4 0 13
15:50:58 4 0 13
15:51:28 4 0 13
15:51:58 4 0 14
15:52:28 4 0 14
15:52:59 4 0 17
15:53:29 4 0 15
15:53:59 4 0 14
15:54:29 4 0 13
15:54:59 4 0 15
15:55:30 3 1 13
15:55:59 4 0 14
15:56:29 4 0 13
15:56:59 4 0 13
15:57:30 4 0 14
15:58:00 4 0 13
15:58:30 4 0 14
15:59:00 4 0 14
15:59:30 4 0 16
16:00:00 4 0 13
16:00:30 4 0 13
16:01:00 4 0 14
16:01:30 4 0 13
16:02:01 4 0 14
16:02:31 4 0 14
16:03:01 4 0 13
16:03:31 4 0 13
16:04:01 4 0 14
16:04:31 4 0 13
16:05:01 4 0 13
16:05:32 3 1 13
16:06:01 4 0 13
16:06:32 4 0 14
16:07:02 4 0 14
16:07:32 4 0 15
16:08:02 4 0 18
16:08:32 4 0 13
16:09:02 4 0 13
16:09:32 4 0 14
16:10:02 4 0 15
16:10:32 4 0 13
16:11:03 4 0 37
16:11:33 4 0 13
16:12:03 4 0 34
16:12:33 4 0 13
16:13:04 3 1 15
16:13:33 4 0 15
16:14:04 3 1 13
16:14:34 3 1 13
16:15:04 4 0 13
16:15:34 4 0 15
16:16:04 4 0 14
16:16:34 4 0 14
16:17:04 4 0 15
16:17:34 4 0 15
16:18:04 4 0 15
16:18:34 4 0 14
16:19:04 4 0 31
16:19:34 4 0 14
16:20:06 3 1 69
16:20:35 4 0 62
16:21:05 4 0 14
16:21:35 4 0 14
16:22:05 4 0 13
16:22:35 4 0 15
16:23:05 4 0 13
16:23:36 3 1 13
16:24:05 4 0 14
16:24:36 4 0 13
16:25:06 4 0 13
16:25:36 4 0 15
16:26:06 4 0 14
16:26:36 4 0 15
16:27:06 4 0 13
16:27:36 4 0 14
16:28:06 4 0 14
16:28:36 4 0 14
16:29:07 4 0 13
16:29:37 4 0 13
16:30:07 4 0 13
16:30:37 4 0 14
16:31:07 4 0 13
16:31:37 4 0 13
16:32:07 4 0 13
16:32:38 4 0 15
16:33:08 4 0 13
16:33:38 4 0 15
16:34:09 4 0 13
16:34:39 4 0 13
16:35:09 4 0 13
16:35:39 4 0 14
16:36:09 4 0 13
16:36:39 4 0 14
16:37:09 4 0 14
16:37:39 4 0 13
16:38:09 4 0 13
16:38:39 4 0 13
16:39:10 4 0 13
16:39:40 4 0 13
16:40:10 4 0 13
16:40:40 4 0 13
16:41:10 4 0 14
16:41:40 4 0 13
16:42:10 4 0 14
16:42:41 4 0 13
16:43:11 4 0 14
16:43:41 4 0 14
16:44:11 4 0 13
16:44:41 4 0 13
16:45:11 4 0 13
16:45:41 4 0 13
16:46:11 4 0 14
16:46:42 3 1 15
16:47:11 4 0 13
16:47:41 4 0 13
16:48:12 4 0 13
16:48:42 4 0 14
16:49:12 4 0 15
16:49:42 4 0 13
16:50:12 4 0 13
16:50:42 4 0 15
16:51:12 4 0 35
16:51:42 4 0 13
16:52:12 4 0 16
16:52:43 4 0 13
16:53:13 4 0 15
16:53:43 4 0 13
16:54:13 4 0 14
16:54:43 4 0 13
16:55:13 4 0 14
16:55:43 4 0 13
16:56:14 4 0 14
16:56:44 4 0 14
16:57:14 4 0 13
16:57:44 4 0 14
16:58:14 4 0 13
16:58:44 4 0 16
16:59:14 4 0 13
16:59:44 4 0 13
17:00:15 4 0 19
17:00:45 4 0 13
17:01:15 4 0 14
17:01:45 4 0 14
17:02:15 4 0 56
17:02:46 4 0 13
17:03:17 3 1 13
17:03:46 4 0 43
17:04:16 4 0 13
17:04:46 4 0 13
17:05:16 4 0 13
17:05:47 3 1 16
17:06:17 4 0 13
17:06:49 2 2 18
17:07:17 4 0 15
17:07:47 4 0 14
17:08:17 4 0 14
17:08:47 4 0 15
17:09:17 4 0 16
17:09:47 4 0 13
17:10:17 4 0 14
17:10:48 4 0 13
17:11:18 4 0 14
17:11:48 4 0 13
17:12:18 4 0 15
17:12:48 4 0 13
17:13:18 4 0 14
17:13:48 4 0 15
17:14:18 4 0 13
17:14:48 4 0 13
17:15:20 3 1 13
17:15:49 4 0 13
17:16:19 4 0 13
17:16:50 3 1 13
17:17:19 4 0 13
17:17:49 4 0 14
17:18:19 4 0 13
17:18:49 4 0 14
17:19:20 4 0 14
17:19:50 4 0 13
17:20:20 4 0 20
17:20:50 4 0 14
17:21:20 4 0 15
17:21:50 4 0 13
17:22:20 4 0 13
17:22:51 4 0 13
17:23:22 4 0 13
17:23:52 4 0 33
17:24:22 4 0 16
17:24:52 4 0 13
17:25:22 4 0 13
17:25:52 4 0 14
17:26:23 4 0 13
17:26:53 4 0 13
17:27:23 4 0 13
17:27:53 4 0 13
17:28:23 4 0 14
17:28:53 4 0 14
17:29:24 4 0 14
17:29:54 4 0 13
17:30:24 4 0 13
17:30:54 4 0 13
17:31:24 4 0 13
17:31:54 4 0 14
17:32:24 4 0 14
17:32:54 4 0 14
17:33:25 4 0 13
17:33:55 4 0 14
17:34:25 4 0 30
17:34:55 4 0 14
17:35:26 3 1 13
17:35:55 4 0 13
17:36:25 4 0 14
17:36:56 4 0 17
17:37:26 4 0 14
17:37:56 4 0 13
17:38:26 4 0 15
17:38:56 4 0 13
17:39:28 3 1 13
17:39:57 4 0 13
17:40:27 4 0 15
17:40:57 4 0 16
17:41:28 3 1 13
17:41:57 4 0 13
17:42:28 4 0 16
17:42:58 4 0 14
17:43:28 4 0 14
17:43:58 4 0 14
17:44:29 4 0 13
17:44:59 4 0 13
17:45:29 4 0 16
17:45:59 4 0 13
17:46:29 4 0 14
17:46:59 4 0 14
17:47:30 4 0 23
17:48:00 4 0 13
17:48:30 4 0 14
17:49:00 4 0 13
17:49:30 4 0 13
17:50:00 4 0 13
17:50:30 4 0 14
17:51:00 4 0 13
17:51:31 4 0 15
17:52:01 4 0 13
17:52:31 4 0 14
17:53:01 4 0 13
17:53:31 4 0 14
17:54:01 4 0 15
17:54:31 4 0 16
17:55:01 4 0 14
17:55:32 4 0 13
17:56:02 4 0 13
17:56:32 4 0 15
17:57:02 4 0 14
17:57:32 4 0 13
17:58:02 4 0 16
17:58:32 4 0 17
17:59:02 4 0 13
17:59:33 4 0 14
18:00:03 4 0 15
18:00:33 4 0 14
18:01:03 4 0 14
18:01:33 4 0 16
18:02:03 4 0 16
18:02:35 3 1 13
18:03:04 4 0 15
18:03:35 4 0 13
18:04:05 4 0 14
18:04:35 4 0 13
18:05:05 4 0 13
18:05:35 4 0 14
18:06:05 4 0 15
18:06:35 4 0 13
18:07:05 4 0 14
18:07:36 4 0 14
18:08:06 4 0 13
18:08:36 4 0 14
18:09:06 4 0 14
18:09:36 4 0 14
18:10:06 4 0 14
18:10:36 4 0 13
18:11:06 4 0 15
18:11:37 4 0 13
18:12:07 4 0 13
18:12:37 4 0 14
18:13:07 4 0 13
18:13:37 4 0 14
18:14:07 4 0 14
18:14:37 4 0 15
18:15:07 4 0 14
18:15:38 4 0 13
18:16:08 4 0 13
18:16:38 4 0 14
18:17:08 4 0 13
18:17:38 4 0 13
18:18:08 4 0 14
18:18:38 4 0 13
18:19:08 4 0 14
18:19:39 4 0 14
18:20:10 3 1 13
18:20:39 4 0 13
18:21:09 4 0 13
18:21:39 4 0 14
18:22:09 4 0 14
18:22:40 4 0 13
18:23:11 4 0 14
18:23:41 4 0 13
18:24:11 4 0 13
18:24:41 4 0 14
18:25:11 4 0 13
18:25:41 4 0 14
18:26:11 4 0 13
18:26:42 4 0 13
18:27:12 4 0 15
18:27:42 4 0 13
18:28:12 4 0 13
18:28:42 4 0 14
18:29:13 4 0 14
18:29:43 4 0 13
18:30:13 4 0 18
18:30:43 4 0 16
18:31:13 4 0 16
18:31:44 4 0 13
18:32:14 4 0 13
18:32:44 4 0 13
18:33:14 4 0 13
18:33:45 4 0 13
18:34:15 4 0 13
18:34:45 4 0 14
18:35:15 4 0 14
18:35:45 4 0 13
18:36:15 4 0 13
18:36:46 4 0 15
18:37:16 4 0 15
18:37:46 4 0 13
18:38:16 4 0 13
18:38:46 4 0 13
18:39:16 4 0 13
18:39:46 4 0 13
18:40:16 4 0 14
18:40:47 4 0 13
18:41:17 4 0 13
18:41:47 4 0 14
18:42:17 4 0 15
18:42:47 4 0 14
18:43:17 4 0 16
18:43:47 4 0 13
18:44:17 4 0 14
18:44:47 4 0 15
18:45:17 4 0 13
18:45:48 4 0 13
18:46:18 4 0 13
18:46:48 4 0 13
18:47:18 4 0 13
18:47:48 4 0 13
18:48:19 3 1 41
18:48:48 4 0 13
18:49:19 4 0 14
18:49:49 4 0 17
18:50:19 4 0 13
18:50:49 4 0 14
18:51:19 4 0 13
18:51:49 4 0 13
18:52:19 4 0 14
18:52:49 4 0 16
18:53:20 4 0 13
18:53:50 4 0 16
18:54:21 4 0 13
18:54:51 4 0 13
18:55:21 4 0 15
18:55:52 3 1 30
18:56:21 4 0 14
18:56:51 4 0 14
18:57:21 4 0 13
18:57:51 4 0 14
18:58:21 4 0 13
18:58:52 4 0 13
18:59:22 4 0 15
18:59:52 4 0 13
19:00:22 4 0 15
19:00:52 4 0 13
19:01:22 4 0 15
19:01:52 4 0 14
19:02:22 4 0 15
19:02:53 4 0 13
19:03:23 4 0 15
19:03:53 4 0 13
19:04:23 4 0 14
19:04:53 4 0 13
19:05:23 4 0 13
19:05:53 4 0 13
19:06:23 4 0 15
19:06:53 4 0 13
19:07:23 4 0 13
19:07:54 4 0 13
19:08:24 4 0 13
19:08:54 4 0 14
19:09:24 4 0 13
19:09:54 4 0 13
19:10:24 4 0 13
19:10:54 4 0 13
19:11:24 4 0 15
19:11:55 4 0 14
19:12:25 4 0 15
19:12:55 4 0 13
19:13:25 4 0 13
19:13:55 4 0 13
19:14:25 4 0 15
19:14:55 4 0 13
19:15:25 4 0 13
19:15:56 4 0 13
19:16:26 4 0 14
19:16:56 4 0 13
19:17:26 4 0 14
19:17:56 4 0 13
19:18:26 4 0 13
19:18:56 4 0 17
19:19:26 4 0 14
19:19:56 4 0 13
19:20:26 4 0 13
19:20:57 4 0 13
19:21:27 4 0 13
19:21:57 4 0 16
19:22:27 4 0 14
19:22:57 4 0 14
19:23:27 4 0 13
19:23:57 4 0 15
19:24:27 4 0 14
19:24:57 4 0 13
19:25:27 4 0 14
19:25:58 4 0 14
19:26:28 4 0 13
19:26:58 4 0 13
19:27:28 4 0 13
19:27:58 4 0 15
19:28:28 4 0 16
19:28:58 4 0 18
19:29:28 4 0 13
19:29:58 4 0 13
19:30:28 4 0 14
19:30:59 4 0 17
19:31:29 4 0 13
19:31:59 4 0 14
19:32:30 3 1 15
19:32:59 4 0 14
19:33:29 4 0 13
19:34:00 4 0 13
19:34:30 4 0 13
19:35:00 4 0 16
19:35:30 4 0 13
19:36:00 4 0 35
19:36:30 4 0 18
19:37:00 4 0 14
19:37:30 4 0 15
19:38:01 4 0 14
19:38:31 4 0 14
19:39:01 4 0 14
19:39:31 4 0 15
19:40:01 4 0 14
19:40:31 4 0 14
19:41:01 4 0 13
19:41:31 4 0 13
19:42:02 4 0 13
19:42:32 4 0 16
19:43:02 4 0 13
19:43:32 4 0 13
19:44:02 4 0 14
19:44:32 4 0 13
19:45:02 4 0 16
19:45:32 4 0 15
19:46:02 4 0 13
19:46:32 4 0 14
19:47:03 4 0 13
19:47:33 4 0 14
19:48:03 4 0 16
19:48:33 4 0 16
19:49:03 4 0 16
19:49:33 4 0 13
19:50:03 4 0 13
19:50:33 4 0 14
19:51:03 4 0 14
19:51:33 4 0 13
19:52:04 4 0 15
19:52:34 4 0 14
19:53:04 4 0 15
19:53:34 4 0 14
19:54:04 4 0 16
19:54:34 4 0 13
19:55:04 4 0 16
19:55:34 4 0 14
19:56:04 4 0 13
19:56:34 4 0 13
19:57:05 4 0 15
19:57:35 4 0 14
19:58:05 4 0 13
19:58:35 4 0 14
19:59:05 4 0 15
19:59:35 4 0 13
20:00:05 4 0 13
20:00:35 4 0 14
20:01:06 4 0 13
20:01:36 4 0 19
20:02:06 4 0 17
20:02:36 4 0 13
20:03:06 4 0 14
20:03:36 4 0 13
20:04:06 4 0 14
20:04:36 4 0 14
20:05:06 4 0 15
20:05:36 4 0 13
20:06:07 4 0 13
20:06:37 4 0 13
20:07:08 3 1 15
20:07:37 4 0 15
20:08:07 4 0 14
20:08:37 4 0 14
20:09:07 4 0 13
20:09:38 3 1 13
20:10:07 4 0 15
20:10:37 4 0 13
20:11:08 4 0 13
20:11:38 4 0 13
20:12:08 4 0 14
20:12:38 4 0 15
20:13:08 4 0 14
20:13:38 4 0 14
20:14:08 4 0 13
20:14:38 4 0 13
20:15:08 4 0 13
20:15:39 4 0 46
20:16:09 4 0 13
20:16:39 4 0 13
20:17:09 4 0 17
20:17:39 4 0 13
20:18:09 4 0 14
20:18:39 4 0 13
20:19:09 4 0 13
20:19:39 4 0 13
20:20:10 4 0 13
20:20:40 4 0 14
20:21:10 4 0 13
20:21:40 4 0 16
20:22:10 4 0 13
20:22:40 4 0 14
20:23:10 4 0 13
20:23:40 4 0 13
20:24:11 4 0 13
20:24:41 4 0 13
20:25:11 4 0 14
20:25:41 4 0 17
20:26:11 4 0 15
20:26:41 4 0 14
20:27:11 4 0 17
20:27:41 4 0 16
20:28:12 4 0 17
20:28:42 4 0 16
20:29:12 4 0 13
20:29:42 4 0 15
20:30:12 4 0 14
20:30:42 4 0 13
20:31:12 4 0 15
20:31:42 4 0 13
20:32:12 4 0 14
20:32:42 4 0 13
20:33:13 4 0 14
20:33:43 4 0 14
20:34:13 4 0 13
20:34:43 4 0 14
20:35:13 4 0 14
20:35:43 4 0 13
20:36:13 4 0 16
20:36:43 4 0 13
20:37:13 4 0 13
20:37:43 4 0 15
20:38:14 4 0 13
20:38:44 4 0 13
20:39:14 4 0 14
20:39:44 4 0 15
20:40:14 4 0 16
20:40:44 4 0 15
20:41:14 4 0 21
20:41:44 4 0 14
20:42:14 4 0 16
20:42:44 4 0 13
20:43:15 4 0 14
20:43:45 4 0 14
20:44:15 4 0 13
20:44:45 4 0 16
20:45:17 2 2 13
20:45:45 4 0 13
20:46:15 4 0 15
20:46:46 4 0 16
20:47:16 4 0 14
20:47:46 4 0 13
20:48:16 4 0 17
20:48:46 4 0 14
20:49:16 4 0 13
20:49:46 4 0 14
20:50:16 4 0 15
20:50:46 4 0 13
20:51:16 4 0 14
20:51:46 4 0 13
20:52:17 4 0 14
20:52:47 4 0 14
20:53:17 4 0 13
20:53:47 4 0 17
20:54:17 4 0 14
20:54:47 4 0 15
20:55:17 4 0 14
20:55:47 4 0 14
20:56:17 4 0 14
20:56:47 4 0 14
20:57:18 4 0 13
20:57:48 4 0 14
20:58:18 4 0 13
20:58:48 4 0 13
20:59:18 4 0 13
20:59:48 4 0 13
21:00:18 4 0 13
21:00:48 4 0 13
21:01:19 4 0 13
21:01:49 4 0 14
21:02:19 4 0 14
21:02:49 4 0 13
21:03:19 4 0 14
21:03:49 4 0 48
21:04:19 4 0 15
21:04:49 4 0 13
21:05:19 4 0 13
21:05:49 4 0 13
21:06:20 4 0 15
21:06:50 4 0 13
21:07:21 4 0 19
21:07:51 4 0 14
21:08:21 4 0 13
21:08:51 4 0 14
21:09:21 4 0 13
21:09:51 4 0 14
21:10:21 4 0 14
21:10:51 4 0 13
21:11:21 4 0 13
21:11:51 4 0 14
21:12:22 4 0 14
21:12:52 4 0 14
21:13:22 4 0 13
21:13:52 4 0 13
21:14:22 4 0 14
21:14:52 4 0 14
21:15:22 4 0 13
21:15:52 4 0 14
21:16:22 4 0 13
21:16:52 4 0 15
21:17:23 4 0 14
21:17:53 4 0 14
21:18:23 4 0 14
21:18:53 4 0 13
21:19:24 4 0 14
21:19:54 4 0 14
21:20:24 4 0 15
21:20:54 4 0 13
21:21:24 4 0 13
21:21:54 4 0 13
21:22:24 4 0 16
21:22:54 4 0 14
21:23:24 4 0 13
21:23:54 4 0 17
21:24:25 4 0 14
21:24:55 4 0 13
21:25:25 4 0 14
21:25:55 4 0 14
21:26:25 4 0 13
21:26:56 4 0 17
21:27:26 4 0 39
21:27:56 4 0 13
21:28:27 4 0 16
21:28:57 4 0 15
21:29:27 4 0 14
21:29:57 4 0 13
21:30:27 4 0 14
21:30:57 4 0 14
21:31:27 4 0 13
21:31:57 4 0 13
21:32:27 4 0 13
21:32:57 4 0 13
21:33:28 4 0 13
21:33:58 4 0 14
21:34:28 4 0 13
21:34:58 4 0 13
21:35:28 4 0 13
21:35:58 4 0 13
21:36:28 4 0 13
21:36:58 4 0 16
21:37:28 4 0 14
21:37:58 4 0 14
21:38:29 4 0 13
21:38:59 4 0 13
21:39:29 4 0 13
21:39:59 4 0 15
21:40:29 4 0 13
21:40:59 4 0 15
21:41:29 4 0 13
21:41:59 4 0 13
21:42:30 4 0 15
21:43:00 4 0 13
21:43:30 4 0 13
21:44:00 4 0 18
21:44:30 4 0 16
21:45:00 4 0 13
21:45:30 4 0 14
21:46:00 4 0 14
21:46:31 4 0 13
21:47:01 4 0 14
21:47:31 4 0 16
21:48:01 4 0 13
21:48:31 4 0 14
21:49:01 4 0 14
21:49:31 4 0 13
21:50:01 4 0 13
21:50:32 4 0 13
21:51:02 4 0 13
21:51:32 4 0 13
21:52:02 4 0 13
21:52:32 4 0 13
21:53:02 4 0 14
21:53:32 4 0 13
21:54:02 4 0 15
21:54:32 4 0 15
21:55:02 4 0 13
21:55:33 4 0 13
21:56:03 4 0 14
21:56:33 4 0 14
21:57:03 4 0 14
21:57:33 4 0 15
21:58:03 4 0 13
21:58:33 4 0 18
21:59:03 4 0 13
21:59:34 4 0 14
22:00:04 4 0 14
22:00:34 4 0 13
22:01:04 4 0 13
22:01:34 4 0 13
22:02:04 4 0 45
22:02:34 4 0 13
22:03:04 4 0 18
22:03:35 4 0 13
22:04:05 4 0 14
22:04:35 4 0 13
22:05:05 4 0 13
22:05:35 4 0 15
22:06:05 4 0 13
22:06:36 4 0 14
22:07:07 4 0 14
22:07:37 4 0 13
22:08:07 4 0 13
22:08:37 4 0 13
22:09:07 4 0 13
22:09:37 4 0 13
22:10:07 4 0 13
22:10:37 4 0 13
22:11:07 4 0 13
22:11:38 4 0 13
22:12:08 4 0 14
22:12:38 4 0 13
22:13:08 4 0 14
22:13:38 4 0 13
22:14:08 4 0 13
22:14:38 4 0 13
22:15:08 4 0 13
22:15:39 4 0 13
22:16:09 4 0 14
22:16:39 4 0 16
22:17:09 4 0 17
22:17:39 4 0 14
22:18:09 4 0 13
22:18:39 4 0 14
22:19:09 4 0 13
22:19:40 4 0 13
22:20:10 4 0 13
22:20:40 4 0 13
22:21:10 4 0 13
22:21:40 4 0 16
22:22:10 4 0 14
22:22:40 4 0 13
22:23:10 4 0 14
22:23:41 4 0 14
22:24:11 4 0 14
22:24:41 4 0 15
22:25:11 4 0 14
22:25:41 4 0 17
22:26:11 4 0 13
22:26:41 4 0 14
22:27:11 4 0 13
22:27:42 4 0 15
22:28:12 4 0 14
22:28:42 4 0 14
22:29:12 4 0 13
22:29:42 4 0 15
22:30:12 4 0 14
22:30:42 4 0 14
22:31:12 4 0 13
22:31:43 4 0 15
22:32:13 4 0 16
22:32:43 4 0 14
22:33:13 4 0 14
22:33:43 4 0 15
22:34:13 4 0 14
22:34:43 4 0 13
22:35:13 4 0 13
22:35:44 4 0 15
22:36:14 4 0 14
22:36:44 4 0 49
22:37:14 4 0 13
22:37:44 4 0 13
22:38:14 4 0 13
22:38:45 4 0 14
22:39:15 4 0 13
22:39:45 4 0 13
22:40:15 4 0 13
22:40:45 4 0 14
22:41:15 4 0 42
22:41:45 4 0 13
22:42:15 4 0 14
22:42:46 4 0 13
22:43:16 4 0 14
22:43:46 4 0 13
22:44:16 4 0 15
22:44:46 4 0 16
22:45:16 4 0 14
22:45:46 4 0 13
22:46:16 4 0 13
22:46:47 4 0 14
22:47:17 4 0 14
22:47:47 4 0 14
22:48:17 4 0 13
22:48:47 4 0 14
22:49:17 4 0 14
22:49:47 4 0 13
22:50:17 4 0 13
22:50:48 4 0 13
22:51:18 4 0 13
22:51:48 4 0 14
22:52:18 4 0 13
22:52:48 4 0 13
22:53:18 4 0 16
22:53:48 4 0 13
22:54:18 4 0 14
22:54:49 4 0 47
22:55:19 4 0 15
22:55:49 4 0 14
22:56:20 3 1 15
22:56:49 4 0 13
22:57:22 1 3 13
22:57:50 3 1 14
22:58:19 4 0 13
22:58:51 3 1 17
22:59:20 4 0 14
22:59:50 4 0 23
23:00:20 4 0 13
23:00:50 4 0 14
23:01:20 4 0 13
23:01:51 4 0 14
23:02:21 4 0 13
23:02:51 4 0 18
23:03:21 4 0 18
23:03:51 4 0 13
23:04:21 4 0 14
23:04:51 4 0 14
23:05:21 4 0 14
23:05:52 4 0 13
23:06:22 4 0 13
23:06:52 4 0 13
23:07:22 4 0 14
23:07:52 4 0 60
23:08:22 4 0 14
23:08:52 4 0 13
23:09:22 4 0 15
23:09:53 4 0 14
23:10:23 4 0 14
23:10:53 4 0 14
23:11:23 4 0 13
23:11:53 4 0 14
23:12:23 4 0 14
23:12:53 4 0 13
23:13:23 4 0 13
23:13:54 4 0 13
23:14:24 4 0 13
23:14:54 4 0 14
23:15:24 4 0 13
23:15:54 4 0 17
23:16:24 4 0 14
23:16:54 4 0 34
23:17:24 4 0 13
23:17:55 4 0 13
23:18:25 4 0 13
23:18:55 4 0 13
23:19:26 3 1 16
23:19:55 4 0 16
23:20:25 4 0 13
23:20:55 4 0 17
23:21:25 4 0 14
23:21:56 4 0 13
23:22:26 4 0 14
23:22:56 4 0 14
23:23:26 4 0 14
23:23:56 4 0 13
23:24:26 4 0 13
23:24:56 4 0 13
23:25:26 4 0 13
23:25:57 4 0 16
23:26:27 4 0 13
23:26:57 4 0 14
23:27:27 4 0 14
23:27:57 4 0 14
23:28:27 4 0 13
23:28:57 4 0 14
23:29:27 4 0 15
23:29:58 4 0 13
23:30:28 4 0 14
23:30:58 4 0 13
23:31:28 4 0 13
23:31:58 4 0 16
23:32:28 4 0 14
23:32:59 4 0 13
23:33:29 4 0 13
23:33:59 4 0 13
23:34:29 4 0 14
23:34:59 4 0 13
23:35:29 4 0 16
23:35:59 4 0 14
23:36:29 4 0 13
23:37:00 4 0 15
23:37:30 4 0 13
23:38:00 4 0 14
23:38:30 4 0 14
23:39:00 4 0 16
23:39:30 4 0 13
23:40:00 4 0 13
23:40:30 4 0 13
23:41:01 4 0 14
23:41:31 4 0 15
23:42:01 4 0 14
23:42:31 4 0 13
23:43:02 4 0 13
23:43:32 4 0 14
23:44:02 4 0 13
23:44:32 4 0 13
23:45:02 4 0 13
23:45:32 4 0 14
23:46:03 4 0 13
23:46:33 4 0 13
23:47:03 4 0 13
23:47:33 4 0 13
23:48:04 4 0 13
23:48:34 4 0 13
23:49:05 4 0 13
23:49:35 4 0 13
23:50:05 4 0 14
23:50:35 4 0 13
23:51:06 4 0 13
23:51:36 4 0 13
23:52:06 4 0 14
23:52:37 4 0 13
23:53:08 4 0 13
23:53:38 4 0 14
23:54:08 4 0 13
23:54:38 4 0 13
23:55:09 4 0 14
23:55:39 4 0 13
23:56:10 4 0 13
23:56:41 4 0 13
23:57:12 4 0 13
23:57:42 4 0 13
23:58:13 4 0 15
23:58:43 4 0 13
23:59:13 4 0 16
23:59:47 4 0 13
