00:01:19 69560 7301
00:02:39 17752 6246
00:03:24 45644 4908
00:04:18 4002 3566
00:05:19 69627 6163
00:06:19 56829 5996
00:07:20 37596 5472
00:08:21 596946 33662
02:00:05 -1 -1
02:01:07 22080 3675
02:02:11 11204 5221
02:03:08 35540 8426
02:04:08 73750 10001
02:05:09 13287 6339
02:06:09 49003 7674
02:07:10 76513 8154
02:08:10 93188 10833
02:09:11 55680 7046
02:10:11 75410 6600
02:11:11 16337 3490
02:12:12 16673 5113
02:13:12 3072 3942
02:14:13 65688 9635
02:15:13 74420 11658
02:16:13 39805 4592
02:17:14 814 2397
02:18:14 40675 3806
02:19:15 26400 6391
02:20:15 10538 5600
02:21:16 78190 5635
02:22:16 40427 5039
02:23:17 52908 6248
02:24:17 326090 10600
02:25:18 1742 18023
02:26:18 34083 15846
02:27:18 11266 30199
02:28:19 30578 4030
02:29:19 15727 3468
02:30:19 80145 7882
02:31:20 4119 6165
02:32:20 49968 4619
02:33:21 206819 14583
02:34:21 47519 10117
02:35:21 25723 5888
02:36:22 48417 4828
02:37:22 39372 5641
02:38:23 72351 18108
02:39:23 21486 7109
02:40:24 25993 5441
02:41:24 3758 4980
02:42:24 10415 5778
02:43:25 187421 12002
02:44:25 18266 5268
02:45:25 75235 5435
02:46:26 1743 2264
02:47:26 99030 7211
02:48:26 36317 7438
02:49:27 36130 13963
02:50:27 2927 6099
02:51:28 11336 5048
02:52:31 2239 5571
02:53:29 38966 5901
02:54:29 19379 5957
02:55:29 84946 6759
02:56:30 48079 6249
02:57:30 32096 4775
02:58:31 38681 4521
02:59:31 60509 8769
03:00:31 22860 6328
03:01:32 2278 5877
03:02:32 3965 6837
03:03:33 23107 5292
03:04:33 39263 5184
03:05:34 6322 6553
03:06:34 27273 4511
03:07:35 32232 7890
03:08:36 1696 1511
03:09:36 83707 10321
03:10:36 130576 15653
03:11:37 2934 6151
03:12:37 24790 7248
03:13:38 16144 3560
03:14:38 22433 3932
03:15:38 483041 20140
03:16:39 47155 6971
03:17:39 9523 4184
03:18:40 5377 4381
03:19:40 5276 4364
03:20:40 39625 8840
03:21:40 59325 9567
03:22:41 53446 13443
03:23:41 112155 11270
03:24:42 47424 8609
03:25:42 33555 10367
03:26:42 5958 5899
03:27:42 6502 7482
03:28:43 285207 20690
03:29:43 42758 5618
03:30:43 132758 12389
03:31:44 33254 10452
03:32:44 41014 17649
03:33:44 48735 10463
03:34:45 14495 4855
03:35:45 19015 7005
03:36:44 -1 -1
03:37:46 12380 5558
03:38:46 1687 3628
03:39:46 15394 5088
03:40:47 3132 6084
03:41:47 26208 11468
03:42:48 34046 9564
03:43:48 31132 10581
03:44:48 33168 6242
03:45:49 48031 6485
03:46:49 18414 18507
03:47:49 26590 41995
03:48:50 111332 10368
03:49:50 2734 5213
03:50:50 105468 14347
03:51:51 53237 11840
03:52:51 50497 12063
03:53:51 25869 4816
03:54:52 15142 5900
03:55:52 2288 4391
03:56:52 258256 13965
03:57:53 5484 6354
03:58:53 2005 3211
03:59:53 40216 5028
04:00:54 21057 4920
04:01:54 11687 10170
04:02:54 1940 3890
04:03:55 97218 4934
04:04:55 180886 14128
04:05:55 167501 13294
04:06:59 120762 7548
04:07:56 70005 7782
04:08:56 149863 9775
04:09:57 118443 11490
04:10:57 242227 12737
04:11:57 93006 6211
04:12:58 116805 6490
04:13:59 158526 11817
04:14:58 163463 11313
04:15:59 71721 10738
04:16:59 118926 5486
04:17:59 193331 14650
04:19:00 9776 9282
04:20:00 102037 8579
04:21:00 571891 15108
04:22:01 134130 6987
04:23:01 64582 12787
04:24:01 66278 6121
04:25:02 165651 5460
04:26:02 36896 5156
04:27:02 103147 9763
04:28:03 79657 9030
04:29:03 283522 15591
04:30:03 73701 5782
04:31:04 150834 9039
04:32:04 95980 4631
04:33:04 116101 9046
04:34:05 122824 5810
04:35:05 7860 5729
04:36:06 12406 3906
04:37:06 31760 5533
04:38:06 2234 4094
04:39:06 3844 4980
04:40:07 41498 5789
04:41:07 47682 5908
04:42:08 91710 9260
04:43:08 23271 5060
04:44:08 3482 7035
04:45:09 2227 5957
04:46:09 25596 7134
04:47:09 2720 8582
04:48:10 12774 5780
04:49:10 2130 5642
04:50:11 39918 7857
04:51:11 36504 6399
04:52:11 102654 10638
04:53:11 46877 8191
04:54:12 12035 7428
04:55:12 99010 11753
04:56:13 260818 15893
04:57:13 27952 3727
04:58:13 11336 4751
04:59:14 120135 7811
05:00:14 100723 14634
05:01:15 88797 5099
05:02:15 83967 10439
05:03:15 88706 9356
05:04:15 240138 14194
05:05:16 120642 7360
05:06:16 117857 8572
05:07:16 140528 8278
05:08:18 124889 8996
05:09:17 198399 15937
05:10:17 130215 8475
05:11:18 101674 6546
05:12:18 109958 9709
05:13:19 140906 6463
05:14:19 138819 8192
05:15:19 275660 9423
05:16:19 88670 10545
05:17:20 92241 12336
05:18:20 92432 4353
05:19:21 124466 7805
05:20:21 101912 7085
05:21:21 116133 8044
05:22:22 764699 28156
05:23:22 117895 11908
05:24:22 76624 4417
05:25:23 121623 7427
05:26:23 260473 19995
05:27:23 127134 9936
05:28:24 118072 10237
05:29:24 116724 4669
05:30:25 99481 7388
05:31:26 85174 7797
05:32:25 114788 7893
05:33:25 154631 6439
05:34:26 115004 5969
05:35:26 94417 7609
05:36:26 85127 7046
05:37:27 86171 2339
05:38:27 104787 5221
05:39:27 115469 6158
05:40:28 139989 12714
05:41:28 308991 19505
05:42:29 123045 5077
05:43:29 130858 9674
05:44:29 81126 4305
05:45:29 91517 5866
05:46:30 136225 7899
05:47:30 195259 12183
05:48:30 148951 7946
05:49:31 154049 8849
05:50:31 103353 8553
05:51:32 106712 13139
05:52:32 166248 9947
05:53:32 93074 5009
05:54:33 102137 8481
05:55:33 143365 11778
05:56:33 327607 20671
05:57:34 396455 19437
05:58:34 152589 9745
05:59:34 110911 6826
06:00:35 129428 7316
06:01:35 106409 7317
06:02:36 97910 4519
06:03:36 193216 9347
06:04:36 120520 7177
06:05:37 163780 12981
06:06:37 114698 9074
06:07:38 98845 6235
06:08:38 88369 5744
06:09:38 211584 16487
06:10:39 143511 9781
06:11:39 98182 4516
06:12:40 153691 8668
06:13:40 94400 14332
06:14:40 540611 29327
06:15:41 122121 8873
06:16:41 140944 8902
06:17:41 160635 9540
06:18:42 105444 9313
06:19:42 144080 9150
06:20:42 144937 10861
06:21:43 119808 10324
06:22:43 87877 8469
06:23:43 144566 9058
06:24:44 81548 6422
06:25:44 163178 14270
06:26:44 145619 7965
06:27:45 187871 13071
06:28:45 103984 9068
06:29:45 148321 8434
06:30:46 620882 28288
06:31:46 164823 10227
06:32:47 179895 10510
06:33:47 385802 25189
06:34:47 166151 15724
06:35:47 117936 9036
06:36:48 50976 10810
06:37:48 239880 16004
06:38:48 103150 9672
06:39:49 136708 12330
06:40:49 14382 3366
06:41:49 63976 8497
06:42:50 33765 8047
06:43:50 33428 9955
06:44:51 898 2498
06:45:51 128297 9853
06:46:51 7870 4120
06:47:51 17494 8218
06:48:52 107112 7748
06:49:52 72529 9982
06:50:52 1960 3168
06:51:53 27531 7679
06:52:53 15995 6515
06:53:54 95024 8621
06:54:54 515306 21935
06:55:54 26674 4314
06:56:54 1758 3610
06:57:55 87870 9748
06:58:55 15909 6278
06:59:56 60217 9774
07:00:56 246740 16346
07:01:56 15289 3039
07:02:57 262220 21669
07:03:57 36364 9267
07:04:57 50808 9035
07:05:57 403684 24104
07:06:58 312284 14464
07:07:58 485009 15792
07:08:58 4720 4054
07:09:59 12905 4288
07:10:59 65784 7837
07:11:59 71127 7077
07:13:00 72747 10993
07:14:00 112256 14643
07:15:00 46738 5126
07:16:01 204581 13954
07:17:01 101760 12820
07:18:02 16328 5737
07:19:02 41274 11712
07:20:02 39900 5489
07:21:03 41818 11704
07:22:03 42380 9233
07:23:03 77453 9288
07:24:04 11078 4993
07:25:04 14840 6519
07:26:04 34216 4173
07:27:05 209879 15726
07:28:05 53863 7238
07:29:05 55061 9099
07:30:06 31222 5005
07:31:06 93807 11653
07:32:07 72566 12997
07:33:07 365250 24826
07:34:08 62300 10583
07:35:07 580249 36427
07:36:08 24294 5620
07:37:08 75485 10077
07:38:08 38348 7714
07:39:09 28173 6236
07:40:09 44706 6476
07:41:09 55071 7223
07:42:10 185919 13709
07:43:10 35584 11019
07:44:10 56451 7400
07:45:11 70630 8342
07:46:11 21627 8459
07:47:11 30034 11212
07:48:12 42035 7440
07:49:12 101120 9342
07:50:13 39147 8447
07:51:13 7512 12245
07:52:13 17024 9506
07:53:13 52793 7413
07:54:13 34123 6144
07:55:14 27418 11098
07:56:14 105440 15874
07:57:14 87867 10784
07:58:15 8364 14105
07:59:15 44182 11948
08:00:15 24508 9448
08:01:16 600979 44461
08:02:16 198411 20297
08:03:16 71915 13149
08:04:17 118282 8140
08:05:17 573510 36838
08:06:17 593130 28100
08:07:18 48176 14634
08:08:18 9802 6626
08:09:18 3844 11786
08:10:18 59778 12068
08:11:19 297561 13342
08:12:19 44187 7576
08:13:19 46402 13144
08:14:20 44020 20025
08:15:20 5556 9418
08:16:20 30278 9429
08:17:21 52586 13714
08:18:21 114771 18020
08:19:21 8626 12352
08:20:22 55847 11217
08:21:22 57231 11236
08:22:23 13290 9491
08:23:23 7320 7829
08:24:24 39955 8827
08:25:24 57848 12277
08:26:24 133255 15938
08:27:25 758474 46654
08:28:25 13655 8727
08:29:25 961572 38832
08:30:26 68659 11620
08:31:26 82176 8925
08:32:26 1062161 58391
08:33:26 14110 10800
08:34:27 46678 8804
08:35:27 62453 11751
08:36:27 476458 24561
08:37:28 4370 8424
08:38:28 3376 7897
08:39:29 27372 15392
08:40:29 93528 12785
08:41:29 109402 8980
08:42:30 547341 21319
08:43:30 120368 13684
08:44:30 28894 20558
08:45:31 63896 11850
08:46:31 19725 14369
08:47:31 17142 9979
08:48:32 43556 9900
08:49:32 22290 10289
08:50:32 14181 10767
08:51:33 26043 103581
08:52:33 365722 46215
08:53:33 308509 23829
08:54:34 20521 8118
08:55:35 5894 6020
08:56:35 43743 11732
08:57:35 49392 13716
08:58:36 356779 18598
08:59:36 51943 3669
09:00:37 25226 9961
09:01:37 55109 43685
09:02:37 81495 18161
09:03:38 295610 85661
09:04:38 80568 12048
09:05:38 94776 16554
09:06:38 114881 14707
09:07:38 636332 29296
09:08:39 80611 8214
09:09:39 63793 6661
09:10:39 256731 9075
09:11:39 88410 6597
09:12:40 506028 27974
09:13:40 15028 9772
09:14:40 28602 9415
09:15:40 305714 84560
09:16:41 211245 14128
09:17:41 39708 5836
09:18:42 587069 21060
09:19:42 22975 6170
09:20:42 44773 10947
09:21:42 1237824 35029
09:22:43 83598 19621
09:23:43 7468 10849
09:24:43 58508 10534
09:25:44 77702 8034
09:26:47 13891 8628
09:27:44 113928 15293
09:28:44 324213 20550
09:29:45 56947 16865
09:30:45 408365 19207
09:31:45 28282 8878
09:32:46 252280 17612
09:33:46 221014 27475
09:34:49 1080 2360
09:35:47 21260 4350
09:36:47 171498 18179
09:37:47 106853 38356
09:38:48 165759 32550
09:39:48 27520 5593
09:40:49 113891 8248
09:41:49 68838 11546
09:42:49 28606 5728
09:43:49 25284 8156
09:44:50 116110 11319
09:45:50 5953 4817
09:46:50 148680 8965
09:47:50 167115 19429
09:48:51 155666 12780
09:49:51 817496 24755
09:50:51 768692 29002
09:51:51 358436 15267
09:52:52 321535 32787
09:53:52 93401 11969
09:54:52 4894 5908
09:55:52 399372 18811
09:56:52 1210714 40588
09:57:53 139987 13106
09:58:53 129878 69324
09:59:53 1648709 72970
10:00:53 542042 62179
10:01:54 323125 71086
10:02:54 38127 14308
10:03:57 165931 28066
10:04:54 543621 52831
10:05:54 518864 76943
10:06:55 247824 27432
10:07:55 117853 10505
10:08:58 240567 18001
10:09:55 52030 10812
10:10:56 215722 19414
10:11:56 1196420 45537
10:12:56 1411947 43150
10:13:57 132842 14840
10:14:57 230878 115867
10:15:57 367271 22852
10:16:57 674971 36152
10:17:58 453142 23140
10:18:58 135652 10601
10:19:58 384063 53648
10:21:02 1411228 40080
10:22:02 668153 27851
10:23:00 132060 16967
10:24:01 24105 7965
10:25:02 18063 9986
10:26:02 575596 25449
10:27:03 44564 10147
10:28:03 56719 11045
10:29:03 91598 10479
10:30:04 34137 13800
10:31:05 57448 9715
10:32:05 49135 6856
10:33:05 281309 12091
10:34:05 413584 20055
10:35:05 195625 14197
10:36:05 168364 27849
10:37:06 131774 20667
10:38:06 39227 36023
10:39:07 327670 14088
10:40:08 188756 13622
10:41:08 291508 31364
10:42:08 120315 9243
10:43:09 20873 5359
10:44:09 22600 7063
10:45:09 1277401 43026
10:46:10 1256554 46472
10:47:10 223452 21493
10:48:10 1621836 56992
10:49:11 22975 5197
10:50:11 470512 23324
10:51:12 762875 32233
10:52:12 315003 25573
10:53:12 125480 17828
10:54:13 48922 15032
10:55:13 140391 12523
10:56:14 208982 16708
10:57:15 18197 10447
10:58:16 9765 9428
10:59:16 973429 55033
11:00:16 270649 50119
11:01:16 116739 13973
11:02:17 91803 12463
11:03:17 124448 15493
11:04:17 138810 8916
11:05:18 381757 23373
11:06:18 204859 16504
11:07:18 973199 43041
11:08:19 62118 9176
11:09:19 145854 16937
11:10:19 177731 9999
11:11:20 160590 18188
11:12:20 206711 13583
11:13:21 147472 13111
11:14:21 22446 10169
11:15:22 156756 12475
11:16:23 187263 16778
11:17:23 34666 10718
11:18:23 74709 7478
11:19:24 39990 9925
11:20:24 77588 33513
11:21:24 59557 28636
11:22:24 547926 25477
11:23:25 440817 20930
11:24:25 7910 4355
11:25:25 239531 11335
11:26:25 48869 7005
11:27:26 80452 8508
11:28:26 110285 10534
11:29:29 14600 13644
11:30:26 443546 18443
11:31:27 546877 39677
11:32:27 29101 8928
11:33:27 72000 9997
11:34:28 83815 12683
11:35:29 6228 7280
11:36:30 304721 19707
11:37:30 117441 14445
11:38:30 110773 30751
11:39:30 1207429 76421
11:40:31 87847 43460
11:41:31 3076 53790
11:42:34 30723 57926
11:43:34 363041 64431
11:44:32 63051 10345
11:45:33 22661 10269
11:46:34 26785 7890
11:47:34 184736 21288
11:48:34 161701 21915
11:49:34 1177161 57493
11:50:37 72420 11812
11:51:35 164259 13936
11:52:35 1052371 23154
11:53:36 47968 29736
11:54:36 651637 26345
11:55:36 165571 8053
11:56:36 33877 7848
11:57:37 10344 9579
11:58:37 2861 4567
11:59:37 111137 9291
12:00:37 7388 9272
12:01:38 61143 7934
12:02:38 421988 27263
12:03:38 150276 11136
12:04:39 101906 16168
12:05:39 62031 10042
12:06:39 28155 4707
12:07:39 417492 111921
12:08:42 21836 15667
12:09:40 517929 118430
12:10:41 436978 27517
12:11:41 12828 26269
12:12:41 328225 21106
12:13:41 24004 5799
12:14:42 99317 68462
12:15:42 193166 11356
12:16:43 435902 14697
12:17:43 170007 6908
12:18:44 686167 43579
12:19:45 17485 9777
12:20:45 42411 8255
12:21:45 1772 2126
12:22:45 8240 9341
12:23:45 32175 4389
12:24:46 285135 19496
12:25:46 24645 8108
12:26:46 263981 21381
12:27:47 18686 4864
12:28:47 53096 7195
12:29:47 6065 5170
12:30:47 31312 6035
12:31:48 59389 10843
12:32:48 44290 5331
12:33:48 132985 8969
12:34:48 53916 10800
12:35:49 9769 7189
12:36:49 5038 3144
12:37:49 950 2821
12:38:50 128 1702
12:39:50 334550 35623
12:40:50 106152 8795
12:41:50 93830 10105
12:42:50 302485 33111
12:43:51 146576 10753
12:44:51 7907 9525
12:45:51 26863 9878
12:46:51 45209 6172
12:47:51 192322 19442
12:48:51 2886 5450
12:49:53 241954 10539
12:50:53 24984 8239
12:51:53 93739 13562
12:52:53 393180 17413
12:53:54 17461 6375
12:54:54 17733 14520
12:55:54 178685 19410
12:56:54 115073 12486
12:57:55 268442 18561
12:58:55 81882 11203
12:59:55 306620 20274
13:00:56 290437 23164
13:01:56 75898 9460
13:02:56 327088 18188
13:03:56 29789 7456
13:04:56 12486 7875
13:05:57 38394 7146
13:06:57 122836 12808
13:07:57 54631 8238
13:08:57 169109 11308
13:09:57 107062 11216
13:10:57 162320 30146
13:11:58 186562 11504
13:12:58 150095 16013
13:13:58 33739 6616
13:14:58 14392 6758
13:15:59 48900 8061
13:16:59 71806 6873
13:17:59 117365 18977
13:18:59 179551 11143
13:19:59 124291 9797
13:21:00 392491 21683
13:22:00 327251 32411
13:23:01 46356 6800
13:24:01 49530 13793
13:25:01 5296 4577
13:26:01 26326 5595
13:27:02 304675 17674
13:28:02 103528 12604
13:29:02 88365 10575
13:30:03 144146 11473
13:31:03 6974 8151
13:32:03 3708 2455
13:33:03 47742 8342
13:34:04 357957 22205
13:35:04 98308 9461
13:36:04 70060 7230
13:37:04 563945 23290
13:38:05 40222 8091
13:39:05 80721 18819
13:40:05 62825 9863
13:41:05 56948 8953
13:42:06 48639 8189
13:43:07 140265 27767
13:44:07 19106 5981
13:45:07 119864 15551
13:46:08 93586 38000
13:47:09 499890 34779
13:48:09 67743 7966
13:49:09 35440 10668
13:50:10 30293 6203
13:51:10 130673 9680
13:52:10 200055 19457
13:53:10 24528 6827
13:54:11 556151 23628
13:55:11 131540 11149
13:56:11 114968 10956
13:57:11 35426 13415
13:58:12 6553 5797
13:59:12 20270 5196
14:00:12 117944 11293
14:01:12 1431238 47851
14:02:12 82074 8560
14:03:13 36079 5595
14:04:13 5019 4540
14:05:13 10798 6148
14:06:13 55150 4231
14:07:17 44402 8737
14:08:14 30490 6435
14:09:15 318022 28095
14:10:15 99826 11323
14:11:16 629994 33986
14:12:16 36357 21086
14:13:16 248383 16967
14:14:16 110709 10312
14:15:17 30313 8491
14:16:17 304202 10748
14:17:17 190338 425789
14:18:17 4008 4576
14:19:18 595376 22094
14:20:18 558219 77999
14:21:18 360428 614576
14:22:18 135820 274850
14:23:19 166202 9664
14:24:19 41806 9492
14:25:20 39095 8520
14:26:20 5438 5778
14:27:21 189192 17349
14:28:21 131397 10729
14:29:21 319315 20267
14:30:21 6078 8895
14:31:22 797853 40898
14:32:22 32846 6234
14:33:23 20309 6231
14:34:23 39156 6469
14:35:26 112738 13252
14:36:24 44919 7773
14:37:25 861202 40216
14:38:25 107705 12300
14:39:25 210098 9862
14:40:25 147025 23798
14:41:26 518799 36997
14:42:26 449000 30397
14:43:27 370046 37906
14:44:28 5561 10698
14:45:28 424319 27861
14:46:28 30651 9246
14:47:28 249899 13162
14:48:29 2540 7370
14:49:29 712039 41570
14:50:29 28405 6709
14:51:29 479364 25730
14:52:30 55073 16751
14:53:30 67068 9113
14:54:31 62239 16749
14:55:31 83866 12956
14:56:31 187844 17913
14:57:32 9007 6912
14:58:32 4175 8416
14:59:32 518447 28864
15:00:32 14472 5703
15:01:32 3877 4243
15:02:33 23475 10715
15:03:33 16566 8521
15:04:33 336059 20485
15:05:33 3742 7229
15:06:33 27725 9346
15:07:34 17950 8075
15:08:35 34490 12100
15:09:34 14920 11534
15:10:34 3404 7607
15:11:35 143365 14640
15:12:35 5910 8463
15:13:35 273620 17867
15:14:35 17934 8206
15:15:36 198293 12842
15:16:36 81136 7523
15:17:36 196994 15315
15:18:36 549412 25863
15:19:37 156209 17406
15:20:40 493298 25671
15:21:37 821936 31317
15:22:37 150698 16485
15:23:38 19970 7897
15:24:38 222436 18868
15:25:38 766315 28867
15:26:38 136554 13756
15:27:38 15074 8095
15:28:38 16186 8465
15:29:39 117271 9691
15:30:39 144268 14284
15:31:40 617301 20278
15:32:40 56548 10762
15:33:40 121431 20398
15:34:40 517405 22240
15:35:41 219936 21854
15:36:41 27827 8103
15:37:41 189405 14962
15:38:41 1543251 93813
15:39:41 173488 16419
15:40:42 28213 10164
15:41:42 253525 18061
15:42:42 48094 7899
15:43:42 14520 7286
15:44:44 221448 13628
15:45:43 381056 30992
15:46:43 22121 7390
15:47:43 59494 8568
15:48:44 971592 27322
15:49:44 183152 19505
15:50:44 20359 10051
15:51:45 56591 6457
15:52:45 25722 8503
15:53:48 160529 9314
15:54:45 310988 23044
15:55:45 678269 21710
15:56:46 9347 4020
15:57:46 125096 15164
15:58:46 18438 13826
15:59:46 43370 9959
16:00:46 760744 35594
16:01:47 687763 38998
16:02:47 150206 19703
16:03:47 65297 8744
16:04:47 20961 10033
16:05:48 286095 21540
16:06:48 74673 7454
16:07:48 100795 16947
16:08:48 280491 14627
16:09:48 268922 27759
16:10:49 121942 14375
16:11:49 647065 39000
16:12:49 486614 30299
16:13:50 778538 42623
16:14:50 88367 13217
16:15:50 1456586 46585
16:16:50 79178 12559
16:17:50 343208 23472
16:18:50 124146 12071
16:19:51 320236 21602
16:20:51 129247 28890
16:21:51 650314 25089
16:22:51 205659 25379
16:23:52 89781 13324
16:24:52 653163 27579
16:25:52 673827 32947
16:26:53 59902 11542
16:27:53 300763 20505
16:28:53 25005 13048
16:29:53 296947 16510
16:30:53 89460 17955
16:31:54 279220 26284
16:32:54 403606 30845
16:33:55 529356 40144
16:34:55 60378 11612
16:35:55 489294 22871
16:36:55 247021 93584
16:37:56 181135 22814
16:38:56 100831 18627
16:39:56 87035 21460
16:40:56 81034 15764
16:41:57 40660 12030
16:42:57 260900 27598
16:43:57 20764 12566
16:44:57 35538 8783
16:45:57 337963 25102
16:46:58 61877 14917
16:47:58 330538 24302
16:48:58 37756 10346
16:49:58 914234 36332
16:50:58 18401 14781
16:51:58 54746 15176
16:56:00 -1 -1
16:56:02 164775 17276
16:57:02 54147 13242
16:58:02 24813 18566
16:59:03 557951 31104
17:00:06 15596 16918
17:01:03 1291271 45370
17:02:03 130021 18299
17:03:05 1061476 44346
17:04:05 576010 31533
17:05:06 19128 13214
17:06:06 72718 12017
17:07:06 1519324 65995
17:08:06 201409 17992
17:09:06 157056 16715
17:10:07 2144328 70868
17:11:07 69106 12440
17:12:07 92395 12582
17:13:07 88887 20676
17:14:08 249461 15502
17:15:08 89315 12893
17:16:08 154007 21648
17:17:08 5347 8313
17:18:09 226492 15969
17:19:09 118354 19886
17:20:09 109331 16374
17:21:10 562974 31089
17:22:10 108661 26112
17:23:11 173459 21478
17:24:11 221827 77229
17:25:12 140674 13232
17:26:12 859368 48298
17:27:12 790626 29248
17:28:13 3638 5882
17:29:14 3847 5769
17:30:13 61302 12354
17:31:13 635381 30515
17:32:14 34635 11290
17:33:14 122532 23802
17:34:14 44454 10375
17:35:15 29755 16471
17:36:15 284627 27520
17:37:15 1450164 53905
17:38:16 198798 15869
17:39:16 20212 15040
17:40:16 98659 20081
17:41:16 102847 13545
17:42:17 43359 9992
17:43:18 154140 19853
17:44:18 133508 16807
17:45:19 115705 13965
17:46:19 50722 14961
17:47:19 84298 10670
17:48:19 550901 22587
17:49:19 88085 13834
17:50:20 53708 24063
17:51:20 111074 36626
17:52:20 15188 21473
17:53:20 77489 14474
17:54:21 74694 31896
17:55:21 34087 12559
17:56:21 22048 11795
17:57:21 114785 45731
17:58:22 202344 26330
17:59:22 47155 17375
18:00:22 18904 15058
18:01:22 5406 10179
18:02:23 52405 14267
18:03:23 103719 11134
18:04:23 53442 18893
18:05:23 30647 36363
18:06:24 84940 23168
18:07:24 556868 24946
18:08:24 134526 27701
18:09:24 8305 13030
18:10:25 110341 15501
18:11:25 26988 33747
18:12:25 16644 16524
18:13:25 8605 10183
18:14:26 108038 20574
18:15:26 42329 17019
18:16:26 122312 15187
18:17:26 5571 6058
18:18:27 72036 11712
18:19:27 46993 13041
18:20:27 70922 15431
18:21:27 47135 6557
18:22:28 147738 9579
18:23:29 433116 24379
18:24:29 53625 9796
18:25:39 16657 5989
18:26:30 92618 21285
18:27:30 147247 15685
18:28:37 2745 4917
18:29:31 38417 10688
18:30:31 51770 15763
18:31:38 542764 27856
18:32:32 50776 9402
18:33:34 22285 8623
18:34:34 7095 6327
18:35:35 679874 36831
18:36:35 59974 8078
18:37:35 28404 6145
18:38:35 44295 10555
18:39:36 200106 18361
18:40:36 56740 13109
18:41:36 620474 29137
18:42:36 860 1961
18:43:37 14917 9926
18:44:37 40302 5201
18:45:37 83886 9542
18:46:37 9843 7578
18:47:37 36883 7047
18:48:38 123934 21807
18:49:38 66966 14873
18:50:38 20033 11035
18:51:38 447881 36423
18:52:39 7644 10640
18:53:39 19980 9423
18:54:40 179703 19247
18:55:41 41788 12264
18:56:41 98676 12747
18:57:41 10744 3612
18:58:41 53941 14658
18:59:41 8483 4061
19:00:41 13133 7315
19:01:42 44162 4184
19:02:42 24226 3457
19:03:42 13366 4687
19:04:42 44788 4050
19:05:43 6835 5102
19:06:43 807546 39043
19:07:43 12728 9254
19:08:43 221655 10298
19:09:43 7060 2988
19:10:44 4522 7143
19:11:44 1846 3410
19:12:44 12626 7041
19:13:44 6338 3402
19:14:45 3762 5260
19:15:45 1882 3163
19:16:45 37484 6310
19:17:45 128464 13493
19:18:45 50194 21716
19:19:46 354323 21224
19:20:46 9249 5346
19:21:46 33696 6697
19:22:46 6305 5508
19:23:47 32140 7456
19:24:47 55277 7163
19:25:47 29393 6621
19:26:47 30789 8731
19:27:47 22238 4199
19:28:48 5040 3800
19:29:48 91479 10787
19:30:48 77051 5989
19:31:48 36459 4067
19:32:48 18858 9936
19:33:49 38748 5568
19:34:49 62803 10855
19:35:50 81316 8999
19:36:50 160298 14225
19:37:50 56298 10004
19:38:50 941736 38691
19:39:50 72396 5316
19:40:51 200189 11031
19:41:51 469932 22797
19:43:11 -1 -1
19:43:51 35863 4787
19:44:51 87038 12947
19:45:52 39638 7765
19:46:52 974519 50219
19:47:52 21536 6433
19:48:52 45219 6017
19:49:53 464619 18080
19:50:53 35210 8029
19:51:53 123765 15610
19:52:53 37263 5630
19:53:53 108240 11024
19:54:55 135773 6777
19:55:54 154482 11688
19:56:54 67869 5056
19:57:54 19351 3556
19:58:55 43751 7857
19:59:55 13731 6994
20:00:55 11581 4013
20:01:55 45047 6700
20:02:55 3762 4087
20:03:56 48741 29442
20:04:56 740978 29376
20:05:56 56507 6929
20:06:56 68744 5920
20:07:56 332438 21390
20:08:57 21747 4806
20:09:57 77269 5350
20:10:57 60679 6142
20:11:57 831753 27203
20:12:57 66056 8955
20:13:58 20897 6353
20:14:58 1102371 30770
20:15:58 34793 9097
20:16:58 38013 8060
20:17:58 15250 4498
20:18:59 50233 7897
20:19:59 88083 9823
20:20:59 7532 4034
20:21:59 29069 4460
20:23:00 66767 6741
20:24:00 84537 6992
20:25:00 60989 8027
20:26:00 93088 8342
20:27:01 148992 11961
20:28:01 23102 6058
20:29:01 10181 5255
20:30:01 175335 12532
20:31:01 93519 10034
20:32:02 3424 4912
20:33:02 1194 2283
20:34:02 9378 1741
20:35:02 45666 3890
20:36:02 442622 15698
20:37:03 72451 8673
20:38:03 17567 5462
20:39:03 133416 10824
20:40:03 437318 18290
20:41:04 82708 5493
20:42:04 214257 19768
20:43:04 31805 10216
20:44:04 11573 6527
20:45:04 42870 6927
20:46:05 6524 5235
20:47:05 39678 20001
20:48:05 12261 4227
20:49:05 2172 3994
20:50:05 48300 6212
20:51:07 53388 9388
20:52:06 140612 9694
20:53:06 26298 5244
20:54:06 18119 5154
20:55:06 493689 32733
20:56:07 11405 8130
20:57:07 18743 5034
20:58:07 128398 12511
20:59:07 22307 5030
21:00:08 707398 18574
21:01:08 2766 2066
21:02:08 21646 6510
21:03:08 16703 6234
21:04:08 152910 13135
21:05:09 293697 16465
21:06:09 55826 7167
21:07:09 196183 15302
21:08:09 92940 9374
21:09:09 81672 6621
21:10:10 19822 7541
21:11:10 6476 2271
21:12:10 108558 9231
21:13:10 62470 6681
21:14:10 45474 10952
21:15:11 12448 5578
21:16:11 36513 6120
21:17:11 393964 18464
21:18:12 34425 4387
21:19:15 67828 8182
21:20:12 30296 4332
21:21:12 12744 6342
21:22:13 148779 10694
21:23:13 50867 7388
21:24:13 138279 7698
21:25:13 162179 7640
21:26:13 62831 6743
21:27:14 7586 6014
21:28:14 42196 4964
21:29:14 50338 9180
21:30:14 158922 13634
21:31:14 188538 12246
21:32:15 719359 25447
21:33:15 91866 8705
21:34:15 415080 22308
21:35:15 8809 2702
21:36:16 23310 4967
21:37:19 66542 8475
21:38:16 117835 12202
21:39:16 107937 5292
21:40:16 11069 4158
21:41:17 1462 3605
21:42:17 23658 3744
21:43:17 2072 4114
21:44:17 63512 6970
21:45:18 40694 5779
21:46:18 107119 8419
21:47:18 15053 5326
21:48:18 251922 21136
21:49:19 33300 5750
21:50:19 439625 30652
21:51:19 22811 5998
21:52:19 182135 18440
21:53:20 64730 10436
21:54:20 353758 21481
21:55:20 77615 8734
21:56:20 153329 14572
21:57:20 5805 2921
21:58:21 11333 4565
21:59:21 84072 4698
22:00:21 23943 5272
22:01:21 26819 4896
22:02:22 237195 8939
22:03:22 165001 12107
22:04:22 19796 4317
22:05:23 174104 11651
22:06:23 38109 9863
22:07:23 1300 3042
22:08:23 23397 5578
22:09:24 3117 84688
22:10:24 280106 14606
22:11:24 121049 13837
22:12:24 159817 9344
22:13:24 373704 16407
22:14:25 15536 5200
22:15:25 17249 4307
22:16:25 3794 4335
22:17:26 66146 4813
22:18:26 29086 5218
22:19:26 137754 7276
22:20:26 35956 8629
22:21:27 152661 12991
22:22:27 40897 6354
22:23:27 612 1580
22:24:27 653991 36499
22:25:27 95587 10655
22:26:28 579718 16303
22:27:28 171460 13839
22:28:28 85342 8967
22:29:28 14042 6143
22:30:29 28316 4363
22:31:29 52187 5079
22:32:29 16953 3270
22:33:29 221751 14057
22:34:30 71976 7863
22:35:30 15758 6875
22:36:30 71126 7797
22:37:30 5996 3466
22:38:31 117046 8234
22:39:31 36496 11682
22:40:31 10298 3748
22:41:32 65377 6427
22:42:32 404068 24301
22:43:32 321945 30561
22:44:32 190909 15319
22:45:33 78689 10149
22:46:33 168046 11848
22:47:33 39314 6529
22:48:33 1399 2381
22:49:34 2678 3947
22:50:34 6122 5936
22:51:34 86397 9941
22:52:34 4328 3970
22:53:35 26272 5284
22:54:35 273460 41096
22:55:35 25275 8892
22:56:35 60815 199196
22:57:36 152494 49977
22:58:36 25331 5844
22:59:36 270310 16578
23:00:37 94201 13000
23:01:37 2705 3367
23:02:37 12007 4148
23:03:37 11811 4505
23:04:38 2150 2376
23:05:38 1849 2433
23:06:38 253311 19367
23:07:38 80842 10702
23:08:39 173039 14615
23:09:39 124476 9789
23:10:39 26169 4224
23:11:39 132159 8902
23:12:40 44426 6592
23:13:40 72468 6870
23:14:43 82726 4465
23:15:40 56818 4096
23:16:41 59391 3631
23:17:41 23552 6060
23:18:41 25122 5438
23:19:42 25981 3153
23:20:42 62887 4947
23:21:42 40937 4582
23:22:42 28191 1964
23:23:42 21989 4448
23:24:43 3908 2667
23:25:43 35383 7625
23:26:43 39196 6736
23:27:43 73521 9994
23:28:44 71038 10660
23:29:44 400377 51811
23:30:44 348305 42406
23:31:45 110238 8806
23:32:45 117125 9029
23:33:45 2709 2176
23:34:45 20872 4870
23:35:46 2306 19265
23:36:46 22930 3483
23:37:46 14082 3503
23:38:46 56860 4930
23:39:47 146054 6349
23:40:47 23188 3811
23:41:47 9225 3346
23:42:48 14125 4840
23:43:48 28169 3771
23:44:49 1996 2674
23:45:49 24085 4162
23:46:49 308506 14808
23:48:08 17125 7812
23:48:57 87176 10197
23:49:51 2889 3634
23:50:52 31721 4664
23:51:52 37500 6911
23:52:53 103374 12327
23:53:54 23621 5657
23:54:55 295444 22766
23:55:55 32407 7049
23:56:56 131573 14463
23:57:57 131195 8440
23:58:57 27860 10406
23:59:58 31375 4746
