00:01:21 194054 29690
00:02:42 580259 20428
00:03:24 243173 58217
00:04:18 319806 63109
00:05:20 267724 96461
00:06:19 188377 8607
00:07:20 141147 7184
00:08:21 106682 10527
02:00:08 254648 15074
02:01:08 13938 3284
02:02:11 49402 7000
02:03:09 39536 4671
02:04:09 28151 25486
02:05:10 113180 11815
02:06:10 291898 20642
02:07:12 173094 13384
02:08:11 17930 5878
02:09:12 119386 17369
02:10:12 309897 24642
02:11:12 139493 5505
02:12:13 157382 9600
02:13:13 234219 18941
02:14:14 259573 13481
02:15:14 19090 4282
02:16:14 132143 13339
02:17:15 59313 15459
02:18:15 128676 13184
02:19:16 121729 11723
02:20:16 53103 33147
02:21:17 32211 3959
02:22:17 131418 10373
02:23:18 22559 6280
02:24:18 128396 18346
02:25:19 79138 5768
02:26:19 35923 4719
02:27:19 113135 8083
02:28:20 87834 11445
02:29:20 49468 21494
02:30:20 6280 3169
02:31:21 146640 32695
02:32:21 16518 5053
02:33:22 393985 27553
02:34:22 67974 11305
02:35:22 92071 7265
02:36:23 50202 5289
02:37:23 67155 40117
02:38:24 109029 25102
02:39:24 15325 18337
02:40:24 117854 9494
02:41:25 48874 8758
02:42:25 15914 5040
02:43:26 71152 8527
02:44:26 5804 3068
02:45:26 525521 80385
02:46:29 57093 7122
02:47:27 72419 6657
02:48:28 128788 5661
02:49:28 132681 8630
02:50:28 153214 7901
02:51:29 183535 10562
02:52:29 119059 6315
02:53:30 204531 8892
02:54:30 163307 6011
02:55:30 119190 3927
02:56:31 254420 15350
02:57:31 383964 13493
02:58:32 5340 1937
02:59:32 15943 5997
03:00:32 51897 6887
03:01:33 155296 26979
03:02:33 17093 4807
03:03:33 5604 4620
03:04:34 13030 4819
03:05:35 24739 4275
03:06:35 86805 17455
03:07:35 76683 7047
03:08:36 56145 4534
03:09:36 17939 23679
03:10:37 30292 28013
03:11:37 12882 2511
03:12:37 5192 2007
03:13:38 47495 6318
03:14:38 25836 4450
03:15:38 62197 26857
03:16:39 19840 28734
03:17:39 213158 12728
03:18:39 42775 4382
03:19:40 46349 4307
03:20:40 5300 1937
03:21:40 49787 5169
03:22:41 57771 9613
03:23:41 17712 4437
03:24:42 25772 6194
03:25:42 6014 3577
03:26:44 235335 24828
03:27:42 232515 17432
03:28:43 79655 6326
03:29:45 18612 3400
03:30:44 335096 34247
03:31:44 76476 8893
03:32:46 264637 19863
03:33:44 82890 8095
03:34:47 16947 3945
03:35:45 200408 8908
03:36:45 198618 10246
03:37:46 355661 27982
03:38:46 129970 5067
03:39:47 167764 27757
03:40:47 113991 4522
03:41:47 281603 24301
03:42:47 264296 62169
03:43:48 191604 8072
03:44:48 179668 10325
03:45:49 131336 14547
03:46:49 365427 59512
03:47:49 159596 7068
03:48:50 192627 9000
03:49:50 173478 7566
03:50:50 169503 32190
03:51:51 149906 5495
03:52:51 115012 5326
03:53:51 160849 8408
03:54:52 180265 7832
03:55:52 152495 6588
03:56:52 554957 35812
03:57:53 151222 55587
03:58:53 167546 8025
03:59:54 137834 6978
04:00:54 130236 14823
04:01:54 141499 6389
04:02:54 158750 13882
04:03:58 195172 9620
04:04:55 104140 3517
04:05:55 120528 24540
04:06:56 174752 6417
04:07:56 164854 10500
04:08:56 29361 4250
04:09:59 177526 7810
04:10:57 164896 13245
04:11:57 170761 9652
04:12:58 112875 7678
04:13:58 160113 8367
04:15:00 265726 15957
04:15:59 216014 11321
04:16:59 123823 61488
04:17:59 135300 6564
04:19:00 272716 11051
04:20:02 131124 43874
04:21:00 193866 10099
04:22:01 178702 7419
04:23:01 507352 30283
04:24:01 155378 8353
04:25:02 16549 4848
04:26:02 59618 5329
04:27:05 182156 12506
04:28:03 14613 4093
04:29:05 53827 7854
04:30:05 34814 5878
04:31:04 90041 18743
04:32:04 90758 9409
04:33:05 60932 6157
04:34:05 43546 5324
04:35:05 60823 5637
04:36:06 109507 8651
04:37:06 121227 12982
04:38:07 87551 5941
04:39:07 12855 3748
04:40:07 66240 8481
04:41:07 112810 18717
04:42:08 84824 7466
04:43:11 83497 7803
04:44:09 5534 2301
04:45:09 5402 3461
04:46:09 29549 7115
04:47:10 22417 2271
04:48:10 26203 4772
04:49:11 84694 6822
04:50:11 280450 10523
04:51:11 123139 4318
04:52:11 211723 8540
04:53:12 160778 8659
04:54:13 251076 11596
04:55:12 253857 12369
04:56:13 13298 3793
04:57:13 71050 5780
04:58:13 47934 7014
04:59:16 14161 5098
05:00:16 13371 5413
05:01:18 101776 2920
05:02:15 216696 7161
05:03:15 280544 26707
05:04:19 102840 4177
05:05:17 97014 4782
05:06:16 156271 10470
05:07:16 96521 2963
05:08:21 168695 7197
05:09:18 285963 14025
05:10:18 292051 11032
05:11:19 105671 4793
05:12:18 216066 8456
05:13:20 184432 17672
05:14:20 134982 7452
05:15:19 202365 11933
05:16:20 155005 7202
05:17:20 162355 12989
05:18:20 145608 6666
05:19:21 133437 7948
05:20:21 167322 6553
05:21:22 193010 9893
05:22:23 136709 7731
05:23:22 168062 7296
05:24:25 154840 7054
05:25:23 130667 5911
05:26:23 176458 8256
05:27:25 149697 8424
05:28:24 356973 13205
05:29:24 281242 11374
05:30:26 271166 11058
05:31:25 338435 22960
05:32:26 228874 9035
05:33:26 137236 5852
05:34:26 330801 47903
05:35:26 301609 11771
05:36:27 258599 9492
05:37:28 207960 4131
05:38:27 385723 19566
05:39:28 252922 10291
05:40:28 284886 17333
05:41:29 219760 8074
05:42:29 207174 7826
05:43:30 337226 21793
05:44:29 208765 5448
05:45:30 447910 70966
05:46:30 220434 6802
05:47:31 234864 10216
05:48:31 313754 14712
05:49:31 256241 13168
05:50:32 155247 6883
05:51:32 109989 7610
05:52:32 102185 3889
05:53:32 217027 11802
05:54:33 178861 8698
05:55:33 163779 9487
05:56:33 201876 6841
05:57:34 106267 7360
05:58:34 191913 10261
05:59:35 427963 45418
06:00:35 200572 8034
06:01:37 46995 6373
06:02:37 135002 5764
06:03:36 418853 24855
06:04:37 163744 5598
06:05:37 138573 6504
06:06:38 215445 9070
06:07:40 446291 26486
06:08:39 211792 12483
06:09:39 166235 6927
06:10:40 108522 6342
06:11:39 186374 10042
06:12:41 164964 19751
06:13:44 345472 53272
06:14:40 190049 10412
06:15:41 98554 10369
06:16:44 159125 11419
06:17:41 151887 7252
06:18:42 200226 5406
06:19:42 342748 16688
06:20:42 246615 11566
06:21:43 291331 9633
06:22:43 332877 11498
06:23:43 219607 8539
06:24:44 257402 8410
06:25:44 316155 12046
06:26:44 565033 25750
06:27:45 588140 25805
06:28:46 298628 11177
06:29:45 162620 7801
06:30:46 119071 5796
06:31:47 148375 9134
06:32:48 157835 12476
06:33:47 164647 7852
06:34:47 171751 8844
06:35:47 224426 43629
06:36:48 19849 4374
06:37:48 104665 6782
06:38:49 200277 9565
06:39:49 79730 7854
06:40:49 121860 30641
06:41:50 204779 16218
06:42:50 118100 5200
06:43:51 175323 7136
06:44:51 160076 8283
06:45:51 205982 39876
06:46:54 106538 3590
06:47:52 111264 5517
06:48:52 191010 6903
06:49:52 181826 13404
06:50:54 452276 48238
06:51:53 294157 12055
06:52:53 242010 6095
06:53:54 275388 10715
06:54:55 305136 12492
06:55:54 261837 36304
06:56:55 268300 11149
06:57:55 216823 8515
06:58:55 154181 11119
06:59:56 198990 14919
07:00:56 190279 19426
07:01:57 108810 4002
07:02:57 145840 5809
07:03:57 105144 4215
07:04:57 122231 5049
07:05:58 128102 26760
07:06:58 219170 10967
07:07:58 214566 12112
07:08:59 127670 9694
07:09:59 107691 4704
07:10:59 189645 36806
07:12:00 174566 8289
07:13:00 149940 9390
07:14:00 126938 8049
07:15:01 367557 16563
07:16:01 118212 28424
07:17:01 195340 12182
07:18:02 237584 6527
07:19:02 156225 12525
07:20:02 156910 8428
07:21:03 121721 29649
07:22:03 118098 8628
07:23:03 132773 11305
07:24:04 101496 3506
07:25:04 334685 10261
07:26:07 193725 24300
07:27:05 198163 11262
07:28:05 474986 19275
07:29:05 163148 5507
07:30:06 247463 11078
07:31:08 326294 42817
07:32:07 280788 17258
07:33:07 660974 55817
07:34:08 505036 24735
07:35:07 216736 8962
07:36:08 231195 8062
07:37:08 294624 13696
07:38:09 227718 13154
07:39:09 283380 14585
07:40:09 228415 11666
07:41:10 268021 12990
07:42:10 239022 7462
07:43:10 293757 10848
07:44:11 237125 9135
07:45:11 303229 14671
07:46:11 295144 12839
07:47:11 351881 14713
07:48:12 254043 8547
07:49:12 344839 16833
07:50:13 294372 10501
07:51:13 1097376 46829
07:52:13 235549 8969
07:53:13 267442 8622
07:54:14 965224 39210
07:55:14 234071 13563
07:56:14 251163 10559
07:57:15 553821 52677
07:58:15 415228 21940
07:59:17 493527 45599
08:00:15 789064 28310
08:01:16 420347 28272
08:02:16 381110 21344
08:03:16 347351 17622
08:04:17 113624 22764
08:05:17 125521 16696
08:06:17 282942 16748
08:07:19 263825 11397
08:08:20 319796 11768
08:09:18 216470 14118
08:10:18 218577 11201
08:11:21 106210 4628
08:12:20 259885 11283
08:13:19 271186 28257
08:14:20 282910 11319
08:15:20 352597 16137
08:16:21 738936 55497
08:17:21 280064 12373
08:18:21 214784 7977
08:19:21 335430 9966
08:20:22 264905 24258
08:21:22 256926 9314
08:22:23 457111 23933
08:23:23 230914 10017
08:24:24 261107 7458
08:25:27 397093 18288
08:26:24 102094 10040
08:27:25 113683 6089
08:28:25 618959 26172
08:29:25 687761 24946
08:30:26 230013 14729
08:31:26 318765 10502
08:32:27 225903 23145
08:33:27 315220 19640
08:34:27 157142 9970
08:35:27 297227 29769
08:36:27 61045 7098
08:37:28 273621 9634
08:38:28 114285 7055
08:39:28 181040 5583
08:40:29 275968 8351
08:41:29 220079 13679
08:42:30 765950 45828
08:43:31 140524 8050
08:44:30 239628 20574
08:45:31 410865 19771
08:46:31 182269 11321
08:47:33 905636 43037
08:48:32 128560 12698
08:49:32 320799 21740
08:50:32 191982 8271
08:51:33 427601 18729
08:52:33 161122 9305
08:53:33 452250 21403
08:54:34 381872 17458
08:55:35 192988 22404
08:56:35 69708 10677
08:57:35 196761 6186
08:58:36 511083 18226
08:59:36 152308 6032
09:00:37 605581 64272
09:01:37 811147 55143
09:02:37 113155 8429
09:03:38 365439 22457
09:04:38 441051 24414
09:05:38 124456 7010
09:06:38 198377 10676
09:07:38 586509 75294
09:08:39 387778 30202
09:09:39 174042 10257
09:10:40 695595 35847
09:11:39 166874 9569
09:12:40 149506 14394
09:13:40 66688 6259
09:14:40 339369 19179
09:15:40 157530 9054
09:16:41 555069 48811
09:17:41 124544 9243
09:18:42 122228 9111
09:19:42 168667 10293
09:20:42 234756 16656
09:21:43 247418 18839
09:22:43 100633 5978
09:24:03 -1 -1
09:24:43 88107 8510
09:25:44 701790 57827
09:26:47 956235 63017
09:27:46 75227 7324
09:28:45 70669 8546
09:29:46 144238 18615
09:30:45 370760 33010
09:31:46 17784 12385
09:32:48 30694 3952
09:33:46 200395 13684
09:34:46 227484 14772
09:35:51 491386 21436
09:36:47 118042 7146
09:37:50 510815 29174
09:38:48 413967 14448
09:39:48 544413 34359
09:40:49 303677 19322
09:41:49 417651 32848
09:42:49 113933 8829
09:43:49 1149150 49893
09:44:50 178308 14510
09:45:50 282000 68435
09:46:50 287514 17593
09:47:50 688787 27341
09:48:51 142584 10201
09:49:51 120218 5532
09:50:51 434532 53501
09:51:51 522324 37152
09:52:52 377859 28683
09:53:52 820902 30448
09:54:52 295407 18004
09:55:52 322210 42480
09:56:52 556360 29279
09:57:53 258523 26574
09:58:53 105774 7156
09:59:53 152656 11348
10:00:54 307391 36091
10:01:54 157691 20718
10:02:54 144265 7842
10:03:54 442179 18523
10:04:54 296773 14687
10:05:55 227851 29335
10:06:55 287903 23918
10:07:55 412930 17264
10:08:58 280662 19186
10:09:59 613053 34581
10:10:56 248803 13280
10:11:59 391744 31986
10:12:56 303240 11977
10:13:57 419154 31632
10:14:57 949577 118553
10:15:57 682451 27284
10:16:57 346609 19930
10:17:58 321509 18613
10:18:58 299334 20958
10:20:02 113784 7801
10:21:03 186754 22902
10:22:00 274000 9500
10:23:01 89945 6888
10:24:02 217007 21644
10:25:02 155909 13577
10:26:02 262068 27828
10:27:03 662671 29009
10:28:03 304692 25091
10:29:04 108515 24453
10:30:04 538954 30334
10:31:04 16133 25857
10:32:05 872170 82099
10:33:05 336659 16375
10:34:05 408176 22725
10:35:05 645519 42543
10:36:06 163709 15590
10:37:06 233965 12829
10:38:07 204174 12489
10:39:07 183043 12170
10:40:08 133574 10404
10:41:08 87590 8198
10:42:09 851489 122304
10:43:09 615684 32825
10:44:09 483234 34828
10:45:10 664634 50869
10:46:10 281799 31268
10:47:13 169454 21201
10:48:15 457526 36620
10:49:14 450286 26153
10:50:13 235221 12738
10:51:15 403575 44025
10:52:12 327111 15145
10:53:12 131408 6402
10:54:13 351314 11247
10:55:13 280240 13489
10:56:14 445275 36340
10:57:15 245133 22237
10:58:16 636306 35820
10:59:16 951895 31308
11:00:16 260997 16926
11:01:17 749807 52871
11:02:17 188189 12493
11:03:17 166063 10612
11:04:17 241685 11102
11:05:18 560555 37106
11:06:18 228846 21168
11:07:19 169457 96832
11:08:19 481237 27632
11:09:22 266707 19884
11:10:20 272432 16252
11:11:20 274929 30855
11:12:20 633744 42675
11:13:21 318203 22817
11:14:21 329291 21334
11:15:22 134209 14421
11:16:23 165973 18516
11:17:23 393640 15906
11:18:23 273205 21903
11:19:24 237974 27434
11:20:24 159154 34041
11:21:24 545078 46844
11:22:25 165955 41063
11:23:25 354263 74393
11:24:25 397016 60243
11:25:25 306314 28282
11:26:25 285904 17974
11:27:26 18574 4965
11:28:27 170510 16527
11:29:29 172328 18503
11:30:26 298932 30594
11:31:27 625024 64133
11:32:27 984696 75345
11:33:28 207413 17288
11:34:28 575894 80651
11:35:29 344806 24370
11:36:33 689422 46681
11:37:31 269765 28508
11:38:31 153814 9696
11:39:33 647173 30328
11:40:33 375242 242539
11:41:32 330029 54686
11:42:34 447270 38657
11:43:32 339601 21669
11:44:33 441172 25399
11:45:33 271780 11952
11:46:34 160171 26698
11:47:34 940760 39239
11:48:34 431914 36420
11:49:35 552398 31861
11:50:54 748115 44763
11:51:36 480830 63286
11:52:36 408125 35442
11:53:37 232914 11595
11:54:37 474140 19152
11:55:37 1130990 39338
11:56:38 175186 9757
11:57:38 581654 36734
11:58:38 424468 37405
11:59:38 255152 10518
12:00:39 244594 14501
12:01:39 314571 21290
12:02:39 462444 77952
12:03:40 1172757 59617
12:04:41 223088 13328
12:05:40 589459 25423
12:06:41 278985 17539
12:07:41 243230 24702
12:08:42 183020 20445
12:09:43 184484 6784
12:10:42 449228 13303
12:11:45 280669 40493
12:12:42 352630 46824
12:13:42 273439 16610
12:14:43 910962 36517
12:15:43 469377 33375
12:16:44 188992 9767
12:17:45 267470 16104
12:18:45 413248 43895
12:19:46 407780 28064
12:20:46 214838 13855
12:21:46 298266 15395
12:22:46 894434 39342
12:23:46 192791 17346
12:24:47 863799 31975
12:25:47 450138 17088
12:26:47 159121 8420
12:27:48 284520 27576
12:28:48 467664 32881
12:29:48 250736 13239
12:30:49 338824 12804
12:31:53 245424 21580
12:32:49 340088 25445
12:33:49 191730 20134
12:34:49 1169031 82508
12:35:50 409582 37854
12:36:50 298720 29457
12:37:50 577930 51305
12:38:51 220432 11439
12:39:51 318500 62158
12:40:51 655283 47220
12:41:51 242572 19799
12:42:52 208389 15182
12:43:52 349580 44694
12:44:52 348703 19100
12:45:52 344812 18191
12:46:54 176645 23343
12:47:52 127026 12700
12:48:53 165749 12806
12:49:53 536343 40885
12:50:53 326632 38980
12:51:53 276363 40583
12:52:54 598869 58469
12:53:54 505607 44280
12:54:54 314502 19039
12:55:54 184063 65799
12:56:54 100517 13570
12:57:55 353540 34547
12:58:55 466380 38329
12:59:55 268243 30797
13:00:56 234474 54867
13:01:56 724597 33291
13:02:56 165119 45160
13:03:56 523422 35803
13:04:56 238309 17322
13:05:57 372217 28962
13:07:18 337120 22735
13:07:57 201346 127167
13:08:57 158652 10438
13:09:57 140454 12579
13:10:58 185383 17366
13:11:58 240611 18196
13:12:58 252605 31206
13:13:58 204853 7626
13:14:58 339740 22233
13:15:59 203711 34825
13:16:59 119045 7872
13:17:59 67536 7018
13:18:59 171096 12178
13:19:59 330606 18772
13:21:00 510993 40499
13:22:00 683237 39578
13:23:01 137932 33470
13:24:01 541473 29515
13:25:02 268536 20979
13:26:01 497140 23665
13:27:02 106333 45660
13:28:02 167327 13111
13:29:02 131136 8448
13:30:03 125054 13004
13:31:03 336780 64816
13:32:03 649049 27632
13:33:04 1031678 74216
13:34:04 190036 35986
13:35:04 127922 10518
13:36:04 277983 23999
13:37:05 123206 12002
13:38:05 952233 89840
13:39:05 348470 31034
13:40:05 190724 21004
13:41:06 405427 32473
13:42:06 463769 37175
13:43:07 208946 17227
13:44:07 85526 7755
13:45:07 1030792 48684
13:46:08 472037 179685
13:47:09 332630 25255
13:48:09 178905 10783
13:49:09 276062 26193
13:50:09 219881 10416
13:51:10 169703 29653
13:52:10 -1 -1
13:53:11 609289 27299
13:54:12 125093 13749
13:55:12 350438 27977
13:56:12 497864 40606
13:57:12 367222 31035
13:58:13 327624 27897
13:59:13 214635 17739
14:00:13 458688 29487
14:01:17 80078 7748
14:02:14 103364 19374
14:03:14 582171 34043
14:04:14 446119 33397
14:05:15 66400 6261
14:06:15 314834 20115
14:07:15 261062 17508
14:08:15 155513 11945
14:09:16 839925 55798
14:10:17 201428 11715
14:11:18 194509 25495
14:12:18 201414 11985
14:13:18 280044 14274
14:14:19 1071933 36228
14:15:19 533572 43272
14:16:19 176744 13383
14:17:19 85186 8712
14:18:19 239426 38171
14:19:20 489718 30106
14:20:20 83736 61849
14:21:20 194795 16463
14:22:20 574488 74679
14:23:21 938822 35234
14:24:22 718016 37096
14:25:22 123625 32810
14:26:22 195858 24369
14:27:23 474499 48005
14:28:23 197732 32429
14:29:24 1060943 68580
14:30:23 632473 194524
14:31:24 207249 17448
14:32:24 145151 12455
14:33:25 791104 48235
14:34:25 947663 56634
14:35:25 191524 73002
14:36:26 964445 53339
14:37:27 670877 35757
14:38:27 289345 38154
14:39:27 1057205 51328
14:40:27 291549 33026
14:41:28 689734 40588
14:42:28 696804 24420
14:43:29 555030 72918
14:44:30 1064593 38878
14:45:33 592264 30537
14:46:31 1066652 50355
14:47:31 587264 68172
14:48:32 499994 46358
14:49:32 195948 27374
14:50:34 898214 28023
14:51:33 1034464 70847
14:52:38 1066335 74093
14:53:34 311150 40826
14:54:34 1071064 47869
14:55:35 1062956 66639
14:56:34 1061899 39351
14:57:35 1058610 49536
14:58:35 130944 7388
14:59:35 897885 47284
15:00:35 995404 41050
15:01:35 1066286 48566
15:02:36 345088 24757
15:03:45 150769 21249
15:04:37 388840 24798
15:05:36 692619 38775
15:06:37 347743 33636
15:07:37 1142422 70553
15:08:37 394329 24466
15:09:37 407969 28425
15:10:37 222789 11279
15:11:38 463878 55965
15:12:40 320815 41699
15:13:39 673956 36421
15:14:39 309645 21215
15:15:40 714585 58141
15:16:40 140425 13247
15:17:40 516754 28171
15:18:41 400820 27398
15:19:41 384672 21137
15:20:41 427743 29529
15:21:41 616697 46052
15:22:41 711186 50455
15:23:41 564861 31602
15:24:42 266161 21144
15:25:43 604593 38572
15:26:42 373002 50009
15:27:42 278984 23083
15:28:43 372020 29258
15:29:43 785111 42399
15:30:44 369567 16827
15:31:44 656493 33764
15:32:44 646754 20723
15:33:44 223613 23168
15:34:45 622495 26346
15:35:47 429839 21239
15:36:46 707272 34157
15:37:45 1152727 77542
15:38:45 832540 46657
15:39:45 559202 46762
15:40:46 338220 23396
15:41:46 523150 35446
15:42:46 654235 44159
15:43:46 338620 26751
15:44:47 411342 27617
15:45:47 611210 74928
15:46:47 986302 61680
15:47:47 889486 33919
15:48:48 521689 36314
15:49:48 485543 30788
15:50:48 399043 32815
15:51:49 734036 49571
15:52:49 596564 28865
15:53:49 758972 37728
15:55:07 429556 33215
15:55:49 372577 27586
15:56:50 292401 22606
15:57:50 559752 28333
15:58:50 719712 51523
15:59:50 333963 24184
16:00:52 518367 34563
16:01:51 274490 41808
16:02:51 610666 47824
16:03:51 296021 25703
16:04:52 476873 81650
16:05:54 185965 25955
16:06:52 305001 42361
16:08:01 285477 20076
16:08:52 1165781 51755
16:09:55 173827 19110
16:10:56 171610 27401
16:11:57 822655 37378
16:12:53 225343 34545
16:13:54 198094 18310
16:14:54 204715 13612
16:15:57 437798 31761
16:16:54 423712 26522
16:17:57 902729 36751
16:18:55 283778 15829
16:19:55 651765 56827
16:20:55 254729 50428
16:21:55 243845 30904
16:22:56 236212 13954
16:23:56 787261 35772
16:24:56 704433 41303
16:25:56 510964 42541
16:26:56 158537 15229
16:27:57 267014 17858
16:28:57 210384 15719
16:30:00 519402 26980
16:30:59 581353 49169
16:31:58 426088 20306
16:32:58 332992 30228
16:33:59 392241 47255
16:34:59 364922 19498
16:36:02 375216 18091
16:36:59 147922 13776
16:38:02 292482 23670
16:39:00 164867 18457
16:40:00 28243 10974
16:41:00 176668 10925
16:42:01 299890 36751
16:43:01 85620 15159
16:44:01 188766 20488
16:45:07 64395 11441
16:46:06 68675 150783
16:47:07 210164 22861
16:48:02 303050 24100
16:49:07 376238 28609
16:50:02 180653 23418
16:51:05 486210 38201
16:52:02 305122 23273
16:53:07 125325 29910
16:54:03 43821 6101
16:55:04 47059 14563
16:56:04 175081 25404
16:57:04 31121 20424
16:58:05 353054 68848
16:59:05 240115 16619
17:00:05 327493 38452
17:01:05 160729 133104
17:02:05 183829 19374
17:03:06 642057 106750
17:04:06 426330 138778
17:05:07 708062 53997
17:06:07 331171 24711
17:07:07 494442 23215
17:08:07 705543 29231
17:09:08 266157 22895
17:10:08 315260 28406
17:11:08 607862 36010
17:12:08 411685 36816
17:13:08 295334 44711
17:14:09 133698 15236
17:15:09 527306 57670
17:16:09 223361 24424
17:17:09 278725 14601
17:18:10 344781 28822
17:19:10 368496 30700
17:20:10 395877 25156
17:21:11 225068 106386
17:22:11 404519 52724
17:23:11 404663 15962
17:24:11 553268 21818
17:25:12 161805 9034
17:26:12 86175 23076
17:27:24 235488 27233
17:28:12 441631 25184
17:29:13 524736 24482
17:30:15 394965 23046
17:31:13 360204 55871
17:32:16 168178 7691
17:33:14 317826 38266
17:34:19 513625 36098
17:35:14 46532 6996
17:36:15 632978 65348
17:37:15 314990 17211
17:38:16 316431 16890
17:39:16 981512 40373
17:40:16 314369 27855
17:41:16 143097 10018
17:42:17 278680 15188
17:43:18 527805 43567
17:44:18 989131 35684
17:45:18 563488 29905
17:46:19 476857 28850
17:47:19 309761 16734
17:48:19 379835 18308
17:49:19 183333 15151
17:50:24 928192 54238
17:51:20 433789 47587
17:52:20 143774 11618
17:53:20 429191 20373
17:54:20 226402 12080
17:55:21 351116 31237
17:56:21 228690 11477
17:57:21 370754 27234
17:58:21 254386 11602
17:59:22 169957 11413
18:00:22 215839 13749
18:01:22 236686 11376
18:02:23 455053 21596
18:03:23 224028 15084
18:04:23 123824 12536
18:05:23 346034 20349
18:06:24 165382 8931
18:07:26 132414 8043
18:08:27 278518 21077
18:09:24 199930 11890
18:10:25 196882 10347
18:11:25 294272 22580
18:12:25 346232 19885
18:13:25 416871 25106
18:14:26 331452 21521
18:15:26 290745 34363
18:16:26 292966 17297
18:17:27 366327 27959
18:18:27 218560 13571
18:19:27 164774 9093
18:20:27 223859 16033
18:21:27 290382 16850
18:22:28 338950 12698
18:23:29 251720 12324
18:24:29 200342 13279
18:25:49 -1 -1
18:26:30 302005 19966
18:27:30 332401 22971
18:28:31 99287 8482
18:29:31 322997 18587
18:30:31 568822 25478
18:31:32 296799 26240
18:32:33 644794 52020
18:33:32 297626 52909
18:34:32 191275 28315
18:35:32 470128 47856
18:36:33 165148 24220
18:37:33 729902 46443
18:38:33 276286 54186
18:39:34 285319 22936
18:40:34 179832 19914
18:41:34 185519 24630
18:42:34 184395 51085
18:43:35 178944 14614
18:44:35 201797 28681
18:45:35 131381 6545
18:46:35 241435 12331
18:47:35 209021 15875
18:48:36 282514 52247
18:49:36 553987 33483
18:50:36 553594 53674
18:51:36 143943 64802
18:52:37 206154 9537
18:53:37 171756 12125
18:54:37 306805 35105
18:55:37 200053 53930
18:56:37 430867 71371
18:57:38 512632 51820
18:58:38 125170 19395
18:59:38 156002 9351
19:00:38 297820 17465
19:01:39 679624 58798
19:02:39 368580 33818
19:03:39 118971 75682
19:04:39 314488 31535
19:05:39 150156 47528
19:06:40 141027 21976
19:07:40 109812 25217
19:08:40 200739 14315
19:09:40 332349 21674
19:10:41 125517 10411
19:11:41 84483 11945
19:12:41 168867 12538
19:13:44 420139 24921
19:14:42 421646 22326
19:15:42 38257 11977
19:16:42 56008 7306
19:17:42 129576 11815
19:18:42 426302 23856
19:19:43 18766 5244
19:20:43 39781 6341
19:21:43 98912 10488
19:22:43 368543 30580
19:23:43 90814 10723
19:24:47 109081 11458
19:25:44 119787 14403
19:26:44 221726 16898
19:27:46 107368 47491
19:28:44 78372 9287
19:29:45 290850 21702
19:30:45 296130 35763
19:31:46 89533 20989
19:32:45 43265 30082
19:33:47 220240 12381
19:34:47 58060 7691
19:35:47 95627 32075
19:36:48 420414 22668
19:37:48 260778 45448
19:38:48 164451 35706
19:39:48 264385 20871
19:40:49 113220 14279
19:41:49 295395 46418
19:42:58 139941 19628
19:43:49 262883 28950
19:44:49 447031 49660
19:45:50 351632 24052
19:46:50 91482 50542
19:47:50 234180 130866
19:48:50 282370 46235
19:49:51 545384 123723
19:50:51 123783 22806
19:51:51 112213 61021
19:52:51 -4294047110 78203
19:53:51 159887 30890
19:54:52 223486 19406
19:55:55 421360 64891
19:56:55 208512 29907
19:57:52 179912 51093
19:58:53 117514 57483
19:59:53 134815 35072
20:00:53 354630 31433
20:01:53 152360 12555
20:02:53 140143 12827
20:03:53 196810 12169
20:04:54 120140 6378
20:05:54 356951 18951
20:06:57 213254 30965
20:07:57 249125 29274
20:08:55 201730 25269
20:09:55 149089 39830
20:10:55 191837 49946
20:11:55 678985 35483
20:12:55 110830 14825
20:13:56 453786 39232
20:14:56 131609 28909
20:15:56 68147 41679
20:16:56 196508 28859
20:18:03 778141 35893
20:18:57 502941 91796
20:19:57 92545 12332
20:20:57 265241 32172
20:21:57 507303 40915
20:22:57 242267 32762
20:23:58 258874 23769
20:24:58 239764 30477
20:25:58 267025 57157
20:26:59 132382 22199
20:28:02 239544 13037
20:28:59 193400 21809
20:29:59 200749 13587
20:30:59 229722 27601
20:32:00 318762 22064
20:33:00 172776 7583
20:34:00 554049 55621
20:35:00 262966 22806
20:36:00 100771 20930
20:37:01 408948 55020
20:38:01 172585 12273
20:39:01 276455 18898
20:40:01 165451 6022
20:41:01 319858 22961
20:42:02 318366 25899
20:43:02 148330 11575
20:44:02 430024 26874
20:45:02 140282 16124
20:46:03 288751 31073
20:47:03 338055 13760
20:48:05 125671 14584
20:49:03 324535 37417
20:50:04 192476 36880
20:51:04 175875 34589
20:52:04 102379 10364
20:53:04 180238 22390
20:54:04 436870 15960
20:55:04 628849 22307
20:56:05 451787 41604
20:57:05 327313 20836
20:58:05 176075 9113
20:59:08 290825 13585
21:00:05 620332 23998
21:01:06 315633 37495
21:02:06 445709 38777
21:03:06 222317 21092
21:04:06 487465 44076
21:05:07 336725 25043
21:06:07 45941 11543
21:07:07 207867 15228
21:08:07 700030 63031
21:09:07 230435 14729
21:10:11 642548 34891
21:11:08 512624 38656
21:12:08 147600 10624
21:13:08 112384 14834
21:14:08 339147 23534
21:15:09 232378 17664
21:16:09 121747 21636
21:17:09 114302 14229
21:18:09 67684 16630
21:19:10 38902 6631
21:20:10 301292 22863
21:21:10 362685 41481
21:22:10 187645 33088
21:23:31 393870 16944
21:24:11 117459 10714
21:25:11 286176 23799
21:26:11 42720 7446
21:27:11 294840 31167
21:28:12 342188 33600
21:29:15 82077 11307
21:30:12 266899 19036
21:31:12 205945 49850
21:32:14 137958 10829
21:33:13 332592 33896
21:34:13 38170 6512
21:35:18 1065296 62134
21:36:14 375621 40829
21:37:17 343763 18914
21:38:14 469162 26308
21:39:14 722976 45244
21:40:14 381026 28201
21:41:14 233709 19764
21:42:15 635872 37113
21:43:15 110782 9511
21:44:16 316854 32512
21:45:16 107404 6703
21:46:16 128600 14277
21:47:16 216795 21320
21:48:16 558474 22483
21:49:16 510353 30472
21:50:17 445705 34254
21:51:17 394490 26027
21:52:17 466898 28762
21:53:17 132651 10733
21:54:18 335007 17098
21:55:18 193269 10280
21:56:18 191385 11790
21:57:18 168601 12985
21:58:18 226848 12296
21:59:19 357841 31406
22:00:19 178966 22532
22:01:19 292524 30011
22:02:20 243344 13934
22:03:20 437940 22239
22:04:20 289573 20785
22:05:21 447610 27912
22:06:21 370906 44168
22:07:24 201844 12919
22:08:21 443255 77576
22:09:22 178893 8999
22:10:22 119162 6420
22:11:26 137129 23038
22:12:23 121309 6793
22:13:23 278569 12324
22:14:25 413801 16555
22:15:23 86555 10027
22:16:23 201302 18826
22:17:23 170202 8975
22:18:24 141026 8474
22:19:24 380925 23258
22:20:24 169658 18839
22:21:28 98325 15780
22:22:28 437946 37354
22:23:25 128789 7249
22:24:25 334294 17346
22:25:25 437864 21389
22:26:26 244088 22258
22:27:26 189136 18151
22:28:26 287289 17070
22:29:26 122462 5729
22:30:27 183436 7558
22:31:27 226364 15514
22:32:27 290893 15089
22:33:27 252412 18376
22:34:28 182637 12740
22:35:28 164994 21625
22:36:28 135954 13810
22:37:28 133695 9950
22:38:29 168418 12932
22:39:29 165067 15118
22:40:29 344598 39816
22:41:30 206341 25061
22:42:30 265749 29946
22:43:30 48440 5251
22:44:30 130986 27097
22:45:38 509755 78776
22:46:32 110888 9129
22:47:31 86809 12302
22:48:31 511398 30989
22:49:34 25892 4175
22:50:32 138597 57042
22:51:32 261161 25013
22:52:32 130510 45943
22:53:33 184006 16563
22:54:36 122987 19226
22:55:33 37282 6930
22:56:33 132585 10666
22:57:33 53178 6688
22:58:34 247569 15754
22:59:34 354629 58936
23:00:35 367342 44877
23:01:35 631288 33913
23:02:35 895925 82423
23:03:36 194939 13907
23:04:36 69278 8647
23:05:36 193503 48170
23:06:36 419475 36667
23:07:36 149147 13557
23:08:36 68485 6138
23:09:37 291643 17360
23:10:37 272068 22015
23:11:37 306196 16706
23:12:37 200577 11404
23:13:38 188326 10056
23:14:38 209707 12471
23:15:38 217590 11019
23:16:50 190451 9446
23:17:39 180182 14244
23:18:39 121324 5978
23:19:39 191138 56393
23:20:40 223345 15821
23:21:42 355161 22077
23:22:40 275204 78227
23:23:40 202298 13157
23:24:41 361480 28755
23:25:41 185371 9024
23:26:47 245559 12451
23:27:44 110609 5845
23:28:42 474797 71187
23:29:44 204877 23809
23:30:42 201908 10988
23:31:45 174408 16619
23:32:43 175985 12385
23:33:43 419565 18397
23:34:43 85761 3973
23:35:44 181262 10712
23:36:44 276624 19000
23:37:44 236748 12499
23:38:44 185979 10804
23:39:45 124918 6299
23:40:45 579818 43340
23:41:45 144859 4883
23:42:49 234374 23818
23:43:46 180506 77628
23:44:46 309439 73041
23:45:47 322786 15229
23:46:47 125830 4973
23:47:51 271192 17472
23:49:10 202193 11583
23:49:49 331968 33391
23:50:50 224998 12906
23:51:50 551201 76105
23:52:51 206185 11428
23:53:52 225960 12773
23:54:53 244597 13896
23:55:53 312499 23612
23:56:54 287125 14976
23:57:55 250066 10928
23:58:54 252539 97160
23:59:55 188443 9438
