00:02:55 1
00:03:27 1
00:04:28 4
00:05:32 2
00:06:32 1
00:07:32 1
02:00:09 0
02:01:10 1
02:02:10 2
02:03:11 2
02:04:11 0
02:05:12 0
02:06:12 1
02:07:13 1
02:08:13 2
02:09:13 0
02:10:14 2
02:11:14 1
02:12:14 2
02:13:15 0
02:14:15 1
02:15:16 1
02:16:16 0
02:17:16 1
02:18:17 1
02:19:18 1
02:20:18 1
02:21:19 1
02:22:19 1
02:23:19 2
02:24:20 0
02:25:20 0
02:26:21 1
02:27:21 2
02:28:21 2
02:29:22 1
02:30:22 1
02:31:23 0
02:32:23 1
02:33:24 1
02:34:24 0
02:35:24 3
02:36:25 4
02:37:25 0
02:38:25 1
02:39:26 1
02:40:26 1
02:41:27 0
02:42:27 4
02:43:27 1
02:44:28 3
02:45:28 1
02:46:29 1
02:47:29 2
02:48:29 1
02:49:30 2
02:50:30 1
02:51:31 1
02:52:31 0
02:53:31 1
02:54:32 0
02:55:32 0
02:56:33 3
02:57:33 1
02:58:33 2
02:59:34 2
03:00:34 1
03:01:35 1
03:02:35 0
03:03:35 0
03:04:36 1
03:05:36 2
03:06:37 1
03:07:37 1
03:08:38 1
03:09:38 2
03:10:38 0
03:11:39 0
03:12:39 0
03:13:39 1
03:14:40 1
03:15:40 1
03:16:40 0
03:17:41 2
03:18:41 7
03:19:42 1
03:20:42 1
03:21:42 2
03:22:43 0
03:23:43 0
03:24:43 0
03:25:44 3
03:26:44 0
03:27:44 1
03:28:44 0
03:29:45 1
03:30:45 1
03:31:45 2
03:32:46 1
03:33:46 6
03:34:46 0
03:35:47 1
03:36:47 0
03:37:48 1
03:38:48 0
03:39:48 2
03:40:49 0
03:41:49 1
03:42:49 1
03:43:50 2
03:44:50 1
03:45:51 2
03:46:51 1
03:47:51 0
03:48:51 0
03:49:52 0
03:50:52 1
03:51:52 0
03:52:53 1
03:53:53 4
03:54:53 2
03:55:54 2
03:56:54 1
03:57:54 0
03:58:55 2
03:59:55 0
04:00:57 1
04:01:56 0
04:02:56 0
04:03:56 0
04:04:57 0
04:05:57 1
04:06:57 4
04:07:58 1
04:08:58 3
04:09:59 1
04:10:59 2
04:11:59 0
04:13:00 0
04:14:00 0
04:15:00 1
04:16:01 1
04:17:01 1
04:18:01 2
04:19:01 1
04:20:02 1
04:21:02 0
04:22:02 1
04:23:03 0
04:24:03 1
04:25:04 1
04:26:04 3
04:27:04 3
04:28:05 1
04:29:05 2
04:30:05 1
04:31:06 1
04:32:06 0
04:33:06 2
04:34:07 6
04:35:07 0
04:36:07 1
04:37:08 2
04:38:08 0
04:39:08 1
04:40:09 2
04:41:09 1
04:42:10 1
04:43:10 2
04:44:10 0
04:45:11 0
04:46:11 0
04:47:11 1
04:48:12 31
04:49:12 0
04:50:12 3
04:51:13 1
04:52:13 1
04:53:13 1
04:54:14 1
04:55:14 0
04:56:14 1
04:57:15 6
04:58:15 0
04:59:16 1
05:00:16 0
05:01:16 1
05:02:16 2
05:03:17 3
05:04:17 2
05:05:18 2
05:06:18 1
05:07:18 2
05:08:19 1
05:09:19 0
05:10:19 2
05:11:20 1
05:12:20 1
05:13:20 5
05:14:21 2
05:15:21 2
05:16:21 1
05:17:22 2
05:18:22 1
05:19:23 2
05:20:23 2
05:21:23 2
05:22:24 1
05:23:24 2
05:24:24 2
05:25:25 0
05:26:26 1
05:27:25 1
05:28:26 2
05:29:26 3
05:30:26 3
05:31:27 1
05:32:27 1
05:33:27 2
05:34:28 4
05:35:28 0
05:36:29 0
05:37:29 2
05:38:29 3
05:39:29 2
05:40:30 3
05:41:30 1
05:42:30 1
05:43:31 4
05:44:31 1
05:45:31 2
05:46:32 0
05:47:32 1
05:48:32 2
05:49:33 5
05:50:33 1
05:51:33 2
05:52:34 1
05:53:34 2
05:54:34 2
05:55:35 3
05:56:35 4
05:57:36 1
05:58:36 0
05:59:36 2
06:00:38 2
06:01:38 2
06:02:38 1
06:03:38 1
06:04:38 1
06:05:39 1
06:06:39 0
06:07:40 3
06:08:40 0
06:09:40 3
06:10:41 1
06:11:41 2
06:12:41 1
06:13:42 2
06:14:42 0
06:15:42 4
06:16:43 1
06:17:43 0
06:18:44 0
06:19:44 1
06:20:44 0
06:21:45 0
06:22:45 1
06:23:45 1
06:24:46 2
06:25:46 0
06:26:46 1
06:27:47 1
06:28:47 3
06:29:47 1
06:30:48 0
06:31:48 0
06:32:48 0
06:33:49 2
06:34:49 1
06:35:49 1
06:36:50 0
06:37:50 0
06:38:50 0
06:39:51 1
06:40:51 0
06:41:51 0
06:42:52 0
06:43:52 0
06:44:52 1
06:45:53 1
06:46:53 1
06:47:53 1
06:48:54 1
06:49:54 0
06:50:54 2
06:51:55 0
06:52:55 1
06:53:55 0
06:54:56 0
06:55:56 0
06:56:56 0
06:57:57 1
06:58:57 1
06:59:57 1
07:00:58 1
07:01:58 1
07:02:58 0
07:03:59 1
07:04:59 0
07:05:59 0
07:07:00 0
07:08:00 1
07:09:00 1
07:10:01 1
07:11:01 1
07:12:01 1
07:13:02 1
07:14:02 1
07:15:02 0
07:16:03 3
07:17:03 2
07:18:03 2
07:19:04 0
07:20:04 0
07:21:04 1
07:22:05 1
07:23:05 1
07:24:05 1
07:25:06 0
07:26:07 4
07:27:07 1
07:28:07 0
07:29:07 0
07:30:08 1
07:31:08 1
07:32:08 0
07:33:09 1
07:34:09 2
07:35:09 1
07:36:10 2
07:37:10 0
07:38:10 2
07:39:11 1
07:40:11 0
07:41:11 0
07:42:12 3
07:43:12 0
07:44:12 1
07:45:13 2
07:46:13 2
07:47:13 2
07:48:13 1
07:49:14 0
07:50:14 2
07:51:15 3
07:52:15 0
07:53:15 4
07:54:15 6
07:55:16 6
07:56:16 3
07:57:16 1
07:58:17 5
07:59:17 4
08:00:17 2
08:01:18 0
08:02:18 2
08:03:18 1
08:04:19 3
08:05:19 0
08:06:19 4
08:07:19 3
08:08:20 1
08:09:20 2
08:10:20 0
08:11:21 1
08:12:21 8
08:13:21 2
08:14:22 1
08:15:22 2
08:16:22 0
08:17:23 1
08:18:23 2
08:19:23 0
08:20:24 1
08:21:24 1
08:22:24 1
08:23:25 6
08:24:25 2
08:25:26 3
08:26:26 2
08:27:26 0
08:28:27 1
08:29:27 1
08:30:27 1
08:31:28 4
08:32:28 1
08:33:28 1
08:34:29 5
08:35:29 1
08:36:29 2
08:37:30 1
08:38:30 1
08:39:30 1
08:40:31 1
08:41:31 0
08:42:32 1
08:43:32 1
08:44:32 1
08:45:32 0
08:46:33 2
08:47:33 6
08:48:34 4
08:49:34 0
08:50:34 0
08:51:34 0
08:52:35 1
08:53:35 1
08:54:36 2
08:55:37 4
08:56:37 5
08:57:37 2
08:58:38 1
08:59:38 0
09:00:39 1
09:01:39 4
09:02:39 0
09:03:39 6
09:04:40 3
09:05:40 3
09:06:40 1
09:07:40 3
09:08:40 0
09:09:41 3
09:10:41 2
09:11:41 1
09:12:42 4
09:13:42 4
09:14:42 2
09:15:42 6
09:16:43 3
09:17:43 4
09:18:44 3
09:19:44 9
09:20:44 5
09:21:44 11
09:22:45 2
09:23:45 5
09:24:45 1
09:25:45 2
09:26:46 4
09:27:46 4
09:28:46 1
09:29:47 2
09:30:47 0
09:31:47 9
09:32:48 2
09:33:48 3
09:34:48 0
09:35:48 3
09:36:49 6
09:37:49 5
09:38:50 2
09:39:50 4
09:40:50 5
09:41:51 9
09:42:51 2
09:43:51 4
09:44:51 1
09:45:52 7
09:46:52 5
09:47:52 2
09:48:52 3
09:49:53 1
09:50:53 4
09:51:53 2
09:52:53 2
09:53:54 6
09:54:54 8
09:55:54 1
09:56:54 6
09:57:54 2
09:58:55 4
09:59:55 4
10:00:55 5
10:01:56 6
10:02:56 5
10:03:56 4
10:04:56 4
10:05:56 4
10:06:57 1
10:07:57 3
10:08:57 3
10:09:57 1
10:10:58 1
10:11:58 1
10:12:58 4
10:13:58 4
10:14:59 3
10:15:59 6
10:16:59 1
10:18:00 4
10:19:00 2
10:20:00 2
10:21:01 2
10:22:01 5
10:23:03 1
10:24:03 2
10:25:04 5
10:26:04 7
10:27:05 9
10:28:05 2
10:29:05 5
10:30:06 6
10:31:06 3
10:32:06 4
10:33:07 1
10:34:07 2
10:35:07 3
10:36:07 11
10:37:08 2
10:38:09 1
10:39:09 5
10:40:10 3
10:41:10 1
10:42:10 1
10:43:11 2
10:44:11 6
10:45:11 5
10:46:12 2
10:47:12 5
10:48:12 2
10:49:13 3
10:50:13 5
10:51:13 6
10:52:14 10
10:53:14 12
10:54:14 2
10:55:15 2
10:56:16 8
10:57:16 4
10:58:18 2
10:59:18 1
11:00:18 8
11:01:18 4
11:02:19 2
11:03:19 2
11:04:19 1
11:05:20 2
11:06:20 2
11:07:20 1
11:08:21 1
11:09:21 4
11:10:21 8
11:11:22 1
11:12:22 6
11:13:22 5
11:14:23 0
11:15:24 8
11:16:25 7
11:17:25 5
11:18:25 4
11:19:25 2
11:20:26 4
11:21:26 3
11:22:26 3
11:23:26 6
11:24:27 2
11:25:27 4
11:26:27 3
11:27:28 3
11:28:28 0
11:29:28 1
11:30:28 3
11:31:29 5
11:32:29 2
11:33:29 5
11:34:30 6
11:35:31 6
11:36:32 1
11:37:32 4
11:38:33 4
11:39:33 4
11:40:34 4
11:41:34 5
11:42:34 2
11:43:34 2
11:44:35 3
11:45:35 2
11:46:35 5
11:47:36 4
11:48:36 6
11:49:36 5
11:50:36 2
11:51:37 1
11:52:38 2
11:53:38 2
11:54:39 5
11:55:39 4
11:56:39 11
11:57:40 5
11:58:40 3
11:59:40 6
12:00:40 7
12:01:41 9
12:02:41 5
12:03:41 4
12:04:41 1
12:05:42 9
12:06:43 5
12:07:43 3
12:08:43 1
12:09:43 1
12:10:43 2
12:11:44 8
12:12:44 2
12:13:44 2
12:14:45 2
12:15:45 1
12:16:46 3
12:17:47 2
12:18:47 3
12:19:47 4
12:20:48 0
12:21:48 2
12:22:48 1
12:23:48 2
12:24:49 4
12:25:49 1
12:26:49 3
12:27:49 3
12:28:50 6
12:29:50 6
12:30:50 0
12:31:51 1
12:32:51 1
12:33:51 3
12:34:51 2
12:35:51 6
12:36:52 5
12:37:52 1
12:38:52 3
12:39:53 2
12:40:53 6
12:41:53 2
12:42:53 2
12:43:53 5
12:44:53 3
12:45:54 7
12:46:54 3
12:47:54 1
12:48:54 6
12:49:55 2
12:50:55 1
12:51:55 3
12:52:55 0
12:53:56 1
12:54:56 2
12:55:56 3
12:56:56 3
12:57:57 4
12:58:57 2
12:59:57 2
13:00:57 1
13:01:58 2
13:02:58 5
13:03:58 0
13:04:58 3
13:05:59 3
13:06:59 2
13:07:59 2
13:08:59 2
13:09:59 2
13:10:59 2
13:12:00 1
13:13:00 4
13:14:00 4
13:15:00 1
13:16:00 7
13:17:01 1
13:18:01 4
13:19:01 1
13:20:01 4
13:21:01 3
13:22:02 1
13:23:03 4
13:24:03 8
13:25:03 3
13:26:03 1
13:27:03 1
13:28:04 4
13:29:04 1
13:30:04 1
13:31:05 1
13:32:05 1
13:33:05 8
13:34:06 2
13:35:06 5
13:36:06 5
13:37:06 1
13:38:07 2
13:39:07 3
13:40:07 2
13:41:07 3
13:42:08 3
13:43:09 1
13:44:09 3
13:45:09 3
13:46:09 6
13:47:11 2
13:48:11 4
13:49:11 3
13:50:11 5
13:51:12 4
13:52:13 4
13:53:13 3
13:54:13 4
13:55:14 3
13:56:14 4
13:57:14 3
13:58:14 3
13:59:15 5
14:00:15 4
14:01:15 1
14:02:15 5
14:03:15 3
14:04:16 3
14:05:16 3
14:06:16 2
14:07:17 1
14:08:17 3
14:09:18 8
14:10:18 2
14:11:19 2
14:12:19 6
14:13:20 0
14:14:20 3
14:15:20 5
14:16:21 5
14:17:21 6
14:18:21 4
14:19:21 1
14:20:22 1
14:21:22 5
14:22:22 4
14:23:22 8
14:24:23 7
14:25:24 18
14:26:24 0
14:27:25 2
14:28:25 1
14:29:25 4
14:30:25 2
14:31:26 2
14:32:26 2
14:33:26 6
14:34:27 4
14:35:27 4
14:36:28 2
14:37:28 3
14:38:28 4
14:39:29 2
14:40:29 3
14:41:30 3
14:42:30 4
14:43:31 1
14:44:32 3
14:45:33 2
14:46:33 4
14:47:33 1
14:48:33 3
14:49:34 1
14:50:34 5
14:51:35 5
14:52:35 2
14:53:35 7
14:54:35 1
14:55:36 2
14:56:36 1
14:57:36 2
14:58:37 2
14:59:37 2
15:00:37 2
15:01:37 4
15:02:37 6
15:03:38 0
15:04:38 4
15:05:38 8
15:06:38 8
15:07:38 0
15:08:39 3
15:09:39 2
15:10:39 3
15:11:40 4
15:12:41 1
15:13:41 3
15:14:41 1
15:15:41 5
15:16:42 1
15:17:42 2
15:18:42 4
15:19:42 4
15:20:43 3
15:21:43 8
15:22:43 5
15:23:43 1
15:24:43 1
15:25:44 0
15:26:44 1
15:27:44 3
15:28:44 4
15:29:45 8
15:30:45 4
15:31:46 2
15:32:46 4
15:33:46 2
15:34:46 9
15:35:46 2
15:36:46 2
15:37:47 7
15:38:47 5
15:39:47 8
15:40:47 5
15:41:48 8
15:42:48 0
15:43:48 4
15:44:48 1
15:45:49 5
15:46:49 4
15:47:49 6
15:48:49 6
15:49:50 3
15:50:50 5
15:51:50 1
15:52:51 6
15:53:51 3
15:54:51 6
15:55:51 2
15:56:51 2
15:57:52 4
15:58:52 2
15:59:52 9
16:00:52 2
16:01:53 6
16:02:53 2
16:03:53 2
16:04:53 4
16:05:53 8
16:06:54 10
16:07:54 3
16:08:54 8
16:09:54 4
16:10:54 7
16:11:55 3
16:12:55 5
16:13:55 2
16:14:56 9
16:15:56 6
16:16:56 3
16:17:56 3
16:18:56 1
16:19:56 3
16:20:57 2
16:21:57 4
16:22:57 3
16:23:57 4
16:24:58 6
16:25:58 5
16:26:58 7
16:27:58 1
16:28:59 7
16:29:59 4
16:30:59 7
16:31:59 3
16:32:59 6
16:34:00 1
16:35:01 5
16:36:01 1
16:37:01 3
16:38:01 2
16:39:02 2
16:40:02 25
16:41:02 2
16:42:02 3
16:43:03 6
16:44:03 2
16:45:03 5
16:46:03 0
16:47:03 1
16:48:04 1
16:49:04 8
16:50:04 21
16:51:04 2
16:52:04 2
16:53:04 3
16:54:05 2
16:55:05 1
16:56:06 3
16:57:06 2
16:58:06 9
16:59:06 6
17:00:07 4
17:01:07 0
17:02:07 4
17:03:07 5
17:04:08 2
17:05:08 7
17:06:09 6
17:07:09 7
17:08:09 6
17:09:09 5
17:10:09 3
17:11:10 1
17:12:10 5
17:13:10 2
17:14:10 5
17:15:11 3
17:16:11 5
17:17:11 8
17:18:11 2
17:19:12 2
17:20:12 3
17:21:12 2
17:22:12 5
17:23:13 2
17:24:13 7
17:25:13 4
17:26:14 2
17:27:14 2
17:28:14 3
17:29:14 6
17:30:15 2
17:31:15 2
17:32:15 3
17:33:16 1
17:34:16 2
17:35:16 2
17:36:16 10
17:37:17 2
17:38:17 4
17:39:18 3
17:40:18 2
17:41:18 3
17:42:18 3
17:43:19 1
17:44:20 2
17:45:20 1
17:46:20 2
17:47:20 1
17:48:21 2
17:49:21 1
17:50:21 8
17:51:22 3
17:52:22 2
17:53:22 2
17:54:22 4
17:55:23 4
17:56:23 1
17:57:23 1
17:58:23 5
17:59:24 8
18:00:24 2
18:01:24 9
18:02:24 4
18:03:24 0
18:04:25 6
18:05:25 2
18:06:25 4
18:07:26 2
18:08:26 2
18:09:26 1
18:10:26 9
18:11:27 1
18:12:27 4
18:13:27 4
18:14:27 2
18:15:28 5
18:16:28 0
18:17:28 1
18:18:28 1
18:19:29 4
18:20:29 2
18:21:29 2
18:22:30 2
18:23:31 4
18:24:31 3
18:25:31 1
18:26:32 0
18:27:32 6
18:28:33 4
18:29:33 2
18:30:33 2
18:31:34 4
18:32:34 3
18:33:34 1
18:34:34 2
18:35:34 2
18:36:34 0
18:37:35 2
18:38:35 7
18:39:35 4
18:40:36 0
18:41:36 1
18:42:36 0
18:43:36 1
18:44:36 1
18:45:37 4
18:46:37 2
18:47:37 2
18:48:37 3
18:49:38 1
18:50:38 6
18:51:38 5
18:52:38 3
18:53:39 0
18:54:39 8
18:55:39 1
18:56:39 3
18:57:39 2
18:58:40 3
18:59:40 1
19:00:40 1
19:01:40 1
19:02:41 13
19:03:41 4
19:04:41 4
19:05:41 3
19:06:41 1
19:07:42 2
19:08:42 1
19:09:42 2
19:10:42 0
19:11:42 1
19:12:43 0
19:13:43 4
19:14:43 7
19:15:44 3
19:16:44 2
19:17:44 6
19:18:44 2
19:19:44 1
19:20:45 2
19:21:45 0
19:22:45 1
19:23:45 3
19:24:46 2
19:25:46 2
19:26:46 11
19:27:46 2
19:28:46 5
19:29:47 6
19:30:47 4
19:31:47 0
19:32:47 0
19:33:48 0
19:34:49 5
19:35:49 7
19:36:49 5
19:37:50 6
19:38:50 8
19:39:50 3
19:40:50 1
19:41:51 2
19:42:51 0
19:43:51 3
19:44:51 1
19:45:51 4
19:46:52 8
19:47:52 2
19:48:52 1
19:49:52 1
19:50:52 0
19:51:53 2
19:52:53 5
19:53:53 3
19:54:53 2
19:55:53 4
19:56:54 4
19:57:54 6
19:58:54 4
19:59:54 8
20:00:55 6
20:01:55 2
20:02:55 2
20:03:55 0
20:04:56 0
20:05:56 4
20:06:56 2
20:07:56 5
20:08:56 0
20:09:56 5
20:10:57 5
20:11:57 4
20:12:57 2
20:13:57 1
20:14:57 2
20:15:58 2
20:16:58 1
20:17:58 1
20:18:58 29
20:19:59 6
20:20:59 1
20:21:59 1
20:22:59 3
20:24:00 4
20:25:00 2
20:26:00 1
20:27:00 2
20:28:01 2
20:29:01 3
20:30:01 2
20:31:01 15
20:32:01 3
20:33:02 8
20:34:02 5
20:35:02 2
20:36:02 1
20:37:02 1
20:38:03 6
20:39:03 1
20:40:03 2
20:41:03 0
20:42:04 2
20:43:04 1
20:44:04 1
20:45:04 3
20:46:04 0
20:47:05 0
20:48:05 5
20:49:05 1
20:50:05 5
20:51:05 1
20:52:06 1
20:53:06 4
20:54:06 7
20:55:06 3
20:56:06 7
20:57:07 2
20:58:07 2
20:59:07 1
21:00:07 2
21:01:07 5
21:02:08 3
21:03:08 4
21:04:08 5
21:05:08 4
21:06:09 0
21:07:09 2
21:08:09 8
21:09:09 0
21:10:09 1
21:11:09 0
21:12:10 1
21:13:10 7
21:14:10 3
21:15:10 2
21:16:10 4
21:17:11 5
21:18:11 2
21:19:11 6
21:20:12 3
21:21:12 0
21:22:12 1
21:23:12 4
21:24:13 3
21:25:13 3
21:26:13 0
21:27:13 1
21:28:14 0
21:29:14 2
21:30:14 4
21:31:14 1
21:32:14 2
21:33:15 1
21:34:15 1
21:35:15 2
21:36:15 3
21:37:15 2
21:38:16 3
21:39:16 0
21:40:16 1
21:41:16 0
21:42:17 1
21:43:17 1
21:44:17 0
21:45:17 2
21:46:17 0
21:47:18 3
21:48:18 5
21:49:18 2
21:50:18 1
21:51:19 1
21:52:19 1
21:53:19 0
21:54:19 1
21:55:20 4
21:56:20 1
21:57:20 0
21:58:20 2
21:59:21 0
22:00:21 4
22:01:21 2
22:02:22 2
22:03:22 4
22:04:22 2
22:05:22 3
22:06:23 4
22:07:23 2
22:08:23 4
22:09:23 6
22:10:23 1
22:11:23 12
22:12:24 2
22:13:24 2
22:14:24 1
22:15:25 0
22:16:25 3
22:17:25 1
22:18:25 2
22:19:26 0
22:20:26 9
22:21:26 4
22:22:26 1
22:23:27 1
22:24:27 1
22:25:27 8
22:26:27 0
22:27:27 1
22:28:28 2
22:29:28 1
22:30:28 1
22:31:29 3
22:32:29 1
22:33:29 0
22:34:29 1
22:35:29 0
22:36:30 2
22:37:30 2
22:38:30 6
22:39:31 2
22:40:31 1
22:41:31 25
22:42:32 1
22:43:32 1
22:44:32 2
22:45:32 0
22:46:33 10
22:47:33 1
22:48:33 1
22:49:33 1
22:50:33 2
22:51:34 2
22:52:34 4
22:53:34 1
22:54:35 1
22:55:35 2
22:56:35 1
22:57:35 1
22:58:36 1
22:59:36 0
23:00:36 0
23:01:36 0
23:02:37 0
23:03:37 1
23:04:37 1
23:05:37 5
23:06:38 5
23:07:38 1
23:08:38 3
23:09:39 4
23:10:39 4
23:11:39 5
23:12:39 3
23:13:39 1
23:14:40 1
23:15:40 0
23:16:40 3
23:17:41 4
23:18:41 2
23:19:41 6
23:20:42 1
23:21:42 0
23:22:42 0
23:23:42 3
23:24:42 3
23:25:43 1
23:26:43 1
23:27:43 2
23:28:43 1
23:29:44 0
23:30:44 3
23:31:44 0
23:32:44 3
23:33:45 1
23:34:45 0
23:35:45 0
23:36:46 3
23:37:46 2
23:38:46 1
23:39:47 1
23:40:47 1
23:41:47 1
23:42:48 0
23:43:48 1
23:44:48 1
23:45:49 3
23:46:49 4
23:47:50 0
23:48:50 1
23:49:51 1
23:50:52 3
23:51:52 0
23:52:53 0
23:53:54 2
23:54:54 4
23:55:55 2
23:56:56 0
23:57:55 3
23:58:56 1
23:59:56 2
