00:01:55 2245 16286
00:03:27 58615 3436
00:04:28 9114 10292
00:05:31 7509 7391
00:06:32 1484 1615
00:07:32 7334 3368
02:00:09 2606 4086
02:01:10 5816 20290
02:02:10 4742 13015
02:03:11 11360 35050
02:04:11 1832 1465
02:05:12 4278 5776
02:06:12 2969 1991
02:07:13 34121 23646
02:08:13 5208 2778
02:09:13 719 1304
02:10:14 5234 3212
02:11:14 267101 10028
02:12:14 2355 1369
02:13:15 221 950
02:14:15 99166 30167
02:15:16 5689 7278
02:16:16 1399 1449
02:17:16 4809 2346
02:18:17 5261 2899
02:19:18 3763 5843
02:20:18 1289 1345
02:21:19 51647 3932
02:22:19 38483 3160
02:23:19 4804 5741
02:24:20 1781 1199
02:25:20 587 377
02:26:21 2313 1780
02:27:21 155 722
02:28:21 18702 530884
02:29:22 3351 21934
02:30:22 2360 953
02:31:23 44512 35070
02:32:23 18786 1969
02:33:24 19012 2508
02:34:24 20155 3027
02:35:24 2592 20857
02:36:25 22575 7183
02:37:25 15377 5304
02:38:25 25773 57987
02:39:26 3760 2501
02:40:26 2986 1861
02:41:27 2013 25594
02:42:27 3119 3499
02:43:27 2741 2462
02:44:28 3161 4479
02:45:28 928 482
02:46:29 19713 12396
02:47:29 999 2067
02:48:29 4657 67492
02:49:30 1873 4121
02:50:30 8476 16921
02:51:31 7022 3415
02:52:31 55191 8349
02:53:31 3557 5575
02:54:32 1633 1115
02:55:32 6247 68198
02:56:33 48124 7727
02:57:33 2632 952
02:58:33 3623 42064
02:59:34 2115 33536
03:00:34 1517 1121
03:01:35 8963 178905
03:02:35 1240 755
03:03:35 5818 8536
03:04:36 1576 1057
03:05:36 20927 46480
03:06:37 2765 17844
03:07:37 4614 11263
03:08:38 9615 15674
03:09:38 18639 387442
03:10:38 388 420
03:11:39 388 360
03:12:39 11585 2272
03:13:39 3028 10394
03:14:40 5396 6419
03:15:40 1134 57652
03:16:40 1243 39658
03:17:41 8711 29563
03:18:41 4510 6939
03:19:42 4848 2914
03:20:42 7122 26645
03:21:42 5438 89451
03:22:43 16675 124233
03:23:43 1354 854
03:24:43 5902 32108
03:25:44 4518 79366
03:26:44 599 572
03:27:44 163053 13147
03:28:44 39736 1422
03:29:45 3032 5047
03:30:45 2102 9615
03:31:45 7833 183596
03:32:46 7030 6808
03:33:46 6626 50170
03:34:46 3119 5606
03:35:47 8137 7130
03:36:47 902 658
03:37:48 7648 7098
03:38:48 1392 1341
03:39:48 4231 6834
03:40:49 2111 2097
03:41:49 698 781
03:42:49 24570 7672
03:43:50 16947 914
03:44:50 10410 60551
03:45:51 472839 38300
03:46:51 9422 65452
03:47:51 388 950
03:48:51 27659 11869
03:49:52 7913 1868
03:50:52 5771 25162
03:51:52 6610 4772
03:52:53 4327 3005
03:53:53 512 456
03:54:53 15435 60127
03:55:54 1106 750
03:56:54 4273 2079
03:57:54 4754 5196
03:58:55 54 0
03:59:55 1556 1350
04:00:57 89311 5496
04:01:56 41318 13330
04:02:56 2746 3414
04:03:56 5581 456
04:04:57 60480 5426
04:05:57 57027 8038
04:06:57 38315 6027
04:07:58 59449 8043
04:08:58 2856 875
04:09:59 12569 1197
04:10:59 13809 7522
04:11:59 2518 1871
04:13:00 609 480
04:14:00 4255 13220
04:15:00 6507 5906
04:16:01 4211 6313
04:17:01 388 360
04:18:01 4258 3935
04:19:01 2246 3482
04:20:02 4858 6872
04:21:02 2457 3424
04:22:02 1697 3560
04:23:03 3324 5444
04:24:03 54 120
04:25:04 3829 99029
04:26:04 146861 5747
04:27:04 3534 5354
04:28:05 2000 22615
04:29:05 4289 5744
04:30:05 1170 502
04:31:06 2112 4011
04:32:06 4158 12384
04:33:06 2774 4220
04:34:07 147687 6664711
04:35:07 1441 2031
04:36:07 609 720
04:37:08 2851 4802
04:38:08 1572 5491
04:39:08 2807 24741
04:40:09 573 704
04:41:09 3728 9327
04:42:10 388 360
04:43:10 472924 43064
04:44:10 633 1819
04:45:11 1120 21677
04:46:11 3817 11626
04:47:11 1213 1578
04:48:12 388 360
04:49:12 4447 6385
04:50:12 3249 1720
04:51:13 799 756
04:52:13 2128 26519
04:53:13 2296 13266
04:54:14 182 770
04:55:14 2203 6517
04:56:14 4537 6070
04:57:15 322653 16698
04:58:15 3969 5337
04:59:16 1113 642
05:00:16 2107 1350
05:01:16 2410 3006
05:02:16 5539 6116
05:03:17 2864 9726
05:04:17 4157 6447
05:05:18 6501 50729
05:06:18 3295 2402
05:07:18 4718 100090
05:08:19 1394 832
05:09:19 1762 1597
05:10:19 5870 60936
05:11:20 820 830
05:12:20 682 608
05:13:20 1973 1386
05:14:21 2293 29144
05:15:21 1419 799
05:16:21 54 182
05:17:22 1461 1115
05:18:22 532 1818
05:19:23 633 1228
05:20:23 2755 60371
05:21:23 2033 2392
05:22:24 5607 11459
05:23:24 3581 57961
05:24:24 31738 2070
05:25:25 3775 6270
05:26:25 35357 3477
05:27:25 17028 1862
05:28:26 20526 1563
05:29:26 705 1333
05:30:26 3269 5474
05:31:27 2388 4608
05:32:27 59529 2647
05:33:27 9539 2139
05:34:28 7018 10034
05:35:28 4247 6045
05:36:29 2760 4447
05:37:29 477 633
05:38:29 54 120
05:39:29 999 1195
05:40:30 61739 3010164
05:41:30 7396 11856
05:42:30 764 857
05:43:31 811 881
05:44:31 367 273
05:45:31 9035 170035
05:46:32 12719 694
05:47:32 284 849
05:48:32 917 17234
05:49:33 241810 11393093
05:50:33 1306 14087
05:51:33 5207 164674
05:52:34 6105 60848
05:53:34 1403 2070
05:54:34 2403 990
05:55:35 0 180
05:56:35 841 1268
05:57:36 1127 1143
05:58:36 573 706
05:59:36 3774 5549
06:00:38 2680 9053
06:01:38 1519 21856
06:02:38 5996 108877
06:03:38 3084 970
06:04:38 4198 3407
06:05:39 580 780
06:06:39 4756 17402
06:07:40 3654 2470
06:08:40 658 715
06:09:40 1827 1552
06:10:41 5368 1176
06:11:41 36198 7882
06:12:41 4521 59022
06:13:42 2435 55312
06:14:42 3854 1097
06:15:42 224239 13423
06:16:43 96352 8333
06:17:43 100829 7655
06:18:44 18973 688135
06:19:44 4632 6765
06:20:44 40134 7481
06:21:45 2229 2109
06:22:45 1269 958
06:23:45 1630 1055
06:24:46 2363 26608
06:25:46 47696 2545
06:26:46 3749 5912
06:27:47 1997 6243
06:28:47 22750 907433
06:29:47 1463 995
06:30:48 5460 8752
06:31:48 1129 821
06:32:48 3746 6056
06:33:49 1645 1637
06:34:49 950 3425
06:35:49 1828 1217
06:36:50 1262 1247
06:37:50 1644 2118
06:38:50 866 930
06:39:51 6822 7709
06:40:51 2530 41397
06:41:51 20214 9202
06:42:52 388 240
06:43:52 51942 2306
06:44:52 43485 7511
06:45:53 13460 2309
06:46:53 9222 9176
06:47:53 1586 941
06:48:54 14228 1427
06:49:54 1463 1055
06:50:54 3268 4639
06:51:55 3818 2994
06:52:55 23346 924444
06:53:55 1450 1622
06:54:56 702 908
06:55:56 1661 877
06:56:56 5215 10779
06:57:57 2485 1275
06:58:57 442 540
06:59:57 2925 6562
07:00:58 2249 33493
07:01:58 8309 7504
07:02:58 4066 3584
07:03:59 1783 1099
07:04:59 5665 7766
07:05:59 692 1213
07:07:00 6932 6422
07:08:00 2663 1570
07:09:00 1345 13575
07:10:01 826 883
07:11:01 399 909
07:12:01 1515 792
07:13:02 3005 1066
07:14:02 9355 2582
07:15:02 1039 3554
07:16:03 4038 52038
07:17:03 14184 5805
07:18:03 1667 1047
07:19:04 388 950
07:20:04 59644 3045
07:21:04 59356 2166
07:22:05 2098 2542
07:23:05 388 486
07:24:05 669 610
07:25:06 832 643
07:26:07 642797 14376
07:27:07 73866 14412
07:28:07 1046 1394
07:29:07 21135 32328
07:30:08 162 248
07:31:08 1300 1420
07:32:08 1577 1268
07:33:09 1449 808
07:34:09 1342 1354
07:35:09 6874 2553
07:36:10 2453 1809
07:37:10 3656 5826
07:38:10 312 516
07:39:11 4066 5614
07:40:11 12455 2919
07:41:11 4131 5874
07:42:12 3968 8877
07:43:12 27677 2040
07:44:12 6027 12314
07:45:13 6867 3536
07:46:13 35313 20328
07:47:13 4238 10402
07:48:13 64803 35890
07:49:14 66732 4309
07:50:14 91448 9575
07:51:15 9463 173807
07:52:15 4743 3933
07:53:15 16769 5813
07:54:15 326883 21924
07:55:16 414605 26824
07:56:16 147161 240066
07:57:16 1984 1285
07:58:17 990844 76279
07:59:17 266584 12802
08:00:17 3767 3093
08:01:18 1282 980
08:02:18 7377 62510
08:03:18 11217 192327
08:04:19 116517 10322
08:05:19 7837 2206
08:06:19 240434 67257
08:07:19 270870 9607
08:08:20 4111 66099
08:09:20 5736 30642
08:10:20 736 999
08:11:21 277987 10018
08:12:21 76516 5545
08:13:21 13539 9466
08:14:22 7695 2090
08:15:22 1299 2230
08:16:22 742 998
08:17:23 1794 20686
08:18:23 3155 5438
08:19:23 1225 19099
08:20:24 3360 5648
08:21:24 926 900
08:22:24 2309 3983
08:23:25 654754 58527
08:24:25 4120 6923
08:25:26 264214 19115
08:26:26 3826 4717
08:27:26 6780 14936
08:28:27 203044 9047
08:29:27 42543 27813
08:30:27 202877 11900
08:31:28 619780 30257
08:32:28 25284 22524
08:33:28 23992 2525
08:34:29 1948 1655
08:35:29 3662 102506
08:36:29 1146 1662
08:37:30 611 11015
08:38:30 156198 13352
08:39:30 21515 14379
08:40:31 609 1010
08:41:31 3081 4380
08:42:32 388 360
08:43:32 575 832
08:44:32 43349 5258
08:45:32 5016 8107
08:46:33 4067 9421
08:47:33 3372 12532
08:48:34 349352 7643
08:49:34 131916 18054
08:50:34 1853 32719
08:51:34 10120 6601
08:52:35 13293 1973
08:53:35 24776 58654
08:54:36 196454 65876
08:55:37 7190 4565
08:56:37 286464 11146
08:57:37 10039 8764
08:58:38 44429 11357
08:59:38 5677 13952
09:00:39 35475 3112
09:01:39 17392 860047
09:02:39 747678 38448
09:03:39 726969 19275
09:04:40 41479 5834
09:05:40 379087 12330
09:06:40 7052 7538
09:07:40 165386 22987
09:08:40 388 480
09:09:41 6306 93781
09:10:41 579776 17345
09:11:41 15672 3176
09:12:42 8654 10874
09:13:42 7422 3326
09:14:42 502427 34105
09:15:42 929533 49644
09:16:43 801546 58827
09:17:43 65951 58632
09:18:44 299886 114449
09:19:44 619644 921258
09:20:44 54273 2841
09:21:44 895760 24022
09:22:45 199878 19480
09:23:45 529324 23126
09:24:45 62792 16283
09:25:45 12084 10354
09:26:46 578988 16227
09:27:46 10133 8365
09:28:46 5946 6735
09:29:47 238902 15354
09:30:47 35532 13624
09:31:47 599842 43165
09:32:48 7654 5360
09:33:48 82885 8142
09:34:48 41348 5034
09:35:48 10235 10414
09:36:49 540091 33489
09:37:49 1042124 26014
09:38:50 295859 14145
09:39:50 333250 9415
09:40:50 775174 21192
09:41:51 733141 36717
09:42:51 4736 4416
09:43:51 109994 4394
09:44:51 2357 2442
09:45:52 556300 22261
09:46:52 1077884 48436
09:47:52 4024 46577
09:48:52 28322 3198
09:49:53 27243 2405
09:50:53 177611 17408
09:51:53 23886 10638
09:52:53 12262 3217
09:53:54 18739 86448
09:54:54 70914 120953
09:55:54 78849 48202
09:56:54 11783 246836
09:57:54 94768 394668
09:58:55 305445 607784
09:59:55 83441 236154
10:00:55 90749 928885
10:01:56 906804 68876
10:02:56 145087 240754
10:03:56 640030 49120
10:04:56 958354 245933
10:05:56 616833 26283
10:06:57 27944 202403
10:07:57 98671 20760
10:08:57 20276 9153
10:09:57 63139 218369
10:10:58 18714 968
10:11:58 11369 129921
10:12:58 21278 29471
10:13:58 227303 140271
10:14:59 33886 35820
10:15:59 79617 43727
10:16:59 69757 104733
10:18:00 167748 67179
10:19:00 16975 258742
10:20:00 80391 72293
10:21:01 198525 104866
10:22:01 6551 20138
10:23:03 41507 206759
10:24:03 42193 56982
10:25:04 17205 203908
10:26:04 564801 39146
10:27:05 150785 376298
10:28:05 19951 149949
10:29:05 560805 33502
10:30:06 104478 25755
10:31:06 223583 17092
10:32:06 437511 12650
10:33:07 63897 335319
10:34:07 188869 257537
10:35:07 483454 97794
10:36:07 235642 20071
10:37:08 23537 8392
10:38:09 10795 9898
10:39:09 257394 15863
10:40:10 52073 69177
10:41:10 887633 181024
10:42:10 191317 23488
10:43:11 330935 19398
10:44:11 373087 31091
10:45:11 588484 24106
10:46:12 6888 2887
10:47:12 91348 7873
10:48:12 12215 23620
10:49:13 27271 3332
10:50:13 104973 141183
10:51:13 8211 73260
10:52:14 164051 97937
10:53:14 294581 105344
10:54:14 122333 131656
10:55:15 130393 111218
10:56:16 152279 40544
10:57:16 60641 17360
10:58:18 104790 15285
10:59:18 63124 78649
11:00:18 396213 18695
11:01:18 270287 99658
11:02:19 95642 4701
11:03:19 39087 14799
11:04:19 263241 38171
11:05:20 107109 104622
11:06:20 94410 62982
11:07:20 67905 6224
11:08:21 31445 42368
11:09:21 62025 51558
11:10:21 59566 9211
11:11:22 40927 58879
11:12:22 677868 46444
11:13:22 31008 18397
11:14:23 4506 29276
11:15:24 36311 34384
11:16:25 547096 28989
11:17:25 61996 805017
11:18:25 26189 41372
11:19:25 39696 169889
11:20:26 1454 26131
11:21:26 792510 51354
11:22:26 36110 40786
11:23:26 31009 15947
11:24:27 190864 104186
11:25:27 271832 62928
11:26:27 185270 110385
11:27:28 47339 96830
11:28:28 63242 28121
11:29:28 89852 32877
11:30:28 89254 39753
11:31:29 577727 42604
11:32:29 5393 43747
11:33:29 128031 102191
11:34:30 12477 21681
11:35:31 91609 97486
11:36:32 39323 11330
11:37:32 89436 5378
11:38:33 83919 52346
11:39:33 53590 111894
11:40:34 86290 38249
11:41:34 99647 63738
11:42:34 35613 26114
11:43:34 28816 38539
11:44:35 85806 12790
11:45:35 77718 30544
11:46:35 106933 88498
11:47:36 153215 7481
11:48:36 151161 86108
11:49:36 226546 10609
11:50:36 155863 6090
11:51:37 474013 22988
11:52:38 377996 -4294899201
11:53:38 206987 108233
11:54:39 365451 177147
11:55:39 655268 29928
11:56:39 666198 37188
11:57:40 226563 9020
11:58:40 306815 13496
11:59:40 69725 12608
12:00:40 392992 22874
12:01:41 301044 12219
12:02:41 89804 25319
12:03:41 169680 6219
12:04:41 135312 89992
12:05:42 121070 867204
12:06:43 196078 36488
12:07:43 633509 44661
12:08:43 54336 16855
12:09:43 107288 34405
12:10:43 2439 2754
12:11:44 237340 25751
12:12:44 6499 3484
12:13:44 15400 3479
12:14:45 56527 4400
12:15:45 2196 1460
12:16:46 50267 33832
12:17:47 28593 32963
12:18:47 78876 91859
12:19:47 79606 6533
12:20:48 213316 63835
12:21:48 113369 21515
12:22:48 141522 7069
12:23:48 97769 118654
12:24:49 151193 53511
12:25:49 89721 9591
12:26:49 144688 18770
12:27:49 40102 20217
12:28:50 57279 85439
12:29:50 36661 3200
12:30:50 39365 5744
12:31:51 34480 2071
12:32:51 47540 5801
12:33:51 97428 33313
12:34:51 41183 11920
12:35:51 76077 6794
12:36:52 64631 9731
12:37:52 7208 5078
12:38:52 25419 5072
12:39:53 8901 9611
12:40:53 15584 9996
12:41:53 18964 12272
12:42:53 31203 62626
12:43:53 54121 4931
12:44:53 25779 80988
12:45:54 108382 32206
12:46:54 7623 145933
12:47:54 15627 19348
12:48:54 228717 37692
12:49:55 33880 42937
12:50:55 80555 5655
12:51:55 29540 46675
12:52:55 187630 36594
12:53:56 31189 4092
12:54:56 143823 5162
12:55:56 136709 15865
12:56:56 12157 8490
12:57:57 5277 3627
12:58:57 53521 8736
12:59:57 4941 49491
13:00:57 4236 6477
13:01:58 34442 12576
13:02:58 39014 13173
13:03:58 1977 14588
13:04:58 26050 88142
13:05:59 38504 790125
13:06:59 185448 9752
13:07:59 10520 5892
13:08:59 8072 88169
13:09:59 8472 10315
13:10:59 71674 17156
13:12:00 16125 63439
13:13:00 22536 7031
13:14:00 55493 12735
13:15:00 7475 2615
13:16:00 39772 8838
13:17:01 1674 1226
13:18:01 2854 10224
13:19:01 90933 4970
13:20:01 13402 26400
13:21:01 291912 11504
13:22:02 4985 12182
13:23:03 193496 24295
13:24:03 135870 75403
13:25:03 224157 93098
13:26:03 7198 32150
13:27:03 4480 15300
13:28:04 67443 31171
13:29:04 11504 8254
13:30:04 17945 24928
13:31:05 78847 36475
13:32:05 107023 74850
13:33:05 27716 794751
13:34:06 14920 246482
13:35:06 150460 225379
13:36:06 35854 48447
13:37:06 83104 77557
13:38:07 8703 68462
13:39:07 603944 179021
13:40:07 4756 82899
13:41:07 16965 77084
13:42:08 37505 938306
13:43:09 37302 80507
13:44:09 40609 38105
13:45:09 16749 135867
13:46:09 90281 87428
13:47:11 38046 117984
13:48:11 17601 93874
13:49:11 133542 127757
13:50:11 71707 149643
13:51:12 30096 82863
13:52:13 102367 114816
13:53:13 41542 277385
13:54:13 23146 48446
13:55:14 27164 864471
13:56:14 126749 76612
13:57:14 125223 56954
13:58:14 85010 67013
13:59:15 135734 52534
14:00:15 495940 30338
14:01:15 21791 143842
14:02:15 33486 84211
14:03:15 20812 45479
14:04:16 42760 73775
14:05:16 34342 48803
14:06:16 798953 83152
14:07:17 50190 72954
14:08:17 66501 74415
14:09:18 53300 56006
14:10:18 94579 85170
14:11:19 9809 115238
14:12:19 3159 74226
14:13:20 6585 108810
14:14:20 28255 80560
14:15:20 17695 6801
14:16:21 68968 922288
14:17:21 195199 41574
14:18:21 8860 2055
14:19:21 37938 30842
14:20:22 64017 5217
14:21:22 223656 267631
14:22:22 17212 20266
14:23:22 857075 32482
14:24:23 613248 47343
14:25:24 210520 111374
14:26:24 15354 22324
14:27:25 34898 315085
14:28:25 89459 10888
14:29:25 5439 41019
14:30:25 4725 3275
14:31:26 5631 18330
14:32:26 10715 362803
14:33:26 4949 66100
14:34:27 85493 19180
14:35:27 77809 7701
14:36:28 276455 17198
14:37:28 21799 3631
14:38:28 166917 15114
14:39:29 65171 5773
14:40:29 39883 107051
14:41:30 42423 7616
14:42:30 23702 7101
14:43:31 79131 39105
14:44:32 60154 4579
14:45:33 97262 7626
14:46:33 273393 13713
14:47:33 214882 16438
14:48:33 123597 11720
14:49:34 5708 48667
14:50:34 48918 6460
14:51:35 76738 687512
14:52:35 82522 11778
14:53:35 866199 725482
14:54:35 50302 298428
14:55:36 9348 5846
14:56:36 4196 20398
14:57:36 50694 4010
14:58:37 70839 85576
14:59:37 146697 11814
15:00:37 31787 21519
15:01:37 7232 3311
15:02:37 2600 4208
15:03:38 562972 23333
15:04:38 254293 11941
15:05:38 43176 33831
15:06:38 74561 12462
15:07:38 7839 8529
15:08:39 29311 2944
15:09:39 12419 29723
15:10:39 29080 3957
15:11:40 40338 54495
15:12:41 92347 4573
15:13:41 306567 40967
15:14:41 12536 11226
15:15:41 63053 6634
15:16:42 5395 54874
15:17:42 4709 3057
15:18:42 12838 1806
15:19:42 197129 115111
15:20:43 8900 20840
15:21:43 90440 6499
15:22:43 104329 108355
15:23:43 141629 9819
15:24:43 102406 65003
15:25:44 73262 12372
15:26:44 73095 4762
15:27:44 464671 128114
15:28:44 65663 42053
15:29:45 95084 6429
15:30:45 106944 136292
15:31:46 93862 21751
15:32:46 104806 304290
15:33:46 46115 218277
15:34:46 103753 242139
15:35:46 75771 196504
15:36:46 103221 310838
15:37:47 137382 714764
15:38:47 359909 143717
15:39:47 685587 347333
15:40:47 295083 238105
15:41:48 370606 31100
15:42:48 27832 7169
15:43:48 15762 97291
15:44:48 98694 12459
15:45:49 157751 43792
15:46:49 33584 9981
15:47:49 188395 110863
15:48:49 60006 36358
15:49:50 162631 14776
15:50:50 382791 75841
15:51:50 26799 729731
15:52:51 10417 134595
15:53:51 234816 456981
15:54:51 335693 132595
15:55:51 52808 500673
15:56:51 7407 3053
15:57:52 240433 23817
15:58:52 153955 76764
15:59:52 328621 16145
16:00:52 157981 10365
16:01:53 323062 310520
16:02:53 52541 16220
16:03:53 77730 193393
16:04:53 144747 232343
16:05:53 119598 244076
16:06:54 268197 76081
16:07:54 475109 124520
16:08:54 419659 278573
16:09:54 301302 26607
16:10:54 655838 65092
16:11:55 368706 926637
16:12:55 372290 903046
16:13:55 590384 18312
16:14:56 370680 17388
16:15:56 175288 15819
16:16:56 248329 10748
16:17:56 502629 22590
16:18:56 145131 391355
16:19:56 226237 917716
16:20:57 38962 8901
16:21:57 133827 10202
16:22:57 76297 17303
16:23:57 146400 6254
16:24:58 26102 10102
16:25:58 25480 217989
16:26:58 496528 33467
16:27:58 316502 199642
16:28:59 646135 40929
16:29:59 402468 183038
16:30:59 172056 10479
16:31:59 98787 7617
16:32:59 433757 31854
16:34:00 76738 50465
16:35:01 74952 7148
16:36:01 45938 52160
16:37:01 12486 8959
16:38:01 13321 4820
16:39:02 3120 2718
16:40:02 294 1457
16:41:02 59391 13007
16:42:02 127836 11967
16:43:03 21622 9529
16:44:03 15612 3918
16:45:03 17943 55607
16:46:03 19583 168100
16:47:03 44073 203935
16:48:04 177328 71973
16:49:04 268971 184789
16:50:04 12928 87078
16:51:04 667300 46986
16:52:04 278061 72281
16:53:04 7351 73056
16:54:05 486294 33889
16:55:05 113490 38344
16:56:06 159396 17323
16:57:06 104870 15941
16:58:06 643710 25240
16:59:06 313913 872789
17:00:07 278146 17946
17:01:07 402876 27299
17:02:07 172025 8560
17:03:07 482705 568509
17:04:08 721396 22634
17:05:08 377771 11866
17:06:09 418096 242769
17:07:09 662824 22843
17:08:09 20341 43947
17:09:09 547441 24694
17:10:09 322630 31275
17:11:10 318371 20316
17:12:10 582214 271153
17:13:10 17557 129409
17:14:10 438628 56692
17:15:11 34373 205884
17:16:11 20732 10752
17:17:11 298804 137843
17:18:11 142183 429354
17:19:12 49045 111619
17:20:12 50329 6429
17:21:12 124031 13610
17:22:12 92445 48151
17:23:13 10339 30526
17:24:13 56510 9342
17:25:13 12938 1976
17:26:14 495511 26057
17:27:14 23823 2823
17:28:14 22117 6146
17:29:14 18611 21763
17:30:15 22640 21195
17:31:15 456082 43994
17:32:15 54628 60741
17:33:16 4218 5324
17:34:16 179538 164755
17:35:16 29675 923564
17:36:16 619545 209704
17:37:17 550927 38402
17:38:17 783575 211060
17:39:18 5860 1823
17:40:18 8930 8627
17:41:18 20045 84489
17:42:18 107025 10609
17:43:19 10083 47818
17:44:20 48010 19814
17:45:20 7942 15764
17:46:20 12726 256638
17:47:20 7434 37210
17:48:21 47686 30570
17:49:21 1308 17362
17:50:21 1826 13380
17:51:22 60702 24072
17:52:22 163616 15985
17:53:22 13324 98622
17:54:22 32164 50870
17:55:23 9367 13022
17:56:23 14830 17375
17:57:23 2332 1972
17:58:23 700912 143124
17:59:24 95072 185861
18:00:24 232759 165834
18:01:24 36570 31045
18:02:24 172171 13558
18:03:24 50679 8323
18:04:25 2667 5640
18:05:25 298420 26824
18:06:25 112596 7790
18:07:26 1400 863
18:08:26 28529 6957
18:09:26 15497 4209
18:10:26 55813 12115
18:11:27 3090 7798
18:12:27 21936 27719
18:13:27 26609 29095
18:14:27 3139 1303
18:15:28 632016 46450
18:16:28 117393 22673
18:17:28 3767 12042
18:18:28 7088 172200
18:19:29 11725 10840
18:20:29 134823 258082
18:21:29 10871 215628
18:22:30 8934 75246
18:23:31 5161 3620
18:24:31 32721 837074
18:25:31 35404 4412
18:26:32 2142 1210
18:27:32 26709 33046
18:28:33 52237 6691
18:29:33 34933 13223
18:30:33 33579 31792
18:31:34 52808 271342
18:32:34 84896 6731
18:33:34 20410 16280
18:34:34 5091 13609
18:35:34 7831 274914
18:36:34 10255 78985
18:37:35 116866 19579
18:38:35 1455 3940
18:39:35 2552 13509
18:40:36 1914 17004
18:41:36 31107 166838
18:42:36 12608 199218
18:43:36 38970 208107
18:44:36 25376 3256
18:45:37 225731 44415
18:46:37 298685 29489
18:47:37 36424 57833
18:48:37 10715 11240
18:49:38 2165 12785
18:50:38 82417 81336
18:51:38 26267 22365
18:52:38 4393 27492
18:53:39 91270 36122
18:54:39 2527 3514
18:55:39 2750 74870
18:56:39 28547 40353
18:57:39 9506 1711
18:58:40 26809 4048
18:59:40 54742 24326
19:00:40 5589 25207
19:01:40 14421 174299
19:02:41 215493 105230
19:03:41 113237 265991
19:04:41 6042 119021
19:05:41 54562 191408
19:06:41 11318 75125
19:07:42 14976 498607
19:08:42 875 19626
19:09:42 23893 924170
19:10:42 7828 136045
19:11:42 5543 59478
19:12:43 7919 23676
19:13:43 9813 55610
19:14:43 52325 781619
19:15:44 27880 2816
19:16:44 40523 3715
19:17:44 10796 17920
19:18:44 9997 1239
19:19:44 2749 57051
19:20:45 35140 63176
19:21:45 83795 61429
19:22:45 2550 1096
19:23:45 26190 70462
19:24:46 65905 4419
19:25:46 14070 212374
19:26:46 965273 339594
19:27:46 21045 233689
19:28:46 40598 269206
19:29:47 68164 64300
19:30:47 4351 30846
19:31:47 3241 7548
19:32:47 1325 25305
19:33:48 35835 64993
19:34:49 104988 67428
19:35:49 50725 3073
19:36:49 118019 56799
19:37:50 87147 203516
19:38:50 57260 17927
19:39:50 7077 59079
19:40:50 68459 4227
19:41:51 28813 25118
19:42:51 18601 57715
19:43:51 11033 28904
19:44:51 15636 66722
19:45:51 380337 237449
19:46:52 162342 180553
19:47:52 42229 6124
19:48:52 9624 4371
19:49:52 13935 176375
19:50:52 22997 3947
19:51:53 8152 8793
19:52:53 18876 3303
19:53:53 15999 112808
19:54:53 50672 14758
19:55:53 881810 51545
19:56:54 47290 6493
19:57:54 48739 59377
19:58:54 21738 3810
19:59:54 177080 64534
20:00:55 76210 26170
20:01:55 4166 51065
20:02:55 10966 60948
20:03:55 7076 119866
20:04:56 7036 57010
20:05:56 48988 2344
20:06:56 25168 5719
20:07:56 1561 1491
20:08:56 2768 1725
20:09:56 74728 220977
20:10:57 9949 111536
20:11:57 11042 216786
20:12:57 31545 545371
20:13:57 6980 21141
20:14:57 47263 70164
20:15:58 33899 3177
20:16:58 27625 7524
20:17:58 31777 3084
20:18:58 4787 2671
20:19:59 267016 29286
20:20:59 163638 8041
20:21:59 95390 8315
20:22:59 197541 7092
20:24:00 10801 151253
20:25:00 27042 1440
20:26:00 83124 9638
20:27:00 21447 286004
20:28:01 4384 42526
20:29:01 4269 165268
20:30:01 59123 100762
20:31:01 677744 39791
20:32:01 211214 86083
20:33:02 382339 115716
20:34:02 90603 36564
20:35:02 69796 6020
20:36:02 42319 2778
20:37:02 36984 31749
20:38:03 19860 49837
20:39:03 3330 37469
20:40:03 50495 5338
20:41:03 2869 1501
20:42:04 39429 71369
20:43:04 40352 38506
20:44:04 6543 81655
20:45:04 48361 68248
20:46:04 1073 792
20:47:05 56826 5417
20:48:05 63645 631601
20:49:05 121700 13459
20:50:05 121559 85304
20:51:05 42252 5465
20:52:06 36102 4337
20:53:06 112013 99283
20:54:06 734310 207485
20:55:06 31387 36203
20:56:06 43810 139836
20:57:07 8688 63603
20:58:07 15265 125526
20:59:07 60876 200503
21:00:07 44960 16073
21:01:07 46556 46800
21:02:08 213270 6013
21:03:08 223327 12209
21:04:08 53537 246719
21:05:08 154523 64337
21:06:09 108140 5784
21:07:09 43741 2732
21:08:09 27186 23832
21:09:09 67803 2325
21:10:09 1242 859
21:11:09 4859 62221
21:12:10 5156 26484
21:13:10 59645 77663
21:14:10 3661 103599
21:15:10 124664 86348
21:16:10 943 2192
21:17:11 1690 29877
21:18:11 29585 66216
21:19:11 136455 50489
21:20:12 3968 2135
21:21:12 1245 1649
21:22:12 33749 202004
21:23:12 3042 60364
21:24:13 43601 87561
21:25:13 16642 2991
21:26:13 5857 2800
21:27:13 3194 55042
21:28:14 4930 72044
21:29:14 5534 48806
21:30:14 6730 75871
21:31:14 25107 111313
21:32:14 1423 10950
21:33:15 46858 4871
21:34:15 1225 4458
21:35:15 15040 63360
21:36:15 4435 4409
21:37:15 12996 1223
21:38:16 32530 130394
21:39:16 9880 107285
21:40:16 44730 125614
21:41:16 19047 2973
21:42:17 25627 4135
21:43:17 12427 60884
21:44:17 6099 2956
21:45:17 25500 72136
21:46:17 28950 9729
21:47:18 5376 28891
21:48:18 30301 23304
21:49:18 11331 338546
21:50:18 1428 60867
21:51:19 3324 2804
21:52:19 33822 14753
21:53:19 8960 36389
21:54:19 889 945
21:55:20 2490 13230
21:56:20 6071 9578
21:57:20 2288 32171
21:58:20 108 180
21:59:21 18732 113598
22:00:21 36134 1418
22:01:21 125807 29431
22:02:22 55751 11290
22:03:22 43861 10367
22:04:22 4384 72518
22:05:22 8211 185011
22:06:23 5646 2507
22:07:23 59261 96645
22:08:23 102315 47833
22:09:23 78108 5098
22:10:23 9693 39550
22:11:23 13063 164848
22:12:24 17159 26089
22:13:24 128179 117020
22:14:24 12985 54686
22:15:25 47106 99136
22:16:25 36516 48958
22:17:25 25135 12288
22:18:25 17695 1484
22:19:26 21373 167466
22:20:26 5320 151467
22:21:26 103407 54212
22:22:26 1149 661
22:23:27 2573 778
22:24:27 30531 1855
22:25:27 74188 16902
22:26:27 30499 4453
22:27:27 6151 56058
22:28:28 98441 6056
22:29:28 633 696
22:30:28 3437 26447
22:31:29 36816 727481
22:32:29 26814 2011
22:33:29 2868 56088
22:34:29 4538 5813
22:35:29 6063 77826
22:36:30 58225 88164
22:37:30 31670 6251
22:38:30 77024 4420
22:39:31 9352 2285
22:40:31 1633 56397
22:41:31 89083 16123
22:42:32 6355 2111
22:43:32 388188 46255
22:44:32 4296 1609
22:45:32 18661 8735
22:46:33 4056 997
22:47:33 17247 57126
22:48:33 6601 58395
22:49:33 4713 139405
22:50:33 84122 26119
22:51:34 48070 43444
22:52:34 105933 5856
22:53:34 153731 122626
22:54:35 42554 140904
22:55:35 21345 98633
22:56:35 50437 2826
22:57:35 38286 25473
22:58:36 23518 12820
22:59:36 15426 8125
23:00:36 15335 17504
23:01:36 18198 19427
23:02:37 17717 59489
23:03:37 23885 113704
23:04:37 29211 57154
23:05:37 25230 16158
23:06:38 204457 13491
23:07:38 2893 11871
23:08:38 1168 720
23:09:39 63414 67480
23:10:39 4063 59037
23:11:39 1512 1041
23:12:39 4967 42194
23:13:39 2848 53188
23:14:40 2749 67577
23:15:40 3743 5233
23:16:40 9788 81109
23:17:41 51314 62921
23:18:41 291319 88356
23:19:41 1933 5000
23:20:41 13043 52379
23:21:42 1468 3772
23:22:42 3036 10057
23:23:42 4588 57713
23:24:42 2554 12131
23:25:43 2250 3316
23:26:43 47239 222725
23:27:43 4952 16600
23:28:43 60067 3002
23:29:44 29272 3328
23:30:44 1432 24864
23:31:44 1983 13856
23:32:44 8502 105248
23:33:45 22691 221521
23:34:45 34653 4596
23:35:45 1818 32627
23:36:46 2413 53719
23:37:46 34921 119342
23:38:46 6542 23445
23:39:46 1405 10409
23:40:47 22313 1966
23:41:47 14377 1460
23:42:48 1547 25097
23:43:48 4054 4955
23:44:48 7060 113245
23:45:49 18198 37934
23:46:49 570225 14784
23:47:50 3367 1520
23:48:50 27685 3587
23:49:51 70978 21530
23:50:52 87329 78908
23:51:52 26776 2100
23:52:53 17518 1200
23:53:54 4835 67528
23:54:54 37123 76861
23:55:55 5047 70863
23:56:56 9752 32679
23:57:55 625 1704
23:58:56 11166 76349
23:59:56 22094 3897
