00:02:33 1758
00:03:27 1810
00:04:28 1803
00:05:32 1805
00:06:32 1788
00:07:32 1809
02:00:09 1703
02:01:10 1745
02:02:10 1754
02:03:11 1749
02:04:11 1750
02:05:12 1752
02:06:12 1750
02:07:13 1751
02:08:13 1747
02:09:13 1750
02:10:14 1760
02:11:14 1760
02:12:14 1759
02:13:15 1759
02:14:15 1758
02:15:16 1758
02:16:16 1768
02:17:16 1769
02:18:17 1770
02:19:18 1767
02:20:18 1767
02:21:19 1764
02:22:19 1765
02:23:19 1765
02:24:20 1763
02:25:20 1763
02:26:21 1763
02:27:21 1761
02:28:21 1761
02:29:22 1765
02:30:22 1758
02:31:23 1760
02:32:23 1759
02:33:24 1759
02:34:24 1759
02:35:24 1759
02:36:25 1755
02:37:25 1755
02:38:25 1762
02:39:26 1761
02:40:26 1763
02:41:27 1762
02:42:27 1763
02:43:27 1762
02:44:28 1765
02:45:28 1758
02:46:29 1766
02:47:29 1766
02:48:29 1767
02:49:30 1777
02:50:30 1774
02:51:31 1775
02:52:31 1773
02:53:31 1776
02:54:32 1772
02:55:32 1768
02:56:33 1773
02:57:33 1771
02:58:33 1771
02:59:34 1773
03:00:34 1774
03:01:35 1776
03:02:35 1779
03:03:35 1785
03:04:36 1784
03:05:36 1785
03:06:37 1786
03:07:37 1783
03:08:38 1774
03:09:38 1774
03:10:38 1773
03:11:39 1774
03:12:39 1774
03:13:39 1769
03:14:40 1773
03:15:40 1773
03:16:40 1776
03:17:41 1768
03:18:41 1768
03:19:42 1779
03:20:42 1778
03:21:42 1783
03:22:43 1783
03:23:43 1770
03:24:43 1811
03:25:44 1760
03:26:44 1762
03:27:44 1768
03:28:44 1760
03:29:45 1761
03:30:45 1769
03:31:45 1771
03:32:46 1769
03:33:46 1770
03:34:46 1771
03:35:47 1775
03:36:47 1770
03:37:48 1768
03:38:48 1766
03:39:48 1770
03:40:49 1774
03:41:49 1772
03:42:49 1774
03:43:50 1778
03:44:50 1777
03:45:51 1785
03:46:51 1789
03:47:51 1775
03:48:51 1777
03:49:52 1777
03:50:52 1779
03:51:52 1782
03:52:53 1777
03:53:53 1775
03:54:53 1781
03:55:54 1771
03:56:54 1776
03:57:54 1771
03:58:55 1772
03:59:55 1772
04:00:57 1801
04:01:56 1795
04:02:56 1803
04:03:56 1797
04:04:57 1788
04:05:57 1792
04:06:57 1794
04:07:58 1788
04:08:58 1792
04:09:59 1784
04:10:59 1788
04:11:59 1780
04:13:00 1772
04:14:00 1776
04:15:00 1774
04:16:01 1773
04:17:01 1774
04:18:01 1768
04:19:01 1768
04:20:02 1769
04:21:02 1768
04:22:02 1773
04:23:03 1772
04:24:03 1776
04:25:04 1771
04:26:04 1777
04:27:04 1777
04:28:05 1770
04:29:05 1769
04:30:05 1772
04:31:06 1774
04:32:06 1781
04:33:06 1778
04:34:07 1779
04:35:07 1778
04:36:07 1777
04:37:08 1775
04:38:08 1774
04:39:08 1771
04:40:09 1780
04:41:09 1773
04:42:10 1778
04:43:10 1774
04:44:10 1775
04:45:11 1775
04:46:11 1777
04:47:11 1779
04:48:12 1781
04:49:12 1773
04:50:12 1775
04:51:13 1781
04:52:13 1774
04:53:13 1770
04:54:14 1771
04:55:14 1771
04:56:14 1770
04:57:15 1777
04:58:15 1784
04:59:16 1777
05:00:16 1776
05:01:16 1786
05:02:16 1792
05:03:17 1790
05:04:17 1795
05:05:18 1793
05:06:18 1793
05:07:18 1796
05:08:19 1793
05:09:19 1793
05:10:19 1794
05:11:20 1797
05:12:20 1790
05:13:20 1798
05:14:21 1802
05:15:21 1797
05:16:21 1795
05:17:22 1797
05:18:22 1786
05:19:23 1791
05:20:23 1795
05:21:23 1797
05:22:24 1797
05:23:24 1801
05:24:24 1801
05:25:25 1782
05:26:25 1787
05:27:25 1778
05:28:26 1786
05:29:26 1784
05:30:26 1776
05:31:27 1781
05:32:27 1775
05:33:27 1768
05:34:28 1776
05:35:28 1783
05:36:29 1779
05:37:29 1772
05:38:29 1771
05:39:29 1777
05:40:30 1776
05:41:30 1778
05:42:30 1777
05:43:31 1776
05:44:31 1770
05:45:31 1778
05:46:32 1774
05:47:32 1775
05:48:32 1777
05:49:33 1772
05:50:33 1766
05:51:33 1781
05:52:34 1777
05:53:34 1773
05:54:34 1769
05:55:35 1772
05:56:35 1778
05:57:36 1775
05:58:36 1786
05:59:36 1786
06:00:38 1790
06:01:38 1784
06:02:38 1790
06:03:38 1783
06:04:38 1786
06:05:39 1787
06:06:39 1782
06:07:40 1774
06:08:40 1771
06:09:40 1776
06:10:41 1779
06:11:41 1772
06:12:41 1774
06:13:42 1779
06:14:42 1775
06:15:42 1785
06:16:43 1788
06:17:43 1776
06:18:44 1774
06:19:44 1777
06:20:44 1776
06:21:45 1778
06:22:45 1783
06:23:45 1783
06:24:46 1782
06:25:46 1776
06:26:46 1774
06:27:47 1775
06:28:47 1775
06:29:47 1776
06:30:48 1775
06:31:48 1774
06:32:48 1774
06:33:49 1776
06:34:49 1775
06:35:49 1775
06:36:50 1773
06:37:50 1773
06:38:50 1773
06:39:51 1776
06:40:51 1775
06:41:51 1776
06:42:52 1775
06:43:52 1774
06:44:52 1772
06:45:53 1773
06:46:53 1776
06:47:53 1777
06:48:54 1779
06:49:54 1777
06:50:54 1778
06:51:55 1775
06:52:55 1780
06:53:55 1777
06:54:56 1722
06:55:56 1759
06:56:56 1768
06:57:57 1769
06:58:57 1770
06:59:57 1769
07:00:58 1769
07:01:58 1770
07:02:58 1779
07:03:59 1777
07:04:59 1778
07:05:59 1778
07:07:00 1778
07:08:00 1779
07:09:00 1780
07:10:01 1780
07:11:01 1783
07:12:01 1775
07:13:02 1776
07:14:02 1780
07:15:02 1785
07:16:03 1781
07:17:03 1777
07:18:03 1789
07:19:04 1776
07:20:04 1772
07:21:04 1776
07:22:05 1772
07:23:05 1772
07:24:05 1777
07:25:06 1748
07:26:07 1751
07:27:07 1751
07:28:07 1753
07:29:07 1753
07:30:08 1754
07:31:08 1750
07:32:08 1747
07:33:09 1749
07:34:09 1748
07:35:09 1754
07:36:10 1754
07:37:10 1755
07:38:10 1753
07:39:11 1764
07:40:11 1759
07:41:11 1763
07:42:12 1762
07:43:12 1770
07:44:12 1757
07:45:13 1764
07:46:13 1773
07:47:13 1765
07:48:13 1778
07:49:14 1791
07:50:14 1802
07:51:15 1794
07:52:15 1794
07:53:15 1825
07:54:15 1815
07:55:16 1820
07:56:16 1809
07:57:16 1787
07:58:17 1794
07:59:17 1792
08:00:17 1779
08:01:18 1788
08:02:18 1791
08:03:18 1785
08:04:19 1802
08:05:19 1782
08:06:19 1790
08:07:19 1794
08:08:20 1791
08:09:20 1785
08:10:20 1781
08:11:21 1780
08:12:21 1778
08:13:21 1780
08:14:22 1776
08:15:22 1779
08:16:22 1780
08:17:23 1776
08:18:23 1780
08:19:23 1802
08:20:24 1789
08:21:24 1784
08:22:24 1781
08:23:25 1791
08:24:25 1786
08:25:26 1782
08:26:26 1780
08:27:26 1782
08:28:27 1784
08:29:27 1783
08:30:27 1788
08:31:28 1790
08:32:28 1783
08:33:28 1787
08:34:29 1791
08:35:29 1854
08:36:29 1851
08:37:30 1851
08:38:30 1818
08:39:30 1818
08:40:31 1820
08:41:31 1818
08:42:32 1818
08:43:32 1816
08:44:32 1816
08:45:32 1817
08:46:33 1791
08:47:33 1790
08:48:34 1805
08:49:34 1794
08:50:34 1793
08:51:34 1793
08:52:35 1799
08:53:35 1797
08:54:36 1804
08:55:37 1800
08:56:37 1795
08:57:37 1796
08:58:38 1793
08:59:38 1794
09:00:39 1796
09:01:39 1801
09:02:39 1799
09:03:39 1810
09:04:40 1804
09:05:40 1802
09:06:40 1805
09:07:40 1805
09:08:40 1805
09:09:41 1800
09:10:41 1805
09:11:41 1800
09:12:42 1798
09:13:42 1803
09:14:42 1813
09:15:42 1821
09:16:43 1837
09:17:43 1817
09:18:44 1814
09:19:44 1816
09:20:44 1812
09:21:44 1818
09:22:45 1809
09:23:45 1805
09:24:45 1807
09:25:45 1774
09:26:46 1784
09:27:46 1793
09:28:46 1790
09:29:47 1792
09:30:47 1789
09:31:47 1795
09:32:48 1808
09:33:48 1804
09:34:48 1810
09:35:48 1807
09:36:49 1815
09:37:49 1819
09:38:50 1822
09:39:50 1814
09:40:50 1806
09:41:51 1805
09:42:51 1793
09:43:51 1807
09:44:51 1799
09:45:52 1806
09:46:52 1801
09:47:52 1793
09:48:52 1796
09:49:53 1799
09:50:53 1797
09:51:53 1799
09:52:53 1840
09:53:54 1827
09:54:54 1835
09:55:54 1836
09:56:54 1823
09:57:54 1824
09:58:55 1839
09:59:55 1845
10:00:55 1838
10:01:56 1850
10:02:56 1858
10:03:56 1859
10:04:56 1865
10:05:56 1846
10:06:57 1831
10:07:57 1828
10:08:57 1828
10:09:57 1827
10:10:58 1837
10:11:58 1831
10:12:58 1827
10:13:58 1841
10:14:59 1837
10:15:59 1854
10:16:59 1841
10:18:00 1838
10:19:00 1836
10:20:00 1831
10:21:01 1845
10:22:01 1840
10:23:03 1839
10:24:03 1829
10:25:04 1850
10:26:04 1852
10:27:05 1840
10:28:05 1833
10:29:05 1842
10:30:06 1856
10:31:06 1833
10:32:06 1839
10:33:07 1837
10:34:07 1832
10:35:07 1858
10:36:07 1855
10:37:08 1873
10:38:09 1832
10:39:09 1857
10:40:10 1861
10:41:10 1869
10:42:10 1855
10:43:11 1864
10:44:11 1846
10:45:11 1875
10:46:12 1863
10:47:12 1868
10:48:12 1871
10:49:13 1860
10:50:13 1881
10:51:13 1865
10:52:14 1861
10:53:14 1878
10:54:14 1860
10:55:15 1860
10:56:16 1858
10:57:16 1865
10:58:18 1839
10:59:18 1842
11:00:18 1856
11:01:18 1844
11:02:19 1844
11:03:19 1845
11:04:19 1855
11:05:20 1846
11:06:20 1846
11:07:20 1845
11:08:21 1844
11:09:21 1847
11:10:21 1847
11:11:22 1853
11:12:22 1857
11:13:22 1861
11:14:23 1859
11:15:24 1841
11:16:25 1841
11:17:25 1833
11:18:25 1838
11:19:25 1839
11:20:26 1831
11:21:26 1839
11:22:26 1826
11:23:26 1828
11:24:27 1838
11:25:27 1794
11:26:27 1800
11:27:28 1806
11:28:28 1814
11:29:28 1813
11:30:28 1809
11:31:29 1809
11:32:29 1811
11:33:29 1799
11:34:30 1810
11:35:31 1812
11:36:32 1806
11:37:32 1842
11:38:33 1813
11:39:33 1810
11:40:34 1815
11:41:34 1815
11:42:34 1814
11:43:34 1823
11:44:35 1902
11:45:35 1809
11:46:35 1812
11:47:36 1817
11:48:36 1813
11:49:36 1833
11:50:36 1811
11:51:37 1830
11:52:38 1829
11:53:38 1880
11:54:39 1881
11:55:39 1893
11:56:39 1890
11:57:40 1903
11:58:40 1885
11:59:40 1807
12:00:40 1808
12:01:41 1808
12:02:41 1845
12:03:41 1848
12:04:41 1859
12:05:42 1841
12:06:43 1852
12:07:43 1859
12:08:43 1849
12:09:43 1800
12:10:43 1796
12:11:44 1796
12:12:44 1795
12:13:44 1798
12:14:45 1799
12:15:45 1804
12:16:46 1797
12:17:47 1800
12:18:47 1801
12:19:47 1804
12:20:48 1808
12:21:48 1796
12:22:48 1797
12:23:48 1799
12:24:49 1807
12:25:49 1845
12:26:49 1848
12:27:49 1841
12:28:50 1847
12:29:50 1845
12:30:50 1842
12:31:51 1844
12:32:51 1844
12:33:51 1817
12:34:51 1807
12:35:51 1807
12:36:52 1803
12:37:52 1805
12:38:52 1809
12:39:53 1809
12:40:53 1807
12:41:53 1812
12:42:53 1813
12:43:53 1812
12:44:53 1811
12:45:54 1816
12:46:54 1811
12:47:54 1806
12:48:54 1821
12:49:55 1816
12:50:55 1820
12:51:55 1833
12:52:55 1811
12:53:56 1813
12:54:56 1822
12:55:56 1821
12:56:56 1824
12:57:57 1810
12:58:57 1812
12:59:57 1811
13:00:57 1815
13:01:58 1820
13:02:58 1866
13:03:58 1847
13:04:58 1932
13:05:59 1873
13:06:59 1875
13:07:59 1869
13:08:59 1862
13:09:59 1866
13:10:59 1862
13:12:00 1871
13:13:00 1888
13:14:00 1870
13:15:00 1870
13:16:00 1868
13:17:01 1868
13:18:01 1871
13:19:01 1873
13:20:01 1875
13:21:01 1906
13:22:02 1875
13:23:03 1892
13:24:03 1893
13:25:03 1873
13:26:03 1923
13:27:03 1796
13:28:04 1797
13:29:04 1797
13:30:04 1799
13:31:05 1810
13:32:05 1812
13:33:05 1815
13:34:06 1822
13:35:06 1817
13:36:06 1817
13:37:06 1818
13:38:07 1813
13:39:07 1832
13:40:07 1829
13:41:07 1836
13:42:08 1821
13:43:09 1821
13:44:09 1819
13:45:09 1819
13:46:09 1830
13:47:11 1828
13:48:11 1828
13:49:11 1831
13:50:11 1823
13:51:12 1831
13:52:13 1857
13:53:13 1858
13:54:13 2102
13:55:14 1887
13:56:14 1906
13:57:14 1923
13:58:14 2034
13:59:15 2040
14:00:15 2043
14:01:15 2044
14:02:15 2033
14:03:15 1908
14:04:16 1913
14:05:16 1847
14:06:16 1851
14:07:17 1852
14:08:17 1861
14:09:18 1876
14:10:18 1848
14:11:19 1846
14:12:19 1849
14:13:20 1853
14:14:20 1853
14:15:20 1853
14:16:21 1850
14:17:21 1867
14:18:21 1852
14:19:21 1851
14:20:22 1850
14:21:22 1850
14:22:22 1859
14:23:22 1890
14:24:23 1880
14:25:24 1861
14:26:24 1857
14:27:25 1861
14:28:25 1865
14:29:25 1862
14:30:25 1866
14:31:26 1859
14:32:26 1857
14:33:26 1870
14:34:27 1872
14:35:27 1870
14:36:28 1868
14:37:28 1857
14:38:28 1856
14:39:29 1855
14:40:29 1861
14:41:30 1864
14:42:30 1862
14:43:31 1861
14:44:32 1862
14:45:33 1864
14:46:33 1869
14:47:33 1862
14:48:33 1860
14:49:34 1857
14:50:34 1858
14:51:35 1858
14:52:35 1861
14:53:35 1868
14:54:35 1857
14:55:36 1860
14:56:36 1858
14:57:36 1864
14:58:37 1863
14:59:37 1863
15:00:37 1861
15:01:37 1862
15:02:37 1864
15:03:38 1924
15:04:38 1854
15:05:38 1855
15:06:38 1856
15:07:38 1856
15:08:39 1857
15:09:39 1861
15:10:39 1868
15:11:40 1858
15:12:41 1854
15:13:41 1854
15:14:41 1854
15:15:41 1859
15:16:42 1865
15:17:42 1864
15:18:42 1860
15:19:42 1864
15:20:43 1861
15:21:43 1866
15:22:43 1872
15:23:43 1865
15:24:43 1866
15:25:44 1805
15:26:44 1808
15:27:44 1815
15:28:44 1842
15:29:45 1848
15:30:45 1844
15:31:46 1849
15:32:46 1856
15:33:46 1845
15:34:46 1850
15:35:46 1853
15:36:46 1853
15:37:47 1862
15:38:47 1857
15:39:47 1902
15:40:47 1889
15:41:48 1890
15:42:48 1887
15:43:48 1927
15:44:48 1910
15:45:49 1908
15:46:49 1895
15:47:49 1903
15:48:49 1901
15:49:50 1904
15:50:50 1906
15:51:50 1892
15:52:51 1902
15:53:51 1933
15:54:51 1920
15:55:51 1913
15:56:51 1923
15:57:52 1931
15:58:52 1905
15:59:52 2017
16:00:52 1963
16:01:53 1909
16:02:53 1968
16:03:53 1916
16:04:53 1919
16:05:53 1937
16:06:54 1929
16:07:54 1938
16:08:54 2036
16:09:54 1998
16:10:54 2012
16:11:55 1999
16:12:55 2031
16:13:55 2024
16:14:56 1993
16:15:56 1963
16:16:56 1944
16:17:56 1949
16:18:56 1939
16:19:56 1935
16:20:57 1934
16:21:57 1933
16:22:57 1936
16:23:57 1946
16:24:58 1940
16:25:58 1941
16:26:58 1958
16:27:58 1952
16:28:59 1936
16:29:59 1932
16:30:59 1935
16:31:59 1933
16:32:59 1928
16:34:00 1930
16:35:01 1932
16:36:01 1931
16:37:01 1922
16:38:01 1925
16:39:02 1918
16:40:02 2000
16:41:02 1830
16:42:02 1838
16:43:03 1836
16:44:03 1841
16:45:03 1845
16:46:03 1858
16:47:03 1867
16:48:04 1875
16:49:04 1875
16:50:04 1872
16:51:04 1866
16:52:04 1863
16:53:04 1859
16:54:05 1855
16:55:05 1861
16:56:06 1871
16:57:06 1877
16:58:06 1871
16:59:06 1976
17:00:07 1979
17:01:07 1978
17:02:07 2002
17:03:07 2043
17:04:08 2053
17:05:08 1987
17:06:09 1986
17:07:09 1983
17:08:09 1975
17:09:09 1981
17:10:09 1912
17:11:10 1942
17:12:10 1918
17:13:10 1897
17:14:10 1936
17:15:11 1858
17:16:11 1861
17:17:11 1860
17:18:11 1868
17:19:12 1867
17:20:12 1864
17:21:12 1864
17:22:12 1860
17:23:13 1867
17:24:13 1866
17:25:13 1866
17:26:14 1779
17:27:14 1786
17:28:14 1792
17:29:14 1798
17:30:15 1812
17:31:15 1818
17:32:15 1832
17:33:16 1849
17:34:16 1851
17:35:16 1872
17:36:16 1884
17:37:17 1869
17:38:17 1863
17:39:18 1833
17:40:18 1829
17:41:18 1828
17:42:18 1830
17:43:19 1830
17:44:20 1830
17:45:20 1830
17:46:20 1831
17:47:20 1831
17:48:21 1834
17:49:21 1831
17:50:21 1834
17:51:22 1837
17:52:22 1834
17:53:22 1834
17:54:22 1832
17:55:23 1849
17:56:23 1854
17:57:23 1851
17:58:23 1850
17:59:24 1850
18:00:24 1862
18:01:24 1860
18:02:24 1855
18:03:24 1855
18:04:25 1854
18:05:25 1864
18:06:25 1841
18:07:26 1841
18:08:26 1833
18:09:26 1833
18:10:26 1833
18:11:27 1833
18:12:27 1834
18:13:27 1834
18:14:27 1834
18:15:28 1870
18:16:28 1871
18:17:28 1873
18:18:28 1874
18:19:29 1872
18:20:29 1880
18:21:29 1877
18:22:30 1838
18:23:31 1838
18:24:31 1836
18:25:31 1840
18:26:32 1837
18:27:32 1839
18:28:33 1837
18:29:33 1837
18:30:33 1843
18:31:34 1838
18:32:34 1839
18:33:34 1839
18:34:34 1835
18:35:34 1837
18:36:34 1837
18:37:35 1836
18:38:35 1843
18:39:35 1841
18:40:36 1840
18:41:36 1842
18:42:36 1846
18:43:36 1862
18:44:36 1847
18:45:37 1851
18:46:37 1853
18:47:37 1862
18:48:37 1861
18:49:38 1859
18:50:38 1855
18:51:38 1857
18:52:38 1856
18:53:39 1864
18:54:39 1867
18:55:39 1857
18:56:39 1862
18:57:39 1859
18:58:40 1865
18:59:40 1863
19:00:40 1864
19:01:40 1864
19:02:41 1870
19:03:41 1870
19:04:41 1867
19:05:41 1865
19:06:41 1865
19:07:42 1866
19:08:42 1864
19:09:42 1866
19:10:42 1862
19:11:42 1866
19:12:43 1866
19:13:43 1866
19:14:43 1862
19:15:44 1864
19:16:44 1862
19:17:44 1864
19:18:44 1862
19:19:44 1868
19:20:45 1865
19:21:45 1866
19:22:45 1866
19:23:45 1865
19:24:46 1863
19:25:46 1902
19:26:46 1804
19:27:46 1807
19:28:46 1801
19:29:47 1803
19:30:47 1803
19:31:47 1806
19:32:47 1803
19:33:48 1806
19:34:49 1807
19:35:49 1812
19:36:49 1810
19:37:50 1812
19:38:50 1812
19:39:50 1809
19:40:50 1812
19:41:51 1809
19:42:51 1812
19:43:51 1812
19:44:51 1815
19:45:51 1811
19:46:52 1815
19:47:52 1816
19:48:52 1812
19:49:52 1809
19:50:52 1815
19:51:53 1811
19:52:53 1812
19:53:53 1811
19:54:53 1815
19:55:53 1825
19:56:54 1818
19:57:54 1819
19:58:54 1819
19:59:54 1818
20:00:55 1817
20:01:55 1813
20:02:55 1817
20:03:55 1820
20:04:56 1815
20:05:56 1819
20:06:56 1816
20:07:56 1817
20:08:56 1812
20:09:56 1819
20:10:57 1815
20:11:57 1829
20:12:57 1828
20:13:57 1827
20:14:57 1830
20:15:58 1828
20:16:58 1826
20:17:58 1830
20:18:58 1832
20:19:59 1832
20:20:59 1829
20:21:59 1825
20:22:59 1825
20:24:00 1826
20:25:00 1830
20:26:00 1876
20:27:00 1889
20:28:01 1855
20:29:01 1851
20:30:01 1855
20:31:01 1858
20:32:01 1857
20:33:02 1866
20:34:02 1860
20:35:02 1854
20:36:02 1854
20:37:02 1852
20:38:03 1850
20:39:03 1851
20:40:03 1850
20:41:03 1852
20:42:04 1849
20:43:04 1849
20:44:04 1854
20:45:04 1857
20:46:04 1855
20:47:05 1850
20:48:05 1853
20:49:05 1854
20:50:05 1853
20:51:05 1857
20:52:06 1864
20:53:06 1861
20:54:06 1857
20:55:06 1862
20:56:06 1859
20:57:07 1863
20:58:07 1857
20:59:07 1857
21:00:07 1860
21:01:07 1857
21:02:08 1859
21:03:08 1855
21:04:08 1856
21:05:08 1860
21:06:09 1859
21:07:09 1861
21:08:09 1857
21:09:09 1855
21:10:09 1856
21:11:09 1856
21:12:10 1855
21:13:10 1854
21:14:10 1853
21:15:10 1861
21:16:10 1855
21:17:11 1857
21:18:11 1862
21:19:11 1856
21:20:12 1857
21:21:12 1855
21:22:12 1857
21:23:12 1855
21:24:13 1853
21:25:13 1856
21:26:13 1899
21:27:13 1899
21:28:14 1896
21:29:14 1897
21:30:14 1896
21:31:14 1899
21:32:14 1895
21:33:15 1811
21:34:15 1811
21:35:15 1819
21:36:15 1814
21:37:15 1815
21:38:16 1815
21:39:16 1819
21:40:16 1819
21:41:16 1818
21:42:17 1818
21:43:17 1820
21:44:17 1817
21:45:17 1817
21:46:17 1817
21:47:18 1818
21:48:18 1821
21:49:18 1819
21:50:18 1817
21:51:19 1816
21:52:19 1829
21:53:19 1825
21:54:19 1827
21:55:20 1827
21:56:20 1826
21:57:20 1829
21:58:20 1826
21:59:21 1827
22:00:21 1826
22:01:21 1827
22:02:22 1823
22:03:22 1824
22:04:22 1824
22:05:22 1822
22:06:23 1824
22:07:23 1825
22:08:23 1828
22:09:23 1825
22:10:23 1827
22:11:23 1827
22:12:24 1830
22:13:24 1828
22:14:24 1832
22:15:25 1831
22:16:25 1831
22:17:25 1831
22:18:25 1828
22:19:26 1828
22:20:26 1823
22:21:26 1829
22:22:26 1824
22:23:27 1826
22:24:27 1829
22:25:27 1829
22:26:27 1830
22:27:27 1825
22:28:28 1828
22:29:28 1826
22:30:28 1825
22:31:29 1826
22:32:29 1827
22:33:29 1827
22:34:29 1829
22:35:29 1828
22:36:30 1825
22:37:30 1827
22:38:30 1833
22:39:31 1828
22:40:31 1828
22:41:31 1893
22:42:32 1761
22:43:32 1772
22:44:32 1769
22:45:32 1778
22:46:33 1776
22:47:33 1775
22:48:33 1775
22:49:33 1809
22:50:33 1819
22:51:34 1833
22:52:34 1836
22:53:34 1835
22:54:35 1840
22:55:35 1825
22:56:35 1829
22:57:35 1824
22:58:36 1825
22:59:36 1822
23:00:36 1816
23:01:36 1817
23:02:37 1815
23:03:37 1824
23:04:37 1820
23:05:37 1812
23:06:38 1819
23:07:38 1810
23:08:38 1811
23:09:39 1814
23:10:39 1810
23:11:39 1813
23:12:39 1812
23:13:39 1811
23:14:40 1811
23:15:40 1817
23:16:40 1816
23:17:41 1816
23:18:41 1815
23:19:41 1812
23:20:42 1817
23:21:42 1821
23:22:42 1812
23:23:42 1816
23:24:42 1815
23:25:43 1817
23:26:43 1770
23:27:43 1764
23:28:43 1772
23:29:44 1766
23:30:44 1753
23:31:44 1760
23:32:44 1766
23:33:45 1759
23:34:45 1770
23:35:45 1770
23:36:46 1765
23:37:46 1765
23:38:46 1775
23:39:46 1767
23:40:47 1768
23:41:47 1768
23:42:48 1765
23:43:48 1768
23:44:48 1762
23:45:49 1764
23:46:49 1771
23:47:50 1773
23:48:50 1773
23:49:51 1774
23:50:52 1774
23:51:52 1772
23:52:53 1771
23:53:54 1774
23:54:54 1772
23:55:55 1780
23:56:56 1776
23:57:55 1783
23:58:56 1798
23:59:56 1803
