00:01:34 -1 -1
00:02:42 -1 -1
00:03:24 5474 3515
00:04:21 8348 4797
00:05:22 5779 3616
00:06:23 4806 2935
00:07:28 -1 -1
00:08:26 -1 -1
02:00:09 856 1216
02:01:11 6716 4163
02:02:09 5262 3428
02:03:09 5756 4206
02:04:10 -1 -1
02:05:10 6729 4514
02:06:11 6080 4216
02:07:11 -1 -1
02:08:11 -1 -1
02:09:12 -1 -1
02:10:12 5399 3622
02:11:13 6526 4312
02:12:13 -1 -1
02:13:13 11635 6215
02:14:14 5887 3541
02:15:15 4279 2711
02:16:15 6626 4225
02:17:15 6698 4239
02:18:15 6765 4972
02:19:16 8699 5320
02:20:16 15586 9300
02:21:17 7694 4660
02:22:18 5912 8438
02:23:18 8311 9586
02:24:18 -1 -1
02:25:19 6418 4148
02:26:19 6166 3829
02:27:19 -1 -1
02:28:20 -1 -1
02:29:20 -1 -1
02:30:21 -1 -1
02:31:21 6642 3914
02:32:21 6808 4822
02:33:22 6049 3666
02:34:22 -1 -1
02:35:23 5782 3633
02:36:23 -1 -1
02:37:23 -1 -1
02:38:24 8857 5247
02:39:24 7686 4830
02:40:25 6913 4001
02:41:25 8308 4899
02:42:26 -1 -1
02:43:26 -1 -1
02:44:26 -1 -1
02:45:27 -1 -1
02:46:27 -1 -1
02:47:27 -1 -1
02:48:31 7138 4000
02:49:28 -1 -1
02:50:29 -1 -1
02:51:32 7415 4675
02:52:33 -1 -1
02:53:30 -1 -1
02:54:30 9532 6100
02:55:31 7570 4775
02:56:33 9947 5688
02:57:31 8873 5158
02:58:32 8343 5005
02:59:32 -1 -1
03:00:33 -1 -1
03:01:33 6481 3952
03:02:34 -1 -1
03:03:34 -1 -1
03:04:34 8243 4827
03:05:35 8586 5442
03:06:35 5662 3503
03:07:36 7301 4541
03:08:36 6387 3692
03:09:36 -1 -1
03:10:37 4810 3381
03:11:37 5694 3372
03:12:38 -1 -1
03:13:38 -1 -1
03:14:38 -1 -1
03:15:39 3942 2393
03:16:39 3380 2356
03:17:39 3731 2251
03:18:43 4479 3130
03:19:40 -1 -1
03:20:40 -1 -1
03:21:41 -1 -1
03:22:41 -1 -1
03:23:41 -1 -1
03:24:42 -1 -1
03:25:42 -1 -1
03:26:42 3058 1799
03:27:43 3085 1909
03:28:43 2800 2077
03:29:43 -1 -1
03:30:44 1649 1175
03:31:44 2453 1983
03:32:44 2465 1848
03:33:44 3870 2613
03:34:45 -1 -1
03:35:45 -1 -1
03:36:45 3448 2129
03:37:46 2801 1919
03:38:46 -1 -1
03:39:47 3440 2241
03:40:47 2602 1714
03:41:48 3182 2147
03:42:48 -1 -1
03:43:48 -1 -1
03:44:49 -1 -1
03:45:49 2000 1794
03:46:49 -1 -1
03:47:50 -1 -1
03:48:50 -1 -1
03:49:50 -1 -1
03:50:50 3362 2341
03:51:51 -1 -1
03:52:51 -1 -1
03:53:52 2074 1668
03:54:55 2968 2122
03:55:52 2732 2092
03:56:53 2610 1880
03:57:53 1990 1207
03:58:53 1690 1237
03:59:54 2420 1874
04:00:54 3278 2192
04:01:54 -1 -1
04:02:55 -1 -1
04:03:55 3703 2393
04:04:55 2009 1499
04:05:56 -1 -1
04:06:56 -1 -1
04:07:56 -1 -1
04:08:57 4673 3498
04:09:57 -1 -1
04:10:57 1895 1495
04:11:58 -1 -1
04:12:58 -1 -1
04:13:58 -1 -1
04:14:59 -1 -1
04:15:59 -1 -1
04:16:59 -1 -1
04:18:00 -1 -1
04:19:00 2732 2042
04:20:00 -1 -1
04:21:01 2329 1418
04:22:01 2179 1379
04:23:01 1976 1374
04:24:02 2331 1736
04:25:02 -1 -1
04:26:02 -1 -1
04:27:03 -1 -1
04:28:03 4016 2424
04:29:03 -1 -1
04:30:04 -1 -1
04:31:04 2509 1597
04:32:04 2202 1247
04:33:05 -1 -1
04:34:05 -1 -1
04:35:05 2600 1646
04:36:06 -1 -1
04:37:06 2113 1560
04:38:06 -1 -1
04:39:07 -1 -1
04:40:07 -1 -1
04:41:08 -1 -1
04:42:08 -1 -1
04:43:09 2366 1787
04:44:09 -1 -1
04:45:09 3650 2805
04:46:09 2764 2106
04:47:10 2670 2230
04:48:10 3859 2938
04:49:11 -1 -1
04:50:11 1781 1721
04:51:11 1940 1442
04:52:11 -1 -1
04:53:12 1669 1483
04:54:12 2657 1930
04:55:12 2775 1876
04:56:13 2046 1236
04:57:13 -1 -1
04:58:14 4102 2590
04:59:14 -1 -1
05:00:14 2289 1972
05:01:15 -1 -1
05:02:15 -1 -1
05:03:15 -1 -1
05:04:16 2265 1523
05:05:16 4787 3162
05:06:16 2558 1884
05:07:17 -1 -1
05:08:17 2409 1788
05:09:17 2782 1514
05:10:18 -1 -1
05:11:18 -1 -1
05:12:18 2681 1899
05:13:19 2222 1532
05:14:19 -1 -1
05:15:19 2639 1633
05:16:20 -1 -1
05:17:20 -1 -1
05:18:21 -1 -1
05:19:21 3609 2301
05:20:21 -1 -1
05:21:22 -1 -1
05:22:22 -1 -1
05:23:22 1837 1304
05:24:23 3129 1871
05:25:23 -1 -1
05:26:23 3395 1976
05:27:24 3295 2164
05:28:24 3243 2035
05:29:24 1168 858
05:30:25 -1 -1
05:31:25 -1 -1
05:32:26 4396 3649
05:33:26 -1 -1
05:34:26 4542 3142
05:35:26 -1 -1
05:36:27 1651 1307
05:37:27 2528 2212
05:38:27 1354 1176
05:39:28 2167 1594
05:40:28 -1 -1
05:41:28 -1 -1
05:42:29 -1 -1
05:43:29 -1 -1
05:44:29 2824 1748
05:45:30 2086 1630
05:46:30 -1 -1
05:47:30 -1 -1
05:48:31 -1 -1
05:49:31 -1 -1
05:50:31 2674 2270
05:51:32 -1 -1
05:52:32 -1 -1
05:53:32 1897 1185
05:54:33 2636 1570
05:55:33 3005 1866
05:56:34 2724 1725
05:57:34 2622 1525
05:58:34 -1 -1
05:59:35 -1 -1
06:00:34 -1 -1
06:01:36 -1 -1
06:02:36 -1 -1
06:03:36 -1 -1
06:04:37 3498 2182
06:05:37 2387 1450
06:06:38 -1 -1
06:07:38 3193 1920
06:08:38 -1 -1
06:09:39 3122 1894
06:10:39 4173 2497
06:11:39 -1 -1
06:12:40 1651 1036
06:13:40 1903 1162
06:14:40 3611 2163
06:15:41 2641 2303
06:16:41 2074 1487
06:17:42 2752 1988
06:18:42 -1 -1
06:19:42 -1 -1
06:20:43 -1 -1
06:21:43 -1 -1
06:22:43 3693 2408
06:23:44 2587 1825
06:24:44 2384 1503
06:25:44 -1 -1
06:26:45 -1 -1
06:27:45 -1 -1
06:28:46 4918 3301
06:29:46 -1 -1
06:30:46 2775 1981
06:31:46 1937 1279
06:32:47 -1 -1
06:33:47 -1 -1
06:34:47 3729 2545
06:35:48 -1 -1
06:36:48 2417 1640
06:37:48 5087 3295
06:38:49 -1 -1
06:39:49 -1 -1
06:40:49 -1 -1
06:41:50 -1 -1
06:42:50 3257 1909
06:43:50 -1 -1
06:44:51 2671 1631
06:45:51 2226 1633
06:46:51 2321 1839
06:47:52 -1 -1
06:48:52 2221 1636
06:49:52 -1 -1
06:50:53 -1 -1
06:51:53 3831 2404
06:52:54 2223 1531
06:53:54 3282 2084
06:54:54 2881 1891
06:55:54 2812 1712
06:56:55 2482 1654
06:57:55 -1 -1
06:58:55 3420 1954
06:59:56 3355 2246
07:00:56 2909 2265
07:01:56 -1 -1
07:02:57 -1 -1
07:03:57 -1 -1
07:04:57 2886 2475
07:05:58 -1 -1
07:06:58 3830 2268
07:07:58 4589 3337
07:08:59 -1 -1
07:09:59 -1 -1
07:10:59 -1 -1
07:12:00 2698 1928
07:13:00 -1 -1
07:14:00 -1 -1
07:15:01 2433 1420
07:16:01 -1 -1
07:17:02 2472 4177
07:18:02 -1 -1
07:19:02 -1 -1
07:20:03 -1 -1
07:21:03 4896 2880
07:22:03 4198 2579
07:23:04 -1 -1
07:24:04 5175 3449
07:25:04 4665 2995
07:26:05 4613 2997
07:27:05 3130 1844
07:28:05 3127 2000
07:29:06 2822 1734
07:30:06 -1 -1
07:31:06 2498 1389
07:32:07 -1 -1
07:33:07 2672 1622
07:34:07 -1 -1
07:35:08 -1 -1
07:36:08 3836 2640
07:37:09 2024 1505
07:38:09 -1 -1
07:39:09 3835 2877
07:40:09 2678 1632
07:41:10 -1 -1
07:42:10 -1 -1
07:43:10 1499 962
07:44:11 2228 1461
07:45:11 2365 1677
07:46:11 -1 -1
07:47:12 -1 -1
07:48:12 -1 -1
07:49:12 2299 1485
07:50:13 -1 -1
07:51:13 3310 2085
07:52:13 -1 -1
07:53:13 -1 -1
07:54:14 3036 1953
07:55:14 -1 -1
07:56:15 1788 1238
07:57:15 3726 2582
07:58:15 3592 2084
07:59:15 -1 -1
08:00:16 3512 2037
08:01:16 2791 1781
08:02:16 2755 1838
08:03:17 -1 -1
08:04:17 -1 -1
08:05:17 -1 -1
08:06:18 3620 2928
08:07:18 2022 2552
08:08:18 2320 1655
08:09:18 -1 -1
08:10:19 -1 -1
08:11:19 -1 -1
08:12:19 -1 -1
08:13:20 2842 1784
08:14:20 2097 1803
08:15:20 2133 1640
08:16:21 -1 -1
08:17:21 2916 1524
08:18:21 2026 1295
08:19:22 3015 1990
08:20:22 -1 -1
08:21:22 2519 1825
08:22:23 -1 -1
08:23:24 2511 1519
08:24:24 -1 -1
08:25:24 -1 -1
08:26:25 -1 -1
08:27:25 3161 2114
08:28:25 2658 1597
08:29:26 -1 -1
08:30:26 -1 -1
08:31:26 -1 -1
08:32:26 -1 -1
08:33:27 -1 -1
08:34:27 -1 -1
08:35:27 -1 -1
08:36:28 3056 1889
08:37:28 3283 2066
08:38:28 -1 -1
08:39:29 -1 -1
08:40:29 -1 -1
08:41:29 -1 -1
08:42:30 -1 -1
08:43:30 3293 1880
08:44:31 -1 -1
08:45:31 -1 -1
08:46:31 2450 1456
08:47:32 -1 -1
08:48:32 3745 2614
08:49:32 -1 -1
08:50:33 -1 -1
08:51:33 -1 -1
08:52:33 2993 1903
08:53:34 4099 2572
08:54:37 -1 -1
08:55:35 -1 -1
08:56:35 -1 -1
08:57:36 2556 1556
08:58:36 3188 1907
08:59:36 3545 2125
09:00:37 3221 2119
09:01:37 2632 1696
09:02:38 -1 -1
09:03:38 -1 -1
09:04:38 2947 1931
09:05:38 -1 -1
09:06:38 -1 -1
09:07:39 -1 -1
09:08:39 -1 -1
09:09:39 3067 1970
09:10:39 2398 1463
09:11:40 -1 -1
09:12:40 3031 2218
09:13:40 2416 1522
09:14:40 -1 -1
09:15:41 2888 2037
09:16:41 3036 2161
09:17:41 2346 1808
09:18:42 3898 2824
09:19:42 2756 2028
09:20:42 2547 1792
09:21:43 -1 -1
09:22:43 2805 2086
09:23:43 2512 1587
09:24:43 3742 2089
09:25:44 -1 -1
09:26:47 1986 5898
09:27:44 7376 15104
09:28:45 -1 -1
09:29:45 3022 1943
09:30:45 2867 2619
09:31:45 -1 -1
09:32:46 2648 1814
09:33:46 -1 -1
09:34:49 -1 -1
09:35:47 -1 -1
09:36:47 3804 2859
09:37:47 -1 -1
09:38:48 -1 -1
09:39:48 3237 2001
09:40:49 2914 2081
09:41:49 3116 1854
09:42:49 3115 1848
09:43:50 -1 -1
09:44:50 -1 -1
09:45:50 4043 6226
09:46:50 2296 2355
09:47:51 -1 -1
09:48:51 -1 -1
09:49:51 3918 2243
09:50:51 -1 -1
09:51:51 -1 -1
09:52:52 3278 2275
09:53:52 -1 -1
09:54:52 -1 -1
09:55:52 2419 1466
09:56:53 2761 1757
09:57:53 -1 -1
09:58:53 -1 -1
09:59:53 -1 -1
10:00:54 -1 -1
10:01:54 -1 -1
10:02:54 -1 -1
10:03:55 -1 -1
10:04:55 -1 -1
10:05:55 2028 1567
10:06:55 5551 3161
10:07:55 2470 1562
10:08:56 3022 2075
10:09:56 2163 1662
10:10:56 3016 1839
10:11:56 2934 2146
10:12:57 -1 -1
10:13:57 3076 4417
10:14:57 3548 2330
10:15:57 -1 -1
10:16:58 -1 -1
10:17:58 3866 2384
10:18:58 -1 -1
10:19:59 -1 -1
10:21:00 -1 -1
10:22:00 -1 -1
10:23:01 -1 -1
10:24:02 -1 -1
10:25:02 3665 2275
10:26:02 -1 -1
10:27:03 -1 -1
10:28:04 2650 1680
10:29:04 4670 4930
10:30:04 2630 3586
10:31:04 -1 -1
10:32:05 -1 -1
10:33:05 -1 -1
10:34:05 -1 -1
10:35:05 3539 2172
10:36:06 -1 -1
10:37:06 4213 2633
10:38:07 4736 3317
10:39:07 -1 -1
10:40:08 -1 -1
10:41:08 -1 -1
10:42:09 5191 3209
10:43:09 3865 12080
10:44:09 3894 11819
10:45:10 2676 7169
10:46:10 -1 -1
10:47:10 4350 2710
10:48:11 5173 3187
10:49:11 3247 2059
10:50:11 -1 -1
10:51:12 -1 -1
10:52:12 -1 -1
10:53:13 -1 -1
10:54:13 4416 2891
10:55:13 -1 -1
10:56:14 4930 3223
10:57:15 -1 -1
10:58:16 3024 1969
10:59:16 -1 -1
11:00:16 3874 2433
11:01:17 3584 2214
11:02:17 -1 -1
11:03:17 -1 -1
11:04:18 -1 -1
11:05:18 -1 -1
11:06:18 -1 -1
11:07:19 2468 2066
11:08:19 4177 2635
11:09:19 3398 2095
11:10:20 -1 -1
11:11:20 2967 2211
11:12:20 -1 -1
11:13:21 -1 -1
11:14:22 3691 2618
11:15:22 -1 -1
11:16:23 -1 -1
11:17:23 -1 -1
11:18:23 -1 -1
11:19:24 -1 -1
11:20:24 3782 2538
11:21:24 3023 1869
11:22:25 3764 2700
11:23:25 2819 1765
11:24:25 2242 1412
11:25:25 4265 2472
11:26:26 3062 1839
11:27:26 -1 -1
11:28:26 4712 3537
11:29:26 -1 -1
11:30:27 1931 1365
11:31:27 -1 -1
11:32:27 2459 1504
11:33:27 1946 1536
11:34:29 -1 -1
11:35:29 -1 -1
11:36:30 -1 -1
11:37:31 2502 1990
11:38:31 -1 -1
11:39:32 2706 1717
11:40:32 -1 -1
11:41:32 2213 1617
11:42:32 -1 -1
11:43:33 5482 3465
11:44:33 2517 12229
11:45:33 -1 -1
11:46:34 -1 -1
11:47:34 2782 1786
11:48:34 -1 -1
11:49:35 -1 -1
11:50:36 4684 2866
11:51:37 -1 -1
11:52:38 -1 -1
11:53:38 2619 1514
11:54:38 2169 2190
11:55:38 -1 -1
11:56:39 -1 -1
11:57:39 2482 1433
11:58:39 1793 1444
11:59:39 -1 -1
12:00:40 -1 -1
12:01:40 2325 1959
12:02:40 2533 2046
12:03:41 -1 -1
12:04:41 2544 1786
12:05:42 1776 3640
12:06:42 -1 -1
12:07:42 -1 -1
12:08:43 4338 3003
12:09:43 3070 1909
12:10:44 3462 2187
12:11:44 5028 3145
12:12:44 4570 2731
12:13:45 3415 2319
12:14:45 3610 2268
12:15:46 3153 2032
12:16:46 -1 -1
12:17:47 -1 -1
12:18:48 2485 1713
12:19:51 -1 -1
12:20:48 -1 -1
12:21:48 3377 2210
12:22:48 3576 2211
12:23:49 -1 -1
12:24:49 2667 1756
12:25:49 -1 -1
12:26:49 2473 1571
12:27:50 2414 1495
12:28:50 -1 -1
12:29:51 -1 -1
12:30:51 -1 -1
12:31:51 -1 -1
12:32:51 2359 1702
12:33:51 2658 1647
12:34:52 -1 -1
12:35:52 2409 1769
12:36:52 -1 -1
12:37:53 -1 -1
12:38:53 -1 -1
12:39:53 2567 1599
12:40:53 2377 1467
12:41:53 3213 2168
12:42:54 3822 2535
12:43:54 3503 3064
12:44:54 -1 -1
12:45:54 3047 2796
12:46:54 2997 3306
12:47:54 -1 -1
12:48:55 -1 -1
12:49:55 -1 -1
12:50:58 -1 -1
12:51:55 -1 -1
12:52:56 5480 3462
12:53:56 3132 2075
12:54:56 -1 -1
12:55:56 -1 -1
12:56:57 1610 1010
12:57:57 3153 1859
12:58:57 -1 -1
12:59:57 3522 2634
13:00:58 -1 -1
13:01:58 3033 1916
13:02:58 -1 -1
13:03:58 2757 1760
13:04:59 2982 1966
13:05:59 3983 2488
13:06:59 -1 -1
13:07:59 -1 -1
13:08:59 -1 -1
13:10:00 -1 -1
13:11:03 3314 1952
13:12:00 -1 -1
13:13:00 2850 2387
13:14:00 -1 -1
13:15:01 2609 1762
13:16:01 -1 -1
13:17:01 3243 2053
13:18:01 5047 3390
13:19:01 3119 1929
13:20:02 3416 2341
13:21:02 4308 2720
13:22:02 4130 2708
13:23:03 4351 2597
13:24:03 -1 -1
13:25:03 -1 -1
13:26:23 -1 -1
13:27:04 3926 3324
13:28:04 9671 5695
13:29:04 4166 2791
13:30:05 2741 2176
13:31:05 -1 -1
13:32:05 2101 1963
13:33:06 3533 2297
13:34:06 4374 2575
13:35:06 -1 -1
13:36:06 1930 1055
13:37:07 -1 -1
13:38:07 -1 -1
13:39:07 -1 -1
13:40:07 -1 -1
13:41:08 -1 -1
13:42:08 2328 1299
13:43:09 2632 1490
13:44:09 -1 -1
13:45:09 2072 1627
13:46:10 -1 -1
13:47:10 2049 1324
13:48:10 3682 2263
13:49:11 2580 1573
13:50:11 -1 -1
13:51:11 -1 -1
13:52:11 -1 -1
13:53:12 -1 -1
13:54:12 3420 2618
13:55:12 -1 -1
13:56:12 -1 -1
13:57:13 -1 -1
13:58:13 3207 2317
13:59:13 -1 -1
14:00:13 -1 -1
14:01:13 -1 -1
14:02:14 -1 -1
14:03:14 -1 -1
14:04:14 -1 -1
14:05:14 3844 2950
14:06:15 -1 -1
14:07:15 3489 2495
14:08:15 4147 2963
14:09:16 3838 2963
14:10:16 4199 2787
14:11:17 2602 1841
14:12:18 4582 2972
14:13:18 -1 -1
14:14:18 2441 1671
14:15:27 -1 -1
14:16:19 3583 2097
14:17:19 3101 2001
14:18:20 -1 -1
14:19:20 -1 -1
14:20:20 -1 -1
14:21:20 -1 -1
14:22:21 -1 -1
14:23:21 2237 1537
14:24:22 -1 -1
14:25:22 2645 1950
14:26:22 2566 2106
14:27:23 2575 1811
14:28:23 -1 -1
14:29:23 -1 -1
14:30:24 -1 -1
14:31:24 4774 2907
14:32:24 -1 -1
14:33:25 3611 2205
14:34:25 -1 -1
14:35:25 -1 -1
14:36:29 -1 -1
14:37:27 -1 -1
14:38:27 3345 2101
14:39:27 4116 2784
14:40:28 2769 2300
14:41:28 -1 -1
14:42:29 -1 -1
14:43:29 -1 -1
14:44:30 -1 -1
14:45:31 -1 -1
14:46:31 2639 1776
14:47:32 2594 1777
14:48:32 -1 -1
14:49:32 -1 -1
14:50:32 -1 -1
14:51:33 2762 1854
14:52:33 2174 1921
14:53:34 3640 2373
14:54:34 2127 1517
14:55:34 2618 1692
14:56:34 2460 1972
14:57:35 -1 -1
14:58:35 4119 2461
14:59:35 3557 2316
15:00:35 -1 -1
15:01:36 -1 -1
15:02:36 -1 -1
15:03:36 -1 -1
15:04:36 -1 -1
15:05:36 3705 2354
15:06:37 4148 3055
15:07:37 2183 1428
15:08:40 3505 2419
15:09:37 5483 3434
15:10:37 -1 -1
15:11:39 -1 -1
15:12:39 -1 -1
15:13:39 -1 -1
15:14:40 3637 2550
15:15:40 -1 -1
15:16:40 2937 1764
15:17:40 2563 1538
15:18:41 2588 1745
15:19:41 -1 -1
15:20:41 -1 -1
15:21:41 4110 2475
15:22:44 3643 2723
15:23:42 -1 -1
15:24:42 -1 -1
15:25:42 -1 -1
15:26:42 -1 -1
15:27:42 -1 -1
15:28:43 -1 -1
15:29:46 3451 2197
15:30:43 2426 1679
15:31:44 -1 -1
15:32:44 3572 2748
15:33:44 3358 2355
15:34:44 2856 2312
15:35:45 -1 -1
15:36:45 3486 2475
15:37:45 2833 2287
15:38:45 2309 1827
15:39:46 2762 1863
15:40:46 2682 1913
15:41:46 -1 -1
15:42:46 5194 3120
15:43:46 4031 2628
15:44:47 2707 1938
15:45:47 2329 1588
15:46:47 -1 -1
15:47:48 -1 -1
15:48:48 -1 -1
15:49:48 -1 -1
15:50:48 -1 -1
15:51:49 3570 2218
15:52:49 6370 3851
15:53:49 -1 -1
15:54:49 2376 1587
15:55:50 -1 -1
15:56:50 3841 2834
15:57:49 -1 -1
15:58:50 -1 -1
15:59:50 -1 -1
16:00:51 -1 -1
16:01:51 2146 1719
16:02:51 -1 -1
16:03:51 -1 -1
16:04:52 3753 2454
16:05:52 3187 2454
16:06:52 -1 -1
16:07:52 -1 -1
16:08:55 -1 -1
16:09:53 2672 2434
16:10:53 -1 -1
16:11:53 2103 2064
16:12:54 2393 1721
16:13:54 10992 7097
16:14:54 4239 2653
16:15:54 -1 -1
16:16:54 3206 2060
16:17:57 -1 -1
16:18:55 2092 1410
16:19:55 -1 -1
16:20:55 2067 1510
16:21:55 -1 -1
16:22:56 -1 -1
16:23:56 2992 3387
16:24:56 -1 -1
16:25:56 2369 2006
16:26:57 -1 -1
16:27:57 3824 2456
16:28:57 3931 2483
16:29:57 -1 -1
16:30:57 -1 -1
16:31:58 2196 1381
16:32:58 2217 1352
16:33:59 2979 1694
16:34:59 -1 -1
16:35:59 3090 2155
16:36:59 -1 -1
16:38:00 2683 1816
16:39:00 -1 -1
16:40:00 2133 1359
16:41:01 2185 1919
16:42:01 2493 2311
16:43:01 -1 -1
16:44:01 -1 -1
16:45:01 -1 -1
16:46:02 2725 2490
16:47:02 -1 -1
16:48:02 -1 -1
16:49:02 -1 -1
16:50:02 -1 -1
16:51:02 3179 2041
16:52:03 3404 2346
16:53:03 -1 -1
16:54:04 2901 2093
16:55:04 -1 -1
16:56:04 -1 -1
16:57:04 2945 2109
16:58:05 3020 2127
16:59:05 -1 -1
17:00:05 -1 -1
17:01:06 -1 -1
17:02:06 3252 2208
17:03:06 2837 2527
17:04:06 2703 2069
17:05:07 3439 2286
17:06:07 1947 1546
17:07:07 -1 -1
17:08:07 -1 -1
17:09:08 -1 -1
17:10:08 2503 1713
17:11:11 -1 -1
17:12:08 2676 1660
17:13:09 2816 2010
17:14:09 -1 -1
17:15:09 5790 3615
17:16:09 -1 -1
17:17:09 2435 2156
17:18:10 3312 7374
17:19:10 -1 -1
17:20:10 2103 1405
17:21:10 4275 2888
17:22:11 2854 1919
17:23:11 2541 1552
17:24:11 -1 -1
17:25:12 2962 2851
17:26:12 3371 2481
17:27:12 -1 -1
17:28:13 4620 2843
17:29:13 3040 1767
17:30:13 -1 -1
17:31:13 4019 2491
17:32:14 1958 3527
17:33:14 2158 1399
17:34:14 -1 -1
17:35:15 -1 -1
17:36:15 -1 -1
17:37:15 3532 2308
17:38:16 -1 -1
17:39:16 3254 2491
17:40:16 4346 3068
17:41:16 -1 -1
17:42:17 -1 -1
17:43:18 -1 -1
17:44:37 -1 -1
17:45:18 2890 2363
17:46:19 3233 2192
17:47:19 3678 2621
17:48:19 3387 2317
17:49:19 -1 -1
17:50:20 -1 -1
17:51:20 2553 2174
17:52:20 2491 1541
17:53:20 -1 -1
17:54:21 -1 -1
17:55:21 3361 2089
17:56:21 2394 1528
17:57:22 1319 950
17:58:22 -1 -1
17:59:22 -1 -1
18:00:22 -1 -1
18:01:23 3387 2291
18:02:23 -1 -1
18:03:26 3328 2738
18:04:23 3099 2187
18:05:23 -1 -1
18:06:24 3648 2590
18:07:24 4064 2735
18:08:24 1784 1103
18:09:24 -1 -1
18:10:25 3647 2112
18:11:25 4716 3175
18:12:25 4307 2611
18:13:26 3300 2206
18:14:26 -1 -1
18:15:26 3508 2257
18:16:26 2354 1431
18:17:27 3250 2283
18:18:27 -1 -1
18:19:27 2442 1501
18:20:27 3352 2026
18:21:28 1927 3448
18:22:28 2485 1617
18:23:29 -1 -1
18:24:30 -1 -1
18:25:30 1949 1189
18:26:30 -1 -1
18:27:30 -1 -1
18:28:31 -1 -1
18:29:31 5486 3108
18:30:31 4862 3137
18:31:32 3993 2663
18:32:33 1790 1275
18:33:32 -1 -1
18:34:32 2827 1711
18:35:33 -1 -1
18:36:33 -1 -1
18:37:33 2644 1785
18:38:33 -1 -1
18:39:34 -1 -1
18:40:34 2764 1936
18:41:34 2859 2002
18:42:34 -1 -1
18:43:35 2054 1336
18:44:35 2911 1892
18:45:35 4433 2746
18:46:35 -1 -1
18:47:36 -1 -1
18:48:39 -1 -1
18:49:36 4970 3094
18:50:36 4503 2952
18:51:36 -1 -1
18:52:37 3795 2402
18:53:37 4104 2633
18:54:37 4025 2791
18:55:37 -1 -1
18:56:38 2761 1920
18:57:38 3277 4135
18:58:38 -1 -1
18:59:38 3571 4251
19:00:38 3632 2463
19:01:39 3442 2321
19:02:39 2487 1810
19:03:39 3787 2461
19:04:40 3521 2582
19:05:40 -1 -1
19:06:40 -1 -1
19:07:40 -1 -1
19:08:40 4323 2765
19:09:41 -1 -1
19:10:41 3746 4107
19:11:41 3931 4355
19:12:41 3357 3029
19:13:42 2909 2101
19:14:42 -1 -1
19:15:42 2528 1792
19:16:42 -1 -1
19:17:42 -1 -1
19:18:43 2998 2007
19:19:43 3973 2813
19:20:43 -1 -1
19:21:43 -1 -1
19:22:43 -1 -1
19:23:44 -1 -1
19:24:44 -1 -1
19:25:44 -1 -1
19:26:44 -1 -1
19:27:44 3840 2800
19:28:45 1908 1443
19:29:45 -1 -1
19:30:45 2645 2335
19:31:45 2963 1826
19:32:46 2395 1579
19:33:47 3420 2226
19:34:47 -1 -1
19:35:48 -1 -1
19:36:48 3190 1915
19:37:48 -1 -1
19:38:48 -1 -1
19:39:48 -1 -1
19:40:49 -1 -1
19:41:49 5285 3245
19:42:49 -1 -1
19:43:49 -1 -1
19:44:50 3096 2192
19:45:50 -1 -1
19:46:50 -1 -1
19:47:50 4855 3157
19:48:50 3296 2321
19:49:51 2772 1990
19:50:51 -1 -1
19:51:51 -1 -1
19:52:51 -1 -1
19:53:51 4186 2455
19:54:52 -1 -1
19:55:52 -1 -1
19:56:52 3799 2583
19:57:52 -1 -1
19:58:53 -1 -1
19:59:53 2795 1620
20:00:53 3185 1909
20:01:53 3301 2312
20:02:53 3263 2493
20:03:54 -1 -1
20:04:54 -1 -1
20:05:54 3356 2230
20:06:54 2555 4182
20:07:54 5301 7847
20:08:55 3902 3092
20:09:55 -1 -1
20:10:55 3135 2032
20:11:58 3512 2204
20:12:55 3854 2385
20:13:56 -1 -1
20:14:56 2059 1365
20:15:56 3462 2140
20:16:56 4720 2935
20:17:56 -1 -1
20:18:57 3634 2191
20:19:57 2413 1388
20:20:57 -1 -1
20:21:57 -1 -1
20:22:58 3229 2386
20:23:58 -1 -1
20:24:58 2332 1633
20:25:58 -1 -1
20:26:59 5363 3265
20:27:59 2817 1936
20:28:59 5353 3503
20:29:59 2960 1915
20:31:00 4601 2723
20:32:00 3608 2386
20:33:00 -1 -1
20:34:00 -1 -1
20:35:00 -1 -1
20:36:01 -1 -1
20:37:01 -1 -1
20:38:01 2617 2162
20:39:01 2495 1874
20:40:01 -1 -1
20:41:02 -1 -1
20:42:02 3088 1861
20:43:02 -1 -1
20:44:02 -1 -1
20:45:02 -1 -1
20:46:03 2185 3904
20:47:03 -1 -1
20:48:03 3775 2788
20:49:03 -1 -1
20:50:04 -1 -1
20:51:04 2725 1608
20:52:04 -1 -1
20:53:04 -1 -1
20:54:04 3599 2165
20:55:05 -1 -1
20:56:05 3349 2416
20:57:05 -1 -1
20:58:08 4235 2742
20:59:05 -1 -1
21:00:06 4582 3180
21:01:06 3513 2193
21:02:06 -1 -1
21:03:06 3784 2579
21:04:07 3067 2135
21:05:07 -1 -1
21:06:07 -1 -1
21:07:07 -1 -1
21:08:07 -1 -1
21:09:10 3537 2551
21:10:08 -1 -1
21:11:08 3637 2365
21:12:11 -1 -1
21:13:11 5534 3425
21:14:08 4529 2965
21:15:09 -1 -1
21:16:09 4879 3149
21:17:09 -1 -1
21:18:29 -1 -1
21:19:10 -1 -1
21:20:10 -1 -1
21:21:10 -1 -1
21:22:11 -1 -1
21:23:11 3994 2378
21:24:11 -1 -1
21:25:11 -1 -1
21:26:11 -1 -1
21:27:12 -1 -1
21:28:12 4743 2819
21:29:12 -1 -1
21:30:12 2548 1764
21:31:12 -1 -1
21:32:13 4930 2995
21:33:13 3421 3110
21:34:13 2600 1782
21:35:13 -1 -1
21:36:14 4252 2900
21:37:14 -1 -1
21:38:14 -1 -1
21:39:14 5741 3924
21:40:14 5483 3038
21:41:15 4780 2907
21:42:15 3033 1930
21:43:15 3113 2072
21:44:15 -1 -1
21:45:16 -1 -1
21:46:16 -1 -1
21:47:16 2786 2430
21:48:19 4922 3961
21:49:17 4127 2633
21:50:17 4279 2910
21:51:17 -1 -1
21:52:17 1894 1656
21:53:18 2675 1975
21:54:18 -1 -1
21:55:18 -1 -1
21:56:18 3176 2148
21:57:18 -1 -1
21:58:19 -1 -1
21:59:19 5597 3240
22:00:19 5307 3116
22:01:19 -1 -1
22:02:20 -1 -1
22:03:20 3542 3015
22:04:20 2943 1895
22:05:20 -1 -1
22:06:21 -1 -1
22:07:21 -1 -1
22:08:21 2983 8642
22:09:21 5497 4246
22:10:22 3819 3073
22:11:22 -1 -1
22:12:22 -1 -1
22:13:22 -1 -1
22:14:23 4367 2805
22:15:23 2860 7062
22:16:23 3151 7584
22:17:24 -1 -1
22:18:24 -1 -1
22:19:24 -1 -1
22:20:24 5062 3477
22:21:24 4069 2556
22:22:25 -1 -1
22:23:25 4233 2459
22:24:25 -1 -1
22:25:25 -1 -1
22:26:26 3309 2012
22:27:26 -1 -1
22:28:26 6956 4206
22:29:26 -1 -1
22:30:27 -1 -1
22:31:27 -1 -1
22:32:27 -1 -1
22:33:27 5784 3720
22:34:28 -1 -1
22:35:28 6420 4225
22:36:28 -1 -1
22:37:28 -1 -1
22:38:29 5147 3433
22:39:29 5360 3531
22:40:29 -1 -1
22:41:30 -1 -1
22:42:30 -1 -1
22:43:30 5337 3539
22:44:31 4392 2874
22:45:31 6555 3807
22:46:31 -1 -1
22:47:31 -1 -1
22:48:31 5353 3470
22:49:32 -1 -1
22:50:32 4802 3368
22:51:32 5266 3703
22:52:32 -1 -1
22:53:33 5073 3432
22:54:33 -1 -1
22:55:33 -1 -1
22:56:33 -1 -1
22:57:34 6731 4183
22:58:34 4465 2839
22:59:34 7095 4319
23:00:35 3574 2262
23:01:35 6875 4646
23:02:35 5797 3845
23:03:35 5391 5586
23:04:36 3889 2669
23:05:36 -1 -1
23:06:36 -1 -1
23:07:36 5676 3553
23:08:37 4859 3510
23:09:37 6053 3763
23:10:37 -1 -1
23:11:37 -1 -1
23:12:38 5104 3275
23:13:38 -1 -1
23:14:38 5123 3042
23:15:38 -1 -1
23:16:39 -1 -1
23:17:39 -1 -1
23:18:39 3815 2686
23:19:39 -1 -1
23:20:40 -1 -1
23:21:40 -1 -1
23:22:40 -1 -1
23:23:40 -1 -1
23:24:41 -1 -1
23:25:41 -1 -1
23:26:41 -1 -1
23:27:42 -1 -1
23:28:42 5567 3630
23:29:42 6235 3735
23:30:42 -1 -1
23:31:43 -1 -1
23:32:43 7129 4396
23:33:43 5436 3563
23:34:43 -1 -1
23:35:44 3988 2316
23:36:44 5098 3341
23:37:44 5294 3356
23:38:44 -1 -1
23:39:45 -1 -1
23:40:45 -1 -1
23:41:45 -1 -1
23:42:46 4587 6298
23:43:46 -1 -1
23:44:47 5051 3184
23:45:47 -1 -1
23:46:47 -1 -1
23:47:48 -1 -1
23:48:49 -1 -1
23:49:49 5543 3442
23:50:50 -1 -1
23:51:50 -1 -1
23:52:51 -1 -1
23:53:52 -1 -1
23:54:53 4973 3728
23:55:53 5481 3763
23:56:54 -1 -1
23:57:55 -1 -1
23:58:55 -1 -1
23:59:56 -1 -1
