00:00:17 1 1
00:00:41 1 1
00:01:19 1 1
00:01:43 1 1
00:02:22 1 1
00:02:55 1 1
00:03:31 1 1
00:03:55 1 1
00:04:31 1 1
00:04:57 1 1
00:05:29 1 1
00:05:54 1 1
00:06:23 1 1
00:07:00 1 1
00:07:43 1 1
00:08:21 1 1
02:00:07 1 1
02:00:37 1 1
02:01:07 1 1
02:01:37 1 1
02:02:08 1 1
02:02:38 1 1
02:03:08 1 1
02:03:38 1 1
02:04:08 1 1
02:04:38 1 1
02:05:09 1 1
02:05:39 1 1
02:06:09 1 1
02:06:40 1 1
02:07:10 1 1
02:07:40 1 1
02:08:10 1 1
02:08:40 1 1
02:09:11 1 1
02:09:41 1 1
02:10:11 1 1
02:10:41 1 1
02:11:11 1 1
02:11:41 1 1
02:12:12 1 1
02:12:42 1 1
02:13:12 1 1
02:13:42 1 1
02:14:13 1 1
02:14:43 1 1
02:15:13 1 1
02:15:43 1 1
02:16:13 1 1
02:16:44 1 1
02:17:14 1 1
02:17:44 1 1
02:18:14 1 1
02:18:45 1 1
02:19:15 1 1
02:19:45 1 1
02:20:15 1 1
02:20:45 1 1
02:21:16 1 1
02:21:46 1 1
02:22:16 1 1
02:22:46 1 1
02:23:17 1 1
02:23:47 1 1
02:24:17 1 1
02:24:47 1 1
02:25:17 1 1
02:25:48 1 1
02:26:18 1 1
02:26:48 1 1
02:27:18 1 1
02:27:48 1 1
02:28:19 1 1
02:28:49 1 1
02:29:19 1 1
02:29:49 1 1
02:30:20 1 1
02:30:50 1 1
02:31:20 1 1
02:31:50 1 1
02:32:20 1 1
02:32:50 1 1
02:33:21 1 1
02:33:51 1 1
02:34:21 1 1
02:34:51 1 1
02:35:22 1 1
02:35:52 1 1
02:36:22 1 1
02:36:52 1 1
02:37:22 1 1
02:37:52 1 1
02:38:23 1 1
02:38:53 1 1
02:39:23 1 1
02:39:55 1 1
02:40:24 1 1
02:40:54 1 1
02:41:24 1 1
02:41:54 1 1
02:42:24 1 1
02:42:54 1 1
02:43:25 1 1
02:43:55 1 1
02:44:25 1 1
02:44:55 1 1
02:45:25 1 1
02:45:56 1 1
02:46:26 1 1
02:46:56 1 1
02:47:26 1 1
02:47:56 1 1
02:48:27 1 1
02:48:57 1 1
02:49:27 1 1
02:49:57 1 1
02:50:28 1 1
02:50:58 1 1
02:51:28 1 1
02:51:58 1 1
02:52:28 1 1
02:52:58 1 1
02:53:29 1 1
02:53:59 1 1
02:54:29 1 1
02:54:59 1 1
02:55:29 1 1
02:56:00 1 1
02:56:30 1 1
02:57:00 1 1
02:57:30 1 1
02:58:00 1 1
02:58:31 1 1
02:59:01 1 1
02:59:31 1 1
03:00:01 1 1
03:00:31 1 1
03:01:02 1 1
03:01:32 1 1
03:02:02 1 1
03:02:32 1 1
03:03:02 1 1
03:03:33 1 1
03:04:03 1 1
03:04:33 1 1
03:05:03 1 1
03:05:34 1 1
03:06:04 1 1
03:06:34 1 1
03:07:04 1 1
03:07:35 1 1
03:08:05 1 1
03:08:36 1 1
03:09:06 1 1
03:09:36 1 1
03:10:06 1 1
03:10:37 1 1
03:11:07 1 1
03:11:37 1 1
03:12:07 1 1
03:12:37 1 1
03:13:07 1 1
03:13:38 1 1
03:14:08 1 1
03:14:38 1 1
03:15:08 1 1
03:15:38 1 1
03:16:08 1 1
03:16:39 1 1
03:17:09 1 1
03:17:39 1 1
03:18:09 1 1
03:18:39 1 1
03:19:10 1 1
03:19:40 1 1
03:20:10 1 1
03:20:40 1 1
03:21:10 1 1
03:21:40 1 1
03:22:11 1 1
03:22:41 1 1
03:23:11 1 1
03:23:41 1 1
03:24:11 1 1
03:24:41 1 1
03:25:12 1 1
03:25:42 1 1
03:26:12 1 1
03:26:42 1 1
03:27:12 1 1
03:27:42 1 1
03:28:13 1 1
03:28:43 1 1
03:29:13 1 1
03:29:43 1 1
03:30:13 1 1
03:30:43 1 1
03:31:13 1 1
03:31:44 1 1
03:32:14 1 1
03:32:44 1 1
03:33:14 1 1
03:33:44 1 1
03:34:14 1 1
03:34:45 1 1
03:35:15 1 1
03:35:45 1 1
03:36:15 1 1
03:36:45 1 1
03:37:17 1 1
03:37:46 1 1
03:38:16 1 1
03:38:46 1 1
03:39:16 1 1
03:39:47 1 1
03:40:17 1 1
03:40:47 1 1
03:41:17 1 1
03:41:47 1 1
03:42:17 1 1
03:42:48 1 1
03:43:18 1 1
03:43:48 1 1
03:44:18 1 1
03:44:48 1 1
03:45:18 1 1
03:45:49 1 1
03:46:19 1 1
03:46:49 1 1
03:47:19 1 1
03:47:49 1 1
03:48:19 1 1
03:48:50 1 1
03:49:20 1 1
03:49:50 1 1
03:50:20 1 1
03:50:50 1 1
03:51:20 1 1
03:51:51 1 1
03:52:21 1 1
03:52:51 1 1
03:53:21 1 1
03:53:51 1 1
03:54:21 1 1
03:54:52 1 1
03:55:22 1 1
03:55:52 1 1
03:56:22 1 1
03:56:52 1 1
03:57:22 1 1
03:57:53 1 1
03:58:23 1 1
03:58:53 1 1
03:59:23 1 1
03:59:53 1 1
04:00:23 1 1
04:00:54 1 1
04:01:24 1 1
04:01:54 1 1
04:02:24 1 1
04:02:54 1 1
04:03:24 1 1
04:03:55 1 1
04:04:25 1 1
04:04:55 1 1
04:05:25 1 1
04:05:55 1 1
04:06:25 1 1
04:06:56 1 1
04:07:26 1 1
04:07:56 1 1
04:08:26 1 1
04:08:56 1 1
04:09:26 1 1
04:09:57 1 1
04:10:27 1 1
04:10:57 1 1
04:11:27 1 1
04:11:57 1 1
04:12:28 1 1
04:12:58 1 1
04:13:28 1 1
04:13:58 1 1
04:14:28 1 1
04:14:58 1 1
04:15:29 1 1
04:15:59 1 1
04:16:29 1 1
04:16:59 1 1
04:17:29 1 1
04:17:59 1 1
04:18:31 1 1
04:19:00 1 1
04:19:30 1 1
04:20:00 1 1
04:20:30 1 1
04:21:00 1 1
04:21:31 1 1
04:22:01 1 1
04:22:31 1 1
04:23:01 1 1
04:23:31 1 1
04:24:01 1 1
04:24:32 1 1
04:25:02 1 1
04:25:32 1 1
04:26:02 1 1
04:26:32 1 1
04:27:03 1 1
04:27:33 1 1
04:28:03 1 1
04:28:33 1 1
04:29:03 1 1
04:29:33 1 1
04:30:04 1 1
04:30:34 1 1
04:31:04 1 1
04:31:34 1 1
04:32:04 1 1
04:32:34 1 1
04:33:05 1 1
04:33:35 1 1
04:34:05 1 1
04:34:35 1 1
04:35:05 1 1
04:35:35 1 1
04:36:06 1 1
04:36:36 1 1
04:37:06 1 1
04:37:36 1 1
04:38:06 1 1
04:38:36 1 1
04:39:07 1 1
04:39:37 1 1
04:40:07 1 1
04:40:37 1 1
04:41:08 1 1
04:41:38 1 1
04:42:08 1 1
04:42:38 1 1
04:43:08 1 1
04:43:38 1 1
04:44:09 1 1
04:44:39 1 1
04:45:09 1 1
04:45:39 1 1
04:46:09 1 1
04:46:39 1 1
04:47:10 1 1
04:47:40 1 1
04:48:10 1 1
04:48:40 1 1
04:49:10 1 1
04:49:40 1 1
04:50:11 1 1
04:50:43 1 1
04:51:13 1 1
04:51:41 1 1
04:52:11 1 1
04:52:41 1 1
04:53:12 1 1
04:53:42 1 1
04:54:12 1 1
04:54:42 1 1
04:55:12 1 1
04:55:42 1 1
04:56:13 1 1
04:56:43 1 1
04:57:13 1 1
04:57:43 1 1
04:58:13 1 1
04:58:43 1 1
04:59:14 1 1
04:59:44 1 1
05:00:14 1 1
05:00:44 1 1
05:01:14 1 1
05:01:44 1 1
05:02:15 1 1
05:02:45 1 1
05:03:15 1 1
05:03:45 1 1
05:04:15 1 1
05:04:45 1 1
05:05:16 1 1
05:05:46 1 1
05:06:16 1 1
05:06:46 1 1
05:07:16 1 1
05:07:47 1 1
05:08:17 1 1
05:08:47 1 1
05:09:17 1 1
05:09:47 1 1
05:10:18 1 1
05:10:48 1 1
05:11:18 1 1
05:11:48 1 1
05:12:18 1 1
05:12:48 1 1
05:13:19 1 1
05:13:49 1 1
05:14:19 1 1
05:14:49 1 1
05:15:19 1 1
05:15:49 1 1
05:16:20 1 1
05:16:50 1 1
05:17:20 1 1
05:17:50 1 1
05:18:20 1 1
05:18:51 1 1
05:19:21 1 1
05:19:51 1 1
05:20:21 1 1
05:20:51 1 1
05:21:22 1 1
05:21:52 1 1
05:22:22 1 1
05:22:52 1 1
05:23:22 1 1
05:23:52 1 1
05:24:23 1 1
05:24:53 1 1
05:25:23 1 1
05:25:53 1 1
05:26:23 1 1
05:26:53 1 1
05:27:24 1 1
05:27:54 1 1
05:28:24 1 1
05:28:54 1 1
05:29:24 1 1
05:29:54 1 1
05:30:25 1 1
05:30:55 1 1
05:31:25 1 1
05:31:57 1 1
05:32:25 1 1
05:32:55 1 1
05:33:26 1 1
05:33:56 1 1
05:34:26 1 1
05:34:56 1 1
05:35:26 1 1
05:35:56 1 1
05:36:27 1 1
05:36:57 1 1
05:37:27 1 1
05:37:57 1 1
05:38:27 1 1
05:38:57 1 1
05:39:28 1 1
05:39:58 1 1
05:40:28 1 1
05:40:58 1 1
05:41:28 1 1
05:41:58 1 1
05:42:29 1 1
05:42:59 1 1
05:43:29 1 1
05:43:59 1 1
05:44:29 1 1
05:44:59 1 1
05:45:30 1 1
05:46:00 1 1
05:46:30 1 1
05:47:00 1 1
05:47:30 1 1
05:48:02 1 1
05:48:31 1 1
05:49:01 1 1
05:49:31 1 1
05:50:01 1 1
05:50:31 1 1
05:51:01 1 1
05:51:32 1 1
05:52:02 1 1
05:52:32 1 1
05:53:02 1 1
05:53:32 1 1
05:54:02 1 1
05:54:33 1 1
05:55:03 1 1
05:55:33 1 1
05:56:03 1 1
05:56:34 1 1
05:57:04 1 1
05:57:34 1 1
05:58:04 1 1
05:58:34 1 1
05:59:04 1 1
05:59:35 1 1
06:00:05 1 1
06:00:35 1 1
06:01:05 1 1
06:01:36 1 1
06:02:06 1 1
06:02:36 1 1
06:03:06 1 1
06:03:36 1 1
06:04:06 1 1
06:04:37 1 1
06:05:07 1 1
06:05:37 1 1
06:06:07 1 1
06:06:38 1 1
06:07:08 1 1
06:07:38 1 1
06:08:08 1 1
06:08:38 1 1
06:09:08 1 1
06:09:39 1 1
06:10:09 1 1
06:10:39 1 1
06:11:09 1 1
06:11:39 1 1
06:12:09 1 1
06:12:40 1 1
06:13:10 1 1
06:13:40 1 1
06:14:10 1 1
06:14:40 1 1
06:15:10 1 1
06:15:41 1 1
06:16:11 1 1
06:16:41 1 1
06:17:11 1 1
06:17:41 1 1
06:18:12 1 1
06:18:42 1 1
06:19:12 1 1
06:19:42 1 1
06:20:12 1 1
06:20:43 1 1
06:21:13 1 1
06:21:43 1 1
06:22:13 1 1
06:22:43 1 1
06:23:13 1 1
06:23:44 1 1
06:24:14 1 1
06:24:44 1 1
06:25:14 1 1
06:25:44 1 1
06:26:14 1 1
06:26:45 1 1
06:27:15 1 1
06:27:45 1 1
06:28:15 1 1
06:28:45 1 1
06:29:15 1 1
06:29:46 1 1
06:30:16 1 1
06:30:46 1 1
06:31:18 1 1
06:31:46 1 1
06:32:16 1 1
06:32:47 1 1
06:33:17 1 1
06:33:47 1 1
06:34:17 1 1
06:34:47 1 1
06:35:17 1 1
06:35:48 1 1
06:36:18 1 1
06:36:48 1 1
06:37:18 1 1
06:37:48 1 1
06:38:18 1 1
06:38:49 1 1
06:39:19 1 1
06:39:49 1 1
06:40:19 1 1
06:40:49 1 1
06:41:19 1 1
06:41:50 1 1
06:42:20 1 1
06:42:50 1 1
06:43:20 1 1
06:43:50 1 1
06:44:20 1 1
06:44:51 1 1
06:45:21 1 1
06:45:51 1 1
06:46:21 1 1
06:46:51 1 1
06:47:21 1 1
06:47:52 1 1
06:48:22 1 1
06:48:52 1 1
06:49:22 1 1
06:49:52 1 1
06:50:22 1 1
06:50:53 1 1
06:51:23 1 1
06:51:53 1 1
06:52:23 1 1
06:52:53 1 1
06:53:23 1 1
06:53:54 1 1
06:54:24 1 1
06:54:54 1 1
06:55:24 1 1
06:55:54 1 1
06:56:24 1 1
06:56:55 1 1
06:57:25 1 1
06:57:55 1 1
06:58:25 1 1
06:58:55 1 1
06:59:25 1 1
06:59:56 1 1
07:00:26 1 1
07:00:56 1 1
07:01:26 1 1
07:01:56 1 1
07:02:26 1 1
07:02:57 1 1
07:03:27 1 1
07:03:57 1 1
07:04:27 1 1
07:04:57 1 1
07:05:27 1 1
07:05:58 1 1
07:06:28 1 1
07:06:58 1 1
07:07:28 1 1
07:07:58 1 1
07:08:28 1 1
07:08:59 1 1
07:09:29 1 1
07:09:59 1 1
07:10:29 1 1
07:10:59 1 1
07:11:29 1 1
07:12:00 1 1
07:12:30 1 1
07:13:00 1 1
07:13:30 1 1
07:14:00 1 1
07:14:30 1 1
07:15:01 1 1
07:15:31 1 1
07:16:01 1 1
07:16:31 1 1
07:17:02 1 1
07:17:32 1 1
07:18:02 1 1
07:18:32 1 1
07:19:02 1 1
07:19:32 1 1
07:20:02 1 1
07:20:32 1 1
07:21:03 1 1
07:21:33 1 1
07:22:03 1 1
07:22:33 1 1
07:23:03 1 1
07:23:33 1 1
07:24:04 1 1
07:24:34 1 1
07:25:04 1 1
07:25:34 1 1
07:26:05 1 1
07:26:35 1 1
07:27:06 1 1
07:27:36 1 1
07:28:06 1 1
07:28:36 1 1
07:29:06 1 1
07:29:37 1 1
07:30:07 1 1
07:30:37 1 1
07:31:07 1 1
07:31:37 1 1
07:32:08 1 1
07:32:38 1 1
07:33:08 1 1
07:33:38 1 1
07:34:08 1 1
07:34:39 1 1
07:35:10 1 1
07:35:40 1 1
07:36:10 1 1
07:36:40 1 1
07:37:10 1 1
07:37:40 1 1
07:38:11 1 1
07:38:41 1 1
07:39:11 1 1
07:39:41 1 1
07:40:11 1 1
07:40:41 1 1
07:41:12 1 1
07:41:42 1 1
07:42:12 1 1
07:42:42 1 1
07:43:12 1 1
07:43:42 1 1
07:44:13 1 1
07:44:43 1 1
07:45:13 1 1
07:45:43 1 1
07:46:13 1 1
07:46:43 1 1
07:47:14 1 1
07:47:44 1 1
07:48:14 1 1
07:48:44 1 1
07:49:14 1 1
07:49:44 1 1
07:50:14 1 1
07:50:44 1 1
07:51:15 1 1
07:51:45 1 1
07:52:15 1 1
07:52:45 1 1
07:53:15 1 1
07:53:45 1 1
07:54:16 1 1
07:54:46 1 1
07:55:16 1 1
07:55:46 1 1
07:56:16 1 1
07:56:46 1 1
07:57:17 1 1
07:57:47 1 1
07:58:17 1 1
07:58:47 1 1
07:59:17 1 1
07:59:47 1 1
08:00:18 1 1
08:00:48 1 1
08:01:18 1 1
08:01:48 1 1
08:02:18 1 1
08:02:48 1 1
08:03:19 1 1
08:03:49 1 1
08:04:19 1 1
08:04:49 1 1
08:05:19 1 1
08:05:49 1 1
08:06:19 1 1
08:06:50 1 1
08:07:20 1 1
08:07:50 1 1
08:08:20 1 1
08:08:50 1 1
08:09:20 1 1
08:09:50 1 1
08:10:21 1 1
08:10:51 1 1
08:11:21 1 1
08:11:51 1 1
08:12:21 1 1
08:12:51 1 1
08:13:22 1 1
08:13:52 1 1
08:14:22 1 1
08:14:52 1 1
08:15:22 1 1
08:15:52 1 1
08:16:23 1 1
08:16:53 1 1
08:17:23 1 1
08:17:53 1 1
08:18:23 1 1
08:18:53 1 1
08:19:24 1 1
08:19:54 1 1
08:20:24 1 1
08:20:54 1 1
08:21:24 1 1
08:21:54 1 1
08:22:25 1 1
08:22:55 1 1
08:23:26 1 1
08:23:56 1 1
08:24:26 1 1
08:24:56 1 1
08:25:26 1 1
08:25:56 1 1
08:26:26 1 1
08:26:57 1 1
08:27:27 1 1
08:27:59 1 1
08:28:27 1 1
08:28:57 1 1
08:29:27 1 1
08:29:57 1 1
08:30:28 1 1
08:30:58 1 1
08:31:28 1 1
08:31:58 1 1
08:32:28 1 1
08:32:58 1 1
08:33:29 1 1
08:33:59 1 1
08:34:29 1 1
08:34:59 1 1
08:35:29 1 1
08:35:59 1 1
08:36:30 1 1
08:37:00 1 1
08:37:30 1 1
08:38:00 1 1
08:38:30 1 1
08:39:00 1 1
08:39:31 1 1
08:40:01 1 1
08:40:31 1 1
08:41:01 1 1
08:41:31 1 1
08:42:01 1 1
08:42:32 1 1
08:43:03 1 1
08:43:33 1 1
08:44:03 1 1
08:44:33 1 1
08:45:04 1 1
08:45:34 1 1
08:46:04 1 1
08:46:34 1 1
08:47:04 1 1
08:47:34 1 1
08:48:04 1 1
08:48:35 1 1
08:49:05 1 1
08:49:35 1 1
08:50:05 1 1
08:50:35 1 1
08:51:06 1 1
08:51:36 1 1
08:52:06 1 1
08:52:36 1 1
08:53:06 1 1
08:53:37 1 1
08:54:07 1 1
08:54:37 1 1
08:55:07 1 1
08:55:38 1 1
08:56:08 1 1
08:56:38 1 1
08:57:08 1 1
08:57:39 1 1
08:58:10 1 1
08:58:40 1 1
08:59:10 1 1
08:59:40 1 1
09:00:11 1 1
09:00:41 1 1
09:01:11 1 1
09:01:43 1 1
09:02:11 1 1
09:02:41 1 1
09:03:11 1 1
09:03:42 1 1
09:04:12 1 1
09:04:42 1 1
09:05:12 1 1
09:05:42 1 1
09:06:12 1 1
09:06:42 1 1
09:07:12 1 1
09:07:43 1 1
09:08:13 1 1
09:08:43 1 1
09:09:13 1 1
09:09:43 1 1
09:10:13 1 1
09:10:43 1 1
09:11:13 1 1
09:11:44 1 1
09:12:14 1 1
09:12:44 1 1
09:13:14 1 1
09:13:44 1 1
09:14:14 1 1
09:14:44 1 1
09:15:14 1 1
09:15:45 1 1
09:16:15 1 1
09:16:45 1 1
09:17:15 1 1
09:17:45 1 1
09:18:16 1 1
09:18:47 1 1
09:19:17 1 1
09:19:47 1 1
09:20:17 1 1
09:20:47 1 1
09:21:17 1 1
09:21:48 1 1
09:22:18 1 1
09:22:48 1 1
09:23:18 1 1
09:23:48 1 1
09:24:18 1 1
09:24:48 1 1
09:25:18 1 1
09:25:49 1 1
09:26:19 1 1
09:26:49 1 1
09:27:19 1 1
09:27:49 1 1
09:28:19 1 1
09:28:49 1 1
09:29:19 1 1
09:29:50 1 1
09:30:20 1 1
09:30:50 1 1
09:31:20 1 1
09:31:50 1 1
09:32:20 1 1
09:32:51 1 1
09:33:21 1 1
09:33:51 1 1
09:34:21 1 1
09:34:51 1 1
09:35:21 1 1
09:35:52 1 1
09:36:22 1 1
09:36:52 1 1
09:37:22 1 1
09:37:52 1 1
09:38:23 1 1
09:38:53 1 1
09:39:23 1 1
09:39:53 1 1
09:40:23 1 1
09:40:54 1 1
09:41:24 1 1
09:41:54 1 1
09:42:24 1 1
09:42:54 1 1
09:43:24 1 1
09:43:54 1 1
09:44:24 1 1
09:44:55 1 1
09:45:25 1 1
09:45:55 1 1
09:46:25 1 1
09:46:55 1 1
09:47:25 1 1
09:47:55 1 1
09:48:25 1 1
09:48:56 1 1
09:49:26 1 1
09:49:58 1 1
09:50:26 1 1
09:50:56 1 1
09:51:26 1 1
09:51:57 1 1
09:52:27 1 1
09:52:57 1 1
09:53:28 1 1
09:53:58 1 1
09:54:28 1 1
09:54:58 1 1
09:55:28 1 1
09:55:58 1 1
09:56:28 1 1
09:56:59 1 1
09:57:28 1 1
09:57:59 1 1
09:58:29 1 1
09:58:59 1 1
09:59:29 1 1
09:59:59 1 1
10:00:29 1 1
10:00:59 1 1
10:01:30 1 1
10:02:00 1 1
10:02:30 1 1
10:03:00 1 1
10:03:30 1 1
10:04:00 1 1
10:04:30 1 1
10:05:00 1 1
10:05:30 1 1
10:06:03 1 1
10:06:31 1 1
10:07:01 1 1
10:07:31 1 1
10:08:01 1 1
10:08:31 1 1
10:09:01 1 1
10:09:31 1 1
10:10:02 1 1
10:10:32 1 1
10:11:02 1 1
10:11:32 1 1
10:12:04 1 1
10:12:32 1 1
10:13:02 1 1
10:13:32 1 1
10:14:03 1 1
10:14:33 1 1
10:15:03 1 1
10:15:37 1 1
10:16:03 1 1
10:16:33 1 1
10:17:04 1 1
10:17:34 1 1
10:18:04 1 1
10:18:36 1 1
10:19:04 1 1
10:19:34 1 1
10:20:04 1 1
10:20:34 1 1
10:21:05 1 1
10:21:35 1 1
10:22:06 1 1
10:22:36 1 1
10:23:06 1 1
10:23:41 1 1
10:24:08 1 1
10:24:38 1 1
10:25:08 1 1
10:25:38 1 1
10:26:09 1 1
10:26:39 1 1
10:27:10 1 1
10:27:40 1 1
10:28:10 1 1
10:28:40 1 1
10:29:11 1 1
10:29:41 1 1
10:30:11 1 1
10:30:41 1 1
10:31:11 1 1
10:31:41 1 1
10:32:12 1 1
10:32:42 1 1
10:33:12 1 1
10:33:42 1 1
10:34:12 1 1
10:34:42 1 1
10:35:12 1 1
10:35:42 1 1
10:36:13 1 1
10:36:43 1 1
10:37:13 1 1
10:37:43 1 1
10:38:14 1 1
10:38:46 1 1
10:39:14 1 1
10:39:45 1 1
10:40:15 1 1
10:40:45 1 1
10:41:15 1 1
10:41:45 1 1
10:42:16 1 1
10:42:46 1 1
10:43:16 1 1
10:43:46 1 1
10:44:16 1 1
10:44:46 1 1
10:45:17 1 1
10:45:47 1 1
10:46:17 1 1
10:46:47 1 1
10:47:17 1 1
10:47:49 1 1
10:48:17 1 1
10:48:48 1 1
10:49:18 1 1
10:49:48 1 1
10:50:18 1 1
10:50:48 1 1
10:51:19 1 1
10:51:49 1 1
10:52:19 1 1
10:52:49 1 1
10:53:19 1 1
10:53:50 1 1
10:54:20 1 1
10:54:50 1 1
10:55:20 1 1
10:55:51 1 1
10:56:21 1 1
10:56:53 1 1
10:57:22 1 1
10:57:54 1 1
10:58:22 1 1
10:58:53 1 1
10:59:23 1 1
10:59:53 1 1
11:00:23 1 1
11:00:53 1 1
11:01:24 1 1
11:01:54 1 1
11:02:24 1 1
11:02:54 1 1
11:03:24 1 1
11:03:54 1 1
11:04:24 1 1
11:04:55 1 1
11:05:25 1 1
11:05:55 1 1
11:06:25 1 1
11:06:57 1 1
11:07:26 1 1
11:07:56 1 1
11:08:26 1 1
11:08:56 1 1
11:09:26 1 1
11:09:56 1 1
11:10:27 1 1
11:10:57 1 1
11:11:27 1 1
11:11:57 1 1
11:12:27 1 1
11:12:57 1 1
11:13:28 1 1
11:13:58 1 1
11:14:28 1 1
11:14:59 1 1
11:15:29 1 1
11:15:59 1 1
11:16:29 1 1
11:17:00 1 1
11:17:30 1 1
11:18:00 1 1
11:18:30 1 1
11:19:00 1 1
11:19:31 1 1
11:20:01 1 1
11:20:31 1 1
11:21:01 1 1
11:21:31 1 1
11:22:01 1 1
11:22:31 1 1
11:23:01 1 1
11:23:32 1 1
11:24:02 1 1
11:24:32 1 1
11:25:04 1 1
11:25:32 1 1
11:26:02 1 1
11:26:33 1 1
11:27:03 1 1
11:27:33 1 1
11:28:03 1 1
11:28:33 1 1
11:29:03 1 1
11:29:33 1 1
11:30:03 1 1
11:30:33 1 1
11:31:03 1 1
11:31:34 1 1
11:32:04 1 1
11:32:34 1 1
11:33:04 1 1
11:33:34 1 1
11:34:05 1 1
11:34:35 1 1
11:35:05 1 1
11:35:35 1 1
11:36:05 1 1
11:36:36 1 1
11:37:07 1 1
11:37:37 1 1
11:38:07 1 1
11:38:37 1 1
11:39:07 1 1
11:39:38 1 1
11:40:08 1 1
11:40:38 1 1
11:41:08 1 1
11:41:38 1 1
11:42:08 1 1
11:42:38 1 1
11:43:08 1 1
11:43:39 1 1
11:44:09 1 1
11:44:39 1 1
11:45:10 1 1
11:45:40 1 1
11:46:11 1 1
11:46:42 1 1
11:47:12 1 1
11:47:42 1 1
11:48:12 1 1
11:48:42 1 1
11:49:13 1 1
11:49:43 1 1
11:50:15 1 1
11:50:44 1 1
11:51:14 1 1
11:51:45 1 1
11:52:15 1 1
11:52:45 1 1
11:53:15 1 1
11:53:46 1 1
11:54:16 1 1
11:54:46 1 1
11:55:16 1 1
11:55:46 1 1
11:56:16 1 1
11:56:46 1 1
11:57:17 1 1
11:57:47 1 1
11:58:17 1 1
11:58:47 1 1
11:59:17 1 1
11:59:47 1 1
12:00:17 1 1
12:00:47 1 1
12:01:18 1 1
12:01:48 1 1
12:02:18 1 1
12:02:48 1 1
12:03:18 1 1
12:03:48 1 1
12:04:18 1 1
12:04:49 1 1
12:05:19 1 1
12:05:49 1 1
12:06:20 1 1
12:06:50 1 1
12:07:20 1 1
12:07:50 1 1
12:08:20 1 1
12:08:51 1 1
12:09:21 1 1
12:09:51 1 1
12:10:21 1 1
12:10:52 1 1
12:11:22 1 1
12:11:52 1 1
12:12:22 1 1
12:12:52 1 1
12:13:22 1 1
12:13:53 1 1
12:14:23 1 1
12:14:53 1 1
12:15:23 1 1
12:15:53 1 1
12:16:24 1 1
12:16:54 1 1
12:17:24 1 1
12:17:55 1 1
12:18:25 1 1
12:18:55 1 1
12:19:26 1 1
12:19:56 1 1
12:20:26 1 1
12:20:56 1 1
12:21:26 1 1
12:21:56 1 1
12:22:26 1 1
12:22:56 1 1
12:23:26 1 1
12:23:57 1 1
12:24:27 1 1
12:24:57 1 1
12:25:27 1 1
12:25:57 1 1
12:26:27 1 1
12:26:57 1 1
12:27:28 1 1
12:27:58 1 1
12:28:28 1 1
12:28:58 1 1
12:29:28 1 1
12:29:58 1 1
12:30:28 1 1
12:30:59 1 1
12:31:29 1 1
12:31:59 1 1
12:32:29 1 1
12:32:59 1 1
12:33:29 1 1
12:33:59 1 1
12:34:29 1 1
12:35:00 1 1
12:35:30 1 1
12:36:00 1 1
12:36:30 1 1
12:37:00 1 1
12:37:30 1 1
12:38:01 1 1
12:38:30 1 1
12:39:01 1 1
12:39:31 1 1
12:40:01 1 1
12:40:31 1 1
12:41:01 1 1
12:41:31 1 1
12:42:01 1 1
12:42:31 1 1
12:43:01 1 1
12:43:31 1 1
12:44:02 1 1
12:44:32 1 1
12:45:02 1 1
12:45:32 1 1
12:46:02 1 1
12:46:32 1 1
12:47:02 1 1
12:47:32 1 1
12:48:02 1 1
12:48:32 1 1
12:49:03 1 1
12:49:33 1 1
12:50:04 1 1
12:50:34 1 1
12:51:04 1 1
12:51:34 1 1
12:52:04 1 1
12:52:34 1 1
12:53:05 1 1
12:53:35 1 1
12:54:05 1 1
12:54:35 1 1
12:55:05 1 1
12:55:35 1 1
12:56:05 1 1
12:56:35 1 1
12:57:05 1 1
12:57:36 1 1
12:58:06 1 1
12:58:36 1 1
12:59:06 1 1
12:59:38 1 1
13:00:06 1 1
13:00:36 1 1
13:01:07 1 1
13:01:37 1 1
13:02:07 1 1
13:02:37 1 1
13:03:07 1 1
13:03:37 1 1
13:04:07 1 1
13:04:37 1 1
13:05:07 1 1
13:05:37 1 1
13:06:08 1 1
13:06:38 1 1
13:07:08 1 1
13:07:38 1 1
13:08:08 1 1
13:08:38 1 1
13:09:08 1 1
13:09:38 1 1
13:10:08 1 1
13:10:38 1 1
13:11:09 1 1
13:11:39 1 1
13:12:09 1 1
13:12:39 1 1
13:13:09 1 1
13:13:39 1 1
13:14:09 1 1
13:14:39 1 1
13:15:09 1 1
13:15:39 1 1
13:16:10 1 1
13:16:40 1 1
13:17:10 1 1
13:17:40 1 1
13:18:10 1 1
13:18:40 1 1
13:19:10 1 1
13:19:40 1 1
13:20:10 1 1
13:20:40 1 1
13:21:11 1 1
13:21:41 1 1
13:22:11 1 1
13:22:41 1 1
13:23:12 1 1
13:23:42 1 1
13:24:12 1 1
13:24:42 1 1
13:25:12 1 1
13:25:42 1 1
13:26:12 1 1
13:26:42 1 1
13:27:13 1 1
13:27:43 1 1
13:28:13 1 1
13:28:43 1 1
13:29:13 1 1
13:29:44 1 1
13:30:14 1 1
13:30:45 1 1
13:31:15 1 1
13:31:45 1 1
13:32:15 1 1
13:32:45 1 1
13:33:15 1 1
13:33:46 1 1
13:34:16 1 1
13:34:46 1 1
13:35:16 1 1
13:35:46 1 1
13:36:16 1 1
13:36:46 1 1
13:37:17 1 1
13:37:47 1 1
13:38:17 1 1
13:38:47 1 1
13:39:17 1 1
13:39:47 1 1
13:40:17 1 1
13:40:47 1 1
13:41:18 1 1
13:41:48 1 1
13:42:18 1 1
13:42:48 1 1
13:43:19 1 1
13:43:49 1 1
13:44:19 1 1
13:44:49 1 1
13:45:19 1 1
13:45:49 1 1
13:46:20 1 1
13:46:50 1 1
13:47:21 1 1
13:47:51 1 1
13:48:21 1 1
13:48:51 1 1
13:49:21 1 1
13:49:51 1 1
13:50:21 1 1
13:50:52 1 1
13:51:22 1 1
13:51:53 1 1
13:52:23 1 1
13:52:53 1 1
13:53:24 1 1
13:53:54 1 1
13:54:24 1 1
13:54:54 1 1
13:55:24 1 1
13:55:54 1 1
13:56:24 1 1
13:56:54 1 1
13:57:24 1 1
13:57:54 1 1
13:58:25 1 1
13:58:55 1 1
13:59:27 1 1
13:59:55 1 1
14:00:25 1 1
14:00:55 1 1
14:01:26 1 1
14:01:55 1 1
14:02:26 1 1
14:02:56 1 1
14:03:26 1 1
14:03:56 1 1
14:04:26 1 1
14:04:56 1 1
14:05:26 1 1
14:05:56 1 1
14:06:27 1 1
14:06:57 1 1
14:07:27 1 1
14:07:57 1 1
14:08:27 1 1
14:08:58 1 1
14:09:28 1 1
14:09:58 1 1
14:10:28 1 1
14:10:58 1 1
14:11:28 1 1
14:11:59 1 1
14:12:29 1 1
14:12:59 1 1
14:13:29 1 1
14:13:59 1 1
14:14:29 1 1
14:14:59 1 1
14:15:30 1 1
14:16:00 1 1
14:16:30 1 1
14:17:00 1 1
14:17:30 1 1
14:18:00 1 1
14:18:30 1 1
14:19:01 1 1
14:19:31 1 1
14:20:01 1 1
14:20:31 1 1
14:21:01 1 1
14:21:31 1 1
14:22:01 1 1
14:22:31 1 1
14:23:01 1 1
14:23:32 1 1
14:24:02 1 1
14:24:32 1 1
14:25:03 1 1
14:25:33 1 1
14:26:03 1 1
14:26:33 1 1
14:27:04 1 1
14:27:34 1 1
14:28:04 1 1
14:28:34 1 1
14:29:04 1 1
14:29:34 1 1
14:30:04 1 1
14:30:35 1 1
14:31:05 1 1
14:31:35 1 1
14:32:05 1 1
14:32:35 1 1
14:33:05 1 1
14:33:36 1 1
14:34:06 1 1
14:34:36 1 1
14:35:06 1 1
14:35:36 1 1
14:36:06 1 1
14:36:37 1 1
14:37:07 1 1
14:37:38 1 1
14:38:09 1 1
14:38:39 1 1
14:39:09 1 1
14:39:39 1 1
14:40:09 1 1
14:40:40 1 1
14:41:10 1 1
14:41:40 1 1
14:42:10 1 1
14:42:41 1 1
14:43:11 1 1
14:43:41 1 1
14:44:11 1 1
14:44:42 1 1
14:45:12 1 1
14:45:42 1 1
14:46:12 1 1
14:46:42 1 1
14:47:12 1 1
14:47:43 1 1
14:48:13 1 1
14:48:43 1 1
14:49:13 1 1
14:49:43 1 1
14:50:13 1 1
14:50:43 1 1
14:51:14 1 1
14:51:44 1 1
14:52:14 1 1
14:52:44 1 1
14:53:14 1 1
14:53:45 1 1
14:54:15 1 1
14:54:45 1 1
14:55:15 1 1
14:55:45 1 1
14:56:15 1 1
14:56:45 1 1
14:57:15 1 1
14:57:46 1 1
14:58:16 1 1
14:58:46 1 1
14:59:16 1 1
14:59:46 1 1
15:00:16 1 1
15:00:46 1 1
15:01:16 1 1
15:01:47 1 1
15:02:17 1 1
15:02:47 1 1
15:03:17 1 1
15:03:47 1 1
15:04:17 1 1
15:04:47 1 1
15:05:17 1 1
15:05:47 1 1
15:06:17 1 1
15:06:48 1 1
15:07:18 1 1
15:07:48 1 1
15:08:18 1 1
15:08:48 1 1
15:09:18 1 1
15:09:48 1 1
15:10:18 1 1
15:10:48 1 1
15:11:19 1 1
15:11:49 1 1
15:12:19 1 1
15:12:49 1 1
15:13:19 1 1
15:13:49 1 1
15:14:19 1 1
15:14:50 1 1
15:15:20 1 1
15:15:50 1 1
15:16:20 1 1
15:16:50 1 1
15:17:20 1 1
15:17:50 1 1
15:18:20 1 1
15:18:51 1 1
15:19:21 1 1
15:19:51 1 1
15:20:21 1 1
15:20:51 1 1
15:21:21 1 1
15:21:51 1 1
15:22:21 1 1
15:22:51 1 1
15:23:21 1 1
15:23:52 1 1
15:24:22 1 1
15:24:52 1 1
15:25:22 1 1
15:25:52 1 1
15:26:22 1 1
15:26:52 1 1
15:27:22 1 1
15:27:52 1 1
15:28:22 1 1
15:28:53 1 1
15:29:23 1 1
15:29:53 1 1
15:30:23 1 1
15:30:53 1 1
15:31:23 1 1
15:31:54 1 1
15:32:24 1 1
15:32:54 1 1
15:33:24 1 1
15:33:54 1 1
15:34:24 1 1
15:34:54 1 1
15:35:24 1 1
15:35:55 1 1
15:36:25 1 1
15:36:55 1 1
15:37:25 1 1
15:37:55 1 1
15:38:25 1 1
15:38:55 1 1
15:39:25 1 1
15:39:55 1 1
15:40:25 1 1
15:40:56 1 1
15:41:26 1 1
15:41:56 1 1
15:42:26 1 1
15:42:56 1 1
15:43:26 1 1
15:43:56 1 1
15:44:26 1 1
15:44:56 1 1
15:45:27 1 1
15:45:57 1 1
15:46:27 1 1
15:46:57 1 1
15:47:27 1 1
15:47:59 1 1
15:48:27 1 1
15:48:58 1 1
15:49:28 1 1
15:49:58 1 1
15:50:28 1 1
15:50:58 1 1
15:51:28 1 1
15:51:59 1 1
15:52:29 1 1
15:52:59 1 1
15:53:29 1 1
15:53:59 1 1
15:54:29 1 1
15:54:59 1 1
15:55:29 1 1
15:55:59 1 1
15:56:29 1 1
15:57:00 1 1
15:57:30 1 1
15:58:00 1 1
15:58:38 1 1
15:59:00 1 1
15:59:30 1 1
16:00:00 1 1
16:00:30 1 1
16:01:01 1 1
16:01:31 1 1
16:02:01 1 1
16:02:31 1 1
16:03:01 1 1
16:03:31 1 1
16:04:01 1 1
16:04:31 1 1
16:05:01 1 1
16:05:32 1 1
16:06:02 1 1
16:06:32 1 1
16:07:02 1 1
16:07:32 1 1
16:08:02 1 1
16:08:32 1 1
16:09:02 1 1
16:09:32 1 1
16:10:03 1 1
16:10:33 1 1
16:11:03 1 1
16:11:33 1 1
16:12:03 1 1
16:12:33 1 1
16:13:03 1 1
16:13:33 1 1
16:14:04 1 1
16:14:34 1 1
16:15:04 1 1
16:15:34 1 1
16:16:04 1 1
16:16:34 1 1
16:17:04 1 1
16:17:34 1 1
16:18:04 1 1
16:18:34 1 1
16:19:05 1 1
16:19:35 1 1
16:20:07 1 1
16:20:37 1 1
16:21:05 1 1
16:21:35 1 1
16:22:05 1 1
16:22:35 1 1
16:23:05 1 1
16:23:36 1 1
16:24:08 1 1
16:24:36 1 1
16:25:06 1 1
16:25:36 1 1
16:26:06 1 1
16:26:36 1 1
16:27:06 1 1
16:27:36 1 1
16:28:07 1 1
16:28:37 1 1
16:29:07 1 1
16:29:37 1 1
16:30:07 1 1
16:30:37 1 1
16:31:07 1 1
16:31:37 1 1
16:32:08 1 1
16:32:38 1 1
16:33:09 1 1
16:33:39 1 1
16:34:09 1 1
16:34:39 1 1
16:35:09 1 1
16:35:39 1 1
16:36:09 1 1
16:36:39 1 1
16:37:09 1 1
16:37:39 1 1
16:38:10 1 1
16:38:40 1 1
16:39:10 1 1
16:39:40 1 1
16:40:10 1 1
16:40:40 1 1
16:41:10 1 1
16:41:41 1 1
16:42:11 1 1
16:42:41 1 1
16:43:11 1 1
16:43:41 1 1
16:44:11 1 1
16:44:41 1 1
16:45:13 1 1
16:45:41 1 1
16:46:11 1 1
16:46:41 1 1
16:47:14 1 1
16:47:42 1 1
16:48:12 1 1
16:48:42 1 1
16:49:12 1 1
16:49:42 1 1
16:50:12 1 1
16:50:42 1 1
16:51:12 1 1
16:51:42 1 1
16:52:13 1 1
16:52:43 1 1
16:53:13 1 1
16:53:43 1 1
16:54:13 1 1
16:54:43 1 1
16:55:14 1 1
16:55:44 1 1
16:56:14 1 1
16:56:44 1 1
16:57:14 1 1
16:57:44 1 1
16:58:14 1 1
16:58:44 1 1
16:59:15 1 1
16:59:45 1 1
17:00:15 1 1
17:00:45 1 1
17:01:15 1 1
17:01:45 1 1
17:02:16 1 1
17:02:46 1 1
17:03:16 1 1
17:03:46 1 1
17:04:16 1 1
17:04:46 1 1
17:05:17 1 1
17:05:47 1 1
17:06:17 1 1
17:06:47 1 1
17:07:17 1 1
17:07:47 1 1
17:08:17 1 1
17:08:47 1 1
17:09:18 1 1
17:09:48 1 1
17:10:18 1 1
17:10:48 1 1
17:11:18 1 1
17:11:48 1 1
17:12:18 1 1
17:12:48 1 1
17:13:18 1 1
17:13:48 1 1
17:14:19 1 1
17:14:49 1 1
17:15:19 1 1
17:15:49 1 1
17:16:19 1 1
17:16:49 1 1
17:17:19 1 1
17:17:49 1 1
17:18:20 1 1
17:18:50 1 1
17:19:20 1 1
17:19:50 1 1
17:20:20 1 1
17:20:50 1 1
17:21:20 1 1
17:21:50 1 1
17:22:23 1 1
17:22:53 1 1
17:23:22 1 1
17:23:52 1 1
17:24:22 1 1
17:24:52 1 1
17:25:23 1 1
17:25:53 1 1
17:26:23 1 1
17:26:53 1 1
17:27:23 1 1
17:27:53 1 1
17:28:24 1 1
17:28:54 1 1
17:29:24 1 1
17:29:54 1 1
17:30:24 1 1
17:30:54 1 1
17:31:24 1 1
17:31:54 1 1
17:32:25 1 1
17:32:55 1 1
17:33:25 1 1
17:33:55 1 1
17:34:25 1 1
17:34:55 1 1
17:35:25 1 1
17:35:55 1 1
17:36:26 1 1
17:36:56 1 1
17:37:26 1 1
17:37:56 1 1
17:38:27 1 1
17:38:57 1 1
17:39:27 1 1
17:39:57 1 1
17:40:27 1 1
17:40:57 1 1
17:41:27 1 1
17:41:58 1 1
17:42:28 1 1
17:42:58 1 1
17:43:29 1 1
17:43:59 1 1
17:44:29 1 1
17:44:59 1 1
17:45:29 1 1
17:45:59 1 1
17:46:30 1 1
17:47:00 1 1
17:47:30 1 1
17:48:00 1 1
17:48:32 1 1
17:49:00 1 1
17:49:30 1 1
17:50:00 1 1
17:50:31 1 1
17:51:01 1 1
17:51:31 1 1
17:52:01 1 1
17:52:31 1 1
17:53:01 1 1
17:53:31 1 1
17:54:01 1 1
17:54:32 1 1
17:55:02 1 1
17:55:32 1 1
17:56:02 1 1
17:56:32 1 1
17:57:02 1 1
17:57:32 1 1
17:58:02 1 1
17:58:33 1 1
17:59:03 1 1
17:59:33 1 1
18:00:03 1 1
18:00:33 1 1
18:01:03 1 1
18:01:33 1 1
18:02:03 1 1
18:02:34 1 1
18:03:04 1 1
18:03:35 1 1
18:04:05 1 1
18:04:35 1 1
18:05:05 1 1
18:05:35 1 1
18:06:05 1 1
18:06:36 1 1
18:07:06 1 1
18:07:36 1 1
18:08:06 1 1
18:08:36 1 1
18:09:06 1 1
18:09:36 1 1
18:10:06 1 1
18:10:37 1 1
18:11:07 1 1
18:11:37 1 1
18:12:07 1 1
18:12:37 1 1
18:13:07 1 1
18:13:37 1 1
18:14:07 1 1
18:14:38 1 1
18:15:08 1 1
18:15:38 1 1
18:16:08 1 1
18:16:40 1 1
18:17:08 1 1
18:17:38 1 1
18:18:08 1 1
18:18:39 1 1
18:19:09 1 1
18:19:39 1 1
18:20:17 1 1
18:20:39 1 1
18:21:09 1 1
18:21:39 1 1
18:22:09 1 1
18:22:40 1 1
18:23:13 1 1
18:23:41 1 1
18:24:11 1 1
18:24:41 1 1
18:25:11 1 1
18:25:42 1 1
18:26:12 1 1
18:26:42 1 1
18:27:12 1 1
18:27:42 1 1
18:28:12 1 1
18:28:43 1 1
18:29:13 1 1
18:29:43 1 1
18:30:15 1 1
18:30:44 1 1
18:31:14 1 1
18:31:44 1 1
18:32:14 1 1
18:32:44 1 1
18:33:16 1 1
18:33:45 1 1
18:34:15 1 1
18:34:45 1 1
18:35:17 1 1
18:35:45 1 1
18:36:15 1 1
18:36:48 1 1
18:37:18 1 1
18:37:46 1 1
18:38:16 1 1
18:38:46 1 1
18:39:16 1 1
18:39:47 1 1
18:40:17 1 1
18:40:47 1 1
18:41:17 1 1
18:41:49 1 1
18:42:17 1 1
18:42:47 1 1
18:43:17 1 1
18:43:47 1 1
18:44:18 1 1
18:44:48 1 1
18:45:18 1 1
18:45:48 1 1
18:46:18 1 1
18:46:48 1 1
18:47:18 1 1
18:47:48 1 1
18:48:18 1 1
18:48:49 1 1
18:49:19 1 1
18:49:49 1 1
18:50:19 1 1
18:50:49 1 1
18:51:19 1 1
18:51:49 1 1
18:52:19 1 1
18:52:50 1 1
18:53:20 1 1
18:53:51 1 1
18:54:21 1 1
18:54:51 1 1
18:55:21 1 1
18:55:51 1 1
18:56:21 1 1
18:56:51 1 1
18:57:22 1 1
18:57:52 1 1
18:58:23 1 1
18:58:52 1 1
18:59:22 1 1
18:59:52 1 1
19:00:22 1 1
19:00:52 1 1
19:01:22 1 1
19:01:53 1 1
19:02:23 1 1
19:02:53 1 1
19:03:23 1 1
19:03:53 1 1
19:04:23 1 1
19:04:53 1 1
19:05:23 1 1
19:05:53 1 1
19:06:23 1 1
19:06:54 1 1
19:07:24 1 1
19:07:54 1 1
19:08:24 1 1
19:08:54 1 1
19:09:24 1 1
19:09:54 1 1
19:10:24 1 1
19:10:55 1 1
19:11:25 1 1
19:11:55 1 1
19:12:25 1 1
19:12:55 1 1
19:13:25 1 1
19:13:55 1 1
19:14:25 1 1
19:14:56 1 1
19:15:26 1 1
19:15:56 1 1
19:16:26 1 1
19:16:56 1 1
19:17:26 1 1
19:17:56 1 1
19:18:26 1 1
19:18:56 1 1
19:19:26 1 1
19:19:57 1 1
19:20:27 1 1
19:20:58 1 1
19:21:27 1 1
19:21:57 1 1
19:22:27 1 1
19:22:57 1 1
19:23:27 1 1
19:23:58 1 1
19:24:28 1 1
19:24:58 1 1
19:25:28 1 1
19:25:58 1 1
19:26:28 1 1
19:26:58 1 1
19:27:28 1 1
19:27:58 1 1
19:28:28 1 1
19:28:58 1 1
19:29:30 1 1
19:29:59 1 1
19:30:29 1 1
19:30:59 1 1
19:31:29 1 1
19:31:59 1 1
19:32:29 1 1
19:32:59 1 1
19:33:30 1 1
19:34:00 1 1
19:34:30 1 1
19:35:00 1 1
19:35:30 1 1
19:36:00 1 1
19:36:30 1 1
19:37:01 1 1
19:37:31 1 1
19:38:01 1 1
19:38:31 1 1
19:39:01 1 1
19:39:31 1 1
19:40:01 1 1
19:40:31 1 1
19:41:02 1 1
19:41:32 1 1
19:42:02 1 1
19:42:32 1 1
19:43:02 1 1
19:43:32 1 1
19:44:02 1 1
19:44:32 1 1
19:45:02 1 1
19:45:32 1 1
19:46:03 1 1
19:46:33 1 1
19:47:03 1 1
19:47:33 1 1
19:48:03 1 1
19:48:33 1 1
19:49:03 1 1
19:49:33 1 1
19:50:04 1 1
19:50:34 1 1
19:51:04 1 1
19:51:34 1 1
19:52:04 1 1
19:52:34 1 1
19:53:04 1 1
19:53:34 1 1
19:54:04 1 1
19:54:34 1 1
19:55:04 1 1
19:55:34 1 1
19:56:05 1 1
19:56:35 1 1
19:57:05 1 1
19:57:35 1 1
19:58:05 1 1
19:58:35 1 1
19:59:05 1 1
19:59:36 1 1
20:00:06 1 1
20:00:36 1 1
20:01:06 1 1
20:01:36 1 1
20:02:06 1 1
20:02:36 1 1
20:03:06 1 1
20:03:36 1 1
20:04:06 1 1
20:04:36 1 1
20:05:07 1 1
20:05:37 1 1
20:06:07 1 1
20:06:37 1 1
20:07:07 1 1
20:07:37 1 1
20:08:07 1 1
20:08:37 1 1
20:09:07 1 1
20:09:39 1 1
20:10:08 1 1
20:10:38 1 1
20:11:08 1 1
20:11:38 1 1
20:12:08 1 1
20:12:38 1 1
20:13:08 1 1
20:13:38 1 1
20:14:08 1 1
20:14:39 1 1
20:15:09 1 1
20:15:39 1 1
20:16:09 1 1
20:16:39 1 1
20:17:09 1 1
20:17:39 1 1
20:18:09 1 1
20:18:39 1 1
20:19:10 1 1
20:19:40 1 1
20:20:10 1 1
20:20:40 1 1
20:21:10 1 1
20:21:40 1 1
20:22:10 1 1
20:22:40 1 1
20:23:11 1 1
20:23:41 1 1
20:24:11 1 1
20:24:41 1 1
20:25:11 1 1
20:25:41 1 1
20:26:11 1 1
20:26:41 1 1
20:27:12 1 1
20:27:42 1 1
20:28:12 1 1
20:28:42 1 1
20:29:12 1 1
20:29:42 1 1
20:30:12 1 1
20:30:42 1 1
20:31:12 1 1
20:31:42 1 1
20:32:13 1 1
20:32:43 1 1
20:33:13 1 1
20:33:43 1 1
20:34:13 1 1
20:34:43 1 1
20:35:13 1 1
20:35:43 1 1
20:36:13 1 1
20:36:43 1 1
20:37:14 1 1
20:37:44 1 1
20:38:14 1 1
20:38:44 1 1
20:39:14 1 1
20:39:44 1 1
20:40:14 1 1
20:40:44 1 1
20:41:14 1 1
20:41:44 1 1
20:42:15 1 1
20:42:45 1 1
20:43:15 1 1
20:43:45 1 1
20:44:15 1 1
20:44:45 1 1
20:45:15 1 1
20:45:45 1 1
20:46:15 1 1
20:46:46 1 1
20:47:16 1 1
20:47:46 1 1
20:48:16 1 1
20:48:46 1 1
20:49:16 1 1
20:49:46 1 1
20:50:16 1 1
20:50:46 1 1
20:51:17 1 1
20:51:47 1 1
20:52:17 1 1
20:52:47 1 1
20:53:17 1 1
20:53:47 1 1
20:54:17 1 1
20:54:47 1 1
20:55:17 1 1
20:55:47 1 1
20:56:18 1 1
20:56:48 1 1
20:57:18 1 1
20:57:48 1 1
20:58:18 1 1
20:58:48 1 1
20:59:18 1 1
20:59:48 1 1
21:00:18 1 1
21:00:49 1 1
21:01:19 1 1
21:01:49 1 1
21:02:19 1 1
21:02:49 1 1
21:03:19 1 1
21:03:49 1 1
21:04:19 1 1
21:04:49 1 1
21:05:20 1 1
21:05:50 1 1
21:06:20 1 1
21:06:52 1 1
21:07:21 1 1
21:07:51 1 1
21:08:21 1 1
21:08:51 1 1
21:09:21 1 1
21:09:51 1 1
21:10:21 1 1
21:10:51 1 1
21:11:22 1 1
21:11:52 1 1
21:12:22 1 1
21:12:52 1 1
21:13:22 1 1
21:13:52 1 1
21:14:22 1 1
21:14:52 1 1
21:15:23 1 1
21:15:53 1 1
21:16:23 1 1
21:16:53 1 1
21:17:23 1 1
21:17:53 1 1
21:18:23 1 1
21:18:53 1 1
21:19:24 1 1
21:19:54 1 1
21:20:24 1 1
21:20:54 1 1
21:21:24 1 1
21:21:54 1 1
21:22:24 1 1
21:22:54 1 1
21:23:25 1 1
21:23:55 1 1
21:24:25 1 1
21:24:55 1 1
21:25:27 1 1
21:25:55 1 1
21:26:25 1 1
21:26:56 1 1
21:27:26 1 1
21:27:56 1 1
21:28:27 1 1
21:28:57 1 1
21:29:27 1 1
21:29:57 1 1
21:30:27 1 1
21:30:57 1 1
21:31:27 1 1
21:31:57 1 1
21:32:28 1 1
21:32:58 1 1
21:33:28 1 1
21:33:58 1 1
21:34:28 1 1
21:34:58 1 1
21:35:28 1 1
21:35:58 1 1
21:36:28 1 1
21:36:58 1 1
21:37:29 1 1
21:37:59 1 1
21:38:29 1 1
21:38:59 1 1
21:39:29 1 1
21:39:59 1 1
21:40:29 1 1
21:40:59 1 1
21:41:30 1 1
21:42:00 1 1
21:42:30 1 1
21:43:00 1 1
21:43:30 1 1
21:44:00 1 1
21:44:30 1 1
21:45:00 1 1
21:45:30 1 1
21:46:00 1 1
21:46:31 1 1
21:47:01 1 1
21:47:31 1 1
21:48:01 1 1
21:48:31 1 1
21:49:01 1 1
21:49:32 1 1
21:50:02 1 1
21:50:32 1 1
21:51:02 1 1
21:51:32 1 1
21:52:02 1 1
21:52:32 1 1
21:53:02 1 1
21:53:34 1 1
21:54:02 1 1
21:54:33 1 1
21:55:03 1 1
21:55:33 1 1
21:56:03 1 1
21:56:33 1 1
21:57:03 1 1
21:57:33 1 1
21:58:03 1 1
21:58:34 1 1
21:59:04 1 1
21:59:34 1 1
22:00:04 1 1
22:00:34 1 1
22:01:04 1 1
22:01:34 1 1
22:02:05 1 1
22:02:35 1 1
22:03:05 1 1
22:03:35 1 1
22:04:05 1 1
22:04:35 1 1
22:05:05 1 1
22:05:35 1 1
22:06:05 1 1
22:06:36 1 1
22:07:07 1 1
22:07:37 1 1
22:08:07 1 1
22:08:37 1 1
22:09:07 1 1
22:09:37 1 1
22:10:07 1 1
22:10:38 1 1
22:11:08 1 1
22:11:38 1 1
22:12:08 1 1
22:12:38 1 1
22:13:08 1 1
22:13:38 1 1
22:14:08 1 1
22:14:39 1 1
22:15:09 1 1
22:15:39 1 1
22:16:09 1 1
22:16:39 1 1
22:17:11 1 1
22:17:39 1 1
22:18:09 1 1
22:18:40 1 1
22:19:10 1 1
22:19:40 1 1
22:20:10 1 1
22:20:40 1 1
22:21:10 1 1
22:21:40 1 1
22:22:10 1 1
22:22:41 1 1
22:23:11 1 1
22:23:41 1 1
22:24:11 1 1
22:24:41 1 1
22:25:11 1 1
22:25:41 1 1
22:26:11 1 1
22:26:42 1 1
22:27:12 1 1
22:27:42 1 1
22:28:12 1 1
22:28:42 1 1
22:29:12 1 1
22:29:42 1 1
22:30:12 1 1
22:30:43 1 1
22:31:13 1 1
22:31:43 1 1
22:32:13 1 1
22:32:43 1 1
22:33:13 1 1
22:33:43 1 1
22:34:13 1 1
22:34:44 1 1
22:35:14 1 1
22:35:44 1 1
22:36:14 1 1
22:36:44 1 1
22:37:14 1 1
22:37:44 1 1
22:38:14 1 1
22:38:45 1 1
22:39:15 1 1
22:39:45 1 1
22:40:15 1 1
22:40:45 1 1
22:41:15 1 1
22:41:46 1 1
22:42:16 1 1
22:42:46 1 1
22:43:16 1 1
22:43:46 1 1
22:44:16 1 1
22:44:46 1 1
22:45:16 1 1
22:45:47 1 1
22:46:17 1 1
22:46:47 1 1
22:47:17 1 1
22:47:47 1 1
22:48:17 1 1
22:48:47 1 1
22:49:17 1 1
22:49:48 1 1
22:50:18 1 1
22:50:48 1 1
22:51:18 1 1
22:51:48 1 1
22:52:18 1 1
22:52:48 1 1
22:53:18 1 1
22:53:49 1 1
22:54:19 1 1
22:54:49 1 1
22:55:19 1 1
22:55:49 1 1
22:56:19 1 1
22:56:49 1 1
22:57:19 1 1
22:57:50 1 1
22:58:20 1 1
22:58:50 1 1
22:59:20 1 1
22:59:50 1 1
23:00:20 1 1
23:00:51 1 1
23:01:21 1 1
23:01:51 1 1
23:02:21 1 1
23:02:51 1 1
23:03:21 1 1
23:03:51 1 1
23:04:21 1 1
23:04:52 1 1
23:05:22 1 1
23:05:52 1 1
23:06:22 1 1
23:06:52 1 1
23:07:22 1 1
23:07:52 1 1
23:08:22 1 1
23:08:53 1 1
23:09:23 1 1
23:09:53 1 1
23:10:23 1 1
23:10:53 1 1
23:11:23 1 1
23:11:53 1 1
23:12:23 1 1
23:12:55 1 1
23:13:24 1 1
23:13:54 1 1
23:14:24 1 1
23:14:54 1 1
23:15:24 1 1
23:15:54 1 1
23:16:24 1 1
23:16:55 1 1
23:17:25 1 1
23:17:55 1 1
23:18:25 1 1
23:18:55 1 1
23:19:27 1 1
23:19:55 1 1
23:20:26 1 1
23:20:56 1 1
23:21:26 1 1
23:21:56 1 1
23:22:26 1 1
23:22:56 1 1
23:23:26 1 1
23:23:56 1 1
23:24:26 1 1
23:24:57 1 1
23:25:27 1 1
23:25:57 1 1
23:26:27 1 1
23:26:57 1 1
23:27:27 1 1
23:27:57 1 1
23:28:27 1 1
23:28:58 1 1
23:29:28 1 1
23:29:58 1 1
23:30:28 1 1
23:30:58 1 1
23:31:28 1 1
23:31:59 1 1
23:32:29 1 1
23:32:59 1 1
23:33:29 1 1
23:33:59 1 1
23:34:29 1 1
23:34:59 1 1
23:35:29 1 1
23:36:00 1 1
23:36:30 1 1
23:37:00 1 1
23:37:30 1 1
23:38:00 1 1
23:38:30 1 1
23:39:02 1 1
23:39:30 1 1
23:40:01 1 1
23:40:31 1 1
23:41:01 1 1
23:41:31 1 1
23:42:01 1 1
23:42:31 1 1
23:43:02 1 1
23:43:32 1 1
23:44:02 1 1
23:44:32 1 1
23:45:02 1 1
23:45:33 1 1
23:46:03 1 1
23:46:33 1 1
23:47:03 1 1
23:47:34 1 1
23:48:04 1 1
23:48:34 1 1
23:49:05 1 1
23:49:35 1 1
23:50:05 1 1
23:50:36 1 1
23:51:06 1 1
23:51:36 1 1
23:52:06 1 1
23:52:37 1 1
23:53:08 1 1
23:53:38 1 1
23:54:08 1 1
23:54:38 1 1
23:55:09 1 1
23:55:40 1 1
23:56:10 1 1
23:56:44 1 1
23:57:31 1 1
23:57:43 1 1
23:58:13 1 1
23:58:47 1 1
23:59:38 1 1
23:59:47 1 1
