00:02:31 1450
00:03:24 1415
00:04:09 1433
00:05:13 1414
00:06:12 1374
00:07:18 1378
00:08:19 1426
02:00:06 -1
02:01:07 1374
02:02:07 1371
02:03:08 1364
02:04:08 1312
02:05:09 1314
02:06:09 1315
02:07:09 1335
02:08:10 1360
02:09:10 1074
02:10:11 1101
02:11:11 1225
02:12:11 1180
02:13:12 1220
02:14:12 1239
02:15:13 1271
02:16:13 1274
02:17:13 1353
02:18:14 1281
02:19:15 1283
02:20:15 1294
02:21:15 1309
02:22:16 1304
02:23:16 1307
02:24:17 1298
02:25:17 1307
02:26:17 1299
02:27:18 1303
02:28:18 1308
02:29:19 1273
02:30:19 1225
02:31:20 1197
02:32:20 1237
02:33:21 1249
02:34:21 1266
02:35:21 1270
02:36:22 1287
02:37:22 1300
02:38:22 1309
02:39:23 1325
02:40:23 1316
02:41:23 1320
02:42:24 1321
02:43:24 1325
02:44:25 1340
02:45:25 1359
02:46:25 1360
02:47:26 1366
02:48:26 1371
02:49:27 1369
02:50:27 1373
02:51:27 1374
02:52:28 1372
02:53:28 1379
02:54:29 1386
02:55:29 1350
02:56:29 1348
02:57:30 1357
02:58:30 1358
02:59:31 1354
03:00:31 1358
03:01:31 1361
03:02:32 1358
03:03:32 1357
03:04:32 1364
03:05:33 1362
03:06:34 1401
03:07:34 1401
03:08:35 1361
03:09:35 1421
03:10:35 1095
03:11:36 979
03:12:36 1038
03:13:36 1050
03:14:37 1059
03:15:37 1067
03:16:37 1076
03:17:37 1080
03:18:38 1079
03:19:38 1167
03:20:39 1186
03:21:39 1201
03:22:39 1220
03:23:40 1199
03:24:40 1234
03:25:40 1249
03:26:41 1272
03:27:41 1302
03:28:41 1302
03:29:42 1325
03:30:42 1245
03:31:42 1262
03:32:43 1273
03:33:43 1286
03:34:44 1288
03:35:44 1302
03:36:44 1381
03:37:44 1314
03:38:45 1333
03:39:45 1337
03:40:46 1343
03:41:46 1341
03:42:46 1347
03:43:46 1348
03:44:47 1346
03:45:47 1344
03:46:48 1343
03:47:48 1355
03:48:48 1354
03:49:48 1353
03:50:49 1350
03:51:49 1351
03:52:50 1322
03:53:50 1321
03:54:50 1322
03:55:51 1327
03:56:51 1356
03:57:51 1354
03:58:52 1390
03:59:52 1392
04:00:52 1389
04:01:53 1388
04:02:53 1394
04:03:53 1388
04:04:54 1393
04:05:54 1396
04:06:55 1389
04:07:55 1392
04:08:55 1392
04:09:56 1412
04:10:56 1094
04:11:56 994
04:12:56 1015
04:13:57 1028
04:14:57 1077
04:15:57 1074
04:16:58 1157
04:17:58 1102
04:18:58 1114
04:19:59 1118
04:20:59 1124
04:21:59 1127
04:23:00 1128
04:24:00 1087
04:25:00 1100
04:26:01 1113
04:27:01 1125
04:28:01 1124
04:29:02 1131
04:30:02 1134
04:31:03 1167
04:32:03 1088
04:33:03 1105
04:34:03 1107
04:35:04 1112
04:36:04 1113
04:37:05 1148
04:38:05 1116
04:39:05 1121
04:40:06 1124
04:41:06 1125
04:42:07 1146
04:43:07 1147
04:44:07 1146
04:45:08 1150
04:46:08 1151
04:47:08 1107
04:48:08 1119
04:49:09 1117
04:50:09 1127
04:51:10 1148
04:52:10 1157
04:53:10 1164
04:54:11 1165
04:55:11 1169
04:56:11 1169
04:57:12 1170
04:58:12 1174
04:59:12 1178
05:00:13 1177
05:01:13 1182
05:02:13 1176
05:03:14 1175
05:04:14 1147
05:05:14 1149
05:06:15 1214
05:07:15 1220
05:08:15 1190
05:09:16 1194
05:10:16 1034
05:11:16 1059
05:12:17 953
05:13:17 977
05:14:17 996
05:15:18 1010
05:16:18 1028
05:17:18 1116
05:18:19 1052
05:19:19 1069
05:20:20 1069
05:21:21 1072
05:22:21 1119
05:23:21 1127
05:24:21 1073
05:25:21 1088
05:26:22 1091
05:27:22 1097
05:28:23 1120
05:29:23 1137
05:30:23 1214
05:31:24 1142
05:32:24 1160
05:33:24 1195
05:34:25 1209
05:35:25 1225
05:36:25 1240
05:37:25 1276
05:38:26 1263
05:39:26 1271
05:40:26 1293
05:41:27 1300
05:42:27 1290
05:43:28 1288
05:44:28 1311
05:45:28 1337
05:46:29 1342
05:47:29 1343
05:48:29 1335
05:49:29 1335
05:50:30 1337
05:51:30 1333
05:52:31 1333
05:53:31 1327
05:54:31 1331
05:55:32 1332
05:56:32 1329
05:57:32 1330
05:58:33 1352
05:59:33 1358
06:00:33 1361
06:01:34 1369
06:02:34 1362
06:03:35 1364
06:04:35 1367
06:05:36 1381
06:06:36 1389
06:07:36 1399
06:08:37 1401
06:09:37 1411
06:10:38 1125
06:11:38 1143
06:12:38 1034
06:13:39 1078
06:14:39 1085
06:15:39 1108
06:16:40 1120
06:17:40 1096
06:18:40 1092
06:19:41 1139
06:20:41 1144
06:21:41 1154
06:22:42 1166
06:23:42 1107
06:24:43 1122
06:25:43 1134
06:26:43 1136
06:27:43 1144
06:28:44 1140
06:29:44 1147
06:30:45 1188
06:31:45 1070
06:32:45 1082
06:33:46 1077
06:34:46 1082
06:35:46 1145
06:36:46 1225
06:37:47 1166
06:38:47 1183
06:39:48 1190
06:40:48 1186
06:41:48 1203
06:42:49 1214
06:43:49 1215
06:44:49 1241
06:45:50 1247
06:46:50 1260
06:47:50 1271
06:48:51 1281
06:49:51 1280
06:50:51 1284
06:51:52 1283
06:52:52 1280
06:53:52 1282
06:54:53 1283
06:55:53 1281
06:56:53 1321
06:57:54 1291
06:58:54 1284
06:59:54 1285
07:00:55 1312
07:01:55 1351
07:02:55 1356
07:03:56 1358
07:04:56 1360
07:05:56 1366
07:06:57 1381
07:07:57 1377
07:08:57 1373
07:09:57 1388
07:10:58 1093
07:11:58 1108
07:12:59 1145
07:13:59 1158
07:14:59 1164
07:16:00 1190
07:17:00 1270
07:18:00 1217
07:19:01 1225
07:20:01 1246
07:21:01 1231
07:22:02 1238
07:23:02 1249
07:24:03 1199
07:25:03 1220
07:26:03 1225
07:27:03 1226
07:28:04 1235
07:29:04 1254
07:30:04 1261
07:31:05 1304
07:32:06 1183
07:33:06 1207
07:34:06 1213
07:35:07 1217
07:36:07 1230
07:37:08 1218
07:38:08 1220
07:39:09 1240
07:40:09 1247
07:41:09 1246
07:42:10 1250
07:43:10 1261
07:44:10 1260
07:45:10 1261
07:46:11 1272
07:47:11 1309
07:48:12 1355
07:49:12 1354
07:50:12 1357
07:51:12 1365
07:52:13 1373
07:53:13 1370
07:54:13 1378
07:55:14 1364
07:56:14 1370
07:57:14 1405
07:58:15 1390
07:59:15 1382
08:00:15 1391
08:01:16 1379
08:02:16 1380
08:03:16 1380
08:04:16 1386
08:05:17 1386
08:06:17 1394
08:07:17 1539
08:08:18 1540
08:09:18 1553
08:10:18 1550
08:11:19 1354
08:12:19 1360
08:13:20 1303
08:14:20 1325
08:15:20 1353
08:16:20 1369
08:17:20 1401
08:18:21 1377
08:19:21 1390
08:20:22 1420
08:21:22 1430
08:22:22 1435
08:23:23 1462
08:24:23 1277
08:25:24 1319
08:26:24 1360
08:27:24 1364
08:28:25 1378
08:29:25 1371
08:30:25 1390
08:31:26 1228
08:32:26 1257
08:33:26 1268
08:34:26 1278
08:35:27 1285
08:36:27 1324
08:37:28 1326
08:38:28 1371
08:39:28 1378
08:40:29 1381
08:41:29 1435
08:42:29 1428
08:43:30 1428
08:44:30 1432
08:45:30 1410
08:46:31 1431
08:47:31 1427
08:48:31 1407
08:49:32 1416
08:50:32 1497
08:51:32 1420
08:52:33 1434
08:53:33 1441
08:54:33 1444
08:55:35 1459
08:56:35 1475
08:57:35 1480
08:58:35 1490
08:59:36 1487
09:00:36 1506
09:01:37 1512
09:02:37 1517
09:03:37 1516
09:04:37 1518
09:05:38 1521
09:06:38 1524
09:07:38 1534
09:08:38 1535
09:09:39 1533
09:10:39 1538
09:11:39 1189
09:12:40 1200
09:13:40 1132
09:14:40 1145
09:15:40 1167
09:16:41 1188
09:17:41 1196
09:18:41 1203
09:19:42 1216
09:20:42 1230
09:21:42 1223
09:22:43 1230
09:23:43 1242
09:24:43 1151
09:25:43 1146
09:26:43 1173
09:27:44 1182
09:28:44 1202
09:29:44 1204
09:30:44 1208
09:31:45 1139
09:32:45 1161
09:33:46 1195
09:34:46 1190
09:35:46 1196
09:36:46 1196
09:37:47 1205
09:38:48 1215
09:39:48 1237
09:40:48 1247
09:41:49 1246
09:42:49 1248
09:43:49 1257
09:44:49 1261
09:45:49 1273
09:46:50 1277
09:47:50 1278
09:48:51 1288
09:49:50 1273
09:50:51 1284
09:51:51 1284
09:52:51 1286
09:53:51 1304
09:54:52 1301
09:55:52 1331
09:56:52 1309
09:57:53 1314
09:58:53 1312
09:59:53 1314
10:00:53 1322
10:01:53 1313
10:02:54 1316
10:03:54 1316
10:04:54 1318
10:05:54 1430
10:06:54 1460
10:07:55 1473
10:08:55 1479
10:09:55 1476
10:10:55 1480
10:11:56 1211
10:12:56 1212
10:13:56 1140
10:14:56 1165
10:15:57 1205
10:16:57 1263
10:17:57 1209
10:18:58 1215
10:19:58 1217
10:20:59 1223
10:21:59 1239
10:23:00 1237
10:24:01 1171
10:25:02 1186
10:26:02 1201
10:27:03 1202
10:28:03 1205
10:29:03 1203
10:30:04 1210
10:31:04 1218
10:32:05 1163
10:33:05 1194
10:34:05 1210
10:35:05 1222
10:36:05 1232
10:37:05 1322
10:38:06 1263
10:39:07 1283
10:40:07 1296
10:41:08 1309
10:42:08 1318
10:43:09 1330
10:44:09 1331
10:45:09 1336
10:46:09 1347
10:47:10 1345
10:48:11 1375
10:49:10 1350
10:50:11 1358
10:51:11 1363
10:52:12 1372
10:53:12 1376
10:54:12 1379
10:55:13 1381
10:56:14 1397
10:57:14 1457
10:58:16 1408
10:59:15 1408
11:00:16 1406
11:01:16 1420
11:02:17 1422
11:03:17 1418
11:04:17 1427
11:05:17 1418
11:06:18 1420
11:07:18 1428
11:08:19 1427
11:09:19 1429
11:10:19 1428
11:11:20 1432
11:12:20 1204
11:13:21 1126
11:14:21 1162
11:15:22 1179
11:16:22 1182
11:17:23 1228
11:18:23 1198
11:19:23 1203
11:20:24 1208
11:21:24 1223
11:22:24 1230
11:23:24 1234
11:24:25 1204
11:25:25 1210
11:26:25 1216
11:27:25 1228
11:28:26 1246
11:29:26 1252
11:30:26 1272
11:31:26 1280
11:32:27 1162
11:33:27 1200
11:34:28 1204
11:35:29 1205
11:36:29 1216
11:37:29 1228
11:38:30 1235
11:39:30 1236
11:40:30 1240
11:41:31 1246
11:42:31 1249
11:43:31 1271
11:44:32 1251
11:45:32 1250
11:46:33 1250
11:47:34 1247
11:48:34 1253
11:49:35 1255
11:50:35 1258
11:51:36 1262
11:52:36 1262
11:53:36 1261
11:54:37 1397
11:55:37 1404
11:56:37 1414
11:57:37 1471
11:58:38 1419
11:59:38 1432
12:00:38 1441
12:01:39 1452
12:02:39 1454
12:03:39 1451
12:04:40 1455
12:05:40 1481
12:06:40 1480
12:07:40 1481
12:08:40 1482
12:09:41 1505
12:10:41 1505
12:11:42 1502
12:12:42 1353
12:13:42 1420
12:14:42 1291
12:15:43 1299
12:16:43 1343
12:17:44 1346
12:18:46 1357
12:19:45 1382
12:20:46 1391
12:21:46 1399
12:22:46 1402
12:23:46 1404
12:24:47 1237
12:25:47 1243
12:26:47 1248
12:27:48 1253
12:28:48 1257
12:29:48 1267
12:30:48 1277
12:31:49 1308
12:32:49 1186
12:33:49 1217
12:34:49 1224
12:35:49 1241
12:36:50 1363
12:37:50 1370
12:38:50 1374
12:39:51 1377
12:40:51 1389
12:41:51 1392
12:42:51 1415
12:43:52 1427
12:44:51 1427
12:45:52 1430
12:46:52 1431
12:47:52 1455
12:48:52 1456
12:49:53 1458
12:50:54 1455
12:51:54 1457
12:52:54 1460
12:53:54 1483
12:54:55 1484
12:55:55 1495
12:56:55 1498
12:57:55 1501
12:58:56 1505
12:59:56 1509
13:00:56 1522
13:01:57 1513
13:02:57 1514
13:03:57 1512
13:04:57 1513
13:05:57 1515
13:06:57 1516
13:07:58 1514
13:08:58 1514
13:09:58 1521
13:10:58 1526
13:11:58 1526
13:12:59 1589
13:13:59 1319
13:14:59 1346
13:15:59 1348
13:16:59 1363
13:18:00 1368
13:19:00 1367
13:20:00 1485
13:21:00 1541
13:22:01 1552
13:23:01 1563
13:24:02 1577
13:25:02 1373
13:26:02 1380
13:27:02 1380
13:28:02 1383
13:29:03 1387
13:30:03 1393
13:31:03 1394
13:32:04 1435
13:33:04 1301
13:34:04 1322
13:35:05 1339
13:36:05 1359
13:37:05 1448
13:38:05 1388
13:39:06 1372
13:40:06 1378
13:41:06 1386
13:42:07 1395
13:43:07 1404
13:44:08 1404
13:45:08 1415
13:46:08 1414
13:47:09 1428
13:48:10 1445
13:49:10 1439
13:50:10 1440
13:51:11 1447
13:52:11 1455
13:53:11 1449
13:54:11 1451
13:55:12 1453
13:56:12 1455
13:57:12 1493
13:58:12 1471
13:59:12 1493
14:00:13 1510
14:01:13 1535
14:02:13 1546
14:03:13 1551
14:04:14 1559
14:05:14 1591
14:06:14 1613
14:07:15 1623
14:08:15 1631
14:09:15 1624
14:10:16 1647
14:11:16 1646
14:12:16 1647
14:13:17 1725
14:14:17 1271
14:15:17 1337
14:16:18 1370
14:17:18 1432
14:18:18 1399
14:19:18 1405
14:20:19 1428
14:21:19 1450
14:22:19 1466
14:23:19 1483
14:24:20 1431
14:25:21 1433
14:26:21 1437
14:27:21 1493
14:28:22 1522
14:29:22 1555
14:30:22 1558
14:31:22 1574
14:32:23 1656
14:33:23 1577
14:34:24 1608
14:35:24 1520
14:36:24 1527
14:37:25 1558
14:38:25 1540
14:39:26 1559
14:40:26 1560
14:41:27 1553
14:42:27 1556
14:43:27 1573
14:44:28 1539
14:45:28 1542
14:46:29 1550
14:47:29 1555
14:48:29 1554
14:49:30 1572
14:50:30 1579
14:51:31 1581
14:52:31 1579
14:53:31 1589
14:54:31 1587
14:55:32 1596
14:56:32 1592
14:57:32 1637
14:58:33 1612
14:59:33 1614
15:00:33 1614
15:01:34 1615
15:02:33 1634
15:03:34 1629
15:04:34 1640
15:05:34 1649
15:06:34 1659
15:07:34 1657
15:08:35 1665
15:09:35 1663
15:10:35 1667
15:11:35 1673
15:12:36 1681
15:13:36 1745
15:14:36 1424
15:15:36 1312
15:16:37 1345
15:17:37 1392
15:18:37 1390
15:19:38 1424
15:20:38 1433
15:21:38 1450
15:22:38 1472
15:23:38 1476
15:24:39 1429
15:25:39 1443
15:26:39 1459
15:27:39 1481
15:28:39 1491
15:29:40 1521
15:30:40 1488
15:31:40 1494
15:32:41 1382
15:33:41 1405
15:34:41 1410
15:35:41 1507
15:36:41 1513
15:37:42 1518
15:38:42 1531
15:39:42 1518
15:40:42 1510
15:41:43 1507
15:42:43 1509
15:43:43 1487
15:44:43 1503
15:45:43 1507
15:46:44 1530
15:47:44 1576
15:48:44 1534
15:49:45 1554
15:50:45 1546
15:51:46 1563
15:52:46 1562
15:53:46 1580
15:54:46 1592
15:55:46 1593
15:56:46 1615
15:57:47 1617
15:58:47 1596
15:59:47 1611
16:00:47 1617
16:01:48 1618
16:02:48 1638
16:03:48 1641
16:04:48 1657
16:05:48 1646
16:06:49 1677
16:07:49 1669
16:08:49 1688
16:09:49 1682
16:10:49 1697
16:11:50 1710
16:12:50 1709
16:13:51 1748
16:14:51 1434
16:15:51 1328
16:16:51 1348
16:17:51 1349
16:18:51 1357
16:19:51 1370
16:20:52 1385
16:21:52 1388
16:22:52 1392
16:23:52 1402
16:24:53 1365
16:25:53 1390
16:26:53 1380
16:27:54 1390
16:28:54 1408
16:29:54 1418
16:30:54 1565
16:31:54 1673
16:32:55 1669
16:33:55 1558
16:34:56 1565
16:35:56 1555
16:36:56 1554
16:37:57 1569
16:38:57 1761
16:39:57 1650
16:40:57 1675
16:41:57 1685
16:42:57 1718
16:43:58 1703
16:44:58 1795
16:45:58 1814
16:46:58 1746
16:47:59 1731
16:48:59 1748
16:49:59 1777
16:50:59 1750
16:51:59 1734
16:53:00 1710
16:54:00 1715
16:55:00 1724
16:56:01 1732
16:57:01 1751
16:58:01 1764
16:59:02 1775
17:00:02 1775
17:01:02 1792
17:02:02 1774
17:03:03 1784
17:04:03 1803
17:05:03 1841
17:06:03 1689
17:07:04 1690
17:08:04 1772
17:09:04 1772
17:10:04 1778
17:11:05 1781
17:12:05 1782
17:13:05 1779
17:14:05 1407
17:15:06 1479
17:16:06 1307
17:17:06 1390
17:18:06 1416
17:19:06 1423
17:20:07 1441
17:21:07 1521
17:22:07 1755
17:23:08 1712
17:24:09 1525
17:25:09 1532
17:26:10 1537
17:27:10 1545
17:28:10 1572
17:29:10 1604
17:30:11 1622
17:31:11 1636
17:32:11 1557
17:33:12 1521
17:34:12 1552
17:35:12 1577
17:36:12 1581
17:37:13 1673
17:38:13 1604
17:39:14 1563
17:40:14 1568
17:41:14 1605
17:42:14 1609
17:43:15 1639
17:44:15 1656
17:45:16 1645
17:46:16 1654
17:47:16 1653
17:48:17 1657
17:49:17 1664
17:50:17 1670
17:51:17 1670
17:52:18 1668
17:53:18 1674
17:54:18 1673
17:55:18 1678
17:56:19 1696
17:57:19 1743
17:58:19 1705
17:59:20 1743
18:00:20 1758
18:01:20 1916
18:02:20 1910
18:03:20 1913
18:04:21 1906
18:05:21 1907
18:06:21 1909
18:07:21 1915
18:08:22 1912
18:09:22 1914
18:10:22 1929
18:11:22 1952
18:12:23 1933
18:13:23 1937
18:14:24 1534
18:15:24 1400
18:16:24 1418
18:17:24 1444
18:18:24 1468
18:19:25 1462
18:20:25 1604
18:21:25 1609
18:22:25 1626
18:23:26 1648
18:24:26 1467
18:25:26 1505
18:26:26 1525
18:27:27 1539
18:28:27 1549
18:29:28 1562
18:30:28 1577
18:31:28 1598
18:32:29 1607
18:33:30 1531
18:34:30 1558
18:35:30 1569
18:36:30 1571
18:37:31 1615
18:38:31 1580
18:39:31 1586
18:40:32 1583
18:41:32 1587
18:42:32 1591
18:43:32 1597
18:44:32 1610
18:45:33 1610
18:46:33 1618
18:47:33 1632
18:48:33 1633
18:49:34 1631
18:50:34 1641
18:51:34 1664
18:52:34 1664
18:53:35 1672
18:54:36 1677
18:55:36 1685
18:56:36 1642
18:57:36 1675
18:58:37 1683
18:59:37 1631
19:00:37 1659
19:01:37 1652
19:02:37 1662
19:03:38 1666
19:04:38 1666
19:05:38 1667
19:06:38 1664
19:07:39 1661
19:08:39 1659
19:09:39 1661
19:10:39 1666
19:11:39 1664
19:12:40 1667
19:13:40 1670
19:14:41 1634
19:15:40 1699
19:16:41 1362
19:17:41 1371
19:18:41 1374
19:19:41 1456
19:20:41 1598
19:21:42 1610
19:22:42 1619
19:23:42 1628
19:24:42 1455
19:25:43 1464
19:26:43 1469
19:27:43 1472
19:28:43 1488
19:29:43 1528
19:30:43 1542
19:31:44 1544
19:32:44 1585
19:33:45 1634
19:34:45 1592
19:35:45 1494
19:36:45 1508
19:37:46 1550
19:38:46 1520
19:39:46 1537
19:40:46 1550
19:41:46 1556
19:42:47 1548
19:43:47 1549
19:44:47 1553
19:45:47 1564
19:46:47 1726
19:47:48 1733
19:48:48 1729
19:49:48 1732
19:50:48 1737
19:51:49 1732
19:52:49 1736
19:53:49 1735
19:54:49 1731
19:55:49 1729
19:56:49 1736
19:57:50 1762
19:58:50 1725
19:59:51 1739
20:00:50 1730
20:01:51 1733
20:02:51 1745
20:03:51 1741
20:04:51 1751
20:05:51 1749
20:06:52 1759
20:07:52 1758
20:08:52 1764
20:09:53 1771
20:10:52 1770
20:11:53 1772
20:12:53 1772
20:13:53 1774
20:14:54 1436
20:15:54 1445
20:16:54 1470
20:17:54 1499
20:18:55 1505
20:19:55 1526
20:20:55 1538
20:21:55 1544
20:22:55 1539
20:23:55 1548
20:24:56 1330
20:25:56 1346
20:26:56 1355
20:27:57 1355
20:28:57 1360
20:29:57 1367
20:30:57 1371
20:31:57 1390
20:32:58 1426
20:33:58 1308
20:34:58 1321
20:35:58 1340
20:36:58 1373
20:37:59 1367
20:38:59 1372
20:39:59 1381
20:40:59 1388
20:41:59 1387
20:42:59 1389
20:44:00 1392
20:45:00 1398
20:46:00 1396
20:47:02 1406
20:48:02 1419
20:49:02 1421
20:50:02 1424
20:51:02 1436
20:52:03 1440
20:53:03 1444
20:54:03 1452
20:55:03 1480
20:56:03 1481
20:57:03 1486
20:58:04 1531
20:59:04 1532
21:00:04 1534
21:01:05 1544
21:02:05 1550
21:03:05 1557
21:04:05 1559
21:05:05 1560
21:06:05 1574
21:07:06 1574
21:08:06 1583
21:09:06 1592
21:10:06 1600
21:11:06 1614
21:12:07 1619
21:13:07 1626
21:14:07 1630
21:15:07 1256
21:16:07 1290
21:17:08 1318
21:18:08 1302
21:19:08 1300
21:20:09 1341
21:21:09 1424
21:22:09 1435
21:23:09 1442
21:24:09 1397
21:25:10 1411
21:26:10 1432
21:27:10 1447
21:28:10 1460
21:29:11 1474
21:30:11 1480
21:31:11 1487
21:32:11 1493
21:33:12 1544
21:34:12 1511
21:35:12 1448
21:36:12 1455
21:37:12 1462
21:38:13 1481
21:39:13 1498
21:40:13 1503
21:41:13 1477
21:42:14 1522
21:43:14 1552
21:44:14 1558
21:45:14 1586
21:46:14 1581
21:47:15 1586
21:48:15 1591
21:49:15 1607
21:50:15 1610
21:51:16 1624
21:52:16 1645
21:53:16 1662
21:54:16 1666
21:55:16 1706
21:56:17 1685
21:57:17 1762
21:58:17 1696
21:59:17 1685
22:00:18 1689
22:01:18 1701
22:02:19 1696
22:03:18 1701
22:04:19 1707
22:05:19 1713
22:06:19 1725
22:07:20 1724
22:08:20 1733
22:09:20 1745
22:10:21 1748
22:11:20 1756
22:12:21 1754
22:13:21 1766
22:14:21 1774
22:15:22 1791
22:16:22 1356
22:17:22 1465
22:18:22 1386
22:19:22 1439
22:20:23 1425
22:21:23 1433
22:22:23 1444
22:23:23 1464
22:24:24 1495
22:25:24 1462
22:26:24 1484
22:27:24 1488
22:28:25 1494
22:29:25 1502
22:30:25 1495
22:31:25 1517
22:32:26 1514
22:33:26 1548
22:34:26 1425
22:35:26 1446
22:36:27 1474
22:37:27 1517
22:38:27 1501
22:39:28 1504
22:40:28 1511
22:41:28 1533
22:42:29 1536
22:43:29 1585
22:44:29 1547
22:45:29 1570
22:46:29 1564
22:47:30 1568
22:48:30 1575
22:49:30 1580
22:50:30 1590
22:51:31 1595
22:52:31 1594
22:53:31 1601
22:54:31 1611
22:55:32 1620
22:56:32 1608
22:57:32 1649
22:58:32 1614
22:59:33 1619
23:00:33 1619
23:01:33 1622
23:02:34 1623
23:03:34 1631
23:04:34 1626
23:05:35 1647
23:06:35 1647
23:07:35 1640
23:08:35 1638
23:09:35 1645
23:10:36 1638
23:11:36 1710
23:12:36 1709
23:13:36 1714
23:14:37 1733
23:15:37 1591
23:16:37 1457
23:17:37 1498
23:18:38 1483
23:19:38 1493
23:20:38 1504
23:21:39 1518
23:22:39 1544
23:23:39 1563
23:24:40 1505
23:25:39 1538
23:26:40 1559
23:27:40 1562
23:28:40 1570
23:29:41 1578
23:30:41 1592
23:31:41 1606
23:32:41 1629
23:33:42 1608
23:34:42 1574
23:35:42 1587
23:36:43 1603
23:37:43 1680
23:38:43 1608
23:39:43 1609
23:40:44 1629
23:41:44 1629
23:42:44 1629
23:43:45 1637
23:44:45 1634
23:45:45 1637
23:46:46 1634
23:47:46 1641
23:48:47 1643
23:49:48 1648
23:50:48 1647
23:51:49 1654
23:52:49 1653
23:53:50 1659
23:54:50 1661
23:55:51 1657
23:56:51 1654
23:57:52 1662
23:58:52 1657
23:59:52 1668
