00:02:55 5
00:03:24 31
00:04:09 9
00:05:13 10
00:06:12 11
00:07:18 8
00:08:19 11
02:00:06 -1
02:01:07 11
02:02:07 6
02:03:08 11
02:04:08 8
02:05:09 10
02:06:09 10
02:07:09 11
02:08:10 8
02:09:10 19
02:10:11 8
02:11:11 19
02:12:11 8
02:13:12 11
02:14:12 13
02:15:13 15
02:16:13 11
02:17:13 46
02:18:14 16
02:19:15 14
02:20:15 8
02:21:15 12
02:22:16 7
02:23:16 6
02:24:17 51
02:25:17 50
02:26:17 9
02:27:18 18
02:28:18 9
02:29:19 8
02:30:19 17
02:31:20 9
02:32:20 8
02:33:21 14
02:34:21 13
02:35:21 8
02:36:22 9
02:37:22 8
02:38:22 7
02:39:23 11
02:40:23 10
02:41:23 8
02:42:24 11
02:43:24 13
02:44:25 8
02:45:25 23
02:46:25 8
02:47:26 8
02:48:26 9
02:49:27 11
02:50:27 8
02:51:27 11
02:52:28 8
02:53:28 16
02:54:29 13
02:55:29 12
02:56:29 8
02:57:30 8
02:58:30 13
02:59:31 11
03:00:31 12
03:01:31 22
03:02:32 16
03:03:32 13
03:04:32 23
03:05:33 17
03:06:34 25
03:07:34 8
03:08:35 14
03:09:35 10
03:10:35 15
03:11:36 12
03:12:36 9
03:13:36 11
03:14:37 9
03:15:37 10
03:16:37 10
03:17:37 11
03:18:38 9
03:19:38 9
03:20:39 12
03:21:39 13
03:22:39 13
03:23:40 12
03:24:40 40
03:25:40 15
03:26:41 20
03:27:41 15
03:28:41 13
03:29:42 11
03:30:42 16
03:31:42 10
03:32:43 10
03:33:43 10
03:34:44 13
03:35:44 11
03:36:44 59
03:37:44 9
03:38:45 9
03:39:45 8
03:40:46 8
03:41:46 11
03:42:46 11
03:43:46 12
03:44:47 9
03:45:47 7
03:46:48 11
03:47:48 9
03:48:48 9
03:49:48 7
03:50:49 7
03:51:49 10
03:52:50 10
03:53:50 13
03:54:50 7
03:55:51 10
03:56:51 40
03:57:51 7
03:58:52 9
03:59:52 13
04:00:52 9
04:01:53 18
04:02:53 14
04:03:53 9
04:04:54 10
04:05:54 11
04:06:55 15
04:07:55 9
04:08:55 10
04:09:56 17
04:10:56 14
04:11:56 8
04:12:56 13
04:13:57 7
04:14:57 13
04:15:57 7
04:16:58 59
04:17:58 10
04:18:58 20
04:19:59 11
04:20:59 10
04:21:59 11
04:23:00 10
04:24:00 13
04:25:00 15
04:26:01 20
04:27:01 26
04:28:01 25
04:29:02 8
04:30:02 8
04:31:03 12
04:32:03 8
04:33:03 8
04:34:03 10
04:35:04 9
04:36:04 16
04:37:05 17
04:38:05 11
04:39:05 10
04:40:06 9
04:41:06 16
04:42:07 9
04:43:07 8
04:44:07 8
04:45:08 13
04:46:08 38
04:47:08 17
04:48:08 10
04:49:09 7
04:50:09 17
04:51:10 6
04:52:10 12
04:53:10 7
04:54:11 8
04:55:11 12
04:56:11 9
04:57:12 9
04:58:12 9
04:59:12 13
05:00:13 9
05:01:13 14
05:02:13 9
05:03:14 8
05:04:14 32
05:05:14 36
05:06:15 56
05:07:15 25
05:08:15 13
05:09:16 23
05:10:16 9
05:11:16 11
05:12:17 13
05:13:17 12
05:14:17 17
05:15:18 21
05:16:18 10
05:17:18 53
05:18:19 14
05:19:19 16
05:20:20 9
05:21:21 14
05:22:21 10
05:23:21 15
05:24:21 16
05:25:21 18
05:26:22 11
05:27:22 16
05:28:23 14
05:29:23 10
05:30:23 12
05:31:24 12
05:32:24 15
05:33:24 34
05:34:25 13
05:35:25 18
05:36:25 20
05:37:25 23
05:38:26 10
05:39:26 9
05:40:26 8
05:41:27 6
05:42:27 8
05:43:28 14
05:44:28 15
05:45:28 9
05:46:29 11
05:47:29 9
05:48:29 11
05:49:29 7
05:50:30 10
05:51:30 8
05:52:31 9
05:53:31 15
05:54:31 9
05:55:32 11
05:56:32 9
05:57:32 13
05:58:33 10
05:59:33 12
06:00:33 13
06:01:34 22
06:02:34 18
06:03:35 18
06:04:35 15
06:05:36 28
06:06:36 13
06:07:36 20
06:08:37 15
06:09:37 15
06:10:38 16
06:11:38 21
06:12:38 15
06:13:39 12
06:14:39 14
06:15:39 11
06:16:40 8
06:17:40 33
06:18:40 11
06:19:41 44
06:20:41 13
06:21:41 14
06:22:42 8
06:23:42 7
06:24:43 9
06:25:43 9
06:26:43 9
06:27:43 25
06:28:44 9
06:29:44 11
06:30:45 12
06:31:45 9
06:32:45 14
06:33:46 9
06:34:46 8
06:35:46 7
06:36:46 47
06:37:47 8
06:38:47 9
06:39:48 9
06:40:48 15
06:41:48 9
06:42:49 10
06:43:49 16
06:44:49 11
06:45:50 13
06:46:50 11
06:47:50 13
06:48:51 11
06:49:51 9
06:50:51 7
06:51:52 7
06:52:52 9
06:53:52 8
06:54:53 9
06:55:53 10
06:56:53 50
06:57:54 10
06:58:54 11
06:59:54 14
07:00:55 14
07:01:55 9
07:02:55 13
07:03:56 8
07:04:56 9
07:05:56 13
07:06:57 12
07:07:57 21
07:08:57 8
07:09:57 11
07:10:58 9
07:11:58 10
07:12:59 11
07:13:59 8
07:14:59 14
07:16:00 10
07:17:00 43
07:18:00 9
07:19:01 9
07:20:01 22
07:21:01 20
07:22:02 7
07:23:02 8
07:24:03 13
07:25:03 9
07:26:03 12
07:27:03 61
07:28:04 10
07:29:04 10
07:30:04 11
07:31:05 10
07:32:06 9
07:33:06 23
07:34:06 9
07:35:07 8
07:36:07 15
07:37:08 7
07:38:08 13
07:39:09 20
07:40:09 16
07:41:09 9
07:42:10 9
07:43:10 15
07:44:10 12
07:45:10 13
07:46:11 9
07:47:11 15
07:48:12 12
07:49:12 10
07:50:12 9
07:51:12 8
07:52:13 10
07:53:13 9
07:54:13 8
07:55:14 9
07:56:14 32
07:57:14 41
07:58:15 11
07:59:15 8
08:00:15 12
08:01:16 27
08:02:16 9
08:03:16 7
08:04:16 11
08:05:17 11
08:06:17 13
08:07:17 20
08:08:18 11
08:09:18 12
08:10:18 9
08:11:19 9
08:12:19 9
08:13:20 9
08:14:20 27
08:15:20 9
08:16:20 13
08:17:20 42
08:18:21 10
08:19:21 11
08:20:22 38
08:21:22 11
08:22:22 7
08:23:23 8
08:24:23 34
08:25:24 10
08:26:24 40
08:27:24 7
08:28:25 13
08:29:25 9
08:30:25 11
08:31:26 10
08:32:26 8
08:33:26 8
08:34:26 9
08:35:27 6
08:36:27 12
08:37:28 9
08:38:28 11
08:39:28 11
08:40:29 9
08:41:29 69
08:42:29 6
08:43:30 9
08:44:30 11
08:45:30 9
08:46:31 26
08:47:31 7
08:48:31 8
08:49:32 8
08:50:32 9
08:51:32 9
08:52:33 8
08:53:33 9
08:54:33 9
08:55:35 7
08:56:35 25
08:57:35 42
08:58:35 15
08:59:36 8
09:00:36 17
09:01:37 8
09:02:37 16
09:03:37 9
09:04:37 9
09:05:38 8
09:06:38 8
09:07:38 14
09:08:38 13
09:09:39 17
09:10:39 7
09:11:39 14
09:12:40 13
09:13:40 9
09:14:40 6
09:15:40 28
09:16:41 8
09:17:41 11
09:18:41 8
09:19:42 24
09:20:42 11
09:21:42 12
09:22:43 9
09:23:43 15
09:24:43 11
09:25:43 14
09:26:43 9
09:27:44 13
09:28:44 14
09:29:44 15
09:30:44 11
09:31:45 10
09:32:45 9
09:33:46 15
09:34:46 11
09:35:46 9
09:36:46 31
09:37:47 10
09:38:48 6
09:39:48 9
09:40:48 14
09:41:49 37
09:42:49 10
09:43:49 9
09:44:49 12
09:45:49 8
09:46:50 13
09:47:50 10
09:48:51 10
09:49:50 15
09:50:51 8
09:51:51 8
09:52:51 9
09:53:51 13
09:54:52 10
09:55:52 12
09:56:52 15
09:57:53 9
09:58:53 9
09:59:53 7
10:00:53 7
10:01:53 8
10:02:54 9
10:03:54 11
10:04:54 9
10:05:54 10
10:06:54 9
10:07:55 11
10:08:55 13
10:09:55 22
10:10:55 13
10:11:56 9
10:12:56 11
10:13:56 9
10:14:56 10
10:15:57 12
10:16:57 70
10:17:57 9
10:18:58 9
10:19:58 5
10:20:59 14
10:21:59 15
10:23:00 9
10:24:01 9
10:25:02 8
10:26:02 12
10:27:03 8
10:28:03 14
10:29:03 13
10:30:04 10
10:31:04 11
10:32:05 9
10:33:05 8
10:34:05 11
10:35:05 9
10:36:05 9
10:37:05 55
10:38:06 8
10:39:07 11
10:40:07 10
10:41:08 11
10:42:08 9
10:43:09 9
10:44:09 12
10:45:09 11
10:46:09 11
10:47:10 6
10:48:11 8
10:49:10 8
10:50:11 11
10:51:11 9
10:52:12 7
10:53:12 9
10:54:12 7
10:55:13 24
10:56:14 6
10:57:14 55
10:58:17 15
10:59:15 8
11:00:16 11
11:01:16 14
11:02:17 9
11:03:17 9
11:04:17 7
11:05:17 8
11:06:18 10
11:07:18 14
11:08:19 9
11:09:19 15
11:10:19 10
11:11:20 13
11:12:20 11
11:13:21 22
11:14:21 29
11:15:22 11
11:16:22 17
11:17:23 34
11:18:23 7
11:19:23 19
11:20:24 28
11:21:24 8
11:22:24 12
11:23:24 9
11:24:25 11
11:25:25 8
11:26:25 10
11:27:25 11
11:28:26 11
11:29:26 9
11:30:26 9
11:31:26 8
11:32:27 7
11:33:27 9
11:34:28 8
11:35:29 35
11:36:29 9
11:37:29 15
11:38:30 10
11:39:30 11
11:40:30 11
11:41:31 7
11:42:31 10
11:43:31 9
11:44:32 11
11:45:32 12
11:46:33 10
11:47:34 20
11:48:34 8
11:49:35 11
11:50:35 11
11:51:36 12
11:52:36 15
11:53:36 11
11:54:37 22
11:55:37 22
11:56:37 17
11:57:37 16
11:58:38 15
11:59:38 7
12:00:38 7
12:01:39 10
12:02:39 8
12:03:39 12
12:04:40 7
12:05:40 4
12:06:40 16
12:07:40 11
12:08:40 8
12:09:41 8
12:10:41 7
12:11:42 11
12:12:42 12
12:13:42 5
12:14:42 11
12:15:43 17
12:16:43 13
12:17:44 11
12:18:46 8
12:19:45 9
12:20:46 8
12:21:46 9
12:22:46 9
12:23:46 9
12:24:47 8
12:25:47 10
12:26:47 11
12:27:48 8
12:28:48 11
12:29:48 11
12:30:48 12
12:31:49 8
12:32:49 8
12:33:49 12
12:34:49 11
12:35:49 43
12:36:50 9
12:37:50 8
12:38:50 9
12:39:51 9
12:40:51 8
12:41:51 14
12:42:51 13
12:43:52 9
12:44:51 8
12:45:52 13
12:46:52 9
12:47:52 7
12:48:52 8
12:49:53 8
12:50:54 11
12:51:54 8
12:52:54 22
12:53:54 11
12:54:55 10
12:55:55 11
12:56:55 11
12:57:55 8
12:58:56 12
12:59:56 9
13:00:56 17
13:01:57 12
13:02:57 11
13:03:57 11
13:04:57 11
13:05:57 10
13:06:57 13
13:07:58 29
13:08:58 8
13:09:58 13
13:10:58 10
13:11:58 23
13:12:59 9
13:13:59 9
13:14:59 11
13:15:59 8
13:16:59 15
13:18:00 13
13:19:00 8
13:20:00 9
13:21:00 9
13:22:01 10
13:23:01 8
13:24:02 18
13:25:02 10
13:26:02 12
13:27:02 18
13:28:02 13
13:29:03 23
13:30:03 15
13:31:03 16
13:32:04 17
13:33:04 13
13:34:04 11
13:35:05 8
13:36:05 11
13:37:05 62
13:38:05 18
13:39:06 9
13:40:06 13
13:41:06 10
13:42:07 8
13:43:07 8
13:44:08 9
13:45:08 10
13:46:08 8
13:47:09 11
13:48:10 9
13:49:10 10
13:50:10 7
13:51:11 20
13:52:11 11
13:53:11 8
13:54:11 8
13:55:12 7
13:56:12 6
13:57:12 42
13:58:12 5
13:59:12 11
14:00:13 11
14:01:13 10
14:02:13 10
14:03:13 5
14:04:14 8
14:05:14 12
14:06:14 2
14:07:15 1
14:08:15 3
14:09:15 1
14:10:16 2
14:11:16 4
14:12:16 12
14:13:17 1
14:14:17 7
14:15:17 1
14:16:18 6
14:17:18 37
14:18:18 2
14:19:18 21
14:20:19 1
14:21:19 1
14:22:19 4
14:23:19 1
14:24:20 3
14:25:21 1
14:26:21 6
14:27:21 8
14:28:22 7
14:29:22 24
14:30:22 4
14:31:22 1
14:32:23 8
14:33:23 2
14:34:24 3
14:35:24 1
14:36:24 2
14:37:25 31
14:38:25 4
14:39:26 3
14:40:26 1
14:41:27 2
14:42:27 9
14:43:27 2
14:44:28 9
14:45:28 2
14:46:29 7
14:47:29 2
14:48:29 7
14:49:30 5
14:50:30 4
14:51:31 5
14:52:31 2
14:53:31 11
14:54:31 4
14:55:32 6
14:56:32 4
14:57:32 29
14:58:33 1
14:59:33 2
15:00:33 2
15:01:34 3
15:02:33 7
15:03:34 3
15:04:34 5
15:05:34 19
15:06:34 4
15:07:34 4
15:08:35 1
15:09:35 0
15:10:35 2
15:11:35 9
15:12:36 2
15:13:36 5
15:14:36 7
15:15:36 19
15:16:37 4
15:17:37 34
15:18:37 9
15:19:38 5
15:20:38 8
15:21:38 1
15:22:38 5
15:23:38 5
15:24:39 5
15:25:39 5
15:26:39 3
15:27:39 5
15:28:39 5
15:29:40 9
15:30:40 4
15:31:40 1
15:32:41 3
15:33:41 8
15:34:41 2
15:35:41 6
15:36:41 4
15:37:42 10
15:38:42 9
15:39:42 1
15:40:42 1
15:41:43 3
15:42:43 3
15:43:43 1
15:44:43 2
15:45:43 9
15:46:44 11
15:47:44 6
15:48:44 3
15:49:45 17
15:50:45 2
15:51:46 1
15:52:46 0
15:53:46 4
15:54:46 2
15:55:46 0
15:56:46 0
15:57:47 3
15:58:47 6
15:59:47 0
16:00:47 1
16:01:48 3
16:02:48 6
16:03:48 4
16:04:48 11
16:05:48 1
16:06:49 6
16:07:49 1
16:08:49 6
16:09:49 1
16:10:49 6
16:11:50 3
16:12:50 4
16:13:51 6
16:14:51 13
16:15:51 8
16:16:51 2
16:17:51 7
16:18:51 4
16:19:51 3
16:20:52 18
16:21:52 2
16:22:52 6
16:23:52 2
16:24:53 2
16:25:53 11
16:26:53 8
16:27:54 1
16:28:54 1
16:29:54 5
16:30:54 17
16:31:54 45
16:32:55 1
16:33:55 1
16:34:56 2
16:35:56 6
16:36:56 1
16:37:57 21
16:38:57 6
16:39:57 5
16:40:57 7
16:41:57 12
16:42:57 4
16:43:58 4
16:44:58 4
16:45:58 2
16:46:58 4
16:47:59 2
16:48:59 1
16:49:59 9
16:50:59 7
16:51:59 4
16:53:00 1
16:54:00 1
16:55:00 2
16:56:01 11
16:57:01 4
16:58:01 8
16:59:02 3
17:00:02 2
17:01:02 6
17:02:02 5
17:03:03 4
17:04:03 9
17:05:03 4
17:06:03 2
17:07:04 2
17:08:04 0
17:09:04 2
17:10:04 1
17:11:05 32
17:12:05 2
17:13:05 11
17:14:05 3
17:15:06 8
17:16:06 1
17:17:06 2
17:18:06 3
17:19:06 1
17:20:07 1
17:21:07 8
17:22:07 3
17:23:08 7
17:24:09 2
17:25:09 4
17:26:10 3
17:27:10 3
17:28:10 4
17:29:10 9
17:30:11 4
17:31:11 33
17:32:11 2
17:33:12 4
17:34:12 7
17:35:12 24
17:36:12 7
17:37:13 56
17:38:13 1
17:39:14 0
17:40:14 4
17:41:14 2
17:42:14 6
17:43:15 15
17:44:15 29
17:45:16 4
17:46:16 3
17:47:16 2
17:48:17 6
17:49:17 11
17:50:17 1
17:51:17 8
17:52:18 8
17:53:18 9
17:54:18 12
17:55:18 3
17:56:19 5
17:57:19 27
17:58:19 2
17:59:20 11
18:00:20 5
18:01:20 4
18:02:20 6
18:03:20 1
18:04:21 1
18:05:21 2
18:06:21 13
18:07:21 4
18:08:22 2
18:09:22 4
18:10:22 5
18:11:22 1
18:12:23 11
18:13:23 1
18:14:24 5
18:15:24 2
18:16:24 2
18:17:24 2
18:18:24 1
18:19:25 4
18:20:25 3
18:21:25 6
18:22:25 7
18:23:26 1
18:24:26 2
18:25:26 1
18:26:26 1
18:27:27 1
18:28:27 3
18:29:28 9
18:30:28 2
18:31:28 1
18:32:29 6
18:33:30 20
18:34:30 6
18:35:30 3
18:36:30 1
18:37:31 29
18:38:31 0
18:39:31 5
18:40:32 1
18:41:32 2
18:42:32 2
18:43:32 2
18:44:32 1
18:45:33 1
18:46:33 2
18:47:33 2
18:48:33 1
18:49:34 0
18:50:34 4
18:51:34 2
18:52:34 3
18:53:35 0
18:54:36 1
18:55:36 4
18:56:36 1
18:57:36 29
18:58:37 2
18:59:37 13
19:00:37 2
19:01:37 1
19:02:37 1
19:03:38 1
19:04:38 1
19:05:38 1
19:06:38 1
19:07:39 11
19:08:39 7
19:09:39 4
19:10:39 3
19:11:39 1
19:12:40 4
19:13:40 1
19:14:41 9
19:15:40 2
19:16:41 1
19:17:41 3
19:18:41 5
19:19:41 7
19:20:41 0
19:21:42 0
19:22:42 0
19:23:42 0
19:24:42 2
19:25:43 2
19:26:43 6
19:27:43 0
19:28:43 3
19:29:43 1
19:30:43 5
19:31:44 2
19:32:44 0
19:33:45 2
19:34:45 2
19:35:45 9
19:36:45 2
19:37:46 27
19:38:46 6
19:39:46 1
19:40:46 6
19:41:46 1
19:42:47 0
19:43:47 2
19:44:47 4
19:45:47 9
19:46:47 3
19:47:48 4
19:48:48 1
19:49:48 5
19:50:48 4
19:51:49 4
19:52:49 3
19:53:49 7
19:54:49 1
19:55:49 1
19:56:49 4
19:57:50 24
19:58:50 3
19:59:51 0
20:00:50 0
20:01:51 1
20:02:51 0
20:03:51 6
20:04:51 2
20:05:51 2
20:06:52 2
20:07:52 0
20:08:52 18
20:09:53 2
20:10:52 1
20:11:53 35
20:12:53 8
20:13:53 1
20:14:54 3
20:15:54 0
20:16:54 1
20:17:54 9
20:18:55 3
20:19:55 0
20:20:55 6
20:21:55 3
20:22:55 4
20:23:55 6
20:24:56 2
20:25:56 4
20:26:56 0
20:27:57 3
20:28:57 2
20:29:57 9
20:30:57 7
20:31:57 9
20:32:58 4
20:33:58 1
20:34:58 1
20:35:58 0
20:36:58 7
20:37:59 9
20:38:59 2
20:39:59 2
20:40:59 2
20:41:59 1
20:42:59 1
20:44:00 1
20:45:00 7
20:46:00 1
20:47:02 0
20:48:02 1
20:49:02 2
20:50:02 2
20:51:02 1
20:52:03 4
20:53:03 3
20:54:03 1
20:55:03 1
20:56:03 3
20:57:03 2
20:58:04 3
20:59:04 1
21:00:04 2
21:01:05 4
21:02:05 2
21:03:05 1
21:04:05 1
21:05:05 2
21:06:05 4
21:07:06 3
21:08:06 6
21:09:06 3
21:10:06 4
21:11:06 2
21:12:07 4
21:13:07 0
21:14:07 3
21:15:07 1
21:16:07 5
21:17:08 1
21:18:08 2
21:19:08 0
21:20:09 1
21:21:09 13
21:22:09 2
21:23:09 2
21:24:09 2
21:25:10 19
21:26:10 5
21:27:10 6
21:28:10 2
21:29:11 4
21:30:11 2
21:31:11 4
21:32:11 1
21:33:12 2
21:34:12 1
21:35:12 4
21:36:12 1
21:37:12 5
21:38:13 2
21:39:13 5
21:40:13 2
21:41:13 2
21:42:14 8
21:43:14 5
21:44:14 8
21:45:14 3
21:46:14 8
21:47:15 2
21:48:15 4
21:49:15 2
21:50:15 5
21:51:16 4
21:52:16 2
21:53:16 1
21:54:16 1
21:55:16 13
21:56:17 1
21:57:17 51
21:58:17 5
21:59:17 3
22:00:18 1
22:01:18 2
22:02:19 1
22:03:18 0
22:04:19 5
22:05:19 1
22:06:19 6
22:07:20 2
22:08:20 4
22:09:20 1
22:10:21 2
22:11:20 2
22:12:21 1
22:13:21 2
22:14:21 1
22:15:22 7
22:16:22 3
22:17:22 61
22:18:22 8
22:19:22 7
22:20:23 2
22:21:23 2
22:22:23 0
22:23:23 2
22:24:24 1
22:25:24 1
22:26:24 1
22:27:24 4
22:28:25 1
22:29:25 1
22:30:25 1
22:31:25 2
22:32:26 3
22:33:26 1
22:34:26 4
22:35:26 2
22:36:27 31
22:37:27 26
22:38:27 30
22:39:28 4
22:40:28 0
22:41:28 2
22:42:29 2
22:43:29 2
22:44:29 2
22:45:29 23
22:46:29 2
22:47:30 3
22:48:30 2
22:49:30 1
22:50:30 8
22:51:31 23
22:52:31 0
22:53:31 3
22:54:31 3
22:55:32 7
22:56:32 2
22:57:32 3
22:58:32 8
22:59:33 2
23:00:33 4
23:01:33 2
23:02:34 2
23:03:34 2
23:04:34 1
23:05:35 2
23:06:35 8
23:07:35 1
23:08:35 5
23:09:35 0
23:10:36 0
23:11:36 1
23:12:36 2
23:13:36 2
23:14:37 21
23:15:37 14
23:16:37 28
23:17:37 27
23:18:38 7
23:19:38 3
23:20:38 2
23:21:39 5
23:22:39 13
23:23:39 2
23:24:40 2
23:25:39 4
23:26:40 1
23:27:40 1
23:28:40 5
23:29:41 2
23:30:41 7
23:31:41 20
23:32:41 8
23:33:42 16
23:34:42 8
23:35:42 0
23:36:43 3
23:37:43 65
23:38:43 1
23:39:44 6
23:40:44 2
23:41:44 1
23:42:44 4
23:43:45 2
23:44:45 2
23:45:45 3
23:46:46 2
23:47:46 1
23:48:47 0
23:49:48 1
23:50:48 2
23:51:49 7
23:52:49 15
23:53:50 5
23:54:50 6
23:55:51 5
23:56:51 5
23:57:52 30
23:58:52 2
23:59:52 3
