00:02:55 7
00:03:24 9
00:04:10 39
00:05:13 8
00:06:12 7
00:07:18 3
00:08:19 5
02:00:08 4
02:01:08 4
02:02:08 8
02:03:08 6
02:04:09 1
02:05:09 2
02:06:10 2
02:07:10 2
02:08:11 3
02:09:11 1
02:10:11 1
02:11:12 3
02:12:12 5
02:13:13 7
02:14:13 2
02:15:14 1
02:16:14 2
02:17:14 0
02:18:15 11
02:19:16 1
02:20:16 1
02:21:16 1
02:22:17 0
02:23:17 1
02:24:17 32
02:25:18 13
02:26:18 0
02:27:19 7
02:28:19 1
02:29:20 3
02:30:20 5
02:31:20 0
02:32:21 2
02:33:21 0
02:34:22 1
02:35:22 1
02:36:23 2
02:37:23 1
02:38:23 2
02:39:24 3
02:40:24 50
02:41:24 48
02:42:25 8
02:43:25 0
02:44:26 5
02:45:26 1
02:46:26 0
02:47:27 2
02:48:27 4
02:49:28 3
02:50:28 3
02:51:28 1
02:52:29 2
02:53:29 4
02:54:30 1
02:55:30 2
02:56:30 2
02:57:31 27
02:58:31 1
02:59:32 2
03:00:32 0
03:01:32 4
03:02:33 0
03:03:33 2
03:04:33 0
03:05:34 0
03:06:35 7
03:07:35 2
03:08:35 2
03:09:36 2
03:10:36 2
03:11:36 1
03:12:37 3
03:13:37 6
03:14:38 0
03:15:38 2
03:16:38 1
03:17:39 2
03:18:39 1
03:19:39 1
03:20:40 0
03:21:40 3
03:22:40 1
03:23:41 2
03:24:41 9
03:25:41 7
03:26:42 9
03:27:42 6
03:28:42 6
03:29:43 2
03:30:43 1
03:31:43 5
03:32:44 9
03:33:44 16
03:34:44 4
03:35:45 15
03:36:45 1
03:37:45 2
03:38:46 0
03:39:46 3
03:40:46 4
03:41:47 2
03:42:47 2
03:43:47 8
03:44:48 5
03:45:48 11
03:46:49 11
03:47:49 2
03:48:49 0
03:49:50 1
03:50:50 0
03:51:50 11
03:52:51 1
03:53:51 5
03:54:51 2
03:55:52 1
03:56:52 13
03:57:52 22
03:58:53 10
03:59:53 0
04:00:53 0
04:01:54 2
04:02:54 7
04:03:54 26
04:04:55 26
04:05:55 27
04:06:55 23
04:07:56 2
04:08:56 2
04:09:56 9
04:10:57 1
04:11:57 4
04:12:57 6
04:13:58 9
04:14:58 0
04:15:58 6
04:16:59 2
04:17:59 6
04:18:59 6
04:20:00 27
04:21:00 8
04:22:00 45
04:23:01 2
04:24:01 2
04:25:01 8
04:26:02 15
04:27:02 10
04:28:02 4
04:29:03 14
04:30:03 8
04:31:03 4
04:32:04 8
04:33:04 9
04:34:05 26
04:35:05 32
04:36:05 17
04:37:05 19
04:38:06 4
04:39:06 1
04:40:07 4
04:41:07 1
04:42:07 1
04:43:08 14
04:44:08 1
04:45:09 6
04:46:09 0
04:47:09 1
04:48:10 3
04:49:10 0
04:50:10 7
04:51:10 2
04:52:11 2
04:53:11 2
04:54:11 0
04:55:12 11
04:56:12 2
04:57:13 6
04:58:13 8
04:59:13 0
05:00:14 7
05:01:14 0
05:02:14 5
05:03:15 23
05:04:15 1
05:05:15 3
05:06:16 2
05:07:17 11
05:08:16 1
05:09:17 5
05:10:17 1
05:11:17 24
05:12:18 17
05:13:18 1
05:14:18 2
05:15:19 4
05:16:19 2
05:17:20 4
05:18:20 7
05:19:20 8
05:20:21 1
05:21:21 1
05:22:21 1
05:23:22 1
05:24:22 25
05:25:22 1
05:26:23 11
05:27:23 1
05:28:24 2
05:29:24 0
05:30:24 7
05:31:24 4
05:32:25 1
05:33:25 5
05:34:25 11
05:35:26 5
05:36:26 6
05:37:26 1
05:38:27 4
05:39:27 7
05:40:27 13
05:41:28 6
05:42:28 6
05:43:29 6
05:44:29 6
05:45:29 6
05:46:30 11
05:47:30 3
05:48:30 1
05:49:30 2
05:50:31 1
05:51:31 2
05:52:31 1
05:53:32 0
05:54:32 2
05:55:33 11
05:56:33 11
05:57:33 5
05:58:34 11
05:59:34 5
06:00:34 9
06:01:35 8
06:02:35 1
06:03:36 6
06:04:36 8
06:05:37 7
06:06:37 3
06:07:37 4
06:08:38 7
06:09:38 2
06:10:38 24
06:11:39 1
06:12:39 9
06:13:40 4
06:14:40 3
06:15:40 10
06:16:41 2
06:17:41 2
06:18:41 1
06:19:42 0
06:20:42 3
06:21:42 1
06:22:43 1
06:23:43 4
06:24:43 4
06:25:44 0
06:26:44 0
06:27:44 4
06:28:45 2
06:29:45 31
06:30:45 29
06:31:46 27
06:32:46 26
06:33:46 27
06:34:47 26
06:35:47 31
06:36:47 35
06:37:48 7
06:38:48 3
06:39:48 3
06:40:49 1
06:41:49 1
06:42:50 1
06:43:50 4
06:44:50 6
06:45:51 3
06:46:51 1
06:47:51 2
06:48:52 0
06:49:52 2
06:50:52 1
06:51:53 0
06:52:53 4
06:53:53 2
06:54:54 1
06:55:54 1
06:56:54 6
06:57:54 2
06:58:55 2
06:59:55 1
07:00:56 1
07:01:56 0
07:02:56 1
07:03:57 8
07:04:57 6
07:05:57 9
07:06:57 2
07:07:58 2
07:08:58 2
07:09:58 3
07:10:59 5
07:11:59 1
07:13:00 3
07:14:00 5
07:15:00 15
07:16:01 3
07:17:01 0
07:18:01 1
07:19:02 2
07:20:02 4
07:21:02 2
07:22:03 9
07:23:03 2
07:24:03 2
07:25:04 5
07:26:04 2
07:27:04 1
07:28:05 1
07:29:05 5
07:30:05 15
07:31:06 5
07:32:06 2
07:33:06 1
07:34:07 4
07:35:08 2
07:36:08 10
07:37:09 1
07:38:09 1
07:39:09 9
07:40:10 6
07:41:10 2
07:42:10 1
07:43:11 2
07:44:11 9
07:45:12 7
07:46:12 4
07:47:12 0
07:48:12 4
07:49:13 6
07:50:13 2
07:51:13 1
07:52:14 0
07:53:14 6
07:54:14 5
07:55:14 6
07:56:15 0
07:57:15 1
07:58:16 0
07:59:16 7
08:00:16 1
08:01:16 6
08:02:17 2
08:03:17 4
08:04:18 2
08:05:18 3
08:06:18 9
08:07:18 2
08:08:19 6
08:09:19 8
08:10:19 1
08:11:19 2
08:12:20 4
08:13:20 8
08:14:20 0
08:15:21 1
08:16:21 0
08:17:21 1
08:18:22 3
08:19:22 4
08:20:22 1
08:21:23 2
08:22:23 0
08:23:24 1
08:24:24 26
08:25:25 0
08:26:25 2
08:27:25 1
08:28:26 6
08:29:26 2
08:30:26 1
08:31:27 2
08:32:27 5
08:33:27 9
08:34:27 5
08:35:28 1
08:36:28 0
08:37:28 4
08:38:29 1
08:39:29 25
08:40:29 58
08:41:30 33
08:42:30 1
08:43:31 2
08:44:31 2
08:45:31 5
08:46:32 3
08:47:32 1
08:48:32 8
08:49:33 2
08:50:33 5
08:51:33 0
08:52:34 4
08:53:34 1
08:54:34 7
08:55:35 0
08:56:36 3
08:57:36 4
08:58:37 4
08:59:37 1
09:00:37 1
09:01:38 5
09:02:38 1
09:03:38 3
09:04:39 1
09:05:39 5
09:06:39 8
09:07:39 9
09:08:39 4
09:09:40 0
09:10:40 2
09:11:40 5
09:12:40 0
09:13:41 1
09:14:41 0
09:15:41 5
09:16:41 6
09:17:42 8
09:18:42 3
09:19:43 4
09:20:43 14
09:21:43 4
09:22:43 2
09:23:44 1
09:24:44 1
09:25:44 1
09:26:44 7
09:27:45 4
09:28:45 6
09:29:45 1
09:30:45 1
09:31:46 5
09:32:46 1
09:33:47 1
09:34:47 11
09:35:47 0
09:36:47 1
09:37:48 1
09:38:49 7
09:39:49 1
09:40:49 2
09:41:50 1
09:42:50 7
09:43:50 1
09:44:50 9
09:45:51 6
09:46:51 2
09:47:51 0
09:48:51 1
09:49:52 4
09:50:52 5
09:51:52 1
09:52:52 4
09:53:52 3
09:54:53 0
09:55:53 1
09:56:53 0
09:57:53 0
09:58:53 1
09:59:54 2
10:00:54 1
10:01:54 7
10:02:55 1
10:03:55 9
10:04:55 1
10:05:55 3
10:06:55 7
10:07:56 2
10:08:56 3
10:09:56 4
10:10:57 5
10:11:57 0
10:12:57 1
10:13:57 2
10:14:57 2
10:15:58 2
10:16:58 1
10:17:58 9
10:18:59 2
10:19:59 3
10:21:00 5
10:22:00 1
10:23:01 0
10:24:02 3
10:25:02 6
10:26:03 2
10:27:04 5
10:28:04 5
10:29:04 1
10:30:05 2
10:31:05 3
10:32:05 6
10:33:05 2
10:34:06 4
10:35:06 5
10:36:06 1
10:37:06 2
10:38:07 0
10:39:08 4
10:40:08 2
10:41:09 1
10:42:09 1
10:43:10 4
10:44:10 1
10:45:10 8
10:46:10 1
10:47:11 13
10:48:11 5
10:49:11 1
10:50:12 16
10:51:12 2
10:52:13 6
10:53:13 2
10:54:13 7
10:55:14 1
10:56:15 1
10:57:15 4
10:58:18 4
10:59:16 28
11:00:17 26
11:01:17 28
11:02:17 4
11:03:18 9
11:04:18 2
11:05:19 11
11:06:19 3
11:07:19 8
11:08:20 2
11:09:20 11
11:10:20 1
11:11:21 2
11:12:21 0
11:13:21 3
11:14:22 4
11:15:23 8
11:16:23 2
11:17:23 1
11:18:24 1
11:19:24 18
11:20:25 2
11:21:25 4
11:22:25 0
11:23:25 4
11:24:26 2
11:25:26 1
11:26:26 27
11:27:26 27
11:28:27 18
11:29:27 54
11:30:27 29
11:31:27 13
11:32:28 7
11:33:28 0
11:34:29 1
11:35:30 5
11:36:30 2
11:37:30 2
11:38:31 2
11:39:31 12
11:40:31 2
11:41:32 2
11:42:32 0
11:43:32 7
11:44:33 26
11:45:33 4
11:46:34 10
11:47:35 5
11:48:35 0
11:49:36 0
11:50:36 2
11:51:37 2
11:52:37 1
11:53:37 3
11:54:37 7
11:55:38 2
11:56:38 1
11:57:38 1
11:58:39 0
11:59:39 1
12:00:39 4
12:01:39 2
12:02:40 1
12:03:40 4
12:04:40 3
12:05:41 4
12:06:41 3
12:07:41 6
12:08:41 4
12:09:42 1
12:10:42 2
12:11:43 2
12:12:43 5
12:13:43 2
12:14:43 4
12:15:44 8
12:16:44 8
12:17:45 4
12:18:46 2
12:19:46 2
12:20:46 0
12:21:47 7
12:22:47 2
12:23:47 2
12:24:47 26
12:25:48 6
12:26:48 1
12:27:48 0
12:28:49 1
12:29:49 3
12:30:49 6
12:31:50 26
12:32:50 2
12:33:50 4
12:34:50 3
12:35:50 4
12:36:51 3
12:37:51 2
12:38:51 0
12:39:52 1
12:40:52 5
12:41:52 1
12:42:52 0
12:43:52 8
12:44:52 0
12:45:53 8
12:46:53 2
12:47:53 0
12:48:53 0
12:49:54 5
12:50:55 5
12:51:55 1
12:52:55 7
12:53:55 4
12:54:55 2
12:55:56 8
12:56:56 2
12:57:56 1
12:58:57 2
12:59:57 1
13:00:57 2
13:01:57 4
13:02:58 2
13:03:58 1
13:04:58 12
13:05:58 5
13:06:58 2
13:07:59 1
13:08:59 1
13:09:59 12
13:10:59 6
13:11:59 9
13:13:00 2
13:14:00 1
13:15:00 2
13:16:00 2
13:17:01 2
13:18:01 0
13:19:01 2
13:20:01 11
13:21:01 2
13:22:02 2
13:23:02 6
13:24:02 1
13:25:03 2
13:26:03 4
13:27:03 2
13:28:03 1
13:29:04 4
13:30:04 0
13:31:04 0
13:32:04 1
13:33:05 4
13:34:05 7
13:35:06 2
13:36:06 2
13:37:06 3
13:38:06 4
13:39:07 4
13:40:07 6
13:41:07 2
13:42:08 1
13:43:08 1
13:44:09 6
13:45:09 8
13:46:09 1
13:47:10 2
13:48:11 2
13:49:11 6
13:50:11 1
13:51:12 4
13:52:12 26
13:53:12 26
13:54:12 1
13:55:12 1
13:56:13 6
13:57:13 11
13:58:13 1
13:59:14 3
14:00:14 2
14:01:14 11
14:02:14 2
14:03:14 1
14:04:14 3
14:05:15 7
14:06:15 2
14:07:16 0
14:08:16 2
14:09:16 4
14:10:17 4
14:11:17 0
14:12:17 0
14:13:17 2
14:14:18 4
14:15:18 2
14:16:18 8
14:17:19 2
14:18:19 12
14:19:19 1
14:20:20 1
14:21:20 0
14:22:20 5
14:23:20 2
14:24:21 1
14:25:21 2
14:26:22 2
14:27:22 2
14:28:23 9
14:29:23 1
14:30:23 2
14:31:23 1
14:32:24 2
14:33:24 11
14:34:24 0
14:35:25 3
14:36:25 1
14:37:26 2
14:38:26 3
14:39:27 1
14:40:27 0
14:41:28 1
14:42:28 1
14:43:28 1
14:44:29 33
14:45:29 27
14:46:30 3
14:47:30 6
14:48:30 2
14:49:31 8
14:50:31 1
14:51:32 1
14:52:33 1
14:53:33 2
14:54:33 1
14:55:34 2
14:56:34 11
14:57:34 1
14:58:35 2
14:59:35 3
15:00:35 3
15:01:35 2
15:02:35 4
15:03:36 7
15:04:36 29
15:05:36 4
15:06:36 6
15:07:36 13
15:08:37 3
15:09:37 0
15:10:37 4
15:11:38 12
15:12:38 2
15:13:38 3
15:14:38 0
15:15:38 0
15:16:39 7
15:17:39 5
15:18:39 3
15:19:39 5
15:20:40 3
15:21:40 1
15:22:40 0
15:23:40 0
15:24:40 34
15:25:41 3
15:26:41 1
15:27:41 1
15:28:41 8
15:29:41 2
15:30:42 4
15:31:42 1
15:32:43 0
15:33:43 0
15:34:43 1
15:35:43 0
15:36:43 1
15:37:44 0
15:38:44 1
15:39:44 0
15:40:44 1
15:41:44 1
15:42:45 0
15:43:45 1
15:44:45 2
15:45:45 1
15:46:46 3
15:47:46 11
15:48:46 2
15:49:46 2
15:50:47 3
15:51:47 1
15:52:48 6
15:53:48 0
15:54:48 6
15:55:48 1
15:56:49 2
15:57:49 3
15:58:49 1
15:59:49 5
16:00:49 1
16:01:49 2
16:02:50 4
16:03:50 1
16:04:50 31
16:05:50 4
16:06:51 1
16:07:51 7
16:08:51 15
16:09:51 1
16:10:51 6
16:11:52 8
16:12:52 4
16:13:52 1
16:14:52 10
16:15:53 7
16:16:53 4
16:17:53 2
16:18:53 6
16:19:54 2
16:20:54 4
16:21:54 4
16:22:54 2
16:23:54 6
16:24:55 1
16:25:55 2
16:26:55 2
16:27:55 2
16:28:55 6
16:29:56 10
16:30:56 2
16:31:56 5
16:32:57 13
16:33:57 12
16:34:58 6
16:35:58 9
16:36:58 5
16:37:58 6
16:38:59 1
16:39:59 14
16:40:59 0
16:41:59 4
16:43:00 0
16:44:00 2
16:45:00 22
16:46:00 1
16:47:00 2
16:48:00 5
16:49:01 1
16:50:01 8
16:51:01 3
16:52:01 24
16:53:02 2
16:54:03 2
16:55:03 1
16:56:03 4
16:57:04 5
16:58:04 2
16:59:04 0
17:00:05 4
17:01:05 3
17:02:05 9
17:03:06 3
17:04:07 2
17:05:07 0
17:06:08 7
17:07:08 0
17:08:08 6
17:09:08 0
17:10:08 2
17:11:09 3
17:12:09 0
17:13:09 2
17:14:09 3
17:15:09 3
17:16:10 4
17:17:10 7
17:18:10 2
17:19:10 1
17:20:11 0
17:21:11 1
17:22:11 2
17:23:13 8
17:24:13 2
17:25:13 1
17:26:13 3
17:27:14 7
17:28:14 6
17:29:14 1
17:30:15 0
17:31:15 4
17:32:15 11
17:33:16 8
17:34:16 8
17:35:16 1
17:36:16 2
17:37:17 1
17:38:17 8
17:39:18 2
17:40:18 3
17:41:18 5
17:42:18 3
17:43:19 5
17:44:20 2
17:45:20 1
17:46:20 3
17:47:20 2
17:48:21 6
17:49:21 2
17:50:21 1
17:51:21 7
17:52:22 1
17:53:22 1
17:54:22 2
17:55:22 1
17:56:23 3
17:57:23 5
17:58:23 1
17:59:24 1
18:00:24 0
18:01:24 0
18:02:24 1
18:03:24 7
18:04:25 1
18:05:25 4
18:06:25 2
18:07:25 2
18:08:26 2
18:09:26 21
18:10:26 3
18:11:26 4
18:12:27 1
18:13:27 4
18:14:27 1
18:15:28 6
18:16:28 5
18:17:28 0
18:18:28 6
18:19:29 1
18:20:29 6
18:21:29 2
18:22:30 10
18:23:31 1
18:24:31 2
18:25:31 0
18:26:32 0
18:27:32 1
18:28:32 5
18:29:33 1
18:30:33 5
18:31:33 8
18:32:34 4
18:33:35 1
18:34:36 0
18:35:36 6
18:36:36 1
18:37:37 2
18:38:37 2
18:39:37 2
18:40:38 4
18:41:38 1
18:42:38 5
18:43:38 6
18:44:38 3
18:45:39 1
18:46:39 2
18:47:39 0
18:48:39 1
18:49:40 6
18:50:40 0
18:51:40 4
18:52:40 4
18:53:41 6
18:54:42 3
18:55:42 3
18:56:42 12
18:57:42 1
18:58:43 2
18:59:43 2
19:00:43 3
19:01:43 8
19:02:44 2
19:03:44 0
19:04:44 28
19:05:44 1
19:06:45 2
19:07:45 2
19:08:45 3
19:09:45 6
19:10:45 2
19:11:45 1
19:12:46 3
19:13:46 4
19:14:46 0
19:15:47 8
19:16:47 0
19:17:47 3
19:18:47 3
19:19:47 6
19:20:48 0
19:21:48 3
19:22:48 3
19:23:48 4
19:24:49 29
19:25:49 2
19:26:49 6
19:27:49 7
19:28:49 1
19:29:49 12
19:30:50 2
19:31:50 1
19:32:50 3
19:33:51 1
19:34:51 4
19:35:51 6
19:36:51 1
19:37:52 0
19:38:52 1
19:39:52 4
19:40:52 5
19:41:53 3
19:42:53 1
19:43:53 7
19:44:53 1
19:45:53 4
19:46:54 1
19:47:54 10
19:48:54 11
19:49:54 24
19:50:54 0
19:51:55 29
19:52:55 16
19:53:55 4
19:54:55 3
19:55:55 0
19:56:56 0
19:57:56 3
19:58:56 9
19:59:56 1
20:00:57 1
20:01:57 1
20:02:57 1
20:03:57 2
20:04:57 3
20:05:58 6
20:06:58 7
20:07:58 6
20:08:58 1
20:09:58 2
20:10:59 2
20:11:59 1
20:12:59 6
20:13:59 4
20:14:59 2
20:16:00 2
20:17:00 3
20:18:00 2
20:19:00 2
20:20:01 2
20:21:01 4
20:22:01 2
20:23:01 1
20:24:02 2
20:25:02 1
20:26:02 2
20:27:03 3
20:28:03 1
20:29:03 6
20:30:03 7
20:31:03 2
20:32:03 1
20:33:04 8
20:34:04 4
20:35:04 4
20:36:04 1
20:37:04 4
20:38:05 10
20:39:05 2
20:40:05 3
20:41:05 2
20:42:06 12
20:43:06 4
20:44:06 2
20:45:06 2
20:46:06 0
20:47:07 1
20:48:07 0
20:49:07 1
20:50:07 3
20:51:07 0
20:52:08 2
20:53:08 13
20:54:08 2
20:55:08 8
20:56:08 2
20:57:09 1
20:58:09 43
20:59:09 1
21:00:09 2
21:01:09 4
21:02:10 1
21:03:10 1
21:04:10 2
21:05:10 1
21:06:11 0
21:07:11 1
21:08:11 7
21:09:11 4
21:10:11 2
21:11:11 2
21:12:12 1
21:13:12 1
21:14:12 7
21:15:12 6
21:16:12 2
21:17:13 5
21:18:13 7
21:19:13 1
21:20:14 3
21:21:14 2
21:22:14 8
21:23:14 2
21:24:15 6
21:25:15 1
21:26:15 0
21:27:15 1
21:28:15 1
21:29:16 5
21:30:16 10
21:31:16 2
21:32:16 13
21:33:17 0
21:34:17 1
21:35:17 2
21:36:17 6
21:37:17 2
21:38:18 2
21:39:18 9
21:40:18 1
21:41:18 2
21:42:18 1
21:43:19 0
21:44:19 1
21:45:19 0
21:46:20 8
21:47:20 0
21:48:20 0
21:49:20 3
21:50:20 2
21:51:21 0
21:52:21 2
21:53:21 3
21:54:21 2
21:55:22 1
21:56:22 1
21:57:22 2
21:58:22 3
21:59:23 5
22:00:23 2
22:01:23 10
22:02:24 8
22:03:24 2
22:04:24 7
22:05:24 13
22:06:25 14
22:07:25 2
22:08:25 3
22:09:25 5
22:10:25 8
22:11:26 2
22:12:26 2
22:13:26 6
22:14:26 6
22:15:27 1
22:16:27 2
22:17:27 6
22:18:28 40
22:19:28 5
22:20:28 32
22:21:28 2
22:22:28 6
22:23:29 0
22:24:29 1
22:25:29 9
22:26:29 0
22:27:29 3
22:28:30 1
22:29:30 4
22:30:30 2
22:31:30 1
22:32:31 2
22:33:31 2
22:34:31 9
22:35:31 5
22:36:32 2
22:37:32 2
22:38:32 6
22:39:33 7
22:40:33 11
22:41:33 10
22:42:34 5
22:43:34 9
22:44:34 2
22:45:34 4
22:46:35 0
22:47:35 9
22:48:35 3
22:49:36 1
22:50:36 13
22:51:36 6
22:52:36 2
22:53:36 8
22:54:37 21
22:55:37 0
22:56:37 0
22:57:37 7
22:58:38 8
22:59:38 13
23:00:38 5
23:01:38 6
23:02:39 19
23:03:39 1
23:04:39 3
23:05:39 10
23:06:40 9
23:07:40 2
23:08:40 2
23:09:41 9
23:10:41 8
23:11:41 6
23:12:41 5
23:13:41 4
23:14:42 4
23:15:42 9
23:16:42 2
23:17:43 7
23:18:43 3
23:19:43 7
23:20:43 4
23:21:44 3
23:22:44 2
23:23:44 6
23:24:44 23
23:25:45 2
23:26:45 2
23:27:45 3
23:28:45 6
23:29:46 2
23:30:46 1
23:31:46 5
23:32:46 15
23:33:47 2
23:34:47 1
23:35:47 7
23:36:48 2
23:37:48 5
23:38:48 7
23:39:48 3
23:40:49 14
23:41:49 7
23:42:49 20
23:43:50 8
23:44:50 1
23:45:50 2
23:46:51 6
23:47:52 2
23:48:52 3
23:49:53 9
23:50:54 3
23:51:54 6
23:52:55 2
23:53:56 2
23:54:56 2
23:55:57 5
23:56:58 2
23:57:59 9
23:58:59 3
23:59:59 35
