00:00:13 4 0 34
00:00:39 4 0 36
00:01:20 4 0 33
00:02:07 4 0 34
00:02:33 4 0 33
00:02:52 4 0 34
00:03:24 4 0 34
00:03:41 4 0 33
00:04:18 4 0 34
00:04:48 4 0 33
00:05:18 4 0 34
00:05:57 4 0 34
00:06:20 4 0 33
00:06:50 4 0 33
00:07:28 4 0 47
00:07:52 4 0 34
00:08:22 4 0 33
02:00:05 4 0 34
02:00:35 4 0 33
02:01:05 4 0 33
02:01:35 4 0 33
02:02:05 4 0 33
02:02:35 4 0 33
02:03:05 4 0 33
02:03:36 4 0 33
02:04:06 4 0 34
02:04:36 4 0 33
02:05:07 4 0 34
02:05:37 4 0 43
02:06:07 4 0 33
02:06:37 4 0 33
02:07:07 4 0 33
02:07:38 4 0 33
02:08:08 4 0 33
02:08:38 4 0 33
02:09:08 4 0 33
02:09:38 4 0 33
02:10:09 4 0 33
02:10:39 4 0 33
02:11:09 4 0 33
02:11:39 4 0 33
02:12:09 4 0 33
02:12:40 4 0 33
02:13:10 4 0 33
02:13:40 4 0 35
02:14:10 4 0 34
02:14:40 4 0 33
02:15:11 4 0 33
02:15:41 4 0 33
02:16:11 4 0 33
02:16:41 4 0 33
02:17:11 4 0 33
02:17:42 4 0 33
02:18:12 4 0 34
02:18:42 4 0 33
02:19:13 4 0 34
02:19:43 4 0 33
02:20:13 4 0 33
02:20:43 4 0 33
02:21:13 4 0 33
02:21:44 4 0 33
02:22:14 4 0 33
02:22:44 4 0 33
02:23:14 4 0 33
02:23:44 4 0 33
02:24:15 4 0 33
02:24:45 4 0 33
02:25:15 4 0 33
02:25:45 4 0 33
02:26:15 4 0 33
02:26:46 4 0 33
02:27:16 4 0 33
02:27:46 4 0 33
02:28:16 4 0 33
02:28:47 4 0 33
02:29:17 4 0 33
02:29:47 4 0 33
02:30:17 4 0 33
02:30:47 4 0 33
02:31:17 4 0 34
02:31:48 4 0 33
02:32:18 4 0 33
02:32:48 4 0 32
02:33:18 4 0 33
02:33:49 4 0 33
02:34:19 4 0 33
02:34:49 4 0 33
02:35:19 4 0 33
02:35:49 4 0 35
02:36:20 4 0 34
02:36:50 4 0 33
02:37:20 4 0 33
02:37:50 4 0 33
02:38:20 4 0 34
02:38:51 4 0 33
02:39:21 4 0 33
02:39:51 4 0 33
02:40:21 4 0 33
02:40:51 4 0 33
02:41:21 4 0 33
02:41:52 4 0 33
02:42:22 4 0 33
02:42:52 4 0 33
02:43:22 4 0 33
02:43:53 4 0 33
02:44:23 4 0 33
02:44:53 4 0 33
02:45:23 4 0 33
02:45:53 4 0 33
02:46:23 4 0 33
02:46:54 4 0 33
02:47:24 4 0 33
02:47:54 4 0 33
02:48:24 4 0 47
02:48:55 4 0 33
02:49:25 4 0 33
02:49:55 4 0 33
02:50:25 4 0 33
02:50:55 4 0 35
02:51:25 4 0 33
02:51:56 4 0 32
02:52:26 4 0 33
02:52:56 4 0 33
02:53:26 4 0 33
02:53:57 4 0 34
02:54:27 4 0 33
02:54:57 4 0 34
02:55:27 4 0 34
02:55:57 4 0 33
02:56:27 4 0 33
02:56:58 4 0 33
02:57:28 4 0 33
02:57:58 4 0 33
02:58:28 4 0 33
02:58:59 4 0 33
02:59:29 4 0 33
02:59:59 4 0 33
03:00:29 4 0 33
03:00:59 4 0 33
03:01:29 4 0 33
03:02:00 4 0 33
03:02:30 4 0 33
03:03:00 4 0 35
03:03:30 4 0 33
03:04:01 4 0 32
03:04:31 4 0 33
03:05:01 4 0 33
03:05:31 4 0 33
03:06:02 4 0 33
03:06:32 4 0 33
03:07:02 4 0 33
03:07:32 4 0 35
03:08:03 4 0 33
03:08:33 4 0 33
03:09:04 4 0 33
03:09:34 4 0 33
03:10:04 4 0 33
03:10:34 4 0 33
03:11:05 4 0 33
03:11:35 4 0 33
03:12:05 4 0 33
03:12:35 4 0 33
03:13:05 4 0 34
03:13:35 4 0 34
03:14:06 4 0 33
03:14:36 4 0 34
03:15:06 4 0 33
03:15:36 4 0 33
03:16:06 4 0 33
03:16:36 4 0 33
03:17:07 4 0 33
03:17:37 4 0 33
03:18:07 4 0 33
03:18:37 4 0 33
03:19:07 4 0 32
03:19:37 4 0 33
03:20:08 4 0 33
03:20:38 4 0 33
03:21:08 4 0 33
03:21:38 4 0 33
03:22:08 4 0 34
03:22:38 4 0 33
03:23:09 4 0 33
03:23:39 4 0 33
03:24:09 4 0 33
03:24:39 4 0 33
03:25:09 4 0 33
03:25:39 4 0 34
03:26:10 4 0 33
03:26:40 4 0 34
03:27:10 4 0 33
03:27:40 4 0 33
03:28:10 4 0 33
03:28:40 4 0 33
03:29:11 4 0 34
03:29:41 4 0 33
03:30:11 4 0 33
03:30:41 4 0 33
03:31:11 4 0 33
03:31:41 4 0 34
03:32:12 4 0 33
03:32:42 4 0 33
03:33:12 4 0 33
03:33:42 4 0 34
03:34:12 4 0 33
03:34:42 4 0 34
03:35:13 4 0 33
03:35:43 4 0 36
03:36:13 4 0 33
03:36:43 4 0 34
03:37:13 4 0 33
03:37:43 4 0 33
03:38:14 4 0 33
03:38:44 4 0 36
03:39:14 4 0 33
03:39:44 4 0 33
03:40:14 4 0 33
03:40:45 4 0 33
03:41:15 4 0 33
03:41:45 4 0 33
03:42:15 4 0 33
03:42:45 4 0 33
03:43:16 4 0 33
03:43:46 4 0 33
03:44:16 4 0 33
03:44:46 4 0 33
03:45:16 4 0 33
03:45:46 4 0 35
03:46:17 4 0 33
03:46:47 4 0 33
03:47:17 4 0 33
03:47:47 4 0 33
03:48:17 4 0 32
03:48:47 4 0 32
03:49:18 4 0 32
03:49:48 4 0 33
03:50:18 4 0 33
03:50:48 4 0 33
03:51:18 4 0 33
03:51:48 4 0 33
03:52:19 4 0 33
03:52:49 4 0 33
03:53:19 4 0 33
03:53:49 4 0 33
03:54:19 4 0 33
03:54:49 4 0 33
03:55:20 4 0 33
03:55:50 4 0 33
03:56:20 4 0 33
03:56:50 4 0 33
03:57:20 4 0 33
03:57:50 4 0 33
03:58:21 4 0 33
03:58:51 4 0 33
03:59:21 4 0 33
03:59:51 4 0 33
04:00:21 4 0 33
04:00:51 4 0 33
04:01:22 4 0 33
04:01:52 4 0 33
04:02:22 4 0 33
04:02:52 4 0 33
04:03:22 4 0 34
04:03:52 4 0 34
04:04:23 4 0 33
04:04:53 4 0 34
04:05:23 4 0 33
04:05:53 4 0 33
04:06:23 4 0 33
04:06:53 4 0 33
04:07:24 4 0 33
04:07:54 4 0 34
04:08:24 4 0 33
04:08:54 4 0 33
04:09:24 4 0 35
04:09:54 4 0 32
04:10:25 4 0 33
04:10:55 4 0 33
04:11:25 4 0 33
04:11:55 4 0 33
04:12:25 4 0 33
04:12:55 4 0 36
04:13:26 4 0 33
04:13:56 4 0 34
04:14:26 4 0 32
04:14:56 4 0 33
04:15:26 4 0 33
04:15:56 4 0 33
04:16:27 4 0 33
04:16:57 4 0 34
04:17:27 4 0 33
04:17:57 4 0 33
04:18:27 4 0 35
04:18:57 4 0 33
04:19:28 4 0 33
04:19:58 4 0 34
04:20:28 4 0 33
04:20:58 4 0 34
04:21:28 4 0 33
04:21:58 4 0 33
04:22:29 4 0 33
04:22:59 4 0 33
04:23:29 4 0 45
04:23:59 4 0 36
04:24:29 4 0 32
04:24:59 4 0 34
04:25:30 4 0 33
04:26:00 4 0 34
04:26:30 4 0 35
04:27:00 4 0 33
04:27:30 4 0 34
04:28:00 4 0 34
04:28:31 4 0 36
04:29:01 4 0 33
04:29:31 4 0 33
04:30:01 4 0 33
04:30:31 4 0 33
04:31:02 4 0 33
04:31:32 4 0 35
04:32:02 4 0 33
04:32:32 4 0 34
04:33:02 4 0 33
04:33:33 4 0 34
04:34:03 4 0 33
04:34:33 4 0 33
04:35:03 4 0 33
04:35:33 4 0 37
04:36:03 4 0 34
04:36:33 4 0 33
04:37:04 4 0 33
04:37:34 4 0 33
04:38:04 4 0 33
04:38:34 4 0 33
04:39:04 4 0 34
04:39:35 4 0 33
04:40:05 4 0 33
04:40:35 4 0 33
04:41:05 4 0 33
04:41:35 4 0 33
04:42:06 4 0 33
04:42:36 4 0 34
04:43:06 4 0 33
04:43:36 4 0 33
04:44:06 4 0 34
04:44:37 4 0 33
04:45:07 4 0 32
04:45:37 4 0 33
04:46:07 4 0 35
04:46:37 4 0 33
04:47:07 4 0 33
04:47:38 4 0 34
04:48:08 4 0 33
04:48:38 4 0 33
04:49:08 4 0 33
04:49:38 4 0 33
04:50:08 4 0 33
04:50:39 4 0 33
04:51:09 4 0 33
04:51:39 4 0 33
04:52:09 4 0 33
04:52:39 4 0 33
04:53:09 4 0 33
04:53:40 4 0 33
04:54:10 4 0 37
04:54:40 4 0 34
04:55:10 4 0 52
04:55:40 4 0 49
04:56:10 4 0 33
04:56:41 4 0 34
04:57:11 4 0 35
04:57:41 4 0 33
04:58:11 4 0 34
04:58:41 4 0 33
04:59:11 4 0 33
04:59:42 4 0 33
05:00:12 4 0 33
05:00:42 4 0 34
05:01:12 4 0 33
05:01:42 4 0 33
05:02:12 4 0 33
05:02:43 4 0 33
05:03:13 4 0 33
05:03:43 4 0 33
05:04:13 4 0 54
05:04:43 4 0 32
05:05:13 4 0 33
05:05:44 4 0 33
05:06:14 4 0 33
05:06:44 4 0 33
05:07:14 4 0 33
05:07:44 4 0 33
05:08:14 4 0 33
05:08:45 4 0 33
05:09:15 4 0 43
05:09:45 4 0 33
05:10:15 4 0 33
05:10:45 4 0 32
05:11:15 4 0 33
05:11:46 4 0 33
05:12:16 4 0 33
05:12:46 4 0 33
05:13:16 4 0 33
05:13:46 4 0 37
05:14:16 4 0 33
05:14:47 4 0 32
05:15:17 4 0 33
05:15:47 4 0 33
05:16:17 4 0 33
05:16:47 4 0 33
05:17:18 4 0 59
05:17:48 4 0 33
05:18:18 4 0 33
05:18:48 4 0 33
05:19:18 4 0 33
05:19:49 4 0 33
05:20:19 4 0 33
05:20:49 4 0 33
05:21:19 4 0 33
05:21:49 4 0 33
05:22:19 4 0 33
05:22:50 4 0 33
05:23:20 4 0 33
05:23:50 4 0 33
05:24:20 4 0 34
05:24:50 4 0 33
05:25:20 4 0 33
05:25:51 4 0 33
05:26:21 4 0 33
05:26:51 4 0 60
05:27:21 4 0 64
05:27:51 4 0 33
05:28:21 4 0 33
05:28:52 4 0 33
05:29:22 4 0 33
05:29:52 4 0 33
05:30:22 4 0 33
05:30:52 4 0 33
05:31:23 4 0 33
05:31:53 4 0 33
05:32:23 4 0 32
05:32:53 4 0 34
05:33:23 4 0 34
05:33:53 4 0 34
05:34:23 4 0 33
05:34:54 4 0 33
05:35:24 4 0 34
05:35:54 4 0 33
05:36:24 4 0 33
05:36:54 4 0 33
05:37:24 4 0 34
05:37:55 4 0 34
05:38:25 4 0 34
05:38:55 4 0 35
05:39:25 4 0 33
05:39:55 4 0 33
05:40:25 4 0 34
05:40:56 4 0 33
05:41:26 4 0 33
05:41:56 4 0 33
05:42:26 4 0 33
05:42:57 4 0 34
05:43:27 4 0 34
05:43:57 4 0 32
05:44:27 4 0 33
05:44:57 4 0 33
05:45:27 4 0 33
05:45:58 4 0 33
05:46:28 4 0 33
05:46:58 4 0 33
05:47:28 4 0 33
05:47:58 4 0 33
05:48:28 4 0 33
05:48:59 4 0 33
05:49:29 4 0 33
05:49:59 4 0 33
05:50:29 4 0 32
05:50:59 4 0 34
05:51:29 4 0 33
05:52:00 4 0 33
05:52:30 4 0 33
05:53:00 4 0 33
05:53:30 4 0 34
05:54:00 4 0 34
05:54:30 4 0 33
05:55:01 4 0 36
05:55:31 4 0 34
05:56:01 4 0 33
05:56:31 4 0 33
05:57:01 4 0 33
05:57:31 4 0 33
05:58:02 4 0 33
05:58:32 4 0 33
05:59:02 4 0 33
05:59:32 4 0 33
06:00:03 4 0 33
06:00:33 4 0 33
06:01:03 4 0 33
06:01:33 4 0 33
06:02:03 4 0 33
06:02:33 4 0 33
06:03:04 4 0 34
06:03:34 4 0 33
06:04:04 4 0 56
06:04:34 4 0 33
06:05:05 4 0 34
06:05:35 4 0 33
06:06:05 4 0 33
06:06:35 4 0 34
06:07:05 4 0 33
06:07:35 4 0 33
06:08:06 4 0 33
06:08:36 4 0 33
06:09:06 4 0 34
06:09:36 4 0 33
06:10:06 4 0 33
06:10:37 4 0 33
06:11:07 4 0 34
06:11:37 4 0 32
06:12:07 4 0 33
06:12:37 4 0 33
06:13:08 4 0 33
06:13:38 4 0 33
06:14:08 4 0 33
06:14:38 4 0 33
06:15:08 4 0 34
06:15:38 4 0 33
06:16:09 4 0 34
06:16:39 4 0 32
06:17:09 4 0 32
06:17:39 4 0 31
06:18:09 4 0 33
06:18:39 4 0 59
06:19:10 4 0 33
06:19:40 4 0 33
06:20:10 4 0 33
06:20:40 4 0 33
06:21:10 4 0 33
06:21:40 4 0 34
06:22:11 4 0 33
06:22:41 4 0 33
06:23:11 4 0 33
06:23:41 4 0 33
06:24:11 4 0 34
06:24:41 4 0 33
06:25:12 4 0 33
06:25:42 4 0 33
06:26:12 4 0 35
06:26:42 4 0 33
06:27:12 4 0 33
06:27:42 4 0 33
06:28:13 4 0 33
06:28:43 4 0 33
06:29:13 4 0 33
06:29:43 4 0 33
06:30:13 4 0 33
06:30:44 4 0 33
06:31:14 4 0 33
06:31:44 4 0 33
06:32:14 4 0 33
06:32:44 4 0 33
06:33:14 4 0 33
06:33:45 4 0 34
06:34:15 4 0 33
06:34:45 4 0 39
06:35:15 4 0 33
06:35:45 4 0 37
06:36:15 4 0 33
06:36:46 4 0 33
06:37:16 4 0 33
06:37:46 4 0 33
06:38:16 4 0 33
06:38:46 4 0 33
06:39:17 4 0 33
06:39:47 4 0 33
06:40:17 4 0 36
06:40:47 4 0 33
06:41:17 4 0 33
06:41:47 4 0 34
06:42:18 4 0 33
06:42:48 4 0 33
06:43:18 4 0 33
06:43:48 4 0 34
06:44:18 4 0 33
06:44:48 4 0 33
06:45:19 4 0 33
06:45:49 4 0 33
06:46:19 4 0 33
06:46:49 4 0 33
06:47:19 4 0 33
06:47:49 4 0 33
06:48:20 4 0 33
06:48:50 4 0 33
06:49:20 4 0 33
06:49:50 4 0 33
06:50:20 4 0 33
06:50:50 4 0 32
06:51:21 4 0 33
06:51:51 4 0 33
06:52:21 4 0 37
06:52:51 4 0 57
06:53:21 4 0 35
06:53:51 4 0 33
06:54:22 4 0 33
06:54:52 4 0 34
06:55:22 4 0 34
06:55:52 4 0 33
06:56:22 4 0 33
06:56:52 4 0 33
06:57:23 4 0 33
06:57:53 4 0 34
06:58:23 4 0 33
06:58:53 4 0 33
06:59:23 4 0 33
06:59:53 4 0 33
07:00:23 4 0 33
07:00:54 4 0 33
07:01:24 4 0 33
07:01:54 4 0 33
07:02:24 4 0 33
07:02:54 4 0 34
07:03:25 4 0 33
07:03:55 4 0 33
07:04:25 4 0 33
07:04:55 4 0 33
07:05:25 4 0 33
07:05:55 4 0 32
07:06:26 4 0 33
07:06:56 4 0 33
07:07:26 4 0 32
07:07:56 4 0 33
07:08:26 4 0 33
07:08:56 4 0 33
07:09:26 4 0 33
07:09:56 4 0 33
07:10:27 4 0 34
07:10:57 4 0 33
07:11:27 4 0 33
07:11:57 4 0 33
07:12:28 4 0 33
07:12:58 4 0 33
07:13:28 4 0 34
07:13:58 4 0 33
07:14:28 4 0 33
07:14:58 4 0 33
07:15:28 4 0 33
07:15:59 4 0 34
07:16:29 4 0 33
07:16:59 4 0 33
07:17:29 4 0 33
07:17:59 4 0 33
07:18:30 4 0 33
07:19:00 4 0 33
07:19:30 4 0 37
07:20:00 4 0 33
07:20:30 4 0 33
07:21:00 4 0 33
07:21:31 4 0 33
07:22:01 4 0 33
07:22:31 4 0 33
07:23:01 4 0 33
07:23:31 4 0 33
07:24:01 4 0 34
07:24:32 4 0 33
07:25:02 4 0 33
07:25:32 4 0 33
07:26:02 4 0 33
07:26:33 4 0 33
07:27:03 4 0 34
07:27:34 4 0 33
07:28:04 4 0 37
07:28:34 4 0 33
07:29:04 4 0 34
07:29:34 4 0 33
07:30:04 4 0 33
07:30:35 4 0 33
07:31:05 4 0 35
07:31:35 4 0 33
07:32:05 4 0 35
07:32:36 4 0 33
07:33:06 4 0 34
07:33:36 4 0 33
07:34:06 4 0 34
07:34:36 4 0 35
07:35:07 4 0 33
07:35:37 4 0 32
07:36:08 4 0 34
07:36:38 4 0 33
07:37:08 4 0 33
07:37:38 4 0 33
07:38:08 4 0 33
07:38:39 4 0 53
07:39:09 4 0 33
07:39:39 4 0 33
07:40:09 4 0 33
07:40:39 4 0 34
07:41:09 4 0 33
07:41:40 4 0 33
07:42:10 4 0 38
07:42:40 4 0 33
07:43:10 4 0 33
07:43:40 4 0 33
07:44:10 4 0 34
07:44:40 4 0 33
07:45:11 4 0 33
07:45:41 4 0 32
07:46:11 4 0 34
07:46:41 4 0 33
07:47:11 4 0 34
07:47:41 4 0 33
07:48:12 4 0 33
07:48:42 4 0 33
07:49:12 4 0 33
07:49:42 4 0 33
07:50:12 4 0 33
07:50:42 4 0 33
07:51:13 4 0 63
07:51:43 4 0 33
07:52:13 4 0 33
07:52:43 4 0 65
07:53:13 4 0 36
07:53:43 4 0 33
07:54:14 4 0 33
07:54:44 4 0 33
07:55:14 4 0 33
07:55:44 4 0 33
07:56:14 4 0 33
07:56:44 4 0 34
07:57:14 4 0 33
07:57:45 4 0 37
07:58:15 4 0 33
07:58:45 4 0 33
07:59:15 4 0 33
07:59:45 4 0 33
08:00:15 4 0 33
08:00:45 4 0 33
08:01:16 4 0 33
08:01:46 4 0 33
08:02:16 4 0 33
08:02:46 4 0 33
08:03:16 4 0 33
08:03:46 4 0 33
08:04:17 4 0 33
08:04:47 4 0 33
08:05:17 4 0 34
08:05:47 4 0 32
08:06:17 4 0 33
08:06:47 4 0 33
08:07:18 4 0 33
08:07:48 4 0 33
08:08:18 4 0 33
08:08:48 4 0 33
08:09:18 4 0 33
08:09:48 4 0 33
08:10:18 4 0 33
08:10:48 4 0 33
08:11:19 4 0 33
08:11:49 4 0 33
08:12:19 4 0 33
08:12:49 4 0 33
08:13:19 4 0 33
08:13:49 4 0 33
08:14:20 4 0 35
08:14:50 4 0 33
08:15:20 4 0 33
08:15:50 4 0 33
08:16:20 4 0 33
08:16:50 4 0 33
08:17:21 4 0 33
08:17:51 4 0 34
08:18:21 4 0 33
08:18:51 4 0 33
08:19:21 4 0 33
08:19:51 4 0 33
08:20:22 4 0 33
08:20:52 4 0 39
08:21:22 4 0 33
08:21:52 4 0 33
08:22:23 4 0 36
08:22:53 4 0 37
08:23:23 4 0 33
08:23:53 4 0 37
08:24:24 4 0 35
08:24:54 4 0 33
08:25:24 4 0 33
08:25:54 4 0 33
08:26:24 4 0 33
08:26:54 4 0 49
08:27:25 4 0 33
08:27:55 4 0 33
08:28:25 4 0 33
08:28:55 4 0 33
08:29:25 4 0 33
08:29:55 4 0 33
08:30:26 4 0 33
08:30:56 4 0 36
08:31:26 4 0 34
08:31:56 4 0 33
08:32:26 4 0 33
08:32:56 4 0 33
08:33:26 4 0 33
08:33:57 4 0 33
08:34:27 4 0 33
08:34:57 4 0 34
08:35:27 4 0 33
08:35:57 4 0 36
08:36:27 4 0 33
08:36:57 4 0 33
08:37:28 4 0 33
08:37:58 4 0 33
08:38:28 4 0 33
08:38:58 4 0 34
08:39:28 4 0 33
08:39:58 4 0 33
08:40:29 4 0 33
08:40:59 4 0 33
08:41:29 4 0 33
08:41:59 4 0 33
08:42:30 4 0 34
08:43:00 4 0 33
08:43:31 4 0 33
08:44:01 4 0 34
08:44:31 4 0 34
08:45:01 4 0 33
08:45:32 4 0 33
08:46:02 4 0 33
08:46:32 4 0 33
08:47:02 4 0 33
08:47:32 4 0 33
08:48:02 4 0 33
08:48:33 3 1 33
08:49:03 4 0 33
08:49:33 4 0 33
08:50:03 4 0 33
08:50:33 4 0 33
08:51:03 4 0 33
08:51:34 4 0 34
08:52:04 4 0 33
08:52:34 4 0 33
08:53:04 4 0 34
08:53:34 4 0 33
08:54:04 4 0 34
08:54:35 4 0 33
08:55:05 4 0 35
08:55:35 4 0 33
08:56:06 4 0 33
08:56:36 4 0 33
08:57:06 4 0 33
08:57:36 4 0 33
08:58:07 4 0 33
08:58:37 4 0 33
08:59:07 4 0 33
08:59:37 4 0 33
09:00:07 4 0 33
09:00:38 4 0 33
09:01:08 4 0 33
09:01:38 4 0 33
09:02:08 4 0 33
09:02:38 4 0 34
09:03:10 3 1 75
09:03:38 4 0 45
09:04:08 4 0 33
09:04:39 4 0 33
09:05:09 4 0 33
09:05:39 4 0 33
09:06:09 4 0 33
09:06:39 4 0 33
09:07:09 4 0 33
09:07:39 4 0 34
09:08:09 4 0 33
09:08:40 4 0 34
09:09:10 4 0 32
09:09:40 4 0 33
09:10:10 4 0 33
09:10:40 4 0 33
09:11:10 4 0 33
09:11:40 4 0 35
09:12:10 4 0 33
09:12:41 4 0 33
09:13:11 4 0 33
09:13:41 4 0 40
09:14:11 4 0 33
09:14:41 4 0 33
09:15:11 4 0 33
09:15:41 4 0 33
09:16:11 4 0 33
09:16:42 4 0 34
09:17:12 4 0 33
09:17:42 4 0 33
09:18:12 4 0 33
09:18:43 4 0 33
09:19:13 4 0 33
09:19:43 4 0 33
09:20:13 4 0 33
09:20:43 4 0 33
09:21:13 4 0 33
09:21:43 4 0 33
09:22:14 4 0 65
09:22:44 4 0 32
09:23:14 4 0 33
09:23:44 4 0 33
09:24:14 4 0 33
09:24:44 4 0 34
09:25:14 4 0 33
09:25:44 4 0 33
09:26:15 4 0 33
09:26:45 4 0 33
09:27:15 4 0 68
09:27:45 4 0 33
09:28:15 4 0 33
09:28:45 4 0 36
09:29:15 4 0 34
09:29:46 4 0 33
09:30:16 4 0 33
09:30:46 4 0 33
09:31:16 4 0 33
09:31:46 4 0 33
09:32:16 4 0 33
09:32:47 4 0 33
09:33:17 4 0 33
09:33:47 4 0 33
09:34:17 4 0 33
09:34:47 4 0 33
09:35:17 4 0 34
09:35:47 4 0 33
09:36:18 4 0 33
09:36:48 4 0 33
09:37:18 4 0 52
09:37:48 4 0 33
09:38:19 3 1 35
09:38:49 4 0 33
09:39:19 4 0 34
09:39:49 4 0 34
09:40:19 4 0 33
09:40:49 4 0 33
09:41:20 4 0 33
09:41:50 4 0 33
09:42:20 4 0 34
09:42:50 4 0 33
09:43:20 4 0 33
09:43:50 4 0 33
09:44:20 4 0 33
09:44:50 4 0 33
09:45:21 4 0 33
09:45:51 4 0 34
09:46:21 4 0 33
09:46:51 4 0 33
09:47:21 4 0 33
09:47:51 4 0 33
09:48:21 4 0 33
09:48:52 4 0 33
09:49:22 4 0 33
09:49:52 4 0 33
09:50:22 4 0 34
09:50:52 4 0 33
09:51:22 4 0 34
09:51:52 4 0 33
09:52:22 4 0 33
09:52:52 4 0 33
09:53:22 4 0 34
09:53:53 4 0 33
09:54:23 4 0 35
09:54:53 4 0 34
09:55:23 4 0 35
09:55:53 4 0 33
09:56:23 4 0 33
09:56:53 4 0 33
09:57:23 4 0 33
09:57:54 4 0 33
09:58:24 4 0 33
09:58:54 4 0 33
09:59:24 4 0 33
09:59:54 4 0 31
10:00:24 4 0 31
10:00:54 4 0 85
10:01:24 4 0 32
10:01:55 4 0 32
10:02:25 4 0 32
10:02:55 4 0 32
10:03:25 4 0 32
10:03:55 4 0 32
10:04:25 4 0 38
10:04:55 4 0 33
10:05:25 4 0 33
10:05:55 4 0 33
10:06:26 4 0 33
10:06:56 4 0 33
10:07:26 4 0 33
10:07:56 4 0 33
10:08:26 4 0 37
10:08:56 4 0 32
10:09:26 4 0 32
10:09:56 4 0 33
10:10:26 4 0 32
10:10:57 4 0 31
10:11:27 4 0 33
10:11:58 3 1 88
10:12:27 4 0 88
10:12:57 4 0 65
10:13:28 3 1 80
10:13:59 3 1 73
10:14:28 4 0 82
10:14:58 4 0 64
10:15:28 4 0 63
10:15:58 4 0 80
10:16:28 4 0 66
10:17:00 3 1 84
10:17:29 4 0 83
10:17:59 4 0 74
10:18:29 4 0 64
10:18:59 4 0 63
10:19:29 4 0 64
10:20:00 3 1 62
10:20:31 2 2 87
10:21:00 4 0 63
10:21:31 3 1 72
10:22:01 4 0 67
10:22:31 4 0 60
10:23:02 3 1 50
10:23:33 3 1 75
10:24:03 3 1 86
10:24:33 4 0 70
10:25:03 4 0 33
10:25:33 4 0 33
10:26:03 4 0 33
10:26:35 3 1 47
10:27:05 4 0 33
10:27:35 4 0 33
10:28:05 4 0 33
10:28:35 4 0 33
10:29:07 3 1 33
10:29:36 4 0 33
10:30:06 4 0 33
10:30:36 4 0 33
10:31:06 4 0 33
10:31:36 4 0 66
10:32:06 4 0 34
10:32:36 4 0 33
10:33:07 4 0 33
10:33:37 4 0 33
10:34:07 4 0 34
10:34:37 4 0 33
10:35:07 4 0 37
10:35:37 4 0 33
10:36:07 4 0 36
10:36:37 4 0 36
10:37:08 4 0 34
10:37:38 4 0 33
10:38:08 4 0 33
10:38:39 4 0 33
10:39:09 4 0 37
10:39:39 4 0 34
10:40:10 4 0 86
10:40:40 4 0 34
10:41:10 4 0 34
10:41:40 4 0 33
10:42:10 4 0 33
10:42:40 4 0 33
10:43:12 3 1 33
10:43:41 4 0 33
10:44:11 4 0 33
10:44:41 4 0 33
10:45:11 4 0 33
10:45:41 4 0 33
10:46:12 4 0 33
10:46:42 4 0 33
10:47:12 4 0 33
10:47:42 4 0 33
10:48:12 4 0 33
10:48:42 4 0 33
10:49:13 4 0 33
10:49:43 4 0 33
10:50:13 4 0 33
10:50:43 4 0 33
10:51:14 4 0 34
10:51:44 4 0 33
10:52:14 4 0 34
10:52:45 3 1 33
10:53:14 4 0 33
10:53:44 4 0 33
10:54:15 4 0 33
10:54:45 4 0 36
10:55:15 4 0 33
10:55:45 4 0 34
10:56:16 4 0 34
10:56:46 4 0 34
10:57:16 4 0 33
10:57:47 4 0 33
10:58:17 4 0 33
10:58:47 4 0 33
10:59:18 4 0 33
10:59:48 4 0 33
11:00:18 4 0 61
11:00:48 4 0 33
11:01:18 4 0 33
11:01:48 4 0 34
11:02:19 4 0 35
11:02:49 4 0 33
11:03:19 4 0 33
11:03:49 4 0 33
11:04:19 4 0 33
11:04:49 4 0 33
11:05:20 4 0 33
11:05:50 4 0 33
11:06:20 4 0 33
11:06:50 4 0 33
11:07:21 4 0 33
11:07:51 4 0 34
11:08:21 4 0 33
11:08:51 4 0 33
11:09:21 4 0 33
11:09:51 4 0 33
11:10:22 4 0 33
11:10:52 4 0 33
11:11:22 4 0 33
11:11:52 4 0 33
11:12:22 4 0 33
11:12:52 4 0 33
11:13:23 4 0 35
11:13:53 4 0 33
11:14:23 4 0 33
11:14:53 4 0 33
11:15:24 4 0 33
11:15:54 4 0 33
11:16:24 4 0 33
11:16:54 4 0 33
11:17:25 4 0 33
11:17:55 4 0 33
11:18:25 4 0 33
11:18:55 4 0 33
11:19:25 4 0 33
11:19:55 4 0 35
11:20:26 4 0 55
11:20:56 4 0 33
11:21:26 4 0 33
11:21:56 4 0 33
11:22:26 4 0 33
11:22:56 4 0 33
11:23:28 3 1 33
11:23:57 4 0 34
11:24:27 4 0 33
11:24:57 4 0 33
11:25:27 4 0 34
11:25:57 4 0 33
11:26:27 4 0 33
11:26:57 4 0 33
11:27:28 4 0 33
11:27:58 4 0 33
11:28:28 4 0 35
11:28:58 4 0 33
11:29:28 4 0 33
11:29:58 4 0 33
11:30:28 4 0 33
11:30:58 4 0 34
11:31:29 4 0 33
11:31:59 4 0 33
11:32:29 4 0 33
11:32:59 4 0 34
11:33:29 4 0 34
11:33:59 4 0 33
11:34:30 4 0 34
11:35:00 4 0 33
11:35:30 4 0 33
11:36:00 4 0 33
11:36:30 4 0 33
11:37:01 4 0 35
11:37:32 4 0 33
11:38:02 4 0 33
11:38:32 4 0 34
11:39:02 4 0 33
11:39:32 4 0 33
11:40:02 4 0 33
11:40:33 4 0 33
11:41:03 4 0 33
11:41:33 4 0 32
11:42:03 4 0 33
11:42:33 4 0 33
11:43:03 4 0 33
11:43:33 4 0 33
11:44:03 4 0 33
11:44:34 4 0 33
11:45:04 4 0 33
11:45:35 4 0 33
11:46:05 4 0 34
11:46:36 4 0 33
11:47:06 4 0 34
11:47:36 4 0 35
11:48:06 4 0 33
11:48:36 4 0 34
11:49:06 4 0 33
11:49:37 4 0 34
11:50:07 4 0 33
11:50:37 4 0 33
11:51:07 4 0 34
11:51:38 4 0 33
11:52:09 3 1 33
11:52:38 4 0 33
11:53:08 4 0 33
11:53:38 4 0 33
11:54:09 4 0 33
11:54:39 4 0 33
11:55:09 4 0 34
11:55:39 4 0 33
11:56:09 4 0 33
11:56:39 4 0 63
11:57:09 4 0 34
11:57:40 4 0 33
11:58:10 4 0 33
11:58:40 4 0 33
11:59:10 4 0 34
11:59:40 4 0 33
12:00:10 4 0 32
12:00:40 4 0 33
12:01:10 4 0 33
12:01:41 4 0 33
12:02:11 4 0 33
12:02:41 4 0 33
12:03:11 4 0 33
12:03:41 4 0 33
12:04:11 4 0 64
12:04:41 4 0 33
12:05:12 4 0 33
12:05:43 4 0 33
12:06:13 4 0 36
12:06:44 4 0 33
12:07:14 4 0 34
12:07:44 4 0 33
12:08:14 4 0 33
12:08:44 4 0 33
12:09:14 4 0 34
12:09:45 4 0 35
12:10:15 4 0 33
12:10:46 4 0 32
12:11:16 4 0 33
12:11:46 4 0 33
12:12:16 4 0 33
12:12:46 4 0 33
12:13:16 4 0 33
12:13:46 4 0 35
12:14:17 4 0 34
12:14:47 4 0 33
12:15:17 4 0 33
12:15:47 4 0 33
12:16:17 4 0 33
12:16:48 4 0 33
12:17:18 4 0 33
12:17:49 4 0 33
12:18:19 4 0 33
12:18:49 4 0 33
12:19:19 4 0 34
12:19:49 4 0 36
12:20:19 4 0 33
12:20:50 4 0 33
12:21:20 4 0 34
12:21:50 4 0 33
12:22:20 4 0 33
12:22:50 4 0 32
12:23:20 4 0 33
12:23:50 4 0 33
12:24:20 4 0 33
12:24:51 4 0 33
12:25:21 4 0 33
12:25:51 4 0 33
12:26:21 4 0 33
12:26:51 4 0 35
12:27:21 4 0 33
12:27:52 4 0 33
12:28:22 4 0 33
12:28:52 4 0 34
12:29:22 4 0 33
12:29:52 4 0 33
12:30:22 4 0 33
12:30:52 4 0 33
12:31:22 4 0 33
12:31:53 4 0 33
12:32:23 4 0 33
12:32:53 4 0 33
12:33:23 4 0 33
12:33:53 4 0 33
12:34:23 4 0 33
12:34:53 4 0 33
12:35:23 4 0 33
12:35:54 4 0 34
12:36:24 4 0 33
12:36:54 4 0 33
12:37:24 4 0 33
12:37:54 4 0 33
12:38:24 4 0 33
12:38:54 4 0 33
12:39:25 4 0 52
12:39:55 4 0 33
12:40:25 4 0 33
12:40:55 4 0 33
12:41:25 4 0 33
12:41:55 4 0 33
12:42:25 4 0 33
12:42:55 4 0 33
12:43:25 4 0 36
12:43:55 4 0 34
12:44:25 4 0 33
12:44:56 4 0 36
12:45:26 4 0 33
12:45:56 4 0 33
12:46:26 4 0 33
12:46:57 3 1 33
12:47:26 4 0 34
12:47:56 4 0 33
12:48:26 4 0 33
12:48:56 4 0 33
12:49:27 4 0 34
12:49:57 4 0 33
12:50:28 4 0 33
12:50:58 4 0 33
12:51:28 4 0 61
12:51:58 4 0 33
12:52:28 4 0 33
12:52:58 4 0 33
12:53:28 4 0 33
12:53:59 4 0 34
12:54:29 4 0 45
12:54:59 4 0 33
12:55:29 4 0 34
12:55:59 4 0 34
12:56:29 4 0 34
12:56:59 4 0 33
12:57:29 4 0 33
12:58:00 4 0 33
12:58:30 4 0 33
12:59:01 3 1 33
12:59:30 4 0 33
13:00:00 4 0 34
13:00:30 4 0 33
13:01:00 4 0 33
13:01:31 4 0 34
13:02:01 4 0 33
13:02:31 4 0 33
13:03:01 4 0 33
13:03:31 4 0 33
13:04:01 4 0 34
13:04:31 4 0 33
13:05:01 4 0 36
13:05:31 4 0 33
13:06:02 4 0 33
13:06:32 4 0 33
13:07:02 4 0 33
13:07:32 4 0 33
13:08:02 4 0 33
13:08:32 4 0 53
13:09:02 4 0 33
13:09:32 4 0 34
13:10:02 4 0 33
13:10:32 4 0 33
13:11:02 4 0 33
13:11:32 4 0 33
13:12:03 4 0 65
13:12:33 4 0 33
13:13:03 4 0 33
13:13:33 4 0 34
13:14:03 4 0 33
13:14:34 3 1 33
13:15:03 4 0 33
13:15:33 4 0 33
13:16:03 4 0 33
13:16:33 4 0 33
13:17:04 4 0 33
13:17:34 4 0 33
13:18:04 4 0 33
13:18:34 4 0 33
13:19:04 4 0 33
13:19:34 4 0 33
13:20:04 4 0 33
13:20:34 4 0 33
13:21:04 4 0 33
13:21:35 4 0 33
13:22:05 4 0 35
13:22:35 4 0 33
13:23:05 4 0 33
13:23:35 4 0 33
13:24:06 4 0 34
13:24:36 4 0 33
13:25:06 4 0 33
13:25:36 4 0 35
13:26:06 4 0 33
13:26:36 4 0 33
13:27:07 4 0 34
13:27:37 4 0 33
13:28:07 4 0 33
13:28:37 4 0 33
13:29:07 4 0 34
13:29:37 4 0 56
13:30:07 4 0 33
13:30:37 4 0 34
13:31:07 4 0 33
13:31:38 4 0 33
13:32:08 4 0 33
13:32:38 4 0 33
13:33:09 4 0 38
13:33:39 4 0 33
13:34:10 4 0 33
13:34:40 4 0 35
13:35:10 4 0 33
13:35:40 4 0 33
13:36:10 4 0 33
13:36:40 4 0 34
13:37:10 4 0 33
13:37:40 4 0 33
13:38:11 4 0 33
13:38:41 4 0 33
13:39:11 4 0 39
13:39:41 4 0 33
13:40:11 4 0 33
13:40:41 4 0 33
13:41:11 4 0 33
13:41:41 4 0 33
13:42:12 4 0 55
13:42:42 4 0 63
13:43:13 4 0 34
13:43:43 4 0 33
13:44:13 4 0 33
13:44:43 4 0 33
13:45:13 4 0 34
13:45:43 4 0 33
13:46:13 4 0 37
13:46:44 4 0 70
13:47:14 4 0 33
13:47:45 4 0 33
13:48:15 4 0 33
13:48:45 4 0 36
13:49:15 4 0 33
13:49:45 4 0 33
13:50:15 4 0 33
13:50:45 4 0 33
13:51:16 4 0 35
13:51:46 4 0 33
13:52:16 4 0 36
13:52:46 4 0 33
13:53:16 4 0 33
13:53:46 4 0 34
13:54:17 4 0 33
13:54:47 4 0 32
13:55:17 4 0 34
13:55:47 4 0 39
13:56:17 4 0 33
13:56:47 4 0 33
13:57:17 4 0 33
13:57:47 4 0 33
13:58:17 4 0 33
13:58:49 3 1 34
13:59:19 3 1 33
13:59:48 4 0 33
14:00:18 4 0 33
14:00:48 4 0 33
14:01:18 4 0 35
14:01:48 4 0 32
14:02:18 4 0 33
14:02:48 4 0 35
14:03:19 4 0 34
14:03:49 4 0 33
14:04:19 4 0 33
14:04:49 4 0 33
14:05:19 4 0 33
14:05:49 4 0 34
14:06:19 4 0 33
14:06:50 4 0 33
14:07:20 4 0 33
14:07:50 4 0 34
14:08:20 4 0 33
14:08:50 4 0 33
14:09:21 4 0 34
14:09:51 4 0 35
14:10:21 4 0 35
14:10:51 4 0 33
14:11:21 4 0 33
14:11:51 4 0 34
14:12:21 4 0 33
14:12:52 4 0 28
14:13:22 4 0 27
14:13:52 4 0 33
14:14:22 4 0 33
14:14:52 4 0 33
14:15:22 4 0 37
14:15:53 4 0 33
14:16:23 4 0 34
14:16:53 4 0 33
14:17:23 4 0 33
14:17:53 4 0 36
14:18:23 4 0 33
14:18:53 4 0 34
14:19:23 4 0 33
14:19:54 4 0 33
14:20:24 4 0 33
14:20:54 4 0 33
14:21:24 4 0 61
14:21:54 4 0 33
14:22:24 4 0 34
14:22:54 4 0 35
14:23:24 4 0 33
14:23:54 4 0 33
14:24:25 4 0 33
14:24:56 4 0 33
14:25:26 4 0 33
14:25:56 4 0 33
14:26:26 4 0 33
14:26:56 4 0 33
14:27:27 4 0 33
14:27:57 4 0 33
14:28:27 4 0 33
14:28:57 4 0 33
14:29:27 4 0 33
14:29:57 4 0 33
14:30:27 4 0 33
14:30:57 4 0 33
14:31:28 4 0 33
14:31:58 4 0 34
14:32:28 4 0 33
14:32:58 4 0 33
14:33:28 4 0 34
14:33:59 4 0 33
14:34:29 4 0 33
14:34:59 4 0 32
14:35:29 4 0 33
14:35:59 4 0 34
14:36:30 4 0 61
14:37:00 4 0 33
14:37:30 4 0 33
14:38:01 4 0 33
14:38:32 4 0 33
14:39:02 4 0 71
14:39:32 4 0 35
14:40:02 4 0 33
14:40:32 4 0 33
14:41:03 4 0 38
14:41:33 4 0 33
14:42:03 4 0 33
14:42:33 4 0 33
14:43:03 4 0 33
14:43:34 4 0 33
14:44:04 4 0 34
14:44:34 4 0 33
14:45:04 4 0 33
14:45:35 4 0 33
14:46:05 4 0 33
14:46:35 4 0 33
14:47:05 4 0 33
14:47:35 4 0 33
14:48:05 4 0 33
14:48:36 4 0 33
14:49:06 4 0 34
14:49:36 4 0 34
14:50:06 4 0 33
14:50:36 4 0 33
14:51:06 4 0 34
14:51:37 4 0 34
14:52:07 4 0 34
14:52:37 4 0 34
14:53:07 4 0 33
14:53:37 4 0 33
14:54:07 4 0 34
14:54:38 4 0 35
14:55:08 4 0 34
14:55:38 4 0 35
14:56:08 4 0 34
14:56:38 4 0 33
14:57:08 4 0 33
14:57:38 4 0 34
14:58:08 4 0 34
14:58:39 4 0 33
14:59:09 4 0 33
14:59:39 4 0 33
15:00:09 4 0 33
15:00:39 4 0 33
15:01:09 4 0 33
15:01:39 4 0 33
15:02:09 4 0 33
15:02:40 4 0 33
15:03:10 4 0 33
15:03:40 4 0 33
15:04:10 4 0 34
15:04:40 4 0 33
15:05:10 4 0 33
15:05:40 4 0 33
15:06:10 4 0 33
15:06:40 4 0 33
15:07:10 4 0 33
15:07:41 4 0 35
15:08:12 3 1 34
15:08:41 4 0 36
15:09:12 3 1 33
15:09:41 4 0 33
15:10:11 4 0 33
15:10:41 4 0 33
15:11:11 4 0 34
15:11:41 4 0 34
15:12:12 4 0 33
15:12:42 4 0 34
15:13:12 4 0 33
15:13:42 4 0 33
15:14:12 4 0 34
15:14:42 4 0 33
15:15:12 4 0 33
15:15:43 4 0 33
15:16:13 4 0 34
15:16:43 4 0 34
15:17:13 4 0 33
15:17:43 4 0 36
15:18:13 4 0 33
15:18:44 4 0 34
15:19:13 4 0 37
15:19:44 4 0 33
15:20:14 4 0 33
15:20:44 4 0 33
15:21:14 4 0 33
15:21:44 4 0 33
15:22:14 4 0 33
15:22:44 4 0 33
15:23:14 4 0 33
15:23:44 4 0 33
15:24:14 4 0 37
15:24:45 4 0 33
15:25:15 4 0 33
15:25:45 4 0 33
15:26:15 4 0 33
15:26:45 4 0 33
15:27:15 4 0 33
15:27:45 4 0 33
15:28:15 4 0 33
15:28:45 4 0 33
15:29:15 4 0 33
15:29:46 4 0 35
15:30:16 4 0 33
15:30:46 4 0 33
15:31:16 4 0 33
15:31:47 4 0 35
15:32:17 4 0 34
15:32:47 4 0 33
15:33:17 4 0 33
15:33:47 4 0 33
15:34:17 4 0 33
15:34:47 4 0 33
15:35:17 4 0 33
15:35:47 4 0 33
15:36:17 4 0 33
15:36:48 4 0 32
15:37:18 4 0 32
15:37:48 4 0 32
15:38:18 4 0 33
15:38:48 4 0 33
15:39:19 3 1 33
15:39:48 4 0 33
15:40:18 4 0 33
15:40:48 4 0 42
15:41:18 4 0 34
15:41:49 4 0 33
15:42:19 4 0 35
15:42:49 4 0 33
15:43:19 4 0 33
15:43:49 4 0 33
15:44:19 4 0 33
15:44:49 4 0 34
15:45:19 4 0 33
15:45:50 4 0 34
15:46:20 4 0 33
15:46:51 3 1 34
15:47:20 4 0 34
15:47:50 4 0 33
15:48:20 4 0 33
15:48:50 4 0 34
15:49:20 4 0 34
15:49:51 4 0 33
15:50:21 4 0 33
15:50:52 3 1 33
15:51:21 4 0 33
15:51:52 4 0 33
15:52:22 4 0 33
15:52:52 4 0 33
15:53:22 4 0 33
15:53:52 4 0 34
15:54:22 4 0 34
15:54:52 4 0 37
15:55:22 4 0 34
15:55:52 4 0 46
15:56:22 4 0 33
15:56:53 4 0 33
15:57:23 4 0 33
15:57:53 4 0 33
15:58:23 4 0 33
15:58:53 4 0 33
15:59:23 4 0 33
15:59:53 4 0 33
16:00:23 4 0 56
16:00:53 4 0 33
16:01:23 4 0 33
16:01:54 4 0 34
16:02:24 4 0 33
16:02:54 4 0 34
16:03:24 4 0 34
16:03:54 4 0 33
16:04:24 4 0 33
16:04:54 4 0 33
16:05:24 4 0 34
16:05:55 4 0 31
16:06:25 4 0 32
16:06:55 4 0 32
16:07:25 4 0 33
16:07:55 4 0 33
16:08:25 4 0 33
16:08:55 4 0 42
16:09:25 4 0 33
16:09:55 4 0 33
16:10:25 4 0 33
16:10:55 4 0 33
16:11:26 4 0 34
16:11:56 4 0 70
16:12:27 3 1 33
16:12:56 4 0 33
16:13:26 4 0 34
16:13:56 4 0 33
16:14:27 3 1 33
16:14:57 4 0 33
16:15:27 4 0 34
16:15:57 4 0 33
16:16:27 4 0 34
16:16:57 4 0 33
16:17:27 4 0 33
16:17:57 4 0 33
16:18:27 4 0 43
16:18:57 4 0 33
16:19:28 4 0 83
16:19:58 4 0 33
16:20:28 4 0 63
16:20:58 4 0 33
16:21:28 4 0 61
16:21:58 4 0 35
16:22:28 4 0 33
16:22:58 4 0 33
16:23:28 4 0 33
16:23:59 4 0 33
16:24:29 4 0 36
16:24:59 4 0 33
16:25:29 4 0 33
16:25:59 4 0 34
16:26:29 4 0 33
16:26:59 4 0 33
16:27:29 4 0 32
16:27:59 4 0 33
16:28:30 4 0 33
16:29:00 4 0 33
16:29:30 4 0 37
16:30:00 4 0 33
16:30:30 4 0 33
16:31:00 4 0 35
16:31:30 4 0 33
16:32:01 4 0 33
16:32:31 4 0 34
16:33:01 4 0 33
16:33:31 4 0 33
16:34:02 4 0 33
16:34:32 4 0 33
16:35:02 4 0 33
16:35:32 4 0 76
16:36:02 4 0 34
16:36:32 4 0 34
16:37:02 4 0 34
16:37:32 4 0 32
16:38:02 4 0 32
16:38:33 4 0 58
16:39:03 4 0 33
16:39:33 4 0 34
16:40:03 4 0 33
16:40:33 4 0 33
16:41:03 4 0 33
16:41:33 4 0 33
16:42:04 4 0 33
16:42:34 4 0 33
16:43:04 4 0 33
16:43:34 4 0 33
16:44:04 4 0 33
16:44:34 4 0 33
16:45:04 4 0 33
16:45:34 4 0 33
16:46:04 4 0 33
16:46:34 4 0 33
16:47:04 4 0 33
16:47:35 4 0 33
16:48:05 4 0 33
16:48:35 4 0 33
16:49:05 4 0 33
16:49:35 4 0 33
16:50:05 4 0 33
16:50:35 4 0 33
16:51:05 4 0 33
16:51:35 4 0 33
16:52:05 4 0 33
16:52:35 4 0 33
16:53:06 4 0 33
16:53:36 4 0 34
16:54:06 4 0 33
16:54:36 4 0 36
16:55:06 4 0 33
16:55:36 4 0 33
16:56:07 4 0 33
16:56:37 4 0 33
16:57:08 3 1 33
16:57:37 4 0 33
16:58:07 4 0 33
16:58:37 4 0 33
16:59:08 4 0 33
16:59:38 4 0 32
17:00:08 4 0 33
17:00:38 4 0 33
17:01:08 4 0 33
17:01:38 4 0 34
17:02:08 4 0 33
17:02:38 4 0 33
17:03:09 4 0 34
17:03:39 4 0 65
17:04:09 4 0 33
17:04:39 4 0 33
17:05:09 4 0 33
17:05:39 4 0 33
17:06:10 4 0 35
17:06:40 4 0 33
17:07:10 4 0 33
17:07:40 4 0 33
17:08:10 4 0 33
17:08:40 4 0 33
17:09:10 4 0 35
17:09:40 4 0 33
17:10:11 4 0 33
17:10:41 4 0 35
17:11:11 4 0 35
17:11:41 4 0 34
17:12:11 4 0 33
17:12:41 4 0 33
17:13:11 4 0 69
17:13:42 3 1 34
17:14:12 3 1 33
17:14:42 4 0 33
17:15:12 4 0 33
17:15:42 4 0 33
17:16:12 4 0 35
17:16:42 4 0 33
17:17:12 4 0 33
17:17:42 4 0 33
17:18:12 4 0 33
17:18:42 4 0 33
17:19:13 4 0 33
17:19:43 4 0 33
17:20:13 4 0 33
17:20:43 4 0 33
17:21:13 4 0 33
17:21:43 4 0 33
17:22:13 4 0 33
17:22:44 4 0 33
17:23:14 4 0 33
17:23:44 4 0 33
17:24:14 4 0 33
17:24:44 4 0 33
17:25:14 4 0 33
17:25:44 4 0 33
17:26:15 4 0 33
17:26:45 4 0 42
17:27:15 4 0 33
17:27:45 4 0 33
17:28:15 4 0 33
17:28:45 4 0 33
17:29:16 4 0 33
17:29:46 4 0 33
17:30:16 4 0 33
17:30:47 3 1 33
17:31:16 4 0 33
17:31:46 4 0 34
17:32:16 4 0 37
17:32:47 4 0 33
17:33:17 4 0 34
17:33:47 4 0 77
17:34:17 4 0 33
17:34:47 4 0 33
17:35:17 4 0 33
17:35:47 4 0 34
17:36:17 4 0 33
17:36:48 4 0 33
17:37:18 4 0 35
17:37:48 4 0 33
17:38:18 4 0 35
17:38:48 4 0 34
17:39:19 4 0 33
17:39:49 4 0 33
17:40:19 4 0 33
17:40:49 4 0 33
17:41:19 4 0 33
17:41:49 4 0 34
17:42:20 4 0 33
17:42:50 4 0 33
17:43:20 4 0 33
17:43:51 4 0 33
17:44:21 4 0 33
17:44:51 4 0 33
17:45:21 4 0 33
17:45:51 4 0 33
17:46:21 4 0 33
17:46:51 4 0 33
17:47:22 4 0 33
17:47:52 4 0 33
17:48:22 4 0 33
17:48:52 4 0 33
17:49:22 4 0 33
17:49:52 4 0 33
17:50:22 4 0 33
17:50:52 4 0 33
17:51:23 4 0 33
17:51:54 3 1 33
17:52:23 4 0 36
17:52:53 4 0 33
17:53:23 4 0 33
17:53:53 4 0 33
17:54:23 4 0 33
17:54:53 4 0 32
17:55:24 4 0 33
17:55:54 4 0 34
17:56:24 4 0 34
17:56:54 4 0 33
17:57:24 4 0 33
17:57:54 4 0 32
17:58:24 4 0 33
17:58:54 4 0 35
17:59:26 3 1 32
17:59:55 4 0 45
18:00:25 4 0 32
18:00:55 4 0 32
18:01:25 4 0 33
18:01:55 4 0 33
18:02:26 4 0 33
18:02:56 4 0 36
18:03:27 4 0 33
18:03:57 4 0 33
18:04:27 4 0 33
18:04:57 4 0 33
18:05:27 4 0 34
18:05:57 4 0 33
18:06:27 4 0 33
18:06:57 4 0 33
18:07:28 4 0 33
18:07:58 4 0 33
18:08:28 4 0 33
18:08:58 4 0 33
18:09:28 4 0 33
18:09:58 4 0 33
18:10:28 4 0 33
18:10:58 4 0 33
18:11:29 4 0 33
18:11:59 4 0 33
18:12:29 4 0 33
18:12:59 4 0 33
18:13:29 4 0 33
18:13:59 4 0 33
18:14:30 4 0 33
18:15:00 4 0 33
18:15:30 4 0 33
18:16:00 4 0 33
18:16:30 4 0 33
18:17:00 4 0 35
18:17:30 4 0 33
18:18:00 4 0 33
18:18:31 4 0 35
18:19:01 4 0 33
18:19:31 4 0 33
18:20:01 4 0 33
18:20:31 4 0 32
18:21:01 4 0 33
18:21:31 4 0 33
18:22:01 4 0 33
18:22:32 4 0 33
18:23:02 4 0 33
18:23:33 4 0 33
18:24:03 4 0 36
18:24:33 4 0 33
18:25:03 4 0 33
18:25:33 4 0 33
18:26:03 4 0 34
18:26:34 4 0 33
18:27:04 4 0 66
18:27:34 4 0 35
18:28:04 4 0 33
18:28:35 4 0 33
18:29:05 4 0 54
18:29:35 4 0 33
18:30:05 4 0 33
18:30:35 4 0 33
18:31:05 4 0 33
18:31:36 4 0 33
18:32:06 4 0 34
18:32:36 4 0 33
18:33:06 4 0 36
18:33:37 4 0 36
18:34:07 4 0 33
18:34:37 4 0 33
18:35:07 4 0 33
18:35:37 4 0 33
18:36:07 4 0 34
18:36:38 4 0 33
18:37:08 4 0 33
18:37:38 4 0 34
18:38:08 4 0 33
18:38:38 4 0 33
18:39:08 4 0 33
18:39:38 4 0 33
18:40:09 4 0 34
18:40:39 4 0 33
18:41:09 4 0 33
18:41:39 4 0 33
18:42:09 4 0 33
18:42:39 4 0 33
18:43:09 4 0 33
18:43:39 4 0 33
18:44:09 4 0 35
18:44:40 4 0 33
18:45:10 4 0 33
18:45:40 4 0 33
18:46:10 4 0 33
18:46:40 4 0 33
18:47:10 4 0 33
18:47:40 4 0 33
18:48:10 4 0 33
18:48:40 4 0 33
18:49:11 4 0 34
18:49:41 4 0 33
18:50:11 4 0 33
18:50:41 4 0 33
18:51:12 3 1 33
18:51:41 4 0 33
18:52:11 4 0 33
18:52:41 4 0 33
18:53:12 4 0 34
18:53:42 4 0 34
18:54:13 4 0 34
18:54:43 4 0 33
18:55:13 4 0 33
18:55:43 4 0 33
18:56:13 4 0 33
18:56:43 4 0 33
18:57:13 4 0 33
18:57:43 4 0 33
18:58:14 4 0 32
18:58:44 4 0 33
18:59:14 4 0 34
18:59:44 4 0 33
19:00:14 4 0 33
19:00:44 4 0 33
19:01:14 4 0 33
19:01:44 4 0 33
19:02:14 4 0 33
19:02:45 4 0 33
19:03:15 4 0 33
19:03:45 4 0 33
19:04:15 4 0 33
19:04:45 4 0 33
19:05:15 4 0 33
19:05:45 4 0 33
19:06:15 4 0 33
19:06:45 4 0 35
19:07:16 4 0 36
19:07:46 4 0 33
19:08:16 4 0 33
19:08:46 4 0 34
19:09:16 4 0 33
19:09:46 4 0 33
19:10:16 4 0 33
19:10:46 4 0 33
19:11:16 4 0 33
19:11:47 4 0 33
19:12:17 4 0 33
19:12:47 4 0 33
19:13:17 4 0 33
19:13:47 4 0 37
19:14:17 4 0 37
19:14:47 4 0 33
19:15:17 4 0 33
19:15:48 4 0 33
19:16:18 4 0 33
19:16:48 4 0 33
19:17:18 4 0 33
19:17:48 4 0 33
19:18:18 4 0 33
19:18:48 4 0 33
19:19:18 4 0 33
19:19:48 4 0 33
19:20:18 4 0 33
19:20:49 4 0 33
19:21:19 4 0 33
19:21:49 4 0 33
19:22:19 4 0 34
19:22:49 4 0 33
19:23:19 4 0 34
19:23:49 4 0 33
19:24:19 4 0 33
19:24:50 4 0 35
19:25:20 4 0 34
19:25:50 4 0 33
19:26:20 4 0 33
19:26:50 4 0 34
19:27:20 4 0 33
19:27:50 4 0 33
19:28:20 4 0 33
19:28:50 4 0 33
19:29:20 4 0 33
19:29:51 4 0 35
19:30:21 4 0 33
19:30:51 4 0 32
19:31:21 4 0 33
19:31:51 4 0 33
19:32:21 4 0 33
19:32:51 4 0 33
19:33:21 4 0 35
19:33:52 4 0 34
19:34:22 4 0 33
19:34:52 4 0 34
19:35:22 4 0 33
19:35:52 4 0 33
19:36:22 4 0 33
19:36:52 4 0 33
19:37:23 4 0 33
19:37:53 4 0 34
19:38:23 4 0 34
19:38:53 4 0 33
19:39:23 4 0 33
19:39:53 4 0 33
19:40:23 4 0 33
19:40:53 4 0 33
19:41:23 4 0 33
19:41:54 4 0 33
19:42:24 4 0 33
19:42:54 4 0 33
19:43:24 4 0 33
19:43:54 4 0 33
19:44:24 4 0 33
19:44:54 4 0 33
19:45:24 4 0 33
19:45:54 4 0 33
19:46:24 4 0 33
19:46:55 4 0 33
19:47:25 4 0 33
19:47:55 4 0 33
19:48:25 4 0 32
19:48:55 4 0 33
19:49:25 4 0 33
19:49:55 4 0 33
19:50:25 4 0 33
19:50:55 4 0 33
19:51:26 4 0 33
19:51:56 4 0 33
19:52:26 4 0 62
19:52:56 4 0 33
19:53:26 4 0 33
19:53:56 4 0 33
19:54:26 4 0 34
19:54:56 4 0 34
19:55:26 4 0 33
19:55:56 4 0 33
19:56:26 4 0 34
19:56:57 4 0 33
19:57:27 4 0 33
19:57:57 4 0 33
19:58:27 4 0 33
19:58:57 4 0 33
19:59:27 4 0 33
19:59:58 4 0 33
20:00:28 4 0 34
20:00:58 4 0 33
20:01:28 4 0 34
20:01:58 4 0 66
20:02:28 4 0 33
20:02:58 4 0 33
20:03:28 4 0 33
20:03:58 4 0 33
20:04:28 4 0 33
20:04:58 4 0 33
20:05:28 4 0 33
20:05:59 4 0 36
20:06:29 4 0 33
20:06:59 4 0 33
20:07:29 4 0 33
20:07:59 4 0 33
20:08:29 4 0 33
20:08:59 4 0 33
20:09:29 4 0 33
20:09:59 4 0 33
20:10:29 4 0 33
20:11:00 4 0 33
20:11:30 4 0 33
20:12:00 4 0 33
20:12:30 4 0 33
20:13:00 4 0 33
20:13:30 4 0 34
20:14:00 4 0 33
20:14:30 4 0 34
20:15:00 4 0 33
20:15:30 4 0 33
20:16:01 4 0 33
20:16:31 4 0 33
20:17:01 4 0 33
20:17:31 4 0 33
20:18:01 4 0 33
20:18:31 4 0 33
20:19:01 4 0 33
20:19:32 4 0 32
20:20:02 4 0 34
20:20:32 4 0 33
20:21:02 4 0 33
20:21:32 4 0 33
20:22:02 4 0 33
20:22:32 4 0 33
20:23:02 4 0 33
20:23:32 4 0 33
20:24:03 4 0 33
20:24:33 4 0 33
20:25:03 4 0 33
20:25:33 4 0 33
20:26:03 4 0 33
20:26:33 4 0 34
20:27:03 4 0 33
20:27:33 4 0 33
20:28:04 4 0 34
20:28:34 4 0 33
20:29:04 4 0 34
20:29:34 4 0 33
20:30:04 4 0 33
20:30:35 3 1 65
20:31:04 4 0 33
20:31:34 4 0 33
20:32:04 4 0 33
20:32:34 4 0 33
20:33:05 4 0 33
20:33:35 4 0 33
20:34:05 4 0 34
20:34:35 4 0 33
20:35:05 4 0 33
20:35:35 4 0 33
20:36:05 4 0 33
20:36:35 4 0 33
20:37:06 4 0 33
20:37:36 4 0 36
20:38:06 4 0 33
20:38:36 4 0 36
20:39:06 4 0 33
20:39:36 4 0 33
20:40:06 4 0 33
20:40:36 4 0 33
20:41:06 4 0 33
20:41:36 4 0 34
20:42:07 4 0 33
20:42:37 4 0 33
20:43:07 4 0 33
20:43:37 4 0 33
20:44:07 4 0 33
20:44:37 4 0 33
20:45:07 4 0 33
20:45:37 4 0 33
20:46:07 4 0 33
20:46:37 4 0 33
20:47:08 4 0 35
20:47:38 4 0 33
20:48:08 4 0 34
20:48:38 4 0 33
20:49:08 4 0 65
20:49:38 4 0 34
20:50:08 4 0 33
20:50:38 4 0 34
20:51:08 4 0 33
20:51:38 4 0 33
20:52:09 4 0 33
20:52:39 4 0 33
20:53:09 4 0 33
20:53:39 4 0 33
20:54:09 4 0 33
20:54:39 4 0 33
20:55:09 4 0 33
20:55:39 4 0 33
20:56:09 4 0 33
20:56:39 4 0 35
20:57:10 4 0 33
20:57:40 4 0 34
20:58:10 4 0 33
20:58:40 4 0 34
20:59:10 4 0 33
20:59:40 4 0 33
21:00:10 4 0 33
21:00:40 4 0 33
21:01:11 4 0 33
21:01:41 4 0 33
21:02:11 4 0 33
21:02:41 4 0 33
21:03:11 4 0 33
21:03:41 4 0 33
21:04:11 4 0 33
21:04:41 4 0 33
21:05:11 4 0 33
21:05:41 4 0 33
21:06:12 4 0 33
21:06:42 4 0 33
21:07:13 4 0 33
21:07:43 4 0 33
21:08:13 4 0 33
21:08:43 4 0 33
21:09:13 4 0 34
21:09:43 4 0 33
21:10:13 4 0 33
21:10:43 4 0 33
21:11:14 4 0 34
21:11:44 4 0 73
21:12:14 4 0 33
21:12:44 4 0 33
21:13:14 4 0 33
21:13:44 4 0 34
21:14:14 4 0 37
21:14:44 4 0 36
21:15:14 4 0 34
21:15:44 4 0 33
21:16:14 4 0 35
21:16:45 4 0 33
21:17:15 4 0 44
21:17:45 4 0 33
21:18:15 4 0 33
21:18:45 4 0 33
21:19:16 4 0 33
21:19:46 4 0 33
21:20:16 4 0 33
21:20:46 4 0 33
21:21:16 4 0 34
21:21:46 4 0 33
21:22:16 4 0 33
21:22:46 4 0 33
21:23:16 4 0 33
21:23:46 4 0 33
21:24:17 4 0 33
21:24:47 4 0 33
21:25:17 4 0 33
21:25:47 4 0 36
21:26:17 4 0 35
21:26:48 4 0 33
21:27:18 4 0 33
21:27:48 4 0 33
21:28:19 4 0 33
21:28:49 4 0 33
21:29:19 4 0 33
21:29:49 4 0 33
21:30:19 4 0 33
21:30:49 4 0 33
21:31:19 4 0 34
21:31:49 4 0 33
21:32:19 4 0 33
21:32:49 4 0 33
21:33:20 4 0 36
21:33:50 4 0 34
21:34:20 4 0 35
21:34:50 4 0 34
21:35:20 4 0 33
21:35:50 4 0 34
21:36:20 4 0 33
21:36:50 4 0 33
21:37:21 4 0 34
21:37:51 4 0 33
21:38:21 4 0 33
21:38:51 4 0 33
21:39:21 4 0 33
21:39:51 4 0 34
21:40:21 4 0 36
21:40:51 4 0 33
21:41:21 4 0 33
21:41:51 4 0 33
21:42:22 4 0 33
21:42:52 4 0 39
21:43:22 4 0 33
21:43:52 4 0 35
21:44:22 4 0 33
21:44:52 4 0 33
21:45:22 4 0 33
21:45:52 4 0 34
21:46:23 4 0 33
21:46:53 4 0 33
21:47:23 4 0 33
21:47:53 4 0 33
21:48:23 4 0 35
21:48:53 4 0 33
21:49:23 4 0 33
21:49:53 4 0 34
21:50:24 4 0 33
21:50:54 4 0 34
21:51:24 4 0 33
21:51:54 4 0 33
21:52:24 4 0 33
21:52:54 4 0 33
21:53:24 4 0 33
21:53:54 4 0 33
21:54:25 4 0 34
21:54:55 4 0 33
21:55:25 4 0 33
21:55:55 4 0 33
21:56:25 4 0 35
21:56:55 4 0 33
21:57:25 4 0 34
21:57:55 4 0 34
21:58:26 4 0 33
21:58:56 4 0 33
21:59:26 4 0 36
21:59:56 4 0 33
22:00:26 4 0 34
22:00:56 4 0 33
22:01:26 4 0 33
22:01:56 4 0 34
22:02:27 4 0 33
22:02:57 4 0 33
22:03:27 4 0 36
22:03:57 4 0 33
22:04:27 4 0 33
22:04:57 4 0 33
22:05:27 4 0 33
22:05:57 4 0 33
22:06:28 4 0 33
22:06:58 4 0 33
22:07:29 4 0 34
22:07:59 4 0 34
22:08:29 4 0 33
22:08:59 4 0 33
22:09:29 4 0 33
22:09:59 4 0 35
22:10:29 4 0 32
22:10:59 4 0 36
22:11:30 4 0 34
22:12:00 4 0 33
22:12:30 4 0 34
22:13:00 4 0 33
22:13:30 4 0 37
22:14:00 4 0 34
22:14:30 4 0 33
22:15:01 4 0 33
22:15:31 4 0 33
22:16:01 4 0 34
22:16:31 4 0 34
22:17:01 4 0 33
22:17:31 4 0 35
22:18:01 4 0 33
22:18:31 4 0 33
22:19:01 4 0 33
22:19:32 4 0 69
22:20:02 4 0 33
22:20:32 4 0 33
22:21:02 4 0 33
22:21:32 4 0 35
22:22:02 4 0 33
22:22:32 4 0 33
22:23:02 4 0 33
22:23:33 4 0 33
22:24:03 4 0 33
22:24:33 4 0 33
22:25:03 4 0 33
22:25:33 4 0 33
22:26:03 4 0 33
22:26:33 4 0 37
22:27:03 4 0 34
22:27:34 4 0 33
22:28:04 4 0 33
22:28:34 4 0 34
22:29:04 4 0 56
22:29:34 4 0 35
22:30:04 4 0 33
22:30:34 4 0 33
22:31:04 4 0 33
22:31:35 4 0 33
22:32:05 4 0 33
22:32:35 4 0 33
22:33:05 4 0 33
22:33:35 4 0 36
22:34:05 4 0 33
22:34:35 4 0 34
22:35:05 4 0 34
22:35:36 4 0 36
22:36:06 4 0 33
22:36:36 4 0 33
22:37:06 4 0 34
22:37:36 4 0 33
22:38:06 4 0 33
22:38:37 4 0 33
22:39:07 4 0 33
22:39:37 4 0 37
22:40:07 4 0 33
22:40:37 4 0 33
22:41:07 4 0 33
22:41:37 4 0 33
22:42:08 4 0 33
22:42:38 4 0 33
22:43:08 4 0 33
22:43:38 4 0 33
22:44:08 4 0 33
22:44:38 4 0 33
22:45:08 4 0 34
22:45:38 4 0 33
22:46:08 4 0 33
22:46:39 4 0 33
22:47:09 4 0 33
22:47:39 4 0 33
22:48:09 4 0 33
22:48:39 4 0 33
22:49:09 4 0 33
22:49:39 4 0 33
22:50:09 4 0 33
22:50:40 4 0 33
22:51:10 4 0 33
22:51:40 4 0 33
22:52:10 4 0 33
22:52:40 4 0 34
22:53:10 4 0 33
22:53:40 4 0 33
22:54:10 4 0 33
22:54:41 4 0 33
22:55:11 4 0 33
22:55:41 4 0 35
22:56:11 4 0 36
22:56:41 4 0 33
22:57:11 4 0 37
22:57:41 4 0 33
22:58:11 4 0 33
22:58:42 4 0 34
22:59:12 4 0 33
22:59:42 4 0 33
23:00:12 4 0 33
23:00:42 4 0 33
23:01:12 4 0 33
23:01:43 4 0 33
23:02:13 4 0 33
23:02:43 4 0 33
23:03:13 4 0 33
23:03:43 4 0 33
23:04:13 4 0 35
23:04:43 4 0 33
23:05:13 4 0 33
23:05:44 4 0 36
23:06:14 4 0 33
23:06:44 4 0 33
23:07:14 4 0 33
23:07:44 4 0 33
23:08:14 4 0 34
23:08:44 4 0 33
23:09:14 4 0 33
23:09:45 4 0 71
23:10:15 4 0 33
23:10:45 4 0 34
23:11:15 4 0 71
23:11:45 4 0 34
23:12:15 4 0 33
23:12:45 4 0 33
23:13:15 4 0 33
23:13:46 4 0 43
23:14:16 4 0 39
23:14:46 4 0 33
23:15:16 4 0 33
23:15:46 4 0 33
23:16:16 4 0 33
23:16:46 4 0 33
23:17:16 4 0 33
23:17:47 4 0 35
23:18:17 4 0 34
23:18:47 4 0 33
23:19:17 4 0 33
23:19:47 4 0 37
23:20:17 4 0 33
23:20:47 4 0 33
23:21:17 4 0 33
23:21:48 4 0 59
23:22:18 4 0 33
23:22:48 4 0 33
23:23:18 4 0 33
23:23:48 4 0 33
23:24:18 4 0 33
23:24:49 4 0 33
23:25:19 4 0 34
23:25:49 4 0 33
23:26:19 4 0 33
23:26:49 4 0 33
23:27:19 4 0 40
23:27:49 4 0 33
23:28:19 4 0 33
23:28:50 4 0 33
23:29:20 4 0 33
23:29:50 4 0 33
23:30:20 4 0 33
23:30:50 4 0 33
23:31:20 4 0 34
23:31:50 4 0 33
23:32:20 4 0 33
23:32:51 4 0 33
23:33:21 4 0 33
23:33:51 4 0 34
23:34:21 4 0 34
23:34:51 4 0 35
23:35:21 4 0 33
23:35:51 4 0 33
23:36:21 4 0 33
23:36:52 4 0 33
23:37:22 4 0 33
23:37:52 4 0 35
23:38:22 4 0 33
23:38:52 4 0 33
23:39:22 4 0 33
23:39:53 4 0 33
23:40:23 4 0 33
23:40:53 4 0 33
23:41:23 4 0 33
23:41:53 4 0 33
23:42:23 4 0 34
23:42:54 4 0 33
23:43:24 4 0 33
23:43:54 4 0 33
23:44:24 4 0 33
23:44:54 4 0 33
23:45:24 4 0 33
23:45:55 4 0 33
23:46:25 4 0 33
23:46:55 4 0 33
23:47:25 4 0 35
23:47:56 4 0 33
23:48:26 4 0 32
23:48:57 4 0 33
23:49:27 4 0 33
23:49:57 4 0 34
23:50:27 4 0 33
23:50:58 4 0 33
23:51:28 4 0 33
23:51:58 4 0 33
23:52:29 4 0 34
23:52:59 4 0 33
23:53:30 4 0 33
23:54:00 4 0 34
23:54:30 4 0 33
23:55:00 4 0 36
23:55:31 4 0 33
23:56:02 4 0 33
23:56:32 4 0 36
23:57:03 4 0 34
23:57:34 4 0 33
23:58:04 4 0 33
23:58:34 4 0 33
23:59:04 4 0 32
23:59:35 4 0 33
