00:01:15 20291 2677
00:02:39 112522 9531
00:03:23 12878 8985
00:04:10 1172 821
00:05:13 13382 1015
00:06:10 16208 5137
00:07:17 2644 4521
00:08:17 5778 4245
02:00:10 539 923
02:01:06 2512 3775
02:02:06 63760 2855
02:03:07 50662 2471
02:04:07 170 1231
02:05:08 3850 1420
02:06:08 177926 6526
02:07:09 42604 2637
02:08:09 6978 71672
02:09:09 2602 71440
02:10:10 49630 1409
02:11:11 7746 2457
02:12:11 46512 6273
02:13:11 10016 9637
02:14:12 -1 -1
02:15:12 99156 40535
02:16:12 17479 2956
02:17:12 34009 2650
02:18:13 24295 1771
02:19:14 5660 1385
02:20:14 26823 2052
02:21:14 41450 29652
02:22:15 110649 4229
02:23:15 2143 2755
02:24:16 40934 3968
02:25:16 39500 21941
02:26:17 7450 6691
02:27:17 12472 796
02:28:17 4115 1868
02:29:18 31062 1432
02:30:19 49495 3391
02:31:19 476 444
02:32:19 241453 13793
02:33:19 3068 4979
02:34:20 24882 1424
02:35:20 49940 7492
02:36:21 360 370
02:37:21 558 14060
02:38:22 5181 896
02:39:22 3859 4124
02:40:22 4202 5402
02:41:23 134966 8992
02:42:23 102628 6537
02:43:23 18007 7240
02:44:24 12616 5982
02:45:24 26637 7387
02:46:25 8893 2598
02:47:25 550 1027
02:48:25 30971 3054
02:49:26 19149 6585
02:50:26 27653 3675
02:51:27 7086 805
02:52:28 95768 5964
02:53:27 21315 7126
02:54:28 21646 2862
02:55:28 52363 4213
02:56:29 530 3817
02:57:29 114895 7230
02:58:29 7998 3540
02:59:30 2125 869
03:00:30 108 60
03:01:31 28143 10034
03:02:31 22713 1446
03:03:31 54 221
03:04:32 43417 3689
03:05:32 484 656
03:06:33 13391 1162
03:07:34 30663 2122
03:08:34 29667 13670
03:09:34 13088 5874
03:10:34 2999 2444
03:11:35 3170 7540
03:12:35 1232959 41987
03:13:35 24004 8558
03:14:36 1293 2877
03:15:36 29506 6193
03:16:36 24597 5784
03:17:37 7514 4906
03:18:37 726 612
03:19:38 28061 7591
03:20:38 96274 5352
03:21:38 8930 3254
03:22:39 17890 6960
03:23:39 25917 6412
03:24:39 714 536
03:25:40 30923 1691
03:26:40 13252 7384
03:27:40 3782 4854
03:28:41 656 480
03:29:41 12753 1222
03:30:41 104812 3771
03:31:42 190290 11160
03:32:42 3754 1393
03:33:42 656 480
03:34:42 458 540
03:35:43 6570 2197
03:36:43 3532 2379
03:37:44 5994 2875
03:38:44 18482 7910
03:39:44 772 960
03:40:45 1458 1181
03:41:45 12119 2355
03:42:45 18839 2559
03:43:46 6275 1010
03:44:46 834 1279
03:45:46 4402 4756
03:46:47 1334 1047
03:47:47 17861 9515
03:48:47 38784 3350
03:49:48 2952 4036
03:50:48 710 536
03:51:48 656 480
03:52:49 18350 1398
03:53:49 3218 4166
03:54:49 36169 1904
03:55:50 70403 7574
03:56:50 2919 4916
03:57:51 135975 12774
03:58:51 839 1626
03:59:51 77521 3211
04:00:51 16443 1809
04:01:52 6965 1943
04:02:52 7193 5533
04:03:52 16953 1916
04:04:53 13445 2451
04:05:53 3882 1376
04:06:54 19928 1320
04:07:54 11544 4848
04:08:54 46281 3279
04:09:54 13956 1505
04:10:55 9602 1917
04:11:55 10489 2895
04:12:56 1146 924
04:13:56 8322 1492
04:14:56 4219 13916
04:15:57 32003 2455
04:16:57 1772 7897
04:17:57 1467 1053
04:18:58 8300 5595
04:19:58 106834 6273
04:20:58 2278 596
04:21:59 6355 1184
04:22:59 2970 4287
04:23:59 12456 2561
04:25:00 33828 13287
04:26:00 177410 195014
04:27:00 17840 2638
04:28:01 24899 5113
04:29:01 8469 6291
04:30:01 9543 1298
04:31:02 21041 1388
04:32:02 35308 2755
04:33:02 37960 7371
04:34:03 8632 4971
04:35:03 67160 5666
04:36:03 4908668 111001
04:37:04 22217 2653
04:38:04 3459 4442
04:39:05 830 542
04:40:05 23425 5167
04:41:05 3535 4672
04:42:06 710 1190
04:43:06 4006 3359
04:44:06 30574 3271
04:45:07 656 416
04:46:07 2130 1144
04:47:07 2328 2202
04:48:08 24453 5945
04:49:08 154068 3067
04:50:08 5533 3805
04:51:09 55796 4863
04:52:09 9740 548
04:53:09 764 540
04:54:10 11250 2381
04:55:10 656 1070
04:56:10 2532 3612
04:57:11 706 1331
04:58:11 37201 2393
04:59:11 1903 1037
05:00:12 25308 6726
05:01:12 72858 8318
05:02:12 656 476
05:03:13 39551 2833
05:04:13 54541 8783
05:05:18 128639 6960
05:06:15 1391 5868
05:07:14 28457 5048
05:08:16 776 546
05:09:17 69446 7007
05:10:15 3018 2818
05:11:17 5988 2358
05:12:17 44444 6901
05:13:16 4844 1190
05:14:17 4774 6080
05:15:17 15773 1800
05:16:17 72132 2887
05:17:18 5563 8169
05:18:18 124 138
05:19:19 8669 1021
05:20:19 18157 2280
05:21:19 52855 2673
05:22:20 23597 4434
05:23:20 6973 5637
05:24:20 134723 10469
05:25:21 17729 6795
05:26:21 4288 1069
05:27:21 48050 11008
05:28:22 1165 1006
05:29:22 9211 1718
05:30:22 23899 4901
05:31:23 110258 10422
05:32:23 27742 2112
05:33:23 6507 7796
05:34:24 838 695
05:35:24 474 1380
05:36:24 13101 1586
05:37:25 10408 1907
05:38:25 656 480
05:39:25 404 480
05:40:26 2604344 61266
05:41:26 8840 7910
05:42:27 5688 3432
05:43:27 11829 1714
05:44:27 44888 8477
05:45:27 26988 5319
05:46:28 813 480
05:47:28 5426 982
05:48:29 16917 2183
05:49:29 9076 836
05:50:29 12046 1130
05:51:29 96600 70488
05:52:30 34751 9025
05:53:30 1432 1765
05:54:30 205231 15332
05:55:31 1918 6903
05:56:31 11333 1793
05:57:32 790 678
05:58:33 49905 2112
05:59:32 722 476
06:00:33 13790 2011
06:01:33 29667 6274
06:02:34 30736 2069
06:03:34 24735 6508
06:04:34 25229 2450
06:05:36 30943 27432
06:06:35 108 60
06:07:36 19350 13238
06:08:36 13180 7406
06:09:36 84114 8892
06:10:37 21099 956
06:11:37 121959 3889
06:12:37 656 416
06:13:38 25749 3644
06:14:38 826 2229
06:15:39 1026 797
06:16:39 20859 1674
06:17:39 710 476
06:18:40 9518 1509
06:19:40 404 480
06:20:40 9882 7304
06:21:41 1471 1099
06:22:41 7214 5804
06:23:41 28172 4818
06:24:42 27067 2751
06:25:42 23672 7105
06:26:42 7133 1746
06:27:43 1818 1626
06:28:43 37429 4603
06:29:43 6966 5238
06:30:44 764 536
06:31:44 2090 2818
06:32:44 1866 1457
06:33:45 1338 1276
06:34:45 4657 22563
06:35:45 9679 4516
06:36:46 63397 10622
06:37:46 39593 2479
06:38:47 20794 3033
06:39:47 1566 2685
06:40:47 42405 7893
06:41:47 21423 1933
06:42:48 11961 7348
06:43:48 2013 6701
06:44:48 61434 4404
06:45:49 44968 3530
06:46:49 70593 9979
06:47:49 9578 4294
06:48:50 7450 5671
06:49:50 51352 6818
06:50:50 19783 3197
06:51:52 84188 9302
06:52:51 9652 1103
06:53:51 9482 11260
06:54:52 24661 7849
06:55:52 1958 1392
06:56:52 780 1506
06:57:53 10620 2194
06:58:53 3556 1031
06:59:53 1380 1979
07:00:54 36901 4111
07:01:54 63508 15753
07:02:54 210605 18968
07:03:55 34143 3624
07:04:55 24441 1813
07:05:55 9988 1313
07:06:56 30162 3569
07:07:56 32407 8777
07:08:57 1242 2097
07:09:57 14685 4534
07:10:57 20598 10067
07:11:57 30719 4102
07:12:58 20097 2185
07:13:58 10016 1314
07:14:58 11427 3648
07:15:59 23808 3539
07:16:59 3064 4375
07:18:00 5854141 132173
07:19:00 14115 7616
07:20:00 825 1556
07:21:01 12870 3408
07:22:01 1521 1544
07:23:01 10850 1917
07:24:02 23332 3113
07:25:02 3878 967
07:26:02 12632 4668
07:27:03 5866 4357
07:28:03 120059 9554
07:29:03 31129 1643
07:30:04 4902 580
07:31:04 11407 4949
07:32:04 112 1458
07:33:05 4372 845
07:34:05 82530 2678
07:35:06 43801 4587
07:36:07 3284 4708
07:37:07 83657 2478
07:38:07 3260 869
07:39:08 4335 855
07:40:08 40494 7625
07:41:08 3940 5163
07:42:09 2698 3492
07:43:09 20853 904
07:44:09 12712 1489
07:45:10 84504 6752
07:46:10 21343 1692
07:47:10 748 844
07:48:11 562 1137
07:49:11 1065 661
07:50:11 10347 1672
07:51:12 566 769
07:52:12 4602 6298
07:53:12 16826 1834
07:54:12 15088 5913
07:55:13 1966 1186
07:56:13 261887 13835
07:57:13 89112 9056
07:58:14 96500 2449
07:59:14 183688 6166
08:00:14 10595 7266
08:01:15 158003 21759
08:02:15 7537 1656
08:03:15 58858 3050
08:04:16 13829 1497
08:05:16 20014 2931
08:06:16 31615 2000
08:07:17 186120 17498
08:08:17 2043 2648
08:09:17 10076 924
08:10:17 1104 815
08:11:18 1037 661
08:12:18 819319 18322
08:13:18 480 306
08:14:19 71364 3022
08:15:19 3524 880
08:16:19 3486 4685
08:17:20 148059 10140
08:18:20 38437 2502
08:19:20 18195 808
08:20:21 119480 9097
08:21:21 114483 11393
08:22:21 45704 7606
08:23:22 592 375
08:24:23 42227 8632
08:25:23 8464 2850
08:26:23 24943 6901
08:27:24 4617 1224
08:28:24 2814 3986
08:29:24 40414 2054
08:30:25 18473 1706
08:31:25 1697 634
08:32:25 302933 14763
08:33:26 120621 9953
08:34:26 43845 6138
08:35:26 9828 2718
08:36:26 22618 13647
08:37:27 43627 13400
08:38:27 353445 20551
08:39:27 256320 31484
08:40:28 373798 30152
08:41:28 77670 6810
08:42:29 18286 1777
08:43:29 5086 6036
08:44:29 12491 11762
08:45:30 3267 4299
08:46:30 7903 7617
08:47:30 1976 1180
08:48:31 597172 30714
08:49:31 33563 6213
08:50:31 769 374
08:51:32 4177 3773
08:52:32 6130 947
08:53:33 11675 9562
08:54:33 107539 5948
08:55:34 87424 4404
08:56:34 1992 1680
08:57:34 17045 5647
08:58:35 3822 360
08:59:35 9595 6938
09:00:36 231120 8779
09:01:36 360 427
09:02:36 455 751
09:03:36 426362 13693
09:04:37 360 902
09:05:37 28865 3339
09:06:37 107430 8020
09:07:37 12661 6938
09:08:38 122957 11443
09:09:38 5258 78148
09:10:38 37581 2164
09:11:38 118779 9015
09:12:39 492 304
09:13:39 2071 905
09:14:39 623746 26206
09:15:39 10978 9364
09:16:40 67600 8746
09:17:40 67442 15435
09:18:41 15458 2492
09:19:41 5704 4092
09:20:41 378558 20326
09:21:41 50004 2781
09:22:42 12153 1125
09:23:42 12351 7243
09:24:42 17168 6099
09:25:42 257954 14818
09:26:43 521498 32444
09:27:43 427427 15780
09:28:43 152623 8076
09:29:44 21694 32914
09:30:44 14671 1794
09:31:44 18668 4744
09:32:44 11304 2724
09:33:45 844 1584
09:34:45 412207 23064
09:35:45 9395 1072
09:36:46 119169 3448
09:37:46 15217 5891
09:38:47 436823 17482
09:39:47 239403 8788
09:40:47 114001 59447
09:41:48 38865 6024
09:42:48 21674 8192
09:43:48 507629 32741
09:44:49 216024 14499
09:45:49 29237 3469
09:46:49 149061 16023
09:47:50 160795 12428
09:48:49 115741 13873
09:49:50 372008 24287
09:50:50 11742 39215
09:51:50 5921 8277
09:52:50 108082 11249
09:53:51 345405 17230
09:54:51 19542 1811
09:55:51 153589 13972
09:56:51 4396 2023
09:57:52 259528 27759
09:58:52 521076 31146
09:59:52 20165 4836
10:00:52 821727 20865
10:01:53 2074 1593
10:02:53 244121 15001
10:03:53 95635 6119
10:04:54 6344 3932
10:05:53 100734 6025
10:06:54 67044 5217
10:07:54 29271 7092
10:08:54 75891 13845
10:09:55 12632 8530
10:10:55 36950 8155
10:11:55 762871 24191
10:12:55 575981 21720
10:13:56 58088 18392
10:14:56 4239 2830
10:15:56 19394 7870
10:16:56 21431 6977
10:17:57 77032 3748
10:18:57 19203 32569
10:19:57 174777 14765
10:20:58 10053 10782
10:21:58 66682 6950
10:22:59 12659 3013
10:24:00 475996 18254
10:25:01 121705 15856
10:26:01 19011 4563
10:27:02 869661 23145
10:28:02 78217 7512
10:29:02 35386 12346
10:30:03 93483 15013
10:31:03 64284 8246
10:32:03 172796 11608
10:33:04 36693 12708
10:34:04 165547 13767
10:35:04 12912 12747
10:36:04 41223 7412
10:37:05 38143 5504
10:38:06 138439 10467
10:39:06 25696 6201
10:40:07 63762 9777
10:41:07 8160 6340
10:42:07 74407 13071
10:43:08 6363 6343
10:44:08 28500 5097
10:45:08 129813 6580
10:46:09 40256 5876
10:47:09 296072 13635
10:48:09 520213 29696
10:49:10 152454 17526
10:50:10 312288 16873
10:51:10 122574 6855
10:52:11 244988 12014
10:53:11 3244 3607
10:54:12 162164 8909
10:55:12 103868 11144
10:56:13 49079 7459
10:57:13 85701 30929
10:58:14 259479 26927
10:59:15 224030 13458
11:00:15 107895 14333
11:01:15 5584 4407
11:02:16 444596 16926
11:03:16 14035 4220
11:04:17 75581 6144
11:05:17 155974 10527
11:06:17 91905 15167
11:07:17 553902 27863
11:08:18 11747 11010
11:09:19 45625 3108
11:10:19 87107 8528
11:11:19 111814 7482
11:12:19 1451 1467
11:13:19 78214 6184
11:14:20 173004 14945
11:15:21 31220 7515
11:16:21 29050 4874
11:17:22 552203 17124
11:18:22 39467 5865
11:19:22 62902 9059
11:20:23 168642 15787
11:21:23 142055 16239
11:22:23 22999 11538
11:23:24 5553 5728
11:24:24 8979 12979
11:25:24 27188 16994
11:26:24 -1 -1
11:27:25 51187 11288
11:28:25 119726 5669
11:29:25 152006 14445
11:30:25 4321 1126
11:31:26 146017 9266
11:32:26 4614 6895
11:33:26 132683 5290
11:34:27 24394 9250
11:35:28 46231 2558
11:36:28 61994 5030
11:37:29 70007 7121
11:38:29 10597753 244052
11:39:29 234673 46656
11:40:30 106795 9981
11:41:30 185936 27263
11:42:30 3529 1320
11:43:30 20692 6671
11:44:31 151591 53789
11:45:32 59453 7006
11:46:33 114169 9487
11:47:33 61605 11856
11:48:33 10105 6634
11:49:34 182434 15205
11:50:34 56247 8551
11:51:35 94273 13525
11:52:35 17933 2548
11:53:35 9008 4042
11:54:36 2061 4836
11:55:36 11128 3723
11:56:36 60877 8587
11:57:37 40468 7723
11:58:37 85681 16278
11:59:37 872231 29529
12:00:37 46360 9314
12:01:38 26472 2662
12:02:38 593644 22492
12:03:38 1300 1994
12:04:38 88109 5806
12:05:39 3978 3138
12:06:39 12002 3292
12:07:39 104797 7789
12:08:39 3618 4924
12:09:40 49558 7300
12:10:40 49654 24049
12:11:41 129261 6941
12:12:41 394562 25553
12:13:41 108118 7393
12:14:42 173962 6114
12:15:42 33547 5981
12:16:43 52598 6607
12:17:43 158232 12588
12:18:44 25261 2763
12:19:45 771274 33709
12:20:45 211326 17974
12:21:45 87160 12534
12:22:45 1632 1916
12:23:45 2291 2333
12:24:46 58393 35869
12:25:46 7921 2019
12:26:46 7853 1484
12:27:47 14556 7700
12:28:47 2037 1395
12:29:47 221803 14021
12:30:48 6949 8922
12:31:48 17460 6592
12:32:48 2340 1084
12:33:48 8789 1616
12:34:48 10700 844
12:35:48 322309 9082
12:36:49 -1 -1
12:37:49 552 1699
12:38:49 9286 546
12:39:50 224 728
12:40:50 139029 6737
12:41:50 23754 2281
12:42:50 1752 1610
12:43:50 100296 5023
12:44:51 43303 9622
12:45:51 360 341
12:46:51 4086 1474
12:47:51 13172 6545
12:48:51 35455 4603
12:49:52 11905 3418
12:50:53 3168 960
12:51:53 32712 2164
12:52:53 108 714
12:53:54 4751 4926
12:54:54 -1 -1
12:55:54 30664 6500
12:56:54 24981 5804
12:57:58 550 304
12:58:55 17720 5411
12:59:55 2554 3728
13:00:55 26938 5739
13:01:56 899566 27212
13:02:56 78084 4066
13:03:56 43973 15140
13:04:56 28253 8160
13:05:56 94696 4782
13:06:57 157260 9297
13:07:57 117393 5294
13:08:57 8483 5633
13:09:57 1997 1033
13:10:57 18750 7627
13:11:58 656252 31011
13:12:58 18499 1855
13:13:58 16356 1633
13:14:58 36075 1787
13:15:59 16277 5406
13:16:59 18645 2003
13:17:59 11034 1306
13:18:59 12485 730
13:19:59 12458 11521
13:20:59 21815 8003
13:22:01 62442 3905
13:23:00 28297 696
13:24:01 161259 15599
13:25:01 7923 1410
13:26:01 29399 5495
13:27:01 109112 12319
13:28:02 18504 1084
13:29:02 10565 2756
13:30:02 31277 8035
13:31:03 12289 2789
13:32:03 20125 6520
13:33:03 8889 6128
13:34:04 9181 2151
13:35:04 41477 3192
13:36:04 7626 1734
13:37:04 44138 2796
13:38:05 46991 2790
13:39:05 60036 16356
13:40:05 46122 3233
13:41:05 77492 7559
13:42:06 21071 2026
13:43:07 34754 8269
13:44:07 436705 13939
13:45:07 39772 3404
13:46:07 422 1016
13:47:08 24377 3919
13:48:09 8453 4770
13:49:09 482 310
13:50:10 5802 1373
13:51:10 39156 4906
13:52:10 312455 12494
13:53:10 13254 6330
13:54:11 5760 1351
13:55:11 15074 1622
13:56:11 166934 8914
13:57:11 117380 4425
13:58:12 850169 50058
13:59:12 760792 27955
14:00:13 427111 9698
14:01:12 53328 7277
14:02:12 124923 5999
14:03:13 9948 1696
14:04:13 9725 328
14:05:13 19349 7504
14:06:13 27401 6642
14:07:14 34122 5242
14:08:14 41929 4188
14:09:15 10556 7523
14:10:15 5637 12166
14:11:15 24340 5519
14:12:16 90773 4635
14:13:16 3472 5284
14:14:16 42945 7526
14:15:16 31235 1732
14:16:17 9659 1470
14:17:17 294839 33164
14:18:17 8712979 196172
14:19:18 137452 2392
14:20:18 82884 8790
14:21:18 12920 5800
14:22:18 10485 941
14:23:18 5533 805
14:24:19 28637 1576
14:25:20 5831 2349
14:26:20 22656 8483
14:27:21 9568 1151
14:28:21 28924 6111
14:29:21 4900 8806
14:30:21 16107 17098
14:31:22 5761 4450
14:32:22 577439 31585
14:33:22 28754 8993
14:34:23 77797 3972
14:35:23 853736 30650
14:36:24 368906 13114
14:37:24 4534 910
14:38:25 92418 7246
14:39:25 83034 11922
14:40:25 32052 9041
14:41:26 10300 2489
14:42:26 33963 18273
14:43:27 42603 15304
14:44:27 67690 11208
14:45:28 92323 13867
14:46:28 22255 12162
14:47:28 24420 4964
14:48:29 154560 7541
14:49:29 210453 10972
14:50:29 302595 9011
14:51:31 29648 14590
14:52:31 66106 5877
14:53:32 33350 5200
14:54:32 24765 2648
14:55:32 55169 8475
14:56:33 48743 5423
14:57:33 58532 10948
14:58:33 41650 9248
14:59:33 18037 21484
15:00:33 30487 9114
15:01:33 128702 14462
15:02:34 76384 5505
15:03:34 179751 12676
15:04:34 35908 3182
15:05:34 38279 3646
15:06:35 36073 6658
15:07:35 93847 9204
15:08:35 39668 3458
15:09:35 95980 9163
15:10:35 4359 4686
15:11:36 71081 18040
15:12:36 44939 10134
15:13:36 25069 7023
15:14:36 43844 4768
15:15:37 653404 35513
15:16:37 262264 11338
15:17:37 52170 5278
15:18:38 616123 19216
15:19:39 41404 4578
15:20:38 35904 16205
15:21:38 97462 4523
15:22:38 1665284 44067
15:23:39 -1 -1
15:24:39 119730 14455
15:25:39 40331 5584
15:26:39 715130 26013
15:27:39 33446 3132
15:28:40 642432 19778
15:29:40 762990 20090
15:30:40 76644 6525
15:31:41 69483 5780
15:32:41 149115 14802
15:33:41 295748 16969
15:34:42 24662 9138
15:35:42 45637 4016
15:36:42 262624 32044
15:37:42 68169 5860
15:38:43 64241 6977
15:39:42 16196 2801
15:40:43 32487 19390
15:41:43 628840 32476
15:42:43 943646 21145
15:43:43 38808 12670
15:44:43 180701 9271
15:45:44 47742 9833
15:46:44 163612 12209
15:47:44 128485 5775
15:48:45 12966 9132
15:49:45 35665 8482
15:50:45 366988 21618
15:51:46 115703 13096
15:52:46 100226 4676
15:53:46 375810 12697
15:54:46 719042 30845
15:55:47 46785 13879
15:56:47 24304 3329
15:57:47 485541 17053
15:58:47 45213 4673
15:59:47 13827 3454
16:00:47 49359 5284
16:01:48 61887 8786
16:02:48 40405 3486
16:03:48 95449 6483
16:04:49 282365 9653
16:05:49 72893 5636
16:06:49 578039 18635
16:07:49 34882 15013
16:08:49 303677 16975
16:09:49 70571 13791
16:10:50 62237 6068
16:11:50 41810 5584
16:12:50 353630 15404
16:13:50 115439 10592
16:14:51 556103 33117
16:15:51 418511 14771
16:16:51 80699 18042
16:17:52 250968 9010
16:18:52 117188 6558
16:19:52 2231 3842
16:20:52 23087 7351
16:21:52 42532 3853
16:22:52 26328 3501
16:23:53 33141 23223
16:24:53 56617 10164
16:25:53 52404 4683
16:26:53 57371 9956
16:27:54 25430 7532
16:28:54 15017 2820
16:29:54 142987 7517
16:30:54 49324 4075
16:31:55 39561 8989
16:32:56 51492 15875
16:33:56 45663 10741
16:34:56 50475 4361
16:35:56 109338 15505
16:36:56 91742 5762
16:37:57 99590 11895
16:38:57 79315 7532
16:39:57 104439 5583
16:40:57 38700 5224
16:41:58 42689 9788
16:42:58 131513 11417
16:43:58 43931 10032
16:44:58 72445 14499
16:45:58 154187 12815
16:46:59 991237 51801
16:47:59 53927 7816
16:48:59 38903 4823
16:49:59 52939 9690
16:50:59 409984 23192
16:51:59 358768 35981
16:53:00 57074 6437
16:54:01 44250 8813
16:55:02 38327 7954
16:56:02 215620 7275
16:57:02 382045 13152
16:58:03 74152 10939
16:59:03 105795 9330
17:00:03 309275 12185
17:01:03 29479 3032
17:02:03 120838 9257
17:03:04 180209 12304
17:04:05 167869 22628
17:05:05 68696 4290
17:06:06 165244 10890
17:07:06 119264 8610
17:08:06 62672 5744
17:09:06 173074 15730
17:10:08 95157 5787
17:11:07 31141 7494
17:12:07 252705 9206
17:13:07 249786 8346
17:14:08 152640 16373
17:15:08 31204 6069
17:16:08 282750 16910
17:17:08 374081 26409
17:18:08 20328 5845
17:19:09 42625 4249
17:20:09 13761 7061
17:21:09 102396 11985
17:22:10 118558 12303
17:23:11 48802 6194
17:24:11 24875 3811
17:25:11 19308 2423
17:26:12 17524 2926
17:27:12 53277 10401
17:28:12 49789 4593
17:29:13 195585 10448
17:30:13 66431 10112
17:31:13 26616 5758
17:32:13 13644 2162
17:33:14 148953 14363
17:34:14 394022 12745
17:35:14 13663 2402
17:36:15 27895 3745
17:37:15 89755 11396
17:38:15 11998 6761
17:39:16 33918 7904
17:40:16 27550 8804
17:41:16 31272 3962
17:42:17 115232 10794
17:43:17 163762 9996
17:44:18 45514 12634
17:45:18 798864 25629
17:46:18 37860 3244
17:47:19 1254521 31390
17:48:19 41651 3811
17:49:19 98228 20402
17:50:19 81556 5585
17:51:20 36485 7806
17:52:20 40193 2961
17:53:20 15338 7889
17:54:21 47056 8050
17:55:21 324958 16897
17:56:21 40094 6113
17:57:22 18659 3044
17:58:22 82325 30513
17:59:22 249275 13453
18:00:22 441293 15809
18:01:22 299202 14563
18:02:23 130462 6363
18:03:23 42108 2506
18:04:23 36167 3521
18:05:23 60217 9500
18:06:23 83272 11075
18:07:24 41647 7331
18:08:24 27186 3675
18:09:24 51687 8963
18:10:25 24304 6410
18:11:25 54786 9791
18:12:25 88864 12826
18:13:25 31064 3846
18:14:26 753241 24138
18:15:26 39591 4561
18:16:26 52718 9757
18:17:26 41204 2644
18:18:27 30653 3553
18:19:27 9985 1381
18:20:27 126575 7311
18:21:27 101284 13462
18:22:28 60133 11326
18:23:29 10293 2595
18:24:29 66625 9649
18:25:30 25916 5089
18:26:30 84745 6451
18:27:30 19505 1731
18:28:31 31005 3663
18:29:31 19283 13895
18:30:31 91339 6722
18:31:32 56259 15721
18:32:32 54806 5246
18:33:33 103928 21422
18:34:34 26391 9907
18:35:35 29259 3679
18:36:36 3416868 81113
18:37:35 55960 17556
18:38:35 7262857 164283
18:39:36 206088 8482
18:40:36 330755 16953
18:41:36 25899 9201
18:42:36 41343 5721
18:43:36 40386 10640
18:44:37 29992 8900
18:45:37 -1 -1
18:46:37 663803 13596
18:47:37 502102 7392
18:48:38 19966 756
18:49:38 31661 4009
18:50:38 1812 1043
18:51:38 97888 12073
18:52:39 73316 4866
18:53:39 53031 5752
18:54:40 315671 15080
18:55:40 222043 5574
18:56:40 231405 4984
18:57:41 261398 13328
18:58:41 6653 3798
18:59:41 379952 18167
19:00:41 27306 1961
19:01:42 37691 2861
19:02:42 21050 1114
19:03:42 53178 3052
19:04:42 23364 8021
19:05:42 302 450
19:06:43 96091 5284
19:07:43 23098 8945
19:08:43 55109 8465
19:09:43 27432 6977
19:10:44 19790 1475
19:11:44 318280 15802
19:12:44 492 819
19:13:44 6056 5952
19:14:45 150735 14668
19:15:45 3271 11122
19:16:45 7354 2203
19:17:46 19960 2305
19:18:45 1082 2389
19:19:46 20762 3061
19:20:46 104950 11068
19:21:46 46760 4165
19:22:46 29812 1732
19:23:46 58315 5700
19:24:47 31065 2341
19:25:47 59754 3790
19:26:47 11708 2011
19:27:47 18040 2732
19:28:47 98321 102027
19:29:48 24425 2337
19:30:48 5252 1290
19:31:48 5766 1638
19:32:48 43507 5010
19:33:49 4084 1530
19:34:49 18154 1838
19:35:54 30949 8759
19:36:50 40000 2938
19:37:50 200483 33009
19:38:50 58269 4121
19:39:50 6672 2478
19:40:51 18416 2255
19:41:51 21020 1632
19:42:51 27156 1208
19:43:51 9067 4162
19:44:51 3377 23720
19:45:52 17241 1579
19:46:52 8318 2039
19:47:52 906 527
19:48:52 6743 1297
19:49:52 79308 9879
19:50:53 37394 7788
19:51:53 360 774
19:52:53 55734 3963
19:53:53 63813 5977
19:54:53 107770 5243
19:55:54 122424 6147
19:56:54 14862 6318
19:57:54 102830 10370
19:58:54 22736 9456
19:59:55 5279 5532
20:00:55 2380 6702
20:01:55 28856 1735
20:02:55 15874 1533
20:03:55 19099 3302
20:04:56 66903 4360
20:05:56 10077 6231
20:06:56 56806 10275
20:07:56 21983 1109
20:08:56 101660 4064
20:09:57 82712 4507
20:10:57 51939 2854
20:11:57 412810 21160
20:12:57 519781 15875
20:13:57 282 799
20:14:58 35158 2820
20:15:58 4094 786
20:16:58 15148 1140
20:17:58 5682 384
20:18:59 26410 2833
20:19:59 6215 2960
20:20:59 36775 1608
20:21:59 45691 7215
20:23:00 1483 1665
20:24:00 17954 1369
20:25:00 17126 981
20:26:00 360 120
20:27:01 91607 6470
20:28:01 8835 1967
20:29:01 12158 2519
20:30:01 3695 2183
20:31:01 10733 634
20:32:02 24699 6378
20:33:02 28113 6701
20:34:02 4678 1508
20:35:02 1874 120
20:36:02 21280 876
20:37:03 550 1891
20:38:03 14532 855
20:39:03 4681 1844
20:40:03 8323 5993
20:41:04 26422 1886
20:42:04 1320 5923
20:43:04 134795 9331
20:44:04 26972 5180
20:45:04 4841 988
20:46:04 16509 2782
20:47:05 265440 15032
20:48:06 238525 10778
20:49:05 23731 2843
20:50:06 7712 1134
20:51:06 31384 2692
20:52:06 371386 23073
20:53:06 129685 7959
20:54:06 6069 1265
20:55:06 13050 2198
20:56:07 409311 16156
20:57:07 3454 454
20:58:08 8254 1409
20:59:07 14332 2883
21:00:07 203660 12278
21:01:08 15208 19109
21:02:08 1993 2244
21:03:08 443807 25265
21:04:08 31077 1701
21:05:09 16538 4011
21:06:09 39219 2955
21:07:09 4347 796
21:08:09 88169 5267
21:09:09 10085 3234
21:10:09 38971 1926
21:11:10 340719 13583
21:12:10 111538 10193
21:13:10 93106 7486
21:14:10 24917 5510
21:15:11 10128 1392
21:16:11 339148 8452
21:17:11 8609 1353
21:18:12 80734 5828
21:19:12 23902 1258
21:20:12 27643 1728
21:21:12 6948 646
21:22:12 1431 1004
21:23:13 15826 1170
21:24:13 44193 2939
21:25:13 360 246
21:26:14 91276 2963
21:27:13 1302 1032
21:28:14 94010 4152
21:29:14 1954 1463
21:30:14 42142 2185
21:31:15 27201 5414
21:32:15 277336 16917
21:33:15 38579 1854
21:34:15 4110 2650
21:35:15 39933 2862
21:36:16 52294 3450
21:37:16 15025 2216
21:38:16 34652 4747
21:39:16 29738 4200
21:40:16 109271 5659
21:41:17 28298 2857
21:42:17 29096 3901
21:43:17 16319 2176
21:44:17 3620 829
21:45:17 111032 13742
21:46:18 8299 5942
21:47:18 3644 2039
21:48:18 6739 2147
21:49:19 53372 3993
21:50:19 17122 1119
21:51:19 283288 10863
21:52:19 118314 8851
21:53:19 164387 13384
21:54:20 18081 1603
21:55:20 28790 6483
21:56:20 5682 1747
21:57:20 1575 1306
21:58:21 10807 2214
21:59:21 28012 5207
22:00:21 14738 7509
22:01:21 19323 366
22:02:22 14077 1608
22:03:22 2023 1168
22:04:22 13643 1620
22:05:22 9929 1186
22:06:23 22687 1778
22:07:23 4596 877
22:08:23 1853 1265
22:09:24 35289 1968
22:10:24 21591 6986
22:11:24 44852 2577
22:12:24 46373 3139
22:13:24 297625 12990
22:14:25 17555 7476
22:15:25 30902 2336
22:16:25 15466 1031
22:17:25 87524 10714
22:18:26 1131023 36997
22:19:26 38324 4081
22:20:26 12234 2646
22:21:26 4907 1737
22:22:26 4845 3234
22:23:27 15920 1393
22:24:27 54 654
22:25:27 8653 946
22:26:28 4834 1230
22:27:28 23934 1826
22:28:28 16731 2639
22:29:28 5580 2336
22:30:29 13008 2400
22:31:29 43032 12307
22:32:29 74180 2906
22:33:29 11423 4234
22:34:30 8621 5427
22:35:30 31912 3226
22:36:30 2763241 65842
22:37:30 131629 7289
22:38:31 21614 1605
22:39:31 21360 3200
22:40:31 76939 14725
22:41:32 322 853
22:42:32 24328 3132
22:43:32 5214 1204
22:44:32 5986 1477
22:45:33 6795 1484
22:46:33 60449 3961
22:47:33 20951 8482
22:48:33 3567 3555
22:49:34 8212 484
22:50:34 27310 4616
22:51:34 19321 2482
22:52:34 5062 1445
22:53:35 24380 2716
22:54:35 478413 12285
22:55:35 6156 2254
22:56:35 29334 1456
22:57:36 17832 1157
22:58:36 31113 4102
22:59:36 43548 3101
23:00:37 19648 9192
23:01:37 908 746
23:02:37 20046 7743
23:03:37 1990 1486
23:04:37 4781 1514
23:05:38 4927 1123
23:06:38 35244 7389
23:07:38 19508 18237
23:08:38 14500 2044
23:09:39 8332 710
23:10:39 5416 2413
23:11:39 5049 4055
23:12:39 5651 6692
23:13:40 4462 1862
23:14:40 16570 1154
23:15:40 26059 5112
23:16:40 46183 3672
23:17:41 8263 6039
23:18:41 14999 1376
23:19:41 41623 7191
23:20:42 53245 5495
23:21:42 13195 2913
23:22:42 2981 4571
23:23:43 10946 3475
23:24:43 7683 22677
23:25:43 6977 4396
23:26:43 16678 4885
23:27:43 10689 4374
23:28:44 157026 6462
23:29:44 86401 8309
23:30:44 20940 1056
23:31:44 104618 9089
23:32:45 20156 2183
23:33:45 23008 2583
23:34:45 78442 3997
23:35:46 4223 1295
23:36:46 29297 3282
23:37:46 46059 3433
23:38:46 28174 1965
23:39:47 972 5474
23:40:47 21871 5367
23:41:48 3625 1314
23:42:48 19735 3886
23:43:48 14920 1513
23:44:48 4499 1577
23:45:49 15693 4061
23:46:49 31280 1957
23:47:50 139048 5386
23:48:51 1107 1782
23:49:51 3699 1091
23:50:52 216 184
23:51:52 25011 7001
23:52:53 97143 8977
23:53:54 11643 1624
23:54:55 31754 2818
23:55:55 18584 2578
23:56:56 4001 890
23:57:57 9629 456
23:58:57 19308 3811
23:59:58 2821 2269
