00:01:30 26967 4947
00:02:41 156048 19965
00:03:24 94825 7321
00:04:18 462205 31368
00:05:19 125228 9363
00:06:19 146747 7886
00:07:20 311332 20475
00:08:21 41035 7555
02:00:07 17865 3636
02:01:06 2273 654
02:02:06 11838 10830
02:03:07 130140 8712
02:04:07 74107 12293
02:05:08 4896 5734
02:06:08 69057 13716
02:07:09 93140 7678
02:08:09 6674 6338
02:09:09 17672 5953
02:10:10 62950 6835
02:11:10 138761 12692
02:12:10 43049 4014
02:13:11 48302 4761
02:14:11 113442 12302
02:15:12 8427 7458
02:16:12 325469 19255
02:17:13 131844 6400
02:18:13 25685 5522
02:19:14 131700 7996
02:20:14 125721 10329
02:21:14 3444 1084
02:22:15 36305 6728
02:23:15 7360 4250
02:24:16 34519 10946
02:25:16 12921 3617
02:26:17 30195 7167
02:27:17 82260 4342
02:28:17 122641 4959
02:29:18 21889 6893
02:30:18 11567 3219
02:31:19 25228 1661
02:32:19 127756 6754
02:33:20 5229 7198
02:34:20 42315 7724
02:35:20 31078 2844
02:36:21 17774 2236
02:37:21 80172 7906
02:38:21 2380 2480
02:39:22 217952 38677
02:40:22 193708 10029
02:41:23 220279 7706
02:42:23 6097 1707
02:43:23 18987 1856
02:44:24 154141 9686
02:45:24 85447 13350
02:46:25 27642 11793
02:47:25 125618 23423
02:48:25 70812 17511
02:49:26 31119 7267
02:50:26 159999 23846
02:51:27 65456 8401
02:52:27 18932 8851
02:53:28 29377 6151
02:54:28 77120 11924
02:55:28 29692 11453
02:56:29 59703 7108
02:57:29 12981 16891
02:58:29 16612 14394
02:59:30 36664 9148
03:00:30 114885 64774
03:01:31 31242 9421
03:02:31 17515 6521
03:03:31 75245 9798
03:04:32 71634 8333
03:05:32 75894 18042
03:06:33 195883 56973
03:07:34 149467 7953
03:08:34 49659 6609
03:09:34 287386 55455
03:10:34 20495 2579
03:11:35 73734 5039
03:12:35 104178 11039
03:13:35 89935 4105
03:14:36 80999 3714
03:15:36 22109 3486
03:16:36 29995 19604
03:17:37 30501 2542
03:18:37 18549 3373
03:19:38 4805 1477
03:20:38 24855 2914
03:21:38 118137 9718
03:22:39 4693 3420
03:23:39 33102 4053
03:24:39 59616 4276
03:25:40 152133 14305
03:26:40 29980 25091
03:27:40 20318 2634
03:28:40 6909 2607
03:29:41 28679 4406
03:30:41 137165 9436
03:31:42 20211 5097
03:32:42 15363 5133
03:33:42 26402 3717
03:34:42 13456 6385
03:35:43 137724 8274
03:36:43 4155 1532
03:37:44 143549 11588
03:38:44 2118 1473
03:39:44 1424 1257
03:40:45 87070 8052
03:41:45 29154 4697
03:42:45 98020 5329
03:43:46 99559 8048
03:44:49 2047 1078
03:45:46 62392 33276
03:46:47 115076 16354
03:47:47 57580 3373
03:48:47 3230 1322
03:49:48 27395 3892
03:50:48 35643 6271
03:51:48 7996 3168
03:52:49 39885 9741
03:53:49 68724 4924
03:54:49 29433 7818
03:55:50 20886 4735
03:56:50 68279 4848
03:57:51 11294 6054
03:58:51 366955 11775
03:59:51 533000 19019
04:00:51 533678 20081
04:01:52 541889 26919
04:02:52 532862 15887
04:03:52 535887 27810
04:04:53 529291 22653
04:05:53 529781 18878
04:06:53 341633 31343
04:07:54 531257 25592
04:08:54 338796 43682
04:09:55 541397 18172
04:10:55 534538 28254
04:11:55 509809 15730
04:12:56 18633 2371
04:13:56 103476 9419
04:14:56 54822 5561
04:15:57 85309 7025
04:16:57 6406 506
04:17:57 47393 4239
04:18:57 6072 2156
04:19:58 75251 5117
04:20:58 14495 3048
04:21:59 38023 3690
04:22:59 102607 10445
04:23:59 2394 1558
04:25:00 395199 17892
04:26:00 3390 2630
04:27:00 89398 7236
04:28:00 101979 12383
04:29:01 38310 6446
04:30:01 10846 2922
04:31:02 18444 5598
04:32:02 36769 12970
04:33:02 11791 1963
04:34:03 146138 39429
04:35:03 16039 7150
04:36:03 272439 17706
04:37:04 42875 3435
04:38:04 44009 5137
04:39:05 149961 8676
04:40:05 13753 2932
04:41:05 7808 15088
04:42:06 2193 1684
04:43:06 28310 5639
04:44:06 168145 12794
04:45:07 61025 6030
04:46:07 11656 4666
04:47:07 116493 12231
04:48:08 31359 5128
04:49:08 33030 7045
04:50:08 23765 4637
04:51:09 2026 660
04:52:09 37470 2844
04:53:09 111053 53580
04:54:10 50243 4560
04:55:10 2669 3625
04:56:10 21599 6873
04:57:11 21912 4449
04:58:11 -1 -1
04:59:12 96334 5963
05:00:12 12887 48942
05:01:12 60548 9302
05:02:12 23204 2328
05:03:13 20508 2230
05:04:14 2661 2598
05:05:14 1590 1724
05:06:14 191835 14054
05:07:14 123834 7848
05:08:15 49394 4722
05:09:15 33419 3913
05:10:16 92787 19873
05:11:16 12500 3273
05:12:16 24901 7605
05:13:18 9842 1518
05:14:18 9076308 202737
05:15:17 79330 4889
05:16:18 15487 2944
05:17:18 94258 5254
05:18:20 80079 5699
05:19:19 23360 1849
05:20:19 32154 3038
05:21:19 34549 4255
05:22:20 119858 7588
05:23:21 244812 17144
05:24:20 131946 16625
05:25:22 188497 23527
05:26:21 4395 1727
05:27:22 66201 7407
05:28:22 14017 1488
05:29:22 43975 3294
05:30:22 50944 26081
05:31:23 16210 3912
05:32:23 215739 16458
05:33:23 19320 1817
05:34:24 48152 11953
05:35:24 28586 7500
05:36:24 41325 3290
05:37:44 -1 -1
05:38:25 138702 19347
05:39:30 146546 51746
05:40:26 24996 4368
05:41:26 240771 13206
05:42:26 22132 1558
05:43:27 20462 4036
05:44:27 119926 5920
05:45:29 29368 9666
05:46:28 82937 8551
05:47:28 29642 3564
05:48:28 41995 4657
05:49:31 13647 7282
05:50:29 43706 6357
05:51:31 15546 4058
05:52:30 72774 5054
05:53:30 36941 2249
05:54:33 21230 2646
05:55:31 169882 9039
05:56:31 129421 8419
05:57:32 153675 10111
05:58:32 125629 39568
05:59:32 55117 17283
06:00:33 3420 2202
06:01:33 22366 4934
06:02:34 149126 9533
06:03:36 17483 11386
06:04:35 7070 1906
06:05:38 27767 4884
06:06:35 139376 7875
06:07:38 79955 6574
06:08:38 53952 10427
06:09:37 17019 7785
06:10:37 36740 2718
06:11:40 5419 646
06:12:40 106810 6947
06:13:40 318 546
06:14:43 2984 1340
06:15:38 48401 3013
06:16:39 124173 7981
06:17:39 49777 5892
06:18:43 11193 2090
06:19:43 24661 4225
06:20:40 37092 6972
06:21:41 20933 3649
06:22:41 36329 6444
06:23:41 222663 6824
06:24:42 26123 11047
06:25:42 20554 3903
06:26:46 441084 20042
06:27:45 2894 1136
06:28:43 124889 20154
06:29:44 18262 4677
06:30:44 57139 3894
06:31:44 83871 43630
06:32:44 49504 2554
06:33:45 96915 3688
06:34:45 44770 3065
06:35:45 22018 3082
06:36:46 157224 41660
06:37:46 8760 1518
06:38:46 15733 2943
06:39:47 2768 2078
06:40:47 110581 50052
06:41:47 12400 1933
06:42:50 14302 6491
06:43:48 26843 6220
06:44:48 22592 7436
06:45:50 26017 5015
06:46:49 11981 2938
06:47:50 276351 16490
06:48:50 12163 1890
06:49:50 6768 1766
06:50:50 71733 7165
06:51:53 24040 3813
06:52:51 170439 9943
06:53:53 2166 942
06:54:52 7505 748
06:55:53 69721 7004
06:56:54 2193 2443
06:57:53 105337 8375
06:58:55 14813 7565
06:59:53 260 1514
07:00:55 87651 11087
07:01:56 37201 11898
07:02:55 46994 1834
07:03:59 20543 8958
07:04:55 87032 13590
07:05:55 156704 12180
07:06:56 57913 8999
07:07:59 77962 12214
07:08:57 12175 7390
07:10:01 24087 20715
07:10:57 144652 15344
07:11:57 9564 3132
07:12:58 67629 4119
07:13:58 112440 10147
07:14:58 167714 9407
07:15:59 31269 6963
07:16:59 229767 8804
07:17:59 531977 28378
07:19:00 122027 12210
07:20:00 31667 4694
07:21:01 17075 3288
07:22:01 537170 26657
07:23:01 4957 3966
07:24:02 36739 3437
07:25:02 22781 4999
07:26:03 -1 -1
07:27:03 70164 8961
07:28:03 119577 20106
07:29:03 101542 5355
07:30:04 10149 7786
07:31:04 160458 13963
07:32:06 678012 21405
07:33:06 10703 13380
07:34:06 20002 5672
07:35:06 45496 3457
07:36:09 14239 1815
07:37:08 322471 14265
07:38:09 3126 5176
07:39:08 69665 10722
07:40:08 27737 3975
07:41:09 8749 5387
07:42:09 80034 8759
07:43:09 32700 14337
07:44:09 9051 8425
07:45:10 1410 1762
07:46:10 1980 2246
07:47:10 3112 1874
07:48:11 160261 10479
07:49:11 119678 9354
07:50:12 58349 2755
07:51:13 26508 6605
07:52:14 162759 41434
07:53:12 3608 933
07:54:13 9498264 229437
07:55:13 139081 9464
07:56:13 47671 7588
07:57:13 22119 6526
07:58:14 22309 1752
07:59:14 204244 8805
08:00:14 311017 11653
08:01:15 52068 10817
08:02:15 79293 13600
08:03:15 538397 20370
08:04:16 28048 3231
08:05:16 109724 4941
08:06:16 42886 11463
08:07:17 122321 6528
08:08:17 10461 4363
08:09:19 36757 26050
08:10:17 299580 35065
08:11:18 285429 12860
08:12:18 25849 7173
08:13:18 174668 13914
08:14:19 131572 10793
08:15:19 210744 12673
08:16:19 115647 6692
08:17:20 37927 7233
08:18:20 222838 8567
08:19:20 2147 825
08:20:21 31616 3656
08:21:21 100972 7995
08:22:21 145961 16690
08:23:22 56697 5493
08:24:23 28183 7545
08:25:23 12691 2758
08:26:23 70575 7407
08:27:24 17719 1825
08:28:24 147299 7833
08:29:24 151699 13924
08:30:24 73217 3492
08:31:25 106701 18095
08:32:25 92351 5267
08:33:25 3604 2172
08:34:26 123447 15508
08:35:26 540081 17156
08:36:26 532498 16074
08:37:27 532434 22707
08:38:27 534687 33423
08:39:27 532307 22228
08:40:28 533095 22697
08:41:28 532833 19564
08:42:28 534442 60059
08:43:29 533232 25295
08:44:29 532864 17761
08:45:30 533452 16307
08:46:30 519606 34978
08:47:30 537084 36569
08:48:31 533709 21120
08:49:31 534166 20513
08:50:31 552331 31337
08:51:32 533350 21499
08:52:32 535788 30602
08:53:32 534909 23761
08:54:33 533419 22804
08:55:34 564568 23827
08:56:34 532801 22696
08:57:34 440794 29128
08:58:36 263879 29337
08:59:35 58131 10812
09:00:36 2677 1642
09:01:36 63827 6383
09:02:36 533208 19554
09:03:36 133758 12301
09:04:37 18470 7189
09:05:39 56158 21527
09:06:37 85399 11167
09:07:37 35567 9132
09:08:38 358551 48965
09:09:38 22657 12976
09:10:38 420162 28905
09:11:38 25666 3612
09:12:39 115192 66097
09:13:39 42208 6887
09:14:39 482349 21180
09:15:39 303621 16328
09:16:44 181565 39548
09:17:40 47838 7278
09:18:41 207060 9378
09:19:41 234927 10471
09:20:41 70492 4040
09:21:42 221255 24810
09:22:42 380671 30930
09:23:42 139290 15350
09:24:42 309662 17999
09:25:42 37478 2729
09:26:43 213433 10856
09:27:43 24741 2278
09:28:43 57659 4807
09:29:44 540899 21605
09:30:44 532769 34941
09:31:44 362784 22904
09:32:44 177302 8613
09:33:45 155521 23179
09:34:45 535189 20090
09:35:45 162067 179900
09:36:46 50127 7144
09:37:46 369469 14692
09:38:47 80846 10273
09:39:47 15654 20949
09:40:48 200413 12158
09:41:48 227536 15677
09:42:48 191789 14133
09:43:48 89978 10710
09:44:48 535928 23836
09:45:49 10644 6595
09:46:50 559003 29154
09:47:49 536770 30241
09:48:49 203294 19224
09:49:50 13034 3890
09:50:50 24182 6993
09:51:50 499924 20750
09:52:50 151761 12828
09:53:51 389602 30901
09:54:51 140368 17807
09:55:51 49661 9194
09:56:51 172586 15892
09:57:52 228835 26419
09:58:52 90760 10555
09:59:52 121138 19824
10:00:52 433199 26994
10:01:53 89441 6638
10:03:14 107318 7643
10:03:53 496611 25860
10:04:53 537037 44093
10:05:54 542200 72216
10:06:54 534036 18862
10:07:54 535372 25936
10:08:54 57064 13630
10:09:55 904222 367029
10:10:55 534114 43925
10:11:55 141822 10606
10:12:55 398199 35728
10:13:56 139676 30216
10:14:56 77136 12199
10:15:56 69265 19349
10:16:57 529093 28984
10:17:57 80163 10094
10:18:58 179120 13736
10:20:01 132835 20060
10:20:58 318380 17776
10:21:59 235039 9150
10:23:02 70341 7026
10:24:00 1132 839
10:25:01 532985 23109
10:26:01 356445 31830
10:27:02 522585 23143
10:28:02 82785 6604
10:29:02 541353 22452
10:30:03 65286 8545
10:31:03 213673 9955
10:32:04 515634 36217
10:33:04 44616 9260
10:34:04 256637 17443
10:35:04 204111 18855
10:36:05 36715 11412
10:37:05 68399 5951
10:38:05 533976 24929
10:39:06 21265 15090
10:40:07 218927 14061
10:41:07 98591 10404
10:42:07 94997 4774
10:43:08 158013 12292
10:44:08 531948 23007
10:45:08 204707 18693
10:46:09 433831 21078
10:47:09 5555 5906
10:48:09 295674 12840
10:49:10 487262 119771
10:50:10 448664 24032
10:51:11 252068 18420
10:52:11 149977 12408
10:53:13 205618 14071
10:54:12 77993 8165
10:55:13 -1 -1
10:56:13 534767 20340
10:57:14 99340 52415
10:58:15 750563 32432
10:59:22 247086 30037
11:00:15 351659 35148
11:01:15 101258 8877
11:02:23 1702322 88936
11:03:17 286397 41082
11:04:16 189724 9702
11:05:17 47557 24376
11:06:17 46460 8482
11:07:17 340558 210120
11:08:18 29512 9390
11:09:18 535177 24872
11:10:18 39213 13191
11:11:19 77898 6866
11:12:19 62591 21956
11:13:19 283184 41424
11:14:20 534185 25049
11:15:21 346312 16725
11:16:21 280011 11282
11:17:24 82075 9038
11:18:22 286609 24992
11:19:22 70356 9791
11:20:23 483354 43407
11:21:23 542523 38802
11:22:23 105621 9891
11:23:24 89924 10450
11:24:24 216763 19997
11:25:24 408888 30766
11:26:25 521163 18888
11:27:24 535192 38968
11:28:25 34193 7079
11:29:25 57829 8070
11:30:25 533892 22048
11:31:29 485730 746092
11:32:26 175158 417888
11:33:26 69453 8272
11:34:27 160469 7159
11:35:28 87783 9385
11:36:28 349297 28512
11:37:43 71376 11722
11:38:29 557854 22187
11:39:30 34733 8439
11:40:30 16097 1699
11:41:30 33762 6325
11:42:30 24877 4917
11:43:31 93991 15314
11:44:32 14509 4556
11:45:32 366544 17007
11:46:33 140557 8815
11:47:33 158528 17807
11:48:33 18872 3046
11:49:34 526947 42160
11:50:35 591756 95031
11:51:35 146387 7687
11:52:35 325509 16260
11:53:36 172820 10841
11:54:36 288488 18145
11:55:36 534845 33522
11:56:40 111688 12485
11:57:38 155354 23487
11:58:37 107588 17591
11:59:37 254017 15878
12:00:37 113719 7284
12:01:38 172050 111839
12:02:38 65088 12058
12:03:38 240590 8560
12:04:39 219729 23842
12:05:39 432186 22005
12:06:39 192002 19331
12:07:39 166016 7521
12:08:39 46641 25418
12:09:40 76646 13632
12:10:41 448800 33925
12:11:44 -1 -1
12:12:41 247094 21102
12:13:41 23988 8166
12:14:42 70306 5750
12:15:42 58251 6560
12:16:43 132506 11014
12:17:43 534429 18709
12:18:44 40202 6563
12:19:59 480288 39072
12:20:48 564365 56826
12:21:45 12161 1541
12:22:45 30111 2980
12:23:45 40706 5224
12:24:46 54666 5678
12:25:46 104207 7873
12:26:46 4453 2054
12:27:46 3711 1638
12:28:49 291816 54128
12:29:47 57642 9114
12:30:47 31113 4100
12:31:48 66311 8411
12:32:48 135928 29545
12:33:48 101836 15935
12:34:48 6364 2321
12:35:48 208029 8483
12:36:52 521325 28180
12:37:52 218404 74332
12:38:52 203338 27070
12:39:50 218897 10661
12:40:50 128952 6504
12:41:50 94996 15187
12:42:51 22090 3633
12:43:51 158592 10997
12:44:51 121453 10949
12:45:51 154887 12489
12:46:51 2413 1127
12:47:51 6405 1442
12:48:52 270334 16896
12:49:53 124680 5785
12:50:53 542490 24578
12:51:53 94455 5991
12:52:54 39370 10199
12:53:54 167224 11779
12:54:54 248153 15958
12:55:54 55738 8354
12:56:55 327857 14341
12:57:55 168211 16548
12:58:55 341785 15046
12:59:55 14344 9200
13:00:55 265134 23305
13:01:56 370713 13879
13:02:56 924 1540
13:03:56 80185 64128
13:04:56 80591 8165
13:05:57 110415 13757
13:06:57 100512 9539
13:07:57 89968 9383
13:08:57 175443 12580
13:09:57 129790 32726
13:10:57 46314 5584
13:11:58 64878 9498
13:12:58 540412 39200
13:13:58 533716 26268
13:14:58 533700 26573
13:15:59 544188 68729
13:17:02 533507 23025
13:17:59 534095 25324
13:18:59 736595 64007
13:19:59 534430 31015
13:20:59 534338 23290
13:22:00 531948 15770
13:23:00 539094 29019
13:24:01 532100 18492
13:25:01 540553 32941
13:26:01 556769 36522
13:27:01 543856 39867
13:28:02 588514 92651
13:29:02 533364 15435
13:30:02 552439 61301
13:31:03 519965 26447
13:32:03 532197 16898
13:33:03 534860 21897
13:34:04 534986 21561
13:35:04 538918 57030
13:36:04 430535 15416
13:37:04 112810 5149
13:38:05 433407 18246
13:39:08 61065 7823
13:40:05 68399 10897
13:41:05 49474 9987
13:42:06 199301 7522
13:43:07 55032 4293
13:44:07 26277 2567
13:45:07 35931 3270
13:46:07 120551 12667
13:47:09 123530 5605
13:48:09 128922 9936
13:49:09 86120 5601
13:50:10 105505 10766
13:51:10 535082 18556
13:52:10 79636 7492
13:53:10 81561 5002
13:54:10 9948 3984
13:55:11 19853 6805
13:56:11 533230 25566
13:57:21 102867 11162
13:58:15 338905 11229
13:59:12 32516 4451
14:00:12 509400 35334
14:01:12 85396 9250
14:02:12 10943 3798
14:03:13 79174 4596
14:04:13 66855 4328
14:05:13 431322 14615
14:06:14 33028 5115
14:07:14 109640 20764
14:08:14 316032 19574
14:09:15 122703 4103
14:10:15 212735 15150
14:11:15 346410 12558
14:12:15 54318 16448
14:13:16 167032 23853
14:14:19 102459 21751
14:15:17 152788 15574
14:16:17 532615 26711
14:17:17 213906 19951
14:18:17 304421 186216
14:19:18 95457 6366
14:20:18 125103 8843
14:21:21 152164 10129
14:22:18 93222 10244
14:23:18 232706 13287
14:24:19 148569 12172
14:25:20 313438 15433
14:26:20 329042 13572
14:27:21 264821 20090
14:28:21 526342 37163
14:29:21 90310 7105
14:30:22 169811 36187
14:31:22 458522 19634
14:32:23 531201 20934
14:33:23 273485 69216
14:34:23 201399 14225
14:35:23 347931 26167
14:36:24 407515 18999
14:37:25 135183 20687
14:38:25 129513 7625
14:39:26 330546 29873
14:40:25 258309 14940
14:41:26 557542 22770
14:42:26 204305 18195
14:43:27 158886 12826
14:44:27 398395 18230
14:45:28 533258 20328
14:46:28 27810 6215
14:47:28 64050 7848
14:48:29 534760 28042
14:49:29 2945 18891
14:50:29 137432 8984
14:51:29 83510 63254
14:52:29 384761 67117
14:53:29 80689 2173
14:54:30 79911 9719
14:55:30 530886 20357
14:56:30 107958 12561
14:57:32 124249 10360
14:58:31 42644 12331
14:59:31 64416 3596
15:00:31 235686 30930
15:01:31 405404 15916
15:02:32 532201 26125
15:03:32 420936 23280
15:04:32 232409 199507
15:05:32 94247 22495
15:06:32 76831 7945
15:07:33 36621 6843
15:08:36 554314 70392
15:09:35 558136 35594
15:10:33 54340 6119
15:11:34 233652 31952
15:12:34 269577 17475
15:13:35 200563 41604
15:14:34 463816 23309
15:15:35 535200 28401
15:16:35 533791 23285
15:17:35 446822 23565
15:18:36 116952 21064
15:19:38 616528 32503
15:20:36 132054 8102
15:21:37 112800 11790
15:22:37 91577 30690
15:23:36 -1 -1
15:24:37 512358 44944
15:25:37 115207 11828
15:26:37 333835 23715
15:27:37 180063 12641
15:28:37 112897 7816
15:29:38 450555 27683
15:30:38 490246 20918
15:31:38 234091 8043
15:32:39 18992 2560
15:33:39 108483 8159
15:34:39 83383 5808
15:35:39 540509 24718
15:36:40 534327 23225
15:37:40 309726 19284
15:38:41 100201 11559
15:39:40 534485 26930
15:40:40 380496 22310
15:41:41 179179 8829
15:42:41 313542 15513
15:43:41 482315 19787
15:44:41 533833 41382
15:45:42 505610 70453
15:46:42 134426 28934
15:47:42 287096 43250
15:48:42 31185 6462
15:49:43 881370 231515
15:50:43 521765 29783
15:51:44 105315 27913
15:52:44 105175 8670
15:53:44 17829 5613
15:54:44 51670 4597
15:55:44 62514 13847
15:56:46 90975 6959
15:57:45 45217 4299
15:58:45 17101 3401
15:59:45 102301 16826
16:00:45 78860 6431
16:01:46 544596 37839
16:02:46 534225 36184
16:03:46 439892 26745
16:04:47 351292 35266
16:05:47 106774 13376
16:06:47 544633 42141
16:07:48 -1 -1
16:08:49 352052 25111
16:09:48 280835 27674
16:10:48 78262 21003
16:11:48 541899 26860
16:12:49 368884 39241
16:13:49 298569 76758
16:14:49 367355 34853
16:15:49 283852 25704
16:16:50 269229 15932
16:17:49 128158 7992
16:18:49 490396 22652
16:19:50 262733 20325
16:20:50 104875 7692
16:21:50 361086 17291
16:22:50 30828 8224
16:23:50 531770 32937
16:24:51 276338 9154
16:25:51 506029 24400
16:26:51 245708 16956
16:27:52 -1 -1
16:28:52 144812 8112
16:29:52 179385 28190
16:30:52 265124 32344
16:31:53 258676 112812
16:32:53 68771 78597
16:33:54 64694 6239
16:34:54 532658 28498
16:35:54 56407 7200
16:36:55 36064 10440
16:37:54 45717 6371
16:38:55 -1 -1
16:39:55 304787 14773
16:40:56 368149 46489
16:41:56 160619 9560
16:42:56 532873 29071
16:43:56 532382 34211
16:44:56 164910 13625
16:45:56 200199 17826
16:46:57 409048 35562
16:47:57 56678 13237
16:48:57 239328 17778
16:49:57 143019 35496
16:50:57 36411 5573
16:51:57 160376 7704
16:52:58 179647 9711
16:54:01 211078 11347
16:54:58 258583 15418
16:55:59 73305 5996
16:56:59 409246 23286
16:58:00 365234 33398
16:59:00 533101 26253
17:00:00 43784 9658
17:01:00 534123 16729
17:02:00 224753 15467
17:03:02 120413 11610
17:04:01 217763 17968
17:05:02 508386 34311
17:06:02 199732 32186
17:07:02 361513 351064
17:08:02 529369 21149
17:09:02 587428 80700
17:10:03 16309 15210
17:11:03 171832 10199
17:12:03 134680 12500
17:13:03 21737 3104
17:14:03 553414 63207
17:15:04 180010 8788
17:16:04 298622 12287
17:17:04 455567 18427
17:18:04 12315 9829
17:19:05 17985 3280
17:20:05 25282 5486
17:21:05 64072 14809
17:22:05 193677 25607
17:23:06 47799 11296
17:24:07 328645 179904
17:25:07 -1 -1
17:26:08 51851 4747
17:27:08 534011 23325
17:28:08 286983 107610
17:29:09 173361 19115
17:30:09 53679 2873
17:31:12 90406 7822
17:32:09 102330 86505
17:33:10 232879 13899
17:34:10 22934 6531
17:35:11 117382 9165
17:36:11 43002 14049
17:37:11 27870 9783
17:38:13 177617 21179
17:39:12 49118 16316
17:40:12 230033 9483
17:41:13 219251 18248
17:42:13 339829 23465
17:43:13 174872 13492
17:44:14 206358 32365
17:45:14 216833 20457
17:46:14 30488 9277
17:47:15 34076 8838
17:48:15 255054 9264
17:49:15 86621 19319
17:50:16 93645 29770
17:51:16 531064 33107
17:52:19 533967 26398
17:53:16 534829 20483
17:54:16 537424 38738
17:55:17 532215 26540
17:56:17 534308 26748
17:57:17 544592 26771
17:58:19 519614 28774
17:59:18 532320 36450
18:00:18 534997 24813
18:01:18 537448 31014
18:02:19 532144 21554
18:03:18 534145 22024
18:04:19 536003 32046
18:05:19 533931 23082
18:06:19 534016 35123
18:07:20 539120 70172
18:08:20 146075 21216
18:09:20 40236 7967
18:10:21 55877 17598
18:11:21 135890 11716
18:12:21 33903 3141
18:13:21 189081 12683
18:14:21 107955 11933
18:15:22 184677 11227
18:16:22 97408 6311
18:17:22 49862 8193
18:18:22 12459 4047
18:19:23 23364 6733
18:20:23 92106 10309
18:21:23 72318 5456
18:22:24 167186 11720
18:23:24 -1 -1
18:24:24 41687 12176
18:25:24 77500 11937
18:26:25 209238 16347
18:27:25 130071 9780
18:28:25 55597 4384
18:29:26 114082 13374
18:30:26 48098 13293
18:31:27 49554 7216
18:32:27 397259 46664
18:33:28 12410 7600
18:34:28 14286 13653
18:35:28 114392 19128
18:36:28 3514 4802
18:37:29 533197 21254
18:38:29 212778 14772
18:39:29 -1 -1
18:40:30 12608 7631
18:41:30 43572 5936
18:42:30 117130 13803
18:43:30 117429 15730
18:44:30 538601 42378
18:45:31 56736 8006
18:46:31 41219 6663
18:47:31 150801 22676
18:48:31 78369 5716
18:49:32 29931 12661
18:50:32 448575 22895
18:51:32 44617 11130
18:52:32 58920 4468
18:53:33 180736 148981
18:54:34 282358 19476
18:55:34 533968 24975
18:56:34 315510 12130
18:57:35 153043 24147
18:58:35 29723 3039
18:59:35 85491 11082
19:00:35 74042 10153
19:01:35 176425 13458
19:02:36 105585 21116
19:03:36 42504 8390
19:04:36 23580 13905
19:05:36 534195 26269
19:06:37 18515 4243
19:07:37 88702 15273
19:08:37 101365 17505
19:09:37 522080 26026
19:10:37 221462 20133
19:11:38 470116 31091
19:12:38 531931 25101
19:13:38 534815 20383
19:14:39 46424 17176
19:15:39 115011 15135
19:16:39 28938 13287
19:17:39 54959 11822
19:18:39 125867 16118
19:19:39 25780 2633
19:20:40 154091 14862
19:21:40 181284 12140
19:22:40 20206 2395
19:23:40 111114 11636
19:24:41 86165 10927
19:25:41 24554 19666
19:26:41 532647 30555
19:27:41 390117 47504
19:28:41 278462 24652
19:29:42 231358 21190
19:30:42 41175 4300
19:31:42 -1 -1
19:32:42 302944 81902
19:33:43 -1 -1
19:34:44 164088 24706
19:35:43 101416 11501
19:36:44 127483 13773
19:37:44 41380 10239
19:38:44 27541 12193
19:39:44 41055 4230
19:40:44 74698 10764
19:41:45 500632 26691
19:42:45 137844 10211
19:43:45 133796 11582
19:44:45 303561 24356
19:45:45 92934 9481
19:46:46 44650 6065
19:47:46 64285 13725
19:48:46 223468 25911
19:49:46 50292 8198
19:50:46 7050 2135
19:51:47 4381 2848
19:52:47 48928 11406
19:53:50 267846 12808
19:54:47 234887 15093
19:55:48 60814 9460
19:56:48 47845 7297
19:57:48 48882 5074
19:58:48 12314 3459
19:59:48 31807 11669
20:00:49 53692 9256
20:01:49 81542 7552
20:02:49 147073 12072
20:03:49 218068 17370
20:04:49 67685 6758
20:05:50 3206 2050
20:06:50 231305 25814
20:07:50 381090 24507
20:08:50 12305 2483
20:09:51 38307 8685
20:10:51 38645 31466
20:11:51 463 673
20:12:51 26975 4146
20:13:51 95169 13674
20:14:52 219012 13786
20:15:52 31549 4828
20:16:52 31723 2877
20:17:52 85355 21279
20:18:53 96634 8396
20:19:53 246954 12672
20:20:53 67184 13098
20:21:53 30010 10264
20:22:53 455487 28458
20:23:54 207381 13272
20:24:54 147279 14643
20:25:54 165150 11878
20:26:54 304909 15193
20:27:55 537687 44747
20:28:55 209215 31611
20:29:55 43268 2665
20:30:55 19372 1224
20:31:55 21589 12868
20:32:56 91767 12372
20:33:56 19098 4266
20:34:56 74120 21493
20:35:56 59222 12733
20:36:57 99794 13847
20:37:57 10038 8520
20:38:57 80841 10784
20:39:58 194019 24320
20:40:58 365302 36004
20:41:58 62015 15106
20:42:58 78356 4126
20:43:58 24422 8539
20:44:58 147756 21680
20:45:59 41464 8036
20:47:00 157326 12167
20:48:00 107058 11584
20:49:00 19499 20676
20:50:00 11947 3419
20:51:01 14073 9881
20:52:01 546793 31051
20:53:01 82238 12662
20:54:01 8040 3499
20:55:01 34941 5418
20:56:02 5642 8158
20:57:02 34948 13066
20:58:02 76567 5600
20:59:02 42779 10353
21:00:02 248311 15472
21:01:03 192628 35627
21:02:03 6230 8384
21:03:03 4522 1223
21:04:03 91067 6132
21:05:03 8958 5851
21:06:04 16446 17601
21:07:04 3880 4200
21:08:04 4433 3886
21:09:04 219784 11142
21:10:04 402299 214319
21:11:04 3904 2039
21:12:05 29048 4909
21:13:05 37238 10776
21:14:05 30125 4114
21:15:05 44952 4546
21:16:06 350803 34746
21:17:06 375093 28947
21:18:06 14634 2112
21:19:06 31693 12358
21:20:07 472261 27722
21:21:07 89966 17770
21:22:07 498379 15282
21:23:07 47761 4319
21:24:08 388138 15974
21:25:08 109385 6493
21:26:08 242827 9568
21:27:08 294152 18696
21:28:09 15105 4594
21:29:09 157499 5866
21:30:09 52500 25090
21:31:10 68872 10377
21:32:10 536348 33289
21:33:10 9445 11621
21:34:10 -1 -1
21:35:10 29499 4313
21:36:10 505324 23808
21:37:13 25461 11169
21:38:11 212535 11884
21:39:11 1137826 34669
21:40:11 1240185 44538
21:41:14 644375 27637
21:42:12 89814 9866
21:43:12 409389 14467
21:44:12 9460 4165
21:45:12 48366 15330
21:46:12 532886 26106
21:47:13 39824 6967
21:48:13 9448 22852
21:49:13 532684 25172
21:50:14 111644 18432
21:51:14 439426 187490
21:52:14 -1 -1
21:53:14 307757 16791
21:54:14 22449 7624
21:55:15 29796 4748
21:56:15 118711 17479
21:57:15 171022 16675
21:58:15 89636 35911
21:59:16 152762 14308
22:00:17 310399 404425
22:01:16 115773 13432
22:02:16 293212 21116
22:03:17 27626 12301
22:04:17 63043 36691
22:05:17 253475 13104
22:06:17 542814 51289
22:07:18 257064 66811
22:08:18 152164 31635
22:09:18 85246 19458
22:10:18 55271 5857
22:11:19 40793 16981
22:12:19 313541 73464
22:13:19 -1 -1
22:14:19 45427 13048
22:15:20 14576 4970
22:16:20 446514 24612
22:17:20 1809 3187
22:18:21 582339 57956
22:19:21 60065 7142
22:20:21 14380 4372
22:21:21 40662 10850
22:22:21 39912 8517
22:23:22 58372 8698
22:24:22 25680 15332
22:25:22 7806 8474
22:26:22 68253 8161
22:27:23 117124 11259
22:28:23 21340 7332
22:29:23 105331 7924
22:30:23 169191 14138
22:31:24 131233 19829
22:32:24 156827 16433
22:33:24 241398 86053
22:34:25 53532 8267
22:35:25 44010 26678
22:36:25 2967 1696
22:37:25 77208 26935
22:38:25 161620 24911
22:39:27 23055 5174
22:40:26 95643 17534
22:41:26 230293 89503
22:42:27 48727 16595
22:43:27 34322 3725
22:44:27 118090 22657
22:45:27 50410 22135
22:46:28 100691 17113
22:47:28 334970 16712
22:48:28 12348 2684
22:49:28 20284 6851
22:50:29 45176 11026
22:51:29 42970 6958
22:52:29 138660 16772
22:53:29 43610 10228
22:54:30 186050 16543
22:55:30 2703 1201
22:56:31 50379 8441
22:57:30 14410 11664
22:58:31 497740 190788
22:59:31 111190 7769
23:00:31 63418 13051
23:01:32 223311 15241
23:02:32 61694 8212
23:03:32 26996 9890
23:04:32 18635 20115
23:05:33 27813 3224
23:06:33 36618 4437
23:07:33 42769 13617
23:08:33 393274 23295
23:09:34 16565 3183
23:10:34 91838 28749
23:11:34 36528 9794
23:12:34 24920 11814
23:13:35 22976 9914
23:14:35 7246 7861
23:15:35 101582 23724
23:16:35 67881 10462
23:17:36 193764 11683
23:18:36 48389 4608
23:19:36 39848 8000
23:20:36 49862 10149
23:21:37 554048 27178
23:22:37 534805 30962
23:26:36 -1 -1
23:29:37 -1 -1
23:32:38 -1 -1
23:34:08 34939 6132
23:34:10 7346 1063
23:35:09 318565 18807
23:36:10 43249 11298
23:37:13 135948 9543
23:38:10 47082 4280
23:39:11 -1 -1
23:40:11 70924 8543
23:41:11 28587 7067
23:42:12 109237 16720
23:43:12 175275 10615
23:44:12 27640 2639
23:45:12 22260 5163
23:46:13 4988 2881
23:47:13 39512 8062
23:48:14 156796 5388
23:49:15 67047 5576
23:50:17 38594 6789
23:51:16 220725 11877
23:52:17 4476 2748
23:53:17 3781 1534
23:54:17 185016 15227
23:55:18 298023 16422
23:56:19 35626 5225
23:57:18 66634 6348
23:58:19 154551 10834
23:59:21 4044 1929
