00:01:50 0 0 1
00:02:29 0 0 1
00:03:03 0 0 1
00:03:55 0 0 1
00:04:54 0 0 1
00:06:02 0 0 1
00:07:14 0 0 1
00:08:18 0 0 1
02:00:37 0 0 1
02:01:06 0 0 1
02:02:06 0 0 1
02:03:10 0 0 1
02:04:07 0 0 1
02:05:08 0 0 1
02:06:08 0 0 1
02:07:08 0 0 1
02:08:09 0 0 1
02:09:09 0 0 1
02:13:01 0 0 1
02:14:24 0 0 1
02:14:25 0 0 1
02:15:25 0 0 1
02:16:25 0 0 1
02:17:26 0 0 1
02:18:26 0 0 1
02:19:27 0 0 1
02:20:27 0 0 1
02:21:28 0 0 1
02:22:28 0 0 1
02:23:28 0 0 1
02:24:29 0 0 1
02:25:29 0 0 1
02:26:30 0 0 1
02:27:30 0 0 1
02:28:31 0 0 1
02:29:31 0 0 1
02:30:31 0 0 1
02:31:32 0 0 1
02:32:32 0 0 1
02:33:33 0 0 1
02:34:33 0 0 1
02:35:33 0 0 1
02:36:35 0 0 1
02:37:34 0 0 1
02:38:35 0 0 1
02:39:35 0 0 1
02:40:35 0 0 1
02:41:36 0 0 1
02:42:36 0 0 1
02:43:37 0 0 1
02:44:37 0 0 1
02:45:37 0 0 1
02:46:38 0 0 1
02:47:38 0 0 1
02:48:39 0 0 1
02:52:24 0 0 0
02:52:24 0 0 1
02:53:24 0 0 1
02:54:25 0 0 1
02:55:25 0 0 1
02:56:25 0 0 1
02:57:26 0 0 1
02:58:26 0 0 1
02:59:27 0 0 1
03:00:27 0 0 1
03:01:27 0 0 1
03:02:28 0 0 1
03:03:28 0 0 1
03:04:29 0 0 1
03:05:29 0 0 1
03:06:30 0 0 1
03:07:30 0 0 1
03:08:38 0 0 1
03:09:31 0 0 1
03:10:31 0 0 1
03:11:32 0 0 1
03:12:32 0 0 1
03:13:32 0 0 1
03:14:33 0 0 1
03:15:33 0 0 1
03:16:33 0 0 1
03:17:34 0 0 1
03:18:34 0 0 1
03:19:34 0 0 1
03:20:35 0 0 1
03:21:35 0 0 1
03:22:35 0 0 1
03:23:36 0 0 1
03:24:36 0 0 1
03:25:36 0 0 1
03:26:37 0 0 1
03:27:37 0 0 1
03:28:37 0 0 1
03:29:38 0 0 1
03:30:38 0 0 1
03:31:39 0 0 1
03:32:48 0 0 1
03:33:39 0 0 1
03:34:39 0 0 1
03:35:40 0 0 1
03:36:40 0 0 1
03:37:43 0 0 1
03:38:41 0 0 1
03:39:41 0 0 1
03:40:42 0 0 1
03:41:42 0 0 1
03:42:42 0 0 1
03:43:43 0 0 1
03:44:43 0 0 1
03:45:43 0 0 1
03:46:44 0 0 1
03:47:44 0 0 1
03:48:44 0 0 1
03:49:45 0 0 1
03:50:45 0 0 1
03:51:45 0 0 1
03:52:46 0 0 1
03:53:46 0 0 1
03:54:46 0 0 1
03:55:47 0 0 1
03:56:47 0 0 1
03:57:47 0 0 1
03:58:48 0 0 1
03:59:48 0 0 1
04:00:48 0 0 1
04:01:49 0 0 1
04:02:49 0 0 1
04:03:49 0 0 1
04:04:50 0 0 1
04:05:50 0 0 1
04:06:50 0 0 1
04:07:51 0 0 1
04:08:51 0 0 1
04:09:51 0 0 1
04:10:52 0 0 1
04:11:52 0 0 1
04:12:52 0 0 1
04:13:53 0 0 1
04:14:53 0 0 1
04:15:53 0 0 1
04:16:54 0 0 1
04:17:54 0 0 1
04:18:54 0 0 1
04:19:55 0 0 1
04:20:55 0 0 1
04:21:55 0 0 1
04:22:56 0 0 1
04:23:56 0 0 1
04:24:56 0 0 1
04:25:57 0 0 1
04:26:57 0 0 1
04:27:57 0 0 1
04:28:58 0 0 1
04:29:58 0 0 1
04:30:59 0 0 1
04:31:59 0 0 1
04:32:59 0 0 1
04:34:00 0 0 1
04:35:00 0 0 1
04:36:00 0 0 1
04:37:01 0 0 1
04:38:01 0 0 1
04:39:01 0 0 1
04:40:02 0 0 1
04:41:02 0 0 1
04:42:02 0 0 1
04:43:03 0 0 1
04:44:03 0 0 1
04:45:04 0 0 1
04:46:04 0 0 1
04:47:04 0 0 1
04:48:05 0 0 1
04:49:05 0 0 1
04:50:05 0 0 1
04:51:06 0 0 1
04:52:06 0 0 1
04:53:06 0 0 1
04:54:07 0 0 1
04:55:07 0 0 1
04:56:07 0 0 1
04:57:08 0 0 1
04:58:08 0 0 1
04:59:08 0 0 1
05:00:09 0 0 1
05:01:09 0 0 1
05:02:09 0 0 1
05:03:10 0 0 1
05:04:10 0 0 1
05:05:10 0 0 1
05:06:11 0 0 1
05:07:11 0 0 1
05:08:11 0 0 1
05:09:12 0 0 1
05:10:12 0 0 1
05:11:12 0 0 1
05:12:13 0 0 1
05:13:13 0 0 1
05:14:13 0 0 1
05:15:14 0 0 1
05:16:14 0 0 1
05:17:15 0 0 1
05:18:15 0 0 1
05:19:15 0 0 1
05:21:01 0 0 1
05:21:16 0 0 1
05:22:16 0 0 1
05:23:17 0 0 1
05:24:17 0 0 1
05:25:17 0 0 1
05:26:18 0 0 1
05:27:18 0 0 1
05:28:19 0 0 1
05:29:19 0 0 1
05:30:19 0 0 1
05:31:20 0 0 1
05:32:20 0 0 1
05:33:20 0 0 1
05:34:20 0 0 1
05:35:21 0 0 1
05:36:21 0 0 1
05:37:21 0 0 1
05:38:22 0 0 1
05:39:22 0 0 1
05:40:22 0 0 1
05:41:23 0 0 1
05:42:23 0 0 1
05:43:24 0 0 1
05:44:24 0 0 1
05:45:24 0 0 1
05:46:25 0 0 1
05:47:25 0 0 1
05:48:25 0 0 1
05:49:26 0 0 1
05:50:26 0 0 1
05:51:26 0 0 1
05:52:27 0 0 1
05:53:27 0 0 1
05:54:27 0 0 1
05:55:28 0 0 1
05:56:28 0 0 1
05:57:28 0 0 1
05:58:29 0 0 1
05:59:29 0 0 1
06:00:30 0 0 1
06:01:30 0 0 1
06:02:30 0 0 1
06:03:31 0 0 1
06:04:31 0 0 1
06:05:32 0 0 1
06:06:32 0 0 1
06:07:32 0 0 1
06:08:33 0 0 1
06:09:33 0 0 1
06:10:34 0 0 1
06:11:34 0 0 1
06:12:34 0 0 1
06:13:35 0 0 1
06:14:35 0 0 1
06:15:35 0 0 1
06:16:36 0 0 1
06:17:36 0 0 1
06:18:36 0 0 1
06:19:37 0 0 1
06:20:37 0 0 1
06:21:37 0 0 1
06:22:38 0 0 1
06:23:38 0 0 1
06:24:38 0 0 1
06:25:39 0 0 1
06:26:39 0 0 1
06:27:39 0 0 1
06:28:40 0 0 1
06:29:40 0 0 1
06:30:41 0 0 1
06:31:41 0 0 1
06:32:41 0 0 1
06:33:42 0 0 1
06:34:42 0 0 1
06:35:42 0 0 1
06:36:43 0 0 1
06:37:43 0 0 1
06:38:43 0 0 1
06:39:44 0 0 1
06:40:44 0 0 1
06:41:44 0 0 1
06:42:45 0 0 1
06:43:45 0 0 1
06:44:45 0 0 1
06:45:46 0 0 1
06:46:46 0 0 1
06:47:46 0 0 1
06:48:47 0 0 1
06:49:47 0 0 1
06:50:47 0 0 1
06:51:48 0 0 1
06:52:48 0 0 1
06:53:48 0 0 1
06:54:49 0 0 1
06:55:49 0 0 1
06:56:49 0 0 1
06:57:50 0 0 1
06:58:50 0 0 1
06:59:50 0 0 1
07:00:51 0 0 1
07:01:51 0 0 1
07:02:51 0 0 1
07:03:52 0 0 1
07:04:52 0 0 1
07:05:52 0 0 1
07:06:53 0 0 1
07:07:53 0 0 1
07:08:53 0 0 1
07:09:54 0 0 1
07:10:54 0 0 1
07:11:54 0 0 1
07:12:55 0 0 1
07:13:55 0 0 1
07:14:55 0 0 1
07:15:56 0 0 1
07:16:56 0 0 1
07:17:56 0 0 1
07:18:57 0 0 1
07:19:57 0 0 1
07:20:57 0 0 1
07:21:58 0 0 1
07:22:58 0 0 1
07:23:58 0 0 1
07:24:59 0 0 1
07:25:59 0 0 1
07:26:59 0 0 1
07:28:00 0 0 1
07:29:00 0 0 1
07:30:00 0 0 1
07:31:01 0 0 1
07:32:01 0 0 1
07:33:02 0 0 1
07:34:02 0 0 1
07:35:03 0 0 1
07:36:04 0 0 1
07:37:04 0 0 1
07:38:04 0 0 1
07:39:05 0 0 1
07:40:05 0 0 1
07:41:05 0 0 1
07:42:06 0 0 1
07:43:06 0 0 1
07:44:06 0 0 1
07:45:07 0 0 1
07:46:07 0 0 1
07:47:07 0 0 1
07:48:07 0 0 1
07:49:08 0 0 1
07:50:08 0 0 1
07:51:08 0 0 1
07:52:09 0 0 1
07:53:09 0 0 1
07:54:09 0 0 1
07:55:10 0 0 1
07:56:10 0 0 1
07:57:10 0 0 1
07:58:11 0 0 1
07:59:11 0 0 1
08:00:11 0 0 1
08:01:12 0 0 1
08:02:12 0 0 1
08:03:12 0 0 1
08:04:13 0 0 1
08:05:13 0 0 1
08:06:13 0 0 1
08:07:13 0 0 1
08:08:14 0 0 1
08:09:14 0 0 1
08:10:14 0 0 1
08:11:15 0 0 1
08:12:15 0 0 1
08:13:15 0 0 1
08:14:16 0 0 1
08:15:16 0 0 1
08:16:16 0 0 1
08:17:16 0 0 1
08:18:17 0 0 1
08:19:17 0 0 1
08:20:18 0 0 1
08:21:18 0 0 1
08:22:18 0 0 1
08:23:19 0 0 1
08:24:19 0 0 1
08:25:20 0 0 1
08:26:20 0 0 1
08:27:20 0 0 1
08:28:21 0 0 1
08:29:21 0 0 1
08:30:21 0 0 1
08:31:22 0 0 1
08:32:22 0 0 1
08:33:22 0 0 1
08:34:23 0 0 1
08:35:23 0 0 1
08:36:23 0 0 1
08:37:24 0 0 1
08:38:24 0 0 1
08:39:24 0 0 1
08:40:25 0 0 1
08:41:25 0 0 1
08:42:25 0 0 1
08:43:26 0 0 1
08:44:26 0 0 1
08:45:26 0 0 1
08:46:27 0 0 1
08:47:27 0 0 1
08:48:27 0 0 1
08:49:28 0 0 1
08:50:28 0 0 1
08:51:28 0 0 1
08:52:29 0 0 1
08:53:29 0 0 1
08:54:29 0 0 1
08:55:30 0 0 1
08:56:31 0 0 1
08:57:31 0 0 1
08:58:32 0 0 1
08:59:32 0 0 1
09:00:32 0 0 1
09:01:33 0 0 1
09:02:33 0 0 1
09:03:33 0 0 1
09:04:34 0 0 1
09:05:34 0 0 1
09:06:34 0 0 1
09:07:34 0 0 1
09:08:34 0 0 1
09:09:35 0 0 1
09:10:35 0 0 1
09:11:35 0 0 1
09:12:36 0 0 1
09:13:36 0 0 1
09:14:36 0 0 1
09:15:36 0 0 1
09:16:37 0 0 1
09:17:37 0 0 1
09:18:37 0 0 1
09:19:38 0 0 1
09:20:38 0 0 1
09:21:38 0 0 1
09:22:39 0 0 1
09:23:39 0 0 1
09:24:39 0 0 1
09:25:39 0 0 1
09:26:40 0 0 1
09:27:40 0 0 1
09:28:40 0 0 1
09:29:40 0 0 1
09:30:41 0 0 1
09:31:41 0 0 1
09:32:41 0 0 1
09:33:42 0 0 1
09:34:42 0 0 1
09:35:42 0 0 1
09:36:43 0 0 1
09:37:43 0 0 1
09:38:44 0 0 1
09:39:47 0 0 1
09:40:44 0 0 1
09:41:45 0 0 1
09:42:45 0 0 1
09:43:45 0 0 1
09:44:45 0 0 1
09:45:46 0 0 1
09:46:46 0 0 1
09:47:46 0 0 1
09:48:46 0 0 1
09:49:47 0 0 1
09:50:47 0 0 1
09:51:47 0 0 1
09:52:47 0 0 1
09:53:47 0 0 1
09:54:48 0 0 1
09:55:48 0 0 1
09:56:48 0 0 1
09:57:48 0 0 1
09:58:49 0 0 1
09:59:49 0 0 1
10:00:49 0 0 1
10:01:49 0 0 1
10:02:50 0 0 1
10:03:53 0 0 1
10:04:50 0 0 1
10:05:50 0 0 1
10:06:51 0 0 1
10:07:51 0 0 1
10:08:51 0 0 1
10:09:51 0 0 1
10:10:52 0 0 1
10:11:52 0 0 1
10:12:52 0 0 1
10:13:52 0 0 1
10:14:53 0 0 1
10:15:53 0 0 1
10:17:02 0 0 1
10:17:53 0 0 1
10:18:54 0 0 1
10:19:54 0 0 1
10:20:54 0 0 1
10:21:55 0 0 1
10:22:56 0 0 1
10:23:56 0 0 1
10:24:57 0 0 1
10:25:57 0 0 1
10:26:58 0 0 1
10:27:58 0 0 1
10:28:58 0 0 1
10:29:59 0 0 1
10:30:59 0 0 1
10:31:59 0 0 1
10:33:00 0 0 1
10:34:00 0 0 1
10:35:00 0 0 1
10:36:00 0 0 1
10:37:01 0 0 1
10:38:02 0 0 0
10:39:02 0 0 0
10:40:02 0 0 0
10:41:03 0 0 0
10:42:03 0 0 0
10:43:03 0 0 0
10:44:04 0 0 0
10:45:04 0 0 0
10:46:04 0 0 0
10:47:05 0 0 0
10:48:05 0 0 0
10:49:05 0 0 0
10:50:06 0 0 0
10:51:06 0 0 0
10:52:07 0 0 0
10:53:07 0 0 0
10:54:07 0 0 0
10:55:08 0 0 0
10:56:09 0 0 0
10:57:09 0 0 0
10:58:09 0 0 0
10:59:10 0 0 0
11:00:11 0 0 0
11:01:11 0 0 0
11:02:11 0 0 0
11:03:12 0 0 0
11:04:12 0 0 0
11:05:12 0 0 0
11:06:13 0 0 0
11:07:13 0 0 0
11:08:14 0 0 0
11:09:14 0 0 0
11:10:14 0 0 0
11:11:15 0 0 0
11:12:15 0 0 0
11:13:15 0 0 0
11:14:16 0 0 0
11:15:16 0 0 0
11:16:17 0 0 0
11:17:18 0 0 0
11:18:18 0 0 0
11:19:18 0 0 0
11:20:19 0 0 0
11:21:19 0 0 0
11:22:19 0 0 0
11:23:19 0 0 0
11:24:20 0 0 0
11:25:22 0 0 0
11:26:20 0 0 0
11:27:20 0 0 0
11:28:21 0 0 0
11:29:21 0 0 0
11:30:21 0 0 0
11:31:21 0 0 0
11:32:21 0 0 0
11:33:22 0 0 0
11:34:23 0 0 0
11:35:23 0 0 0
11:36:23 0 0 0
11:37:23 0 0 0
11:38:24 0 0 0
11:39:24 0 0 0
11:40:24 0 0 0
11:41:25 0 0 0
11:42:25 0 0 0
11:43:25 0 0 0
11:44:26 0 0 0
11:45:26 0 0 0
11:46:27 0 0 0
11:47:28 0 0 0
11:48:28 0 0 0
11:49:29 0 0 0
11:50:29 0 0 0
11:51:29 0 0 0
11:52:30 0 0 0
11:53:30 0 0 0
11:54:30 0 0 0
11:55:31 0 0 0
11:56:31 0 0 0
11:57:31 0 0 0
11:58:32 0 0 0
11:59:32 0 0 0
12:00:32 0 0 0
12:01:32 0 0 0
12:02:33 0 0 0
12:03:33 0 0 0
12:04:33 0 0 0
12:05:33 0 0 0
12:06:34 0 0 0
12:07:34 0 0 0
12:08:34 0 0 0
12:09:35 0 0 0
12:10:35 0 0 0
12:11:36 0 0 0
12:12:36 0 0 0
12:13:36 0 0 0
12:14:36 0 0 0
12:15:37 0 0 0
12:16:37 0 0 0
12:17:38 0 0 0
12:18:39 0 0 0
12:19:39 0 0 0
12:20:39 0 0 0
12:21:40 0 0 0
12:22:40 0 0 0
12:23:40 0 0 0
12:24:40 0 0 0
12:25:41 0 0 0
12:26:41 0 0 0
12:27:41 0 0 0
12:28:42 0 0 0
12:29:42 0 0 0
12:30:42 0 0 0
12:31:42 0 0 0
12:32:43 0 0 0
12:33:43 0 0 0
12:34:43 0 0 0
12:35:43 0 0 0
12:36:44 0 0 0
12:37:44 0 0 0
12:38:44 0 0 0
12:39:44 0 0 0
12:40:45 0 0 0
12:41:45 0 0 0
12:42:45 0 0 0
12:43:45 0 0 0
12:44:45 0 0 0
12:45:46 0 0 0
12:46:46 0 0 0
12:47:46 0 0 0
12:48:59 0 0 0
12:49:47 0 0 0
12:50:48 0 0 0
12:51:48 0 0 0
12:52:48 0 0 0
12:53:48 0 0 0
12:54:49 0 0 0
12:55:49 0 0 0
12:56:49 0 0 0
12:57:49 0 0 0
12:58:51 0 0 0
12:59:50 0 0 0
13:00:50 0 0 0
13:01:50 0 0 0
13:02:51 0 0 0
13:03:51 0 0 0
13:04:51 0 0 0
13:05:51 0 0 0
13:06:52 0 0 0
13:07:52 0 0 0
13:08:52 0 0 0
13:09:52 0 0 0
13:10:52 0 0 0
13:11:52 0 0 0
13:12:53 0 0 0
13:13:53 0 0 0
13:14:53 0 0 0
13:15:53 0 0 0
13:16:53 0 0 0
13:17:54 0 0 0
13:18:54 0 0 0
13:19:54 0 0 0
13:20:54 0 0 0
13:21:55 0 0 0
13:22:55 0 0 0
13:23:55 0 0 0
13:24:56 0 0 0
13:25:56 0 0 0
13:26:56 0 0 0
13:27:57 0 0 0
13:28:57 0 0 0
13:29:57 0 0 0
13:30:57 0 0 0
13:31:57 0 0 0
13:32:58 0 0 0
13:33:58 0 0 0
13:34:59 0 0 0
13:35:59 0 0 0
13:36:59 0 0 0
13:37:59 0 0 0
13:39:00 0 0 0
13:40:00 0 0 0
13:41:00 0 0 0
13:42:00 0 0 0
13:43:01 0 0 0
13:44:02 0 0 0
13:45:02 0 0 0
13:46:02 0 0 0
13:47:03 0 0 0
13:48:04 0 0 0
13:49:04 0 0 0
13:50:04 0 0 0
13:51:04 0 0 0
13:52:05 0 0 0
13:53:05 0 0 0
13:54:05 0 0 0
13:55:06 0 0 0
13:56:06 0 0 0
13:57:06 0 0 0
13:58:06 0 0 0
13:59:06 0 0 0
14:00:07 0 0 0
14:01:07 0 0 0
14:02:07 0 0 0
14:03:07 0 0 0
14:04:07 0 0 0
14:05:08 0 0 0
14:06:08 0 0 0
14:07:09 0 0 0
14:08:09 0 0 0
14:09:09 0 0 0
14:10:10 0 0 0
14:11:33 0 0 0
14:12:10 0 0 0
14:13:11 0 0 0
14:14:11 0 0 0
14:15:11 0 0 0
14:16:11 0 0 0
14:17:12 0 0 0
14:18:12 0 0 0
14:19:12 0 0 0
14:20:13 0 0 0
14:21:13 0 0 0
14:22:13 0 0 0
14:23:13 0 0 0
14:24:14 0 0 0
14:25:14 0 0 0
14:26:15 0 0 0
14:27:15 0 0 0
14:28:16 0 0 0
14:29:16 0 0 0
14:30:16 0 0 0
14:31:16 0 0 0
14:32:17 0 0 0
14:33:17 0 0 0
14:34:18 0 0 0
14:35:18 0 0 0
14:36:18 0 0 0
14:37:19 0 0 0
14:38:19 0 0 0
14:39:20 0 0 0
14:40:40 0 0 0
14:41:20 0 0 0
14:42:21 0 0 0
14:43:21 0 0 0
14:44:22 0 0 0
14:45:23 0 0 0
14:46:23 0 0 0
14:47:23 0 0 0
14:48:23 0 0 0
14:49:24 0 0 0
14:50:24 0 0 0
14:51:25 0 0 0
14:52:25 0 0 0
14:53:25 0 0 0
14:54:25 0 0 0
14:55:26 0 0 0
14:56:26 0 0 0
14:57:26 0 0 0
14:58:27 0 0 0
14:59:27 0 0 0
15:00:27 0 0 0
15:01:27 0 0 0
15:02:33 0 0 0
15:03:28 0 0 0
15:04:28 0 0 0
15:05:28 0 0 0
15:06:28 0 0 0
15:07:28 0 0 0
15:08:29 0 0 0
15:09:29 0 0 0
15:10:29 0 0 0
15:11:30 0 0 0
15:12:31 0 0 0
15:13:31 0 0 0
15:14:31 0 0 0
15:15:31 0 0 0
15:16:32 0 0 0
15:17:32 0 0 0
15:18:32 0 0 0
15:19:32 0 0 0
15:20:33 0 0 0
15:21:33 0 0 0
15:22:33 0 0 0
15:23:33 0 0 0
15:24:33 0 0 0
15:25:34 0 0 0
15:26:34 0 0 0
15:27:35 0 0 0
15:28:37 0 0 0
15:29:34 0 0 0
15:30:35 0 0 0
15:31:35 0 0 0
15:32:36 0 0 0
15:33:36 0 0 0
15:34:36 0 0 0
15:35:36 0 0 0
15:36:36 0 0 0
15:37:37 0 0 0
15:38:37 0 0 0
15:39:37 0 0 0
15:40:37 0 0 0
15:41:37 0 0 0
15:42:38 0 0 0
15:43:38 0 0 0
15:44:38 0 0 0
15:45:38 0 0 0
15:46:39 0 0 0
15:47:39 0 0 0
15:48:39 0 0 0
15:49:39 0 0 0
15:50:40 0 0 0
15:51:40 0 0 0
15:52:41 0 0 0
15:53:41 0 0 0
15:54:41 0 0 0
15:55:41 0 0 0
15:56:41 0 0 0
15:57:42 0 0 0
15:58:42 0 0 0
15:59:42 0 0 0
16:00:50 0 0 0
16:01:42 0 0 0
16:02:43 0 0 0
16:03:43 0 0 0
16:04:43 0 0 0
16:05:43 0 0 0
16:06:44 0 0 0
16:07:44 0 0 0
16:08:44 0 0 0
16:09:53 0 0 0
16:10:44 0 0 0
16:11:57 0 0 0
16:12:45 0 0 0
16:13:45 0 0 0
16:14:45 0 0 0
16:15:57 0 0 0
16:16:51 0 0 0
16:17:46 0 0 0
16:18:47 0 0 0
16:19:46 0 0 0
16:20:47 0 0 0
16:21:47 0 0 0
16:22:47 0 0 0
16:23:47 0 0 0
16:24:48 0 0 0
16:25:48 0 0 0
16:26:48 0 0 0
16:27:48 0 0 0
16:28:48 0 0 0
16:29:49 0 0 0
16:30:49 0 0 0
16:31:49 0 0 0
16:32:50 0 0 0
16:33:50 0 0 0
16:34:51 0 0 0
16:35:51 0 0 0
16:36:51 0 0 0
16:37:51 0 0 0
16:38:51 0 0 0
16:39:52 0 0 0
16:40:52 0 0 0
16:41:52 0 0 0
16:42:52 0 0 0
16:43:56 0 0 0
16:44:53 0 0 0
16:45:53 0 0 0
16:46:53 0 0 0
16:47:53 0 0 0
16:48:54 0 0 0
16:49:54 0 0 0
16:50:54 0 0 0
16:51:54 0 0 0
16:52:55 0 0 0
16:53:55 0 0 0
16:54:55 0 0 0
16:55:55 0 0 0
16:56:56 0 0 0
16:57:56 0 0 0
16:58:56 0 0 0
16:59:56 0 0 0
17:00:57 0 0 0
17:01:57 0 0 0
17:02:58 0 0 0
17:03:58 0 0 0
17:04:58 0 0 0
17:05:58 0 0 0
17:06:59 0 0 0
17:07:59 0 0 0
17:08:59 0 0 0
17:09:59 0 0 0
17:10:59 0 0 0
17:12:00 0 0 0
17:13:00 0 0 0
17:14:00 0 0 0
17:15:00 0 0 0
17:16:01 0 0 0
17:17:01 0 0 0
17:18:01 0 0 0
17:19:01 0 0 0
17:20:02 0 0 0
17:21:02 0 0 0
17:22:02 0 0 0
17:23:03 0 0 0
17:24:04 0 0 0
17:25:04 0 0 0
17:26:04 0 0 0
17:27:05 0 0 0
17:28:05 0 0 0
17:29:05 0 0 0
17:30:06 0 0 0
17:31:06 0 0 0
17:32:06 0 0 0
17:33:06 0 0 0
17:34:07 0 0 0
17:35:07 0 0 0
17:36:07 0 0 0
17:37:08 0 0 0
17:38:08 0 0 0
17:39:08 0 0 0
17:40:09 0 0 0
17:41:09 0 0 0
17:42:09 0 0 0
17:43:10 0 0 0
17:44:10 0 0 0
17:45:11 0 0 0
17:46:11 0 0 0
17:47:11 0 0 0
17:48:12 0 0 0
17:49:12 0 0 0
17:50:12 0 0 0
17:51:12 0 0 0
17:52:13 0 0 0
17:53:13 0 0 0
17:54:13 0 0 0
17:55:13 0 0 0
17:56:14 0 0 0
17:57:14 0 0 0
17:58:14 0 0 0
17:59:14 0 0 0
18:00:15 0 0 0
18:01:15 0 0 0
18:02:15 0 0 0
18:03:15 0 0 0
18:04:16 0 0 0
18:05:16 0 0 0
18:06:16 0 0 0
18:07:16 0 0 0
18:08:17 0 0 0
18:09:17 0 0 0
18:10:17 0 0 0
18:11:17 0 0 0
18:12:28 0 0 0
18:13:18 0 0 0
18:14:18 0 0 0
18:15:18 0 0 0
18:16:19 0 0 0
18:17:19 0 0 0
18:18:19 0 0 0
18:19:19 0 0 0
18:20:20 0 0 0
18:21:20 0 0 0
18:22:20 0 0 0
18:23:21 0 0 0
18:24:21 0 0 0
18:25:21 0 0 0
18:26:21 0 0 0
18:27:22 0 0 0
18:28:22 0 0 0
18:29:22 0 0 0
18:30:23 0 0 0
18:31:23 0 0 0
18:32:24 0 0 0
18:33:24 0 0 0
18:34:25 0 0 0
18:35:25 0 0 0
18:36:25 0 0 0
18:37:26 0 0 0
18:38:26 0 0 0
18:39:26 0 0 0
18:40:26 0 0 0
18:41:27 0 0 0
18:42:27 0 0 0
18:43:27 0 0 0
18:44:27 0 0 0
18:45:27 0 0 0
18:46:31 0 0 0
18:47:28 0 0 0
18:48:28 0 0 0
18:49:29 0 0 0
18:50:29 0 0 0
18:51:29 0 0 0
18:52:29 0 0 0
18:53:30 0 0 0
18:54:31 0 0 0
18:55:31 0 0 0
18:56:31 0 0 0
18:57:31 0 0 0
18:58:31 0 0 0
18:59:32 0 0 0
19:00:32 0 0 0
19:01:32 0 0 0
19:02:32 0 0 0
19:03:33 0 0 0
19:04:33 0 0 0
19:05:33 0 0 0
19:06:33 0 0 0
19:07:33 0 0 0
19:08:34 0 0 0
19:09:34 0 0 0
19:10:34 0 0 0
19:11:34 0 0 0
19:12:35 0 0 0
19:13:35 0 0 0
19:14:35 0 0 0
19:15:35 0 0 0
19:16:36 0 0 0
19:17:36 0 0 0
19:18:36 0 0 0
19:19:36 0 0 0
19:20:36 0 0 0
19:21:37 0 0 0
19:22:37 0 0 0
19:23:37 0 0 0
19:24:37 0 0 0
19:25:37 0 0 0
19:26:38 0 0 0
19:27:38 0 0 0
19:28:38 0 0 0
19:29:38 0 0 0
19:30:38 0 0 0
19:31:39 0 0 0
19:32:39 0 0 0
19:33:40 0 0 0
19:34:42 0 0 0
19:35:40 0 0 0
19:36:47 0 0 0
19:37:40 0 0 0
19:38:41 0 0 0
19:39:41 0 0 0
19:40:41 0 0 0
19:41:41 0 0 0
19:42:42 0 0 0
19:43:42 0 0 0
19:44:42 0 0 0
19:45:42 0 0 0
19:46:42 0 0 0
19:47:43 0 0 0
19:48:43 0 0 0
19:49:43 0 0 0
19:50:43 0 0 0
19:52:10 0 0 0
19:52:44 0 0 0
19:53:44 0 0 0
19:54:44 0 0 0
19:55:44 0 0 0
19:56:44 0 0 0
19:57:45 0 0 0
19:58:45 0 0 0
19:59:45 0 0 0
20:00:45 0 0 0
20:01:46 0 0 0
20:02:46 0 0 0
20:03:46 0 0 0
20:04:46 0 0 0
20:05:46 0 0 0
20:06:47 0 0 0
20:07:47 0 0 0
20:08:47 0 0 0
20:09:47 0 0 0
20:10:47 0 0 0
20:11:48 0 0 0
20:12:48 0 0 0
20:13:48 0 0 0
20:14:48 0 0 0
20:15:48 0 0 0
20:16:49 0 0 0
20:17:49 0 0 0
20:18:49 0 0 0
20:19:49 0 0 0
20:20:50 0 0 0
20:21:50 0 0 0
20:22:50 0 0 0
20:23:50 0 0 0
20:24:51 0 0 0
20:25:51 0 0 0
20:26:51 0 0 0
20:27:51 0 0 0
20:28:52 0 0 0
20:29:52 0 0 0
20:30:52 0 0 0
20:32:27 0 0 0
20:32:52 0 0 0
20:33:58 0 0 0
20:34:53 0 0 0
20:36:05 0 0 0
20:36:53 0 0 0
20:37:53 0 0 0
20:38:54 0 0 0
20:39:54 0 0 0
20:40:54 0 0 0
20:41:54 0 0 0
20:42:54 0 0 0
20:43:55 0 0 0
20:44:55 0 0 0
20:45:55 0 0 0
20:46:56 0 0 0
20:47:57 0 0 0
20:48:57 0 0 0
20:49:57 0 0 0
20:50:57 0 0 0
20:51:57 0 0 0
20:52:58 0 0 0
20:53:58 0 0 0
20:54:58 0 0 0
20:55:58 0 0 0
20:56:58 0 0 0
20:57:59 0 0 0
20:58:59 0 0 0
20:59:59 0 0 0
21:00:59 0 0 0
21:02:00 0 0 0
21:03:00 0 0 0
21:04:00 0 0 0
21:05:00 0 0 0
21:06:00 0 0 0
21:07:12 0 0 0
21:08:01 0 0 0
21:09:01 0 0 0
21:10:01 0 0 0
21:11:01 0 0 0
21:12:02 0 0 0
21:13:02 0 0 0
21:14:02 0 0 0
21:15:02 0 0 0
21:16:02 0 0 0
21:17:03 0 0 0
21:18:03 0 0 0
21:19:03 0 0 0
21:20:04 0 0 0
21:21:04 0 0 0
21:22:04 0 0 0
21:24:13 0 0 0
21:24:14 0 0 0
21:25:14 0 0 0
21:26:14 0 0 0
21:27:14 0 0 0
21:28:15 0 0 0
21:29:15 0 0 0
21:30:15 0 0 0
21:31:15 0 0 0
21:32:15 0 0 0
21:33:18 0 0 0
21:34:16 0 0 0
21:35:16 0 0 0
21:36:16 0 0 0
21:37:17 0 0 0
21:38:17 0 0 0
21:39:17 0 0 0
21:40:17 0 0 0
21:41:17 0 0 0
21:42:18 0 0 0
21:43:18 0 0 0
21:44:18 0 0 0
21:45:18 0 0 0
21:46:19 0 0 0
21:47:19 0 0 0
21:48:19 0 0 0
21:49:19 0 0 0
21:50:20 0 0 0
21:51:20 0 0 0
21:52:20 0 0 0
21:53:20 0 0 0
21:54:20 0 0 0
21:55:21 0 0 0
21:56:21 0 0 0
21:57:21 0 0 0
21:58:21 0 0 0
21:59:22 0 0 0
22:00:22 0 0 0
22:01:22 0 0 0
22:02:22 0 0 0
22:03:23 0 0 0
22:04:23 0 0 0
22:05:23 0 0 0
22:06:24 0 0 0
22:07:24 0 0 0
22:08:27 0 0 0
22:09:24 0 0 0
22:10:24 0 0 0
22:11:25 0 0 0
22:12:25 0 0 0
22:13:25 0 0 0
22:14:25 0 0 0
22:15:26 0 0 0
22:16:26 0 0 0
22:17:26 0 0 0
22:18:26 0 0 0
22:19:27 0 0 0
22:20:27 0 0 0
22:21:27 0 0 0
22:22:27 0 0 0
22:23:28 0 0 0
22:24:28 0 0 0
22:25:28 0 0 0
22:26:28 0 0 0
22:27:29 0 0 0
22:28:29 0 0 0
22:29:29 0 0 0
22:30:29 0 0 0
22:31:30 0 0 0
22:32:30 0 0 0
22:33:30 0 0 0
22:34:30 0 0 0
22:35:31 0 0 0
22:36:31 0 0 0
22:37:31 0 0 0
22:38:32 0 0 0
22:39:32 0 0 0
22:40:32 0 0 0
22:41:32 0 0 0
22:42:33 0 0 0
22:43:33 0 0 0
22:44:33 0 0 0
22:45:33 0 0 0
22:46:34 0 0 0
22:47:34 0 0 0
22:48:34 0 0 0
22:49:34 0 0 0
22:50:35 0 0 0
22:51:35 0 0 0
22:52:35 0 0 0
22:53:35 0 0 0
22:54:36 0 0 0
22:55:36 0 0 0
22:56:36 0 0 0
22:57:36 0 0 0
22:58:37 0 0 0
22:59:37 0 0 0
23:00:37 0 0 0
23:01:37 0 0 0
23:02:38 0 0 0
23:03:38 0 0 0
23:04:38 0 0 0
23:05:39 0 0 0
23:06:39 0 0 0
23:07:39 0 0 0
23:08:39 0 0 0
23:09:40 0 0 0
23:10:40 0 0 0
23:11:40 0 0 0
23:12:40 0 0 0
23:13:41 0 0 0
23:14:41 0 0 0
23:15:41 0 0 0
23:16:41 0 0 0
23:17:42 0 0 0
23:18:42 0 0 0
23:19:42 0 0 0
23:20:42 0 0 0
23:21:43 0 0 0
23:22:43 0 0 0
23:23:43 0 0 0
23:24:43 0 0 0
23:25:44 0 0 0
23:26:44 0 0 0
23:27:44 0 0 0
23:28:44 0 0 0
23:29:45 0 0 0
23:30:45 0 0 0
23:31:45 0 0 0
23:32:46 0 0 0
23:33:46 0 0 0
23:34:46 0 0 0
23:35:46 0 0 0
23:36:47 0 0 0
23:37:47 0 0 0
23:38:47 0 0 0
23:39:47 0 0 0
23:40:48 0 0 0
23:41:48 0 0 0
23:42:49 0 0 0
23:43:49 0 0 0
23:44:49 0 0 0
23:45:50 0 0 0
23:46:50 0 0 0
23:47:51 0 0 0
23:48:51 0 0 0
23:49:52 0 0 0
23:50:53 0 0 0
23:51:53 0 0 0
23:52:54 0 0 0
23:53:55 0 0 0
23:54:55 0 0 0
23:55:56 0 0 0
23:56:57 0 0 0
23:57:58 0 0 0
23:59:00 0 0 0
23:59:58 0 0 0
