00:02:13 1
00:03:03 1
00:03:24 1
00:04:18 1
00:05:18 1
00:06:19 1
00:07:20 1
00:08:21 1
02:00:07 1
02:01:08 1
02:02:09 1
02:03:09 1
02:04:09 1
02:05:10 1
02:06:10 1
02:07:11 1
02:08:11 1
02:09:11 1
02:10:12 1
02:11:12 1
02:12:13 1
02:13:13 1
02:14:13 1
02:15:14 1
02:16:14 1
02:17:15 1
02:18:15 1
02:19:16 1
02:20:16 1
02:21:17 1
02:22:17 1
02:23:17 1
02:24:18 1
02:25:18 1
02:26:19 1
02:27:19 1
02:28:20 1
02:29:20 1
02:30:20 1
02:31:21 1
02:32:21 1
02:33:22 1
02:34:22 1
02:35:22 1
02:36:23 1
02:37:23 1
02:38:24 1
02:39:24 1
02:40:24 1
02:41:25 1
02:42:25 1
02:43:25 1
02:44:26 1
02:45:26 1
02:46:27 1
02:47:27 1
02:48:28 1
02:49:28 1
02:50:28 1
02:51:29 1
02:52:29 1
02:53:29 1
02:54:30 1
02:55:30 1
02:56:31 1
02:57:31 1
02:58:32 1
02:59:32 1
03:00:33 1
03:01:33 1
03:02:33 1
03:03:33 1
03:04:34 1
03:05:35 1
03:06:35 1
03:07:35 1
03:08:36 1
03:09:36 1
03:10:37 1
03:11:37 1
03:12:37 1
03:13:37 1
03:14:38 1
03:15:38 1
03:16:39 1
03:17:39 1
03:18:39 1
03:19:40 1
03:20:40 1
03:21:40 1
03:22:41 1
03:23:41 1
03:24:41 1
03:25:42 1
03:26:42 1
03:27:42 1
03:28:43 1
03:29:43 1
03:30:43 1
03:31:44 1
03:32:44 1
03:33:44 1
03:34:45 1
03:35:45 1
03:36:45 1
03:37:46 1
03:38:46 1
03:39:46 1
03:40:47 1
03:41:47 1
03:42:47 1
03:43:48 1
03:44:48 1
03:45:49 1
03:46:49 1
03:47:49 1
03:48:50 1
03:49:50 1
03:50:50 1
03:51:51 1
03:52:51 1
03:53:51 1
03:54:52 1
03:55:52 1
03:56:52 1
03:57:53 1
03:58:53 1
03:59:53 1
04:00:55 1
04:01:54 1
04:02:56 1
04:03:55 1
04:04:55 1
04:05:56 1
04:06:56 1
04:07:57 1
04:08:56 1
04:09:57 1
04:10:57 1
04:11:57 1
04:12:58 1
04:13:58 1
04:14:58 1
04:15:59 1
04:16:59 1
04:17:59 1
04:18:59 1
04:20:00 1
04:21:00 1
04:22:01 1
04:23:01 1
04:24:01 1
04:25:02 1
04:26:02 1
04:27:04 1
04:28:03 1
04:29:06 1
04:30:03 1
04:31:06 1
04:32:06 1
04:33:06 1
04:34:06 1
04:35:05 1
04:36:05 1
04:37:06 1
04:38:06 1
04:39:07 1
04:40:07 1
04:41:07 1
04:42:08 1
04:43:08 1
04:44:09 1
04:45:09 1
04:46:09 1
04:47:10 1
04:48:10 1
04:49:10 1
04:50:10 1
04:51:11 1
04:52:11 1
04:53:11 1
04:54:12 1
04:55:12 1
04:56:13 1
04:57:13 1
04:58:15 1
04:59:14 1
05:00:14 1
05:01:14 1
05:02:15 1
05:03:15 1
05:04:15 1
05:05:16 1
05:06:16 1
05:07:16 1
05:08:17 1
05:09:17 1
05:10:17 1
05:11:18 1
05:12:18 1
05:13:18 1
05:14:19 1
05:15:19 1
05:16:19 1
05:17:20 1
05:18:20 1
05:19:21 1
05:20:21 1
05:21:21 1
05:22:22 1
05:23:27 1
05:24:24 1
05:25:24 1
05:26:23 1
05:27:25 1
05:28:24 1
05:29:24 1
05:30:24 1
05:31:25 1
05:32:25 1
05:33:25 1
05:34:26 1
05:35:26 1
05:36:26 1
05:37:27 1
05:38:27 1
05:39:27 1
05:40:28 1
05:41:28 1
05:42:29 1
05:43:29 1
05:44:29 1
05:45:29 1
05:46:30 1
05:47:30 1
05:48:30 1
05:49:31 1
05:50:31 1
05:51:32 1
05:52:32 1
05:53:33 1
05:54:33 1
05:55:33 1
05:56:33 1
05:57:34 1
05:58:34 1
05:59:34 1
06:00:35 1
06:01:35 1
06:02:36 1
06:03:36 1
06:04:37 1
06:05:37 1
06:06:37 1
06:07:38 1
06:08:38 1
06:09:38 1
06:10:39 1
06:11:39 1
06:12:39 1
06:13:40 1
06:14:40 1
06:15:41 1
06:16:41 1
06:17:41 1
06:18:42 1
06:19:42 1
06:20:42 1
06:21:43 1
06:22:43 1
06:23:43 1
06:24:44 1
06:25:44 1
06:26:44 1
06:27:45 1
06:28:45 1
06:29:45 1
06:30:46 1
06:31:46 1
06:32:46 1
06:33:47 1
06:34:47 1
06:35:47 1
06:36:48 1
06:37:48 1
06:38:48 1
06:39:49 1
06:40:49 1
06:41:49 1
06:42:50 1
06:43:50 1
06:44:51 1
06:45:51 1
06:46:51 1
06:47:52 1
06:48:52 1
06:49:52 1
06:50:53 1
06:51:53 1
06:52:53 1
06:53:54 1
06:54:54 1
06:55:54 1
06:56:54 1
06:57:55 1
06:58:55 1
06:59:55 1
07:00:56 1
07:01:56 1
07:02:57 1
07:03:57 1
07:04:57 1
07:05:57 1
07:06:58 1
07:07:58 1
07:08:59 1
07:09:59 1
07:10:59 1
07:12:00 1
07:13:00 1
07:14:00 1
07:15:00 1
07:16:01 1
07:17:01 1
07:18:02 1
07:19:02 1
07:20:02 1
07:21:03 1
07:22:03 1
07:23:03 1
07:24:04 1
07:25:04 1
07:26:05 1
07:27:05 1
07:28:05 1
07:29:05 1
07:30:06 1
07:31:06 1
07:32:07 1
07:33:07 1
07:34:07 1
07:35:07 1
07:36:08 1
07:37:08 1
07:38:09 1
07:39:09 1
07:40:09 1
07:41:10 1
07:42:10 1
07:43:10 1
07:44:10 1
07:45:14 1
07:46:11 1
07:47:11 1
07:48:12 1
07:49:12 1
07:50:12 1
07:51:13 1
07:52:13 1
07:53:13 1
07:54:14 1
07:55:13 -1
07:56:14 1
07:57:14 1
07:58:15 1
07:59:15 1
08:00:15 1
08:01:16 1
08:02:16 1
08:03:16 1
08:04:17 1
08:05:17 1
08:06:17 1
08:07:18 1
08:08:18 1
08:09:18 1
08:10:18 1
08:11:19 1
08:12:19 1
08:13:19 1
08:14:20 1
08:15:20 1
08:16:20 1
08:17:21 1
08:18:21 1
08:19:21 1
08:20:22 1
08:21:22 1
08:22:23 1
08:23:23 1
08:24:24 1
08:25:24 1
08:26:24 1
08:27:25 1
08:28:25 1
08:29:25 1
08:30:26 1
08:31:26 1
08:32:26 1
08:33:26 1
08:34:27 1
08:35:27 1
08:36:27 1
08:37:28 1
08:38:28 1
08:39:28 1
08:40:29 1
08:41:29 1
08:42:30 1
08:43:30 1
08:44:50 -1
08:45:31 1
08:46:31 1
08:47:34 1
08:48:32 1
08:49:32 1
08:50:32 1
08:51:33 1
08:52:33 1
08:53:33 1
08:54:34 1
08:55:35 1
08:56:35 1
08:57:35 1
08:58:36 1
08:59:36 1
09:00:37 1
09:01:37 1
09:02:37 1
09:03:37 1
09:04:38 1
09:05:38 1
09:06:39 1
09:07:38 1
09:08:39 1
09:09:39 1
09:10:39 1
09:11:39 1
09:12:40 1
09:13:40 1
09:14:40 1
09:15:40 1
09:16:41 1
09:17:41 1
09:18:42 1
09:19:42 1
09:20:42 1
09:21:42 1
09:22:43 1
09:23:43 1
09:24:44 1
09:25:44 1
09:26:44 1
09:27:44 1
09:28:44 1
09:29:45 1
09:30:45 1
09:31:45 1
09:32:46 1
09:33:46 1
09:34:46 1
09:35:46 1
09:36:47 1
09:37:47 1
09:38:48 1
09:39:47 -1
09:40:48 1
09:41:49 1
09:42:49 1
09:43:49 1
09:44:50 1
09:45:50 1
09:46:50 1
09:47:50 1
09:48:51 1
09:49:51 1
09:50:51 1
09:51:51 1
09:52:51 1
09:53:52 1
09:54:52 1
09:55:52 1
09:56:53 1
09:57:53 1
09:58:53 1
09:59:53 1
10:00:53 1
10:01:54 1
10:02:54 1
10:03:54 1
10:04:54 1
10:05:55 1
10:06:55 1
10:07:55 1
10:08:55 1
10:09:56 1
10:10:56 1
10:11:56 1
10:12:56 1
10:13:57 1
10:14:57 1
10:15:57 1
10:17:00 1
10:17:58 1
10:18:58 1
10:19:58 1
10:21:02 1
10:22:02 1
10:23:04 1
10:24:02 1
10:25:02 1
10:26:05 1
10:27:03 1
10:28:03 1
10:29:04 1
10:30:04 1
10:31:04 1
10:32:05 1
10:33:05 1
10:34:05 1
10:35:05 1
10:36:05 1
10:37:06 1
10:38:07 1
10:39:07 1
10:40:09 1
10:41:08 1
10:42:08 1
10:43:09 1
10:44:09 1
10:45:10 1
10:46:10 1
10:47:10 1
10:48:10 1
10:49:11 1
10:50:11 1
10:51:12 1
10:52:12 1
10:53:12 1
10:54:13 1
10:55:13 1
10:56:14 1
10:57:15 1
10:58:17 1
10:59:16 1
11:00:16 1
11:01:16 1
11:02:17 1
11:03:17 1
11:04:17 1
11:05:18 1
11:06:18 1
11:07:19 1
11:08:19 1
11:09:19 1
11:10:20 1
11:11:20 1
11:12:20 1
11:13:21 1
11:14:21 1
11:15:22 1
11:16:23 1
11:17:23 1
11:18:23 1
11:19:23 1
11:20:24 1
11:21:24 1
11:22:24 1
11:23:25 1
11:24:25 1
11:25:25 1
11:26:26 1
11:27:28 1
11:28:26 1
11:29:26 1
11:30:26 1
11:31:27 1
11:32:27 1
11:33:27 1
11:34:28 1
11:35:29 1
11:36:30 1
11:37:31 1
11:38:31 1
11:39:31 1
11:40:32 1
11:41:32 1
11:42:32 1
11:43:32 1
11:44:33 1
11:45:33 1
11:46:34 1
11:47:34 1
11:48:34 1
11:49:34 1
11:50:35 1
11:51:36 1
11:52:37 1
11:53:38 1
11:54:38 1
11:55:38 1
11:56:38 1
11:57:39 1
11:58:39 1
11:59:39 1
12:00:39 1
12:01:40 1
12:02:40 1
12:03:40 1
12:04:41 1
12:05:41 1
12:06:42 1
12:07:42 1
12:08:42 1
12:09:43 1
12:10:43 1
12:11:43 1
12:12:43 1
12:13:44 1
12:14:44 1
12:15:44 1
12:16:45 1
12:17:46 1
12:18:46 1
12:19:47 1
12:20:47 1
12:21:47 1
12:22:47 1
12:23:47 1
12:24:48 1
12:25:48 1
12:26:48 1
12:27:49 1
12:28:49 1
12:29:49 1
12:30:49 1
12:31:50 1
12:32:50 1
12:33:50 1
12:34:50 1
12:35:51 1
12:36:51 1
12:37:51 1
12:38:51 1
12:39:52 1
12:40:52 1
12:41:52 1
12:42:52 1
12:43:53 1
12:44:53 1
12:45:53 1
12:46:53 1
12:47:53 1
12:48:53 1
12:49:54 1
12:50:54 1
12:51:54 1
12:52:54 1
12:53:55 1
12:54:55 1
12:55:55 1
12:56:55 1
12:57:56 1
12:58:56 1
12:59:56 1
13:00:56 1
13:01:57 1
13:02:57 1
13:03:57 1
13:04:57 1
13:05:58 1
13:06:58 1
13:07:58 1
13:08:58 1
13:09:58 1
13:10:59 1
13:11:59 1
13:12:59 1
13:13:59 1
13:14:59 1
13:16:00 1
13:17:00 1
13:18:00 1
13:19:00 1
13:20:00 1
13:21:01 1
13:22:01 1
13:23:02 1
13:24:02 1
13:25:02 1
13:26:02 1
13:27:03 1
13:28:03 1
13:29:03 1
13:30:03 1
13:31:04 1
13:32:04 1
13:33:05 1
13:34:05 1
13:35:05 1
13:36:05 1
13:37:05 1
13:38:06 1
13:39:06 1
13:40:06 1
13:41:06 1
13:42:07 1
13:43:08 1
13:44:08 1
13:45:08 1
13:46:08 1
13:47:09 1
13:48:09 1
13:49:09 1
13:50:10 1
13:51:10 1
13:52:11 1
13:53:12 1
13:54:12 1
13:55:12 1
13:56:12 1
13:57:12 1
13:58:13 1
13:59:13 1
14:00:13 1
14:01:13 1
14:02:14 1
14:03:14 1
14:04:14 1
14:05:14 1
14:06:14 1
14:07:15 1
14:08:15 -1
14:09:16 1
14:10:16 1
14:11:17 1
14:12:17 1
14:13:21 1
14:14:18 1
14:15:19 1
14:16:19 1
14:17:19 1
14:18:19 1
14:19:20 1
14:20:20 1
14:21:20 1
14:22:20 1
14:23:20 1
14:24:22 1
14:25:22 1
14:26:22 1
14:27:23 1
14:28:23 1
14:29:23 1
14:30:23 1
14:31:24 1
14:32:24 1
14:33:24 1
14:34:25 1
14:35:25 1
14:36:26 1
14:37:26 1
14:38:27 1
14:39:27 1
14:40:27 1
14:41:28 1
14:42:28 1
14:43:29 1
14:44:30 1
14:45:31 1
14:46:31 1
14:47:31 1
14:48:32 1
14:49:32 1
14:50:32 1
14:51:33 1
14:52:33 1
14:53:34 1
14:54:34 1
14:55:34 1
14:56:34 1
14:57:34 1
14:58:35 1
14:59:38 1
15:00:35 1
15:01:35 1
15:02:36 1
15:03:36 1
15:04:36 1
15:05:36 1
15:06:37 1
15:07:37 1
15:08:40 1
15:09:37 1
15:10:37 1
15:11:38 1
15:12:39 1
15:13:39 1
15:14:39 1
15:15:40 1
15:16:40 1
15:17:40 1
15:18:41 1
15:19:41 1
15:20:41 1
15:21:41 1
15:22:41 1
15:23:42 1
15:24:42 1
15:25:42 1
15:26:42 1
15:27:42 1
15:28:45 1
15:29:43 1
15:30:43 1
15:31:44 1
15:32:44 1
15:33:44 1
15:34:44 1
15:35:44 1
15:36:45 1
15:37:48 1
15:38:45 1
15:39:45 1
15:40:45 1
15:41:46 1
15:42:49 1
15:43:46 1
15:44:46 1
15:45:47 1
15:46:47 1
15:47:47 1
15:48:47 1
15:49:48 1
15:50:48 1
15:51:48 1
15:52:49 1
15:53:49 1
15:54:49 1
15:55:49 1
15:56:49 1
15:57:50 1
15:58:50 1
15:59:50 1
16:00:50 1
16:01:51 1
16:02:51 1
16:03:51 1
16:04:51 1
16:05:51 1
16:06:52 1
16:07:52 1
16:08:52 1
16:09:52 1
16:10:53 1
16:11:53 1
16:12:53 1
16:13:53 1
16:14:54 1
16:15:54 1
16:16:54 1
16:17:54 1
16:18:55 1
16:19:55 1
16:20:55 1
16:21:55 1
16:22:55 1
16:23:56 1
16:24:56 1
16:25:56 1
16:26:56 1
16:27:57 1
16:28:57 1
16:29:57 1
16:30:57 1
16:31:58 1
16:32:58 1
16:33:59 1
16:34:59 1
16:35:59 1
16:36:59 1
16:38:00 1
16:39:00 1
16:40:00 1
16:41:00 1
16:42:01 1
16:43:01 1
16:44:01 1
16:45:01 1
16:46:01 1
16:47:01 1
16:48:02 1
16:49:02 1
16:50:02 1
16:51:02 1
16:52:02 1
16:53:03 1
16:54:03 1
16:55:04 1
16:56:04 1
16:57:04 1
16:58:04 1
16:59:04 -1
17:00:05 1
17:01:05 1
17:02:05 1
17:03:09 1
17:04:06 1
17:05:06 1
17:06:07 1
17:07:07 1
17:08:07 1
17:09:07 1
17:10:07 1
17:11:08 1
17:12:08 1
17:13:08 1
17:14:08 1
17:15:09 1
17:16:09 1
17:17:09 1
17:18:09 1
17:19:10 1
17:20:11 1
17:21:11 1
17:22:11 1
17:23:11 1
17:24:11 1
17:25:11 1
17:26:12 1
17:27:12 1
17:28:12 1
17:29:13 1
17:30:13 1
17:31:13 1
17:32:13 1
17:33:14 1
17:34:14 1
17:35:14 1
17:36:14 1
17:37:15 1
17:38:14 -1
17:39:16 1
17:40:16 1
17:41:16 1
17:42:16 1
17:43:17 1
17:44:18 1
17:45:18 1
17:46:18 1
17:47:19 1
17:48:19 1
17:49:19 1
17:50:19 1
17:51:20 1
17:52:20 1
17:53:20 1
17:54:20 1
17:55:21 1
17:56:21 1
17:57:21 1
17:58:21 1
17:59:22 1
18:00:22 1
18:01:22 1
18:02:22 1
18:03:23 1
18:04:23 1
18:05:23 1
18:06:23 1
18:07:23 1
18:08:24 1
18:09:24 1
18:10:24 1
18:11:25 1
18:12:25 1
18:13:25 1
18:14:26 1
18:15:26 1
18:16:26 1
18:17:26 1
18:18:27 1
18:19:27 1
18:20:27 1
18:21:27 1
18:22:28 1
18:23:29 1
18:24:29 1
18:25:29 1
18:26:30 1
18:27:30 1
18:28:31 1
18:29:31 1
18:30:31 1
18:31:32 1
18:32:32 1
18:33:32 1
18:34:32 1
18:35:32 1
18:36:33 1
18:37:33 1
18:38:33 1
18:39:34 1
18:40:34 1
18:41:34 1
18:42:34 1
18:43:34 1
18:44:35 1
18:45:35 1
18:46:35 1
18:47:35 1
18:48:35 1
18:49:36 1
18:50:36 1
18:51:36 1
18:52:36 1
18:53:37 1
18:54:37 1
18:55:37 1
18:56:37 1
18:57:38 1
18:58:38 1
18:59:38 1
19:00:38 1
19:01:38 1
19:02:39 1
19:03:39 1
19:04:39 1
19:05:39 1
19:06:40 1
19:07:40 1
19:08:40 1
19:09:40 1
19:10:40 1
19:11:41 1
19:12:41 1
19:13:41 1
19:14:42 1
19:15:42 1
19:16:42 1
19:17:42 1
19:18:42 1
19:19:42 1
19:20:43 1
19:21:43 1
19:22:43 1
19:23:44 1
19:24:44 1
19:25:44 1
19:26:44 1
19:27:44 1
19:28:44 1
19:29:45 1
19:30:45 1
19:31:45 1
19:32:45 1
19:33:47 1
19:34:47 1
19:35:47 1
19:36:48 1
19:37:48 1
19:38:48 1
19:39:48 1
19:40:48 1
19:41:49 1
19:42:49 1
19:43:49 1
19:44:49 1
19:45:49 1
19:46:50 1
19:47:50 1
19:48:50 1
19:49:50 1
19:50:51 1
19:51:51 1
19:52:51 1
19:53:51 1
19:54:51 1
19:55:51 1
19:56:52 1
19:57:52 1
19:58:53 1
19:59:53 1
20:00:53 1
20:01:53 1
20:02:53 1
20:03:53 1
20:04:53 1
20:05:54 1
20:06:54 1
20:07:54 1
20:08:54 1
20:09:55 1
20:10:55 1
20:11:55 1
20:12:55 1
20:13:55 1
20:14:56 1
20:15:56 1
20:16:56 1
20:17:56 1
20:18:57 1
20:19:57 1
20:20:57 1
20:21:57 1
20:22:57 1
20:23:58 1
20:24:58 1
20:25:58 1
20:26:59 1
20:27:59 1
20:28:59 1
20:29:59 1
20:30:59 1
20:32:00 1
20:33:00 1
20:34:00 1
20:35:00 1
20:36:00 1
20:37:01 1
20:38:01 1
20:39:01 1
20:40:01 1
20:41:01 1
20:42:02 1
20:43:02 1
20:44:02 1
20:45:02 1
20:46:02 1
20:47:03 1
20:48:03 1
20:49:03 1
20:50:03 1
20:51:03 1
20:52:04 1
20:53:04 1
20:54:04 1
20:55:04 1
20:56:04 1
20:57:05 1
20:58:05 1
20:59:05 1
21:00:05 1
21:01:06 1
21:02:06 1
21:03:06 1
21:04:06 1
21:05:06 1
21:06:07 1
21:07:07 1
21:08:07 1
21:09:07 1
21:10:07 1
21:11:07 1
21:12:08 1
21:13:08 1
21:14:08 1
21:15:08 1
21:16:09 1
21:17:09 1
21:18:09 1
21:19:09 1
21:20:10 1
21:21:10 1
21:22:10 1
21:23:10 1
21:24:11 1
21:25:11 1
21:26:11 1
21:27:11 1
21:28:12 1
21:29:12 1
21:30:12 1
21:31:12 1
21:32:12 1
21:33:13 1
21:34:13 1
21:35:13 1
21:36:13 1
21:37:14 1
21:38:14 1
21:39:14 1
21:40:14 1
21:41:14 1
21:42:15 1
21:43:15 1
21:44:15 1
21:45:15 1
21:46:16 1
21:47:16 1
21:48:16 1
21:49:16 1
21:50:17 1
21:51:17 1
21:52:17 1
21:53:17 1
21:54:18 1
21:55:18 1
21:56:18 1
21:57:18 1
21:58:18 1
21:59:19 1
22:00:19 1
22:01:19 1
22:02:19 1
22:03:20 1
22:04:20 1
22:05:20 1
22:06:21 1
22:07:21 1
22:08:21 1
22:09:21 1
22:10:21 1
22:11:22 1
22:12:22 1
22:13:22 1
22:14:22 1
22:15:23 1
22:16:23 1
22:17:23 1
22:18:23 1
22:19:24 1
22:20:24 1
22:21:24 1
22:22:24 1
22:23:25 1
22:24:25 1
22:25:25 1
22:26:25 1
22:27:26 1
22:28:26 1
22:29:26 1
22:30:26 1
22:31:27 1
22:32:27 1
22:33:27 1
22:34:27 1
22:35:28 1
22:36:28 1
22:37:28 1
22:38:28 1
22:39:29 1
22:40:29 1
22:41:29 1
22:42:30 1
22:43:30 1
22:44:30 1
22:45:30 1
22:46:31 1
22:47:31 1
22:48:31 1
22:49:31 1
22:50:32 1
22:51:32 1
22:52:32 1
22:53:32 1
22:54:33 1
22:55:36 1
22:56:33 1
22:57:33 1
22:58:34 1
22:59:34 1
23:00:34 1
23:01:34 1
23:02:35 1
23:03:35 1
23:04:35 1
23:05:36 1
23:06:36 1
23:07:36 1
23:08:36 1
23:09:37 1
23:10:37 1
23:11:37 1
23:12:37 1
23:13:38 1
23:14:38 1
23:15:38 1
23:16:38 1
23:17:39 1
23:18:39 1
23:19:39 1
23:20:40 1
23:21:40 1
23:22:40 1
23:23:40 1
23:24:41 1
23:25:41 1
23:26:41 1
23:27:41 1
23:28:42 1
23:29:42 1
23:30:42 1
23:31:42 1
23:32:43 1
23:33:43 1
23:34:43 1
23:35:43 1
23:36:44 1
23:37:44 1
23:38:44 1
23:39:46 1
23:40:45 1
23:41:45 1
23:42:46 1
23:43:46 1
23:44:46 1
23:45:47 1
23:46:47 1
23:47:48 1
23:48:48 1
23:49:49 1
23:50:50 1
23:51:50 1
23:52:51 1
23:53:52 1
23:54:53 1
23:55:53 1
23:56:54 1
23:57:55 1
23:58:55 1
23:59:55 1
