00:00:35 4 0 26
00:00:41 4 0 26
00:01:54 4 0 26
00:02:20 4 0 26
00:02:38 4 0 26
00:03:03 4 0 26
00:03:26 4 0 26
00:03:58 4 0 26
00:04:29 4 0 27
00:05:00 4 0 26
00:05:32 4 0 26
00:06:02 4 0 26
00:06:33 4 0 26
00:07:14 4 0 26
00:07:46 4 0 26
00:08:20 4 0 26
02:00:07 4 0 26
02:00:37 4 0 35
02:01:07 4 0 26
02:01:37 4 0 26
02:02:07 4 0 26
02:02:37 4 0 26
02:03:08 4 0 26
02:03:38 4 0 26
02:04:08 4 0 26
02:04:38 4 0 35
02:05:09 4 0 26
02:05:39 4 0 26
02:06:09 4 0 26
02:06:39 4 0 26
02:07:10 4 0 26
02:07:40 4 0 26
02:08:10 4 0 27
02:08:40 4 0 26
02:09:10 4 0 26
02:09:40 4 0 26
02:10:11 4 0 27
02:10:41 4 0 26
02:11:11 4 0 26
02:11:41 4 0 26
02:12:12 4 0 26
02:12:42 4 0 26
02:13:12 4 0 26
02:13:42 4 0 26
02:14:12 4 0 26
02:14:43 4 0 26
02:15:13 4 0 26
02:15:43 4 0 27
02:16:13 4 0 26
02:16:43 4 0 26
02:17:14 4 0 26
02:17:44 4 0 26
02:18:14 4 0 26
02:18:44 4 0 26
02:19:15 4 0 28
02:19:45 4 0 26
02:20:15 4 0 27
02:20:45 4 0 26
02:21:16 4 0 26
02:21:46 4 0 26
02:22:16 4 0 27
02:22:46 4 0 26
02:23:16 4 0 26
02:23:46 4 0 26
02:24:17 4 0 26
02:24:47 4 0 28
02:25:17 4 0 26
02:25:47 4 0 26
02:26:18 4 0 26
02:26:48 4 0 26
02:27:18 4 0 26
02:27:48 4 0 26
02:28:19 4 0 26
02:28:49 4 0 26
02:29:19 4 0 26
02:29:49 4 0 26
02:30:19 4 0 27
02:30:49 4 0 26
02:31:20 4 0 26
02:31:50 4 0 26
02:32:20 4 0 26
02:32:50 4 0 26
02:33:21 4 0 26
02:33:51 4 0 26
02:34:21 4 0 26
02:34:51 4 0 26
02:35:21 4 0 26
02:35:51 4 0 26
02:36:22 4 0 26
02:36:52 4 0 27
02:37:22 4 0 27
02:37:52 4 0 26
02:38:23 4 0 26
02:38:53 4 0 26
02:39:23 4 0 26
02:39:53 4 0 26
02:40:23 4 0 27
02:40:53 4 0 26
02:41:24 4 0 26
02:41:54 4 0 26
02:42:24 4 0 26
02:42:54 4 0 27
02:43:25 4 0 26
02:43:55 4 0 27
02:44:25 4 0 26
02:44:55 4 0 26
02:45:25 4 0 27
02:45:55 4 0 26
02:46:26 4 0 26
02:46:56 4 0 26
02:47:26 4 0 26
02:47:56 4 0 26
02:48:27 4 0 28
02:48:57 4 0 26
02:49:27 4 0 26
02:49:57 4 0 26
02:50:27 4 0 26
02:50:57 4 0 26
02:51:28 4 0 26
02:51:58 4 0 27
02:52:28 4 0 26
02:52:58 4 0 27
02:53:29 4 0 26
02:53:59 4 0 26
02:54:29 4 0 26
02:54:59 4 0 34
02:55:29 4 0 26
02:55:59 4 0 26
02:56:30 4 0 26
02:57:00 4 0 26
02:57:30 4 0 26
02:58:00 4 0 27
02:58:31 4 0 27
02:59:01 4 0 27
02:59:31 4 0 27
03:00:01 4 0 26
03:00:31 4 0 26
03:01:01 4 0 26
03:01:32 4 0 26
03:02:02 4 0 27
03:02:32 4 0 26
03:03:02 4 0 26
03:03:33 4 0 29
03:04:03 4 0 27
03:04:33 4 0 26
03:05:03 4 0 26
03:05:34 4 0 26
03:06:04 4 0 26
03:06:34 4 0 26
03:07:04 4 0 26
03:07:35 4 0 26
03:08:05 4 0 26
03:08:36 4 0 26
03:09:06 4 0 26
03:09:36 4 0 26
03:10:06 4 0 26
03:10:36 4 0 26
03:11:07 4 0 26
03:11:37 4 0 26
03:12:07 4 0 26
03:12:37 4 0 26
03:13:07 4 0 26
03:13:37 4 0 26
03:14:08 4 0 26
03:14:38 4 0 26
03:15:08 4 0 26
03:15:38 4 0 27
03:16:08 4 0 26
03:16:38 4 0 26
03:17:09 4 0 26
03:17:39 4 0 28
03:18:09 4 0 26
03:18:39 4 0 26
03:19:09 4 0 26
03:19:40 4 0 26
03:20:10 4 0 26
03:20:40 4 0 26
03:21:10 4 0 26
03:21:40 4 0 26
03:22:10 4 0 26
03:22:41 4 0 26
03:23:11 4 0 26
03:23:41 4 0 26
03:24:11 4 0 26
03:24:41 4 0 26
03:25:11 4 0 26
03:25:42 4 0 26
03:26:12 4 0 26
03:26:42 4 0 26
03:27:12 4 0 26
03:27:42 4 0 26
03:28:12 4 0 26
03:28:43 4 0 26
03:29:13 4 0 26
03:29:43 4 0 26
03:30:13 4 0 26
03:30:43 4 0 26
03:31:13 4 0 26
03:31:44 4 0 26
03:32:14 4 0 26
03:32:44 4 0 26
03:33:14 4 0 26
03:33:44 4 0 26
03:34:14 4 0 26
03:34:45 4 0 26
03:35:15 4 0 26
03:35:45 4 0 26
03:36:15 4 0 26
03:36:45 4 0 26
03:37:15 4 0 26
03:37:46 4 0 26
03:38:16 4 0 26
03:38:46 4 0 26
03:39:16 4 0 26
03:39:46 4 0 26
03:40:17 4 0 26
03:40:47 4 0 26
03:41:17 4 0 26
03:41:47 4 0 26
03:42:17 4 0 26
03:42:47 4 0 26
03:43:18 4 0 26
03:43:48 4 0 26
03:44:18 4 0 26
03:44:48 4 0 26
03:45:18 4 0 26
03:45:49 4 0 26
03:46:19 4 0 26
03:46:49 4 0 26
03:47:19 4 0 26
03:47:49 4 0 26
03:48:19 4 0 26
03:48:50 4 0 26
03:49:20 4 0 26
03:49:50 4 0 26
03:50:20 4 0 26
03:50:50 4 0 26
03:51:20 4 0 26
03:51:51 4 0 26
03:52:21 4 0 26
03:52:51 4 0 27
03:53:21 4 0 26
03:53:51 4 0 26
03:54:21 4 0 26
03:54:52 4 0 26
03:55:22 4 0 26
03:55:52 4 0 26
03:56:22 4 0 26
03:56:52 4 0 26
03:57:22 4 0 26
03:57:53 4 0 26
03:58:23 4 0 26
03:58:53 4 0 26
03:59:23 4 0 26
03:59:53 4 0 26
04:00:23 4 0 26
04:00:54 4 0 26
04:01:24 4 0 26
04:01:54 4 0 26
04:02:24 4 0 26
04:02:54 4 0 26
04:03:24 4 0 27
04:03:55 4 0 26
04:04:25 4 0 26
04:04:55 4 0 26
04:05:25 4 0 26
04:05:55 4 0 26
04:06:25 4 0 27
04:06:56 4 0 26
04:07:26 4 0 26
04:07:56 4 0 26
04:08:26 4 0 27
04:08:56 4 0 26
04:09:26 4 0 26
04:09:57 4 0 26
04:10:27 4 0 27
04:10:57 4 0 26
04:11:27 4 0 26
04:11:57 4 0 26
04:12:27 4 0 27
04:12:58 4 0 26
04:13:28 4 0 26
04:13:58 4 0 26
04:14:28 4 0 26
04:14:58 4 0 26
04:15:28 4 0 26
04:15:59 4 0 26
04:16:29 4 0 27
04:16:59 4 0 26
04:17:29 4 0 26
04:17:59 4 0 26
04:18:29 4 0 27
04:19:00 4 0 28
04:19:30 4 0 26
04:20:00 4 0 26
04:20:30 4 0 27
04:21:00 4 0 26
04:21:30 4 0 26
04:22:01 4 0 26
04:22:31 4 0 26
04:23:01 4 0 27
04:23:31 4 0 37
04:24:01 4 0 26
04:24:31 4 0 26
04:25:02 4 0 26
04:25:32 4 0 26
04:26:02 4 0 26
04:26:32 4 0 26
04:27:02 4 0 26
04:27:32 4 0 27
04:28:03 4 0 26
04:28:33 4 0 26
04:29:03 4 0 26
04:29:33 4 0 26
04:30:03 4 0 26
04:30:33 4 0 26
04:31:04 4 0 26
04:31:34 4 0 26
04:32:04 4 0 26
04:32:34 4 0 26
04:33:04 4 0 26
04:33:35 4 0 26
04:34:05 4 0 26
04:34:35 4 0 26
04:35:05 4 0 26
04:35:35 4 0 26
04:36:05 4 0 26
04:36:36 4 0 26
04:37:06 4 0 26
04:37:36 4 0 27
04:38:06 4 0 26
04:38:36 4 0 26
04:39:07 4 0 26
04:39:37 4 0 26
04:40:07 4 0 26
04:40:37 4 0 26
04:41:07 4 0 26
04:41:37 4 0 26
04:42:08 4 0 26
04:42:38 4 0 26
04:43:08 4 0 26
04:43:38 4 0 26
04:44:08 4 0 29
04:44:39 4 0 26
04:45:09 4 0 26
04:45:39 4 0 26
04:46:09 4 0 26
04:46:39 4 0 26
04:47:10 4 0 26
04:47:40 4 0 26
04:48:10 4 0 26
04:48:40 4 0 26
04:49:10 4 0 26
04:49:40 4 0 26
04:50:10 4 0 26
04:50:41 4 0 26
04:51:11 4 0 26
04:51:41 4 0 26
04:52:11 4 0 26
04:52:41 4 0 26
04:53:11 4 0 26
04:53:42 4 0 26
04:54:12 4 0 26
04:54:42 4 0 26
04:55:12 4 0 27
04:55:42 4 0 26
04:56:13 4 0 26
04:56:43 4 0 26
04:57:13 4 0 26
04:57:43 4 0 26
04:58:13 4 0 26
04:58:43 4 0 26
04:59:14 4 0 26
04:59:44 4 0 26
05:00:14 4 0 26
05:00:44 4 0 26
05:01:14 4 0 27
05:01:44 4 0 26
05:02:15 4 0 26
05:02:45 4 0 26
05:03:15 4 0 26
05:03:45 4 0 26
05:04:15 4 0 26
05:04:45 4 0 26
05:05:16 4 0 26
05:05:46 4 0 26
05:06:16 4 0 26
05:06:46 4 0 26
05:07:16 4 0 26
05:07:46 4 0 26
05:08:17 4 0 26
05:08:47 4 0 26
05:09:17 4 0 26
05:09:47 4 0 26
05:10:17 4 0 47
05:10:47 4 0 26
05:11:18 4 0 26
05:11:48 4 0 26
05:12:18 4 0 26
05:12:48 4 0 26
05:13:18 4 0 26
05:13:48 4 0 26
05:14:19 4 0 26
05:14:49 4 0 26
05:15:19 4 0 26
05:15:49 4 0 26
05:16:19 4 0 27
05:16:49 4 0 26
05:17:20 4 0 26
05:17:50 4 0 26
05:18:20 4 0 26
05:18:50 4 0 26
05:19:21 4 0 27
05:19:51 4 0 26
05:20:21 4 0 27
05:20:51 4 0 26
05:21:21 4 0 26
05:21:51 4 0 26
05:22:22 4 0 26
05:22:52 4 0 26
05:23:22 4 0 26
05:23:52 4 0 26
05:24:22 4 0 26
05:24:52 4 0 26
05:25:23 4 0 26
05:25:53 4 0 26
05:26:23 4 0 26
05:26:53 4 0 26
05:27:23 4 0 26
05:27:53 4 0 26
05:28:24 4 0 26
05:28:54 4 0 26
05:29:24 4 0 26
05:29:54 4 0 26
05:30:24 4 0 26
05:30:54 4 0 26
05:31:25 4 0 26
05:31:55 4 0 26
05:32:25 4 0 26
05:32:55 4 0 26
05:33:25 4 0 26
05:33:55 4 0 26
05:34:26 4 0 26
05:34:56 4 0 26
05:35:26 4 0 26
05:35:56 4 0 26
05:36:26 4 0 26
05:36:56 4 0 26
05:37:27 4 0 26
05:37:57 4 0 26
05:38:27 4 0 26
05:38:57 4 0 26
05:39:27 4 0 26
05:39:57 4 0 26
05:40:28 4 0 26
05:40:58 4 0 26
05:41:28 4 0 26
05:41:58 4 0 26
05:42:29 4 0 26
05:42:59 4 0 26
05:43:29 4 0 26
05:43:59 4 0 26
05:44:29 4 0 26
05:44:59 4 0 26
05:45:29 4 0 26
05:46:00 4 0 26
05:46:30 4 0 27
05:47:00 4 0 26
05:47:30 4 0 26
05:48:00 4 0 26
05:48:30 4 0 26
05:49:01 4 0 26
05:49:31 4 0 26
05:50:01 4 0 26
05:50:31 4 0 26
05:51:01 4 0 26
05:51:32 4 0 26
05:52:02 4 0 26
05:52:32 4 0 26
05:53:02 4 0 26
05:53:32 4 0 26
05:54:02 4 0 26
05:54:33 4 0 26
05:55:03 4 0 26
05:55:33 4 0 26
05:56:03 4 0 26
05:56:33 4 0 26
05:57:03 4 0 26
05:57:34 4 0 26
05:58:04 4 0 26
05:58:34 4 0 26
05:59:04 4 0 26
05:59:34 4 0 26
06:00:05 4 0 26
06:00:35 4 0 26
06:01:05 4 0 26
06:01:35 4 0 26
06:02:05 4 0 26
06:02:36 4 0 26
06:03:06 4 0 26
06:03:36 4 0 26
06:04:06 4 0 26
06:04:37 4 0 26
06:05:07 4 0 26
06:05:37 4 0 26
06:06:07 4 0 26
06:06:37 4 0 26
06:07:07 4 0 26
06:07:38 4 0 26
06:08:08 4 0 26
06:08:38 4 0 26
06:09:08 4 0 26
06:09:38 4 0 26
06:10:08 4 0 26
06:10:39 4 0 26
06:11:09 4 0 26
06:11:39 4 0 26
06:12:09 4 0 26
06:12:40 4 0 26
06:13:10 4 0 26
06:13:40 4 0 26
06:14:10 4 0 26
06:14:40 4 0 26
06:15:10 4 0 26
06:15:41 4 0 26
06:16:11 4 0 26
06:16:41 4 0 26
06:17:11 4 0 26
06:17:41 4 0 26
06:18:11 4 0 26
06:18:42 4 0 26
06:19:12 4 0 26
06:19:42 4 0 26
06:20:12 4 0 26
06:20:42 4 0 26
06:21:12 4 0 26
06:21:43 4 0 26
06:22:13 4 0 26
06:22:43 4 0 26
06:23:13 4 0 26
06:23:43 4 0 26
06:24:13 4 0 26
06:24:44 4 0 26
06:25:14 4 0 26
06:25:44 4 0 26
06:26:14 4 0 26
06:26:44 4 0 26
06:27:14 4 0 26
06:27:45 4 0 26
06:28:15 4 0 26
06:28:45 4 0 43
06:29:15 4 0 26
06:29:45 4 0 26
06:30:15 4 0 26
06:30:46 4 0 26
06:31:16 4 0 26
06:31:46 4 0 26
06:32:16 4 0 26
06:32:46 4 0 26
06:33:16 4 0 26
06:33:47 4 0 26
06:34:17 4 0 26
06:34:47 4 0 26
06:35:17 4 0 26
06:35:47 4 0 26
06:36:18 4 0 26
06:36:48 4 0 26
06:37:18 4 0 26
06:37:48 4 0 26
06:38:18 4 0 26
06:38:48 4 0 26
06:39:19 4 0 26
06:39:49 4 0 26
06:40:19 4 0 26
06:40:49 4 0 26
06:41:19 4 0 26
06:41:50 4 0 26
06:42:20 4 0 26
06:42:50 4 0 26
06:43:20 4 0 26
06:43:50 4 0 26
06:44:20 4 0 26
06:44:51 4 0 26
06:45:21 4 0 27
06:45:51 4 0 26
06:46:21 4 0 26
06:46:51 4 0 26
06:47:21 4 0 26
06:47:52 4 0 26
06:48:22 4 0 26
06:48:52 4 0 26
06:49:22 4 0 26
06:49:52 4 0 26
06:50:22 4 0 26
06:50:53 4 0 26
06:51:23 4 0 26
06:51:53 4 0 26
06:52:23 4 0 26
06:52:53 4 0 54
06:53:23 4 0 26
06:53:54 4 0 26
06:54:24 4 0 26
06:54:54 4 0 26
06:55:24 4 0 26
06:55:54 4 0 26
06:56:24 4 0 26
06:56:54 4 0 26
06:57:25 4 0 26
06:57:55 4 0 27
06:58:25 4 0 26
06:58:55 4 0 26
06:59:25 4 0 26
06:59:55 4 0 26
07:00:26 4 0 26
07:00:56 4 0 26
07:01:26 4 0 26
07:01:56 4 0 26
07:02:26 4 0 26
07:02:57 4 0 26
07:03:27 4 0 26
07:03:57 4 0 26
07:04:27 4 0 26
07:04:57 4 0 26
07:05:27 4 0 26
07:05:58 4 0 26
07:06:28 4 0 26
07:06:58 4 0 26
07:07:28 4 0 26
07:07:58 4 0 26
07:08:28 4 0 26
07:08:58 4 0 26
07:09:28 4 0 26
07:09:59 4 0 26
07:10:29 4 0 26
07:10:59 4 0 26
07:11:29 4 0 26
07:11:59 4 0 26
07:12:30 4 0 26
07:13:00 4 0 26
07:13:30 4 0 26
07:14:00 4 0 26
07:14:30 4 0 27
07:15:00 4 0 26
07:15:31 4 0 26
07:16:01 4 0 26
07:16:31 4 0 26
07:17:01 4 0 26
07:17:31 4 0 26
07:18:02 4 0 26
07:18:32 4 0 26
07:19:02 4 0 26
07:19:32 4 0 26
07:20:02 4 0 26
07:20:32 4 0 26
07:21:03 4 0 26
07:21:33 4 0 26
07:22:03 4 0 26
07:22:33 4 0 26
07:23:03 4 0 26
07:23:33 4 0 26
07:24:04 4 0 26
07:24:34 4 0 26
07:25:04 4 0 26
07:25:34 4 0 26
07:26:05 4 0 26
07:26:35 4 0 26
07:27:06 4 0 26
07:27:36 4 0 26
07:28:06 4 0 26
07:28:36 4 0 26
07:29:06 4 0 26
07:29:36 4 0 26
07:30:07 4 0 26
07:30:37 4 0 26
07:31:07 4 0 26
07:31:37 4 0 26
07:32:07 4 0 26
07:32:38 4 0 26
07:33:08 4 0 26
07:33:38 4 0 26
07:34:08 4 0 26
07:34:39 4 0 26
07:35:09 4 0 26
07:35:39 4 0 26
07:36:10 4 0 26
07:36:40 4 0 26
07:37:10 4 0 26
07:37:40 4 0 26
07:38:10 4 0 26
07:38:41 4 0 26
07:39:11 4 0 27
07:39:41 4 0 30
07:40:11 4 0 26
07:40:41 4 0 26
07:41:11 4 0 26
07:41:42 4 0 26
07:42:12 4 0 26
07:42:42 4 0 26
07:43:12 4 0 26
07:43:42 4 0 27
07:44:12 4 0 26
07:44:42 4 0 26
07:45:13 4 0 26
07:45:43 4 0 26
07:46:13 4 0 26
07:46:43 4 0 26
07:47:13 4 0 26
07:47:43 4 0 26
07:48:14 4 0 26
07:48:44 4 0 26
07:49:14 4 0 26
07:49:44 4 0 26
07:50:14 4 0 26
07:50:44 4 0 26
07:51:15 4 0 55
07:51:45 4 0 26
07:52:15 4 0 26
07:52:45 4 0 56
07:53:15 4 0 26
07:53:45 4 0 26
07:54:15 4 0 26
07:54:46 4 0 26
07:55:17 3 1 26
07:55:46 4 0 26
07:56:16 4 0 26
07:56:46 4 0 26
07:57:17 4 0 26
07:57:47 4 0 26
07:58:17 4 0 26
07:58:47 4 0 26
07:59:17 4 0 26
07:59:47 4 0 26
08:00:17 4 0 26
08:00:47 4 0 26
08:01:18 4 0 26
08:01:48 4 0 26
08:02:18 4 0 26
08:02:48 4 0 26
08:03:18 4 0 26
08:03:48 4 0 26
08:04:19 4 0 26
08:04:49 4 0 26
08:05:19 4 0 26
08:05:49 4 0 26
08:06:19 4 0 26
08:06:49 4 0 26
08:07:21 3 1 27
08:07:50 4 0 26
08:08:20 4 0 26
08:08:50 4 0 27
08:09:20 4 0 26
08:09:50 4 0 26
08:10:20 4 0 27
08:10:50 4 0 26
08:11:21 4 0 26
08:11:51 4 0 26
08:12:21 4 0 26
08:12:51 4 0 26
08:13:21 4 0 26
08:13:52 4 0 48
08:14:22 4 0 26
08:14:52 4 0 26
08:15:22 4 0 26
08:15:52 4 0 26
08:16:22 4 0 27
08:16:52 4 0 26
08:17:23 4 0 26
08:17:53 4 0 26
08:18:23 4 0 26
08:18:53 4 0 26
08:19:23 4 0 26
08:19:54 4 0 26
08:20:24 4 0 27
08:20:54 4 0 26
08:21:24 4 0 26
08:21:54 4 0 26
08:22:25 4 0 26
08:22:55 4 0 26
08:23:25 4 0 57
08:23:55 4 0 26
08:24:26 4 0 26
08:24:56 4 0 26
08:25:26 4 0 26
08:25:56 4 0 26
08:26:26 4 0 26
08:26:56 4 0 26
08:27:27 4 0 26
08:27:57 4 0 27
08:28:27 4 0 26
08:28:57 4 0 26
08:29:27 4 0 26
08:29:57 4 0 26
08:30:28 4 0 26
08:30:58 4 0 26
08:31:28 4 0 26
08:31:58 4 0 26
08:32:28 4 0 26
08:32:58 4 0 27
08:33:28 4 0 27
08:33:59 4 0 26
08:34:29 4 0 26
08:34:59 4 0 26
08:35:29 4 0 27
08:35:59 4 0 26
08:36:29 4 0 26
08:36:59 4 0 26
08:37:30 4 0 26
08:38:00 4 0 26
08:38:30 4 0 26
08:39:00 4 0 26
08:39:30 4 0 26
08:40:00 4 0 26
08:40:31 4 0 26
08:41:01 4 0 26
08:41:31 4 0 26
08:42:01 4 0 26
08:42:32 4 0 26
08:43:03 4 0 26
08:43:33 4 0 26
08:44:03 4 0 26
08:44:33 4 0 26
08:45:04 4 0 72
08:45:34 4 0 26
08:46:04 4 0 26
08:46:34 4 0 26
08:47:04 4 0 26
08:47:34 4 0 26
08:48:04 4 0 26
08:48:35 4 0 26
08:49:05 4 0 27
08:49:35 4 0 26
08:50:05 4 0 26
08:50:35 4 0 26
08:51:05 4 0 26
08:51:36 4 0 26
08:52:06 4 0 26
08:52:36 4 0 26
08:53:06 4 0 26
08:53:36 4 0 26
08:54:06 4 0 26
08:54:37 4 0 26
08:55:07 4 0 26
08:55:38 4 0 26
08:56:08 4 0 26
08:56:38 4 0 26
08:57:08 4 0 26
08:57:38 4 0 26
08:58:09 4 0 26
08:58:40 4 0 27
08:59:10 4 0 27
08:59:40 4 0 29
09:00:10 4 0 26
09:00:41 4 0 36
09:01:11 4 0 26
09:01:42 3 1 26
09:02:11 4 0 34
09:02:41 4 0 26
09:03:11 4 0 55
09:03:41 4 0 26
09:04:11 4 0 26
09:04:42 4 0 26
09:05:12 4 0 26
09:05:42 4 0 26
09:06:12 4 0 27
09:06:42 4 0 26
09:07:12 4 0 26
09:07:42 4 0 26
09:08:12 4 0 26
09:08:43 4 0 26
09:09:13 4 0 27
09:09:43 4 0 26
09:10:13 4 0 27
09:10:43 4 0 26
09:11:13 4 0 26
09:11:43 4 0 26
09:12:13 4 0 26
09:12:44 4 0 26
09:13:14 4 0 27
09:13:44 4 0 37
09:14:14 4 0 26
09:14:45 3 1 26
09:15:14 4 0 40
09:15:44 4 0 26
09:16:15 4 0 60
09:16:45 4 0 26
09:17:15 4 0 26
09:17:45 4 0 26
09:18:16 4 0 26
09:18:47 4 0 26
09:19:17 4 0 26
09:19:47 4 0 26
09:20:17 4 0 27
09:20:47 4 0 26
09:21:17 4 0 26
09:21:47 4 0 26
09:22:17 4 0 26
09:22:48 4 0 26
09:23:18 4 0 26
09:23:48 4 0 26
09:24:18 4 0 26
09:24:48 4 0 26
09:25:18 4 0 26
09:25:48 4 0 26
09:26:19 4 0 26
09:26:49 4 0 26
09:27:19 4 0 26
09:27:49 4 0 26
09:28:19 4 0 26
09:28:49 4 0 26
09:29:19 4 0 26
09:29:50 4 0 26
09:30:20 4 0 26
09:30:50 4 0 26
09:31:20 4 0 26
09:31:50 4 0 26
09:32:20 4 0 26
09:32:51 4 0 26
09:33:21 4 0 26
09:33:51 4 0 26
09:34:21 4 0 26
09:34:51 4 0 26
09:35:21 4 0 26
09:35:51 4 0 26
09:36:22 4 0 26
09:36:52 4 0 26
09:37:22 4 0 26
09:37:52 4 0 26
09:38:23 4 0 26
09:38:53 4 0 26
09:39:23 4 0 26
09:39:53 4 0 26
09:40:23 4 0 26
09:40:53 4 0 26
09:41:24 4 0 26
09:41:54 4 0 26
09:42:24 4 0 51
09:42:55 3 1 26
09:43:24 4 0 26
09:43:54 4 0 26
09:44:24 4 0 26
09:44:54 4 0 26
09:45:25 4 0 26
09:45:55 4 0 26
09:46:25 4 0 26
09:46:55 4 0 26
09:47:25 4 0 27
09:47:55 4 0 26
09:48:25 4 0 26
09:48:55 4 0 26
09:49:26 4 0 26
09:49:56 4 0 26
09:50:26 4 0 26
09:50:56 4 0 52
09:51:26 4 0 26
09:51:57 4 0 26
09:52:27 4 0 26
09:52:57 4 0 26
09:53:27 4 0 27
09:53:58 4 0 26
09:54:28 4 0 26
09:54:58 4 0 27
09:55:28 4 0 26
09:55:58 4 0 26
09:56:28 4 0 26
09:56:58 4 0 31
09:57:28 4 0 26
09:57:59 4 0 26
09:58:29 4 0 26
09:58:59 4 0 26
09:59:29 4 0 71
09:59:59 4 0 26
10:00:29 4 0 26
10:00:59 4 0 26
10:01:29 4 0 26
10:02:00 4 0 26
10:02:30 4 0 26
10:03:00 4 0 26
10:03:30 4 0 26
10:04:01 3 1 26
10:04:30 4 0 26
10:05:00 4 0 26
10:05:30 4 0 26
10:06:00 4 0 26
10:06:31 4 0 26
10:07:01 4 0 26
10:07:31 4 0 26
10:08:01 4 0 26
10:08:31 4 0 26
10:09:01 4 0 26
10:09:31 4 0 26
10:10:01 4 0 26
10:10:31 4 0 26
10:11:02 4 0 26
10:11:32 4 0 52
10:12:02 4 0 64
10:12:32 4 0 73
10:13:02 4 0 52
10:13:32 4 0 49
10:14:03 4 0 61
10:14:33 4 0 60
10:15:03 4 0 26
10:15:33 4 0 63
10:16:04 3 1 69
10:16:34 3 1 76
10:17:03 4 0 76
10:17:35 2 2 57
10:18:04 4 0 57
10:18:34 4 0 59
10:19:04 4 0 74
10:19:35 3 1 63
10:20:04 4 0 65
10:20:34 4 0 64
10:21:05 4 0 69
10:21:36 3 1 82
10:22:06 4 0 48
10:22:37 3 1 64
10:23:06 4 0 65
10:23:37 4 0 64
10:24:08 4 0 72
10:24:38 4 0 51
10:25:08 4 0 26
10:25:38 4 0 26
10:26:09 4 0 26
10:26:39 4 0 26
10:27:10 4 0 26
10:27:40 4 0 26
10:28:10 4 0 26
10:28:40 4 0 26
10:29:11 4 0 26
10:29:41 4 0 26
10:30:11 4 0 26
10:30:41 4 0 26
10:31:11 4 0 26
10:31:41 4 0 26
10:32:11 4 0 26
10:32:41 4 0 26
10:33:12 4 0 26
10:33:42 4 0 26
10:34:12 4 0 26
10:34:42 4 0 26
10:35:12 4 0 26
10:35:42 4 0 26
10:36:12 4 0 26
10:36:42 4 0 26
10:37:13 4 0 26
10:37:43 4 0 26
10:38:14 4 0 26
10:38:45 3 1 26
10:39:14 4 0 27
10:39:44 4 0 26
10:40:16 3 1 26
10:40:45 4 0 26
10:41:15 4 0 26
10:41:45 4 0 26
10:42:15 4 0 26
10:42:45 4 0 26
10:43:16 4 0 26
10:43:46 4 0 26
10:44:16 4 0 26
10:44:46 4 0 26
10:45:16 4 0 26
10:45:46 4 0 26
10:46:17 4 0 26
10:46:47 4 0 26
10:47:17 4 0 26
10:47:49 2 2 26
10:48:17 4 0 26
10:48:47 4 0 26
10:49:18 4 0 26
10:49:48 4 0 26
10:50:18 4 0 26
10:50:48 4 0 26
10:51:19 4 0 26
10:51:49 4 0 26
10:52:19 4 0 26
10:52:49 4 0 26
10:53:19 4 0 26
10:53:49 4 0 26
10:54:20 4 0 26
10:54:50 4 0 26
10:55:20 4 0 26
10:55:51 4 0 26
10:56:21 4 0 26
10:56:51 4 0 48
10:57:21 4 0 26
10:57:52 4 0 27
10:58:22 4 0 26
10:58:52 4 0 26
10:59:23 4 0 26
10:59:53 4 0 26
11:00:23 4 0 26
11:00:53 4 0 26
11:01:23 4 0 26
11:01:53 4 0 26
11:02:24 4 0 26
11:02:54 4 0 27
11:03:24 4 0 26
11:03:54 4 0 26
11:04:24 4 0 26
11:04:54 4 0 26
11:05:25 4 0 26
11:05:55 4 0 26
11:06:25 4 0 26
11:06:55 4 0 27
11:07:26 4 0 26
11:07:56 4 0 27
11:08:26 4 0 26
11:08:56 4 0 26
11:09:26 4 0 26
11:09:56 4 0 26
11:10:26 4 0 26
11:10:57 4 0 26
11:11:27 4 0 26
11:11:57 4 0 26
11:12:27 4 0 26
11:12:57 4 0 26
11:13:28 4 0 26
11:13:58 4 0 26
11:14:28 4 0 26
11:14:58 4 0 26
11:15:30 3 1 56
11:15:59 4 0 26
11:16:29 4 0 26
11:17:00 4 0 26
11:17:30 4 0 26
11:18:00 4 0 26
11:18:30 4 0 26
11:19:00 4 0 27
11:19:30 4 0 26
11:20:01 4 0 26
11:20:31 4 0 27
11:21:01 4 0 26
11:21:31 4 0 26
11:22:01 4 0 26
11:22:31 4 0 26
11:23:01 4 0 26
11:23:32 4 0 26
11:24:03 3 1 26
11:24:32 4 0 26
11:25:02 4 0 26
11:25:32 4 0 27
11:26:02 4 0 26
11:26:32 4 0 26
11:27:02 4 0 26
11:27:33 4 0 26
11:28:03 4 0 26
11:28:33 4 0 26
11:29:03 4 0 26
11:29:33 4 0 26
11:30:03 4 0 26
11:30:33 4 0 26
11:31:03 4 0 26
11:31:34 4 0 26
11:32:04 4 0 26
11:32:34 4 0 26
11:33:04 4 0 27
11:33:34 4 0 26
11:34:04 4 0 26
11:34:35 4 0 51
11:35:05 4 0 26
11:35:35 4 0 26
11:36:05 4 0 26
11:36:36 4 0 26
11:37:06 4 0 26
11:37:37 4 0 26
11:38:07 4 0 26
11:38:37 4 0 26
11:39:07 4 0 26
11:39:37 4 0 26
11:40:07 4 0 26
11:40:38 4 0 30
11:41:08 4 0 26
11:41:38 4 0 26
11:42:08 4 0 26
11:42:38 4 0 26
11:43:08 4 0 26
11:43:38 4 0 26
11:44:09 4 0 26
11:44:39 4 0 26
11:45:09 4 0 26
11:45:40 4 0 28
11:46:11 4 0 27
11:46:42 4 0 26
11:47:12 4 0 26
11:47:42 4 0 26
11:48:12 4 0 26
11:48:42 4 0 26
11:49:12 4 0 26
11:49:43 4 0 26
11:50:13 4 0 26
11:50:43 4 0 26
11:51:14 4 0 26
11:51:45 4 0 26
11:52:15 4 0 26
11:52:45 4 0 30
11:53:15 4 0 26
11:53:45 4 0 26
11:54:16 4 0 27
11:54:46 4 0 27
11:55:16 4 0 26
11:55:46 4 0 27
11:56:16 4 0 26
11:56:46 4 0 26
11:57:16 4 0 26
11:57:47 4 0 26
11:58:17 4 0 26
11:58:47 4 0 26
11:59:17 4 0 26
11:59:47 4 0 30
12:00:17 4 0 26
12:00:47 4 0 26
12:01:17 4 0 26
12:01:48 4 0 26
12:02:18 4 0 26
12:02:48 4 0 27
12:03:18 4 0 26
12:03:48 4 0 26
12:04:18 4 0 26
12:04:48 4 0 26
12:05:19 4 0 26
12:05:49 4 0 26
12:06:20 4 0 26
12:06:50 4 0 26
12:07:20 4 0 26
12:07:50 4 0 26
12:08:20 4 0 26
12:08:50 4 0 26
12:09:21 4 0 26
12:09:51 4 0 26
12:10:21 4 0 26
12:10:52 4 0 26
12:11:22 4 0 26
12:11:53 3 1 26
12:12:22 4 0 26
12:12:52 4 0 26
12:13:22 4 0 26
12:13:52 4 0 26
12:14:23 4 0 26
12:14:53 4 0 27
12:15:23 4 0 26
12:15:53 4 0 26
12:16:23 4 0 26
12:16:54 4 0 26
12:17:24 4 0 26
12:17:55 4 0 26
12:18:25 4 0 26
12:18:55 4 0 26
12:19:25 4 0 26
12:19:55 4 0 26
12:20:25 4 0 26
12:20:56 4 0 26
12:21:26 4 0 26
12:21:56 4 0 27
12:22:26 4 0 26
12:22:56 4 0 26
12:23:26 4 0 26
12:23:56 4 0 26
12:24:26 4 0 26
12:24:57 4 0 26
12:25:27 4 0 26
12:25:57 4 0 26
12:26:27 4 0 26
12:26:57 4 0 26
12:27:27 4 0 26
12:27:58 4 0 27
12:28:28 4 0 26
12:28:58 4 0 26
12:29:28 4 0 26
12:29:58 4 0 26
12:30:28 4 0 26
12:30:58 4 0 26
12:31:28 4 0 26
12:31:59 4 0 26
12:32:29 4 0 26
12:32:59 4 0 26
12:33:29 4 0 26
12:33:59 4 0 26
12:34:29 4 0 26
12:34:59 4 0 26
12:35:29 4 0 26
12:36:00 4 0 26
12:36:30 4 0 26
12:37:00 4 0 26
12:37:30 4 0 26
12:38:00 4 0 26
12:38:30 4 0 26
12:39:01 4 0 26
12:39:31 4 0 26
12:40:01 4 0 26
12:40:31 4 0 26
12:41:01 4 0 26
12:41:31 4 0 27
12:42:01 4 0 26
12:42:31 4 0 26
12:43:01 4 0 26
12:43:31 4 0 26
12:44:01 4 0 26
12:44:31 4 0 26
12:45:02 4 0 27
12:45:32 4 0 26
12:46:02 4 0 26
12:46:32 4 0 56
12:47:02 4 0 26
12:47:32 4 0 26
12:48:02 4 0 26
12:48:32 4 0 26
12:49:02 4 0 26
12:49:33 4 0 26
12:50:04 4 0 26
12:50:34 4 0 26
12:51:04 4 0 26
12:51:34 4 0 26
12:52:04 4 0 27
12:52:34 4 0 26
12:53:04 4 0 26
12:53:34 4 0 26
12:54:05 4 0 26
12:54:35 4 0 26
12:55:05 4 0 26
12:55:35 4 0 26
12:56:05 4 0 27
12:56:35 4 0 26
12:57:05 4 0 26
12:57:35 4 0 26
12:58:06 4 0 26
12:58:36 4 0 26
12:59:06 4 0 26
12:59:36 4 0 34
13:00:06 4 0 26
13:00:36 4 0 26
13:01:06 4 0 26
13:01:36 4 0 26
13:02:07 4 0 26
13:02:37 4 0 26
13:03:07 4 0 56
13:03:37 4 0 26
13:04:07 4 0 26
13:04:37 4 0 26
13:05:07 4 0 26
13:05:37 4 0 26
13:06:07 4 0 26
13:06:38 4 0 26
13:07:08 4 0 26
13:07:38 4 0 26
13:08:08 4 0 26
13:08:38 4 0 27
13:09:08 4 0 26
13:09:38 4 0 26
13:10:08 4 0 26
13:10:38 4 0 26
13:11:08 4 0 26
13:11:38 4 0 26
13:12:09 4 0 26
13:12:39 4 0 26
13:13:09 4 0 26
13:13:39 4 0 26
13:14:09 4 0 26
13:14:39 4 0 26
13:15:09 4 0 26
13:15:39 4 0 26
13:16:09 4 0 26
13:16:39 4 0 26
13:17:10 4 0 26
13:17:40 4 0 26
13:18:10 4 0 26
13:18:40 4 0 26
13:19:10 4 0 26
13:19:40 4 0 26
13:20:10 4 0 26
13:20:40 4 0 26
13:21:10 4 0 26
13:21:41 4 0 26
13:22:11 4 0 26
13:22:41 4 0 26
13:23:11 4 0 26
13:23:41 4 0 26
13:24:12 4 0 26
13:24:42 4 0 26
13:25:12 4 0 26
13:25:42 4 0 26
13:26:12 4 0 26
13:26:42 4 0 26
13:27:13 4 0 26
13:27:43 4 0 26
13:28:13 4 0 26
13:28:43 4 0 27
13:29:13 4 0 26
13:29:43 4 0 26
13:30:14 4 0 27
13:30:44 4 0 26
13:31:14 4 0 26
13:31:44 4 0 26
13:32:15 4 0 26
13:32:45 4 0 26
13:33:15 4 0 28
13:33:45 4 0 26
13:34:16 4 0 26
13:34:46 4 0 26
13:35:16 4 0 26
13:35:46 4 0 50
13:36:16 4 0 27
13:36:46 4 0 26
13:37:16 4 0 26
13:37:46 4 0 26
13:38:17 4 0 26
13:38:47 4 0 26
13:39:17 4 0 26
13:39:47 4 0 26
13:40:17 4 0 26
13:40:47 4 0 26
13:41:17 4 0 26
13:41:47 4 0 26
13:42:18 4 0 51
13:42:48 4 0 56
13:43:19 4 0 26
13:43:49 4 0 26
13:44:19 4 0 26
13:44:49 4 0 27
13:45:19 4 0 26
13:45:49 4 0 26
13:46:19 4 0 26
13:46:50 4 0 26
13:47:21 4 0 26
13:47:51 4 0 58
13:48:21 4 0 27
13:48:51 4 0 26
13:49:21 4 0 26
13:49:51 4 0 26
13:50:21 4 0 26
13:50:51 4 0 26
13:51:22 4 0 26
13:51:53 4 0 26
13:52:23 4 0 26
13:52:53 4 0 26
13:53:23 4 0 27
13:53:53 4 0 26
13:54:23 4 0 26
13:54:54 4 0 26
13:55:24 4 0 26
13:55:54 4 0 26
13:56:24 4 0 26
13:56:54 4 0 33
13:57:24 4 0 26
13:57:54 4 0 26
13:58:24 4 0 32
13:58:54 4 0 26
13:59:25 4 0 27
13:59:55 4 0 26
14:00:25 4 0 26
14:00:55 4 0 26
14:01:25 4 0 47
14:01:55 4 0 26
14:02:25 4 0 26
14:02:55 4 0 26
14:03:26 4 0 26
14:03:56 4 0 26
14:04:26 4 0 59
14:04:56 4 0 26
14:05:26 4 0 26
14:05:56 4 0 26
14:06:26 4 0 26
14:06:57 4 0 27
14:07:27 4 0 26
14:07:57 4 0 26
14:08:27 4 0 53
14:08:57 4 0 27
14:09:28 4 0 26
14:09:58 4 0 27
14:10:28 4 0 27
14:10:58 4 0 26
14:11:28 4 0 26
14:11:58 4 0 26
14:12:29 4 0 26
14:12:59 4 0 26
14:13:29 4 0 26
14:13:59 4 0 26
14:14:29 4 0 26
14:14:59 4 0 26
14:15:29 4 0 26
14:16:00 4 0 26
14:16:30 4 0 26
14:17:00 4 0 26
14:17:30 4 0 26
14:18:00 4 0 26
14:18:30 4 0 26
14:19:00 4 0 26
14:19:31 4 0 39
14:20:01 4 0 26
14:20:31 4 0 26
14:21:01 4 0 26
14:21:31 4 0 26
14:22:01 4 0 26
14:22:31 4 0 26
14:23:01 4 0 26
14:23:31 4 0 26
14:24:01 4 0 28
14:24:32 4 0 26
14:25:03 4 0 26
14:25:33 4 0 26
14:26:03 4 0 26
14:26:33 4 0 26
14:27:03 4 0 26
14:27:34 4 0 26
14:28:04 4 0 26
14:28:34 4 0 26
14:29:04 4 0 26
14:29:34 4 0 26
14:30:04 4 0 26
14:30:34 4 0 26
14:31:04 4 0 26
14:31:35 4 0 26
14:32:05 4 0 26
14:32:35 4 0 26
14:33:05 4 0 26
14:33:35 4 0 26
14:34:06 4 0 26
14:34:36 4 0 26
14:35:06 4 0 27
14:35:36 4 0 29
14:36:06 4 0 26
14:36:37 4 0 26
14:37:07 4 0 26
14:37:38 4 0 47
14:38:08 4 0 26
14:38:39 4 0 26
14:39:09 4 0 26
14:39:39 4 0 26
14:40:09 4 0 26
14:40:39 4 0 26
14:41:10 4 0 26
14:41:40 4 0 26
14:42:10 4 0 26
14:42:40 4 0 29
14:43:10 4 0 26
14:43:41 4 0 26
14:44:11 4 0 26
14:44:41 4 0 26
14:45:11 4 0 26
14:45:42 4 0 27
14:46:12 4 0 27
14:46:42 4 0 26
14:47:12 4 0 27
14:47:42 4 0 26
14:48:12 4 0 26
14:48:43 4 0 26
14:49:13 4 0 26
14:49:43 4 0 26
14:50:13 4 0 26
14:50:43 4 0 26
14:51:15 3 1 26
14:51:44 4 0 26
14:52:14 4 0 26
14:52:44 4 0 26
14:53:14 4 0 26
14:53:44 4 0 26
14:54:14 4 0 26
14:54:45 4 0 27
14:55:15 4 0 27
14:55:45 4 0 26
14:56:15 4 0 26
14:56:45 4 0 26
14:57:15 4 0 26
14:57:45 4 0 26
14:58:16 4 0 27
14:58:46 4 0 26
14:59:16 4 0 26
14:59:46 4 0 26
15:00:16 4 0 26
15:00:46 4 0 26
15:01:16 4 0 26
15:01:46 4 0 26
15:02:16 4 0 26
15:02:47 4 0 26
15:03:17 4 0 26
15:03:47 4 0 26
15:04:17 4 0 26
15:04:47 4 0 26
15:05:17 4 0 26
15:05:47 4 0 26
15:06:17 4 0 26
15:06:47 4 0 26
15:07:17 4 0 27
15:07:48 4 0 26
15:08:18 4 0 26
15:08:48 4 0 26
15:09:18 4 0 26
15:09:48 4 0 26
15:10:18 4 0 26
15:10:48 4 0 26
15:11:19 4 0 32
15:11:50 4 0 26
15:12:20 4 0 26
15:12:50 4 0 26
15:13:20 4 0 27
15:13:50 4 0 26
15:14:20 4 0 26
15:14:50 4 0 26
15:15:20 4 0 26
15:15:51 4 0 26
15:16:21 4 0 26
15:16:51 4 0 26
15:17:21 4 0 49
15:17:51 4 0 26
15:18:21 4 0 26
15:18:51 4 0 26
15:19:21 4 0 26
15:19:52 4 0 26
15:20:22 4 0 28
15:20:52 4 0 26
15:21:22 4 0 26
15:21:52 4 0 26
15:22:22 4 0 26
15:22:52 4 0 26
15:23:23 3 1 26
15:23:52 4 0 26
15:24:22 4 0 26
15:24:53 4 0 26
15:25:23 4 0 26
15:25:53 4 0 27
15:26:23 4 0 26
15:26:53 4 0 26
15:27:23 4 0 26
15:27:53 4 0 26
15:28:24 3 1 26
15:28:53 4 0 26
15:29:23 4 0 26
15:29:54 4 0 26
15:30:24 4 0 26
15:30:54 4 0 26
15:31:24 4 0 26
15:31:55 4 0 26
15:32:25 4 0 27
15:32:55 4 0 26
15:33:25 4 0 26
15:33:55 4 0 26
15:34:25 4 0 26
15:34:55 4 0 26
15:35:25 4 0 26
15:35:55 4 0 26
15:36:25 4 0 26
15:36:56 4 0 26
15:37:26 4 0 26
15:37:56 4 0 27
15:38:26 4 0 27
15:38:56 4 0 28
15:39:26 4 0 26
15:39:56 4 0 26
15:40:26 4 0 26
15:40:56 4 0 26
15:41:26 4 0 26
15:41:57 4 0 26
15:42:27 4 0 26
15:42:57 4 0 53
15:43:27 4 0 26
15:43:57 4 0 26
15:44:27 4 0 26
15:44:57 4 0 26
15:45:27 4 0 26
15:45:58 4 0 26
15:46:28 4 0 27
15:46:58 4 0 26
15:47:28 4 0 26
15:47:58 4 0 26
15:48:28 4 0 26
15:48:58 4 0 26
15:49:28 4 0 26
15:49:59 4 0 26
15:50:29 4 0 26
15:50:59 4 0 26
15:51:29 4 0 26
15:52:00 4 0 26
15:52:30 4 0 27
15:53:00 4 0 26
15:53:30 4 0 26
15:54:01 3 1 26
15:54:30 4 0 26
15:55:00 4 0 26
15:55:30 4 0 26
15:56:01 3 1 26
15:56:30 4 0 26
15:57:01 4 0 26
15:57:31 4 0 26
15:58:01 4 0 26
15:58:31 4 0 27
15:59:01 4 0 26
15:59:31 4 0 26
16:00:01 4 0 26
16:00:31 4 0 26
16:01:01 4 0 26
16:01:31 4 0 26
16:02:02 4 0 26
16:02:32 4 0 26
16:03:02 4 0 26
16:03:32 4 0 26
16:04:02 4 0 26
16:04:32 4 0 26
16:05:03 3 1 26
16:05:32 4 0 26
16:06:03 4 0 26
16:06:33 4 0 26
16:07:03 4 0 26
16:07:33 4 0 26
16:08:03 4 0 26
16:08:34 3 1 27
16:09:03 4 0 26
16:09:33 4 0 26
16:10:03 4 0 26
16:10:33 4 0 32
16:11:04 4 0 51
16:11:34 4 0 27
16:12:05 4 0 36
16:12:36 3 1 26
16:13:05 4 0 55
16:13:35 4 0 26
16:14:05 4 0 26
16:14:35 4 0 26
16:15:06 4 0 26
16:15:36 4 0 26
16:16:06 4 0 26
16:16:36 4 0 26
16:17:06 4 0 26
16:17:36 4 0 29
16:18:06 4 0 26
16:18:36 4 0 73
16:19:07 3 1 72
16:19:36 4 0 26
16:20:07 4 0 26
16:20:37 4 0 73
16:21:07 4 0 26
16:21:37 4 0 26
16:22:07 4 0 26
16:22:37 4 0 26
16:23:07 4 0 26
16:23:37 4 0 26
16:24:08 4 0 26
16:24:38 4 0 26
16:25:08 4 0 26
16:25:38 4 0 26
16:26:08 4 0 26
16:26:38 4 0 75
16:27:08 4 0 26
16:27:38 4 0 26
16:28:08 4 0 26
16:28:38 4 0 26
16:29:09 4 0 26
16:29:39 4 0 26
16:30:09 4 0 26
16:30:39 4 0 26
16:31:09 4 0 26
16:31:39 4 0 26
16:32:10 4 0 26
16:32:40 4 0 26
16:33:10 4 0 26
16:33:40 4 0 26
16:34:11 4 0 26
16:34:41 4 0 26
16:35:11 4 0 26
16:35:41 4 0 63
16:36:11 4 0 26
16:36:41 4 0 26
16:37:11 4 0 26
16:37:41 4 0 26
16:38:11 4 0 26
16:38:42 4 0 26
16:39:12 4 0 26
16:39:42 4 0 26
16:40:12 4 0 26
16:40:42 4 0 26
16:41:12 4 0 26
16:41:42 4 0 26
16:42:13 4 0 26
16:42:43 4 0 26
16:43:13 4 0 28
16:43:43 4 0 26
16:44:13 4 0 26
16:44:43 4 0 26
16:45:13 4 0 26
16:45:43 4 0 26
16:46:13 4 0 26
16:46:43 4 0 26
16:47:13 4 0 26
16:47:43 4 0 26
16:48:14 4 0 26
16:48:44 4 0 26
16:49:14 4 0 26
16:49:44 4 0 26
16:50:14 4 0 26
16:50:44 4 0 26
16:51:14 4 0 26
16:51:44 4 0 35
16:52:14 4 0 26
16:52:45 4 0 26
16:53:15 4 0 26
16:53:45 4 0 26
16:54:15 4 0 26
16:54:45 4 0 26
16:55:15 4 0 26
16:55:45 4 0 26
16:56:16 4 0 26
16:56:46 4 0 26
16:57:16 4 0 26
16:57:46 4 0 26
16:58:16 4 0 26
16:58:46 4 0 26
16:59:17 4 0 26
16:59:47 4 0 26
17:00:17 4 0 26
17:00:47 4 0 26
17:01:18 3 1 26
17:01:47 4 0 26
17:02:17 4 0 26
17:02:49 3 1 26
17:03:18 4 0 26
17:03:48 4 0 60
17:04:18 4 0 26
17:04:48 4 0 26
17:05:18 4 0 26
17:05:48 4 0 27
17:06:19 4 0 26
17:06:49 4 0 26
17:07:19 4 0 26
17:07:49 4 0 26
17:08:19 4 0 26
17:08:49 4 0 26
17:09:19 4 0 26
17:09:49 4 0 26
17:10:20 4 0 26
17:10:50 4 0 26
17:11:20 4 0 26
17:11:50 4 0 26
17:12:20 4 0 26
17:12:50 4 0 26
17:13:20 4 0 51
17:13:50 4 0 26
17:14:20 4 0 26
17:14:50 4 0 26
17:15:21 4 0 26
17:15:51 4 0 26
17:16:21 4 0 26
17:16:51 4 0 26
17:17:21 4 0 26
17:17:51 4 0 26
17:18:21 4 0 26
17:18:51 4 0 26
17:19:22 4 0 26
17:19:52 4 0 26
17:20:22 4 0 35
17:20:52 4 0 26
17:21:22 4 0 26
17:21:52 4 0 26
17:22:22 4 0 26
17:22:53 4 0 26
17:23:24 4 0 29
17:23:54 4 0 56
17:24:24 4 0 26
17:24:54 4 0 26
17:25:24 4 0 26
17:25:54 4 0 26
17:26:25 4 0 26
17:26:55 4 0 26
17:27:25 4 0 26
17:27:55 4 0 26
17:28:25 4 0 26
17:28:55 4 0 26
17:29:26 4 0 26
17:29:56 4 0 26
17:30:26 4 0 26
17:30:56 4 0 26
17:31:26 4 0 37
17:31:56 4 0 26
17:32:26 4 0 26
17:32:56 4 0 26
17:33:27 4 0 26
17:33:57 4 0 26
17:34:27 4 0 26
17:34:57 4 0 26
17:35:27 4 0 26
17:35:57 4 0 26
17:36:27 4 0 26
17:36:58 4 0 26
17:37:28 4 0 26
17:37:58 4 0 26
17:38:28 4 0 26
17:38:58 4 0 26
17:39:29 4 0 26
17:39:59 4 0 26
17:40:29 4 0 26
17:40:59 4 0 26
17:41:29 4 0 26
17:41:59 4 0 26
17:42:30 4 0 27
17:43:00 4 0 26
17:43:30 4 0 26
17:44:01 4 0 27
17:44:31 4 0 26
17:45:01 4 0 26
17:45:31 4 0 26
17:46:01 4 0 26
17:46:31 4 0 26
17:47:01 4 0 26
17:47:32 4 0 26
17:48:02 4 0 26
17:48:32 4 0 26
17:49:02 4 0 26
17:49:32 4 0 26
17:50:02 4 0 26
17:50:32 4 0 26
17:51:02 4 0 26
17:51:34 3 1 26
17:52:04 3 1 26
17:52:33 4 0 26
17:53:03 4 0 26
17:53:33 4 0 26
17:54:03 4 0 26
17:54:33 4 0 26
17:55:03 4 0 26
17:55:34 4 0 26
17:56:04 4 0 26
17:56:34 4 0 26
17:57:04 4 0 26
17:57:34 4 0 26
17:58:04 4 0 26
17:58:34 4 0 26
17:59:04 4 0 26
17:59:35 4 0 26
18:00:05 4 0 30
18:00:35 4 0 26
18:01:05 4 0 26
18:01:35 4 0 26
18:02:05 4 0 26
18:02:36 4 0 26
18:03:06 4 0 26
18:03:37 4 0 26
18:04:07 4 0 26
18:04:37 4 0 26
18:05:07 4 0 26
18:05:37 4 0 26
18:06:07 4 0 26
18:06:37 4 0 26
18:07:07 4 0 26
18:07:38 4 0 26
18:08:08 4 0 26
18:08:38 4 0 26
18:09:08 4 0 26
18:09:38 4 0 26
18:10:08 4 0 26
18:10:38 4 0 26
18:11:08 4 0 26
18:11:39 4 0 26
18:12:09 4 0 26
18:12:39 4 0 26
18:13:09 4 0 26
18:13:39 4 0 26
18:14:09 4 0 26
18:14:40 4 0 26
18:15:10 4 0 26
18:15:40 4 0 26
18:16:10 4 0 26
18:16:40 4 0 26
18:17:10 4 0 26
18:17:40 4 0 26
18:18:10 4 0 26
18:18:40 4 0 26
18:19:10 4 0 26
18:19:41 4 0 26
18:20:11 4 0 26
18:20:41 4 0 26
18:21:11 4 0 26
18:21:41 4 0 26
18:22:12 3 1 26
18:22:42 4 0 26
18:23:13 4 0 26
18:23:43 4 0 26
18:24:13 4 0 26
18:24:43 4 0 26
18:25:13 4 0 26
18:25:43 4 0 26
18:26:13 4 0 26
18:26:44 4 0 26
18:27:14 4 0 26
18:27:44 4 0 26
18:28:14 4 0 26
18:28:45 4 0 26
18:29:15 4 0 26
18:29:45 4 0 26
18:30:15 4 0 26
18:30:45 4 0 26
18:31:15 4 0 26
18:31:46 4 0 26
18:32:16 4 0 26
18:32:46 4 0 34
18:33:16 4 0 26
18:33:47 4 0 28
18:34:17 4 0 35
18:34:47 4 0 26
18:35:17 4 0 34
18:35:47 4 0 26
18:36:17 4 0 26
18:36:48 4 0 26
18:37:18 4 0 35
18:37:48 4 0 26
18:38:18 4 0 26
18:38:48 4 0 34
18:39:18 4 0 26
18:39:49 4 0 35
18:40:19 4 0 35
18:40:49 4 0 35
18:41:19 4 0 35
18:41:49 4 0 34
18:42:19 4 0 35
18:42:49 4 0 26
18:43:19 4 0 26
18:43:49 4 0 26
18:44:19 4 0 26
18:44:50 4 0 35
18:45:20 4 0 26
18:45:50 4 0 35
18:46:20 4 0 26
18:46:50 4 0 26
18:47:20 4 0 35
18:47:50 4 0 26
18:48:20 4 0 35
18:48:51 4 0 26
18:49:21 4 0 26
18:49:51 4 0 26
18:50:21 4 0 26
18:50:51 4 0 35
18:51:21 4 0 26
18:51:51 4 0 26
18:52:21 4 0 26
18:52:51 4 0 35
18:53:22 4 0 35
18:53:52 4 0 35
18:54:23 4 0 35
18:54:53 4 0 35
18:55:23 4 0 35
18:55:53 4 0 35
18:56:23 4 0 35
18:56:53 4 0 35
18:57:23 4 0 35
18:57:53 4 0 26
18:58:24 4 0 35
18:58:54 4 0 35
18:59:24 4 0 34
18:59:54 4 0 26
19:00:24 4 0 35
19:00:54 4 0 35
19:01:24 4 0 26
19:01:54 4 0 34
19:02:24 4 0 26
19:02:55 4 0 35
19:03:25 4 0 35
19:03:55 4 0 35
19:04:25 4 0 26
19:04:55 4 0 26
19:05:25 4 0 34
19:05:55 4 0 35
19:06:25 4 0 37
19:06:56 4 0 35
19:07:26 4 0 35
19:07:56 4 0 35
19:08:26 4 0 35
19:08:56 4 0 35
19:09:26 4 0 35
19:09:56 4 0 35
19:10:26 4 0 35
19:10:56 4 0 35
19:11:26 4 0 34
19:11:57 4 0 34
19:12:27 4 0 26
19:12:57 4 0 35
19:13:27 4 0 34
19:13:57 4 0 26
19:14:27 4 0 34
19:14:57 4 0 26
19:15:27 4 0 26
19:15:58 4 0 26
19:16:28 4 0 34
19:16:58 4 0 26
19:17:28 4 0 26
19:17:58 4 0 35
19:18:28 4 0 26
19:18:58 4 0 26
19:19:28 4 0 26
19:19:58 4 0 26
19:20:28 4 0 26
19:20:59 4 0 26
19:21:29 4 0 26
19:21:59 4 0 26
19:22:29 4 0 37
19:22:59 4 0 26
19:23:29 4 0 26
19:23:59 4 0 26
19:24:29 4 0 35
19:24:59 4 0 26
19:25:30 4 0 26
19:26:00 4 0 26
19:26:30 4 0 26
19:27:00 4 0 26
19:27:30 4 0 26
19:28:00 4 0 26
19:28:30 4 0 26
19:29:00 4 0 26
19:29:30 4 0 26
19:30:00 4 0 26
19:30:31 4 0 26
19:31:01 4 0 26
19:31:31 4 0 26
19:32:01 4 0 26
19:32:31 4 0 26
19:33:01 4 0 26
19:33:32 4 0 26
19:34:02 4 0 26
19:34:32 4 0 26
19:35:02 4 0 26
19:35:32 4 0 35
19:36:02 4 0 26
19:36:32 4 0 26
19:37:02 4 0 26
19:37:33 4 0 26
19:38:03 4 0 26
19:38:33 4 0 26
19:39:03 4 0 26
19:39:33 4 0 27
19:40:03 4 0 26
19:40:33 4 0 26
19:41:03 4 0 26
19:41:33 4 0 26
19:42:04 4 0 26
19:42:34 4 0 26
19:43:04 4 0 26
19:43:34 4 0 26
19:44:04 4 0 26
19:44:34 4 0 26
19:45:04 4 0 26
19:45:34 4 0 26
19:46:04 4 0 26
19:46:34 4 0 26
19:47:05 4 0 26
19:47:35 4 0 26
19:48:05 4 0 26
19:48:35 4 0 26
19:49:05 4 0 26
19:49:35 4 0 26
19:50:05 4 0 26
19:50:35 4 0 26
19:51:05 4 0 26
19:51:35 4 0 26
19:52:06 4 0 26
19:52:36 4 0 26
19:53:06 4 0 26
19:53:36 4 0 35
19:54:06 4 0 26
19:54:36 4 0 26
19:55:06 4 0 35
19:55:36 4 0 26
19:56:06 4 0 26
19:56:36 4 0 26
19:57:07 4 0 26
19:57:37 4 0 26
19:58:07 4 0 26
19:58:37 4 0 26
19:59:07 4 0 26
19:59:37 4 0 26
20:00:08 4 0 35
20:00:37 4 0 26
20:01:08 4 0 26
20:01:38 4 0 26
20:02:08 4 0 26
20:02:38 4 0 26
20:03:08 4 0 26
20:03:38 4 0 35
20:04:08 4 0 26
20:04:38 4 0 26
20:05:08 4 0 26
20:05:38 4 0 26
20:06:09 4 0 26
20:06:39 4 0 26
20:07:09 4 0 26
20:07:39 4 0 26
20:08:09 4 0 29
20:08:39 4 0 26
20:09:09 4 0 26
20:09:39 4 0 26
20:10:09 4 0 35
20:10:39 4 0 26
20:11:11 3 1 35
20:11:40 4 0 35
20:12:10 4 0 34
20:12:40 4 0 26
20:13:10 4 0 26
20:13:40 4 0 26
20:14:10 4 0 26
20:14:40 4 0 28
20:15:10 4 0 26
20:15:40 4 0 26
20:16:11 4 0 35
20:16:41 4 0 26
20:17:11 4 0 26
20:17:41 4 0 26
20:18:11 4 0 26
20:18:41 4 0 26
20:19:11 4 0 26
20:19:41 4 0 26
20:20:12 4 0 26
20:20:42 4 0 26
20:21:12 4 0 26
20:21:42 4 0 26
20:22:12 4 0 35
20:22:42 4 0 26
20:23:12 4 0 26
20:23:42 4 0 26
20:24:13 4 0 26
20:24:43 4 0 26
20:25:13 4 0 26
20:25:43 4 0 35
20:26:13 4 0 35
20:26:43 4 0 26
20:27:13 4 0 26
20:27:44 4 0 35
20:28:14 4 0 26
20:28:44 4 0 26
20:29:14 4 0 26
20:29:44 4 0 35
20:30:14 4 0 35
20:30:44 4 0 35
20:31:14 4 0 35
20:31:44 4 0 26
20:32:15 4 0 85
20:32:45 4 0 35
20:33:15 4 0 26
20:33:45 4 0 26
20:34:15 4 0 35
20:34:45 4 0 26
20:35:15 4 0 26
20:35:45 4 0 26
20:36:15 4 0 35
20:36:45 4 0 26
20:37:15 4 0 26
20:37:46 4 0 26
20:38:16 4 0 35
20:38:46 4 0 26
20:39:16 4 0 35
20:39:46 4 0 35
20:40:16 4 0 35
20:40:46 4 0 35
20:41:16 4 0 34
20:41:46 4 0 26
20:42:17 4 0 26
20:42:47 4 0 35
20:43:17 4 0 35
20:43:47 4 0 35
20:44:17 4 0 26
20:44:47 4 0 35
20:45:17 4 0 27
20:45:47 4 0 35
20:46:17 4 0 34
20:46:48 4 0 35
20:47:19 4 0 34
20:47:49 4 0 35
20:48:19 4 0 35
20:48:49 4 0 26
20:49:19 4 0 34
20:49:49 4 0 35
20:50:19 4 0 26
20:50:49 4 0 26
20:51:19 4 0 35
20:51:49 4 0 35
20:52:20 4 0 35
20:52:50 4 0 26
20:53:20 4 0 26
20:53:50 4 0 35
20:54:20 4 0 26
20:54:50 4 0 35
20:55:20 4 0 26
20:55:50 4 0 35
20:56:20 4 0 26
20:56:50 4 0 35
20:57:21 4 0 26
20:57:51 4 0 32
20:58:21 4 0 26
20:58:51 4 0 26
20:59:21 4 0 26
20:59:51 4 0 35
21:00:21 4 0 35
21:00:51 4 0 35
21:01:22 4 0 35
21:01:52 4 0 35
21:02:22 4 0 35
21:02:52 4 0 26
21:03:22 4 0 34
21:03:52 4 0 26
21:04:22 4 0 35
21:04:52 4 0 35
21:05:22 4 0 35
21:05:52 4 0 34
21:06:23 4 0 34
21:06:53 4 0 26
21:07:24 4 0 26
21:07:54 4 0 26
21:08:24 4 0 26
21:08:54 4 0 26
21:09:24 4 0 35
21:09:54 4 0 35
21:10:24 4 0 26
21:10:54 4 0 35
21:11:25 4 0 26
21:11:55 4 0 26
21:12:25 4 0 35
21:12:55 4 0 35
21:13:25 4 0 35
21:13:55 4 0 34
21:14:25 4 0 60
21:14:55 4 0 35
21:15:25 4 0 35
21:15:55 4 0 35
21:16:25 4 0 26
21:16:56 4 0 35
21:17:26 4 0 35
21:17:56 4 0 37
21:18:26 4 0 26
21:18:56 4 0 35
21:19:27 4 0 26
21:19:57 4 0 26
21:20:27 4 0 26
21:20:57 4 0 26
21:21:27 4 0 26
21:21:57 4 0 26
21:22:27 4 0 35
21:22:57 4 0 26
21:23:27 4 0 26
21:23:57 4 0 35
21:24:28 4 0 35
21:24:58 4 0 26
21:25:28 4 0 34
21:25:58 4 0 26
21:26:28 4 0 35
21:26:59 4 0 59
21:27:29 4 0 66
21:27:59 4 0 35
21:28:30 4 0 35
21:29:00 4 0 26
21:29:30 4 0 26
21:30:00 4 0 26
21:30:30 4 0 35
21:31:00 4 0 28
21:31:30 4 0 35
21:32:00 4 0 26
21:32:30 4 0 26
21:33:00 4 0 35
21:33:31 4 0 26
21:34:01 4 0 34
21:34:31 4 0 26
21:35:01 4 0 26
21:35:31 4 0 35
21:36:01 4 0 35
21:36:31 4 0 34
21:37:01 4 0 34
21:37:32 4 0 34
21:38:02 4 0 35
21:38:32 4 0 26
21:39:02 4 0 26
21:39:32 4 0 26
21:40:02 4 0 26
21:40:32 4 0 26
21:41:02 4 0 35
21:41:32 4 0 35
21:42:02 4 0 26
21:42:33 4 0 26
21:43:03 4 0 35
21:43:33 4 0 26
21:44:03 4 0 35
21:44:33 4 0 35
21:45:03 4 0 35
21:45:33 4 0 26
21:46:03 4 0 36
21:46:34 4 0 26
21:47:04 4 0 35
21:47:34 4 0 26
21:48:04 4 0 26
21:48:34 4 0 35
21:49:04 4 0 26
21:49:34 4 0 26
21:50:04 4 0 26
21:50:35 4 0 35
21:51:05 4 0 35
21:51:35 4 0 35
21:52:05 4 0 35
21:52:35 4 0 26
21:53:05 4 0 26
21:53:35 4 0 26
21:54:05 4 0 35
21:54:36 4 0 35
21:55:06 4 0 35
21:55:36 4 0 34
21:56:06 4 0 26
21:56:36 4 0 26
21:57:06 4 0 34
21:57:36 4 0 26
21:58:06 4 0 35
21:58:37 4 0 26
21:59:07 4 0 35
21:59:37 4 0 35
22:00:07 4 0 35
22:00:37 4 0 35
22:01:08 3 1 35
22:01:37 4 0 35
22:02:07 4 0 26
22:02:37 4 0 26
22:03:08 4 0 26
22:03:38 4 0 26
22:04:08 4 0 26
22:04:38 4 0 26
22:05:08 4 0 26
22:05:38 4 0 26
22:06:08 4 0 26
22:06:39 4 0 26
22:07:10 4 0 26
22:07:40 4 0 26
22:08:10 4 0 34
22:08:40 4 0 35
22:09:10 4 0 35
22:09:40 4 0 26
22:10:10 4 0 26
22:10:40 4 0 26
22:11:10 4 0 26
22:11:41 4 0 26
22:12:11 4 0 26
22:12:41 4 0 26
22:13:11 4 0 26
22:13:41 4 0 26
22:14:11 4 0 26
22:14:41 4 0 26
22:15:12 4 0 26
22:15:42 4 0 26
22:16:12 4 0 26
22:16:42 4 0 35
22:17:12 4 0 35
22:17:42 4 0 35
22:18:12 4 0 26
22:18:42 4 0 35
22:19:12 4 0 35
22:19:43 4 0 35
22:20:13 4 0 35
22:20:43 4 0 35
22:21:13 4 0 35
22:21:43 4 0 26
22:22:13 4 0 35
22:22:43 4 0 35
22:23:13 4 0 26
22:23:44 4 0 26
22:24:14 4 0 35
22:24:44 4 0 26
22:25:14 4 0 35
22:25:44 4 0 35
22:26:14 4 0 35
22:26:44 4 0 35
22:27:14 4 0 35
22:27:45 4 0 26
22:28:15 4 0 26
22:28:45 4 0 26
22:29:15 4 0 26
22:29:45 4 0 26
22:30:15 4 0 34
22:30:45 4 0 35
22:31:15 4 0 26
22:31:46 4 0 26
22:32:16 4 0 35
22:32:46 4 0 34
22:33:16 4 0 35
22:33:46 4 0 26
22:34:16 4 0 35
22:34:47 3 1 35
22:35:16 4 0 34
22:35:47 4 0 34
22:36:17 4 0 35
22:36:47 4 0 34
22:37:17 4 0 35
22:37:47 4 0 35
22:38:17 4 0 35
22:38:48 4 0 34
22:39:18 4 0 35
22:39:48 4 0 35
22:40:18 4 0 35
22:40:48 4 0 35
22:41:18 4 0 26
22:41:48 4 0 35
22:42:18 4 0 26
22:42:49 4 0 35
22:43:19 4 0 35
22:43:49 4 0 26
22:44:19 4 0 26
22:44:49 4 0 26
22:45:19 4 0 35
22:45:49 4 0 35
22:46:19 4 0 26
22:46:50 4 0 35
22:47:20 4 0 26
22:47:50 4 0 26
22:48:20 4 0 26
22:48:50 4 0 35
22:49:20 4 0 35
22:49:50 4 0 35
22:50:20 4 0 26
22:50:51 4 0 26
22:51:21 4 0 34
22:51:51 4 0 26
22:52:21 4 0 26
22:52:51 4 0 55
22:53:21 4 0 26
22:53:51 4 0 26
22:54:21 4 0 26
22:54:52 4 0 26
22:55:22 4 0 26
22:55:52 4 0 26
22:56:22 4 0 26
22:56:52 4 0 26
22:57:22 4 0 26
22:57:52 4 0 26
22:58:22 4 0 26
22:58:53 4 0 35
22:59:23 4 0 35
22:59:53 4 0 35
23:00:23 4 0 34
23:00:53 4 0 26
23:01:23 4 0 26
23:01:54 4 0 26
23:02:24 4 0 26
23:02:54 4 0 26
23:03:24 4 0 26
23:03:54 4 0 26
23:04:24 4 0 26
23:04:54 4 0 35
23:05:24 4 0 35
23:05:55 4 0 26
23:06:25 4 0 35
23:06:55 4 0 35
23:07:25 4 0 26
23:07:55 4 0 35
23:08:25 4 0 35
23:08:55 4 0 26
23:09:25 4 0 26
23:09:56 4 0 34
23:10:26 4 0 26
23:10:56 4 0 26
23:11:26 4 0 26
23:11:56 4 0 26
23:12:26 4 0 26
23:12:56 4 0 26
23:13:26 4 0 26
23:13:57 4 0 35
23:14:27 4 0 26
23:14:57 4 0 35
23:15:27 4 0 35
23:15:57 4 0 26
23:16:27 4 0 26
23:16:57 4 0 26
23:17:27 4 0 26
23:17:58 4 0 34
23:18:28 4 0 26
23:18:58 4 0 27
23:19:28 4 0 26
23:19:58 4 0 26
23:20:28 4 0 34
23:20:58 4 0 34
23:21:29 4 0 35
23:21:59 4 0 26
23:22:29 4 0 26
23:22:59 4 0 26
23:23:29 4 0 27
23:23:59 4 0 26
23:24:29 4 0 26
23:25:00 4 0 26
23:25:30 4 0 26
23:26:00 4 0 35
23:26:30 4 0 26
23:27:00 4 0 26
23:27:30 4 0 26
23:28:00 4 0 26
23:28:30 4 0 26
23:29:01 4 0 35
23:29:31 4 0 35
23:30:01 4 0 35
23:30:31 4 0 36
23:31:01 4 0 35
23:31:31 4 0 26
23:32:01 4 0 35
23:32:31 4 0 35
23:33:02 4 0 35
23:33:32 4 0 26
23:34:02 4 0 30
23:34:32 4 0 26
23:35:02 4 0 26
23:35:32 4 0 35
23:36:02 4 0 26
23:36:32 4 0 26
23:37:03 4 0 26
23:37:33 4 0 26
23:38:03 4 0 26
23:38:33 4 0 26
23:39:03 4 0 26
23:39:33 4 0 26
23:40:03 4 0 26
23:40:34 4 0 26
23:41:04 4 0 35
23:41:34 4 0 35
23:42:04 4 0 35
23:42:34 4 0 39
23:43:05 4 0 35
23:43:35 4 0 35
23:44:05 4 0 35
23:44:35 4 0 35
23:45:05 4 0 35
23:45:35 4 0 26
23:46:06 4 0 38
23:46:36 4 0 35
23:47:06 4 0 35
23:47:36 4 0 35
23:48:07 4 0 35
23:48:37 4 0 35
23:49:08 4 0 35
23:49:38 4 0 26
23:50:08 4 0 35
23:50:38 4 0 35
23:51:09 4 0 26
23:51:39 4 0 26
23:52:09 4 0 26
23:52:40 4 0 26
23:53:11 4 0 26
23:53:41 4 0 27
23:54:11 4 0 26
23:54:41 4 0 26
23:55:12 4 0 26
23:55:42 4 0 26
23:56:14 4 0 26
23:56:45 4 0 26
23:57:15 4 0 26
23:57:45 4 0 26
23:58:16 4 0 27
23:58:46 4 0 26
23:59:16 4 0 26
23:59:47 4 0 26
