00:02:33 779
00:03:24 782
00:04:23 781
00:05:24 781
00:06:25 788
00:07:28 791
00:08:27 791
02:00:06 -1
02:01:07 765
02:02:07 766
02:03:08 765
02:04:08 765
02:05:08 765
02:06:09 767
02:07:09 -1
02:08:10 781
02:09:10 779
02:10:11 778
02:11:11 778
02:12:12 787
02:13:12 779
02:14:12 778
02:15:13 780
02:16:13 786
02:17:13 793
02:18:14 789
02:19:15 788
02:20:15 796
02:21:15 795
02:22:16 795
02:23:16 790
02:24:17 790
02:25:17 789
02:26:17 790
02:27:18 789
02:28:18 795
02:29:19 796
02:30:19 800
02:31:20 832
02:32:20 769
02:33:21 772
02:34:21 769
02:35:21 777
02:36:22 742
02:37:22 730
02:38:22 750
02:39:23 751
02:40:23 750
02:41:24 -1
02:42:24 752
02:43:24 760
02:44:25 752
02:45:25 755
02:46:26 758
02:47:26 758
02:48:26 759
02:49:27 764
02:50:27 -1
02:51:28 768
02:52:28 767
02:53:28 779
02:54:29 777
02:55:29 769
02:56:30 767
02:57:30 760
02:58:30 764
02:59:31 762
03:00:31 765
03:01:32 776
03:02:32 774
03:03:32 775
03:04:33 771
03:05:33 767
03:06:34 768
03:07:34 767
03:08:35 774
03:09:35 773
03:10:35 768
03:11:36 769
03:12:36 769
03:13:36 771
03:14:37 776
03:15:37 782
03:16:37 787
03:17:38 783
03:18:38 777
03:19:38 781
03:20:39 789
03:21:39 784
03:22:39 787
03:23:40 785
03:24:40 786
03:25:41 792
03:26:41 786
03:27:41 783
03:28:41 791
03:29:42 793
03:30:42 792
03:31:42 752
03:32:43 757
03:33:43 773
03:34:43 784
03:35:44 780
03:36:44 730
03:37:44 758
03:38:45 759
03:39:45 752
03:40:46 755
03:41:46 769
03:42:46 777
03:43:47 778
03:44:47 779
03:45:47 779
03:46:48 756
03:47:48 767
03:48:48 764
03:49:49 764
03:50:49 771
03:51:49 764
03:52:50 765
03:53:50 765
03:54:50 772
03:55:52 776
03:56:51 775
03:57:51 774
03:58:52 775
03:59:52 772
04:00:52 773
04:01:53 780
04:02:53 774
04:03:53 775
04:04:54 773
04:05:54 776
04:06:54 776
04:07:55 788
04:08:55 821
04:09:55 811
04:10:56 766
04:11:56 779
04:12:56 783
04:13:57 779
04:14:57 785
04:15:58 783
04:16:58 779
04:17:58 778
04:18:59 773
04:19:59 772
04:21:00 773
04:21:59 775
04:23:00 779
04:24:00 779
04:25:01 778
04:26:01 781
04:27:01 781
04:28:02 780
04:29:02 775
04:30:02 785
04:31:03 738
04:32:03 751
04:33:03 753
04:34:04 751
04:35:04 753
04:36:04 760
04:37:05 728
04:38:06 735
04:39:06 745
04:40:06 752
04:41:07 763
04:42:07 769
04:43:07 796
04:44:07 765
04:45:08 769
04:46:08 755
04:47:08 753
04:48:09 755
04:49:09 776
04:50:09 775
04:51:10 759
04:52:10 761
04:53:10 -1
04:54:11 780
04:55:11 769
04:56:11 783
04:57:12 756
04:58:12 762
04:59:12 758
05:00:13 767
05:01:13 769
05:02:13 767
05:03:14 768
05:04:14 775
05:05:14 775
05:06:15 779
05:07:15 779
05:08:16 780
05:09:16 775
05:10:16 794
05:11:17 784
05:12:17 791
05:13:17 793
05:14:18 802
05:15:18 796
05:16:18 798
05:17:19 793
05:18:19 789
05:19:19 784
05:20:20 795
05:21:20 796
05:22:20 790
05:23:21 798
05:24:21 798
05:25:22 800
05:26:22 808
05:27:22 805
05:28:23 804
05:29:23 809
05:30:23 811
05:31:24 761
05:32:24 751
05:33:24 767
05:34:25 776
05:35:25 779
05:36:25 779
05:37:26 749
05:38:26 756
05:39:26 762
05:40:27 763
05:41:27 760
05:42:27 779
05:43:28 793
05:44:28 780
05:45:28 781
05:46:29 -1
05:47:29 787
05:48:29 781
05:49:30 791
05:50:30 780
05:51:30 793
05:52:31 794
05:53:31 797
05:54:31 782
05:55:32 784
05:56:32 784
05:57:32 790
05:58:33 788
05:59:33 800
06:00:35 790
06:01:34 790
06:02:35 792
06:03:35 806
06:04:35 799
06:05:36 797
06:06:36 799
06:07:37 778
06:08:37 774
06:09:37 782
06:10:38 796
06:11:38 796
06:12:38 799
06:13:39 800
06:14:39 817
06:15:39 803
06:16:40 802
06:17:40 804
06:18:40 806
06:19:41 806
06:20:41 816
06:21:42 812
06:22:42 813
06:23:42 808
06:24:43 809
06:25:43 821
06:26:43 811
06:27:44 812
06:28:44 810
06:29:44 810
06:30:45 814
06:31:45 782
06:32:45 782
06:33:46 788
06:34:46 799
06:35:46 802
06:36:47 803
06:37:47 744
06:38:47 750
06:39:48 773
06:40:48 782
06:41:48 781
06:42:49 786
06:43:49 785
06:44:49 790
06:45:50 784
06:46:50 793
06:47:50 794
06:48:51 788
06:49:51 797
06:50:51 796
06:51:52 790
06:52:52 788
06:53:52 788
06:54:53 788
06:55:53 802
06:56:53 800
06:57:54 803
06:58:54 801
06:59:54 809
07:00:55 795
07:01:55 -1
07:02:55 802
07:03:56 -1
07:04:56 797
07:05:56 797
07:06:57 804
07:07:57 798
07:08:57 796
07:09:58 800
07:10:58 802
07:11:58 800
07:12:59 795
07:13:59 799
07:14:59 798
07:16:00 800
07:17:00 803
07:18:01 784
07:19:01 792
07:20:01 792
07:21:01 795
07:22:02 798
07:23:02 812
07:24:02 810
07:25:03 812
07:26:03 808
07:27:04 808
07:28:04 803
07:29:04 808
07:30:04 807
07:31:05 817
07:32:06 788
07:33:06 790
07:34:06 791
07:35:07 790
07:36:08 787
07:37:08 787
07:38:09 756
07:39:09 764
07:40:09 764
07:41:09 763
07:42:10 787
07:43:10 794
07:44:10 766
07:45:11 772
07:46:11 793
07:47:11 793
07:48:11 784
07:49:12 779
07:50:12 780
07:51:12 781
07:52:13 783
07:53:13 788
07:54:13 789
07:55:14 791
07:56:14 792
07:57:14 796
07:58:15 803
07:59:15 801
08:00:15 805
08:01:16 805
08:02:16 808
08:03:16 811
08:04:17 811
08:05:17 814
08:06:17 820
08:07:17 847
08:08:18 848
08:09:18 849
08:10:18 864
08:11:19 846
08:12:19 854
08:13:19 857
08:14:20 859
08:15:20 856
08:16:20 841
08:17:21 842
08:18:21 845
08:19:21 847
08:20:22 849
08:21:22 844
08:22:22 840
08:23:23 840
08:24:24 838
08:25:24 841
08:26:24 839
08:27:24 838
08:28:25 811
08:29:25 818
08:30:25 832
08:31:26 837
08:32:26 821
08:33:26 827
08:34:27 828
08:35:27 827
08:36:27 827
08:37:28 828
08:38:28 779
08:39:28 782
08:40:29 782
08:41:29 790
08:42:29 791
08:43:30 790
08:44:30 790
08:45:30 793
08:46:31 793
08:47:31 796
08:48:31 799
08:49:32 798
08:50:32 798
08:51:32 800
08:52:33 800
08:53:33 804
08:54:34 803
08:55:34 803
08:56:35 806
08:57:35 805
08:58:36 811
08:59:36 809
09:00:37 810
09:01:37 814
09:02:37 819
09:03:37 821
09:04:38 823
09:05:38 819
09:06:38 823
09:07:38 819
09:08:39 825
09:09:39 822
09:10:39 828
09:11:39 824
09:12:40 824
09:13:40 824
09:14:40 823
09:15:40 822
09:16:41 821
09:17:41 823
09:18:41 826
09:19:42 828
09:20:42 827
09:21:42 826
09:22:43 825
09:23:43 824
09:24:43 828
09:25:43 829
09:26:44 827
09:27:44 832
09:28:44 834
09:29:44 832
09:30:45 835
09:31:45 830
09:32:46 803
09:33:46 805
09:34:46 813
09:35:46 812
09:36:47 813
09:37:47 786
09:38:48 748
09:39:48 772
09:40:48 780
09:41:49 790
09:42:49 793
09:43:49 801
09:44:49 802
09:45:50 800
09:46:50 802
09:47:50 802
09:48:50 800
09:49:51 807
09:50:51 807
09:51:51 817
09:52:51 815
09:53:51 816
09:54:52 818
09:55:52 818
09:56:52 818
09:57:52 820
09:58:53 822
09:59:53 836
10:00:54 828
10:01:54 837
10:02:54 835
10:03:54 830
10:04:54 835
10:05:54 835
10:06:55 832
10:07:55 827
10:08:55 833
10:09:55 834
10:10:58 824
10:11:56 832
10:12:56 827
10:13:56 827
10:14:57 835
10:15:57 838
10:16:57 832
10:17:57 832
10:18:58 831
10:19:58 829
10:20:59 832
10:21:59 831
10:23:00 832
10:24:01 837
10:25:02 841
10:26:02 843
10:27:03 838
10:28:03 841
10:29:03 846
10:30:04 839
10:31:04 839
10:32:05 788
10:33:05 792
10:34:05 805
10:35:05 802
10:36:05 813
10:37:06 812
10:38:06 801
10:39:07 766
10:40:07 -1
10:41:08 769
10:42:08 773
10:43:09 776
10:44:09 774
10:45:09 775
10:46:10 778
10:47:10 776
10:48:10 756
10:49:10 759
10:50:11 759
10:51:11 766
10:52:12 773
10:53:12 802
10:54:13 802
10:55:13 793
10:56:14 794
10:57:14 790
10:58:17 794
10:59:16 794
11:00:16 809
11:01:16 811
11:02:17 803
11:03:17 802
11:04:17 802
11:05:17 806
11:06:18 807
11:07:18 804
11:08:19 803
11:09:19 802
11:10:19 801
11:11:20 805
11:12:20 803
11:13:20 803
11:14:21 808
11:15:22 808
11:16:22 845
11:17:23 828
11:18:23 812
11:19:23 813
11:20:24 813
11:21:24 821
11:22:24 828
11:23:24 829
11:24:25 831
11:25:25 833
11:26:25 828
11:27:26 829
11:28:26 826
11:29:26 826
11:30:26 827
11:31:26 826
11:32:27 815
11:33:27 815
11:34:28 816
11:35:28 819
11:36:28 823
11:37:29 825
11:38:29 823
11:39:29 754
11:40:30 765
11:41:30 768
11:42:30 801
11:43:30 794
11:44:31 794
11:45:32 777
11:46:32 779
11:47:33 781
11:48:33 778
11:49:34 780
11:50:34 784
11:51:35 787
11:52:35 804
11:53:35 806
11:54:36 792
11:55:36 793
11:56:36 793
11:57:36 796
11:58:37 778
11:59:37 794
12:00:37 794
12:01:38 792
12:02:38 799
12:03:38 802
12:04:38 802
12:05:39 804
12:06:39 804
12:07:39 814
12:08:39 813
12:09:40 814
12:10:40 820
12:11:41 816
12:12:41 823
12:13:41 827
12:14:42 824
12:15:42 836
12:16:43 844
12:17:43 836
12:18:44 836
12:19:44 833
12:20:45 832
12:21:45 832
12:22:45 836
12:23:45 837
12:24:45 834
12:25:46 831
12:26:46 843
12:27:46 839
12:28:47 837
12:29:47 840
12:30:47 841
12:31:48 834
12:32:48 854
12:33:48 810
12:34:48 815
12:35:48 -1
12:36:49 824
12:37:49 825
12:38:49 824
12:39:50 769
12:40:50 771
12:41:50 772
12:42:50 774
12:43:50 783
12:44:51 786
12:45:51 789
12:46:51 795
12:47:51 795
12:48:51 797
12:49:52 797
12:50:53 800
12:51:53 800
12:52:53 799
12:53:53 805
12:54:54 805
12:55:54 812
12:56:54 817
12:57:55 822
12:58:55 818
12:59:55 819
13:00:55 821
13:01:56 814
13:02:56 817
13:03:56 829
13:04:56 826
13:05:57 826
13:06:57 826
13:07:57 823
13:08:57 791
13:09:57 792
13:10:57 793
13:11:58 797
13:12:58 799
13:13:58 806
13:14:58 805
13:15:58 809
13:16:59 825
13:17:59 815
13:18:59 814
13:19:59 812
13:20:59 811
13:22:00 816
13:23:00 823
13:24:01 819
13:25:01 818
13:26:01 819
13:27:01 820
13:28:02 819
13:29:02 822
13:30:02 820
13:31:02 822
13:32:03 822
13:33:03 774
13:34:04 784
13:35:04 784
13:36:04 784
13:37:04 796
13:38:05 840
13:39:05 840
13:40:05 770
13:41:05 777
13:42:06 780
13:43:06 783
13:44:07 788
13:45:07 789
13:46:07 788
13:47:08 801
13:48:09 800
13:49:09 802
13:50:09 808
13:51:10 809
13:52:10 812
13:53:10 815
13:54:10 815
13:55:11 811
13:56:11 812
13:57:11 818
13:58:11 817
13:59:12 820
14:00:12 840
14:01:12 839
14:02:12 841
14:03:12 822
14:04:13 823
14:05:13 825
14:06:13 826
14:07:14 832
14:08:14 832
14:09:15 829
14:10:15 829
14:11:15 828
14:12:16 864
14:13:16 886
14:14:16 884
14:15:16 884
14:16:17 886
14:17:17 891
14:18:17 893
14:19:18 893
14:20:18 896
14:21:18 895
14:22:18 893
14:23:18 890
14:24:19 887
14:25:20 893
14:26:20 889
14:27:20 889
14:28:21 889
14:29:21 892
14:30:21 891
14:31:22 895
14:32:22 893
14:33:22 914
14:34:23 860
14:35:23 870
14:36:23 875
14:37:24 869
14:38:25 877
14:39:25 899
14:40:25 834
14:41:26 837
14:42:26 840
14:43:27 840
14:44:27 847
14:45:28 846
14:46:28 849
14:47:28 848
14:48:29 848
14:49:29 853
14:50:29 860
14:51:30 867
14:52:30 864
14:53:30 871
14:54:31 874
14:55:31 877
14:56:31 883
14:57:31 883
14:58:32 888
14:59:32 894
15:00:32 893
15:01:32 914
15:02:33 895
15:03:33 895
15:04:33 893
15:05:33 893
15:06:33 899
15:07:34 897
15:08:34 895
15:09:34 897
15:10:34 899
15:11:35 907
15:12:36 906
15:13:36 905
15:14:36 901
15:15:36 899
15:16:37 913
15:17:37 902
15:18:37 900
15:19:38 902
15:20:38 906
15:21:38 911
15:22:38 912
15:23:38 912
15:24:39 926
15:25:39 925
15:26:39 929
15:27:39 918
15:28:39 921
15:29:40 906
15:30:40 905
15:31:40 905
15:32:41 905
15:33:41 855
15:34:41 882
15:35:41 887
15:36:42 889
15:37:42 880
15:38:42 882
15:39:42 902
15:40:43 839
15:41:43 845
15:42:43 852
15:43:43 864
15:44:43 866
15:45:44 864
15:46:44 863
15:47:44 877
15:48:44 878
15:49:45 873
15:50:45 878
15:51:45 889
15:52:46 887
15:53:46 872
15:54:46 870
15:55:46 891
15:56:46 893
15:57:47 891
15:58:47 894
15:59:47 895
16:00:47 880
16:01:48 887
16:02:48 887
16:03:48 886
16:04:48 886
16:05:48 889
16:06:49 888
16:07:49 885
16:08:49 886
16:09:49 886
16:10:49 886
16:11:50 883
16:12:50 889
16:13:50 886
16:14:51 887
16:15:51 891
16:16:51 892
16:17:51 901
16:18:51 898
16:19:52 894
16:20:52 898
16:21:52 895
16:22:52 897
16:23:52 899
16:24:53 898
16:25:53 897
16:26:53 901
16:27:53 898
16:28:54 900
16:29:54 898
16:30:54 898
16:31:55 896
16:32:55 910
16:33:56 873
16:34:56 869
16:35:56 866
16:36:56 -1
16:37:56 864
16:38:57 863
16:39:57 863
16:40:57 822
16:41:58 -1
16:42:58 832
16:43:58 838
16:44:58 839
16:45:58 844
16:46:59 844
16:47:59 859
16:48:59 849
16:49:59 849
16:50:59 849
16:52:00 848
16:53:00 850
16:54:00 853
16:55:01 855
16:56:01 855
16:57:01 859
16:58:01 860
16:59:01 882
17:00:02 875
17:01:02 879
17:02:02 878
17:03:03 884
17:04:03 891
17:05:03 890
17:06:04 892
17:07:04 895
17:08:04 897
17:09:04 892
17:10:05 893
17:11:05 910
17:12:05 903
17:13:05 903
17:14:05 904
17:15:06 903
17:16:06 903
17:17:06 906
17:18:06 906
17:19:07 912
17:20:07 912
17:21:07 909
17:22:07 911
17:23:08 913
17:24:09 909
17:25:09 905
17:26:10 907
17:27:10 917
17:28:10 915
17:29:10 919
17:30:11 914
17:31:11 916
17:32:11 917
17:33:12 880
17:34:12 889
17:35:12 889
17:36:12 889
17:37:13 879
17:38:13 880
17:39:14 881
17:40:14 902
17:41:14 838
17:42:14 845
17:43:15 847
17:44:16 852
17:45:16 891
17:46:16 890
17:47:17 904
17:48:17 915
17:49:17 926
17:50:17 885
17:51:18 886
17:52:18 886
17:53:18 894
17:54:18 910
17:55:19 909
17:56:19 907
17:57:19 908
17:58:19 902
17:59:20 902
18:00:20 909
18:01:20 908
18:02:20 912
18:03:21 912
18:04:21 919
18:05:21 920
18:06:21 915
18:07:21 905
18:08:22 912
18:09:22 907
18:10:22 902
18:11:23 898
18:12:23 903
18:13:23 905
18:14:23 896
18:15:24 899
18:16:24 910
18:17:24 925
18:18:24 904
18:19:25 907
18:20:25 920
18:21:25 916
18:22:26 937
18:23:26 922
18:24:26 926
18:25:26 927
18:26:27 924
18:27:27 941
18:28:27 936
18:29:28 937
18:30:28 932
18:31:29 937
18:32:29 933
18:33:29 888
18:34:30 900
18:35:30 898
18:36:30 903
18:37:31 895
18:38:31 907
18:39:31 912
18:40:32 857
18:41:32 874
18:42:32 886
18:43:32 895
18:44:33 896
18:45:33 894
18:46:33 890
18:47:33 889
18:48:33 907
18:49:34 898
18:50:34 898
18:51:34 904
18:52:34 906
18:53:35 902
18:54:36 909
18:55:36 903
18:56:36 904
18:57:36 908
18:58:37 907
18:59:37 880
19:00:37 879
19:01:37 908
19:02:38 884
19:03:38 884
19:04:38 885
19:05:38 888
19:06:38 890
19:07:39 899
19:08:39 898
19:09:39 903
19:10:39 909
19:11:40 897
19:12:40 896
19:13:40 896
19:14:40 896
19:15:41 897
19:16:41 905
19:17:41 901
19:18:41 901
19:19:41 902
19:20:42 908
19:21:42 903
19:22:42 907
19:23:42 909
19:24:43 909
19:25:43 912
19:26:43 914
19:27:43 926
19:28:43 922
19:29:43 922
19:30:44 924
19:31:44 925
19:32:44 931
19:33:45 887
19:34:45 888
19:35:45 907
19:36:46 918
19:37:46 907
19:38:46 903
19:39:46 907
19:40:46 910
19:41:47 869
19:42:47 874
19:43:47 875
19:44:47 878
19:45:47 888
19:46:48 886
19:47:48 886
19:48:48 887
19:49:48 893
19:50:48 894
19:51:49 894
19:52:49 892
19:53:49 921
19:54:49 900
19:55:49 893
19:56:50 896
19:57:50 898
19:58:50 900
19:59:51 901
20:00:51 906
20:01:51 914
20:02:51 914
20:03:51 912
20:04:51 915
20:05:52 915
20:06:52 928
20:07:52 929
20:08:52 929
20:09:53 895
20:10:53 895
20:11:53 900
20:12:53 896
20:13:53 890
20:14:53 903
20:15:54 911
20:16:54 918
20:17:54 911
20:18:54 911
20:19:55 910
20:20:55 911
20:21:55 908
20:22:55 913
20:23:56 914
20:24:56 946
20:25:56 939
20:26:56 939
20:27:57 938
20:28:57 937
20:29:57 916
20:30:57 918
20:31:57 923
20:32:58 922
20:33:58 882
20:34:58 886
20:35:58 892
20:36:58 899
20:37:59 897
20:38:59 917
20:39:59 907
20:40:59 898
20:42:00 863
20:43:00 878
20:44:00 876
20:45:00 872
20:46:00 875
20:47:02 874
20:48:02 883
20:49:02 884
20:50:02 882
20:51:02 884
20:52:03 884
20:53:03 885
20:54:03 884
20:55:03 888
20:56:03 891
20:57:04 890
20:58:04 889
20:59:04 887
21:00:04 885
21:01:04 887
21:02:05 888
21:03:05 892
21:04:05 901
21:05:05 889
21:06:06 892
21:07:06 891
21:08:06 895
21:09:06 908
21:10:06 900
21:11:06 894
21:12:07 902
21:13:07 902
21:14:07 907
21:15:07 903
21:16:07 905
21:17:08 918
21:18:08 922
21:19:08 932
21:20:09 908
21:21:09 916
21:22:09 917
21:23:09 922
21:24:10 922
21:25:10 926
21:26:10 924
21:27:10 926
21:28:10 926
21:29:11 927
21:30:11 928
21:31:11 930
21:32:12 930
21:33:12 928
21:34:12 897
21:35:12 902
21:36:12 902
21:37:12 906
21:38:13 905
21:39:13 916
21:40:13 918
21:41:13 924
21:42:14 880
21:43:14 884
21:44:14 884
21:45:14 888
21:46:14 890
21:47:15 890
21:48:15 893
21:49:15 896
21:50:15 895
21:51:16 897
21:52:16 911
21:53:16 905
21:54:16 908
21:55:17 908
21:56:17 911
21:57:17 914
21:58:17 917
21:59:18 918
22:00:18 925
22:01:18 926
22:02:18 933
22:03:19 929
22:04:19 932
22:05:19 943
22:06:19 949
22:07:20 950
22:08:20 965
22:09:20 969
22:10:20 971
22:11:21 980
22:12:21 979
22:13:21 978
22:14:21 985
22:15:22 1007
22:16:22 1008
22:17:22 978
22:18:22 985
22:19:23 984
22:20:23 979
22:21:23 979
22:22:23 993
22:23:24 991
22:24:24 989
22:25:24 993
22:26:24 1002
22:27:25 1001
22:28:25 989
22:29:25 988
22:30:25 965
22:31:25 964
22:32:26 964
22:33:26 964
22:34:26 936
22:35:27 938
22:36:27 944
22:37:27 947
22:38:27 950
22:39:28 952
22:40:28 951
22:41:28 956
22:42:29 921
22:43:29 924
22:44:29 923
22:45:29 925
22:46:30 937
22:47:30 939
22:48:30 940
22:49:30 932
22:50:31 932
22:51:31 937
22:52:31 935
22:53:31 936
22:54:32 939
22:55:32 938
22:56:32 948
22:57:32 940
22:58:33 940
22:59:33 942
23:00:33 941
23:01:33 938
23:02:34 939
23:03:34 946
23:04:34 945
23:05:34 941
23:06:35 945
23:07:35 969
23:08:36 970
23:09:36 948
23:10:36 949
23:11:36 944
23:12:36 943
23:13:36 947
23:14:37 942
23:15:37 944
23:16:37 942
23:17:37 943
23:18:38 948
23:19:38 949
23:20:38 949
23:21:39 947
23:22:39 951
23:23:39 951
23:24:39 948
23:25:40 947
23:26:40 946
23:27:40 946
23:28:40 945
23:29:41 944
23:30:41 945
23:31:41 947
23:32:42 964
23:33:42 955
23:34:42 934
23:35:42 933
23:36:43 937
23:37:43 937
23:38:43 938
23:39:43 940
23:40:44 913
23:41:44 927
23:42:44 912
23:43:45 916
23:44:45 923
23:45:45 936
23:46:46 936
23:47:46 943
23:48:47 947
23:49:48 948
23:50:49 944
23:51:49 948
23:52:49 984
23:53:50 978
23:54:50 977
23:55:51 -1
23:56:51 982
23:57:52 977
23:58:52 977
23:59:52 978
