00:02:55 2
00:03:24 6
00:04:23 1
00:05:24 18
00:06:25 1
00:07:28 11
00:08:27 15
02:00:06 -1
02:01:07 0
02:02:07 0
02:03:08 3
02:04:08 22
02:05:08 3
02:06:09 0
02:07:09 -1
02:08:10 0
02:09:10 5
02:10:11 0
02:11:11 0
02:12:12 12
02:13:12 4
02:14:12 0
02:15:13 4
02:16:13 2
02:17:13 12
02:18:14 5
02:19:15 1
02:20:15 0
02:21:15 0
02:22:16 0
02:23:16 0
02:24:17 4
02:25:17 3
02:26:17 1
02:27:18 3
02:28:18 0
02:29:19 9
02:30:19 3
02:31:20 0
02:32:20 0
02:33:21 0
02:34:21 1
02:35:21 11
02:36:22 20
02:37:22 4
02:38:22 1
02:39:23 0
02:40:23 0
02:41:24 -1
02:42:24 9
02:43:24 1
02:44:25 0
02:45:25 18
02:46:26 1
02:47:26 6
02:48:26 1
02:49:27 1
02:50:27 -1
02:51:28 4
02:52:28 0
02:53:28 7
02:54:29 0
02:55:29 11
02:56:30 1
02:57:30 8
02:58:30 3
02:59:31 0
03:00:31 0
03:01:32 4
03:02:32 0
03:03:32 5
03:04:33 0
03:05:33 1
03:06:34 7
03:07:34 1
03:08:35 0
03:09:35 24
03:10:35 0
03:11:36 0
03:12:36 5
03:13:36 11
03:14:37 1
03:15:37 2
03:16:37 1
03:17:38 2
03:18:38 4
03:19:38 22
03:20:39 0
03:21:39 11
03:22:39 9
03:23:40 0
03:24:40 2
03:25:41 1
03:26:41 2
03:27:41 2
03:28:41 0
03:29:42 0
03:30:42 0
03:31:42 1
03:32:43 4
03:33:43 3
03:34:43 1
03:35:44 15
03:36:44 18
03:37:44 2
03:38:45 13
03:39:45 0
03:40:46 0
03:41:46 0
03:42:46 1
03:43:47 1
03:44:47 1
03:45:47 0
03:46:48 0
03:47:48 0
03:48:48 0
03:49:49 1
03:50:49 0
03:51:49 81
03:52:50 5
03:53:50 0
03:54:50 4
03:55:52 22
03:56:51 2
03:57:51 5
03:58:52 0
03:59:52 1
04:00:52 4
04:01:53 0
04:02:53 1
04:03:53 53
04:04:54 0
04:05:54 3
04:06:54 1
04:07:55 7
04:08:55 52
04:09:55 4
04:10:56 4
04:11:56 3
04:12:56 85
04:13:57 0
04:14:57 0
04:15:58 0
04:16:58 1
04:17:58 4
04:18:59 30
04:19:59 1
04:21:00 68
04:21:59 4
04:23:00 4
04:24:00 5
04:25:01 3
04:26:01 1
04:27:01 2
04:28:02 0
04:29:02 1
04:30:02 4
04:31:03 1
04:32:03 8
04:33:03 1
04:34:04 1
04:35:04 0
04:36:04 8
04:37:05 53
04:38:06 2
04:39:06 11
04:40:06 11
04:41:07 16
04:42:07 6
04:43:07 50
04:44:07 24
04:45:08 17
04:46:08 3
04:47:08 3
04:48:09 1
04:49:09 26
04:50:09 1
04:51:10 2
04:52:10 0
04:53:10 -1
04:54:11 0
04:55:11 15
04:56:11 1
04:57:12 1
04:58:12 1
04:59:12 2
05:00:13 4
05:01:13 0
05:02:13 3
05:03:14 2
05:04:14 23
05:05:14 2
05:06:15 1
05:07:15 0
05:08:16 18
05:09:16 23
05:10:16 7
05:11:17 18
05:12:17 3
05:13:17 3
05:14:18 2
05:15:18 0
05:16:18 0
05:17:19 23
05:18:19 0
05:19:19 5
05:20:20 1
05:21:20 1
05:22:21 3
05:23:21 1
05:24:21 9
05:25:22 0
05:26:22 1
05:27:22 0
05:28:23 0
05:29:23 2
05:30:23 0
05:31:24 10
05:32:24 1
05:33:24 5
05:34:25 6
05:35:25 0
05:36:25 12
05:37:26 2
05:38:26 0
05:39:26 0
05:40:27 0
05:41:27 3
05:42:27 4
05:43:28 3
05:44:28 1
05:45:28 2
05:46:29 -1
05:47:29 0
05:48:29 1
05:49:30 0
05:50:30 0
05:51:30 4
05:52:31 0
05:53:31 0
05:54:31 1
05:55:32 2
05:56:32 18
05:57:32 6
05:58:33 1
05:59:33 0
06:00:35 0
06:01:34 0
06:02:35 1
06:03:35 2
06:04:35 1
06:05:36 1
06:06:36 21
06:07:37 0
06:08:37 0
06:09:37 0
06:10:38 1
06:11:38 0
06:12:38 0
06:13:39 2
06:14:39 9
06:15:39 2
06:16:40 26
06:17:40 3
06:18:40 6
06:19:41 3
06:20:41 2
06:21:42 3
06:22:42 33
06:23:42 5
06:24:43 0
06:25:43 6
06:26:43 8
06:27:44 13
06:28:44 2
06:29:44 1
06:30:45 1
06:31:45 1
06:32:45 0
06:33:46 2
06:34:46 2
06:35:46 0
06:36:47 0
06:37:47 1
06:38:47 2
06:39:48 3
06:40:48 6
06:41:48 1
06:42:49 7
06:43:49 0
06:44:49 22
06:45:50 1
06:46:50 5
06:47:50 23
06:48:51 1
06:49:51 0
06:50:51 0
06:51:52 15
06:52:52 1
06:53:52 1
06:54:53 1
06:55:53 1
06:56:53 5
06:57:54 3
06:58:54 1
06:59:54 0
07:00:55 0
07:01:55 -1
07:02:55 2
07:03:56 -1
07:04:56 3
07:05:56 23
07:06:57 24
07:07:57 0
07:08:57 27
07:09:58 3
07:10:58 0
07:11:58 7
07:12:59 4
07:13:59 1
07:14:59 0
07:16:00 1
07:17:00 4
07:18:01 3
07:19:01 0
07:20:01 22
07:21:01 4
07:22:02 4
07:23:02 0
07:24:02 0
07:25:03 0
07:26:03 0
07:27:04 0
07:28:04 4
07:29:04 2
07:30:04 1
07:31:05 11
07:32:06 1
07:33:06 4
07:34:06 1
07:35:07 0
07:36:08 1
07:37:08 25
07:38:09 6
07:39:09 1
07:40:09 18
07:41:09 13
07:42:10 1
07:43:10 13
07:44:10 7
07:45:11 0
07:46:11 0
07:47:11 0
07:48:11 0
07:49:12 1
07:50:12 1
07:51:12 15
07:52:13 0
07:53:13 0
07:54:13 0
07:55:14 0
07:56:14 0
07:57:14 3
07:58:15 0
07:59:15 0
08:00:15 2
08:01:16 1
08:02:16 1
08:03:16 4
08:04:17 4
08:05:17 1
08:06:17 0
08:07:17 0
08:08:18 5
08:09:18 1
08:10:18 5
08:11:19 3
08:12:19 0
08:13:19 6
08:14:20 1
08:15:20 1
08:16:20 2
08:17:21 1
08:18:21 0
08:19:21 0
08:20:22 4
08:21:22 2
08:22:22 5
08:23:23 0
08:24:24 7
08:25:24 3
08:26:24 2
08:27:24 4
08:28:25 0
08:29:25 0
08:30:25 55
08:31:26 4
08:32:26 16
08:33:26 4
08:34:27 0
08:35:27 0
08:36:27 0
08:37:28 0
08:38:28 0
08:39:28 4
08:40:29 22
08:41:29 1
08:42:29 11
08:43:30 20
08:44:30 2
08:45:30 1
08:46:31 0
08:47:31 5
08:48:31 0
08:49:32 10
08:50:32 4
08:51:32 4
08:52:33 2
08:53:33 1
08:54:34 4
08:55:34 0
08:56:35 22
08:57:35 1
08:58:36 0
08:59:36 2
09:00:37 12
09:01:37 2
09:02:37 4
09:03:37 22
09:04:38 6
09:05:38 0
09:06:38 2
09:07:38 0
09:08:39 3
09:09:39 0
09:10:39 11
09:11:39 1
09:12:40 0
09:13:40 15
09:14:40 26
09:15:40 3
09:16:41 3
09:17:41 4
09:18:41 1
09:19:42 0
09:20:42 1
09:21:42 1
09:22:43 2
09:23:43 0
09:24:43 2
09:25:43 0
09:26:44 1
09:27:44 24
09:28:44 1
09:29:44 1
09:30:45 15
09:31:45 17
09:32:46 25
09:33:46 3
09:34:46 12
09:35:46 0
09:36:47 67
09:37:47 21
09:38:48 0
09:39:48 4
09:40:48 5
09:41:49 2
09:42:49 1
09:43:49 3
09:44:49 4
09:45:50 2
09:46:50 11
09:47:50 3
09:48:50 11
09:49:51 0
09:50:51 0
09:51:51 4
09:52:51 0
09:53:51 2
09:54:52 0
09:55:52 0
09:56:52 0
09:57:52 2
09:58:53 1
09:59:53 25
10:00:54 1
10:01:54 4
10:02:54 2
10:03:54 1
10:04:54 0
10:05:54 0
10:06:55 2
10:07:55 26
10:08:55 1
10:09:55 4
10:10:58 4
10:11:56 1
10:12:56 27
10:13:56 3
10:14:57 5
10:15:57 6
10:16:57 18
10:17:57 3
10:18:58 3
10:19:58 0
10:20:59 2
10:21:59 22
10:23:00 1
10:24:01 2
10:25:02 6
10:26:02 11
10:27:03 12
10:28:03 2
10:29:03 4
10:30:04 0
10:31:04 11
10:32:05 5
10:33:05 1
10:34:05 3
10:35:05 18
10:36:05 4
10:37:06 2
10:38:06 4
10:39:07 1
10:40:07 -1
10:41:08 0
10:42:08 5
10:43:09 17
10:44:09 2
10:45:09 1
10:46:10 2
10:47:10 0
10:48:10 24
10:49:10 2
10:50:11 1
10:51:11 29
10:52:12 14
10:53:12 0
10:54:13 2
10:55:13 1
10:56:14 0
10:57:14 24
10:58:18 1
10:59:16 4
11:00:16 2
11:01:16 1
11:02:17 1
11:03:17 2
11:04:17 1
11:05:17 4
11:06:18 2
11:07:18 1
11:08:19 0
11:09:19 1
11:10:19 23
11:11:20 10
11:12:20 21
11:13:20 1
11:14:21 7
11:15:22 2
11:16:22 8
11:17:23 27
11:18:23 0
11:19:23 12
11:20:24 2
11:21:24 2
11:22:24 1
11:23:24 4
11:24:25 2
11:25:25 8
11:26:25 1
11:27:26 22
11:28:26 3
11:29:26 0
11:30:26 0
11:31:26 1
11:32:27 0
11:33:27 9
11:34:28 10
11:35:28 5
11:36:28 0
11:37:29 2
11:38:29 1
11:39:29 1
11:40:30 1
11:41:30 2
11:42:30 2
11:43:30 0
11:44:31 0
11:45:32 18
11:46:32 1
11:47:33 1
11:48:33 1
11:49:34 1
11:50:34 13
11:51:35 4
11:52:35 0
11:53:35 2
11:54:36 0
11:55:36 0
11:56:36 1
11:57:36 1
11:58:37 8
11:59:37 1
12:00:37 1
12:01:38 1
12:02:38 0
12:03:38 2
12:04:38 3
12:05:39 1
12:06:39 4
12:07:39 2
12:08:39 15
12:09:40 1
12:10:40 2
12:11:41 3
12:12:41 1
12:13:41 2
12:14:42 24
12:15:42 0
12:16:43 8
12:17:43 1
12:18:44 4
12:19:44 3
12:20:45 8
12:21:45 3
12:22:45 4
12:23:45 3
12:24:46 2
12:25:46 0
12:26:46 23
12:27:46 0
12:28:47 34
12:29:47 22
12:30:47 1
12:31:48 0
12:32:48 22
12:33:48 5
12:34:48 11
12:35:48 -1
12:36:49 1
12:37:49 24
12:38:49 8
12:39:50 2
12:40:50 3
12:41:50 5
12:42:50 24
12:43:50 0
12:44:51 0
12:45:51 1
12:46:51 2
12:47:51 0
12:48:51 0
12:49:52 2
12:50:53 0
12:51:53 1
12:52:53 11
12:53:53 27
12:54:54 1
12:55:54 2
12:56:54 2
12:57:55 6
12:58:55 0
12:59:55 1
13:00:55 4
13:01:56 3
13:02:56 1
13:03:56 62
13:04:56 6
13:05:57 0
13:06:57 2
13:07:57 7
13:08:57 2
13:09:57 4
13:10:57 1
13:11:58 1
13:12:58 1
13:13:58 31
13:14:58 9
13:15:58 2
13:16:59 0
13:17:59 1
13:18:59 24
13:19:59 0
13:20:59 5
13:22:00 0
13:23:00 1
13:24:01 0
13:25:01 19
13:26:01 8
13:27:01 6
13:28:02 3
13:29:02 27
13:30:02 2
13:31:02 1
13:32:03 1
13:33:03 2
13:34:04 8
13:35:04 0
13:36:04 1
13:37:04 4
13:38:05 1
13:39:05 3
13:40:05 5
13:41:05 0
13:42:06 32
13:43:06 4
13:44:07 0
13:45:07 17
13:46:07 0
13:47:08 22
13:48:09 2
13:49:09 16
13:50:09 2
13:51:10 5
13:52:10 2
13:53:10 1
13:54:10 2
13:55:11 5
13:56:11 0
13:57:11 1
13:58:11 2
13:59:12 0
14:00:12 0
14:01:12 3
14:02:12 2
14:03:12 2
14:04:13 0
14:05:13 24
14:06:13 7
14:07:14 1
14:08:14 2
14:09:15 4
14:10:15 14
14:11:15 0
14:12:16 25
14:13:16 0
14:14:16 4
14:15:16 2
14:16:17 0
14:17:17 3
14:18:17 5
14:19:18 4
14:20:18 1
14:21:18 4
14:22:18 6
14:23:18 2
14:24:19 1
14:25:20 4
14:26:20 2
14:27:20 1
14:28:21 0
14:29:21 1
14:30:21 2
14:31:22 3
14:32:22 21
14:33:22 18
14:34:23 1
14:35:23 0
14:36:23 4
14:37:24 2
14:38:25 2
14:39:25 4
14:40:25 1
14:41:26 22
14:42:26 3
14:43:27 1
14:44:27 0
14:45:28 0
14:46:28 19
14:47:28 16
14:48:29 11
14:49:29 1
14:50:29 1
14:51:30 1
14:52:30 24
14:53:30 2
14:54:31 2
14:55:31 1
14:56:31 1
14:57:31 5
14:58:32 10
14:59:32 4
15:00:32 22
15:01:32 2
15:02:33 6
15:03:33 11
15:04:33 2
15:05:33 0
15:06:33 3
15:07:34 4
15:08:34 1
15:09:34 8
15:10:34 22
15:11:35 18
15:12:36 4
15:13:36 0
15:14:36 12
15:15:36 4
15:16:37 4
15:17:37 0
15:18:38 1
15:19:38 0
15:20:38 12
15:21:38 3
15:22:38 1
15:23:38 3
15:24:39 9
15:25:39 22
15:26:39 16
15:27:39 0
15:28:39 4
15:29:40 1
15:30:40 1
15:31:40 0
15:32:41 0
15:33:41 2
15:34:41 1
15:35:41 14
15:36:42 0
15:37:42 2
15:38:42 22
15:39:42 4
15:40:43 7
15:41:43 3
15:42:43 6
15:43:43 3
15:44:43 0
15:45:44 2
15:46:44 4
15:47:44 1
15:48:44 26
15:49:45 3
15:50:45 1
15:51:45 0
15:52:46 1
15:53:46 2
15:54:46 5
15:55:46 2
15:56:46 1
15:57:47 3
15:58:47 2
15:59:47 0
16:00:47 26
16:01:48 2
16:02:48 10
16:03:48 0
16:04:48 4
16:05:48 31
16:06:49 1
16:07:49 6
16:08:49 1
16:09:49 1
16:10:49 2
16:11:50 7
16:12:50 5
16:13:50 1
16:14:51 5
16:15:51 8
16:16:51 2
16:17:51 0
16:18:51 22
16:19:52 0
16:20:52 2
16:21:52 7
16:22:52 3
16:23:52 1
16:24:53 0
16:25:53 2
16:26:53 18
16:27:53 1
16:28:54 1
16:29:54 0
16:30:54 7
16:31:55 4
16:32:55 4
16:33:56 1
16:34:56 8
16:35:56 27
16:36:56 -1
16:37:56 9
16:38:57 1
16:39:57 10
16:40:57 2
16:41:58 -1
16:42:58 0
16:43:58 15
16:44:58 4
16:45:58 1
16:46:59 4
16:47:59 27
16:48:59 2
16:49:59 4
16:50:59 4
16:52:00 5
16:53:00 2
16:54:00 8
16:55:01 8
16:56:01 4
16:57:01 8
16:58:01 1
16:59:01 1
17:00:02 4
17:01:02 1
17:02:02 12
17:03:03 11
17:04:03 1
17:05:03 0
17:06:04 9
17:07:04 0
17:08:04 7
17:09:04 8
17:10:05 2
17:11:05 0
17:12:05 2
17:13:05 0
17:14:05 3
17:15:06 2
17:16:06 0
17:17:06 8
17:18:06 18
17:19:07 2
17:20:07 4
17:21:07 1
17:22:07 4
17:23:08 2
17:24:09 32
17:25:09 0
17:26:10 0
17:27:10 5
17:28:10 4
17:29:10 4
17:30:11 15
17:31:11 25
17:32:11 1
17:33:12 0
17:34:12 2
17:35:12 0
17:36:12 0
17:37:13 19
17:38:13 1
17:39:14 1
17:40:14 0
17:41:14 1
17:42:14 25
17:43:15 0
17:44:16 2
17:45:16 5
17:46:16 0
17:47:17 0
17:48:17 0
17:49:17 0
17:50:17 3
17:51:18 40
17:52:18 0
17:53:18 5
17:54:18 4
17:55:19 19
17:56:19 5
17:57:19 1
17:58:19 11
17:59:20 0
18:00:20 2
18:01:20 1
18:02:20 0
18:03:21 11
18:04:21 2
18:05:21 33
18:06:21 1
18:07:21 1
18:08:22 1
18:09:22 2
18:10:22 37
18:11:23 1
18:12:23 1
18:13:23 7
18:14:23 22
18:15:24 0
18:16:24 26
18:17:24 1
18:18:24 0
18:19:25 22
18:20:25 6
18:21:25 25
18:22:26 7
18:23:26 3
18:24:26 4
18:25:26 2
18:26:27 3
18:27:27 4
18:28:27 0
18:29:28 10
18:30:28 18
18:31:29 2
18:32:29 35
18:33:29 4
18:34:30 1
18:35:30 33
18:36:30 3
18:37:31 1
18:38:31 1
18:39:31 0
18:40:32 1
18:41:32 18
18:42:32 8
18:43:32 11
18:44:33 2
18:45:33 4
18:46:33 0
18:47:33 4
18:48:33 7
18:49:34 7
18:50:34 1
18:51:34 3
18:52:34 6
18:53:35 4
18:54:36 5
18:55:36 3
18:56:36 3
18:57:36 2
18:58:37 0
18:59:37 2
19:00:37 1
19:01:37 1
19:02:38 0
19:03:38 0
19:04:38 8
19:05:38 1
19:06:38 15
19:07:39 4
19:08:39 2
19:09:39 1
19:10:39 5
19:11:40 2
19:12:40 1
19:13:40 3
19:14:40 4
19:15:41 21
19:16:41 2
19:17:41 1
19:18:41 2
19:19:41 5
19:20:42 1
19:21:42 4
19:22:42 3
19:23:42 2
19:24:43 1
19:25:43 3
19:26:43 1
19:27:43 2
19:28:43 1
19:29:43 1
19:30:44 2
19:31:44 0
19:32:44 3
19:33:45 3
19:34:45 3
19:35:45 4
19:36:46 27
19:37:46 2
19:38:46 1
19:39:46 13
19:40:46 13
19:41:47 4
19:42:47 5
19:43:47 2
19:44:47 8
19:45:47 4
19:46:48 1
19:47:48 0
19:48:48 0
19:49:48 1
19:50:48 4
19:51:49 0
19:52:49 15
19:53:49 1
19:54:49 1
19:55:49 19
19:56:50 2
19:57:50 21
19:58:50 8
19:59:51 20
20:00:51 4
20:01:51 3
20:02:51 26
20:03:51 1
20:04:51 4
20:05:52 8
20:06:52 4
20:07:52 2
20:08:52 0
20:09:53 1
20:10:53 3
20:11:53 1
20:12:53 1
20:13:53 22
20:14:53 4
20:15:54 1
20:16:54 1
20:17:54 0
20:18:54 2
20:19:55 17
20:20:55 4
20:21:55 2
20:22:55 1
20:23:56 1
20:24:56 2
20:25:56 4
20:26:56 7
20:27:57 2
20:28:57 4
20:29:57 0
20:30:57 4
20:31:57 16
20:32:58 3
20:33:58 3
20:34:58 11
20:35:58 4
20:36:58 0
20:37:59 3
20:38:59 4
20:39:59 1
20:40:59 1
20:42:00 15
20:43:00 1
20:44:00 1
20:45:00 1
20:46:00 0
20:47:02 0
20:48:02 4
20:49:02 0
20:50:02 1
20:51:02 0
20:52:03 24
20:53:03 1
20:54:03 1
20:55:03 8
20:56:03 26
20:57:04 2
20:58:04 1
20:59:04 25
21:00:04 2
21:01:04 7
21:02:05 7
21:03:05 0
21:04:05 0
21:05:05 1
21:06:06 0
21:07:06 2
21:08:06 0
21:09:06 4
21:10:06 0
21:11:06 0
21:12:07 0
21:13:07 1
21:14:07 1
21:15:07 25
21:16:07 1
21:17:08 1
21:18:08 2
21:19:08 4
21:20:09 1
21:21:09 2
21:22:09 2
21:23:09 4
21:24:10 22
21:25:10 2
21:26:10 4
21:27:10 1
21:28:10 11
21:29:11 0
21:30:11 0
21:31:11 7
21:32:12 4
21:33:12 1
21:34:12 1
21:35:12 11
21:36:12 4
21:37:12 12
21:38:13 1
21:39:13 1
21:40:13 0
21:41:13 1
21:42:14 4
21:43:14 1
21:44:14 4
21:45:14 0
21:46:14 2
21:47:15 0
21:48:15 0
21:49:15 1
21:50:15 21
21:51:16 1
21:52:16 2
21:53:16 1
21:54:16 4
21:55:17 1
21:56:17 1
21:57:17 1
21:58:17 2
21:59:18 0
22:00:18 1
22:01:18 29
22:02:18 20
22:03:19 0
22:04:19 2
22:05:19 4
22:06:19 0
22:07:20 1
22:08:20 4
22:09:20 2
22:10:20 4
22:11:21 4
22:12:21 5
22:13:21 0
22:14:21 1
22:15:22 4
22:16:22 4
22:17:22 0
22:18:22 7
22:19:23 0
22:20:23 0
22:21:23 1
22:22:23 3
22:23:24 25
22:24:24 5
22:25:24 26
22:26:24 6
22:27:25 11
22:28:25 4
22:29:25 19
22:30:25 2
22:31:25 0
22:32:26 0
22:33:26 1
22:34:26 4
22:35:27 2
22:36:27 2
22:37:27 14
22:38:27 8
22:39:28 4
22:40:28 29
22:41:28 2
22:42:29 18
22:43:29 2
22:44:29 0
22:45:29 4
22:46:30 4
22:47:30 1
22:48:30 1
22:49:30 22
22:50:31 3
22:51:31 7
22:52:31 1
22:53:31 5
22:54:32 0
22:55:32 0
22:56:32 9
22:57:32 5
22:58:33 19
22:59:33 1
23:00:33 4
23:01:33 2
23:02:34 0
23:03:34 4
23:04:34 0
23:05:34 0
23:06:35 2
23:07:35 0
23:08:36 37
23:09:36 0
23:10:36 0
23:11:36 4
23:12:36 4
23:13:36 3
23:14:37 4
23:15:37 23
23:16:37 1
23:17:37 1
23:18:38 2
23:19:38 15
23:20:38 6
23:21:39 1
23:22:39 1
23:23:39 3
23:24:39 0
23:25:40 15
23:26:40 15
23:27:40 0
23:28:40 2
23:29:41 1
23:30:41 25
23:31:41 14
23:32:42 0
23:33:42 13
23:34:42 0
23:35:42 7
23:36:43 0
23:37:43 1
23:38:43 0
23:39:43 0
23:40:44 9
23:41:44 29
23:42:44 2
23:43:45 2
23:44:45 4
23:45:45 54
23:46:46 2
23:47:46 2
23:48:47 16
23:49:48 1
23:50:49 13
23:51:49 1
23:52:49 1
23:53:50 34
23:54:50 7
23:55:51 -1
23:56:51 4
23:57:52 31
23:58:52 15
23:59:52 1
