00:00:02 4 0 38
00:00:39 4 0 40
00:01:12 4 0 44
00:01:58 4 0 43
00:02:29 4 0 38
00:02:55 4 0 41
00:03:24 4 0 42
00:03:41 4 0 40
00:04:18 4 0 40
00:04:48 4 0 41
00:05:18 4 0 41
00:05:57 4 0 41
00:06:20 4 0 40
00:06:50 4 0 40
00:07:28 4 0 53
00:07:52 4 0 40
00:08:22 4 0 41
02:00:05 4 0 39
02:00:34 4 0 40
02:01:04 4 0 40
02:01:34 4 0 39
02:02:04 4 0 38
02:02:34 4 0 41
02:03:05 4 0 39
02:03:35 4 0 38
02:04:05 4 0 41
02:04:35 4 0 41
02:05:05 4 0 38
02:05:36 4 0 39
02:06:06 4 0 41
02:06:36 4 0 40
02:07:06 4 0 40
02:07:37 4 0 37
02:08:07 4 0 40
02:08:37 4 0 41
02:09:07 4 0 40
02:09:38 4 0 39
02:10:08 4 0 39
02:10:38 4 0 38
02:11:08 4 0 39
02:11:38 4 0 38
02:12:08 4 0 40
02:12:39 4 0 37
02:13:09 4 0 41
02:13:39 4 0 41
02:14:09 4 0 39
02:14:40 4 0 42
02:15:10 4 0 40
02:15:40 4 0 40
02:16:11 3 1 39
02:16:40 4 0 38
02:17:10 4 0 41
02:17:41 4 0 41
02:18:11 4 0 40
02:18:42 4 0 60
02:19:12 4 0 41
02:19:42 4 0 39
02:20:12 4 0 38
02:20:42 4 0 39
02:21:12 4 0 41
02:21:43 4 0 41
02:22:13 4 0 39
02:22:43 4 0 39
02:23:13 4 0 41
02:23:43 4 0 38
02:24:14 4 0 41
02:24:44 4 0 38
02:25:14 4 0 41
02:25:44 4 0 39
02:26:14 4 0 39
02:26:45 4 0 40
02:27:15 4 0 41
02:27:45 4 0 41
02:28:15 4 0 40
02:28:46 4 0 40
02:29:16 4 0 39
02:29:46 4 0 38
02:30:16 4 0 40
02:30:46 4 0 41
02:31:17 4 0 38
02:31:47 4 0 40
02:32:17 4 0 39
02:32:47 4 0 41
02:33:17 4 0 40
02:33:48 4 0 41
02:34:18 4 0 40
02:34:48 4 0 41
02:35:18 4 0 41
02:35:48 4 0 41
02:36:19 4 0 39
02:36:49 4 0 40
02:37:19 4 0 38
02:37:49 4 0 39
02:38:19 4 0 41
02:38:50 4 0 39
02:39:20 4 0 41
02:39:50 4 0 40
02:40:20 4 0 40
02:40:50 4 0 40
02:41:21 4 0 69
02:41:51 4 0 39
02:42:21 4 0 39
02:42:51 4 0 41
02:43:21 4 0 40
02:43:52 4 0 40
02:44:22 4 0 40
02:44:52 4 0 41
02:45:22 4 0 41
02:45:52 4 0 41
02:46:22 4 0 41
02:46:53 4 0 38
02:47:23 4 0 41
02:47:54 3 1 41
02:48:23 4 0 57
02:48:54 4 0 40
02:49:24 4 0 37
02:49:54 4 0 36
02:50:24 4 0 41
02:50:54 4 0 40
02:51:24 4 0 40
02:51:55 4 0 41
02:52:25 4 0 41
02:52:55 4 0 37
02:53:25 4 0 41
02:53:56 4 0 39
02:54:26 4 0 42
02:54:56 4 0 41
02:55:26 4 0 40
02:55:56 4 0 39
02:56:26 4 0 40
02:56:57 4 0 40
02:57:27 4 0 39
02:57:57 4 0 41
02:58:27 4 0 41
02:58:58 4 0 40
02:59:28 4 0 40
02:59:58 4 0 40
03:00:28 4 0 41
03:00:58 4 0 39
03:01:28 4 0 40
03:01:59 4 0 39
03:02:29 4 0 41
03:02:59 4 0 40
03:03:29 4 0 40
03:04:00 4 0 43
03:04:30 4 0 41
03:05:00 4 0 40
03:05:30 4 0 39
03:06:01 4 0 38
03:06:31 4 0 41
03:07:01 4 0 40
03:07:31 4 0 41
03:08:02 4 0 44
03:08:33 4 0 40
03:09:03 4 0 39
03:09:33 4 0 42
03:10:03 4 0 41
03:10:33 4 0 40
03:11:04 4 0 41
03:11:34 4 0 39
03:12:04 4 0 41
03:12:34 4 0 37
03:13:04 4 0 40
03:13:34 4 0 38
03:14:05 4 0 39
03:14:35 4 0 40
03:15:05 4 0 38
03:15:35 4 0 40
03:16:05 4 0 39
03:16:35 4 0 38
03:17:06 4 0 41
03:17:36 4 0 40
03:18:06 4 0 43
03:18:36 4 0 38
03:19:06 4 0 40
03:19:36 4 0 40
03:20:07 4 0 39
03:20:37 4 0 41
03:21:07 4 0 40
03:21:37 4 0 39
03:22:07 4 0 40
03:22:37 4 0 40
03:23:08 4 0 39
03:23:38 4 0 40
03:24:08 4 0 40
03:24:38 4 0 41
03:25:08 4 0 40
03:25:38 4 0 39
03:26:09 4 0 40
03:26:39 4 0 39
03:27:09 4 0 39
03:27:39 4 0 39
03:28:09 4 0 39
03:28:39 4 0 40
03:29:10 4 0 37
03:29:40 4 0 38
03:30:10 4 0 38
03:30:40 4 0 37
03:31:10 4 0 41
03:31:40 4 0 39
03:32:11 4 0 41
03:32:41 4 0 41
03:33:11 4 0 38
03:33:41 4 0 39
03:34:11 4 0 39
03:34:41 4 0 38
03:35:12 4 0 39
03:35:42 4 0 41
03:36:12 4 0 40
03:36:42 4 0 37
03:37:12 4 0 40
03:37:42 4 0 40
03:38:13 4 0 41
03:38:43 4 0 39
03:39:13 4 0 41
03:39:43 4 0 41
03:40:13 4 0 39
03:40:44 4 0 39
03:41:14 4 0 40
03:41:44 4 0 41
03:42:14 4 0 40
03:42:44 4 0 40
03:43:15 4 0 41
03:43:45 4 0 42
03:44:15 4 0 39
03:44:45 4 0 40
03:45:15 4 0 38
03:45:45 4 0 38
03:46:16 4 0 39
03:46:46 4 0 41
03:47:16 4 0 40
03:47:46 4 0 40
03:48:16 4 0 35
03:48:46 4 0 35
03:49:17 4 0 34
03:49:47 4 0 39
03:50:17 4 0 41
03:50:47 4 0 41
03:51:17 4 0 41
03:51:47 4 0 38
03:52:18 4 0 40
03:52:48 4 0 41
03:53:18 4 0 39
03:53:48 4 0 39
03:54:18 4 0 38
03:54:48 4 0 39
03:55:19 4 0 41
03:55:49 4 0 40
03:56:19 4 0 39
03:56:49 4 0 42
03:57:19 4 0 40
03:57:49 4 0 41
03:58:20 4 0 37
03:58:50 3 1 41
03:59:20 4 0 40
03:59:50 4 0 40
04:00:20 4 0 40
04:00:50 4 0 40
04:01:21 4 0 35
04:01:51 4 0 40
04:02:21 4 0 39
04:02:51 4 0 44
04:03:21 4 0 41
04:03:51 4 0 40
04:04:22 4 0 37
04:04:52 4 0 41
04:05:22 4 0 41
04:05:52 4 0 40
04:06:22 4 0 40
04:06:52 4 0 39
04:07:23 4 0 40
04:07:53 4 0 40
04:08:23 4 0 39
04:08:53 4 0 38
04:09:23 4 0 40
04:09:53 4 0 40
04:10:24 4 0 41
04:10:54 4 0 43
04:11:24 4 0 40
04:11:54 4 0 38
04:12:24 4 0 40
04:12:54 4 0 38
04:13:25 4 0 38
04:13:55 4 0 37
04:14:25 4 0 40
04:14:55 4 0 40
04:15:25 4 0 39
04:15:55 4 0 40
04:16:26 4 0 38
04:16:56 4 0 39
04:17:26 4 0 38
04:17:56 4 0 40
04:18:26 4 0 41
04:18:56 4 0 38
04:19:27 4 0 39
04:19:57 4 0 41
04:20:27 4 0 40
04:20:57 4 0 40
04:21:27 4 0 41
04:21:57 4 0 39
04:22:28 4 0 41
04:22:58 4 0 40
04:23:28 4 0 57
04:23:58 4 0 40
04:24:28 4 0 37
04:24:58 4 0 38
04:25:29 4 0 40
04:25:59 4 0 41
04:26:29 4 0 41
04:26:59 4 0 39
04:27:29 4 0 41
04:27:59 4 0 38
04:28:30 4 0 41
04:29:00 4 0 39
04:29:30 4 0 38
04:30:00 4 0 41
04:30:31 4 0 39
04:31:01 4 0 40
04:31:31 4 0 40
04:32:01 4 0 40
04:32:31 4 0 41
04:33:01 4 0 38
04:33:32 4 0 38
04:34:02 4 0 41
04:34:32 4 0 41
04:35:02 4 0 38
04:35:32 4 0 41
04:36:02 4 0 37
04:36:33 4 0 38
04:37:03 4 0 38
04:37:33 4 0 40
04:38:03 4 0 38
04:38:33 4 0 41
04:39:03 4 0 41
04:39:34 4 0 41
04:40:04 4 0 40
04:40:34 4 0 40
04:41:04 4 0 40
04:41:34 4 0 40
04:42:05 4 0 40
04:42:35 4 0 39
04:43:05 4 0 39
04:43:35 4 0 40
04:44:05 4 0 40
04:44:36 4 0 39
04:45:06 4 0 41
04:45:36 4 0 41
04:46:06 4 0 41
04:46:36 4 0 41
04:47:06 4 0 37
04:47:37 4 0 40
04:48:07 4 0 38
04:48:37 4 0 40
04:49:07 4 0 41
04:49:37 4 0 39
04:50:07 4 0 39
04:50:38 4 0 40
04:51:08 4 0 40
04:51:38 4 0 41
04:52:08 4 0 41
04:52:38 4 0 40
04:53:08 4 0 37
04:53:39 4 0 40
04:54:09 4 0 37
04:54:39 4 0 40
04:55:09 4 0 41
04:55:39 4 0 68
04:56:09 4 0 41
04:56:40 4 0 39
04:57:10 4 0 39
04:57:40 4 0 41
04:58:10 4 0 37
04:58:40 4 0 39
04:59:10 4 0 41
04:59:41 4 0 39
05:00:11 4 0 39
05:00:41 4 0 41
05:01:11 4 0 38
05:01:41 4 0 41
05:02:11 4 0 38
05:02:42 4 0 40
05:03:12 4 0 41
05:03:42 4 0 41
05:04:12 4 0 37
05:04:42 4 0 43
05:05:12 4 0 41
05:05:43 4 0 40
05:06:13 4 0 41
05:06:43 4 0 39
05:07:13 4 0 40
05:07:43 4 0 41
05:08:13 4 0 38
05:08:44 4 0 41
05:09:14 4 0 40
05:09:44 4 0 38
05:10:14 4 0 41
05:10:44 4 0 40
05:11:14 4 0 38
05:11:45 4 0 65
05:12:15 4 0 40
05:12:45 4 0 41
05:13:15 4 0 41
05:13:46 4 0 56
05:14:15 4 0 39
05:14:46 4 0 68
05:15:16 4 0 40
05:15:46 4 0 39
05:16:16 4 0 42
05:16:47 4 0 41
05:17:17 4 0 41
05:17:47 4 0 41
05:18:17 4 0 40
05:18:47 4 0 38
05:19:17 4 0 39
05:19:48 4 0 40
05:20:18 4 0 35
05:20:48 4 0 41
05:21:18 4 0 39
05:21:48 4 0 40
05:22:18 4 0 40
05:22:49 4 0 39
05:23:19 4 0 35
05:23:49 4 0 40
05:24:19 4 0 39
05:24:49 4 0 40
05:25:19 4 0 41
05:25:50 4 0 39
05:26:20 4 0 38
05:26:50 4 0 41
05:27:20 4 0 74
05:27:50 4 0 41
05:28:21 4 0 38
05:28:51 4 0 38
05:29:21 4 0 38
05:29:51 4 0 39
05:30:21 4 0 41
05:30:51 4 0 40
05:31:22 4 0 38
05:31:52 4 0 41
05:32:22 4 0 41
05:32:52 4 0 40
05:33:22 4 0 41
05:33:52 4 0 38
05:34:23 4 0 41
05:34:53 4 0 39
05:35:23 4 0 39
05:35:53 4 0 40
05:36:23 4 0 39
05:36:53 4 0 41
05:37:23 4 0 40
05:37:54 4 0 41
05:38:26 2 2 40
05:38:54 4 0 39
05:39:25 3 1 41
05:39:54 4 0 38
05:40:25 4 0 37
05:40:55 4 0 41
05:41:25 4 0 41
05:41:55 4 0 40
05:42:25 4 0 39
05:42:56 4 0 40
05:43:26 4 0 38
05:43:56 4 0 40
05:44:26 4 0 38
05:44:56 4 0 41
05:45:26 4 0 41
05:45:57 4 0 39
05:46:27 4 0 39
05:46:57 4 0 39
05:47:27 4 0 40
05:47:57 4 0 38
05:48:27 4 0 37
05:48:58 4 0 38
05:49:28 4 0 39
05:49:58 4 0 41
05:50:28 4 0 41
05:50:58 4 0 39
05:51:28 4 0 37
05:51:59 4 0 38
05:52:29 4 0 41
05:52:59 4 0 40
05:53:29 4 0 40
05:53:59 4 0 40
05:54:29 4 0 41
05:55:00 4 0 41
05:55:30 4 0 39
05:56:00 4 0 39
05:56:30 4 0 38
05:57:00 4 0 40
05:57:30 4 0 40
05:58:01 4 0 38
05:58:31 4 0 39
05:59:01 4 0 41
05:59:31 4 0 41
06:00:02 4 0 39
06:00:32 4 0 40
06:01:02 4 0 41
06:01:32 4 0 40
06:02:02 4 0 41
06:02:32 4 0 41
06:03:03 4 0 40
06:03:33 4 0 39
06:04:03 4 0 39
06:04:33 4 0 40
06:05:04 4 0 40
06:05:34 4 0 39
06:06:04 4 0 43
06:06:34 4 0 40
06:07:04 4 0 39
06:07:34 4 0 41
06:08:05 4 0 41
06:08:35 4 0 38
06:09:05 4 0 40
06:09:35 4 0 38
06:10:05 4 0 41
06:10:36 4 0 39
06:11:06 4 0 40
06:11:36 4 0 36
06:12:06 4 0 38
06:12:36 4 0 38
06:13:07 4 0 38
06:13:37 4 0 38
06:14:08 3 1 41
06:14:37 4 0 44
06:15:07 4 0 42
06:15:37 4 0 38
06:16:08 4 0 39
06:16:38 4 0 35
06:17:08 4 0 33
06:17:38 4 0 32
06:18:08 4 0 42
06:18:38 4 0 68
06:19:09 4 0 39
06:19:39 4 0 39
06:20:09 4 0 41
06:20:39 4 0 39
06:21:09 4 0 38
06:21:39 4 0 41
06:22:10 4 0 41
06:22:40 4 0 41
06:23:10 4 0 39
06:23:40 4 0 40
06:24:10 4 0 38
06:24:40 4 0 40
06:25:11 4 0 40
06:25:41 4 0 52
06:26:11 4 0 39
06:26:41 4 0 40
06:27:11 4 0 40
06:27:41 4 0 40
06:28:12 4 0 40
06:28:42 4 0 38
06:29:12 4 0 39
06:29:42 4 0 40
06:30:12 4 0 39
06:30:43 4 0 41
06:31:13 4 0 41
06:31:43 4 0 39
06:32:13 4 0 41
06:32:43 4 0 39
06:33:14 4 0 38
06:33:44 4 0 40
06:34:14 4 0 40
06:34:44 4 0 38
06:35:14 4 0 39
06:35:44 4 0 40
06:36:15 4 0 39
06:36:45 4 0 37
06:37:15 4 0 39
06:37:45 4 0 38
06:38:15 4 0 39
06:38:45 4 0 41
06:39:17 3 1 39
06:39:46 4 0 39
06:40:16 4 0 40
06:40:46 4 0 41
06:41:16 4 0 39
06:41:46 4 0 40
06:42:17 4 0 40
06:42:47 4 0 41
06:43:17 4 0 41
06:43:47 4 0 41
06:44:17 4 0 41
06:44:47 4 0 41
06:45:18 4 0 40
06:45:48 4 0 38
06:46:18 4 0 38
06:46:48 4 0 40
06:47:18 4 0 41
06:47:48 4 0 38
06:48:19 4 0 38
06:48:49 4 0 41
06:49:19 4 0 40
06:49:49 4 0 41
06:50:19 4 0 40
06:50:49 4 0 39
06:51:20 4 0 38
06:51:50 4 0 40
06:52:20 4 0 39
06:52:50 4 0 40
06:53:20 4 0 40
06:53:50 4 0 39
06:54:21 4 0 41
06:54:51 4 0 40
06:55:21 4 0 40
06:55:51 4 0 56
06:56:21 4 0 38
06:56:51 4 0 41
06:57:22 4 0 37
06:57:52 4 0 41
06:58:22 4 0 40
06:58:52 4 0 40
06:59:22 4 0 41
06:59:52 4 0 39
07:00:23 4 0 41
07:00:53 4 0 39
07:01:23 4 0 39
07:01:53 4 0 39
07:02:23 4 0 41
07:02:53 4 0 41
07:03:24 4 0 40
07:03:54 4 0 39
07:04:24 4 0 39
07:04:55 3 1 39
07:05:24 4 0 38
07:05:54 4 0 39
07:06:25 4 0 39
07:06:55 4 0 38
07:07:25 4 0 38
07:07:55 4 0 39
07:08:25 4 0 41
07:08:55 4 0 41
07:09:26 4 0 41
07:09:56 4 0 41
07:10:26 4 0 40
07:10:56 4 0 41
07:11:26 4 0 40
07:11:56 4 0 65
07:12:27 4 0 41
07:12:57 4 0 41
07:13:27 4 0 41
07:13:57 4 0 40
07:14:27 4 0 39
07:14:57 4 0 38
07:15:28 4 0 41
07:15:58 4 0 41
07:16:28 4 0 41
07:16:58 4 0 37
07:17:28 4 0 41
07:17:58 4 0 41
07:18:29 4 0 41
07:18:59 4 0 40
07:19:29 4 0 40
07:19:59 4 0 40
07:20:29 4 0 38
07:20:59 4 0 39
07:21:30 4 0 38
07:22:00 4 0 40
07:22:30 4 0 39
07:23:00 4 0 38
07:23:30 4 0 39
07:24:00 4 0 39
07:24:31 4 0 41
07:25:01 4 0 40
07:25:31 4 0 40
07:26:01 4 0 41
07:26:32 4 0 46
07:27:02 4 0 41
07:27:33 4 0 40
07:28:03 4 0 39
07:28:33 4 0 39
07:29:03 4 0 38
07:29:33 4 0 41
07:30:03 4 0 40
07:30:34 4 0 41
07:31:04 4 0 40
07:31:34 4 0 41
07:32:04 4 0 41
07:32:35 4 0 40
07:33:05 4 0 40
07:33:35 4 0 41
07:34:05 4 0 41
07:34:35 4 0 42
07:35:06 4 0 41
07:35:36 4 0 41
07:36:07 4 0 40
07:36:37 4 0 38
07:37:07 4 0 59
07:37:37 4 0 40
07:38:07 4 0 41
07:38:38 4 0 63
07:39:08 4 0 41
07:39:38 4 0 38
07:40:08 4 0 41
07:40:38 4 0 39
07:41:08 4 0 42
07:41:39 4 0 39
07:42:09 4 0 39
07:42:39 4 0 37
07:43:09 4 0 41
07:43:39 4 0 39
07:44:09 4 0 40
07:44:39 4 0 40
07:45:10 4 0 42
07:45:40 4 0 41
07:46:10 4 0 38
07:46:40 4 0 39
07:47:10 4 0 40
07:47:40 4 0 40
07:48:10 4 0 40
07:48:41 4 0 40
07:49:11 4 0 40
07:49:41 4 0 40
07:50:11 4 0 41
07:50:41 4 0 68
07:51:11 4 0 42
07:51:42 4 0 40
07:52:12 4 0 38
07:52:42 4 0 38
07:53:12 4 0 39
07:53:42 4 0 41
07:54:12 4 0 42
07:54:43 4 0 41
07:55:13 4 0 43
07:55:43 4 0 40
07:56:13 4 0 57
07:56:43 4 0 40
07:57:13 4 0 41
07:57:44 4 0 43
07:58:14 4 0 40
07:58:44 4 0 40
07:59:14 4 0 43
07:59:44 4 0 40
08:00:14 4 0 39
08:00:45 4 0 38
08:01:15 4 0 39
08:01:45 4 0 41
08:02:15 4 0 40
08:02:45 4 0 42
08:03:15 4 0 40
08:03:45 4 0 40
08:04:16 4 0 41
08:04:46 4 0 39
08:05:16 4 0 39
08:05:46 4 0 40
08:06:16 4 0 42
08:06:46 4 0 38
08:07:16 4 0 38
08:07:47 4 0 41
08:08:17 4 0 42
08:08:47 4 0 39
08:09:17 4 0 41
08:09:47 4 0 41
08:10:17 4 0 37
08:10:47 4 0 39
08:11:18 4 0 40
08:11:48 4 0 41
08:12:18 4 0 39
08:12:48 4 0 39
08:13:18 4 0 41
08:13:48 4 0 37
08:14:19 4 0 40
08:14:49 4 0 38
08:15:19 4 0 41
08:15:49 4 0 39
08:16:19 4 0 42
08:16:49 4 0 39
08:17:19 4 0 40
08:17:50 4 0 41
08:18:20 4 0 39
08:18:50 4 0 56
08:19:20 4 0 42
08:19:50 4 0 41
08:20:21 4 0 39
08:20:51 4 0 39
08:21:21 4 0 41
08:21:51 4 0 41
08:22:21 4 0 41
08:22:52 4 0 42
08:23:22 4 0 41
08:23:52 4 0 41
08:24:22 4 0 40
08:24:53 4 0 39
08:25:23 4 0 40
08:25:53 4 0 40
08:26:23 4 0 39
08:26:53 4 0 39
08:27:23 4 0 40
08:27:54 4 0 41
08:28:24 4 0 41
08:28:54 4 0 39
08:29:24 4 0 41
08:29:54 4 0 38
08:30:24 4 0 40
08:30:55 4 0 41
08:31:25 4 0 40
08:31:55 4 0 39
08:32:25 4 0 42
08:32:55 4 0 39
08:33:25 4 0 37
08:33:56 4 0 39
08:34:26 4 0 41
08:34:56 4 0 42
08:35:26 4 0 40
08:35:56 4 0 40
08:36:26 4 0 42
08:36:57 4 0 40
08:37:27 4 0 41
08:37:57 4 0 38
08:38:27 4 0 42
08:38:57 4 0 41
08:39:27 4 0 40
08:39:57 4 0 39
08:40:28 4 0 41
08:40:58 4 0 38
08:41:28 4 0 39
08:41:58 4 0 39
08:42:28 4 0 42
08:42:59 4 0 41
08:43:30 4 0 40
08:44:00 4 0 40
08:44:30 4 0 41
08:45:00 4 0 40
08:45:31 4 0 40
08:46:01 4 0 38
08:46:31 4 0 40
08:47:01 4 0 41
08:47:31 4 0 40
08:48:01 4 0 38
08:48:32 4 0 41
08:49:02 4 0 41
08:49:32 4 0 40
08:50:02 4 0 38
08:50:32 4 0 41
08:51:02 4 0 38
08:51:33 4 0 39
08:52:03 4 0 41
08:52:33 4 0 41
08:53:03 4 0 38
08:53:33 4 0 41
08:54:03 4 0 40
08:54:34 3 1 41
08:55:04 4 0 43
08:55:35 4 0 41
08:56:06 4 0 41
08:56:36 4 0 39
08:57:06 4 0 41
08:57:36 4 0 40
08:58:06 4 0 41
08:58:37 4 0 41
08:59:07 4 0 39
08:59:37 4 0 41
09:00:07 4 0 38
09:00:38 4 0 39
09:01:08 4 0 40
09:01:38 4 0 40
09:02:08 4 0 39
09:02:39 3 1 92
09:03:10 3 1 83
09:03:38 4 0 50
09:04:08 4 0 41
09:04:39 4 0 40
09:05:09 4 0 40
09:05:39 4 0 40
09:06:09 4 0 38
09:06:40 3 1 40
09:07:09 4 0 39
09:07:39 4 0 41
09:08:09 4 0 38
09:08:40 4 0 41
09:09:10 4 0 38
09:09:40 4 0 37
09:10:10 4 0 39
09:10:40 4 0 38
09:11:10 4 0 39
09:11:41 3 1 40
09:12:10 4 0 39
09:12:41 4 0 39
09:13:11 4 0 40
09:13:41 4 0 49
09:14:11 4 0 40
09:14:42 3 1 40
09:15:11 4 0 38
09:15:41 4 0 41
09:16:11 4 0 38
09:16:42 4 0 39
09:17:12 4 0 40
09:17:42 4 0 40
09:18:12 4 0 41
09:18:43 4 0 38
09:19:13 4 0 40
09:19:43 4 0 39
09:20:13 4 0 40
09:20:43 4 0 39
09:21:13 4 0 40
09:21:43 4 0 41
09:22:14 4 0 69
09:22:44 4 0 42
09:23:14 4 0 40
09:23:44 4 0 40
09:24:14 4 0 38
09:24:44 4 0 39
09:25:14 4 0 41
09:25:44 4 0 37
09:26:15 4 0 40
09:26:45 4 0 39
09:27:15 4 0 74
09:27:45 4 0 38
09:28:15 4 0 39
09:28:45 4 0 39
09:29:15 4 0 41
09:29:46 4 0 41
09:30:16 4 0 41
09:30:46 4 0 40
09:31:16 4 0 41
09:31:46 4 0 40
09:32:16 4 0 38
09:32:47 4 0 39
09:33:17 4 0 40
09:33:47 4 0 40
09:34:17 4 0 39
09:34:47 4 0 40
09:35:17 4 0 38
09:35:47 4 0 41
09:36:18 4 0 40
09:36:48 4 0 39
09:37:18 4 0 56
09:37:48 4 0 41
09:38:18 4 0 43
09:38:49 4 0 41
09:39:19 4 0 41
09:39:49 4 0 41
09:40:19 4 0 40
09:40:49 4 0 38
09:41:20 4 0 39
09:41:50 4 0 41
09:42:20 4 0 40
09:42:50 4 0 40
09:43:20 4 0 40
09:43:50 4 0 38
09:44:20 4 0 37
09:44:51 4 0 40
09:45:21 4 0 40
09:45:51 4 0 39
09:46:21 4 0 41
09:46:51 4 0 41
09:47:21 4 0 38
09:47:51 4 0 39
09:48:21 4 0 39
09:48:52 4 0 41
09:49:22 4 0 37
09:49:52 4 0 45
09:50:22 4 0 40
09:50:52 4 0 40
09:51:22 4 0 39
09:51:52 4 0 40
09:52:22 4 0 40
09:52:52 4 0 40
09:53:22 4 0 40
09:53:53 4 0 39
09:54:23 4 0 41
09:54:53 4 0 39
09:55:23 4 0 39
09:55:53 4 0 39
09:56:23 4 0 41
09:56:53 4 0 41
09:57:23 4 0 43
09:57:54 4 0 39
09:58:24 4 0 40
09:58:54 4 0 39
09:59:24 4 0 39
09:59:54 4 0 34
10:00:24 4 0 35
10:00:54 4 0 85
10:01:24 4 0 34
10:01:55 4 0 34
10:02:25 4 0 35
10:02:55 4 0 35
10:03:25 4 0 33
10:03:55 4 0 33
10:04:25 4 0 43
10:04:55 4 0 38
10:05:25 4 0 41
10:05:55 4 0 41
10:06:26 4 0 38
10:06:56 4 0 40
10:07:26 4 0 39
10:07:56 4 0 38
10:08:26 4 0 32
10:08:56 4 0 33
10:09:26 4 0 35
10:09:56 4 0 39
10:10:26 4 0 36
10:10:57 4 0 36
10:11:27 4 0 40
10:11:57 4 0 69
10:12:27 4 0 95
10:12:57 4 0 67
10:13:27 4 0 70
10:13:58 4 0 71
10:14:29 3 1 85
10:14:58 4 0 67
10:15:28 4 0 66
10:15:58 4 0 84
10:16:28 4 0 70
10:17:00 3 1 87
10:17:29 4 0 91
10:17:59 4 0 82
10:18:29 4 0 70
10:18:59 4 0 71
10:19:29 4 0 70
10:20:00 3 1 73
10:20:30 3 1 80
10:21:01 3 1 74
10:21:31 3 1 81
10:22:01 4 0 75
10:22:31 4 0 71
10:23:01 4 0 76
10:23:31 4 0 80
10:24:02 4 0 79
10:24:33 4 0 80
10:25:03 4 0 41
10:25:33 4 0 39
10:26:03 4 0 40
10:26:35 3 1 54
10:27:05 4 0 42
10:27:35 4 0 43
10:28:05 4 0 40
10:28:35 4 0 40
10:29:06 4 0 39
10:29:36 4 0 40
10:30:06 4 0 39
10:30:36 4 0 39
10:31:06 4 0 38
10:31:36 4 0 69
10:32:06 4 0 40
10:32:37 4 0 40
10:33:07 4 0 39
10:33:37 4 0 39
10:34:07 4 0 42
10:34:37 4 0 40
10:35:07 4 0 40
10:35:37 4 0 40
10:36:07 4 0 39
10:36:38 4 0 41
10:37:08 4 0 41
10:37:38 4 0 40
10:38:08 4 0 39
10:38:39 4 0 38
10:39:09 4 0 37
10:39:39 4 0 38
10:40:10 4 0 90
10:40:40 4 0 41
10:41:10 4 0 40
10:41:40 4 0 40
10:42:11 3 1 37
10:42:41 4 0 42
10:43:12 3 1 42
10:43:41 4 0 41
10:44:11 4 0 39
10:44:41 4 0 39
10:45:11 4 0 41
10:45:41 4 0 39
10:46:12 4 0 41
10:46:42 4 0 38
10:47:12 4 0 38
10:47:42 4 0 39
10:48:12 4 0 40
10:48:42 4 0 40
10:49:13 4 0 40
10:49:43 4 0 39
10:50:13 4 0 40
10:50:43 4 0 38
10:51:14 4 0 41
10:51:44 4 0 41
10:52:14 4 0 43
10:52:44 4 0 40
10:53:14 4 0 40
10:53:44 4 0 40
10:54:15 4 0 39
10:54:45 4 0 37
10:55:15 4 0 43
10:55:45 4 0 39
10:56:16 4 0 40
10:56:46 4 0 37
10:57:16 4 0 39
10:57:47 4 0 45
10:58:17 4 0 41
10:58:47 4 0 40
10:59:18 4 0 39
10:59:48 4 0 40
11:00:18 4 0 68
11:00:48 4 0 39
11:01:18 4 0 41
11:01:49 4 0 50
11:02:19 4 0 40
11:02:49 4 0 42
11:03:19 4 0 41
11:03:49 4 0 38
11:04:19 4 0 37
11:04:49 4 0 41
11:05:20 4 0 39
11:05:50 4 0 41
11:06:20 4 0 41
11:06:50 4 0 38
11:07:21 4 0 38
11:07:51 4 0 40
11:08:21 4 0 40
11:08:51 4 0 41
11:09:21 4 0 41
11:09:51 4 0 38
11:10:22 4 0 40
11:10:52 4 0 41
11:11:22 4 0 40
11:11:52 4 0 39
11:12:22 4 0 41
11:12:52 4 0 40
11:13:23 4 0 41
11:13:53 4 0 38
11:14:23 4 0 42
11:14:53 4 0 40
11:15:24 4 0 39
11:15:54 4 0 38
11:16:24 4 0 40
11:16:54 4 0 40
11:17:25 4 0 38
11:17:55 4 0 40
11:18:25 4 0 38
11:18:55 4 0 45
11:19:25 4 0 38
11:19:55 4 0 42
11:20:26 4 0 62
11:20:56 4 0 41
11:21:26 4 0 40
11:21:56 4 0 43
11:22:26 4 0 40
11:22:56 4 0 38
11:23:27 4 0 42
11:23:57 4 0 40
11:24:27 4 0 39
11:24:57 4 0 41
11:25:27 4 0 39
11:25:57 4 0 39
11:26:27 4 0 38
11:26:57 4 0 41
11:27:28 4 0 39
11:27:58 4 0 41
11:28:28 4 0 40
11:28:58 4 0 39
11:29:28 4 0 39
11:29:58 4 0 41
11:30:28 4 0 39
11:30:58 4 0 38
11:31:29 4 0 41
11:31:59 4 0 41
11:32:29 4 0 38
11:33:00 3 1 39
11:33:29 4 0 41
11:33:59 4 0 39
11:34:30 4 0 38
11:35:00 4 0 41
11:35:30 4 0 41
11:36:00 4 0 40
11:36:30 4 0 39
11:37:01 4 0 39
11:37:32 4 0 41
11:38:02 4 0 39
11:38:32 4 0 47
11:39:02 4 0 38
11:39:32 4 0 39
11:40:02 4 0 41
11:40:33 4 0 41
11:41:03 4 0 40
11:41:33 4 0 41
11:42:03 4 0 41
11:42:33 4 0 41
11:43:03 4 0 39
11:43:33 4 0 41
11:44:03 4 0 41
11:44:34 4 0 40
11:45:05 4 0 41
11:45:35 4 0 41
11:46:05 4 0 39
11:46:36 4 0 41
11:47:06 4 0 41
11:47:37 3 1 41
11:48:06 4 0 40
11:48:36 4 0 39
11:49:06 4 0 41
11:49:37 4 0 44
11:50:07 4 0 41
11:50:37 4 0 41
11:51:07 4 0 38
11:51:38 4 0 42
11:52:08 4 0 40
11:52:38 4 0 38
11:53:08 4 0 40
11:53:38 4 0 42
11:54:09 4 0 39
11:54:39 4 0 39
11:55:09 4 0 39
11:55:40 3 1 39
11:56:09 4 0 39
11:56:39 4 0 71
11:57:09 4 0 39
11:57:40 4 0 40
11:58:10 4 0 46
11:58:40 4 0 41
11:59:10 4 0 39
11:59:40 4 0 39
12:00:10 4 0 42
12:00:40 4 0 41
12:01:10 4 0 41
12:01:41 4 0 40
12:02:11 4 0 40
12:02:41 4 0 40
12:03:11 4 0 40
12:03:41 4 0 38
12:04:11 4 0 67
12:04:41 4 0 38
12:05:12 4 0 42
12:05:42 4 0 38
12:06:13 4 0 41
12:06:44 4 0 41
12:07:14 4 0 38
12:07:44 4 0 39
12:08:15 3 1 40
12:08:44 4 0 39
12:09:14 4 0 42
12:09:45 4 0 41
12:10:15 4 0 40
12:10:46 4 0 41
12:11:16 4 0 40
12:11:46 4 0 39
12:12:16 4 0 40
12:12:46 4 0 40
12:13:16 4 0 39
12:13:46 4 0 39
12:14:17 4 0 41
12:14:47 4 0 41
12:15:17 4 0 41
12:15:47 4 0 38
12:16:17 4 0 41
12:16:48 4 0 40
12:17:18 4 0 38
12:17:49 4 0 40
12:18:19 4 0 38
12:18:49 4 0 38
12:19:19 4 0 38
12:19:49 4 0 40
12:20:19 4 0 40
12:20:50 4 0 39
12:21:20 4 0 40
12:21:50 4 0 40
12:22:20 4 0 44
12:22:50 4 0 41
12:23:20 4 0 39
12:23:50 4 0 39
12:24:20 4 0 39
12:24:51 4 0 39
12:25:21 4 0 39
12:25:51 4 0 38
12:26:21 4 0 38
12:26:51 4 0 41
12:27:21 4 0 38
12:27:52 4 0 39
12:28:22 4 0 38
12:28:52 4 0 41
12:29:22 4 0 39
12:29:52 4 0 41
12:30:22 4 0 39
12:30:52 4 0 40
12:31:22 4 0 40
12:31:53 4 0 39
12:32:23 4 0 40
12:32:53 4 0 41
12:33:23 4 0 38
12:33:53 4 0 42
12:34:23 4 0 41
12:34:53 4 0 41
12:35:23 4 0 38
12:35:54 4 0 40
12:36:24 4 0 38
12:36:54 4 0 39
12:37:24 4 0 40
12:37:54 4 0 42
12:38:24 4 0 39
12:38:54 4 0 39
12:39:25 4 0 56
12:39:55 4 0 40
12:40:26 3 1 39
12:40:55 4 0 40
12:41:25 4 0 41
12:41:55 4 0 38
12:42:25 4 0 38
12:42:55 4 0 38
12:43:25 4 0 38
12:43:55 4 0 41
12:44:26 4 0 41
12:44:56 4 0 39
12:45:26 4 0 38
12:45:56 4 0 40
12:46:26 4 0 38
12:46:56 4 0 39
12:47:26 4 0 38
12:47:56 4 0 41
12:48:26 4 0 40
12:48:56 4 0 41
12:49:27 4 0 38
12:49:57 4 0 43
12:50:28 4 0 40
12:50:58 4 0 40
12:51:28 4 0 68
12:51:58 4 0 40
12:52:28 4 0 41
12:52:58 4 0 41
12:53:28 4 0 40
12:53:59 4 0 41
12:54:29 4 0 53
12:54:59 4 0 40
12:55:29 4 0 40
12:55:59 4 0 40
12:56:29 4 0 39
12:56:59 4 0 39
12:57:29 4 0 40
12:58:00 4 0 37
12:58:30 4 0 41
12:59:00 4 0 41
12:59:30 4 0 42
13:00:00 4 0 41
13:00:30 4 0 40
13:01:00 4 0 42
13:01:31 4 0 39
13:02:01 4 0 40
13:02:31 4 0 41
13:03:01 4 0 42
13:03:31 4 0 38
13:04:01 4 0 41
13:04:31 4 0 42
13:05:01 4 0 40
13:05:31 4 0 41
13:06:02 4 0 41
13:06:32 4 0 39
13:07:02 4 0 40
13:07:32 4 0 40
13:08:02 4 0 38
13:08:32 4 0 60
13:09:02 4 0 50
13:09:32 4 0 40
13:10:02 4 0 39
13:10:32 4 0 41
13:11:02 4 0 40
13:11:32 4 0 41
13:12:03 4 0 72
13:12:33 4 0 37
13:13:03 4 0 39
13:13:33 4 0 41
13:14:03 4 0 39
13:14:33 4 0 41
13:15:03 4 0 40
13:15:33 4 0 39
13:16:03 4 0 40
13:16:33 4 0 40
13:17:04 4 0 40
13:17:34 4 0 41
13:18:04 4 0 41
13:18:34 4 0 41
13:19:04 4 0 38
13:19:34 4 0 41
13:20:04 4 0 38
13:20:34 4 0 40
13:21:04 4 0 37
13:21:35 4 0 42
13:22:05 4 0 41
13:22:35 4 0 39
13:23:05 4 0 41
13:23:36 4 0 41
13:24:06 4 0 40
13:24:36 4 0 38
13:25:06 4 0 40
13:25:36 4 0 41
13:26:06 4 0 43
13:26:36 4 0 38
13:27:07 4 0 40
13:27:37 4 0 40
13:28:07 4 0 39
13:28:37 4 0 38
13:29:07 4 0 40
13:29:37 4 0 74
13:30:07 4 0 40
13:30:37 4 0 41
13:31:08 4 0 42
13:31:38 4 0 41
13:32:08 4 0 40
13:32:38 4 0 39
13:33:09 4 0 39
13:33:39 4 0 38
13:34:10 4 0 38
13:34:40 4 0 40
13:35:10 4 0 41
13:35:40 4 0 40
13:36:10 4 0 41
13:36:40 4 0 40
13:37:10 4 0 38
13:37:40 4 0 39
13:38:11 4 0 40
13:38:41 4 0 41
13:39:11 4 0 45
13:39:41 4 0 38
13:40:11 4 0 40
13:40:41 4 0 37
13:41:11 4 0 38
13:41:42 4 0 40
13:42:12 4 0 57
13:42:42 4 0 77
13:43:13 4 0 38
13:43:43 4 0 41
13:44:13 4 0 40
13:44:43 4 0 39
13:45:13 4 0 39
13:45:43 4 0 41
13:46:13 4 0 39
13:46:44 4 0 80
13:47:14 4 0 40
13:47:45 4 0 40
13:48:15 4 0 42
13:48:45 4 0 41
13:49:15 4 0 38
13:49:45 4 0 41
13:50:15 4 0 40
13:50:45 4 0 41
13:51:16 4 0 46
13:51:46 4 0 40
13:52:16 4 0 36
13:52:46 4 0 41
13:53:16 4 0 38
13:53:46 4 0 39
13:54:17 4 0 38
13:54:47 4 0 39
13:55:17 4 0 40
13:55:47 4 0 48
13:56:17 4 0 43
13:56:47 4 0 40
13:57:17 4 0 41
13:57:47 4 0 40
13:58:17 4 0 41
13:58:48 4 0 39
13:59:18 4 0 38
13:59:48 4 0 39
14:00:18 4 0 38
14:00:48 4 0 40
14:01:18 4 0 42
14:01:48 4 0 40
14:02:18 4 0 40
14:02:48 4 0 36
14:03:19 4 0 39
14:03:49 4 0 39
14:04:19 4 0 41
14:04:49 4 0 41
14:05:19 4 0 39
14:05:50 3 1 36
14:06:19 4 0 34
14:06:50 4 0 42
14:07:20 4 0 38
14:07:51 3 1 39
14:08:20 4 0 37
14:08:50 4 0 38
14:09:21 4 0 41
14:09:51 4 0 42
14:10:21 4 0 39
14:10:51 4 0 41
14:11:21 4 0 41
14:11:51 4 0 41
14:12:22 4 0 38
14:12:52 4 0 50
14:13:22 4 0 36
14:13:52 4 0 41
14:14:22 4 0 39
14:14:52 4 0 38
14:15:22 4 0 38
14:15:53 4 0 38
14:16:23 4 0 41
14:16:53 4 0 41
14:17:23 4 0 40
14:17:53 4 0 39
14:18:23 4 0 39
14:18:53 4 0 39
14:19:24 4 0 39
14:19:54 4 0 41
14:20:24 4 0 41
14:20:54 4 0 41
14:21:24 4 0 69
14:21:54 4 0 40
14:22:24 4 0 38
14:22:54 4 0 41
14:23:24 4 0 36
14:23:54 4 0 40
14:24:25 4 0 42
14:24:56 4 0 37
14:25:26 4 0 39
14:25:56 4 0 38
14:26:27 3 1 41
14:26:56 4 0 40
14:27:27 4 0 40
14:27:57 4 0 41
14:28:27 4 0 39
14:28:57 4 0 41
14:29:27 4 0 41
14:29:57 4 0 40
14:30:27 4 0 39
14:30:57 4 0 39
14:31:28 4 0 38
14:31:58 4 0 41
14:32:28 4 0 40
14:32:58 4 0 41
14:33:28 4 0 41
14:33:59 4 0 39
14:34:29 4 0 40
14:34:59 4 0 39
14:35:29 4 0 39
14:35:59 4 0 39
14:36:30 4 0 70
14:37:00 4 0 41
14:37:30 4 0 39
14:38:01 4 0 41
14:38:32 4 0 38
14:39:02 4 0 86
14:39:32 4 0 38
14:40:02 4 0 40
14:40:32 4 0 41
14:41:03 4 0 44
14:41:33 4 0 41
14:42:03 4 0 39
14:42:33 4 0 41
14:43:03 4 0 41
14:43:34 4 0 39
14:44:04 4 0 40
14:44:34 4 0 42
14:45:05 4 0 41
14:45:35 4 0 39
14:46:05 4 0 41
14:46:35 4 0 41
14:47:05 4 0 40
14:47:35 4 0 38
14:48:05 4 0 42
14:48:36 4 0 42
14:49:06 4 0 40
14:49:36 4 0 39
14:50:06 4 0 41
14:50:36 4 0 41
14:51:06 4 0 41
14:51:37 4 0 41
14:52:07 4 0 41
14:52:37 4 0 40
14:53:07 4 0 39
14:53:37 4 0 39
14:54:07 4 0 39
14:54:38 4 0 40
14:55:08 4 0 39
14:55:38 4 0 39
14:56:08 4 0 39
14:56:38 4 0 38
14:57:08 4 0 41
14:57:38 4 0 39
14:58:08 4 0 41
14:58:39 4 0 40
14:59:09 4 0 40
14:59:39 4 0 40
15:00:09 4 0 41
15:00:39 4 0 41
15:01:09 4 0 40
15:01:39 4 0 41
15:02:09 4 0 40
15:02:40 4 0 42
15:03:10 4 0 40
15:03:40 4 0 40
15:04:10 4 0 41
15:04:40 4 0 38
15:05:10 4 0 40
15:05:40 4 0 41
15:06:10 4 0 40
15:06:40 4 0 40
15:07:10 4 0 41
15:07:41 4 0 40
15:08:12 3 1 37
15:08:41 4 0 39
15:09:11 4 0 42
15:09:41 4 0 40
15:10:11 4 0 41
15:10:41 4 0 41
15:11:11 4 0 37
15:11:41 4 0 40
15:12:12 4 0 40
15:12:42 4 0 37
15:13:12 4 0 40
15:13:42 4 0 39
15:14:12 4 0 39
15:14:42 4 0 39
15:15:12 4 0 37
15:15:43 4 0 37
15:16:13 4 0 39
15:16:43 4 0 41
15:17:13 4 0 39
15:17:43 4 0 40
15:18:13 4 0 40
15:18:44 4 0 40
15:19:13 4 0 40
15:19:44 4 0 40
15:20:14 4 0 36
15:20:44 4 0 40
15:21:14 4 0 39
15:21:44 4 0 39
15:22:14 4 0 39
15:22:44 4 0 36
15:23:15 3 1 41
15:23:44 4 0 41
15:24:14 4 0 39
15:24:45 4 0 42
15:25:15 4 0 38
15:25:45 4 0 37
15:26:15 4 0 41
15:26:45 4 0 38
15:27:15 4 0 37
15:27:45 4 0 40
15:28:15 4 0 41
15:28:45 4 0 42
15:29:16 4 0 40
15:29:46 4 0 40
15:30:16 4 0 41
15:30:46 4 0 40
15:31:16 4 0 40
15:31:47 4 0 39
15:32:17 4 0 40
15:32:47 4 0 40
15:33:17 4 0 38
15:33:47 4 0 39
15:34:17 4 0 40
15:34:47 4 0 38
15:35:17 4 0 39
15:35:47 4 0 40
15:36:17 4 0 41
15:36:48 4 0 37
15:37:18 4 0 34
15:37:48 4 0 35
15:38:18 4 0 41
15:38:48 4 0 39
15:39:18 4 0 38
15:39:48 4 0 40
15:40:18 4 0 40
15:40:49 4 0 53
15:41:18 4 0 41
15:41:49 4 0 41
15:42:19 4 0 39
15:42:49 4 0 37
15:43:19 4 0 41
15:43:49 4 0 40
15:44:19 4 0 38
15:44:49 4 0 40
15:45:19 4 0 39
15:45:50 4 0 39
15:46:20 4 0 41
15:46:51 3 1 40
15:47:20 4 0 42
15:47:50 4 0 40
15:48:20 4 0 37
15:48:50 4 0 40
15:49:21 4 0 41
15:49:51 4 0 40
15:50:21 4 0 41
15:50:51 4 0 40
15:51:21 4 0 40
15:51:52 4 0 39
15:52:22 4 0 39
15:52:52 4 0 40
15:53:22 4 0 41
15:53:52 4 0 39
15:54:22 4 0 41
15:54:52 4 0 44
15:55:22 4 0 41
15:55:52 4 0 52
15:56:22 4 0 40
15:56:53 4 0 39
15:57:23 4 0 38
15:57:53 4 0 39
15:58:23 4 0 40
15:58:53 4 0 41
15:59:23 4 0 42
15:59:53 4 0 40
16:00:23 4 0 62
16:00:53 4 0 39
16:01:23 4 0 40
16:01:55 3 1 41
16:02:24 4 0 40
16:02:54 4 0 41
16:03:24 4 0 41
16:03:54 4 0 38
16:04:24 4 0 42
16:04:54 4 0 39
16:05:24 4 0 38
16:05:55 4 0 34
16:06:25 4 0 31
16:06:55 4 0 33
16:07:25 4 0 42
16:07:55 4 0 39
16:08:25 4 0 39
16:08:55 4 0 47
16:09:25 4 0 42
16:09:55 4 0 41
16:10:25 4 0 37
16:10:56 4 0 42
16:11:26 4 0 41
16:11:56 4 0 71
16:12:26 4 0 38
16:12:56 4 0 41
16:13:26 4 0 41
16:13:56 4 0 40
16:14:26 4 0 41
16:14:57 4 0 41
16:15:27 4 0 40
16:15:57 4 0 38
16:16:27 4 0 40
16:16:57 4 0 41
16:17:27 4 0 42
16:17:57 4 0 40
16:18:27 4 0 51
16:18:57 4 0 41
16:19:28 4 0 94
16:19:58 4 0 37
16:20:28 4 0 74
16:20:58 4 0 40
16:21:28 4 0 71
16:21:58 4 0 42
16:22:28 4 0 39
16:22:58 4 0 38
16:23:28 4 0 39
16:23:59 4 0 40
16:24:29 4 0 41
16:24:59 4 0 40
16:25:29 4 0 39
16:25:59 4 0 42
16:26:29 4 0 41
16:26:59 4 0 41
16:27:29 4 0 37
16:28:00 4 0 39
16:28:30 4 0 40
16:29:00 4 0 37
16:29:30 4 0 39
16:30:00 4 0 40
16:30:30 4 0 42
16:31:00 4 0 40
16:31:30 4 0 39
16:32:01 4 0 40
16:32:31 4 0 42
16:33:01 4 0 40
16:33:31 4 0 43
16:34:02 4 0 41
16:34:32 4 0 41
16:35:02 4 0 40
16:35:33 3 1 94
16:36:02 4 0 39
16:36:32 4 0 42
16:37:02 4 0 43
16:37:32 4 0 33
16:38:02 4 0 35
16:38:33 4 0 59
16:39:03 4 0 44
16:39:33 4 0 42
16:40:03 4 0 40
16:40:33 4 0 41
16:41:03 4 0 40
16:41:33 4 0 41
16:42:04 4 0 39
16:42:34 4 0 40
16:43:04 4 0 41
16:43:34 4 0 38
16:44:04 4 0 38
16:44:34 4 0 39
16:45:04 4 0 40
16:45:34 4 0 41
16:46:04 4 0 41
16:46:34 4 0 38
16:47:05 4 0 39
16:47:35 4 0 38
16:48:05 4 0 41
16:48:35 4 0 39
16:49:05 4 0 41
16:49:35 4 0 40
16:50:05 4 0 41
16:50:35 4 0 39
16:51:05 4 0 39
16:51:35 4 0 38
16:52:05 4 0 40
16:52:35 4 0 41
16:53:06 4 0 46
16:53:36 4 0 41
16:54:06 4 0 41
16:54:36 4 0 40
16:55:06 4 0 40
16:55:36 4 0 40
16:56:07 4 0 39
16:56:37 4 0 37
16:57:07 4 0 41
16:57:37 4 0 40
16:58:07 4 0 41
16:58:37 4 0 39
16:59:08 4 0 41
16:59:39 3 1 46
17:00:08 4 0 41
17:00:38 4 0 41
17:01:08 4 0 40
17:01:38 4 0 42
17:02:09 3 1 42
17:02:38 4 0 41
17:03:09 4 0 43
17:03:39 4 0 73
17:04:09 4 0 41
17:04:39 4 0 42
17:05:09 4 0 39
17:05:39 4 0 39
17:06:10 4 0 41
17:06:40 4 0 39
17:07:10 4 0 41
17:07:40 4 0 40
17:08:10 4 0 38
17:08:40 4 0 41
17:09:10 4 0 41
17:09:40 4 0 41
17:10:11 4 0 41
17:10:41 4 0 41
17:11:11 4 0 39
17:11:41 4 0 41
17:12:11 4 0 39
17:12:41 4 0 41
17:13:11 4 0 77
17:13:41 4 0 41
17:14:12 4 0 43
17:14:42 4 0 40
17:15:12 4 0 40
17:15:42 4 0 40
17:16:12 4 0 39
17:16:42 4 0 38
17:17:12 4 0 39
17:17:42 4 0 41
17:18:12 4 0 40
17:18:42 4 0 40
17:19:13 4 0 41
17:19:43 4 0 41
17:20:13 4 0 39
17:20:43 4 0 40
17:21:13 4 0 39
17:21:43 4 0 41
17:22:14 4 0 38
17:22:44 4 0 37
17:23:14 4 0 42
17:23:44 4 0 40
17:24:14 4 0 41
17:24:44 4 0 41
17:25:14 4 0 40
17:25:44 4 0 40
17:26:15 4 0 40
17:26:45 4 0 47
17:27:15 4 0 39
17:27:45 4 0 38
17:28:15 4 0 39
17:28:45 4 0 41
17:29:16 4 0 42
17:29:46 4 0 37
17:30:16 4 0 40
17:30:46 4 0 40
17:31:16 4 0 39
17:31:46 4 0 37
17:32:16 4 0 39
17:32:47 4 0 41
17:33:17 4 0 39
17:33:47 4 0 83
17:34:17 4 0 37
17:34:47 4 0 41
17:35:17 4 0 46
17:35:47 4 0 37
17:36:18 4 0 41
17:36:48 4 0 39
17:37:18 4 0 40
17:37:48 4 0 40
17:38:18 4 0 40
17:38:48 4 0 39
17:39:19 4 0 41
17:39:49 4 0 39
17:40:19 4 0 38
17:40:49 4 0 43
17:41:19 4 0 38
17:41:49 4 0 41
17:42:20 4 0 40
17:42:50 4 0 41
17:43:20 4 0 41
17:43:51 4 0 40
17:44:21 4 0 41
17:44:51 4 0 38
17:45:21 4 0 39
17:45:51 4 0 39
17:46:21 4 0 39
17:46:51 4 0 40
17:47:22 4 0 40
17:47:52 4 0 40
17:48:22 4 0 40
17:48:52 4 0 41
17:49:22 4 0 43
17:49:52 4 0 41
17:50:22 4 0 41
17:50:52 4 0 39
17:51:23 4 0 43
17:51:53 4 0 40
17:52:23 4 0 40
17:52:53 4 0 39
17:53:23 4 0 38
17:53:53 4 0 38
17:54:23 4 0 39
17:54:53 4 0 41
17:55:24 4 0 38
17:55:54 4 0 38
17:56:24 4 0 41
17:56:54 4 0 41
17:57:24 4 0 39
17:57:54 4 0 40
17:58:24 4 0 41
17:58:55 4 0 40
17:59:27 2 2 35
17:59:55 4 0 47
18:00:25 4 0 33
18:00:55 4 0 34
18:01:25 4 0 40
18:01:55 4 0 39
18:02:26 4 0 40
18:02:56 4 0 40
18:03:27 4 0 41
18:03:57 4 0 38
18:04:27 4 0 40
18:04:57 4 0 38
18:05:27 4 0 38
18:05:57 4 0 38
18:06:27 4 0 40
18:06:57 4 0 39
18:07:28 4 0 41
18:07:58 4 0 41
18:08:28 4 0 41
18:08:58 4 0 39
18:09:28 4 0 41
18:09:58 4 0 42
18:10:28 4 0 41
18:10:58 4 0 37
18:11:29 4 0 40
18:11:59 4 0 39
18:12:29 4 0 41
18:12:59 4 0 40
18:13:29 4 0 40
18:13:59 4 0 40
18:14:30 4 0 39
18:15:00 4 0 39
18:15:30 4 0 40
18:16:00 4 0 41
18:16:30 4 0 41
18:17:00 4 0 42
18:17:30 4 0 40
18:18:00 4 0 39
18:18:31 4 0 40
18:19:01 4 0 37
18:19:31 4 0 40
18:20:01 4 0 38
18:20:31 4 0 41
18:21:01 4 0 40
18:21:31 4 0 41
18:22:01 4 0 41
18:22:32 4 0 41
18:23:02 4 0 41
18:23:33 4 0 40
18:24:03 4 0 39
18:24:33 4 0 41
18:25:03 4 0 41
18:25:33 4 0 43
18:26:03 4 0 39
18:26:34 4 0 41
18:27:04 4 0 75
18:27:34 4 0 41
18:28:04 4 0 41
18:28:35 4 0 40
18:29:05 4 0 71
18:29:35 4 0 40
18:30:05 4 0 39
18:30:35 4 0 40
18:31:05 4 0 38
18:31:36 4 0 41
18:32:06 4 0 41
18:32:36 4 0 38
18:33:06 4 0 40
18:33:36 4 0 40
18:34:07 4 0 37
18:34:37 4 0 38
18:35:07 4 0 40
18:35:37 4 0 41
18:36:07 4 0 39
18:36:38 4 0 39
18:37:08 4 0 40
18:37:38 4 0 38
18:38:08 4 0 41
18:38:38 4 0 41
18:39:09 3 1 40
18:39:38 4 0 41
18:40:09 4 0 40
18:40:39 4 0 41
18:41:09 4 0 41
18:41:39 4 0 38
18:42:09 4 0 38
18:42:39 4 0 38
18:43:09 4 0 41
18:43:39 4 0 40
18:44:09 4 0 41
18:44:40 4 0 41
18:45:10 4 0 39
18:45:40 4 0 41
18:46:10 4 0 40
18:46:41 3 1 39
18:47:10 4 0 40
18:47:40 4 0 40
18:48:10 4 0 43
18:48:40 4 0 40
18:49:11 4 0 41
18:49:41 4 0 40
18:50:11 4 0 40
18:50:41 4 0 39
18:51:11 4 0 37
18:51:41 4 0 41
18:52:11 4 0 39
18:52:41 4 0 42
18:53:12 4 0 44
18:53:42 4 0 39
18:54:13 4 0 39
18:54:43 4 0 38
18:55:13 4 0 41
18:55:43 4 0 39
18:56:13 4 0 40
18:56:43 4 0 38
18:57:13 4 0 40
18:57:44 4 0 39
18:58:14 4 0 40
18:58:44 4 0 41
18:59:14 4 0 38
18:59:44 4 0 42
19:00:14 4 0 41
19:00:44 4 0 40
19:01:14 4 0 41
19:01:44 4 0 41
19:02:14 4 0 40
19:02:45 4 0 40
19:03:15 4 0 38
19:03:45 4 0 39
19:04:15 4 0 38
19:04:45 4 0 41
19:05:15 4 0 41
19:05:45 4 0 40
19:06:15 4 0 40
19:06:45 4 0 39
19:07:16 4 0 42
19:07:46 4 0 40
19:08:16 4 0 40
19:08:46 4 0 37
19:09:16 4 0 39
19:09:46 4 0 41
19:10:16 4 0 38
19:10:46 4 0 41
19:11:16 4 0 39
19:11:47 4 0 43
19:12:17 4 0 40
19:12:47 4 0 40
19:13:17 4 0 39
19:13:47 4 0 38
19:14:17 4 0 39
19:14:47 4 0 40
19:15:17 4 0 41
19:15:48 4 0 39
19:16:18 4 0 41
19:16:48 4 0 39
19:17:18 4 0 41
19:17:48 4 0 40
19:18:18 4 0 38
19:18:48 4 0 39
19:19:18 4 0 40
19:19:48 4 0 40
19:20:18 4 0 40
19:20:49 4 0 40
19:21:19 4 0 39
19:21:49 4 0 37
19:22:19 4 0 41
19:22:49 4 0 40
19:23:19 4 0 41
19:23:49 4 0 39
19:24:19 4 0 39
19:24:50 4 0 39
19:25:20 4 0 40
19:25:50 4 0 41
19:26:20 4 0 42
19:26:50 4 0 40
19:27:20 4 0 40
19:27:50 4 0 40
19:28:20 4 0 39
19:28:50 4 0 40
19:29:21 3 1 41
19:29:51 4 0 38
19:30:21 4 0 40
19:30:51 4 0 38
19:31:21 4 0 41
19:31:51 4 0 40
19:32:21 4 0 40
19:32:51 4 0 41
19:33:21 4 0 43
19:33:52 4 0 40
19:34:22 4 0 38
19:34:52 4 0 37
19:35:22 4 0 42
19:35:52 4 0 37
19:36:22 4 0 40
19:36:52 4 0 41
19:37:23 4 0 38
19:37:53 4 0 41
19:38:23 4 0 43
19:38:53 4 0 42
19:39:23 4 0 42
19:39:53 4 0 39
19:40:23 4 0 41
19:40:53 4 0 40
19:41:23 4 0 41
19:41:54 4 0 40
19:42:24 4 0 39
19:42:54 4 0 38
19:43:24 4 0 42
19:43:54 4 0 41
19:44:24 4 0 40
19:44:54 4 0 39
19:45:24 4 0 40
19:45:54 4 0 36
19:46:24 4 0 41
19:46:55 4 0 41
19:47:25 4 0 40
19:47:55 4 0 40
19:48:25 4 0 38
19:48:55 4 0 40
19:49:25 4 0 41
19:49:55 4 0 41
19:50:25 4 0 37
19:50:56 4 0 39
19:51:26 4 0 40
19:51:56 4 0 39
19:52:27 3 1 71
19:52:56 4 0 41
19:53:26 4 0 39
19:53:57 3 1 41
19:54:26 4 0 38
19:54:56 4 0 40
19:55:26 4 0 40
19:55:56 4 0 37
19:56:26 4 0 40
19:56:57 4 0 41
19:57:27 4 0 40
19:57:57 4 0 38
19:58:27 4 0 41
19:58:57 4 0 42
19:59:27 4 0 39
19:59:58 4 0 40
20:00:28 4 0 41
20:00:58 4 0 42
20:01:28 4 0 40
20:01:58 4 0 72
20:02:28 4 0 41
20:02:58 4 0 41
20:03:28 4 0 41
20:03:58 4 0 37
20:04:28 4 0 38
20:04:58 4 0 37
20:05:28 4 0 37
20:05:59 4 0 38
20:06:29 4 0 42
20:06:59 4 0 39
20:07:29 4 0 39
20:07:59 4 0 41
20:08:29 4 0 41
20:08:59 4 0 40
20:09:29 4 0 41
20:09:59 4 0 40
20:10:29 4 0 40
20:11:01 3 1 38
20:11:30 4 0 38
20:12:00 4 0 42
20:12:30 4 0 40
20:13:00 4 0 40
20:13:30 4 0 41
20:14:00 4 0 40
20:14:30 4 0 40
20:15:00 4 0 40
20:15:31 4 0 42
20:16:01 4 0 41
20:16:32 3 1 39
20:17:01 4 0 41
20:17:31 4 0 38
20:18:01 4 0 39
20:18:31 4 0 41
20:19:02 4 0 39
20:19:32 4 0 41
20:20:02 4 0 43
20:20:32 4 0 41
20:21:02 4 0 39
20:21:33 3 1 39
20:22:02 4 0 40
20:22:32 4 0 41
20:23:02 4 0 40
20:23:32 4 0 38
20:24:03 4 0 40
20:24:33 4 0 41
20:25:03 4 0 40
20:25:33 4 0 41
20:26:03 4 0 40
20:26:33 4 0 38
20:27:03 4 0 38
20:27:34 4 0 39
20:28:04 4 0 40
20:28:34 4 0 41
20:29:04 4 0 41
20:29:34 4 0 40
20:30:04 4 0 41
20:30:34 4 0 67
20:31:04 4 0 41
20:31:34 4 0 39
20:32:04 4 0 40
20:32:35 4 0 40
20:33:05 4 0 40
20:33:35 4 0 41
20:34:05 4 0 40
20:34:35 4 0 39
20:35:05 4 0 40
20:35:35 4 0 38
20:36:05 4 0 40
20:36:35 4 0 41
20:37:06 4 0 39
20:37:36 4 0 40
20:38:06 4 0 42
20:38:36 4 0 39
20:39:06 4 0 40
20:39:36 4 0 40
20:40:06 4 0 40
20:40:36 4 0 40
20:41:06 4 0 39
20:41:36 4 0 40
20:42:07 4 0 40
20:42:37 4 0 41
20:43:07 4 0 39
20:43:37 4 0 41
20:44:07 4 0 39
20:44:37 4 0 39
20:45:07 4 0 41
20:45:37 4 0 37
20:46:07 4 0 39
20:46:37 4 0 41
20:47:08 4 0 41
20:47:38 4 0 40
20:48:08 4 0 40
20:48:38 4 0 40
20:49:08 4 0 72
20:49:38 4 0 40
20:50:08 4 0 41
20:50:38 4 0 40
20:51:08 4 0 40
20:51:38 4 0 38
20:52:09 4 0 38
20:52:39 4 0 40
20:53:09 4 0 44
20:53:39 4 0 41
20:54:09 4 0 40
20:54:39 4 0 41
20:55:09 4 0 39
20:55:39 4 0 37
20:56:09 4 0 39
20:56:39 4 0 40
20:57:10 4 0 38
20:57:40 4 0 42
20:58:10 4 0 41
20:58:40 4 0 40
20:59:10 4 0 39
20:59:40 4 0 41
21:00:10 4 0 40
21:00:40 4 0 41
21:01:11 4 0 39
21:01:41 4 0 41
21:02:11 4 0 41
21:02:41 4 0 41
21:03:11 4 0 41
21:03:41 4 0 38
21:04:11 4 0 42
21:04:41 4 0 39
21:05:11 4 0 41
21:05:41 4 0 42
21:06:12 4 0 38
21:06:42 4 0 41
21:07:13 4 0 37
21:07:43 4 0 40
21:08:13 4 0 40
21:08:43 4 0 40
21:09:13 4 0 40
21:09:43 4 0 42
21:10:13 4 0 40
21:10:43 4 0 44
21:11:14 4 0 41
21:11:44 4 0 74
21:12:14 4 0 39
21:12:44 4 0 39
21:13:14 4 0 39
21:13:44 4 0 39
21:14:14 4 0 39
21:14:44 4 0 40
21:15:14 4 0 39
21:15:44 4 0 43
21:16:15 4 0 41
21:16:45 4 0 41
21:17:15 4 0 57
21:17:45 4 0 40
21:18:15 4 0 40
21:18:45 4 0 40
21:19:16 4 0 42
21:19:46 4 0 39
21:20:16 4 0 39
21:20:46 4 0 39
21:21:16 4 0 37
21:21:46 4 0 41
21:22:16 4 0 40
21:22:46 4 0 39
21:23:16 4 0 42
21:23:46 4 0 41
21:24:17 4 0 40
21:24:47 4 0 41
21:25:17 4 0 40
21:25:47 4 0 38
21:26:17 4 0 41
21:26:48 4 0 40
21:27:18 4 0 42
21:27:48 4 0 40
21:28:19 4 0 41
21:28:49 4 0 41
21:29:19 4 0 40
21:29:49 4 0 40
21:30:20 3 1 39
21:30:49 4 0 41
21:31:19 4 0 38
21:31:49 4 0 39
21:32:19 4 0 40
21:32:49 4 0 41
21:33:20 4 0 38
21:33:50 4 0 42
21:34:20 4 0 41
21:34:50 4 0 41
21:35:20 4 0 41
21:35:50 4 0 39
21:36:20 4 0 44
21:36:50 4 0 41
21:37:21 4 0 39
21:37:51 4 0 41
21:38:21 4 0 40
21:38:51 4 0 41
21:39:22 3 1 37
21:39:51 4 0 38
21:40:21 4 0 40
21:40:51 4 0 40
21:41:21 4 0 38
21:41:51 4 0 39
21:42:22 4 0 43
21:42:52 4 0 46
21:43:22 4 0 38
21:43:52 4 0 40
21:44:22 4 0 39
21:44:52 4 0 39
21:45:22 4 0 40
21:45:52 4 0 40
21:46:23 4 0 41
21:46:54 3 1 39
21:47:23 4 0 38
21:47:53 4 0 41
21:48:23 4 0 40
21:48:53 4 0 41
21:49:23 4 0 41
21:49:53 4 0 40
21:50:24 4 0 39
21:50:54 4 0 39
21:51:24 4 0 40
21:51:54 4 0 38
21:52:24 4 0 37
21:52:54 4 0 39
21:53:24 4 0 40
21:53:54 4 0 41
21:54:25 4 0 40
21:54:55 4 0 39
21:55:25 4 0 41
21:55:55 4 0 39
21:56:25 4 0 39
21:56:55 4 0 40
21:57:25 4 0 41
21:57:55 4 0 40
21:58:26 4 0 41
21:58:56 4 0 41
21:59:26 4 0 42
21:59:56 4 0 37
22:00:26 4 0 41
22:00:56 4 0 41
22:01:26 4 0 41
22:01:56 4 0 40
22:02:27 4 0 39
22:02:57 4 0 37
22:03:27 4 0 39
22:03:57 4 0 41
22:04:27 4 0 40
22:04:57 4 0 41
22:05:27 4 0 39
22:05:57 4 0 39
22:06:28 4 0 41
22:06:58 4 0 37
22:07:29 4 0 39
22:07:59 4 0 38
22:08:29 4 0 41
22:08:59 4 0 41
22:09:29 4 0 41
22:09:59 4 0 40
22:10:29 4 0 40
22:10:59 4 0 40
22:11:30 4 0 40
22:12:00 4 0 40
22:12:30 4 0 41
22:13:00 4 0 41
22:13:30 4 0 40
22:14:00 4 0 39
22:14:30 4 0 40
22:15:01 4 0 42
22:15:31 4 0 39
22:16:01 4 0 41
22:16:31 4 0 41
22:17:01 4 0 39
22:17:31 4 0 41
22:18:01 4 0 40
22:18:31 4 0 38
22:19:01 4 0 40
22:19:32 4 0 82
22:20:02 4 0 41
22:20:32 4 0 41
22:21:02 4 0 40
22:21:32 4 0 39
22:22:02 4 0 39
22:22:32 4 0 40
22:23:02 4 0 38
22:23:33 4 0 40
22:24:03 4 0 41
22:24:33 4 0 40
22:25:03 4 0 39
22:25:33 4 0 40
22:26:03 4 0 43
22:26:33 4 0 38
22:27:03 4 0 40
22:27:34 4 0 39
22:28:04 4 0 38
22:28:34 4 0 41
22:29:04 4 0 65
22:29:34 4 0 41
22:30:04 4 0 39
22:30:34 4 0 39
22:31:04 4 0 38
22:31:35 4 0 38
22:32:05 4 0 41
22:32:35 4 0 41
22:33:05 4 0 37
22:33:35 4 0 39
22:34:05 4 0 40
22:34:35 4 0 41
22:35:05 4 0 41
22:35:36 4 0 39
22:36:06 4 0 36
22:36:36 4 0 38
22:37:06 4 0 38
22:37:36 4 0 39
22:38:06 4 0 41
22:38:37 4 0 40
22:39:07 4 0 41
22:39:37 4 0 39
22:40:07 4 0 39
22:40:37 4 0 40
22:41:07 4 0 40
22:41:37 4 0 39
22:42:08 4 0 41
22:42:38 4 0 39
22:43:08 4 0 39
22:43:38 4 0 40
22:44:08 4 0 42
22:44:38 4 0 41
22:45:08 4 0 39
22:45:38 4 0 40
22:46:08 4 0 42
22:46:39 4 0 39
22:47:09 4 0 41
22:47:39 4 0 40
22:48:09 4 0 40
22:48:39 4 0 41
22:49:09 4 0 43
22:49:39 4 0 42
22:50:09 4 0 36
22:50:40 4 0 41
22:51:10 4 0 39
22:51:40 4 0 44
22:52:10 4 0 42
22:52:40 4 0 38
22:53:10 4 0 41
22:53:40 4 0 40
22:54:10 4 0 40
22:54:41 4 0 39
22:55:11 4 0 40
22:55:41 4 0 39
22:56:11 4 0 38
22:56:41 4 0 41
22:57:11 4 0 42
22:57:41 4 0 41
22:58:11 4 0 39
22:58:42 4 0 41
22:59:12 4 0 40
22:59:42 4 0 40
23:00:12 4 0 39
23:00:42 4 0 41
23:01:12 4 0 41
23:01:43 4 0 39
23:02:13 4 0 38
23:02:43 4 0 39
23:03:13 4 0 39
23:03:43 4 0 41
23:04:13 4 0 39
23:04:43 4 0 40
23:05:13 4 0 39
23:05:44 4 0 40
23:06:14 4 0 41
23:06:44 4 0 40
23:07:14 4 0 41
23:07:44 4 0 42
23:08:14 4 0 41
23:08:44 4 0 38
23:09:14 4 0 40
23:09:45 4 0 78
23:10:15 4 0 39
23:10:45 4 0 37
23:11:15 4 0 76
23:11:45 4 0 41
23:12:15 4 0 37
23:12:45 4 0 41
23:13:15 4 0 40
23:13:46 4 0 50
23:14:16 4 0 39
23:14:46 4 0 39
23:15:16 4 0 39
23:15:46 4 0 40
23:16:16 4 0 41
23:16:46 4 0 41
23:17:16 4 0 41
23:17:47 4 0 40
23:18:17 4 0 37
23:18:47 4 0 42
23:19:17 4 0 40
23:19:47 4 0 40
23:20:17 4 0 41
23:20:47 4 0 40
23:21:17 4 0 36
23:21:48 4 0 66
23:22:18 4 0 41
23:22:48 4 0 39
23:23:18 4 0 41
23:23:48 4 0 41
23:24:18 4 0 39
23:24:49 4 0 41
23:25:19 4 0 39
23:25:49 4 0 38
23:26:19 4 0 39
23:26:49 4 0 39
23:27:19 4 0 40
23:27:49 4 0 41
23:28:19 4 0 40
23:28:50 4 0 39
23:29:20 4 0 41
23:29:50 4 0 41
23:30:20 4 0 41
23:30:50 4 0 41
23:31:20 4 0 41
23:31:50 4 0 38
23:32:20 4 0 42
23:32:51 4 0 41
23:33:21 4 0 40
23:33:51 4 0 42
23:34:21 4 0 41
23:34:51 4 0 39
23:35:21 4 0 40
23:35:51 4 0 40
23:36:22 4 0 39
23:36:52 4 0 41
23:37:22 4 0 41
23:37:52 4 0 38
23:38:22 4 0 40
23:38:52 4 0 42
23:39:22 4 0 41
23:39:53 4 0 39
23:40:23 4 0 41
23:40:53 4 0 37
23:41:23 4 0 41
23:41:53 4 0 42
23:42:23 4 0 39
23:42:54 4 0 40
23:43:24 4 0 40
23:43:54 4 0 41
23:44:24 4 0 40
23:44:54 4 0 41
23:45:24 4 0 40
23:45:55 4 0 39
23:46:25 4 0 39
23:46:55 4 0 42
23:47:25 4 0 43
23:47:56 4 0 40
23:48:26 4 0 40
23:48:57 4 0 40
23:49:27 4 0 40
23:49:57 4 0 40
23:50:27 4 0 40
23:50:58 4 0 42
23:51:28 4 0 40
23:51:58 4 0 39
23:52:29 4 0 39
23:52:59 4 0 40
23:53:30 4 0 40
23:54:00 4 0 40
23:54:30 4 0 42
23:55:00 4 0 42
23:55:31 4 0 39
23:56:02 4 0 39
23:56:32 4 0 40
23:57:03 4 0 40
23:57:34 4 0 41
23:58:04 4 0 41
23:58:34 4 0 36
23:59:04 4 0 39
23:59:35 4 0 39
