00:01:57 1
00:02:57 1
00:03:24 1
00:04:03 1
00:05:01 1
00:06:04 1
00:07:16 1
00:08:17 1
02:00:07 1
02:01:05 1
02:02:05 1
02:03:06 1
02:04:06 1
02:05:06 1
02:06:07 1
02:07:07 1
02:08:08 1
02:09:08 1
02:10:09 1
02:11:09 1
02:12:09 1
02:13:10 1
02:14:10 1
02:15:11 1
02:16:11 1
02:17:11 1
02:18:12 1
02:19:13 1
02:20:13 1
02:21:14 1
02:22:14 1
02:23:14 1
02:24:15 1
02:25:15 1
02:26:15 1
02:27:16 1
02:28:16 1
02:29:17 1
02:30:17 1
02:31:18 1
02:32:18 1
02:33:18 1
02:34:19 1
02:35:19 1
02:36:20 1
02:37:20 1
02:38:20 1
02:39:21 1
02:40:21 1
02:41:22 1
02:42:25 1
02:43:22 1
02:44:23 1
02:45:23 1
02:46:24 1
02:47:24 1
02:48:24 1
02:49:25 1
02:50:25 1
02:51:26 1
02:52:26 1
02:53:26 1
02:54:27 1
02:55:27 1
02:56:28 1
02:57:28 1
02:58:28 1
02:59:29 1
03:00:29 1
03:01:29 1
03:02:30 1
03:03:30 1
03:04:31 1
03:05:31 1
03:06:32 1
03:07:32 1
03:08:32 1
03:09:33 1
03:10:33 1
03:11:34 1
03:12:34 1
03:13:34 1
03:14:35 1
03:15:35 1
03:16:35 1
03:17:36 1
03:18:36 1
03:19:36 1
03:20:37 1
03:21:37 1
03:22:37 1
03:23:38 1
03:24:38 1
03:25:38 1
03:26:39 1
03:27:39 1
03:28:39 1
03:29:40 1
03:30:40 1
03:31:40 1
03:32:41 1
03:33:41 1
03:34:41 1
03:35:42 1
03:36:42 1
03:37:42 1
03:38:43 1
03:39:43 1
03:40:44 1
03:41:44 1
03:42:44 1
03:43:45 1
03:44:45 1
03:45:45 1
03:46:46 1
03:47:46 1
03:48:46 1
03:49:47 1
03:50:47 1
03:51:47 1
03:52:48 1
03:53:48 1
03:54:48 1
03:55:58 1
03:56:49 1
03:57:49 1
03:58:50 1
03:59:50 1
04:00:50 1
04:01:51 1
04:02:51 1
04:03:51 1
04:04:52 1
04:05:52 1
04:06:52 1
04:07:53 1
04:08:53 1
04:09:53 1
04:10:54 1
04:11:54 1
04:12:54 1
04:13:55 1
04:14:55 1
04:15:55 1
04:16:56 1
04:17:56 1
04:18:56 1
04:19:57 1
04:20:57 1
04:21:57 1
04:22:58 1
04:23:58 1
04:24:58 1
04:25:59 1
04:26:59 1
04:27:59 1
04:29:00 1
04:30:00 1
04:31:01 1
04:32:01 1
04:33:01 1
04:34:02 1
04:35:02 1
04:36:02 1
04:37:03 1
04:38:03 1
04:39:03 1
04:40:04 1
04:41:04 1
04:42:04 1
04:43:05 1
04:44:05 1
04:45:06 1
04:46:06 1
04:47:06 1
04:48:07 1
04:49:07 1
04:50:07 1
04:51:08 1
04:52:08 1
04:53:08 1
04:54:09 1
04:55:09 1
04:56:09 1
04:57:10 1
04:58:10 1
04:59:10 1
05:00:11 1
05:01:11 1
05:02:11 1
05:03:12 1
05:04:12 1
05:05:12 1
05:06:13 1
05:07:13 1
05:08:13 1
05:09:14 1
05:10:14 1
05:11:14 1
05:12:15 1
05:13:15 1
05:14:15 1
05:15:16 1
05:16:16 1
05:17:17 1
05:18:17 1
05:19:17 1
05:20:18 1
05:21:18 1
05:22:18 1
05:23:19 1
05:24:19 1
05:25:19 1
05:26:20 1
05:27:20 1
05:28:20 1
05:29:21 1
05:30:21 1
05:31:22 1
05:32:22 1
05:33:22 1
05:34:23 1
05:35:23 1
05:36:23 1
05:37:23 1
05:38:24 1
05:39:24 1
05:40:24 1
05:41:25 1
05:42:25 1
05:43:26 1
05:44:26 1
05:45:26 1
05:46:27 1
05:47:27 1
05:48:27 1
05:49:28 1
05:50:28 1
05:51:28 1
05:52:29 1
05:53:29 1
05:54:29 1
05:55:30 1
05:56:30 1
05:57:30 1
05:58:31 1
05:59:31 1
06:00:32 1
06:01:32 1
06:02:32 1
06:03:33 1
06:04:33 1
06:05:34 1
06:06:34 1
06:07:35 1
06:08:35 1
06:09:35 1
06:10:36 1
06:11:36 1
06:12:36 1
06:13:37 1
06:14:37 1
06:15:38 1
06:16:38 1
06:17:38 1
06:18:38 1
06:19:39 1
06:20:39 1
06:21:39 1
06:22:40 1
06:23:40 1
06:24:40 1
06:25:41 1
06:26:41 1
06:27:41 1
06:28:42 1
06:29:42 1
06:30:43 1
06:31:43 1
06:32:43 1
06:33:44 1
06:34:44 1
06:35:44 1
06:36:45 1
06:37:45 1
06:38:45 1
06:39:46 1
06:40:46 1
06:41:46 1
06:42:47 1
06:43:47 1
06:44:47 1
06:45:48 1
06:46:48 1
06:47:48 1
06:48:49 1
06:49:49 1
06:50:49 1
06:51:50 1
06:52:50 1
06:53:50 1
06:54:51 1
06:55:51 1
06:56:52 1
06:57:52 1
06:58:52 1
06:59:52 1
07:00:53 1
07:01:53 1
07:02:53 1
07:03:54 1
07:04:54 1
07:05:54 1
07:06:55 1
07:07:55 1
07:08:55 1
07:09:55 1
07:10:56 1
07:11:56 1
07:12:57 1
07:13:57 1
07:14:57 1
07:15:58 1
07:16:58 1
07:17:58 1
07:18:59 1
07:19:59 1
07:20:59 1
07:22:00 1
07:23:00 1
07:24:00 1
07:25:01 1
07:26:01 1
07:27:01 1
07:28:02 1
07:29:02 1
07:30:02 1
07:31:03 1
07:32:03 1
07:33:04 1
07:34:04 1
07:35:05 1
07:36:06 1
07:37:06 1
07:38:06 1
07:39:07 1
07:40:07 1
07:41:07 1
07:42:29 1
07:43:08 1
07:44:08 1
07:45:08 1
07:46:09 1
07:47:09 1
07:48:09 1
07:49:10 1
07:50:10 1
07:51:10 1
07:52:11 1
07:53:11 1
07:54:11 1
07:55:12 1
07:56:12 1
07:57:12 1
07:58:13 1
07:59:13 1
08:00:13 1
08:01:14 1
08:02:14 1
08:03:14 1
08:04:15 1
08:05:15 1
08:06:15 1
08:07:15 1
08:08:16 1
08:09:16 1
08:10:16 1
08:11:17 1
08:12:17 1
08:13:17 1
08:14:17 1
08:15:18 1
08:16:18 1
08:17:19 1
08:18:19 1
08:19:19 1
08:20:20 1
08:21:20 1
08:22:20 1
08:23:21 1
08:24:21 1
08:25:22 1
08:26:22 1
08:27:22 1
08:28:23 1
08:29:23 1
08:30:23 1
08:31:24 1
08:32:24 1
08:33:24 1
08:34:25 1
08:35:25 1
08:36:25 1
08:37:26 1
08:38:26 1
08:39:26 1
08:40:26 1
08:41:27 1
08:42:27 1
08:43:28 1
08:44:28 1
08:45:28 1
08:46:29 1
08:47:29 1
08:48:29 1
08:49:30 1
08:50:30 1
08:51:30 -1
08:52:31 1
08:53:31 1
08:54:31 1
08:55:33 1
08:56:33 1
08:57:33 1
08:58:34 1
08:59:34 1
09:00:34 1
09:01:35 1
09:02:35 1
09:03:35 1
09:04:36 1
09:05:36 1
09:06:36 1
09:07:36 1
09:08:36 1
09:09:37 1
09:10:37 1
09:11:37 1
09:12:37 1
09:13:38 1
09:14:38 1
09:15:38 1
09:16:38 1
09:17:39 1
09:18:39 1
09:19:40 1
09:20:40 1
09:21:40 1
09:22:41 1
09:23:41 1
09:24:41 1
09:25:41 1
09:26:42 1
09:27:42 1
09:28:42 1
09:29:43 1
09:30:43 1
09:31:43 1
09:32:43 1
09:33:44 1
09:34:44 1
09:35:44 1
09:36:45 1
09:37:45 1
09:38:46 1
09:39:46 1
09:40:46 1
09:41:47 1
09:42:47 1
09:43:47 1
09:44:47 -1
09:45:48 1
09:46:48 1
09:47:48 1
09:48:48 1
09:49:49 -1
09:50:49 1
09:51:49 1
09:52:49 1
09:53:49 1
09:54:50 1
09:55:50 1
09:56:50 1
09:57:50 1
09:58:51 1
09:59:51 1
10:00:51 1
10:01:51 1
10:02:52 1
10:03:52 1
10:04:52 1
10:05:52 1
10:06:53 1
10:07:53 1
10:08:53 1
10:09:53 1
10:10:54 1
10:11:54 1
10:12:54 1
10:13:54 1
10:17:54 -1
10:17:55 1
10:18:56 1
10:19:56 1
10:20:57 1
10:22:00 1
10:23:01 1
10:23:59 1
10:24:59 1
10:26:00 1
10:27:01 1
10:28:01 1
10:29:01 1
10:30:02 1
10:31:02 1
10:32:02 1
10:33:03 1
10:34:03 1
10:35:03 1
10:36:03 1
10:37:04 1
10:38:04 1
10:39:05 1
10:40:05 1
10:41:06 1
10:42:06 1
10:43:07 1
10:44:07 1
10:45:07 1
10:46:07 1
10:47:08 1
10:48:08 1
10:49:08 1
10:50:09 1
10:51:09 1
10:52:13 1
10:53:10 1
10:54:10 1
10:55:11 1
10:56:12 1
10:57:12 1
10:58:13 1
10:59:13 1
11:00:14 1
11:01:14 1
11:02:15 1
11:03:15 1
11:04:15 1
11:05:15 1
11:06:16 1
11:07:16 1
11:08:17 1
11:09:17 1
11:10:17 1
11:11:18 1
11:12:18 1
11:13:18 1
11:14:19 1
11:15:20 1
11:16:20 1
11:17:21 1
11:18:21 1
11:19:21 1
11:20:22 1
11:21:22 1
11:22:22 1
11:23:22 1
11:24:23 1
11:25:23 1
11:26:23 1
11:27:24 1
11:28:24 1
11:29:24 1
11:30:24 1
11:31:24 1
11:32:25 1
11:33:25 1
11:34:26 1
11:35:26 1
11:36:26 1
11:37:26 1
11:38:27 1
11:39:27 1
11:40:28 1
11:41:28 1
11:42:28 1
11:43:28 1
11:44:29 1
11:45:30 1
11:46:30 1
11:47:31 1
11:48:31 1
11:49:32 1
11:50:32 1
11:51:33 1
11:52:33 1
11:53:33 1
11:54:34 1
11:55:34 1
11:56:34 1
11:57:34 1
11:58:35 1
11:59:36 1
12:00:35 1
12:01:36 1
12:02:36 1
12:03:36 1
12:04:36 1
12:05:37 1
12:06:37 1
12:07:37 1
12:08:37 1
12:09:38 1
12:10:38 1
12:11:39 1
12:12:39 1
12:13:39 1
12:14:40 1
12:15:40 1
12:16:40 1
12:17:41 1
12:18:42 1
12:19:42 1
12:20:43 1
12:21:43 1
12:22:43 1
12:23:43 1
12:24:43 1
12:25:44 1
12:26:44 1
12:27:44 1
12:28:45 1
12:29:45 1
12:30:45 1
12:31:45 1
12:32:46 1
12:33:46 1
12:34:46 1
12:35:46 1
12:36:47 1
12:37:47 1
12:38:47 1
12:39:48 1
12:40:48 1
12:41:48 1
12:42:48 1
12:43:48 1
12:44:48 1
12:45:49 1
12:46:52 1
12:47:49 1
12:48:49 1
12:49:50 1
12:50:51 1
12:51:51 1
12:52:51 1
12:53:51 1
12:54:52 1
12:55:52 1
12:56:52 1
12:57:52 1
12:58:53 1
12:59:53 1
13:00:53 1
13:01:54 1
13:02:54 1
13:03:54 1
13:04:54 1
13:05:54 1
13:06:55 1
13:07:55 1
13:08:55 1
13:09:55 1
13:10:55 1
13:11:55 1
13:12:56 1
13:13:56 1
13:14:56 1
13:15:56 1
13:16:56 1
13:17:57 1
13:18:57 1
13:19:57 1
13:20:57 1
13:21:58 1
13:22:58 1
13:23:58 1
13:24:59 1
13:25:59 1
13:26:59 1
13:28:00 1
13:29:00 1
13:30:00 1
13:31:00 1
13:32:01 1
13:33:01 1
13:34:01 1
13:35:02 1
13:36:02 1
13:37:02 1
13:38:02 1
13:39:03 1
13:40:03 1
13:41:03 1
13:42:04 1
13:43:04 1
13:44:05 1
13:45:05 1
13:46:05 1
13:47:06 1
13:48:07 1
13:49:07 1
13:50:07 1
13:51:08 1
13:52:08 1
13:53:08 1
13:54:08 1
13:55:09 1
13:56:09 1
13:57:09 1
13:58:09 1
13:59:10 1
14:00:10 1
14:01:10 1
14:02:10 1
14:03:10 1
14:04:11 1
14:05:11 1
14:06:11 1
14:07:12 1
14:08:12 1
14:09:12 1
14:10:13 1
14:11:13 1
14:12:14 1
14:13:14 1
14:14:14 1
14:15:14 1
14:16:15 1
14:17:15 1
14:18:15 1
14:19:16 1
14:20:16 1
14:21:16 1
14:22:16 1
14:23:16 1
14:24:17 1
14:25:18 1
14:26:18 1
14:27:18 1
14:28:19 1
14:29:19 1
14:30:19 1
14:31:19 1
14:32:20 1
14:33:20 1
14:34:21 1
14:35:21 1
14:36:21 1
14:37:22 1
14:38:22 1
14:39:23 1
14:40:23 1
14:41:24 1
14:42:24 1
14:43:25 1
14:44:25 1
14:45:26 1
14:46:29 1
14:47:26 1
14:48:26 1
14:49:27 1
14:50:27 1
14:51:28 1
14:52:28 1
14:53:28 1
14:54:28 1
14:55:29 1
14:56:29 1
14:57:29 1
14:58:29 -1
14:59:30 1
15:00:30 1
15:01:30 1
15:02:30 1
15:03:31 1
15:04:31 1
15:05:31 1
15:06:31 1
15:07:31 1
15:08:32 1
15:09:32 1
15:10:32 1
15:11:33 1
15:12:34 1
15:13:34 -1
15:14:34 1
15:15:34 1
15:16:35 1
15:17:35 1
15:18:35 1
15:19:36 1
15:20:36 1
15:21:36 1
15:22:36 1
15:23:36 1
15:24:36 1
15:25:37 1
15:26:37 1
15:27:37 1
15:28:37 1
15:29:38 1
15:30:38 1
15:31:38 1
15:32:39 1
15:33:39 1
15:34:39 1
15:35:39 1
15:36:39 1
15:37:40 1
15:38:40 1
15:39:40 1
15:40:40 1
15:41:40 1
15:42:41 1
15:43:41 1
15:44:41 1
15:45:41 1
15:46:42 1
15:47:43 1
15:48:43 1
15:49:42 1
15:50:43 1
15:51:43 1
15:52:44 1
15:53:44 1
15:54:44 1
15:55:44 1
15:56:44 1
15:57:45 1
15:58:45 1
15:59:45 1
16:00:45 1
16:01:45 1
16:02:46 1
16:03:46 1
16:04:46 1
16:05:46 1
16:06:47 1
16:07:47 1
16:08:47 1
16:09:47 1
16:10:48 1
16:11:48 1
16:12:48 1
16:13:48 1
16:14:49 1
16:15:49 1
16:16:49 1
16:17:49 1
16:18:49 1
16:19:49 1
16:20:50 1
16:21:50 1
16:22:50 1
16:23:50 1
16:24:51 1
16:25:51 1
16:26:51 1
16:27:51 1
16:28:54 1
16:29:55 1
16:30:52 1
16:31:53 1
16:32:53 1
16:33:53 1
16:34:54 1
16:35:54 1
16:36:54 1
16:37:54 1
16:38:55 1
16:39:55 1
16:40:55 1
16:41:55 1
16:42:56 1
16:43:56 1
16:44:56 1
16:45:56 1
16:46:56 1
16:47:57 1
16:48:57 1
16:49:57 1
16:50:57 1
16:51:57 1
16:52:58 1
16:53:58 1
16:54:58 1
16:55:59 1
16:56:59 1
16:57:59 1
16:58:59 1
17:00:00 1
17:01:20 -1
17:02:00 1
17:03:01 1
17:04:01 1
17:05:01 1
17:06:01 1
17:07:02 1
17:08:02 1
17:09:02 1
17:10:02 1
17:11:03 1
17:12:03 1
17:13:03 1
17:14:03 1
17:15:04 1
17:16:04 1
17:17:04 1
17:18:04 1
17:19:04 1
17:20:05 1
17:21:05 1
17:22:05 1
17:23:06 1
17:24:07 1
17:25:07 1
17:26:07 -1
17:27:08 1
17:28:08 1
17:29:09 1
17:30:09 1
17:31:09 1
17:32:09 1
17:33:10 1
17:34:10 1
17:35:10 1
17:36:10 1
17:37:11 1
17:38:11 1
17:39:11 1
17:40:12 1
17:41:12 1
17:42:12 1
17:43:13 1
17:44:14 1
17:45:14 1
17:46:14 1
17:47:14 1
17:48:15 1
17:49:15 1
17:50:15 1
17:51:16 1
17:52:16 1
17:53:16 1
17:54:16 1
17:55:16 1
17:56:17 1
17:57:17 1
17:58:17 1
17:59:18 1
18:00:18 1
18:01:18 1
18:02:18 1
18:03:18 1
18:04:19 1
18:05:19 1
18:06:19 1
18:07:20 1
18:08:20 1
18:09:20 1
18:10:20 1
18:11:20 1
18:12:21 1
18:13:21 1
18:14:21 1
18:15:22 1
18:16:22 1
18:17:22 1
18:18:22 1
18:19:23 1
18:20:23 1
18:21:23 1
18:22:23 1
18:23:33 1
18:24:24 1
18:25:24 1
18:26:24 1
18:27:25 1
18:28:25 1
18:29:26 1
18:30:26 1
18:31:26 1
18:32:27 1
18:33:27 1
18:34:28 1
18:35:28 1
18:36:28 1
18:37:29 1
18:38:29 1
18:39:29 1
18:40:30 1
18:41:30 1
18:42:30 1
18:43:30 1
18:44:30 1
18:45:31 1
18:46:31 1
18:47:31 1
18:48:31 1
18:49:32 1
18:50:32 1
18:51:32 1
18:52:32 1
18:53:33 1
18:54:34 1
18:55:34 1
18:56:34 1
18:57:34 1
18:58:35 1
18:59:35 1
19:00:35 1
19:01:35 1
19:02:35 1
19:03:36 1
19:04:36 1
19:05:36 -1
19:06:36 1
19:07:37 1
19:08:37 1
19:09:37 1
19:10:37 1
19:11:37 1
19:12:38 1
19:13:38 1
19:14:38 1
19:15:38 1
19:16:39 1
19:17:39 1
19:18:39 1
19:19:39 1
19:20:39 1
19:21:40 1
19:22:40 1
19:23:40 1
19:24:40 1
19:25:41 1
19:26:41 1
19:27:41 1
19:28:41 1
19:29:41 1
19:30:42 1
19:31:42 1
19:32:42 1
19:33:43 1
19:34:43 1
19:35:43 1
19:36:43 1
19:37:44 1
19:38:44 1
19:39:44 1
19:40:44 1
19:41:45 1
19:42:45 1
19:43:45 1
19:44:45 1
19:45:45 -1
19:46:46 1
19:47:46 1
19:48:46 1
19:49:46 1
19:50:46 1
19:51:47 1
19:52:47 1
19:53:47 1
19:54:47 1
19:55:47 1
19:56:47 1
19:57:48 1
19:58:48 1
19:59:48 1
20:00:49 1
20:01:49 1
20:02:49 1
20:03:49 1
20:04:49 1
20:05:49 1
20:06:50 1
20:07:50 1
20:08:50 1
20:09:50 1
20:10:51 1
20:11:51 1
20:12:51 1
20:13:51 1
20:14:51 1
20:15:52 1
20:16:52 1
20:17:52 1
20:18:53 1
20:19:53 1
20:20:53 1
20:21:53 1
20:22:53 1
20:23:53 1
20:24:54 1
20:25:54 1
20:26:54 1
20:27:55 1
20:28:55 1
20:29:55 1
20:30:55 1
20:31:55 1
20:32:56 1
20:33:56 1
20:34:56 1
20:35:56 1
20:36:56 1
20:37:57 1
20:38:57 1
20:40:00 1
20:40:57 1
20:41:57 1
20:42:58 1
20:43:58 1
20:44:58 1
20:45:58 1
20:47:00 1
20:48:00 1
20:49:00 1
20:50:00 1
20:51:00 1
20:52:00 1
20:53:01 1
20:54:01 1
20:55:01 1
20:56:01 1
20:57:01 1
20:58:02 1
20:59:02 1
21:00:02 1
21:01:02 1
21:02:03 1
21:03:03 1
21:04:03 1
21:05:06 1
21:06:03 1
21:07:04 1
21:08:04 1
21:09:04 1
21:10:04 1
21:11:04 1
21:12:05 1
21:13:05 1
21:14:05 1
21:15:05 1
21:16:05 1
21:17:06 1
21:18:06 1
21:19:06 1
21:20:07 1
21:21:07 1
21:22:07 1
21:23:07 1
21:24:07 1
21:25:08 1
21:26:08 1
21:27:08 1
21:28:08 1
21:29:09 1
21:30:09 1
21:31:09 1
21:32:09 1
21:33:09 1
21:34:10 1
21:35:10 1
21:36:10 1
21:37:10 1
21:38:11 1
21:39:11 1
21:40:11 1
21:41:11 1
21:42:11 1
21:43:12 1
21:44:12 1
21:45:12 1
21:46:12 1
21:47:13 1
21:48:13 1
21:49:13 1
21:50:13 1
21:51:14 1
21:52:14 1
21:53:14 1
21:54:14 1
21:55:15 1
21:56:15 1
21:57:15 1
21:58:15 1
21:59:16 1
22:00:16 1
22:01:16 1
22:02:16 1
22:03:17 1
22:04:17 1
22:05:18 1
22:06:17 1
22:07:18 1
22:08:18 1
22:09:18 1
22:10:18 1
22:11:19 1
22:12:19 1
22:13:19 1
22:14:19 1
22:15:20 1
22:16:20 1
22:17:20 1
22:18:20 1
22:19:20 1
22:20:21 1
22:21:21 1
22:22:21 1
22:23:22 1
22:24:22 1
22:25:22 1
22:26:22 1
22:27:22 1
22:28:23 1
22:29:23 1
22:30:23 1
22:31:23 1
22:32:24 1
22:33:24 1
22:34:24 1
22:35:25 1
22:36:25 1
22:37:25 1
22:38:25 1
22:39:26 1
22:40:26 1
22:41:26 1
22:42:27 1
22:43:27 1
22:44:27 1
22:45:27 1
22:46:27 1
22:47:28 1
22:48:28 1
22:49:28 1
22:50:29 1
22:51:29 1
22:52:29 1
22:53:29 1
22:54:29 1
22:55:30 1
22:56:30 1
22:57:30 1
22:58:31 1
22:59:31 1
23:00:31 1
23:01:31 1
23:02:32 1
23:03:32 1
23:04:32 1
23:05:32 1
23:06:33 1
23:07:33 1
23:08:33 1
23:09:33 1
23:10:34 1
23:11:34 1
23:12:34 1
23:13:35 1
23:14:35 1
23:15:35 1
23:16:35 1
23:17:35 1
23:18:36 1
23:19:36 1
23:20:36 1
23:21:36 1
23:22:37 1
23:23:37 1
23:24:37 1
23:25:38 1
23:26:38 1
23:27:38 1
23:28:38 1
23:29:39 1
23:30:39 1
23:31:39 1
23:32:40 1
23:33:40 1
23:34:40 1
23:35:40 1
23:36:41 1
23:37:41 1
23:38:41 1
23:39:41 1
23:40:42 1
23:41:42 1
23:42:42 1
23:43:43 1
23:44:43 1
23:45:43 1
23:46:44 1
23:47:44 1
23:48:45 1
23:49:46 1
23:50:47 1
23:51:47 1
23:52:47 1
23:53:48 1
23:54:48 1
23:55:51 1
23:56:49 1
23:57:50 1
23:58:50 1
23:59:50 1
