00:00:51 1 1
00:01:53 1 1
00:02:52 1 1
00:03:55 1 1
00:04:54 1 1
00:05:57 1 1
00:06:57 1 1
00:07:56 1 1
02:00:05 1 1
02:01:04 1 1
02:02:04 1 1
02:03:04 1 1
02:04:05 1 1
02:05:05 1 1
02:06:06 1 1
02:07:06 1 1
02:08:07 1 1
02:09:07 1 1
02:10:08 1 1
02:11:08 1 1
02:12:08 1 1
02:13:09 1 1
02:14:09 1 1
02:15:10 1 1
02:16:10 1 1
02:17:10 1 1
02:18:11 1 1
02:19:12 1 1
02:20:12 1 1
02:21:12 1 1
02:22:13 1 1
02:23:13 1 1
02:24:14 1 1
02:25:14 1 1
02:26:14 1 1
02:27:15 1 1
02:28:15 1 1
02:29:16 1 1
02:30:16 1 1
02:31:16 1 1
02:32:17 1 1
02:33:17 1 1
02:34:18 1 1
02:35:18 1 1
02:36:19 1 1
02:37:19 1 1
02:38:19 1 1
02:39:20 1 1
02:40:20 1 1
02:41:21 1 1
02:42:21 1 1
02:43:21 1 1
02:44:22 1 1
02:45:22 1 1
02:46:22 1 1
02:47:23 1 1
02:48:23 1 1
02:49:24 1 1
02:50:24 1 1
02:51:24 1 1
02:52:25 1 1
02:53:25 1 1
02:54:26 1 1
02:55:26 1 1
02:56:26 1 1
02:57:27 1 1
02:58:27 1 1
02:59:28 1 1
03:00:28 1 1
03:01:28 1 1
03:02:29 1 1
03:03:29 1 1
03:04:30 1 1
03:05:30 1 1
03:06:31 1 1
03:07:31 1 1
03:08:31 1 1
03:09:32 1 1
03:10:32 1 1
03:11:33 1 1
03:12:33 1 1
03:13:33 1 1
03:14:34 1 1
03:15:34 1 1
03:16:34 1 1
03:17:35 1 1
03:18:35 1 1
03:19:35 1 1
03:20:36 1 1
03:21:36 1 1
03:22:36 1 1
03:23:37 1 1
03:24:37 1 1
03:25:37 1 1
03:26:38 1 1
03:27:38 1 1
03:28:38 1 1
03:29:39 1 1
03:30:39 1 1
03:31:40 1 1
03:32:40 1 1
03:33:40 1 1
03:34:40 1 1
03:35:41 1 1
03:36:41 1 1
03:37:41 1 1
03:38:42 1 1
03:39:42 1 1
03:40:43 1 1
03:41:43 1 1
03:42:43 1 1
03:43:44 1 1
03:44:44 1 1
03:45:44 1 1
03:46:45 1 1
03:47:45 1 1
03:48:45 1 1
03:49:46 1 1
03:50:46 1 1
03:51:46 1 1
03:52:47 1 1
03:53:47 1 1
03:54:47 1 1
03:55:48 1 1
03:56:48 1 1
03:57:48 1 1
03:58:49 1 1
03:59:49 1 1
04:00:49 1 1
04:01:50 1 1
04:02:50 1 1
04:03:50 1 1
04:04:51 1 1
04:05:51 1 1
04:06:51 1 1
04:07:52 1 1
04:08:52 1 1
04:09:52 1 1
04:10:53 1 1
04:11:53 1 1
04:12:53 1 1
04:13:54 1 1
04:14:54 1 1
04:15:54 1 1
04:16:55 1 1
04:17:55 1 1
04:18:55 1 1
04:19:56 1 1
04:20:56 1 1
04:21:56 1 1
04:22:57 1 1
04:23:57 1 1
04:24:57 1 1
04:25:58 1 1
04:26:58 1 1
04:27:58 1 1
04:28:59 1 1
04:29:59 1 1
04:31:00 1 1
04:32:00 1 1
04:33:00 1 1
04:34:01 1 1
04:35:01 1 1
04:36:01 1 1
04:37:02 1 1
04:38:02 1 1
04:39:02 1 1
04:40:03 1 1
04:41:03 1 1
04:42:03 1 1
04:43:04 1 1
04:44:04 1 1
04:45:05 1 1
04:46:05 1 1
04:47:05 1 1
04:48:06 1 1
04:49:06 1 1
04:50:06 1 1
04:51:07 1 1
04:52:07 1 1
04:53:07 1 1
04:54:08 1 1
04:55:08 1 1
04:56:08 1 1
04:57:09 1 1
04:58:09 1 1
04:59:09 1 1
05:00:10 1 1
05:01:10 1 1
05:02:10 1 1
05:03:11 1 1
05:04:11 1 1
05:05:11 1 1
05:06:12 1 1
05:07:12 1 1
05:08:12 1 1
05:09:13 1 1
05:10:13 1 1
05:11:13 1 1
05:12:14 1 1
05:13:14 1 1
05:14:14 1 1
05:15:15 1 1
05:16:15 1 1
05:17:16 1 1
05:18:16 1 1
05:19:16 1 1
05:20:17 1 1
05:21:17 1 1
05:22:17 1 1
05:23:18 1 1
05:24:18 1 1
05:25:18 1 1
05:26:19 1 1
05:27:19 1 1
05:28:19 1 1
05:29:20 1 1
05:30:20 1 1
05:31:21 1 1
05:32:21 1 1
05:33:21 1 1
05:34:21 1 1
05:35:22 1 1
05:36:22 1 1
05:37:22 1 1
05:38:23 1 1
05:39:23 1 1
05:40:23 1 1
05:41:24 1 1
05:42:24 1 1
05:43:25 1 1
05:44:25 1 1
05:45:25 1 1
05:46:26 1 1
05:47:26 1 1
05:48:26 1 1
05:49:27 1 1
05:50:27 1 1
05:51:27 1 1
05:52:28 1 1
05:53:28 1 1
05:54:28 1 1
05:55:29 1 1
05:56:29 1 1
05:57:29 1 1
05:58:30 1 1
05:59:30 1 1
06:00:31 1 1
06:01:31 1 1
06:02:31 1 1
06:03:32 1 1
06:04:32 1 1
06:05:33 1 1
06:06:33 1 1
06:07:33 1 1
06:08:34 1 1
06:09:34 1 1
06:10:35 1 1
06:11:35 1 1
06:12:35 1 1
06:13:36 1 1
06:14:36 1 1
06:15:36 1 1
06:16:37 1 1
06:17:37 1 1
06:18:37 1 1
06:19:38 1 1
06:20:38 1 1
06:21:38 1 1
06:22:39 1 1
06:23:39 1 1
06:24:39 1 1
06:25:40 1 1
06:26:40 1 1
06:27:40 1 1
06:28:41 1 1
06:29:41 1 1
06:30:42 1 1
06:31:42 1 1
06:32:42 1 1
06:33:43 1 1
06:34:43 1 1
06:35:43 1 1
06:36:44 1 1
06:37:44 1 1
06:38:44 1 1
06:39:45 1 1
06:40:45 1 1
06:41:45 1 1
06:42:46 1 1
06:43:46 1 1
06:44:46 1 1
06:45:47 1 1
06:46:47 1 1
06:47:47 1 1
06:48:48 1 1
06:49:48 1 1
06:50:48 1 1
06:51:49 1 1
06:52:49 1 1
06:53:49 1 1
06:54:50 1 1
06:55:50 1 1
06:56:50 1 1
06:57:51 1 1
06:58:51 1 1
06:59:51 1 1
07:00:52 1 1
07:01:52 1 1
07:02:52 1 1
07:03:53 1 1
07:04:53 1 1
07:05:53 1 1
07:06:54 1 1
07:07:54 1 1
07:08:54 1 1
07:09:55 1 1
07:10:55 1 1
07:11:55 1 1
07:12:56 1 1
07:13:56 1 1
07:14:56 1 1
07:15:57 1 1
07:16:57 1 1
07:17:57 1 1
07:18:58 1 1
07:19:58 1 1
07:20:58 1 1
07:21:59 1 1
07:22:59 1 1
07:23:59 1 1
07:25:00 1 1
07:26:00 1 1
07:27:00 1 1
07:28:01 1 1
07:29:01 1 1
07:30:02 1 1
07:31:02 1 1
07:32:02 1 1
07:33:03 1 1
07:34:03 1 1
07:35:04 1 1
07:36:05 1 1
07:37:05 1 1
07:38:05 1 1
07:39:06 1 1
07:40:06 1 1
07:41:06 1 1
07:42:07 1 1
07:43:07 1 1
07:44:07 1 1
07:45:08 1 1
07:46:08 1 1
07:47:08 1 1
07:48:08 1 1
07:49:09 1 1
07:50:09 1 1
07:51:09 1 1
07:52:10 1 1
07:53:10 1 1
07:54:10 1 1
07:55:11 1 1
07:56:11 1 1
07:57:11 1 1
07:58:12 1 1
07:59:12 1 1
08:00:12 1 1
08:01:13 1 1
08:02:13 1 1
08:03:13 1 1
08:04:14 1 1
08:05:14 1 1
08:06:14 1 1
08:07:14 1 1
08:08:15 1 1
08:09:15 1 1
08:10:15 1 1
08:11:16 1 1
08:12:16 1 1
08:13:16 1 1
08:14:17 1 1
08:15:17 1 1
08:16:17 1 1
08:17:17 1 1
08:18:18 1 1
08:19:18 1 1
08:20:19 1 1
08:21:19 1 1
08:22:19 1 1
08:23:20 1 1
08:24:20 1 1
08:25:21 1 1
08:26:21 1 1
08:27:21 1 1
08:28:22 1 1
08:29:22 1 1
08:30:22 1 1
08:31:23 1 1
08:32:23 1 1
08:33:23 1 1
08:34:24 1 1
08:35:24 1 1
08:36:24 1 1
08:37:25 1 1
08:38:25 1 1
08:39:25 1 1
08:40:26 1 1
08:41:26 1 1
08:42:26 1 1
08:43:27 1 1
08:44:27 1 1
08:45:27 1 1
08:46:28 1 1
08:47:28 1 1
08:48:28 1 1
08:49:29 1 1
08:50:29 1 1
08:51:29 1 1
08:52:30 1 1
08:53:30 1 1
08:54:30 1 1
08:55:31 1 1
08:56:32 1 1
08:57:32 1 1
08:58:33 1 1
08:59:33 1 1
09:00:33 1 1
09:01:34 1 1
09:02:34 1 1
09:03:34 1 1
09:04:34 1 1
09:05:35 1 1
09:06:35 1 1
09:07:35 1 1
09:08:35 1 1
09:09:36 1 1
09:10:36 1 1
09:11:36 1 1
09:12:36 1 1
09:13:37 1 1
09:14:37 1 1
09:15:37 1 1
09:16:37 1 1
09:17:38 1 1
09:18:38 1 1
09:19:39 1 1
09:20:39 1 1
09:21:39 1 1
09:22:40 1 1
09:23:40 1 1
09:24:40 1 1
09:25:40 1 1
09:26:41 1 1
09:27:41 1 1
09:28:41 1 1
09:29:41 1 1
09:30:42 1 1
09:31:42 1 1
09:32:42 1 1
09:33:43 1 1
09:34:43 1 1
09:35:43 1 1
09:36:44 1 1
09:37:44 1 1
09:38:45 1 1
09:39:45 1 1
09:40:45 1 1
09:41:46 1 1
09:42:46 1 1
09:43:46 1 1
09:44:46 1 1
09:45:47 1 1
09:46:47 1 1
09:47:47 1 1
09:48:47 1 1
09:49:48 1 1
09:50:48 1 1
09:51:48 1 1
09:52:48 1 1
09:53:48 1 1
09:54:49 1 1
09:55:49 1 1
09:56:49 1 1
09:57:49 1 1
09:58:50 1 1
09:59:50 1 1
10:00:50 1 1
10:01:50 1 1
10:02:51 1 1
10:03:51 1 1
10:04:51 1 1
10:05:51 1 1
10:06:52 1 1
10:07:52 1 1
10:08:52 1 1
10:09:52 1 1
10:10:52 1 1
10:11:53 1 1
10:12:53 1 1
10:13:53 1 1
10:14:54 1 1
10:15:54 1 1
10:16:54 1 1
10:17:55 1 1
10:18:55 1 1
10:19:55 1 1
10:20:56 1 1
10:21:56 1 1
10:22:57 1 1
10:23:58 1 1
10:24:59 1 1
10:25:59 1 1
10:27:00 1 1
10:28:00 1 1
10:29:00 1 1
10:30:01 1 1
10:31:01 1 1
10:32:01 1 1
10:33:02 1 1
10:34:02 1 1
10:35:02 1 1
10:36:02 1 1
10:37:03 1 1
10:38:03 1 1
10:39:04 1 1
10:40:04 1 1
10:41:05 1 1
10:42:05 1 1
10:43:06 1 1
10:44:06 1 1
10:45:06 1 1
10:46:06 1 1
10:47:07 1 1
10:48:07 1 1
10:49:07 1 1
10:50:08 1 1
10:51:09 1 1
10:52:09 1 1
10:53:09 1 1
10:54:09 1 1
10:55:10 1 1
10:56:11 1 1
10:57:11 1 1
10:58:12 1 1
10:59:12 1 1
11:00:13 1 1
11:01:13 1 1
11:02:13 1 1
11:03:14 1 1
11:04:14 1 1
11:05:14 1 1
11:06:15 1 1
11:07:15 1 1
11:08:16 1 1
11:09:16 1 1
11:10:16 1 1
11:11:17 1 1
11:12:17 1 1
11:13:17 1 1
11:14:18 1 1
11:15:19 1 1
11:16:19 1 1
11:17:20 1 1
11:18:20 1 1
11:19:20 1 1
11:20:21 1 1
11:21:21 1 1
11:22:21 1 1
11:23:21 1 1
11:24:22 1 1
11:25:22 1 1
11:26:22 1 1
11:27:22 1 1
11:28:23 1 1
11:29:23 1 1
11:30:23 1 1
11:31:23 1 1
11:32:24 1 1
11:33:24 1 1
11:34:25 1 1
11:35:25 1 1
11:36:25 1 1
11:37:26 1 1
11:38:26 1 1
11:39:26 1 1
11:40:26 1 1
11:41:27 1 1
11:42:27 1 1
11:43:27 1 1
11:44:28 1 1
11:45:29 1 1
11:46:29 1 1
11:47:30 1 1
11:48:30 1 1
11:49:31 1 1
11:50:31 1 1
11:51:32 1 1
11:52:32 1 1
11:53:32 1 1
11:54:33 1 1
11:55:33 1 1
11:56:33 1 1
11:57:33 1 1
11:58:34 1 1
11:59:34 1 1
12:00:34 1 1
12:01:35 1 1
12:02:35 1 1
12:03:35 1 1
12:04:35 1 1
12:05:36 1 1
12:06:36 1 1
12:07:36 1 1
12:08:36 1 1
12:09:37 1 1
12:10:37 1 1
12:11:38 1 1
12:12:38 1 1
12:13:38 1 1
12:14:39 1 1
12:15:39 1 1
12:16:39 1 1
12:17:40 1 1
12:18:41 1 1
12:19:41 1 1
12:20:42 1 1
12:21:42 1 1
12:22:42 1 1
12:23:42 1 1
12:24:42 1 1
12:25:43 1 1
12:26:43 1 1
12:27:43 1 1
12:28:44 1 1
12:29:44 1 1
12:30:44 1 1
12:31:45 1 1
12:32:45 1 1
12:33:45 1 1
12:34:45 1 1
12:35:45 1 1
12:36:46 1 1
12:37:46 1 1
12:38:46 1 1
12:39:47 1 1
12:40:47 1 1
12:41:47 1 1
12:42:47 1 1
12:43:47 1 1
12:44:47 1 1
12:45:48 1 1
12:46:48 1 1
12:47:48 1 1
12:48:48 1 1
12:49:49 1 1
12:50:50 1 1
12:51:50 1 1
12:52:50 1 1
12:53:50 1 1
12:54:51 1 1
12:55:51 1 1
12:56:51 1 1
12:57:51 1 1
12:58:52 1 1
12:59:52 1 1
13:00:52 1 1
13:01:53 1 1
13:02:53 1 1
13:03:53 1 1
13:04:53 1 1
13:05:53 1 1
13:06:54 1 1
13:07:54 1 1
13:08:54 1 1
13:09:54 1 1
13:10:54 1 1
13:11:54 1 1
13:12:55 1 1
13:13:55 1 1
13:14:55 1 1
13:15:55 1 1
13:16:55 1 1
13:17:56 1 1
13:18:56 1 1
13:19:56 1 1
13:20:56 1 1
13:21:57 1 1
13:22:57 1 1
13:23:58 1 1
13:24:58 1 1
13:25:58 1 1
13:26:58 1 1
13:27:59 1 1
13:28:59 1 1
13:29:59 1 1
13:30:59 1 1
13:32:00 1 1
13:33:00 1 1
13:34:00 1 1
13:35:01 1 1
13:36:01 1 1
13:37:01 1 1
13:38:01 1 1
13:39:02 1 1
13:40:02 1 1
13:41:02 1 1
13:42:03 1 1
13:43:03 1 1
13:44:04 1 1
13:45:04 1 1
13:46:04 1 1
13:47:05 1 1
13:48:06 1 1
13:49:06 1 1
13:50:06 1 1
13:51:07 1 1
13:52:07 1 1
13:53:07 1 1
13:54:07 1 1
13:55:08 1 1
13:56:08 1 1
13:57:08 1 1
13:58:08 1 1
13:59:09 1 1
14:00:09 1 1
14:01:09 1 1
14:02:09 1 1
14:03:09 1 1
14:04:10 1 1
14:05:10 1 1
14:06:10 1 1
14:07:11 1 1
14:08:11 1 1
14:09:11 1 1
14:10:12 1 1
14:11:12 1 1
14:12:12 1 1
14:13:13 1 1
14:14:13 1 1
14:15:13 1 1
14:16:14 1 1
14:17:14 1 1
14:18:14 1 1
14:19:14 1 1
14:20:15 1 1
14:21:15 1 1
14:22:15 1 1
14:23:15 1 1
14:24:16 1 1
14:25:17 1 1
14:26:17 1 1
14:27:17 1 1
14:28:18 1 1
14:29:18 1 1
14:30:18 1 1
14:31:19 1 1
14:32:19 1 1
14:33:19 1 1
14:34:20 1 1
14:35:20 1 1
14:36:20 1 1
14:37:21 1 1
14:38:21 1 1
14:39:22 1 1
14:40:22 1 1
14:41:23 1 1
14:42:23 1 1
14:43:23 1 1
14:44:24 1 1
14:45:25 1 1
14:46:25 1 1
14:47:25 1 1
14:48:25 1 1
14:49:26 1 1
14:50:26 1 1
14:51:27 1 1
14:52:27 1 1
14:53:27 1 1
14:54:27 1 1
14:55:28 1 1
14:56:28 1 1
14:57:28 1 1
14:58:32 1 1
14:59:29 1 1
15:00:29 1 1
15:01:29 1 1
15:02:29 1 1
15:03:30 1 1
15:04:30 1 1
15:05:30 1 1
15:06:30 1 1
15:07:30 1 1
15:08:31 1 1
15:09:31 1 1
15:10:31 1 1
15:11:32 1 1
15:12:33 1 1
15:13:33 1 1
15:14:33 1 1
15:15:33 1 1
15:16:34 1 1
15:17:34 1 1
15:18:34 1 1
15:19:34 1 1
15:20:35 1 1
15:21:35 1 1
15:22:35 1 1
15:23:35 1 1
15:24:35 1 1
15:25:36 1 1
15:26:36 1 1
15:27:36 1 1
15:28:36 1 1
15:29:37 1 1
15:30:37 1 1
15:31:37 1 1
15:32:38 1 1
15:33:38 1 1
15:34:38 1 1
15:35:38 1 1
15:36:38 1 1
15:37:39 1 1
15:38:39 1 1
15:39:39 1 1
15:40:39 1 1
15:41:39 1 1
15:42:40 1 1
15:43:40 1 1
15:44:40 1 1
15:45:40 1 1
15:46:41 1 1
15:47:41 1 1
15:48:41 1 1
15:49:42 1 1
15:50:42 1 1
15:51:42 1 1
15:52:43 1 1
15:53:43 1 1
15:54:43 1 1
15:55:43 1 1
15:56:43 1 1
15:57:44 1 1
15:58:44 1 1
15:59:44 1 1
16:00:44 1 1
16:01:44 1 1
16:02:45 1 1
16:03:45 1 1
16:04:45 1 1
16:05:45 1 1
16:06:46 1 1
16:07:46 1 1
16:08:46 1 1
16:09:46 1 1
16:10:46 1 1
16:11:47 1 1
16:12:47 1 1
16:13:47 1 1
16:14:47 1 1
16:15:48 1 1
16:16:48 1 1
16:17:48 1 1
16:18:48 1 1
16:19:48 1 1
16:20:49 1 1
16:21:49 1 1
16:22:49 1 1
16:23:49 1 1
16:24:50 1 1
16:25:50 1 1
16:26:50 1 1
16:27:50 1 1
16:28:51 1 1
16:29:51 1 1
16:30:51 1 1
16:31:51 1 1
16:32:52 1 1
16:33:52 1 1
16:34:53 1 1
16:35:53 1 1
16:36:53 1 1
16:37:53 1 1
16:38:54 1 1
16:39:54 1 1
16:40:54 1 1
16:41:54 1 1
16:42:55 1 1
16:43:55 1 1
16:44:55 1 1
16:45:55 1 1
16:46:55 1 1
16:47:56 1 1
16:48:56 1 1
16:49:56 1 1
16:50:56 1 1
16:51:56 1 1
16:52:57 1 1
16:53:57 1 1
16:54:57 1 1
16:55:57 1 1
16:56:58 1 1
16:57:58 1 1
16:58:58 1 1
16:59:59 1 1
17:00:59 1 1
17:01:59 1 1
17:03:02 1 1
17:04:00 1 1
17:05:00 1 1
17:06:00 1 1
17:07:01 1 1
17:08:01 1 1
17:09:01 1 1
17:10:01 1 1
17:11:02 1 1
17:12:02 1 1
17:13:02 1 1
17:14:05 1 1
17:15:03 1 1
17:16:06 1 1
17:17:03 1 1
17:18:03 1 1
17:19:03 1 1
17:20:04 1 1
17:21:04 1 1
17:22:04 1 1
17:23:05 1 1
17:24:06 1 1
17:25:06 1 1
17:26:06 1 1
17:27:07 1 1
17:28:07 1 1
17:29:07 1 1
17:30:08 1 1
17:31:08 1 1
17:32:08 1 1
17:33:09 1 1
17:34:09 1 1
17:35:09 1 1
17:36:09 1 1
17:37:10 1 1
17:38:10 1 1
17:39:10 1 1
17:40:11 1 1
17:41:11 1 1
17:42:11 1 1
17:43:12 1 1
17:44:13 1 1
17:45:13 1 1
17:46:13 1 1
17:47:13 1 1
17:48:14 1 1
17:49:14 1 1
17:50:14 1 1
17:51:14 1 1
17:52:15 1 1
17:53:15 1 1
17:54:15 1 1
17:55:15 1 1
17:56:16 1 1
17:57:16 1 1
17:58:16 1 1
17:59:17 1 1
18:00:17 1 1
18:01:17 1 1
18:02:17 1 1
18:03:17 1 1
18:04:18 1 1
18:05:18 1 1
18:06:18 1 1
18:07:18 1 1
18:08:19 1 1
18:09:19 1 1
18:10:19 1 1
18:11:19 1 1
18:12:20 1 1
18:13:20 1 1
18:14:20 1 1
18:15:21 1 1
18:16:21 1 1
18:17:21 1 1
18:18:21 1 1
18:19:22 1 1
18:20:22 1 1
18:21:22 1 1
18:22:22 1 1
18:23:23 1 1
18:24:23 1 1
18:25:23 1 1
18:26:23 1 1
18:27:24 1 1
18:28:24 1 1
18:29:25 1 1
18:30:25 1 1
18:31:25 1 1
18:32:26 1 1
18:33:26 1 1
18:34:27 1 1
18:35:27 1 1
18:36:30 1 1
18:37:28 1 1
18:38:28 1 1
18:39:28 1 1
18:40:29 1 1
18:41:29 1 1
18:42:29 1 1
18:43:29 1 1
18:44:29 1 1
18:45:30 1 1
18:46:30 1 1
18:47:30 1 1
18:48:30 1 1
18:49:31 1 1
18:50:31 1 1
18:51:31 1 1
18:52:31 1 1
18:53:32 1 1
18:54:33 1 1
18:55:33 1 1
18:56:33 1 1
18:57:33 1 1
18:58:34 1 1
18:59:34 1 1
19:00:34 1 1
19:01:34 1 1
19:02:34 1 1
19:03:35 1 1
19:04:38 1 1
19:05:35 1 1
19:06:35 1 1
19:07:36 1 1
19:08:36 1 1
19:09:36 1 1
19:10:36 1 1
19:11:36 1 1
19:12:37 1 1
19:13:37 1 1
19:14:37 1 1
19:15:37 1 1
19:16:38 1 1
19:17:38 1 1
19:18:38 1 1
19:19:38 1 1
19:20:38 1 1
19:21:39 1 1
19:22:39 1 1
19:23:39 1 1
19:24:39 1 1
19:25:40 1 1
19:26:40 1 1
19:27:40 1 1
19:28:40 1 1
19:29:40 1 1
19:30:41 1 1
19:31:41 1 1
19:32:41 1 1
19:33:42 1 1
19:34:42 1 1
19:35:42 1 1
19:36:42 1 1
19:37:43 1 1
19:38:43 1 1
19:39:43 1 1
19:40:43 1 1
19:41:43 1 1
19:42:44 1 1
19:43:44 1 1
19:44:44 1 1
19:45:44 1 1
19:46:44 1 1
19:47:45 1 1
19:48:45 1 1
19:49:45 1 1
19:50:45 1 1
19:51:46 1 1
19:52:46 1 1
19:53:46 1 1
19:54:46 1 1
19:55:46 1 1
19:56:46 1 1
19:57:47 1 1
19:58:47 1 1
19:59:47 1 1
20:00:48 1 1
20:01:48 1 1
20:02:48 1 1
20:03:48 1 1
20:04:48 1 1
20:05:48 1 1
20:06:49 1 1
20:07:49 1 1
20:08:49 1 1
20:09:49 1 1
20:10:49 1 1
20:11:50 1 1
20:12:50 1 1
20:13:50 1 1
20:14:50 1 1
20:15:50 1 1
20:16:51 1 1
20:17:51 1 1
20:18:51 1 1
20:19:52 1 1
20:20:52 1 1
20:21:52 1 1
20:22:52 1 1
20:23:52 1 1
20:24:53 1 1
20:25:53 1 1
20:26:53 1 1
20:27:54 1 1
20:28:54 1 1
20:29:54 1 1
20:30:54 1 1
20:31:54 1 1
20:32:55 1 1
20:33:55 1 1
20:34:55 1 1
20:35:55 1 1
20:36:55 1 1
20:37:56 1 1
20:38:56 1 1
20:39:56 1 1
20:40:56 1 1
20:41:56 1 1
20:42:57 1 1
20:43:57 1 1
20:44:57 1 1
20:45:57 1 1
20:46:59 1 1
20:47:59 1 1
20:48:59 1 1
20:50:20 0 0
20:50:59 1 1
20:52:00 1 1
20:53:00 1 1
20:54:00 1 1
20:55:00 1 1
20:56:00 1 1
20:57:00 1 1
20:58:01 1 1
20:59:01 1 1
21:00:01 1 1
21:01:01 1 1
21:02:02 1 1
21:03:02 1 1
21:04:02 1 1
21:05:02 1 1
21:06:02 1 1
21:07:03 1 1
21:08:03 1 1
21:09:03 1 1
21:10:03 1 1
21:11:03 1 1
21:12:04 1 1
21:13:04 1 1
21:14:04 1 1
21:15:04 1 1
21:16:04 1 1
21:17:05 1 1
21:18:05 1 1
21:19:05 1 1
21:20:06 1 1
21:21:06 1 1
21:22:06 1 1
21:23:06 1 1
21:24:06 1 1
21:25:07 1 1
21:26:07 1 1
21:27:07 1 1
21:28:07 1 1
21:29:08 1 1
21:30:08 1 1
21:31:08 1 1
21:32:08 1 1
21:33:08 1 1
21:34:09 1 1
21:35:09 1 1
21:36:09 1 1
21:37:09 1 1
21:38:10 1 1
21:39:10 1 1
21:40:10 1 1
21:41:10 1 1
21:42:10 1 1
21:43:11 1 1
21:44:11 1 1
21:45:11 1 1
21:46:11 1 1
21:47:12 1 1
21:48:12 1 1
21:49:12 1 1
21:50:12 1 1
21:51:13 1 1
21:52:13 1 1
21:53:13 1 1
21:54:13 1 1
21:55:14 1 1
21:56:14 1 1
21:57:14 1 1
21:58:14 1 1
21:59:15 1 1
22:00:15 1 1
22:01:15 1 1
22:02:15 1 1
22:03:16 1 1
22:04:16 1 1
22:05:16 1 1
22:06:16 1 1
22:07:17 1 1
22:08:17 1 1
22:09:17 1 1
22:10:38 0 0
22:11:17 1 1
22:12:18 1 1
22:13:18 1 1
22:14:18 1 1
22:15:19 1 1
22:16:19 1 1
22:17:19 1 1
22:18:19 1 1
22:19:19 1 1
22:20:20 1 1
22:21:20 1 1
22:22:20 1 1
22:23:20 1 1
22:24:21 1 1
22:25:21 1 1
22:26:21 1 1
22:27:21 1 1
22:28:22 1 1
22:29:22 1 1
22:30:22 1 1
22:31:22 1 1
22:32:23 1 1
22:33:23 1 1
22:34:23 1 1
22:35:23 1 1
22:36:24 1 1
22:37:24 1 1
22:38:24 1 1
22:39:25 1 1
22:40:25 1 1
22:41:25 1 1
22:42:26 1 1
22:43:26 1 1
22:44:26 1 1
22:45:26 1 1
22:46:26 1 1
22:47:27 1 1
22:48:27 1 1
22:49:27 1 1
22:50:27 1 1
22:51:28 1 1
22:52:28 1 1
22:53:28 1 1
22:54:28 1 1
22:55:29 1 1
22:56:29 1 1
22:57:29 1 1
22:58:29 1 1
22:59:30 1 1
23:00:30 1 1
23:01:30 1 1
23:02:31 1 1
23:03:31 1 1
23:04:31 1 1
23:05:31 1 1
23:06:32 1 1
23:07:32 1 1
23:08:32 1 1
23:09:32 1 1
23:10:33 1 1
23:11:33 1 1
23:12:33 1 1
23:13:33 1 1
23:14:34 1 1
23:15:34 1 1
23:16:34 1 1
23:17:34 1 1
23:18:35 1 1
23:19:35 1 1
23:20:35 1 1
23:21:36 1 1
23:22:36 1 1
23:23:36 1 1
23:24:36 1 1
23:25:37 1 1
23:26:37 1 1
23:27:37 1 1
23:28:37 1 1
23:29:38 1 1
23:30:38 1 1
23:31:38 1 1
23:32:38 1 1
23:33:39 1 1
23:34:39 1 1
23:35:39 1 1
23:36:40 1 1
23:37:40 1 1
23:38:40 1 1
23:39:40 1 1
23:40:41 1 1
23:41:41 1 1
23:42:41 1 1
23:43:42 1 1
23:44:42 1 1
23:45:42 1 1
23:46:43 1 1
23:47:43 1 1
23:48:44 1 1
23:49:45 1 1
23:50:45 1 1
23:51:46 1 1
23:52:46 1 1
23:53:46 1 1
23:54:47 1 1
23:55:48 1 1
23:56:48 1 1
23:57:49 1 1
23:58:49 1 1
23:59:49 1 1
