00:02:28 20
00:03:24 0
00:04:08 5
00:05:09 4
00:06:11 30
00:07:18 17
00:08:18 11
02:00:08 3
02:01:06 1
02:02:06 4
02:03:07 0
02:04:07 1
02:05:08 6
02:06:08 3
02:07:09 1
02:08:09 4
02:09:09 0
02:10:10 4
02:11:10 14
02:12:11 4
02:13:11 -1
02:14:11 8
02:15:12 1
02:16:12 1
02:17:13 8
02:18:13 1
02:19:14 3
02:20:14 3
02:21:14 5
02:22:15 0
02:23:15 4
02:24:16 4
02:25:16 3
02:26:17 4
02:27:17 10
02:28:17 2
02:29:18 1
02:30:18 3
02:31:19 10
02:32:19 0
02:33:19 2
02:34:20 3
02:35:20 4
02:36:21 4
02:37:21 0
02:38:21 7
02:39:22 0
02:40:22 2
02:41:23 2
02:42:23 6
02:43:23 15
02:44:24 0
02:45:24 10
02:46:25 3
02:47:25 2
02:48:25 0
02:49:26 19
02:50:26 4
02:51:27 3
02:52:27 3
02:53:27 5
02:54:28 2
02:55:28 3
02:56:29 0
02:57:29 4
02:58:29 1
02:59:30 0
03:00:30 51
03:01:31 50
03:02:31 55
03:03:31 50
03:04:32 53
03:05:32 52
03:06:33 54
03:07:33 50
03:08:34 0
03:09:34 0
03:10:34 2
03:11:35 1
03:12:35 14
03:13:35 1
03:14:36 0
03:15:36 5
03:16:36 3
03:17:37 2
03:18:37 13
03:19:38 17
03:20:38 3
03:21:38 10
03:22:39 3
03:23:39 4
03:24:39 3
03:25:40 19
03:26:40 6
03:27:40 14
03:28:41 0
03:29:41 0
03:30:41 3
03:31:42 16
03:32:42 1
03:33:42 4
03:34:42 3
03:35:43 10
03:36:43 2
03:37:44 2
03:38:44 3
03:39:44 2
03:40:45 7
03:41:45 0
03:42:45 7
03:43:46 0
03:44:46 10
03:45:46 0
03:46:47 0
03:47:47 0
03:48:47 1
03:49:48 5
03:50:48 9
03:51:48 7
03:52:49 1
03:53:49 4
03:54:49 2
03:55:50 3
03:56:50 0
03:57:50 10
03:58:51 2
03:59:51 4
04:00:52 2
04:01:52 2
04:02:52 2
04:03:52 2
04:04:53 4
04:05:53 1
04:06:54 -1
04:07:54 1
04:08:54 1
04:09:55 3
04:10:55 0
04:11:55 2
04:12:56 8
04:13:56 4
04:14:56 7
04:15:57 3
04:16:57 4
04:17:57 6
04:18:58 1
04:19:58 1
04:20:58 0
04:21:59 17
04:22:59 1
04:23:59 3
04:25:00 3
04:26:00 7
04:27:00 4
04:28:01 3
04:29:01 0
04:30:01 3
04:31:02 5
04:32:02 7
04:33:02 2
04:34:03 1
04:35:03 33
04:36:03 2
04:37:04 4
04:38:04 2
04:39:04 7
04:40:05 1
04:41:05 1
04:42:06 0
04:43:06 9
04:44:06 2
04:45:07 3
04:46:07 6
04:47:07 2
04:48:08 0
04:49:08 4
04:50:08 5
04:51:09 3
04:52:09 1
04:53:09 3
04:54:10 3
04:55:10 0
04:56:10 12
04:57:11 2
04:58:11 3
04:59:12 0
05:00:12 3
05:01:12 8
05:02:12 1
05:03:13 5
05:04:13 1
05:05:14 3
05:06:14 16
05:07:14 1
05:08:15 1
05:09:15 2
05:10:15 2
05:11:16 4
05:12:16 0
05:13:16 8
05:14:17 1
05:15:17 0
05:16:17 3
05:17:18 0
05:18:18 0
05:19:19 0
05:20:19 0
05:21:19 0
05:22:20 0
05:23:20 0
05:24:20 0
05:25:21 3
05:26:21 0
05:27:21 14
05:28:22 1
05:29:22 4
05:30:22 1
05:31:23 0
05:32:23 2
05:33:23 4
05:34:24 1
05:35:24 1
05:36:24 1
05:37:25 4
05:38:25 2
05:39:25 4
05:40:26 3
05:41:26 0
05:42:27 0
05:43:27 1
05:44:27 4
05:45:27 3
05:46:28 0
05:47:28 4
05:48:28 5
05:49:29 1
05:50:29 0
05:51:29 2
05:52:30 5
05:53:30 2
05:54:30 10
05:55:31 1
05:56:31 0
05:57:32 1
05:58:32 9
05:59:32 3
06:00:33 1
06:01:33 -1
06:02:34 1
06:03:34 2
06:04:34 11
06:05:35 3
06:06:35 2
06:07:36 4
06:08:36 5
06:09:36 0
06:10:37 2
06:11:37 3
06:12:37 4
06:13:38 1
06:14:38 21
06:15:38 17
06:16:39 4
06:17:39 4
06:18:40 1
06:19:40 0
06:20:40 9
06:21:41 0
06:22:41 2
06:23:41 10
06:24:42 0
06:25:42 5
06:26:42 6
06:27:43 0
06:28:43 0
06:29:43 1
06:30:44 5
06:31:44 7
06:32:44 11
06:33:45 22
06:34:45 2
06:35:45 1
06:36:46 7
06:37:46 5
06:38:46 2
06:39:47 7
06:40:47 0
06:41:47 0
06:42:48 3
06:43:48 0
06:44:48 4
06:45:49 0
06:46:49 17
06:47:49 8
06:48:50 1
06:49:50 0
06:50:50 0
06:51:51 0
06:52:51 0
06:53:51 1
06:54:52 0
06:55:52 8
06:56:52 4
06:57:53 3
06:58:53 1
06:59:53 44
07:00:54 7
07:01:54 3
07:02:54 2
07:03:55 2
07:04:55 3
07:05:55 15
07:06:56 1
07:07:56 1
07:08:56 16
07:09:57 10
07:10:57 5
07:11:57 3
07:12:58 3
07:13:58 1
07:14:58 3
07:15:59 0
07:16:59 2
07:18:00 4
07:19:00 1
07:20:00 5
07:21:01 3
07:22:01 0
07:23:01 2
07:24:02 1
07:25:02 7
07:26:02 10
07:27:03 2
07:28:03 4
07:29:03 13
07:30:04 1
07:31:04 2
07:32:05 2
07:33:05 3
07:34:05 0
07:35:06 0
07:36:07 -1
07:37:07 3
07:38:07 0
07:39:09 9
07:40:08 3
07:41:08 0
07:42:09 16
07:43:09 14
07:44:09 4
07:45:10 10
07:46:10 -1
07:47:10 14
07:48:11 -1
07:49:11 0
07:50:11 1
07:51:12 1
07:52:12 2
07:53:12 7
07:54:12 35
07:55:13 20
07:56:13 1
07:57:13 4
07:58:14 1
07:59:14 3
08:00:14 12
08:01:15 6
08:02:15 4
08:03:15 13
08:04:16 20
08:05:16 5
08:06:16 0
08:07:17 34
08:08:17 30
08:09:17 14
08:10:17 72
08:11:18 34
08:12:18 18
08:13:18 13
08:14:19 1
08:15:19 4
08:16:19 25
08:17:20 9
08:18:20 20
08:19:20 8
08:20:21 14
08:21:21 3
08:22:21 40
08:23:22 2
08:24:23 -1
08:25:23 10
08:26:23 13
08:27:24 9
08:28:24 25
08:29:24 37
08:30:25 16
08:31:25 20
08:32:25 16
08:33:25 15
08:34:26 24
08:35:26 21
08:36:26 12
08:37:27 12
08:38:27 24
08:39:27 42
08:40:28 11
08:41:28 44
08:42:28 7
08:43:29 15
08:44:29 14
08:45:30 23
08:46:30 24
08:47:30 7
08:48:31 5
08:49:31 40
08:50:31 35
08:51:32 44
08:52:32 7
08:53:32 36
08:54:33 16
08:55:34 37
08:56:34 36
08:57:34 10
08:58:35 11
08:59:35 17
09:00:36 14
09:01:36 15
09:02:36 14
09:03:37 32
09:04:37 40
09:05:37 29
09:06:37 15
09:07:37 16
09:08:38 75
09:09:38 59
09:10:38 64
09:11:38 17
09:12:39 12
09:13:39 3
09:14:39 16
09:15:40 7
09:16:40 48
09:17:40 8
09:18:41 7
09:19:41 17
09:20:41 50
09:21:41 21
09:22:42 5
09:23:42 27
09:24:42 10
09:25:45 28
09:26:43 14
09:27:43 8
09:28:43 10
09:29:44 30
09:30:44 17
09:31:44 7
09:32:44 16
09:33:45 14
09:34:45 7
09:35:45 27
09:36:46 16
09:37:46 25
09:38:47 7
09:39:47 33
09:40:47 7
09:41:48 14
09:42:48 -1
09:43:48 7
09:44:49 64
09:45:49 27
09:46:49 11
09:47:49 19
09:48:50 62
09:49:50 20
09:50:50 20
09:51:50 19
09:52:50 17
09:53:51 14
09:54:51 50
09:55:51 17
09:56:51 8
09:57:52 29
09:58:52 24
09:59:52 21
10:00:52 24
10:01:53 10
10:02:53 8
10:03:56 18
10:04:53 31
10:05:54 58
10:06:54 19
10:07:54 35
10:08:54 32
10:09:54 7
10:10:55 9
10:11:55 10
10:12:55 30
10:13:56 38
10:14:56 72
10:15:56 15
10:16:56 3
10:17:57 9
10:18:57 10
10:19:57 24
10:20:58 13
10:22:02 70
10:22:59 11
10:24:00 45
10:25:01 21
10:26:01 3
10:27:02 3
10:28:02 7
10:29:02 10
10:30:03 37
10:31:03 7
10:32:03 23
10:33:04 14
10:34:04 35
10:35:04 10
10:36:05 41
10:37:05 14
10:38:05 20
10:39:06 30
10:40:07 17
10:41:07 32
10:42:07 26
10:43:08 13
10:44:08 9
10:45:08 7
10:46:09 20
10:47:09 5
10:48:09 65
10:49:10 8
10:50:10 39
10:51:10 27
10:52:11 47
10:53:11 42
10:54:12 17
10:55:12 23
10:56:13 8
10:57:13 13
10:58:14 7
10:59:15 1
11:00:15 17
11:01:15 18
11:02:16 10
11:03:16 5
11:04:16 26
11:05:17 20
11:06:17 24
11:07:17 10
11:08:18 5
11:09:18 12
11:10:18 14
11:11:19 7
11:12:19 13
11:13:19 13
11:14:20 -1
11:15:21 52
11:16:21 48
11:17:22 10
11:18:22 14
11:19:22 25
11:20:23 34
11:21:23 29
11:22:23 36
11:23:24 50
11:24:24 27
11:25:24 16
11:26:24 29
11:27:25 31
11:28:25 24
11:29:25 13
11:30:25 5
11:31:26 25
11:32:26 35
11:33:29 71
11:34:27 52
11:35:27 10
11:36:27 51
11:37:28 20
11:38:28 16
11:39:28 19
11:40:29 20
11:41:29 19
11:42:29 22
11:43:29 15
11:44:30 39
11:45:31 50
11:46:32 12
11:47:32 20
11:48:32 4
11:49:33 20
11:50:33 40
11:51:34 5
11:52:34 22
11:53:34 18
11:54:35 7
11:55:35 14
11:56:35 40
11:57:36 8
11:58:36 20
11:59:36 10
12:00:36 6
12:01:37 8
12:02:37 13
12:03:37 7
12:04:37 7
12:05:38 6
12:06:38 14
12:07:38 16
12:08:38 8
12:09:39 6
12:10:39 5
12:11:40 7
12:12:40 4
12:13:40 9
12:14:41 6
12:15:41 8
12:16:42 14
12:17:42 12
12:18:43 11
12:19:43 5
12:20:44 44
12:21:44 8
12:22:44 17
12:23:44 27
12:24:45 12
12:25:45 31
12:26:45 4
12:27:46 17
12:28:46 5
12:29:46 9
12:30:46 3
12:31:47 6
12:32:47 12
12:33:47 22
12:34:47 7
12:35:48 1
12:36:48 27
12:37:48 6
12:38:48 8
12:39:49 46
12:40:49 20
12:41:49 28
12:42:49 14
12:43:50 22
12:44:50 5
12:45:50 24
12:46:50 9
12:47:50 14
12:48:50 21
12:49:51 8
12:50:52 27
12:51:52 7
12:52:52 16
12:53:53 24
12:54:53 17
12:55:53 17
12:56:53 9
12:57:54 19
12:58:54 4
12:59:54 14
13:00:54 23
13:01:55 24
13:02:55 10
13:03:55 3
13:04:55 4
13:05:56 7
13:06:56 35
13:07:56 22
13:08:56 10
13:09:56 84
13:10:56 14
13:11:57 7
13:12:57 3
13:13:57 50
13:14:57 10
13:15:57 24
13:16:58 10
13:17:58 7
13:18:58 29
13:19:58 4
13:20:58 4
13:21:59 5
13:22:59 7
13:24:00 4
13:25:00 14
13:26:00 8
13:27:00 16
13:28:01 24
13:29:01 10
13:30:01 6
13:31:02 1
13:32:02 3
13:33:02 13
13:34:03 11
13:35:03 10
13:36:03 3
13:37:03 6
13:38:04 19
13:39:04 7
13:40:04 4
13:41:04 23
13:42:05 12
13:43:06 10
13:44:06 23
13:45:06 3
13:46:06 27
13:47:07 11
13:48:08 2
13:49:08 7
13:50:08 9
13:51:09 9
13:52:09 30
13:53:09 24
13:54:10 27
13:55:10 38
13:56:10 27
13:57:10 8
13:58:10 7
13:59:11 7
14:00:11 5
14:01:11 27
14:02:11 35
14:03:12 11
14:04:12 21
14:05:12 36
14:06:12 87
14:07:13 63
14:08:13 72
14:09:14 10
14:10:14 23
14:11:14 38
14:12:15 4
14:13:15 5
14:14:15 3
14:15:15 17
14:16:16 20
14:17:16 11
14:18:16 16
14:19:17 14
14:20:17 36
14:21:17 65
14:22:17 12
14:23:18 19
14:24:18 14
14:25:19 27
14:26:19 22
14:27:20 8
14:28:20 9
14:29:20 3
14:30:20 10
14:31:21 23
14:32:21 34
14:33:21 7
14:34:22 24
14:35:22 26
14:36:23 29
14:37:23 25
14:38:24 7
14:39:24 18
14:40:24 44
14:41:25 12
14:42:25 -1
14:43:26 23
14:44:26 36
14:45:27 44
14:46:27 22
14:47:27 17
14:48:28 22
14:49:28 2
14:50:28 19
14:51:29 13
14:52:29 17
14:53:29 46
14:54:30 34
14:55:30 15
14:56:30 29
14:57:30 17
14:58:34 47
14:59:31 7
15:00:31 28
15:01:31 17
15:02:32 13
15:03:32 27
15:04:32 40
15:05:32 22
15:06:32 10
15:07:33 23
15:08:33 4
15:09:33 27
15:10:33 27
15:11:34 17
15:12:35 10
15:13:35 15
15:14:35 4
15:15:36 7
15:16:36 27
15:17:36 16
15:18:36 4
15:19:37 16
15:20:37 32
15:21:37 34
15:22:37 13
15:23:37 21
15:24:38 17
15:25:38 20
15:26:38 40
15:27:38 52
15:28:38 14
15:29:39 18
15:30:39 6
15:31:39 -1
15:32:40 55
15:33:40 13
15:34:40 23
15:35:40 9
15:36:41 12
15:37:41 10
15:38:41 21
15:39:41 22
15:40:41 13
15:41:42 -1
15:42:42 39
15:43:42 7
15:44:42 9
15:45:43 5
15:46:43 44
15:47:43 65
15:48:44 77
15:49:44 27
15:50:44 4
15:51:45 7
15:52:45 11
15:53:45 26
15:54:45 21
15:55:45 17
15:56:46 17
15:57:46 16
15:58:46 10
15:59:46 52
16:00:46 59
16:01:47 31
16:02:47 14
16:03:47 14
16:04:47 6
16:05:48 4
16:06:48 44
16:07:48 7
16:08:48 17
16:09:48 58
16:10:49 9
16:11:49 37
16:12:49 34
16:13:49 16
16:14:50 37
16:15:50 24
16:16:50 49
16:17:50 7
16:18:50 7
16:19:51 7
16:20:51 21
16:21:51 24
16:22:51 47
16:23:52 17
16:24:52 32
16:25:52 29
16:26:52 20
16:27:53 24
16:28:53 47
16:29:53 3
16:30:53 20
16:31:54 92
16:32:54 17
16:33:55 24
16:34:55 13
16:35:55 11
16:36:55 10
16:37:55 9
16:38:56 24
16:39:56 29
16:40:56 50
16:41:57 25
16:42:57 7
16:43:57 24
16:44:57 35
16:45:57 36
16:46:58 7
16:47:58 19
16:48:58 19
16:49:58 10
16:50:58 46
16:51:59 33
16:52:59 7
16:53:59 7
16:55:00 23
16:56:00 17
16:57:00 26
16:58:00 22
16:59:01 7
17:00:01 8
17:01:01 19
17:02:01 15
17:03:02 4
17:04:02 47
17:05:02 13
17:06:03 32
17:07:03 32
17:08:03 24
17:09:03 5
17:10:04 12
17:11:04 24
17:12:04 30
17:13:04 23
17:14:05 14
17:15:05 21
17:16:05 35
17:17:05 22
17:18:05 9
17:19:06 11
17:20:06 27
17:21:06 26
17:22:07 44
17:23:07 9
17:24:08 19
17:25:08 30
17:26:09 6
17:27:09 19
17:28:09 47
17:29:10 30
17:30:10 44
17:31:10 34
17:32:10 10
17:33:11 11
17:34:11 21
17:35:11 20
17:36:15 70
17:37:12 27
17:38:12 56
17:39:13 52
17:40:13 60
17:41:13 43
17:42:14 54
17:43:14 17
17:44:15 34
17:45:15 63
17:46:15 31
17:47:16 17
17:48:16 30
17:49:16 7
17:50:16 9
17:51:17 5
17:52:17 5
17:53:17 24
17:54:17 8
17:55:18 13
17:56:18 14
17:57:18 12
17:58:18 46
17:59:19 14
18:00:19 11
18:01:19 24
18:02:19 14
18:03:20 6
18:04:20 29
18:05:20 10
18:06:20 34
18:07:21 71
18:08:21 17
18:09:21 55
18:10:21 55
18:11:22 13
18:12:22 14
18:13:22 13
18:14:22 34
18:15:23 3
18:16:23 19
18:17:23 7
18:18:23 5
18:19:24 11
18:20:24 16
18:21:24 10
18:22:25 1
18:23:25 0
18:24:25 5
18:25:25 25
18:26:26 16
18:27:26 3
18:28:26 7
18:29:27 2
18:30:27 4
18:31:28 17
18:32:28 27
18:33:28 6
18:34:29 8
18:35:29 4
18:36:29 4
18:37:30 4
18:38:30 9
18:39:31 39
18:40:31 21
18:41:31 10
18:42:31 16
18:43:31 9
18:44:32 64
18:45:32 9
18:46:32 15
18:47:32 10
18:48:33 13
18:49:33 10
18:50:33 61
18:51:33 8
18:52:33 30
18:53:34 1
18:54:35 5
18:55:35 1
18:56:35 9
18:57:36 6
18:58:36 2
18:59:36 1
19:00:36 12
19:01:36 23
19:02:37 4
19:03:37 15
19:04:37 4
19:05:37 4
19:06:38 24
19:07:38 8
19:08:38 3
19:09:38 3
19:10:38 3
19:11:39 13
19:12:39 7
19:13:39 2
19:14:39 5
19:15:40 17
19:16:40 39
19:17:40 17
19:18:40 26
19:19:40 7
19:20:41 18
19:21:41 7
19:22:41 27
19:23:41 17
19:24:42 21
19:25:42 4
19:26:42 15
19:27:42 14
19:28:42 5
19:29:43 6
19:30:43 2
19:31:43 37
19:32:43 3
19:33:44 3
19:34:44 6
19:35:44 13
19:36:44 7
19:37:45 5
19:38:45 2
19:39:45 5
19:40:45 1
19:41:46 2
19:42:46 4
19:43:46 4
19:44:46 6
19:45:46 16
19:46:47 6
19:47:47 41
19:48:47 4
19:49:47 20
19:50:48 3
19:51:48 3
19:52:48 3
19:53:48 2
19:54:48 29
19:55:49 19
19:56:49 29
19:57:49 19
19:58:49 7
19:59:50 13
20:00:50 27
20:01:50 3
20:02:50 21
20:03:50 54
20:04:50 25
20:05:51 17
20:06:51 59
20:07:51 11
20:08:51 2
20:09:52 15
20:10:52 7
20:11:52 8
20:12:52 11
20:13:52 14
20:14:53 14
20:15:53 24
20:16:53 16
20:17:53 7
20:18:54 2
20:19:54 25
20:20:54 1
20:21:54 4
20:22:54 9
20:23:55 17
20:24:55 14
20:25:55 5
20:26:55 23
20:27:56 2
20:28:56 1
20:29:56 4
20:30:56 4
20:31:56 22
20:32:57 13
20:33:57 0
20:34:57 6
20:35:57 0
20:36:57 9
20:37:58 3
20:38:58 10
20:39:58 10
20:40:58 13
20:41:59 15
20:42:59 0
20:43:59 62
20:44:59 3
20:45:59 39
20:47:01 10
20:48:01 7
20:49:01 5
20:50:01 5
20:51:01 12
20:52:02 4
20:53:02 6
20:54:02 2
20:55:02 3
20:56:02 3
20:57:03 7
20:58:03 5
20:59:03 4
21:00:03 4
21:01:04 18
21:02:04 1
21:03:04 8
21:04:04 10
21:05:04 10
21:06:05 3
21:07:05 9
21:08:05 2
21:09:05 4
21:10:05 4
21:11:05 14
21:12:06 7
21:13:06 20
21:14:06 4
21:15:06 24
21:16:07 20
21:17:07 10
21:18:07 14
21:19:08 4
21:20:08 1
21:21:08 2
21:22:08 12
21:23:08 12
21:24:09 3
21:25:09 35
21:26:09 7
21:27:09 17
21:28:10 28
21:29:10 2
21:30:10 8
21:31:10 40
21:32:10 1
21:33:11 2
21:34:11 4
21:35:11 8
21:36:11 12
21:37:12 22
21:38:12 20
21:39:12 10
21:40:12 7
21:41:12 8
21:42:13 14
21:43:13 12
21:44:13 2
21:45:13 4
21:46:13 6
21:47:14 12
21:48:14 3
21:49:14 1
21:50:15 28
21:51:15 15
21:52:15 34
21:53:15 14
21:54:15 8
21:55:16 90
21:56:16 83
21:57:16 87
21:58:16 6
21:59:17 3
22:00:17 2
22:01:17 4
22:02:17 3
22:03:18 11
22:04:18 47
22:05:18 19
22:06:18 3
22:07:19 -1
22:08:20 10
22:09:19 15
22:10:19 1
22:11:20 4
22:12:20 14
22:13:20 4
22:14:20 15
22:15:21 5
22:16:21 4
22:17:21 22
22:18:22 14
22:19:22 0
22:20:22 -1
22:21:22 21
22:22:22 12
22:23:23 1
22:24:23 5
22:25:23 2
22:26:23 4
22:27:24 7
22:28:24 5
22:29:24 9
22:30:24 0
22:31:25 11
22:32:25 1
22:33:25 4
22:34:25 10
22:35:26 2
22:36:26 4
22:37:26 40
22:38:26 34
22:39:27 24
22:40:27 7
22:41:27 24
22:42:28 7
22:43:28 27
22:44:28 16
22:45:28 15
22:46:29 14
22:47:29 6
22:48:29 2
22:49:29 10
22:50:30 54
22:51:30 5
22:52:30 20
22:53:30 11
22:54:31 5
22:55:31 0
22:56:31 7
22:57:31 10
22:58:32 7
22:59:32 -1
23:00:32 3
23:01:33 11
23:02:33 3
23:03:33 5
23:04:33 11
23:05:34 7
23:06:34 3
23:07:34 2
23:08:34 9
23:09:35 3
23:10:35 4
23:11:35 4
23:12:35 14
23:13:36 8
23:14:36 10
23:15:36 10
23:16:36 22
23:17:37 20
23:18:37 6
23:19:37 7
23:20:37 6
23:21:38 12
23:22:38 10
23:23:38 8
23:24:38 4
23:25:39 17
23:26:42 8
23:27:39 14
23:28:39 4
23:29:40 3
23:30:40 3
23:31:40 4
23:32:41 1
23:33:41 10
23:34:41 8
23:35:41 4
23:36:42 5
23:37:42 5
23:38:42 6
23:39:43 2
23:40:43 4
23:41:43 4
23:42:44 11
23:43:44 7
23:44:44 2
23:45:45 13
23:46:45 4
23:47:46 9
23:48:46 4
23:49:47 3
23:50:48 67
23:51:48 0
23:52:48 14
23:53:49 21
23:54:49 0
23:55:51 5
23:56:50 2
23:57:51 7
23:58:51 5
23:59:51 13
